<?xml version="1.0" encoding="UTF-8"?>
<TestRun id="d98e0233-5a56-4921-b73a-0ed5e984cf9e" name="bacemi@ICSWS068 2016-08-04 09:56:20" runUser="ICORE\bacemi" xmlns="http://microsoft.com/schemas/VisualStudio/TeamTest/2010">
  <Times creation="2016-08-04T09:56:20.8479801+02:00" queuing="2016-08-04T09:56:20.8479801+02:00" start="2016-08-04T09:56:19.4736026+02:00" finish="2016-08-04T09:56:25.6654287+02:00" />
  <TestSettings name="default" id="26a4613f-f51f-467d-9fbd-4fc309d3a401">
    <Execution>
      <TestTypeSpecific />
    </Execution>
    <Deployment runDeploymentRoot="bacemi_ICSWS068 2016-08-04 09_56_20" />
    <Properties />
  </TestSettings>
  <Results>
    <UnitTestResult executionId="a5616576-e4a1-4bcf-98a2-5906a9c95d3f" testId="b6f84659-b077-6685-3645-fb94e19fd922" testName="IsBrowsableTest1" computerName="ICSWS068" duration="00:00:00.0152568" startTime="2016-08-04T09:56:19.4736026+02:00" endTime="2016-08-04T09:56:19.9840500+02:00" testType="13cdc9d9-ddb5-4fa4-a97d-d965ccfc6d4b" outcome="Passed" testListId="8c84fa94-04c1-424b-9868-57a2d4851a1d" relativeResultsDirectory="a5616576-e4a1-4bcf-98a2-5906a9c95d3f" />
    <UnitTestResult executionId="39a2e50d-2fdf-43dc-b900-bb757ff8c971" testId="3a52ff69-e00c-ef9c-7b64-44b5ea55b5e9" testName="IsBrowsableTest2" computerName="ICSWS068" duration="00:00:00.0032072" startTime="2016-08-04T09:56:19.9875523+02:00" endTime="2016-08-04T09:56:19.9930560+02:00" testType="13cdc9d9-ddb5-4fa4-a97d-d965ccfc6d4b" outcome="Passed" testListId="8c84fa94-04c1-424b-9868-57a2d4851a1d" relativeResultsDirectory="39a2e50d-2fdf-43dc-b900-bb757ff8c971" />
    <UnitTestResult executionId="e5d3f851-2870-4509-a353-7b187a9ddb23" testId="48610728-d627-01c0-f385-f3b2d5990ef4" testName="IsBrowsableTest3" computerName="ICSWS068" duration="00:00:00.0018328" startTime="2016-08-04T09:56:19.9960589+02:00" endTime="2016-08-04T09:56:19.9990603+02:00" testType="13cdc9d9-ddb5-4fa4-a97d-d965ccfc6d4b" outcome="Passed" testListId="8c84fa94-04c1-424b-9868-57a2d4851a1d" relativeResultsDirectory="e5d3f851-2870-4509-a353-7b187a9ddb23" />
    <UnitTestResult executionId="09917dd6-9d1f-40ab-933c-2637a6e43ea5" testId="5a61c0ec-ca78-9243-5e2d-87503d6c2702" testName="ImplementsTest1" computerName="ICSWS068" duration="00:00:00.0016870" startTime="2016-08-04T09:56:20.0015629+02:00" endTime="2016-08-04T09:56:20.0045643+02:00" testType="13cdc9d9-ddb5-4fa4-a97d-d965ccfc6d4b" outcome="Passed" testListId="8c84fa94-04c1-424b-9868-57a2d4851a1d" relativeResultsDirectory="09917dd6-9d1f-40ab-933c-2637a6e43ea5" />
    <UnitTestResult executionId="8e4ae7b8-61c9-4ae8-a600-d7e208baa19d" testId="cc963422-d493-7f82-2d55-144e571e70f7" testName="GetPropertyDecoratedWithTest5" computerName="ICSWS068" duration="00:00:00.2640278" startTime="2016-08-04T09:56:20.0075669+02:00" endTime="2016-08-04T09:56:20.2730025+02:00" testType="13cdc9d9-ddb5-4fa4-a97d-d965ccfc6d4b" outcome="Passed" testListId="8c84fa94-04c1-424b-9868-57a2d4851a1d" relativeResultsDirectory="8e4ae7b8-61c9-4ae8-a600-d7e208baa19d" />
    <UnitTestResult executionId="19b6dfb3-c925-4eca-8ce3-c9b747c2c385" testId="ad51a2ec-10d1-ac91-d63f-7632b2106a60" testName="GetPropertyDecoratedWithTest4" computerName="ICSWS068" duration="00:00:00.3217021" startTime="2016-08-04T09:56:20.2760045+02:00" endTime="2016-08-04T09:56:20.5987955+02:00" testType="13cdc9d9-ddb5-4fa4-a97d-d965ccfc6d4b" outcome="Passed" testListId="8c84fa94-04c1-424b-9868-57a2d4851a1d" relativeResultsDirectory="19b6dfb3-c925-4eca-8ce3-c9b747c2c385" />
    <UnitTestResult executionId="820e445a-c0cb-4925-af48-e810f8a2e54e" testId="4bc1432a-38cc-7d96-dab2-04c06c69b3ee" testName="GetPropertyDecoratedWithTest3" computerName="ICSWS068" duration="00:00:00.0043702" startTime="2016-08-04T09:56:20.6012972+02:00" endTime="2016-08-04T09:56:20.6073015+02:00" testType="13cdc9d9-ddb5-4fa4-a97d-d965ccfc6d4b" outcome="Passed" testListId="8c84fa94-04c1-424b-9868-57a2d4851a1d" relativeResultsDirectory="820e445a-c0cb-4925-af48-e810f8a2e54e" />
    <UnitTestResult executionId="f6d04d5b-6890-4b65-8909-bb536d56fb9c" testId="8b92c82e-d309-dc66-4cd0-41823801ad07" testName="GetPropertiesDecoratedWithTest1" computerName="ICSWS068" duration="00:00:00.1799171" startTime="2016-08-04T09:56:20.6108070+02:00" endTime="2016-08-04T09:56:20.7921204+02:00" testType="13cdc9d9-ddb5-4fa4-a97d-d965ccfc6d4b" outcome="Passed" testListId="8c84fa94-04c1-424b-9868-57a2d4851a1d" relativeResultsDirectory="f6d04d5b-6890-4b65-8909-bb536d56fb9c" />
    <UnitTestResult executionId="d5b2688b-7d9a-47b4-9137-f27d943ab990" testId="00e5d91a-e505-2824-c5c4-e81796037524" testName="GetPropertiesDecoratedWithTest2" computerName="ICSWS068" duration="00:00:00.0042330" startTime="2016-08-04T09:56:20.7966250+02:00" endTime="2016-08-04T09:56:20.8016293+02:00" testType="13cdc9d9-ddb5-4fa4-a97d-d965ccfc6d4b" outcome="Passed" testListId="8c84fa94-04c1-424b-9868-57a2d4851a1d" relativeResultsDirectory="d5b2688b-7d9a-47b4-9137-f27d943ab990" />
    <UnitTestResult executionId="e939d2da-ad4f-4907-ae77-e037056c4595" testId="259f1303-78b4-b140-fdd9-698134177790" testName="GetPropertiesDecoratedWithTest3" computerName="ICSWS068" duration="00:00:00.1964763" startTime="2016-08-04T09:56:20.8048293+02:00" endTime="2016-08-04T09:56:21.0033118+02:00" testType="13cdc9d9-ddb5-4fa4-a97d-d965ccfc6d4b" outcome="Passed" testListId="8c84fa94-04c1-424b-9868-57a2d4851a1d" relativeResultsDirectory="e939d2da-ad4f-4907-ae77-e037056c4595" />
    <UnitTestResult executionId="40af5dce-165f-418b-b53b-6e0f77fc9ea6" testId="47e75695-2bb9-9c09-8d5c-a979787dde18" testName="GetPropertiesDecoratedWithTest4" computerName="ICSWS068" duration="00:00:00.1888240" startTime="2016-08-04T09:56:21.0068141+02:00" endTime="2016-08-04T09:56:21.1975364+02:00" testType="13cdc9d9-ddb5-4fa4-a97d-d965ccfc6d4b" outcome="Passed" testListId="8c84fa94-04c1-424b-9868-57a2d4851a1d" relativeResultsDirectory="40af5dce-165f-418b-b53b-6e0f77fc9ea6" />
    <UnitTestResult executionId="0f4347f4-e73d-464f-bc9b-c3fe33d778cc" testId="a6743f5a-fcae-921f-2c90-fcb37bc4468d" testName="VerticesTest" computerName="ICSWS068" duration="00:00:00.0085147" startTime="2016-08-04T09:56:21.2000395+02:00" endTime="2016-08-04T09:56:21.2105464+02:00" testType="13cdc9d9-ddb5-4fa4-a97d-d965ccfc6d4b" outcome="Passed" testListId="8c84fa94-04c1-424b-9868-57a2d4851a1d" relativeResultsDirectory="0f4347f4-e73d-464f-bc9b-c3fe33d778cc" />
    <UnitTestResult executionId="ed537c70-6385-4353-a55b-89cbb25973fd" testId="24b1d80e-9e29-1591-f3a8-8199304a6aab" testName="VertexCountTest" computerName="ICSWS068" duration="00:00:00.0009721" startTime="2016-08-04T09:56:21.2130537+02:00" endTime="2016-08-04T09:56:21.2155551+02:00" testType="13cdc9d9-ddb5-4fa4-a97d-d965ccfc6d4b" outcome="Passed" testListId="8c84fa94-04c1-424b-9868-57a2d4851a1d" relativeResultsDirectory="ed537c70-6385-4353-a55b-89cbb25973fd" />
    <UnitTestResult executionId="d7532beb-efab-425f-bc86-11c74680ec30" testId="680de435-137a-7950-7e90-63bff8fbc3cd" testName="EdgesTest" computerName="ICSWS068" duration="00:00:00.0130700" startTime="2016-08-04T09:56:21.2185562+02:00" endTime="2016-08-04T09:56:21.2330695+02:00" testType="13cdc9d9-ddb5-4fa4-a97d-d965ccfc6d4b" outcome="Passed" testListId="8c84fa94-04c1-424b-9868-57a2d4851a1d" relativeResultsDirectory="d7532beb-efab-425f-bc86-11c74680ec30" />
    <UnitTestResult executionId="72fdfb2d-be77-475a-9613-1e76173deeb5" testId="c2e48f0d-f156-ec8f-2bbe-2f701258bdc0" testName="TryGetVertexTest" computerName="ICSWS068" duration="00:00:00.0011366" startTime="2016-08-04T09:56:21.2360712+02:00" endTime="2016-08-04T09:56:21.2385735+02:00" testType="13cdc9d9-ddb5-4fa4-a97d-d965ccfc6d4b" outcome="Passed" testListId="8c84fa94-04c1-424b-9868-57a2d4851a1d" relativeResultsDirectory="72fdfb2d-be77-475a-9613-1e76173deeb5" />
    <UnitTestResult executionId="b5125bf2-3f95-41e8-9b56-7e55931dcaed" testId="09e3efc3-1a22-65a8-d7ec-e10e49a8fa3a" testName="GetVertexTest" computerName="ICSWS068" duration="00:00:00.0017495" startTime="2016-08-04T09:56:21.2410752+02:00" endTime="2016-08-04T09:56:21.2449335+02:00" testType="13cdc9d9-ddb5-4fa4-a97d-d965ccfc6d4b" outcome="Passed" testListId="8c84fa94-04c1-424b-9868-57a2d4851a1d" relativeResultsDirectory="b5125bf2-3f95-41e8-9b56-7e55931dcaed" />
    <UnitTestResult executionId="8f9e3541-ac6f-4121-930d-67387e9196eb" testId="6fd82384-5c4b-78fd-e0f9-1b5e8cf242d0" testName="GetNonExistingVertexTest" computerName="ICSWS068" duration="00:00:00.0034650" startTime="2016-08-04T09:56:21.2474349+02:00" endTime="2016-08-04T09:56:21.2524413+02:00" testType="13cdc9d9-ddb5-4fa4-a97d-d965ccfc6d4b" outcome="Passed" testListId="8c84fa94-04c1-424b-9868-57a2d4851a1d" relativeResultsDirectory="8f9e3541-ac6f-4121-930d-67387e9196eb" />
    <UnitTestResult executionId="8906708d-8500-4f96-b8b1-d630b61871f5" testId="b1c3144d-3e51-b1ab-54c2-6818dc7155a0" testName="RemoveVertexTest" computerName="ICSWS068" duration="00:00:00.0019823" startTime="2016-08-04T09:56:21.2554430+02:00" endTime="2016-08-04T09:56:21.2584453+02:00" testType="13cdc9d9-ddb5-4fa4-a97d-d965ccfc6d4b" outcome="Passed" testListId="8c84fa94-04c1-424b-9868-57a2d4851a1d" relativeResultsDirectory="8906708d-8500-4f96-b8b1-d630b61871f5" />
    <UnitTestResult executionId="86ea6473-6563-4045-8f32-a20ce5e1460f" testId="d662d3e8-955c-9722-3556-048dd7ef3c94" testName="RemoveNonExistingVertexTest" computerName="ICSWS068" duration="00:00:00.0006190" startTime="2016-08-04T09:56:21.2614473+02:00" endTime="2016-08-04T09:56:21.2634490+02:00" testType="13cdc9d9-ddb5-4fa4-a97d-d965ccfc6d4b" outcome="Passed" testListId="8c84fa94-04c1-424b-9868-57a2d4851a1d" relativeResultsDirectory="86ea6473-6563-4045-8f32-a20ce5e1460f" />
    <UnitTestResult executionId="6156b97f-75b2-4681-9fd6-2b7f9bcabe08" testId="afe74d43-1a7a-26f1-ad7e-028f4cf4546b" testName="HasReferrersTest" computerName="ICSWS068" duration="00:00:00.0013152" startTime="2016-08-04T09:56:21.2664507+02:00" endTime="2016-08-04T09:56:21.2694533+02:00" testType="13cdc9d9-ddb5-4fa4-a97d-d965ccfc6d4b" outcome="Passed" testListId="8c84fa94-04c1-424b-9868-57a2d4851a1d" relativeResultsDirectory="6156b97f-75b2-4681-9fd6-2b7f9bcabe08" />
    <UnitTestResult executionId="f081b2a5-45cc-4a35-9ff0-3b2cf34e0883" testId="d7833415-c29c-f62e-7484-35224d5453b5" testName="HasRefereesTest" computerName="ICSWS068" duration="00:00:00.0013348" startTime="2016-08-04T09:56:21.2719562+02:00" endTime="2016-08-04T09:56:21.2749573+02:00" testType="13cdc9d9-ddb5-4fa4-a97d-d965ccfc6d4b" outcome="Passed" testListId="8c84fa94-04c1-424b-9868-57a2d4851a1d" relativeResultsDirectory="f081b2a5-45cc-4a35-9ff0-3b2cf34e0883" />
    <UnitTestResult executionId="9eae4db8-eefb-4a3d-95b1-3b4eda3c82ff" testId="b3399b31-c122-c903-288f-41611da08c62" testName="GetToplogicalOrderTest" computerName="ICSWS068" duration="00:00:00.0059667" startTime="2016-08-04T09:56:21.2779593+02:00" endTime="2016-08-04T09:56:21.2849642+02:00" testType="13cdc9d9-ddb5-4fa4-a97d-d965ccfc6d4b" outcome="Passed" testListId="8c84fa94-04c1-424b-9868-57a2d4851a1d" relativeResultsDirectory="9eae4db8-eefb-4a3d-95b1-3b4eda3c82ff" />
    <UnitTestResult executionId="dcefc9e1-3413-449f-b4cb-a6c8e99796ff" testId="bf29564d-2d6f-8c6a-2f2c-57ca176934af" testName="GetReverseToplogicalOrderTest" computerName="ICSWS068" duration="00:00:00.0019096" startTime="2016-08-04T09:56:21.2879665+02:00" endTime="2016-08-04T09:56:21.2914697+02:00" testType="13cdc9d9-ddb5-4fa4-a97d-d965ccfc6d4b" outcome="Passed" testListId="8c84fa94-04c1-424b-9868-57a2d4851a1d" relativeResultsDirectory="dcefc9e1-3413-449f-b4cb-a6c8e99796ff" />
    <UnitTestResult executionId="b341828c-9a66-4a6e-adf9-583e92de111a" testId="3d0ed7f1-0ea6-4539-c6cc-2fc403f29cba" testName="GetDirectReferrersOfTest" computerName="ICSWS068" duration="00:00:00.0016888" startTime="2016-08-04T09:56:21.2939042+02:00" endTime="2016-08-04T09:56:21.2969224+02:00" testType="13cdc9d9-ddb5-4fa4-a97d-d965ccfc6d4b" outcome="Passed" testListId="8c84fa94-04c1-424b-9868-57a2d4851a1d" relativeResultsDirectory="b341828c-9a66-4a6e-adf9-583e92de111a" />
    <UnitTestResult executionId="bf194a41-78c3-43d8-9ead-4bcec30f416f" testId="2fefdcaa-26d3-68ba-a21e-99b2a579cee5" testName="GetDirectRefereesOfTest" computerName="ICSWS068" duration="00:00:00.0016967" startTime="2016-08-04T09:56:21.2999085+02:00" endTime="2016-08-04T09:56:21.3029149+02:00" testType="13cdc9d9-ddb5-4fa4-a97d-d965ccfc6d4b" outcome="Passed" testListId="8c84fa94-04c1-424b-9868-57a2d4851a1d" relativeResultsDirectory="bf194a41-78c3-43d8-9ead-4bcec30f416f" />
    <UnitTestResult executionId="3e0895ee-ffd9-4ecb-8cd5-56d0b7c1e661" testId="6c16867a-53b0-9091-2c2f-00aa5af20980" testName="GetAdjacentReferrersTest" computerName="ICSWS068" duration="00:00:00.0024471" startTime="2016-08-04T09:56:21.3054158+02:00" endTime="2016-08-04T09:56:21.3094345+02:00" testType="13cdc9d9-ddb5-4fa4-a97d-d965ccfc6d4b" outcome="Passed" testListId="8c84fa94-04c1-424b-9868-57a2d4851a1d" relativeResultsDirectory="3e0895ee-ffd9-4ecb-8cd5-56d0b7c1e661" />
    <UnitTestResult executionId="64d29950-ea63-44e1-887d-ed84789902a1" testId="372cca2a-838c-f747-de17-f782124fff32" testName="GetAdjacentRefereesTest" computerName="ICSWS068" duration="00:00:00.0027882" startTime="2016-08-04T09:56:21.3124233+02:00" endTime="2016-08-04T09:56:21.3164411+02:00" testType="13cdc9d9-ddb5-4fa4-a97d-d965ccfc6d4b" outcome="Passed" testListId="8c84fa94-04c1-424b-9868-57a2d4851a1d" relativeResultsDirectory="64d29950-ea63-44e1-887d-ed84789902a1" />
    <UnitTestResult executionId="e325feb7-1674-4687-b5fb-cdfe81bd22f8" testId="9cc1a8df-4b86-8bdd-3545-f18bdbea4087" testName="ContainsDependencyTest" computerName="ICSWS068" duration="00:00:00.0031615" startTime="2016-08-04T09:56:21.3189290+02:00" endTime="2016-08-04T09:56:21.3234313+02:00" testType="13cdc9d9-ddb5-4fa4-a97d-d965ccfc6d4b" outcome="Passed" testListId="8c84fa94-04c1-424b-9868-57a2d4851a1d" relativeResultsDirectory="e325feb7-1674-4687-b5fb-cdfe81bd22f8" />
    <UnitTestResult executionId="78359fd8-da7d-4aec-853c-23c021ec7756" testId="2b9b3b11-b42c-fade-302d-7b12872d8eb4" testName="ClearTest" computerName="ICSWS068" duration="00:00:00.0015433" startTime="2016-08-04T09:56:21.3264330+02:00" endTime="2016-08-04T09:56:21.3294535+02:00" testType="13cdc9d9-ddb5-4fa4-a97d-d965ccfc6d4b" outcome="Passed" testListId="8c84fa94-04c1-424b-9868-57a2d4851a1d" relativeResultsDirectory="78359fd8-da7d-4aec-853c-23c021ec7756" />
    <UnitTestResult executionId="03207c7b-3a9f-4450-ab75-f14e5ecd05be" testId="37636cde-18ec-ff48-211b-1c7ee8d18b92" testName="AddVertexFailureTest" computerName="ICSWS068" duration="00:00:00.0006011" startTime="2016-08-04T09:56:21.3314537+02:00" endTime="2016-08-04T09:56:21.3333930+02:00" testType="13cdc9d9-ddb5-4fa4-a97d-d965ccfc6d4b" outcome="Passed" testListId="8c84fa94-04c1-424b-9868-57a2d4851a1d" relativeResultsDirectory="03207c7b-3a9f-4450-ab75-f14e5ecd05be" />
    <UnitTestResult executionId="64a461f5-7dfa-4f1f-bdb7-8df7c44cf584" testId="1bebd7cf-d3aa-7268-1c9f-c1b5c4f641db" testName="GetSubgraphWithRefereesOfTest" computerName="ICSWS068" duration="00:00:00.0074021" startTime="2016-08-04T09:56:21.3358944+02:00" endTime="2016-08-04T09:56:21.3448397+02:00" testType="13cdc9d9-ddb5-4fa4-a97d-d965ccfc6d4b" outcome="Passed" testListId="8c84fa94-04c1-424b-9868-57a2d4851a1d" relativeResultsDirectory="64a461f5-7dfa-4f1f-bdb7-8df7c44cf584" />
    <UnitTestResult executionId="d487213a-f59c-4be1-a937-907853861f9c" testId="2c2f55a1-9922-2ef1-7963-0bdff103a251" testName="GetSubgraphWithReferrersOfTest" computerName="ICSWS068" duration="00:00:00.0037210" startTime="2016-08-04T09:56:21.3478247+02:00" endTime="2016-08-04T09:56:21.3523463+02:00" testType="13cdc9d9-ddb5-4fa4-a97d-d965ccfc6d4b" outcome="Passed" testListId="8c84fa94-04c1-424b-9868-57a2d4851a1d" relativeResultsDirectory="d487213a-f59c-4be1-a937-907853861f9c" />
    <UnitTestResult executionId="c7776596-0396-43e7-92a3-c13036c90a47" testId="6c625d02-a738-8bd5-4463-bd914d68538b" testName="RemoveVertexWithRefereesTest" computerName="ICSWS068" duration="00:00:00.0026700" startTime="2016-08-04T09:56:21.3558328+02:00" endTime="2016-08-04T09:56:21.3598368+02:00" testType="13cdc9d9-ddb5-4fa4-a97d-d965ccfc6d4b" outcome="Passed" testListId="8c84fa94-04c1-424b-9868-57a2d4851a1d" relativeResultsDirectory="c7776596-0396-43e7-92a3-c13036c90a47" />
    <UnitTestResult executionId="5ab9dcc8-43c9-4bf5-8b84-a375e64de7ee" testId="e23a1abe-29ea-985a-4aa8-a3f727b907a1" testName="RemoveDependencyTest" computerName="ICSWS068" duration="00:00:00.0066394" startTime="2016-08-04T09:56:21.3623547+02:00" endTime="2016-08-04T09:56:21.3703598+02:00" testType="13cdc9d9-ddb5-4fa4-a97d-d965ccfc6d4b" outcome="Passed" testListId="8c84fa94-04c1-424b-9868-57a2d4851a1d" relativeResultsDirectory="5ab9dcc8-43c9-4bf5-8b84-a375e64de7ee">
      <Output>
        <StdOut>Debug Trace:
Removing edge from 1 to 1 =&gt; False
Removing edge from 1 to 2 =&gt; True
Removing edge from 1 to 3 =&gt; True
Removing edge from 1 to 4 =&gt; True
Removing edge from 1 to 5 =&gt; False
Removing edge from 1 to 6 =&gt; False
Removing edge from 1 to 7 =&gt; False
Removing edge from 1 to 8 =&gt; True
Removing edge from 1 to 9 =&gt; False
Removing edge from 1 to 10 =&gt; False
Removing edge from 1 to 11 =&gt; False
Removing edge from 2 to 1 =&gt; False
Removing edge from 2 to 2 =&gt; False
Removing edge from 2 to 3 =&gt; False
Removing edge from 2 to 4 =&gt; False
Removing edge from 2 to 5 =&gt; True
Removing edge from 2 to 6 =&gt; False
Removing edge from 2 to 7 =&gt; False
Removing edge from 2 to 8 =&gt; False
Removing edge from 2 to 9 =&gt; True
Removing edge from 2 to 10 =&gt; False
Removing edge from 2 to 11 =&gt; False
Removing edge from 3 to 1 =&gt; False
Removing edge from 3 to 2 =&gt; False
Removing edge from 3 to 3 =&gt; False
Removing edge from 3 to 4 =&gt; False
Removing edge from 3 to 5 =&gt; True
Removing edge from 3 to 6 =&gt; False
Removing edge from 3 to 7 =&gt; False
Removing edge from 3 to 8 =&gt; False
Removing edge from 3 to 9 =&gt; False
Removing edge from 3 to 10 =&gt; False
Removing edge from 3 to 11 =&gt; False
Removing edge from 4 to 1 =&gt; False
Removing edge from 4 to 2 =&gt; False
Removing edge from 4 to 3 =&gt; False
Removing edge from 4 to 4 =&gt; False
Removing edge from 4 to 5 =&gt; True
Removing edge from 4 to 6 =&gt; True
Removing edge from 4 to 7 =&gt; False
Removing edge from 4 to 8 =&gt; False
Removing edge from 4 to 9 =&gt; False
Removing edge from 4 to 10 =&gt; False
Removing edge from 4 to 11 =&gt; False
Removing edge from 5 to 1 =&gt; False
Removing edge from 5 to 2 =&gt; False
Removing edge from 5 to 3 =&gt; False
Removing edge from 5 to 4 =&gt; False
Removing edge from 5 to 5 =&gt; False
Removing edge from 5 to 6 =&gt; False
Removing edge from 5 to 7 =&gt; True
Removing edge from 5 to 8 =&gt; False
Removing edge from 5 to 9 =&gt; False
Removing edge from 5 to 10 =&gt; False
Removing edge from 5 to 11 =&gt; True
Removing edge from 6 to 1 =&gt; False
Removing edge from 6 to 2 =&gt; False
Removing edge from 6 to 3 =&gt; False
Removing edge from 6 to 4 =&gt; False
Removing edge from 6 to 5 =&gt; False
Removing edge from 6 to 6 =&gt; False
Removing edge from 6 to 7 =&gt; True
Removing edge from 6 to 8 =&gt; False
Removing edge from 6 to 9 =&gt; False
Removing edge from 6 to 10 =&gt; False
Removing edge from 6 to 11 =&gt; False
Removing edge from 7 to 1 =&gt; False
Removing edge from 7 to 2 =&gt; False
Removing edge from 7 to 3 =&gt; False
Removing edge from 7 to 4 =&gt; False
Removing edge from 7 to 5 =&gt; False
Removing edge from 7 to 6 =&gt; False
Removing edge from 7 to 7 =&gt; False
Removing edge from 7 to 8 =&gt; False
Removing edge from 7 to 9 =&gt; False
Removing edge from 7 to 10 =&gt; False
Removing edge from 7 to 11 =&gt; True
Removing edge from 8 to 1 =&gt; False
Removing edge from 8 to 2 =&gt; False
Removing edge from 8 to 3 =&gt; False
Removing edge from 8 to 4 =&gt; True
Removing edge from 8 to 5 =&gt; False
Removing edge from 8 to 6 =&gt; True
Removing edge from 8 to 7 =&gt; True
Removing edge from 8 to 8 =&gt; False
Removing edge from 8 to 9 =&gt; False
Removing edge from 8 to 10 =&gt; False
Removing edge from 8 to 11 =&gt; False
Removing edge from 9 to 1 =&gt; False
Removing edge from 9 to 2 =&gt; False
Removing edge from 9 to 3 =&gt; False
Removing edge from 9 to 4 =&gt; False
Removing edge from 9 to 5 =&gt; False
Removing edge from 9 to 6 =&gt; False
Removing edge from 9 to 7 =&gt; False
Removing edge from 9 to 8 =&gt; False
Removing edge from 9 to 9 =&gt; False
Removing edge from 9 to 10 =&gt; False
Removing edge from 9 to 11 =&gt; True
Removing edge from 10 to 1 =&gt; False
Removing edge from 10 to 2 =&gt; False
Removing edge from 10 to 3 =&gt; False
Removing edge from 10 to 4 =&gt; False
Removing edge from 10 to 5 =&gt; False
Removing edge from 10 to 6 =&gt; False
Removing edge from 10 to 7 =&gt; False
Removing edge from 10 to 8 =&gt; False
Removing edge from 10 to 9 =&gt; True
Removing edge from 10 to 10 =&gt; False
Removing edge from 10 to 11 =&gt; False
Removing edge from 11 to 1 =&gt; False
Removing edge from 11 to 2 =&gt; False
Removing edge from 11 to 3 =&gt; False
Removing edge from 11 to 4 =&gt; False
Removing edge from 11 to 5 =&gt; False
Removing edge from 11 to 6 =&gt; False
Removing edge from 11 to 7 =&gt; False
Removing edge from 11 to 8 =&gt; False
Removing edge from 11 to 9 =&gt; False
Removing edge from 11 to 10 =&gt; False
Removing edge from 11 to 11 =&gt; False</StdOut>
      </Output>
    </UnitTestResult>
    <UnitTestResult executionId="fb459832-7a33-4d2c-99eb-2a6c7b1ffcac" testId="352a4006-8d39-8e2e-e9c2-944f16c375b2" testName="AddVertexWithReferrersFromTest" computerName="ICSWS068" duration="00:00:00.0023415" startTime="2016-08-04T09:56:21.3733621+02:00" endTime="2016-08-04T09:56:21.3773623+02:00" testType="13cdc9d9-ddb5-4fa4-a97d-d965ccfc6d4b" outcome="Passed" testListId="8c84fa94-04c1-424b-9868-57a2d4851a1d" relativeResultsDirectory="fb459832-7a33-4d2c-99eb-2a6c7b1ffcac" />
    <UnitTestResult executionId="9b56f5c8-7428-4538-9255-56b19206c8d6" testId="ed5ddf2f-0b88-ba43-07a5-1633c4005b33" testName="AddVertexWithRefereesFromTest" computerName="ICSWS068" duration="00:00:00.0023624" startTime="2016-08-04T09:56:21.3798670+02:00" endTime="2016-08-04T09:56:21.3835086+02:00" testType="13cdc9d9-ddb5-4fa4-a97d-d965ccfc6d4b" outcome="Passed" testListId="8c84fa94-04c1-424b-9868-57a2d4851a1d" relativeResultsDirectory="9b56f5c8-7428-4538-9255-56b19206c8d6" />
    <UnitTestResult executionId="ba3470e0-0f24-419c-93c0-3d8047566eac" testId="e3552598-8b87-782c-91e1-8b94df654005" testName="MappedProperty_GetCustomAttributesTest2" computerName="ICSWS068" duration="00:00:00.0043849" startTime="2016-08-04T09:56:21.3865112+02:00" endTime="2016-08-04T09:56:21.3915149+02:00" testType="13cdc9d9-ddb5-4fa4-a97d-d965ccfc6d4b" outcome="Passed" testListId="8c84fa94-04c1-424b-9868-57a2d4851a1d" relativeResultsDirectory="ba3470e0-0f24-419c-93c0-3d8047566eac" />
    <UnitTestResult executionId="e486cae0-204e-48f5-9025-08d3e7fc1d71" testId="ab68c9ec-fd01-8c35-56b5-b6ed5f049825" testName="TryReplaceXamlTypeName_TypeNameExistsAsTypeArgument_ReplacementsAreMade" computerName="ICSWS068" duration="00:00:00.0103287" startTime="2016-08-04T09:56:21.3950119+02:00" endTime="2016-08-04T09:56:21.4068275+02:00" testType="13cdc9d9-ddb5-4fa4-a97d-d965ccfc6d4b" outcome="Passed" testListId="8c84fa94-04c1-424b-9868-57a2d4851a1d" relativeResultsDirectory="e486cae0-204e-48f5-9025-08d3e7fc1d71" />
    <UnitTestResult executionId="2533544d-3c46-464e-abbc-d74ec573fc76" testId="07f68a80-3eeb-31a1-cb33-9f5217ca30a8" testName="TryReplaceXamlTypeName_SearchStringNotFound_ReturnsFalse" computerName="ICSWS068" duration="00:00:00.0003214" startTime="2016-08-04T09:56:21.4108143+02:00" endTime="2016-08-04T09:56:21.4122969+02:00" testType="13cdc9d9-ddb5-4fa4-a97d-d965ccfc6d4b" outcome="Passed" testListId="8c84fa94-04c1-424b-9868-57a2d4851a1d" relativeResultsDirectory="2533544d-3c46-464e-abbc-d74ec573fc76" />
    <UnitTestResult executionId="ae70a034-9c1e-44c7-9ad4-9b7263c5fa89" testId="34b301d3-2437-2176-6904-040fff0417db" testName="Test" computerName="ICSWS068" duration="00:00:00.0439033" startTime="2016-08-04T09:56:21.4148022+02:00" endTime="2016-08-04T09:56:21.4608248+02:00" testType="13cdc9d9-ddb5-4fa4-a97d-d965ccfc6d4b" outcome="Passed" testListId="8c84fa94-04c1-424b-9868-57a2d4851a1d" relativeResultsDirectory="ae70a034-9c1e-44c7-9ad4-9b7263c5fa89" />
    <UnitTestResult executionId="ad617db7-a385-4ab4-aa18-aeea9a170c94" testId="0217f485-3542-dd44-a2da-1999102f261f" testName="AddOrUpdateNodeAttributeValues_NormalExecutionAllArgumentsSet_Success" computerName="ICSWS068" duration="00:00:00.3732844" startTime="2016-08-04T09:56:21.4638257+02:00" endTime="2016-08-04T09:56:21.8388102+02:00" testType="13cdc9d9-ddb5-4fa4-a97d-d965ccfc6d4b" outcome="Passed" testListId="8c84fa94-04c1-424b-9868-57a2d4851a1d" relativeResultsDirectory="ad617db7-a385-4ab4-aa18-aeea9a170c94" />
    <UnitTestResult executionId="1ac56e4e-35e5-40df-8bf6-3c0577a0f87f" testId="877ec447-43ef-69e3-6112-69e4ad3f86ab" testName="AddOrUpdateNodeAttributeValues_ExistingNodeAttributeOverwrite_Success" computerName="ICSWS068" duration="00:00:00.0127378" startTime="2016-08-04T09:56:21.8418140+02:00" endTime="2016-08-04T09:56:21.8563451+02:00" testType="13cdc9d9-ddb5-4fa4-a97d-d965ccfc6d4b" outcome="Passed" testListId="8c84fa94-04c1-424b-9868-57a2d4851a1d" relativeResultsDirectory="1ac56e4e-35e5-40df-8bf6-3c0577a0f87f" />
    <UnitTestResult executionId="64511b77-47f5-4ab5-bd17-cc65431d1d22" testId="6febdd20-524c-318a-6901-034293df3a1a" testName="AddOrUpdateNodeAttributeValues_AddExistingAttributeToNode_Success" computerName="ICSWS068" duration="00:00:00.0038738" startTime="2016-08-04T09:56:21.8588629+02:00" endTime="2016-08-04T09:56:21.8643511+02:00" testType="13cdc9d9-ddb5-4fa4-a97d-d965ccfc6d4b" outcome="Passed" testListId="8c84fa94-04c1-424b-9868-57a2d4851a1d" relativeResultsDirectory="64511b77-47f5-4ab5-bd17-cc65431d1d22" />
    <UnitTestResult executionId="6cc84bdb-ea06-45af-955a-3ed40e70f7f4" testId="cbf43049-b318-b111-1d08-9d97e8bd4615" testName="AddOrUpdateNodeAttributeValues_ExistingNodeAttributeTypeOptionGenerateError_ThrowsException" computerName="ICSWS068" duration="00:00:00.0025987" startTime="2016-08-04T09:56:21.8673531+02:00" endTime="2016-08-04T09:56:21.8708727+02:00" testType="13cdc9d9-ddb5-4fa4-a97d-d965ccfc6d4b" outcome="Passed" testListId="8c84fa94-04c1-424b-9868-57a2d4851a1d" relativeResultsDirectory="6cc84bdb-ea06-45af-955a-3ed40e70f7f4" />
    <UnitTestResult executionId="e62cd4f4-6df6-4057-a387-1a1f117c4462" testId="1c0337aa-d00c-a66e-50d2-212159dade8f" testName="AddOrUpdateNodeAttributeValues_NonExistingNodeAttributeTypeOptionGenerateError_ThrowsException" computerName="ICSWS068" duration="00:00:00.0022867" startTime="2016-08-04T09:56:21.8738771+02:00" endTime="2016-08-04T09:56:21.8773779+02:00" testType="13cdc9d9-ddb5-4fa4-a97d-d965ccfc6d4b" outcome="Passed" testListId="8c84fa94-04c1-424b-9868-57a2d4851a1d" relativeResultsDirectory="e62cd4f4-6df6-4057-a387-1a1f117c4462" />
    <UnitTestResult executionId="b1916054-1c2b-40db-abf7-9c04df11f691" testId="4eb340ba-4d04-f0d2-3725-8869d87ef718" testName="AddOrUpdateNodeAttributeValues_NodeDoesNotExist_ThrowsException" computerName="ICSWS068" duration="00:00:00.0095106" startTime="2016-08-04T09:56:21.8803623+02:00" endTime="2016-08-04T09:56:21.8913741+02:00" testType="13cdc9d9-ddb5-4fa4-a97d-d965ccfc6d4b" outcome="Passed" testListId="8c84fa94-04c1-424b-9868-57a2d4851a1d" relativeResultsDirectory="b1916054-1c2b-40db-abf7-9c04df11f691" />
    <UnitTestResult executionId="8f2a1e13-3b2b-4a45-8c6d-419f2e265990" testId="e24e0d36-0f5f-924f-2236-989d8500e6ba" testName="Add_IEntity_ThrowsNotSupported" computerName="ICSWS068" duration="00:00:00.0465616" startTime="2016-08-04T09:56:21.8941978+02:00" endTime="2016-08-04T09:56:21.9424656+02:00" testType="13cdc9d9-ddb5-4fa4-a97d-d965ccfc6d4b" outcome="Passed" testListId="8c84fa94-04c1-424b-9868-57a2d4851a1d" relativeResultsDirectory="8f2a1e13-3b2b-4a45-8c6d-419f2e265990" />
    <UnitTestResult executionId="23a899d7-3784-4137-8f43-c4fa3786e94c" testId="42d372a0-4241-3ff7-00f9-b83f3b8d36d1" testName="Update_IEntity_ThrowsNotSupported" computerName="ICSWS068" duration="00:00:00.0018621" startTime="2016-08-04T09:56:21.9454670+02:00" endTime="2016-08-04T09:56:21.9484702+02:00" testType="13cdc9d9-ddb5-4fa4-a97d-d965ccfc6d4b" outcome="Passed" testListId="8c84fa94-04c1-424b-9868-57a2d4851a1d" relativeResultsDirectory="23a899d7-3784-4137-8f43-c4fa3786e94c" />
    <UnitTestResult executionId="7838d1d2-c902-4940-9171-2584423b991f" testId="c08c894d-98f8-0b2b-11c7-81c5283b0865" testName="Delete_IEntity_ThrowsNotSupported" computerName="ICSWS068" duration="00:00:00.0017603" startTime="2016-08-04T09:56:21.9514713+02:00" endTime="2016-08-04T09:56:21.9544745+02:00" testType="13cdc9d9-ddb5-4fa4-a97d-d965ccfc6d4b" outcome="Passed" testListId="8c84fa94-04c1-424b-9868-57a2d4851a1d" relativeResultsDirectory="7838d1d2-c902-4940-9171-2584423b991f" />
    <UnitTestResult executionId="723bfdbc-98db-41bc-80d7-d1617d09c3c6" testId="32ea10d2-cce4-4197-8948-2b2049ef79dc" testName="Add_WrongEntityType_ThrowsArgumentException" computerName="ICSWS068" duration="00:00:00.0625061" startTime="2016-08-04T09:56:21.9574771+02:00" endTime="2016-08-04T09:56:22.0214103+02:00" testType="13cdc9d9-ddb5-4fa4-a97d-d965ccfc6d4b" outcome="Passed" testListId="8c84fa94-04c1-424b-9868-57a2d4851a1d" relativeResultsDirectory="723bfdbc-98db-41bc-80d7-d1617d09c3c6" />
    <UnitTestResult executionId="b9e3bd35-cedf-441b-b9fd-d7dcdc7e403b" testId="3f899137-10f7-0017-4ccd-8948e5d6697a" testName="Update_WrongEntityType_ThrowsArgumentException" computerName="ICSWS068" duration="00:00:00.0011982" startTime="2016-08-04T09:56:22.0244126+02:00" endTime="2016-08-04T09:56:22.0279152+02:00" testType="13cdc9d9-ddb5-4fa4-a97d-d965ccfc6d4b" outcome="Passed" testListId="8c84fa94-04c1-424b-9868-57a2d4851a1d" relativeResultsDirectory="b9e3bd35-cedf-441b-b9fd-d7dcdc7e403b" />
    <UnitTestResult executionId="b1cdf5b0-e493-4595-a4f9-424798a85cae" testId="15ed63c0-1e26-736e-8ff9-a7891b76600c" testName="Delete_WrongEntityType_ThrowsArgumentException" computerName="ICSWS068" duration="00:00:00.0010357" startTime="2016-08-04T09:56:22.0314175+02:00" endTime="2016-08-04T09:56:22.0344198+02:00" testType="13cdc9d9-ddb5-4fa4-a97d-d965ccfc6d4b" outcome="Passed" testListId="8c84fa94-04c1-424b-9868-57a2d4851a1d" relativeResultsDirectory="b1cdf5b0-e493-4595-a4f9-424798a85cae" />
    <UnitTestResult executionId="255e093b-36aa-4493-b8e6-33df7ff3ddb0" testId="f6d77d6c-6ec6-62d3-7eee-aaa85c1aa32e" testName="EntityReflectionType_InvokingGetFrom_InheritedInterfaceIsReturned" computerName="ICSWS068" duration="00:00:00.0040081" startTime="2016-08-04T09:56:22.0374218+02:00" endTime="2016-08-04T09:56:22.0429255+02:00" testType="13cdc9d9-ddb5-4fa4-a97d-d965ccfc6d4b" outcome="Passed" testListId="8c84fa94-04c1-424b-9868-57a2d4851a1d" relativeResultsDirectory="255e093b-36aa-4493-b8e6-33df7ff3ddb0" />
    <UnitTestResult executionId="b6a2e272-fa73-4ea5-a8a5-db33bd4aa831" testId="f106027a-6fd2-014e-9682-445342fb4280" testName="Merge_NullAndInstance_ReturnsNewInstance" computerName="ICSWS068" duration="00:00:00.0038362" startTime="2016-08-04T09:56:22.0469290+02:00" endTime="2016-08-04T09:56:22.0524327+02:00" testType="13cdc9d9-ddb5-4fa4-a97d-d965ccfc6d4b" outcome="Passed" testListId="8c84fa94-04c1-424b-9868-57a2d4851a1d" relativeResultsDirectory="b6a2e272-fa73-4ea5-a8a5-db33bd4aa831" />
    <UnitTestResult executionId="dd4457bd-9c79-40fb-b151-28b8d587077b" testId="520c5bb9-be34-b8b1-0807-3a1092cb7523" testName="Merge_InstanceAndNull_ReturnsNewInstance" computerName="ICSWS068" duration="00:00:00.0001782" startTime="2016-08-04T09:56:22.0569358+02:00" endTime="2016-08-04T09:56:22.0589373+02:00" testType="13cdc9d9-ddb5-4fa4-a97d-d965ccfc6d4b" outcome="Passed" testListId="8c84fa94-04c1-424b-9868-57a2d4851a1d" relativeResultsDirectory="dd4457bd-9c79-40fb-b151-28b8d587077b" />
    <UnitTestResult executionId="f5a16246-9720-4679-af74-998429091cca" testId="8063d803-899d-8b3e-64ef-35b871a4452e" testName="Merge_NonNulls_ReturnsNewInstance" computerName="ICSWS068" duration="00:00:00.0001879" startTime="2016-08-04T09:56:22.0634404+02:00" endTime="2016-08-04T09:56:22.0654421+02:00" testType="13cdc9d9-ddb5-4fa4-a97d-d965ccfc6d4b" outcome="Passed" testListId="8c84fa94-04c1-424b-9868-57a2d4851a1d" relativeResultsDirectory="f5a16246-9720-4679-af74-998429091cca" />
    <UnitTestResult executionId="aaa92d16-353f-44f9-a4e5-ebcd181a7553" testId="0e857638-a5f5-3303-076a-48672943decb" testName="Merge_DifferentTypes_IsStillComposite" computerName="ICSWS068" duration="00:00:00.0129445" startTime="2016-08-04T09:56:22.0689447+02:00" endTime="2016-08-04T09:56:22.0844568+02:00" testType="13cdc9d9-ddb5-4fa4-a97d-d965ccfc6d4b" outcome="Passed" testListId="8c84fa94-04c1-424b-9868-57a2d4851a1d" relativeResultsDirectory="aaa92d16-353f-44f9-a4e5-ebcd181a7553" />
    <UnitTestResult executionId="658143a2-7589-45d7-915a-84717549acc7" testId="0e82a69e-981c-f7d9-3b44-b27acbe204ad" testName="RuntimeParameter_Parse1" computerName="ICSWS068" duration="00:00:00.0014471" startTime="2016-08-04T09:56:22.0899596+02:00" endTime="2016-08-04T09:56:22.0929616+02:00" testType="13cdc9d9-ddb5-4fa4-a97d-d965ccfc6d4b" outcome="Passed" testListId="8c84fa94-04c1-424b-9868-57a2d4851a1d" relativeResultsDirectory="658143a2-7589-45d7-915a-84717549acc7" />
    <UnitTestResult executionId="e035768a-18bf-4260-96d5-01cb1b8c25f0" testId="0fa9fa35-ec94-8df6-3337-bdfcedfbd78e" testName="RuntimeParameter_NoParametersFromSeveralSQLCounts" computerName="ICSWS068" duration="00:00:00.0005621" startTime="2016-08-04T09:56:22.0959639+02:00" endTime="2016-08-04T09:56:22.0979653+02:00" testType="13cdc9d9-ddb5-4fa4-a97d-d965ccfc6d4b" outcome="Passed" testListId="8c84fa94-04c1-424b-9868-57a2d4851a1d" relativeResultsDirectory="e035768a-18bf-4260-96d5-01cb1b8c25f0" />
    <UnitTestResult executionId="7bf9902b-284f-4449-b3bc-8fbc4195af10" testId="83cd084c-7921-4d51-0aeb-642cd49dcd89" testName="RuntimeParameter_Roundtrip" computerName="ICSWS068" duration="00:00:00.0004530" startTime="2016-08-04T09:56:22.1014676+02:00" endTime="2016-08-04T09:56:22.1029688+02:00" testType="13cdc9d9-ddb5-4fa4-a97d-d965ccfc6d4b" outcome="Passed" testListId="8c84fa94-04c1-424b-9868-57a2d4851a1d" relativeResultsDirectory="7bf9902b-284f-4449-b3bc-8fbc4195af10" />
    <UnitTestResult executionId="3d813d28-976e-465a-8f8e-1522c193ec74" testId="d08e48c7-4207-4abf-8161-5d8018baf158" testName="SetValueIntegerOutputTest (Data Row 0)" computerName="ICSWS068" duration="00:00:00.0025536" startTime="2016-08-04T07:56:22.1475009+02:00" endTime="2016-08-04T07:56:22.1510034+02:00" testType="13cdc9d9-ddb5-4fa4-a97d-d965ccfc6d4b" outcome="Passed" testListId="8c84fa94-04c1-424b-9868-57a2d4851a1d" relativeResultsDirectory="3d813d28-976e-465a-8f8e-1522c193ec74" />
    <UnitTestResult executionId="81369504-ac41-4a03-91f5-a19d2e179380" testId="72098060-b090-45e3-b909-c07477939d62" testName="SetValueIntegerOutputTest (Data Row 1)" computerName="ICSWS068" duration="00:00:00.0000260" startTime="2016-08-04T07:56:22.1510034+02:00" endTime="2016-08-04T07:56:22.1510034+02:00" testType="13cdc9d9-ddb5-4fa4-a97d-d965ccfc6d4b" outcome="Passed" testListId="8c84fa94-04c1-424b-9868-57a2d4851a1d" relativeResultsDirectory="81369504-ac41-4a03-91f5-a19d2e179380" />
    <UnitTestResult executionId="da077332-d89e-456b-9f00-53e458504423" testId="6bc4921e-1a88-4acd-aa00-c0ee0cedbcb1" testName="SetValueIntegerOutputTest (Data Row 2)" computerName="ICSWS068" duration="00:00:00.0000146" startTime="2016-08-04T07:56:22.1510034+02:00" endTime="2016-08-04T07:56:22.1510034+02:00" testType="13cdc9d9-ddb5-4fa4-a97d-d965ccfc6d4b" outcome="Passed" testListId="8c84fa94-04c1-424b-9868-57a2d4851a1d" relativeResultsDirectory="da077332-d89e-456b-9f00-53e458504423" />
    <UnitTestResult executionId="d41166c8-d83c-4d43-a9a4-394846145dd5" testId="446a10d0-ed40-4ba9-8eaf-59d51f3e044e" testName="SetValueIntegerOutputTest (Data Row 3)" computerName="ICSWS068" duration="00:00:00.0000123" startTime="2016-08-04T07:56:22.1510034+02:00" endTime="2016-08-04T07:56:22.1510034+02:00" testType="13cdc9d9-ddb5-4fa4-a97d-d965ccfc6d4b" outcome="Passed" testListId="8c84fa94-04c1-424b-9868-57a2d4851a1d" relativeResultsDirectory="d41166c8-d83c-4d43-a9a4-394846145dd5" />
    <UnitTestResult executionId="b36652f9-ef4a-4b6e-8e2e-bf8698f5edad" testId="42e998e5-726a-45ec-8d73-28dac01bf190" testName="SetValueIntegerOutputTest (Data Row 4)" computerName="ICSWS068" duration="00:00:00.0001070" startTime="2016-08-04T07:56:22.1510034+02:00" endTime="2016-08-04T07:56:22.1510034+02:00" testType="13cdc9d9-ddb5-4fa4-a97d-d965ccfc6d4b" outcome="Passed" testListId="8c84fa94-04c1-424b-9868-57a2d4851a1d" relativeResultsDirectory="b36652f9-ef4a-4b6e-8e2e-bf8698f5edad" />
    <UnitTestResult executionId="6eb9b16b-25d5-4d9a-858d-1155256547d5" testId="2565f676-5b83-48fe-bde8-e6c7a2f1468e" testName="SetValueIntegerOutputTest (Data Row 5)" computerName="ICSWS068" duration="00:00:00.0000738" startTime="2016-08-04T07:56:22.1510034+02:00" endTime="2016-08-04T07:56:22.1510034+02:00" testType="13cdc9d9-ddb5-4fa4-a97d-d965ccfc6d4b" outcome="Passed" testListId="8c84fa94-04c1-424b-9868-57a2d4851a1d" relativeResultsDirectory="6eb9b16b-25d5-4d9a-858d-1155256547d5" />
    <UnitTestResult executionId="10e067c6-aff7-46b7-bba5-cac4816e4a46" testId="0fe9bb07-7aef-4fb7-b375-a8df242431c5" testName="SetValueIntegerOutputTest (Data Row 6)" computerName="ICSWS068" duration="00:00:00.0000167" startTime="2016-08-04T07:56:22.1510034+02:00" endTime="2016-08-04T07:56:22.1510034+02:00" testType="13cdc9d9-ddb5-4fa4-a97d-d965ccfc6d4b" outcome="Passed" testListId="8c84fa94-04c1-424b-9868-57a2d4851a1d" relativeResultsDirectory="10e067c6-aff7-46b7-bba5-cac4816e4a46" />
    <UnitTestResult executionId="37b344a3-2ed8-4f58-9936-c77a95b59bfa" testId="860eeaf9-316a-4ec7-80d5-356bcc044e73" testName="SetValueIntegerOutputTest (Data Row 7)" computerName="ICSWS068" duration="00:00:00.0000123" startTime="2016-08-04T07:56:22.1510034+02:00" endTime="2016-08-04T07:56:22.1510034+02:00" testType="13cdc9d9-ddb5-4fa4-a97d-d965ccfc6d4b" outcome="Passed" testListId="8c84fa94-04c1-424b-9868-57a2d4851a1d" relativeResultsDirectory="37b344a3-2ed8-4f58-9936-c77a95b59bfa" />
    <UnitTestResult executionId="e065688f-b7b9-4c59-8d54-c856737b2d24" testId="88ab7223-d4df-457d-ac34-68fd2889358e" testName="SetValueIntegerOutputTest (Data Row 8)" computerName="ICSWS068" duration="00:00:00.0000105" startTime="2016-08-04T07:56:22.1510034+02:00" endTime="2016-08-04T07:56:22.1510034+02:00" testType="13cdc9d9-ddb5-4fa4-a97d-d965ccfc6d4b" outcome="Passed" testListId="8c84fa94-04c1-424b-9868-57a2d4851a1d" relativeResultsDirectory="e065688f-b7b9-4c59-8d54-c856737b2d24" />
    <UnitTestResult executionId="4944a826-59a3-47e1-85dd-72016cf33377" testId="ba4afd77-b964-4cc4-bb24-4a92e34631d8" testName="SetValueIntegerOutputTest (Data Row 9)" computerName="ICSWS068" duration="00:00:00.0000099" startTime="2016-08-04T07:56:22.1510034+02:00" endTime="2016-08-04T07:56:22.1510034+02:00" testType="13cdc9d9-ddb5-4fa4-a97d-d965ccfc6d4b" outcome="Passed" testListId="8c84fa94-04c1-424b-9868-57a2d4851a1d" relativeResultsDirectory="4944a826-59a3-47e1-85dd-72016cf33377" />
    <UnitTestResult executionId="37bbbd49-2743-45bb-961a-30820f02a709" testId="b99c2b84-e633-42ad-8e98-9eff786722ab" testName="SetValueFloatOutputTest (Data Row 0)" computerName="ICSWS068" duration="00:00:00.0009738" startTime="2016-08-04T07:56:22.1605100+02:00" endTime="2016-08-04T07:56:22.1615103+02:00" testType="13cdc9d9-ddb5-4fa4-a97d-d965ccfc6d4b" outcome="Passed" testListId="8c84fa94-04c1-424b-9868-57a2d4851a1d" relativeResultsDirectory="37bbbd49-2743-45bb-961a-30820f02a709" />
    <UnitTestResult executionId="49278b31-603b-434e-84b6-3ec3027dff87" testId="3d3143bb-5f28-41e8-b0ea-8b653bac98ce" testName="SetValueFloatOutputTest (Data Row 1)" computerName="ICSWS068" duration="00:00:00.0000231" startTime="2016-08-04T07:56:22.1615103+02:00" endTime="2016-08-04T07:56:22.1615103+02:00" testType="13cdc9d9-ddb5-4fa4-a97d-d965ccfc6d4b" outcome="Passed" testListId="8c84fa94-04c1-424b-9868-57a2d4851a1d" relativeResultsDirectory="49278b31-603b-434e-84b6-3ec3027dff87" />
    <UnitTestResult executionId="0f32f8ef-9e52-4519-8c5b-667c2900a4f3" testId="ffa78822-5f78-49b8-8f15-410cc2ce6397" testName="SetValueFloatOutputTest (Data Row 2)" computerName="ICSWS068" duration="00:00:00.0000167" startTime="2016-08-04T07:56:22.1615103+02:00" endTime="2016-08-04T07:56:22.1615103+02:00" testType="13cdc9d9-ddb5-4fa4-a97d-d965ccfc6d4b" outcome="Passed" testListId="8c84fa94-04c1-424b-9868-57a2d4851a1d" relativeResultsDirectory="0f32f8ef-9e52-4519-8c5b-667c2900a4f3" />
    <UnitTestResult executionId="c1f7b963-d420-4189-bc0b-232976c84953" testId="152eb215-8307-41e4-a6bb-0c421b6eaa75" testName="SetValueFloatOutputTest (Data Row 3)" computerName="ICSWS068" duration="00:00:00.0000129" startTime="2016-08-04T07:56:22.1615103+02:00" endTime="2016-08-04T07:56:22.1615103+02:00" testType="13cdc9d9-ddb5-4fa4-a97d-d965ccfc6d4b" outcome="Passed" testListId="8c84fa94-04c1-424b-9868-57a2d4851a1d" relativeResultsDirectory="c1f7b963-d420-4189-bc0b-232976c84953" />
    <UnitTestResult executionId="7c2b1e5c-2bb6-42ae-98c8-2f550c477b2f" testId="5be5db78-4904-4313-a399-9ba3a378ed1a" testName="SetValueFloatOutputTest (Data Row 4)" computerName="ICSWS068" duration="00:00:00.0000214" startTime="2016-08-04T07:56:22.1615103+02:00" endTime="2016-08-04T07:56:22.1615103+02:00" testType="13cdc9d9-ddb5-4fa4-a97d-d965ccfc6d4b" outcome="Passed" testListId="8c84fa94-04c1-424b-9868-57a2d4851a1d" relativeResultsDirectory="7c2b1e5c-2bb6-42ae-98c8-2f550c477b2f" />
    <UnitTestResult executionId="c36e7d9b-77f1-448e-a5db-c9256858eef2" testId="4a5c8978-19ed-422d-acb5-a9a41e2411bd" testName="SetValueFloatOutputTest (Data Row 5)" computerName="ICSWS068" duration="00:00:00.0000161" startTime="2016-08-04T07:56:22.1615103+02:00" endTime="2016-08-04T07:56:22.1615103+02:00" testType="13cdc9d9-ddb5-4fa4-a97d-d965ccfc6d4b" outcome="Passed" testListId="8c84fa94-04c1-424b-9868-57a2d4851a1d" relativeResultsDirectory="c36e7d9b-77f1-448e-a5db-c9256858eef2" />
    <UnitTestResult executionId="09397f29-076e-4d20-99b1-6d55e4094ee6" testId="41850a19-40ab-44d9-9185-a93cd83a9f67" testName="SetValueFloatOutputTest (Data Row 6)" computerName="ICSWS068" duration="00:00:00.0000155" startTime="2016-08-04T07:56:22.1615103+02:00" endTime="2016-08-04T07:56:22.1615103+02:00" testType="13cdc9d9-ddb5-4fa4-a97d-d965ccfc6d4b" outcome="Passed" testListId="8c84fa94-04c1-424b-9868-57a2d4851a1d" relativeResultsDirectory="09397f29-076e-4d20-99b1-6d55e4094ee6" />
    <UnitTestResult executionId="afb77490-f362-44e1-befe-a236705a402b" testId="4cb15112-2739-4d30-9cf2-ffdc3f31a074" testName="SetValueFloatOutputTest (Data Row 7)" computerName="ICSWS068" duration="00:00:00.0000114" startTime="2016-08-04T07:56:22.1615103+02:00" endTime="2016-08-04T07:56:22.1615103+02:00" testType="13cdc9d9-ddb5-4fa4-a97d-d965ccfc6d4b" outcome="Passed" testListId="8c84fa94-04c1-424b-9868-57a2d4851a1d" relativeResultsDirectory="afb77490-f362-44e1-befe-a236705a402b" />
    <UnitTestResult executionId="c7c45558-4c6b-49cc-91cb-47e0080802a4" testId="6bf27ea1-ca6d-4c8a-acd0-4528176f9c6d" testName="SetValueFloatOutputTest (Data Row 8)" computerName="ICSWS068" duration="00:00:00.0000096" startTime="2016-08-04T07:56:22.1615103+02:00" endTime="2016-08-04T07:56:22.1615103+02:00" testType="13cdc9d9-ddb5-4fa4-a97d-d965ccfc6d4b" outcome="Passed" testListId="8c84fa94-04c1-424b-9868-57a2d4851a1d" relativeResultsDirectory="c7c45558-4c6b-49cc-91cb-47e0080802a4" />
    <UnitTestResult executionId="7101f71c-70e6-4bf5-8d26-ab4c62dad7d4" testId="e9e60983-b9b2-448a-a6bd-29f6b8495ede" testName="SetValueFloatOutputTest (Data Row 9)" computerName="ICSWS068" duration="00:00:00.0000096" startTime="2016-08-04T07:56:22.1615103+02:00" endTime="2016-08-04T07:56:22.1615103+02:00" testType="13cdc9d9-ddb5-4fa4-a97d-d965ccfc6d4b" outcome="Passed" testListId="8c84fa94-04c1-424b-9868-57a2d4851a1d" relativeResultsDirectory="7101f71c-70e6-4bf5-8d26-ab4c62dad7d4" />
    <UnitTestResult executionId="a56cd0ef-9dac-4c17-ad69-98b7dd5e7ac9" testId="9817132b-51ce-441d-b8bc-759791c3e3a0" testName="SetValueStringOutputTest (Data Row 0)" computerName="ICSWS068" duration="00:00:00.0003518" startTime="2016-08-04T07:56:22.1680152+02:00" endTime="2016-08-04T07:56:22.1685157+02:00" testType="13cdc9d9-ddb5-4fa4-a97d-d965ccfc6d4b" outcome="Passed" testListId="8c84fa94-04c1-424b-9868-57a2d4851a1d" relativeResultsDirectory="a56cd0ef-9dac-4c17-ad69-98b7dd5e7ac9" />
    <UnitTestResult executionId="ef4b3449-72d4-46f8-999e-b8cae307d674" testId="506e0bef-7e12-401b-8843-00b9b1409faa" testName="SetValueStringOutputTest (Data Row 1)" computerName="ICSWS068" duration="00:00:00.0000173" startTime="2016-08-04T07:56:22.1685157+02:00" endTime="2016-08-04T07:56:22.1685157+02:00" testType="13cdc9d9-ddb5-4fa4-a97d-d965ccfc6d4b" outcome="Passed" testListId="8c84fa94-04c1-424b-9868-57a2d4851a1d" relativeResultsDirectory="ef4b3449-72d4-46f8-999e-b8cae307d674" />
    <UnitTestResult executionId="4defd6ef-c32a-498e-a24a-013f8f6a612c" testId="7cf40e3f-ff21-48a8-9265-cb7423a11aac" testName="SetValueStringOutputTest (Data Row 2)" computerName="ICSWS068" duration="00:00:00.0000117" startTime="2016-08-04T07:56:22.1685157+02:00" endTime="2016-08-04T07:56:22.1685157+02:00" testType="13cdc9d9-ddb5-4fa4-a97d-d965ccfc6d4b" outcome="Passed" testListId="8c84fa94-04c1-424b-9868-57a2d4851a1d" relativeResultsDirectory="4defd6ef-c32a-498e-a24a-013f8f6a612c" />
    <UnitTestResult executionId="34ac8b9e-8c8a-4903-9140-7564af69eb63" testId="0e550e9f-e4b5-45d6-a1d7-f3cc9f3e6d5d" testName="SetValueStringOutputTest (Data Row 3)" computerName="ICSWS068" duration="00:00:00.0000120" startTime="2016-08-04T07:56:22.1685157+02:00" endTime="2016-08-04T07:56:22.1685157+02:00" testType="13cdc9d9-ddb5-4fa4-a97d-d965ccfc6d4b" outcome="Passed" testListId="8c84fa94-04c1-424b-9868-57a2d4851a1d" relativeResultsDirectory="34ac8b9e-8c8a-4903-9140-7564af69eb63" />
    <UnitTestResult executionId="de6902d4-6ae0-4f0f-931a-d70f5c53da14" testId="dd902995-b3cb-425b-ae39-6fac81fed0d6" testName="SetValueStringOutputTest (Data Row 4)" computerName="ICSWS068" duration="00:00:00.0000296" startTime="2016-08-04T07:56:22.1685157+02:00" endTime="2016-08-04T07:56:22.1685157+02:00" testType="13cdc9d9-ddb5-4fa4-a97d-d965ccfc6d4b" outcome="Passed" testListId="8c84fa94-04c1-424b-9868-57a2d4851a1d" relativeResultsDirectory="de6902d4-6ae0-4f0f-931a-d70f5c53da14" />
    <UnitTestResult executionId="8e8a9faa-3234-4218-b716-063be04d140f" testId="a1e04391-e205-41e1-97c3-c79c86e07f90" testName="SetValueStringOutputTest (Data Row 5)" computerName="ICSWS068" duration="00:00:00.0000316" startTime="2016-08-04T07:56:22.1685157+02:00" endTime="2016-08-04T07:56:22.1685157+02:00" testType="13cdc9d9-ddb5-4fa4-a97d-d965ccfc6d4b" outcome="Passed" testListId="8c84fa94-04c1-424b-9868-57a2d4851a1d" relativeResultsDirectory="8e8a9faa-3234-4218-b716-063be04d140f" />
    <UnitTestResult executionId="6e88e9ad-32d1-4700-b234-e1294798dc92" testId="af0f1080-ab22-4003-a643-ddf727ce215f" testName="SetValueStringOutputTest (Data Row 6)" computerName="ICSWS068" duration="00:00:00.0000143" startTime="2016-08-04T07:56:22.1685157+02:00" endTime="2016-08-04T07:56:22.1685157+02:00" testType="13cdc9d9-ddb5-4fa4-a97d-d965ccfc6d4b" outcome="Passed" testListId="8c84fa94-04c1-424b-9868-57a2d4851a1d" relativeResultsDirectory="6e88e9ad-32d1-4700-b234-e1294798dc92" />
    <UnitTestResult executionId="4ed9eb0b-3284-4f93-a0a0-809dec42d15e" testId="e7c710a6-7b90-49ef-b1ef-dd0392c1c8a5" testName="SetValueStringOutputTest (Data Row 7)" computerName="ICSWS068" duration="00:00:00.0000114" startTime="2016-08-04T07:56:22.1685157+02:00" endTime="2016-08-04T07:56:22.1685157+02:00" testType="13cdc9d9-ddb5-4fa4-a97d-d965ccfc6d4b" outcome="Passed" testListId="8c84fa94-04c1-424b-9868-57a2d4851a1d" relativeResultsDirectory="4ed9eb0b-3284-4f93-a0a0-809dec42d15e" />
    <UnitTestResult executionId="cf7b0814-131a-4945-a92c-b16222ef5509" testId="cd722b4b-cd87-41f1-901d-ded1fd9bc1f3" testName="SetValueStringOutputTest (Data Row 8)" computerName="ICSWS068" duration="00:00:00.0000123" startTime="2016-08-04T07:56:22.1685157+02:00" endTime="2016-08-04T07:56:22.1685157+02:00" testType="13cdc9d9-ddb5-4fa4-a97d-d965ccfc6d4b" outcome="Passed" testListId="8c84fa94-04c1-424b-9868-57a2d4851a1d" relativeResultsDirectory="cf7b0814-131a-4945-a92c-b16222ef5509" />
    <UnitTestResult executionId="1684e7b1-dc2b-4dd1-b41a-16188f61a20e" testId="94af551b-4f31-495a-a7b1-099a34276bb1" testName="SetValueStringOutputTest (Data Row 9)" computerName="ICSWS068" duration="00:00:00.0000096" startTime="2016-08-04T07:56:22.1685157+02:00" endTime="2016-08-04T07:56:22.1685157+02:00" testType="13cdc9d9-ddb5-4fa4-a97d-d965ccfc6d4b" outcome="Passed" testListId="8c84fa94-04c1-424b-9868-57a2d4851a1d" relativeResultsDirectory="1684e7b1-dc2b-4dd1-b41a-16188f61a20e" />
    <UnitTestResult executionId="bec4d53d-f988-43e5-a4c2-11fc11802812" testId="afc1beed-dd74-4503-84e2-977c0d5cdb3c" testName="Equals_FromDataSorce_RetrnValueIsExpected (Data Row 0)" computerName="ICSWS068" duration="00:00:00.0012401" startTime="2016-08-04T07:56:22.1930361+02:00" endTime="2016-08-04T07:56:22.1945376+02:00" testType="13cdc9d9-ddb5-4fa4-a97d-d965ccfc6d4b" outcome="Passed" testListId="8c84fa94-04c1-424b-9868-57a2d4851a1d" relativeResultsDirectory="bec4d53d-f988-43e5-a4c2-11fc11802812" />
    <UnitTestResult executionId="77ea25dc-56aa-4969-861f-ae828a6c853e" testId="efb3fc97-c8f4-4d80-9e9b-5730198b4cd9" testName="Equals_FromDataSorce_RetrnValueIsExpected (Data Row 1)" computerName="ICSWS068" duration="00:00:00.0000322" startTime="2016-08-04T07:56:22.1945376+02:00" endTime="2016-08-04T07:56:22.1945376+02:00" testType="13cdc9d9-ddb5-4fa4-a97d-d965ccfc6d4b" outcome="Passed" testListId="8c84fa94-04c1-424b-9868-57a2d4851a1d" relativeResultsDirectory="77ea25dc-56aa-4969-861f-ae828a6c853e" />
    <UnitTestResult executionId="4d1e950f-6877-4959-a417-11d0724caae9" testId="5d0e66d4-009e-4e51-8916-9e2c9c0cc69c" testName="Equals_FromDataSorce_RetrnValueIsExpected (Data Row 2)" computerName="ICSWS068" duration="00:00:00.0000334" startTime="2016-08-04T07:56:22.1945376+02:00" endTime="2016-08-04T07:56:22.1945376+02:00" testType="13cdc9d9-ddb5-4fa4-a97d-d965ccfc6d4b" outcome="Passed" testListId="8c84fa94-04c1-424b-9868-57a2d4851a1d" relativeResultsDirectory="4d1e950f-6877-4959-a417-11d0724caae9" />
    <UnitTestResult executionId="7bd5e390-04c6-41cb-8bc2-1a3f161ae97d" testId="504ff1c5-387f-4e92-ab8a-69bd86b5bcbc" testName="Equals_FromDataSorce_RetrnValueIsExpected (Data Row 3)" computerName="ICSWS068" duration="00:00:00.0000231" startTime="2016-08-04T07:56:22.1945376+02:00" endTime="2016-08-04T07:56:22.1945376+02:00" testType="13cdc9d9-ddb5-4fa4-a97d-d965ccfc6d4b" outcome="Passed" testListId="8c84fa94-04c1-424b-9868-57a2d4851a1d" relativeResultsDirectory="7bd5e390-04c6-41cb-8bc2-1a3f161ae97d" />
    <UnitTestResult executionId="f9bb976d-2d11-4e5c-8f3e-79ed52435865" testId="901e7b7e-8030-449e-8a3c-1663664bec6d" testName="Equals_FromDataSorce_RetrnValueIsExpected (Data Row 4)" computerName="ICSWS068" duration="00:00:00.0000278" startTime="2016-08-04T07:56:22.1945376+02:00" endTime="2016-08-04T07:56:22.1945376+02:00" testType="13cdc9d9-ddb5-4fa4-a97d-d965ccfc6d4b" outcome="Passed" testListId="8c84fa94-04c1-424b-9868-57a2d4851a1d" relativeResultsDirectory="f9bb976d-2d11-4e5c-8f3e-79ed52435865" />
    <UnitTestResult executionId="702e1548-b1c5-4719-8259-a30db519b6c8" testId="2191e9b8-5348-4ad5-981f-d1fa8848d6f8" testName="Equals_FromDataSorce_RetrnValueIsExpected (Data Row 5)" computerName="ICSWS068" duration="00:00:00.0000219" startTime="2016-08-04T07:56:22.1945376+02:00" endTime="2016-08-04T07:56:22.1945376+02:00" testType="13cdc9d9-ddb5-4fa4-a97d-d965ccfc6d4b" outcome="Passed" testListId="8c84fa94-04c1-424b-9868-57a2d4851a1d" relativeResultsDirectory="702e1548-b1c5-4719-8259-a30db519b6c8" />
    <UnitTestResult executionId="a2692bb1-348c-468d-b6f7-03f965bb1dc7" testId="0220657a-928e-4dc5-a883-74adeaee7451" testName="Equals_FromDataSorce_RetrnValueIsExpected (Data Row 6)" computerName="ICSWS068" duration="00:00:00.0000190" startTime="2016-08-04T07:56:22.1945376+02:00" endTime="2016-08-04T07:56:22.1945376+02:00" testType="13cdc9d9-ddb5-4fa4-a97d-d965ccfc6d4b" outcome="Passed" testListId="8c84fa94-04c1-424b-9868-57a2d4851a1d" relativeResultsDirectory="a2692bb1-348c-468d-b6f7-03f965bb1dc7" />
    <UnitTestResult executionId="4ba598f6-0ee6-41a3-b234-3fb327445828" testId="298dc55c-99c5-4f47-8dfe-672cb25f04a8" testName="Equals_FromDataSorce_RetrnValueIsExpected (Data Row 7)" computerName="ICSWS068" duration="00:00:00.0000214" startTime="2016-08-04T07:56:22.1945376+02:00" endTime="2016-08-04T07:56:22.1945376+02:00" testType="13cdc9d9-ddb5-4fa4-a97d-d965ccfc6d4b" outcome="Passed" testListId="8c84fa94-04c1-424b-9868-57a2d4851a1d" relativeResultsDirectory="4ba598f6-0ee6-41a3-b234-3fb327445828" />
    <UnitTestResult executionId="54f5ffa4-03c1-4769-a113-930b5abeb49c" testId="5dcc0883-7b25-4bd8-be1b-c3af10b89761" testName="Equals_FromDataSorce_RetrnValueIsExpected (Data Row 8)" computerName="ICSWS068" duration="00:00:00.0000199" startTime="2016-08-04T07:56:22.1945376+02:00" endTime="2016-08-04T07:56:22.1945376+02:00" testType="13cdc9d9-ddb5-4fa4-a97d-d965ccfc6d4b" outcome="Passed" testListId="8c84fa94-04c1-424b-9868-57a2d4851a1d" relativeResultsDirectory="54f5ffa4-03c1-4769-a113-930b5abeb49c" />
    <UnitTestResult executionId="bf6e7ac7-7dca-408b-9eb9-ad58c8996fa8" testId="a99305c2-4ade-4998-992a-bce639dbf2bc" testName="Equals_FromDataSorce_RetrnValueIsExpected (Data Row 9)" computerName="ICSWS068" duration="00:00:00.0000187" startTime="2016-08-04T07:56:22.1945376+02:00" endTime="2016-08-04T07:56:22.1945376+02:00" testType="13cdc9d9-ddb5-4fa4-a97d-d965ccfc6d4b" outcome="Passed" testListId="8c84fa94-04c1-424b-9868-57a2d4851a1d" relativeResultsDirectory="bf6e7ac7-7dca-408b-9eb9-ad58c8996fa8" />
    <UnitTestResult executionId="b9f64b90-7b2b-499c-89a8-30b49b4e6159" testId="ba31de2b-9411-4438-8491-f6f5c0187556" testName="Equals_FromDataSorce_RetrnValueIsExpected (Data Row 10)" computerName="ICSWS068" duration="00:00:00.0000219" startTime="2016-08-04T07:56:22.1945376+02:00" endTime="2016-08-04T07:56:22.1945376+02:00" testType="13cdc9d9-ddb5-4fa4-a97d-d965ccfc6d4b" outcome="Passed" testListId="8c84fa94-04c1-424b-9868-57a2d4851a1d" relativeResultsDirectory="b9f64b90-7b2b-499c-89a8-30b49b4e6159" />
    <UnitTestResult executionId="8643a7ac-58a6-400c-ad80-d3f3655aee79" testId="a02cc6be-a730-49ac-9aa7-fbbd2e067d19" testName="Equals_FromDataSorce_RetrnValueIsExpected (Data Row 11)" computerName="ICSWS068" duration="00:00:00.0000199" startTime="2016-08-04T07:56:22.1945376+02:00" endTime="2016-08-04T07:56:22.1945376+02:00" testType="13cdc9d9-ddb5-4fa4-a97d-d965ccfc6d4b" outcome="Passed" testListId="8c84fa94-04c1-424b-9868-57a2d4851a1d" relativeResultsDirectory="8643a7ac-58a6-400c-ad80-d3f3655aee79" />
    <UnitTestResult executionId="2217b45a-d95c-448f-98f5-d4b34b373eaf" testId="d7141874-7ea0-4e4e-ad8a-938a8bb3c75b" testName="Equals_FromDataSorce_RetrnValueIsExpected (Data Row 12)" computerName="ICSWS068" duration="00:00:00.0000187" startTime="2016-08-04T07:56:22.1945376+02:00" endTime="2016-08-04T07:56:22.1945376+02:00" testType="13cdc9d9-ddb5-4fa4-a97d-d965ccfc6d4b" outcome="Passed" testListId="8c84fa94-04c1-424b-9868-57a2d4851a1d" relativeResultsDirectory="2217b45a-d95c-448f-98f5-d4b34b373eaf" />
    <UnitTestResult executionId="bbaee278-5060-4336-bac3-43af5a760b19" testId="cc1c95af-c1fb-4d35-be3d-b1f2bc0ded20" testName="Equals_FromDataSorce_RetrnValueIsExpected (Data Row 13)" computerName="ICSWS068" duration="00:00:00.0000167" startTime="2016-08-04T07:56:22.1945376+02:00" endTime="2016-08-04T07:56:22.1945376+02:00" testType="13cdc9d9-ddb5-4fa4-a97d-d965ccfc6d4b" outcome="Passed" testListId="8c84fa94-04c1-424b-9868-57a2d4851a1d" relativeResultsDirectory="bbaee278-5060-4336-bac3-43af5a760b19" />
    <UnitTestResult executionId="8916d49d-58b1-4ae6-bb0c-41e79d0a0da0" testId="cde434e4-3d66-4a52-8885-a94b6f441e2b" testName="Equals_FromDataSorce_RetrnValueIsExpected (Data Row 14)" computerName="ICSWS068" duration="00:00:00.0000190" startTime="2016-08-04T07:56:22.1945376+02:00" endTime="2016-08-04T07:56:22.1945376+02:00" testType="13cdc9d9-ddb5-4fa4-a97d-d965ccfc6d4b" outcome="Passed" testListId="8c84fa94-04c1-424b-9868-57a2d4851a1d" relativeResultsDirectory="8916d49d-58b1-4ae6-bb0c-41e79d0a0da0" />
    <UnitTestResult executionId="25414ca2-945f-48b2-a6d8-b822f46b1862" testId="7b34a3d4-fa13-4a80-86ba-dbcbe891818e" testName="Equals_FromDataSorce_RetrnValueIsExpected (Data Row 15)" computerName="ICSWS068" duration="00:00:00.0000211" startTime="2016-08-04T07:56:22.1945376+02:00" endTime="2016-08-04T07:56:22.1950373+02:00" testType="13cdc9d9-ddb5-4fa4-a97d-d965ccfc6d4b" outcome="Passed" testListId="8c84fa94-04c1-424b-9868-57a2d4851a1d" relativeResultsDirectory="25414ca2-945f-48b2-a6d8-b822f46b1862" />
    <UnitTestResult executionId="00677298-f58a-4d4b-a6f5-477b123fb310" testId="a6e9ea57-bc43-48d5-aa92-42afa5ab7d3c" testName="Equals_FromDataSorce_RetrnValueIsExpected (Data Row 16)" computerName="ICSWS068" duration="00:00:00.0000302" startTime="2016-08-04T07:56:22.1950373+02:00" endTime="2016-08-04T07:56:22.1950373+02:00" testType="13cdc9d9-ddb5-4fa4-a97d-d965ccfc6d4b" outcome="Passed" testListId="8c84fa94-04c1-424b-9868-57a2d4851a1d" relativeResultsDirectory="00677298-f58a-4d4b-a6f5-477b123fb310" />
    <UnitTestResult executionId="54d4290a-6a1d-4dbd-b14e-358ebd54b142" testId="74dc169f-1c41-4ca6-b0fb-78fab1973ecc" testName="Equals_FromDataSorce_RetrnValueIsExpected (Data Row 17)" computerName="ICSWS068" duration="00:00:00.0000228" startTime="2016-08-04T07:56:22.1950373+02:00" endTime="2016-08-04T07:56:22.1950373+02:00" testType="13cdc9d9-ddb5-4fa4-a97d-d965ccfc6d4b" outcome="Passed" testListId="8c84fa94-04c1-424b-9868-57a2d4851a1d" relativeResultsDirectory="54d4290a-6a1d-4dbd-b14e-358ebd54b142" />
    <UnitTestResult executionId="dcf53681-c143-4fd9-ac82-593b39e2b7e3" testId="1e75b944-318d-4d35-bf8a-45c290425f18" testName="Equals_FromDataSorce_RetrnValueIsExpected (Data Row 18)" computerName="ICSWS068" duration="00:00:00.0000208" startTime="2016-08-04T07:56:22.1950373+02:00" endTime="2016-08-04T07:56:22.1950373+02:00" testType="13cdc9d9-ddb5-4fa4-a97d-d965ccfc6d4b" outcome="Passed" testListId="8c84fa94-04c1-424b-9868-57a2d4851a1d" relativeResultsDirectory="dcf53681-c143-4fd9-ac82-593b39e2b7e3" />
    <UnitTestResult executionId="12ce781a-0b40-4384-93ee-079eb5493d39" testId="8ca9dd14-9cb8-4b3b-b92e-f63cd65ee317" testName="Equals_FromDataSorce_RetrnValueIsExpected (Data Row 19)" computerName="ICSWS068" duration="00:00:00.0000202" startTime="2016-08-04T07:56:22.1950373+02:00" endTime="2016-08-04T07:56:22.1950373+02:00" testType="13cdc9d9-ddb5-4fa4-a97d-d965ccfc6d4b" outcome="Passed" testListId="8c84fa94-04c1-424b-9868-57a2d4851a1d" relativeResultsDirectory="12ce781a-0b40-4384-93ee-079eb5493d39" />
    <UnitTestResult executionId="30196167-9dc3-44f1-a818-11eef44a96d3" testId="edad77ad-dfbe-49b3-9bbe-5afa8feea640" testName="Equals_FromDataSorce_RetrnValueIsExpected (Data Row 20)" computerName="ICSWS068" duration="00:00:00.0000219" startTime="2016-08-04T07:56:22.1950373+02:00" endTime="2016-08-04T07:56:22.1950373+02:00" testType="13cdc9d9-ddb5-4fa4-a97d-d965ccfc6d4b" outcome="Passed" testListId="8c84fa94-04c1-424b-9868-57a2d4851a1d" relativeResultsDirectory="30196167-9dc3-44f1-a818-11eef44a96d3" />
    <UnitTestResult executionId="24d5df14-3d64-4cea-b1ab-08bde47aca40" testId="07f6e8a8-03aa-4c5b-87c7-0b7d7450bc1f" testName="Equals_FromDataSorce_RetrnValueIsExpected (Data Row 21)" computerName="ICSWS068" duration="00:00:00.0000208" startTime="2016-08-04T07:56:22.1950373+02:00" endTime="2016-08-04T07:56:22.1950373+02:00" testType="13cdc9d9-ddb5-4fa4-a97d-d965ccfc6d4b" outcome="Passed" testListId="8c84fa94-04c1-424b-9868-57a2d4851a1d" relativeResultsDirectory="24d5df14-3d64-4cea-b1ab-08bde47aca40" />
    <UnitTestResult executionId="a4c6bd66-9ee7-427f-ae66-5535cbf41595" testId="2571daaa-fc00-44d1-a791-ebe414608f2f" testName="Equals_FromDataSorce_RetrnValueIsExpected (Data Row 22)" computerName="ICSWS068" duration="00:00:00.0000217" startTime="2016-08-04T07:56:22.1950373+02:00" endTime="2016-08-04T07:56:22.1950373+02:00" testType="13cdc9d9-ddb5-4fa4-a97d-d965ccfc6d4b" outcome="Passed" testListId="8c84fa94-04c1-424b-9868-57a2d4851a1d" relativeResultsDirectory="a4c6bd66-9ee7-427f-ae66-5535cbf41595" />
    <UnitTestResult executionId="97c84062-f83a-4ddb-81e6-225428870c52" testId="fa614ac1-43f0-4f6b-93f5-beda20cb929b" testName="Equals_FromDataSorce_RetrnValueIsExpected (Data Row 23)" computerName="ICSWS068" duration="00:00:00.0000228" startTime="2016-08-04T07:56:22.1950373+02:00" endTime="2016-08-04T07:56:22.1950373+02:00" testType="13cdc9d9-ddb5-4fa4-a97d-d965ccfc6d4b" outcome="Passed" testListId="8c84fa94-04c1-424b-9868-57a2d4851a1d" relativeResultsDirectory="97c84062-f83a-4ddb-81e6-225428870c52" />
    <UnitTestResult executionId="6ccd28e5-bf2e-4c50-9b10-e62910cb9fb9" testId="7728a72e-11fc-4465-b839-8bd1dfbbbb6c" testName="Equals_FromDataSorce_RetrnValueIsExpected (Data Row 24)" computerName="ICSWS068" duration="00:00:00.0000202" startTime="2016-08-04T07:56:22.1950373+02:00" endTime="2016-08-04T07:56:22.1950373+02:00" testType="13cdc9d9-ddb5-4fa4-a97d-d965ccfc6d4b" outcome="Passed" testListId="8c84fa94-04c1-424b-9868-57a2d4851a1d" relativeResultsDirectory="6ccd28e5-bf2e-4c50-9b10-e62910cb9fb9" />
    <UnitTestResult executionId="2404ff1d-6bb7-40fb-ab45-fec7304e582d" testId="75619979-99b5-4259-9355-1a11acf60495" testName="Equals_FromDataSorce_RetrnValueIsExpected (Data Row 25)" computerName="ICSWS068" duration="00:00:00.0000205" startTime="2016-08-04T07:56:22.1950373+02:00" endTime="2016-08-04T07:56:22.1950373+02:00" testType="13cdc9d9-ddb5-4fa4-a97d-d965ccfc6d4b" outcome="Passed" testListId="8c84fa94-04c1-424b-9868-57a2d4851a1d" relativeResultsDirectory="2404ff1d-6bb7-40fb-ab45-fec7304e582d" />
    <UnitTestResult executionId="2889d41e-408d-4010-a022-6246d51ea820" testId="2ab1e808-281c-432b-8651-201d8927ce1f" testName="Equals_FromDataSorce_RetrnValueIsExpected (Data Row 26)" computerName="ICSWS068" duration="00:00:00.0000222" startTime="2016-08-04T07:56:22.1950373+02:00" endTime="2016-08-04T07:56:22.1950373+02:00" testType="13cdc9d9-ddb5-4fa4-a97d-d965ccfc6d4b" outcome="Passed" testListId="8c84fa94-04c1-424b-9868-57a2d4851a1d" relativeResultsDirectory="2889d41e-408d-4010-a022-6246d51ea820" />
    <UnitTestResult executionId="3997c0cb-f59d-4c1b-b3fe-6771a4722836" testId="8304dd0f-ed2a-499e-8bae-79ebedd8e018" testName="Equals_FromDataSorce_RetrnValueIsExpected (Data Row 27)" computerName="ICSWS068" duration="00:00:00.0000202" startTime="2016-08-04T07:56:22.1950373+02:00" endTime="2016-08-04T07:56:22.1950373+02:00" testType="13cdc9d9-ddb5-4fa4-a97d-d965ccfc6d4b" outcome="Passed" testListId="8c84fa94-04c1-424b-9868-57a2d4851a1d" relativeResultsDirectory="3997c0cb-f59d-4c1b-b3fe-6771a4722836" />
    <UnitTestResult executionId="6e45ee88-e978-4da3-b2d0-e146fadf5def" testId="4a27def0-0583-47b4-b0ac-96cbaadee4c6" testName="Equals_FromDataSorce_RetrnValueIsExpected (Data Row 28)" computerName="ICSWS068" duration="00:00:00.0000205" startTime="2016-08-04T07:56:22.1950373+02:00" endTime="2016-08-04T07:56:22.1950373+02:00" testType="13cdc9d9-ddb5-4fa4-a97d-d965ccfc6d4b" outcome="Passed" testListId="8c84fa94-04c1-424b-9868-57a2d4851a1d" relativeResultsDirectory="6e45ee88-e978-4da3-b2d0-e146fadf5def" />
    <UnitTestResult executionId="f13ef2e7-6c95-493c-a0d4-e82ffb7c681c" testId="bc85b595-455d-4e9b-b5e1-15b393f996a4" testName="Equals_FromDataSorce_RetrnValueIsExpected (Data Row 29)" computerName="ICSWS068" duration="00:00:00.0000219" startTime="2016-08-04T07:56:22.1950373+02:00" endTime="2016-08-04T07:56:22.1950373+02:00" testType="13cdc9d9-ddb5-4fa4-a97d-d965ccfc6d4b" outcome="Passed" testListId="8c84fa94-04c1-424b-9868-57a2d4851a1d" relativeResultsDirectory="f13ef2e7-6c95-493c-a0d4-e82ffb7c681c" />
    <UnitTestResult executionId="1b50a5a2-610e-428e-a4d7-0c45173771b5" testId="68481522-1b25-476e-b09d-828c94ab7751" testName="Equals_FromDataSorce_RetrnValueIsExpected (Data Row 30)" computerName="ICSWS068" duration="00:00:00.0000202" startTime="2016-08-04T07:56:22.1950373+02:00" endTime="2016-08-04T07:56:22.1950373+02:00" testType="13cdc9d9-ddb5-4fa4-a97d-d965ccfc6d4b" outcome="Passed" testListId="8c84fa94-04c1-424b-9868-57a2d4851a1d" relativeResultsDirectory="1b50a5a2-610e-428e-a4d7-0c45173771b5" />
    <UnitTestResult executionId="311afc68-452d-4e32-9b30-cd5a02ecd53d" testId="89ce08f2-f40c-4bf7-8501-53c263ab899a" testName="Equals_FromDataSorce_RetrnValueIsExpected (Data Row 31)" computerName="ICSWS068" duration="00:00:00.0000202" startTime="2016-08-04T07:56:22.1950373+02:00" endTime="2016-08-04T07:56:22.1950373+02:00" testType="13cdc9d9-ddb5-4fa4-a97d-d965ccfc6d4b" outcome="Passed" testListId="8c84fa94-04c1-424b-9868-57a2d4851a1d" relativeResultsDirectory="311afc68-452d-4e32-9b30-cd5a02ecd53d" />
    <UnitTestResult executionId="e8b932b0-fbf0-43fb-8f7c-88b6435bad09" testId="711a7692-6d16-493d-a6ff-3ae037e33f67" testName="Equals_FromDataSorce_RetrnValueIsExpected (Data Row 32)" computerName="ICSWS068" duration="00:00:00.0000225" startTime="2016-08-04T07:56:22.1950373+02:00" endTime="2016-08-04T07:56:22.1955385+02:00" testType="13cdc9d9-ddb5-4fa4-a97d-d965ccfc6d4b" outcome="Passed" testListId="8c84fa94-04c1-424b-9868-57a2d4851a1d" relativeResultsDirectory="e8b932b0-fbf0-43fb-8f7c-88b6435bad09" />
    <UnitTestResult executionId="e3c2f871-5496-4d70-a106-195007c7f929" testId="43f1415b-b3fa-41e5-bfe7-24c0723afc88" testName="Equals_FromDataSorce_RetrnValueIsExpected (Data Row 33)" computerName="ICSWS068" duration="00:00:00.0000225" startTime="2016-08-04T07:56:22.1955385+02:00" endTime="2016-08-04T07:56:22.1955385+02:00" testType="13cdc9d9-ddb5-4fa4-a97d-d965ccfc6d4b" outcome="Passed" testListId="8c84fa94-04c1-424b-9868-57a2d4851a1d" relativeResultsDirectory="e3c2f871-5496-4d70-a106-195007c7f929" />
    <UnitTestResult executionId="c348f18c-f107-4cc7-828e-4e5dd71f0997" testId="10a47184-b983-4128-b20a-59ade98fb96a" testName="Equals_FromDataSorce_RetrnValueIsExpected (Data Row 34)" computerName="ICSWS068" duration="00:00:00.0000211" startTime="2016-08-04T07:56:22.1955385+02:00" endTime="2016-08-04T07:56:22.1955385+02:00" testType="13cdc9d9-ddb5-4fa4-a97d-d965ccfc6d4b" outcome="Passed" testListId="8c84fa94-04c1-424b-9868-57a2d4851a1d" relativeResultsDirectory="c348f18c-f107-4cc7-828e-4e5dd71f0997" />
    <UnitTestResult executionId="9a34a4fa-4662-4220-bf5a-446daf384526" testId="798c9801-b96f-4194-8efc-f550a9d98946" testName="Equals_FromDataSorce_RetrnValueIsExpected (Data Row 35)" computerName="ICSWS068" duration="00:00:00.0000219" startTime="2016-08-04T07:56:22.1955385+02:00" endTime="2016-08-04T07:56:22.1955385+02:00" testType="13cdc9d9-ddb5-4fa4-a97d-d965ccfc6d4b" outcome="Passed" testListId="8c84fa94-04c1-424b-9868-57a2d4851a1d" relativeResultsDirectory="9a34a4fa-4662-4220-bf5a-446daf384526" />
    <UnitTestResult executionId="7db2b1a1-8470-4d9f-a4cd-6c635132ca5c" testId="896411d9-249f-44f0-90f7-be920b44fbf3" testName="Equals_FromDataSorce_RetrnValueIsExpected (Data Row 36)" computerName="ICSWS068" duration="00:00:00.0000202" startTime="2016-08-04T07:56:22.1955385+02:00" endTime="2016-08-04T07:56:22.1955385+02:00" testType="13cdc9d9-ddb5-4fa4-a97d-d965ccfc6d4b" outcome="Passed" testListId="8c84fa94-04c1-424b-9868-57a2d4851a1d" relativeResultsDirectory="7db2b1a1-8470-4d9f-a4cd-6c635132ca5c" />
    <UnitTestResult executionId="e4e160e4-a08a-41fe-8316-5a4ddec7207d" testId="991c14b8-9f18-4670-be54-22e28467eca4" testName="Equals_FromDataSorce_RetrnValueIsExpected (Data Row 37)" computerName="ICSWS068" duration="00:00:00.0000211" startTime="2016-08-04T07:56:22.1955385+02:00" endTime="2016-08-04T07:56:22.1955385+02:00" testType="13cdc9d9-ddb5-4fa4-a97d-d965ccfc6d4b" outcome="Passed" testListId="8c84fa94-04c1-424b-9868-57a2d4851a1d" relativeResultsDirectory="e4e160e4-a08a-41fe-8316-5a4ddec7207d" />
    <UnitTestResult executionId="01bdd36b-1306-45c6-b40f-ceee8a82effd" testId="f8c18eb1-c77a-4199-af56-5f1d7b795bac" testName="Equals_FromDataSorce_RetrnValueIsExpected (Data Row 38)" computerName="ICSWS068" duration="00:00:00.0000214" startTime="2016-08-04T07:56:22.1955385+02:00" endTime="2016-08-04T07:56:22.1955385+02:00" testType="13cdc9d9-ddb5-4fa4-a97d-d965ccfc6d4b" outcome="Passed" testListId="8c84fa94-04c1-424b-9868-57a2d4851a1d" relativeResultsDirectory="01bdd36b-1306-45c6-b40f-ceee8a82effd" />
    <UnitTestResult executionId="13126784-05e4-4d1f-8d94-64370a0d2dd5" testId="06884dfa-a941-467e-8bdc-7ed94410a758" testName="Equals_FromDataSorce_RetrnValueIsExpected (Data Row 39)" computerName="ICSWS068" duration="00:00:00.0000199" startTime="2016-08-04T07:56:22.1955385+02:00" endTime="2016-08-04T07:56:22.1955385+02:00" testType="13cdc9d9-ddb5-4fa4-a97d-d965ccfc6d4b" outcome="Passed" testListId="8c84fa94-04c1-424b-9868-57a2d4851a1d" relativeResultsDirectory="13126784-05e4-4d1f-8d94-64370a0d2dd5" />
    <UnitTestResult executionId="82f846ba-81f6-4db7-b8ee-b87d344619ce" testId="c3bda8ee-5103-48d9-8531-0fe8868dedf2" testName="Equals_FromDataSorce_RetrnValueIsExpected (Data Row 40)" computerName="ICSWS068" duration="00:00:00.0000211" startTime="2016-08-04T07:56:22.1955385+02:00" endTime="2016-08-04T07:56:22.1955385+02:00" testType="13cdc9d9-ddb5-4fa4-a97d-d965ccfc6d4b" outcome="Passed" testListId="8c84fa94-04c1-424b-9868-57a2d4851a1d" relativeResultsDirectory="82f846ba-81f6-4db7-b8ee-b87d344619ce" />
    <UnitTestResult executionId="816fafdc-09fb-4fc7-bd8c-3d449eb7087b" testId="fbee6473-052c-46ba-9763-31f27016c10a" testName="Equals_FromDataSorce_RetrnValueIsExpected (Data Row 41)" computerName="ICSWS068" duration="00:00:00.0000217" startTime="2016-08-04T07:56:22.1955385+02:00" endTime="2016-08-04T07:56:22.1955385+02:00" testType="13cdc9d9-ddb5-4fa4-a97d-d965ccfc6d4b" outcome="Passed" testListId="8c84fa94-04c1-424b-9868-57a2d4851a1d" relativeResultsDirectory="816fafdc-09fb-4fc7-bd8c-3d449eb7087b" />
    <UnitTestResult executionId="bc007e97-6074-4a10-a034-d0bff842f9d2" testId="769eeba9-89e4-4160-a974-35cc77c43c3f" testName="Equals_FromDataSorce_RetrnValueIsExpected (Data Row 42)" computerName="ICSWS068" duration="00:00:00.0000184" startTime="2016-08-04T07:56:22.1955385+02:00" endTime="2016-08-04T07:56:22.1955385+02:00" testType="13cdc9d9-ddb5-4fa4-a97d-d965ccfc6d4b" outcome="Passed" testListId="8c84fa94-04c1-424b-9868-57a2d4851a1d" relativeResultsDirectory="bc007e97-6074-4a10-a034-d0bff842f9d2" />
    <UnitTestResult executionId="6cdce2d8-facb-45b7-8f40-b43586911a30" testId="0d5bfa4a-818d-4126-a7b1-75dd10f5ac44" testName="Equals_FromDataSorce_RetrnValueIsExpected (Data Row 43)" computerName="ICSWS068" duration="00:00:00.0000202" startTime="2016-08-04T07:56:22.1955385+02:00" endTime="2016-08-04T07:56:22.1955385+02:00" testType="13cdc9d9-ddb5-4fa4-a97d-d965ccfc6d4b" outcome="Passed" testListId="8c84fa94-04c1-424b-9868-57a2d4851a1d" relativeResultsDirectory="6cdce2d8-facb-45b7-8f40-b43586911a30" />
    <UnitTestResult executionId="b29ac396-4b9f-4704-ad86-0c0e722c6d66" testId="fa597072-1418-44fd-aa6f-9c9eeb96cd2b" testName="Equals_FromDataSorce_RetrnValueIsExpected (Data Row 44)" computerName="ICSWS068" duration="00:00:00.0000217" startTime="2016-08-04T07:56:22.1955385+02:00" endTime="2016-08-04T07:56:22.1955385+02:00" testType="13cdc9d9-ddb5-4fa4-a97d-d965ccfc6d4b" outcome="Passed" testListId="8c84fa94-04c1-424b-9868-57a2d4851a1d" relativeResultsDirectory="b29ac396-4b9f-4704-ad86-0c0e722c6d66" />
    <UnitTestResult executionId="86eaaef8-03a3-4bef-b560-d8679bd22218" testId="d0691886-a7f0-4210-b254-46eade007167" testName="Equals_FromDataSorce_RetrnValueIsExpected (Data Row 45)" computerName="ICSWS068" duration="00:00:00.0000184" startTime="2016-08-04T07:56:22.1955385+02:00" endTime="2016-08-04T07:56:22.1955385+02:00" testType="13cdc9d9-ddb5-4fa4-a97d-d965ccfc6d4b" outcome="Passed" testListId="8c84fa94-04c1-424b-9868-57a2d4851a1d" relativeResultsDirectory="86eaaef8-03a3-4bef-b560-d8679bd22218" />
    <UnitTestResult executionId="60efde88-d5d6-48c4-99ea-c54d07980c85" testId="2cc70154-ffdb-4a3a-8501-45266c686631" testName="Equals_FromDataSorce_RetrnValueIsExpected (Data Row 46)" computerName="ICSWS068" duration="00:00:00.0000178" startTime="2016-08-04T07:56:22.1955385+02:00" endTime="2016-08-04T07:56:22.1955385+02:00" testType="13cdc9d9-ddb5-4fa4-a97d-d965ccfc6d4b" outcome="Passed" testListId="8c84fa94-04c1-424b-9868-57a2d4851a1d" relativeResultsDirectory="60efde88-d5d6-48c4-99ea-c54d07980c85" />
    <UnitTestResult executionId="77ee6c4c-50cd-4b08-bdd6-c4c5d1079797" testId="77ed7e1d-c87f-4a40-8735-c08bd5d4004a" testName="Equals_FromDataSorce_RetrnValueIsExpected (Data Row 47)" computerName="ICSWS068" duration="00:00:00.0000205" startTime="2016-08-04T07:56:22.1955385+02:00" endTime="2016-08-04T07:56:22.1955385+02:00" testType="13cdc9d9-ddb5-4fa4-a97d-d965ccfc6d4b" outcome="Passed" testListId="8c84fa94-04c1-424b-9868-57a2d4851a1d" relativeResultsDirectory="77ee6c4c-50cd-4b08-bdd6-c4c5d1079797" />
    <UnitTestResult executionId="a0c5d858-411e-4730-9e79-fd03e2148449" testId="54e82b88-2ad7-4048-abb5-cbf3cde9a3e6" testName="Equals_FromDataSorce_RetrnValueIsExpected (Data Row 48)" computerName="ICSWS068" duration="00:00:00.0000199" startTime="2016-08-04T07:56:22.1955385+02:00" endTime="2016-08-04T07:56:22.1955385+02:00" testType="13cdc9d9-ddb5-4fa4-a97d-d965ccfc6d4b" outcome="Passed" testListId="8c84fa94-04c1-424b-9868-57a2d4851a1d" relativeResultsDirectory="a0c5d858-411e-4730-9e79-fd03e2148449" />
    <UnitTestResult executionId="c41f14b5-00f8-4432-80b2-3cd3faf17892" testId="eb9e4efa-e8a9-42a7-a37b-64e11c5a1e69" testName="Equals_FromDataSorce_RetrnValueIsExpected (Data Row 49)" computerName="ICSWS068" duration="00:00:00.0000252" startTime="2016-08-04T07:56:22.1955385+02:00" endTime="2016-08-04T07:56:22.1960384+02:00" testType="13cdc9d9-ddb5-4fa4-a97d-d965ccfc6d4b" outcome="Passed" testListId="8c84fa94-04c1-424b-9868-57a2d4851a1d" relativeResultsDirectory="c41f14b5-00f8-4432-80b2-3cd3faf17892" />
    <UnitTestResult executionId="5c5669c4-6abe-45e6-80bd-f22d7e8694e2" testId="52126cba-1797-4924-a8d8-2db13eaf07a2" testName="Equals_FromDataSorce_RetrnValueIsExpected (Data Row 50)" computerName="ICSWS068" duration="00:00:00.0000316" startTime="2016-08-04T07:56:22.1960384+02:00" endTime="2016-08-04T07:56:22.1960384+02:00" testType="13cdc9d9-ddb5-4fa4-a97d-d965ccfc6d4b" outcome="Passed" testListId="8c84fa94-04c1-424b-9868-57a2d4851a1d" relativeResultsDirectory="5c5669c4-6abe-45e6-80bd-f22d7e8694e2" />
    <UnitTestResult executionId="06f0bda8-c333-4dbb-9f3b-0c98a53dda53" testId="765a4b1d-2baa-4281-9089-e6a57281d41e" testName="Equals_FromDataSorce_RetrnValueIsExpected (Data Row 51)" computerName="ICSWS068" duration="00:00:00.0000343" startTime="2016-08-04T07:56:22.1960384+02:00" endTime="2016-08-04T07:56:22.1960384+02:00" testType="13cdc9d9-ddb5-4fa4-a97d-d965ccfc6d4b" outcome="Passed" testListId="8c84fa94-04c1-424b-9868-57a2d4851a1d" relativeResultsDirectory="06f0bda8-c333-4dbb-9f3b-0c98a53dda53" />
    <UnitTestResult executionId="d276d82c-3100-4275-873b-1b5b1e59dc6e" testId="6b04b427-decc-433c-bd51-97518858bf16" testName="Equals_FromDataSorce_RetrnValueIsExpected (Data Row 52)" computerName="ICSWS068" duration="00:00:00.0000360" startTime="2016-08-04T07:56:22.1960384+02:00" endTime="2016-08-04T07:56:22.1960384+02:00" testType="13cdc9d9-ddb5-4fa4-a97d-d965ccfc6d4b" outcome="Passed" testListId="8c84fa94-04c1-424b-9868-57a2d4851a1d" relativeResultsDirectory="d276d82c-3100-4275-873b-1b5b1e59dc6e" />
    <UnitTestResult executionId="4fe388b1-57bd-48cc-9bd8-8146002f6843" testId="5cfc728f-59bb-4444-b0c9-1b5418b8090a" testName="Equals_FromDataSorce_RetrnValueIsExpected (Data Row 53)" computerName="ICSWS068" duration="00:00:00.0000395" startTime="2016-08-04T07:56:22.1960384+02:00" endTime="2016-08-04T07:56:22.1960384+02:00" testType="13cdc9d9-ddb5-4fa4-a97d-d965ccfc6d4b" outcome="Passed" testListId="8c84fa94-04c1-424b-9868-57a2d4851a1d" relativeResultsDirectory="4fe388b1-57bd-48cc-9bd8-8146002f6843" />
    <UnitTestResult executionId="643e49bd-1903-4473-9334-e3bab7e8fa6a" testId="2cd0f186-004a-4733-ad18-0b57cf6bbd6e" testName="Equals_FromDataSorce_RetrnValueIsExpected (Data Row 54)" computerName="ICSWS068" duration="00:00:00.0000516" startTime="2016-08-04T07:56:22.1960384+02:00" endTime="2016-08-04T07:56:22.1960384+02:00" testType="13cdc9d9-ddb5-4fa4-a97d-d965ccfc6d4b" outcome="Passed" testListId="8c84fa94-04c1-424b-9868-57a2d4851a1d" relativeResultsDirectory="643e49bd-1903-4473-9334-e3bab7e8fa6a" />
    <UnitTestResult executionId="a2033f40-4673-4b73-a79a-720fd66c86fd" testId="93af2e4b-9c2d-4a84-88d3-2299943ea8d3" testName="Equals_FromDataSorce_RetrnValueIsExpected (Data Row 55)" computerName="ICSWS068" duration="00:00:00.0000328" startTime="2016-08-04T07:56:22.1960384+02:00" endTime="2016-08-04T07:56:22.1960384+02:00" testType="13cdc9d9-ddb5-4fa4-a97d-d965ccfc6d4b" outcome="Passed" testListId="8c84fa94-04c1-424b-9868-57a2d4851a1d" relativeResultsDirectory="a2033f40-4673-4b73-a79a-720fd66c86fd" />
    <UnitTestResult executionId="d5e82b72-ac7c-4592-acd9-b60099515092" testId="3d5155a1-4b17-4899-abdf-7443dea73893" testName="Equals_FromDataSorce_RetrnValueIsExpected (Data Row 56)" computerName="ICSWS068" duration="00:00:00.0000366" startTime="2016-08-04T07:56:22.1960384+02:00" endTime="2016-08-04T07:56:22.1960384+02:00" testType="13cdc9d9-ddb5-4fa4-a97d-d965ccfc6d4b" outcome="Passed" testListId="8c84fa94-04c1-424b-9868-57a2d4851a1d" relativeResultsDirectory="d5e82b72-ac7c-4592-acd9-b60099515092" />
    <UnitTestResult executionId="50a7e60d-8801-4c2f-9d15-19e83c6477d3" testId="29e42521-9a1f-4703-99c0-9604f6624f8f" testName="Equals_FromDataSorce_RetrnValueIsExpected (Data Row 57)" computerName="ICSWS068" duration="00:00:00.0000360" startTime="2016-08-04T07:56:22.1960384+02:00" endTime="2016-08-04T07:56:22.1960384+02:00" testType="13cdc9d9-ddb5-4fa4-a97d-d965ccfc6d4b" outcome="Passed" testListId="8c84fa94-04c1-424b-9868-57a2d4851a1d" relativeResultsDirectory="50a7e60d-8801-4c2f-9d15-19e83c6477d3" />
    <UnitTestResult executionId="0d1cf963-1f7e-4c4c-bf86-9d42e245ffb8" testId="75390b97-ac00-412a-a74b-e68870dcaae3" testName="Equals_FromDataSorce_RetrnValueIsExpected (Data Row 58)" computerName="ICSWS068" duration="00:00:00.0000302" startTime="2016-08-04T07:56:22.1960384+02:00" endTime="2016-08-04T07:56:22.1960384+02:00" testType="13cdc9d9-ddb5-4fa4-a97d-d965ccfc6d4b" outcome="Passed" testListId="8c84fa94-04c1-424b-9868-57a2d4851a1d" relativeResultsDirectory="0d1cf963-1f7e-4c4c-bf86-9d42e245ffb8" />
    <UnitTestResult executionId="fe5df5ff-c8a5-4f1d-a22b-4cac42373931" testId="23aad15a-8aec-4a9d-882f-28de117a2e00" testName="Equals_FromDataSorce_RetrnValueIsExpected (Data Row 59)" computerName="ICSWS068" duration="00:00:00.0000246" startTime="2016-08-04T07:56:22.1960384+02:00" endTime="2016-08-04T07:56:22.1965396+02:00" testType="13cdc9d9-ddb5-4fa4-a97d-d965ccfc6d4b" outcome="Passed" testListId="8c84fa94-04c1-424b-9868-57a2d4851a1d" relativeResultsDirectory="fe5df5ff-c8a5-4f1d-a22b-4cac42373931" />
    <UnitTestResult executionId="b89d7a47-cae9-4944-8483-2148a6715b67" testId="471e8597-3529-4aae-a359-659bc44c8758" testName="Equals_FromDataSorce_RetrnValueIsExpected (Data Row 60)" computerName="ICSWS068" duration="00:00:00.0000240" startTime="2016-08-04T07:56:22.1965396+02:00" endTime="2016-08-04T07:56:22.1965396+02:00" testType="13cdc9d9-ddb5-4fa4-a97d-d965ccfc6d4b" outcome="Passed" testListId="8c84fa94-04c1-424b-9868-57a2d4851a1d" relativeResultsDirectory="b89d7a47-cae9-4944-8483-2148a6715b67" />
    <UnitTestResult executionId="4dde3f3f-c9b1-4c8c-bdab-42e0f781b988" testId="a35b18b3-0a58-469d-8077-dd31cd749b1f" testName="Equals_FromDataSorce_RetrnValueIsExpected (Data Row 61)" computerName="ICSWS068" duration="00:00:00.0000217" startTime="2016-08-04T07:56:22.1965396+02:00" endTime="2016-08-04T07:56:22.1965396+02:00" testType="13cdc9d9-ddb5-4fa4-a97d-d965ccfc6d4b" outcome="Passed" testListId="8c84fa94-04c1-424b-9868-57a2d4851a1d" relativeResultsDirectory="4dde3f3f-c9b1-4c8c-bdab-42e0f781b988" />
    <UnitTestResult executionId="fbb5de51-b7f1-4ead-817d-d73be5e30967" testId="36203089-a407-4460-becd-c9cdd879f364" testName="Equals_FromDataSorce_RetrnValueIsExpected (Data Row 62)" computerName="ICSWS068" duration="00:00:00.0000202" startTime="2016-08-04T07:56:22.1965396+02:00" endTime="2016-08-04T07:56:22.1965396+02:00" testType="13cdc9d9-ddb5-4fa4-a97d-d965ccfc6d4b" outcome="Passed" testListId="8c84fa94-04c1-424b-9868-57a2d4851a1d" relativeResultsDirectory="fbb5de51-b7f1-4ead-817d-d73be5e30967" />
    <UnitTestResult executionId="b094b5e3-f359-4ab7-982c-9970ba69d133" testId="174caa63-41e6-47a4-b0a1-dc51506a4a5c" testName="Equals_FromDataSorce_RetrnValueIsExpected (Data Row 63)" computerName="ICSWS068" duration="00:00:00.0000214" startTime="2016-08-04T07:56:22.1965396+02:00" endTime="2016-08-04T07:56:22.1965396+02:00" testType="13cdc9d9-ddb5-4fa4-a97d-d965ccfc6d4b" outcome="Passed" testListId="8c84fa94-04c1-424b-9868-57a2d4851a1d" relativeResultsDirectory="b094b5e3-f359-4ab7-982c-9970ba69d133" />
    <UnitTestResult executionId="7cc8429c-1cfa-487b-9a47-68a20aab39be" testId="7850c560-2a03-4a2a-af8d-2f8c07a4770f" testName="Equals_FromDataSorce_RetrnValueIsExpected (Data Row 64)" computerName="ICSWS068" duration="00:00:00.0000222" startTime="2016-08-04T07:56:22.1965396+02:00" endTime="2016-08-04T07:56:22.1965396+02:00" testType="13cdc9d9-ddb5-4fa4-a97d-d965ccfc6d4b" outcome="Passed" testListId="8c84fa94-04c1-424b-9868-57a2d4851a1d" relativeResultsDirectory="7cc8429c-1cfa-487b-9a47-68a20aab39be" />
    <UnitTestResult executionId="438a7f75-6944-4fc9-90c5-df93fb035760" testId="0fa8f154-54cb-4aa7-95f7-8b61d96b30b4" testName="Equals_FromDataSorce_RetrnValueIsExpected (Data Row 65)" computerName="ICSWS068" duration="00:00:00.0000211" startTime="2016-08-04T07:56:22.1965396+02:00" endTime="2016-08-04T07:56:22.1965396+02:00" testType="13cdc9d9-ddb5-4fa4-a97d-d965ccfc6d4b" outcome="Passed" testListId="8c84fa94-04c1-424b-9868-57a2d4851a1d" relativeResultsDirectory="438a7f75-6944-4fc9-90c5-df93fb035760" />
    <UnitTestResult executionId="13ca0e6c-7638-4f5d-a382-58d484d1cbb8" testId="6ffa7c08-78e7-420b-ba77-474b34c7473d" testName="Equals_FromDataSorce_RetrnValueIsExpected (Data Row 66)" computerName="ICSWS068" duration="00:00:00.0000205" startTime="2016-08-04T07:56:22.1965396+02:00" endTime="2016-08-04T07:56:22.1965396+02:00" testType="13cdc9d9-ddb5-4fa4-a97d-d965ccfc6d4b" outcome="Passed" testListId="8c84fa94-04c1-424b-9868-57a2d4851a1d" relativeResultsDirectory="13ca0e6c-7638-4f5d-a382-58d484d1cbb8" />
    <UnitTestResult executionId="7225e5d1-0d82-42bb-98d4-f4000d435c4b" testId="62ec7524-d321-4f71-b95e-0a12e1d856a3" testName="Equals_FromDataSorce_RetrnValueIsExpected (Data Row 67)" computerName="ICSWS068" duration="00:00:00.0000214" startTime="2016-08-04T07:56:22.1965396+02:00" endTime="2016-08-04T07:56:22.1965396+02:00" testType="13cdc9d9-ddb5-4fa4-a97d-d965ccfc6d4b" outcome="Passed" testListId="8c84fa94-04c1-424b-9868-57a2d4851a1d" relativeResultsDirectory="7225e5d1-0d82-42bb-98d4-f4000d435c4b" />
    <UnitTestResult executionId="bf381a46-abe4-4b12-ba13-89c4676c8de9" testId="bef6f8e4-784e-4d41-bc85-6ec140e38d43" testName="Equals_FromDataSorce_RetrnValueIsExpected (Data Row 68)" computerName="ICSWS068" duration="00:00:00.0000205" startTime="2016-08-04T07:56:22.1965396+02:00" endTime="2016-08-04T07:56:22.1965396+02:00" testType="13cdc9d9-ddb5-4fa4-a97d-d965ccfc6d4b" outcome="Passed" testListId="8c84fa94-04c1-424b-9868-57a2d4851a1d" relativeResultsDirectory="bf381a46-abe4-4b12-ba13-89c4676c8de9" />
    <UnitTestResult executionId="71e4c254-beb4-4c1f-959a-9af2052e6a2c" testId="d790f7d4-a938-49d8-af7d-6835c5518aa9" testName="Equals_FromDataSorce_RetrnValueIsExpected (Data Row 69)" computerName="ICSWS068" duration="00:00:00.0000187" startTime="2016-08-04T07:56:22.1965396+02:00" endTime="2016-08-04T07:56:22.1965396+02:00" testType="13cdc9d9-ddb5-4fa4-a97d-d965ccfc6d4b" outcome="Passed" testListId="8c84fa94-04c1-424b-9868-57a2d4851a1d" relativeResultsDirectory="71e4c254-beb4-4c1f-959a-9af2052e6a2c" />
    <UnitTestResult executionId="b3b2d5a0-f6bc-4725-873d-46f8c34b2b85" testId="ffead494-94c5-49a5-a674-ca9c346a8225" testName="Equals_FromDataSorce_RetrnValueIsExpected (Data Row 70)" computerName="ICSWS068" duration="00:00:00.0000214" startTime="2016-08-04T07:56:22.1965396+02:00" endTime="2016-08-04T07:56:22.1965396+02:00" testType="13cdc9d9-ddb5-4fa4-a97d-d965ccfc6d4b" outcome="Passed" testListId="8c84fa94-04c1-424b-9868-57a2d4851a1d" relativeResultsDirectory="b3b2d5a0-f6bc-4725-873d-46f8c34b2b85" />
    <UnitTestResult executionId="2d30299b-aff9-4cda-a02c-77f47acd402c" testId="fee48708-047e-4f19-ada1-3981eeeaf08c" testName="Equals_FromDataSorce_RetrnValueIsExpected (Data Row 71)" computerName="ICSWS068" duration="00:00:00.0000205" startTime="2016-08-04T07:56:22.1965396+02:00" endTime="2016-08-04T07:56:22.1965396+02:00" testType="13cdc9d9-ddb5-4fa4-a97d-d965ccfc6d4b" outcome="Passed" testListId="8c84fa94-04c1-424b-9868-57a2d4851a1d" relativeResultsDirectory="2d30299b-aff9-4cda-a02c-77f47acd402c" />
    <UnitTestResult executionId="12629a3f-a285-40c4-9d90-0f3e3f4a9aa0" testId="0d6324fc-aca8-4f6f-bc42-583c0c06504a" testName="Equals_FromDataSorce_RetrnValueIsExpected (Data Row 72)" computerName="ICSWS068" duration="00:00:00.0000199" startTime="2016-08-04T07:56:22.1965396+02:00" endTime="2016-08-04T07:56:22.1965396+02:00" testType="13cdc9d9-ddb5-4fa4-a97d-d965ccfc6d4b" outcome="Passed" testListId="8c84fa94-04c1-424b-9868-57a2d4851a1d" relativeResultsDirectory="12629a3f-a285-40c4-9d90-0f3e3f4a9aa0" />
    <UnitTestResult executionId="a16a193f-e314-4f75-a264-094f8f1b2ee0" testId="7b6dee47-47f7-4eb6-9857-7a03299428cb" testName="Equals_FromDataSorce_RetrnValueIsExpected (Data Row 73)" computerName="ICSWS068" duration="00:00:00.0000211" startTime="2016-08-04T07:56:22.1965396+02:00" endTime="2016-08-04T07:56:22.1965396+02:00" testType="13cdc9d9-ddb5-4fa4-a97d-d965ccfc6d4b" outcome="Passed" testListId="8c84fa94-04c1-424b-9868-57a2d4851a1d" relativeResultsDirectory="a16a193f-e314-4f75-a264-094f8f1b2ee0" />
    <UnitTestResult executionId="83f50e5b-7604-43ed-b840-4f962059c1d2" testId="534c9a7f-6dac-46e5-a42b-3ffcb5005f08" testName="Equals_FromDataSorce_RetrnValueIsExpected (Data Row 74)" computerName="ICSWS068" duration="00:00:00.0000199" startTime="2016-08-04T07:56:22.1965396+02:00" endTime="2016-08-04T07:56:22.1965396+02:00" testType="13cdc9d9-ddb5-4fa4-a97d-d965ccfc6d4b" outcome="Passed" testListId="8c84fa94-04c1-424b-9868-57a2d4851a1d" relativeResultsDirectory="83f50e5b-7604-43ed-b840-4f962059c1d2" />
    <UnitTestResult executionId="8c16d844-e601-478f-a2a9-a4b362472adc" testId="8fb5edd0-63c8-4aac-a907-1ce018969740" testName="Equals_FromDataSorce_RetrnValueIsExpected (Data Row 75)" computerName="ICSWS068" duration="00:00:00.0000196" startTime="2016-08-04T07:56:22.1965396+02:00" endTime="2016-08-04T07:56:22.1965396+02:00" testType="13cdc9d9-ddb5-4fa4-a97d-d965ccfc6d4b" outcome="Passed" testListId="8c84fa94-04c1-424b-9868-57a2d4851a1d" relativeResultsDirectory="8c16d844-e601-478f-a2a9-a4b362472adc" />
    <UnitTestResult executionId="ae43ae11-0a8a-4f7c-b8a3-c92b8310c0fb" testId="a653b370-8fb8-4d14-beb3-e0f2de828246" testName="Equals_FromDataSorce_RetrnValueIsExpected (Data Row 76)" computerName="ICSWS068" duration="00:00:00.0000211" startTime="2016-08-04T07:56:22.1965396+02:00" endTime="2016-08-04T07:56:22.1970402+02:00" testType="13cdc9d9-ddb5-4fa4-a97d-d965ccfc6d4b" outcome="Passed" testListId="8c84fa94-04c1-424b-9868-57a2d4851a1d" relativeResultsDirectory="ae43ae11-0a8a-4f7c-b8a3-c92b8310c0fb" />
    <UnitTestResult executionId="e32369ba-f208-44b5-873a-b0ac669add30" testId="b627ae4b-5384-41db-a960-d67bddce8daa" testName="Equals_FromDataSorce_RetrnValueIsExpected (Data Row 77)" computerName="ICSWS068" duration="00:00:00.0000205" startTime="2016-08-04T07:56:22.1970402+02:00" endTime="2016-08-04T07:56:22.1970402+02:00" testType="13cdc9d9-ddb5-4fa4-a97d-d965ccfc6d4b" outcome="Passed" testListId="8c84fa94-04c1-424b-9868-57a2d4851a1d" relativeResultsDirectory="e32369ba-f208-44b5-873a-b0ac669add30" />
    <UnitTestResult executionId="7651780b-17cc-4982-890f-46c7adf4d6ff" testId="14990459-bdfa-488e-bcac-2596ead0229a" testName="Equals_FromDataSorce_RetrnValueIsExpected (Data Row 78)" computerName="ICSWS068" duration="00:00:00.0000217" startTime="2016-08-04T07:56:22.1970402+02:00" endTime="2016-08-04T07:56:22.1970402+02:00" testType="13cdc9d9-ddb5-4fa4-a97d-d965ccfc6d4b" outcome="Passed" testListId="8c84fa94-04c1-424b-9868-57a2d4851a1d" relativeResultsDirectory="7651780b-17cc-4982-890f-46c7adf4d6ff" />
    <UnitTestResult executionId="64b02688-c7e8-4627-884a-78cf32ad5609" testId="4a160e92-958f-4398-9150-b0ceb7069860" testName="Equals_FromDataSorce_RetrnValueIsExpected (Data Row 79)" computerName="ICSWS068" duration="00:00:00.0000214" startTime="2016-08-04T07:56:22.1970402+02:00" endTime="2016-08-04T07:56:22.1970402+02:00" testType="13cdc9d9-ddb5-4fa4-a97d-d965ccfc6d4b" outcome="Passed" testListId="8c84fa94-04c1-424b-9868-57a2d4851a1d" relativeResultsDirectory="64b02688-c7e8-4627-884a-78cf32ad5609" />
    <UnitTestResult executionId="97b40407-4a07-4e5e-b5d2-62e9eeae521c" testId="4e5e7177-543d-45f0-9e35-387c5b229efe" testName="Equals_FromDataSorce_RetrnValueIsExpected (Data Row 80)" computerName="ICSWS068" duration="00:00:00.0000202" startTime="2016-08-04T07:56:22.1970402+02:00" endTime="2016-08-04T07:56:22.1970402+02:00" testType="13cdc9d9-ddb5-4fa4-a97d-d965ccfc6d4b" outcome="Passed" testListId="8c84fa94-04c1-424b-9868-57a2d4851a1d" relativeResultsDirectory="97b40407-4a07-4e5e-b5d2-62e9eeae521c" />
    <UnitTestResult executionId="e87b2495-9e38-4172-bf95-f21f7c97ab44" testId="054f9bf1-464a-47e2-9767-80c8ea0b580e" testName="Equals_FromDataSorce_RetrnValueIsExpected (Data Row 81)" computerName="ICSWS068" duration="00:00:00.0000184" startTime="2016-08-04T07:56:22.1970402+02:00" endTime="2016-08-04T07:56:22.1970402+02:00" testType="13cdc9d9-ddb5-4fa4-a97d-d965ccfc6d4b" outcome="Passed" testListId="8c84fa94-04c1-424b-9868-57a2d4851a1d" relativeResultsDirectory="e87b2495-9e38-4172-bf95-f21f7c97ab44" />
    <UnitTestResult executionId="7358e3f3-1f00-4beb-8acf-77f99a47013c" testId="b829d804-e98c-4e94-a5ee-dd2a945b752f" testName="Equals_FromDataSorce_RetrnValueIsExpected (Data Row 82)" computerName="ICSWS068" duration="00:00:00.0000170" startTime="2016-08-04T07:56:22.1970402+02:00" endTime="2016-08-04T07:56:22.1970402+02:00" testType="13cdc9d9-ddb5-4fa4-a97d-d965ccfc6d4b" outcome="Passed" testListId="8c84fa94-04c1-424b-9868-57a2d4851a1d" relativeResultsDirectory="7358e3f3-1f00-4beb-8acf-77f99a47013c" />
    <UnitTestResult executionId="bc366707-9bdb-48b2-8d36-a0240f234910" testId="abcfc3e8-b384-438e-8d33-16ff181b42e6" testName="Equals_FromDataSorce_RetrnValueIsExpected (Data Row 83)" computerName="ICSWS068" duration="00:00:00.0000187" startTime="2016-08-04T07:56:22.1970402+02:00" endTime="2016-08-04T07:56:22.1970402+02:00" testType="13cdc9d9-ddb5-4fa4-a97d-d965ccfc6d4b" outcome="Passed" testListId="8c84fa94-04c1-424b-9868-57a2d4851a1d" relativeResultsDirectory="bc366707-9bdb-48b2-8d36-a0240f234910" />
    <UnitTestResult executionId="ed43479a-6cd6-4d52-8d7e-12890948a8fa" testId="1722a91e-ff40-420e-891f-c25972eede1f" testName="Equals_FromDataSorce_RetrnValueIsExpected (Data Row 84)" computerName="ICSWS068" duration="00:00:00.0000199" startTime="2016-08-04T07:56:22.1970402+02:00" endTime="2016-08-04T07:56:22.1970402+02:00" testType="13cdc9d9-ddb5-4fa4-a97d-d965ccfc6d4b" outcome="Passed" testListId="8c84fa94-04c1-424b-9868-57a2d4851a1d" relativeResultsDirectory="ed43479a-6cd6-4d52-8d7e-12890948a8fa" />
    <UnitTestResult executionId="dcea1e3d-a3dc-42d4-9af3-d11f45a8bb5e" testId="d603e65e-b693-4bc2-9f42-1f6944bd211f" testName="Equals_FromDataSorce_RetrnValueIsExpected (Data Row 85)" computerName="ICSWS068" duration="00:00:00.0000187" startTime="2016-08-04T07:56:22.1970402+02:00" endTime="2016-08-04T07:56:22.1970402+02:00" testType="13cdc9d9-ddb5-4fa4-a97d-d965ccfc6d4b" outcome="Passed" testListId="8c84fa94-04c1-424b-9868-57a2d4851a1d" relativeResultsDirectory="dcea1e3d-a3dc-42d4-9af3-d11f45a8bb5e" />
    <UnitTestResult executionId="b6392bdc-4f31-4758-863f-6768cf256ded" testId="66f49fc3-36af-491f-ba89-4c64a3351604" testName="Equals_FromDataSorce_RetrnValueIsExpected (Data Row 86)" computerName="ICSWS068" duration="00:00:00.0000199" startTime="2016-08-04T07:56:22.1970402+02:00" endTime="2016-08-04T07:56:22.1970402+02:00" testType="13cdc9d9-ddb5-4fa4-a97d-d965ccfc6d4b" outcome="Passed" testListId="8c84fa94-04c1-424b-9868-57a2d4851a1d" relativeResultsDirectory="b6392bdc-4f31-4758-863f-6768cf256ded" />
    <UnitTestResult executionId="d6a25c14-edbf-4577-94ac-3afd6362ac37" testId="ffe7e89d-9179-418f-962d-af4c311375db" testName="Equals_FromDataSorce_RetrnValueIsExpected (Data Row 87)" computerName="ICSWS068" duration="00:00:00.0000199" startTime="2016-08-04T07:56:22.1970402+02:00" endTime="2016-08-04T07:56:22.1970402+02:00" testType="13cdc9d9-ddb5-4fa4-a97d-d965ccfc6d4b" outcome="Passed" testListId="8c84fa94-04c1-424b-9868-57a2d4851a1d" relativeResultsDirectory="d6a25c14-edbf-4577-94ac-3afd6362ac37" />
    <UnitTestResult executionId="ba4fdb72-8ec0-4ffd-90bb-b30d9f92851b" testId="35084fa5-c01e-4924-98ad-0f8da8b93759" testName="Equals_FromDataSorce_RetrnValueIsExpected (Data Row 88)" computerName="ICSWS068" duration="00:00:00.0000202" startTime="2016-08-04T07:56:22.1970402+02:00" endTime="2016-08-04T07:56:22.1970402+02:00" testType="13cdc9d9-ddb5-4fa4-a97d-d965ccfc6d4b" outcome="Passed" testListId="8c84fa94-04c1-424b-9868-57a2d4851a1d" relativeResultsDirectory="ba4fdb72-8ec0-4ffd-90bb-b30d9f92851b" />
    <UnitTestResult executionId="ed1dc083-3a08-4405-bebc-efdb51c0f6fc" testId="1fe46fbb-b709-4903-b811-ab517fdc4b90" testName="Equals_FromDataSorce_RetrnValueIsExpected (Data Row 89)" computerName="ICSWS068" duration="00:00:00.0000225" startTime="2016-08-04T07:56:22.1970402+02:00" endTime="2016-08-04T07:56:22.1970402+02:00" testType="13cdc9d9-ddb5-4fa4-a97d-d965ccfc6d4b" outcome="Passed" testListId="8c84fa94-04c1-424b-9868-57a2d4851a1d" relativeResultsDirectory="ed1dc083-3a08-4405-bebc-efdb51c0f6fc" />
    <UnitTestResult executionId="4990f694-75f7-4146-a452-d77f5d0d54b4" testId="014b06d4-20bd-4de5-8252-d0f67c349b6c" testName="Equals_FromDataSorce_RetrnValueIsExpected (Data Row 90)" computerName="ICSWS068" duration="00:00:00.0000199" startTime="2016-08-04T07:56:22.1970402+02:00" endTime="2016-08-04T07:56:22.1970402+02:00" testType="13cdc9d9-ddb5-4fa4-a97d-d965ccfc6d4b" outcome="Passed" testListId="8c84fa94-04c1-424b-9868-57a2d4851a1d" relativeResultsDirectory="4990f694-75f7-4146-a452-d77f5d0d54b4" />
    <UnitTestResult executionId="333e436d-cf04-490c-b93e-bd3d7abf1fc8" testId="3f990931-fe0f-44d3-b057-8f02a82784a4" testName="Equals_FromDataSorce_RetrnValueIsExpected (Data Row 91)" computerName="ICSWS068" duration="00:00:00.0000199" startTime="2016-08-04T07:56:22.1970402+02:00" endTime="2016-08-04T07:56:22.1970402+02:00" testType="13cdc9d9-ddb5-4fa4-a97d-d965ccfc6d4b" outcome="Passed" testListId="8c84fa94-04c1-424b-9868-57a2d4851a1d" relativeResultsDirectory="333e436d-cf04-490c-b93e-bd3d7abf1fc8" />
    <UnitTestResult executionId="6aecbf0a-433a-449e-8eb2-6eb438271078" testId="cf41d815-cd23-4a70-a890-cdb7b066aa36" testName="Equals_FromDataSorce_RetrnValueIsExpected (Data Row 92)" computerName="ICSWS068" duration="00:00:00.0000219" startTime="2016-08-04T07:56:22.1970402+02:00" endTime="2016-08-04T07:56:22.1970402+02:00" testType="13cdc9d9-ddb5-4fa4-a97d-d965ccfc6d4b" outcome="Passed" testListId="8c84fa94-04c1-424b-9868-57a2d4851a1d" relativeResultsDirectory="6aecbf0a-433a-449e-8eb2-6eb438271078" />
    <UnitTestResult executionId="457b4aca-7473-4508-a2f6-7cda210b75c2" testId="6071493b-917b-480b-b194-fbdffc2a5e75" testName="Equals_FromDataSorce_RetrnValueIsExpected (Data Row 93)" computerName="ICSWS068" duration="00:00:00.0000199" startTime="2016-08-04T07:56:22.1970402+02:00" endTime="2016-08-04T07:56:22.1970402+02:00" testType="13cdc9d9-ddb5-4fa4-a97d-d965ccfc6d4b" outcome="Passed" testListId="8c84fa94-04c1-424b-9868-57a2d4851a1d" relativeResultsDirectory="457b4aca-7473-4508-a2f6-7cda210b75c2" />
    <UnitTestResult executionId="fa66a6af-2d17-40a0-beab-55c1a5115977" testId="0c6f7519-117a-4f2f-acd1-0d1781bb2984" testName="Equals_FromDataSorce_RetrnValueIsExpected (Data Row 94)" computerName="ICSWS068" duration="00:00:00.0000208" startTime="2016-08-04T07:56:22.1970402+02:00" endTime="2016-08-04T07:56:22.1975405+02:00" testType="13cdc9d9-ddb5-4fa4-a97d-d965ccfc6d4b" outcome="Passed" testListId="8c84fa94-04c1-424b-9868-57a2d4851a1d" relativeResultsDirectory="fa66a6af-2d17-40a0-beab-55c1a5115977" />
    <UnitTestResult executionId="6fbec5fc-724b-40ce-805b-a7f2a951afe1" testId="cecb1cac-8a40-4f2b-b92a-6eca46af004b" testName="Equals_FromDataSorce_RetrnValueIsExpected (Data Row 95)" computerName="ICSWS068" duration="00:00:00.0000217" startTime="2016-08-04T07:56:22.1975405+02:00" endTime="2016-08-04T07:56:22.1975405+02:00" testType="13cdc9d9-ddb5-4fa4-a97d-d965ccfc6d4b" outcome="Passed" testListId="8c84fa94-04c1-424b-9868-57a2d4851a1d" relativeResultsDirectory="6fbec5fc-724b-40ce-805b-a7f2a951afe1" />
    <UnitTestResult executionId="59b6329b-b63c-48fb-85a7-bcaf10c35805" testId="4afd1407-7e86-4db0-a4f8-65e61128c4a3" testName="Equals_FromDataSorce_RetrnValueIsExpected (Data Row 96)" computerName="ICSWS068" duration="00:00:00.0000202" startTime="2016-08-04T07:56:22.1975405+02:00" endTime="2016-08-04T07:56:22.1975405+02:00" testType="13cdc9d9-ddb5-4fa4-a97d-d965ccfc6d4b" outcome="Passed" testListId="8c84fa94-04c1-424b-9868-57a2d4851a1d" relativeResultsDirectory="59b6329b-b63c-48fb-85a7-bcaf10c35805" />
    <UnitTestResult executionId="a81810a5-8722-405e-b241-208a45b7898b" testId="834a0c28-d0fa-47e4-8b11-2af143a533fd" testName="Equals_FromDataSorce_RetrnValueIsExpected (Data Row 97)" computerName="ICSWS068" duration="00:00:00.0000202" startTime="2016-08-04T07:56:22.1975405+02:00" endTime="2016-08-04T07:56:22.1975405+02:00" testType="13cdc9d9-ddb5-4fa4-a97d-d965ccfc6d4b" outcome="Passed" testListId="8c84fa94-04c1-424b-9868-57a2d4851a1d" relativeResultsDirectory="a81810a5-8722-405e-b241-208a45b7898b" />
    <UnitTestResult executionId="05fad9a8-d95f-47fe-a740-6d8a993b1ac7" testId="4964c243-d870-4f78-b21a-ce58bdcb4dcc" testName="Equals_FromDataSorce_RetrnValueIsExpected (Data Row 98)" computerName="ICSWS068" duration="00:00:00.0000214" startTime="2016-08-04T07:56:22.1975405+02:00" endTime="2016-08-04T07:56:22.1975405+02:00" testType="13cdc9d9-ddb5-4fa4-a97d-d965ccfc6d4b" outcome="Passed" testListId="8c84fa94-04c1-424b-9868-57a2d4851a1d" relativeResultsDirectory="05fad9a8-d95f-47fe-a740-6d8a993b1ac7" />
    <UnitTestResult executionId="fcec16ad-4118-4175-bdf7-54d60698b4ce" testId="44329906-c3f5-421c-b39d-3b39c2888ea8" testName="Equals_FromDataSorce_RetrnValueIsExpected (Data Row 99)" computerName="ICSWS068" duration="00:00:00.0000199" startTime="2016-08-04T07:56:22.1975405+02:00" endTime="2016-08-04T07:56:22.1975405+02:00" testType="13cdc9d9-ddb5-4fa4-a97d-d965ccfc6d4b" outcome="Passed" testListId="8c84fa94-04c1-424b-9868-57a2d4851a1d" relativeResultsDirectory="fcec16ad-4118-4175-bdf7-54d60698b4ce" />
    <UnitTestResult executionId="d9c69f34-d8ad-4e8a-81e1-d33b15475d46" testId="228420dd-cc5a-43bc-99e9-843bd4250372" testName="Equals_FromDataSorce_RetrnValueIsExpected (Data Row 100)" computerName="ICSWS068" duration="00:00:00.0000205" startTime="2016-08-04T07:56:22.1975405+02:00" endTime="2016-08-04T07:56:22.1975405+02:00" testType="13cdc9d9-ddb5-4fa4-a97d-d965ccfc6d4b" outcome="Passed" testListId="8c84fa94-04c1-424b-9868-57a2d4851a1d" relativeResultsDirectory="d9c69f34-d8ad-4e8a-81e1-d33b15475d46" />
    <UnitTestResult executionId="424a3940-ffb6-485c-bb86-97eed75ed879" testId="e3317058-f3bf-4e71-b63d-26ed70a28775" testName="Equals_FromDataSorce_RetrnValueIsExpected (Data Row 101)" computerName="ICSWS068" duration="00:00:00.0000219" startTime="2016-08-04T07:56:22.1975405+02:00" endTime="2016-08-04T07:56:22.1975405+02:00" testType="13cdc9d9-ddb5-4fa4-a97d-d965ccfc6d4b" outcome="Passed" testListId="8c84fa94-04c1-424b-9868-57a2d4851a1d" relativeResultsDirectory="424a3940-ffb6-485c-bb86-97eed75ed879" />
    <UnitTestResult executionId="ff7f2886-8dcf-4e1b-aa71-9e321320059b" testId="5f21a80c-a080-414c-9535-2438e76f395b" testName="Equals_FromDataSorce_RetrnValueIsExpected (Data Row 102)" computerName="ICSWS068" duration="00:00:00.0000196" startTime="2016-08-04T07:56:22.1975405+02:00" endTime="2016-08-04T07:56:22.1975405+02:00" testType="13cdc9d9-ddb5-4fa4-a97d-d965ccfc6d4b" outcome="Passed" testListId="8c84fa94-04c1-424b-9868-57a2d4851a1d" relativeResultsDirectory="ff7f2886-8dcf-4e1b-aa71-9e321320059b" />
    <UnitTestResult executionId="3a2c28f6-bc4d-458b-af31-44d48ddbe020" testId="649a2270-89bb-4396-af70-2475fc63e4f9" testName="Equals_FromDataSorce_RetrnValueIsExpected (Data Row 103)" computerName="ICSWS068" duration="00:00:00.0000202" startTime="2016-08-04T07:56:22.1975405+02:00" endTime="2016-08-04T07:56:22.1975405+02:00" testType="13cdc9d9-ddb5-4fa4-a97d-d965ccfc6d4b" outcome="Passed" testListId="8c84fa94-04c1-424b-9868-57a2d4851a1d" relativeResultsDirectory="3a2c28f6-bc4d-458b-af31-44d48ddbe020" />
    <UnitTestResult executionId="1ed318ce-e2a7-4fed-ac30-335b0663ec32" testId="fa31ea63-f6c3-4563-831e-c2ef12551dbd" testName="Equals_FromDataSorce_RetrnValueIsExpected (Data Row 104)" computerName="ICSWS068" duration="00:00:00.0000211" startTime="2016-08-04T07:56:22.1975405+02:00" endTime="2016-08-04T07:56:22.1975405+02:00" testType="13cdc9d9-ddb5-4fa4-a97d-d965ccfc6d4b" outcome="Passed" testListId="8c84fa94-04c1-424b-9868-57a2d4851a1d" relativeResultsDirectory="1ed318ce-e2a7-4fed-ac30-335b0663ec32" />
    <UnitTestResult executionId="28befeae-b9d1-44c8-9507-b04d2ea416ae" testId="55b46837-9436-4977-9298-d047c2d4cb73" testName="Equals_FromDataSorce_RetrnValueIsExpected (Data Row 105)" computerName="ICSWS068" duration="00:00:00.0000199" startTime="2016-08-04T07:56:22.1975405+02:00" endTime="2016-08-04T07:56:22.1975405+02:00" testType="13cdc9d9-ddb5-4fa4-a97d-d965ccfc6d4b" outcome="Passed" testListId="8c84fa94-04c1-424b-9868-57a2d4851a1d" relativeResultsDirectory="28befeae-b9d1-44c8-9507-b04d2ea416ae" />
    <UnitTestResult executionId="5edcc746-c239-458a-836d-cb18c2098a5e" testId="44a09469-336e-4489-9ae0-b9bc15aa4d19" testName="Equals_FromDataSorce_RetrnValueIsExpected (Data Row 106)" computerName="ICSWS068" duration="00:00:00.0000196" startTime="2016-08-04T07:56:22.1975405+02:00" endTime="2016-08-04T07:56:22.1975405+02:00" testType="13cdc9d9-ddb5-4fa4-a97d-d965ccfc6d4b" outcome="Passed" testListId="8c84fa94-04c1-424b-9868-57a2d4851a1d" relativeResultsDirectory="5edcc746-c239-458a-836d-cb18c2098a5e" />
    <UnitTestResult executionId="4a79e22e-9bfa-4f63-9e95-a1b49ef5386c" testId="adbe083e-5c50-4653-8297-7a55f762afae" testName="Equals_FromDataSorce_RetrnValueIsExpected (Data Row 107)" computerName="ICSWS068" duration="00:00:00.0000214" startTime="2016-08-04T07:56:22.1975405+02:00" endTime="2016-08-04T07:56:22.1975405+02:00" testType="13cdc9d9-ddb5-4fa4-a97d-d965ccfc6d4b" outcome="Passed" testListId="8c84fa94-04c1-424b-9868-57a2d4851a1d" relativeResultsDirectory="4a79e22e-9bfa-4f63-9e95-a1b49ef5386c" />
    <UnitTestResult executionId="9dacc5c3-d9cb-46fa-9c4d-8cf0ee098205" testId="c6029213-716b-4eda-bb15-a7c50271feb0" testName="Equals_FromDataSorce_RetrnValueIsExpected (Data Row 108)" computerName="ICSWS068" duration="00:00:00.0000205" startTime="2016-08-04T07:56:22.1975405+02:00" endTime="2016-08-04T07:56:22.1975405+02:00" testType="13cdc9d9-ddb5-4fa4-a97d-d965ccfc6d4b" outcome="Passed" testListId="8c84fa94-04c1-424b-9868-57a2d4851a1d" relativeResultsDirectory="9dacc5c3-d9cb-46fa-9c4d-8cf0ee098205" />
    <UnitTestResult executionId="bdbf9123-cd3d-4750-af6c-4f337bf55bcb" testId="60712df9-f7d9-4708-a5c6-5bf3fff32986" testName="Equals_FromDataSorce_RetrnValueIsExpected (Data Row 109)" computerName="ICSWS068" duration="00:00:00.0000199" startTime="2016-08-04T07:56:22.1975405+02:00" endTime="2016-08-04T07:56:22.1975405+02:00" testType="13cdc9d9-ddb5-4fa4-a97d-d965ccfc6d4b" outcome="Passed" testListId="8c84fa94-04c1-424b-9868-57a2d4851a1d" relativeResultsDirectory="bdbf9123-cd3d-4750-af6c-4f337bf55bcb" />
    <UnitTestResult executionId="10290354-29d0-4576-ab4e-7b456df92d66" testId="915ac9da-265a-477e-aa62-941f448ceeea" testName="Equals_FromDataSorce_RetrnValueIsExpected (Data Row 110)" computerName="ICSWS068" duration="00:00:00.0000211" startTime="2016-08-04T07:56:22.1975405+02:00" endTime="2016-08-04T07:56:22.1975405+02:00" testType="13cdc9d9-ddb5-4fa4-a97d-d965ccfc6d4b" outcome="Passed" testListId="8c84fa94-04c1-424b-9868-57a2d4851a1d" relativeResultsDirectory="10290354-29d0-4576-ab4e-7b456df92d66" />
    <UnitTestResult executionId="824a0db2-1099-4856-8d08-5368c2800589" testId="6281914c-a015-41ab-9a75-03acdbc3d1dc" testName="IsSameValue_FromDataSorce_RetrnValueIsExpected (Data Row 0)" computerName="ICSWS068" duration="00:00:00.0004404" startTime="2016-08-04T07:56:22.2135543+02:00" endTime="2016-08-04T07:56:22.2140549+02:00" testType="13cdc9d9-ddb5-4fa4-a97d-d965ccfc6d4b" outcome="Passed" testListId="8c84fa94-04c1-424b-9868-57a2d4851a1d" relativeResultsDirectory="824a0db2-1099-4856-8d08-5368c2800589" />
    <UnitTestResult executionId="905c53e6-3b76-46fc-bbdd-cbaecb61c345" testId="a6cd8f23-1fe7-4e60-b4fe-912707f75d9e" testName="IsSameValue_FromDataSorce_RetrnValueIsExpected (Data Row 1)" computerName="ICSWS068" duration="00:00:00.0000299" startTime="2016-08-04T07:56:22.2140549+02:00" endTime="2016-08-04T07:56:22.2140549+02:00" testType="13cdc9d9-ddb5-4fa4-a97d-d965ccfc6d4b" outcome="Passed" testListId="8c84fa94-04c1-424b-9868-57a2d4851a1d" relativeResultsDirectory="905c53e6-3b76-46fc-bbdd-cbaecb61c345" />
    <UnitTestResult executionId="8bec90cd-8f57-4a9a-8f0d-e47c630a3b93" testId="e2b15594-af9e-4f59-b820-28a0b67fa458" testName="IsSameValue_FromDataSorce_RetrnValueIsExpected (Data Row 2)" computerName="ICSWS068" duration="00:00:00.0000263" startTime="2016-08-04T07:56:22.2140549+02:00" endTime="2016-08-04T07:56:22.2140549+02:00" testType="13cdc9d9-ddb5-4fa4-a97d-d965ccfc6d4b" outcome="Passed" testListId="8c84fa94-04c1-424b-9868-57a2d4851a1d" relativeResultsDirectory="8bec90cd-8f57-4a9a-8f0d-e47c630a3b93" />
    <UnitTestResult executionId="3869d752-8010-4767-a6b8-7e1766d10522" testId="87695038-40ec-4a0d-a09d-24e4f4d223ee" testName="IsSameValue_FromDataSorce_RetrnValueIsExpected (Data Row 3)" computerName="ICSWS068" duration="00:00:00.0000222" startTime="2016-08-04T07:56:22.2140549+02:00" endTime="2016-08-04T07:56:22.2140549+02:00" testType="13cdc9d9-ddb5-4fa4-a97d-d965ccfc6d4b" outcome="Passed" testListId="8c84fa94-04c1-424b-9868-57a2d4851a1d" relativeResultsDirectory="3869d752-8010-4767-a6b8-7e1766d10522" />
    <UnitTestResult executionId="adb4ec8f-a47d-4214-8dfa-55c5272e73ec" testId="4b93047f-7947-4c6f-85b7-4a57dc8ce219" testName="IsSameValue_FromDataSorce_RetrnValueIsExpected (Data Row 4)" computerName="ICSWS068" duration="00:00:00.0000234" startTime="2016-08-04T07:56:22.2140549+02:00" endTime="2016-08-04T07:56:22.2140549+02:00" testType="13cdc9d9-ddb5-4fa4-a97d-d965ccfc6d4b" outcome="Passed" testListId="8c84fa94-04c1-424b-9868-57a2d4851a1d" relativeResultsDirectory="adb4ec8f-a47d-4214-8dfa-55c5272e73ec" />
    <UnitTestResult executionId="4a087e6a-1d98-4232-946e-7e23d86d4e0e" testId="f76f8333-f40d-46c1-a350-ca58a1df4703" testName="IsSameValue_FromDataSorce_RetrnValueIsExpected (Data Row 5)" computerName="ICSWS068" duration="00:00:00.0000219" startTime="2016-08-04T07:56:22.2140549+02:00" endTime="2016-08-04T07:56:22.2140549+02:00" testType="13cdc9d9-ddb5-4fa4-a97d-d965ccfc6d4b" outcome="Passed" testListId="8c84fa94-04c1-424b-9868-57a2d4851a1d" relativeResultsDirectory="4a087e6a-1d98-4232-946e-7e23d86d4e0e" />
    <UnitTestResult executionId="cecddf01-847f-42cb-b3fe-6e461429ed5f" testId="2296b549-76d0-4fcd-b04b-e0bb075fbeaa" testName="IsSameValue_FromDataSorce_RetrnValueIsExpected (Data Row 6)" computerName="ICSWS068" duration="00:00:00.0000202" startTime="2016-08-04T07:56:22.2140549+02:00" endTime="2016-08-04T07:56:22.2140549+02:00" testType="13cdc9d9-ddb5-4fa4-a97d-d965ccfc6d4b" outcome="Passed" testListId="8c84fa94-04c1-424b-9868-57a2d4851a1d" relativeResultsDirectory="cecddf01-847f-42cb-b3fe-6e461429ed5f" />
    <UnitTestResult executionId="c9f9fac6-5f92-48a7-9a46-766711d25be8" testId="efec0fa2-0127-4498-866b-5b466fb08173" testName="IsSameValue_FromDataSorce_RetrnValueIsExpected (Data Row 7)" computerName="ICSWS068" duration="00:00:00.0000202" startTime="2016-08-04T07:56:22.2140549+02:00" endTime="2016-08-04T07:56:22.2140549+02:00" testType="13cdc9d9-ddb5-4fa4-a97d-d965ccfc6d4b" outcome="Passed" testListId="8c84fa94-04c1-424b-9868-57a2d4851a1d" relativeResultsDirectory="c9f9fac6-5f92-48a7-9a46-766711d25be8" />
    <UnitTestResult executionId="27dd9545-3817-4b42-a842-b9b33d9347fc" testId="720a7dfb-0969-42c3-b3c1-b816fc3a5717" testName="IsSameValue_FromDataSorce_RetrnValueIsExpected (Data Row 8)" computerName="ICSWS068" duration="00:00:00.0000211" startTime="2016-08-04T07:56:22.2140549+02:00" endTime="2016-08-04T07:56:22.2140549+02:00" testType="13cdc9d9-ddb5-4fa4-a97d-d965ccfc6d4b" outcome="Passed" testListId="8c84fa94-04c1-424b-9868-57a2d4851a1d" relativeResultsDirectory="27dd9545-3817-4b42-a842-b9b33d9347fc" />
    <UnitTestResult executionId="e59f54d8-2987-44a7-84b4-1d3a221e2169" testId="159e7439-2319-409f-a184-bef6632f2654" testName="IsSameValue_FromDataSorce_RetrnValueIsExpected (Data Row 9)" computerName="ICSWS068" duration="00:00:00.0000228" startTime="2016-08-04T07:56:22.2140549+02:00" endTime="2016-08-04T07:56:22.2140549+02:00" testType="13cdc9d9-ddb5-4fa4-a97d-d965ccfc6d4b" outcome="Passed" testListId="8c84fa94-04c1-424b-9868-57a2d4851a1d" relativeResultsDirectory="e59f54d8-2987-44a7-84b4-1d3a221e2169" />
    <UnitTestResult executionId="176de6bd-4914-469b-842d-1dc54221f96e" testId="a72f01dc-658b-4aca-aa3e-268f55fa6c24" testName="IsSameValue_FromDataSorce_RetrnValueIsExpected (Data Row 10)" computerName="ICSWS068" duration="00:00:00.0000211" startTime="2016-08-04T07:56:22.2140549+02:00" endTime="2016-08-04T07:56:22.2140549+02:00" testType="13cdc9d9-ddb5-4fa4-a97d-d965ccfc6d4b" outcome="Passed" testListId="8c84fa94-04c1-424b-9868-57a2d4851a1d" relativeResultsDirectory="176de6bd-4914-469b-842d-1dc54221f96e" />
    <UnitTestResult executionId="d5b93b2d-b842-442d-bc25-1e5896cb75f5" testId="7e5abbf6-a111-47e8-b858-86792584675b" testName="IsSameValue_FromDataSorce_RetrnValueIsExpected (Data Row 11)" computerName="ICSWS068" duration="00:00:00.0000211" startTime="2016-08-04T07:56:22.2140549+02:00" endTime="2016-08-04T07:56:22.2140549+02:00" testType="13cdc9d9-ddb5-4fa4-a97d-d965ccfc6d4b" outcome="Passed" testListId="8c84fa94-04c1-424b-9868-57a2d4851a1d" relativeResultsDirectory="d5b93b2d-b842-442d-bc25-1e5896cb75f5" />
    <UnitTestResult executionId="ab79de99-7601-4fa6-8970-b109556423aa" testId="18defc31-78c2-4d5a-b225-5f8cab52bb60" testName="IsSameValue_FromDataSorce_RetrnValueIsExpected (Data Row 12)" computerName="ICSWS068" duration="00:00:00.0000175" startTime="2016-08-04T07:56:22.2140549+02:00" endTime="2016-08-04T07:56:22.2140549+02:00" testType="13cdc9d9-ddb5-4fa4-a97d-d965ccfc6d4b" outcome="Passed" testListId="8c84fa94-04c1-424b-9868-57a2d4851a1d" relativeResultsDirectory="ab79de99-7601-4fa6-8970-b109556423aa" />
    <UnitTestResult executionId="ceb253bd-cf10-4d49-b4c2-84e8efc01083" testId="17fa757f-8a8e-40d5-9006-874ebf453d5c" testName="IsSameValue_FromDataSorce_RetrnValueIsExpected (Data Row 13)" computerName="ICSWS068" duration="00:00:00.0000269" startTime="2016-08-04T07:56:22.2140549+02:00" endTime="2016-08-04T07:56:22.2145551+02:00" testType="13cdc9d9-ddb5-4fa4-a97d-d965ccfc6d4b" outcome="Passed" testListId="8c84fa94-04c1-424b-9868-57a2d4851a1d" relativeResultsDirectory="ceb253bd-cf10-4d49-b4c2-84e8efc01083" />
    <UnitTestResult executionId="d8f2f21d-daae-4f9d-a22a-138ce499fd23" testId="82c8c3ef-3614-4d65-976c-ee5d74770823" testName="IsSameValue_FromDataSorce_RetrnValueIsExpected (Data Row 14)" computerName="ICSWS068" duration="00:00:00.0000269" startTime="2016-08-04T07:56:22.2145551+02:00" endTime="2016-08-04T07:56:22.2145551+02:00" testType="13cdc9d9-ddb5-4fa4-a97d-d965ccfc6d4b" outcome="Passed" testListId="8c84fa94-04c1-424b-9868-57a2d4851a1d" relativeResultsDirectory="d8f2f21d-daae-4f9d-a22a-138ce499fd23" />
    <UnitTestResult executionId="56c11ace-15ec-4ada-9d46-70e5cb5a5140" testId="169816d6-e74c-47d6-b12e-d90ea5b020dd" testName="IsSameValue_FromDataSorce_RetrnValueIsExpected (Data Row 15)" computerName="ICSWS068" duration="00:00:00.0000202" startTime="2016-08-04T07:56:22.2145551+02:00" endTime="2016-08-04T07:56:22.2145551+02:00" testType="13cdc9d9-ddb5-4fa4-a97d-d965ccfc6d4b" outcome="Passed" testListId="8c84fa94-04c1-424b-9868-57a2d4851a1d" relativeResultsDirectory="56c11ace-15ec-4ada-9d46-70e5cb5a5140" />
    <UnitTestResult executionId="84779d67-6fbc-4376-a901-a753dfd2c486" testId="689f3bef-b102-4ee6-82f7-5f468060b787" testName="IsSameValue_FromDataSorce_RetrnValueIsExpected (Data Row 16)" computerName="ICSWS068" duration="00:00:00.0000208" startTime="2016-08-04T07:56:22.2145551+02:00" endTime="2016-08-04T07:56:22.2145551+02:00" testType="13cdc9d9-ddb5-4fa4-a97d-d965ccfc6d4b" outcome="Passed" testListId="8c84fa94-04c1-424b-9868-57a2d4851a1d" relativeResultsDirectory="84779d67-6fbc-4376-a901-a753dfd2c486" />
    <UnitTestResult executionId="896ca498-276c-4e42-bc56-2cb550b2f0e1" testId="704c51e8-1535-4874-8771-e7942e7b9b05" testName="IsSameValue_FromDataSorce_RetrnValueIsExpected (Data Row 17)" computerName="ICSWS068" duration="00:00:00.0000193" startTime="2016-08-04T07:56:22.2145551+02:00" endTime="2016-08-04T07:56:22.2145551+02:00" testType="13cdc9d9-ddb5-4fa4-a97d-d965ccfc6d4b" outcome="Passed" testListId="8c84fa94-04c1-424b-9868-57a2d4851a1d" relativeResultsDirectory="896ca498-276c-4e42-bc56-2cb550b2f0e1" />
    <UnitTestResult executionId="5aa79596-d612-4447-9a4d-09ef8d7b96e6" testId="3e79b4b1-2920-4f88-a310-d60607ff56a6" testName="IsSameValue_FromDataSorce_RetrnValueIsExpected (Data Row 18)" computerName="ICSWS068" duration="00:00:00.0000205" startTime="2016-08-04T07:56:22.2145551+02:00" endTime="2016-08-04T07:56:22.2145551+02:00" testType="13cdc9d9-ddb5-4fa4-a97d-d965ccfc6d4b" outcome="Passed" testListId="8c84fa94-04c1-424b-9868-57a2d4851a1d" relativeResultsDirectory="5aa79596-d612-4447-9a4d-09ef8d7b96e6" />
    <UnitTestResult executionId="edb7a4bc-8be8-43a0-a70a-9568efe6ffc8" testId="7fa46f80-bf0b-4f4d-bfbb-4ca5e11df9bf" testName="IsSameValue_FromDataSorce_RetrnValueIsExpected (Data Row 19)" computerName="ICSWS068" duration="00:00:00.0000214" startTime="2016-08-04T07:56:22.2145551+02:00" endTime="2016-08-04T07:56:22.2145551+02:00" testType="13cdc9d9-ddb5-4fa4-a97d-d965ccfc6d4b" outcome="Passed" testListId="8c84fa94-04c1-424b-9868-57a2d4851a1d" relativeResultsDirectory="edb7a4bc-8be8-43a0-a70a-9568efe6ffc8" />
    <UnitTestResult executionId="4b4252fc-65a3-4e99-8706-080379113fff" testId="a5355565-2d6c-4725-8e49-63c219275efa" testName="IsSameValue_FromDataSorce_RetrnValueIsExpected (Data Row 20)" computerName="ICSWS068" duration="00:00:00.0000205" startTime="2016-08-04T07:56:22.2145551+02:00" endTime="2016-08-04T07:56:22.2145551+02:00" testType="13cdc9d9-ddb5-4fa4-a97d-d965ccfc6d4b" outcome="Passed" testListId="8c84fa94-04c1-424b-9868-57a2d4851a1d" relativeResultsDirectory="4b4252fc-65a3-4e99-8706-080379113fff" />
    <UnitTestResult executionId="87eff4c6-903e-4b52-a590-c1d075432d0d" testId="012a7a69-dbed-4bca-b2a7-ea8ee38ee878" testName="IsSameValue_FromDataSorce_RetrnValueIsExpected (Data Row 21)" computerName="ICSWS068" duration="00:00:00.0000205" startTime="2016-08-04T07:56:22.2145551+02:00" endTime="2016-08-04T07:56:22.2145551+02:00" testType="13cdc9d9-ddb5-4fa4-a97d-d965ccfc6d4b" outcome="Passed" testListId="8c84fa94-04c1-424b-9868-57a2d4851a1d" relativeResultsDirectory="87eff4c6-903e-4b52-a590-c1d075432d0d" />
    <UnitTestResult executionId="1a746ad1-5bbd-4632-92c1-b3a270d09606" testId="0e58d296-e226-4796-8226-7771fc65c5d5" testName="IsSameValue_FromDataSorce_RetrnValueIsExpected (Data Row 22)" computerName="ICSWS068" duration="00:00:00.0000219" startTime="2016-08-04T07:56:22.2145551+02:00" endTime="2016-08-04T07:56:22.2145551+02:00" testType="13cdc9d9-ddb5-4fa4-a97d-d965ccfc6d4b" outcome="Passed" testListId="8c84fa94-04c1-424b-9868-57a2d4851a1d" relativeResultsDirectory="1a746ad1-5bbd-4632-92c1-b3a270d09606" />
    <UnitTestResult executionId="6c8c3524-9099-40bd-acc0-2120ded85ce8" testId="eeb8bebb-b012-48ed-ab7d-9c8b82b42e93" testName="IsSameValue_FromDataSorce_RetrnValueIsExpected (Data Row 23)" computerName="ICSWS068" duration="00:00:00.0000211" startTime="2016-08-04T07:56:22.2145551+02:00" endTime="2016-08-04T07:56:22.2145551+02:00" testType="13cdc9d9-ddb5-4fa4-a97d-d965ccfc6d4b" outcome="Passed" testListId="8c84fa94-04c1-424b-9868-57a2d4851a1d" relativeResultsDirectory="6c8c3524-9099-40bd-acc0-2120ded85ce8" />
    <UnitTestResult executionId="dcce4095-0b80-40b5-b28f-94bafd89a974" testId="865a95db-e9c7-4c88-8075-c01883e96b59" testName="IsSameValue_FromDataSorce_RetrnValueIsExpected (Data Row 24)" computerName="ICSWS068" duration="00:00:00.0000202" startTime="2016-08-04T07:56:22.2145551+02:00" endTime="2016-08-04T07:56:22.2145551+02:00" testType="13cdc9d9-ddb5-4fa4-a97d-d965ccfc6d4b" outcome="Passed" testListId="8c84fa94-04c1-424b-9868-57a2d4851a1d" relativeResultsDirectory="dcce4095-0b80-40b5-b28f-94bafd89a974" />
    <UnitTestResult executionId="5f2f91f1-7130-4bd6-a4c3-a6b4f40218b6" testId="7a8354a6-33ea-4276-90f1-9032ac74e294" testName="IsSameValue_FromDataSorce_RetrnValueIsExpected (Data Row 25)" computerName="ICSWS068" duration="00:00:00.0000214" startTime="2016-08-04T07:56:22.2145551+02:00" endTime="2016-08-04T07:56:22.2145551+02:00" testType="13cdc9d9-ddb5-4fa4-a97d-d965ccfc6d4b" outcome="Passed" testListId="8c84fa94-04c1-424b-9868-57a2d4851a1d" relativeResultsDirectory="5f2f91f1-7130-4bd6-a4c3-a6b4f40218b6" />
    <UnitTestResult executionId="c9047825-a281-4130-a698-0b1514fcbfc0" testId="97c87a1a-d431-42d3-a655-6c763fe559d6" testName="IsSameValue_FromDataSorce_RetrnValueIsExpected (Data Row 26)" computerName="ICSWS068" duration="00:00:00.0000208" startTime="2016-08-04T07:56:22.2145551+02:00" endTime="2016-08-04T07:56:22.2145551+02:00" testType="13cdc9d9-ddb5-4fa4-a97d-d965ccfc6d4b" outcome="Passed" testListId="8c84fa94-04c1-424b-9868-57a2d4851a1d" relativeResultsDirectory="c9047825-a281-4130-a698-0b1514fcbfc0" />
    <UnitTestResult executionId="8a0a1954-5dd1-4c92-9471-4703c581f991" testId="5f6e8bb0-a774-432c-b28c-efc09dde7cd8" testName="IsSameValue_FromDataSorce_RetrnValueIsExpected (Data Row 27)" computerName="ICSWS068" duration="00:00:00.0000202" startTime="2016-08-04T07:56:22.2145551+02:00" endTime="2016-08-04T07:56:22.2145551+02:00" testType="13cdc9d9-ddb5-4fa4-a97d-d965ccfc6d4b" outcome="Passed" testListId="8c84fa94-04c1-424b-9868-57a2d4851a1d" relativeResultsDirectory="8a0a1954-5dd1-4c92-9471-4703c581f991" />
    <UnitTestResult executionId="0ded5182-7d10-4dd0-a08e-ac13b65c7f5b" testId="18e76932-df88-4b7d-b476-2c91d7afcbf2" testName="IsSameValue_FromDataSorce_RetrnValueIsExpected (Data Row 28)" computerName="ICSWS068" duration="00:00:00.0000214" startTime="2016-08-04T07:56:22.2145551+02:00" endTime="2016-08-04T07:56:22.2145551+02:00" testType="13cdc9d9-ddb5-4fa4-a97d-d965ccfc6d4b" outcome="Passed" testListId="8c84fa94-04c1-424b-9868-57a2d4851a1d" relativeResultsDirectory="0ded5182-7d10-4dd0-a08e-ac13b65c7f5b" />
    <UnitTestResult executionId="026d9f88-568a-4f34-a963-c92b293fd604" testId="c6d38969-82fb-49da-96c7-0edc6633b828" testName="IsSameValue_FromDataSorce_RetrnValueIsExpected (Data Row 29)" computerName="ICSWS068" duration="00:00:00.0000228" startTime="2016-08-04T07:56:22.2145551+02:00" endTime="2016-08-04T07:56:22.2150557+02:00" testType="13cdc9d9-ddb5-4fa4-a97d-d965ccfc6d4b" outcome="Passed" testListId="8c84fa94-04c1-424b-9868-57a2d4851a1d" relativeResultsDirectory="026d9f88-568a-4f34-a963-c92b293fd604" />
    <UnitTestResult executionId="4004b2a7-73c7-41e7-bccf-ba799e5677fb" testId="af7fa5eb-6355-4984-b419-256cbe57c9c6" testName="IsSameValue_FromDataSorce_RetrnValueIsExpected (Data Row 30)" computerName="ICSWS068" duration="00:00:00.0000205" startTime="2016-08-04T07:56:22.2150557+02:00" endTime="2016-08-04T07:56:22.2150557+02:00" testType="13cdc9d9-ddb5-4fa4-a97d-d965ccfc6d4b" outcome="Passed" testListId="8c84fa94-04c1-424b-9868-57a2d4851a1d" relativeResultsDirectory="4004b2a7-73c7-41e7-bccf-ba799e5677fb" />
    <UnitTestResult executionId="dfb74737-3761-4772-916d-fa0edf505427" testId="e3d6339a-f57b-4798-8090-19459bdfa534" testName="IsSameValue_FromDataSorce_RetrnValueIsExpected (Data Row 31)" computerName="ICSWS068" duration="00:00:00.0000208" startTime="2016-08-04T07:56:22.2150557+02:00" endTime="2016-08-04T07:56:22.2150557+02:00" testType="13cdc9d9-ddb5-4fa4-a97d-d965ccfc6d4b" outcome="Passed" testListId="8c84fa94-04c1-424b-9868-57a2d4851a1d" relativeResultsDirectory="dfb74737-3761-4772-916d-fa0edf505427" />
    <UnitTestResult executionId="72e1eb0c-7da1-40d9-81bf-29b1c4f6b05d" testId="3c484e93-b7af-4ab5-984e-ead1c77bfebb" testName="IsSameValue_FromDataSorce_RetrnValueIsExpected (Data Row 32)" computerName="ICSWS068" duration="00:00:00.0000208" startTime="2016-08-04T07:56:22.2150557+02:00" endTime="2016-08-04T07:56:22.2150557+02:00" testType="13cdc9d9-ddb5-4fa4-a97d-d965ccfc6d4b" outcome="Passed" testListId="8c84fa94-04c1-424b-9868-57a2d4851a1d" relativeResultsDirectory="72e1eb0c-7da1-40d9-81bf-29b1c4f6b05d" />
    <UnitTestResult executionId="190aa77d-734f-4486-9231-54ffeb55b7fd" testId="586e4b21-15b3-4115-8a5d-cfa31986bd93" testName="IsSameValue_FromDataSorce_RetrnValueIsExpected (Data Row 33)" computerName="ICSWS068" duration="00:00:00.0000211" startTime="2016-08-04T07:56:22.2150557+02:00" endTime="2016-08-04T07:56:22.2150557+02:00" testType="13cdc9d9-ddb5-4fa4-a97d-d965ccfc6d4b" outcome="Passed" testListId="8c84fa94-04c1-424b-9868-57a2d4851a1d" relativeResultsDirectory="190aa77d-734f-4486-9231-54ffeb55b7fd" />
    <UnitTestResult executionId="8d58188e-02ff-462d-9886-b76766ff76a8" testId="00250cd3-9c09-4097-8fdf-57969efab18d" testName="IsSameValue_FromDataSorce_RetrnValueIsExpected (Data Row 34)" computerName="ICSWS068" duration="00:00:00.0000219" startTime="2016-08-04T07:56:22.2150557+02:00" endTime="2016-08-04T07:56:22.2150557+02:00" testType="13cdc9d9-ddb5-4fa4-a97d-d965ccfc6d4b" outcome="Passed" testListId="8c84fa94-04c1-424b-9868-57a2d4851a1d" relativeResultsDirectory="8d58188e-02ff-462d-9886-b76766ff76a8" />
    <UnitTestResult executionId="920ea09a-91d0-438e-a446-bdeb0a46da7b" testId="b7616712-c724-4953-80e9-4460dcfe0523" testName="IsSameValue_FromDataSorce_RetrnValueIsExpected (Data Row 35)" computerName="ICSWS068" duration="00:00:00.0000202" startTime="2016-08-04T07:56:22.2150557+02:00" endTime="2016-08-04T07:56:22.2150557+02:00" testType="13cdc9d9-ddb5-4fa4-a97d-d965ccfc6d4b" outcome="Passed" testListId="8c84fa94-04c1-424b-9868-57a2d4851a1d" relativeResultsDirectory="920ea09a-91d0-438e-a446-bdeb0a46da7b" />
    <UnitTestResult executionId="de6877b7-f491-4cb2-bda6-3c38dae84bb6" testId="b03f5225-5db8-467d-8e92-a2a3f08d49cc" testName="IsSameValue_FromDataSorce_RetrnValueIsExpected (Data Row 36)" computerName="ICSWS068" duration="00:00:00.0000199" startTime="2016-08-04T07:56:22.2150557+02:00" endTime="2016-08-04T07:56:22.2150557+02:00" testType="13cdc9d9-ddb5-4fa4-a97d-d965ccfc6d4b" outcome="Passed" testListId="8c84fa94-04c1-424b-9868-57a2d4851a1d" relativeResultsDirectory="de6877b7-f491-4cb2-bda6-3c38dae84bb6" />
    <UnitTestResult executionId="df2f9f87-be08-4189-86b8-9c693621d2a8" testId="ef6ab22a-b487-46e2-aec2-734e403be422" testName="IsSameValue_FromDataSorce_RetrnValueIsExpected (Data Row 37)" computerName="ICSWS068" duration="00:00:00.0000219" startTime="2016-08-04T07:56:22.2150557+02:00" endTime="2016-08-04T07:56:22.2150557+02:00" testType="13cdc9d9-ddb5-4fa4-a97d-d965ccfc6d4b" outcome="Passed" testListId="8c84fa94-04c1-424b-9868-57a2d4851a1d" relativeResultsDirectory="df2f9f87-be08-4189-86b8-9c693621d2a8" />
    <UnitTestResult executionId="8ffd499e-d65c-4bdc-9b1a-594cebd9ede8" testId="4743646c-a618-406b-a411-4de3079f9906" testName="IsSameValue_FromDataSorce_RetrnValueIsExpected (Data Row 38)" computerName="ICSWS068" duration="00:00:00.0000202" startTime="2016-08-04T07:56:22.2150557+02:00" endTime="2016-08-04T07:56:22.2150557+02:00" testType="13cdc9d9-ddb5-4fa4-a97d-d965ccfc6d4b" outcome="Passed" testListId="8c84fa94-04c1-424b-9868-57a2d4851a1d" relativeResultsDirectory="8ffd499e-d65c-4bdc-9b1a-594cebd9ede8" />
    <UnitTestResult executionId="b8d34007-c1ce-4ebc-b1d2-2a11f3193e61" testId="5bb0072d-6044-49fa-a050-5a751ef2ee3b" testName="IsSameValue_FromDataSorce_RetrnValueIsExpected (Data Row 39)" computerName="ICSWS068" duration="00:00:00.0000199" startTime="2016-08-04T07:56:22.2150557+02:00" endTime="2016-08-04T07:56:22.2150557+02:00" testType="13cdc9d9-ddb5-4fa4-a97d-d965ccfc6d4b" outcome="Passed" testListId="8c84fa94-04c1-424b-9868-57a2d4851a1d" relativeResultsDirectory="b8d34007-c1ce-4ebc-b1d2-2a11f3193e61" />
    <UnitTestResult executionId="f6135330-d1bd-4919-8250-2535f9bfe147" testId="f67358db-ca10-44b1-9088-fde04161235d" testName="IsSameValue_FromDataSorce_RetrnValueIsExpected (Data Row 40)" computerName="ICSWS068" duration="00:00:00.0000219" startTime="2016-08-04T07:56:22.2150557+02:00" endTime="2016-08-04T07:56:22.2150557+02:00" testType="13cdc9d9-ddb5-4fa4-a97d-d965ccfc6d4b" outcome="Passed" testListId="8c84fa94-04c1-424b-9868-57a2d4851a1d" relativeResultsDirectory="f6135330-d1bd-4919-8250-2535f9bfe147" />
    <UnitTestResult executionId="38dee2ed-25a5-4cd2-91b8-ece2a7999288" testId="4e3e4550-3872-438f-a22a-84d1135e7729" testName="IsSameValue_FromDataSorce_RetrnValueIsExpected (Data Row 41)" computerName="ICSWS068" duration="00:00:00.0000202" startTime="2016-08-04T07:56:22.2150557+02:00" endTime="2016-08-04T07:56:22.2150557+02:00" testType="13cdc9d9-ddb5-4fa4-a97d-d965ccfc6d4b" outcome="Passed" testListId="8c84fa94-04c1-424b-9868-57a2d4851a1d" relativeResultsDirectory="38dee2ed-25a5-4cd2-91b8-ece2a7999288" />
    <UnitTestResult executionId="1d049a44-80b5-45d3-8db6-514d356acbc6" testId="b7a10c54-e4b9-4b2e-b840-a030dd160615" testName="IsSameValue_FromDataSorce_RetrnValueIsExpected (Data Row 42)" computerName="ICSWS068" duration="00:00:00.0000187" startTime="2016-08-04T07:56:22.2150557+02:00" endTime="2016-08-04T07:56:22.2150557+02:00" testType="13cdc9d9-ddb5-4fa4-a97d-d965ccfc6d4b" outcome="Passed" testListId="8c84fa94-04c1-424b-9868-57a2d4851a1d" relativeResultsDirectory="1d049a44-80b5-45d3-8db6-514d356acbc6" />
    <UnitTestResult executionId="8c5f9913-36f0-4458-a3ff-1d489593fdb5" testId="98268edc-f5d7-4528-b704-4562d2a9eae2" testName="IsSameValue_FromDataSorce_RetrnValueIsExpected (Data Row 43)" computerName="ICSWS068" duration="00:00:00.0000214" startTime="2016-08-04T07:56:22.2150557+02:00" endTime="2016-08-04T07:56:22.2150557+02:00" testType="13cdc9d9-ddb5-4fa4-a97d-d965ccfc6d4b" outcome="Passed" testListId="8c84fa94-04c1-424b-9868-57a2d4851a1d" relativeResultsDirectory="8c5f9913-36f0-4458-a3ff-1d489593fdb5" />
    <UnitTestResult executionId="937a7aa7-b6fa-447c-968b-5c6b23f1b46b" testId="91b48259-b11c-4c7e-9488-1eb56fb920d0" testName="IsSameValue_FromDataSorce_RetrnValueIsExpected (Data Row 44)" computerName="ICSWS068" duration="00:00:00.0000202" startTime="2016-08-04T07:56:22.2150557+02:00" endTime="2016-08-04T07:56:22.2150557+02:00" testType="13cdc9d9-ddb5-4fa4-a97d-d965ccfc6d4b" outcome="Passed" testListId="8c84fa94-04c1-424b-9868-57a2d4851a1d" relativeResultsDirectory="937a7aa7-b6fa-447c-968b-5c6b23f1b46b" />
    <UnitTestResult executionId="4b1643d4-a0f4-4644-b00c-cbbaae2669cf" testId="beae7d43-e1c9-48b3-bde4-b206c69d90ac" testName="IsSameValue_FromDataSorce_RetrnValueIsExpected (Data Row 45)" computerName="ICSWS068" duration="00:00:00.0000184" startTime="2016-08-04T07:56:22.2150557+02:00" endTime="2016-08-04T07:56:22.2150557+02:00" testType="13cdc9d9-ddb5-4fa4-a97d-d965ccfc6d4b" outcome="Passed" testListId="8c84fa94-04c1-424b-9868-57a2d4851a1d" relativeResultsDirectory="4b1643d4-a0f4-4644-b00c-cbbaae2669cf" />
    <UnitTestResult executionId="7af2cb56-4bb6-4781-8cac-72b3716c0fbb" testId="58572ced-3110-455e-a479-bcef0dd374fa" testName="IsSameValue_FromDataSorce_RetrnValueIsExpected (Data Row 46)" computerName="ICSWS068" duration="00:00:00.0000208" startTime="2016-08-04T07:56:22.2150557+02:00" endTime="2016-08-04T07:56:22.2155557+02:00" testType="13cdc9d9-ddb5-4fa4-a97d-d965ccfc6d4b" outcome="Passed" testListId="8c84fa94-04c1-424b-9868-57a2d4851a1d" relativeResultsDirectory="7af2cb56-4bb6-4781-8cac-72b3716c0fbb" />
    <UnitTestResult executionId="f0bd90f4-aac5-4819-bfa1-bc57b3d3e614" testId="1962d3bc-20b8-4efd-aa33-ad6d85fc860f" testName="IsSameValue_FromDataSorce_RetrnValueIsExpected (Data Row 47)" computerName="ICSWS068" duration="00:00:00.0000205" startTime="2016-08-04T07:56:22.2155557+02:00" endTime="2016-08-04T07:56:22.2155557+02:00" testType="13cdc9d9-ddb5-4fa4-a97d-d965ccfc6d4b" outcome="Passed" testListId="8c84fa94-04c1-424b-9868-57a2d4851a1d" relativeResultsDirectory="f0bd90f4-aac5-4819-bfa1-bc57b3d3e614" />
    <UnitTestResult executionId="c566a90c-3384-4cd0-aabf-4937d8d78c1c" testId="552beb03-413b-4e45-96c2-6ab5ce7327f1" testName="IsSameValue_FromDataSorce_RetrnValueIsExpected (Data Row 48)" computerName="ICSWS068" duration="00:00:00.0000202" startTime="2016-08-04T07:56:22.2155557+02:00" endTime="2016-08-04T07:56:22.2155557+02:00" testType="13cdc9d9-ddb5-4fa4-a97d-d965ccfc6d4b" outcome="Passed" testListId="8c84fa94-04c1-424b-9868-57a2d4851a1d" relativeResultsDirectory="c566a90c-3384-4cd0-aabf-4937d8d78c1c" />
    <UnitTestResult executionId="ba9752a4-83a5-4603-af06-ab3da7d61525" testId="8dd7539a-2aae-427e-a9cf-6e280733eb81" testName="IsSameValue_FromDataSorce_RetrnValueIsExpected (Data Row 49)" computerName="ICSWS068" duration="00:00:00.0000214" startTime="2016-08-04T07:56:22.2155557+02:00" endTime="2016-08-04T07:56:22.2155557+02:00" testType="13cdc9d9-ddb5-4fa4-a97d-d965ccfc6d4b" outcome="Passed" testListId="8c84fa94-04c1-424b-9868-57a2d4851a1d" relativeResultsDirectory="ba9752a4-83a5-4603-af06-ab3da7d61525" />
    <UnitTestResult executionId="cc70fc6c-acb4-40bf-a601-3c4c78ef0f26" testId="681afe15-8183-4378-8996-7ea975efef43" testName="IsSameValue_FromDataSorce_RetrnValueIsExpected (Data Row 50)" computerName="ICSWS068" duration="00:00:00.0000184" startTime="2016-08-04T07:56:22.2155557+02:00" endTime="2016-08-04T07:56:22.2155557+02:00" testType="13cdc9d9-ddb5-4fa4-a97d-d965ccfc6d4b" outcome="Passed" testListId="8c84fa94-04c1-424b-9868-57a2d4851a1d" relativeResultsDirectory="cc70fc6c-acb4-40bf-a601-3c4c78ef0f26" />
    <UnitTestResult executionId="c34ce1ea-6a40-4763-bf5f-808872edb145" testId="c5f94f51-48d4-4ba1-b8e5-d0ed435fdfd0" testName="IsSameValue_FromDataSorce_RetrnValueIsExpected (Data Row 51)" computerName="ICSWS068" duration="00:00:00.0000196" startTime="2016-08-04T07:56:22.2155557+02:00" endTime="2016-08-04T07:56:22.2155557+02:00" testType="13cdc9d9-ddb5-4fa4-a97d-d965ccfc6d4b" outcome="Passed" testListId="8c84fa94-04c1-424b-9868-57a2d4851a1d" relativeResultsDirectory="c34ce1ea-6a40-4763-bf5f-808872edb145" />
    <UnitTestResult executionId="765675c9-4474-4ed5-b0e7-812cfcf85754" testId="a4a49870-6ad7-4f5f-ab38-757d28a2e49a" testName="IsSameValue_FromDataSorce_RetrnValueIsExpected (Data Row 52)" computerName="ICSWS068" duration="00:00:00.0000208" startTime="2016-08-04T07:56:22.2155557+02:00" endTime="2016-08-04T07:56:22.2155557+02:00" testType="13cdc9d9-ddb5-4fa4-a97d-d965ccfc6d4b" outcome="Passed" testListId="8c84fa94-04c1-424b-9868-57a2d4851a1d" relativeResultsDirectory="765675c9-4474-4ed5-b0e7-812cfcf85754" />
    <UnitTestResult executionId="d9a10b9c-c2fc-4aeb-a737-74275237535a" testId="65640890-baf4-4a8f-a96b-508736607ace" testName="IsSameValue_FromDataSorce_RetrnValueIsExpected (Data Row 53)" computerName="ICSWS068" duration="00:00:00.0000175" startTime="2016-08-04T07:56:22.2155557+02:00" endTime="2016-08-04T07:56:22.2155557+02:00" testType="13cdc9d9-ddb5-4fa4-a97d-d965ccfc6d4b" outcome="Passed" testListId="8c84fa94-04c1-424b-9868-57a2d4851a1d" relativeResultsDirectory="d9a10b9c-c2fc-4aeb-a737-74275237535a" />
    <UnitTestResult executionId="a42933e7-d5db-4be3-a77d-a83727a1c9c9" testId="50a06b0c-26ed-48f1-9e8d-82954f237a23" testName="IsSameValue_FromDataSorce_RetrnValueIsExpected (Data Row 54)" computerName="ICSWS068" duration="00:00:00.0000184" startTime="2016-08-04T07:56:22.2155557+02:00" endTime="2016-08-04T07:56:22.2155557+02:00" testType="13cdc9d9-ddb5-4fa4-a97d-d965ccfc6d4b" outcome="Passed" testListId="8c84fa94-04c1-424b-9868-57a2d4851a1d" relativeResultsDirectory="a42933e7-d5db-4be3-a77d-a83727a1c9c9" />
    <UnitTestResult executionId="aac23c78-035f-4a27-bcf4-ae6fc5f72618" testId="66bcecb3-38b9-4b37-8060-41da9d496d46" testName="IsSameValue_FromDataSorce_RetrnValueIsExpected (Data Row 55)" computerName="ICSWS068" duration="00:00:00.0000190" startTime="2016-08-04T07:56:22.2155557+02:00" endTime="2016-08-04T07:56:22.2155557+02:00" testType="13cdc9d9-ddb5-4fa4-a97d-d965ccfc6d4b" outcome="Passed" testListId="8c84fa94-04c1-424b-9868-57a2d4851a1d" relativeResultsDirectory="aac23c78-035f-4a27-bcf4-ae6fc5f72618" />
    <UnitTestResult executionId="6a5f3f8e-c81f-4e7f-838f-2cffdd30accc" testId="6dd687ab-941d-44d4-a51a-cedf91e42d6d" testName="IsSameValue_FromDataSorce_RetrnValueIsExpected (Data Row 56)" computerName="ICSWS068" duration="00:00:00.0000193" startTime="2016-08-04T07:56:22.2155557+02:00" endTime="2016-08-04T07:56:22.2155557+02:00" testType="13cdc9d9-ddb5-4fa4-a97d-d965ccfc6d4b" outcome="Passed" testListId="8c84fa94-04c1-424b-9868-57a2d4851a1d" relativeResultsDirectory="6a5f3f8e-c81f-4e7f-838f-2cffdd30accc" />
    <UnitTestResult executionId="fc7a1e27-e1df-4363-b8c3-ee7af6451144" testId="ddb1d5f6-a645-41f2-a23e-fd1cde94bc63" testName="IsSameValue_FromDataSorce_RetrnValueIsExpected (Data Row 57)" computerName="ICSWS068" duration="00:00:00.0000202" startTime="2016-08-04T07:56:22.2155557+02:00" endTime="2016-08-04T07:56:22.2155557+02:00" testType="13cdc9d9-ddb5-4fa4-a97d-d965ccfc6d4b" outcome="Passed" testListId="8c84fa94-04c1-424b-9868-57a2d4851a1d" relativeResultsDirectory="fc7a1e27-e1df-4363-b8c3-ee7af6451144" />
    <UnitTestResult executionId="67c706b5-5ea5-4652-b3a3-a8bc1bedc5c0" testId="3139cac9-3dff-4fd7-ae35-48b8b5746432" testName="IsSameValue_FromDataSorce_RetrnValueIsExpected (Data Row 58)" computerName="ICSWS068" duration="00:00:00.0000199" startTime="2016-08-04T07:56:22.2155557+02:00" endTime="2016-08-04T07:56:22.2155557+02:00" testType="13cdc9d9-ddb5-4fa4-a97d-d965ccfc6d4b" outcome="Passed" testListId="8c84fa94-04c1-424b-9868-57a2d4851a1d" relativeResultsDirectory="67c706b5-5ea5-4652-b3a3-a8bc1bedc5c0" />
    <UnitTestResult executionId="7cc4184b-46e3-415b-9e9a-48165cd018e4" testId="f9ca9842-9171-4e64-97bd-7b08a3e7b159" testName="IsSameValue_FromDataSorce_RetrnValueIsExpected (Data Row 59)" computerName="ICSWS068" duration="00:00:00.0000217" startTime="2016-08-04T07:56:22.2155557+02:00" endTime="2016-08-04T07:56:22.2155557+02:00" testType="13cdc9d9-ddb5-4fa4-a97d-d965ccfc6d4b" outcome="Passed" testListId="8c84fa94-04c1-424b-9868-57a2d4851a1d" relativeResultsDirectory="7cc4184b-46e3-415b-9e9a-48165cd018e4" />
    <UnitTestResult executionId="c3efe8ff-67fe-460b-a3de-c3fcef824f4a" testId="59fb09ea-bb79-4106-9b16-7e459de3f557" testName="IsSameValue_FromDataSorce_RetrnValueIsExpected (Data Row 60)" computerName="ICSWS068" duration="00:00:00.0000219" startTime="2016-08-04T07:56:22.2155557+02:00" endTime="2016-08-04T07:56:22.2155557+02:00" testType="13cdc9d9-ddb5-4fa4-a97d-d965ccfc6d4b" outcome="Passed" testListId="8c84fa94-04c1-424b-9868-57a2d4851a1d" relativeResultsDirectory="c3efe8ff-67fe-460b-a3de-c3fcef824f4a" />
    <UnitTestResult executionId="47923277-b2a1-4e94-85ed-fc252721867f" testId="70bfd5c5-103b-4c49-be3b-14d83fed2086" testName="IsSameValue_FromDataSorce_RetrnValueIsExpected (Data Row 61)" computerName="ICSWS068" duration="00:00:00.0000202" startTime="2016-08-04T07:56:22.2155557+02:00" endTime="2016-08-04T07:56:22.2155557+02:00" testType="13cdc9d9-ddb5-4fa4-a97d-d965ccfc6d4b" outcome="Passed" testListId="8c84fa94-04c1-424b-9868-57a2d4851a1d" relativeResultsDirectory="47923277-b2a1-4e94-85ed-fc252721867f" />
    <UnitTestResult executionId="75169c05-9fa3-4513-8d8a-83fc5f5f04b2" testId="0e256d8c-ed5f-4a2f-9c3d-4263ee777983" testName="IsSameValue_FromDataSorce_RetrnValueIsExpected (Data Row 62)" computerName="ICSWS068" duration="00:00:00.0000205" startTime="2016-08-04T07:56:22.2155557+02:00" endTime="2016-08-04T07:56:22.2155557+02:00" testType="13cdc9d9-ddb5-4fa4-a97d-d965ccfc6d4b" outcome="Passed" testListId="8c84fa94-04c1-424b-9868-57a2d4851a1d" relativeResultsDirectory="75169c05-9fa3-4513-8d8a-83fc5f5f04b2" />
    <UnitTestResult executionId="a8fc09b3-c470-4afa-b200-3883328ed7e9" testId="c1fc0484-e395-4fc2-8fef-b6f43376093b" testName="IsSameValue_FromDataSorce_RetrnValueIsExpected (Data Row 63)" computerName="ICSWS068" duration="00:00:00.0000217" startTime="2016-08-04T07:56:22.2155557+02:00" endTime="2016-08-04T07:56:22.2155557+02:00" testType="13cdc9d9-ddb5-4fa4-a97d-d965ccfc6d4b" outcome="Passed" testListId="8c84fa94-04c1-424b-9868-57a2d4851a1d" relativeResultsDirectory="a8fc09b3-c470-4afa-b200-3883328ed7e9" />
    <UnitTestResult executionId="b078dfaa-cc72-477b-ae4a-ccf396ca506f" testId="70af3079-e5d9-4c9e-bfb2-e813ca260ea8" testName="IsSameValue_FromDataSorce_RetrnValueIsExpected (Data Row 64)" computerName="ICSWS068" duration="00:00:00.0000260" startTime="2016-08-04T07:56:22.2155557+02:00" endTime="2016-08-04T07:56:22.2160560+02:00" testType="13cdc9d9-ddb5-4fa4-a97d-d965ccfc6d4b" outcome="Passed" testListId="8c84fa94-04c1-424b-9868-57a2d4851a1d" relativeResultsDirectory="b078dfaa-cc72-477b-ae4a-ccf396ca506f" />
    <UnitTestResult executionId="f2f0be65-1273-4d33-8dab-773e0fdcd0ae" testId="5f1a8464-3905-4326-8526-454fa9ff8619" testName="IsSameValue_FromDataSorce_RetrnValueIsExpected (Data Row 65)" computerName="ICSWS068" duration="00:00:00.0000240" startTime="2016-08-04T07:56:22.2160560+02:00" endTime="2016-08-04T07:56:22.2160560+02:00" testType="13cdc9d9-ddb5-4fa4-a97d-d965ccfc6d4b" outcome="Passed" testListId="8c84fa94-04c1-424b-9868-57a2d4851a1d" relativeResultsDirectory="f2f0be65-1273-4d33-8dab-773e0fdcd0ae" />
    <UnitTestResult executionId="f0650480-6e19-49e2-8085-4394f27afab6" testId="abd7fc2b-7760-4e51-903e-4ce941356657" testName="IsSameValue_FromDataSorce_RetrnValueIsExpected (Data Row 66)" computerName="ICSWS068" duration="00:00:00.0000243" startTime="2016-08-04T07:56:22.2160560+02:00" endTime="2016-08-04T07:56:22.2160560+02:00" testType="13cdc9d9-ddb5-4fa4-a97d-d965ccfc6d4b" outcome="Passed" testListId="8c84fa94-04c1-424b-9868-57a2d4851a1d" relativeResultsDirectory="f0650480-6e19-49e2-8085-4394f27afab6" />
    <UnitTestResult executionId="8c91b5ba-b78b-41ae-a48a-edc35bc2b2f0" testId="ab95afb7-eaa0-4b15-a88b-089e582cb60a" testName="IsSameValue_FromDataSorce_RetrnValueIsExpected (Data Row 67)" computerName="ICSWS068" duration="00:00:00.0000214" startTime="2016-08-04T07:56:22.2160560+02:00" endTime="2016-08-04T07:56:22.2160560+02:00" testType="13cdc9d9-ddb5-4fa4-a97d-d965ccfc6d4b" outcome="Passed" testListId="8c84fa94-04c1-424b-9868-57a2d4851a1d" relativeResultsDirectory="8c91b5ba-b78b-41ae-a48a-edc35bc2b2f0" />
    <UnitTestResult executionId="e3aa0ef9-34ef-432c-97ba-fbe8ed91be46" testId="278f0407-1262-435e-bd58-f624a5409fab" testName="IsSameValue_FromDataSorce_RetrnValueIsExpected (Data Row 68)" computerName="ICSWS068" duration="00:00:00.0000313" startTime="2016-08-04T07:56:22.2160560+02:00" endTime="2016-08-04T07:56:22.2160560+02:00" testType="13cdc9d9-ddb5-4fa4-a97d-d965ccfc6d4b" outcome="Passed" testListId="8c84fa94-04c1-424b-9868-57a2d4851a1d" relativeResultsDirectory="e3aa0ef9-34ef-432c-97ba-fbe8ed91be46" />
    <UnitTestResult executionId="da15aa23-81c7-4df9-b64d-15c82aa3b6cf" testId="0416d022-239e-4ca8-be72-4c07c0ba4501" testName="IsSameValue_FromDataSorce_RetrnValueIsExpected (Data Row 69)" computerName="ICSWS068" duration="00:00:00.0000240" startTime="2016-08-04T07:56:22.2160560+02:00" endTime="2016-08-04T07:56:22.2160560+02:00" testType="13cdc9d9-ddb5-4fa4-a97d-d965ccfc6d4b" outcome="Passed" testListId="8c84fa94-04c1-424b-9868-57a2d4851a1d" relativeResultsDirectory="da15aa23-81c7-4df9-b64d-15c82aa3b6cf" />
    <UnitTestResult executionId="e7292444-e076-4365-bc08-ffb12f117bd7" testId="b86e5c36-0f24-407b-a660-390a2f3e8d55" testName="IsSameValue_FromDataSorce_RetrnValueIsExpected (Data Row 70)" computerName="ICSWS068" duration="00:00:00.0000211" startTime="2016-08-04T07:56:22.2160560+02:00" endTime="2016-08-04T07:56:22.2160560+02:00" testType="13cdc9d9-ddb5-4fa4-a97d-d965ccfc6d4b" outcome="Passed" testListId="8c84fa94-04c1-424b-9868-57a2d4851a1d" relativeResultsDirectory="e7292444-e076-4365-bc08-ffb12f117bd7" />
    <UnitTestResult executionId="778511dd-c56e-4570-9495-fa85a254c3ab" testId="a62b38fa-1eca-4799-b4ea-f2e6bc4b2fdd" testName="IsSameValue_FromDataSorce_RetrnValueIsExpected (Data Row 71)" computerName="ICSWS068" duration="00:00:00.0000252" startTime="2016-08-04T07:56:22.2160560+02:00" endTime="2016-08-04T07:56:22.2160560+02:00" testType="13cdc9d9-ddb5-4fa4-a97d-d965ccfc6d4b" outcome="Passed" testListId="8c84fa94-04c1-424b-9868-57a2d4851a1d" relativeResultsDirectory="778511dd-c56e-4570-9495-fa85a254c3ab" />
    <UnitTestResult executionId="0fb0b33f-945f-4cc8-b342-54e7160efe3d" testId="9f9f2f2e-f3e6-4d2a-8199-22cb21636ad5" testName="IsSameValue_FromDataSorce_RetrnValueIsExpected (Data Row 72)" computerName="ICSWS068" duration="00:00:00.0000302" startTime="2016-08-04T07:56:22.2160560+02:00" endTime="2016-08-04T07:56:22.2160560+02:00" testType="13cdc9d9-ddb5-4fa4-a97d-d965ccfc6d4b" outcome="Passed" testListId="8c84fa94-04c1-424b-9868-57a2d4851a1d" relativeResultsDirectory="0fb0b33f-945f-4cc8-b342-54e7160efe3d" />
    <UnitTestResult executionId="f213efb5-6729-4f55-b3d7-1c3d44875045" testId="8a33e26b-5b72-421a-8a34-ce973547ed83" testName="IsSameValue_FromDataSorce_RetrnValueIsExpected (Data Row 73)" computerName="ICSWS068" duration="00:00:00.0000217" startTime="2016-08-04T07:56:22.2160560+02:00" endTime="2016-08-04T07:56:22.2160560+02:00" testType="13cdc9d9-ddb5-4fa4-a97d-d965ccfc6d4b" outcome="Passed" testListId="8c84fa94-04c1-424b-9868-57a2d4851a1d" relativeResultsDirectory="f213efb5-6729-4f55-b3d7-1c3d44875045" />
    <UnitTestResult executionId="5ef75352-9dca-4287-b7f5-96ad3e36e30a" testId="ffb33900-d7bb-4f8c-b163-00a117eeb620" testName="IsSameValue_FromDataSorce_RetrnValueIsExpected (Data Row 74)" computerName="ICSWS068" duration="00:00:00.0000214" startTime="2016-08-04T07:56:22.2160560+02:00" endTime="2016-08-04T07:56:22.2160560+02:00" testType="13cdc9d9-ddb5-4fa4-a97d-d965ccfc6d4b" outcome="Passed" testListId="8c84fa94-04c1-424b-9868-57a2d4851a1d" relativeResultsDirectory="5ef75352-9dca-4287-b7f5-96ad3e36e30a" />
    <UnitTestResult executionId="18a5d49e-3d44-4992-bc2e-6f90e13d5169" testId="e29fddc7-3c72-4d54-9979-d86d7fd80afa" testName="IsSameValue_FromDataSorce_RetrnValueIsExpected (Data Row 75)" computerName="ICSWS068" duration="00:00:00.0000196" startTime="2016-08-04T07:56:22.2160560+02:00" endTime="2016-08-04T07:56:22.2160560+02:00" testType="13cdc9d9-ddb5-4fa4-a97d-d965ccfc6d4b" outcome="Passed" testListId="8c84fa94-04c1-424b-9868-57a2d4851a1d" relativeResultsDirectory="18a5d49e-3d44-4992-bc2e-6f90e13d5169" />
    <UnitTestResult executionId="994212d5-2c97-40e4-a3c7-f8445364ca98" testId="edd5114a-76ec-4282-b2b9-226b08433b4b" testName="IsSameValue_FromDataSorce_RetrnValueIsExpected (Data Row 76)" computerName="ICSWS068" duration="00:00:00.0000184" startTime="2016-08-04T07:56:22.2160560+02:00" endTime="2016-08-04T07:56:22.2160560+02:00" testType="13cdc9d9-ddb5-4fa4-a97d-d965ccfc6d4b" outcome="Passed" testListId="8c84fa94-04c1-424b-9868-57a2d4851a1d" relativeResultsDirectory="994212d5-2c97-40e4-a3c7-f8445364ca98" />
    <UnitTestResult executionId="28ffdd04-9741-4fbc-aef4-3ae7f93ca2a5" testId="233f3229-9076-4940-8256-151aa564dc30" testName="IsSameValue_FromDataSorce_RetrnValueIsExpected (Data Row 77)" computerName="ICSWS068" duration="00:00:00.0000328" startTime="2016-08-04T07:56:22.2160560+02:00" endTime="2016-08-04T07:56:22.2160560+02:00" testType="13cdc9d9-ddb5-4fa4-a97d-d965ccfc6d4b" outcome="Passed" testListId="8c84fa94-04c1-424b-9868-57a2d4851a1d" relativeResultsDirectory="28ffdd04-9741-4fbc-aef4-3ae7f93ca2a5" />
    <UnitTestResult executionId="be7b6177-72d5-4d1b-88d1-805fd46650e6" testId="fa21cbae-49fa-48d2-be0c-1135b79ab2d8" testName="IsSameValue_FromDataSorce_RetrnValueIsExpected (Data Row 78)" computerName="ICSWS068" duration="00:00:00.0000255" startTime="2016-08-04T07:56:22.2160560+02:00" endTime="2016-08-04T07:56:22.2165566+02:00" testType="13cdc9d9-ddb5-4fa4-a97d-d965ccfc6d4b" outcome="Passed" testListId="8c84fa94-04c1-424b-9868-57a2d4851a1d" relativeResultsDirectory="be7b6177-72d5-4d1b-88d1-805fd46650e6" />
    <UnitTestResult executionId="892fc927-c71b-4947-8eff-291679dfa912" testId="9cac036a-4744-44b7-8f1d-53e3a5e4a3ed" testName="IsSameValue_FromDataSorce_RetrnValueIsExpected (Data Row 79)" computerName="ICSWS068" duration="00:00:00.0000219" startTime="2016-08-04T07:56:22.2165566+02:00" endTime="2016-08-04T07:56:22.2165566+02:00" testType="13cdc9d9-ddb5-4fa4-a97d-d965ccfc6d4b" outcome="Passed" testListId="8c84fa94-04c1-424b-9868-57a2d4851a1d" relativeResultsDirectory="892fc927-c71b-4947-8eff-291679dfa912" />
    <UnitTestResult executionId="13305fd3-b678-4b5c-b6ce-80ff2e89a4c3" testId="24564d00-8504-48a0-83e0-dd70f1efa5b2" testName="IsSameValue_FromDataSorce_RetrnValueIsExpected (Data Row 80)" computerName="ICSWS068" duration="00:00:00.0000214" startTime="2016-08-04T07:56:22.2165566+02:00" endTime="2016-08-04T07:56:22.2165566+02:00" testType="13cdc9d9-ddb5-4fa4-a97d-d965ccfc6d4b" outcome="Passed" testListId="8c84fa94-04c1-424b-9868-57a2d4851a1d" relativeResultsDirectory="13305fd3-b678-4b5c-b6ce-80ff2e89a4c3" />
    <UnitTestResult executionId="fadcdefa-ceb3-4dbb-ad91-15a6676bfecf" testId="8bcbc4ad-e24e-48c6-9a4b-7360eca87bb5" testName="IsSameValue_FromDataSorce_RetrnValueIsExpected (Data Row 81)" computerName="ICSWS068" duration="00:00:00.0000214" startTime="2016-08-04T07:56:22.2165566+02:00" endTime="2016-08-04T07:56:22.2165566+02:00" testType="13cdc9d9-ddb5-4fa4-a97d-d965ccfc6d4b" outcome="Passed" testListId="8c84fa94-04c1-424b-9868-57a2d4851a1d" relativeResultsDirectory="fadcdefa-ceb3-4dbb-ad91-15a6676bfecf" />
    <UnitTestResult executionId="27459c78-7639-4976-870e-16a49f031f5b" testId="a65f4c3c-8123-48ee-a172-c9b206fc60b6" testName="IsSameValue_FromDataSorce_RetrnValueIsExpected (Data Row 82)" computerName="ICSWS068" duration="00:00:00.0000310" startTime="2016-08-04T07:56:22.2165566+02:00" endTime="2016-08-04T07:56:22.2165566+02:00" testType="13cdc9d9-ddb5-4fa4-a97d-d965ccfc6d4b" outcome="Passed" testListId="8c84fa94-04c1-424b-9868-57a2d4851a1d" relativeResultsDirectory="27459c78-7639-4976-870e-16a49f031f5b" />
    <UnitTestResult executionId="a5a5a8cc-526d-4da7-a9af-b822adb21b0f" testId="caf5b6af-d829-48ac-8a60-60c13e269e7f" testName="IsSameValue_FromDataSorce_RetrnValueIsExpected (Data Row 83)" computerName="ICSWS068" duration="00:00:00.0000348" startTime="2016-08-04T07:56:22.2165566+02:00" endTime="2016-08-04T07:56:22.2165566+02:00" testType="13cdc9d9-ddb5-4fa4-a97d-d965ccfc6d4b" outcome="Passed" testListId="8c84fa94-04c1-424b-9868-57a2d4851a1d" relativeResultsDirectory="a5a5a8cc-526d-4da7-a9af-b822adb21b0f" />
    <UnitTestResult executionId="f3ab399e-f2e1-4d6b-9935-0a7a79623ea9" testId="8298057a-0f15-4ccd-a78e-214c8a6c3bd2" testName="IsSameValue_FromDataSorce_RetrnValueIsExpected (Data Row 84)" computerName="ICSWS068" duration="00:00:00.0000815" startTime="2016-08-04T07:56:22.2165566+02:00" endTime="2016-08-04T07:56:22.2165566+02:00" testType="13cdc9d9-ddb5-4fa4-a97d-d965ccfc6d4b" outcome="Passed" testListId="8c84fa94-04c1-424b-9868-57a2d4851a1d" relativeResultsDirectory="f3ab399e-f2e1-4d6b-9935-0a7a79623ea9" />
    <UnitTestResult executionId="c7aac9ea-dc04-447b-8871-ba89d78ae976" testId="c5429d42-7fc0-494f-af92-2929274d3b2a" testName="IsSameValue_FromDataSorce_RetrnValueIsExpected (Data Row 85)" computerName="ICSWS068" duration="00:00:00.0000548" startTime="2016-08-04T07:56:22.2165566+02:00" endTime="2016-08-04T07:56:22.2165566+02:00" testType="13cdc9d9-ddb5-4fa4-a97d-d965ccfc6d4b" outcome="Passed" testListId="8c84fa94-04c1-424b-9868-57a2d4851a1d" relativeResultsDirectory="c7aac9ea-dc04-447b-8871-ba89d78ae976" />
    <UnitTestResult executionId="dcc258e5-f9dd-4ac2-811e-1d0ac58f8128" testId="4bae6e7b-a9c0-4fb8-b310-3302bba40954" testName="IsSameValue_FromDataSorce_RetrnValueIsExpected (Data Row 86)" computerName="ICSWS068" duration="00:00:00.0000413" startTime="2016-08-04T07:56:22.2165566+02:00" endTime="2016-08-04T07:56:22.2165566+02:00" testType="13cdc9d9-ddb5-4fa4-a97d-d965ccfc6d4b" outcome="Passed" testListId="8c84fa94-04c1-424b-9868-57a2d4851a1d" relativeResultsDirectory="dcc258e5-f9dd-4ac2-811e-1d0ac58f8128" />
    <UnitTestResult executionId="b06f07ef-e2c7-4467-ac3d-0957eba0ebd0" testId="0f0b0bd1-9687-4181-a7c0-ac075728c5ee" testName="IsSameValue_FromDataSorce_RetrnValueIsExpected (Data Row 87)" computerName="ICSWS068" duration="00:00:00.0000395" startTime="2016-08-04T07:56:22.2165566+02:00" endTime="2016-08-04T07:56:22.2165566+02:00" testType="13cdc9d9-ddb5-4fa4-a97d-d965ccfc6d4b" outcome="Passed" testListId="8c84fa94-04c1-424b-9868-57a2d4851a1d" relativeResultsDirectory="b06f07ef-e2c7-4467-ac3d-0957eba0ebd0" />
    <UnitTestResult executionId="61e12d63-5e67-40ac-b8ca-0bb71566fd0e" testId="13a43a22-3399-4564-af79-46dea95ecc41" testName="IsSameValue_FromDataSorce_RetrnValueIsExpected (Data Row 88)" computerName="ICSWS068" duration="00:00:00.0000431" startTime="2016-08-04T07:56:22.2165566+02:00" endTime="2016-08-04T07:56:22.2170569+02:00" testType="13cdc9d9-ddb5-4fa4-a97d-d965ccfc6d4b" outcome="Passed" testListId="8c84fa94-04c1-424b-9868-57a2d4851a1d" relativeResultsDirectory="61e12d63-5e67-40ac-b8ca-0bb71566fd0e" />
    <UnitTestResult executionId="f5879c2b-61d9-4225-9fb4-3bc61e8e9b5c" testId="a509ff82-5146-4ff4-9fa8-17a154be0efb" testName="IsSameValue_FromDataSorce_RetrnValueIsExpected (Data Row 89)" computerName="ICSWS068" duration="00:00:00.0000398" startTime="2016-08-04T07:56:22.2170569+02:00" endTime="2016-08-04T07:56:22.2170569+02:00" testType="13cdc9d9-ddb5-4fa4-a97d-d965ccfc6d4b" outcome="Passed" testListId="8c84fa94-04c1-424b-9868-57a2d4851a1d" relativeResultsDirectory="f5879c2b-61d9-4225-9fb4-3bc61e8e9b5c" />
    <UnitTestResult executionId="b6ea11fa-f864-4cd5-8cf9-835cbbb6cff6" testId="c9a01d10-c53b-4fb5-aa1d-95c4ee905a32" testName="IsSameValue_FromDataSorce_RetrnValueIsExpected (Data Row 90)" computerName="ICSWS068" duration="00:00:00.0000384" startTime="2016-08-04T07:56:22.2170569+02:00" endTime="2016-08-04T07:56:22.2170569+02:00" testType="13cdc9d9-ddb5-4fa4-a97d-d965ccfc6d4b" outcome="Passed" testListId="8c84fa94-04c1-424b-9868-57a2d4851a1d" relativeResultsDirectory="b6ea11fa-f864-4cd5-8cf9-835cbbb6cff6" />
    <UnitTestResult executionId="5d469460-5193-4865-bb40-2f68d1e5f799" testId="755fc452-d8a9-4562-bdf4-3e6fc95ed9df" testName="IsSameValue_FromDataSorce_RetrnValueIsExpected (Data Row 91)" computerName="ICSWS068" duration="00:00:00.0000398" startTime="2016-08-04T07:56:22.2170569+02:00" endTime="2016-08-04T07:56:22.2170569+02:00" testType="13cdc9d9-ddb5-4fa4-a97d-d965ccfc6d4b" outcome="Passed" testListId="8c84fa94-04c1-424b-9868-57a2d4851a1d" relativeResultsDirectory="5d469460-5193-4865-bb40-2f68d1e5f799" />
    <UnitTestResult executionId="014579b7-286f-49b8-9217-5c74614ef69b" testId="9ae306f4-d30e-4b34-b146-9d3fd8a9a94c" testName="IsSameValue_FromDataSorce_RetrnValueIsExpected (Data Row 92)" computerName="ICSWS068" duration="00:00:00.0000384" startTime="2016-08-04T07:56:22.2170569+02:00" endTime="2016-08-04T07:56:22.2170569+02:00" testType="13cdc9d9-ddb5-4fa4-a97d-d965ccfc6d4b" outcome="Passed" testListId="8c84fa94-04c1-424b-9868-57a2d4851a1d" relativeResultsDirectory="014579b7-286f-49b8-9217-5c74614ef69b" />
    <UnitTestResult executionId="90e0bee2-6358-4971-8c25-838dc0789673" testId="c16fc05e-3ee4-440e-9b6f-909b80265020" testName="IsSameValue_FromDataSorce_RetrnValueIsExpected (Data Row 93)" computerName="ICSWS068" duration="00:00:00.0000363" startTime="2016-08-04T07:56:22.2170569+02:00" endTime="2016-08-04T07:56:22.2170569+02:00" testType="13cdc9d9-ddb5-4fa4-a97d-d965ccfc6d4b" outcome="Passed" testListId="8c84fa94-04c1-424b-9868-57a2d4851a1d" relativeResultsDirectory="90e0bee2-6358-4971-8c25-838dc0789673" />
    <UnitTestResult executionId="a3fce0a5-e69d-4286-b18e-50ad9deb6dc9" testId="7345d864-6d3a-4fbd-a276-6def7f8b8eae" testName="IsSameValue_FromDataSorce_RetrnValueIsExpected (Data Row 94)" computerName="ICSWS068" duration="00:00:00.0000378" startTime="2016-08-04T07:56:22.2170569+02:00" endTime="2016-08-04T07:56:22.2170569+02:00" testType="13cdc9d9-ddb5-4fa4-a97d-d965ccfc6d4b" outcome="Passed" testListId="8c84fa94-04c1-424b-9868-57a2d4851a1d" relativeResultsDirectory="a3fce0a5-e69d-4286-b18e-50ad9deb6dc9" />
    <UnitTestResult executionId="4366eb84-7b73-4935-a84a-87b63d763219" testId="6918cc9f-ac54-48d7-bc07-d53d086da489" testName="IsSameValue_FromDataSorce_RetrnValueIsExpected (Data Row 95)" computerName="ICSWS068" duration="00:00:00.0000378" startTime="2016-08-04T07:56:22.2170569+02:00" endTime="2016-08-04T07:56:22.2170569+02:00" testType="13cdc9d9-ddb5-4fa4-a97d-d965ccfc6d4b" outcome="Passed" testListId="8c84fa94-04c1-424b-9868-57a2d4851a1d" relativeResultsDirectory="4366eb84-7b73-4935-a84a-87b63d763219" />
    <UnitTestResult executionId="e3556f76-9212-49ed-808f-2b123fe71011" testId="dc73a818-8011-42d1-8ea2-37a2dc15041b" testName="IsSameValue_FromDataSorce_RetrnValueIsExpected (Data Row 96)" computerName="ICSWS068" duration="00:00:00.0000381" startTime="2016-08-04T07:56:22.2170569+02:00" endTime="2016-08-04T07:56:22.2170569+02:00" testType="13cdc9d9-ddb5-4fa4-a97d-d965ccfc6d4b" outcome="Passed" testListId="8c84fa94-04c1-424b-9868-57a2d4851a1d" relativeResultsDirectory="e3556f76-9212-49ed-808f-2b123fe71011" />
    <UnitTestResult executionId="86ac9d7e-c328-47ed-af46-0e0bc766ab97" testId="d741c441-51b2-48bd-8bd8-6674b44625af" testName="IsSameValue_FromDataSorce_RetrnValueIsExpected (Data Row 97)" computerName="ICSWS068" duration="00:00:00.0000398" startTime="2016-08-04T07:56:22.2170569+02:00" endTime="2016-08-04T07:56:22.2170569+02:00" testType="13cdc9d9-ddb5-4fa4-a97d-d965ccfc6d4b" outcome="Passed" testListId="8c84fa94-04c1-424b-9868-57a2d4851a1d" relativeResultsDirectory="86ac9d7e-c328-47ed-af46-0e0bc766ab97" />
    <UnitTestResult executionId="16b20a58-0ed4-42c8-a864-1440accd11e7" testId="b3199c41-7a1f-4a2f-93b5-fa8e80f6a5c7" testName="IsSameValue_FromDataSorce_RetrnValueIsExpected (Data Row 98)" computerName="ICSWS068" duration="00:00:00.0000404" startTime="2016-08-04T07:56:22.2175586+02:00" endTime="2016-08-04T07:56:22.2175586+02:00" testType="13cdc9d9-ddb5-4fa4-a97d-d965ccfc6d4b" outcome="Passed" testListId="8c84fa94-04c1-424b-9868-57a2d4851a1d" relativeResultsDirectory="16b20a58-0ed4-42c8-a864-1440accd11e7" />
    <UnitTestResult executionId="787c2416-0f82-4600-968b-c8fe059a596e" testId="5ae5fc96-44a7-4901-98ae-0a153251a77c" testName="IsSameValue_FromDataSorce_RetrnValueIsExpected (Data Row 99)" computerName="ICSWS068" duration="00:00:00.0000363" startTime="2016-08-04T07:56:22.2175586+02:00" endTime="2016-08-04T07:56:22.2175586+02:00" testType="13cdc9d9-ddb5-4fa4-a97d-d965ccfc6d4b" outcome="Passed" testListId="8c84fa94-04c1-424b-9868-57a2d4851a1d" relativeResultsDirectory="787c2416-0f82-4600-968b-c8fe059a596e" />
    <UnitTestResult executionId="fc3cc20b-993c-4778-bd6c-b2c794d56da4" testId="daffbaa1-d740-4981-9f58-b2991ca6b5ba" testName="IsSameValue_FromDataSorce_RetrnValueIsExpected (Data Row 100)" computerName="ICSWS068" duration="00:00:00.0000401" startTime="2016-08-04T07:56:22.2175586+02:00" endTime="2016-08-04T07:56:22.2175586+02:00" testType="13cdc9d9-ddb5-4fa4-a97d-d965ccfc6d4b" outcome="Passed" testListId="8c84fa94-04c1-424b-9868-57a2d4851a1d" relativeResultsDirectory="fc3cc20b-993c-4778-bd6c-b2c794d56da4" />
    <UnitTestResult executionId="7a98915f-32a0-4644-83a8-f3474fa5b989" testId="b1d7b841-2bf8-4244-b321-b221d2f7e9f1" testName="IsSameValue_FromDataSorce_RetrnValueIsExpected (Data Row 101)" computerName="ICSWS068" duration="00:00:00.0000384" startTime="2016-08-04T07:56:22.2175586+02:00" endTime="2016-08-04T07:56:22.2175586+02:00" testType="13cdc9d9-ddb5-4fa4-a97d-d965ccfc6d4b" outcome="Passed" testListId="8c84fa94-04c1-424b-9868-57a2d4851a1d" relativeResultsDirectory="7a98915f-32a0-4644-83a8-f3474fa5b989" />
    <UnitTestResult executionId="83d6455a-f17b-426b-ac95-dce03cb86a6c" testId="d6c01bcf-93f4-42bd-819e-ee7abd4ab0ee" testName="IsSameValue_FromDataSorce_RetrnValueIsExpected (Data Row 102)" computerName="ICSWS068" duration="00:00:00.0000369" startTime="2016-08-04T07:56:22.2175586+02:00" endTime="2016-08-04T07:56:22.2175586+02:00" testType="13cdc9d9-ddb5-4fa4-a97d-d965ccfc6d4b" outcome="Passed" testListId="8c84fa94-04c1-424b-9868-57a2d4851a1d" relativeResultsDirectory="83d6455a-f17b-426b-ac95-dce03cb86a6c" />
    <UnitTestResult executionId="ce8a9f78-9327-4b77-a50e-9987e480f654" testId="69bef3dd-2474-4a16-ae59-2103d57e0752" testName="IsSameValue_FromDataSorce_RetrnValueIsExpected (Data Row 103)" computerName="ICSWS068" duration="00:00:00.0000407" startTime="2016-08-04T07:56:22.2175586+02:00" endTime="2016-08-04T07:56:22.2175586+02:00" testType="13cdc9d9-ddb5-4fa4-a97d-d965ccfc6d4b" outcome="Passed" testListId="8c84fa94-04c1-424b-9868-57a2d4851a1d" relativeResultsDirectory="ce8a9f78-9327-4b77-a50e-9987e480f654" />
    <UnitTestResult executionId="fe50cb6b-d9c5-4fa2-8c06-da0341ad4c8e" testId="ea80ad7e-43ee-4e16-9ddc-0bbb30f3236b" testName="IsSameValue_FromDataSorce_RetrnValueIsExpected (Data Row 104)" computerName="ICSWS068" duration="00:00:00.0000381" startTime="2016-08-04T07:56:22.2175586+02:00" endTime="2016-08-04T07:56:22.2175586+02:00" testType="13cdc9d9-ddb5-4fa4-a97d-d965ccfc6d4b" outcome="Passed" testListId="8c84fa94-04c1-424b-9868-57a2d4851a1d" relativeResultsDirectory="fe50cb6b-d9c5-4fa2-8c06-da0341ad4c8e" />
    <UnitTestResult executionId="4f7db02e-eb2c-4748-aaa3-a945e1f0e7eb" testId="e58e7e58-d33f-414b-a895-e3c94835a965" testName="IsSameValue_FromDataSorce_RetrnValueIsExpected (Data Row 105)" computerName="ICSWS068" duration="00:00:00.0000360" startTime="2016-08-04T07:56:22.2175586+02:00" endTime="2016-08-04T07:56:22.2175586+02:00" testType="13cdc9d9-ddb5-4fa4-a97d-d965ccfc6d4b" outcome="Passed" testListId="8c84fa94-04c1-424b-9868-57a2d4851a1d" relativeResultsDirectory="4f7db02e-eb2c-4748-aaa3-a945e1f0e7eb" />
    <UnitTestResult executionId="e9a2db6d-de64-41fb-bbc2-84b38e79d1c9" testId="0ffe54e6-852a-410b-abd7-466e501ff61a" testName="IsSameValue_FromDataSorce_RetrnValueIsExpected (Data Row 106)" computerName="ICSWS068" duration="00:00:00.0000369" startTime="2016-08-04T07:56:22.2175586+02:00" endTime="2016-08-04T07:56:22.2175586+02:00" testType="13cdc9d9-ddb5-4fa4-a97d-d965ccfc6d4b" outcome="Passed" testListId="8c84fa94-04c1-424b-9868-57a2d4851a1d" relativeResultsDirectory="e9a2db6d-de64-41fb-bbc2-84b38e79d1c9" />
    <UnitTestResult executionId="9d41f2d2-0ca3-4bd3-bead-b3b1892ac07f" testId="33b2adba-f0c8-488d-a8fc-a6a2acc3e985" testName="IsSameValue_FromDataSorce_RetrnValueIsExpected (Data Row 107)" computerName="ICSWS068" duration="00:00:00.0000384" startTime="2016-08-04T07:56:22.2175586+02:00" endTime="2016-08-04T07:56:22.2180589+02:00" testType="13cdc9d9-ddb5-4fa4-a97d-d965ccfc6d4b" outcome="Passed" testListId="8c84fa94-04c1-424b-9868-57a2d4851a1d" relativeResultsDirectory="9d41f2d2-0ca3-4bd3-bead-b3b1892ac07f" />
    <UnitTestResult executionId="0b602be2-f387-41c9-8595-71480ce4c866" testId="5dd72c32-1c1a-4925-9368-ae01238948c5" testName="IsSameValue_FromDataSorce_RetrnValueIsExpected (Data Row 108)" computerName="ICSWS068" duration="00:00:00.0000384" startTime="2016-08-04T07:56:22.2180589+02:00" endTime="2016-08-04T07:56:22.2180589+02:00" testType="13cdc9d9-ddb5-4fa4-a97d-d965ccfc6d4b" outcome="Passed" testListId="8c84fa94-04c1-424b-9868-57a2d4851a1d" relativeResultsDirectory="0b602be2-f387-41c9-8595-71480ce4c866" />
    <UnitTestResult executionId="ef9d425a-8f54-4838-bbc6-4c12ff0251e2" testId="e68bb620-e38c-4700-9f83-e000579065a4" testName="IsSameValue_FromDataSorce_RetrnValueIsExpected (Data Row 109)" computerName="ICSWS068" duration="00:00:00.0000381" startTime="2016-08-04T07:56:22.2180589+02:00" endTime="2016-08-04T07:56:22.2180589+02:00" testType="13cdc9d9-ddb5-4fa4-a97d-d965ccfc6d4b" outcome="Passed" testListId="8c84fa94-04c1-424b-9868-57a2d4851a1d" relativeResultsDirectory="ef9d425a-8f54-4838-bbc6-4c12ff0251e2" />
    <UnitTestResult executionId="7f6f6d48-2385-442c-bcc7-a92951474053" testId="52950534-671d-4e17-8b37-a9c9644bf38a" testName="IsSameValue_FromDataSorce_RetrnValueIsExpected (Data Row 110)" computerName="ICSWS068" duration="00:00:00.0000404" startTime="2016-08-04T07:56:22.2180589+02:00" endTime="2016-08-04T07:56:22.2180589+02:00" testType="13cdc9d9-ddb5-4fa4-a97d-d965ccfc6d4b" outcome="Passed" testListId="8c84fa94-04c1-424b-9868-57a2d4851a1d" relativeResultsDirectory="7f6f6d48-2385-442c-bcc7-a92951474053" />
    <UnitTestResult executionId="85dcfb8a-6068-4fd6-b25d-9c6bdcec30c8" testId="3b84661a-7c37-cca0-700d-3bb84db8437a" testName="SetValue_HasValueAndSetWithScriptVar_OldValueIsKept" computerName="ICSWS068" duration="00:00:00.0003859" startTime="2016-08-04T09:56:22.2285655+02:00" endTime="2016-08-04T09:56:22.2305666+02:00" testType="13cdc9d9-ddb5-4fa4-a97d-d965ccfc6d4b" outcome="Passed" testListId="8c84fa94-04c1-424b-9868-57a2d4851a1d" relativeResultsDirectory="85dcfb8a-6068-4fd6-b25d-9c6bdcec30c8" />
    <UnitTestResult executionId="acf49bf1-62fb-4f17-8288-07173000a3b7" testId="6d2d9ede-d55b-78ac-7d0b-432586b589f3" testName="SetValue_HasNoValueAndSetWithScriptVar_HasNoValue" computerName="ICSWS068" duration="00:00:00.0001794" startTime="2016-08-04T09:56:22.2340692+02:00" endTime="2016-08-04T09:56:22.2355700+02:00" testType="13cdc9d9-ddb5-4fa4-a97d-d965ccfc6d4b" outcome="Passed" testListId="8c84fa94-04c1-424b-9868-57a2d4851a1d" relativeResultsDirectory="acf49bf1-62fb-4f17-8288-07173000a3b7" />
    <UnitTestResult executionId="55308595-ad18-4215-bdd5-c17e1c26add0" testId="981d829e-648e-34d7-a199-23e1466a645d" testName="GetiCPSAssemblyPath_RequestingAssemblyPathAtRuntime_AssemblyCanBeDirty" computerName="ICSWS068" duration="00:00:00.1963253" startTime="2016-08-04T09:56:22.2395729+02:00" endTime="2016-08-04T09:56:22.4374851+02:00" testType="13cdc9d9-ddb5-4fa4-a97d-d965ccfc6d4b" outcome="Passed" testListId="8c84fa94-04c1-424b-9868-57a2d4851a1d" relativeResultsDirectory="55308595-ad18-4215-bdd5-c17e1c26add0" />
    <UnitTestResult executionId="367ad8fc-cb9c-4cab-bfff-79cc3948e4df" testId="421f8e36-510c-2371-6cfa-06cf3c853059" testName="GetiCPSAssemblyPath_RequestingAssemblyPathAtDesigntime_AssemblyCannotBeDirty" computerName="ICSWS068" duration="00:00:00.0042362" startTime="2016-08-04T09:56:22.4409882+02:00" endTime="2016-08-04T09:56:22.4464914+02:00" testType="13cdc9d9-ddb5-4fa4-a97d-d965ccfc6d4b" outcome="Passed" testListId="8c84fa94-04c1-424b-9868-57a2d4851a1d" relativeResultsDirectory="367ad8fc-cb9c-4cab-bfff-79cc3948e4df" />
    <UnitTestResult executionId="f1145420-eb42-48a0-8993-3125e0b5fdca" testId="979d2288-7a4a-91b9-6922-9e608cc774e5" testName="GetiCPSAssemblyPath_RequestingAssemblyPath_DirectoryForAssemblyIsCreated" computerName="ICSWS068" duration="00:00:00.0094642" startTime="2016-08-04T09:56:22.4494948+02:00" endTime="2016-08-04T09:56:22.4605017+02:00" testType="13cdc9d9-ddb5-4fa4-a97d-d965ccfc6d4b" outcome="Passed" testListId="8c84fa94-04c1-424b-9868-57a2d4851a1d" relativeResultsDirectory="f1145420-eb42-48a0-8993-3125e0b5fdca" />
    <UnitTestResult executionId="ae305107-0ff1-437c-a44b-eed8bc3c5052" testId="ceb47136-ea01-9ec8-978a-103a362be7d1" testName="GetiCPSAssemblyPath_RequestingAssemblyPath_CachedAssemblyIsUsed" computerName="ICSWS068" duration="00:00:00.0058608" startTime="2016-08-04T09:56:22.4640043+02:00" endTime="2016-08-04T09:56:22.4710091+02:00" testType="13cdc9d9-ddb5-4fa4-a97d-d965ccfc6d4b" outcome="Passed" testListId="8c84fa94-04c1-424b-9868-57a2d4851a1d" relativeResultsDirectory="ae305107-0ff1-437c-a44b-eed8bc3c5052" />
    <UnitTestResult executionId="ea54e97e-e9da-4379-9f91-54d3b2754ab3" testId="1eba7923-ac40-5a42-b342-86d6e022b76a" testName="GetiCPSAssemblyPath_RequestingAssemblyPath_PathToAssemblyIsCorrect" computerName="ICSWS068" duration="00:00:00.0042617" startTime="2016-08-04T09:56:22.4740111+02:00" endTime="2016-08-04T09:56:22.4795324+02:00" testType="13cdc9d9-ddb5-4fa4-a97d-d965ccfc6d4b" outcome="Passed" testListId="8c84fa94-04c1-424b-9868-57a2d4851a1d" relativeResultsDirectory="ea54e97e-e9da-4379-9f91-54d3b2754ab3" />
    <UnitTestResult executionId="ff680f58-02c8-42ad-8b49-4bf3d9f84f49" testId="db5fa9ea-9c01-4641-4b39-8ab464d05cd5" testName="GetiCPSAssemblyPath_RequestingPathForNoniCPS_PathIsEmpty" computerName="ICSWS068" duration="00:00:00.0020410" startTime="2016-08-04T09:56:22.4820192+02:00" endTime="2016-08-04T09:56:22.4855247+02:00" testType="13cdc9d9-ddb5-4fa4-a97d-d965ccfc6d4b" outcome="Passed" testListId="8c84fa94-04c1-424b-9868-57a2d4851a1d" relativeResultsDirectory="ff680f58-02c8-42ad-8b49-4bf3d9f84f49" />
    <UnitTestResult executionId="e39cf12a-bc00-4cde-96c6-e53d8e68f26f" testId="2fde0283-7940-64f3-bfdb-68fbbb020d42" testName="WriteLogToFile_ProvidingValidInputs_LogEntriesWrittenToStream" computerName="ICSWS068" duration="00:00:00.0491111" startTime="2016-08-04T09:56:22.4880261+02:00" endTime="2016-08-04T09:56:22.5385655+02:00" testType="13cdc9d9-ddb5-4fa4-a97d-d965ccfc6d4b" outcome="Passed" testListId="8c84fa94-04c1-424b-9868-57a2d4851a1d" relativeResultsDirectory="e39cf12a-bc00-4cde-96c6-e53d8e68f26f" />
    <UnitTestResult executionId="51196386-2db6-4014-9d08-5eddb60a5bd0" testId="c49bc7bc-ef48-f72e-6053-23d39b7ba974" testName="Constructor_NullArgument_ThrowsArgumentNullException" computerName="ICSWS068" duration="00:00:00.0056256" startTime="2016-08-04T09:56:22.5420677+02:00" endTime="2016-08-04T09:56:22.5490723+02:00" testType="13cdc9d9-ddb5-4fa4-a97d-d965ccfc6d4b" outcome="Passed" testListId="8c84fa94-04c1-424b-9868-57a2d4851a1d" relativeResultsDirectory="51196386-2db6-4014-9d08-5eddb60a5bd0" />
    <UnitTestResult executionId="528f8c7a-e9a7-4fcb-9cd0-11c273b08035" testId="e851e968-bb51-9813-af28-1527e2e4287f" testName="Constructor_ValidArgument_SetsOwnerProperty" computerName="ICSWS068" duration="00:00:00.0004134" startTime="2016-08-04T09:56:22.5515746+02:00" endTime="2016-08-04T09:56:22.5530758+02:00" testType="13cdc9d9-ddb5-4fa4-a97d-d965ccfc6d4b" outcome="Passed" testListId="8c84fa94-04c1-424b-9868-57a2d4851a1d" relativeResultsDirectory="528f8c7a-e9a7-4fcb-9cd0-11c273b08035" />
    <UnitTestResult executionId="3516d60e-642c-4bbc-9c3d-cb0b66142999" testId="60b6beaa-a5ad-1b7c-a208-232e5a196c8b" testName="Constructor_ValidArgument_CountIsZero" computerName="ICSWS068" duration="00:00:00.0036688" startTime="2016-08-04T09:56:22.5560778+02:00" endTime="2016-08-04T09:56:22.5610809+02:00" testType="13cdc9d9-ddb5-4fa4-a97d-d965ccfc6d4b" outcome="Passed" testListId="8c84fa94-04c1-424b-9868-57a2d4851a1d" relativeResultsDirectory="3516d60e-642c-4bbc-9c3d-cb0b66142999" />
    <UnitTestResult executionId="8932f9a6-afbe-4b83-85f9-82019727d712" testId="55675921-8054-9cf3-a6a1-f51c891ad623" testName="Add_NonNewItem_ThrowsArgumentException" computerName="ICSWS068" duration="00:00:00.0339983" startTime="2016-08-04T09:56:22.5640838+02:00" endTime="2016-08-04T09:56:22.5991084+02:00" testType="13cdc9d9-ddb5-4fa4-a97d-d965ccfc6d4b" outcome="Passed" testListId="8c84fa94-04c1-424b-9868-57a2d4851a1d" relativeResultsDirectory="8932f9a6-afbe-4b83-85f9-82019727d712" />
    <UnitTestResult executionId="f8f07286-8160-421f-9fd0-56ce276dbea7" testId="ef7e1464-dd08-6bbf-31d7-5ae75e0fe5d1" testName="Add_NewItem_Succeeds" computerName="ICSWS068" duration="00:00:00.0037195" startTime="2016-08-04T09:56:22.6021104+02:00" endTime="2016-08-04T09:56:22.6071144+02:00" testType="13cdc9d9-ddb5-4fa4-a97d-d965ccfc6d4b" outcome="Passed" testListId="8c84fa94-04c1-424b-9868-57a2d4851a1d" relativeResultsDirectory="f8f07286-8160-421f-9fd0-56ce276dbea7" />
    <UnitTestResult executionId="afebdd69-f291-4454-97dd-727c9d254484" testId="0c5c6682-4e3d-f360-5177-4771b6d862a3" testName="Add_NewItem_RaisesCollectionChangedEvent" computerName="ICSWS068" duration="00:00:00.0020333" startTime="2016-08-04T09:56:22.6101164+02:00" endTime="2016-08-04T09:56:22.6136187+02:00" testType="13cdc9d9-ddb5-4fa4-a97d-d965ccfc6d4b" outcome="Passed" testListId="8c84fa94-04c1-424b-9868-57a2d4851a1d" relativeResultsDirectory="afebdd69-f291-4454-97dd-727c9d254484" />
    <UnitTestResult executionId="4b2ec833-4f0b-4f7a-88cd-e6c5f4c1ed76" testId="ea3c0066-e5a3-8876-ae90-32b00fe15462" testName="Add_NewItem_CollectionIsDirty" computerName="ICSWS068" duration="00:00:00.0006134" startTime="2016-08-04T09:56:22.6161207+02:00" endTime="2016-08-04T09:56:22.6176216+02:00" testType="13cdc9d9-ddb5-4fa4-a97d-d965ccfc6d4b" outcome="Passed" testListId="8c84fa94-04c1-424b-9868-57a2d4851a1d" relativeResultsDirectory="4b2ec833-4f0b-4f7a-88cd-e6c5f4c1ed76" />
    <UnitTestResult executionId="bd94ea1e-9bf5-4d23-8962-aeebdbccae73" testId="016edeaf-678b-d672-e612-30759861dd4a" testName="Remove_SingleExistingNewItemInCollection_ReturnsTrue" computerName="ICSWS068" duration="00:00:00.0032955" startTime="2016-08-04T09:56:22.6206236+02:00" endTime="2016-08-04T09:56:22.6256276+02:00" testType="13cdc9d9-ddb5-4fa4-a97d-d965ccfc6d4b" outcome="Passed" testListId="8c84fa94-04c1-424b-9868-57a2d4851a1d" relativeResultsDirectory="bd94ea1e-9bf5-4d23-8962-aeebdbccae73" />
    <UnitTestResult executionId="2ea8d0a5-bb4c-40e8-9b5c-6a952e3720be" testId="a71d29c0-a2a6-2454-43b0-8d8521c4dee6" testName="Remove_SingleExistingNewItemInCollection_IsDirtyIsFalse" computerName="ICSWS068" duration="00:00:00.0007955" startTime="2016-08-04T09:56:22.6286296+02:00" endTime="2016-08-04T09:56:22.6311316+02:00" testType="13cdc9d9-ddb5-4fa4-a97d-d965ccfc6d4b" outcome="Passed" testListId="8c84fa94-04c1-424b-9868-57a2d4851a1d" relativeResultsDirectory="2ea8d0a5-bb4c-40e8-9b5c-6a952e3720be" />
    <UnitTestResult executionId="32dd5e73-2e36-44e8-a7f5-fdaa5d6a1897" testId="89240476-ec37-53c8-c511-bdbe873a2b56" testName="Remove_NonExistingItem_ReturnsFalse" computerName="ICSWS068" duration="00:00:00.0005384" startTime="2016-08-04T09:56:22.6336333+02:00" endTime="2016-08-04T09:56:22.6356348+02:00" testType="13cdc9d9-ddb5-4fa4-a97d-d965ccfc6d4b" outcome="Passed" testListId="8c84fa94-04c1-424b-9868-57a2d4851a1d" relativeResultsDirectory="32dd5e73-2e36-44e8-a7f5-fdaa5d6a1897" />
    <UnitTestResult executionId="62fe5d80-7425-44a4-92c0-22e3b41fbccc" testId="eb4854af-7c35-e1f0-f06a-a203aabf1409" testName="Remove_NullArgument_ThrowsArgumentNullException" computerName="ICSWS068" duration="00:00:00.0012492" startTime="2016-08-04T09:56:22.6391371+02:00" endTime="2016-08-04T09:56:22.6421394+02:00" testType="13cdc9d9-ddb5-4fa4-a97d-d965ccfc6d4b" outcome="Passed" testListId="8c84fa94-04c1-424b-9868-57a2d4851a1d" relativeResultsDirectory="62fe5d80-7425-44a4-92c0-22e3b41fbccc" />
    <UnitTestResult executionId="b128baf2-13a5-4fe9-a779-05e5619eea54" testId="72a5c19a-8f17-f783-001c-9c1393517b26" testName="RemoveByKey_NonExistingKey_ReturnsFalse" computerName="ICSWS068" duration="00:00:00.0005967" startTime="2016-08-04T09:56:22.6446414+02:00" endTime="2016-08-04T09:56:22.6466428+02:00" testType="13cdc9d9-ddb5-4fa4-a97d-d965ccfc6d4b" outcome="Passed" testListId="8c84fa94-04c1-424b-9868-57a2d4851a1d" relativeResultsDirectory="b128baf2-13a5-4fe9-a779-05e5619eea54" />
    <UnitTestResult executionId="c9c1fe5d-57de-42b1-a050-d09952ac5b48" testId="ba74b635-4e04-7206-4503-ae0455735efc" testName="RemoveByKey_ExistingItem_ReturnsTrue" computerName="ICSWS068" duration="00:00:00.0063153" startTime="2016-08-04T09:56:22.6491439+02:00" endTime="2016-08-04T09:56:22.6576502+02:00" testType="13cdc9d9-ddb5-4fa4-a97d-d965ccfc6d4b" outcome="Passed" testListId="8c84fa94-04c1-424b-9868-57a2d4851a1d" relativeResultsDirectory="c9c1fe5d-57de-42b1-a050-d09952ac5b48" />
    <UnitTestResult executionId="18c3db6d-8f0a-4003-a877-e3c25501ade6" testId="8b2b7757-e3ed-8c1e-58aa-4fd3a51299d7" testName="RemoveByKey_ExistingItem_ItemIsRemoved" computerName="ICSWS068" duration="00:00:00.0016430" startTime="2016-08-04T09:56:22.6601522+02:00" endTime="2016-08-04T09:56:22.6631545+02:00" testType="13cdc9d9-ddb5-4fa4-a97d-d965ccfc6d4b" outcome="Passed" testListId="8c84fa94-04c1-424b-9868-57a2d4851a1d" relativeResultsDirectory="18c3db6d-8f0a-4003-a877-e3c25501ade6" />
    <UnitTestResult executionId="03b73b84-bc6e-4f07-bef9-dc33e152015a" testId="a5a85c20-49b5-083e-4284-1d18b1657a7d" testName="Remove_ExistingNewItem_ItemIsRemoved" computerName="ICSWS068" duration="00:00:00.0012213" startTime="2016-08-04T09:56:22.6666565+02:00" endTime="2016-08-04T09:56:22.6691583+02:00" testType="13cdc9d9-ddb5-4fa4-a97d-d965ccfc6d4b" outcome="Passed" testListId="8c84fa94-04c1-424b-9868-57a2d4851a1d" relativeResultsDirectory="03b73b84-bc6e-4f07-bef9-dc33e152015a" />
    <UnitTestResult executionId="c65bf554-d112-49f0-9ed5-9e7316327f20" testId="3becb32a-6b5d-a840-de54-f21fbca008b3" testName="Remove_RemovedNewItem_ReturnsFalse" computerName="ICSWS068" duration="00:00:00.0008122" startTime="2016-08-04T09:56:22.6721608+02:00" endTime="2016-08-04T09:56:22.6746623+02:00" testType="13cdc9d9-ddb5-4fa4-a97d-d965ccfc6d4b" outcome="Passed" testListId="8c84fa94-04c1-424b-9868-57a2d4851a1d" relativeResultsDirectory="c65bf554-d112-49f0-9ed5-9e7316327f20" />
    <UnitTestResult executionId="1805f4cb-a5c1-4b66-aae4-fabc57298194" testId="cae260b1-265f-edfc-4633-ef411d921bbd" testName="RemoveByKey_DeletedItem_ReturnsFalse" computerName="ICSWS068" duration="00:00:00.0015222" startTime="2016-08-04T09:56:22.6771646+02:00" endTime="2016-08-04T09:56:22.6796663+02:00" testType="13cdc9d9-ddb5-4fa4-a97d-d965ccfc6d4b" outcome="Passed" testListId="8c84fa94-04c1-424b-9868-57a2d4851a1d" relativeResultsDirectory="1805f4cb-a5c1-4b66-aae4-fabc57298194" />
    <UnitTestResult executionId="58486d03-16d6-41ea-8ca6-9c0d35811135" testId="3cf2ebdb-bf95-6150-55b0-48e626171642" testName="GetEnumerator_BothDeletedNewAndExistingItemsInContainer_ReturnsCorrectEnumeration" computerName="ICSWS068" duration="00:00:00.0043113" startTime="2016-08-04T09:56:22.6836689+02:00" endTime="2016-08-04T09:56:22.6891732+02:00" testType="13cdc9d9-ddb5-4fa4-a97d-d965ccfc6d4b" outcome="Passed" testListId="8c84fa94-04c1-424b-9868-57a2d4851a1d" relativeResultsDirectory="58486d03-16d6-41ea-8ca6-9c0d35811135" />
    <UnitTestResult executionId="06e37834-7434-413a-a766-806365fc8706" testId="3bdddf4f-6b6f-8b35-8dc9-bcea83b91b98" testName="Remove_ExistingItem_RaisesCollectionChangedEvent" computerName="ICSWS068" duration="00:00:00.0019509" startTime="2016-08-04T09:56:22.6916752+02:00" endTime="2016-08-04T09:56:22.6955519+02:00" testType="13cdc9d9-ddb5-4fa4-a97d-d965ccfc6d4b" outcome="Passed" testListId="8c84fa94-04c1-424b-9868-57a2d4851a1d" relativeResultsDirectory="06e37834-7434-413a-a766-806365fc8706" />
    <UnitTestResult executionId="6bb62e10-cf80-4f12-9c66-1ccc50cf0dd4" testId="00bba1a3-6996-6155-d800-be442ba9c571" testName="RemoveByKey_ExistingItem_RaisesCollectionChangedEvent" computerName="ICSWS068" duration="00:00:00.0017594" startTime="2016-08-04T09:56:22.6995536+02:00" endTime="2016-08-04T09:56:22.7028457+02:00" testType="13cdc9d9-ddb5-4fa4-a97d-d965ccfc6d4b" outcome="Passed" testListId="8c84fa94-04c1-424b-9868-57a2d4851a1d" relativeResultsDirectory="6bb62e10-cf80-4f12-9c66-1ccc50cf0dd4" />
    <UnitTestResult executionId="ecd350a6-d362-494b-9382-fc762fffc8a2" testId="67ddbc8b-515c-6a9a-25db-4010a2e43459" testName="Enumerating_CollectionNotNewAndNotRefreshed_CausesRefreshToBeCalled" computerName="ICSWS068" duration="00:00:00.0017416" startTime="2016-08-04T09:56:22.7063500+02:00" endTime="2016-08-04T09:56:22.7098526+02:00" testType="13cdc9d9-ddb5-4fa4-a97d-d965ccfc6d4b" outcome="Passed" testListId="8c84fa94-04c1-424b-9868-57a2d4851a1d" relativeResultsDirectory="ecd350a6-d362-494b-9382-fc762fffc8a2" />
    <UnitTestResult executionId="592ee5a5-e828-4ad7-99ac-d156d012f0e2" testId="5a9c3793-3a80-ed62-b31c-44293a75bd4f" testName="Remove_ExistingNewItem_RaisesCollectionChangedEvent" computerName="ICSWS068" duration="00:00:00.0014468" startTime="2016-08-04T09:56:22.7118561+02:00" endTime="2016-08-04T09:56:22.7158765+02:00" testType="13cdc9d9-ddb5-4fa4-a97d-d965ccfc6d4b" outcome="Passed" testListId="8c84fa94-04c1-424b-9868-57a2d4851a1d" relativeResultsDirectory="592ee5a5-e828-4ad7-99ac-d156d012f0e2" />
    <UnitTestResult executionId="a7f017d7-d00a-4a70-a15a-a9167f3976ea" testId="4a8ee29d-962f-92ca-02bc-8180d3caf904" testName="ItemByIndex_IndexOutOfBounds_ThrowsArgumentOutOfRangeException" computerName="ICSWS068" duration="00:00:00.0011243" startTime="2016-08-04T09:56:22.7183624+02:00" endTime="2016-08-04T09:56:22.7213659+02:00" testType="13cdc9d9-ddb5-4fa4-a97d-d965ccfc6d4b" outcome="Passed" testListId="8c84fa94-04c1-424b-9868-57a2d4851a1d" relativeResultsDirectory="a7f017d7-d00a-4a70-a15a-a9167f3976ea" />
    <UnitTestResult executionId="0270cfdb-f4d3-4891-aee9-38d4d27a1470" testId="b5645b1a-cfac-1d7c-dc2d-fa2887661dda" testName="ItemByIndex_IndexOutOfBounds2_ThrowsArgumentOutOfRangeException" computerName="ICSWS068" duration="00:00:00.0008589" startTime="2016-08-04T09:56:22.7243171+02:00" endTime="2016-08-04T09:56:22.7268189+02:00" testType="13cdc9d9-ddb5-4fa4-a97d-d965ccfc6d4b" outcome="Passed" testListId="8c84fa94-04c1-424b-9868-57a2d4851a1d" relativeResultsDirectory="0270cfdb-f4d3-4891-aee9-38d4d27a1470" />
    <UnitTestResult executionId="a6d10bc3-d4f0-4e73-8274-556945a85ed6" testId="ea4acc17-e3e4-b3c9-e0ea-2f7b77d9f4b8" testName="ItemByIndex_ValidIndexToExistingItem_ReturnsCorrectItem" computerName="ICSWS068" duration="00:00:00.0016210" startTime="2016-08-04T09:56:22.7293367+02:00" endTime="2016-08-04T09:56:22.7318211+02:00" testType="13cdc9d9-ddb5-4fa4-a97d-d965ccfc6d4b" outcome="Passed" testListId="8c84fa94-04c1-424b-9868-57a2d4851a1d" relativeResultsDirectory="a6d10bc3-d4f0-4e73-8274-556945a85ed6" />
    <UnitTestResult executionId="3dc42634-42bb-4329-9ee9-9f4d3ae405fb" testId="2886f32c-8210-2fef-46d9-01500a2952db" testName="ItemByIndex_ValidIndexToNewItem_ReturnsCorrectItem" computerName="ICSWS068" duration="00:00:00.0007568" startTime="2016-08-04T09:56:22.7360257+02:00" endTime="2016-08-04T09:56:22.7375281+02:00" testType="13cdc9d9-ddb5-4fa4-a97d-d965ccfc6d4b" outcome="Passed" testListId="8c84fa94-04c1-424b-9868-57a2d4851a1d" relativeResultsDirectory="3dc42634-42bb-4329-9ee9-9f4d3ae405fb" />
    <UnitTestResult executionId="56119b1d-1622-46ee-8bd8-f3a92996ed00" testId="3fd5af0e-445c-159c-3e23-621bb16103e5" testName="ItemByKey_NonExistingKey_ThrowsKeyNotFoundException" computerName="ICSWS068" duration="00:00:00.0013070" startTime="2016-08-04T09:56:22.7410292+02:00" endTime="2016-08-04T09:56:22.7435497+02:00" testType="13cdc9d9-ddb5-4fa4-a97d-d965ccfc6d4b" outcome="Passed" testListId="8c84fa94-04c1-424b-9868-57a2d4851a1d" relativeResultsDirectory="56119b1d-1622-46ee-8bd8-f3a92996ed00" />
    <UnitTestResult executionId="5982bad5-9b34-4c39-b0c4-83856d597c43" testId="b890be56-b828-df6d-a43f-38b596a5045c" testName="ItemByKey_ExistingKey_ReturnsCorrectItem" computerName="ICSWS068" duration="00:00:00.0016146" startTime="2016-08-04T09:56:22.7465341+02:00" endTime="2016-08-04T09:56:22.7490525+02:00" testType="13cdc9d9-ddb5-4fa4-a97d-d965ccfc6d4b" outcome="Passed" testListId="8c84fa94-04c1-424b-9868-57a2d4851a1d" relativeResultsDirectory="5982bad5-9b34-4c39-b0c4-83856d597c43" />
    <UnitTestResult executionId="adec3162-96a6-49d2-9649-5a592dd48c4b" testId="621d0019-73df-ad5b-8baf-2ac9b5b7aa07" testName="ItemRaisesPropertyChanged_IsDirtyBecomesTrue_IsDirtySet" computerName="ICSWS068" duration="00:00:00.0011580" startTime="2016-08-04T09:56:22.7520401+02:00" endTime="2016-08-04T09:56:22.7540589+02:00" testType="13cdc9d9-ddb5-4fa4-a97d-d965ccfc6d4b" outcome="Passed" testListId="8c84fa94-04c1-424b-9868-57a2d4851a1d" relativeResultsDirectory="adec3162-96a6-49d2-9649-5a592dd48c4b" />
    <UnitTestResult executionId="4b0b04e6-2bd0-49ff-b284-d13ff8045721" testId="09fca938-3fae-0f6e-9fd0-d2e085c96485" testName="RemovedItemRaisesPropertyChanged_IsDirtyBecomesTrue_IsDirtyUnaffected" computerName="ICSWS068" duration="00:00:00.0031987" startTime="2016-08-04T09:56:22.7575444+02:00" endTime="2016-08-04T09:56:22.7625593+02:00" testType="13cdc9d9-ddb5-4fa4-a97d-d965ccfc6d4b" outcome="Passed" testListId="8c84fa94-04c1-424b-9868-57a2d4851a1d" relativeResultsDirectory="4b0b04e6-2bd0-49ff-b284-d13ff8045721" />
    <UnitTestResult executionId="ca32481d-7683-4170-808e-703530a71275" testId="ab0029ff-00bf-4507-9125-20c231bcfa61" testName="ItemPropertyChanged_IsDirtyBecomesFalseButOtherDirtyItemsExists_IsDirtyIsStillSet" computerName="ICSWS068" duration="00:00:00.0018589" startTime="2016-08-04T09:56:22.7655710+02:00" endTime="2016-08-04T09:56:22.7685577+02:00" testType="13cdc9d9-ddb5-4fa4-a97d-d965ccfc6d4b" outcome="Passed" testListId="8c84fa94-04c1-424b-9868-57a2d4851a1d" relativeResultsDirectory="ca32481d-7683-4170-808e-703530a71275" />
    <UnitTestResult executionId="f88fb717-b037-47e0-a595-ce31f1ea7185" testId="1835c807-df0d-4131-de1e-cd2a78daa156" testName="Clear_ExistingItemsWereRemoved_IsDirtyIsTrue" computerName="ICSWS068" duration="00:00:00.0020260" startTime="2016-08-04T09:56:22.7710592+02:00" endTime="2016-08-04T09:56:22.7745620+02:00" testType="13cdc9d9-ddb5-4fa4-a97d-d965ccfc6d4b" outcome="Passed" testListId="8c84fa94-04c1-424b-9868-57a2d4851a1d" relativeResultsDirectory="f88fb717-b037-47e0-a595-ce31f1ea7185" />
    <UnitTestResult executionId="5bf3d674-ecd3-46b9-9c39-a3192f8ded2a" testId="d957482c-c95c-85fc-84d4-947ac2dc1971" testName="Clear_OnlyNewItemsWereRemoved_IsDirtyIsFalse" computerName="ICSWS068" duration="00:00:00.0007574" startTime="2016-08-04T09:56:22.7780640+02:00" endTime="2016-08-04T09:56:22.7805822+02:00" testType="13cdc9d9-ddb5-4fa4-a97d-d965ccfc6d4b" outcome="Passed" testListId="8c84fa94-04c1-424b-9868-57a2d4851a1d" relativeResultsDirectory="5bf3d674-ecd3-46b9-9c39-a3192f8ded2a" />
    <UnitTestResult executionId="643d3a29-def5-44f5-aa59-38019a927ffb" testId="a5cb3491-137e-8c96-4f6d-d9e082f55cf7" testName="Clear_ModifiedItemsExist_CountIsZero" computerName="ICSWS068" duration="00:00:00.0011163" startTime="2016-08-04T09:56:22.7829727+02:00" endTime="2016-08-04T09:56:22.7854753+02:00" testType="13cdc9d9-ddb5-4fa4-a97d-d965ccfc6d4b" outcome="Passed" testListId="8c84fa94-04c1-424b-9868-57a2d4851a1d" relativeResultsDirectory="643d3a29-def5-44f5-aa59-38019a927ffb" />
    <UnitTestResult executionId="7bcf1e71-09db-4efa-a19f-0fb20351628f" testId="6bdeceb9-4acf-2c38-97c8-e28625fbb1b3" testName="Commit_IsDirtyIsFalse_CommitImplIsNotCalled" computerName="ICSWS068" duration="00:00:00.0012392" startTime="2016-08-04T09:56:22.7874917+02:00" endTime="2016-08-04T09:56:22.7899773+02:00" testType="13cdc9d9-ddb5-4fa4-a97d-d965ccfc6d4b" outcome="Passed" testListId="8c84fa94-04c1-424b-9868-57a2d4851a1d" relativeResultsDirectory="7bcf1e71-09db-4efa-a19f-0fb20351628f" />
    <UnitTestResult executionId="53ce08a5-4baa-4740-a8ba-6c75de4e18de" testId="3844d71c-5d55-8713-4680-9215871bb0aa" testName="Commit_IsDirtyIsTrue_CommitImplIsCalledWithTheCorrectParameters" computerName="ICSWS068" duration="00:00:00.0011386" startTime="2016-08-04T09:56:22.7939831+02:00" endTime="2016-08-04T09:56:22.7960021+02:00" testType="13cdc9d9-ddb5-4fa4-a97d-d965ccfc6d4b" outcome="Passed" testListId="8c84fa94-04c1-424b-9868-57a2d4851a1d" relativeResultsDirectory="53ce08a5-4baa-4740-a8ba-6c75de4e18de" />
    <UnitTestResult executionId="0e950262-a902-4e1f-97cc-29c59e9ab545" testId="32bf5bf0-19b1-53fd-3e14-520768f78198" testName="Commit_CommitImplThrowsException_ExceptionIsPropagated" computerName="ICSWS068" duration="00:00:00.0010486" startTime="2016-08-04T09:56:22.7995044+02:00" endTime="2016-08-04T09:56:22.8014888+02:00" testType="13cdc9d9-ddb5-4fa4-a97d-d965ccfc6d4b" outcome="Passed" testListId="8c84fa94-04c1-424b-9868-57a2d4851a1d" relativeResultsDirectory="0e950262-a902-4e1f-97cc-29c59e9ab545" />
    <UnitTestResult executionId="3cffbe4e-a9d8-4645-8420-71fb9ecd9db7" testId="094cbb34-2f49-4b2c-e802-c5f252d68a8e" testName="Commit_CommitImplThrowsException_NoChangesAreMadeToTheCollection" computerName="ICSWS068" duration="00:00:00.0020618" startTime="2016-08-04T09:56:22.8049630+02:00" endTime="2016-08-04T09:56:22.8089656+02:00" testType="13cdc9d9-ddb5-4fa4-a97d-d965ccfc6d4b" outcome="Passed" testListId="8c84fa94-04c1-424b-9868-57a2d4851a1d" relativeResultsDirectory="3cffbe4e-a9d8-4645-8420-71fb9ecd9db7" />
    <UnitTestResult executionId="2a59d374-777e-40ac-9dbe-8324ba027c90" testId="add11422-2e6f-9884-0393-5d53d1cb5721" testName="Commit_CommitImplSucceeds_IsDirtyIsFalse" computerName="ICSWS068" duration="00:00:00.0014501" startTime="2016-08-04T09:56:22.8114682+02:00" endTime="2016-08-04T09:56:22.8141608+02:00" testType="13cdc9d9-ddb5-4fa4-a97d-d965ccfc6d4b" outcome="Passed" testListId="8c84fa94-04c1-424b-9868-57a2d4851a1d" relativeResultsDirectory="2a59d374-777e-40ac-9dbe-8324ba027c90" />
    <UnitTestResult executionId="1fef77d3-2363-4b37-90fd-740f19fea446" testId="a7528f9e-d68f-fb7a-1b89-5ce6c07c9a8e" testName="Commit_CommitImplSucceeds_CollectionContentsUnchanged" computerName="ICSWS068" duration="00:00:00.0020539" startTime="2016-08-04T09:56:22.8181645+02:00" endTime="2016-08-04T09:56:22.8216680+02:00" testType="13cdc9d9-ddb5-4fa4-a97d-d965ccfc6d4b" outcome="Passed" testListId="8c84fa94-04c1-424b-9868-57a2d4851a1d" relativeResultsDirectory="1fef77d3-2363-4b37-90fd-740f19fea446" />
    <UnitTestResult executionId="97656e2a-736f-48f8-a5f7-a788875e72ee" testId="80436a76-b92a-ba29-c9a9-f56e7f67c734" testName="Refresh_IsDirtyIsTrue_RefreshImplIsCalled" computerName="ICSWS068" duration="00:00:00.0010254" startTime="2016-08-04T09:56:22.8246735+02:00" endTime="2016-08-04T09:56:22.8271752+02:00" testType="13cdc9d9-ddb5-4fa4-a97d-d965ccfc6d4b" outcome="Passed" testListId="8c84fa94-04c1-424b-9868-57a2d4851a1d" relativeResultsDirectory="97656e2a-736f-48f8-a5f7-a788875e72ee" />
    <UnitTestResult executionId="97b198e7-a540-47c5-bbea-6671c585494a" testId="a113a709-69a9-2963-6871-0bc65fb912d5" testName="Refresh_IsDirtyIsFalse_RefreshImplIsCalled" computerName="ICSWS068" duration="00:00:00.0006820" startTime="2016-08-04T09:56:22.8301772+02:00" endTime="2016-08-04T09:56:22.8326813+02:00" testType="13cdc9d9-ddb5-4fa4-a97d-d965ccfc6d4b" outcome="Passed" testListId="8c84fa94-04c1-424b-9868-57a2d4851a1d" relativeResultsDirectory="97b198e7-a540-47c5-bbea-6671c585494a" />
    <UnitTestResult executionId="c82f09de-9122-4e67-ae71-bf26d7d25628" testId="466ebcfa-f574-1982-7fdf-3035f4897228" testName="Refresh_CollectionIsPopulatedWithTheCorrectItems" computerName="ICSWS068" duration="00:00:00.0020207" startTime="2016-08-04T09:56:22.8356856+02:00" endTime="2016-08-04T09:56:22.8386891+02:00" testType="13cdc9d9-ddb5-4fa4-a97d-d965ccfc6d4b" outcome="Passed" testListId="8c84fa94-04c1-424b-9868-57a2d4851a1d" relativeResultsDirectory="c82f09de-9122-4e67-ae71-bf26d7d25628" />
    <UnitTestResult executionId="11bbb64e-ff3c-44c4-981e-989416b4eb74" testId="fb455533-f5c7-9edd-b3d4-3f325dd378cd" testName="Remove_ExistingItem_RaisesPropertyChangedEventForCountProperty" computerName="ICSWS068" duration="00:00:00.0018157" startTime="2016-08-04T09:56:22.8416902+02:00" endTime="2016-08-04T09:56:22.8453341+02:00" testType="13cdc9d9-ddb5-4fa4-a97d-d965ccfc6d4b" outcome="Passed" testListId="8c84fa94-04c1-424b-9868-57a2d4851a1d" relativeResultsDirectory="11bbb64e-ff3c-44c4-981e-989416b4eb74" />
    <UnitTestResult executionId="664bf216-8e00-4518-a80e-e29aaa90e44a" testId="d6528ee5-b60e-2d29-3f27-e4a4c4649250" testName="Add_NewItem_RaisesPropertyChangedEventForCountProperty" computerName="ICSWS068" duration="00:00:00.0008615" startTime="2016-08-04T09:56:22.8478206+02:00" endTime="2016-08-04T09:56:22.8498212+02:00" testType="13cdc9d9-ddb5-4fa4-a97d-d965ccfc6d4b" outcome="Passed" testListId="8c84fa94-04c1-424b-9868-57a2d4851a1d" relativeResultsDirectory="664bf216-8e00-4518-a80e-e29aaa90e44a" />
    <UnitTestResult executionId="eb4bd35c-a001-4514-8a90-217fe722f452" testId="042ba12d-53d1-7575-47f6-38701fa76639" testName="Remove_ExistingItem_RaisesPropertyChangedEventForItemProperty" computerName="ICSWS068" duration="00:00:00.0018794" startTime="2016-08-04T09:56:22.8523411+02:00" endTime="2016-08-04T09:56:22.8558451+02:00" testType="13cdc9d9-ddb5-4fa4-a97d-d965ccfc6d4b" outcome="Passed" testListId="8c84fa94-04c1-424b-9868-57a2d4851a1d" relativeResultsDirectory="eb4bd35c-a001-4514-8a90-217fe722f452" />
    <UnitTestResult executionId="872c9942-3c26-4189-af8a-e933c33bee98" testId="1b1672b3-361c-26df-0c0c-eb054c883466" testName="Add_NewItem_RaisesPropertyChangedEventForItemProperty" computerName="ICSWS068" duration="00:00:00.0010184" startTime="2016-08-04T09:56:22.8598480+02:00" endTime="2016-08-04T09:56:22.8623500+02:00" testType="13cdc9d9-ddb5-4fa4-a97d-d965ccfc6d4b" outcome="Passed" testListId="8c84fa94-04c1-424b-9868-57a2d4851a1d" relativeResultsDirectory="872c9942-3c26-4189-af8a-e933c33bee98" />
    <UnitTestResult executionId="f18d9de8-d597-4c8e-8066-276c54b8c4b5" testId="b60d63e0-a438-ae52-1a35-1c8fb8813afe" testName="RemoveAt_ExistingItem_RaisesPropertyChangedEventForCountProperty" computerName="ICSWS068" duration="00:00:00.0019454" startTime="2016-08-04T09:56:22.8663531+02:00" endTime="2016-08-04T09:56:22.8698563+02:00" testType="13cdc9d9-ddb5-4fa4-a97d-d965ccfc6d4b" outcome="Passed" testListId="8c84fa94-04c1-424b-9868-57a2d4851a1d" relativeResultsDirectory="f18d9de8-d597-4c8e-8066-276c54b8c4b5" />
    <UnitTestResult executionId="2059201f-f3b0-4ddd-a5d5-38f5ba983a85" testId="646c9183-bc39-ade7-be71-9495bd876008" testName="RemoveAt_ExistingItem_RaisesPropertyChangedEventForItemProperty" computerName="ICSWS068" duration="00:00:00.0015559" startTime="2016-08-04T09:56:22.8733574+02:00" endTime="2016-08-04T09:56:22.8763609+02:00" testType="13cdc9d9-ddb5-4fa4-a97d-d965ccfc6d4b" outcome="Passed" testListId="8c84fa94-04c1-424b-9868-57a2d4851a1d" relativeResultsDirectory="2059201f-f3b0-4ddd-a5d5-38f5ba983a85" />
    <UnitTestResult executionId="aa3fe0b3-6c32-486e-909f-a57f789f4591" testId="98fbc8e7-1a84-7524-9bd8-682b97adb8e9" testName="RemoveAt_NewItem_RaisesPropertyChangedEventForCountProperty" computerName="ICSWS068" duration="00:00:00.0012386" startTime="2016-08-04T09:56:22.8793784+02:00" endTime="2016-08-04T09:56:22.8823807+02:00" testType="13cdc9d9-ddb5-4fa4-a97d-d965ccfc6d4b" outcome="Passed" testListId="8c84fa94-04c1-424b-9868-57a2d4851a1d" relativeResultsDirectory="aa3fe0b3-6c32-486e-909f-a57f789f4591" />
    <UnitTestResult executionId="89e6eb2e-e4d0-4117-b5ef-5c4b603da1d0" testId="89465c6e-b1e6-9284-b51d-811d0597bb39" testName="RemoveAt_NewItem_RaisesPropertyChangedEventForItemProperty" computerName="ICSWS068" duration="00:00:00.0012061" startTime="2016-08-04T09:56:22.8848816+02:00" endTime="2016-08-04T09:56:22.8878844+02:00" testType="13cdc9d9-ddb5-4fa4-a97d-d965ccfc6d4b" outcome="Passed" testListId="8c84fa94-04c1-424b-9868-57a2d4851a1d" relativeResultsDirectory="89e6eb2e-e4d0-4117-b5ef-5c4b603da1d0" />
    <UnitTestResult executionId="fcaf3818-710f-4af6-82f0-c5c272fc4923" testId="9178d7cf-38ae-5def-d9e2-3205ba9e4899" testName="RemoveAt_IndexIsNewItem_RemovesItemAtIndex" computerName="ICSWS068" duration="00:00:00.0015518" startTime="2016-08-04T09:56:22.8908703+02:00" endTime="2016-08-04T09:56:22.8943090+02:00" testType="13cdc9d9-ddb5-4fa4-a97d-d965ccfc6d4b" outcome="Passed" testListId="8c84fa94-04c1-424b-9868-57a2d4851a1d" relativeResultsDirectory="fcaf3818-710f-4af6-82f0-c5c272fc4923" />
    <UnitTestResult executionId="af2964ef-9312-4c33-89f8-00cb0e849a87" testId="93c5c104-4429-2544-f631-b3a99069721c" testName="RemoveAt_IndexIsExistingItem_RemovesItemAtIndex" computerName="ICSWS068" duration="00:00:00.0013521" startTime="2016-08-04T09:56:22.8978101+02:00" endTime="2016-08-04T09:56:22.9003127+02:00" testType="13cdc9d9-ddb5-4fa4-a97d-d965ccfc6d4b" outcome="Passed" testListId="8c84fa94-04c1-424b-9868-57a2d4851a1d" relativeResultsDirectory="af2964ef-9312-4c33-89f8-00cb0e849a87" />
    <UnitTestResult executionId="bb200001-f41a-4ca5-88ae-d345a9fb03de" testId="c7e211cc-9e6c-a6b6-9d3c-3485f00e323c" testName="RemoveAt_IndexOutOfBounds_ThrowsException" computerName="ICSWS068" duration="00:00:00.0008677" startTime="2016-08-04T09:56:22.9033150+02:00" endTime="2016-08-04T09:56:22.9053164+02:00" testType="13cdc9d9-ddb5-4fa4-a97d-d965ccfc6d4b" outcome="Passed" testListId="8c84fa94-04c1-424b-9868-57a2d4851a1d" relativeResultsDirectory="bb200001-f41a-4ca5-88ae-d345a9fb03de" />
    <UnitTestResult executionId="b86f7dff-2366-48ee-b9e7-4b32f646cb31" testId="329c43f1-7f62-eb3d-dfcb-743b139581ca" testName="RemoveAt_IndexLessThanZero_ThrowsException" computerName="ICSWS068" duration="00:00:00.0009099" startTime="2016-08-04T09:56:22.9083184+02:00" endTime="2016-08-04T09:56:22.9103190+02:00" testType="13cdc9d9-ddb5-4fa4-a97d-d965ccfc6d4b" outcome="Passed" testListId="8c84fa94-04c1-424b-9868-57a2d4851a1d" relativeResultsDirectory="b86f7dff-2366-48ee-b9e7-4b32f646cb31" />
    <UnitTestResult executionId="59ee8d0d-5027-4466-a799-22474ddcf06d" testId="ecbaabad-42b7-862e-e7d4-be08b1600036" testName="RemoveByKey_ExistingItem_RaisesPropertyChangedEventForCountProperty" computerName="ICSWS068" duration="00:00:00.0016732" startTime="2016-08-04T09:56:22.9133248+02:00" endTime="2016-08-04T09:56:22.9158256+02:00" testType="13cdc9d9-ddb5-4fa4-a97d-d965ccfc6d4b" outcome="Passed" testListId="8c84fa94-04c1-424b-9868-57a2d4851a1d" relativeResultsDirectory="59ee8d0d-5027-4466-a799-22474ddcf06d" />
    <UnitTestResult executionId="28127b35-a912-4356-9aa3-1ed3d0181933" testId="5bda2c92-e0a4-b4d1-1a9a-e555fd4cb25e" testName="RemoveByKey_ExistingItem_RaisesPropertyChangedEventForItemProperty" computerName="ICSWS068" duration="00:00:00.0019761" startTime="2016-08-04T09:56:22.9198297+02:00" endTime="2016-08-04T09:56:22.9232780+02:00" testType="13cdc9d9-ddb5-4fa4-a97d-d965ccfc6d4b" outcome="Passed" testListId="8c84fa94-04c1-424b-9868-57a2d4851a1d" relativeResultsDirectory="28127b35-a912-4356-9aa3-1ed3d0181933" />
    <UnitTestResult executionId="11778207-57e0-4355-b46b-60ebea7aebef" testId="af2188b9-6f59-b011-2ad5-8720bd7eac51" testName="Clear_CollectionIsNotEmpty_RaisesCollectionChangedEvent" computerName="ICSWS068" duration="00:00:00.0010718" startTime="2016-08-04T09:56:22.9262788+02:00" endTime="2016-08-04T09:56:22.9287811+02:00" testType="13cdc9d9-ddb5-4fa4-a97d-d965ccfc6d4b" outcome="Passed" testListId="8c84fa94-04c1-424b-9868-57a2d4851a1d" relativeResultsDirectory="11778207-57e0-4355-b46b-60ebea7aebef" />
    <UnitTestResult executionId="753a9c31-173e-44be-8034-abb9cf3692de" testId="82877d11-230e-a87c-3714-e2dd26a07150" testName="EmptyTest" computerName="ICSWS068" duration="00:00:00.0008897" startTime="2016-08-04T09:56:22.9312846+02:00" endTime="2016-08-04T09:56:22.9337887+02:00" testType="13cdc9d9-ddb5-4fa4-a97d-d965ccfc6d4b" outcome="Passed" testListId="8c84fa94-04c1-424b-9868-57a2d4851a1d" relativeResultsDirectory="753a9c31-173e-44be-8034-abb9cf3692de" />
    <UnitTestResult executionId="1c22fdbf-188f-40b2-9aae-4518378c15f4" testId="85d7ef91-912d-daf9-f3c5-d8fe2f6bd7ab" testName="TypeIdTest" computerName="ICSWS068" duration="00:00:00.0001595" startTime="2016-08-04T09:56:22.9362898+02:00" endTime="2016-08-04T09:56:22.9377912+02:00" testType="13cdc9d9-ddb5-4fa4-a97d-d965ccfc6d4b" outcome="Passed" testListId="8c84fa94-04c1-424b-9868-57a2d4851a1d" relativeResultsDirectory="1c22fdbf-188f-40b2-9aae-4518378c15f4" />
    <UnitTestResult executionId="1ec53065-34ad-4584-bc4d-169d38e50d68" testId="fa67b7f7-3a0a-bd76-aaa7-6abedd04d8ca" testName="SingleGuidKeyTest" computerName="ICSWS068" duration="00:00:00.0013524" startTime="2016-08-04T09:56:22.9412953+02:00" endTime="2016-08-04T09:56:22.9443149+02:00" testType="13cdc9d9-ddb5-4fa4-a97d-d965ccfc6d4b" outcome="Passed" testListId="8c84fa94-04c1-424b-9868-57a2d4851a1d" relativeResultsDirectory="1ec53065-34ad-4584-bc4d-169d38e50d68" />
    <UnitTestResult executionId="82f71476-2a01-4998-bc6c-b34859990f0f" testId="3ca58968-c2fb-ea05-3c1e-76ee8b8d2693" testName="SingleKeyInArrayTest" computerName="ICSWS068" duration="00:00:00.0008779" startTime="2016-08-04T09:56:22.9473013+02:00" endTime="2016-08-04T09:56:22.9498033+02:00" testType="13cdc9d9-ddb5-4fa4-a97d-d965ccfc6d4b" outcome="Passed" testListId="8c84fa94-04c1-424b-9868-57a2d4851a1d" relativeResultsDirectory="82f71476-2a01-4998-bc6c-b34859990f0f" />
    <UnitTestResult executionId="c23f9fb1-2b5e-42b9-adcd-1374376ff448" testId="d5731023-08fb-ea85-d38f-eef5cf5463c9" testName="SingleIntKeyTest" computerName="ICSWS068" duration="00:00:00.0010099" startTime="2016-08-04T09:56:22.9523051+02:00" endTime="2016-08-04T09:56:22.9543065+02:00" testType="13cdc9d9-ddb5-4fa4-a97d-d965ccfc6d4b" outcome="Passed" testListId="8c84fa94-04c1-424b-9868-57a2d4851a1d" relativeResultsDirectory="c23f9fb1-2b5e-42b9-adcd-1374376ff448" />
    <UnitTestResult executionId="d1d66137-3bef-4026-841c-0e8f63cfba60" testId="1e7ed59c-cf48-74ba-d759-316bf48d129a" testName="SingleStringKeyTest" computerName="ICSWS068" duration="00:00:00.0010404" startTime="2016-08-04T09:56:22.9573085+02:00" endTime="2016-08-04T09:56:22.9593102+02:00" testType="13cdc9d9-ddb5-4fa4-a97d-d965ccfc6d4b" outcome="Passed" testListId="8c84fa94-04c1-424b-9868-57a2d4851a1d" relativeResultsDirectory="d1d66137-3bef-4026-841c-0e8f63cfba60" />
    <UnitTestResult executionId="79d65ba8-b882-4326-abca-621766286af3" testId="01eda4c6-62a9-24de-2b22-150634106411" testName="op_InequalityTest1" computerName="ICSWS068" duration="00:00:00.0002146" startTime="2016-08-04T09:56:22.9618116+02:00" endTime="2016-08-04T09:56:22.9633131+02:00" testType="13cdc9d9-ddb5-4fa4-a97d-d965ccfc6d4b" outcome="Passed" testListId="8c84fa94-04c1-424b-9868-57a2d4851a1d" relativeResultsDirectory="79d65ba8-b882-4326-abca-621766286af3" />
    <UnitTestResult executionId="95a1d976-24da-4c83-b791-f9c04b67c42f" testId="7978073f-9fd6-4050-6db1-8cc82ff018fe" testName="op_InequalityTest2" computerName="ICSWS068" duration="00:00:00.0001463" startTime="2016-08-04T09:56:22.9663154+02:00" endTime="2016-08-04T09:56:22.9678168+02:00" testType="13cdc9d9-ddb5-4fa4-a97d-d965ccfc6d4b" outcome="Passed" testListId="8c84fa94-04c1-424b-9868-57a2d4851a1d" relativeResultsDirectory="95a1d976-24da-4c83-b791-f9c04b67c42f" />
    <UnitTestResult executionId="36f72e93-893b-49af-accb-8e6306735a01" testId="9bfa2b6b-22dc-770d-09b1-418215a93155" testName="op_InequalityTest3" computerName="ICSWS068" duration="00:00:00.0004164" startTime="2016-08-04T09:56:22.9703185+02:00" endTime="2016-08-04T09:56:22.9718332+02:00" testType="13cdc9d9-ddb5-4fa4-a97d-d965ccfc6d4b" outcome="Passed" testListId="8c84fa94-04c1-424b-9868-57a2d4851a1d" relativeResultsDirectory="36f72e93-893b-49af-accb-8e6306735a01" />
    <UnitTestResult executionId="60952039-7d74-4bdb-baaf-9e5e8fc8e366" testId="74a211db-b6f7-076d-7548-21771ecce283" testName="op_InequalityTest4" computerName="ICSWS068" duration="00:00:00.0002073" startTime="2016-08-04T09:56:22.9758217+02:00" endTime="2016-08-04T09:56:22.9783240+02:00" testType="13cdc9d9-ddb5-4fa4-a97d-d965ccfc6d4b" outcome="Passed" testListId="8c84fa94-04c1-424b-9868-57a2d4851a1d" relativeResultsDirectory="60952039-7d74-4bdb-baaf-9e5e8fc8e366" />
    <UnitTestResult executionId="78d80ea1-d1f7-48e9-ad87-ae67f3825c7b" testId="800088a4-4d59-cb6c-026f-180da616e297" testName="op_InequalityTest5" computerName="ICSWS068" duration="00:00:00.0001906" startTime="2016-08-04T09:56:22.9813257+02:00" endTime="2016-08-04T09:56:22.9828265+02:00" testType="13cdc9d9-ddb5-4fa4-a97d-d965ccfc6d4b" outcome="Passed" testListId="8c84fa94-04c1-424b-9868-57a2d4851a1d" relativeResultsDirectory="78d80ea1-d1f7-48e9-ad87-ae67f3825c7b" />
    <UnitTestResult executionId="b6367871-ecbb-46ea-b520-34906748e9ed" testId="c364637d-fb03-6041-01b1-5b9a097ef8db" testName="op_EqualityTest1" computerName="ICSWS068" duration="00:00:00.0001536" startTime="2016-08-04T09:56:22.9868297+02:00" endTime="2016-08-04T09:56:22.9893317+02:00" testType="13cdc9d9-ddb5-4fa4-a97d-d965ccfc6d4b" outcome="Passed" testListId="8c84fa94-04c1-424b-9868-57a2d4851a1d" relativeResultsDirectory="b6367871-ecbb-46ea-b520-34906748e9ed" />
    <UnitTestResult executionId="d60b7407-13a0-430c-8115-985ec60aca44" testId="7e52a641-feaa-a4ed-907d-69209c9ba57b" testName="op_EqualityTest2" computerName="ICSWS068" duration="00:00:00.0001451" startTime="2016-08-04T09:56:22.9928337+02:00" endTime="2016-08-04T09:56:22.9943354+02:00" testType="13cdc9d9-ddb5-4fa4-a97d-d965ccfc6d4b" outcome="Passed" testListId="8c84fa94-04c1-424b-9868-57a2d4851a1d" relativeResultsDirectory="d60b7407-13a0-430c-8115-985ec60aca44" />
    <UnitTestResult executionId="e86e0d2b-bfee-4e84-83f6-0cb355115a19" testId="96f58406-55cf-fe6e-9879-f873611691cb" testName="op_EqualityTest3" computerName="ICSWS068" duration="00:00:00.0001923" startTime="2016-08-04T09:56:22.9978374+02:00" endTime="2016-08-04T09:56:22.9998388+02:00" testType="13cdc9d9-ddb5-4fa4-a97d-d965ccfc6d4b" outcome="Passed" testListId="8c84fa94-04c1-424b-9868-57a2d4851a1d" relativeResultsDirectory="e86e0d2b-bfee-4e84-83f6-0cb355115a19" />
    <UnitTestResult executionId="bdce599c-a10f-4f77-ad7d-55fda95786b7" testId="d22c44d8-511c-bf24-5666-7872955a9b4c" testName="op_EqualityTest4" computerName="ICSWS068" duration="00:00:00.0001480" startTime="2016-08-04T09:56:23.0028414+02:00" endTime="2016-08-04T09:56:23.0043420+02:00" testType="13cdc9d9-ddb5-4fa4-a97d-d965ccfc6d4b" outcome="Passed" testListId="8c84fa94-04c1-424b-9868-57a2d4851a1d" relativeResultsDirectory="bdce599c-a10f-4f77-ad7d-55fda95786b7" />
    <UnitTestResult executionId="3c95b076-a342-421d-a3c9-395ad42ebe98" testId="aa1f0124-a935-4ad0-4c9a-0c2af785ad67" testName="op_EqualityTest5" computerName="ICSWS068" duration="00:00:00.0001677" startTime="2016-08-04T09:56:23.0078449+02:00" endTime="2016-08-04T09:56:23.0093457+02:00" testType="13cdc9d9-ddb5-4fa4-a97d-d965ccfc6d4b" outcome="Passed" testListId="8c84fa94-04c1-424b-9868-57a2d4851a1d" relativeResultsDirectory="3c95b076-a342-421d-a3c9-395ad42ebe98" />
    <UnitTestResult executionId="fb468b40-d782-4bff-a957-d48cb0fcee91" testId="ccb9e577-1081-bf32-a0a0-2f60f10f3ecc" testName="IsSingleKeyTest1" computerName="ICSWS068" duration="00:00:00.0005756" startTime="2016-08-04T09:56:23.0128486+02:00" endTime="2016-08-04T09:56:23.0153497+02:00" testType="13cdc9d9-ddb5-4fa4-a97d-d965ccfc6d4b" outcome="Passed" testListId="8c84fa94-04c1-424b-9868-57a2d4851a1d" relativeResultsDirectory="fb468b40-d782-4bff-a957-d48cb0fcee91" />
    <UnitTestResult executionId="a915c5b8-482b-4689-af53-0349b0b2fe4e" testId="5d97e317-52c7-e61c-345c-63dfeee34a29" testName="IsSingleKeyTest2" computerName="ICSWS068" duration="00:00:00.0002759" startTime="2016-08-04T09:56:23.0188526+02:00" endTime="2016-08-04T09:56:23.0208537+02:00" testType="13cdc9d9-ddb5-4fa4-a97d-d965ccfc6d4b" outcome="Passed" testListId="8c84fa94-04c1-424b-9868-57a2d4851a1d" relativeResultsDirectory="a915c5b8-482b-4689-af53-0349b0b2fe4e" />
    <UnitTestResult executionId="b139f5ef-6598-4319-8715-497ced4f81b6" testId="2850c374-25b0-202f-2a14-81557274de2b" testName="IsSingleKeyTest3" computerName="ICSWS068" duration="00:00:00.0002991" startTime="2016-08-04T09:56:23.0243563+02:00" endTime="2016-08-04T09:56:23.0263583+02:00" testType="13cdc9d9-ddb5-4fa4-a97d-d965ccfc6d4b" outcome="Passed" testListId="8c84fa94-04c1-424b-9868-57a2d4851a1d" relativeResultsDirectory="b139f5ef-6598-4319-8715-497ced4f81b6" />
    <UnitTestResult executionId="47f5857b-f192-4363-a708-d2479d2a67d2" testId="2495f72b-b34b-a8f5-57b9-d304457e2061" testName="IsSingleKeyTest4" computerName="ICSWS068" duration="00:00:00.0007627" startTime="2016-08-04T09:56:23.0293598+02:00" endTime="2016-08-04T09:56:23.0313618+02:00" testType="13cdc9d9-ddb5-4fa4-a97d-d965ccfc6d4b" outcome="Passed" testListId="8c84fa94-04c1-424b-9868-57a2d4851a1d" relativeResultsDirectory="47f5857b-f192-4363-a708-d2479d2a67d2" />
    <UnitTestResult executionId="26e18f69-260a-474c-add6-556aeb24588e" testId="20472605-ae98-f3b9-6bc3-04323d312f35" testName="GetSingleKeyTest1" computerName="ICSWS068" duration="00:00:00.0011542" startTime="2016-08-04T09:56:23.0348641+02:00" endTime="2016-08-04T09:56:23.0368655+02:00" testType="13cdc9d9-ddb5-4fa4-a97d-d965ccfc6d4b" outcome="Passed" testListId="8c84fa94-04c1-424b-9868-57a2d4851a1d" relativeResultsDirectory="26e18f69-260a-474c-add6-556aeb24588e" />
    <UnitTestResult executionId="3ca27b4f-2fb1-42f8-8933-edd709be2b8f" testId="74a07cce-7ecd-5650-d51e-6b765bffc38d" testName="GetSingleKeyTest2" computerName="ICSWS068" duration="00:00:00.0010621" startTime="2016-08-04T09:56:23.0403681+02:00" endTime="2016-08-04T09:56:23.0428701+02:00" testType="13cdc9d9-ddb5-4fa4-a97d-d965ccfc6d4b" outcome="Passed" testListId="8c84fa94-04c1-424b-9868-57a2d4851a1d" relativeResultsDirectory="3ca27b4f-2fb1-42f8-8933-edd709be2b8f" />
    <UnitTestResult executionId="ac52bac2-584b-4ad9-95f8-47f452c05902" testId="aacceaec-7d8f-00fe-5723-6001eee41d53" testName="GetSingleKeyTest3" computerName="ICSWS068" duration="00:00:00.0012468" startTime="2016-08-04T09:56:23.0458718+02:00" endTime="2016-08-04T09:56:23.0488738+02:00" testType="13cdc9d9-ddb5-4fa4-a97d-d965ccfc6d4b" outcome="Passed" testListId="8c84fa94-04c1-424b-9868-57a2d4851a1d" relativeResultsDirectory="ac52bac2-584b-4ad9-95f8-47f452c05902" />
    <UnitTestResult executionId="66e7e697-7791-4f04-8fd0-730f1357aead" testId="02da2433-28dd-c5f9-0da2-b47eac9627e4" testName="GetSingleKeyTest4" computerName="ICSWS068" duration="00:00:00.0002301" startTime="2016-08-04T09:56:23.0518764+02:00" endTime="2016-08-04T09:56:23.0538775+02:00" testType="13cdc9d9-ddb5-4fa4-a97d-d965ccfc6d4b" outcome="Passed" testListId="8c84fa94-04c1-424b-9868-57a2d4851a1d" relativeResultsDirectory="66e7e697-7791-4f04-8fd0-730f1357aead" />
    <UnitTestResult executionId="364f70fd-8878-4378-97fb-33bb99310f30" testId="66dff94f-825b-f2b7-7ded-d136b0e610d4" testName="GetSingleKeyTest5" computerName="ICSWS068" duration="00:00:00.0002237" startTime="2016-08-04T09:56:23.0578807+02:00" endTime="2016-08-04T09:56:23.0603824+02:00" testType="13cdc9d9-ddb5-4fa4-a97d-d965ccfc6d4b" outcome="Passed" testListId="8c84fa94-04c1-424b-9868-57a2d4851a1d" relativeResultsDirectory="364f70fd-8878-4378-97fb-33bb99310f30" />
    <UnitTestResult executionId="919c16be-ade6-495f-862a-eb24cbafd82d" testId="4d060bdb-3c9b-1fa2-c5b3-58b97cff1c5c" testName="GetHashCodeTest1" computerName="ICSWS068" duration="00:00:00.0009032" startTime="2016-08-04T09:56:23.0633844+02:00" endTime="2016-08-04T09:56:23.0653861+02:00" testType="13cdc9d9-ddb5-4fa4-a97d-d965ccfc6d4b" outcome="Passed" testListId="8c84fa94-04c1-424b-9868-57a2d4851a1d" relativeResultsDirectory="919c16be-ade6-495f-862a-eb24cbafd82d" />
    <UnitTestResult executionId="d51756ed-3749-49ed-91b6-d78e492b4f1f" testId="29b91f8e-f12c-9681-d3bf-f50349456fee" testName="GetHashCodeTest2" computerName="ICSWS068" duration="00:00:00.0002551" startTime="2016-08-04T09:56:23.0683878+02:00" endTime="2016-08-04T09:56:23.0698896+02:00" testType="13cdc9d9-ddb5-4fa4-a97d-d965ccfc6d4b" outcome="Passed" testListId="8c84fa94-04c1-424b-9868-57a2d4851a1d" relativeResultsDirectory="d51756ed-3749-49ed-91b6-d78e492b4f1f" />
    <UnitTestResult executionId="fb03d239-26e8-48f3-8839-3f8337a6ca62" testId="2a7215f6-bbbb-edc0-69a9-a4e0cd165757" testName="GetHashCodeTest4" computerName="ICSWS068" duration="00:00:00.0001524" startTime="2016-08-04T09:56:23.0733916+02:00" endTime="2016-08-04T09:56:23.0748930+02:00" testType="13cdc9d9-ddb5-4fa4-a97d-d965ccfc6d4b" outcome="Passed" testListId="8c84fa94-04c1-424b-9868-57a2d4851a1d" relativeResultsDirectory="fb03d239-26e8-48f3-8839-3f8337a6ca62" />
    <UnitTestResult executionId="47aad067-8bff-43a4-896e-283f07d77812" testId="da2840a7-24fd-5bf7-1b04-a3383f0bc30d" testName="GetHashCodeTest5" computerName="ICSWS068" duration="00:00:00.0003252" startTime="2016-08-04T09:56:23.0778944+02:00" endTime="2016-08-04T09:56:23.0793964+02:00" testType="13cdc9d9-ddb5-4fa4-a97d-d965ccfc6d4b" outcome="Passed" testListId="8c84fa94-04c1-424b-9868-57a2d4851a1d" relativeResultsDirectory="47aad067-8bff-43a4-896e-283f07d77812" />
    <UnitTestResult executionId="8755dc08-50bb-40a9-80dc-7ed2cd60056b" testId="15e9c736-0df5-464c-e114-dd10a2303ee1" testName="GetHashCodeTest6" computerName="ICSWS068" duration="00:00:00.0002102" startTime="2016-08-04T09:56:23.0818976+02:00" endTime="2016-08-04T09:56:23.0833984+02:00" testType="13cdc9d9-ddb5-4fa4-a97d-d965ccfc6d4b" outcome="Passed" testListId="8c84fa94-04c1-424b-9868-57a2d4851a1d" relativeResultsDirectory="8755dc08-50bb-40a9-80dc-7ed2cd60056b" />
    <UnitTestResult executionId="d47068b4-9498-410e-9598-a91c8a00be6d" testId="a758b090-a241-9abd-31ac-1f7d8d5573e0" testName="EqualsTest1" computerName="ICSWS068" duration="00:00:00.0001457" startTime="2016-08-04T09:56:23.0859001+02:00" endTime="2016-08-04T09:56:23.0874013+02:00" testType="13cdc9d9-ddb5-4fa4-a97d-d965ccfc6d4b" outcome="Passed" testListId="8c84fa94-04c1-424b-9868-57a2d4851a1d" relativeResultsDirectory="d47068b4-9498-410e-9598-a91c8a00be6d" />
    <UnitTestResult executionId="2d1d548b-4895-4013-accc-3c6a20f61179" testId="dad3b182-8494-7ed6-7a32-015c7f24b9a2" testName="EqualsTest2" computerName="ICSWS068" duration="00:00:00.0001472" startTime="2016-08-04T09:56:23.0904036+02:00" endTime="2016-08-04T09:56:23.0919044+02:00" testType="13cdc9d9-ddb5-4fa4-a97d-d965ccfc6d4b" outcome="Passed" testListId="8c84fa94-04c1-424b-9868-57a2d4851a1d" relativeResultsDirectory="2d1d548b-4895-4013-accc-3c6a20f61179" />
    <UnitTestResult executionId="7b2749de-d68d-447c-9e15-d602b71a2a73" testId="62c73030-a0fc-ca05-6bbe-a8664d50ba6d" testName="EqualsTest3" computerName="ICSWS068" duration="00:00:00.0001501" startTime="2016-08-04T09:56:23.0944064+02:00" endTime="2016-08-04T09:56:23.0959076+02:00" testType="13cdc9d9-ddb5-4fa4-a97d-d965ccfc6d4b" outcome="Passed" testListId="8c84fa94-04c1-424b-9868-57a2d4851a1d" relativeResultsDirectory="7b2749de-d68d-447c-9e15-d602b71a2a73" />
    <UnitTestResult executionId="cacdd94f-67cb-42d6-b5da-eec6ddab34b4" testId="c96483b2-a413-a776-0117-e89f3f86e156" testName="EqualsTest4" computerName="ICSWS068" duration="00:00:00.0002076" startTime="2016-08-04T09:56:23.0989099+02:00" endTime="2016-08-04T09:56:23.1004110+02:00" testType="13cdc9d9-ddb5-4fa4-a97d-d965ccfc6d4b" outcome="Passed" testListId="8c84fa94-04c1-424b-9868-57a2d4851a1d" relativeResultsDirectory="cacdd94f-67cb-42d6-b5da-eec6ddab34b4" />
    <UnitTestResult executionId="b654e1cb-a7a5-4cee-badc-09663d7c539b" testId="525fcb19-4db7-09e8-b34f-bbc30b9a1952" testName="EqualsTest5" computerName="ICSWS068" duration="00:00:00.0001457" startTime="2016-08-04T09:56:23.1039133+02:00" endTime="2016-08-04T09:56:23.1054145+02:00" testType="13cdc9d9-ddb5-4fa4-a97d-d965ccfc6d4b" outcome="Passed" testListId="8c84fa94-04c1-424b-9868-57a2d4851a1d" relativeResultsDirectory="b654e1cb-a7a5-4cee-badc-09663d7c539b" />
    <UnitTestResult executionId="ec310a00-aed0-4e7c-8672-abd582c6088b" testId="5b1295ed-4f2d-596a-56e6-18affe41fb35" testName="Serialize_SingleGuidKey_DeserializesToAnEqualObject" computerName="ICSWS068" duration="00:00:00.0092390" startTime="2016-08-04T09:56:23.1084168+02:00" endTime="2016-08-04T09:56:23.1189242+02:00" testType="13cdc9d9-ddb5-4fa4-a97d-d965ccfc6d4b" outcome="Passed" testListId="8c84fa94-04c1-424b-9868-57a2d4851a1d" relativeResultsDirectory="ec310a00-aed0-4e7c-8672-abd582c6088b" />
    <UnitTestResult executionId="dfca95d1-9324-4706-955f-11d7a4779500" testId="e10794bb-9c4e-536e-2c62-15a028d34e52" testName="Serialize_SingleIntKey_DeserializesToAnEqualObject" computerName="ICSWS068" duration="00:00:00.0005706" startTime="2016-08-04T09:56:23.1219265+02:00" endTime="2016-08-04T09:56:23.1239282+02:00" testType="13cdc9d9-ddb5-4fa4-a97d-d965ccfc6d4b" outcome="Passed" testListId="8c84fa94-04c1-424b-9868-57a2d4851a1d" relativeResultsDirectory="dfca95d1-9324-4706-955f-11d7a4779500" />
    <UnitTestResult executionId="86f220ba-1f35-4e1a-af2c-0cdfe6c14a97" testId="d1c75975-f873-c74a-9f3c-126211549578" testName="Serialize_SingleStringKey_DeserializesToAnEqualObject" computerName="ICSWS068" duration="00:00:00.0011301" startTime="2016-08-04T09:56:23.1264297+02:00" endTime="2016-08-04T09:56:23.1294317+02:00" testType="13cdc9d9-ddb5-4fa4-a97d-d965ccfc6d4b" outcome="Passed" testListId="8c84fa94-04c1-424b-9868-57a2d4851a1d" relativeResultsDirectory="86f220ba-1f35-4e1a-af2c-0cdfe6c14a97" />
    <UnitTestResult executionId="b90fc45d-a151-41e6-bf3c-361d1104db1d" testId="73454004-1d5c-d541-f19e-a36751e8798b" testName="Serialize_Empty_DeserializesToAnEqualObject" computerName="ICSWS068" duration="00:00:00.0005554" startTime="2016-08-04T09:56:23.1324337+02:00" endTime="2016-08-04T09:56:23.1344357+02:00" testType="13cdc9d9-ddb5-4fa4-a97d-d965ccfc6d4b" outcome="Passed" testListId="8c84fa94-04c1-424b-9868-57a2d4851a1d" relativeResultsDirectory="b90fc45d-a151-41e6-bf3c-361d1104db1d" />
    <UnitTestResult executionId="57df4652-0139-493a-a7fa-35e5a2bd9ad9" testId="ffcd40ff-7df3-23c0-4e4b-8934909b8dd3" testName="Serialize_MultiStringKey_DeserializesToAnEqualObject" computerName="ICSWS068" duration="00:00:00.0013671" startTime="2016-08-04T09:56:23.1374374+02:00" endTime="2016-08-04T09:56:23.1399394+02:00" testType="13cdc9d9-ddb5-4fa4-a97d-d965ccfc6d4b" outcome="Passed" testListId="8c84fa94-04c1-424b-9868-57a2d4851a1d" relativeResultsDirectory="57df4652-0139-493a-a7fa-35e5a2bd9ad9" />
    <UnitTestResult executionId="af102350-c0c6-4038-898e-4cd6230f5102" testId="59174898-2ab0-988c-755a-97f4e2144788" testName="Serialize_MultiObjectKey_DeserializesToAnEqualObject" computerName="ICSWS068" duration="00:00:00.0006650" startTime="2016-08-04T09:56:23.1429420+02:00" endTime="2016-08-04T09:56:23.1449428+02:00" testType="13cdc9d9-ddb5-4fa4-a97d-d965ccfc6d4b" outcome="Passed" testListId="8c84fa94-04c1-424b-9868-57a2d4851a1d" relativeResultsDirectory="af102350-c0c6-4038-898e-4cd6230f5102" />
    <UnitTestResult executionId="a513c602-0ea4-4ebe-b94c-d0ba95ea0258" testId="5eac4015-d759-aa1b-a506-4d73f7c3c4c7" testName="GuidEntityKey_RoundtripsCorrectly" computerName="ICSWS068" duration="00:00:00.1419746" startTime="2016-08-04T09:56:23.1479451+02:00" endTime="2016-08-04T09:56:23.2910544+02:00" testType="13cdc9d9-ddb5-4fa4-a97d-d965ccfc6d4b" outcome="Passed" testListId="8c84fa94-04c1-424b-9868-57a2d4851a1d" relativeResultsDirectory="a513c602-0ea4-4ebe-b94c-d0ba95ea0258" />
    <UnitTestResult executionId="1b72724f-7370-405c-a85f-467425651d70" testId="07266f12-ef7d-de07-bbed-12250b0a4b6c" testName="Int32EntityKey_RoundtripsCorrectly" computerName="ICSWS068" duration="00:00:00.0023239" startTime="2016-08-04T09:56:23.2939764+02:00" endTime="2016-08-04T09:56:23.2974784+02:00" testType="13cdc9d9-ddb5-4fa4-a97d-d965ccfc6d4b" outcome="Passed" testListId="8c84fa94-04c1-424b-9868-57a2d4851a1d" relativeResultsDirectory="1b72724f-7370-405c-a85f-467425651d70" />
    <UnitTestResult executionId="9f4decea-03e8-49e1-bfd2-57497be54861" testId="4fad9927-573d-5549-6034-c6aad89b1c28" testName="Int64EntityKey_RoundtripsCorrectly" computerName="ICSWS068" duration="00:00:00.0001970" startTime="2016-08-04T09:56:23.3009809+02:00" endTime="2016-08-04T09:56:23.3014806+02:00" testType="13cdc9d9-ddb5-4fa4-a97d-d965ccfc6d4b" outcome="Passed" testListId="8c84fa94-04c1-424b-9868-57a2d4851a1d" relativeResultsDirectory="9f4decea-03e8-49e1-bfd2-57497be54861" />
    <UnitTestResult executionId="34927801-ed6e-4c8e-b64c-e5ff8aec9f6e" testId="14807f08-800b-d180-6d6e-15f73c0d245d" testName="StringEntityKey_RoundtripsCorrectly" computerName="ICSWS068" duration="00:00:00.0033377" startTime="2016-08-04T09:56:23.3049565+02:00" endTime="2016-08-04T09:56:23.3104444+02:00" testType="13cdc9d9-ddb5-4fa4-a97d-d965ccfc6d4b" outcome="Passed" testListId="8c84fa94-04c1-424b-9868-57a2d4851a1d" relativeResultsDirectory="34927801-ed6e-4c8e-b64c-e5ff8aec9f6e" />
    <UnitTestResult executionId="67379000-f62c-4878-939a-9f9208aa4d73" testId="93d088c8-0c64-12f1-fa3b-f63ee9557b68" testName="MultiPartEntityKey_RoundtripsCorrectly" computerName="ICSWS068" duration="00:00:00.0185338" startTime="2016-08-04T09:56:23.3134649+02:00" endTime="2016-08-04T09:56:23.3334827+02:00" testType="13cdc9d9-ddb5-4fa4-a97d-d965ccfc6d4b" outcome="Passed" testListId="8c84fa94-04c1-424b-9868-57a2d4851a1d" relativeResultsDirectory="67379000-f62c-4878-939a-9f9208aa4d73" />
    <UnitTestResult executionId="e2b7fa4d-862d-46c6-9c07-e12614923f8c" testId="eb9637e1-1478-cf9c-afc7-7d95bebb57d0" testName="EmptyEntityKey_RoundtripsCorrectly" computerName="ICSWS068" duration="00:00:00.0011908" startTime="2016-08-04T09:56:23.3359853+02:00" endTime="2016-08-04T09:56:23.3384718+02:00" testType="13cdc9d9-ddb5-4fa4-a97d-d965ccfc6d4b" outcome="Passed" testListId="8c84fa94-04c1-424b-9868-57a2d4851a1d" relativeResultsDirectory="e2b7fa4d-862d-46c6-9c07-e12614923f8c" />
    <UnitTestResult executionId="03ce56a2-d8e0-4681-b8e6-4ca86fa9cc81" testId="f3d4d256-7690-8b35-f540-8be3c6a37c49" testName="EntityKey_ProtoBufSerializationRoundtrip" computerName="ICSWS068" duration="00:00:00.0910890" startTime="2016-08-04T09:56:23.3414738+02:00" endTime="2016-08-04T09:56:23.4348678+02:00" testType="13cdc9d9-ddb5-4fa4-a97d-d965ccfc6d4b" outcome="Passed" testListId="8c84fa94-04c1-424b-9868-57a2d4851a1d" relativeResultsDirectory="03ce56a2-d8e0-4681-b8e6-4ca86fa9cc81" />
    <UnitTestResult executionId="91966888-2a70-4104-87d1-b6f02ec67688" testId="94d49f53-1351-f013-d63d-4807073b4cb9" testName="CompileWebservice_AssemblyResolverIsSetToNull_ArgumentNullExceptionIsRaised" computerName="ICSWS068" duration="00:00:00.0746269" startTime="2016-08-04T09:56:23.4383701+02:00" endTime="2016-08-04T09:56:23.5145626+02:00" testType="13cdc9d9-ddb5-4fa4-a97d-d965ccfc6d4b" outcome="Passed" testListId="8c84fa94-04c1-424b-9868-57a2d4851a1d" relativeResultsDirectory="91966888-2a70-4104-87d1-b6f02ec67688" />
    <UnitTestResult executionId="d5da6e34-bc01-488a-8a1c-4677d1873ac6" testId="974dc3b2-037d-fd24-7d7c-720b8c5fbb4a" testName="CompileWebservice_NamespaceIsSetToNull_ArgumentNullExceptionIsRaised" computerName="ICSWS068" duration="00:00:00.0179136" startTime="2016-08-04T09:56:23.5180652+02:00" endTime="2016-08-04T09:56:23.5375784+02:00" testType="13cdc9d9-ddb5-4fa4-a97d-d965ccfc6d4b" outcome="Passed" testListId="8c84fa94-04c1-424b-9868-57a2d4851a1d" relativeResultsDirectory="d5da6e34-bc01-488a-8a1c-4677d1873ac6" />
    <UnitTestResult executionId="c3c54da5-56b3-4156-941f-25fcc2c8eb88" testId="d3ccf590-8a73-b59c-d3ba-ebe55b4f3f95" testName="CompileWebservice_CompilerIsSetToNull_ArgumentNullExceptionIsRaised" computerName="ICSWS068" duration="00:00:00.0007448" startTime="2016-08-04T09:56:23.5415810+02:00" endTime="2016-08-04T09:56:23.5440827+02:00" testType="13cdc9d9-ddb5-4fa4-a97d-d965ccfc6d4b" outcome="Passed" testListId="8c84fa94-04c1-424b-9868-57a2d4851a1d" relativeResultsDirectory="c3c54da5-56b3-4156-941f-25fcc2c8eb88" />
    <UnitTestResult executionId="8f9d9ff7-1418-452e-a17c-1ef9bbd3bfdf" testId="0e1a9435-1dbe-8062-fe1d-727ffcde5bce" testName="CompileWebservice_ProjectIsSetToNull_ArgumentNullExceptionIsRaised" computerName="ICSWS068" duration="00:00:00.0020920" startTime="2016-08-04T09:56:23.5475855+02:00" endTime="2016-08-04T09:56:23.5510890+02:00" testType="13cdc9d9-ddb5-4fa4-a97d-d965ccfc6d4b" outcome="Passed" testListId="8c84fa94-04c1-424b-9868-57a2d4851a1d" relativeResultsDirectory="8f9d9ff7-1418-452e-a17c-1ef9bbd3bfdf" />
    <UnitTestResult executionId="e409ff69-81dd-463d-a483-036696ee22a4" testId="53973455-c65f-ac3c-19ad-9b5cc4e8378b" testName="CompileWebservice_ValidArgs_WSDefinitionCompilerIsCalledOnce" computerName="ICSWS068" duration="00:00:00.0322625" startTime="2016-08-04T09:56:23.5534937+02:00" endTime="2016-08-04T09:56:23.5871259+02:00" testType="13cdc9d9-ddb5-4fa4-a97d-d965ccfc6d4b" outcome="Passed" testListId="8c84fa94-04c1-424b-9868-57a2d4851a1d" relativeResultsDirectory="e409ff69-81dd-463d-a483-036696ee22a4" />
    <UnitTestResult executionId="1bc54d1c-e94e-41a7-879b-9b727edd8ec9" testId="fc27e4b7-73b7-6ed6-d7a7-fcb07903a167" testName="CompileWebservice_ValidArgs_WSNamespaceIsPassedToCompiler" computerName="ICSWS068" duration="00:00:00.0033081" startTime="2016-08-04T09:56:23.5911276+02:00" endTime="2016-08-04T09:56:23.5960267+02:00" testType="13cdc9d9-ddb5-4fa4-a97d-d965ccfc6d4b" outcome="Passed" testListId="8c84fa94-04c1-424b-9868-57a2d4851a1d" relativeResultsDirectory="1bc54d1c-e94e-41a7-879b-9b727edd8ec9" />
    <UnitTestResult executionId="3a25a2d4-4026-4ee9-b304-94ea8d9ecbc7" testId="ac176450-d154-9f9f-5d52-4963adfcc5cd" testName="CompileWebservice_ValidArgs_ProjectSourceFilesArePassedToCompiler" computerName="ICSWS068" duration="00:00:00.0049086" startTime="2016-08-04T09:56:23.5985281+02:00" endTime="2016-08-04T09:56:23.6050318+02:00" testType="13cdc9d9-ddb5-4fa4-a97d-d965ccfc6d4b" outcome="Passed" testListId="8c84fa94-04c1-424b-9868-57a2d4851a1d" relativeResultsDirectory="3a25a2d4-4026-4ee9-b304-94ea8d9ecbc7" />
    <UnitTestResult executionId="8d9788bf-5e3b-46cf-bdff-3ac6054da7e9" testId="75358ae9-103f-6c87-b9dc-90ecbc6a6040" testName="CompileWebservice_ValidArgs_ProjectReferencesArePassedToCompiler" computerName="ICSWS068" duration="00:00:00.0068086" startTime="2016-08-04T09:56:23.6085349+02:00" endTime="2016-08-04T09:56:23.6169219+02:00" testType="13cdc9d9-ddb5-4fa4-a97d-d965ccfc6d4b" outcome="Passed" testListId="8c84fa94-04c1-424b-9868-57a2d4851a1d" relativeResultsDirectory="8d9788bf-5e3b-46cf-bdff-3ac6054da7e9" />
    <UnitTestResult executionId="d1aba1fd-1bde-4779-acb6-f190b624bd6b" testId="50d44c68-be7d-894c-9254-25db8e8d08ac" testName="CompileWebservice_ValidArgs_DocumentationIsSetAfterCompiling" computerName="ICSWS068" duration="00:00:00.0025591" startTime="2016-08-04T09:56:23.6204236+02:00" endTime="2016-08-04T09:56:23.6244268+02:00" testType="13cdc9d9-ddb5-4fa4-a97d-d965ccfc6d4b" outcome="Passed" testListId="8c84fa94-04c1-424b-9868-57a2d4851a1d" relativeResultsDirectory="d1aba1fd-1bde-4779-acb6-f190b624bd6b" />
    <UnitTestResult executionId="4cde5959-9231-466a-abc2-b9bb0b5c5b11" testId="e364315f-1cb6-681f-c084-4c49e352c22b" testName="InternalCompile_XamlIsSetToNull_ArgumentExceptionIsRaised" computerName="ICSWS068" duration="00:00:00.0014298" startTime="2016-08-04T09:56:23.6279290+02:00" endTime="2016-08-04T09:56:23.6309316+02:00" testType="13cdc9d9-ddb5-4fa4-a97d-d965ccfc6d4b" outcome="Passed" testListId="8c84fa94-04c1-424b-9868-57a2d4851a1d" relativeResultsDirectory="4cde5959-9231-466a-abc2-b9bb0b5c5b11" />
    <UnitTestResult executionId="c380c642-f5d5-44e6-b01a-17c55db531b4" testId="ab5619de-2e9e-605a-1d2e-e41982ec38cf" testName="InternalCompile_SystemContextIsSetToNull_ArgumentExceptionIsRaised" computerName="ICSWS068" duration="00:00:00.0005759" startTime="2016-08-04T09:56:23.6334360+02:00" endTime="2016-08-04T09:56:23.6354377+02:00" testType="13cdc9d9-ddb5-4fa4-a97d-d965ccfc6d4b" outcome="Passed" testListId="8c84fa94-04c1-424b-9868-57a2d4851a1d" relativeResultsDirectory="c380c642-f5d5-44e6-b01a-17c55db531b4" />
    <UnitTestResult executionId="d59443fc-2e6e-42b4-9e00-91060fa9edcd" testId="cc3754b9-3a6c-0fe9-82e2-032173ff5f14" testName="InternalCompile_AsssemblyNameSetToNull_ArgumentExceptionIsRaised" computerName="ICSWS068" duration="00:00:00.0008164" startTime="2016-08-04T09:56:23.6379394+02:00" endTime="2016-08-04T09:56:23.6404411+02:00" testType="13cdc9d9-ddb5-4fa4-a97d-d965ccfc6d4b" outcome="Passed" testListId="8c84fa94-04c1-424b-9868-57a2d4851a1d" relativeResultsDirectory="d59443fc-2e6e-42b4-9e00-91060fa9edcd" />
    <UnitTestResult executionId="60b79bda-3723-4a46-912f-3441c5c3e2df" testId="668d88f1-9c8d-1a17-2b9c-fb232d516f7c" testName="InternalCompile_ValidArgs_WorkflowCompilerIsCalledOnce" computerName="ICSWS068" duration="00:00:00.0335599" startTime="2016-08-04T09:56:23.6444484+02:00" endTime="2016-08-04T09:56:23.6794704+02:00" testType="13cdc9d9-ddb5-4fa4-a97d-d965ccfc6d4b" outcome="Passed" testListId="8c84fa94-04c1-424b-9868-57a2d4851a1d" relativeResultsDirectory="60b79bda-3723-4a46-912f-3441c5c3e2df" />
    <UnitTestResult executionId="d161c0eb-0906-4fce-96e8-5cc3cbf2c72b" testId="a11ce44a-0aad-819c-2e9c-4fa126049104" testName="InternalCompile_ValidArgs_XAMLSourceCodeIsIncludedInCompile" computerName="ICSWS068" duration="00:00:00.0041277" startTime="2016-08-04T09:56:23.6829724+02:00" endTime="2016-08-04T09:56:23.6884776+02:00" testType="13cdc9d9-ddb5-4fa4-a97d-d965ccfc6d4b" outcome="Passed" testListId="8c84fa94-04c1-424b-9868-57a2d4851a1d" relativeResultsDirectory="d161c0eb-0906-4fce-96e8-5cc3cbf2c72b" />
    <UnitTestResult executionId="24648f9f-b00f-4d9f-b8f1-a729a5d6f695" testId="a79de96a-0237-9289-9b24-f635fb08b592" testName="InternalCompile_CompilerReturnsErrors_CompilerErrorExceptionIsRaised" computerName="ICSWS068" duration="00:00:00.0039937" startTime="2016-08-04T09:56:23.6914805+02:00" endTime="2016-08-04T09:56:23.6969853+02:00" testType="13cdc9d9-ddb5-4fa4-a97d-d965ccfc6d4b" outcome="Passed" testListId="8c84fa94-04c1-424b-9868-57a2d4851a1d" relativeResultsDirectory="24648f9f-b00f-4d9f-b8f1-a729a5d6f695" />
    <UnitTestResult executionId="a483fdfd-0566-4410-910a-735f78b45faa" testId="37027393-e9b7-585b-6b85-64b62bbba3b9" testName="InternalCompile_ValidArgs_LocalSystemSourceCodeIsIncludedInCompile" computerName="ICSWS068" duration="00:00:00.0042289" startTime="2016-08-04T09:56:23.6999876+02:00" endTime="2016-08-04T09:56:23.7054952+02:00" testType="13cdc9d9-ddb5-4fa4-a97d-d965ccfc6d4b" outcome="Passed" testListId="8c84fa94-04c1-424b-9868-57a2d4851a1d" relativeResultsDirectory="a483fdfd-0566-4410-910a-735f78b45faa" />
    <UnitTestResult executionId="0ff24d60-2069-4b39-849b-90faa556a67b" testId="103f9692-5b32-c3f1-54f5-1a1e45ae269b" testName="InternalCompile_ValidArgs_PartialClassCodeIsIncludedInCompile" computerName="ICSWS068" duration="00:00:00.0041081" startTime="2016-08-04T09:56:23.7105004+02:00" endTime="2016-08-04T09:56:23.7160076+02:00" testType="13cdc9d9-ddb5-4fa4-a97d-d965ccfc6d4b" outcome="Passed" testListId="8c84fa94-04c1-424b-9868-57a2d4851a1d" relativeResultsDirectory="0ff24d60-2069-4b39-849b-90faa556a67b" />
    <UnitTestResult executionId="810a0bcb-f10c-41f6-b681-9e716686d0f5" testId="da3649b2-e551-4b68-dfaf-f1e3f4fb414b" testName="CompileWebservice_SystemContextIsSetToNull_ArgumentNullExceptionIsRaised" computerName="ICSWS068" duration="00:00:00.0117061" startTime="2016-08-04T09:56:23.7185096+02:00" endTime="2016-08-04T09:56:23.7375275+02:00" testType="13cdc9d9-ddb5-4fa4-a97d-d965ccfc6d4b" outcome="Passed" testListId="8c84fa94-04c1-424b-9868-57a2d4851a1d" relativeResultsDirectory="810a0bcb-f10c-41f6-b681-9e716686d0f5" />
    <UnitTestResult executionId="dc546462-3a1c-423d-8b32-f0b60669c7e9" testId="73f22e46-401e-2fb6-25e2-b9d93b2fbbf8" testName="CompileWebservice_AssemblyResolverIsSetToNull_ArgumentNullExceptionIsRaised" computerName="ICSWS068" duration="00:00:00.0027462" startTime="2016-08-04T09:56:23.7410286+02:00" endTime="2016-08-04T09:56:23.7450866+02:00" testType="13cdc9d9-ddb5-4fa4-a97d-d965ccfc6d4b" outcome="Passed" testListId="8c84fa94-04c1-424b-9868-57a2d4851a1d" relativeResultsDirectory="dc546462-3a1c-423d-8b32-f0b60669c7e9" />
    <UnitTestResult executionId="16941198-9ba2-45d5-a58e-814e4c1034d5" testId="dd027552-594d-9e56-18ba-813cd3fb75c4" testName="CompileWebservice_CompilerIsSetToNull_ArgumentNullExceptionIsRaised" computerName="ICSWS068" duration="00:00:00.0007504" startTime="2016-08-04T09:56:23.7475880+02:00" endTime="2016-08-04T09:56:23.7495894+02:00" testType="13cdc9d9-ddb5-4fa4-a97d-d965ccfc6d4b" outcome="Passed" testListId="8c84fa94-04c1-424b-9868-57a2d4851a1d" relativeResultsDirectory="16941198-9ba2-45d5-a58e-814e4c1034d5" />
    <UnitTestResult executionId="53b5be4c-3764-4300-8537-d7e07adb2f13" testId="96c4c161-ca91-2fd5-449a-562f97760e6e" testName="CompileWebservice_WSDefinitionAssemblyNameIsSetToNull_ArgumentNullExceptionIsRaised" computerName="ICSWS068" duration="00:00:00.0022823" startTime="2016-08-04T09:56:23.7520967+02:00" endTime="2016-08-04T09:56:23.7555978+02:00" testType="13cdc9d9-ddb5-4fa4-a97d-d965ccfc6d4b" outcome="Passed" testListId="8c84fa94-04c1-424b-9868-57a2d4851a1d" relativeResultsDirectory="53b5be4c-3764-4300-8537-d7e07adb2f13" />
    <UnitTestResult executionId="3defb763-001a-4637-9eec-0d92b549642a" testId="d0ce962e-1dfe-71b8-c48e-3b328860fe8d" testName="CompileWebservice_ConsumerAssemblyNameIsSetToNull_ArgumentNullExceptionIsRaised" computerName="ICSWS068" duration="00:00:00.0034081" startTime="2016-08-04T09:56:23.7585995+02:00" endTime="2016-08-04T09:56:23.7636062+02:00" testType="13cdc9d9-ddb5-4fa4-a97d-d965ccfc6d4b" outcome="Passed" testListId="8c84fa94-04c1-424b-9868-57a2d4851a1d" relativeResultsDirectory="3defb763-001a-4637-9eec-0d92b549642a" />
    <UnitTestResult executionId="83800023-5c7a-4082-b465-08f007fd9232" testId="04d00d1f-a186-8176-51d6-df51af84db54" testName="CompileWebservice_ProjectIsSetToNull_ArgumentNullExceptionIsRaised" computerName="ICSWS068" duration="00:00:00.0022864" startTime="2016-08-04T09:56:23.7666091+02:00" endTime="2016-08-04T09:56:23.7701111+02:00" testType="13cdc9d9-ddb5-4fa4-a97d-d965ccfc6d4b" outcome="Passed" testListId="8c84fa94-04c1-424b-9868-57a2d4851a1d" relativeResultsDirectory="83800023-5c7a-4082-b465-08f007fd9232" />
    <UnitTestResult executionId="4234a22e-122a-454c-b789-796134caaa06" testId="c3e622cc-5363-85fa-216b-acd437598d03" testName="CompileWebservice_ValidArgs_WSDefinitionCompilerIsCalledOnce" computerName="ICSWS068" duration="00:00:00.0052814" startTime="2016-08-04T09:56:23.7726131+02:00" endTime="2016-08-04T09:56:23.7796194+02:00" testType="13cdc9d9-ddb5-4fa4-a97d-d965ccfc6d4b" outcome="Passed" testListId="8c84fa94-04c1-424b-9868-57a2d4851a1d" relativeResultsDirectory="4234a22e-122a-454c-b789-796134caaa06" />
    <UnitTestResult executionId="51676401-1efd-49c2-9675-0a1936365139" testId="d49d15fc-4f91-a657-1512-3a352cca9549" testName="CompileWebservice_ValidArgs_WSNamespaceIsPassedToCompiler" computerName="ICSWS068" duration="00:00:00.0040711" startTime="2016-08-04T09:56:23.7821379+02:00" endTime="2016-08-04T09:56:23.7876249+02:00" testType="13cdc9d9-ddb5-4fa4-a97d-d965ccfc6d4b" outcome="Passed" testListId="8c84fa94-04c1-424b-9868-57a2d4851a1d" relativeResultsDirectory="51676401-1efd-49c2-9675-0a1936365139" />
    <UnitTestResult executionId="66c39824-d9c6-4c45-9d6e-49cc2c97f4e8" testId="cea2839f-2440-95b9-e634-6e900fc8c5af" testName="CompileWebservice_ValidArgs_ProjectSourceFilesArePassedToCompiler" computerName="ICSWS068" duration="00:00:00.0038582" startTime="2016-08-04T09:56:23.7911271+02:00" endTime="2016-08-04T09:56:23.7961297+02:00" testType="13cdc9d9-ddb5-4fa4-a97d-d965ccfc6d4b" outcome="Passed" testListId="8c84fa94-04c1-424b-9868-57a2d4851a1d" relativeResultsDirectory="66c39824-d9c6-4c45-9d6e-49cc2c97f4e8" />
    <UnitTestResult executionId="217439ea-192b-4c89-8e8c-b13cacde48bb" testId="4da11df8-a3e1-757f-a3a0-3cf54c5946bc" testName="CompileWebservice_ValidArgs_ProjectReferencesArePassedToCompiler" computerName="ICSWS068" duration="00:00:00.0041330" startTime="2016-08-04T09:56:23.7996337+02:00" endTime="2016-08-04T09:56:23.8051360+02:00" testType="13cdc9d9-ddb5-4fa4-a97d-d965ccfc6d4b" outcome="Passed" testListId="8c84fa94-04c1-424b-9868-57a2d4851a1d" relativeResultsDirectory="217439ea-192b-4c89-8e8c-b13cacde48bb" />
    <UnitTestResult executionId="e2909d90-292a-44d1-ad08-5b4d0045d435" testId="114863f4-8274-95d7-5824-e09208cc779c" testName="CompileWebservice_ValidArgs_DocumentationIsSetAfterCompiling" computerName="ICSWS068" duration="00:00:00.0027184" startTime="2016-08-04T09:56:23.8091389+02:00" endTime="2016-08-04T09:56:23.8129532+02:00" testType="13cdc9d9-ddb5-4fa4-a97d-d965ccfc6d4b" outcome="Passed" testListId="8c84fa94-04c1-424b-9868-57a2d4851a1d" relativeResultsDirectory="e2909d90-292a-44d1-ad08-5b4d0045d435" />
    <UnitTestResult executionId="a1e5d77c-0b86-4e58-900c-944f06724611" testId="1a6028fa-81aa-514b-44d1-a9779ac6c4e1" testName="EncryptValue_Data_EncryptedOK" computerName="ICSWS068" duration="00:00:00.1948376" startTime="2016-08-04T09:56:23.8164731+02:00" endTime="2016-08-04T09:56:24.0129034+02:00" testType="13cdc9d9-ddb5-4fa4-a97d-d965ccfc6d4b" outcome="Failed" testListId="8c84fa94-04c1-424b-9868-57a2d4851a1d" relativeResultsDirectory="a1e5d77c-0b86-4e58-900c-944f06724611">
      <Output>
        <ErrorInfo>
          <Message>Test method UnitTests.iCore.Common.Entities.Services.SystemProtectionServiceImplTests.EncryptValue_Data_EncryptedOK threw exception: 
System.NullReferenceException: Object reference not set to an instance of an object.</Message>
          <StackTrace>    at iCore.Common.Entities.SystemProtectionServiceImpl.CreateIV(ICryptoTransformFactory factory, ISystemContext systemContext)
   at iCore.Common.Entities.SystemProtectionServiceImpl.EncryptValue(String value, ISystemContext systemContext)
   at UnitTests.iCore.Common.Entities.Services.SystemProtectionServiceImplTests.EncryptValue_Data_EncryptedOK() in F:\ETWork\Main\Common\Assemblies\UnitTests.iCore.Common.Entities\Services\SystemProtectionServiceImplTests.cs:line 76
</StackTrace>
        </ErrorInfo>
      </Output>
    </UnitTestResult>
    <UnitTestResult executionId="d897bbda-c042-4df6-8dcb-d5fa6ae25900" testId="f9fb8e93-d1d2-2821-19f7-94360af0fdff" testName="EncryptValue_EmptyData_ReturnsNonEmptyArray" computerName="ICSWS068" duration="00:00:00.0063112" startTime="2016-08-04T09:56:24.0158881+02:00" endTime="2016-08-04T09:56:24.0232162+02:00" testType="13cdc9d9-ddb5-4fa4-a97d-d965ccfc6d4b" outcome="Failed" testListId="8c84fa94-04c1-424b-9868-57a2d4851a1d" relativeResultsDirectory="d897bbda-c042-4df6-8dcb-d5fa6ae25900">
      <Output>
        <ErrorInfo>
          <Message>Test method UnitTests.iCore.Common.Entities.Services.SystemProtectionServiceImplTests.EncryptValue_EmptyData_ReturnsNonEmptyArray threw exception: 
System.NullReferenceException: Object reference not set to an instance of an object.</Message>
          <StackTrace>    at iCore.Common.Entities.SystemProtectionServiceImpl.CreateIV(ICryptoTransformFactory factory, ISystemContext systemContext)
   at iCore.Common.Entities.SystemProtectionServiceImpl.EncryptValue(String value, ISystemContext systemContext)
   at UnitTests.iCore.Common.Entities.Services.SystemProtectionServiceImplTests.EncryptValue_EmptyData_ReturnsNonEmptyArray() in F:\ETWork\Main\Common\Assemblies\UnitTests.iCore.Common.Entities\Services\SystemProtectionServiceImplTests.cs:line 91
</StackTrace>
        </ErrorInfo>
      </Output>
    </UnitTestResult>
    <UnitTestResult executionId="2e888cf5-835d-4b09-bddb-ca854e251d49" testId="8fd12d4b-b8f4-781c-1a27-452725335da7" testName="EncryptValueToBase64String_Data_EncryptedOK" computerName="ICSWS068" duration="00:00:00.0065045" startTime="2016-08-04T09:56:24.0272199+02:00" endTime="2016-08-04T09:56:24.0352013+02:00" testType="13cdc9d9-ddb5-4fa4-a97d-d965ccfc6d4b" outcome="Failed" testListId="8c84fa94-04c1-424b-9868-57a2d4851a1d" relativeResultsDirectory="2e888cf5-835d-4b09-bddb-ca854e251d49">
      <Output>
        <ErrorInfo>
          <Message>Test method UnitTests.iCore.Common.Entities.Services.SystemProtectionServiceImplTests.EncryptValueToBase64String_Data_EncryptedOK threw exception: 
System.NullReferenceException: Object reference not set to an instance of an object.</Message>
          <StackTrace>    at iCore.Common.Entities.SystemProtectionServiceImpl.CreateIV(ICryptoTransformFactory factory, ISystemContext systemContext)
   at iCore.Common.Entities.SystemProtectionServiceImpl.EncryptValue(String value, ISystemContext systemContext)
   at iCore.Common.Entities.SystemProtectionServiceImpl.EncryptValueToBase64String(String value, ISystemContext systemContext)
   at UnitTests.iCore.Common.Entities.Services.SystemProtectionServiceImplTests.EncryptValueToBase64String_Data_EncryptedOK() in F:\ETWork\Main\Common\Assemblies\UnitTests.iCore.Common.Entities\Services\SystemProtectionServiceImplTests.cs:line 108
</StackTrace>
        </ErrorInfo>
      </Output>
    </UnitTestResult>
    <UnitTestResult executionId="593ae90e-048d-4f45-80cc-3cbf187a69d0" testId="003d5fc8-8f1c-f4db-caff-982322060b9f" testName="DecryptValue_EncryptedData_DecryptedOK" computerName="ICSWS068" duration="00:00:00.0068570" startTime="2016-08-04T09:56:24.0387048+02:00" endTime="2016-08-04T09:56:24.0472465+02:00" testType="13cdc9d9-ddb5-4fa4-a97d-d965ccfc6d4b" outcome="Failed" testListId="8c84fa94-04c1-424b-9868-57a2d4851a1d" relativeResultsDirectory="593ae90e-048d-4f45-80cc-3cbf187a69d0">
      <Output>
        <ErrorInfo>
          <Message>Test method UnitTests.iCore.Common.Entities.Services.SystemProtectionServiceImplTests.DecryptValue_EncryptedData_DecryptedOK threw exception: 
System.NullReferenceException: Object reference not set to an instance of an object.</Message>
          <StackTrace>    at iCore.Common.Entities.SystemProtectionServiceImpl.CreateIV(ICryptoTransformFactory factory, ISystemContext systemContext)
   at iCore.Common.Entities.SystemProtectionServiceImpl.DecryptValue(Byte[] encryptedValue, ISystemContext systemContext)
   at UnitTests.iCore.Common.Entities.Services.SystemProtectionServiceImplTests.DecryptValue_EncryptedData_DecryptedOK() in F:\ETWork\Main\Common\Assemblies\UnitTests.iCore.Common.Entities\Services\SystemProtectionServiceImplTests.cs:line 129
</StackTrace>
        </ErrorInfo>
      </Output>
    </UnitTestResult>
    <UnitTestResult executionId="48b76576-cf37-46de-acf8-0432ebe72818" testId="6a2128d0-a4d5-c758-ff20-541964ec1ef8" testName="DecryptValue_EmptyByteArray_ReturnsEmptyString" computerName="ICSWS068" duration="00:00:00.0082370" startTime="2016-08-04T09:56:24.0497339+02:00" endTime="2016-08-04T09:56:24.0599235+02:00" testType="13cdc9d9-ddb5-4fa4-a97d-d965ccfc6d4b" outcome="Failed" testListId="8c84fa94-04c1-424b-9868-57a2d4851a1d" relativeResultsDirectory="48b76576-cf37-46de-acf8-0432ebe72818">
      <Output>
        <ErrorInfo>
          <Message>Test method UnitTests.iCore.Common.Entities.Services.SystemProtectionServiceImplTests.DecryptValue_EmptyByteArray_ReturnsEmptyString threw exception: 
System.NullReferenceException: Object reference not set to an instance of an object.</Message>
          <StackTrace>    at iCore.Common.Entities.SystemProtectionServiceImpl.CreateIV(ICryptoTransformFactory factory, ISystemContext systemContext)
   at iCore.Common.Entities.SystemProtectionServiceImpl.DecryptValue(Byte[] encryptedValue, ISystemContext systemContext)
   at UnitTests.iCore.Common.Entities.Services.SystemProtectionServiceImplTests.DecryptValue_EmptyByteArray_ReturnsEmptyString() in F:\ETWork\Main\Common\Assemblies\UnitTests.iCore.Common.Entities\Services\SystemProtectionServiceImplTests.cs:line 142
</StackTrace>
        </ErrorInfo>
      </Output>
    </UnitTestResult>
    <UnitTestResult executionId="e07bf249-04a6-4423-a89e-9701c0a30f3a" testId="09d20211-b1c0-e331-0977-61bc816b1045" testName="Decrypt_InvalidValue_Throws" computerName="ICSWS068" duration="00:00:00.0114660" startTime="2016-08-04T09:56:24.0614422+02:00" endTime="2016-08-04T09:56:24.0758895+02:00" testType="13cdc9d9-ddb5-4fa4-a97d-d965ccfc6d4b" outcome="Failed" testListId="8c84fa94-04c1-424b-9868-57a2d4851a1d" relativeResultsDirectory="e07bf249-04a6-4423-a89e-9701c0a30f3a">
      <Output>
        <ErrorInfo>
          <Message>Assert.Fail failed. Method invocation expected exception of type CryptographicException to be thrown, but actual exception was NullReferenceException.
Exception message: Object reference not set to an instance of an object..</Message>
          <StackTrace>   at Testing.Common.Asserts.ActionAssert.MustThrow[T](Action action) in F:\ETWork\Main\Testing\Assemblies\Testing.Common\Asserts\ActionAssert.cs:line 44
   at UnitTests.iCore.Common.Entities.Services.SystemProtectionServiceImplTests.Decrypt_InvalidValue_Throws() in F:\ETWork\Main\Common\Assemblies\UnitTests.iCore.Common.Entities\Services\SystemProtectionServiceImplTests.cs:line 155
</StackTrace>
        </ErrorInfo>
      </Output>
    </UnitTestResult>
    <UnitTestResult executionId="8ab20554-e3fc-4120-8e50-7595c6535d0a" testId="d746a9c4-0567-e9e3-5d89-991703a6f0d7" testName="DecryptValueFromBase64String_EncryptedData_DecryptedOK" computerName="ICSWS068" duration="00:00:00.0063039" startTime="2016-08-04T09:56:24.0789076+02:00" endTime="2016-08-04T09:56:24.0863972+02:00" testType="13cdc9d9-ddb5-4fa4-a97d-d965ccfc6d4b" outcome="Failed" testListId="8c84fa94-04c1-424b-9868-57a2d4851a1d" relativeResultsDirectory="8ab20554-e3fc-4120-8e50-7595c6535d0a">
      <Output>
        <ErrorInfo>
          <Message>Test method UnitTests.iCore.Common.Entities.Services.SystemProtectionServiceImplTests.DecryptValueFromBase64String_EncryptedData_DecryptedOK threw exception: 
System.NullReferenceException: Object reference not set to an instance of an object.</Message>
          <StackTrace>    at iCore.Common.Entities.SystemProtectionServiceImpl.CreateIV(ICryptoTransformFactory factory, ISystemContext systemContext)
   at iCore.Common.Entities.SystemProtectionServiceImpl.DecryptValue(Byte[] encryptedValue, ISystemContext systemContext)
   at iCore.Common.Entities.SystemProtectionServiceImpl.DecryptValueFromBase64String(String encryptedDataAsBase64String, ISystemContext systemContext)
   at UnitTests.iCore.Common.Entities.Services.SystemProtectionServiceImplTests.DecryptValueFromBase64String_EncryptedData_DecryptedOK() in F:\ETWork\Main\Common\Assemblies\UnitTests.iCore.Common.Entities\Services\SystemProtectionServiceImplTests.cs:line 172
</StackTrace>
        </ErrorInfo>
      </Output>
    </UnitTestResult>
    <UnitTestResult executionId="a32048bf-e74d-4d74-874f-37d80dc13136" testId="13e567fe-f4fd-2cb3-be1a-db5bda9cdedd" testName="EncryptValueAndDecryptValue_NonEmptyData_EncryptedAndDecrypted" computerName="ICSWS068" duration="00:00:00.0062262" startTime="2016-08-04T09:56:24.0903989+02:00" endTime="2016-08-04T09:56:24.0979202+02:00" testType="13cdc9d9-ddb5-4fa4-a97d-d965ccfc6d4b" outcome="Failed" testListId="8c84fa94-04c1-424b-9868-57a2d4851a1d" relativeResultsDirectory="a32048bf-e74d-4d74-874f-37d80dc13136">
      <Output>
        <ErrorInfo>
          <Message>Test method UnitTests.iCore.Common.Entities.Services.SystemProtectionServiceImplTests.EncryptValueAndDecryptValue_NonEmptyData_EncryptedAndDecrypted threw exception: 
System.NullReferenceException: Object reference not set to an instance of an object.</Message>
          <StackTrace>    at iCore.Common.Entities.SystemProtectionServiceImpl.CreateIV(ICryptoTransformFactory factory, ISystemContext systemContext)
   at iCore.Common.Entities.SystemProtectionServiceImpl.EncryptValue(String value, ISystemContext systemContext)
   at UnitTests.iCore.Common.Entities.Services.SystemProtectionServiceImplTests.EncryptValueAndDecryptValue_NonEmptyData_EncryptedAndDecrypted() in F:\ETWork\Main\Common\Assemblies\UnitTests.iCore.Common.Entities\Services\SystemProtectionServiceImplTests.cs:line 188
</StackTrace>
        </ErrorInfo>
      </Output>
    </UnitTestResult>
    <UnitTestResult executionId="db16ea51-9900-4f2b-ae16-912de96adc57" testId="87d4c696-9869-7d52-071c-3538d3c0f307" testName="EncryptValueAndDecryptValue_ShortData_NotPaddedWithNullChars" computerName="ICSWS068" duration="00:00:00.0070602" startTime="2016-08-04T09:56:24.1004063+02:00" endTime="2016-08-04T09:56:24.1090162+02:00" testType="13cdc9d9-ddb5-4fa4-a97d-d965ccfc6d4b" outcome="Failed" testListId="8c84fa94-04c1-424b-9868-57a2d4851a1d" relativeResultsDirectory="db16ea51-9900-4f2b-ae16-912de96adc57">
      <Output>
        <ErrorInfo>
          <Message>Test method UnitTests.iCore.Common.Entities.Services.SystemProtectionServiceImplTests.EncryptValueAndDecryptValue_ShortData_NotPaddedWithNullChars threw exception: 
System.NullReferenceException: Object reference not set to an instance of an object.</Message>
          <StackTrace>    at iCore.Common.Entities.SystemProtectionServiceImpl.CreateIV(ICryptoTransformFactory factory, ISystemContext systemContext)
   at iCore.Common.Entities.SystemProtectionServiceImpl.EncryptValue(String value, ISystemContext systemContext)
   at UnitTests.iCore.Common.Entities.Services.SystemProtectionServiceImplTests.EncryptValueAndDecryptValue_ShortData_NotPaddedWithNullChars() in F:\ETWork\Main\Common\Assemblies\UnitTests.iCore.Common.Entities\Services\SystemProtectionServiceImplTests.cs:line 202
</StackTrace>
        </ErrorInfo>
      </Output>
    </UnitTestResult>
    <UnitTestResult executionId="d3d4bf05-859b-4578-a4e5-f391adbd202f" testId="7050242b-9666-01d5-78c0-02e23ff5e72a" testName="EncryptValueAndDecryptValue_EmptyData_ReturnsNonEmptyArray" computerName="ICSWS068" duration="00:00:00.0092546" startTime="2016-08-04T09:56:24.1115196+02:00" endTime="2016-08-04T09:56:24.1220459+02:00" testType="13cdc9d9-ddb5-4fa4-a97d-d965ccfc6d4b" outcome="Failed" testListId="8c84fa94-04c1-424b-9868-57a2d4851a1d" relativeResultsDirectory="d3d4bf05-859b-4578-a4e5-f391adbd202f">
      <Output>
        <ErrorInfo>
          <Message>Test method UnitTests.iCore.Common.Entities.Services.SystemProtectionServiceImplTests.EncryptValueAndDecryptValue_EmptyData_ReturnsNonEmptyArray threw exception: 
System.NullReferenceException: Object reference not set to an instance of an object.</Message>
          <StackTrace>    at iCore.Common.Entities.SystemProtectionServiceImpl.CreateIV(ICryptoTransformFactory factory, ISystemContext systemContext)
   at iCore.Common.Entities.SystemProtectionServiceImpl.EncryptValue(String value, ISystemContext systemContext)
   at UnitTests.iCore.Common.Entities.Services.SystemProtectionServiceImplTests.EncryptValueAndDecryptValue_EmptyData_ReturnsNonEmptyArray() in F:\ETWork\Main\Common\Assemblies\UnitTests.iCore.Common.Entities\Services\SystemProtectionServiceImplTests.cs:line 216
</StackTrace>
        </ErrorInfo>
      </Output>
    </UnitTestResult>
    <UnitTestResult executionId="03e13b0c-5e2f-4e9e-925d-ef449a2e5027" testId="e8b38e20-9971-381d-6b2a-328903417cab" testName="ActivateProtection_MasterKeyIsNull_Throws" computerName="ICSWS068" duration="00:00:00.0078391" startTime="2016-08-04T09:56:24.1255672+02:00" endTime="2016-08-04T09:56:24.1349515+02:00" testType="13cdc9d9-ddb5-4fa4-a97d-d965ccfc6d4b" outcome="Passed" testListId="8c84fa94-04c1-424b-9868-57a2d4851a1d" relativeResultsDirectory="03e13b0c-5e2f-4e9e-925d-ef449a2e5027" />
    <UnitTestResult executionId="f5627a7a-b2dc-47c2-bd0d-785671401fc0" testId="152ae13e-c178-138f-c19b-ea50136eae51" testName="ActivateProtection_MasterKeyIsZeroLengthAndNotPreviouslyActivated_Throws" computerName="ICSWS068" duration="00:00:00.0099765" startTime="2016-08-04T09:56:24.1379541+02:00" endTime="2016-08-04T09:56:24.1493187+02:00" testType="13cdc9d9-ddb5-4fa4-a97d-d965ccfc6d4b" outcome="Passed" testListId="8c84fa94-04c1-424b-9868-57a2d4851a1d" relativeResultsDirectory="f5627a7a-b2dc-47c2-bd0d-785671401fc0" />
    <UnitTestResult executionId="64aa8da4-875c-47c2-874c-b924b98215fb" testId="06ee0320-34fc-da5a-6e53-fe8af6440d9e" testName="ActivateProtection_MasterKeyIsFiveCharactersAndNotPreviouslyActivated_Throws" computerName="ICSWS068" duration="00:00:00.0083939" startTime="2016-08-04T09:56:24.1523207+02:00" endTime="2016-08-04T09:56:24.1613270+02:00" testType="13cdc9d9-ddb5-4fa4-a97d-d965ccfc6d4b" outcome="Passed" testListId="8c84fa94-04c1-424b-9868-57a2d4851a1d" relativeResultsDirectory="64aa8da4-875c-47c2-874c-b924b98215fb" />
    <UnitTestResult executionId="4ce63843-b5a9-498b-8c27-f249f027f7ee" testId="068401ff-6edb-d5fc-b9e2-9622520a3745" testName="ActivateProtection_ProgressInfoObjectIsNull_Throws" computerName="ICSWS068" duration="00:00:00.0054382" startTime="2016-08-04T09:56:24.1649096+02:00" endTime="2016-08-04T09:56:24.1719157+02:00" testType="13cdc9d9-ddb5-4fa4-a97d-d965ccfc6d4b" outcome="Passed" testListId="8c84fa94-04c1-424b-9868-57a2d4851a1d" relativeResultsDirectory="4ce63843-b5a9-498b-8c27-f249f027f7ee" />
    <UnitTestResult executionId="92f4456e-a17e-451b-b7c8-13cb884c1b4d" testId="4333ea3e-d52f-7c09-ea9f-d772dfdf2e67" testName="ActivateProtection_SystemContextIsNull_Throws" computerName="ICSWS068" duration="00:00:00.0053031" startTime="2016-08-04T09:56:24.1754168+02:00" endTime="2016-08-04T09:56:24.1819220+02:00" testType="13cdc9d9-ddb5-4fa4-a97d-d965ccfc6d4b" outcome="Passed" testListId="8c84fa94-04c1-424b-9868-57a2d4851a1d" relativeResultsDirectory="92f4456e-a17e-451b-b7c8-13cb884c1b4d" />
    <UnitTestResult executionId="387f4077-81b8-4823-bc3b-7cf025d1864b" testId="13d36543-ed59-984f-c8a7-85d1ddcc80ad" testName="ActivateProtection_ConfirmApplyActivationDelegateIsNull_Throws" computerName="ICSWS068" duration="00:00:00.0065133" startTime="2016-08-04T09:56:24.1854413+02:00" endTime="2016-08-04T09:56:24.1931898+02:00" testType="13cdc9d9-ddb5-4fa4-a97d-d965ccfc6d4b" outcome="Passed" testListId="8c84fa94-04c1-424b-9868-57a2d4851a1d" relativeResultsDirectory="387f4077-81b8-4823-bc3b-7cf025d1864b" />
    <UnitTestResult executionId="a952921d-04bf-4228-9572-3e50b69c9a19" testId="474f2d08-dca8-41be-f893-04a44bd42c45" testName="DeactivateProtection_MasterKeyIsNull_Throws" computerName="ICSWS068" duration="00:00:00.0059027" startTime="2016-08-04T09:56:24.1961903+02:00" endTime="2016-08-04T09:56:24.2037022+02:00" testType="13cdc9d9-ddb5-4fa4-a97d-d965ccfc6d4b" outcome="Passed" testListId="8c84fa94-04c1-424b-9868-57a2d4851a1d" relativeResultsDirectory="a952921d-04bf-4228-9572-3e50b69c9a19" />
    <UnitTestResult executionId="cd700b5e-2056-4820-8d0f-bceb5d03afd9" testId="86dfff1e-e7ac-77b8-d4cc-fa2915135dd9" testName="DeactivateProtection_SystemContextIsNull_Throws" computerName="ICSWS068" duration="00:00:00.0061763" startTime="2016-08-04T09:56:24.2067028+02:00" endTime="2016-08-04T09:56:24.2142082+02:00" testType="13cdc9d9-ddb5-4fa4-a97d-d965ccfc6d4b" outcome="Passed" testListId="8c84fa94-04c1-424b-9868-57a2d4851a1d" relativeResultsDirectory="cd700b5e-2056-4820-8d0f-bceb5d03afd9" />
    <UnitTestResult executionId="56e6c657-34e7-461d-bf5d-aa72e1673267" testId="7c507efc-4463-f94a-ccb3-8a5e2ce7223f" testName="DeactivateProtection_ProgressInfoIsNull_Throws" computerName="ICSWS068" duration="00:00:00.0060274" startTime="2016-08-04T09:56:24.2172111+02:00" endTime="2016-08-04T09:56:24.2253080+02:00" testType="13cdc9d9-ddb5-4fa4-a97d-d965ccfc6d4b" outcome="Passed" testListId="8c84fa94-04c1-424b-9868-57a2d4851a1d" relativeResultsDirectory="56e6c657-34e7-461d-bf5d-aa72e1673267" />
    <UnitTestResult executionId="e08d0eb7-1aa5-4c27-9248-242d7994223a" testId="230240b2-6d76-3b10-d50e-757fe2aaed27" testName="DeactivateProtection_SystemProtectionIsNotActive_Throws" computerName="ICSWS068" duration="00:00:00.3081388" startTime="2016-08-04T09:56:24.2283103+02:00" endTime="2016-08-04T09:56:24.5379798+02:00" testType="13cdc9d9-ddb5-4fa4-a97d-d965ccfc6d4b" outcome="Passed" testListId="8c84fa94-04c1-424b-9868-57a2d4851a1d" relativeResultsDirectory="e08d0eb7-1aa5-4c27-9248-242d7994223a" />
    <UnitTestResult executionId="67cdbcd7-f88a-4896-bf22-9c1bf283ddef" testId="183abed1-a3da-dfd5-220a-95af9d416df4" testName="RegenerateEncryptionKey_MasterKeyIsNull_Throws" computerName="ICSWS068" duration="00:00:00.0059972" startTime="2016-08-04T09:56:24.5414663+02:00" endTime="2016-08-04T09:56:24.5488577+02:00" testType="13cdc9d9-ddb5-4fa4-a97d-d965ccfc6d4b" outcome="Passed" testListId="8c84fa94-04c1-424b-9868-57a2d4851a1d" relativeResultsDirectory="67cdbcd7-f88a-4896-bf22-9c1bf283ddef" />
    <UnitTestResult executionId="1841d0fb-7ce3-44e3-84fc-fb684dcbeb65" testId="df2691bf-6713-9460-9479-3ff6f11ee8ac" testName="RegenerateEncryptionKey_SystemContextIsNull_Throws" computerName="ICSWS068" duration="00:00:00.0060640" startTime="2016-08-04T09:56:24.5518585+02:00" endTime="2016-08-04T09:56:24.5588683+02:00" testType="13cdc9d9-ddb5-4fa4-a97d-d965ccfc6d4b" outcome="Passed" testListId="8c84fa94-04c1-424b-9868-57a2d4851a1d" relativeResultsDirectory="1841d0fb-7ce3-44e3-84fc-fb684dcbeb65" />
    <UnitTestResult executionId="ec47a2e1-9f8f-41bf-8f1c-58284c0044ad" testId="443499ee-cd6b-033d-d126-7662a3c57d59" testName="RegenerateEncryptionKey_ProgressInfoIsNull_Throws" computerName="ICSWS068" duration="00:00:00.0051978" startTime="2016-08-04T09:56:24.5618706+02:00" endTime="2016-08-04T09:56:24.5686793+02:00" testType="13cdc9d9-ddb5-4fa4-a97d-d965ccfc6d4b" outcome="Passed" testListId="8c84fa94-04c1-424b-9868-57a2d4851a1d" relativeResultsDirectory="ec47a2e1-9f8f-41bf-8f1c-58284c0044ad" />
    <UnitTestResult executionId="29aba5cd-6f3a-49f9-a5f6-8c0a66d80756" testId="4f21f36b-7c5a-223c-1096-92992e8a6645" testName="RegenerateEncryptionKey_SystemProtectionIsNotActive_Throws" computerName="ICSWS068" duration="00:00:00.0059605" startTime="2016-08-04T09:56:24.5711822+02:00" endTime="2016-08-04T09:56:24.5786868+02:00" testType="13cdc9d9-ddb5-4fa4-a97d-d965ccfc6d4b" outcome="Passed" testListId="8c84fa94-04c1-424b-9868-57a2d4851a1d" relativeResultsDirectory="29aba5cd-6f3a-49f9-a5f6-8c0a66d80756" />
    <UnitTestResult executionId="1b901b41-2345-4870-bec1-08546b22f93d" testId="8e4795d7-00d5-f7f1-bc17-5ba53848a6e2" testName="ChangeMasterKey_NewKeyIsNull_Throws" computerName="ICSWS068" duration="00:00:00.0062705" startTime="2016-08-04T09:56:24.5816899+02:00" endTime="2016-08-04T09:56:24.5891942+02:00" testType="13cdc9d9-ddb5-4fa4-a97d-d965ccfc6d4b" outcome="Passed" testListId="8c84fa94-04c1-424b-9868-57a2d4851a1d" relativeResultsDirectory="1b901b41-2345-4870-bec1-08546b22f93d" />
    <UnitTestResult executionId="e61f2d75-c559-439d-9fd1-1b139cffb224" testId="970daa37-42e6-3593-75a6-6ba075307b54" testName="ChangeMasterKey_OldKeyIsNull_Throws" computerName="ICSWS068" duration="00:00:00.0078429" startTime="2016-08-04T09:56:24.5921962+02:00" endTime="2016-08-04T09:56:24.6017034+02:00" testType="13cdc9d9-ddb5-4fa4-a97d-d965ccfc6d4b" outcome="Passed" testListId="8c84fa94-04c1-424b-9868-57a2d4851a1d" relativeResultsDirectory="e61f2d75-c559-439d-9fd1-1b139cffb224" />
    <UnitTestResult executionId="8ea4a47b-daa7-4d22-a206-abad74f89cd0" testId="2a381f07-6c75-7366-bd4f-930363c4e077" testName="ChangeMasterKey_SystemContextIsNull_Throws" computerName="ICSWS068" duration="00:00:00.0054142" startTime="2016-08-04T09:56:24.6047060+02:00" endTime="2016-08-04T09:56:24.6117126+02:00" testType="13cdc9d9-ddb5-4fa4-a97d-d965ccfc6d4b" outcome="Passed" testListId="8c84fa94-04c1-424b-9868-57a2d4851a1d" relativeResultsDirectory="8ea4a47b-daa7-4d22-a206-abad74f89cd0" />
    <UnitTestResult executionId="664a9080-693c-4bb0-a8e0-9086772304e9" testId="e2aaa69d-397e-f846-a50b-09832167723f" testName="ChangeMasterKey_NewKeyIsTooShort_Throws" computerName="ICSWS068" duration="00:00:00.0056922" startTime="2016-08-04T09:56:24.6142175+02:00" endTime="2016-08-04T09:56:24.6212227+02:00" testType="13cdc9d9-ddb5-4fa4-a97d-d965ccfc6d4b" outcome="Passed" testListId="8c84fa94-04c1-424b-9868-57a2d4851a1d" relativeResultsDirectory="664a9080-693c-4bb0-a8e0-9086772304e9" />
    <UnitTestResult executionId="93acd458-d8df-42ce-b548-17f5b98a417a" testId="3ee748b7-c6b4-dd36-384c-b609387f2076" testName="ChangeMasterKey_NewKeySameAsCurrentKey_Throws" computerName="ICSWS068" duration="00:00:00.0052520" startTime="2016-08-04T09:56:24.6241957+02:00" endTime="2016-08-04T09:56:24.6307006+02:00" testType="13cdc9d9-ddb5-4fa4-a97d-d965ccfc6d4b" outcome="Passed" testListId="8c84fa94-04c1-424b-9868-57a2d4851a1d" relativeResultsDirectory="93acd458-d8df-42ce-b548-17f5b98a417a" />
    <UnitTestResult executionId="4f754f5c-41ec-4580-bd9f-d1f0ee0de04a" testId="eac77359-44ad-4586-5d12-b7a854590592" testName="SystemHasBeenActivatedBefore_ContextHasMasterKeyHashAndKey_ReturnsTrue" computerName="ICSWS068" duration="00:00:00.0865316" startTime="2016-08-04T09:56:24.6337058+02:00" endTime="2016-08-04T09:56:24.7216022+02:00" testType="13cdc9d9-ddb5-4fa4-a97d-d965ccfc6d4b" outcome="Passed" testListId="8c84fa94-04c1-424b-9868-57a2d4851a1d" relativeResultsDirectory="4f754f5c-41ec-4580-bd9f-d1f0ee0de04a" />
    <UnitTestResult executionId="a205350a-74d0-4111-8ae5-200bbd58b244" testId="c654ed5c-82c3-9d60-6875-d2bab61d8e38" testName="SystemHasBeenActivatedBefore_ContextHasMasterKeyHashButNoKey_ReturnsFalse" computerName="ICSWS068" duration="00:00:00.0383381" startTime="2016-08-04T09:56:24.7242863+02:00" endTime="2016-08-04T09:56:24.7638264+02:00" testType="13cdc9d9-ddb5-4fa4-a97d-d965ccfc6d4b" outcome="Passed" testListId="8c84fa94-04c1-424b-9868-57a2d4851a1d" relativeResultsDirectory="a205350a-74d0-4111-8ae5-200bbd58b244" />
    <UnitTestResult executionId="2103b1a5-0ea8-4c10-aa7c-64850bbc9ca3" testId="be41ff77-11a6-4eea-ce98-b0f95a2713b3" testName="SystemHasBeenActivatedBefore_ContextHasNoMasterKeyHashButKey_ReturnsFalse" computerName="ICSWS068" duration="00:00:00.0371343" startTime="2016-08-04T09:56:24.7668273+02:00" endTime="2016-08-04T09:56:24.8053624+02:00" testType="13cdc9d9-ddb5-4fa4-a97d-d965ccfc6d4b" outcome="Passed" testListId="8c84fa94-04c1-424b-9868-57a2d4851a1d" relativeResultsDirectory="2103b1a5-0ea8-4c10-aa7c-64850bbc9ca3" />
    <UnitTestResult executionId="8b991916-de1c-4d6c-9afc-a615801ed2c2" testId="3b226044-d2db-faa0-2c4b-2fa81593e6ed" testName="SystemHasBeenActivatedBefore_NullArgument_Throws" computerName="ICSWS068" duration="00:00:00.0052852" startTime="2016-08-04T09:56:24.8088638+02:00" endTime="2016-08-04T09:56:24.8153731+02:00" testType="13cdc9d9-ddb5-4fa4-a97d-d965ccfc6d4b" outcome="Passed" testListId="8c84fa94-04c1-424b-9868-57a2d4851a1d" relativeResultsDirectory="8b991916-de1c-4d6c-9afc-a615801ed2c2" />
    <UnitTestResult executionId="946358cf-68c4-479f-8eeb-76401681d06b" testId="5e106981-7cc1-ec42-7c72-75f49342a7ba" testName="CheckCurrentMachineValidForSystemStart_SystemContextIsNull_Throws" computerName="ICSWS068" duration="00:00:00.0055025" startTime="2016-08-04T09:56:24.8178751+02:00" endTime="2016-08-04T09:56:24.8248952+02:00" testType="13cdc9d9-ddb5-4fa4-a97d-d965ccfc6d4b" outcome="Passed" testListId="8c84fa94-04c1-424b-9868-57a2d4851a1d" relativeResultsDirectory="946358cf-68c4-479f-8eeb-76401681d06b" />
    <UnitTestResult executionId="bccacf2b-a2b9-4864-ba6c-dc503e511123" testId="10c665bc-8696-0b5f-76bd-fdc45d9f8a6f" testName="CheckCurrentMachineValidForSystemStart_DataProtectionOff_Succeeds" computerName="ICSWS068" duration="00:00:00.0396814" startTime="2016-08-04T09:56:24.8273969+02:00" endTime="2016-08-04T09:56:24.8683798+02:00" testType="13cdc9d9-ddb5-4fa4-a97d-d965ccfc6d4b" outcome="Passed" testListId="8c84fa94-04c1-424b-9868-57a2d4851a1d" relativeResultsDirectory="bccacf2b-a2b9-4864-ba6c-dc503e511123" />
    <UnitTestResult executionId="fe46d427-24d2-442a-b85d-c5f73ff075b5" testId="2772306b-fcbc-b238-bca4-3e361ab6015c" testName="CheckCurrentMachineValidForSystemStart_CurrentMachineHasAttachMachineWithValidAttach_Succeeds" computerName="ICSWS068" duration="00:00:00.0458704" startTime="2016-08-04T09:56:24.8713821+02:00" endTime="2016-08-04T09:56:24.9185338+02:00" testType="13cdc9d9-ddb5-4fa4-a97d-d965ccfc6d4b" outcome="Passed" testListId="8c84fa94-04c1-424b-9868-57a2d4851a1d" relativeResultsDirectory="fe46d427-24d2-442a-b85d-c5f73ff075b5" />
    <UnitTestResult executionId="329c80cc-79bc-403f-8baa-cdc6001c86fa" testId="fbe3c915-5d68-54c0-820b-95ce57824346" testName="CheckCurrentMachineValidForSystemStart_CurrentMachineDoesNotHaveAttachedMachinesInstance_Throws" computerName="ICSWS068" duration="00:00:00.0381815" startTime="2016-08-04T09:56:24.9215370+02:00" endTime="2016-08-04T09:56:24.9608785+02:00" testType="13cdc9d9-ddb5-4fa4-a97d-d965ccfc6d4b" outcome="Passed" testListId="8c84fa94-04c1-424b-9868-57a2d4851a1d" relativeResultsDirectory="329c80cc-79bc-403f-8baa-cdc6001c86fa" />
    <UnitTestResult executionId="a61a0a25-5ba4-4c5b-b688-1e02b18a3b55" testId="034ac6f2-d9bf-3d56-da60-7d7508f59d78" testName="CheckCurrentMachineValidForSystemStart_CurrentMachineHaveAttachedMachinesInstanceThatIsInvalid_Throws" computerName="ICSWS068" duration="00:00:00.0401198" startTime="2016-08-04T09:56:24.9638785+02:00" endTime="2016-08-04T09:56:25.0059203+02:00" testType="13cdc9d9-ddb5-4fa4-a97d-d965ccfc6d4b" outcome="Passed" testListId="8c84fa94-04c1-424b-9868-57a2d4851a1d" relativeResultsDirectory="a61a0a25-5ba4-4c5b-b688-1e02b18a3b55" />
    <UnitTestResult executionId="04b05bcb-3f26-44f1-a41f-899edb9d3c15" testId="fffc44b5-4d2c-7e29-942c-e636aae1fce5" testName="ETimer_SetValidMonthDaysByAssigningValidMonthDaysIntArray_DaysPropertiesHaveCorrectValues" computerName="ICSWS068" duration="00:00:00.0034362" startTime="2016-08-04T09:56:25.0094220+02:00" endTime="2016-08-04T09:56:25.0144248+02:00" testType="13cdc9d9-ddb5-4fa4-a97d-d965ccfc6d4b" outcome="Passed" testListId="8c84fa94-04c1-424b-9868-57a2d4851a1d" relativeResultsDirectory="04b05bcb-3f26-44f1-a41f-899edb9d3c15" />
    <UnitTestResult executionId="ed94f339-6b62-4e8d-8daf-921c11aa3bd7" testId="b2aec36b-c090-bc01-fb63-73a3a37e2be3" testName="ETimer_SetValidMonthDaysByAssigningInvalidDaysInIntArray_InvalidDaysAreIgnored" computerName="ICSWS068" duration="00:00:00.0004084" startTime="2016-08-04T09:56:25.0174271+02:00" endTime="2016-08-04T09:56:25.0189294+02:00" testType="13cdc9d9-ddb5-4fa4-a97d-d965ccfc6d4b" outcome="Passed" testListId="8c84fa94-04c1-424b-9868-57a2d4851a1d" relativeResultsDirectory="ed94f339-6b62-4e8d-8daf-921c11aa3bd7" />
    <UnitTestResult executionId="5199ef89-7801-43af-8606-09a53c42ce11" testId="75933df0-5d5e-9d5f-e4e1-e763e3e53303" testName="ETimer_SettingDayPropertiesByDayProperties_ValidMonthDaysArrayContainsCorrectValues" computerName="ICSWS068" duration="00:00:00.0039321" startTime="2016-08-04T09:56:25.0214314+02:00" endTime="2016-08-04T09:56:25.0272686+02:00" testType="13cdc9d9-ddb5-4fa4-a97d-d965ccfc6d4b" outcome="Passed" testListId="8c84fa94-04c1-424b-9868-57a2d4851a1d" relativeResultsDirectory="5199ef89-7801-43af-8606-09a53c42ce11" />
    <UnitTestResult executionId="5af9792b-3259-4ec8-9e62-898916588347" testId="77be4fcb-11a8-fe42-0144-07069ffeeca2" testName="StripQualifiers_FromString_EqualsFromType" computerName="ICSWS068" duration="00:00:00.0037119" startTime="2016-08-04T09:56:25.0302709+02:00" endTime="2016-08-04T09:56:25.0352743+02:00" testType="13cdc9d9-ddb5-4fa4-a97d-d965ccfc6d4b" outcome="Passed" testListId="8c84fa94-04c1-424b-9868-57a2d4851a1d" relativeResultsDirectory="5af9792b-3259-4ec8-9e62-898916588347" />
    <UnitTestResult executionId="18775657-87c7-45a8-b726-7464d7b557a2" testId="5210818b-1a5d-54de-f93f-8fcad3cb1c73" testName="StripQualifiers_FromiCoreTypeString_IsCorrect" computerName="ICSWS068" duration="00:00:00.0001791" startTime="2016-08-04T09:56:25.0382760+02:00" endTime="2016-08-04T09:56:25.0397772+02:00" testType="13cdc9d9-ddb5-4fa4-a97d-d965ccfc6d4b" outcome="Passed" testListId="8c84fa94-04c1-424b-9868-57a2d4851a1d" relativeResultsDirectory="18775657-87c7-45a8-b726-7464d7b557a2" />
    <UnitTestResult executionId="80fce241-f5ed-4a3e-a783-320e2ece5737" testId="89bae1d2-182a-aaaf-929b-2ea8e5bfd0cc" testName="StripQualifiers_ArrayMarker_IsRetained" computerName="ICSWS068" duration="00:00:00.0002404" startTime="2016-08-04T09:56:25.0434962+02:00" endTime="2016-08-04T09:56:25.0449967+02:00" testType="13cdc9d9-ddb5-4fa4-a97d-d965ccfc6d4b" outcome="Passed" testListId="8c84fa94-04c1-424b-9868-57a2d4851a1d" relativeResultsDirectory="80fce241-f5ed-4a3e-a783-320e2ece5737" />
    <UnitTestResult executionId="ebdcfe02-3e96-427b-bf5a-62c19816551a" testId="1ffdeb0e-4936-c3a9-0eee-cfff8b92be67" testName="StripQualifiers_ArrayMarkerWithRank_IsRetained" computerName="ICSWS068" duration="00:00:00.0001686" startTime="2016-08-04T09:56:25.0479984+02:00" endTime="2016-08-04T09:56:25.0495011+02:00" testType="13cdc9d9-ddb5-4fa4-a97d-d965ccfc6d4b" outcome="Passed" testListId="8c84fa94-04c1-424b-9868-57a2d4851a1d" relativeResultsDirectory="ebdcfe02-3e96-427b-bf5a-62c19816551a" />
    <UnitTestResult executionId="e68464f7-5f16-437e-8e1d-2d5beb2394b3" testId="900a8ff8-8def-d956-05c4-336aae576acc" testName="MakeUniqueName_NameLookupArgIsNull_ThrowsException" computerName="ICSWS068" duration="00:00:00.0008947" startTime="2016-08-04T09:56:25.0515013+02:00" endTime="2016-08-04T09:56:25.0539142+02:00" testType="13cdc9d9-ddb5-4fa4-a97d-d965ccfc6d4b" outcome="Passed" testListId="8c84fa94-04c1-424b-9868-57a2d4851a1d" relativeResultsDirectory="e68464f7-5f16-437e-8e1d-2d5beb2394b3" />
    <UnitTestResult executionId="39196412-1fc5-4db9-bdab-c9c639b6cf2c" testId="f9eb6a29-41fe-13cc-14fb-a0923fe373e1" testName="MakeUniqueName_UniqueNotFound_ThrowsException" computerName="ICSWS068" duration="00:00:00.0087364" startTime="2016-08-04T09:56:25.0569162+02:00" endTime="2016-08-04T09:56:25.0669283+02:00" testType="13cdc9d9-ddb5-4fa4-a97d-d965ccfc6d4b" outcome="Passed" testListId="8c84fa94-04c1-424b-9868-57a2d4851a1d" relativeResultsDirectory="39196412-1fc5-4db9-bdab-c9c639b6cf2c" />
    <UnitTestResult executionId="2019515a-7f97-442f-a080-8155c7ec611b" testId="05878783-8102-d660-7a04-ced8acea693e" testName="MakeUniqueName_UniqueFound_ReturnsCorrectName" computerName="ICSWS068" duration="00:00:00.0053767" startTime="2016-08-04T09:56:25.0699303+02:00" endTime="2016-08-04T09:56:25.0771305+02:00" testType="13cdc9d9-ddb5-4fa4-a97d-d965ccfc6d4b" outcome="Passed" testListId="8c84fa94-04c1-424b-9868-57a2d4851a1d" relativeResultsDirectory="2019515a-7f97-442f-a080-8155c7ec611b" />
    <UnitTestResult executionId="46107bd7-6b4a-4775-8013-63dc5aa42fb1" testId="44979d4b-2471-d254-0f8d-caa1ec267fd0" testName="Serialization_Null_DeserializesToSameValue" computerName="ICSWS068" duration="00:00:00.0008026" startTime="2016-08-04T09:56:25.0796328+02:00" endTime="2016-08-04T09:56:25.0821342+02:00" testType="13cdc9d9-ddb5-4fa4-a97d-d965ccfc6d4b" outcome="Passed" testListId="8c84fa94-04c1-424b-9868-57a2d4851a1d" relativeResultsDirectory="46107bd7-6b4a-4775-8013-63dc5aa42fb1" />
    <UnitTestResult executionId="e484a175-8c3c-4e0b-ab75-48ec236f2b6b" testId="6a63b90b-a040-921c-ba97-b525e5818e24" testName="Serialization_BooleanFalse_DeserializesToSameValue" computerName="ICSWS068" duration="00:00:00.0017627" startTime="2016-08-04T09:56:25.0851377+02:00" endTime="2016-08-04T09:56:25.0886388+02:00" testType="13cdc9d9-ddb5-4fa4-a97d-d965ccfc6d4b" outcome="Passed" testListId="8c84fa94-04c1-424b-9868-57a2d4851a1d" relativeResultsDirectory="e484a175-8c3c-4e0b-ab75-48ec236f2b6b" />
    <UnitTestResult executionId="cbae7994-a087-4173-bb1d-98694620efba" testId="cfc147d9-f709-df56-b268-3abd431102bf" testName="Serialization_BooleanTrue_DeserializesToSameValue" computerName="ICSWS068" duration="00:00:00.0001196" startTime="2016-08-04T09:56:25.0921414+02:00" endTime="2016-08-04T09:56:25.0936425+02:00" testType="13cdc9d9-ddb5-4fa4-a97d-d965ccfc6d4b" outcome="Passed" testListId="8c84fa94-04c1-424b-9868-57a2d4851a1d" relativeResultsDirectory="cbae7994-a087-4173-bb1d-98694620efba" />
    <UnitTestResult executionId="a3abaf19-d2c6-46d2-ae07-b0ad8944f34f" testId="db049efc-3bbd-3766-4c91-5ec1787b9302" testName="Serialization_Byte_DeserializesToSameValue" computerName="ICSWS068" duration="00:00:00.0005284" startTime="2016-08-04T09:56:25.0961448+02:00" endTime="2016-08-04T09:56:25.0986463+02:00" testType="13cdc9d9-ddb5-4fa4-a97d-d965ccfc6d4b" outcome="Passed" testListId="8c84fa94-04c1-424b-9868-57a2d4851a1d" relativeResultsDirectory="a3abaf19-d2c6-46d2-ae07-b0ad8944f34f" />
    <UnitTestResult executionId="30d95146-a70d-444a-ba7e-f0ca605d5e80" testId="6626ada4-7ef1-421d-d4f9-9769f778f0dd" testName="Serialization_Char_DeserializesToSameValue" computerName="ICSWS068" duration="00:00:00.0003480" startTime="2016-08-04T09:56:25.1011480+02:00" endTime="2016-08-04T09:56:25.1016488+02:00" testType="13cdc9d9-ddb5-4fa4-a97d-d965ccfc6d4b" outcome="Passed" testListId="8c84fa94-04c1-424b-9868-57a2d4851a1d" relativeResultsDirectory="30d95146-a70d-444a-ba7e-f0ca605d5e80" />
    <UnitTestResult executionId="57ec66da-4422-4ba0-8acb-70f3b391f118" testId="f50f1677-7614-297e-4c1f-373941bfc756" testName="Serialization_DateTime_DeserializesToSameValue" computerName="ICSWS068" duration="00:00:00.0012539" startTime="2016-08-04T09:56:25.1050722+02:00" endTime="2016-08-04T09:56:25.1075570+02:00" testType="13cdc9d9-ddb5-4fa4-a97d-d965ccfc6d4b" outcome="Passed" testListId="8c84fa94-04c1-424b-9868-57a2d4851a1d" relativeResultsDirectory="57ec66da-4422-4ba0-8acb-70f3b391f118" />
    <UnitTestResult executionId="0fcddf54-a41f-4d15-ab00-25785f544fb5" testId="8fc907a2-2cab-e6ee-5901-a56610c09687" testName="Serialization_DBNull_DeserializesToSameValue" computerName="ICSWS068" duration="00:00:00.0001862" startTime="2016-08-04T09:56:25.1105590+02:00" endTime="2016-08-04T09:56:25.1125633+02:00" testType="13cdc9d9-ddb5-4fa4-a97d-d965ccfc6d4b" outcome="Passed" testListId="8c84fa94-04c1-424b-9868-57a2d4851a1d" relativeResultsDirectory="0fcddf54-a41f-4d15-ab00-25785f544fb5" />
    <UnitTestResult executionId="c45a7840-260a-493b-9705-61da96a4f220" testId="5157bf1b-e6f7-c470-5fc5-bab3ce6975d8" testName="Serialization_Decimal_DeserializesToSameValue" computerName="ICSWS068" duration="00:00:00.0003906" startTime="2016-08-04T09:56:25.1150647+02:00" endTime="2016-08-04T09:56:25.1165671+02:00" testType="13cdc9d9-ddb5-4fa4-a97d-d965ccfc6d4b" outcome="Passed" testListId="8c84fa94-04c1-424b-9868-57a2d4851a1d" relativeResultsDirectory="c45a7840-260a-493b-9705-61da96a4f220" />
    <UnitTestResult executionId="e48431f8-9dff-415f-9f9e-b8f05d7ebc5f" testId="3ca9f372-0d8e-8f28-d9d8-a3fe5b5299b5" testName="Serialization_Double_DeserializesToSameValue" computerName="ICSWS068" duration="00:00:00.0003653" startTime="2016-08-04T09:56:25.1195846+02:00" endTime="2016-08-04T09:56:25.1215699+02:00" testType="13cdc9d9-ddb5-4fa4-a97d-d965ccfc6d4b" outcome="Passed" testListId="8c84fa94-04c1-424b-9868-57a2d4851a1d" relativeResultsDirectory="e48431f8-9dff-415f-9f9e-b8f05d7ebc5f" />
    <UnitTestResult executionId="4869d2b0-a259-41ea-9d5f-131c20b19701" testId="bd8e4503-39aa-59d7-6656-d5c5711532d5" testName="Serialization_Int16_DeserializesToSameValue" computerName="ICSWS068" duration="00:00:00.0004117" startTime="2016-08-04T09:56:25.1245722+02:00" endTime="2016-08-04T09:56:25.1265742+02:00" testType="13cdc9d9-ddb5-4fa4-a97d-d965ccfc6d4b" outcome="Passed" testListId="8c84fa94-04c1-424b-9868-57a2d4851a1d" relativeResultsDirectory="4869d2b0-a259-41ea-9d5f-131c20b19701" />
    <UnitTestResult executionId="5eff6ba1-bff9-4ea8-883f-083f9c9fc7bd" testId="1304f17a-b65f-8908-f740-5299950051bb" testName="Serialization_UInt16_DeserializesToSameValue" computerName="ICSWS068" duration="00:00:00.0003853" startTime="2016-08-04T09:56:25.1290806+02:00" endTime="2016-08-04T09:56:25.1310768+02:00" testType="13cdc9d9-ddb5-4fa4-a97d-d965ccfc6d4b" outcome="Passed" testListId="8c84fa94-04c1-424b-9868-57a2d4851a1d" relativeResultsDirectory="5eff6ba1-bff9-4ea8-883f-083f9c9fc7bd" />
    <UnitTestResult executionId="0f506be8-17b0-4138-921e-4c2b483512a0" testId="4f78627f-20ff-4f62-5f9d-870b755f79b0" testName="Serialization_Int32_DeserializesToSameValue" computerName="ICSWS068" duration="00:00:00.0003665" startTime="2016-08-04T09:56:25.1330829+02:00" endTime="2016-08-04T09:56:25.1350846+02:00" testType="13cdc9d9-ddb5-4fa4-a97d-d965ccfc6d4b" outcome="Passed" testListId="8c84fa94-04c1-424b-9868-57a2d4851a1d" relativeResultsDirectory="0f506be8-17b0-4138-921e-4c2b483512a0" />
    <UnitTestResult executionId="f57f5eae-23ea-4ed5-ba0a-8aed8dfa1844" testId="00c5eac8-fd4e-50bb-8768-892170197d75" testName="Serialization_UInt32_DeserializesToSameValue" computerName="ICSWS068" duration="00:00:00.0004835" startTime="2016-08-04T09:56:25.1375849+02:00" endTime="2016-08-04T09:56:25.1390863+02:00" testType="13cdc9d9-ddb5-4fa4-a97d-d965ccfc6d4b" outcome="Passed" testListId="8c84fa94-04c1-424b-9868-57a2d4851a1d" relativeResultsDirectory="f57f5eae-23ea-4ed5-ba0a-8aed8dfa1844" />
    <UnitTestResult executionId="746bb1f7-725a-412d-a28e-c46a8798bccb" testId="7b735525-31e7-4b26-70c3-a1a7cfc7cbf8" testName="Serialization_Int64_DeserializesToSameValue" computerName="ICSWS068" duration="00:00:00.0003656" startTime="2016-08-04T09:56:25.1420877+02:00" endTime="2016-08-04T09:56:25.1440909+02:00" testType="13cdc9d9-ddb5-4fa4-a97d-d965ccfc6d4b" outcome="Passed" testListId="8c84fa94-04c1-424b-9868-57a2d4851a1d" relativeResultsDirectory="746bb1f7-725a-412d-a28e-c46a8798bccb" />
    <UnitTestResult executionId="5a82c57b-dc30-4a06-9028-5c5dc76ac069" testId="2d4a9533-ede5-5bc4-f531-5a56127c13bc" testName="Serialization_UInt64_DeserializesToSameValue" computerName="ICSWS068" duration="00:00:00.0003431" startTime="2016-08-04T09:56:25.1465912+02:00" endTime="2016-08-04T09:56:25.1480929+02:00" testType="13cdc9d9-ddb5-4fa4-a97d-d965ccfc6d4b" outcome="Passed" testListId="8c84fa94-04c1-424b-9868-57a2d4851a1d" relativeResultsDirectory="5a82c57b-dc30-4a06-9028-5c5dc76ac069" />
    <UnitTestResult executionId="0485da43-f84c-48de-8526-46320ec36d69" testId="f4a195b6-251d-dd6b-2c13-0f1084a9de64" testName="Serialization_SByte_DeserializesToSameValue" computerName="ICSWS068" duration="00:00:00.0003642" startTime="2016-08-04T09:56:25.1505941+02:00" endTime="2016-08-04T09:56:25.1520958+02:00" testType="13cdc9d9-ddb5-4fa4-a97d-d965ccfc6d4b" outcome="Passed" testListId="8c84fa94-04c1-424b-9868-57a2d4851a1d" relativeResultsDirectory="0485da43-f84c-48de-8526-46320ec36d69" />
    <UnitTestResult executionId="8259dd29-480c-44ca-9ad3-d0aac8e080ad" testId="0a4e9a9d-ae7a-abff-fdf0-c10a254d347d" testName="Serialization_Single_DeserializesToSameValue" computerName="ICSWS068" duration="00:00:00.0003410" startTime="2016-08-04T09:56:25.1550987+02:00" endTime="2016-08-04T09:56:25.1566159+02:00" testType="13cdc9d9-ddb5-4fa4-a97d-d965ccfc6d4b" outcome="Passed" testListId="8c84fa94-04c1-424b-9868-57a2d4851a1d" relativeResultsDirectory="8259dd29-480c-44ca-9ad3-d0aac8e080ad" />
    <UnitTestResult executionId="3dd6a628-7bd5-47fa-8b67-58413bc3eb34" testId="1e0532f1-b147-845c-3f9b-9726620190fe" testName="Serialization_String_DeserializesToSameValue" computerName="ICSWS068" duration="00:00:00.0001894" startTime="2016-08-04T09:56:25.1596012+02:00" endTime="2016-08-04T09:56:25.1606015+02:00" testType="13cdc9d9-ddb5-4fa4-a97d-d965ccfc6d4b" outcome="Passed" testListId="8c84fa94-04c1-424b-9868-57a2d4851a1d" relativeResultsDirectory="3dd6a628-7bd5-47fa-8b67-58413bc3eb34" />
    <UnitTestResult executionId="a2a59a44-80b3-4c32-a6a5-cab296e3a93f" testId="ace16d98-ec4f-d4bf-0d01-7a1d8fce5ba9" testName="Serialization_TimeSpan_DeserializesToSameValue" computerName="ICSWS068" duration="00:00:00.0003906" startTime="2016-08-04T09:56:25.1640193+02:00" endTime="2016-08-04T09:56:25.1655202+02:00" testType="13cdc9d9-ddb5-4fa4-a97d-d965ccfc6d4b" outcome="Passed" testListId="8c84fa94-04c1-424b-9868-57a2d4851a1d" relativeResultsDirectory="a2a59a44-80b3-4c32-a6a5-cab296e3a93f" />
    <UnitTestResult executionId="62da41d2-2e22-4d83-9b1d-34ef9defa351" testId="da9fa0d5-7340-c61d-0e4d-586551e60097" testName="Serialization_ComplexSerializableType_DeserializesToSameValue" computerName="ICSWS068" duration="00:00:00.0007879" startTime="2016-08-04T09:56:25.1685225+02:00" endTime="2016-08-04T09:56:25.1705239+02:00" testType="13cdc9d9-ddb5-4fa4-a97d-d965ccfc6d4b" outcome="Passed" testListId="8c84fa94-04c1-424b-9868-57a2d4851a1d" relativeResultsDirectory="62da41d2-2e22-4d83-9b1d-34ef9defa351" />
    <UnitTestResult executionId="276226db-4280-4e20-a727-92aedf7bfabf" testId="4e78dfe5-a46f-c013-2165-2d3238ae5d4a" testName="Serialization_ComplexISerializableType_DeserializesToSameValue" computerName="ICSWS068" duration="00:00:00.0010149" startTime="2016-08-04T09:56:25.1730256+02:00" endTime="2016-08-04T09:56:25.1750271+02:00" testType="13cdc9d9-ddb5-4fa4-a97d-d965ccfc6d4b" outcome="Passed" testListId="8c84fa94-04c1-424b-9868-57a2d4851a1d" relativeResultsDirectory="276226db-4280-4e20-a727-92aedf7bfabf" />
    <UnitTestResult executionId="68d01fb2-7872-43c0-add6-9ba55db6e7e6" testId="71ee697d-89f9-be7c-c670-b238212d19b7" testName="Serialization_ComplexISerializableType_DeserializationConstructorCalled" computerName="ICSWS068" duration="00:00:00.0002392" startTime="2016-08-04T09:56:25.1780305+02:00" endTime="2016-08-04T09:56:25.1890374+02:00" testType="13cdc9d9-ddb5-4fa4-a97d-d965ccfc6d4b" outcome="Passed" testListId="8c84fa94-04c1-424b-9868-57a2d4851a1d" relativeResultsDirectory="68d01fb2-7872-43c0-add6-9ba55db6e7e6" />
    <UnitTestResult executionId="73f3aea1-04f9-4531-98cc-7083c42da848" testId="d62d5d57-cfeb-4f05-6460-e3d4576ed9dc" testName="Serialization_NonSerializableType_ThrowsException" computerName="ICSWS068" duration="00:00:00.0006149" startTime="2016-08-04T09:56:25.1920394+02:00" endTime="2016-08-04T09:56:25.1945581+02:00" testType="13cdc9d9-ddb5-4fa4-a97d-d965ccfc6d4b" outcome="Passed" testListId="8c84fa94-04c1-424b-9868-57a2d4851a1d" relativeResultsDirectory="73f3aea1-04f9-4531-98cc-7083c42da848" />
    <UnitTestResult executionId="25be4228-fec1-40a8-9b96-c82edd10fcd1" testId="808fbbd0-3248-e256-15e6-e36a694b99bb" testName="Validate_AddNoAuthAttribute_ReturnsNull" computerName="ICSWS068" duration="00:00:00.0015911" startTime="2016-08-04T09:56:25.1980446+02:00" endTime="2016-08-04T09:56:25.2010469+02:00" testType="13cdc9d9-ddb5-4fa4-a97d-d965ccfc6d4b" outcome="Passed" testListId="8c84fa94-04c1-424b-9868-57a2d4851a1d" relativeResultsDirectory="25be4228-fec1-40a8-9b96-c82edd10fcd1" />
    <UnitTestResult executionId="b023e8e1-8109-4cd1-bef8-4567d4374c5f" testId="97717211-87cd-83f4-b392-3d3371f42fe5" testName="Validate_DeleteNoAuthAttribute_ReturnNull" computerName="ICSWS068" duration="00:00:00.0001844" startTime="2016-08-04T09:56:25.2035474+02:00" endTime="2016-08-04T09:56:25.2050656+02:00" testType="13cdc9d9-ddb5-4fa4-a97d-d965ccfc6d4b" outcome="Passed" testListId="8c84fa94-04c1-424b-9868-57a2d4851a1d" relativeResultsDirectory="b023e8e1-8109-4cd1-bef8-4567d4374c5f" />
    <UnitTestResult executionId="3dcfb2f7-e2f5-4cbb-9a86-ef7bed48efac" testId="91efd5b1-95ce-ae0c-604d-099b9ebcdba3" testName="Validate_UpdateNoAuthAttribute_Throws" computerName="ICSWS068" duration="00:00:00.0011650" startTime="2016-08-04T09:56:25.2075506+02:00" endTime="2016-08-04T09:56:25.2105543+02:00" testType="13cdc9d9-ddb5-4fa4-a97d-d965ccfc6d4b" outcome="Passed" testListId="8c84fa94-04c1-424b-9868-57a2d4851a1d" relativeResultsDirectory="3dcfb2f7-e2f5-4cbb-9a86-ef7bed48efac" />
    <UnitTestResult executionId="c7a38f25-0725-455f-8031-9cd8df6d702d" testId="653c1d44-527e-61cf-dd8b-e42c3e42452b" testName="Validate_UpdateReadOnlyProperty_ReturnsNull" computerName="ICSWS068" duration="00:00:00.0006979" startTime="2016-08-04T09:56:25.2141038+02:00" endTime="2016-08-04T09:56:25.2161050+02:00" testType="13cdc9d9-ddb5-4fa4-a97d-d965ccfc6d4b" outcome="Passed" testListId="8c84fa94-04c1-424b-9868-57a2d4851a1d" relativeResultsDirectory="c7a38f25-0725-455f-8031-9cd8df6d702d" />
    <UnitTestResult executionId="dfacdba1-00e2-4856-8336-0606e8cf877c" testId="7c9cf2c5-73bf-652d-dfc8-2ae2f245b7a5" testName="CanExcuteDelete_NoEntries_ReturnsTrue" computerName="ICSWS068" duration="00:00:00.0020008" startTime="2016-08-04T09:56:25.2191078+02:00" endTime="2016-08-04T09:56:25.2227107+02:00" testType="13cdc9d9-ddb5-4fa4-a97d-d965ccfc6d4b" outcome="Passed" testListId="8c84fa94-04c1-424b-9868-57a2d4851a1d" relativeResultsDirectory="dfacdba1-00e2-4856-8336-0606e8cf877c" />
    <UnitTestResult executionId="286cbffb-e04d-40ca-bedc-f6db56bda8f9" testId="aae69a07-714b-e9be-14fc-c3773738ea2b" testName="CanExcuteDelete_OneEntryThatIsNotCurrentMachine_ReturnsTrue" computerName="ICSWS068" duration="00:00:00.0014269" startTime="2016-08-04T09:56:25.2257157+02:00" endTime="2016-08-04T09:56:25.2287341+02:00" testType="13cdc9d9-ddb5-4fa4-a97d-d965ccfc6d4b" outcome="Passed" testListId="8c84fa94-04c1-424b-9868-57a2d4851a1d" relativeResultsDirectory="286cbffb-e04d-40ca-bedc-f6db56bda8f9" />
    <UnitTestResult executionId="d2c184c2-0ea1-4536-9e52-953432f882d1" testId="a82dfaff-6397-e6d1-b673-9c2350224071" testName="CanExcuteDelete_OneEntryThatIsCurrentMachine_ReturnsFalse" computerName="ICSWS068" duration="00:00:00.0007589" startTime="2016-08-04T09:56:25.2312185+02:00" endTime="2016-08-04T09:56:25.2332064+02:00" testType="13cdc9d9-ddb5-4fa4-a97d-d965ccfc6d4b" outcome="Passed" testListId="8c84fa94-04c1-424b-9868-57a2d4851a1d" relativeResultsDirectory="d2c184c2-0ea1-4536-9e52-953432f882d1" />
    <UnitTestResult executionId="c79056bd-bfea-470e-8f07-fe7804019117" testId="70cc2361-77a2-8bf8-2ed4-be9b724ccfd5" testName="CanExcuteDelete_MutipleEntriesNoneIsCurrentMachine_ReturnsTrue" computerName="ICSWS068" duration="00:00:00.0018480" startTime="2016-08-04T09:56:25.2367084+02:00" endTime="2016-08-04T09:56:25.2397283+02:00" testType="13cdc9d9-ddb5-4fa4-a97d-d965ccfc6d4b" outcome="Passed" testListId="8c84fa94-04c1-424b-9868-57a2d4851a1d" relativeResultsDirectory="c79056bd-bfea-470e-8f07-fe7804019117" />
    <UnitTestResult executionId="d47dc49f-b4db-4e90-8f9a-aff9405a8e87" testId="7380aa32-eccf-3c86-892c-897464087fc9" testName="CanExcuteDelete_MutipleEntriesIncludesCurrentMachine_ReturnsFalse" computerName="ICSWS068" duration="00:00:00.0017970" startTime="2016-08-04T09:56:25.2422127+02:00" endTime="2016-08-04T09:56:25.2457314+02:00" testType="13cdc9d9-ddb5-4fa4-a97d-d965ccfc6d4b" outcome="Passed" testListId="8c84fa94-04c1-424b-9868-57a2d4851a1d" relativeResultsDirectory="d47dc49f-b4db-4e90-8f9a-aff9405a8e87" />
    <UnitTestResult executionId="413a0f28-98e0-4a1e-aa5f-9b9b09e79b10" testId="630234f0-7ae9-668d-c909-79933d237063" testName="Initialize_InvokedBeforeIntervalAndDateHasTicks_EventsAreRaisedAtExpectedMoments" computerName="ICSWS068" duration="00:00:00.0543201" startTime="2016-08-04T09:56:25.2482170+02:00" endTime="2016-08-04T09:56:25.3043079+02:00" testType="13cdc9d9-ddb5-4fa4-a97d-d965ccfc6d4b" outcome="Passed" testListId="8c84fa94-04c1-424b-9868-57a2d4851a1d" relativeResultsDirectory="413a0f28-98e0-4a1e-aa5f-9b9b09e79b10">
      <Output>
        <StdOut>Debug Trace:
Timer.Change: 54999, dueTime: 2011-01-01 21:59:54
QTAgent32_40.exe Information: 0 : 2016-08-04 09:56:25 TimeValidity timer elapsed
QTAgent32_40.exe Information: 0 : 2016-08-04 09:56:25 Timer stopped.
Timer.Change: 1, dueTime: 2011-01-01 21:59:55
QTAgent32_40.exe Information: 0 : 2016-08-04 09:56:25 TimeValidity timer elapsed
QTAgent32_40.exe Information: 0 : 2016-08-04 09:56:25 Timer stopped.
Timer.Change: 900000, dueTime: 2011-01-01 22:14:55
QTAgent32_40.exe Information: 0 : 2016-08-04 09:56:25 TimeValidity timer elapsed
QTAgent32_40.exe Information: 0 : 2016-08-04 09:56:25 Timer stopped.
Timer.Change: 900000, dueTime: 2011-01-01 22:29:55
QTAgent32_40.exe Information: 0 : 2016-08-04 09:56:25 TimeValidity timer elapsed
QTAgent32_40.exe Information: 0 : 2016-08-04 09:56:25 Timer stopped.
Timer.Change: 900000, dueTime: 2011-01-01 22:44:55
QTAgent32_40.exe Information: 0 : 2016-08-04 09:56:25 TimeValidity timer elapsed
QTAgent32_40.exe Information: 0 : 2016-08-04 09:56:25 Timer stopped.
Timer.Change: 900000, dueTime: 2011-01-01 22:59:55
QTAgent32_40.exe Information: 0 : 2016-08-04 09:56:25 TimeValidity timer elapsed
QTAgent32_40.exe Information: 0 : 2016-08-04 09:56:25 Timer stopped.
Timer.Change: 900000, dueTime: 2011-01-01 23:14:55
QTAgent32_40.exe Information: 0 : 2016-08-04 09:56:25 TimeValidity timer elapsed
QTAgent32_40.exe Information: 0 : 2016-08-04 09:56:25 Timer stopped.
Timer.Change: 900000, dueTime: 2011-01-01 23:29:55
QTAgent32_40.exe Information: 0 : 2016-08-04 09:56:25 TimeValidity timer elapsed
QTAgent32_40.exe Information: 0 : 2016-08-04 09:56:25 Timer stopped.
Timer.Change: 900000, dueTime: 2011-01-01 23:44:55
QTAgent32_40.exe Information: 0 : 2016-08-04 09:56:25 TimeValidity timer elapsed
QTAgent32_40.exe Information: 0 : 2016-08-04 09:56:25 Timer stopped.
Timer.Change: 900000, dueTime: 2011-01-01 23:59:55
QTAgent32_40.exe Information: 0 : 2016-08-04 09:56:25 TimeValidity timer elapsed
QTAgent32_40.exe Information: 0 : 2016-08-04 09:56:25 Timer stopped.
Timer.Change: 900000, dueTime: 2011-01-02 00:14:55
QTAgent32_40.exe Information: 0 : 2016-08-04 09:56:25 TimeValidity timer elapsed
QTAgent32_40.exe Information: 0 : 2016-08-04 09:56:25 Timer stopped.
Timer.Change: 900000, dueTime: 2011-01-02 00:29:55
QTAgent32_40.exe Information: 0 : 2016-08-04 09:56:25 TimeValidity timer elapsed
QTAgent32_40.exe Information: 0 : 2016-08-04 09:56:25 Timer stopped.
Timer.Change: 900000, dueTime: 2011-01-02 00:44:55
QTAgent32_40.exe Information: 0 : 2016-08-04 09:56:25 TimeValidity timer elapsed
QTAgent32_40.exe Information: 0 : 2016-08-04 09:56:25 Timer stopped.
Timer.Change: 900000, dueTime: 2011-01-02 00:59:55
QTAgent32_40.exe Information: 0 : 2016-08-04 09:56:25 TimeValidity timer elapsed
QTAgent32_40.exe Information: 0 : 2016-08-04 09:56:25 Timer stopped.
Timer.Change: 900000, dueTime: 2011-01-02 01:14:55
QTAgent32_40.exe Information: 0 : 2016-08-04 09:56:25 TimeValidity timer elapsed
QTAgent32_40.exe Information: 0 : 2016-08-04 09:56:25 Timer stopped.
Timer.Change: 900000, dueTime: 2011-01-02 01:29:55
QTAgent32_40.exe Information: 0 : 2016-08-04 09:56:25 TimeValidity timer elapsed
QTAgent32_40.exe Information: 0 : 2016-08-04 09:56:25 Timer stopped.
Timer.Change: 900000, dueTime: 2011-01-02 01:44:55
QTAgent32_40.exe Information: 0 : 2016-08-04 09:56:25 TimeValidity timer elapsed
QTAgent32_40.exe Information: 0 : 2016-08-04 09:56:25 Timer stopped.
Timer.Change: 900000, dueTime: 2011-01-02 01:59:55
QTAgent32_40.exe Information: 0 : 2016-08-04 09:56:25 TimeValidity timer elapsed
QTAgent32_40.exe Information: 0 : 2016-08-04 09:56:25 Timer stopped.
Timer.Change: 900000, dueTime: 2011-01-02 02:14:55
QTAgent32_40.exe Information: 0 : 2016-08-04 09:56:25 TimeValidity timer elapsed
QTAgent32_40.exe Information: 0 : 2016-08-04 09:56:25 Timer stopped.
Timer.Change: 900000, dueTime: 2011-01-02 02:29:55
QTAgent32_40.exe Information: 0 : 2016-08-04 09:56:25 TimeValidity timer elapsed
QTAgent32_40.exe Information: 0 : 2016-08-04 09:56:25 Timer stopped.
Timer.Change: 900000, dueTime: 2011-01-02 02:44:55
QTAgent32_40.exe Information: 0 : 2016-08-04 09:56:25 TimeValidity timer elapsed
QTAgent32_40.exe Information: 0 : 2016-08-04 09:56:25 Timer stopped.
Timer.Change: 900000, dueTime: 2011-01-02 02:59:55
QTAgent32_40.exe Information: 0 : 2016-08-04 09:56:25 TimeValidity timer elapsed
QTAgent32_40.exe Information: 0 : 2016-08-04 09:56:25 Timer stopped.
Timer.Change: 900000, dueTime: 2011-01-02 03:14:55
QTAgent32_40.exe Information: 0 : 2016-08-04 09:56:25 TimeValidity timer elapsed
QTAgent32_40.exe Information: 0 : 2016-08-04 09:56:25 Timer stopped.
Timer.Change: 900000, dueTime: 2011-01-02 03:29:55
QTAgent32_40.exe Information: 0 : 2016-08-04 09:56:25 TimeValidity timer elapsed
QTAgent32_40.exe Information: 0 : 2016-08-04 09:56:25 Timer stopped.
Timer.Change: 900000, dueTime: 2011-01-02 03:44:55
QTAgent32_40.exe Information: 0 : 2016-08-04 09:56:25 TimeValidity timer elapsed
QTAgent32_40.exe Information: 0 : 2016-08-04 09:56:25 Timer stopped.
Timer.Change: 900000, dueTime: 2011-01-02 03:59:55
QTAgent32_40.exe Information: 0 : 2016-08-04 09:56:25 TimeValidity timer elapsed
QTAgent32_40.exe Information: 0 : 2016-08-04 09:56:25 Timer stopped.
Timer.Change: 900000, dueTime: 2011-01-02 04:14:55
QTAgent32_40.exe Information: 0 : 2016-08-04 09:56:25 TimeValidity timer elapsed
QTAgent32_40.exe Information: 0 : 2016-08-04 09:56:25 Timer stopped.
Timer.Change: 900000, dueTime: 2011-01-02 04:29:55
QTAgent32_40.exe Information: 0 : 2016-08-04 09:56:25 TimeValidity timer elapsed
QTAgent32_40.exe Information: 0 : 2016-08-04 09:56:25 Timer stopped.
Timer.Change: 900000, dueTime: 2011-01-02 04:44:55
QTAgent32_40.exe Information: 0 : 2016-08-04 09:56:25 TimeValidity timer elapsed
QTAgent32_40.exe Information: 0 : 2016-08-04 09:56:25 Timer stopped.
Timer.Change: 905000, dueTime: 2011-01-02 05:00:00
QTAgent32_40.exe Information: 0 : 2016-08-04 09:56:25 TimeValidity timer elapsed
QTAgent32_40.exe Information: 0 : 2016-08-04 09:56:25 Timer stopped.
QTAgent32_40.exe Information: 0 : 2016-08-04 09:56:25 Workflow started
QTAgent32_40.exe Information: 0 : 2016-08-04 09:56:25 Timer started, next event (Activate) is at 2011-01-02 05:00:00, timer due in 905000 millisec
QTAgent32_40.exe Information: 0 : 2016-08-04 09:56:25 Timer started, next event (Activate) is at 2011-01-02 05:00:00, timer due in 900000 millisec
QTAgent32_40.exe Information: 0 : 2016-08-04 09:56:25 Timer started, next event (Activate) is at 2011-01-02 05:00:00, timer due in 900000 millisec
QTAgent32_40.exe Information: 0 : 2016-08-04 09:56:25 Timer started, next event (Activate) is at 2011-01-02 05:00:00, timer due in 900000 millisec
QTAgent32_40.exe Information: 0 : 2016-08-04 09:56:25 Timer started, next event (Activate) is at 2011-01-02 05:00:00, timer due in 900000 millisec
QTAgent32_40.exe Information: 0 : 2016-08-04 09:56:25 Timer started, next event (Activate) is at 2011-01-02 05:00:00, timer due in 900000 millisec
QTAgent32_40.exe Information: 0 : 2016-08-04 09:56:25 Timer started, next event (Activate) is at 2011-01-02 05:00:00, timer due in 900000 millisec
QTAgent32_40.exe Information: 0 : 2016-08-04 09:56:25 Timer started, next event (Activate) is at 2011-01-02 05:00:00, timer due in 900000 millisec
QTAgent32_40.exe Information: 0 : 2016-08-04 09:56:25 Timer started, next event (Activate) is at 2011-01-02 05:00:00, timer due in 900000 millisec
QTAgent32_40.exe Information: 0 : 2016-08-04 09:56:25 Timer started, next event (Activate) is at 2011-01-02 05:00:00, timer due in 900000 millisec
QTAgent32_40.exe Information: 0 : 2016-08-04 09:56:25 Timer started, next event (Activate) is at 2011-01-02 05:00:00, timer due in 900000 millisec
QTAgent32_40.exe Information: 0 : 2016-08-04 09:56:25 Timer started, next event (Activate) is at 2011-01-02 05:00:00, timer due in 900000 millisec
QTAgent32_40.exe Information: 0 : 2016-08-04 09:56:25 Timer started, next event (Activate) is at 2011-01-02 05:00:00, timer due in 900000 millisec
QTAgent32_40.exe Information: 0 : 2016-08-04 09:56:25 Timer started, next event (Activate) is at 2011-01-02 05:00:00, timer due in 900000 millisec
QTAgent32_40.exe Information: 0 : 2016-08-04 09:56:25 Timer started, next event (Activate) is at 2011-01-02 05:00:00, timer due in 900000 millisec
QTAgent32_40.exe Information: 0 : 2016-08-04 09:56:25 Timer started, next event (Activate) is at 2011-01-02 05:00:00, timer due in 900000 millisec
QTAgent32_40.exe Information: 0 : 2016-08-04 09:56:25 Timer started, next event (Activate) is at 2011-01-02 05:00:00, timer due in 900000 millisec
QTAgent32_40.exe Information: 0 : 2016-08-04 09:56:25 Timer started, next event (Activate) is at 2011-01-02 05:00:00, timer due in 900000 millisec
QTAgent32_40.exe Information: 0 : 2016-08-04 09:56:25 Timer started, next event (Activate) is at 2011-01-02 05:00:00, timer due in 900000 millisec
QTAgent32_40.exe Information: 0 : 2016-08-04 09:56:25 Timer started, next event (Activate) is at 2011-01-02 05:00:00, timer due in 900000 millisec
QTAgent32_40.exe Information: 0 : 2016-08-04 09:56:25 Timer started, next event (Activate) is at 2011-01-02 05:00:00, timer due in 900000 millisec
QTAgent32_40.exe Information: 0 : 2016-08-04 09:56:25 Timer started, next event (Activate) is at 2011-01-02 05:00:00, timer due in 900000 millisec
QTAgent32_40.exe Information: 0 : 2016-08-04 09:56:25 Timer started, next event (Activate) is at 2011-01-02 05:00:00, timer due in 900000 millisec
QTAgent32_40.exe Information: 0 : 2016-08-04 09:56:25 Timer started, next event (Activate) is at 2011-01-02 05:00:00, timer due in 900000 millisec
QTAgent32_40.exe Information: 0 : 2016-08-04 09:56:25 Timer started, next event (Activate) is at 2011-01-02 05:00:00, timer due in 900000 millisec
QTAgent32_40.exe Information: 0 : 2016-08-04 09:56:25 Timer started, next event (Activate) is at 2011-01-02 05:00:00, timer due in 900000 millisec
QTAgent32_40.exe Information: 0 : 2016-08-04 09:56:25 Timer started, next event (Activate) is at 2011-01-02 05:00:00, timer due in 900000 millisec
QTAgent32_40.exe Information: 0 : 2016-08-04 09:56:25 Timer started, next event (Activate) is at 2011-01-02 05:00:00, timer due in 900000 millisec
QTAgent32_40.exe Information: 0 : 2016-08-04 09:56:25 Workflow stopped
QTAgent32_40.exe Information: 0 : 2016-08-04 09:56:25 Timer started, next event (Deactivate) is at 2011-01-01 21:59:55, timer due in 1 millisec
QTAgent32_40.exe Information: 0 : 2016-08-04 09:56:25 Timer started, next event (Deactivate) is at 2011-01-01 21:59:55, timer due in 54999 millisec
QTAgent32_40.exe Information: 0 : 2016-08-04 09:56:25 Workflow started</StdOut>
      </Output>
    </UnitTestResult>
    <UnitTestResult executionId="ff06a30d-3d5b-4ddf-88dd-ec3f578e49a8" testId="3b368a1a-ddd2-3955-9b01-f18b51a5d979" testName="Initialize_InvokedBeforeIntervalIn_EventsAreRaisedAtExpectedMoments" computerName="ICSWS068" duration="00:00:00.0061872" startTime="2016-08-04T09:56:25.3078099+02:00" endTime="2016-08-04T09:56:25.3158159+02:00" testType="13cdc9d9-ddb5-4fa4-a97d-d965ccfc6d4b" outcome="Passed" testListId="8c84fa94-04c1-424b-9868-57a2d4851a1d" relativeResultsDirectory="ff06a30d-3d5b-4ddf-88dd-ec3f578e49a8">
      <Output>
        <StdOut>Debug Trace:
Timer.Change: 900000, dueTime: 2012-01-01 00:15:01
QTAgent32_40.exe Information: 0 : 2016-08-04 09:56:25 TimeValidity timer elapsed
QTAgent32_40.exe Information: 0 : 2016-08-04 09:56:25 Timer stopped.
Timer.Change: 900000, dueTime: 2012-01-01 00:30:01
QTAgent32_40.exe Information: 0 : 2016-08-04 09:56:25 TimeValidity timer elapsed
QTAgent32_40.exe Information: 0 : 2016-08-04 09:56:25 Timer stopped.
Timer.Change: 900000, dueTime: 2012-01-01 00:45:01
QTAgent32_40.exe Information: 0 : 2016-08-04 09:56:25 TimeValidity timer elapsed
QTAgent32_40.exe Information: 0 : 2016-08-04 09:56:25 Timer stopped.
Timer.Change: 954000, dueTime: 2012-01-01 01:00:55
QTAgent32_40.exe Information: 0 : 2016-08-04 09:56:25 TimeValidity timer elapsed
QTAgent32_40.exe Information: 0 : 2016-08-04 09:56:25 Timer stopped.
Timer.Change: 65000, dueTime: 2012-01-01 01:02:00
QTAgent32_40.exe Information: 0 : 2016-08-04 09:56:25 TimeValidity timer elapsed
QTAgent32_40.exe Information: 0 : 2016-08-04 09:56:25 Timer stopped.
QTAgent32_40.exe Information: 0 : 2016-08-04 09:56:25 Workflow started
QTAgent32_40.exe Information: 0 : 2016-08-04 09:56:25 Timer started, next event (Activate) is at 2012-01-01 01:02:00, timer due in 65000 millisec
QTAgent32_40.exe Information: 0 : 2016-08-04 09:56:25 Workflow stopped
QTAgent32_40.exe Information: 0 : 2016-08-04 09:56:25 Timer started, next event (Deactivate) is at 2012-01-01 01:00:55, timer due in 954000 millisec
QTAgent32_40.exe Information: 0 : 2016-08-04 09:56:25 Timer started, next event (Deactivate) is at 2012-01-01 01:00:55, timer due in 900000 millisec
QTAgent32_40.exe Information: 0 : 2016-08-04 09:56:25 Timer started, next event (Deactivate) is at 2012-01-01 01:00:55, timer due in 900000 millisec
QTAgent32_40.exe Information: 0 : 2016-08-04 09:56:25 Timer started, next event (Deactivate) is at 2012-01-01 01:00:55, timer due in 900000 millisec
QTAgent32_40.exe Information: 0 : 2016-08-04 09:56:25 Workflow started</StdOut>
      </Output>
    </UnitTestResult>
    <UnitTestResult executionId="937b795d-28e1-403c-bea0-17cd854229c3" testId="1a1b63bc-5400-554b-84c1-17a4e7c933f8" testName="Initialize_InvokedInInterval_EventsAreRaisedAtExpectedMoments" computerName="ICSWS068" duration="00:00:00.0608985" startTime="2016-08-04T09:56:25.3183179+02:00" endTime="2016-08-04T09:56:25.3803620+02:00" testType="13cdc9d9-ddb5-4fa4-a97d-d965ccfc6d4b" outcome="Passed" testListId="8c84fa94-04c1-424b-9868-57a2d4851a1d" relativeResultsDirectory="937b795d-28e1-403c-bea0-17cd854229c3">
      <Output>
        <StdOut>Debug Trace:
Timer.Change: 900000, dueTime: 2011-01-01 22:16:00
QTAgent32_40.exe Information: 0 : 2016-08-04 09:56:25 TimeValidity timer elapsed
QTAgent32_40.exe Information: 0 : 2016-08-04 09:56:25 Timer stopped.
Timer.Change: 900000, dueTime: 2011-01-01 22:31:00
QTAgent32_40.exe Information: 0 : 2016-08-04 09:56:25 TimeValidity timer elapsed
QTAgent32_40.exe Information: 0 : 2016-08-04 09:56:25 Timer stopped.
Timer.Change: 900000, dueTime: 2011-01-01 22:46:00
QTAgent32_40.exe Information: 0 : 2016-08-04 09:56:25 TimeValidity timer elapsed
QTAgent32_40.exe Information: 0 : 2016-08-04 09:56:25 Timer stopped.
Timer.Change: 900000, dueTime: 2011-01-01 23:01:00
QTAgent32_40.exe Information: 0 : 2016-08-04 09:56:25 TimeValidity timer elapsed
QTAgent32_40.exe Information: 0 : 2016-08-04 09:56:25 Timer stopped.
Timer.Change: 900000, dueTime: 2011-01-01 23:16:00
QTAgent32_40.exe Information: 0 : 2016-08-04 09:56:25 TimeValidity timer elapsed
QTAgent32_40.exe Information: 0 : 2016-08-04 09:56:25 Timer stopped.
Timer.Change: 900000, dueTime: 2011-01-01 23:31:00
QTAgent32_40.exe Information: 0 : 2016-08-04 09:56:25 TimeValidity timer elapsed
QTAgent32_40.exe Information: 0 : 2016-08-04 09:56:25 Timer stopped.
Timer.Change: 900000, dueTime: 2011-01-01 23:46:00
QTAgent32_40.exe Information: 0 : 2016-08-04 09:56:25 TimeValidity timer elapsed
QTAgent32_40.exe Information: 0 : 2016-08-04 09:56:25 Timer stopped.
Timer.Change: 900000, dueTime: 2011-01-02 00:01:00
QTAgent32_40.exe Information: 0 : 2016-08-04 09:56:25 TimeValidity timer elapsed
QTAgent32_40.exe Information: 0 : 2016-08-04 09:56:25 Timer stopped.
Timer.Change: 900000, dueTime: 2011-01-02 00:16:00
QTAgent32_40.exe Information: 0 : 2016-08-04 09:56:25 TimeValidity timer elapsed
QTAgent32_40.exe Information: 0 : 2016-08-04 09:56:25 Timer stopped.
Timer.Change: 900000, dueTime: 2011-01-02 00:31:00
QTAgent32_40.exe Information: 0 : 2016-08-04 09:56:25 TimeValidity timer elapsed
QTAgent32_40.exe Information: 0 : 2016-08-04 09:56:25 Timer stopped.
Timer.Change: 900000, dueTime: 2011-01-02 00:46:00
QTAgent32_40.exe Information: 0 : 2016-08-04 09:56:25 TimeValidity timer elapsed
QTAgent32_40.exe Information: 0 : 2016-08-04 09:56:25 Timer stopped.
Timer.Change: 900000, dueTime: 2011-01-02 01:01:00
QTAgent32_40.exe Information: 0 : 2016-08-04 09:56:25 TimeValidity timer elapsed
QTAgent32_40.exe Information: 0 : 2016-08-04 09:56:25 Timer stopped.
Timer.Change: 900000, dueTime: 2011-01-02 01:16:00
QTAgent32_40.exe Information: 0 : 2016-08-04 09:56:25 TimeValidity timer elapsed
QTAgent32_40.exe Information: 0 : 2016-08-04 09:56:25 Timer stopped.
Timer.Change: 900000, dueTime: 2011-01-02 01:31:00
QTAgent32_40.exe Information: 0 : 2016-08-04 09:56:25 TimeValidity timer elapsed
QTAgent32_40.exe Information: 0 : 2016-08-04 09:56:25 Timer stopped.
Timer.Change: 900000, dueTime: 2011-01-02 01:46:00
QTAgent32_40.exe Information: 0 : 2016-08-04 09:56:25 TimeValidity timer elapsed
QTAgent32_40.exe Information: 0 : 2016-08-04 09:56:25 Timer stopped.
Timer.Change: 900000, dueTime: 2011-01-02 02:01:00
QTAgent32_40.exe Information: 0 : 2016-08-04 09:56:25 TimeValidity timer elapsed
QTAgent32_40.exe Information: 0 : 2016-08-04 09:56:25 Timer stopped.
Timer.Change: 900000, dueTime: 2011-01-02 02:16:00
QTAgent32_40.exe Information: 0 : 2016-08-04 09:56:25 TimeValidity timer elapsed
QTAgent32_40.exe Information: 0 : 2016-08-04 09:56:25 Timer stopped.
Timer.Change: 900000, dueTime: 2011-01-02 02:31:00
QTAgent32_40.exe Information: 0 : 2016-08-04 09:56:25 TimeValidity timer elapsed
QTAgent32_40.exe Information: 0 : 2016-08-04 09:56:25 Timer stopped.
Timer.Change: 900000, dueTime: 2011-01-02 02:46:00
QTAgent32_40.exe Information: 0 : 2016-08-04 09:56:25 TimeValidity timer elapsed
QTAgent32_40.exe Information: 0 : 2016-08-04 09:56:25 Timer stopped.
Timer.Change: 900000, dueTime: 2011-01-02 03:01:00
QTAgent32_40.exe Information: 0 : 2016-08-04 09:56:25 TimeValidity timer elapsed
QTAgent32_40.exe Information: 0 : 2016-08-04 09:56:25 Timer stopped.
Timer.Change: 900000, dueTime: 2011-01-02 03:16:00
QTAgent32_40.exe Information: 0 : 2016-08-04 09:56:25 TimeValidity timer elapsed
QTAgent32_40.exe Information: 0 : 2016-08-04 09:56:25 Timer stopped.
Timer.Change: 900000, dueTime: 2011-01-02 03:31:00
QTAgent32_40.exe Information: 0 : 2016-08-04 09:56:25 TimeValidity timer elapsed
QTAgent32_40.exe Information: 0 : 2016-08-04 09:56:25 Timer stopped.
Timer.Change: 900000, dueTime: 2011-01-02 03:46:00
QTAgent32_40.exe Information: 0 : 2016-08-04 09:56:25 TimeValidity timer elapsed
QTAgent32_40.exe Information: 0 : 2016-08-04 09:56:25 Timer stopped.
Timer.Change: 900000, dueTime: 2011-01-02 04:01:00
QTAgent32_40.exe Information: 0 : 2016-08-04 09:56:25 TimeValidity timer elapsed
QTAgent32_40.exe Information: 0 : 2016-08-04 09:56:25 Timer stopped.
Timer.Change: 900000, dueTime: 2011-01-02 04:16:00
QTAgent32_40.exe Information: 0 : 2016-08-04 09:56:25 TimeValidity timer elapsed
QTAgent32_40.exe Information: 0 : 2016-08-04 09:56:25 Timer stopped.
Timer.Change: 900000, dueTime: 2011-01-02 04:31:00
QTAgent32_40.exe Information: 0 : 2016-08-04 09:56:25 TimeValidity timer elapsed
QTAgent32_40.exe Information: 0 : 2016-08-04 09:56:25 Timer stopped.
Timer.Change: 1740000, dueTime: 2011-01-02 05:00:00
QTAgent32_40.exe Information: 0 : 2016-08-04 09:56:25 TimeValidity timer elapsed
QTAgent32_40.exe Information: 0 : 2016-08-04 09:56:25 Timer stopped.
Timer.Change: 900000, dueTime: 2011-01-02 05:15:00
QTAgent32_40.exe Information: 0 : 2016-08-04 09:56:25 TimeValidity timer elapsed
QTAgent32_40.exe Information: 0 : 2016-08-04 09:56:25 Timer stopped.
Timer.Change: 900000, dueTime: 2011-01-02 05:30:00
QTAgent32_40.exe Information: 0 : 2016-08-04 09:56:25 TimeValidity timer elapsed
QTAgent32_40.exe Information: 0 : 2016-08-04 09:56:25 Timer stopped.
Timer.Change: 900000, dueTime: 2011-01-02 05:45:00
QTAgent32_40.exe Information: 0 : 2016-08-04 09:56:25 TimeValidity timer elapsed
QTAgent32_40.exe Information: 0 : 2016-08-04 09:56:25 Timer stopped.
Timer.Change: 900000, dueTime: 2011-01-02 06:00:00
QTAgent32_40.exe Information: 0 : 2016-08-04 09:56:25 TimeValidity timer elapsed
QTAgent32_40.exe Information: 0 : 2016-08-04 09:56:25 Timer stopped.
Timer.Change: 900000, dueTime: 2011-01-02 06:15:00
QTAgent32_40.exe Information: 0 : 2016-08-04 09:56:25 TimeValidity timer elapsed
QTAgent32_40.exe Information: 0 : 2016-08-04 09:56:25 Timer stopped.
Timer.Change: 900000, dueTime: 2011-01-02 06:30:00
QTAgent32_40.exe Information: 0 : 2016-08-04 09:56:25 TimeValidity timer elapsed
QTAgent32_40.exe Information: 0 : 2016-08-04 09:56:25 Timer stopped.
Timer.Change: 900000, dueTime: 2011-01-02 06:45:00
QTAgent32_40.exe Information: 0 : 2016-08-04 09:56:25 TimeValidity timer elapsed
QTAgent32_40.exe Information: 0 : 2016-08-04 09:56:25 Timer stopped.
Timer.Change: 900000, dueTime: 2011-01-02 07:00:00
QTAgent32_40.exe Information: 0 : 2016-08-04 09:56:25 TimeValidity timer elapsed
QTAgent32_40.exe Information: 0 : 2016-08-04 09:56:25 Timer stopped.
Timer.Change: 900000, dueTime: 2011-01-02 07:15:00
QTAgent32_40.exe Information: 0 : 2016-08-04 09:56:25 TimeValidity timer elapsed
QTAgent32_40.exe Information: 0 : 2016-08-04 09:56:25 Timer stopped.
Timer.Change: 900000, dueTime: 2011-01-02 07:30:00
QTAgent32_40.exe Information: 0 : 2016-08-04 09:56:25 TimeValidity timer elapsed
QTAgent32_40.exe Information: 0 : 2016-08-04 09:56:25 Timer stopped.
Timer.Change: 900000, dueTime: 2011-01-02 07:45:00
QTAgent32_40.exe Information: 0 : 2016-08-04 09:56:25 TimeValidity timer elapsed
QTAgent32_40.exe Information: 0 : 2016-08-04 09:56:25 Timer stopped.
Timer.Change: 900000, dueTime: 2011-01-02 08:00:00
QTAgent32_40.exe Information: 0 : 2016-08-04 09:56:25 TimeValidity timer elapsed
QTAgent32_40.exe Information: 0 : 2016-08-04 09:56:25 Timer stopped.
Timer.Change: 900000, dueTime: 2011-01-02 08:15:00
QTAgent32_40.exe Information: 0 : 2016-08-04 09:56:25 TimeValidity timer elapsed
QTAgent32_40.exe Information: 0 : 2016-08-04 09:56:25 Timer stopped.
Timer.Change: 900000, dueTime: 2011-01-02 08:30:00
QTAgent32_40.exe Information: 0 : 2016-08-04 09:56:25 TimeValidity timer elapsed
QTAgent32_40.exe Information: 0 : 2016-08-04 09:56:25 Timer stopped.
Timer.Change: 900000, dueTime: 2011-01-02 08:45:00
QTAgent32_40.exe Information: 0 : 2016-08-04 09:56:25 TimeValidity timer elapsed
QTAgent32_40.exe Information: 0 : 2016-08-04 09:56:25 Timer stopped.
Timer.Change: 900000, dueTime: 2011-01-02 09:00:00
QTAgent32_40.exe Information: 0 : 2016-08-04 09:56:25 TimeValidity timer elapsed
QTAgent32_40.exe Information: 0 : 2016-08-04 09:56:25 Timer stopped.
Timer.Change: 900000, dueTime: 2011-01-02 09:15:00
QTAgent32_40.exe Information: 0 : 2016-08-04 09:56:25 TimeValidity timer elapsed
QTAgent32_40.exe Information: 0 : 2016-08-04 09:56:25 Timer stopped.
Timer.Change: 900000, dueTime: 2011-01-02 09:30:00
QTAgent32_40.exe Information: 0 : 2016-08-04 09:56:25 TimeValidity timer elapsed
QTAgent32_40.exe Information: 0 : 2016-08-04 09:56:25 Timer stopped.
Timer.Change: 900000, dueTime: 2011-01-02 09:45:00
QTAgent32_40.exe Information: 0 : 2016-08-04 09:56:25 TimeValidity timer elapsed
QTAgent32_40.exe Information: 0 : 2016-08-04 09:56:25 Timer stopped.
Timer.Change: 900000, dueTime: 2011-01-02 10:00:00
QTAgent32_40.exe Information: 0 : 2016-08-04 09:56:25 TimeValidity timer elapsed
QTAgent32_40.exe Information: 0 : 2016-08-04 09:56:25 Timer stopped.
Timer.Change: 900000, dueTime: 2011-01-02 10:15:00
QTAgent32_40.exe Information: 0 : 2016-08-04 09:56:25 TimeValidity timer elapsed
QTAgent32_40.exe Information: 0 : 2016-08-04 09:56:25 Timer stopped.
Timer.Change: 900000, dueTime: 2011-01-02 10:30:00
QTAgent32_40.exe Information: 0 : 2016-08-04 09:56:25 TimeValidity timer elapsed
QTAgent32_40.exe Information: 0 : 2016-08-04 09:56:25 Timer stopped.
Timer.Change: 900000, dueTime: 2011-01-02 10:45:00
QTAgent32_40.exe Information: 0 : 2016-08-04 09:56:25 TimeValidity timer elapsed
QTAgent32_40.exe Information: 0 : 2016-08-04 09:56:25 Timer stopped.
Timer.Change: 900000, dueTime: 2011-01-02 11:00:00
QTAgent32_40.exe Information: 0 : 2016-08-04 09:56:25 TimeValidity timer elapsed
QTAgent32_40.exe Information: 0 : 2016-08-04 09:56:25 Timer stopped.
Timer.Change: 900000, dueTime: 2011-01-02 11:15:00
QTAgent32_40.exe Information: 0 : 2016-08-04 09:56:25 TimeValidity timer elapsed
QTAgent32_40.exe Information: 0 : 2016-08-04 09:56:25 Timer stopped.
Timer.Change: 900000, dueTime: 2011-01-02 11:30:00
QTAgent32_40.exe Information: 0 : 2016-08-04 09:56:25 TimeValidity timer elapsed
QTAgent32_40.exe Information: 0 : 2016-08-04 09:56:25 Timer stopped.
Timer.Change: 900000, dueTime: 2011-01-02 11:45:00
QTAgent32_40.exe Information: 0 : 2016-08-04 09:56:25 TimeValidity timer elapsed
QTAgent32_40.exe Information: 0 : 2016-08-04 09:56:25 Timer stopped.
Timer.Change: 900000, dueTime: 2011-01-02 12:00:00
QTAgent32_40.exe Information: 0 : 2016-08-04 09:56:25 TimeValidity timer elapsed
QTAgent32_40.exe Information: 0 : 2016-08-04 09:56:25 Timer stopped.
Timer.Change: 900000, dueTime: 2011-01-02 12:15:00
QTAgent32_40.exe Information: 0 : 2016-08-04 09:56:25 TimeValidity timer elapsed
QTAgent32_40.exe Information: 0 : 2016-08-04 09:56:25 Timer stopped.
Timer.Change: 900000, dueTime: 2011-01-02 12:30:00
QTAgent32_40.exe Information: 0 : 2016-08-04 09:56:25 TimeValidity timer elapsed
QTAgent32_40.exe Information: 0 : 2016-08-04 09:56:25 Timer stopped.
Timer.Change: 900000, dueTime: 2011-01-02 12:45:00
QTAgent32_40.exe Information: 0 : 2016-08-04 09:56:25 TimeValidity timer elapsed
QTAgent32_40.exe Information: 0 : 2016-08-04 09:56:25 Timer stopped.
Timer.Change: 900000, dueTime: 2011-01-02 13:00:00
QTAgent32_40.exe Information: 0 : 2016-08-04 09:56:25 TimeValidity timer elapsed
QTAgent32_40.exe Information: 0 : 2016-08-04 09:56:25 Timer stopped.
Timer.Change: 900000, dueTime: 2011-01-02 13:15:00
QTAgent32_40.exe Information: 0 : 2016-08-04 09:56:25 TimeValidity timer elapsed
QTAgent32_40.exe Information: 0 : 2016-08-04 09:56:25 Timer stopped.
Timer.Change: 900000, dueTime: 2011-01-02 13:30:00
QTAgent32_40.exe Information: 0 : 2016-08-04 09:56:25 TimeValidity timer elapsed
QTAgent32_40.exe Information: 0 : 2016-08-04 09:56:25 Timer stopped.
Timer.Change: 900000, dueTime: 2011-01-02 13:45:00
QTAgent32_40.exe Information: 0 : 2016-08-04 09:56:25 TimeValidity timer elapsed
QTAgent32_40.exe Information: 0 : 2016-08-04 09:56:25 Timer stopped.
Timer.Change: 900000, dueTime: 2011-01-02 14:00:00
QTAgent32_40.exe Information: 0 : 2016-08-04 09:56:25 TimeValidity timer elapsed
QTAgent32_40.exe Information: 0 : 2016-08-04 09:56:25 Timer stopped.
Timer.Change: 900000, dueTime: 2011-01-02 14:15:00
QTAgent32_40.exe Information: 0 : 2016-08-04 09:56:25 TimeValidity timer elapsed
QTAgent32_40.exe Information: 0 : 2016-08-04 09:56:25 Timer stopped.
Timer.Change: 900000, dueTime: 2011-01-02 14:30:00
QTAgent32_40.exe Information: 0 : 2016-08-04 09:56:25 TimeValidity timer elapsed
QTAgent32_40.exe Information: 0 : 2016-08-04 09:56:25 Timer stopped.
Timer.Change: 900000, dueTime: 2011-01-02 14:45:00
QTAgent32_40.exe Information: 0 : 2016-08-04 09:56:25 TimeValidity timer elapsed
QTAgent32_40.exe Information: 0 : 2016-08-04 09:56:25 Timer stopped.
Timer.Change: 900000, dueTime: 2011-01-02 15:00:00
QTAgent32_40.exe Information: 0 : 2016-08-04 09:56:25 TimeValidity timer elapsed
QTAgent32_40.exe Information: 0 : 2016-08-04 09:56:25 Timer stopped.
Timer.Change: 900000, dueTime: 2011-01-02 15:15:00
QTAgent32_40.exe Information: 0 : 2016-08-04 09:56:25 TimeValidity timer elapsed
QTAgent32_40.exe Information: 0 : 2016-08-04 09:56:25 Timer stopped.
Timer.Change: 900000, dueTime: 2011-01-02 15:30:00
QTAgent32_40.exe Information: 0 : 2016-08-04 09:56:25 TimeValidity timer elapsed
QTAgent32_40.exe Information: 0 : 2016-08-04 09:56:25 Timer stopped.
Timer.Change: 900000, dueTime: 2011-01-02 15:45:00
QTAgent32_40.exe Information: 0 : 2016-08-04 09:56:25 TimeValidity timer elapsed
QTAgent32_40.exe Information: 0 : 2016-08-04 09:56:25 Timer stopped.
Timer.Change: 900000, dueTime: 2011-01-02 16:00:00
QTAgent32_40.exe Information: 0 : 2016-08-04 09:56:25 TimeValidity timer elapsed
QTAgent32_40.exe Information: 0 : 2016-08-04 09:56:25 Timer stopped.
Timer.Change: 900000, dueTime: 2011-01-02 16:15:00
QTAgent32_40.exe Information: 0 : 2016-08-04 09:56:25 TimeValidity timer elapsed
QTAgent32_40.exe Information: 0 : 2016-08-04 09:56:25 Timer stopped.
Timer.Change: 900000, dueTime: 2011-01-02 16:30:00
QTAgent32_40.exe Information: 0 : 2016-08-04 09:56:25 TimeValidity timer elapsed
QTAgent32_40.exe Information: 0 : 2016-08-04 09:56:25 Timer stopped.
Timer.Change: 900000, dueTime: 2011-01-02 16:45:00
QTAgent32_40.exe Information: 0 : 2016-08-04 09:56:25 TimeValidity timer elapsed
QTAgent32_40.exe Information: 0 : 2016-08-04 09:56:25 Timer stopped.
Timer.Change: 900000, dueTime: 2011-01-02 17:00:00
QTAgent32_40.exe Information: 0 : 2016-08-04 09:56:25 TimeValidity timer elapsed
QTAgent32_40.exe Information: 0 : 2016-08-04 09:56:25 Timer stopped.
Timer.Change: 900000, dueTime: 2011-01-02 17:15:00
QTAgent32_40.exe Information: 0 : 2016-08-04 09:56:25 TimeValidity timer elapsed
QTAgent32_40.exe Information: 0 : 2016-08-04 09:56:25 Timer stopped.
Timer.Change: 900000, dueTime: 2011-01-02 17:30:00
QTAgent32_40.exe Information: 0 : 2016-08-04 09:56:25 TimeValidity timer elapsed
QTAgent32_40.exe Information: 0 : 2016-08-04 09:56:25 Timer stopped.
Timer.Change: 900000, dueTime: 2011-01-02 17:45:00
QTAgent32_40.exe Information: 0 : 2016-08-04 09:56:25 TimeValidity timer elapsed
QTAgent32_40.exe Information: 0 : 2016-08-04 09:56:25 Timer stopped.
Timer.Change: 900000, dueTime: 2011-01-02 18:00:00
QTAgent32_40.exe Information: 0 : 2016-08-04 09:56:25 TimeValidity timer elapsed
QTAgent32_40.exe Information: 0 : 2016-08-04 09:56:25 Timer stopped.
Timer.Change: 900000, dueTime: 2011-01-02 18:15:00
QTAgent32_40.exe Information: 0 : 2016-08-04 09:56:25 TimeValidity timer elapsed
QTAgent32_40.exe Information: 0 : 2016-08-04 09:56:25 Timer stopped.
Timer.Change: 900000, dueTime: 2011-01-02 18:30:00
QTAgent32_40.exe Information: 0 : 2016-08-04 09:56:25 TimeValidity timer elapsed
QTAgent32_40.exe Information: 0 : 2016-08-04 09:56:25 Timer stopped.
Timer.Change: 900000, dueTime: 2011-01-02 18:45:00
QTAgent32_40.exe Information: 0 : 2016-08-04 09:56:25 TimeValidity timer elapsed
QTAgent32_40.exe Information: 0 : 2016-08-04 09:56:25 Timer stopped.
Timer.Change: 900000, dueTime: 2011-01-02 19:00:00
QTAgent32_40.exe Information: 0 : 2016-08-04 09:56:25 TimeValidity timer elapsed
QTAgent32_40.exe Information: 0 : 2016-08-04 09:56:25 Timer stopped.
Timer.Change: 900000, dueTime: 2011-01-02 19:15:00
QTAgent32_40.exe Information: 0 : 2016-08-04 09:56:25 TimeValidity timer elapsed
QTAgent32_40.exe Information: 0 : 2016-08-04 09:56:25 Timer stopped.
Timer.Change: 900000, dueTime: 2011-01-02 19:30:00
QTAgent32_40.exe Information: 0 : 2016-08-04 09:56:25 TimeValidity timer elapsed
QTAgent32_40.exe Information: 0 : 2016-08-04 09:56:25 Timer stopped.
Timer.Change: 900000, dueTime: 2011-01-02 19:45:00
QTAgent32_40.exe Information: 0 : 2016-08-04 09:56:25 TimeValidity timer elapsed
QTAgent32_40.exe Information: 0 : 2016-08-04 09:56:25 Timer stopped.
Timer.Change: 900000, dueTime: 2011-01-02 20:00:00
QTAgent32_40.exe Information: 0 : 2016-08-04 09:56:25 TimeValidity timer elapsed
QTAgent32_40.exe Information: 0 : 2016-08-04 09:56:25 Timer stopped.
Timer.Change: 900000, dueTime: 2011-01-02 20:15:00
QTAgent32_40.exe Information: 0 : 2016-08-04 09:56:25 TimeValidity timer elapsed
QTAgent32_40.exe Information: 0 : 2016-08-04 09:56:25 Timer stopped.
Timer.Change: 900000, dueTime: 2011-01-02 20:30:00
QTAgent32_40.exe Information: 0 : 2016-08-04 09:56:25 TimeValidity timer elapsed
QTAgent32_40.exe Information: 0 : 2016-08-04 09:56:25 Timer stopped.
Timer.Change: 900000, dueTime: 2011-01-02 20:45:00
QTAgent32_40.exe Information: 0 : 2016-08-04 09:56:25 TimeValidity timer elapsed
QTAgent32_40.exe Information: 0 : 2016-08-04 09:56:25 Timer stopped.
Timer.Change: 900000, dueTime: 2011-01-02 21:00:00
QTAgent32_40.exe Information: 0 : 2016-08-04 09:56:25 TimeValidity timer elapsed
QTAgent32_40.exe Information: 0 : 2016-08-04 09:56:25 Timer stopped.
Timer.Change: 900000, dueTime: 2011-01-02 21:15:00
QTAgent32_40.exe Information: 0 : 2016-08-04 09:56:25 TimeValidity timer elapsed
QTAgent32_40.exe Information: 0 : 2016-08-04 09:56:25 Timer stopped.
Timer.Change: 900000, dueTime: 2011-01-02 21:30:00
QTAgent32_40.exe Information: 0 : 2016-08-04 09:56:25 TimeValidity timer elapsed
QTAgent32_40.exe Information: 0 : 2016-08-04 09:56:25 Timer stopped.
Timer.Change: 1795000, dueTime: 2011-01-02 21:59:55
QTAgent32_40.exe Information: 0 : 2016-08-04 09:56:25 TimeValidity timer elapsed
QTAgent32_40.exe Information: 0 : 2016-08-04 09:56:25 Timer stopped.
QTAgent32_40.exe Information: 0 : 2016-08-04 09:56:25 Workflow stopped
QTAgent32_40.exe Information: 0 : 2016-08-04 09:56:25 Timer started, next event (Deactivate) is at 2011-01-02 21:59:55, timer due in 1795000 millisec
QTAgent32_40.exe Information: 0 : 2016-08-04 09:56:25 Timer started, next event (Deactivate) is at 2011-01-02 21:59:55, timer due in 900000 millisec
QTAgent32_40.exe Information: 0 : 2016-08-04 09:56:25 Timer started, next event (Deactivate) is at 2011-01-02 21:59:55, timer due in 900000 millisec
QTAgent32_40.exe Information: 0 : 2016-08-04 09:56:25 Timer started, next event (Deactivate) is at 2011-01-02 21:59:55, timer due in 900000 millisec
QTAgent32_40.exe Information: 0 : 2016-08-04 09:56:25 Timer started, next event (Deactivate) is at 2011-01-02 21:59:55, timer due in 900000 millisec
QTAgent32_40.exe Information: 0 : 2016-08-04 09:56:25 Timer started, next event (Deactivate) is at 2011-01-02 21:59:55, timer due in 900000 millisec
QTAgent32_40.exe Information: 0 : 2016-08-04 09:56:25 Timer started, next event (Deactivate) is at 2011-01-02 21:59:55, timer due in 900000 millisec
QTAgent32_40.exe Information: 0 : 2016-08-04 09:56:25 Timer started, next event (Deactivate) is at 2011-01-02 21:59:55, timer due in 900000 millisec
QTAgent32_40.exe Information: 0 : 2016-08-04 09:56:25 Timer started, next event (Deactivate) is at 2011-01-02 21:59:55, timer due in 900000 millisec
QTAgent32_40.exe Information: 0 : 2016-08-04 09:56:25 Timer started, next event (Deactivate) is at 2011-01-02 21:59:55, timer due in 900000 millisec
QTAgent32_40.exe Information: 0 : 2016-08-04 09:56:25 Timer started, next event (Deactivate) is at 2011-01-02 21:59:55, timer due in 900000 millisec
QTAgent32_40.exe Information: 0 : 2016-08-04 09:56:25 Timer started, next event (Deactivate) is at 2011-01-02 21:59:55, timer due in 900000 millisec
QTAgent32_40.exe Information: 0 : 2016-08-04 09:56:25 Timer started, next event (Deactivate) is at 2011-01-02 21:59:55, timer due in 900000 millisec
QTAgent32_40.exe Information: 0 : 2016-08-04 09:56:25 Timer started, next event (Deactivate) is at 2011-01-02 21:59:55, timer due in 900000 millisec
QTAgent32_40.exe Information: 0 : 2016-08-04 09:56:25 Timer started, next event (Deactivate) is at 2011-01-02 21:59:55, timer due in 900000 millisec
QTAgent32_40.exe Information: 0 : 2016-08-04 09:56:25 Timer started, next event (Deactivate) is at 2011-01-02 21:59:55, timer due in 900000 millisec
QTAgent32_40.exe Information: 0 : 2016-08-04 09:56:25 Timer started, next event (Deactivate) is at 2011-01-02 21:59:55, timer due in 900000 millisec
QTAgent32_40.exe Information: 0 : 2016-08-04 09:56:25 Timer started, next event (Deactivate) is at 2011-01-02 21:59:55, timer due in 900000 millisec
QTAgent32_40.exe Information: 0 : 2016-08-04 09:56:25 Timer started, next event (Deactivate) is at 2011-01-02 21:59:55, timer due in 900000 millisec
QTAgent32_40.exe Information: 0 : 2016-08-04 09:56:25 Timer started, next event (Deactivate) is at 2011-01-02 21:59:55, timer due in 900000 millisec
QTAgent32_40.exe Information: 0 : 2016-08-04 09:56:25 Timer started, next event (Deactivate) is at 2011-01-02 21:59:55, timer due in 900000 millisec
QTAgent32_40.exe Information: 0 : 2016-08-04 09:56:25 Timer started, next event (Deactivate) is at 2011-01-02 21:59:55, timer due in 900000 millisec
QTAgent32_40.exe Information: 0 : 2016-08-04 09:56:25 Timer started, next event (Deactivate) is at 2011-01-02 21:59:55, timer due in 900000 millisec
QTAgent32_40.exe Information: 0 : 2016-08-04 09:56:25 Timer started, next event (Deactivate) is at 2011-01-02 21:59:55, timer due in 900000 millisec
QTAgent32_40.exe Information: 0 : 2016-08-04 09:56:25 Timer started, next event (Deactivate) is at 2011-01-02 21:59:55, timer due in 900000 millisec
QTAgent32_40.exe Information: 0 : 2016-08-04 09:56:25 Timer started, next event (Deactivate) is at 2011-01-02 21:59:55, timer due in 900000 millisec
QTAgent32_40.exe Information: 0 : 2016-08-04 09:56:25 Timer started, next event (Deactivate) is at 2011-01-02 21:59:55, timer due in 900000 millisec
QTAgent32_40.exe Information: 0 : 2016-08-04 09:56:25 Timer started, next event (Deactivate) is at 2011-01-02 21:59:55, timer due in 900000 millisec
QTAgent32_40.exe Information: 0 : 2016-08-04 09:56:25 Timer started, next event (Deactivate) is at 2011-01-02 21:59:55, timer due in 900000 millisec
QTAgent32_40.exe Information: 0 : 2016-08-04 09:56:25 Timer started, next event (Deactivate) is at 2011-01-02 21:59:55, timer due in 900000 millisec
QTAgent32_40.exe Information: 0 : 2016-08-04 09:56:25 Timer started, next event (Deactivate) is at 2011-01-02 21:59:55, timer due in 900000 millisec
QTAgent32_40.exe Information: 0 : 2016-08-04 09:56:25 Timer started, next event (Deactivate) is at 2011-01-02 21:59:55, timer due in 900000 millisec
QTAgent32_40.exe Information: 0 : 2016-08-04 09:56:25 Timer started, next event (Deactivate) is at 2011-01-02 21:59:55, timer due in 900000 millisec
QTAgent32_40.exe Information: 0 : 2016-08-04 09:56:25 Timer started, next event (Deactivate) is at 2011-01-02 21:59:55, timer due in 900000 millisec
QTAgent32_40.exe Information: 0 : 2016-08-04 09:56:25 Timer started, next event (Deactivate) is at 2011-01-02 21:59:55, timer due in 900000 millisec
QTAgent32_40.exe Information: 0 : 2016-08-04 09:56:25 Timer started, next event (Deactivate) is at 2011-01-02 21:59:55, timer due in 900000 millisec
QTAgent32_40.exe Information: 0 : 2016-08-04 09:56:25 Timer started, next event (Deactivate) is at 2011-01-02 21:59:55, timer due in 900000 millisec
QTAgent32_40.exe Information: 0 : 2016-08-04 09:56:25 Timer started, next event (Deactivate) is at 2011-01-02 21:59:55, timer due in 900000 millisec
QTAgent32_40.exe Information: 0 : 2016-08-04 09:56:25 Timer started, next event (Deactivate) is at 2011-01-02 21:59:55, timer due in 900000 millisec
QTAgent32_40.exe Information: 0 : 2016-08-04 09:56:25 Timer started, next event (Deactivate) is at 2011-01-02 21:59:55, timer due in 900000 millisec
QTAgent32_40.exe Information: 0 : 2016-08-04 09:56:25 Timer started, next event (Deactivate) is at 2011-01-02 21:59:55, timer due in 900000 millisec
QTAgent32_40.exe Information: 0 : 2016-08-04 09:56:25 Timer started, next event (Deactivate) is at 2011-01-02 21:59:55, timer due in 900000 millisec
QTAgent32_40.exe Information: 0 : 2016-08-04 09:56:25 Timer started, next event (Deactivate) is at 2011-01-02 21:59:55, timer due in 900000 millisec
QTAgent32_40.exe Information: 0 : 2016-08-04 09:56:25 Timer started, next event (Deactivate) is at 2011-01-02 21:59:55, timer due in 900000 millisec
QTAgent32_40.exe Information: 0 : 2016-08-04 09:56:25 Timer started, next event (Deactivate) is at 2011-01-02 21:59:55, timer due in 900000 millisec
QTAgent32_40.exe Information: 0 : 2016-08-04 09:56:25 Timer started, next event (Deactivate) is at 2011-01-02 21:59:55, timer due in 900000 millisec
QTAgent32_40.exe Information: 0 : 2016-08-04 09:56:25 Timer started, next event (Deactivate) is at 2011-01-02 21:59:55, timer due in 900000 millisec
QTAgent32_40.exe Information: 0 : 2016-08-04 09:56:25 Timer started, next event (Deactivate) is at 2011-01-02 21:59:55, timer due in 900000 millisec
QTAgent32_40.exe Information: 0 : 2016-08-04 09:56:25 Timer started, next event (Deactivate) is at 2011-01-02 21:59:55, timer due in 900000 millisec
QTAgent32_40.exe Information: 0 : 2016-08-04 09:56:25 Timer started, next event (Deactivate) is at 2011-01-02 21:59:55, timer due in 900000 millisec
QTAgent32_40.exe Information: 0 : 2016-08-04 09:56:25 Timer started, next event (Deactivate) is at 2011-01-02 21:59:55, timer due in 900000 millisec
QTAgent32_40.exe Information: 0 : 2016-08-04 09:56:25 Timer started, next event (Deactivate) is at 2011-01-02 21:59:55, timer due in 900000 millisec
QTAgent32_40.exe Information: 0 : 2016-08-04 09:56:25 Timer started, next event (Deactivate) is at 2011-01-02 21:59:55, timer due in 900000 millisec
QTAgent32_40.exe Information: 0 : 2016-08-04 09:56:25 Timer started, next event (Deactivate) is at 2011-01-02 21:59:55, timer due in 900000 millisec
QTAgent32_40.exe Information: 0 : 2016-08-04 09:56:25 Timer started, next event (Deactivate) is at 2011-01-02 21:59:55, timer due in 900000 millisec
QTAgent32_40.exe Information: 0 : 2016-08-04 09:56:25 Timer started, next event (Deactivate) is at 2011-01-02 21:59:55, timer due in 900000 millisec
QTAgent32_40.exe Information: 0 : 2016-08-04 09:56:25 Timer started, next event (Deactivate) is at 2011-01-02 21:59:55, timer due in 900000 millisec
QTAgent32_40.exe Information: 0 : 2016-08-04 09:56:25 Timer started, next event (Deactivate) is at 2011-01-02 21:59:55, timer due in 900000 millisec
QTAgent32_40.exe Information: 0 : 2016-08-04 09:56:25 Timer started, next event (Deactivate) is at 2011-01-02 21:59:55, timer due in 900000 millisec
QTAgent32_40.exe Information: 0 : 2016-08-04 09:56:25 Timer started, next event (Deactivate) is at 2011-01-02 21:59:55, timer due in 900000 millisec
QTAgent32_40.exe Information: 0 : 2016-08-04 09:56:25 Timer started, next event (Deactivate) is at 2011-01-02 21:59:55, timer due in 900000 millisec
QTAgent32_40.exe Information: 0 : 2016-08-04 09:56:25 Timer started, next event (Deactivate) is at 2011-01-02 21:59:55, timer due in 900000 millisec
QTAgent32_40.exe Information: 0 : 2016-08-04 09:56:25 Timer started, next event (Deactivate) is at 2011-01-02 21:59:55, timer due in 900000 millisec
QTAgent32_40.exe Information: 0 : 2016-08-04 09:56:25 Timer started, next event (Deactivate) is at 2011-01-02 21:59:55, timer due in 900000 millisec
QTAgent32_40.exe Information: 0 : 2016-08-04 09:56:25 Timer started, next event (Deactivate) is at 2011-01-02 21:59:55, timer due in 900000 millisec
QTAgent32_40.exe Information: 0 : 2016-08-04 09:56:25 Timer started, next event (Deactivate) is at 2011-01-02 21:59:55, timer due in 900000 millisec
QTAgent32_40.exe Information: 0 : 2016-08-04 09:56:25 Timer started, next event (Deactivate) is at 2011-01-02 21:59:55, timer due in 900000 millisec
QTAgent32_40.exe Information: 0 : 2016-08-04 09:56:25 Workflow started
QTAgent32_40.exe Information: 0 : 2016-08-04 09:56:25 Timer started, next event (Activate) is at 2011-01-02 05:00:00, timer due in 1740000 millisec
QTAgent32_40.exe Information: 0 : 2016-08-04 09:56:25 Timer started, next event (Activate) is at 2011-01-02 05:00:00, timer due in 900000 millisec
QTAgent32_40.exe Information: 0 : 2016-08-04 09:56:25 Timer started, next event (Activate) is at 2011-01-02 05:00:00, timer due in 900000 millisec
QTAgent32_40.exe Information: 0 : 2016-08-04 09:56:25 Timer started, next event (Activate) is at 2011-01-02 05:00:00, timer due in 900000 millisec
QTAgent32_40.exe Information: 0 : 2016-08-04 09:56:25 Timer started, next event (Activate) is at 2011-01-02 05:00:00, timer due in 900000 millisec
QTAgent32_40.exe Information: 0 : 2016-08-04 09:56:25 Timer started, next event (Activate) is at 2011-01-02 05:00:00, timer due in 900000 millisec
QTAgent32_40.exe Information: 0 : 2016-08-04 09:56:25 Timer started, next event (Activate) is at 2011-01-02 05:00:00, timer due in 900000 millisec
QTAgent32_40.exe Information: 0 : 2016-08-04 09:56:25 Timer started, next event (Activate) is at 2011-01-02 05:00:00, timer due in 900000 millisec
QTAgent32_40.exe Information: 0 : 2016-08-04 09:56:25 Timer started, next event (Activate) is at 2011-01-02 05:00:00, timer due in 900000 millisec
QTAgent32_40.exe Information: 0 : 2016-08-04 09:56:25 Timer started, next event (Activate) is at 2011-01-02 05:00:00, timer due in 900000 millisec
QTAgent32_40.exe Information: 0 : 2016-08-04 09:56:25 Timer started, next event (Activate) is at 2011-01-02 05:00:00, timer due in 900000 millisec
QTAgent32_40.exe Information: 0 : 2016-08-04 09:56:25 Timer started, next event (Activate) is at 2011-01-02 05:00:00, timer due in 900000 millisec
QTAgent32_40.exe Information: 0 : 2016-08-04 09:56:25 Timer started, next event (Activate) is at 2011-01-02 05:00:00, timer due in 900000 millisec
QTAgent32_40.exe Information: 0 : 2016-08-04 09:56:25 Timer started, next event (Activate) is at 2011-01-02 05:00:00, timer due in 900000 millisec
QTAgent32_40.exe Information: 0 : 2016-08-04 09:56:25 Timer started, next event (Activate) is at 2011-01-02 05:00:00, timer due in 900000 millisec
QTAgent32_40.exe Information: 0 : 2016-08-04 09:56:25 Timer started, next event (Activate) is at 2011-01-02 05:00:00, timer due in 900000 millisec
QTAgent32_40.exe Information: 0 : 2016-08-04 09:56:25 Timer started, next event (Activate) is at 2011-01-02 05:00:00, timer due in 900000 millisec
QTAgent32_40.exe Information: 0 : 2016-08-04 09:56:25 Timer started, next event (Activate) is at 2011-01-02 05:00:00, timer due in 900000 millisec
QTAgent32_40.exe Information: 0 : 2016-08-04 09:56:25 Timer started, next event (Activate) is at 2011-01-02 05:00:00, timer due in 900000 millisec
QTAgent32_40.exe Information: 0 : 2016-08-04 09:56:25 Timer started, next event (Activate) is at 2011-01-02 05:00:00, timer due in 900000 millisec
QTAgent32_40.exe Information: 0 : 2016-08-04 09:56:25 Timer started, next event (Activate) is at 2011-01-02 05:00:00, timer due in 900000 millisec
QTAgent32_40.exe Information: 0 : 2016-08-04 09:56:25 Timer started, next event (Activate) is at 2011-01-02 05:00:00, timer due in 900000 millisec
QTAgent32_40.exe Information: 0 : 2016-08-04 09:56:25 Timer started, next event (Activate) is at 2011-01-02 05:00:00, timer due in 900000 millisec
QTAgent32_40.exe Information: 0 : 2016-08-04 09:56:25 Timer started, next event (Activate) is at 2011-01-02 05:00:00, timer due in 900000 millisec
QTAgent32_40.exe Information: 0 : 2016-08-04 09:56:25 Timer started, next event (Activate) is at 2011-01-02 05:00:00, timer due in 900000 millisec
QTAgent32_40.exe Information: 0 : 2016-08-04 09:56:25 Timer started, next event (Activate) is at 2011-01-02 05:00:00, timer due in 900000 millisec
QTAgent32_40.exe Information: 0 : 2016-08-04 09:56:25 Timer started, next event (Activate) is at 2011-01-02 05:00:00, timer due in 900000 millisec</StdOut>
      </Output>
    </UnitTestResult>
    <UnitTestResult executionId="3aadc53e-ff59-40be-9400-78c0343cbe3f" testId="477d6b04-62fe-65b7-88d4-82cbfbb6bcd7" testName="CodeExpression_CommittingMethodChanges_ChangesAreApplied" computerName="ICSWS068" duration="00:00:00.0059101" startTime="2016-08-04T09:56:25.3838643+02:00" endTime="2016-08-04T09:56:25.3908691+02:00" testType="13cdc9d9-ddb5-4fa4-a97d-d965ccfc6d4b" outcome="Passed" testListId="8c84fa94-04c1-424b-9868-57a2d4851a1d" relativeResultsDirectory="3aadc53e-ff59-40be-9400-78c0343cbe3f" />
    <UnitTestResult executionId="f97c6dac-c58a-483c-8ce9-e900ad3ac5cd" testId="63f9decb-d756-8dbc-db52-681f0265a735" testName="CodeExpression_RollbackSpecificScopeChanges_ChangesInTheRollbackedScopeAreDiscarded" computerName="ICSWS068" duration="00:00:00.0007466" startTime="2016-08-04T09:56:25.3938711+02:00" endTime="2016-08-04T09:56:25.3958729+02:00" testType="13cdc9d9-ddb5-4fa4-a97d-d965ccfc6d4b" outcome="Passed" testListId="8c84fa94-04c1-424b-9868-57a2d4851a1d" relativeResultsDirectory="f97c6dac-c58a-483c-8ce9-e900ad3ac5cd" />
    <UnitTestResult executionId="3f238d23-63ab-4f91-884e-15fff2176b2a" testId="dc7aaaf1-5ffc-5592-91a7-d2ba02e0e11b" testName="CodeExpression_RollbackAllChanges_ChangesInAllScopesAreRolledBack" computerName="ICSWS068" duration="00:00:00.0017852" startTime="2016-08-04T09:56:25.3983746+02:00" endTime="2016-08-04T09:56:25.4013766+02:00" testType="13cdc9d9-ddb5-4fa4-a97d-d965ccfc6d4b" outcome="Passed" testListId="8c84fa94-04c1-424b-9868-57a2d4851a1d" relativeResultsDirectory="3f238d23-63ab-4f91-884e-15fff2176b2a" />
    <UnitTestResult executionId="cc5ccfe2-188f-4c45-ba75-d1369e693f00" testId="3580b9c2-6833-cc47-0ccd-e62d8691cfb1" testName="CodeExpression_FetchingAlreadyExistingMethodBody_CorrectMethodBodyIsFetched" computerName="ICSWS068" duration="00:00:00.0008213" startTime="2016-08-04T09:56:25.4038786+02:00" endTime="2016-08-04T09:56:25.4058797+02:00" testType="13cdc9d9-ddb5-4fa4-a97d-d965ccfc6d4b" outcome="Passed" testListId="8c84fa94-04c1-424b-9868-57a2d4851a1d" relativeResultsDirectory="cc5ccfe2-188f-4c45-ba75-d1369e693f00" />
    <UnitTestResult executionId="545f132a-34c5-402e-923f-f161eb112e1a" testId="97da19f1-7c03-184e-32a4-d141ee945e86" testName="CodeExpression_FetchingNewMethodBody_CorrectMethodBodyIsFetched" computerName="ICSWS068" duration="00:00:00.0004788" startTime="2016-08-04T09:56:25.4093826+02:00" endTime="2016-08-04T09:56:25.4113840+02:00" testType="13cdc9d9-ddb5-4fa4-a97d-d965ccfc6d4b" outcome="Passed" testListId="8c84fa94-04c1-424b-9868-57a2d4851a1d" relativeResultsDirectory="545f132a-34c5-402e-923f-f161eb112e1a" />
    <UnitTestResult executionId="dfb22b05-9a45-4f15-b15b-0a733b6954ef" testId="989df495-f13d-f4cd-78bc-061453ab403b" testName="CodeExpression_FetchMethodBodyAfterCommitting_CorrectMethodBodyIsFetched" computerName="ICSWS068" duration="00:00:00.0004439" startTime="2016-08-04T09:56:25.4143916+02:00" endTime="2016-08-04T09:56:25.4158925+02:00" testType="13cdc9d9-ddb5-4fa4-a97d-d965ccfc6d4b" outcome="Passed" testListId="8c84fa94-04c1-424b-9868-57a2d4851a1d" relativeResultsDirectory="dfb22b05-9a45-4f15-b15b-0a733b6954ef" />
    <UnitTestResult executionId="11aa64e9-89c6-4876-92cf-bdec3c007dce" testId="8921a32b-1bca-1a60-b127-b143c5d2670b" testName="CodeExpression_RemoveMethodCommit_MethodIsRemovedAfterCommit" computerName="ICSWS068" duration="00:00:00.0005298" startTime="2016-08-04T09:56:25.4193948+02:00" endTime="2016-08-04T09:56:25.4223968+02:00" testType="13cdc9d9-ddb5-4fa4-a97d-d965ccfc6d4b" outcome="Passed" testListId="8c84fa94-04c1-424b-9868-57a2d4851a1d" relativeResultsDirectory="11aa64e9-89c6-4876-92cf-bdec3c007dce" />
    <UnitTestResult executionId="4ae75b87-8c30-4e53-9808-84560409542e" testId="487a6d65-79ec-80f6-9fe6-bb5c509d938b" testName="CodeExpression_RemoveExistingMethodRollback_MethodExistsAfterRollback" computerName="ICSWS068" duration="00:00:00.0002683" startTime="2016-08-04T09:56:25.4258993+02:00" endTime="2016-08-04T09:56:25.4279011+02:00" testType="13cdc9d9-ddb5-4fa4-a97d-d965ccfc6d4b" outcome="Passed" testListId="8c84fa94-04c1-424b-9868-57a2d4851a1d" relativeResultsDirectory="4ae75b87-8c30-4e53-9808-84560409542e" />
    <UnitTestResult executionId="887c4274-5ab7-4c64-a3ed-c5a3e5855cfd" testId="cf7b9633-b18a-fe2f-1a42-643ad3bf9bfb" testName="CodeExpression_ActivityNameChanged_MethodNameIsChanged" computerName="ICSWS068" duration="00:00:00.0031166" startTime="2016-08-04T09:56:25.4314034+02:00" endTime="2016-08-04T09:56:25.4359062+02:00" testType="13cdc9d9-ddb5-4fa4-a97d-d965ccfc6d4b" outcome="Passed" testListId="8c84fa94-04c1-424b-9868-57a2d4851a1d" relativeResultsDirectory="887c4274-5ab7-4c64-a3ed-c5a3e5855cfd" />
    <UnitTestResult executionId="6ad6a5c6-2119-4c44-997e-18adc741db39" testId="e43b9b25-98f8-f1ef-36dd-665692470471" testName="CodeExpression_ActivityNameChanged_ExistingMethodNameIsChanged" computerName="ICSWS068" duration="00:00:00.0008339" startTime="2016-08-04T09:56:25.4389085+02:00" endTime="2016-08-04T09:56:25.4419108+02:00" testType="13cdc9d9-ddb5-4fa4-a97d-d965ccfc6d4b" outcome="Passed" testListId="8c84fa94-04c1-424b-9868-57a2d4851a1d" relativeResultsDirectory="6ad6a5c6-2119-4c44-997e-18adc741db39" />
    <UnitTestResult executionId="34d0d36c-de81-4cb0-ac26-4ed7be2dab9d" testId="aaaf44fc-6242-5ce4-788d-de227b2b1ba8" testName="CodeExpression_RemoveMethodThenUndoRemoveCommit_MethodNotRemovedOnCommit" computerName="ICSWS068" duration="00:00:00.0007152" startTime="2016-08-04T09:56:25.4459137+02:00" endTime="2016-08-04T09:56:25.4484154+02:00" testType="13cdc9d9-ddb5-4fa4-a97d-d965ccfc6d4b" outcome="Passed" testListId="8c84fa94-04c1-424b-9868-57a2d4851a1d" relativeResultsDirectory="34d0d36c-de81-4cb0-ac26-4ed7be2dab9d" />
    <UnitTestResult executionId="716bdc09-2a5c-48e7-86f9-f3cb61546b0a" testId="ccfda4d9-955f-c92c-ff2e-12540befbc3c" testName="CodeExpression_RemoveMethodThenUndoRemoveOfAnotherMethodCommit_MethodRemovedOnCommit" computerName="ICSWS068" duration="00:00:00.0003460" startTime="2016-08-04T09:56:25.4514177+02:00" endTime="2016-08-04T09:56:25.4534188+02:00" testType="13cdc9d9-ddb5-4fa4-a97d-d965ccfc6d4b" outcome="Passed" testListId="8c84fa94-04c1-424b-9868-57a2d4851a1d" relativeResultsDirectory="716bdc09-2a5c-48e7-86f9-f3cb61546b0a" />
    <UnitTestResult executionId="6f4fa048-0586-447d-832b-deb69e177407" testId="b4deb19d-a0d7-b4fa-909e-a308b80c7413" testName="CodeExpression_UndoRemoveMethodWithoutAnyChanges_Succeeds" computerName="ICSWS068" duration="00:00:00.0002492" startTime="2016-08-04T09:56:25.4564211+02:00" endTime="2016-08-04T09:56:25.4579246+02:00" testType="13cdc9d9-ddb5-4fa4-a97d-d965ccfc6d4b" outcome="Passed" testListId="8c84fa94-04c1-424b-9868-57a2d4851a1d" relativeResultsDirectory="6f4fa048-0586-447d-832b-deb69e177407" />
  </Results>
  <TestDefinitions>
    <UnitTest name="IsBrowsableTest1" storage="f:\etwork\bin\tests\unittests.icore.common.entities.dll" id="b6f84659-b077-6685-3645-fb94e19fd922">
      <Execution id="a5616576-e4a1-4bcf-98a2-5906a9c95d3f" />
      <TestMethod codeBase="F:\ETWork\bin\Tests\UnitTests.iCore.Common.Entities.dll" adapterTypeName="Microsoft.VisualStudio.TestTools.TestTypes.Unit.UnitTestAdapter" className="Tests.iCore.Common.MemberInfoExtensionsTest" name="IsBrowsableTest1" />
    </UnitTest>
    <UnitTest name="IsBrowsableTest2" storage="f:\etwork\bin\tests\unittests.icore.common.entities.dll" id="3a52ff69-e00c-ef9c-7b64-44b5ea55b5e9">
      <Execution id="39a2e50d-2fdf-43dc-b900-bb757ff8c971" />
      <TestMethod codeBase="F:\ETWork\bin\Tests\UnitTests.iCore.Common.Entities.dll" adapterTypeName="Microsoft.VisualStudio.TestTools.TestTypes.Unit.UnitTestAdapter" className="Tests.iCore.Common.MemberInfoExtensionsTest" name="IsBrowsableTest2" />
    </UnitTest>
    <UnitTest name="IsBrowsableTest3" storage="f:\etwork\bin\tests\unittests.icore.common.entities.dll" id="48610728-d627-01c0-f385-f3b2d5990ef4">
      <Execution id="e5d3f851-2870-4509-a353-7b187a9ddb23" />
      <TestMethod codeBase="F:\ETWork\bin\Tests\UnitTests.iCore.Common.Entities.dll" adapterTypeName="Microsoft.VisualStudio.TestTools.TestTypes.Unit.UnitTestAdapter" className="Tests.iCore.Common.MemberInfoExtensionsTest" name="IsBrowsableTest3" />
    </UnitTest>
    <UnitTest name="ImplementsTest1" storage="f:\etwork\bin\tests\unittests.icore.common.entities.dll" id="5a61c0ec-ca78-9243-5e2d-87503d6c2702">
      <Execution id="09917dd6-9d1f-40ab-933c-2637a6e43ea5" />
      <TestMethod codeBase="F:\ETWork\bin\Tests\UnitTests.iCore.Common.Entities.dll" adapterTypeName="Microsoft.VisualStudio.TestTools.TestTypes.Unit.UnitTestAdapter" className="Tests.iCore.Common.MemberInfoExtensionsTest" name="ImplementsTest1" />
    </UnitTest>
    <UnitTest name="GetPropertyDecoratedWithTest5" storage="f:\etwork\bin\tests\unittests.icore.common.entities.dll" id="cc963422-d493-7f82-2d55-144e571e70f7">
      <Execution id="8e4ae7b8-61c9-4ae8-a600-d7e208baa19d" />
      <TestMethod codeBase="F:\ETWork\bin\Tests\UnitTests.iCore.Common.Entities.dll" adapterTypeName="Microsoft.VisualStudio.TestTools.TestTypes.Unit.UnitTestAdapter" className="Tests.iCore.Common.MemberInfoExtensionsTest" name="GetPropertyDecoratedWithTest5" />
    </UnitTest>
    <UnitTest name="GetPropertyDecoratedWithTest4" storage="f:\etwork\bin\tests\unittests.icore.common.entities.dll" id="ad51a2ec-10d1-ac91-d63f-7632b2106a60">
      <Execution id="19b6dfb3-c925-4eca-8ce3-c9b747c2c385" />
      <TestMethod codeBase="F:\ETWork\bin\Tests\UnitTests.iCore.Common.Entities.dll" adapterTypeName="Microsoft.VisualStudio.TestTools.TestTypes.Unit.UnitTestAdapter" className="Tests.iCore.Common.MemberInfoExtensionsTest" name="GetPropertyDecoratedWithTest4" />
    </UnitTest>
    <UnitTest name="GetPropertyDecoratedWithTest3" storage="f:\etwork\bin\tests\unittests.icore.common.entities.dll" id="4bc1432a-38cc-7d96-dab2-04c06c69b3ee">
      <Execution id="820e445a-c0cb-4925-af48-e810f8a2e54e" />
      <TestMethod codeBase="F:\ETWork\bin\Tests\UnitTests.iCore.Common.Entities.dll" adapterTypeName="Microsoft.VisualStudio.TestTools.TestTypes.Unit.UnitTestAdapter" className="Tests.iCore.Common.MemberInfoExtensionsTest" name="GetPropertyDecoratedWithTest3" />
    </UnitTest>
    <UnitTest name="GetPropertiesDecoratedWithTest1" storage="f:\etwork\bin\tests\unittests.icore.common.entities.dll" id="8b92c82e-d309-dc66-4cd0-41823801ad07">
      <Execution id="f6d04d5b-6890-4b65-8909-bb536d56fb9c" />
      <TestMethod codeBase="F:\ETWork\bin\Tests\UnitTests.iCore.Common.Entities.dll" adapterTypeName="Microsoft.VisualStudio.TestTools.TestTypes.Unit.UnitTestAdapter" className="Tests.iCore.Common.MemberInfoExtensionsTest" name="GetPropertiesDecoratedWithTest1" />
    </UnitTest>
    <UnitTest name="GetPropertiesDecoratedWithTest2" storage="f:\etwork\bin\tests\unittests.icore.common.entities.dll" id="00e5d91a-e505-2824-c5c4-e81796037524">
      <Execution id="d5b2688b-7d9a-47b4-9137-f27d943ab990" />
      <TestMethod codeBase="F:\ETWork\bin\Tests\UnitTests.iCore.Common.Entities.dll" adapterTypeName="Microsoft.VisualStudio.TestTools.TestTypes.Unit.UnitTestAdapter" className="Tests.iCore.Common.MemberInfoExtensionsTest" name="GetPropertiesDecoratedWithTest2" />
    </UnitTest>
    <UnitTest name="GetPropertiesDecoratedWithTest3" storage="f:\etwork\bin\tests\unittests.icore.common.entities.dll" id="259f1303-78b4-b140-fdd9-698134177790">
      <Execution id="e939d2da-ad4f-4907-ae77-e037056c4595" />
      <TestMethod codeBase="F:\ETWork\bin\Tests\UnitTests.iCore.Common.Entities.dll" adapterTypeName="Microsoft.VisualStudio.TestTools.TestTypes.Unit.UnitTestAdapter" className="Tests.iCore.Common.MemberInfoExtensionsTest" name="GetPropertiesDecoratedWithTest3" />
    </UnitTest>
    <UnitTest name="GetPropertiesDecoratedWithTest4" storage="f:\etwork\bin\tests\unittests.icore.common.entities.dll" id="47e75695-2bb9-9c09-8d5c-a979787dde18">
      <Execution id="40af5dce-165f-418b-b53b-6e0f77fc9ea6" />
      <TestMethod codeBase="F:\ETWork\bin\Tests\UnitTests.iCore.Common.Entities.dll" adapterTypeName="Microsoft.VisualStudio.TestTools.TestTypes.Unit.UnitTestAdapter" className="Tests.iCore.Common.MemberInfoExtensionsTest" name="GetPropertiesDecoratedWithTest4" />
    </UnitTest>
    <UnitTest name="VerticesTest" storage="f:\etwork\bin\tests\unittests.icore.common.entities.dll" id="a6743f5a-fcae-921f-2c90-fcb37bc4468d">
      <Execution id="0f4347f4-e73d-464f-bc9b-c3fe33d778cc" />
      <TestMethod codeBase="F:\ETWork\bin\Tests\UnitTests.iCore.Common.Entities.dll" adapterTypeName="Microsoft.VisualStudio.TestTools.TestTypes.Unit.UnitTestAdapter" className="SysIntgTests.iCore.Common.Entities.DependencyGraphTests" name="VerticesTest" />
    </UnitTest>
    <UnitTest name="VertexCountTest" storage="f:\etwork\bin\tests\unittests.icore.common.entities.dll" id="24b1d80e-9e29-1591-f3a8-8199304a6aab">
      <Execution id="ed537c70-6385-4353-a55b-89cbb25973fd" />
      <TestMethod codeBase="F:\ETWork\bin\Tests\UnitTests.iCore.Common.Entities.dll" adapterTypeName="Microsoft.VisualStudio.TestTools.TestTypes.Unit.UnitTestAdapter" className="SysIntgTests.iCore.Common.Entities.DependencyGraphTests" name="VertexCountTest" />
    </UnitTest>
    <UnitTest name="EdgesTest" storage="f:\etwork\bin\tests\unittests.icore.common.entities.dll" id="680de435-137a-7950-7e90-63bff8fbc3cd">
      <Execution id="d7532beb-efab-425f-bc86-11c74680ec30" />
      <TestMethod codeBase="F:\ETWork\bin\Tests\UnitTests.iCore.Common.Entities.dll" adapterTypeName="Microsoft.VisualStudio.TestTools.TestTypes.Unit.UnitTestAdapter" className="SysIntgTests.iCore.Common.Entities.DependencyGraphTests" name="EdgesTest" />
    </UnitTest>
    <UnitTest name="TryGetVertexTest" storage="f:\etwork\bin\tests\unittests.icore.common.entities.dll" id="c2e48f0d-f156-ec8f-2bbe-2f701258bdc0">
      <Execution id="72fdfb2d-be77-475a-9613-1e76173deeb5" />
      <TestMethod codeBase="F:\ETWork\bin\Tests\UnitTests.iCore.Common.Entities.dll" adapterTypeName="Microsoft.VisualStudio.TestTools.TestTypes.Unit.UnitTestAdapter" className="SysIntgTests.iCore.Common.Entities.DependencyGraphTests" name="TryGetVertexTest" />
    </UnitTest>
    <UnitTest name="GetVertexTest" storage="f:\etwork\bin\tests\unittests.icore.common.entities.dll" id="09e3efc3-1a22-65a8-d7ec-e10e49a8fa3a">
      <Execution id="b5125bf2-3f95-41e8-9b56-7e55931dcaed" />
      <TestMethod codeBase="F:\ETWork\bin\Tests\UnitTests.iCore.Common.Entities.dll" adapterTypeName="Microsoft.VisualStudio.TestTools.TestTypes.Unit.UnitTestAdapter" className="SysIntgTests.iCore.Common.Entities.DependencyGraphTests" name="GetVertexTest" />
    </UnitTest>
    <UnitTest name="GetNonExistingVertexTest" storage="f:\etwork\bin\tests\unittests.icore.common.entities.dll" id="6fd82384-5c4b-78fd-e0f9-1b5e8cf242d0">
      <Execution id="8f9e3541-ac6f-4121-930d-67387e9196eb" />
      <TestMethod codeBase="F:\ETWork\bin\Tests\UnitTests.iCore.Common.Entities.dll" adapterTypeName="Microsoft.VisualStudio.TestTools.TestTypes.Unit.UnitTestAdapter" className="SysIntgTests.iCore.Common.Entities.DependencyGraphTests" name="GetNonExistingVertexTest" />
    </UnitTest>
    <UnitTest name="RemoveVertexTest" storage="f:\etwork\bin\tests\unittests.icore.common.entities.dll" id="b1c3144d-3e51-b1ab-54c2-6818dc7155a0">
      <Execution id="8906708d-8500-4f96-b8b1-d630b61871f5" />
      <TestMethod codeBase="F:\ETWork\bin\Tests\UnitTests.iCore.Common.Entities.dll" adapterTypeName="Microsoft.VisualStudio.TestTools.TestTypes.Unit.UnitTestAdapter" className="SysIntgTests.iCore.Common.Entities.DependencyGraphTests" name="RemoveVertexTest" />
    </UnitTest>
    <UnitTest name="RemoveNonExistingVertexTest" storage="f:\etwork\bin\tests\unittests.icore.common.entities.dll" id="d662d3e8-955c-9722-3556-048dd7ef3c94">
      <Execution id="86ea6473-6563-4045-8f32-a20ce5e1460f" />
      <TestMethod codeBase="F:\ETWork\bin\Tests\UnitTests.iCore.Common.Entities.dll" adapterTypeName="Microsoft.VisualStudio.TestTools.TestTypes.Unit.UnitTestAdapter" className="SysIntgTests.iCore.Common.Entities.DependencyGraphTests" name="RemoveNonExistingVertexTest" />
    </UnitTest>
    <UnitTest name="HasReferrersTest" storage="f:\etwork\bin\tests\unittests.icore.common.entities.dll" id="afe74d43-1a7a-26f1-ad7e-028f4cf4546b">
      <Execution id="6156b97f-75b2-4681-9fd6-2b7f9bcabe08" />
      <TestMethod codeBase="F:\ETWork\bin\Tests\UnitTests.iCore.Common.Entities.dll" adapterTypeName="Microsoft.VisualStudio.TestTools.TestTypes.Unit.UnitTestAdapter" className="SysIntgTests.iCore.Common.Entities.DependencyGraphTests" name="HasReferrersTest" />
    </UnitTest>
    <UnitTest name="HasRefereesTest" storage="f:\etwork\bin\tests\unittests.icore.common.entities.dll" id="d7833415-c29c-f62e-7484-35224d5453b5">
      <Execution id="f081b2a5-45cc-4a35-9ff0-3b2cf34e0883" />
      <TestMethod codeBase="F:\ETWork\bin\Tests\UnitTests.iCore.Common.Entities.dll" adapterTypeName="Microsoft.VisualStudio.TestTools.TestTypes.Unit.UnitTestAdapter" className="SysIntgTests.iCore.Common.Entities.DependencyGraphTests" name="HasRefereesTest" />
    </UnitTest>
    <UnitTest name="GetToplogicalOrderTest" storage="f:\etwork\bin\tests\unittests.icore.common.entities.dll" id="b3399b31-c122-c903-288f-41611da08c62">
      <Execution id="9eae4db8-eefb-4a3d-95b1-3b4eda3c82ff" />
      <TestMethod codeBase="F:\ETWork\bin\Tests\UnitTests.iCore.Common.Entities.dll" adapterTypeName="Microsoft.VisualStudio.TestTools.TestTypes.Unit.UnitTestAdapter" className="SysIntgTests.iCore.Common.Entities.DependencyGraphTests" name="GetToplogicalOrderTest" />
    </UnitTest>
    <UnitTest name="GetReverseToplogicalOrderTest" storage="f:\etwork\bin\tests\unittests.icore.common.entities.dll" id="bf29564d-2d6f-8c6a-2f2c-57ca176934af">
      <Execution id="dcefc9e1-3413-449f-b4cb-a6c8e99796ff" />
      <TestMethod codeBase="F:\ETWork\bin\Tests\UnitTests.iCore.Common.Entities.dll" adapterTypeName="Microsoft.VisualStudio.TestTools.TestTypes.Unit.UnitTestAdapter" className="SysIntgTests.iCore.Common.Entities.DependencyGraphTests" name="GetReverseToplogicalOrderTest" />
    </UnitTest>
    <UnitTest name="GetDirectReferrersOfTest" storage="f:\etwork\bin\tests\unittests.icore.common.entities.dll" id="3d0ed7f1-0ea6-4539-c6cc-2fc403f29cba">
      <Execution id="b341828c-9a66-4a6e-adf9-583e92de111a" />
      <TestMethod codeBase="F:\ETWork\bin\Tests\UnitTests.iCore.Common.Entities.dll" adapterTypeName="Microsoft.VisualStudio.TestTools.TestTypes.Unit.UnitTestAdapter" className="SysIntgTests.iCore.Common.Entities.DependencyGraphTests" name="GetDirectReferrersOfTest" />
    </UnitTest>
    <UnitTest name="GetDirectRefereesOfTest" storage="f:\etwork\bin\tests\unittests.icore.common.entities.dll" id="2fefdcaa-26d3-68ba-a21e-99b2a579cee5">
      <Execution id="bf194a41-78c3-43d8-9ead-4bcec30f416f" />
      <TestMethod codeBase="F:\ETWork\bin\Tests\UnitTests.iCore.Common.Entities.dll" adapterTypeName="Microsoft.VisualStudio.TestTools.TestTypes.Unit.UnitTestAdapter" className="SysIntgTests.iCore.Common.Entities.DependencyGraphTests" name="GetDirectRefereesOfTest" />
    </UnitTest>
    <UnitTest name="GetAdjacentReferrersTest" storage="f:\etwork\bin\tests\unittests.icore.common.entities.dll" id="6c16867a-53b0-9091-2c2f-00aa5af20980">
      <Execution id="3e0895ee-ffd9-4ecb-8cd5-56d0b7c1e661" />
      <TestMethod codeBase="F:\ETWork\bin\Tests\UnitTests.iCore.Common.Entities.dll" adapterTypeName="Microsoft.VisualStudio.TestTools.TestTypes.Unit.UnitTestAdapter" className="SysIntgTests.iCore.Common.Entities.DependencyGraphTests" name="GetAdjacentReferrersTest" />
    </UnitTest>
    <UnitTest name="GetAdjacentRefereesTest" storage="f:\etwork\bin\tests\unittests.icore.common.entities.dll" id="372cca2a-838c-f747-de17-f782124fff32">
      <Execution id="64d29950-ea63-44e1-887d-ed84789902a1" />
      <TestMethod codeBase="F:\ETWork\bin\Tests\UnitTests.iCore.Common.Entities.dll" adapterTypeName="Microsoft.VisualStudio.TestTools.TestTypes.Unit.UnitTestAdapter" className="SysIntgTests.iCore.Common.Entities.DependencyGraphTests" name="GetAdjacentRefereesTest" />
    </UnitTest>
    <UnitTest name="ContainsDependencyTest" storage="f:\etwork\bin\tests\unittests.icore.common.entities.dll" id="9cc1a8df-4b86-8bdd-3545-f18bdbea4087">
      <Execution id="e325feb7-1674-4687-b5fb-cdfe81bd22f8" />
      <TestMethod codeBase="F:\ETWork\bin\Tests\UnitTests.iCore.Common.Entities.dll" adapterTypeName="Microsoft.VisualStudio.TestTools.TestTypes.Unit.UnitTestAdapter" className="SysIntgTests.iCore.Common.Entities.DependencyGraphTests" name="ContainsDependencyTest" />
    </UnitTest>
    <UnitTest name="ClearTest" storage="f:\etwork\bin\tests\unittests.icore.common.entities.dll" id="2b9b3b11-b42c-fade-302d-7b12872d8eb4">
      <Execution id="78359fd8-da7d-4aec-853c-23c021ec7756" />
      <TestMethod codeBase="F:\ETWork\bin\Tests\UnitTests.iCore.Common.Entities.dll" adapterTypeName="Microsoft.VisualStudio.TestTools.TestTypes.Unit.UnitTestAdapter" className="SysIntgTests.iCore.Common.Entities.DependencyGraphTests" name="ClearTest" />
    </UnitTest>
    <UnitTest name="AddVertexFailureTest" storage="f:\etwork\bin\tests\unittests.icore.common.entities.dll" id="37636cde-18ec-ff48-211b-1c7ee8d18b92">
      <Execution id="03207c7b-3a9f-4450-ab75-f14e5ecd05be" />
      <TestMethod codeBase="F:\ETWork\bin\Tests\UnitTests.iCore.Common.Entities.dll" adapterTypeName="Microsoft.VisualStudio.TestTools.TestTypes.Unit.UnitTestAdapter" className="SysIntgTests.iCore.Common.Entities.DependencyGraphTests" name="AddVertexFailureTest" />
    </UnitTest>
    <UnitTest name="GetSubgraphWithRefereesOfTest" storage="f:\etwork\bin\tests\unittests.icore.common.entities.dll" id="1bebd7cf-d3aa-7268-1c9f-c1b5c4f641db">
      <Execution id="64a461f5-7dfa-4f1f-bdb7-8df7c44cf584" />
      <TestMethod codeBase="F:\ETWork\bin\Tests\UnitTests.iCore.Common.Entities.dll" adapterTypeName="Microsoft.VisualStudio.TestTools.TestTypes.Unit.UnitTestAdapter" className="SysIntgTests.iCore.Common.Entities.DependencyGraphTests" name="GetSubgraphWithRefereesOfTest" />
    </UnitTest>
    <UnitTest name="GetSubgraphWithReferrersOfTest" storage="f:\etwork\bin\tests\unittests.icore.common.entities.dll" id="2c2f55a1-9922-2ef1-7963-0bdff103a251">
      <Execution id="d487213a-f59c-4be1-a937-907853861f9c" />
      <TestMethod codeBase="F:\ETWork\bin\Tests\UnitTests.iCore.Common.Entities.dll" adapterTypeName="Microsoft.VisualStudio.TestTools.TestTypes.Unit.UnitTestAdapter" className="SysIntgTests.iCore.Common.Entities.DependencyGraphTests" name="GetSubgraphWithReferrersOfTest" />
    </UnitTest>
    <UnitTest name="RemoveVertexWithRefereesTest" storage="f:\etwork\bin\tests\unittests.icore.common.entities.dll" id="6c625d02-a738-8bd5-4463-bd914d68538b">
      <Execution id="c7776596-0396-43e7-92a3-c13036c90a47" />
      <TestMethod codeBase="F:\ETWork\bin\Tests\UnitTests.iCore.Common.Entities.dll" adapterTypeName="Microsoft.VisualStudio.TestTools.TestTypes.Unit.UnitTestAdapter" className="SysIntgTests.iCore.Common.Entities.DependencyGraphTests" name="RemoveVertexWithRefereesTest" />
    </UnitTest>
    <UnitTest name="RemoveDependencyTest" storage="f:\etwork\bin\tests\unittests.icore.common.entities.dll" id="e23a1abe-29ea-985a-4aa8-a3f727b907a1">
      <Execution id="5ab9dcc8-43c9-4bf5-8b84-a375e64de7ee" />
      <TestMethod codeBase="F:\ETWork\bin\Tests\UnitTests.iCore.Common.Entities.dll" adapterTypeName="Microsoft.VisualStudio.TestTools.TestTypes.Unit.UnitTestAdapter" className="SysIntgTests.iCore.Common.Entities.DependencyGraphTests" name="RemoveDependencyTest" />
    </UnitTest>
    <UnitTest name="AddVertexWithReferrersFromTest" storage="f:\etwork\bin\tests\unittests.icore.common.entities.dll" id="352a4006-8d39-8e2e-e9c2-944f16c375b2">
      <Execution id="fb459832-7a33-4d2c-99eb-2a6c7b1ffcac" />
      <TestMethod codeBase="F:\ETWork\bin\Tests\UnitTests.iCore.Common.Entities.dll" adapterTypeName="Microsoft.VisualStudio.TestTools.TestTypes.Unit.UnitTestAdapter" className="SysIntgTests.iCore.Common.Entities.DependencyGraphTests" name="AddVertexWithReferrersFromTest" />
    </UnitTest>
    <UnitTest name="AddVertexWithRefereesFromTest" storage="f:\etwork\bin\tests\unittests.icore.common.entities.dll" id="ed5ddf2f-0b88-ba43-07a5-1633c4005b33">
      <Execution id="9b56f5c8-7428-4538-9255-56b19206c8d6" />
      <TestMethod codeBase="F:\ETWork\bin\Tests\UnitTests.iCore.Common.Entities.dll" adapterTypeName="Microsoft.VisualStudio.TestTools.TestTypes.Unit.UnitTestAdapter" className="SysIntgTests.iCore.Common.Entities.DependencyGraphTests" name="AddVertexWithRefereesFromTest" />
    </UnitTest>
    <UnitTest name="MappedProperty_GetCustomAttributesTest2" storage="f:\etwork\bin\tests\unittests.icore.common.entities.dll" id="e3552598-8b87-782c-91e1-8b94df654005">
      <Execution id="ba3470e0-0f24-419c-93c0-3d8047566eac" />
      <TestMethod codeBase="F:\ETWork\bin\Tests\UnitTests.iCore.Common.Entities.dll" adapterTypeName="Microsoft.VisualStudio.TestTools.TestTypes.Unit.UnitTestAdapter" className="SysIntgTests.iCore.Common.Entities.MappedPropertyTest" name="MappedProperty_GetCustomAttributesTest2" />
    </UnitTest>
    <UnitTest name="TryReplaceXamlTypeName_TypeNameExistsAsTypeArgument_ReplacementsAreMade" storage="f:\etwork\bin\tests\unittests.icore.common.entities.dll" id="ab68c9ec-fd01-8c35-56b5-b6ed5f049825">
      <Execution id="e486cae0-204e-48f5-9025-08d3e7fc1d71" />
      <TestMethod codeBase="F:\ETWork\bin\Tests\UnitTests.iCore.Common.Entities.dll" adapterTypeName="Microsoft.VisualStudio.TestTools.TestTypes.Unit.UnitTestAdapter" className="UnitTests.Common.Entities.WorkflowXamlUtilsTests" name="TryReplaceXamlTypeName_TypeNameExistsAsTypeArgument_ReplacementsAreMade" />
    </UnitTest>
    <UnitTest name="TryReplaceXamlTypeName_SearchStringNotFound_ReturnsFalse" storage="f:\etwork\bin\tests\unittests.icore.common.entities.dll" id="07f68a80-3eeb-31a1-cb33-9f5217ca30a8">
      <Execution id="2533544d-3c46-464e-abbc-d74ec573fc76" />
      <TestMethod codeBase="F:\ETWork\bin\Tests\UnitTests.iCore.Common.Entities.dll" adapterTypeName="Microsoft.VisualStudio.TestTools.TestTypes.Unit.UnitTestAdapter" className="UnitTests.Common.Entities.WorkflowXamlUtilsTests" name="TryReplaceXamlTypeName_SearchStringNotFound_ReturnsFalse" />
    </UnitTest>
    <UnitTest name="Test" storage="f:\etwork\bin\tests\unittests.icore.common.entities.dll" id="34b301d3-2437-2176-6904-040fff0417db">
      <Execution id="ae70a034-9c1e-44c7-9ad4-9b7263c5fa89" />
      <TestMethod codeBase="F:\ETWork\bin\Tests\UnitTests.iCore.Common.Entities.dll" adapterTypeName="Microsoft.VisualStudio.TestTools.TestTypes.Unit.UnitTestAdapter" className="UnitTests.iCore.Common.Entities.ChildEntityFilterTests" name="Test" />
    </UnitTest>
    <UnitTest name="AddOrUpdateNodeAttributeValues_NormalExecutionAllArgumentsSet_Success" storage="f:\etwork\bin\tests\unittests.icore.common.entities.dll" id="0217f485-3542-dd44-a2da-1999102f261f">
      <Execution id="ad617db7-a385-4ab4-aa18-aeea9a170c94" />
      <TestMethod codeBase="F:\ETWork\bin\Tests\UnitTests.iCore.Common.Entities.dll" adapterTypeName="Microsoft.VisualStudio.TestTools.TestTypes.Unit.UnitTestAdapter" className="UnitTests.iCore.Common.Entities.SystemNodeRepositoryTest" name="AddOrUpdateNodeAttributeValues_NormalExecutionAllArgumentsSet_Success" />
    </UnitTest>
    <UnitTest name="AddOrUpdateNodeAttributeValues_ExistingNodeAttributeOverwrite_Success" storage="f:\etwork\bin\tests\unittests.icore.common.entities.dll" id="877ec447-43ef-69e3-6112-69e4ad3f86ab">
      <Execution id="1ac56e4e-35e5-40df-8bf6-3c0577a0f87f" />
      <TestMethod codeBase="F:\ETWork\bin\Tests\UnitTests.iCore.Common.Entities.dll" adapterTypeName="Microsoft.VisualStudio.TestTools.TestTypes.Unit.UnitTestAdapter" className="UnitTests.iCore.Common.Entities.SystemNodeRepositoryTest" name="AddOrUpdateNodeAttributeValues_ExistingNodeAttributeOverwrite_Success" />
    </UnitTest>
    <UnitTest name="AddOrUpdateNodeAttributeValues_AddExistingAttributeToNode_Success" storage="f:\etwork\bin\tests\unittests.icore.common.entities.dll" id="6febdd20-524c-318a-6901-034293df3a1a">
      <Execution id="64511b77-47f5-4ab5-bd17-cc65431d1d22" />
      <TestMethod codeBase="F:\ETWork\bin\Tests\UnitTests.iCore.Common.Entities.dll" adapterTypeName="Microsoft.VisualStudio.TestTools.TestTypes.Unit.UnitTestAdapter" className="UnitTests.iCore.Common.Entities.SystemNodeRepositoryTest" name="AddOrUpdateNodeAttributeValues_AddExistingAttributeToNode_Success" />
    </UnitTest>
    <UnitTest name="AddOrUpdateNodeAttributeValues_ExistingNodeAttributeTypeOptionGenerateError_ThrowsException" storage="f:\etwork\bin\tests\unittests.icore.common.entities.dll" id="cbf43049-b318-b111-1d08-9d97e8bd4615">
      <Execution id="6cc84bdb-ea06-45af-955a-3ed40e70f7f4" />
      <TestMethod codeBase="F:\ETWork\bin\Tests\UnitTests.iCore.Common.Entities.dll" adapterTypeName="Microsoft.VisualStudio.TestTools.TestTypes.Unit.UnitTestAdapter" className="UnitTests.iCore.Common.Entities.SystemNodeRepositoryTest" name="AddOrUpdateNodeAttributeValues_ExistingNodeAttributeTypeOptionGenerateError_ThrowsException" />
    </UnitTest>
    <UnitTest name="AddOrUpdateNodeAttributeValues_NonExistingNodeAttributeTypeOptionGenerateError_ThrowsException" storage="f:\etwork\bin\tests\unittests.icore.common.entities.dll" id="1c0337aa-d00c-a66e-50d2-212159dade8f">
      <Execution id="e62cd4f4-6df6-4057-a387-1a1f117c4462" />
      <TestMethod codeBase="F:\ETWork\bin\Tests\UnitTests.iCore.Common.Entities.dll" adapterTypeName="Microsoft.VisualStudio.TestTools.TestTypes.Unit.UnitTestAdapter" className="UnitTests.iCore.Common.Entities.SystemNodeRepositoryTest" name="AddOrUpdateNodeAttributeValues_NonExistingNodeAttributeTypeOptionGenerateError_ThrowsException" />
    </UnitTest>
    <UnitTest name="AddOrUpdateNodeAttributeValues_NodeDoesNotExist_ThrowsException" storage="f:\etwork\bin\tests\unittests.icore.common.entities.dll" id="4eb340ba-4d04-f0d2-3725-8869d87ef718">
      <Execution id="b1916054-1c2b-40db-abf7-9c04df11f691" />
      <TestMethod codeBase="F:\ETWork\bin\Tests\UnitTests.iCore.Common.Entities.dll" adapterTypeName="Microsoft.VisualStudio.TestTools.TestTypes.Unit.UnitTestAdapter" className="UnitTests.iCore.Common.Entities.SystemNodeRepositoryTest" name="AddOrUpdateNodeAttributeValues_NodeDoesNotExist_ThrowsException" />
    </UnitTest>
    <UnitTest name="Add_IEntity_ThrowsNotSupported" storage="f:\etwork\bin\tests\unittests.icore.common.entities.dll" id="e24e0d36-0f5f-924f-2236-989d8500e6ba">
      <Execution id="8f2a1e13-3b2b-4a45-8c6d-419f2e265990" />
      <TestMethod codeBase="F:\ETWork\bin\Tests\UnitTests.iCore.Common.Entities.dll" adapterTypeName="Microsoft.VisualStudio.TestTools.TestTypes.Unit.UnitTestAdapter" className="UnitTests.iCore.Common.Entities.SystemNodeRepositoryTest" name="Add_IEntity_ThrowsNotSupported" />
    </UnitTest>
    <UnitTest name="Update_IEntity_ThrowsNotSupported" storage="f:\etwork\bin\tests\unittests.icore.common.entities.dll" id="42d372a0-4241-3ff7-00f9-b83f3b8d36d1">
      <Execution id="23a899d7-3784-4137-8f43-c4fa3786e94c" />
      <TestMethod codeBase="F:\ETWork\bin\Tests\UnitTests.iCore.Common.Entities.dll" adapterTypeName="Microsoft.VisualStudio.TestTools.TestTypes.Unit.UnitTestAdapter" className="UnitTests.iCore.Common.Entities.SystemNodeRepositoryTest" name="Update_IEntity_ThrowsNotSupported" />
    </UnitTest>
    <UnitTest name="Delete_IEntity_ThrowsNotSupported" storage="f:\etwork\bin\tests\unittests.icore.common.entities.dll" id="c08c894d-98f8-0b2b-11c7-81c5283b0865">
      <Execution id="7838d1d2-c902-4940-9171-2584423b991f" />
      <TestMethod codeBase="F:\ETWork\bin\Tests\UnitTests.iCore.Common.Entities.dll" adapterTypeName="Microsoft.VisualStudio.TestTools.TestTypes.Unit.UnitTestAdapter" className="UnitTests.iCore.Common.Entities.SystemNodeRepositoryTest" name="Delete_IEntity_ThrowsNotSupported" />
    </UnitTest>
    <UnitTest name="Add_WrongEntityType_ThrowsArgumentException" storage="f:\etwork\bin\tests\unittests.icore.common.entities.dll" id="32ea10d2-cce4-4197-8948-2b2049ef79dc">
      <Execution id="723bfdbc-98db-41bc-80d7-d1617d09c3c6" />
      <TestMethod codeBase="F:\ETWork\bin\Tests\UnitTests.iCore.Common.Entities.dll" adapterTypeName="Microsoft.VisualStudio.TestTools.TestTypes.Unit.UnitTestAdapter" className="UnitTests.iCore.Common.Entities.SystemUserRepositoryTests" name="Add_WrongEntityType_ThrowsArgumentException" />
    </UnitTest>
    <UnitTest name="Update_WrongEntityType_ThrowsArgumentException" storage="f:\etwork\bin\tests\unittests.icore.common.entities.dll" id="3f899137-10f7-0017-4ccd-8948e5d6697a">
      <Execution id="b9e3bd35-cedf-441b-b9fd-d7dcdc7e403b" />
      <TestMethod codeBase="F:\ETWork\bin\Tests\UnitTests.iCore.Common.Entities.dll" adapterTypeName="Microsoft.VisualStudio.TestTools.TestTypes.Unit.UnitTestAdapter" className="UnitTests.iCore.Common.Entities.SystemUserRepositoryTests" name="Update_WrongEntityType_ThrowsArgumentException" />
    </UnitTest>
    <UnitTest name="Delete_WrongEntityType_ThrowsArgumentException" storage="f:\etwork\bin\tests\unittests.icore.common.entities.dll" id="15ed63c0-1e26-736e-8ff9-a7891b76600c">
      <Execution id="b1cdf5b0-e493-4595-a4f9-424798a85cae" />
      <TestMethod codeBase="F:\ETWork\bin\Tests\UnitTests.iCore.Common.Entities.dll" adapterTypeName="Microsoft.VisualStudio.TestTools.TestTypes.Unit.UnitTestAdapter" className="UnitTests.iCore.Common.Entities.SystemUserRepositoryTests" name="Delete_WrongEntityType_ThrowsArgumentException" />
    </UnitTest>
    <UnitTest name="EntityReflectionType_InvokingGetFrom_InheritedInterfaceIsReturned" storage="f:\etwork\bin\tests\unittests.icore.common.entities.dll" id="f6d77d6c-6ec6-62d3-7eee-aaa85c1aa32e">
      <Execution id="255e093b-36aa-4493-b8e6-33df7ff3ddb0" />
      <TestMethod codeBase="F:\ETWork\bin\Tests\UnitTests.iCore.Common.Entities.dll" adapterTypeName="Microsoft.VisualStudio.TestTools.TestTypes.Unit.UnitTestAdapter" className="UnitTests.iCore.Common.Entities.EntityReflectionTypeTests" name="EntityReflectionType_InvokingGetFrom_InheritedInterfaceIsReturned" />
    </UnitTest>
    <UnitTest name="Merge_NullAndInstance_ReturnsNewInstance" storage="f:\etwork\bin\tests\unittests.icore.common.entities.dll" id="f106027a-6fd2-014e-9682-445342fb4280">
      <Execution id="b6a2e272-fa73-4ea5-a8a5-db33bd4aa831" />
      <TestMethod codeBase="F:\ETWork\bin\Tests\UnitTests.iCore.Common.Entities.dll" adapterTypeName="Microsoft.VisualStudio.TestTools.TestTypes.Unit.UnitTestAdapter" className="UnitTests.iCore.Common.Entities.EntityFilterDefinitionTest" name="Merge_NullAndInstance_ReturnsNewInstance" />
    </UnitTest>
    <UnitTest name="Merge_InstanceAndNull_ReturnsNewInstance" storage="f:\etwork\bin\tests\unittests.icore.common.entities.dll" id="520c5bb9-be34-b8b1-0807-3a1092cb7523">
      <Execution id="dd4457bd-9c79-40fb-b151-28b8d587077b" />
      <TestMethod codeBase="F:\ETWork\bin\Tests\UnitTests.iCore.Common.Entities.dll" adapterTypeName="Microsoft.VisualStudio.TestTools.TestTypes.Unit.UnitTestAdapter" className="UnitTests.iCore.Common.Entities.EntityFilterDefinitionTest" name="Merge_InstanceAndNull_ReturnsNewInstance" />
    </UnitTest>
    <UnitTest name="Merge_NonNulls_ReturnsNewInstance" storage="f:\etwork\bin\tests\unittests.icore.common.entities.dll" id="8063d803-899d-8b3e-64ef-35b871a4452e">
      <Execution id="f5a16246-9720-4679-af74-998429091cca" />
      <TestMethod codeBase="F:\ETWork\bin\Tests\UnitTests.iCore.Common.Entities.dll" adapterTypeName="Microsoft.VisualStudio.TestTools.TestTypes.Unit.UnitTestAdapter" className="UnitTests.iCore.Common.Entities.EntityFilterDefinitionTest" name="Merge_NonNulls_ReturnsNewInstance" />
    </UnitTest>
    <UnitTest name="Merge_DifferentTypes_IsStillComposite" storage="f:\etwork\bin\tests\unittests.icore.common.entities.dll" id="0e857638-a5f5-3303-076a-48672943decb">
      <Execution id="aaa92d16-353f-44f9-a4e5-ebcd181a7553" />
      <TestMethod codeBase="F:\ETWork\bin\Tests\UnitTests.iCore.Common.Entities.dll" adapterTypeName="Microsoft.VisualStudio.TestTools.TestTypes.Unit.UnitTestAdapter" className="UnitTests.iCore.Common.Entities.EntityFilterDefinitionTest" name="Merge_DifferentTypes_IsStillComposite" />
    </UnitTest>
    <UnitTest name="RuntimeParameter_Parse1" storage="f:\etwork\bin\tests\unittests.icore.common.entities.dll" id="0e82a69e-981c-f7d9-3b44-b27acbe204ad">
      <Execution id="658143a2-7589-45d7-915a-84717549acc7" />
      <TestMethod codeBase="F:\ETWork\bin\Tests\UnitTests.iCore.Common.Entities.dll" adapterTypeName="Microsoft.VisualStudio.TestTools.TestTypes.Unit.UnitTestAdapter" className="UnitTests.iCore.Common.Entities.RuntimeParameterTest" name="RuntimeParameter_Parse1" />
    </UnitTest>
    <UnitTest name="RuntimeParameter_NoParametersFromSeveralSQLCounts" storage="f:\etwork\bin\tests\unittests.icore.common.entities.dll" id="0fa9fa35-ec94-8df6-3337-bdfcedfbd78e">
      <Execution id="e035768a-18bf-4260-96d5-01cb1b8c25f0" />
      <TestMethod codeBase="F:\ETWork\bin\Tests\UnitTests.iCore.Common.Entities.dll" adapterTypeName="Microsoft.VisualStudio.TestTools.TestTypes.Unit.UnitTestAdapter" className="UnitTests.iCore.Common.Entities.RuntimeParameterTest" name="RuntimeParameter_NoParametersFromSeveralSQLCounts" />
    </UnitTest>
    <UnitTest name="RuntimeParameter_Roundtrip" storage="f:\etwork\bin\tests\unittests.icore.common.entities.dll" id="83cd084c-7921-4d51-0aeb-642cd49dcd89">
      <Execution id="7bf9902b-284f-4449-b3bc-8fbc4195af10" />
      <TestMethod codeBase="F:\ETWork\bin\Tests\UnitTests.iCore.Common.Entities.dll" adapterTypeName="Microsoft.VisualStudio.TestTools.TestTypes.Unit.UnitTestAdapter" className="UnitTests.iCore.Common.Entities.RuntimeParameterTest" name="RuntimeParameter_Roundtrip" />
    </UnitTest>
    <UnitTest name="SetValueIntegerOutputTest (Data Row 0)" storage="f:\etwork\bin\tests\unittests.icore.common.entities.dll" id="d08e48c7-4207-4abf-8161-5d8018baf158">
      <Execution id="3d813d28-976e-465a-8f8e-1522c193ec74" />
      <TestMethod codeBase="F:\ETWork\bin\Tests\UnitTests.iCore.Common.Entities.dll" adapterTypeName="Microsoft.VisualStudio.TestTools.TestTypes.Unit.UnitTestAdapter" className="UnitTests.iCore.Common.Entities.ScriptVarTests" name="SetValueIntegerOutputTest (Data Row 0)" />
    </UnitTest>
    <UnitTest name="SetValueIntegerOutputTest (Data Row 1)" storage="f:\etwork\bin\tests\unittests.icore.common.entities.dll" id="72098060-b090-45e3-b909-c07477939d62">
      <Execution id="81369504-ac41-4a03-91f5-a19d2e179380" />
      <TestMethod codeBase="F:\ETWork\bin\Tests\UnitTests.iCore.Common.Entities.dll" adapterTypeName="Microsoft.VisualStudio.TestTools.TestTypes.Unit.UnitTestAdapter" className="UnitTests.iCore.Common.Entities.ScriptVarTests" name="SetValueIntegerOutputTest (Data Row 1)" />
    </UnitTest>
    <UnitTest name="SetValueIntegerOutputTest (Data Row 2)" storage="f:\etwork\bin\tests\unittests.icore.common.entities.dll" id="6bc4921e-1a88-4acd-aa00-c0ee0cedbcb1">
      <Execution id="da077332-d89e-456b-9f00-53e458504423" />
      <TestMethod codeBase="F:\ETWork\bin\Tests\UnitTests.iCore.Common.Entities.dll" adapterTypeName="Microsoft.VisualStudio.TestTools.TestTypes.Unit.UnitTestAdapter" className="UnitTests.iCore.Common.Entities.ScriptVarTests" name="SetValueIntegerOutputTest (Data Row 2)" />
    </UnitTest>
    <UnitTest name="SetValueIntegerOutputTest (Data Row 3)" storage="f:\etwork\bin\tests\unittests.icore.common.entities.dll" id="446a10d0-ed40-4ba9-8eaf-59d51f3e044e">
      <Execution id="d41166c8-d83c-4d43-a9a4-394846145dd5" />
      <TestMethod codeBase="F:\ETWork\bin\Tests\UnitTests.iCore.Common.Entities.dll" adapterTypeName="Microsoft.VisualStudio.TestTools.TestTypes.Unit.UnitTestAdapter" className="UnitTests.iCore.Common.Entities.ScriptVarTests" name="SetValueIntegerOutputTest (Data Row 3)" />
    </UnitTest>
    <UnitTest name="SetValueIntegerOutputTest (Data Row 4)" storage="f:\etwork\bin\tests\unittests.icore.common.entities.dll" id="42e998e5-726a-45ec-8d73-28dac01bf190">
      <Execution id="b36652f9-ef4a-4b6e-8e2e-bf8698f5edad" />
      <TestMethod codeBase="F:\ETWork\bin\Tests\UnitTests.iCore.Common.Entities.dll" adapterTypeName="Microsoft.VisualStudio.TestTools.TestTypes.Unit.UnitTestAdapter" className="UnitTests.iCore.Common.Entities.ScriptVarTests" name="SetValueIntegerOutputTest (Data Row 4)" />
    </UnitTest>
    <UnitTest name="SetValueIntegerOutputTest (Data Row 5)" storage="f:\etwork\bin\tests\unittests.icore.common.entities.dll" id="2565f676-5b83-48fe-bde8-e6c7a2f1468e">
      <Execution id="6eb9b16b-25d5-4d9a-858d-1155256547d5" />
      <TestMethod codeBase="F:\ETWork\bin\Tests\UnitTests.iCore.Common.Entities.dll" adapterTypeName="Microsoft.VisualStudio.TestTools.TestTypes.Unit.UnitTestAdapter" className="UnitTests.iCore.Common.Entities.ScriptVarTests" name="SetValueIntegerOutputTest (Data Row 5)" />
    </UnitTest>
    <UnitTest name="SetValueIntegerOutputTest (Data Row 6)" storage="f:\etwork\bin\tests\unittests.icore.common.entities.dll" id="0fe9bb07-7aef-4fb7-b375-a8df242431c5">
      <Execution id="10e067c6-aff7-46b7-bba5-cac4816e4a46" />
      <TestMethod codeBase="F:\ETWork\bin\Tests\UnitTests.iCore.Common.Entities.dll" adapterTypeName="Microsoft.VisualStudio.TestTools.TestTypes.Unit.UnitTestAdapter" className="UnitTests.iCore.Common.Entities.ScriptVarTests" name="SetValueIntegerOutputTest (Data Row 6)" />
    </UnitTest>
    <UnitTest name="SetValueIntegerOutputTest (Data Row 7)" storage="f:\etwork\bin\tests\unittests.icore.common.entities.dll" id="860eeaf9-316a-4ec7-80d5-356bcc044e73">
      <Execution id="37b344a3-2ed8-4f58-9936-c77a95b59bfa" />
      <TestMethod codeBase="F:\ETWork\bin\Tests\UnitTests.iCore.Common.Entities.dll" adapterTypeName="Microsoft.VisualStudio.TestTools.TestTypes.Unit.UnitTestAdapter" className="UnitTests.iCore.Common.Entities.ScriptVarTests" name="SetValueIntegerOutputTest (Data Row 7)" />
    </UnitTest>
    <UnitTest name="SetValueIntegerOutputTest (Data Row 8)" storage="f:\etwork\bin\tests\unittests.icore.common.entities.dll" id="88ab7223-d4df-457d-ac34-68fd2889358e">
      <Execution id="e065688f-b7b9-4c59-8d54-c856737b2d24" />
      <TestMethod codeBase="F:\ETWork\bin\Tests\UnitTests.iCore.Common.Entities.dll" adapterTypeName="Microsoft.VisualStudio.TestTools.TestTypes.Unit.UnitTestAdapter" className="UnitTests.iCore.Common.Entities.ScriptVarTests" name="SetValueIntegerOutputTest (Data Row 8)" />
    </UnitTest>
    <UnitTest name="SetValueIntegerOutputTest (Data Row 9)" storage="f:\etwork\bin\tests\unittests.icore.common.entities.dll" id="ba4afd77-b964-4cc4-bb24-4a92e34631d8">
      <Execution id="4944a826-59a3-47e1-85dd-72016cf33377" />
      <TestMethod codeBase="F:\ETWork\bin\Tests\UnitTests.iCore.Common.Entities.dll" adapterTypeName="Microsoft.VisualStudio.TestTools.TestTypes.Unit.UnitTestAdapter" className="UnitTests.iCore.Common.Entities.ScriptVarTests" name="SetValueIntegerOutputTest (Data Row 9)" />
    </UnitTest>
    <UnitTest name="SetValueFloatOutputTest (Data Row 0)" storage="f:\etwork\bin\tests\unittests.icore.common.entities.dll" id="b99c2b84-e633-42ad-8e98-9eff786722ab">
      <Execution id="37bbbd49-2743-45bb-961a-30820f02a709" />
      <TestMethod codeBase="F:\ETWork\bin\Tests\UnitTests.iCore.Common.Entities.dll" adapterTypeName="Microsoft.VisualStudio.TestTools.TestTypes.Unit.UnitTestAdapter" className="UnitTests.iCore.Common.Entities.ScriptVarTests" name="SetValueFloatOutputTest (Data Row 0)" />
    </UnitTest>
    <UnitTest name="SetValueFloatOutputTest (Data Row 1)" storage="f:\etwork\bin\tests\unittests.icore.common.entities.dll" id="3d3143bb-5f28-41e8-b0ea-8b653bac98ce">
      <Execution id="49278b31-603b-434e-84b6-3ec3027dff87" />
      <TestMethod codeBase="F:\ETWork\bin\Tests\UnitTests.iCore.Common.Entities.dll" adapterTypeName="Microsoft.VisualStudio.TestTools.TestTypes.Unit.UnitTestAdapter" className="UnitTests.iCore.Common.Entities.ScriptVarTests" name="SetValueFloatOutputTest (Data Row 1)" />
    </UnitTest>
    <UnitTest name="SetValueFloatOutputTest (Data Row 2)" storage="f:\etwork\bin\tests\unittests.icore.common.entities.dll" id="ffa78822-5f78-49b8-8f15-410cc2ce6397">
      <Execution id="0f32f8ef-9e52-4519-8c5b-667c2900a4f3" />
      <TestMethod codeBase="F:\ETWork\bin\Tests\UnitTests.iCore.Common.Entities.dll" adapterTypeName="Microsoft.VisualStudio.TestTools.TestTypes.Unit.UnitTestAdapter" className="UnitTests.iCore.Common.Entities.ScriptVarTests" name="SetValueFloatOutputTest (Data Row 2)" />
    </UnitTest>
    <UnitTest name="SetValueFloatOutputTest (Data Row 3)" storage="f:\etwork\bin\tests\unittests.icore.common.entities.dll" id="152eb215-8307-41e4-a6bb-0c421b6eaa75">
      <Execution id="c1f7b963-d420-4189-bc0b-232976c84953" />
      <TestMethod codeBase="F:\ETWork\bin\Tests\UnitTests.iCore.Common.Entities.dll" adapterTypeName="Microsoft.VisualStudio.TestTools.TestTypes.Unit.UnitTestAdapter" className="UnitTests.iCore.Common.Entities.ScriptVarTests" name="SetValueFloatOutputTest (Data Row 3)" />
    </UnitTest>
    <UnitTest name="SetValueFloatOutputTest (Data Row 4)" storage="f:\etwork\bin\tests\unittests.icore.common.entities.dll" id="5be5db78-4904-4313-a399-9ba3a378ed1a">
      <Execution id="7c2b1e5c-2bb6-42ae-98c8-2f550c477b2f" />
      <TestMethod codeBase="F:\ETWork\bin\Tests\UnitTests.iCore.Common.Entities.dll" adapterTypeName="Microsoft.VisualStudio.TestTools.TestTypes.Unit.UnitTestAdapter" className="UnitTests.iCore.Common.Entities.ScriptVarTests" name="SetValueFloatOutputTest (Data Row 4)" />
    </UnitTest>
    <UnitTest name="SetValueFloatOutputTest (Data Row 5)" storage="f:\etwork\bin\tests\unittests.icore.common.entities.dll" id="4a5c8978-19ed-422d-acb5-a9a41e2411bd">
      <Execution id="c36e7d9b-77f1-448e-a5db-c9256858eef2" />
      <TestMethod codeBase="F:\ETWork\bin\Tests\UnitTests.iCore.Common.Entities.dll" adapterTypeName="Microsoft.VisualStudio.TestTools.TestTypes.Unit.UnitTestAdapter" className="UnitTests.iCore.Common.Entities.ScriptVarTests" name="SetValueFloatOutputTest (Data Row 5)" />
    </UnitTest>
    <UnitTest name="SetValueFloatOutputTest (Data Row 6)" storage="f:\etwork\bin\tests\unittests.icore.common.entities.dll" id="41850a19-40ab-44d9-9185-a93cd83a9f67">
      <Execution id="09397f29-076e-4d20-99b1-6d55e4094ee6" />
      <TestMethod codeBase="F:\ETWork\bin\Tests\UnitTests.iCore.Common.Entities.dll" adapterTypeName="Microsoft.VisualStudio.TestTools.TestTypes.Unit.UnitTestAdapter" className="UnitTests.iCore.Common.Entities.ScriptVarTests" name="SetValueFloatOutputTest (Data Row 6)" />
    </UnitTest>
    <UnitTest name="SetValueFloatOutputTest (Data Row 7)" storage="f:\etwork\bin\tests\unittests.icore.common.entities.dll" id="4cb15112-2739-4d30-9cf2-ffdc3f31a074">
      <Execution id="afb77490-f362-44e1-befe-a236705a402b" />
      <TestMethod codeBase="F:\ETWork\bin\Tests\UnitTests.iCore.Common.Entities.dll" adapterTypeName="Microsoft.VisualStudio.TestTools.TestTypes.Unit.UnitTestAdapter" className="UnitTests.iCore.Common.Entities.ScriptVarTests" name="SetValueFloatOutputTest (Data Row 7)" />
    </UnitTest>
    <UnitTest name="SetValueFloatOutputTest (Data Row 8)" storage="f:\etwork\bin\tests\unittests.icore.common.entities.dll" id="6bf27ea1-ca6d-4c8a-acd0-4528176f9c6d">
      <Execution id="c7c45558-4c6b-49cc-91cb-47e0080802a4" />
      <TestMethod codeBase="F:\ETWork\bin\Tests\UnitTests.iCore.Common.Entities.dll" adapterTypeName="Microsoft.VisualStudio.TestTools.TestTypes.Unit.UnitTestAdapter" className="UnitTests.iCore.Common.Entities.ScriptVarTests" name="SetValueFloatOutputTest (Data Row 8)" />
    </UnitTest>
    <UnitTest name="SetValueFloatOutputTest (Data Row 9)" storage="f:\etwork\bin\tests\unittests.icore.common.entities.dll" id="e9e60983-b9b2-448a-a6bd-29f6b8495ede">
      <Execution id="7101f71c-70e6-4bf5-8d26-ab4c62dad7d4" />
      <TestMethod codeBase="F:\ETWork\bin\Tests\UnitTests.iCore.Common.Entities.dll" adapterTypeName="Microsoft.VisualStudio.TestTools.TestTypes.Unit.UnitTestAdapter" className="UnitTests.iCore.Common.Entities.ScriptVarTests" name="SetValueFloatOutputTest (Data Row 9)" />
    </UnitTest>
    <UnitTest name="SetValueStringOutputTest (Data Row 0)" storage="f:\etwork\bin\tests\unittests.icore.common.entities.dll" id="9817132b-51ce-441d-b8bc-759791c3e3a0">
      <Execution id="a56cd0ef-9dac-4c17-ad69-98b7dd5e7ac9" />
      <TestMethod codeBase="F:\ETWork\bin\Tests\UnitTests.iCore.Common.Entities.dll" adapterTypeName="Microsoft.VisualStudio.TestTools.TestTypes.Unit.UnitTestAdapter" className="UnitTests.iCore.Common.Entities.ScriptVarTests" name="SetValueStringOutputTest (Data Row 0)" />
    </UnitTest>
    <UnitTest name="SetValueStringOutputTest (Data Row 1)" storage="f:\etwork\bin\tests\unittests.icore.common.entities.dll" id="506e0bef-7e12-401b-8843-00b9b1409faa">
      <Execution id="ef4b3449-72d4-46f8-999e-b8cae307d674" />
      <TestMethod codeBase="F:\ETWork\bin\Tests\UnitTests.iCore.Common.Entities.dll" adapterTypeName="Microsoft.VisualStudio.TestTools.TestTypes.Unit.UnitTestAdapter" className="UnitTests.iCore.Common.Entities.ScriptVarTests" name="SetValueStringOutputTest (Data Row 1)" />
    </UnitTest>
    <UnitTest name="SetValueStringOutputTest (Data Row 2)" storage="f:\etwork\bin\tests\unittests.icore.common.entities.dll" id="7cf40e3f-ff21-48a8-9265-cb7423a11aac">
      <Execution id="4defd6ef-c32a-498e-a24a-013f8f6a612c" />
      <TestMethod codeBase="F:\ETWork\bin\Tests\UnitTests.iCore.Common.Entities.dll" adapterTypeName="Microsoft.VisualStudio.TestTools.TestTypes.Unit.UnitTestAdapter" className="UnitTests.iCore.Common.Entities.ScriptVarTests" name="SetValueStringOutputTest (Data Row 2)" />
    </UnitTest>
    <UnitTest name="SetValueStringOutputTest (Data Row 3)" storage="f:\etwork\bin\tests\unittests.icore.common.entities.dll" id="0e550e9f-e4b5-45d6-a1d7-f3cc9f3e6d5d">
      <Execution id="34ac8b9e-8c8a-4903-9140-7564af69eb63" />
      <TestMethod codeBase="F:\ETWork\bin\Tests\UnitTests.iCore.Common.Entities.dll" adapterTypeName="Microsoft.VisualStudio.TestTools.TestTypes.Unit.UnitTestAdapter" className="UnitTests.iCore.Common.Entities.ScriptVarTests" name="SetValueStringOutputTest (Data Row 3)" />
    </UnitTest>
    <UnitTest name="SetValueStringOutputTest (Data Row 4)" storage="f:\etwork\bin\tests\unittests.icore.common.entities.dll" id="dd902995-b3cb-425b-ae39-6fac81fed0d6">
      <Execution id="de6902d4-6ae0-4f0f-931a-d70f5c53da14" />
      <TestMethod codeBase="F:\ETWork\bin\Tests\UnitTests.iCore.Common.Entities.dll" adapterTypeName="Microsoft.VisualStudio.TestTools.TestTypes.Unit.UnitTestAdapter" className="UnitTests.iCore.Common.Entities.ScriptVarTests" name="SetValueStringOutputTest (Data Row 4)" />
    </UnitTest>
    <UnitTest name="SetValueStringOutputTest (Data Row 5)" storage="f:\etwork\bin\tests\unittests.icore.common.entities.dll" id="a1e04391-e205-41e1-97c3-c79c86e07f90">
      <Execution id="8e8a9faa-3234-4218-b716-063be04d140f" />
      <TestMethod codeBase="F:\ETWork\bin\Tests\UnitTests.iCore.Common.Entities.dll" adapterTypeName="Microsoft.VisualStudio.TestTools.TestTypes.Unit.UnitTestAdapter" className="UnitTests.iCore.Common.Entities.ScriptVarTests" name="SetValueStringOutputTest (Data Row 5)" />
    </UnitTest>
    <UnitTest name="SetValueStringOutputTest (Data Row 6)" storage="f:\etwork\bin\tests\unittests.icore.common.entities.dll" id="af0f1080-ab22-4003-a643-ddf727ce215f">
      <Execution id="6e88e9ad-32d1-4700-b234-e1294798dc92" />
      <TestMethod codeBase="F:\ETWork\bin\Tests\UnitTests.iCore.Common.Entities.dll" adapterTypeName="Microsoft.VisualStudio.TestTools.TestTypes.Unit.UnitTestAdapter" className="UnitTests.iCore.Common.Entities.ScriptVarTests" name="SetValueStringOutputTest (Data Row 6)" />
    </UnitTest>
    <UnitTest name="SetValueStringOutputTest (Data Row 7)" storage="f:\etwork\bin\tests\unittests.icore.common.entities.dll" id="e7c710a6-7b90-49ef-b1ef-dd0392c1c8a5">
      <Execution id="4ed9eb0b-3284-4f93-a0a0-809dec42d15e" />
      <TestMethod codeBase="F:\ETWork\bin\Tests\UnitTests.iCore.Common.Entities.dll" adapterTypeName="Microsoft.VisualStudio.TestTools.TestTypes.Unit.UnitTestAdapter" className="UnitTests.iCore.Common.Entities.ScriptVarTests" name="SetValueStringOutputTest (Data Row 7)" />
    </UnitTest>
    <UnitTest name="SetValueStringOutputTest (Data Row 8)" storage="f:\etwork\bin\tests\unittests.icore.common.entities.dll" id="cd722b4b-cd87-41f1-901d-ded1fd9bc1f3">
      <Execution id="cf7b0814-131a-4945-a92c-b16222ef5509" />
      <TestMethod codeBase="F:\ETWork\bin\Tests\UnitTests.iCore.Common.Entities.dll" adapterTypeName="Microsoft.VisualStudio.TestTools.TestTypes.Unit.UnitTestAdapter" className="UnitTests.iCore.Common.Entities.ScriptVarTests" name="SetValueStringOutputTest (Data Row 8)" />
    </UnitTest>
    <UnitTest name="SetValueStringOutputTest (Data Row 9)" storage="f:\etwork\bin\tests\unittests.icore.common.entities.dll" id="94af551b-4f31-495a-a7b1-099a34276bb1">
      <Execution id="1684e7b1-dc2b-4dd1-b41a-16188f61a20e" />
      <TestMethod codeBase="F:\ETWork\bin\Tests\UnitTests.iCore.Common.Entities.dll" adapterTypeName="Microsoft.VisualStudio.TestTools.TestTypes.Unit.UnitTestAdapter" className="UnitTests.iCore.Common.Entities.ScriptVarTests" name="SetValueStringOutputTest (Data Row 9)" />
    </UnitTest>
    <UnitTest name="Equals_FromDataSorce_RetrnValueIsExpected (Data Row 0)" storage="f:\etwork\bin\tests\unittests.icore.common.entities.dll" id="afc1beed-dd74-4503-84e2-977c0d5cdb3c">
      <Execution id="bec4d53d-f988-43e5-a4c2-11fc11802812" />
      <TestMethod codeBase="F:\ETWork\bin\Tests\UnitTests.iCore.Common.Entities.dll" adapterTypeName="Microsoft.VisualStudio.TestTools.TestTypes.Unit.UnitTestAdapter" className="UnitTests.iCore.Common.Entities.ScriptVarTests" name="Equals_FromDataSorce_RetrnValueIsExpected (Data Row 0)" />
    </UnitTest>
    <UnitTest name="Equals_FromDataSorce_RetrnValueIsExpected (Data Row 1)" storage="f:\etwork\bin\tests\unittests.icore.common.entities.dll" id="efb3fc97-c8f4-4d80-9e9b-5730198b4cd9">
      <Execution id="77ea25dc-56aa-4969-861f-ae828a6c853e" />
      <TestMethod codeBase="F:\ETWork\bin\Tests\UnitTests.iCore.Common.Entities.dll" adapterTypeName="Microsoft.VisualStudio.TestTools.TestTypes.Unit.UnitTestAdapter" className="UnitTests.iCore.Common.Entities.ScriptVarTests" name="Equals_FromDataSorce_RetrnValueIsExpected (Data Row 1)" />
    </UnitTest>
    <UnitTest name="Equals_FromDataSorce_RetrnValueIsExpected (Data Row 2)" storage="f:\etwork\bin\tests\unittests.icore.common.entities.dll" id="5d0e66d4-009e-4e51-8916-9e2c9c0cc69c">
      <Execution id="4d1e950f-6877-4959-a417-11d0724caae9" />
      <TestMethod codeBase="F:\ETWork\bin\Tests\UnitTests.iCore.Common.Entities.dll" adapterTypeName="Microsoft.VisualStudio.TestTools.TestTypes.Unit.UnitTestAdapter" className="UnitTests.iCore.Common.Entities.ScriptVarTests" name="Equals_FromDataSorce_RetrnValueIsExpected (Data Row 2)" />
    </UnitTest>
    <UnitTest name="Equals_FromDataSorce_RetrnValueIsExpected (Data Row 3)" storage="f:\etwork\bin\tests\unittests.icore.common.entities.dll" id="504ff1c5-387f-4e92-ab8a-69bd86b5bcbc">
      <Execution id="7bd5e390-04c6-41cb-8bc2-1a3f161ae97d" />
      <TestMethod codeBase="F:\ETWork\bin\Tests\UnitTests.iCore.Common.Entities.dll" adapterTypeName="Microsoft.VisualStudio.TestTools.TestTypes.Unit.UnitTestAdapter" className="UnitTests.iCore.Common.Entities.ScriptVarTests" name="Equals_FromDataSorce_RetrnValueIsExpected (Data Row 3)" />
    </UnitTest>
    <UnitTest name="Equals_FromDataSorce_RetrnValueIsExpected (Data Row 4)" storage="f:\etwork\bin\tests\unittests.icore.common.entities.dll" id="901e7b7e-8030-449e-8a3c-1663664bec6d">
      <Execution id="f9bb976d-2d11-4e5c-8f3e-79ed52435865" />
      <TestMethod codeBase="F:\ETWork\bin\Tests\UnitTests.iCore.Common.Entities.dll" adapterTypeName="Microsoft.VisualStudio.TestTools.TestTypes.Unit.UnitTestAdapter" className="UnitTests.iCore.Common.Entities.ScriptVarTests" name="Equals_FromDataSorce_RetrnValueIsExpected (Data Row 4)" />
    </UnitTest>
    <UnitTest name="Equals_FromDataSorce_RetrnValueIsExpected (Data Row 5)" storage="f:\etwork\bin\tests\unittests.icore.common.entities.dll" id="2191e9b8-5348-4ad5-981f-d1fa8848d6f8">
      <Execution id="702e1548-b1c5-4719-8259-a30db519b6c8" />
      <TestMethod codeBase="F:\ETWork\bin\Tests\UnitTests.iCore.Common.Entities.dll" adapterTypeName="Microsoft.VisualStudio.TestTools.TestTypes.Unit.UnitTestAdapter" className="UnitTests.iCore.Common.Entities.ScriptVarTests" name="Equals_FromDataSorce_RetrnValueIsExpected (Data Row 5)" />
    </UnitTest>
    <UnitTest name="Equals_FromDataSorce_RetrnValueIsExpected (Data Row 6)" storage="f:\etwork\bin\tests\unittests.icore.common.entities.dll" id="0220657a-928e-4dc5-a883-74adeaee7451">
      <Execution id="a2692bb1-348c-468d-b6f7-03f965bb1dc7" />
      <TestMethod codeBase="F:\ETWork\bin\Tests\UnitTests.iCore.Common.Entities.dll" adapterTypeName="Microsoft.VisualStudio.TestTools.TestTypes.Unit.UnitTestAdapter" className="UnitTests.iCore.Common.Entities.ScriptVarTests" name="Equals_FromDataSorce_RetrnValueIsExpected (Data Row 6)" />
    </UnitTest>
    <UnitTest name="Equals_FromDataSorce_RetrnValueIsExpected (Data Row 7)" storage="f:\etwork\bin\tests\unittests.icore.common.entities.dll" id="298dc55c-99c5-4f47-8dfe-672cb25f04a8">
      <Execution id="4ba598f6-0ee6-41a3-b234-3fb327445828" />
      <TestMethod codeBase="F:\ETWork\bin\Tests\UnitTests.iCore.Common.Entities.dll" adapterTypeName="Microsoft.VisualStudio.TestTools.TestTypes.Unit.UnitTestAdapter" className="UnitTests.iCore.Common.Entities.ScriptVarTests" name="Equals_FromDataSorce_RetrnValueIsExpected (Data Row 7)" />
    </UnitTest>
    <UnitTest name="Equals_FromDataSorce_RetrnValueIsExpected (Data Row 8)" storage="f:\etwork\bin\tests\unittests.icore.common.entities.dll" id="5dcc0883-7b25-4bd8-be1b-c3af10b89761">
      <Execution id="54f5ffa4-03c1-4769-a113-930b5abeb49c" />
      <TestMethod codeBase="F:\ETWork\bin\Tests\UnitTests.iCore.Common.Entities.dll" adapterTypeName="Microsoft.VisualStudio.TestTools.TestTypes.Unit.UnitTestAdapter" className="UnitTests.iCore.Common.Entities.ScriptVarTests" name="Equals_FromDataSorce_RetrnValueIsExpected (Data Row 8)" />
    </UnitTest>
    <UnitTest name="Equals_FromDataSorce_RetrnValueIsExpected (Data Row 9)" storage="f:\etwork\bin\tests\unittests.icore.common.entities.dll" id="a99305c2-4ade-4998-992a-bce639dbf2bc">
      <Execution id="bf6e7ac7-7dca-408b-9eb9-ad58c8996fa8" />
      <TestMethod codeBase="F:\ETWork\bin\Tests\UnitTests.iCore.Common.Entities.dll" adapterTypeName="Microsoft.VisualStudio.TestTools.TestTypes.Unit.UnitTestAdapter" className="UnitTests.iCore.Common.Entities.ScriptVarTests" name="Equals_FromDataSorce_RetrnValueIsExpected (Data Row 9)" />
    </UnitTest>
    <UnitTest name="Equals_FromDataSorce_RetrnValueIsExpected (Data Row 10)" storage="f:\etwork\bin\tests\unittests.icore.common.entities.dll" id="ba31de2b-9411-4438-8491-f6f5c0187556">
      <Execution id="b9f64b90-7b2b-499c-89a8-30b49b4e6159" />
      <TestMethod codeBase="F:\ETWork\bin\Tests\UnitTests.iCore.Common.Entities.dll" adapterTypeName="Microsoft.VisualStudio.TestTools.TestTypes.Unit.UnitTestAdapter" className="UnitTests.iCore.Common.Entities.ScriptVarTests" name="Equals_FromDataSorce_RetrnValueIsExpected (Data Row 10)" />
    </UnitTest>
    <UnitTest name="Equals_FromDataSorce_RetrnValueIsExpected (Data Row 11)" storage="f:\etwork\bin\tests\unittests.icore.common.entities.dll" id="a02cc6be-a730-49ac-9aa7-fbbd2e067d19">
      <Execution id="8643a7ac-58a6-400c-ad80-d3f3655aee79" />
      <TestMethod codeBase="F:\ETWork\bin\Tests\UnitTests.iCore.Common.Entities.dll" adapterTypeName="Microsoft.VisualStudio.TestTools.TestTypes.Unit.UnitTestAdapter" className="UnitTests.iCore.Common.Entities.ScriptVarTests" name="Equals_FromDataSorce_RetrnValueIsExpected (Data Row 11)" />
    </UnitTest>
    <UnitTest name="Equals_FromDataSorce_RetrnValueIsExpected (Data Row 12)" storage="f:\etwork\bin\tests\unittests.icore.common.entities.dll" id="d7141874-7ea0-4e4e-ad8a-938a8bb3c75b">
      <Execution id="2217b45a-d95c-448f-98f5-d4b34b373eaf" />
      <TestMethod codeBase="F:\ETWork\bin\Tests\UnitTests.iCore.Common.Entities.dll" adapterTypeName="Microsoft.VisualStudio.TestTools.TestTypes.Unit.UnitTestAdapter" className="UnitTests.iCore.Common.Entities.ScriptVarTests" name="Equals_FromDataSorce_RetrnValueIsExpected (Data Row 12)" />
    </UnitTest>
    <UnitTest name="Equals_FromDataSorce_RetrnValueIsExpected (Data Row 13)" storage="f:\etwork\bin\tests\unittests.icore.common.entities.dll" id="cc1c95af-c1fb-4d35-be3d-b1f2bc0ded20">
      <Execution id="bbaee278-5060-4336-bac3-43af5a760b19" />
      <TestMethod codeBase="F:\ETWork\bin\Tests\UnitTests.iCore.Common.Entities.dll" adapterTypeName="Microsoft.VisualStudio.TestTools.TestTypes.Unit.UnitTestAdapter" className="UnitTests.iCore.Common.Entities.ScriptVarTests" name="Equals_FromDataSorce_RetrnValueIsExpected (Data Row 13)" />
    </UnitTest>
    <UnitTest name="Equals_FromDataSorce_RetrnValueIsExpected (Data Row 14)" storage="f:\etwork\bin\tests\unittests.icore.common.entities.dll" id="cde434e4-3d66-4a52-8885-a94b6f441e2b">
      <Execution id="8916d49d-58b1-4ae6-bb0c-41e79d0a0da0" />
      <TestMethod codeBase="F:\ETWork\bin\Tests\UnitTests.iCore.Common.Entities.dll" adapterTypeName="Microsoft.VisualStudio.TestTools.TestTypes.Unit.UnitTestAdapter" className="UnitTests.iCore.Common.Entities.ScriptVarTests" name="Equals_FromDataSorce_RetrnValueIsExpected (Data Row 14)" />
    </UnitTest>
    <UnitTest name="Equals_FromDataSorce_RetrnValueIsExpected (Data Row 15)" storage="f:\etwork\bin\tests\unittests.icore.common.entities.dll" id="7b34a3d4-fa13-4a80-86ba-dbcbe891818e">
      <Execution id="25414ca2-945f-48b2-a6d8-b822f46b1862" />
      <TestMethod codeBase="F:\ETWork\bin\Tests\UnitTests.iCore.Common.Entities.dll" adapterTypeName="Microsoft.VisualStudio.TestTools.TestTypes.Unit.UnitTestAdapter" className="UnitTests.iCore.Common.Entities.ScriptVarTests" name="Equals_FromDataSorce_RetrnValueIsExpected (Data Row 15)" />
    </UnitTest>
    <UnitTest name="Equals_FromDataSorce_RetrnValueIsExpected (Data Row 16)" storage="f:\etwork\bin\tests\unittests.icore.common.entities.dll" id="a6e9ea57-bc43-48d5-aa92-42afa5ab7d3c">
      <Execution id="00677298-f58a-4d4b-a6f5-477b123fb310" />
      <TestMethod codeBase="F:\ETWork\bin\Tests\UnitTests.iCore.Common.Entities.dll" adapterTypeName="Microsoft.VisualStudio.TestTools.TestTypes.Unit.UnitTestAdapter" className="UnitTests.iCore.Common.Entities.ScriptVarTests" name="Equals_FromDataSorce_RetrnValueIsExpected (Data Row 16)" />
    </UnitTest>
    <UnitTest name="Equals_FromDataSorce_RetrnValueIsExpected (Data Row 17)" storage="f:\etwork\bin\tests\unittests.icore.common.entities.dll" id="74dc169f-1c41-4ca6-b0fb-78fab1973ecc">
      <Execution id="54d4290a-6a1d-4dbd-b14e-358ebd54b142" />
      <TestMethod codeBase="F:\ETWork\bin\Tests\UnitTests.iCore.Common.Entities.dll" adapterTypeName="Microsoft.VisualStudio.TestTools.TestTypes.Unit.UnitTestAdapter" className="UnitTests.iCore.Common.Entities.ScriptVarTests" name="Equals_FromDataSorce_RetrnValueIsExpected (Data Row 17)" />
    </UnitTest>
    <UnitTest name="Equals_FromDataSorce_RetrnValueIsExpected (Data Row 18)" storage="f:\etwork\bin\tests\unittests.icore.common.entities.dll" id="1e75b944-318d-4d35-bf8a-45c290425f18">
      <Execution id="dcf53681-c143-4fd9-ac82-593b39e2b7e3" />
      <TestMethod codeBase="F:\ETWork\bin\Tests\UnitTests.iCore.Common.Entities.dll" adapterTypeName="Microsoft.VisualStudio.TestTools.TestTypes.Unit.UnitTestAdapter" className="UnitTests.iCore.Common.Entities.ScriptVarTests" name="Equals_FromDataSorce_RetrnValueIsExpected (Data Row 18)" />
    </UnitTest>
    <UnitTest name="Equals_FromDataSorce_RetrnValueIsExpected (Data Row 19)" storage="f:\etwork\bin\tests\unittests.icore.common.entities.dll" id="8ca9dd14-9cb8-4b3b-b92e-f63cd65ee317">
      <Execution id="12ce781a-0b40-4384-93ee-079eb5493d39" />
      <TestMethod codeBase="F:\ETWork\bin\Tests\UnitTests.iCore.Common.Entities.dll" adapterTypeName="Microsoft.VisualStudio.TestTools.TestTypes.Unit.UnitTestAdapter" className="UnitTests.iCore.Common.Entities.ScriptVarTests" name="Equals_FromDataSorce_RetrnValueIsExpected (Data Row 19)" />
    </UnitTest>
    <UnitTest name="Equals_FromDataSorce_RetrnValueIsExpected (Data Row 20)" storage="f:\etwork\bin\tests\unittests.icore.common.entities.dll" id="edad77ad-dfbe-49b3-9bbe-5afa8feea640">
      <Execution id="30196167-9dc3-44f1-a818-11eef44a96d3" />
      <TestMethod codeBase="F:\ETWork\bin\Tests\UnitTests.iCore.Common.Entities.dll" adapterTypeName="Microsoft.VisualStudio.TestTools.TestTypes.Unit.UnitTestAdapter" className="UnitTests.iCore.Common.Entities.ScriptVarTests" name="Equals_FromDataSorce_RetrnValueIsExpected (Data Row 20)" />
    </UnitTest>
    <UnitTest name="Equals_FromDataSorce_RetrnValueIsExpected (Data Row 21)" storage="f:\etwork\bin\tests\unittests.icore.common.entities.dll" id="07f6e8a8-03aa-4c5b-87c7-0b7d7450bc1f">
      <Execution id="24d5df14-3d64-4cea-b1ab-08bde47aca40" />
      <TestMethod codeBase="F:\ETWork\bin\Tests\UnitTests.iCore.Common.Entities.dll" adapterTypeName="Microsoft.VisualStudio.TestTools.TestTypes.Unit.UnitTestAdapter" className="UnitTests.iCore.Common.Entities.ScriptVarTests" name="Equals_FromDataSorce_RetrnValueIsExpected (Data Row 21)" />
    </UnitTest>
    <UnitTest name="Equals_FromDataSorce_RetrnValueIsExpected (Data Row 22)" storage="f:\etwork\bin\tests\unittests.icore.common.entities.dll" id="2571daaa-fc00-44d1-a791-ebe414608f2f">
      <Execution id="a4c6bd66-9ee7-427f-ae66-5535cbf41595" />
      <TestMethod codeBase="F:\ETWork\bin\Tests\UnitTests.iCore.Common.Entities.dll" adapterTypeName="Microsoft.VisualStudio.TestTools.TestTypes.Unit.UnitTestAdapter" className="UnitTests.iCore.Common.Entities.ScriptVarTests" name="Equals_FromDataSorce_RetrnValueIsExpected (Data Row 22)" />
    </UnitTest>
    <UnitTest name="Equals_FromDataSorce_RetrnValueIsExpected (Data Row 23)" storage="f:\etwork\bin\tests\unittests.icore.common.entities.dll" id="fa614ac1-43f0-4f6b-93f5-beda20cb929b">
      <Execution id="97c84062-f83a-4ddb-81e6-225428870c52" />
      <TestMethod codeBase="F:\ETWork\bin\Tests\UnitTests.iCore.Common.Entities.dll" adapterTypeName="Microsoft.VisualStudio.TestTools.TestTypes.Unit.UnitTestAdapter" className="UnitTests.iCore.Common.Entities.ScriptVarTests" name="Equals_FromDataSorce_RetrnValueIsExpected (Data Row 23)" />
    </UnitTest>
    <UnitTest name="Equals_FromDataSorce_RetrnValueIsExpected (Data Row 24)" storage="f:\etwork\bin\tests\unittests.icore.common.entities.dll" id="7728a72e-11fc-4465-b839-8bd1dfbbbb6c">
      <Execution id="6ccd28e5-bf2e-4c50-9b10-e62910cb9fb9" />
      <TestMethod codeBase="F:\ETWork\bin\Tests\UnitTests.iCore.Common.Entities.dll" adapterTypeName="Microsoft.VisualStudio.TestTools.TestTypes.Unit.UnitTestAdapter" className="UnitTests.iCore.Common.Entities.ScriptVarTests" name="Equals_FromDataSorce_RetrnValueIsExpected (Data Row 24)" />
    </UnitTest>
    <UnitTest name="Equals_FromDataSorce_RetrnValueIsExpected (Data Row 25)" storage="f:\etwork\bin\tests\unittests.icore.common.entities.dll" id="75619979-99b5-4259-9355-1a11acf60495">
      <Execution id="2404ff1d-6bb7-40fb-ab45-fec7304e582d" />
      <TestMethod codeBase="F:\ETWork\bin\Tests\UnitTests.iCore.Common.Entities.dll" adapterTypeName="Microsoft.VisualStudio.TestTools.TestTypes.Unit.UnitTestAdapter" className="UnitTests.iCore.Common.Entities.ScriptVarTests" name="Equals_FromDataSorce_RetrnValueIsExpected (Data Row 25)" />
    </UnitTest>
    <UnitTest name="Equals_FromDataSorce_RetrnValueIsExpected (Data Row 26)" storage="f:\etwork\bin\tests\unittests.icore.common.entities.dll" id="2ab1e808-281c-432b-8651-201d8927ce1f">
      <Execution id="2889d41e-408d-4010-a022-6246d51ea820" />
      <TestMethod codeBase="F:\ETWork\bin\Tests\UnitTests.iCore.Common.Entities.dll" adapterTypeName="Microsoft.VisualStudio.TestTools.TestTypes.Unit.UnitTestAdapter" className="UnitTests.iCore.Common.Entities.ScriptVarTests" name="Equals_FromDataSorce_RetrnValueIsExpected (Data Row 26)" />
    </UnitTest>
    <UnitTest name="Equals_FromDataSorce_RetrnValueIsExpected (Data Row 27)" storage="f:\etwork\bin\tests\unittests.icore.common.entities.dll" id="8304dd0f-ed2a-499e-8bae-79ebedd8e018">
      <Execution id="3997c0cb-f59d-4c1b-b3fe-6771a4722836" />
      <TestMethod codeBase="F:\ETWork\bin\Tests\UnitTests.iCore.Common.Entities.dll" adapterTypeName="Microsoft.VisualStudio.TestTools.TestTypes.Unit.UnitTestAdapter" className="UnitTests.iCore.Common.Entities.ScriptVarTests" name="Equals_FromDataSorce_RetrnValueIsExpected (Data Row 27)" />
    </UnitTest>
    <UnitTest name="Equals_FromDataSorce_RetrnValueIsExpected (Data Row 28)" storage="f:\etwork\bin\tests\unittests.icore.common.entities.dll" id="4a27def0-0583-47b4-b0ac-96cbaadee4c6">
      <Execution id="6e45ee88-e978-4da3-b2d0-e146fadf5def" />
      <TestMethod codeBase="F:\ETWork\bin\Tests\UnitTests.iCore.Common.Entities.dll" adapterTypeName="Microsoft.VisualStudio.TestTools.TestTypes.Unit.UnitTestAdapter" className="UnitTests.iCore.Common.Entities.ScriptVarTests" name="Equals_FromDataSorce_RetrnValueIsExpected (Data Row 28)" />
    </UnitTest>
    <UnitTest name="Equals_FromDataSorce_RetrnValueIsExpected (Data Row 29)" storage="f:\etwork\bin\tests\unittests.icore.common.entities.dll" id="bc85b595-455d-4e9b-b5e1-15b393f996a4">
      <Execution id="f13ef2e7-6c95-493c-a0d4-e82ffb7c681c" />
      <TestMethod codeBase="F:\ETWork\bin\Tests\UnitTests.iCore.Common.Entities.dll" adapterTypeName="Microsoft.VisualStudio.TestTools.TestTypes.Unit.UnitTestAdapter" className="UnitTests.iCore.Common.Entities.ScriptVarTests" name="Equals_FromDataSorce_RetrnValueIsExpected (Data Row 29)" />
    </UnitTest>
    <UnitTest name="Equals_FromDataSorce_RetrnValueIsExpected (Data Row 30)" storage="f:\etwork\bin\tests\unittests.icore.common.entities.dll" id="68481522-1b25-476e-b09d-828c94ab7751">
      <Execution id="1b50a5a2-610e-428e-a4d7-0c45173771b5" />
      <TestMethod codeBase="F:\ETWork\bin\Tests\UnitTests.iCore.Common.Entities.dll" adapterTypeName="Microsoft.VisualStudio.TestTools.TestTypes.Unit.UnitTestAdapter" className="UnitTests.iCore.Common.Entities.ScriptVarTests" name="Equals_FromDataSorce_RetrnValueIsExpected (Data Row 30)" />
    </UnitTest>
    <UnitTest name="Equals_FromDataSorce_RetrnValueIsExpected (Data Row 31)" storage="f:\etwork\bin\tests\unittests.icore.common.entities.dll" id="89ce08f2-f40c-4bf7-8501-53c263ab899a">
      <Execution id="311afc68-452d-4e32-9b30-cd5a02ecd53d" />
      <TestMethod codeBase="F:\ETWork\bin\Tests\UnitTests.iCore.Common.Entities.dll" adapterTypeName="Microsoft.VisualStudio.TestTools.TestTypes.Unit.UnitTestAdapter" className="UnitTests.iCore.Common.Entities.ScriptVarTests" name="Equals_FromDataSorce_RetrnValueIsExpected (Data Row 31)" />
    </UnitTest>
    <UnitTest name="Equals_FromDataSorce_RetrnValueIsExpected (Data Row 32)" storage="f:\etwork\bin\tests\unittests.icore.common.entities.dll" id="711a7692-6d16-493d-a6ff-3ae037e33f67">
      <Execution id="e8b932b0-fbf0-43fb-8f7c-88b6435bad09" />
      <TestMethod codeBase="F:\ETWork\bin\Tests\UnitTests.iCore.Common.Entities.dll" adapterTypeName="Microsoft.VisualStudio.TestTools.TestTypes.Unit.UnitTestAdapter" className="UnitTests.iCore.Common.Entities.ScriptVarTests" name="Equals_FromDataSorce_RetrnValueIsExpected (Data Row 32)" />
    </UnitTest>
    <UnitTest name="Equals_FromDataSorce_RetrnValueIsExpected (Data Row 33)" storage="f:\etwork\bin\tests\unittests.icore.common.entities.dll" id="43f1415b-b3fa-41e5-bfe7-24c0723afc88">
      <Execution id="e3c2f871-5496-4d70-a106-195007c7f929" />
      <TestMethod codeBase="F:\ETWork\bin\Tests\UnitTests.iCore.Common.Entities.dll" adapterTypeName="Microsoft.VisualStudio.TestTools.TestTypes.Unit.UnitTestAdapter" className="UnitTests.iCore.Common.Entities.ScriptVarTests" name="Equals_FromDataSorce_RetrnValueIsExpected (Data Row 33)" />
    </UnitTest>
    <UnitTest name="Equals_FromDataSorce_RetrnValueIsExpected (Data Row 34)" storage="f:\etwork\bin\tests\unittests.icore.common.entities.dll" id="10a47184-b983-4128-b20a-59ade98fb96a">
      <Execution id="c348f18c-f107-4cc7-828e-4e5dd71f0997" />
      <TestMethod codeBase="F:\ETWork\bin\Tests\UnitTests.iCore.Common.Entities.dll" adapterTypeName="Microsoft.VisualStudio.TestTools.TestTypes.Unit.UnitTestAdapter" className="UnitTests.iCore.Common.Entities.ScriptVarTests" name="Equals_FromDataSorce_RetrnValueIsExpected (Data Row 34)" />
    </UnitTest>
    <UnitTest name="Equals_FromDataSorce_RetrnValueIsExpected (Data Row 35)" storage="f:\etwork\bin\tests\unittests.icore.common.entities.dll" id="798c9801-b96f-4194-8efc-f550a9d98946">
      <Execution id="9a34a4fa-4662-4220-bf5a-446daf384526" />
      <TestMethod codeBase="F:\ETWork\bin\Tests\UnitTests.iCore.Common.Entities.dll" adapterTypeName="Microsoft.VisualStudio.TestTools.TestTypes.Unit.UnitTestAdapter" className="UnitTests.iCore.Common.Entities.ScriptVarTests" name="Equals_FromDataSorce_RetrnValueIsExpected (Data Row 35)" />
    </UnitTest>
    <UnitTest name="Equals_FromDataSorce_RetrnValueIsExpected (Data Row 36)" storage="f:\etwork\bin\tests\unittests.icore.common.entities.dll" id="896411d9-249f-44f0-90f7-be920b44fbf3">
      <Execution id="7db2b1a1-8470-4d9f-a4cd-6c635132ca5c" />
      <TestMethod codeBase="F:\ETWork\bin\Tests\UnitTests.iCore.Common.Entities.dll" adapterTypeName="Microsoft.VisualStudio.TestTools.TestTypes.Unit.UnitTestAdapter" className="UnitTests.iCore.Common.Entities.ScriptVarTests" name="Equals_FromDataSorce_RetrnValueIsExpected (Data Row 36)" />
    </UnitTest>
    <UnitTest name="Equals_FromDataSorce_RetrnValueIsExpected (Data Row 37)" storage="f:\etwork\bin\tests\unittests.icore.common.entities.dll" id="991c14b8-9f18-4670-be54-22e28467eca4">
      <Execution id="e4e160e4-a08a-41fe-8316-5a4ddec7207d" />
      <TestMethod codeBase="F:\ETWork\bin\Tests\UnitTests.iCore.Common.Entities.dll" adapterTypeName="Microsoft.VisualStudio.TestTools.TestTypes.Unit.UnitTestAdapter" className="UnitTests.iCore.Common.Entities.ScriptVarTests" name="Equals_FromDataSorce_RetrnValueIsExpected (Data Row 37)" />
    </UnitTest>
    <UnitTest name="Equals_FromDataSorce_RetrnValueIsExpected (Data Row 38)" storage="f:\etwork\bin\tests\unittests.icore.common.entities.dll" id="f8c18eb1-c77a-4199-af56-5f1d7b795bac">
      <Execution id="01bdd36b-1306-45c6-b40f-ceee8a82effd" />
      <TestMethod codeBase="F:\ETWork\bin\Tests\UnitTests.iCore.Common.Entities.dll" adapterTypeName="Microsoft.VisualStudio.TestTools.TestTypes.Unit.UnitTestAdapter" className="UnitTests.iCore.Common.Entities.ScriptVarTests" name="Equals_FromDataSorce_RetrnValueIsExpected (Data Row 38)" />
    </UnitTest>
    <UnitTest name="Equals_FromDataSorce_RetrnValueIsExpected (Data Row 39)" storage="f:\etwork\bin\tests\unittests.icore.common.entities.dll" id="06884dfa-a941-467e-8bdc-7ed94410a758">
      <Execution id="13126784-05e4-4d1f-8d94-64370a0d2dd5" />
      <TestMethod codeBase="F:\ETWork\bin\Tests\UnitTests.iCore.Common.Entities.dll" adapterTypeName="Microsoft.VisualStudio.TestTools.TestTypes.Unit.UnitTestAdapter" className="UnitTests.iCore.Common.Entities.ScriptVarTests" name="Equals_FromDataSorce_RetrnValueIsExpected (Data Row 39)" />
    </UnitTest>
    <UnitTest name="Equals_FromDataSorce_RetrnValueIsExpected (Data Row 40)" storage="f:\etwork\bin\tests\unittests.icore.common.entities.dll" id="c3bda8ee-5103-48d9-8531-0fe8868dedf2">
      <Execution id="82f846ba-81f6-4db7-b8ee-b87d344619ce" />
      <TestMethod codeBase="F:\ETWork\bin\Tests\UnitTests.iCore.Common.Entities.dll" adapterTypeName="Microsoft.VisualStudio.TestTools.TestTypes.Unit.UnitTestAdapter" className="UnitTests.iCore.Common.Entities.ScriptVarTests" name="Equals_FromDataSorce_RetrnValueIsExpected (Data Row 40)" />
    </UnitTest>
    <UnitTest name="Equals_FromDataSorce_RetrnValueIsExpected (Data Row 41)" storage="f:\etwork\bin\tests\unittests.icore.common.entities.dll" id="fbee6473-052c-46ba-9763-31f27016c10a">
      <Execution id="816fafdc-09fb-4fc7-bd8c-3d449eb7087b" />
      <TestMethod codeBase="F:\ETWork\bin\Tests\UnitTests.iCore.Common.Entities.dll" adapterTypeName="Microsoft.VisualStudio.TestTools.TestTypes.Unit.UnitTestAdapter" className="UnitTests.iCore.Common.Entities.ScriptVarTests" name="Equals_FromDataSorce_RetrnValueIsExpected (Data Row 41)" />
    </UnitTest>
    <UnitTest name="Equals_FromDataSorce_RetrnValueIsExpected (Data Row 42)" storage="f:\etwork\bin\tests\unittests.icore.common.entities.dll" id="769eeba9-89e4-4160-a974-35cc77c43c3f">
      <Execution id="bc007e97-6074-4a10-a034-d0bff842f9d2" />
      <TestMethod codeBase="F:\ETWork\bin\Tests\UnitTests.iCore.Common.Entities.dll" adapterTypeName="Microsoft.VisualStudio.TestTools.TestTypes.Unit.UnitTestAdapter" className="UnitTests.iCore.Common.Entities.ScriptVarTests" name="Equals_FromDataSorce_RetrnValueIsExpected (Data Row 42)" />
    </UnitTest>
    <UnitTest name="Equals_FromDataSorce_RetrnValueIsExpected (Data Row 43)" storage="f:\etwork\bin\tests\unittests.icore.common.entities.dll" id="0d5bfa4a-818d-4126-a7b1-75dd10f5ac44">
      <Execution id="6cdce2d8-facb-45b7-8f40-b43586911a30" />
      <TestMethod codeBase="F:\ETWork\bin\Tests\UnitTests.iCore.Common.Entities.dll" adapterTypeName="Microsoft.VisualStudio.TestTools.TestTypes.Unit.UnitTestAdapter" className="UnitTests.iCore.Common.Entities.ScriptVarTests" name="Equals_FromDataSorce_RetrnValueIsExpected (Data Row 43)" />
    </UnitTest>
    <UnitTest name="Equals_FromDataSorce_RetrnValueIsExpected (Data Row 44)" storage="f:\etwork\bin\tests\unittests.icore.common.entities.dll" id="fa597072-1418-44fd-aa6f-9c9eeb96cd2b">
      <Execution id="b29ac396-4b9f-4704-ad86-0c0e722c6d66" />
      <TestMethod codeBase="F:\ETWork\bin\Tests\UnitTests.iCore.Common.Entities.dll" adapterTypeName="Microsoft.VisualStudio.TestTools.TestTypes.Unit.UnitTestAdapter" className="UnitTests.iCore.Common.Entities.ScriptVarTests" name="Equals_FromDataSorce_RetrnValueIsExpected (Data Row 44)" />
    </UnitTest>
    <UnitTest name="Equals_FromDataSorce_RetrnValueIsExpected (Data Row 45)" storage="f:\etwork\bin\tests\unittests.icore.common.entities.dll" id="d0691886-a7f0-4210-b254-46eade007167">
      <Execution id="86eaaef8-03a3-4bef-b560-d8679bd22218" />
      <TestMethod codeBase="F:\ETWork\bin\Tests\UnitTests.iCore.Common.Entities.dll" adapterTypeName="Microsoft.VisualStudio.TestTools.TestTypes.Unit.UnitTestAdapter" className="UnitTests.iCore.Common.Entities.ScriptVarTests" name="Equals_FromDataSorce_RetrnValueIsExpected (Data Row 45)" />
    </UnitTest>
    <UnitTest name="Equals_FromDataSorce_RetrnValueIsExpected (Data Row 46)" storage="f:\etwork\bin\tests\unittests.icore.common.entities.dll" id="2cc70154-ffdb-4a3a-8501-45266c686631">
      <Execution id="60efde88-d5d6-48c4-99ea-c54d07980c85" />
      <TestMethod codeBase="F:\ETWork\bin\Tests\UnitTests.iCore.Common.Entities.dll" adapterTypeName="Microsoft.VisualStudio.TestTools.TestTypes.Unit.UnitTestAdapter" className="UnitTests.iCore.Common.Entities.ScriptVarTests" name="Equals_FromDataSorce_RetrnValueIsExpected (Data Row 46)" />
    </UnitTest>
    <UnitTest name="Equals_FromDataSorce_RetrnValueIsExpected (Data Row 47)" storage="f:\etwork\bin\tests\unittests.icore.common.entities.dll" id="77ed7e1d-c87f-4a40-8735-c08bd5d4004a">
      <Execution id="77ee6c4c-50cd-4b08-bdd6-c4c5d1079797" />
      <TestMethod codeBase="F:\ETWork\bin\Tests\UnitTests.iCore.Common.Entities.dll" adapterTypeName="Microsoft.VisualStudio.TestTools.TestTypes.Unit.UnitTestAdapter" className="UnitTests.iCore.Common.Entities.ScriptVarTests" name="Equals_FromDataSorce_RetrnValueIsExpected (Data Row 47)" />
    </UnitTest>
    <UnitTest name="Equals_FromDataSorce_RetrnValueIsExpected (Data Row 48)" storage="f:\etwork\bin\tests\unittests.icore.common.entities.dll" id="54e82b88-2ad7-4048-abb5-cbf3cde9a3e6">
      <Execution id="a0c5d858-411e-4730-9e79-fd03e2148449" />
      <TestMethod codeBase="F:\ETWork\bin\Tests\UnitTests.iCore.Common.Entities.dll" adapterTypeName="Microsoft.VisualStudio.TestTools.TestTypes.Unit.UnitTestAdapter" className="UnitTests.iCore.Common.Entities.ScriptVarTests" name="Equals_FromDataSorce_RetrnValueIsExpected (Data Row 48)" />
    </UnitTest>
    <UnitTest name="Equals_FromDataSorce_RetrnValueIsExpected (Data Row 49)" storage="f:\etwork\bin\tests\unittests.icore.common.entities.dll" id="eb9e4efa-e8a9-42a7-a37b-64e11c5a1e69">
      <Execution id="c41f14b5-00f8-4432-80b2-3cd3faf17892" />
      <TestMethod codeBase="F:\ETWork\bin\Tests\UnitTests.iCore.Common.Entities.dll" adapterTypeName="Microsoft.VisualStudio.TestTools.TestTypes.Unit.UnitTestAdapter" className="UnitTests.iCore.Common.Entities.ScriptVarTests" name="Equals_FromDataSorce_RetrnValueIsExpected (Data Row 49)" />
    </UnitTest>
    <UnitTest name="Equals_FromDataSorce_RetrnValueIsExpected (Data Row 50)" storage="f:\etwork\bin\tests\unittests.icore.common.entities.dll" id="52126cba-1797-4924-a8d8-2db13eaf07a2">
      <Execution id="5c5669c4-6abe-45e6-80bd-f22d7e8694e2" />
      <TestMethod codeBase="F:\ETWork\bin\Tests\UnitTests.iCore.Common.Entities.dll" adapterTypeName="Microsoft.VisualStudio.TestTools.TestTypes.Unit.UnitTestAdapter" className="UnitTests.iCore.Common.Entities.ScriptVarTests" name="Equals_FromDataSorce_RetrnValueIsExpected (Data Row 50)" />
    </UnitTest>
    <UnitTest name="Equals_FromDataSorce_RetrnValueIsExpected (Data Row 51)" storage="f:\etwork\bin\tests\unittests.icore.common.entities.dll" id="765a4b1d-2baa-4281-9089-e6a57281d41e">
      <Execution id="06f0bda8-c333-4dbb-9f3b-0c98a53dda53" />
      <TestMethod codeBase="F:\ETWork\bin\Tests\UnitTests.iCore.Common.Entities.dll" adapterTypeName="Microsoft.VisualStudio.TestTools.TestTypes.Unit.UnitTestAdapter" className="UnitTests.iCore.Common.Entities.ScriptVarTests" name="Equals_FromDataSorce_RetrnValueIsExpected (Data Row 51)" />
    </UnitTest>
    <UnitTest name="Equals_FromDataSorce_RetrnValueIsExpected (Data Row 52)" storage="f:\etwork\bin\tests\unittests.icore.common.entities.dll" id="6b04b427-decc-433c-bd51-97518858bf16">
      <Execution id="d276d82c-3100-4275-873b-1b5b1e59dc6e" />
      <TestMethod codeBase="F:\ETWork\bin\Tests\UnitTests.iCore.Common.Entities.dll" adapterTypeName="Microsoft.VisualStudio.TestTools.TestTypes.Unit.UnitTestAdapter" className="UnitTests.iCore.Common.Entities.ScriptVarTests" name="Equals_FromDataSorce_RetrnValueIsExpected (Data Row 52)" />
    </UnitTest>
    <UnitTest name="Equals_FromDataSorce_RetrnValueIsExpected (Data Row 53)" storage="f:\etwork\bin\tests\unittests.icore.common.entities.dll" id="5cfc728f-59bb-4444-b0c9-1b5418b8090a">
      <Execution id="4fe388b1-57bd-48cc-9bd8-8146002f6843" />
      <TestMethod codeBase="F:\ETWork\bin\Tests\UnitTests.iCore.Common.Entities.dll" adapterTypeName="Microsoft.VisualStudio.TestTools.TestTypes.Unit.UnitTestAdapter" className="UnitTests.iCore.Common.Entities.ScriptVarTests" name="Equals_FromDataSorce_RetrnValueIsExpected (Data Row 53)" />
    </UnitTest>
    <UnitTest name="Equals_FromDataSorce_RetrnValueIsExpected (Data Row 54)" storage="f:\etwork\bin\tests\unittests.icore.common.entities.dll" id="2cd0f186-004a-4733-ad18-0b57cf6bbd6e">
      <Execution id="643e49bd-1903-4473-9334-e3bab7e8fa6a" />
      <TestMethod codeBase="F:\ETWork\bin\Tests\UnitTests.iCore.Common.Entities.dll" adapterTypeName="Microsoft.VisualStudio.TestTools.TestTypes.Unit.UnitTestAdapter" className="UnitTests.iCore.Common.Entities.ScriptVarTests" name="Equals_FromDataSorce_RetrnValueIsExpected (Data Row 54)" />
    </UnitTest>
    <UnitTest name="Equals_FromDataSorce_RetrnValueIsExpected (Data Row 55)" storage="f:\etwork\bin\tests\unittests.icore.common.entities.dll" id="93af2e4b-9c2d-4a84-88d3-2299943ea8d3">
      <Execution id="a2033f40-4673-4b73-a79a-720fd66c86fd" />
      <TestMethod codeBase="F:\ETWork\bin\Tests\UnitTests.iCore.Common.Entities.dll" adapterTypeName="Microsoft.VisualStudio.TestTools.TestTypes.Unit.UnitTestAdapter" className="UnitTests.iCore.Common.Entities.ScriptVarTests" name="Equals_FromDataSorce_RetrnValueIsExpected (Data Row 55)" />
    </UnitTest>
    <UnitTest name="Equals_FromDataSorce_RetrnValueIsExpected (Data Row 56)" storage="f:\etwork\bin\tests\unittests.icore.common.entities.dll" id="3d5155a1-4b17-4899-abdf-7443dea73893">
      <Execution id="d5e82b72-ac7c-4592-acd9-b60099515092" />
      <TestMethod codeBase="F:\ETWork\bin\Tests\UnitTests.iCore.Common.Entities.dll" adapterTypeName="Microsoft.VisualStudio.TestTools.TestTypes.Unit.UnitTestAdapter" className="UnitTests.iCore.Common.Entities.ScriptVarTests" name="Equals_FromDataSorce_RetrnValueIsExpected (Data Row 56)" />
    </UnitTest>
    <UnitTest name="Equals_FromDataSorce_RetrnValueIsExpected (Data Row 57)" storage="f:\etwork\bin\tests\unittests.icore.common.entities.dll" id="29e42521-9a1f-4703-99c0-9604f6624f8f">
      <Execution id="50a7e60d-8801-4c2f-9d15-19e83c6477d3" />
      <TestMethod codeBase="F:\ETWork\bin\Tests\UnitTests.iCore.Common.Entities.dll" adapterTypeName="Microsoft.VisualStudio.TestTools.TestTypes.Unit.UnitTestAdapter" className="UnitTests.iCore.Common.Entities.ScriptVarTests" name="Equals_FromDataSorce_RetrnValueIsExpected (Data Row 57)" />
    </UnitTest>
    <UnitTest name="Equals_FromDataSorce_RetrnValueIsExpected (Data Row 58)" storage="f:\etwork\bin\tests\unittests.icore.common.entities.dll" id="75390b97-ac00-412a-a74b-e68870dcaae3">
      <Execution id="0d1cf963-1f7e-4c4c-bf86-9d42e245ffb8" />
      <TestMethod codeBase="F:\ETWork\bin\Tests\UnitTests.iCore.Common.Entities.dll" adapterTypeName="Microsoft.VisualStudio.TestTools.TestTypes.Unit.UnitTestAdapter" className="UnitTests.iCore.Common.Entities.ScriptVarTests" name="Equals_FromDataSorce_RetrnValueIsExpected (Data Row 58)" />
    </UnitTest>
    <UnitTest name="Equals_FromDataSorce_RetrnValueIsExpected (Data Row 59)" storage="f:\etwork\bin\tests\unittests.icore.common.entities.dll" id="23aad15a-8aec-4a9d-882f-28de117a2e00">
      <Execution id="fe5df5ff-c8a5-4f1d-a22b-4cac42373931" />
      <TestMethod codeBase="F:\ETWork\bin\Tests\UnitTests.iCore.Common.Entities.dll" adapterTypeName="Microsoft.VisualStudio.TestTools.TestTypes.Unit.UnitTestAdapter" className="UnitTests.iCore.Common.Entities.ScriptVarTests" name="Equals_FromDataSorce_RetrnValueIsExpected (Data Row 59)" />
    </UnitTest>
    <UnitTest name="Equals_FromDataSorce_RetrnValueIsExpected (Data Row 60)" storage="f:\etwork\bin\tests\unittests.icore.common.entities.dll" id="471e8597-3529-4aae-a359-659bc44c8758">
      <Execution id="b89d7a47-cae9-4944-8483-2148a6715b67" />
      <TestMethod codeBase="F:\ETWork\bin\Tests\UnitTests.iCore.Common.Entities.dll" adapterTypeName="Microsoft.VisualStudio.TestTools.TestTypes.Unit.UnitTestAdapter" className="UnitTests.iCore.Common.Entities.ScriptVarTests" name="Equals_FromDataSorce_RetrnValueIsExpected (Data Row 60)" />
    </UnitTest>
    <UnitTest name="Equals_FromDataSorce_RetrnValueIsExpected (Data Row 61)" storage="f:\etwork\bin\tests\unittests.icore.common.entities.dll" id="a35b18b3-0a58-469d-8077-dd31cd749b1f">
      <Execution id="4dde3f3f-c9b1-4c8c-bdab-42e0f781b988" />
      <TestMethod codeBase="F:\ETWork\bin\Tests\UnitTests.iCore.Common.Entities.dll" adapterTypeName="Microsoft.VisualStudio.TestTools.TestTypes.Unit.UnitTestAdapter" className="UnitTests.iCore.Common.Entities.ScriptVarTests" name="Equals_FromDataSorce_RetrnValueIsExpected (Data Row 61)" />
    </UnitTest>
    <UnitTest name="Equals_FromDataSorce_RetrnValueIsExpected (Data Row 62)" storage="f:\etwork\bin\tests\unittests.icore.common.entities.dll" id="36203089-a407-4460-becd-c9cdd879f364">
      <Execution id="fbb5de51-b7f1-4ead-817d-d73be5e30967" />
      <TestMethod codeBase="F:\ETWork\bin\Tests\UnitTests.iCore.Common.Entities.dll" adapterTypeName="Microsoft.VisualStudio.TestTools.TestTypes.Unit.UnitTestAdapter" className="UnitTests.iCore.Common.Entities.ScriptVarTests" name="Equals_FromDataSorce_RetrnValueIsExpected (Data Row 62)" />
    </UnitTest>
    <UnitTest name="Equals_FromDataSorce_RetrnValueIsExpected (Data Row 63)" storage="f:\etwork\bin\tests\unittests.icore.common.entities.dll" id="174caa63-41e6-47a4-b0a1-dc51506a4a5c">
      <Execution id="b094b5e3-f359-4ab7-982c-9970ba69d133" />
      <TestMethod codeBase="F:\ETWork\bin\Tests\UnitTests.iCore.Common.Entities.dll" adapterTypeName="Microsoft.VisualStudio.TestTools.TestTypes.Unit.UnitTestAdapter" className="UnitTests.iCore.Common.Entities.ScriptVarTests" name="Equals_FromDataSorce_RetrnValueIsExpected (Data Row 63)" />
    </UnitTest>
    <UnitTest name="Equals_FromDataSorce_RetrnValueIsExpected (Data Row 64)" storage="f:\etwork\bin\tests\unittests.icore.common.entities.dll" id="7850c560-2a03-4a2a-af8d-2f8c07a4770f">
      <Execution id="7cc8429c-1cfa-487b-9a47-68a20aab39be" />
      <TestMethod codeBase="F:\ETWork\bin\Tests\UnitTests.iCore.Common.Entities.dll" adapterTypeName="Microsoft.VisualStudio.TestTools.TestTypes.Unit.UnitTestAdapter" className="UnitTests.iCore.Common.Entities.ScriptVarTests" name="Equals_FromDataSorce_RetrnValueIsExpected (Data Row 64)" />
    </UnitTest>
    <UnitTest name="Equals_FromDataSorce_RetrnValueIsExpected (Data Row 65)" storage="f:\etwork\bin\tests\unittests.icore.common.entities.dll" id="0fa8f154-54cb-4aa7-95f7-8b61d96b30b4">
      <Execution id="438a7f75-6944-4fc9-90c5-df93fb035760" />
      <TestMethod codeBase="F:\ETWork\bin\Tests\UnitTests.iCore.Common.Entities.dll" adapterTypeName="Microsoft.VisualStudio.TestTools.TestTypes.Unit.UnitTestAdapter" className="UnitTests.iCore.Common.Entities.ScriptVarTests" name="Equals_FromDataSorce_RetrnValueIsExpected (Data Row 65)" />
    </UnitTest>
    <UnitTest name="Equals_FromDataSorce_RetrnValueIsExpected (Data Row 66)" storage="f:\etwork\bin\tests\unittests.icore.common.entities.dll" id="6ffa7c08-78e7-420b-ba77-474b34c7473d">
      <Execution id="13ca0e6c-7638-4f5d-a382-58d484d1cbb8" />
      <TestMethod codeBase="F:\ETWork\bin\Tests\UnitTests.iCore.Common.Entities.dll" adapterTypeName="Microsoft.VisualStudio.TestTools.TestTypes.Unit.UnitTestAdapter" className="UnitTests.iCore.Common.Entities.ScriptVarTests" name="Equals_FromDataSorce_RetrnValueIsExpected (Data Row 66)" />
    </UnitTest>
    <UnitTest name="Equals_FromDataSorce_RetrnValueIsExpected (Data Row 67)" storage="f:\etwork\bin\tests\unittests.icore.common.entities.dll" id="62ec7524-d321-4f71-b95e-0a12e1d856a3">
      <Execution id="7225e5d1-0d82-42bb-98d4-f4000d435c4b" />
      <TestMethod codeBase="F:\ETWork\bin\Tests\UnitTests.iCore.Common.Entities.dll" adapterTypeName="Microsoft.VisualStudio.TestTools.TestTypes.Unit.UnitTestAdapter" className="UnitTests.iCore.Common.Entities.ScriptVarTests" name="Equals_FromDataSorce_RetrnValueIsExpected (Data Row 67)" />
    </UnitTest>
    <UnitTest name="Equals_FromDataSorce_RetrnValueIsExpected (Data Row 68)" storage="f:\etwork\bin\tests\unittests.icore.common.entities.dll" id="bef6f8e4-784e-4d41-bc85-6ec140e38d43">
      <Execution id="bf381a46-abe4-4b12-ba13-89c4676c8de9" />
      <TestMethod codeBase="F:\ETWork\bin\Tests\UnitTests.iCore.Common.Entities.dll" adapterTypeName="Microsoft.VisualStudio.TestTools.TestTypes.Unit.UnitTestAdapter" className="UnitTests.iCore.Common.Entities.ScriptVarTests" name="Equals_FromDataSorce_RetrnValueIsExpected (Data Row 68)" />
    </UnitTest>
    <UnitTest name="Equals_FromDataSorce_RetrnValueIsExpected (Data Row 69)" storage="f:\etwork\bin\tests\unittests.icore.common.entities.dll" id="d790f7d4-a938-49d8-af7d-6835c5518aa9">
      <Execution id="71e4c254-beb4-4c1f-959a-9af2052e6a2c" />
      <TestMethod codeBase="F:\ETWork\bin\Tests\UnitTests.iCore.Common.Entities.dll" adapterTypeName="Microsoft.VisualStudio.TestTools.TestTypes.Unit.UnitTestAdapter" className="UnitTests.iCore.Common.Entities.ScriptVarTests" name="Equals_FromDataSorce_RetrnValueIsExpected (Data Row 69)" />
    </UnitTest>
    <UnitTest name="Equals_FromDataSorce_RetrnValueIsExpected (Data Row 70)" storage="f:\etwork\bin\tests\unittests.icore.common.entities.dll" id="ffead494-94c5-49a5-a674-ca9c346a8225">
      <Execution id="b3b2d5a0-f6bc-4725-873d-46f8c34b2b85" />
      <TestMethod codeBase="F:\ETWork\bin\Tests\UnitTests.iCore.Common.Entities.dll" adapterTypeName="Microsoft.VisualStudio.TestTools.TestTypes.Unit.UnitTestAdapter" className="UnitTests.iCore.Common.Entities.ScriptVarTests" name="Equals_FromDataSorce_RetrnValueIsExpected (Data Row 70)" />
    </UnitTest>
    <UnitTest name="Equals_FromDataSorce_RetrnValueIsExpected (Data Row 71)" storage="f:\etwork\bin\tests\unittests.icore.common.entities.dll" id="fee48708-047e-4f19-ada1-3981eeeaf08c">
      <Execution id="2d30299b-aff9-4cda-a02c-77f47acd402c" />
      <TestMethod codeBase="F:\ETWork\bin\Tests\UnitTests.iCore.Common.Entities.dll" adapterTypeName="Microsoft.VisualStudio.TestTools.TestTypes.Unit.UnitTestAdapter" className="UnitTests.iCore.Common.Entities.ScriptVarTests" name="Equals_FromDataSorce_RetrnValueIsExpected (Data Row 71)" />
    </UnitTest>
    <UnitTest name="Equals_FromDataSorce_RetrnValueIsExpected (Data Row 72)" storage="f:\etwork\bin\tests\unittests.icore.common.entities.dll" id="0d6324fc-aca8-4f6f-bc42-583c0c06504a">
      <Execution id="12629a3f-a285-40c4-9d90-0f3e3f4a9aa0" />
      <TestMethod codeBase="F:\ETWork\bin\Tests\UnitTests.iCore.Common.Entities.dll" adapterTypeName="Microsoft.VisualStudio.TestTools.TestTypes.Unit.UnitTestAdapter" className="UnitTests.iCore.Common.Entities.ScriptVarTests" name="Equals_FromDataSorce_RetrnValueIsExpected (Data Row 72)" />
    </UnitTest>
    <UnitTest name="Equals_FromDataSorce_RetrnValueIsExpected (Data Row 73)" storage="f:\etwork\bin\tests\unittests.icore.common.entities.dll" id="7b6dee47-47f7-4eb6-9857-7a03299428cb">
      <Execution id="a16a193f-e314-4f75-a264-094f8f1b2ee0" />
      <TestMethod codeBase="F:\ETWork\bin\Tests\UnitTests.iCore.Common.Entities.dll" adapterTypeName="Microsoft.VisualStudio.TestTools.TestTypes.Unit.UnitTestAdapter" className="UnitTests.iCore.Common.Entities.ScriptVarTests" name="Equals_FromDataSorce_RetrnValueIsExpected (Data Row 73)" />
    </UnitTest>
    <UnitTest name="Equals_FromDataSorce_RetrnValueIsExpected (Data Row 74)" storage="f:\etwork\bin\tests\unittests.icore.common.entities.dll" id="534c9a7f-6dac-46e5-a42b-3ffcb5005f08">
      <Execution id="83f50e5b-7604-43ed-b840-4f962059c1d2" />
      <TestMethod codeBase="F:\ETWork\bin\Tests\UnitTests.iCore.Common.Entities.dll" adapterTypeName="Microsoft.VisualStudio.TestTools.TestTypes.Unit.UnitTestAdapter" className="UnitTests.iCore.Common.Entities.ScriptVarTests" name="Equals_FromDataSorce_RetrnValueIsExpected (Data Row 74)" />
    </UnitTest>
    <UnitTest name="Equals_FromDataSorce_RetrnValueIsExpected (Data Row 75)" storage="f:\etwork\bin\tests\unittests.icore.common.entities.dll" id="8fb5edd0-63c8-4aac-a907-1ce018969740">
      <Execution id="8c16d844-e601-478f-a2a9-a4b362472adc" />
      <TestMethod codeBase="F:\ETWork\bin\Tests\UnitTests.iCore.Common.Entities.dll" adapterTypeName="Microsoft.VisualStudio.TestTools.TestTypes.Unit.UnitTestAdapter" className="UnitTests.iCore.Common.Entities.ScriptVarTests" name="Equals_FromDataSorce_RetrnValueIsExpected (Data Row 75)" />
    </UnitTest>
    <UnitTest name="Equals_FromDataSorce_RetrnValueIsExpected (Data Row 76)" storage="f:\etwork\bin\tests\unittests.icore.common.entities.dll" id="a653b370-8fb8-4d14-beb3-e0f2de828246">
      <Execution id="ae43ae11-0a8a-4f7c-b8a3-c92b8310c0fb" />
      <TestMethod codeBase="F:\ETWork\bin\Tests\UnitTests.iCore.Common.Entities.dll" adapterTypeName="Microsoft.VisualStudio.TestTools.TestTypes.Unit.UnitTestAdapter" className="UnitTests.iCore.Common.Entities.ScriptVarTests" name="Equals_FromDataSorce_RetrnValueIsExpected (Data Row 76)" />
    </UnitTest>
    <UnitTest name="Equals_FromDataSorce_RetrnValueIsExpected (Data Row 77)" storage="f:\etwork\bin\tests\unittests.icore.common.entities.dll" id="b627ae4b-5384-41db-a960-d67bddce8daa">
      <Execution id="e32369ba-f208-44b5-873a-b0ac669add30" />
      <TestMethod codeBase="F:\ETWork\bin\Tests\UnitTests.iCore.Common.Entities.dll" adapterTypeName="Microsoft.VisualStudio.TestTools.TestTypes.Unit.UnitTestAdapter" className="UnitTests.iCore.Common.Entities.ScriptVarTests" name="Equals_FromDataSorce_RetrnValueIsExpected (Data Row 77)" />
    </UnitTest>
    <UnitTest name="Equals_FromDataSorce_RetrnValueIsExpected (Data Row 78)" storage="f:\etwork\bin\tests\unittests.icore.common.entities.dll" id="14990459-bdfa-488e-bcac-2596ead0229a">
      <Execution id="7651780b-17cc-4982-890f-46c7adf4d6ff" />
      <TestMethod codeBase="F:\ETWork\bin\Tests\UnitTests.iCore.Common.Entities.dll" adapterTypeName="Microsoft.VisualStudio.TestTools.TestTypes.Unit.UnitTestAdapter" className="UnitTests.iCore.Common.Entities.ScriptVarTests" name="Equals_FromDataSorce_RetrnValueIsExpected (Data Row 78)" />
    </UnitTest>
    <UnitTest name="Equals_FromDataSorce_RetrnValueIsExpected (Data Row 79)" storage="f:\etwork\bin\tests\unittests.icore.common.entities.dll" id="4a160e92-958f-4398-9150-b0ceb7069860">
      <Execution id="64b02688-c7e8-4627-884a-78cf32ad5609" />
      <TestMethod codeBase="F:\ETWork\bin\Tests\UnitTests.iCore.Common.Entities.dll" adapterTypeName="Microsoft.VisualStudio.TestTools.TestTypes.Unit.UnitTestAdapter" className="UnitTests.iCore.Common.Entities.ScriptVarTests" name="Equals_FromDataSorce_RetrnValueIsExpected (Data Row 79)" />
    </UnitTest>
    <UnitTest name="Equals_FromDataSorce_RetrnValueIsExpected (Data Row 80)" storage="f:\etwork\bin\tests\unittests.icore.common.entities.dll" id="4e5e7177-543d-45f0-9e35-387c5b229efe">
      <Execution id="97b40407-4a07-4e5e-b5d2-62e9eeae521c" />
      <TestMethod codeBase="F:\ETWork\bin\Tests\UnitTests.iCore.Common.Entities.dll" adapterTypeName="Microsoft.VisualStudio.TestTools.TestTypes.Unit.UnitTestAdapter" className="UnitTests.iCore.Common.Entities.ScriptVarTests" name="Equals_FromDataSorce_RetrnValueIsExpected (Data Row 80)" />
    </UnitTest>
    <UnitTest name="Equals_FromDataSorce_RetrnValueIsExpected (Data Row 81)" storage="f:\etwork\bin\tests\unittests.icore.common.entities.dll" id="054f9bf1-464a-47e2-9767-80c8ea0b580e">
      <Execution id="e87b2495-9e38-4172-bf95-f21f7c97ab44" />
      <TestMethod codeBase="F:\ETWork\bin\Tests\UnitTests.iCore.Common.Entities.dll" adapterTypeName="Microsoft.VisualStudio.TestTools.TestTypes.Unit.UnitTestAdapter" className="UnitTests.iCore.Common.Entities.ScriptVarTests" name="Equals_FromDataSorce_RetrnValueIsExpected (Data Row 81)" />
    </UnitTest>
    <UnitTest name="Equals_FromDataSorce_RetrnValueIsExpected (Data Row 82)" storage="f:\etwork\bin\tests\unittests.icore.common.entities.dll" id="b829d804-e98c-4e94-a5ee-dd2a945b752f">
      <Execution id="7358e3f3-1f00-4beb-8acf-77f99a47013c" />
      <TestMethod codeBase="F:\ETWork\bin\Tests\UnitTests.iCore.Common.Entities.dll" adapterTypeName="Microsoft.VisualStudio.TestTools.TestTypes.Unit.UnitTestAdapter" className="UnitTests.iCore.Common.Entities.ScriptVarTests" name="Equals_FromDataSorce_RetrnValueIsExpected (Data Row 82)" />
    </UnitTest>
    <UnitTest name="Equals_FromDataSorce_RetrnValueIsExpected (Data Row 83)" storage="f:\etwork\bin\tests\unittests.icore.common.entities.dll" id="abcfc3e8-b384-438e-8d33-16ff181b42e6">
      <Execution id="bc366707-9bdb-48b2-8d36-a0240f234910" />
      <TestMethod codeBase="F:\ETWork\bin\Tests\UnitTests.iCore.Common.Entities.dll" adapterTypeName="Microsoft.VisualStudio.TestTools.TestTypes.Unit.UnitTestAdapter" className="UnitTests.iCore.Common.Entities.ScriptVarTests" name="Equals_FromDataSorce_RetrnValueIsExpected (Data Row 83)" />
    </UnitTest>
    <UnitTest name="Equals_FromDataSorce_RetrnValueIsExpected (Data Row 84)" storage="f:\etwork\bin\tests\unittests.icore.common.entities.dll" id="1722a91e-ff40-420e-891f-c25972eede1f">
      <Execution id="ed43479a-6cd6-4d52-8d7e-12890948a8fa" />
      <TestMethod codeBase="F:\ETWork\bin\Tests\UnitTests.iCore.Common.Entities.dll" adapterTypeName="Microsoft.VisualStudio.TestTools.TestTypes.Unit.UnitTestAdapter" className="UnitTests.iCore.Common.Entities.ScriptVarTests" name="Equals_FromDataSorce_RetrnValueIsExpected (Data Row 84)" />
    </UnitTest>
    <UnitTest name="Equals_FromDataSorce_RetrnValueIsExpected (Data Row 85)" storage="f:\etwork\bin\tests\unittests.icore.common.entities.dll" id="d603e65e-b693-4bc2-9f42-1f6944bd211f">
      <Execution id="dcea1e3d-a3dc-42d4-9af3-d11f45a8bb5e" />
      <TestMethod codeBase="F:\ETWork\bin\Tests\UnitTests.iCore.Common.Entities.dll" adapterTypeName="Microsoft.VisualStudio.TestTools.TestTypes.Unit.UnitTestAdapter" className="UnitTests.iCore.Common.Entities.ScriptVarTests" name="Equals_FromDataSorce_RetrnValueIsExpected (Data Row 85)" />
    </UnitTest>
    <UnitTest name="Equals_FromDataSorce_RetrnValueIsExpected (Data Row 86)" storage="f:\etwork\bin\tests\unittests.icore.common.entities.dll" id="66f49fc3-36af-491f-ba89-4c64a3351604">
      <Execution id="b6392bdc-4f31-4758-863f-6768cf256ded" />
      <TestMethod codeBase="F:\ETWork\bin\Tests\UnitTests.iCore.Common.Entities.dll" adapterTypeName="Microsoft.VisualStudio.TestTools.TestTypes.Unit.UnitTestAdapter" className="UnitTests.iCore.Common.Entities.ScriptVarTests" name="Equals_FromDataSorce_RetrnValueIsExpected (Data Row 86)" />
    </UnitTest>
    <UnitTest name="Equals_FromDataSorce_RetrnValueIsExpected (Data Row 87)" storage="f:\etwork\bin\tests\unittests.icore.common.entities.dll" id="ffe7e89d-9179-418f-962d-af4c311375db">
      <Execution id="d6a25c14-edbf-4577-94ac-3afd6362ac37" />
      <TestMethod codeBase="F:\ETWork\bin\Tests\UnitTests.iCore.Common.Entities.dll" adapterTypeName="Microsoft.VisualStudio.TestTools.TestTypes.Unit.UnitTestAdapter" className="UnitTests.iCore.Common.Entities.ScriptVarTests" name="Equals_FromDataSorce_RetrnValueIsExpected (Data Row 87)" />
    </UnitTest>
    <UnitTest name="Equals_FromDataSorce_RetrnValueIsExpected (Data Row 88)" storage="f:\etwork\bin\tests\unittests.icore.common.entities.dll" id="35084fa5-c01e-4924-98ad-0f8da8b93759">
      <Execution id="ba4fdb72-8ec0-4ffd-90bb-b30d9f92851b" />
      <TestMethod codeBase="F:\ETWork\bin\Tests\UnitTests.iCore.Common.Entities.dll" adapterTypeName="Microsoft.VisualStudio.TestTools.TestTypes.Unit.UnitTestAdapter" className="UnitTests.iCore.Common.Entities.ScriptVarTests" name="Equals_FromDataSorce_RetrnValueIsExpected (Data Row 88)" />
    </UnitTest>
    <UnitTest name="Equals_FromDataSorce_RetrnValueIsExpected (Data Row 89)" storage="f:\etwork\bin\tests\unittests.icore.common.entities.dll" id="1fe46fbb-b709-4903-b811-ab517fdc4b90">
      <Execution id="ed1dc083-3a08-4405-bebc-efdb51c0f6fc" />
      <TestMethod codeBase="F:\ETWork\bin\Tests\UnitTests.iCore.Common.Entities.dll" adapterTypeName="Microsoft.VisualStudio.TestTools.TestTypes.Unit.UnitTestAdapter" className="UnitTests.iCore.Common.Entities.ScriptVarTests" name="Equals_FromDataSorce_RetrnValueIsExpected (Data Row 89)" />
    </UnitTest>
    <UnitTest name="Equals_FromDataSorce_RetrnValueIsExpected (Data Row 90)" storage="f:\etwork\bin\tests\unittests.icore.common.entities.dll" id="014b06d4-20bd-4de5-8252-d0f67c349b6c">
      <Execution id="4990f694-75f7-4146-a452-d77f5d0d54b4" />
      <TestMethod codeBase="F:\ETWork\bin\Tests\UnitTests.iCore.Common.Entities.dll" adapterTypeName="Microsoft.VisualStudio.TestTools.TestTypes.Unit.UnitTestAdapter" className="UnitTests.iCore.Common.Entities.ScriptVarTests" name="Equals_FromDataSorce_RetrnValueIsExpected (Data Row 90)" />
    </UnitTest>
    <UnitTest name="Equals_FromDataSorce_RetrnValueIsExpected (Data Row 91)" storage="f:\etwork\bin\tests\unittests.icore.common.entities.dll" id="3f990931-fe0f-44d3-b057-8f02a82784a4">
      <Execution id="333e436d-cf04-490c-b93e-bd3d7abf1fc8" />
      <TestMethod codeBase="F:\ETWork\bin\Tests\UnitTests.iCore.Common.Entities.dll" adapterTypeName="Microsoft.VisualStudio.TestTools.TestTypes.Unit.UnitTestAdapter" className="UnitTests.iCore.Common.Entities.ScriptVarTests" name="Equals_FromDataSorce_RetrnValueIsExpected (Data Row 91)" />
    </UnitTest>
    <UnitTest name="Equals_FromDataSorce_RetrnValueIsExpected (Data Row 92)" storage="f:\etwork\bin\tests\unittests.icore.common.entities.dll" id="cf41d815-cd23-4a70-a890-cdb7b066aa36">
      <Execution id="6aecbf0a-433a-449e-8eb2-6eb438271078" />
      <TestMethod codeBase="F:\ETWork\bin\Tests\UnitTests.iCore.Common.Entities.dll" adapterTypeName="Microsoft.VisualStudio.TestTools.TestTypes.Unit.UnitTestAdapter" className="UnitTests.iCore.Common.Entities.ScriptVarTests" name="Equals_FromDataSorce_RetrnValueIsExpected (Data Row 92)" />
    </UnitTest>
    <UnitTest name="Equals_FromDataSorce_RetrnValueIsExpected (Data Row 93)" storage="f:\etwork\bin\tests\unittests.icore.common.entities.dll" id="6071493b-917b-480b-b194-fbdffc2a5e75">
      <Execution id="457b4aca-7473-4508-a2f6-7cda210b75c2" />
      <TestMethod codeBase="F:\ETWork\bin\Tests\UnitTests.iCore.Common.Entities.dll" adapterTypeName="Microsoft.VisualStudio.TestTools.TestTypes.Unit.UnitTestAdapter" className="UnitTests.iCore.Common.Entities.ScriptVarTests" name="Equals_FromDataSorce_RetrnValueIsExpected (Data Row 93)" />
    </UnitTest>
    <UnitTest name="Equals_FromDataSorce_RetrnValueIsExpected (Data Row 94)" storage="f:\etwork\bin\tests\unittests.icore.common.entities.dll" id="0c6f7519-117a-4f2f-acd1-0d1781bb2984">
      <Execution id="fa66a6af-2d17-40a0-beab-55c1a5115977" />
      <TestMethod codeBase="F:\ETWork\bin\Tests\UnitTests.iCore.Common.Entities.dll" adapterTypeName="Microsoft.VisualStudio.TestTools.TestTypes.Unit.UnitTestAdapter" className="UnitTests.iCore.Common.Entities.ScriptVarTests" name="Equals_FromDataSorce_RetrnValueIsExpected (Data Row 94)" />
    </UnitTest>
    <UnitTest name="Equals_FromDataSorce_RetrnValueIsExpected (Data Row 95)" storage="f:\etwork\bin\tests\unittests.icore.common.entities.dll" id="cecb1cac-8a40-4f2b-b92a-6eca46af004b">
      <Execution id="6fbec5fc-724b-40ce-805b-a7f2a951afe1" />
      <TestMethod codeBase="F:\ETWork\bin\Tests\UnitTests.iCore.Common.Entities.dll" adapterTypeName="Microsoft.VisualStudio.TestTools.TestTypes.Unit.UnitTestAdapter" className="UnitTests.iCore.Common.Entities.ScriptVarTests" name="Equals_FromDataSorce_RetrnValueIsExpected (Data Row 95)" />
    </UnitTest>
    <UnitTest name="Equals_FromDataSorce_RetrnValueIsExpected (Data Row 96)" storage="f:\etwork\bin\tests\unittests.icore.common.entities.dll" id="4afd1407-7e86-4db0-a4f8-65e61128c4a3">
      <Execution id="59b6329b-b63c-48fb-85a7-bcaf10c35805" />
      <TestMethod codeBase="F:\ETWork\bin\Tests\UnitTests.iCore.Common.Entities.dll" adapterTypeName="Microsoft.VisualStudio.TestTools.TestTypes.Unit.UnitTestAdapter" className="UnitTests.iCore.Common.Entities.ScriptVarTests" name="Equals_FromDataSorce_RetrnValueIsExpected (Data Row 96)" />
    </UnitTest>
    <UnitTest name="Equals_FromDataSorce_RetrnValueIsExpected (Data Row 97)" storage="f:\etwork\bin\tests\unittests.icore.common.entities.dll" id="834a0c28-d0fa-47e4-8b11-2af143a533fd">
      <Execution id="a81810a5-8722-405e-b241-208a45b7898b" />
      <TestMethod codeBase="F:\ETWork\bin\Tests\UnitTests.iCore.Common.Entities.dll" adapterTypeName="Microsoft.VisualStudio.TestTools.TestTypes.Unit.UnitTestAdapter" className="UnitTests.iCore.Common.Entities.ScriptVarTests" name="Equals_FromDataSorce_RetrnValueIsExpected (Data Row 97)" />
    </UnitTest>
    <UnitTest name="Equals_FromDataSorce_RetrnValueIsExpected (Data Row 98)" storage="f:\etwork\bin\tests\unittests.icore.common.entities.dll" id="4964c243-d870-4f78-b21a-ce58bdcb4dcc">
      <Execution id="05fad9a8-d95f-47fe-a740-6d8a993b1ac7" />
      <TestMethod codeBase="F:\ETWork\bin\Tests\UnitTests.iCore.Common.Entities.dll" adapterTypeName="Microsoft.VisualStudio.TestTools.TestTypes.Unit.UnitTestAdapter" className="UnitTests.iCore.Common.Entities.ScriptVarTests" name="Equals_FromDataSorce_RetrnValueIsExpected (Data Row 98)" />
    </UnitTest>
    <UnitTest name="Equals_FromDataSorce_RetrnValueIsExpected (Data Row 99)" storage="f:\etwork\bin\tests\unittests.icore.common.entities.dll" id="44329906-c3f5-421c-b39d-3b39c2888ea8">
      <Execution id="fcec16ad-4118-4175-bdf7-54d60698b4ce" />
      <TestMethod codeBase="F:\ETWork\bin\Tests\UnitTests.iCore.Common.Entities.dll" adapterTypeName="Microsoft.VisualStudio.TestTools.TestTypes.Unit.UnitTestAdapter" className="UnitTests.iCore.Common.Entities.ScriptVarTests" name="Equals_FromDataSorce_RetrnValueIsExpected (Data Row 99)" />
    </UnitTest>
    <UnitTest name="Equals_FromDataSorce_RetrnValueIsExpected (Data Row 100)" storage="f:\etwork\bin\tests\unittests.icore.common.entities.dll" id="228420dd-cc5a-43bc-99e9-843bd4250372">
      <Execution id="d9c69f34-d8ad-4e8a-81e1-d33b15475d46" />
      <TestMethod codeBase="F:\ETWork\bin\Tests\UnitTests.iCore.Common.Entities.dll" adapterTypeName="Microsoft.VisualStudio.TestTools.TestTypes.Unit.UnitTestAdapter" className="UnitTests.iCore.Common.Entities.ScriptVarTests" name="Equals_FromDataSorce_RetrnValueIsExpected (Data Row 100)" />
    </UnitTest>
    <UnitTest name="Equals_FromDataSorce_RetrnValueIsExpected (Data Row 101)" storage="f:\etwork\bin\tests\unittests.icore.common.entities.dll" id="e3317058-f3bf-4e71-b63d-26ed70a28775">
      <Execution id="424a3940-ffb6-485c-bb86-97eed75ed879" />
      <TestMethod codeBase="F:\ETWork\bin\Tests\UnitTests.iCore.Common.Entities.dll" adapterTypeName="Microsoft.VisualStudio.TestTools.TestTypes.Unit.UnitTestAdapter" className="UnitTests.iCore.Common.Entities.ScriptVarTests" name="Equals_FromDataSorce_RetrnValueIsExpected (Data Row 101)" />
    </UnitTest>
    <UnitTest name="Equals_FromDataSorce_RetrnValueIsExpected (Data Row 102)" storage="f:\etwork\bin\tests\unittests.icore.common.entities.dll" id="5f21a80c-a080-414c-9535-2438e76f395b">
      <Execution id="ff7f2886-8dcf-4e1b-aa71-9e321320059b" />
      <TestMethod codeBase="F:\ETWork\bin\Tests\UnitTests.iCore.Common.Entities.dll" adapterTypeName="Microsoft.VisualStudio.TestTools.TestTypes.Unit.UnitTestAdapter" className="UnitTests.iCore.Common.Entities.ScriptVarTests" name="Equals_FromDataSorce_RetrnValueIsExpected (Data Row 102)" />
    </UnitTest>
    <UnitTest name="Equals_FromDataSorce_RetrnValueIsExpected (Data Row 103)" storage="f:\etwork\bin\tests\unittests.icore.common.entities.dll" id="649a2270-89bb-4396-af70-2475fc63e4f9">
      <Execution id="3a2c28f6-bc4d-458b-af31-44d48ddbe020" />
      <TestMethod codeBase="F:\ETWork\bin\Tests\UnitTests.iCore.Common.Entities.dll" adapterTypeName="Microsoft.VisualStudio.TestTools.TestTypes.Unit.UnitTestAdapter" className="UnitTests.iCore.Common.Entities.ScriptVarTests" name="Equals_FromDataSorce_RetrnValueIsExpected (Data Row 103)" />
    </UnitTest>
    <UnitTest name="Equals_FromDataSorce_RetrnValueIsExpected (Data Row 104)" storage="f:\etwork\bin\tests\unittests.icore.common.entities.dll" id="fa31ea63-f6c3-4563-831e-c2ef12551dbd">
      <Execution id="1ed318ce-e2a7-4fed-ac30-335b0663ec32" />
      <TestMethod codeBase="F:\ETWork\bin\Tests\UnitTests.iCore.Common.Entities.dll" adapterTypeName="Microsoft.VisualStudio.TestTools.TestTypes.Unit.UnitTestAdapter" className="UnitTests.iCore.Common.Entities.ScriptVarTests" name="Equals_FromDataSorce_RetrnValueIsExpected (Data Row 104)" />
    </UnitTest>
    <UnitTest name="Equals_FromDataSorce_RetrnValueIsExpected (Data Row 105)" storage="f:\etwork\bin\tests\unittests.icore.common.entities.dll" id="55b46837-9436-4977-9298-d047c2d4cb73">
      <Execution id="28befeae-b9d1-44c8-9507-b04d2ea416ae" />
      <TestMethod codeBase="F:\ETWork\bin\Tests\UnitTests.iCore.Common.Entities.dll" adapterTypeName="Microsoft.VisualStudio.TestTools.TestTypes.Unit.UnitTestAdapter" className="UnitTests.iCore.Common.Entities.ScriptVarTests" name="Equals_FromDataSorce_RetrnValueIsExpected (Data Row 105)" />
    </UnitTest>
    <UnitTest name="Equals_FromDataSorce_RetrnValueIsExpected (Data Row 106)" storage="f:\etwork\bin\tests\unittests.icore.common.entities.dll" id="44a09469-336e-4489-9ae0-b9bc15aa4d19">
      <Execution id="5edcc746-c239-458a-836d-cb18c2098a5e" />
      <TestMethod codeBase="F:\ETWork\bin\Tests\UnitTests.iCore.Common.Entities.dll" adapterTypeName="Microsoft.VisualStudio.TestTools.TestTypes.Unit.UnitTestAdapter" className="UnitTests.iCore.Common.Entities.ScriptVarTests" name="Equals_FromDataSorce_RetrnValueIsExpected (Data Row 106)" />
    </UnitTest>
    <UnitTest name="Equals_FromDataSorce_RetrnValueIsExpected (Data Row 107)" storage="f:\etwork\bin\tests\unittests.icore.common.entities.dll" id="adbe083e-5c50-4653-8297-7a55f762afae">
      <Execution id="4a79e22e-9bfa-4f63-9e95-a1b49ef5386c" />
      <TestMethod codeBase="F:\ETWork\bin\Tests\UnitTests.iCore.Common.Entities.dll" adapterTypeName="Microsoft.VisualStudio.TestTools.TestTypes.Unit.UnitTestAdapter" className="UnitTests.iCore.Common.Entities.ScriptVarTests" name="Equals_FromDataSorce_RetrnValueIsExpected (Data Row 107)" />
    </UnitTest>
    <UnitTest name="Equals_FromDataSorce_RetrnValueIsExpected (Data Row 108)" storage="f:\etwork\bin\tests\unittests.icore.common.entities.dll" id="c6029213-716b-4eda-bb15-a7c50271feb0">
      <Execution id="9dacc5c3-d9cb-46fa-9c4d-8cf0ee098205" />
      <TestMethod codeBase="F:\ETWork\bin\Tests\UnitTests.iCore.Common.Entities.dll" adapterTypeName="Microsoft.VisualStudio.TestTools.TestTypes.Unit.UnitTestAdapter" className="UnitTests.iCore.Common.Entities.ScriptVarTests" name="Equals_FromDataSorce_RetrnValueIsExpected (Data Row 108)" />
    </UnitTest>
    <UnitTest name="Equals_FromDataSorce_RetrnValueIsExpected (Data Row 109)" storage="f:\etwork\bin\tests\unittests.icore.common.entities.dll" id="60712df9-f7d9-4708-a5c6-5bf3fff32986">
      <Execution id="bdbf9123-cd3d-4750-af6c-4f337bf55bcb" />
      <TestMethod codeBase="F:\ETWork\bin\Tests\UnitTests.iCore.Common.Entities.dll" adapterTypeName="Microsoft.VisualStudio.TestTools.TestTypes.Unit.UnitTestAdapter" className="UnitTests.iCore.Common.Entities.ScriptVarTests" name="Equals_FromDataSorce_RetrnValueIsExpected (Data Row 109)" />
    </UnitTest>
    <UnitTest name="Equals_FromDataSorce_RetrnValueIsExpected (Data Row 110)" storage="f:\etwork\bin\tests\unittests.icore.common.entities.dll" id="915ac9da-265a-477e-aa62-941f448ceeea">
      <Execution id="10290354-29d0-4576-ab4e-7b456df92d66" />
      <TestMethod codeBase="F:\ETWork\bin\Tests\UnitTests.iCore.Common.Entities.dll" adapterTypeName="Microsoft.VisualStudio.TestTools.TestTypes.Unit.UnitTestAdapter" className="UnitTests.iCore.Common.Entities.ScriptVarTests" name="Equals_FromDataSorce_RetrnValueIsExpected (Data Row 110)" />
    </UnitTest>
    <UnitTest name="IsSameValue_FromDataSorce_RetrnValueIsExpected (Data Row 0)" storage="f:\etwork\bin\tests\unittests.icore.common.entities.dll" id="6281914c-a015-41ab-9a75-03acdbc3d1dc">
      <Execution id="824a0db2-1099-4856-8d08-5368c2800589" />
      <TestMethod codeBase="F:\ETWork\bin\Tests\UnitTests.iCore.Common.Entities.dll" adapterTypeName="Microsoft.VisualStudio.TestTools.TestTypes.Unit.UnitTestAdapter" className="UnitTests.iCore.Common.Entities.ScriptVarTests" name="IsSameValue_FromDataSorce_RetrnValueIsExpected (Data Row 0)" />
    </UnitTest>
    <UnitTest name="IsSameValue_FromDataSorce_RetrnValueIsExpected (Data Row 1)" storage="f:\etwork\bin\tests\unittests.icore.common.entities.dll" id="a6cd8f23-1fe7-4e60-b4fe-912707f75d9e">
      <Execution id="905c53e6-3b76-46fc-bbdd-cbaecb61c345" />
      <TestMethod codeBase="F:\ETWork\bin\Tests\UnitTests.iCore.Common.Entities.dll" adapterTypeName="Microsoft.VisualStudio.TestTools.TestTypes.Unit.UnitTestAdapter" className="UnitTests.iCore.Common.Entities.ScriptVarTests" name="IsSameValue_FromDataSorce_RetrnValueIsExpected (Data Row 1)" />
    </UnitTest>
    <UnitTest name="IsSameValue_FromDataSorce_RetrnValueIsExpected (Data Row 2)" storage="f:\etwork\bin\tests\unittests.icore.common.entities.dll" id="e2b15594-af9e-4f59-b820-28a0b67fa458">
      <Execution id="8bec90cd-8f57-4a9a-8f0d-e47c630a3b93" />
      <TestMethod codeBase="F:\ETWork\bin\Tests\UnitTests.iCore.Common.Entities.dll" adapterTypeName="Microsoft.VisualStudio.TestTools.TestTypes.Unit.UnitTestAdapter" className="UnitTests.iCore.Common.Entities.ScriptVarTests" name="IsSameValue_FromDataSorce_RetrnValueIsExpected (Data Row 2)" />
    </UnitTest>
    <UnitTest name="IsSameValue_FromDataSorce_RetrnValueIsExpected (Data Row 3)" storage="f:\etwork\bin\tests\unittests.icore.common.entities.dll" id="87695038-40ec-4a0d-a09d-24e4f4d223ee">
      <Execution id="3869d752-8010-4767-a6b8-7e1766d10522" />
      <TestMethod codeBase="F:\ETWork\bin\Tests\UnitTests.iCore.Common.Entities.dll" adapterTypeName="Microsoft.VisualStudio.TestTools.TestTypes.Unit.UnitTestAdapter" className="UnitTests.iCore.Common.Entities.ScriptVarTests" name="IsSameValue_FromDataSorce_RetrnValueIsExpected (Data Row 3)" />
    </UnitTest>
    <UnitTest name="IsSameValue_FromDataSorce_RetrnValueIsExpected (Data Row 4)" storage="f:\etwork\bin\tests\unittests.icore.common.entities.dll" id="4b93047f-7947-4c6f-85b7-4a57dc8ce219">
      <Execution id="adb4ec8f-a47d-4214-8dfa-55c5272e73ec" />
      <TestMethod codeBase="F:\ETWork\bin\Tests\UnitTests.iCore.Common.Entities.dll" adapterTypeName="Microsoft.VisualStudio.TestTools.TestTypes.Unit.UnitTestAdapter" className="UnitTests.iCore.Common.Entities.ScriptVarTests" name="IsSameValue_FromDataSorce_RetrnValueIsExpected (Data Row 4)" />
    </UnitTest>
    <UnitTest name="IsSameValue_FromDataSorce_RetrnValueIsExpected (Data Row 5)" storage="f:\etwork\bin\tests\unittests.icore.common.entities.dll" id="f76f8333-f40d-46c1-a350-ca58a1df4703">
      <Execution id="4a087e6a-1d98-4232-946e-7e23d86d4e0e" />
      <TestMethod codeBase="F:\ETWork\bin\Tests\UnitTests.iCore.Common.Entities.dll" adapterTypeName="Microsoft.VisualStudio.TestTools.TestTypes.Unit.UnitTestAdapter" className="UnitTests.iCore.Common.Entities.ScriptVarTests" name="IsSameValue_FromDataSorce_RetrnValueIsExpected (Data Row 5)" />
    </UnitTest>
    <UnitTest name="IsSameValue_FromDataSorce_RetrnValueIsExpected (Data Row 6)" storage="f:\etwork\bin\tests\unittests.icore.common.entities.dll" id="2296b549-76d0-4fcd-b04b-e0bb075fbeaa">
      <Execution id="cecddf01-847f-42cb-b3fe-6e461429ed5f" />
      <TestMethod codeBase="F:\ETWork\bin\Tests\UnitTests.iCore.Common.Entities.dll" adapterTypeName="Microsoft.VisualStudio.TestTools.TestTypes.Unit.UnitTestAdapter" className="UnitTests.iCore.Common.Entities.ScriptVarTests" name="IsSameValue_FromDataSorce_RetrnValueIsExpected (Data Row 6)" />
    </UnitTest>
    <UnitTest name="IsSameValue_FromDataSorce_RetrnValueIsExpected (Data Row 7)" storage="f:\etwork\bin\tests\unittests.icore.common.entities.dll" id="efec0fa2-0127-4498-866b-5b466fb08173">
      <Execution id="c9f9fac6-5f92-48a7-9a46-766711d25be8" />
      <TestMethod codeBase="F:\ETWork\bin\Tests\UnitTests.iCore.Common.Entities.dll" adapterTypeName="Microsoft.VisualStudio.TestTools.TestTypes.Unit.UnitTestAdapter" className="UnitTests.iCore.Common.Entities.ScriptVarTests" name="IsSameValue_FromDataSorce_RetrnValueIsExpected (Data Row 7)" />
    </UnitTest>
    <UnitTest name="IsSameValue_FromDataSorce_RetrnValueIsExpected (Data Row 8)" storage="f:\etwork\bin\tests\unittests.icore.common.entities.dll" id="720a7dfb-0969-42c3-b3c1-b816fc3a5717">
      <Execution id="27dd9545-3817-4b42-a842-b9b33d9347fc" />
      <TestMethod codeBase="F:\ETWork\bin\Tests\UnitTests.iCore.Common.Entities.dll" adapterTypeName="Microsoft.VisualStudio.TestTools.TestTypes.Unit.UnitTestAdapter" className="UnitTests.iCore.Common.Entities.ScriptVarTests" name="IsSameValue_FromDataSorce_RetrnValueIsExpected (Data Row 8)" />
    </UnitTest>
    <UnitTest name="IsSameValue_FromDataSorce_RetrnValueIsExpected (Data Row 9)" storage="f:\etwork\bin\tests\unittests.icore.common.entities.dll" id="159e7439-2319-409f-a184-bef6632f2654">
      <Execution id="e59f54d8-2987-44a7-84b4-1d3a221e2169" />
      <TestMethod codeBase="F:\ETWork\bin\Tests\UnitTests.iCore.Common.Entities.dll" adapterTypeName="Microsoft.VisualStudio.TestTools.TestTypes.Unit.UnitTestAdapter" className="UnitTests.iCore.Common.Entities.ScriptVarTests" name="IsSameValue_FromDataSorce_RetrnValueIsExpected (Data Row 9)" />
    </UnitTest>
    <UnitTest name="IsSameValue_FromDataSorce_RetrnValueIsExpected (Data Row 10)" storage="f:\etwork\bin\tests\unittests.icore.common.entities.dll" id="a72f01dc-658b-4aca-aa3e-268f55fa6c24">
      <Execution id="176de6bd-4914-469b-842d-1dc54221f96e" />
      <TestMethod codeBase="F:\ETWork\bin\Tests\UnitTests.iCore.Common.Entities.dll" adapterTypeName="Microsoft.VisualStudio.TestTools.TestTypes.Unit.UnitTestAdapter" className="UnitTests.iCore.Common.Entities.ScriptVarTests" name="IsSameValue_FromDataSorce_RetrnValueIsExpected (Data Row 10)" />
    </UnitTest>
    <UnitTest name="IsSameValue_FromDataSorce_RetrnValueIsExpected (Data Row 11)" storage="f:\etwork\bin\tests\unittests.icore.common.entities.dll" id="7e5abbf6-a111-47e8-b858-86792584675b">
      <Execution id="d5b93b2d-b842-442d-bc25-1e5896cb75f5" />
      <TestMethod codeBase="F:\ETWork\bin\Tests\UnitTests.iCore.Common.Entities.dll" adapterTypeName="Microsoft.VisualStudio.TestTools.TestTypes.Unit.UnitTestAdapter" className="UnitTests.iCore.Common.Entities.ScriptVarTests" name="IsSameValue_FromDataSorce_RetrnValueIsExpected (Data Row 11)" />
    </UnitTest>
    <UnitTest name="IsSameValue_FromDataSorce_RetrnValueIsExpected (Data Row 12)" storage="f:\etwork\bin\tests\unittests.icore.common.entities.dll" id="18defc31-78c2-4d5a-b225-5f8cab52bb60">
      <Execution id="ab79de99-7601-4fa6-8970-b109556423aa" />
      <TestMethod codeBase="F:\ETWork\bin\Tests\UnitTests.iCore.Common.Entities.dll" adapterTypeName="Microsoft.VisualStudio.TestTools.TestTypes.Unit.UnitTestAdapter" className="UnitTests.iCore.Common.Entities.ScriptVarTests" name="IsSameValue_FromDataSorce_RetrnValueIsExpected (Data Row 12)" />
    </UnitTest>
    <UnitTest name="IsSameValue_FromDataSorce_RetrnValueIsExpected (Data Row 13)" storage="f:\etwork\bin\tests\unittests.icore.common.entities.dll" id="17fa757f-8a8e-40d5-9006-874ebf453d5c">
      <Execution id="ceb253bd-cf10-4d49-b4c2-84e8efc01083" />
      <TestMethod codeBase="F:\ETWork\bin\Tests\UnitTests.iCore.Common.Entities.dll" adapterTypeName="Microsoft.VisualStudio.TestTools.TestTypes.Unit.UnitTestAdapter" className="UnitTests.iCore.Common.Entities.ScriptVarTests" name="IsSameValue_FromDataSorce_RetrnValueIsExpected (Data Row 13)" />
    </UnitTest>
    <UnitTest name="IsSameValue_FromDataSorce_RetrnValueIsExpected (Data Row 14)" storage="f:\etwork\bin\tests\unittests.icore.common.entities.dll" id="82c8c3ef-3614-4d65-976c-ee5d74770823">
      <Execution id="d8f2f21d-daae-4f9d-a22a-138ce499fd23" />
      <TestMethod codeBase="F:\ETWork\bin\Tests\UnitTests.iCore.Common.Entities.dll" adapterTypeName="Microsoft.VisualStudio.TestTools.TestTypes.Unit.UnitTestAdapter" className="UnitTests.iCore.Common.Entities.ScriptVarTests" name="IsSameValue_FromDataSorce_RetrnValueIsExpected (Data Row 14)" />
    </UnitTest>
    <UnitTest name="IsSameValue_FromDataSorce_RetrnValueIsExpected (Data Row 15)" storage="f:\etwork\bin\tests\unittests.icore.common.entities.dll" id="169816d6-e74c-47d6-b12e-d90ea5b020dd">
      <Execution id="56c11ace-15ec-4ada-9d46-70e5cb5a5140" />
      <TestMethod codeBase="F:\ETWork\bin\Tests\UnitTests.iCore.Common.Entities.dll" adapterTypeName="Microsoft.VisualStudio.TestTools.TestTypes.Unit.UnitTestAdapter" className="UnitTests.iCore.Common.Entities.ScriptVarTests" name="IsSameValue_FromDataSorce_RetrnValueIsExpected (Data Row 15)" />
    </UnitTest>
    <UnitTest name="IsSameValue_FromDataSorce_RetrnValueIsExpected (Data Row 16)" storage="f:\etwork\bin\tests\unittests.icore.common.entities.dll" id="689f3bef-b102-4ee6-82f7-5f468060b787">
      <Execution id="84779d67-6fbc-4376-a901-a753dfd2c486" />
      <TestMethod codeBase="F:\ETWork\bin\Tests\UnitTests.iCore.Common.Entities.dll" adapterTypeName="Microsoft.VisualStudio.TestTools.TestTypes.Unit.UnitTestAdapter" className="UnitTests.iCore.Common.Entities.ScriptVarTests" name="IsSameValue_FromDataSorce_RetrnValueIsExpected (Data Row 16)" />
    </UnitTest>
    <UnitTest name="IsSameValue_FromDataSorce_RetrnValueIsExpected (Data Row 17)" storage="f:\etwork\bin\tests\unittests.icore.common.entities.dll" id="704c51e8-1535-4874-8771-e7942e7b9b05">
      <Execution id="896ca498-276c-4e42-bc56-2cb550b2f0e1" />
      <TestMethod codeBase="F:\ETWork\bin\Tests\UnitTests.iCore.Common.Entities.dll" adapterTypeName="Microsoft.VisualStudio.TestTools.TestTypes.Unit.UnitTestAdapter" className="UnitTests.iCore.Common.Entities.ScriptVarTests" name="IsSameValue_FromDataSorce_RetrnValueIsExpected (Data Row 17)" />
    </UnitTest>
    <UnitTest name="IsSameValue_FromDataSorce_RetrnValueIsExpected (Data Row 18)" storage="f:\etwork\bin\tests\unittests.icore.common.entities.dll" id="3e79b4b1-2920-4f88-a310-d60607ff56a6">
      <Execution id="5aa79596-d612-4447-9a4d-09ef8d7b96e6" />
      <TestMethod codeBase="F:\ETWork\bin\Tests\UnitTests.iCore.Common.Entities.dll" adapterTypeName="Microsoft.VisualStudio.TestTools.TestTypes.Unit.UnitTestAdapter" className="UnitTests.iCore.Common.Entities.ScriptVarTests" name="IsSameValue_FromDataSorce_RetrnValueIsExpected (Data Row 18)" />
    </UnitTest>
    <UnitTest name="IsSameValue_FromDataSorce_RetrnValueIsExpected (Data Row 19)" storage="f:\etwork\bin\tests\unittests.icore.common.entities.dll" id="7fa46f80-bf0b-4f4d-bfbb-4ca5e11df9bf">
      <Execution id="edb7a4bc-8be8-43a0-a70a-9568efe6ffc8" />
      <TestMethod codeBase="F:\ETWork\bin\Tests\UnitTests.iCore.Common.Entities.dll" adapterTypeName="Microsoft.VisualStudio.TestTools.TestTypes.Unit.UnitTestAdapter" className="UnitTests.iCore.Common.Entities.ScriptVarTests" name="IsSameValue_FromDataSorce_RetrnValueIsExpected (Data Row 19)" />
    </UnitTest>
    <UnitTest name="IsSameValue_FromDataSorce_RetrnValueIsExpected (Data Row 20)" storage="f:\etwork\bin\tests\unittests.icore.common.entities.dll" id="a5355565-2d6c-4725-8e49-63c219275efa">
      <Execution id="4b4252fc-65a3-4e99-8706-080379113fff" />
      <TestMethod codeBase="F:\ETWork\bin\Tests\UnitTests.iCore.Common.Entities.dll" adapterTypeName="Microsoft.VisualStudio.TestTools.TestTypes.Unit.UnitTestAdapter" className="UnitTests.iCore.Common.Entities.ScriptVarTests" name="IsSameValue_FromDataSorce_RetrnValueIsExpected (Data Row 20)" />
    </UnitTest>
    <UnitTest name="IsSameValue_FromDataSorce_RetrnValueIsExpected (Data Row 21)" storage="f:\etwork\bin\tests\unittests.icore.common.entities.dll" id="012a7a69-dbed-4bca-b2a7-ea8ee38ee878">
      <Execution id="87eff4c6-903e-4b52-a590-c1d075432d0d" />
      <TestMethod codeBase="F:\ETWork\bin\Tests\UnitTests.iCore.Common.Entities.dll" adapterTypeName="Microsoft.VisualStudio.TestTools.TestTypes.Unit.UnitTestAdapter" className="UnitTests.iCore.Common.Entities.ScriptVarTests" name="IsSameValue_FromDataSorce_RetrnValueIsExpected (Data Row 21)" />
    </UnitTest>
    <UnitTest name="IsSameValue_FromDataSorce_RetrnValueIsExpected (Data Row 22)" storage="f:\etwork\bin\tests\unittests.icore.common.entities.dll" id="0e58d296-e226-4796-8226-7771fc65c5d5">
      <Execution id="1a746ad1-5bbd-4632-92c1-b3a270d09606" />
      <TestMethod codeBase="F:\ETWork\bin\Tests\UnitTests.iCore.Common.Entities.dll" adapterTypeName="Microsoft.VisualStudio.TestTools.TestTypes.Unit.UnitTestAdapter" className="UnitTests.iCore.Common.Entities.ScriptVarTests" name="IsSameValue_FromDataSorce_RetrnValueIsExpected (Data Row 22)" />
    </UnitTest>
    <UnitTest name="IsSameValue_FromDataSorce_RetrnValueIsExpected (Data Row 23)" storage="f:\etwork\bin\tests\unittests.icore.common.entities.dll" id="eeb8bebb-b012-48ed-ab7d-9c8b82b42e93">
      <Execution id="6c8c3524-9099-40bd-acc0-2120ded85ce8" />
      <TestMethod codeBase="F:\ETWork\bin\Tests\UnitTests.iCore.Common.Entities.dll" adapterTypeName="Microsoft.VisualStudio.TestTools.TestTypes.Unit.UnitTestAdapter" className="UnitTests.iCore.Common.Entities.ScriptVarTests" name="IsSameValue_FromDataSorce_RetrnValueIsExpected (Data Row 23)" />
    </UnitTest>
    <UnitTest name="IsSameValue_FromDataSorce_RetrnValueIsExpected (Data Row 24)" storage="f:\etwork\bin\tests\unittests.icore.common.entities.dll" id="865a95db-e9c7-4c88-8075-c01883e96b59">
      <Execution id="dcce4095-0b80-40b5-b28f-94bafd89a974" />
      <TestMethod codeBase="F:\ETWork\bin\Tests\UnitTests.iCore.Common.Entities.dll" adapterTypeName="Microsoft.VisualStudio.TestTools.TestTypes.Unit.UnitTestAdapter" className="UnitTests.iCore.Common.Entities.ScriptVarTests" name="IsSameValue_FromDataSorce_RetrnValueIsExpected (Data Row 24)" />
    </UnitTest>
    <UnitTest name="IsSameValue_FromDataSorce_RetrnValueIsExpected (Data Row 25)" storage="f:\etwork\bin\tests\unittests.icore.common.entities.dll" id="7a8354a6-33ea-4276-90f1-9032ac74e294">
      <Execution id="5f2f91f1-7130-4bd6-a4c3-a6b4f40218b6" />
      <TestMethod codeBase="F:\ETWork\bin\Tests\UnitTests.iCore.Common.Entities.dll" adapterTypeName="Microsoft.VisualStudio.TestTools.TestTypes.Unit.UnitTestAdapter" className="UnitTests.iCore.Common.Entities.ScriptVarTests" name="IsSameValue_FromDataSorce_RetrnValueIsExpected (Data Row 25)" />
    </UnitTest>
    <UnitTest name="IsSameValue_FromDataSorce_RetrnValueIsExpected (Data Row 26)" storage="f:\etwork\bin\tests\unittests.icore.common.entities.dll" id="97c87a1a-d431-42d3-a655-6c763fe559d6">
      <Execution id="c9047825-a281-4130-a698-0b1514fcbfc0" />
      <TestMethod codeBase="F:\ETWork\bin\Tests\UnitTests.iCore.Common.Entities.dll" adapterTypeName="Microsoft.VisualStudio.TestTools.TestTypes.Unit.UnitTestAdapter" className="UnitTests.iCore.Common.Entities.ScriptVarTests" name="IsSameValue_FromDataSorce_RetrnValueIsExpected (Data Row 26)" />
    </UnitTest>
    <UnitTest name="IsSameValue_FromDataSorce_RetrnValueIsExpected (Data Row 27)" storage="f:\etwork\bin\tests\unittests.icore.common.entities.dll" id="5f6e8bb0-a774-432c-b28c-efc09dde7cd8">
      <Execution id="8a0a1954-5dd1-4c92-9471-4703c581f991" />
      <TestMethod codeBase="F:\ETWork\bin\Tests\UnitTests.iCore.Common.Entities.dll" adapterTypeName="Microsoft.VisualStudio.TestTools.TestTypes.Unit.UnitTestAdapter" className="UnitTests.iCore.Common.Entities.ScriptVarTests" name="IsSameValue_FromDataSorce_RetrnValueIsExpected (Data Row 27)" />
    </UnitTest>
    <UnitTest name="IsSameValue_FromDataSorce_RetrnValueIsExpected (Data Row 28)" storage="f:\etwork\bin\tests\unittests.icore.common.entities.dll" id="18e76932-df88-4b7d-b476-2c91d7afcbf2">
      <Execution id="0ded5182-7d10-4dd0-a08e-ac13b65c7f5b" />
      <TestMethod codeBase="F:\ETWork\bin\Tests\UnitTests.iCore.Common.Entities.dll" adapterTypeName="Microsoft.VisualStudio.TestTools.TestTypes.Unit.UnitTestAdapter" className="UnitTests.iCore.Common.Entities.ScriptVarTests" name="IsSameValue_FromDataSorce_RetrnValueIsExpected (Data Row 28)" />
    </UnitTest>
    <UnitTest name="IsSameValue_FromDataSorce_RetrnValueIsExpected (Data Row 29)" storage="f:\etwork\bin\tests\unittests.icore.common.entities.dll" id="c6d38969-82fb-49da-96c7-0edc6633b828">
      <Execution id="026d9f88-568a-4f34-a963-c92b293fd604" />
      <TestMethod codeBase="F:\ETWork\bin\Tests\UnitTests.iCore.Common.Entities.dll" adapterTypeName="Microsoft.VisualStudio.TestTools.TestTypes.Unit.UnitTestAdapter" className="UnitTests.iCore.Common.Entities.ScriptVarTests" name="IsSameValue_FromDataSorce_RetrnValueIsExpected (Data Row 29)" />
    </UnitTest>
    <UnitTest name="IsSameValue_FromDataSorce_RetrnValueIsExpected (Data Row 30)" storage="f:\etwork\bin\tests\unittests.icore.common.entities.dll" id="af7fa5eb-6355-4984-b419-256cbe57c9c6">
      <Execution id="4004b2a7-73c7-41e7-bccf-ba799e5677fb" />
      <TestMethod codeBase="F:\ETWork\bin\Tests\UnitTests.iCore.Common.Entities.dll" adapterTypeName="Microsoft.VisualStudio.TestTools.TestTypes.Unit.UnitTestAdapter" className="UnitTests.iCore.Common.Entities.ScriptVarTests" name="IsSameValue_FromDataSorce_RetrnValueIsExpected (Data Row 30)" />
    </UnitTest>
    <UnitTest name="IsSameValue_FromDataSorce_RetrnValueIsExpected (Data Row 31)" storage="f:\etwork\bin\tests\unittests.icore.common.entities.dll" id="e3d6339a-f57b-4798-8090-19459bdfa534">
      <Execution id="dfb74737-3761-4772-916d-fa0edf505427" />
      <TestMethod codeBase="F:\ETWork\bin\Tests\UnitTests.iCore.Common.Entities.dll" adapterTypeName="Microsoft.VisualStudio.TestTools.TestTypes.Unit.UnitTestAdapter" className="UnitTests.iCore.Common.Entities.ScriptVarTests" name="IsSameValue_FromDataSorce_RetrnValueIsExpected (Data Row 31)" />
    </UnitTest>
    <UnitTest name="IsSameValue_FromDataSorce_RetrnValueIsExpected (Data Row 32)" storage="f:\etwork\bin\tests\unittests.icore.common.entities.dll" id="3c484e93-b7af-4ab5-984e-ead1c77bfebb">
      <Execution id="72e1eb0c-7da1-40d9-81bf-29b1c4f6b05d" />
      <TestMethod codeBase="F:\ETWork\bin\Tests\UnitTests.iCore.Common.Entities.dll" adapterTypeName="Microsoft.VisualStudio.TestTools.TestTypes.Unit.UnitTestAdapter" className="UnitTests.iCore.Common.Entities.ScriptVarTests" name="IsSameValue_FromDataSorce_RetrnValueIsExpected (Data Row 32)" />
    </UnitTest>
    <UnitTest name="IsSameValue_FromDataSorce_RetrnValueIsExpected (Data Row 33)" storage="f:\etwork\bin\tests\unittests.icore.common.entities.dll" id="586e4b21-15b3-4115-8a5d-cfa31986bd93">
      <Execution id="190aa77d-734f-4486-9231-54ffeb55b7fd" />
      <TestMethod codeBase="F:\ETWork\bin\Tests\UnitTests.iCore.Common.Entities.dll" adapterTypeName="Microsoft.VisualStudio.TestTools.TestTypes.Unit.UnitTestAdapter" className="UnitTests.iCore.Common.Entities.ScriptVarTests" name="IsSameValue_FromDataSorce_RetrnValueIsExpected (Data Row 33)" />
    </UnitTest>
    <UnitTest name="IsSameValue_FromDataSorce_RetrnValueIsExpected (Data Row 34)" storage="f:\etwork\bin\tests\unittests.icore.common.entities.dll" id="00250cd3-9c09-4097-8fdf-57969efab18d">
      <Execution id="8d58188e-02ff-462d-9886-b76766ff76a8" />
      <TestMethod codeBase="F:\ETWork\bin\Tests\UnitTests.iCore.Common.Entities.dll" adapterTypeName="Microsoft.VisualStudio.TestTools.TestTypes.Unit.UnitTestAdapter" className="UnitTests.iCore.Common.Entities.ScriptVarTests" name="IsSameValue_FromDataSorce_RetrnValueIsExpected (Data Row 34)" />
    </UnitTest>
    <UnitTest name="IsSameValue_FromDataSorce_RetrnValueIsExpected (Data Row 35)" storage="f:\etwork\bin\tests\unittests.icore.common.entities.dll" id="b7616712-c724-4953-80e9-4460dcfe0523">
      <Execution id="920ea09a-91d0-438e-a446-bdeb0a46da7b" />
      <TestMethod codeBase="F:\ETWork\bin\Tests\UnitTests.iCore.Common.Entities.dll" adapterTypeName="Microsoft.VisualStudio.TestTools.TestTypes.Unit.UnitTestAdapter" className="UnitTests.iCore.Common.Entities.ScriptVarTests" name="IsSameValue_FromDataSorce_RetrnValueIsExpected (Data Row 35)" />
    </UnitTest>
    <UnitTest name="IsSameValue_FromDataSorce_RetrnValueIsExpected (Data Row 36)" storage="f:\etwork\bin\tests\unittests.icore.common.entities.dll" id="b03f5225-5db8-467d-8e92-a2a3f08d49cc">
      <Execution id="de6877b7-f491-4cb2-bda6-3c38dae84bb6" />
      <TestMethod codeBase="F:\ETWork\bin\Tests\UnitTests.iCore.Common.Entities.dll" adapterTypeName="Microsoft.VisualStudio.TestTools.TestTypes.Unit.UnitTestAdapter" className="UnitTests.iCore.Common.Entities.ScriptVarTests" name="IsSameValue_FromDataSorce_RetrnValueIsExpected (Data Row 36)" />
    </UnitTest>
    <UnitTest name="IsSameValue_FromDataSorce_RetrnValueIsExpected (Data Row 37)" storage="f:\etwork\bin\tests\unittests.icore.common.entities.dll" id="ef6ab22a-b487-46e2-aec2-734e403be422">
      <Execution id="df2f9f87-be08-4189-86b8-9c693621d2a8" />
      <TestMethod codeBase="F:\ETWork\bin\Tests\UnitTests.iCore.Common.Entities.dll" adapterTypeName="Microsoft.VisualStudio.TestTools.TestTypes.Unit.UnitTestAdapter" className="UnitTests.iCore.Common.Entities.ScriptVarTests" name="IsSameValue_FromDataSorce_RetrnValueIsExpected (Data Row 37)" />
    </UnitTest>
    <UnitTest name="IsSameValue_FromDataSorce_RetrnValueIsExpected (Data Row 38)" storage="f:\etwork\bin\tests\unittests.icore.common.entities.dll" id="4743646c-a618-406b-a411-4de3079f9906">
      <Execution id="8ffd499e-d65c-4bdc-9b1a-594cebd9ede8" />
      <TestMethod codeBase="F:\ETWork\bin\Tests\UnitTests.iCore.Common.Entities.dll" adapterTypeName="Microsoft.VisualStudio.TestTools.TestTypes.Unit.UnitTestAdapter" className="UnitTests.iCore.Common.Entities.ScriptVarTests" name="IsSameValue_FromDataSorce_RetrnValueIsExpected (Data Row 38)" />
    </UnitTest>
    <UnitTest name="IsSameValue_FromDataSorce_RetrnValueIsExpected (Data Row 39)" storage="f:\etwork\bin\tests\unittests.icore.common.entities.dll" id="5bb0072d-6044-49fa-a050-5a751ef2ee3b">
      <Execution id="b8d34007-c1ce-4ebc-b1d2-2a11f3193e61" />
      <TestMethod codeBase="F:\ETWork\bin\Tests\UnitTests.iCore.Common.Entities.dll" adapterTypeName="Microsoft.VisualStudio.TestTools.TestTypes.Unit.UnitTestAdapter" className="UnitTests.iCore.Common.Entities.ScriptVarTests" name="IsSameValue_FromDataSorce_RetrnValueIsExpected (Data Row 39)" />
    </UnitTest>
    <UnitTest name="IsSameValue_FromDataSorce_RetrnValueIsExpected (Data Row 40)" storage="f:\etwork\bin\tests\unittests.icore.common.entities.dll" id="f67358db-ca10-44b1-9088-fde04161235d">
      <Execution id="f6135330-d1bd-4919-8250-2535f9bfe147" />
      <TestMethod codeBase="F:\ETWork\bin\Tests\UnitTests.iCore.Common.Entities.dll" adapterTypeName="Microsoft.VisualStudio.TestTools.TestTypes.Unit.UnitTestAdapter" className="UnitTests.iCore.Common.Entities.ScriptVarTests" name="IsSameValue_FromDataSorce_RetrnValueIsExpected (Data Row 40)" />
    </UnitTest>
    <UnitTest name="IsSameValue_FromDataSorce_RetrnValueIsExpected (Data Row 41)" storage="f:\etwork\bin\tests\unittests.icore.common.entities.dll" id="4e3e4550-3872-438f-a22a-84d1135e7729">
      <Execution id="38dee2ed-25a5-4cd2-91b8-ece2a7999288" />
      <TestMethod codeBase="F:\ETWork\bin\Tests\UnitTests.iCore.Common.Entities.dll" adapterTypeName="Microsoft.VisualStudio.TestTools.TestTypes.Unit.UnitTestAdapter" className="UnitTests.iCore.Common.Entities.ScriptVarTests" name="IsSameValue_FromDataSorce_RetrnValueIsExpected (Data Row 41)" />
    </UnitTest>
    <UnitTest name="IsSameValue_FromDataSorce_RetrnValueIsExpected (Data Row 42)" storage="f:\etwork\bin\tests\unittests.icore.common.entities.dll" id="b7a10c54-e4b9-4b2e-b840-a030dd160615">
      <Execution id="1d049a44-80b5-45d3-8db6-514d356acbc6" />
      <TestMethod codeBase="F:\ETWork\bin\Tests\UnitTests.iCore.Common.Entities.dll" adapterTypeName="Microsoft.VisualStudio.TestTools.TestTypes.Unit.UnitTestAdapter" className="UnitTests.iCore.Common.Entities.ScriptVarTests" name="IsSameValue_FromDataSorce_RetrnValueIsExpected (Data Row 42)" />
    </UnitTest>
    <UnitTest name="IsSameValue_FromDataSorce_RetrnValueIsExpected (Data Row 43)" storage="f:\etwork\bin\tests\unittests.icore.common.entities.dll" id="98268edc-f5d7-4528-b704-4562d2a9eae2">
      <Execution id="8c5f9913-36f0-4458-a3ff-1d489593fdb5" />
      <TestMethod codeBase="F:\ETWork\bin\Tests\UnitTests.iCore.Common.Entities.dll" adapterTypeName="Microsoft.VisualStudio.TestTools.TestTypes.Unit.UnitTestAdapter" className="UnitTests.iCore.Common.Entities.ScriptVarTests" name="IsSameValue_FromDataSorce_RetrnValueIsExpected (Data Row 43)" />
    </UnitTest>
    <UnitTest name="IsSameValue_FromDataSorce_RetrnValueIsExpected (Data Row 44)" storage="f:\etwork\bin\tests\unittests.icore.common.entities.dll" id="91b48259-b11c-4c7e-9488-1eb56fb920d0">
      <Execution id="937a7aa7-b6fa-447c-968b-5c6b23f1b46b" />
      <TestMethod codeBase="F:\ETWork\bin\Tests\UnitTests.iCore.Common.Entities.dll" adapterTypeName="Microsoft.VisualStudio.TestTools.TestTypes.Unit.UnitTestAdapter" className="UnitTests.iCore.Common.Entities.ScriptVarTests" name="IsSameValue_FromDataSorce_RetrnValueIsExpected (Data Row 44)" />
    </UnitTest>
    <UnitTest name="IsSameValue_FromDataSorce_RetrnValueIsExpected (Data Row 45)" storage="f:\etwork\bin\tests\unittests.icore.common.entities.dll" id="beae7d43-e1c9-48b3-bde4-b206c69d90ac">
      <Execution id="4b1643d4-a0f4-4644-b00c-cbbaae2669cf" />
      <TestMethod codeBase="F:\ETWork\bin\Tests\UnitTests.iCore.Common.Entities.dll" adapterTypeName="Microsoft.VisualStudio.TestTools.TestTypes.Unit.UnitTestAdapter" className="UnitTests.iCore.Common.Entities.ScriptVarTests" name="IsSameValue_FromDataSorce_RetrnValueIsExpected (Data Row 45)" />
    </UnitTest>
    <UnitTest name="IsSameValue_FromDataSorce_RetrnValueIsExpected (Data Row 46)" storage="f:\etwork\bin\tests\unittests.icore.common.entities.dll" id="58572ced-3110-455e-a479-bcef0dd374fa">
      <Execution id="7af2cb56-4bb6-4781-8cac-72b3716c0fbb" />
      <TestMethod codeBase="F:\ETWork\bin\Tests\UnitTests.iCore.Common.Entities.dll" adapterTypeName="Microsoft.VisualStudio.TestTools.TestTypes.Unit.UnitTestAdapter" className="UnitTests.iCore.Common.Entities.ScriptVarTests" name="IsSameValue_FromDataSorce_RetrnValueIsExpected (Data Row 46)" />
    </UnitTest>
    <UnitTest name="IsSameValue_FromDataSorce_RetrnValueIsExpected (Data Row 47)" storage="f:\etwork\bin\tests\unittests.icore.common.entities.dll" id="1962d3bc-20b8-4efd-aa33-ad6d85fc860f">
      <Execution id="f0bd90f4-aac5-4819-bfa1-bc57b3d3e614" />
      <TestMethod codeBase="F:\ETWork\bin\Tests\UnitTests.iCore.Common.Entities.dll" adapterTypeName="Microsoft.VisualStudio.TestTools.TestTypes.Unit.UnitTestAdapter" className="UnitTests.iCore.Common.Entities.ScriptVarTests" name="IsSameValue_FromDataSorce_RetrnValueIsExpected (Data Row 47)" />
    </UnitTest>
    <UnitTest name="IsSameValue_FromDataSorce_RetrnValueIsExpected (Data Row 48)" storage="f:\etwork\bin\tests\unittests.icore.common.entities.dll" id="552beb03-413b-4e45-96c2-6ab5ce7327f1">
      <Execution id="c566a90c-3384-4cd0-aabf-4937d8d78c1c" />
      <TestMethod codeBase="F:\ETWork\bin\Tests\UnitTests.iCore.Common.Entities.dll" adapterTypeName="Microsoft.VisualStudio.TestTools.TestTypes.Unit.UnitTestAdapter" className="UnitTests.iCore.Common.Entities.ScriptVarTests" name="IsSameValue_FromDataSorce_RetrnValueIsExpected (Data Row 48)" />
    </UnitTest>
    <UnitTest name="IsSameValue_FromDataSorce_RetrnValueIsExpected (Data Row 49)" storage="f:\etwork\bin\tests\unittests.icore.common.entities.dll" id="8dd7539a-2aae-427e-a9cf-6e280733eb81">
      <Execution id="ba9752a4-83a5-4603-af06-ab3da7d61525" />
      <TestMethod codeBase="F:\ETWork\bin\Tests\UnitTests.iCore.Common.Entities.dll" adapterTypeName="Microsoft.VisualStudio.TestTools.TestTypes.Unit.UnitTestAdapter" className="UnitTests.iCore.Common.Entities.ScriptVarTests" name="IsSameValue_FromDataSorce_RetrnValueIsExpected (Data Row 49)" />
    </UnitTest>
    <UnitTest name="IsSameValue_FromDataSorce_RetrnValueIsExpected (Data Row 50)" storage="f:\etwork\bin\tests\unittests.icore.common.entities.dll" id="681afe15-8183-4378-8996-7ea975efef43">
      <Execution id="cc70fc6c-acb4-40bf-a601-3c4c78ef0f26" />
      <TestMethod codeBase="F:\ETWork\bin\Tests\UnitTests.iCore.Common.Entities.dll" adapterTypeName="Microsoft.VisualStudio.TestTools.TestTypes.Unit.UnitTestAdapter" className="UnitTests.iCore.Common.Entities.ScriptVarTests" name="IsSameValue_FromDataSorce_RetrnValueIsExpected (Data Row 50)" />
    </UnitTest>
    <UnitTest name="IsSameValue_FromDataSorce_RetrnValueIsExpected (Data Row 51)" storage="f:\etwork\bin\tests\unittests.icore.common.entities.dll" id="c5f94f51-48d4-4ba1-b8e5-d0ed435fdfd0">
      <Execution id="c34ce1ea-6a40-4763-bf5f-808872edb145" />
      <TestMethod codeBase="F:\ETWork\bin\Tests\UnitTests.iCore.Common.Entities.dll" adapterTypeName="Microsoft.VisualStudio.TestTools.TestTypes.Unit.UnitTestAdapter" className="UnitTests.iCore.Common.Entities.ScriptVarTests" name="IsSameValue_FromDataSorce_RetrnValueIsExpected (Data Row 51)" />
    </UnitTest>
    <UnitTest name="IsSameValue_FromDataSorce_RetrnValueIsExpected (Data Row 52)" storage="f:\etwork\bin\tests\unittests.icore.common.entities.dll" id="a4a49870-6ad7-4f5f-ab38-757d28a2e49a">
      <Execution id="765675c9-4474-4ed5-b0e7-812cfcf85754" />
      <TestMethod codeBase="F:\ETWork\bin\Tests\UnitTests.iCore.Common.Entities.dll" adapterTypeName="Microsoft.VisualStudio.TestTools.TestTypes.Unit.UnitTestAdapter" className="UnitTests.iCore.Common.Entities.ScriptVarTests" name="IsSameValue_FromDataSorce_RetrnValueIsExpected (Data Row 52)" />
    </UnitTest>
    <UnitTest name="IsSameValue_FromDataSorce_RetrnValueIsExpected (Data Row 53)" storage="f:\etwork\bin\tests\unittests.icore.common.entities.dll" id="65640890-baf4-4a8f-a96b-508736607ace">
      <Execution id="d9a10b9c-c2fc-4aeb-a737-74275237535a" />
      <TestMethod codeBase="F:\ETWork\bin\Tests\UnitTests.iCore.Common.Entities.dll" adapterTypeName="Microsoft.VisualStudio.TestTools.TestTypes.Unit.UnitTestAdapter" className="UnitTests.iCore.Common.Entities.ScriptVarTests" name="IsSameValue_FromDataSorce_RetrnValueIsExpected (Data Row 53)" />
    </UnitTest>
    <UnitTest name="IsSameValue_FromDataSorce_RetrnValueIsExpected (Data Row 54)" storage="f:\etwork\bin\tests\unittests.icore.common.entities.dll" id="50a06b0c-26ed-48f1-9e8d-82954f237a23">
      <Execution id="a42933e7-d5db-4be3-a77d-a83727a1c9c9" />
      <TestMethod codeBase="F:\ETWork\bin\Tests\UnitTests.iCore.Common.Entities.dll" adapterTypeName="Microsoft.VisualStudio.TestTools.TestTypes.Unit.UnitTestAdapter" className="UnitTests.iCore.Common.Entities.ScriptVarTests" name="IsSameValue_FromDataSorce_RetrnValueIsExpected (Data Row 54)" />
    </UnitTest>
    <UnitTest name="IsSameValue_FromDataSorce_RetrnValueIsExpected (Data Row 55)" storage="f:\etwork\bin\tests\unittests.icore.common.entities.dll" id="66bcecb3-38b9-4b37-8060-41da9d496d46">
      <Execution id="aac23c78-035f-4a27-bcf4-ae6fc5f72618" />
      <TestMethod codeBase="F:\ETWork\bin\Tests\UnitTests.iCore.Common.Entities.dll" adapterTypeName="Microsoft.VisualStudio.TestTools.TestTypes.Unit.UnitTestAdapter" className="UnitTests.iCore.Common.Entities.ScriptVarTests" name="IsSameValue_FromDataSorce_RetrnValueIsExpected (Data Row 55)" />
    </UnitTest>
    <UnitTest name="IsSameValue_FromDataSorce_RetrnValueIsExpected (Data Row 56)" storage="f:\etwork\bin\tests\unittests.icore.common.entities.dll" id="6dd687ab-941d-44d4-a51a-cedf91e42d6d">
      <Execution id="6a5f3f8e-c81f-4e7f-838f-2cffdd30accc" />
      <TestMethod codeBase="F:\ETWork\bin\Tests\UnitTests.iCore.Common.Entities.dll" adapterTypeName="Microsoft.VisualStudio.TestTools.TestTypes.Unit.UnitTestAdapter" className="UnitTests.iCore.Common.Entities.ScriptVarTests" name="IsSameValue_FromDataSorce_RetrnValueIsExpected (Data Row 56)" />
    </UnitTest>
    <UnitTest name="IsSameValue_FromDataSorce_RetrnValueIsExpected (Data Row 57)" storage="f:\etwork\bin\tests\unittests.icore.common.entities.dll" id="ddb1d5f6-a645-41f2-a23e-fd1cde94bc63">
      <Execution id="fc7a1e27-e1df-4363-b8c3-ee7af6451144" />
      <TestMethod codeBase="F:\ETWork\bin\Tests\UnitTests.iCore.Common.Entities.dll" adapterTypeName="Microsoft.VisualStudio.TestTools.TestTypes.Unit.UnitTestAdapter" className="UnitTests.iCore.Common.Entities.ScriptVarTests" name="IsSameValue_FromDataSorce_RetrnValueIsExpected (Data Row 57)" />
    </UnitTest>
    <UnitTest name="IsSameValue_FromDataSorce_RetrnValueIsExpected (Data Row 58)" storage="f:\etwork\bin\tests\unittests.icore.common.entities.dll" id="3139cac9-3dff-4fd7-ae35-48b8b5746432">
      <Execution id="67c706b5-5ea5-4652-b3a3-a8bc1bedc5c0" />
      <TestMethod codeBase="F:\ETWork\bin\Tests\UnitTests.iCore.Common.Entities.dll" adapterTypeName="Microsoft.VisualStudio.TestTools.TestTypes.Unit.UnitTestAdapter" className="UnitTests.iCore.Common.Entities.ScriptVarTests" name="IsSameValue_FromDataSorce_RetrnValueIsExpected (Data Row 58)" />
    </UnitTest>
    <UnitTest name="IsSameValue_FromDataSorce_RetrnValueIsExpected (Data Row 59)" storage="f:\etwork\bin\tests\unittests.icore.common.entities.dll" id="f9ca9842-9171-4e64-97bd-7b08a3e7b159">
      <Execution id="7cc4184b-46e3-415b-9e9a-48165cd018e4" />
      <TestMethod codeBase="F:\ETWork\bin\Tests\UnitTests.iCore.Common.Entities.dll" adapterTypeName="Microsoft.VisualStudio.TestTools.TestTypes.Unit.UnitTestAdapter" className="UnitTests.iCore.Common.Entities.ScriptVarTests" name="IsSameValue_FromDataSorce_RetrnValueIsExpected (Data Row 59)" />
    </UnitTest>
    <UnitTest name="IsSameValue_FromDataSorce_RetrnValueIsExpected (Data Row 60)" storage="f:\etwork\bin\tests\unittests.icore.common.entities.dll" id="59fb09ea-bb79-4106-9b16-7e459de3f557">
      <Execution id="c3efe8ff-67fe-460b-a3de-c3fcef824f4a" />
      <TestMethod codeBase="F:\ETWork\bin\Tests\UnitTests.iCore.Common.Entities.dll" adapterTypeName="Microsoft.VisualStudio.TestTools.TestTypes.Unit.UnitTestAdapter" className="UnitTests.iCore.Common.Entities.ScriptVarTests" name="IsSameValue_FromDataSorce_RetrnValueIsExpected (Data Row 60)" />
    </UnitTest>
    <UnitTest name="IsSameValue_FromDataSorce_RetrnValueIsExpected (Data Row 61)" storage="f:\etwork\bin\tests\unittests.icore.common.entities.dll" id="70bfd5c5-103b-4c49-be3b-14d83fed2086">
      <Execution id="47923277-b2a1-4e94-85ed-fc252721867f" />
      <TestMethod codeBase="F:\ETWork\bin\Tests\UnitTests.iCore.Common.Entities.dll" adapterTypeName="Microsoft.VisualStudio.TestTools.TestTypes.Unit.UnitTestAdapter" className="UnitTests.iCore.Common.Entities.ScriptVarTests" name="IsSameValue_FromDataSorce_RetrnValueIsExpected (Data Row 61)" />
    </UnitTest>
    <UnitTest name="IsSameValue_FromDataSorce_RetrnValueIsExpected (Data Row 62)" storage="f:\etwork\bin\tests\unittests.icore.common.entities.dll" id="0e256d8c-ed5f-4a2f-9c3d-4263ee777983">
      <Execution id="75169c05-9fa3-4513-8d8a-83fc5f5f04b2" />
      <TestMethod codeBase="F:\ETWork\bin\Tests\UnitTests.iCore.Common.Entities.dll" adapterTypeName="Microsoft.VisualStudio.TestTools.TestTypes.Unit.UnitTestAdapter" className="UnitTests.iCore.Common.Entities.ScriptVarTests" name="IsSameValue_FromDataSorce_RetrnValueIsExpected (Data Row 62)" />
    </UnitTest>
    <UnitTest name="IsSameValue_FromDataSorce_RetrnValueIsExpected (Data Row 63)" storage="f:\etwork\bin\tests\unittests.icore.common.entities.dll" id="c1fc0484-e395-4fc2-8fef-b6f43376093b">
      <Execution id="a8fc09b3-c470-4afa-b200-3883328ed7e9" />
      <TestMethod codeBase="F:\ETWork\bin\Tests\UnitTests.iCore.Common.Entities.dll" adapterTypeName="Microsoft.VisualStudio.TestTools.TestTypes.Unit.UnitTestAdapter" className="UnitTests.iCore.Common.Entities.ScriptVarTests" name="IsSameValue_FromDataSorce_RetrnValueIsExpected (Data Row 63)" />
    </UnitTest>
    <UnitTest name="IsSameValue_FromDataSorce_RetrnValueIsExpected (Data Row 64)" storage="f:\etwork\bin\tests\unittests.icore.common.entities.dll" id="70af3079-e5d9-4c9e-bfb2-e813ca260ea8">
      <Execution id="b078dfaa-cc72-477b-ae4a-ccf396ca506f" />
      <TestMethod codeBase="F:\ETWork\bin\Tests\UnitTests.iCore.Common.Entities.dll" adapterTypeName="Microsoft.VisualStudio.TestTools.TestTypes.Unit.UnitTestAdapter" className="UnitTests.iCore.Common.Entities.ScriptVarTests" name="IsSameValue_FromDataSorce_RetrnValueIsExpected (Data Row 64)" />
    </UnitTest>
    <UnitTest name="IsSameValue_FromDataSorce_RetrnValueIsExpected (Data Row 65)" storage="f:\etwork\bin\tests\unittests.icore.common.entities.dll" id="5f1a8464-3905-4326-8526-454fa9ff8619">
      <Execution id="f2f0be65-1273-4d33-8dab-773e0fdcd0ae" />
      <TestMethod codeBase="F:\ETWork\bin\Tests\UnitTests.iCore.Common.Entities.dll" adapterTypeName="Microsoft.VisualStudio.TestTools.TestTypes.Unit.UnitTestAdapter" className="UnitTests.iCore.Common.Entities.ScriptVarTests" name="IsSameValue_FromDataSorce_RetrnValueIsExpected (Data Row 65)" />
    </UnitTest>
    <UnitTest name="IsSameValue_FromDataSorce_RetrnValueIsExpected (Data Row 66)" storage="f:\etwork\bin\tests\unittests.icore.common.entities.dll" id="abd7fc2b-7760-4e51-903e-4ce941356657">
      <Execution id="f0650480-6e19-49e2-8085-4394f27afab6" />
      <TestMethod codeBase="F:\ETWork\bin\Tests\UnitTests.iCore.Common.Entities.dll" adapterTypeName="Microsoft.VisualStudio.TestTools.TestTypes.Unit.UnitTestAdapter" className="UnitTests.iCore.Common.Entities.ScriptVarTests" name="IsSameValue_FromDataSorce_RetrnValueIsExpected (Data Row 66)" />
    </UnitTest>
    <UnitTest name="IsSameValue_FromDataSorce_RetrnValueIsExpected (Data Row 67)" storage="f:\etwork\bin\tests\unittests.icore.common.entities.dll" id="ab95afb7-eaa0-4b15-a88b-089e582cb60a">
      <Execution id="8c91b5ba-b78b-41ae-a48a-edc35bc2b2f0" />
      <TestMethod codeBase="F:\ETWork\bin\Tests\UnitTests.iCore.Common.Entities.dll" adapterTypeName="Microsoft.VisualStudio.TestTools.TestTypes.Unit.UnitTestAdapter" className="UnitTests.iCore.Common.Entities.ScriptVarTests" name="IsSameValue_FromDataSorce_RetrnValueIsExpected (Data Row 67)" />
    </UnitTest>
    <UnitTest name="IsSameValue_FromDataSorce_RetrnValueIsExpected (Data Row 68)" storage="f:\etwork\bin\tests\unittests.icore.common.entities.dll" id="278f0407-1262-435e-bd58-f624a5409fab">
      <Execution id="e3aa0ef9-34ef-432c-97ba-fbe8ed91be46" />
      <TestMethod codeBase="F:\ETWork\bin\Tests\UnitTests.iCore.Common.Entities.dll" adapterTypeName="Microsoft.VisualStudio.TestTools.TestTypes.Unit.UnitTestAdapter" className="UnitTests.iCore.Common.Entities.ScriptVarTests" name="IsSameValue_FromDataSorce_RetrnValueIsExpected (Data Row 68)" />
    </UnitTest>
    <UnitTest name="IsSameValue_FromDataSorce_RetrnValueIsExpected (Data Row 69)" storage="f:\etwork\bin\tests\unittests.icore.common.entities.dll" id="0416d022-239e-4ca8-be72-4c07c0ba4501">
      <Execution id="da15aa23-81c7-4df9-b64d-15c82aa3b6cf" />
      <TestMethod codeBase="F:\ETWork\bin\Tests\UnitTests.iCore.Common.Entities.dll" adapterTypeName="Microsoft.VisualStudio.TestTools.TestTypes.Unit.UnitTestAdapter" className="UnitTests.iCore.Common.Entities.ScriptVarTests" name="IsSameValue_FromDataSorce_RetrnValueIsExpected (Data Row 69)" />
    </UnitTest>
    <UnitTest name="IsSameValue_FromDataSorce_RetrnValueIsExpected (Data Row 70)" storage="f:\etwork\bin\tests\unittests.icore.common.entities.dll" id="b86e5c36-0f24-407b-a660-390a2f3e8d55">
      <Execution id="e7292444-e076-4365-bc08-ffb12f117bd7" />
      <TestMethod codeBase="F:\ETWork\bin\Tests\UnitTests.iCore.Common.Entities.dll" adapterTypeName="Microsoft.VisualStudio.TestTools.TestTypes.Unit.UnitTestAdapter" className="UnitTests.iCore.Common.Entities.ScriptVarTests" name="IsSameValue_FromDataSorce_RetrnValueIsExpected (Data Row 70)" />
    </UnitTest>
    <UnitTest name="IsSameValue_FromDataSorce_RetrnValueIsExpected (Data Row 71)" storage="f:\etwork\bin\tests\unittests.icore.common.entities.dll" id="a62b38fa-1eca-4799-b4ea-f2e6bc4b2fdd">
      <Execution id="778511dd-c56e-4570-9495-fa85a254c3ab" />
      <TestMethod codeBase="F:\ETWork\bin\Tests\UnitTests.iCore.Common.Entities.dll" adapterTypeName="Microsoft.VisualStudio.TestTools.TestTypes.Unit.UnitTestAdapter" className="UnitTests.iCore.Common.Entities.ScriptVarTests" name="IsSameValue_FromDataSorce_RetrnValueIsExpected (Data Row 71)" />
    </UnitTest>
    <UnitTest name="IsSameValue_FromDataSorce_RetrnValueIsExpected (Data Row 72)" storage="f:\etwork\bin\tests\unittests.icore.common.entities.dll" id="9f9f2f2e-f3e6-4d2a-8199-22cb21636ad5">
      <Execution id="0fb0b33f-945f-4cc8-b342-54e7160efe3d" />
      <TestMethod codeBase="F:\ETWork\bin\Tests\UnitTests.iCore.Common.Entities.dll" adapterTypeName="Microsoft.VisualStudio.TestTools.TestTypes.Unit.UnitTestAdapter" className="UnitTests.iCore.Common.Entities.ScriptVarTests" name="IsSameValue_FromDataSorce_RetrnValueIsExpected (Data Row 72)" />
    </UnitTest>
    <UnitTest name="IsSameValue_FromDataSorce_RetrnValueIsExpected (Data Row 73)" storage="f:\etwork\bin\tests\unittests.icore.common.entities.dll" id="8a33e26b-5b72-421a-8a34-ce973547ed83">
      <Execution id="f213efb5-6729-4f55-b3d7-1c3d44875045" />
      <TestMethod codeBase="F:\ETWork\bin\Tests\UnitTests.iCore.Common.Entities.dll" adapterTypeName="Microsoft.VisualStudio.TestTools.TestTypes.Unit.UnitTestAdapter" className="UnitTests.iCore.Common.Entities.ScriptVarTests" name="IsSameValue_FromDataSorce_RetrnValueIsExpected (Data Row 73)" />
    </UnitTest>
    <UnitTest name="IsSameValue_FromDataSorce_RetrnValueIsExpected (Data Row 74)" storage="f:\etwork\bin\tests\unittests.icore.common.entities.dll" id="ffb33900-d7bb-4f8c-b163-00a117eeb620">
      <Execution id="5ef75352-9dca-4287-b7f5-96ad3e36e30a" />
      <TestMethod codeBase="F:\ETWork\bin\Tests\UnitTests.iCore.Common.Entities.dll" adapterTypeName="Microsoft.VisualStudio.TestTools.TestTypes.Unit.UnitTestAdapter" className="UnitTests.iCore.Common.Entities.ScriptVarTests" name="IsSameValue_FromDataSorce_RetrnValueIsExpected (Data Row 74)" />
    </UnitTest>
    <UnitTest name="IsSameValue_FromDataSorce_RetrnValueIsExpected (Data Row 75)" storage="f:\etwork\bin\tests\unittests.icore.common.entities.dll" id="e29fddc7-3c72-4d54-9979-d86d7fd80afa">
      <Execution id="18a5d49e-3d44-4992-bc2e-6f90e13d5169" />
      <TestMethod codeBase="F:\ETWork\bin\Tests\UnitTests.iCore.Common.Entities.dll" adapterTypeName="Microsoft.VisualStudio.TestTools.TestTypes.Unit.UnitTestAdapter" className="UnitTests.iCore.Common.Entities.ScriptVarTests" name="IsSameValue_FromDataSorce_RetrnValueIsExpected (Data Row 75)" />
    </UnitTest>
    <UnitTest name="IsSameValue_FromDataSorce_RetrnValueIsExpected (Data Row 76)" storage="f:\etwork\bin\tests\unittests.icore.common.entities.dll" id="edd5114a-76ec-4282-b2b9-226b08433b4b">
      <Execution id="994212d5-2c97-40e4-a3c7-f8445364ca98" />
      <TestMethod codeBase="F:\ETWork\bin\Tests\UnitTests.iCore.Common.Entities.dll" adapterTypeName="Microsoft.VisualStudio.TestTools.TestTypes.Unit.UnitTestAdapter" className="UnitTests.iCore.Common.Entities.ScriptVarTests" name="IsSameValue_FromDataSorce_RetrnValueIsExpected (Data Row 76)" />
    </UnitTest>
    <UnitTest name="IsSameValue_FromDataSorce_RetrnValueIsExpected (Data Row 77)" storage="f:\etwork\bin\tests\unittests.icore.common.entities.dll" id="233f3229-9076-4940-8256-151aa564dc30">
      <Execution id="28ffdd04-9741-4fbc-aef4-3ae7f93ca2a5" />
      <TestMethod codeBase="F:\ETWork\bin\Tests\UnitTests.iCore.Common.Entities.dll" adapterTypeName="Microsoft.VisualStudio.TestTools.TestTypes.Unit.UnitTestAdapter" className="UnitTests.iCore.Common.Entities.ScriptVarTests" name="IsSameValue_FromDataSorce_RetrnValueIsExpected (Data Row 77)" />
    </UnitTest>
    <UnitTest name="IsSameValue_FromDataSorce_RetrnValueIsExpected (Data Row 78)" storage="f:\etwork\bin\tests\unittests.icore.common.entities.dll" id="fa21cbae-49fa-48d2-be0c-1135b79ab2d8">
      <Execution id="be7b6177-72d5-4d1b-88d1-805fd46650e6" />
      <TestMethod codeBase="F:\ETWork\bin\Tests\UnitTests.iCore.Common.Entities.dll" adapterTypeName="Microsoft.VisualStudio.TestTools.TestTypes.Unit.UnitTestAdapter" className="UnitTests.iCore.Common.Entities.ScriptVarTests" name="IsSameValue_FromDataSorce_RetrnValueIsExpected (Data Row 78)" />
    </UnitTest>
    <UnitTest name="IsSameValue_FromDataSorce_RetrnValueIsExpected (Data Row 79)" storage="f:\etwork\bin\tests\unittests.icore.common.entities.dll" id="9cac036a-4744-44b7-8f1d-53e3a5e4a3ed">
      <Execution id="892fc927-c71b-4947-8eff-291679dfa912" />
      <TestMethod codeBase="F:\ETWork\bin\Tests\UnitTests.iCore.Common.Entities.dll" adapterTypeName="Microsoft.VisualStudio.TestTools.TestTypes.Unit.UnitTestAdapter" className="UnitTests.iCore.Common.Entities.ScriptVarTests" name="IsSameValue_FromDataSorce_RetrnValueIsExpected (Data Row 79)" />
    </UnitTest>
    <UnitTest name="IsSameValue_FromDataSorce_RetrnValueIsExpected (Data Row 80)" storage="f:\etwork\bin\tests\unittests.icore.common.entities.dll" id="24564d00-8504-48a0-83e0-dd70f1efa5b2">
      <Execution id="13305fd3-b678-4b5c-b6ce-80ff2e89a4c3" />
      <TestMethod codeBase="F:\ETWork\bin\Tests\UnitTests.iCore.Common.Entities.dll" adapterTypeName="Microsoft.VisualStudio.TestTools.TestTypes.Unit.UnitTestAdapter" className="UnitTests.iCore.Common.Entities.ScriptVarTests" name="IsSameValue_FromDataSorce_RetrnValueIsExpected (Data Row 80)" />
    </UnitTest>
    <UnitTest name="IsSameValue_FromDataSorce_RetrnValueIsExpected (Data Row 81)" storage="f:\etwork\bin\tests\unittests.icore.common.entities.dll" id="8bcbc4ad-e24e-48c6-9a4b-7360eca87bb5">
      <Execution id="fadcdefa-ceb3-4dbb-ad91-15a6676bfecf" />
      <TestMethod codeBase="F:\ETWork\bin\Tests\UnitTests.iCore.Common.Entities.dll" adapterTypeName="Microsoft.VisualStudio.TestTools.TestTypes.Unit.UnitTestAdapter" className="UnitTests.iCore.Common.Entities.ScriptVarTests" name="IsSameValue_FromDataSorce_RetrnValueIsExpected (Data Row 81)" />
    </UnitTest>
    <UnitTest name="IsSameValue_FromDataSorce_RetrnValueIsExpected (Data Row 82)" storage="f:\etwork\bin\tests\unittests.icore.common.entities.dll" id="a65f4c3c-8123-48ee-a172-c9b206fc60b6">
      <Execution id="27459c78-7639-4976-870e-16a49f031f5b" />
      <TestMethod codeBase="F:\ETWork\bin\Tests\UnitTests.iCore.Common.Entities.dll" adapterTypeName="Microsoft.VisualStudio.TestTools.TestTypes.Unit.UnitTestAdapter" className="UnitTests.iCore.Common.Entities.ScriptVarTests" name="IsSameValue_FromDataSorce_RetrnValueIsExpected (Data Row 82)" />
    </UnitTest>
    <UnitTest name="IsSameValue_FromDataSorce_RetrnValueIsExpected (Data Row 83)" storage="f:\etwork\bin\tests\unittests.icore.common.entities.dll" id="caf5b6af-d829-48ac-8a60-60c13e269e7f">
      <Execution id="a5a5a8cc-526d-4da7-a9af-b822adb21b0f" />
      <TestMethod codeBase="F:\ETWork\bin\Tests\UnitTests.iCore.Common.Entities.dll" adapterTypeName="Microsoft.VisualStudio.TestTools.TestTypes.Unit.UnitTestAdapter" className="UnitTests.iCore.Common.Entities.ScriptVarTests" name="IsSameValue_FromDataSorce_RetrnValueIsExpected (Data Row 83)" />
    </UnitTest>
    <UnitTest name="IsSameValue_FromDataSorce_RetrnValueIsExpected (Data Row 84)" storage="f:\etwork\bin\tests\unittests.icore.common.entities.dll" id="8298057a-0f15-4ccd-a78e-214c8a6c3bd2">
      <Execution id="f3ab399e-f2e1-4d6b-9935-0a7a79623ea9" />
      <TestMethod codeBase="F:\ETWork\bin\Tests\UnitTests.iCore.Common.Entities.dll" adapterTypeName="Microsoft.VisualStudio.TestTools.TestTypes.Unit.UnitTestAdapter" className="UnitTests.iCore.Common.Entities.ScriptVarTests" name="IsSameValue_FromDataSorce_RetrnValueIsExpected (Data Row 84)" />
    </UnitTest>
    <UnitTest name="IsSameValue_FromDataSorce_RetrnValueIsExpected (Data Row 85)" storage="f:\etwork\bin\tests\unittests.icore.common.entities.dll" id="c5429d42-7fc0-494f-af92-2929274d3b2a">
      <Execution id="c7aac9ea-dc04-447b-8871-ba89d78ae976" />
      <TestMethod codeBase="F:\ETWork\bin\Tests\UnitTests.iCore.Common.Entities.dll" adapterTypeName="Microsoft.VisualStudio.TestTools.TestTypes.Unit.UnitTestAdapter" className="UnitTests.iCore.Common.Entities.ScriptVarTests" name="IsSameValue_FromDataSorce_RetrnValueIsExpected (Data Row 85)" />
    </UnitTest>
    <UnitTest name="IsSameValue_FromDataSorce_RetrnValueIsExpected (Data Row 86)" storage="f:\etwork\bin\tests\unittests.icore.common.entities.dll" id="4bae6e7b-a9c0-4fb8-b310-3302bba40954">
      <Execution id="dcc258e5-f9dd-4ac2-811e-1d0ac58f8128" />
      <TestMethod codeBase="F:\ETWork\bin\Tests\UnitTests.iCore.Common.Entities.dll" adapterTypeName="Microsoft.VisualStudio.TestTools.TestTypes.Unit.UnitTestAdapter" className="UnitTests.iCore.Common.Entities.ScriptVarTests" name="IsSameValue_FromDataSorce_RetrnValueIsExpected (Data Row 86)" />
    </UnitTest>
    <UnitTest name="IsSameValue_FromDataSorce_RetrnValueIsExpected (Data Row 87)" storage="f:\etwork\bin\tests\unittests.icore.common.entities.dll" id="0f0b0bd1-9687-4181-a7c0-ac075728c5ee">
      <Execution id="b06f07ef-e2c7-4467-ac3d-0957eba0ebd0" />
      <TestMethod codeBase="F:\ETWork\bin\Tests\UnitTests.iCore.Common.Entities.dll" adapterTypeName="Microsoft.VisualStudio.TestTools.TestTypes.Unit.UnitTestAdapter" className="UnitTests.iCore.Common.Entities.ScriptVarTests" name="IsSameValue_FromDataSorce_RetrnValueIsExpected (Data Row 87)" />
    </UnitTest>
    <UnitTest name="IsSameValue_FromDataSorce_RetrnValueIsExpected (Data Row 88)" storage="f:\etwork\bin\tests\unittests.icore.common.entities.dll" id="13a43a22-3399-4564-af79-46dea95ecc41">
      <Execution id="61e12d63-5e67-40ac-b8ca-0bb71566fd0e" />
      <TestMethod codeBase="F:\ETWork\bin\Tests\UnitTests.iCore.Common.Entities.dll" adapterTypeName="Microsoft.VisualStudio.TestTools.TestTypes.Unit.UnitTestAdapter" className="UnitTests.iCore.Common.Entities.ScriptVarTests" name="IsSameValue_FromDataSorce_RetrnValueIsExpected (Data Row 88)" />
    </UnitTest>
    <UnitTest name="IsSameValue_FromDataSorce_RetrnValueIsExpected (Data Row 89)" storage="f:\etwork\bin\tests\unittests.icore.common.entities.dll" id="a509ff82-5146-4ff4-9fa8-17a154be0efb">
      <Execution id="f5879c2b-61d9-4225-9fb4-3bc61e8e9b5c" />
      <TestMethod codeBase="F:\ETWork\bin\Tests\UnitTests.iCore.Common.Entities.dll" adapterTypeName="Microsoft.VisualStudio.TestTools.TestTypes.Unit.UnitTestAdapter" className="UnitTests.iCore.Common.Entities.ScriptVarTests" name="IsSameValue_FromDataSorce_RetrnValueIsExpected (Data Row 89)" />
    </UnitTest>
    <UnitTest name="IsSameValue_FromDataSorce_RetrnValueIsExpected (Data Row 90)" storage="f:\etwork\bin\tests\unittests.icore.common.entities.dll" id="c9a01d10-c53b-4fb5-aa1d-95c4ee905a32">
      <Execution id="b6ea11fa-f864-4cd5-8cf9-835cbbb6cff6" />
      <TestMethod codeBase="F:\ETWork\bin\Tests\UnitTests.iCore.Common.Entities.dll" adapterTypeName="Microsoft.VisualStudio.TestTools.TestTypes.Unit.UnitTestAdapter" className="UnitTests.iCore.Common.Entities.ScriptVarTests" name="IsSameValue_FromDataSorce_RetrnValueIsExpected (Data Row 90)" />
    </UnitTest>
    <UnitTest name="IsSameValue_FromDataSorce_RetrnValueIsExpected (Data Row 91)" storage="f:\etwork\bin\tests\unittests.icore.common.entities.dll" id="755fc452-d8a9-4562-bdf4-3e6fc95ed9df">
      <Execution id="5d469460-5193-4865-bb40-2f68d1e5f799" />
      <TestMethod codeBase="F:\ETWork\bin\Tests\UnitTests.iCore.Common.Entities.dll" adapterTypeName="Microsoft.VisualStudio.TestTools.TestTypes.Unit.UnitTestAdapter" className="UnitTests.iCore.Common.Entities.ScriptVarTests" name="IsSameValue_FromDataSorce_RetrnValueIsExpected (Data Row 91)" />
    </UnitTest>
    <UnitTest name="IsSameValue_FromDataSorce_RetrnValueIsExpected (Data Row 92)" storage="f:\etwork\bin\tests\unittests.icore.common.entities.dll" id="9ae306f4-d30e-4b34-b146-9d3fd8a9a94c">
      <Execution id="014579b7-286f-49b8-9217-5c74614ef69b" />
      <TestMethod codeBase="F:\ETWork\bin\Tests\UnitTests.iCore.Common.Entities.dll" adapterTypeName="Microsoft.VisualStudio.TestTools.TestTypes.Unit.UnitTestAdapter" className="UnitTests.iCore.Common.Entities.ScriptVarTests" name="IsSameValue_FromDataSorce_RetrnValueIsExpected (Data Row 92)" />
    </UnitTest>
    <UnitTest name="IsSameValue_FromDataSorce_RetrnValueIsExpected (Data Row 93)" storage="f:\etwork\bin\tests\unittests.icore.common.entities.dll" id="c16fc05e-3ee4-440e-9b6f-909b80265020">
      <Execution id="90e0bee2-6358-4971-8c25-838dc0789673" />
      <TestMethod codeBase="F:\ETWork\bin\Tests\UnitTests.iCore.Common.Entities.dll" adapterTypeName="Microsoft.VisualStudio.TestTools.TestTypes.Unit.UnitTestAdapter" className="UnitTests.iCore.Common.Entities.ScriptVarTests" name="IsSameValue_FromDataSorce_RetrnValueIsExpected (Data Row 93)" />
    </UnitTest>
    <UnitTest name="IsSameValue_FromDataSorce_RetrnValueIsExpected (Data Row 94)" storage="f:\etwork\bin\tests\unittests.icore.common.entities.dll" id="7345d864-6d3a-4fbd-a276-6def7f8b8eae">
      <Execution id="a3fce0a5-e69d-4286-b18e-50ad9deb6dc9" />
      <TestMethod codeBase="F:\ETWork\bin\Tests\UnitTests.iCore.Common.Entities.dll" adapterTypeName="Microsoft.VisualStudio.TestTools.TestTypes.Unit.UnitTestAdapter" className="UnitTests.iCore.Common.Entities.ScriptVarTests" name="IsSameValue_FromDataSorce_RetrnValueIsExpected (Data Row 94)" />
    </UnitTest>
    <UnitTest name="IsSameValue_FromDataSorce_RetrnValueIsExpected (Data Row 95)" storage="f:\etwork\bin\tests\unittests.icore.common.entities.dll" id="6918cc9f-ac54-48d7-bc07-d53d086da489">
      <Execution id="4366eb84-7b73-4935-a84a-87b63d763219" />
      <TestMethod codeBase="F:\ETWork\bin\Tests\UnitTests.iCore.Common.Entities.dll" adapterTypeName="Microsoft.VisualStudio.TestTools.TestTypes.Unit.UnitTestAdapter" className="UnitTests.iCore.Common.Entities.ScriptVarTests" name="IsSameValue_FromDataSorce_RetrnValueIsExpected (Data Row 95)" />
    </UnitTest>
    <UnitTest name="IsSameValue_FromDataSorce_RetrnValueIsExpected (Data Row 96)" storage="f:\etwork\bin\tests\unittests.icore.common.entities.dll" id="dc73a818-8011-42d1-8ea2-37a2dc15041b">
      <Execution id="e3556f76-9212-49ed-808f-2b123fe71011" />
      <TestMethod codeBase="F:\ETWork\bin\Tests\UnitTests.iCore.Common.Entities.dll" adapterTypeName="Microsoft.VisualStudio.TestTools.TestTypes.Unit.UnitTestAdapter" className="UnitTests.iCore.Common.Entities.ScriptVarTests" name="IsSameValue_FromDataSorce_RetrnValueIsExpected (Data Row 96)" />
    </UnitTest>
    <UnitTest name="IsSameValue_FromDataSorce_RetrnValueIsExpected (Data Row 97)" storage="f:\etwork\bin\tests\unittests.icore.common.entities.dll" id="d741c441-51b2-48bd-8bd8-6674b44625af">
      <Execution id="86ac9d7e-c328-47ed-af46-0e0bc766ab97" />
      <TestMethod codeBase="F:\ETWork\bin\Tests\UnitTests.iCore.Common.Entities.dll" adapterTypeName="Microsoft.VisualStudio.TestTools.TestTypes.Unit.UnitTestAdapter" className="UnitTests.iCore.Common.Entities.ScriptVarTests" name="IsSameValue_FromDataSorce_RetrnValueIsExpected (Data Row 97)" />
    </UnitTest>
    <UnitTest name="IsSameValue_FromDataSorce_RetrnValueIsExpected (Data Row 98)" storage="f:\etwork\bin\tests\unittests.icore.common.entities.dll" id="b3199c41-7a1f-4a2f-93b5-fa8e80f6a5c7">
      <Execution id="16b20a58-0ed4-42c8-a864-1440accd11e7" />
      <TestMethod codeBase="F:\ETWork\bin\Tests\UnitTests.iCore.Common.Entities.dll" adapterTypeName="Microsoft.VisualStudio.TestTools.TestTypes.Unit.UnitTestAdapter" className="UnitTests.iCore.Common.Entities.ScriptVarTests" name="IsSameValue_FromDataSorce_RetrnValueIsExpected (Data Row 98)" />
    </UnitTest>
    <UnitTest name="IsSameValue_FromDataSorce_RetrnValueIsExpected (Data Row 99)" storage="f:\etwork\bin\tests\unittests.icore.common.entities.dll" id="5ae5fc96-44a7-4901-98ae-0a153251a77c">
      <Execution id="787c2416-0f82-4600-968b-c8fe059a596e" />
      <TestMethod codeBase="F:\ETWork\bin\Tests\UnitTests.iCore.Common.Entities.dll" adapterTypeName="Microsoft.VisualStudio.TestTools.TestTypes.Unit.UnitTestAdapter" className="UnitTests.iCore.Common.Entities.ScriptVarTests" name="IsSameValue_FromDataSorce_RetrnValueIsExpected (Data Row 99)" />
    </UnitTest>
    <UnitTest name="IsSameValue_FromDataSorce_RetrnValueIsExpected (Data Row 100)" storage="f:\etwork\bin\tests\unittests.icore.common.entities.dll" id="daffbaa1-d740-4981-9f58-b2991ca6b5ba">
      <Execution id="fc3cc20b-993c-4778-bd6c-b2c794d56da4" />
      <TestMethod codeBase="F:\ETWork\bin\Tests\UnitTests.iCore.Common.Entities.dll" adapterTypeName="Microsoft.VisualStudio.TestTools.TestTypes.Unit.UnitTestAdapter" className="UnitTests.iCore.Common.Entities.ScriptVarTests" name="IsSameValue_FromDataSorce_RetrnValueIsExpected (Data Row 100)" />
    </UnitTest>
    <UnitTest name="IsSameValue_FromDataSorce_RetrnValueIsExpected (Data Row 101)" storage="f:\etwork\bin\tests\unittests.icore.common.entities.dll" id="b1d7b841-2bf8-4244-b321-b221d2f7e9f1">
      <Execution id="7a98915f-32a0-4644-83a8-f3474fa5b989" />
      <TestMethod codeBase="F:\ETWork\bin\Tests\UnitTests.iCore.Common.Entities.dll" adapterTypeName="Microsoft.VisualStudio.TestTools.TestTypes.Unit.UnitTestAdapter" className="UnitTests.iCore.Common.Entities.ScriptVarTests" name="IsSameValue_FromDataSorce_RetrnValueIsExpected (Data Row 101)" />
    </UnitTest>
    <UnitTest name="IsSameValue_FromDataSorce_RetrnValueIsExpected (Data Row 102)" storage="f:\etwork\bin\tests\unittests.icore.common.entities.dll" id="d6c01bcf-93f4-42bd-819e-ee7abd4ab0ee">
      <Execution id="83d6455a-f17b-426b-ac95-dce03cb86a6c" />
      <TestMethod codeBase="F:\ETWork\bin\Tests\UnitTests.iCore.Common.Entities.dll" adapterTypeName="Microsoft.VisualStudio.TestTools.TestTypes.Unit.UnitTestAdapter" className="UnitTests.iCore.Common.Entities.ScriptVarTests" name="IsSameValue_FromDataSorce_RetrnValueIsExpected (Data Row 102)" />
    </UnitTest>
    <UnitTest name="IsSameValue_FromDataSorce_RetrnValueIsExpected (Data Row 103)" storage="f:\etwork\bin\tests\unittests.icore.common.entities.dll" id="69bef3dd-2474-4a16-ae59-2103d57e0752">
      <Execution id="ce8a9f78-9327-4b77-a50e-9987e480f654" />
      <TestMethod codeBase="F:\ETWork\bin\Tests\UnitTests.iCore.Common.Entities.dll" adapterTypeName="Microsoft.VisualStudio.TestTools.TestTypes.Unit.UnitTestAdapter" className="UnitTests.iCore.Common.Entities.ScriptVarTests" name="IsSameValue_FromDataSorce_RetrnValueIsExpected (Data Row 103)" />
    </UnitTest>
    <UnitTest name="IsSameValue_FromDataSorce_RetrnValueIsExpected (Data Row 104)" storage="f:\etwork\bin\tests\unittests.icore.common.entities.dll" id="ea80ad7e-43ee-4e16-9ddc-0bbb30f3236b">
      <Execution id="fe50cb6b-d9c5-4fa2-8c06-da0341ad4c8e" />
      <TestMethod codeBase="F:\ETWork\bin\Tests\UnitTests.iCore.Common.Entities.dll" adapterTypeName="Microsoft.VisualStudio.TestTools.TestTypes.Unit.UnitTestAdapter" className="UnitTests.iCore.Common.Entities.ScriptVarTests" name="IsSameValue_FromDataSorce_RetrnValueIsExpected (Data Row 104)" />
    </UnitTest>
    <UnitTest name="IsSameValue_FromDataSorce_RetrnValueIsExpected (Data Row 105)" storage="f:\etwork\bin\tests\unittests.icore.common.entities.dll" id="e58e7e58-d33f-414b-a895-e3c94835a965">
      <Execution id="4f7db02e-eb2c-4748-aaa3-a945e1f0e7eb" />
      <TestMethod codeBase="F:\ETWork\bin\Tests\UnitTests.iCore.Common.Entities.dll" adapterTypeName="Microsoft.VisualStudio.TestTools.TestTypes.Unit.UnitTestAdapter" className="UnitTests.iCore.Common.Entities.ScriptVarTests" name="IsSameValue_FromDataSorce_RetrnValueIsExpected (Data Row 105)" />
    </UnitTest>
    <UnitTest name="IsSameValue_FromDataSorce_RetrnValueIsExpected (Data Row 106)" storage="f:\etwork\bin\tests\unittests.icore.common.entities.dll" id="0ffe54e6-852a-410b-abd7-466e501ff61a">
      <Execution id="e9a2db6d-de64-41fb-bbc2-84b38e79d1c9" />
      <TestMethod codeBase="F:\ETWork\bin\Tests\UnitTests.iCore.Common.Entities.dll" adapterTypeName="Microsoft.VisualStudio.TestTools.TestTypes.Unit.UnitTestAdapter" className="UnitTests.iCore.Common.Entities.ScriptVarTests" name="IsSameValue_FromDataSorce_RetrnValueIsExpected (Data Row 106)" />
    </UnitTest>
    <UnitTest name="IsSameValue_FromDataSorce_RetrnValueIsExpected (Data Row 107)" storage="f:\etwork\bin\tests\unittests.icore.common.entities.dll" id="33b2adba-f0c8-488d-a8fc-a6a2acc3e985">
      <Execution id="9d41f2d2-0ca3-4bd3-bead-b3b1892ac07f" />
      <TestMethod codeBase="F:\ETWork\bin\Tests\UnitTests.iCore.Common.Entities.dll" adapterTypeName="Microsoft.VisualStudio.TestTools.TestTypes.Unit.UnitTestAdapter" className="UnitTests.iCore.Common.Entities.ScriptVarTests" name="IsSameValue_FromDataSorce_RetrnValueIsExpected (Data Row 107)" />
    </UnitTest>
    <UnitTest name="IsSameValue_FromDataSorce_RetrnValueIsExpected (Data Row 108)" storage="f:\etwork\bin\tests\unittests.icore.common.entities.dll" id="5dd72c32-1c1a-4925-9368-ae01238948c5">
      <Execution id="0b602be2-f387-41c9-8595-71480ce4c866" />
      <TestMethod codeBase="F:\ETWork\bin\Tests\UnitTests.iCore.Common.Entities.dll" adapterTypeName="Microsoft.VisualStudio.TestTools.TestTypes.Unit.UnitTestAdapter" className="UnitTests.iCore.Common.Entities.ScriptVarTests" name="IsSameValue_FromDataSorce_RetrnValueIsExpected (Data Row 108)" />
    </UnitTest>
    <UnitTest name="IsSameValue_FromDataSorce_RetrnValueIsExpected (Data Row 109)" storage="f:\etwork\bin\tests\unittests.icore.common.entities.dll" id="e68bb620-e38c-4700-9f83-e000579065a4">
      <Execution id="ef9d425a-8f54-4838-bbc6-4c12ff0251e2" />
      <TestMethod codeBase="F:\ETWork\bin\Tests\UnitTests.iCore.Common.Entities.dll" adapterTypeName="Microsoft.VisualStudio.TestTools.TestTypes.Unit.UnitTestAdapter" className="UnitTests.iCore.Common.Entities.ScriptVarTests" name="IsSameValue_FromDataSorce_RetrnValueIsExpected (Data Row 109)" />
    </UnitTest>
    <UnitTest name="IsSameValue_FromDataSorce_RetrnValueIsExpected (Data Row 110)" storage="f:\etwork\bin\tests\unittests.icore.common.entities.dll" id="52950534-671d-4e17-8b37-a9c9644bf38a">
      <Execution id="7f6f6d48-2385-442c-bcc7-a92951474053" />
      <TestMethod codeBase="F:\ETWork\bin\Tests\UnitTests.iCore.Common.Entities.dll" adapterTypeName="Microsoft.VisualStudio.TestTools.TestTypes.Unit.UnitTestAdapter" className="UnitTests.iCore.Common.Entities.ScriptVarTests" name="IsSameValue_FromDataSorce_RetrnValueIsExpected (Data Row 110)" />
    </UnitTest>
    <UnitTest name="SetValue_HasValueAndSetWithScriptVar_OldValueIsKept" storage="f:\etwork\bin\tests\unittests.icore.common.entities.dll" id="3b84661a-7c37-cca0-700d-3bb84db8437a">
      <Execution id="85dcfb8a-6068-4fd6-b25d-9c6bdcec30c8" />
      <TestMethod codeBase="F:\ETWork\bin\Tests\UnitTests.iCore.Common.Entities.dll" adapterTypeName="Microsoft.VisualStudio.TestTools.TestTypes.Unit.UnitTestAdapter" className="UnitTests.iCore.Common.Entities.ScriptVarTests" name="SetValue_HasValueAndSetWithScriptVar_OldValueIsKept" />
    </UnitTest>
    <UnitTest name="SetValue_HasNoValueAndSetWithScriptVar_HasNoValue" storage="f:\etwork\bin\tests\unittests.icore.common.entities.dll" id="6d2d9ede-d55b-78ac-7d0b-432586b589f3">
      <Execution id="acf49bf1-62fb-4f17-8288-07173000a3b7" />
      <TestMethod codeBase="F:\ETWork\bin\Tests\UnitTests.iCore.Common.Entities.dll" adapterTypeName="Microsoft.VisualStudio.TestTools.TestTypes.Unit.UnitTestAdapter" className="UnitTests.iCore.Common.Entities.ScriptVarTests" name="SetValue_HasNoValueAndSetWithScriptVar_HasNoValue" />
    </UnitTest>
    <UnitTest name="GetiCPSAssemblyPath_RequestingAssemblyPathAtRuntime_AssemblyCanBeDirty" storage="f:\etwork\bin\tests\unittests.icore.common.entities.dll" id="981d829e-648e-34d7-a199-23e1466a645d">
      <Execution id="55308595-ad18-4215-bdd5-c17e1c26add0" />
      <TestMethod codeBase="F:\ETWork\bin\Tests\UnitTests.iCore.Common.Entities.dll" adapterTypeName="Microsoft.VisualStudio.TestTools.TestTypes.Unit.UnitTestAdapter" className="UnitTests.iCore.Common.Entities.AssemblyResolveTest" name="GetiCPSAssemblyPath_RequestingAssemblyPathAtRuntime_AssemblyCanBeDirty" />
    </UnitTest>
    <UnitTest name="GetiCPSAssemblyPath_RequestingAssemblyPathAtDesigntime_AssemblyCannotBeDirty" storage="f:\etwork\bin\tests\unittests.icore.common.entities.dll" id="421f8e36-510c-2371-6cfa-06cf3c853059">
      <Execution id="367ad8fc-cb9c-4cab-bfff-79cc3948e4df" />
      <TestMethod codeBase="F:\ETWork\bin\Tests\UnitTests.iCore.Common.Entities.dll" adapterTypeName="Microsoft.VisualStudio.TestTools.TestTypes.Unit.UnitTestAdapter" className="UnitTests.iCore.Common.Entities.AssemblyResolveTest" name="GetiCPSAssemblyPath_RequestingAssemblyPathAtDesigntime_AssemblyCannotBeDirty" />
    </UnitTest>
    <UnitTest name="GetiCPSAssemblyPath_RequestingAssemblyPath_DirectoryForAssemblyIsCreated" storage="f:\etwork\bin\tests\unittests.icore.common.entities.dll" id="979d2288-7a4a-91b9-6922-9e608cc774e5">
      <Execution id="f1145420-eb42-48a0-8993-3125e0b5fdca" />
      <TestMethod codeBase="F:\ETWork\bin\Tests\UnitTests.iCore.Common.Entities.dll" adapterTypeName="Microsoft.VisualStudio.TestTools.TestTypes.Unit.UnitTestAdapter" className="UnitTests.iCore.Common.Entities.AssemblyResolveTest" name="GetiCPSAssemblyPath_RequestingAssemblyPath_DirectoryForAssemblyIsCreated" />
    </UnitTest>
    <UnitTest name="GetiCPSAssemblyPath_RequestingAssemblyPath_CachedAssemblyIsUsed" storage="f:\etwork\bin\tests\unittests.icore.common.entities.dll" id="ceb47136-ea01-9ec8-978a-103a362be7d1">
      <Execution id="ae305107-0ff1-437c-a44b-eed8bc3c5052" />
      <TestMethod codeBase="F:\ETWork\bin\Tests\UnitTests.iCore.Common.Entities.dll" adapterTypeName="Microsoft.VisualStudio.TestTools.TestTypes.Unit.UnitTestAdapter" className="UnitTests.iCore.Common.Entities.AssemblyResolveTest" name="GetiCPSAssemblyPath_RequestingAssemblyPath_CachedAssemblyIsUsed" />
    </UnitTest>
    <UnitTest name="GetiCPSAssemblyPath_RequestingAssemblyPath_PathToAssemblyIsCorrect" storage="f:\etwork\bin\tests\unittests.icore.common.entities.dll" id="1eba7923-ac40-5a42-b342-86d6e022b76a">
      <Execution id="ea54e97e-e9da-4379-9f91-54d3b2754ab3" />
      <TestMethod codeBase="F:\ETWork\bin\Tests\UnitTests.iCore.Common.Entities.dll" adapterTypeName="Microsoft.VisualStudio.TestTools.TestTypes.Unit.UnitTestAdapter" className="UnitTests.iCore.Common.Entities.AssemblyResolveTest" name="GetiCPSAssemblyPath_RequestingAssemblyPath_PathToAssemblyIsCorrect" />
    </UnitTest>
    <UnitTest name="GetiCPSAssemblyPath_RequestingPathForNoniCPS_PathIsEmpty" storage="f:\etwork\bin\tests\unittests.icore.common.entities.dll" id="db5fa9ea-9c01-4641-4b39-8ab464d05cd5">
      <Execution id="ff680f58-02c8-42ad-8b49-4bf3d9f84f49" />
      <TestMethod codeBase="F:\ETWork\bin\Tests\UnitTests.iCore.Common.Entities.dll" adapterTypeName="Microsoft.VisualStudio.TestTools.TestTypes.Unit.UnitTestAdapter" className="UnitTests.iCore.Common.Entities.AssemblyResolveTest" name="GetiCPSAssemblyPath_RequestingPathForNoniCPS_PathIsEmpty" />
    </UnitTest>
    <UnitTest name="WriteLogToFile_ProvidingValidInputs_LogEntriesWrittenToStream" storage="f:\etwork\bin\tests\unittests.icore.common.entities.dll" id="2fde0283-7940-64f3-bfdb-68fbbb020d42">
      <Execution id="e39cf12a-bc00-4cde-96c6-e53d8e68f26f" />
      <TestMethod codeBase="F:\ETWork\bin\Tests\UnitTests.iCore.Common.Entities.dll" adapterTypeName="Microsoft.VisualStudio.TestTools.TestTypes.Unit.UnitTestAdapter" className="UnitTests.iCore.Common.Entities.LogStreamerServiceTest" name="WriteLogToFile_ProvidingValidInputs_LogEntriesWrittenToStream" />
    </UnitTest>
    <UnitTest name="Constructor_NullArgument_ThrowsArgumentNullException" storage="f:\etwork\bin\tests\unittests.icore.common.entities.dll" id="c49bc7bc-ef48-f72e-6053-23d39b7ba974">
      <Execution id="51196386-2db6-4014-9d08-5eddb60a5bd0" />
      <TestMethod codeBase="F:\ETWork\bin\Tests\UnitTests.iCore.Common.Entities.dll" adapterTypeName="Microsoft.VisualStudio.TestTools.TestTypes.Unit.UnitTestAdapter" className="UnitTests.iCore.Common.Entities.SubEntityCollectionTests" name="Constructor_NullArgument_ThrowsArgumentNullException" />
    </UnitTest>
    <UnitTest name="Constructor_ValidArgument_SetsOwnerProperty" storage="f:\etwork\bin\tests\unittests.icore.common.entities.dll" id="e851e968-bb51-9813-af28-1527e2e4287f">
      <Execution id="528f8c7a-e9a7-4fcb-9cd0-11c273b08035" />
      <TestMethod codeBase="F:\ETWork\bin\Tests\UnitTests.iCore.Common.Entities.dll" adapterTypeName="Microsoft.VisualStudio.TestTools.TestTypes.Unit.UnitTestAdapter" className="UnitTests.iCore.Common.Entities.SubEntityCollectionTests" name="Constructor_ValidArgument_SetsOwnerProperty" />
    </UnitTest>
    <UnitTest name="Constructor_ValidArgument_CountIsZero" storage="f:\etwork\bin\tests\unittests.icore.common.entities.dll" id="60b6beaa-a5ad-1b7c-a208-232e5a196c8b">
      <Execution id="3516d60e-642c-4bbc-9c3d-cb0b66142999" />
      <TestMethod codeBase="F:\ETWork\bin\Tests\UnitTests.iCore.Common.Entities.dll" adapterTypeName="Microsoft.VisualStudio.TestTools.TestTypes.Unit.UnitTestAdapter" className="UnitTests.iCore.Common.Entities.SubEntityCollectionTests" name="Constructor_ValidArgument_CountIsZero" />
    </UnitTest>
    <UnitTest name="Add_NonNewItem_ThrowsArgumentException" storage="f:\etwork\bin\tests\unittests.icore.common.entities.dll" id="55675921-8054-9cf3-a6a1-f51c891ad623">
      <Execution id="8932f9a6-afbe-4b83-85f9-82019727d712" />
      <TestMethod codeBase="F:\ETWork\bin\Tests\UnitTests.iCore.Common.Entities.dll" adapterTypeName="Microsoft.VisualStudio.TestTools.TestTypes.Unit.UnitTestAdapter" className="UnitTests.iCore.Common.Entities.SubEntityCollectionTests" name="Add_NonNewItem_ThrowsArgumentException" />
    </UnitTest>
    <UnitTest name="Add_NewItem_Succeeds" storage="f:\etwork\bin\tests\unittests.icore.common.entities.dll" id="ef7e1464-dd08-6bbf-31d7-5ae75e0fe5d1">
      <Execution id="f8f07286-8160-421f-9fd0-56ce276dbea7" />
      <TestMethod codeBase="F:\ETWork\bin\Tests\UnitTests.iCore.Common.Entities.dll" adapterTypeName="Microsoft.VisualStudio.TestTools.TestTypes.Unit.UnitTestAdapter" className="UnitTests.iCore.Common.Entities.SubEntityCollectionTests" name="Add_NewItem_Succeeds" />
    </UnitTest>
    <UnitTest name="Add_NewItem_RaisesCollectionChangedEvent" storage="f:\etwork\bin\tests\unittests.icore.common.entities.dll" id="0c5c6682-4e3d-f360-5177-4771b6d862a3">
      <Execution id="afebdd69-f291-4454-97dd-727c9d254484" />
      <TestMethod codeBase="F:\ETWork\bin\Tests\UnitTests.iCore.Common.Entities.dll" adapterTypeName="Microsoft.VisualStudio.TestTools.TestTypes.Unit.UnitTestAdapter" className="UnitTests.iCore.Common.Entities.SubEntityCollectionTests" name="Add_NewItem_RaisesCollectionChangedEvent" />
    </UnitTest>
    <UnitTest name="Add_NewItem_CollectionIsDirty" storage="f:\etwork\bin\tests\unittests.icore.common.entities.dll" id="ea3c0066-e5a3-8876-ae90-32b00fe15462">
      <Execution id="4b2ec833-4f0b-4f7a-88cd-e6c5f4c1ed76" />
      <TestMethod codeBase="F:\ETWork\bin\Tests\UnitTests.iCore.Common.Entities.dll" adapterTypeName="Microsoft.VisualStudio.TestTools.TestTypes.Unit.UnitTestAdapter" className="UnitTests.iCore.Common.Entities.SubEntityCollectionTests" name="Add_NewItem_CollectionIsDirty" />
    </UnitTest>
    <UnitTest name="Remove_SingleExistingNewItemInCollection_ReturnsTrue" storage="f:\etwork\bin\tests\unittests.icore.common.entities.dll" id="016edeaf-678b-d672-e612-30759861dd4a">
      <Execution id="bd94ea1e-9bf5-4d23-8962-aeebdbccae73" />
      <TestMethod codeBase="F:\ETWork\bin\Tests\UnitTests.iCore.Common.Entities.dll" adapterTypeName="Microsoft.VisualStudio.TestTools.TestTypes.Unit.UnitTestAdapter" className="UnitTests.iCore.Common.Entities.SubEntityCollectionTests" name="Remove_SingleExistingNewItemInCollection_ReturnsTrue" />
    </UnitTest>
    <UnitTest name="Remove_SingleExistingNewItemInCollection_IsDirtyIsFalse" storage="f:\etwork\bin\tests\unittests.icore.common.entities.dll" id="a71d29c0-a2a6-2454-43b0-8d8521c4dee6">
      <Execution id="2ea8d0a5-bb4c-40e8-9b5c-6a952e3720be" />
      <TestMethod codeBase="F:\ETWork\bin\Tests\UnitTests.iCore.Common.Entities.dll" adapterTypeName="Microsoft.VisualStudio.TestTools.TestTypes.Unit.UnitTestAdapter" className="UnitTests.iCore.Common.Entities.SubEntityCollectionTests" name="Remove_SingleExistingNewItemInCollection_IsDirtyIsFalse" />
    </UnitTest>
    <UnitTest name="Remove_NonExistingItem_ReturnsFalse" storage="f:\etwork\bin\tests\unittests.icore.common.entities.dll" id="89240476-ec37-53c8-c511-bdbe873a2b56">
      <Execution id="32dd5e73-2e36-44e8-a7f5-fdaa5d6a1897" />
      <TestMethod codeBase="F:\ETWork\bin\Tests\UnitTests.iCore.Common.Entities.dll" adapterTypeName="Microsoft.VisualStudio.TestTools.TestTypes.Unit.UnitTestAdapter" className="UnitTests.iCore.Common.Entities.SubEntityCollectionTests" name="Remove_NonExistingItem_ReturnsFalse" />
    </UnitTest>
    <UnitTest name="Remove_NullArgument_ThrowsArgumentNullException" storage="f:\etwork\bin\tests\unittests.icore.common.entities.dll" id="eb4854af-7c35-e1f0-f06a-a203aabf1409">
      <Execution id="62fe5d80-7425-44a4-92c0-22e3b41fbccc" />
      <TestMethod codeBase="F:\ETWork\bin\Tests\UnitTests.iCore.Common.Entities.dll" adapterTypeName="Microsoft.VisualStudio.TestTools.TestTypes.Unit.UnitTestAdapter" className="UnitTests.iCore.Common.Entities.SubEntityCollectionTests" name="Remove_NullArgument_ThrowsArgumentNullException" />
    </UnitTest>
    <UnitTest name="RemoveByKey_NonExistingKey_ReturnsFalse" storage="f:\etwork\bin\tests\unittests.icore.common.entities.dll" id="72a5c19a-8f17-f783-001c-9c1393517b26">
      <Execution id="b128baf2-13a5-4fe9-a779-05e5619eea54" />
      <TestMethod codeBase="F:\ETWork\bin\Tests\UnitTests.iCore.Common.Entities.dll" adapterTypeName="Microsoft.VisualStudio.TestTools.TestTypes.Unit.UnitTestAdapter" className="UnitTests.iCore.Common.Entities.SubEntityCollectionTests" name="RemoveByKey_NonExistingKey_ReturnsFalse" />
    </UnitTest>
    <UnitTest name="RemoveByKey_ExistingItem_ReturnsTrue" storage="f:\etwork\bin\tests\unittests.icore.common.entities.dll" id="ba74b635-4e04-7206-4503-ae0455735efc">
      <Execution id="c9c1fe5d-57de-42b1-a050-d09952ac5b48" />
      <TestMethod codeBase="F:\ETWork\bin\Tests\UnitTests.iCore.Common.Entities.dll" adapterTypeName="Microsoft.VisualStudio.TestTools.TestTypes.Unit.UnitTestAdapter" className="UnitTests.iCore.Common.Entities.SubEntityCollectionTests" name="RemoveByKey_ExistingItem_ReturnsTrue" />
    </UnitTest>
    <UnitTest name="RemoveByKey_ExistingItem_ItemIsRemoved" storage="f:\etwork\bin\tests\unittests.icore.common.entities.dll" id="8b2b7757-e3ed-8c1e-58aa-4fd3a51299d7">
      <Execution id="18c3db6d-8f0a-4003-a877-e3c25501ade6" />
      <TestMethod codeBase="F:\ETWork\bin\Tests\UnitTests.iCore.Common.Entities.dll" adapterTypeName="Microsoft.VisualStudio.TestTools.TestTypes.Unit.UnitTestAdapter" className="UnitTests.iCore.Common.Entities.SubEntityCollectionTests" name="RemoveByKey_ExistingItem_ItemIsRemoved" />
    </UnitTest>
    <UnitTest name="Remove_ExistingNewItem_ItemIsRemoved" storage="f:\etwork\bin\tests\unittests.icore.common.entities.dll" id="a5a85c20-49b5-083e-4284-1d18b1657a7d">
      <Execution id="03b73b84-bc6e-4f07-bef9-dc33e152015a" />
      <TestMethod codeBase="F:\ETWork\bin\Tests\UnitTests.iCore.Common.Entities.dll" adapterTypeName="Microsoft.VisualStudio.TestTools.TestTypes.Unit.UnitTestAdapter" className="UnitTests.iCore.Common.Entities.SubEntityCollectionTests" name="Remove_ExistingNewItem_ItemIsRemoved" />
    </UnitTest>
    <UnitTest name="Remove_RemovedNewItem_ReturnsFalse" storage="f:\etwork\bin\tests\unittests.icore.common.entities.dll" id="3becb32a-6b5d-a840-de54-f21fbca008b3">
      <Execution id="c65bf554-d112-49f0-9ed5-9e7316327f20" />
      <TestMethod codeBase="F:\ETWork\bin\Tests\UnitTests.iCore.Common.Entities.dll" adapterTypeName="Microsoft.VisualStudio.TestTools.TestTypes.Unit.UnitTestAdapter" className="UnitTests.iCore.Common.Entities.SubEntityCollectionTests" name="Remove_RemovedNewItem_ReturnsFalse" />
    </UnitTest>
    <UnitTest name="RemoveByKey_DeletedItem_ReturnsFalse" storage="f:\etwork\bin\tests\unittests.icore.common.entities.dll" id="cae260b1-265f-edfc-4633-ef411d921bbd">
      <Execution id="1805f4cb-a5c1-4b66-aae4-fabc57298194" />
      <TestMethod codeBase="F:\ETWork\bin\Tests\UnitTests.iCore.Common.Entities.dll" adapterTypeName="Microsoft.VisualStudio.TestTools.TestTypes.Unit.UnitTestAdapter" className="UnitTests.iCore.Common.Entities.SubEntityCollectionTests" name="RemoveByKey_DeletedItem_ReturnsFalse" />
    </UnitTest>
    <UnitTest name="GetEnumerator_BothDeletedNewAndExistingItemsInContainer_ReturnsCorrectEnumeration" storage="f:\etwork\bin\tests\unittests.icore.common.entities.dll" id="3cf2ebdb-bf95-6150-55b0-48e626171642">
      <Execution id="58486d03-16d6-41ea-8ca6-9c0d35811135" />
      <TestMethod codeBase="F:\ETWork\bin\Tests\UnitTests.iCore.Common.Entities.dll" adapterTypeName="Microsoft.VisualStudio.TestTools.TestTypes.Unit.UnitTestAdapter" className="UnitTests.iCore.Common.Entities.SubEntityCollectionTests" name="GetEnumerator_BothDeletedNewAndExistingItemsInContainer_ReturnsCorrectEnumeration" />
    </UnitTest>
    <UnitTest name="Remove_ExistingItem_RaisesCollectionChangedEvent" storage="f:\etwork\bin\tests\unittests.icore.common.entities.dll" id="3bdddf4f-6b6f-8b35-8dc9-bcea83b91b98">
      <Execution id="06e37834-7434-413a-a766-806365fc8706" />
      <TestMethod codeBase="F:\ETWork\bin\Tests\UnitTests.iCore.Common.Entities.dll" adapterTypeName="Microsoft.VisualStudio.TestTools.TestTypes.Unit.UnitTestAdapter" className="UnitTests.iCore.Common.Entities.SubEntityCollectionTests" name="Remove_ExistingItem_RaisesCollectionChangedEvent" />
    </UnitTest>
    <UnitTest name="RemoveByKey_ExistingItem_RaisesCollectionChangedEvent" storage="f:\etwork\bin\tests\unittests.icore.common.entities.dll" id="00bba1a3-6996-6155-d800-be442ba9c571">
      <Execution id="6bb62e10-cf80-4f12-9c66-1ccc50cf0dd4" />
      <TestMethod codeBase="F:\ETWork\bin\Tests\UnitTests.iCore.Common.Entities.dll" adapterTypeName="Microsoft.VisualStudio.TestTools.TestTypes.Unit.UnitTestAdapter" className="UnitTests.iCore.Common.Entities.SubEntityCollectionTests" name="RemoveByKey_ExistingItem_RaisesCollectionChangedEvent" />
    </UnitTest>
    <UnitTest name="Enumerating_CollectionNotNewAndNotRefreshed_CausesRefreshToBeCalled" storage="f:\etwork\bin\tests\unittests.icore.common.entities.dll" id="67ddbc8b-515c-6a9a-25db-4010a2e43459">
      <Execution id="ecd350a6-d362-494b-9382-fc762fffc8a2" />
      <TestMethod codeBase="F:\ETWork\bin\Tests\UnitTests.iCore.Common.Entities.dll" adapterTypeName="Microsoft.VisualStudio.TestTools.TestTypes.Unit.UnitTestAdapter" className="UnitTests.iCore.Common.Entities.SubEntityCollectionTests" name="Enumerating_CollectionNotNewAndNotRefreshed_CausesRefreshToBeCalled" />
    </UnitTest>
    <UnitTest name="Remove_ExistingNewItem_RaisesCollectionChangedEvent" storage="f:\etwork\bin\tests\unittests.icore.common.entities.dll" id="5a9c3793-3a80-ed62-b31c-44293a75bd4f">
      <Execution id="592ee5a5-e828-4ad7-99ac-d156d012f0e2" />
      <TestMethod codeBase="F:\ETWork\bin\Tests\UnitTests.iCore.Common.Entities.dll" adapterTypeName="Microsoft.VisualStudio.TestTools.TestTypes.Unit.UnitTestAdapter" className="UnitTests.iCore.Common.Entities.SubEntityCollectionTests" name="Remove_ExistingNewItem_RaisesCollectionChangedEvent" />
    </UnitTest>
    <UnitTest name="ItemByIndex_IndexOutOfBounds_ThrowsArgumentOutOfRangeException" storage="f:\etwork\bin\tests\unittests.icore.common.entities.dll" id="4a8ee29d-962f-92ca-02bc-8180d3caf904">
      <Execution id="a7f017d7-d00a-4a70-a15a-a9167f3976ea" />
      <TestMethod codeBase="F:\ETWork\bin\Tests\UnitTests.iCore.Common.Entities.dll" adapterTypeName="Microsoft.VisualStudio.TestTools.TestTypes.Unit.UnitTestAdapter" className="UnitTests.iCore.Common.Entities.SubEntityCollectionTests" name="ItemByIndex_IndexOutOfBounds_ThrowsArgumentOutOfRangeException" />
    </UnitTest>
    <UnitTest name="ItemByIndex_IndexOutOfBounds2_ThrowsArgumentOutOfRangeException" storage="f:\etwork\bin\tests\unittests.icore.common.entities.dll" id="b5645b1a-cfac-1d7c-dc2d-fa2887661dda">
      <Execution id="0270cfdb-f4d3-4891-aee9-38d4d27a1470" />
      <TestMethod codeBase="F:\ETWork\bin\Tests\UnitTests.iCore.Common.Entities.dll" adapterTypeName="Microsoft.VisualStudio.TestTools.TestTypes.Unit.UnitTestAdapter" className="UnitTests.iCore.Common.Entities.SubEntityCollectionTests" name="ItemByIndex_IndexOutOfBounds2_ThrowsArgumentOutOfRangeException" />
    </UnitTest>
    <UnitTest name="ItemByIndex_ValidIndexToExistingItem_ReturnsCorrectItem" storage="f:\etwork\bin\tests\unittests.icore.common.entities.dll" id="ea4acc17-e3e4-b3c9-e0ea-2f7b77d9f4b8">
      <Execution id="a6d10bc3-d4f0-4e73-8274-556945a85ed6" />
      <TestMethod codeBase="F:\ETWork\bin\Tests\UnitTests.iCore.Common.Entities.dll" adapterTypeName="Microsoft.VisualStudio.TestTools.TestTypes.Unit.UnitTestAdapter" className="UnitTests.iCore.Common.Entities.SubEntityCollectionTests" name="ItemByIndex_ValidIndexToExistingItem_ReturnsCorrectItem" />
    </UnitTest>
    <UnitTest name="ItemByIndex_ValidIndexToNewItem_ReturnsCorrectItem" storage="f:\etwork\bin\tests\unittests.icore.common.entities.dll" id="2886f32c-8210-2fef-46d9-01500a2952db">
      <Execution id="3dc42634-42bb-4329-9ee9-9f4d3ae405fb" />
      <TestMethod codeBase="F:\ETWork\bin\Tests\UnitTests.iCore.Common.Entities.dll" adapterTypeName="Microsoft.VisualStudio.TestTools.TestTypes.Unit.UnitTestAdapter" className="UnitTests.iCore.Common.Entities.SubEntityCollectionTests" name="ItemByIndex_ValidIndexToNewItem_ReturnsCorrectItem" />
    </UnitTest>
    <UnitTest name="ItemByKey_NonExistingKey_ThrowsKeyNotFoundException" storage="f:\etwork\bin\tests\unittests.icore.common.entities.dll" id="3fd5af0e-445c-159c-3e23-621bb16103e5">
      <Execution id="56119b1d-1622-46ee-8bd8-f3a92996ed00" />
      <TestMethod codeBase="F:\ETWork\bin\Tests\UnitTests.iCore.Common.Entities.dll" adapterTypeName="Microsoft.VisualStudio.TestTools.TestTypes.Unit.UnitTestAdapter" className="UnitTests.iCore.Common.Entities.SubEntityCollectionTests" name="ItemByKey_NonExistingKey_ThrowsKeyNotFoundException" />
    </UnitTest>
    <UnitTest name="ItemByKey_ExistingKey_ReturnsCorrectItem" storage="f:\etwork\bin\tests\unittests.icore.common.entities.dll" id="b890be56-b828-df6d-a43f-38b596a5045c">
      <Execution id="5982bad5-9b34-4c39-b0c4-83856d597c43" />
      <TestMethod codeBase="F:\ETWork\bin\Tests\UnitTests.iCore.Common.Entities.dll" adapterTypeName="Microsoft.VisualStudio.TestTools.TestTypes.Unit.UnitTestAdapter" className="UnitTests.iCore.Common.Entities.SubEntityCollectionTests" name="ItemByKey_ExistingKey_ReturnsCorrectItem" />
    </UnitTest>
    <UnitTest name="ItemRaisesPropertyChanged_IsDirtyBecomesTrue_IsDirtySet" storage="f:\etwork\bin\tests\unittests.icore.common.entities.dll" id="621d0019-73df-ad5b-8baf-2ac9b5b7aa07">
      <Execution id="adec3162-96a6-49d2-9649-5a592dd48c4b" />
      <TestMethod codeBase="F:\ETWork\bin\Tests\UnitTests.iCore.Common.Entities.dll" adapterTypeName="Microsoft.VisualStudio.TestTools.TestTypes.Unit.UnitTestAdapter" className="UnitTests.iCore.Common.Entities.SubEntityCollectionTests" name="ItemRaisesPropertyChanged_IsDirtyBecomesTrue_IsDirtySet" />
    </UnitTest>
    <UnitTest name="RemovedItemRaisesPropertyChanged_IsDirtyBecomesTrue_IsDirtyUnaffected" storage="f:\etwork\bin\tests\unittests.icore.common.entities.dll" id="09fca938-3fae-0f6e-9fd0-d2e085c96485">
      <Execution id="4b0b04e6-2bd0-49ff-b284-d13ff8045721" />
      <TestMethod codeBase="F:\ETWork\bin\Tests\UnitTests.iCore.Common.Entities.dll" adapterTypeName="Microsoft.VisualStudio.TestTools.TestTypes.Unit.UnitTestAdapter" className="UnitTests.iCore.Common.Entities.SubEntityCollectionTests" name="RemovedItemRaisesPropertyChanged_IsDirtyBecomesTrue_IsDirtyUnaffected" />
    </UnitTest>
    <UnitTest name="ItemPropertyChanged_IsDirtyBecomesFalseButOtherDirtyItemsExists_IsDirtyIsStillSet" storage="f:\etwork\bin\tests\unittests.icore.common.entities.dll" id="ab0029ff-00bf-4507-9125-20c231bcfa61">
      <Execution id="ca32481d-7683-4170-808e-703530a71275" />
      <TestMethod codeBase="F:\ETWork\bin\Tests\UnitTests.iCore.Common.Entities.dll" adapterTypeName="Microsoft.VisualStudio.TestTools.TestTypes.Unit.UnitTestAdapter" className="UnitTests.iCore.Common.Entities.SubEntityCollectionTests" name="ItemPropertyChanged_IsDirtyBecomesFalseButOtherDirtyItemsExists_IsDirtyIsStillSet" />
    </UnitTest>
    <UnitTest name="Clear_ExistingItemsWereRemoved_IsDirtyIsTrue" storage="f:\etwork\bin\tests\unittests.icore.common.entities.dll" id="1835c807-df0d-4131-de1e-cd2a78daa156">
      <Execution id="f88fb717-b037-47e0-a595-ce31f1ea7185" />
      <TestMethod codeBase="F:\ETWork\bin\Tests\UnitTests.iCore.Common.Entities.dll" adapterTypeName="Microsoft.VisualStudio.TestTools.TestTypes.Unit.UnitTestAdapter" className="UnitTests.iCore.Common.Entities.SubEntityCollectionTests" name="Clear_ExistingItemsWereRemoved_IsDirtyIsTrue" />
    </UnitTest>
    <UnitTest name="Clear_OnlyNewItemsWereRemoved_IsDirtyIsFalse" storage="f:\etwork\bin\tests\unittests.icore.common.entities.dll" id="d957482c-c95c-85fc-84d4-947ac2dc1971">
      <Execution id="5bf3d674-ecd3-46b9-9c39-a3192f8ded2a" />
      <TestMethod codeBase="F:\ETWork\bin\Tests\UnitTests.iCore.Common.Entities.dll" adapterTypeName="Microsoft.VisualStudio.TestTools.TestTypes.Unit.UnitTestAdapter" className="UnitTests.iCore.Common.Entities.SubEntityCollectionTests" name="Clear_OnlyNewItemsWereRemoved_IsDirtyIsFalse" />
    </UnitTest>
    <UnitTest name="Clear_ModifiedItemsExist_CountIsZero" storage="f:\etwork\bin\tests\unittests.icore.common.entities.dll" id="a5cb3491-137e-8c96-4f6d-d9e082f55cf7">
      <Execution id="643d3a29-def5-44f5-aa59-38019a927ffb" />
      <TestMethod codeBase="F:\ETWork\bin\Tests\UnitTests.iCore.Common.Entities.dll" adapterTypeName="Microsoft.VisualStudio.TestTools.TestTypes.Unit.UnitTestAdapter" className="UnitTests.iCore.Common.Entities.SubEntityCollectionTests" name="Clear_ModifiedItemsExist_CountIsZero" />
    </UnitTest>
    <UnitTest name="Commit_IsDirtyIsFalse_CommitImplIsNotCalled" storage="f:\etwork\bin\tests\unittests.icore.common.entities.dll" id="6bdeceb9-4acf-2c38-97c8-e28625fbb1b3">
      <Execution id="7bcf1e71-09db-4efa-a19f-0fb20351628f" />
      <TestMethod codeBase="F:\ETWork\bin\Tests\UnitTests.iCore.Common.Entities.dll" adapterTypeName="Microsoft.VisualStudio.TestTools.TestTypes.Unit.UnitTestAdapter" className="UnitTests.iCore.Common.Entities.SubEntityCollectionTests" name="Commit_IsDirtyIsFalse_CommitImplIsNotCalled" />
    </UnitTest>
    <UnitTest name="Commit_IsDirtyIsTrue_CommitImplIsCalledWithTheCorrectParameters" storage="f:\etwork\bin\tests\unittests.icore.common.entities.dll" id="3844d71c-5d55-8713-4680-9215871bb0aa">
      <Execution id="53ce08a5-4baa-4740-a8ba-6c75de4e18de" />
      <TestMethod codeBase="F:\ETWork\bin\Tests\UnitTests.iCore.Common.Entities.dll" adapterTypeName="Microsoft.VisualStudio.TestTools.TestTypes.Unit.UnitTestAdapter" className="UnitTests.iCore.Common.Entities.SubEntityCollectionTests" name="Commit_IsDirtyIsTrue_CommitImplIsCalledWithTheCorrectParameters" />
    </UnitTest>
    <UnitTest name="Commit_CommitImplThrowsException_ExceptionIsPropagated" storage="f:\etwork\bin\tests\unittests.icore.common.entities.dll" id="32bf5bf0-19b1-53fd-3e14-520768f78198">
      <Execution id="0e950262-a902-4e1f-97cc-29c59e9ab545" />
      <TestMethod codeBase="F:\ETWork\bin\Tests\UnitTests.iCore.Common.Entities.dll" adapterTypeName="Microsoft.VisualStudio.TestTools.TestTypes.Unit.UnitTestAdapter" className="UnitTests.iCore.Common.Entities.SubEntityCollectionTests" name="Commit_CommitImplThrowsException_ExceptionIsPropagated" />
    </UnitTest>
    <UnitTest name="Commit_CommitImplThrowsException_NoChangesAreMadeToTheCollection" storage="f:\etwork\bin\tests\unittests.icore.common.entities.dll" id="094cbb34-2f49-4b2c-e802-c5f252d68a8e">
      <Execution id="3cffbe4e-a9d8-4645-8420-71fb9ecd9db7" />
      <TestMethod codeBase="F:\ETWork\bin\Tests\UnitTests.iCore.Common.Entities.dll" adapterTypeName="Microsoft.VisualStudio.TestTools.TestTypes.Unit.UnitTestAdapter" className="UnitTests.iCore.Common.Entities.SubEntityCollectionTests" name="Commit_CommitImplThrowsException_NoChangesAreMadeToTheCollection" />
    </UnitTest>
    <UnitTest name="Commit_CommitImplSucceeds_IsDirtyIsFalse" storage="f:\etwork\bin\tests\unittests.icore.common.entities.dll" id="add11422-2e6f-9884-0393-5d53d1cb5721">
      <Execution id="2a59d374-777e-40ac-9dbe-8324ba027c90" />
      <TestMethod codeBase="F:\ETWork\bin\Tests\UnitTests.iCore.Common.Entities.dll" adapterTypeName="Microsoft.VisualStudio.TestTools.TestTypes.Unit.UnitTestAdapter" className="UnitTests.iCore.Common.Entities.SubEntityCollectionTests" name="Commit_CommitImplSucceeds_IsDirtyIsFalse" />
    </UnitTest>
    <UnitTest name="Commit_CommitImplSucceeds_CollectionContentsUnchanged" storage="f:\etwork\bin\tests\unittests.icore.common.entities.dll" id="a7528f9e-d68f-fb7a-1b89-5ce6c07c9a8e">
      <Execution id="1fef77d3-2363-4b37-90fd-740f19fea446" />
      <TestMethod codeBase="F:\ETWork\bin\Tests\UnitTests.iCore.Common.Entities.dll" adapterTypeName="Microsoft.VisualStudio.TestTools.TestTypes.Unit.UnitTestAdapter" className="UnitTests.iCore.Common.Entities.SubEntityCollectionTests" name="Commit_CommitImplSucceeds_CollectionContentsUnchanged" />
    </UnitTest>
    <UnitTest name="Refresh_IsDirtyIsTrue_RefreshImplIsCalled" storage="f:\etwork\bin\tests\unittests.icore.common.entities.dll" id="80436a76-b92a-ba29-c9a9-f56e7f67c734">
      <Execution id="97656e2a-736f-48f8-a5f7-a788875e72ee" />
      <TestMethod codeBase="F:\ETWork\bin\Tests\UnitTests.iCore.Common.Entities.dll" adapterTypeName="Microsoft.VisualStudio.TestTools.TestTypes.Unit.UnitTestAdapter" className="UnitTests.iCore.Common.Entities.SubEntityCollectionTests" name="Refresh_IsDirtyIsTrue_RefreshImplIsCalled" />
    </UnitTest>
    <UnitTest name="Refresh_IsDirtyIsFalse_RefreshImplIsCalled" storage="f:\etwork\bin\tests\unittests.icore.common.entities.dll" id="a113a709-69a9-2963-6871-0bc65fb912d5">
      <Execution id="97b198e7-a540-47c5-bbea-6671c585494a" />
      <TestMethod codeBase="F:\ETWork\bin\Tests\UnitTests.iCore.Common.Entities.dll" adapterTypeName="Microsoft.VisualStudio.TestTools.TestTypes.Unit.UnitTestAdapter" className="UnitTests.iCore.Common.Entities.SubEntityCollectionTests" name="Refresh_IsDirtyIsFalse_RefreshImplIsCalled" />
    </UnitTest>
    <UnitTest name="Refresh_CollectionIsPopulatedWithTheCorrectItems" storage="f:\etwork\bin\tests\unittests.icore.common.entities.dll" id="466ebcfa-f574-1982-7fdf-3035f4897228">
      <Execution id="c82f09de-9122-4e67-ae71-bf26d7d25628" />
      <TestMethod codeBase="F:\ETWork\bin\Tests\UnitTests.iCore.Common.Entities.dll" adapterTypeName="Microsoft.VisualStudio.TestTools.TestTypes.Unit.UnitTestAdapter" className="UnitTests.iCore.Common.Entities.SubEntityCollectionTests" name="Refresh_CollectionIsPopulatedWithTheCorrectItems" />
    </UnitTest>
    <UnitTest name="Remove_ExistingItem_RaisesPropertyChangedEventForCountProperty" storage="f:\etwork\bin\tests\unittests.icore.common.entities.dll" id="fb455533-f5c7-9edd-b3d4-3f325dd378cd">
      <Execution id="11bbb64e-ff3c-44c4-981e-989416b4eb74" />
      <TestMethod codeBase="F:\ETWork\bin\Tests\UnitTests.iCore.Common.Entities.dll" adapterTypeName="Microsoft.VisualStudio.TestTools.TestTypes.Unit.UnitTestAdapter" className="UnitTests.iCore.Common.Entities.SubEntityCollectionTests" name="Remove_ExistingItem_RaisesPropertyChangedEventForCountProperty" />
    </UnitTest>
    <UnitTest name="Add_NewItem_RaisesPropertyChangedEventForCountProperty" storage="f:\etwork\bin\tests\unittests.icore.common.entities.dll" id="d6528ee5-b60e-2d29-3f27-e4a4c4649250">
      <Execution id="664bf216-8e00-4518-a80e-e29aaa90e44a" />
      <TestMethod codeBase="F:\ETWork\bin\Tests\UnitTests.iCore.Common.Entities.dll" adapterTypeName="Microsoft.VisualStudio.TestTools.TestTypes.Unit.UnitTestAdapter" className="UnitTests.iCore.Common.Entities.SubEntityCollectionTests" name="Add_NewItem_RaisesPropertyChangedEventForCountProperty" />
    </UnitTest>
    <UnitTest name="Remove_ExistingItem_RaisesPropertyChangedEventForItemProperty" storage="f:\etwork\bin\tests\unittests.icore.common.entities.dll" id="042ba12d-53d1-7575-47f6-38701fa76639">
      <Execution id="eb4bd35c-a001-4514-8a90-217fe722f452" />
      <TestMethod codeBase="F:\ETWork\bin\Tests\UnitTests.iCore.Common.Entities.dll" adapterTypeName="Microsoft.VisualStudio.TestTools.TestTypes.Unit.UnitTestAdapter" className="UnitTests.iCore.Common.Entities.SubEntityCollectionTests" name="Remove_ExistingItem_RaisesPropertyChangedEventForItemProperty" />
    </UnitTest>
    <UnitTest name="Add_NewItem_RaisesPropertyChangedEventForItemProperty" storage="f:\etwork\bin\tests\unittests.icore.common.entities.dll" id="1b1672b3-361c-26df-0c0c-eb054c883466">
      <Execution id="872c9942-3c26-4189-af8a-e933c33bee98" />
      <TestMethod codeBase="F:\ETWork\bin\Tests\UnitTests.iCore.Common.Entities.dll" adapterTypeName="Microsoft.VisualStudio.TestTools.TestTypes.Unit.UnitTestAdapter" className="UnitTests.iCore.Common.Entities.SubEntityCollectionTests" name="Add_NewItem_RaisesPropertyChangedEventForItemProperty" />
    </UnitTest>
    <UnitTest name="RemoveAt_ExistingItem_RaisesPropertyChangedEventForCountProperty" storage="f:\etwork\bin\tests\unittests.icore.common.entities.dll" id="b60d63e0-a438-ae52-1a35-1c8fb8813afe">
      <Execution id="f18d9de8-d597-4c8e-8066-276c54b8c4b5" />
      <TestMethod codeBase="F:\ETWork\bin\Tests\UnitTests.iCore.Common.Entities.dll" adapterTypeName="Microsoft.VisualStudio.TestTools.TestTypes.Unit.UnitTestAdapter" className="UnitTests.iCore.Common.Entities.SubEntityCollectionTests" name="RemoveAt_ExistingItem_RaisesPropertyChangedEventForCountProperty" />
    </UnitTest>
    <UnitTest name="RemoveAt_ExistingItem_RaisesPropertyChangedEventForItemProperty" storage="f:\etwork\bin\tests\unittests.icore.common.entities.dll" id="646c9183-bc39-ade7-be71-9495bd876008">
      <Execution id="2059201f-f3b0-4ddd-a5d5-38f5ba983a85" />
      <TestMethod codeBase="F:\ETWork\bin\Tests\UnitTests.iCore.Common.Entities.dll" adapterTypeName="Microsoft.VisualStudio.TestTools.TestTypes.Unit.UnitTestAdapter" className="UnitTests.iCore.Common.Entities.SubEntityCollectionTests" name="RemoveAt_ExistingItem_RaisesPropertyChangedEventForItemProperty" />
    </UnitTest>
    <UnitTest name="RemoveAt_NewItem_RaisesPropertyChangedEventForCountProperty" storage="f:\etwork\bin\tests\unittests.icore.common.entities.dll" id="98fbc8e7-1a84-7524-9bd8-682b97adb8e9">
      <Execution id="aa3fe0b3-6c32-486e-909f-a57f789f4591" />
      <TestMethod codeBase="F:\ETWork\bin\Tests\UnitTests.iCore.Common.Entities.dll" adapterTypeName="Microsoft.VisualStudio.TestTools.TestTypes.Unit.UnitTestAdapter" className="UnitTests.iCore.Common.Entities.SubEntityCollectionTests" name="RemoveAt_NewItem_RaisesPropertyChangedEventForCountProperty" />
    </UnitTest>
    <UnitTest name="RemoveAt_NewItem_RaisesPropertyChangedEventForItemProperty" storage="f:\etwork\bin\tests\unittests.icore.common.entities.dll" id="89465c6e-b1e6-9284-b51d-811d0597bb39">
      <Execution id="89e6eb2e-e4d0-4117-b5ef-5c4b603da1d0" />
      <TestMethod codeBase="F:\ETWork\bin\Tests\UnitTests.iCore.Common.Entities.dll" adapterTypeName="Microsoft.VisualStudio.TestTools.TestTypes.Unit.UnitTestAdapter" className="UnitTests.iCore.Common.Entities.SubEntityCollectionTests" name="RemoveAt_NewItem_RaisesPropertyChangedEventForItemProperty" />
    </UnitTest>
    <UnitTest name="RemoveAt_IndexIsNewItem_RemovesItemAtIndex" storage="f:\etwork\bin\tests\unittests.icore.common.entities.dll" id="9178d7cf-38ae-5def-d9e2-3205ba9e4899">
      <Execution id="fcaf3818-710f-4af6-82f0-c5c272fc4923" />
      <TestMethod codeBase="F:\ETWork\bin\Tests\UnitTests.iCore.Common.Entities.dll" adapterTypeName="Microsoft.VisualStudio.TestTools.TestTypes.Unit.UnitTestAdapter" className="UnitTests.iCore.Common.Entities.SubEntityCollectionTests" name="RemoveAt_IndexIsNewItem_RemovesItemAtIndex" />
    </UnitTest>
    <UnitTest name="RemoveAt_IndexIsExistingItem_RemovesItemAtIndex" storage="f:\etwork\bin\tests\unittests.icore.common.entities.dll" id="93c5c104-4429-2544-f631-b3a99069721c">
      <Execution id="af2964ef-9312-4c33-89f8-00cb0e849a87" />
      <TestMethod codeBase="F:\ETWork\bin\Tests\UnitTests.iCore.Common.Entities.dll" adapterTypeName="Microsoft.VisualStudio.TestTools.TestTypes.Unit.UnitTestAdapter" className="UnitTests.iCore.Common.Entities.SubEntityCollectionTests" name="RemoveAt_IndexIsExistingItem_RemovesItemAtIndex" />
    </UnitTest>
    <UnitTest name="RemoveAt_IndexOutOfBounds_ThrowsException" storage="f:\etwork\bin\tests\unittests.icore.common.entities.dll" id="c7e211cc-9e6c-a6b6-9d3c-3485f00e323c">
      <Execution id="bb200001-f41a-4ca5-88ae-d345a9fb03de" />
      <TestMethod codeBase="F:\ETWork\bin\Tests\UnitTests.iCore.Common.Entities.dll" adapterTypeName="Microsoft.VisualStudio.TestTools.TestTypes.Unit.UnitTestAdapter" className="UnitTests.iCore.Common.Entities.SubEntityCollectionTests" name="RemoveAt_IndexOutOfBounds_ThrowsException" />
    </UnitTest>
    <UnitTest name="RemoveAt_IndexLessThanZero_ThrowsException" storage="f:\etwork\bin\tests\unittests.icore.common.entities.dll" id="329c43f1-7f62-eb3d-dfcb-743b139581ca">
      <Execution id="b86f7dff-2366-48ee-b9e7-4b32f646cb31" />
      <TestMethod codeBase="F:\ETWork\bin\Tests\UnitTests.iCore.Common.Entities.dll" adapterTypeName="Microsoft.VisualStudio.TestTools.TestTypes.Unit.UnitTestAdapter" className="UnitTests.iCore.Common.Entities.SubEntityCollectionTests" name="RemoveAt_IndexLessThanZero_ThrowsException" />
    </UnitTest>
    <UnitTest name="RemoveByKey_ExistingItem_RaisesPropertyChangedEventForCountProperty" storage="f:\etwork\bin\tests\unittests.icore.common.entities.dll" id="ecbaabad-42b7-862e-e7d4-be08b1600036">
      <Execution id="59ee8d0d-5027-4466-a799-22474ddcf06d" />
      <TestMethod codeBase="F:\ETWork\bin\Tests\UnitTests.iCore.Common.Entities.dll" adapterTypeName="Microsoft.VisualStudio.TestTools.TestTypes.Unit.UnitTestAdapter" className="UnitTests.iCore.Common.Entities.SubEntityCollectionTests" name="RemoveByKey_ExistingItem_RaisesPropertyChangedEventForCountProperty" />
    </UnitTest>
    <UnitTest name="RemoveByKey_ExistingItem_RaisesPropertyChangedEventForItemProperty" storage="f:\etwork\bin\tests\unittests.icore.common.entities.dll" id="5bda2c92-e0a4-b4d1-1a9a-e555fd4cb25e">
      <Execution id="28127b35-a912-4356-9aa3-1ed3d0181933" />
      <TestMethod codeBase="F:\ETWork\bin\Tests\UnitTests.iCore.Common.Entities.dll" adapterTypeName="Microsoft.VisualStudio.TestTools.TestTypes.Unit.UnitTestAdapter" className="UnitTests.iCore.Common.Entities.SubEntityCollectionTests" name="RemoveByKey_ExistingItem_RaisesPropertyChangedEventForItemProperty" />
    </UnitTest>
    <UnitTest name="Clear_CollectionIsNotEmpty_RaisesCollectionChangedEvent" storage="f:\etwork\bin\tests\unittests.icore.common.entities.dll" id="af2188b9-6f59-b011-2ad5-8720bd7eac51">
      <Execution id="11778207-57e0-4355-b46b-60ebea7aebef" />
      <TestMethod codeBase="F:\ETWork\bin\Tests\UnitTests.iCore.Common.Entities.dll" adapterTypeName="Microsoft.VisualStudio.TestTools.TestTypes.Unit.UnitTestAdapter" className="UnitTests.iCore.Common.Entities.SubEntityCollectionTests" name="Clear_CollectionIsNotEmpty_RaisesCollectionChangedEvent" />
    </UnitTest>
    <UnitTest name="EmptyTest" storage="f:\etwork\bin\tests\unittests.icore.common.entities.dll" id="82877d11-230e-a87c-3714-e2dd26a07150">
      <Execution id="753a9c31-173e-44be-8034-abb9cf3692de" />
      <TestMethod codeBase="F:\ETWork\bin\Tests\UnitTests.iCore.Common.Entities.dll" adapterTypeName="Microsoft.VisualStudio.TestTools.TestTypes.Unit.UnitTestAdapter" className="UnitTests.iCore.Common.Entities.EntityKeyTests" name="EmptyTest" />
    </UnitTest>
    <UnitTest name="TypeIdTest" storage="f:\etwork\bin\tests\unittests.icore.common.entities.dll" id="85d7ef91-912d-daf9-f3c5-d8fe2f6bd7ab">
      <Execution id="1c22fdbf-188f-40b2-9aae-4518378c15f4" />
      <TestMethod codeBase="F:\ETWork\bin\Tests\UnitTests.iCore.Common.Entities.dll" adapterTypeName="Microsoft.VisualStudio.TestTools.TestTypes.Unit.UnitTestAdapter" className="UnitTests.iCore.Common.Entities.EntityKeyTests" name="TypeIdTest" />
    </UnitTest>
    <UnitTest name="SingleGuidKeyTest" storage="f:\etwork\bin\tests\unittests.icore.common.entities.dll" id="fa67b7f7-3a0a-bd76-aaa7-6abedd04d8ca">
      <Execution id="1ec53065-34ad-4584-bc4d-169d38e50d68" />
      <TestMethod codeBase="F:\ETWork\bin\Tests\UnitTests.iCore.Common.Entities.dll" adapterTypeName="Microsoft.VisualStudio.TestTools.TestTypes.Unit.UnitTestAdapter" className="UnitTests.iCore.Common.Entities.EntityKeyTests" name="SingleGuidKeyTest" />
    </UnitTest>
    <UnitTest name="SingleKeyInArrayTest" storage="f:\etwork\bin\tests\unittests.icore.common.entities.dll" id="3ca58968-c2fb-ea05-3c1e-76ee8b8d2693">
      <Execution id="82f71476-2a01-4998-bc6c-b34859990f0f" />
      <TestMethod codeBase="F:\ETWork\bin\Tests\UnitTests.iCore.Common.Entities.dll" adapterTypeName="Microsoft.VisualStudio.TestTools.TestTypes.Unit.UnitTestAdapter" className="UnitTests.iCore.Common.Entities.EntityKeyTests" name="SingleKeyInArrayTest" />
    </UnitTest>
    <UnitTest name="SingleIntKeyTest" storage="f:\etwork\bin\tests\unittests.icore.common.entities.dll" id="d5731023-08fb-ea85-d38f-eef5cf5463c9">
      <Execution id="c23f9fb1-2b5e-42b9-adcd-1374376ff448" />
      <TestMethod codeBase="F:\ETWork\bin\Tests\UnitTests.iCore.Common.Entities.dll" adapterTypeName="Microsoft.VisualStudio.TestTools.TestTypes.Unit.UnitTestAdapter" className="UnitTests.iCore.Common.Entities.EntityKeyTests" name="SingleIntKeyTest" />
    </UnitTest>
    <UnitTest name="SingleStringKeyTest" storage="f:\etwork\bin\tests\unittests.icore.common.entities.dll" id="1e7ed59c-cf48-74ba-d759-316bf48d129a">
      <Execution id="d1d66137-3bef-4026-841c-0e8f63cfba60" />
      <TestMethod codeBase="F:\ETWork\bin\Tests\UnitTests.iCore.Common.Entities.dll" adapterTypeName="Microsoft.VisualStudio.TestTools.TestTypes.Unit.UnitTestAdapter" className="UnitTests.iCore.Common.Entities.EntityKeyTests" name="SingleStringKeyTest" />
    </UnitTest>
    <UnitTest name="op_InequalityTest1" storage="f:\etwork\bin\tests\unittests.icore.common.entities.dll" id="01eda4c6-62a9-24de-2b22-150634106411">
      <Execution id="79d65ba8-b882-4326-abca-621766286af3" />
      <TestMethod codeBase="F:\ETWork\bin\Tests\UnitTests.iCore.Common.Entities.dll" adapterTypeName="Microsoft.VisualStudio.TestTools.TestTypes.Unit.UnitTestAdapter" className="UnitTests.iCore.Common.Entities.EntityKeyTests" name="op_InequalityTest1" />
    </UnitTest>
    <UnitTest name="op_InequalityTest2" storage="f:\etwork\bin\tests\unittests.icore.common.entities.dll" id="7978073f-9fd6-4050-6db1-8cc82ff018fe">
      <Execution id="95a1d976-24da-4c83-b791-f9c04b67c42f" />
      <TestMethod codeBase="F:\ETWork\bin\Tests\UnitTests.iCore.Common.Entities.dll" adapterTypeName="Microsoft.VisualStudio.TestTools.TestTypes.Unit.UnitTestAdapter" className="UnitTests.iCore.Common.Entities.EntityKeyTests" name="op_InequalityTest2" />
    </UnitTest>
    <UnitTest name="op_InequalityTest3" storage="f:\etwork\bin\tests\unittests.icore.common.entities.dll" id="9bfa2b6b-22dc-770d-09b1-418215a93155">
      <Execution id="36f72e93-893b-49af-accb-8e6306735a01" />
      <TestMethod codeBase="F:\ETWork\bin\Tests\UnitTests.iCore.Common.Entities.dll" adapterTypeName="Microsoft.VisualStudio.TestTools.TestTypes.Unit.UnitTestAdapter" className="UnitTests.iCore.Common.Entities.EntityKeyTests" name="op_InequalityTest3" />
    </UnitTest>
    <UnitTest name="op_InequalityTest4" storage="f:\etwork\bin\tests\unittests.icore.common.entities.dll" id="74a211db-b6f7-076d-7548-21771ecce283">
      <Execution id="60952039-7d74-4bdb-baaf-9e5e8fc8e366" />
      <TestMethod codeBase="F:\ETWork\bin\Tests\UnitTests.iCore.Common.Entities.dll" adapterTypeName="Microsoft.VisualStudio.TestTools.TestTypes.Unit.UnitTestAdapter" className="UnitTests.iCore.Common.Entities.EntityKeyTests" name="op_InequalityTest4" />
    </UnitTest>
    <UnitTest name="op_InequalityTest5" storage="f:\etwork\bin\tests\unittests.icore.common.entities.dll" id="800088a4-4d59-cb6c-026f-180da616e297">
      <Execution id="78d80ea1-d1f7-48e9-ad87-ae67f3825c7b" />
      <TestMethod codeBase="F:\ETWork\bin\Tests\UnitTests.iCore.Common.Entities.dll" adapterTypeName="Microsoft.VisualStudio.TestTools.TestTypes.Unit.UnitTestAdapter" className="UnitTests.iCore.Common.Entities.EntityKeyTests" name="op_InequalityTest5" />
    </UnitTest>
    <UnitTest name="op_EqualityTest1" storage="f:\etwork\bin\tests\unittests.icore.common.entities.dll" id="c364637d-fb03-6041-01b1-5b9a097ef8db">
      <Execution id="b6367871-ecbb-46ea-b520-34906748e9ed" />
      <TestMethod codeBase="F:\ETWork\bin\Tests\UnitTests.iCore.Common.Entities.dll" adapterTypeName="Microsoft.VisualStudio.TestTools.TestTypes.Unit.UnitTestAdapter" className="UnitTests.iCore.Common.Entities.EntityKeyTests" name="op_EqualityTest1" />
    </UnitTest>
    <UnitTest name="op_EqualityTest2" storage="f:\etwork\bin\tests\unittests.icore.common.entities.dll" id="7e52a641-feaa-a4ed-907d-69209c9ba57b">
      <Execution id="d60b7407-13a0-430c-8115-985ec60aca44" />
      <TestMethod codeBase="F:\ETWork\bin\Tests\UnitTests.iCore.Common.Entities.dll" adapterTypeName="Microsoft.VisualStudio.TestTools.TestTypes.Unit.UnitTestAdapter" className="UnitTests.iCore.Common.Entities.EntityKeyTests" name="op_EqualityTest2" />
    </UnitTest>
    <UnitTest name="op_EqualityTest3" storage="f:\etwork\bin\tests\unittests.icore.common.entities.dll" id="96f58406-55cf-fe6e-9879-f873611691cb">
      <Execution id="e86e0d2b-bfee-4e84-83f6-0cb355115a19" />
      <TestMethod codeBase="F:\ETWork\bin\Tests\UnitTests.iCore.Common.Entities.dll" adapterTypeName="Microsoft.VisualStudio.TestTools.TestTypes.Unit.UnitTestAdapter" className="UnitTests.iCore.Common.Entities.EntityKeyTests" name="op_EqualityTest3" />
    </UnitTest>
    <UnitTest name="op_EqualityTest4" storage="f:\etwork\bin\tests\unittests.icore.common.entities.dll" id="d22c44d8-511c-bf24-5666-7872955a9b4c">
      <Execution id="bdce599c-a10f-4f77-ad7d-55fda95786b7" />
      <TestMethod codeBase="F:\ETWork\bin\Tests\UnitTests.iCore.Common.Entities.dll" adapterTypeName="Microsoft.VisualStudio.TestTools.TestTypes.Unit.UnitTestAdapter" className="UnitTests.iCore.Common.Entities.EntityKeyTests" name="op_EqualityTest4" />
    </UnitTest>
    <UnitTest name="op_EqualityTest5" storage="f:\etwork\bin\tests\unittests.icore.common.entities.dll" id="aa1f0124-a935-4ad0-4c9a-0c2af785ad67">
      <Execution id="3c95b076-a342-421d-a3c9-395ad42ebe98" />
      <TestMethod codeBase="F:\ETWork\bin\Tests\UnitTests.iCore.Common.Entities.dll" adapterTypeName="Microsoft.VisualStudio.TestTools.TestTypes.Unit.UnitTestAdapter" className="UnitTests.iCore.Common.Entities.EntityKeyTests" name="op_EqualityTest5" />
    </UnitTest>
    <UnitTest name="IsSingleKeyTest1" storage="f:\etwork\bin\tests\unittests.icore.common.entities.dll" id="ccb9e577-1081-bf32-a0a0-2f60f10f3ecc">
      <Execution id="fb468b40-d782-4bff-a957-d48cb0fcee91" />
      <TestMethod codeBase="F:\ETWork\bin\Tests\UnitTests.iCore.Common.Entities.dll" adapterTypeName="Microsoft.VisualStudio.TestTools.TestTypes.Unit.UnitTestAdapter" className="UnitTests.iCore.Common.Entities.EntityKeyTests" name="IsSingleKeyTest1" />
    </UnitTest>
    <UnitTest name="IsSingleKeyTest2" storage="f:\etwork\bin\tests\unittests.icore.common.entities.dll" id="5d97e317-52c7-e61c-345c-63dfeee34a29">
      <Execution id="a915c5b8-482b-4689-af53-0349b0b2fe4e" />
      <TestMethod codeBase="F:\ETWork\bin\Tests\UnitTests.iCore.Common.Entities.dll" adapterTypeName="Microsoft.VisualStudio.TestTools.TestTypes.Unit.UnitTestAdapter" className="UnitTests.iCore.Common.Entities.EntityKeyTests" name="IsSingleKeyTest2" />
    </UnitTest>
    <UnitTest name="IsSingleKeyTest3" storage="f:\etwork\bin\tests\unittests.icore.common.entities.dll" id="2850c374-25b0-202f-2a14-81557274de2b">
      <Execution id="b139f5ef-6598-4319-8715-497ced4f81b6" />
      <TestMethod codeBase="F:\ETWork\bin\Tests\UnitTests.iCore.Common.Entities.dll" adapterTypeName="Microsoft.VisualStudio.TestTools.TestTypes.Unit.UnitTestAdapter" className="UnitTests.iCore.Common.Entities.EntityKeyTests" name="IsSingleKeyTest3" />
    </UnitTest>
    <UnitTest name="IsSingleKeyTest4" storage="f:\etwork\bin\tests\unittests.icore.common.entities.dll" id="2495f72b-b34b-a8f5-57b9-d304457e2061">
      <Execution id="47f5857b-f192-4363-a708-d2479d2a67d2" />
      <TestMethod codeBase="F:\ETWork\bin\Tests\UnitTests.iCore.Common.Entities.dll" adapterTypeName="Microsoft.VisualStudio.TestTools.TestTypes.Unit.UnitTestAdapter" className="UnitTests.iCore.Common.Entities.EntityKeyTests" name="IsSingleKeyTest4" />
    </UnitTest>
    <UnitTest name="GetSingleKeyTest1" storage="f:\etwork\bin\tests\unittests.icore.common.entities.dll" id="20472605-ae98-f3b9-6bc3-04323d312f35">
      <Execution id="26e18f69-260a-474c-add6-556aeb24588e" />
      <TestMethod codeBase="F:\ETWork\bin\Tests\UnitTests.iCore.Common.Entities.dll" adapterTypeName="Microsoft.VisualStudio.TestTools.TestTypes.Unit.UnitTestAdapter" className="UnitTests.iCore.Common.Entities.EntityKeyTests" name="GetSingleKeyTest1" />
    </UnitTest>
    <UnitTest name="GetSingleKeyTest2" storage="f:\etwork\bin\tests\unittests.icore.common.entities.dll" id="74a07cce-7ecd-5650-d51e-6b765bffc38d">
      <Execution id="3ca27b4f-2fb1-42f8-8933-edd709be2b8f" />
      <TestMethod codeBase="F:\ETWork\bin\Tests\UnitTests.iCore.Common.Entities.dll" adapterTypeName="Microsoft.VisualStudio.TestTools.TestTypes.Unit.UnitTestAdapter" className="UnitTests.iCore.Common.Entities.EntityKeyTests" name="GetSingleKeyTest2" />
    </UnitTest>
    <UnitTest name="GetSingleKeyTest3" storage="f:\etwork\bin\tests\unittests.icore.common.entities.dll" id="aacceaec-7d8f-00fe-5723-6001eee41d53">
      <Execution id="ac52bac2-584b-4ad9-95f8-47f452c05902" />
      <TestMethod codeBase="F:\ETWork\bin\Tests\UnitTests.iCore.Common.Entities.dll" adapterTypeName="Microsoft.VisualStudio.TestTools.TestTypes.Unit.UnitTestAdapter" className="UnitTests.iCore.Common.Entities.EntityKeyTests" name="GetSingleKeyTest3" />
    </UnitTest>
    <UnitTest name="GetSingleKeyTest4" storage="f:\etwork\bin\tests\unittests.icore.common.entities.dll" id="02da2433-28dd-c5f9-0da2-b47eac9627e4">
      <Execution id="66e7e697-7791-4f04-8fd0-730f1357aead" />
      <TestMethod codeBase="F:\ETWork\bin\Tests\UnitTests.iCore.Common.Entities.dll" adapterTypeName="Microsoft.VisualStudio.TestTools.TestTypes.Unit.UnitTestAdapter" className="UnitTests.iCore.Common.Entities.EntityKeyTests" name="GetSingleKeyTest4" />
    </UnitTest>
    <UnitTest name="GetSingleKeyTest5" storage="f:\etwork\bin\tests\unittests.icore.common.entities.dll" id="66dff94f-825b-f2b7-7ded-d136b0e610d4">
      <Execution id="364f70fd-8878-4378-97fb-33bb99310f30" />
      <TestMethod codeBase="F:\ETWork\bin\Tests\UnitTests.iCore.Common.Entities.dll" adapterTypeName="Microsoft.VisualStudio.TestTools.TestTypes.Unit.UnitTestAdapter" className="UnitTests.iCore.Common.Entities.EntityKeyTests" name="GetSingleKeyTest5" />
    </UnitTest>
    <UnitTest name="GetHashCodeTest1" storage="f:\etwork\bin\tests\unittests.icore.common.entities.dll" id="4d060bdb-3c9b-1fa2-c5b3-58b97cff1c5c">
      <Execution id="919c16be-ade6-495f-862a-eb24cbafd82d" />
      <TestMethod codeBase="F:\ETWork\bin\Tests\UnitTests.iCore.Common.Entities.dll" adapterTypeName="Microsoft.VisualStudio.TestTools.TestTypes.Unit.UnitTestAdapter" className="UnitTests.iCore.Common.Entities.EntityKeyTests" name="GetHashCodeTest1" />
    </UnitTest>
    <UnitTest name="GetHashCodeTest2" storage="f:\etwork\bin\tests\unittests.icore.common.entities.dll" id="29b91f8e-f12c-9681-d3bf-f50349456fee">
      <Execution id="d51756ed-3749-49ed-91b6-d78e492b4f1f" />
      <TestMethod codeBase="F:\ETWork\bin\Tests\UnitTests.iCore.Common.Entities.dll" adapterTypeName="Microsoft.VisualStudio.TestTools.TestTypes.Unit.UnitTestAdapter" className="UnitTests.iCore.Common.Entities.EntityKeyTests" name="GetHashCodeTest2" />
    </UnitTest>
    <UnitTest name="GetHashCodeTest4" storage="f:\etwork\bin\tests\unittests.icore.common.entities.dll" id="2a7215f6-bbbb-edc0-69a9-a4e0cd165757">
      <Execution id="fb03d239-26e8-48f3-8839-3f8337a6ca62" />
      <TestMethod codeBase="F:\ETWork\bin\Tests\UnitTests.iCore.Common.Entities.dll" adapterTypeName="Microsoft.VisualStudio.TestTools.TestTypes.Unit.UnitTestAdapter" className="UnitTests.iCore.Common.Entities.EntityKeyTests" name="GetHashCodeTest4" />
    </UnitTest>
    <UnitTest name="GetHashCodeTest5" storage="f:\etwork\bin\tests\unittests.icore.common.entities.dll" id="da2840a7-24fd-5bf7-1b04-a3383f0bc30d">
      <Execution id="47aad067-8bff-43a4-896e-283f07d77812" />
      <TestMethod codeBase="F:\ETWork\bin\Tests\UnitTests.iCore.Common.Entities.dll" adapterTypeName="Microsoft.VisualStudio.TestTools.TestTypes.Unit.UnitTestAdapter" className="UnitTests.iCore.Common.Entities.EntityKeyTests" name="GetHashCodeTest5" />
    </UnitTest>
    <UnitTest name="GetHashCodeTest6" storage="f:\etwork\bin\tests\unittests.icore.common.entities.dll" id="15e9c736-0df5-464c-e114-dd10a2303ee1">
      <Execution id="8755dc08-50bb-40a9-80dc-7ed2cd60056b" />
      <TestMethod codeBase="F:\ETWork\bin\Tests\UnitTests.iCore.Common.Entities.dll" adapterTypeName="Microsoft.VisualStudio.TestTools.TestTypes.Unit.UnitTestAdapter" className="UnitTests.iCore.Common.Entities.EntityKeyTests" name="GetHashCodeTest6" />
    </UnitTest>
    <UnitTest name="EqualsTest1" storage="f:\etwork\bin\tests\unittests.icore.common.entities.dll" id="a758b090-a241-9abd-31ac-1f7d8d5573e0">
      <Execution id="d47068b4-9498-410e-9598-a91c8a00be6d" />
      <TestMethod codeBase="F:\ETWork\bin\Tests\UnitTests.iCore.Common.Entities.dll" adapterTypeName="Microsoft.VisualStudio.TestTools.TestTypes.Unit.UnitTestAdapter" className="UnitTests.iCore.Common.Entities.EntityKeyTests" name="EqualsTest1" />
    </UnitTest>
    <UnitTest name="EqualsTest2" storage="f:\etwork\bin\tests\unittests.icore.common.entities.dll" id="dad3b182-8494-7ed6-7a32-015c7f24b9a2">
      <Execution id="2d1d548b-4895-4013-accc-3c6a20f61179" />
      <TestMethod codeBase="F:\ETWork\bin\Tests\UnitTests.iCore.Common.Entities.dll" adapterTypeName="Microsoft.VisualStudio.TestTools.TestTypes.Unit.UnitTestAdapter" className="UnitTests.iCore.Common.Entities.EntityKeyTests" name="EqualsTest2" />
    </UnitTest>
    <UnitTest name="EqualsTest3" storage="f:\etwork\bin\tests\unittests.icore.common.entities.dll" id="62c73030-a0fc-ca05-6bbe-a8664d50ba6d">
      <Execution id="7b2749de-d68d-447c-9e15-d602b71a2a73" />
      <TestMethod codeBase="F:\ETWork\bin\Tests\UnitTests.iCore.Common.Entities.dll" adapterTypeName="Microsoft.VisualStudio.TestTools.TestTypes.Unit.UnitTestAdapter" className="UnitTests.iCore.Common.Entities.EntityKeyTests" name="EqualsTest3" />
    </UnitTest>
    <UnitTest name="EqualsTest4" storage="f:\etwork\bin\tests\unittests.icore.common.entities.dll" id="c96483b2-a413-a776-0117-e89f3f86e156">
      <Execution id="cacdd94f-67cb-42d6-b5da-eec6ddab34b4" />
      <TestMethod codeBase="F:\ETWork\bin\Tests\UnitTests.iCore.Common.Entities.dll" adapterTypeName="Microsoft.VisualStudio.TestTools.TestTypes.Unit.UnitTestAdapter" className="UnitTests.iCore.Common.Entities.EntityKeyTests" name="EqualsTest4" />
    </UnitTest>
    <UnitTest name="EqualsTest5" storage="f:\etwork\bin\tests\unittests.icore.common.entities.dll" id="525fcb19-4db7-09e8-b34f-bbc30b9a1952">
      <Execution id="b654e1cb-a7a5-4cee-badc-09663d7c539b" />
      <TestMethod codeBase="F:\ETWork\bin\Tests\UnitTests.iCore.Common.Entities.dll" adapterTypeName="Microsoft.VisualStudio.TestTools.TestTypes.Unit.UnitTestAdapter" className="UnitTests.iCore.Common.Entities.EntityKeyTests" name="EqualsTest5" />
    </UnitTest>
    <UnitTest name="Serialize_SingleGuidKey_DeserializesToAnEqualObject" storage="f:\etwork\bin\tests\unittests.icore.common.entities.dll" id="5b1295ed-4f2d-596a-56e6-18affe41fb35">
      <Execution id="ec310a00-aed0-4e7c-8672-abd582c6088b" />
      <TestMethod codeBase="F:\ETWork\bin\Tests\UnitTests.iCore.Common.Entities.dll" adapterTypeName="Microsoft.VisualStudio.TestTools.TestTypes.Unit.UnitTestAdapter" className="UnitTests.iCore.Common.Entities.EntityKeyTests" name="Serialize_SingleGuidKey_DeserializesToAnEqualObject" />
    </UnitTest>
    <UnitTest name="Serialize_SingleIntKey_DeserializesToAnEqualObject" storage="f:\etwork\bin\tests\unittests.icore.common.entities.dll" id="e10794bb-9c4e-536e-2c62-15a028d34e52">
      <Execution id="dfca95d1-9324-4706-955f-11d7a4779500" />
      <TestMethod codeBase="F:\ETWork\bin\Tests\UnitTests.iCore.Common.Entities.dll" adapterTypeName="Microsoft.VisualStudio.TestTools.TestTypes.Unit.UnitTestAdapter" className="UnitTests.iCore.Common.Entities.EntityKeyTests" name="Serialize_SingleIntKey_DeserializesToAnEqualObject" />
    </UnitTest>
    <UnitTest name="Serialize_SingleStringKey_DeserializesToAnEqualObject" storage="f:\etwork\bin\tests\unittests.icore.common.entities.dll" id="d1c75975-f873-c74a-9f3c-126211549578">
      <Execution id="86f220ba-1f35-4e1a-af2c-0cdfe6c14a97" />
      <TestMethod codeBase="F:\ETWork\bin\Tests\UnitTests.iCore.Common.Entities.dll" adapterTypeName="Microsoft.VisualStudio.TestTools.TestTypes.Unit.UnitTestAdapter" className="UnitTests.iCore.Common.Entities.EntityKeyTests" name="Serialize_SingleStringKey_DeserializesToAnEqualObject" />
    </UnitTest>
    <UnitTest name="Serialize_Empty_DeserializesToAnEqualObject" storage="f:\etwork\bin\tests\unittests.icore.common.entities.dll" id="73454004-1d5c-d541-f19e-a36751e8798b">
      <Execution id="b90fc45d-a151-41e6-bf3c-361d1104db1d" />
      <TestMethod codeBase="F:\ETWork\bin\Tests\UnitTests.iCore.Common.Entities.dll" adapterTypeName="Microsoft.VisualStudio.TestTools.TestTypes.Unit.UnitTestAdapter" className="UnitTests.iCore.Common.Entities.EntityKeyTests" name="Serialize_Empty_DeserializesToAnEqualObject" />
    </UnitTest>
    <UnitTest name="Serialize_MultiStringKey_DeserializesToAnEqualObject" storage="f:\etwork\bin\tests\unittests.icore.common.entities.dll" id="ffcd40ff-7df3-23c0-4e4b-8934909b8dd3">
      <Execution id="57df4652-0139-493a-a7fa-35e5a2bd9ad9" />
      <TestMethod codeBase="F:\ETWork\bin\Tests\UnitTests.iCore.Common.Entities.dll" adapterTypeName="Microsoft.VisualStudio.TestTools.TestTypes.Unit.UnitTestAdapter" className="UnitTests.iCore.Common.Entities.EntityKeyTests" name="Serialize_MultiStringKey_DeserializesToAnEqualObject" />
    </UnitTest>
    <UnitTest name="Serialize_MultiObjectKey_DeserializesToAnEqualObject" storage="f:\etwork\bin\tests\unittests.icore.common.entities.dll" id="59174898-2ab0-988c-755a-97f4e2144788">
      <Execution id="af102350-c0c6-4038-898e-4cd6230f5102" />
      <TestMethod codeBase="F:\ETWork\bin\Tests\UnitTests.iCore.Common.Entities.dll" adapterTypeName="Microsoft.VisualStudio.TestTools.TestTypes.Unit.UnitTestAdapter" className="UnitTests.iCore.Common.Entities.EntityKeyTests" name="Serialize_MultiObjectKey_DeserializesToAnEqualObject" />
    </UnitTest>
    <UnitTest name="GuidEntityKey_RoundtripsCorrectly" storage="f:\etwork\bin\tests\unittests.icore.common.entities.dll" id="5eac4015-d759-aa1b-a506-4d73f7c3c4c7">
      <Execution id="a513c602-0ea4-4ebe-b94c-d0ba95ea0258" />
      <TestMethod codeBase="F:\ETWork\bin\Tests\UnitTests.iCore.Common.Entities.dll" adapterTypeName="Microsoft.VisualStudio.TestTools.TestTypes.Unit.UnitTestAdapter" className="UnitTests.iCore.Common.Entities.EntityKeyTests" name="GuidEntityKey_RoundtripsCorrectly" />
    </UnitTest>
    <UnitTest name="Int32EntityKey_RoundtripsCorrectly" storage="f:\etwork\bin\tests\unittests.icore.common.entities.dll" id="07266f12-ef7d-de07-bbed-12250b0a4b6c">
      <Execution id="1b72724f-7370-405c-a85f-467425651d70" />
      <TestMethod codeBase="F:\ETWork\bin\Tests\UnitTests.iCore.Common.Entities.dll" adapterTypeName="Microsoft.VisualStudio.TestTools.TestTypes.Unit.UnitTestAdapter" className="UnitTests.iCore.Common.Entities.EntityKeyTests" name="Int32EntityKey_RoundtripsCorrectly" />
    </UnitTest>
    <UnitTest name="Int64EntityKey_RoundtripsCorrectly" storage="f:\etwork\bin\tests\unittests.icore.common.entities.dll" id="4fad9927-573d-5549-6034-c6aad89b1c28">
      <Execution id="9f4decea-03e8-49e1-bfd2-57497be54861" />
      <TestMethod codeBase="F:\ETWork\bin\Tests\UnitTests.iCore.Common.Entities.dll" adapterTypeName="Microsoft.VisualStudio.TestTools.TestTypes.Unit.UnitTestAdapter" className="UnitTests.iCore.Common.Entities.EntityKeyTests" name="Int64EntityKey_RoundtripsCorrectly" />
    </UnitTest>
    <UnitTest name="StringEntityKey_RoundtripsCorrectly" storage="f:\etwork\bin\tests\unittests.icore.common.entities.dll" id="14807f08-800b-d180-6d6e-15f73c0d245d">
      <Execution id="34927801-ed6e-4c8e-b64c-e5ff8aec9f6e" />
      <TestMethod codeBase="F:\ETWork\bin\Tests\UnitTests.iCore.Common.Entities.dll" adapterTypeName="Microsoft.VisualStudio.TestTools.TestTypes.Unit.UnitTestAdapter" className="UnitTests.iCore.Common.Entities.EntityKeyTests" name="StringEntityKey_RoundtripsCorrectly" />
    </UnitTest>
    <UnitTest name="MultiPartEntityKey_RoundtripsCorrectly" storage="f:\etwork\bin\tests\unittests.icore.common.entities.dll" id="93d088c8-0c64-12f1-fa3b-f63ee9557b68">
      <Execution id="67379000-f62c-4878-939a-9f9208aa4d73" />
      <TestMethod codeBase="F:\ETWork\bin\Tests\UnitTests.iCore.Common.Entities.dll" adapterTypeName="Microsoft.VisualStudio.TestTools.TestTypes.Unit.UnitTestAdapter" className="UnitTests.iCore.Common.Entities.EntityKeyTests" name="MultiPartEntityKey_RoundtripsCorrectly" />
    </UnitTest>
    <UnitTest name="EmptyEntityKey_RoundtripsCorrectly" storage="f:\etwork\bin\tests\unittests.icore.common.entities.dll" id="eb9637e1-1478-cf9c-afc7-7d95bebb57d0">
      <Execution id="e2b7fa4d-862d-46c6-9c07-e12614923f8c" />
      <TestMethod codeBase="F:\ETWork\bin\Tests\UnitTests.iCore.Common.Entities.dll" adapterTypeName="Microsoft.VisualStudio.TestTools.TestTypes.Unit.UnitTestAdapter" className="UnitTests.iCore.Common.Entities.EntityKeyTests" name="EmptyEntityKey_RoundtripsCorrectly" />
    </UnitTest>
    <UnitTest name="EntityKey_ProtoBufSerializationRoundtrip" storage="f:\etwork\bin\tests\unittests.icore.common.entities.dll" id="f3d4d256-7690-8b35-f540-8be3c6a37c49">
      <Execution id="03ce56a2-d8e0-4681-b8e6-4ca86fa9cc81" />
      <TestMethod codeBase="F:\ETWork\bin\Tests\UnitTests.iCore.Common.Entities.dll" adapterTypeName="Microsoft.VisualStudio.TestTools.TestTypes.Unit.UnitTestAdapter" className="UnitTests.iCore.Common.Entities.EntityKeyTests" name="EntityKey_ProtoBufSerializationRoundtrip" />
    </UnitTest>
    <UnitTest name="CompileWebservice_AssemblyResolverIsSetToNull_ArgumentNullExceptionIsRaised" storage="f:\etwork\bin\tests\unittests.icore.common.entities.dll" id="94d49f53-1351-f013-d63d-4807073b4cb9">
      <Execution id="91966888-2a70-4104-87d1-b6f02ec67688" />
      <TestMethod codeBase="F:\ETWork\bin\Tests\UnitTests.iCore.Common.Entities.dll" adapterTypeName="Microsoft.VisualStudio.TestTools.TestTypes.Unit.UnitTestAdapter" className="UnitTests.iCore.Common.Entities.WSCompilingTest" name="CompileWebservice_AssemblyResolverIsSetToNull_ArgumentNullExceptionIsRaised" />
    </UnitTest>
    <UnitTest name="CompileWebservice_NamespaceIsSetToNull_ArgumentNullExceptionIsRaised" storage="f:\etwork\bin\tests\unittests.icore.common.entities.dll" id="974dc3b2-037d-fd24-7d7c-720b8c5fbb4a">
      <Execution id="d5da6e34-bc01-488a-8a1c-4677d1873ac6" />
      <TestMethod codeBase="F:\ETWork\bin\Tests\UnitTests.iCore.Common.Entities.dll" adapterTypeName="Microsoft.VisualStudio.TestTools.TestTypes.Unit.UnitTestAdapter" className="UnitTests.iCore.Common.Entities.WSCompilingTest" name="CompileWebservice_NamespaceIsSetToNull_ArgumentNullExceptionIsRaised" />
    </UnitTest>
    <UnitTest name="CompileWebservice_CompilerIsSetToNull_ArgumentNullExceptionIsRaised" storage="f:\etwork\bin\tests\unittests.icore.common.entities.dll" id="d3ccf590-8a73-b59c-d3ba-ebe55b4f3f95">
      <Execution id="c3c54da5-56b3-4156-941f-25fcc2c8eb88" />
      <TestMethod codeBase="F:\ETWork\bin\Tests\UnitTests.iCore.Common.Entities.dll" adapterTypeName="Microsoft.VisualStudio.TestTools.TestTypes.Unit.UnitTestAdapter" className="UnitTests.iCore.Common.Entities.WSCompilingTest" name="CompileWebservice_CompilerIsSetToNull_ArgumentNullExceptionIsRaised" />
    </UnitTest>
    <UnitTest name="CompileWebservice_ProjectIsSetToNull_ArgumentNullExceptionIsRaised" storage="f:\etwork\bin\tests\unittests.icore.common.entities.dll" id="0e1a9435-1dbe-8062-fe1d-727ffcde5bce">
      <Execution id="8f9d9ff7-1418-452e-a17c-1ef9bbd3bfdf" />
      <TestMethod codeBase="F:\ETWork\bin\Tests\UnitTests.iCore.Common.Entities.dll" adapterTypeName="Microsoft.VisualStudio.TestTools.TestTypes.Unit.UnitTestAdapter" className="UnitTests.iCore.Common.Entities.WSCompilingTest" name="CompileWebservice_ProjectIsSetToNull_ArgumentNullExceptionIsRaised" />
    </UnitTest>
    <UnitTest name="CompileWebservice_ValidArgs_WSDefinitionCompilerIsCalledOnce" storage="f:\etwork\bin\tests\unittests.icore.common.entities.dll" id="53973455-c65f-ac3c-19ad-9b5cc4e8378b">
      <Execution id="e409ff69-81dd-463d-a483-036696ee22a4" />
      <TestMethod codeBase="F:\ETWork\bin\Tests\UnitTests.iCore.Common.Entities.dll" adapterTypeName="Microsoft.VisualStudio.TestTools.TestTypes.Unit.UnitTestAdapter" className="UnitTests.iCore.Common.Entities.WSCompilingTest" name="CompileWebservice_ValidArgs_WSDefinitionCompilerIsCalledOnce" />
    </UnitTest>
    <UnitTest name="CompileWebservice_ValidArgs_WSNamespaceIsPassedToCompiler" storage="f:\etwork\bin\tests\unittests.icore.common.entities.dll" id="fc27e4b7-73b7-6ed6-d7a7-fcb07903a167">
      <Execution id="1bc54d1c-e94e-41a7-879b-9b727edd8ec9" />
      <TestMethod codeBase="F:\ETWork\bin\Tests\UnitTests.iCore.Common.Entities.dll" adapterTypeName="Microsoft.VisualStudio.TestTools.TestTypes.Unit.UnitTestAdapter" className="UnitTests.iCore.Common.Entities.WSCompilingTest" name="CompileWebservice_ValidArgs_WSNamespaceIsPassedToCompiler" />
    </UnitTest>
    <UnitTest name="CompileWebservice_ValidArgs_ProjectSourceFilesArePassedToCompiler" storage="f:\etwork\bin\tests\unittests.icore.common.entities.dll" id="ac176450-d154-9f9f-5d52-4963adfcc5cd">
      <Execution id="3a25a2d4-4026-4ee9-b304-94ea8d9ecbc7" />
      <TestMethod codeBase="F:\ETWork\bin\Tests\UnitTests.iCore.Common.Entities.dll" adapterTypeName="Microsoft.VisualStudio.TestTools.TestTypes.Unit.UnitTestAdapter" className="UnitTests.iCore.Common.Entities.WSCompilingTest" name="CompileWebservice_ValidArgs_ProjectSourceFilesArePassedToCompiler" />
    </UnitTest>
    <UnitTest name="CompileWebservice_ValidArgs_ProjectReferencesArePassedToCompiler" storage="f:\etwork\bin\tests\unittests.icore.common.entities.dll" id="75358ae9-103f-6c87-b9dc-90ecbc6a6040">
      <Execution id="8d9788bf-5e3b-46cf-bdff-3ac6054da7e9" />
      <TestMethod codeBase="F:\ETWork\bin\Tests\UnitTests.iCore.Common.Entities.dll" adapterTypeName="Microsoft.VisualStudio.TestTools.TestTypes.Unit.UnitTestAdapter" className="UnitTests.iCore.Common.Entities.WSCompilingTest" name="CompileWebservice_ValidArgs_ProjectReferencesArePassedToCompiler" />
    </UnitTest>
    <UnitTest name="CompileWebservice_ValidArgs_DocumentationIsSetAfterCompiling" storage="f:\etwork\bin\tests\unittests.icore.common.entities.dll" id="50d44c68-be7d-894c-9254-25db8e8d08ac">
      <Execution id="d1aba1fd-1bde-4779-acb6-f190b624bd6b" />
      <TestMethod codeBase="F:\ETWork\bin\Tests\UnitTests.iCore.Common.Entities.dll" adapterTypeName="Microsoft.VisualStudio.TestTools.TestTypes.Unit.UnitTestAdapter" className="UnitTests.iCore.Common.Entities.WSCompilingTest" name="CompileWebservice_ValidArgs_DocumentationIsSetAfterCompiling" />
    </UnitTest>
    <UnitTest name="InternalCompile_XamlIsSetToNull_ArgumentExceptionIsRaised" storage="f:\etwork\bin\tests\unittests.icore.common.entities.dll" id="e364315f-1cb6-681f-c084-4c49e352c22b">
      <Execution id="4cde5959-9231-466a-abc2-b9bb0b5c5b11" />
      <TestMethod codeBase="F:\ETWork\bin\Tests\UnitTests.iCore.Common.Entities.dll" adapterTypeName="Microsoft.VisualStudio.TestTools.TestTypes.Unit.UnitTestAdapter" className="UnitTests.iCore.Common.Entities.WorkflowCompilingTest" name="InternalCompile_XamlIsSetToNull_ArgumentExceptionIsRaised" />
    </UnitTest>
    <UnitTest name="InternalCompile_SystemContextIsSetToNull_ArgumentExceptionIsRaised" storage="f:\etwork\bin\tests\unittests.icore.common.entities.dll" id="ab5619de-2e9e-605a-1d2e-e41982ec38cf">
      <Execution id="c380c642-f5d5-44e6-b01a-17c55db531b4" />
      <TestMethod codeBase="F:\ETWork\bin\Tests\UnitTests.iCore.Common.Entities.dll" adapterTypeName="Microsoft.VisualStudio.TestTools.TestTypes.Unit.UnitTestAdapter" className="UnitTests.iCore.Common.Entities.WorkflowCompilingTest" name="InternalCompile_SystemContextIsSetToNull_ArgumentExceptionIsRaised" />
    </UnitTest>
    <UnitTest name="InternalCompile_AsssemblyNameSetToNull_ArgumentExceptionIsRaised" storage="f:\etwork\bin\tests\unittests.icore.common.entities.dll" id="cc3754b9-3a6c-0fe9-82e2-032173ff5f14">
      <Execution id="d59443fc-2e6e-42b4-9e00-91060fa9edcd" />
      <TestMethod codeBase="F:\ETWork\bin\Tests\UnitTests.iCore.Common.Entities.dll" adapterTypeName="Microsoft.VisualStudio.TestTools.TestTypes.Unit.UnitTestAdapter" className="UnitTests.iCore.Common.Entities.WorkflowCompilingTest" name="InternalCompile_AsssemblyNameSetToNull_ArgumentExceptionIsRaised" />
    </UnitTest>
    <UnitTest name="InternalCompile_ValidArgs_WorkflowCompilerIsCalledOnce" storage="f:\etwork\bin\tests\unittests.icore.common.entities.dll" id="668d88f1-9c8d-1a17-2b9c-fb232d516f7c">
      <Execution id="60b79bda-3723-4a46-912f-3441c5c3e2df" />
      <TestMethod codeBase="F:\ETWork\bin\Tests\UnitTests.iCore.Common.Entities.dll" adapterTypeName="Microsoft.VisualStudio.TestTools.TestTypes.Unit.UnitTestAdapter" className="UnitTests.iCore.Common.Entities.WorkflowCompilingTest" name="InternalCompile_ValidArgs_WorkflowCompilerIsCalledOnce" />
    </UnitTest>
    <UnitTest name="InternalCompile_ValidArgs_XAMLSourceCodeIsIncludedInCompile" storage="f:\etwork\bin\tests\unittests.icore.common.entities.dll" id="a11ce44a-0aad-819c-2e9c-4fa126049104">
      <Execution id="d161c0eb-0906-4fce-96e8-5cc3cbf2c72b" />
      <TestMethod codeBase="F:\ETWork\bin\Tests\UnitTests.iCore.Common.Entities.dll" adapterTypeName="Microsoft.VisualStudio.TestTools.TestTypes.Unit.UnitTestAdapter" className="UnitTests.iCore.Common.Entities.WorkflowCompilingTest" name="InternalCompile_ValidArgs_XAMLSourceCodeIsIncludedInCompile" />
    </UnitTest>
    <UnitTest name="InternalCompile_CompilerReturnsErrors_CompilerErrorExceptionIsRaised" storage="f:\etwork\bin\tests\unittests.icore.common.entities.dll" id="a79de96a-0237-9289-9b24-f635fb08b592">
      <Execution id="24648f9f-b00f-4d9f-b8f1-a729a5d6f695" />
      <TestMethod codeBase="F:\ETWork\bin\Tests\UnitTests.iCore.Common.Entities.dll" adapterTypeName="Microsoft.VisualStudio.TestTools.TestTypes.Unit.UnitTestAdapter" className="UnitTests.iCore.Common.Entities.WorkflowCompilingTest" name="InternalCompile_CompilerReturnsErrors_CompilerErrorExceptionIsRaised" />
    </UnitTest>
    <UnitTest name="InternalCompile_ValidArgs_LocalSystemSourceCodeIsIncludedInCompile" storage="f:\etwork\bin\tests\unittests.icore.common.entities.dll" id="37027393-e9b7-585b-6b85-64b62bbba3b9">
      <Execution id="a483fdfd-0566-4410-910a-735f78b45faa" />
      <TestMethod codeBase="F:\ETWork\bin\Tests\UnitTests.iCore.Common.Entities.dll" adapterTypeName="Microsoft.VisualStudio.TestTools.TestTypes.Unit.UnitTestAdapter" className="UnitTests.iCore.Common.Entities.WorkflowCompilingTest" name="InternalCompile_ValidArgs_LocalSystemSourceCodeIsIncludedInCompile" />
    </UnitTest>
    <UnitTest name="InternalCompile_ValidArgs_PartialClassCodeIsIncludedInCompile" storage="f:\etwork\bin\tests\unittests.icore.common.entities.dll" id="103f9692-5b32-c3f1-54f5-1a1e45ae269b">
      <Execution id="0ff24d60-2069-4b39-849b-90faa556a67b" />
      <TestMethod codeBase="F:\ETWork\bin\Tests\UnitTests.iCore.Common.Entities.dll" adapterTypeName="Microsoft.VisualStudio.TestTools.TestTypes.Unit.UnitTestAdapter" className="UnitTests.iCore.Common.Entities.WorkflowCompilingTest" name="InternalCompile_ValidArgs_PartialClassCodeIsIncludedInCompile" />
    </UnitTest>
    <UnitTest name="CompileWebservice_SystemContextIsSetToNull_ArgumentNullExceptionIsRaised" storage="f:\etwork\bin\tests\unittests.icore.common.entities.dll" id="da3649b2-e551-4b68-dfaf-f1e3f4fb414b">
      <Execution id="810a0bcb-f10c-41f6-b681-9e716686d0f5" />
      <TestMethod codeBase="F:\ETWork\bin\Tests\UnitTests.iCore.Common.Entities.dll" adapterTypeName="Microsoft.VisualStudio.TestTools.TestTypes.Unit.UnitTestAdapter" className="UnitTests.iCore.Common.Entities.WSActivitiesCompilingTest" name="CompileWebservice_SystemContextIsSetToNull_ArgumentNullExceptionIsRaised" />
    </UnitTest>
    <UnitTest name="CompileWebservice_AssemblyResolverIsSetToNull_ArgumentNullExceptionIsRaised" storage="f:\etwork\bin\tests\unittests.icore.common.entities.dll" id="73f22e46-401e-2fb6-25e2-b9d93b2fbbf8">
      <Execution id="dc546462-3a1c-423d-8b32-f0b60669c7e9" />
      <TestMethod codeBase="F:\ETWork\bin\Tests\UnitTests.iCore.Common.Entities.dll" adapterTypeName="Microsoft.VisualStudio.TestTools.TestTypes.Unit.UnitTestAdapter" className="UnitTests.iCore.Common.Entities.WSActivitiesCompilingTest" name="CompileWebservice_AssemblyResolverIsSetToNull_ArgumentNullExceptionIsRaised" />
    </UnitTest>
    <UnitTest name="CompileWebservice_CompilerIsSetToNull_ArgumentNullExceptionIsRaised" storage="f:\etwork\bin\tests\unittests.icore.common.entities.dll" id="dd027552-594d-9e56-18ba-813cd3fb75c4">
      <Execution id="16941198-9ba2-45d5-a58e-814e4c1034d5" />
      <TestMethod codeBase="F:\ETWork\bin\Tests\UnitTests.iCore.Common.Entities.dll" adapterTypeName="Microsoft.VisualStudio.TestTools.TestTypes.Unit.UnitTestAdapter" className="UnitTests.iCore.Common.Entities.WSActivitiesCompilingTest" name="CompileWebservice_CompilerIsSetToNull_ArgumentNullExceptionIsRaised" />
    </UnitTest>
    <UnitTest name="CompileWebservice_WSDefinitionAssemblyNameIsSetToNull_ArgumentNullExceptionIsRaised" storage="f:\etwork\bin\tests\unittests.icore.common.entities.dll" id="96c4c161-ca91-2fd5-449a-562f97760e6e">
      <Execution id="53b5be4c-3764-4300-8537-d7e07adb2f13" />
      <TestMethod codeBase="F:\ETWork\bin\Tests\UnitTests.iCore.Common.Entities.dll" adapterTypeName="Microsoft.VisualStudio.TestTools.TestTypes.Unit.UnitTestAdapter" className="UnitTests.iCore.Common.Entities.WSActivitiesCompilingTest" name="CompileWebservice_WSDefinitionAssemblyNameIsSetToNull_ArgumentNullExceptionIsRaised" />
    </UnitTest>
    <UnitTest name="CompileWebservice_ConsumerAssemblyNameIsSetToNull_ArgumentNullExceptionIsRaised" storage="f:\etwork\bin\tests\unittests.icore.common.entities.dll" id="d0ce962e-1dfe-71b8-c48e-3b328860fe8d">
      <Execution id="3defb763-001a-4637-9eec-0d92b549642a" />
      <TestMethod codeBase="F:\ETWork\bin\Tests\UnitTests.iCore.Common.Entities.dll" adapterTypeName="Microsoft.VisualStudio.TestTools.TestTypes.Unit.UnitTestAdapter" className="UnitTests.iCore.Common.Entities.WSActivitiesCompilingTest" name="CompileWebservice_ConsumerAssemblyNameIsSetToNull_ArgumentNullExceptionIsRaised" />
    </UnitTest>
    <UnitTest name="CompileWebservice_ProjectIsSetToNull_ArgumentNullExceptionIsRaised" storage="f:\etwork\bin\tests\unittests.icore.common.entities.dll" id="04d00d1f-a186-8176-51d6-df51af84db54">
      <Execution id="83800023-5c7a-4082-b465-08f007fd9232" />
      <TestMethod codeBase="F:\ETWork\bin\Tests\UnitTests.iCore.Common.Entities.dll" adapterTypeName="Microsoft.VisualStudio.TestTools.TestTypes.Unit.UnitTestAdapter" className="UnitTests.iCore.Common.Entities.WSActivitiesCompilingTest" name="CompileWebservice_ProjectIsSetToNull_ArgumentNullExceptionIsRaised" />
    </UnitTest>
    <UnitTest name="CompileWebservice_ValidArgs_WSDefinitionCompilerIsCalledOnce" storage="f:\etwork\bin\tests\unittests.icore.common.entities.dll" id="c3e622cc-5363-85fa-216b-acd437598d03">
      <Execution id="4234a22e-122a-454c-b789-796134caaa06" />
      <TestMethod codeBase="F:\ETWork\bin\Tests\UnitTests.iCore.Common.Entities.dll" adapterTypeName="Microsoft.VisualStudio.TestTools.TestTypes.Unit.UnitTestAdapter" className="UnitTests.iCore.Common.Entities.WSActivitiesCompilingTest" name="CompileWebservice_ValidArgs_WSDefinitionCompilerIsCalledOnce" />
    </UnitTest>
    <UnitTest name="CompileWebservice_ValidArgs_WSNamespaceIsPassedToCompiler" storage="f:\etwork\bin\tests\unittests.icore.common.entities.dll" id="d49d15fc-4f91-a657-1512-3a352cca9549">
      <Execution id="51676401-1efd-49c2-9675-0a1936365139" />
      <TestMethod codeBase="F:\ETWork\bin\Tests\UnitTests.iCore.Common.Entities.dll" adapterTypeName="Microsoft.VisualStudio.TestTools.TestTypes.Unit.UnitTestAdapter" className="UnitTests.iCore.Common.Entities.WSActivitiesCompilingTest" name="CompileWebservice_ValidArgs_WSNamespaceIsPassedToCompiler" />
    </UnitTest>
    <UnitTest name="CompileWebservice_ValidArgs_ProjectSourceFilesArePassedToCompiler" storage="f:\etwork\bin\tests\unittests.icore.common.entities.dll" id="cea2839f-2440-95b9-e634-6e900fc8c5af">
      <Execution id="66c39824-d9c6-4c45-9d6e-49cc2c97f4e8" />
      <TestMethod codeBase="F:\ETWork\bin\Tests\UnitTests.iCore.Common.Entities.dll" adapterTypeName="Microsoft.VisualStudio.TestTools.TestTypes.Unit.UnitTestAdapter" className="UnitTests.iCore.Common.Entities.WSActivitiesCompilingTest" name="CompileWebservice_ValidArgs_ProjectSourceFilesArePassedToCompiler" />
    </UnitTest>
    <UnitTest name="CompileWebservice_ValidArgs_ProjectReferencesArePassedToCompiler" storage="f:\etwork\bin\tests\unittests.icore.common.entities.dll" id="4da11df8-a3e1-757f-a3a0-3cf54c5946bc">
      <Execution id="217439ea-192b-4c89-8e8c-b13cacde48bb" />
      <TestMethod codeBase="F:\ETWork\bin\Tests\UnitTests.iCore.Common.Entities.dll" adapterTypeName="Microsoft.VisualStudio.TestTools.TestTypes.Unit.UnitTestAdapter" className="UnitTests.iCore.Common.Entities.WSActivitiesCompilingTest" name="CompileWebservice_ValidArgs_ProjectReferencesArePassedToCompiler" />
    </UnitTest>
    <UnitTest name="CompileWebservice_ValidArgs_DocumentationIsSetAfterCompiling" storage="f:\etwork\bin\tests\unittests.icore.common.entities.dll" id="114863f4-8274-95d7-5824-e09208cc779c">
      <Execution id="e2909d90-292a-44d1-ad08-5b4d0045d435" />
      <TestMethod codeBase="F:\ETWork\bin\Tests\UnitTests.iCore.Common.Entities.dll" adapterTypeName="Microsoft.VisualStudio.TestTools.TestTypes.Unit.UnitTestAdapter" className="UnitTests.iCore.Common.Entities.WSActivitiesCompilingTest" name="CompileWebservice_ValidArgs_DocumentationIsSetAfterCompiling" />
    </UnitTest>
    <UnitTest name="EncryptValue_Data_EncryptedOK" storage="f:\etwork\bin\tests\unittests.icore.common.entities.dll" id="1a6028fa-81aa-514b-44d1-a9779ac6c4e1">
      <Execution id="a1e5d77c-0b86-4e58-900c-944f06724611" />
      <TestMethod codeBase="F:\ETWork\bin\Tests\UnitTests.iCore.Common.Entities.dll" adapterTypeName="Microsoft.VisualStudio.TestTools.TestTypes.Unit.UnitTestAdapter" className="UnitTests.iCore.Common.Entities.Services.SystemProtectionServiceImplTests" name="EncryptValue_Data_EncryptedOK" />
    </UnitTest>
    <UnitTest name="EncryptValue_EmptyData_ReturnsNonEmptyArray" storage="f:\etwork\bin\tests\unittests.icore.common.entities.dll" id="f9fb8e93-d1d2-2821-19f7-94360af0fdff">
      <Execution id="d897bbda-c042-4df6-8dcb-d5fa6ae25900" />
      <TestMethod codeBase="F:\ETWork\bin\Tests\UnitTests.iCore.Common.Entities.dll" adapterTypeName="Microsoft.VisualStudio.TestTools.TestTypes.Unit.UnitTestAdapter" className="UnitTests.iCore.Common.Entities.Services.SystemProtectionServiceImplTests" name="EncryptValue_EmptyData_ReturnsNonEmptyArray" />
    </UnitTest>
    <UnitTest name="EncryptValueToBase64String_Data_EncryptedOK" storage="f:\etwork\bin\tests\unittests.icore.common.entities.dll" id="8fd12d4b-b8f4-781c-1a27-452725335da7">
      <Execution id="2e888cf5-835d-4b09-bddb-ca854e251d49" />
      <TestMethod codeBase="F:\ETWork\bin\Tests\UnitTests.iCore.Common.Entities.dll" adapterTypeName="Microsoft.VisualStudio.TestTools.TestTypes.Unit.UnitTestAdapter" className="UnitTests.iCore.Common.Entities.Services.SystemProtectionServiceImplTests" name="EncryptValueToBase64String_Data_EncryptedOK" />
    </UnitTest>
    <UnitTest name="DecryptValue_EncryptedData_DecryptedOK" storage="f:\etwork\bin\tests\unittests.icore.common.entities.dll" id="003d5fc8-8f1c-f4db-caff-982322060b9f">
      <Execution id="593ae90e-048d-4f45-80cc-3cbf187a69d0" />
      <TestMethod codeBase="F:\ETWork\bin\Tests\UnitTests.iCore.Common.Entities.dll" adapterTypeName="Microsoft.VisualStudio.TestTools.TestTypes.Unit.UnitTestAdapter" className="UnitTests.iCore.Common.Entities.Services.SystemProtectionServiceImplTests" name="DecryptValue_EncryptedData_DecryptedOK" />
    </UnitTest>
    <UnitTest name="DecryptValue_EmptyByteArray_ReturnsEmptyString" storage="f:\etwork\bin\tests\unittests.icore.common.entities.dll" id="6a2128d0-a4d5-c758-ff20-541964ec1ef8">
      <Execution id="48b76576-cf37-46de-acf8-0432ebe72818" />
      <TestMethod codeBase="F:\ETWork\bin\Tests\UnitTests.iCore.Common.Entities.dll" adapterTypeName="Microsoft.VisualStudio.TestTools.TestTypes.Unit.UnitTestAdapter" className="UnitTests.iCore.Common.Entities.Services.SystemProtectionServiceImplTests" name="DecryptValue_EmptyByteArray_ReturnsEmptyString" />
    </UnitTest>
    <UnitTest name="Decrypt_InvalidValue_Throws" storage="f:\etwork\bin\tests\unittests.icore.common.entities.dll" id="09d20211-b1c0-e331-0977-61bc816b1045">
      <Execution id="e07bf249-04a6-4423-a89e-9701c0a30f3a" />
      <TestMethod codeBase="F:\ETWork\bin\Tests\UnitTests.iCore.Common.Entities.dll" adapterTypeName="Microsoft.VisualStudio.TestTools.TestTypes.Unit.UnitTestAdapter" className="UnitTests.iCore.Common.Entities.Services.SystemProtectionServiceImplTests" name="Decrypt_InvalidValue_Throws" />
    </UnitTest>
    <UnitTest name="DecryptValueFromBase64String_EncryptedData_DecryptedOK" storage="f:\etwork\bin\tests\unittests.icore.common.entities.dll" id="d746a9c4-0567-e9e3-5d89-991703a6f0d7">
      <Execution id="8ab20554-e3fc-4120-8e50-7595c6535d0a" />
      <TestMethod codeBase="F:\ETWork\bin\Tests\UnitTests.iCore.Common.Entities.dll" adapterTypeName="Microsoft.VisualStudio.TestTools.TestTypes.Unit.UnitTestAdapter" className="UnitTests.iCore.Common.Entities.Services.SystemProtectionServiceImplTests" name="DecryptValueFromBase64String_EncryptedData_DecryptedOK" />
    </UnitTest>
    <UnitTest name="EncryptValueAndDecryptValue_NonEmptyData_EncryptedAndDecrypted" storage="f:\etwork\bin\tests\unittests.icore.common.entities.dll" id="13e567fe-f4fd-2cb3-be1a-db5bda9cdedd">
      <Execution id="a32048bf-e74d-4d74-874f-37d80dc13136" />
      <TestMethod codeBase="F:\ETWork\bin\Tests\UnitTests.iCore.Common.Entities.dll" adapterTypeName="Microsoft.VisualStudio.TestTools.TestTypes.Unit.UnitTestAdapter" className="UnitTests.iCore.Common.Entities.Services.SystemProtectionServiceImplTests" name="EncryptValueAndDecryptValue_NonEmptyData_EncryptedAndDecrypted" />
    </UnitTest>
    <UnitTest name="EncryptValueAndDecryptValue_ShortData_NotPaddedWithNullChars" storage="f:\etwork\bin\tests\unittests.icore.common.entities.dll" id="87d4c696-9869-7d52-071c-3538d3c0f307">
      <Execution id="db16ea51-9900-4f2b-ae16-912de96adc57" />
      <TestMethod codeBase="F:\ETWork\bin\Tests\UnitTests.iCore.Common.Entities.dll" adapterTypeName="Microsoft.VisualStudio.TestTools.TestTypes.Unit.UnitTestAdapter" className="UnitTests.iCore.Common.Entities.Services.SystemProtectionServiceImplTests" name="EncryptValueAndDecryptValue_ShortData_NotPaddedWithNullChars" />
    </UnitTest>
    <UnitTest name="EncryptValueAndDecryptValue_EmptyData_ReturnsNonEmptyArray" storage="f:\etwork\bin\tests\unittests.icore.common.entities.dll" id="7050242b-9666-01d5-78c0-02e23ff5e72a">
      <Execution id="d3d4bf05-859b-4578-a4e5-f391adbd202f" />
      <TestMethod codeBase="F:\ETWork\bin\Tests\UnitTests.iCore.Common.Entities.dll" adapterTypeName="Microsoft.VisualStudio.TestTools.TestTypes.Unit.UnitTestAdapter" className="UnitTests.iCore.Common.Entities.Services.SystemProtectionServiceImplTests" name="EncryptValueAndDecryptValue_EmptyData_ReturnsNonEmptyArray" />
    </UnitTest>
    <UnitTest name="ActivateProtection_MasterKeyIsNull_Throws" storage="f:\etwork\bin\tests\unittests.icore.common.entities.dll" id="e8b38e20-9971-381d-6b2a-328903417cab">
      <Execution id="03e13b0c-5e2f-4e9e-925d-ef449a2e5027" />
      <TestMethod codeBase="F:\ETWork\bin\Tests\UnitTests.iCore.Common.Entities.dll" adapterTypeName="Microsoft.VisualStudio.TestTools.TestTypes.Unit.UnitTestAdapter" className="UnitTests.iCore.Common.Entities.Services.SystemProtectionServiceImplTests" name="ActivateProtection_MasterKeyIsNull_Throws" />
    </UnitTest>
    <UnitTest name="ActivateProtection_MasterKeyIsZeroLengthAndNotPreviouslyActivated_Throws" storage="f:\etwork\bin\tests\unittests.icore.common.entities.dll" id="152ae13e-c178-138f-c19b-ea50136eae51">
      <Execution id="f5627a7a-b2dc-47c2-bd0d-785671401fc0" />
      <TestMethod codeBase="F:\ETWork\bin\Tests\UnitTests.iCore.Common.Entities.dll" adapterTypeName="Microsoft.VisualStudio.TestTools.TestTypes.Unit.UnitTestAdapter" className="UnitTests.iCore.Common.Entities.Services.SystemProtectionServiceImplTests" name="ActivateProtection_MasterKeyIsZeroLengthAndNotPreviouslyActivated_Throws" />
    </UnitTest>
    <UnitTest name="ActivateProtection_MasterKeyIsFiveCharactersAndNotPreviouslyActivated_Throws" storage="f:\etwork\bin\tests\unittests.icore.common.entities.dll" id="06ee0320-34fc-da5a-6e53-fe8af6440d9e">
      <Execution id="64aa8da4-875c-47c2-874c-b924b98215fb" />
      <TestMethod codeBase="F:\ETWork\bin\Tests\UnitTests.iCore.Common.Entities.dll" adapterTypeName="Microsoft.VisualStudio.TestTools.TestTypes.Unit.UnitTestAdapter" className="UnitTests.iCore.Common.Entities.Services.SystemProtectionServiceImplTests" name="ActivateProtection_MasterKeyIsFiveCharactersAndNotPreviouslyActivated_Throws" />
    </UnitTest>
    <UnitTest name="ActivateProtection_ProgressInfoObjectIsNull_Throws" storage="f:\etwork\bin\tests\unittests.icore.common.entities.dll" id="068401ff-6edb-d5fc-b9e2-9622520a3745">
      <Execution id="4ce63843-b5a9-498b-8c27-f249f027f7ee" />
      <TestMethod codeBase="F:\ETWork\bin\Tests\UnitTests.iCore.Common.Entities.dll" adapterTypeName="Microsoft.VisualStudio.TestTools.TestTypes.Unit.UnitTestAdapter" className="UnitTests.iCore.Common.Entities.Services.SystemProtectionServiceImplTests" name="ActivateProtection_ProgressInfoObjectIsNull_Throws" />
    </UnitTest>
    <UnitTest name="ActivateProtection_SystemContextIsNull_Throws" storage="f:\etwork\bin\tests\unittests.icore.common.entities.dll" id="4333ea3e-d52f-7c09-ea9f-d772dfdf2e67">
      <Execution id="92f4456e-a17e-451b-b7c8-13cb884c1b4d" />
      <TestMethod codeBase="F:\ETWork\bin\Tests\UnitTests.iCore.Common.Entities.dll" adapterTypeName="Microsoft.VisualStudio.TestTools.TestTypes.Unit.UnitTestAdapter" className="UnitTests.iCore.Common.Entities.Services.SystemProtectionServiceImplTests" name="ActivateProtection_SystemContextIsNull_Throws" />
    </UnitTest>
    <UnitTest name="ActivateProtection_ConfirmApplyActivationDelegateIsNull_Throws" storage="f:\etwork\bin\tests\unittests.icore.common.entities.dll" id="13d36543-ed59-984f-c8a7-85d1ddcc80ad">
      <Execution id="387f4077-81b8-4823-bc3b-7cf025d1864b" />
      <TestMethod codeBase="F:\ETWork\bin\Tests\UnitTests.iCore.Common.Entities.dll" adapterTypeName="Microsoft.VisualStudio.TestTools.TestTypes.Unit.UnitTestAdapter" className="UnitTests.iCore.Common.Entities.Services.SystemProtectionServiceImplTests" name="ActivateProtection_ConfirmApplyActivationDelegateIsNull_Throws" />
    </UnitTest>
    <UnitTest name="DeactivateProtection_MasterKeyIsNull_Throws" storage="f:\etwork\bin\tests\unittests.icore.common.entities.dll" id="474f2d08-dca8-41be-f893-04a44bd42c45">
      <Execution id="a952921d-04bf-4228-9572-3e50b69c9a19" />
      <TestMethod codeBase="F:\ETWork\bin\Tests\UnitTests.iCore.Common.Entities.dll" adapterTypeName="Microsoft.VisualStudio.TestTools.TestTypes.Unit.UnitTestAdapter" className="UnitTests.iCore.Common.Entities.Services.SystemProtectionServiceImplTests" name="DeactivateProtection_MasterKeyIsNull_Throws" />
    </UnitTest>
    <UnitTest name="DeactivateProtection_SystemContextIsNull_Throws" storage="f:\etwork\bin\tests\unittests.icore.common.entities.dll" id="86dfff1e-e7ac-77b8-d4cc-fa2915135dd9">
      <Execution id="cd700b5e-2056-4820-8d0f-bceb5d03afd9" />
      <TestMethod codeBase="F:\ETWork\bin\Tests\UnitTests.iCore.Common.Entities.dll" adapterTypeName="Microsoft.VisualStudio.TestTools.TestTypes.Unit.UnitTestAdapter" className="UnitTests.iCore.Common.Entities.Services.SystemProtectionServiceImplTests" name="DeactivateProtection_SystemContextIsNull_Throws" />
    </UnitTest>
    <UnitTest name="DeactivateProtection_ProgressInfoIsNull_Throws" storage="f:\etwork\bin\tests\unittests.icore.common.entities.dll" id="7c507efc-4463-f94a-ccb3-8a5e2ce7223f">
      <Execution id="56e6c657-34e7-461d-bf5d-aa72e1673267" />
      <TestMethod codeBase="F:\ETWork\bin\Tests\UnitTests.iCore.Common.Entities.dll" adapterTypeName="Microsoft.VisualStudio.TestTools.TestTypes.Unit.UnitTestAdapter" className="UnitTests.iCore.Common.Entities.Services.SystemProtectionServiceImplTests" name="DeactivateProtection_ProgressInfoIsNull_Throws" />
    </UnitTest>
    <UnitTest name="DeactivateProtection_SystemProtectionIsNotActive_Throws" storage="f:\etwork\bin\tests\unittests.icore.common.entities.dll" id="230240b2-6d76-3b10-d50e-757fe2aaed27">
      <Execution id="e08d0eb7-1aa5-4c27-9248-242d7994223a" />
      <TestMethod codeBase="F:\ETWork\bin\Tests\UnitTests.iCore.Common.Entities.dll" adapterTypeName="Microsoft.VisualStudio.TestTools.TestTypes.Unit.UnitTestAdapter" className="UnitTests.iCore.Common.Entities.Services.SystemProtectionServiceImplTests" name="DeactivateProtection_SystemProtectionIsNotActive_Throws" />
    </UnitTest>
    <UnitTest name="RegenerateEncryptionKey_MasterKeyIsNull_Throws" storage="f:\etwork\bin\tests\unittests.icore.common.entities.dll" id="183abed1-a3da-dfd5-220a-95af9d416df4">
      <Execution id="67cdbcd7-f88a-4896-bf22-9c1bf283ddef" />
      <TestMethod codeBase="F:\ETWork\bin\Tests\UnitTests.iCore.Common.Entities.dll" adapterTypeName="Microsoft.VisualStudio.TestTools.TestTypes.Unit.UnitTestAdapter" className="UnitTests.iCore.Common.Entities.Services.SystemProtectionServiceImplTests" name="RegenerateEncryptionKey_MasterKeyIsNull_Throws" />
    </UnitTest>
    <UnitTest name="RegenerateEncryptionKey_SystemContextIsNull_Throws" storage="f:\etwork\bin\tests\unittests.icore.common.entities.dll" id="df2691bf-6713-9460-9479-3ff6f11ee8ac">
      <Execution id="1841d0fb-7ce3-44e3-84fc-fb684dcbeb65" />
      <TestMethod codeBase="F:\ETWork\bin\Tests\UnitTests.iCore.Common.Entities.dll" adapterTypeName="Microsoft.VisualStudio.TestTools.TestTypes.Unit.UnitTestAdapter" className="UnitTests.iCore.Common.Entities.Services.SystemProtectionServiceImplTests" name="RegenerateEncryptionKey_SystemContextIsNull_Throws" />
    </UnitTest>
    <UnitTest name="RegenerateEncryptionKey_ProgressInfoIsNull_Throws" storage="f:\etwork\bin\tests\unittests.icore.common.entities.dll" id="443499ee-cd6b-033d-d126-7662a3c57d59">
      <Execution id="ec47a2e1-9f8f-41bf-8f1c-58284c0044ad" />
      <TestMethod codeBase="F:\ETWork\bin\Tests\UnitTests.iCore.Common.Entities.dll" adapterTypeName="Microsoft.VisualStudio.TestTools.TestTypes.Unit.UnitTestAdapter" className="UnitTests.iCore.Common.Entities.Services.SystemProtectionServiceImplTests" name="RegenerateEncryptionKey_ProgressInfoIsNull_Throws" />
    </UnitTest>
    <UnitTest name="RegenerateEncryptionKey_SystemProtectionIsNotActive_Throws" storage="f:\etwork\bin\tests\unittests.icore.common.entities.dll" id="4f21f36b-7c5a-223c-1096-92992e8a6645">
      <Execution id="29aba5cd-6f3a-49f9-a5f6-8c0a66d80756" />
      <TestMethod codeBase="F:\ETWork\bin\Tests\UnitTests.iCore.Common.Entities.dll" adapterTypeName="Microsoft.VisualStudio.TestTools.TestTypes.Unit.UnitTestAdapter" className="UnitTests.iCore.Common.Entities.Services.SystemProtectionServiceImplTests" name="RegenerateEncryptionKey_SystemProtectionIsNotActive_Throws" />
    </UnitTest>
    <UnitTest name="ChangeMasterKey_NewKeyIsNull_Throws" storage="f:\etwork\bin\tests\unittests.icore.common.entities.dll" id="8e4795d7-00d5-f7f1-bc17-5ba53848a6e2">
      <Execution id="1b901b41-2345-4870-bec1-08546b22f93d" />
      <TestMethod codeBase="F:\ETWork\bin\Tests\UnitTests.iCore.Common.Entities.dll" adapterTypeName="Microsoft.VisualStudio.TestTools.TestTypes.Unit.UnitTestAdapter" className="UnitTests.iCore.Common.Entities.Services.SystemProtectionServiceImplTests" name="ChangeMasterKey_NewKeyIsNull_Throws" />
    </UnitTest>
    <UnitTest name="ChangeMasterKey_OldKeyIsNull_Throws" storage="f:\etwork\bin\tests\unittests.icore.common.entities.dll" id="970daa37-42e6-3593-75a6-6ba075307b54">
      <Execution id="e61f2d75-c559-439d-9fd1-1b139cffb224" />
      <TestMethod codeBase="F:\ETWork\bin\Tests\UnitTests.iCore.Common.Entities.dll" adapterTypeName="Microsoft.VisualStudio.TestTools.TestTypes.Unit.UnitTestAdapter" className="UnitTests.iCore.Common.Entities.Services.SystemProtectionServiceImplTests" name="ChangeMasterKey_OldKeyIsNull_Throws" />
    </UnitTest>
    <UnitTest name="ChangeMasterKey_SystemContextIsNull_Throws" storage="f:\etwork\bin\tests\unittests.icore.common.entities.dll" id="2a381f07-6c75-7366-bd4f-930363c4e077">
      <Execution id="8ea4a47b-daa7-4d22-a206-abad74f89cd0" />
      <TestMethod codeBase="F:\ETWork\bin\Tests\UnitTests.iCore.Common.Entities.dll" adapterTypeName="Microsoft.VisualStudio.TestTools.TestTypes.Unit.UnitTestAdapter" className="UnitTests.iCore.Common.Entities.Services.SystemProtectionServiceImplTests" name="ChangeMasterKey_SystemContextIsNull_Throws" />
    </UnitTest>
    <UnitTest name="ChangeMasterKey_NewKeyIsTooShort_Throws" storage="f:\etwork\bin\tests\unittests.icore.common.entities.dll" id="e2aaa69d-397e-f846-a50b-09832167723f">
      <Execution id="664a9080-693c-4bb0-a8e0-9086772304e9" />
      <TestMethod codeBase="F:\ETWork\bin\Tests\UnitTests.iCore.Common.Entities.dll" adapterTypeName="Microsoft.VisualStudio.TestTools.TestTypes.Unit.UnitTestAdapter" className="UnitTests.iCore.Common.Entities.Services.SystemProtectionServiceImplTests" name="ChangeMasterKey_NewKeyIsTooShort_Throws" />
    </UnitTest>
    <UnitTest name="ChangeMasterKey_NewKeySameAsCurrentKey_Throws" storage="f:\etwork\bin\tests\unittests.icore.common.entities.dll" id="3ee748b7-c6b4-dd36-384c-b609387f2076">
      <Execution id="93acd458-d8df-42ce-b548-17f5b98a417a" />
      <TestMethod codeBase="F:\ETWork\bin\Tests\UnitTests.iCore.Common.Entities.dll" adapterTypeName="Microsoft.VisualStudio.TestTools.TestTypes.Unit.UnitTestAdapter" className="UnitTests.iCore.Common.Entities.Services.SystemProtectionServiceImplTests" name="ChangeMasterKey_NewKeySameAsCurrentKey_Throws" />
    </UnitTest>
    <UnitTest name="SystemHasBeenActivatedBefore_ContextHasMasterKeyHashAndKey_ReturnsTrue" storage="f:\etwork\bin\tests\unittests.icore.common.entities.dll" id="eac77359-44ad-4586-5d12-b7a854590592">
      <Execution id="4f754f5c-41ec-4580-bd9f-d1f0ee0de04a" />
      <TestMethod codeBase="F:\ETWork\bin\Tests\UnitTests.iCore.Common.Entities.dll" adapterTypeName="Microsoft.VisualStudio.TestTools.TestTypes.Unit.UnitTestAdapter" className="UnitTests.iCore.Common.Entities.Services.SystemProtectionServiceImplTests" name="SystemHasBeenActivatedBefore_ContextHasMasterKeyHashAndKey_ReturnsTrue" />
    </UnitTest>
    <UnitTest name="SystemHasBeenActivatedBefore_ContextHasMasterKeyHashButNoKey_ReturnsFalse" storage="f:\etwork\bin\tests\unittests.icore.common.entities.dll" id="c654ed5c-82c3-9d60-6875-d2bab61d8e38">
      <Execution id="a205350a-74d0-4111-8ae5-200bbd58b244" />
      <TestMethod codeBase="F:\ETWork\bin\Tests\UnitTests.iCore.Common.Entities.dll" adapterTypeName="Microsoft.VisualStudio.TestTools.TestTypes.Unit.UnitTestAdapter" className="UnitTests.iCore.Common.Entities.Services.SystemProtectionServiceImplTests" name="SystemHasBeenActivatedBefore_ContextHasMasterKeyHashButNoKey_ReturnsFalse" />
    </UnitTest>
    <UnitTest name="SystemHasBeenActivatedBefore_ContextHasNoMasterKeyHashButKey_ReturnsFalse" storage="f:\etwork\bin\tests\unittests.icore.common.entities.dll" id="be41ff77-11a6-4eea-ce98-b0f95a2713b3">
      <Execution id="2103b1a5-0ea8-4c10-aa7c-64850bbc9ca3" />
      <TestMethod codeBase="F:\ETWork\bin\Tests\UnitTests.iCore.Common.Entities.dll" adapterTypeName="Microsoft.VisualStudio.TestTools.TestTypes.Unit.UnitTestAdapter" className="UnitTests.iCore.Common.Entities.Services.SystemProtectionServiceImplTests" name="SystemHasBeenActivatedBefore_ContextHasNoMasterKeyHashButKey_ReturnsFalse" />
    </UnitTest>
    <UnitTest name="SystemHasBeenActivatedBefore_NullArgument_Throws" storage="f:\etwork\bin\tests\unittests.icore.common.entities.dll" id="3b226044-d2db-faa0-2c4b-2fa81593e6ed">
      <Execution id="8b991916-de1c-4d6c-9afc-a615801ed2c2" />
      <TestMethod codeBase="F:\ETWork\bin\Tests\UnitTests.iCore.Common.Entities.dll" adapterTypeName="Microsoft.VisualStudio.TestTools.TestTypes.Unit.UnitTestAdapter" className="UnitTests.iCore.Common.Entities.Services.SystemProtectionServiceImplTests" name="SystemHasBeenActivatedBefore_NullArgument_Throws" />
    </UnitTest>
    <UnitTest name="CheckCurrentMachineValidForSystemStart_SystemContextIsNull_Throws" storage="f:\etwork\bin\tests\unittests.icore.common.entities.dll" id="5e106981-7cc1-ec42-7c72-75f49342a7ba">
      <Execution id="946358cf-68c4-479f-8eeb-76401681d06b" />
      <TestMethod codeBase="F:\ETWork\bin\Tests\UnitTests.iCore.Common.Entities.dll" adapterTypeName="Microsoft.VisualStudio.TestTools.TestTypes.Unit.UnitTestAdapter" className="UnitTests.iCore.Common.Entities.Services.SystemProtectionServiceImplTests" name="CheckCurrentMachineValidForSystemStart_SystemContextIsNull_Throws" />
    </UnitTest>
    <UnitTest name="CheckCurrentMachineValidForSystemStart_DataProtectionOff_Succeeds" storage="f:\etwork\bin\tests\unittests.icore.common.entities.dll" id="10c665bc-8696-0b5f-76bd-fdc45d9f8a6f">
      <Execution id="bccacf2b-a2b9-4864-ba6c-dc503e511123" />
      <TestMethod codeBase="F:\ETWork\bin\Tests\UnitTests.iCore.Common.Entities.dll" adapterTypeName="Microsoft.VisualStudio.TestTools.TestTypes.Unit.UnitTestAdapter" className="UnitTests.iCore.Common.Entities.Services.SystemProtectionServiceImplTests" name="CheckCurrentMachineValidForSystemStart_DataProtectionOff_Succeeds" />
    </UnitTest>
    <UnitTest name="CheckCurrentMachineValidForSystemStart_CurrentMachineHasAttachMachineWithValidAttach_Succeeds" storage="f:\etwork\bin\tests\unittests.icore.common.entities.dll" id="2772306b-fcbc-b238-bca4-3e361ab6015c">
      <Execution id="fe46d427-24d2-442a-b85d-c5f73ff075b5" />
      <TestMethod codeBase="F:\ETWork\bin\Tests\UnitTests.iCore.Common.Entities.dll" adapterTypeName="Microsoft.VisualStudio.TestTools.TestTypes.Unit.UnitTestAdapter" className="UnitTests.iCore.Common.Entities.Services.SystemProtectionServiceImplTests" name="CheckCurrentMachineValidForSystemStart_CurrentMachineHasAttachMachineWithValidAttach_Succeeds" />
    </UnitTest>
    <UnitTest name="CheckCurrentMachineValidForSystemStart_CurrentMachineDoesNotHaveAttachedMachinesInstance_Throws" storage="f:\etwork\bin\tests\unittests.icore.common.entities.dll" id="fbe3c915-5d68-54c0-820b-95ce57824346">
      <Execution id="329c80cc-79bc-403f-8baa-cdc6001c86fa" />
      <TestMethod codeBase="F:\ETWork\bin\Tests\UnitTests.iCore.Common.Entities.dll" adapterTypeName="Microsoft.VisualStudio.TestTools.TestTypes.Unit.UnitTestAdapter" className="UnitTests.iCore.Common.Entities.Services.SystemProtectionServiceImplTests" name="CheckCurrentMachineValidForSystemStart_CurrentMachineDoesNotHaveAttachedMachinesInstance_Throws" />
    </UnitTest>
    <UnitTest name="CheckCurrentMachineValidForSystemStart_CurrentMachineHaveAttachedMachinesInstanceThatIsInvalid_Throws" storage="f:\etwork\bin\tests\unittests.icore.common.entities.dll" id="034ac6f2-d9bf-3d56-da60-7d7508f59d78">
      <Execution id="a61a0a25-5ba4-4c5b-b688-1e02b18a3b55" />
      <TestMethod codeBase="F:\ETWork\bin\Tests\UnitTests.iCore.Common.Entities.dll" adapterTypeName="Microsoft.VisualStudio.TestTools.TestTypes.Unit.UnitTestAdapter" className="UnitTests.iCore.Common.Entities.Services.SystemProtectionServiceImplTests" name="CheckCurrentMachineValidForSystemStart_CurrentMachineHaveAttachedMachinesInstanceThatIsInvalid_Throws" />
    </UnitTest>
    <UnitTest name="ETimer_SetValidMonthDaysByAssigningValidMonthDaysIntArray_DaysPropertiesHaveCorrectValues" storage="f:\etwork\bin\tests\unittests.icore.common.entities.dll" id="fffc44b5-4d2c-7e29-942c-e636aae1fce5">
      <Execution id="04b05bcb-3f26-44f1-a41f-899edb9d3c15" />
      <TestMethod codeBase="F:\ETWork\bin\Tests\UnitTests.iCore.Common.Entities.dll" adapterTypeName="Microsoft.VisualStudio.TestTools.TestTypes.Unit.UnitTestAdapter" className="UnitTests.iCore.Common.Entities.Entities.ETimerTests" name="ETimer_SetValidMonthDaysByAssigningValidMonthDaysIntArray_DaysPropertiesHaveCorrectValues" />
    </UnitTest>
    <UnitTest name="ETimer_SetValidMonthDaysByAssigningInvalidDaysInIntArray_InvalidDaysAreIgnored" storage="f:\etwork\bin\tests\unittests.icore.common.entities.dll" id="b2aec36b-c090-bc01-fb63-73a3a37e2be3">
      <Execution id="ed94f339-6b62-4e8d-8daf-921c11aa3bd7" />
      <TestMethod codeBase="F:\ETWork\bin\Tests\UnitTests.iCore.Common.Entities.dll" adapterTypeName="Microsoft.VisualStudio.TestTools.TestTypes.Unit.UnitTestAdapter" className="UnitTests.iCore.Common.Entities.Entities.ETimerTests" name="ETimer_SetValidMonthDaysByAssigningInvalidDaysInIntArray_InvalidDaysAreIgnored" />
    </UnitTest>
    <UnitTest name="ETimer_SettingDayPropertiesByDayProperties_ValidMonthDaysArrayContainsCorrectValues" storage="f:\etwork\bin\tests\unittests.icore.common.entities.dll" id="75933df0-5d5e-9d5f-e4e1-e763e3e53303">
      <Execution id="5199ef89-7801-43af-8606-09a53c42ce11" />
      <TestMethod codeBase="F:\ETWork\bin\Tests\UnitTests.iCore.Common.Entities.dll" adapterTypeName="Microsoft.VisualStudio.TestTools.TestTypes.Unit.UnitTestAdapter" className="UnitTests.iCore.Common.Entities.Entities.ETimerTests" name="ETimer_SettingDayPropertiesByDayProperties_ValidMonthDaysArrayContainsCorrectValues" />
    </UnitTest>
    <UnitTest name="StripQualifiers_FromString_EqualsFromType" storage="f:\etwork\bin\tests\unittests.icore.common.entities.dll" id="77be4fcb-11a8-fe42-0144-07069ffeeca2">
      <Execution id="5af9792b-3259-4ec8-9e62-898916588347" />
      <TestMethod codeBase="F:\ETWork\bin\Tests\UnitTests.iCore.Common.Entities.dll" adapterTypeName="Microsoft.VisualStudio.TestTools.TestTypes.Unit.UnitTestAdapter" className="UnitTests.iCore.Common.Entities.Entities.ListPropertyTests" name="StripQualifiers_FromString_EqualsFromType" />
    </UnitTest>
    <UnitTest name="StripQualifiers_FromiCoreTypeString_IsCorrect" storage="f:\etwork\bin\tests\unittests.icore.common.entities.dll" id="5210818b-1a5d-54de-f93f-8fcad3cb1c73">
      <Execution id="18775657-87c7-45a8-b726-7464d7b557a2" />
      <TestMethod codeBase="F:\ETWork\bin\Tests\UnitTests.iCore.Common.Entities.dll" adapterTypeName="Microsoft.VisualStudio.TestTools.TestTypes.Unit.UnitTestAdapter" className="UnitTests.iCore.Common.Entities.Entities.ListPropertyTests" name="StripQualifiers_FromiCoreTypeString_IsCorrect" />
    </UnitTest>
    <UnitTest name="StripQualifiers_ArrayMarker_IsRetained" storage="f:\etwork\bin\tests\unittests.icore.common.entities.dll" id="89bae1d2-182a-aaaf-929b-2ea8e5bfd0cc">
      <Execution id="80fce241-f5ed-4a3e-a783-320e2ece5737" />
      <TestMethod codeBase="F:\ETWork\bin\Tests\UnitTests.iCore.Common.Entities.dll" adapterTypeName="Microsoft.VisualStudio.TestTools.TestTypes.Unit.UnitTestAdapter" className="UnitTests.iCore.Common.Entities.Entities.ListPropertyTests" name="StripQualifiers_ArrayMarker_IsRetained" />
    </UnitTest>
    <UnitTest name="StripQualifiers_ArrayMarkerWithRank_IsRetained" storage="f:\etwork\bin\tests\unittests.icore.common.entities.dll" id="1ffdeb0e-4936-c3a9-0eee-cfff8b92be67">
      <Execution id="ebdcfe02-3e96-427b-bf5a-62c19816551a" />
      <TestMethod codeBase="F:\ETWork\bin\Tests\UnitTests.iCore.Common.Entities.dll" adapterTypeName="Microsoft.VisualStudio.TestTools.TestTypes.Unit.UnitTestAdapter" className="UnitTests.iCore.Common.Entities.Entities.ListPropertyTests" name="StripQualifiers_ArrayMarkerWithRank_IsRetained" />
    </UnitTest>
    <UnitTest name="MakeUniqueName_NameLookupArgIsNull_ThrowsException" storage="f:\etwork\bin\tests\unittests.icore.common.entities.dll" id="900a8ff8-8def-d956-05c4-336aae576acc">
      <Execution id="e68464f7-5f16-437e-8e1d-2d5beb2394b3" />
      <TestMethod codeBase="F:\ETWork\bin\Tests\UnitTests.iCore.Common.Entities.dll" adapterTypeName="Microsoft.VisualStudio.TestTools.TestTypes.Unit.UnitTestAdapter" className="UnitTests.iCore.Common.Entities.Entities.EntityDescriptorTests" name="MakeUniqueName_NameLookupArgIsNull_ThrowsException" />
    </UnitTest>
    <UnitTest name="MakeUniqueName_UniqueNotFound_ThrowsException" storage="f:\etwork\bin\tests\unittests.icore.common.entities.dll" id="f9eb6a29-41fe-13cc-14fb-a0923fe373e1">
      <Execution id="39196412-1fc5-4db9-bdab-c9c639b6cf2c" />
      <TestMethod codeBase="F:\ETWork\bin\Tests\UnitTests.iCore.Common.Entities.dll" adapterTypeName="Microsoft.VisualStudio.TestTools.TestTypes.Unit.UnitTestAdapter" className="UnitTests.iCore.Common.Entities.Entities.EntityDescriptorTests" name="MakeUniqueName_UniqueNotFound_ThrowsException" />
    </UnitTest>
    <UnitTest name="MakeUniqueName_UniqueFound_ReturnsCorrectName" storage="f:\etwork\bin\tests\unittests.icore.common.entities.dll" id="05878783-8102-d660-7a04-ced8acea693e">
      <Execution id="2019515a-7f97-442f-a080-8155c7ec611b" />
      <TestMethod codeBase="F:\ETWork\bin\Tests\UnitTests.iCore.Common.Entities.dll" adapterTypeName="Microsoft.VisualStudio.TestTools.TestTypes.Unit.UnitTestAdapter" className="UnitTests.iCore.Common.Entities.Entities.EntityDescriptorTests" name="MakeUniqueName_UniqueFound_ReturnsCorrectName" />
    </UnitTest>
    <UnitTest name="Serialization_Null_DeserializesToSameValue" storage="f:\etwork\bin\tests\unittests.icore.common.entities.dll" id="44979d4b-2471-d254-0f8d-caa1ec267fd0">
      <Execution id="46107bd7-6b4a-4775-8013-63dc5aa42fb1" />
      <TestMethod codeBase="F:\ETWork\bin\Tests\UnitTests.iCore.Common.Entities.dll" adapterTypeName="Microsoft.VisualStudio.TestTools.TestTypes.Unit.UnitTestAdapter" className="UnitTests.iCore.Common.Entities.Entities.BinaryArgumentSerializerTests" name="Serialization_Null_DeserializesToSameValue" />
    </UnitTest>
    <UnitTest name="Serialization_BooleanFalse_DeserializesToSameValue" storage="f:\etwork\bin\tests\unittests.icore.common.entities.dll" id="6a63b90b-a040-921c-ba97-b525e5818e24">
      <Execution id="e484a175-8c3c-4e0b-ab75-48ec236f2b6b" />
      <TestMethod codeBase="F:\ETWork\bin\Tests\UnitTests.iCore.Common.Entities.dll" adapterTypeName="Microsoft.VisualStudio.TestTools.TestTypes.Unit.UnitTestAdapter" className="UnitTests.iCore.Common.Entities.Entities.BinaryArgumentSerializerTests" name="Serialization_BooleanFalse_DeserializesToSameValue" />
    </UnitTest>
    <UnitTest name="Serialization_BooleanTrue_DeserializesToSameValue" storage="f:\etwork\bin\tests\unittests.icore.common.entities.dll" id="cfc147d9-f709-df56-b268-3abd431102bf">
      <Execution id="cbae7994-a087-4173-bb1d-98694620efba" />
      <TestMethod codeBase="F:\ETWork\bin\Tests\UnitTests.iCore.Common.Entities.dll" adapterTypeName="Microsoft.VisualStudio.TestTools.TestTypes.Unit.UnitTestAdapter" className="UnitTests.iCore.Common.Entities.Entities.BinaryArgumentSerializerTests" name="Serialization_BooleanTrue_DeserializesToSameValue" />
    </UnitTest>
    <UnitTest name="Serialization_Byte_DeserializesToSameValue" storage="f:\etwork\bin\tests\unittests.icore.common.entities.dll" id="db049efc-3bbd-3766-4c91-5ec1787b9302">
      <Execution id="a3abaf19-d2c6-46d2-ae07-b0ad8944f34f" />
      <TestMethod codeBase="F:\ETWork\bin\Tests\UnitTests.iCore.Common.Entities.dll" adapterTypeName="Microsoft.VisualStudio.TestTools.TestTypes.Unit.UnitTestAdapter" className="UnitTests.iCore.Common.Entities.Entities.BinaryArgumentSerializerTests" name="Serialization_Byte_DeserializesToSameValue" />
    </UnitTest>
    <UnitTest name="Serialization_Char_DeserializesToSameValue" storage="f:\etwork\bin\tests\unittests.icore.common.entities.dll" id="6626ada4-7ef1-421d-d4f9-9769f778f0dd">
      <Execution id="30d95146-a70d-444a-ba7e-f0ca605d5e80" />
      <TestMethod codeBase="F:\ETWork\bin\Tests\UnitTests.iCore.Common.Entities.dll" adapterTypeName="Microsoft.VisualStudio.TestTools.TestTypes.Unit.UnitTestAdapter" className="UnitTests.iCore.Common.Entities.Entities.BinaryArgumentSerializerTests" name="Serialization_Char_DeserializesToSameValue" />
    </UnitTest>
    <UnitTest name="Serialization_DateTime_DeserializesToSameValue" storage="f:\etwork\bin\tests\unittests.icore.common.entities.dll" id="f50f1677-7614-297e-4c1f-373941bfc756">
      <Execution id="57ec66da-4422-4ba0-8acb-70f3b391f118" />
      <TestMethod codeBase="F:\ETWork\bin\Tests\UnitTests.iCore.Common.Entities.dll" adapterTypeName="Microsoft.VisualStudio.TestTools.TestTypes.Unit.UnitTestAdapter" className="UnitTests.iCore.Common.Entities.Entities.BinaryArgumentSerializerTests" name="Serialization_DateTime_DeserializesToSameValue" />
    </UnitTest>
    <UnitTest name="Serialization_DBNull_DeserializesToSameValue" storage="f:\etwork\bin\tests\unittests.icore.common.entities.dll" id="8fc907a2-2cab-e6ee-5901-a56610c09687">
      <Execution id="0fcddf54-a41f-4d15-ab00-25785f544fb5" />
      <TestMethod codeBase="F:\ETWork\bin\Tests\UnitTests.iCore.Common.Entities.dll" adapterTypeName="Microsoft.VisualStudio.TestTools.TestTypes.Unit.UnitTestAdapter" className="UnitTests.iCore.Common.Entities.Entities.BinaryArgumentSerializerTests" name="Serialization_DBNull_DeserializesToSameValue" />
    </UnitTest>
    <UnitTest name="Serialization_Decimal_DeserializesToSameValue" storage="f:\etwork\bin\tests\unittests.icore.common.entities.dll" id="5157bf1b-e6f7-c470-5fc5-bab3ce6975d8">
      <Execution id="c45a7840-260a-493b-9705-61da96a4f220" />
      <TestMethod codeBase="F:\ETWork\bin\Tests\UnitTests.iCore.Common.Entities.dll" adapterTypeName="Microsoft.VisualStudio.TestTools.TestTypes.Unit.UnitTestAdapter" className="UnitTests.iCore.Common.Entities.Entities.BinaryArgumentSerializerTests" name="Serialization_Decimal_DeserializesToSameValue" />
    </UnitTest>
    <UnitTest name="Serialization_Double_DeserializesToSameValue" storage="f:\etwork\bin\tests\unittests.icore.common.entities.dll" id="3ca9f372-0d8e-8f28-d9d8-a3fe5b5299b5">
      <Execution id="e48431f8-9dff-415f-9f9e-b8f05d7ebc5f" />
      <TestMethod codeBase="F:\ETWork\bin\Tests\UnitTests.iCore.Common.Entities.dll" adapterTypeName="Microsoft.VisualStudio.TestTools.TestTypes.Unit.UnitTestAdapter" className="UnitTests.iCore.Common.Entities.Entities.BinaryArgumentSerializerTests" name="Serialization_Double_DeserializesToSameValue" />
    </UnitTest>
    <UnitTest name="Serialization_Int16_DeserializesToSameValue" storage="f:\etwork\bin\tests\unittests.icore.common.entities.dll" id="bd8e4503-39aa-59d7-6656-d5c5711532d5">
      <Execution id="4869d2b0-a259-41ea-9d5f-131c20b19701" />
      <TestMethod codeBase="F:\ETWork\bin\Tests\UnitTests.iCore.Common.Entities.dll" adapterTypeName="Microsoft.VisualStudio.TestTools.TestTypes.Unit.UnitTestAdapter" className="UnitTests.iCore.Common.Entities.Entities.BinaryArgumentSerializerTests" name="Serialization_Int16_DeserializesToSameValue" />
    </UnitTest>
    <UnitTest name="Serialization_UInt16_DeserializesToSameValue" storage="f:\etwork\bin\tests\unittests.icore.common.entities.dll" id="1304f17a-b65f-8908-f740-5299950051bb">
      <Execution id="5eff6ba1-bff9-4ea8-883f-083f9c9fc7bd" />
      <TestMethod codeBase="F:\ETWork\bin\Tests\UnitTests.iCore.Common.Entities.dll" adapterTypeName="Microsoft.VisualStudio.TestTools.TestTypes.Unit.UnitTestAdapter" className="UnitTests.iCore.Common.Entities.Entities.BinaryArgumentSerializerTests" name="Serialization_UInt16_DeserializesToSameValue" />
    </UnitTest>
    <UnitTest name="Serialization_Int32_DeserializesToSameValue" storage="f:\etwork\bin\tests\unittests.icore.common.entities.dll" id="4f78627f-20ff-4f62-5f9d-870b755f79b0">
      <Execution id="0f506be8-17b0-4138-921e-4c2b483512a0" />
      <TestMethod codeBase="F:\ETWork\bin\Tests\UnitTests.iCore.Common.Entities.dll" adapterTypeName="Microsoft.VisualStudio.TestTools.TestTypes.Unit.UnitTestAdapter" className="UnitTests.iCore.Common.Entities.Entities.BinaryArgumentSerializerTests" name="Serialization_Int32_DeserializesToSameValue" />
    </UnitTest>
    <UnitTest name="Serialization_UInt32_DeserializesToSameValue" storage="f:\etwork\bin\tests\unittests.icore.common.entities.dll" id="00c5eac8-fd4e-50bb-8768-892170197d75">
      <Execution id="f57f5eae-23ea-4ed5-ba0a-8aed8dfa1844" />
      <TestMethod codeBase="F:\ETWork\bin\Tests\UnitTests.iCore.Common.Entities.dll" adapterTypeName="Microsoft.VisualStudio.TestTools.TestTypes.Unit.UnitTestAdapter" className="UnitTests.iCore.Common.Entities.Entities.BinaryArgumentSerializerTests" name="Serialization_UInt32_DeserializesToSameValue" />
    </UnitTest>
    <UnitTest name="Serialization_Int64_DeserializesToSameValue" storage="f:\etwork\bin\tests\unittests.icore.common.entities.dll" id="7b735525-31e7-4b26-70c3-a1a7cfc7cbf8">
      <Execution id="746bb1f7-725a-412d-a28e-c46a8798bccb" />
      <TestMethod codeBase="F:\ETWork\bin\Tests\UnitTests.iCore.Common.Entities.dll" adapterTypeName="Microsoft.VisualStudio.TestTools.TestTypes.Unit.UnitTestAdapter" className="UnitTests.iCore.Common.Entities.Entities.BinaryArgumentSerializerTests" name="Serialization_Int64_DeserializesToSameValue" />
    </UnitTest>
    <UnitTest name="Serialization_UInt64_DeserializesToSameValue" storage="f:\etwork\bin\tests\unittests.icore.common.entities.dll" id="2d4a9533-ede5-5bc4-f531-5a56127c13bc">
      <Execution id="5a82c57b-dc30-4a06-9028-5c5dc76ac069" />
      <TestMethod codeBase="F:\ETWork\bin\Tests\UnitTests.iCore.Common.Entities.dll" adapterTypeName="Microsoft.VisualStudio.TestTools.TestTypes.Unit.UnitTestAdapter" className="UnitTests.iCore.Common.Entities.Entities.BinaryArgumentSerializerTests" name="Serialization_UInt64_DeserializesToSameValue" />
    </UnitTest>
    <UnitTest name="Serialization_SByte_DeserializesToSameValue" storage="f:\etwork\bin\tests\unittests.icore.common.entities.dll" id="f4a195b6-251d-dd6b-2c13-0f1084a9de64">
      <Execution id="0485da43-f84c-48de-8526-46320ec36d69" />
      <TestMethod codeBase="F:\ETWork\bin\Tests\UnitTests.iCore.Common.Entities.dll" adapterTypeName="Microsoft.VisualStudio.TestTools.TestTypes.Unit.UnitTestAdapter" className="UnitTests.iCore.Common.Entities.Entities.BinaryArgumentSerializerTests" name="Serialization_SByte_DeserializesToSameValue" />
    </UnitTest>
    <UnitTest name="Serialization_Single_DeserializesToSameValue" storage="f:\etwork\bin\tests\unittests.icore.common.entities.dll" id="0a4e9a9d-ae7a-abff-fdf0-c10a254d347d">
      <Execution id="8259dd29-480c-44ca-9ad3-d0aac8e080ad" />
      <TestMethod codeBase="F:\ETWork\bin\Tests\UnitTests.iCore.Common.Entities.dll" adapterTypeName="Microsoft.VisualStudio.TestTools.TestTypes.Unit.UnitTestAdapter" className="UnitTests.iCore.Common.Entities.Entities.BinaryArgumentSerializerTests" name="Serialization_Single_DeserializesToSameValue" />
    </UnitTest>
    <UnitTest name="Serialization_String_DeserializesToSameValue" storage="f:\etwork\bin\tests\unittests.icore.common.entities.dll" id="1e0532f1-b147-845c-3f9b-9726620190fe">
      <Execution id="3dd6a628-7bd5-47fa-8b67-58413bc3eb34" />
      <TestMethod codeBase="F:\ETWork\bin\Tests\UnitTests.iCore.Common.Entities.dll" adapterTypeName="Microsoft.VisualStudio.TestTools.TestTypes.Unit.UnitTestAdapter" className="UnitTests.iCore.Common.Entities.Entities.BinaryArgumentSerializerTests" name="Serialization_String_DeserializesToSameValue" />
    </UnitTest>
    <UnitTest name="Serialization_TimeSpan_DeserializesToSameValue" storage="f:\etwork\bin\tests\unittests.icore.common.entities.dll" id="ace16d98-ec4f-d4bf-0d01-7a1d8fce5ba9">
      <Execution id="a2a59a44-80b3-4c32-a6a5-cab296e3a93f" />
      <TestMethod codeBase="F:\ETWork\bin\Tests\UnitTests.iCore.Common.Entities.dll" adapterTypeName="Microsoft.VisualStudio.TestTools.TestTypes.Unit.UnitTestAdapter" className="UnitTests.iCore.Common.Entities.Entities.BinaryArgumentSerializerTests" name="Serialization_TimeSpan_DeserializesToSameValue" />
    </UnitTest>
    <UnitTest name="Serialization_ComplexSerializableType_DeserializesToSameValue" storage="f:\etwork\bin\tests\unittests.icore.common.entities.dll" id="da9fa0d5-7340-c61d-0e4d-586551e60097">
      <Execution id="62da41d2-2e22-4d83-9b1d-34ef9defa351" />
      <TestMethod codeBase="F:\ETWork\bin\Tests\UnitTests.iCore.Common.Entities.dll" adapterTypeName="Microsoft.VisualStudio.TestTools.TestTypes.Unit.UnitTestAdapter" className="UnitTests.iCore.Common.Entities.Entities.BinaryArgumentSerializerTests" name="Serialization_ComplexSerializableType_DeserializesToSameValue" />
    </UnitTest>
    <UnitTest name="Serialization_ComplexISerializableType_DeserializesToSameValue" storage="f:\etwork\bin\tests\unittests.icore.common.entities.dll" id="4e78dfe5-a46f-c013-2165-2d3238ae5d4a">
      <Execution id="276226db-4280-4e20-a727-92aedf7bfabf" />
      <TestMethod codeBase="F:\ETWork\bin\Tests\UnitTests.iCore.Common.Entities.dll" adapterTypeName="Microsoft.VisualStudio.TestTools.TestTypes.Unit.UnitTestAdapter" className="UnitTests.iCore.Common.Entities.Entities.BinaryArgumentSerializerTests" name="Serialization_ComplexISerializableType_DeserializesToSameValue" />
    </UnitTest>
    <UnitTest name="Serialization_ComplexISerializableType_DeserializationConstructorCalled" storage="f:\etwork\bin\tests\unittests.icore.common.entities.dll" id="71ee697d-89f9-be7c-c670-b238212d19b7">
      <Execution id="68d01fb2-7872-43c0-add6-9ba55db6e7e6" />
      <TestMethod codeBase="F:\ETWork\bin\Tests\UnitTests.iCore.Common.Entities.dll" adapterTypeName="Microsoft.VisualStudio.TestTools.TestTypes.Unit.UnitTestAdapter" className="UnitTests.iCore.Common.Entities.Entities.BinaryArgumentSerializerTests" name="Serialization_ComplexISerializableType_DeserializationConstructorCalled" />
    </UnitTest>
    <UnitTest name="Serialization_NonSerializableType_ThrowsException" storage="f:\etwork\bin\tests\unittests.icore.common.entities.dll" id="d62d5d57-cfeb-4f05-6460-e3d4576ed9dc">
      <Execution id="73f3aea1-04f9-4531-98cc-7083c42da848" />
      <TestMethod codeBase="F:\ETWork\bin\Tests\UnitTests.iCore.Common.Entities.dll" adapterTypeName="Microsoft.VisualStudio.TestTools.TestTypes.Unit.UnitTestAdapter" className="UnitTests.iCore.Common.Entities.Entities.BinaryArgumentSerializerTests" name="Serialization_NonSerializableType_ThrowsException" />
    </UnitTest>
    <UnitTest name="Validate_AddNoAuthAttribute_ReturnsNull" storage="f:\etwork\bin\tests\unittests.icore.common.entities.dll" id="808fbbd0-3248-e256-15e6-e36a694b99bb">
      <Execution id="25be4228-fec1-40a8-9b96-c82edd10fcd1" />
      <TestMethod codeBase="F:\ETWork\bin\Tests\UnitTests.iCore.Common.Entities.dll" adapterTypeName="Microsoft.VisualStudio.TestTools.TestTypes.Unit.UnitTestAdapter" className="UnitTests.iCore.Common.Entities.Entities.Validation.PropertyRestrictionValidatorTests" name="Validate_AddNoAuthAttribute_ReturnsNull" />
    </UnitTest>
    <UnitTest name="Validate_DeleteNoAuthAttribute_ReturnNull" storage="f:\etwork\bin\tests\unittests.icore.common.entities.dll" id="97717211-87cd-83f4-b392-3d3371f42fe5">
      <Execution id="b023e8e1-8109-4cd1-bef8-4567d4374c5f" />
      <TestMethod codeBase="F:\ETWork\bin\Tests\UnitTests.iCore.Common.Entities.dll" adapterTypeName="Microsoft.VisualStudio.TestTools.TestTypes.Unit.UnitTestAdapter" className="UnitTests.iCore.Common.Entities.Entities.Validation.PropertyRestrictionValidatorTests" name="Validate_DeleteNoAuthAttribute_ReturnNull" />
    </UnitTest>
    <UnitTest name="Validate_UpdateNoAuthAttribute_Throws" storage="f:\etwork\bin\tests\unittests.icore.common.entities.dll" id="91efd5b1-95ce-ae0c-604d-099b9ebcdba3">
      <Execution id="3dcfb2f7-e2f5-4cbb-9a86-ef7bed48efac" />
      <TestMethod codeBase="F:\ETWork\bin\Tests\UnitTests.iCore.Common.Entities.dll" adapterTypeName="Microsoft.VisualStudio.TestTools.TestTypes.Unit.UnitTestAdapter" className="UnitTests.iCore.Common.Entities.Entities.Validation.PropertyRestrictionValidatorTests" name="Validate_UpdateNoAuthAttribute_Throws" />
    </UnitTest>
    <UnitTest name="Validate_UpdateReadOnlyProperty_ReturnsNull" storage="f:\etwork\bin\tests\unittests.icore.common.entities.dll" id="653c1d44-527e-61cf-dd8b-e42c3e42452b">
      <Execution id="c7a38f25-0725-455f-8031-9cd8df6d702d" />
      <TestMethod codeBase="F:\ETWork\bin\Tests\UnitTests.iCore.Common.Entities.dll" adapterTypeName="Microsoft.VisualStudio.TestTools.TestTypes.Unit.UnitTestAdapter" className="UnitTests.iCore.Common.Entities.Entities.Validation.PropertyRestrictionValidatorTests" name="Validate_UpdateReadOnlyProperty_ReturnsNull" />
    </UnitTest>
    <UnitTest name="CanExcuteDelete_NoEntries_ReturnsTrue" storage="f:\etwork\bin\tests\unittests.icore.common.entities.dll" id="7c9cf2c5-73bf-652d-dfc8-2ae2f245b7a5">
      <Execution id="dfacdba1-00e2-4856-8336-0606e8cf877c" />
      <TestMethod codeBase="F:\ETWork\bin\Tests\UnitTests.iCore.Common.Entities.dll" adapterTypeName="Microsoft.VisualStudio.TestTools.TestTypes.Unit.UnitTestAdapter" className="UnitTests.iCore.Common.Entities.Entities.Commands.AttachedMachineCommandsTests" name="CanExcuteDelete_NoEntries_ReturnsTrue" />
    </UnitTest>
    <UnitTest name="CanExcuteDelete_OneEntryThatIsNotCurrentMachine_ReturnsTrue" storage="f:\etwork\bin\tests\unittests.icore.common.entities.dll" id="aae69a07-714b-e9be-14fc-c3773738ea2b">
      <Execution id="286cbffb-e04d-40ca-bedc-f6db56bda8f9" />
      <TestMethod codeBase="F:\ETWork\bin\Tests\UnitTests.iCore.Common.Entities.dll" adapterTypeName="Microsoft.VisualStudio.TestTools.TestTypes.Unit.UnitTestAdapter" className="UnitTests.iCore.Common.Entities.Entities.Commands.AttachedMachineCommandsTests" name="CanExcuteDelete_OneEntryThatIsNotCurrentMachine_ReturnsTrue" />
    </UnitTest>
    <UnitTest name="CanExcuteDelete_OneEntryThatIsCurrentMachine_ReturnsFalse" storage="f:\etwork\bin\tests\unittests.icore.common.entities.dll" id="a82dfaff-6397-e6d1-b673-9c2350224071">
      <Execution id="d2c184c2-0ea1-4536-9e52-953432f882d1" />
      <TestMethod codeBase="F:\ETWork\bin\Tests\UnitTests.iCore.Common.Entities.dll" adapterTypeName="Microsoft.VisualStudio.TestTools.TestTypes.Unit.UnitTestAdapter" className="UnitTests.iCore.Common.Entities.Entities.Commands.AttachedMachineCommandsTests" name="CanExcuteDelete_OneEntryThatIsCurrentMachine_ReturnsFalse" />
    </UnitTest>
    <UnitTest name="CanExcuteDelete_MutipleEntriesNoneIsCurrentMachine_ReturnsTrue" storage="f:\etwork\bin\tests\unittests.icore.common.entities.dll" id="70cc2361-77a2-8bf8-2ed4-be9b724ccfd5">
      <Execution id="c79056bd-bfea-470e-8f07-fe7804019117" />
      <TestMethod codeBase="F:\ETWork\bin\Tests\UnitTests.iCore.Common.Entities.dll" adapterTypeName="Microsoft.VisualStudio.TestTools.TestTypes.Unit.UnitTestAdapter" className="UnitTests.iCore.Common.Entities.Entities.Commands.AttachedMachineCommandsTests" name="CanExcuteDelete_MutipleEntriesNoneIsCurrentMachine_ReturnsTrue" />
    </UnitTest>
    <UnitTest name="CanExcuteDelete_MutipleEntriesIncludesCurrentMachine_ReturnsFalse" storage="f:\etwork\bin\tests\unittests.icore.common.entities.dll" id="7380aa32-eccf-3c86-892c-897464087fc9">
      <Execution id="d47dc49f-b4db-4e90-8f9a-aff9405a8e87" />
      <TestMethod codeBase="F:\ETWork\bin\Tests\UnitTests.iCore.Common.Entities.dll" adapterTypeName="Microsoft.VisualStudio.TestTools.TestTypes.Unit.UnitTestAdapter" className="UnitTests.iCore.Common.Entities.Entities.Commands.AttachedMachineCommandsTests" name="CanExcuteDelete_MutipleEntriesIncludesCurrentMachine_ReturnsFalse" />
    </UnitTest>
    <UnitTest name="Initialize_InvokedBeforeIntervalAndDateHasTicks_EventsAreRaisedAtExpectedMoments" storage="f:\etwork\bin\tests\unittests.icore.common.entities.dll" id="630234f0-7ae9-668d-c909-79933d237063">
      <Execution id="413a0f28-98e0-4a1e-aa5f-9b9b09e79b10" />
      <TestMethod codeBase="F:\ETWork\bin\Tests\UnitTests.iCore.Common.Entities.dll" adapterTypeName="Microsoft.VisualStudio.TestTools.TestTypes.Unit.UnitTestAdapter" className="UnitTests.iCore.Common.Entities.Entities.Activities.Services.WorkflowTimeValidityEventPrenumerationTests" name="Initialize_InvokedBeforeIntervalAndDateHasTicks_EventsAreRaisedAtExpectedMoments" />
    </UnitTest>
    <UnitTest name="Initialize_InvokedBeforeIntervalIn_EventsAreRaisedAtExpectedMoments" storage="f:\etwork\bin\tests\unittests.icore.common.entities.dll" id="3b368a1a-ddd2-3955-9b01-f18b51a5d979">
      <Execution id="ff06a30d-3d5b-4ddf-88dd-ec3f578e49a8" />
      <TestMethod codeBase="F:\ETWork\bin\Tests\UnitTests.iCore.Common.Entities.dll" adapterTypeName="Microsoft.VisualStudio.TestTools.TestTypes.Unit.UnitTestAdapter" className="UnitTests.iCore.Common.Entities.Entities.Activities.Services.WorkflowTimeValidityEventPrenumerationTests" name="Initialize_InvokedBeforeIntervalIn_EventsAreRaisedAtExpectedMoments" />
    </UnitTest>
    <UnitTest name="Initialize_InvokedInInterval_EventsAreRaisedAtExpectedMoments" storage="f:\etwork\bin\tests\unittests.icore.common.entities.dll" id="1a1b63bc-5400-554b-84c1-17a4e7c933f8">
      <Execution id="937b795d-28e1-403c-bea0-17cd854229c3" />
      <TestMethod codeBase="F:\ETWork\bin\Tests\UnitTests.iCore.Common.Entities.dll" adapterTypeName="Microsoft.VisualStudio.TestTools.TestTypes.Unit.UnitTestAdapter" className="UnitTests.iCore.Common.Entities.Entities.Activities.Services.WorkflowTimeValidityEventPrenumerationTests" name="Initialize_InvokedInInterval_EventsAreRaisedAtExpectedMoments" />
    </UnitTest>
    <UnitTest name="CodeExpression_CommittingMethodChanges_ChangesAreApplied" storage="f:\etwork\bin\tests\unittests.icore.common.entities.dll" id="477d6b04-62fe-65b7-88d4-82cbfbb6bcd7">
      <Execution id="3aadc53e-ff59-40be-9400-78c0343cbe3f" />
      <TestMethod codeBase="F:\ETWork\bin\Tests\UnitTests.iCore.Common.Entities.dll" adapterTypeName="Microsoft.VisualStudio.TestTools.TestTypes.Unit.UnitTestAdapter" className="UnitTests.iCore.Common.Entities.Entities.Activities.Tests.iCore.Common.Entities.Activities.Configuration.CodeExpressionEditingContextTest" name="CodeExpression_CommittingMethodChanges_ChangesAreApplied" />
    </UnitTest>
    <UnitTest name="CodeExpression_RollbackSpecificScopeChanges_ChangesInTheRollbackedScopeAreDiscarded" storage="f:\etwork\bin\tests\unittests.icore.common.entities.dll" id="63f9decb-d756-8dbc-db52-681f0265a735">
      <Execution id="f97c6dac-c58a-483c-8ce9-e900ad3ac5cd" />
      <TestMethod codeBase="F:\ETWork\bin\Tests\UnitTests.iCore.Common.Entities.dll" adapterTypeName="Microsoft.VisualStudio.TestTools.TestTypes.Unit.UnitTestAdapter" className="UnitTests.iCore.Common.Entities.Entities.Activities.Tests.iCore.Common.Entities.Activities.Configuration.CodeExpressionEditingContextTest" name="CodeExpression_RollbackSpecificScopeChanges_ChangesInTheRollbackedScopeAreDiscarded" />
    </UnitTest>
    <UnitTest name="CodeExpression_RollbackAllChanges_ChangesInAllScopesAreRolledBack" storage="f:\etwork\bin\tests\unittests.icore.common.entities.dll" id="dc7aaaf1-5ffc-5592-91a7-d2ba02e0e11b">
      <Execution id="3f238d23-63ab-4f91-884e-15fff2176b2a" />
      <TestMethod codeBase="F:\ETWork\bin\Tests\UnitTests.iCore.Common.Entities.dll" adapterTypeName="Microsoft.VisualStudio.TestTools.TestTypes.Unit.UnitTestAdapter" className="UnitTests.iCore.Common.Entities.Entities.Activities.Tests.iCore.Common.Entities.Activities.Configuration.CodeExpressionEditingContextTest" name="CodeExpression_RollbackAllChanges_ChangesInAllScopesAreRolledBack" />
    </UnitTest>
    <UnitTest name="CodeExpression_FetchingAlreadyExistingMethodBody_CorrectMethodBodyIsFetched" storage="f:\etwork\bin\tests\unittests.icore.common.entities.dll" id="3580b9c2-6833-cc47-0ccd-e62d8691cfb1">
      <Execution id="cc5ccfe2-188f-4c45-ba75-d1369e693f00" />
      <TestMethod codeBase="F:\ETWork\bin\Tests\UnitTests.iCore.Common.Entities.dll" adapterTypeName="Microsoft.VisualStudio.TestTools.TestTypes.Unit.UnitTestAdapter" className="UnitTests.iCore.Common.Entities.Entities.Activities.Tests.iCore.Common.Entities.Activities.Configuration.CodeExpressionEditingContextTest" name="CodeExpression_FetchingAlreadyExistingMethodBody_CorrectMethodBodyIsFetched" />
    </UnitTest>
    <UnitTest name="CodeExpression_FetchingNewMethodBody_CorrectMethodBodyIsFetched" storage="f:\etwork\bin\tests\unittests.icore.common.entities.dll" id="97da19f1-7c03-184e-32a4-d141ee945e86">
      <Execution id="545f132a-34c5-402e-923f-f161eb112e1a" />
      <TestMethod codeBase="F:\ETWork\bin\Tests\UnitTests.iCore.Common.Entities.dll" adapterTypeName="Microsoft.VisualStudio.TestTools.TestTypes.Unit.UnitTestAdapter" className="UnitTests.iCore.Common.Entities.Entities.Activities.Tests.iCore.Common.Entities.Activities.Configuration.CodeExpressionEditingContextTest" name="CodeExpression_FetchingNewMethodBody_CorrectMethodBodyIsFetched" />
    </UnitTest>
    <UnitTest name="CodeExpression_FetchMethodBodyAfterCommitting_CorrectMethodBodyIsFetched" storage="f:\etwork\bin\tests\unittests.icore.common.entities.dll" id="989df495-f13d-f4cd-78bc-061453ab403b">
      <Execution id="dfb22b05-9a45-4f15-b15b-0a733b6954ef" />
      <TestMethod codeBase="F:\ETWork\bin\Tests\UnitTests.iCore.Common.Entities.dll" adapterTypeName="Microsoft.VisualStudio.TestTools.TestTypes.Unit.UnitTestAdapter" className="UnitTests.iCore.Common.Entities.Entities.Activities.Tests.iCore.Common.Entities.Activities.Configuration.CodeExpressionEditingContextTest" name="CodeExpression_FetchMethodBodyAfterCommitting_CorrectMethodBodyIsFetched" />
    </UnitTest>
    <UnitTest name="CodeExpression_RemoveMethodCommit_MethodIsRemovedAfterCommit" storage="f:\etwork\bin\tests\unittests.icore.common.entities.dll" id="8921a32b-1bca-1a60-b127-b143c5d2670b">
      <Execution id="11aa64e9-89c6-4876-92cf-bdec3c007dce" />
      <TestMethod codeBase="F:\ETWork\bin\Tests\UnitTests.iCore.Common.Entities.dll" adapterTypeName="Microsoft.VisualStudio.TestTools.TestTypes.Unit.UnitTestAdapter" className="UnitTests.iCore.Common.Entities.Entities.Activities.Tests.iCore.Common.Entities.Activities.Configuration.CodeExpressionEditingContextTest" name="CodeExpression_RemoveMethodCommit_MethodIsRemovedAfterCommit" />
    </UnitTest>
    <UnitTest name="CodeExpression_RemoveExistingMethodRollback_MethodExistsAfterRollback" storage="f:\etwork\bin\tests\unittests.icore.common.entities.dll" id="487a6d65-79ec-80f6-9fe6-bb5c509d938b">
      <Execution id="4ae75b87-8c30-4e53-9808-84560409542e" />
      <TestMethod codeBase="F:\ETWork\bin\Tests\UnitTests.iCore.Common.Entities.dll" adapterTypeName="Microsoft.VisualStudio.TestTools.TestTypes.Unit.UnitTestAdapter" className="UnitTests.iCore.Common.Entities.Entities.Activities.Tests.iCore.Common.Entities.Activities.Configuration.CodeExpressionEditingContextTest" name="CodeExpression_RemoveExistingMethodRollback_MethodExistsAfterRollback" />
    </UnitTest>
    <UnitTest name="CodeExpression_ActivityNameChanged_MethodNameIsChanged" storage="f:\etwork\bin\tests\unittests.icore.common.entities.dll" id="cf7b9633-b18a-fe2f-1a42-643ad3bf9bfb">
      <Execution id="887c4274-5ab7-4c64-a3ed-c5a3e5855cfd" />
      <TestMethod codeBase="F:\ETWork\bin\Tests\UnitTests.iCore.Common.Entities.dll" adapterTypeName="Microsoft.VisualStudio.TestTools.TestTypes.Unit.UnitTestAdapter" className="UnitTests.iCore.Common.Entities.Entities.Activities.Tests.iCore.Common.Entities.Activities.Configuration.CodeExpressionEditingContextTest" name="CodeExpression_ActivityNameChanged_MethodNameIsChanged" />
    </UnitTest>
    <UnitTest name="CodeExpression_ActivityNameChanged_ExistingMethodNameIsChanged" storage="f:\etwork\bin\tests\unittests.icore.common.entities.dll" id="e43b9b25-98f8-f1ef-36dd-665692470471">
      <Execution id="6ad6a5c6-2119-4c44-997e-18adc741db39" />
      <TestMethod codeBase="F:\ETWork\bin\Tests\UnitTests.iCore.Common.Entities.dll" adapterTypeName="Microsoft.VisualStudio.TestTools.TestTypes.Unit.UnitTestAdapter" className="UnitTests.iCore.Common.Entities.Entities.Activities.Tests.iCore.Common.Entities.Activities.Configuration.CodeExpressionEditingContextTest" name="CodeExpression_ActivityNameChanged_ExistingMethodNameIsChanged" />
    </UnitTest>
    <UnitTest name="CodeExpression_RemoveMethodThenUndoRemoveCommit_MethodNotRemovedOnCommit" storage="f:\etwork\bin\tests\unittests.icore.common.entities.dll" id="aaaf44fc-6242-5ce4-788d-de227b2b1ba8">
      <Execution id="34d0d36c-de81-4cb0-ac26-4ed7be2dab9d" />
      <TestMethod codeBase="F:\ETWork\bin\Tests\UnitTests.iCore.Common.Entities.dll" adapterTypeName="Microsoft.VisualStudio.TestTools.TestTypes.Unit.UnitTestAdapter" className="UnitTests.iCore.Common.Entities.Entities.Activities.Tests.iCore.Common.Entities.Activities.Configuration.CodeExpressionEditingContextTest" name="CodeExpression_RemoveMethodThenUndoRemoveCommit_MethodNotRemovedOnCommit" />
    </UnitTest>
    <UnitTest name="CodeExpression_RemoveMethodThenUndoRemoveOfAnotherMethodCommit_MethodRemovedOnCommit" storage="f:\etwork\bin\tests\unittests.icore.common.entities.dll" id="ccfda4d9-955f-c92c-ff2e-12540befbc3c">
      <Execution id="716bdc09-2a5c-48e7-86f9-f3cb61546b0a" />
      <TestMethod codeBase="F:\ETWork\bin\Tests\UnitTests.iCore.Common.Entities.dll" adapterTypeName="Microsoft.VisualStudio.TestTools.TestTypes.Unit.UnitTestAdapter" className="UnitTests.iCore.Common.Entities.Entities.Activities.Tests.iCore.Common.Entities.Activities.Configuration.CodeExpressionEditingContextTest" name="CodeExpression_RemoveMethodThenUndoRemoveOfAnotherMethodCommit_MethodRemovedOnCommit" />
    </UnitTest>
    <UnitTest name="CodeExpression_UndoRemoveMethodWithoutAnyChanges_Succeeds" storage="f:\etwork\bin\tests\unittests.icore.common.entities.dll" id="b4deb19d-a0d7-b4fa-909e-a308b80c7413">
      <Execution id="6f4fa048-0586-447d-832b-deb69e177407" />
      <TestMethod codeBase="F:\ETWork\bin\Tests\UnitTests.iCore.Common.Entities.dll" adapterTypeName="Microsoft.VisualStudio.TestTools.TestTypes.Unit.UnitTestAdapter" className="UnitTests.iCore.Common.Entities.Entities.Activities.Tests.iCore.Common.Entities.Activities.Configuration.CodeExpressionEditingContextTest" name="CodeExpression_UndoRemoveMethodWithoutAnyChanges_Succeeds" />
    </UnitTest>
  </TestDefinitions>
  <TestEntries>
    <TestEntry testId="b6f84659-b077-6685-3645-fb94e19fd922" executionId="a5616576-e4a1-4bcf-98a2-5906a9c95d3f" testListId="8c84fa94-04c1-424b-9868-57a2d4851a1d" />
    <TestEntry testId="3a52ff69-e00c-ef9c-7b64-44b5ea55b5e9" executionId="39a2e50d-2fdf-43dc-b900-bb757ff8c971" testListId="8c84fa94-04c1-424b-9868-57a2d4851a1d" />
    <TestEntry testId="48610728-d627-01c0-f385-f3b2d5990ef4" executionId="e5d3f851-2870-4509-a353-7b187a9ddb23" testListId="8c84fa94-04c1-424b-9868-57a2d4851a1d" />
    <TestEntry testId="5a61c0ec-ca78-9243-5e2d-87503d6c2702" executionId="09917dd6-9d1f-40ab-933c-2637a6e43ea5" testListId="8c84fa94-04c1-424b-9868-57a2d4851a1d" />
    <TestEntry testId="cc963422-d493-7f82-2d55-144e571e70f7" executionId="8e4ae7b8-61c9-4ae8-a600-d7e208baa19d" testListId="8c84fa94-04c1-424b-9868-57a2d4851a1d" />
    <TestEntry testId="ad51a2ec-10d1-ac91-d63f-7632b2106a60" executionId="19b6dfb3-c925-4eca-8ce3-c9b747c2c385" testListId="8c84fa94-04c1-424b-9868-57a2d4851a1d" />
    <TestEntry testId="4bc1432a-38cc-7d96-dab2-04c06c69b3ee" executionId="820e445a-c0cb-4925-af48-e810f8a2e54e" testListId="8c84fa94-04c1-424b-9868-57a2d4851a1d" />
    <TestEntry testId="8b92c82e-d309-dc66-4cd0-41823801ad07" executionId="f6d04d5b-6890-4b65-8909-bb536d56fb9c" testListId="8c84fa94-04c1-424b-9868-57a2d4851a1d" />
    <TestEntry testId="00e5d91a-e505-2824-c5c4-e81796037524" executionId="d5b2688b-7d9a-47b4-9137-f27d943ab990" testListId="8c84fa94-04c1-424b-9868-57a2d4851a1d" />
    <TestEntry testId="259f1303-78b4-b140-fdd9-698134177790" executionId="e939d2da-ad4f-4907-ae77-e037056c4595" testListId="8c84fa94-04c1-424b-9868-57a2d4851a1d" />
    <TestEntry testId="47e75695-2bb9-9c09-8d5c-a979787dde18" executionId="40af5dce-165f-418b-b53b-6e0f77fc9ea6" testListId="8c84fa94-04c1-424b-9868-57a2d4851a1d" />
    <TestEntry testId="a6743f5a-fcae-921f-2c90-fcb37bc4468d" executionId="0f4347f4-e73d-464f-bc9b-c3fe33d778cc" testListId="8c84fa94-04c1-424b-9868-57a2d4851a1d" />
    <TestEntry testId="24b1d80e-9e29-1591-f3a8-8199304a6aab" executionId="ed537c70-6385-4353-a55b-89cbb25973fd" testListId="8c84fa94-04c1-424b-9868-57a2d4851a1d" />
    <TestEntry testId="680de435-137a-7950-7e90-63bff8fbc3cd" executionId="d7532beb-efab-425f-bc86-11c74680ec30" testListId="8c84fa94-04c1-424b-9868-57a2d4851a1d" />
    <TestEntry testId="c2e48f0d-f156-ec8f-2bbe-2f701258bdc0" executionId="72fdfb2d-be77-475a-9613-1e76173deeb5" testListId="8c84fa94-04c1-424b-9868-57a2d4851a1d" />
    <TestEntry testId="09e3efc3-1a22-65a8-d7ec-e10e49a8fa3a" executionId="b5125bf2-3f95-41e8-9b56-7e55931dcaed" testListId="8c84fa94-04c1-424b-9868-57a2d4851a1d" />
    <TestEntry testId="6fd82384-5c4b-78fd-e0f9-1b5e8cf242d0" executionId="8f9e3541-ac6f-4121-930d-67387e9196eb" testListId="8c84fa94-04c1-424b-9868-57a2d4851a1d" />
    <TestEntry testId="b1c3144d-3e51-b1ab-54c2-6818dc7155a0" executionId="8906708d-8500-4f96-b8b1-d630b61871f5" testListId="8c84fa94-04c1-424b-9868-57a2d4851a1d" />
    <TestEntry testId="d662d3e8-955c-9722-3556-048dd7ef3c94" executionId="86ea6473-6563-4045-8f32-a20ce5e1460f" testListId="8c84fa94-04c1-424b-9868-57a2d4851a1d" />
    <TestEntry testId="afe74d43-1a7a-26f1-ad7e-028f4cf4546b" executionId="6156b97f-75b2-4681-9fd6-2b7f9bcabe08" testListId="8c84fa94-04c1-424b-9868-57a2d4851a1d" />
    <TestEntry testId="d7833415-c29c-f62e-7484-35224d5453b5" executionId="f081b2a5-45cc-4a35-9ff0-3b2cf34e0883" testListId="8c84fa94-04c1-424b-9868-57a2d4851a1d" />
    <TestEntry testId="b3399b31-c122-c903-288f-41611da08c62" executionId="9eae4db8-eefb-4a3d-95b1-3b4eda3c82ff" testListId="8c84fa94-04c1-424b-9868-57a2d4851a1d" />
    <TestEntry testId="bf29564d-2d6f-8c6a-2f2c-57ca176934af" executionId="dcefc9e1-3413-449f-b4cb-a6c8e99796ff" testListId="8c84fa94-04c1-424b-9868-57a2d4851a1d" />
    <TestEntry testId="3d0ed7f1-0ea6-4539-c6cc-2fc403f29cba" executionId="b341828c-9a66-4a6e-adf9-583e92de111a" testListId="8c84fa94-04c1-424b-9868-57a2d4851a1d" />
    <TestEntry testId="2fefdcaa-26d3-68ba-a21e-99b2a579cee5" executionId="bf194a41-78c3-43d8-9ead-4bcec30f416f" testListId="8c84fa94-04c1-424b-9868-57a2d4851a1d" />
    <TestEntry testId="6c16867a-53b0-9091-2c2f-00aa5af20980" executionId="3e0895ee-ffd9-4ecb-8cd5-56d0b7c1e661" testListId="8c84fa94-04c1-424b-9868-57a2d4851a1d" />
    <TestEntry testId="372cca2a-838c-f747-de17-f782124fff32" executionId="64d29950-ea63-44e1-887d-ed84789902a1" testListId="8c84fa94-04c1-424b-9868-57a2d4851a1d" />
    <TestEntry testId="9cc1a8df-4b86-8bdd-3545-f18bdbea4087" executionId="e325feb7-1674-4687-b5fb-cdfe81bd22f8" testListId="8c84fa94-04c1-424b-9868-57a2d4851a1d" />
    <TestEntry testId="2b9b3b11-b42c-fade-302d-7b12872d8eb4" executionId="78359fd8-da7d-4aec-853c-23c021ec7756" testListId="8c84fa94-04c1-424b-9868-57a2d4851a1d" />
    <TestEntry testId="37636cde-18ec-ff48-211b-1c7ee8d18b92" executionId="03207c7b-3a9f-4450-ab75-f14e5ecd05be" testListId="8c84fa94-04c1-424b-9868-57a2d4851a1d" />
    <TestEntry testId="1bebd7cf-d3aa-7268-1c9f-c1b5c4f641db" executionId="64a461f5-7dfa-4f1f-bdb7-8df7c44cf584" testListId="8c84fa94-04c1-424b-9868-57a2d4851a1d" />
    <TestEntry testId="2c2f55a1-9922-2ef1-7963-0bdff103a251" executionId="d487213a-f59c-4be1-a937-907853861f9c" testListId="8c84fa94-04c1-424b-9868-57a2d4851a1d" />
    <TestEntry testId="6c625d02-a738-8bd5-4463-bd914d68538b" executionId="c7776596-0396-43e7-92a3-c13036c90a47" testListId="8c84fa94-04c1-424b-9868-57a2d4851a1d" />
    <TestEntry testId="e23a1abe-29ea-985a-4aa8-a3f727b907a1" executionId="5ab9dcc8-43c9-4bf5-8b84-a375e64de7ee" testListId="8c84fa94-04c1-424b-9868-57a2d4851a1d" />
    <TestEntry testId="352a4006-8d39-8e2e-e9c2-944f16c375b2" executionId="fb459832-7a33-4d2c-99eb-2a6c7b1ffcac" testListId="8c84fa94-04c1-424b-9868-57a2d4851a1d" />
    <TestEntry testId="ed5ddf2f-0b88-ba43-07a5-1633c4005b33" executionId="9b56f5c8-7428-4538-9255-56b19206c8d6" testListId="8c84fa94-04c1-424b-9868-57a2d4851a1d" />
    <TestEntry testId="e3552598-8b87-782c-91e1-8b94df654005" executionId="ba3470e0-0f24-419c-93c0-3d8047566eac" testListId="8c84fa94-04c1-424b-9868-57a2d4851a1d" />
    <TestEntry testId="ab68c9ec-fd01-8c35-56b5-b6ed5f049825" executionId="e486cae0-204e-48f5-9025-08d3e7fc1d71" testListId="8c84fa94-04c1-424b-9868-57a2d4851a1d" />
    <TestEntry testId="07f68a80-3eeb-31a1-cb33-9f5217ca30a8" executionId="2533544d-3c46-464e-abbc-d74ec573fc76" testListId="8c84fa94-04c1-424b-9868-57a2d4851a1d" />
    <TestEntry testId="34b301d3-2437-2176-6904-040fff0417db" executionId="ae70a034-9c1e-44c7-9ad4-9b7263c5fa89" testListId="8c84fa94-04c1-424b-9868-57a2d4851a1d" />
    <TestEntry testId="0217f485-3542-dd44-a2da-1999102f261f" executionId="ad617db7-a385-4ab4-aa18-aeea9a170c94" testListId="8c84fa94-04c1-424b-9868-57a2d4851a1d" />
    <TestEntry testId="877ec447-43ef-69e3-6112-69e4ad3f86ab" executionId="1ac56e4e-35e5-40df-8bf6-3c0577a0f87f" testListId="8c84fa94-04c1-424b-9868-57a2d4851a1d" />
    <TestEntry testId="6febdd20-524c-318a-6901-034293df3a1a" executionId="64511b77-47f5-4ab5-bd17-cc65431d1d22" testListId="8c84fa94-04c1-424b-9868-57a2d4851a1d" />
    <TestEntry testId="cbf43049-b318-b111-1d08-9d97e8bd4615" executionId="6cc84bdb-ea06-45af-955a-3ed40e70f7f4" testListId="8c84fa94-04c1-424b-9868-57a2d4851a1d" />
    <TestEntry testId="1c0337aa-d00c-a66e-50d2-212159dade8f" executionId="e62cd4f4-6df6-4057-a387-1a1f117c4462" testListId="8c84fa94-04c1-424b-9868-57a2d4851a1d" />
    <TestEntry testId="4eb340ba-4d04-f0d2-3725-8869d87ef718" executionId="b1916054-1c2b-40db-abf7-9c04df11f691" testListId="8c84fa94-04c1-424b-9868-57a2d4851a1d" />
    <TestEntry testId="e24e0d36-0f5f-924f-2236-989d8500e6ba" executionId="8f2a1e13-3b2b-4a45-8c6d-419f2e265990" testListId="8c84fa94-04c1-424b-9868-57a2d4851a1d" />
    <TestEntry testId="42d372a0-4241-3ff7-00f9-b83f3b8d36d1" executionId="23a899d7-3784-4137-8f43-c4fa3786e94c" testListId="8c84fa94-04c1-424b-9868-57a2d4851a1d" />
    <TestEntry testId="c08c894d-98f8-0b2b-11c7-81c5283b0865" executionId="7838d1d2-c902-4940-9171-2584423b991f" testListId="8c84fa94-04c1-424b-9868-57a2d4851a1d" />
    <TestEntry testId="32ea10d2-cce4-4197-8948-2b2049ef79dc" executionId="723bfdbc-98db-41bc-80d7-d1617d09c3c6" testListId="8c84fa94-04c1-424b-9868-57a2d4851a1d" />
    <TestEntry testId="3f899137-10f7-0017-4ccd-8948e5d6697a" executionId="b9e3bd35-cedf-441b-b9fd-d7dcdc7e403b" testListId="8c84fa94-04c1-424b-9868-57a2d4851a1d" />
    <TestEntry testId="15ed63c0-1e26-736e-8ff9-a7891b76600c" executionId="b1cdf5b0-e493-4595-a4f9-424798a85cae" testListId="8c84fa94-04c1-424b-9868-57a2d4851a1d" />
    <TestEntry testId="f6d77d6c-6ec6-62d3-7eee-aaa85c1aa32e" executionId="255e093b-36aa-4493-b8e6-33df7ff3ddb0" testListId="8c84fa94-04c1-424b-9868-57a2d4851a1d" />
    <TestEntry testId="f106027a-6fd2-014e-9682-445342fb4280" executionId="b6a2e272-fa73-4ea5-a8a5-db33bd4aa831" testListId="8c84fa94-04c1-424b-9868-57a2d4851a1d" />
    <TestEntry testId="520c5bb9-be34-b8b1-0807-3a1092cb7523" executionId="dd4457bd-9c79-40fb-b151-28b8d587077b" testListId="8c84fa94-04c1-424b-9868-57a2d4851a1d" />
    <TestEntry testId="8063d803-899d-8b3e-64ef-35b871a4452e" executionId="f5a16246-9720-4679-af74-998429091cca" testListId="8c84fa94-04c1-424b-9868-57a2d4851a1d" />
    <TestEntry testId="0e857638-a5f5-3303-076a-48672943decb" executionId="aaa92d16-353f-44f9-a4e5-ebcd181a7553" testListId="8c84fa94-04c1-424b-9868-57a2d4851a1d" />
    <TestEntry testId="0e82a69e-981c-f7d9-3b44-b27acbe204ad" executionId="658143a2-7589-45d7-915a-84717549acc7" testListId="8c84fa94-04c1-424b-9868-57a2d4851a1d" />
    <TestEntry testId="0fa9fa35-ec94-8df6-3337-bdfcedfbd78e" executionId="e035768a-18bf-4260-96d5-01cb1b8c25f0" testListId="8c84fa94-04c1-424b-9868-57a2d4851a1d" />
    <TestEntry testId="83cd084c-7921-4d51-0aeb-642cd49dcd89" executionId="7bf9902b-284f-4449-b3bc-8fbc4195af10" testListId="8c84fa94-04c1-424b-9868-57a2d4851a1d" />
    <TestEntry testId="d08e48c7-4207-4abf-8161-5d8018baf158" executionId="3d813d28-976e-465a-8f8e-1522c193ec74" testListId="8c84fa94-04c1-424b-9868-57a2d4851a1d" />
    <TestEntry testId="72098060-b090-45e3-b909-c07477939d62" executionId="81369504-ac41-4a03-91f5-a19d2e179380" testListId="8c84fa94-04c1-424b-9868-57a2d4851a1d" />
    <TestEntry testId="6bc4921e-1a88-4acd-aa00-c0ee0cedbcb1" executionId="da077332-d89e-456b-9f00-53e458504423" testListId="8c84fa94-04c1-424b-9868-57a2d4851a1d" />
    <TestEntry testId="446a10d0-ed40-4ba9-8eaf-59d51f3e044e" executionId="d41166c8-d83c-4d43-a9a4-394846145dd5" testListId="8c84fa94-04c1-424b-9868-57a2d4851a1d" />
    <TestEntry testId="42e998e5-726a-45ec-8d73-28dac01bf190" executionId="b36652f9-ef4a-4b6e-8e2e-bf8698f5edad" testListId="8c84fa94-04c1-424b-9868-57a2d4851a1d" />
    <TestEntry testId="2565f676-5b83-48fe-bde8-e6c7a2f1468e" executionId="6eb9b16b-25d5-4d9a-858d-1155256547d5" testListId="8c84fa94-04c1-424b-9868-57a2d4851a1d" />
    <TestEntry testId="0fe9bb07-7aef-4fb7-b375-a8df242431c5" executionId="10e067c6-aff7-46b7-bba5-cac4816e4a46" testListId="8c84fa94-04c1-424b-9868-57a2d4851a1d" />
    <TestEntry testId="860eeaf9-316a-4ec7-80d5-356bcc044e73" executionId="37b344a3-2ed8-4f58-9936-c77a95b59bfa" testListId="8c84fa94-04c1-424b-9868-57a2d4851a1d" />
    <TestEntry testId="88ab7223-d4df-457d-ac34-68fd2889358e" executionId="e065688f-b7b9-4c59-8d54-c856737b2d24" testListId="8c84fa94-04c1-424b-9868-57a2d4851a1d" />
    <TestEntry testId="ba4afd77-b964-4cc4-bb24-4a92e34631d8" executionId="4944a826-59a3-47e1-85dd-72016cf33377" testListId="8c84fa94-04c1-424b-9868-57a2d4851a1d" />
    <TestEntry testId="b99c2b84-e633-42ad-8e98-9eff786722ab" executionId="37bbbd49-2743-45bb-961a-30820f02a709" testListId="8c84fa94-04c1-424b-9868-57a2d4851a1d" />
    <TestEntry testId="3d3143bb-5f28-41e8-b0ea-8b653bac98ce" executionId="49278b31-603b-434e-84b6-3ec3027dff87" testListId="8c84fa94-04c1-424b-9868-57a2d4851a1d" />
    <TestEntry testId="ffa78822-5f78-49b8-8f15-410cc2ce6397" executionId="0f32f8ef-9e52-4519-8c5b-667c2900a4f3" testListId="8c84fa94-04c1-424b-9868-57a2d4851a1d" />
    <TestEntry testId="152eb215-8307-41e4-a6bb-0c421b6eaa75" executionId="c1f7b963-d420-4189-bc0b-232976c84953" testListId="8c84fa94-04c1-424b-9868-57a2d4851a1d" />
    <TestEntry testId="5be5db78-4904-4313-a399-9ba3a378ed1a" executionId="7c2b1e5c-2bb6-42ae-98c8-2f550c477b2f" testListId="8c84fa94-04c1-424b-9868-57a2d4851a1d" />
    <TestEntry testId="4a5c8978-19ed-422d-acb5-a9a41e2411bd" executionId="c36e7d9b-77f1-448e-a5db-c9256858eef2" testListId="8c84fa94-04c1-424b-9868-57a2d4851a1d" />
    <TestEntry testId="41850a19-40ab-44d9-9185-a93cd83a9f67" executionId="09397f29-076e-4d20-99b1-6d55e4094ee6" testListId="8c84fa94-04c1-424b-9868-57a2d4851a1d" />
    <TestEntry testId="4cb15112-2739-4d30-9cf2-ffdc3f31a074" executionId="afb77490-f362-44e1-befe-a236705a402b" testListId="8c84fa94-04c1-424b-9868-57a2d4851a1d" />
    <TestEntry testId="6bf27ea1-ca6d-4c8a-acd0-4528176f9c6d" executionId="c7c45558-4c6b-49cc-91cb-47e0080802a4" testListId="8c84fa94-04c1-424b-9868-57a2d4851a1d" />
    <TestEntry testId="e9e60983-b9b2-448a-a6bd-29f6b8495ede" executionId="7101f71c-70e6-4bf5-8d26-ab4c62dad7d4" testListId="8c84fa94-04c1-424b-9868-57a2d4851a1d" />
    <TestEntry testId="9817132b-51ce-441d-b8bc-759791c3e3a0" executionId="a56cd0ef-9dac-4c17-ad69-98b7dd5e7ac9" testListId="8c84fa94-04c1-424b-9868-57a2d4851a1d" />
    <TestEntry testId="506e0bef-7e12-401b-8843-00b9b1409faa" executionId="ef4b3449-72d4-46f8-999e-b8cae307d674" testListId="8c84fa94-04c1-424b-9868-57a2d4851a1d" />
    <TestEntry testId="7cf40e3f-ff21-48a8-9265-cb7423a11aac" executionId="4defd6ef-c32a-498e-a24a-013f8f6a612c" testListId="8c84fa94-04c1-424b-9868-57a2d4851a1d" />
    <TestEntry testId="0e550e9f-e4b5-45d6-a1d7-f3cc9f3e6d5d" executionId="34ac8b9e-8c8a-4903-9140-7564af69eb63" testListId="8c84fa94-04c1-424b-9868-57a2d4851a1d" />
    <TestEntry testId="dd902995-b3cb-425b-ae39-6fac81fed0d6" executionId="de6902d4-6ae0-4f0f-931a-d70f5c53da14" testListId="8c84fa94-04c1-424b-9868-57a2d4851a1d" />
    <TestEntry testId="a1e04391-e205-41e1-97c3-c79c86e07f90" executionId="8e8a9faa-3234-4218-b716-063be04d140f" testListId="8c84fa94-04c1-424b-9868-57a2d4851a1d" />
    <TestEntry testId="af0f1080-ab22-4003-a643-ddf727ce215f" executionId="6e88e9ad-32d1-4700-b234-e1294798dc92" testListId="8c84fa94-04c1-424b-9868-57a2d4851a1d" />
    <TestEntry testId="e7c710a6-7b90-49ef-b1ef-dd0392c1c8a5" executionId="4ed9eb0b-3284-4f93-a0a0-809dec42d15e" testListId="8c84fa94-04c1-424b-9868-57a2d4851a1d" />
    <TestEntry testId="cd722b4b-cd87-41f1-901d-ded1fd9bc1f3" executionId="cf7b0814-131a-4945-a92c-b16222ef5509" testListId="8c84fa94-04c1-424b-9868-57a2d4851a1d" />
    <TestEntry testId="94af551b-4f31-495a-a7b1-099a34276bb1" executionId="1684e7b1-dc2b-4dd1-b41a-16188f61a20e" testListId="8c84fa94-04c1-424b-9868-57a2d4851a1d" />
    <TestEntry testId="afc1beed-dd74-4503-84e2-977c0d5cdb3c" executionId="bec4d53d-f988-43e5-a4c2-11fc11802812" testListId="8c84fa94-04c1-424b-9868-57a2d4851a1d" />
    <TestEntry testId="efb3fc97-c8f4-4d80-9e9b-5730198b4cd9" executionId="77ea25dc-56aa-4969-861f-ae828a6c853e" testListId="8c84fa94-04c1-424b-9868-57a2d4851a1d" />
    <TestEntry testId="5d0e66d4-009e-4e51-8916-9e2c9c0cc69c" executionId="4d1e950f-6877-4959-a417-11d0724caae9" testListId="8c84fa94-04c1-424b-9868-57a2d4851a1d" />
    <TestEntry testId="504ff1c5-387f-4e92-ab8a-69bd86b5bcbc" executionId="7bd5e390-04c6-41cb-8bc2-1a3f161ae97d" testListId="8c84fa94-04c1-424b-9868-57a2d4851a1d" />
    <TestEntry testId="901e7b7e-8030-449e-8a3c-1663664bec6d" executionId="f9bb976d-2d11-4e5c-8f3e-79ed52435865" testListId="8c84fa94-04c1-424b-9868-57a2d4851a1d" />
    <TestEntry testId="2191e9b8-5348-4ad5-981f-d1fa8848d6f8" executionId="702e1548-b1c5-4719-8259-a30db519b6c8" testListId="8c84fa94-04c1-424b-9868-57a2d4851a1d" />
    <TestEntry testId="0220657a-928e-4dc5-a883-74adeaee7451" executionId="a2692bb1-348c-468d-b6f7-03f965bb1dc7" testListId="8c84fa94-04c1-424b-9868-57a2d4851a1d" />
    <TestEntry testId="298dc55c-99c5-4f47-8dfe-672cb25f04a8" executionId="4ba598f6-0ee6-41a3-b234-3fb327445828" testListId="8c84fa94-04c1-424b-9868-57a2d4851a1d" />
    <TestEntry testId="5dcc0883-7b25-4bd8-be1b-c3af10b89761" executionId="54f5ffa4-03c1-4769-a113-930b5abeb49c" testListId="8c84fa94-04c1-424b-9868-57a2d4851a1d" />
    <TestEntry testId="a99305c2-4ade-4998-992a-bce639dbf2bc" executionId="bf6e7ac7-7dca-408b-9eb9-ad58c8996fa8" testListId="8c84fa94-04c1-424b-9868-57a2d4851a1d" />
    <TestEntry testId="ba31de2b-9411-4438-8491-f6f5c0187556" executionId="b9f64b90-7b2b-499c-89a8-30b49b4e6159" testListId="8c84fa94-04c1-424b-9868-57a2d4851a1d" />
    <TestEntry testId="a02cc6be-a730-49ac-9aa7-fbbd2e067d19" executionId="8643a7ac-58a6-400c-ad80-d3f3655aee79" testListId="8c84fa94-04c1-424b-9868-57a2d4851a1d" />
    <TestEntry testId="d7141874-7ea0-4e4e-ad8a-938a8bb3c75b" executionId="2217b45a-d95c-448f-98f5-d4b34b373eaf" testListId="8c84fa94-04c1-424b-9868-57a2d4851a1d" />
    <TestEntry testId="cc1c95af-c1fb-4d35-be3d-b1f2bc0ded20" executionId="bbaee278-5060-4336-bac3-43af5a760b19" testListId="8c84fa94-04c1-424b-9868-57a2d4851a1d" />
    <TestEntry testId="cde434e4-3d66-4a52-8885-a94b6f441e2b" executionId="8916d49d-58b1-4ae6-bb0c-41e79d0a0da0" testListId="8c84fa94-04c1-424b-9868-57a2d4851a1d" />
    <TestEntry testId="7b34a3d4-fa13-4a80-86ba-dbcbe891818e" executionId="25414ca2-945f-48b2-a6d8-b822f46b1862" testListId="8c84fa94-04c1-424b-9868-57a2d4851a1d" />
    <TestEntry testId="a6e9ea57-bc43-48d5-aa92-42afa5ab7d3c" executionId="00677298-f58a-4d4b-a6f5-477b123fb310" testListId="8c84fa94-04c1-424b-9868-57a2d4851a1d" />
    <TestEntry testId="74dc169f-1c41-4ca6-b0fb-78fab1973ecc" executionId="54d4290a-6a1d-4dbd-b14e-358ebd54b142" testListId="8c84fa94-04c1-424b-9868-57a2d4851a1d" />
    <TestEntry testId="1e75b944-318d-4d35-bf8a-45c290425f18" executionId="dcf53681-c143-4fd9-ac82-593b39e2b7e3" testListId="8c84fa94-04c1-424b-9868-57a2d4851a1d" />
    <TestEntry testId="8ca9dd14-9cb8-4b3b-b92e-f63cd65ee317" executionId="12ce781a-0b40-4384-93ee-079eb5493d39" testListId="8c84fa94-04c1-424b-9868-57a2d4851a1d" />
    <TestEntry testId="edad77ad-dfbe-49b3-9bbe-5afa8feea640" executionId="30196167-9dc3-44f1-a818-11eef44a96d3" testListId="8c84fa94-04c1-424b-9868-57a2d4851a1d" />
    <TestEntry testId="07f6e8a8-03aa-4c5b-87c7-0b7d7450bc1f" executionId="24d5df14-3d64-4cea-b1ab-08bde47aca40" testListId="8c84fa94-04c1-424b-9868-57a2d4851a1d" />
    <TestEntry testId="2571daaa-fc00-44d1-a791-ebe414608f2f" executionId="a4c6bd66-9ee7-427f-ae66-5535cbf41595" testListId="8c84fa94-04c1-424b-9868-57a2d4851a1d" />
    <TestEntry testId="fa614ac1-43f0-4f6b-93f5-beda20cb929b" executionId="97c84062-f83a-4ddb-81e6-225428870c52" testListId="8c84fa94-04c1-424b-9868-57a2d4851a1d" />
    <TestEntry testId="7728a72e-11fc-4465-b839-8bd1dfbbbb6c" executionId="6ccd28e5-bf2e-4c50-9b10-e62910cb9fb9" testListId="8c84fa94-04c1-424b-9868-57a2d4851a1d" />
    <TestEntry testId="75619979-99b5-4259-9355-1a11acf60495" executionId="2404ff1d-6bb7-40fb-ab45-fec7304e582d" testListId="8c84fa94-04c1-424b-9868-57a2d4851a1d" />
    <TestEntry testId="2ab1e808-281c-432b-8651-201d8927ce1f" executionId="2889d41e-408d-4010-a022-6246d51ea820" testListId="8c84fa94-04c1-424b-9868-57a2d4851a1d" />
    <TestEntry testId="8304dd0f-ed2a-499e-8bae-79ebedd8e018" executionId="3997c0cb-f59d-4c1b-b3fe-6771a4722836" testListId="8c84fa94-04c1-424b-9868-57a2d4851a1d" />
    <TestEntry testId="4a27def0-0583-47b4-b0ac-96cbaadee4c6" executionId="6e45ee88-e978-4da3-b2d0-e146fadf5def" testListId="8c84fa94-04c1-424b-9868-57a2d4851a1d" />
    <TestEntry testId="bc85b595-455d-4e9b-b5e1-15b393f996a4" executionId="f13ef2e7-6c95-493c-a0d4-e82ffb7c681c" testListId="8c84fa94-04c1-424b-9868-57a2d4851a1d" />
    <TestEntry testId="68481522-1b25-476e-b09d-828c94ab7751" executionId="1b50a5a2-610e-428e-a4d7-0c45173771b5" testListId="8c84fa94-04c1-424b-9868-57a2d4851a1d" />
    <TestEntry testId="89ce08f2-f40c-4bf7-8501-53c263ab899a" executionId="311afc68-452d-4e32-9b30-cd5a02ecd53d" testListId="8c84fa94-04c1-424b-9868-57a2d4851a1d" />
    <TestEntry testId="711a7692-6d16-493d-a6ff-3ae037e33f67" executionId="e8b932b0-fbf0-43fb-8f7c-88b6435bad09" testListId="8c84fa94-04c1-424b-9868-57a2d4851a1d" />
    <TestEntry testId="43f1415b-b3fa-41e5-bfe7-24c0723afc88" executionId="e3c2f871-5496-4d70-a106-195007c7f929" testListId="8c84fa94-04c1-424b-9868-57a2d4851a1d" />
    <TestEntry testId="10a47184-b983-4128-b20a-59ade98fb96a" executionId="c348f18c-f107-4cc7-828e-4e5dd71f0997" testListId="8c84fa94-04c1-424b-9868-57a2d4851a1d" />
    <TestEntry testId="798c9801-b96f-4194-8efc-f550a9d98946" executionId="9a34a4fa-4662-4220-bf5a-446daf384526" testListId="8c84fa94-04c1-424b-9868-57a2d4851a1d" />
    <TestEntry testId="896411d9-249f-44f0-90f7-be920b44fbf3" executionId="7db2b1a1-8470-4d9f-a4cd-6c635132ca5c" testListId="8c84fa94-04c1-424b-9868-57a2d4851a1d" />
    <TestEntry testId="991c14b8-9f18-4670-be54-22e28467eca4" executionId="e4e160e4-a08a-41fe-8316-5a4ddec7207d" testListId="8c84fa94-04c1-424b-9868-57a2d4851a1d" />
    <TestEntry testId="f8c18eb1-c77a-4199-af56-5f1d7b795bac" executionId="01bdd36b-1306-45c6-b40f-ceee8a82effd" testListId="8c84fa94-04c1-424b-9868-57a2d4851a1d" />
    <TestEntry testId="06884dfa-a941-467e-8bdc-7ed94410a758" executionId="13126784-05e4-4d1f-8d94-64370a0d2dd5" testListId="8c84fa94-04c1-424b-9868-57a2d4851a1d" />
    <TestEntry testId="c3bda8ee-5103-48d9-8531-0fe8868dedf2" executionId="82f846ba-81f6-4db7-b8ee-b87d344619ce" testListId="8c84fa94-04c1-424b-9868-57a2d4851a1d" />
    <TestEntry testId="fbee6473-052c-46ba-9763-31f27016c10a" executionId="816fafdc-09fb-4fc7-bd8c-3d449eb7087b" testListId="8c84fa94-04c1-424b-9868-57a2d4851a1d" />
    <TestEntry testId="769eeba9-89e4-4160-a974-35cc77c43c3f" executionId="bc007e97-6074-4a10-a034-d0bff842f9d2" testListId="8c84fa94-04c1-424b-9868-57a2d4851a1d" />
    <TestEntry testId="0d5bfa4a-818d-4126-a7b1-75dd10f5ac44" executionId="6cdce2d8-facb-45b7-8f40-b43586911a30" testListId="8c84fa94-04c1-424b-9868-57a2d4851a1d" />
    <TestEntry testId="fa597072-1418-44fd-aa6f-9c9eeb96cd2b" executionId="b29ac396-4b9f-4704-ad86-0c0e722c6d66" testListId="8c84fa94-04c1-424b-9868-57a2d4851a1d" />
    <TestEntry testId="d0691886-a7f0-4210-b254-46eade007167" executionId="86eaaef8-03a3-4bef-b560-d8679bd22218" testListId="8c84fa94-04c1-424b-9868-57a2d4851a1d" />
    <TestEntry testId="2cc70154-ffdb-4a3a-8501-45266c686631" executionId="60efde88-d5d6-48c4-99ea-c54d07980c85" testListId="8c84fa94-04c1-424b-9868-57a2d4851a1d" />
    <TestEntry testId="77ed7e1d-c87f-4a40-8735-c08bd5d4004a" executionId="77ee6c4c-50cd-4b08-bdd6-c4c5d1079797" testListId="8c84fa94-04c1-424b-9868-57a2d4851a1d" />
    <TestEntry testId="54e82b88-2ad7-4048-abb5-cbf3cde9a3e6" executionId="a0c5d858-411e-4730-9e79-fd03e2148449" testListId="8c84fa94-04c1-424b-9868-57a2d4851a1d" />
    <TestEntry testId="eb9e4efa-e8a9-42a7-a37b-64e11c5a1e69" executionId="c41f14b5-00f8-4432-80b2-3cd3faf17892" testListId="8c84fa94-04c1-424b-9868-57a2d4851a1d" />
    <TestEntry testId="52126cba-1797-4924-a8d8-2db13eaf07a2" executionId="5c5669c4-6abe-45e6-80bd-f22d7e8694e2" testListId="8c84fa94-04c1-424b-9868-57a2d4851a1d" />
    <TestEntry testId="765a4b1d-2baa-4281-9089-e6a57281d41e" executionId="06f0bda8-c333-4dbb-9f3b-0c98a53dda53" testListId="8c84fa94-04c1-424b-9868-57a2d4851a1d" />
    <TestEntry testId="6b04b427-decc-433c-bd51-97518858bf16" executionId="d276d82c-3100-4275-873b-1b5b1e59dc6e" testListId="8c84fa94-04c1-424b-9868-57a2d4851a1d" />
    <TestEntry testId="5cfc728f-59bb-4444-b0c9-1b5418b8090a" executionId="4fe388b1-57bd-48cc-9bd8-8146002f6843" testListId="8c84fa94-04c1-424b-9868-57a2d4851a1d" />
    <TestEntry testId="2cd0f186-004a-4733-ad18-0b57cf6bbd6e" executionId="643e49bd-1903-4473-9334-e3bab7e8fa6a" testListId="8c84fa94-04c1-424b-9868-57a2d4851a1d" />
    <TestEntry testId="93af2e4b-9c2d-4a84-88d3-2299943ea8d3" executionId="a2033f40-4673-4b73-a79a-720fd66c86fd" testListId="8c84fa94-04c1-424b-9868-57a2d4851a1d" />
    <TestEntry testId="3d5155a1-4b17-4899-abdf-7443dea73893" executionId="d5e82b72-ac7c-4592-acd9-b60099515092" testListId="8c84fa94-04c1-424b-9868-57a2d4851a1d" />
    <TestEntry testId="29e42521-9a1f-4703-99c0-9604f6624f8f" executionId="50a7e60d-8801-4c2f-9d15-19e83c6477d3" testListId="8c84fa94-04c1-424b-9868-57a2d4851a1d" />
    <TestEntry testId="75390b97-ac00-412a-a74b-e68870dcaae3" executionId="0d1cf963-1f7e-4c4c-bf86-9d42e245ffb8" testListId="8c84fa94-04c1-424b-9868-57a2d4851a1d" />
    <TestEntry testId="23aad15a-8aec-4a9d-882f-28de117a2e00" executionId="fe5df5ff-c8a5-4f1d-a22b-4cac42373931" testListId="8c84fa94-04c1-424b-9868-57a2d4851a1d" />
    <TestEntry testId="471e8597-3529-4aae-a359-659bc44c8758" executionId="b89d7a47-cae9-4944-8483-2148a6715b67" testListId="8c84fa94-04c1-424b-9868-57a2d4851a1d" />
    <TestEntry testId="a35b18b3-0a58-469d-8077-dd31cd749b1f" executionId="4dde3f3f-c9b1-4c8c-bdab-42e0f781b988" testListId="8c84fa94-04c1-424b-9868-57a2d4851a1d" />
    <TestEntry testId="36203089-a407-4460-becd-c9cdd879f364" executionId="fbb5de51-b7f1-4ead-817d-d73be5e30967" testListId="8c84fa94-04c1-424b-9868-57a2d4851a1d" />
    <TestEntry testId="174caa63-41e6-47a4-b0a1-dc51506a4a5c" executionId="b094b5e3-f359-4ab7-982c-9970ba69d133" testListId="8c84fa94-04c1-424b-9868-57a2d4851a1d" />
    <TestEntry testId="7850c560-2a03-4a2a-af8d-2f8c07a4770f" executionId="7cc8429c-1cfa-487b-9a47-68a20aab39be" testListId="8c84fa94-04c1-424b-9868-57a2d4851a1d" />
    <TestEntry testId="0fa8f154-54cb-4aa7-95f7-8b61d96b30b4" executionId="438a7f75-6944-4fc9-90c5-df93fb035760" testListId="8c84fa94-04c1-424b-9868-57a2d4851a1d" />
    <TestEntry testId="6ffa7c08-78e7-420b-ba77-474b34c7473d" executionId="13ca0e6c-7638-4f5d-a382-58d484d1cbb8" testListId="8c84fa94-04c1-424b-9868-57a2d4851a1d" />
    <TestEntry testId="62ec7524-d321-4f71-b95e-0a12e1d856a3" executionId="7225e5d1-0d82-42bb-98d4-f4000d435c4b" testListId="8c84fa94-04c1-424b-9868-57a2d4851a1d" />
    <TestEntry testId="bef6f8e4-784e-4d41-bc85-6ec140e38d43" executionId="bf381a46-abe4-4b12-ba13-89c4676c8de9" testListId="8c84fa94-04c1-424b-9868-57a2d4851a1d" />
    <TestEntry testId="d790f7d4-a938-49d8-af7d-6835c5518aa9" executionId="71e4c254-beb4-4c1f-959a-9af2052e6a2c" testListId="8c84fa94-04c1-424b-9868-57a2d4851a1d" />
    <TestEntry testId="ffead494-94c5-49a5-a674-ca9c346a8225" executionId="b3b2d5a0-f6bc-4725-873d-46f8c34b2b85" testListId="8c84fa94-04c1-424b-9868-57a2d4851a1d" />
    <TestEntry testId="fee48708-047e-4f19-ada1-3981eeeaf08c" executionId="2d30299b-aff9-4cda-a02c-77f47acd402c" testListId="8c84fa94-04c1-424b-9868-57a2d4851a1d" />
    <TestEntry testId="0d6324fc-aca8-4f6f-bc42-583c0c06504a" executionId="12629a3f-a285-40c4-9d90-0f3e3f4a9aa0" testListId="8c84fa94-04c1-424b-9868-57a2d4851a1d" />
    <TestEntry testId="7b6dee47-47f7-4eb6-9857-7a03299428cb" executionId="a16a193f-e314-4f75-a264-094f8f1b2ee0" testListId="8c84fa94-04c1-424b-9868-57a2d4851a1d" />
    <TestEntry testId="534c9a7f-6dac-46e5-a42b-3ffcb5005f08" executionId="83f50e5b-7604-43ed-b840-4f962059c1d2" testListId="8c84fa94-04c1-424b-9868-57a2d4851a1d" />
    <TestEntry testId="8fb5edd0-63c8-4aac-a907-1ce018969740" executionId="8c16d844-e601-478f-a2a9-a4b362472adc" testListId="8c84fa94-04c1-424b-9868-57a2d4851a1d" />
    <TestEntry testId="a653b370-8fb8-4d14-beb3-e0f2de828246" executionId="ae43ae11-0a8a-4f7c-b8a3-c92b8310c0fb" testListId="8c84fa94-04c1-424b-9868-57a2d4851a1d" />
    <TestEntry testId="b627ae4b-5384-41db-a960-d67bddce8daa" executionId="e32369ba-f208-44b5-873a-b0ac669add30" testListId="8c84fa94-04c1-424b-9868-57a2d4851a1d" />
    <TestEntry testId="14990459-bdfa-488e-bcac-2596ead0229a" executionId="7651780b-17cc-4982-890f-46c7adf4d6ff" testListId="8c84fa94-04c1-424b-9868-57a2d4851a1d" />
    <TestEntry testId="4a160e92-958f-4398-9150-b0ceb7069860" executionId="64b02688-c7e8-4627-884a-78cf32ad5609" testListId="8c84fa94-04c1-424b-9868-57a2d4851a1d" />
    <TestEntry testId="4e5e7177-543d-45f0-9e35-387c5b229efe" executionId="97b40407-4a07-4e5e-b5d2-62e9eeae521c" testListId="8c84fa94-04c1-424b-9868-57a2d4851a1d" />
    <TestEntry testId="054f9bf1-464a-47e2-9767-80c8ea0b580e" executionId="e87b2495-9e38-4172-bf95-f21f7c97ab44" testListId="8c84fa94-04c1-424b-9868-57a2d4851a1d" />
    <TestEntry testId="b829d804-e98c-4e94-a5ee-dd2a945b752f" executionId="7358e3f3-1f00-4beb-8acf-77f99a47013c" testListId="8c84fa94-04c1-424b-9868-57a2d4851a1d" />
    <TestEntry testId="abcfc3e8-b384-438e-8d33-16ff181b42e6" executionId="bc366707-9bdb-48b2-8d36-a0240f234910" testListId="8c84fa94-04c1-424b-9868-57a2d4851a1d" />
    <TestEntry testId="1722a91e-ff40-420e-891f-c25972eede1f" executionId="ed43479a-6cd6-4d52-8d7e-12890948a8fa" testListId="8c84fa94-04c1-424b-9868-57a2d4851a1d" />
    <TestEntry testId="d603e65e-b693-4bc2-9f42-1f6944bd211f" executionId="dcea1e3d-a3dc-42d4-9af3-d11f45a8bb5e" testListId="8c84fa94-04c1-424b-9868-57a2d4851a1d" />
    <TestEntry testId="66f49fc3-36af-491f-ba89-4c64a3351604" executionId="b6392bdc-4f31-4758-863f-6768cf256ded" testListId="8c84fa94-04c1-424b-9868-57a2d4851a1d" />
    <TestEntry testId="ffe7e89d-9179-418f-962d-af4c311375db" executionId="d6a25c14-edbf-4577-94ac-3afd6362ac37" testListId="8c84fa94-04c1-424b-9868-57a2d4851a1d" />
    <TestEntry testId="35084fa5-c01e-4924-98ad-0f8da8b93759" executionId="ba4fdb72-8ec0-4ffd-90bb-b30d9f92851b" testListId="8c84fa94-04c1-424b-9868-57a2d4851a1d" />
    <TestEntry testId="1fe46fbb-b709-4903-b811-ab517fdc4b90" executionId="ed1dc083-3a08-4405-bebc-efdb51c0f6fc" testListId="8c84fa94-04c1-424b-9868-57a2d4851a1d" />
    <TestEntry testId="014b06d4-20bd-4de5-8252-d0f67c349b6c" executionId="4990f694-75f7-4146-a452-d77f5d0d54b4" testListId="8c84fa94-04c1-424b-9868-57a2d4851a1d" />
    <TestEntry testId="3f990931-fe0f-44d3-b057-8f02a82784a4" executionId="333e436d-cf04-490c-b93e-bd3d7abf1fc8" testListId="8c84fa94-04c1-424b-9868-57a2d4851a1d" />
    <TestEntry testId="cf41d815-cd23-4a70-a890-cdb7b066aa36" executionId="6aecbf0a-433a-449e-8eb2-6eb438271078" testListId="8c84fa94-04c1-424b-9868-57a2d4851a1d" />
    <TestEntry testId="6071493b-917b-480b-b194-fbdffc2a5e75" executionId="457b4aca-7473-4508-a2f6-7cda210b75c2" testListId="8c84fa94-04c1-424b-9868-57a2d4851a1d" />
    <TestEntry testId="0c6f7519-117a-4f2f-acd1-0d1781bb2984" executionId="fa66a6af-2d17-40a0-beab-55c1a5115977" testListId="8c84fa94-04c1-424b-9868-57a2d4851a1d" />
    <TestEntry testId="cecb1cac-8a40-4f2b-b92a-6eca46af004b" executionId="6fbec5fc-724b-40ce-805b-a7f2a951afe1" testListId="8c84fa94-04c1-424b-9868-57a2d4851a1d" />
    <TestEntry testId="4afd1407-7e86-4db0-a4f8-65e61128c4a3" executionId="59b6329b-b63c-48fb-85a7-bcaf10c35805" testListId="8c84fa94-04c1-424b-9868-57a2d4851a1d" />
    <TestEntry testId="834a0c28-d0fa-47e4-8b11-2af143a533fd" executionId="a81810a5-8722-405e-b241-208a45b7898b" testListId="8c84fa94-04c1-424b-9868-57a2d4851a1d" />
    <TestEntry testId="4964c243-d870-4f78-b21a-ce58bdcb4dcc" executionId="05fad9a8-d95f-47fe-a740-6d8a993b1ac7" testListId="8c84fa94-04c1-424b-9868-57a2d4851a1d" />
    <TestEntry testId="44329906-c3f5-421c-b39d-3b39c2888ea8" executionId="fcec16ad-4118-4175-bdf7-54d60698b4ce" testListId="8c84fa94-04c1-424b-9868-57a2d4851a1d" />
    <TestEntry testId="228420dd-cc5a-43bc-99e9-843bd4250372" executionId="d9c69f34-d8ad-4e8a-81e1-d33b15475d46" testListId="8c84fa94-04c1-424b-9868-57a2d4851a1d" />
    <TestEntry testId="e3317058-f3bf-4e71-b63d-26ed70a28775" executionId="424a3940-ffb6-485c-bb86-97eed75ed879" testListId="8c84fa94-04c1-424b-9868-57a2d4851a1d" />
    <TestEntry testId="5f21a80c-a080-414c-9535-2438e76f395b" executionId="ff7f2886-8dcf-4e1b-aa71-9e321320059b" testListId="8c84fa94-04c1-424b-9868-57a2d4851a1d" />
    <TestEntry testId="649a2270-89bb-4396-af70-2475fc63e4f9" executionId="3a2c28f6-bc4d-458b-af31-44d48ddbe020" testListId="8c84fa94-04c1-424b-9868-57a2d4851a1d" />
    <TestEntry testId="fa31ea63-f6c3-4563-831e-c2ef12551dbd" executionId="1ed318ce-e2a7-4fed-ac30-335b0663ec32" testListId="8c84fa94-04c1-424b-9868-57a2d4851a1d" />
    <TestEntry testId="55b46837-9436-4977-9298-d047c2d4cb73" executionId="28befeae-b9d1-44c8-9507-b04d2ea416ae" testListId="8c84fa94-04c1-424b-9868-57a2d4851a1d" />
    <TestEntry testId="44a09469-336e-4489-9ae0-b9bc15aa4d19" executionId="5edcc746-c239-458a-836d-cb18c2098a5e" testListId="8c84fa94-04c1-424b-9868-57a2d4851a1d" />
    <TestEntry testId="adbe083e-5c50-4653-8297-7a55f762afae" executionId="4a79e22e-9bfa-4f63-9e95-a1b49ef5386c" testListId="8c84fa94-04c1-424b-9868-57a2d4851a1d" />
    <TestEntry testId="c6029213-716b-4eda-bb15-a7c50271feb0" executionId="9dacc5c3-d9cb-46fa-9c4d-8cf0ee098205" testListId="8c84fa94-04c1-424b-9868-57a2d4851a1d" />
    <TestEntry testId="60712df9-f7d9-4708-a5c6-5bf3fff32986" executionId="bdbf9123-cd3d-4750-af6c-4f337bf55bcb" testListId="8c84fa94-04c1-424b-9868-57a2d4851a1d" />
    <TestEntry testId="915ac9da-265a-477e-aa62-941f448ceeea" executionId="10290354-29d0-4576-ab4e-7b456df92d66" testListId="8c84fa94-04c1-424b-9868-57a2d4851a1d" />
    <TestEntry testId="6281914c-a015-41ab-9a75-03acdbc3d1dc" executionId="824a0db2-1099-4856-8d08-5368c2800589" testListId="8c84fa94-04c1-424b-9868-57a2d4851a1d" />
    <TestEntry testId="a6cd8f23-1fe7-4e60-b4fe-912707f75d9e" executionId="905c53e6-3b76-46fc-bbdd-cbaecb61c345" testListId="8c84fa94-04c1-424b-9868-57a2d4851a1d" />
    <TestEntry testId="e2b15594-af9e-4f59-b820-28a0b67fa458" executionId="8bec90cd-8f57-4a9a-8f0d-e47c630a3b93" testListId="8c84fa94-04c1-424b-9868-57a2d4851a1d" />
    <TestEntry testId="87695038-40ec-4a0d-a09d-24e4f4d223ee" executionId="3869d752-8010-4767-a6b8-7e1766d10522" testListId="8c84fa94-04c1-424b-9868-57a2d4851a1d" />
    <TestEntry testId="4b93047f-7947-4c6f-85b7-4a57dc8ce219" executionId="adb4ec8f-a47d-4214-8dfa-55c5272e73ec" testListId="8c84fa94-04c1-424b-9868-57a2d4851a1d" />
    <TestEntry testId="f76f8333-f40d-46c1-a350-ca58a1df4703" executionId="4a087e6a-1d98-4232-946e-7e23d86d4e0e" testListId="8c84fa94-04c1-424b-9868-57a2d4851a1d" />
    <TestEntry testId="2296b549-76d0-4fcd-b04b-e0bb075fbeaa" executionId="cecddf01-847f-42cb-b3fe-6e461429ed5f" testListId="8c84fa94-04c1-424b-9868-57a2d4851a1d" />
    <TestEntry testId="efec0fa2-0127-4498-866b-5b466fb08173" executionId="c9f9fac6-5f92-48a7-9a46-766711d25be8" testListId="8c84fa94-04c1-424b-9868-57a2d4851a1d" />
    <TestEntry testId="720a7dfb-0969-42c3-b3c1-b816fc3a5717" executionId="27dd9545-3817-4b42-a842-b9b33d9347fc" testListId="8c84fa94-04c1-424b-9868-57a2d4851a1d" />
    <TestEntry testId="159e7439-2319-409f-a184-bef6632f2654" executionId="e59f54d8-2987-44a7-84b4-1d3a221e2169" testListId="8c84fa94-04c1-424b-9868-57a2d4851a1d" />
    <TestEntry testId="a72f01dc-658b-4aca-aa3e-268f55fa6c24" executionId="176de6bd-4914-469b-842d-1dc54221f96e" testListId="8c84fa94-04c1-424b-9868-57a2d4851a1d" />
    <TestEntry testId="7e5abbf6-a111-47e8-b858-86792584675b" executionId="d5b93b2d-b842-442d-bc25-1e5896cb75f5" testListId="8c84fa94-04c1-424b-9868-57a2d4851a1d" />
    <TestEntry testId="18defc31-78c2-4d5a-b225-5f8cab52bb60" executionId="ab79de99-7601-4fa6-8970-b109556423aa" testListId="8c84fa94-04c1-424b-9868-57a2d4851a1d" />
    <TestEntry testId="17fa757f-8a8e-40d5-9006-874ebf453d5c" executionId="ceb253bd-cf10-4d49-b4c2-84e8efc01083" testListId="8c84fa94-04c1-424b-9868-57a2d4851a1d" />
    <TestEntry testId="82c8c3ef-3614-4d65-976c-ee5d74770823" executionId="d8f2f21d-daae-4f9d-a22a-138ce499fd23" testListId="8c84fa94-04c1-424b-9868-57a2d4851a1d" />
    <TestEntry testId="169816d6-e74c-47d6-b12e-d90ea5b020dd" executionId="56c11ace-15ec-4ada-9d46-70e5cb5a5140" testListId="8c84fa94-04c1-424b-9868-57a2d4851a1d" />
    <TestEntry testId="689f3bef-b102-4ee6-82f7-5f468060b787" executionId="84779d67-6fbc-4376-a901-a753dfd2c486" testListId="8c84fa94-04c1-424b-9868-57a2d4851a1d" />
    <TestEntry testId="704c51e8-1535-4874-8771-e7942e7b9b05" executionId="896ca498-276c-4e42-bc56-2cb550b2f0e1" testListId="8c84fa94-04c1-424b-9868-57a2d4851a1d" />
    <TestEntry testId="3e79b4b1-2920-4f88-a310-d60607ff56a6" executionId="5aa79596-d612-4447-9a4d-09ef8d7b96e6" testListId="8c84fa94-04c1-424b-9868-57a2d4851a1d" />
    <TestEntry testId="7fa46f80-bf0b-4f4d-bfbb-4ca5e11df9bf" executionId="edb7a4bc-8be8-43a0-a70a-9568efe6ffc8" testListId="8c84fa94-04c1-424b-9868-57a2d4851a1d" />
    <TestEntry testId="a5355565-2d6c-4725-8e49-63c219275efa" executionId="4b4252fc-65a3-4e99-8706-080379113fff" testListId="8c84fa94-04c1-424b-9868-57a2d4851a1d" />
    <TestEntry testId="012a7a69-dbed-4bca-b2a7-ea8ee38ee878" executionId="87eff4c6-903e-4b52-a590-c1d075432d0d" testListId="8c84fa94-04c1-424b-9868-57a2d4851a1d" />
    <TestEntry testId="0e58d296-e226-4796-8226-7771fc65c5d5" executionId="1a746ad1-5bbd-4632-92c1-b3a270d09606" testListId="8c84fa94-04c1-424b-9868-57a2d4851a1d" />
    <TestEntry testId="eeb8bebb-b012-48ed-ab7d-9c8b82b42e93" executionId="6c8c3524-9099-40bd-acc0-2120ded85ce8" testListId="8c84fa94-04c1-424b-9868-57a2d4851a1d" />
    <TestEntry testId="865a95db-e9c7-4c88-8075-c01883e96b59" executionId="dcce4095-0b80-40b5-b28f-94bafd89a974" testListId="8c84fa94-04c1-424b-9868-57a2d4851a1d" />
    <TestEntry testId="7a8354a6-33ea-4276-90f1-9032ac74e294" executionId="5f2f91f1-7130-4bd6-a4c3-a6b4f40218b6" testListId="8c84fa94-04c1-424b-9868-57a2d4851a1d" />
    <TestEntry testId="97c87a1a-d431-42d3-a655-6c763fe559d6" executionId="c9047825-a281-4130-a698-0b1514fcbfc0" testListId="8c84fa94-04c1-424b-9868-57a2d4851a1d" />
    <TestEntry testId="5f6e8bb0-a774-432c-b28c-efc09dde7cd8" executionId="8a0a1954-5dd1-4c92-9471-4703c581f991" testListId="8c84fa94-04c1-424b-9868-57a2d4851a1d" />
    <TestEntry testId="18e76932-df88-4b7d-b476-2c91d7afcbf2" executionId="0ded5182-7d10-4dd0-a08e-ac13b65c7f5b" testListId="8c84fa94-04c1-424b-9868-57a2d4851a1d" />
    <TestEntry testId="c6d38969-82fb-49da-96c7-0edc6633b828" executionId="026d9f88-568a-4f34-a963-c92b293fd604" testListId="8c84fa94-04c1-424b-9868-57a2d4851a1d" />
    <TestEntry testId="af7fa5eb-6355-4984-b419-256cbe57c9c6" executionId="4004b2a7-73c7-41e7-bccf-ba799e5677fb" testListId="8c84fa94-04c1-424b-9868-57a2d4851a1d" />
    <TestEntry testId="e3d6339a-f57b-4798-8090-19459bdfa534" executionId="dfb74737-3761-4772-916d-fa0edf505427" testListId="8c84fa94-04c1-424b-9868-57a2d4851a1d" />
    <TestEntry testId="3c484e93-b7af-4ab5-984e-ead1c77bfebb" executionId="72e1eb0c-7da1-40d9-81bf-29b1c4f6b05d" testListId="8c84fa94-04c1-424b-9868-57a2d4851a1d" />
    <TestEntry testId="586e4b21-15b3-4115-8a5d-cfa31986bd93" executionId="190aa77d-734f-4486-9231-54ffeb55b7fd" testListId="8c84fa94-04c1-424b-9868-57a2d4851a1d" />
    <TestEntry testId="00250cd3-9c09-4097-8fdf-57969efab18d" executionId="8d58188e-02ff-462d-9886-b76766ff76a8" testListId="8c84fa94-04c1-424b-9868-57a2d4851a1d" />
    <TestEntry testId="b7616712-c724-4953-80e9-4460dcfe0523" executionId="920ea09a-91d0-438e-a446-bdeb0a46da7b" testListId="8c84fa94-04c1-424b-9868-57a2d4851a1d" />
    <TestEntry testId="b03f5225-5db8-467d-8e92-a2a3f08d49cc" executionId="de6877b7-f491-4cb2-bda6-3c38dae84bb6" testListId="8c84fa94-04c1-424b-9868-57a2d4851a1d" />
    <TestEntry testId="ef6ab22a-b487-46e2-aec2-734e403be422" executionId="df2f9f87-be08-4189-86b8-9c693621d2a8" testListId="8c84fa94-04c1-424b-9868-57a2d4851a1d" />
    <TestEntry testId="4743646c-a618-406b-a411-4de3079f9906" executionId="8ffd499e-d65c-4bdc-9b1a-594cebd9ede8" testListId="8c84fa94-04c1-424b-9868-57a2d4851a1d" />
    <TestEntry testId="5bb0072d-6044-49fa-a050-5a751ef2ee3b" executionId="b8d34007-c1ce-4ebc-b1d2-2a11f3193e61" testListId="8c84fa94-04c1-424b-9868-57a2d4851a1d" />
    <TestEntry testId="f67358db-ca10-44b1-9088-fde04161235d" executionId="f6135330-d1bd-4919-8250-2535f9bfe147" testListId="8c84fa94-04c1-424b-9868-57a2d4851a1d" />
    <TestEntry testId="4e3e4550-3872-438f-a22a-84d1135e7729" executionId="38dee2ed-25a5-4cd2-91b8-ece2a7999288" testListId="8c84fa94-04c1-424b-9868-57a2d4851a1d" />
    <TestEntry testId="b7a10c54-e4b9-4b2e-b840-a030dd160615" executionId="1d049a44-80b5-45d3-8db6-514d356acbc6" testListId="8c84fa94-04c1-424b-9868-57a2d4851a1d" />
    <TestEntry testId="98268edc-f5d7-4528-b704-4562d2a9eae2" executionId="8c5f9913-36f0-4458-a3ff-1d489593fdb5" testListId="8c84fa94-04c1-424b-9868-57a2d4851a1d" />
    <TestEntry testId="91b48259-b11c-4c7e-9488-1eb56fb920d0" executionId="937a7aa7-b6fa-447c-968b-5c6b23f1b46b" testListId="8c84fa94-04c1-424b-9868-57a2d4851a1d" />
    <TestEntry testId="beae7d43-e1c9-48b3-bde4-b206c69d90ac" executionId="4b1643d4-a0f4-4644-b00c-cbbaae2669cf" testListId="8c84fa94-04c1-424b-9868-57a2d4851a1d" />
    <TestEntry testId="58572ced-3110-455e-a479-bcef0dd374fa" executionId="7af2cb56-4bb6-4781-8cac-72b3716c0fbb" testListId="8c84fa94-04c1-424b-9868-57a2d4851a1d" />
    <TestEntry testId="1962d3bc-20b8-4efd-aa33-ad6d85fc860f" executionId="f0bd90f4-aac5-4819-bfa1-bc57b3d3e614" testListId="8c84fa94-04c1-424b-9868-57a2d4851a1d" />
    <TestEntry testId="552beb03-413b-4e45-96c2-6ab5ce7327f1" executionId="c566a90c-3384-4cd0-aabf-4937d8d78c1c" testListId="8c84fa94-04c1-424b-9868-57a2d4851a1d" />
    <TestEntry testId="8dd7539a-2aae-427e-a9cf-6e280733eb81" executionId="ba9752a4-83a5-4603-af06-ab3da7d61525" testListId="8c84fa94-04c1-424b-9868-57a2d4851a1d" />
    <TestEntry testId="681afe15-8183-4378-8996-7ea975efef43" executionId="cc70fc6c-acb4-40bf-a601-3c4c78ef0f26" testListId="8c84fa94-04c1-424b-9868-57a2d4851a1d" />
    <TestEntry testId="c5f94f51-48d4-4ba1-b8e5-d0ed435fdfd0" executionId="c34ce1ea-6a40-4763-bf5f-808872edb145" testListId="8c84fa94-04c1-424b-9868-57a2d4851a1d" />
    <TestEntry testId="a4a49870-6ad7-4f5f-ab38-757d28a2e49a" executionId="765675c9-4474-4ed5-b0e7-812cfcf85754" testListId="8c84fa94-04c1-424b-9868-57a2d4851a1d" />
    <TestEntry testId="65640890-baf4-4a8f-a96b-508736607ace" executionId="d9a10b9c-c2fc-4aeb-a737-74275237535a" testListId="8c84fa94-04c1-424b-9868-57a2d4851a1d" />
    <TestEntry testId="50a06b0c-26ed-48f1-9e8d-82954f237a23" executionId="a42933e7-d5db-4be3-a77d-a83727a1c9c9" testListId="8c84fa94-04c1-424b-9868-57a2d4851a1d" />
    <TestEntry testId="66bcecb3-38b9-4b37-8060-41da9d496d46" executionId="aac23c78-035f-4a27-bcf4-ae6fc5f72618" testListId="8c84fa94-04c1-424b-9868-57a2d4851a1d" />
    <TestEntry testId="6dd687ab-941d-44d4-a51a-cedf91e42d6d" executionId="6a5f3f8e-c81f-4e7f-838f-2cffdd30accc" testListId="8c84fa94-04c1-424b-9868-57a2d4851a1d" />
    <TestEntry testId="ddb1d5f6-a645-41f2-a23e-fd1cde94bc63" executionId="fc7a1e27-e1df-4363-b8c3-ee7af6451144" testListId="8c84fa94-04c1-424b-9868-57a2d4851a1d" />
    <TestEntry testId="3139cac9-3dff-4fd7-ae35-48b8b5746432" executionId="67c706b5-5ea5-4652-b3a3-a8bc1bedc5c0" testListId="8c84fa94-04c1-424b-9868-57a2d4851a1d" />
    <TestEntry testId="f9ca9842-9171-4e64-97bd-7b08a3e7b159" executionId="7cc4184b-46e3-415b-9e9a-48165cd018e4" testListId="8c84fa94-04c1-424b-9868-57a2d4851a1d" />
    <TestEntry testId="59fb09ea-bb79-4106-9b16-7e459de3f557" executionId="c3efe8ff-67fe-460b-a3de-c3fcef824f4a" testListId="8c84fa94-04c1-424b-9868-57a2d4851a1d" />
    <TestEntry testId="70bfd5c5-103b-4c49-be3b-14d83fed2086" executionId="47923277-b2a1-4e94-85ed-fc252721867f" testListId="8c84fa94-04c1-424b-9868-57a2d4851a1d" />
    <TestEntry testId="0e256d8c-ed5f-4a2f-9c3d-4263ee777983" executionId="75169c05-9fa3-4513-8d8a-83fc5f5f04b2" testListId="8c84fa94-04c1-424b-9868-57a2d4851a1d" />
    <TestEntry testId="c1fc0484-e395-4fc2-8fef-b6f43376093b" executionId="a8fc09b3-c470-4afa-b200-3883328ed7e9" testListId="8c84fa94-04c1-424b-9868-57a2d4851a1d" />
    <TestEntry testId="70af3079-e5d9-4c9e-bfb2-e813ca260ea8" executionId="b078dfaa-cc72-477b-ae4a-ccf396ca506f" testListId="8c84fa94-04c1-424b-9868-57a2d4851a1d" />
    <TestEntry testId="5f1a8464-3905-4326-8526-454fa9ff8619" executionId="f2f0be65-1273-4d33-8dab-773e0fdcd0ae" testListId="8c84fa94-04c1-424b-9868-57a2d4851a1d" />
    <TestEntry testId="abd7fc2b-7760-4e51-903e-4ce941356657" executionId="f0650480-6e19-49e2-8085-4394f27afab6" testListId="8c84fa94-04c1-424b-9868-57a2d4851a1d" />
    <TestEntry testId="ab95afb7-eaa0-4b15-a88b-089e582cb60a" executionId="8c91b5ba-b78b-41ae-a48a-edc35bc2b2f0" testListId="8c84fa94-04c1-424b-9868-57a2d4851a1d" />
    <TestEntry testId="278f0407-1262-435e-bd58-f624a5409fab" executionId="e3aa0ef9-34ef-432c-97ba-fbe8ed91be46" testListId="8c84fa94-04c1-424b-9868-57a2d4851a1d" />
    <TestEntry testId="0416d022-239e-4ca8-be72-4c07c0ba4501" executionId="da15aa23-81c7-4df9-b64d-15c82aa3b6cf" testListId="8c84fa94-04c1-424b-9868-57a2d4851a1d" />
    <TestEntry testId="b86e5c36-0f24-407b-a660-390a2f3e8d55" executionId="e7292444-e076-4365-bc08-ffb12f117bd7" testListId="8c84fa94-04c1-424b-9868-57a2d4851a1d" />
    <TestEntry testId="a62b38fa-1eca-4799-b4ea-f2e6bc4b2fdd" executionId="778511dd-c56e-4570-9495-fa85a254c3ab" testListId="8c84fa94-04c1-424b-9868-57a2d4851a1d" />
    <TestEntry testId="9f9f2f2e-f3e6-4d2a-8199-22cb21636ad5" executionId="0fb0b33f-945f-4cc8-b342-54e7160efe3d" testListId="8c84fa94-04c1-424b-9868-57a2d4851a1d" />
    <TestEntry testId="8a33e26b-5b72-421a-8a34-ce973547ed83" executionId="f213efb5-6729-4f55-b3d7-1c3d44875045" testListId="8c84fa94-04c1-424b-9868-57a2d4851a1d" />
    <TestEntry testId="ffb33900-d7bb-4f8c-b163-00a117eeb620" executionId="5ef75352-9dca-4287-b7f5-96ad3e36e30a" testListId="8c84fa94-04c1-424b-9868-57a2d4851a1d" />
    <TestEntry testId="e29fddc7-3c72-4d54-9979-d86d7fd80afa" executionId="18a5d49e-3d44-4992-bc2e-6f90e13d5169" testListId="8c84fa94-04c1-424b-9868-57a2d4851a1d" />
    <TestEntry testId="edd5114a-76ec-4282-b2b9-226b08433b4b" executionId="994212d5-2c97-40e4-a3c7-f8445364ca98" testListId="8c84fa94-04c1-424b-9868-57a2d4851a1d" />
    <TestEntry testId="233f3229-9076-4940-8256-151aa564dc30" executionId="28ffdd04-9741-4fbc-aef4-3ae7f93ca2a5" testListId="8c84fa94-04c1-424b-9868-57a2d4851a1d" />
    <TestEntry testId="fa21cbae-49fa-48d2-be0c-1135b79ab2d8" executionId="be7b6177-72d5-4d1b-88d1-805fd46650e6" testListId="8c84fa94-04c1-424b-9868-57a2d4851a1d" />
    <TestEntry testId="9cac036a-4744-44b7-8f1d-53e3a5e4a3ed" executionId="892fc927-c71b-4947-8eff-291679dfa912" testListId="8c84fa94-04c1-424b-9868-57a2d4851a1d" />
    <TestEntry testId="24564d00-8504-48a0-83e0-dd70f1efa5b2" executionId="13305fd3-b678-4b5c-b6ce-80ff2e89a4c3" testListId="8c84fa94-04c1-424b-9868-57a2d4851a1d" />
    <TestEntry testId="8bcbc4ad-e24e-48c6-9a4b-7360eca87bb5" executionId="fadcdefa-ceb3-4dbb-ad91-15a6676bfecf" testListId="8c84fa94-04c1-424b-9868-57a2d4851a1d" />
    <TestEntry testId="a65f4c3c-8123-48ee-a172-c9b206fc60b6" executionId="27459c78-7639-4976-870e-16a49f031f5b" testListId="8c84fa94-04c1-424b-9868-57a2d4851a1d" />
    <TestEntry testId="caf5b6af-d829-48ac-8a60-60c13e269e7f" executionId="a5a5a8cc-526d-4da7-a9af-b822adb21b0f" testListId="8c84fa94-04c1-424b-9868-57a2d4851a1d" />
    <TestEntry testId="8298057a-0f15-4ccd-a78e-214c8a6c3bd2" executionId="f3ab399e-f2e1-4d6b-9935-0a7a79623ea9" testListId="8c84fa94-04c1-424b-9868-57a2d4851a1d" />
    <TestEntry testId="c5429d42-7fc0-494f-af92-2929274d3b2a" executionId="c7aac9ea-dc04-447b-8871-ba89d78ae976" testListId="8c84fa94-04c1-424b-9868-57a2d4851a1d" />
    <TestEntry testId="4bae6e7b-a9c0-4fb8-b310-3302bba40954" executionId="dcc258e5-f9dd-4ac2-811e-1d0ac58f8128" testListId="8c84fa94-04c1-424b-9868-57a2d4851a1d" />
    <TestEntry testId="0f0b0bd1-9687-4181-a7c0-ac075728c5ee" executionId="b06f07ef-e2c7-4467-ac3d-0957eba0ebd0" testListId="8c84fa94-04c1-424b-9868-57a2d4851a1d" />
    <TestEntry testId="13a43a22-3399-4564-af79-46dea95ecc41" executionId="61e12d63-5e67-40ac-b8ca-0bb71566fd0e" testListId="8c84fa94-04c1-424b-9868-57a2d4851a1d" />
    <TestEntry testId="a509ff82-5146-4ff4-9fa8-17a154be0efb" executionId="f5879c2b-61d9-4225-9fb4-3bc61e8e9b5c" testListId="8c84fa94-04c1-424b-9868-57a2d4851a1d" />
    <TestEntry testId="c9a01d10-c53b-4fb5-aa1d-95c4ee905a32" executionId="b6ea11fa-f864-4cd5-8cf9-835cbbb6cff6" testListId="8c84fa94-04c1-424b-9868-57a2d4851a1d" />
    <TestEntry testId="755fc452-d8a9-4562-bdf4-3e6fc95ed9df" executionId="5d469460-5193-4865-bb40-2f68d1e5f799" testListId="8c84fa94-04c1-424b-9868-57a2d4851a1d" />
    <TestEntry testId="9ae306f4-d30e-4b34-b146-9d3fd8a9a94c" executionId="014579b7-286f-49b8-9217-5c74614ef69b" testListId="8c84fa94-04c1-424b-9868-57a2d4851a1d" />
    <TestEntry testId="c16fc05e-3ee4-440e-9b6f-909b80265020" executionId="90e0bee2-6358-4971-8c25-838dc0789673" testListId="8c84fa94-04c1-424b-9868-57a2d4851a1d" />
    <TestEntry testId="7345d864-6d3a-4fbd-a276-6def7f8b8eae" executionId="a3fce0a5-e69d-4286-b18e-50ad9deb6dc9" testListId="8c84fa94-04c1-424b-9868-57a2d4851a1d" />
    <TestEntry testId="6918cc9f-ac54-48d7-bc07-d53d086da489" executionId="4366eb84-7b73-4935-a84a-87b63d763219" testListId="8c84fa94-04c1-424b-9868-57a2d4851a1d" />
    <TestEntry testId="dc73a818-8011-42d1-8ea2-37a2dc15041b" executionId="e3556f76-9212-49ed-808f-2b123fe71011" testListId="8c84fa94-04c1-424b-9868-57a2d4851a1d" />
    <TestEntry testId="d741c441-51b2-48bd-8bd8-6674b44625af" executionId="86ac9d7e-c328-47ed-af46-0e0bc766ab97" testListId="8c84fa94-04c1-424b-9868-57a2d4851a1d" />
    <TestEntry testId="b3199c41-7a1f-4a2f-93b5-fa8e80f6a5c7" executionId="16b20a58-0ed4-42c8-a864-1440accd11e7" testListId="8c84fa94-04c1-424b-9868-57a2d4851a1d" />
    <TestEntry testId="5ae5fc96-44a7-4901-98ae-0a153251a77c" executionId="787c2416-0f82-4600-968b-c8fe059a596e" testListId="8c84fa94-04c1-424b-9868-57a2d4851a1d" />
    <TestEntry testId="daffbaa1-d740-4981-9f58-b2991ca6b5ba" executionId="fc3cc20b-993c-4778-bd6c-b2c794d56da4" testListId="8c84fa94-04c1-424b-9868-57a2d4851a1d" />
    <TestEntry testId="b1d7b841-2bf8-4244-b321-b221d2f7e9f1" executionId="7a98915f-32a0-4644-83a8-f3474fa5b989" testListId="8c84fa94-04c1-424b-9868-57a2d4851a1d" />
    <TestEntry testId="d6c01bcf-93f4-42bd-819e-ee7abd4ab0ee" executionId="83d6455a-f17b-426b-ac95-dce03cb86a6c" testListId="8c84fa94-04c1-424b-9868-57a2d4851a1d" />
    <TestEntry testId="69bef3dd-2474-4a16-ae59-2103d57e0752" executionId="ce8a9f78-9327-4b77-a50e-9987e480f654" testListId="8c84fa94-04c1-424b-9868-57a2d4851a1d" />
    <TestEntry testId="ea80ad7e-43ee-4e16-9ddc-0bbb30f3236b" executionId="fe50cb6b-d9c5-4fa2-8c06-da0341ad4c8e" testListId="8c84fa94-04c1-424b-9868-57a2d4851a1d" />
    <TestEntry testId="e58e7e58-d33f-414b-a895-e3c94835a965" executionId="4f7db02e-eb2c-4748-aaa3-a945e1f0e7eb" testListId="8c84fa94-04c1-424b-9868-57a2d4851a1d" />
    <TestEntry testId="0ffe54e6-852a-410b-abd7-466e501ff61a" executionId="e9a2db6d-de64-41fb-bbc2-84b38e79d1c9" testListId="8c84fa94-04c1-424b-9868-57a2d4851a1d" />
    <TestEntry testId="33b2adba-f0c8-488d-a8fc-a6a2acc3e985" executionId="9d41f2d2-0ca3-4bd3-bead-b3b1892ac07f" testListId="8c84fa94-04c1-424b-9868-57a2d4851a1d" />
    <TestEntry testId="5dd72c32-1c1a-4925-9368-ae01238948c5" executionId="0b602be2-f387-41c9-8595-71480ce4c866" testListId="8c84fa94-04c1-424b-9868-57a2d4851a1d" />
    <TestEntry testId="e68bb620-e38c-4700-9f83-e000579065a4" executionId="ef9d425a-8f54-4838-bbc6-4c12ff0251e2" testListId="8c84fa94-04c1-424b-9868-57a2d4851a1d" />
    <TestEntry testId="52950534-671d-4e17-8b37-a9c9644bf38a" executionId="7f6f6d48-2385-442c-bcc7-a92951474053" testListId="8c84fa94-04c1-424b-9868-57a2d4851a1d" />
    <TestEntry testId="3b84661a-7c37-cca0-700d-3bb84db8437a" executionId="85dcfb8a-6068-4fd6-b25d-9c6bdcec30c8" testListId="8c84fa94-04c1-424b-9868-57a2d4851a1d" />
    <TestEntry testId="6d2d9ede-d55b-78ac-7d0b-432586b589f3" executionId="acf49bf1-62fb-4f17-8288-07173000a3b7" testListId="8c84fa94-04c1-424b-9868-57a2d4851a1d" />
    <TestEntry testId="981d829e-648e-34d7-a199-23e1466a645d" executionId="55308595-ad18-4215-bdd5-c17e1c26add0" testListId="8c84fa94-04c1-424b-9868-57a2d4851a1d" />
    <TestEntry testId="421f8e36-510c-2371-6cfa-06cf3c853059" executionId="367ad8fc-cb9c-4cab-bfff-79cc3948e4df" testListId="8c84fa94-04c1-424b-9868-57a2d4851a1d" />
    <TestEntry testId="979d2288-7a4a-91b9-6922-9e608cc774e5" executionId="f1145420-eb42-48a0-8993-3125e0b5fdca" testListId="8c84fa94-04c1-424b-9868-57a2d4851a1d" />
    <TestEntry testId="ceb47136-ea01-9ec8-978a-103a362be7d1" executionId="ae305107-0ff1-437c-a44b-eed8bc3c5052" testListId="8c84fa94-04c1-424b-9868-57a2d4851a1d" />
    <TestEntry testId="1eba7923-ac40-5a42-b342-86d6e022b76a" executionId="ea54e97e-e9da-4379-9f91-54d3b2754ab3" testListId="8c84fa94-04c1-424b-9868-57a2d4851a1d" />
    <TestEntry testId="db5fa9ea-9c01-4641-4b39-8ab464d05cd5" executionId="ff680f58-02c8-42ad-8b49-4bf3d9f84f49" testListId="8c84fa94-04c1-424b-9868-57a2d4851a1d" />
    <TestEntry testId="2fde0283-7940-64f3-bfdb-68fbbb020d42" executionId="e39cf12a-bc00-4cde-96c6-e53d8e68f26f" testListId="8c84fa94-04c1-424b-9868-57a2d4851a1d" />
    <TestEntry testId="c49bc7bc-ef48-f72e-6053-23d39b7ba974" executionId="51196386-2db6-4014-9d08-5eddb60a5bd0" testListId="8c84fa94-04c1-424b-9868-57a2d4851a1d" />
    <TestEntry testId="e851e968-bb51-9813-af28-1527e2e4287f" executionId="528f8c7a-e9a7-4fcb-9cd0-11c273b08035" testListId="8c84fa94-04c1-424b-9868-57a2d4851a1d" />
    <TestEntry testId="60b6beaa-a5ad-1b7c-a208-232e5a196c8b" executionId="3516d60e-642c-4bbc-9c3d-cb0b66142999" testListId="8c84fa94-04c1-424b-9868-57a2d4851a1d" />
    <TestEntry testId="55675921-8054-9cf3-a6a1-f51c891ad623" executionId="8932f9a6-afbe-4b83-85f9-82019727d712" testListId="8c84fa94-04c1-424b-9868-57a2d4851a1d" />
    <TestEntry testId="ef7e1464-dd08-6bbf-31d7-5ae75e0fe5d1" executionId="f8f07286-8160-421f-9fd0-56ce276dbea7" testListId="8c84fa94-04c1-424b-9868-57a2d4851a1d" />
    <TestEntry testId="0c5c6682-4e3d-f360-5177-4771b6d862a3" executionId="afebdd69-f291-4454-97dd-727c9d254484" testListId="8c84fa94-04c1-424b-9868-57a2d4851a1d" />
    <TestEntry testId="ea3c0066-e5a3-8876-ae90-32b00fe15462" executionId="4b2ec833-4f0b-4f7a-88cd-e6c5f4c1ed76" testListId="8c84fa94-04c1-424b-9868-57a2d4851a1d" />
    <TestEntry testId="016edeaf-678b-d672-e612-30759861dd4a" executionId="bd94ea1e-9bf5-4d23-8962-aeebdbccae73" testListId="8c84fa94-04c1-424b-9868-57a2d4851a1d" />
    <TestEntry testId="a71d29c0-a2a6-2454-43b0-8d8521c4dee6" executionId="2ea8d0a5-bb4c-40e8-9b5c-6a952e3720be" testListId="8c84fa94-04c1-424b-9868-57a2d4851a1d" />
    <TestEntry testId="89240476-ec37-53c8-c511-bdbe873a2b56" executionId="32dd5e73-2e36-44e8-a7f5-fdaa5d6a1897" testListId="8c84fa94-04c1-424b-9868-57a2d4851a1d" />
    <TestEntry testId="eb4854af-7c35-e1f0-f06a-a203aabf1409" executionId="62fe5d80-7425-44a4-92c0-22e3b41fbccc" testListId="8c84fa94-04c1-424b-9868-57a2d4851a1d" />
    <TestEntry testId="72a5c19a-8f17-f783-001c-9c1393517b26" executionId="b128baf2-13a5-4fe9-a779-05e5619eea54" testListId="8c84fa94-04c1-424b-9868-57a2d4851a1d" />
    <TestEntry testId="ba74b635-4e04-7206-4503-ae0455735efc" executionId="c9c1fe5d-57de-42b1-a050-d09952ac5b48" testListId="8c84fa94-04c1-424b-9868-57a2d4851a1d" />
    <TestEntry testId="8b2b7757-e3ed-8c1e-58aa-4fd3a51299d7" executionId="18c3db6d-8f0a-4003-a877-e3c25501ade6" testListId="8c84fa94-04c1-424b-9868-57a2d4851a1d" />
    <TestEntry testId="a5a85c20-49b5-083e-4284-1d18b1657a7d" executionId="03b73b84-bc6e-4f07-bef9-dc33e152015a" testListId="8c84fa94-04c1-424b-9868-57a2d4851a1d" />
    <TestEntry testId="3becb32a-6b5d-a840-de54-f21fbca008b3" executionId="c65bf554-d112-49f0-9ed5-9e7316327f20" testListId="8c84fa94-04c1-424b-9868-57a2d4851a1d" />
    <TestEntry testId="cae260b1-265f-edfc-4633-ef411d921bbd" executionId="1805f4cb-a5c1-4b66-aae4-fabc57298194" testListId="8c84fa94-04c1-424b-9868-57a2d4851a1d" />
    <TestEntry testId="3cf2ebdb-bf95-6150-55b0-48e626171642" executionId="58486d03-16d6-41ea-8ca6-9c0d35811135" testListId="8c84fa94-04c1-424b-9868-57a2d4851a1d" />
    <TestEntry testId="3bdddf4f-6b6f-8b35-8dc9-bcea83b91b98" executionId="06e37834-7434-413a-a766-806365fc8706" testListId="8c84fa94-04c1-424b-9868-57a2d4851a1d" />
    <TestEntry testId="00bba1a3-6996-6155-d800-be442ba9c571" executionId="6bb62e10-cf80-4f12-9c66-1ccc50cf0dd4" testListId="8c84fa94-04c1-424b-9868-57a2d4851a1d" />
    <TestEntry testId="67ddbc8b-515c-6a9a-25db-4010a2e43459" executionId="ecd350a6-d362-494b-9382-fc762fffc8a2" testListId="8c84fa94-04c1-424b-9868-57a2d4851a1d" />
    <TestEntry testId="5a9c3793-3a80-ed62-b31c-44293a75bd4f" executionId="592ee5a5-e828-4ad7-99ac-d156d012f0e2" testListId="8c84fa94-04c1-424b-9868-57a2d4851a1d" />
    <TestEntry testId="4a8ee29d-962f-92ca-02bc-8180d3caf904" executionId="a7f017d7-d00a-4a70-a15a-a9167f3976ea" testListId="8c84fa94-04c1-424b-9868-57a2d4851a1d" />
    <TestEntry testId="b5645b1a-cfac-1d7c-dc2d-fa2887661dda" executionId="0270cfdb-f4d3-4891-aee9-38d4d27a1470" testListId="8c84fa94-04c1-424b-9868-57a2d4851a1d" />
    <TestEntry testId="ea4acc17-e3e4-b3c9-e0ea-2f7b77d9f4b8" executionId="a6d10bc3-d4f0-4e73-8274-556945a85ed6" testListId="8c84fa94-04c1-424b-9868-57a2d4851a1d" />
    <TestEntry testId="2886f32c-8210-2fef-46d9-01500a2952db" executionId="3dc42634-42bb-4329-9ee9-9f4d3ae405fb" testListId="8c84fa94-04c1-424b-9868-57a2d4851a1d" />
    <TestEntry testId="3fd5af0e-445c-159c-3e23-621bb16103e5" executionId="56119b1d-1622-46ee-8bd8-f3a92996ed00" testListId="8c84fa94-04c1-424b-9868-57a2d4851a1d" />
    <TestEntry testId="b890be56-b828-df6d-a43f-38b596a5045c" executionId="5982bad5-9b34-4c39-b0c4-83856d597c43" testListId="8c84fa94-04c1-424b-9868-57a2d4851a1d" />
    <TestEntry testId="621d0019-73df-ad5b-8baf-2ac9b5b7aa07" executionId="adec3162-96a6-49d2-9649-5a592dd48c4b" testListId="8c84fa94-04c1-424b-9868-57a2d4851a1d" />
    <TestEntry testId="09fca938-3fae-0f6e-9fd0-d2e085c96485" executionId="4b0b04e6-2bd0-49ff-b284-d13ff8045721" testListId="8c84fa94-04c1-424b-9868-57a2d4851a1d" />
    <TestEntry testId="ab0029ff-00bf-4507-9125-20c231bcfa61" executionId="ca32481d-7683-4170-808e-703530a71275" testListId="8c84fa94-04c1-424b-9868-57a2d4851a1d" />
    <TestEntry testId="1835c807-df0d-4131-de1e-cd2a78daa156" executionId="f88fb717-b037-47e0-a595-ce31f1ea7185" testListId="8c84fa94-04c1-424b-9868-57a2d4851a1d" />
    <TestEntry testId="d957482c-c95c-85fc-84d4-947ac2dc1971" executionId="5bf3d674-ecd3-46b9-9c39-a3192f8ded2a" testListId="8c84fa94-04c1-424b-9868-57a2d4851a1d" />
    <TestEntry testId="a5cb3491-137e-8c96-4f6d-d9e082f55cf7" executionId="643d3a29-def5-44f5-aa59-38019a927ffb" testListId="8c84fa94-04c1-424b-9868-57a2d4851a1d" />
    <TestEntry testId="6bdeceb9-4acf-2c38-97c8-e28625fbb1b3" executionId="7bcf1e71-09db-4efa-a19f-0fb20351628f" testListId="8c84fa94-04c1-424b-9868-57a2d4851a1d" />
    <TestEntry testId="3844d71c-5d55-8713-4680-9215871bb0aa" executionId="53ce08a5-4baa-4740-a8ba-6c75de4e18de" testListId="8c84fa94-04c1-424b-9868-57a2d4851a1d" />
    <TestEntry testId="32bf5bf0-19b1-53fd-3e14-520768f78198" executionId="0e950262-a902-4e1f-97cc-29c59e9ab545" testListId="8c84fa94-04c1-424b-9868-57a2d4851a1d" />
    <TestEntry testId="094cbb34-2f49-4b2c-e802-c5f252d68a8e" executionId="3cffbe4e-a9d8-4645-8420-71fb9ecd9db7" testListId="8c84fa94-04c1-424b-9868-57a2d4851a1d" />
    <TestEntry testId="add11422-2e6f-9884-0393-5d53d1cb5721" executionId="2a59d374-777e-40ac-9dbe-8324ba027c90" testListId="8c84fa94-04c1-424b-9868-57a2d4851a1d" />
    <TestEntry testId="a7528f9e-d68f-fb7a-1b89-5ce6c07c9a8e" executionId="1fef77d3-2363-4b37-90fd-740f19fea446" testListId="8c84fa94-04c1-424b-9868-57a2d4851a1d" />
    <TestEntry testId="80436a76-b92a-ba29-c9a9-f56e7f67c734" executionId="97656e2a-736f-48f8-a5f7-a788875e72ee" testListId="8c84fa94-04c1-424b-9868-57a2d4851a1d" />
    <TestEntry testId="a113a709-69a9-2963-6871-0bc65fb912d5" executionId="97b198e7-a540-47c5-bbea-6671c585494a" testListId="8c84fa94-04c1-424b-9868-57a2d4851a1d" />
    <TestEntry testId="466ebcfa-f574-1982-7fdf-3035f4897228" executionId="c82f09de-9122-4e67-ae71-bf26d7d25628" testListId="8c84fa94-04c1-424b-9868-57a2d4851a1d" />
    <TestEntry testId="fb455533-f5c7-9edd-b3d4-3f325dd378cd" executionId="11bbb64e-ff3c-44c4-981e-989416b4eb74" testListId="8c84fa94-04c1-424b-9868-57a2d4851a1d" />
    <TestEntry testId="d6528ee5-b60e-2d29-3f27-e4a4c4649250" executionId="664bf216-8e00-4518-a80e-e29aaa90e44a" testListId="8c84fa94-04c1-424b-9868-57a2d4851a1d" />
    <TestEntry testId="042ba12d-53d1-7575-47f6-38701fa76639" executionId="eb4bd35c-a001-4514-8a90-217fe722f452" testListId="8c84fa94-04c1-424b-9868-57a2d4851a1d" />
    <TestEntry testId="1b1672b3-361c-26df-0c0c-eb054c883466" executionId="872c9942-3c26-4189-af8a-e933c33bee98" testListId="8c84fa94-04c1-424b-9868-57a2d4851a1d" />
    <TestEntry testId="b60d63e0-a438-ae52-1a35-1c8fb8813afe" executionId="f18d9de8-d597-4c8e-8066-276c54b8c4b5" testListId="8c84fa94-04c1-424b-9868-57a2d4851a1d" />
    <TestEntry testId="646c9183-bc39-ade7-be71-9495bd876008" executionId="2059201f-f3b0-4ddd-a5d5-38f5ba983a85" testListId="8c84fa94-04c1-424b-9868-57a2d4851a1d" />
    <TestEntry testId="98fbc8e7-1a84-7524-9bd8-682b97adb8e9" executionId="aa3fe0b3-6c32-486e-909f-a57f789f4591" testListId="8c84fa94-04c1-424b-9868-57a2d4851a1d" />
    <TestEntry testId="89465c6e-b1e6-9284-b51d-811d0597bb39" executionId="89e6eb2e-e4d0-4117-b5ef-5c4b603da1d0" testListId="8c84fa94-04c1-424b-9868-57a2d4851a1d" />
    <TestEntry testId="9178d7cf-38ae-5def-d9e2-3205ba9e4899" executionId="fcaf3818-710f-4af6-82f0-c5c272fc4923" testListId="8c84fa94-04c1-424b-9868-57a2d4851a1d" />
    <TestEntry testId="93c5c104-4429-2544-f631-b3a99069721c" executionId="af2964ef-9312-4c33-89f8-00cb0e849a87" testListId="8c84fa94-04c1-424b-9868-57a2d4851a1d" />
    <TestEntry testId="c7e211cc-9e6c-a6b6-9d3c-3485f00e323c" executionId="bb200001-f41a-4ca5-88ae-d345a9fb03de" testListId="8c84fa94-04c1-424b-9868-57a2d4851a1d" />
    <TestEntry testId="329c43f1-7f62-eb3d-dfcb-743b139581ca" executionId="b86f7dff-2366-48ee-b9e7-4b32f646cb31" testListId="8c84fa94-04c1-424b-9868-57a2d4851a1d" />
    <TestEntry testId="ecbaabad-42b7-862e-e7d4-be08b1600036" executionId="59ee8d0d-5027-4466-a799-22474ddcf06d" testListId="8c84fa94-04c1-424b-9868-57a2d4851a1d" />
    <TestEntry testId="5bda2c92-e0a4-b4d1-1a9a-e555fd4cb25e" executionId="28127b35-a912-4356-9aa3-1ed3d0181933" testListId="8c84fa94-04c1-424b-9868-57a2d4851a1d" />
    <TestEntry testId="af2188b9-6f59-b011-2ad5-8720bd7eac51" executionId="11778207-57e0-4355-b46b-60ebea7aebef" testListId="8c84fa94-04c1-424b-9868-57a2d4851a1d" />
    <TestEntry testId="82877d11-230e-a87c-3714-e2dd26a07150" executionId="753a9c31-173e-44be-8034-abb9cf3692de" testListId="8c84fa94-04c1-424b-9868-57a2d4851a1d" />
    <TestEntry testId="85d7ef91-912d-daf9-f3c5-d8fe2f6bd7ab" executionId="1c22fdbf-188f-40b2-9aae-4518378c15f4" testListId="8c84fa94-04c1-424b-9868-57a2d4851a1d" />
    <TestEntry testId="fa67b7f7-3a0a-bd76-aaa7-6abedd04d8ca" executionId="1ec53065-34ad-4584-bc4d-169d38e50d68" testListId="8c84fa94-04c1-424b-9868-57a2d4851a1d" />
    <TestEntry testId="3ca58968-c2fb-ea05-3c1e-76ee8b8d2693" executionId="82f71476-2a01-4998-bc6c-b34859990f0f" testListId="8c84fa94-04c1-424b-9868-57a2d4851a1d" />
    <TestEntry testId="d5731023-08fb-ea85-d38f-eef5cf5463c9" executionId="c23f9fb1-2b5e-42b9-adcd-1374376ff448" testListId="8c84fa94-04c1-424b-9868-57a2d4851a1d" />
    <TestEntry testId="1e7ed59c-cf48-74ba-d759-316bf48d129a" executionId="d1d66137-3bef-4026-841c-0e8f63cfba60" testListId="8c84fa94-04c1-424b-9868-57a2d4851a1d" />
    <TestEntry testId="01eda4c6-62a9-24de-2b22-150634106411" executionId="79d65ba8-b882-4326-abca-621766286af3" testListId="8c84fa94-04c1-424b-9868-57a2d4851a1d" />
    <TestEntry testId="7978073f-9fd6-4050-6db1-8cc82ff018fe" executionId="95a1d976-24da-4c83-b791-f9c04b67c42f" testListId="8c84fa94-04c1-424b-9868-57a2d4851a1d" />
    <TestEntry testId="9bfa2b6b-22dc-770d-09b1-418215a93155" executionId="36f72e93-893b-49af-accb-8e6306735a01" testListId="8c84fa94-04c1-424b-9868-57a2d4851a1d" />
    <TestEntry testId="74a211db-b6f7-076d-7548-21771ecce283" executionId="60952039-7d74-4bdb-baaf-9e5e8fc8e366" testListId="8c84fa94-04c1-424b-9868-57a2d4851a1d" />
    <TestEntry testId="800088a4-4d59-cb6c-026f-180da616e297" executionId="78d80ea1-d1f7-48e9-ad87-ae67f3825c7b" testListId="8c84fa94-04c1-424b-9868-57a2d4851a1d" />
    <TestEntry testId="c364637d-fb03-6041-01b1-5b9a097ef8db" executionId="b6367871-ecbb-46ea-b520-34906748e9ed" testListId="8c84fa94-04c1-424b-9868-57a2d4851a1d" />
    <TestEntry testId="7e52a641-feaa-a4ed-907d-69209c9ba57b" executionId="d60b7407-13a0-430c-8115-985ec60aca44" testListId="8c84fa94-04c1-424b-9868-57a2d4851a1d" />
    <TestEntry testId="96f58406-55cf-fe6e-9879-f873611691cb" executionId="e86e0d2b-bfee-4e84-83f6-0cb355115a19" testListId="8c84fa94-04c1-424b-9868-57a2d4851a1d" />
    <TestEntry testId="d22c44d8-511c-bf24-5666-7872955a9b4c" executionId="bdce599c-a10f-4f77-ad7d-55fda95786b7" testListId="8c84fa94-04c1-424b-9868-57a2d4851a1d" />
    <TestEntry testId="aa1f0124-a935-4ad0-4c9a-0c2af785ad67" executionId="3c95b076-a342-421d-a3c9-395ad42ebe98" testListId="8c84fa94-04c1-424b-9868-57a2d4851a1d" />
    <TestEntry testId="ccb9e577-1081-bf32-a0a0-2f60f10f3ecc" executionId="fb468b40-d782-4bff-a957-d48cb0fcee91" testListId="8c84fa94-04c1-424b-9868-57a2d4851a1d" />
    <TestEntry testId="5d97e317-52c7-e61c-345c-63dfeee34a29" executionId="a915c5b8-482b-4689-af53-0349b0b2fe4e" testListId="8c84fa94-04c1-424b-9868-57a2d4851a1d" />
    <TestEntry testId="2850c374-25b0-202f-2a14-81557274de2b" executionId="b139f5ef-6598-4319-8715-497ced4f81b6" testListId="8c84fa94-04c1-424b-9868-57a2d4851a1d" />
    <TestEntry testId="2495f72b-b34b-a8f5-57b9-d304457e2061" executionId="47f5857b-f192-4363-a708-d2479d2a67d2" testListId="8c84fa94-04c1-424b-9868-57a2d4851a1d" />
    <TestEntry testId="20472605-ae98-f3b9-6bc3-04323d312f35" executionId="26e18f69-260a-474c-add6-556aeb24588e" testListId="8c84fa94-04c1-424b-9868-57a2d4851a1d" />
    <TestEntry testId="74a07cce-7ecd-5650-d51e-6b765bffc38d" executionId="3ca27b4f-2fb1-42f8-8933-edd709be2b8f" testListId="8c84fa94-04c1-424b-9868-57a2d4851a1d" />
    <TestEntry testId="aacceaec-7d8f-00fe-5723-6001eee41d53" executionId="ac52bac2-584b-4ad9-95f8-47f452c05902" testListId="8c84fa94-04c1-424b-9868-57a2d4851a1d" />
    <TestEntry testId="02da2433-28dd-c5f9-0da2-b47eac9627e4" executionId="66e7e697-7791-4f04-8fd0-730f1357aead" testListId="8c84fa94-04c1-424b-9868-57a2d4851a1d" />
    <TestEntry testId="66dff94f-825b-f2b7-7ded-d136b0e610d4" executionId="364f70fd-8878-4378-97fb-33bb99310f30" testListId="8c84fa94-04c1-424b-9868-57a2d4851a1d" />
    <TestEntry testId="4d060bdb-3c9b-1fa2-c5b3-58b97cff1c5c" executionId="919c16be-ade6-495f-862a-eb24cbafd82d" testListId="8c84fa94-04c1-424b-9868-57a2d4851a1d" />
    <TestEntry testId="29b91f8e-f12c-9681-d3bf-f50349456fee" executionId="d51756ed-3749-49ed-91b6-d78e492b4f1f" testListId="8c84fa94-04c1-424b-9868-57a2d4851a1d" />
    <TestEntry testId="2a7215f6-bbbb-edc0-69a9-a4e0cd165757" executionId="fb03d239-26e8-48f3-8839-3f8337a6ca62" testListId="8c84fa94-04c1-424b-9868-57a2d4851a1d" />
    <TestEntry testId="da2840a7-24fd-5bf7-1b04-a3383f0bc30d" executionId="47aad067-8bff-43a4-896e-283f07d77812" testListId="8c84fa94-04c1-424b-9868-57a2d4851a1d" />
    <TestEntry testId="15e9c736-0df5-464c-e114-dd10a2303ee1" executionId="8755dc08-50bb-40a9-80dc-7ed2cd60056b" testListId="8c84fa94-04c1-424b-9868-57a2d4851a1d" />
    <TestEntry testId="a758b090-a241-9abd-31ac-1f7d8d5573e0" executionId="d47068b4-9498-410e-9598-a91c8a00be6d" testListId="8c84fa94-04c1-424b-9868-57a2d4851a1d" />
    <TestEntry testId="dad3b182-8494-7ed6-7a32-015c7f24b9a2" executionId="2d1d548b-4895-4013-accc-3c6a20f61179" testListId="8c84fa94-04c1-424b-9868-57a2d4851a1d" />
    <TestEntry testId="62c73030-a0fc-ca05-6bbe-a8664d50ba6d" executionId="7b2749de-d68d-447c-9e15-d602b71a2a73" testListId="8c84fa94-04c1-424b-9868-57a2d4851a1d" />
    <TestEntry testId="c96483b2-a413-a776-0117-e89f3f86e156" executionId="cacdd94f-67cb-42d6-b5da-eec6ddab34b4" testListId="8c84fa94-04c1-424b-9868-57a2d4851a1d" />
    <TestEntry testId="525fcb19-4db7-09e8-b34f-bbc30b9a1952" executionId="b654e1cb-a7a5-4cee-badc-09663d7c539b" testListId="8c84fa94-04c1-424b-9868-57a2d4851a1d" />
    <TestEntry testId="5b1295ed-4f2d-596a-56e6-18affe41fb35" executionId="ec310a00-aed0-4e7c-8672-abd582c6088b" testListId="8c84fa94-04c1-424b-9868-57a2d4851a1d" />
    <TestEntry testId="e10794bb-9c4e-536e-2c62-15a028d34e52" executionId="dfca95d1-9324-4706-955f-11d7a4779500" testListId="8c84fa94-04c1-424b-9868-57a2d4851a1d" />
    <TestEntry testId="d1c75975-f873-c74a-9f3c-126211549578" executionId="86f220ba-1f35-4e1a-af2c-0cdfe6c14a97" testListId="8c84fa94-04c1-424b-9868-57a2d4851a1d" />
    <TestEntry testId="73454004-1d5c-d541-f19e-a36751e8798b" executionId="b90fc45d-a151-41e6-bf3c-361d1104db1d" testListId="8c84fa94-04c1-424b-9868-57a2d4851a1d" />
    <TestEntry testId="ffcd40ff-7df3-23c0-4e4b-8934909b8dd3" executionId="57df4652-0139-493a-a7fa-35e5a2bd9ad9" testListId="8c84fa94-04c1-424b-9868-57a2d4851a1d" />
    <TestEntry testId="59174898-2ab0-988c-755a-97f4e2144788" executionId="af102350-c0c6-4038-898e-4cd6230f5102" testListId="8c84fa94-04c1-424b-9868-57a2d4851a1d" />
    <TestEntry testId="5eac4015-d759-aa1b-a506-4d73f7c3c4c7" executionId="a513c602-0ea4-4ebe-b94c-d0ba95ea0258" testListId="8c84fa94-04c1-424b-9868-57a2d4851a1d" />
    <TestEntry testId="07266f12-ef7d-de07-bbed-12250b0a4b6c" executionId="1b72724f-7370-405c-a85f-467425651d70" testListId="8c84fa94-04c1-424b-9868-57a2d4851a1d" />
    <TestEntry testId="4fad9927-573d-5549-6034-c6aad89b1c28" executionId="9f4decea-03e8-49e1-bfd2-57497be54861" testListId="8c84fa94-04c1-424b-9868-57a2d4851a1d" />
    <TestEntry testId="14807f08-800b-d180-6d6e-15f73c0d245d" executionId="34927801-ed6e-4c8e-b64c-e5ff8aec9f6e" testListId="8c84fa94-04c1-424b-9868-57a2d4851a1d" />
    <TestEntry testId="93d088c8-0c64-12f1-fa3b-f63ee9557b68" executionId="67379000-f62c-4878-939a-9f9208aa4d73" testListId="8c84fa94-04c1-424b-9868-57a2d4851a1d" />
    <TestEntry testId="eb9637e1-1478-cf9c-afc7-7d95bebb57d0" executionId="e2b7fa4d-862d-46c6-9c07-e12614923f8c" testListId="8c84fa94-04c1-424b-9868-57a2d4851a1d" />
    <TestEntry testId="f3d4d256-7690-8b35-f540-8be3c6a37c49" executionId="03ce56a2-d8e0-4681-b8e6-4ca86fa9cc81" testListId="8c84fa94-04c1-424b-9868-57a2d4851a1d" />
    <TestEntry testId="94d49f53-1351-f013-d63d-4807073b4cb9" executionId="91966888-2a70-4104-87d1-b6f02ec67688" testListId="8c84fa94-04c1-424b-9868-57a2d4851a1d" />
    <TestEntry testId="974dc3b2-037d-fd24-7d7c-720b8c5fbb4a" executionId="d5da6e34-bc01-488a-8a1c-4677d1873ac6" testListId="8c84fa94-04c1-424b-9868-57a2d4851a1d" />
    <TestEntry testId="d3ccf590-8a73-b59c-d3ba-ebe55b4f3f95" executionId="c3c54da5-56b3-4156-941f-25fcc2c8eb88" testListId="8c84fa94-04c1-424b-9868-57a2d4851a1d" />
    <TestEntry testId="0e1a9435-1dbe-8062-fe1d-727ffcde5bce" executionId="8f9d9ff7-1418-452e-a17c-1ef9bbd3bfdf" testListId="8c84fa94-04c1-424b-9868-57a2d4851a1d" />
    <TestEntry testId="53973455-c65f-ac3c-19ad-9b5cc4e8378b" executionId="e409ff69-81dd-463d-a483-036696ee22a4" testListId="8c84fa94-04c1-424b-9868-57a2d4851a1d" />
    <TestEntry testId="fc27e4b7-73b7-6ed6-d7a7-fcb07903a167" executionId="1bc54d1c-e94e-41a7-879b-9b727edd8ec9" testListId="8c84fa94-04c1-424b-9868-57a2d4851a1d" />
    <TestEntry testId="ac176450-d154-9f9f-5d52-4963adfcc5cd" executionId="3a25a2d4-4026-4ee9-b304-94ea8d9ecbc7" testListId="8c84fa94-04c1-424b-9868-57a2d4851a1d" />
    <TestEntry testId="75358ae9-103f-6c87-b9dc-90ecbc6a6040" executionId="8d9788bf-5e3b-46cf-bdff-3ac6054da7e9" testListId="8c84fa94-04c1-424b-9868-57a2d4851a1d" />
    <TestEntry testId="50d44c68-be7d-894c-9254-25db8e8d08ac" executionId="d1aba1fd-1bde-4779-acb6-f190b624bd6b" testListId="8c84fa94-04c1-424b-9868-57a2d4851a1d" />
    <TestEntry testId="e364315f-1cb6-681f-c084-4c49e352c22b" executionId="4cde5959-9231-466a-abc2-b9bb0b5c5b11" testListId="8c84fa94-04c1-424b-9868-57a2d4851a1d" />
    <TestEntry testId="ab5619de-2e9e-605a-1d2e-e41982ec38cf" executionId="c380c642-f5d5-44e6-b01a-17c55db531b4" testListId="8c84fa94-04c1-424b-9868-57a2d4851a1d" />
    <TestEntry testId="cc3754b9-3a6c-0fe9-82e2-032173ff5f14" executionId="d59443fc-2e6e-42b4-9e00-91060fa9edcd" testListId="8c84fa94-04c1-424b-9868-57a2d4851a1d" />
    <TestEntry testId="668d88f1-9c8d-1a17-2b9c-fb232d516f7c" executionId="60b79bda-3723-4a46-912f-3441c5c3e2df" testListId="8c84fa94-04c1-424b-9868-57a2d4851a1d" />
    <TestEntry testId="a11ce44a-0aad-819c-2e9c-4fa126049104" executionId="d161c0eb-0906-4fce-96e8-5cc3cbf2c72b" testListId="8c84fa94-04c1-424b-9868-57a2d4851a1d" />
    <TestEntry testId="a79de96a-0237-9289-9b24-f635fb08b592" executionId="24648f9f-b00f-4d9f-b8f1-a729a5d6f695" testListId="8c84fa94-04c1-424b-9868-57a2d4851a1d" />
    <TestEntry testId="37027393-e9b7-585b-6b85-64b62bbba3b9" executionId="a483fdfd-0566-4410-910a-735f78b45faa" testListId="8c84fa94-04c1-424b-9868-57a2d4851a1d" />
    <TestEntry testId="103f9692-5b32-c3f1-54f5-1a1e45ae269b" executionId="0ff24d60-2069-4b39-849b-90faa556a67b" testListId="8c84fa94-04c1-424b-9868-57a2d4851a1d" />
    <TestEntry testId="da3649b2-e551-4b68-dfaf-f1e3f4fb414b" executionId="810a0bcb-f10c-41f6-b681-9e716686d0f5" testListId="8c84fa94-04c1-424b-9868-57a2d4851a1d" />
    <TestEntry testId="73f22e46-401e-2fb6-25e2-b9d93b2fbbf8" executionId="dc546462-3a1c-423d-8b32-f0b60669c7e9" testListId="8c84fa94-04c1-424b-9868-57a2d4851a1d" />
    <TestEntry testId="dd027552-594d-9e56-18ba-813cd3fb75c4" executionId="16941198-9ba2-45d5-a58e-814e4c1034d5" testListId="8c84fa94-04c1-424b-9868-57a2d4851a1d" />
    <TestEntry testId="96c4c161-ca91-2fd5-449a-562f97760e6e" executionId="53b5be4c-3764-4300-8537-d7e07adb2f13" testListId="8c84fa94-04c1-424b-9868-57a2d4851a1d" />
    <TestEntry testId="d0ce962e-1dfe-71b8-c48e-3b328860fe8d" executionId="3defb763-001a-4637-9eec-0d92b549642a" testListId="8c84fa94-04c1-424b-9868-57a2d4851a1d" />
    <TestEntry testId="04d00d1f-a186-8176-51d6-df51af84db54" executionId="83800023-5c7a-4082-b465-08f007fd9232" testListId="8c84fa94-04c1-424b-9868-57a2d4851a1d" />
    <TestEntry testId="c3e622cc-5363-85fa-216b-acd437598d03" executionId="4234a22e-122a-454c-b789-796134caaa06" testListId="8c84fa94-04c1-424b-9868-57a2d4851a1d" />
    <TestEntry testId="d49d15fc-4f91-a657-1512-3a352cca9549" executionId="51676401-1efd-49c2-9675-0a1936365139" testListId="8c84fa94-04c1-424b-9868-57a2d4851a1d" />
    <TestEntry testId="cea2839f-2440-95b9-e634-6e900fc8c5af" executionId="66c39824-d9c6-4c45-9d6e-49cc2c97f4e8" testListId="8c84fa94-04c1-424b-9868-57a2d4851a1d" />
    <TestEntry testId="4da11df8-a3e1-757f-a3a0-3cf54c5946bc" executionId="217439ea-192b-4c89-8e8c-b13cacde48bb" testListId="8c84fa94-04c1-424b-9868-57a2d4851a1d" />
    <TestEntry testId="114863f4-8274-95d7-5824-e09208cc779c" executionId="e2909d90-292a-44d1-ad08-5b4d0045d435" testListId="8c84fa94-04c1-424b-9868-57a2d4851a1d" />
    <TestEntry testId="1a6028fa-81aa-514b-44d1-a9779ac6c4e1" executionId="a1e5d77c-0b86-4e58-900c-944f06724611" testListId="8c84fa94-04c1-424b-9868-57a2d4851a1d" />
    <TestEntry testId="f9fb8e93-d1d2-2821-19f7-94360af0fdff" executionId="d897bbda-c042-4df6-8dcb-d5fa6ae25900" testListId="8c84fa94-04c1-424b-9868-57a2d4851a1d" />
    <TestEntry testId="8fd12d4b-b8f4-781c-1a27-452725335da7" executionId="2e888cf5-835d-4b09-bddb-ca854e251d49" testListId="8c84fa94-04c1-424b-9868-57a2d4851a1d" />
    <TestEntry testId="003d5fc8-8f1c-f4db-caff-982322060b9f" executionId="593ae90e-048d-4f45-80cc-3cbf187a69d0" testListId="8c84fa94-04c1-424b-9868-57a2d4851a1d" />
    <TestEntry testId="6a2128d0-a4d5-c758-ff20-541964ec1ef8" executionId="48b76576-cf37-46de-acf8-0432ebe72818" testListId="8c84fa94-04c1-424b-9868-57a2d4851a1d" />
    <TestEntry testId="09d20211-b1c0-e331-0977-61bc816b1045" executionId="e07bf249-04a6-4423-a89e-9701c0a30f3a" testListId="8c84fa94-04c1-424b-9868-57a2d4851a1d" />
    <TestEntry testId="d746a9c4-0567-e9e3-5d89-991703a6f0d7" executionId="8ab20554-e3fc-4120-8e50-7595c6535d0a" testListId="8c84fa94-04c1-424b-9868-57a2d4851a1d" />
    <TestEntry testId="13e567fe-f4fd-2cb3-be1a-db5bda9cdedd" executionId="a32048bf-e74d-4d74-874f-37d80dc13136" testListId="8c84fa94-04c1-424b-9868-57a2d4851a1d" />
    <TestEntry testId="87d4c696-9869-7d52-071c-3538d3c0f307" executionId="db16ea51-9900-4f2b-ae16-912de96adc57" testListId="8c84fa94-04c1-424b-9868-57a2d4851a1d" />
    <TestEntry testId="7050242b-9666-01d5-78c0-02e23ff5e72a" executionId="d3d4bf05-859b-4578-a4e5-f391adbd202f" testListId="8c84fa94-04c1-424b-9868-57a2d4851a1d" />
    <TestEntry testId="e8b38e20-9971-381d-6b2a-328903417cab" executionId="03e13b0c-5e2f-4e9e-925d-ef449a2e5027" testListId="8c84fa94-04c1-424b-9868-57a2d4851a1d" />
    <TestEntry testId="152ae13e-c178-138f-c19b-ea50136eae51" executionId="f5627a7a-b2dc-47c2-bd0d-785671401fc0" testListId="8c84fa94-04c1-424b-9868-57a2d4851a1d" />
    <TestEntry testId="06ee0320-34fc-da5a-6e53-fe8af6440d9e" executionId="64aa8da4-875c-47c2-874c-b924b98215fb" testListId="8c84fa94-04c1-424b-9868-57a2d4851a1d" />
    <TestEntry testId="068401ff-6edb-d5fc-b9e2-9622520a3745" executionId="4ce63843-b5a9-498b-8c27-f249f027f7ee" testListId="8c84fa94-04c1-424b-9868-57a2d4851a1d" />
    <TestEntry testId="4333ea3e-d52f-7c09-ea9f-d772dfdf2e67" executionId="92f4456e-a17e-451b-b7c8-13cb884c1b4d" testListId="8c84fa94-04c1-424b-9868-57a2d4851a1d" />
    <TestEntry testId="13d36543-ed59-984f-c8a7-85d1ddcc80ad" executionId="387f4077-81b8-4823-bc3b-7cf025d1864b" testListId="8c84fa94-04c1-424b-9868-57a2d4851a1d" />
    <TestEntry testId="474f2d08-dca8-41be-f893-04a44bd42c45" executionId="a952921d-04bf-4228-9572-3e50b69c9a19" testListId="8c84fa94-04c1-424b-9868-57a2d4851a1d" />
    <TestEntry testId="86dfff1e-e7ac-77b8-d4cc-fa2915135dd9" executionId="cd700b5e-2056-4820-8d0f-bceb5d03afd9" testListId="8c84fa94-04c1-424b-9868-57a2d4851a1d" />
    <TestEntry testId="7c507efc-4463-f94a-ccb3-8a5e2ce7223f" executionId="56e6c657-34e7-461d-bf5d-aa72e1673267" testListId="8c84fa94-04c1-424b-9868-57a2d4851a1d" />
    <TestEntry testId="230240b2-6d76-3b10-d50e-757fe2aaed27" executionId="e08d0eb7-1aa5-4c27-9248-242d7994223a" testListId="8c84fa94-04c1-424b-9868-57a2d4851a1d" />
    <TestEntry testId="183abed1-a3da-dfd5-220a-95af9d416df4" executionId="67cdbcd7-f88a-4896-bf22-9c1bf283ddef" testListId="8c84fa94-04c1-424b-9868-57a2d4851a1d" />
    <TestEntry testId="df2691bf-6713-9460-9479-3ff6f11ee8ac" executionId="1841d0fb-7ce3-44e3-84fc-fb684dcbeb65" testListId="8c84fa94-04c1-424b-9868-57a2d4851a1d" />
    <TestEntry testId="443499ee-cd6b-033d-d126-7662a3c57d59" executionId="ec47a2e1-9f8f-41bf-8f1c-58284c0044ad" testListId="8c84fa94-04c1-424b-9868-57a2d4851a1d" />
    <TestEntry testId="4f21f36b-7c5a-223c-1096-92992e8a6645" executionId="29aba5cd-6f3a-49f9-a5f6-8c0a66d80756" testListId="8c84fa94-04c1-424b-9868-57a2d4851a1d" />
    <TestEntry testId="8e4795d7-00d5-f7f1-bc17-5ba53848a6e2" executionId="1b901b41-2345-4870-bec1-08546b22f93d" testListId="8c84fa94-04c1-424b-9868-57a2d4851a1d" />
    <TestEntry testId="970daa37-42e6-3593-75a6-6ba075307b54" executionId="e61f2d75-c559-439d-9fd1-1b139cffb224" testListId="8c84fa94-04c1-424b-9868-57a2d4851a1d" />
    <TestEntry testId="2a381f07-6c75-7366-bd4f-930363c4e077" executionId="8ea4a47b-daa7-4d22-a206-abad74f89cd0" testListId="8c84fa94-04c1-424b-9868-57a2d4851a1d" />
    <TestEntry testId="e2aaa69d-397e-f846-a50b-09832167723f" executionId="664a9080-693c-4bb0-a8e0-9086772304e9" testListId="8c84fa94-04c1-424b-9868-57a2d4851a1d" />
    <TestEntry testId="3ee748b7-c6b4-dd36-384c-b609387f2076" executionId="93acd458-d8df-42ce-b548-17f5b98a417a" testListId="8c84fa94-04c1-424b-9868-57a2d4851a1d" />
    <TestEntry testId="eac77359-44ad-4586-5d12-b7a854590592" executionId="4f754f5c-41ec-4580-bd9f-d1f0ee0de04a" testListId="8c84fa94-04c1-424b-9868-57a2d4851a1d" />
    <TestEntry testId="c654ed5c-82c3-9d60-6875-d2bab61d8e38" executionId="a205350a-74d0-4111-8ae5-200bbd58b244" testListId="8c84fa94-04c1-424b-9868-57a2d4851a1d" />
    <TestEntry testId="be41ff77-11a6-4eea-ce98-b0f95a2713b3" executionId="2103b1a5-0ea8-4c10-aa7c-64850bbc9ca3" testListId="8c84fa94-04c1-424b-9868-57a2d4851a1d" />
    <TestEntry testId="3b226044-d2db-faa0-2c4b-2fa81593e6ed" executionId="8b991916-de1c-4d6c-9afc-a615801ed2c2" testListId="8c84fa94-04c1-424b-9868-57a2d4851a1d" />
    <TestEntry testId="5e106981-7cc1-ec42-7c72-75f49342a7ba" executionId="946358cf-68c4-479f-8eeb-76401681d06b" testListId="8c84fa94-04c1-424b-9868-57a2d4851a1d" />
    <TestEntry testId="10c665bc-8696-0b5f-76bd-fdc45d9f8a6f" executionId="bccacf2b-a2b9-4864-ba6c-dc503e511123" testListId="8c84fa94-04c1-424b-9868-57a2d4851a1d" />
    <TestEntry testId="2772306b-fcbc-b238-bca4-3e361ab6015c" executionId="fe46d427-24d2-442a-b85d-c5f73ff075b5" testListId="8c84fa94-04c1-424b-9868-57a2d4851a1d" />
    <TestEntry testId="fbe3c915-5d68-54c0-820b-95ce57824346" executionId="329c80cc-79bc-403f-8baa-cdc6001c86fa" testListId="8c84fa94-04c1-424b-9868-57a2d4851a1d" />
    <TestEntry testId="034ac6f2-d9bf-3d56-da60-7d7508f59d78" executionId="a61a0a25-5ba4-4c5b-b688-1e02b18a3b55" testListId="8c84fa94-04c1-424b-9868-57a2d4851a1d" />
    <TestEntry testId="fffc44b5-4d2c-7e29-942c-e636aae1fce5" executionId="04b05bcb-3f26-44f1-a41f-899edb9d3c15" testListId="8c84fa94-04c1-424b-9868-57a2d4851a1d" />
    <TestEntry testId="b2aec36b-c090-bc01-fb63-73a3a37e2be3" executionId="ed94f339-6b62-4e8d-8daf-921c11aa3bd7" testListId="8c84fa94-04c1-424b-9868-57a2d4851a1d" />
    <TestEntry testId="75933df0-5d5e-9d5f-e4e1-e763e3e53303" executionId="5199ef89-7801-43af-8606-09a53c42ce11" testListId="8c84fa94-04c1-424b-9868-57a2d4851a1d" />
    <TestEntry testId="77be4fcb-11a8-fe42-0144-07069ffeeca2" executionId="5af9792b-3259-4ec8-9e62-898916588347" testListId="8c84fa94-04c1-424b-9868-57a2d4851a1d" />
    <TestEntry testId="5210818b-1a5d-54de-f93f-8fcad3cb1c73" executionId="18775657-87c7-45a8-b726-7464d7b557a2" testListId="8c84fa94-04c1-424b-9868-57a2d4851a1d" />
    <TestEntry testId="89bae1d2-182a-aaaf-929b-2ea8e5bfd0cc" executionId="80fce241-f5ed-4a3e-a783-320e2ece5737" testListId="8c84fa94-04c1-424b-9868-57a2d4851a1d" />
    <TestEntry testId="1ffdeb0e-4936-c3a9-0eee-cfff8b92be67" executionId="ebdcfe02-3e96-427b-bf5a-62c19816551a" testListId="8c84fa94-04c1-424b-9868-57a2d4851a1d" />
    <TestEntry testId="900a8ff8-8def-d956-05c4-336aae576acc" executionId="e68464f7-5f16-437e-8e1d-2d5beb2394b3" testListId="8c84fa94-04c1-424b-9868-57a2d4851a1d" />
    <TestEntry testId="f9eb6a29-41fe-13cc-14fb-a0923fe373e1" executionId="39196412-1fc5-4db9-bdab-c9c639b6cf2c" testListId="8c84fa94-04c1-424b-9868-57a2d4851a1d" />
    <TestEntry testId="05878783-8102-d660-7a04-ced8acea693e" executionId="2019515a-7f97-442f-a080-8155c7ec611b" testListId="8c84fa94-04c1-424b-9868-57a2d4851a1d" />
    <TestEntry testId="44979d4b-2471-d254-0f8d-caa1ec267fd0" executionId="46107bd7-6b4a-4775-8013-63dc5aa42fb1" testListId="8c84fa94-04c1-424b-9868-57a2d4851a1d" />
    <TestEntry testId="6a63b90b-a040-921c-ba97-b525e5818e24" executionId="e484a175-8c3c-4e0b-ab75-48ec236f2b6b" testListId="8c84fa94-04c1-424b-9868-57a2d4851a1d" />
    <TestEntry testId="cfc147d9-f709-df56-b268-3abd431102bf" executionId="cbae7994-a087-4173-bb1d-98694620efba" testListId="8c84fa94-04c1-424b-9868-57a2d4851a1d" />
    <TestEntry testId="db049efc-3bbd-3766-4c91-5ec1787b9302" executionId="a3abaf19-d2c6-46d2-ae07-b0ad8944f34f" testListId="8c84fa94-04c1-424b-9868-57a2d4851a1d" />
    <TestEntry testId="6626ada4-7ef1-421d-d4f9-9769f778f0dd" executionId="30d95146-a70d-444a-ba7e-f0ca605d5e80" testListId="8c84fa94-04c1-424b-9868-57a2d4851a1d" />
    <TestEntry testId="f50f1677-7614-297e-4c1f-373941bfc756" executionId="57ec66da-4422-4ba0-8acb-70f3b391f118" testListId="8c84fa94-04c1-424b-9868-57a2d4851a1d" />
    <TestEntry testId="8fc907a2-2cab-e6ee-5901-a56610c09687" executionId="0fcddf54-a41f-4d15-ab00-25785f544fb5" testListId="8c84fa94-04c1-424b-9868-57a2d4851a1d" />
    <TestEntry testId="5157bf1b-e6f7-c470-5fc5-bab3ce6975d8" executionId="c45a7840-260a-493b-9705-61da96a4f220" testListId="8c84fa94-04c1-424b-9868-57a2d4851a1d" />
    <TestEntry testId="3ca9f372-0d8e-8f28-d9d8-a3fe5b5299b5" executionId="e48431f8-9dff-415f-9f9e-b8f05d7ebc5f" testListId="8c84fa94-04c1-424b-9868-57a2d4851a1d" />
    <TestEntry testId="bd8e4503-39aa-59d7-6656-d5c5711532d5" executionId="4869d2b0-a259-41ea-9d5f-131c20b19701" testListId="8c84fa94-04c1-424b-9868-57a2d4851a1d" />
    <TestEntry testId="1304f17a-b65f-8908-f740-5299950051bb" executionId="5eff6ba1-bff9-4ea8-883f-083f9c9fc7bd" testListId="8c84fa94-04c1-424b-9868-57a2d4851a1d" />
    <TestEntry testId="4f78627f-20ff-4f62-5f9d-870b755f79b0" executionId="0f506be8-17b0-4138-921e-4c2b483512a0" testListId="8c84fa94-04c1-424b-9868-57a2d4851a1d" />
    <TestEntry testId="00c5eac8-fd4e-50bb-8768-892170197d75" executionId="f57f5eae-23ea-4ed5-ba0a-8aed8dfa1844" testListId="8c84fa94-04c1-424b-9868-57a2d4851a1d" />
    <TestEntry testId="7b735525-31e7-4b26-70c3-a1a7cfc7cbf8" executionId="746bb1f7-725a-412d-a28e-c46a8798bccb" testListId="8c84fa94-04c1-424b-9868-57a2d4851a1d" />
    <TestEntry testId="2d4a9533-ede5-5bc4-f531-5a56127c13bc" executionId="5a82c57b-dc30-4a06-9028-5c5dc76ac069" testListId="8c84fa94-04c1-424b-9868-57a2d4851a1d" />
    <TestEntry testId="f4a195b6-251d-dd6b-2c13-0f1084a9de64" executionId="0485da43-f84c-48de-8526-46320ec36d69" testListId="8c84fa94-04c1-424b-9868-57a2d4851a1d" />
    <TestEntry testId="0a4e9a9d-ae7a-abff-fdf0-c10a254d347d" executionId="8259dd29-480c-44ca-9ad3-d0aac8e080ad" testListId="8c84fa94-04c1-424b-9868-57a2d4851a1d" />
    <TestEntry testId="1e0532f1-b147-845c-3f9b-9726620190fe" executionId="3dd6a628-7bd5-47fa-8b67-58413bc3eb34" testListId="8c84fa94-04c1-424b-9868-57a2d4851a1d" />
    <TestEntry testId="ace16d98-ec4f-d4bf-0d01-7a1d8fce5ba9" executionId="a2a59a44-80b3-4c32-a6a5-cab296e3a93f" testListId="8c84fa94-04c1-424b-9868-57a2d4851a1d" />
    <TestEntry testId="da9fa0d5-7340-c61d-0e4d-586551e60097" executionId="62da41d2-2e22-4d83-9b1d-34ef9defa351" testListId="8c84fa94-04c1-424b-9868-57a2d4851a1d" />
    <TestEntry testId="4e78dfe5-a46f-c013-2165-2d3238ae5d4a" executionId="276226db-4280-4e20-a727-92aedf7bfabf" testListId="8c84fa94-04c1-424b-9868-57a2d4851a1d" />
    <TestEntry testId="71ee697d-89f9-be7c-c670-b238212d19b7" executionId="68d01fb2-7872-43c0-add6-9ba55db6e7e6" testListId="8c84fa94-04c1-424b-9868-57a2d4851a1d" />
    <TestEntry testId="d62d5d57-cfeb-4f05-6460-e3d4576ed9dc" executionId="73f3aea1-04f9-4531-98cc-7083c42da848" testListId="8c84fa94-04c1-424b-9868-57a2d4851a1d" />
    <TestEntry testId="808fbbd0-3248-e256-15e6-e36a694b99bb" executionId="25be4228-fec1-40a8-9b96-c82edd10fcd1" testListId="8c84fa94-04c1-424b-9868-57a2d4851a1d" />
    <TestEntry testId="97717211-87cd-83f4-b392-3d3371f42fe5" executionId="b023e8e1-8109-4cd1-bef8-4567d4374c5f" testListId="8c84fa94-04c1-424b-9868-57a2d4851a1d" />
    <TestEntry testId="91efd5b1-95ce-ae0c-604d-099b9ebcdba3" executionId="3dcfb2f7-e2f5-4cbb-9a86-ef7bed48efac" testListId="8c84fa94-04c1-424b-9868-57a2d4851a1d" />
    <TestEntry testId="653c1d44-527e-61cf-dd8b-e42c3e42452b" executionId="c7a38f25-0725-455f-8031-9cd8df6d702d" testListId="8c84fa94-04c1-424b-9868-57a2d4851a1d" />
    <TestEntry testId="7c9cf2c5-73bf-652d-dfc8-2ae2f245b7a5" executionId="dfacdba1-00e2-4856-8336-0606e8cf877c" testListId="8c84fa94-04c1-424b-9868-57a2d4851a1d" />
    <TestEntry testId="aae69a07-714b-e9be-14fc-c3773738ea2b" executionId="286cbffb-e04d-40ca-bedc-f6db56bda8f9" testListId="8c84fa94-04c1-424b-9868-57a2d4851a1d" />
    <TestEntry testId="a82dfaff-6397-e6d1-b673-9c2350224071" executionId="d2c184c2-0ea1-4536-9e52-953432f882d1" testListId="8c84fa94-04c1-424b-9868-57a2d4851a1d" />
    <TestEntry testId="70cc2361-77a2-8bf8-2ed4-be9b724ccfd5" executionId="c79056bd-bfea-470e-8f07-fe7804019117" testListId="8c84fa94-04c1-424b-9868-57a2d4851a1d" />
    <TestEntry testId="7380aa32-eccf-3c86-892c-897464087fc9" executionId="d47dc49f-b4db-4e90-8f9a-aff9405a8e87" testListId="8c84fa94-04c1-424b-9868-57a2d4851a1d" />
    <TestEntry testId="630234f0-7ae9-668d-c909-79933d237063" executionId="413a0f28-98e0-4a1e-aa5f-9b9b09e79b10" testListId="8c84fa94-04c1-424b-9868-57a2d4851a1d" />
    <TestEntry testId="3b368a1a-ddd2-3955-9b01-f18b51a5d979" executionId="ff06a30d-3d5b-4ddf-88dd-ec3f578e49a8" testListId="8c84fa94-04c1-424b-9868-57a2d4851a1d" />
    <TestEntry testId="1a1b63bc-5400-554b-84c1-17a4e7c933f8" executionId="937b795d-28e1-403c-bea0-17cd854229c3" testListId="8c84fa94-04c1-424b-9868-57a2d4851a1d" />
    <TestEntry testId="477d6b04-62fe-65b7-88d4-82cbfbb6bcd7" executionId="3aadc53e-ff59-40be-9400-78c0343cbe3f" testListId="8c84fa94-04c1-424b-9868-57a2d4851a1d" />
    <TestEntry testId="63f9decb-d756-8dbc-db52-681f0265a735" executionId="f97c6dac-c58a-483c-8ce9-e900ad3ac5cd" testListId="8c84fa94-04c1-424b-9868-57a2d4851a1d" />
    <TestEntry testId="dc7aaaf1-5ffc-5592-91a7-d2ba02e0e11b" executionId="3f238d23-63ab-4f91-884e-15fff2176b2a" testListId="8c84fa94-04c1-424b-9868-57a2d4851a1d" />
    <TestEntry testId="3580b9c2-6833-cc47-0ccd-e62d8691cfb1" executionId="cc5ccfe2-188f-4c45-ba75-d1369e693f00" testListId="8c84fa94-04c1-424b-9868-57a2d4851a1d" />
    <TestEntry testId="97da19f1-7c03-184e-32a4-d141ee945e86" executionId="545f132a-34c5-402e-923f-f161eb112e1a" testListId="8c84fa94-04c1-424b-9868-57a2d4851a1d" />
    <TestEntry testId="989df495-f13d-f4cd-78bc-061453ab403b" executionId="dfb22b05-9a45-4f15-b15b-0a733b6954ef" testListId="8c84fa94-04c1-424b-9868-57a2d4851a1d" />
    <TestEntry testId="8921a32b-1bca-1a60-b127-b143c5d2670b" executionId="11aa64e9-89c6-4876-92cf-bdec3c007dce" testListId="8c84fa94-04c1-424b-9868-57a2d4851a1d" />
    <TestEntry testId="487a6d65-79ec-80f6-9fe6-bb5c509d938b" executionId="4ae75b87-8c30-4e53-9808-84560409542e" testListId="8c84fa94-04c1-424b-9868-57a2d4851a1d" />
    <TestEntry testId="cf7b9633-b18a-fe2f-1a42-643ad3bf9bfb" executionId="887c4274-5ab7-4c64-a3ed-c5a3e5855cfd" testListId="8c84fa94-04c1-424b-9868-57a2d4851a1d" />
    <TestEntry testId="e43b9b25-98f8-f1ef-36dd-665692470471" executionId="6ad6a5c6-2119-4c44-997e-18adc741db39" testListId="8c84fa94-04c1-424b-9868-57a2d4851a1d" />
    <TestEntry testId="aaaf44fc-6242-5ce4-788d-de227b2b1ba8" executionId="34d0d36c-de81-4cb0-ac26-4ed7be2dab9d" testListId="8c84fa94-04c1-424b-9868-57a2d4851a1d" />
    <TestEntry testId="ccfda4d9-955f-c92c-ff2e-12540befbc3c" executionId="716bdc09-2a5c-48e7-86f9-f3cb61546b0a" testListId="8c84fa94-04c1-424b-9868-57a2d4851a1d" />
    <TestEntry testId="b4deb19d-a0d7-b4fa-909e-a308b80c7413" executionId="6f4fa048-0586-447d-832b-deb69e177407" testListId="8c84fa94-04c1-424b-9868-57a2d4851a1d" />
  </TestEntries>
  <TestLists>
    <TestList name="Results Not in a List" id="8c84fa94-04c1-424b-9868-57a2d4851a1d" />
    <TestList name="All Loaded Results" id="19431567-8539-422a-85d7-44ee4e166bda" />
  </TestLists>
  <ResultSummary outcome="Failed">
    <Counters total="551" executed="551" passed="541" failed="10" error="0" timeout="0" aborted="0" inconclusive="0" passedButRunAborted="0" notRunnable="0" notExecuted="0" disconnected="0" warning="0" completed="0" inProgress="0" pending="0" />
  </ResultSummary>
</TestRun>