<?xml version="1.0" encoding="UTF-8"?>
<TestRun id="be346c21-5f21-49a4-991e-7499f5516a00" name="bacemi@ICSWS068 2016-08-04 09:57:20" runUser="ICORE\bacemi" xmlns="http://microsoft.com/schemas/VisualStudio/TeamTest/2010">
  <Times creation="2016-08-04T09:57:20.5629876+02:00" queuing="2016-08-04T09:57:20.5629876+02:00" start="2016-08-04T09:57:19.5885925+02:00" finish="2016-08-04T09:57:26.4543132+02:00" />
  <TestSettings name="default" id="8ba2331c-edb4-408a-9591-168917d9edb3">
    <Execution>
      <TestTypeSpecific />
    </Execution>
    <Deployment runDeploymentRoot="bacemi_ICSWS068 2016-08-04 09_57_20" />
    <Properties />
  </TestSettings>
  <Results>
    <UnitTestResult executionId="64857801-e75c-4ada-acbe-487a98bc99a9" testId="cbcdd9c7-18b5-fcb7-6bb5-681deee8d1ef" testName="Constructor_NoSystemContextSupplied_Throws" computerName="ICSWS068" duration="00:00:00.1965428" startTime="2016-08-04T09:57:19.5885925+02:00" endTime="2016-08-04T09:57:20.1415810+02:00" testType="13cdc9d9-ddb5-4fa4-a97d-d965ccfc6d4b" outcome="Passed" testListId="8c84fa94-04c1-424b-9868-57a2d4851a1d" relativeResultsDirectory="64857801-e75c-4ada-acbe-487a98bc99a9" />
    <UnitTestResult executionId="295fc9c9-5bc3-4fa9-b2cd-5decbc2e7e37" testId="e1b0620e-7989-c277-22f5-e1c713aa8d9c" testName="Constructor_SystemContextSupplied_Success" computerName="ICSWS068" duration="00:00:00.0049145" startTime="2016-08-04T09:57:20.1450830+02:00" endTime="2016-08-04T09:57:20.1515893+02:00" testType="13cdc9d9-ddb5-4fa4-a97d-d965ccfc6d4b" outcome="Passed" testListId="8c84fa94-04c1-424b-9868-57a2d4851a1d" relativeResultsDirectory="295fc9c9-5bc3-4fa9-b2cd-5decbc2e7e37" />
    <UnitTestResult executionId="bfb84f4d-3265-48ff-aa42-7736e28f7a68" testId="0ee5d04d-08d3-b095-d77a-fd2f55a8dc6d" testName="MapEventArgumentsToJobArguments_ArgumentsStandard_CorrectValuesReturned" computerName="ICSWS068" duration="00:00:00.2650146" startTime="2016-08-04T09:57:20.1545905+02:00" endTime="2016-08-04T09:57:20.4207117+02:00" testType="13cdc9d9-ddb5-4fa4-a97d-d965ccfc6d4b" outcome="Passed" testListId="8c84fa94-04c1-424b-9868-57a2d4851a1d" relativeResultsDirectory="bfb84f4d-3265-48ff-aa42-7736e28f7a68" />
    <UnitTestResult executionId="60a64d3a-67e6-4974-8a65-fec5f2ecf88d" testId="3e8c3abe-88a3-6170-37f7-e776fadffd74" testName="MapEventArgumentsToJobArguments_ArgumentsStandard_CorrectNumberOfArgumentsAdded" computerName="ICSWS068" duration="00:00:00.0185456" startTime="2016-08-04T09:57:20.4248149+02:00" endTime="2016-08-04T09:57:20.4449031+02:00" testType="13cdc9d9-ddb5-4fa4-a97d-d965ccfc6d4b" outcome="Passed" testListId="8c84fa94-04c1-424b-9868-57a2d4851a1d" relativeResultsDirectory="60a64d3a-67e6-4974-8a65-fec5f2ecf88d" />
    <UnitTestResult executionId="c54e4f6b-041e-4fd1-b395-281572a575e5" testId="bad036b6-cae2-f93e-0b61-f4bf4a6f188c" testName="MapEventArgumentsToJobArguments_ArgumentsStandard_EventParamArgumentAddedToJob" computerName="ICSWS068" duration="00:00:00.0123530" startTime="2016-08-04T09:57:20.4479048+02:00" endTime="2016-08-04T09:57:20.4619152+02:00" testType="13cdc9d9-ddb5-4fa4-a97d-d965ccfc6d4b" outcome="Passed" testListId="8c84fa94-04c1-424b-9868-57a2d4851a1d" relativeResultsDirectory="c54e4f6b-041e-4fd1-b395-281572a575e5" />
    <UnitTestResult executionId="a95c6a7b-c859-4b9c-88df-4a6a9e506287" testId="44623113-a746-bbb7-8a09-c4a34e2f9be9" testName="MapEventArgumentsToJobArguments_ArgumentsStandard_NodeIdArgumentAddedToJob" computerName="ICSWS068" duration="00:00:00.0091725" startTime="2016-08-04T09:57:20.4649172+02:00" endTime="2016-08-04T09:57:20.4759249+02:00" testType="13cdc9d9-ddb5-4fa4-a97d-d965ccfc6d4b" outcome="Passed" testListId="8c84fa94-04c1-424b-9868-57a2d4851a1d" relativeResultsDirectory="a95c6a7b-c859-4b9c-88df-4a6a9e506287" />
    <UnitTestResult executionId="5f096705-33ee-41b6-88e3-0fbc5e6c1563" testId="512b616f-e4de-02ad-aec6-f6913d2a325f" testName="MapEventArgumentsToJobArguments_ArgumentsStandard_InitParamArgumentAddedToJob" computerName="ICSWS068" duration="00:00:00.0104478" startTime="2016-08-04T09:57:20.4789275+02:00" endTime="2016-08-04T09:57:20.4904355+02:00" testType="13cdc9d9-ddb5-4fa4-a97d-d965ccfc6d4b" outcome="Passed" testListId="8c84fa94-04c1-424b-9868-57a2d4851a1d" relativeResultsDirectory="5f096705-33ee-41b6-88e3-0fbc5e6c1563" />
    <UnitTestResult executionId="494f6453-af58-4fa0-9b8d-aff18f9d260c" testId="03d43ecb-8d56-d034-9c9b-3ae143a4148b" testName="MapEventArgumentsToJobArguments_ArgumentsStandard_RunParamArgumentAddedToJob" computerName="ICSWS068" duration="00:00:00.0107129" startTime="2016-08-04T09:57:20.4934378+02:00" endTime="2016-08-04T09:57:20.5054464+02:00" testType="13cdc9d9-ddb5-4fa4-a97d-d965ccfc6d4b" outcome="Passed" testListId="8c84fa94-04c1-424b-9868-57a2d4851a1d" relativeResultsDirectory="494f6453-af58-4fa0-9b8d-aff18f9d260c" />
    <UnitTestResult executionId="414eb953-2a07-43c4-b62f-0034c3a1222c" testId="e3c2bc86-5486-2e19-afd0-16ae1332425a" testName="MapEventArgumentsToJobArguments_ArgumentsPrePocessedInMessageAndArgumentAreNull_Throws" computerName="ICSWS068" duration="00:00:00.0045432" startTime="2016-08-04T09:57:20.5079484+02:00" endTime="2016-08-04T09:57:20.5139527+02:00" testType="13cdc9d9-ddb5-4fa4-a97d-d965ccfc6d4b" outcome="Passed" testListId="8c84fa94-04c1-424b-9868-57a2d4851a1d" relativeResultsDirectory="414eb953-2a07-43c4-b62f-0034c3a1222c" />
    <UnitTestResult executionId="7c0b07d5-c372-497c-9307-f63b9ecdff0c" testId="7904b9f4-b428-471e-d8be-66634adc46e5" testName="MapEventArgumentsToJobArguments_ArgumentsPrePocessedInMessage_InputArgumentsReturned" computerName="ICSWS068" duration="00:00:00.0050400" startTime="2016-08-04T09:57:20.5169547+02:00" endTime="2016-08-04T09:57:20.5234593+02:00" testType="13cdc9d9-ddb5-4fa4-a97d-d965ccfc6d4b" outcome="Passed" testListId="8c84fa94-04c1-424b-9868-57a2d4851a1d" relativeResultsDirectory="7c0b07d5-c372-497c-9307-f63b9ecdff0c" />
    <UnitTestResult executionId="5901ec3c-96a6-4a13-96fc-bb393e2d0c25" testId="50a58bb3-07d8-5341-c39d-a26b99304909" testName="MapEventArgumentsToJobArguments_ArgumentsPrePocessedInMessage_JobArgumentsNotInsertedIntoDB" computerName="ICSWS068" duration="00:00:00.0082933" startTime="2016-08-04T09:57:20.5274624+02:00" endTime="2016-08-04T09:57:20.5374693+02:00" testType="13cdc9d9-ddb5-4fa4-a97d-d965ccfc6d4b" outcome="Passed" testListId="8c84fa94-04c1-424b-9868-57a2d4851a1d" relativeResultsDirectory="5901ec3c-96a6-4a13-96fc-bb393e2d0c25" />
    <UnitTestResult executionId="6830819c-f67e-4dac-b106-1c5d3b71e0e6" testId="d317162d-fbc4-affc-fcd2-4ee4fa3e9539" testName="MapEventArgumentsToJobArguments_ArgumentsPrePocessedInDatabaseAndJobDoesNotExist_Throws" computerName="ICSWS068" duration="00:00:00.0088986" startTime="2016-08-04T09:57:20.5409728+02:00" endTime="2016-08-04T09:57:20.5519799+02:00" testType="13cdc9d9-ddb5-4fa4-a97d-d965ccfc6d4b" outcome="Passed" testListId="8c84fa94-04c1-424b-9868-57a2d4851a1d" relativeResultsDirectory="6830819c-f67e-4dac-b106-1c5d3b71e0e6" />
    <UnitTestResult executionId="f394e5b4-51fb-45ec-9dc1-6f17971c44c4" testId="2946dbeb-d94c-787c-523a-4fa8e2ab5bfd" testName="MapEventArgumentsToJobArguments_ArgsPreprocessedInDatabate_ValuesFromJobReturned" computerName="ICSWS068" duration="00:00:00.0064587" startTime="2016-08-04T09:57:20.5549819+02:00" endTime="2016-08-04T09:57:20.5624879+02:00" testType="13cdc9d9-ddb5-4fa4-a97d-d965ccfc6d4b" outcome="Passed" testListId="8c84fa94-04c1-424b-9868-57a2d4851a1d" relativeResultsDirectory="f394e5b4-51fb-45ec-9dc1-6f17971c44c4" />
    <UnitTestResult executionId="678db9d7-f002-43d5-9577-ed4dfb7451c2" testId="8e4daaca-0606-9b28-7bc3-752fcd3d793a" testName="MapEventArgumentsToJobArguments_ArgumentsPrePocessedInDatabase_ArgumentsFromDatabaseReturned" computerName="ICSWS068" duration="00:00:00.0077185" startTime="2016-08-04T09:57:20.5659896+02:00" endTime="2016-08-04T09:57:20.5754968+02:00" testType="13cdc9d9-ddb5-4fa4-a97d-d965ccfc6d4b" outcome="Passed" testListId="8c84fa94-04c1-424b-9868-57a2d4851a1d" relativeResultsDirectory="678db9d7-f002-43d5-9577-ed4dfb7451c2" />
    <UnitTestResult executionId="b5606cef-9b64-42e0-a300-5101d760d218" testId="a1a1efd5-a882-1160-662a-b9d2b152e3ab" testName="MapEventArgumentsToJobArguments_ArgumentsPrePocessedInDatabase_JobArgumentsNotInsertedIntoDB" computerName="ICSWS068" duration="00:00:00.0073916" startTime="2016-08-04T09:57:20.5784985+02:00" endTime="2016-08-04T09:57:20.5875054+02:00" testType="13cdc9d9-ddb5-4fa4-a97d-d965ccfc6d4b" outcome="Passed" testListId="8c84fa94-04c1-424b-9868-57a2d4851a1d" relativeResultsDirectory="b5606cef-9b64-42e0-a300-5101d760d218" />
    <UnitTestResult executionId="f1a047c5-dac6-4a27-8502-68c1214fec44" testId="65d217fa-6597-beb4-74ec-7976735f662a" testName="PublicInstanceFactoryImplConstructorTest" computerName="ICSWS068" duration="00:00:00.4641257" startTime="2016-08-04T09:57:20.5920082+02:00" endTime="2016-08-04T09:57:21.0578543+02:00" testType="13cdc9d9-ddb5-4fa4-a97d-d965ccfc6d4b" outcome="Passed" testListId="8c84fa94-04c1-424b-9868-57a2d4851a1d" relativeResultsDirectory="f1a047c5-dac6-4a27-8502-68c1214fec44" />
    <UnitTestResult executionId="e4b11e26-e948-4663-82fb-105a5526fea9" testId="cd9c50c1-4357-7cca-6ed1-b668d351a9e0" testName="CreateInstance_AllPublicCreateableTypes_Success" computerName="ICSWS068" duration="00:00:00.0111880" startTime="2016-08-04T09:57:21.0603405+02:00" endTime="2016-08-04T09:57:21.0727221+02:00" testType="13cdc9d9-ddb5-4fa4-a97d-d965ccfc6d4b" outcome="Passed" testListId="8c84fa94-04c1-424b-9868-57a2d4851a1d" relativeResultsDirectory="e4b11e26-e948-4663-82fb-105a5526fea9" />
    <UnitTestResult executionId="a049db12-fc62-4e84-9856-47f535994719" testId="2e4d3739-4524-de70-dcfa-3c920ea57e68" testName="CreateInstance_NonValidType_Throws" computerName="ICSWS068" duration="00:00:00.0028228" startTime="2016-08-04T09:57:21.0757050+02:00" endTime="2016-08-04T09:57:21.0797278+02:00" testType="13cdc9d9-ddb5-4fa4-a97d-d965ccfc6d4b" outcome="Passed" testListId="8c84fa94-04c1-424b-9868-57a2d4851a1d" relativeResultsDirectory="a049db12-fc62-4e84-9856-47f535994719" />
    <UnitTestResult executionId="a496633a-a7d9-40ac-869e-152eadb66659" testId="ed70e9c6-dda3-6f49-2312-e0cda8280cd4" testName="Write_Stream_ShouldProduceCorrectCrc32Value" computerName="ICSWS068" duration="00:00:00.0016750" startTime="2016-08-04T09:57:21.0812246+02:00" endTime="2016-08-04T09:57:21.0851937+02:00" testType="13cdc9d9-ddb5-4fa4-a97d-d965ccfc6d4b" outcome="Passed" testListId="8c84fa94-04c1-424b-9868-57a2d4851a1d" relativeResultsDirectory="a496633a-a7d9-40ac-869e-152eadb66659" />
    <UnitTestResult executionId="2b20f5da-211d-4e07-a59e-3e081742b819" testId="bd55e582-03e0-4b2c-8816-389f0fe11cad" testName="Write_Stream2_ShouldProduceCorrectCrc32Value" computerName="ICSWS068" duration="00:00:00.0002140" startTime="2016-08-04T09:57:21.0881957+02:00" endTime="2016-08-04T09:57:21.0897139+02:00" testType="13cdc9d9-ddb5-4fa4-a97d-d965ccfc6d4b" outcome="Passed" testListId="8c84fa94-04c1-424b-9868-57a2d4851a1d" relativeResultsDirectory="2b20f5da-211d-4e07-a59e-3e081742b819" />
    <UnitTestResult executionId="13102cd1-1b87-4eeb-8db6-39d65c1ab108" testId="125db23b-eb65-69ac-b4ee-992c6412c1ef" testName="Read_Stream_ShouldProduceCorrectCrc32Value" computerName="ICSWS068" duration="00:00:00.0003703" startTime="2016-08-04T09:57:21.0924115+02:00" endTime="2016-08-04T09:57:21.0939293+02:00" testType="13cdc9d9-ddb5-4fa4-a97d-d965ccfc6d4b" outcome="Passed" testListId="8c84fa94-04c1-424b-9868-57a2d4851a1d" relativeResultsDirectory="13102cd1-1b87-4eeb-8db6-39d65c1ab108" />
    <UnitTestResult executionId="b10164eb-fd90-4640-9f5e-3cad78a7a4b6" testId="16401edc-f4ee-a65e-8ff7-b4813f7d0fce" testName="Read_MultipleConsecutiveReads_ShouldProduceCorrectCrc32Value" computerName="ICSWS068" duration="00:00:00.0006650" startTime="2016-08-04T09:57:21.0959155+02:00" endTime="2016-08-04T09:57:21.0979325+02:00" testType="13cdc9d9-ddb5-4fa4-a97d-d965ccfc6d4b" outcome="Passed" testListId="8c84fa94-04c1-424b-9868-57a2d4851a1d" relativeResultsDirectory="b10164eb-fd90-4640-9f5e-3cad78a7a4b6" />
    <UnitTestResult executionId="f099dd08-7eeb-4972-bcd5-6bf730e54508" testId="83a851cd-9941-9eac-9f04-01b3bbbe5a1e" testName="Constructor_ThreeArguments_ShouldSetPropertiesCorrectly" computerName="ICSWS068" duration="00:00:00.0039350" startTime="2016-08-04T09:57:21.1004187+02:00" endTime="2016-08-04T09:57:21.1063030+02:00" testType="13cdc9d9-ddb5-4fa4-a97d-d965ccfc6d4b" outcome="Passed" testListId="8c84fa94-04c1-424b-9868-57a2d4851a1d" relativeResultsDirectory="f099dd08-7eeb-4972-bcd5-6bf730e54508" />
    <UnitTestResult executionId="9882d3a0-6972-419e-8d69-ab261cdc4a0a" testId="cfaa92cc-d242-5cfb-98e0-5927df2ffc21" testName="ReadFrom_StreamWrittenTo_ShouldReturnEqualObject" computerName="ICSWS068" duration="00:00:00.0401741" startTime="2016-08-04T09:57:21.1087892+02:00" endTime="2016-08-04T09:57:21.1502952+02:00" testType="13cdc9d9-ddb5-4fa4-a97d-d965ccfc6d4b" outcome="Passed" testListId="8c84fa94-04c1-424b-9868-57a2d4851a1d" relativeResultsDirectory="9882d3a0-6972-419e-8d69-ab261cdc4a0a" />
    <UnitTestResult executionId="13115fd5-4ab0-4690-9895-abc672de8a33" testId="bebf6e4e-e45b-4628-3acb-f03b8137d85c" testName="Equals_EqualInstancesWithNoKnownServers_ShouldReturnTrue" computerName="ICSWS068" duration="00:00:00.0007079" startTime="2016-08-04T09:57:21.1532981+02:00" endTime="2016-08-04T09:57:21.1553145+02:00" testType="13cdc9d9-ddb5-4fa4-a97d-d965ccfc6d4b" outcome="Passed" testListId="8c84fa94-04c1-424b-9868-57a2d4851a1d" relativeResultsDirectory="13115fd5-4ab0-4690-9895-abc672de8a33" />
    <UnitTestResult executionId="82fd5207-2f0d-44f6-becd-88f6c2242be9" testId="ce86eafa-8fa8-50ef-09b1-b4f97e3ed1fc" testName="Equals_DifferingSystsemId_ShouldReturnFalse" computerName="ICSWS068" duration="00:00:00.0002167" startTime="2016-08-04T09:57:21.1573153+02:00" endTime="2016-08-04T09:57:21.1588001+02:00" testType="13cdc9d9-ddb5-4fa4-a97d-d965ccfc6d4b" outcome="Passed" testListId="8c84fa94-04c1-424b-9868-57a2d4851a1d" relativeResultsDirectory="82fd5207-2f0d-44f6-becd-88f6c2242be9" />
    <UnitTestResult executionId="3e7a72ef-c8f9-475b-8d4a-5829ccd22e38" testId="bf5fe9aa-3f61-2924-1df9-1a9717ebe24d" testName="Equals_DifferingServerId_ShouldReturnFalse" computerName="ICSWS068" duration="00:00:00.0002266" startTime="2016-08-04T09:57:21.1608036+02:00" endTime="2016-08-04T09:57:21.1618047+02:00" testType="13cdc9d9-ddb5-4fa4-a97d-d965ccfc6d4b" outcome="Passed" testListId="8c84fa94-04c1-424b-9868-57a2d4851a1d" relativeResultsDirectory="3e7a72ef-c8f9-475b-8d4a-5829ccd22e38" />
    <UnitTestResult executionId="0c5a2456-4104-4e5c-974a-82dcd108bf67" testId="2acf1295-212b-036e-a509-c37f5295ecda" testName="Equals_DifferingSessionEventId_ShouldReturnFalse" computerName="ICSWS068" duration="00:00:00.0002689" startTime="2016-08-04T09:57:21.1647850+02:00" endTime="2016-08-04T09:57:21.1662885+02:00" testType="13cdc9d9-ddb5-4fa4-a97d-d965ccfc6d4b" outcome="Passed" testListId="8c84fa94-04c1-424b-9868-57a2d4851a1d" relativeResultsDirectory="0c5a2456-4104-4e5c-974a-82dcd108bf67" />
    <UnitTestResult executionId="7ee7cb9a-2bb7-4966-89d3-3b4c37a690ef" testId="4af33d6c-454e-e46c-dc6d-d1b7f791b36b" testName="Equals_DifferingNumberOfKnownServers_ShouldReturnFalse" computerName="ICSWS068" duration="00:00:00.0003155" startTime="2016-08-04T09:57:21.1697908+02:00" endTime="2016-08-04T09:57:21.1713087+02:00" testType="13cdc9d9-ddb5-4fa4-a97d-d965ccfc6d4b" outcome="Passed" testListId="8c84fa94-04c1-424b-9868-57a2d4851a1d" relativeResultsDirectory="7ee7cb9a-2bb7-4966-89d3-3b4c37a690ef" />
    <UnitTestResult executionId="83023c0f-df08-497f-bf67-c2ccc54ee54f" testId="8169995b-c0f4-bb4f-31fb-0c75f3a7e1c1" testName="Equals_DifferingKnownServers_ShouldReturnFalse" computerName="ICSWS068" duration="00:00:00.0003498" startTime="2016-08-04T09:57:21.1738145+02:00" endTime="2016-08-04T09:57:21.1753300+02:00" testType="13cdc9d9-ddb5-4fa4-a97d-d965ccfc6d4b" outcome="Passed" testListId="8c84fa94-04c1-424b-9868-57a2d4851a1d" relativeResultsDirectory="83023c0f-df08-497f-bf67-c2ccc54ee54f" />
    <UnitTestResult executionId="aab7e8ea-c74f-4385-b4bf-d5afc31b5795" testId="828c4e72-1778-8fe2-1326-316e91bfad56" testName="Equals_EqualKnownServers_ShouldReturnTrue" computerName="ICSWS068" duration="00:00:00.0003539" startTime="2016-08-04T09:57:21.1773311+02:00" endTime="2016-08-04T09:57:21.1788329+02:00" testType="13cdc9d9-ddb5-4fa4-a97d-d965ccfc6d4b" outcome="Passed" testListId="8c84fa94-04c1-424b-9868-57a2d4851a1d" relativeResultsDirectory="aab7e8ea-c74f-4385-b4bf-d5afc31b5795" />
    <UnitTestResult executionId="2317fcb7-d14c-4c2f-b6b8-e607ee9e8645" testId="2c52a824-f49a-78cd-9934-6fc129652ac6" testName="Equals_DifferentServerInstanceSessionId_ShouldReturnFalse" computerName="ICSWS068" duration="00:00:00.0003753" startTime="2016-08-04T09:57:21.1808185+02:00" endTime="2016-08-04T09:57:21.1828214+02:00" testType="13cdc9d9-ddb5-4fa4-a97d-d965ccfc6d4b" outcome="Passed" testListId="8c84fa94-04c1-424b-9868-57a2d4851a1d" relativeResultsDirectory="2317fcb7-d14c-4c2f-b6b8-e607ee9e8645" />
    <UnitTestResult executionId="158fc75f-21bc-423b-a60a-88311292ef05" testId="f2da04f1-9a54-fe0f-781d-877271ed23d2" testName="Constructor_ThreeArguments_ShouldSetPropertiesCorrectly" computerName="ICSWS068" duration="00:00:00.0010093" startTime="2016-08-04T09:57:21.1858231+02:00" endTime="2016-08-04T09:57:21.1878409+02:00" testType="13cdc9d9-ddb5-4fa4-a97d-d965ccfc6d4b" outcome="Passed" testListId="8c84fa94-04c1-424b-9868-57a2d4851a1d" relativeResultsDirectory="158fc75f-21bc-423b-a60a-88311292ef05" />
    <UnitTestResult executionId="579e3bc7-ad5b-48a6-a7a1-fc245a3c8f6a" testId="0a404d51-7fae-df28-f302-ed188527c330" testName="ReadFrom_BinaryReader_ShouldProduceEqualObject" computerName="ICSWS068" duration="00:00:00.0004378" startTime="2016-08-04T09:57:21.1904843+02:00" endTime="2016-08-04T09:57:21.1919892+02:00" testType="13cdc9d9-ddb5-4fa4-a97d-d965ccfc6d4b" outcome="Passed" testListId="8c84fa94-04c1-424b-9868-57a2d4851a1d" relativeResultsDirectory="579e3bc7-ad5b-48a6-a7a1-fc245a3c8f6a" />
    <UnitTestResult executionId="d9c1c309-e4c0-44c9-9607-ecde0f2f674f" testId="0470bb7b-c8ec-8f65-5aef-cda53c77c495" testName="Equals_NonEmptyEqualObjects_ShouldReturnTrue" computerName="ICSWS068" duration="00:00:00.0009753" startTime="2016-08-04T09:57:21.1944924+02:00" endTime="2016-08-04T09:57:21.1965097+02:00" testType="13cdc9d9-ddb5-4fa4-a97d-d965ccfc6d4b" outcome="Passed" testListId="8c84fa94-04c1-424b-9868-57a2d4851a1d" relativeResultsDirectory="d9c1c309-e4c0-44c9-9607-ecde0f2f674f" />
    <UnitTestResult executionId="ef143eca-081e-4495-ab81-cc6de22b7709" testId="a09fd127-958d-5fe2-17ae-c5af83807299" testName="Equals_DifferentServerIds_ShouldReturnFalse" computerName="ICSWS068" duration="00:00:00.0002967" startTime="2016-08-04T09:57:21.1989959+02:00" endTime="2016-08-04T09:57:21.2004976+02:00" testType="13cdc9d9-ddb5-4fa4-a97d-d965ccfc6d4b" outcome="Passed" testListId="8c84fa94-04c1-424b-9868-57a2d4851a1d" relativeResultsDirectory="ef143eca-081e-4495-ab81-cc6de22b7709" />
    <UnitTestResult executionId="016a17f3-cd4b-4cc5-80a4-5e9b0006655d" testId="b5333cf5-2f9c-05db-879c-6a816cc4268d" testName="Equals_DifferentImplementedParts_ShouldReturnFalse" computerName="ICSWS068" duration="00:00:00.0002677" startTime="2016-08-04T09:57:21.2034415+02:00" endTime="2016-08-04T09:57:21.2049430+02:00" testType="13cdc9d9-ddb5-4fa4-a97d-d965ccfc6d4b" outcome="Passed" testListId="8c84fa94-04c1-424b-9868-57a2d4851a1d" relativeResultsDirectory="016a17f3-cd4b-4cc5-80a4-5e9b0006655d" />
    <UnitTestResult executionId="9fa80494-1a0c-4e45-a35e-d1c2df9b14ac" testId="2c2b0e24-0f00-a878-498e-4ea1ab280f34" testName="Equals_DifferentVersions_ShouldReturnFalse" computerName="ICSWS068" duration="00:00:00.0002906" startTime="2016-08-04T09:57:21.2069447+02:00" endTime="2016-08-04T09:57:21.2084467+02:00" testType="13cdc9d9-ddb5-4fa4-a97d-d965ccfc6d4b" outcome="Passed" testListId="8c84fa94-04c1-424b-9868-57a2d4851a1d" relativeResultsDirectory="9fa80494-1a0c-4e45-a35e-d1c2df9b14ac" />
    <UnitTestResult executionId="be97f7f5-04bc-41b5-aa85-ee7db1f01307" testId="d610fab8-817d-7138-6a5e-5454e0379474" testName="Constructor_ScanForFilesOnStartFindsFile_TimerIsNotStarted" computerName="ICSWS068" duration="00:00:00.2104956" startTime="2016-08-04T09:57:21.2109479+02:00" endTime="2016-08-04T09:57:21.4226085+02:00" testType="13cdc9d9-ddb5-4fa4-a97d-d965ccfc6d4b" outcome="Passed" testListId="8c84fa94-04c1-424b-9868-57a2d4851a1d" relativeResultsDirectory="be97f7f5-04bc-41b5-aa85-ee7db1f01307" />
    <UnitTestResult executionId="702f0720-5c05-484b-b65d-ef0f9e360899" testId="cabcc14a-2ef3-c85d-dfd1-de43ca18b3ac" testName="Constructor_MultipleWatchTypes_ThrowsException" computerName="ICSWS068" duration="00:00:00.0016454" startTime="2016-08-04T09:57:21.4251293+02:00" endTime="2016-08-04T09:57:21.4281307+02:00" testType="13cdc9d9-ddb5-4fa4-a97d-d965ccfc6d4b" outcome="Passed" testListId="8c84fa94-04c1-424b-9868-57a2d4851a1d" relativeResultsDirectory="702f0720-5c05-484b-b65d-ef0f9e360899" />
    <UnitTestResult executionId="dc2c2664-5805-4fc2-ae52-30e72c565fb0" testId="0f2a6f8c-6b60-40aa-6a7b-4d8f945abfe2" testName="Activate_ScanForFilesOnStartFoundFileAndNoNewTimeout_TimerIsStarted" computerName="ICSWS068" duration="00:00:00.0098965" startTime="2016-08-04T09:57:21.4311160+02:00" endTime="2016-08-04T09:57:21.4416439+02:00" testType="13cdc9d9-ddb5-4fa4-a97d-d965ccfc6d4b" outcome="Passed" testListId="8c84fa94-04c1-424b-9868-57a2d4851a1d" relativeResultsDirectory="dc2c2664-5805-4fc2-ae52-30e72c565fb0" />
    <UnitTestResult executionId="9fb08468-3aee-4e86-8984-7635cfc579f8" testId="ab43028a-0d73-c029-5fd2-94f93458b57b" testName="Activate_SettleListIsEmptyAndTimeoutIsNeverSet_TimerIsNotStarted" computerName="ICSWS068" duration="00:00:00.0021198" startTime="2016-08-04T09:57:21.4446509+02:00" endTime="2016-08-04T09:57:21.4481685+02:00" testType="13cdc9d9-ddb5-4fa4-a97d-d965ccfc6d4b" outcome="Passed" testListId="8c84fa94-04c1-424b-9868-57a2d4851a1d" relativeResultsDirectory="9fb08468-3aee-4e86-8984-7635cfc579f8" />
    <UnitTestResult executionId="b5885e04-30dc-45df-ab88-31620634e490" testId="a1ecc216-a595-7826-63fb-ba8cfd9931b2" testName="Activate_SettleListIsEmptyAndTimeoutIsNeverSet_TimerIsStarted" computerName="ICSWS068" duration="00:00:00.0046174" startTime="2016-08-04T09:57:21.4506541+02:00" endTime="2016-08-04T09:57:21.4571742+02:00" testType="13cdc9d9-ddb5-4fa4-a97d-d965ccfc6d4b" outcome="Passed" testListId="8c84fa94-04c1-424b-9868-57a2d4851a1d" relativeResultsDirectory="b5885e04-30dc-45df-ab88-31620634e490" />
    <UnitTestResult executionId="7e2119df-d5d2-4267-ae6e-4938c1d1f2d5" testId="d6cd779d-7161-65eb-cb81-e6f9495397bd" testName="Activate_NewTimeoutIsSoonerThanCurrentTimeout_TimerIsStartedWithNewTimeout" computerName="ICSWS068" duration="00:00:00.0034292" startTime="2016-08-04T09:57:21.4596604+02:00" endTime="2016-08-04T09:57:21.4646638+02:00" testType="13cdc9d9-ddb5-4fa4-a97d-d965ccfc6d4b" outcome="Passed" testListId="8c84fa94-04c1-424b-9868-57a2d4851a1d" relativeResultsDirectory="7e2119df-d5d2-4267-ae6e-4938c1d1f2d5" />
    <UnitTestResult executionId="a5e076fc-ba7a-4f18-8d01-167f9e6d7ef3" testId="c712af55-6394-5b1d-9835-84605eea7e15" testName="Activate_NewTimeoutIsEqualToCurrentTimeout_TimerIsNotStopped" computerName="ICSWS068" duration="00:00:00.0034776" startTime="2016-08-04T09:57:21.4671658+02:00" endTime="2016-08-04T09:57:21.4721868+02:00" testType="13cdc9d9-ddb5-4fa4-a97d-d965ccfc6d4b" outcome="Passed" testListId="8c84fa94-04c1-424b-9868-57a2d4851a1d" relativeResultsDirectory="a5e076fc-ba7a-4f18-8d01-167f9e6d7ef3" />
    <UnitTestResult executionId="65720cef-1ec9-4ac7-9530-4c15d1556529" testId="7128cbf4-9b22-cf6e-2208-d27ab1df1a77" testName="Activate_NewTimeoutIsLaterThanCurrentTimeout_TimerIsNotStopped" computerName="ICSWS068" duration="00:00:00.0034321" startTime="2016-08-04T09:57:21.4751906+02:00" endTime="2016-08-04T09:57:21.4801946+02:00" testType="13cdc9d9-ddb5-4fa4-a97d-d965ccfc6d4b" outcome="Passed" testListId="8c84fa94-04c1-424b-9868-57a2d4851a1d" relativeResultsDirectory="65720cef-1ec9-4ac7-9530-4c15d1556529" />
    <UnitTestResult executionId="6d48b4ad-690e-4ec7-9907-57a528b56e75" testId="e65712fe-634f-7db4-b0b5-4f57f97e7283" testName="Activate_NoPreviousTimeoutAndNewTimeoutIsSoonerThanNextFile_TimerIsRestarted" computerName="ICSWS068" duration="00:00:00.0084232" startTime="2016-08-04T09:57:21.4827350+02:00" endTime="2016-08-04T09:57:21.4927440+02:00" testType="13cdc9d9-ddb5-4fa4-a97d-d965ccfc6d4b" outcome="Passed" testListId="8c84fa94-04c1-424b-9868-57a2d4851a1d" relativeResultsDirectory="6d48b4ad-690e-4ec7-9907-57a528b56e75" />
    <UnitTestResult executionId="0e032fb6-19bc-403b-8a65-88aa817f86e9" testId="f3e81cb8-c543-f054-052b-a499deabb192" testName="Activate_NoPreviousTimeoutAndNewTimeoutIsEqualToNextFile_TimerIsNotStopped" computerName="ICSWS068" duration="00:00:00.0055089" startTime="2016-08-04T09:57:21.4952416+02:00" endTime="2016-08-04T09:57:21.5017321+02:00" testType="13cdc9d9-ddb5-4fa4-a97d-d965ccfc6d4b" outcome="Passed" testListId="8c84fa94-04c1-424b-9868-57a2d4851a1d" relativeResultsDirectory="0e032fb6-19bc-403b-8a65-88aa817f86e9" />
    <UnitTestResult executionId="42d7ce8e-aaa8-476b-9fa3-13519c64875b" testId="00c478ce-a662-d3ac-ba1f-58c73a7f463c" testName="Activate_NoPreviousTimeoutAndNewTimeoutIsLaterThanNextFile_TimerIsNotStopped" computerName="ICSWS068" duration="00:00:00.0052901" startTime="2016-08-04T09:57:21.5050552+02:00" endTime="2016-08-04T09:57:21.5115603+02:00" testType="13cdc9d9-ddb5-4fa4-a97d-d965ccfc6d4b" outcome="Passed" testListId="8c84fa94-04c1-424b-9868-57a2d4851a1d" relativeResultsDirectory="42d7ce8e-aaa8-476b-9fa3-13519c64875b" />
    <UnitTestResult executionId="59fb0349-f64c-443e-8fcd-f3f1ef92b575" testId="f6466304-4bd5-1fab-08da-74b213b0c0cc" testName="Activate_NoNewTimeoutPreviousTimeoutIsSonnerThanExistingFileSettle_TimerIsNotStopped" computerName="ICSWS068" duration="00:00:00.0052919" startTime="2016-08-04T09:57:21.5140037+02:00" endTime="2016-08-04T09:57:21.5205095+02:00" testType="13cdc9d9-ddb5-4fa4-a97d-d965ccfc6d4b" outcome="Passed" testListId="8c84fa94-04c1-424b-9868-57a2d4851a1d" relativeResultsDirectory="59fb0349-f64c-443e-8fcd-f3f1ef92b575" />
    <UnitTestResult executionId="b8b22fed-6c19-458c-83c6-293e5a73e9ab" testId="e92f68c3-89d0-58b6-c911-a35c64ba9945" testName="Activate_NoNewTimeoutPreviousTimeoutIsEqualToExistingFileSettle_TimerIsNotStopped" computerName="ICSWS068" duration="00:00:00.0051318" startTime="2016-08-04T09:57:21.5234669+02:00" endTime="2016-08-04T09:57:21.5299885+02:00" testType="13cdc9d9-ddb5-4fa4-a97d-d965ccfc6d4b" outcome="Passed" testListId="8c84fa94-04c1-424b-9868-57a2d4851a1d" relativeResultsDirectory="b8b22fed-6c19-458c-83c6-293e5a73e9ab" />
    <UnitTestResult executionId="72b62274-cfac-4b51-86ee-428d0d780202" testId="aecf063f-ca62-5e2c-b12b-79b58441c916" testName="Activate_NoNewTimeoutPreviousTimeoutIsLaterThanExistingFileSettle_TimerIsNotStopped" computerName="ICSWS068" duration="00:00:00.0052456" startTime="2016-08-04T09:57:21.5326236+02:00" endTime="2016-08-04T09:57:21.5396288+02:00" testType="13cdc9d9-ddb5-4fa4-a97d-d965ccfc6d4b" outcome="Passed" testListId="8c84fa94-04c1-424b-9868-57a2d4851a1d" relativeResultsDirectory="72b62274-cfac-4b51-86ee-428d0d780202" />
    <UnitTestResult executionId="9948308d-57f2-4446-8666-65b5bac4bdb7" testId="d4a95d8e-5ceb-29b7-e3f3-ec8f8c66f784" testName="Activate_NewTimeoutIsSoonerThanCurrentFileTimer_TimerIsRestarted" computerName="ICSWS068" duration="00:00:00.0064793" startTime="2016-08-04T09:57:21.5426323+02:00" endTime="2016-08-04T09:57:21.5506380+02:00" testType="13cdc9d9-ddb5-4fa4-a97d-d965ccfc6d4b" outcome="Passed" testListId="8c84fa94-04c1-424b-9868-57a2d4851a1d" relativeResultsDirectory="9948308d-57f2-4446-8666-65b5bac4bdb7" />
    <UnitTestResult executionId="e5da7e54-b7aa-43b1-bcc9-abd5d6311357" testId="ef10a9ef-571c-a329-cec3-c6359ca7a04c" testName="Activate_NewTimeoutIsSoonerThanCurrentTimeoutTimer_TimerIsRestarted" computerName="ICSWS068" duration="00:00:00.0065095" startTime="2016-08-04T09:57:21.5531541+02:00" endTime="2016-08-04T09:57:21.5611457+02:00" testType="13cdc9d9-ddb5-4fa4-a97d-d965ccfc6d4b" outcome="Passed" testListId="8c84fa94-04c1-424b-9868-57a2d4851a1d" relativeResultsDirectory="e5da7e54-b7aa-43b1-bcc9-abd5d6311357" />
    <UnitTestResult executionId="fe56f2c6-4f8d-4346-a9bd-d6a75ab32fee" testId="3c00d5d6-ce28-1b53-caf3-a68b2beeb8a2" testName="Activate_NewTimeoutIsEqualToCurrentTimeoutTimer_TimerIsNotStopped" computerName="ICSWS068" duration="00:00:00.0056376" startTime="2016-08-04T09:57:21.5642580+02:00" endTime="2016-08-04T09:57:21.5707784+02:00" testType="13cdc9d9-ddb5-4fa4-a97d-d965ccfc6d4b" outcome="Passed" testListId="8c84fa94-04c1-424b-9868-57a2d4851a1d" relativeResultsDirectory="fe56f2c6-4f8d-4346-a9bd-d6a75ab32fee" />
    <UnitTestResult executionId="5f1e43be-5545-4dac-8481-747ab0074c27" testId="334d7018-0c3a-f5d6-de30-c6a4f7ff3a51" testName="Activate_NewTimeoutIsEqualToCurrentFileTimer_TimerIsNotStopped" computerName="ICSWS068" duration="00:00:00.0052679" startTime="2016-08-04T09:57:21.5738819+02:00" endTime="2016-08-04T09:57:21.5804029+02:00" testType="13cdc9d9-ddb5-4fa4-a97d-d965ccfc6d4b" outcome="Passed" testListId="8c84fa94-04c1-424b-9868-57a2d4851a1d" relativeResultsDirectory="5f1e43be-5545-4dac-8481-747ab0074c27" />
    <UnitTestResult executionId="40f10670-d773-46f1-841c-be802af07b3e" testId="94d51ca3-0c79-e65d-6051-304d3bebb0c6" testName="Activate_NewTimeoutIsLaterThanCurrentFileTimer_TimerIsNotStopped" computerName="ICSWS068" duration="00:00:00.0053599" startTime="2016-08-04T09:57:21.5833430+02:00" endTime="2016-08-04T09:57:21.5898675+02:00" testType="13cdc9d9-ddb5-4fa4-a97d-d965ccfc6d4b" outcome="Passed" testListId="8c84fa94-04c1-424b-9868-57a2d4851a1d" relativeResultsDirectory="40f10670-d773-46f1-841c-be802af07b3e" />
    <UnitTestResult executionId="c322cd1f-0372-4e70-a284-96a4a713c74f" testId="3cba314b-5a14-1d76-f67a-c3002af6e575" testName="Activate_NewTimeoutIsLaterThanCurrentTimeoutTimer_TimerIsNotStopped" computerName="ICSWS068" duration="00:00:00.0051643" startTime="2016-08-04T09:57:21.5923522+02:00" endTime="2016-08-04T09:57:21.5988759+02:00" testType="13cdc9d9-ddb5-4fa4-a97d-d965ccfc6d4b" outcome="Passed" testListId="8c84fa94-04c1-424b-9868-57a2d4851a1d" relativeResultsDirectory="c322cd1f-0372-4e70-a284-96a4a713c74f" />
    <UnitTestResult executionId="800035e2-c333-4c2b-86c2-da178c7df182" testId="d1cf05cc-2dfa-bec4-6256-d873c3f9bde1" testName="Activate_TimerCallbackOnFileReadyAndNewTimeout_TimerIsReStartedWithNewTimeout" computerName="ICSWS068" duration="00:00:00.0107026" startTime="2016-08-04T09:57:21.6013609+02:00" endTime="2016-08-04T09:57:21.6232001+02:00" testType="13cdc9d9-ddb5-4fa4-a97d-d965ccfc6d4b" outcome="Passed" testListId="8c84fa94-04c1-424b-9868-57a2d4851a1d" relativeResultsDirectory="800035e2-c333-4c2b-86c2-da178c7df182" />
    <UnitTestResult executionId="89bdee58-1ce0-495d-a01c-ca23ae402245" testId="ac0e6943-f9f7-f2e9-8905-f78f26cf63c0" testName="Activate_TimerCallbackOnTimeoutAndNewTimeout_TimerIsReStartedWithNewTimeout" computerName="ICSWS068" duration="00:00:00.0066153" startTime="2016-08-04T09:57:21.6257024+02:00" endTime="2016-08-04T09:57:21.6337125+02:00" testType="13cdc9d9-ddb5-4fa4-a97d-d965ccfc6d4b" outcome="Passed" testListId="8c84fa94-04c1-424b-9868-57a2d4851a1d" relativeResultsDirectory="89bdee58-1ce0-495d-a01c-ca23ae402245" />
    <UnitTestResult executionId="0e737aee-262f-425a-8705-316ddf61f488" testId="0b032793-e550-d135-5abc-4ca237bf6f12" testName="Activate_NotActivatedOverflowedNoFilesInList_ThrowsException" computerName="ICSWS068" duration="00:00:00.0025424" startTime="2016-08-04T09:57:21.6367142+02:00" endTime="2016-08-04T09:57:21.6407177+02:00" testType="13cdc9d9-ddb5-4fa4-a97d-d965ccfc6d4b" outcome="Passed" testListId="8c84fa94-04c1-424b-9868-57a2d4851a1d" relativeResultsDirectory="0e737aee-262f-425a-8705-316ddf61f488" />
    <UnitTestResult executionId="3c277d5a-4be2-456e-953f-641192bec50f" testId="6cec708c-aa05-6cb1-df7e-517f5c43709d" testName="Activate_OverflowedFilesInList_TimerIsStarted" computerName="ICSWS068" duration="00:00:00.0061250" startTime="2016-08-04T09:57:21.6432379+02:00" endTime="2016-08-04T09:57:21.6502439+02:00" testType="13cdc9d9-ddb5-4fa4-a97d-d965ccfc6d4b" outcome="Passed" testListId="8c84fa94-04c1-424b-9868-57a2d4851a1d" relativeResultsDirectory="3c277d5a-4be2-456e-953f-641192bec50f" />
    <UnitTestResult executionId="07dd046d-0026-4f83-9114-f43c929863ad" testId="d889412c-fbc3-c43f-8a19-fe2da4ee5a66" testName="Deactivate_ObjectCreated_TimerIsStopped" computerName="ICSWS068" duration="00:00:00.0029081" startTime="2016-08-04T09:57:21.6532468+02:00" endTime="2016-08-04T09:57:21.6572485+02:00" testType="13cdc9d9-ddb5-4fa4-a97d-d965ccfc6d4b" outcome="Passed" testListId="8c84fa94-04c1-424b-9868-57a2d4851a1d" relativeResultsDirectory="07dd046d-0026-4f83-9114-f43c929863ad" />
    <UnitTestResult executionId="8d98a10a-e4bb-4b33-9520-ad5bdd5a7d4f" testId="0c1cf0f4-fe83-ece0-5c41-523691746060" testName="Deactivate_ActivatedWithoutTimeout_TimerIsStopped" computerName="ICSWS068" duration="00:00:00.0029028" startTime="2016-08-04T09:57:21.6597514+02:00" endTime="2016-08-04T09:57:21.6638413+02:00" testType="13cdc9d9-ddb5-4fa4-a97d-d965ccfc6d4b" outcome="Passed" testListId="8c84fa94-04c1-424b-9868-57a2d4851a1d" relativeResultsDirectory="8d98a10a-e4bb-4b33-9520-ad5bdd5a7d4f" />
    <UnitTestResult executionId="7ffe1d12-defc-4e18-80a9-1eea113f4e5c" testId="e45e528a-0b78-849f-3ecd-e68c3617d267" testName="Deactivate_ActivatedWithTimeout_TimerIsStopped" computerName="ICSWS068" duration="00:00:00.0036556" startTime="2016-08-04T09:57:21.6663428+02:00" endTime="2016-08-04T09:57:21.6713617+02:00" testType="13cdc9d9-ddb5-4fa4-a97d-d965ccfc6d4b" outcome="Passed" testListId="8c84fa94-04c1-424b-9868-57a2d4851a1d" relativeResultsDirectory="7ffe1d12-defc-4e18-80a9-1eea113f4e5c" />
    <UnitTestResult executionId="06881bca-6b16-4f0b-a328-a4541e0964b0" testId="c9ff8a95-162f-3a34-2867-662766108ed4" testName="Deactivate_NotActivatedFilesAreAdded_TimerIsStopped" computerName="ICSWS068" duration="00:00:00.0059033" startTime="2016-08-04T09:57:21.6738576+02:00" endTime="2016-08-04T09:57:21.6808572+02:00" testType="13cdc9d9-ddb5-4fa4-a97d-d965ccfc6d4b" outcome="Passed" testListId="8c84fa94-04c1-424b-9868-57a2d4851a1d" relativeResultsDirectory="06881bca-6b16-4f0b-a328-a4541e0964b0" />
    <UnitTestResult executionId="e1f2c1e8-2e97-4e37-bcbf-695e470744ce" testId="2841cb55-e33d-051d-6180-8e4d31cd372e" testName="Deactivate_ActivatedWithoutTimeoutFilesAreAdded_TimerIsStopped" computerName="ICSWS068" duration="00:00:00.0067473" startTime="2016-08-04T09:57:21.6838615+02:00" endTime="2016-08-04T09:57:21.6923854+02:00" testType="13cdc9d9-ddb5-4fa4-a97d-d965ccfc6d4b" outcome="Passed" testListId="8c84fa94-04c1-424b-9868-57a2d4851a1d" relativeResultsDirectory="e1f2c1e8-2e97-4e37-bcbf-695e470744ce" />
    <UnitTestResult executionId="6fcb3704-a78e-4eba-84de-a1f4234b3765" testId="cbc1787c-e63a-daa5-2b9a-8ad8c5beca54" testName="Deactivate_ActivatedWithTimeoutFilesAreAdded_TimerIsStopped" computerName="ICSWS068" duration="00:00:00.0067781" startTime="2016-08-04T09:57:21.6948725+02:00" endTime="2016-08-04T09:57:21.7029459+02:00" testType="13cdc9d9-ddb5-4fa4-a97d-d965ccfc6d4b" outcome="Passed" testListId="8c84fa94-04c1-424b-9868-57a2d4851a1d" relativeResultsDirectory="6fcb3704-a78e-4eba-84de-a1f4234b3765" />
    <UnitTestResult executionId="9874a4d5-86da-468f-8a39-4e575569e906" testId="da0605f0-8b11-713c-3ea7-c6000a43817c" testName="FileIsCreated_ActivatedWithoutTimeoutCreatedEventIsNotMonitored_TimerIsNotStarted" computerName="ICSWS068" duration="00:00:00.0054151" startTime="2016-08-04T09:57:21.7059497+02:00" endTime="2016-08-04T09:57:21.7129604+02:00" testType="13cdc9d9-ddb5-4fa4-a97d-d965ccfc6d4b" outcome="Passed" testListId="8c84fa94-04c1-424b-9868-57a2d4851a1d" relativeResultsDirectory="9874a4d5-86da-468f-8a39-4e575569e906" />
    <UnitTestResult executionId="bba0c644-e7a9-4b5f-9d76-6999d04cc58a" testId="55c635e4-7449-452f-afd2-e4487af769f7" testName="FileIsCreated_ActivatedWithoutTimeoutCreatedEventIsMonitored_TimerIsStarted" computerName="ICSWS068" duration="00:00:00.0066840" startTime="2016-08-04T09:57:21.7159619+02:00" endTime="2016-08-04T09:57:21.7239872+02:00" testType="13cdc9d9-ddb5-4fa4-a97d-d965ccfc6d4b" outcome="Passed" testListId="8c84fa94-04c1-424b-9868-57a2d4851a1d" relativeResultsDirectory="bba0c644-e7a9-4b5f-9d76-6999d04cc58a" />
    <UnitTestResult executionId="2c255a0d-220e-487e-ba9d-84991b49a4f4" testId="4496c757-8f4b-3a51-4730-780ea0e42b63" testName="FileIsChanged_ActivatedWithoutTimeoutChangedEventIsNotMonitored_TimerIsNotStarted" computerName="ICSWS068" duration="00:00:00.0053177" startTime="2016-08-04T09:57:21.7264884+02:00" endTime="2016-08-04T09:57:21.7330273+02:00" testType="13cdc9d9-ddb5-4fa4-a97d-d965ccfc6d4b" outcome="Passed" testListId="8c84fa94-04c1-424b-9868-57a2d4851a1d" relativeResultsDirectory="2c255a0d-220e-487e-ba9d-84991b49a4f4" />
    <UnitTestResult executionId="f57d454b-e975-48ff-8ec2-46cd9ecfd71e" testId="f4dc1199-745d-8477-0cda-e74cc6f1a4cc" testName="FileIsChanged_ActivatedWithoutTimeoutChangedEventIsMonitored_TimerIsStarted" computerName="ICSWS068" duration="00:00:00.0065936" startTime="2016-08-04T09:57:21.7365137+02:00" endTime="2016-08-04T09:57:21.7442197+02:00" testType="13cdc9d9-ddb5-4fa4-a97d-d965ccfc6d4b" outcome="Passed" testListId="8c84fa94-04c1-424b-9868-57a2d4851a1d" relativeResultsDirectory="f57d454b-e975-48ff-8ec2-46cd9ecfd71e" />
    <UnitTestResult executionId="fadb57d5-88eb-427e-be7a-493b6b40cd93" testId="8863a6d5-83fc-e50a-f2df-12fc185f1b45" testName="FileIsRenamed_ActivatedWithoutTimeoutRenamedEventIsNotMonitored_TimerIsNotStarted" computerName="ICSWS068" duration="00:00:00.0056734" startTime="2016-08-04T09:57:21.7467367+02:00" endTime="2016-08-04T09:57:21.7537416+02:00" testType="13cdc9d9-ddb5-4fa4-a97d-d965ccfc6d4b" outcome="Passed" testListId="8c84fa94-04c1-424b-9868-57a2d4851a1d" relativeResultsDirectory="fadb57d5-88eb-427e-be7a-493b6b40cd93" />
    <UnitTestResult executionId="3308e312-8fad-4c94-9a96-438c9960da0f" testId="66898b84-6731-813f-ed46-0d16843e4cb4" testName="FileIsRenamed_ActivatedWithoutTimeoutRenamedEventIsMonitored_TimerIsStarted" computerName="ICSWS068" duration="00:00:00.0071772" startTime="2016-08-04T09:57:21.7562283+02:00" endTime="2016-08-04T09:57:21.7649279+02:00" testType="13cdc9d9-ddb5-4fa4-a97d-d965ccfc6d4b" outcome="Passed" testListId="8c84fa94-04c1-424b-9868-57a2d4851a1d" relativeResultsDirectory="3308e312-8fad-4c94-9a96-438c9960da0f" />
    <UnitTestResult executionId="68fa66be-924f-44b3-a34a-5225fdbdbf10" testId="30b4b6da-e372-71da-a010-25f13800fcef" testName="FileIsDeleted_ActivatedWithoutTimeoutDeletedEventIsNotMonitored_TimerIsNotStarted" computerName="ICSWS068" duration="00:00:00.0054723" startTime="2016-08-04T09:57:21.7674144+02:00" endTime="2016-08-04T09:57:21.7739562+02:00" testType="13cdc9d9-ddb5-4fa4-a97d-d965ccfc6d4b" outcome="Passed" testListId="8c84fa94-04c1-424b-9868-57a2d4851a1d" relativeResultsDirectory="68fa66be-924f-44b3-a34a-5225fdbdbf10" />
    <UnitTestResult executionId="a8df400a-08ca-490e-9712-21e70a9f95a8" testId="7c7e4a63-c690-d297-4332-a00435ab0de5" testName="FileIsDeleted_ActivatedWithoutTimeoutDeletedEventIsMonitored_TimerIsStarted" computerName="ICSWS068" duration="00:00:00.0069883" startTime="2016-08-04T09:57:21.7769409+02:00" endTime="2016-08-04T09:57:21.7849504+02:00" testType="13cdc9d9-ddb5-4fa4-a97d-d965ccfc6d4b" outcome="Passed" testListId="8c84fa94-04c1-424b-9868-57a2d4851a1d" relativeResultsDirectory="a8df400a-08ca-490e-9712-21e70a9f95a8" />
    <UnitTestResult executionId="4b9334ec-5793-4185-8bc6-8274faf3a673" testId="103c3806-c810-ec01-f3cc-01151f1481cf" testName="WatchedEventIsRaised_NotActiviated_TimerIsNotStarted" computerName="ICSWS068" duration="00:00:00.0050344" startTime="2016-08-04T09:57:21.7879527+02:00" endTime="2016-08-04T09:57:21.7939623+02:00" testType="13cdc9d9-ddb5-4fa4-a97d-d965ccfc6d4b" outcome="Passed" testListId="8c84fa94-04c1-424b-9868-57a2d4851a1d" relativeResultsDirectory="4b9334ec-5793-4185-8bc6-8274faf3a673" />
    <UnitTestResult executionId="471d8dbb-00b7-420f-8f9c-98b86c25155e" testId="8bfc075f-420a-c9e2-8a28-f13b004bb579" testName="WatchedEventIsRaised_ActiviatedWithoutTimeout_TimerIsStarted" computerName="ICSWS068" duration="00:00:00.0060781" startTime="2016-08-04T09:57:21.7969875+02:00" endTime="2016-08-04T09:57:21.8044859+02:00" testType="13cdc9d9-ddb5-4fa4-a97d-d965ccfc6d4b" outcome="Passed" testListId="8c84fa94-04c1-424b-9868-57a2d4851a1d" relativeResultsDirectory="471d8dbb-00b7-420f-8f9c-98b86c25155e" />
    <UnitTestResult executionId="2e2fa801-831d-40ed-b5e7-1991577483b6" testId="b5ac5201-7a02-4add-db45-f0ead039ed7a" testName="WatchedEventIsRaised_FileSettleIsSoonerThanCurrentTimer_TimerIsReStarted" computerName="ICSWS068" duration="00:00:00.0062664" startTime="2016-08-04T09:57:21.8070143+02:00" endTime="2016-08-04T09:57:21.8144954+02:00" testType="13cdc9d9-ddb5-4fa4-a97d-d965ccfc6d4b" outcome="Passed" testListId="8c84fa94-04c1-424b-9868-57a2d4851a1d" relativeResultsDirectory="2e2fa801-831d-40ed-b5e7-1991577483b6" />
    <UnitTestResult executionId="11bcf417-6af5-4372-b374-14881d94ee6b" testId="670a0225-2475-fe07-bf4b-96cce6a39ca0" testName="WatchedEventIsRaised_FileSettleIsEqualCurrentTimer_TimerIsNotStopped" computerName="ICSWS068" duration="00:00:00.0051362" startTime="2016-08-04T09:57:21.8169780+02:00" endTime="2016-08-04T09:57:21.8233729+02:00" testType="13cdc9d9-ddb5-4fa4-a97d-d965ccfc6d4b" outcome="Passed" testListId="8c84fa94-04c1-424b-9868-57a2d4851a1d" relativeResultsDirectory="11bcf417-6af5-4372-b374-14881d94ee6b" />
    <UnitTestResult executionId="41331061-05c1-4980-84e6-e40c16c23354" testId="30288887-38df-e699-2b26-c2e331087b4a" testName="WatchedEventIsRaised_FileSettleIsLaterThanCurrentTimer_TimerIsNotStopped" computerName="ICSWS068" duration="00:00:00.0050948" startTime="2016-08-04T09:57:21.8263767+02:00" endTime="2016-08-04T09:57:21.8328980+02:00" testType="13cdc9d9-ddb5-4fa4-a97d-d965ccfc6d4b" outcome="Passed" testListId="8c84fa94-04c1-424b-9868-57a2d4851a1d" relativeResultsDirectory="41331061-05c1-4980-84e6-e40c16c23354" />
    <UnitTestResult executionId="69978d5c-7f17-4e2a-821e-5865b72fd5d9" testId="d9b481eb-b37c-8990-0349-0ba28714c59b" testName="WatchedEventIsRaised_NotActiviated_LogEventIsRaised" computerName="ICSWS068" duration="00:00:00.0044497" startTime="2016-08-04T09:57:21.8358850+02:00" endTime="2016-08-04T09:57:21.8413882+02:00" testType="13cdc9d9-ddb5-4fa4-a97d-d965ccfc6d4b" outcome="Passed" testListId="8c84fa94-04c1-424b-9868-57a2d4851a1d" relativeResultsDirectory="69978d5c-7f17-4e2a-821e-5865b72fd5d9" />
    <UnitTestResult executionId="b26be5ae-2bc1-4d38-921d-855103cbb5f4" testId="f3352d41-6046-6375-d70e-08f933616558" testName="ErrorEventIsRaised_ActivatedAndIdle_ErrorEventIsRaised" computerName="ICSWS068" duration="00:00:00.0025204" startTime="2016-08-04T09:57:21.8444635+02:00" endTime="2016-08-04T09:57:21.8484669+02:00" testType="13cdc9d9-ddb5-4fa4-a97d-d965ccfc6d4b" outcome="Passed" testListId="8c84fa94-04c1-424b-9868-57a2d4851a1d" relativeResultsDirectory="b26be5ae-2bc1-4d38-921d-855103cbb5f4" />
    <UnitTestResult executionId="f063054c-8abb-4bfd-bdc2-5cc7f73b426d" testId="2b12faa3-a7dd-6c80-05e9-7fce063b3e84" testName="ErrorEventIsRaised_ActivatedAndWaitingOntimer_ErrorEventIsNotRaised" computerName="ICSWS068" duration="00:00:00.0023544" startTime="2016-08-04T09:57:21.8509514+02:00" endTime="2016-08-04T09:57:21.8544695+02:00" testType="13cdc9d9-ddb5-4fa4-a97d-d965ccfc6d4b" outcome="Passed" testListId="8c84fa94-04c1-424b-9868-57a2d4851a1d" relativeResultsDirectory="f063054c-8abb-4bfd-bdc2-5cc7f73b426d" />
    <UnitTestResult executionId="c822e83c-9068-41c0-8362-4856f6a03720" testId="a8a1b57a-6065-4b79-c0dd-1b7b1c2e2173" testName="TimerCallbackInvoked_NoTimeoutSetNoFilesInList_TimerIsNotStarted" computerName="ICSWS068" duration="00:00:00.0052784" startTime="2016-08-04T09:57:21.8574562+02:00" endTime="2016-08-04T09:57:21.8639822+02:00" testType="13cdc9d9-ddb5-4fa4-a97d-d965ccfc6d4b" outcome="Passed" testListId="8c84fa94-04c1-424b-9868-57a2d4851a1d" relativeResultsDirectory="c822e83c-9068-41c0-8362-4856f6a03720" />
    <UnitTestResult executionId="7d643adc-69f7-4d97-afa4-ac819f5f4c41" testId="01d8b08e-a942-171f-1972-3d5ea0b9a165" testName="TimerCallbackInvoked_TimeoutSetButNotDueNoFilesInList_TimerIsStarted" computerName="ICSWS068" duration="00:00:00.0036799" startTime="2016-08-04T09:57:21.8664845+02:00" endTime="2016-08-04T09:57:21.8714871+02:00" testType="13cdc9d9-ddb5-4fa4-a97d-d965ccfc6d4b" outcome="Passed" testListId="8c84fa94-04c1-424b-9868-57a2d4851a1d" relativeResultsDirectory="7d643adc-69f7-4d97-afa4-ac819f5f4c41" />
    <UnitTestResult executionId="6af6d89b-b235-45a5-a6cf-9e7355cea3cb" testId="d5e95a0f-75a2-8abe-3851-d5afa477567c" testName="TimerCallbackInvoked_FileIsNotSettled_TimerIsStarted" computerName="ICSWS068" duration="00:00:00.0085141" startTime="2016-08-04T09:57:21.8740776+02:00" endTime="2016-08-04T09:57:21.8835833+02:00" testType="13cdc9d9-ddb5-4fa4-a97d-d965ccfc6d4b" outcome="Passed" testListId="8c84fa94-04c1-424b-9868-57a2d4851a1d" relativeResultsDirectory="6af6d89b-b235-45a5-a6cf-9e7355cea3cb" />
    <UnitTestResult executionId="3b3fb3cc-9579-40ce-8f38-578cf0b37aba" testId="0fe3bf3f-3b8b-1a4d-e3c0-748a7862db82" testName="TimerCallbackInvoked_FileIsSettled_FileFoundEventIsRaised" computerName="ICSWS068" duration="00:00:00.0080575" startTime="2016-08-04T09:57:21.8871023+02:00" endTime="2016-08-04T09:57:21.8966107+02:00" testType="13cdc9d9-ddb5-4fa4-a97d-d965ccfc6d4b" outcome="Passed" testListId="8c84fa94-04c1-424b-9868-57a2d4851a1d" relativeResultsDirectory="3b3fb3cc-9579-40ce-8f38-578cf0b37aba" />
    <UnitTestResult executionId="099fb85f-065e-40f8-8d52-022bb63e8ca7" testId="56233f79-4547-fdf5-761b-cc2c4df64f08" testName="TimerCallbackInvoked_TwoFilesAreSettled_FileFoundEventIsRaisedOnFirstAddedFile" computerName="ICSWS068" duration="00:00:00.0078253" startTime="2016-08-04T09:57:21.8990963+02:00" endTime="2016-08-04T09:57:21.9081196+02:00" testType="13cdc9d9-ddb5-4fa4-a97d-d965ccfc6d4b" outcome="Passed" testListId="8c84fa94-04c1-424b-9868-57a2d4851a1d" relativeResultsDirectory="099fb85f-065e-40f8-8d52-022bb63e8ca7" />
    <UnitTestResult executionId="b4a0467d-29c4-4173-8805-1e58ce5fd6c6" testId="ed4a4be4-bcd9-a2e5-cbf4-158fdb2838f9" testName="TimerCallbackInvoked_FilesFromSubDirectoryIsSettled_NameOfFileDoesNotIncludeRelativePath" computerName="ICSWS068" duration="00:00:00.0058388" startTime="2016-08-04T09:57:21.9106046+02:00" endTime="2016-08-04T09:57:21.9176121+02:00" testType="13cdc9d9-ddb5-4fa4-a97d-d965ccfc6d4b" outcome="Passed" testListId="8c84fa94-04c1-424b-9868-57a2d4851a1d" relativeResultsDirectory="b4a0467d-29c4-4173-8805-1e58ce5fd6c6" />
    <UnitTestResult executionId="58226791-2285-4a7e-97e6-a5bdeca912d5" testId="9ba9815b-f9c8-651c-050e-a083817a29a5" testName="TimerCallbackInvoked_FileIsSettled_TimerIsNotReStarted" computerName="ICSWS068" duration="00:00:00.0066799" startTime="2016-08-04T09:57:21.9206314+02:00" endTime="2016-08-04T09:57:21.9286374+02:00" testType="13cdc9d9-ddb5-4fa4-a97d-d965ccfc6d4b" outcome="Passed" testListId="8c84fa94-04c1-424b-9868-57a2d4851a1d" relativeResultsDirectory="58226791-2285-4a7e-97e6-a5bdeca912d5" />
    <UnitTestResult executionId="5c09c8bd-4e7d-41f4-b0eb-382d732464b7" testId="96fe433c-f2a0-0fb2-5a91-af6afdc47ac8" testName="SpawnedWorkflowResultConstructorTest_InstanceIdProvided_CorrectInstanceId" computerName="ICSWS068" duration="00:00:00.0007073" startTime="2016-08-04T09:57:21.9311383+02:00" endTime="2016-08-04T09:57:21.9336268+02:00" testType="13cdc9d9-ddb5-4fa4-a97d-d965ccfc6d4b" outcome="Passed" testListId="8c84fa94-04c1-424b-9868-57a2d4851a1d" relativeResultsDirectory="5c09c8bd-4e7d-41f4-b0eb-382d732464b7" />
    <UnitTestResult executionId="551bf377-bb8e-4ae9-817d-ff7d972ab9d2" testId="e24bdd09-60f6-2c35-3dc0-3a9c029eb3dc" testName="SpawnedWorkflowResultConstructorTest_InstanceIdProvided_StatusIsUnknown" computerName="ICSWS068" duration="00:00:00.0006850" startTime="2016-08-04T09:57:21.9376299+02:00" endTime="2016-08-04T09:57:21.9396317+02:00" testType="13cdc9d9-ddb5-4fa4-a97d-d965ccfc6d4b" outcome="Passed" testListId="8c84fa94-04c1-424b-9868-57a2d4851a1d" relativeResultsDirectory="551bf377-bb8e-4ae9-817d-ff7d972ab9d2" />
    <UnitTestResult executionId="3fc31dc9-8f4f-4de4-b5ab-b572390e5121" testId="d98b5498-aa25-1e7a-69b9-1270c7a1f7b2" testName="SpawnedWorkflowResultConstructorTest_InstanceIdProvided_ErrorIsNull" computerName="ICSWS068" duration="00:00:00.0002296" startTime="2016-08-04T09:57:21.9421334+02:00" endTime="2016-08-04T09:57:21.9437776+02:00" testType="13cdc9d9-ddb5-4fa4-a97d-d965ccfc6d4b" outcome="Passed" testListId="8c84fa94-04c1-424b-9868-57a2d4851a1d" relativeResultsDirectory="3fc31dc9-8f4f-4de4-b5ab-b572390e5121" />
    <UnitTestResult executionId="f98967cc-1e6b-4255-a6c9-559373b7598e" testId="10b4de23-c574-f539-713b-07110040d562" testName="SpawnedWorkflowResultConstructorTest_InstanceIdProvided_OutputCountIsZero" computerName="ICSWS068" duration="00:00:00.0003040" startTime="2016-08-04T09:57:21.9467785+02:00" endTime="2016-08-04T09:57:21.9482951+02:00" testType="13cdc9d9-ddb5-4fa4-a97d-d965ccfc6d4b" outcome="Passed" testListId="8c84fa94-04c1-424b-9868-57a2d4851a1d" relativeResultsDirectory="f98967cc-1e6b-4255-a6c9-559373b7598e" />
    <UnitTestResult executionId="99b9ceb4-9473-49a4-89ca-27004f840282" testId="a539ad35-32c2-7c1a-6285-8901d39fa1f2" testName="SpawnedWorkflowResultConstructorTest_InstanceIdAndOutputsProvided_CorrectInstanceId" computerName="ICSWS068" duration="00:00:00.0004516" startTime="2016-08-04T09:57:21.9512813+02:00" endTime="2016-08-04T09:57:21.9532839+02:00" testType="13cdc9d9-ddb5-4fa4-a97d-d965ccfc6d4b" outcome="Passed" testListId="8c84fa94-04c1-424b-9868-57a2d4851a1d" relativeResultsDirectory="99b9ceb4-9473-49a4-89ca-27004f840282" />
    <UnitTestResult executionId="96089060-619a-4f46-8fe1-373276a7c2b3" testId="2c93e81a-013b-0dd8-543e-02ad42a6f164" testName="SpawnedWorkflowResultConstructorTest_InstanceIdAndOutputsProvided_StatusIsSuccess" computerName="ICSWS068" duration="00:00:00.0002029" startTime="2016-08-04T09:57:21.9562850+02:00" endTime="2016-08-04T09:57:21.9578020+02:00" testType="13cdc9d9-ddb5-4fa4-a97d-d965ccfc6d4b" outcome="Passed" testListId="8c84fa94-04c1-424b-9868-57a2d4851a1d" relativeResultsDirectory="96089060-619a-4f46-8fe1-373276a7c2b3" />
    <UnitTestResult executionId="820751f4-ed20-4f75-8352-bb1b39fb094a" testId="cbec4f05-188d-c606-1612-fbb1788449d2" testName="SpawnedWorkflowResultConstructorTest_InstanceIdAndOutputsProvided_ErrorIsNull" computerName="ICSWS068" duration="00:00:00.0001650" startTime="2016-08-04T09:57:21.9598055+02:00" endTime="2016-08-04T09:57:21.9613058+02:00" testType="13cdc9d9-ddb5-4fa4-a97d-d965ccfc6d4b" outcome="Passed" testListId="8c84fa94-04c1-424b-9868-57a2d4851a1d" relativeResultsDirectory="820751f4-ed20-4f75-8352-bb1b39fb094a" />
    <UnitTestResult executionId="250c2e0a-b90a-4304-81c5-9d486026afe6" testId="1aa3f853-0892-41c5-b042-6a64c4cdd1d8" testName="SpawnedWorkflowResultConstructorTest_InstanceIdAndOutputsProvided_OutputIsCorrect" computerName="ICSWS068" duration="00:00:00.0002354" startTime="2016-08-04T09:57:21.9641380+02:00" endTime="2016-08-04T09:57:21.9656391+02:00" testType="13cdc9d9-ddb5-4fa4-a97d-d965ccfc6d4b" outcome="Passed" testListId="8c84fa94-04c1-424b-9868-57a2d4851a1d" relativeResultsDirectory="250c2e0a-b90a-4304-81c5-9d486026afe6" />
    <UnitTestResult executionId="d50d0dc7-3386-492e-8e1c-1c782deceaaa" testId="b85c552e-f3d9-341e-b61b-c0d3f4479c48" testName="SpawnedWorkflowResultConstructorTest_InstanceIdAndErrorProvided_CorrectInstanceId" computerName="ICSWS068" duration="00:00:00.0002689" startTime="2016-08-04T09:57:21.9691423+02:00" endTime="2016-08-04T09:57:21.9706432+02:00" testType="13cdc9d9-ddb5-4fa4-a97d-d965ccfc6d4b" outcome="Passed" testListId="8c84fa94-04c1-424b-9868-57a2d4851a1d" relativeResultsDirectory="d50d0dc7-3386-492e-8e1c-1c782deceaaa" />
    <UnitTestResult executionId="7c472ec1-898e-4f7b-916a-2300a94e6e3a" testId="73663999-b584-2d06-87b9-5b71478a64da" testName="SpawnedWorkflowResultConstructorTest_InstanceIdAndErrorProvided_StatusIsFailure" computerName="ICSWS068" duration="00:00:00.0001929" startTime="2016-08-04T09:57:21.9731449+02:00" endTime="2016-08-04T09:57:21.9746454+02:00" testType="13cdc9d9-ddb5-4fa4-a97d-d965ccfc6d4b" outcome="Passed" testListId="8c84fa94-04c1-424b-9868-57a2d4851a1d" relativeResultsDirectory="7c472ec1-898e-4f7b-916a-2300a94e6e3a" />
    <UnitTestResult executionId="344aac6f-6ceb-40bd-851e-07191754134d" testId="f72e819c-cf29-5fc5-a7de-030d0cb66b49" testName="SpawnedWorkflowResultConstructorTest_InstanceIdAndOutputsProvided_ErrorIsCorrect" computerName="ICSWS068" duration="00:00:00.0002272" startTime="2016-08-04T09:57:21.9771472+02:00" endTime="2016-08-04T09:57:21.9786483+02:00" testType="13cdc9d9-ddb5-4fa4-a97d-d965ccfc6d4b" outcome="Passed" testListId="8c84fa94-04c1-424b-9868-57a2d4851a1d" relativeResultsDirectory="344aac6f-6ceb-40bd-851e-07191754134d" />
    <UnitTestResult executionId="30a685b4-6457-466d-8b77-292c3b6250a4" testId="f71cad70-d25a-c1d0-7161-f7b8169c84a5" testName="SpawnedWorkflowResultConstructorTest_InstanceIdAndErrorProvided_OutputCountIsZero" computerName="ICSWS068" duration="00:00:00.0002026" startTime="2016-08-04T09:57:21.9811503+02:00" endTime="2016-08-04T09:57:21.9826098+02:00" testType="13cdc9d9-ddb5-4fa4-a97d-d965ccfc6d4b" outcome="Passed" testListId="8c84fa94-04c1-424b-9868-57a2d4851a1d" relativeResultsDirectory="30a685b4-6457-466d-8b77-292c3b6250a4" />
    <UnitTestResult executionId="3bda75c7-fb16-44a9-9055-d9e6ee2978f9" testId="cfe2df1b-388f-399a-8abb-6ea095a1fee6" testName="SpawnedWorkflowResultConstructorTest_InstanceIdAndResultIsOfNonExceptionAndNonDictionary_Throws" computerName="ICSWS068" duration="00:00:00.0005642" startTime="2016-08-04T09:57:21.9861144+02:00" endTime="2016-08-04T09:57:21.9881165+02:00" testType="13cdc9d9-ddb5-4fa4-a97d-d965ccfc6d4b" outcome="Passed" testListId="8c84fa94-04c1-424b-9868-57a2d4851a1d" relativeResultsDirectory="3bda75c7-fb16-44a9-9055-d9e6ee2978f9" />
    <UnitTestResult executionId="7db62676-b892-4746-b50f-0a7475798c79" testId="82ff103d-faa4-f847-94c0-15fe7e4d07ad" testName="Constructor_Create_Success" computerName="ICSWS068" duration="00:00:00.0006800" startTime="2016-08-04T09:57:21.9906176+02:00" endTime="2016-08-04T09:57:21.9926231+02:00" testType="13cdc9d9-ddb5-4fa4-a97d-d965ccfc6d4b" outcome="Passed" testListId="8c84fa94-04c1-424b-9868-57a2d4851a1d" relativeResultsDirectory="7db62676-b892-4746-b50f-0a7475798c79" />
    <UnitTestResult executionId="39f06cd6-e6b6-4950-8f63-df3a42758b59" testId="b045487f-4c95-ecb4-fc1e-dfc82dedd347" testName="AddSpawnedWorkflow_AddToNonExistingparent_Throws" computerName="ICSWS068" duration="00:00:00.0197165" startTime="2016-08-04T09:57:21.9956248+02:00" endTime="2016-08-04T09:57:22.0167509+02:00" testType="13cdc9d9-ddb5-4fa4-a97d-d965ccfc6d4b" outcome="Passed" testListId="8c84fa94-04c1-424b-9868-57a2d4851a1d" relativeResultsDirectory="39f06cd6-e6b6-4950-8f63-df3a42758b59" />
    <UnitTestResult executionId="352ff781-5dac-47a7-a17d-3adcd5991bc2" testId="77ea2916-5df6-8b3a-06c5-48acce5f04df" testName="AddSpawnedWorkflow_PublishResultIsTrue_ResultAvailableAfterCompletion" computerName="ICSWS068" duration="00:00:00.0041301" startTime="2016-08-04T09:57:22.0202690+02:00" endTime="2016-08-04T09:57:22.0256053+02:00" testType="13cdc9d9-ddb5-4fa4-a97d-d965ccfc6d4b" outcome="Passed" testListId="8c84fa94-04c1-424b-9868-57a2d4851a1d" relativeResultsDirectory="352ff781-5dac-47a7-a17d-3adcd5991bc2" />
    <UnitTestResult executionId="0ee82715-9489-40c6-a24d-8613a6eb3719" testId="c047668b-7d33-afbc-e0a5-3fafdda07287" testName="AddSpawnedWorkflow_PublishResultIsFalse_ResultUnavailableAfterCompletion" computerName="ICSWS068" duration="00:00:00.0003533" startTime="2016-08-04T09:57:22.0296075+02:00" endTime="2016-08-04T09:57:22.0316093+02:00" testType="13cdc9d9-ddb5-4fa4-a97d-d965ccfc6d4b" outcome="Passed" testListId="8c84fa94-04c1-424b-9868-57a2d4851a1d" relativeResultsDirectory="0ee82715-9489-40c6-a24d-8613a6eb3719" />
    <UnitTestResult executionId="2df8c958-2e21-474a-8fcd-578a818a3cbd" testId="32b381c0-bfd9-a60b-4261-a08df341c9bb" testName="AddSpawnedWorkflow_AddToExistingParent_InstanceAddedToParent" computerName="ICSWS068" duration="00:00:00.0004606" startTime="2016-08-04T09:57:22.0346110+02:00" endTime="2016-08-04T09:57:22.0366139+02:00" testType="13cdc9d9-ddb5-4fa4-a97d-d965ccfc6d4b" outcome="Passed" testListId="8c84fa94-04c1-424b-9868-57a2d4851a1d" relativeResultsDirectory="2df8c958-2e21-474a-8fcd-578a818a3cbd" />
    <UnitTestResult executionId="39b0a143-20ff-42b3-8650-8789813b9610" testId="8914bf5c-6da4-bfa7-3939-ed6615968a69" testName="CompleteWorkflowInstance_NonExistingInstance_ShouldThrow" computerName="ICSWS068" duration="00:00:00.0006694" startTime="2016-08-04T09:57:22.0401156+02:00" endTime="2016-08-04T09:57:22.0421170+02:00" testType="13cdc9d9-ddb5-4fa4-a97d-d965ccfc6d4b" outcome="Passed" testListId="8c84fa94-04c1-424b-9868-57a2d4851a1d" relativeResultsDirectory="39b0a143-20ff-42b3-8650-8789813b9610" />
    <UnitTestResult executionId="354ba4be-5d84-4455-b134-30ba0e0bcaa3" testId="8de620c6-b7a1-908b-a812-41a8df30f6ed" testName="CompleteWorkflowInstance_RootInstance_SuccessInstanceRemoved" computerName="ICSWS068" duration="00:00:00.0002445" startTime="2016-08-04T09:57:22.0447029+02:00" endTime="2016-08-04T09:57:22.0462055+02:00" testType="13cdc9d9-ddb5-4fa4-a97d-d965ccfc6d4b" outcome="Passed" testListId="8c84fa94-04c1-424b-9868-57a2d4851a1d" relativeResultsDirectory="354ba4be-5d84-4455-b134-30ba0e0bcaa3" />
    <UnitTestResult executionId="1d108a0e-e5f1-4099-8edd-b8de2c22f0c6" testId="e893e08a-8b13-996d-c752-255b611df635" testName="CompleteWorkflowInstance_ChildInstance_InstanceRemoved" computerName="ICSWS068" duration="00:00:00.0002738" startTime="2016-08-04T09:57:22.0492201+02:00" endTime="2016-08-04T09:57:22.0507069+02:00" testType="13cdc9d9-ddb5-4fa4-a97d-d965ccfc6d4b" outcome="Passed" testListId="8c84fa94-04c1-424b-9868-57a2d4851a1d" relativeResultsDirectory="1d108a0e-e5f1-4099-8edd-b8de2c22f0c6" />
    <UnitTestResult executionId="54563208-8056-45b1-81f2-3eb2557e157d" testId="e4a3a49e-91aa-faca-c571-f7b5f0472415" testName="CompleteWorkflowInstance_ChildInstanceCompletedParentStillRunning_ParentInstanceStillThere" computerName="ICSWS068" duration="00:00:00.0004038" startTime="2016-08-04T09:57:22.0537236+02:00" endTime="2016-08-04T09:57:22.0562109+02:00" testType="13cdc9d9-ddb5-4fa4-a97d-d965ccfc6d4b" outcome="Passed" testListId="8c84fa94-04c1-424b-9868-57a2d4851a1d" relativeResultsDirectory="54563208-8056-45b1-81f2-3eb2557e157d" />
    <UnitTestResult executionId="865fd9ec-af16-4853-8096-adde1fc2858a" testId="8f608cfa-79e8-a8d1-e8ca-865cb600d94c" testName="CompleteWorkflowInstance_CompletedParentStillRunning_ParentInstanceHasNoChildren" computerName="ICSWS068" duration="00:00:00.0003439" startTime="2016-08-04T09:57:22.0607129+02:00" endTime="2016-08-04T09:57:22.0622137+02:00" testType="13cdc9d9-ddb5-4fa4-a97d-d965ccfc6d4b" outcome="Passed" testListId="8c84fa94-04c1-424b-9868-57a2d4851a1d" relativeResultsDirectory="865fd9ec-af16-4853-8096-adde1fc2858a" />
    <UnitTestResult executionId="fb294130-492d-4c30-9e98-ae8cbf0de27b" testId="991d7359-5262-1c6e-5918-52f3cc7e25ab" testName="CompleteWorkflowInstance_ParentInstanceWithChild_NotRemoved" computerName="ICSWS068" duration="00:00:00.0002612" startTime="2016-08-04T09:57:22.0652533+02:00" endTime="2016-08-04T09:57:22.0667544+02:00" testType="13cdc9d9-ddb5-4fa4-a97d-d965ccfc6d4b" outcome="Passed" testListId="8c84fa94-04c1-424b-9868-57a2d4851a1d" relativeResultsDirectory="fb294130-492d-4c30-9e98-ae8cbf0de27b" />
    <UnitTestResult executionId="7d518c78-6646-4a77-88ad-2c562b41334b" testId="c7032d54-eb36-3f81-427c-2f5e9d14e2f5" testName="CompleteWorkflowInstance_RootInstanceWithoutChildren_CallbackCalled" computerName="ICSWS068" duration="00:00:00.0090927" startTime="2016-08-04T09:57:22.0697567+02:00" endTime="2016-08-04T09:57:22.0802642+02:00" testType="13cdc9d9-ddb5-4fa4-a97d-d965ccfc6d4b" outcome="Passed" testListId="8c84fa94-04c1-424b-9868-57a2d4851a1d" relativeResultsDirectory="7d518c78-6646-4a77-88ad-2c562b41334b" />
    <UnitTestResult executionId="4e1e1763-5da0-4bf3-8132-4e5603353fcd" testId="b3283dcd-d9f8-8a74-bcf2-a8e2f04b1f64" testName="CompleteWorkflowInstance_RootInstanceWithChildren_CallbackNotCalled" computerName="ICSWS068" duration="00:00:00.0029324" startTime="2016-08-04T09:57:22.0827656+02:00" endTime="2016-08-04T09:57:22.0872690+02:00" testType="13cdc9d9-ddb5-4fa4-a97d-d965ccfc6d4b" outcome="Passed" testListId="8c84fa94-04c1-424b-9868-57a2d4851a1d" relativeResultsDirectory="4e1e1763-5da0-4bf3-8132-4e5603353fcd" />
    <UnitTestResult executionId="5f60dbe2-14ea-49fd-892d-00582890abc0" testId="dad542e1-95d6-b67c-b0ad-a46f7b59424d" testName="CompleteWorkflowInstance_ChildInstance_CallbackOnChildCalled" computerName="ICSWS068" duration="00:00:00.0027087" startTime="2016-08-04T09:57:22.0897866+02:00" endTime="2016-08-04T09:57:22.0937789+02:00" testType="13cdc9d9-ddb5-4fa4-a97d-d965ccfc6d4b" outcome="Passed" testListId="8c84fa94-04c1-424b-9868-57a2d4851a1d" relativeResultsDirectory="5f60dbe2-14ea-49fd-892d-00582890abc0" />
    <UnitTestResult executionId="9da2daee-6296-4f0b-8277-ed47f5ea51ae" testId="a06d1ad8-06f1-31e0-2024-1c1c4cf30138" testName="CompleteWorkflowInstance_LastChildInstanceOnCompletedParent_CallbackCalledOnParent" computerName="ICSWS068" duration="00:00:00.0036993" startTime="2016-08-04T09:57:22.0967809+02:00" endTime="2016-08-04T09:57:22.1017834+02:00" testType="13cdc9d9-ddb5-4fa4-a97d-d965ccfc6d4b" outcome="Passed" testListId="8c84fa94-04c1-424b-9868-57a2d4851a1d" relativeResultsDirectory="9da2daee-6296-4f0b-8277-ed47f5ea51ae" />
    <UnitTestResult executionId="9d83eb19-5f3b-4f4f-94a0-d414768aa3a7" testId="90b482f5-80eb-b463-883e-70dd8dfd0beb" testName="CompleteWorkflowInstance_LastChildInstanceOnRunningParent_CallbackNotCalledOnParent" computerName="ICSWS068" duration="00:00:00.0025392" startTime="2016-08-04T09:57:22.1048019+02:00" endTime="2016-08-04T09:57:22.1088050+02:00" testType="13cdc9d9-ddb5-4fa4-a97d-d965ccfc6d4b" outcome="Passed" testListId="8c84fa94-04c1-424b-9868-57a2d4851a1d" relativeResultsDirectory="9d83eb19-5f3b-4f4f-94a0-d414768aa3a7" />
    <UnitTestResult executionId="f440de31-b4ea-4f9a-8f24-f68fc73fde6f" testId="40e80975-f6b6-cf74-1e6d-14ee0910e7b8" testName="CompleteWorkflowInstance_NotLastChildInstanceOnParent_CallbackCalledOnChildOnly" computerName="ICSWS068" duration="00:00:00.0032632" startTime="2016-08-04T09:57:22.1112903+02:00" endTime="2016-08-04T09:57:22.1157961+02:00" testType="13cdc9d9-ddb5-4fa4-a97d-d965ccfc6d4b" outcome="Passed" testListId="8c84fa94-04c1-424b-9868-57a2d4851a1d" relativeResultsDirectory="f440de31-b4ea-4f9a-8f24-f68fc73fde6f" />
    <UnitTestResult executionId="6c4304d0-5ca8-4a28-901b-896a425a7a00" testId="e743eacb-9326-8655-b235-0c0e1dc7185a" testName="CompleteWorkflowInstance_RootInstance_CallbackDataIsCorrect" computerName="ICSWS068" duration="00:00:00.0036658" startTime="2016-08-04T09:57:22.1187984+02:00" endTime="2016-08-04T09:57:22.1238018+02:00" testType="13cdc9d9-ddb5-4fa4-a97d-d965ccfc6d4b" outcome="Passed" testListId="8c84fa94-04c1-424b-9868-57a2d4851a1d" relativeResultsDirectory="6c4304d0-5ca8-4a28-901b-896a425a7a00" />
    <UnitTestResult executionId="1c0067f8-a2d2-406c-9b5d-395c1eaecf3a" testId="a99f321f-98d5-36e6-bc2d-68f98a3d00d3" testName="GetIsInstanceSpawned_ValidChildInstance_ReturnsTrue" computerName="ICSWS068" duration="00:00:00.0002360" startTime="2016-08-04T09:57:22.1268047+02:00" endTime="2016-08-04T09:57:22.1283050+02:00" testType="13cdc9d9-ddb5-4fa4-a97d-d965ccfc6d4b" outcome="Passed" testListId="8c84fa94-04c1-424b-9868-57a2d4851a1d" relativeResultsDirectory="1c0067f8-a2d2-406c-9b5d-395c1eaecf3a" />
    <UnitTestResult executionId="8e25dd9d-09ef-4ea1-ac8f-4c0f74e00148" testId="65796e8f-ba49-bccb-f370-5b5ce7b5bf84" testName="GetIsInstanceSpawned_NoValidInstance_ReturnsFalse" computerName="ICSWS068" duration="00:00:00.0002178" startTime="2016-08-04T09:57:22.1303067+02:00" endTime="2016-08-04T09:57:22.1318079+02:00" testType="13cdc9d9-ddb5-4fa4-a97d-d965ccfc6d4b" outcome="Passed" testListId="8c84fa94-04c1-424b-9868-57a2d4851a1d" relativeResultsDirectory="8e25dd9d-09ef-4ea1-ac8f-4c0f74e00148" />
    <UnitTestResult executionId="c3417a49-0a83-4c29-92b0-f3c541a5b693" testId="5feff921-47f2-4103-f1e0-50340465f124" testName="GetIsInstanceSpawned_RootInstance_ReturnsTrue" computerName="ICSWS068" duration="00:00:00.0002436" startTime="2016-08-04T09:57:22.1343102+02:00" endTime="2016-08-04T09:57:22.1358110+02:00" testType="13cdc9d9-ddb5-4fa4-a97d-d965ccfc6d4b" outcome="Passed" testListId="8c84fa94-04c1-424b-9868-57a2d4851a1d" relativeResultsDirectory="c3417a49-0a83-4c29-92b0-f3c541a5b693" />
    <UnitTestResult executionId="ce780f58-012d-4942-aa85-9692298e4fee" testId="c480d759-5b4e-8a51-f32a-66a157197b6b" testName="RemoveSpawnedInstance_NonExistsing_NothingHappens" computerName="ICSWS068" duration="00:00:00.0023747" startTime="2016-08-04T09:57:22.1383124+02:00" endTime="2016-08-04T09:57:22.1418150+02:00" testType="13cdc9d9-ddb5-4fa4-a97d-d965ccfc6d4b" outcome="Passed" testListId="8c84fa94-04c1-424b-9868-57a2d4851a1d" relativeResultsDirectory="ce780f58-012d-4942-aa85-9692298e4fee" />
    <UnitTestResult executionId="bfbc38e9-eba1-4c71-b648-9193efc00bde" testId="873f1778-5a73-88e7-49e8-107fc2dfcea5" testName="RemoveSpawnedInstance_RootInstanceNoChildren_InstanceRemovedNoCallback" computerName="ICSWS068" duration="00:00:00.0022976" startTime="2016-08-04T09:57:22.1443167+02:00" endTime="2016-08-04T09:57:22.1478196+02:00" testType="13cdc9d9-ddb5-4fa4-a97d-d965ccfc6d4b" outcome="Passed" testListId="8c84fa94-04c1-424b-9868-57a2d4851a1d" relativeResultsDirectory="bfbc38e9-eba1-4c71-b648-9193efc00bde" />
    <UnitTestResult executionId="d371318b-56c4-411f-b5c1-e662fbcfccad" testId="090561d3-d924-ab29-dfaf-13136bb1f673" testName="RemoveSpawnedInstance_ChildInstanceNotLastInstance_InstanceRemovedNoCallback" computerName="ICSWS068" duration="00:00:00.0036629" startTime="2016-08-04T09:57:22.1503213+02:00" endTime="2016-08-04T09:57:22.1558248+02:00" testType="13cdc9d9-ddb5-4fa4-a97d-d965ccfc6d4b" outcome="Passed" testListId="8c84fa94-04c1-424b-9868-57a2d4851a1d" relativeResultsDirectory="d371318b-56c4-411f-b5c1-e662fbcfccad" />
    <UnitTestResult executionId="bb25233f-1a42-45b7-b029-6ec91146530a" testId="a753e7eb-2b59-af94-7eee-037460fa8967" testName="RemoveSpawnedInstance_ParentCompletedAllChildrenRemoved_AllInstancesRemovedAndCallbackCalledOnParent" computerName="ICSWS068" duration="00:00:00.0031896" startTime="2016-08-04T09:57:22.1588276+02:00" endTime="2016-08-04T09:57:22.1628302+02:00" testType="13cdc9d9-ddb5-4fa4-a97d-d965ccfc6d4b" outcome="Passed" testListId="8c84fa94-04c1-424b-9868-57a2d4851a1d" relativeResultsDirectory="bb25233f-1a42-45b7-b029-6ec91146530a" />
    <UnitTestResult executionId="db694a1d-51a8-455d-a563-a2de67727625" testId="1446d92c-80d1-0303-6c14-31301ad0bf27" testName="RemoveSpawnedInstance_ParentNotCompletedAllChildrenRemoved_AllInstancesRemovedAndNoCallback" computerName="ICSWS068" duration="00:00:00.0031459" startTime="2016-08-04T09:57:22.1653319+02:00" endTime="2016-08-04T09:57:22.1698348+02:00" testType="13cdc9d9-ddb5-4fa4-a97d-d965ccfc6d4b" outcome="Passed" testListId="8c84fa94-04c1-424b-9868-57a2d4851a1d" relativeResultsDirectory="db694a1d-51a8-455d-a563-a2de67727625" />
    <UnitTestResult executionId="e7e331a4-7d58-48e8-aa4b-ad7607dfb34c" testId="4546aecf-00f8-1f71-1b2e-c7e8d76efb5a" testName="Add_NewItemArgIsNull_ThrowsException" computerName="ICSWS068" duration="00:00:00.0014339" startTime="2016-08-04T09:57:22.1723368+02:00" endTime="2016-08-04T09:57:22.1753391+02:00" testType="13cdc9d9-ddb5-4fa4-a97d-d965ccfc6d4b" outcome="Passed" testListId="8c84fa94-04c1-424b-9868-57a2d4851a1d" relativeResultsDirectory="e7e331a4-7d58-48e8-aa4b-ad7607dfb34c" />
    <UnitTestResult executionId="94b56bd9-0c10-4c0c-89b0-8a692daf9406" testId="97d53031-74c2-279f-3e8d-25108cd31716" testName="Add_InvokedOnce_ReturnsOne" computerName="ICSWS068" duration="00:00:00.0006357" startTime="2016-08-04T09:57:22.1783417+02:00" endTime="2016-08-04T09:57:22.1803425+02:00" testType="13cdc9d9-ddb5-4fa4-a97d-d965ccfc6d4b" outcome="Passed" testListId="8c84fa94-04c1-424b-9868-57a2d4851a1d" relativeResultsDirectory="94b56bd9-0c10-4c0c-89b0-8a692daf9406" />
    <UnitTestResult executionId="7c2e4b23-6a48-403d-a980-b1e197a8ffc6" testId="091eb8d1-3994-da33-0056-852c3909e949" testName="Add_InvokedTwiceWithSameFile_ReturnsOneBothTimes" computerName="ICSWS068" duration="00:00:00.0008049" startTime="2016-08-04T09:57:22.1833448+02:00" endTime="2016-08-04T09:57:22.1853462+02:00" testType="13cdc9d9-ddb5-4fa4-a97d-d965ccfc6d4b" outcome="Passed" testListId="8c84fa94-04c1-424b-9868-57a2d4851a1d" relativeResultsDirectory="7c2e4b23-6a48-403d-a980-b1e197a8ffc6" />
    <UnitTestResult executionId="ead6c36e-d6c0-45c9-a953-c5ed9cd9cc51" testId="d6a22d2c-52d4-d221-98be-ad50b809f90c" testName="Add_InvokedTwiceWithDifferentFiles_ReturnsTwo" computerName="ICSWS068" duration="00:00:00.0005539" startTime="2016-08-04T09:57:22.1883483+02:00" endTime="2016-08-04T09:57:22.1903497+02:00" testType="13cdc9d9-ddb5-4fa4-a97d-d965ccfc6d4b" outcome="Passed" testListId="8c84fa94-04c1-424b-9868-57a2d4851a1d" relativeResultsDirectory="ead6c36e-d6c0-45c9-a953-c5ed9cd9cc51" />
    <UnitTestResult executionId="c7d075fc-d201-43bf-88c5-25d917221631" testId="775e477f-62fa-9552-28af-1aa5ce031212" testName="Clear_AtterOneFileAddedThenAdd_ReturnsOneWhenFileIsAddedAgain" computerName="ICSWS068" duration="00:00:00.0006609" startTime="2016-08-04T09:57:22.1923511+02:00" endTime="2016-08-04T09:57:22.1943528+02:00" testType="13cdc9d9-ddb5-4fa4-a97d-d965ccfc6d4b" outcome="Passed" testListId="8c84fa94-04c1-424b-9868-57a2d4851a1d" relativeResultsDirectory="c7d075fc-d201-43bf-88c5-25d917221631" />
    <UnitTestResult executionId="368eaa0a-9a22-4d9d-8074-9787f247a98e" testId="e9e0f44d-2e2d-fc24-e56d-ddc9c78a1fae" testName="NextReadyTime_OneFileWithNoSettleTime_ReturnsSameValueAsReferenceTimeWhenAdded" computerName="ICSWS068" duration="00:00:00.0007090" startTime="2016-08-04T09:57:22.1968549+02:00" endTime="2016-08-04T09:57:22.1988563+02:00" testType="13cdc9d9-ddb5-4fa4-a97d-d965ccfc6d4b" outcome="Passed" testListId="8c84fa94-04c1-424b-9868-57a2d4851a1d" relativeResultsDirectory="368eaa0a-9a22-4d9d-8074-9787f247a98e" />
    <UnitTestResult executionId="cb9d1780-326a-4734-b2ac-cbb522b90193" testId="38e1f537-3383-a330-bc59-2f5b3898f4f3" testName="NextReadyTime_OneFileWithOneMinuteAsSettleTime_ReturnsOneMinuteAfterReferenceTimeWhenAdded" computerName="ICSWS068" duration="00:00:00.0006026" startTime="2016-08-04T09:57:22.2018580+02:00" endTime="2016-08-04T09:57:22.2038591+02:00" testType="13cdc9d9-ddb5-4fa4-a97d-d965ccfc6d4b" outcome="Passed" testListId="8c84fa94-04c1-424b-9868-57a2d4851a1d" relativeResultsDirectory="cb9d1780-326a-4734-b2ac-cbb522b90193" />
    <UnitTestResult executionId="ab74cf3e-b423-480e-bc9a-32095559a270" testId="267f68ae-1144-a0c5-1020-46bc1bbb2b77" testName="NextReadyTime_ListIsEmpty_ThrowsException" computerName="ICSWS068" duration="00:00:00.0008680" startTime="2016-08-04T09:57:22.2063611+02:00" endTime="2016-08-04T09:57:22.2083626+02:00" testType="13cdc9d9-ddb5-4fa4-a97d-d965ccfc6d4b" outcome="Passed" testListId="8c84fa94-04c1-424b-9868-57a2d4851a1d" relativeResultsDirectory="ab74cf3e-b423-480e-bc9a-32095559a270" />
    <UnitTestResult executionId="61364a25-b253-427d-8c5f-40ddba3aaf87" testId="82dc5b4e-698e-4573-7a8f-3f8792f2e185" testName="GetSettledFile_ListIsEmpty_ReturnsNull" computerName="ICSWS068" duration="00:00:00.0004908" startTime="2016-08-04T09:57:22.2108649+02:00" endTime="2016-08-04T09:57:22.2123654+02:00" testType="13cdc9d9-ddb5-4fa4-a97d-d965ccfc6d4b" outcome="Passed" testListId="8c84fa94-04c1-424b-9868-57a2d4851a1d" relativeResultsDirectory="61364a25-b253-427d-8c5f-40ddba3aaf87" />
    <UnitTestResult executionId="fb80349a-8298-4c7a-a769-27620de03fca" testId="9e5d8148-139e-1d34-a7a9-3c62177aab15" testName="GetSettledFile_OneFileWithNoSettleTimeAddedAndCheckFileStatusIsFalse_ReturnsFile" computerName="ICSWS068" duration="00:00:00.0007961" startTime="2016-08-04T09:57:22.2148672+02:00" endTime="2016-08-04T09:57:22.2173692+02:00" testType="13cdc9d9-ddb5-4fa4-a97d-d965ccfc6d4b" outcome="Passed" testListId="8c84fa94-04c1-424b-9868-57a2d4851a1d" relativeResultsDirectory="fb80349a-8298-4c7a-a769-27620de03fca" />
    <UnitTestResult executionId="5aa626fd-7260-4c6c-9c9f-64c6536754d1" testId="12ab025d-7cd7-e542-f74e-f9f4edf0d512" testName="GetSettledFile_FileIsNotSettledAndCheckFileStatusIsFalse_ReturnsNull" computerName="ICSWS068" duration="00:00:00.0006032" startTime="2016-08-04T09:57:22.2213717+02:00" endTime="2016-08-04T09:57:22.2233732+02:00" testType="13cdc9d9-ddb5-4fa4-a97d-d965ccfc6d4b" outcome="Passed" testListId="8c84fa94-04c1-424b-9868-57a2d4851a1d" relativeResultsDirectory="5aa626fd-7260-4c6c-9c9f-64c6536754d1" />
    <UnitTestResult executionId="cdfcc370-474a-418f-b697-92aa8c9f7478" testId="7c1c0641-daa5-24d2-07e3-92157a99ac40" testName="GetSettledFile_FileIsSettledAndCheckFileStatusIsFalse_ReturnsFile" computerName="ICSWS068" duration="00:00:00.0005794" startTime="2016-08-04T09:57:22.2263755+02:00" endTime="2016-08-04T09:57:22.2283769+02:00" testType="13cdc9d9-ddb5-4fa4-a97d-d965ccfc6d4b" outcome="Passed" testListId="8c84fa94-04c1-424b-9868-57a2d4851a1d" relativeResultsDirectory="cdfcc370-474a-418f-b697-92aa8c9f7478" />
    <UnitTestResult executionId="3b8d7146-dbf9-4624-a7f9-13ad637352f4" testId="d265fed5-abf9-dca2-6296-2680137c776c" testName="GetSettledFile_FileIsNotSettledAndCheckFileStatusIsTrue_ReturnsNull" computerName="ICSWS068" duration="00:00:00.0006334" startTime="2016-08-04T09:57:22.2308792+02:00" endTime="2016-08-04T09:57:22.2323798+02:00" testType="13cdc9d9-ddb5-4fa4-a97d-d965ccfc6d4b" outcome="Passed" testListId="8c84fa94-04c1-424b-9868-57a2d4851a1d" relativeResultsDirectory="3b8d7146-dbf9-4624-a7f9-13ad637352f4" />
    <UnitTestResult executionId="66cb4782-f992-47cd-9cca-1dd0c720b51f" testId="4f19836c-c4d6-90f6-9838-59bcb0024386" testName="GetSettledFile_FileIsSettledAndCheckFileStatusIsTrue_ReturnsFile" computerName="ICSWS068" duration="00:00:00.0006712" startTime="2016-08-04T09:57:22.2353821+02:00" endTime="2016-08-04T09:57:22.2373832+02:00" testType="13cdc9d9-ddb5-4fa4-a97d-d965ccfc6d4b" outcome="Passed" testListId="8c84fa94-04c1-424b-9868-57a2d4851a1d" relativeResultsDirectory="66cb4782-f992-47cd-9cca-1dd0c720b51f" />
    <UnitTestResult executionId="85649ecc-78af-4bed-a20e-4cea9433ccd2" testId="9e191504-4df2-7f88-ae37-5246d5bb3e07" testName="GetSettledFile_FileIsSettledButModifiedBySizeAndCheckFileStatusIsTrue_ReturnsNull" computerName="ICSWS068" duration="00:00:00.0007325" startTime="2016-08-04T09:57:22.2398852+02:00" endTime="2016-08-04T09:57:22.2418863+02:00" testType="13cdc9d9-ddb5-4fa4-a97d-d965ccfc6d4b" outcome="Passed" testListId="8c84fa94-04c1-424b-9868-57a2d4851a1d" relativeResultsDirectory="85649ecc-78af-4bed-a20e-4cea9433ccd2" />
    <UnitTestResult executionId="41b1e3aa-8669-4d8f-a4f3-9f72c14ed937" testId="de6845d0-c48e-f997-9599-3ec0f36e5dc6" testName="GetSettledFile_FileIsSettledButModifiedByDateAndCheckFileStatusIsTrue_ReturnsNull" computerName="ICSWS068" duration="00:00:00.0006735" startTime="2016-08-04T09:57:22.2443884+02:00" endTime="2016-08-04T09:57:22.2463898+02:00" testType="13cdc9d9-ddb5-4fa4-a97d-d965ccfc6d4b" outcome="Passed" testListId="8c84fa94-04c1-424b-9868-57a2d4851a1d" relativeResultsDirectory="41b1e3aa-8669-4d8f-a4f3-9f72c14ed937" />
    <UnitTestResult executionId="0db10dcb-331d-4e18-91db-a53dcdfda8e5" testId="04943df7-c051-f6d8-dc50-4e40579c4657" testName="GetSettledFile_FileIsSettledButDeletedAndCheckFileStatusIsTrue_ReturnsNull" computerName="ICSWS068" duration="00:00:00.0006128" startTime="2016-08-04T09:57:22.2483912+02:00" endTime="2016-08-04T09:57:22.2503929+02:00" testType="13cdc9d9-ddb5-4fa4-a97d-d965ccfc6d4b" outcome="Passed" testListId="8c84fa94-04c1-424b-9868-57a2d4851a1d" relativeResultsDirectory="0db10dcb-331d-4e18-91db-a53dcdfda8e5" />
    <UnitTestResult executionId="83c645a9-98bc-4396-a7a9-f839810ff0ab" testId="81206824-907c-cf09-48f8-c4c973683502" testName="GetSettledFile_FileIsSettledButRenamedAndCheckFileStatusIsTrue_ReturnsNull" computerName="ICSWS068" duration="00:00:00.0006947" startTime="2016-08-04T09:57:22.2533949+02:00" endTime="2016-08-04T09:57:22.2553961+02:00" testType="13cdc9d9-ddb5-4fa4-a97d-d965ccfc6d4b" outcome="Passed" testListId="8c84fa94-04c1-424b-9868-57a2d4851a1d" relativeResultsDirectory="83c645a9-98bc-4396-a7a9-f839810ff0ab" />
    <UnitTestResult executionId="b5ba8b77-ed26-4e4a-a405-a596504eedbf" testId="10eebf0c-d01b-28d1-b1d2-297e3194bc33" testName="GetSettledFile_DefaultSortCriteria_ReturnsFirstAdded" computerName="ICSWS068" duration="00:00:00.0007210" startTime="2016-08-04T09:57:22.2578984+02:00" endTime="2016-08-04T09:57:22.2603998+02:00" testType="13cdc9d9-ddb5-4fa4-a97d-d965ccfc6d4b" outcome="Passed" testListId="8c84fa94-04c1-424b-9868-57a2d4851a1d" relativeResultsDirectory="b5ba8b77-ed26-4e4a-a405-a596504eedbf" />
    <UnitTestResult executionId="8d0bd42a-9e72-4165-aeff-0db870f557b4" testId="a44ab314-50c8-275d-b87b-213aad06995c" testName="GetSettledFile_SortByNameAsc_Returnsfile2" computerName="ICSWS068" duration="00:00:00.0009589" startTime="2016-08-04T09:57:22.2629018+02:00" endTime="2016-08-04T09:57:22.2649030+02:00" testType="13cdc9d9-ddb5-4fa4-a97d-d965ccfc6d4b" outcome="Passed" testListId="8c84fa94-04c1-424b-9868-57a2d4851a1d" relativeResultsDirectory="8d0bd42a-9e72-4165-aeff-0db870f557b4" />
    <UnitTestResult executionId="24902525-eff1-48aa-b2cb-f1a49c042819" testId="2ac56d4d-5766-66a1-b164-027a19ea06da" testName="GetSettledFile_SortByNameDesc_Returnsfile" computerName="ICSWS068" duration="00:00:00.0010847" startTime="2016-08-04T09:57:22.2674050+02:00" endTime="2016-08-04T09:57:22.2699237+02:00" testType="13cdc9d9-ddb5-4fa4-a97d-d965ccfc6d4b" outcome="Passed" testListId="8c84fa94-04c1-424b-9868-57a2d4851a1d" relativeResultsDirectory="24902525-eff1-48aa-b2cb-f1a49c042819" />
    <UnitTestResult executionId="fbf13a42-2a53-47b4-bbe9-15930c0e38dc" testId="c7680ee9-2272-f122-a202-ae84cb795d3e" testName="GetSettledFile_SortBySizeAsc_Returnsfile2" computerName="ICSWS068" duration="00:00:00.0008782" startTime="2016-08-04T09:57:22.2724093+02:00" endTime="2016-08-04T09:57:22.2749131+02:00" testType="13cdc9d9-ddb5-4fa4-a97d-d965ccfc6d4b" outcome="Passed" testListId="8c84fa94-04c1-424b-9868-57a2d4851a1d" relativeResultsDirectory="fbf13a42-2a53-47b4-bbe9-15930c0e38dc" />
    <UnitTestResult executionId="0d14a6df-a1b6-4b73-ba23-ce193bdf6e64" testId="3870b730-3ccd-a684-1359-122c7bb8af34" testName="GetSettledFile_SortBySizeDesc_Returnsfile" computerName="ICSWS068" duration="00:00:00.0006856" startTime="2016-08-04T09:57:22.2774297+02:00" endTime="2016-08-04T09:57:22.2794312+02:00" testType="13cdc9d9-ddb5-4fa4-a97d-d965ccfc6d4b" outcome="Passed" testListId="8c84fa94-04c1-424b-9868-57a2d4851a1d" relativeResultsDirectory="0d14a6df-a1b6-4b73-ba23-ce193bdf6e64" />
    <UnitTestResult executionId="b71a3a07-2ed9-46e7-9218-d26a232fc2eb" testId="c02ee83d-293c-a0ce-9be3-8820a3fcf5d4" testName="GetSettledFile_SortByDateAsc_Returnsfile2" computerName="ICSWS068" duration="00:00:00.0007996" startTime="2016-08-04T09:57:22.2814173+02:00" endTime="2016-08-04T09:57:22.2836375+02:00" testType="13cdc9d9-ddb5-4fa4-a97d-d965ccfc6d4b" outcome="Passed" testListId="8c84fa94-04c1-424b-9868-57a2d4851a1d" relativeResultsDirectory="b71a3a07-2ed9-46e7-9218-d26a232fc2eb" />
    <UnitTestResult executionId="534a8ab8-3ee7-4c83-9f58-08786a73eaaf" testId="3c73efe7-d713-ffba-05a0-df218c2529cf" testName="GetSettledFile_SortByDateDesc_Returnsfile" computerName="ICSWS068" duration="00:00:00.0006952" startTime="2016-08-04T09:57:22.2866398+02:00" endTime="2016-08-04T09:57:22.2886589+02:00" testType="13cdc9d9-ddb5-4fa4-a97d-d965ccfc6d4b" outcome="Passed" testListId="8c84fa94-04c1-424b-9868-57a2d4851a1d" relativeResultsDirectory="534a8ab8-3ee7-4c83-9f58-08786a73eaaf" />
    <UnitTestResult executionId="924e58a7-a366-4467-bb98-842f9a47b259" testId="c7df83e1-499e-2a1c-3fdb-37b980ef7b64" testName="GetSettledFile_AddedFileWithNoDateIsSettledCheckFileStatusIsTrue_ReturnsNull" computerName="ICSWS068" duration="00:00:00.0006386" startTime="2016-08-04T09:57:22.2906585+02:00" endTime="2016-08-04T09:57:22.2931482+02:00" testType="13cdc9d9-ddb5-4fa4-a97d-d965ccfc6d4b" outcome="Passed" testListId="8c84fa94-04c1-424b-9868-57a2d4851a1d" relativeResultsDirectory="924e58a7-a366-4467-bb98-842f9a47b259" />
    <UnitTestResult executionId="8c1dced8-baff-49e2-b94a-e0f1b737e4a5" testId="ce609c80-575d-4830-63db-8900df891895" testName="GetSettledFile_InvokedTwiceAddedFileWithNoDateIsSettledCheckFileStatusIsTrue_ReturnsFile" computerName="ICSWS068" duration="00:00:00.0006911" startTime="2016-08-04T09:57:22.2954843+02:00" endTime="2016-08-04T09:57:22.2974875+02:00" testType="13cdc9d9-ddb5-4fa4-a97d-d965ccfc6d4b" outcome="Passed" testListId="8c84fa94-04c1-424b-9868-57a2d4851a1d" relativeResultsDirectory="8c1dced8-baff-49e2-b94a-e0f1b737e4a5" />
    <UnitTestResult executionId="7f82fd0d-715a-48ed-b09b-953155bb39e9" testId="22bddf44-7395-4842-f990-41cbdfa47cf2" testName="List_ListsAllSystemEventDefinitionsDefinedAsStaticProperties" computerName="ICSWS068" duration="00:00:00.0061810" startTime="2016-08-04T09:57:22.2994886+02:00" endTime="2016-08-04T09:57:22.3069929+02:00" testType="13cdc9d9-ddb5-4fa4-a97d-d965ccfc6d4b" outcome="Passed" testListId="8c84fa94-04c1-424b-9868-57a2d4851a1d" relativeResultsDirectory="7f82fd0d-715a-48ed-b09b-953155bb39e9" />
    <UnitTestResult executionId="08f9676e-ef6b-48bd-8364-c9b9a58e462c" testId="412cf5c5-09a9-4ab8-a802-b05a35282ba7" testName="GetNextTimeToTrigger_IncorrectConfiguration_ThrowsException (Data Row 0)" computerName="ICSWS068" duration="00:00:00.2524445" startTime="2016-08-04T07:57:22.3454564+02:00" endTime="2016-08-04T07:57:22.5984287+02:00" testType="13cdc9d9-ddb5-4fa4-a97d-d965ccfc6d4b" outcome="Passed" testListId="8c84fa94-04c1-424b-9868-57a2d4851a1d" relativeResultsDirectory="08f9676e-ef6b-48bd-8364-c9b9a58e462c" />
    <UnitTestResult executionId="601462da-14cc-4f1e-b705-fe6daca6b750" testId="c4895553-7262-4a90-ad3f-3e0cf4bafdae" testName="GetNextTimeToTrigger_IncorrectConfiguration_ThrowsException (Data Row 1)" computerName="ICSWS068" duration="00:00:00.0026993" startTime="2016-08-04T07:57:22.5984287+02:00" endTime="2016-08-04T07:57:22.6014140+02:00" testType="13cdc9d9-ddb5-4fa4-a97d-d965ccfc6d4b" outcome="Passed" testListId="8c84fa94-04c1-424b-9868-57a2d4851a1d" relativeResultsDirectory="601462da-14cc-4f1e-b705-fe6daca6b750" />
    <UnitTestResult executionId="24434834-1273-4c5e-b955-03f6d9e6254f" testId="0a9240bb-5637-412f-90a8-c7d4df86f22a" testName="GetNextTimeToTrigger_IncorrectConfiguration_ThrowsException (Data Row 2)" computerName="ICSWS068" duration="00:00:00.0033195" startTime="2016-08-04T07:57:22.6014140+02:00" endTime="2016-08-04T07:57:22.6044338+02:00" testType="13cdc9d9-ddb5-4fa4-a97d-d965ccfc6d4b" outcome="Passed" testListId="8c84fa94-04c1-424b-9868-57a2d4851a1d" relativeResultsDirectory="24434834-1273-4c5e-b955-03f6d9e6254f" />
    <UnitTestResult executionId="5d9f2f8b-54b7-46df-afab-3d8bdd923111" testId="95f16184-14c5-4e14-bfe4-eff83be905ff" testName="GetNextTimeToTrigger_AbsoluteTimer_ReturnsCorrectTime (Data Row 0)" computerName="ICSWS068" duration="00:00:00.0125926" startTime="2016-08-04T07:57:22.6184456+02:00" endTime="2016-08-04T07:57:22.6307196+02:00" testType="13cdc9d9-ddb5-4fa4-a97d-d965ccfc6d4b" outcome="Passed" testListId="8c84fa94-04c1-424b-9868-57a2d4851a1d" relativeResultsDirectory="5d9f2f8b-54b7-46df-afab-3d8bdd923111">
      <Output>
        <StdOut>TestContext Messages:
Valid Interval: 11:00:00-13:00:00
Valid days of month: 1, 2, 3, 4, 5, 6, 7, 8, 9, 10, 11, 12, 13, 14, 15, 16, 17, 18, 19, 20, 21, 22, 23, 24, 25, 26, 27, 28, 29, 30, 31
Valid weekdays: Monday, Tuesday, Wednesday, Thursday, Friday, Saturday, Sunday
When: 12:00:00
Current Time: 2011-01-01 00:00:00
Valid Interval: 11:00:00-13:00:00
Valid days of month: 1, 2, 3, 4, 5, 6, 7, 8, 9, 10, 11, 12, 13, 14, 15, 16, 17, 18, 19, 20, 21, 22, 23, 24, 25, 26, 27, 28, 29, 30, 31
Valid weekdays: Monday, Tuesday, Wednesday, Thursday, Friday, Saturday, Sunday
When: 12:00:00
Current Time: 2011-01-01 09:00:00
Valid Interval: 11:00:00-13:00:00
Valid days of month: 1, 2, 3, 4, 5, 6, 7, 8, 9, 10, 11, 12, 13, 14, 15, 16, 17, 18, 19, 20, 21, 22, 23, 24, 25, 26, 27, 28, 29, 30, 31
Valid weekdays: Monday, Tuesday, Wednesday, Thursday, Friday, Saturday, Sunday
When: 12:00:00
Current Time: 2011-01-01 11:00:00
Valid Interval: 11:00:00-13:00:00
Valid days of month: 1, 2, 3, 4, 5, 6, 7, 8, 9, 10, 11, 12, 13, 14, 15, 16, 17, 18, 19, 20, 21, 22, 23, 24, 25, 26, 27, 28, 29, 30, 31
Valid weekdays: Monday, Tuesday, Wednesday, Thursday, Friday, Saturday, Sunday
When: 12:00:00
Current Time: 2011-01-01 12:00:00
Valid Interval: 11:00:00-13:00:00
Valid days of month: 1, 2, 3, 4, 5, 6, 7, 8, 9, 10, 11, 12, 13, 14, 15, 16, 17, 18, 19, 20, 21, 22, 23, 24, 25, 26, 27, 28, 29, 30, 31
Valid weekdays: Monday, Tuesday, Wednesday, Thursday, Friday, Saturday, Sunday
When: 12:00:00
Current Time: 2011-01-01 12:30:00
Valid Interval: 11:00:00-13:00:00
Valid days of month: 1, 2, 3, 4, 5, 6, 7, 8, 9, 10, 11, 12, 13, 14, 15, 16, 17, 18, 19, 20, 21, 22, 23, 24, 25, 26, 27, 28, 29, 30, 31
Valid weekdays: Monday, Tuesday, Wednesday, Thursday, Friday, Saturday, Sunday
When: 12:00:00
Current Time: 2011-01-01 13:00:00
Valid Interval: 11:00:00-13:00:00
Valid days of month: 1, 2, 3, 4, 5, 6, 7, 8, 9, 10, 11, 12, 13, 14, 15, 16, 17, 18, 19, 20, 21, 22, 23, 24, 25, 26, 27, 28, 29, 30, 31
Valid weekdays: Monday, Tuesday, Wednesday, Thursday, Friday, Saturday, Sunday
When: 12:00:00
Current Time: 2011-01-02 00:00:00
Valid Interval: 11:00:00-13:00:00
Valid days of month: 1, 2, 3, 4, 5, 6, 7, 8, 9, 10, 11, 12, 13, 14, 15, 16, 17, 18, 19, 20, 21, 22, 23, 24, 25, 26, 27, 28, 29, 30, 31
Valid weekdays: Monday, Tuesday, Wednesday, Thursday, Friday, Saturday, Sunday
When: 12:00:00
Current Time: 2011-01-02 09:00:00
Valid Interval: 11:00:00-13:00:00
Valid days of month: 1, 2, 3, 4, 5, 6, 7, 8, 9, 10, 11, 12, 13, 14, 15, 16, 17, 18, 19, 20, 21, 22, 23, 24, 25, 26, 27, 28, 29, 30, 31
Valid weekdays: Monday, Tuesday, Wednesday, Thursday, Friday, Saturday, Sunday
When: 12:00:00
Current Time: 2011-01-02 12:00:00
Valid Interval: 11:00:00-13:00:00
Valid days of month: 1, 2, 3, 4, 5, 6, 7, 8, 9, 10, 11, 12, 13, 14, 15, 16, 17, 18, 19, 20, 21, 22, 23, 24, 25, 26, 27, 28, 29, 30, 31
Valid weekdays: Monday, Tuesday, Wednesday, Thursday, Friday, Saturday, Sunday
When: 12:00:00
Current Time: 2011-01-02 12:45:30
Valid Interval: 11:00:00-13:00:00
Valid days of month: 1, 2, 3, 4, 5, 6, 7, 8, 9, 10, 11, 12, 13, 14, 15, 16, 17, 18, 19, 20, 21, 22, 23, 24, 25, 26, 27, 28, 29, 30, 31
Valid weekdays: Monday, Tuesday, Wednesday, Thursday, Friday, Saturday, Sunday
When: 12:00:00
Current Time: 2011-01-02 13:00:00
Valid Interval: 11:00:00-13:00:00
Valid days of month: 1, 2, 3, 4, 5, 6, 7, 8, 9, 10, 11, 12, 13, 14, 15, 16, 17, 18, 19, 20, 21, 22, 23, 24, 25, 26, 27, 28, 29, 30, 31
Valid weekdays: Monday, Tuesday, Wednesday, Thursday, Friday, Saturday, Sunday
When: 12:00:00
Current Time: 2011-01-01 12:00:00
Valid Interval: 11:00:00-13:00:00
Valid days of month: 1, 2, 3, 4, 5, 6, 7, 8, 9, 10, 11, 12, 13, 14, 15, 16, 17, 18, 19, 20, 21, 22, 23, 24, 25, 26, 27, 28, 29, 30, 31
Valid weekdays: Monday, Tuesday, Wednesday, Thursday, Friday, Saturday, Sunday
When: 12:00:00
Current Time: 2011-01-01 12:30:00
Valid Interval: 11:00:00-13:00:00
Valid days of month: 1, 2, 3, 4, 5, 6, 7, 8, 9, 10, 11, 12, 13, 14, 15, 16, 17, 18, 19, 20, 21, 22, 23, 24, 25, 26, 27, 28, 29, 30, 31
Valid weekdays: Monday, Tuesday, Wednesday, Thursday, Friday, Saturday, Sunday
When: 12:00:00
Current Time: 2011-01-01 12:30:00
Valid Interval: 11:00:00-13:00:00
Valid days of month: 1, 2, 3, 4, 5, 6, 7, 8, 9, 10, 11, 12, 13, 14, 15, 16, 17, 18, 19, 20, 21, 22, 23, 24, 25, 26, 27, 28, 29, 30, 31
Valid weekdays: Monday, Tuesday, Wednesday, Thursday, Friday, Saturday, Sunday
When: 12:00:00
Current Time: 2011-01-01 13:00:00
Valid Interval: 11:00:00-13:00:00
Valid days of month: 1, 2, 3, 4, 5, 6, 7, 8, 9, 10, 11, 12, 13, 14, 15, 16, 17, 18, 19, 20, 21, 22, 23, 24, 25, 26, 27, 28, 29, 30, 31
Valid weekdays: Monday, Tuesday, Wednesday, Thursday, Friday, Saturday, Sunday
When: 12:00:00
Current Time: 2011-01-01 14:30:00
Valid Interval: 23:00:00-13:00:00
Valid days of month: 1, 2, 3, 4, 5, 6, 7, 8, 9, 10, 11, 12, 13, 14, 15, 16, 17, 18, 19, 20, 21, 22, 23, 24, 25, 26, 27, 28, 29, 30, 31
Valid weekdays: Monday, Tuesday, Wednesday, Thursday, Friday, Saturday, Sunday
When: 23:30:00
Current Time: 2011-01-01 16:00:00
Valid Interval: 23:00:00-13:00:00
Valid days of month: 1, 2, 3, 4, 5, 6, 7, 8, 9, 10, 11, 12, 13, 14, 15, 16, 17, 18, 19, 20, 21, 22, 23, 24, 25, 26, 27, 28, 29, 30, 31
Valid weekdays: Monday, Tuesday, Wednesday, Thursday, Friday, Saturday, Sunday
When: 23:30:00
Current Time: 2011-01-01 23:00:00
Valid Interval: 23:00:00-13:00:00
Valid days of month: 1, 2, 3, 4, 5, 6, 7, 8, 9, 10, 11, 12, 13, 14, 15, 16, 17, 18, 19, 20, 21, 22, 23, 24, 25, 26, 27, 28, 29, 30, 31
Valid weekdays: Monday, Tuesday, Wednesday, Thursday, Friday, Saturday, Sunday
When: 23:30:00
Current Time: 2011-01-01 23:30:00
Valid Interval: 23:00:00-13:00:00
Valid days of month: 1, 2, 3, 4, 5, 6, 7, 8, 9, 10, 11, 12, 13, 14, 15, 16, 17, 18, 19, 20, 21, 22, 23, 24, 25, 26, 27, 28, 29, 30, 31
Valid weekdays: Monday, Tuesday, Wednesday, Thursday, Friday, Saturday, Sunday
When: 23:30:00
Current Time: 2011-01-01 23:45:00
Valid Interval: 23:00:00-13:00:00
Valid days of month: 1, 2, 3, 4, 5, 6, 7, 8, 9, 10, 11, 12, 13, 14, 15, 16, 17, 18, 19, 20, 21, 22, 23, 24, 25, 26, 27, 28, 29, 30, 31
Valid weekdays: Monday, Tuesday, Wednesday, Thursday, Friday, Saturday, Sunday
When: 23:30:00
Current Time: 2011-01-02 00:30:00
Valid Interval: 23:00:00-13:00:00
Valid days of month: 1, 2, 3, 4, 5, 6, 7, 8, 9, 10, 11, 12, 13, 14, 15, 16, 17, 18, 19, 20, 21, 22, 23, 24, 25, 26, 27, 28, 29, 30, 31
Valid weekdays: Monday, Tuesday, Wednesday, Thursday, Friday, Saturday, Sunday
When: 23:30:00
Current Time: 2011-01-01 13:00:00
Valid Interval: 23:00:00-13:00:00
Valid days of month: 1, 2, 3, 4, 5, 6, 7, 8, 9, 10, 11, 12, 13, 14, 15, 16, 17, 18, 19, 20, 21, 22, 23, 24, 25, 26, 27, 28, 29, 30, 31
Valid weekdays: Monday, Tuesday, Wednesday, Thursday, Friday, Saturday, Sunday
When: 01:00:00
Current Time: 2011-01-01 16:00:00
Valid Interval: 23:00:00-13:00:00
Valid days of month: 1, 2, 3, 4, 5, 6, 7, 8, 9, 10, 11, 12, 13, 14, 15, 16, 17, 18, 19, 20, 21, 22, 23, 24, 25, 26, 27, 28, 29, 30, 31
Valid weekdays: Monday, Tuesday, Wednesday, Thursday, Friday, Saturday, Sunday
When: 01:00:00
Current Time: 2011-01-01 23:00:00
Valid Interval: 23:00:00-13:00:00
Valid days of month: 1, 2, 3, 4, 5, 6, 7, 8, 9, 10, 11, 12, 13, 14, 15, 16, 17, 18, 19, 20, 21, 22, 23, 24, 25, 26, 27, 28, 29, 30, 31
Valid weekdays: Monday, Tuesday, Wednesday, Thursday, Friday, Saturday, Sunday
When: 01:00:00
Current Time: 2011-01-01 23:30:00
Valid Interval: 23:00:00-13:00:00
Valid days of month: 1, 2, 3, 4, 5, 6, 7, 8, 9, 10, 11, 12, 13, 14, 15, 16, 17, 18, 19, 20, 21, 22, 23, 24, 25, 26, 27, 28, 29, 30, 31
Valid weekdays: Monday, Tuesday, Wednesday, Thursday, Friday, Saturday, Sunday
When: 01:00:00
Current Time: 2011-01-02 00:30:00
Valid Interval: 23:00:00-13:00:00
Valid days of month: 1, 2, 3, 4, 5, 6, 7, 8, 9, 10, 11, 12, 13, 14, 15, 16, 17, 18, 19, 20, 21, 22, 23, 24, 25, 26, 27, 28, 29, 30, 31
Valid weekdays: Monday, Tuesday, Wednesday, Thursday, Friday, Saturday, Sunday
When: 01:00:00
Current Time: 2011-01-01 02:00:00
Valid Interval: 23:00:00-13:00:00
Valid days of month: 1, 2, 3, 4, 5, 6, 7, 8, 9, 10, 11, 12, 13, 14, 15, 16, 17, 18, 19, 20, 21, 22, 23, 24, 25, 26, 27, 28, 29, 30, 31
Valid weekdays: Monday, Tuesday, Wednesday, Thursday, Friday, Saturday, Sunday
When: 01:00:00
Current Time: 2011-01-01 13:00:00
Valid Interval: 23:00:00-13:00:00
Valid days of month: 1, 2, 3, 4, 5, 6, 7, 8, 9, 10, 11, 12, 13, 14, 15, 16, 17, 18, 19, 20, 21, 22, 23, 24, 25, 26, 27, 28, 29, 30, 31
Valid weekdays: Monday, Tuesday, Wednesday, Thursday, Friday, Saturday, Sunday
When: 23:30:00
Current Time: 2011-01-01 16:00:00
Valid Interval: 23:00:00-13:00:00
Valid days of month: 1, 2, 3, 4, 5, 6, 7, 8, 9, 10, 11, 12, 13, 14, 15, 16, 17, 18, 19, 20, 21, 22, 23, 24, 25, 26, 27, 28, 29, 30, 31
Valid weekdays: Monday, Tuesday, Wednesday, Thursday, Friday, Saturday, Sunday
When: 23:30:00
Current Time: 2011-01-01 23:00:00
Valid Interval: 23:00:00-13:00:00
Valid days of month: 1, 2, 3, 4, 5, 6, 7, 8, 9, 10, 11, 12, 13, 14, 15, 16, 17, 18, 19, 20, 21, 22, 23, 24, 25, 26, 27, 28, 29, 30, 31
Valid weekdays: Monday, Tuesday, Wednesday, Thursday, Friday, Saturday, Sunday
When: 23:30:00
Current Time: 2011-01-01 23:30:00
Valid Interval: 23:00:00-13:00:00
Valid days of month: 1, 2, 3, 4, 5, 6, 7, 8, 9, 10, 11, 12, 13, 14, 15, 16, 17, 18, 19, 20, 21, 22, 23, 24, 25, 26, 27, 28, 29, 30, 31
Valid weekdays: Monday, Tuesday, Wednesday, Thursday, Friday, Saturday, Sunday
When: 23:30:00
Current Time: 2011-01-01 23:45:00
Valid Interval: 23:00:00-13:00:00
Valid days of month: 1, 2, 3, 4, 5, 6, 7, 8, 9, 10, 11, 12, 13, 14, 15, 16, 17, 18, 19, 20, 21, 22, 23, 24, 25, 26, 27, 28, 29, 30, 31
Valid weekdays: Monday, Tuesday, Wednesday, Thursday, Friday, Saturday, Sunday
When: 23:30:00
Current Time: 2011-01-02 00:30:00
Valid Interval: 23:00:00-13:00:00
Valid days of month: 1, 2, 3, 4, 5, 6, 7, 8, 9, 10, 11, 12, 13, 14, 15, 16, 17, 18, 19, 20, 21, 22, 23, 24, 25, 26, 27, 28, 29, 30, 31
Valid weekdays: Monday, Tuesday, Wednesday, Thursday, Friday, Saturday, Sunday
When: 23:30:00
Current Time: 2011-01-01 13:00:00
Valid Interval: 23:00:00-13:00:00
Valid days of month: 1, 2, 3, 4, 5, 6, 7, 8, 9, 10, 11, 12, 13, 14, 15, 16, 17, 18, 19, 20, 21, 22, 23, 24, 25, 26, 27, 28, 29, 30, 31
Valid weekdays: Monday, Tuesday, Wednesday, Thursday, Friday, Saturday, Sunday
When: 01:00:00
Current Time: 2011-01-01 16:00:00
Valid Interval: 23:00:00-13:00:00
Valid days of month: 1, 2, 3, 4, 5, 6, 7, 8, 9, 10, 11, 12, 13, 14, 15, 16, 17, 18, 19, 20, 21, 22, 23, 24, 25, 26, 27, 28, 29, 30, 31
Valid weekdays: Monday, Tuesday, Wednesday, Thursday, Friday, Saturday, Sunday
When: 01:00:00
Current Time: 2011-01-01 23:00:00
Valid Interval: 23:00:00-13:00:00
Valid days of month: 1, 2, 3, 4, 5, 6, 7, 8, 9, 10, 11, 12, 13, 14, 15, 16, 17, 18, 19, 20, 21, 22, 23, 24, 25, 26, 27, 28, 29, 30, 31
Valid weekdays: Monday, Tuesday, Wednesday, Thursday, Friday, Saturday, Sunday
When: 01:00:00
Current Time: 2011-01-01 23:30:00
Valid Interval: 23:00:00-13:00:00
Valid days of month: 1, 2, 3, 4, 5, 6, 7, 8, 9, 10, 11, 12, 13, 14, 15, 16, 17, 18, 19, 20, 21, 22, 23, 24, 25, 26, 27, 28, 29, 30, 31
Valid weekdays: Monday, Tuesday, Wednesday, Thursday, Friday, Saturday, Sunday
When: 01:00:00
Current Time: 2011-01-02 00:30:00
Valid Interval: 23:00:00-13:00:00
Valid days of month: 1, 2, 3, 4, 5, 6, 7, 8, 9, 10, 11, 12, 13, 14, 15, 16, 17, 18, 19, 20, 21, 22, 23, 24, 25, 26, 27, 28, 29, 30, 31
Valid weekdays: Monday, Tuesday, Wednesday, Thursday, Friday, Saturday, Sunday
When: 01:00:00
Current Time: 2011-01-02 02:00:00
Valid Interval: 23:00:00-13:00:00
Valid days of month: 1, 2, 3, 4, 5, 6, 7, 8, 9, 10, 11, 12, 13, 14, 15, 16, 17, 18, 19, 20, 21, 22, 23, 24, 25, 26, 27, 28, 29, 30, 31
Valid weekdays: Monday, Tuesday, Wednesday, Thursday, Friday, Saturday, Sunday
When: 01:00:00
Current Time: 2011-01-02 13:00:00
Valid Interval: 23:00:00-13:00:00
Valid days of month: 1, 2, 3, 4, 5, 6, 7, 8, 9, 10, 11, 12, 13, 14, 15, 16, 17, 18, 19, 20, 21, 22, 23, 24, 25, 26, 27, 28, 29, 30, 31
Valid weekdays: Monday, Tuesday, Wednesday, Thursday, Friday, Saturday, Sunday
When: 23:30:00
Current Time: 2011-01-01 23:30:05
Valid Interval: 23:00:00-13:00:00
Valid days of month: 1, 2, 3, 4, 5, 6, 7, 8, 9, 10, 11, 12, 13, 14, 15, 16, 17, 18, 19, 20, 21, 22, 23, 24, 25, 26, 27, 28, 29, 30, 31
Valid weekdays: Monday, Tuesday, Wednesday, Thursday, Friday, Saturday, Sunday
When: 23:30:00
Current Time: 2011-01-02 00:30:00
Valid Interval: 23:00:00-13:00:00
Valid days of month: 1, 2, 3, 4, 5, 6, 7, 8, 9, 10, 11, 12, 13, 14, 15, 16, 17, 18, 19, 20, 21, 22, 23, 24, 25, 26, 27, 28, 29, 30, 31
Valid weekdays: Monday, Tuesday, Wednesday, Thursday, Friday, Saturday, Sunday
When: 23:30:00
Current Time: 2011-01-02 13:00:00
Valid Interval: 23:00:00-13:00:00
Valid days of month: 1, 2, 3, 4, 5, 6, 7, 8, 9, 10, 11, 12, 13, 14, 15, 16, 17, 18, 19, 20, 21, 22, 23, 24, 25, 26, 27, 28, 29, 30, 31
Valid weekdays: Monday, Tuesday, Wednesday, Thursday, Friday, Saturday, Sunday
When: 01:00:00
Current Time: 2011-01-01 02:00:00
Valid Interval: 23:00:00-13:00:00
Valid days of month: 1, 2, 3, 4, 5, 6, 7, 8, 9, 10, 11, 12, 13, 14, 15, 16, 17, 18, 19, 20, 21, 22, 23, 24, 25, 26, 27, 28, 29, 30, 31
Valid weekdays: Monday, Tuesday, Wednesday, Thursday, Friday, Saturday, Sunday
When: 01:00:00
Current Time: 2011-01-02 02:00:00
Valid Interval: 13:00:00-16:00:00
Valid days of month: 1, 2, 3, 4, 5, 6, 7, 8, 9, 10, 11, 12, 13, 14, 15, 16, 17, 18, 19, 20, 21, 22, 23, 24, 25, 26, 27, 28, 29, 30, 31
Valid weekdays: Saturday, Sunday
When: 14:00:00
Current Time: 2007-01-01 12:00:00
Valid Interval: 13:00:00-16:00:00
Valid days of month: 1, 2, 3, 4, 5, 6, 7, 8, 9, 10, 11, 12, 13, 14, 15, 16, 17, 18, 19, 20, 21, 22, 23, 24, 25, 26, 27, 28, 29, 30, 31
Valid weekdays: Saturday, Sunday
When: 14:00:00
Current Time: 2007-01-02 13:30:00
Valid Interval: 13:00:00-16:00:00
Valid days of month: 1, 2, 3, 4, 5, 6, 7, 8, 9, 10, 11, 12, 13, 14, 15, 16, 17, 18, 19, 20, 21, 22, 23, 24, 25, 26, 27, 28, 29, 30, 31
Valid weekdays: Saturday, Sunday
When: 14:00:00
Current Time: 2007-01-06 13:30:00
Valid Interval: 13:00:00-16:00:00
Valid days of month: 1, 2, 3, 4, 5, 6, 7, 8, 9, 10, 11, 12, 13, 14, 15, 16, 17, 18, 19, 20, 21, 22, 23, 24, 25, 26, 27, 28, 29, 30, 31
Valid weekdays: Saturday, Sunday
When: 14:00:00
Current Time: 2007-01-06 14:30:00
Valid Interval: 13:00:00-16:00:00
Valid days of month: 1, 2, 3, 4, 5, 6, 7, 8, 9, 10, 11, 12, 13, 14, 15, 16, 17, 18, 19, 20, 21, 22, 23, 24, 25, 26, 27, 28, 29, 30, 31
Valid weekdays: Saturday, Sunday
When: 14:00:00
Current Time: 2007-01-06 16:30:00
Valid Interval: 13:00:00-16:00:00
Valid days of month: 1, 2, 3, 4, 5, 6, 7, 8, 9, 10, 11, 12, 13, 14, 15, 16, 17, 18, 19, 20, 21, 22, 23, 24, 25, 26, 27, 28, 29, 30, 31
Valid weekdays: Saturday, Sunday
When: 14:00:00
Current Time: 2007-01-07 16:00:00
Valid Interval: 23:00:00-02:00:00
Valid days of month: 1, 2, 3, 4, 5, 6, 7, 8, 9, 10, 11, 12, 13, 14, 15, 16, 17, 18, 19, 20, 21, 22, 23, 24, 25, 26, 27, 28, 29, 30, 31
Valid weekdays: Saturday, Sunday
When: 01:00:00
Current Time: 2007-01-01 12:00:00
Valid Interval: 23:00:00-02:00:00
Valid days of month: 1, 2, 3, 4, 5, 6, 7, 8, 9, 10, 11, 12, 13, 14, 15, 16, 17, 18, 19, 20, 21, 22, 23, 24, 25, 26, 27, 28, 29, 30, 31
Valid weekdays: Saturday, Sunday
When: 01:00:00
Current Time: 2007-01-02 01:00:00
Valid Interval: 23:00:00-02:00:00
Valid days of month: 1, 2, 3, 4, 5, 6, 7, 8, 9, 10, 11, 12, 13, 14, 15, 16, 17, 18, 19, 20, 21, 22, 23, 24, 25, 26, 27, 28, 29, 30, 31
Valid weekdays: Saturday, Sunday
When: 01:00:00
Current Time: 2007-01-06 00:30:00
Valid Interval: 23:00:00-02:00:00
Valid days of month: 1, 2, 3, 4, 5, 6, 7, 8, 9, 10, 11, 12, 13, 14, 15, 16, 17, 18, 19, 20, 21, 22, 23, 24, 25, 26, 27, 28, 29, 30, 31
Valid weekdays: Saturday, Sunday
When: 01:00:00
Current Time: 2007-01-06 01:30:00
Valid Interval: 23:00:00-02:00:00
Valid days of month: 1, 2, 3, 4, 5, 6, 7, 8, 9, 10, 11, 12, 13, 14, 15, 16, 17, 18, 19, 20, 21, 22, 23, 24, 25, 26, 27, 28, 29, 30, 31
Valid weekdays: Saturday, Sunday
When: 01:00:00
Current Time: 2007-01-06 02:30:00
Valid Interval: 23:00:00-02:00:00
Valid days of month: 1, 2, 3, 4, 5, 6, 7, 8, 9, 10, 11, 12, 13, 14, 15, 16, 17, 18, 19, 20, 21, 22, 23, 24, 25, 26, 27, 28, 29, 30, 31
Valid weekdays: Saturday, Sunday
When: 01:00:00
Current Time: 2007-01-07 02:00:00
Valid Interval: 23:00:00-02:00:00
Valid days of month: 1, 2, 3, 4, 5, 6, 7, 8, 9, 10, 11, 12, 13, 14, 15, 16, 17, 18, 19, 20, 21, 22, 23, 24, 25, 26, 27, 28, 29, 30, 31
Valid weekdays: Saturday, Sunday
When: 23:30:00
Current Time: 2007-01-01 12:00:00
Valid Interval: 23:00:00-02:00:00
Valid days of month: 1, 2, 3, 4, 5, 6, 7, 8, 9, 10, 11, 12, 13, 14, 15, 16, 17, 18, 19, 20, 21, 22, 23, 24, 25, 26, 27, 28, 29, 30, 31
Valid weekdays: Saturday, Sunday
When: 23:30:00
Current Time: 2007-01-05 23:30:00
Valid Interval: 23:00:00-02:00:00
Valid days of month: 1, 2, 3, 4, 5, 6, 7, 8, 9, 10, 11, 12, 13, 14, 15, 16, 17, 18, 19, 20, 21, 22, 23, 24, 25, 26, 27, 28, 29, 30, 31
Valid weekdays: Saturday, Sunday
When: 23:30:00
Current Time: 2007-01-06 23:00:00
Valid Interval: 23:00:00-02:00:00
Valid days of month: 1, 2, 3, 4, 5, 6, 7, 8, 9, 10, 11, 12, 13, 14, 15, 16, 17, 18, 19, 20, 21, 22, 23, 24, 25, 26, 27, 28, 29, 30, 31
Valid weekdays: Saturday, Sunday
When: 23:30:00
Current Time: 2007-01-06 02:00:00
Valid Interval: 23:00:00-02:00:00
Valid days of month: 1, 2, 3, 4, 5, 6, 7, 8, 9, 10, 11, 12, 13, 14, 15, 16, 17, 18, 19, 20, 21, 22, 23, 24, 25, 26, 27, 28, 29, 30, 31
Valid weekdays: Saturday, Sunday
When: 23:30:00
Current Time: 2007-01-07 23:40:00
Valid Interval: 23:00:00-02:00:00
Valid days of month: 1, 2, 3, 4, 5, 6, 7, 8, 9, 10, 11, 12, 13, 14, 15, 16, 17, 18, 19, 20, 21, 22, 23, 24, 25, 26, 27, 28, 29, 30, 31
Valid weekdays: Saturday, Sunday
When: 23:30:00
Current Time: 2007-01-07 01:00:00
Valid Interval: 13:00:00-16:00:00
Valid days of month: 1, 2, 3, 4, 5, 6, 7, 8, 9, 10, 11, 12, 13, 14, 15, 16, 17, 18, 19, 20, 21, 22, 23, 24, 25, 26, 27, 28, 29, 30, 31
Valid weekdays: Saturday, Sunday
When: 14:00:00
Current Time: 2007-01-01 12:00:00
Valid Interval: 13:00:00-16:00:00
Valid days of month: 1, 2, 3, 4, 5, 6, 7, 8, 9, 10, 11, 12, 13, 14, 15, 16, 17, 18, 19, 20, 21, 22, 23, 24, 25, 26, 27, 28, 29, 30, 31
Valid weekdays: Saturday, Sunday
When: 14:00:00
Current Time: 2007-01-02 13:30:00
Valid Interval: 13:00:00-16:00:00
Valid days of month: 1, 2, 3, 4, 5, 6, 7, 8, 9, 10, 11, 12, 13, 14, 15, 16, 17, 18, 19, 20, 21, 22, 23, 24, 25, 26, 27, 28, 29, 30, 31
Valid weekdays: Saturday, Sunday
When: 14:00:00
Current Time: 2007-01-06 13:30:00
Valid Interval: 13:00:00-16:00:00
Valid days of month: 1, 2, 3, 4, 5, 6, 7, 8, 9, 10, 11, 12, 13, 14, 15, 16, 17, 18, 19, 20, 21, 22, 23, 24, 25, 26, 27, 28, 29, 30, 31
Valid weekdays: Saturday, Sunday
When: 14:00:00
Current Time: 2007-01-06 14:30:00
Valid Interval: 13:00:00-16:00:00
Valid days of month: 1, 2, 3, 4, 5, 6, 7, 8, 9, 10, 11, 12, 13, 14, 15, 16, 17, 18, 19, 20, 21, 22, 23, 24, 25, 26, 27, 28, 29, 30, 31
Valid weekdays: Saturday, Sunday
When: 14:00:00
Current Time: 2007-01-06 16:30:00
Valid Interval: 13:00:00-16:00:00
Valid days of month: 1, 2, 3, 4, 5, 6, 7, 8, 9, 10, 11, 12, 13, 14, 15, 16, 17, 18, 19, 20, 21, 22, 23, 24, 25, 26, 27, 28, 29, 30, 31
Valid weekdays: Saturday, Sunday
When: 14:00:00
Current Time: 2007-01-07 16:00:00
Valid Interval: 23:00:00-02:00:00
Valid days of month: 1, 2, 3, 4, 5, 6, 7, 8, 9, 10, 11, 12, 13, 14, 15, 16, 17, 18, 19, 20, 21, 22, 23, 24, 25, 26, 27, 28, 29, 30, 31
Valid weekdays: Saturday, Sunday
When: 01:00:00
Current Time: 2007-01-01 12:00:00
Valid Interval: 23:00:00-02:00:00
Valid days of month: 1, 2, 3, 4, 5, 6, 7, 8, 9, 10, 11, 12, 13, 14, 15, 16, 17, 18, 19, 20, 21, 22, 23, 24, 25, 26, 27, 28, 29, 30, 31
Valid weekdays: Saturday, Sunday
When: 01:00:00
Current Time: 2007-01-02 01:00:00
Valid Interval: 23:00:00-02:00:00
Valid days of month: 1, 2, 3, 4, 5, 6, 7, 8, 9, 10, 11, 12, 13, 14, 15, 16, 17, 18, 19, 20, 21, 22, 23, 24, 25, 26, 27, 28, 29, 30, 31
Valid weekdays: Saturday, Sunday
When: 01:00:00
Current Time: 2007-01-06 00:30:00
Valid Interval: 23:00:00-02:00:00
Valid days of month: 1, 2, 3, 4, 5, 6, 7, 8, 9, 10, 11, 12, 13, 14, 15, 16, 17, 18, 19, 20, 21, 22, 23, 24, 25, 26, 27, 28, 29, 30, 31
Valid weekdays: Saturday, Sunday
When: 01:00:00
Current Time: 2007-01-06 02:30:00
Valid Interval: 23:00:00-02:00:00
Valid days of month: 1, 2, 3, 4, 5, 6, 7, 8, 9, 10, 11, 12, 13, 14, 15, 16, 17, 18, 19, 20, 21, 22, 23, 24, 25, 26, 27, 28, 29, 30, 31
Valid weekdays: Saturday, Sunday
When: 23:30:00
Current Time: 2007-01-01 12:00:00
Valid Interval: 23:00:00-02:00:00
Valid days of month: 1, 2, 3, 4, 5, 6, 7, 8, 9, 10, 11, 12, 13, 14, 15, 16, 17, 18, 19, 20, 21, 22, 23, 24, 25, 26, 27, 28, 29, 30, 31
Valid weekdays: Saturday, Sunday
When: 23:30:00
Current Time: 2007-01-05 23:30:00
Valid Interval: 23:00:00-02:00:00
Valid days of month: 1, 2, 3, 4, 5, 6, 7, 8, 9, 10, 11, 12, 13, 14, 15, 16, 17, 18, 19, 20, 21, 22, 23, 24, 25, 26, 27, 28, 29, 30, 31
Valid weekdays: Saturday, Sunday
When: 23:30:00
Current Time: 2007-01-06 23:00:00
Valid Interval: 23:00:00-02:00:00
Valid days of month: 1, 2, 3, 4, 5, 6, 7, 8, 9, 10, 11, 12, 13, 14, 15, 16, 17, 18, 19, 20, 21, 22, 23, 24, 25, 26, 27, 28, 29, 30, 31
Valid weekdays: Saturday, Sunday
When: 23:30:00
Current Time: 2007-01-06 02:00:00
Valid Interval: 23:00:00-02:00:00
Valid days of month: 1, 2, 3, 4, 5, 6, 7, 8, 9, 10, 11, 12, 13, 14, 15, 16, 17, 18, 19, 20, 21, 22, 23, 24, 25, 26, 27, 28, 29, 30, 31
Valid weekdays: Saturday, Sunday
When: 23:30:00
Current Time: 2007-01-07 23:40:00
Valid Interval: 23:00:00-02:00:00
Valid days of month: 1, 2, 3, 4, 5, 6, 7, 8, 9, 10, 11, 12, 13, 14, 15, 16, 17, 18, 19, 20, 21, 22, 23, 24, 25, 26, 27, 28, 29, 30, 31
Valid weekdays: Saturday, Sunday
When: 23:30:00
Current Time: 2007-01-07 01:00:00
Valid Interval: 13:00:00-16:00:00
Valid days of month: 1, 2, 3, 4, 5, 6, 7, 8, 9, 10, 11, 12, 13, 14, 15, 16, 17, 18, 19, 20, 21, 22, 23, 24, 25, 26, 27, 28, 29, 30, 31
Valid weekdays: Saturday, Sunday
When: 14:00:00
Current Time: 2007-01-06 14:30:00
Valid Interval: 13:00:00-16:00:00
Valid days of month: 1, 2, 3, 4, 5, 6, 7, 8, 9, 10, 11, 12, 13, 14, 15, 16, 17, 18, 19, 20, 21, 22, 23, 24, 25, 26, 27, 28, 29, 30, 31
Valid weekdays: Saturday, Sunday
When: 14:00:00
Current Time: 2007-01-07 15:00:00
Valid Interval: 23:00:00-02:00:00
Valid days of month: 1, 2, 3, 4, 5, 6, 7, 8, 9, 10, 11, 12, 13, 14, 15, 16, 17, 18, 19, 20, 21, 22, 23, 24, 25, 26, 27, 28, 29, 30, 31
Valid weekdays: Saturday, Sunday
When: 01:00:00
Current Time: 2007-01-06 01:30:00
Valid Interval: 23:00:00-02:00:00
Valid days of month: 1, 2, 3, 4, 5, 6, 7, 8, 9, 10, 11, 12, 13, 14, 15, 16, 17, 18, 19, 20, 21, 22, 23, 24, 25, 26, 27, 28, 29, 30, 31
Valid weekdays: Saturday, Sunday
When: 01:00:00
Current Time: 2007-01-07 01:30:00
Valid Interval: 23:00:00-02:00:00
Valid days of month: 1, 2, 3, 4, 5, 6, 7, 8, 9, 10, 11, 12, 13, 14, 15, 16, 17, 18, 19, 20, 21, 22, 23, 24, 25, 26, 27, 28, 29, 30, 31
Valid weekdays: Saturday, Sunday
When: 23:30:00
Current Time: 2007-01-06 23:02:00
Valid Interval: 23:00:00-02:00:00
Valid days of month: 1, 2, 3, 4, 5, 6, 7, 8, 9, 10, 11, 12, 13, 14, 15, 16, 17, 18, 19, 20, 21, 22, 23, 24, 25, 26, 27, 28, 29, 30, 31
Valid weekdays: Saturday, Sunday
When: 23:30:00
Current Time: 2007-01-06 01:10:00
Valid Interval: 23:00:00-02:00:00
Valid days of month: 1, 2, 3, 4, 5, 6, 7, 8, 9, 10, 11, 12, 13, 14, 15, 16, 17, 18, 19, 20, 21, 22, 23, 24, 25, 26, 27, 28, 29, 30, 31
Valid weekdays: Saturday, Sunday
When: 23:30:00
Current Time: 2007-01-07 01:00:40
Valid Interval: 23:00:00-02:00:00
Valid days of month: 2
Valid weekdays: Saturday, Sunday
When: 23:30:00
Current Time: 2007-01-01 12:00:00
Valid Interval: 23:00:00-02:00:00
Valid days of month: 1, 2
Valid weekdays: Saturday, Sunday
When: 23:30:00
Current Time: 2007-01-05 23:30:00
Valid Interval: 23:00:00-02:00:00
Valid days of month: 1, 2
Valid weekdays: Saturday, Sunday
When: 23:30:00
Current Time: 2007-01-06 23:00:00</StdOut>
      </Output>
    </UnitTestResult>
    <UnitTestResult executionId="8ad22f90-5c94-4509-859a-4ab31ef251c2" testId="2cbcb718-e7e7-41e4-a73b-b73b82471cab" testName="GetNextTimeToTrigger_AbsoluteTimer_ReturnsCorrectTime (Data Row 1)" computerName="ICSWS068" duration="00:00:00.0039840" startTime="2016-08-04T07:57:22.6307196+02:00" endTime="2016-08-04T07:57:22.6347251+02:00" testType="13cdc9d9-ddb5-4fa4-a97d-d965ccfc6d4b" outcome="Passed" testListId="8c84fa94-04c1-424b-9868-57a2d4851a1d" relativeResultsDirectory="8ad22f90-5c94-4509-859a-4ab31ef251c2">
      <Output>
        <StdOut>TestContext Messages:
Valid Interval: 11:00:00-13:00:00
Valid days of month: 1, 2, 3, 4, 5, 6, 7, 8, 9, 10, 11, 12, 13, 14, 15, 16, 17, 18, 19, 20, 21, 22, 23, 24, 25, 26, 27, 28, 29, 30, 31
Valid weekdays: Monday, Tuesday, Wednesday, Thursday, Friday, Saturday, Sunday
When: 12:00:00
Current Time: 2011-01-01 00:00:00
Valid Interval: 11:00:00-13:00:00
Valid days of month: 1, 2, 3, 4, 5, 6, 7, 8, 9, 10, 11, 12, 13, 14, 15, 16, 17, 18, 19, 20, 21, 22, 23, 24, 25, 26, 27, 28, 29, 30, 31
Valid weekdays: Monday, Tuesday, Wednesday, Thursday, Friday, Saturday, Sunday
When: 12:00:00
Current Time: 2011-01-01 09:00:00
Valid Interval: 11:00:00-13:00:00
Valid days of month: 1, 2, 3, 4, 5, 6, 7, 8, 9, 10, 11, 12, 13, 14, 15, 16, 17, 18, 19, 20, 21, 22, 23, 24, 25, 26, 27, 28, 29, 30, 31
Valid weekdays: Monday, Tuesday, Wednesday, Thursday, Friday, Saturday, Sunday
When: 12:00:00
Current Time: 2011-01-01 11:00:00
Valid Interval: 11:00:00-13:00:00
Valid days of month: 1, 2, 3, 4, 5, 6, 7, 8, 9, 10, 11, 12, 13, 14, 15, 16, 17, 18, 19, 20, 21, 22, 23, 24, 25, 26, 27, 28, 29, 30, 31
Valid weekdays: Monday, Tuesday, Wednesday, Thursday, Friday, Saturday, Sunday
When: 12:00:00
Current Time: 2011-01-01 12:00:00
Valid Interval: 11:00:00-13:00:00
Valid days of month: 1, 2, 3, 4, 5, 6, 7, 8, 9, 10, 11, 12, 13, 14, 15, 16, 17, 18, 19, 20, 21, 22, 23, 24, 25, 26, 27, 28, 29, 30, 31
Valid weekdays: Monday, Tuesday, Wednesday, Thursday, Friday, Saturday, Sunday
When: 12:00:00
Current Time: 2011-01-01 12:30:00
Valid Interval: 11:00:00-13:00:00
Valid days of month: 1, 2, 3, 4, 5, 6, 7, 8, 9, 10, 11, 12, 13, 14, 15, 16, 17, 18, 19, 20, 21, 22, 23, 24, 25, 26, 27, 28, 29, 30, 31
Valid weekdays: Monday, Tuesday, Wednesday, Thursday, Friday, Saturday, Sunday
When: 12:00:00
Current Time: 2011-01-01 13:00:00
Valid Interval: 11:00:00-13:00:00
Valid days of month: 1, 2, 3, 4, 5, 6, 7, 8, 9, 10, 11, 12, 13, 14, 15, 16, 17, 18, 19, 20, 21, 22, 23, 24, 25, 26, 27, 28, 29, 30, 31
Valid weekdays: Monday, Tuesday, Wednesday, Thursday, Friday, Saturday, Sunday
When: 12:00:00
Current Time: 2011-01-02 00:00:00
Valid Interval: 11:00:00-13:00:00
Valid days of month: 1, 2, 3, 4, 5, 6, 7, 8, 9, 10, 11, 12, 13, 14, 15, 16, 17, 18, 19, 20, 21, 22, 23, 24, 25, 26, 27, 28, 29, 30, 31
Valid weekdays: Monday, Tuesday, Wednesday, Thursday, Friday, Saturday, Sunday
When: 12:00:00
Current Time: 2011-01-02 09:00:00
Valid Interval: 11:00:00-13:00:00
Valid days of month: 1, 2, 3, 4, 5, 6, 7, 8, 9, 10, 11, 12, 13, 14, 15, 16, 17, 18, 19, 20, 21, 22, 23, 24, 25, 26, 27, 28, 29, 30, 31
Valid weekdays: Monday, Tuesday, Wednesday, Thursday, Friday, Saturday, Sunday
When: 12:00:00
Current Time: 2011-01-02 12:00:00
Valid Interval: 11:00:00-13:00:00
Valid days of month: 1, 2, 3, 4, 5, 6, 7, 8, 9, 10, 11, 12, 13, 14, 15, 16, 17, 18, 19, 20, 21, 22, 23, 24, 25, 26, 27, 28, 29, 30, 31
Valid weekdays: Monday, Tuesday, Wednesday, Thursday, Friday, Saturday, Sunday
When: 12:00:00
Current Time: 2011-01-02 12:45:30
Valid Interval: 11:00:00-13:00:00
Valid days of month: 1, 2, 3, 4, 5, 6, 7, 8, 9, 10, 11, 12, 13, 14, 15, 16, 17, 18, 19, 20, 21, 22, 23, 24, 25, 26, 27, 28, 29, 30, 31
Valid weekdays: Monday, Tuesday, Wednesday, Thursday, Friday, Saturday, Sunday
When: 12:00:00
Current Time: 2011-01-02 13:00:00
Valid Interval: 11:00:00-13:00:00
Valid days of month: 1, 2, 3, 4, 5, 6, 7, 8, 9, 10, 11, 12, 13, 14, 15, 16, 17, 18, 19, 20, 21, 22, 23, 24, 25, 26, 27, 28, 29, 30, 31
Valid weekdays: Monday, Tuesday, Wednesday, Thursday, Friday, Saturday, Sunday
When: 12:00:00
Current Time: 2011-01-01 12:00:00
Valid Interval: 11:00:00-13:00:00
Valid days of month: 1, 2, 3, 4, 5, 6, 7, 8, 9, 10, 11, 12, 13, 14, 15, 16, 17, 18, 19, 20, 21, 22, 23, 24, 25, 26, 27, 28, 29, 30, 31
Valid weekdays: Monday, Tuesday, Wednesday, Thursday, Friday, Saturday, Sunday
When: 12:00:00
Current Time: 2011-01-01 12:30:00
Valid Interval: 11:00:00-13:00:00
Valid days of month: 1, 2, 3, 4, 5, 6, 7, 8, 9, 10, 11, 12, 13, 14, 15, 16, 17, 18, 19, 20, 21, 22, 23, 24, 25, 26, 27, 28, 29, 30, 31
Valid weekdays: Monday, Tuesday, Wednesday, Thursday, Friday, Saturday, Sunday
When: 12:00:00
Current Time: 2011-01-01 12:30:00
Valid Interval: 11:00:00-13:00:00
Valid days of month: 1, 2, 3, 4, 5, 6, 7, 8, 9, 10, 11, 12, 13, 14, 15, 16, 17, 18, 19, 20, 21, 22, 23, 24, 25, 26, 27, 28, 29, 30, 31
Valid weekdays: Monday, Tuesday, Wednesday, Thursday, Friday, Saturday, Sunday
When: 12:00:00
Current Time: 2011-01-01 13:00:00
Valid Interval: 11:00:00-13:00:00
Valid days of month: 1, 2, 3, 4, 5, 6, 7, 8, 9, 10, 11, 12, 13, 14, 15, 16, 17, 18, 19, 20, 21, 22, 23, 24, 25, 26, 27, 28, 29, 30, 31
Valid weekdays: Monday, Tuesday, Wednesday, Thursday, Friday, Saturday, Sunday
When: 12:00:00
Current Time: 2011-01-01 14:30:00
Valid Interval: 23:00:00-13:00:00
Valid days of month: 1, 2, 3, 4, 5, 6, 7, 8, 9, 10, 11, 12, 13, 14, 15, 16, 17, 18, 19, 20, 21, 22, 23, 24, 25, 26, 27, 28, 29, 30, 31
Valid weekdays: Monday, Tuesday, Wednesday, Thursday, Friday, Saturday, Sunday
When: 23:30:00
Current Time: 2011-01-01 16:00:00
Valid Interval: 23:00:00-13:00:00
Valid days of month: 1, 2, 3, 4, 5, 6, 7, 8, 9, 10, 11, 12, 13, 14, 15, 16, 17, 18, 19, 20, 21, 22, 23, 24, 25, 26, 27, 28, 29, 30, 31
Valid weekdays: Monday, Tuesday, Wednesday, Thursday, Friday, Saturday, Sunday
When: 23:30:00
Current Time: 2011-01-01 23:00:00
Valid Interval: 23:00:00-13:00:00
Valid days of month: 1, 2, 3, 4, 5, 6, 7, 8, 9, 10, 11, 12, 13, 14, 15, 16, 17, 18, 19, 20, 21, 22, 23, 24, 25, 26, 27, 28, 29, 30, 31
Valid weekdays: Monday, Tuesday, Wednesday, Thursday, Friday, Saturday, Sunday
When: 23:30:00
Current Time: 2011-01-01 23:30:00
Valid Interval: 23:00:00-13:00:00
Valid days of month: 1, 2, 3, 4, 5, 6, 7, 8, 9, 10, 11, 12, 13, 14, 15, 16, 17, 18, 19, 20, 21, 22, 23, 24, 25, 26, 27, 28, 29, 30, 31
Valid weekdays: Monday, Tuesday, Wednesday, Thursday, Friday, Saturday, Sunday
When: 23:30:00
Current Time: 2011-01-01 23:45:00
Valid Interval: 23:00:00-13:00:00
Valid days of month: 1, 2, 3, 4, 5, 6, 7, 8, 9, 10, 11, 12, 13, 14, 15, 16, 17, 18, 19, 20, 21, 22, 23, 24, 25, 26, 27, 28, 29, 30, 31
Valid weekdays: Monday, Tuesday, Wednesday, Thursday, Friday, Saturday, Sunday
When: 23:30:00
Current Time: 2011-01-02 00:30:00
Valid Interval: 23:00:00-13:00:00
Valid days of month: 1, 2, 3, 4, 5, 6, 7, 8, 9, 10, 11, 12, 13, 14, 15, 16, 17, 18, 19, 20, 21, 22, 23, 24, 25, 26, 27, 28, 29, 30, 31
Valid weekdays: Monday, Tuesday, Wednesday, Thursday, Friday, Saturday, Sunday
When: 23:30:00
Current Time: 2011-01-01 13:00:00
Valid Interval: 23:00:00-13:00:00
Valid days of month: 1, 2, 3, 4, 5, 6, 7, 8, 9, 10, 11, 12, 13, 14, 15, 16, 17, 18, 19, 20, 21, 22, 23, 24, 25, 26, 27, 28, 29, 30, 31
Valid weekdays: Monday, Tuesday, Wednesday, Thursday, Friday, Saturday, Sunday
When: 01:00:00
Current Time: 2011-01-01 16:00:00
Valid Interval: 23:00:00-13:00:00
Valid days of month: 1, 2, 3, 4, 5, 6, 7, 8, 9, 10, 11, 12, 13, 14, 15, 16, 17, 18, 19, 20, 21, 22, 23, 24, 25, 26, 27, 28, 29, 30, 31
Valid weekdays: Monday, Tuesday, Wednesday, Thursday, Friday, Saturday, Sunday
When: 01:00:00
Current Time: 2011-01-01 23:00:00
Valid Interval: 23:00:00-13:00:00
Valid days of month: 1, 2, 3, 4, 5, 6, 7, 8, 9, 10, 11, 12, 13, 14, 15, 16, 17, 18, 19, 20, 21, 22, 23, 24, 25, 26, 27, 28, 29, 30, 31
Valid weekdays: Monday, Tuesday, Wednesday, Thursday, Friday, Saturday, Sunday
When: 01:00:00
Current Time: 2011-01-01 23:30:00
Valid Interval: 23:00:00-13:00:00
Valid days of month: 1, 2, 3, 4, 5, 6, 7, 8, 9, 10, 11, 12, 13, 14, 15, 16, 17, 18, 19, 20, 21, 22, 23, 24, 25, 26, 27, 28, 29, 30, 31
Valid weekdays: Monday, Tuesday, Wednesday, Thursday, Friday, Saturday, Sunday
When: 01:00:00
Current Time: 2011-01-02 00:30:00
Valid Interval: 23:00:00-13:00:00
Valid days of month: 1, 2, 3, 4, 5, 6, 7, 8, 9, 10, 11, 12, 13, 14, 15, 16, 17, 18, 19, 20, 21, 22, 23, 24, 25, 26, 27, 28, 29, 30, 31
Valid weekdays: Monday, Tuesday, Wednesday, Thursday, Friday, Saturday, Sunday
When: 01:00:00
Current Time: 2011-01-01 02:00:00
Valid Interval: 23:00:00-13:00:00
Valid days of month: 1, 2, 3, 4, 5, 6, 7, 8, 9, 10, 11, 12, 13, 14, 15, 16, 17, 18, 19, 20, 21, 22, 23, 24, 25, 26, 27, 28, 29, 30, 31
Valid weekdays: Monday, Tuesday, Wednesday, Thursday, Friday, Saturday, Sunday
When: 01:00:00
Current Time: 2011-01-01 13:00:00
Valid Interval: 23:00:00-13:00:00
Valid days of month: 1, 2, 3, 4, 5, 6, 7, 8, 9, 10, 11, 12, 13, 14, 15, 16, 17, 18, 19, 20, 21, 22, 23, 24, 25, 26, 27, 28, 29, 30, 31
Valid weekdays: Monday, Tuesday, Wednesday, Thursday, Friday, Saturday, Sunday
When: 23:30:00
Current Time: 2011-01-01 16:00:00
Valid Interval: 23:00:00-13:00:00
Valid days of month: 1, 2, 3, 4, 5, 6, 7, 8, 9, 10, 11, 12, 13, 14, 15, 16, 17, 18, 19, 20, 21, 22, 23, 24, 25, 26, 27, 28, 29, 30, 31
Valid weekdays: Monday, Tuesday, Wednesday, Thursday, Friday, Saturday, Sunday
When: 23:30:00
Current Time: 2011-01-01 23:00:00
Valid Interval: 23:00:00-13:00:00
Valid days of month: 1, 2, 3, 4, 5, 6, 7, 8, 9, 10, 11, 12, 13, 14, 15, 16, 17, 18, 19, 20, 21, 22, 23, 24, 25, 26, 27, 28, 29, 30, 31
Valid weekdays: Monday, Tuesday, Wednesday, Thursday, Friday, Saturday, Sunday
When: 23:30:00
Current Time: 2011-01-01 23:30:00
Valid Interval: 23:00:00-13:00:00
Valid days of month: 1, 2, 3, 4, 5, 6, 7, 8, 9, 10, 11, 12, 13, 14, 15, 16, 17, 18, 19, 20, 21, 22, 23, 24, 25, 26, 27, 28, 29, 30, 31
Valid weekdays: Monday, Tuesday, Wednesday, Thursday, Friday, Saturday, Sunday
When: 23:30:00
Current Time: 2011-01-01 23:45:00
Valid Interval: 23:00:00-13:00:00
Valid days of month: 1, 2, 3, 4, 5, 6, 7, 8, 9, 10, 11, 12, 13, 14, 15, 16, 17, 18, 19, 20, 21, 22, 23, 24, 25, 26, 27, 28, 29, 30, 31
Valid weekdays: Monday, Tuesday, Wednesday, Thursday, Friday, Saturday, Sunday
When: 23:30:00
Current Time: 2011-01-02 00:30:00
Valid Interval: 23:00:00-13:00:00
Valid days of month: 1, 2, 3, 4, 5, 6, 7, 8, 9, 10, 11, 12, 13, 14, 15, 16, 17, 18, 19, 20, 21, 22, 23, 24, 25, 26, 27, 28, 29, 30, 31
Valid weekdays: Monday, Tuesday, Wednesday, Thursday, Friday, Saturday, Sunday
When: 23:30:00
Current Time: 2011-01-01 13:00:00
Valid Interval: 23:00:00-13:00:00
Valid days of month: 1, 2, 3, 4, 5, 6, 7, 8, 9, 10, 11, 12, 13, 14, 15, 16, 17, 18, 19, 20, 21, 22, 23, 24, 25, 26, 27, 28, 29, 30, 31
Valid weekdays: Monday, Tuesday, Wednesday, Thursday, Friday, Saturday, Sunday
When: 01:00:00
Current Time: 2011-01-01 16:00:00
Valid Interval: 23:00:00-13:00:00
Valid days of month: 1, 2, 3, 4, 5, 6, 7, 8, 9, 10, 11, 12, 13, 14, 15, 16, 17, 18, 19, 20, 21, 22, 23, 24, 25, 26, 27, 28, 29, 30, 31
Valid weekdays: Monday, Tuesday, Wednesday, Thursday, Friday, Saturday, Sunday
When: 01:00:00
Current Time: 2011-01-01 23:00:00
Valid Interval: 23:00:00-13:00:00
Valid days of month: 1, 2, 3, 4, 5, 6, 7, 8, 9, 10, 11, 12, 13, 14, 15, 16, 17, 18, 19, 20, 21, 22, 23, 24, 25, 26, 27, 28, 29, 30, 31
Valid weekdays: Monday, Tuesday, Wednesday, Thursday, Friday, Saturday, Sunday
When: 01:00:00
Current Time: 2011-01-01 23:30:00
Valid Interval: 23:00:00-13:00:00
Valid days of month: 1, 2, 3, 4, 5, 6, 7, 8, 9, 10, 11, 12, 13, 14, 15, 16, 17, 18, 19, 20, 21, 22, 23, 24, 25, 26, 27, 28, 29, 30, 31
Valid weekdays: Monday, Tuesday, Wednesday, Thursday, Friday, Saturday, Sunday
When: 01:00:00
Current Time: 2011-01-02 00:30:00
Valid Interval: 23:00:00-13:00:00
Valid days of month: 1, 2, 3, 4, 5, 6, 7, 8, 9, 10, 11, 12, 13, 14, 15, 16, 17, 18, 19, 20, 21, 22, 23, 24, 25, 26, 27, 28, 29, 30, 31
Valid weekdays: Monday, Tuesday, Wednesday, Thursday, Friday, Saturday, Sunday
When: 01:00:00
Current Time: 2011-01-02 02:00:00
Valid Interval: 23:00:00-13:00:00
Valid days of month: 1, 2, 3, 4, 5, 6, 7, 8, 9, 10, 11, 12, 13, 14, 15, 16, 17, 18, 19, 20, 21, 22, 23, 24, 25, 26, 27, 28, 29, 30, 31
Valid weekdays: Monday, Tuesday, Wednesday, Thursday, Friday, Saturday, Sunday
When: 01:00:00
Current Time: 2011-01-02 13:00:00
Valid Interval: 23:00:00-13:00:00
Valid days of month: 1, 2, 3, 4, 5, 6, 7, 8, 9, 10, 11, 12, 13, 14, 15, 16, 17, 18, 19, 20, 21, 22, 23, 24, 25, 26, 27, 28, 29, 30, 31
Valid weekdays: Monday, Tuesday, Wednesday, Thursday, Friday, Saturday, Sunday
When: 23:30:00
Current Time: 2011-01-01 23:30:05
Valid Interval: 23:00:00-13:00:00
Valid days of month: 1, 2, 3, 4, 5, 6, 7, 8, 9, 10, 11, 12, 13, 14, 15, 16, 17, 18, 19, 20, 21, 22, 23, 24, 25, 26, 27, 28, 29, 30, 31
Valid weekdays: Monday, Tuesday, Wednesday, Thursday, Friday, Saturday, Sunday
When: 23:30:00
Current Time: 2011-01-02 00:30:00
Valid Interval: 23:00:00-13:00:00
Valid days of month: 1, 2, 3, 4, 5, 6, 7, 8, 9, 10, 11, 12, 13, 14, 15, 16, 17, 18, 19, 20, 21, 22, 23, 24, 25, 26, 27, 28, 29, 30, 31
Valid weekdays: Monday, Tuesday, Wednesday, Thursday, Friday, Saturday, Sunday
When: 23:30:00
Current Time: 2011-01-02 13:00:00
Valid Interval: 23:00:00-13:00:00
Valid days of month: 1, 2, 3, 4, 5, 6, 7, 8, 9, 10, 11, 12, 13, 14, 15, 16, 17, 18, 19, 20, 21, 22, 23, 24, 25, 26, 27, 28, 29, 30, 31
Valid weekdays: Monday, Tuesday, Wednesday, Thursday, Friday, Saturday, Sunday
When: 01:00:00
Current Time: 2011-01-01 02:00:00
Valid Interval: 23:00:00-13:00:00
Valid days of month: 1, 2, 3, 4, 5, 6, 7, 8, 9, 10, 11, 12, 13, 14, 15, 16, 17, 18, 19, 20, 21, 22, 23, 24, 25, 26, 27, 28, 29, 30, 31
Valid weekdays: Monday, Tuesday, Wednesday, Thursday, Friday, Saturday, Sunday
When: 01:00:00
Current Time: 2011-01-02 02:00:00
Valid Interval: 13:00:00-16:00:00
Valid days of month: 1, 2, 3, 4, 5, 6, 7, 8, 9, 10, 11, 12, 13, 14, 15, 16, 17, 18, 19, 20, 21, 22, 23, 24, 25, 26, 27, 28, 29, 30, 31
Valid weekdays: Saturday, Sunday
When: 14:00:00
Current Time: 2007-01-01 12:00:00
Valid Interval: 13:00:00-16:00:00
Valid days of month: 1, 2, 3, 4, 5, 6, 7, 8, 9, 10, 11, 12, 13, 14, 15, 16, 17, 18, 19, 20, 21, 22, 23, 24, 25, 26, 27, 28, 29, 30, 31
Valid weekdays: Saturday, Sunday
When: 14:00:00
Current Time: 2007-01-02 13:30:00
Valid Interval: 13:00:00-16:00:00
Valid days of month: 1, 2, 3, 4, 5, 6, 7, 8, 9, 10, 11, 12, 13, 14, 15, 16, 17, 18, 19, 20, 21, 22, 23, 24, 25, 26, 27, 28, 29, 30, 31
Valid weekdays: Saturday, Sunday
When: 14:00:00
Current Time: 2007-01-06 13:30:00
Valid Interval: 13:00:00-16:00:00
Valid days of month: 1, 2, 3, 4, 5, 6, 7, 8, 9, 10, 11, 12, 13, 14, 15, 16, 17, 18, 19, 20, 21, 22, 23, 24, 25, 26, 27, 28, 29, 30, 31
Valid weekdays: Saturday, Sunday
When: 14:00:00
Current Time: 2007-01-06 14:30:00
Valid Interval: 13:00:00-16:00:00
Valid days of month: 1, 2, 3, 4, 5, 6, 7, 8, 9, 10, 11, 12, 13, 14, 15, 16, 17, 18, 19, 20, 21, 22, 23, 24, 25, 26, 27, 28, 29, 30, 31
Valid weekdays: Saturday, Sunday
When: 14:00:00
Current Time: 2007-01-06 16:30:00
Valid Interval: 13:00:00-16:00:00
Valid days of month: 1, 2, 3, 4, 5, 6, 7, 8, 9, 10, 11, 12, 13, 14, 15, 16, 17, 18, 19, 20, 21, 22, 23, 24, 25, 26, 27, 28, 29, 30, 31
Valid weekdays: Saturday, Sunday
When: 14:00:00
Current Time: 2007-01-07 16:00:00
Valid Interval: 23:00:00-02:00:00
Valid days of month: 1, 2, 3, 4, 5, 6, 7, 8, 9, 10, 11, 12, 13, 14, 15, 16, 17, 18, 19, 20, 21, 22, 23, 24, 25, 26, 27, 28, 29, 30, 31
Valid weekdays: Saturday, Sunday
When: 01:00:00
Current Time: 2007-01-01 12:00:00
Valid Interval: 23:00:00-02:00:00
Valid days of month: 1, 2, 3, 4, 5, 6, 7, 8, 9, 10, 11, 12, 13, 14, 15, 16, 17, 18, 19, 20, 21, 22, 23, 24, 25, 26, 27, 28, 29, 30, 31
Valid weekdays: Saturday, Sunday
When: 01:00:00
Current Time: 2007-01-02 01:00:00
Valid Interval: 23:00:00-02:00:00
Valid days of month: 1, 2, 3, 4, 5, 6, 7, 8, 9, 10, 11, 12, 13, 14, 15, 16, 17, 18, 19, 20, 21, 22, 23, 24, 25, 26, 27, 28, 29, 30, 31
Valid weekdays: Saturday, Sunday
When: 01:00:00
Current Time: 2007-01-06 00:30:00
Valid Interval: 23:00:00-02:00:00
Valid days of month: 1, 2, 3, 4, 5, 6, 7, 8, 9, 10, 11, 12, 13, 14, 15, 16, 17, 18, 19, 20, 21, 22, 23, 24, 25, 26, 27, 28, 29, 30, 31
Valid weekdays: Saturday, Sunday
When: 01:00:00
Current Time: 2007-01-06 01:30:00
Valid Interval: 23:00:00-02:00:00
Valid days of month: 1, 2, 3, 4, 5, 6, 7, 8, 9, 10, 11, 12, 13, 14, 15, 16, 17, 18, 19, 20, 21, 22, 23, 24, 25, 26, 27, 28, 29, 30, 31
Valid weekdays: Saturday, Sunday
When: 01:00:00
Current Time: 2007-01-06 02:30:00
Valid Interval: 23:00:00-02:00:00
Valid days of month: 1, 2, 3, 4, 5, 6, 7, 8, 9, 10, 11, 12, 13, 14, 15, 16, 17, 18, 19, 20, 21, 22, 23, 24, 25, 26, 27, 28, 29, 30, 31
Valid weekdays: Saturday, Sunday
When: 01:00:00
Current Time: 2007-01-07 02:00:00
Valid Interval: 23:00:00-02:00:00
Valid days of month: 1, 2, 3, 4, 5, 6, 7, 8, 9, 10, 11, 12, 13, 14, 15, 16, 17, 18, 19, 20, 21, 22, 23, 24, 25, 26, 27, 28, 29, 30, 31
Valid weekdays: Saturday, Sunday
When: 23:30:00
Current Time: 2007-01-01 12:00:00
Valid Interval: 23:00:00-02:00:00
Valid days of month: 1, 2, 3, 4, 5, 6, 7, 8, 9, 10, 11, 12, 13, 14, 15, 16, 17, 18, 19, 20, 21, 22, 23, 24, 25, 26, 27, 28, 29, 30, 31
Valid weekdays: Saturday, Sunday
When: 23:30:00
Current Time: 2007-01-05 23:30:00
Valid Interval: 23:00:00-02:00:00
Valid days of month: 1, 2, 3, 4, 5, 6, 7, 8, 9, 10, 11, 12, 13, 14, 15, 16, 17, 18, 19, 20, 21, 22, 23, 24, 25, 26, 27, 28, 29, 30, 31
Valid weekdays: Saturday, Sunday
When: 23:30:00
Current Time: 2007-01-06 23:00:00
Valid Interval: 23:00:00-02:00:00
Valid days of month: 1, 2, 3, 4, 5, 6, 7, 8, 9, 10, 11, 12, 13, 14, 15, 16, 17, 18, 19, 20, 21, 22, 23, 24, 25, 26, 27, 28, 29, 30, 31
Valid weekdays: Saturday, Sunday
When: 23:30:00
Current Time: 2007-01-06 02:00:00
Valid Interval: 23:00:00-02:00:00
Valid days of month: 1, 2, 3, 4, 5, 6, 7, 8, 9, 10, 11, 12, 13, 14, 15, 16, 17, 18, 19, 20, 21, 22, 23, 24, 25, 26, 27, 28, 29, 30, 31
Valid weekdays: Saturday, Sunday
When: 23:30:00
Current Time: 2007-01-07 23:40:00
Valid Interval: 23:00:00-02:00:00
Valid days of month: 1, 2, 3, 4, 5, 6, 7, 8, 9, 10, 11, 12, 13, 14, 15, 16, 17, 18, 19, 20, 21, 22, 23, 24, 25, 26, 27, 28, 29, 30, 31
Valid weekdays: Saturday, Sunday
When: 23:30:00
Current Time: 2007-01-07 01:00:00
Valid Interval: 13:00:00-16:00:00
Valid days of month: 1, 2, 3, 4, 5, 6, 7, 8, 9, 10, 11, 12, 13, 14, 15, 16, 17, 18, 19, 20, 21, 22, 23, 24, 25, 26, 27, 28, 29, 30, 31
Valid weekdays: Saturday, Sunday
When: 14:00:00
Current Time: 2007-01-01 12:00:00
Valid Interval: 13:00:00-16:00:00
Valid days of month: 1, 2, 3, 4, 5, 6, 7, 8, 9, 10, 11, 12, 13, 14, 15, 16, 17, 18, 19, 20, 21, 22, 23, 24, 25, 26, 27, 28, 29, 30, 31
Valid weekdays: Saturday, Sunday
When: 14:00:00
Current Time: 2007-01-02 13:30:00
Valid Interval: 13:00:00-16:00:00
Valid days of month: 1, 2, 3, 4, 5, 6, 7, 8, 9, 10, 11, 12, 13, 14, 15, 16, 17, 18, 19, 20, 21, 22, 23, 24, 25, 26, 27, 28, 29, 30, 31
Valid weekdays: Saturday, Sunday
When: 14:00:00
Current Time: 2007-01-06 13:30:00
Valid Interval: 13:00:00-16:00:00
Valid days of month: 1, 2, 3, 4, 5, 6, 7, 8, 9, 10, 11, 12, 13, 14, 15, 16, 17, 18, 19, 20, 21, 22, 23, 24, 25, 26, 27, 28, 29, 30, 31
Valid weekdays: Saturday, Sunday
When: 14:00:00
Current Time: 2007-01-06 14:30:00
Valid Interval: 13:00:00-16:00:00
Valid days of month: 1, 2, 3, 4, 5, 6, 7, 8, 9, 10, 11, 12, 13, 14, 15, 16, 17, 18, 19, 20, 21, 22, 23, 24, 25, 26, 27, 28, 29, 30, 31
Valid weekdays: Saturday, Sunday
When: 14:00:00
Current Time: 2007-01-06 16:30:00
Valid Interval: 13:00:00-16:00:00
Valid days of month: 1, 2, 3, 4, 5, 6, 7, 8, 9, 10, 11, 12, 13, 14, 15, 16, 17, 18, 19, 20, 21, 22, 23, 24, 25, 26, 27, 28, 29, 30, 31
Valid weekdays: Saturday, Sunday
When: 14:00:00
Current Time: 2007-01-07 16:00:00
Valid Interval: 23:00:00-02:00:00
Valid days of month: 1, 2, 3, 4, 5, 6, 7, 8, 9, 10, 11, 12, 13, 14, 15, 16, 17, 18, 19, 20, 21, 22, 23, 24, 25, 26, 27, 28, 29, 30, 31
Valid weekdays: Saturday, Sunday
When: 01:00:00
Current Time: 2007-01-01 12:00:00
Valid Interval: 23:00:00-02:00:00
Valid days of month: 1, 2, 3, 4, 5, 6, 7, 8, 9, 10, 11, 12, 13, 14, 15, 16, 17, 18, 19, 20, 21, 22, 23, 24, 25, 26, 27, 28, 29, 30, 31
Valid weekdays: Saturday, Sunday
When: 01:00:00
Current Time: 2007-01-02 01:00:00
Valid Interval: 23:00:00-02:00:00
Valid days of month: 1, 2, 3, 4, 5, 6, 7, 8, 9, 10, 11, 12, 13, 14, 15, 16, 17, 18, 19, 20, 21, 22, 23, 24, 25, 26, 27, 28, 29, 30, 31
Valid weekdays: Saturday, Sunday
When: 01:00:00
Current Time: 2007-01-06 00:30:00
Valid Interval: 23:00:00-02:00:00
Valid days of month: 1, 2, 3, 4, 5, 6, 7, 8, 9, 10, 11, 12, 13, 14, 15, 16, 17, 18, 19, 20, 21, 22, 23, 24, 25, 26, 27, 28, 29, 30, 31
Valid weekdays: Saturday, Sunday
When: 01:00:00
Current Time: 2007-01-06 02:30:00
Valid Interval: 23:00:00-02:00:00
Valid days of month: 1, 2, 3, 4, 5, 6, 7, 8, 9, 10, 11, 12, 13, 14, 15, 16, 17, 18, 19, 20, 21, 22, 23, 24, 25, 26, 27, 28, 29, 30, 31
Valid weekdays: Saturday, Sunday
When: 23:30:00
Current Time: 2007-01-01 12:00:00
Valid Interval: 23:00:00-02:00:00
Valid days of month: 1, 2, 3, 4, 5, 6, 7, 8, 9, 10, 11, 12, 13, 14, 15, 16, 17, 18, 19, 20, 21, 22, 23, 24, 25, 26, 27, 28, 29, 30, 31
Valid weekdays: Saturday, Sunday
When: 23:30:00
Current Time: 2007-01-05 23:30:00
Valid Interval: 23:00:00-02:00:00
Valid days of month: 1, 2, 3, 4, 5, 6, 7, 8, 9, 10, 11, 12, 13, 14, 15, 16, 17, 18, 19, 20, 21, 22, 23, 24, 25, 26, 27, 28, 29, 30, 31
Valid weekdays: Saturday, Sunday
When: 23:30:00
Current Time: 2007-01-06 23:00:00
Valid Interval: 23:00:00-02:00:00
Valid days of month: 1, 2, 3, 4, 5, 6, 7, 8, 9, 10, 11, 12, 13, 14, 15, 16, 17, 18, 19, 20, 21, 22, 23, 24, 25, 26, 27, 28, 29, 30, 31
Valid weekdays: Saturday, Sunday
When: 23:30:00
Current Time: 2007-01-06 02:00:00
Valid Interval: 23:00:00-02:00:00
Valid days of month: 1, 2, 3, 4, 5, 6, 7, 8, 9, 10, 11, 12, 13, 14, 15, 16, 17, 18, 19, 20, 21, 22, 23, 24, 25, 26, 27, 28, 29, 30, 31
Valid weekdays: Saturday, Sunday
When: 23:30:00
Current Time: 2007-01-07 23:40:00
Valid Interval: 23:00:00-02:00:00
Valid days of month: 1, 2, 3, 4, 5, 6, 7, 8, 9, 10, 11, 12, 13, 14, 15, 16, 17, 18, 19, 20, 21, 22, 23, 24, 25, 26, 27, 28, 29, 30, 31
Valid weekdays: Saturday, Sunday
When: 23:30:00
Current Time: 2007-01-07 01:00:00
Valid Interval: 13:00:00-16:00:00
Valid days of month: 1, 2, 3, 4, 5, 6, 7, 8, 9, 10, 11, 12, 13, 14, 15, 16, 17, 18, 19, 20, 21, 22, 23, 24, 25, 26, 27, 28, 29, 30, 31
Valid weekdays: Saturday, Sunday
When: 14:00:00
Current Time: 2007-01-06 14:30:00
Valid Interval: 13:00:00-16:00:00
Valid days of month: 1, 2, 3, 4, 5, 6, 7, 8, 9, 10, 11, 12, 13, 14, 15, 16, 17, 18, 19, 20, 21, 22, 23, 24, 25, 26, 27, 28, 29, 30, 31
Valid weekdays: Saturday, Sunday
When: 14:00:00
Current Time: 2007-01-07 15:00:00
Valid Interval: 23:00:00-02:00:00
Valid days of month: 1, 2, 3, 4, 5, 6, 7, 8, 9, 10, 11, 12, 13, 14, 15, 16, 17, 18, 19, 20, 21, 22, 23, 24, 25, 26, 27, 28, 29, 30, 31
Valid weekdays: Saturday, Sunday
When: 01:00:00
Current Time: 2007-01-06 01:30:00
Valid Interval: 23:00:00-02:00:00
Valid days of month: 1, 2, 3, 4, 5, 6, 7, 8, 9, 10, 11, 12, 13, 14, 15, 16, 17, 18, 19, 20, 21, 22, 23, 24, 25, 26, 27, 28, 29, 30, 31
Valid weekdays: Saturday, Sunday
When: 01:00:00
Current Time: 2007-01-07 01:30:00
Valid Interval: 23:00:00-02:00:00
Valid days of month: 1, 2, 3, 4, 5, 6, 7, 8, 9, 10, 11, 12, 13, 14, 15, 16, 17, 18, 19, 20, 21, 22, 23, 24, 25, 26, 27, 28, 29, 30, 31
Valid weekdays: Saturday, Sunday
When: 23:30:00
Current Time: 2007-01-06 23:02:00
Valid Interval: 23:00:00-02:00:00
Valid days of month: 1, 2, 3, 4, 5, 6, 7, 8, 9, 10, 11, 12, 13, 14, 15, 16, 17, 18, 19, 20, 21, 22, 23, 24, 25, 26, 27, 28, 29, 30, 31
Valid weekdays: Saturday, Sunday
When: 23:30:00
Current Time: 2007-01-06 01:10:00
Valid Interval: 23:00:00-02:00:00
Valid days of month: 1, 2, 3, 4, 5, 6, 7, 8, 9, 10, 11, 12, 13, 14, 15, 16, 17, 18, 19, 20, 21, 22, 23, 24, 25, 26, 27, 28, 29, 30, 31
Valid weekdays: Saturday, Sunday
When: 23:30:00
Current Time: 2007-01-07 01:00:40
Valid Interval: 23:00:00-02:00:00
Valid days of month: 2
Valid weekdays: Saturday, Sunday
When: 23:30:00
Current Time: 2007-01-01 12:00:00
Valid Interval: 23:00:00-02:00:00
Valid days of month: 1, 2
Valid weekdays: Saturday, Sunday
When: 23:30:00
Current Time: 2007-01-05 23:30:00
Valid Interval: 23:00:00-02:00:00
Valid days of month: 1, 2
Valid weekdays: Saturday, Sunday
When: 23:30:00
Current Time: 2007-01-06 23:00:00</StdOut>
      </Output>
    </UnitTestResult>
    <UnitTestResult executionId="33116bec-a5a1-4e91-adc1-829fd61c9a67" testId="d97bc770-92b7-46c9-aee3-462c46fd568d" testName="GetNextTimeToTrigger_AbsoluteTimer_ReturnsCorrectTime (Data Row 2)" computerName="ICSWS068" duration="00:00:00.0038433" startTime="2016-08-04T07:57:22.6347251+02:00" endTime="2016-08-04T07:57:22.6387280+02:00" testType="13cdc9d9-ddb5-4fa4-a97d-d965ccfc6d4b" outcome="Passed" testListId="8c84fa94-04c1-424b-9868-57a2d4851a1d" relativeResultsDirectory="33116bec-a5a1-4e91-adc1-829fd61c9a67">
      <Output>
        <StdOut>TestContext Messages:
Valid Interval: 11:00:00-13:00:00
Valid days of month: 1, 2, 3, 4, 5, 6, 7, 8, 9, 10, 11, 12, 13, 14, 15, 16, 17, 18, 19, 20, 21, 22, 23, 24, 25, 26, 27, 28, 29, 30, 31
Valid weekdays: Monday, Tuesday, Wednesday, Thursday, Friday, Saturday, Sunday
When: 12:00:00
Current Time: 2011-01-01 00:00:00
Valid Interval: 11:00:00-13:00:00
Valid days of month: 1, 2, 3, 4, 5, 6, 7, 8, 9, 10, 11, 12, 13, 14, 15, 16, 17, 18, 19, 20, 21, 22, 23, 24, 25, 26, 27, 28, 29, 30, 31
Valid weekdays: Monday, Tuesday, Wednesday, Thursday, Friday, Saturday, Sunday
When: 12:00:00
Current Time: 2011-01-01 09:00:00
Valid Interval: 11:00:00-13:00:00
Valid days of month: 1, 2, 3, 4, 5, 6, 7, 8, 9, 10, 11, 12, 13, 14, 15, 16, 17, 18, 19, 20, 21, 22, 23, 24, 25, 26, 27, 28, 29, 30, 31
Valid weekdays: Monday, Tuesday, Wednesday, Thursday, Friday, Saturday, Sunday
When: 12:00:00
Current Time: 2011-01-01 11:00:00
Valid Interval: 11:00:00-13:00:00
Valid days of month: 1, 2, 3, 4, 5, 6, 7, 8, 9, 10, 11, 12, 13, 14, 15, 16, 17, 18, 19, 20, 21, 22, 23, 24, 25, 26, 27, 28, 29, 30, 31
Valid weekdays: Monday, Tuesday, Wednesday, Thursday, Friday, Saturday, Sunday
When: 12:00:00
Current Time: 2011-01-01 12:00:00
Valid Interval: 11:00:00-13:00:00
Valid days of month: 1, 2, 3, 4, 5, 6, 7, 8, 9, 10, 11, 12, 13, 14, 15, 16, 17, 18, 19, 20, 21, 22, 23, 24, 25, 26, 27, 28, 29, 30, 31
Valid weekdays: Monday, Tuesday, Wednesday, Thursday, Friday, Saturday, Sunday
When: 12:00:00
Current Time: 2011-01-01 12:30:00
Valid Interval: 11:00:00-13:00:00
Valid days of month: 1, 2, 3, 4, 5, 6, 7, 8, 9, 10, 11, 12, 13, 14, 15, 16, 17, 18, 19, 20, 21, 22, 23, 24, 25, 26, 27, 28, 29, 30, 31
Valid weekdays: Monday, Tuesday, Wednesday, Thursday, Friday, Saturday, Sunday
When: 12:00:00
Current Time: 2011-01-01 13:00:00
Valid Interval: 11:00:00-13:00:00
Valid days of month: 1, 2, 3, 4, 5, 6, 7, 8, 9, 10, 11, 12, 13, 14, 15, 16, 17, 18, 19, 20, 21, 22, 23, 24, 25, 26, 27, 28, 29, 30, 31
Valid weekdays: Monday, Tuesday, Wednesday, Thursday, Friday, Saturday, Sunday
When: 12:00:00
Current Time: 2011-01-02 00:00:00
Valid Interval: 11:00:00-13:00:00
Valid days of month: 1, 2, 3, 4, 5, 6, 7, 8, 9, 10, 11, 12, 13, 14, 15, 16, 17, 18, 19, 20, 21, 22, 23, 24, 25, 26, 27, 28, 29, 30, 31
Valid weekdays: Monday, Tuesday, Wednesday, Thursday, Friday, Saturday, Sunday
When: 12:00:00
Current Time: 2011-01-02 09:00:00
Valid Interval: 11:00:00-13:00:00
Valid days of month: 1, 2, 3, 4, 5, 6, 7, 8, 9, 10, 11, 12, 13, 14, 15, 16, 17, 18, 19, 20, 21, 22, 23, 24, 25, 26, 27, 28, 29, 30, 31
Valid weekdays: Monday, Tuesday, Wednesday, Thursday, Friday, Saturday, Sunday
When: 12:00:00
Current Time: 2011-01-02 12:00:00
Valid Interval: 11:00:00-13:00:00
Valid days of month: 1, 2, 3, 4, 5, 6, 7, 8, 9, 10, 11, 12, 13, 14, 15, 16, 17, 18, 19, 20, 21, 22, 23, 24, 25, 26, 27, 28, 29, 30, 31
Valid weekdays: Monday, Tuesday, Wednesday, Thursday, Friday, Saturday, Sunday
When: 12:00:00
Current Time: 2011-01-02 12:45:30
Valid Interval: 11:00:00-13:00:00
Valid days of month: 1, 2, 3, 4, 5, 6, 7, 8, 9, 10, 11, 12, 13, 14, 15, 16, 17, 18, 19, 20, 21, 22, 23, 24, 25, 26, 27, 28, 29, 30, 31
Valid weekdays: Monday, Tuesday, Wednesday, Thursday, Friday, Saturday, Sunday
When: 12:00:00
Current Time: 2011-01-02 13:00:00
Valid Interval: 11:00:00-13:00:00
Valid days of month: 1, 2, 3, 4, 5, 6, 7, 8, 9, 10, 11, 12, 13, 14, 15, 16, 17, 18, 19, 20, 21, 22, 23, 24, 25, 26, 27, 28, 29, 30, 31
Valid weekdays: Monday, Tuesday, Wednesday, Thursday, Friday, Saturday, Sunday
When: 12:00:00
Current Time: 2011-01-01 12:00:00
Valid Interval: 11:00:00-13:00:00
Valid days of month: 1, 2, 3, 4, 5, 6, 7, 8, 9, 10, 11, 12, 13, 14, 15, 16, 17, 18, 19, 20, 21, 22, 23, 24, 25, 26, 27, 28, 29, 30, 31
Valid weekdays: Monday, Tuesday, Wednesday, Thursday, Friday, Saturday, Sunday
When: 12:00:00
Current Time: 2011-01-01 12:30:00
Valid Interval: 11:00:00-13:00:00
Valid days of month: 1, 2, 3, 4, 5, 6, 7, 8, 9, 10, 11, 12, 13, 14, 15, 16, 17, 18, 19, 20, 21, 22, 23, 24, 25, 26, 27, 28, 29, 30, 31
Valid weekdays: Monday, Tuesday, Wednesday, Thursday, Friday, Saturday, Sunday
When: 12:00:00
Current Time: 2011-01-01 12:30:00
Valid Interval: 11:00:00-13:00:00
Valid days of month: 1, 2, 3, 4, 5, 6, 7, 8, 9, 10, 11, 12, 13, 14, 15, 16, 17, 18, 19, 20, 21, 22, 23, 24, 25, 26, 27, 28, 29, 30, 31
Valid weekdays: Monday, Tuesday, Wednesday, Thursday, Friday, Saturday, Sunday
When: 12:00:00
Current Time: 2011-01-01 13:00:00
Valid Interval: 11:00:00-13:00:00
Valid days of month: 1, 2, 3, 4, 5, 6, 7, 8, 9, 10, 11, 12, 13, 14, 15, 16, 17, 18, 19, 20, 21, 22, 23, 24, 25, 26, 27, 28, 29, 30, 31
Valid weekdays: Monday, Tuesday, Wednesday, Thursday, Friday, Saturday, Sunday
When: 12:00:00
Current Time: 2011-01-01 14:30:00
Valid Interval: 23:00:00-13:00:00
Valid days of month: 1, 2, 3, 4, 5, 6, 7, 8, 9, 10, 11, 12, 13, 14, 15, 16, 17, 18, 19, 20, 21, 22, 23, 24, 25, 26, 27, 28, 29, 30, 31
Valid weekdays: Monday, Tuesday, Wednesday, Thursday, Friday, Saturday, Sunday
When: 23:30:00
Current Time: 2011-01-01 16:00:00
Valid Interval: 23:00:00-13:00:00
Valid days of month: 1, 2, 3, 4, 5, 6, 7, 8, 9, 10, 11, 12, 13, 14, 15, 16, 17, 18, 19, 20, 21, 22, 23, 24, 25, 26, 27, 28, 29, 30, 31
Valid weekdays: Monday, Tuesday, Wednesday, Thursday, Friday, Saturday, Sunday
When: 23:30:00
Current Time: 2011-01-01 23:00:00
Valid Interval: 23:00:00-13:00:00
Valid days of month: 1, 2, 3, 4, 5, 6, 7, 8, 9, 10, 11, 12, 13, 14, 15, 16, 17, 18, 19, 20, 21, 22, 23, 24, 25, 26, 27, 28, 29, 30, 31
Valid weekdays: Monday, Tuesday, Wednesday, Thursday, Friday, Saturday, Sunday
When: 23:30:00
Current Time: 2011-01-01 23:30:00
Valid Interval: 23:00:00-13:00:00
Valid days of month: 1, 2, 3, 4, 5, 6, 7, 8, 9, 10, 11, 12, 13, 14, 15, 16, 17, 18, 19, 20, 21, 22, 23, 24, 25, 26, 27, 28, 29, 30, 31
Valid weekdays: Monday, Tuesday, Wednesday, Thursday, Friday, Saturday, Sunday
When: 23:30:00
Current Time: 2011-01-01 23:45:00
Valid Interval: 23:00:00-13:00:00
Valid days of month: 1, 2, 3, 4, 5, 6, 7, 8, 9, 10, 11, 12, 13, 14, 15, 16, 17, 18, 19, 20, 21, 22, 23, 24, 25, 26, 27, 28, 29, 30, 31
Valid weekdays: Monday, Tuesday, Wednesday, Thursday, Friday, Saturday, Sunday
When: 23:30:00
Current Time: 2011-01-02 00:30:00
Valid Interval: 23:00:00-13:00:00
Valid days of month: 1, 2, 3, 4, 5, 6, 7, 8, 9, 10, 11, 12, 13, 14, 15, 16, 17, 18, 19, 20, 21, 22, 23, 24, 25, 26, 27, 28, 29, 30, 31
Valid weekdays: Monday, Tuesday, Wednesday, Thursday, Friday, Saturday, Sunday
When: 23:30:00
Current Time: 2011-01-01 13:00:00
Valid Interval: 23:00:00-13:00:00
Valid days of month: 1, 2, 3, 4, 5, 6, 7, 8, 9, 10, 11, 12, 13, 14, 15, 16, 17, 18, 19, 20, 21, 22, 23, 24, 25, 26, 27, 28, 29, 30, 31
Valid weekdays: Monday, Tuesday, Wednesday, Thursday, Friday, Saturday, Sunday
When: 01:00:00
Current Time: 2011-01-01 16:00:00
Valid Interval: 23:00:00-13:00:00
Valid days of month: 1, 2, 3, 4, 5, 6, 7, 8, 9, 10, 11, 12, 13, 14, 15, 16, 17, 18, 19, 20, 21, 22, 23, 24, 25, 26, 27, 28, 29, 30, 31
Valid weekdays: Monday, Tuesday, Wednesday, Thursday, Friday, Saturday, Sunday
When: 01:00:00
Current Time: 2011-01-01 23:00:00
Valid Interval: 23:00:00-13:00:00
Valid days of month: 1, 2, 3, 4, 5, 6, 7, 8, 9, 10, 11, 12, 13, 14, 15, 16, 17, 18, 19, 20, 21, 22, 23, 24, 25, 26, 27, 28, 29, 30, 31
Valid weekdays: Monday, Tuesday, Wednesday, Thursday, Friday, Saturday, Sunday
When: 01:00:00
Current Time: 2011-01-01 23:30:00
Valid Interval: 23:00:00-13:00:00
Valid days of month: 1, 2, 3, 4, 5, 6, 7, 8, 9, 10, 11, 12, 13, 14, 15, 16, 17, 18, 19, 20, 21, 22, 23, 24, 25, 26, 27, 28, 29, 30, 31
Valid weekdays: Monday, Tuesday, Wednesday, Thursday, Friday, Saturday, Sunday
When: 01:00:00
Current Time: 2011-01-02 00:30:00
Valid Interval: 23:00:00-13:00:00
Valid days of month: 1, 2, 3, 4, 5, 6, 7, 8, 9, 10, 11, 12, 13, 14, 15, 16, 17, 18, 19, 20, 21, 22, 23, 24, 25, 26, 27, 28, 29, 30, 31
Valid weekdays: Monday, Tuesday, Wednesday, Thursday, Friday, Saturday, Sunday
When: 01:00:00
Current Time: 2011-01-01 02:00:00
Valid Interval: 23:00:00-13:00:00
Valid days of month: 1, 2, 3, 4, 5, 6, 7, 8, 9, 10, 11, 12, 13, 14, 15, 16, 17, 18, 19, 20, 21, 22, 23, 24, 25, 26, 27, 28, 29, 30, 31
Valid weekdays: Monday, Tuesday, Wednesday, Thursday, Friday, Saturday, Sunday
When: 01:00:00
Current Time: 2011-01-01 13:00:00
Valid Interval: 23:00:00-13:00:00
Valid days of month: 1, 2, 3, 4, 5, 6, 7, 8, 9, 10, 11, 12, 13, 14, 15, 16, 17, 18, 19, 20, 21, 22, 23, 24, 25, 26, 27, 28, 29, 30, 31
Valid weekdays: Monday, Tuesday, Wednesday, Thursday, Friday, Saturday, Sunday
When: 23:30:00
Current Time: 2011-01-01 16:00:00
Valid Interval: 23:00:00-13:00:00
Valid days of month: 1, 2, 3, 4, 5, 6, 7, 8, 9, 10, 11, 12, 13, 14, 15, 16, 17, 18, 19, 20, 21, 22, 23, 24, 25, 26, 27, 28, 29, 30, 31
Valid weekdays: Monday, Tuesday, Wednesday, Thursday, Friday, Saturday, Sunday
When: 23:30:00
Current Time: 2011-01-01 23:00:00
Valid Interval: 23:00:00-13:00:00
Valid days of month: 1, 2, 3, 4, 5, 6, 7, 8, 9, 10, 11, 12, 13, 14, 15, 16, 17, 18, 19, 20, 21, 22, 23, 24, 25, 26, 27, 28, 29, 30, 31
Valid weekdays: Monday, Tuesday, Wednesday, Thursday, Friday, Saturday, Sunday
When: 23:30:00
Current Time: 2011-01-01 23:30:00
Valid Interval: 23:00:00-13:00:00
Valid days of month: 1, 2, 3, 4, 5, 6, 7, 8, 9, 10, 11, 12, 13, 14, 15, 16, 17, 18, 19, 20, 21, 22, 23, 24, 25, 26, 27, 28, 29, 30, 31
Valid weekdays: Monday, Tuesday, Wednesday, Thursday, Friday, Saturday, Sunday
When: 23:30:00
Current Time: 2011-01-01 23:45:00
Valid Interval: 23:00:00-13:00:00
Valid days of month: 1, 2, 3, 4, 5, 6, 7, 8, 9, 10, 11, 12, 13, 14, 15, 16, 17, 18, 19, 20, 21, 22, 23, 24, 25, 26, 27, 28, 29, 30, 31
Valid weekdays: Monday, Tuesday, Wednesday, Thursday, Friday, Saturday, Sunday
When: 23:30:00
Current Time: 2011-01-02 00:30:00
Valid Interval: 23:00:00-13:00:00
Valid days of month: 1, 2, 3, 4, 5, 6, 7, 8, 9, 10, 11, 12, 13, 14, 15, 16, 17, 18, 19, 20, 21, 22, 23, 24, 25, 26, 27, 28, 29, 30, 31
Valid weekdays: Monday, Tuesday, Wednesday, Thursday, Friday, Saturday, Sunday
When: 23:30:00
Current Time: 2011-01-01 13:00:00
Valid Interval: 23:00:00-13:00:00
Valid days of month: 1, 2, 3, 4, 5, 6, 7, 8, 9, 10, 11, 12, 13, 14, 15, 16, 17, 18, 19, 20, 21, 22, 23, 24, 25, 26, 27, 28, 29, 30, 31
Valid weekdays: Monday, Tuesday, Wednesday, Thursday, Friday, Saturday, Sunday
When: 01:00:00
Current Time: 2011-01-01 16:00:00
Valid Interval: 23:00:00-13:00:00
Valid days of month: 1, 2, 3, 4, 5, 6, 7, 8, 9, 10, 11, 12, 13, 14, 15, 16, 17, 18, 19, 20, 21, 22, 23, 24, 25, 26, 27, 28, 29, 30, 31
Valid weekdays: Monday, Tuesday, Wednesday, Thursday, Friday, Saturday, Sunday
When: 01:00:00
Current Time: 2011-01-01 23:00:00
Valid Interval: 23:00:00-13:00:00
Valid days of month: 1, 2, 3, 4, 5, 6, 7, 8, 9, 10, 11, 12, 13, 14, 15, 16, 17, 18, 19, 20, 21, 22, 23, 24, 25, 26, 27, 28, 29, 30, 31
Valid weekdays: Monday, Tuesday, Wednesday, Thursday, Friday, Saturday, Sunday
When: 01:00:00
Current Time: 2011-01-01 23:30:00
Valid Interval: 23:00:00-13:00:00
Valid days of month: 1, 2, 3, 4, 5, 6, 7, 8, 9, 10, 11, 12, 13, 14, 15, 16, 17, 18, 19, 20, 21, 22, 23, 24, 25, 26, 27, 28, 29, 30, 31
Valid weekdays: Monday, Tuesday, Wednesday, Thursday, Friday, Saturday, Sunday
When: 01:00:00
Current Time: 2011-01-02 00:30:00
Valid Interval: 23:00:00-13:00:00
Valid days of month: 1, 2, 3, 4, 5, 6, 7, 8, 9, 10, 11, 12, 13, 14, 15, 16, 17, 18, 19, 20, 21, 22, 23, 24, 25, 26, 27, 28, 29, 30, 31
Valid weekdays: Monday, Tuesday, Wednesday, Thursday, Friday, Saturday, Sunday
When: 01:00:00
Current Time: 2011-01-02 02:00:00
Valid Interval: 23:00:00-13:00:00
Valid days of month: 1, 2, 3, 4, 5, 6, 7, 8, 9, 10, 11, 12, 13, 14, 15, 16, 17, 18, 19, 20, 21, 22, 23, 24, 25, 26, 27, 28, 29, 30, 31
Valid weekdays: Monday, Tuesday, Wednesday, Thursday, Friday, Saturday, Sunday
When: 01:00:00
Current Time: 2011-01-02 13:00:00
Valid Interval: 23:00:00-13:00:00
Valid days of month: 1, 2, 3, 4, 5, 6, 7, 8, 9, 10, 11, 12, 13, 14, 15, 16, 17, 18, 19, 20, 21, 22, 23, 24, 25, 26, 27, 28, 29, 30, 31
Valid weekdays: Monday, Tuesday, Wednesday, Thursday, Friday, Saturday, Sunday
When: 23:30:00
Current Time: 2011-01-01 23:30:05
Valid Interval: 23:00:00-13:00:00
Valid days of month: 1, 2, 3, 4, 5, 6, 7, 8, 9, 10, 11, 12, 13, 14, 15, 16, 17, 18, 19, 20, 21, 22, 23, 24, 25, 26, 27, 28, 29, 30, 31
Valid weekdays: Monday, Tuesday, Wednesday, Thursday, Friday, Saturday, Sunday
When: 23:30:00
Current Time: 2011-01-02 00:30:00
Valid Interval: 23:00:00-13:00:00
Valid days of month: 1, 2, 3, 4, 5, 6, 7, 8, 9, 10, 11, 12, 13, 14, 15, 16, 17, 18, 19, 20, 21, 22, 23, 24, 25, 26, 27, 28, 29, 30, 31
Valid weekdays: Monday, Tuesday, Wednesday, Thursday, Friday, Saturday, Sunday
When: 23:30:00
Current Time: 2011-01-02 13:00:00
Valid Interval: 23:00:00-13:00:00
Valid days of month: 1, 2, 3, 4, 5, 6, 7, 8, 9, 10, 11, 12, 13, 14, 15, 16, 17, 18, 19, 20, 21, 22, 23, 24, 25, 26, 27, 28, 29, 30, 31
Valid weekdays: Monday, Tuesday, Wednesday, Thursday, Friday, Saturday, Sunday
When: 01:00:00
Current Time: 2011-01-01 02:00:00
Valid Interval: 23:00:00-13:00:00
Valid days of month: 1, 2, 3, 4, 5, 6, 7, 8, 9, 10, 11, 12, 13, 14, 15, 16, 17, 18, 19, 20, 21, 22, 23, 24, 25, 26, 27, 28, 29, 30, 31
Valid weekdays: Monday, Tuesday, Wednesday, Thursday, Friday, Saturday, Sunday
When: 01:00:00
Current Time: 2011-01-02 02:00:00
Valid Interval: 13:00:00-16:00:00
Valid days of month: 1, 2, 3, 4, 5, 6, 7, 8, 9, 10, 11, 12, 13, 14, 15, 16, 17, 18, 19, 20, 21, 22, 23, 24, 25, 26, 27, 28, 29, 30, 31
Valid weekdays: Saturday, Sunday
When: 14:00:00
Current Time: 2007-01-01 12:00:00
Valid Interval: 13:00:00-16:00:00
Valid days of month: 1, 2, 3, 4, 5, 6, 7, 8, 9, 10, 11, 12, 13, 14, 15, 16, 17, 18, 19, 20, 21, 22, 23, 24, 25, 26, 27, 28, 29, 30, 31
Valid weekdays: Saturday, Sunday
When: 14:00:00
Current Time: 2007-01-02 13:30:00
Valid Interval: 13:00:00-16:00:00
Valid days of month: 1, 2, 3, 4, 5, 6, 7, 8, 9, 10, 11, 12, 13, 14, 15, 16, 17, 18, 19, 20, 21, 22, 23, 24, 25, 26, 27, 28, 29, 30, 31
Valid weekdays: Saturday, Sunday
When: 14:00:00
Current Time: 2007-01-06 13:30:00
Valid Interval: 13:00:00-16:00:00
Valid days of month: 1, 2, 3, 4, 5, 6, 7, 8, 9, 10, 11, 12, 13, 14, 15, 16, 17, 18, 19, 20, 21, 22, 23, 24, 25, 26, 27, 28, 29, 30, 31
Valid weekdays: Saturday, Sunday
When: 14:00:00
Current Time: 2007-01-06 14:30:00
Valid Interval: 13:00:00-16:00:00
Valid days of month: 1, 2, 3, 4, 5, 6, 7, 8, 9, 10, 11, 12, 13, 14, 15, 16, 17, 18, 19, 20, 21, 22, 23, 24, 25, 26, 27, 28, 29, 30, 31
Valid weekdays: Saturday, Sunday
When: 14:00:00
Current Time: 2007-01-06 16:30:00
Valid Interval: 13:00:00-16:00:00
Valid days of month: 1, 2, 3, 4, 5, 6, 7, 8, 9, 10, 11, 12, 13, 14, 15, 16, 17, 18, 19, 20, 21, 22, 23, 24, 25, 26, 27, 28, 29, 30, 31
Valid weekdays: Saturday, Sunday
When: 14:00:00
Current Time: 2007-01-07 16:00:00
Valid Interval: 23:00:00-02:00:00
Valid days of month: 1, 2, 3, 4, 5, 6, 7, 8, 9, 10, 11, 12, 13, 14, 15, 16, 17, 18, 19, 20, 21, 22, 23, 24, 25, 26, 27, 28, 29, 30, 31
Valid weekdays: Saturday, Sunday
When: 01:00:00
Current Time: 2007-01-01 12:00:00
Valid Interval: 23:00:00-02:00:00
Valid days of month: 1, 2, 3, 4, 5, 6, 7, 8, 9, 10, 11, 12, 13, 14, 15, 16, 17, 18, 19, 20, 21, 22, 23, 24, 25, 26, 27, 28, 29, 30, 31
Valid weekdays: Saturday, Sunday
When: 01:00:00
Current Time: 2007-01-02 01:00:00
Valid Interval: 23:00:00-02:00:00
Valid days of month: 1, 2, 3, 4, 5, 6, 7, 8, 9, 10, 11, 12, 13, 14, 15, 16, 17, 18, 19, 20, 21, 22, 23, 24, 25, 26, 27, 28, 29, 30, 31
Valid weekdays: Saturday, Sunday
When: 01:00:00
Current Time: 2007-01-06 00:30:00
Valid Interval: 23:00:00-02:00:00
Valid days of month: 1, 2, 3, 4, 5, 6, 7, 8, 9, 10, 11, 12, 13, 14, 15, 16, 17, 18, 19, 20, 21, 22, 23, 24, 25, 26, 27, 28, 29, 30, 31
Valid weekdays: Saturday, Sunday
When: 01:00:00
Current Time: 2007-01-06 01:30:00
Valid Interval: 23:00:00-02:00:00
Valid days of month: 1, 2, 3, 4, 5, 6, 7, 8, 9, 10, 11, 12, 13, 14, 15, 16, 17, 18, 19, 20, 21, 22, 23, 24, 25, 26, 27, 28, 29, 30, 31
Valid weekdays: Saturday, Sunday
When: 01:00:00
Current Time: 2007-01-06 02:30:00
Valid Interval: 23:00:00-02:00:00
Valid days of month: 1, 2, 3, 4, 5, 6, 7, 8, 9, 10, 11, 12, 13, 14, 15, 16, 17, 18, 19, 20, 21, 22, 23, 24, 25, 26, 27, 28, 29, 30, 31
Valid weekdays: Saturday, Sunday
When: 01:00:00
Current Time: 2007-01-07 02:00:00
Valid Interval: 23:00:00-02:00:00
Valid days of month: 1, 2, 3, 4, 5, 6, 7, 8, 9, 10, 11, 12, 13, 14, 15, 16, 17, 18, 19, 20, 21, 22, 23, 24, 25, 26, 27, 28, 29, 30, 31
Valid weekdays: Saturday, Sunday
When: 23:30:00
Current Time: 2007-01-01 12:00:00
Valid Interval: 23:00:00-02:00:00
Valid days of month: 1, 2, 3, 4, 5, 6, 7, 8, 9, 10, 11, 12, 13, 14, 15, 16, 17, 18, 19, 20, 21, 22, 23, 24, 25, 26, 27, 28, 29, 30, 31
Valid weekdays: Saturday, Sunday
When: 23:30:00
Current Time: 2007-01-05 23:30:00
Valid Interval: 23:00:00-02:00:00
Valid days of month: 1, 2, 3, 4, 5, 6, 7, 8, 9, 10, 11, 12, 13, 14, 15, 16, 17, 18, 19, 20, 21, 22, 23, 24, 25, 26, 27, 28, 29, 30, 31
Valid weekdays: Saturday, Sunday
When: 23:30:00
Current Time: 2007-01-06 23:00:00
Valid Interval: 23:00:00-02:00:00
Valid days of month: 1, 2, 3, 4, 5, 6, 7, 8, 9, 10, 11, 12, 13, 14, 15, 16, 17, 18, 19, 20, 21, 22, 23, 24, 25, 26, 27, 28, 29, 30, 31
Valid weekdays: Saturday, Sunday
When: 23:30:00
Current Time: 2007-01-06 02:00:00
Valid Interval: 23:00:00-02:00:00
Valid days of month: 1, 2, 3, 4, 5, 6, 7, 8, 9, 10, 11, 12, 13, 14, 15, 16, 17, 18, 19, 20, 21, 22, 23, 24, 25, 26, 27, 28, 29, 30, 31
Valid weekdays: Saturday, Sunday
When: 23:30:00
Current Time: 2007-01-07 23:40:00
Valid Interval: 23:00:00-02:00:00
Valid days of month: 1, 2, 3, 4, 5, 6, 7, 8, 9, 10, 11, 12, 13, 14, 15, 16, 17, 18, 19, 20, 21, 22, 23, 24, 25, 26, 27, 28, 29, 30, 31
Valid weekdays: Saturday, Sunday
When: 23:30:00
Current Time: 2007-01-07 01:00:00
Valid Interval: 13:00:00-16:00:00
Valid days of month: 1, 2, 3, 4, 5, 6, 7, 8, 9, 10, 11, 12, 13, 14, 15, 16, 17, 18, 19, 20, 21, 22, 23, 24, 25, 26, 27, 28, 29, 30, 31
Valid weekdays: Saturday, Sunday
When: 14:00:00
Current Time: 2007-01-01 12:00:00
Valid Interval: 13:00:00-16:00:00
Valid days of month: 1, 2, 3, 4, 5, 6, 7, 8, 9, 10, 11, 12, 13, 14, 15, 16, 17, 18, 19, 20, 21, 22, 23, 24, 25, 26, 27, 28, 29, 30, 31
Valid weekdays: Saturday, Sunday
When: 14:00:00
Current Time: 2007-01-02 13:30:00
Valid Interval: 13:00:00-16:00:00
Valid days of month: 1, 2, 3, 4, 5, 6, 7, 8, 9, 10, 11, 12, 13, 14, 15, 16, 17, 18, 19, 20, 21, 22, 23, 24, 25, 26, 27, 28, 29, 30, 31
Valid weekdays: Saturday, Sunday
When: 14:00:00
Current Time: 2007-01-06 13:30:00
Valid Interval: 13:00:00-16:00:00
Valid days of month: 1, 2, 3, 4, 5, 6, 7, 8, 9, 10, 11, 12, 13, 14, 15, 16, 17, 18, 19, 20, 21, 22, 23, 24, 25, 26, 27, 28, 29, 30, 31
Valid weekdays: Saturday, Sunday
When: 14:00:00
Current Time: 2007-01-06 14:30:00
Valid Interval: 13:00:00-16:00:00
Valid days of month: 1, 2, 3, 4, 5, 6, 7, 8, 9, 10, 11, 12, 13, 14, 15, 16, 17, 18, 19, 20, 21, 22, 23, 24, 25, 26, 27, 28, 29, 30, 31
Valid weekdays: Saturday, Sunday
When: 14:00:00
Current Time: 2007-01-06 16:30:00
Valid Interval: 13:00:00-16:00:00
Valid days of month: 1, 2, 3, 4, 5, 6, 7, 8, 9, 10, 11, 12, 13, 14, 15, 16, 17, 18, 19, 20, 21, 22, 23, 24, 25, 26, 27, 28, 29, 30, 31
Valid weekdays: Saturday, Sunday
When: 14:00:00
Current Time: 2007-01-07 16:00:00
Valid Interval: 23:00:00-02:00:00
Valid days of month: 1, 2, 3, 4, 5, 6, 7, 8, 9, 10, 11, 12, 13, 14, 15, 16, 17, 18, 19, 20, 21, 22, 23, 24, 25, 26, 27, 28, 29, 30, 31
Valid weekdays: Saturday, Sunday
When: 01:00:00
Current Time: 2007-01-01 12:00:00
Valid Interval: 23:00:00-02:00:00
Valid days of month: 1, 2, 3, 4, 5, 6, 7, 8, 9, 10, 11, 12, 13, 14, 15, 16, 17, 18, 19, 20, 21, 22, 23, 24, 25, 26, 27, 28, 29, 30, 31
Valid weekdays: Saturday, Sunday
When: 01:00:00
Current Time: 2007-01-02 01:00:00
Valid Interval: 23:00:00-02:00:00
Valid days of month: 1, 2, 3, 4, 5, 6, 7, 8, 9, 10, 11, 12, 13, 14, 15, 16, 17, 18, 19, 20, 21, 22, 23, 24, 25, 26, 27, 28, 29, 30, 31
Valid weekdays: Saturday, Sunday
When: 01:00:00
Current Time: 2007-01-06 00:30:00
Valid Interval: 23:00:00-02:00:00
Valid days of month: 1, 2, 3, 4, 5, 6, 7, 8, 9, 10, 11, 12, 13, 14, 15, 16, 17, 18, 19, 20, 21, 22, 23, 24, 25, 26, 27, 28, 29, 30, 31
Valid weekdays: Saturday, Sunday
When: 01:00:00
Current Time: 2007-01-06 02:30:00
Valid Interval: 23:00:00-02:00:00
Valid days of month: 1, 2, 3, 4, 5, 6, 7, 8, 9, 10, 11, 12, 13, 14, 15, 16, 17, 18, 19, 20, 21, 22, 23, 24, 25, 26, 27, 28, 29, 30, 31
Valid weekdays: Saturday, Sunday
When: 23:30:00
Current Time: 2007-01-01 12:00:00
Valid Interval: 23:00:00-02:00:00
Valid days of month: 1, 2, 3, 4, 5, 6, 7, 8, 9, 10, 11, 12, 13, 14, 15, 16, 17, 18, 19, 20, 21, 22, 23, 24, 25, 26, 27, 28, 29, 30, 31
Valid weekdays: Saturday, Sunday
When: 23:30:00
Current Time: 2007-01-05 23:30:00
Valid Interval: 23:00:00-02:00:00
Valid days of month: 1, 2, 3, 4, 5, 6, 7, 8, 9, 10, 11, 12, 13, 14, 15, 16, 17, 18, 19, 20, 21, 22, 23, 24, 25, 26, 27, 28, 29, 30, 31
Valid weekdays: Saturday, Sunday
When: 23:30:00
Current Time: 2007-01-06 23:00:00
Valid Interval: 23:00:00-02:00:00
Valid days of month: 1, 2, 3, 4, 5, 6, 7, 8, 9, 10, 11, 12, 13, 14, 15, 16, 17, 18, 19, 20, 21, 22, 23, 24, 25, 26, 27, 28, 29, 30, 31
Valid weekdays: Saturday, Sunday
When: 23:30:00
Current Time: 2007-01-06 02:00:00
Valid Interval: 23:00:00-02:00:00
Valid days of month: 1, 2, 3, 4, 5, 6, 7, 8, 9, 10, 11, 12, 13, 14, 15, 16, 17, 18, 19, 20, 21, 22, 23, 24, 25, 26, 27, 28, 29, 30, 31
Valid weekdays: Saturday, Sunday
When: 23:30:00
Current Time: 2007-01-07 23:40:00
Valid Interval: 23:00:00-02:00:00
Valid days of month: 1, 2, 3, 4, 5, 6, 7, 8, 9, 10, 11, 12, 13, 14, 15, 16, 17, 18, 19, 20, 21, 22, 23, 24, 25, 26, 27, 28, 29, 30, 31
Valid weekdays: Saturday, Sunday
When: 23:30:00
Current Time: 2007-01-07 01:00:00
Valid Interval: 13:00:00-16:00:00
Valid days of month: 1, 2, 3, 4, 5, 6, 7, 8, 9, 10, 11, 12, 13, 14, 15, 16, 17, 18, 19, 20, 21, 22, 23, 24, 25, 26, 27, 28, 29, 30, 31
Valid weekdays: Saturday, Sunday
When: 14:00:00
Current Time: 2007-01-06 14:30:00
Valid Interval: 13:00:00-16:00:00
Valid days of month: 1, 2, 3, 4, 5, 6, 7, 8, 9, 10, 11, 12, 13, 14, 15, 16, 17, 18, 19, 20, 21, 22, 23, 24, 25, 26, 27, 28, 29, 30, 31
Valid weekdays: Saturday, Sunday
When: 14:00:00
Current Time: 2007-01-07 15:00:00
Valid Interval: 23:00:00-02:00:00
Valid days of month: 1, 2, 3, 4, 5, 6, 7, 8, 9, 10, 11, 12, 13, 14, 15, 16, 17, 18, 19, 20, 21, 22, 23, 24, 25, 26, 27, 28, 29, 30, 31
Valid weekdays: Saturday, Sunday
When: 01:00:00
Current Time: 2007-01-06 01:30:00
Valid Interval: 23:00:00-02:00:00
Valid days of month: 1, 2, 3, 4, 5, 6, 7, 8, 9, 10, 11, 12, 13, 14, 15, 16, 17, 18, 19, 20, 21, 22, 23, 24, 25, 26, 27, 28, 29, 30, 31
Valid weekdays: Saturday, Sunday
When: 01:00:00
Current Time: 2007-01-07 01:30:00
Valid Interval: 23:00:00-02:00:00
Valid days of month: 1, 2, 3, 4, 5, 6, 7, 8, 9, 10, 11, 12, 13, 14, 15, 16, 17, 18, 19, 20, 21, 22, 23, 24, 25, 26, 27, 28, 29, 30, 31
Valid weekdays: Saturday, Sunday
When: 23:30:00
Current Time: 2007-01-06 23:02:00
Valid Interval: 23:00:00-02:00:00
Valid days of month: 1, 2, 3, 4, 5, 6, 7, 8, 9, 10, 11, 12, 13, 14, 15, 16, 17, 18, 19, 20, 21, 22, 23, 24, 25, 26, 27, 28, 29, 30, 31
Valid weekdays: Saturday, Sunday
When: 23:30:00
Current Time: 2007-01-06 01:10:00
Valid Interval: 23:00:00-02:00:00
Valid days of month: 1, 2, 3, 4, 5, 6, 7, 8, 9, 10, 11, 12, 13, 14, 15, 16, 17, 18, 19, 20, 21, 22, 23, 24, 25, 26, 27, 28, 29, 30, 31
Valid weekdays: Saturday, Sunday
When: 23:30:00
Current Time: 2007-01-07 01:00:40
Valid Interval: 23:00:00-02:00:00
Valid days of month: 2
Valid weekdays: Saturday, Sunday
When: 23:30:00
Current Time: 2007-01-01 12:00:00
Valid Interval: 23:00:00-02:00:00
Valid days of month: 1, 2
Valid weekdays: Saturday, Sunday
When: 23:30:00
Current Time: 2007-01-05 23:30:00
Valid Interval: 23:00:00-02:00:00
Valid days of month: 1, 2
Valid weekdays: Saturday, Sunday
When: 23:30:00
Current Time: 2007-01-06 23:00:00</StdOut>
      </Output>
    </UnitTestResult>
    <UnitTestResult executionId="2ada3467-7390-44e1-998e-f9a274a2f4d7" testId="ac365fcb-e72c-4b39-80e0-3d3d20eca400" testName="GetNextTimeToTrigger_AbsoluteTimer_ReturnsCorrectTime (Data Row 3)" computerName="ICSWS068" duration="00:00:00.0035342" startTime="2016-08-04T07:57:22.6387280+02:00" endTime="2016-08-04T07:57:22.6412455+02:00" testType="13cdc9d9-ddb5-4fa4-a97d-d965ccfc6d4b" outcome="Passed" testListId="8c84fa94-04c1-424b-9868-57a2d4851a1d" relativeResultsDirectory="2ada3467-7390-44e1-998e-f9a274a2f4d7">
      <Output>
        <StdOut>TestContext Messages:
Valid Interval: 11:00:00-13:00:00
Valid days of month: 1, 2, 3, 4, 5, 6, 7, 8, 9, 10, 11, 12, 13, 14, 15, 16, 17, 18, 19, 20, 21, 22, 23, 24, 25, 26, 27, 28, 29, 30, 31
Valid weekdays: Monday, Tuesday, Wednesday, Thursday, Friday, Saturday, Sunday
When: 12:00:00
Current Time: 2011-01-01 00:00:00
Valid Interval: 11:00:00-13:00:00
Valid days of month: 1, 2, 3, 4, 5, 6, 7, 8, 9, 10, 11, 12, 13, 14, 15, 16, 17, 18, 19, 20, 21, 22, 23, 24, 25, 26, 27, 28, 29, 30, 31
Valid weekdays: Monday, Tuesday, Wednesday, Thursday, Friday, Saturday, Sunday
When: 12:00:00
Current Time: 2011-01-01 09:00:00
Valid Interval: 11:00:00-13:00:00
Valid days of month: 1, 2, 3, 4, 5, 6, 7, 8, 9, 10, 11, 12, 13, 14, 15, 16, 17, 18, 19, 20, 21, 22, 23, 24, 25, 26, 27, 28, 29, 30, 31
Valid weekdays: Monday, Tuesday, Wednesday, Thursday, Friday, Saturday, Sunday
When: 12:00:00
Current Time: 2011-01-01 11:00:00
Valid Interval: 11:00:00-13:00:00
Valid days of month: 1, 2, 3, 4, 5, 6, 7, 8, 9, 10, 11, 12, 13, 14, 15, 16, 17, 18, 19, 20, 21, 22, 23, 24, 25, 26, 27, 28, 29, 30, 31
Valid weekdays: Monday, Tuesday, Wednesday, Thursday, Friday, Saturday, Sunday
When: 12:00:00
Current Time: 2011-01-01 12:00:00
Valid Interval: 11:00:00-13:00:00
Valid days of month: 1, 2, 3, 4, 5, 6, 7, 8, 9, 10, 11, 12, 13, 14, 15, 16, 17, 18, 19, 20, 21, 22, 23, 24, 25, 26, 27, 28, 29, 30, 31
Valid weekdays: Monday, Tuesday, Wednesday, Thursday, Friday, Saturday, Sunday
When: 12:00:00
Current Time: 2011-01-01 12:30:00
Valid Interval: 11:00:00-13:00:00
Valid days of month: 1, 2, 3, 4, 5, 6, 7, 8, 9, 10, 11, 12, 13, 14, 15, 16, 17, 18, 19, 20, 21, 22, 23, 24, 25, 26, 27, 28, 29, 30, 31
Valid weekdays: Monday, Tuesday, Wednesday, Thursday, Friday, Saturday, Sunday
When: 12:00:00
Current Time: 2011-01-01 13:00:00
Valid Interval: 11:00:00-13:00:00
Valid days of month: 1, 2, 3, 4, 5, 6, 7, 8, 9, 10, 11, 12, 13, 14, 15, 16, 17, 18, 19, 20, 21, 22, 23, 24, 25, 26, 27, 28, 29, 30, 31
Valid weekdays: Monday, Tuesday, Wednesday, Thursday, Friday, Saturday, Sunday
When: 12:00:00
Current Time: 2011-01-02 00:00:00
Valid Interval: 11:00:00-13:00:00
Valid days of month: 1, 2, 3, 4, 5, 6, 7, 8, 9, 10, 11, 12, 13, 14, 15, 16, 17, 18, 19, 20, 21, 22, 23, 24, 25, 26, 27, 28, 29, 30, 31
Valid weekdays: Monday, Tuesday, Wednesday, Thursday, Friday, Saturday, Sunday
When: 12:00:00
Current Time: 2011-01-02 09:00:00
Valid Interval: 11:00:00-13:00:00
Valid days of month: 1, 2, 3, 4, 5, 6, 7, 8, 9, 10, 11, 12, 13, 14, 15, 16, 17, 18, 19, 20, 21, 22, 23, 24, 25, 26, 27, 28, 29, 30, 31
Valid weekdays: Monday, Tuesday, Wednesday, Thursday, Friday, Saturday, Sunday
When: 12:00:00
Current Time: 2011-01-02 12:00:00
Valid Interval: 11:00:00-13:00:00
Valid days of month: 1, 2, 3, 4, 5, 6, 7, 8, 9, 10, 11, 12, 13, 14, 15, 16, 17, 18, 19, 20, 21, 22, 23, 24, 25, 26, 27, 28, 29, 30, 31
Valid weekdays: Monday, Tuesday, Wednesday, Thursday, Friday, Saturday, Sunday
When: 12:00:00
Current Time: 2011-01-02 12:45:30
Valid Interval: 11:00:00-13:00:00
Valid days of month: 1, 2, 3, 4, 5, 6, 7, 8, 9, 10, 11, 12, 13, 14, 15, 16, 17, 18, 19, 20, 21, 22, 23, 24, 25, 26, 27, 28, 29, 30, 31
Valid weekdays: Monday, Tuesday, Wednesday, Thursday, Friday, Saturday, Sunday
When: 12:00:00
Current Time: 2011-01-02 13:00:00
Valid Interval: 11:00:00-13:00:00
Valid days of month: 1, 2, 3, 4, 5, 6, 7, 8, 9, 10, 11, 12, 13, 14, 15, 16, 17, 18, 19, 20, 21, 22, 23, 24, 25, 26, 27, 28, 29, 30, 31
Valid weekdays: Monday, Tuesday, Wednesday, Thursday, Friday, Saturday, Sunday
When: 12:00:00
Current Time: 2011-01-01 12:00:00
Valid Interval: 11:00:00-13:00:00
Valid days of month: 1, 2, 3, 4, 5, 6, 7, 8, 9, 10, 11, 12, 13, 14, 15, 16, 17, 18, 19, 20, 21, 22, 23, 24, 25, 26, 27, 28, 29, 30, 31
Valid weekdays: Monday, Tuesday, Wednesday, Thursday, Friday, Saturday, Sunday
When: 12:00:00
Current Time: 2011-01-01 12:30:00
Valid Interval: 11:00:00-13:00:00
Valid days of month: 1, 2, 3, 4, 5, 6, 7, 8, 9, 10, 11, 12, 13, 14, 15, 16, 17, 18, 19, 20, 21, 22, 23, 24, 25, 26, 27, 28, 29, 30, 31
Valid weekdays: Monday, Tuesday, Wednesday, Thursday, Friday, Saturday, Sunday
When: 12:00:00
Current Time: 2011-01-01 12:30:00
Valid Interval: 11:00:00-13:00:00
Valid days of month: 1, 2, 3, 4, 5, 6, 7, 8, 9, 10, 11, 12, 13, 14, 15, 16, 17, 18, 19, 20, 21, 22, 23, 24, 25, 26, 27, 28, 29, 30, 31
Valid weekdays: Monday, Tuesday, Wednesday, Thursday, Friday, Saturday, Sunday
When: 12:00:00
Current Time: 2011-01-01 13:00:00
Valid Interval: 11:00:00-13:00:00
Valid days of month: 1, 2, 3, 4, 5, 6, 7, 8, 9, 10, 11, 12, 13, 14, 15, 16, 17, 18, 19, 20, 21, 22, 23, 24, 25, 26, 27, 28, 29, 30, 31
Valid weekdays: Monday, Tuesday, Wednesday, Thursday, Friday, Saturday, Sunday
When: 12:00:00
Current Time: 2011-01-01 14:30:00
Valid Interval: 23:00:00-13:00:00
Valid days of month: 1, 2, 3, 4, 5, 6, 7, 8, 9, 10, 11, 12, 13, 14, 15, 16, 17, 18, 19, 20, 21, 22, 23, 24, 25, 26, 27, 28, 29, 30, 31
Valid weekdays: Monday, Tuesday, Wednesday, Thursday, Friday, Saturday, Sunday
When: 23:30:00
Current Time: 2011-01-01 16:00:00
Valid Interval: 23:00:00-13:00:00
Valid days of month: 1, 2, 3, 4, 5, 6, 7, 8, 9, 10, 11, 12, 13, 14, 15, 16, 17, 18, 19, 20, 21, 22, 23, 24, 25, 26, 27, 28, 29, 30, 31
Valid weekdays: Monday, Tuesday, Wednesday, Thursday, Friday, Saturday, Sunday
When: 23:30:00
Current Time: 2011-01-01 23:00:00
Valid Interval: 23:00:00-13:00:00
Valid days of month: 1, 2, 3, 4, 5, 6, 7, 8, 9, 10, 11, 12, 13, 14, 15, 16, 17, 18, 19, 20, 21, 22, 23, 24, 25, 26, 27, 28, 29, 30, 31
Valid weekdays: Monday, Tuesday, Wednesday, Thursday, Friday, Saturday, Sunday
When: 23:30:00
Current Time: 2011-01-01 23:30:00
Valid Interval: 23:00:00-13:00:00
Valid days of month: 1, 2, 3, 4, 5, 6, 7, 8, 9, 10, 11, 12, 13, 14, 15, 16, 17, 18, 19, 20, 21, 22, 23, 24, 25, 26, 27, 28, 29, 30, 31
Valid weekdays: Monday, Tuesday, Wednesday, Thursday, Friday, Saturday, Sunday
When: 23:30:00
Current Time: 2011-01-01 23:45:00
Valid Interval: 23:00:00-13:00:00
Valid days of month: 1, 2, 3, 4, 5, 6, 7, 8, 9, 10, 11, 12, 13, 14, 15, 16, 17, 18, 19, 20, 21, 22, 23, 24, 25, 26, 27, 28, 29, 30, 31
Valid weekdays: Monday, Tuesday, Wednesday, Thursday, Friday, Saturday, Sunday
When: 23:30:00
Current Time: 2011-01-02 00:30:00
Valid Interval: 23:00:00-13:00:00
Valid days of month: 1, 2, 3, 4, 5, 6, 7, 8, 9, 10, 11, 12, 13, 14, 15, 16, 17, 18, 19, 20, 21, 22, 23, 24, 25, 26, 27, 28, 29, 30, 31
Valid weekdays: Monday, Tuesday, Wednesday, Thursday, Friday, Saturday, Sunday
When: 23:30:00
Current Time: 2011-01-01 13:00:00
Valid Interval: 23:00:00-13:00:00
Valid days of month: 1, 2, 3, 4, 5, 6, 7, 8, 9, 10, 11, 12, 13, 14, 15, 16, 17, 18, 19, 20, 21, 22, 23, 24, 25, 26, 27, 28, 29, 30, 31
Valid weekdays: Monday, Tuesday, Wednesday, Thursday, Friday, Saturday, Sunday
When: 01:00:00
Current Time: 2011-01-01 16:00:00
Valid Interval: 23:00:00-13:00:00
Valid days of month: 1, 2, 3, 4, 5, 6, 7, 8, 9, 10, 11, 12, 13, 14, 15, 16, 17, 18, 19, 20, 21, 22, 23, 24, 25, 26, 27, 28, 29, 30, 31
Valid weekdays: Monday, Tuesday, Wednesday, Thursday, Friday, Saturday, Sunday
When: 01:00:00
Current Time: 2011-01-01 23:00:00
Valid Interval: 23:00:00-13:00:00
Valid days of month: 1, 2, 3, 4, 5, 6, 7, 8, 9, 10, 11, 12, 13, 14, 15, 16, 17, 18, 19, 20, 21, 22, 23, 24, 25, 26, 27, 28, 29, 30, 31
Valid weekdays: Monday, Tuesday, Wednesday, Thursday, Friday, Saturday, Sunday
When: 01:00:00
Current Time: 2011-01-01 23:30:00
Valid Interval: 23:00:00-13:00:00
Valid days of month: 1, 2, 3, 4, 5, 6, 7, 8, 9, 10, 11, 12, 13, 14, 15, 16, 17, 18, 19, 20, 21, 22, 23, 24, 25, 26, 27, 28, 29, 30, 31
Valid weekdays: Monday, Tuesday, Wednesday, Thursday, Friday, Saturday, Sunday
When: 01:00:00
Current Time: 2011-01-02 00:30:00
Valid Interval: 23:00:00-13:00:00
Valid days of month: 1, 2, 3, 4, 5, 6, 7, 8, 9, 10, 11, 12, 13, 14, 15, 16, 17, 18, 19, 20, 21, 22, 23, 24, 25, 26, 27, 28, 29, 30, 31
Valid weekdays: Monday, Tuesday, Wednesday, Thursday, Friday, Saturday, Sunday
When: 01:00:00
Current Time: 2011-01-01 02:00:00
Valid Interval: 23:00:00-13:00:00
Valid days of month: 1, 2, 3, 4, 5, 6, 7, 8, 9, 10, 11, 12, 13, 14, 15, 16, 17, 18, 19, 20, 21, 22, 23, 24, 25, 26, 27, 28, 29, 30, 31
Valid weekdays: Monday, Tuesday, Wednesday, Thursday, Friday, Saturday, Sunday
When: 01:00:00
Current Time: 2011-01-01 13:00:00
Valid Interval: 23:00:00-13:00:00
Valid days of month: 1, 2, 3, 4, 5, 6, 7, 8, 9, 10, 11, 12, 13, 14, 15, 16, 17, 18, 19, 20, 21, 22, 23, 24, 25, 26, 27, 28, 29, 30, 31
Valid weekdays: Monday, Tuesday, Wednesday, Thursday, Friday, Saturday, Sunday
When: 23:30:00
Current Time: 2011-01-01 16:00:00
Valid Interval: 23:00:00-13:00:00
Valid days of month: 1, 2, 3, 4, 5, 6, 7, 8, 9, 10, 11, 12, 13, 14, 15, 16, 17, 18, 19, 20, 21, 22, 23, 24, 25, 26, 27, 28, 29, 30, 31
Valid weekdays: Monday, Tuesday, Wednesday, Thursday, Friday, Saturday, Sunday
When: 23:30:00
Current Time: 2011-01-01 23:00:00
Valid Interval: 23:00:00-13:00:00
Valid days of month: 1, 2, 3, 4, 5, 6, 7, 8, 9, 10, 11, 12, 13, 14, 15, 16, 17, 18, 19, 20, 21, 22, 23, 24, 25, 26, 27, 28, 29, 30, 31
Valid weekdays: Monday, Tuesday, Wednesday, Thursday, Friday, Saturday, Sunday
When: 23:30:00
Current Time: 2011-01-01 23:30:00
Valid Interval: 23:00:00-13:00:00
Valid days of month: 1, 2, 3, 4, 5, 6, 7, 8, 9, 10, 11, 12, 13, 14, 15, 16, 17, 18, 19, 20, 21, 22, 23, 24, 25, 26, 27, 28, 29, 30, 31
Valid weekdays: Monday, Tuesday, Wednesday, Thursday, Friday, Saturday, Sunday
When: 23:30:00
Current Time: 2011-01-01 23:45:00
Valid Interval: 23:00:00-13:00:00
Valid days of month: 1, 2, 3, 4, 5, 6, 7, 8, 9, 10, 11, 12, 13, 14, 15, 16, 17, 18, 19, 20, 21, 22, 23, 24, 25, 26, 27, 28, 29, 30, 31
Valid weekdays: Monday, Tuesday, Wednesday, Thursday, Friday, Saturday, Sunday
When: 23:30:00
Current Time: 2011-01-02 00:30:00
Valid Interval: 23:00:00-13:00:00
Valid days of month: 1, 2, 3, 4, 5, 6, 7, 8, 9, 10, 11, 12, 13, 14, 15, 16, 17, 18, 19, 20, 21, 22, 23, 24, 25, 26, 27, 28, 29, 30, 31
Valid weekdays: Monday, Tuesday, Wednesday, Thursday, Friday, Saturday, Sunday
When: 23:30:00
Current Time: 2011-01-01 13:00:00
Valid Interval: 23:00:00-13:00:00
Valid days of month: 1, 2, 3, 4, 5, 6, 7, 8, 9, 10, 11, 12, 13, 14, 15, 16, 17, 18, 19, 20, 21, 22, 23, 24, 25, 26, 27, 28, 29, 30, 31
Valid weekdays: Monday, Tuesday, Wednesday, Thursday, Friday, Saturday, Sunday
When: 01:00:00
Current Time: 2011-01-01 16:00:00
Valid Interval: 23:00:00-13:00:00
Valid days of month: 1, 2, 3, 4, 5, 6, 7, 8, 9, 10, 11, 12, 13, 14, 15, 16, 17, 18, 19, 20, 21, 22, 23, 24, 25, 26, 27, 28, 29, 30, 31
Valid weekdays: Monday, Tuesday, Wednesday, Thursday, Friday, Saturday, Sunday
When: 01:00:00
Current Time: 2011-01-01 23:00:00
Valid Interval: 23:00:00-13:00:00
Valid days of month: 1, 2, 3, 4, 5, 6, 7, 8, 9, 10, 11, 12, 13, 14, 15, 16, 17, 18, 19, 20, 21, 22, 23, 24, 25, 26, 27, 28, 29, 30, 31
Valid weekdays: Monday, Tuesday, Wednesday, Thursday, Friday, Saturday, Sunday
When: 01:00:00
Current Time: 2011-01-01 23:30:00
Valid Interval: 23:00:00-13:00:00
Valid days of month: 1, 2, 3, 4, 5, 6, 7, 8, 9, 10, 11, 12, 13, 14, 15, 16, 17, 18, 19, 20, 21, 22, 23, 24, 25, 26, 27, 28, 29, 30, 31
Valid weekdays: Monday, Tuesday, Wednesday, Thursday, Friday, Saturday, Sunday
When: 01:00:00
Current Time: 2011-01-02 00:30:00
Valid Interval: 23:00:00-13:00:00
Valid days of month: 1, 2, 3, 4, 5, 6, 7, 8, 9, 10, 11, 12, 13, 14, 15, 16, 17, 18, 19, 20, 21, 22, 23, 24, 25, 26, 27, 28, 29, 30, 31
Valid weekdays: Monday, Tuesday, Wednesday, Thursday, Friday, Saturday, Sunday
When: 01:00:00
Current Time: 2011-01-02 02:00:00
Valid Interval: 23:00:00-13:00:00
Valid days of month: 1, 2, 3, 4, 5, 6, 7, 8, 9, 10, 11, 12, 13, 14, 15, 16, 17, 18, 19, 20, 21, 22, 23, 24, 25, 26, 27, 28, 29, 30, 31
Valid weekdays: Monday, Tuesday, Wednesday, Thursday, Friday, Saturday, Sunday
When: 01:00:00
Current Time: 2011-01-02 13:00:00
Valid Interval: 23:00:00-13:00:00
Valid days of month: 1, 2, 3, 4, 5, 6, 7, 8, 9, 10, 11, 12, 13, 14, 15, 16, 17, 18, 19, 20, 21, 22, 23, 24, 25, 26, 27, 28, 29, 30, 31
Valid weekdays: Monday, Tuesday, Wednesday, Thursday, Friday, Saturday, Sunday
When: 23:30:00
Current Time: 2011-01-01 23:30:05
Valid Interval: 23:00:00-13:00:00
Valid days of month: 1, 2, 3, 4, 5, 6, 7, 8, 9, 10, 11, 12, 13, 14, 15, 16, 17, 18, 19, 20, 21, 22, 23, 24, 25, 26, 27, 28, 29, 30, 31
Valid weekdays: Monday, Tuesday, Wednesday, Thursday, Friday, Saturday, Sunday
When: 23:30:00
Current Time: 2011-01-02 00:30:00
Valid Interval: 23:00:00-13:00:00
Valid days of month: 1, 2, 3, 4, 5, 6, 7, 8, 9, 10, 11, 12, 13, 14, 15, 16, 17, 18, 19, 20, 21, 22, 23, 24, 25, 26, 27, 28, 29, 30, 31
Valid weekdays: Monday, Tuesday, Wednesday, Thursday, Friday, Saturday, Sunday
When: 23:30:00
Current Time: 2011-01-02 13:00:00
Valid Interval: 23:00:00-13:00:00
Valid days of month: 1, 2, 3, 4, 5, 6, 7, 8, 9, 10, 11, 12, 13, 14, 15, 16, 17, 18, 19, 20, 21, 22, 23, 24, 25, 26, 27, 28, 29, 30, 31
Valid weekdays: Monday, Tuesday, Wednesday, Thursday, Friday, Saturday, Sunday
When: 01:00:00
Current Time: 2011-01-01 02:00:00
Valid Interval: 23:00:00-13:00:00
Valid days of month: 1, 2, 3, 4, 5, 6, 7, 8, 9, 10, 11, 12, 13, 14, 15, 16, 17, 18, 19, 20, 21, 22, 23, 24, 25, 26, 27, 28, 29, 30, 31
Valid weekdays: Monday, Tuesday, Wednesday, Thursday, Friday, Saturday, Sunday
When: 01:00:00
Current Time: 2011-01-02 02:00:00
Valid Interval: 13:00:00-16:00:00
Valid days of month: 1, 2, 3, 4, 5, 6, 7, 8, 9, 10, 11, 12, 13, 14, 15, 16, 17, 18, 19, 20, 21, 22, 23, 24, 25, 26, 27, 28, 29, 30, 31
Valid weekdays: Saturday, Sunday
When: 14:00:00
Current Time: 2007-01-01 12:00:00
Valid Interval: 13:00:00-16:00:00
Valid days of month: 1, 2, 3, 4, 5, 6, 7, 8, 9, 10, 11, 12, 13, 14, 15, 16, 17, 18, 19, 20, 21, 22, 23, 24, 25, 26, 27, 28, 29, 30, 31
Valid weekdays: Saturday, Sunday
When: 14:00:00
Current Time: 2007-01-02 13:30:00
Valid Interval: 13:00:00-16:00:00
Valid days of month: 1, 2, 3, 4, 5, 6, 7, 8, 9, 10, 11, 12, 13, 14, 15, 16, 17, 18, 19, 20, 21, 22, 23, 24, 25, 26, 27, 28, 29, 30, 31
Valid weekdays: Saturday, Sunday
When: 14:00:00
Current Time: 2007-01-06 13:30:00
Valid Interval: 13:00:00-16:00:00
Valid days of month: 1, 2, 3, 4, 5, 6, 7, 8, 9, 10, 11, 12, 13, 14, 15, 16, 17, 18, 19, 20, 21, 22, 23, 24, 25, 26, 27, 28, 29, 30, 31
Valid weekdays: Saturday, Sunday
When: 14:00:00
Current Time: 2007-01-06 14:30:00
Valid Interval: 13:00:00-16:00:00
Valid days of month: 1, 2, 3, 4, 5, 6, 7, 8, 9, 10, 11, 12, 13, 14, 15, 16, 17, 18, 19, 20, 21, 22, 23, 24, 25, 26, 27, 28, 29, 30, 31
Valid weekdays: Saturday, Sunday
When: 14:00:00
Current Time: 2007-01-06 16:30:00
Valid Interval: 13:00:00-16:00:00
Valid days of month: 1, 2, 3, 4, 5, 6, 7, 8, 9, 10, 11, 12, 13, 14, 15, 16, 17, 18, 19, 20, 21, 22, 23, 24, 25, 26, 27, 28, 29, 30, 31
Valid weekdays: Saturday, Sunday
When: 14:00:00
Current Time: 2007-01-07 16:00:00
Valid Interval: 23:00:00-02:00:00
Valid days of month: 1, 2, 3, 4, 5, 6, 7, 8, 9, 10, 11, 12, 13, 14, 15, 16, 17, 18, 19, 20, 21, 22, 23, 24, 25, 26, 27, 28, 29, 30, 31
Valid weekdays: Saturday, Sunday
When: 01:00:00
Current Time: 2007-01-01 12:00:00
Valid Interval: 23:00:00-02:00:00
Valid days of month: 1, 2, 3, 4, 5, 6, 7, 8, 9, 10, 11, 12, 13, 14, 15, 16, 17, 18, 19, 20, 21, 22, 23, 24, 25, 26, 27, 28, 29, 30, 31
Valid weekdays: Saturday, Sunday
When: 01:00:00
Current Time: 2007-01-02 01:00:00
Valid Interval: 23:00:00-02:00:00
Valid days of month: 1, 2, 3, 4, 5, 6, 7, 8, 9, 10, 11, 12, 13, 14, 15, 16, 17, 18, 19, 20, 21, 22, 23, 24, 25, 26, 27, 28, 29, 30, 31
Valid weekdays: Saturday, Sunday
When: 01:00:00
Current Time: 2007-01-06 00:30:00
Valid Interval: 23:00:00-02:00:00
Valid days of month: 1, 2, 3, 4, 5, 6, 7, 8, 9, 10, 11, 12, 13, 14, 15, 16, 17, 18, 19, 20, 21, 22, 23, 24, 25, 26, 27, 28, 29, 30, 31
Valid weekdays: Saturday, Sunday
When: 01:00:00
Current Time: 2007-01-06 01:30:00
Valid Interval: 23:00:00-02:00:00
Valid days of month: 1, 2, 3, 4, 5, 6, 7, 8, 9, 10, 11, 12, 13, 14, 15, 16, 17, 18, 19, 20, 21, 22, 23, 24, 25, 26, 27, 28, 29, 30, 31
Valid weekdays: Saturday, Sunday
When: 01:00:00
Current Time: 2007-01-06 02:30:00
Valid Interval: 23:00:00-02:00:00
Valid days of month: 1, 2, 3, 4, 5, 6, 7, 8, 9, 10, 11, 12, 13, 14, 15, 16, 17, 18, 19, 20, 21, 22, 23, 24, 25, 26, 27, 28, 29, 30, 31
Valid weekdays: Saturday, Sunday
When: 01:00:00
Current Time: 2007-01-07 02:00:00
Valid Interval: 23:00:00-02:00:00
Valid days of month: 1, 2, 3, 4, 5, 6, 7, 8, 9, 10, 11, 12, 13, 14, 15, 16, 17, 18, 19, 20, 21, 22, 23, 24, 25, 26, 27, 28, 29, 30, 31
Valid weekdays: Saturday, Sunday
When: 23:30:00
Current Time: 2007-01-01 12:00:00
Valid Interval: 23:00:00-02:00:00
Valid days of month: 1, 2, 3, 4, 5, 6, 7, 8, 9, 10, 11, 12, 13, 14, 15, 16, 17, 18, 19, 20, 21, 22, 23, 24, 25, 26, 27, 28, 29, 30, 31
Valid weekdays: Saturday, Sunday
When: 23:30:00
Current Time: 2007-01-05 23:30:00
Valid Interval: 23:00:00-02:00:00
Valid days of month: 1, 2, 3, 4, 5, 6, 7, 8, 9, 10, 11, 12, 13, 14, 15, 16, 17, 18, 19, 20, 21, 22, 23, 24, 25, 26, 27, 28, 29, 30, 31
Valid weekdays: Saturday, Sunday
When: 23:30:00
Current Time: 2007-01-06 23:00:00
Valid Interval: 23:00:00-02:00:00
Valid days of month: 1, 2, 3, 4, 5, 6, 7, 8, 9, 10, 11, 12, 13, 14, 15, 16, 17, 18, 19, 20, 21, 22, 23, 24, 25, 26, 27, 28, 29, 30, 31
Valid weekdays: Saturday, Sunday
When: 23:30:00
Current Time: 2007-01-06 02:00:00
Valid Interval: 23:00:00-02:00:00
Valid days of month: 1, 2, 3, 4, 5, 6, 7, 8, 9, 10, 11, 12, 13, 14, 15, 16, 17, 18, 19, 20, 21, 22, 23, 24, 25, 26, 27, 28, 29, 30, 31
Valid weekdays: Saturday, Sunday
When: 23:30:00
Current Time: 2007-01-07 23:40:00
Valid Interval: 23:00:00-02:00:00
Valid days of month: 1, 2, 3, 4, 5, 6, 7, 8, 9, 10, 11, 12, 13, 14, 15, 16, 17, 18, 19, 20, 21, 22, 23, 24, 25, 26, 27, 28, 29, 30, 31
Valid weekdays: Saturday, Sunday
When: 23:30:00
Current Time: 2007-01-07 01:00:00
Valid Interval: 13:00:00-16:00:00
Valid days of month: 1, 2, 3, 4, 5, 6, 7, 8, 9, 10, 11, 12, 13, 14, 15, 16, 17, 18, 19, 20, 21, 22, 23, 24, 25, 26, 27, 28, 29, 30, 31
Valid weekdays: Saturday, Sunday
When: 14:00:00
Current Time: 2007-01-01 12:00:00
Valid Interval: 13:00:00-16:00:00
Valid days of month: 1, 2, 3, 4, 5, 6, 7, 8, 9, 10, 11, 12, 13, 14, 15, 16, 17, 18, 19, 20, 21, 22, 23, 24, 25, 26, 27, 28, 29, 30, 31
Valid weekdays: Saturday, Sunday
When: 14:00:00
Current Time: 2007-01-02 13:30:00
Valid Interval: 13:00:00-16:00:00
Valid days of month: 1, 2, 3, 4, 5, 6, 7, 8, 9, 10, 11, 12, 13, 14, 15, 16, 17, 18, 19, 20, 21, 22, 23, 24, 25, 26, 27, 28, 29, 30, 31
Valid weekdays: Saturday, Sunday
When: 14:00:00
Current Time: 2007-01-06 13:30:00
Valid Interval: 13:00:00-16:00:00
Valid days of month: 1, 2, 3, 4, 5, 6, 7, 8, 9, 10, 11, 12, 13, 14, 15, 16, 17, 18, 19, 20, 21, 22, 23, 24, 25, 26, 27, 28, 29, 30, 31
Valid weekdays: Saturday, Sunday
When: 14:00:00
Current Time: 2007-01-06 14:30:00
Valid Interval: 13:00:00-16:00:00
Valid days of month: 1, 2, 3, 4, 5, 6, 7, 8, 9, 10, 11, 12, 13, 14, 15, 16, 17, 18, 19, 20, 21, 22, 23, 24, 25, 26, 27, 28, 29, 30, 31
Valid weekdays: Saturday, Sunday
When: 14:00:00
Current Time: 2007-01-06 16:30:00
Valid Interval: 13:00:00-16:00:00
Valid days of month: 1, 2, 3, 4, 5, 6, 7, 8, 9, 10, 11, 12, 13, 14, 15, 16, 17, 18, 19, 20, 21, 22, 23, 24, 25, 26, 27, 28, 29, 30, 31
Valid weekdays: Saturday, Sunday
When: 14:00:00
Current Time: 2007-01-07 16:00:00
Valid Interval: 23:00:00-02:00:00
Valid days of month: 1, 2, 3, 4, 5, 6, 7, 8, 9, 10, 11, 12, 13, 14, 15, 16, 17, 18, 19, 20, 21, 22, 23, 24, 25, 26, 27, 28, 29, 30, 31
Valid weekdays: Saturday, Sunday
When: 01:00:00
Current Time: 2007-01-01 12:00:00
Valid Interval: 23:00:00-02:00:00
Valid days of month: 1, 2, 3, 4, 5, 6, 7, 8, 9, 10, 11, 12, 13, 14, 15, 16, 17, 18, 19, 20, 21, 22, 23, 24, 25, 26, 27, 28, 29, 30, 31
Valid weekdays: Saturday, Sunday
When: 01:00:00
Current Time: 2007-01-02 01:00:00
Valid Interval: 23:00:00-02:00:00
Valid days of month: 1, 2, 3, 4, 5, 6, 7, 8, 9, 10, 11, 12, 13, 14, 15, 16, 17, 18, 19, 20, 21, 22, 23, 24, 25, 26, 27, 28, 29, 30, 31
Valid weekdays: Saturday, Sunday
When: 01:00:00
Current Time: 2007-01-06 00:30:00
Valid Interval: 23:00:00-02:00:00
Valid days of month: 1, 2, 3, 4, 5, 6, 7, 8, 9, 10, 11, 12, 13, 14, 15, 16, 17, 18, 19, 20, 21, 22, 23, 24, 25, 26, 27, 28, 29, 30, 31
Valid weekdays: Saturday, Sunday
When: 01:00:00
Current Time: 2007-01-06 02:30:00
Valid Interval: 23:00:00-02:00:00
Valid days of month: 1, 2, 3, 4, 5, 6, 7, 8, 9, 10, 11, 12, 13, 14, 15, 16, 17, 18, 19, 20, 21, 22, 23, 24, 25, 26, 27, 28, 29, 30, 31
Valid weekdays: Saturday, Sunday
When: 23:30:00
Current Time: 2007-01-01 12:00:00
Valid Interval: 23:00:00-02:00:00
Valid days of month: 1, 2, 3, 4, 5, 6, 7, 8, 9, 10, 11, 12, 13, 14, 15, 16, 17, 18, 19, 20, 21, 22, 23, 24, 25, 26, 27, 28, 29, 30, 31
Valid weekdays: Saturday, Sunday
When: 23:30:00
Current Time: 2007-01-05 23:30:00
Valid Interval: 23:00:00-02:00:00
Valid days of month: 1, 2, 3, 4, 5, 6, 7, 8, 9, 10, 11, 12, 13, 14, 15, 16, 17, 18, 19, 20, 21, 22, 23, 24, 25, 26, 27, 28, 29, 30, 31
Valid weekdays: Saturday, Sunday
When: 23:30:00
Current Time: 2007-01-06 23:00:00
Valid Interval: 23:00:00-02:00:00
Valid days of month: 1, 2, 3, 4, 5, 6, 7, 8, 9, 10, 11, 12, 13, 14, 15, 16, 17, 18, 19, 20, 21, 22, 23, 24, 25, 26, 27, 28, 29, 30, 31
Valid weekdays: Saturday, Sunday
When: 23:30:00
Current Time: 2007-01-06 02:00:00
Valid Interval: 23:00:00-02:00:00
Valid days of month: 1, 2, 3, 4, 5, 6, 7, 8, 9, 10, 11, 12, 13, 14, 15, 16, 17, 18, 19, 20, 21, 22, 23, 24, 25, 26, 27, 28, 29, 30, 31
Valid weekdays: Saturday, Sunday
When: 23:30:00
Current Time: 2007-01-07 23:40:00
Valid Interval: 23:00:00-02:00:00
Valid days of month: 1, 2, 3, 4, 5, 6, 7, 8, 9, 10, 11, 12, 13, 14, 15, 16, 17, 18, 19, 20, 21, 22, 23, 24, 25, 26, 27, 28, 29, 30, 31
Valid weekdays: Saturday, Sunday
When: 23:30:00
Current Time: 2007-01-07 01:00:00
Valid Interval: 13:00:00-16:00:00
Valid days of month: 1, 2, 3, 4, 5, 6, 7, 8, 9, 10, 11, 12, 13, 14, 15, 16, 17, 18, 19, 20, 21, 22, 23, 24, 25, 26, 27, 28, 29, 30, 31
Valid weekdays: Saturday, Sunday
When: 14:00:00
Current Time: 2007-01-06 14:30:00
Valid Interval: 13:00:00-16:00:00
Valid days of month: 1, 2, 3, 4, 5, 6, 7, 8, 9, 10, 11, 12, 13, 14, 15, 16, 17, 18, 19, 20, 21, 22, 23, 24, 25, 26, 27, 28, 29, 30, 31
Valid weekdays: Saturday, Sunday
When: 14:00:00
Current Time: 2007-01-07 15:00:00
Valid Interval: 23:00:00-02:00:00
Valid days of month: 1, 2, 3, 4, 5, 6, 7, 8, 9, 10, 11, 12, 13, 14, 15, 16, 17, 18, 19, 20, 21, 22, 23, 24, 25, 26, 27, 28, 29, 30, 31
Valid weekdays: Saturday, Sunday
When: 01:00:00
Current Time: 2007-01-06 01:30:00
Valid Interval: 23:00:00-02:00:00
Valid days of month: 1, 2, 3, 4, 5, 6, 7, 8, 9, 10, 11, 12, 13, 14, 15, 16, 17, 18, 19, 20, 21, 22, 23, 24, 25, 26, 27, 28, 29, 30, 31
Valid weekdays: Saturday, Sunday
When: 01:00:00
Current Time: 2007-01-07 01:30:00
Valid Interval: 23:00:00-02:00:00
Valid days of month: 1, 2, 3, 4, 5, 6, 7, 8, 9, 10, 11, 12, 13, 14, 15, 16, 17, 18, 19, 20, 21, 22, 23, 24, 25, 26, 27, 28, 29, 30, 31
Valid weekdays: Saturday, Sunday
When: 23:30:00
Current Time: 2007-01-06 23:02:00
Valid Interval: 23:00:00-02:00:00
Valid days of month: 1, 2, 3, 4, 5, 6, 7, 8, 9, 10, 11, 12, 13, 14, 15, 16, 17, 18, 19, 20, 21, 22, 23, 24, 25, 26, 27, 28, 29, 30, 31
Valid weekdays: Saturday, Sunday
When: 23:30:00
Current Time: 2007-01-06 01:10:00
Valid Interval: 23:00:00-02:00:00
Valid days of month: 1, 2, 3, 4, 5, 6, 7, 8, 9, 10, 11, 12, 13, 14, 15, 16, 17, 18, 19, 20, 21, 22, 23, 24, 25, 26, 27, 28, 29, 30, 31
Valid weekdays: Saturday, Sunday
When: 23:30:00
Current Time: 2007-01-07 01:00:40
Valid Interval: 23:00:00-02:00:00
Valid days of month: 2
Valid weekdays: Saturday, Sunday
When: 23:30:00
Current Time: 2007-01-01 12:00:00
Valid Interval: 23:00:00-02:00:00
Valid days of month: 1, 2
Valid weekdays: Saturday, Sunday
When: 23:30:00
Current Time: 2007-01-05 23:30:00
Valid Interval: 23:00:00-02:00:00
Valid days of month: 1, 2
Valid weekdays: Saturday, Sunday
When: 23:30:00
Current Time: 2007-01-06 23:00:00</StdOut>
      </Output>
    </UnitTestResult>
    <UnitTestResult executionId="87080b8e-0b26-4d59-99a6-3e6396f4816b" testId="20e94f8b-5b03-473d-9823-97232d703dcf" testName="GetNextTimeToTrigger_AbsoluteTimer_ReturnsCorrectTime (Data Row 4)" computerName="ICSWS068" duration="00:00:00.0036858" startTime="2016-08-04T07:57:22.6412455+02:00" endTime="2016-08-04T07:57:22.6461689+02:00" testType="13cdc9d9-ddb5-4fa4-a97d-d965ccfc6d4b" outcome="Passed" testListId="8c84fa94-04c1-424b-9868-57a2d4851a1d" relativeResultsDirectory="87080b8e-0b26-4d59-99a6-3e6396f4816b">
      <Output>
        <StdOut>TestContext Messages:
Valid Interval: 11:00:00-13:00:00
Valid days of month: 1, 2, 3, 4, 5, 6, 7, 8, 9, 10, 11, 12, 13, 14, 15, 16, 17, 18, 19, 20, 21, 22, 23, 24, 25, 26, 27, 28, 29, 30, 31
Valid weekdays: Monday, Tuesday, Wednesday, Thursday, Friday, Saturday, Sunday
When: 12:00:00
Current Time: 2011-01-01 00:00:00
Valid Interval: 11:00:00-13:00:00
Valid days of month: 1, 2, 3, 4, 5, 6, 7, 8, 9, 10, 11, 12, 13, 14, 15, 16, 17, 18, 19, 20, 21, 22, 23, 24, 25, 26, 27, 28, 29, 30, 31
Valid weekdays: Monday, Tuesday, Wednesday, Thursday, Friday, Saturday, Sunday
When: 12:00:00
Current Time: 2011-01-01 09:00:00
Valid Interval: 11:00:00-13:00:00
Valid days of month: 1, 2, 3, 4, 5, 6, 7, 8, 9, 10, 11, 12, 13, 14, 15, 16, 17, 18, 19, 20, 21, 22, 23, 24, 25, 26, 27, 28, 29, 30, 31
Valid weekdays: Monday, Tuesday, Wednesday, Thursday, Friday, Saturday, Sunday
When: 12:00:00
Current Time: 2011-01-01 11:00:00
Valid Interval: 11:00:00-13:00:00
Valid days of month: 1, 2, 3, 4, 5, 6, 7, 8, 9, 10, 11, 12, 13, 14, 15, 16, 17, 18, 19, 20, 21, 22, 23, 24, 25, 26, 27, 28, 29, 30, 31
Valid weekdays: Monday, Tuesday, Wednesday, Thursday, Friday, Saturday, Sunday
When: 12:00:00
Current Time: 2011-01-01 12:00:00
Valid Interval: 11:00:00-13:00:00
Valid days of month: 1, 2, 3, 4, 5, 6, 7, 8, 9, 10, 11, 12, 13, 14, 15, 16, 17, 18, 19, 20, 21, 22, 23, 24, 25, 26, 27, 28, 29, 30, 31
Valid weekdays: Monday, Tuesday, Wednesday, Thursday, Friday, Saturday, Sunday
When: 12:00:00
Current Time: 2011-01-01 12:30:00
Valid Interval: 11:00:00-13:00:00
Valid days of month: 1, 2, 3, 4, 5, 6, 7, 8, 9, 10, 11, 12, 13, 14, 15, 16, 17, 18, 19, 20, 21, 22, 23, 24, 25, 26, 27, 28, 29, 30, 31
Valid weekdays: Monday, Tuesday, Wednesday, Thursday, Friday, Saturday, Sunday
When: 12:00:00
Current Time: 2011-01-01 13:00:00
Valid Interval: 11:00:00-13:00:00
Valid days of month: 1, 2, 3, 4, 5, 6, 7, 8, 9, 10, 11, 12, 13, 14, 15, 16, 17, 18, 19, 20, 21, 22, 23, 24, 25, 26, 27, 28, 29, 30, 31
Valid weekdays: Monday, Tuesday, Wednesday, Thursday, Friday, Saturday, Sunday
When: 12:00:00
Current Time: 2011-01-02 00:00:00
Valid Interval: 11:00:00-13:00:00
Valid days of month: 1, 2, 3, 4, 5, 6, 7, 8, 9, 10, 11, 12, 13, 14, 15, 16, 17, 18, 19, 20, 21, 22, 23, 24, 25, 26, 27, 28, 29, 30, 31
Valid weekdays: Monday, Tuesday, Wednesday, Thursday, Friday, Saturday, Sunday
When: 12:00:00
Current Time: 2011-01-02 09:00:00
Valid Interval: 11:00:00-13:00:00
Valid days of month: 1, 2, 3, 4, 5, 6, 7, 8, 9, 10, 11, 12, 13, 14, 15, 16, 17, 18, 19, 20, 21, 22, 23, 24, 25, 26, 27, 28, 29, 30, 31
Valid weekdays: Monday, Tuesday, Wednesday, Thursday, Friday, Saturday, Sunday
When: 12:00:00
Current Time: 2011-01-02 12:00:00
Valid Interval: 11:00:00-13:00:00
Valid days of month: 1, 2, 3, 4, 5, 6, 7, 8, 9, 10, 11, 12, 13, 14, 15, 16, 17, 18, 19, 20, 21, 22, 23, 24, 25, 26, 27, 28, 29, 30, 31
Valid weekdays: Monday, Tuesday, Wednesday, Thursday, Friday, Saturday, Sunday
When: 12:00:00
Current Time: 2011-01-02 12:45:30
Valid Interval: 11:00:00-13:00:00
Valid days of month: 1, 2, 3, 4, 5, 6, 7, 8, 9, 10, 11, 12, 13, 14, 15, 16, 17, 18, 19, 20, 21, 22, 23, 24, 25, 26, 27, 28, 29, 30, 31
Valid weekdays: Monday, Tuesday, Wednesday, Thursday, Friday, Saturday, Sunday
When: 12:00:00
Current Time: 2011-01-02 13:00:00
Valid Interval: 11:00:00-13:00:00
Valid days of month: 1, 2, 3, 4, 5, 6, 7, 8, 9, 10, 11, 12, 13, 14, 15, 16, 17, 18, 19, 20, 21, 22, 23, 24, 25, 26, 27, 28, 29, 30, 31
Valid weekdays: Monday, Tuesday, Wednesday, Thursday, Friday, Saturday, Sunday
When: 12:00:00
Current Time: 2011-01-01 12:00:00
Valid Interval: 11:00:00-13:00:00
Valid days of month: 1, 2, 3, 4, 5, 6, 7, 8, 9, 10, 11, 12, 13, 14, 15, 16, 17, 18, 19, 20, 21, 22, 23, 24, 25, 26, 27, 28, 29, 30, 31
Valid weekdays: Monday, Tuesday, Wednesday, Thursday, Friday, Saturday, Sunday
When: 12:00:00
Current Time: 2011-01-01 12:30:00
Valid Interval: 11:00:00-13:00:00
Valid days of month: 1, 2, 3, 4, 5, 6, 7, 8, 9, 10, 11, 12, 13, 14, 15, 16, 17, 18, 19, 20, 21, 22, 23, 24, 25, 26, 27, 28, 29, 30, 31
Valid weekdays: Monday, Tuesday, Wednesday, Thursday, Friday, Saturday, Sunday
When: 12:00:00
Current Time: 2011-01-01 12:30:00
Valid Interval: 11:00:00-13:00:00
Valid days of month: 1, 2, 3, 4, 5, 6, 7, 8, 9, 10, 11, 12, 13, 14, 15, 16, 17, 18, 19, 20, 21, 22, 23, 24, 25, 26, 27, 28, 29, 30, 31
Valid weekdays: Monday, Tuesday, Wednesday, Thursday, Friday, Saturday, Sunday
When: 12:00:00
Current Time: 2011-01-01 13:00:00
Valid Interval: 11:00:00-13:00:00
Valid days of month: 1, 2, 3, 4, 5, 6, 7, 8, 9, 10, 11, 12, 13, 14, 15, 16, 17, 18, 19, 20, 21, 22, 23, 24, 25, 26, 27, 28, 29, 30, 31
Valid weekdays: Monday, Tuesday, Wednesday, Thursday, Friday, Saturday, Sunday
When: 12:00:00
Current Time: 2011-01-01 14:30:00
Valid Interval: 23:00:00-13:00:00
Valid days of month: 1, 2, 3, 4, 5, 6, 7, 8, 9, 10, 11, 12, 13, 14, 15, 16, 17, 18, 19, 20, 21, 22, 23, 24, 25, 26, 27, 28, 29, 30, 31
Valid weekdays: Monday, Tuesday, Wednesday, Thursday, Friday, Saturday, Sunday
When: 23:30:00
Current Time: 2011-01-01 16:00:00
Valid Interval: 23:00:00-13:00:00
Valid days of month: 1, 2, 3, 4, 5, 6, 7, 8, 9, 10, 11, 12, 13, 14, 15, 16, 17, 18, 19, 20, 21, 22, 23, 24, 25, 26, 27, 28, 29, 30, 31
Valid weekdays: Monday, Tuesday, Wednesday, Thursday, Friday, Saturday, Sunday
When: 23:30:00
Current Time: 2011-01-01 23:00:00
Valid Interval: 23:00:00-13:00:00
Valid days of month: 1, 2, 3, 4, 5, 6, 7, 8, 9, 10, 11, 12, 13, 14, 15, 16, 17, 18, 19, 20, 21, 22, 23, 24, 25, 26, 27, 28, 29, 30, 31
Valid weekdays: Monday, Tuesday, Wednesday, Thursday, Friday, Saturday, Sunday
When: 23:30:00
Current Time: 2011-01-01 23:30:00
Valid Interval: 23:00:00-13:00:00
Valid days of month: 1, 2, 3, 4, 5, 6, 7, 8, 9, 10, 11, 12, 13, 14, 15, 16, 17, 18, 19, 20, 21, 22, 23, 24, 25, 26, 27, 28, 29, 30, 31
Valid weekdays: Monday, Tuesday, Wednesday, Thursday, Friday, Saturday, Sunday
When: 23:30:00
Current Time: 2011-01-01 23:45:00
Valid Interval: 23:00:00-13:00:00
Valid days of month: 1, 2, 3, 4, 5, 6, 7, 8, 9, 10, 11, 12, 13, 14, 15, 16, 17, 18, 19, 20, 21, 22, 23, 24, 25, 26, 27, 28, 29, 30, 31
Valid weekdays: Monday, Tuesday, Wednesday, Thursday, Friday, Saturday, Sunday
When: 23:30:00
Current Time: 2011-01-02 00:30:00
Valid Interval: 23:00:00-13:00:00
Valid days of month: 1, 2, 3, 4, 5, 6, 7, 8, 9, 10, 11, 12, 13, 14, 15, 16, 17, 18, 19, 20, 21, 22, 23, 24, 25, 26, 27, 28, 29, 30, 31
Valid weekdays: Monday, Tuesday, Wednesday, Thursday, Friday, Saturday, Sunday
When: 23:30:00
Current Time: 2011-01-01 13:00:00
Valid Interval: 23:00:00-13:00:00
Valid days of month: 1, 2, 3, 4, 5, 6, 7, 8, 9, 10, 11, 12, 13, 14, 15, 16, 17, 18, 19, 20, 21, 22, 23, 24, 25, 26, 27, 28, 29, 30, 31
Valid weekdays: Monday, Tuesday, Wednesday, Thursday, Friday, Saturday, Sunday
When: 01:00:00
Current Time: 2011-01-01 16:00:00
Valid Interval: 23:00:00-13:00:00
Valid days of month: 1, 2, 3, 4, 5, 6, 7, 8, 9, 10, 11, 12, 13, 14, 15, 16, 17, 18, 19, 20, 21, 22, 23, 24, 25, 26, 27, 28, 29, 30, 31
Valid weekdays: Monday, Tuesday, Wednesday, Thursday, Friday, Saturday, Sunday
When: 01:00:00
Current Time: 2011-01-01 23:00:00
Valid Interval: 23:00:00-13:00:00
Valid days of month: 1, 2, 3, 4, 5, 6, 7, 8, 9, 10, 11, 12, 13, 14, 15, 16, 17, 18, 19, 20, 21, 22, 23, 24, 25, 26, 27, 28, 29, 30, 31
Valid weekdays: Monday, Tuesday, Wednesday, Thursday, Friday, Saturday, Sunday
When: 01:00:00
Current Time: 2011-01-01 23:30:00
Valid Interval: 23:00:00-13:00:00
Valid days of month: 1, 2, 3, 4, 5, 6, 7, 8, 9, 10, 11, 12, 13, 14, 15, 16, 17, 18, 19, 20, 21, 22, 23, 24, 25, 26, 27, 28, 29, 30, 31
Valid weekdays: Monday, Tuesday, Wednesday, Thursday, Friday, Saturday, Sunday
When: 01:00:00
Current Time: 2011-01-02 00:30:00
Valid Interval: 23:00:00-13:00:00
Valid days of month: 1, 2, 3, 4, 5, 6, 7, 8, 9, 10, 11, 12, 13, 14, 15, 16, 17, 18, 19, 20, 21, 22, 23, 24, 25, 26, 27, 28, 29, 30, 31
Valid weekdays: Monday, Tuesday, Wednesday, Thursday, Friday, Saturday, Sunday
When: 01:00:00
Current Time: 2011-01-01 02:00:00
Valid Interval: 23:00:00-13:00:00
Valid days of month: 1, 2, 3, 4, 5, 6, 7, 8, 9, 10, 11, 12, 13, 14, 15, 16, 17, 18, 19, 20, 21, 22, 23, 24, 25, 26, 27, 28, 29, 30, 31
Valid weekdays: Monday, Tuesday, Wednesday, Thursday, Friday, Saturday, Sunday
When: 01:00:00
Current Time: 2011-01-01 13:00:00
Valid Interval: 23:00:00-13:00:00
Valid days of month: 1, 2, 3, 4, 5, 6, 7, 8, 9, 10, 11, 12, 13, 14, 15, 16, 17, 18, 19, 20, 21, 22, 23, 24, 25, 26, 27, 28, 29, 30, 31
Valid weekdays: Monday, Tuesday, Wednesday, Thursday, Friday, Saturday, Sunday
When: 23:30:00
Current Time: 2011-01-01 16:00:00
Valid Interval: 23:00:00-13:00:00
Valid days of month: 1, 2, 3, 4, 5, 6, 7, 8, 9, 10, 11, 12, 13, 14, 15, 16, 17, 18, 19, 20, 21, 22, 23, 24, 25, 26, 27, 28, 29, 30, 31
Valid weekdays: Monday, Tuesday, Wednesday, Thursday, Friday, Saturday, Sunday
When: 23:30:00
Current Time: 2011-01-01 23:00:00
Valid Interval: 23:00:00-13:00:00
Valid days of month: 1, 2, 3, 4, 5, 6, 7, 8, 9, 10, 11, 12, 13, 14, 15, 16, 17, 18, 19, 20, 21, 22, 23, 24, 25, 26, 27, 28, 29, 30, 31
Valid weekdays: Monday, Tuesday, Wednesday, Thursday, Friday, Saturday, Sunday
When: 23:30:00
Current Time: 2011-01-01 23:30:00
Valid Interval: 23:00:00-13:00:00
Valid days of month: 1, 2, 3, 4, 5, 6, 7, 8, 9, 10, 11, 12, 13, 14, 15, 16, 17, 18, 19, 20, 21, 22, 23, 24, 25, 26, 27, 28, 29, 30, 31
Valid weekdays: Monday, Tuesday, Wednesday, Thursday, Friday, Saturday, Sunday
When: 23:30:00
Current Time: 2011-01-01 23:45:00
Valid Interval: 23:00:00-13:00:00
Valid days of month: 1, 2, 3, 4, 5, 6, 7, 8, 9, 10, 11, 12, 13, 14, 15, 16, 17, 18, 19, 20, 21, 22, 23, 24, 25, 26, 27, 28, 29, 30, 31
Valid weekdays: Monday, Tuesday, Wednesday, Thursday, Friday, Saturday, Sunday
When: 23:30:00
Current Time: 2011-01-02 00:30:00
Valid Interval: 23:00:00-13:00:00
Valid days of month: 1, 2, 3, 4, 5, 6, 7, 8, 9, 10, 11, 12, 13, 14, 15, 16, 17, 18, 19, 20, 21, 22, 23, 24, 25, 26, 27, 28, 29, 30, 31
Valid weekdays: Monday, Tuesday, Wednesday, Thursday, Friday, Saturday, Sunday
When: 23:30:00
Current Time: 2011-01-01 13:00:00
Valid Interval: 23:00:00-13:00:00
Valid days of month: 1, 2, 3, 4, 5, 6, 7, 8, 9, 10, 11, 12, 13, 14, 15, 16, 17, 18, 19, 20, 21, 22, 23, 24, 25, 26, 27, 28, 29, 30, 31
Valid weekdays: Monday, Tuesday, Wednesday, Thursday, Friday, Saturday, Sunday
When: 01:00:00
Current Time: 2011-01-01 16:00:00
Valid Interval: 23:00:00-13:00:00
Valid days of month: 1, 2, 3, 4, 5, 6, 7, 8, 9, 10, 11, 12, 13, 14, 15, 16, 17, 18, 19, 20, 21, 22, 23, 24, 25, 26, 27, 28, 29, 30, 31
Valid weekdays: Monday, Tuesday, Wednesday, Thursday, Friday, Saturday, Sunday
When: 01:00:00
Current Time: 2011-01-01 23:00:00
Valid Interval: 23:00:00-13:00:00
Valid days of month: 1, 2, 3, 4, 5, 6, 7, 8, 9, 10, 11, 12, 13, 14, 15, 16, 17, 18, 19, 20, 21, 22, 23, 24, 25, 26, 27, 28, 29, 30, 31
Valid weekdays: Monday, Tuesday, Wednesday, Thursday, Friday, Saturday, Sunday
When: 01:00:00
Current Time: 2011-01-01 23:30:00
Valid Interval: 23:00:00-13:00:00
Valid days of month: 1, 2, 3, 4, 5, 6, 7, 8, 9, 10, 11, 12, 13, 14, 15, 16, 17, 18, 19, 20, 21, 22, 23, 24, 25, 26, 27, 28, 29, 30, 31
Valid weekdays: Monday, Tuesday, Wednesday, Thursday, Friday, Saturday, Sunday
When: 01:00:00
Current Time: 2011-01-02 00:30:00
Valid Interval: 23:00:00-13:00:00
Valid days of month: 1, 2, 3, 4, 5, 6, 7, 8, 9, 10, 11, 12, 13, 14, 15, 16, 17, 18, 19, 20, 21, 22, 23, 24, 25, 26, 27, 28, 29, 30, 31
Valid weekdays: Monday, Tuesday, Wednesday, Thursday, Friday, Saturday, Sunday
When: 01:00:00
Current Time: 2011-01-02 02:00:00
Valid Interval: 23:00:00-13:00:00
Valid days of month: 1, 2, 3, 4, 5, 6, 7, 8, 9, 10, 11, 12, 13, 14, 15, 16, 17, 18, 19, 20, 21, 22, 23, 24, 25, 26, 27, 28, 29, 30, 31
Valid weekdays: Monday, Tuesday, Wednesday, Thursday, Friday, Saturday, Sunday
When: 01:00:00
Current Time: 2011-01-02 13:00:00
Valid Interval: 23:00:00-13:00:00
Valid days of month: 1, 2, 3, 4, 5, 6, 7, 8, 9, 10, 11, 12, 13, 14, 15, 16, 17, 18, 19, 20, 21, 22, 23, 24, 25, 26, 27, 28, 29, 30, 31
Valid weekdays: Monday, Tuesday, Wednesday, Thursday, Friday, Saturday, Sunday
When: 23:30:00
Current Time: 2011-01-01 23:30:05
Valid Interval: 23:00:00-13:00:00
Valid days of month: 1, 2, 3, 4, 5, 6, 7, 8, 9, 10, 11, 12, 13, 14, 15, 16, 17, 18, 19, 20, 21, 22, 23, 24, 25, 26, 27, 28, 29, 30, 31
Valid weekdays: Monday, Tuesday, Wednesday, Thursday, Friday, Saturday, Sunday
When: 23:30:00
Current Time: 2011-01-02 00:30:00
Valid Interval: 23:00:00-13:00:00
Valid days of month: 1, 2, 3, 4, 5, 6, 7, 8, 9, 10, 11, 12, 13, 14, 15, 16, 17, 18, 19, 20, 21, 22, 23, 24, 25, 26, 27, 28, 29, 30, 31
Valid weekdays: Monday, Tuesday, Wednesday, Thursday, Friday, Saturday, Sunday
When: 23:30:00
Current Time: 2011-01-02 13:00:00
Valid Interval: 23:00:00-13:00:00
Valid days of month: 1, 2, 3, 4, 5, 6, 7, 8, 9, 10, 11, 12, 13, 14, 15, 16, 17, 18, 19, 20, 21, 22, 23, 24, 25, 26, 27, 28, 29, 30, 31
Valid weekdays: Monday, Tuesday, Wednesday, Thursday, Friday, Saturday, Sunday
When: 01:00:00
Current Time: 2011-01-01 02:00:00
Valid Interval: 23:00:00-13:00:00
Valid days of month: 1, 2, 3, 4, 5, 6, 7, 8, 9, 10, 11, 12, 13, 14, 15, 16, 17, 18, 19, 20, 21, 22, 23, 24, 25, 26, 27, 28, 29, 30, 31
Valid weekdays: Monday, Tuesday, Wednesday, Thursday, Friday, Saturday, Sunday
When: 01:00:00
Current Time: 2011-01-02 02:00:00
Valid Interval: 13:00:00-16:00:00
Valid days of month: 1, 2, 3, 4, 5, 6, 7, 8, 9, 10, 11, 12, 13, 14, 15, 16, 17, 18, 19, 20, 21, 22, 23, 24, 25, 26, 27, 28, 29, 30, 31
Valid weekdays: Saturday, Sunday
When: 14:00:00
Current Time: 2007-01-01 12:00:00
Valid Interval: 13:00:00-16:00:00
Valid days of month: 1, 2, 3, 4, 5, 6, 7, 8, 9, 10, 11, 12, 13, 14, 15, 16, 17, 18, 19, 20, 21, 22, 23, 24, 25, 26, 27, 28, 29, 30, 31
Valid weekdays: Saturday, Sunday
When: 14:00:00
Current Time: 2007-01-02 13:30:00
Valid Interval: 13:00:00-16:00:00
Valid days of month: 1, 2, 3, 4, 5, 6, 7, 8, 9, 10, 11, 12, 13, 14, 15, 16, 17, 18, 19, 20, 21, 22, 23, 24, 25, 26, 27, 28, 29, 30, 31
Valid weekdays: Saturday, Sunday
When: 14:00:00
Current Time: 2007-01-06 13:30:00
Valid Interval: 13:00:00-16:00:00
Valid days of month: 1, 2, 3, 4, 5, 6, 7, 8, 9, 10, 11, 12, 13, 14, 15, 16, 17, 18, 19, 20, 21, 22, 23, 24, 25, 26, 27, 28, 29, 30, 31
Valid weekdays: Saturday, Sunday
When: 14:00:00
Current Time: 2007-01-06 14:30:00
Valid Interval: 13:00:00-16:00:00
Valid days of month: 1, 2, 3, 4, 5, 6, 7, 8, 9, 10, 11, 12, 13, 14, 15, 16, 17, 18, 19, 20, 21, 22, 23, 24, 25, 26, 27, 28, 29, 30, 31
Valid weekdays: Saturday, Sunday
When: 14:00:00
Current Time: 2007-01-06 16:30:00
Valid Interval: 13:00:00-16:00:00
Valid days of month: 1, 2, 3, 4, 5, 6, 7, 8, 9, 10, 11, 12, 13, 14, 15, 16, 17, 18, 19, 20, 21, 22, 23, 24, 25, 26, 27, 28, 29, 30, 31
Valid weekdays: Saturday, Sunday
When: 14:00:00
Current Time: 2007-01-07 16:00:00
Valid Interval: 23:00:00-02:00:00
Valid days of month: 1, 2, 3, 4, 5, 6, 7, 8, 9, 10, 11, 12, 13, 14, 15, 16, 17, 18, 19, 20, 21, 22, 23, 24, 25, 26, 27, 28, 29, 30, 31
Valid weekdays: Saturday, Sunday
When: 01:00:00
Current Time: 2007-01-01 12:00:00
Valid Interval: 23:00:00-02:00:00
Valid days of month: 1, 2, 3, 4, 5, 6, 7, 8, 9, 10, 11, 12, 13, 14, 15, 16, 17, 18, 19, 20, 21, 22, 23, 24, 25, 26, 27, 28, 29, 30, 31
Valid weekdays: Saturday, Sunday
When: 01:00:00
Current Time: 2007-01-02 01:00:00
Valid Interval: 23:00:00-02:00:00
Valid days of month: 1, 2, 3, 4, 5, 6, 7, 8, 9, 10, 11, 12, 13, 14, 15, 16, 17, 18, 19, 20, 21, 22, 23, 24, 25, 26, 27, 28, 29, 30, 31
Valid weekdays: Saturday, Sunday
When: 01:00:00
Current Time: 2007-01-06 00:30:00
Valid Interval: 23:00:00-02:00:00
Valid days of month: 1, 2, 3, 4, 5, 6, 7, 8, 9, 10, 11, 12, 13, 14, 15, 16, 17, 18, 19, 20, 21, 22, 23, 24, 25, 26, 27, 28, 29, 30, 31
Valid weekdays: Saturday, Sunday
When: 01:00:00
Current Time: 2007-01-06 01:30:00
Valid Interval: 23:00:00-02:00:00
Valid days of month: 1, 2, 3, 4, 5, 6, 7, 8, 9, 10, 11, 12, 13, 14, 15, 16, 17, 18, 19, 20, 21, 22, 23, 24, 25, 26, 27, 28, 29, 30, 31
Valid weekdays: Saturday, Sunday
When: 01:00:00
Current Time: 2007-01-06 02:30:00
Valid Interval: 23:00:00-02:00:00
Valid days of month: 1, 2, 3, 4, 5, 6, 7, 8, 9, 10, 11, 12, 13, 14, 15, 16, 17, 18, 19, 20, 21, 22, 23, 24, 25, 26, 27, 28, 29, 30, 31
Valid weekdays: Saturday, Sunday
When: 01:00:00
Current Time: 2007-01-07 02:00:00
Valid Interval: 23:00:00-02:00:00
Valid days of month: 1, 2, 3, 4, 5, 6, 7, 8, 9, 10, 11, 12, 13, 14, 15, 16, 17, 18, 19, 20, 21, 22, 23, 24, 25, 26, 27, 28, 29, 30, 31
Valid weekdays: Saturday, Sunday
When: 23:30:00
Current Time: 2007-01-01 12:00:00
Valid Interval: 23:00:00-02:00:00
Valid days of month: 1, 2, 3, 4, 5, 6, 7, 8, 9, 10, 11, 12, 13, 14, 15, 16, 17, 18, 19, 20, 21, 22, 23, 24, 25, 26, 27, 28, 29, 30, 31
Valid weekdays: Saturday, Sunday
When: 23:30:00
Current Time: 2007-01-05 23:30:00
Valid Interval: 23:00:00-02:00:00
Valid days of month: 1, 2, 3, 4, 5, 6, 7, 8, 9, 10, 11, 12, 13, 14, 15, 16, 17, 18, 19, 20, 21, 22, 23, 24, 25, 26, 27, 28, 29, 30, 31
Valid weekdays: Saturday, Sunday
When: 23:30:00
Current Time: 2007-01-06 23:00:00
Valid Interval: 23:00:00-02:00:00
Valid days of month: 1, 2, 3, 4, 5, 6, 7, 8, 9, 10, 11, 12, 13, 14, 15, 16, 17, 18, 19, 20, 21, 22, 23, 24, 25, 26, 27, 28, 29, 30, 31
Valid weekdays: Saturday, Sunday
When: 23:30:00
Current Time: 2007-01-06 02:00:00
Valid Interval: 23:00:00-02:00:00
Valid days of month: 1, 2, 3, 4, 5, 6, 7, 8, 9, 10, 11, 12, 13, 14, 15, 16, 17, 18, 19, 20, 21, 22, 23, 24, 25, 26, 27, 28, 29, 30, 31
Valid weekdays: Saturday, Sunday
When: 23:30:00
Current Time: 2007-01-07 23:40:00
Valid Interval: 23:00:00-02:00:00
Valid days of month: 1, 2, 3, 4, 5, 6, 7, 8, 9, 10, 11, 12, 13, 14, 15, 16, 17, 18, 19, 20, 21, 22, 23, 24, 25, 26, 27, 28, 29, 30, 31
Valid weekdays: Saturday, Sunday
When: 23:30:00
Current Time: 2007-01-07 01:00:00
Valid Interval: 13:00:00-16:00:00
Valid days of month: 1, 2, 3, 4, 5, 6, 7, 8, 9, 10, 11, 12, 13, 14, 15, 16, 17, 18, 19, 20, 21, 22, 23, 24, 25, 26, 27, 28, 29, 30, 31
Valid weekdays: Saturday, Sunday
When: 14:00:00
Current Time: 2007-01-01 12:00:00
Valid Interval: 13:00:00-16:00:00
Valid days of month: 1, 2, 3, 4, 5, 6, 7, 8, 9, 10, 11, 12, 13, 14, 15, 16, 17, 18, 19, 20, 21, 22, 23, 24, 25, 26, 27, 28, 29, 30, 31
Valid weekdays: Saturday, Sunday
When: 14:00:00
Current Time: 2007-01-02 13:30:00
Valid Interval: 13:00:00-16:00:00
Valid days of month: 1, 2, 3, 4, 5, 6, 7, 8, 9, 10, 11, 12, 13, 14, 15, 16, 17, 18, 19, 20, 21, 22, 23, 24, 25, 26, 27, 28, 29, 30, 31
Valid weekdays: Saturday, Sunday
When: 14:00:00
Current Time: 2007-01-06 13:30:00
Valid Interval: 13:00:00-16:00:00
Valid days of month: 1, 2, 3, 4, 5, 6, 7, 8, 9, 10, 11, 12, 13, 14, 15, 16, 17, 18, 19, 20, 21, 22, 23, 24, 25, 26, 27, 28, 29, 30, 31
Valid weekdays: Saturday, Sunday
When: 14:00:00
Current Time: 2007-01-06 14:30:00
Valid Interval: 13:00:00-16:00:00
Valid days of month: 1, 2, 3, 4, 5, 6, 7, 8, 9, 10, 11, 12, 13, 14, 15, 16, 17, 18, 19, 20, 21, 22, 23, 24, 25, 26, 27, 28, 29, 30, 31
Valid weekdays: Saturday, Sunday
When: 14:00:00
Current Time: 2007-01-06 16:30:00
Valid Interval: 13:00:00-16:00:00
Valid days of month: 1, 2, 3, 4, 5, 6, 7, 8, 9, 10, 11, 12, 13, 14, 15, 16, 17, 18, 19, 20, 21, 22, 23, 24, 25, 26, 27, 28, 29, 30, 31
Valid weekdays: Saturday, Sunday
When: 14:00:00
Current Time: 2007-01-07 16:00:00
Valid Interval: 23:00:00-02:00:00
Valid days of month: 1, 2, 3, 4, 5, 6, 7, 8, 9, 10, 11, 12, 13, 14, 15, 16, 17, 18, 19, 20, 21, 22, 23, 24, 25, 26, 27, 28, 29, 30, 31
Valid weekdays: Saturday, Sunday
When: 01:00:00
Current Time: 2007-01-01 12:00:00
Valid Interval: 23:00:00-02:00:00
Valid days of month: 1, 2, 3, 4, 5, 6, 7, 8, 9, 10, 11, 12, 13, 14, 15, 16, 17, 18, 19, 20, 21, 22, 23, 24, 25, 26, 27, 28, 29, 30, 31
Valid weekdays: Saturday, Sunday
When: 01:00:00
Current Time: 2007-01-02 01:00:00
Valid Interval: 23:00:00-02:00:00
Valid days of month: 1, 2, 3, 4, 5, 6, 7, 8, 9, 10, 11, 12, 13, 14, 15, 16, 17, 18, 19, 20, 21, 22, 23, 24, 25, 26, 27, 28, 29, 30, 31
Valid weekdays: Saturday, Sunday
When: 01:00:00
Current Time: 2007-01-06 00:30:00
Valid Interval: 23:00:00-02:00:00
Valid days of month: 1, 2, 3, 4, 5, 6, 7, 8, 9, 10, 11, 12, 13, 14, 15, 16, 17, 18, 19, 20, 21, 22, 23, 24, 25, 26, 27, 28, 29, 30, 31
Valid weekdays: Saturday, Sunday
When: 01:00:00
Current Time: 2007-01-06 02:30:00
Valid Interval: 23:00:00-02:00:00
Valid days of month: 1, 2, 3, 4, 5, 6, 7, 8, 9, 10, 11, 12, 13, 14, 15, 16, 17, 18, 19, 20, 21, 22, 23, 24, 25, 26, 27, 28, 29, 30, 31
Valid weekdays: Saturday, Sunday
When: 23:30:00
Current Time: 2007-01-01 12:00:00
Valid Interval: 23:00:00-02:00:00
Valid days of month: 1, 2, 3, 4, 5, 6, 7, 8, 9, 10, 11, 12, 13, 14, 15, 16, 17, 18, 19, 20, 21, 22, 23, 24, 25, 26, 27, 28, 29, 30, 31
Valid weekdays: Saturday, Sunday
When: 23:30:00
Current Time: 2007-01-05 23:30:00
Valid Interval: 23:00:00-02:00:00
Valid days of month: 1, 2, 3, 4, 5, 6, 7, 8, 9, 10, 11, 12, 13, 14, 15, 16, 17, 18, 19, 20, 21, 22, 23, 24, 25, 26, 27, 28, 29, 30, 31
Valid weekdays: Saturday, Sunday
When: 23:30:00
Current Time: 2007-01-06 23:00:00
Valid Interval: 23:00:00-02:00:00
Valid days of month: 1, 2, 3, 4, 5, 6, 7, 8, 9, 10, 11, 12, 13, 14, 15, 16, 17, 18, 19, 20, 21, 22, 23, 24, 25, 26, 27, 28, 29, 30, 31
Valid weekdays: Saturday, Sunday
When: 23:30:00
Current Time: 2007-01-06 02:00:00
Valid Interval: 23:00:00-02:00:00
Valid days of month: 1, 2, 3, 4, 5, 6, 7, 8, 9, 10, 11, 12, 13, 14, 15, 16, 17, 18, 19, 20, 21, 22, 23, 24, 25, 26, 27, 28, 29, 30, 31
Valid weekdays: Saturday, Sunday
When: 23:30:00
Current Time: 2007-01-07 23:40:00
Valid Interval: 23:00:00-02:00:00
Valid days of month: 1, 2, 3, 4, 5, 6, 7, 8, 9, 10, 11, 12, 13, 14, 15, 16, 17, 18, 19, 20, 21, 22, 23, 24, 25, 26, 27, 28, 29, 30, 31
Valid weekdays: Saturday, Sunday
When: 23:30:00
Current Time: 2007-01-07 01:00:00
Valid Interval: 13:00:00-16:00:00
Valid days of month: 1, 2, 3, 4, 5, 6, 7, 8, 9, 10, 11, 12, 13, 14, 15, 16, 17, 18, 19, 20, 21, 22, 23, 24, 25, 26, 27, 28, 29, 30, 31
Valid weekdays: Saturday, Sunday
When: 14:00:00
Current Time: 2007-01-06 14:30:00
Valid Interval: 13:00:00-16:00:00
Valid days of month: 1, 2, 3, 4, 5, 6, 7, 8, 9, 10, 11, 12, 13, 14, 15, 16, 17, 18, 19, 20, 21, 22, 23, 24, 25, 26, 27, 28, 29, 30, 31
Valid weekdays: Saturday, Sunday
When: 14:00:00
Current Time: 2007-01-07 15:00:00
Valid Interval: 23:00:00-02:00:00
Valid days of month: 1, 2, 3, 4, 5, 6, 7, 8, 9, 10, 11, 12, 13, 14, 15, 16, 17, 18, 19, 20, 21, 22, 23, 24, 25, 26, 27, 28, 29, 30, 31
Valid weekdays: Saturday, Sunday
When: 01:00:00
Current Time: 2007-01-06 01:30:00
Valid Interval: 23:00:00-02:00:00
Valid days of month: 1, 2, 3, 4, 5, 6, 7, 8, 9, 10, 11, 12, 13, 14, 15, 16, 17, 18, 19, 20, 21, 22, 23, 24, 25, 26, 27, 28, 29, 30, 31
Valid weekdays: Saturday, Sunday
When: 01:00:00
Current Time: 2007-01-07 01:30:00
Valid Interval: 23:00:00-02:00:00
Valid days of month: 1, 2, 3, 4, 5, 6, 7, 8, 9, 10, 11, 12, 13, 14, 15, 16, 17, 18, 19, 20, 21, 22, 23, 24, 25, 26, 27, 28, 29, 30, 31
Valid weekdays: Saturday, Sunday
When: 23:30:00
Current Time: 2007-01-06 23:02:00
Valid Interval: 23:00:00-02:00:00
Valid days of month: 1, 2, 3, 4, 5, 6, 7, 8, 9, 10, 11, 12, 13, 14, 15, 16, 17, 18, 19, 20, 21, 22, 23, 24, 25, 26, 27, 28, 29, 30, 31
Valid weekdays: Saturday, Sunday
When: 23:30:00
Current Time: 2007-01-06 01:10:00
Valid Interval: 23:00:00-02:00:00
Valid days of month: 1, 2, 3, 4, 5, 6, 7, 8, 9, 10, 11, 12, 13, 14, 15, 16, 17, 18, 19, 20, 21, 22, 23, 24, 25, 26, 27, 28, 29, 30, 31
Valid weekdays: Saturday, Sunday
When: 23:30:00
Current Time: 2007-01-07 01:00:40
Valid Interval: 23:00:00-02:00:00
Valid days of month: 2
Valid weekdays: Saturday, Sunday
When: 23:30:00
Current Time: 2007-01-01 12:00:00
Valid Interval: 23:00:00-02:00:00
Valid days of month: 1, 2
Valid weekdays: Saturday, Sunday
When: 23:30:00
Current Time: 2007-01-05 23:30:00
Valid Interval: 23:00:00-02:00:00
Valid days of month: 1, 2
Valid weekdays: Saturday, Sunday
When: 23:30:00
Current Time: 2007-01-06 23:00:00</StdOut>
      </Output>
    </UnitTestResult>
    <UnitTestResult executionId="a5072549-6040-4c62-8211-6209aa66d75d" testId="526d4567-85d1-4514-94e2-069380a66ffe" testName="GetNextTimeToTrigger_AbsoluteTimer_ReturnsCorrectTime (Data Row 5)" computerName="ICSWS068" duration="00:00:00.0038928" startTime="2016-08-04T07:57:22.6461689+02:00" endTime="2016-08-04T07:57:22.6496715+02:00" testType="13cdc9d9-ddb5-4fa4-a97d-d965ccfc6d4b" outcome="Passed" testListId="8c84fa94-04c1-424b-9868-57a2d4851a1d" relativeResultsDirectory="a5072549-6040-4c62-8211-6209aa66d75d">
      <Output>
        <StdOut>TestContext Messages:
Valid Interval: 11:00:00-13:00:00
Valid days of month: 1, 2, 3, 4, 5, 6, 7, 8, 9, 10, 11, 12, 13, 14, 15, 16, 17, 18, 19, 20, 21, 22, 23, 24, 25, 26, 27, 28, 29, 30, 31
Valid weekdays: Monday, Tuesday, Wednesday, Thursday, Friday, Saturday, Sunday
When: 12:00:00
Current Time: 2011-01-01 00:00:00
Valid Interval: 11:00:00-13:00:00
Valid days of month: 1, 2, 3, 4, 5, 6, 7, 8, 9, 10, 11, 12, 13, 14, 15, 16, 17, 18, 19, 20, 21, 22, 23, 24, 25, 26, 27, 28, 29, 30, 31
Valid weekdays: Monday, Tuesday, Wednesday, Thursday, Friday, Saturday, Sunday
When: 12:00:00
Current Time: 2011-01-01 09:00:00
Valid Interval: 11:00:00-13:00:00
Valid days of month: 1, 2, 3, 4, 5, 6, 7, 8, 9, 10, 11, 12, 13, 14, 15, 16, 17, 18, 19, 20, 21, 22, 23, 24, 25, 26, 27, 28, 29, 30, 31
Valid weekdays: Monday, Tuesday, Wednesday, Thursday, Friday, Saturday, Sunday
When: 12:00:00
Current Time: 2011-01-01 11:00:00
Valid Interval: 11:00:00-13:00:00
Valid days of month: 1, 2, 3, 4, 5, 6, 7, 8, 9, 10, 11, 12, 13, 14, 15, 16, 17, 18, 19, 20, 21, 22, 23, 24, 25, 26, 27, 28, 29, 30, 31
Valid weekdays: Monday, Tuesday, Wednesday, Thursday, Friday, Saturday, Sunday
When: 12:00:00
Current Time: 2011-01-01 12:00:00
Valid Interval: 11:00:00-13:00:00
Valid days of month: 1, 2, 3, 4, 5, 6, 7, 8, 9, 10, 11, 12, 13, 14, 15, 16, 17, 18, 19, 20, 21, 22, 23, 24, 25, 26, 27, 28, 29, 30, 31
Valid weekdays: Monday, Tuesday, Wednesday, Thursday, Friday, Saturday, Sunday
When: 12:00:00
Current Time: 2011-01-01 12:30:00
Valid Interval: 11:00:00-13:00:00
Valid days of month: 1, 2, 3, 4, 5, 6, 7, 8, 9, 10, 11, 12, 13, 14, 15, 16, 17, 18, 19, 20, 21, 22, 23, 24, 25, 26, 27, 28, 29, 30, 31
Valid weekdays: Monday, Tuesday, Wednesday, Thursday, Friday, Saturday, Sunday
When: 12:00:00
Current Time: 2011-01-01 13:00:00
Valid Interval: 11:00:00-13:00:00
Valid days of month: 1, 2, 3, 4, 5, 6, 7, 8, 9, 10, 11, 12, 13, 14, 15, 16, 17, 18, 19, 20, 21, 22, 23, 24, 25, 26, 27, 28, 29, 30, 31
Valid weekdays: Monday, Tuesday, Wednesday, Thursday, Friday, Saturday, Sunday
When: 12:00:00
Current Time: 2011-01-02 00:00:00
Valid Interval: 11:00:00-13:00:00
Valid days of month: 1, 2, 3, 4, 5, 6, 7, 8, 9, 10, 11, 12, 13, 14, 15, 16, 17, 18, 19, 20, 21, 22, 23, 24, 25, 26, 27, 28, 29, 30, 31
Valid weekdays: Monday, Tuesday, Wednesday, Thursday, Friday, Saturday, Sunday
When: 12:00:00
Current Time: 2011-01-02 09:00:00
Valid Interval: 11:00:00-13:00:00
Valid days of month: 1, 2, 3, 4, 5, 6, 7, 8, 9, 10, 11, 12, 13, 14, 15, 16, 17, 18, 19, 20, 21, 22, 23, 24, 25, 26, 27, 28, 29, 30, 31
Valid weekdays: Monday, Tuesday, Wednesday, Thursday, Friday, Saturday, Sunday
When: 12:00:00
Current Time: 2011-01-02 12:00:00
Valid Interval: 11:00:00-13:00:00
Valid days of month: 1, 2, 3, 4, 5, 6, 7, 8, 9, 10, 11, 12, 13, 14, 15, 16, 17, 18, 19, 20, 21, 22, 23, 24, 25, 26, 27, 28, 29, 30, 31
Valid weekdays: Monday, Tuesday, Wednesday, Thursday, Friday, Saturday, Sunday
When: 12:00:00
Current Time: 2011-01-02 12:45:30
Valid Interval: 11:00:00-13:00:00
Valid days of month: 1, 2, 3, 4, 5, 6, 7, 8, 9, 10, 11, 12, 13, 14, 15, 16, 17, 18, 19, 20, 21, 22, 23, 24, 25, 26, 27, 28, 29, 30, 31
Valid weekdays: Monday, Tuesday, Wednesday, Thursday, Friday, Saturday, Sunday
When: 12:00:00
Current Time: 2011-01-02 13:00:00
Valid Interval: 11:00:00-13:00:00
Valid days of month: 1, 2, 3, 4, 5, 6, 7, 8, 9, 10, 11, 12, 13, 14, 15, 16, 17, 18, 19, 20, 21, 22, 23, 24, 25, 26, 27, 28, 29, 30, 31
Valid weekdays: Monday, Tuesday, Wednesday, Thursday, Friday, Saturday, Sunday
When: 12:00:00
Current Time: 2011-01-01 12:00:00
Valid Interval: 11:00:00-13:00:00
Valid days of month: 1, 2, 3, 4, 5, 6, 7, 8, 9, 10, 11, 12, 13, 14, 15, 16, 17, 18, 19, 20, 21, 22, 23, 24, 25, 26, 27, 28, 29, 30, 31
Valid weekdays: Monday, Tuesday, Wednesday, Thursday, Friday, Saturday, Sunday
When: 12:00:00
Current Time: 2011-01-01 12:30:00
Valid Interval: 11:00:00-13:00:00
Valid days of month: 1, 2, 3, 4, 5, 6, 7, 8, 9, 10, 11, 12, 13, 14, 15, 16, 17, 18, 19, 20, 21, 22, 23, 24, 25, 26, 27, 28, 29, 30, 31
Valid weekdays: Monday, Tuesday, Wednesday, Thursday, Friday, Saturday, Sunday
When: 12:00:00
Current Time: 2011-01-01 12:30:00
Valid Interval: 11:00:00-13:00:00
Valid days of month: 1, 2, 3, 4, 5, 6, 7, 8, 9, 10, 11, 12, 13, 14, 15, 16, 17, 18, 19, 20, 21, 22, 23, 24, 25, 26, 27, 28, 29, 30, 31
Valid weekdays: Monday, Tuesday, Wednesday, Thursday, Friday, Saturday, Sunday
When: 12:00:00
Current Time: 2011-01-01 13:00:00
Valid Interval: 11:00:00-13:00:00
Valid days of month: 1, 2, 3, 4, 5, 6, 7, 8, 9, 10, 11, 12, 13, 14, 15, 16, 17, 18, 19, 20, 21, 22, 23, 24, 25, 26, 27, 28, 29, 30, 31
Valid weekdays: Monday, Tuesday, Wednesday, Thursday, Friday, Saturday, Sunday
When: 12:00:00
Current Time: 2011-01-01 14:30:00
Valid Interval: 23:00:00-13:00:00
Valid days of month: 1, 2, 3, 4, 5, 6, 7, 8, 9, 10, 11, 12, 13, 14, 15, 16, 17, 18, 19, 20, 21, 22, 23, 24, 25, 26, 27, 28, 29, 30, 31
Valid weekdays: Monday, Tuesday, Wednesday, Thursday, Friday, Saturday, Sunday
When: 23:30:00
Current Time: 2011-01-01 16:00:00
Valid Interval: 23:00:00-13:00:00
Valid days of month: 1, 2, 3, 4, 5, 6, 7, 8, 9, 10, 11, 12, 13, 14, 15, 16, 17, 18, 19, 20, 21, 22, 23, 24, 25, 26, 27, 28, 29, 30, 31
Valid weekdays: Monday, Tuesday, Wednesday, Thursday, Friday, Saturday, Sunday
When: 23:30:00
Current Time: 2011-01-01 23:00:00
Valid Interval: 23:00:00-13:00:00
Valid days of month: 1, 2, 3, 4, 5, 6, 7, 8, 9, 10, 11, 12, 13, 14, 15, 16, 17, 18, 19, 20, 21, 22, 23, 24, 25, 26, 27, 28, 29, 30, 31
Valid weekdays: Monday, Tuesday, Wednesday, Thursday, Friday, Saturday, Sunday
When: 23:30:00
Current Time: 2011-01-01 23:30:00
Valid Interval: 23:00:00-13:00:00
Valid days of month: 1, 2, 3, 4, 5, 6, 7, 8, 9, 10, 11, 12, 13, 14, 15, 16, 17, 18, 19, 20, 21, 22, 23, 24, 25, 26, 27, 28, 29, 30, 31
Valid weekdays: Monday, Tuesday, Wednesday, Thursday, Friday, Saturday, Sunday
When: 23:30:00
Current Time: 2011-01-01 23:45:00
Valid Interval: 23:00:00-13:00:00
Valid days of month: 1, 2, 3, 4, 5, 6, 7, 8, 9, 10, 11, 12, 13, 14, 15, 16, 17, 18, 19, 20, 21, 22, 23, 24, 25, 26, 27, 28, 29, 30, 31
Valid weekdays: Monday, Tuesday, Wednesday, Thursday, Friday, Saturday, Sunday
When: 23:30:00
Current Time: 2011-01-02 00:30:00
Valid Interval: 23:00:00-13:00:00
Valid days of month: 1, 2, 3, 4, 5, 6, 7, 8, 9, 10, 11, 12, 13, 14, 15, 16, 17, 18, 19, 20, 21, 22, 23, 24, 25, 26, 27, 28, 29, 30, 31
Valid weekdays: Monday, Tuesday, Wednesday, Thursday, Friday, Saturday, Sunday
When: 23:30:00
Current Time: 2011-01-01 13:00:00
Valid Interval: 23:00:00-13:00:00
Valid days of month: 1, 2, 3, 4, 5, 6, 7, 8, 9, 10, 11, 12, 13, 14, 15, 16, 17, 18, 19, 20, 21, 22, 23, 24, 25, 26, 27, 28, 29, 30, 31
Valid weekdays: Monday, Tuesday, Wednesday, Thursday, Friday, Saturday, Sunday
When: 01:00:00
Current Time: 2011-01-01 16:00:00
Valid Interval: 23:00:00-13:00:00
Valid days of month: 1, 2, 3, 4, 5, 6, 7, 8, 9, 10, 11, 12, 13, 14, 15, 16, 17, 18, 19, 20, 21, 22, 23, 24, 25, 26, 27, 28, 29, 30, 31
Valid weekdays: Monday, Tuesday, Wednesday, Thursday, Friday, Saturday, Sunday
When: 01:00:00
Current Time: 2011-01-01 23:00:00
Valid Interval: 23:00:00-13:00:00
Valid days of month: 1, 2, 3, 4, 5, 6, 7, 8, 9, 10, 11, 12, 13, 14, 15, 16, 17, 18, 19, 20, 21, 22, 23, 24, 25, 26, 27, 28, 29, 30, 31
Valid weekdays: Monday, Tuesday, Wednesday, Thursday, Friday, Saturday, Sunday
When: 01:00:00
Current Time: 2011-01-01 23:30:00
Valid Interval: 23:00:00-13:00:00
Valid days of month: 1, 2, 3, 4, 5, 6, 7, 8, 9, 10, 11, 12, 13, 14, 15, 16, 17, 18, 19, 20, 21, 22, 23, 24, 25, 26, 27, 28, 29, 30, 31
Valid weekdays: Monday, Tuesday, Wednesday, Thursday, Friday, Saturday, Sunday
When: 01:00:00
Current Time: 2011-01-02 00:30:00
Valid Interval: 23:00:00-13:00:00
Valid days of month: 1, 2, 3, 4, 5, 6, 7, 8, 9, 10, 11, 12, 13, 14, 15, 16, 17, 18, 19, 20, 21, 22, 23, 24, 25, 26, 27, 28, 29, 30, 31
Valid weekdays: Monday, Tuesday, Wednesday, Thursday, Friday, Saturday, Sunday
When: 01:00:00
Current Time: 2011-01-01 02:00:00
Valid Interval: 23:00:00-13:00:00
Valid days of month: 1, 2, 3, 4, 5, 6, 7, 8, 9, 10, 11, 12, 13, 14, 15, 16, 17, 18, 19, 20, 21, 22, 23, 24, 25, 26, 27, 28, 29, 30, 31
Valid weekdays: Monday, Tuesday, Wednesday, Thursday, Friday, Saturday, Sunday
When: 01:00:00
Current Time: 2011-01-01 13:00:00
Valid Interval: 23:00:00-13:00:00
Valid days of month: 1, 2, 3, 4, 5, 6, 7, 8, 9, 10, 11, 12, 13, 14, 15, 16, 17, 18, 19, 20, 21, 22, 23, 24, 25, 26, 27, 28, 29, 30, 31
Valid weekdays: Monday, Tuesday, Wednesday, Thursday, Friday, Saturday, Sunday
When: 23:30:00
Current Time: 2011-01-01 16:00:00
Valid Interval: 23:00:00-13:00:00
Valid days of month: 1, 2, 3, 4, 5, 6, 7, 8, 9, 10, 11, 12, 13, 14, 15, 16, 17, 18, 19, 20, 21, 22, 23, 24, 25, 26, 27, 28, 29, 30, 31
Valid weekdays: Monday, Tuesday, Wednesday, Thursday, Friday, Saturday, Sunday
When: 23:30:00
Current Time: 2011-01-01 23:00:00
Valid Interval: 23:00:00-13:00:00
Valid days of month: 1, 2, 3, 4, 5, 6, 7, 8, 9, 10, 11, 12, 13, 14, 15, 16, 17, 18, 19, 20, 21, 22, 23, 24, 25, 26, 27, 28, 29, 30, 31
Valid weekdays: Monday, Tuesday, Wednesday, Thursday, Friday, Saturday, Sunday
When: 23:30:00
Current Time: 2011-01-01 23:30:00
Valid Interval: 23:00:00-13:00:00
Valid days of month: 1, 2, 3, 4, 5, 6, 7, 8, 9, 10, 11, 12, 13, 14, 15, 16, 17, 18, 19, 20, 21, 22, 23, 24, 25, 26, 27, 28, 29, 30, 31
Valid weekdays: Monday, Tuesday, Wednesday, Thursday, Friday, Saturday, Sunday
When: 23:30:00
Current Time: 2011-01-01 23:45:00
Valid Interval: 23:00:00-13:00:00
Valid days of month: 1, 2, 3, 4, 5, 6, 7, 8, 9, 10, 11, 12, 13, 14, 15, 16, 17, 18, 19, 20, 21, 22, 23, 24, 25, 26, 27, 28, 29, 30, 31
Valid weekdays: Monday, Tuesday, Wednesday, Thursday, Friday, Saturday, Sunday
When: 23:30:00
Current Time: 2011-01-02 00:30:00
Valid Interval: 23:00:00-13:00:00
Valid days of month: 1, 2, 3, 4, 5, 6, 7, 8, 9, 10, 11, 12, 13, 14, 15, 16, 17, 18, 19, 20, 21, 22, 23, 24, 25, 26, 27, 28, 29, 30, 31
Valid weekdays: Monday, Tuesday, Wednesday, Thursday, Friday, Saturday, Sunday
When: 23:30:00
Current Time: 2011-01-01 13:00:00
Valid Interval: 23:00:00-13:00:00
Valid days of month: 1, 2, 3, 4, 5, 6, 7, 8, 9, 10, 11, 12, 13, 14, 15, 16, 17, 18, 19, 20, 21, 22, 23, 24, 25, 26, 27, 28, 29, 30, 31
Valid weekdays: Monday, Tuesday, Wednesday, Thursday, Friday, Saturday, Sunday
When: 01:00:00
Current Time: 2011-01-01 16:00:00
Valid Interval: 23:00:00-13:00:00
Valid days of month: 1, 2, 3, 4, 5, 6, 7, 8, 9, 10, 11, 12, 13, 14, 15, 16, 17, 18, 19, 20, 21, 22, 23, 24, 25, 26, 27, 28, 29, 30, 31
Valid weekdays: Monday, Tuesday, Wednesday, Thursday, Friday, Saturday, Sunday
When: 01:00:00
Current Time: 2011-01-01 23:00:00
Valid Interval: 23:00:00-13:00:00
Valid days of month: 1, 2, 3, 4, 5, 6, 7, 8, 9, 10, 11, 12, 13, 14, 15, 16, 17, 18, 19, 20, 21, 22, 23, 24, 25, 26, 27, 28, 29, 30, 31
Valid weekdays: Monday, Tuesday, Wednesday, Thursday, Friday, Saturday, Sunday
When: 01:00:00
Current Time: 2011-01-01 23:30:00
Valid Interval: 23:00:00-13:00:00
Valid days of month: 1, 2, 3, 4, 5, 6, 7, 8, 9, 10, 11, 12, 13, 14, 15, 16, 17, 18, 19, 20, 21, 22, 23, 24, 25, 26, 27, 28, 29, 30, 31
Valid weekdays: Monday, Tuesday, Wednesday, Thursday, Friday, Saturday, Sunday
When: 01:00:00
Current Time: 2011-01-02 00:30:00
Valid Interval: 23:00:00-13:00:00
Valid days of month: 1, 2, 3, 4, 5, 6, 7, 8, 9, 10, 11, 12, 13, 14, 15, 16, 17, 18, 19, 20, 21, 22, 23, 24, 25, 26, 27, 28, 29, 30, 31
Valid weekdays: Monday, Tuesday, Wednesday, Thursday, Friday, Saturday, Sunday
When: 01:00:00
Current Time: 2011-01-02 02:00:00
Valid Interval: 23:00:00-13:00:00
Valid days of month: 1, 2, 3, 4, 5, 6, 7, 8, 9, 10, 11, 12, 13, 14, 15, 16, 17, 18, 19, 20, 21, 22, 23, 24, 25, 26, 27, 28, 29, 30, 31
Valid weekdays: Monday, Tuesday, Wednesday, Thursday, Friday, Saturday, Sunday
When: 01:00:00
Current Time: 2011-01-02 13:00:00
Valid Interval: 23:00:00-13:00:00
Valid days of month: 1, 2, 3, 4, 5, 6, 7, 8, 9, 10, 11, 12, 13, 14, 15, 16, 17, 18, 19, 20, 21, 22, 23, 24, 25, 26, 27, 28, 29, 30, 31
Valid weekdays: Monday, Tuesday, Wednesday, Thursday, Friday, Saturday, Sunday
When: 23:30:00
Current Time: 2011-01-01 23:30:05
Valid Interval: 23:00:00-13:00:00
Valid days of month: 1, 2, 3, 4, 5, 6, 7, 8, 9, 10, 11, 12, 13, 14, 15, 16, 17, 18, 19, 20, 21, 22, 23, 24, 25, 26, 27, 28, 29, 30, 31
Valid weekdays: Monday, Tuesday, Wednesday, Thursday, Friday, Saturday, Sunday
When: 23:30:00
Current Time: 2011-01-02 00:30:00
Valid Interval: 23:00:00-13:00:00
Valid days of month: 1, 2, 3, 4, 5, 6, 7, 8, 9, 10, 11, 12, 13, 14, 15, 16, 17, 18, 19, 20, 21, 22, 23, 24, 25, 26, 27, 28, 29, 30, 31
Valid weekdays: Monday, Tuesday, Wednesday, Thursday, Friday, Saturday, Sunday
When: 23:30:00
Current Time: 2011-01-02 13:00:00
Valid Interval: 23:00:00-13:00:00
Valid days of month: 1, 2, 3, 4, 5, 6, 7, 8, 9, 10, 11, 12, 13, 14, 15, 16, 17, 18, 19, 20, 21, 22, 23, 24, 25, 26, 27, 28, 29, 30, 31
Valid weekdays: Monday, Tuesday, Wednesday, Thursday, Friday, Saturday, Sunday
When: 01:00:00
Current Time: 2011-01-01 02:00:00
Valid Interval: 23:00:00-13:00:00
Valid days of month: 1, 2, 3, 4, 5, 6, 7, 8, 9, 10, 11, 12, 13, 14, 15, 16, 17, 18, 19, 20, 21, 22, 23, 24, 25, 26, 27, 28, 29, 30, 31
Valid weekdays: Monday, Tuesday, Wednesday, Thursday, Friday, Saturday, Sunday
When: 01:00:00
Current Time: 2011-01-02 02:00:00
Valid Interval: 13:00:00-16:00:00
Valid days of month: 1, 2, 3, 4, 5, 6, 7, 8, 9, 10, 11, 12, 13, 14, 15, 16, 17, 18, 19, 20, 21, 22, 23, 24, 25, 26, 27, 28, 29, 30, 31
Valid weekdays: Saturday, Sunday
When: 14:00:00
Current Time: 2007-01-01 12:00:00
Valid Interval: 13:00:00-16:00:00
Valid days of month: 1, 2, 3, 4, 5, 6, 7, 8, 9, 10, 11, 12, 13, 14, 15, 16, 17, 18, 19, 20, 21, 22, 23, 24, 25, 26, 27, 28, 29, 30, 31
Valid weekdays: Saturday, Sunday
When: 14:00:00
Current Time: 2007-01-02 13:30:00
Valid Interval: 13:00:00-16:00:00
Valid days of month: 1, 2, 3, 4, 5, 6, 7, 8, 9, 10, 11, 12, 13, 14, 15, 16, 17, 18, 19, 20, 21, 22, 23, 24, 25, 26, 27, 28, 29, 30, 31
Valid weekdays: Saturday, Sunday
When: 14:00:00
Current Time: 2007-01-06 13:30:00
Valid Interval: 13:00:00-16:00:00
Valid days of month: 1, 2, 3, 4, 5, 6, 7, 8, 9, 10, 11, 12, 13, 14, 15, 16, 17, 18, 19, 20, 21, 22, 23, 24, 25, 26, 27, 28, 29, 30, 31
Valid weekdays: Saturday, Sunday
When: 14:00:00
Current Time: 2007-01-06 14:30:00
Valid Interval: 13:00:00-16:00:00
Valid days of month: 1, 2, 3, 4, 5, 6, 7, 8, 9, 10, 11, 12, 13, 14, 15, 16, 17, 18, 19, 20, 21, 22, 23, 24, 25, 26, 27, 28, 29, 30, 31
Valid weekdays: Saturday, Sunday
When: 14:00:00
Current Time: 2007-01-06 16:30:00
Valid Interval: 13:00:00-16:00:00
Valid days of month: 1, 2, 3, 4, 5, 6, 7, 8, 9, 10, 11, 12, 13, 14, 15, 16, 17, 18, 19, 20, 21, 22, 23, 24, 25, 26, 27, 28, 29, 30, 31
Valid weekdays: Saturday, Sunday
When: 14:00:00
Current Time: 2007-01-07 16:00:00
Valid Interval: 23:00:00-02:00:00
Valid days of month: 1, 2, 3, 4, 5, 6, 7, 8, 9, 10, 11, 12, 13, 14, 15, 16, 17, 18, 19, 20, 21, 22, 23, 24, 25, 26, 27, 28, 29, 30, 31
Valid weekdays: Saturday, Sunday
When: 01:00:00
Current Time: 2007-01-01 12:00:00
Valid Interval: 23:00:00-02:00:00
Valid days of month: 1, 2, 3, 4, 5, 6, 7, 8, 9, 10, 11, 12, 13, 14, 15, 16, 17, 18, 19, 20, 21, 22, 23, 24, 25, 26, 27, 28, 29, 30, 31
Valid weekdays: Saturday, Sunday
When: 01:00:00
Current Time: 2007-01-02 01:00:00
Valid Interval: 23:00:00-02:00:00
Valid days of month: 1, 2, 3, 4, 5, 6, 7, 8, 9, 10, 11, 12, 13, 14, 15, 16, 17, 18, 19, 20, 21, 22, 23, 24, 25, 26, 27, 28, 29, 30, 31
Valid weekdays: Saturday, Sunday
When: 01:00:00
Current Time: 2007-01-06 00:30:00
Valid Interval: 23:00:00-02:00:00
Valid days of month: 1, 2, 3, 4, 5, 6, 7, 8, 9, 10, 11, 12, 13, 14, 15, 16, 17, 18, 19, 20, 21, 22, 23, 24, 25, 26, 27, 28, 29, 30, 31
Valid weekdays: Saturday, Sunday
When: 01:00:00
Current Time: 2007-01-06 01:30:00
Valid Interval: 23:00:00-02:00:00
Valid days of month: 1, 2, 3, 4, 5, 6, 7, 8, 9, 10, 11, 12, 13, 14, 15, 16, 17, 18, 19, 20, 21, 22, 23, 24, 25, 26, 27, 28, 29, 30, 31
Valid weekdays: Saturday, Sunday
When: 01:00:00
Current Time: 2007-01-06 02:30:00
Valid Interval: 23:00:00-02:00:00
Valid days of month: 1, 2, 3, 4, 5, 6, 7, 8, 9, 10, 11, 12, 13, 14, 15, 16, 17, 18, 19, 20, 21, 22, 23, 24, 25, 26, 27, 28, 29, 30, 31
Valid weekdays: Saturday, Sunday
When: 01:00:00
Current Time: 2007-01-07 02:00:00
Valid Interval: 23:00:00-02:00:00
Valid days of month: 1, 2, 3, 4, 5, 6, 7, 8, 9, 10, 11, 12, 13, 14, 15, 16, 17, 18, 19, 20, 21, 22, 23, 24, 25, 26, 27, 28, 29, 30, 31
Valid weekdays: Saturday, Sunday
When: 23:30:00
Current Time: 2007-01-01 12:00:00
Valid Interval: 23:00:00-02:00:00
Valid days of month: 1, 2, 3, 4, 5, 6, 7, 8, 9, 10, 11, 12, 13, 14, 15, 16, 17, 18, 19, 20, 21, 22, 23, 24, 25, 26, 27, 28, 29, 30, 31
Valid weekdays: Saturday, Sunday
When: 23:30:00
Current Time: 2007-01-05 23:30:00
Valid Interval: 23:00:00-02:00:00
Valid days of month: 1, 2, 3, 4, 5, 6, 7, 8, 9, 10, 11, 12, 13, 14, 15, 16, 17, 18, 19, 20, 21, 22, 23, 24, 25, 26, 27, 28, 29, 30, 31
Valid weekdays: Saturday, Sunday
When: 23:30:00
Current Time: 2007-01-06 23:00:00
Valid Interval: 23:00:00-02:00:00
Valid days of month: 1, 2, 3, 4, 5, 6, 7, 8, 9, 10, 11, 12, 13, 14, 15, 16, 17, 18, 19, 20, 21, 22, 23, 24, 25, 26, 27, 28, 29, 30, 31
Valid weekdays: Saturday, Sunday
When: 23:30:00
Current Time: 2007-01-06 02:00:00
Valid Interval: 23:00:00-02:00:00
Valid days of month: 1, 2, 3, 4, 5, 6, 7, 8, 9, 10, 11, 12, 13, 14, 15, 16, 17, 18, 19, 20, 21, 22, 23, 24, 25, 26, 27, 28, 29, 30, 31
Valid weekdays: Saturday, Sunday
When: 23:30:00
Current Time: 2007-01-07 23:40:00
Valid Interval: 23:00:00-02:00:00
Valid days of month: 1, 2, 3, 4, 5, 6, 7, 8, 9, 10, 11, 12, 13, 14, 15, 16, 17, 18, 19, 20, 21, 22, 23, 24, 25, 26, 27, 28, 29, 30, 31
Valid weekdays: Saturday, Sunday
When: 23:30:00
Current Time: 2007-01-07 01:00:00
Valid Interval: 13:00:00-16:00:00
Valid days of month: 1, 2, 3, 4, 5, 6, 7, 8, 9, 10, 11, 12, 13, 14, 15, 16, 17, 18, 19, 20, 21, 22, 23, 24, 25, 26, 27, 28, 29, 30, 31
Valid weekdays: Saturday, Sunday
When: 14:00:00
Current Time: 2007-01-01 12:00:00
Valid Interval: 13:00:00-16:00:00
Valid days of month: 1, 2, 3, 4, 5, 6, 7, 8, 9, 10, 11, 12, 13, 14, 15, 16, 17, 18, 19, 20, 21, 22, 23, 24, 25, 26, 27, 28, 29, 30, 31
Valid weekdays: Saturday, Sunday
When: 14:00:00
Current Time: 2007-01-02 13:30:00
Valid Interval: 13:00:00-16:00:00
Valid days of month: 1, 2, 3, 4, 5, 6, 7, 8, 9, 10, 11, 12, 13, 14, 15, 16, 17, 18, 19, 20, 21, 22, 23, 24, 25, 26, 27, 28, 29, 30, 31
Valid weekdays: Saturday, Sunday
When: 14:00:00
Current Time: 2007-01-06 13:30:00
Valid Interval: 13:00:00-16:00:00
Valid days of month: 1, 2, 3, 4, 5, 6, 7, 8, 9, 10, 11, 12, 13, 14, 15, 16, 17, 18, 19, 20, 21, 22, 23, 24, 25, 26, 27, 28, 29, 30, 31
Valid weekdays: Saturday, Sunday
When: 14:00:00
Current Time: 2007-01-06 14:30:00
Valid Interval: 13:00:00-16:00:00
Valid days of month: 1, 2, 3, 4, 5, 6, 7, 8, 9, 10, 11, 12, 13, 14, 15, 16, 17, 18, 19, 20, 21, 22, 23, 24, 25, 26, 27, 28, 29, 30, 31
Valid weekdays: Saturday, Sunday
When: 14:00:00
Current Time: 2007-01-06 16:30:00
Valid Interval: 13:00:00-16:00:00
Valid days of month: 1, 2, 3, 4, 5, 6, 7, 8, 9, 10, 11, 12, 13, 14, 15, 16, 17, 18, 19, 20, 21, 22, 23, 24, 25, 26, 27, 28, 29, 30, 31
Valid weekdays: Saturday, Sunday
When: 14:00:00
Current Time: 2007-01-07 16:00:00
Valid Interval: 23:00:00-02:00:00
Valid days of month: 1, 2, 3, 4, 5, 6, 7, 8, 9, 10, 11, 12, 13, 14, 15, 16, 17, 18, 19, 20, 21, 22, 23, 24, 25, 26, 27, 28, 29, 30, 31
Valid weekdays: Saturday, Sunday
When: 01:00:00
Current Time: 2007-01-01 12:00:00
Valid Interval: 23:00:00-02:00:00
Valid days of month: 1, 2, 3, 4, 5, 6, 7, 8, 9, 10, 11, 12, 13, 14, 15, 16, 17, 18, 19, 20, 21, 22, 23, 24, 25, 26, 27, 28, 29, 30, 31
Valid weekdays: Saturday, Sunday
When: 01:00:00
Current Time: 2007-01-02 01:00:00
Valid Interval: 23:00:00-02:00:00
Valid days of month: 1, 2, 3, 4, 5, 6, 7, 8, 9, 10, 11, 12, 13, 14, 15, 16, 17, 18, 19, 20, 21, 22, 23, 24, 25, 26, 27, 28, 29, 30, 31
Valid weekdays: Saturday, Sunday
When: 01:00:00
Current Time: 2007-01-06 00:30:00
Valid Interval: 23:00:00-02:00:00
Valid days of month: 1, 2, 3, 4, 5, 6, 7, 8, 9, 10, 11, 12, 13, 14, 15, 16, 17, 18, 19, 20, 21, 22, 23, 24, 25, 26, 27, 28, 29, 30, 31
Valid weekdays: Saturday, Sunday
When: 01:00:00
Current Time: 2007-01-06 02:30:00
Valid Interval: 23:00:00-02:00:00
Valid days of month: 1, 2, 3, 4, 5, 6, 7, 8, 9, 10, 11, 12, 13, 14, 15, 16, 17, 18, 19, 20, 21, 22, 23, 24, 25, 26, 27, 28, 29, 30, 31
Valid weekdays: Saturday, Sunday
When: 23:30:00
Current Time: 2007-01-01 12:00:00
Valid Interval: 23:00:00-02:00:00
Valid days of month: 1, 2, 3, 4, 5, 6, 7, 8, 9, 10, 11, 12, 13, 14, 15, 16, 17, 18, 19, 20, 21, 22, 23, 24, 25, 26, 27, 28, 29, 30, 31
Valid weekdays: Saturday, Sunday
When: 23:30:00
Current Time: 2007-01-05 23:30:00
Valid Interval: 23:00:00-02:00:00
Valid days of month: 1, 2, 3, 4, 5, 6, 7, 8, 9, 10, 11, 12, 13, 14, 15, 16, 17, 18, 19, 20, 21, 22, 23, 24, 25, 26, 27, 28, 29, 30, 31
Valid weekdays: Saturday, Sunday
When: 23:30:00
Current Time: 2007-01-06 23:00:00
Valid Interval: 23:00:00-02:00:00
Valid days of month: 1, 2, 3, 4, 5, 6, 7, 8, 9, 10, 11, 12, 13, 14, 15, 16, 17, 18, 19, 20, 21, 22, 23, 24, 25, 26, 27, 28, 29, 30, 31
Valid weekdays: Saturday, Sunday
When: 23:30:00
Current Time: 2007-01-06 02:00:00
Valid Interval: 23:00:00-02:00:00
Valid days of month: 1, 2, 3, 4, 5, 6, 7, 8, 9, 10, 11, 12, 13, 14, 15, 16, 17, 18, 19, 20, 21, 22, 23, 24, 25, 26, 27, 28, 29, 30, 31
Valid weekdays: Saturday, Sunday
When: 23:30:00
Current Time: 2007-01-07 23:40:00
Valid Interval: 23:00:00-02:00:00
Valid days of month: 1, 2, 3, 4, 5, 6, 7, 8, 9, 10, 11, 12, 13, 14, 15, 16, 17, 18, 19, 20, 21, 22, 23, 24, 25, 26, 27, 28, 29, 30, 31
Valid weekdays: Saturday, Sunday
When: 23:30:00
Current Time: 2007-01-07 01:00:00
Valid Interval: 13:00:00-16:00:00
Valid days of month: 1, 2, 3, 4, 5, 6, 7, 8, 9, 10, 11, 12, 13, 14, 15, 16, 17, 18, 19, 20, 21, 22, 23, 24, 25, 26, 27, 28, 29, 30, 31
Valid weekdays: Saturday, Sunday
When: 14:00:00
Current Time: 2007-01-06 14:30:00
Valid Interval: 13:00:00-16:00:00
Valid days of month: 1, 2, 3, 4, 5, 6, 7, 8, 9, 10, 11, 12, 13, 14, 15, 16, 17, 18, 19, 20, 21, 22, 23, 24, 25, 26, 27, 28, 29, 30, 31
Valid weekdays: Saturday, Sunday
When: 14:00:00
Current Time: 2007-01-07 15:00:00
Valid Interval: 23:00:00-02:00:00
Valid days of month: 1, 2, 3, 4, 5, 6, 7, 8, 9, 10, 11, 12, 13, 14, 15, 16, 17, 18, 19, 20, 21, 22, 23, 24, 25, 26, 27, 28, 29, 30, 31
Valid weekdays: Saturday, Sunday
When: 01:00:00
Current Time: 2007-01-06 01:30:00
Valid Interval: 23:00:00-02:00:00
Valid days of month: 1, 2, 3, 4, 5, 6, 7, 8, 9, 10, 11, 12, 13, 14, 15, 16, 17, 18, 19, 20, 21, 22, 23, 24, 25, 26, 27, 28, 29, 30, 31
Valid weekdays: Saturday, Sunday
When: 01:00:00
Current Time: 2007-01-07 01:30:00
Valid Interval: 23:00:00-02:00:00
Valid days of month: 1, 2, 3, 4, 5, 6, 7, 8, 9, 10, 11, 12, 13, 14, 15, 16, 17, 18, 19, 20, 21, 22, 23, 24, 25, 26, 27, 28, 29, 30, 31
Valid weekdays: Saturday, Sunday
When: 23:30:00
Current Time: 2007-01-06 23:02:00
Valid Interval: 23:00:00-02:00:00
Valid days of month: 1, 2, 3, 4, 5, 6, 7, 8, 9, 10, 11, 12, 13, 14, 15, 16, 17, 18, 19, 20, 21, 22, 23, 24, 25, 26, 27, 28, 29, 30, 31
Valid weekdays: Saturday, Sunday
When: 23:30:00
Current Time: 2007-01-06 01:10:00
Valid Interval: 23:00:00-02:00:00
Valid days of month: 1, 2, 3, 4, 5, 6, 7, 8, 9, 10, 11, 12, 13, 14, 15, 16, 17, 18, 19, 20, 21, 22, 23, 24, 25, 26, 27, 28, 29, 30, 31
Valid weekdays: Saturday, Sunday
When: 23:30:00
Current Time: 2007-01-07 01:00:40
Valid Interval: 23:00:00-02:00:00
Valid days of month: 2
Valid weekdays: Saturday, Sunday
When: 23:30:00
Current Time: 2007-01-01 12:00:00
Valid Interval: 23:00:00-02:00:00
Valid days of month: 1, 2
Valid weekdays: Saturday, Sunday
When: 23:30:00
Current Time: 2007-01-05 23:30:00
Valid Interval: 23:00:00-02:00:00
Valid days of month: 1, 2
Valid weekdays: Saturday, Sunday
When: 23:30:00
Current Time: 2007-01-06 23:00:00</StdOut>
      </Output>
    </UnitTestResult>
    <UnitTestResult executionId="3d8815a9-0299-416c-90a6-fe5de95682b7" testId="c18fb46e-f1e8-4dd7-94aa-198cb181a4bc" testName="GetNextTimeToTrigger_AbsoluteTimer_ReturnsCorrectTime (Data Row 6)" computerName="ICSWS068" duration="00:00:00.0042919" startTime="2016-08-04T07:57:22.6496715+02:00" endTime="2016-08-04T07:57:22.6541749+02:00" testType="13cdc9d9-ddb5-4fa4-a97d-d965ccfc6d4b" outcome="Passed" testListId="8c84fa94-04c1-424b-9868-57a2d4851a1d" relativeResultsDirectory="3d8815a9-0299-416c-90a6-fe5de95682b7">
      <Output>
        <StdOut>TestContext Messages:
Valid Interval: 11:00:00-13:00:00
Valid days of month: 1, 2, 3, 4, 5, 6, 7, 8, 9, 10, 11, 12, 13, 14, 15, 16, 17, 18, 19, 20, 21, 22, 23, 24, 25, 26, 27, 28, 29, 30, 31
Valid weekdays: Monday, Tuesday, Wednesday, Thursday, Friday, Saturday, Sunday
When: 12:00:00
Current Time: 2011-01-01 00:00:00
Valid Interval: 11:00:00-13:00:00
Valid days of month: 1, 2, 3, 4, 5, 6, 7, 8, 9, 10, 11, 12, 13, 14, 15, 16, 17, 18, 19, 20, 21, 22, 23, 24, 25, 26, 27, 28, 29, 30, 31
Valid weekdays: Monday, Tuesday, Wednesday, Thursday, Friday, Saturday, Sunday
When: 12:00:00
Current Time: 2011-01-01 09:00:00
Valid Interval: 11:00:00-13:00:00
Valid days of month: 1, 2, 3, 4, 5, 6, 7, 8, 9, 10, 11, 12, 13, 14, 15, 16, 17, 18, 19, 20, 21, 22, 23, 24, 25, 26, 27, 28, 29, 30, 31
Valid weekdays: Monday, Tuesday, Wednesday, Thursday, Friday, Saturday, Sunday
When: 12:00:00
Current Time: 2011-01-01 11:00:00
Valid Interval: 11:00:00-13:00:00
Valid days of month: 1, 2, 3, 4, 5, 6, 7, 8, 9, 10, 11, 12, 13, 14, 15, 16, 17, 18, 19, 20, 21, 22, 23, 24, 25, 26, 27, 28, 29, 30, 31
Valid weekdays: Monday, Tuesday, Wednesday, Thursday, Friday, Saturday, Sunday
When: 12:00:00
Current Time: 2011-01-01 12:00:00
Valid Interval: 11:00:00-13:00:00
Valid days of month: 1, 2, 3, 4, 5, 6, 7, 8, 9, 10, 11, 12, 13, 14, 15, 16, 17, 18, 19, 20, 21, 22, 23, 24, 25, 26, 27, 28, 29, 30, 31
Valid weekdays: Monday, Tuesday, Wednesday, Thursday, Friday, Saturday, Sunday
When: 12:00:00
Current Time: 2011-01-01 12:30:00
Valid Interval: 11:00:00-13:00:00
Valid days of month: 1, 2, 3, 4, 5, 6, 7, 8, 9, 10, 11, 12, 13, 14, 15, 16, 17, 18, 19, 20, 21, 22, 23, 24, 25, 26, 27, 28, 29, 30, 31
Valid weekdays: Monday, Tuesday, Wednesday, Thursday, Friday, Saturday, Sunday
When: 12:00:00
Current Time: 2011-01-01 13:00:00
Valid Interval: 11:00:00-13:00:00
Valid days of month: 1, 2, 3, 4, 5, 6, 7, 8, 9, 10, 11, 12, 13, 14, 15, 16, 17, 18, 19, 20, 21, 22, 23, 24, 25, 26, 27, 28, 29, 30, 31
Valid weekdays: Monday, Tuesday, Wednesday, Thursday, Friday, Saturday, Sunday
When: 12:00:00
Current Time: 2011-01-02 00:00:00
Valid Interval: 11:00:00-13:00:00
Valid days of month: 1, 2, 3, 4, 5, 6, 7, 8, 9, 10, 11, 12, 13, 14, 15, 16, 17, 18, 19, 20, 21, 22, 23, 24, 25, 26, 27, 28, 29, 30, 31
Valid weekdays: Monday, Tuesday, Wednesday, Thursday, Friday, Saturday, Sunday
When: 12:00:00
Current Time: 2011-01-02 09:00:00
Valid Interval: 11:00:00-13:00:00
Valid days of month: 1, 2, 3, 4, 5, 6, 7, 8, 9, 10, 11, 12, 13, 14, 15, 16, 17, 18, 19, 20, 21, 22, 23, 24, 25, 26, 27, 28, 29, 30, 31
Valid weekdays: Monday, Tuesday, Wednesday, Thursday, Friday, Saturday, Sunday
When: 12:00:00
Current Time: 2011-01-02 12:00:00
Valid Interval: 11:00:00-13:00:00
Valid days of month: 1, 2, 3, 4, 5, 6, 7, 8, 9, 10, 11, 12, 13, 14, 15, 16, 17, 18, 19, 20, 21, 22, 23, 24, 25, 26, 27, 28, 29, 30, 31
Valid weekdays: Monday, Tuesday, Wednesday, Thursday, Friday, Saturday, Sunday
When: 12:00:00
Current Time: 2011-01-02 12:45:30
Valid Interval: 11:00:00-13:00:00
Valid days of month: 1, 2, 3, 4, 5, 6, 7, 8, 9, 10, 11, 12, 13, 14, 15, 16, 17, 18, 19, 20, 21, 22, 23, 24, 25, 26, 27, 28, 29, 30, 31
Valid weekdays: Monday, Tuesday, Wednesday, Thursday, Friday, Saturday, Sunday
When: 12:00:00
Current Time: 2011-01-02 13:00:00
Valid Interval: 11:00:00-13:00:00
Valid days of month: 1, 2, 3, 4, 5, 6, 7, 8, 9, 10, 11, 12, 13, 14, 15, 16, 17, 18, 19, 20, 21, 22, 23, 24, 25, 26, 27, 28, 29, 30, 31
Valid weekdays: Monday, Tuesday, Wednesday, Thursday, Friday, Saturday, Sunday
When: 12:00:00
Current Time: 2011-01-01 12:00:00
Valid Interval: 11:00:00-13:00:00
Valid days of month: 1, 2, 3, 4, 5, 6, 7, 8, 9, 10, 11, 12, 13, 14, 15, 16, 17, 18, 19, 20, 21, 22, 23, 24, 25, 26, 27, 28, 29, 30, 31
Valid weekdays: Monday, Tuesday, Wednesday, Thursday, Friday, Saturday, Sunday
When: 12:00:00
Current Time: 2011-01-01 12:30:00
Valid Interval: 11:00:00-13:00:00
Valid days of month: 1, 2, 3, 4, 5, 6, 7, 8, 9, 10, 11, 12, 13, 14, 15, 16, 17, 18, 19, 20, 21, 22, 23, 24, 25, 26, 27, 28, 29, 30, 31
Valid weekdays: Monday, Tuesday, Wednesday, Thursday, Friday, Saturday, Sunday
When: 12:00:00
Current Time: 2011-01-01 12:30:00
Valid Interval: 11:00:00-13:00:00
Valid days of month: 1, 2, 3, 4, 5, 6, 7, 8, 9, 10, 11, 12, 13, 14, 15, 16, 17, 18, 19, 20, 21, 22, 23, 24, 25, 26, 27, 28, 29, 30, 31
Valid weekdays: Monday, Tuesday, Wednesday, Thursday, Friday, Saturday, Sunday
When: 12:00:00
Current Time: 2011-01-01 13:00:00
Valid Interval: 11:00:00-13:00:00
Valid days of month: 1, 2, 3, 4, 5, 6, 7, 8, 9, 10, 11, 12, 13, 14, 15, 16, 17, 18, 19, 20, 21, 22, 23, 24, 25, 26, 27, 28, 29, 30, 31
Valid weekdays: Monday, Tuesday, Wednesday, Thursday, Friday, Saturday, Sunday
When: 12:00:00
Current Time: 2011-01-01 14:30:00
Valid Interval: 23:00:00-13:00:00
Valid days of month: 1, 2, 3, 4, 5, 6, 7, 8, 9, 10, 11, 12, 13, 14, 15, 16, 17, 18, 19, 20, 21, 22, 23, 24, 25, 26, 27, 28, 29, 30, 31
Valid weekdays: Monday, Tuesday, Wednesday, Thursday, Friday, Saturday, Sunday
When: 23:30:00
Current Time: 2011-01-01 16:00:00
Valid Interval: 23:00:00-13:00:00
Valid days of month: 1, 2, 3, 4, 5, 6, 7, 8, 9, 10, 11, 12, 13, 14, 15, 16, 17, 18, 19, 20, 21, 22, 23, 24, 25, 26, 27, 28, 29, 30, 31
Valid weekdays: Monday, Tuesday, Wednesday, Thursday, Friday, Saturday, Sunday
When: 23:30:00
Current Time: 2011-01-01 23:00:00
Valid Interval: 23:00:00-13:00:00
Valid days of month: 1, 2, 3, 4, 5, 6, 7, 8, 9, 10, 11, 12, 13, 14, 15, 16, 17, 18, 19, 20, 21, 22, 23, 24, 25, 26, 27, 28, 29, 30, 31
Valid weekdays: Monday, Tuesday, Wednesday, Thursday, Friday, Saturday, Sunday
When: 23:30:00
Current Time: 2011-01-01 23:30:00
Valid Interval: 23:00:00-13:00:00
Valid days of month: 1, 2, 3, 4, 5, 6, 7, 8, 9, 10, 11, 12, 13, 14, 15, 16, 17, 18, 19, 20, 21, 22, 23, 24, 25, 26, 27, 28, 29, 30, 31
Valid weekdays: Monday, Tuesday, Wednesday, Thursday, Friday, Saturday, Sunday
When: 23:30:00
Current Time: 2011-01-01 23:45:00
Valid Interval: 23:00:00-13:00:00
Valid days of month: 1, 2, 3, 4, 5, 6, 7, 8, 9, 10, 11, 12, 13, 14, 15, 16, 17, 18, 19, 20, 21, 22, 23, 24, 25, 26, 27, 28, 29, 30, 31
Valid weekdays: Monday, Tuesday, Wednesday, Thursday, Friday, Saturday, Sunday
When: 23:30:00
Current Time: 2011-01-02 00:30:00
Valid Interval: 23:00:00-13:00:00
Valid days of month: 1, 2, 3, 4, 5, 6, 7, 8, 9, 10, 11, 12, 13, 14, 15, 16, 17, 18, 19, 20, 21, 22, 23, 24, 25, 26, 27, 28, 29, 30, 31
Valid weekdays: Monday, Tuesday, Wednesday, Thursday, Friday, Saturday, Sunday
When: 23:30:00
Current Time: 2011-01-01 13:00:00
Valid Interval: 23:00:00-13:00:00
Valid days of month: 1, 2, 3, 4, 5, 6, 7, 8, 9, 10, 11, 12, 13, 14, 15, 16, 17, 18, 19, 20, 21, 22, 23, 24, 25, 26, 27, 28, 29, 30, 31
Valid weekdays: Monday, Tuesday, Wednesday, Thursday, Friday, Saturday, Sunday
When: 01:00:00
Current Time: 2011-01-01 16:00:00
Valid Interval: 23:00:00-13:00:00
Valid days of month: 1, 2, 3, 4, 5, 6, 7, 8, 9, 10, 11, 12, 13, 14, 15, 16, 17, 18, 19, 20, 21, 22, 23, 24, 25, 26, 27, 28, 29, 30, 31
Valid weekdays: Monday, Tuesday, Wednesday, Thursday, Friday, Saturday, Sunday
When: 01:00:00
Current Time: 2011-01-01 23:00:00
Valid Interval: 23:00:00-13:00:00
Valid days of month: 1, 2, 3, 4, 5, 6, 7, 8, 9, 10, 11, 12, 13, 14, 15, 16, 17, 18, 19, 20, 21, 22, 23, 24, 25, 26, 27, 28, 29, 30, 31
Valid weekdays: Monday, Tuesday, Wednesday, Thursday, Friday, Saturday, Sunday
When: 01:00:00
Current Time: 2011-01-01 23:30:00
Valid Interval: 23:00:00-13:00:00
Valid days of month: 1, 2, 3, 4, 5, 6, 7, 8, 9, 10, 11, 12, 13, 14, 15, 16, 17, 18, 19, 20, 21, 22, 23, 24, 25, 26, 27, 28, 29, 30, 31
Valid weekdays: Monday, Tuesday, Wednesday, Thursday, Friday, Saturday, Sunday
When: 01:00:00
Current Time: 2011-01-02 00:30:00
Valid Interval: 23:00:00-13:00:00
Valid days of month: 1, 2, 3, 4, 5, 6, 7, 8, 9, 10, 11, 12, 13, 14, 15, 16, 17, 18, 19, 20, 21, 22, 23, 24, 25, 26, 27, 28, 29, 30, 31
Valid weekdays: Monday, Tuesday, Wednesday, Thursday, Friday, Saturday, Sunday
When: 01:00:00
Current Time: 2011-01-01 02:00:00
Valid Interval: 23:00:00-13:00:00
Valid days of month: 1, 2, 3, 4, 5, 6, 7, 8, 9, 10, 11, 12, 13, 14, 15, 16, 17, 18, 19, 20, 21, 22, 23, 24, 25, 26, 27, 28, 29, 30, 31
Valid weekdays: Monday, Tuesday, Wednesday, Thursday, Friday, Saturday, Sunday
When: 01:00:00
Current Time: 2011-01-01 13:00:00
Valid Interval: 23:00:00-13:00:00
Valid days of month: 1, 2, 3, 4, 5, 6, 7, 8, 9, 10, 11, 12, 13, 14, 15, 16, 17, 18, 19, 20, 21, 22, 23, 24, 25, 26, 27, 28, 29, 30, 31
Valid weekdays: Monday, Tuesday, Wednesday, Thursday, Friday, Saturday, Sunday
When: 23:30:00
Current Time: 2011-01-01 16:00:00
Valid Interval: 23:00:00-13:00:00
Valid days of month: 1, 2, 3, 4, 5, 6, 7, 8, 9, 10, 11, 12, 13, 14, 15, 16, 17, 18, 19, 20, 21, 22, 23, 24, 25, 26, 27, 28, 29, 30, 31
Valid weekdays: Monday, Tuesday, Wednesday, Thursday, Friday, Saturday, Sunday
When: 23:30:00
Current Time: 2011-01-01 23:00:00
Valid Interval: 23:00:00-13:00:00
Valid days of month: 1, 2, 3, 4, 5, 6, 7, 8, 9, 10, 11, 12, 13, 14, 15, 16, 17, 18, 19, 20, 21, 22, 23, 24, 25, 26, 27, 28, 29, 30, 31
Valid weekdays: Monday, Tuesday, Wednesday, Thursday, Friday, Saturday, Sunday
When: 23:30:00
Current Time: 2011-01-01 23:30:00
Valid Interval: 23:00:00-13:00:00
Valid days of month: 1, 2, 3, 4, 5, 6, 7, 8, 9, 10, 11, 12, 13, 14, 15, 16, 17, 18, 19, 20, 21, 22, 23, 24, 25, 26, 27, 28, 29, 30, 31
Valid weekdays: Monday, Tuesday, Wednesday, Thursday, Friday, Saturday, Sunday
When: 23:30:00
Current Time: 2011-01-01 23:45:00
Valid Interval: 23:00:00-13:00:00
Valid days of month: 1, 2, 3, 4, 5, 6, 7, 8, 9, 10, 11, 12, 13, 14, 15, 16, 17, 18, 19, 20, 21, 22, 23, 24, 25, 26, 27, 28, 29, 30, 31
Valid weekdays: Monday, Tuesday, Wednesday, Thursday, Friday, Saturday, Sunday
When: 23:30:00
Current Time: 2011-01-02 00:30:00
Valid Interval: 23:00:00-13:00:00
Valid days of month: 1, 2, 3, 4, 5, 6, 7, 8, 9, 10, 11, 12, 13, 14, 15, 16, 17, 18, 19, 20, 21, 22, 23, 24, 25, 26, 27, 28, 29, 30, 31
Valid weekdays: Monday, Tuesday, Wednesday, Thursday, Friday, Saturday, Sunday
When: 23:30:00
Current Time: 2011-01-01 13:00:00
Valid Interval: 23:00:00-13:00:00
Valid days of month: 1, 2, 3, 4, 5, 6, 7, 8, 9, 10, 11, 12, 13, 14, 15, 16, 17, 18, 19, 20, 21, 22, 23, 24, 25, 26, 27, 28, 29, 30, 31
Valid weekdays: Monday, Tuesday, Wednesday, Thursday, Friday, Saturday, Sunday
When: 01:00:00
Current Time: 2011-01-01 16:00:00
Valid Interval: 23:00:00-13:00:00
Valid days of month: 1, 2, 3, 4, 5, 6, 7, 8, 9, 10, 11, 12, 13, 14, 15, 16, 17, 18, 19, 20, 21, 22, 23, 24, 25, 26, 27, 28, 29, 30, 31
Valid weekdays: Monday, Tuesday, Wednesday, Thursday, Friday, Saturday, Sunday
When: 01:00:00
Current Time: 2011-01-01 23:00:00
Valid Interval: 23:00:00-13:00:00
Valid days of month: 1, 2, 3, 4, 5, 6, 7, 8, 9, 10, 11, 12, 13, 14, 15, 16, 17, 18, 19, 20, 21, 22, 23, 24, 25, 26, 27, 28, 29, 30, 31
Valid weekdays: Monday, Tuesday, Wednesday, Thursday, Friday, Saturday, Sunday
When: 01:00:00
Current Time: 2011-01-01 23:30:00
Valid Interval: 23:00:00-13:00:00
Valid days of month: 1, 2, 3, 4, 5, 6, 7, 8, 9, 10, 11, 12, 13, 14, 15, 16, 17, 18, 19, 20, 21, 22, 23, 24, 25, 26, 27, 28, 29, 30, 31
Valid weekdays: Monday, Tuesday, Wednesday, Thursday, Friday, Saturday, Sunday
When: 01:00:00
Current Time: 2011-01-02 00:30:00
Valid Interval: 23:00:00-13:00:00
Valid days of month: 1, 2, 3, 4, 5, 6, 7, 8, 9, 10, 11, 12, 13, 14, 15, 16, 17, 18, 19, 20, 21, 22, 23, 24, 25, 26, 27, 28, 29, 30, 31
Valid weekdays: Monday, Tuesday, Wednesday, Thursday, Friday, Saturday, Sunday
When: 01:00:00
Current Time: 2011-01-02 02:00:00
Valid Interval: 23:00:00-13:00:00
Valid days of month: 1, 2, 3, 4, 5, 6, 7, 8, 9, 10, 11, 12, 13, 14, 15, 16, 17, 18, 19, 20, 21, 22, 23, 24, 25, 26, 27, 28, 29, 30, 31
Valid weekdays: Monday, Tuesday, Wednesday, Thursday, Friday, Saturday, Sunday
When: 01:00:00
Current Time: 2011-01-02 13:00:00
Valid Interval: 23:00:00-13:00:00
Valid days of month: 1, 2, 3, 4, 5, 6, 7, 8, 9, 10, 11, 12, 13, 14, 15, 16, 17, 18, 19, 20, 21, 22, 23, 24, 25, 26, 27, 28, 29, 30, 31
Valid weekdays: Monday, Tuesday, Wednesday, Thursday, Friday, Saturday, Sunday
When: 23:30:00
Current Time: 2011-01-01 23:30:05
Valid Interval: 23:00:00-13:00:00
Valid days of month: 1, 2, 3, 4, 5, 6, 7, 8, 9, 10, 11, 12, 13, 14, 15, 16, 17, 18, 19, 20, 21, 22, 23, 24, 25, 26, 27, 28, 29, 30, 31
Valid weekdays: Monday, Tuesday, Wednesday, Thursday, Friday, Saturday, Sunday
When: 23:30:00
Current Time: 2011-01-02 00:30:00
Valid Interval: 23:00:00-13:00:00
Valid days of month: 1, 2, 3, 4, 5, 6, 7, 8, 9, 10, 11, 12, 13, 14, 15, 16, 17, 18, 19, 20, 21, 22, 23, 24, 25, 26, 27, 28, 29, 30, 31
Valid weekdays: Monday, Tuesday, Wednesday, Thursday, Friday, Saturday, Sunday
When: 23:30:00
Current Time: 2011-01-02 13:00:00
Valid Interval: 23:00:00-13:00:00
Valid days of month: 1, 2, 3, 4, 5, 6, 7, 8, 9, 10, 11, 12, 13, 14, 15, 16, 17, 18, 19, 20, 21, 22, 23, 24, 25, 26, 27, 28, 29, 30, 31
Valid weekdays: Monday, Tuesday, Wednesday, Thursday, Friday, Saturday, Sunday
When: 01:00:00
Current Time: 2011-01-01 02:00:00
Valid Interval: 23:00:00-13:00:00
Valid days of month: 1, 2, 3, 4, 5, 6, 7, 8, 9, 10, 11, 12, 13, 14, 15, 16, 17, 18, 19, 20, 21, 22, 23, 24, 25, 26, 27, 28, 29, 30, 31
Valid weekdays: Monday, Tuesday, Wednesday, Thursday, Friday, Saturday, Sunday
When: 01:00:00
Current Time: 2011-01-02 02:00:00
Valid Interval: 13:00:00-16:00:00
Valid days of month: 1, 2, 3, 4, 5, 6, 7, 8, 9, 10, 11, 12, 13, 14, 15, 16, 17, 18, 19, 20, 21, 22, 23, 24, 25, 26, 27, 28, 29, 30, 31
Valid weekdays: Saturday, Sunday
When: 14:00:00
Current Time: 2007-01-01 12:00:00
Valid Interval: 13:00:00-16:00:00
Valid days of month: 1, 2, 3, 4, 5, 6, 7, 8, 9, 10, 11, 12, 13, 14, 15, 16, 17, 18, 19, 20, 21, 22, 23, 24, 25, 26, 27, 28, 29, 30, 31
Valid weekdays: Saturday, Sunday
When: 14:00:00
Current Time: 2007-01-02 13:30:00
Valid Interval: 13:00:00-16:00:00
Valid days of month: 1, 2, 3, 4, 5, 6, 7, 8, 9, 10, 11, 12, 13, 14, 15, 16, 17, 18, 19, 20, 21, 22, 23, 24, 25, 26, 27, 28, 29, 30, 31
Valid weekdays: Saturday, Sunday
When: 14:00:00
Current Time: 2007-01-06 13:30:00
Valid Interval: 13:00:00-16:00:00
Valid days of month: 1, 2, 3, 4, 5, 6, 7, 8, 9, 10, 11, 12, 13, 14, 15, 16, 17, 18, 19, 20, 21, 22, 23, 24, 25, 26, 27, 28, 29, 30, 31
Valid weekdays: Saturday, Sunday
When: 14:00:00
Current Time: 2007-01-06 14:30:00
Valid Interval: 13:00:00-16:00:00
Valid days of month: 1, 2, 3, 4, 5, 6, 7, 8, 9, 10, 11, 12, 13, 14, 15, 16, 17, 18, 19, 20, 21, 22, 23, 24, 25, 26, 27, 28, 29, 30, 31
Valid weekdays: Saturday, Sunday
When: 14:00:00
Current Time: 2007-01-06 16:30:00
Valid Interval: 13:00:00-16:00:00
Valid days of month: 1, 2, 3, 4, 5, 6, 7, 8, 9, 10, 11, 12, 13, 14, 15, 16, 17, 18, 19, 20, 21, 22, 23, 24, 25, 26, 27, 28, 29, 30, 31
Valid weekdays: Saturday, Sunday
When: 14:00:00
Current Time: 2007-01-07 16:00:00
Valid Interval: 23:00:00-02:00:00
Valid days of month: 1, 2, 3, 4, 5, 6, 7, 8, 9, 10, 11, 12, 13, 14, 15, 16, 17, 18, 19, 20, 21, 22, 23, 24, 25, 26, 27, 28, 29, 30, 31
Valid weekdays: Saturday, Sunday
When: 01:00:00
Current Time: 2007-01-01 12:00:00
Valid Interval: 23:00:00-02:00:00
Valid days of month: 1, 2, 3, 4, 5, 6, 7, 8, 9, 10, 11, 12, 13, 14, 15, 16, 17, 18, 19, 20, 21, 22, 23, 24, 25, 26, 27, 28, 29, 30, 31
Valid weekdays: Saturday, Sunday
When: 01:00:00
Current Time: 2007-01-02 01:00:00
Valid Interval: 23:00:00-02:00:00
Valid days of month: 1, 2, 3, 4, 5, 6, 7, 8, 9, 10, 11, 12, 13, 14, 15, 16, 17, 18, 19, 20, 21, 22, 23, 24, 25, 26, 27, 28, 29, 30, 31
Valid weekdays: Saturday, Sunday
When: 01:00:00
Current Time: 2007-01-06 00:30:00
Valid Interval: 23:00:00-02:00:00
Valid days of month: 1, 2, 3, 4, 5, 6, 7, 8, 9, 10, 11, 12, 13, 14, 15, 16, 17, 18, 19, 20, 21, 22, 23, 24, 25, 26, 27, 28, 29, 30, 31
Valid weekdays: Saturday, Sunday
When: 01:00:00
Current Time: 2007-01-06 01:30:00
Valid Interval: 23:00:00-02:00:00
Valid days of month: 1, 2, 3, 4, 5, 6, 7, 8, 9, 10, 11, 12, 13, 14, 15, 16, 17, 18, 19, 20, 21, 22, 23, 24, 25, 26, 27, 28, 29, 30, 31
Valid weekdays: Saturday, Sunday
When: 01:00:00
Current Time: 2007-01-06 02:30:00
Valid Interval: 23:00:00-02:00:00
Valid days of month: 1, 2, 3, 4, 5, 6, 7, 8, 9, 10, 11, 12, 13, 14, 15, 16, 17, 18, 19, 20, 21, 22, 23, 24, 25, 26, 27, 28, 29, 30, 31
Valid weekdays: Saturday, Sunday
When: 01:00:00
Current Time: 2007-01-07 02:00:00
Valid Interval: 23:00:00-02:00:00
Valid days of month: 1, 2, 3, 4, 5, 6, 7, 8, 9, 10, 11, 12, 13, 14, 15, 16, 17, 18, 19, 20, 21, 22, 23, 24, 25, 26, 27, 28, 29, 30, 31
Valid weekdays: Saturday, Sunday
When: 23:30:00
Current Time: 2007-01-01 12:00:00
Valid Interval: 23:00:00-02:00:00
Valid days of month: 1, 2, 3, 4, 5, 6, 7, 8, 9, 10, 11, 12, 13, 14, 15, 16, 17, 18, 19, 20, 21, 22, 23, 24, 25, 26, 27, 28, 29, 30, 31
Valid weekdays: Saturday, Sunday
When: 23:30:00
Current Time: 2007-01-05 23:30:00
Valid Interval: 23:00:00-02:00:00
Valid days of month: 1, 2, 3, 4, 5, 6, 7, 8, 9, 10, 11, 12, 13, 14, 15, 16, 17, 18, 19, 20, 21, 22, 23, 24, 25, 26, 27, 28, 29, 30, 31
Valid weekdays: Saturday, Sunday
When: 23:30:00
Current Time: 2007-01-06 23:00:00
Valid Interval: 23:00:00-02:00:00
Valid days of month: 1, 2, 3, 4, 5, 6, 7, 8, 9, 10, 11, 12, 13, 14, 15, 16, 17, 18, 19, 20, 21, 22, 23, 24, 25, 26, 27, 28, 29, 30, 31
Valid weekdays: Saturday, Sunday
When: 23:30:00
Current Time: 2007-01-06 02:00:00
Valid Interval: 23:00:00-02:00:00
Valid days of month: 1, 2, 3, 4, 5, 6, 7, 8, 9, 10, 11, 12, 13, 14, 15, 16, 17, 18, 19, 20, 21, 22, 23, 24, 25, 26, 27, 28, 29, 30, 31
Valid weekdays: Saturday, Sunday
When: 23:30:00
Current Time: 2007-01-07 23:40:00
Valid Interval: 23:00:00-02:00:00
Valid days of month: 1, 2, 3, 4, 5, 6, 7, 8, 9, 10, 11, 12, 13, 14, 15, 16, 17, 18, 19, 20, 21, 22, 23, 24, 25, 26, 27, 28, 29, 30, 31
Valid weekdays: Saturday, Sunday
When: 23:30:00
Current Time: 2007-01-07 01:00:00
Valid Interval: 13:00:00-16:00:00
Valid days of month: 1, 2, 3, 4, 5, 6, 7, 8, 9, 10, 11, 12, 13, 14, 15, 16, 17, 18, 19, 20, 21, 22, 23, 24, 25, 26, 27, 28, 29, 30, 31
Valid weekdays: Saturday, Sunday
When: 14:00:00
Current Time: 2007-01-01 12:00:00
Valid Interval: 13:00:00-16:00:00
Valid days of month: 1, 2, 3, 4, 5, 6, 7, 8, 9, 10, 11, 12, 13, 14, 15, 16, 17, 18, 19, 20, 21, 22, 23, 24, 25, 26, 27, 28, 29, 30, 31
Valid weekdays: Saturday, Sunday
When: 14:00:00
Current Time: 2007-01-02 13:30:00
Valid Interval: 13:00:00-16:00:00
Valid days of month: 1, 2, 3, 4, 5, 6, 7, 8, 9, 10, 11, 12, 13, 14, 15, 16, 17, 18, 19, 20, 21, 22, 23, 24, 25, 26, 27, 28, 29, 30, 31
Valid weekdays: Saturday, Sunday
When: 14:00:00
Current Time: 2007-01-06 13:30:00
Valid Interval: 13:00:00-16:00:00
Valid days of month: 1, 2, 3, 4, 5, 6, 7, 8, 9, 10, 11, 12, 13, 14, 15, 16, 17, 18, 19, 20, 21, 22, 23, 24, 25, 26, 27, 28, 29, 30, 31
Valid weekdays: Saturday, Sunday
When: 14:00:00
Current Time: 2007-01-06 14:30:00
Valid Interval: 13:00:00-16:00:00
Valid days of month: 1, 2, 3, 4, 5, 6, 7, 8, 9, 10, 11, 12, 13, 14, 15, 16, 17, 18, 19, 20, 21, 22, 23, 24, 25, 26, 27, 28, 29, 30, 31
Valid weekdays: Saturday, Sunday
When: 14:00:00
Current Time: 2007-01-06 16:30:00
Valid Interval: 13:00:00-16:00:00
Valid days of month: 1, 2, 3, 4, 5, 6, 7, 8, 9, 10, 11, 12, 13, 14, 15, 16, 17, 18, 19, 20, 21, 22, 23, 24, 25, 26, 27, 28, 29, 30, 31
Valid weekdays: Saturday, Sunday
When: 14:00:00
Current Time: 2007-01-07 16:00:00
Valid Interval: 23:00:00-02:00:00
Valid days of month: 1, 2, 3, 4, 5, 6, 7, 8, 9, 10, 11, 12, 13, 14, 15, 16, 17, 18, 19, 20, 21, 22, 23, 24, 25, 26, 27, 28, 29, 30, 31
Valid weekdays: Saturday, Sunday
When: 01:00:00
Current Time: 2007-01-01 12:00:00
Valid Interval: 23:00:00-02:00:00
Valid days of month: 1, 2, 3, 4, 5, 6, 7, 8, 9, 10, 11, 12, 13, 14, 15, 16, 17, 18, 19, 20, 21, 22, 23, 24, 25, 26, 27, 28, 29, 30, 31
Valid weekdays: Saturday, Sunday
When: 01:00:00
Current Time: 2007-01-02 01:00:00
Valid Interval: 23:00:00-02:00:00
Valid days of month: 1, 2, 3, 4, 5, 6, 7, 8, 9, 10, 11, 12, 13, 14, 15, 16, 17, 18, 19, 20, 21, 22, 23, 24, 25, 26, 27, 28, 29, 30, 31
Valid weekdays: Saturday, Sunday
When: 01:00:00
Current Time: 2007-01-06 00:30:00
Valid Interval: 23:00:00-02:00:00
Valid days of month: 1, 2, 3, 4, 5, 6, 7, 8, 9, 10, 11, 12, 13, 14, 15, 16, 17, 18, 19, 20, 21, 22, 23, 24, 25, 26, 27, 28, 29, 30, 31
Valid weekdays: Saturday, Sunday
When: 01:00:00
Current Time: 2007-01-06 02:30:00
Valid Interval: 23:00:00-02:00:00
Valid days of month: 1, 2, 3, 4, 5, 6, 7, 8, 9, 10, 11, 12, 13, 14, 15, 16, 17, 18, 19, 20, 21, 22, 23, 24, 25, 26, 27, 28, 29, 30, 31
Valid weekdays: Saturday, Sunday
When: 23:30:00
Current Time: 2007-01-01 12:00:00
Valid Interval: 23:00:00-02:00:00
Valid days of month: 1, 2, 3, 4, 5, 6, 7, 8, 9, 10, 11, 12, 13, 14, 15, 16, 17, 18, 19, 20, 21, 22, 23, 24, 25, 26, 27, 28, 29, 30, 31
Valid weekdays: Saturday, Sunday
When: 23:30:00
Current Time: 2007-01-05 23:30:00
Valid Interval: 23:00:00-02:00:00
Valid days of month: 1, 2, 3, 4, 5, 6, 7, 8, 9, 10, 11, 12, 13, 14, 15, 16, 17, 18, 19, 20, 21, 22, 23, 24, 25, 26, 27, 28, 29, 30, 31
Valid weekdays: Saturday, Sunday
When: 23:30:00
Current Time: 2007-01-06 23:00:00
Valid Interval: 23:00:00-02:00:00
Valid days of month: 1, 2, 3, 4, 5, 6, 7, 8, 9, 10, 11, 12, 13, 14, 15, 16, 17, 18, 19, 20, 21, 22, 23, 24, 25, 26, 27, 28, 29, 30, 31
Valid weekdays: Saturday, Sunday
When: 23:30:00
Current Time: 2007-01-06 02:00:00
Valid Interval: 23:00:00-02:00:00
Valid days of month: 1, 2, 3, 4, 5, 6, 7, 8, 9, 10, 11, 12, 13, 14, 15, 16, 17, 18, 19, 20, 21, 22, 23, 24, 25, 26, 27, 28, 29, 30, 31
Valid weekdays: Saturday, Sunday
When: 23:30:00
Current Time: 2007-01-07 23:40:00
Valid Interval: 23:00:00-02:00:00
Valid days of month: 1, 2, 3, 4, 5, 6, 7, 8, 9, 10, 11, 12, 13, 14, 15, 16, 17, 18, 19, 20, 21, 22, 23, 24, 25, 26, 27, 28, 29, 30, 31
Valid weekdays: Saturday, Sunday
When: 23:30:00
Current Time: 2007-01-07 01:00:00
Valid Interval: 13:00:00-16:00:00
Valid days of month: 1, 2, 3, 4, 5, 6, 7, 8, 9, 10, 11, 12, 13, 14, 15, 16, 17, 18, 19, 20, 21, 22, 23, 24, 25, 26, 27, 28, 29, 30, 31
Valid weekdays: Saturday, Sunday
When: 14:00:00
Current Time: 2007-01-06 14:30:00
Valid Interval: 13:00:00-16:00:00
Valid days of month: 1, 2, 3, 4, 5, 6, 7, 8, 9, 10, 11, 12, 13, 14, 15, 16, 17, 18, 19, 20, 21, 22, 23, 24, 25, 26, 27, 28, 29, 30, 31
Valid weekdays: Saturday, Sunday
When: 14:00:00
Current Time: 2007-01-07 15:00:00
Valid Interval: 23:00:00-02:00:00
Valid days of month: 1, 2, 3, 4, 5, 6, 7, 8, 9, 10, 11, 12, 13, 14, 15, 16, 17, 18, 19, 20, 21, 22, 23, 24, 25, 26, 27, 28, 29, 30, 31
Valid weekdays: Saturday, Sunday
When: 01:00:00
Current Time: 2007-01-06 01:30:00
Valid Interval: 23:00:00-02:00:00
Valid days of month: 1, 2, 3, 4, 5, 6, 7, 8, 9, 10, 11, 12, 13, 14, 15, 16, 17, 18, 19, 20, 21, 22, 23, 24, 25, 26, 27, 28, 29, 30, 31
Valid weekdays: Saturday, Sunday
When: 01:00:00
Current Time: 2007-01-07 01:30:00
Valid Interval: 23:00:00-02:00:00
Valid days of month: 1, 2, 3, 4, 5, 6, 7, 8, 9, 10, 11, 12, 13, 14, 15, 16, 17, 18, 19, 20, 21, 22, 23, 24, 25, 26, 27, 28, 29, 30, 31
Valid weekdays: Saturday, Sunday
When: 23:30:00
Current Time: 2007-01-06 23:02:00
Valid Interval: 23:00:00-02:00:00
Valid days of month: 1, 2, 3, 4, 5, 6, 7, 8, 9, 10, 11, 12, 13, 14, 15, 16, 17, 18, 19, 20, 21, 22, 23, 24, 25, 26, 27, 28, 29, 30, 31
Valid weekdays: Saturday, Sunday
When: 23:30:00
Current Time: 2007-01-06 01:10:00
Valid Interval: 23:00:00-02:00:00
Valid days of month: 1, 2, 3, 4, 5, 6, 7, 8, 9, 10, 11, 12, 13, 14, 15, 16, 17, 18, 19, 20, 21, 22, 23, 24, 25, 26, 27, 28, 29, 30, 31
Valid weekdays: Saturday, Sunday
When: 23:30:00
Current Time: 2007-01-07 01:00:40
Valid Interval: 23:00:00-02:00:00
Valid days of month: 2
Valid weekdays: Saturday, Sunday
When: 23:30:00
Current Time: 2007-01-01 12:00:00
Valid Interval: 23:00:00-02:00:00
Valid days of month: 1, 2
Valid weekdays: Saturday, Sunday
When: 23:30:00
Current Time: 2007-01-05 23:30:00
Valid Interval: 23:00:00-02:00:00
Valid days of month: 1, 2
Valid weekdays: Saturday, Sunday
When: 23:30:00
Current Time: 2007-01-06 23:00:00</StdOut>
      </Output>
    </UnitTestResult>
    <UnitTestResult executionId="3e95085b-3cec-4d15-ae6d-e6906f6f89c1" testId="5da4558f-eb49-408e-bb4b-a7ae6f6fb85d" testName="GetNextTimeToTrigger_AbsoluteTimer_ReturnsCorrectTime (Data Row 7)" computerName="ICSWS068" duration="00:00:00.0038189" startTime="2016-08-04T07:57:22.6541749+02:00" endTime="2016-08-04T07:57:22.6581775+02:00" testType="13cdc9d9-ddb5-4fa4-a97d-d965ccfc6d4b" outcome="Passed" testListId="8c84fa94-04c1-424b-9868-57a2d4851a1d" relativeResultsDirectory="3e95085b-3cec-4d15-ae6d-e6906f6f89c1">
      <Output>
        <StdOut>TestContext Messages:
Valid Interval: 11:00:00-13:00:00
Valid days of month: 1, 2, 3, 4, 5, 6, 7, 8, 9, 10, 11, 12, 13, 14, 15, 16, 17, 18, 19, 20, 21, 22, 23, 24, 25, 26, 27, 28, 29, 30, 31
Valid weekdays: Monday, Tuesday, Wednesday, Thursday, Friday, Saturday, Sunday
When: 12:00:00
Current Time: 2011-01-01 00:00:00
Valid Interval: 11:00:00-13:00:00
Valid days of month: 1, 2, 3, 4, 5, 6, 7, 8, 9, 10, 11, 12, 13, 14, 15, 16, 17, 18, 19, 20, 21, 22, 23, 24, 25, 26, 27, 28, 29, 30, 31
Valid weekdays: Monday, Tuesday, Wednesday, Thursday, Friday, Saturday, Sunday
When: 12:00:00
Current Time: 2011-01-01 09:00:00
Valid Interval: 11:00:00-13:00:00
Valid days of month: 1, 2, 3, 4, 5, 6, 7, 8, 9, 10, 11, 12, 13, 14, 15, 16, 17, 18, 19, 20, 21, 22, 23, 24, 25, 26, 27, 28, 29, 30, 31
Valid weekdays: Monday, Tuesday, Wednesday, Thursday, Friday, Saturday, Sunday
When: 12:00:00
Current Time: 2011-01-01 11:00:00
Valid Interval: 11:00:00-13:00:00
Valid days of month: 1, 2, 3, 4, 5, 6, 7, 8, 9, 10, 11, 12, 13, 14, 15, 16, 17, 18, 19, 20, 21, 22, 23, 24, 25, 26, 27, 28, 29, 30, 31
Valid weekdays: Monday, Tuesday, Wednesday, Thursday, Friday, Saturday, Sunday
When: 12:00:00
Current Time: 2011-01-01 12:00:00
Valid Interval: 11:00:00-13:00:00
Valid days of month: 1, 2, 3, 4, 5, 6, 7, 8, 9, 10, 11, 12, 13, 14, 15, 16, 17, 18, 19, 20, 21, 22, 23, 24, 25, 26, 27, 28, 29, 30, 31
Valid weekdays: Monday, Tuesday, Wednesday, Thursday, Friday, Saturday, Sunday
When: 12:00:00
Current Time: 2011-01-01 12:30:00
Valid Interval: 11:00:00-13:00:00
Valid days of month: 1, 2, 3, 4, 5, 6, 7, 8, 9, 10, 11, 12, 13, 14, 15, 16, 17, 18, 19, 20, 21, 22, 23, 24, 25, 26, 27, 28, 29, 30, 31
Valid weekdays: Monday, Tuesday, Wednesday, Thursday, Friday, Saturday, Sunday
When: 12:00:00
Current Time: 2011-01-01 13:00:00
Valid Interval: 11:00:00-13:00:00
Valid days of month: 1, 2, 3, 4, 5, 6, 7, 8, 9, 10, 11, 12, 13, 14, 15, 16, 17, 18, 19, 20, 21, 22, 23, 24, 25, 26, 27, 28, 29, 30, 31
Valid weekdays: Monday, Tuesday, Wednesday, Thursday, Friday, Saturday, Sunday
When: 12:00:00
Current Time: 2011-01-02 00:00:00
Valid Interval: 11:00:00-13:00:00
Valid days of month: 1, 2, 3, 4, 5, 6, 7, 8, 9, 10, 11, 12, 13, 14, 15, 16, 17, 18, 19, 20, 21, 22, 23, 24, 25, 26, 27, 28, 29, 30, 31
Valid weekdays: Monday, Tuesday, Wednesday, Thursday, Friday, Saturday, Sunday
When: 12:00:00
Current Time: 2011-01-02 09:00:00
Valid Interval: 11:00:00-13:00:00
Valid days of month: 1, 2, 3, 4, 5, 6, 7, 8, 9, 10, 11, 12, 13, 14, 15, 16, 17, 18, 19, 20, 21, 22, 23, 24, 25, 26, 27, 28, 29, 30, 31
Valid weekdays: Monday, Tuesday, Wednesday, Thursday, Friday, Saturday, Sunday
When: 12:00:00
Current Time: 2011-01-02 12:00:00
Valid Interval: 11:00:00-13:00:00
Valid days of month: 1, 2, 3, 4, 5, 6, 7, 8, 9, 10, 11, 12, 13, 14, 15, 16, 17, 18, 19, 20, 21, 22, 23, 24, 25, 26, 27, 28, 29, 30, 31
Valid weekdays: Monday, Tuesday, Wednesday, Thursday, Friday, Saturday, Sunday
When: 12:00:00
Current Time: 2011-01-02 12:45:30
Valid Interval: 11:00:00-13:00:00
Valid days of month: 1, 2, 3, 4, 5, 6, 7, 8, 9, 10, 11, 12, 13, 14, 15, 16, 17, 18, 19, 20, 21, 22, 23, 24, 25, 26, 27, 28, 29, 30, 31
Valid weekdays: Monday, Tuesday, Wednesday, Thursday, Friday, Saturday, Sunday
When: 12:00:00
Current Time: 2011-01-02 13:00:00
Valid Interval: 11:00:00-13:00:00
Valid days of month: 1, 2, 3, 4, 5, 6, 7, 8, 9, 10, 11, 12, 13, 14, 15, 16, 17, 18, 19, 20, 21, 22, 23, 24, 25, 26, 27, 28, 29, 30, 31
Valid weekdays: Monday, Tuesday, Wednesday, Thursday, Friday, Saturday, Sunday
When: 12:00:00
Current Time: 2011-01-01 12:00:00
Valid Interval: 11:00:00-13:00:00
Valid days of month: 1, 2, 3, 4, 5, 6, 7, 8, 9, 10, 11, 12, 13, 14, 15, 16, 17, 18, 19, 20, 21, 22, 23, 24, 25, 26, 27, 28, 29, 30, 31
Valid weekdays: Monday, Tuesday, Wednesday, Thursday, Friday, Saturday, Sunday
When: 12:00:00
Current Time: 2011-01-01 12:30:00
Valid Interval: 11:00:00-13:00:00
Valid days of month: 1, 2, 3, 4, 5, 6, 7, 8, 9, 10, 11, 12, 13, 14, 15, 16, 17, 18, 19, 20, 21, 22, 23, 24, 25, 26, 27, 28, 29, 30, 31
Valid weekdays: Monday, Tuesday, Wednesday, Thursday, Friday, Saturday, Sunday
When: 12:00:00
Current Time: 2011-01-01 12:30:00
Valid Interval: 11:00:00-13:00:00
Valid days of month: 1, 2, 3, 4, 5, 6, 7, 8, 9, 10, 11, 12, 13, 14, 15, 16, 17, 18, 19, 20, 21, 22, 23, 24, 25, 26, 27, 28, 29, 30, 31
Valid weekdays: Monday, Tuesday, Wednesday, Thursday, Friday, Saturday, Sunday
When: 12:00:00
Current Time: 2011-01-01 13:00:00
Valid Interval: 11:00:00-13:00:00
Valid days of month: 1, 2, 3, 4, 5, 6, 7, 8, 9, 10, 11, 12, 13, 14, 15, 16, 17, 18, 19, 20, 21, 22, 23, 24, 25, 26, 27, 28, 29, 30, 31
Valid weekdays: Monday, Tuesday, Wednesday, Thursday, Friday, Saturday, Sunday
When: 12:00:00
Current Time: 2011-01-01 14:30:00
Valid Interval: 23:00:00-13:00:00
Valid days of month: 1, 2, 3, 4, 5, 6, 7, 8, 9, 10, 11, 12, 13, 14, 15, 16, 17, 18, 19, 20, 21, 22, 23, 24, 25, 26, 27, 28, 29, 30, 31
Valid weekdays: Monday, Tuesday, Wednesday, Thursday, Friday, Saturday, Sunday
When: 23:30:00
Current Time: 2011-01-01 16:00:00
Valid Interval: 23:00:00-13:00:00
Valid days of month: 1, 2, 3, 4, 5, 6, 7, 8, 9, 10, 11, 12, 13, 14, 15, 16, 17, 18, 19, 20, 21, 22, 23, 24, 25, 26, 27, 28, 29, 30, 31
Valid weekdays: Monday, Tuesday, Wednesday, Thursday, Friday, Saturday, Sunday
When: 23:30:00
Current Time: 2011-01-01 23:00:00
Valid Interval: 23:00:00-13:00:00
Valid days of month: 1, 2, 3, 4, 5, 6, 7, 8, 9, 10, 11, 12, 13, 14, 15, 16, 17, 18, 19, 20, 21, 22, 23, 24, 25, 26, 27, 28, 29, 30, 31
Valid weekdays: Monday, Tuesday, Wednesday, Thursday, Friday, Saturday, Sunday
When: 23:30:00
Current Time: 2011-01-01 23:30:00
Valid Interval: 23:00:00-13:00:00
Valid days of month: 1, 2, 3, 4, 5, 6, 7, 8, 9, 10, 11, 12, 13, 14, 15, 16, 17, 18, 19, 20, 21, 22, 23, 24, 25, 26, 27, 28, 29, 30, 31
Valid weekdays: Monday, Tuesday, Wednesday, Thursday, Friday, Saturday, Sunday
When: 23:30:00
Current Time: 2011-01-01 23:45:00
Valid Interval: 23:00:00-13:00:00
Valid days of month: 1, 2, 3, 4, 5, 6, 7, 8, 9, 10, 11, 12, 13, 14, 15, 16, 17, 18, 19, 20, 21, 22, 23, 24, 25, 26, 27, 28, 29, 30, 31
Valid weekdays: Monday, Tuesday, Wednesday, Thursday, Friday, Saturday, Sunday
When: 23:30:00
Current Time: 2011-01-02 00:30:00
Valid Interval: 23:00:00-13:00:00
Valid days of month: 1, 2, 3, 4, 5, 6, 7, 8, 9, 10, 11, 12, 13, 14, 15, 16, 17, 18, 19, 20, 21, 22, 23, 24, 25, 26, 27, 28, 29, 30, 31
Valid weekdays: Monday, Tuesday, Wednesday, Thursday, Friday, Saturday, Sunday
When: 23:30:00
Current Time: 2011-01-01 13:00:00
Valid Interval: 23:00:00-13:00:00
Valid days of month: 1, 2, 3, 4, 5, 6, 7, 8, 9, 10, 11, 12, 13, 14, 15, 16, 17, 18, 19, 20, 21, 22, 23, 24, 25, 26, 27, 28, 29, 30, 31
Valid weekdays: Monday, Tuesday, Wednesday, Thursday, Friday, Saturday, Sunday
When: 01:00:00
Current Time: 2011-01-01 16:00:00
Valid Interval: 23:00:00-13:00:00
Valid days of month: 1, 2, 3, 4, 5, 6, 7, 8, 9, 10, 11, 12, 13, 14, 15, 16, 17, 18, 19, 20, 21, 22, 23, 24, 25, 26, 27, 28, 29, 30, 31
Valid weekdays: Monday, Tuesday, Wednesday, Thursday, Friday, Saturday, Sunday
When: 01:00:00
Current Time: 2011-01-01 23:00:00
Valid Interval: 23:00:00-13:00:00
Valid days of month: 1, 2, 3, 4, 5, 6, 7, 8, 9, 10, 11, 12, 13, 14, 15, 16, 17, 18, 19, 20, 21, 22, 23, 24, 25, 26, 27, 28, 29, 30, 31
Valid weekdays: Monday, Tuesday, Wednesday, Thursday, Friday, Saturday, Sunday
When: 01:00:00
Current Time: 2011-01-01 23:30:00
Valid Interval: 23:00:00-13:00:00
Valid days of month: 1, 2, 3, 4, 5, 6, 7, 8, 9, 10, 11, 12, 13, 14, 15, 16, 17, 18, 19, 20, 21, 22, 23, 24, 25, 26, 27, 28, 29, 30, 31
Valid weekdays: Monday, Tuesday, Wednesday, Thursday, Friday, Saturday, Sunday
When: 01:00:00
Current Time: 2011-01-02 00:30:00
Valid Interval: 23:00:00-13:00:00
Valid days of month: 1, 2, 3, 4, 5, 6, 7, 8, 9, 10, 11, 12, 13, 14, 15, 16, 17, 18, 19, 20, 21, 22, 23, 24, 25, 26, 27, 28, 29, 30, 31
Valid weekdays: Monday, Tuesday, Wednesday, Thursday, Friday, Saturday, Sunday
When: 01:00:00
Current Time: 2011-01-01 02:00:00
Valid Interval: 23:00:00-13:00:00
Valid days of month: 1, 2, 3, 4, 5, 6, 7, 8, 9, 10, 11, 12, 13, 14, 15, 16, 17, 18, 19, 20, 21, 22, 23, 24, 25, 26, 27, 28, 29, 30, 31
Valid weekdays: Monday, Tuesday, Wednesday, Thursday, Friday, Saturday, Sunday
When: 01:00:00
Current Time: 2011-01-01 13:00:00
Valid Interval: 23:00:00-13:00:00
Valid days of month: 1, 2, 3, 4, 5, 6, 7, 8, 9, 10, 11, 12, 13, 14, 15, 16, 17, 18, 19, 20, 21, 22, 23, 24, 25, 26, 27, 28, 29, 30, 31
Valid weekdays: Monday, Tuesday, Wednesday, Thursday, Friday, Saturday, Sunday
When: 23:30:00
Current Time: 2011-01-01 16:00:00
Valid Interval: 23:00:00-13:00:00
Valid days of month: 1, 2, 3, 4, 5, 6, 7, 8, 9, 10, 11, 12, 13, 14, 15, 16, 17, 18, 19, 20, 21, 22, 23, 24, 25, 26, 27, 28, 29, 30, 31
Valid weekdays: Monday, Tuesday, Wednesday, Thursday, Friday, Saturday, Sunday
When: 23:30:00
Current Time: 2011-01-01 23:00:00
Valid Interval: 23:00:00-13:00:00
Valid days of month: 1, 2, 3, 4, 5, 6, 7, 8, 9, 10, 11, 12, 13, 14, 15, 16, 17, 18, 19, 20, 21, 22, 23, 24, 25, 26, 27, 28, 29, 30, 31
Valid weekdays: Monday, Tuesday, Wednesday, Thursday, Friday, Saturday, Sunday
When: 23:30:00
Current Time: 2011-01-01 23:30:00
Valid Interval: 23:00:00-13:00:00
Valid days of month: 1, 2, 3, 4, 5, 6, 7, 8, 9, 10, 11, 12, 13, 14, 15, 16, 17, 18, 19, 20, 21, 22, 23, 24, 25, 26, 27, 28, 29, 30, 31
Valid weekdays: Monday, Tuesday, Wednesday, Thursday, Friday, Saturday, Sunday
When: 23:30:00
Current Time: 2011-01-01 23:45:00
Valid Interval: 23:00:00-13:00:00
Valid days of month: 1, 2, 3, 4, 5, 6, 7, 8, 9, 10, 11, 12, 13, 14, 15, 16, 17, 18, 19, 20, 21, 22, 23, 24, 25, 26, 27, 28, 29, 30, 31
Valid weekdays: Monday, Tuesday, Wednesday, Thursday, Friday, Saturday, Sunday
When: 23:30:00
Current Time: 2011-01-02 00:30:00
Valid Interval: 23:00:00-13:00:00
Valid days of month: 1, 2, 3, 4, 5, 6, 7, 8, 9, 10, 11, 12, 13, 14, 15, 16, 17, 18, 19, 20, 21, 22, 23, 24, 25, 26, 27, 28, 29, 30, 31
Valid weekdays: Monday, Tuesday, Wednesday, Thursday, Friday, Saturday, Sunday
When: 23:30:00
Current Time: 2011-01-01 13:00:00
Valid Interval: 23:00:00-13:00:00
Valid days of month: 1, 2, 3, 4, 5, 6, 7, 8, 9, 10, 11, 12, 13, 14, 15, 16, 17, 18, 19, 20, 21, 22, 23, 24, 25, 26, 27, 28, 29, 30, 31
Valid weekdays: Monday, Tuesday, Wednesday, Thursday, Friday, Saturday, Sunday
When: 01:00:00
Current Time: 2011-01-01 16:00:00
Valid Interval: 23:00:00-13:00:00
Valid days of month: 1, 2, 3, 4, 5, 6, 7, 8, 9, 10, 11, 12, 13, 14, 15, 16, 17, 18, 19, 20, 21, 22, 23, 24, 25, 26, 27, 28, 29, 30, 31
Valid weekdays: Monday, Tuesday, Wednesday, Thursday, Friday, Saturday, Sunday
When: 01:00:00
Current Time: 2011-01-01 23:00:00
Valid Interval: 23:00:00-13:00:00
Valid days of month: 1, 2, 3, 4, 5, 6, 7, 8, 9, 10, 11, 12, 13, 14, 15, 16, 17, 18, 19, 20, 21, 22, 23, 24, 25, 26, 27, 28, 29, 30, 31
Valid weekdays: Monday, Tuesday, Wednesday, Thursday, Friday, Saturday, Sunday
When: 01:00:00
Current Time: 2011-01-01 23:30:00
Valid Interval: 23:00:00-13:00:00
Valid days of month: 1, 2, 3, 4, 5, 6, 7, 8, 9, 10, 11, 12, 13, 14, 15, 16, 17, 18, 19, 20, 21, 22, 23, 24, 25, 26, 27, 28, 29, 30, 31
Valid weekdays: Monday, Tuesday, Wednesday, Thursday, Friday, Saturday, Sunday
When: 01:00:00
Current Time: 2011-01-02 00:30:00
Valid Interval: 23:00:00-13:00:00
Valid days of month: 1, 2, 3, 4, 5, 6, 7, 8, 9, 10, 11, 12, 13, 14, 15, 16, 17, 18, 19, 20, 21, 22, 23, 24, 25, 26, 27, 28, 29, 30, 31
Valid weekdays: Monday, Tuesday, Wednesday, Thursday, Friday, Saturday, Sunday
When: 01:00:00
Current Time: 2011-01-02 02:00:00
Valid Interval: 23:00:00-13:00:00
Valid days of month: 1, 2, 3, 4, 5, 6, 7, 8, 9, 10, 11, 12, 13, 14, 15, 16, 17, 18, 19, 20, 21, 22, 23, 24, 25, 26, 27, 28, 29, 30, 31
Valid weekdays: Monday, Tuesday, Wednesday, Thursday, Friday, Saturday, Sunday
When: 01:00:00
Current Time: 2011-01-02 13:00:00
Valid Interval: 23:00:00-13:00:00
Valid days of month: 1, 2, 3, 4, 5, 6, 7, 8, 9, 10, 11, 12, 13, 14, 15, 16, 17, 18, 19, 20, 21, 22, 23, 24, 25, 26, 27, 28, 29, 30, 31
Valid weekdays: Monday, Tuesday, Wednesday, Thursday, Friday, Saturday, Sunday
When: 23:30:00
Current Time: 2011-01-01 23:30:05
Valid Interval: 23:00:00-13:00:00
Valid days of month: 1, 2, 3, 4, 5, 6, 7, 8, 9, 10, 11, 12, 13, 14, 15, 16, 17, 18, 19, 20, 21, 22, 23, 24, 25, 26, 27, 28, 29, 30, 31
Valid weekdays: Monday, Tuesday, Wednesday, Thursday, Friday, Saturday, Sunday
When: 23:30:00
Current Time: 2011-01-02 00:30:00
Valid Interval: 23:00:00-13:00:00
Valid days of month: 1, 2, 3, 4, 5, 6, 7, 8, 9, 10, 11, 12, 13, 14, 15, 16, 17, 18, 19, 20, 21, 22, 23, 24, 25, 26, 27, 28, 29, 30, 31
Valid weekdays: Monday, Tuesday, Wednesday, Thursday, Friday, Saturday, Sunday
When: 23:30:00
Current Time: 2011-01-02 13:00:00
Valid Interval: 23:00:00-13:00:00
Valid days of month: 1, 2, 3, 4, 5, 6, 7, 8, 9, 10, 11, 12, 13, 14, 15, 16, 17, 18, 19, 20, 21, 22, 23, 24, 25, 26, 27, 28, 29, 30, 31
Valid weekdays: Monday, Tuesday, Wednesday, Thursday, Friday, Saturday, Sunday
When: 01:00:00
Current Time: 2011-01-01 02:00:00
Valid Interval: 23:00:00-13:00:00
Valid days of month: 1, 2, 3, 4, 5, 6, 7, 8, 9, 10, 11, 12, 13, 14, 15, 16, 17, 18, 19, 20, 21, 22, 23, 24, 25, 26, 27, 28, 29, 30, 31
Valid weekdays: Monday, Tuesday, Wednesday, Thursday, Friday, Saturday, Sunday
When: 01:00:00
Current Time: 2011-01-02 02:00:00
Valid Interval: 13:00:00-16:00:00
Valid days of month: 1, 2, 3, 4, 5, 6, 7, 8, 9, 10, 11, 12, 13, 14, 15, 16, 17, 18, 19, 20, 21, 22, 23, 24, 25, 26, 27, 28, 29, 30, 31
Valid weekdays: Saturday, Sunday
When: 14:00:00
Current Time: 2007-01-01 12:00:00
Valid Interval: 13:00:00-16:00:00
Valid days of month: 1, 2, 3, 4, 5, 6, 7, 8, 9, 10, 11, 12, 13, 14, 15, 16, 17, 18, 19, 20, 21, 22, 23, 24, 25, 26, 27, 28, 29, 30, 31
Valid weekdays: Saturday, Sunday
When: 14:00:00
Current Time: 2007-01-02 13:30:00
Valid Interval: 13:00:00-16:00:00
Valid days of month: 1, 2, 3, 4, 5, 6, 7, 8, 9, 10, 11, 12, 13, 14, 15, 16, 17, 18, 19, 20, 21, 22, 23, 24, 25, 26, 27, 28, 29, 30, 31
Valid weekdays: Saturday, Sunday
When: 14:00:00
Current Time: 2007-01-06 13:30:00
Valid Interval: 13:00:00-16:00:00
Valid days of month: 1, 2, 3, 4, 5, 6, 7, 8, 9, 10, 11, 12, 13, 14, 15, 16, 17, 18, 19, 20, 21, 22, 23, 24, 25, 26, 27, 28, 29, 30, 31
Valid weekdays: Saturday, Sunday
When: 14:00:00
Current Time: 2007-01-06 14:30:00
Valid Interval: 13:00:00-16:00:00
Valid days of month: 1, 2, 3, 4, 5, 6, 7, 8, 9, 10, 11, 12, 13, 14, 15, 16, 17, 18, 19, 20, 21, 22, 23, 24, 25, 26, 27, 28, 29, 30, 31
Valid weekdays: Saturday, Sunday
When: 14:00:00
Current Time: 2007-01-06 16:30:00
Valid Interval: 13:00:00-16:00:00
Valid days of month: 1, 2, 3, 4, 5, 6, 7, 8, 9, 10, 11, 12, 13, 14, 15, 16, 17, 18, 19, 20, 21, 22, 23, 24, 25, 26, 27, 28, 29, 30, 31
Valid weekdays: Saturday, Sunday
When: 14:00:00
Current Time: 2007-01-07 16:00:00
Valid Interval: 23:00:00-02:00:00
Valid days of month: 1, 2, 3, 4, 5, 6, 7, 8, 9, 10, 11, 12, 13, 14, 15, 16, 17, 18, 19, 20, 21, 22, 23, 24, 25, 26, 27, 28, 29, 30, 31
Valid weekdays: Saturday, Sunday
When: 01:00:00
Current Time: 2007-01-01 12:00:00
Valid Interval: 23:00:00-02:00:00
Valid days of month: 1, 2, 3, 4, 5, 6, 7, 8, 9, 10, 11, 12, 13, 14, 15, 16, 17, 18, 19, 20, 21, 22, 23, 24, 25, 26, 27, 28, 29, 30, 31
Valid weekdays: Saturday, Sunday
When: 01:00:00
Current Time: 2007-01-02 01:00:00
Valid Interval: 23:00:00-02:00:00
Valid days of month: 1, 2, 3, 4, 5, 6, 7, 8, 9, 10, 11, 12, 13, 14, 15, 16, 17, 18, 19, 20, 21, 22, 23, 24, 25, 26, 27, 28, 29, 30, 31
Valid weekdays: Saturday, Sunday
When: 01:00:00
Current Time: 2007-01-06 00:30:00
Valid Interval: 23:00:00-02:00:00
Valid days of month: 1, 2, 3, 4, 5, 6, 7, 8, 9, 10, 11, 12, 13, 14, 15, 16, 17, 18, 19, 20, 21, 22, 23, 24, 25, 26, 27, 28, 29, 30, 31
Valid weekdays: Saturday, Sunday
When: 01:00:00
Current Time: 2007-01-06 01:30:00
Valid Interval: 23:00:00-02:00:00
Valid days of month: 1, 2, 3, 4, 5, 6, 7, 8, 9, 10, 11, 12, 13, 14, 15, 16, 17, 18, 19, 20, 21, 22, 23, 24, 25, 26, 27, 28, 29, 30, 31
Valid weekdays: Saturday, Sunday
When: 01:00:00
Current Time: 2007-01-06 02:30:00
Valid Interval: 23:00:00-02:00:00
Valid days of month: 1, 2, 3, 4, 5, 6, 7, 8, 9, 10, 11, 12, 13, 14, 15, 16, 17, 18, 19, 20, 21, 22, 23, 24, 25, 26, 27, 28, 29, 30, 31
Valid weekdays: Saturday, Sunday
When: 01:00:00
Current Time: 2007-01-07 02:00:00
Valid Interval: 23:00:00-02:00:00
Valid days of month: 1, 2, 3, 4, 5, 6, 7, 8, 9, 10, 11, 12, 13, 14, 15, 16, 17, 18, 19, 20, 21, 22, 23, 24, 25, 26, 27, 28, 29, 30, 31
Valid weekdays: Saturday, Sunday
When: 23:30:00
Current Time: 2007-01-01 12:00:00
Valid Interval: 23:00:00-02:00:00
Valid days of month: 1, 2, 3, 4, 5, 6, 7, 8, 9, 10, 11, 12, 13, 14, 15, 16, 17, 18, 19, 20, 21, 22, 23, 24, 25, 26, 27, 28, 29, 30, 31
Valid weekdays: Saturday, Sunday
When: 23:30:00
Current Time: 2007-01-05 23:30:00
Valid Interval: 23:00:00-02:00:00
Valid days of month: 1, 2, 3, 4, 5, 6, 7, 8, 9, 10, 11, 12, 13, 14, 15, 16, 17, 18, 19, 20, 21, 22, 23, 24, 25, 26, 27, 28, 29, 30, 31
Valid weekdays: Saturday, Sunday
When: 23:30:00
Current Time: 2007-01-06 23:00:00
Valid Interval: 23:00:00-02:00:00
Valid days of month: 1, 2, 3, 4, 5, 6, 7, 8, 9, 10, 11, 12, 13, 14, 15, 16, 17, 18, 19, 20, 21, 22, 23, 24, 25, 26, 27, 28, 29, 30, 31
Valid weekdays: Saturday, Sunday
When: 23:30:00
Current Time: 2007-01-06 02:00:00
Valid Interval: 23:00:00-02:00:00
Valid days of month: 1, 2, 3, 4, 5, 6, 7, 8, 9, 10, 11, 12, 13, 14, 15, 16, 17, 18, 19, 20, 21, 22, 23, 24, 25, 26, 27, 28, 29, 30, 31
Valid weekdays: Saturday, Sunday
When: 23:30:00
Current Time: 2007-01-07 23:40:00
Valid Interval: 23:00:00-02:00:00
Valid days of month: 1, 2, 3, 4, 5, 6, 7, 8, 9, 10, 11, 12, 13, 14, 15, 16, 17, 18, 19, 20, 21, 22, 23, 24, 25, 26, 27, 28, 29, 30, 31
Valid weekdays: Saturday, Sunday
When: 23:30:00
Current Time: 2007-01-07 01:00:00
Valid Interval: 13:00:00-16:00:00
Valid days of month: 1, 2, 3, 4, 5, 6, 7, 8, 9, 10, 11, 12, 13, 14, 15, 16, 17, 18, 19, 20, 21, 22, 23, 24, 25, 26, 27, 28, 29, 30, 31
Valid weekdays: Saturday, Sunday
When: 14:00:00
Current Time: 2007-01-01 12:00:00
Valid Interval: 13:00:00-16:00:00
Valid days of month: 1, 2, 3, 4, 5, 6, 7, 8, 9, 10, 11, 12, 13, 14, 15, 16, 17, 18, 19, 20, 21, 22, 23, 24, 25, 26, 27, 28, 29, 30, 31
Valid weekdays: Saturday, Sunday
When: 14:00:00
Current Time: 2007-01-02 13:30:00
Valid Interval: 13:00:00-16:00:00
Valid days of month: 1, 2, 3, 4, 5, 6, 7, 8, 9, 10, 11, 12, 13, 14, 15, 16, 17, 18, 19, 20, 21, 22, 23, 24, 25, 26, 27, 28, 29, 30, 31
Valid weekdays: Saturday, Sunday
When: 14:00:00
Current Time: 2007-01-06 13:30:00
Valid Interval: 13:00:00-16:00:00
Valid days of month: 1, 2, 3, 4, 5, 6, 7, 8, 9, 10, 11, 12, 13, 14, 15, 16, 17, 18, 19, 20, 21, 22, 23, 24, 25, 26, 27, 28, 29, 30, 31
Valid weekdays: Saturday, Sunday
When: 14:00:00
Current Time: 2007-01-06 14:30:00
Valid Interval: 13:00:00-16:00:00
Valid days of month: 1, 2, 3, 4, 5, 6, 7, 8, 9, 10, 11, 12, 13, 14, 15, 16, 17, 18, 19, 20, 21, 22, 23, 24, 25, 26, 27, 28, 29, 30, 31
Valid weekdays: Saturday, Sunday
When: 14:00:00
Current Time: 2007-01-06 16:30:00
Valid Interval: 13:00:00-16:00:00
Valid days of month: 1, 2, 3, 4, 5, 6, 7, 8, 9, 10, 11, 12, 13, 14, 15, 16, 17, 18, 19, 20, 21, 22, 23, 24, 25, 26, 27, 28, 29, 30, 31
Valid weekdays: Saturday, Sunday
When: 14:00:00
Current Time: 2007-01-07 16:00:00
Valid Interval: 23:00:00-02:00:00
Valid days of month: 1, 2, 3, 4, 5, 6, 7, 8, 9, 10, 11, 12, 13, 14, 15, 16, 17, 18, 19, 20, 21, 22, 23, 24, 25, 26, 27, 28, 29, 30, 31
Valid weekdays: Saturday, Sunday
When: 01:00:00
Current Time: 2007-01-01 12:00:00
Valid Interval: 23:00:00-02:00:00
Valid days of month: 1, 2, 3, 4, 5, 6, 7, 8, 9, 10, 11, 12, 13, 14, 15, 16, 17, 18, 19, 20, 21, 22, 23, 24, 25, 26, 27, 28, 29, 30, 31
Valid weekdays: Saturday, Sunday
When: 01:00:00
Current Time: 2007-01-02 01:00:00
Valid Interval: 23:00:00-02:00:00
Valid days of month: 1, 2, 3, 4, 5, 6, 7, 8, 9, 10, 11, 12, 13, 14, 15, 16, 17, 18, 19, 20, 21, 22, 23, 24, 25, 26, 27, 28, 29, 30, 31
Valid weekdays: Saturday, Sunday
When: 01:00:00
Current Time: 2007-01-06 00:30:00
Valid Interval: 23:00:00-02:00:00
Valid days of month: 1, 2, 3, 4, 5, 6, 7, 8, 9, 10, 11, 12, 13, 14, 15, 16, 17, 18, 19, 20, 21, 22, 23, 24, 25, 26, 27, 28, 29, 30, 31
Valid weekdays: Saturday, Sunday
When: 01:00:00
Current Time: 2007-01-06 02:30:00
Valid Interval: 23:00:00-02:00:00
Valid days of month: 1, 2, 3, 4, 5, 6, 7, 8, 9, 10, 11, 12, 13, 14, 15, 16, 17, 18, 19, 20, 21, 22, 23, 24, 25, 26, 27, 28, 29, 30, 31
Valid weekdays: Saturday, Sunday
When: 23:30:00
Current Time: 2007-01-01 12:00:00
Valid Interval: 23:00:00-02:00:00
Valid days of month: 1, 2, 3, 4, 5, 6, 7, 8, 9, 10, 11, 12, 13, 14, 15, 16, 17, 18, 19, 20, 21, 22, 23, 24, 25, 26, 27, 28, 29, 30, 31
Valid weekdays: Saturday, Sunday
When: 23:30:00
Current Time: 2007-01-05 23:30:00
Valid Interval: 23:00:00-02:00:00
Valid days of month: 1, 2, 3, 4, 5, 6, 7, 8, 9, 10, 11, 12, 13, 14, 15, 16, 17, 18, 19, 20, 21, 22, 23, 24, 25, 26, 27, 28, 29, 30, 31
Valid weekdays: Saturday, Sunday
When: 23:30:00
Current Time: 2007-01-06 23:00:00
Valid Interval: 23:00:00-02:00:00
Valid days of month: 1, 2, 3, 4, 5, 6, 7, 8, 9, 10, 11, 12, 13, 14, 15, 16, 17, 18, 19, 20, 21, 22, 23, 24, 25, 26, 27, 28, 29, 30, 31
Valid weekdays: Saturday, Sunday
When: 23:30:00
Current Time: 2007-01-06 02:00:00
Valid Interval: 23:00:00-02:00:00
Valid days of month: 1, 2, 3, 4, 5, 6, 7, 8, 9, 10, 11, 12, 13, 14, 15, 16, 17, 18, 19, 20, 21, 22, 23, 24, 25, 26, 27, 28, 29, 30, 31
Valid weekdays: Saturday, Sunday
When: 23:30:00
Current Time: 2007-01-07 23:40:00
Valid Interval: 23:00:00-02:00:00
Valid days of month: 1, 2, 3, 4, 5, 6, 7, 8, 9, 10, 11, 12, 13, 14, 15, 16, 17, 18, 19, 20, 21, 22, 23, 24, 25, 26, 27, 28, 29, 30, 31
Valid weekdays: Saturday, Sunday
When: 23:30:00
Current Time: 2007-01-07 01:00:00
Valid Interval: 13:00:00-16:00:00
Valid days of month: 1, 2, 3, 4, 5, 6, 7, 8, 9, 10, 11, 12, 13, 14, 15, 16, 17, 18, 19, 20, 21, 22, 23, 24, 25, 26, 27, 28, 29, 30, 31
Valid weekdays: Saturday, Sunday
When: 14:00:00
Current Time: 2007-01-06 14:30:00
Valid Interval: 13:00:00-16:00:00
Valid days of month: 1, 2, 3, 4, 5, 6, 7, 8, 9, 10, 11, 12, 13, 14, 15, 16, 17, 18, 19, 20, 21, 22, 23, 24, 25, 26, 27, 28, 29, 30, 31
Valid weekdays: Saturday, Sunday
When: 14:00:00
Current Time: 2007-01-07 15:00:00
Valid Interval: 23:00:00-02:00:00
Valid days of month: 1, 2, 3, 4, 5, 6, 7, 8, 9, 10, 11, 12, 13, 14, 15, 16, 17, 18, 19, 20, 21, 22, 23, 24, 25, 26, 27, 28, 29, 30, 31
Valid weekdays: Saturday, Sunday
When: 01:00:00
Current Time: 2007-01-06 01:30:00
Valid Interval: 23:00:00-02:00:00
Valid days of month: 1, 2, 3, 4, 5, 6, 7, 8, 9, 10, 11, 12, 13, 14, 15, 16, 17, 18, 19, 20, 21, 22, 23, 24, 25, 26, 27, 28, 29, 30, 31
Valid weekdays: Saturday, Sunday
When: 01:00:00
Current Time: 2007-01-07 01:30:00
Valid Interval: 23:00:00-02:00:00
Valid days of month: 1, 2, 3, 4, 5, 6, 7, 8, 9, 10, 11, 12, 13, 14, 15, 16, 17, 18, 19, 20, 21, 22, 23, 24, 25, 26, 27, 28, 29, 30, 31
Valid weekdays: Saturday, Sunday
When: 23:30:00
Current Time: 2007-01-06 23:02:00
Valid Interval: 23:00:00-02:00:00
Valid days of month: 1, 2, 3, 4, 5, 6, 7, 8, 9, 10, 11, 12, 13, 14, 15, 16, 17, 18, 19, 20, 21, 22, 23, 24, 25, 26, 27, 28, 29, 30, 31
Valid weekdays: Saturday, Sunday
When: 23:30:00
Current Time: 2007-01-06 01:10:00
Valid Interval: 23:00:00-02:00:00
Valid days of month: 1, 2, 3, 4, 5, 6, 7, 8, 9, 10, 11, 12, 13, 14, 15, 16, 17, 18, 19, 20, 21, 22, 23, 24, 25, 26, 27, 28, 29, 30, 31
Valid weekdays: Saturday, Sunday
When: 23:30:00
Current Time: 2007-01-07 01:00:40
Valid Interval: 23:00:00-02:00:00
Valid days of month: 2
Valid weekdays: Saturday, Sunday
When: 23:30:00
Current Time: 2007-01-01 12:00:00
Valid Interval: 23:00:00-02:00:00
Valid days of month: 1, 2
Valid weekdays: Saturday, Sunday
When: 23:30:00
Current Time: 2007-01-05 23:30:00
Valid Interval: 23:00:00-02:00:00
Valid days of month: 1, 2
Valid weekdays: Saturday, Sunday
When: 23:30:00
Current Time: 2007-01-06 23:00:00</StdOut>
      </Output>
    </UnitTestResult>
    <UnitTestResult executionId="ea68f564-cf66-4433-9e33-ee9a3e7c37e9" testId="f4a7097b-4ba6-429e-9c66-e8605325af6e" testName="GetNextTimeToTrigger_AbsoluteTimer_ReturnsCorrectTime (Data Row 8)" computerName="ICSWS068" duration="00:00:00.0036676" startTime="2016-08-04T07:57:22.6581775+02:00" endTime="2016-08-04T07:57:22.6616810+02:00" testType="13cdc9d9-ddb5-4fa4-a97d-d965ccfc6d4b" outcome="Passed" testListId="8c84fa94-04c1-424b-9868-57a2d4851a1d" relativeResultsDirectory="ea68f564-cf66-4433-9e33-ee9a3e7c37e9">
      <Output>
        <StdOut>TestContext Messages:
Valid Interval: 11:00:00-13:00:00
Valid days of month: 1, 2, 3, 4, 5, 6, 7, 8, 9, 10, 11, 12, 13, 14, 15, 16, 17, 18, 19, 20, 21, 22, 23, 24, 25, 26, 27, 28, 29, 30, 31
Valid weekdays: Monday, Tuesday, Wednesday, Thursday, Friday, Saturday, Sunday
When: 12:00:00
Current Time: 2011-01-01 00:00:00
Valid Interval: 11:00:00-13:00:00
Valid days of month: 1, 2, 3, 4, 5, 6, 7, 8, 9, 10, 11, 12, 13, 14, 15, 16, 17, 18, 19, 20, 21, 22, 23, 24, 25, 26, 27, 28, 29, 30, 31
Valid weekdays: Monday, Tuesday, Wednesday, Thursday, Friday, Saturday, Sunday
When: 12:00:00
Current Time: 2011-01-01 09:00:00
Valid Interval: 11:00:00-13:00:00
Valid days of month: 1, 2, 3, 4, 5, 6, 7, 8, 9, 10, 11, 12, 13, 14, 15, 16, 17, 18, 19, 20, 21, 22, 23, 24, 25, 26, 27, 28, 29, 30, 31
Valid weekdays: Monday, Tuesday, Wednesday, Thursday, Friday, Saturday, Sunday
When: 12:00:00
Current Time: 2011-01-01 11:00:00
Valid Interval: 11:00:00-13:00:00
Valid days of month: 1, 2, 3, 4, 5, 6, 7, 8, 9, 10, 11, 12, 13, 14, 15, 16, 17, 18, 19, 20, 21, 22, 23, 24, 25, 26, 27, 28, 29, 30, 31
Valid weekdays: Monday, Tuesday, Wednesday, Thursday, Friday, Saturday, Sunday
When: 12:00:00
Current Time: 2011-01-01 12:00:00
Valid Interval: 11:00:00-13:00:00
Valid days of month: 1, 2, 3, 4, 5, 6, 7, 8, 9, 10, 11, 12, 13, 14, 15, 16, 17, 18, 19, 20, 21, 22, 23, 24, 25, 26, 27, 28, 29, 30, 31
Valid weekdays: Monday, Tuesday, Wednesday, Thursday, Friday, Saturday, Sunday
When: 12:00:00
Current Time: 2011-01-01 12:30:00
Valid Interval: 11:00:00-13:00:00
Valid days of month: 1, 2, 3, 4, 5, 6, 7, 8, 9, 10, 11, 12, 13, 14, 15, 16, 17, 18, 19, 20, 21, 22, 23, 24, 25, 26, 27, 28, 29, 30, 31
Valid weekdays: Monday, Tuesday, Wednesday, Thursday, Friday, Saturday, Sunday
When: 12:00:00
Current Time: 2011-01-01 13:00:00
Valid Interval: 11:00:00-13:00:00
Valid days of month: 1, 2, 3, 4, 5, 6, 7, 8, 9, 10, 11, 12, 13, 14, 15, 16, 17, 18, 19, 20, 21, 22, 23, 24, 25, 26, 27, 28, 29, 30, 31
Valid weekdays: Monday, Tuesday, Wednesday, Thursday, Friday, Saturday, Sunday
When: 12:00:00
Current Time: 2011-01-02 00:00:00
Valid Interval: 11:00:00-13:00:00
Valid days of month: 1, 2, 3, 4, 5, 6, 7, 8, 9, 10, 11, 12, 13, 14, 15, 16, 17, 18, 19, 20, 21, 22, 23, 24, 25, 26, 27, 28, 29, 30, 31
Valid weekdays: Monday, Tuesday, Wednesday, Thursday, Friday, Saturday, Sunday
When: 12:00:00
Current Time: 2011-01-02 09:00:00
Valid Interval: 11:00:00-13:00:00
Valid days of month: 1, 2, 3, 4, 5, 6, 7, 8, 9, 10, 11, 12, 13, 14, 15, 16, 17, 18, 19, 20, 21, 22, 23, 24, 25, 26, 27, 28, 29, 30, 31
Valid weekdays: Monday, Tuesday, Wednesday, Thursday, Friday, Saturday, Sunday
When: 12:00:00
Current Time: 2011-01-02 12:00:00
Valid Interval: 11:00:00-13:00:00
Valid days of month: 1, 2, 3, 4, 5, 6, 7, 8, 9, 10, 11, 12, 13, 14, 15, 16, 17, 18, 19, 20, 21, 22, 23, 24, 25, 26, 27, 28, 29, 30, 31
Valid weekdays: Monday, Tuesday, Wednesday, Thursday, Friday, Saturday, Sunday
When: 12:00:00
Current Time: 2011-01-02 12:45:30
Valid Interval: 11:00:00-13:00:00
Valid days of month: 1, 2, 3, 4, 5, 6, 7, 8, 9, 10, 11, 12, 13, 14, 15, 16, 17, 18, 19, 20, 21, 22, 23, 24, 25, 26, 27, 28, 29, 30, 31
Valid weekdays: Monday, Tuesday, Wednesday, Thursday, Friday, Saturday, Sunday
When: 12:00:00
Current Time: 2011-01-02 13:00:00
Valid Interval: 11:00:00-13:00:00
Valid days of month: 1, 2, 3, 4, 5, 6, 7, 8, 9, 10, 11, 12, 13, 14, 15, 16, 17, 18, 19, 20, 21, 22, 23, 24, 25, 26, 27, 28, 29, 30, 31
Valid weekdays: Monday, Tuesday, Wednesday, Thursday, Friday, Saturday, Sunday
When: 12:00:00
Current Time: 2011-01-01 12:00:00
Valid Interval: 11:00:00-13:00:00
Valid days of month: 1, 2, 3, 4, 5, 6, 7, 8, 9, 10, 11, 12, 13, 14, 15, 16, 17, 18, 19, 20, 21, 22, 23, 24, 25, 26, 27, 28, 29, 30, 31
Valid weekdays: Monday, Tuesday, Wednesday, Thursday, Friday, Saturday, Sunday
When: 12:00:00
Current Time: 2011-01-01 12:30:00
Valid Interval: 11:00:00-13:00:00
Valid days of month: 1, 2, 3, 4, 5, 6, 7, 8, 9, 10, 11, 12, 13, 14, 15, 16, 17, 18, 19, 20, 21, 22, 23, 24, 25, 26, 27, 28, 29, 30, 31
Valid weekdays: Monday, Tuesday, Wednesday, Thursday, Friday, Saturday, Sunday
When: 12:00:00
Current Time: 2011-01-01 12:30:00
Valid Interval: 11:00:00-13:00:00
Valid days of month: 1, 2, 3, 4, 5, 6, 7, 8, 9, 10, 11, 12, 13, 14, 15, 16, 17, 18, 19, 20, 21, 22, 23, 24, 25, 26, 27, 28, 29, 30, 31
Valid weekdays: Monday, Tuesday, Wednesday, Thursday, Friday, Saturday, Sunday
When: 12:00:00
Current Time: 2011-01-01 13:00:00
Valid Interval: 11:00:00-13:00:00
Valid days of month: 1, 2, 3, 4, 5, 6, 7, 8, 9, 10, 11, 12, 13, 14, 15, 16, 17, 18, 19, 20, 21, 22, 23, 24, 25, 26, 27, 28, 29, 30, 31
Valid weekdays: Monday, Tuesday, Wednesday, Thursday, Friday, Saturday, Sunday
When: 12:00:00
Current Time: 2011-01-01 14:30:00
Valid Interval: 23:00:00-13:00:00
Valid days of month: 1, 2, 3, 4, 5, 6, 7, 8, 9, 10, 11, 12, 13, 14, 15, 16, 17, 18, 19, 20, 21, 22, 23, 24, 25, 26, 27, 28, 29, 30, 31
Valid weekdays: Monday, Tuesday, Wednesday, Thursday, Friday, Saturday, Sunday
When: 23:30:00
Current Time: 2011-01-01 16:00:00
Valid Interval: 23:00:00-13:00:00
Valid days of month: 1, 2, 3, 4, 5, 6, 7, 8, 9, 10, 11, 12, 13, 14, 15, 16, 17, 18, 19, 20, 21, 22, 23, 24, 25, 26, 27, 28, 29, 30, 31
Valid weekdays: Monday, Tuesday, Wednesday, Thursday, Friday, Saturday, Sunday
When: 23:30:00
Current Time: 2011-01-01 23:00:00
Valid Interval: 23:00:00-13:00:00
Valid days of month: 1, 2, 3, 4, 5, 6, 7, 8, 9, 10, 11, 12, 13, 14, 15, 16, 17, 18, 19, 20, 21, 22, 23, 24, 25, 26, 27, 28, 29, 30, 31
Valid weekdays: Monday, Tuesday, Wednesday, Thursday, Friday, Saturday, Sunday
When: 23:30:00
Current Time: 2011-01-01 23:30:00
Valid Interval: 23:00:00-13:00:00
Valid days of month: 1, 2, 3, 4, 5, 6, 7, 8, 9, 10, 11, 12, 13, 14, 15, 16, 17, 18, 19, 20, 21, 22, 23, 24, 25, 26, 27, 28, 29, 30, 31
Valid weekdays: Monday, Tuesday, Wednesday, Thursday, Friday, Saturday, Sunday
When: 23:30:00
Current Time: 2011-01-01 23:45:00
Valid Interval: 23:00:00-13:00:00
Valid days of month: 1, 2, 3, 4, 5, 6, 7, 8, 9, 10, 11, 12, 13, 14, 15, 16, 17, 18, 19, 20, 21, 22, 23, 24, 25, 26, 27, 28, 29, 30, 31
Valid weekdays: Monday, Tuesday, Wednesday, Thursday, Friday, Saturday, Sunday
When: 23:30:00
Current Time: 2011-01-02 00:30:00
Valid Interval: 23:00:00-13:00:00
Valid days of month: 1, 2, 3, 4, 5, 6, 7, 8, 9, 10, 11, 12, 13, 14, 15, 16, 17, 18, 19, 20, 21, 22, 23, 24, 25, 26, 27, 28, 29, 30, 31
Valid weekdays: Monday, Tuesday, Wednesday, Thursday, Friday, Saturday, Sunday
When: 23:30:00
Current Time: 2011-01-01 13:00:00
Valid Interval: 23:00:00-13:00:00
Valid days of month: 1, 2, 3, 4, 5, 6, 7, 8, 9, 10, 11, 12, 13, 14, 15, 16, 17, 18, 19, 20, 21, 22, 23, 24, 25, 26, 27, 28, 29, 30, 31
Valid weekdays: Monday, Tuesday, Wednesday, Thursday, Friday, Saturday, Sunday
When: 01:00:00
Current Time: 2011-01-01 16:00:00
Valid Interval: 23:00:00-13:00:00
Valid days of month: 1, 2, 3, 4, 5, 6, 7, 8, 9, 10, 11, 12, 13, 14, 15, 16, 17, 18, 19, 20, 21, 22, 23, 24, 25, 26, 27, 28, 29, 30, 31
Valid weekdays: Monday, Tuesday, Wednesday, Thursday, Friday, Saturday, Sunday
When: 01:00:00
Current Time: 2011-01-01 23:00:00
Valid Interval: 23:00:00-13:00:00
Valid days of month: 1, 2, 3, 4, 5, 6, 7, 8, 9, 10, 11, 12, 13, 14, 15, 16, 17, 18, 19, 20, 21, 22, 23, 24, 25, 26, 27, 28, 29, 30, 31
Valid weekdays: Monday, Tuesday, Wednesday, Thursday, Friday, Saturday, Sunday
When: 01:00:00
Current Time: 2011-01-01 23:30:00
Valid Interval: 23:00:00-13:00:00
Valid days of month: 1, 2, 3, 4, 5, 6, 7, 8, 9, 10, 11, 12, 13, 14, 15, 16, 17, 18, 19, 20, 21, 22, 23, 24, 25, 26, 27, 28, 29, 30, 31
Valid weekdays: Monday, Tuesday, Wednesday, Thursday, Friday, Saturday, Sunday
When: 01:00:00
Current Time: 2011-01-02 00:30:00
Valid Interval: 23:00:00-13:00:00
Valid days of month: 1, 2, 3, 4, 5, 6, 7, 8, 9, 10, 11, 12, 13, 14, 15, 16, 17, 18, 19, 20, 21, 22, 23, 24, 25, 26, 27, 28, 29, 30, 31
Valid weekdays: Monday, Tuesday, Wednesday, Thursday, Friday, Saturday, Sunday
When: 01:00:00
Current Time: 2011-01-01 02:00:00
Valid Interval: 23:00:00-13:00:00
Valid days of month: 1, 2, 3, 4, 5, 6, 7, 8, 9, 10, 11, 12, 13, 14, 15, 16, 17, 18, 19, 20, 21, 22, 23, 24, 25, 26, 27, 28, 29, 30, 31
Valid weekdays: Monday, Tuesday, Wednesday, Thursday, Friday, Saturday, Sunday
When: 01:00:00
Current Time: 2011-01-01 13:00:00
Valid Interval: 23:00:00-13:00:00
Valid days of month: 1, 2, 3, 4, 5, 6, 7, 8, 9, 10, 11, 12, 13, 14, 15, 16, 17, 18, 19, 20, 21, 22, 23, 24, 25, 26, 27, 28, 29, 30, 31
Valid weekdays: Monday, Tuesday, Wednesday, Thursday, Friday, Saturday, Sunday
When: 23:30:00
Current Time: 2011-01-01 16:00:00
Valid Interval: 23:00:00-13:00:00
Valid days of month: 1, 2, 3, 4, 5, 6, 7, 8, 9, 10, 11, 12, 13, 14, 15, 16, 17, 18, 19, 20, 21, 22, 23, 24, 25, 26, 27, 28, 29, 30, 31
Valid weekdays: Monday, Tuesday, Wednesday, Thursday, Friday, Saturday, Sunday
When: 23:30:00
Current Time: 2011-01-01 23:00:00
Valid Interval: 23:00:00-13:00:00
Valid days of month: 1, 2, 3, 4, 5, 6, 7, 8, 9, 10, 11, 12, 13, 14, 15, 16, 17, 18, 19, 20, 21, 22, 23, 24, 25, 26, 27, 28, 29, 30, 31
Valid weekdays: Monday, Tuesday, Wednesday, Thursday, Friday, Saturday, Sunday
When: 23:30:00
Current Time: 2011-01-01 23:30:00
Valid Interval: 23:00:00-13:00:00
Valid days of month: 1, 2, 3, 4, 5, 6, 7, 8, 9, 10, 11, 12, 13, 14, 15, 16, 17, 18, 19, 20, 21, 22, 23, 24, 25, 26, 27, 28, 29, 30, 31
Valid weekdays: Monday, Tuesday, Wednesday, Thursday, Friday, Saturday, Sunday
When: 23:30:00
Current Time: 2011-01-01 23:45:00
Valid Interval: 23:00:00-13:00:00
Valid days of month: 1, 2, 3, 4, 5, 6, 7, 8, 9, 10, 11, 12, 13, 14, 15, 16, 17, 18, 19, 20, 21, 22, 23, 24, 25, 26, 27, 28, 29, 30, 31
Valid weekdays: Monday, Tuesday, Wednesday, Thursday, Friday, Saturday, Sunday
When: 23:30:00
Current Time: 2011-01-02 00:30:00
Valid Interval: 23:00:00-13:00:00
Valid days of month: 1, 2, 3, 4, 5, 6, 7, 8, 9, 10, 11, 12, 13, 14, 15, 16, 17, 18, 19, 20, 21, 22, 23, 24, 25, 26, 27, 28, 29, 30, 31
Valid weekdays: Monday, Tuesday, Wednesday, Thursday, Friday, Saturday, Sunday
When: 23:30:00
Current Time: 2011-01-01 13:00:00
Valid Interval: 23:00:00-13:00:00
Valid days of month: 1, 2, 3, 4, 5, 6, 7, 8, 9, 10, 11, 12, 13, 14, 15, 16, 17, 18, 19, 20, 21, 22, 23, 24, 25, 26, 27, 28, 29, 30, 31
Valid weekdays: Monday, Tuesday, Wednesday, Thursday, Friday, Saturday, Sunday
When: 01:00:00
Current Time: 2011-01-01 16:00:00
Valid Interval: 23:00:00-13:00:00
Valid days of month: 1, 2, 3, 4, 5, 6, 7, 8, 9, 10, 11, 12, 13, 14, 15, 16, 17, 18, 19, 20, 21, 22, 23, 24, 25, 26, 27, 28, 29, 30, 31
Valid weekdays: Monday, Tuesday, Wednesday, Thursday, Friday, Saturday, Sunday
When: 01:00:00
Current Time: 2011-01-01 23:00:00
Valid Interval: 23:00:00-13:00:00
Valid days of month: 1, 2, 3, 4, 5, 6, 7, 8, 9, 10, 11, 12, 13, 14, 15, 16, 17, 18, 19, 20, 21, 22, 23, 24, 25, 26, 27, 28, 29, 30, 31
Valid weekdays: Monday, Tuesday, Wednesday, Thursday, Friday, Saturday, Sunday
When: 01:00:00
Current Time: 2011-01-01 23:30:00
Valid Interval: 23:00:00-13:00:00
Valid days of month: 1, 2, 3, 4, 5, 6, 7, 8, 9, 10, 11, 12, 13, 14, 15, 16, 17, 18, 19, 20, 21, 22, 23, 24, 25, 26, 27, 28, 29, 30, 31
Valid weekdays: Monday, Tuesday, Wednesday, Thursday, Friday, Saturday, Sunday
When: 01:00:00
Current Time: 2011-01-02 00:30:00
Valid Interval: 23:00:00-13:00:00
Valid days of month: 1, 2, 3, 4, 5, 6, 7, 8, 9, 10, 11, 12, 13, 14, 15, 16, 17, 18, 19, 20, 21, 22, 23, 24, 25, 26, 27, 28, 29, 30, 31
Valid weekdays: Monday, Tuesday, Wednesday, Thursday, Friday, Saturday, Sunday
When: 01:00:00
Current Time: 2011-01-02 02:00:00
Valid Interval: 23:00:00-13:00:00
Valid days of month: 1, 2, 3, 4, 5, 6, 7, 8, 9, 10, 11, 12, 13, 14, 15, 16, 17, 18, 19, 20, 21, 22, 23, 24, 25, 26, 27, 28, 29, 30, 31
Valid weekdays: Monday, Tuesday, Wednesday, Thursday, Friday, Saturday, Sunday
When: 01:00:00
Current Time: 2011-01-02 13:00:00
Valid Interval: 23:00:00-13:00:00
Valid days of month: 1, 2, 3, 4, 5, 6, 7, 8, 9, 10, 11, 12, 13, 14, 15, 16, 17, 18, 19, 20, 21, 22, 23, 24, 25, 26, 27, 28, 29, 30, 31
Valid weekdays: Monday, Tuesday, Wednesday, Thursday, Friday, Saturday, Sunday
When: 23:30:00
Current Time: 2011-01-01 23:30:05
Valid Interval: 23:00:00-13:00:00
Valid days of month: 1, 2, 3, 4, 5, 6, 7, 8, 9, 10, 11, 12, 13, 14, 15, 16, 17, 18, 19, 20, 21, 22, 23, 24, 25, 26, 27, 28, 29, 30, 31
Valid weekdays: Monday, Tuesday, Wednesday, Thursday, Friday, Saturday, Sunday
When: 23:30:00
Current Time: 2011-01-02 00:30:00
Valid Interval: 23:00:00-13:00:00
Valid days of month: 1, 2, 3, 4, 5, 6, 7, 8, 9, 10, 11, 12, 13, 14, 15, 16, 17, 18, 19, 20, 21, 22, 23, 24, 25, 26, 27, 28, 29, 30, 31
Valid weekdays: Monday, Tuesday, Wednesday, Thursday, Friday, Saturday, Sunday
When: 23:30:00
Current Time: 2011-01-02 13:00:00
Valid Interval: 23:00:00-13:00:00
Valid days of month: 1, 2, 3, 4, 5, 6, 7, 8, 9, 10, 11, 12, 13, 14, 15, 16, 17, 18, 19, 20, 21, 22, 23, 24, 25, 26, 27, 28, 29, 30, 31
Valid weekdays: Monday, Tuesday, Wednesday, Thursday, Friday, Saturday, Sunday
When: 01:00:00
Current Time: 2011-01-01 02:00:00
Valid Interval: 23:00:00-13:00:00
Valid days of month: 1, 2, 3, 4, 5, 6, 7, 8, 9, 10, 11, 12, 13, 14, 15, 16, 17, 18, 19, 20, 21, 22, 23, 24, 25, 26, 27, 28, 29, 30, 31
Valid weekdays: Monday, Tuesday, Wednesday, Thursday, Friday, Saturday, Sunday
When: 01:00:00
Current Time: 2011-01-02 02:00:00
Valid Interval: 13:00:00-16:00:00
Valid days of month: 1, 2, 3, 4, 5, 6, 7, 8, 9, 10, 11, 12, 13, 14, 15, 16, 17, 18, 19, 20, 21, 22, 23, 24, 25, 26, 27, 28, 29, 30, 31
Valid weekdays: Saturday, Sunday
When: 14:00:00
Current Time: 2007-01-01 12:00:00
Valid Interval: 13:00:00-16:00:00
Valid days of month: 1, 2, 3, 4, 5, 6, 7, 8, 9, 10, 11, 12, 13, 14, 15, 16, 17, 18, 19, 20, 21, 22, 23, 24, 25, 26, 27, 28, 29, 30, 31
Valid weekdays: Saturday, Sunday
When: 14:00:00
Current Time: 2007-01-02 13:30:00
Valid Interval: 13:00:00-16:00:00
Valid days of month: 1, 2, 3, 4, 5, 6, 7, 8, 9, 10, 11, 12, 13, 14, 15, 16, 17, 18, 19, 20, 21, 22, 23, 24, 25, 26, 27, 28, 29, 30, 31
Valid weekdays: Saturday, Sunday
When: 14:00:00
Current Time: 2007-01-06 13:30:00
Valid Interval: 13:00:00-16:00:00
Valid days of month: 1, 2, 3, 4, 5, 6, 7, 8, 9, 10, 11, 12, 13, 14, 15, 16, 17, 18, 19, 20, 21, 22, 23, 24, 25, 26, 27, 28, 29, 30, 31
Valid weekdays: Saturday, Sunday
When: 14:00:00
Current Time: 2007-01-06 14:30:00
Valid Interval: 13:00:00-16:00:00
Valid days of month: 1, 2, 3, 4, 5, 6, 7, 8, 9, 10, 11, 12, 13, 14, 15, 16, 17, 18, 19, 20, 21, 22, 23, 24, 25, 26, 27, 28, 29, 30, 31
Valid weekdays: Saturday, Sunday
When: 14:00:00
Current Time: 2007-01-06 16:30:00
Valid Interval: 13:00:00-16:00:00
Valid days of month: 1, 2, 3, 4, 5, 6, 7, 8, 9, 10, 11, 12, 13, 14, 15, 16, 17, 18, 19, 20, 21, 22, 23, 24, 25, 26, 27, 28, 29, 30, 31
Valid weekdays: Saturday, Sunday
When: 14:00:00
Current Time: 2007-01-07 16:00:00
Valid Interval: 23:00:00-02:00:00
Valid days of month: 1, 2, 3, 4, 5, 6, 7, 8, 9, 10, 11, 12, 13, 14, 15, 16, 17, 18, 19, 20, 21, 22, 23, 24, 25, 26, 27, 28, 29, 30, 31
Valid weekdays: Saturday, Sunday
When: 01:00:00
Current Time: 2007-01-01 12:00:00
Valid Interval: 23:00:00-02:00:00
Valid days of month: 1, 2, 3, 4, 5, 6, 7, 8, 9, 10, 11, 12, 13, 14, 15, 16, 17, 18, 19, 20, 21, 22, 23, 24, 25, 26, 27, 28, 29, 30, 31
Valid weekdays: Saturday, Sunday
When: 01:00:00
Current Time: 2007-01-02 01:00:00
Valid Interval: 23:00:00-02:00:00
Valid days of month: 1, 2, 3, 4, 5, 6, 7, 8, 9, 10, 11, 12, 13, 14, 15, 16, 17, 18, 19, 20, 21, 22, 23, 24, 25, 26, 27, 28, 29, 30, 31
Valid weekdays: Saturday, Sunday
When: 01:00:00
Current Time: 2007-01-06 00:30:00
Valid Interval: 23:00:00-02:00:00
Valid days of month: 1, 2, 3, 4, 5, 6, 7, 8, 9, 10, 11, 12, 13, 14, 15, 16, 17, 18, 19, 20, 21, 22, 23, 24, 25, 26, 27, 28, 29, 30, 31
Valid weekdays: Saturday, Sunday
When: 01:00:00
Current Time: 2007-01-06 01:30:00
Valid Interval: 23:00:00-02:00:00
Valid days of month: 1, 2, 3, 4, 5, 6, 7, 8, 9, 10, 11, 12, 13, 14, 15, 16, 17, 18, 19, 20, 21, 22, 23, 24, 25, 26, 27, 28, 29, 30, 31
Valid weekdays: Saturday, Sunday
When: 01:00:00
Current Time: 2007-01-06 02:30:00
Valid Interval: 23:00:00-02:00:00
Valid days of month: 1, 2, 3, 4, 5, 6, 7, 8, 9, 10, 11, 12, 13, 14, 15, 16, 17, 18, 19, 20, 21, 22, 23, 24, 25, 26, 27, 28, 29, 30, 31
Valid weekdays: Saturday, Sunday
When: 01:00:00
Current Time: 2007-01-07 02:00:00
Valid Interval: 23:00:00-02:00:00
Valid days of month: 1, 2, 3, 4, 5, 6, 7, 8, 9, 10, 11, 12, 13, 14, 15, 16, 17, 18, 19, 20, 21, 22, 23, 24, 25, 26, 27, 28, 29, 30, 31
Valid weekdays: Saturday, Sunday
When: 23:30:00
Current Time: 2007-01-01 12:00:00
Valid Interval: 23:00:00-02:00:00
Valid days of month: 1, 2, 3, 4, 5, 6, 7, 8, 9, 10, 11, 12, 13, 14, 15, 16, 17, 18, 19, 20, 21, 22, 23, 24, 25, 26, 27, 28, 29, 30, 31
Valid weekdays: Saturday, Sunday
When: 23:30:00
Current Time: 2007-01-05 23:30:00
Valid Interval: 23:00:00-02:00:00
Valid days of month: 1, 2, 3, 4, 5, 6, 7, 8, 9, 10, 11, 12, 13, 14, 15, 16, 17, 18, 19, 20, 21, 22, 23, 24, 25, 26, 27, 28, 29, 30, 31
Valid weekdays: Saturday, Sunday
When: 23:30:00
Current Time: 2007-01-06 23:00:00
Valid Interval: 23:00:00-02:00:00
Valid days of month: 1, 2, 3, 4, 5, 6, 7, 8, 9, 10, 11, 12, 13, 14, 15, 16, 17, 18, 19, 20, 21, 22, 23, 24, 25, 26, 27, 28, 29, 30, 31
Valid weekdays: Saturday, Sunday
When: 23:30:00
Current Time: 2007-01-06 02:00:00
Valid Interval: 23:00:00-02:00:00
Valid days of month: 1, 2, 3, 4, 5, 6, 7, 8, 9, 10, 11, 12, 13, 14, 15, 16, 17, 18, 19, 20, 21, 22, 23, 24, 25, 26, 27, 28, 29, 30, 31
Valid weekdays: Saturday, Sunday
When: 23:30:00
Current Time: 2007-01-07 23:40:00
Valid Interval: 23:00:00-02:00:00
Valid days of month: 1, 2, 3, 4, 5, 6, 7, 8, 9, 10, 11, 12, 13, 14, 15, 16, 17, 18, 19, 20, 21, 22, 23, 24, 25, 26, 27, 28, 29, 30, 31
Valid weekdays: Saturday, Sunday
When: 23:30:00
Current Time: 2007-01-07 01:00:00
Valid Interval: 13:00:00-16:00:00
Valid days of month: 1, 2, 3, 4, 5, 6, 7, 8, 9, 10, 11, 12, 13, 14, 15, 16, 17, 18, 19, 20, 21, 22, 23, 24, 25, 26, 27, 28, 29, 30, 31
Valid weekdays: Saturday, Sunday
When: 14:00:00
Current Time: 2007-01-01 12:00:00
Valid Interval: 13:00:00-16:00:00
Valid days of month: 1, 2, 3, 4, 5, 6, 7, 8, 9, 10, 11, 12, 13, 14, 15, 16, 17, 18, 19, 20, 21, 22, 23, 24, 25, 26, 27, 28, 29, 30, 31
Valid weekdays: Saturday, Sunday
When: 14:00:00
Current Time: 2007-01-02 13:30:00
Valid Interval: 13:00:00-16:00:00
Valid days of month: 1, 2, 3, 4, 5, 6, 7, 8, 9, 10, 11, 12, 13, 14, 15, 16, 17, 18, 19, 20, 21, 22, 23, 24, 25, 26, 27, 28, 29, 30, 31
Valid weekdays: Saturday, Sunday
When: 14:00:00
Current Time: 2007-01-06 13:30:00
Valid Interval: 13:00:00-16:00:00
Valid days of month: 1, 2, 3, 4, 5, 6, 7, 8, 9, 10, 11, 12, 13, 14, 15, 16, 17, 18, 19, 20, 21, 22, 23, 24, 25, 26, 27, 28, 29, 30, 31
Valid weekdays: Saturday, Sunday
When: 14:00:00
Current Time: 2007-01-06 14:30:00
Valid Interval: 13:00:00-16:00:00
Valid days of month: 1, 2, 3, 4, 5, 6, 7, 8, 9, 10, 11, 12, 13, 14, 15, 16, 17, 18, 19, 20, 21, 22, 23, 24, 25, 26, 27, 28, 29, 30, 31
Valid weekdays: Saturday, Sunday
When: 14:00:00
Current Time: 2007-01-06 16:30:00
Valid Interval: 13:00:00-16:00:00
Valid days of month: 1, 2, 3, 4, 5, 6, 7, 8, 9, 10, 11, 12, 13, 14, 15, 16, 17, 18, 19, 20, 21, 22, 23, 24, 25, 26, 27, 28, 29, 30, 31
Valid weekdays: Saturday, Sunday
When: 14:00:00
Current Time: 2007-01-07 16:00:00
Valid Interval: 23:00:00-02:00:00
Valid days of month: 1, 2, 3, 4, 5, 6, 7, 8, 9, 10, 11, 12, 13, 14, 15, 16, 17, 18, 19, 20, 21, 22, 23, 24, 25, 26, 27, 28, 29, 30, 31
Valid weekdays: Saturday, Sunday
When: 01:00:00
Current Time: 2007-01-01 12:00:00
Valid Interval: 23:00:00-02:00:00
Valid days of month: 1, 2, 3, 4, 5, 6, 7, 8, 9, 10, 11, 12, 13, 14, 15, 16, 17, 18, 19, 20, 21, 22, 23, 24, 25, 26, 27, 28, 29, 30, 31
Valid weekdays: Saturday, Sunday
When: 01:00:00
Current Time: 2007-01-02 01:00:00
Valid Interval: 23:00:00-02:00:00
Valid days of month: 1, 2, 3, 4, 5, 6, 7, 8, 9, 10, 11, 12, 13, 14, 15, 16, 17, 18, 19, 20, 21, 22, 23, 24, 25, 26, 27, 28, 29, 30, 31
Valid weekdays: Saturday, Sunday
When: 01:00:00
Current Time: 2007-01-06 00:30:00
Valid Interval: 23:00:00-02:00:00
Valid days of month: 1, 2, 3, 4, 5, 6, 7, 8, 9, 10, 11, 12, 13, 14, 15, 16, 17, 18, 19, 20, 21, 22, 23, 24, 25, 26, 27, 28, 29, 30, 31
Valid weekdays: Saturday, Sunday
When: 01:00:00
Current Time: 2007-01-06 02:30:00
Valid Interval: 23:00:00-02:00:00
Valid days of month: 1, 2, 3, 4, 5, 6, 7, 8, 9, 10, 11, 12, 13, 14, 15, 16, 17, 18, 19, 20, 21, 22, 23, 24, 25, 26, 27, 28, 29, 30, 31
Valid weekdays: Saturday, Sunday
When: 23:30:00
Current Time: 2007-01-01 12:00:00
Valid Interval: 23:00:00-02:00:00
Valid days of month: 1, 2, 3, 4, 5, 6, 7, 8, 9, 10, 11, 12, 13, 14, 15, 16, 17, 18, 19, 20, 21, 22, 23, 24, 25, 26, 27, 28, 29, 30, 31
Valid weekdays: Saturday, Sunday
When: 23:30:00
Current Time: 2007-01-05 23:30:00
Valid Interval: 23:00:00-02:00:00
Valid days of month: 1, 2, 3, 4, 5, 6, 7, 8, 9, 10, 11, 12, 13, 14, 15, 16, 17, 18, 19, 20, 21, 22, 23, 24, 25, 26, 27, 28, 29, 30, 31
Valid weekdays: Saturday, Sunday
When: 23:30:00
Current Time: 2007-01-06 23:00:00
Valid Interval: 23:00:00-02:00:00
Valid days of month: 1, 2, 3, 4, 5, 6, 7, 8, 9, 10, 11, 12, 13, 14, 15, 16, 17, 18, 19, 20, 21, 22, 23, 24, 25, 26, 27, 28, 29, 30, 31
Valid weekdays: Saturday, Sunday
When: 23:30:00
Current Time: 2007-01-06 02:00:00
Valid Interval: 23:00:00-02:00:00
Valid days of month: 1, 2, 3, 4, 5, 6, 7, 8, 9, 10, 11, 12, 13, 14, 15, 16, 17, 18, 19, 20, 21, 22, 23, 24, 25, 26, 27, 28, 29, 30, 31
Valid weekdays: Saturday, Sunday
When: 23:30:00
Current Time: 2007-01-07 23:40:00
Valid Interval: 23:00:00-02:00:00
Valid days of month: 1, 2, 3, 4, 5, 6, 7, 8, 9, 10, 11, 12, 13, 14, 15, 16, 17, 18, 19, 20, 21, 22, 23, 24, 25, 26, 27, 28, 29, 30, 31
Valid weekdays: Saturday, Sunday
When: 23:30:00
Current Time: 2007-01-07 01:00:00
Valid Interval: 13:00:00-16:00:00
Valid days of month: 1, 2, 3, 4, 5, 6, 7, 8, 9, 10, 11, 12, 13, 14, 15, 16, 17, 18, 19, 20, 21, 22, 23, 24, 25, 26, 27, 28, 29, 30, 31
Valid weekdays: Saturday, Sunday
When: 14:00:00
Current Time: 2007-01-06 14:30:00
Valid Interval: 13:00:00-16:00:00
Valid days of month: 1, 2, 3, 4, 5, 6, 7, 8, 9, 10, 11, 12, 13, 14, 15, 16, 17, 18, 19, 20, 21, 22, 23, 24, 25, 26, 27, 28, 29, 30, 31
Valid weekdays: Saturday, Sunday
When: 14:00:00
Current Time: 2007-01-07 15:00:00
Valid Interval: 23:00:00-02:00:00
Valid days of month: 1, 2, 3, 4, 5, 6, 7, 8, 9, 10, 11, 12, 13, 14, 15, 16, 17, 18, 19, 20, 21, 22, 23, 24, 25, 26, 27, 28, 29, 30, 31
Valid weekdays: Saturday, Sunday
When: 01:00:00
Current Time: 2007-01-06 01:30:00
Valid Interval: 23:00:00-02:00:00
Valid days of month: 1, 2, 3, 4, 5, 6, 7, 8, 9, 10, 11, 12, 13, 14, 15, 16, 17, 18, 19, 20, 21, 22, 23, 24, 25, 26, 27, 28, 29, 30, 31
Valid weekdays: Saturday, Sunday
When: 01:00:00
Current Time: 2007-01-07 01:30:00
Valid Interval: 23:00:00-02:00:00
Valid days of month: 1, 2, 3, 4, 5, 6, 7, 8, 9, 10, 11, 12, 13, 14, 15, 16, 17, 18, 19, 20, 21, 22, 23, 24, 25, 26, 27, 28, 29, 30, 31
Valid weekdays: Saturday, Sunday
When: 23:30:00
Current Time: 2007-01-06 23:02:00
Valid Interval: 23:00:00-02:00:00
Valid days of month: 1, 2, 3, 4, 5, 6, 7, 8, 9, 10, 11, 12, 13, 14, 15, 16, 17, 18, 19, 20, 21, 22, 23, 24, 25, 26, 27, 28, 29, 30, 31
Valid weekdays: Saturday, Sunday
When: 23:30:00
Current Time: 2007-01-06 01:10:00
Valid Interval: 23:00:00-02:00:00
Valid days of month: 1, 2, 3, 4, 5, 6, 7, 8, 9, 10, 11, 12, 13, 14, 15, 16, 17, 18, 19, 20, 21, 22, 23, 24, 25, 26, 27, 28, 29, 30, 31
Valid weekdays: Saturday, Sunday
When: 23:30:00
Current Time: 2007-01-07 01:00:40
Valid Interval: 23:00:00-02:00:00
Valid days of month: 2
Valid weekdays: Saturday, Sunday
When: 23:30:00
Current Time: 2007-01-01 12:00:00
Valid Interval: 23:00:00-02:00:00
Valid days of month: 1, 2
Valid weekdays: Saturday, Sunday
When: 23:30:00
Current Time: 2007-01-05 23:30:00
Valid Interval: 23:00:00-02:00:00
Valid days of month: 1, 2
Valid weekdays: Saturday, Sunday
When: 23:30:00
Current Time: 2007-01-06 23:00:00</StdOut>
      </Output>
    </UnitTestResult>
    <UnitTestResult executionId="1e2e1936-3032-460f-a69d-9f156ba04d27" testId="aa51b404-ac4d-49b8-b297-14857e186176" testName="GetNextTimeToTrigger_AbsoluteTimer_ReturnsCorrectTime (Data Row 9)" computerName="ICSWS068" duration="00:00:00.0036570" startTime="2016-08-04T07:57:22.6616810+02:00" endTime="2016-08-04T07:57:22.6653624+02:00" testType="13cdc9d9-ddb5-4fa4-a97d-d965ccfc6d4b" outcome="Passed" testListId="8c84fa94-04c1-424b-9868-57a2d4851a1d" relativeResultsDirectory="1e2e1936-3032-460f-a69d-9f156ba04d27">
      <Output>
        <StdOut>TestContext Messages:
Valid Interval: 11:00:00-13:00:00
Valid days of month: 1, 2, 3, 4, 5, 6, 7, 8, 9, 10, 11, 12, 13, 14, 15, 16, 17, 18, 19, 20, 21, 22, 23, 24, 25, 26, 27, 28, 29, 30, 31
Valid weekdays: Monday, Tuesday, Wednesday, Thursday, Friday, Saturday, Sunday
When: 12:00:00
Current Time: 2011-01-01 00:00:00
Valid Interval: 11:00:00-13:00:00
Valid days of month: 1, 2, 3, 4, 5, 6, 7, 8, 9, 10, 11, 12, 13, 14, 15, 16, 17, 18, 19, 20, 21, 22, 23, 24, 25, 26, 27, 28, 29, 30, 31
Valid weekdays: Monday, Tuesday, Wednesday, Thursday, Friday, Saturday, Sunday
When: 12:00:00
Current Time: 2011-01-01 09:00:00
Valid Interval: 11:00:00-13:00:00
Valid days of month: 1, 2, 3, 4, 5, 6, 7, 8, 9, 10, 11, 12, 13, 14, 15, 16, 17, 18, 19, 20, 21, 22, 23, 24, 25, 26, 27, 28, 29, 30, 31
Valid weekdays: Monday, Tuesday, Wednesday, Thursday, Friday, Saturday, Sunday
When: 12:00:00
Current Time: 2011-01-01 11:00:00
Valid Interval: 11:00:00-13:00:00
Valid days of month: 1, 2, 3, 4, 5, 6, 7, 8, 9, 10, 11, 12, 13, 14, 15, 16, 17, 18, 19, 20, 21, 22, 23, 24, 25, 26, 27, 28, 29, 30, 31
Valid weekdays: Monday, Tuesday, Wednesday, Thursday, Friday, Saturday, Sunday
When: 12:00:00
Current Time: 2011-01-01 12:00:00
Valid Interval: 11:00:00-13:00:00
Valid days of month: 1, 2, 3, 4, 5, 6, 7, 8, 9, 10, 11, 12, 13, 14, 15, 16, 17, 18, 19, 20, 21, 22, 23, 24, 25, 26, 27, 28, 29, 30, 31
Valid weekdays: Monday, Tuesday, Wednesday, Thursday, Friday, Saturday, Sunday
When: 12:00:00
Current Time: 2011-01-01 12:30:00
Valid Interval: 11:00:00-13:00:00
Valid days of month: 1, 2, 3, 4, 5, 6, 7, 8, 9, 10, 11, 12, 13, 14, 15, 16, 17, 18, 19, 20, 21, 22, 23, 24, 25, 26, 27, 28, 29, 30, 31
Valid weekdays: Monday, Tuesday, Wednesday, Thursday, Friday, Saturday, Sunday
When: 12:00:00
Current Time: 2011-01-01 13:00:00
Valid Interval: 11:00:00-13:00:00
Valid days of month: 1, 2, 3, 4, 5, 6, 7, 8, 9, 10, 11, 12, 13, 14, 15, 16, 17, 18, 19, 20, 21, 22, 23, 24, 25, 26, 27, 28, 29, 30, 31
Valid weekdays: Monday, Tuesday, Wednesday, Thursday, Friday, Saturday, Sunday
When: 12:00:00
Current Time: 2011-01-02 00:00:00
Valid Interval: 11:00:00-13:00:00
Valid days of month: 1, 2, 3, 4, 5, 6, 7, 8, 9, 10, 11, 12, 13, 14, 15, 16, 17, 18, 19, 20, 21, 22, 23, 24, 25, 26, 27, 28, 29, 30, 31
Valid weekdays: Monday, Tuesday, Wednesday, Thursday, Friday, Saturday, Sunday
When: 12:00:00
Current Time: 2011-01-02 09:00:00
Valid Interval: 11:00:00-13:00:00
Valid days of month: 1, 2, 3, 4, 5, 6, 7, 8, 9, 10, 11, 12, 13, 14, 15, 16, 17, 18, 19, 20, 21, 22, 23, 24, 25, 26, 27, 28, 29, 30, 31
Valid weekdays: Monday, Tuesday, Wednesday, Thursday, Friday, Saturday, Sunday
When: 12:00:00
Current Time: 2011-01-02 12:00:00
Valid Interval: 11:00:00-13:00:00
Valid days of month: 1, 2, 3, 4, 5, 6, 7, 8, 9, 10, 11, 12, 13, 14, 15, 16, 17, 18, 19, 20, 21, 22, 23, 24, 25, 26, 27, 28, 29, 30, 31
Valid weekdays: Monday, Tuesday, Wednesday, Thursday, Friday, Saturday, Sunday
When: 12:00:00
Current Time: 2011-01-02 12:45:30
Valid Interval: 11:00:00-13:00:00
Valid days of month: 1, 2, 3, 4, 5, 6, 7, 8, 9, 10, 11, 12, 13, 14, 15, 16, 17, 18, 19, 20, 21, 22, 23, 24, 25, 26, 27, 28, 29, 30, 31
Valid weekdays: Monday, Tuesday, Wednesday, Thursday, Friday, Saturday, Sunday
When: 12:00:00
Current Time: 2011-01-02 13:00:00
Valid Interval: 11:00:00-13:00:00
Valid days of month: 1, 2, 3, 4, 5, 6, 7, 8, 9, 10, 11, 12, 13, 14, 15, 16, 17, 18, 19, 20, 21, 22, 23, 24, 25, 26, 27, 28, 29, 30, 31
Valid weekdays: Monday, Tuesday, Wednesday, Thursday, Friday, Saturday, Sunday
When: 12:00:00
Current Time: 2011-01-01 12:00:00
Valid Interval: 11:00:00-13:00:00
Valid days of month: 1, 2, 3, 4, 5, 6, 7, 8, 9, 10, 11, 12, 13, 14, 15, 16, 17, 18, 19, 20, 21, 22, 23, 24, 25, 26, 27, 28, 29, 30, 31
Valid weekdays: Monday, Tuesday, Wednesday, Thursday, Friday, Saturday, Sunday
When: 12:00:00
Current Time: 2011-01-01 12:30:00
Valid Interval: 11:00:00-13:00:00
Valid days of month: 1, 2, 3, 4, 5, 6, 7, 8, 9, 10, 11, 12, 13, 14, 15, 16, 17, 18, 19, 20, 21, 22, 23, 24, 25, 26, 27, 28, 29, 30, 31
Valid weekdays: Monday, Tuesday, Wednesday, Thursday, Friday, Saturday, Sunday
When: 12:00:00
Current Time: 2011-01-01 12:30:00
Valid Interval: 11:00:00-13:00:00
Valid days of month: 1, 2, 3, 4, 5, 6, 7, 8, 9, 10, 11, 12, 13, 14, 15, 16, 17, 18, 19, 20, 21, 22, 23, 24, 25, 26, 27, 28, 29, 30, 31
Valid weekdays: Monday, Tuesday, Wednesday, Thursday, Friday, Saturday, Sunday
When: 12:00:00
Current Time: 2011-01-01 13:00:00
Valid Interval: 11:00:00-13:00:00
Valid days of month: 1, 2, 3, 4, 5, 6, 7, 8, 9, 10, 11, 12, 13, 14, 15, 16, 17, 18, 19, 20, 21, 22, 23, 24, 25, 26, 27, 28, 29, 30, 31
Valid weekdays: Monday, Tuesday, Wednesday, Thursday, Friday, Saturday, Sunday
When: 12:00:00
Current Time: 2011-01-01 14:30:00
Valid Interval: 23:00:00-13:00:00
Valid days of month: 1, 2, 3, 4, 5, 6, 7, 8, 9, 10, 11, 12, 13, 14, 15, 16, 17, 18, 19, 20, 21, 22, 23, 24, 25, 26, 27, 28, 29, 30, 31
Valid weekdays: Monday, Tuesday, Wednesday, Thursday, Friday, Saturday, Sunday
When: 23:30:00
Current Time: 2011-01-01 16:00:00
Valid Interval: 23:00:00-13:00:00
Valid days of month: 1, 2, 3, 4, 5, 6, 7, 8, 9, 10, 11, 12, 13, 14, 15, 16, 17, 18, 19, 20, 21, 22, 23, 24, 25, 26, 27, 28, 29, 30, 31
Valid weekdays: Monday, Tuesday, Wednesday, Thursday, Friday, Saturday, Sunday
When: 23:30:00
Current Time: 2011-01-01 23:00:00
Valid Interval: 23:00:00-13:00:00
Valid days of month: 1, 2, 3, 4, 5, 6, 7, 8, 9, 10, 11, 12, 13, 14, 15, 16, 17, 18, 19, 20, 21, 22, 23, 24, 25, 26, 27, 28, 29, 30, 31
Valid weekdays: Monday, Tuesday, Wednesday, Thursday, Friday, Saturday, Sunday
When: 23:30:00
Current Time: 2011-01-01 23:30:00
Valid Interval: 23:00:00-13:00:00
Valid days of month: 1, 2, 3, 4, 5, 6, 7, 8, 9, 10, 11, 12, 13, 14, 15, 16, 17, 18, 19, 20, 21, 22, 23, 24, 25, 26, 27, 28, 29, 30, 31
Valid weekdays: Monday, Tuesday, Wednesday, Thursday, Friday, Saturday, Sunday
When: 23:30:00
Current Time: 2011-01-01 23:45:00
Valid Interval: 23:00:00-13:00:00
Valid days of month: 1, 2, 3, 4, 5, 6, 7, 8, 9, 10, 11, 12, 13, 14, 15, 16, 17, 18, 19, 20, 21, 22, 23, 24, 25, 26, 27, 28, 29, 30, 31
Valid weekdays: Monday, Tuesday, Wednesday, Thursday, Friday, Saturday, Sunday
When: 23:30:00
Current Time: 2011-01-02 00:30:00
Valid Interval: 23:00:00-13:00:00
Valid days of month: 1, 2, 3, 4, 5, 6, 7, 8, 9, 10, 11, 12, 13, 14, 15, 16, 17, 18, 19, 20, 21, 22, 23, 24, 25, 26, 27, 28, 29, 30, 31
Valid weekdays: Monday, Tuesday, Wednesday, Thursday, Friday, Saturday, Sunday
When: 23:30:00
Current Time: 2011-01-01 13:00:00
Valid Interval: 23:00:00-13:00:00
Valid days of month: 1, 2, 3, 4, 5, 6, 7, 8, 9, 10, 11, 12, 13, 14, 15, 16, 17, 18, 19, 20, 21, 22, 23, 24, 25, 26, 27, 28, 29, 30, 31
Valid weekdays: Monday, Tuesday, Wednesday, Thursday, Friday, Saturday, Sunday
When: 01:00:00
Current Time: 2011-01-01 16:00:00
Valid Interval: 23:00:00-13:00:00
Valid days of month: 1, 2, 3, 4, 5, 6, 7, 8, 9, 10, 11, 12, 13, 14, 15, 16, 17, 18, 19, 20, 21, 22, 23, 24, 25, 26, 27, 28, 29, 30, 31
Valid weekdays: Monday, Tuesday, Wednesday, Thursday, Friday, Saturday, Sunday
When: 01:00:00
Current Time: 2011-01-01 23:00:00
Valid Interval: 23:00:00-13:00:00
Valid days of month: 1, 2, 3, 4, 5, 6, 7, 8, 9, 10, 11, 12, 13, 14, 15, 16, 17, 18, 19, 20, 21, 22, 23, 24, 25, 26, 27, 28, 29, 30, 31
Valid weekdays: Monday, Tuesday, Wednesday, Thursday, Friday, Saturday, Sunday
When: 01:00:00
Current Time: 2011-01-01 23:30:00
Valid Interval: 23:00:00-13:00:00
Valid days of month: 1, 2, 3, 4, 5, 6, 7, 8, 9, 10, 11, 12, 13, 14, 15, 16, 17, 18, 19, 20, 21, 22, 23, 24, 25, 26, 27, 28, 29, 30, 31
Valid weekdays: Monday, Tuesday, Wednesday, Thursday, Friday, Saturday, Sunday
When: 01:00:00
Current Time: 2011-01-02 00:30:00
Valid Interval: 23:00:00-13:00:00
Valid days of month: 1, 2, 3, 4, 5, 6, 7, 8, 9, 10, 11, 12, 13, 14, 15, 16, 17, 18, 19, 20, 21, 22, 23, 24, 25, 26, 27, 28, 29, 30, 31
Valid weekdays: Monday, Tuesday, Wednesday, Thursday, Friday, Saturday, Sunday
When: 01:00:00
Current Time: 2011-01-01 02:00:00
Valid Interval: 23:00:00-13:00:00
Valid days of month: 1, 2, 3, 4, 5, 6, 7, 8, 9, 10, 11, 12, 13, 14, 15, 16, 17, 18, 19, 20, 21, 22, 23, 24, 25, 26, 27, 28, 29, 30, 31
Valid weekdays: Monday, Tuesday, Wednesday, Thursday, Friday, Saturday, Sunday
When: 01:00:00
Current Time: 2011-01-01 13:00:00
Valid Interval: 23:00:00-13:00:00
Valid days of month: 1, 2, 3, 4, 5, 6, 7, 8, 9, 10, 11, 12, 13, 14, 15, 16, 17, 18, 19, 20, 21, 22, 23, 24, 25, 26, 27, 28, 29, 30, 31
Valid weekdays: Monday, Tuesday, Wednesday, Thursday, Friday, Saturday, Sunday
When: 23:30:00
Current Time: 2011-01-01 16:00:00
Valid Interval: 23:00:00-13:00:00
Valid days of month: 1, 2, 3, 4, 5, 6, 7, 8, 9, 10, 11, 12, 13, 14, 15, 16, 17, 18, 19, 20, 21, 22, 23, 24, 25, 26, 27, 28, 29, 30, 31
Valid weekdays: Monday, Tuesday, Wednesday, Thursday, Friday, Saturday, Sunday
When: 23:30:00
Current Time: 2011-01-01 23:00:00
Valid Interval: 23:00:00-13:00:00
Valid days of month: 1, 2, 3, 4, 5, 6, 7, 8, 9, 10, 11, 12, 13, 14, 15, 16, 17, 18, 19, 20, 21, 22, 23, 24, 25, 26, 27, 28, 29, 30, 31
Valid weekdays: Monday, Tuesday, Wednesday, Thursday, Friday, Saturday, Sunday
When: 23:30:00
Current Time: 2011-01-01 23:30:00
Valid Interval: 23:00:00-13:00:00
Valid days of month: 1, 2, 3, 4, 5, 6, 7, 8, 9, 10, 11, 12, 13, 14, 15, 16, 17, 18, 19, 20, 21, 22, 23, 24, 25, 26, 27, 28, 29, 30, 31
Valid weekdays: Monday, Tuesday, Wednesday, Thursday, Friday, Saturday, Sunday
When: 23:30:00
Current Time: 2011-01-01 23:45:00
Valid Interval: 23:00:00-13:00:00
Valid days of month: 1, 2, 3, 4, 5, 6, 7, 8, 9, 10, 11, 12, 13, 14, 15, 16, 17, 18, 19, 20, 21, 22, 23, 24, 25, 26, 27, 28, 29, 30, 31
Valid weekdays: Monday, Tuesday, Wednesday, Thursday, Friday, Saturday, Sunday
When: 23:30:00
Current Time: 2011-01-02 00:30:00
Valid Interval: 23:00:00-13:00:00
Valid days of month: 1, 2, 3, 4, 5, 6, 7, 8, 9, 10, 11, 12, 13, 14, 15, 16, 17, 18, 19, 20, 21, 22, 23, 24, 25, 26, 27, 28, 29, 30, 31
Valid weekdays: Monday, Tuesday, Wednesday, Thursday, Friday, Saturday, Sunday
When: 23:30:00
Current Time: 2011-01-01 13:00:00
Valid Interval: 23:00:00-13:00:00
Valid days of month: 1, 2, 3, 4, 5, 6, 7, 8, 9, 10, 11, 12, 13, 14, 15, 16, 17, 18, 19, 20, 21, 22, 23, 24, 25, 26, 27, 28, 29, 30, 31
Valid weekdays: Monday, Tuesday, Wednesday, Thursday, Friday, Saturday, Sunday
When: 01:00:00
Current Time: 2011-01-01 16:00:00
Valid Interval: 23:00:00-13:00:00
Valid days of month: 1, 2, 3, 4, 5, 6, 7, 8, 9, 10, 11, 12, 13, 14, 15, 16, 17, 18, 19, 20, 21, 22, 23, 24, 25, 26, 27, 28, 29, 30, 31
Valid weekdays: Monday, Tuesday, Wednesday, Thursday, Friday, Saturday, Sunday
When: 01:00:00
Current Time: 2011-01-01 23:00:00
Valid Interval: 23:00:00-13:00:00
Valid days of month: 1, 2, 3, 4, 5, 6, 7, 8, 9, 10, 11, 12, 13, 14, 15, 16, 17, 18, 19, 20, 21, 22, 23, 24, 25, 26, 27, 28, 29, 30, 31
Valid weekdays: Monday, Tuesday, Wednesday, Thursday, Friday, Saturday, Sunday
When: 01:00:00
Current Time: 2011-01-01 23:30:00
Valid Interval: 23:00:00-13:00:00
Valid days of month: 1, 2, 3, 4, 5, 6, 7, 8, 9, 10, 11, 12, 13, 14, 15, 16, 17, 18, 19, 20, 21, 22, 23, 24, 25, 26, 27, 28, 29, 30, 31
Valid weekdays: Monday, Tuesday, Wednesday, Thursday, Friday, Saturday, Sunday
When: 01:00:00
Current Time: 2011-01-02 00:30:00
Valid Interval: 23:00:00-13:00:00
Valid days of month: 1, 2, 3, 4, 5, 6, 7, 8, 9, 10, 11, 12, 13, 14, 15, 16, 17, 18, 19, 20, 21, 22, 23, 24, 25, 26, 27, 28, 29, 30, 31
Valid weekdays: Monday, Tuesday, Wednesday, Thursday, Friday, Saturday, Sunday
When: 01:00:00
Current Time: 2011-01-02 02:00:00
Valid Interval: 23:00:00-13:00:00
Valid days of month: 1, 2, 3, 4, 5, 6, 7, 8, 9, 10, 11, 12, 13, 14, 15, 16, 17, 18, 19, 20, 21, 22, 23, 24, 25, 26, 27, 28, 29, 30, 31
Valid weekdays: Monday, Tuesday, Wednesday, Thursday, Friday, Saturday, Sunday
When: 01:00:00
Current Time: 2011-01-02 13:00:00
Valid Interval: 23:00:00-13:00:00
Valid days of month: 1, 2, 3, 4, 5, 6, 7, 8, 9, 10, 11, 12, 13, 14, 15, 16, 17, 18, 19, 20, 21, 22, 23, 24, 25, 26, 27, 28, 29, 30, 31
Valid weekdays: Monday, Tuesday, Wednesday, Thursday, Friday, Saturday, Sunday
When: 23:30:00
Current Time: 2011-01-01 23:30:05
Valid Interval: 23:00:00-13:00:00
Valid days of month: 1, 2, 3, 4, 5, 6, 7, 8, 9, 10, 11, 12, 13, 14, 15, 16, 17, 18, 19, 20, 21, 22, 23, 24, 25, 26, 27, 28, 29, 30, 31
Valid weekdays: Monday, Tuesday, Wednesday, Thursday, Friday, Saturday, Sunday
When: 23:30:00
Current Time: 2011-01-02 00:30:00
Valid Interval: 23:00:00-13:00:00
Valid days of month: 1, 2, 3, 4, 5, 6, 7, 8, 9, 10, 11, 12, 13, 14, 15, 16, 17, 18, 19, 20, 21, 22, 23, 24, 25, 26, 27, 28, 29, 30, 31
Valid weekdays: Monday, Tuesday, Wednesday, Thursday, Friday, Saturday, Sunday
When: 23:30:00
Current Time: 2011-01-02 13:00:00
Valid Interval: 23:00:00-13:00:00
Valid days of month: 1, 2, 3, 4, 5, 6, 7, 8, 9, 10, 11, 12, 13, 14, 15, 16, 17, 18, 19, 20, 21, 22, 23, 24, 25, 26, 27, 28, 29, 30, 31
Valid weekdays: Monday, Tuesday, Wednesday, Thursday, Friday, Saturday, Sunday
When: 01:00:00
Current Time: 2011-01-01 02:00:00
Valid Interval: 23:00:00-13:00:00
Valid days of month: 1, 2, 3, 4, 5, 6, 7, 8, 9, 10, 11, 12, 13, 14, 15, 16, 17, 18, 19, 20, 21, 22, 23, 24, 25, 26, 27, 28, 29, 30, 31
Valid weekdays: Monday, Tuesday, Wednesday, Thursday, Friday, Saturday, Sunday
When: 01:00:00
Current Time: 2011-01-02 02:00:00
Valid Interval: 13:00:00-16:00:00
Valid days of month: 1, 2, 3, 4, 5, 6, 7, 8, 9, 10, 11, 12, 13, 14, 15, 16, 17, 18, 19, 20, 21, 22, 23, 24, 25, 26, 27, 28, 29, 30, 31
Valid weekdays: Saturday, Sunday
When: 14:00:00
Current Time: 2007-01-01 12:00:00
Valid Interval: 13:00:00-16:00:00
Valid days of month: 1, 2, 3, 4, 5, 6, 7, 8, 9, 10, 11, 12, 13, 14, 15, 16, 17, 18, 19, 20, 21, 22, 23, 24, 25, 26, 27, 28, 29, 30, 31
Valid weekdays: Saturday, Sunday
When: 14:00:00
Current Time: 2007-01-02 13:30:00
Valid Interval: 13:00:00-16:00:00
Valid days of month: 1, 2, 3, 4, 5, 6, 7, 8, 9, 10, 11, 12, 13, 14, 15, 16, 17, 18, 19, 20, 21, 22, 23, 24, 25, 26, 27, 28, 29, 30, 31
Valid weekdays: Saturday, Sunday
When: 14:00:00
Current Time: 2007-01-06 13:30:00
Valid Interval: 13:00:00-16:00:00
Valid days of month: 1, 2, 3, 4, 5, 6, 7, 8, 9, 10, 11, 12, 13, 14, 15, 16, 17, 18, 19, 20, 21, 22, 23, 24, 25, 26, 27, 28, 29, 30, 31
Valid weekdays: Saturday, Sunday
When: 14:00:00
Current Time: 2007-01-06 14:30:00
Valid Interval: 13:00:00-16:00:00
Valid days of month: 1, 2, 3, 4, 5, 6, 7, 8, 9, 10, 11, 12, 13, 14, 15, 16, 17, 18, 19, 20, 21, 22, 23, 24, 25, 26, 27, 28, 29, 30, 31
Valid weekdays: Saturday, Sunday
When: 14:00:00
Current Time: 2007-01-06 16:30:00
Valid Interval: 13:00:00-16:00:00
Valid days of month: 1, 2, 3, 4, 5, 6, 7, 8, 9, 10, 11, 12, 13, 14, 15, 16, 17, 18, 19, 20, 21, 22, 23, 24, 25, 26, 27, 28, 29, 30, 31
Valid weekdays: Saturday, Sunday
When: 14:00:00
Current Time: 2007-01-07 16:00:00
Valid Interval: 23:00:00-02:00:00
Valid days of month: 1, 2, 3, 4, 5, 6, 7, 8, 9, 10, 11, 12, 13, 14, 15, 16, 17, 18, 19, 20, 21, 22, 23, 24, 25, 26, 27, 28, 29, 30, 31
Valid weekdays: Saturday, Sunday
When: 01:00:00
Current Time: 2007-01-01 12:00:00
Valid Interval: 23:00:00-02:00:00
Valid days of month: 1, 2, 3, 4, 5, 6, 7, 8, 9, 10, 11, 12, 13, 14, 15, 16, 17, 18, 19, 20, 21, 22, 23, 24, 25, 26, 27, 28, 29, 30, 31
Valid weekdays: Saturday, Sunday
When: 01:00:00
Current Time: 2007-01-02 01:00:00
Valid Interval: 23:00:00-02:00:00
Valid days of month: 1, 2, 3, 4, 5, 6, 7, 8, 9, 10, 11, 12, 13, 14, 15, 16, 17, 18, 19, 20, 21, 22, 23, 24, 25, 26, 27, 28, 29, 30, 31
Valid weekdays: Saturday, Sunday
When: 01:00:00
Current Time: 2007-01-06 00:30:00
Valid Interval: 23:00:00-02:00:00
Valid days of month: 1, 2, 3, 4, 5, 6, 7, 8, 9, 10, 11, 12, 13, 14, 15, 16, 17, 18, 19, 20, 21, 22, 23, 24, 25, 26, 27, 28, 29, 30, 31
Valid weekdays: Saturday, Sunday
When: 01:00:00
Current Time: 2007-01-06 01:30:00
Valid Interval: 23:00:00-02:00:00
Valid days of month: 1, 2, 3, 4, 5, 6, 7, 8, 9, 10, 11, 12, 13, 14, 15, 16, 17, 18, 19, 20, 21, 22, 23, 24, 25, 26, 27, 28, 29, 30, 31
Valid weekdays: Saturday, Sunday
When: 01:00:00
Current Time: 2007-01-06 02:30:00
Valid Interval: 23:00:00-02:00:00
Valid days of month: 1, 2, 3, 4, 5, 6, 7, 8, 9, 10, 11, 12, 13, 14, 15, 16, 17, 18, 19, 20, 21, 22, 23, 24, 25, 26, 27, 28, 29, 30, 31
Valid weekdays: Saturday, Sunday
When: 01:00:00
Current Time: 2007-01-07 02:00:00
Valid Interval: 23:00:00-02:00:00
Valid days of month: 1, 2, 3, 4, 5, 6, 7, 8, 9, 10, 11, 12, 13, 14, 15, 16, 17, 18, 19, 20, 21, 22, 23, 24, 25, 26, 27, 28, 29, 30, 31
Valid weekdays: Saturday, Sunday
When: 23:30:00
Current Time: 2007-01-01 12:00:00
Valid Interval: 23:00:00-02:00:00
Valid days of month: 1, 2, 3, 4, 5, 6, 7, 8, 9, 10, 11, 12, 13, 14, 15, 16, 17, 18, 19, 20, 21, 22, 23, 24, 25, 26, 27, 28, 29, 30, 31
Valid weekdays: Saturday, Sunday
When: 23:30:00
Current Time: 2007-01-05 23:30:00
Valid Interval: 23:00:00-02:00:00
Valid days of month: 1, 2, 3, 4, 5, 6, 7, 8, 9, 10, 11, 12, 13, 14, 15, 16, 17, 18, 19, 20, 21, 22, 23, 24, 25, 26, 27, 28, 29, 30, 31
Valid weekdays: Saturday, Sunday
When: 23:30:00
Current Time: 2007-01-06 23:00:00
Valid Interval: 23:00:00-02:00:00
Valid days of month: 1, 2, 3, 4, 5, 6, 7, 8, 9, 10, 11, 12, 13, 14, 15, 16, 17, 18, 19, 20, 21, 22, 23, 24, 25, 26, 27, 28, 29, 30, 31
Valid weekdays: Saturday, Sunday
When: 23:30:00
Current Time: 2007-01-06 02:00:00
Valid Interval: 23:00:00-02:00:00
Valid days of month: 1, 2, 3, 4, 5, 6, 7, 8, 9, 10, 11, 12, 13, 14, 15, 16, 17, 18, 19, 20, 21, 22, 23, 24, 25, 26, 27, 28, 29, 30, 31
Valid weekdays: Saturday, Sunday
When: 23:30:00
Current Time: 2007-01-07 23:40:00
Valid Interval: 23:00:00-02:00:00
Valid days of month: 1, 2, 3, 4, 5, 6, 7, 8, 9, 10, 11, 12, 13, 14, 15, 16, 17, 18, 19, 20, 21, 22, 23, 24, 25, 26, 27, 28, 29, 30, 31
Valid weekdays: Saturday, Sunday
When: 23:30:00
Current Time: 2007-01-07 01:00:00
Valid Interval: 13:00:00-16:00:00
Valid days of month: 1, 2, 3, 4, 5, 6, 7, 8, 9, 10, 11, 12, 13, 14, 15, 16, 17, 18, 19, 20, 21, 22, 23, 24, 25, 26, 27, 28, 29, 30, 31
Valid weekdays: Saturday, Sunday
When: 14:00:00
Current Time: 2007-01-01 12:00:00
Valid Interval: 13:00:00-16:00:00
Valid days of month: 1, 2, 3, 4, 5, 6, 7, 8, 9, 10, 11, 12, 13, 14, 15, 16, 17, 18, 19, 20, 21, 22, 23, 24, 25, 26, 27, 28, 29, 30, 31
Valid weekdays: Saturday, Sunday
When: 14:00:00
Current Time: 2007-01-02 13:30:00
Valid Interval: 13:00:00-16:00:00
Valid days of month: 1, 2, 3, 4, 5, 6, 7, 8, 9, 10, 11, 12, 13, 14, 15, 16, 17, 18, 19, 20, 21, 22, 23, 24, 25, 26, 27, 28, 29, 30, 31
Valid weekdays: Saturday, Sunday
When: 14:00:00
Current Time: 2007-01-06 13:30:00
Valid Interval: 13:00:00-16:00:00
Valid days of month: 1, 2, 3, 4, 5, 6, 7, 8, 9, 10, 11, 12, 13, 14, 15, 16, 17, 18, 19, 20, 21, 22, 23, 24, 25, 26, 27, 28, 29, 30, 31
Valid weekdays: Saturday, Sunday
When: 14:00:00
Current Time: 2007-01-06 14:30:00
Valid Interval: 13:00:00-16:00:00
Valid days of month: 1, 2, 3, 4, 5, 6, 7, 8, 9, 10, 11, 12, 13, 14, 15, 16, 17, 18, 19, 20, 21, 22, 23, 24, 25, 26, 27, 28, 29, 30, 31
Valid weekdays: Saturday, Sunday
When: 14:00:00
Current Time: 2007-01-06 16:30:00
Valid Interval: 13:00:00-16:00:00
Valid days of month: 1, 2, 3, 4, 5, 6, 7, 8, 9, 10, 11, 12, 13, 14, 15, 16, 17, 18, 19, 20, 21, 22, 23, 24, 25, 26, 27, 28, 29, 30, 31
Valid weekdays: Saturday, Sunday
When: 14:00:00
Current Time: 2007-01-07 16:00:00
Valid Interval: 23:00:00-02:00:00
Valid days of month: 1, 2, 3, 4, 5, 6, 7, 8, 9, 10, 11, 12, 13, 14, 15, 16, 17, 18, 19, 20, 21, 22, 23, 24, 25, 26, 27, 28, 29, 30, 31
Valid weekdays: Saturday, Sunday
When: 01:00:00
Current Time: 2007-01-01 12:00:00
Valid Interval: 23:00:00-02:00:00
Valid days of month: 1, 2, 3, 4, 5, 6, 7, 8, 9, 10, 11, 12, 13, 14, 15, 16, 17, 18, 19, 20, 21, 22, 23, 24, 25, 26, 27, 28, 29, 30, 31
Valid weekdays: Saturday, Sunday
When: 01:00:00
Current Time: 2007-01-02 01:00:00
Valid Interval: 23:00:00-02:00:00
Valid days of month: 1, 2, 3, 4, 5, 6, 7, 8, 9, 10, 11, 12, 13, 14, 15, 16, 17, 18, 19, 20, 21, 22, 23, 24, 25, 26, 27, 28, 29, 30, 31
Valid weekdays: Saturday, Sunday
When: 01:00:00
Current Time: 2007-01-06 00:30:00
Valid Interval: 23:00:00-02:00:00
Valid days of month: 1, 2, 3, 4, 5, 6, 7, 8, 9, 10, 11, 12, 13, 14, 15, 16, 17, 18, 19, 20, 21, 22, 23, 24, 25, 26, 27, 28, 29, 30, 31
Valid weekdays: Saturday, Sunday
When: 01:00:00
Current Time: 2007-01-06 02:30:00
Valid Interval: 23:00:00-02:00:00
Valid days of month: 1, 2, 3, 4, 5, 6, 7, 8, 9, 10, 11, 12, 13, 14, 15, 16, 17, 18, 19, 20, 21, 22, 23, 24, 25, 26, 27, 28, 29, 30, 31
Valid weekdays: Saturday, Sunday
When: 23:30:00
Current Time: 2007-01-01 12:00:00
Valid Interval: 23:00:00-02:00:00
Valid days of month: 1, 2, 3, 4, 5, 6, 7, 8, 9, 10, 11, 12, 13, 14, 15, 16, 17, 18, 19, 20, 21, 22, 23, 24, 25, 26, 27, 28, 29, 30, 31
Valid weekdays: Saturday, Sunday
When: 23:30:00
Current Time: 2007-01-05 23:30:00
Valid Interval: 23:00:00-02:00:00
Valid days of month: 1, 2, 3, 4, 5, 6, 7, 8, 9, 10, 11, 12, 13, 14, 15, 16, 17, 18, 19, 20, 21, 22, 23, 24, 25, 26, 27, 28, 29, 30, 31
Valid weekdays: Saturday, Sunday
When: 23:30:00
Current Time: 2007-01-06 23:00:00
Valid Interval: 23:00:00-02:00:00
Valid days of month: 1, 2, 3, 4, 5, 6, 7, 8, 9, 10, 11, 12, 13, 14, 15, 16, 17, 18, 19, 20, 21, 22, 23, 24, 25, 26, 27, 28, 29, 30, 31
Valid weekdays: Saturday, Sunday
When: 23:30:00
Current Time: 2007-01-06 02:00:00
Valid Interval: 23:00:00-02:00:00
Valid days of month: 1, 2, 3, 4, 5, 6, 7, 8, 9, 10, 11, 12, 13, 14, 15, 16, 17, 18, 19, 20, 21, 22, 23, 24, 25, 26, 27, 28, 29, 30, 31
Valid weekdays: Saturday, Sunday
When: 23:30:00
Current Time: 2007-01-07 23:40:00
Valid Interval: 23:00:00-02:00:00
Valid days of month: 1, 2, 3, 4, 5, 6, 7, 8, 9, 10, 11, 12, 13, 14, 15, 16, 17, 18, 19, 20, 21, 22, 23, 24, 25, 26, 27, 28, 29, 30, 31
Valid weekdays: Saturday, Sunday
When: 23:30:00
Current Time: 2007-01-07 01:00:00
Valid Interval: 13:00:00-16:00:00
Valid days of month: 1, 2, 3, 4, 5, 6, 7, 8, 9, 10, 11, 12, 13, 14, 15, 16, 17, 18, 19, 20, 21, 22, 23, 24, 25, 26, 27, 28, 29, 30, 31
Valid weekdays: Saturday, Sunday
When: 14:00:00
Current Time: 2007-01-06 14:30:00
Valid Interval: 13:00:00-16:00:00
Valid days of month: 1, 2, 3, 4, 5, 6, 7, 8, 9, 10, 11, 12, 13, 14, 15, 16, 17, 18, 19, 20, 21, 22, 23, 24, 25, 26, 27, 28, 29, 30, 31
Valid weekdays: Saturday, Sunday
When: 14:00:00
Current Time: 2007-01-07 15:00:00
Valid Interval: 23:00:00-02:00:00
Valid days of month: 1, 2, 3, 4, 5, 6, 7, 8, 9, 10, 11, 12, 13, 14, 15, 16, 17, 18, 19, 20, 21, 22, 23, 24, 25, 26, 27, 28, 29, 30, 31
Valid weekdays: Saturday, Sunday
When: 01:00:00
Current Time: 2007-01-06 01:30:00
Valid Interval: 23:00:00-02:00:00
Valid days of month: 1, 2, 3, 4, 5, 6, 7, 8, 9, 10, 11, 12, 13, 14, 15, 16, 17, 18, 19, 20, 21, 22, 23, 24, 25, 26, 27, 28, 29, 30, 31
Valid weekdays: Saturday, Sunday
When: 01:00:00
Current Time: 2007-01-07 01:30:00
Valid Interval: 23:00:00-02:00:00
Valid days of month: 1, 2, 3, 4, 5, 6, 7, 8, 9, 10, 11, 12, 13, 14, 15, 16, 17, 18, 19, 20, 21, 22, 23, 24, 25, 26, 27, 28, 29, 30, 31
Valid weekdays: Saturday, Sunday
When: 23:30:00
Current Time: 2007-01-06 23:02:00
Valid Interval: 23:00:00-02:00:00
Valid days of month: 1, 2, 3, 4, 5, 6, 7, 8, 9, 10, 11, 12, 13, 14, 15, 16, 17, 18, 19, 20, 21, 22, 23, 24, 25, 26, 27, 28, 29, 30, 31
Valid weekdays: Saturday, Sunday
When: 23:30:00
Current Time: 2007-01-06 01:10:00
Valid Interval: 23:00:00-02:00:00
Valid days of month: 1, 2, 3, 4, 5, 6, 7, 8, 9, 10, 11, 12, 13, 14, 15, 16, 17, 18, 19, 20, 21, 22, 23, 24, 25, 26, 27, 28, 29, 30, 31
Valid weekdays: Saturday, Sunday
When: 23:30:00
Current Time: 2007-01-07 01:00:40
Valid Interval: 23:00:00-02:00:00
Valid days of month: 2
Valid weekdays: Saturday, Sunday
When: 23:30:00
Current Time: 2007-01-01 12:00:00
Valid Interval: 23:00:00-02:00:00
Valid days of month: 1, 2
Valid weekdays: Saturday, Sunday
When: 23:30:00
Current Time: 2007-01-05 23:30:00
Valid Interval: 23:00:00-02:00:00
Valid days of month: 1, 2
Valid weekdays: Saturday, Sunday
When: 23:30:00
Current Time: 2007-01-06 23:00:00</StdOut>
      </Output>
    </UnitTestResult>
    <UnitTestResult executionId="af69db3e-60cf-49c2-adfc-51416198b5da" testId="b7cf1a10-55b3-488f-99d5-2d167e14b855" testName="GetNextTimeToTrigger_AbsoluteTimer_ReturnsCorrectTime (Data Row 10)" computerName="ICSWS068" duration="00:00:00.0040265" startTime="2016-08-04T07:57:22.6653624+02:00" endTime="2016-08-04T07:57:22.6693653+02:00" testType="13cdc9d9-ddb5-4fa4-a97d-d965ccfc6d4b" outcome="Passed" testListId="8c84fa94-04c1-424b-9868-57a2d4851a1d" relativeResultsDirectory="af69db3e-60cf-49c2-adfc-51416198b5da">
      <Output>
        <StdOut>TestContext Messages:
Valid Interval: 11:00:00-13:00:00
Valid days of month: 1, 2, 3, 4, 5, 6, 7, 8, 9, 10, 11, 12, 13, 14, 15, 16, 17, 18, 19, 20, 21, 22, 23, 24, 25, 26, 27, 28, 29, 30, 31
Valid weekdays: Monday, Tuesday, Wednesday, Thursday, Friday, Saturday, Sunday
When: 12:00:00
Current Time: 2011-01-01 00:00:00
Valid Interval: 11:00:00-13:00:00
Valid days of month: 1, 2, 3, 4, 5, 6, 7, 8, 9, 10, 11, 12, 13, 14, 15, 16, 17, 18, 19, 20, 21, 22, 23, 24, 25, 26, 27, 28, 29, 30, 31
Valid weekdays: Monday, Tuesday, Wednesday, Thursday, Friday, Saturday, Sunday
When: 12:00:00
Current Time: 2011-01-01 09:00:00
Valid Interval: 11:00:00-13:00:00
Valid days of month: 1, 2, 3, 4, 5, 6, 7, 8, 9, 10, 11, 12, 13, 14, 15, 16, 17, 18, 19, 20, 21, 22, 23, 24, 25, 26, 27, 28, 29, 30, 31
Valid weekdays: Monday, Tuesday, Wednesday, Thursday, Friday, Saturday, Sunday
When: 12:00:00
Current Time: 2011-01-01 11:00:00
Valid Interval: 11:00:00-13:00:00
Valid days of month: 1, 2, 3, 4, 5, 6, 7, 8, 9, 10, 11, 12, 13, 14, 15, 16, 17, 18, 19, 20, 21, 22, 23, 24, 25, 26, 27, 28, 29, 30, 31
Valid weekdays: Monday, Tuesday, Wednesday, Thursday, Friday, Saturday, Sunday
When: 12:00:00
Current Time: 2011-01-01 12:00:00
Valid Interval: 11:00:00-13:00:00
Valid days of month: 1, 2, 3, 4, 5, 6, 7, 8, 9, 10, 11, 12, 13, 14, 15, 16, 17, 18, 19, 20, 21, 22, 23, 24, 25, 26, 27, 28, 29, 30, 31
Valid weekdays: Monday, Tuesday, Wednesday, Thursday, Friday, Saturday, Sunday
When: 12:00:00
Current Time: 2011-01-01 12:30:00
Valid Interval: 11:00:00-13:00:00
Valid days of month: 1, 2, 3, 4, 5, 6, 7, 8, 9, 10, 11, 12, 13, 14, 15, 16, 17, 18, 19, 20, 21, 22, 23, 24, 25, 26, 27, 28, 29, 30, 31
Valid weekdays: Monday, Tuesday, Wednesday, Thursday, Friday, Saturday, Sunday
When: 12:00:00
Current Time: 2011-01-01 13:00:00
Valid Interval: 11:00:00-13:00:00
Valid days of month: 1, 2, 3, 4, 5, 6, 7, 8, 9, 10, 11, 12, 13, 14, 15, 16, 17, 18, 19, 20, 21, 22, 23, 24, 25, 26, 27, 28, 29, 30, 31
Valid weekdays: Monday, Tuesday, Wednesday, Thursday, Friday, Saturday, Sunday
When: 12:00:00
Current Time: 2011-01-02 00:00:00
Valid Interval: 11:00:00-13:00:00
Valid days of month: 1, 2, 3, 4, 5, 6, 7, 8, 9, 10, 11, 12, 13, 14, 15, 16, 17, 18, 19, 20, 21, 22, 23, 24, 25, 26, 27, 28, 29, 30, 31
Valid weekdays: Monday, Tuesday, Wednesday, Thursday, Friday, Saturday, Sunday
When: 12:00:00
Current Time: 2011-01-02 09:00:00
Valid Interval: 11:00:00-13:00:00
Valid days of month: 1, 2, 3, 4, 5, 6, 7, 8, 9, 10, 11, 12, 13, 14, 15, 16, 17, 18, 19, 20, 21, 22, 23, 24, 25, 26, 27, 28, 29, 30, 31
Valid weekdays: Monday, Tuesday, Wednesday, Thursday, Friday, Saturday, Sunday
When: 12:00:00
Current Time: 2011-01-02 12:00:00
Valid Interval: 11:00:00-13:00:00
Valid days of month: 1, 2, 3, 4, 5, 6, 7, 8, 9, 10, 11, 12, 13, 14, 15, 16, 17, 18, 19, 20, 21, 22, 23, 24, 25, 26, 27, 28, 29, 30, 31
Valid weekdays: Monday, Tuesday, Wednesday, Thursday, Friday, Saturday, Sunday
When: 12:00:00
Current Time: 2011-01-02 12:45:30
Valid Interval: 11:00:00-13:00:00
Valid days of month: 1, 2, 3, 4, 5, 6, 7, 8, 9, 10, 11, 12, 13, 14, 15, 16, 17, 18, 19, 20, 21, 22, 23, 24, 25, 26, 27, 28, 29, 30, 31
Valid weekdays: Monday, Tuesday, Wednesday, Thursday, Friday, Saturday, Sunday
When: 12:00:00
Current Time: 2011-01-02 13:00:00
Valid Interval: 11:00:00-13:00:00
Valid days of month: 1, 2, 3, 4, 5, 6, 7, 8, 9, 10, 11, 12, 13, 14, 15, 16, 17, 18, 19, 20, 21, 22, 23, 24, 25, 26, 27, 28, 29, 30, 31
Valid weekdays: Monday, Tuesday, Wednesday, Thursday, Friday, Saturday, Sunday
When: 12:00:00
Current Time: 2011-01-01 12:00:00
Valid Interval: 11:00:00-13:00:00
Valid days of month: 1, 2, 3, 4, 5, 6, 7, 8, 9, 10, 11, 12, 13, 14, 15, 16, 17, 18, 19, 20, 21, 22, 23, 24, 25, 26, 27, 28, 29, 30, 31
Valid weekdays: Monday, Tuesday, Wednesday, Thursday, Friday, Saturday, Sunday
When: 12:00:00
Current Time: 2011-01-01 12:30:00
Valid Interval: 11:00:00-13:00:00
Valid days of month: 1, 2, 3, 4, 5, 6, 7, 8, 9, 10, 11, 12, 13, 14, 15, 16, 17, 18, 19, 20, 21, 22, 23, 24, 25, 26, 27, 28, 29, 30, 31
Valid weekdays: Monday, Tuesday, Wednesday, Thursday, Friday, Saturday, Sunday
When: 12:00:00
Current Time: 2011-01-01 12:30:00
Valid Interval: 11:00:00-13:00:00
Valid days of month: 1, 2, 3, 4, 5, 6, 7, 8, 9, 10, 11, 12, 13, 14, 15, 16, 17, 18, 19, 20, 21, 22, 23, 24, 25, 26, 27, 28, 29, 30, 31
Valid weekdays: Monday, Tuesday, Wednesday, Thursday, Friday, Saturday, Sunday
When: 12:00:00
Current Time: 2011-01-01 13:00:00
Valid Interval: 11:00:00-13:00:00
Valid days of month: 1, 2, 3, 4, 5, 6, 7, 8, 9, 10, 11, 12, 13, 14, 15, 16, 17, 18, 19, 20, 21, 22, 23, 24, 25, 26, 27, 28, 29, 30, 31
Valid weekdays: Monday, Tuesday, Wednesday, Thursday, Friday, Saturday, Sunday
When: 12:00:00
Current Time: 2011-01-01 14:30:00
Valid Interval: 23:00:00-13:00:00
Valid days of month: 1, 2, 3, 4, 5, 6, 7, 8, 9, 10, 11, 12, 13, 14, 15, 16, 17, 18, 19, 20, 21, 22, 23, 24, 25, 26, 27, 28, 29, 30, 31
Valid weekdays: Monday, Tuesday, Wednesday, Thursday, Friday, Saturday, Sunday
When: 23:30:00
Current Time: 2011-01-01 16:00:00
Valid Interval: 23:00:00-13:00:00
Valid days of month: 1, 2, 3, 4, 5, 6, 7, 8, 9, 10, 11, 12, 13, 14, 15, 16, 17, 18, 19, 20, 21, 22, 23, 24, 25, 26, 27, 28, 29, 30, 31
Valid weekdays: Monday, Tuesday, Wednesday, Thursday, Friday, Saturday, Sunday
When: 23:30:00
Current Time: 2011-01-01 23:00:00
Valid Interval: 23:00:00-13:00:00
Valid days of month: 1, 2, 3, 4, 5, 6, 7, 8, 9, 10, 11, 12, 13, 14, 15, 16, 17, 18, 19, 20, 21, 22, 23, 24, 25, 26, 27, 28, 29, 30, 31
Valid weekdays: Monday, Tuesday, Wednesday, Thursday, Friday, Saturday, Sunday
When: 23:30:00
Current Time: 2011-01-01 23:30:00
Valid Interval: 23:00:00-13:00:00
Valid days of month: 1, 2, 3, 4, 5, 6, 7, 8, 9, 10, 11, 12, 13, 14, 15, 16, 17, 18, 19, 20, 21, 22, 23, 24, 25, 26, 27, 28, 29, 30, 31
Valid weekdays: Monday, Tuesday, Wednesday, Thursday, Friday, Saturday, Sunday
When: 23:30:00
Current Time: 2011-01-01 23:45:00
Valid Interval: 23:00:00-13:00:00
Valid days of month: 1, 2, 3, 4, 5, 6, 7, 8, 9, 10, 11, 12, 13, 14, 15, 16, 17, 18, 19, 20, 21, 22, 23, 24, 25, 26, 27, 28, 29, 30, 31
Valid weekdays: Monday, Tuesday, Wednesday, Thursday, Friday, Saturday, Sunday
When: 23:30:00
Current Time: 2011-01-02 00:30:00
Valid Interval: 23:00:00-13:00:00
Valid days of month: 1, 2, 3, 4, 5, 6, 7, 8, 9, 10, 11, 12, 13, 14, 15, 16, 17, 18, 19, 20, 21, 22, 23, 24, 25, 26, 27, 28, 29, 30, 31
Valid weekdays: Monday, Tuesday, Wednesday, Thursday, Friday, Saturday, Sunday
When: 23:30:00
Current Time: 2011-01-01 13:00:00
Valid Interval: 23:00:00-13:00:00
Valid days of month: 1, 2, 3, 4, 5, 6, 7, 8, 9, 10, 11, 12, 13, 14, 15, 16, 17, 18, 19, 20, 21, 22, 23, 24, 25, 26, 27, 28, 29, 30, 31
Valid weekdays: Monday, Tuesday, Wednesday, Thursday, Friday, Saturday, Sunday
When: 01:00:00
Current Time: 2011-01-01 16:00:00
Valid Interval: 23:00:00-13:00:00
Valid days of month: 1, 2, 3, 4, 5, 6, 7, 8, 9, 10, 11, 12, 13, 14, 15, 16, 17, 18, 19, 20, 21, 22, 23, 24, 25, 26, 27, 28, 29, 30, 31
Valid weekdays: Monday, Tuesday, Wednesday, Thursday, Friday, Saturday, Sunday
When: 01:00:00
Current Time: 2011-01-01 23:00:00
Valid Interval: 23:00:00-13:00:00
Valid days of month: 1, 2, 3, 4, 5, 6, 7, 8, 9, 10, 11, 12, 13, 14, 15, 16, 17, 18, 19, 20, 21, 22, 23, 24, 25, 26, 27, 28, 29, 30, 31
Valid weekdays: Monday, Tuesday, Wednesday, Thursday, Friday, Saturday, Sunday
When: 01:00:00
Current Time: 2011-01-01 23:30:00
Valid Interval: 23:00:00-13:00:00
Valid days of month: 1, 2, 3, 4, 5, 6, 7, 8, 9, 10, 11, 12, 13, 14, 15, 16, 17, 18, 19, 20, 21, 22, 23, 24, 25, 26, 27, 28, 29, 30, 31
Valid weekdays: Monday, Tuesday, Wednesday, Thursday, Friday, Saturday, Sunday
When: 01:00:00
Current Time: 2011-01-02 00:30:00
Valid Interval: 23:00:00-13:00:00
Valid days of month: 1, 2, 3, 4, 5, 6, 7, 8, 9, 10, 11, 12, 13, 14, 15, 16, 17, 18, 19, 20, 21, 22, 23, 24, 25, 26, 27, 28, 29, 30, 31
Valid weekdays: Monday, Tuesday, Wednesday, Thursday, Friday, Saturday, Sunday
When: 01:00:00
Current Time: 2011-01-01 02:00:00
Valid Interval: 23:00:00-13:00:00
Valid days of month: 1, 2, 3, 4, 5, 6, 7, 8, 9, 10, 11, 12, 13, 14, 15, 16, 17, 18, 19, 20, 21, 22, 23, 24, 25, 26, 27, 28, 29, 30, 31
Valid weekdays: Monday, Tuesday, Wednesday, Thursday, Friday, Saturday, Sunday
When: 01:00:00
Current Time: 2011-01-01 13:00:00
Valid Interval: 23:00:00-13:00:00
Valid days of month: 1, 2, 3, 4, 5, 6, 7, 8, 9, 10, 11, 12, 13, 14, 15, 16, 17, 18, 19, 20, 21, 22, 23, 24, 25, 26, 27, 28, 29, 30, 31
Valid weekdays: Monday, Tuesday, Wednesday, Thursday, Friday, Saturday, Sunday
When: 23:30:00
Current Time: 2011-01-01 16:00:00
Valid Interval: 23:00:00-13:00:00
Valid days of month: 1, 2, 3, 4, 5, 6, 7, 8, 9, 10, 11, 12, 13, 14, 15, 16, 17, 18, 19, 20, 21, 22, 23, 24, 25, 26, 27, 28, 29, 30, 31
Valid weekdays: Monday, Tuesday, Wednesday, Thursday, Friday, Saturday, Sunday
When: 23:30:00
Current Time: 2011-01-01 23:00:00
Valid Interval: 23:00:00-13:00:00
Valid days of month: 1, 2, 3, 4, 5, 6, 7, 8, 9, 10, 11, 12, 13, 14, 15, 16, 17, 18, 19, 20, 21, 22, 23, 24, 25, 26, 27, 28, 29, 30, 31
Valid weekdays: Monday, Tuesday, Wednesday, Thursday, Friday, Saturday, Sunday
When: 23:30:00
Current Time: 2011-01-01 23:30:00
Valid Interval: 23:00:00-13:00:00
Valid days of month: 1, 2, 3, 4, 5, 6, 7, 8, 9, 10, 11, 12, 13, 14, 15, 16, 17, 18, 19, 20, 21, 22, 23, 24, 25, 26, 27, 28, 29, 30, 31
Valid weekdays: Monday, Tuesday, Wednesday, Thursday, Friday, Saturday, Sunday
When: 23:30:00
Current Time: 2011-01-01 23:45:00
Valid Interval: 23:00:00-13:00:00
Valid days of month: 1, 2, 3, 4, 5, 6, 7, 8, 9, 10, 11, 12, 13, 14, 15, 16, 17, 18, 19, 20, 21, 22, 23, 24, 25, 26, 27, 28, 29, 30, 31
Valid weekdays: Monday, Tuesday, Wednesday, Thursday, Friday, Saturday, Sunday
When: 23:30:00
Current Time: 2011-01-02 00:30:00
Valid Interval: 23:00:00-13:00:00
Valid days of month: 1, 2, 3, 4, 5, 6, 7, 8, 9, 10, 11, 12, 13, 14, 15, 16, 17, 18, 19, 20, 21, 22, 23, 24, 25, 26, 27, 28, 29, 30, 31
Valid weekdays: Monday, Tuesday, Wednesday, Thursday, Friday, Saturday, Sunday
When: 23:30:00
Current Time: 2011-01-01 13:00:00
Valid Interval: 23:00:00-13:00:00
Valid days of month: 1, 2, 3, 4, 5, 6, 7, 8, 9, 10, 11, 12, 13, 14, 15, 16, 17, 18, 19, 20, 21, 22, 23, 24, 25, 26, 27, 28, 29, 30, 31
Valid weekdays: Monday, Tuesday, Wednesday, Thursday, Friday, Saturday, Sunday
When: 01:00:00
Current Time: 2011-01-01 16:00:00
Valid Interval: 23:00:00-13:00:00
Valid days of month: 1, 2, 3, 4, 5, 6, 7, 8, 9, 10, 11, 12, 13, 14, 15, 16, 17, 18, 19, 20, 21, 22, 23, 24, 25, 26, 27, 28, 29, 30, 31
Valid weekdays: Monday, Tuesday, Wednesday, Thursday, Friday, Saturday, Sunday
When: 01:00:00
Current Time: 2011-01-01 23:00:00
Valid Interval: 23:00:00-13:00:00
Valid days of month: 1, 2, 3, 4, 5, 6, 7, 8, 9, 10, 11, 12, 13, 14, 15, 16, 17, 18, 19, 20, 21, 22, 23, 24, 25, 26, 27, 28, 29, 30, 31
Valid weekdays: Monday, Tuesday, Wednesday, Thursday, Friday, Saturday, Sunday
When: 01:00:00
Current Time: 2011-01-01 23:30:00
Valid Interval: 23:00:00-13:00:00
Valid days of month: 1, 2, 3, 4, 5, 6, 7, 8, 9, 10, 11, 12, 13, 14, 15, 16, 17, 18, 19, 20, 21, 22, 23, 24, 25, 26, 27, 28, 29, 30, 31
Valid weekdays: Monday, Tuesday, Wednesday, Thursday, Friday, Saturday, Sunday
When: 01:00:00
Current Time: 2011-01-02 00:30:00
Valid Interval: 23:00:00-13:00:00
Valid days of month: 1, 2, 3, 4, 5, 6, 7, 8, 9, 10, 11, 12, 13, 14, 15, 16, 17, 18, 19, 20, 21, 22, 23, 24, 25, 26, 27, 28, 29, 30, 31
Valid weekdays: Monday, Tuesday, Wednesday, Thursday, Friday, Saturday, Sunday
When: 01:00:00
Current Time: 2011-01-02 02:00:00
Valid Interval: 23:00:00-13:00:00
Valid days of month: 1, 2, 3, 4, 5, 6, 7, 8, 9, 10, 11, 12, 13, 14, 15, 16, 17, 18, 19, 20, 21, 22, 23, 24, 25, 26, 27, 28, 29, 30, 31
Valid weekdays: Monday, Tuesday, Wednesday, Thursday, Friday, Saturday, Sunday
When: 01:00:00
Current Time: 2011-01-02 13:00:00
Valid Interval: 23:00:00-13:00:00
Valid days of month: 1, 2, 3, 4, 5, 6, 7, 8, 9, 10, 11, 12, 13, 14, 15, 16, 17, 18, 19, 20, 21, 22, 23, 24, 25, 26, 27, 28, 29, 30, 31
Valid weekdays: Monday, Tuesday, Wednesday, Thursday, Friday, Saturday, Sunday
When: 23:30:00
Current Time: 2011-01-01 23:30:05
Valid Interval: 23:00:00-13:00:00
Valid days of month: 1, 2, 3, 4, 5, 6, 7, 8, 9, 10, 11, 12, 13, 14, 15, 16, 17, 18, 19, 20, 21, 22, 23, 24, 25, 26, 27, 28, 29, 30, 31
Valid weekdays: Monday, Tuesday, Wednesday, Thursday, Friday, Saturday, Sunday
When: 23:30:00
Current Time: 2011-01-02 00:30:00
Valid Interval: 23:00:00-13:00:00
Valid days of month: 1, 2, 3, 4, 5, 6, 7, 8, 9, 10, 11, 12, 13, 14, 15, 16, 17, 18, 19, 20, 21, 22, 23, 24, 25, 26, 27, 28, 29, 30, 31
Valid weekdays: Monday, Tuesday, Wednesday, Thursday, Friday, Saturday, Sunday
When: 23:30:00
Current Time: 2011-01-02 13:00:00
Valid Interval: 23:00:00-13:00:00
Valid days of month: 1, 2, 3, 4, 5, 6, 7, 8, 9, 10, 11, 12, 13, 14, 15, 16, 17, 18, 19, 20, 21, 22, 23, 24, 25, 26, 27, 28, 29, 30, 31
Valid weekdays: Monday, Tuesday, Wednesday, Thursday, Friday, Saturday, Sunday
When: 01:00:00
Current Time: 2011-01-01 02:00:00
Valid Interval: 23:00:00-13:00:00
Valid days of month: 1, 2, 3, 4, 5, 6, 7, 8, 9, 10, 11, 12, 13, 14, 15, 16, 17, 18, 19, 20, 21, 22, 23, 24, 25, 26, 27, 28, 29, 30, 31
Valid weekdays: Monday, Tuesday, Wednesday, Thursday, Friday, Saturday, Sunday
When: 01:00:00
Current Time: 2011-01-02 02:00:00
Valid Interval: 13:00:00-16:00:00
Valid days of month: 1, 2, 3, 4, 5, 6, 7, 8, 9, 10, 11, 12, 13, 14, 15, 16, 17, 18, 19, 20, 21, 22, 23, 24, 25, 26, 27, 28, 29, 30, 31
Valid weekdays: Saturday, Sunday
When: 14:00:00
Current Time: 2007-01-01 12:00:00
Valid Interval: 13:00:00-16:00:00
Valid days of month: 1, 2, 3, 4, 5, 6, 7, 8, 9, 10, 11, 12, 13, 14, 15, 16, 17, 18, 19, 20, 21, 22, 23, 24, 25, 26, 27, 28, 29, 30, 31
Valid weekdays: Saturday, Sunday
When: 14:00:00
Current Time: 2007-01-02 13:30:00
Valid Interval: 13:00:00-16:00:00
Valid days of month: 1, 2, 3, 4, 5, 6, 7, 8, 9, 10, 11, 12, 13, 14, 15, 16, 17, 18, 19, 20, 21, 22, 23, 24, 25, 26, 27, 28, 29, 30, 31
Valid weekdays: Saturday, Sunday
When: 14:00:00
Current Time: 2007-01-06 13:30:00
Valid Interval: 13:00:00-16:00:00
Valid days of month: 1, 2, 3, 4, 5, 6, 7, 8, 9, 10, 11, 12, 13, 14, 15, 16, 17, 18, 19, 20, 21, 22, 23, 24, 25, 26, 27, 28, 29, 30, 31
Valid weekdays: Saturday, Sunday
When: 14:00:00
Current Time: 2007-01-06 14:30:00
Valid Interval: 13:00:00-16:00:00
Valid days of month: 1, 2, 3, 4, 5, 6, 7, 8, 9, 10, 11, 12, 13, 14, 15, 16, 17, 18, 19, 20, 21, 22, 23, 24, 25, 26, 27, 28, 29, 30, 31
Valid weekdays: Saturday, Sunday
When: 14:00:00
Current Time: 2007-01-06 16:30:00
Valid Interval: 13:00:00-16:00:00
Valid days of month: 1, 2, 3, 4, 5, 6, 7, 8, 9, 10, 11, 12, 13, 14, 15, 16, 17, 18, 19, 20, 21, 22, 23, 24, 25, 26, 27, 28, 29, 30, 31
Valid weekdays: Saturday, Sunday
When: 14:00:00
Current Time: 2007-01-07 16:00:00
Valid Interval: 23:00:00-02:00:00
Valid days of month: 1, 2, 3, 4, 5, 6, 7, 8, 9, 10, 11, 12, 13, 14, 15, 16, 17, 18, 19, 20, 21, 22, 23, 24, 25, 26, 27, 28, 29, 30, 31
Valid weekdays: Saturday, Sunday
When: 01:00:00
Current Time: 2007-01-01 12:00:00
Valid Interval: 23:00:00-02:00:00
Valid days of month: 1, 2, 3, 4, 5, 6, 7, 8, 9, 10, 11, 12, 13, 14, 15, 16, 17, 18, 19, 20, 21, 22, 23, 24, 25, 26, 27, 28, 29, 30, 31
Valid weekdays: Saturday, Sunday
When: 01:00:00
Current Time: 2007-01-02 01:00:00
Valid Interval: 23:00:00-02:00:00
Valid days of month: 1, 2, 3, 4, 5, 6, 7, 8, 9, 10, 11, 12, 13, 14, 15, 16, 17, 18, 19, 20, 21, 22, 23, 24, 25, 26, 27, 28, 29, 30, 31
Valid weekdays: Saturday, Sunday
When: 01:00:00
Current Time: 2007-01-06 00:30:00
Valid Interval: 23:00:00-02:00:00
Valid days of month: 1, 2, 3, 4, 5, 6, 7, 8, 9, 10, 11, 12, 13, 14, 15, 16, 17, 18, 19, 20, 21, 22, 23, 24, 25, 26, 27, 28, 29, 30, 31
Valid weekdays: Saturday, Sunday
When: 01:00:00
Current Time: 2007-01-06 01:30:00
Valid Interval: 23:00:00-02:00:00
Valid days of month: 1, 2, 3, 4, 5, 6, 7, 8, 9, 10, 11, 12, 13, 14, 15, 16, 17, 18, 19, 20, 21, 22, 23, 24, 25, 26, 27, 28, 29, 30, 31
Valid weekdays: Saturday, Sunday
When: 01:00:00
Current Time: 2007-01-06 02:30:00
Valid Interval: 23:00:00-02:00:00
Valid days of month: 1, 2, 3, 4, 5, 6, 7, 8, 9, 10, 11, 12, 13, 14, 15, 16, 17, 18, 19, 20, 21, 22, 23, 24, 25, 26, 27, 28, 29, 30, 31
Valid weekdays: Saturday, Sunday
When: 01:00:00
Current Time: 2007-01-07 02:00:00
Valid Interval: 23:00:00-02:00:00
Valid days of month: 1, 2, 3, 4, 5, 6, 7, 8, 9, 10, 11, 12, 13, 14, 15, 16, 17, 18, 19, 20, 21, 22, 23, 24, 25, 26, 27, 28, 29, 30, 31
Valid weekdays: Saturday, Sunday
When: 23:30:00
Current Time: 2007-01-01 12:00:00
Valid Interval: 23:00:00-02:00:00
Valid days of month: 1, 2, 3, 4, 5, 6, 7, 8, 9, 10, 11, 12, 13, 14, 15, 16, 17, 18, 19, 20, 21, 22, 23, 24, 25, 26, 27, 28, 29, 30, 31
Valid weekdays: Saturday, Sunday
When: 23:30:00
Current Time: 2007-01-05 23:30:00
Valid Interval: 23:00:00-02:00:00
Valid days of month: 1, 2, 3, 4, 5, 6, 7, 8, 9, 10, 11, 12, 13, 14, 15, 16, 17, 18, 19, 20, 21, 22, 23, 24, 25, 26, 27, 28, 29, 30, 31
Valid weekdays: Saturday, Sunday
When: 23:30:00
Current Time: 2007-01-06 23:00:00
Valid Interval: 23:00:00-02:00:00
Valid days of month: 1, 2, 3, 4, 5, 6, 7, 8, 9, 10, 11, 12, 13, 14, 15, 16, 17, 18, 19, 20, 21, 22, 23, 24, 25, 26, 27, 28, 29, 30, 31
Valid weekdays: Saturday, Sunday
When: 23:30:00
Current Time: 2007-01-06 02:00:00
Valid Interval: 23:00:00-02:00:00
Valid days of month: 1, 2, 3, 4, 5, 6, 7, 8, 9, 10, 11, 12, 13, 14, 15, 16, 17, 18, 19, 20, 21, 22, 23, 24, 25, 26, 27, 28, 29, 30, 31
Valid weekdays: Saturday, Sunday
When: 23:30:00
Current Time: 2007-01-07 23:40:00
Valid Interval: 23:00:00-02:00:00
Valid days of month: 1, 2, 3, 4, 5, 6, 7, 8, 9, 10, 11, 12, 13, 14, 15, 16, 17, 18, 19, 20, 21, 22, 23, 24, 25, 26, 27, 28, 29, 30, 31
Valid weekdays: Saturday, Sunday
When: 23:30:00
Current Time: 2007-01-07 01:00:00
Valid Interval: 13:00:00-16:00:00
Valid days of month: 1, 2, 3, 4, 5, 6, 7, 8, 9, 10, 11, 12, 13, 14, 15, 16, 17, 18, 19, 20, 21, 22, 23, 24, 25, 26, 27, 28, 29, 30, 31
Valid weekdays: Saturday, Sunday
When: 14:00:00
Current Time: 2007-01-01 12:00:00
Valid Interval: 13:00:00-16:00:00
Valid days of month: 1, 2, 3, 4, 5, 6, 7, 8, 9, 10, 11, 12, 13, 14, 15, 16, 17, 18, 19, 20, 21, 22, 23, 24, 25, 26, 27, 28, 29, 30, 31
Valid weekdays: Saturday, Sunday
When: 14:00:00
Current Time: 2007-01-02 13:30:00
Valid Interval: 13:00:00-16:00:00
Valid days of month: 1, 2, 3, 4, 5, 6, 7, 8, 9, 10, 11, 12, 13, 14, 15, 16, 17, 18, 19, 20, 21, 22, 23, 24, 25, 26, 27, 28, 29, 30, 31
Valid weekdays: Saturday, Sunday
When: 14:00:00
Current Time: 2007-01-06 13:30:00
Valid Interval: 13:00:00-16:00:00
Valid days of month: 1, 2, 3, 4, 5, 6, 7, 8, 9, 10, 11, 12, 13, 14, 15, 16, 17, 18, 19, 20, 21, 22, 23, 24, 25, 26, 27, 28, 29, 30, 31
Valid weekdays: Saturday, Sunday
When: 14:00:00
Current Time: 2007-01-06 14:30:00
Valid Interval: 13:00:00-16:00:00
Valid days of month: 1, 2, 3, 4, 5, 6, 7, 8, 9, 10, 11, 12, 13, 14, 15, 16, 17, 18, 19, 20, 21, 22, 23, 24, 25, 26, 27, 28, 29, 30, 31
Valid weekdays: Saturday, Sunday
When: 14:00:00
Current Time: 2007-01-06 16:30:00
Valid Interval: 13:00:00-16:00:00
Valid days of month: 1, 2, 3, 4, 5, 6, 7, 8, 9, 10, 11, 12, 13, 14, 15, 16, 17, 18, 19, 20, 21, 22, 23, 24, 25, 26, 27, 28, 29, 30, 31
Valid weekdays: Saturday, Sunday
When: 14:00:00
Current Time: 2007-01-07 16:00:00
Valid Interval: 23:00:00-02:00:00
Valid days of month: 1, 2, 3, 4, 5, 6, 7, 8, 9, 10, 11, 12, 13, 14, 15, 16, 17, 18, 19, 20, 21, 22, 23, 24, 25, 26, 27, 28, 29, 30, 31
Valid weekdays: Saturday, Sunday
When: 01:00:00
Current Time: 2007-01-01 12:00:00
Valid Interval: 23:00:00-02:00:00
Valid days of month: 1, 2, 3, 4, 5, 6, 7, 8, 9, 10, 11, 12, 13, 14, 15, 16, 17, 18, 19, 20, 21, 22, 23, 24, 25, 26, 27, 28, 29, 30, 31
Valid weekdays: Saturday, Sunday
When: 01:00:00
Current Time: 2007-01-02 01:00:00
Valid Interval: 23:00:00-02:00:00
Valid days of month: 1, 2, 3, 4, 5, 6, 7, 8, 9, 10, 11, 12, 13, 14, 15, 16, 17, 18, 19, 20, 21, 22, 23, 24, 25, 26, 27, 28, 29, 30, 31
Valid weekdays: Saturday, Sunday
When: 01:00:00
Current Time: 2007-01-06 00:30:00
Valid Interval: 23:00:00-02:00:00
Valid days of month: 1, 2, 3, 4, 5, 6, 7, 8, 9, 10, 11, 12, 13, 14, 15, 16, 17, 18, 19, 20, 21, 22, 23, 24, 25, 26, 27, 28, 29, 30, 31
Valid weekdays: Saturday, Sunday
When: 01:00:00
Current Time: 2007-01-06 02:30:00
Valid Interval: 23:00:00-02:00:00
Valid days of month: 1, 2, 3, 4, 5, 6, 7, 8, 9, 10, 11, 12, 13, 14, 15, 16, 17, 18, 19, 20, 21, 22, 23, 24, 25, 26, 27, 28, 29, 30, 31
Valid weekdays: Saturday, Sunday
When: 23:30:00
Current Time: 2007-01-01 12:00:00
Valid Interval: 23:00:00-02:00:00
Valid days of month: 1, 2, 3, 4, 5, 6, 7, 8, 9, 10, 11, 12, 13, 14, 15, 16, 17, 18, 19, 20, 21, 22, 23, 24, 25, 26, 27, 28, 29, 30, 31
Valid weekdays: Saturday, Sunday
When: 23:30:00
Current Time: 2007-01-05 23:30:00
Valid Interval: 23:00:00-02:00:00
Valid days of month: 1, 2, 3, 4, 5, 6, 7, 8, 9, 10, 11, 12, 13, 14, 15, 16, 17, 18, 19, 20, 21, 22, 23, 24, 25, 26, 27, 28, 29, 30, 31
Valid weekdays: Saturday, Sunday
When: 23:30:00
Current Time: 2007-01-06 23:00:00
Valid Interval: 23:00:00-02:00:00
Valid days of month: 1, 2, 3, 4, 5, 6, 7, 8, 9, 10, 11, 12, 13, 14, 15, 16, 17, 18, 19, 20, 21, 22, 23, 24, 25, 26, 27, 28, 29, 30, 31
Valid weekdays: Saturday, Sunday
When: 23:30:00
Current Time: 2007-01-06 02:00:00
Valid Interval: 23:00:00-02:00:00
Valid days of month: 1, 2, 3, 4, 5, 6, 7, 8, 9, 10, 11, 12, 13, 14, 15, 16, 17, 18, 19, 20, 21, 22, 23, 24, 25, 26, 27, 28, 29, 30, 31
Valid weekdays: Saturday, Sunday
When: 23:30:00
Current Time: 2007-01-07 23:40:00
Valid Interval: 23:00:00-02:00:00
Valid days of month: 1, 2, 3, 4, 5, 6, 7, 8, 9, 10, 11, 12, 13, 14, 15, 16, 17, 18, 19, 20, 21, 22, 23, 24, 25, 26, 27, 28, 29, 30, 31
Valid weekdays: Saturday, Sunday
When: 23:30:00
Current Time: 2007-01-07 01:00:00
Valid Interval: 13:00:00-16:00:00
Valid days of month: 1, 2, 3, 4, 5, 6, 7, 8, 9, 10, 11, 12, 13, 14, 15, 16, 17, 18, 19, 20, 21, 22, 23, 24, 25, 26, 27, 28, 29, 30, 31
Valid weekdays: Saturday, Sunday
When: 14:00:00
Current Time: 2007-01-06 14:30:00
Valid Interval: 13:00:00-16:00:00
Valid days of month: 1, 2, 3, 4, 5, 6, 7, 8, 9, 10, 11, 12, 13, 14, 15, 16, 17, 18, 19, 20, 21, 22, 23, 24, 25, 26, 27, 28, 29, 30, 31
Valid weekdays: Saturday, Sunday
When: 14:00:00
Current Time: 2007-01-07 15:00:00
Valid Interval: 23:00:00-02:00:00
Valid days of month: 1, 2, 3, 4, 5, 6, 7, 8, 9, 10, 11, 12, 13, 14, 15, 16, 17, 18, 19, 20, 21, 22, 23, 24, 25, 26, 27, 28, 29, 30, 31
Valid weekdays: Saturday, Sunday
When: 01:00:00
Current Time: 2007-01-06 01:30:00
Valid Interval: 23:00:00-02:00:00
Valid days of month: 1, 2, 3, 4, 5, 6, 7, 8, 9, 10, 11, 12, 13, 14, 15, 16, 17, 18, 19, 20, 21, 22, 23, 24, 25, 26, 27, 28, 29, 30, 31
Valid weekdays: Saturday, Sunday
When: 01:00:00
Current Time: 2007-01-07 01:30:00
Valid Interval: 23:00:00-02:00:00
Valid days of month: 1, 2, 3, 4, 5, 6, 7, 8, 9, 10, 11, 12, 13, 14, 15, 16, 17, 18, 19, 20, 21, 22, 23, 24, 25, 26, 27, 28, 29, 30, 31
Valid weekdays: Saturday, Sunday
When: 23:30:00
Current Time: 2007-01-06 23:02:00
Valid Interval: 23:00:00-02:00:00
Valid days of month: 1, 2, 3, 4, 5, 6, 7, 8, 9, 10, 11, 12, 13, 14, 15, 16, 17, 18, 19, 20, 21, 22, 23, 24, 25, 26, 27, 28, 29, 30, 31
Valid weekdays: Saturday, Sunday
When: 23:30:00
Current Time: 2007-01-06 01:10:00
Valid Interval: 23:00:00-02:00:00
Valid days of month: 1, 2, 3, 4, 5, 6, 7, 8, 9, 10, 11, 12, 13, 14, 15, 16, 17, 18, 19, 20, 21, 22, 23, 24, 25, 26, 27, 28, 29, 30, 31
Valid weekdays: Saturday, Sunday
When: 23:30:00
Current Time: 2007-01-07 01:00:40
Valid Interval: 23:00:00-02:00:00
Valid days of month: 2
Valid weekdays: Saturday, Sunday
When: 23:30:00
Current Time: 2007-01-01 12:00:00
Valid Interval: 23:00:00-02:00:00
Valid days of month: 1, 2
Valid weekdays: Saturday, Sunday
When: 23:30:00
Current Time: 2007-01-05 23:30:00
Valid Interval: 23:00:00-02:00:00
Valid days of month: 1, 2
Valid weekdays: Saturday, Sunday
When: 23:30:00
Current Time: 2007-01-06 23:00:00</StdOut>
      </Output>
    </UnitTestResult>
    <UnitTestResult executionId="a0784c5b-f104-4161-bcb7-bed75ca3ef45" testId="4e95bee8-ee9d-404a-bdd5-9c30c318e933" testName="GetNextTimeToTrigger_AbsoluteTimer_ReturnsCorrectTime (Data Row 11)" computerName="ICSWS068" duration="00:00:00.0036594" startTime="2016-08-04T07:57:22.6693653+02:00" endTime="2016-08-04T07:57:22.6728714+02:00" testType="13cdc9d9-ddb5-4fa4-a97d-d965ccfc6d4b" outcome="Passed" testListId="8c84fa94-04c1-424b-9868-57a2d4851a1d" relativeResultsDirectory="a0784c5b-f104-4161-bcb7-bed75ca3ef45">
      <Output>
        <StdOut>TestContext Messages:
Valid Interval: 11:00:00-13:00:00
Valid days of month: 1, 2, 3, 4, 5, 6, 7, 8, 9, 10, 11, 12, 13, 14, 15, 16, 17, 18, 19, 20, 21, 22, 23, 24, 25, 26, 27, 28, 29, 30, 31
Valid weekdays: Monday, Tuesday, Wednesday, Thursday, Friday, Saturday, Sunday
When: 12:00:00
Current Time: 2011-01-01 00:00:00
Valid Interval: 11:00:00-13:00:00
Valid days of month: 1, 2, 3, 4, 5, 6, 7, 8, 9, 10, 11, 12, 13, 14, 15, 16, 17, 18, 19, 20, 21, 22, 23, 24, 25, 26, 27, 28, 29, 30, 31
Valid weekdays: Monday, Tuesday, Wednesday, Thursday, Friday, Saturday, Sunday
When: 12:00:00
Current Time: 2011-01-01 09:00:00
Valid Interval: 11:00:00-13:00:00
Valid days of month: 1, 2, 3, 4, 5, 6, 7, 8, 9, 10, 11, 12, 13, 14, 15, 16, 17, 18, 19, 20, 21, 22, 23, 24, 25, 26, 27, 28, 29, 30, 31
Valid weekdays: Monday, Tuesday, Wednesday, Thursday, Friday, Saturday, Sunday
When: 12:00:00
Current Time: 2011-01-01 11:00:00
Valid Interval: 11:00:00-13:00:00
Valid days of month: 1, 2, 3, 4, 5, 6, 7, 8, 9, 10, 11, 12, 13, 14, 15, 16, 17, 18, 19, 20, 21, 22, 23, 24, 25, 26, 27, 28, 29, 30, 31
Valid weekdays: Monday, Tuesday, Wednesday, Thursday, Friday, Saturday, Sunday
When: 12:00:00
Current Time: 2011-01-01 12:00:00
Valid Interval: 11:00:00-13:00:00
Valid days of month: 1, 2, 3, 4, 5, 6, 7, 8, 9, 10, 11, 12, 13, 14, 15, 16, 17, 18, 19, 20, 21, 22, 23, 24, 25, 26, 27, 28, 29, 30, 31
Valid weekdays: Monday, Tuesday, Wednesday, Thursday, Friday, Saturday, Sunday
When: 12:00:00
Current Time: 2011-01-01 12:30:00
Valid Interval: 11:00:00-13:00:00
Valid days of month: 1, 2, 3, 4, 5, 6, 7, 8, 9, 10, 11, 12, 13, 14, 15, 16, 17, 18, 19, 20, 21, 22, 23, 24, 25, 26, 27, 28, 29, 30, 31
Valid weekdays: Monday, Tuesday, Wednesday, Thursday, Friday, Saturday, Sunday
When: 12:00:00
Current Time: 2011-01-01 13:00:00
Valid Interval: 11:00:00-13:00:00
Valid days of month: 1, 2, 3, 4, 5, 6, 7, 8, 9, 10, 11, 12, 13, 14, 15, 16, 17, 18, 19, 20, 21, 22, 23, 24, 25, 26, 27, 28, 29, 30, 31
Valid weekdays: Monday, Tuesday, Wednesday, Thursday, Friday, Saturday, Sunday
When: 12:00:00
Current Time: 2011-01-02 00:00:00
Valid Interval: 11:00:00-13:00:00
Valid days of month: 1, 2, 3, 4, 5, 6, 7, 8, 9, 10, 11, 12, 13, 14, 15, 16, 17, 18, 19, 20, 21, 22, 23, 24, 25, 26, 27, 28, 29, 30, 31
Valid weekdays: Monday, Tuesday, Wednesday, Thursday, Friday, Saturday, Sunday
When: 12:00:00
Current Time: 2011-01-02 09:00:00
Valid Interval: 11:00:00-13:00:00
Valid days of month: 1, 2, 3, 4, 5, 6, 7, 8, 9, 10, 11, 12, 13, 14, 15, 16, 17, 18, 19, 20, 21, 22, 23, 24, 25, 26, 27, 28, 29, 30, 31
Valid weekdays: Monday, Tuesday, Wednesday, Thursday, Friday, Saturday, Sunday
When: 12:00:00
Current Time: 2011-01-02 12:00:00
Valid Interval: 11:00:00-13:00:00
Valid days of month: 1, 2, 3, 4, 5, 6, 7, 8, 9, 10, 11, 12, 13, 14, 15, 16, 17, 18, 19, 20, 21, 22, 23, 24, 25, 26, 27, 28, 29, 30, 31
Valid weekdays: Monday, Tuesday, Wednesday, Thursday, Friday, Saturday, Sunday
When: 12:00:00
Current Time: 2011-01-02 12:45:30
Valid Interval: 11:00:00-13:00:00
Valid days of month: 1, 2, 3, 4, 5, 6, 7, 8, 9, 10, 11, 12, 13, 14, 15, 16, 17, 18, 19, 20, 21, 22, 23, 24, 25, 26, 27, 28, 29, 30, 31
Valid weekdays: Monday, Tuesday, Wednesday, Thursday, Friday, Saturday, Sunday
When: 12:00:00
Current Time: 2011-01-02 13:00:00
Valid Interval: 11:00:00-13:00:00
Valid days of month: 1, 2, 3, 4, 5, 6, 7, 8, 9, 10, 11, 12, 13, 14, 15, 16, 17, 18, 19, 20, 21, 22, 23, 24, 25, 26, 27, 28, 29, 30, 31
Valid weekdays: Monday, Tuesday, Wednesday, Thursday, Friday, Saturday, Sunday
When: 12:00:00
Current Time: 2011-01-01 12:00:00
Valid Interval: 11:00:00-13:00:00
Valid days of month: 1, 2, 3, 4, 5, 6, 7, 8, 9, 10, 11, 12, 13, 14, 15, 16, 17, 18, 19, 20, 21, 22, 23, 24, 25, 26, 27, 28, 29, 30, 31
Valid weekdays: Monday, Tuesday, Wednesday, Thursday, Friday, Saturday, Sunday
When: 12:00:00
Current Time: 2011-01-01 12:30:00
Valid Interval: 11:00:00-13:00:00
Valid days of month: 1, 2, 3, 4, 5, 6, 7, 8, 9, 10, 11, 12, 13, 14, 15, 16, 17, 18, 19, 20, 21, 22, 23, 24, 25, 26, 27, 28, 29, 30, 31
Valid weekdays: Monday, Tuesday, Wednesday, Thursday, Friday, Saturday, Sunday
When: 12:00:00
Current Time: 2011-01-01 12:30:00
Valid Interval: 11:00:00-13:00:00
Valid days of month: 1, 2, 3, 4, 5, 6, 7, 8, 9, 10, 11, 12, 13, 14, 15, 16, 17, 18, 19, 20, 21, 22, 23, 24, 25, 26, 27, 28, 29, 30, 31
Valid weekdays: Monday, Tuesday, Wednesday, Thursday, Friday, Saturday, Sunday
When: 12:00:00
Current Time: 2011-01-01 13:00:00
Valid Interval: 11:00:00-13:00:00
Valid days of month: 1, 2, 3, 4, 5, 6, 7, 8, 9, 10, 11, 12, 13, 14, 15, 16, 17, 18, 19, 20, 21, 22, 23, 24, 25, 26, 27, 28, 29, 30, 31
Valid weekdays: Monday, Tuesday, Wednesday, Thursday, Friday, Saturday, Sunday
When: 12:00:00
Current Time: 2011-01-01 14:30:00
Valid Interval: 23:00:00-13:00:00
Valid days of month: 1, 2, 3, 4, 5, 6, 7, 8, 9, 10, 11, 12, 13, 14, 15, 16, 17, 18, 19, 20, 21, 22, 23, 24, 25, 26, 27, 28, 29, 30, 31
Valid weekdays: Monday, Tuesday, Wednesday, Thursday, Friday, Saturday, Sunday
When: 23:30:00
Current Time: 2011-01-01 16:00:00
Valid Interval: 23:00:00-13:00:00
Valid days of month: 1, 2, 3, 4, 5, 6, 7, 8, 9, 10, 11, 12, 13, 14, 15, 16, 17, 18, 19, 20, 21, 22, 23, 24, 25, 26, 27, 28, 29, 30, 31
Valid weekdays: Monday, Tuesday, Wednesday, Thursday, Friday, Saturday, Sunday
When: 23:30:00
Current Time: 2011-01-01 23:00:00
Valid Interval: 23:00:00-13:00:00
Valid days of month: 1, 2, 3, 4, 5, 6, 7, 8, 9, 10, 11, 12, 13, 14, 15, 16, 17, 18, 19, 20, 21, 22, 23, 24, 25, 26, 27, 28, 29, 30, 31
Valid weekdays: Monday, Tuesday, Wednesday, Thursday, Friday, Saturday, Sunday
When: 23:30:00
Current Time: 2011-01-01 23:30:00
Valid Interval: 23:00:00-13:00:00
Valid days of month: 1, 2, 3, 4, 5, 6, 7, 8, 9, 10, 11, 12, 13, 14, 15, 16, 17, 18, 19, 20, 21, 22, 23, 24, 25, 26, 27, 28, 29, 30, 31
Valid weekdays: Monday, Tuesday, Wednesday, Thursday, Friday, Saturday, Sunday
When: 23:30:00
Current Time: 2011-01-01 23:45:00
Valid Interval: 23:00:00-13:00:00
Valid days of month: 1, 2, 3, 4, 5, 6, 7, 8, 9, 10, 11, 12, 13, 14, 15, 16, 17, 18, 19, 20, 21, 22, 23, 24, 25, 26, 27, 28, 29, 30, 31
Valid weekdays: Monday, Tuesday, Wednesday, Thursday, Friday, Saturday, Sunday
When: 23:30:00
Current Time: 2011-01-02 00:30:00
Valid Interval: 23:00:00-13:00:00
Valid days of month: 1, 2, 3, 4, 5, 6, 7, 8, 9, 10, 11, 12, 13, 14, 15, 16, 17, 18, 19, 20, 21, 22, 23, 24, 25, 26, 27, 28, 29, 30, 31
Valid weekdays: Monday, Tuesday, Wednesday, Thursday, Friday, Saturday, Sunday
When: 23:30:00
Current Time: 2011-01-01 13:00:00
Valid Interval: 23:00:00-13:00:00
Valid days of month: 1, 2, 3, 4, 5, 6, 7, 8, 9, 10, 11, 12, 13, 14, 15, 16, 17, 18, 19, 20, 21, 22, 23, 24, 25, 26, 27, 28, 29, 30, 31
Valid weekdays: Monday, Tuesday, Wednesday, Thursday, Friday, Saturday, Sunday
When: 01:00:00
Current Time: 2011-01-01 16:00:00
Valid Interval: 23:00:00-13:00:00
Valid days of month: 1, 2, 3, 4, 5, 6, 7, 8, 9, 10, 11, 12, 13, 14, 15, 16, 17, 18, 19, 20, 21, 22, 23, 24, 25, 26, 27, 28, 29, 30, 31
Valid weekdays: Monday, Tuesday, Wednesday, Thursday, Friday, Saturday, Sunday
When: 01:00:00
Current Time: 2011-01-01 23:00:00
Valid Interval: 23:00:00-13:00:00
Valid days of month: 1, 2, 3, 4, 5, 6, 7, 8, 9, 10, 11, 12, 13, 14, 15, 16, 17, 18, 19, 20, 21, 22, 23, 24, 25, 26, 27, 28, 29, 30, 31
Valid weekdays: Monday, Tuesday, Wednesday, Thursday, Friday, Saturday, Sunday
When: 01:00:00
Current Time: 2011-01-01 23:30:00
Valid Interval: 23:00:00-13:00:00
Valid days of month: 1, 2, 3, 4, 5, 6, 7, 8, 9, 10, 11, 12, 13, 14, 15, 16, 17, 18, 19, 20, 21, 22, 23, 24, 25, 26, 27, 28, 29, 30, 31
Valid weekdays: Monday, Tuesday, Wednesday, Thursday, Friday, Saturday, Sunday
When: 01:00:00
Current Time: 2011-01-02 00:30:00
Valid Interval: 23:00:00-13:00:00
Valid days of month: 1, 2, 3, 4, 5, 6, 7, 8, 9, 10, 11, 12, 13, 14, 15, 16, 17, 18, 19, 20, 21, 22, 23, 24, 25, 26, 27, 28, 29, 30, 31
Valid weekdays: Monday, Tuesday, Wednesday, Thursday, Friday, Saturday, Sunday
When: 01:00:00
Current Time: 2011-01-01 02:00:00
Valid Interval: 23:00:00-13:00:00
Valid days of month: 1, 2, 3, 4, 5, 6, 7, 8, 9, 10, 11, 12, 13, 14, 15, 16, 17, 18, 19, 20, 21, 22, 23, 24, 25, 26, 27, 28, 29, 30, 31
Valid weekdays: Monday, Tuesday, Wednesday, Thursday, Friday, Saturday, Sunday
When: 01:00:00
Current Time: 2011-01-01 13:00:00
Valid Interval: 23:00:00-13:00:00
Valid days of month: 1, 2, 3, 4, 5, 6, 7, 8, 9, 10, 11, 12, 13, 14, 15, 16, 17, 18, 19, 20, 21, 22, 23, 24, 25, 26, 27, 28, 29, 30, 31
Valid weekdays: Monday, Tuesday, Wednesday, Thursday, Friday, Saturday, Sunday
When: 23:30:00
Current Time: 2011-01-01 16:00:00
Valid Interval: 23:00:00-13:00:00
Valid days of month: 1, 2, 3, 4, 5, 6, 7, 8, 9, 10, 11, 12, 13, 14, 15, 16, 17, 18, 19, 20, 21, 22, 23, 24, 25, 26, 27, 28, 29, 30, 31
Valid weekdays: Monday, Tuesday, Wednesday, Thursday, Friday, Saturday, Sunday
When: 23:30:00
Current Time: 2011-01-01 23:00:00
Valid Interval: 23:00:00-13:00:00
Valid days of month: 1, 2, 3, 4, 5, 6, 7, 8, 9, 10, 11, 12, 13, 14, 15, 16, 17, 18, 19, 20, 21, 22, 23, 24, 25, 26, 27, 28, 29, 30, 31
Valid weekdays: Monday, Tuesday, Wednesday, Thursday, Friday, Saturday, Sunday
When: 23:30:00
Current Time: 2011-01-01 23:30:00
Valid Interval: 23:00:00-13:00:00
Valid days of month: 1, 2, 3, 4, 5, 6, 7, 8, 9, 10, 11, 12, 13, 14, 15, 16, 17, 18, 19, 20, 21, 22, 23, 24, 25, 26, 27, 28, 29, 30, 31
Valid weekdays: Monday, Tuesday, Wednesday, Thursday, Friday, Saturday, Sunday
When: 23:30:00
Current Time: 2011-01-01 23:45:00
Valid Interval: 23:00:00-13:00:00
Valid days of month: 1, 2, 3, 4, 5, 6, 7, 8, 9, 10, 11, 12, 13, 14, 15, 16, 17, 18, 19, 20, 21, 22, 23, 24, 25, 26, 27, 28, 29, 30, 31
Valid weekdays: Monday, Tuesday, Wednesday, Thursday, Friday, Saturday, Sunday
When: 23:30:00
Current Time: 2011-01-02 00:30:00
Valid Interval: 23:00:00-13:00:00
Valid days of month: 1, 2, 3, 4, 5, 6, 7, 8, 9, 10, 11, 12, 13, 14, 15, 16, 17, 18, 19, 20, 21, 22, 23, 24, 25, 26, 27, 28, 29, 30, 31
Valid weekdays: Monday, Tuesday, Wednesday, Thursday, Friday, Saturday, Sunday
When: 23:30:00
Current Time: 2011-01-01 13:00:00
Valid Interval: 23:00:00-13:00:00
Valid days of month: 1, 2, 3, 4, 5, 6, 7, 8, 9, 10, 11, 12, 13, 14, 15, 16, 17, 18, 19, 20, 21, 22, 23, 24, 25, 26, 27, 28, 29, 30, 31
Valid weekdays: Monday, Tuesday, Wednesday, Thursday, Friday, Saturday, Sunday
When: 01:00:00
Current Time: 2011-01-01 16:00:00
Valid Interval: 23:00:00-13:00:00
Valid days of month: 1, 2, 3, 4, 5, 6, 7, 8, 9, 10, 11, 12, 13, 14, 15, 16, 17, 18, 19, 20, 21, 22, 23, 24, 25, 26, 27, 28, 29, 30, 31
Valid weekdays: Monday, Tuesday, Wednesday, Thursday, Friday, Saturday, Sunday
When: 01:00:00
Current Time: 2011-01-01 23:00:00
Valid Interval: 23:00:00-13:00:00
Valid days of month: 1, 2, 3, 4, 5, 6, 7, 8, 9, 10, 11, 12, 13, 14, 15, 16, 17, 18, 19, 20, 21, 22, 23, 24, 25, 26, 27, 28, 29, 30, 31
Valid weekdays: Monday, Tuesday, Wednesday, Thursday, Friday, Saturday, Sunday
When: 01:00:00
Current Time: 2011-01-01 23:30:00
Valid Interval: 23:00:00-13:00:00
Valid days of month: 1, 2, 3, 4, 5, 6, 7, 8, 9, 10, 11, 12, 13, 14, 15, 16, 17, 18, 19, 20, 21, 22, 23, 24, 25, 26, 27, 28, 29, 30, 31
Valid weekdays: Monday, Tuesday, Wednesday, Thursday, Friday, Saturday, Sunday
When: 01:00:00
Current Time: 2011-01-02 00:30:00
Valid Interval: 23:00:00-13:00:00
Valid days of month: 1, 2, 3, 4, 5, 6, 7, 8, 9, 10, 11, 12, 13, 14, 15, 16, 17, 18, 19, 20, 21, 22, 23, 24, 25, 26, 27, 28, 29, 30, 31
Valid weekdays: Monday, Tuesday, Wednesday, Thursday, Friday, Saturday, Sunday
When: 01:00:00
Current Time: 2011-01-02 02:00:00
Valid Interval: 23:00:00-13:00:00
Valid days of month: 1, 2, 3, 4, 5, 6, 7, 8, 9, 10, 11, 12, 13, 14, 15, 16, 17, 18, 19, 20, 21, 22, 23, 24, 25, 26, 27, 28, 29, 30, 31
Valid weekdays: Monday, Tuesday, Wednesday, Thursday, Friday, Saturday, Sunday
When: 01:00:00
Current Time: 2011-01-02 13:00:00
Valid Interval: 23:00:00-13:00:00
Valid days of month: 1, 2, 3, 4, 5, 6, 7, 8, 9, 10, 11, 12, 13, 14, 15, 16, 17, 18, 19, 20, 21, 22, 23, 24, 25, 26, 27, 28, 29, 30, 31
Valid weekdays: Monday, Tuesday, Wednesday, Thursday, Friday, Saturday, Sunday
When: 23:30:00
Current Time: 2011-01-01 23:30:05
Valid Interval: 23:00:00-13:00:00
Valid days of month: 1, 2, 3, 4, 5, 6, 7, 8, 9, 10, 11, 12, 13, 14, 15, 16, 17, 18, 19, 20, 21, 22, 23, 24, 25, 26, 27, 28, 29, 30, 31
Valid weekdays: Monday, Tuesday, Wednesday, Thursday, Friday, Saturday, Sunday
When: 23:30:00
Current Time: 2011-01-02 00:30:00
Valid Interval: 23:00:00-13:00:00
Valid days of month: 1, 2, 3, 4, 5, 6, 7, 8, 9, 10, 11, 12, 13, 14, 15, 16, 17, 18, 19, 20, 21, 22, 23, 24, 25, 26, 27, 28, 29, 30, 31
Valid weekdays: Monday, Tuesday, Wednesday, Thursday, Friday, Saturday, Sunday
When: 23:30:00
Current Time: 2011-01-02 13:00:00
Valid Interval: 23:00:00-13:00:00
Valid days of month: 1, 2, 3, 4, 5, 6, 7, 8, 9, 10, 11, 12, 13, 14, 15, 16, 17, 18, 19, 20, 21, 22, 23, 24, 25, 26, 27, 28, 29, 30, 31
Valid weekdays: Monday, Tuesday, Wednesday, Thursday, Friday, Saturday, Sunday
When: 01:00:00
Current Time: 2011-01-01 02:00:00
Valid Interval: 23:00:00-13:00:00
Valid days of month: 1, 2, 3, 4, 5, 6, 7, 8, 9, 10, 11, 12, 13, 14, 15, 16, 17, 18, 19, 20, 21, 22, 23, 24, 25, 26, 27, 28, 29, 30, 31
Valid weekdays: Monday, Tuesday, Wednesday, Thursday, Friday, Saturday, Sunday
When: 01:00:00
Current Time: 2011-01-02 02:00:00
Valid Interval: 13:00:00-16:00:00
Valid days of month: 1, 2, 3, 4, 5, 6, 7, 8, 9, 10, 11, 12, 13, 14, 15, 16, 17, 18, 19, 20, 21, 22, 23, 24, 25, 26, 27, 28, 29, 30, 31
Valid weekdays: Saturday, Sunday
When: 14:00:00
Current Time: 2007-01-01 12:00:00
Valid Interval: 13:00:00-16:00:00
Valid days of month: 1, 2, 3, 4, 5, 6, 7, 8, 9, 10, 11, 12, 13, 14, 15, 16, 17, 18, 19, 20, 21, 22, 23, 24, 25, 26, 27, 28, 29, 30, 31
Valid weekdays: Saturday, Sunday
When: 14:00:00
Current Time: 2007-01-02 13:30:00
Valid Interval: 13:00:00-16:00:00
Valid days of month: 1, 2, 3, 4, 5, 6, 7, 8, 9, 10, 11, 12, 13, 14, 15, 16, 17, 18, 19, 20, 21, 22, 23, 24, 25, 26, 27, 28, 29, 30, 31
Valid weekdays: Saturday, Sunday
When: 14:00:00
Current Time: 2007-01-06 13:30:00
Valid Interval: 13:00:00-16:00:00
Valid days of month: 1, 2, 3, 4, 5, 6, 7, 8, 9, 10, 11, 12, 13, 14, 15, 16, 17, 18, 19, 20, 21, 22, 23, 24, 25, 26, 27, 28, 29, 30, 31
Valid weekdays: Saturday, Sunday
When: 14:00:00
Current Time: 2007-01-06 14:30:00
Valid Interval: 13:00:00-16:00:00
Valid days of month: 1, 2, 3, 4, 5, 6, 7, 8, 9, 10, 11, 12, 13, 14, 15, 16, 17, 18, 19, 20, 21, 22, 23, 24, 25, 26, 27, 28, 29, 30, 31
Valid weekdays: Saturday, Sunday
When: 14:00:00
Current Time: 2007-01-06 16:30:00
Valid Interval: 13:00:00-16:00:00
Valid days of month: 1, 2, 3, 4, 5, 6, 7, 8, 9, 10, 11, 12, 13, 14, 15, 16, 17, 18, 19, 20, 21, 22, 23, 24, 25, 26, 27, 28, 29, 30, 31
Valid weekdays: Saturday, Sunday
When: 14:00:00
Current Time: 2007-01-07 16:00:00
Valid Interval: 23:00:00-02:00:00
Valid days of month: 1, 2, 3, 4, 5, 6, 7, 8, 9, 10, 11, 12, 13, 14, 15, 16, 17, 18, 19, 20, 21, 22, 23, 24, 25, 26, 27, 28, 29, 30, 31
Valid weekdays: Saturday, Sunday
When: 01:00:00
Current Time: 2007-01-01 12:00:00
Valid Interval: 23:00:00-02:00:00
Valid days of month: 1, 2, 3, 4, 5, 6, 7, 8, 9, 10, 11, 12, 13, 14, 15, 16, 17, 18, 19, 20, 21, 22, 23, 24, 25, 26, 27, 28, 29, 30, 31
Valid weekdays: Saturday, Sunday
When: 01:00:00
Current Time: 2007-01-02 01:00:00
Valid Interval: 23:00:00-02:00:00
Valid days of month: 1, 2, 3, 4, 5, 6, 7, 8, 9, 10, 11, 12, 13, 14, 15, 16, 17, 18, 19, 20, 21, 22, 23, 24, 25, 26, 27, 28, 29, 30, 31
Valid weekdays: Saturday, Sunday
When: 01:00:00
Current Time: 2007-01-06 00:30:00
Valid Interval: 23:00:00-02:00:00
Valid days of month: 1, 2, 3, 4, 5, 6, 7, 8, 9, 10, 11, 12, 13, 14, 15, 16, 17, 18, 19, 20, 21, 22, 23, 24, 25, 26, 27, 28, 29, 30, 31
Valid weekdays: Saturday, Sunday
When: 01:00:00
Current Time: 2007-01-06 01:30:00
Valid Interval: 23:00:00-02:00:00
Valid days of month: 1, 2, 3, 4, 5, 6, 7, 8, 9, 10, 11, 12, 13, 14, 15, 16, 17, 18, 19, 20, 21, 22, 23, 24, 25, 26, 27, 28, 29, 30, 31
Valid weekdays: Saturday, Sunday
When: 01:00:00
Current Time: 2007-01-06 02:30:00
Valid Interval: 23:00:00-02:00:00
Valid days of month: 1, 2, 3, 4, 5, 6, 7, 8, 9, 10, 11, 12, 13, 14, 15, 16, 17, 18, 19, 20, 21, 22, 23, 24, 25, 26, 27, 28, 29, 30, 31
Valid weekdays: Saturday, Sunday
When: 01:00:00
Current Time: 2007-01-07 02:00:00
Valid Interval: 23:00:00-02:00:00
Valid days of month: 1, 2, 3, 4, 5, 6, 7, 8, 9, 10, 11, 12, 13, 14, 15, 16, 17, 18, 19, 20, 21, 22, 23, 24, 25, 26, 27, 28, 29, 30, 31
Valid weekdays: Saturday, Sunday
When: 23:30:00
Current Time: 2007-01-01 12:00:00
Valid Interval: 23:00:00-02:00:00
Valid days of month: 1, 2, 3, 4, 5, 6, 7, 8, 9, 10, 11, 12, 13, 14, 15, 16, 17, 18, 19, 20, 21, 22, 23, 24, 25, 26, 27, 28, 29, 30, 31
Valid weekdays: Saturday, Sunday
When: 23:30:00
Current Time: 2007-01-05 23:30:00
Valid Interval: 23:00:00-02:00:00
Valid days of month: 1, 2, 3, 4, 5, 6, 7, 8, 9, 10, 11, 12, 13, 14, 15, 16, 17, 18, 19, 20, 21, 22, 23, 24, 25, 26, 27, 28, 29, 30, 31
Valid weekdays: Saturday, Sunday
When: 23:30:00
Current Time: 2007-01-06 23:00:00
Valid Interval: 23:00:00-02:00:00
Valid days of month: 1, 2, 3, 4, 5, 6, 7, 8, 9, 10, 11, 12, 13, 14, 15, 16, 17, 18, 19, 20, 21, 22, 23, 24, 25, 26, 27, 28, 29, 30, 31
Valid weekdays: Saturday, Sunday
When: 23:30:00
Current Time: 2007-01-06 02:00:00
Valid Interval: 23:00:00-02:00:00
Valid days of month: 1, 2, 3, 4, 5, 6, 7, 8, 9, 10, 11, 12, 13, 14, 15, 16, 17, 18, 19, 20, 21, 22, 23, 24, 25, 26, 27, 28, 29, 30, 31
Valid weekdays: Saturday, Sunday
When: 23:30:00
Current Time: 2007-01-07 23:40:00
Valid Interval: 23:00:00-02:00:00
Valid days of month: 1, 2, 3, 4, 5, 6, 7, 8, 9, 10, 11, 12, 13, 14, 15, 16, 17, 18, 19, 20, 21, 22, 23, 24, 25, 26, 27, 28, 29, 30, 31
Valid weekdays: Saturday, Sunday
When: 23:30:00
Current Time: 2007-01-07 01:00:00
Valid Interval: 13:00:00-16:00:00
Valid days of month: 1, 2, 3, 4, 5, 6, 7, 8, 9, 10, 11, 12, 13, 14, 15, 16, 17, 18, 19, 20, 21, 22, 23, 24, 25, 26, 27, 28, 29, 30, 31
Valid weekdays: Saturday, Sunday
When: 14:00:00
Current Time: 2007-01-01 12:00:00
Valid Interval: 13:00:00-16:00:00
Valid days of month: 1, 2, 3, 4, 5, 6, 7, 8, 9, 10, 11, 12, 13, 14, 15, 16, 17, 18, 19, 20, 21, 22, 23, 24, 25, 26, 27, 28, 29, 30, 31
Valid weekdays: Saturday, Sunday
When: 14:00:00
Current Time: 2007-01-02 13:30:00
Valid Interval: 13:00:00-16:00:00
Valid days of month: 1, 2, 3, 4, 5, 6, 7, 8, 9, 10, 11, 12, 13, 14, 15, 16, 17, 18, 19, 20, 21, 22, 23, 24, 25, 26, 27, 28, 29, 30, 31
Valid weekdays: Saturday, Sunday
When: 14:00:00
Current Time: 2007-01-06 13:30:00
Valid Interval: 13:00:00-16:00:00
Valid days of month: 1, 2, 3, 4, 5, 6, 7, 8, 9, 10, 11, 12, 13, 14, 15, 16, 17, 18, 19, 20, 21, 22, 23, 24, 25, 26, 27, 28, 29, 30, 31
Valid weekdays: Saturday, Sunday
When: 14:00:00
Current Time: 2007-01-06 14:30:00
Valid Interval: 13:00:00-16:00:00
Valid days of month: 1, 2, 3, 4, 5, 6, 7, 8, 9, 10, 11, 12, 13, 14, 15, 16, 17, 18, 19, 20, 21, 22, 23, 24, 25, 26, 27, 28, 29, 30, 31
Valid weekdays: Saturday, Sunday
When: 14:00:00
Current Time: 2007-01-06 16:30:00
Valid Interval: 13:00:00-16:00:00
Valid days of month: 1, 2, 3, 4, 5, 6, 7, 8, 9, 10, 11, 12, 13, 14, 15, 16, 17, 18, 19, 20, 21, 22, 23, 24, 25, 26, 27, 28, 29, 30, 31
Valid weekdays: Saturday, Sunday
When: 14:00:00
Current Time: 2007-01-07 16:00:00
Valid Interval: 23:00:00-02:00:00
Valid days of month: 1, 2, 3, 4, 5, 6, 7, 8, 9, 10, 11, 12, 13, 14, 15, 16, 17, 18, 19, 20, 21, 22, 23, 24, 25, 26, 27, 28, 29, 30, 31
Valid weekdays: Saturday, Sunday
When: 01:00:00
Current Time: 2007-01-01 12:00:00
Valid Interval: 23:00:00-02:00:00
Valid days of month: 1, 2, 3, 4, 5, 6, 7, 8, 9, 10, 11, 12, 13, 14, 15, 16, 17, 18, 19, 20, 21, 22, 23, 24, 25, 26, 27, 28, 29, 30, 31
Valid weekdays: Saturday, Sunday
When: 01:00:00
Current Time: 2007-01-02 01:00:00
Valid Interval: 23:00:00-02:00:00
Valid days of month: 1, 2, 3, 4, 5, 6, 7, 8, 9, 10, 11, 12, 13, 14, 15, 16, 17, 18, 19, 20, 21, 22, 23, 24, 25, 26, 27, 28, 29, 30, 31
Valid weekdays: Saturday, Sunday
When: 01:00:00
Current Time: 2007-01-06 00:30:00
Valid Interval: 23:00:00-02:00:00
Valid days of month: 1, 2, 3, 4, 5, 6, 7, 8, 9, 10, 11, 12, 13, 14, 15, 16, 17, 18, 19, 20, 21, 22, 23, 24, 25, 26, 27, 28, 29, 30, 31
Valid weekdays: Saturday, Sunday
When: 01:00:00
Current Time: 2007-01-06 02:30:00
Valid Interval: 23:00:00-02:00:00
Valid days of month: 1, 2, 3, 4, 5, 6, 7, 8, 9, 10, 11, 12, 13, 14, 15, 16, 17, 18, 19, 20, 21, 22, 23, 24, 25, 26, 27, 28, 29, 30, 31
Valid weekdays: Saturday, Sunday
When: 23:30:00
Current Time: 2007-01-01 12:00:00
Valid Interval: 23:00:00-02:00:00
Valid days of month: 1, 2, 3, 4, 5, 6, 7, 8, 9, 10, 11, 12, 13, 14, 15, 16, 17, 18, 19, 20, 21, 22, 23, 24, 25, 26, 27, 28, 29, 30, 31
Valid weekdays: Saturday, Sunday
When: 23:30:00
Current Time: 2007-01-05 23:30:00
Valid Interval: 23:00:00-02:00:00
Valid days of month: 1, 2, 3, 4, 5, 6, 7, 8, 9, 10, 11, 12, 13, 14, 15, 16, 17, 18, 19, 20, 21, 22, 23, 24, 25, 26, 27, 28, 29, 30, 31
Valid weekdays: Saturday, Sunday
When: 23:30:00
Current Time: 2007-01-06 23:00:00
Valid Interval: 23:00:00-02:00:00
Valid days of month: 1, 2, 3, 4, 5, 6, 7, 8, 9, 10, 11, 12, 13, 14, 15, 16, 17, 18, 19, 20, 21, 22, 23, 24, 25, 26, 27, 28, 29, 30, 31
Valid weekdays: Saturday, Sunday
When: 23:30:00
Current Time: 2007-01-06 02:00:00
Valid Interval: 23:00:00-02:00:00
Valid days of month: 1, 2, 3, 4, 5, 6, 7, 8, 9, 10, 11, 12, 13, 14, 15, 16, 17, 18, 19, 20, 21, 22, 23, 24, 25, 26, 27, 28, 29, 30, 31
Valid weekdays: Saturday, Sunday
When: 23:30:00
Current Time: 2007-01-07 23:40:00
Valid Interval: 23:00:00-02:00:00
Valid days of month: 1, 2, 3, 4, 5, 6, 7, 8, 9, 10, 11, 12, 13, 14, 15, 16, 17, 18, 19, 20, 21, 22, 23, 24, 25, 26, 27, 28, 29, 30, 31
Valid weekdays: Saturday, Sunday
When: 23:30:00
Current Time: 2007-01-07 01:00:00
Valid Interval: 13:00:00-16:00:00
Valid days of month: 1, 2, 3, 4, 5, 6, 7, 8, 9, 10, 11, 12, 13, 14, 15, 16, 17, 18, 19, 20, 21, 22, 23, 24, 25, 26, 27, 28, 29, 30, 31
Valid weekdays: Saturday, Sunday
When: 14:00:00
Current Time: 2007-01-06 14:30:00
Valid Interval: 13:00:00-16:00:00
Valid days of month: 1, 2, 3, 4, 5, 6, 7, 8, 9, 10, 11, 12, 13, 14, 15, 16, 17, 18, 19, 20, 21, 22, 23, 24, 25, 26, 27, 28, 29, 30, 31
Valid weekdays: Saturday, Sunday
When: 14:00:00
Current Time: 2007-01-07 15:00:00
Valid Interval: 23:00:00-02:00:00
Valid days of month: 1, 2, 3, 4, 5, 6, 7, 8, 9, 10, 11, 12, 13, 14, 15, 16, 17, 18, 19, 20, 21, 22, 23, 24, 25, 26, 27, 28, 29, 30, 31
Valid weekdays: Saturday, Sunday
When: 01:00:00
Current Time: 2007-01-06 01:30:00
Valid Interval: 23:00:00-02:00:00
Valid days of month: 1, 2, 3, 4, 5, 6, 7, 8, 9, 10, 11, 12, 13, 14, 15, 16, 17, 18, 19, 20, 21, 22, 23, 24, 25, 26, 27, 28, 29, 30, 31
Valid weekdays: Saturday, Sunday
When: 01:00:00
Current Time: 2007-01-07 01:30:00
Valid Interval: 23:00:00-02:00:00
Valid days of month: 1, 2, 3, 4, 5, 6, 7, 8, 9, 10, 11, 12, 13, 14, 15, 16, 17, 18, 19, 20, 21, 22, 23, 24, 25, 26, 27, 28, 29, 30, 31
Valid weekdays: Saturday, Sunday
When: 23:30:00
Current Time: 2007-01-06 23:02:00
Valid Interval: 23:00:00-02:00:00
Valid days of month: 1, 2, 3, 4, 5, 6, 7, 8, 9, 10, 11, 12, 13, 14, 15, 16, 17, 18, 19, 20, 21, 22, 23, 24, 25, 26, 27, 28, 29, 30, 31
Valid weekdays: Saturday, Sunday
When: 23:30:00
Current Time: 2007-01-06 01:10:00
Valid Interval: 23:00:00-02:00:00
Valid days of month: 1, 2, 3, 4, 5, 6, 7, 8, 9, 10, 11, 12, 13, 14, 15, 16, 17, 18, 19, 20, 21, 22, 23, 24, 25, 26, 27, 28, 29, 30, 31
Valid weekdays: Saturday, Sunday
When: 23:30:00
Current Time: 2007-01-07 01:00:40
Valid Interval: 23:00:00-02:00:00
Valid days of month: 2
Valid weekdays: Saturday, Sunday
When: 23:30:00
Current Time: 2007-01-01 12:00:00
Valid Interval: 23:00:00-02:00:00
Valid days of month: 1, 2
Valid weekdays: Saturday, Sunday
When: 23:30:00
Current Time: 2007-01-05 23:30:00
Valid Interval: 23:00:00-02:00:00
Valid days of month: 1, 2
Valid weekdays: Saturday, Sunday
When: 23:30:00
Current Time: 2007-01-06 23:00:00</StdOut>
      </Output>
    </UnitTestResult>
    <UnitTestResult executionId="f75be2f8-ae9f-40ea-a2d1-3961d2fd132e" testId="bb98033f-2b4d-4488-9327-4d28b41586bb" testName="GetNextTimeToTrigger_AbsoluteTimer_ReturnsCorrectTime (Data Row 12)" computerName="ICSWS068" duration="00:00:00.0035433" startTime="2016-08-04T07:57:22.6733708+02:00" endTime="2016-08-04T07:57:22.6768740+02:00" testType="13cdc9d9-ddb5-4fa4-a97d-d965ccfc6d4b" outcome="Passed" testListId="8c84fa94-04c1-424b-9868-57a2d4851a1d" relativeResultsDirectory="f75be2f8-ae9f-40ea-a2d1-3961d2fd132e">
      <Output>
        <StdOut>TestContext Messages:
Valid Interval: 11:00:00-13:00:00
Valid days of month: 1, 2, 3, 4, 5, 6, 7, 8, 9, 10, 11, 12, 13, 14, 15, 16, 17, 18, 19, 20, 21, 22, 23, 24, 25, 26, 27, 28, 29, 30, 31
Valid weekdays: Monday, Tuesday, Wednesday, Thursday, Friday, Saturday, Sunday
When: 12:00:00
Current Time: 2011-01-01 00:00:00
Valid Interval: 11:00:00-13:00:00
Valid days of month: 1, 2, 3, 4, 5, 6, 7, 8, 9, 10, 11, 12, 13, 14, 15, 16, 17, 18, 19, 20, 21, 22, 23, 24, 25, 26, 27, 28, 29, 30, 31
Valid weekdays: Monday, Tuesday, Wednesday, Thursday, Friday, Saturday, Sunday
When: 12:00:00
Current Time: 2011-01-01 09:00:00
Valid Interval: 11:00:00-13:00:00
Valid days of month: 1, 2, 3, 4, 5, 6, 7, 8, 9, 10, 11, 12, 13, 14, 15, 16, 17, 18, 19, 20, 21, 22, 23, 24, 25, 26, 27, 28, 29, 30, 31
Valid weekdays: Monday, Tuesday, Wednesday, Thursday, Friday, Saturday, Sunday
When: 12:00:00
Current Time: 2011-01-01 11:00:00
Valid Interval: 11:00:00-13:00:00
Valid days of month: 1, 2, 3, 4, 5, 6, 7, 8, 9, 10, 11, 12, 13, 14, 15, 16, 17, 18, 19, 20, 21, 22, 23, 24, 25, 26, 27, 28, 29, 30, 31
Valid weekdays: Monday, Tuesday, Wednesday, Thursday, Friday, Saturday, Sunday
When: 12:00:00
Current Time: 2011-01-01 12:00:00
Valid Interval: 11:00:00-13:00:00
Valid days of month: 1, 2, 3, 4, 5, 6, 7, 8, 9, 10, 11, 12, 13, 14, 15, 16, 17, 18, 19, 20, 21, 22, 23, 24, 25, 26, 27, 28, 29, 30, 31
Valid weekdays: Monday, Tuesday, Wednesday, Thursday, Friday, Saturday, Sunday
When: 12:00:00
Current Time: 2011-01-01 12:30:00
Valid Interval: 11:00:00-13:00:00
Valid days of month: 1, 2, 3, 4, 5, 6, 7, 8, 9, 10, 11, 12, 13, 14, 15, 16, 17, 18, 19, 20, 21, 22, 23, 24, 25, 26, 27, 28, 29, 30, 31
Valid weekdays: Monday, Tuesday, Wednesday, Thursday, Friday, Saturday, Sunday
When: 12:00:00
Current Time: 2011-01-01 13:00:00
Valid Interval: 11:00:00-13:00:00
Valid days of month: 1, 2, 3, 4, 5, 6, 7, 8, 9, 10, 11, 12, 13, 14, 15, 16, 17, 18, 19, 20, 21, 22, 23, 24, 25, 26, 27, 28, 29, 30, 31
Valid weekdays: Monday, Tuesday, Wednesday, Thursday, Friday, Saturday, Sunday
When: 12:00:00
Current Time: 2011-01-02 00:00:00
Valid Interval: 11:00:00-13:00:00
Valid days of month: 1, 2, 3, 4, 5, 6, 7, 8, 9, 10, 11, 12, 13, 14, 15, 16, 17, 18, 19, 20, 21, 22, 23, 24, 25, 26, 27, 28, 29, 30, 31
Valid weekdays: Monday, Tuesday, Wednesday, Thursday, Friday, Saturday, Sunday
When: 12:00:00
Current Time: 2011-01-02 09:00:00
Valid Interval: 11:00:00-13:00:00
Valid days of month: 1, 2, 3, 4, 5, 6, 7, 8, 9, 10, 11, 12, 13, 14, 15, 16, 17, 18, 19, 20, 21, 22, 23, 24, 25, 26, 27, 28, 29, 30, 31
Valid weekdays: Monday, Tuesday, Wednesday, Thursday, Friday, Saturday, Sunday
When: 12:00:00
Current Time: 2011-01-02 12:00:00
Valid Interval: 11:00:00-13:00:00
Valid days of month: 1, 2, 3, 4, 5, 6, 7, 8, 9, 10, 11, 12, 13, 14, 15, 16, 17, 18, 19, 20, 21, 22, 23, 24, 25, 26, 27, 28, 29, 30, 31
Valid weekdays: Monday, Tuesday, Wednesday, Thursday, Friday, Saturday, Sunday
When: 12:00:00
Current Time: 2011-01-02 12:45:30
Valid Interval: 11:00:00-13:00:00
Valid days of month: 1, 2, 3, 4, 5, 6, 7, 8, 9, 10, 11, 12, 13, 14, 15, 16, 17, 18, 19, 20, 21, 22, 23, 24, 25, 26, 27, 28, 29, 30, 31
Valid weekdays: Monday, Tuesday, Wednesday, Thursday, Friday, Saturday, Sunday
When: 12:00:00
Current Time: 2011-01-02 13:00:00
Valid Interval: 11:00:00-13:00:00
Valid days of month: 1, 2, 3, 4, 5, 6, 7, 8, 9, 10, 11, 12, 13, 14, 15, 16, 17, 18, 19, 20, 21, 22, 23, 24, 25, 26, 27, 28, 29, 30, 31
Valid weekdays: Monday, Tuesday, Wednesday, Thursday, Friday, Saturday, Sunday
When: 12:00:00
Current Time: 2011-01-01 12:00:00
Valid Interval: 11:00:00-13:00:00
Valid days of month: 1, 2, 3, 4, 5, 6, 7, 8, 9, 10, 11, 12, 13, 14, 15, 16, 17, 18, 19, 20, 21, 22, 23, 24, 25, 26, 27, 28, 29, 30, 31
Valid weekdays: Monday, Tuesday, Wednesday, Thursday, Friday, Saturday, Sunday
When: 12:00:00
Current Time: 2011-01-01 12:30:00
Valid Interval: 11:00:00-13:00:00
Valid days of month: 1, 2, 3, 4, 5, 6, 7, 8, 9, 10, 11, 12, 13, 14, 15, 16, 17, 18, 19, 20, 21, 22, 23, 24, 25, 26, 27, 28, 29, 30, 31
Valid weekdays: Monday, Tuesday, Wednesday, Thursday, Friday, Saturday, Sunday
When: 12:00:00
Current Time: 2011-01-01 12:30:00
Valid Interval: 11:00:00-13:00:00
Valid days of month: 1, 2, 3, 4, 5, 6, 7, 8, 9, 10, 11, 12, 13, 14, 15, 16, 17, 18, 19, 20, 21, 22, 23, 24, 25, 26, 27, 28, 29, 30, 31
Valid weekdays: Monday, Tuesday, Wednesday, Thursday, Friday, Saturday, Sunday
When: 12:00:00
Current Time: 2011-01-01 13:00:00
Valid Interval: 11:00:00-13:00:00
Valid days of month: 1, 2, 3, 4, 5, 6, 7, 8, 9, 10, 11, 12, 13, 14, 15, 16, 17, 18, 19, 20, 21, 22, 23, 24, 25, 26, 27, 28, 29, 30, 31
Valid weekdays: Monday, Tuesday, Wednesday, Thursday, Friday, Saturday, Sunday
When: 12:00:00
Current Time: 2011-01-01 14:30:00
Valid Interval: 23:00:00-13:00:00
Valid days of month: 1, 2, 3, 4, 5, 6, 7, 8, 9, 10, 11, 12, 13, 14, 15, 16, 17, 18, 19, 20, 21, 22, 23, 24, 25, 26, 27, 28, 29, 30, 31
Valid weekdays: Monday, Tuesday, Wednesday, Thursday, Friday, Saturday, Sunday
When: 23:30:00
Current Time: 2011-01-01 16:00:00
Valid Interval: 23:00:00-13:00:00
Valid days of month: 1, 2, 3, 4, 5, 6, 7, 8, 9, 10, 11, 12, 13, 14, 15, 16, 17, 18, 19, 20, 21, 22, 23, 24, 25, 26, 27, 28, 29, 30, 31
Valid weekdays: Monday, Tuesday, Wednesday, Thursday, Friday, Saturday, Sunday
When: 23:30:00
Current Time: 2011-01-01 23:00:00
Valid Interval: 23:00:00-13:00:00
Valid days of month: 1, 2, 3, 4, 5, 6, 7, 8, 9, 10, 11, 12, 13, 14, 15, 16, 17, 18, 19, 20, 21, 22, 23, 24, 25, 26, 27, 28, 29, 30, 31
Valid weekdays: Monday, Tuesday, Wednesday, Thursday, Friday, Saturday, Sunday
When: 23:30:00
Current Time: 2011-01-01 23:30:00
Valid Interval: 23:00:00-13:00:00
Valid days of month: 1, 2, 3, 4, 5, 6, 7, 8, 9, 10, 11, 12, 13, 14, 15, 16, 17, 18, 19, 20, 21, 22, 23, 24, 25, 26, 27, 28, 29, 30, 31
Valid weekdays: Monday, Tuesday, Wednesday, Thursday, Friday, Saturday, Sunday
When: 23:30:00
Current Time: 2011-01-01 23:45:00
Valid Interval: 23:00:00-13:00:00
Valid days of month: 1, 2, 3, 4, 5, 6, 7, 8, 9, 10, 11, 12, 13, 14, 15, 16, 17, 18, 19, 20, 21, 22, 23, 24, 25, 26, 27, 28, 29, 30, 31
Valid weekdays: Monday, Tuesday, Wednesday, Thursday, Friday, Saturday, Sunday
When: 23:30:00
Current Time: 2011-01-02 00:30:00
Valid Interval: 23:00:00-13:00:00
Valid days of month: 1, 2, 3, 4, 5, 6, 7, 8, 9, 10, 11, 12, 13, 14, 15, 16, 17, 18, 19, 20, 21, 22, 23, 24, 25, 26, 27, 28, 29, 30, 31
Valid weekdays: Monday, Tuesday, Wednesday, Thursday, Friday, Saturday, Sunday
When: 23:30:00
Current Time: 2011-01-01 13:00:00
Valid Interval: 23:00:00-13:00:00
Valid days of month: 1, 2, 3, 4, 5, 6, 7, 8, 9, 10, 11, 12, 13, 14, 15, 16, 17, 18, 19, 20, 21, 22, 23, 24, 25, 26, 27, 28, 29, 30, 31
Valid weekdays: Monday, Tuesday, Wednesday, Thursday, Friday, Saturday, Sunday
When: 01:00:00
Current Time: 2011-01-01 16:00:00
Valid Interval: 23:00:00-13:00:00
Valid days of month: 1, 2, 3, 4, 5, 6, 7, 8, 9, 10, 11, 12, 13, 14, 15, 16, 17, 18, 19, 20, 21, 22, 23, 24, 25, 26, 27, 28, 29, 30, 31
Valid weekdays: Monday, Tuesday, Wednesday, Thursday, Friday, Saturday, Sunday
When: 01:00:00
Current Time: 2011-01-01 23:00:00
Valid Interval: 23:00:00-13:00:00
Valid days of month: 1, 2, 3, 4, 5, 6, 7, 8, 9, 10, 11, 12, 13, 14, 15, 16, 17, 18, 19, 20, 21, 22, 23, 24, 25, 26, 27, 28, 29, 30, 31
Valid weekdays: Monday, Tuesday, Wednesday, Thursday, Friday, Saturday, Sunday
When: 01:00:00
Current Time: 2011-01-01 23:30:00
Valid Interval: 23:00:00-13:00:00
Valid days of month: 1, 2, 3, 4, 5, 6, 7, 8, 9, 10, 11, 12, 13, 14, 15, 16, 17, 18, 19, 20, 21, 22, 23, 24, 25, 26, 27, 28, 29, 30, 31
Valid weekdays: Monday, Tuesday, Wednesday, Thursday, Friday, Saturday, Sunday
When: 01:00:00
Current Time: 2011-01-02 00:30:00
Valid Interval: 23:00:00-13:00:00
Valid days of month: 1, 2, 3, 4, 5, 6, 7, 8, 9, 10, 11, 12, 13, 14, 15, 16, 17, 18, 19, 20, 21, 22, 23, 24, 25, 26, 27, 28, 29, 30, 31
Valid weekdays: Monday, Tuesday, Wednesday, Thursday, Friday, Saturday, Sunday
When: 01:00:00
Current Time: 2011-01-01 02:00:00
Valid Interval: 23:00:00-13:00:00
Valid days of month: 1, 2, 3, 4, 5, 6, 7, 8, 9, 10, 11, 12, 13, 14, 15, 16, 17, 18, 19, 20, 21, 22, 23, 24, 25, 26, 27, 28, 29, 30, 31
Valid weekdays: Monday, Tuesday, Wednesday, Thursday, Friday, Saturday, Sunday
When: 01:00:00
Current Time: 2011-01-01 13:00:00
Valid Interval: 23:00:00-13:00:00
Valid days of month: 1, 2, 3, 4, 5, 6, 7, 8, 9, 10, 11, 12, 13, 14, 15, 16, 17, 18, 19, 20, 21, 22, 23, 24, 25, 26, 27, 28, 29, 30, 31
Valid weekdays: Monday, Tuesday, Wednesday, Thursday, Friday, Saturday, Sunday
When: 23:30:00
Current Time: 2011-01-01 16:00:00
Valid Interval: 23:00:00-13:00:00
Valid days of month: 1, 2, 3, 4, 5, 6, 7, 8, 9, 10, 11, 12, 13, 14, 15, 16, 17, 18, 19, 20, 21, 22, 23, 24, 25, 26, 27, 28, 29, 30, 31
Valid weekdays: Monday, Tuesday, Wednesday, Thursday, Friday, Saturday, Sunday
When: 23:30:00
Current Time: 2011-01-01 23:00:00
Valid Interval: 23:00:00-13:00:00
Valid days of month: 1, 2, 3, 4, 5, 6, 7, 8, 9, 10, 11, 12, 13, 14, 15, 16, 17, 18, 19, 20, 21, 22, 23, 24, 25, 26, 27, 28, 29, 30, 31
Valid weekdays: Monday, Tuesday, Wednesday, Thursday, Friday, Saturday, Sunday
When: 23:30:00
Current Time: 2011-01-01 23:30:00
Valid Interval: 23:00:00-13:00:00
Valid days of month: 1, 2, 3, 4, 5, 6, 7, 8, 9, 10, 11, 12, 13, 14, 15, 16, 17, 18, 19, 20, 21, 22, 23, 24, 25, 26, 27, 28, 29, 30, 31
Valid weekdays: Monday, Tuesday, Wednesday, Thursday, Friday, Saturday, Sunday
When: 23:30:00
Current Time: 2011-01-01 23:45:00
Valid Interval: 23:00:00-13:00:00
Valid days of month: 1, 2, 3, 4, 5, 6, 7, 8, 9, 10, 11, 12, 13, 14, 15, 16, 17, 18, 19, 20, 21, 22, 23, 24, 25, 26, 27, 28, 29, 30, 31
Valid weekdays: Monday, Tuesday, Wednesday, Thursday, Friday, Saturday, Sunday
When: 23:30:00
Current Time: 2011-01-02 00:30:00
Valid Interval: 23:00:00-13:00:00
Valid days of month: 1, 2, 3, 4, 5, 6, 7, 8, 9, 10, 11, 12, 13, 14, 15, 16, 17, 18, 19, 20, 21, 22, 23, 24, 25, 26, 27, 28, 29, 30, 31
Valid weekdays: Monday, Tuesday, Wednesday, Thursday, Friday, Saturday, Sunday
When: 23:30:00
Current Time: 2011-01-01 13:00:00
Valid Interval: 23:00:00-13:00:00
Valid days of month: 1, 2, 3, 4, 5, 6, 7, 8, 9, 10, 11, 12, 13, 14, 15, 16, 17, 18, 19, 20, 21, 22, 23, 24, 25, 26, 27, 28, 29, 30, 31
Valid weekdays: Monday, Tuesday, Wednesday, Thursday, Friday, Saturday, Sunday
When: 01:00:00
Current Time: 2011-01-01 16:00:00
Valid Interval: 23:00:00-13:00:00
Valid days of month: 1, 2, 3, 4, 5, 6, 7, 8, 9, 10, 11, 12, 13, 14, 15, 16, 17, 18, 19, 20, 21, 22, 23, 24, 25, 26, 27, 28, 29, 30, 31
Valid weekdays: Monday, Tuesday, Wednesday, Thursday, Friday, Saturday, Sunday
When: 01:00:00
Current Time: 2011-01-01 23:00:00
Valid Interval: 23:00:00-13:00:00
Valid days of month: 1, 2, 3, 4, 5, 6, 7, 8, 9, 10, 11, 12, 13, 14, 15, 16, 17, 18, 19, 20, 21, 22, 23, 24, 25, 26, 27, 28, 29, 30, 31
Valid weekdays: Monday, Tuesday, Wednesday, Thursday, Friday, Saturday, Sunday
When: 01:00:00
Current Time: 2011-01-01 23:30:00
Valid Interval: 23:00:00-13:00:00
Valid days of month: 1, 2, 3, 4, 5, 6, 7, 8, 9, 10, 11, 12, 13, 14, 15, 16, 17, 18, 19, 20, 21, 22, 23, 24, 25, 26, 27, 28, 29, 30, 31
Valid weekdays: Monday, Tuesday, Wednesday, Thursday, Friday, Saturday, Sunday
When: 01:00:00
Current Time: 2011-01-02 00:30:00
Valid Interval: 23:00:00-13:00:00
Valid days of month: 1, 2, 3, 4, 5, 6, 7, 8, 9, 10, 11, 12, 13, 14, 15, 16, 17, 18, 19, 20, 21, 22, 23, 24, 25, 26, 27, 28, 29, 30, 31
Valid weekdays: Monday, Tuesday, Wednesday, Thursday, Friday, Saturday, Sunday
When: 01:00:00
Current Time: 2011-01-02 02:00:00
Valid Interval: 23:00:00-13:00:00
Valid days of month: 1, 2, 3, 4, 5, 6, 7, 8, 9, 10, 11, 12, 13, 14, 15, 16, 17, 18, 19, 20, 21, 22, 23, 24, 25, 26, 27, 28, 29, 30, 31
Valid weekdays: Monday, Tuesday, Wednesday, Thursday, Friday, Saturday, Sunday
When: 01:00:00
Current Time: 2011-01-02 13:00:00
Valid Interval: 23:00:00-13:00:00
Valid days of month: 1, 2, 3, 4, 5, 6, 7, 8, 9, 10, 11, 12, 13, 14, 15, 16, 17, 18, 19, 20, 21, 22, 23, 24, 25, 26, 27, 28, 29, 30, 31
Valid weekdays: Monday, Tuesday, Wednesday, Thursday, Friday, Saturday, Sunday
When: 23:30:00
Current Time: 2011-01-01 23:30:05
Valid Interval: 23:00:00-13:00:00
Valid days of month: 1, 2, 3, 4, 5, 6, 7, 8, 9, 10, 11, 12, 13, 14, 15, 16, 17, 18, 19, 20, 21, 22, 23, 24, 25, 26, 27, 28, 29, 30, 31
Valid weekdays: Monday, Tuesday, Wednesday, Thursday, Friday, Saturday, Sunday
When: 23:30:00
Current Time: 2011-01-02 00:30:00
Valid Interval: 23:00:00-13:00:00
Valid days of month: 1, 2, 3, 4, 5, 6, 7, 8, 9, 10, 11, 12, 13, 14, 15, 16, 17, 18, 19, 20, 21, 22, 23, 24, 25, 26, 27, 28, 29, 30, 31
Valid weekdays: Monday, Tuesday, Wednesday, Thursday, Friday, Saturday, Sunday
When: 23:30:00
Current Time: 2011-01-02 13:00:00
Valid Interval: 23:00:00-13:00:00
Valid days of month: 1, 2, 3, 4, 5, 6, 7, 8, 9, 10, 11, 12, 13, 14, 15, 16, 17, 18, 19, 20, 21, 22, 23, 24, 25, 26, 27, 28, 29, 30, 31
Valid weekdays: Monday, Tuesday, Wednesday, Thursday, Friday, Saturday, Sunday
When: 01:00:00
Current Time: 2011-01-01 02:00:00
Valid Interval: 23:00:00-13:00:00
Valid days of month: 1, 2, 3, 4, 5, 6, 7, 8, 9, 10, 11, 12, 13, 14, 15, 16, 17, 18, 19, 20, 21, 22, 23, 24, 25, 26, 27, 28, 29, 30, 31
Valid weekdays: Monday, Tuesday, Wednesday, Thursday, Friday, Saturday, Sunday
When: 01:00:00
Current Time: 2011-01-02 02:00:00
Valid Interval: 13:00:00-16:00:00
Valid days of month: 1, 2, 3, 4, 5, 6, 7, 8, 9, 10, 11, 12, 13, 14, 15, 16, 17, 18, 19, 20, 21, 22, 23, 24, 25, 26, 27, 28, 29, 30, 31
Valid weekdays: Saturday, Sunday
When: 14:00:00
Current Time: 2007-01-01 12:00:00
Valid Interval: 13:00:00-16:00:00
Valid days of month: 1, 2, 3, 4, 5, 6, 7, 8, 9, 10, 11, 12, 13, 14, 15, 16, 17, 18, 19, 20, 21, 22, 23, 24, 25, 26, 27, 28, 29, 30, 31
Valid weekdays: Saturday, Sunday
When: 14:00:00
Current Time: 2007-01-02 13:30:00
Valid Interval: 13:00:00-16:00:00
Valid days of month: 1, 2, 3, 4, 5, 6, 7, 8, 9, 10, 11, 12, 13, 14, 15, 16, 17, 18, 19, 20, 21, 22, 23, 24, 25, 26, 27, 28, 29, 30, 31
Valid weekdays: Saturday, Sunday
When: 14:00:00
Current Time: 2007-01-06 13:30:00
Valid Interval: 13:00:00-16:00:00
Valid days of month: 1, 2, 3, 4, 5, 6, 7, 8, 9, 10, 11, 12, 13, 14, 15, 16, 17, 18, 19, 20, 21, 22, 23, 24, 25, 26, 27, 28, 29, 30, 31
Valid weekdays: Saturday, Sunday
When: 14:00:00
Current Time: 2007-01-06 14:30:00
Valid Interval: 13:00:00-16:00:00
Valid days of month: 1, 2, 3, 4, 5, 6, 7, 8, 9, 10, 11, 12, 13, 14, 15, 16, 17, 18, 19, 20, 21, 22, 23, 24, 25, 26, 27, 28, 29, 30, 31
Valid weekdays: Saturday, Sunday
When: 14:00:00
Current Time: 2007-01-06 16:30:00
Valid Interval: 13:00:00-16:00:00
Valid days of month: 1, 2, 3, 4, 5, 6, 7, 8, 9, 10, 11, 12, 13, 14, 15, 16, 17, 18, 19, 20, 21, 22, 23, 24, 25, 26, 27, 28, 29, 30, 31
Valid weekdays: Saturday, Sunday
When: 14:00:00
Current Time: 2007-01-07 16:00:00
Valid Interval: 23:00:00-02:00:00
Valid days of month: 1, 2, 3, 4, 5, 6, 7, 8, 9, 10, 11, 12, 13, 14, 15, 16, 17, 18, 19, 20, 21, 22, 23, 24, 25, 26, 27, 28, 29, 30, 31
Valid weekdays: Saturday, Sunday
When: 01:00:00
Current Time: 2007-01-01 12:00:00
Valid Interval: 23:00:00-02:00:00
Valid days of month: 1, 2, 3, 4, 5, 6, 7, 8, 9, 10, 11, 12, 13, 14, 15, 16, 17, 18, 19, 20, 21, 22, 23, 24, 25, 26, 27, 28, 29, 30, 31
Valid weekdays: Saturday, Sunday
When: 01:00:00
Current Time: 2007-01-02 01:00:00
Valid Interval: 23:00:00-02:00:00
Valid days of month: 1, 2, 3, 4, 5, 6, 7, 8, 9, 10, 11, 12, 13, 14, 15, 16, 17, 18, 19, 20, 21, 22, 23, 24, 25, 26, 27, 28, 29, 30, 31
Valid weekdays: Saturday, Sunday
When: 01:00:00
Current Time: 2007-01-06 00:30:00
Valid Interval: 23:00:00-02:00:00
Valid days of month: 1, 2, 3, 4, 5, 6, 7, 8, 9, 10, 11, 12, 13, 14, 15, 16, 17, 18, 19, 20, 21, 22, 23, 24, 25, 26, 27, 28, 29, 30, 31
Valid weekdays: Saturday, Sunday
When: 01:00:00
Current Time: 2007-01-06 01:30:00
Valid Interval: 23:00:00-02:00:00
Valid days of month: 1, 2, 3, 4, 5, 6, 7, 8, 9, 10, 11, 12, 13, 14, 15, 16, 17, 18, 19, 20, 21, 22, 23, 24, 25, 26, 27, 28, 29, 30, 31
Valid weekdays: Saturday, Sunday
When: 01:00:00
Current Time: 2007-01-06 02:30:00
Valid Interval: 23:00:00-02:00:00
Valid days of month: 1, 2, 3, 4, 5, 6, 7, 8, 9, 10, 11, 12, 13, 14, 15, 16, 17, 18, 19, 20, 21, 22, 23, 24, 25, 26, 27, 28, 29, 30, 31
Valid weekdays: Saturday, Sunday
When: 01:00:00
Current Time: 2007-01-07 02:00:00
Valid Interval: 23:00:00-02:00:00
Valid days of month: 1, 2, 3, 4, 5, 6, 7, 8, 9, 10, 11, 12, 13, 14, 15, 16, 17, 18, 19, 20, 21, 22, 23, 24, 25, 26, 27, 28, 29, 30, 31
Valid weekdays: Saturday, Sunday
When: 23:30:00
Current Time: 2007-01-01 12:00:00
Valid Interval: 23:00:00-02:00:00
Valid days of month: 1, 2, 3, 4, 5, 6, 7, 8, 9, 10, 11, 12, 13, 14, 15, 16, 17, 18, 19, 20, 21, 22, 23, 24, 25, 26, 27, 28, 29, 30, 31
Valid weekdays: Saturday, Sunday
When: 23:30:00
Current Time: 2007-01-05 23:30:00
Valid Interval: 23:00:00-02:00:00
Valid days of month: 1, 2, 3, 4, 5, 6, 7, 8, 9, 10, 11, 12, 13, 14, 15, 16, 17, 18, 19, 20, 21, 22, 23, 24, 25, 26, 27, 28, 29, 30, 31
Valid weekdays: Saturday, Sunday
When: 23:30:00
Current Time: 2007-01-06 23:00:00
Valid Interval: 23:00:00-02:00:00
Valid days of month: 1, 2, 3, 4, 5, 6, 7, 8, 9, 10, 11, 12, 13, 14, 15, 16, 17, 18, 19, 20, 21, 22, 23, 24, 25, 26, 27, 28, 29, 30, 31
Valid weekdays: Saturday, Sunday
When: 23:30:00
Current Time: 2007-01-06 02:00:00
Valid Interval: 23:00:00-02:00:00
Valid days of month: 1, 2, 3, 4, 5, 6, 7, 8, 9, 10, 11, 12, 13, 14, 15, 16, 17, 18, 19, 20, 21, 22, 23, 24, 25, 26, 27, 28, 29, 30, 31
Valid weekdays: Saturday, Sunday
When: 23:30:00
Current Time: 2007-01-07 23:40:00
Valid Interval: 23:00:00-02:00:00
Valid days of month: 1, 2, 3, 4, 5, 6, 7, 8, 9, 10, 11, 12, 13, 14, 15, 16, 17, 18, 19, 20, 21, 22, 23, 24, 25, 26, 27, 28, 29, 30, 31
Valid weekdays: Saturday, Sunday
When: 23:30:00
Current Time: 2007-01-07 01:00:00
Valid Interval: 13:00:00-16:00:00
Valid days of month: 1, 2, 3, 4, 5, 6, 7, 8, 9, 10, 11, 12, 13, 14, 15, 16, 17, 18, 19, 20, 21, 22, 23, 24, 25, 26, 27, 28, 29, 30, 31
Valid weekdays: Saturday, Sunday
When: 14:00:00
Current Time: 2007-01-01 12:00:00
Valid Interval: 13:00:00-16:00:00
Valid days of month: 1, 2, 3, 4, 5, 6, 7, 8, 9, 10, 11, 12, 13, 14, 15, 16, 17, 18, 19, 20, 21, 22, 23, 24, 25, 26, 27, 28, 29, 30, 31
Valid weekdays: Saturday, Sunday
When: 14:00:00
Current Time: 2007-01-02 13:30:00
Valid Interval: 13:00:00-16:00:00
Valid days of month: 1, 2, 3, 4, 5, 6, 7, 8, 9, 10, 11, 12, 13, 14, 15, 16, 17, 18, 19, 20, 21, 22, 23, 24, 25, 26, 27, 28, 29, 30, 31
Valid weekdays: Saturday, Sunday
When: 14:00:00
Current Time: 2007-01-06 13:30:00
Valid Interval: 13:00:00-16:00:00
Valid days of month: 1, 2, 3, 4, 5, 6, 7, 8, 9, 10, 11, 12, 13, 14, 15, 16, 17, 18, 19, 20, 21, 22, 23, 24, 25, 26, 27, 28, 29, 30, 31
Valid weekdays: Saturday, Sunday
When: 14:00:00
Current Time: 2007-01-06 14:30:00
Valid Interval: 13:00:00-16:00:00
Valid days of month: 1, 2, 3, 4, 5, 6, 7, 8, 9, 10, 11, 12, 13, 14, 15, 16, 17, 18, 19, 20, 21, 22, 23, 24, 25, 26, 27, 28, 29, 30, 31
Valid weekdays: Saturday, Sunday
When: 14:00:00
Current Time: 2007-01-06 16:30:00
Valid Interval: 13:00:00-16:00:00
Valid days of month: 1, 2, 3, 4, 5, 6, 7, 8, 9, 10, 11, 12, 13, 14, 15, 16, 17, 18, 19, 20, 21, 22, 23, 24, 25, 26, 27, 28, 29, 30, 31
Valid weekdays: Saturday, Sunday
When: 14:00:00
Current Time: 2007-01-07 16:00:00
Valid Interval: 23:00:00-02:00:00
Valid days of month: 1, 2, 3, 4, 5, 6, 7, 8, 9, 10, 11, 12, 13, 14, 15, 16, 17, 18, 19, 20, 21, 22, 23, 24, 25, 26, 27, 28, 29, 30, 31
Valid weekdays: Saturday, Sunday
When: 01:00:00
Current Time: 2007-01-01 12:00:00
Valid Interval: 23:00:00-02:00:00
Valid days of month: 1, 2, 3, 4, 5, 6, 7, 8, 9, 10, 11, 12, 13, 14, 15, 16, 17, 18, 19, 20, 21, 22, 23, 24, 25, 26, 27, 28, 29, 30, 31
Valid weekdays: Saturday, Sunday
When: 01:00:00
Current Time: 2007-01-02 01:00:00
Valid Interval: 23:00:00-02:00:00
Valid days of month: 1, 2, 3, 4, 5, 6, 7, 8, 9, 10, 11, 12, 13, 14, 15, 16, 17, 18, 19, 20, 21, 22, 23, 24, 25, 26, 27, 28, 29, 30, 31
Valid weekdays: Saturday, Sunday
When: 01:00:00
Current Time: 2007-01-06 00:30:00
Valid Interval: 23:00:00-02:00:00
Valid days of month: 1, 2, 3, 4, 5, 6, 7, 8, 9, 10, 11, 12, 13, 14, 15, 16, 17, 18, 19, 20, 21, 22, 23, 24, 25, 26, 27, 28, 29, 30, 31
Valid weekdays: Saturday, Sunday
When: 01:00:00
Current Time: 2007-01-06 02:30:00
Valid Interval: 23:00:00-02:00:00
Valid days of month: 1, 2, 3, 4, 5, 6, 7, 8, 9, 10, 11, 12, 13, 14, 15, 16, 17, 18, 19, 20, 21, 22, 23, 24, 25, 26, 27, 28, 29, 30, 31
Valid weekdays: Saturday, Sunday
When: 23:30:00
Current Time: 2007-01-01 12:00:00
Valid Interval: 23:00:00-02:00:00
Valid days of month: 1, 2, 3, 4, 5, 6, 7, 8, 9, 10, 11, 12, 13, 14, 15, 16, 17, 18, 19, 20, 21, 22, 23, 24, 25, 26, 27, 28, 29, 30, 31
Valid weekdays: Saturday, Sunday
When: 23:30:00
Current Time: 2007-01-05 23:30:00
Valid Interval: 23:00:00-02:00:00
Valid days of month: 1, 2, 3, 4, 5, 6, 7, 8, 9, 10, 11, 12, 13, 14, 15, 16, 17, 18, 19, 20, 21, 22, 23, 24, 25, 26, 27, 28, 29, 30, 31
Valid weekdays: Saturday, Sunday
When: 23:30:00
Current Time: 2007-01-06 23:00:00
Valid Interval: 23:00:00-02:00:00
Valid days of month: 1, 2, 3, 4, 5, 6, 7, 8, 9, 10, 11, 12, 13, 14, 15, 16, 17, 18, 19, 20, 21, 22, 23, 24, 25, 26, 27, 28, 29, 30, 31
Valid weekdays: Saturday, Sunday
When: 23:30:00
Current Time: 2007-01-06 02:00:00
Valid Interval: 23:00:00-02:00:00
Valid days of month: 1, 2, 3, 4, 5, 6, 7, 8, 9, 10, 11, 12, 13, 14, 15, 16, 17, 18, 19, 20, 21, 22, 23, 24, 25, 26, 27, 28, 29, 30, 31
Valid weekdays: Saturday, Sunday
When: 23:30:00
Current Time: 2007-01-07 23:40:00
Valid Interval: 23:00:00-02:00:00
Valid days of month: 1, 2, 3, 4, 5, 6, 7, 8, 9, 10, 11, 12, 13, 14, 15, 16, 17, 18, 19, 20, 21, 22, 23, 24, 25, 26, 27, 28, 29, 30, 31
Valid weekdays: Saturday, Sunday
When: 23:30:00
Current Time: 2007-01-07 01:00:00
Valid Interval: 13:00:00-16:00:00
Valid days of month: 1, 2, 3, 4, 5, 6, 7, 8, 9, 10, 11, 12, 13, 14, 15, 16, 17, 18, 19, 20, 21, 22, 23, 24, 25, 26, 27, 28, 29, 30, 31
Valid weekdays: Saturday, Sunday
When: 14:00:00
Current Time: 2007-01-06 14:30:00
Valid Interval: 13:00:00-16:00:00
Valid days of month: 1, 2, 3, 4, 5, 6, 7, 8, 9, 10, 11, 12, 13, 14, 15, 16, 17, 18, 19, 20, 21, 22, 23, 24, 25, 26, 27, 28, 29, 30, 31
Valid weekdays: Saturday, Sunday
When: 14:00:00
Current Time: 2007-01-07 15:00:00
Valid Interval: 23:00:00-02:00:00
Valid days of month: 1, 2, 3, 4, 5, 6, 7, 8, 9, 10, 11, 12, 13, 14, 15, 16, 17, 18, 19, 20, 21, 22, 23, 24, 25, 26, 27, 28, 29, 30, 31
Valid weekdays: Saturday, Sunday
When: 01:00:00
Current Time: 2007-01-06 01:30:00
Valid Interval: 23:00:00-02:00:00
Valid days of month: 1, 2, 3, 4, 5, 6, 7, 8, 9, 10, 11, 12, 13, 14, 15, 16, 17, 18, 19, 20, 21, 22, 23, 24, 25, 26, 27, 28, 29, 30, 31
Valid weekdays: Saturday, Sunday
When: 01:00:00
Current Time: 2007-01-07 01:30:00
Valid Interval: 23:00:00-02:00:00
Valid days of month: 1, 2, 3, 4, 5, 6, 7, 8, 9, 10, 11, 12, 13, 14, 15, 16, 17, 18, 19, 20, 21, 22, 23, 24, 25, 26, 27, 28, 29, 30, 31
Valid weekdays: Saturday, Sunday
When: 23:30:00
Current Time: 2007-01-06 23:02:00
Valid Interval: 23:00:00-02:00:00
Valid days of month: 1, 2, 3, 4, 5, 6, 7, 8, 9, 10, 11, 12, 13, 14, 15, 16, 17, 18, 19, 20, 21, 22, 23, 24, 25, 26, 27, 28, 29, 30, 31
Valid weekdays: Saturday, Sunday
When: 23:30:00
Current Time: 2007-01-06 01:10:00
Valid Interval: 23:00:00-02:00:00
Valid days of month: 1, 2, 3, 4, 5, 6, 7, 8, 9, 10, 11, 12, 13, 14, 15, 16, 17, 18, 19, 20, 21, 22, 23, 24, 25, 26, 27, 28, 29, 30, 31
Valid weekdays: Saturday, Sunday
When: 23:30:00
Current Time: 2007-01-07 01:00:40
Valid Interval: 23:00:00-02:00:00
Valid days of month: 2
Valid weekdays: Saturday, Sunday
When: 23:30:00
Current Time: 2007-01-01 12:00:00
Valid Interval: 23:00:00-02:00:00
Valid days of month: 1, 2
Valid weekdays: Saturday, Sunday
When: 23:30:00
Current Time: 2007-01-05 23:30:00
Valid Interval: 23:00:00-02:00:00
Valid days of month: 1, 2
Valid weekdays: Saturday, Sunday
When: 23:30:00
Current Time: 2007-01-06 23:00:00</StdOut>
      </Output>
    </UnitTestResult>
    <UnitTestResult executionId="244b7454-65dc-4988-8c4d-1fc2a916e037" testId="7dd3a6bf-74e1-4f38-90cb-1ab665d595d3" testName="GetNextTimeToTrigger_AbsoluteTimer_ReturnsCorrectTime (Data Row 13)" computerName="ICSWS068" duration="00:00:00.0036371" startTime="2016-08-04T07:57:22.6768740+02:00" endTime="2016-08-04T07:57:22.6803765+02:00" testType="13cdc9d9-ddb5-4fa4-a97d-d965ccfc6d4b" outcome="Passed" testListId="8c84fa94-04c1-424b-9868-57a2d4851a1d" relativeResultsDirectory="244b7454-65dc-4988-8c4d-1fc2a916e037">
      <Output>
        <StdOut>TestContext Messages:
Valid Interval: 11:00:00-13:00:00
Valid days of month: 1, 2, 3, 4, 5, 6, 7, 8, 9, 10, 11, 12, 13, 14, 15, 16, 17, 18, 19, 20, 21, 22, 23, 24, 25, 26, 27, 28, 29, 30, 31
Valid weekdays: Monday, Tuesday, Wednesday, Thursday, Friday, Saturday, Sunday
When: 12:00:00
Current Time: 2011-01-01 00:00:00
Valid Interval: 11:00:00-13:00:00
Valid days of month: 1, 2, 3, 4, 5, 6, 7, 8, 9, 10, 11, 12, 13, 14, 15, 16, 17, 18, 19, 20, 21, 22, 23, 24, 25, 26, 27, 28, 29, 30, 31
Valid weekdays: Monday, Tuesday, Wednesday, Thursday, Friday, Saturday, Sunday
When: 12:00:00
Current Time: 2011-01-01 09:00:00
Valid Interval: 11:00:00-13:00:00
Valid days of month: 1, 2, 3, 4, 5, 6, 7, 8, 9, 10, 11, 12, 13, 14, 15, 16, 17, 18, 19, 20, 21, 22, 23, 24, 25, 26, 27, 28, 29, 30, 31
Valid weekdays: Monday, Tuesday, Wednesday, Thursday, Friday, Saturday, Sunday
When: 12:00:00
Current Time: 2011-01-01 11:00:00
Valid Interval: 11:00:00-13:00:00
Valid days of month: 1, 2, 3, 4, 5, 6, 7, 8, 9, 10, 11, 12, 13, 14, 15, 16, 17, 18, 19, 20, 21, 22, 23, 24, 25, 26, 27, 28, 29, 30, 31
Valid weekdays: Monday, Tuesday, Wednesday, Thursday, Friday, Saturday, Sunday
When: 12:00:00
Current Time: 2011-01-01 12:00:00
Valid Interval: 11:00:00-13:00:00
Valid days of month: 1, 2, 3, 4, 5, 6, 7, 8, 9, 10, 11, 12, 13, 14, 15, 16, 17, 18, 19, 20, 21, 22, 23, 24, 25, 26, 27, 28, 29, 30, 31
Valid weekdays: Monday, Tuesday, Wednesday, Thursday, Friday, Saturday, Sunday
When: 12:00:00
Current Time: 2011-01-01 12:30:00
Valid Interval: 11:00:00-13:00:00
Valid days of month: 1, 2, 3, 4, 5, 6, 7, 8, 9, 10, 11, 12, 13, 14, 15, 16, 17, 18, 19, 20, 21, 22, 23, 24, 25, 26, 27, 28, 29, 30, 31
Valid weekdays: Monday, Tuesday, Wednesday, Thursday, Friday, Saturday, Sunday
When: 12:00:00
Current Time: 2011-01-01 13:00:00
Valid Interval: 11:00:00-13:00:00
Valid days of month: 1, 2, 3, 4, 5, 6, 7, 8, 9, 10, 11, 12, 13, 14, 15, 16, 17, 18, 19, 20, 21, 22, 23, 24, 25, 26, 27, 28, 29, 30, 31
Valid weekdays: Monday, Tuesday, Wednesday, Thursday, Friday, Saturday, Sunday
When: 12:00:00
Current Time: 2011-01-02 00:00:00
Valid Interval: 11:00:00-13:00:00
Valid days of month: 1, 2, 3, 4, 5, 6, 7, 8, 9, 10, 11, 12, 13, 14, 15, 16, 17, 18, 19, 20, 21, 22, 23, 24, 25, 26, 27, 28, 29, 30, 31
Valid weekdays: Monday, Tuesday, Wednesday, Thursday, Friday, Saturday, Sunday
When: 12:00:00
Current Time: 2011-01-02 09:00:00
Valid Interval: 11:00:00-13:00:00
Valid days of month: 1, 2, 3, 4, 5, 6, 7, 8, 9, 10, 11, 12, 13, 14, 15, 16, 17, 18, 19, 20, 21, 22, 23, 24, 25, 26, 27, 28, 29, 30, 31
Valid weekdays: Monday, Tuesday, Wednesday, Thursday, Friday, Saturday, Sunday
When: 12:00:00
Current Time: 2011-01-02 12:00:00
Valid Interval: 11:00:00-13:00:00
Valid days of month: 1, 2, 3, 4, 5, 6, 7, 8, 9, 10, 11, 12, 13, 14, 15, 16, 17, 18, 19, 20, 21, 22, 23, 24, 25, 26, 27, 28, 29, 30, 31
Valid weekdays: Monday, Tuesday, Wednesday, Thursday, Friday, Saturday, Sunday
When: 12:00:00
Current Time: 2011-01-02 12:45:30
Valid Interval: 11:00:00-13:00:00
Valid days of month: 1, 2, 3, 4, 5, 6, 7, 8, 9, 10, 11, 12, 13, 14, 15, 16, 17, 18, 19, 20, 21, 22, 23, 24, 25, 26, 27, 28, 29, 30, 31
Valid weekdays: Monday, Tuesday, Wednesday, Thursday, Friday, Saturday, Sunday
When: 12:00:00
Current Time: 2011-01-02 13:00:00
Valid Interval: 11:00:00-13:00:00
Valid days of month: 1, 2, 3, 4, 5, 6, 7, 8, 9, 10, 11, 12, 13, 14, 15, 16, 17, 18, 19, 20, 21, 22, 23, 24, 25, 26, 27, 28, 29, 30, 31
Valid weekdays: Monday, Tuesday, Wednesday, Thursday, Friday, Saturday, Sunday
When: 12:00:00
Current Time: 2011-01-01 12:00:00
Valid Interval: 11:00:00-13:00:00
Valid days of month: 1, 2, 3, 4, 5, 6, 7, 8, 9, 10, 11, 12, 13, 14, 15, 16, 17, 18, 19, 20, 21, 22, 23, 24, 25, 26, 27, 28, 29, 30, 31
Valid weekdays: Monday, Tuesday, Wednesday, Thursday, Friday, Saturday, Sunday
When: 12:00:00
Current Time: 2011-01-01 12:30:00
Valid Interval: 11:00:00-13:00:00
Valid days of month: 1, 2, 3, 4, 5, 6, 7, 8, 9, 10, 11, 12, 13, 14, 15, 16, 17, 18, 19, 20, 21, 22, 23, 24, 25, 26, 27, 28, 29, 30, 31
Valid weekdays: Monday, Tuesday, Wednesday, Thursday, Friday, Saturday, Sunday
When: 12:00:00
Current Time: 2011-01-01 12:30:00
Valid Interval: 11:00:00-13:00:00
Valid days of month: 1, 2, 3, 4, 5, 6, 7, 8, 9, 10, 11, 12, 13, 14, 15, 16, 17, 18, 19, 20, 21, 22, 23, 24, 25, 26, 27, 28, 29, 30, 31
Valid weekdays: Monday, Tuesday, Wednesday, Thursday, Friday, Saturday, Sunday
When: 12:00:00
Current Time: 2011-01-01 13:00:00
Valid Interval: 11:00:00-13:00:00
Valid days of month: 1, 2, 3, 4, 5, 6, 7, 8, 9, 10, 11, 12, 13, 14, 15, 16, 17, 18, 19, 20, 21, 22, 23, 24, 25, 26, 27, 28, 29, 30, 31
Valid weekdays: Monday, Tuesday, Wednesday, Thursday, Friday, Saturday, Sunday
When: 12:00:00
Current Time: 2011-01-01 14:30:00
Valid Interval: 23:00:00-13:00:00
Valid days of month: 1, 2, 3, 4, 5, 6, 7, 8, 9, 10, 11, 12, 13, 14, 15, 16, 17, 18, 19, 20, 21, 22, 23, 24, 25, 26, 27, 28, 29, 30, 31
Valid weekdays: Monday, Tuesday, Wednesday, Thursday, Friday, Saturday, Sunday
When: 23:30:00
Current Time: 2011-01-01 16:00:00
Valid Interval: 23:00:00-13:00:00
Valid days of month: 1, 2, 3, 4, 5, 6, 7, 8, 9, 10, 11, 12, 13, 14, 15, 16, 17, 18, 19, 20, 21, 22, 23, 24, 25, 26, 27, 28, 29, 30, 31
Valid weekdays: Monday, Tuesday, Wednesday, Thursday, Friday, Saturday, Sunday
When: 23:30:00
Current Time: 2011-01-01 23:00:00
Valid Interval: 23:00:00-13:00:00
Valid days of month: 1, 2, 3, 4, 5, 6, 7, 8, 9, 10, 11, 12, 13, 14, 15, 16, 17, 18, 19, 20, 21, 22, 23, 24, 25, 26, 27, 28, 29, 30, 31
Valid weekdays: Monday, Tuesday, Wednesday, Thursday, Friday, Saturday, Sunday
When: 23:30:00
Current Time: 2011-01-01 23:30:00
Valid Interval: 23:00:00-13:00:00
Valid days of month: 1, 2, 3, 4, 5, 6, 7, 8, 9, 10, 11, 12, 13, 14, 15, 16, 17, 18, 19, 20, 21, 22, 23, 24, 25, 26, 27, 28, 29, 30, 31
Valid weekdays: Monday, Tuesday, Wednesday, Thursday, Friday, Saturday, Sunday
When: 23:30:00
Current Time: 2011-01-01 23:45:00
Valid Interval: 23:00:00-13:00:00
Valid days of month: 1, 2, 3, 4, 5, 6, 7, 8, 9, 10, 11, 12, 13, 14, 15, 16, 17, 18, 19, 20, 21, 22, 23, 24, 25, 26, 27, 28, 29, 30, 31
Valid weekdays: Monday, Tuesday, Wednesday, Thursday, Friday, Saturday, Sunday
When: 23:30:00
Current Time: 2011-01-02 00:30:00
Valid Interval: 23:00:00-13:00:00
Valid days of month: 1, 2, 3, 4, 5, 6, 7, 8, 9, 10, 11, 12, 13, 14, 15, 16, 17, 18, 19, 20, 21, 22, 23, 24, 25, 26, 27, 28, 29, 30, 31
Valid weekdays: Monday, Tuesday, Wednesday, Thursday, Friday, Saturday, Sunday
When: 23:30:00
Current Time: 2011-01-01 13:00:00
Valid Interval: 23:00:00-13:00:00
Valid days of month: 1, 2, 3, 4, 5, 6, 7, 8, 9, 10, 11, 12, 13, 14, 15, 16, 17, 18, 19, 20, 21, 22, 23, 24, 25, 26, 27, 28, 29, 30, 31
Valid weekdays: Monday, Tuesday, Wednesday, Thursday, Friday, Saturday, Sunday
When: 01:00:00
Current Time: 2011-01-01 16:00:00
Valid Interval: 23:00:00-13:00:00
Valid days of month: 1, 2, 3, 4, 5, 6, 7, 8, 9, 10, 11, 12, 13, 14, 15, 16, 17, 18, 19, 20, 21, 22, 23, 24, 25, 26, 27, 28, 29, 30, 31
Valid weekdays: Monday, Tuesday, Wednesday, Thursday, Friday, Saturday, Sunday
When: 01:00:00
Current Time: 2011-01-01 23:00:00
Valid Interval: 23:00:00-13:00:00
Valid days of month: 1, 2, 3, 4, 5, 6, 7, 8, 9, 10, 11, 12, 13, 14, 15, 16, 17, 18, 19, 20, 21, 22, 23, 24, 25, 26, 27, 28, 29, 30, 31
Valid weekdays: Monday, Tuesday, Wednesday, Thursday, Friday, Saturday, Sunday
When: 01:00:00
Current Time: 2011-01-01 23:30:00
Valid Interval: 23:00:00-13:00:00
Valid days of month: 1, 2, 3, 4, 5, 6, 7, 8, 9, 10, 11, 12, 13, 14, 15, 16, 17, 18, 19, 20, 21, 22, 23, 24, 25, 26, 27, 28, 29, 30, 31
Valid weekdays: Monday, Tuesday, Wednesday, Thursday, Friday, Saturday, Sunday
When: 01:00:00
Current Time: 2011-01-02 00:30:00
Valid Interval: 23:00:00-13:00:00
Valid days of month: 1, 2, 3, 4, 5, 6, 7, 8, 9, 10, 11, 12, 13, 14, 15, 16, 17, 18, 19, 20, 21, 22, 23, 24, 25, 26, 27, 28, 29, 30, 31
Valid weekdays: Monday, Tuesday, Wednesday, Thursday, Friday, Saturday, Sunday
When: 01:00:00
Current Time: 2011-01-01 02:00:00
Valid Interval: 23:00:00-13:00:00
Valid days of month: 1, 2, 3, 4, 5, 6, 7, 8, 9, 10, 11, 12, 13, 14, 15, 16, 17, 18, 19, 20, 21, 22, 23, 24, 25, 26, 27, 28, 29, 30, 31
Valid weekdays: Monday, Tuesday, Wednesday, Thursday, Friday, Saturday, Sunday
When: 01:00:00
Current Time: 2011-01-01 13:00:00
Valid Interval: 23:00:00-13:00:00
Valid days of month: 1, 2, 3, 4, 5, 6, 7, 8, 9, 10, 11, 12, 13, 14, 15, 16, 17, 18, 19, 20, 21, 22, 23, 24, 25, 26, 27, 28, 29, 30, 31
Valid weekdays: Monday, Tuesday, Wednesday, Thursday, Friday, Saturday, Sunday
When: 23:30:00
Current Time: 2011-01-01 16:00:00
Valid Interval: 23:00:00-13:00:00
Valid days of month: 1, 2, 3, 4, 5, 6, 7, 8, 9, 10, 11, 12, 13, 14, 15, 16, 17, 18, 19, 20, 21, 22, 23, 24, 25, 26, 27, 28, 29, 30, 31
Valid weekdays: Monday, Tuesday, Wednesday, Thursday, Friday, Saturday, Sunday
When: 23:30:00
Current Time: 2011-01-01 23:00:00
Valid Interval: 23:00:00-13:00:00
Valid days of month: 1, 2, 3, 4, 5, 6, 7, 8, 9, 10, 11, 12, 13, 14, 15, 16, 17, 18, 19, 20, 21, 22, 23, 24, 25, 26, 27, 28, 29, 30, 31
Valid weekdays: Monday, Tuesday, Wednesday, Thursday, Friday, Saturday, Sunday
When: 23:30:00
Current Time: 2011-01-01 23:30:00
Valid Interval: 23:00:00-13:00:00
Valid days of month: 1, 2, 3, 4, 5, 6, 7, 8, 9, 10, 11, 12, 13, 14, 15, 16, 17, 18, 19, 20, 21, 22, 23, 24, 25, 26, 27, 28, 29, 30, 31
Valid weekdays: Monday, Tuesday, Wednesday, Thursday, Friday, Saturday, Sunday
When: 23:30:00
Current Time: 2011-01-01 23:45:00
Valid Interval: 23:00:00-13:00:00
Valid days of month: 1, 2, 3, 4, 5, 6, 7, 8, 9, 10, 11, 12, 13, 14, 15, 16, 17, 18, 19, 20, 21, 22, 23, 24, 25, 26, 27, 28, 29, 30, 31
Valid weekdays: Monday, Tuesday, Wednesday, Thursday, Friday, Saturday, Sunday
When: 23:30:00
Current Time: 2011-01-02 00:30:00
Valid Interval: 23:00:00-13:00:00
Valid days of month: 1, 2, 3, 4, 5, 6, 7, 8, 9, 10, 11, 12, 13, 14, 15, 16, 17, 18, 19, 20, 21, 22, 23, 24, 25, 26, 27, 28, 29, 30, 31
Valid weekdays: Monday, Tuesday, Wednesday, Thursday, Friday, Saturday, Sunday
When: 23:30:00
Current Time: 2011-01-01 13:00:00
Valid Interval: 23:00:00-13:00:00
Valid days of month: 1, 2, 3, 4, 5, 6, 7, 8, 9, 10, 11, 12, 13, 14, 15, 16, 17, 18, 19, 20, 21, 22, 23, 24, 25, 26, 27, 28, 29, 30, 31
Valid weekdays: Monday, Tuesday, Wednesday, Thursday, Friday, Saturday, Sunday
When: 01:00:00
Current Time: 2011-01-01 16:00:00
Valid Interval: 23:00:00-13:00:00
Valid days of month: 1, 2, 3, 4, 5, 6, 7, 8, 9, 10, 11, 12, 13, 14, 15, 16, 17, 18, 19, 20, 21, 22, 23, 24, 25, 26, 27, 28, 29, 30, 31
Valid weekdays: Monday, Tuesday, Wednesday, Thursday, Friday, Saturday, Sunday
When: 01:00:00
Current Time: 2011-01-01 23:00:00
Valid Interval: 23:00:00-13:00:00
Valid days of month: 1, 2, 3, 4, 5, 6, 7, 8, 9, 10, 11, 12, 13, 14, 15, 16, 17, 18, 19, 20, 21, 22, 23, 24, 25, 26, 27, 28, 29, 30, 31
Valid weekdays: Monday, Tuesday, Wednesday, Thursday, Friday, Saturday, Sunday
When: 01:00:00
Current Time: 2011-01-01 23:30:00
Valid Interval: 23:00:00-13:00:00
Valid days of month: 1, 2, 3, 4, 5, 6, 7, 8, 9, 10, 11, 12, 13, 14, 15, 16, 17, 18, 19, 20, 21, 22, 23, 24, 25, 26, 27, 28, 29, 30, 31
Valid weekdays: Monday, Tuesday, Wednesday, Thursday, Friday, Saturday, Sunday
When: 01:00:00
Current Time: 2011-01-02 00:30:00
Valid Interval: 23:00:00-13:00:00
Valid days of month: 1, 2, 3, 4, 5, 6, 7, 8, 9, 10, 11, 12, 13, 14, 15, 16, 17, 18, 19, 20, 21, 22, 23, 24, 25, 26, 27, 28, 29, 30, 31
Valid weekdays: Monday, Tuesday, Wednesday, Thursday, Friday, Saturday, Sunday
When: 01:00:00
Current Time: 2011-01-02 02:00:00
Valid Interval: 23:00:00-13:00:00
Valid days of month: 1, 2, 3, 4, 5, 6, 7, 8, 9, 10, 11, 12, 13, 14, 15, 16, 17, 18, 19, 20, 21, 22, 23, 24, 25, 26, 27, 28, 29, 30, 31
Valid weekdays: Monday, Tuesday, Wednesday, Thursday, Friday, Saturday, Sunday
When: 01:00:00
Current Time: 2011-01-02 13:00:00
Valid Interval: 23:00:00-13:00:00
Valid days of month: 1, 2, 3, 4, 5, 6, 7, 8, 9, 10, 11, 12, 13, 14, 15, 16, 17, 18, 19, 20, 21, 22, 23, 24, 25, 26, 27, 28, 29, 30, 31
Valid weekdays: Monday, Tuesday, Wednesday, Thursday, Friday, Saturday, Sunday
When: 23:30:00
Current Time: 2011-01-01 23:30:05
Valid Interval: 23:00:00-13:00:00
Valid days of month: 1, 2, 3, 4, 5, 6, 7, 8, 9, 10, 11, 12, 13, 14, 15, 16, 17, 18, 19, 20, 21, 22, 23, 24, 25, 26, 27, 28, 29, 30, 31
Valid weekdays: Monday, Tuesday, Wednesday, Thursday, Friday, Saturday, Sunday
When: 23:30:00
Current Time: 2011-01-02 00:30:00
Valid Interval: 23:00:00-13:00:00
Valid days of month: 1, 2, 3, 4, 5, 6, 7, 8, 9, 10, 11, 12, 13, 14, 15, 16, 17, 18, 19, 20, 21, 22, 23, 24, 25, 26, 27, 28, 29, 30, 31
Valid weekdays: Monday, Tuesday, Wednesday, Thursday, Friday, Saturday, Sunday
When: 23:30:00
Current Time: 2011-01-02 13:00:00
Valid Interval: 23:00:00-13:00:00
Valid days of month: 1, 2, 3, 4, 5, 6, 7, 8, 9, 10, 11, 12, 13, 14, 15, 16, 17, 18, 19, 20, 21, 22, 23, 24, 25, 26, 27, 28, 29, 30, 31
Valid weekdays: Monday, Tuesday, Wednesday, Thursday, Friday, Saturday, Sunday
When: 01:00:00
Current Time: 2011-01-01 02:00:00
Valid Interval: 23:00:00-13:00:00
Valid days of month: 1, 2, 3, 4, 5, 6, 7, 8, 9, 10, 11, 12, 13, 14, 15, 16, 17, 18, 19, 20, 21, 22, 23, 24, 25, 26, 27, 28, 29, 30, 31
Valid weekdays: Monday, Tuesday, Wednesday, Thursday, Friday, Saturday, Sunday
When: 01:00:00
Current Time: 2011-01-02 02:00:00
Valid Interval: 13:00:00-16:00:00
Valid days of month: 1, 2, 3, 4, 5, 6, 7, 8, 9, 10, 11, 12, 13, 14, 15, 16, 17, 18, 19, 20, 21, 22, 23, 24, 25, 26, 27, 28, 29, 30, 31
Valid weekdays: Saturday, Sunday
When: 14:00:00
Current Time: 2007-01-01 12:00:00
Valid Interval: 13:00:00-16:00:00
Valid days of month: 1, 2, 3, 4, 5, 6, 7, 8, 9, 10, 11, 12, 13, 14, 15, 16, 17, 18, 19, 20, 21, 22, 23, 24, 25, 26, 27, 28, 29, 30, 31
Valid weekdays: Saturday, Sunday
When: 14:00:00
Current Time: 2007-01-02 13:30:00
Valid Interval: 13:00:00-16:00:00
Valid days of month: 1, 2, 3, 4, 5, 6, 7, 8, 9, 10, 11, 12, 13, 14, 15, 16, 17, 18, 19, 20, 21, 22, 23, 24, 25, 26, 27, 28, 29, 30, 31
Valid weekdays: Saturday, Sunday
When: 14:00:00
Current Time: 2007-01-06 13:30:00
Valid Interval: 13:00:00-16:00:00
Valid days of month: 1, 2, 3, 4, 5, 6, 7, 8, 9, 10, 11, 12, 13, 14, 15, 16, 17, 18, 19, 20, 21, 22, 23, 24, 25, 26, 27, 28, 29, 30, 31
Valid weekdays: Saturday, Sunday
When: 14:00:00
Current Time: 2007-01-06 14:30:00
Valid Interval: 13:00:00-16:00:00
Valid days of month: 1, 2, 3, 4, 5, 6, 7, 8, 9, 10, 11, 12, 13, 14, 15, 16, 17, 18, 19, 20, 21, 22, 23, 24, 25, 26, 27, 28, 29, 30, 31
Valid weekdays: Saturday, Sunday
When: 14:00:00
Current Time: 2007-01-06 16:30:00
Valid Interval: 13:00:00-16:00:00
Valid days of month: 1, 2, 3, 4, 5, 6, 7, 8, 9, 10, 11, 12, 13, 14, 15, 16, 17, 18, 19, 20, 21, 22, 23, 24, 25, 26, 27, 28, 29, 30, 31
Valid weekdays: Saturday, Sunday
When: 14:00:00
Current Time: 2007-01-07 16:00:00
Valid Interval: 23:00:00-02:00:00
Valid days of month: 1, 2, 3, 4, 5, 6, 7, 8, 9, 10, 11, 12, 13, 14, 15, 16, 17, 18, 19, 20, 21, 22, 23, 24, 25, 26, 27, 28, 29, 30, 31
Valid weekdays: Saturday, Sunday
When: 01:00:00
Current Time: 2007-01-01 12:00:00
Valid Interval: 23:00:00-02:00:00
Valid days of month: 1, 2, 3, 4, 5, 6, 7, 8, 9, 10, 11, 12, 13, 14, 15, 16, 17, 18, 19, 20, 21, 22, 23, 24, 25, 26, 27, 28, 29, 30, 31
Valid weekdays: Saturday, Sunday
When: 01:00:00
Current Time: 2007-01-02 01:00:00
Valid Interval: 23:00:00-02:00:00
Valid days of month: 1, 2, 3, 4, 5, 6, 7, 8, 9, 10, 11, 12, 13, 14, 15, 16, 17, 18, 19, 20, 21, 22, 23, 24, 25, 26, 27, 28, 29, 30, 31
Valid weekdays: Saturday, Sunday
When: 01:00:00
Current Time: 2007-01-06 00:30:00
Valid Interval: 23:00:00-02:00:00
Valid days of month: 1, 2, 3, 4, 5, 6, 7, 8, 9, 10, 11, 12, 13, 14, 15, 16, 17, 18, 19, 20, 21, 22, 23, 24, 25, 26, 27, 28, 29, 30, 31
Valid weekdays: Saturday, Sunday
When: 01:00:00
Current Time: 2007-01-06 01:30:00
Valid Interval: 23:00:00-02:00:00
Valid days of month: 1, 2, 3, 4, 5, 6, 7, 8, 9, 10, 11, 12, 13, 14, 15, 16, 17, 18, 19, 20, 21, 22, 23, 24, 25, 26, 27, 28, 29, 30, 31
Valid weekdays: Saturday, Sunday
When: 01:00:00
Current Time: 2007-01-06 02:30:00
Valid Interval: 23:00:00-02:00:00
Valid days of month: 1, 2, 3, 4, 5, 6, 7, 8, 9, 10, 11, 12, 13, 14, 15, 16, 17, 18, 19, 20, 21, 22, 23, 24, 25, 26, 27, 28, 29, 30, 31
Valid weekdays: Saturday, Sunday
When: 01:00:00
Current Time: 2007-01-07 02:00:00
Valid Interval: 23:00:00-02:00:00
Valid days of month: 1, 2, 3, 4, 5, 6, 7, 8, 9, 10, 11, 12, 13, 14, 15, 16, 17, 18, 19, 20, 21, 22, 23, 24, 25, 26, 27, 28, 29, 30, 31
Valid weekdays: Saturday, Sunday
When: 23:30:00
Current Time: 2007-01-01 12:00:00
Valid Interval: 23:00:00-02:00:00
Valid days of month: 1, 2, 3, 4, 5, 6, 7, 8, 9, 10, 11, 12, 13, 14, 15, 16, 17, 18, 19, 20, 21, 22, 23, 24, 25, 26, 27, 28, 29, 30, 31
Valid weekdays: Saturday, Sunday
When: 23:30:00
Current Time: 2007-01-05 23:30:00
Valid Interval: 23:00:00-02:00:00
Valid days of month: 1, 2, 3, 4, 5, 6, 7, 8, 9, 10, 11, 12, 13, 14, 15, 16, 17, 18, 19, 20, 21, 22, 23, 24, 25, 26, 27, 28, 29, 30, 31
Valid weekdays: Saturday, Sunday
When: 23:30:00
Current Time: 2007-01-06 23:00:00
Valid Interval: 23:00:00-02:00:00
Valid days of month: 1, 2, 3, 4, 5, 6, 7, 8, 9, 10, 11, 12, 13, 14, 15, 16, 17, 18, 19, 20, 21, 22, 23, 24, 25, 26, 27, 28, 29, 30, 31
Valid weekdays: Saturday, Sunday
When: 23:30:00
Current Time: 2007-01-06 02:00:00
Valid Interval: 23:00:00-02:00:00
Valid days of month: 1, 2, 3, 4, 5, 6, 7, 8, 9, 10, 11, 12, 13, 14, 15, 16, 17, 18, 19, 20, 21, 22, 23, 24, 25, 26, 27, 28, 29, 30, 31
Valid weekdays: Saturday, Sunday
When: 23:30:00
Current Time: 2007-01-07 23:40:00
Valid Interval: 23:00:00-02:00:00
Valid days of month: 1, 2, 3, 4, 5, 6, 7, 8, 9, 10, 11, 12, 13, 14, 15, 16, 17, 18, 19, 20, 21, 22, 23, 24, 25, 26, 27, 28, 29, 30, 31
Valid weekdays: Saturday, Sunday
When: 23:30:00
Current Time: 2007-01-07 01:00:00
Valid Interval: 13:00:00-16:00:00
Valid days of month: 1, 2, 3, 4, 5, 6, 7, 8, 9, 10, 11, 12, 13, 14, 15, 16, 17, 18, 19, 20, 21, 22, 23, 24, 25, 26, 27, 28, 29, 30, 31
Valid weekdays: Saturday, Sunday
When: 14:00:00
Current Time: 2007-01-01 12:00:00
Valid Interval: 13:00:00-16:00:00
Valid days of month: 1, 2, 3, 4, 5, 6, 7, 8, 9, 10, 11, 12, 13, 14, 15, 16, 17, 18, 19, 20, 21, 22, 23, 24, 25, 26, 27, 28, 29, 30, 31
Valid weekdays: Saturday, Sunday
When: 14:00:00
Current Time: 2007-01-02 13:30:00
Valid Interval: 13:00:00-16:00:00
Valid days of month: 1, 2, 3, 4, 5, 6, 7, 8, 9, 10, 11, 12, 13, 14, 15, 16, 17, 18, 19, 20, 21, 22, 23, 24, 25, 26, 27, 28, 29, 30, 31
Valid weekdays: Saturday, Sunday
When: 14:00:00
Current Time: 2007-01-06 13:30:00
Valid Interval: 13:00:00-16:00:00
Valid days of month: 1, 2, 3, 4, 5, 6, 7, 8, 9, 10, 11, 12, 13, 14, 15, 16, 17, 18, 19, 20, 21, 22, 23, 24, 25, 26, 27, 28, 29, 30, 31
Valid weekdays: Saturday, Sunday
When: 14:00:00
Current Time: 2007-01-06 14:30:00
Valid Interval: 13:00:00-16:00:00
Valid days of month: 1, 2, 3, 4, 5, 6, 7, 8, 9, 10, 11, 12, 13, 14, 15, 16, 17, 18, 19, 20, 21, 22, 23, 24, 25, 26, 27, 28, 29, 30, 31
Valid weekdays: Saturday, Sunday
When: 14:00:00
Current Time: 2007-01-06 16:30:00
Valid Interval: 13:00:00-16:00:00
Valid days of month: 1, 2, 3, 4, 5, 6, 7, 8, 9, 10, 11, 12, 13, 14, 15, 16, 17, 18, 19, 20, 21, 22, 23, 24, 25, 26, 27, 28, 29, 30, 31
Valid weekdays: Saturday, Sunday
When: 14:00:00
Current Time: 2007-01-07 16:00:00
Valid Interval: 23:00:00-02:00:00
Valid days of month: 1, 2, 3, 4, 5, 6, 7, 8, 9, 10, 11, 12, 13, 14, 15, 16, 17, 18, 19, 20, 21, 22, 23, 24, 25, 26, 27, 28, 29, 30, 31
Valid weekdays: Saturday, Sunday
When: 01:00:00
Current Time: 2007-01-01 12:00:00
Valid Interval: 23:00:00-02:00:00
Valid days of month: 1, 2, 3, 4, 5, 6, 7, 8, 9, 10, 11, 12, 13, 14, 15, 16, 17, 18, 19, 20, 21, 22, 23, 24, 25, 26, 27, 28, 29, 30, 31
Valid weekdays: Saturday, Sunday
When: 01:00:00
Current Time: 2007-01-02 01:00:00
Valid Interval: 23:00:00-02:00:00
Valid days of month: 1, 2, 3, 4, 5, 6, 7, 8, 9, 10, 11, 12, 13, 14, 15, 16, 17, 18, 19, 20, 21, 22, 23, 24, 25, 26, 27, 28, 29, 30, 31
Valid weekdays: Saturday, Sunday
When: 01:00:00
Current Time: 2007-01-06 00:30:00
Valid Interval: 23:00:00-02:00:00
Valid days of month: 1, 2, 3, 4, 5, 6, 7, 8, 9, 10, 11, 12, 13, 14, 15, 16, 17, 18, 19, 20, 21, 22, 23, 24, 25, 26, 27, 28, 29, 30, 31
Valid weekdays: Saturday, Sunday
When: 01:00:00
Current Time: 2007-01-06 02:30:00
Valid Interval: 23:00:00-02:00:00
Valid days of month: 1, 2, 3, 4, 5, 6, 7, 8, 9, 10, 11, 12, 13, 14, 15, 16, 17, 18, 19, 20, 21, 22, 23, 24, 25, 26, 27, 28, 29, 30, 31
Valid weekdays: Saturday, Sunday
When: 23:30:00
Current Time: 2007-01-01 12:00:00
Valid Interval: 23:00:00-02:00:00
Valid days of month: 1, 2, 3, 4, 5, 6, 7, 8, 9, 10, 11, 12, 13, 14, 15, 16, 17, 18, 19, 20, 21, 22, 23, 24, 25, 26, 27, 28, 29, 30, 31
Valid weekdays: Saturday, Sunday
When: 23:30:00
Current Time: 2007-01-05 23:30:00
Valid Interval: 23:00:00-02:00:00
Valid days of month: 1, 2, 3, 4, 5, 6, 7, 8, 9, 10, 11, 12, 13, 14, 15, 16, 17, 18, 19, 20, 21, 22, 23, 24, 25, 26, 27, 28, 29, 30, 31
Valid weekdays: Saturday, Sunday
When: 23:30:00
Current Time: 2007-01-06 23:00:00
Valid Interval: 23:00:00-02:00:00
Valid days of month: 1, 2, 3, 4, 5, 6, 7, 8, 9, 10, 11, 12, 13, 14, 15, 16, 17, 18, 19, 20, 21, 22, 23, 24, 25, 26, 27, 28, 29, 30, 31
Valid weekdays: Saturday, Sunday
When: 23:30:00
Current Time: 2007-01-06 02:00:00
Valid Interval: 23:00:00-02:00:00
Valid days of month: 1, 2, 3, 4, 5, 6, 7, 8, 9, 10, 11, 12, 13, 14, 15, 16, 17, 18, 19, 20, 21, 22, 23, 24, 25, 26, 27, 28, 29, 30, 31
Valid weekdays: Saturday, Sunday
When: 23:30:00
Current Time: 2007-01-07 23:40:00
Valid Interval: 23:00:00-02:00:00
Valid days of month: 1, 2, 3, 4, 5, 6, 7, 8, 9, 10, 11, 12, 13, 14, 15, 16, 17, 18, 19, 20, 21, 22, 23, 24, 25, 26, 27, 28, 29, 30, 31
Valid weekdays: Saturday, Sunday
When: 23:30:00
Current Time: 2007-01-07 01:00:00
Valid Interval: 13:00:00-16:00:00
Valid days of month: 1, 2, 3, 4, 5, 6, 7, 8, 9, 10, 11, 12, 13, 14, 15, 16, 17, 18, 19, 20, 21, 22, 23, 24, 25, 26, 27, 28, 29, 30, 31
Valid weekdays: Saturday, Sunday
When: 14:00:00
Current Time: 2007-01-06 14:30:00
Valid Interval: 13:00:00-16:00:00
Valid days of month: 1, 2, 3, 4, 5, 6, 7, 8, 9, 10, 11, 12, 13, 14, 15, 16, 17, 18, 19, 20, 21, 22, 23, 24, 25, 26, 27, 28, 29, 30, 31
Valid weekdays: Saturday, Sunday
When: 14:00:00
Current Time: 2007-01-07 15:00:00
Valid Interval: 23:00:00-02:00:00
Valid days of month: 1, 2, 3, 4, 5, 6, 7, 8, 9, 10, 11, 12, 13, 14, 15, 16, 17, 18, 19, 20, 21, 22, 23, 24, 25, 26, 27, 28, 29, 30, 31
Valid weekdays: Saturday, Sunday
When: 01:00:00
Current Time: 2007-01-06 01:30:00
Valid Interval: 23:00:00-02:00:00
Valid days of month: 1, 2, 3, 4, 5, 6, 7, 8, 9, 10, 11, 12, 13, 14, 15, 16, 17, 18, 19, 20, 21, 22, 23, 24, 25, 26, 27, 28, 29, 30, 31
Valid weekdays: Saturday, Sunday
When: 01:00:00
Current Time: 2007-01-07 01:30:00
Valid Interval: 23:00:00-02:00:00
Valid days of month: 1, 2, 3, 4, 5, 6, 7, 8, 9, 10, 11, 12, 13, 14, 15, 16, 17, 18, 19, 20, 21, 22, 23, 24, 25, 26, 27, 28, 29, 30, 31
Valid weekdays: Saturday, Sunday
When: 23:30:00
Current Time: 2007-01-06 23:02:00
Valid Interval: 23:00:00-02:00:00
Valid days of month: 1, 2, 3, 4, 5, 6, 7, 8, 9, 10, 11, 12, 13, 14, 15, 16, 17, 18, 19, 20, 21, 22, 23, 24, 25, 26, 27, 28, 29, 30, 31
Valid weekdays: Saturday, Sunday
When: 23:30:00
Current Time: 2007-01-06 01:10:00
Valid Interval: 23:00:00-02:00:00
Valid days of month: 1, 2, 3, 4, 5, 6, 7, 8, 9, 10, 11, 12, 13, 14, 15, 16, 17, 18, 19, 20, 21, 22, 23, 24, 25, 26, 27, 28, 29, 30, 31
Valid weekdays: Saturday, Sunday
When: 23:30:00
Current Time: 2007-01-07 01:00:40
Valid Interval: 23:00:00-02:00:00
Valid days of month: 2
Valid weekdays: Saturday, Sunday
When: 23:30:00
Current Time: 2007-01-01 12:00:00
Valid Interval: 23:00:00-02:00:00
Valid days of month: 1, 2
Valid weekdays: Saturday, Sunday
When: 23:30:00
Current Time: 2007-01-05 23:30:00
Valid Interval: 23:00:00-02:00:00
Valid days of month: 1, 2
Valid weekdays: Saturday, Sunday
When: 23:30:00
Current Time: 2007-01-06 23:00:00</StdOut>
      </Output>
    </UnitTestResult>
    <UnitTestResult executionId="390be0bd-d97f-40df-9f28-95cad50023dc" testId="3b8af1f0-2ce4-4300-8461-789442a0210e" testName="GetNextTimeToTrigger_AbsoluteTimer_ReturnsCorrectTime (Data Row 14)" computerName="ICSWS068" duration="00:00:00.0040714" startTime="2016-08-04T07:57:22.6803765+02:00" endTime="2016-08-04T07:57:22.6843985+02:00" testType="13cdc9d9-ddb5-4fa4-a97d-d965ccfc6d4b" outcome="Passed" testListId="8c84fa94-04c1-424b-9868-57a2d4851a1d" relativeResultsDirectory="390be0bd-d97f-40df-9f28-95cad50023dc">
      <Output>
        <StdOut>TestContext Messages:
Valid Interval: 11:00:00-13:00:00
Valid days of month: 1, 2, 3, 4, 5, 6, 7, 8, 9, 10, 11, 12, 13, 14, 15, 16, 17, 18, 19, 20, 21, 22, 23, 24, 25, 26, 27, 28, 29, 30, 31
Valid weekdays: Monday, Tuesday, Wednesday, Thursday, Friday, Saturday, Sunday
When: 12:00:00
Current Time: 2011-01-01 00:00:00
Valid Interval: 11:00:00-13:00:00
Valid days of month: 1, 2, 3, 4, 5, 6, 7, 8, 9, 10, 11, 12, 13, 14, 15, 16, 17, 18, 19, 20, 21, 22, 23, 24, 25, 26, 27, 28, 29, 30, 31
Valid weekdays: Monday, Tuesday, Wednesday, Thursday, Friday, Saturday, Sunday
When: 12:00:00
Current Time: 2011-01-01 09:00:00
Valid Interval: 11:00:00-13:00:00
Valid days of month: 1, 2, 3, 4, 5, 6, 7, 8, 9, 10, 11, 12, 13, 14, 15, 16, 17, 18, 19, 20, 21, 22, 23, 24, 25, 26, 27, 28, 29, 30, 31
Valid weekdays: Monday, Tuesday, Wednesday, Thursday, Friday, Saturday, Sunday
When: 12:00:00
Current Time: 2011-01-01 11:00:00
Valid Interval: 11:00:00-13:00:00
Valid days of month: 1, 2, 3, 4, 5, 6, 7, 8, 9, 10, 11, 12, 13, 14, 15, 16, 17, 18, 19, 20, 21, 22, 23, 24, 25, 26, 27, 28, 29, 30, 31
Valid weekdays: Monday, Tuesday, Wednesday, Thursday, Friday, Saturday, Sunday
When: 12:00:00
Current Time: 2011-01-01 12:00:00
Valid Interval: 11:00:00-13:00:00
Valid days of month: 1, 2, 3, 4, 5, 6, 7, 8, 9, 10, 11, 12, 13, 14, 15, 16, 17, 18, 19, 20, 21, 22, 23, 24, 25, 26, 27, 28, 29, 30, 31
Valid weekdays: Monday, Tuesday, Wednesday, Thursday, Friday, Saturday, Sunday
When: 12:00:00
Current Time: 2011-01-01 12:30:00
Valid Interval: 11:00:00-13:00:00
Valid days of month: 1, 2, 3, 4, 5, 6, 7, 8, 9, 10, 11, 12, 13, 14, 15, 16, 17, 18, 19, 20, 21, 22, 23, 24, 25, 26, 27, 28, 29, 30, 31
Valid weekdays: Monday, Tuesday, Wednesday, Thursday, Friday, Saturday, Sunday
When: 12:00:00
Current Time: 2011-01-01 13:00:00
Valid Interval: 11:00:00-13:00:00
Valid days of month: 1, 2, 3, 4, 5, 6, 7, 8, 9, 10, 11, 12, 13, 14, 15, 16, 17, 18, 19, 20, 21, 22, 23, 24, 25, 26, 27, 28, 29, 30, 31
Valid weekdays: Monday, Tuesday, Wednesday, Thursday, Friday, Saturday, Sunday
When: 12:00:00
Current Time: 2011-01-02 00:00:00
Valid Interval: 11:00:00-13:00:00
Valid days of month: 1, 2, 3, 4, 5, 6, 7, 8, 9, 10, 11, 12, 13, 14, 15, 16, 17, 18, 19, 20, 21, 22, 23, 24, 25, 26, 27, 28, 29, 30, 31
Valid weekdays: Monday, Tuesday, Wednesday, Thursday, Friday, Saturday, Sunday
When: 12:00:00
Current Time: 2011-01-02 09:00:00
Valid Interval: 11:00:00-13:00:00
Valid days of month: 1, 2, 3, 4, 5, 6, 7, 8, 9, 10, 11, 12, 13, 14, 15, 16, 17, 18, 19, 20, 21, 22, 23, 24, 25, 26, 27, 28, 29, 30, 31
Valid weekdays: Monday, Tuesday, Wednesday, Thursday, Friday, Saturday, Sunday
When: 12:00:00
Current Time: 2011-01-02 12:00:00
Valid Interval: 11:00:00-13:00:00
Valid days of month: 1, 2, 3, 4, 5, 6, 7, 8, 9, 10, 11, 12, 13, 14, 15, 16, 17, 18, 19, 20, 21, 22, 23, 24, 25, 26, 27, 28, 29, 30, 31
Valid weekdays: Monday, Tuesday, Wednesday, Thursday, Friday, Saturday, Sunday
When: 12:00:00
Current Time: 2011-01-02 12:45:30
Valid Interval: 11:00:00-13:00:00
Valid days of month: 1, 2, 3, 4, 5, 6, 7, 8, 9, 10, 11, 12, 13, 14, 15, 16, 17, 18, 19, 20, 21, 22, 23, 24, 25, 26, 27, 28, 29, 30, 31
Valid weekdays: Monday, Tuesday, Wednesday, Thursday, Friday, Saturday, Sunday
When: 12:00:00
Current Time: 2011-01-02 13:00:00
Valid Interval: 11:00:00-13:00:00
Valid days of month: 1, 2, 3, 4, 5, 6, 7, 8, 9, 10, 11, 12, 13, 14, 15, 16, 17, 18, 19, 20, 21, 22, 23, 24, 25, 26, 27, 28, 29, 30, 31
Valid weekdays: Monday, Tuesday, Wednesday, Thursday, Friday, Saturday, Sunday
When: 12:00:00
Current Time: 2011-01-01 12:00:00
Valid Interval: 11:00:00-13:00:00
Valid days of month: 1, 2, 3, 4, 5, 6, 7, 8, 9, 10, 11, 12, 13, 14, 15, 16, 17, 18, 19, 20, 21, 22, 23, 24, 25, 26, 27, 28, 29, 30, 31
Valid weekdays: Monday, Tuesday, Wednesday, Thursday, Friday, Saturday, Sunday
When: 12:00:00
Current Time: 2011-01-01 12:30:00
Valid Interval: 11:00:00-13:00:00
Valid days of month: 1, 2, 3, 4, 5, 6, 7, 8, 9, 10, 11, 12, 13, 14, 15, 16, 17, 18, 19, 20, 21, 22, 23, 24, 25, 26, 27, 28, 29, 30, 31
Valid weekdays: Monday, Tuesday, Wednesday, Thursday, Friday, Saturday, Sunday
When: 12:00:00
Current Time: 2011-01-01 12:30:00
Valid Interval: 11:00:00-13:00:00
Valid days of month: 1, 2, 3, 4, 5, 6, 7, 8, 9, 10, 11, 12, 13, 14, 15, 16, 17, 18, 19, 20, 21, 22, 23, 24, 25, 26, 27, 28, 29, 30, 31
Valid weekdays: Monday, Tuesday, Wednesday, Thursday, Friday, Saturday, Sunday
When: 12:00:00
Current Time: 2011-01-01 13:00:00
Valid Interval: 11:00:00-13:00:00
Valid days of month: 1, 2, 3, 4, 5, 6, 7, 8, 9, 10, 11, 12, 13, 14, 15, 16, 17, 18, 19, 20, 21, 22, 23, 24, 25, 26, 27, 28, 29, 30, 31
Valid weekdays: Monday, Tuesday, Wednesday, Thursday, Friday, Saturday, Sunday
When: 12:00:00
Current Time: 2011-01-01 14:30:00
Valid Interval: 23:00:00-13:00:00
Valid days of month: 1, 2, 3, 4, 5, 6, 7, 8, 9, 10, 11, 12, 13, 14, 15, 16, 17, 18, 19, 20, 21, 22, 23, 24, 25, 26, 27, 28, 29, 30, 31
Valid weekdays: Monday, Tuesday, Wednesday, Thursday, Friday, Saturday, Sunday
When: 23:30:00
Current Time: 2011-01-01 16:00:00
Valid Interval: 23:00:00-13:00:00
Valid days of month: 1, 2, 3, 4, 5, 6, 7, 8, 9, 10, 11, 12, 13, 14, 15, 16, 17, 18, 19, 20, 21, 22, 23, 24, 25, 26, 27, 28, 29, 30, 31
Valid weekdays: Monday, Tuesday, Wednesday, Thursday, Friday, Saturday, Sunday
When: 23:30:00
Current Time: 2011-01-01 23:00:00
Valid Interval: 23:00:00-13:00:00
Valid days of month: 1, 2, 3, 4, 5, 6, 7, 8, 9, 10, 11, 12, 13, 14, 15, 16, 17, 18, 19, 20, 21, 22, 23, 24, 25, 26, 27, 28, 29, 30, 31
Valid weekdays: Monday, Tuesday, Wednesday, Thursday, Friday, Saturday, Sunday
When: 23:30:00
Current Time: 2011-01-01 23:30:00
Valid Interval: 23:00:00-13:00:00
Valid days of month: 1, 2, 3, 4, 5, 6, 7, 8, 9, 10, 11, 12, 13, 14, 15, 16, 17, 18, 19, 20, 21, 22, 23, 24, 25, 26, 27, 28, 29, 30, 31
Valid weekdays: Monday, Tuesday, Wednesday, Thursday, Friday, Saturday, Sunday
When: 23:30:00
Current Time: 2011-01-01 23:45:00
Valid Interval: 23:00:00-13:00:00
Valid days of month: 1, 2, 3, 4, 5, 6, 7, 8, 9, 10, 11, 12, 13, 14, 15, 16, 17, 18, 19, 20, 21, 22, 23, 24, 25, 26, 27, 28, 29, 30, 31
Valid weekdays: Monday, Tuesday, Wednesday, Thursday, Friday, Saturday, Sunday
When: 23:30:00
Current Time: 2011-01-02 00:30:00
Valid Interval: 23:00:00-13:00:00
Valid days of month: 1, 2, 3, 4, 5, 6, 7, 8, 9, 10, 11, 12, 13, 14, 15, 16, 17, 18, 19, 20, 21, 22, 23, 24, 25, 26, 27, 28, 29, 30, 31
Valid weekdays: Monday, Tuesday, Wednesday, Thursday, Friday, Saturday, Sunday
When: 23:30:00
Current Time: 2011-01-01 13:00:00
Valid Interval: 23:00:00-13:00:00
Valid days of month: 1, 2, 3, 4, 5, 6, 7, 8, 9, 10, 11, 12, 13, 14, 15, 16, 17, 18, 19, 20, 21, 22, 23, 24, 25, 26, 27, 28, 29, 30, 31
Valid weekdays: Monday, Tuesday, Wednesday, Thursday, Friday, Saturday, Sunday
When: 01:00:00
Current Time: 2011-01-01 16:00:00
Valid Interval: 23:00:00-13:00:00
Valid days of month: 1, 2, 3, 4, 5, 6, 7, 8, 9, 10, 11, 12, 13, 14, 15, 16, 17, 18, 19, 20, 21, 22, 23, 24, 25, 26, 27, 28, 29, 30, 31
Valid weekdays: Monday, Tuesday, Wednesday, Thursday, Friday, Saturday, Sunday
When: 01:00:00
Current Time: 2011-01-01 23:00:00
Valid Interval: 23:00:00-13:00:00
Valid days of month: 1, 2, 3, 4, 5, 6, 7, 8, 9, 10, 11, 12, 13, 14, 15, 16, 17, 18, 19, 20, 21, 22, 23, 24, 25, 26, 27, 28, 29, 30, 31
Valid weekdays: Monday, Tuesday, Wednesday, Thursday, Friday, Saturday, Sunday
When: 01:00:00
Current Time: 2011-01-01 23:30:00
Valid Interval: 23:00:00-13:00:00
Valid days of month: 1, 2, 3, 4, 5, 6, 7, 8, 9, 10, 11, 12, 13, 14, 15, 16, 17, 18, 19, 20, 21, 22, 23, 24, 25, 26, 27, 28, 29, 30, 31
Valid weekdays: Monday, Tuesday, Wednesday, Thursday, Friday, Saturday, Sunday
When: 01:00:00
Current Time: 2011-01-02 00:30:00
Valid Interval: 23:00:00-13:00:00
Valid days of month: 1, 2, 3, 4, 5, 6, 7, 8, 9, 10, 11, 12, 13, 14, 15, 16, 17, 18, 19, 20, 21, 22, 23, 24, 25, 26, 27, 28, 29, 30, 31
Valid weekdays: Monday, Tuesday, Wednesday, Thursday, Friday, Saturday, Sunday
When: 01:00:00
Current Time: 2011-01-01 02:00:00
Valid Interval: 23:00:00-13:00:00
Valid days of month: 1, 2, 3, 4, 5, 6, 7, 8, 9, 10, 11, 12, 13, 14, 15, 16, 17, 18, 19, 20, 21, 22, 23, 24, 25, 26, 27, 28, 29, 30, 31
Valid weekdays: Monday, Tuesday, Wednesday, Thursday, Friday, Saturday, Sunday
When: 01:00:00
Current Time: 2011-01-01 13:00:00
Valid Interval: 23:00:00-13:00:00
Valid days of month: 1, 2, 3, 4, 5, 6, 7, 8, 9, 10, 11, 12, 13, 14, 15, 16, 17, 18, 19, 20, 21, 22, 23, 24, 25, 26, 27, 28, 29, 30, 31
Valid weekdays: Monday, Tuesday, Wednesday, Thursday, Friday, Saturday, Sunday
When: 23:30:00
Current Time: 2011-01-01 16:00:00
Valid Interval: 23:00:00-13:00:00
Valid days of month: 1, 2, 3, 4, 5, 6, 7, 8, 9, 10, 11, 12, 13, 14, 15, 16, 17, 18, 19, 20, 21, 22, 23, 24, 25, 26, 27, 28, 29, 30, 31
Valid weekdays: Monday, Tuesday, Wednesday, Thursday, Friday, Saturday, Sunday
When: 23:30:00
Current Time: 2011-01-01 23:00:00
Valid Interval: 23:00:00-13:00:00
Valid days of month: 1, 2, 3, 4, 5, 6, 7, 8, 9, 10, 11, 12, 13, 14, 15, 16, 17, 18, 19, 20, 21, 22, 23, 24, 25, 26, 27, 28, 29, 30, 31
Valid weekdays: Monday, Tuesday, Wednesday, Thursday, Friday, Saturday, Sunday
When: 23:30:00
Current Time: 2011-01-01 23:30:00
Valid Interval: 23:00:00-13:00:00
Valid days of month: 1, 2, 3, 4, 5, 6, 7, 8, 9, 10, 11, 12, 13, 14, 15, 16, 17, 18, 19, 20, 21, 22, 23, 24, 25, 26, 27, 28, 29, 30, 31
Valid weekdays: Monday, Tuesday, Wednesday, Thursday, Friday, Saturday, Sunday
When: 23:30:00
Current Time: 2011-01-01 23:45:00
Valid Interval: 23:00:00-13:00:00
Valid days of month: 1, 2, 3, 4, 5, 6, 7, 8, 9, 10, 11, 12, 13, 14, 15, 16, 17, 18, 19, 20, 21, 22, 23, 24, 25, 26, 27, 28, 29, 30, 31
Valid weekdays: Monday, Tuesday, Wednesday, Thursday, Friday, Saturday, Sunday
When: 23:30:00
Current Time: 2011-01-02 00:30:00
Valid Interval: 23:00:00-13:00:00
Valid days of month: 1, 2, 3, 4, 5, 6, 7, 8, 9, 10, 11, 12, 13, 14, 15, 16, 17, 18, 19, 20, 21, 22, 23, 24, 25, 26, 27, 28, 29, 30, 31
Valid weekdays: Monday, Tuesday, Wednesday, Thursday, Friday, Saturday, Sunday
When: 23:30:00
Current Time: 2011-01-01 13:00:00
Valid Interval: 23:00:00-13:00:00
Valid days of month: 1, 2, 3, 4, 5, 6, 7, 8, 9, 10, 11, 12, 13, 14, 15, 16, 17, 18, 19, 20, 21, 22, 23, 24, 25, 26, 27, 28, 29, 30, 31
Valid weekdays: Monday, Tuesday, Wednesday, Thursday, Friday, Saturday, Sunday
When: 01:00:00
Current Time: 2011-01-01 16:00:00
Valid Interval: 23:00:00-13:00:00
Valid days of month: 1, 2, 3, 4, 5, 6, 7, 8, 9, 10, 11, 12, 13, 14, 15, 16, 17, 18, 19, 20, 21, 22, 23, 24, 25, 26, 27, 28, 29, 30, 31
Valid weekdays: Monday, Tuesday, Wednesday, Thursday, Friday, Saturday, Sunday
When: 01:00:00
Current Time: 2011-01-01 23:00:00
Valid Interval: 23:00:00-13:00:00
Valid days of month: 1, 2, 3, 4, 5, 6, 7, 8, 9, 10, 11, 12, 13, 14, 15, 16, 17, 18, 19, 20, 21, 22, 23, 24, 25, 26, 27, 28, 29, 30, 31
Valid weekdays: Monday, Tuesday, Wednesday, Thursday, Friday, Saturday, Sunday
When: 01:00:00
Current Time: 2011-01-01 23:30:00
Valid Interval: 23:00:00-13:00:00
Valid days of month: 1, 2, 3, 4, 5, 6, 7, 8, 9, 10, 11, 12, 13, 14, 15, 16, 17, 18, 19, 20, 21, 22, 23, 24, 25, 26, 27, 28, 29, 30, 31
Valid weekdays: Monday, Tuesday, Wednesday, Thursday, Friday, Saturday, Sunday
When: 01:00:00
Current Time: 2011-01-02 00:30:00
Valid Interval: 23:00:00-13:00:00
Valid days of month: 1, 2, 3, 4, 5, 6, 7, 8, 9, 10, 11, 12, 13, 14, 15, 16, 17, 18, 19, 20, 21, 22, 23, 24, 25, 26, 27, 28, 29, 30, 31
Valid weekdays: Monday, Tuesday, Wednesday, Thursday, Friday, Saturday, Sunday
When: 01:00:00
Current Time: 2011-01-02 02:00:00
Valid Interval: 23:00:00-13:00:00
Valid days of month: 1, 2, 3, 4, 5, 6, 7, 8, 9, 10, 11, 12, 13, 14, 15, 16, 17, 18, 19, 20, 21, 22, 23, 24, 25, 26, 27, 28, 29, 30, 31
Valid weekdays: Monday, Tuesday, Wednesday, Thursday, Friday, Saturday, Sunday
When: 01:00:00
Current Time: 2011-01-02 13:00:00
Valid Interval: 23:00:00-13:00:00
Valid days of month: 1, 2, 3, 4, 5, 6, 7, 8, 9, 10, 11, 12, 13, 14, 15, 16, 17, 18, 19, 20, 21, 22, 23, 24, 25, 26, 27, 28, 29, 30, 31
Valid weekdays: Monday, Tuesday, Wednesday, Thursday, Friday, Saturday, Sunday
When: 23:30:00
Current Time: 2011-01-01 23:30:05
Valid Interval: 23:00:00-13:00:00
Valid days of month: 1, 2, 3, 4, 5, 6, 7, 8, 9, 10, 11, 12, 13, 14, 15, 16, 17, 18, 19, 20, 21, 22, 23, 24, 25, 26, 27, 28, 29, 30, 31
Valid weekdays: Monday, Tuesday, Wednesday, Thursday, Friday, Saturday, Sunday
When: 23:30:00
Current Time: 2011-01-02 00:30:00
Valid Interval: 23:00:00-13:00:00
Valid days of month: 1, 2, 3, 4, 5, 6, 7, 8, 9, 10, 11, 12, 13, 14, 15, 16, 17, 18, 19, 20, 21, 22, 23, 24, 25, 26, 27, 28, 29, 30, 31
Valid weekdays: Monday, Tuesday, Wednesday, Thursday, Friday, Saturday, Sunday
When: 23:30:00
Current Time: 2011-01-02 13:00:00
Valid Interval: 23:00:00-13:00:00
Valid days of month: 1, 2, 3, 4, 5, 6, 7, 8, 9, 10, 11, 12, 13, 14, 15, 16, 17, 18, 19, 20, 21, 22, 23, 24, 25, 26, 27, 28, 29, 30, 31
Valid weekdays: Monday, Tuesday, Wednesday, Thursday, Friday, Saturday, Sunday
When: 01:00:00
Current Time: 2011-01-01 02:00:00
Valid Interval: 23:00:00-13:00:00
Valid days of month: 1, 2, 3, 4, 5, 6, 7, 8, 9, 10, 11, 12, 13, 14, 15, 16, 17, 18, 19, 20, 21, 22, 23, 24, 25, 26, 27, 28, 29, 30, 31
Valid weekdays: Monday, Tuesday, Wednesday, Thursday, Friday, Saturday, Sunday
When: 01:00:00
Current Time: 2011-01-02 02:00:00
Valid Interval: 13:00:00-16:00:00
Valid days of month: 1, 2, 3, 4, 5, 6, 7, 8, 9, 10, 11, 12, 13, 14, 15, 16, 17, 18, 19, 20, 21, 22, 23, 24, 25, 26, 27, 28, 29, 30, 31
Valid weekdays: Saturday, Sunday
When: 14:00:00
Current Time: 2007-01-01 12:00:00
Valid Interval: 13:00:00-16:00:00
Valid days of month: 1, 2, 3, 4, 5, 6, 7, 8, 9, 10, 11, 12, 13, 14, 15, 16, 17, 18, 19, 20, 21, 22, 23, 24, 25, 26, 27, 28, 29, 30, 31
Valid weekdays: Saturday, Sunday
When: 14:00:00
Current Time: 2007-01-02 13:30:00
Valid Interval: 13:00:00-16:00:00
Valid days of month: 1, 2, 3, 4, 5, 6, 7, 8, 9, 10, 11, 12, 13, 14, 15, 16, 17, 18, 19, 20, 21, 22, 23, 24, 25, 26, 27, 28, 29, 30, 31
Valid weekdays: Saturday, Sunday
When: 14:00:00
Current Time: 2007-01-06 13:30:00
Valid Interval: 13:00:00-16:00:00
Valid days of month: 1, 2, 3, 4, 5, 6, 7, 8, 9, 10, 11, 12, 13, 14, 15, 16, 17, 18, 19, 20, 21, 22, 23, 24, 25, 26, 27, 28, 29, 30, 31
Valid weekdays: Saturday, Sunday
When: 14:00:00
Current Time: 2007-01-06 14:30:00
Valid Interval: 13:00:00-16:00:00
Valid days of month: 1, 2, 3, 4, 5, 6, 7, 8, 9, 10, 11, 12, 13, 14, 15, 16, 17, 18, 19, 20, 21, 22, 23, 24, 25, 26, 27, 28, 29, 30, 31
Valid weekdays: Saturday, Sunday
When: 14:00:00
Current Time: 2007-01-06 16:30:00
Valid Interval: 13:00:00-16:00:00
Valid days of month: 1, 2, 3, 4, 5, 6, 7, 8, 9, 10, 11, 12, 13, 14, 15, 16, 17, 18, 19, 20, 21, 22, 23, 24, 25, 26, 27, 28, 29, 30, 31
Valid weekdays: Saturday, Sunday
When: 14:00:00
Current Time: 2007-01-07 16:00:00
Valid Interval: 23:00:00-02:00:00
Valid days of month: 1, 2, 3, 4, 5, 6, 7, 8, 9, 10, 11, 12, 13, 14, 15, 16, 17, 18, 19, 20, 21, 22, 23, 24, 25, 26, 27, 28, 29, 30, 31
Valid weekdays: Saturday, Sunday
When: 01:00:00
Current Time: 2007-01-01 12:00:00
Valid Interval: 23:00:00-02:00:00
Valid days of month: 1, 2, 3, 4, 5, 6, 7, 8, 9, 10, 11, 12, 13, 14, 15, 16, 17, 18, 19, 20, 21, 22, 23, 24, 25, 26, 27, 28, 29, 30, 31
Valid weekdays: Saturday, Sunday
When: 01:00:00
Current Time: 2007-01-02 01:00:00
Valid Interval: 23:00:00-02:00:00
Valid days of month: 1, 2, 3, 4, 5, 6, 7, 8, 9, 10, 11, 12, 13, 14, 15, 16, 17, 18, 19, 20, 21, 22, 23, 24, 25, 26, 27, 28, 29, 30, 31
Valid weekdays: Saturday, Sunday
When: 01:00:00
Current Time: 2007-01-06 00:30:00
Valid Interval: 23:00:00-02:00:00
Valid days of month: 1, 2, 3, 4, 5, 6, 7, 8, 9, 10, 11, 12, 13, 14, 15, 16, 17, 18, 19, 20, 21, 22, 23, 24, 25, 26, 27, 28, 29, 30, 31
Valid weekdays: Saturday, Sunday
When: 01:00:00
Current Time: 2007-01-06 01:30:00
Valid Interval: 23:00:00-02:00:00
Valid days of month: 1, 2, 3, 4, 5, 6, 7, 8, 9, 10, 11, 12, 13, 14, 15, 16, 17, 18, 19, 20, 21, 22, 23, 24, 25, 26, 27, 28, 29, 30, 31
Valid weekdays: Saturday, Sunday
When: 01:00:00
Current Time: 2007-01-06 02:30:00
Valid Interval: 23:00:00-02:00:00
Valid days of month: 1, 2, 3, 4, 5, 6, 7, 8, 9, 10, 11, 12, 13, 14, 15, 16, 17, 18, 19, 20, 21, 22, 23, 24, 25, 26, 27, 28, 29, 30, 31
Valid weekdays: Saturday, Sunday
When: 01:00:00
Current Time: 2007-01-07 02:00:00
Valid Interval: 23:00:00-02:00:00
Valid days of month: 1, 2, 3, 4, 5, 6, 7, 8, 9, 10, 11, 12, 13, 14, 15, 16, 17, 18, 19, 20, 21, 22, 23, 24, 25, 26, 27, 28, 29, 30, 31
Valid weekdays: Saturday, Sunday
When: 23:30:00
Current Time: 2007-01-01 12:00:00
Valid Interval: 23:00:00-02:00:00
Valid days of month: 1, 2, 3, 4, 5, 6, 7, 8, 9, 10, 11, 12, 13, 14, 15, 16, 17, 18, 19, 20, 21, 22, 23, 24, 25, 26, 27, 28, 29, 30, 31
Valid weekdays: Saturday, Sunday
When: 23:30:00
Current Time: 2007-01-05 23:30:00
Valid Interval: 23:00:00-02:00:00
Valid days of month: 1, 2, 3, 4, 5, 6, 7, 8, 9, 10, 11, 12, 13, 14, 15, 16, 17, 18, 19, 20, 21, 22, 23, 24, 25, 26, 27, 28, 29, 30, 31
Valid weekdays: Saturday, Sunday
When: 23:30:00
Current Time: 2007-01-06 23:00:00
Valid Interval: 23:00:00-02:00:00
Valid days of month: 1, 2, 3, 4, 5, 6, 7, 8, 9, 10, 11, 12, 13, 14, 15, 16, 17, 18, 19, 20, 21, 22, 23, 24, 25, 26, 27, 28, 29, 30, 31
Valid weekdays: Saturday, Sunday
When: 23:30:00
Current Time: 2007-01-06 02:00:00
Valid Interval: 23:00:00-02:00:00
Valid days of month: 1, 2, 3, 4, 5, 6, 7, 8, 9, 10, 11, 12, 13, 14, 15, 16, 17, 18, 19, 20, 21, 22, 23, 24, 25, 26, 27, 28, 29, 30, 31
Valid weekdays: Saturday, Sunday
When: 23:30:00
Current Time: 2007-01-07 23:40:00
Valid Interval: 23:00:00-02:00:00
Valid days of month: 1, 2, 3, 4, 5, 6, 7, 8, 9, 10, 11, 12, 13, 14, 15, 16, 17, 18, 19, 20, 21, 22, 23, 24, 25, 26, 27, 28, 29, 30, 31
Valid weekdays: Saturday, Sunday
When: 23:30:00
Current Time: 2007-01-07 01:00:00
Valid Interval: 13:00:00-16:00:00
Valid days of month: 1, 2, 3, 4, 5, 6, 7, 8, 9, 10, 11, 12, 13, 14, 15, 16, 17, 18, 19, 20, 21, 22, 23, 24, 25, 26, 27, 28, 29, 30, 31
Valid weekdays: Saturday, Sunday
When: 14:00:00
Current Time: 2007-01-01 12:00:00
Valid Interval: 13:00:00-16:00:00
Valid days of month: 1, 2, 3, 4, 5, 6, 7, 8, 9, 10, 11, 12, 13, 14, 15, 16, 17, 18, 19, 20, 21, 22, 23, 24, 25, 26, 27, 28, 29, 30, 31
Valid weekdays: Saturday, Sunday
When: 14:00:00
Current Time: 2007-01-02 13:30:00
Valid Interval: 13:00:00-16:00:00
Valid days of month: 1, 2, 3, 4, 5, 6, 7, 8, 9, 10, 11, 12, 13, 14, 15, 16, 17, 18, 19, 20, 21, 22, 23, 24, 25, 26, 27, 28, 29, 30, 31
Valid weekdays: Saturday, Sunday
When: 14:00:00
Current Time: 2007-01-06 13:30:00
Valid Interval: 13:00:00-16:00:00
Valid days of month: 1, 2, 3, 4, 5, 6, 7, 8, 9, 10, 11, 12, 13, 14, 15, 16, 17, 18, 19, 20, 21, 22, 23, 24, 25, 26, 27, 28, 29, 30, 31
Valid weekdays: Saturday, Sunday
When: 14:00:00
Current Time: 2007-01-06 14:30:00
Valid Interval: 13:00:00-16:00:00
Valid days of month: 1, 2, 3, 4, 5, 6, 7, 8, 9, 10, 11, 12, 13, 14, 15, 16, 17, 18, 19, 20, 21, 22, 23, 24, 25, 26, 27, 28, 29, 30, 31
Valid weekdays: Saturday, Sunday
When: 14:00:00
Current Time: 2007-01-06 16:30:00
Valid Interval: 13:00:00-16:00:00
Valid days of month: 1, 2, 3, 4, 5, 6, 7, 8, 9, 10, 11, 12, 13, 14, 15, 16, 17, 18, 19, 20, 21, 22, 23, 24, 25, 26, 27, 28, 29, 30, 31
Valid weekdays: Saturday, Sunday
When: 14:00:00
Current Time: 2007-01-07 16:00:00
Valid Interval: 23:00:00-02:00:00
Valid days of month: 1, 2, 3, 4, 5, 6, 7, 8, 9, 10, 11, 12, 13, 14, 15, 16, 17, 18, 19, 20, 21, 22, 23, 24, 25, 26, 27, 28, 29, 30, 31
Valid weekdays: Saturday, Sunday
When: 01:00:00
Current Time: 2007-01-01 12:00:00
Valid Interval: 23:00:00-02:00:00
Valid days of month: 1, 2, 3, 4, 5, 6, 7, 8, 9, 10, 11, 12, 13, 14, 15, 16, 17, 18, 19, 20, 21, 22, 23, 24, 25, 26, 27, 28, 29, 30, 31
Valid weekdays: Saturday, Sunday
When: 01:00:00
Current Time: 2007-01-02 01:00:00
Valid Interval: 23:00:00-02:00:00
Valid days of month: 1, 2, 3, 4, 5, 6, 7, 8, 9, 10, 11, 12, 13, 14, 15, 16, 17, 18, 19, 20, 21, 22, 23, 24, 25, 26, 27, 28, 29, 30, 31
Valid weekdays: Saturday, Sunday
When: 01:00:00
Current Time: 2007-01-06 00:30:00
Valid Interval: 23:00:00-02:00:00
Valid days of month: 1, 2, 3, 4, 5, 6, 7, 8, 9, 10, 11, 12, 13, 14, 15, 16, 17, 18, 19, 20, 21, 22, 23, 24, 25, 26, 27, 28, 29, 30, 31
Valid weekdays: Saturday, Sunday
When: 01:00:00
Current Time: 2007-01-06 02:30:00
Valid Interval: 23:00:00-02:00:00
Valid days of month: 1, 2, 3, 4, 5, 6, 7, 8, 9, 10, 11, 12, 13, 14, 15, 16, 17, 18, 19, 20, 21, 22, 23, 24, 25, 26, 27, 28, 29, 30, 31
Valid weekdays: Saturday, Sunday
When: 23:30:00
Current Time: 2007-01-01 12:00:00
Valid Interval: 23:00:00-02:00:00
Valid days of month: 1, 2, 3, 4, 5, 6, 7, 8, 9, 10, 11, 12, 13, 14, 15, 16, 17, 18, 19, 20, 21, 22, 23, 24, 25, 26, 27, 28, 29, 30, 31
Valid weekdays: Saturday, Sunday
When: 23:30:00
Current Time: 2007-01-05 23:30:00
Valid Interval: 23:00:00-02:00:00
Valid days of month: 1, 2, 3, 4, 5, 6, 7, 8, 9, 10, 11, 12, 13, 14, 15, 16, 17, 18, 19, 20, 21, 22, 23, 24, 25, 26, 27, 28, 29, 30, 31
Valid weekdays: Saturday, Sunday
When: 23:30:00
Current Time: 2007-01-06 23:00:00
Valid Interval: 23:00:00-02:00:00
Valid days of month: 1, 2, 3, 4, 5, 6, 7, 8, 9, 10, 11, 12, 13, 14, 15, 16, 17, 18, 19, 20, 21, 22, 23, 24, 25, 26, 27, 28, 29, 30, 31
Valid weekdays: Saturday, Sunday
When: 23:30:00
Current Time: 2007-01-06 02:00:00
Valid Interval: 23:00:00-02:00:00
Valid days of month: 1, 2, 3, 4, 5, 6, 7, 8, 9, 10, 11, 12, 13, 14, 15, 16, 17, 18, 19, 20, 21, 22, 23, 24, 25, 26, 27, 28, 29, 30, 31
Valid weekdays: Saturday, Sunday
When: 23:30:00
Current Time: 2007-01-07 23:40:00
Valid Interval: 23:00:00-02:00:00
Valid days of month: 1, 2, 3, 4, 5, 6, 7, 8, 9, 10, 11, 12, 13, 14, 15, 16, 17, 18, 19, 20, 21, 22, 23, 24, 25, 26, 27, 28, 29, 30, 31
Valid weekdays: Saturday, Sunday
When: 23:30:00
Current Time: 2007-01-07 01:00:00
Valid Interval: 13:00:00-16:00:00
Valid days of month: 1, 2, 3, 4, 5, 6, 7, 8, 9, 10, 11, 12, 13, 14, 15, 16, 17, 18, 19, 20, 21, 22, 23, 24, 25, 26, 27, 28, 29, 30, 31
Valid weekdays: Saturday, Sunday
When: 14:00:00
Current Time: 2007-01-06 14:30:00
Valid Interval: 13:00:00-16:00:00
Valid days of month: 1, 2, 3, 4, 5, 6, 7, 8, 9, 10, 11, 12, 13, 14, 15, 16, 17, 18, 19, 20, 21, 22, 23, 24, 25, 26, 27, 28, 29, 30, 31
Valid weekdays: Saturday, Sunday
When: 14:00:00
Current Time: 2007-01-07 15:00:00
Valid Interval: 23:00:00-02:00:00
Valid days of month: 1, 2, 3, 4, 5, 6, 7, 8, 9, 10, 11, 12, 13, 14, 15, 16, 17, 18, 19, 20, 21, 22, 23, 24, 25, 26, 27, 28, 29, 30, 31
Valid weekdays: Saturday, Sunday
When: 01:00:00
Current Time: 2007-01-06 01:30:00
Valid Interval: 23:00:00-02:00:00
Valid days of month: 1, 2, 3, 4, 5, 6, 7, 8, 9, 10, 11, 12, 13, 14, 15, 16, 17, 18, 19, 20, 21, 22, 23, 24, 25, 26, 27, 28, 29, 30, 31
Valid weekdays: Saturday, Sunday
When: 01:00:00
Current Time: 2007-01-07 01:30:00
Valid Interval: 23:00:00-02:00:00
Valid days of month: 1, 2, 3, 4, 5, 6, 7, 8, 9, 10, 11, 12, 13, 14, 15, 16, 17, 18, 19, 20, 21, 22, 23, 24, 25, 26, 27, 28, 29, 30, 31
Valid weekdays: Saturday, Sunday
When: 23:30:00
Current Time: 2007-01-06 23:02:00
Valid Interval: 23:00:00-02:00:00
Valid days of month: 1, 2, 3, 4, 5, 6, 7, 8, 9, 10, 11, 12, 13, 14, 15, 16, 17, 18, 19, 20, 21, 22, 23, 24, 25, 26, 27, 28, 29, 30, 31
Valid weekdays: Saturday, Sunday
When: 23:30:00
Current Time: 2007-01-06 01:10:00
Valid Interval: 23:00:00-02:00:00
Valid days of month: 1, 2, 3, 4, 5, 6, 7, 8, 9, 10, 11, 12, 13, 14, 15, 16, 17, 18, 19, 20, 21, 22, 23, 24, 25, 26, 27, 28, 29, 30, 31
Valid weekdays: Saturday, Sunday
When: 23:30:00
Current Time: 2007-01-07 01:00:40
Valid Interval: 23:00:00-02:00:00
Valid days of month: 2
Valid weekdays: Saturday, Sunday
When: 23:30:00
Current Time: 2007-01-01 12:00:00
Valid Interval: 23:00:00-02:00:00
Valid days of month: 1, 2
Valid weekdays: Saturday, Sunday
When: 23:30:00
Current Time: 2007-01-05 23:30:00
Valid Interval: 23:00:00-02:00:00
Valid days of month: 1, 2
Valid weekdays: Saturday, Sunday
When: 23:30:00
Current Time: 2007-01-06 23:00:00</StdOut>
      </Output>
    </UnitTestResult>
    <UnitTestResult executionId="5d2dfc93-0661-4fb2-8c43-35519753c2f9" testId="79cc72f2-ec66-4a54-8370-a7990475f773" testName="GetNextTimeToTrigger_AbsoluteTimer_ReturnsCorrectTime (Data Row 15)" computerName="ICSWS068" duration="00:00:00.0041260" startTime="2016-08-04T07:57:22.6843985+02:00" endTime="2016-08-04T07:57:22.6884013+02:00" testType="13cdc9d9-ddb5-4fa4-a97d-d965ccfc6d4b" outcome="Passed" testListId="8c84fa94-04c1-424b-9868-57a2d4851a1d" relativeResultsDirectory="5d2dfc93-0661-4fb2-8c43-35519753c2f9">
      <Output>
        <StdOut>TestContext Messages:
Valid Interval: 11:00:00-13:00:00
Valid days of month: 1, 2, 3, 4, 5, 6, 7, 8, 9, 10, 11, 12, 13, 14, 15, 16, 17, 18, 19, 20, 21, 22, 23, 24, 25, 26, 27, 28, 29, 30, 31
Valid weekdays: Monday, Tuesday, Wednesday, Thursday, Friday, Saturday, Sunday
When: 12:00:00
Current Time: 2011-01-01 00:00:00
Valid Interval: 11:00:00-13:00:00
Valid days of month: 1, 2, 3, 4, 5, 6, 7, 8, 9, 10, 11, 12, 13, 14, 15, 16, 17, 18, 19, 20, 21, 22, 23, 24, 25, 26, 27, 28, 29, 30, 31
Valid weekdays: Monday, Tuesday, Wednesday, Thursday, Friday, Saturday, Sunday
When: 12:00:00
Current Time: 2011-01-01 09:00:00
Valid Interval: 11:00:00-13:00:00
Valid days of month: 1, 2, 3, 4, 5, 6, 7, 8, 9, 10, 11, 12, 13, 14, 15, 16, 17, 18, 19, 20, 21, 22, 23, 24, 25, 26, 27, 28, 29, 30, 31
Valid weekdays: Monday, Tuesday, Wednesday, Thursday, Friday, Saturday, Sunday
When: 12:00:00
Current Time: 2011-01-01 11:00:00
Valid Interval: 11:00:00-13:00:00
Valid days of month: 1, 2, 3, 4, 5, 6, 7, 8, 9, 10, 11, 12, 13, 14, 15, 16, 17, 18, 19, 20, 21, 22, 23, 24, 25, 26, 27, 28, 29, 30, 31
Valid weekdays: Monday, Tuesday, Wednesday, Thursday, Friday, Saturday, Sunday
When: 12:00:00
Current Time: 2011-01-01 12:00:00
Valid Interval: 11:00:00-13:00:00
Valid days of month: 1, 2, 3, 4, 5, 6, 7, 8, 9, 10, 11, 12, 13, 14, 15, 16, 17, 18, 19, 20, 21, 22, 23, 24, 25, 26, 27, 28, 29, 30, 31
Valid weekdays: Monday, Tuesday, Wednesday, Thursday, Friday, Saturday, Sunday
When: 12:00:00
Current Time: 2011-01-01 12:30:00
Valid Interval: 11:00:00-13:00:00
Valid days of month: 1, 2, 3, 4, 5, 6, 7, 8, 9, 10, 11, 12, 13, 14, 15, 16, 17, 18, 19, 20, 21, 22, 23, 24, 25, 26, 27, 28, 29, 30, 31
Valid weekdays: Monday, Tuesday, Wednesday, Thursday, Friday, Saturday, Sunday
When: 12:00:00
Current Time: 2011-01-01 13:00:00
Valid Interval: 11:00:00-13:00:00
Valid days of month: 1, 2, 3, 4, 5, 6, 7, 8, 9, 10, 11, 12, 13, 14, 15, 16, 17, 18, 19, 20, 21, 22, 23, 24, 25, 26, 27, 28, 29, 30, 31
Valid weekdays: Monday, Tuesday, Wednesday, Thursday, Friday, Saturday, Sunday
When: 12:00:00
Current Time: 2011-01-02 00:00:00
Valid Interval: 11:00:00-13:00:00
Valid days of month: 1, 2, 3, 4, 5, 6, 7, 8, 9, 10, 11, 12, 13, 14, 15, 16, 17, 18, 19, 20, 21, 22, 23, 24, 25, 26, 27, 28, 29, 30, 31
Valid weekdays: Monday, Tuesday, Wednesday, Thursday, Friday, Saturday, Sunday
When: 12:00:00
Current Time: 2011-01-02 09:00:00
Valid Interval: 11:00:00-13:00:00
Valid days of month: 1, 2, 3, 4, 5, 6, 7, 8, 9, 10, 11, 12, 13, 14, 15, 16, 17, 18, 19, 20, 21, 22, 23, 24, 25, 26, 27, 28, 29, 30, 31
Valid weekdays: Monday, Tuesday, Wednesday, Thursday, Friday, Saturday, Sunday
When: 12:00:00
Current Time: 2011-01-02 12:00:00
Valid Interval: 11:00:00-13:00:00
Valid days of month: 1, 2, 3, 4, 5, 6, 7, 8, 9, 10, 11, 12, 13, 14, 15, 16, 17, 18, 19, 20, 21, 22, 23, 24, 25, 26, 27, 28, 29, 30, 31
Valid weekdays: Monday, Tuesday, Wednesday, Thursday, Friday, Saturday, Sunday
When: 12:00:00
Current Time: 2011-01-02 12:45:30
Valid Interval: 11:00:00-13:00:00
Valid days of month: 1, 2, 3, 4, 5, 6, 7, 8, 9, 10, 11, 12, 13, 14, 15, 16, 17, 18, 19, 20, 21, 22, 23, 24, 25, 26, 27, 28, 29, 30, 31
Valid weekdays: Monday, Tuesday, Wednesday, Thursday, Friday, Saturday, Sunday
When: 12:00:00
Current Time: 2011-01-02 13:00:00
Valid Interval: 11:00:00-13:00:00
Valid days of month: 1, 2, 3, 4, 5, 6, 7, 8, 9, 10, 11, 12, 13, 14, 15, 16, 17, 18, 19, 20, 21, 22, 23, 24, 25, 26, 27, 28, 29, 30, 31
Valid weekdays: Monday, Tuesday, Wednesday, Thursday, Friday, Saturday, Sunday
When: 12:00:00
Current Time: 2011-01-01 12:00:00
Valid Interval: 11:00:00-13:00:00
Valid days of month: 1, 2, 3, 4, 5, 6, 7, 8, 9, 10, 11, 12, 13, 14, 15, 16, 17, 18, 19, 20, 21, 22, 23, 24, 25, 26, 27, 28, 29, 30, 31
Valid weekdays: Monday, Tuesday, Wednesday, Thursday, Friday, Saturday, Sunday
When: 12:00:00
Current Time: 2011-01-01 12:30:00
Valid Interval: 11:00:00-13:00:00
Valid days of month: 1, 2, 3, 4, 5, 6, 7, 8, 9, 10, 11, 12, 13, 14, 15, 16, 17, 18, 19, 20, 21, 22, 23, 24, 25, 26, 27, 28, 29, 30, 31
Valid weekdays: Monday, Tuesday, Wednesday, Thursday, Friday, Saturday, Sunday
When: 12:00:00
Current Time: 2011-01-01 12:30:00
Valid Interval: 11:00:00-13:00:00
Valid days of month: 1, 2, 3, 4, 5, 6, 7, 8, 9, 10, 11, 12, 13, 14, 15, 16, 17, 18, 19, 20, 21, 22, 23, 24, 25, 26, 27, 28, 29, 30, 31
Valid weekdays: Monday, Tuesday, Wednesday, Thursday, Friday, Saturday, Sunday
When: 12:00:00
Current Time: 2011-01-01 13:00:00
Valid Interval: 11:00:00-13:00:00
Valid days of month: 1, 2, 3, 4, 5, 6, 7, 8, 9, 10, 11, 12, 13, 14, 15, 16, 17, 18, 19, 20, 21, 22, 23, 24, 25, 26, 27, 28, 29, 30, 31
Valid weekdays: Monday, Tuesday, Wednesday, Thursday, Friday, Saturday, Sunday
When: 12:00:00
Current Time: 2011-01-01 14:30:00
Valid Interval: 23:00:00-13:00:00
Valid days of month: 1, 2, 3, 4, 5, 6, 7, 8, 9, 10, 11, 12, 13, 14, 15, 16, 17, 18, 19, 20, 21, 22, 23, 24, 25, 26, 27, 28, 29, 30, 31
Valid weekdays: Monday, Tuesday, Wednesday, Thursday, Friday, Saturday, Sunday
When: 23:30:00
Current Time: 2011-01-01 16:00:00
Valid Interval: 23:00:00-13:00:00
Valid days of month: 1, 2, 3, 4, 5, 6, 7, 8, 9, 10, 11, 12, 13, 14, 15, 16, 17, 18, 19, 20, 21, 22, 23, 24, 25, 26, 27, 28, 29, 30, 31
Valid weekdays: Monday, Tuesday, Wednesday, Thursday, Friday, Saturday, Sunday
When: 23:30:00
Current Time: 2011-01-01 23:00:00
Valid Interval: 23:00:00-13:00:00
Valid days of month: 1, 2, 3, 4, 5, 6, 7, 8, 9, 10, 11, 12, 13, 14, 15, 16, 17, 18, 19, 20, 21, 22, 23, 24, 25, 26, 27, 28, 29, 30, 31
Valid weekdays: Monday, Tuesday, Wednesday, Thursday, Friday, Saturday, Sunday
When: 23:30:00
Current Time: 2011-01-01 23:30:00
Valid Interval: 23:00:00-13:00:00
Valid days of month: 1, 2, 3, 4, 5, 6, 7, 8, 9, 10, 11, 12, 13, 14, 15, 16, 17, 18, 19, 20, 21, 22, 23, 24, 25, 26, 27, 28, 29, 30, 31
Valid weekdays: Monday, Tuesday, Wednesday, Thursday, Friday, Saturday, Sunday
When: 23:30:00
Current Time: 2011-01-01 23:45:00
Valid Interval: 23:00:00-13:00:00
Valid days of month: 1, 2, 3, 4, 5, 6, 7, 8, 9, 10, 11, 12, 13, 14, 15, 16, 17, 18, 19, 20, 21, 22, 23, 24, 25, 26, 27, 28, 29, 30, 31
Valid weekdays: Monday, Tuesday, Wednesday, Thursday, Friday, Saturday, Sunday
When: 23:30:00
Current Time: 2011-01-02 00:30:00
Valid Interval: 23:00:00-13:00:00
Valid days of month: 1, 2, 3, 4, 5, 6, 7, 8, 9, 10, 11, 12, 13, 14, 15, 16, 17, 18, 19, 20, 21, 22, 23, 24, 25, 26, 27, 28, 29, 30, 31
Valid weekdays: Monday, Tuesday, Wednesday, Thursday, Friday, Saturday, Sunday
When: 23:30:00
Current Time: 2011-01-01 13:00:00
Valid Interval: 23:00:00-13:00:00
Valid days of month: 1, 2, 3, 4, 5, 6, 7, 8, 9, 10, 11, 12, 13, 14, 15, 16, 17, 18, 19, 20, 21, 22, 23, 24, 25, 26, 27, 28, 29, 30, 31
Valid weekdays: Monday, Tuesday, Wednesday, Thursday, Friday, Saturday, Sunday
When: 01:00:00
Current Time: 2011-01-01 16:00:00
Valid Interval: 23:00:00-13:00:00
Valid days of month: 1, 2, 3, 4, 5, 6, 7, 8, 9, 10, 11, 12, 13, 14, 15, 16, 17, 18, 19, 20, 21, 22, 23, 24, 25, 26, 27, 28, 29, 30, 31
Valid weekdays: Monday, Tuesday, Wednesday, Thursday, Friday, Saturday, Sunday
When: 01:00:00
Current Time: 2011-01-01 23:00:00
Valid Interval: 23:00:00-13:00:00
Valid days of month: 1, 2, 3, 4, 5, 6, 7, 8, 9, 10, 11, 12, 13, 14, 15, 16, 17, 18, 19, 20, 21, 22, 23, 24, 25, 26, 27, 28, 29, 30, 31
Valid weekdays: Monday, Tuesday, Wednesday, Thursday, Friday, Saturday, Sunday
When: 01:00:00
Current Time: 2011-01-01 23:30:00
Valid Interval: 23:00:00-13:00:00
Valid days of month: 1, 2, 3, 4, 5, 6, 7, 8, 9, 10, 11, 12, 13, 14, 15, 16, 17, 18, 19, 20, 21, 22, 23, 24, 25, 26, 27, 28, 29, 30, 31
Valid weekdays: Monday, Tuesday, Wednesday, Thursday, Friday, Saturday, Sunday
When: 01:00:00
Current Time: 2011-01-02 00:30:00
Valid Interval: 23:00:00-13:00:00
Valid days of month: 1, 2, 3, 4, 5, 6, 7, 8, 9, 10, 11, 12, 13, 14, 15, 16, 17, 18, 19, 20, 21, 22, 23, 24, 25, 26, 27, 28, 29, 30, 31
Valid weekdays: Monday, Tuesday, Wednesday, Thursday, Friday, Saturday, Sunday
When: 01:00:00
Current Time: 2011-01-01 02:00:00
Valid Interval: 23:00:00-13:00:00
Valid days of month: 1, 2, 3, 4, 5, 6, 7, 8, 9, 10, 11, 12, 13, 14, 15, 16, 17, 18, 19, 20, 21, 22, 23, 24, 25, 26, 27, 28, 29, 30, 31
Valid weekdays: Monday, Tuesday, Wednesday, Thursday, Friday, Saturday, Sunday
When: 01:00:00
Current Time: 2011-01-01 13:00:00
Valid Interval: 23:00:00-13:00:00
Valid days of month: 1, 2, 3, 4, 5, 6, 7, 8, 9, 10, 11, 12, 13, 14, 15, 16, 17, 18, 19, 20, 21, 22, 23, 24, 25, 26, 27, 28, 29, 30, 31
Valid weekdays: Monday, Tuesday, Wednesday, Thursday, Friday, Saturday, Sunday
When: 23:30:00
Current Time: 2011-01-01 16:00:00
Valid Interval: 23:00:00-13:00:00
Valid days of month: 1, 2, 3, 4, 5, 6, 7, 8, 9, 10, 11, 12, 13, 14, 15, 16, 17, 18, 19, 20, 21, 22, 23, 24, 25, 26, 27, 28, 29, 30, 31
Valid weekdays: Monday, Tuesday, Wednesday, Thursday, Friday, Saturday, Sunday
When: 23:30:00
Current Time: 2011-01-01 23:00:00
Valid Interval: 23:00:00-13:00:00
Valid days of month: 1, 2, 3, 4, 5, 6, 7, 8, 9, 10, 11, 12, 13, 14, 15, 16, 17, 18, 19, 20, 21, 22, 23, 24, 25, 26, 27, 28, 29, 30, 31
Valid weekdays: Monday, Tuesday, Wednesday, Thursday, Friday, Saturday, Sunday
When: 23:30:00
Current Time: 2011-01-01 23:30:00
Valid Interval: 23:00:00-13:00:00
Valid days of month: 1, 2, 3, 4, 5, 6, 7, 8, 9, 10, 11, 12, 13, 14, 15, 16, 17, 18, 19, 20, 21, 22, 23, 24, 25, 26, 27, 28, 29, 30, 31
Valid weekdays: Monday, Tuesday, Wednesday, Thursday, Friday, Saturday, Sunday
When: 23:30:00
Current Time: 2011-01-01 23:45:00
Valid Interval: 23:00:00-13:00:00
Valid days of month: 1, 2, 3, 4, 5, 6, 7, 8, 9, 10, 11, 12, 13, 14, 15, 16, 17, 18, 19, 20, 21, 22, 23, 24, 25, 26, 27, 28, 29, 30, 31
Valid weekdays: Monday, Tuesday, Wednesday, Thursday, Friday, Saturday, Sunday
When: 23:30:00
Current Time: 2011-01-02 00:30:00
Valid Interval: 23:00:00-13:00:00
Valid days of month: 1, 2, 3, 4, 5, 6, 7, 8, 9, 10, 11, 12, 13, 14, 15, 16, 17, 18, 19, 20, 21, 22, 23, 24, 25, 26, 27, 28, 29, 30, 31
Valid weekdays: Monday, Tuesday, Wednesday, Thursday, Friday, Saturday, Sunday
When: 23:30:00
Current Time: 2011-01-01 13:00:00
Valid Interval: 23:00:00-13:00:00
Valid days of month: 1, 2, 3, 4, 5, 6, 7, 8, 9, 10, 11, 12, 13, 14, 15, 16, 17, 18, 19, 20, 21, 22, 23, 24, 25, 26, 27, 28, 29, 30, 31
Valid weekdays: Monday, Tuesday, Wednesday, Thursday, Friday, Saturday, Sunday
When: 01:00:00
Current Time: 2011-01-01 16:00:00
Valid Interval: 23:00:00-13:00:00
Valid days of month: 1, 2, 3, 4, 5, 6, 7, 8, 9, 10, 11, 12, 13, 14, 15, 16, 17, 18, 19, 20, 21, 22, 23, 24, 25, 26, 27, 28, 29, 30, 31
Valid weekdays: Monday, Tuesday, Wednesday, Thursday, Friday, Saturday, Sunday
When: 01:00:00
Current Time: 2011-01-01 23:00:00
Valid Interval: 23:00:00-13:00:00
Valid days of month: 1, 2, 3, 4, 5, 6, 7, 8, 9, 10, 11, 12, 13, 14, 15, 16, 17, 18, 19, 20, 21, 22, 23, 24, 25, 26, 27, 28, 29, 30, 31
Valid weekdays: Monday, Tuesday, Wednesday, Thursday, Friday, Saturday, Sunday
When: 01:00:00
Current Time: 2011-01-01 23:30:00
Valid Interval: 23:00:00-13:00:00
Valid days of month: 1, 2, 3, 4, 5, 6, 7, 8, 9, 10, 11, 12, 13, 14, 15, 16, 17, 18, 19, 20, 21, 22, 23, 24, 25, 26, 27, 28, 29, 30, 31
Valid weekdays: Monday, Tuesday, Wednesday, Thursday, Friday, Saturday, Sunday
When: 01:00:00
Current Time: 2011-01-02 00:30:00
Valid Interval: 23:00:00-13:00:00
Valid days of month: 1, 2, 3, 4, 5, 6, 7, 8, 9, 10, 11, 12, 13, 14, 15, 16, 17, 18, 19, 20, 21, 22, 23, 24, 25, 26, 27, 28, 29, 30, 31
Valid weekdays: Monday, Tuesday, Wednesday, Thursday, Friday, Saturday, Sunday
When: 01:00:00
Current Time: 2011-01-02 02:00:00
Valid Interval: 23:00:00-13:00:00
Valid days of month: 1, 2, 3, 4, 5, 6, 7, 8, 9, 10, 11, 12, 13, 14, 15, 16, 17, 18, 19, 20, 21, 22, 23, 24, 25, 26, 27, 28, 29, 30, 31
Valid weekdays: Monday, Tuesday, Wednesday, Thursday, Friday, Saturday, Sunday
When: 01:00:00
Current Time: 2011-01-02 13:00:00
Valid Interval: 23:00:00-13:00:00
Valid days of month: 1, 2, 3, 4, 5, 6, 7, 8, 9, 10, 11, 12, 13, 14, 15, 16, 17, 18, 19, 20, 21, 22, 23, 24, 25, 26, 27, 28, 29, 30, 31
Valid weekdays: Monday, Tuesday, Wednesday, Thursday, Friday, Saturday, Sunday
When: 23:30:00
Current Time: 2011-01-01 23:30:05
Valid Interval: 23:00:00-13:00:00
Valid days of month: 1, 2, 3, 4, 5, 6, 7, 8, 9, 10, 11, 12, 13, 14, 15, 16, 17, 18, 19, 20, 21, 22, 23, 24, 25, 26, 27, 28, 29, 30, 31
Valid weekdays: Monday, Tuesday, Wednesday, Thursday, Friday, Saturday, Sunday
When: 23:30:00
Current Time: 2011-01-02 00:30:00
Valid Interval: 23:00:00-13:00:00
Valid days of month: 1, 2, 3, 4, 5, 6, 7, 8, 9, 10, 11, 12, 13, 14, 15, 16, 17, 18, 19, 20, 21, 22, 23, 24, 25, 26, 27, 28, 29, 30, 31
Valid weekdays: Monday, Tuesday, Wednesday, Thursday, Friday, Saturday, Sunday
When: 23:30:00
Current Time: 2011-01-02 13:00:00
Valid Interval: 23:00:00-13:00:00
Valid days of month: 1, 2, 3, 4, 5, 6, 7, 8, 9, 10, 11, 12, 13, 14, 15, 16, 17, 18, 19, 20, 21, 22, 23, 24, 25, 26, 27, 28, 29, 30, 31
Valid weekdays: Monday, Tuesday, Wednesday, Thursday, Friday, Saturday, Sunday
When: 01:00:00
Current Time: 2011-01-01 02:00:00
Valid Interval: 23:00:00-13:00:00
Valid days of month: 1, 2, 3, 4, 5, 6, 7, 8, 9, 10, 11, 12, 13, 14, 15, 16, 17, 18, 19, 20, 21, 22, 23, 24, 25, 26, 27, 28, 29, 30, 31
Valid weekdays: Monday, Tuesday, Wednesday, Thursday, Friday, Saturday, Sunday
When: 01:00:00
Current Time: 2011-01-02 02:00:00
Valid Interval: 13:00:00-16:00:00
Valid days of month: 1, 2, 3, 4, 5, 6, 7, 8, 9, 10, 11, 12, 13, 14, 15, 16, 17, 18, 19, 20, 21, 22, 23, 24, 25, 26, 27, 28, 29, 30, 31
Valid weekdays: Saturday, Sunday
When: 14:00:00
Current Time: 2007-01-01 12:00:00
Valid Interval: 13:00:00-16:00:00
Valid days of month: 1, 2, 3, 4, 5, 6, 7, 8, 9, 10, 11, 12, 13, 14, 15, 16, 17, 18, 19, 20, 21, 22, 23, 24, 25, 26, 27, 28, 29, 30, 31
Valid weekdays: Saturday, Sunday
When: 14:00:00
Current Time: 2007-01-02 13:30:00
Valid Interval: 13:00:00-16:00:00
Valid days of month: 1, 2, 3, 4, 5, 6, 7, 8, 9, 10, 11, 12, 13, 14, 15, 16, 17, 18, 19, 20, 21, 22, 23, 24, 25, 26, 27, 28, 29, 30, 31
Valid weekdays: Saturday, Sunday
When: 14:00:00
Current Time: 2007-01-06 13:30:00
Valid Interval: 13:00:00-16:00:00
Valid days of month: 1, 2, 3, 4, 5, 6, 7, 8, 9, 10, 11, 12, 13, 14, 15, 16, 17, 18, 19, 20, 21, 22, 23, 24, 25, 26, 27, 28, 29, 30, 31
Valid weekdays: Saturday, Sunday
When: 14:00:00
Current Time: 2007-01-06 14:30:00
Valid Interval: 13:00:00-16:00:00
Valid days of month: 1, 2, 3, 4, 5, 6, 7, 8, 9, 10, 11, 12, 13, 14, 15, 16, 17, 18, 19, 20, 21, 22, 23, 24, 25, 26, 27, 28, 29, 30, 31
Valid weekdays: Saturday, Sunday
When: 14:00:00
Current Time: 2007-01-06 16:30:00
Valid Interval: 13:00:00-16:00:00
Valid days of month: 1, 2, 3, 4, 5, 6, 7, 8, 9, 10, 11, 12, 13, 14, 15, 16, 17, 18, 19, 20, 21, 22, 23, 24, 25, 26, 27, 28, 29, 30, 31
Valid weekdays: Saturday, Sunday
When: 14:00:00
Current Time: 2007-01-07 16:00:00
Valid Interval: 23:00:00-02:00:00
Valid days of month: 1, 2, 3, 4, 5, 6, 7, 8, 9, 10, 11, 12, 13, 14, 15, 16, 17, 18, 19, 20, 21, 22, 23, 24, 25, 26, 27, 28, 29, 30, 31
Valid weekdays: Saturday, Sunday
When: 01:00:00
Current Time: 2007-01-01 12:00:00
Valid Interval: 23:00:00-02:00:00
Valid days of month: 1, 2, 3, 4, 5, 6, 7, 8, 9, 10, 11, 12, 13, 14, 15, 16, 17, 18, 19, 20, 21, 22, 23, 24, 25, 26, 27, 28, 29, 30, 31
Valid weekdays: Saturday, Sunday
When: 01:00:00
Current Time: 2007-01-02 01:00:00
Valid Interval: 23:00:00-02:00:00
Valid days of month: 1, 2, 3, 4, 5, 6, 7, 8, 9, 10, 11, 12, 13, 14, 15, 16, 17, 18, 19, 20, 21, 22, 23, 24, 25, 26, 27, 28, 29, 30, 31
Valid weekdays: Saturday, Sunday
When: 01:00:00
Current Time: 2007-01-06 00:30:00
Valid Interval: 23:00:00-02:00:00
Valid days of month: 1, 2, 3, 4, 5, 6, 7, 8, 9, 10, 11, 12, 13, 14, 15, 16, 17, 18, 19, 20, 21, 22, 23, 24, 25, 26, 27, 28, 29, 30, 31
Valid weekdays: Saturday, Sunday
When: 01:00:00
Current Time: 2007-01-06 01:30:00
Valid Interval: 23:00:00-02:00:00
Valid days of month: 1, 2, 3, 4, 5, 6, 7, 8, 9, 10, 11, 12, 13, 14, 15, 16, 17, 18, 19, 20, 21, 22, 23, 24, 25, 26, 27, 28, 29, 30, 31
Valid weekdays: Saturday, Sunday
When: 01:00:00
Current Time: 2007-01-06 02:30:00
Valid Interval: 23:00:00-02:00:00
Valid days of month: 1, 2, 3, 4, 5, 6, 7, 8, 9, 10, 11, 12, 13, 14, 15, 16, 17, 18, 19, 20, 21, 22, 23, 24, 25, 26, 27, 28, 29, 30, 31
Valid weekdays: Saturday, Sunday
When: 01:00:00
Current Time: 2007-01-07 02:00:00
Valid Interval: 23:00:00-02:00:00
Valid days of month: 1, 2, 3, 4, 5, 6, 7, 8, 9, 10, 11, 12, 13, 14, 15, 16, 17, 18, 19, 20, 21, 22, 23, 24, 25, 26, 27, 28, 29, 30, 31
Valid weekdays: Saturday, Sunday
When: 23:30:00
Current Time: 2007-01-01 12:00:00
Valid Interval: 23:00:00-02:00:00
Valid days of month: 1, 2, 3, 4, 5, 6, 7, 8, 9, 10, 11, 12, 13, 14, 15, 16, 17, 18, 19, 20, 21, 22, 23, 24, 25, 26, 27, 28, 29, 30, 31
Valid weekdays: Saturday, Sunday
When: 23:30:00
Current Time: 2007-01-05 23:30:00
Valid Interval: 23:00:00-02:00:00
Valid days of month: 1, 2, 3, 4, 5, 6, 7, 8, 9, 10, 11, 12, 13, 14, 15, 16, 17, 18, 19, 20, 21, 22, 23, 24, 25, 26, 27, 28, 29, 30, 31
Valid weekdays: Saturday, Sunday
When: 23:30:00
Current Time: 2007-01-06 23:00:00
Valid Interval: 23:00:00-02:00:00
Valid days of month: 1, 2, 3, 4, 5, 6, 7, 8, 9, 10, 11, 12, 13, 14, 15, 16, 17, 18, 19, 20, 21, 22, 23, 24, 25, 26, 27, 28, 29, 30, 31
Valid weekdays: Saturday, Sunday
When: 23:30:00
Current Time: 2007-01-06 02:00:00
Valid Interval: 23:00:00-02:00:00
Valid days of month: 1, 2, 3, 4, 5, 6, 7, 8, 9, 10, 11, 12, 13, 14, 15, 16, 17, 18, 19, 20, 21, 22, 23, 24, 25, 26, 27, 28, 29, 30, 31
Valid weekdays: Saturday, Sunday
When: 23:30:00
Current Time: 2007-01-07 23:40:00
Valid Interval: 23:00:00-02:00:00
Valid days of month: 1, 2, 3, 4, 5, 6, 7, 8, 9, 10, 11, 12, 13, 14, 15, 16, 17, 18, 19, 20, 21, 22, 23, 24, 25, 26, 27, 28, 29, 30, 31
Valid weekdays: Saturday, Sunday
When: 23:30:00
Current Time: 2007-01-07 01:00:00
Valid Interval: 13:00:00-16:00:00
Valid days of month: 1, 2, 3, 4, 5, 6, 7, 8, 9, 10, 11, 12, 13, 14, 15, 16, 17, 18, 19, 20, 21, 22, 23, 24, 25, 26, 27, 28, 29, 30, 31
Valid weekdays: Saturday, Sunday
When: 14:00:00
Current Time: 2007-01-01 12:00:00
Valid Interval: 13:00:00-16:00:00
Valid days of month: 1, 2, 3, 4, 5, 6, 7, 8, 9, 10, 11, 12, 13, 14, 15, 16, 17, 18, 19, 20, 21, 22, 23, 24, 25, 26, 27, 28, 29, 30, 31
Valid weekdays: Saturday, Sunday
When: 14:00:00
Current Time: 2007-01-02 13:30:00
Valid Interval: 13:00:00-16:00:00
Valid days of month: 1, 2, 3, 4, 5, 6, 7, 8, 9, 10, 11, 12, 13, 14, 15, 16, 17, 18, 19, 20, 21, 22, 23, 24, 25, 26, 27, 28, 29, 30, 31
Valid weekdays: Saturday, Sunday
When: 14:00:00
Current Time: 2007-01-06 13:30:00
Valid Interval: 13:00:00-16:00:00
Valid days of month: 1, 2, 3, 4, 5, 6, 7, 8, 9, 10, 11, 12, 13, 14, 15, 16, 17, 18, 19, 20, 21, 22, 23, 24, 25, 26, 27, 28, 29, 30, 31
Valid weekdays: Saturday, Sunday
When: 14:00:00
Current Time: 2007-01-06 14:30:00
Valid Interval: 13:00:00-16:00:00
Valid days of month: 1, 2, 3, 4, 5, 6, 7, 8, 9, 10, 11, 12, 13, 14, 15, 16, 17, 18, 19, 20, 21, 22, 23, 24, 25, 26, 27, 28, 29, 30, 31
Valid weekdays: Saturday, Sunday
When: 14:00:00
Current Time: 2007-01-06 16:30:00
Valid Interval: 13:00:00-16:00:00
Valid days of month: 1, 2, 3, 4, 5, 6, 7, 8, 9, 10, 11, 12, 13, 14, 15, 16, 17, 18, 19, 20, 21, 22, 23, 24, 25, 26, 27, 28, 29, 30, 31
Valid weekdays: Saturday, Sunday
When: 14:00:00
Current Time: 2007-01-07 16:00:00
Valid Interval: 23:00:00-02:00:00
Valid days of month: 1, 2, 3, 4, 5, 6, 7, 8, 9, 10, 11, 12, 13, 14, 15, 16, 17, 18, 19, 20, 21, 22, 23, 24, 25, 26, 27, 28, 29, 30, 31
Valid weekdays: Saturday, Sunday
When: 01:00:00
Current Time: 2007-01-01 12:00:00
Valid Interval: 23:00:00-02:00:00
Valid days of month: 1, 2, 3, 4, 5, 6, 7, 8, 9, 10, 11, 12, 13, 14, 15, 16, 17, 18, 19, 20, 21, 22, 23, 24, 25, 26, 27, 28, 29, 30, 31
Valid weekdays: Saturday, Sunday
When: 01:00:00
Current Time: 2007-01-02 01:00:00
Valid Interval: 23:00:00-02:00:00
Valid days of month: 1, 2, 3, 4, 5, 6, 7, 8, 9, 10, 11, 12, 13, 14, 15, 16, 17, 18, 19, 20, 21, 22, 23, 24, 25, 26, 27, 28, 29, 30, 31
Valid weekdays: Saturday, Sunday
When: 01:00:00
Current Time: 2007-01-06 00:30:00
Valid Interval: 23:00:00-02:00:00
Valid days of month: 1, 2, 3, 4, 5, 6, 7, 8, 9, 10, 11, 12, 13, 14, 15, 16, 17, 18, 19, 20, 21, 22, 23, 24, 25, 26, 27, 28, 29, 30, 31
Valid weekdays: Saturday, Sunday
When: 01:00:00
Current Time: 2007-01-06 02:30:00
Valid Interval: 23:00:00-02:00:00
Valid days of month: 1, 2, 3, 4, 5, 6, 7, 8, 9, 10, 11, 12, 13, 14, 15, 16, 17, 18, 19, 20, 21, 22, 23, 24, 25, 26, 27, 28, 29, 30, 31
Valid weekdays: Saturday, Sunday
When: 23:30:00
Current Time: 2007-01-01 12:00:00
Valid Interval: 23:00:00-02:00:00
Valid days of month: 1, 2, 3, 4, 5, 6, 7, 8, 9, 10, 11, 12, 13, 14, 15, 16, 17, 18, 19, 20, 21, 22, 23, 24, 25, 26, 27, 28, 29, 30, 31
Valid weekdays: Saturday, Sunday
When: 23:30:00
Current Time: 2007-01-05 23:30:00
Valid Interval: 23:00:00-02:00:00
Valid days of month: 1, 2, 3, 4, 5, 6, 7, 8, 9, 10, 11, 12, 13, 14, 15, 16, 17, 18, 19, 20, 21, 22, 23, 24, 25, 26, 27, 28, 29, 30, 31
Valid weekdays: Saturday, Sunday
When: 23:30:00
Current Time: 2007-01-06 23:00:00
Valid Interval: 23:00:00-02:00:00
Valid days of month: 1, 2, 3, 4, 5, 6, 7, 8, 9, 10, 11, 12, 13, 14, 15, 16, 17, 18, 19, 20, 21, 22, 23, 24, 25, 26, 27, 28, 29, 30, 31
Valid weekdays: Saturday, Sunday
When: 23:30:00
Current Time: 2007-01-06 02:00:00
Valid Interval: 23:00:00-02:00:00
Valid days of month: 1, 2, 3, 4, 5, 6, 7, 8, 9, 10, 11, 12, 13, 14, 15, 16, 17, 18, 19, 20, 21, 22, 23, 24, 25, 26, 27, 28, 29, 30, 31
Valid weekdays: Saturday, Sunday
When: 23:30:00
Current Time: 2007-01-07 23:40:00
Valid Interval: 23:00:00-02:00:00
Valid days of month: 1, 2, 3, 4, 5, 6, 7, 8, 9, 10, 11, 12, 13, 14, 15, 16, 17, 18, 19, 20, 21, 22, 23, 24, 25, 26, 27, 28, 29, 30, 31
Valid weekdays: Saturday, Sunday
When: 23:30:00
Current Time: 2007-01-07 01:00:00
Valid Interval: 13:00:00-16:00:00
Valid days of month: 1, 2, 3, 4, 5, 6, 7, 8, 9, 10, 11, 12, 13, 14, 15, 16, 17, 18, 19, 20, 21, 22, 23, 24, 25, 26, 27, 28, 29, 30, 31
Valid weekdays: Saturday, Sunday
When: 14:00:00
Current Time: 2007-01-06 14:30:00
Valid Interval: 13:00:00-16:00:00
Valid days of month: 1, 2, 3, 4, 5, 6, 7, 8, 9, 10, 11, 12, 13, 14, 15, 16, 17, 18, 19, 20, 21, 22, 23, 24, 25, 26, 27, 28, 29, 30, 31
Valid weekdays: Saturday, Sunday
When: 14:00:00
Current Time: 2007-01-07 15:00:00
Valid Interval: 23:00:00-02:00:00
Valid days of month: 1, 2, 3, 4, 5, 6, 7, 8, 9, 10, 11, 12, 13, 14, 15, 16, 17, 18, 19, 20, 21, 22, 23, 24, 25, 26, 27, 28, 29, 30, 31
Valid weekdays: Saturday, Sunday
When: 01:00:00
Current Time: 2007-01-06 01:30:00
Valid Interval: 23:00:00-02:00:00
Valid days of month: 1, 2, 3, 4, 5, 6, 7, 8, 9, 10, 11, 12, 13, 14, 15, 16, 17, 18, 19, 20, 21, 22, 23, 24, 25, 26, 27, 28, 29, 30, 31
Valid weekdays: Saturday, Sunday
When: 01:00:00
Current Time: 2007-01-07 01:30:00
Valid Interval: 23:00:00-02:00:00
Valid days of month: 1, 2, 3, 4, 5, 6, 7, 8, 9, 10, 11, 12, 13, 14, 15, 16, 17, 18, 19, 20, 21, 22, 23, 24, 25, 26, 27, 28, 29, 30, 31
Valid weekdays: Saturday, Sunday
When: 23:30:00
Current Time: 2007-01-06 23:02:00
Valid Interval: 23:00:00-02:00:00
Valid days of month: 1, 2, 3, 4, 5, 6, 7, 8, 9, 10, 11, 12, 13, 14, 15, 16, 17, 18, 19, 20, 21, 22, 23, 24, 25, 26, 27, 28, 29, 30, 31
Valid weekdays: Saturday, Sunday
When: 23:30:00
Current Time: 2007-01-06 01:10:00
Valid Interval: 23:00:00-02:00:00
Valid days of month: 1, 2, 3, 4, 5, 6, 7, 8, 9, 10, 11, 12, 13, 14, 15, 16, 17, 18, 19, 20, 21, 22, 23, 24, 25, 26, 27, 28, 29, 30, 31
Valid weekdays: Saturday, Sunday
When: 23:30:00
Current Time: 2007-01-07 01:00:40
Valid Interval: 23:00:00-02:00:00
Valid days of month: 2
Valid weekdays: Saturday, Sunday
When: 23:30:00
Current Time: 2007-01-01 12:00:00
Valid Interval: 23:00:00-02:00:00
Valid days of month: 1, 2
Valid weekdays: Saturday, Sunday
When: 23:30:00
Current Time: 2007-01-05 23:30:00
Valid Interval: 23:00:00-02:00:00
Valid days of month: 1, 2
Valid weekdays: Saturday, Sunday
When: 23:30:00
Current Time: 2007-01-06 23:00:00</StdOut>
      </Output>
    </UnitTestResult>
    <UnitTestResult executionId="5b8ad85a-c9a5-4b16-9ed0-afbc85eaa4d3" testId="43d4e6b6-2739-4787-879e-fb44bce204d2" testName="GetNextTimeToTrigger_AbsoluteTimer_ReturnsCorrectTime (Data Row 16)" computerName="ICSWS068" duration="00:00:00.0037400" startTime="2016-08-04T07:57:22.6884013+02:00" endTime="2016-08-04T07:57:22.6924042+02:00" testType="13cdc9d9-ddb5-4fa4-a97d-d965ccfc6d4b" outcome="Passed" testListId="8c84fa94-04c1-424b-9868-57a2d4851a1d" relativeResultsDirectory="5b8ad85a-c9a5-4b16-9ed0-afbc85eaa4d3">
      <Output>
        <StdOut>TestContext Messages:
Valid Interval: 11:00:00-13:00:00
Valid days of month: 1, 2, 3, 4, 5, 6, 7, 8, 9, 10, 11, 12, 13, 14, 15, 16, 17, 18, 19, 20, 21, 22, 23, 24, 25, 26, 27, 28, 29, 30, 31
Valid weekdays: Monday, Tuesday, Wednesday, Thursday, Friday, Saturday, Sunday
When: 12:00:00
Current Time: 2011-01-01 00:00:00
Valid Interval: 11:00:00-13:00:00
Valid days of month: 1, 2, 3, 4, 5, 6, 7, 8, 9, 10, 11, 12, 13, 14, 15, 16, 17, 18, 19, 20, 21, 22, 23, 24, 25, 26, 27, 28, 29, 30, 31
Valid weekdays: Monday, Tuesday, Wednesday, Thursday, Friday, Saturday, Sunday
When: 12:00:00
Current Time: 2011-01-01 09:00:00
Valid Interval: 11:00:00-13:00:00
Valid days of month: 1, 2, 3, 4, 5, 6, 7, 8, 9, 10, 11, 12, 13, 14, 15, 16, 17, 18, 19, 20, 21, 22, 23, 24, 25, 26, 27, 28, 29, 30, 31
Valid weekdays: Monday, Tuesday, Wednesday, Thursday, Friday, Saturday, Sunday
When: 12:00:00
Current Time: 2011-01-01 11:00:00
Valid Interval: 11:00:00-13:00:00
Valid days of month: 1, 2, 3, 4, 5, 6, 7, 8, 9, 10, 11, 12, 13, 14, 15, 16, 17, 18, 19, 20, 21, 22, 23, 24, 25, 26, 27, 28, 29, 30, 31
Valid weekdays: Monday, Tuesday, Wednesday, Thursday, Friday, Saturday, Sunday
When: 12:00:00
Current Time: 2011-01-01 12:00:00
Valid Interval: 11:00:00-13:00:00
Valid days of month: 1, 2, 3, 4, 5, 6, 7, 8, 9, 10, 11, 12, 13, 14, 15, 16, 17, 18, 19, 20, 21, 22, 23, 24, 25, 26, 27, 28, 29, 30, 31
Valid weekdays: Monday, Tuesday, Wednesday, Thursday, Friday, Saturday, Sunday
When: 12:00:00
Current Time: 2011-01-01 12:30:00
Valid Interval: 11:00:00-13:00:00
Valid days of month: 1, 2, 3, 4, 5, 6, 7, 8, 9, 10, 11, 12, 13, 14, 15, 16, 17, 18, 19, 20, 21, 22, 23, 24, 25, 26, 27, 28, 29, 30, 31
Valid weekdays: Monday, Tuesday, Wednesday, Thursday, Friday, Saturday, Sunday
When: 12:00:00
Current Time: 2011-01-01 13:00:00
Valid Interval: 11:00:00-13:00:00
Valid days of month: 1, 2, 3, 4, 5, 6, 7, 8, 9, 10, 11, 12, 13, 14, 15, 16, 17, 18, 19, 20, 21, 22, 23, 24, 25, 26, 27, 28, 29, 30, 31
Valid weekdays: Monday, Tuesday, Wednesday, Thursday, Friday, Saturday, Sunday
When: 12:00:00
Current Time: 2011-01-02 00:00:00
Valid Interval: 11:00:00-13:00:00
Valid days of month: 1, 2, 3, 4, 5, 6, 7, 8, 9, 10, 11, 12, 13, 14, 15, 16, 17, 18, 19, 20, 21, 22, 23, 24, 25, 26, 27, 28, 29, 30, 31
Valid weekdays: Monday, Tuesday, Wednesday, Thursday, Friday, Saturday, Sunday
When: 12:00:00
Current Time: 2011-01-02 09:00:00
Valid Interval: 11:00:00-13:00:00
Valid days of month: 1, 2, 3, 4, 5, 6, 7, 8, 9, 10, 11, 12, 13, 14, 15, 16, 17, 18, 19, 20, 21, 22, 23, 24, 25, 26, 27, 28, 29, 30, 31
Valid weekdays: Monday, Tuesday, Wednesday, Thursday, Friday, Saturday, Sunday
When: 12:00:00
Current Time: 2011-01-02 12:00:00
Valid Interval: 11:00:00-13:00:00
Valid days of month: 1, 2, 3, 4, 5, 6, 7, 8, 9, 10, 11, 12, 13, 14, 15, 16, 17, 18, 19, 20, 21, 22, 23, 24, 25, 26, 27, 28, 29, 30, 31
Valid weekdays: Monday, Tuesday, Wednesday, Thursday, Friday, Saturday, Sunday
When: 12:00:00
Current Time: 2011-01-02 12:45:30
Valid Interval: 11:00:00-13:00:00
Valid days of month: 1, 2, 3, 4, 5, 6, 7, 8, 9, 10, 11, 12, 13, 14, 15, 16, 17, 18, 19, 20, 21, 22, 23, 24, 25, 26, 27, 28, 29, 30, 31
Valid weekdays: Monday, Tuesday, Wednesday, Thursday, Friday, Saturday, Sunday
When: 12:00:00
Current Time: 2011-01-02 13:00:00
Valid Interval: 11:00:00-13:00:00
Valid days of month: 1, 2, 3, 4, 5, 6, 7, 8, 9, 10, 11, 12, 13, 14, 15, 16, 17, 18, 19, 20, 21, 22, 23, 24, 25, 26, 27, 28, 29, 30, 31
Valid weekdays: Monday, Tuesday, Wednesday, Thursday, Friday, Saturday, Sunday
When: 12:00:00
Current Time: 2011-01-01 12:00:00
Valid Interval: 11:00:00-13:00:00
Valid days of month: 1, 2, 3, 4, 5, 6, 7, 8, 9, 10, 11, 12, 13, 14, 15, 16, 17, 18, 19, 20, 21, 22, 23, 24, 25, 26, 27, 28, 29, 30, 31
Valid weekdays: Monday, Tuesday, Wednesday, Thursday, Friday, Saturday, Sunday
When: 12:00:00
Current Time: 2011-01-01 12:30:00
Valid Interval: 11:00:00-13:00:00
Valid days of month: 1, 2, 3, 4, 5, 6, 7, 8, 9, 10, 11, 12, 13, 14, 15, 16, 17, 18, 19, 20, 21, 22, 23, 24, 25, 26, 27, 28, 29, 30, 31
Valid weekdays: Monday, Tuesday, Wednesday, Thursday, Friday, Saturday, Sunday
When: 12:00:00
Current Time: 2011-01-01 12:30:00
Valid Interval: 11:00:00-13:00:00
Valid days of month: 1, 2, 3, 4, 5, 6, 7, 8, 9, 10, 11, 12, 13, 14, 15, 16, 17, 18, 19, 20, 21, 22, 23, 24, 25, 26, 27, 28, 29, 30, 31
Valid weekdays: Monday, Tuesday, Wednesday, Thursday, Friday, Saturday, Sunday
When: 12:00:00
Current Time: 2011-01-01 13:00:00
Valid Interval: 11:00:00-13:00:00
Valid days of month: 1, 2, 3, 4, 5, 6, 7, 8, 9, 10, 11, 12, 13, 14, 15, 16, 17, 18, 19, 20, 21, 22, 23, 24, 25, 26, 27, 28, 29, 30, 31
Valid weekdays: Monday, Tuesday, Wednesday, Thursday, Friday, Saturday, Sunday
When: 12:00:00
Current Time: 2011-01-01 14:30:00
Valid Interval: 23:00:00-13:00:00
Valid days of month: 1, 2, 3, 4, 5, 6, 7, 8, 9, 10, 11, 12, 13, 14, 15, 16, 17, 18, 19, 20, 21, 22, 23, 24, 25, 26, 27, 28, 29, 30, 31
Valid weekdays: Monday, Tuesday, Wednesday, Thursday, Friday, Saturday, Sunday
When: 23:30:00
Current Time: 2011-01-01 16:00:00
Valid Interval: 23:00:00-13:00:00
Valid days of month: 1, 2, 3, 4, 5, 6, 7, 8, 9, 10, 11, 12, 13, 14, 15, 16, 17, 18, 19, 20, 21, 22, 23, 24, 25, 26, 27, 28, 29, 30, 31
Valid weekdays: Monday, Tuesday, Wednesday, Thursday, Friday, Saturday, Sunday
When: 23:30:00
Current Time: 2011-01-01 23:00:00
Valid Interval: 23:00:00-13:00:00
Valid days of month: 1, 2, 3, 4, 5, 6, 7, 8, 9, 10, 11, 12, 13, 14, 15, 16, 17, 18, 19, 20, 21, 22, 23, 24, 25, 26, 27, 28, 29, 30, 31
Valid weekdays: Monday, Tuesday, Wednesday, Thursday, Friday, Saturday, Sunday
When: 23:30:00
Current Time: 2011-01-01 23:30:00
Valid Interval: 23:00:00-13:00:00
Valid days of month: 1, 2, 3, 4, 5, 6, 7, 8, 9, 10, 11, 12, 13, 14, 15, 16, 17, 18, 19, 20, 21, 22, 23, 24, 25, 26, 27, 28, 29, 30, 31
Valid weekdays: Monday, Tuesday, Wednesday, Thursday, Friday, Saturday, Sunday
When: 23:30:00
Current Time: 2011-01-01 23:45:00
Valid Interval: 23:00:00-13:00:00
Valid days of month: 1, 2, 3, 4, 5, 6, 7, 8, 9, 10, 11, 12, 13, 14, 15, 16, 17, 18, 19, 20, 21, 22, 23, 24, 25, 26, 27, 28, 29, 30, 31
Valid weekdays: Monday, Tuesday, Wednesday, Thursday, Friday, Saturday, Sunday
When: 23:30:00
Current Time: 2011-01-02 00:30:00
Valid Interval: 23:00:00-13:00:00
Valid days of month: 1, 2, 3, 4, 5, 6, 7, 8, 9, 10, 11, 12, 13, 14, 15, 16, 17, 18, 19, 20, 21, 22, 23, 24, 25, 26, 27, 28, 29, 30, 31
Valid weekdays: Monday, Tuesday, Wednesday, Thursday, Friday, Saturday, Sunday
When: 23:30:00
Current Time: 2011-01-01 13:00:00
Valid Interval: 23:00:00-13:00:00
Valid days of month: 1, 2, 3, 4, 5, 6, 7, 8, 9, 10, 11, 12, 13, 14, 15, 16, 17, 18, 19, 20, 21, 22, 23, 24, 25, 26, 27, 28, 29, 30, 31
Valid weekdays: Monday, Tuesday, Wednesday, Thursday, Friday, Saturday, Sunday
When: 01:00:00
Current Time: 2011-01-01 16:00:00
Valid Interval: 23:00:00-13:00:00
Valid days of month: 1, 2, 3, 4, 5, 6, 7, 8, 9, 10, 11, 12, 13, 14, 15, 16, 17, 18, 19, 20, 21, 22, 23, 24, 25, 26, 27, 28, 29, 30, 31
Valid weekdays: Monday, Tuesday, Wednesday, Thursday, Friday, Saturday, Sunday
When: 01:00:00
Current Time: 2011-01-01 23:00:00
Valid Interval: 23:00:00-13:00:00
Valid days of month: 1, 2, 3, 4, 5, 6, 7, 8, 9, 10, 11, 12, 13, 14, 15, 16, 17, 18, 19, 20, 21, 22, 23, 24, 25, 26, 27, 28, 29, 30, 31
Valid weekdays: Monday, Tuesday, Wednesday, Thursday, Friday, Saturday, Sunday
When: 01:00:00
Current Time: 2011-01-01 23:30:00
Valid Interval: 23:00:00-13:00:00
Valid days of month: 1, 2, 3, 4, 5, 6, 7, 8, 9, 10, 11, 12, 13, 14, 15, 16, 17, 18, 19, 20, 21, 22, 23, 24, 25, 26, 27, 28, 29, 30, 31
Valid weekdays: Monday, Tuesday, Wednesday, Thursday, Friday, Saturday, Sunday
When: 01:00:00
Current Time: 2011-01-02 00:30:00
Valid Interval: 23:00:00-13:00:00
Valid days of month: 1, 2, 3, 4, 5, 6, 7, 8, 9, 10, 11, 12, 13, 14, 15, 16, 17, 18, 19, 20, 21, 22, 23, 24, 25, 26, 27, 28, 29, 30, 31
Valid weekdays: Monday, Tuesday, Wednesday, Thursday, Friday, Saturday, Sunday
When: 01:00:00
Current Time: 2011-01-01 02:00:00
Valid Interval: 23:00:00-13:00:00
Valid days of month: 1, 2, 3, 4, 5, 6, 7, 8, 9, 10, 11, 12, 13, 14, 15, 16, 17, 18, 19, 20, 21, 22, 23, 24, 25, 26, 27, 28, 29, 30, 31
Valid weekdays: Monday, Tuesday, Wednesday, Thursday, Friday, Saturday, Sunday
When: 01:00:00
Current Time: 2011-01-01 13:00:00
Valid Interval: 23:00:00-13:00:00
Valid days of month: 1, 2, 3, 4, 5, 6, 7, 8, 9, 10, 11, 12, 13, 14, 15, 16, 17, 18, 19, 20, 21, 22, 23, 24, 25, 26, 27, 28, 29, 30, 31
Valid weekdays: Monday, Tuesday, Wednesday, Thursday, Friday, Saturday, Sunday
When: 23:30:00
Current Time: 2011-01-01 16:00:00
Valid Interval: 23:00:00-13:00:00
Valid days of month: 1, 2, 3, 4, 5, 6, 7, 8, 9, 10, 11, 12, 13, 14, 15, 16, 17, 18, 19, 20, 21, 22, 23, 24, 25, 26, 27, 28, 29, 30, 31
Valid weekdays: Monday, Tuesday, Wednesday, Thursday, Friday, Saturday, Sunday
When: 23:30:00
Current Time: 2011-01-01 23:00:00
Valid Interval: 23:00:00-13:00:00
Valid days of month: 1, 2, 3, 4, 5, 6, 7, 8, 9, 10, 11, 12, 13, 14, 15, 16, 17, 18, 19, 20, 21, 22, 23, 24, 25, 26, 27, 28, 29, 30, 31
Valid weekdays: Monday, Tuesday, Wednesday, Thursday, Friday, Saturday, Sunday
When: 23:30:00
Current Time: 2011-01-01 23:30:00
Valid Interval: 23:00:00-13:00:00
Valid days of month: 1, 2, 3, 4, 5, 6, 7, 8, 9, 10, 11, 12, 13, 14, 15, 16, 17, 18, 19, 20, 21, 22, 23, 24, 25, 26, 27, 28, 29, 30, 31
Valid weekdays: Monday, Tuesday, Wednesday, Thursday, Friday, Saturday, Sunday
When: 23:30:00
Current Time: 2011-01-01 23:45:00
Valid Interval: 23:00:00-13:00:00
Valid days of month: 1, 2, 3, 4, 5, 6, 7, 8, 9, 10, 11, 12, 13, 14, 15, 16, 17, 18, 19, 20, 21, 22, 23, 24, 25, 26, 27, 28, 29, 30, 31
Valid weekdays: Monday, Tuesday, Wednesday, Thursday, Friday, Saturday, Sunday
When: 23:30:00
Current Time: 2011-01-02 00:30:00
Valid Interval: 23:00:00-13:00:00
Valid days of month: 1, 2, 3, 4, 5, 6, 7, 8, 9, 10, 11, 12, 13, 14, 15, 16, 17, 18, 19, 20, 21, 22, 23, 24, 25, 26, 27, 28, 29, 30, 31
Valid weekdays: Monday, Tuesday, Wednesday, Thursday, Friday, Saturday, Sunday
When: 23:30:00
Current Time: 2011-01-01 13:00:00
Valid Interval: 23:00:00-13:00:00
Valid days of month: 1, 2, 3, 4, 5, 6, 7, 8, 9, 10, 11, 12, 13, 14, 15, 16, 17, 18, 19, 20, 21, 22, 23, 24, 25, 26, 27, 28, 29, 30, 31
Valid weekdays: Monday, Tuesday, Wednesday, Thursday, Friday, Saturday, Sunday
When: 01:00:00
Current Time: 2011-01-01 16:00:00
Valid Interval: 23:00:00-13:00:00
Valid days of month: 1, 2, 3, 4, 5, 6, 7, 8, 9, 10, 11, 12, 13, 14, 15, 16, 17, 18, 19, 20, 21, 22, 23, 24, 25, 26, 27, 28, 29, 30, 31
Valid weekdays: Monday, Tuesday, Wednesday, Thursday, Friday, Saturday, Sunday
When: 01:00:00
Current Time: 2011-01-01 23:00:00
Valid Interval: 23:00:00-13:00:00
Valid days of month: 1, 2, 3, 4, 5, 6, 7, 8, 9, 10, 11, 12, 13, 14, 15, 16, 17, 18, 19, 20, 21, 22, 23, 24, 25, 26, 27, 28, 29, 30, 31
Valid weekdays: Monday, Tuesday, Wednesday, Thursday, Friday, Saturday, Sunday
When: 01:00:00
Current Time: 2011-01-01 23:30:00
Valid Interval: 23:00:00-13:00:00
Valid days of month: 1, 2, 3, 4, 5, 6, 7, 8, 9, 10, 11, 12, 13, 14, 15, 16, 17, 18, 19, 20, 21, 22, 23, 24, 25, 26, 27, 28, 29, 30, 31
Valid weekdays: Monday, Tuesday, Wednesday, Thursday, Friday, Saturday, Sunday
When: 01:00:00
Current Time: 2011-01-02 00:30:00
Valid Interval: 23:00:00-13:00:00
Valid days of month: 1, 2, 3, 4, 5, 6, 7, 8, 9, 10, 11, 12, 13, 14, 15, 16, 17, 18, 19, 20, 21, 22, 23, 24, 25, 26, 27, 28, 29, 30, 31
Valid weekdays: Monday, Tuesday, Wednesday, Thursday, Friday, Saturday, Sunday
When: 01:00:00
Current Time: 2011-01-02 02:00:00
Valid Interval: 23:00:00-13:00:00
Valid days of month: 1, 2, 3, 4, 5, 6, 7, 8, 9, 10, 11, 12, 13, 14, 15, 16, 17, 18, 19, 20, 21, 22, 23, 24, 25, 26, 27, 28, 29, 30, 31
Valid weekdays: Monday, Tuesday, Wednesday, Thursday, Friday, Saturday, Sunday
When: 01:00:00
Current Time: 2011-01-02 13:00:00
Valid Interval: 23:00:00-13:00:00
Valid days of month: 1, 2, 3, 4, 5, 6, 7, 8, 9, 10, 11, 12, 13, 14, 15, 16, 17, 18, 19, 20, 21, 22, 23, 24, 25, 26, 27, 28, 29, 30, 31
Valid weekdays: Monday, Tuesday, Wednesday, Thursday, Friday, Saturday, Sunday
When: 23:30:00
Current Time: 2011-01-01 23:30:05
Valid Interval: 23:00:00-13:00:00
Valid days of month: 1, 2, 3, 4, 5, 6, 7, 8, 9, 10, 11, 12, 13, 14, 15, 16, 17, 18, 19, 20, 21, 22, 23, 24, 25, 26, 27, 28, 29, 30, 31
Valid weekdays: Monday, Tuesday, Wednesday, Thursday, Friday, Saturday, Sunday
When: 23:30:00
Current Time: 2011-01-02 00:30:00
Valid Interval: 23:00:00-13:00:00
Valid days of month: 1, 2, 3, 4, 5, 6, 7, 8, 9, 10, 11, 12, 13, 14, 15, 16, 17, 18, 19, 20, 21, 22, 23, 24, 25, 26, 27, 28, 29, 30, 31
Valid weekdays: Monday, Tuesday, Wednesday, Thursday, Friday, Saturday, Sunday
When: 23:30:00
Current Time: 2011-01-02 13:00:00
Valid Interval: 23:00:00-13:00:00
Valid days of month: 1, 2, 3, 4, 5, 6, 7, 8, 9, 10, 11, 12, 13, 14, 15, 16, 17, 18, 19, 20, 21, 22, 23, 24, 25, 26, 27, 28, 29, 30, 31
Valid weekdays: Monday, Tuesday, Wednesday, Thursday, Friday, Saturday, Sunday
When: 01:00:00
Current Time: 2011-01-01 02:00:00
Valid Interval: 23:00:00-13:00:00
Valid days of month: 1, 2, 3, 4, 5, 6, 7, 8, 9, 10, 11, 12, 13, 14, 15, 16, 17, 18, 19, 20, 21, 22, 23, 24, 25, 26, 27, 28, 29, 30, 31
Valid weekdays: Monday, Tuesday, Wednesday, Thursday, Friday, Saturday, Sunday
When: 01:00:00
Current Time: 2011-01-02 02:00:00
Valid Interval: 13:00:00-16:00:00
Valid days of month: 1, 2, 3, 4, 5, 6, 7, 8, 9, 10, 11, 12, 13, 14, 15, 16, 17, 18, 19, 20, 21, 22, 23, 24, 25, 26, 27, 28, 29, 30, 31
Valid weekdays: Saturday, Sunday
When: 14:00:00
Current Time: 2007-01-01 12:00:00
Valid Interval: 13:00:00-16:00:00
Valid days of month: 1, 2, 3, 4, 5, 6, 7, 8, 9, 10, 11, 12, 13, 14, 15, 16, 17, 18, 19, 20, 21, 22, 23, 24, 25, 26, 27, 28, 29, 30, 31
Valid weekdays: Saturday, Sunday
When: 14:00:00
Current Time: 2007-01-02 13:30:00
Valid Interval: 13:00:00-16:00:00
Valid days of month: 1, 2, 3, 4, 5, 6, 7, 8, 9, 10, 11, 12, 13, 14, 15, 16, 17, 18, 19, 20, 21, 22, 23, 24, 25, 26, 27, 28, 29, 30, 31
Valid weekdays: Saturday, Sunday
When: 14:00:00
Current Time: 2007-01-06 13:30:00
Valid Interval: 13:00:00-16:00:00
Valid days of month: 1, 2, 3, 4, 5, 6, 7, 8, 9, 10, 11, 12, 13, 14, 15, 16, 17, 18, 19, 20, 21, 22, 23, 24, 25, 26, 27, 28, 29, 30, 31
Valid weekdays: Saturday, Sunday
When: 14:00:00
Current Time: 2007-01-06 14:30:00
Valid Interval: 13:00:00-16:00:00
Valid days of month: 1, 2, 3, 4, 5, 6, 7, 8, 9, 10, 11, 12, 13, 14, 15, 16, 17, 18, 19, 20, 21, 22, 23, 24, 25, 26, 27, 28, 29, 30, 31
Valid weekdays: Saturday, Sunday
When: 14:00:00
Current Time: 2007-01-06 16:30:00
Valid Interval: 13:00:00-16:00:00
Valid days of month: 1, 2, 3, 4, 5, 6, 7, 8, 9, 10, 11, 12, 13, 14, 15, 16, 17, 18, 19, 20, 21, 22, 23, 24, 25, 26, 27, 28, 29, 30, 31
Valid weekdays: Saturday, Sunday
When: 14:00:00
Current Time: 2007-01-07 16:00:00
Valid Interval: 23:00:00-02:00:00
Valid days of month: 1, 2, 3, 4, 5, 6, 7, 8, 9, 10, 11, 12, 13, 14, 15, 16, 17, 18, 19, 20, 21, 22, 23, 24, 25, 26, 27, 28, 29, 30, 31
Valid weekdays: Saturday, Sunday
When: 01:00:00
Current Time: 2007-01-01 12:00:00
Valid Interval: 23:00:00-02:00:00
Valid days of month: 1, 2, 3, 4, 5, 6, 7, 8, 9, 10, 11, 12, 13, 14, 15, 16, 17, 18, 19, 20, 21, 22, 23, 24, 25, 26, 27, 28, 29, 30, 31
Valid weekdays: Saturday, Sunday
When: 01:00:00
Current Time: 2007-01-02 01:00:00
Valid Interval: 23:00:00-02:00:00
Valid days of month: 1, 2, 3, 4, 5, 6, 7, 8, 9, 10, 11, 12, 13, 14, 15, 16, 17, 18, 19, 20, 21, 22, 23, 24, 25, 26, 27, 28, 29, 30, 31
Valid weekdays: Saturday, Sunday
When: 01:00:00
Current Time: 2007-01-06 00:30:00
Valid Interval: 23:00:00-02:00:00
Valid days of month: 1, 2, 3, 4, 5, 6, 7, 8, 9, 10, 11, 12, 13, 14, 15, 16, 17, 18, 19, 20, 21, 22, 23, 24, 25, 26, 27, 28, 29, 30, 31
Valid weekdays: Saturday, Sunday
When: 01:00:00
Current Time: 2007-01-06 01:30:00
Valid Interval: 23:00:00-02:00:00
Valid days of month: 1, 2, 3, 4, 5, 6, 7, 8, 9, 10, 11, 12, 13, 14, 15, 16, 17, 18, 19, 20, 21, 22, 23, 24, 25, 26, 27, 28, 29, 30, 31
Valid weekdays: Saturday, Sunday
When: 01:00:00
Current Time: 2007-01-06 02:30:00
Valid Interval: 23:00:00-02:00:00
Valid days of month: 1, 2, 3, 4, 5, 6, 7, 8, 9, 10, 11, 12, 13, 14, 15, 16, 17, 18, 19, 20, 21, 22, 23, 24, 25, 26, 27, 28, 29, 30, 31
Valid weekdays: Saturday, Sunday
When: 01:00:00
Current Time: 2007-01-07 02:00:00
Valid Interval: 23:00:00-02:00:00
Valid days of month: 1, 2, 3, 4, 5, 6, 7, 8, 9, 10, 11, 12, 13, 14, 15, 16, 17, 18, 19, 20, 21, 22, 23, 24, 25, 26, 27, 28, 29, 30, 31
Valid weekdays: Saturday, Sunday
When: 23:30:00
Current Time: 2007-01-01 12:00:00
Valid Interval: 23:00:00-02:00:00
Valid days of month: 1, 2, 3, 4, 5, 6, 7, 8, 9, 10, 11, 12, 13, 14, 15, 16, 17, 18, 19, 20, 21, 22, 23, 24, 25, 26, 27, 28, 29, 30, 31
Valid weekdays: Saturday, Sunday
When: 23:30:00
Current Time: 2007-01-05 23:30:00
Valid Interval: 23:00:00-02:00:00
Valid days of month: 1, 2, 3, 4, 5, 6, 7, 8, 9, 10, 11, 12, 13, 14, 15, 16, 17, 18, 19, 20, 21, 22, 23, 24, 25, 26, 27, 28, 29, 30, 31
Valid weekdays: Saturday, Sunday
When: 23:30:00
Current Time: 2007-01-06 23:00:00
Valid Interval: 23:00:00-02:00:00
Valid days of month: 1, 2, 3, 4, 5, 6, 7, 8, 9, 10, 11, 12, 13, 14, 15, 16, 17, 18, 19, 20, 21, 22, 23, 24, 25, 26, 27, 28, 29, 30, 31
Valid weekdays: Saturday, Sunday
When: 23:30:00
Current Time: 2007-01-06 02:00:00
Valid Interval: 23:00:00-02:00:00
Valid days of month: 1, 2, 3, 4, 5, 6, 7, 8, 9, 10, 11, 12, 13, 14, 15, 16, 17, 18, 19, 20, 21, 22, 23, 24, 25, 26, 27, 28, 29, 30, 31
Valid weekdays: Saturday, Sunday
When: 23:30:00
Current Time: 2007-01-07 23:40:00
Valid Interval: 23:00:00-02:00:00
Valid days of month: 1, 2, 3, 4, 5, 6, 7, 8, 9, 10, 11, 12, 13, 14, 15, 16, 17, 18, 19, 20, 21, 22, 23, 24, 25, 26, 27, 28, 29, 30, 31
Valid weekdays: Saturday, Sunday
When: 23:30:00
Current Time: 2007-01-07 01:00:00
Valid Interval: 13:00:00-16:00:00
Valid days of month: 1, 2, 3, 4, 5, 6, 7, 8, 9, 10, 11, 12, 13, 14, 15, 16, 17, 18, 19, 20, 21, 22, 23, 24, 25, 26, 27, 28, 29, 30, 31
Valid weekdays: Saturday, Sunday
When: 14:00:00
Current Time: 2007-01-01 12:00:00
Valid Interval: 13:00:00-16:00:00
Valid days of month: 1, 2, 3, 4, 5, 6, 7, 8, 9, 10, 11, 12, 13, 14, 15, 16, 17, 18, 19, 20, 21, 22, 23, 24, 25, 26, 27, 28, 29, 30, 31
Valid weekdays: Saturday, Sunday
When: 14:00:00
Current Time: 2007-01-02 13:30:00
Valid Interval: 13:00:00-16:00:00
Valid days of month: 1, 2, 3, 4, 5, 6, 7, 8, 9, 10, 11, 12, 13, 14, 15, 16, 17, 18, 19, 20, 21, 22, 23, 24, 25, 26, 27, 28, 29, 30, 31
Valid weekdays: Saturday, Sunday
When: 14:00:00
Current Time: 2007-01-06 13:30:00
Valid Interval: 13:00:00-16:00:00
Valid days of month: 1, 2, 3, 4, 5, 6, 7, 8, 9, 10, 11, 12, 13, 14, 15, 16, 17, 18, 19, 20, 21, 22, 23, 24, 25, 26, 27, 28, 29, 30, 31
Valid weekdays: Saturday, Sunday
When: 14:00:00
Current Time: 2007-01-06 14:30:00
Valid Interval: 13:00:00-16:00:00
Valid days of month: 1, 2, 3, 4, 5, 6, 7, 8, 9, 10, 11, 12, 13, 14, 15, 16, 17, 18, 19, 20, 21, 22, 23, 24, 25, 26, 27, 28, 29, 30, 31
Valid weekdays: Saturday, Sunday
When: 14:00:00
Current Time: 2007-01-06 16:30:00
Valid Interval: 13:00:00-16:00:00
Valid days of month: 1, 2, 3, 4, 5, 6, 7, 8, 9, 10, 11, 12, 13, 14, 15, 16, 17, 18, 19, 20, 21, 22, 23, 24, 25, 26, 27, 28, 29, 30, 31
Valid weekdays: Saturday, Sunday
When: 14:00:00
Current Time: 2007-01-07 16:00:00
Valid Interval: 23:00:00-02:00:00
Valid days of month: 1, 2, 3, 4, 5, 6, 7, 8, 9, 10, 11, 12, 13, 14, 15, 16, 17, 18, 19, 20, 21, 22, 23, 24, 25, 26, 27, 28, 29, 30, 31
Valid weekdays: Saturday, Sunday
When: 01:00:00
Current Time: 2007-01-01 12:00:00
Valid Interval: 23:00:00-02:00:00
Valid days of month: 1, 2, 3, 4, 5, 6, 7, 8, 9, 10, 11, 12, 13, 14, 15, 16, 17, 18, 19, 20, 21, 22, 23, 24, 25, 26, 27, 28, 29, 30, 31
Valid weekdays: Saturday, Sunday
When: 01:00:00
Current Time: 2007-01-02 01:00:00
Valid Interval: 23:00:00-02:00:00
Valid days of month: 1, 2, 3, 4, 5, 6, 7, 8, 9, 10, 11, 12, 13, 14, 15, 16, 17, 18, 19, 20, 21, 22, 23, 24, 25, 26, 27, 28, 29, 30, 31
Valid weekdays: Saturday, Sunday
When: 01:00:00
Current Time: 2007-01-06 00:30:00
Valid Interval: 23:00:00-02:00:00
Valid days of month: 1, 2, 3, 4, 5, 6, 7, 8, 9, 10, 11, 12, 13, 14, 15, 16, 17, 18, 19, 20, 21, 22, 23, 24, 25, 26, 27, 28, 29, 30, 31
Valid weekdays: Saturday, Sunday
When: 01:00:00
Current Time: 2007-01-06 02:30:00
Valid Interval: 23:00:00-02:00:00
Valid days of month: 1, 2, 3, 4, 5, 6, 7, 8, 9, 10, 11, 12, 13, 14, 15, 16, 17, 18, 19, 20, 21, 22, 23, 24, 25, 26, 27, 28, 29, 30, 31
Valid weekdays: Saturday, Sunday
When: 23:30:00
Current Time: 2007-01-01 12:00:00
Valid Interval: 23:00:00-02:00:00
Valid days of month: 1, 2, 3, 4, 5, 6, 7, 8, 9, 10, 11, 12, 13, 14, 15, 16, 17, 18, 19, 20, 21, 22, 23, 24, 25, 26, 27, 28, 29, 30, 31
Valid weekdays: Saturday, Sunday
When: 23:30:00
Current Time: 2007-01-05 23:30:00
Valid Interval: 23:00:00-02:00:00
Valid days of month: 1, 2, 3, 4, 5, 6, 7, 8, 9, 10, 11, 12, 13, 14, 15, 16, 17, 18, 19, 20, 21, 22, 23, 24, 25, 26, 27, 28, 29, 30, 31
Valid weekdays: Saturday, Sunday
When: 23:30:00
Current Time: 2007-01-06 23:00:00
Valid Interval: 23:00:00-02:00:00
Valid days of month: 1, 2, 3, 4, 5, 6, 7, 8, 9, 10, 11, 12, 13, 14, 15, 16, 17, 18, 19, 20, 21, 22, 23, 24, 25, 26, 27, 28, 29, 30, 31
Valid weekdays: Saturday, Sunday
When: 23:30:00
Current Time: 2007-01-06 02:00:00
Valid Interval: 23:00:00-02:00:00
Valid days of month: 1, 2, 3, 4, 5, 6, 7, 8, 9, 10, 11, 12, 13, 14, 15, 16, 17, 18, 19, 20, 21, 22, 23, 24, 25, 26, 27, 28, 29, 30, 31
Valid weekdays: Saturday, Sunday
When: 23:30:00
Current Time: 2007-01-07 23:40:00
Valid Interval: 23:00:00-02:00:00
Valid days of month: 1, 2, 3, 4, 5, 6, 7, 8, 9, 10, 11, 12, 13, 14, 15, 16, 17, 18, 19, 20, 21, 22, 23, 24, 25, 26, 27, 28, 29, 30, 31
Valid weekdays: Saturday, Sunday
When: 23:30:00
Current Time: 2007-01-07 01:00:00
Valid Interval: 13:00:00-16:00:00
Valid days of month: 1, 2, 3, 4, 5, 6, 7, 8, 9, 10, 11, 12, 13, 14, 15, 16, 17, 18, 19, 20, 21, 22, 23, 24, 25, 26, 27, 28, 29, 30, 31
Valid weekdays: Saturday, Sunday
When: 14:00:00
Current Time: 2007-01-06 14:30:00
Valid Interval: 13:00:00-16:00:00
Valid days of month: 1, 2, 3, 4, 5, 6, 7, 8, 9, 10, 11, 12, 13, 14, 15, 16, 17, 18, 19, 20, 21, 22, 23, 24, 25, 26, 27, 28, 29, 30, 31
Valid weekdays: Saturday, Sunday
When: 14:00:00
Current Time: 2007-01-07 15:00:00
Valid Interval: 23:00:00-02:00:00
Valid days of month: 1, 2, 3, 4, 5, 6, 7, 8, 9, 10, 11, 12, 13, 14, 15, 16, 17, 18, 19, 20, 21, 22, 23, 24, 25, 26, 27, 28, 29, 30, 31
Valid weekdays: Saturday, Sunday
When: 01:00:00
Current Time: 2007-01-06 01:30:00
Valid Interval: 23:00:00-02:00:00
Valid days of month: 1, 2, 3, 4, 5, 6, 7, 8, 9, 10, 11, 12, 13, 14, 15, 16, 17, 18, 19, 20, 21, 22, 23, 24, 25, 26, 27, 28, 29, 30, 31
Valid weekdays: Saturday, Sunday
When: 01:00:00
Current Time: 2007-01-07 01:30:00
Valid Interval: 23:00:00-02:00:00
Valid days of month: 1, 2, 3, 4, 5, 6, 7, 8, 9, 10, 11, 12, 13, 14, 15, 16, 17, 18, 19, 20, 21, 22, 23, 24, 25, 26, 27, 28, 29, 30, 31
Valid weekdays: Saturday, Sunday
When: 23:30:00
Current Time: 2007-01-06 23:02:00
Valid Interval: 23:00:00-02:00:00
Valid days of month: 1, 2, 3, 4, 5, 6, 7, 8, 9, 10, 11, 12, 13, 14, 15, 16, 17, 18, 19, 20, 21, 22, 23, 24, 25, 26, 27, 28, 29, 30, 31
Valid weekdays: Saturday, Sunday
When: 23:30:00
Current Time: 2007-01-06 01:10:00
Valid Interval: 23:00:00-02:00:00
Valid days of month: 1, 2, 3, 4, 5, 6, 7, 8, 9, 10, 11, 12, 13, 14, 15, 16, 17, 18, 19, 20, 21, 22, 23, 24, 25, 26, 27, 28, 29, 30, 31
Valid weekdays: Saturday, Sunday
When: 23:30:00
Current Time: 2007-01-07 01:00:40
Valid Interval: 23:00:00-02:00:00
Valid days of month: 2
Valid weekdays: Saturday, Sunday
When: 23:30:00
Current Time: 2007-01-01 12:00:00
Valid Interval: 23:00:00-02:00:00
Valid days of month: 1, 2
Valid weekdays: Saturday, Sunday
When: 23:30:00
Current Time: 2007-01-05 23:30:00
Valid Interval: 23:00:00-02:00:00
Valid days of month: 1, 2
Valid weekdays: Saturday, Sunday
When: 23:30:00
Current Time: 2007-01-06 23:00:00</StdOut>
      </Output>
    </UnitTestResult>
    <UnitTestResult executionId="7322a022-ab76-45a1-90c1-3bea7fd6d437" testId="fb69e9fe-443a-4f58-966e-07b4ec5497e6" testName="GetNextTimeToTrigger_AbsoluteTimer_ReturnsCorrectTime (Data Row 17)" computerName="ICSWS068" duration="00:00:00.0036600" startTime="2016-08-04T07:57:22.6924042+02:00" endTime="2016-08-04T07:57:22.6959071+02:00" testType="13cdc9d9-ddb5-4fa4-a97d-d965ccfc6d4b" outcome="Passed" testListId="8c84fa94-04c1-424b-9868-57a2d4851a1d" relativeResultsDirectory="7322a022-ab76-45a1-90c1-3bea7fd6d437">
      <Output>
        <StdOut>TestContext Messages:
Valid Interval: 11:00:00-13:00:00
Valid days of month: 1, 2, 3, 4, 5, 6, 7, 8, 9, 10, 11, 12, 13, 14, 15, 16, 17, 18, 19, 20, 21, 22, 23, 24, 25, 26, 27, 28, 29, 30, 31
Valid weekdays: Monday, Tuesday, Wednesday, Thursday, Friday, Saturday, Sunday
When: 12:00:00
Current Time: 2011-01-01 00:00:00
Valid Interval: 11:00:00-13:00:00
Valid days of month: 1, 2, 3, 4, 5, 6, 7, 8, 9, 10, 11, 12, 13, 14, 15, 16, 17, 18, 19, 20, 21, 22, 23, 24, 25, 26, 27, 28, 29, 30, 31
Valid weekdays: Monday, Tuesday, Wednesday, Thursday, Friday, Saturday, Sunday
When: 12:00:00
Current Time: 2011-01-01 09:00:00
Valid Interval: 11:00:00-13:00:00
Valid days of month: 1, 2, 3, 4, 5, 6, 7, 8, 9, 10, 11, 12, 13, 14, 15, 16, 17, 18, 19, 20, 21, 22, 23, 24, 25, 26, 27, 28, 29, 30, 31
Valid weekdays: Monday, Tuesday, Wednesday, Thursday, Friday, Saturday, Sunday
When: 12:00:00
Current Time: 2011-01-01 11:00:00
Valid Interval: 11:00:00-13:00:00
Valid days of month: 1, 2, 3, 4, 5, 6, 7, 8, 9, 10, 11, 12, 13, 14, 15, 16, 17, 18, 19, 20, 21, 22, 23, 24, 25, 26, 27, 28, 29, 30, 31
Valid weekdays: Monday, Tuesday, Wednesday, Thursday, Friday, Saturday, Sunday
When: 12:00:00
Current Time: 2011-01-01 12:00:00
Valid Interval: 11:00:00-13:00:00
Valid days of month: 1, 2, 3, 4, 5, 6, 7, 8, 9, 10, 11, 12, 13, 14, 15, 16, 17, 18, 19, 20, 21, 22, 23, 24, 25, 26, 27, 28, 29, 30, 31
Valid weekdays: Monday, Tuesday, Wednesday, Thursday, Friday, Saturday, Sunday
When: 12:00:00
Current Time: 2011-01-01 12:30:00
Valid Interval: 11:00:00-13:00:00
Valid days of month: 1, 2, 3, 4, 5, 6, 7, 8, 9, 10, 11, 12, 13, 14, 15, 16, 17, 18, 19, 20, 21, 22, 23, 24, 25, 26, 27, 28, 29, 30, 31
Valid weekdays: Monday, Tuesday, Wednesday, Thursday, Friday, Saturday, Sunday
When: 12:00:00
Current Time: 2011-01-01 13:00:00
Valid Interval: 11:00:00-13:00:00
Valid days of month: 1, 2, 3, 4, 5, 6, 7, 8, 9, 10, 11, 12, 13, 14, 15, 16, 17, 18, 19, 20, 21, 22, 23, 24, 25, 26, 27, 28, 29, 30, 31
Valid weekdays: Monday, Tuesday, Wednesday, Thursday, Friday, Saturday, Sunday
When: 12:00:00
Current Time: 2011-01-02 00:00:00
Valid Interval: 11:00:00-13:00:00
Valid days of month: 1, 2, 3, 4, 5, 6, 7, 8, 9, 10, 11, 12, 13, 14, 15, 16, 17, 18, 19, 20, 21, 22, 23, 24, 25, 26, 27, 28, 29, 30, 31
Valid weekdays: Monday, Tuesday, Wednesday, Thursday, Friday, Saturday, Sunday
When: 12:00:00
Current Time: 2011-01-02 09:00:00
Valid Interval: 11:00:00-13:00:00
Valid days of month: 1, 2, 3, 4, 5, 6, 7, 8, 9, 10, 11, 12, 13, 14, 15, 16, 17, 18, 19, 20, 21, 22, 23, 24, 25, 26, 27, 28, 29, 30, 31
Valid weekdays: Monday, Tuesday, Wednesday, Thursday, Friday, Saturday, Sunday
When: 12:00:00
Current Time: 2011-01-02 12:00:00
Valid Interval: 11:00:00-13:00:00
Valid days of month: 1, 2, 3, 4, 5, 6, 7, 8, 9, 10, 11, 12, 13, 14, 15, 16, 17, 18, 19, 20, 21, 22, 23, 24, 25, 26, 27, 28, 29, 30, 31
Valid weekdays: Monday, Tuesday, Wednesday, Thursday, Friday, Saturday, Sunday
When: 12:00:00
Current Time: 2011-01-02 12:45:30
Valid Interval: 11:00:00-13:00:00
Valid days of month: 1, 2, 3, 4, 5, 6, 7, 8, 9, 10, 11, 12, 13, 14, 15, 16, 17, 18, 19, 20, 21, 22, 23, 24, 25, 26, 27, 28, 29, 30, 31
Valid weekdays: Monday, Tuesday, Wednesday, Thursday, Friday, Saturday, Sunday
When: 12:00:00
Current Time: 2011-01-02 13:00:00
Valid Interval: 11:00:00-13:00:00
Valid days of month: 1, 2, 3, 4, 5, 6, 7, 8, 9, 10, 11, 12, 13, 14, 15, 16, 17, 18, 19, 20, 21, 22, 23, 24, 25, 26, 27, 28, 29, 30, 31
Valid weekdays: Monday, Tuesday, Wednesday, Thursday, Friday, Saturday, Sunday
When: 12:00:00
Current Time: 2011-01-01 12:00:00
Valid Interval: 11:00:00-13:00:00
Valid days of month: 1, 2, 3, 4, 5, 6, 7, 8, 9, 10, 11, 12, 13, 14, 15, 16, 17, 18, 19, 20, 21, 22, 23, 24, 25, 26, 27, 28, 29, 30, 31
Valid weekdays: Monday, Tuesday, Wednesday, Thursday, Friday, Saturday, Sunday
When: 12:00:00
Current Time: 2011-01-01 12:30:00
Valid Interval: 11:00:00-13:00:00
Valid days of month: 1, 2, 3, 4, 5, 6, 7, 8, 9, 10, 11, 12, 13, 14, 15, 16, 17, 18, 19, 20, 21, 22, 23, 24, 25, 26, 27, 28, 29, 30, 31
Valid weekdays: Monday, Tuesday, Wednesday, Thursday, Friday, Saturday, Sunday
When: 12:00:00
Current Time: 2011-01-01 12:30:00
Valid Interval: 11:00:00-13:00:00
Valid days of month: 1, 2, 3, 4, 5, 6, 7, 8, 9, 10, 11, 12, 13, 14, 15, 16, 17, 18, 19, 20, 21, 22, 23, 24, 25, 26, 27, 28, 29, 30, 31
Valid weekdays: Monday, Tuesday, Wednesday, Thursday, Friday, Saturday, Sunday
When: 12:00:00
Current Time: 2011-01-01 13:00:00
Valid Interval: 11:00:00-13:00:00
Valid days of month: 1, 2, 3, 4, 5, 6, 7, 8, 9, 10, 11, 12, 13, 14, 15, 16, 17, 18, 19, 20, 21, 22, 23, 24, 25, 26, 27, 28, 29, 30, 31
Valid weekdays: Monday, Tuesday, Wednesday, Thursday, Friday, Saturday, Sunday
When: 12:00:00
Current Time: 2011-01-01 14:30:00
Valid Interval: 23:00:00-13:00:00
Valid days of month: 1, 2, 3, 4, 5, 6, 7, 8, 9, 10, 11, 12, 13, 14, 15, 16, 17, 18, 19, 20, 21, 22, 23, 24, 25, 26, 27, 28, 29, 30, 31
Valid weekdays: Monday, Tuesday, Wednesday, Thursday, Friday, Saturday, Sunday
When: 23:30:00
Current Time: 2011-01-01 16:00:00
Valid Interval: 23:00:00-13:00:00
Valid days of month: 1, 2, 3, 4, 5, 6, 7, 8, 9, 10, 11, 12, 13, 14, 15, 16, 17, 18, 19, 20, 21, 22, 23, 24, 25, 26, 27, 28, 29, 30, 31
Valid weekdays: Monday, Tuesday, Wednesday, Thursday, Friday, Saturday, Sunday
When: 23:30:00
Current Time: 2011-01-01 23:00:00
Valid Interval: 23:00:00-13:00:00
Valid days of month: 1, 2, 3, 4, 5, 6, 7, 8, 9, 10, 11, 12, 13, 14, 15, 16, 17, 18, 19, 20, 21, 22, 23, 24, 25, 26, 27, 28, 29, 30, 31
Valid weekdays: Monday, Tuesday, Wednesday, Thursday, Friday, Saturday, Sunday
When: 23:30:00
Current Time: 2011-01-01 23:30:00
Valid Interval: 23:00:00-13:00:00
Valid days of month: 1, 2, 3, 4, 5, 6, 7, 8, 9, 10, 11, 12, 13, 14, 15, 16, 17, 18, 19, 20, 21, 22, 23, 24, 25, 26, 27, 28, 29, 30, 31
Valid weekdays: Monday, Tuesday, Wednesday, Thursday, Friday, Saturday, Sunday
When: 23:30:00
Current Time: 2011-01-01 23:45:00
Valid Interval: 23:00:00-13:00:00
Valid days of month: 1, 2, 3, 4, 5, 6, 7, 8, 9, 10, 11, 12, 13, 14, 15, 16, 17, 18, 19, 20, 21, 22, 23, 24, 25, 26, 27, 28, 29, 30, 31
Valid weekdays: Monday, Tuesday, Wednesday, Thursday, Friday, Saturday, Sunday
When: 23:30:00
Current Time: 2011-01-02 00:30:00
Valid Interval: 23:00:00-13:00:00
Valid days of month: 1, 2, 3, 4, 5, 6, 7, 8, 9, 10, 11, 12, 13, 14, 15, 16, 17, 18, 19, 20, 21, 22, 23, 24, 25, 26, 27, 28, 29, 30, 31
Valid weekdays: Monday, Tuesday, Wednesday, Thursday, Friday, Saturday, Sunday
When: 23:30:00
Current Time: 2011-01-01 13:00:00
Valid Interval: 23:00:00-13:00:00
Valid days of month: 1, 2, 3, 4, 5, 6, 7, 8, 9, 10, 11, 12, 13, 14, 15, 16, 17, 18, 19, 20, 21, 22, 23, 24, 25, 26, 27, 28, 29, 30, 31
Valid weekdays: Monday, Tuesday, Wednesday, Thursday, Friday, Saturday, Sunday
When: 01:00:00
Current Time: 2011-01-01 16:00:00
Valid Interval: 23:00:00-13:00:00
Valid days of month: 1, 2, 3, 4, 5, 6, 7, 8, 9, 10, 11, 12, 13, 14, 15, 16, 17, 18, 19, 20, 21, 22, 23, 24, 25, 26, 27, 28, 29, 30, 31
Valid weekdays: Monday, Tuesday, Wednesday, Thursday, Friday, Saturday, Sunday
When: 01:00:00
Current Time: 2011-01-01 23:00:00
Valid Interval: 23:00:00-13:00:00
Valid days of month: 1, 2, 3, 4, 5, 6, 7, 8, 9, 10, 11, 12, 13, 14, 15, 16, 17, 18, 19, 20, 21, 22, 23, 24, 25, 26, 27, 28, 29, 30, 31
Valid weekdays: Monday, Tuesday, Wednesday, Thursday, Friday, Saturday, Sunday
When: 01:00:00
Current Time: 2011-01-01 23:30:00
Valid Interval: 23:00:00-13:00:00
Valid days of month: 1, 2, 3, 4, 5, 6, 7, 8, 9, 10, 11, 12, 13, 14, 15, 16, 17, 18, 19, 20, 21, 22, 23, 24, 25, 26, 27, 28, 29, 30, 31
Valid weekdays: Monday, Tuesday, Wednesday, Thursday, Friday, Saturday, Sunday
When: 01:00:00
Current Time: 2011-01-02 00:30:00
Valid Interval: 23:00:00-13:00:00
Valid days of month: 1, 2, 3, 4, 5, 6, 7, 8, 9, 10, 11, 12, 13, 14, 15, 16, 17, 18, 19, 20, 21, 22, 23, 24, 25, 26, 27, 28, 29, 30, 31
Valid weekdays: Monday, Tuesday, Wednesday, Thursday, Friday, Saturday, Sunday
When: 01:00:00
Current Time: 2011-01-01 02:00:00
Valid Interval: 23:00:00-13:00:00
Valid days of month: 1, 2, 3, 4, 5, 6, 7, 8, 9, 10, 11, 12, 13, 14, 15, 16, 17, 18, 19, 20, 21, 22, 23, 24, 25, 26, 27, 28, 29, 30, 31
Valid weekdays: Monday, Tuesday, Wednesday, Thursday, Friday, Saturday, Sunday
When: 01:00:00
Current Time: 2011-01-01 13:00:00
Valid Interval: 23:00:00-13:00:00
Valid days of month: 1, 2, 3, 4, 5, 6, 7, 8, 9, 10, 11, 12, 13, 14, 15, 16, 17, 18, 19, 20, 21, 22, 23, 24, 25, 26, 27, 28, 29, 30, 31
Valid weekdays: Monday, Tuesday, Wednesday, Thursday, Friday, Saturday, Sunday
When: 23:30:00
Current Time: 2011-01-01 16:00:00
Valid Interval: 23:00:00-13:00:00
Valid days of month: 1, 2, 3, 4, 5, 6, 7, 8, 9, 10, 11, 12, 13, 14, 15, 16, 17, 18, 19, 20, 21, 22, 23, 24, 25, 26, 27, 28, 29, 30, 31
Valid weekdays: Monday, Tuesday, Wednesday, Thursday, Friday, Saturday, Sunday
When: 23:30:00
Current Time: 2011-01-01 23:00:00
Valid Interval: 23:00:00-13:00:00
Valid days of month: 1, 2, 3, 4, 5, 6, 7, 8, 9, 10, 11, 12, 13, 14, 15, 16, 17, 18, 19, 20, 21, 22, 23, 24, 25, 26, 27, 28, 29, 30, 31
Valid weekdays: Monday, Tuesday, Wednesday, Thursday, Friday, Saturday, Sunday
When: 23:30:00
Current Time: 2011-01-01 23:30:00
Valid Interval: 23:00:00-13:00:00
Valid days of month: 1, 2, 3, 4, 5, 6, 7, 8, 9, 10, 11, 12, 13, 14, 15, 16, 17, 18, 19, 20, 21, 22, 23, 24, 25, 26, 27, 28, 29, 30, 31
Valid weekdays: Monday, Tuesday, Wednesday, Thursday, Friday, Saturday, Sunday
When: 23:30:00
Current Time: 2011-01-01 23:45:00
Valid Interval: 23:00:00-13:00:00
Valid days of month: 1, 2, 3, 4, 5, 6, 7, 8, 9, 10, 11, 12, 13, 14, 15, 16, 17, 18, 19, 20, 21, 22, 23, 24, 25, 26, 27, 28, 29, 30, 31
Valid weekdays: Monday, Tuesday, Wednesday, Thursday, Friday, Saturday, Sunday
When: 23:30:00
Current Time: 2011-01-02 00:30:00
Valid Interval: 23:00:00-13:00:00
Valid days of month: 1, 2, 3, 4, 5, 6, 7, 8, 9, 10, 11, 12, 13, 14, 15, 16, 17, 18, 19, 20, 21, 22, 23, 24, 25, 26, 27, 28, 29, 30, 31
Valid weekdays: Monday, Tuesday, Wednesday, Thursday, Friday, Saturday, Sunday
When: 23:30:00
Current Time: 2011-01-01 13:00:00
Valid Interval: 23:00:00-13:00:00
Valid days of month: 1, 2, 3, 4, 5, 6, 7, 8, 9, 10, 11, 12, 13, 14, 15, 16, 17, 18, 19, 20, 21, 22, 23, 24, 25, 26, 27, 28, 29, 30, 31
Valid weekdays: Monday, Tuesday, Wednesday, Thursday, Friday, Saturday, Sunday
When: 01:00:00
Current Time: 2011-01-01 16:00:00
Valid Interval: 23:00:00-13:00:00
Valid days of month: 1, 2, 3, 4, 5, 6, 7, 8, 9, 10, 11, 12, 13, 14, 15, 16, 17, 18, 19, 20, 21, 22, 23, 24, 25, 26, 27, 28, 29, 30, 31
Valid weekdays: Monday, Tuesday, Wednesday, Thursday, Friday, Saturday, Sunday
When: 01:00:00
Current Time: 2011-01-01 23:00:00
Valid Interval: 23:00:00-13:00:00
Valid days of month: 1, 2, 3, 4, 5, 6, 7, 8, 9, 10, 11, 12, 13, 14, 15, 16, 17, 18, 19, 20, 21, 22, 23, 24, 25, 26, 27, 28, 29, 30, 31
Valid weekdays: Monday, Tuesday, Wednesday, Thursday, Friday, Saturday, Sunday
When: 01:00:00
Current Time: 2011-01-01 23:30:00
Valid Interval: 23:00:00-13:00:00
Valid days of month: 1, 2, 3, 4, 5, 6, 7, 8, 9, 10, 11, 12, 13, 14, 15, 16, 17, 18, 19, 20, 21, 22, 23, 24, 25, 26, 27, 28, 29, 30, 31
Valid weekdays: Monday, Tuesday, Wednesday, Thursday, Friday, Saturday, Sunday
When: 01:00:00
Current Time: 2011-01-02 00:30:00
Valid Interval: 23:00:00-13:00:00
Valid days of month: 1, 2, 3, 4, 5, 6, 7, 8, 9, 10, 11, 12, 13, 14, 15, 16, 17, 18, 19, 20, 21, 22, 23, 24, 25, 26, 27, 28, 29, 30, 31
Valid weekdays: Monday, Tuesday, Wednesday, Thursday, Friday, Saturday, Sunday
When: 01:00:00
Current Time: 2011-01-02 02:00:00
Valid Interval: 23:00:00-13:00:00
Valid days of month: 1, 2, 3, 4, 5, 6, 7, 8, 9, 10, 11, 12, 13, 14, 15, 16, 17, 18, 19, 20, 21, 22, 23, 24, 25, 26, 27, 28, 29, 30, 31
Valid weekdays: Monday, Tuesday, Wednesday, Thursday, Friday, Saturday, Sunday
When: 01:00:00
Current Time: 2011-01-02 13:00:00
Valid Interval: 23:00:00-13:00:00
Valid days of month: 1, 2, 3, 4, 5, 6, 7, 8, 9, 10, 11, 12, 13, 14, 15, 16, 17, 18, 19, 20, 21, 22, 23, 24, 25, 26, 27, 28, 29, 30, 31
Valid weekdays: Monday, Tuesday, Wednesday, Thursday, Friday, Saturday, Sunday
When: 23:30:00
Current Time: 2011-01-01 23:30:05
Valid Interval: 23:00:00-13:00:00
Valid days of month: 1, 2, 3, 4, 5, 6, 7, 8, 9, 10, 11, 12, 13, 14, 15, 16, 17, 18, 19, 20, 21, 22, 23, 24, 25, 26, 27, 28, 29, 30, 31
Valid weekdays: Monday, Tuesday, Wednesday, Thursday, Friday, Saturday, Sunday
When: 23:30:00
Current Time: 2011-01-02 00:30:00
Valid Interval: 23:00:00-13:00:00
Valid days of month: 1, 2, 3, 4, 5, 6, 7, 8, 9, 10, 11, 12, 13, 14, 15, 16, 17, 18, 19, 20, 21, 22, 23, 24, 25, 26, 27, 28, 29, 30, 31
Valid weekdays: Monday, Tuesday, Wednesday, Thursday, Friday, Saturday, Sunday
When: 23:30:00
Current Time: 2011-01-02 13:00:00
Valid Interval: 23:00:00-13:00:00
Valid days of month: 1, 2, 3, 4, 5, 6, 7, 8, 9, 10, 11, 12, 13, 14, 15, 16, 17, 18, 19, 20, 21, 22, 23, 24, 25, 26, 27, 28, 29, 30, 31
Valid weekdays: Monday, Tuesday, Wednesday, Thursday, Friday, Saturday, Sunday
When: 01:00:00
Current Time: 2011-01-01 02:00:00
Valid Interval: 23:00:00-13:00:00
Valid days of month: 1, 2, 3, 4, 5, 6, 7, 8, 9, 10, 11, 12, 13, 14, 15, 16, 17, 18, 19, 20, 21, 22, 23, 24, 25, 26, 27, 28, 29, 30, 31
Valid weekdays: Monday, Tuesday, Wednesday, Thursday, Friday, Saturday, Sunday
When: 01:00:00
Current Time: 2011-01-02 02:00:00
Valid Interval: 13:00:00-16:00:00
Valid days of month: 1, 2, 3, 4, 5, 6, 7, 8, 9, 10, 11, 12, 13, 14, 15, 16, 17, 18, 19, 20, 21, 22, 23, 24, 25, 26, 27, 28, 29, 30, 31
Valid weekdays: Saturday, Sunday
When: 14:00:00
Current Time: 2007-01-01 12:00:00
Valid Interval: 13:00:00-16:00:00
Valid days of month: 1, 2, 3, 4, 5, 6, 7, 8, 9, 10, 11, 12, 13, 14, 15, 16, 17, 18, 19, 20, 21, 22, 23, 24, 25, 26, 27, 28, 29, 30, 31
Valid weekdays: Saturday, Sunday
When: 14:00:00
Current Time: 2007-01-02 13:30:00
Valid Interval: 13:00:00-16:00:00
Valid days of month: 1, 2, 3, 4, 5, 6, 7, 8, 9, 10, 11, 12, 13, 14, 15, 16, 17, 18, 19, 20, 21, 22, 23, 24, 25, 26, 27, 28, 29, 30, 31
Valid weekdays: Saturday, Sunday
When: 14:00:00
Current Time: 2007-01-06 13:30:00
Valid Interval: 13:00:00-16:00:00
Valid days of month: 1, 2, 3, 4, 5, 6, 7, 8, 9, 10, 11, 12, 13, 14, 15, 16, 17, 18, 19, 20, 21, 22, 23, 24, 25, 26, 27, 28, 29, 30, 31
Valid weekdays: Saturday, Sunday
When: 14:00:00
Current Time: 2007-01-06 14:30:00
Valid Interval: 13:00:00-16:00:00
Valid days of month: 1, 2, 3, 4, 5, 6, 7, 8, 9, 10, 11, 12, 13, 14, 15, 16, 17, 18, 19, 20, 21, 22, 23, 24, 25, 26, 27, 28, 29, 30, 31
Valid weekdays: Saturday, Sunday
When: 14:00:00
Current Time: 2007-01-06 16:30:00
Valid Interval: 13:00:00-16:00:00
Valid days of month: 1, 2, 3, 4, 5, 6, 7, 8, 9, 10, 11, 12, 13, 14, 15, 16, 17, 18, 19, 20, 21, 22, 23, 24, 25, 26, 27, 28, 29, 30, 31
Valid weekdays: Saturday, Sunday
When: 14:00:00
Current Time: 2007-01-07 16:00:00
Valid Interval: 23:00:00-02:00:00
Valid days of month: 1, 2, 3, 4, 5, 6, 7, 8, 9, 10, 11, 12, 13, 14, 15, 16, 17, 18, 19, 20, 21, 22, 23, 24, 25, 26, 27, 28, 29, 30, 31
Valid weekdays: Saturday, Sunday
When: 01:00:00
Current Time: 2007-01-01 12:00:00
Valid Interval: 23:00:00-02:00:00
Valid days of month: 1, 2, 3, 4, 5, 6, 7, 8, 9, 10, 11, 12, 13, 14, 15, 16, 17, 18, 19, 20, 21, 22, 23, 24, 25, 26, 27, 28, 29, 30, 31
Valid weekdays: Saturday, Sunday
When: 01:00:00
Current Time: 2007-01-02 01:00:00
Valid Interval: 23:00:00-02:00:00
Valid days of month: 1, 2, 3, 4, 5, 6, 7, 8, 9, 10, 11, 12, 13, 14, 15, 16, 17, 18, 19, 20, 21, 22, 23, 24, 25, 26, 27, 28, 29, 30, 31
Valid weekdays: Saturday, Sunday
When: 01:00:00
Current Time: 2007-01-06 00:30:00
Valid Interval: 23:00:00-02:00:00
Valid days of month: 1, 2, 3, 4, 5, 6, 7, 8, 9, 10, 11, 12, 13, 14, 15, 16, 17, 18, 19, 20, 21, 22, 23, 24, 25, 26, 27, 28, 29, 30, 31
Valid weekdays: Saturday, Sunday
When: 01:00:00
Current Time: 2007-01-06 01:30:00
Valid Interval: 23:00:00-02:00:00
Valid days of month: 1, 2, 3, 4, 5, 6, 7, 8, 9, 10, 11, 12, 13, 14, 15, 16, 17, 18, 19, 20, 21, 22, 23, 24, 25, 26, 27, 28, 29, 30, 31
Valid weekdays: Saturday, Sunday
When: 01:00:00
Current Time: 2007-01-06 02:30:00
Valid Interval: 23:00:00-02:00:00
Valid days of month: 1, 2, 3, 4, 5, 6, 7, 8, 9, 10, 11, 12, 13, 14, 15, 16, 17, 18, 19, 20, 21, 22, 23, 24, 25, 26, 27, 28, 29, 30, 31
Valid weekdays: Saturday, Sunday
When: 01:00:00
Current Time: 2007-01-07 02:00:00
Valid Interval: 23:00:00-02:00:00
Valid days of month: 1, 2, 3, 4, 5, 6, 7, 8, 9, 10, 11, 12, 13, 14, 15, 16, 17, 18, 19, 20, 21, 22, 23, 24, 25, 26, 27, 28, 29, 30, 31
Valid weekdays: Saturday, Sunday
When: 23:30:00
Current Time: 2007-01-01 12:00:00
Valid Interval: 23:00:00-02:00:00
Valid days of month: 1, 2, 3, 4, 5, 6, 7, 8, 9, 10, 11, 12, 13, 14, 15, 16, 17, 18, 19, 20, 21, 22, 23, 24, 25, 26, 27, 28, 29, 30, 31
Valid weekdays: Saturday, Sunday
When: 23:30:00
Current Time: 2007-01-05 23:30:00
Valid Interval: 23:00:00-02:00:00
Valid days of month: 1, 2, 3, 4, 5, 6, 7, 8, 9, 10, 11, 12, 13, 14, 15, 16, 17, 18, 19, 20, 21, 22, 23, 24, 25, 26, 27, 28, 29, 30, 31
Valid weekdays: Saturday, Sunday
When: 23:30:00
Current Time: 2007-01-06 23:00:00
Valid Interval: 23:00:00-02:00:00
Valid days of month: 1, 2, 3, 4, 5, 6, 7, 8, 9, 10, 11, 12, 13, 14, 15, 16, 17, 18, 19, 20, 21, 22, 23, 24, 25, 26, 27, 28, 29, 30, 31
Valid weekdays: Saturday, Sunday
When: 23:30:00
Current Time: 2007-01-06 02:00:00
Valid Interval: 23:00:00-02:00:00
Valid days of month: 1, 2, 3, 4, 5, 6, 7, 8, 9, 10, 11, 12, 13, 14, 15, 16, 17, 18, 19, 20, 21, 22, 23, 24, 25, 26, 27, 28, 29, 30, 31
Valid weekdays: Saturday, Sunday
When: 23:30:00
Current Time: 2007-01-07 23:40:00
Valid Interval: 23:00:00-02:00:00
Valid days of month: 1, 2, 3, 4, 5, 6, 7, 8, 9, 10, 11, 12, 13, 14, 15, 16, 17, 18, 19, 20, 21, 22, 23, 24, 25, 26, 27, 28, 29, 30, 31
Valid weekdays: Saturday, Sunday
When: 23:30:00
Current Time: 2007-01-07 01:00:00
Valid Interval: 13:00:00-16:00:00
Valid days of month: 1, 2, 3, 4, 5, 6, 7, 8, 9, 10, 11, 12, 13, 14, 15, 16, 17, 18, 19, 20, 21, 22, 23, 24, 25, 26, 27, 28, 29, 30, 31
Valid weekdays: Saturday, Sunday
When: 14:00:00
Current Time: 2007-01-01 12:00:00
Valid Interval: 13:00:00-16:00:00
Valid days of month: 1, 2, 3, 4, 5, 6, 7, 8, 9, 10, 11, 12, 13, 14, 15, 16, 17, 18, 19, 20, 21, 22, 23, 24, 25, 26, 27, 28, 29, 30, 31
Valid weekdays: Saturday, Sunday
When: 14:00:00
Current Time: 2007-01-02 13:30:00
Valid Interval: 13:00:00-16:00:00
Valid days of month: 1, 2, 3, 4, 5, 6, 7, 8, 9, 10, 11, 12, 13, 14, 15, 16, 17, 18, 19, 20, 21, 22, 23, 24, 25, 26, 27, 28, 29, 30, 31
Valid weekdays: Saturday, Sunday
When: 14:00:00
Current Time: 2007-01-06 13:30:00
Valid Interval: 13:00:00-16:00:00
Valid days of month: 1, 2, 3, 4, 5, 6, 7, 8, 9, 10, 11, 12, 13, 14, 15, 16, 17, 18, 19, 20, 21, 22, 23, 24, 25, 26, 27, 28, 29, 30, 31
Valid weekdays: Saturday, Sunday
When: 14:00:00
Current Time: 2007-01-06 14:30:00
Valid Interval: 13:00:00-16:00:00
Valid days of month: 1, 2, 3, 4, 5, 6, 7, 8, 9, 10, 11, 12, 13, 14, 15, 16, 17, 18, 19, 20, 21, 22, 23, 24, 25, 26, 27, 28, 29, 30, 31
Valid weekdays: Saturday, Sunday
When: 14:00:00
Current Time: 2007-01-06 16:30:00
Valid Interval: 13:00:00-16:00:00
Valid days of month: 1, 2, 3, 4, 5, 6, 7, 8, 9, 10, 11, 12, 13, 14, 15, 16, 17, 18, 19, 20, 21, 22, 23, 24, 25, 26, 27, 28, 29, 30, 31
Valid weekdays: Saturday, Sunday
When: 14:00:00
Current Time: 2007-01-07 16:00:00
Valid Interval: 23:00:00-02:00:00
Valid days of month: 1, 2, 3, 4, 5, 6, 7, 8, 9, 10, 11, 12, 13, 14, 15, 16, 17, 18, 19, 20, 21, 22, 23, 24, 25, 26, 27, 28, 29, 30, 31
Valid weekdays: Saturday, Sunday
When: 01:00:00
Current Time: 2007-01-01 12:00:00
Valid Interval: 23:00:00-02:00:00
Valid days of month: 1, 2, 3, 4, 5, 6, 7, 8, 9, 10, 11, 12, 13, 14, 15, 16, 17, 18, 19, 20, 21, 22, 23, 24, 25, 26, 27, 28, 29, 30, 31
Valid weekdays: Saturday, Sunday
When: 01:00:00
Current Time: 2007-01-02 01:00:00
Valid Interval: 23:00:00-02:00:00
Valid days of month: 1, 2, 3, 4, 5, 6, 7, 8, 9, 10, 11, 12, 13, 14, 15, 16, 17, 18, 19, 20, 21, 22, 23, 24, 25, 26, 27, 28, 29, 30, 31
Valid weekdays: Saturday, Sunday
When: 01:00:00
Current Time: 2007-01-06 00:30:00
Valid Interval: 23:00:00-02:00:00
Valid days of month: 1, 2, 3, 4, 5, 6, 7, 8, 9, 10, 11, 12, 13, 14, 15, 16, 17, 18, 19, 20, 21, 22, 23, 24, 25, 26, 27, 28, 29, 30, 31
Valid weekdays: Saturday, Sunday
When: 01:00:00
Current Time: 2007-01-06 02:30:00
Valid Interval: 23:00:00-02:00:00
Valid days of month: 1, 2, 3, 4, 5, 6, 7, 8, 9, 10, 11, 12, 13, 14, 15, 16, 17, 18, 19, 20, 21, 22, 23, 24, 25, 26, 27, 28, 29, 30, 31
Valid weekdays: Saturday, Sunday
When: 23:30:00
Current Time: 2007-01-01 12:00:00
Valid Interval: 23:00:00-02:00:00
Valid days of month: 1, 2, 3, 4, 5, 6, 7, 8, 9, 10, 11, 12, 13, 14, 15, 16, 17, 18, 19, 20, 21, 22, 23, 24, 25, 26, 27, 28, 29, 30, 31
Valid weekdays: Saturday, Sunday
When: 23:30:00
Current Time: 2007-01-05 23:30:00
Valid Interval: 23:00:00-02:00:00
Valid days of month: 1, 2, 3, 4, 5, 6, 7, 8, 9, 10, 11, 12, 13, 14, 15, 16, 17, 18, 19, 20, 21, 22, 23, 24, 25, 26, 27, 28, 29, 30, 31
Valid weekdays: Saturday, Sunday
When: 23:30:00
Current Time: 2007-01-06 23:00:00
Valid Interval: 23:00:00-02:00:00
Valid days of month: 1, 2, 3, 4, 5, 6, 7, 8, 9, 10, 11, 12, 13, 14, 15, 16, 17, 18, 19, 20, 21, 22, 23, 24, 25, 26, 27, 28, 29, 30, 31
Valid weekdays: Saturday, Sunday
When: 23:30:00
Current Time: 2007-01-06 02:00:00
Valid Interval: 23:00:00-02:00:00
Valid days of month: 1, 2, 3, 4, 5, 6, 7, 8, 9, 10, 11, 12, 13, 14, 15, 16, 17, 18, 19, 20, 21, 22, 23, 24, 25, 26, 27, 28, 29, 30, 31
Valid weekdays: Saturday, Sunday
When: 23:30:00
Current Time: 2007-01-07 23:40:00
Valid Interval: 23:00:00-02:00:00
Valid days of month: 1, 2, 3, 4, 5, 6, 7, 8, 9, 10, 11, 12, 13, 14, 15, 16, 17, 18, 19, 20, 21, 22, 23, 24, 25, 26, 27, 28, 29, 30, 31
Valid weekdays: Saturday, Sunday
When: 23:30:00
Current Time: 2007-01-07 01:00:00
Valid Interval: 13:00:00-16:00:00
Valid days of month: 1, 2, 3, 4, 5, 6, 7, 8, 9, 10, 11, 12, 13, 14, 15, 16, 17, 18, 19, 20, 21, 22, 23, 24, 25, 26, 27, 28, 29, 30, 31
Valid weekdays: Saturday, Sunday
When: 14:00:00
Current Time: 2007-01-06 14:30:00
Valid Interval: 13:00:00-16:00:00
Valid days of month: 1, 2, 3, 4, 5, 6, 7, 8, 9, 10, 11, 12, 13, 14, 15, 16, 17, 18, 19, 20, 21, 22, 23, 24, 25, 26, 27, 28, 29, 30, 31
Valid weekdays: Saturday, Sunday
When: 14:00:00
Current Time: 2007-01-07 15:00:00
Valid Interval: 23:00:00-02:00:00
Valid days of month: 1, 2, 3, 4, 5, 6, 7, 8, 9, 10, 11, 12, 13, 14, 15, 16, 17, 18, 19, 20, 21, 22, 23, 24, 25, 26, 27, 28, 29, 30, 31
Valid weekdays: Saturday, Sunday
When: 01:00:00
Current Time: 2007-01-06 01:30:00
Valid Interval: 23:00:00-02:00:00
Valid days of month: 1, 2, 3, 4, 5, 6, 7, 8, 9, 10, 11, 12, 13, 14, 15, 16, 17, 18, 19, 20, 21, 22, 23, 24, 25, 26, 27, 28, 29, 30, 31
Valid weekdays: Saturday, Sunday
When: 01:00:00
Current Time: 2007-01-07 01:30:00
Valid Interval: 23:00:00-02:00:00
Valid days of month: 1, 2, 3, 4, 5, 6, 7, 8, 9, 10, 11, 12, 13, 14, 15, 16, 17, 18, 19, 20, 21, 22, 23, 24, 25, 26, 27, 28, 29, 30, 31
Valid weekdays: Saturday, Sunday
When: 23:30:00
Current Time: 2007-01-06 23:02:00
Valid Interval: 23:00:00-02:00:00
Valid days of month: 1, 2, 3, 4, 5, 6, 7, 8, 9, 10, 11, 12, 13, 14, 15, 16, 17, 18, 19, 20, 21, 22, 23, 24, 25, 26, 27, 28, 29, 30, 31
Valid weekdays: Saturday, Sunday
When: 23:30:00
Current Time: 2007-01-06 01:10:00
Valid Interval: 23:00:00-02:00:00
Valid days of month: 1, 2, 3, 4, 5, 6, 7, 8, 9, 10, 11, 12, 13, 14, 15, 16, 17, 18, 19, 20, 21, 22, 23, 24, 25, 26, 27, 28, 29, 30, 31
Valid weekdays: Saturday, Sunday
When: 23:30:00
Current Time: 2007-01-07 01:00:40
Valid Interval: 23:00:00-02:00:00
Valid days of month: 2
Valid weekdays: Saturday, Sunday
When: 23:30:00
Current Time: 2007-01-01 12:00:00
Valid Interval: 23:00:00-02:00:00
Valid days of month: 1, 2
Valid weekdays: Saturday, Sunday
When: 23:30:00
Current Time: 2007-01-05 23:30:00
Valid Interval: 23:00:00-02:00:00
Valid days of month: 1, 2
Valid weekdays: Saturday, Sunday
When: 23:30:00
Current Time: 2007-01-06 23:00:00</StdOut>
      </Output>
    </UnitTestResult>
    <UnitTestResult executionId="24a40073-e049-40be-892b-0079f05ed5b8" testId="f77fb8c5-57d7-4e5e-bbbf-3170988e395f" testName="GetNextTimeToTrigger_AbsoluteTimer_ReturnsCorrectTime (Data Row 18)" computerName="ICSWS068" duration="00:00:00.0035840" startTime="2016-08-04T07:57:22.6959071+02:00" endTime="2016-08-04T07:57:22.6994094+02:00" testType="13cdc9d9-ddb5-4fa4-a97d-d965ccfc6d4b" outcome="Passed" testListId="8c84fa94-04c1-424b-9868-57a2d4851a1d" relativeResultsDirectory="24a40073-e049-40be-892b-0079f05ed5b8">
      <Output>
        <StdOut>TestContext Messages:
Valid Interval: 11:00:00-13:00:00
Valid days of month: 1, 2, 3, 4, 5, 6, 7, 8, 9, 10, 11, 12, 13, 14, 15, 16, 17, 18, 19, 20, 21, 22, 23, 24, 25, 26, 27, 28, 29, 30, 31
Valid weekdays: Monday, Tuesday, Wednesday, Thursday, Friday, Saturday, Sunday
When: 12:00:00
Current Time: 2011-01-01 00:00:00
Valid Interval: 11:00:00-13:00:00
Valid days of month: 1, 2, 3, 4, 5, 6, 7, 8, 9, 10, 11, 12, 13, 14, 15, 16, 17, 18, 19, 20, 21, 22, 23, 24, 25, 26, 27, 28, 29, 30, 31
Valid weekdays: Monday, Tuesday, Wednesday, Thursday, Friday, Saturday, Sunday
When: 12:00:00
Current Time: 2011-01-01 09:00:00
Valid Interval: 11:00:00-13:00:00
Valid days of month: 1, 2, 3, 4, 5, 6, 7, 8, 9, 10, 11, 12, 13, 14, 15, 16, 17, 18, 19, 20, 21, 22, 23, 24, 25, 26, 27, 28, 29, 30, 31
Valid weekdays: Monday, Tuesday, Wednesday, Thursday, Friday, Saturday, Sunday
When: 12:00:00
Current Time: 2011-01-01 11:00:00
Valid Interval: 11:00:00-13:00:00
Valid days of month: 1, 2, 3, 4, 5, 6, 7, 8, 9, 10, 11, 12, 13, 14, 15, 16, 17, 18, 19, 20, 21, 22, 23, 24, 25, 26, 27, 28, 29, 30, 31
Valid weekdays: Monday, Tuesday, Wednesday, Thursday, Friday, Saturday, Sunday
When: 12:00:00
Current Time: 2011-01-01 12:00:00
Valid Interval: 11:00:00-13:00:00
Valid days of month: 1, 2, 3, 4, 5, 6, 7, 8, 9, 10, 11, 12, 13, 14, 15, 16, 17, 18, 19, 20, 21, 22, 23, 24, 25, 26, 27, 28, 29, 30, 31
Valid weekdays: Monday, Tuesday, Wednesday, Thursday, Friday, Saturday, Sunday
When: 12:00:00
Current Time: 2011-01-01 12:30:00
Valid Interval: 11:00:00-13:00:00
Valid days of month: 1, 2, 3, 4, 5, 6, 7, 8, 9, 10, 11, 12, 13, 14, 15, 16, 17, 18, 19, 20, 21, 22, 23, 24, 25, 26, 27, 28, 29, 30, 31
Valid weekdays: Monday, Tuesday, Wednesday, Thursday, Friday, Saturday, Sunday
When: 12:00:00
Current Time: 2011-01-01 13:00:00
Valid Interval: 11:00:00-13:00:00
Valid days of month: 1, 2, 3, 4, 5, 6, 7, 8, 9, 10, 11, 12, 13, 14, 15, 16, 17, 18, 19, 20, 21, 22, 23, 24, 25, 26, 27, 28, 29, 30, 31
Valid weekdays: Monday, Tuesday, Wednesday, Thursday, Friday, Saturday, Sunday
When: 12:00:00
Current Time: 2011-01-02 00:00:00
Valid Interval: 11:00:00-13:00:00
Valid days of month: 1, 2, 3, 4, 5, 6, 7, 8, 9, 10, 11, 12, 13, 14, 15, 16, 17, 18, 19, 20, 21, 22, 23, 24, 25, 26, 27, 28, 29, 30, 31
Valid weekdays: Monday, Tuesday, Wednesday, Thursday, Friday, Saturday, Sunday
When: 12:00:00
Current Time: 2011-01-02 09:00:00
Valid Interval: 11:00:00-13:00:00
Valid days of month: 1, 2, 3, 4, 5, 6, 7, 8, 9, 10, 11, 12, 13, 14, 15, 16, 17, 18, 19, 20, 21, 22, 23, 24, 25, 26, 27, 28, 29, 30, 31
Valid weekdays: Monday, Tuesday, Wednesday, Thursday, Friday, Saturday, Sunday
When: 12:00:00
Current Time: 2011-01-02 12:00:00
Valid Interval: 11:00:00-13:00:00
Valid days of month: 1, 2, 3, 4, 5, 6, 7, 8, 9, 10, 11, 12, 13, 14, 15, 16, 17, 18, 19, 20, 21, 22, 23, 24, 25, 26, 27, 28, 29, 30, 31
Valid weekdays: Monday, Tuesday, Wednesday, Thursday, Friday, Saturday, Sunday
When: 12:00:00
Current Time: 2011-01-02 12:45:30
Valid Interval: 11:00:00-13:00:00
Valid days of month: 1, 2, 3, 4, 5, 6, 7, 8, 9, 10, 11, 12, 13, 14, 15, 16, 17, 18, 19, 20, 21, 22, 23, 24, 25, 26, 27, 28, 29, 30, 31
Valid weekdays: Monday, Tuesday, Wednesday, Thursday, Friday, Saturday, Sunday
When: 12:00:00
Current Time: 2011-01-02 13:00:00
Valid Interval: 11:00:00-13:00:00
Valid days of month: 1, 2, 3, 4, 5, 6, 7, 8, 9, 10, 11, 12, 13, 14, 15, 16, 17, 18, 19, 20, 21, 22, 23, 24, 25, 26, 27, 28, 29, 30, 31
Valid weekdays: Monday, Tuesday, Wednesday, Thursday, Friday, Saturday, Sunday
When: 12:00:00
Current Time: 2011-01-01 12:00:00
Valid Interval: 11:00:00-13:00:00
Valid days of month: 1, 2, 3, 4, 5, 6, 7, 8, 9, 10, 11, 12, 13, 14, 15, 16, 17, 18, 19, 20, 21, 22, 23, 24, 25, 26, 27, 28, 29, 30, 31
Valid weekdays: Monday, Tuesday, Wednesday, Thursday, Friday, Saturday, Sunday
When: 12:00:00
Current Time: 2011-01-01 12:30:00
Valid Interval: 11:00:00-13:00:00
Valid days of month: 1, 2, 3, 4, 5, 6, 7, 8, 9, 10, 11, 12, 13, 14, 15, 16, 17, 18, 19, 20, 21, 22, 23, 24, 25, 26, 27, 28, 29, 30, 31
Valid weekdays: Monday, Tuesday, Wednesday, Thursday, Friday, Saturday, Sunday
When: 12:00:00
Current Time: 2011-01-01 12:30:00
Valid Interval: 11:00:00-13:00:00
Valid days of month: 1, 2, 3, 4, 5, 6, 7, 8, 9, 10, 11, 12, 13, 14, 15, 16, 17, 18, 19, 20, 21, 22, 23, 24, 25, 26, 27, 28, 29, 30, 31
Valid weekdays: Monday, Tuesday, Wednesday, Thursday, Friday, Saturday, Sunday
When: 12:00:00
Current Time: 2011-01-01 13:00:00
Valid Interval: 11:00:00-13:00:00
Valid days of month: 1, 2, 3, 4, 5, 6, 7, 8, 9, 10, 11, 12, 13, 14, 15, 16, 17, 18, 19, 20, 21, 22, 23, 24, 25, 26, 27, 28, 29, 30, 31
Valid weekdays: Monday, Tuesday, Wednesday, Thursday, Friday, Saturday, Sunday
When: 12:00:00
Current Time: 2011-01-01 14:30:00
Valid Interval: 23:00:00-13:00:00
Valid days of month: 1, 2, 3, 4, 5, 6, 7, 8, 9, 10, 11, 12, 13, 14, 15, 16, 17, 18, 19, 20, 21, 22, 23, 24, 25, 26, 27, 28, 29, 30, 31
Valid weekdays: Monday, Tuesday, Wednesday, Thursday, Friday, Saturday, Sunday
When: 23:30:00
Current Time: 2011-01-01 16:00:00
Valid Interval: 23:00:00-13:00:00
Valid days of month: 1, 2, 3, 4, 5, 6, 7, 8, 9, 10, 11, 12, 13, 14, 15, 16, 17, 18, 19, 20, 21, 22, 23, 24, 25, 26, 27, 28, 29, 30, 31
Valid weekdays: Monday, Tuesday, Wednesday, Thursday, Friday, Saturday, Sunday
When: 23:30:00
Current Time: 2011-01-01 23:00:00
Valid Interval: 23:00:00-13:00:00
Valid days of month: 1, 2, 3, 4, 5, 6, 7, 8, 9, 10, 11, 12, 13, 14, 15, 16, 17, 18, 19, 20, 21, 22, 23, 24, 25, 26, 27, 28, 29, 30, 31
Valid weekdays: Monday, Tuesday, Wednesday, Thursday, Friday, Saturday, Sunday
When: 23:30:00
Current Time: 2011-01-01 23:30:00
Valid Interval: 23:00:00-13:00:00
Valid days of month: 1, 2, 3, 4, 5, 6, 7, 8, 9, 10, 11, 12, 13, 14, 15, 16, 17, 18, 19, 20, 21, 22, 23, 24, 25, 26, 27, 28, 29, 30, 31
Valid weekdays: Monday, Tuesday, Wednesday, Thursday, Friday, Saturday, Sunday
When: 23:30:00
Current Time: 2011-01-01 23:45:00
Valid Interval: 23:00:00-13:00:00
Valid days of month: 1, 2, 3, 4, 5, 6, 7, 8, 9, 10, 11, 12, 13, 14, 15, 16, 17, 18, 19, 20, 21, 22, 23, 24, 25, 26, 27, 28, 29, 30, 31
Valid weekdays: Monday, Tuesday, Wednesday, Thursday, Friday, Saturday, Sunday
When: 23:30:00
Current Time: 2011-01-02 00:30:00
Valid Interval: 23:00:00-13:00:00
Valid days of month: 1, 2, 3, 4, 5, 6, 7, 8, 9, 10, 11, 12, 13, 14, 15, 16, 17, 18, 19, 20, 21, 22, 23, 24, 25, 26, 27, 28, 29, 30, 31
Valid weekdays: Monday, Tuesday, Wednesday, Thursday, Friday, Saturday, Sunday
When: 23:30:00
Current Time: 2011-01-01 13:00:00
Valid Interval: 23:00:00-13:00:00
Valid days of month: 1, 2, 3, 4, 5, 6, 7, 8, 9, 10, 11, 12, 13, 14, 15, 16, 17, 18, 19, 20, 21, 22, 23, 24, 25, 26, 27, 28, 29, 30, 31
Valid weekdays: Monday, Tuesday, Wednesday, Thursday, Friday, Saturday, Sunday
When: 01:00:00
Current Time: 2011-01-01 16:00:00
Valid Interval: 23:00:00-13:00:00
Valid days of month: 1, 2, 3, 4, 5, 6, 7, 8, 9, 10, 11, 12, 13, 14, 15, 16, 17, 18, 19, 20, 21, 22, 23, 24, 25, 26, 27, 28, 29, 30, 31
Valid weekdays: Monday, Tuesday, Wednesday, Thursday, Friday, Saturday, Sunday
When: 01:00:00
Current Time: 2011-01-01 23:00:00
Valid Interval: 23:00:00-13:00:00
Valid days of month: 1, 2, 3, 4, 5, 6, 7, 8, 9, 10, 11, 12, 13, 14, 15, 16, 17, 18, 19, 20, 21, 22, 23, 24, 25, 26, 27, 28, 29, 30, 31
Valid weekdays: Monday, Tuesday, Wednesday, Thursday, Friday, Saturday, Sunday
When: 01:00:00
Current Time: 2011-01-01 23:30:00
Valid Interval: 23:00:00-13:00:00
Valid days of month: 1, 2, 3, 4, 5, 6, 7, 8, 9, 10, 11, 12, 13, 14, 15, 16, 17, 18, 19, 20, 21, 22, 23, 24, 25, 26, 27, 28, 29, 30, 31
Valid weekdays: Monday, Tuesday, Wednesday, Thursday, Friday, Saturday, Sunday
When: 01:00:00
Current Time: 2011-01-02 00:30:00
Valid Interval: 23:00:00-13:00:00
Valid days of month: 1, 2, 3, 4, 5, 6, 7, 8, 9, 10, 11, 12, 13, 14, 15, 16, 17, 18, 19, 20, 21, 22, 23, 24, 25, 26, 27, 28, 29, 30, 31
Valid weekdays: Monday, Tuesday, Wednesday, Thursday, Friday, Saturday, Sunday
When: 01:00:00
Current Time: 2011-01-01 02:00:00
Valid Interval: 23:00:00-13:00:00
Valid days of month: 1, 2, 3, 4, 5, 6, 7, 8, 9, 10, 11, 12, 13, 14, 15, 16, 17, 18, 19, 20, 21, 22, 23, 24, 25, 26, 27, 28, 29, 30, 31
Valid weekdays: Monday, Tuesday, Wednesday, Thursday, Friday, Saturday, Sunday
When: 01:00:00
Current Time: 2011-01-01 13:00:00
Valid Interval: 23:00:00-13:00:00
Valid days of month: 1, 2, 3, 4, 5, 6, 7, 8, 9, 10, 11, 12, 13, 14, 15, 16, 17, 18, 19, 20, 21, 22, 23, 24, 25, 26, 27, 28, 29, 30, 31
Valid weekdays: Monday, Tuesday, Wednesday, Thursday, Friday, Saturday, Sunday
When: 23:30:00
Current Time: 2011-01-01 16:00:00
Valid Interval: 23:00:00-13:00:00
Valid days of month: 1, 2, 3, 4, 5, 6, 7, 8, 9, 10, 11, 12, 13, 14, 15, 16, 17, 18, 19, 20, 21, 22, 23, 24, 25, 26, 27, 28, 29, 30, 31
Valid weekdays: Monday, Tuesday, Wednesday, Thursday, Friday, Saturday, Sunday
When: 23:30:00
Current Time: 2011-01-01 23:00:00
Valid Interval: 23:00:00-13:00:00
Valid days of month: 1, 2, 3, 4, 5, 6, 7, 8, 9, 10, 11, 12, 13, 14, 15, 16, 17, 18, 19, 20, 21, 22, 23, 24, 25, 26, 27, 28, 29, 30, 31
Valid weekdays: Monday, Tuesday, Wednesday, Thursday, Friday, Saturday, Sunday
When: 23:30:00
Current Time: 2011-01-01 23:30:00
Valid Interval: 23:00:00-13:00:00
Valid days of month: 1, 2, 3, 4, 5, 6, 7, 8, 9, 10, 11, 12, 13, 14, 15, 16, 17, 18, 19, 20, 21, 22, 23, 24, 25, 26, 27, 28, 29, 30, 31
Valid weekdays: Monday, Tuesday, Wednesday, Thursday, Friday, Saturday, Sunday
When: 23:30:00
Current Time: 2011-01-01 23:45:00
Valid Interval: 23:00:00-13:00:00
Valid days of month: 1, 2, 3, 4, 5, 6, 7, 8, 9, 10, 11, 12, 13, 14, 15, 16, 17, 18, 19, 20, 21, 22, 23, 24, 25, 26, 27, 28, 29, 30, 31
Valid weekdays: Monday, Tuesday, Wednesday, Thursday, Friday, Saturday, Sunday
When: 23:30:00
Current Time: 2011-01-02 00:30:00
Valid Interval: 23:00:00-13:00:00
Valid days of month: 1, 2, 3, 4, 5, 6, 7, 8, 9, 10, 11, 12, 13, 14, 15, 16, 17, 18, 19, 20, 21, 22, 23, 24, 25, 26, 27, 28, 29, 30, 31
Valid weekdays: Monday, Tuesday, Wednesday, Thursday, Friday, Saturday, Sunday
When: 23:30:00
Current Time: 2011-01-01 13:00:00
Valid Interval: 23:00:00-13:00:00
Valid days of month: 1, 2, 3, 4, 5, 6, 7, 8, 9, 10, 11, 12, 13, 14, 15, 16, 17, 18, 19, 20, 21, 22, 23, 24, 25, 26, 27, 28, 29, 30, 31
Valid weekdays: Monday, Tuesday, Wednesday, Thursday, Friday, Saturday, Sunday
When: 01:00:00
Current Time: 2011-01-01 16:00:00
Valid Interval: 23:00:00-13:00:00
Valid days of month: 1, 2, 3, 4, 5, 6, 7, 8, 9, 10, 11, 12, 13, 14, 15, 16, 17, 18, 19, 20, 21, 22, 23, 24, 25, 26, 27, 28, 29, 30, 31
Valid weekdays: Monday, Tuesday, Wednesday, Thursday, Friday, Saturday, Sunday
When: 01:00:00
Current Time: 2011-01-01 23:00:00
Valid Interval: 23:00:00-13:00:00
Valid days of month: 1, 2, 3, 4, 5, 6, 7, 8, 9, 10, 11, 12, 13, 14, 15, 16, 17, 18, 19, 20, 21, 22, 23, 24, 25, 26, 27, 28, 29, 30, 31
Valid weekdays: Monday, Tuesday, Wednesday, Thursday, Friday, Saturday, Sunday
When: 01:00:00
Current Time: 2011-01-01 23:30:00
Valid Interval: 23:00:00-13:00:00
Valid days of month: 1, 2, 3, 4, 5, 6, 7, 8, 9, 10, 11, 12, 13, 14, 15, 16, 17, 18, 19, 20, 21, 22, 23, 24, 25, 26, 27, 28, 29, 30, 31
Valid weekdays: Monday, Tuesday, Wednesday, Thursday, Friday, Saturday, Sunday
When: 01:00:00
Current Time: 2011-01-02 00:30:00
Valid Interval: 23:00:00-13:00:00
Valid days of month: 1, 2, 3, 4, 5, 6, 7, 8, 9, 10, 11, 12, 13, 14, 15, 16, 17, 18, 19, 20, 21, 22, 23, 24, 25, 26, 27, 28, 29, 30, 31
Valid weekdays: Monday, Tuesday, Wednesday, Thursday, Friday, Saturday, Sunday
When: 01:00:00
Current Time: 2011-01-02 02:00:00
Valid Interval: 23:00:00-13:00:00
Valid days of month: 1, 2, 3, 4, 5, 6, 7, 8, 9, 10, 11, 12, 13, 14, 15, 16, 17, 18, 19, 20, 21, 22, 23, 24, 25, 26, 27, 28, 29, 30, 31
Valid weekdays: Monday, Tuesday, Wednesday, Thursday, Friday, Saturday, Sunday
When: 01:00:00
Current Time: 2011-01-02 13:00:00
Valid Interval: 23:00:00-13:00:00
Valid days of month: 1, 2, 3, 4, 5, 6, 7, 8, 9, 10, 11, 12, 13, 14, 15, 16, 17, 18, 19, 20, 21, 22, 23, 24, 25, 26, 27, 28, 29, 30, 31
Valid weekdays: Monday, Tuesday, Wednesday, Thursday, Friday, Saturday, Sunday
When: 23:30:00
Current Time: 2011-01-01 23:30:05
Valid Interval: 23:00:00-13:00:00
Valid days of month: 1, 2, 3, 4, 5, 6, 7, 8, 9, 10, 11, 12, 13, 14, 15, 16, 17, 18, 19, 20, 21, 22, 23, 24, 25, 26, 27, 28, 29, 30, 31
Valid weekdays: Monday, Tuesday, Wednesday, Thursday, Friday, Saturday, Sunday
When: 23:30:00
Current Time: 2011-01-02 00:30:00
Valid Interval: 23:00:00-13:00:00
Valid days of month: 1, 2, 3, 4, 5, 6, 7, 8, 9, 10, 11, 12, 13, 14, 15, 16, 17, 18, 19, 20, 21, 22, 23, 24, 25, 26, 27, 28, 29, 30, 31
Valid weekdays: Monday, Tuesday, Wednesday, Thursday, Friday, Saturday, Sunday
When: 23:30:00
Current Time: 2011-01-02 13:00:00
Valid Interval: 23:00:00-13:00:00
Valid days of month: 1, 2, 3, 4, 5, 6, 7, 8, 9, 10, 11, 12, 13, 14, 15, 16, 17, 18, 19, 20, 21, 22, 23, 24, 25, 26, 27, 28, 29, 30, 31
Valid weekdays: Monday, Tuesday, Wednesday, Thursday, Friday, Saturday, Sunday
When: 01:00:00
Current Time: 2011-01-01 02:00:00
Valid Interval: 23:00:00-13:00:00
Valid days of month: 1, 2, 3, 4, 5, 6, 7, 8, 9, 10, 11, 12, 13, 14, 15, 16, 17, 18, 19, 20, 21, 22, 23, 24, 25, 26, 27, 28, 29, 30, 31
Valid weekdays: Monday, Tuesday, Wednesday, Thursday, Friday, Saturday, Sunday
When: 01:00:00
Current Time: 2011-01-02 02:00:00
Valid Interval: 13:00:00-16:00:00
Valid days of month: 1, 2, 3, 4, 5, 6, 7, 8, 9, 10, 11, 12, 13, 14, 15, 16, 17, 18, 19, 20, 21, 22, 23, 24, 25, 26, 27, 28, 29, 30, 31
Valid weekdays: Saturday, Sunday
When: 14:00:00
Current Time: 2007-01-01 12:00:00
Valid Interval: 13:00:00-16:00:00
Valid days of month: 1, 2, 3, 4, 5, 6, 7, 8, 9, 10, 11, 12, 13, 14, 15, 16, 17, 18, 19, 20, 21, 22, 23, 24, 25, 26, 27, 28, 29, 30, 31
Valid weekdays: Saturday, Sunday
When: 14:00:00
Current Time: 2007-01-02 13:30:00
Valid Interval: 13:00:00-16:00:00
Valid days of month: 1, 2, 3, 4, 5, 6, 7, 8, 9, 10, 11, 12, 13, 14, 15, 16, 17, 18, 19, 20, 21, 22, 23, 24, 25, 26, 27, 28, 29, 30, 31
Valid weekdays: Saturday, Sunday
When: 14:00:00
Current Time: 2007-01-06 13:30:00
Valid Interval: 13:00:00-16:00:00
Valid days of month: 1, 2, 3, 4, 5, 6, 7, 8, 9, 10, 11, 12, 13, 14, 15, 16, 17, 18, 19, 20, 21, 22, 23, 24, 25, 26, 27, 28, 29, 30, 31
Valid weekdays: Saturday, Sunday
When: 14:00:00
Current Time: 2007-01-06 14:30:00
Valid Interval: 13:00:00-16:00:00
Valid days of month: 1, 2, 3, 4, 5, 6, 7, 8, 9, 10, 11, 12, 13, 14, 15, 16, 17, 18, 19, 20, 21, 22, 23, 24, 25, 26, 27, 28, 29, 30, 31
Valid weekdays: Saturday, Sunday
When: 14:00:00
Current Time: 2007-01-06 16:30:00
Valid Interval: 13:00:00-16:00:00
Valid days of month: 1, 2, 3, 4, 5, 6, 7, 8, 9, 10, 11, 12, 13, 14, 15, 16, 17, 18, 19, 20, 21, 22, 23, 24, 25, 26, 27, 28, 29, 30, 31
Valid weekdays: Saturday, Sunday
When: 14:00:00
Current Time: 2007-01-07 16:00:00
Valid Interval: 23:00:00-02:00:00
Valid days of month: 1, 2, 3, 4, 5, 6, 7, 8, 9, 10, 11, 12, 13, 14, 15, 16, 17, 18, 19, 20, 21, 22, 23, 24, 25, 26, 27, 28, 29, 30, 31
Valid weekdays: Saturday, Sunday
When: 01:00:00
Current Time: 2007-01-01 12:00:00
Valid Interval: 23:00:00-02:00:00
Valid days of month: 1, 2, 3, 4, 5, 6, 7, 8, 9, 10, 11, 12, 13, 14, 15, 16, 17, 18, 19, 20, 21, 22, 23, 24, 25, 26, 27, 28, 29, 30, 31
Valid weekdays: Saturday, Sunday
When: 01:00:00
Current Time: 2007-01-02 01:00:00
Valid Interval: 23:00:00-02:00:00
Valid days of month: 1, 2, 3, 4, 5, 6, 7, 8, 9, 10, 11, 12, 13, 14, 15, 16, 17, 18, 19, 20, 21, 22, 23, 24, 25, 26, 27, 28, 29, 30, 31
Valid weekdays: Saturday, Sunday
When: 01:00:00
Current Time: 2007-01-06 00:30:00
Valid Interval: 23:00:00-02:00:00
Valid days of month: 1, 2, 3, 4, 5, 6, 7, 8, 9, 10, 11, 12, 13, 14, 15, 16, 17, 18, 19, 20, 21, 22, 23, 24, 25, 26, 27, 28, 29, 30, 31
Valid weekdays: Saturday, Sunday
When: 01:00:00
Current Time: 2007-01-06 01:30:00
Valid Interval: 23:00:00-02:00:00
Valid days of month: 1, 2, 3, 4, 5, 6, 7, 8, 9, 10, 11, 12, 13, 14, 15, 16, 17, 18, 19, 20, 21, 22, 23, 24, 25, 26, 27, 28, 29, 30, 31
Valid weekdays: Saturday, Sunday
When: 01:00:00
Current Time: 2007-01-06 02:30:00
Valid Interval: 23:00:00-02:00:00
Valid days of month: 1, 2, 3, 4, 5, 6, 7, 8, 9, 10, 11, 12, 13, 14, 15, 16, 17, 18, 19, 20, 21, 22, 23, 24, 25, 26, 27, 28, 29, 30, 31
Valid weekdays: Saturday, Sunday
When: 01:00:00
Current Time: 2007-01-07 02:00:00
Valid Interval: 23:00:00-02:00:00
Valid days of month: 1, 2, 3, 4, 5, 6, 7, 8, 9, 10, 11, 12, 13, 14, 15, 16, 17, 18, 19, 20, 21, 22, 23, 24, 25, 26, 27, 28, 29, 30, 31
Valid weekdays: Saturday, Sunday
When: 23:30:00
Current Time: 2007-01-01 12:00:00
Valid Interval: 23:00:00-02:00:00
Valid days of month: 1, 2, 3, 4, 5, 6, 7, 8, 9, 10, 11, 12, 13, 14, 15, 16, 17, 18, 19, 20, 21, 22, 23, 24, 25, 26, 27, 28, 29, 30, 31
Valid weekdays: Saturday, Sunday
When: 23:30:00
Current Time: 2007-01-05 23:30:00
Valid Interval: 23:00:00-02:00:00
Valid days of month: 1, 2, 3, 4, 5, 6, 7, 8, 9, 10, 11, 12, 13, 14, 15, 16, 17, 18, 19, 20, 21, 22, 23, 24, 25, 26, 27, 28, 29, 30, 31
Valid weekdays: Saturday, Sunday
When: 23:30:00
Current Time: 2007-01-06 23:00:00
Valid Interval: 23:00:00-02:00:00
Valid days of month: 1, 2, 3, 4, 5, 6, 7, 8, 9, 10, 11, 12, 13, 14, 15, 16, 17, 18, 19, 20, 21, 22, 23, 24, 25, 26, 27, 28, 29, 30, 31
Valid weekdays: Saturday, Sunday
When: 23:30:00
Current Time: 2007-01-06 02:00:00
Valid Interval: 23:00:00-02:00:00
Valid days of month: 1, 2, 3, 4, 5, 6, 7, 8, 9, 10, 11, 12, 13, 14, 15, 16, 17, 18, 19, 20, 21, 22, 23, 24, 25, 26, 27, 28, 29, 30, 31
Valid weekdays: Saturday, Sunday
When: 23:30:00
Current Time: 2007-01-07 23:40:00
Valid Interval: 23:00:00-02:00:00
Valid days of month: 1, 2, 3, 4, 5, 6, 7, 8, 9, 10, 11, 12, 13, 14, 15, 16, 17, 18, 19, 20, 21, 22, 23, 24, 25, 26, 27, 28, 29, 30, 31
Valid weekdays: Saturday, Sunday
When: 23:30:00
Current Time: 2007-01-07 01:00:00
Valid Interval: 13:00:00-16:00:00
Valid days of month: 1, 2, 3, 4, 5, 6, 7, 8, 9, 10, 11, 12, 13, 14, 15, 16, 17, 18, 19, 20, 21, 22, 23, 24, 25, 26, 27, 28, 29, 30, 31
Valid weekdays: Saturday, Sunday
When: 14:00:00
Current Time: 2007-01-01 12:00:00
Valid Interval: 13:00:00-16:00:00
Valid days of month: 1, 2, 3, 4, 5, 6, 7, 8, 9, 10, 11, 12, 13, 14, 15, 16, 17, 18, 19, 20, 21, 22, 23, 24, 25, 26, 27, 28, 29, 30, 31
Valid weekdays: Saturday, Sunday
When: 14:00:00
Current Time: 2007-01-02 13:30:00
Valid Interval: 13:00:00-16:00:00
Valid days of month: 1, 2, 3, 4, 5, 6, 7, 8, 9, 10, 11, 12, 13, 14, 15, 16, 17, 18, 19, 20, 21, 22, 23, 24, 25, 26, 27, 28, 29, 30, 31
Valid weekdays: Saturday, Sunday
When: 14:00:00
Current Time: 2007-01-06 13:30:00
Valid Interval: 13:00:00-16:00:00
Valid days of month: 1, 2, 3, 4, 5, 6, 7, 8, 9, 10, 11, 12, 13, 14, 15, 16, 17, 18, 19, 20, 21, 22, 23, 24, 25, 26, 27, 28, 29, 30, 31
Valid weekdays: Saturday, Sunday
When: 14:00:00
Current Time: 2007-01-06 14:30:00
Valid Interval: 13:00:00-16:00:00
Valid days of month: 1, 2, 3, 4, 5, 6, 7, 8, 9, 10, 11, 12, 13, 14, 15, 16, 17, 18, 19, 20, 21, 22, 23, 24, 25, 26, 27, 28, 29, 30, 31
Valid weekdays: Saturday, Sunday
When: 14:00:00
Current Time: 2007-01-06 16:30:00
Valid Interval: 13:00:00-16:00:00
Valid days of month: 1, 2, 3, 4, 5, 6, 7, 8, 9, 10, 11, 12, 13, 14, 15, 16, 17, 18, 19, 20, 21, 22, 23, 24, 25, 26, 27, 28, 29, 30, 31
Valid weekdays: Saturday, Sunday
When: 14:00:00
Current Time: 2007-01-07 16:00:00
Valid Interval: 23:00:00-02:00:00
Valid days of month: 1, 2, 3, 4, 5, 6, 7, 8, 9, 10, 11, 12, 13, 14, 15, 16, 17, 18, 19, 20, 21, 22, 23, 24, 25, 26, 27, 28, 29, 30, 31
Valid weekdays: Saturday, Sunday
When: 01:00:00
Current Time: 2007-01-01 12:00:00
Valid Interval: 23:00:00-02:00:00
Valid days of month: 1, 2, 3, 4, 5, 6, 7, 8, 9, 10, 11, 12, 13, 14, 15, 16, 17, 18, 19, 20, 21, 22, 23, 24, 25, 26, 27, 28, 29, 30, 31
Valid weekdays: Saturday, Sunday
When: 01:00:00
Current Time: 2007-01-02 01:00:00
Valid Interval: 23:00:00-02:00:00
Valid days of month: 1, 2, 3, 4, 5, 6, 7, 8, 9, 10, 11, 12, 13, 14, 15, 16, 17, 18, 19, 20, 21, 22, 23, 24, 25, 26, 27, 28, 29, 30, 31
Valid weekdays: Saturday, Sunday
When: 01:00:00
Current Time: 2007-01-06 00:30:00
Valid Interval: 23:00:00-02:00:00
Valid days of month: 1, 2, 3, 4, 5, 6, 7, 8, 9, 10, 11, 12, 13, 14, 15, 16, 17, 18, 19, 20, 21, 22, 23, 24, 25, 26, 27, 28, 29, 30, 31
Valid weekdays: Saturday, Sunday
When: 01:00:00
Current Time: 2007-01-06 02:30:00
Valid Interval: 23:00:00-02:00:00
Valid days of month: 1, 2, 3, 4, 5, 6, 7, 8, 9, 10, 11, 12, 13, 14, 15, 16, 17, 18, 19, 20, 21, 22, 23, 24, 25, 26, 27, 28, 29, 30, 31
Valid weekdays: Saturday, Sunday
When: 23:30:00
Current Time: 2007-01-01 12:00:00
Valid Interval: 23:00:00-02:00:00
Valid days of month: 1, 2, 3, 4, 5, 6, 7, 8, 9, 10, 11, 12, 13, 14, 15, 16, 17, 18, 19, 20, 21, 22, 23, 24, 25, 26, 27, 28, 29, 30, 31
Valid weekdays: Saturday, Sunday
When: 23:30:00
Current Time: 2007-01-05 23:30:00
Valid Interval: 23:00:00-02:00:00
Valid days of month: 1, 2, 3, 4, 5, 6, 7, 8, 9, 10, 11, 12, 13, 14, 15, 16, 17, 18, 19, 20, 21, 22, 23, 24, 25, 26, 27, 28, 29, 30, 31
Valid weekdays: Saturday, Sunday
When: 23:30:00
Current Time: 2007-01-06 23:00:00
Valid Interval: 23:00:00-02:00:00
Valid days of month: 1, 2, 3, 4, 5, 6, 7, 8, 9, 10, 11, 12, 13, 14, 15, 16, 17, 18, 19, 20, 21, 22, 23, 24, 25, 26, 27, 28, 29, 30, 31
Valid weekdays: Saturday, Sunday
When: 23:30:00
Current Time: 2007-01-06 02:00:00
Valid Interval: 23:00:00-02:00:00
Valid days of month: 1, 2, 3, 4, 5, 6, 7, 8, 9, 10, 11, 12, 13, 14, 15, 16, 17, 18, 19, 20, 21, 22, 23, 24, 25, 26, 27, 28, 29, 30, 31
Valid weekdays: Saturday, Sunday
When: 23:30:00
Current Time: 2007-01-07 23:40:00
Valid Interval: 23:00:00-02:00:00
Valid days of month: 1, 2, 3, 4, 5, 6, 7, 8, 9, 10, 11, 12, 13, 14, 15, 16, 17, 18, 19, 20, 21, 22, 23, 24, 25, 26, 27, 28, 29, 30, 31
Valid weekdays: Saturday, Sunday
When: 23:30:00
Current Time: 2007-01-07 01:00:00
Valid Interval: 13:00:00-16:00:00
Valid days of month: 1, 2, 3, 4, 5, 6, 7, 8, 9, 10, 11, 12, 13, 14, 15, 16, 17, 18, 19, 20, 21, 22, 23, 24, 25, 26, 27, 28, 29, 30, 31
Valid weekdays: Saturday, Sunday
When: 14:00:00
Current Time: 2007-01-06 14:30:00
Valid Interval: 13:00:00-16:00:00
Valid days of month: 1, 2, 3, 4, 5, 6, 7, 8, 9, 10, 11, 12, 13, 14, 15, 16, 17, 18, 19, 20, 21, 22, 23, 24, 25, 26, 27, 28, 29, 30, 31
Valid weekdays: Saturday, Sunday
When: 14:00:00
Current Time: 2007-01-07 15:00:00
Valid Interval: 23:00:00-02:00:00
Valid days of month: 1, 2, 3, 4, 5, 6, 7, 8, 9, 10, 11, 12, 13, 14, 15, 16, 17, 18, 19, 20, 21, 22, 23, 24, 25, 26, 27, 28, 29, 30, 31
Valid weekdays: Saturday, Sunday
When: 01:00:00
Current Time: 2007-01-06 01:30:00
Valid Interval: 23:00:00-02:00:00
Valid days of month: 1, 2, 3, 4, 5, 6, 7, 8, 9, 10, 11, 12, 13, 14, 15, 16, 17, 18, 19, 20, 21, 22, 23, 24, 25, 26, 27, 28, 29, 30, 31
Valid weekdays: Saturday, Sunday
When: 01:00:00
Current Time: 2007-01-07 01:30:00
Valid Interval: 23:00:00-02:00:00
Valid days of month: 1, 2, 3, 4, 5, 6, 7, 8, 9, 10, 11, 12, 13, 14, 15, 16, 17, 18, 19, 20, 21, 22, 23, 24, 25, 26, 27, 28, 29, 30, 31
Valid weekdays: Saturday, Sunday
When: 23:30:00
Current Time: 2007-01-06 23:02:00
Valid Interval: 23:00:00-02:00:00
Valid days of month: 1, 2, 3, 4, 5, 6, 7, 8, 9, 10, 11, 12, 13, 14, 15, 16, 17, 18, 19, 20, 21, 22, 23, 24, 25, 26, 27, 28, 29, 30, 31
Valid weekdays: Saturday, Sunday
When: 23:30:00
Current Time: 2007-01-06 01:10:00
Valid Interval: 23:00:00-02:00:00
Valid days of month: 1, 2, 3, 4, 5, 6, 7, 8, 9, 10, 11, 12, 13, 14, 15, 16, 17, 18, 19, 20, 21, 22, 23, 24, 25, 26, 27, 28, 29, 30, 31
Valid weekdays: Saturday, Sunday
When: 23:30:00
Current Time: 2007-01-07 01:00:40
Valid Interval: 23:00:00-02:00:00
Valid days of month: 2
Valid weekdays: Saturday, Sunday
When: 23:30:00
Current Time: 2007-01-01 12:00:00
Valid Interval: 23:00:00-02:00:00
Valid days of month: 1, 2
Valid weekdays: Saturday, Sunday
When: 23:30:00
Current Time: 2007-01-05 23:30:00
Valid Interval: 23:00:00-02:00:00
Valid days of month: 1, 2
Valid weekdays: Saturday, Sunday
When: 23:30:00
Current Time: 2007-01-06 23:00:00</StdOut>
      </Output>
    </UnitTestResult>
    <UnitTestResult executionId="d94c724a-a114-4899-b63e-83e343df5803" testId="6e0d434a-c1db-4e55-a44f-644b7b735555" testName="GetNextTimeToTrigger_AbsoluteTimer_ReturnsCorrectTime (Data Row 19)" computerName="ICSWS068" duration="00:00:00.0038655" startTime="2016-08-04T07:57:22.6994094+02:00" endTime="2016-08-04T07:57:22.7036609+02:00" testType="13cdc9d9-ddb5-4fa4-a97d-d965ccfc6d4b" outcome="Passed" testListId="8c84fa94-04c1-424b-9868-57a2d4851a1d" relativeResultsDirectory="d94c724a-a114-4899-b63e-83e343df5803">
      <Output>
        <StdOut>TestContext Messages:
Valid Interval: 11:00:00-13:00:00
Valid days of month: 1, 2, 3, 4, 5, 6, 7, 8, 9, 10, 11, 12, 13, 14, 15, 16, 17, 18, 19, 20, 21, 22, 23, 24, 25, 26, 27, 28, 29, 30, 31
Valid weekdays: Monday, Tuesday, Wednesday, Thursday, Friday, Saturday, Sunday
When: 12:00:00
Current Time: 2011-01-01 00:00:00
Valid Interval: 11:00:00-13:00:00
Valid days of month: 1, 2, 3, 4, 5, 6, 7, 8, 9, 10, 11, 12, 13, 14, 15, 16, 17, 18, 19, 20, 21, 22, 23, 24, 25, 26, 27, 28, 29, 30, 31
Valid weekdays: Monday, Tuesday, Wednesday, Thursday, Friday, Saturday, Sunday
When: 12:00:00
Current Time: 2011-01-01 09:00:00
Valid Interval: 11:00:00-13:00:00
Valid days of month: 1, 2, 3, 4, 5, 6, 7, 8, 9, 10, 11, 12, 13, 14, 15, 16, 17, 18, 19, 20, 21, 22, 23, 24, 25, 26, 27, 28, 29, 30, 31
Valid weekdays: Monday, Tuesday, Wednesday, Thursday, Friday, Saturday, Sunday
When: 12:00:00
Current Time: 2011-01-01 11:00:00
Valid Interval: 11:00:00-13:00:00
Valid days of month: 1, 2, 3, 4, 5, 6, 7, 8, 9, 10, 11, 12, 13, 14, 15, 16, 17, 18, 19, 20, 21, 22, 23, 24, 25, 26, 27, 28, 29, 30, 31
Valid weekdays: Monday, Tuesday, Wednesday, Thursday, Friday, Saturday, Sunday
When: 12:00:00
Current Time: 2011-01-01 12:00:00
Valid Interval: 11:00:00-13:00:00
Valid days of month: 1, 2, 3, 4, 5, 6, 7, 8, 9, 10, 11, 12, 13, 14, 15, 16, 17, 18, 19, 20, 21, 22, 23, 24, 25, 26, 27, 28, 29, 30, 31
Valid weekdays: Monday, Tuesday, Wednesday, Thursday, Friday, Saturday, Sunday
When: 12:00:00
Current Time: 2011-01-01 12:30:00
Valid Interval: 11:00:00-13:00:00
Valid days of month: 1, 2, 3, 4, 5, 6, 7, 8, 9, 10, 11, 12, 13, 14, 15, 16, 17, 18, 19, 20, 21, 22, 23, 24, 25, 26, 27, 28, 29, 30, 31
Valid weekdays: Monday, Tuesday, Wednesday, Thursday, Friday, Saturday, Sunday
When: 12:00:00
Current Time: 2011-01-01 13:00:00
Valid Interval: 11:00:00-13:00:00
Valid days of month: 1, 2, 3, 4, 5, 6, 7, 8, 9, 10, 11, 12, 13, 14, 15, 16, 17, 18, 19, 20, 21, 22, 23, 24, 25, 26, 27, 28, 29, 30, 31
Valid weekdays: Monday, Tuesday, Wednesday, Thursday, Friday, Saturday, Sunday
When: 12:00:00
Current Time: 2011-01-02 00:00:00
Valid Interval: 11:00:00-13:00:00
Valid days of month: 1, 2, 3, 4, 5, 6, 7, 8, 9, 10, 11, 12, 13, 14, 15, 16, 17, 18, 19, 20, 21, 22, 23, 24, 25, 26, 27, 28, 29, 30, 31
Valid weekdays: Monday, Tuesday, Wednesday, Thursday, Friday, Saturday, Sunday
When: 12:00:00
Current Time: 2011-01-02 09:00:00
Valid Interval: 11:00:00-13:00:00
Valid days of month: 1, 2, 3, 4, 5, 6, 7, 8, 9, 10, 11, 12, 13, 14, 15, 16, 17, 18, 19, 20, 21, 22, 23, 24, 25, 26, 27, 28, 29, 30, 31
Valid weekdays: Monday, Tuesday, Wednesday, Thursday, Friday, Saturday, Sunday
When: 12:00:00
Current Time: 2011-01-02 12:00:00
Valid Interval: 11:00:00-13:00:00
Valid days of month: 1, 2, 3, 4, 5, 6, 7, 8, 9, 10, 11, 12, 13, 14, 15, 16, 17, 18, 19, 20, 21, 22, 23, 24, 25, 26, 27, 28, 29, 30, 31
Valid weekdays: Monday, Tuesday, Wednesday, Thursday, Friday, Saturday, Sunday
When: 12:00:00
Current Time: 2011-01-02 12:45:30
Valid Interval: 11:00:00-13:00:00
Valid days of month: 1, 2, 3, 4, 5, 6, 7, 8, 9, 10, 11, 12, 13, 14, 15, 16, 17, 18, 19, 20, 21, 22, 23, 24, 25, 26, 27, 28, 29, 30, 31
Valid weekdays: Monday, Tuesday, Wednesday, Thursday, Friday, Saturday, Sunday
When: 12:00:00
Current Time: 2011-01-02 13:00:00
Valid Interval: 11:00:00-13:00:00
Valid days of month: 1, 2, 3, 4, 5, 6, 7, 8, 9, 10, 11, 12, 13, 14, 15, 16, 17, 18, 19, 20, 21, 22, 23, 24, 25, 26, 27, 28, 29, 30, 31
Valid weekdays: Monday, Tuesday, Wednesday, Thursday, Friday, Saturday, Sunday
When: 12:00:00
Current Time: 2011-01-01 12:00:00
Valid Interval: 11:00:00-13:00:00
Valid days of month: 1, 2, 3, 4, 5, 6, 7, 8, 9, 10, 11, 12, 13, 14, 15, 16, 17, 18, 19, 20, 21, 22, 23, 24, 25, 26, 27, 28, 29, 30, 31
Valid weekdays: Monday, Tuesday, Wednesday, Thursday, Friday, Saturday, Sunday
When: 12:00:00
Current Time: 2011-01-01 12:30:00
Valid Interval: 11:00:00-13:00:00
Valid days of month: 1, 2, 3, 4, 5, 6, 7, 8, 9, 10, 11, 12, 13, 14, 15, 16, 17, 18, 19, 20, 21, 22, 23, 24, 25, 26, 27, 28, 29, 30, 31
Valid weekdays: Monday, Tuesday, Wednesday, Thursday, Friday, Saturday, Sunday
When: 12:00:00
Current Time: 2011-01-01 12:30:00
Valid Interval: 11:00:00-13:00:00
Valid days of month: 1, 2, 3, 4, 5, 6, 7, 8, 9, 10, 11, 12, 13, 14, 15, 16, 17, 18, 19, 20, 21, 22, 23, 24, 25, 26, 27, 28, 29, 30, 31
Valid weekdays: Monday, Tuesday, Wednesday, Thursday, Friday, Saturday, Sunday
When: 12:00:00
Current Time: 2011-01-01 13:00:00
Valid Interval: 11:00:00-13:00:00
Valid days of month: 1, 2, 3, 4, 5, 6, 7, 8, 9, 10, 11, 12, 13, 14, 15, 16, 17, 18, 19, 20, 21, 22, 23, 24, 25, 26, 27, 28, 29, 30, 31
Valid weekdays: Monday, Tuesday, Wednesday, Thursday, Friday, Saturday, Sunday
When: 12:00:00
Current Time: 2011-01-01 14:30:00
Valid Interval: 23:00:00-13:00:00
Valid days of month: 1, 2, 3, 4, 5, 6, 7, 8, 9, 10, 11, 12, 13, 14, 15, 16, 17, 18, 19, 20, 21, 22, 23, 24, 25, 26, 27, 28, 29, 30, 31
Valid weekdays: Monday, Tuesday, Wednesday, Thursday, Friday, Saturday, Sunday
When: 23:30:00
Current Time: 2011-01-01 16:00:00
Valid Interval: 23:00:00-13:00:00
Valid days of month: 1, 2, 3, 4, 5, 6, 7, 8, 9, 10, 11, 12, 13, 14, 15, 16, 17, 18, 19, 20, 21, 22, 23, 24, 25, 26, 27, 28, 29, 30, 31
Valid weekdays: Monday, Tuesday, Wednesday, Thursday, Friday, Saturday, Sunday
When: 23:30:00
Current Time: 2011-01-01 23:00:00
Valid Interval: 23:00:00-13:00:00
Valid days of month: 1, 2, 3, 4, 5, 6, 7, 8, 9, 10, 11, 12, 13, 14, 15, 16, 17, 18, 19, 20, 21, 22, 23, 24, 25, 26, 27, 28, 29, 30, 31
Valid weekdays: Monday, Tuesday, Wednesday, Thursday, Friday, Saturday, Sunday
When: 23:30:00
Current Time: 2011-01-01 23:30:00
Valid Interval: 23:00:00-13:00:00
Valid days of month: 1, 2, 3, 4, 5, 6, 7, 8, 9, 10, 11, 12, 13, 14, 15, 16, 17, 18, 19, 20, 21, 22, 23, 24, 25, 26, 27, 28, 29, 30, 31
Valid weekdays: Monday, Tuesday, Wednesday, Thursday, Friday, Saturday, Sunday
When: 23:30:00
Current Time: 2011-01-01 23:45:00
Valid Interval: 23:00:00-13:00:00
Valid days of month: 1, 2, 3, 4, 5, 6, 7, 8, 9, 10, 11, 12, 13, 14, 15, 16, 17, 18, 19, 20, 21, 22, 23, 24, 25, 26, 27, 28, 29, 30, 31
Valid weekdays: Monday, Tuesday, Wednesday, Thursday, Friday, Saturday, Sunday
When: 23:30:00
Current Time: 2011-01-02 00:30:00
Valid Interval: 23:00:00-13:00:00
Valid days of month: 1, 2, 3, 4, 5, 6, 7, 8, 9, 10, 11, 12, 13, 14, 15, 16, 17, 18, 19, 20, 21, 22, 23, 24, 25, 26, 27, 28, 29, 30, 31
Valid weekdays: Monday, Tuesday, Wednesday, Thursday, Friday, Saturday, Sunday
When: 23:30:00
Current Time: 2011-01-01 13:00:00
Valid Interval: 23:00:00-13:00:00
Valid days of month: 1, 2, 3, 4, 5, 6, 7, 8, 9, 10, 11, 12, 13, 14, 15, 16, 17, 18, 19, 20, 21, 22, 23, 24, 25, 26, 27, 28, 29, 30, 31
Valid weekdays: Monday, Tuesday, Wednesday, Thursday, Friday, Saturday, Sunday
When: 01:00:00
Current Time: 2011-01-01 16:00:00
Valid Interval: 23:00:00-13:00:00
Valid days of month: 1, 2, 3, 4, 5, 6, 7, 8, 9, 10, 11, 12, 13, 14, 15, 16, 17, 18, 19, 20, 21, 22, 23, 24, 25, 26, 27, 28, 29, 30, 31
Valid weekdays: Monday, Tuesday, Wednesday, Thursday, Friday, Saturday, Sunday
When: 01:00:00
Current Time: 2011-01-01 23:00:00
Valid Interval: 23:00:00-13:00:00
Valid days of month: 1, 2, 3, 4, 5, 6, 7, 8, 9, 10, 11, 12, 13, 14, 15, 16, 17, 18, 19, 20, 21, 22, 23, 24, 25, 26, 27, 28, 29, 30, 31
Valid weekdays: Monday, Tuesday, Wednesday, Thursday, Friday, Saturday, Sunday
When: 01:00:00
Current Time: 2011-01-01 23:30:00
Valid Interval: 23:00:00-13:00:00
Valid days of month: 1, 2, 3, 4, 5, 6, 7, 8, 9, 10, 11, 12, 13, 14, 15, 16, 17, 18, 19, 20, 21, 22, 23, 24, 25, 26, 27, 28, 29, 30, 31
Valid weekdays: Monday, Tuesday, Wednesday, Thursday, Friday, Saturday, Sunday
When: 01:00:00
Current Time: 2011-01-02 00:30:00
Valid Interval: 23:00:00-13:00:00
Valid days of month: 1, 2, 3, 4, 5, 6, 7, 8, 9, 10, 11, 12, 13, 14, 15, 16, 17, 18, 19, 20, 21, 22, 23, 24, 25, 26, 27, 28, 29, 30, 31
Valid weekdays: Monday, Tuesday, Wednesday, Thursday, Friday, Saturday, Sunday
When: 01:00:00
Current Time: 2011-01-01 02:00:00
Valid Interval: 23:00:00-13:00:00
Valid days of month: 1, 2, 3, 4, 5, 6, 7, 8, 9, 10, 11, 12, 13, 14, 15, 16, 17, 18, 19, 20, 21, 22, 23, 24, 25, 26, 27, 28, 29, 30, 31
Valid weekdays: Monday, Tuesday, Wednesday, Thursday, Friday, Saturday, Sunday
When: 01:00:00
Current Time: 2011-01-01 13:00:00
Valid Interval: 23:00:00-13:00:00
Valid days of month: 1, 2, 3, 4, 5, 6, 7, 8, 9, 10, 11, 12, 13, 14, 15, 16, 17, 18, 19, 20, 21, 22, 23, 24, 25, 26, 27, 28, 29, 30, 31
Valid weekdays: Monday, Tuesday, Wednesday, Thursday, Friday, Saturday, Sunday
When: 23:30:00
Current Time: 2011-01-01 16:00:00
Valid Interval: 23:00:00-13:00:00
Valid days of month: 1, 2, 3, 4, 5, 6, 7, 8, 9, 10, 11, 12, 13, 14, 15, 16, 17, 18, 19, 20, 21, 22, 23, 24, 25, 26, 27, 28, 29, 30, 31
Valid weekdays: Monday, Tuesday, Wednesday, Thursday, Friday, Saturday, Sunday
When: 23:30:00
Current Time: 2011-01-01 23:00:00
Valid Interval: 23:00:00-13:00:00
Valid days of month: 1, 2, 3, 4, 5, 6, 7, 8, 9, 10, 11, 12, 13, 14, 15, 16, 17, 18, 19, 20, 21, 22, 23, 24, 25, 26, 27, 28, 29, 30, 31
Valid weekdays: Monday, Tuesday, Wednesday, Thursday, Friday, Saturday, Sunday
When: 23:30:00
Current Time: 2011-01-01 23:30:00
Valid Interval: 23:00:00-13:00:00
Valid days of month: 1, 2, 3, 4, 5, 6, 7, 8, 9, 10, 11, 12, 13, 14, 15, 16, 17, 18, 19, 20, 21, 22, 23, 24, 25, 26, 27, 28, 29, 30, 31
Valid weekdays: Monday, Tuesday, Wednesday, Thursday, Friday, Saturday, Sunday
When: 23:30:00
Current Time: 2011-01-01 23:45:00
Valid Interval: 23:00:00-13:00:00
Valid days of month: 1, 2, 3, 4, 5, 6, 7, 8, 9, 10, 11, 12, 13, 14, 15, 16, 17, 18, 19, 20, 21, 22, 23, 24, 25, 26, 27, 28, 29, 30, 31
Valid weekdays: Monday, Tuesday, Wednesday, Thursday, Friday, Saturday, Sunday
When: 23:30:00
Current Time: 2011-01-02 00:30:00
Valid Interval: 23:00:00-13:00:00
Valid days of month: 1, 2, 3, 4, 5, 6, 7, 8, 9, 10, 11, 12, 13, 14, 15, 16, 17, 18, 19, 20, 21, 22, 23, 24, 25, 26, 27, 28, 29, 30, 31
Valid weekdays: Monday, Tuesday, Wednesday, Thursday, Friday, Saturday, Sunday
When: 23:30:00
Current Time: 2011-01-01 13:00:00
Valid Interval: 23:00:00-13:00:00
Valid days of month: 1, 2, 3, 4, 5, 6, 7, 8, 9, 10, 11, 12, 13, 14, 15, 16, 17, 18, 19, 20, 21, 22, 23, 24, 25, 26, 27, 28, 29, 30, 31
Valid weekdays: Monday, Tuesday, Wednesday, Thursday, Friday, Saturday, Sunday
When: 01:00:00
Current Time: 2011-01-01 16:00:00
Valid Interval: 23:00:00-13:00:00
Valid days of month: 1, 2, 3, 4, 5, 6, 7, 8, 9, 10, 11, 12, 13, 14, 15, 16, 17, 18, 19, 20, 21, 22, 23, 24, 25, 26, 27, 28, 29, 30, 31
Valid weekdays: Monday, Tuesday, Wednesday, Thursday, Friday, Saturday, Sunday
When: 01:00:00
Current Time: 2011-01-01 23:00:00
Valid Interval: 23:00:00-13:00:00
Valid days of month: 1, 2, 3, 4, 5, 6, 7, 8, 9, 10, 11, 12, 13, 14, 15, 16, 17, 18, 19, 20, 21, 22, 23, 24, 25, 26, 27, 28, 29, 30, 31
Valid weekdays: Monday, Tuesday, Wednesday, Thursday, Friday, Saturday, Sunday
When: 01:00:00
Current Time: 2011-01-01 23:30:00
Valid Interval: 23:00:00-13:00:00
Valid days of month: 1, 2, 3, 4, 5, 6, 7, 8, 9, 10, 11, 12, 13, 14, 15, 16, 17, 18, 19, 20, 21, 22, 23, 24, 25, 26, 27, 28, 29, 30, 31
Valid weekdays: Monday, Tuesday, Wednesday, Thursday, Friday, Saturday, Sunday
When: 01:00:00
Current Time: 2011-01-02 00:30:00
Valid Interval: 23:00:00-13:00:00
Valid days of month: 1, 2, 3, 4, 5, 6, 7, 8, 9, 10, 11, 12, 13, 14, 15, 16, 17, 18, 19, 20, 21, 22, 23, 24, 25, 26, 27, 28, 29, 30, 31
Valid weekdays: Monday, Tuesday, Wednesday, Thursday, Friday, Saturday, Sunday
When: 01:00:00
Current Time: 2011-01-02 02:00:00
Valid Interval: 23:00:00-13:00:00
Valid days of month: 1, 2, 3, 4, 5, 6, 7, 8, 9, 10, 11, 12, 13, 14, 15, 16, 17, 18, 19, 20, 21, 22, 23, 24, 25, 26, 27, 28, 29, 30, 31
Valid weekdays: Monday, Tuesday, Wednesday, Thursday, Friday, Saturday, Sunday
When: 01:00:00
Current Time: 2011-01-02 13:00:00
Valid Interval: 23:00:00-13:00:00
Valid days of month: 1, 2, 3, 4, 5, 6, 7, 8, 9, 10, 11, 12, 13, 14, 15, 16, 17, 18, 19, 20, 21, 22, 23, 24, 25, 26, 27, 28, 29, 30, 31
Valid weekdays: Monday, Tuesday, Wednesday, Thursday, Friday, Saturday, Sunday
When: 23:30:00
Current Time: 2011-01-01 23:30:05
Valid Interval: 23:00:00-13:00:00
Valid days of month: 1, 2, 3, 4, 5, 6, 7, 8, 9, 10, 11, 12, 13, 14, 15, 16, 17, 18, 19, 20, 21, 22, 23, 24, 25, 26, 27, 28, 29, 30, 31
Valid weekdays: Monday, Tuesday, Wednesday, Thursday, Friday, Saturday, Sunday
When: 23:30:00
Current Time: 2011-01-02 00:30:00
Valid Interval: 23:00:00-13:00:00
Valid days of month: 1, 2, 3, 4, 5, 6, 7, 8, 9, 10, 11, 12, 13, 14, 15, 16, 17, 18, 19, 20, 21, 22, 23, 24, 25, 26, 27, 28, 29, 30, 31
Valid weekdays: Monday, Tuesday, Wednesday, Thursday, Friday, Saturday, Sunday
When: 23:30:00
Current Time: 2011-01-02 13:00:00
Valid Interval: 23:00:00-13:00:00
Valid days of month: 1, 2, 3, 4, 5, 6, 7, 8, 9, 10, 11, 12, 13, 14, 15, 16, 17, 18, 19, 20, 21, 22, 23, 24, 25, 26, 27, 28, 29, 30, 31
Valid weekdays: Monday, Tuesday, Wednesday, Thursday, Friday, Saturday, Sunday
When: 01:00:00
Current Time: 2011-01-01 02:00:00
Valid Interval: 23:00:00-13:00:00
Valid days of month: 1, 2, 3, 4, 5, 6, 7, 8, 9, 10, 11, 12, 13, 14, 15, 16, 17, 18, 19, 20, 21, 22, 23, 24, 25, 26, 27, 28, 29, 30, 31
Valid weekdays: Monday, Tuesday, Wednesday, Thursday, Friday, Saturday, Sunday
When: 01:00:00
Current Time: 2011-01-02 02:00:00
Valid Interval: 13:00:00-16:00:00
Valid days of month: 1, 2, 3, 4, 5, 6, 7, 8, 9, 10, 11, 12, 13, 14, 15, 16, 17, 18, 19, 20, 21, 22, 23, 24, 25, 26, 27, 28, 29, 30, 31
Valid weekdays: Saturday, Sunday
When: 14:00:00
Current Time: 2007-01-01 12:00:00
Valid Interval: 13:00:00-16:00:00
Valid days of month: 1, 2, 3, 4, 5, 6, 7, 8, 9, 10, 11, 12, 13, 14, 15, 16, 17, 18, 19, 20, 21, 22, 23, 24, 25, 26, 27, 28, 29, 30, 31
Valid weekdays: Saturday, Sunday
When: 14:00:00
Current Time: 2007-01-02 13:30:00
Valid Interval: 13:00:00-16:00:00
Valid days of month: 1, 2, 3, 4, 5, 6, 7, 8, 9, 10, 11, 12, 13, 14, 15, 16, 17, 18, 19, 20, 21, 22, 23, 24, 25, 26, 27, 28, 29, 30, 31
Valid weekdays: Saturday, Sunday
When: 14:00:00
Current Time: 2007-01-06 13:30:00
Valid Interval: 13:00:00-16:00:00
Valid days of month: 1, 2, 3, 4, 5, 6, 7, 8, 9, 10, 11, 12, 13, 14, 15, 16, 17, 18, 19, 20, 21, 22, 23, 24, 25, 26, 27, 28, 29, 30, 31
Valid weekdays: Saturday, Sunday
When: 14:00:00
Current Time: 2007-01-06 14:30:00
Valid Interval: 13:00:00-16:00:00
Valid days of month: 1, 2, 3, 4, 5, 6, 7, 8, 9, 10, 11, 12, 13, 14, 15, 16, 17, 18, 19, 20, 21, 22, 23, 24, 25, 26, 27, 28, 29, 30, 31
Valid weekdays: Saturday, Sunday
When: 14:00:00
Current Time: 2007-01-06 16:30:00
Valid Interval: 13:00:00-16:00:00
Valid days of month: 1, 2, 3, 4, 5, 6, 7, 8, 9, 10, 11, 12, 13, 14, 15, 16, 17, 18, 19, 20, 21, 22, 23, 24, 25, 26, 27, 28, 29, 30, 31
Valid weekdays: Saturday, Sunday
When: 14:00:00
Current Time: 2007-01-07 16:00:00
Valid Interval: 23:00:00-02:00:00
Valid days of month: 1, 2, 3, 4, 5, 6, 7, 8, 9, 10, 11, 12, 13, 14, 15, 16, 17, 18, 19, 20, 21, 22, 23, 24, 25, 26, 27, 28, 29, 30, 31
Valid weekdays: Saturday, Sunday
When: 01:00:00
Current Time: 2007-01-01 12:00:00
Valid Interval: 23:00:00-02:00:00
Valid days of month: 1, 2, 3, 4, 5, 6, 7, 8, 9, 10, 11, 12, 13, 14, 15, 16, 17, 18, 19, 20, 21, 22, 23, 24, 25, 26, 27, 28, 29, 30, 31
Valid weekdays: Saturday, Sunday
When: 01:00:00
Current Time: 2007-01-02 01:00:00
Valid Interval: 23:00:00-02:00:00
Valid days of month: 1, 2, 3, 4, 5, 6, 7, 8, 9, 10, 11, 12, 13, 14, 15, 16, 17, 18, 19, 20, 21, 22, 23, 24, 25, 26, 27, 28, 29, 30, 31
Valid weekdays: Saturday, Sunday
When: 01:00:00
Current Time: 2007-01-06 00:30:00
Valid Interval: 23:00:00-02:00:00
Valid days of month: 1, 2, 3, 4, 5, 6, 7, 8, 9, 10, 11, 12, 13, 14, 15, 16, 17, 18, 19, 20, 21, 22, 23, 24, 25, 26, 27, 28, 29, 30, 31
Valid weekdays: Saturday, Sunday
When: 01:00:00
Current Time: 2007-01-06 01:30:00
Valid Interval: 23:00:00-02:00:00
Valid days of month: 1, 2, 3, 4, 5, 6, 7, 8, 9, 10, 11, 12, 13, 14, 15, 16, 17, 18, 19, 20, 21, 22, 23, 24, 25, 26, 27, 28, 29, 30, 31
Valid weekdays: Saturday, Sunday
When: 01:00:00
Current Time: 2007-01-06 02:30:00
Valid Interval: 23:00:00-02:00:00
Valid days of month: 1, 2, 3, 4, 5, 6, 7, 8, 9, 10, 11, 12, 13, 14, 15, 16, 17, 18, 19, 20, 21, 22, 23, 24, 25, 26, 27, 28, 29, 30, 31
Valid weekdays: Saturday, Sunday
When: 01:00:00
Current Time: 2007-01-07 02:00:00
Valid Interval: 23:00:00-02:00:00
Valid days of month: 1, 2, 3, 4, 5, 6, 7, 8, 9, 10, 11, 12, 13, 14, 15, 16, 17, 18, 19, 20, 21, 22, 23, 24, 25, 26, 27, 28, 29, 30, 31
Valid weekdays: Saturday, Sunday
When: 23:30:00
Current Time: 2007-01-01 12:00:00
Valid Interval: 23:00:00-02:00:00
Valid days of month: 1, 2, 3, 4, 5, 6, 7, 8, 9, 10, 11, 12, 13, 14, 15, 16, 17, 18, 19, 20, 21, 22, 23, 24, 25, 26, 27, 28, 29, 30, 31
Valid weekdays: Saturday, Sunday
When: 23:30:00
Current Time: 2007-01-05 23:30:00
Valid Interval: 23:00:00-02:00:00
Valid days of month: 1, 2, 3, 4, 5, 6, 7, 8, 9, 10, 11, 12, 13, 14, 15, 16, 17, 18, 19, 20, 21, 22, 23, 24, 25, 26, 27, 28, 29, 30, 31
Valid weekdays: Saturday, Sunday
When: 23:30:00
Current Time: 2007-01-06 23:00:00
Valid Interval: 23:00:00-02:00:00
Valid days of month: 1, 2, 3, 4, 5, 6, 7, 8, 9, 10, 11, 12, 13, 14, 15, 16, 17, 18, 19, 20, 21, 22, 23, 24, 25, 26, 27, 28, 29, 30, 31
Valid weekdays: Saturday, Sunday
When: 23:30:00
Current Time: 2007-01-06 02:00:00
Valid Interval: 23:00:00-02:00:00
Valid days of month: 1, 2, 3, 4, 5, 6, 7, 8, 9, 10, 11, 12, 13, 14, 15, 16, 17, 18, 19, 20, 21, 22, 23, 24, 25, 26, 27, 28, 29, 30, 31
Valid weekdays: Saturday, Sunday
When: 23:30:00
Current Time: 2007-01-07 23:40:00
Valid Interval: 23:00:00-02:00:00
Valid days of month: 1, 2, 3, 4, 5, 6, 7, 8, 9, 10, 11, 12, 13, 14, 15, 16, 17, 18, 19, 20, 21, 22, 23, 24, 25, 26, 27, 28, 29, 30, 31
Valid weekdays: Saturday, Sunday
When: 23:30:00
Current Time: 2007-01-07 01:00:00
Valid Interval: 13:00:00-16:00:00
Valid days of month: 1, 2, 3, 4, 5, 6, 7, 8, 9, 10, 11, 12, 13, 14, 15, 16, 17, 18, 19, 20, 21, 22, 23, 24, 25, 26, 27, 28, 29, 30, 31
Valid weekdays: Saturday, Sunday
When: 14:00:00
Current Time: 2007-01-01 12:00:00
Valid Interval: 13:00:00-16:00:00
Valid days of month: 1, 2, 3, 4, 5, 6, 7, 8, 9, 10, 11, 12, 13, 14, 15, 16, 17, 18, 19, 20, 21, 22, 23, 24, 25, 26, 27, 28, 29, 30, 31
Valid weekdays: Saturday, Sunday
When: 14:00:00
Current Time: 2007-01-02 13:30:00
Valid Interval: 13:00:00-16:00:00
Valid days of month: 1, 2, 3, 4, 5, 6, 7, 8, 9, 10, 11, 12, 13, 14, 15, 16, 17, 18, 19, 20, 21, 22, 23, 24, 25, 26, 27, 28, 29, 30, 31
Valid weekdays: Saturday, Sunday
When: 14:00:00
Current Time: 2007-01-06 13:30:00
Valid Interval: 13:00:00-16:00:00
Valid days of month: 1, 2, 3, 4, 5, 6, 7, 8, 9, 10, 11, 12, 13, 14, 15, 16, 17, 18, 19, 20, 21, 22, 23, 24, 25, 26, 27, 28, 29, 30, 31
Valid weekdays: Saturday, Sunday
When: 14:00:00
Current Time: 2007-01-06 14:30:00
Valid Interval: 13:00:00-16:00:00
Valid days of month: 1, 2, 3, 4, 5, 6, 7, 8, 9, 10, 11, 12, 13, 14, 15, 16, 17, 18, 19, 20, 21, 22, 23, 24, 25, 26, 27, 28, 29, 30, 31
Valid weekdays: Saturday, Sunday
When: 14:00:00
Current Time: 2007-01-06 16:30:00
Valid Interval: 13:00:00-16:00:00
Valid days of month: 1, 2, 3, 4, 5, 6, 7, 8, 9, 10, 11, 12, 13, 14, 15, 16, 17, 18, 19, 20, 21, 22, 23, 24, 25, 26, 27, 28, 29, 30, 31
Valid weekdays: Saturday, Sunday
When: 14:00:00
Current Time: 2007-01-07 16:00:00
Valid Interval: 23:00:00-02:00:00
Valid days of month: 1, 2, 3, 4, 5, 6, 7, 8, 9, 10, 11, 12, 13, 14, 15, 16, 17, 18, 19, 20, 21, 22, 23, 24, 25, 26, 27, 28, 29, 30, 31
Valid weekdays: Saturday, Sunday
When: 01:00:00
Current Time: 2007-01-01 12:00:00
Valid Interval: 23:00:00-02:00:00
Valid days of month: 1, 2, 3, 4, 5, 6, 7, 8, 9, 10, 11, 12, 13, 14, 15, 16, 17, 18, 19, 20, 21, 22, 23, 24, 25, 26, 27, 28, 29, 30, 31
Valid weekdays: Saturday, Sunday
When: 01:00:00
Current Time: 2007-01-02 01:00:00
Valid Interval: 23:00:00-02:00:00
Valid days of month: 1, 2, 3, 4, 5, 6, 7, 8, 9, 10, 11, 12, 13, 14, 15, 16, 17, 18, 19, 20, 21, 22, 23, 24, 25, 26, 27, 28, 29, 30, 31
Valid weekdays: Saturday, Sunday
When: 01:00:00
Current Time: 2007-01-06 00:30:00
Valid Interval: 23:00:00-02:00:00
Valid days of month: 1, 2, 3, 4, 5, 6, 7, 8, 9, 10, 11, 12, 13, 14, 15, 16, 17, 18, 19, 20, 21, 22, 23, 24, 25, 26, 27, 28, 29, 30, 31
Valid weekdays: Saturday, Sunday
When: 01:00:00
Current Time: 2007-01-06 02:30:00
Valid Interval: 23:00:00-02:00:00
Valid days of month: 1, 2, 3, 4, 5, 6, 7, 8, 9, 10, 11, 12, 13, 14, 15, 16, 17, 18, 19, 20, 21, 22, 23, 24, 25, 26, 27, 28, 29, 30, 31
Valid weekdays: Saturday, Sunday
When: 23:30:00
Current Time: 2007-01-01 12:00:00
Valid Interval: 23:00:00-02:00:00
Valid days of month: 1, 2, 3, 4, 5, 6, 7, 8, 9, 10, 11, 12, 13, 14, 15, 16, 17, 18, 19, 20, 21, 22, 23, 24, 25, 26, 27, 28, 29, 30, 31
Valid weekdays: Saturday, Sunday
When: 23:30:00
Current Time: 2007-01-05 23:30:00
Valid Interval: 23:00:00-02:00:00
Valid days of month: 1, 2, 3, 4, 5, 6, 7, 8, 9, 10, 11, 12, 13, 14, 15, 16, 17, 18, 19, 20, 21, 22, 23, 24, 25, 26, 27, 28, 29, 30, 31
Valid weekdays: Saturday, Sunday
When: 23:30:00
Current Time: 2007-01-06 23:00:00
Valid Interval: 23:00:00-02:00:00
Valid days of month: 1, 2, 3, 4, 5, 6, 7, 8, 9, 10, 11, 12, 13, 14, 15, 16, 17, 18, 19, 20, 21, 22, 23, 24, 25, 26, 27, 28, 29, 30, 31
Valid weekdays: Saturday, Sunday
When: 23:30:00
Current Time: 2007-01-06 02:00:00
Valid Interval: 23:00:00-02:00:00
Valid days of month: 1, 2, 3, 4, 5, 6, 7, 8, 9, 10, 11, 12, 13, 14, 15, 16, 17, 18, 19, 20, 21, 22, 23, 24, 25, 26, 27, 28, 29, 30, 31
Valid weekdays: Saturday, Sunday
When: 23:30:00
Current Time: 2007-01-07 23:40:00
Valid Interval: 23:00:00-02:00:00
Valid days of month: 1, 2, 3, 4, 5, 6, 7, 8, 9, 10, 11, 12, 13, 14, 15, 16, 17, 18, 19, 20, 21, 22, 23, 24, 25, 26, 27, 28, 29, 30, 31
Valid weekdays: Saturday, Sunday
When: 23:30:00
Current Time: 2007-01-07 01:00:00
Valid Interval: 13:00:00-16:00:00
Valid days of month: 1, 2, 3, 4, 5, 6, 7, 8, 9, 10, 11, 12, 13, 14, 15, 16, 17, 18, 19, 20, 21, 22, 23, 24, 25, 26, 27, 28, 29, 30, 31
Valid weekdays: Saturday, Sunday
When: 14:00:00
Current Time: 2007-01-06 14:30:00
Valid Interval: 13:00:00-16:00:00
Valid days of month: 1, 2, 3, 4, 5, 6, 7, 8, 9, 10, 11, 12, 13, 14, 15, 16, 17, 18, 19, 20, 21, 22, 23, 24, 25, 26, 27, 28, 29, 30, 31
Valid weekdays: Saturday, Sunday
When: 14:00:00
Current Time: 2007-01-07 15:00:00
Valid Interval: 23:00:00-02:00:00
Valid days of month: 1, 2, 3, 4, 5, 6, 7, 8, 9, 10, 11, 12, 13, 14, 15, 16, 17, 18, 19, 20, 21, 22, 23, 24, 25, 26, 27, 28, 29, 30, 31
Valid weekdays: Saturday, Sunday
When: 01:00:00
Current Time: 2007-01-06 01:30:00
Valid Interval: 23:00:00-02:00:00
Valid days of month: 1, 2, 3, 4, 5, 6, 7, 8, 9, 10, 11, 12, 13, 14, 15, 16, 17, 18, 19, 20, 21, 22, 23, 24, 25, 26, 27, 28, 29, 30, 31
Valid weekdays: Saturday, Sunday
When: 01:00:00
Current Time: 2007-01-07 01:30:00
Valid Interval: 23:00:00-02:00:00
Valid days of month: 1, 2, 3, 4, 5, 6, 7, 8, 9, 10, 11, 12, 13, 14, 15, 16, 17, 18, 19, 20, 21, 22, 23, 24, 25, 26, 27, 28, 29, 30, 31
Valid weekdays: Saturday, Sunday
When: 23:30:00
Current Time: 2007-01-06 23:02:00
Valid Interval: 23:00:00-02:00:00
Valid days of month: 1, 2, 3, 4, 5, 6, 7, 8, 9, 10, 11, 12, 13, 14, 15, 16, 17, 18, 19, 20, 21, 22, 23, 24, 25, 26, 27, 28, 29, 30, 31
Valid weekdays: Saturday, Sunday
When: 23:30:00
Current Time: 2007-01-06 01:10:00
Valid Interval: 23:00:00-02:00:00
Valid days of month: 1, 2, 3, 4, 5, 6, 7, 8, 9, 10, 11, 12, 13, 14, 15, 16, 17, 18, 19, 20, 21, 22, 23, 24, 25, 26, 27, 28, 29, 30, 31
Valid weekdays: Saturday, Sunday
When: 23:30:00
Current Time: 2007-01-07 01:00:40
Valid Interval: 23:00:00-02:00:00
Valid days of month: 2
Valid weekdays: Saturday, Sunday
When: 23:30:00
Current Time: 2007-01-01 12:00:00
Valid Interval: 23:00:00-02:00:00
Valid days of month: 1, 2
Valid weekdays: Saturday, Sunday
When: 23:30:00
Current Time: 2007-01-05 23:30:00
Valid Interval: 23:00:00-02:00:00
Valid days of month: 1, 2
Valid weekdays: Saturday, Sunday
When: 23:30:00
Current Time: 2007-01-06 23:00:00</StdOut>
      </Output>
    </UnitTestResult>
    <UnitTestResult executionId="6d6a1e44-ff60-4043-94fa-263c904c1829" testId="a1557b37-5741-43c8-8ee9-8ae9adef38e1" testName="GetNextTimeToTrigger_AbsoluteTimer_ReturnsCorrectTime (Data Row 20)" computerName="ICSWS068" duration="00:00:00.0044289" startTime="2016-08-04T07:57:22.7036609+02:00" endTime="2016-08-04T07:57:22.7081637+02:00" testType="13cdc9d9-ddb5-4fa4-a97d-d965ccfc6d4b" outcome="Passed" testListId="8c84fa94-04c1-424b-9868-57a2d4851a1d" relativeResultsDirectory="6d6a1e44-ff60-4043-94fa-263c904c1829">
      <Output>
        <StdOut>TestContext Messages:
Valid Interval: 11:00:00-13:00:00
Valid days of month: 1, 2, 3, 4, 5, 6, 7, 8, 9, 10, 11, 12, 13, 14, 15, 16, 17, 18, 19, 20, 21, 22, 23, 24, 25, 26, 27, 28, 29, 30, 31
Valid weekdays: Monday, Tuesday, Wednesday, Thursday, Friday, Saturday, Sunday
When: 12:00:00
Current Time: 2011-01-01 00:00:00
Valid Interval: 11:00:00-13:00:00
Valid days of month: 1, 2, 3, 4, 5, 6, 7, 8, 9, 10, 11, 12, 13, 14, 15, 16, 17, 18, 19, 20, 21, 22, 23, 24, 25, 26, 27, 28, 29, 30, 31
Valid weekdays: Monday, Tuesday, Wednesday, Thursday, Friday, Saturday, Sunday
When: 12:00:00
Current Time: 2011-01-01 09:00:00
Valid Interval: 11:00:00-13:00:00
Valid days of month: 1, 2, 3, 4, 5, 6, 7, 8, 9, 10, 11, 12, 13, 14, 15, 16, 17, 18, 19, 20, 21, 22, 23, 24, 25, 26, 27, 28, 29, 30, 31
Valid weekdays: Monday, Tuesday, Wednesday, Thursday, Friday, Saturday, Sunday
When: 12:00:00
Current Time: 2011-01-01 11:00:00
Valid Interval: 11:00:00-13:00:00
Valid days of month: 1, 2, 3, 4, 5, 6, 7, 8, 9, 10, 11, 12, 13, 14, 15, 16, 17, 18, 19, 20, 21, 22, 23, 24, 25, 26, 27, 28, 29, 30, 31
Valid weekdays: Monday, Tuesday, Wednesday, Thursday, Friday, Saturday, Sunday
When: 12:00:00
Current Time: 2011-01-01 12:00:00
Valid Interval: 11:00:00-13:00:00
Valid days of month: 1, 2, 3, 4, 5, 6, 7, 8, 9, 10, 11, 12, 13, 14, 15, 16, 17, 18, 19, 20, 21, 22, 23, 24, 25, 26, 27, 28, 29, 30, 31
Valid weekdays: Monday, Tuesday, Wednesday, Thursday, Friday, Saturday, Sunday
When: 12:00:00
Current Time: 2011-01-01 12:30:00
Valid Interval: 11:00:00-13:00:00
Valid days of month: 1, 2, 3, 4, 5, 6, 7, 8, 9, 10, 11, 12, 13, 14, 15, 16, 17, 18, 19, 20, 21, 22, 23, 24, 25, 26, 27, 28, 29, 30, 31
Valid weekdays: Monday, Tuesday, Wednesday, Thursday, Friday, Saturday, Sunday
When: 12:00:00
Current Time: 2011-01-01 13:00:00
Valid Interval: 11:00:00-13:00:00
Valid days of month: 1, 2, 3, 4, 5, 6, 7, 8, 9, 10, 11, 12, 13, 14, 15, 16, 17, 18, 19, 20, 21, 22, 23, 24, 25, 26, 27, 28, 29, 30, 31
Valid weekdays: Monday, Tuesday, Wednesday, Thursday, Friday, Saturday, Sunday
When: 12:00:00
Current Time: 2011-01-02 00:00:00
Valid Interval: 11:00:00-13:00:00
Valid days of month: 1, 2, 3, 4, 5, 6, 7, 8, 9, 10, 11, 12, 13, 14, 15, 16, 17, 18, 19, 20, 21, 22, 23, 24, 25, 26, 27, 28, 29, 30, 31
Valid weekdays: Monday, Tuesday, Wednesday, Thursday, Friday, Saturday, Sunday
When: 12:00:00
Current Time: 2011-01-02 09:00:00
Valid Interval: 11:00:00-13:00:00
Valid days of month: 1, 2, 3, 4, 5, 6, 7, 8, 9, 10, 11, 12, 13, 14, 15, 16, 17, 18, 19, 20, 21, 22, 23, 24, 25, 26, 27, 28, 29, 30, 31
Valid weekdays: Monday, Tuesday, Wednesday, Thursday, Friday, Saturday, Sunday
When: 12:00:00
Current Time: 2011-01-02 12:00:00
Valid Interval: 11:00:00-13:00:00
Valid days of month: 1, 2, 3, 4, 5, 6, 7, 8, 9, 10, 11, 12, 13, 14, 15, 16, 17, 18, 19, 20, 21, 22, 23, 24, 25, 26, 27, 28, 29, 30, 31
Valid weekdays: Monday, Tuesday, Wednesday, Thursday, Friday, Saturday, Sunday
When: 12:00:00
Current Time: 2011-01-02 12:45:30
Valid Interval: 11:00:00-13:00:00
Valid days of month: 1, 2, 3, 4, 5, 6, 7, 8, 9, 10, 11, 12, 13, 14, 15, 16, 17, 18, 19, 20, 21, 22, 23, 24, 25, 26, 27, 28, 29, 30, 31
Valid weekdays: Monday, Tuesday, Wednesday, Thursday, Friday, Saturday, Sunday
When: 12:00:00
Current Time: 2011-01-02 13:00:00
Valid Interval: 11:00:00-13:00:00
Valid days of month: 1, 2, 3, 4, 5, 6, 7, 8, 9, 10, 11, 12, 13, 14, 15, 16, 17, 18, 19, 20, 21, 22, 23, 24, 25, 26, 27, 28, 29, 30, 31
Valid weekdays: Monday, Tuesday, Wednesday, Thursday, Friday, Saturday, Sunday
When: 12:00:00
Current Time: 2011-01-01 12:00:00
Valid Interval: 11:00:00-13:00:00
Valid days of month: 1, 2, 3, 4, 5, 6, 7, 8, 9, 10, 11, 12, 13, 14, 15, 16, 17, 18, 19, 20, 21, 22, 23, 24, 25, 26, 27, 28, 29, 30, 31
Valid weekdays: Monday, Tuesday, Wednesday, Thursday, Friday, Saturday, Sunday
When: 12:00:00
Current Time: 2011-01-01 12:30:00
Valid Interval: 11:00:00-13:00:00
Valid days of month: 1, 2, 3, 4, 5, 6, 7, 8, 9, 10, 11, 12, 13, 14, 15, 16, 17, 18, 19, 20, 21, 22, 23, 24, 25, 26, 27, 28, 29, 30, 31
Valid weekdays: Monday, Tuesday, Wednesday, Thursday, Friday, Saturday, Sunday
When: 12:00:00
Current Time: 2011-01-01 12:30:00
Valid Interval: 11:00:00-13:00:00
Valid days of month: 1, 2, 3, 4, 5, 6, 7, 8, 9, 10, 11, 12, 13, 14, 15, 16, 17, 18, 19, 20, 21, 22, 23, 24, 25, 26, 27, 28, 29, 30, 31
Valid weekdays: Monday, Tuesday, Wednesday, Thursday, Friday, Saturday, Sunday
When: 12:00:00
Current Time: 2011-01-01 13:00:00
Valid Interval: 11:00:00-13:00:00
Valid days of month: 1, 2, 3, 4, 5, 6, 7, 8, 9, 10, 11, 12, 13, 14, 15, 16, 17, 18, 19, 20, 21, 22, 23, 24, 25, 26, 27, 28, 29, 30, 31
Valid weekdays: Monday, Tuesday, Wednesday, Thursday, Friday, Saturday, Sunday
When: 12:00:00
Current Time: 2011-01-01 14:30:00
Valid Interval: 23:00:00-13:00:00
Valid days of month: 1, 2, 3, 4, 5, 6, 7, 8, 9, 10, 11, 12, 13, 14, 15, 16, 17, 18, 19, 20, 21, 22, 23, 24, 25, 26, 27, 28, 29, 30, 31
Valid weekdays: Monday, Tuesday, Wednesday, Thursday, Friday, Saturday, Sunday
When: 23:30:00
Current Time: 2011-01-01 16:00:00
Valid Interval: 23:00:00-13:00:00
Valid days of month: 1, 2, 3, 4, 5, 6, 7, 8, 9, 10, 11, 12, 13, 14, 15, 16, 17, 18, 19, 20, 21, 22, 23, 24, 25, 26, 27, 28, 29, 30, 31
Valid weekdays: Monday, Tuesday, Wednesday, Thursday, Friday, Saturday, Sunday
When: 23:30:00
Current Time: 2011-01-01 23:00:00
Valid Interval: 23:00:00-13:00:00
Valid days of month: 1, 2, 3, 4, 5, 6, 7, 8, 9, 10, 11, 12, 13, 14, 15, 16, 17, 18, 19, 20, 21, 22, 23, 24, 25, 26, 27, 28, 29, 30, 31
Valid weekdays: Monday, Tuesday, Wednesday, Thursday, Friday, Saturday, Sunday
When: 23:30:00
Current Time: 2011-01-01 23:30:00
Valid Interval: 23:00:00-13:00:00
Valid days of month: 1, 2, 3, 4, 5, 6, 7, 8, 9, 10, 11, 12, 13, 14, 15, 16, 17, 18, 19, 20, 21, 22, 23, 24, 25, 26, 27, 28, 29, 30, 31
Valid weekdays: Monday, Tuesday, Wednesday, Thursday, Friday, Saturday, Sunday
When: 23:30:00
Current Time: 2011-01-01 23:45:00
Valid Interval: 23:00:00-13:00:00
Valid days of month: 1, 2, 3, 4, 5, 6, 7, 8, 9, 10, 11, 12, 13, 14, 15, 16, 17, 18, 19, 20, 21, 22, 23, 24, 25, 26, 27, 28, 29, 30, 31
Valid weekdays: Monday, Tuesday, Wednesday, Thursday, Friday, Saturday, Sunday
When: 23:30:00
Current Time: 2011-01-02 00:30:00
Valid Interval: 23:00:00-13:00:00
Valid days of month: 1, 2, 3, 4, 5, 6, 7, 8, 9, 10, 11, 12, 13, 14, 15, 16, 17, 18, 19, 20, 21, 22, 23, 24, 25, 26, 27, 28, 29, 30, 31
Valid weekdays: Monday, Tuesday, Wednesday, Thursday, Friday, Saturday, Sunday
When: 23:30:00
Current Time: 2011-01-01 13:00:00
Valid Interval: 23:00:00-13:00:00
Valid days of month: 1, 2, 3, 4, 5, 6, 7, 8, 9, 10, 11, 12, 13, 14, 15, 16, 17, 18, 19, 20, 21, 22, 23, 24, 25, 26, 27, 28, 29, 30, 31
Valid weekdays: Monday, Tuesday, Wednesday, Thursday, Friday, Saturday, Sunday
When: 01:00:00
Current Time: 2011-01-01 16:00:00
Valid Interval: 23:00:00-13:00:00
Valid days of month: 1, 2, 3, 4, 5, 6, 7, 8, 9, 10, 11, 12, 13, 14, 15, 16, 17, 18, 19, 20, 21, 22, 23, 24, 25, 26, 27, 28, 29, 30, 31
Valid weekdays: Monday, Tuesday, Wednesday, Thursday, Friday, Saturday, Sunday
When: 01:00:00
Current Time: 2011-01-01 23:00:00
Valid Interval: 23:00:00-13:00:00
Valid days of month: 1, 2, 3, 4, 5, 6, 7, 8, 9, 10, 11, 12, 13, 14, 15, 16, 17, 18, 19, 20, 21, 22, 23, 24, 25, 26, 27, 28, 29, 30, 31
Valid weekdays: Monday, Tuesday, Wednesday, Thursday, Friday, Saturday, Sunday
When: 01:00:00
Current Time: 2011-01-01 23:30:00
Valid Interval: 23:00:00-13:00:00
Valid days of month: 1, 2, 3, 4, 5, 6, 7, 8, 9, 10, 11, 12, 13, 14, 15, 16, 17, 18, 19, 20, 21, 22, 23, 24, 25, 26, 27, 28, 29, 30, 31
Valid weekdays: Monday, Tuesday, Wednesday, Thursday, Friday, Saturday, Sunday
When: 01:00:00
Current Time: 2011-01-02 00:30:00
Valid Interval: 23:00:00-13:00:00
Valid days of month: 1, 2, 3, 4, 5, 6, 7, 8, 9, 10, 11, 12, 13, 14, 15, 16, 17, 18, 19, 20, 21, 22, 23, 24, 25, 26, 27, 28, 29, 30, 31
Valid weekdays: Monday, Tuesday, Wednesday, Thursday, Friday, Saturday, Sunday
When: 01:00:00
Current Time: 2011-01-01 02:00:00
Valid Interval: 23:00:00-13:00:00
Valid days of month: 1, 2, 3, 4, 5, 6, 7, 8, 9, 10, 11, 12, 13, 14, 15, 16, 17, 18, 19, 20, 21, 22, 23, 24, 25, 26, 27, 28, 29, 30, 31
Valid weekdays: Monday, Tuesday, Wednesday, Thursday, Friday, Saturday, Sunday
When: 01:00:00
Current Time: 2011-01-01 13:00:00
Valid Interval: 23:00:00-13:00:00
Valid days of month: 1, 2, 3, 4, 5, 6, 7, 8, 9, 10, 11, 12, 13, 14, 15, 16, 17, 18, 19, 20, 21, 22, 23, 24, 25, 26, 27, 28, 29, 30, 31
Valid weekdays: Monday, Tuesday, Wednesday, Thursday, Friday, Saturday, Sunday
When: 23:30:00
Current Time: 2011-01-01 16:00:00
Valid Interval: 23:00:00-13:00:00
Valid days of month: 1, 2, 3, 4, 5, 6, 7, 8, 9, 10, 11, 12, 13, 14, 15, 16, 17, 18, 19, 20, 21, 22, 23, 24, 25, 26, 27, 28, 29, 30, 31
Valid weekdays: Monday, Tuesday, Wednesday, Thursday, Friday, Saturday, Sunday
When: 23:30:00
Current Time: 2011-01-01 23:00:00
Valid Interval: 23:00:00-13:00:00
Valid days of month: 1, 2, 3, 4, 5, 6, 7, 8, 9, 10, 11, 12, 13, 14, 15, 16, 17, 18, 19, 20, 21, 22, 23, 24, 25, 26, 27, 28, 29, 30, 31
Valid weekdays: Monday, Tuesday, Wednesday, Thursday, Friday, Saturday, Sunday
When: 23:30:00
Current Time: 2011-01-01 23:30:00
Valid Interval: 23:00:00-13:00:00
Valid days of month: 1, 2, 3, 4, 5, 6, 7, 8, 9, 10, 11, 12, 13, 14, 15, 16, 17, 18, 19, 20, 21, 22, 23, 24, 25, 26, 27, 28, 29, 30, 31
Valid weekdays: Monday, Tuesday, Wednesday, Thursday, Friday, Saturday, Sunday
When: 23:30:00
Current Time: 2011-01-01 23:45:00
Valid Interval: 23:00:00-13:00:00
Valid days of month: 1, 2, 3, 4, 5, 6, 7, 8, 9, 10, 11, 12, 13, 14, 15, 16, 17, 18, 19, 20, 21, 22, 23, 24, 25, 26, 27, 28, 29, 30, 31
Valid weekdays: Monday, Tuesday, Wednesday, Thursday, Friday, Saturday, Sunday
When: 23:30:00
Current Time: 2011-01-02 00:30:00
Valid Interval: 23:00:00-13:00:00
Valid days of month: 1, 2, 3, 4, 5, 6, 7, 8, 9, 10, 11, 12, 13, 14, 15, 16, 17, 18, 19, 20, 21, 22, 23, 24, 25, 26, 27, 28, 29, 30, 31
Valid weekdays: Monday, Tuesday, Wednesday, Thursday, Friday, Saturday, Sunday
When: 23:30:00
Current Time: 2011-01-01 13:00:00
Valid Interval: 23:00:00-13:00:00
Valid days of month: 1, 2, 3, 4, 5, 6, 7, 8, 9, 10, 11, 12, 13, 14, 15, 16, 17, 18, 19, 20, 21, 22, 23, 24, 25, 26, 27, 28, 29, 30, 31
Valid weekdays: Monday, Tuesday, Wednesday, Thursday, Friday, Saturday, Sunday
When: 01:00:00
Current Time: 2011-01-01 16:00:00
Valid Interval: 23:00:00-13:00:00
Valid days of month: 1, 2, 3, 4, 5, 6, 7, 8, 9, 10, 11, 12, 13, 14, 15, 16, 17, 18, 19, 20, 21, 22, 23, 24, 25, 26, 27, 28, 29, 30, 31
Valid weekdays: Monday, Tuesday, Wednesday, Thursday, Friday, Saturday, Sunday
When: 01:00:00
Current Time: 2011-01-01 23:00:00
Valid Interval: 23:00:00-13:00:00
Valid days of month: 1, 2, 3, 4, 5, 6, 7, 8, 9, 10, 11, 12, 13, 14, 15, 16, 17, 18, 19, 20, 21, 22, 23, 24, 25, 26, 27, 28, 29, 30, 31
Valid weekdays: Monday, Tuesday, Wednesday, Thursday, Friday, Saturday, Sunday
When: 01:00:00
Current Time: 2011-01-01 23:30:00
Valid Interval: 23:00:00-13:00:00
Valid days of month: 1, 2, 3, 4, 5, 6, 7, 8, 9, 10, 11, 12, 13, 14, 15, 16, 17, 18, 19, 20, 21, 22, 23, 24, 25, 26, 27, 28, 29, 30, 31
Valid weekdays: Monday, Tuesday, Wednesday, Thursday, Friday, Saturday, Sunday
When: 01:00:00
Current Time: 2011-01-02 00:30:00
Valid Interval: 23:00:00-13:00:00
Valid days of month: 1, 2, 3, 4, 5, 6, 7, 8, 9, 10, 11, 12, 13, 14, 15, 16, 17, 18, 19, 20, 21, 22, 23, 24, 25, 26, 27, 28, 29, 30, 31
Valid weekdays: Monday, Tuesday, Wednesday, Thursday, Friday, Saturday, Sunday
When: 01:00:00
Current Time: 2011-01-02 02:00:00
Valid Interval: 23:00:00-13:00:00
Valid days of month: 1, 2, 3, 4, 5, 6, 7, 8, 9, 10, 11, 12, 13, 14, 15, 16, 17, 18, 19, 20, 21, 22, 23, 24, 25, 26, 27, 28, 29, 30, 31
Valid weekdays: Monday, Tuesday, Wednesday, Thursday, Friday, Saturday, Sunday
When: 01:00:00
Current Time: 2011-01-02 13:00:00
Valid Interval: 23:00:00-13:00:00
Valid days of month: 1, 2, 3, 4, 5, 6, 7, 8, 9, 10, 11, 12, 13, 14, 15, 16, 17, 18, 19, 20, 21, 22, 23, 24, 25, 26, 27, 28, 29, 30, 31
Valid weekdays: Monday, Tuesday, Wednesday, Thursday, Friday, Saturday, Sunday
When: 23:30:00
Current Time: 2011-01-01 23:30:05
Valid Interval: 23:00:00-13:00:00
Valid days of month: 1, 2, 3, 4, 5, 6, 7, 8, 9, 10, 11, 12, 13, 14, 15, 16, 17, 18, 19, 20, 21, 22, 23, 24, 25, 26, 27, 28, 29, 30, 31
Valid weekdays: Monday, Tuesday, Wednesday, Thursday, Friday, Saturday, Sunday
When: 23:30:00
Current Time: 2011-01-02 00:30:00
Valid Interval: 23:00:00-13:00:00
Valid days of month: 1, 2, 3, 4, 5, 6, 7, 8, 9, 10, 11, 12, 13, 14, 15, 16, 17, 18, 19, 20, 21, 22, 23, 24, 25, 26, 27, 28, 29, 30, 31
Valid weekdays: Monday, Tuesday, Wednesday, Thursday, Friday, Saturday, Sunday
When: 23:30:00
Current Time: 2011-01-02 13:00:00
Valid Interval: 23:00:00-13:00:00
Valid days of month: 1, 2, 3, 4, 5, 6, 7, 8, 9, 10, 11, 12, 13, 14, 15, 16, 17, 18, 19, 20, 21, 22, 23, 24, 25, 26, 27, 28, 29, 30, 31
Valid weekdays: Monday, Tuesday, Wednesday, Thursday, Friday, Saturday, Sunday
When: 01:00:00
Current Time: 2011-01-01 02:00:00
Valid Interval: 23:00:00-13:00:00
Valid days of month: 1, 2, 3, 4, 5, 6, 7, 8, 9, 10, 11, 12, 13, 14, 15, 16, 17, 18, 19, 20, 21, 22, 23, 24, 25, 26, 27, 28, 29, 30, 31
Valid weekdays: Monday, Tuesday, Wednesday, Thursday, Friday, Saturday, Sunday
When: 01:00:00
Current Time: 2011-01-02 02:00:00
Valid Interval: 13:00:00-16:00:00
Valid days of month: 1, 2, 3, 4, 5, 6, 7, 8, 9, 10, 11, 12, 13, 14, 15, 16, 17, 18, 19, 20, 21, 22, 23, 24, 25, 26, 27, 28, 29, 30, 31
Valid weekdays: Saturday, Sunday
When: 14:00:00
Current Time: 2007-01-01 12:00:00
Valid Interval: 13:00:00-16:00:00
Valid days of month: 1, 2, 3, 4, 5, 6, 7, 8, 9, 10, 11, 12, 13, 14, 15, 16, 17, 18, 19, 20, 21, 22, 23, 24, 25, 26, 27, 28, 29, 30, 31
Valid weekdays: Saturday, Sunday
When: 14:00:00
Current Time: 2007-01-02 13:30:00
Valid Interval: 13:00:00-16:00:00
Valid days of month: 1, 2, 3, 4, 5, 6, 7, 8, 9, 10, 11, 12, 13, 14, 15, 16, 17, 18, 19, 20, 21, 22, 23, 24, 25, 26, 27, 28, 29, 30, 31
Valid weekdays: Saturday, Sunday
When: 14:00:00
Current Time: 2007-01-06 13:30:00
Valid Interval: 13:00:00-16:00:00
Valid days of month: 1, 2, 3, 4, 5, 6, 7, 8, 9, 10, 11, 12, 13, 14, 15, 16, 17, 18, 19, 20, 21, 22, 23, 24, 25, 26, 27, 28, 29, 30, 31
Valid weekdays: Saturday, Sunday
When: 14:00:00
Current Time: 2007-01-06 14:30:00
Valid Interval: 13:00:00-16:00:00
Valid days of month: 1, 2, 3, 4, 5, 6, 7, 8, 9, 10, 11, 12, 13, 14, 15, 16, 17, 18, 19, 20, 21, 22, 23, 24, 25, 26, 27, 28, 29, 30, 31
Valid weekdays: Saturday, Sunday
When: 14:00:00
Current Time: 2007-01-06 16:30:00
Valid Interval: 13:00:00-16:00:00
Valid days of month: 1, 2, 3, 4, 5, 6, 7, 8, 9, 10, 11, 12, 13, 14, 15, 16, 17, 18, 19, 20, 21, 22, 23, 24, 25, 26, 27, 28, 29, 30, 31
Valid weekdays: Saturday, Sunday
When: 14:00:00
Current Time: 2007-01-07 16:00:00
Valid Interval: 23:00:00-02:00:00
Valid days of month: 1, 2, 3, 4, 5, 6, 7, 8, 9, 10, 11, 12, 13, 14, 15, 16, 17, 18, 19, 20, 21, 22, 23, 24, 25, 26, 27, 28, 29, 30, 31
Valid weekdays: Saturday, Sunday
When: 01:00:00
Current Time: 2007-01-01 12:00:00
Valid Interval: 23:00:00-02:00:00
Valid days of month: 1, 2, 3, 4, 5, 6, 7, 8, 9, 10, 11, 12, 13, 14, 15, 16, 17, 18, 19, 20, 21, 22, 23, 24, 25, 26, 27, 28, 29, 30, 31
Valid weekdays: Saturday, Sunday
When: 01:00:00
Current Time: 2007-01-02 01:00:00
Valid Interval: 23:00:00-02:00:00
Valid days of month: 1, 2, 3, 4, 5, 6, 7, 8, 9, 10, 11, 12, 13, 14, 15, 16, 17, 18, 19, 20, 21, 22, 23, 24, 25, 26, 27, 28, 29, 30, 31
Valid weekdays: Saturday, Sunday
When: 01:00:00
Current Time: 2007-01-06 00:30:00
Valid Interval: 23:00:00-02:00:00
Valid days of month: 1, 2, 3, 4, 5, 6, 7, 8, 9, 10, 11, 12, 13, 14, 15, 16, 17, 18, 19, 20, 21, 22, 23, 24, 25, 26, 27, 28, 29, 30, 31
Valid weekdays: Saturday, Sunday
When: 01:00:00
Current Time: 2007-01-06 01:30:00
Valid Interval: 23:00:00-02:00:00
Valid days of month: 1, 2, 3, 4, 5, 6, 7, 8, 9, 10, 11, 12, 13, 14, 15, 16, 17, 18, 19, 20, 21, 22, 23, 24, 25, 26, 27, 28, 29, 30, 31
Valid weekdays: Saturday, Sunday
When: 01:00:00
Current Time: 2007-01-06 02:30:00
Valid Interval: 23:00:00-02:00:00
Valid days of month: 1, 2, 3, 4, 5, 6, 7, 8, 9, 10, 11, 12, 13, 14, 15, 16, 17, 18, 19, 20, 21, 22, 23, 24, 25, 26, 27, 28, 29, 30, 31
Valid weekdays: Saturday, Sunday
When: 01:00:00
Current Time: 2007-01-07 02:00:00
Valid Interval: 23:00:00-02:00:00
Valid days of month: 1, 2, 3, 4, 5, 6, 7, 8, 9, 10, 11, 12, 13, 14, 15, 16, 17, 18, 19, 20, 21, 22, 23, 24, 25, 26, 27, 28, 29, 30, 31
Valid weekdays: Saturday, Sunday
When: 23:30:00
Current Time: 2007-01-01 12:00:00
Valid Interval: 23:00:00-02:00:00
Valid days of month: 1, 2, 3, 4, 5, 6, 7, 8, 9, 10, 11, 12, 13, 14, 15, 16, 17, 18, 19, 20, 21, 22, 23, 24, 25, 26, 27, 28, 29, 30, 31
Valid weekdays: Saturday, Sunday
When: 23:30:00
Current Time: 2007-01-05 23:30:00
Valid Interval: 23:00:00-02:00:00
Valid days of month: 1, 2, 3, 4, 5, 6, 7, 8, 9, 10, 11, 12, 13, 14, 15, 16, 17, 18, 19, 20, 21, 22, 23, 24, 25, 26, 27, 28, 29, 30, 31
Valid weekdays: Saturday, Sunday
When: 23:30:00
Current Time: 2007-01-06 23:00:00
Valid Interval: 23:00:00-02:00:00
Valid days of month: 1, 2, 3, 4, 5, 6, 7, 8, 9, 10, 11, 12, 13, 14, 15, 16, 17, 18, 19, 20, 21, 22, 23, 24, 25, 26, 27, 28, 29, 30, 31
Valid weekdays: Saturday, Sunday
When: 23:30:00
Current Time: 2007-01-06 02:00:00
Valid Interval: 23:00:00-02:00:00
Valid days of month: 1, 2, 3, 4, 5, 6, 7, 8, 9, 10, 11, 12, 13, 14, 15, 16, 17, 18, 19, 20, 21, 22, 23, 24, 25, 26, 27, 28, 29, 30, 31
Valid weekdays: Saturday, Sunday
When: 23:30:00
Current Time: 2007-01-07 23:40:00
Valid Interval: 23:00:00-02:00:00
Valid days of month: 1, 2, 3, 4, 5, 6, 7, 8, 9, 10, 11, 12, 13, 14, 15, 16, 17, 18, 19, 20, 21, 22, 23, 24, 25, 26, 27, 28, 29, 30, 31
Valid weekdays: Saturday, Sunday
When: 23:30:00
Current Time: 2007-01-07 01:00:00
Valid Interval: 13:00:00-16:00:00
Valid days of month: 1, 2, 3, 4, 5, 6, 7, 8, 9, 10, 11, 12, 13, 14, 15, 16, 17, 18, 19, 20, 21, 22, 23, 24, 25, 26, 27, 28, 29, 30, 31
Valid weekdays: Saturday, Sunday
When: 14:00:00
Current Time: 2007-01-01 12:00:00
Valid Interval: 13:00:00-16:00:00
Valid days of month: 1, 2, 3, 4, 5, 6, 7, 8, 9, 10, 11, 12, 13, 14, 15, 16, 17, 18, 19, 20, 21, 22, 23, 24, 25, 26, 27, 28, 29, 30, 31
Valid weekdays: Saturday, Sunday
When: 14:00:00
Current Time: 2007-01-02 13:30:00
Valid Interval: 13:00:00-16:00:00
Valid days of month: 1, 2, 3, 4, 5, 6, 7, 8, 9, 10, 11, 12, 13, 14, 15, 16, 17, 18, 19, 20, 21, 22, 23, 24, 25, 26, 27, 28, 29, 30, 31
Valid weekdays: Saturday, Sunday
When: 14:00:00
Current Time: 2007-01-06 13:30:00
Valid Interval: 13:00:00-16:00:00
Valid days of month: 1, 2, 3, 4, 5, 6, 7, 8, 9, 10, 11, 12, 13, 14, 15, 16, 17, 18, 19, 20, 21, 22, 23, 24, 25, 26, 27, 28, 29, 30, 31
Valid weekdays: Saturday, Sunday
When: 14:00:00
Current Time: 2007-01-06 14:30:00
Valid Interval: 13:00:00-16:00:00
Valid days of month: 1, 2, 3, 4, 5, 6, 7, 8, 9, 10, 11, 12, 13, 14, 15, 16, 17, 18, 19, 20, 21, 22, 23, 24, 25, 26, 27, 28, 29, 30, 31
Valid weekdays: Saturday, Sunday
When: 14:00:00
Current Time: 2007-01-06 16:30:00
Valid Interval: 13:00:00-16:00:00
Valid days of month: 1, 2, 3, 4, 5, 6, 7, 8, 9, 10, 11, 12, 13, 14, 15, 16, 17, 18, 19, 20, 21, 22, 23, 24, 25, 26, 27, 28, 29, 30, 31
Valid weekdays: Saturday, Sunday
When: 14:00:00
Current Time: 2007-01-07 16:00:00
Valid Interval: 23:00:00-02:00:00
Valid days of month: 1, 2, 3, 4, 5, 6, 7, 8, 9, 10, 11, 12, 13, 14, 15, 16, 17, 18, 19, 20, 21, 22, 23, 24, 25, 26, 27, 28, 29, 30, 31
Valid weekdays: Saturday, Sunday
When: 01:00:00
Current Time: 2007-01-01 12:00:00
Valid Interval: 23:00:00-02:00:00
Valid days of month: 1, 2, 3, 4, 5, 6, 7, 8, 9, 10, 11, 12, 13, 14, 15, 16, 17, 18, 19, 20, 21, 22, 23, 24, 25, 26, 27, 28, 29, 30, 31
Valid weekdays: Saturday, Sunday
When: 01:00:00
Current Time: 2007-01-02 01:00:00
Valid Interval: 23:00:00-02:00:00
Valid days of month: 1, 2, 3, 4, 5, 6, 7, 8, 9, 10, 11, 12, 13, 14, 15, 16, 17, 18, 19, 20, 21, 22, 23, 24, 25, 26, 27, 28, 29, 30, 31
Valid weekdays: Saturday, Sunday
When: 01:00:00
Current Time: 2007-01-06 00:30:00
Valid Interval: 23:00:00-02:00:00
Valid days of month: 1, 2, 3, 4, 5, 6, 7, 8, 9, 10, 11, 12, 13, 14, 15, 16, 17, 18, 19, 20, 21, 22, 23, 24, 25, 26, 27, 28, 29, 30, 31
Valid weekdays: Saturday, Sunday
When: 01:00:00
Current Time: 2007-01-06 02:30:00
Valid Interval: 23:00:00-02:00:00
Valid days of month: 1, 2, 3, 4, 5, 6, 7, 8, 9, 10, 11, 12, 13, 14, 15, 16, 17, 18, 19, 20, 21, 22, 23, 24, 25, 26, 27, 28, 29, 30, 31
Valid weekdays: Saturday, Sunday
When: 23:30:00
Current Time: 2007-01-01 12:00:00
Valid Interval: 23:00:00-02:00:00
Valid days of month: 1, 2, 3, 4, 5, 6, 7, 8, 9, 10, 11, 12, 13, 14, 15, 16, 17, 18, 19, 20, 21, 22, 23, 24, 25, 26, 27, 28, 29, 30, 31
Valid weekdays: Saturday, Sunday
When: 23:30:00
Current Time: 2007-01-05 23:30:00
Valid Interval: 23:00:00-02:00:00
Valid days of month: 1, 2, 3, 4, 5, 6, 7, 8, 9, 10, 11, 12, 13, 14, 15, 16, 17, 18, 19, 20, 21, 22, 23, 24, 25, 26, 27, 28, 29, 30, 31
Valid weekdays: Saturday, Sunday
When: 23:30:00
Current Time: 2007-01-06 23:00:00
Valid Interval: 23:00:00-02:00:00
Valid days of month: 1, 2, 3, 4, 5, 6, 7, 8, 9, 10, 11, 12, 13, 14, 15, 16, 17, 18, 19, 20, 21, 22, 23, 24, 25, 26, 27, 28, 29, 30, 31
Valid weekdays: Saturday, Sunday
When: 23:30:00
Current Time: 2007-01-06 02:00:00
Valid Interval: 23:00:00-02:00:00
Valid days of month: 1, 2, 3, 4, 5, 6, 7, 8, 9, 10, 11, 12, 13, 14, 15, 16, 17, 18, 19, 20, 21, 22, 23, 24, 25, 26, 27, 28, 29, 30, 31
Valid weekdays: Saturday, Sunday
When: 23:30:00
Current Time: 2007-01-07 23:40:00
Valid Interval: 23:00:00-02:00:00
Valid days of month: 1, 2, 3, 4, 5, 6, 7, 8, 9, 10, 11, 12, 13, 14, 15, 16, 17, 18, 19, 20, 21, 22, 23, 24, 25, 26, 27, 28, 29, 30, 31
Valid weekdays: Saturday, Sunday
When: 23:30:00
Current Time: 2007-01-07 01:00:00
Valid Interval: 13:00:00-16:00:00
Valid days of month: 1, 2, 3, 4, 5, 6, 7, 8, 9, 10, 11, 12, 13, 14, 15, 16, 17, 18, 19, 20, 21, 22, 23, 24, 25, 26, 27, 28, 29, 30, 31
Valid weekdays: Saturday, Sunday
When: 14:00:00
Current Time: 2007-01-06 14:30:00
Valid Interval: 13:00:00-16:00:00
Valid days of month: 1, 2, 3, 4, 5, 6, 7, 8, 9, 10, 11, 12, 13, 14, 15, 16, 17, 18, 19, 20, 21, 22, 23, 24, 25, 26, 27, 28, 29, 30, 31
Valid weekdays: Saturday, Sunday
When: 14:00:00
Current Time: 2007-01-07 15:00:00
Valid Interval: 23:00:00-02:00:00
Valid days of month: 1, 2, 3, 4, 5, 6, 7, 8, 9, 10, 11, 12, 13, 14, 15, 16, 17, 18, 19, 20, 21, 22, 23, 24, 25, 26, 27, 28, 29, 30, 31
Valid weekdays: Saturday, Sunday
When: 01:00:00
Current Time: 2007-01-06 01:30:00
Valid Interval: 23:00:00-02:00:00
Valid days of month: 1, 2, 3, 4, 5, 6, 7, 8, 9, 10, 11, 12, 13, 14, 15, 16, 17, 18, 19, 20, 21, 22, 23, 24, 25, 26, 27, 28, 29, 30, 31
Valid weekdays: Saturday, Sunday
When: 01:00:00
Current Time: 2007-01-07 01:30:00
Valid Interval: 23:00:00-02:00:00
Valid days of month: 1, 2, 3, 4, 5, 6, 7, 8, 9, 10, 11, 12, 13, 14, 15, 16, 17, 18, 19, 20, 21, 22, 23, 24, 25, 26, 27, 28, 29, 30, 31
Valid weekdays: Saturday, Sunday
When: 23:30:00
Current Time: 2007-01-06 23:02:00
Valid Interval: 23:00:00-02:00:00
Valid days of month: 1, 2, 3, 4, 5, 6, 7, 8, 9, 10, 11, 12, 13, 14, 15, 16, 17, 18, 19, 20, 21, 22, 23, 24, 25, 26, 27, 28, 29, 30, 31
Valid weekdays: Saturday, Sunday
When: 23:30:00
Current Time: 2007-01-06 01:10:00
Valid Interval: 23:00:00-02:00:00
Valid days of month: 1, 2, 3, 4, 5, 6, 7, 8, 9, 10, 11, 12, 13, 14, 15, 16, 17, 18, 19, 20, 21, 22, 23, 24, 25, 26, 27, 28, 29, 30, 31
Valid weekdays: Saturday, Sunday
When: 23:30:00
Current Time: 2007-01-07 01:00:40
Valid Interval: 23:00:00-02:00:00
Valid days of month: 2
Valid weekdays: Saturday, Sunday
When: 23:30:00
Current Time: 2007-01-01 12:00:00
Valid Interval: 23:00:00-02:00:00
Valid days of month: 1, 2
Valid weekdays: Saturday, Sunday
When: 23:30:00
Current Time: 2007-01-05 23:30:00
Valid Interval: 23:00:00-02:00:00
Valid days of month: 1, 2
Valid weekdays: Saturday, Sunday
When: 23:30:00
Current Time: 2007-01-06 23:00:00</StdOut>
      </Output>
    </UnitTestResult>
    <UnitTestResult executionId="52f2a81e-59c3-45c1-8a65-f31dbf8c8357" testId="7025e34e-614d-4973-88cd-bd5b2fcc2f5f" testName="GetNextTimeToTrigger_AbsoluteTimer_ReturnsCorrectTime (Data Row 21)" computerName="ICSWS068" duration="00:00:00.0035216" startTime="2016-08-04T07:57:22.7081637+02:00" endTime="2016-08-04T07:57:22.7116660+02:00" testType="13cdc9d9-ddb5-4fa4-a97d-d965ccfc6d4b" outcome="Passed" testListId="8c84fa94-04c1-424b-9868-57a2d4851a1d" relativeResultsDirectory="52f2a81e-59c3-45c1-8a65-f31dbf8c8357">
      <Output>
        <StdOut>TestContext Messages:
Valid Interval: 11:00:00-13:00:00
Valid days of month: 1, 2, 3, 4, 5, 6, 7, 8, 9, 10, 11, 12, 13, 14, 15, 16, 17, 18, 19, 20, 21, 22, 23, 24, 25, 26, 27, 28, 29, 30, 31
Valid weekdays: Monday, Tuesday, Wednesday, Thursday, Friday, Saturday, Sunday
When: 12:00:00
Current Time: 2011-01-01 00:00:00
Valid Interval: 11:00:00-13:00:00
Valid days of month: 1, 2, 3, 4, 5, 6, 7, 8, 9, 10, 11, 12, 13, 14, 15, 16, 17, 18, 19, 20, 21, 22, 23, 24, 25, 26, 27, 28, 29, 30, 31
Valid weekdays: Monday, Tuesday, Wednesday, Thursday, Friday, Saturday, Sunday
When: 12:00:00
Current Time: 2011-01-01 09:00:00
Valid Interval: 11:00:00-13:00:00
Valid days of month: 1, 2, 3, 4, 5, 6, 7, 8, 9, 10, 11, 12, 13, 14, 15, 16, 17, 18, 19, 20, 21, 22, 23, 24, 25, 26, 27, 28, 29, 30, 31
Valid weekdays: Monday, Tuesday, Wednesday, Thursday, Friday, Saturday, Sunday
When: 12:00:00
Current Time: 2011-01-01 11:00:00
Valid Interval: 11:00:00-13:00:00
Valid days of month: 1, 2, 3, 4, 5, 6, 7, 8, 9, 10, 11, 12, 13, 14, 15, 16, 17, 18, 19, 20, 21, 22, 23, 24, 25, 26, 27, 28, 29, 30, 31
Valid weekdays: Monday, Tuesday, Wednesday, Thursday, Friday, Saturday, Sunday
When: 12:00:00
Current Time: 2011-01-01 12:00:00
Valid Interval: 11:00:00-13:00:00
Valid days of month: 1, 2, 3, 4, 5, 6, 7, 8, 9, 10, 11, 12, 13, 14, 15, 16, 17, 18, 19, 20, 21, 22, 23, 24, 25, 26, 27, 28, 29, 30, 31
Valid weekdays: Monday, Tuesday, Wednesday, Thursday, Friday, Saturday, Sunday
When: 12:00:00
Current Time: 2011-01-01 12:30:00
Valid Interval: 11:00:00-13:00:00
Valid days of month: 1, 2, 3, 4, 5, 6, 7, 8, 9, 10, 11, 12, 13, 14, 15, 16, 17, 18, 19, 20, 21, 22, 23, 24, 25, 26, 27, 28, 29, 30, 31
Valid weekdays: Monday, Tuesday, Wednesday, Thursday, Friday, Saturday, Sunday
When: 12:00:00
Current Time: 2011-01-01 13:00:00
Valid Interval: 11:00:00-13:00:00
Valid days of month: 1, 2, 3, 4, 5, 6, 7, 8, 9, 10, 11, 12, 13, 14, 15, 16, 17, 18, 19, 20, 21, 22, 23, 24, 25, 26, 27, 28, 29, 30, 31
Valid weekdays: Monday, Tuesday, Wednesday, Thursday, Friday, Saturday, Sunday
When: 12:00:00
Current Time: 2011-01-02 00:00:00
Valid Interval: 11:00:00-13:00:00
Valid days of month: 1, 2, 3, 4, 5, 6, 7, 8, 9, 10, 11, 12, 13, 14, 15, 16, 17, 18, 19, 20, 21, 22, 23, 24, 25, 26, 27, 28, 29, 30, 31
Valid weekdays: Monday, Tuesday, Wednesday, Thursday, Friday, Saturday, Sunday
When: 12:00:00
Current Time: 2011-01-02 09:00:00
Valid Interval: 11:00:00-13:00:00
Valid days of month: 1, 2, 3, 4, 5, 6, 7, 8, 9, 10, 11, 12, 13, 14, 15, 16, 17, 18, 19, 20, 21, 22, 23, 24, 25, 26, 27, 28, 29, 30, 31
Valid weekdays: Monday, Tuesday, Wednesday, Thursday, Friday, Saturday, Sunday
When: 12:00:00
Current Time: 2011-01-02 12:00:00
Valid Interval: 11:00:00-13:00:00
Valid days of month: 1, 2, 3, 4, 5, 6, 7, 8, 9, 10, 11, 12, 13, 14, 15, 16, 17, 18, 19, 20, 21, 22, 23, 24, 25, 26, 27, 28, 29, 30, 31
Valid weekdays: Monday, Tuesday, Wednesday, Thursday, Friday, Saturday, Sunday
When: 12:00:00
Current Time: 2011-01-02 12:45:30
Valid Interval: 11:00:00-13:00:00
Valid days of month: 1, 2, 3, 4, 5, 6, 7, 8, 9, 10, 11, 12, 13, 14, 15, 16, 17, 18, 19, 20, 21, 22, 23, 24, 25, 26, 27, 28, 29, 30, 31
Valid weekdays: Monday, Tuesday, Wednesday, Thursday, Friday, Saturday, Sunday
When: 12:00:00
Current Time: 2011-01-02 13:00:00
Valid Interval: 11:00:00-13:00:00
Valid days of month: 1, 2, 3, 4, 5, 6, 7, 8, 9, 10, 11, 12, 13, 14, 15, 16, 17, 18, 19, 20, 21, 22, 23, 24, 25, 26, 27, 28, 29, 30, 31
Valid weekdays: Monday, Tuesday, Wednesday, Thursday, Friday, Saturday, Sunday
When: 12:00:00
Current Time: 2011-01-01 12:00:00
Valid Interval: 11:00:00-13:00:00
Valid days of month: 1, 2, 3, 4, 5, 6, 7, 8, 9, 10, 11, 12, 13, 14, 15, 16, 17, 18, 19, 20, 21, 22, 23, 24, 25, 26, 27, 28, 29, 30, 31
Valid weekdays: Monday, Tuesday, Wednesday, Thursday, Friday, Saturday, Sunday
When: 12:00:00
Current Time: 2011-01-01 12:30:00
Valid Interval: 11:00:00-13:00:00
Valid days of month: 1, 2, 3, 4, 5, 6, 7, 8, 9, 10, 11, 12, 13, 14, 15, 16, 17, 18, 19, 20, 21, 22, 23, 24, 25, 26, 27, 28, 29, 30, 31
Valid weekdays: Monday, Tuesday, Wednesday, Thursday, Friday, Saturday, Sunday
When: 12:00:00
Current Time: 2011-01-01 12:30:00
Valid Interval: 11:00:00-13:00:00
Valid days of month: 1, 2, 3, 4, 5, 6, 7, 8, 9, 10, 11, 12, 13, 14, 15, 16, 17, 18, 19, 20, 21, 22, 23, 24, 25, 26, 27, 28, 29, 30, 31
Valid weekdays: Monday, Tuesday, Wednesday, Thursday, Friday, Saturday, Sunday
When: 12:00:00
Current Time: 2011-01-01 13:00:00
Valid Interval: 11:00:00-13:00:00
Valid days of month: 1, 2, 3, 4, 5, 6, 7, 8, 9, 10, 11, 12, 13, 14, 15, 16, 17, 18, 19, 20, 21, 22, 23, 24, 25, 26, 27, 28, 29, 30, 31
Valid weekdays: Monday, Tuesday, Wednesday, Thursday, Friday, Saturday, Sunday
When: 12:00:00
Current Time: 2011-01-01 14:30:00
Valid Interval: 23:00:00-13:00:00
Valid days of month: 1, 2, 3, 4, 5, 6, 7, 8, 9, 10, 11, 12, 13, 14, 15, 16, 17, 18, 19, 20, 21, 22, 23, 24, 25, 26, 27, 28, 29, 30, 31
Valid weekdays: Monday, Tuesday, Wednesday, Thursday, Friday, Saturday, Sunday
When: 23:30:00
Current Time: 2011-01-01 16:00:00
Valid Interval: 23:00:00-13:00:00
Valid days of month: 1, 2, 3, 4, 5, 6, 7, 8, 9, 10, 11, 12, 13, 14, 15, 16, 17, 18, 19, 20, 21, 22, 23, 24, 25, 26, 27, 28, 29, 30, 31
Valid weekdays: Monday, Tuesday, Wednesday, Thursday, Friday, Saturday, Sunday
When: 23:30:00
Current Time: 2011-01-01 23:00:00
Valid Interval: 23:00:00-13:00:00
Valid days of month: 1, 2, 3, 4, 5, 6, 7, 8, 9, 10, 11, 12, 13, 14, 15, 16, 17, 18, 19, 20, 21, 22, 23, 24, 25, 26, 27, 28, 29, 30, 31
Valid weekdays: Monday, Tuesday, Wednesday, Thursday, Friday, Saturday, Sunday
When: 23:30:00
Current Time: 2011-01-01 23:30:00
Valid Interval: 23:00:00-13:00:00
Valid days of month: 1, 2, 3, 4, 5, 6, 7, 8, 9, 10, 11, 12, 13, 14, 15, 16, 17, 18, 19, 20, 21, 22, 23, 24, 25, 26, 27, 28, 29, 30, 31
Valid weekdays: Monday, Tuesday, Wednesday, Thursday, Friday, Saturday, Sunday
When: 23:30:00
Current Time: 2011-01-01 23:45:00
Valid Interval: 23:00:00-13:00:00
Valid days of month: 1, 2, 3, 4, 5, 6, 7, 8, 9, 10, 11, 12, 13, 14, 15, 16, 17, 18, 19, 20, 21, 22, 23, 24, 25, 26, 27, 28, 29, 30, 31
Valid weekdays: Monday, Tuesday, Wednesday, Thursday, Friday, Saturday, Sunday
When: 23:30:00
Current Time: 2011-01-02 00:30:00
Valid Interval: 23:00:00-13:00:00
Valid days of month: 1, 2, 3, 4, 5, 6, 7, 8, 9, 10, 11, 12, 13, 14, 15, 16, 17, 18, 19, 20, 21, 22, 23, 24, 25, 26, 27, 28, 29, 30, 31
Valid weekdays: Monday, Tuesday, Wednesday, Thursday, Friday, Saturday, Sunday
When: 23:30:00
Current Time: 2011-01-01 13:00:00
Valid Interval: 23:00:00-13:00:00
Valid days of month: 1, 2, 3, 4, 5, 6, 7, 8, 9, 10, 11, 12, 13, 14, 15, 16, 17, 18, 19, 20, 21, 22, 23, 24, 25, 26, 27, 28, 29, 30, 31
Valid weekdays: Monday, Tuesday, Wednesday, Thursday, Friday, Saturday, Sunday
When: 01:00:00
Current Time: 2011-01-01 16:00:00
Valid Interval: 23:00:00-13:00:00
Valid days of month: 1, 2, 3, 4, 5, 6, 7, 8, 9, 10, 11, 12, 13, 14, 15, 16, 17, 18, 19, 20, 21, 22, 23, 24, 25, 26, 27, 28, 29, 30, 31
Valid weekdays: Monday, Tuesday, Wednesday, Thursday, Friday, Saturday, Sunday
When: 01:00:00
Current Time: 2011-01-01 23:00:00
Valid Interval: 23:00:00-13:00:00
Valid days of month: 1, 2, 3, 4, 5, 6, 7, 8, 9, 10, 11, 12, 13, 14, 15, 16, 17, 18, 19, 20, 21, 22, 23, 24, 25, 26, 27, 28, 29, 30, 31
Valid weekdays: Monday, Tuesday, Wednesday, Thursday, Friday, Saturday, Sunday
When: 01:00:00
Current Time: 2011-01-01 23:30:00
Valid Interval: 23:00:00-13:00:00
Valid days of month: 1, 2, 3, 4, 5, 6, 7, 8, 9, 10, 11, 12, 13, 14, 15, 16, 17, 18, 19, 20, 21, 22, 23, 24, 25, 26, 27, 28, 29, 30, 31
Valid weekdays: Monday, Tuesday, Wednesday, Thursday, Friday, Saturday, Sunday
When: 01:00:00
Current Time: 2011-01-02 00:30:00
Valid Interval: 23:00:00-13:00:00
Valid days of month: 1, 2, 3, 4, 5, 6, 7, 8, 9, 10, 11, 12, 13, 14, 15, 16, 17, 18, 19, 20, 21, 22, 23, 24, 25, 26, 27, 28, 29, 30, 31
Valid weekdays: Monday, Tuesday, Wednesday, Thursday, Friday, Saturday, Sunday
When: 01:00:00
Current Time: 2011-01-01 02:00:00
Valid Interval: 23:00:00-13:00:00
Valid days of month: 1, 2, 3, 4, 5, 6, 7, 8, 9, 10, 11, 12, 13, 14, 15, 16, 17, 18, 19, 20, 21, 22, 23, 24, 25, 26, 27, 28, 29, 30, 31
Valid weekdays: Monday, Tuesday, Wednesday, Thursday, Friday, Saturday, Sunday
When: 01:00:00
Current Time: 2011-01-01 13:00:00
Valid Interval: 23:00:00-13:00:00
Valid days of month: 1, 2, 3, 4, 5, 6, 7, 8, 9, 10, 11, 12, 13, 14, 15, 16, 17, 18, 19, 20, 21, 22, 23, 24, 25, 26, 27, 28, 29, 30, 31
Valid weekdays: Monday, Tuesday, Wednesday, Thursday, Friday, Saturday, Sunday
When: 23:30:00
Current Time: 2011-01-01 16:00:00
Valid Interval: 23:00:00-13:00:00
Valid days of month: 1, 2, 3, 4, 5, 6, 7, 8, 9, 10, 11, 12, 13, 14, 15, 16, 17, 18, 19, 20, 21, 22, 23, 24, 25, 26, 27, 28, 29, 30, 31
Valid weekdays: Monday, Tuesday, Wednesday, Thursday, Friday, Saturday, Sunday
When: 23:30:00
Current Time: 2011-01-01 23:00:00
Valid Interval: 23:00:00-13:00:00
Valid days of month: 1, 2, 3, 4, 5, 6, 7, 8, 9, 10, 11, 12, 13, 14, 15, 16, 17, 18, 19, 20, 21, 22, 23, 24, 25, 26, 27, 28, 29, 30, 31
Valid weekdays: Monday, Tuesday, Wednesday, Thursday, Friday, Saturday, Sunday
When: 23:30:00
Current Time: 2011-01-01 23:30:00
Valid Interval: 23:00:00-13:00:00
Valid days of month: 1, 2, 3, 4, 5, 6, 7, 8, 9, 10, 11, 12, 13, 14, 15, 16, 17, 18, 19, 20, 21, 22, 23, 24, 25, 26, 27, 28, 29, 30, 31
Valid weekdays: Monday, Tuesday, Wednesday, Thursday, Friday, Saturday, Sunday
When: 23:30:00
Current Time: 2011-01-01 23:45:00
Valid Interval: 23:00:00-13:00:00
Valid days of month: 1, 2, 3, 4, 5, 6, 7, 8, 9, 10, 11, 12, 13, 14, 15, 16, 17, 18, 19, 20, 21, 22, 23, 24, 25, 26, 27, 28, 29, 30, 31
Valid weekdays: Monday, Tuesday, Wednesday, Thursday, Friday, Saturday, Sunday
When: 23:30:00
Current Time: 2011-01-02 00:30:00
Valid Interval: 23:00:00-13:00:00
Valid days of month: 1, 2, 3, 4, 5, 6, 7, 8, 9, 10, 11, 12, 13, 14, 15, 16, 17, 18, 19, 20, 21, 22, 23, 24, 25, 26, 27, 28, 29, 30, 31
Valid weekdays: Monday, Tuesday, Wednesday, Thursday, Friday, Saturday, Sunday
When: 23:30:00
Current Time: 2011-01-01 13:00:00
Valid Interval: 23:00:00-13:00:00
Valid days of month: 1, 2, 3, 4, 5, 6, 7, 8, 9, 10, 11, 12, 13, 14, 15, 16, 17, 18, 19, 20, 21, 22, 23, 24, 25, 26, 27, 28, 29, 30, 31
Valid weekdays: Monday, Tuesday, Wednesday, Thursday, Friday, Saturday, Sunday
When: 01:00:00
Current Time: 2011-01-01 16:00:00
Valid Interval: 23:00:00-13:00:00
Valid days of month: 1, 2, 3, 4, 5, 6, 7, 8, 9, 10, 11, 12, 13, 14, 15, 16, 17, 18, 19, 20, 21, 22, 23, 24, 25, 26, 27, 28, 29, 30, 31
Valid weekdays: Monday, Tuesday, Wednesday, Thursday, Friday, Saturday, Sunday
When: 01:00:00
Current Time: 2011-01-01 23:00:00
Valid Interval: 23:00:00-13:00:00
Valid days of month: 1, 2, 3, 4, 5, 6, 7, 8, 9, 10, 11, 12, 13, 14, 15, 16, 17, 18, 19, 20, 21, 22, 23, 24, 25, 26, 27, 28, 29, 30, 31
Valid weekdays: Monday, Tuesday, Wednesday, Thursday, Friday, Saturday, Sunday
When: 01:00:00
Current Time: 2011-01-01 23:30:00
Valid Interval: 23:00:00-13:00:00
Valid days of month: 1, 2, 3, 4, 5, 6, 7, 8, 9, 10, 11, 12, 13, 14, 15, 16, 17, 18, 19, 20, 21, 22, 23, 24, 25, 26, 27, 28, 29, 30, 31
Valid weekdays: Monday, Tuesday, Wednesday, Thursday, Friday, Saturday, Sunday
When: 01:00:00
Current Time: 2011-01-02 00:30:00
Valid Interval: 23:00:00-13:00:00
Valid days of month: 1, 2, 3, 4, 5, 6, 7, 8, 9, 10, 11, 12, 13, 14, 15, 16, 17, 18, 19, 20, 21, 22, 23, 24, 25, 26, 27, 28, 29, 30, 31
Valid weekdays: Monday, Tuesday, Wednesday, Thursday, Friday, Saturday, Sunday
When: 01:00:00
Current Time: 2011-01-02 02:00:00
Valid Interval: 23:00:00-13:00:00
Valid days of month: 1, 2, 3, 4, 5, 6, 7, 8, 9, 10, 11, 12, 13, 14, 15, 16, 17, 18, 19, 20, 21, 22, 23, 24, 25, 26, 27, 28, 29, 30, 31
Valid weekdays: Monday, Tuesday, Wednesday, Thursday, Friday, Saturday, Sunday
When: 01:00:00
Current Time: 2011-01-02 13:00:00
Valid Interval: 23:00:00-13:00:00
Valid days of month: 1, 2, 3, 4, 5, 6, 7, 8, 9, 10, 11, 12, 13, 14, 15, 16, 17, 18, 19, 20, 21, 22, 23, 24, 25, 26, 27, 28, 29, 30, 31
Valid weekdays: Monday, Tuesday, Wednesday, Thursday, Friday, Saturday, Sunday
When: 23:30:00
Current Time: 2011-01-01 23:30:05
Valid Interval: 23:00:00-13:00:00
Valid days of month: 1, 2, 3, 4, 5, 6, 7, 8, 9, 10, 11, 12, 13, 14, 15, 16, 17, 18, 19, 20, 21, 22, 23, 24, 25, 26, 27, 28, 29, 30, 31
Valid weekdays: Monday, Tuesday, Wednesday, Thursday, Friday, Saturday, Sunday
When: 23:30:00
Current Time: 2011-01-02 00:30:00
Valid Interval: 23:00:00-13:00:00
Valid days of month: 1, 2, 3, 4, 5, 6, 7, 8, 9, 10, 11, 12, 13, 14, 15, 16, 17, 18, 19, 20, 21, 22, 23, 24, 25, 26, 27, 28, 29, 30, 31
Valid weekdays: Monday, Tuesday, Wednesday, Thursday, Friday, Saturday, Sunday
When: 23:30:00
Current Time: 2011-01-02 13:00:00
Valid Interval: 23:00:00-13:00:00
Valid days of month: 1, 2, 3, 4, 5, 6, 7, 8, 9, 10, 11, 12, 13, 14, 15, 16, 17, 18, 19, 20, 21, 22, 23, 24, 25, 26, 27, 28, 29, 30, 31
Valid weekdays: Monday, Tuesday, Wednesday, Thursday, Friday, Saturday, Sunday
When: 01:00:00
Current Time: 2011-01-01 02:00:00
Valid Interval: 23:00:00-13:00:00
Valid days of month: 1, 2, 3, 4, 5, 6, 7, 8, 9, 10, 11, 12, 13, 14, 15, 16, 17, 18, 19, 20, 21, 22, 23, 24, 25, 26, 27, 28, 29, 30, 31
Valid weekdays: Monday, Tuesday, Wednesday, Thursday, Friday, Saturday, Sunday
When: 01:00:00
Current Time: 2011-01-02 02:00:00
Valid Interval: 13:00:00-16:00:00
Valid days of month: 1, 2, 3, 4, 5, 6, 7, 8, 9, 10, 11, 12, 13, 14, 15, 16, 17, 18, 19, 20, 21, 22, 23, 24, 25, 26, 27, 28, 29, 30, 31
Valid weekdays: Saturday, Sunday
When: 14:00:00
Current Time: 2007-01-01 12:00:00
Valid Interval: 13:00:00-16:00:00
Valid days of month: 1, 2, 3, 4, 5, 6, 7, 8, 9, 10, 11, 12, 13, 14, 15, 16, 17, 18, 19, 20, 21, 22, 23, 24, 25, 26, 27, 28, 29, 30, 31
Valid weekdays: Saturday, Sunday
When: 14:00:00
Current Time: 2007-01-02 13:30:00
Valid Interval: 13:00:00-16:00:00
Valid days of month: 1, 2, 3, 4, 5, 6, 7, 8, 9, 10, 11, 12, 13, 14, 15, 16, 17, 18, 19, 20, 21, 22, 23, 24, 25, 26, 27, 28, 29, 30, 31
Valid weekdays: Saturday, Sunday
When: 14:00:00
Current Time: 2007-01-06 13:30:00
Valid Interval: 13:00:00-16:00:00
Valid days of month: 1, 2, 3, 4, 5, 6, 7, 8, 9, 10, 11, 12, 13, 14, 15, 16, 17, 18, 19, 20, 21, 22, 23, 24, 25, 26, 27, 28, 29, 30, 31
Valid weekdays: Saturday, Sunday
When: 14:00:00
Current Time: 2007-01-06 14:30:00
Valid Interval: 13:00:00-16:00:00
Valid days of month: 1, 2, 3, 4, 5, 6, 7, 8, 9, 10, 11, 12, 13, 14, 15, 16, 17, 18, 19, 20, 21, 22, 23, 24, 25, 26, 27, 28, 29, 30, 31
Valid weekdays: Saturday, Sunday
When: 14:00:00
Current Time: 2007-01-06 16:30:00
Valid Interval: 13:00:00-16:00:00
Valid days of month: 1, 2, 3, 4, 5, 6, 7, 8, 9, 10, 11, 12, 13, 14, 15, 16, 17, 18, 19, 20, 21, 22, 23, 24, 25, 26, 27, 28, 29, 30, 31
Valid weekdays: Saturday, Sunday
When: 14:00:00
Current Time: 2007-01-07 16:00:00
Valid Interval: 23:00:00-02:00:00
Valid days of month: 1, 2, 3, 4, 5, 6, 7, 8, 9, 10, 11, 12, 13, 14, 15, 16, 17, 18, 19, 20, 21, 22, 23, 24, 25, 26, 27, 28, 29, 30, 31
Valid weekdays: Saturday, Sunday
When: 01:00:00
Current Time: 2007-01-01 12:00:00
Valid Interval: 23:00:00-02:00:00
Valid days of month: 1, 2, 3, 4, 5, 6, 7, 8, 9, 10, 11, 12, 13, 14, 15, 16, 17, 18, 19, 20, 21, 22, 23, 24, 25, 26, 27, 28, 29, 30, 31
Valid weekdays: Saturday, Sunday
When: 01:00:00
Current Time: 2007-01-02 01:00:00
Valid Interval: 23:00:00-02:00:00
Valid days of month: 1, 2, 3, 4, 5, 6, 7, 8, 9, 10, 11, 12, 13, 14, 15, 16, 17, 18, 19, 20, 21, 22, 23, 24, 25, 26, 27, 28, 29, 30, 31
Valid weekdays: Saturday, Sunday
When: 01:00:00
Current Time: 2007-01-06 00:30:00
Valid Interval: 23:00:00-02:00:00
Valid days of month: 1, 2, 3, 4, 5, 6, 7, 8, 9, 10, 11, 12, 13, 14, 15, 16, 17, 18, 19, 20, 21, 22, 23, 24, 25, 26, 27, 28, 29, 30, 31
Valid weekdays: Saturday, Sunday
When: 01:00:00
Current Time: 2007-01-06 01:30:00
Valid Interval: 23:00:00-02:00:00
Valid days of month: 1, 2, 3, 4, 5, 6, 7, 8, 9, 10, 11, 12, 13, 14, 15, 16, 17, 18, 19, 20, 21, 22, 23, 24, 25, 26, 27, 28, 29, 30, 31
Valid weekdays: Saturday, Sunday
When: 01:00:00
Current Time: 2007-01-06 02:30:00
Valid Interval: 23:00:00-02:00:00
Valid days of month: 1, 2, 3, 4, 5, 6, 7, 8, 9, 10, 11, 12, 13, 14, 15, 16, 17, 18, 19, 20, 21, 22, 23, 24, 25, 26, 27, 28, 29, 30, 31
Valid weekdays: Saturday, Sunday
When: 01:00:00
Current Time: 2007-01-07 02:00:00
Valid Interval: 23:00:00-02:00:00
Valid days of month: 1, 2, 3, 4, 5, 6, 7, 8, 9, 10, 11, 12, 13, 14, 15, 16, 17, 18, 19, 20, 21, 22, 23, 24, 25, 26, 27, 28, 29, 30, 31
Valid weekdays: Saturday, Sunday
When: 23:30:00
Current Time: 2007-01-01 12:00:00
Valid Interval: 23:00:00-02:00:00
Valid days of month: 1, 2, 3, 4, 5, 6, 7, 8, 9, 10, 11, 12, 13, 14, 15, 16, 17, 18, 19, 20, 21, 22, 23, 24, 25, 26, 27, 28, 29, 30, 31
Valid weekdays: Saturday, Sunday
When: 23:30:00
Current Time: 2007-01-05 23:30:00
Valid Interval: 23:00:00-02:00:00
Valid days of month: 1, 2, 3, 4, 5, 6, 7, 8, 9, 10, 11, 12, 13, 14, 15, 16, 17, 18, 19, 20, 21, 22, 23, 24, 25, 26, 27, 28, 29, 30, 31
Valid weekdays: Saturday, Sunday
When: 23:30:00
Current Time: 2007-01-06 23:00:00
Valid Interval: 23:00:00-02:00:00
Valid days of month: 1, 2, 3, 4, 5, 6, 7, 8, 9, 10, 11, 12, 13, 14, 15, 16, 17, 18, 19, 20, 21, 22, 23, 24, 25, 26, 27, 28, 29, 30, 31
Valid weekdays: Saturday, Sunday
When: 23:30:00
Current Time: 2007-01-06 02:00:00
Valid Interval: 23:00:00-02:00:00
Valid days of month: 1, 2, 3, 4, 5, 6, 7, 8, 9, 10, 11, 12, 13, 14, 15, 16, 17, 18, 19, 20, 21, 22, 23, 24, 25, 26, 27, 28, 29, 30, 31
Valid weekdays: Saturday, Sunday
When: 23:30:00
Current Time: 2007-01-07 23:40:00
Valid Interval: 23:00:00-02:00:00
Valid days of month: 1, 2, 3, 4, 5, 6, 7, 8, 9, 10, 11, 12, 13, 14, 15, 16, 17, 18, 19, 20, 21, 22, 23, 24, 25, 26, 27, 28, 29, 30, 31
Valid weekdays: Saturday, Sunday
When: 23:30:00
Current Time: 2007-01-07 01:00:00
Valid Interval: 13:00:00-16:00:00
Valid days of month: 1, 2, 3, 4, 5, 6, 7, 8, 9, 10, 11, 12, 13, 14, 15, 16, 17, 18, 19, 20, 21, 22, 23, 24, 25, 26, 27, 28, 29, 30, 31
Valid weekdays: Saturday, Sunday
When: 14:00:00
Current Time: 2007-01-01 12:00:00
Valid Interval: 13:00:00-16:00:00
Valid days of month: 1, 2, 3, 4, 5, 6, 7, 8, 9, 10, 11, 12, 13, 14, 15, 16, 17, 18, 19, 20, 21, 22, 23, 24, 25, 26, 27, 28, 29, 30, 31
Valid weekdays: Saturday, Sunday
When: 14:00:00
Current Time: 2007-01-02 13:30:00
Valid Interval: 13:00:00-16:00:00
Valid days of month: 1, 2, 3, 4, 5, 6, 7, 8, 9, 10, 11, 12, 13, 14, 15, 16, 17, 18, 19, 20, 21, 22, 23, 24, 25, 26, 27, 28, 29, 30, 31
Valid weekdays: Saturday, Sunday
When: 14:00:00
Current Time: 2007-01-06 13:30:00
Valid Interval: 13:00:00-16:00:00
Valid days of month: 1, 2, 3, 4, 5, 6, 7, 8, 9, 10, 11, 12, 13, 14, 15, 16, 17, 18, 19, 20, 21, 22, 23, 24, 25, 26, 27, 28, 29, 30, 31
Valid weekdays: Saturday, Sunday
When: 14:00:00
Current Time: 2007-01-06 14:30:00
Valid Interval: 13:00:00-16:00:00
Valid days of month: 1, 2, 3, 4, 5, 6, 7, 8, 9, 10, 11, 12, 13, 14, 15, 16, 17, 18, 19, 20, 21, 22, 23, 24, 25, 26, 27, 28, 29, 30, 31
Valid weekdays: Saturday, Sunday
When: 14:00:00
Current Time: 2007-01-06 16:30:00
Valid Interval: 13:00:00-16:00:00
Valid days of month: 1, 2, 3, 4, 5, 6, 7, 8, 9, 10, 11, 12, 13, 14, 15, 16, 17, 18, 19, 20, 21, 22, 23, 24, 25, 26, 27, 28, 29, 30, 31
Valid weekdays: Saturday, Sunday
When: 14:00:00
Current Time: 2007-01-07 16:00:00
Valid Interval: 23:00:00-02:00:00
Valid days of month: 1, 2, 3, 4, 5, 6, 7, 8, 9, 10, 11, 12, 13, 14, 15, 16, 17, 18, 19, 20, 21, 22, 23, 24, 25, 26, 27, 28, 29, 30, 31
Valid weekdays: Saturday, Sunday
When: 01:00:00
Current Time: 2007-01-01 12:00:00
Valid Interval: 23:00:00-02:00:00
Valid days of month: 1, 2, 3, 4, 5, 6, 7, 8, 9, 10, 11, 12, 13, 14, 15, 16, 17, 18, 19, 20, 21, 22, 23, 24, 25, 26, 27, 28, 29, 30, 31
Valid weekdays: Saturday, Sunday
When: 01:00:00
Current Time: 2007-01-02 01:00:00
Valid Interval: 23:00:00-02:00:00
Valid days of month: 1, 2, 3, 4, 5, 6, 7, 8, 9, 10, 11, 12, 13, 14, 15, 16, 17, 18, 19, 20, 21, 22, 23, 24, 25, 26, 27, 28, 29, 30, 31
Valid weekdays: Saturday, Sunday
When: 01:00:00
Current Time: 2007-01-06 00:30:00
Valid Interval: 23:00:00-02:00:00
Valid days of month: 1, 2, 3, 4, 5, 6, 7, 8, 9, 10, 11, 12, 13, 14, 15, 16, 17, 18, 19, 20, 21, 22, 23, 24, 25, 26, 27, 28, 29, 30, 31
Valid weekdays: Saturday, Sunday
When: 01:00:00
Current Time: 2007-01-06 02:30:00
Valid Interval: 23:00:00-02:00:00
Valid days of month: 1, 2, 3, 4, 5, 6, 7, 8, 9, 10, 11, 12, 13, 14, 15, 16, 17, 18, 19, 20, 21, 22, 23, 24, 25, 26, 27, 28, 29, 30, 31
Valid weekdays: Saturday, Sunday
When: 23:30:00
Current Time: 2007-01-01 12:00:00
Valid Interval: 23:00:00-02:00:00
Valid days of month: 1, 2, 3, 4, 5, 6, 7, 8, 9, 10, 11, 12, 13, 14, 15, 16, 17, 18, 19, 20, 21, 22, 23, 24, 25, 26, 27, 28, 29, 30, 31
Valid weekdays: Saturday, Sunday
When: 23:30:00
Current Time: 2007-01-05 23:30:00
Valid Interval: 23:00:00-02:00:00
Valid days of month: 1, 2, 3, 4, 5, 6, 7, 8, 9, 10, 11, 12, 13, 14, 15, 16, 17, 18, 19, 20, 21, 22, 23, 24, 25, 26, 27, 28, 29, 30, 31
Valid weekdays: Saturday, Sunday
When: 23:30:00
Current Time: 2007-01-06 23:00:00
Valid Interval: 23:00:00-02:00:00
Valid days of month: 1, 2, 3, 4, 5, 6, 7, 8, 9, 10, 11, 12, 13, 14, 15, 16, 17, 18, 19, 20, 21, 22, 23, 24, 25, 26, 27, 28, 29, 30, 31
Valid weekdays: Saturday, Sunday
When: 23:30:00
Current Time: 2007-01-06 02:00:00
Valid Interval: 23:00:00-02:00:00
Valid days of month: 1, 2, 3, 4, 5, 6, 7, 8, 9, 10, 11, 12, 13, 14, 15, 16, 17, 18, 19, 20, 21, 22, 23, 24, 25, 26, 27, 28, 29, 30, 31
Valid weekdays: Saturday, Sunday
When: 23:30:00
Current Time: 2007-01-07 23:40:00
Valid Interval: 23:00:00-02:00:00
Valid days of month: 1, 2, 3, 4, 5, 6, 7, 8, 9, 10, 11, 12, 13, 14, 15, 16, 17, 18, 19, 20, 21, 22, 23, 24, 25, 26, 27, 28, 29, 30, 31
Valid weekdays: Saturday, Sunday
When: 23:30:00
Current Time: 2007-01-07 01:00:00
Valid Interval: 13:00:00-16:00:00
Valid days of month: 1, 2, 3, 4, 5, 6, 7, 8, 9, 10, 11, 12, 13, 14, 15, 16, 17, 18, 19, 20, 21, 22, 23, 24, 25, 26, 27, 28, 29, 30, 31
Valid weekdays: Saturday, Sunday
When: 14:00:00
Current Time: 2007-01-06 14:30:00
Valid Interval: 13:00:00-16:00:00
Valid days of month: 1, 2, 3, 4, 5, 6, 7, 8, 9, 10, 11, 12, 13, 14, 15, 16, 17, 18, 19, 20, 21, 22, 23, 24, 25, 26, 27, 28, 29, 30, 31
Valid weekdays: Saturday, Sunday
When: 14:00:00
Current Time: 2007-01-07 15:00:00
Valid Interval: 23:00:00-02:00:00
Valid days of month: 1, 2, 3, 4, 5, 6, 7, 8, 9, 10, 11, 12, 13, 14, 15, 16, 17, 18, 19, 20, 21, 22, 23, 24, 25, 26, 27, 28, 29, 30, 31
Valid weekdays: Saturday, Sunday
When: 01:00:00
Current Time: 2007-01-06 01:30:00
Valid Interval: 23:00:00-02:00:00
Valid days of month: 1, 2, 3, 4, 5, 6, 7, 8, 9, 10, 11, 12, 13, 14, 15, 16, 17, 18, 19, 20, 21, 22, 23, 24, 25, 26, 27, 28, 29, 30, 31
Valid weekdays: Saturday, Sunday
When: 01:00:00
Current Time: 2007-01-07 01:30:00
Valid Interval: 23:00:00-02:00:00
Valid days of month: 1, 2, 3, 4, 5, 6, 7, 8, 9, 10, 11, 12, 13, 14, 15, 16, 17, 18, 19, 20, 21, 22, 23, 24, 25, 26, 27, 28, 29, 30, 31
Valid weekdays: Saturday, Sunday
When: 23:30:00
Current Time: 2007-01-06 23:02:00
Valid Interval: 23:00:00-02:00:00
Valid days of month: 1, 2, 3, 4, 5, 6, 7, 8, 9, 10, 11, 12, 13, 14, 15, 16, 17, 18, 19, 20, 21, 22, 23, 24, 25, 26, 27, 28, 29, 30, 31
Valid weekdays: Saturday, Sunday
When: 23:30:00
Current Time: 2007-01-06 01:10:00
Valid Interval: 23:00:00-02:00:00
Valid days of month: 1, 2, 3, 4, 5, 6, 7, 8, 9, 10, 11, 12, 13, 14, 15, 16, 17, 18, 19, 20, 21, 22, 23, 24, 25, 26, 27, 28, 29, 30, 31
Valid weekdays: Saturday, Sunday
When: 23:30:00
Current Time: 2007-01-07 01:00:40
Valid Interval: 23:00:00-02:00:00
Valid days of month: 2
Valid weekdays: Saturday, Sunday
When: 23:30:00
Current Time: 2007-01-01 12:00:00
Valid Interval: 23:00:00-02:00:00
Valid days of month: 1, 2
Valid weekdays: Saturday, Sunday
When: 23:30:00
Current Time: 2007-01-05 23:30:00
Valid Interval: 23:00:00-02:00:00
Valid days of month: 1, 2
Valid weekdays: Saturday, Sunday
When: 23:30:00
Current Time: 2007-01-06 23:00:00</StdOut>
      </Output>
    </UnitTestResult>
    <UnitTestResult executionId="0161710e-c264-49e7-8f69-8bbaa81aca72" testId="075a725f-4568-4c61-a5e5-e24b42131185" testName="GetNextTimeToTrigger_AbsoluteTimer_ReturnsCorrectTime (Data Row 22)" computerName="ICSWS068" duration="00:00:00.0038559" startTime="2016-08-04T07:57:22.7116660+02:00" endTime="2016-08-04T07:57:22.7151610+02:00" testType="13cdc9d9-ddb5-4fa4-a97d-d965ccfc6d4b" outcome="Passed" testListId="8c84fa94-04c1-424b-9868-57a2d4851a1d" relativeResultsDirectory="0161710e-c264-49e7-8f69-8bbaa81aca72">
      <Output>
        <StdOut>TestContext Messages:
Valid Interval: 11:00:00-13:00:00
Valid days of month: 1, 2, 3, 4, 5, 6, 7, 8, 9, 10, 11, 12, 13, 14, 15, 16, 17, 18, 19, 20, 21, 22, 23, 24, 25, 26, 27, 28, 29, 30, 31
Valid weekdays: Monday, Tuesday, Wednesday, Thursday, Friday, Saturday, Sunday
When: 12:00:00
Current Time: 2011-01-01 00:00:00
Valid Interval: 11:00:00-13:00:00
Valid days of month: 1, 2, 3, 4, 5, 6, 7, 8, 9, 10, 11, 12, 13, 14, 15, 16, 17, 18, 19, 20, 21, 22, 23, 24, 25, 26, 27, 28, 29, 30, 31
Valid weekdays: Monday, Tuesday, Wednesday, Thursday, Friday, Saturday, Sunday
When: 12:00:00
Current Time: 2011-01-01 09:00:00
Valid Interval: 11:00:00-13:00:00
Valid days of month: 1, 2, 3, 4, 5, 6, 7, 8, 9, 10, 11, 12, 13, 14, 15, 16, 17, 18, 19, 20, 21, 22, 23, 24, 25, 26, 27, 28, 29, 30, 31
Valid weekdays: Monday, Tuesday, Wednesday, Thursday, Friday, Saturday, Sunday
When: 12:00:00
Current Time: 2011-01-01 11:00:00
Valid Interval: 11:00:00-13:00:00
Valid days of month: 1, 2, 3, 4, 5, 6, 7, 8, 9, 10, 11, 12, 13, 14, 15, 16, 17, 18, 19, 20, 21, 22, 23, 24, 25, 26, 27, 28, 29, 30, 31
Valid weekdays: Monday, Tuesday, Wednesday, Thursday, Friday, Saturday, Sunday
When: 12:00:00
Current Time: 2011-01-01 12:00:00
Valid Interval: 11:00:00-13:00:00
Valid days of month: 1, 2, 3, 4, 5, 6, 7, 8, 9, 10, 11, 12, 13, 14, 15, 16, 17, 18, 19, 20, 21, 22, 23, 24, 25, 26, 27, 28, 29, 30, 31
Valid weekdays: Monday, Tuesday, Wednesday, Thursday, Friday, Saturday, Sunday
When: 12:00:00
Current Time: 2011-01-01 12:30:00
Valid Interval: 11:00:00-13:00:00
Valid days of month: 1, 2, 3, 4, 5, 6, 7, 8, 9, 10, 11, 12, 13, 14, 15, 16, 17, 18, 19, 20, 21, 22, 23, 24, 25, 26, 27, 28, 29, 30, 31
Valid weekdays: Monday, Tuesday, Wednesday, Thursday, Friday, Saturday, Sunday
When: 12:00:00
Current Time: 2011-01-01 13:00:00
Valid Interval: 11:00:00-13:00:00
Valid days of month: 1, 2, 3, 4, 5, 6, 7, 8, 9, 10, 11, 12, 13, 14, 15, 16, 17, 18, 19, 20, 21, 22, 23, 24, 25, 26, 27, 28, 29, 30, 31
Valid weekdays: Monday, Tuesday, Wednesday, Thursday, Friday, Saturday, Sunday
When: 12:00:00
Current Time: 2011-01-02 00:00:00
Valid Interval: 11:00:00-13:00:00
Valid days of month: 1, 2, 3, 4, 5, 6, 7, 8, 9, 10, 11, 12, 13, 14, 15, 16, 17, 18, 19, 20, 21, 22, 23, 24, 25, 26, 27, 28, 29, 30, 31
Valid weekdays: Monday, Tuesday, Wednesday, Thursday, Friday, Saturday, Sunday
When: 12:00:00
Current Time: 2011-01-02 09:00:00
Valid Interval: 11:00:00-13:00:00
Valid days of month: 1, 2, 3, 4, 5, 6, 7, 8, 9, 10, 11, 12, 13, 14, 15, 16, 17, 18, 19, 20, 21, 22, 23, 24, 25, 26, 27, 28, 29, 30, 31
Valid weekdays: Monday, Tuesday, Wednesday, Thursday, Friday, Saturday, Sunday
When: 12:00:00
Current Time: 2011-01-02 12:00:00
Valid Interval: 11:00:00-13:00:00
Valid days of month: 1, 2, 3, 4, 5, 6, 7, 8, 9, 10, 11, 12, 13, 14, 15, 16, 17, 18, 19, 20, 21, 22, 23, 24, 25, 26, 27, 28, 29, 30, 31
Valid weekdays: Monday, Tuesday, Wednesday, Thursday, Friday, Saturday, Sunday
When: 12:00:00
Current Time: 2011-01-02 12:45:30
Valid Interval: 11:00:00-13:00:00
Valid days of month: 1, 2, 3, 4, 5, 6, 7, 8, 9, 10, 11, 12, 13, 14, 15, 16, 17, 18, 19, 20, 21, 22, 23, 24, 25, 26, 27, 28, 29, 30, 31
Valid weekdays: Monday, Tuesday, Wednesday, Thursday, Friday, Saturday, Sunday
When: 12:00:00
Current Time: 2011-01-02 13:00:00
Valid Interval: 11:00:00-13:00:00
Valid days of month: 1, 2, 3, 4, 5, 6, 7, 8, 9, 10, 11, 12, 13, 14, 15, 16, 17, 18, 19, 20, 21, 22, 23, 24, 25, 26, 27, 28, 29, 30, 31
Valid weekdays: Monday, Tuesday, Wednesday, Thursday, Friday, Saturday, Sunday
When: 12:00:00
Current Time: 2011-01-01 12:00:00
Valid Interval: 11:00:00-13:00:00
Valid days of month: 1, 2, 3, 4, 5, 6, 7, 8, 9, 10, 11, 12, 13, 14, 15, 16, 17, 18, 19, 20, 21, 22, 23, 24, 25, 26, 27, 28, 29, 30, 31
Valid weekdays: Monday, Tuesday, Wednesday, Thursday, Friday, Saturday, Sunday
When: 12:00:00
Current Time: 2011-01-01 12:30:00
Valid Interval: 11:00:00-13:00:00
Valid days of month: 1, 2, 3, 4, 5, 6, 7, 8, 9, 10, 11, 12, 13, 14, 15, 16, 17, 18, 19, 20, 21, 22, 23, 24, 25, 26, 27, 28, 29, 30, 31
Valid weekdays: Monday, Tuesday, Wednesday, Thursday, Friday, Saturday, Sunday
When: 12:00:00
Current Time: 2011-01-01 12:30:00
Valid Interval: 11:00:00-13:00:00
Valid days of month: 1, 2, 3, 4, 5, 6, 7, 8, 9, 10, 11, 12, 13, 14, 15, 16, 17, 18, 19, 20, 21, 22, 23, 24, 25, 26, 27, 28, 29, 30, 31
Valid weekdays: Monday, Tuesday, Wednesday, Thursday, Friday, Saturday, Sunday
When: 12:00:00
Current Time: 2011-01-01 13:00:00
Valid Interval: 11:00:00-13:00:00
Valid days of month: 1, 2, 3, 4, 5, 6, 7, 8, 9, 10, 11, 12, 13, 14, 15, 16, 17, 18, 19, 20, 21, 22, 23, 24, 25, 26, 27, 28, 29, 30, 31
Valid weekdays: Monday, Tuesday, Wednesday, Thursday, Friday, Saturday, Sunday
When: 12:00:00
Current Time: 2011-01-01 14:30:00
Valid Interval: 23:00:00-13:00:00
Valid days of month: 1, 2, 3, 4, 5, 6, 7, 8, 9, 10, 11, 12, 13, 14, 15, 16, 17, 18, 19, 20, 21, 22, 23, 24, 25, 26, 27, 28, 29, 30, 31
Valid weekdays: Monday, Tuesday, Wednesday, Thursday, Friday, Saturday, Sunday
When: 23:30:00
Current Time: 2011-01-01 16:00:00
Valid Interval: 23:00:00-13:00:00
Valid days of month: 1, 2, 3, 4, 5, 6, 7, 8, 9, 10, 11, 12, 13, 14, 15, 16, 17, 18, 19, 20, 21, 22, 23, 24, 25, 26, 27, 28, 29, 30, 31
Valid weekdays: Monday, Tuesday, Wednesday, Thursday, Friday, Saturday, Sunday
When: 23:30:00
Current Time: 2011-01-01 23:00:00
Valid Interval: 23:00:00-13:00:00
Valid days of month: 1, 2, 3, 4, 5, 6, 7, 8, 9, 10, 11, 12, 13, 14, 15, 16, 17, 18, 19, 20, 21, 22, 23, 24, 25, 26, 27, 28, 29, 30, 31
Valid weekdays: Monday, Tuesday, Wednesday, Thursday, Friday, Saturday, Sunday
When: 23:30:00
Current Time: 2011-01-01 23:30:00
Valid Interval: 23:00:00-13:00:00
Valid days of month: 1, 2, 3, 4, 5, 6, 7, 8, 9, 10, 11, 12, 13, 14, 15, 16, 17, 18, 19, 20, 21, 22, 23, 24, 25, 26, 27, 28, 29, 30, 31
Valid weekdays: Monday, Tuesday, Wednesday, Thursday, Friday, Saturday, Sunday
When: 23:30:00
Current Time: 2011-01-01 23:45:00
Valid Interval: 23:00:00-13:00:00
Valid days of month: 1, 2, 3, 4, 5, 6, 7, 8, 9, 10, 11, 12, 13, 14, 15, 16, 17, 18, 19, 20, 21, 22, 23, 24, 25, 26, 27, 28, 29, 30, 31
Valid weekdays: Monday, Tuesday, Wednesday, Thursday, Friday, Saturday, Sunday
When: 23:30:00
Current Time: 2011-01-02 00:30:00
Valid Interval: 23:00:00-13:00:00
Valid days of month: 1, 2, 3, 4, 5, 6, 7, 8, 9, 10, 11, 12, 13, 14, 15, 16, 17, 18, 19, 20, 21, 22, 23, 24, 25, 26, 27, 28, 29, 30, 31
Valid weekdays: Monday, Tuesday, Wednesday, Thursday, Friday, Saturday, Sunday
When: 23:30:00
Current Time: 2011-01-01 13:00:00
Valid Interval: 23:00:00-13:00:00
Valid days of month: 1, 2, 3, 4, 5, 6, 7, 8, 9, 10, 11, 12, 13, 14, 15, 16, 17, 18, 19, 20, 21, 22, 23, 24, 25, 26, 27, 28, 29, 30, 31
Valid weekdays: Monday, Tuesday, Wednesday, Thursday, Friday, Saturday, Sunday
When: 01:00:00
Current Time: 2011-01-01 16:00:00
Valid Interval: 23:00:00-13:00:00
Valid days of month: 1, 2, 3, 4, 5, 6, 7, 8, 9, 10, 11, 12, 13, 14, 15, 16, 17, 18, 19, 20, 21, 22, 23, 24, 25, 26, 27, 28, 29, 30, 31
Valid weekdays: Monday, Tuesday, Wednesday, Thursday, Friday, Saturday, Sunday
When: 01:00:00
Current Time: 2011-01-01 23:00:00
Valid Interval: 23:00:00-13:00:00
Valid days of month: 1, 2, 3, 4, 5, 6, 7, 8, 9, 10, 11, 12, 13, 14, 15, 16, 17, 18, 19, 20, 21, 22, 23, 24, 25, 26, 27, 28, 29, 30, 31
Valid weekdays: Monday, Tuesday, Wednesday, Thursday, Friday, Saturday, Sunday
When: 01:00:00
Current Time: 2011-01-01 23:30:00
Valid Interval: 23:00:00-13:00:00
Valid days of month: 1, 2, 3, 4, 5, 6, 7, 8, 9, 10, 11, 12, 13, 14, 15, 16, 17, 18, 19, 20, 21, 22, 23, 24, 25, 26, 27, 28, 29, 30, 31
Valid weekdays: Monday, Tuesday, Wednesday, Thursday, Friday, Saturday, Sunday
When: 01:00:00
Current Time: 2011-01-02 00:30:00
Valid Interval: 23:00:00-13:00:00
Valid days of month: 1, 2, 3, 4, 5, 6, 7, 8, 9, 10, 11, 12, 13, 14, 15, 16, 17, 18, 19, 20, 21, 22, 23, 24, 25, 26, 27, 28, 29, 30, 31
Valid weekdays: Monday, Tuesday, Wednesday, Thursday, Friday, Saturday, Sunday
When: 01:00:00
Current Time: 2011-01-01 02:00:00
Valid Interval: 23:00:00-13:00:00
Valid days of month: 1, 2, 3, 4, 5, 6, 7, 8, 9, 10, 11, 12, 13, 14, 15, 16, 17, 18, 19, 20, 21, 22, 23, 24, 25, 26, 27, 28, 29, 30, 31
Valid weekdays: Monday, Tuesday, Wednesday, Thursday, Friday, Saturday, Sunday
When: 01:00:00
Current Time: 2011-01-01 13:00:00
Valid Interval: 23:00:00-13:00:00
Valid days of month: 1, 2, 3, 4, 5, 6, 7, 8, 9, 10, 11, 12, 13, 14, 15, 16, 17, 18, 19, 20, 21, 22, 23, 24, 25, 26, 27, 28, 29, 30, 31
Valid weekdays: Monday, Tuesday, Wednesday, Thursday, Friday, Saturday, Sunday
When: 23:30:00
Current Time: 2011-01-01 16:00:00
Valid Interval: 23:00:00-13:00:00
Valid days of month: 1, 2, 3, 4, 5, 6, 7, 8, 9, 10, 11, 12, 13, 14, 15, 16, 17, 18, 19, 20, 21, 22, 23, 24, 25, 26, 27, 28, 29, 30, 31
Valid weekdays: Monday, Tuesday, Wednesday, Thursday, Friday, Saturday, Sunday
When: 23:30:00
Current Time: 2011-01-01 23:00:00
Valid Interval: 23:00:00-13:00:00
Valid days of month: 1, 2, 3, 4, 5, 6, 7, 8, 9, 10, 11, 12, 13, 14, 15, 16, 17, 18, 19, 20, 21, 22, 23, 24, 25, 26, 27, 28, 29, 30, 31
Valid weekdays: Monday, Tuesday, Wednesday, Thursday, Friday, Saturday, Sunday
When: 23:30:00
Current Time: 2011-01-01 23:30:00
Valid Interval: 23:00:00-13:00:00
Valid days of month: 1, 2, 3, 4, 5, 6, 7, 8, 9, 10, 11, 12, 13, 14, 15, 16, 17, 18, 19, 20, 21, 22, 23, 24, 25, 26, 27, 28, 29, 30, 31
Valid weekdays: Monday, Tuesday, Wednesday, Thursday, Friday, Saturday, Sunday
When: 23:30:00
Current Time: 2011-01-01 23:45:00
Valid Interval: 23:00:00-13:00:00
Valid days of month: 1, 2, 3, 4, 5, 6, 7, 8, 9, 10, 11, 12, 13, 14, 15, 16, 17, 18, 19, 20, 21, 22, 23, 24, 25, 26, 27, 28, 29, 30, 31
Valid weekdays: Monday, Tuesday, Wednesday, Thursday, Friday, Saturday, Sunday
When: 23:30:00
Current Time: 2011-01-02 00:30:00
Valid Interval: 23:00:00-13:00:00
Valid days of month: 1, 2, 3, 4, 5, 6, 7, 8, 9, 10, 11, 12, 13, 14, 15, 16, 17, 18, 19, 20, 21, 22, 23, 24, 25, 26, 27, 28, 29, 30, 31
Valid weekdays: Monday, Tuesday, Wednesday, Thursday, Friday, Saturday, Sunday
When: 23:30:00
Current Time: 2011-01-01 13:00:00
Valid Interval: 23:00:00-13:00:00
Valid days of month: 1, 2, 3, 4, 5, 6, 7, 8, 9, 10, 11, 12, 13, 14, 15, 16, 17, 18, 19, 20, 21, 22, 23, 24, 25, 26, 27, 28, 29, 30, 31
Valid weekdays: Monday, Tuesday, Wednesday, Thursday, Friday, Saturday, Sunday
When: 01:00:00
Current Time: 2011-01-01 16:00:00
Valid Interval: 23:00:00-13:00:00
Valid days of month: 1, 2, 3, 4, 5, 6, 7, 8, 9, 10, 11, 12, 13, 14, 15, 16, 17, 18, 19, 20, 21, 22, 23, 24, 25, 26, 27, 28, 29, 30, 31
Valid weekdays: Monday, Tuesday, Wednesday, Thursday, Friday, Saturday, Sunday
When: 01:00:00
Current Time: 2011-01-01 23:00:00
Valid Interval: 23:00:00-13:00:00
Valid days of month: 1, 2, 3, 4, 5, 6, 7, 8, 9, 10, 11, 12, 13, 14, 15, 16, 17, 18, 19, 20, 21, 22, 23, 24, 25, 26, 27, 28, 29, 30, 31
Valid weekdays: Monday, Tuesday, Wednesday, Thursday, Friday, Saturday, Sunday
When: 01:00:00
Current Time: 2011-01-01 23:30:00
Valid Interval: 23:00:00-13:00:00
Valid days of month: 1, 2, 3, 4, 5, 6, 7, 8, 9, 10, 11, 12, 13, 14, 15, 16, 17, 18, 19, 20, 21, 22, 23, 24, 25, 26, 27, 28, 29, 30, 31
Valid weekdays: Monday, Tuesday, Wednesday, Thursday, Friday, Saturday, Sunday
When: 01:00:00
Current Time: 2011-01-02 00:30:00
Valid Interval: 23:00:00-13:00:00
Valid days of month: 1, 2, 3, 4, 5, 6, 7, 8, 9, 10, 11, 12, 13, 14, 15, 16, 17, 18, 19, 20, 21, 22, 23, 24, 25, 26, 27, 28, 29, 30, 31
Valid weekdays: Monday, Tuesday, Wednesday, Thursday, Friday, Saturday, Sunday
When: 01:00:00
Current Time: 2011-01-02 02:00:00
Valid Interval: 23:00:00-13:00:00
Valid days of month: 1, 2, 3, 4, 5, 6, 7, 8, 9, 10, 11, 12, 13, 14, 15, 16, 17, 18, 19, 20, 21, 22, 23, 24, 25, 26, 27, 28, 29, 30, 31
Valid weekdays: Monday, Tuesday, Wednesday, Thursday, Friday, Saturday, Sunday
When: 01:00:00
Current Time: 2011-01-02 13:00:00
Valid Interval: 23:00:00-13:00:00
Valid days of month: 1, 2, 3, 4, 5, 6, 7, 8, 9, 10, 11, 12, 13, 14, 15, 16, 17, 18, 19, 20, 21, 22, 23, 24, 25, 26, 27, 28, 29, 30, 31
Valid weekdays: Monday, Tuesday, Wednesday, Thursday, Friday, Saturday, Sunday
When: 23:30:00
Current Time: 2011-01-01 23:30:05
Valid Interval: 23:00:00-13:00:00
Valid days of month: 1, 2, 3, 4, 5, 6, 7, 8, 9, 10, 11, 12, 13, 14, 15, 16, 17, 18, 19, 20, 21, 22, 23, 24, 25, 26, 27, 28, 29, 30, 31
Valid weekdays: Monday, Tuesday, Wednesday, Thursday, Friday, Saturday, Sunday
When: 23:30:00
Current Time: 2011-01-02 00:30:00
Valid Interval: 23:00:00-13:00:00
Valid days of month: 1, 2, 3, 4, 5, 6, 7, 8, 9, 10, 11, 12, 13, 14, 15, 16, 17, 18, 19, 20, 21, 22, 23, 24, 25, 26, 27, 28, 29, 30, 31
Valid weekdays: Monday, Tuesday, Wednesday, Thursday, Friday, Saturday, Sunday
When: 23:30:00
Current Time: 2011-01-02 13:00:00
Valid Interval: 23:00:00-13:00:00
Valid days of month: 1, 2, 3, 4, 5, 6, 7, 8, 9, 10, 11, 12, 13, 14, 15, 16, 17, 18, 19, 20, 21, 22, 23, 24, 25, 26, 27, 28, 29, 30, 31
Valid weekdays: Monday, Tuesday, Wednesday, Thursday, Friday, Saturday, Sunday
When: 01:00:00
Current Time: 2011-01-01 02:00:00
Valid Interval: 23:00:00-13:00:00
Valid days of month: 1, 2, 3, 4, 5, 6, 7, 8, 9, 10, 11, 12, 13, 14, 15, 16, 17, 18, 19, 20, 21, 22, 23, 24, 25, 26, 27, 28, 29, 30, 31
Valid weekdays: Monday, Tuesday, Wednesday, Thursday, Friday, Saturday, Sunday
When: 01:00:00
Current Time: 2011-01-02 02:00:00
Valid Interval: 13:00:00-16:00:00
Valid days of month: 1, 2, 3, 4, 5, 6, 7, 8, 9, 10, 11, 12, 13, 14, 15, 16, 17, 18, 19, 20, 21, 22, 23, 24, 25, 26, 27, 28, 29, 30, 31
Valid weekdays: Saturday, Sunday
When: 14:00:00
Current Time: 2007-01-01 12:00:00
Valid Interval: 13:00:00-16:00:00
Valid days of month: 1, 2, 3, 4, 5, 6, 7, 8, 9, 10, 11, 12, 13, 14, 15, 16, 17, 18, 19, 20, 21, 22, 23, 24, 25, 26, 27, 28, 29, 30, 31
Valid weekdays: Saturday, Sunday
When: 14:00:00
Current Time: 2007-01-02 13:30:00
Valid Interval: 13:00:00-16:00:00
Valid days of month: 1, 2, 3, 4, 5, 6, 7, 8, 9, 10, 11, 12, 13, 14, 15, 16, 17, 18, 19, 20, 21, 22, 23, 24, 25, 26, 27, 28, 29, 30, 31
Valid weekdays: Saturday, Sunday
When: 14:00:00
Current Time: 2007-01-06 13:30:00
Valid Interval: 13:00:00-16:00:00
Valid days of month: 1, 2, 3, 4, 5, 6, 7, 8, 9, 10, 11, 12, 13, 14, 15, 16, 17, 18, 19, 20, 21, 22, 23, 24, 25, 26, 27, 28, 29, 30, 31
Valid weekdays: Saturday, Sunday
When: 14:00:00
Current Time: 2007-01-06 14:30:00
Valid Interval: 13:00:00-16:00:00
Valid days of month: 1, 2, 3, 4, 5, 6, 7, 8, 9, 10, 11, 12, 13, 14, 15, 16, 17, 18, 19, 20, 21, 22, 23, 24, 25, 26, 27, 28, 29, 30, 31
Valid weekdays: Saturday, Sunday
When: 14:00:00
Current Time: 2007-01-06 16:30:00
Valid Interval: 13:00:00-16:00:00
Valid days of month: 1, 2, 3, 4, 5, 6, 7, 8, 9, 10, 11, 12, 13, 14, 15, 16, 17, 18, 19, 20, 21, 22, 23, 24, 25, 26, 27, 28, 29, 30, 31
Valid weekdays: Saturday, Sunday
When: 14:00:00
Current Time: 2007-01-07 16:00:00
Valid Interval: 23:00:00-02:00:00
Valid days of month: 1, 2, 3, 4, 5, 6, 7, 8, 9, 10, 11, 12, 13, 14, 15, 16, 17, 18, 19, 20, 21, 22, 23, 24, 25, 26, 27, 28, 29, 30, 31
Valid weekdays: Saturday, Sunday
When: 01:00:00
Current Time: 2007-01-01 12:00:00
Valid Interval: 23:00:00-02:00:00
Valid days of month: 1, 2, 3, 4, 5, 6, 7, 8, 9, 10, 11, 12, 13, 14, 15, 16, 17, 18, 19, 20, 21, 22, 23, 24, 25, 26, 27, 28, 29, 30, 31
Valid weekdays: Saturday, Sunday
When: 01:00:00
Current Time: 2007-01-02 01:00:00
Valid Interval: 23:00:00-02:00:00
Valid days of month: 1, 2, 3, 4, 5, 6, 7, 8, 9, 10, 11, 12, 13, 14, 15, 16, 17, 18, 19, 20, 21, 22, 23, 24, 25, 26, 27, 28, 29, 30, 31
Valid weekdays: Saturday, Sunday
When: 01:00:00
Current Time: 2007-01-06 00:30:00
Valid Interval: 23:00:00-02:00:00
Valid days of month: 1, 2, 3, 4, 5, 6, 7, 8, 9, 10, 11, 12, 13, 14, 15, 16, 17, 18, 19, 20, 21, 22, 23, 24, 25, 26, 27, 28, 29, 30, 31
Valid weekdays: Saturday, Sunday
When: 01:00:00
Current Time: 2007-01-06 01:30:00
Valid Interval: 23:00:00-02:00:00
Valid days of month: 1, 2, 3, 4, 5, 6, 7, 8, 9, 10, 11, 12, 13, 14, 15, 16, 17, 18, 19, 20, 21, 22, 23, 24, 25, 26, 27, 28, 29, 30, 31
Valid weekdays: Saturday, Sunday
When: 01:00:00
Current Time: 2007-01-06 02:30:00
Valid Interval: 23:00:00-02:00:00
Valid days of month: 1, 2, 3, 4, 5, 6, 7, 8, 9, 10, 11, 12, 13, 14, 15, 16, 17, 18, 19, 20, 21, 22, 23, 24, 25, 26, 27, 28, 29, 30, 31
Valid weekdays: Saturday, Sunday
When: 01:00:00
Current Time: 2007-01-07 02:00:00
Valid Interval: 23:00:00-02:00:00
Valid days of month: 1, 2, 3, 4, 5, 6, 7, 8, 9, 10, 11, 12, 13, 14, 15, 16, 17, 18, 19, 20, 21, 22, 23, 24, 25, 26, 27, 28, 29, 30, 31
Valid weekdays: Saturday, Sunday
When: 23:30:00
Current Time: 2007-01-01 12:00:00
Valid Interval: 23:00:00-02:00:00
Valid days of month: 1, 2, 3, 4, 5, 6, 7, 8, 9, 10, 11, 12, 13, 14, 15, 16, 17, 18, 19, 20, 21, 22, 23, 24, 25, 26, 27, 28, 29, 30, 31
Valid weekdays: Saturday, Sunday
When: 23:30:00
Current Time: 2007-01-05 23:30:00
Valid Interval: 23:00:00-02:00:00
Valid days of month: 1, 2, 3, 4, 5, 6, 7, 8, 9, 10, 11, 12, 13, 14, 15, 16, 17, 18, 19, 20, 21, 22, 23, 24, 25, 26, 27, 28, 29, 30, 31
Valid weekdays: Saturday, Sunday
When: 23:30:00
Current Time: 2007-01-06 23:00:00
Valid Interval: 23:00:00-02:00:00
Valid days of month: 1, 2, 3, 4, 5, 6, 7, 8, 9, 10, 11, 12, 13, 14, 15, 16, 17, 18, 19, 20, 21, 22, 23, 24, 25, 26, 27, 28, 29, 30, 31
Valid weekdays: Saturday, Sunday
When: 23:30:00
Current Time: 2007-01-06 02:00:00
Valid Interval: 23:00:00-02:00:00
Valid days of month: 1, 2, 3, 4, 5, 6, 7, 8, 9, 10, 11, 12, 13, 14, 15, 16, 17, 18, 19, 20, 21, 22, 23, 24, 25, 26, 27, 28, 29, 30, 31
Valid weekdays: Saturday, Sunday
When: 23:30:00
Current Time: 2007-01-07 23:40:00
Valid Interval: 23:00:00-02:00:00
Valid days of month: 1, 2, 3, 4, 5, 6, 7, 8, 9, 10, 11, 12, 13, 14, 15, 16, 17, 18, 19, 20, 21, 22, 23, 24, 25, 26, 27, 28, 29, 30, 31
Valid weekdays: Saturday, Sunday
When: 23:30:00
Current Time: 2007-01-07 01:00:00
Valid Interval: 13:00:00-16:00:00
Valid days of month: 1, 2, 3, 4, 5, 6, 7, 8, 9, 10, 11, 12, 13, 14, 15, 16, 17, 18, 19, 20, 21, 22, 23, 24, 25, 26, 27, 28, 29, 30, 31
Valid weekdays: Saturday, Sunday
When: 14:00:00
Current Time: 2007-01-01 12:00:00
Valid Interval: 13:00:00-16:00:00
Valid days of month: 1, 2, 3, 4, 5, 6, 7, 8, 9, 10, 11, 12, 13, 14, 15, 16, 17, 18, 19, 20, 21, 22, 23, 24, 25, 26, 27, 28, 29, 30, 31
Valid weekdays: Saturday, Sunday
When: 14:00:00
Current Time: 2007-01-02 13:30:00
Valid Interval: 13:00:00-16:00:00
Valid days of month: 1, 2, 3, 4, 5, 6, 7, 8, 9, 10, 11, 12, 13, 14, 15, 16, 17, 18, 19, 20, 21, 22, 23, 24, 25, 26, 27, 28, 29, 30, 31
Valid weekdays: Saturday, Sunday
When: 14:00:00
Current Time: 2007-01-06 13:30:00
Valid Interval: 13:00:00-16:00:00
Valid days of month: 1, 2, 3, 4, 5, 6, 7, 8, 9, 10, 11, 12, 13, 14, 15, 16, 17, 18, 19, 20, 21, 22, 23, 24, 25, 26, 27, 28, 29, 30, 31
Valid weekdays: Saturday, Sunday
When: 14:00:00
Current Time: 2007-01-06 14:30:00
Valid Interval: 13:00:00-16:00:00
Valid days of month: 1, 2, 3, 4, 5, 6, 7, 8, 9, 10, 11, 12, 13, 14, 15, 16, 17, 18, 19, 20, 21, 22, 23, 24, 25, 26, 27, 28, 29, 30, 31
Valid weekdays: Saturday, Sunday
When: 14:00:00
Current Time: 2007-01-06 16:30:00
Valid Interval: 13:00:00-16:00:00
Valid days of month: 1, 2, 3, 4, 5, 6, 7, 8, 9, 10, 11, 12, 13, 14, 15, 16, 17, 18, 19, 20, 21, 22, 23, 24, 25, 26, 27, 28, 29, 30, 31
Valid weekdays: Saturday, Sunday
When: 14:00:00
Current Time: 2007-01-07 16:00:00
Valid Interval: 23:00:00-02:00:00
Valid days of month: 1, 2, 3, 4, 5, 6, 7, 8, 9, 10, 11, 12, 13, 14, 15, 16, 17, 18, 19, 20, 21, 22, 23, 24, 25, 26, 27, 28, 29, 30, 31
Valid weekdays: Saturday, Sunday
When: 01:00:00
Current Time: 2007-01-01 12:00:00
Valid Interval: 23:00:00-02:00:00
Valid days of month: 1, 2, 3, 4, 5, 6, 7, 8, 9, 10, 11, 12, 13, 14, 15, 16, 17, 18, 19, 20, 21, 22, 23, 24, 25, 26, 27, 28, 29, 30, 31
Valid weekdays: Saturday, Sunday
When: 01:00:00
Current Time: 2007-01-02 01:00:00
Valid Interval: 23:00:00-02:00:00
Valid days of month: 1, 2, 3, 4, 5, 6, 7, 8, 9, 10, 11, 12, 13, 14, 15, 16, 17, 18, 19, 20, 21, 22, 23, 24, 25, 26, 27, 28, 29, 30, 31
Valid weekdays: Saturday, Sunday
When: 01:00:00
Current Time: 2007-01-06 00:30:00
Valid Interval: 23:00:00-02:00:00
Valid days of month: 1, 2, 3, 4, 5, 6, 7, 8, 9, 10, 11, 12, 13, 14, 15, 16, 17, 18, 19, 20, 21, 22, 23, 24, 25, 26, 27, 28, 29, 30, 31
Valid weekdays: Saturday, Sunday
When: 01:00:00
Current Time: 2007-01-06 02:30:00
Valid Interval: 23:00:00-02:00:00
Valid days of month: 1, 2, 3, 4, 5, 6, 7, 8, 9, 10, 11, 12, 13, 14, 15, 16, 17, 18, 19, 20, 21, 22, 23, 24, 25, 26, 27, 28, 29, 30, 31
Valid weekdays: Saturday, Sunday
When: 23:30:00
Current Time: 2007-01-01 12:00:00
Valid Interval: 23:00:00-02:00:00
Valid days of month: 1, 2, 3, 4, 5, 6, 7, 8, 9, 10, 11, 12, 13, 14, 15, 16, 17, 18, 19, 20, 21, 22, 23, 24, 25, 26, 27, 28, 29, 30, 31
Valid weekdays: Saturday, Sunday
When: 23:30:00
Current Time: 2007-01-05 23:30:00
Valid Interval: 23:00:00-02:00:00
Valid days of month: 1, 2, 3, 4, 5, 6, 7, 8, 9, 10, 11, 12, 13, 14, 15, 16, 17, 18, 19, 20, 21, 22, 23, 24, 25, 26, 27, 28, 29, 30, 31
Valid weekdays: Saturday, Sunday
When: 23:30:00
Current Time: 2007-01-06 23:00:00
Valid Interval: 23:00:00-02:00:00
Valid days of month: 1, 2, 3, 4, 5, 6, 7, 8, 9, 10, 11, 12, 13, 14, 15, 16, 17, 18, 19, 20, 21, 22, 23, 24, 25, 26, 27, 28, 29, 30, 31
Valid weekdays: Saturday, Sunday
When: 23:30:00
Current Time: 2007-01-06 02:00:00
Valid Interval: 23:00:00-02:00:00
Valid days of month: 1, 2, 3, 4, 5, 6, 7, 8, 9, 10, 11, 12, 13, 14, 15, 16, 17, 18, 19, 20, 21, 22, 23, 24, 25, 26, 27, 28, 29, 30, 31
Valid weekdays: Saturday, Sunday
When: 23:30:00
Current Time: 2007-01-07 23:40:00
Valid Interval: 23:00:00-02:00:00
Valid days of month: 1, 2, 3, 4, 5, 6, 7, 8, 9, 10, 11, 12, 13, 14, 15, 16, 17, 18, 19, 20, 21, 22, 23, 24, 25, 26, 27, 28, 29, 30, 31
Valid weekdays: Saturday, Sunday
When: 23:30:00
Current Time: 2007-01-07 01:00:00
Valid Interval: 13:00:00-16:00:00
Valid days of month: 1, 2, 3, 4, 5, 6, 7, 8, 9, 10, 11, 12, 13, 14, 15, 16, 17, 18, 19, 20, 21, 22, 23, 24, 25, 26, 27, 28, 29, 30, 31
Valid weekdays: Saturday, Sunday
When: 14:00:00
Current Time: 2007-01-06 14:30:00
Valid Interval: 13:00:00-16:00:00
Valid days of month: 1, 2, 3, 4, 5, 6, 7, 8, 9, 10, 11, 12, 13, 14, 15, 16, 17, 18, 19, 20, 21, 22, 23, 24, 25, 26, 27, 28, 29, 30, 31
Valid weekdays: Saturday, Sunday
When: 14:00:00
Current Time: 2007-01-07 15:00:00
Valid Interval: 23:00:00-02:00:00
Valid days of month: 1, 2, 3, 4, 5, 6, 7, 8, 9, 10, 11, 12, 13, 14, 15, 16, 17, 18, 19, 20, 21, 22, 23, 24, 25, 26, 27, 28, 29, 30, 31
Valid weekdays: Saturday, Sunday
When: 01:00:00
Current Time: 2007-01-06 01:30:00
Valid Interval: 23:00:00-02:00:00
Valid days of month: 1, 2, 3, 4, 5, 6, 7, 8, 9, 10, 11, 12, 13, 14, 15, 16, 17, 18, 19, 20, 21, 22, 23, 24, 25, 26, 27, 28, 29, 30, 31
Valid weekdays: Saturday, Sunday
When: 01:00:00
Current Time: 2007-01-07 01:30:00
Valid Interval: 23:00:00-02:00:00
Valid days of month: 1, 2, 3, 4, 5, 6, 7, 8, 9, 10, 11, 12, 13, 14, 15, 16, 17, 18, 19, 20, 21, 22, 23, 24, 25, 26, 27, 28, 29, 30, 31
Valid weekdays: Saturday, Sunday
When: 23:30:00
Current Time: 2007-01-06 23:02:00
Valid Interval: 23:00:00-02:00:00
Valid days of month: 1, 2, 3, 4, 5, 6, 7, 8, 9, 10, 11, 12, 13, 14, 15, 16, 17, 18, 19, 20, 21, 22, 23, 24, 25, 26, 27, 28, 29, 30, 31
Valid weekdays: Saturday, Sunday
When: 23:30:00
Current Time: 2007-01-06 01:10:00
Valid Interval: 23:00:00-02:00:00
Valid days of month: 1, 2, 3, 4, 5, 6, 7, 8, 9, 10, 11, 12, 13, 14, 15, 16, 17, 18, 19, 20, 21, 22, 23, 24, 25, 26, 27, 28, 29, 30, 31
Valid weekdays: Saturday, Sunday
When: 23:30:00
Current Time: 2007-01-07 01:00:40
Valid Interval: 23:00:00-02:00:00
Valid days of month: 2
Valid weekdays: Saturday, Sunday
When: 23:30:00
Current Time: 2007-01-01 12:00:00
Valid Interval: 23:00:00-02:00:00
Valid days of month: 1, 2
Valid weekdays: Saturday, Sunday
When: 23:30:00
Current Time: 2007-01-05 23:30:00
Valid Interval: 23:00:00-02:00:00
Valid days of month: 1, 2
Valid weekdays: Saturday, Sunday
When: 23:30:00
Current Time: 2007-01-06 23:00:00</StdOut>
      </Output>
    </UnitTestResult>
    <UnitTestResult executionId="e66293ec-3667-48fb-817e-d58427f6c163" testId="d156c91d-c406-4191-a2e9-9c64ff4c0b54" testName="GetNextTimeToTrigger_AbsoluteTimer_ReturnsCorrectTime (Data Row 23)" computerName="ICSWS068" duration="00:00:00.0042271" startTime="2016-08-04T07:57:22.7151610+02:00" endTime="2016-08-04T07:57:22.7196644+02:00" testType="13cdc9d9-ddb5-4fa4-a97d-d965ccfc6d4b" outcome="Passed" testListId="8c84fa94-04c1-424b-9868-57a2d4851a1d" relativeResultsDirectory="e66293ec-3667-48fb-817e-d58427f6c163">
      <Output>
        <StdOut>TestContext Messages:
Valid Interval: 11:00:00-13:00:00
Valid days of month: 1, 2, 3, 4, 5, 6, 7, 8, 9, 10, 11, 12, 13, 14, 15, 16, 17, 18, 19, 20, 21, 22, 23, 24, 25, 26, 27, 28, 29, 30, 31
Valid weekdays: Monday, Tuesday, Wednesday, Thursday, Friday, Saturday, Sunday
When: 12:00:00
Current Time: 2011-01-01 00:00:00
Valid Interval: 11:00:00-13:00:00
Valid days of month: 1, 2, 3, 4, 5, 6, 7, 8, 9, 10, 11, 12, 13, 14, 15, 16, 17, 18, 19, 20, 21, 22, 23, 24, 25, 26, 27, 28, 29, 30, 31
Valid weekdays: Monday, Tuesday, Wednesday, Thursday, Friday, Saturday, Sunday
When: 12:00:00
Current Time: 2011-01-01 09:00:00
Valid Interval: 11:00:00-13:00:00
Valid days of month: 1, 2, 3, 4, 5, 6, 7, 8, 9, 10, 11, 12, 13, 14, 15, 16, 17, 18, 19, 20, 21, 22, 23, 24, 25, 26, 27, 28, 29, 30, 31
Valid weekdays: Monday, Tuesday, Wednesday, Thursday, Friday, Saturday, Sunday
When: 12:00:00
Current Time: 2011-01-01 11:00:00
Valid Interval: 11:00:00-13:00:00
Valid days of month: 1, 2, 3, 4, 5, 6, 7, 8, 9, 10, 11, 12, 13, 14, 15, 16, 17, 18, 19, 20, 21, 22, 23, 24, 25, 26, 27, 28, 29, 30, 31
Valid weekdays: Monday, Tuesday, Wednesday, Thursday, Friday, Saturday, Sunday
When: 12:00:00
Current Time: 2011-01-01 12:00:00
Valid Interval: 11:00:00-13:00:00
Valid days of month: 1, 2, 3, 4, 5, 6, 7, 8, 9, 10, 11, 12, 13, 14, 15, 16, 17, 18, 19, 20, 21, 22, 23, 24, 25, 26, 27, 28, 29, 30, 31
Valid weekdays: Monday, Tuesday, Wednesday, Thursday, Friday, Saturday, Sunday
When: 12:00:00
Current Time: 2011-01-01 12:30:00
Valid Interval: 11:00:00-13:00:00
Valid days of month: 1, 2, 3, 4, 5, 6, 7, 8, 9, 10, 11, 12, 13, 14, 15, 16, 17, 18, 19, 20, 21, 22, 23, 24, 25, 26, 27, 28, 29, 30, 31
Valid weekdays: Monday, Tuesday, Wednesday, Thursday, Friday, Saturday, Sunday
When: 12:00:00
Current Time: 2011-01-01 13:00:00
Valid Interval: 11:00:00-13:00:00
Valid days of month: 1, 2, 3, 4, 5, 6, 7, 8, 9, 10, 11, 12, 13, 14, 15, 16, 17, 18, 19, 20, 21, 22, 23, 24, 25, 26, 27, 28, 29, 30, 31
Valid weekdays: Monday, Tuesday, Wednesday, Thursday, Friday, Saturday, Sunday
When: 12:00:00
Current Time: 2011-01-02 00:00:00
Valid Interval: 11:00:00-13:00:00
Valid days of month: 1, 2, 3, 4, 5, 6, 7, 8, 9, 10, 11, 12, 13, 14, 15, 16, 17, 18, 19, 20, 21, 22, 23, 24, 25, 26, 27, 28, 29, 30, 31
Valid weekdays: Monday, Tuesday, Wednesday, Thursday, Friday, Saturday, Sunday
When: 12:00:00
Current Time: 2011-01-02 09:00:00
Valid Interval: 11:00:00-13:00:00
Valid days of month: 1, 2, 3, 4, 5, 6, 7, 8, 9, 10, 11, 12, 13, 14, 15, 16, 17, 18, 19, 20, 21, 22, 23, 24, 25, 26, 27, 28, 29, 30, 31
Valid weekdays: Monday, Tuesday, Wednesday, Thursday, Friday, Saturday, Sunday
When: 12:00:00
Current Time: 2011-01-02 12:00:00
Valid Interval: 11:00:00-13:00:00
Valid days of month: 1, 2, 3, 4, 5, 6, 7, 8, 9, 10, 11, 12, 13, 14, 15, 16, 17, 18, 19, 20, 21, 22, 23, 24, 25, 26, 27, 28, 29, 30, 31
Valid weekdays: Monday, Tuesday, Wednesday, Thursday, Friday, Saturday, Sunday
When: 12:00:00
Current Time: 2011-01-02 12:45:30
Valid Interval: 11:00:00-13:00:00
Valid days of month: 1, 2, 3, 4, 5, 6, 7, 8, 9, 10, 11, 12, 13, 14, 15, 16, 17, 18, 19, 20, 21, 22, 23, 24, 25, 26, 27, 28, 29, 30, 31
Valid weekdays: Monday, Tuesday, Wednesday, Thursday, Friday, Saturday, Sunday
When: 12:00:00
Current Time: 2011-01-02 13:00:00
Valid Interval: 11:00:00-13:00:00
Valid days of month: 1, 2, 3, 4, 5, 6, 7, 8, 9, 10, 11, 12, 13, 14, 15, 16, 17, 18, 19, 20, 21, 22, 23, 24, 25, 26, 27, 28, 29, 30, 31
Valid weekdays: Monday, Tuesday, Wednesday, Thursday, Friday, Saturday, Sunday
When: 12:00:00
Current Time: 2011-01-01 12:00:00
Valid Interval: 11:00:00-13:00:00
Valid days of month: 1, 2, 3, 4, 5, 6, 7, 8, 9, 10, 11, 12, 13, 14, 15, 16, 17, 18, 19, 20, 21, 22, 23, 24, 25, 26, 27, 28, 29, 30, 31
Valid weekdays: Monday, Tuesday, Wednesday, Thursday, Friday, Saturday, Sunday
When: 12:00:00
Current Time: 2011-01-01 12:30:00
Valid Interval: 11:00:00-13:00:00
Valid days of month: 1, 2, 3, 4, 5, 6, 7, 8, 9, 10, 11, 12, 13, 14, 15, 16, 17, 18, 19, 20, 21, 22, 23, 24, 25, 26, 27, 28, 29, 30, 31
Valid weekdays: Monday, Tuesday, Wednesday, Thursday, Friday, Saturday, Sunday
When: 12:00:00
Current Time: 2011-01-01 12:30:00
Valid Interval: 11:00:00-13:00:00
Valid days of month: 1, 2, 3, 4, 5, 6, 7, 8, 9, 10, 11, 12, 13, 14, 15, 16, 17, 18, 19, 20, 21, 22, 23, 24, 25, 26, 27, 28, 29, 30, 31
Valid weekdays: Monday, Tuesday, Wednesday, Thursday, Friday, Saturday, Sunday
When: 12:00:00
Current Time: 2011-01-01 13:00:00
Valid Interval: 11:00:00-13:00:00
Valid days of month: 1, 2, 3, 4, 5, 6, 7, 8, 9, 10, 11, 12, 13, 14, 15, 16, 17, 18, 19, 20, 21, 22, 23, 24, 25, 26, 27, 28, 29, 30, 31
Valid weekdays: Monday, Tuesday, Wednesday, Thursday, Friday, Saturday, Sunday
When: 12:00:00
Current Time: 2011-01-01 14:30:00
Valid Interval: 23:00:00-13:00:00
Valid days of month: 1, 2, 3, 4, 5, 6, 7, 8, 9, 10, 11, 12, 13, 14, 15, 16, 17, 18, 19, 20, 21, 22, 23, 24, 25, 26, 27, 28, 29, 30, 31
Valid weekdays: Monday, Tuesday, Wednesday, Thursday, Friday, Saturday, Sunday
When: 23:30:00
Current Time: 2011-01-01 16:00:00
Valid Interval: 23:00:00-13:00:00
Valid days of month: 1, 2, 3, 4, 5, 6, 7, 8, 9, 10, 11, 12, 13, 14, 15, 16, 17, 18, 19, 20, 21, 22, 23, 24, 25, 26, 27, 28, 29, 30, 31
Valid weekdays: Monday, Tuesday, Wednesday, Thursday, Friday, Saturday, Sunday
When: 23:30:00
Current Time: 2011-01-01 23:00:00
Valid Interval: 23:00:00-13:00:00
Valid days of month: 1, 2, 3, 4, 5, 6, 7, 8, 9, 10, 11, 12, 13, 14, 15, 16, 17, 18, 19, 20, 21, 22, 23, 24, 25, 26, 27, 28, 29, 30, 31
Valid weekdays: Monday, Tuesday, Wednesday, Thursday, Friday, Saturday, Sunday
When: 23:30:00
Current Time: 2011-01-01 23:30:00
Valid Interval: 23:00:00-13:00:00
Valid days of month: 1, 2, 3, 4, 5, 6, 7, 8, 9, 10, 11, 12, 13, 14, 15, 16, 17, 18, 19, 20, 21, 22, 23, 24, 25, 26, 27, 28, 29, 30, 31
Valid weekdays: Monday, Tuesday, Wednesday, Thursday, Friday, Saturday, Sunday
When: 23:30:00
Current Time: 2011-01-01 23:45:00
Valid Interval: 23:00:00-13:00:00
Valid days of month: 1, 2, 3, 4, 5, 6, 7, 8, 9, 10, 11, 12, 13, 14, 15, 16, 17, 18, 19, 20, 21, 22, 23, 24, 25, 26, 27, 28, 29, 30, 31
Valid weekdays: Monday, Tuesday, Wednesday, Thursday, Friday, Saturday, Sunday
When: 23:30:00
Current Time: 2011-01-02 00:30:00
Valid Interval: 23:00:00-13:00:00
Valid days of month: 1, 2, 3, 4, 5, 6, 7, 8, 9, 10, 11, 12, 13, 14, 15, 16, 17, 18, 19, 20, 21, 22, 23, 24, 25, 26, 27, 28, 29, 30, 31
Valid weekdays: Monday, Tuesday, Wednesday, Thursday, Friday, Saturday, Sunday
When: 23:30:00
Current Time: 2011-01-01 13:00:00
Valid Interval: 23:00:00-13:00:00
Valid days of month: 1, 2, 3, 4, 5, 6, 7, 8, 9, 10, 11, 12, 13, 14, 15, 16, 17, 18, 19, 20, 21, 22, 23, 24, 25, 26, 27, 28, 29, 30, 31
Valid weekdays: Monday, Tuesday, Wednesday, Thursday, Friday, Saturday, Sunday
When: 01:00:00
Current Time: 2011-01-01 16:00:00
Valid Interval: 23:00:00-13:00:00
Valid days of month: 1, 2, 3, 4, 5, 6, 7, 8, 9, 10, 11, 12, 13, 14, 15, 16, 17, 18, 19, 20, 21, 22, 23, 24, 25, 26, 27, 28, 29, 30, 31
Valid weekdays: Monday, Tuesday, Wednesday, Thursday, Friday, Saturday, Sunday
When: 01:00:00
Current Time: 2011-01-01 23:00:00
Valid Interval: 23:00:00-13:00:00
Valid days of month: 1, 2, 3, 4, 5, 6, 7, 8, 9, 10, 11, 12, 13, 14, 15, 16, 17, 18, 19, 20, 21, 22, 23, 24, 25, 26, 27, 28, 29, 30, 31
Valid weekdays: Monday, Tuesday, Wednesday, Thursday, Friday, Saturday, Sunday
When: 01:00:00
Current Time: 2011-01-01 23:30:00
Valid Interval: 23:00:00-13:00:00
Valid days of month: 1, 2, 3, 4, 5, 6, 7, 8, 9, 10, 11, 12, 13, 14, 15, 16, 17, 18, 19, 20, 21, 22, 23, 24, 25, 26, 27, 28, 29, 30, 31
Valid weekdays: Monday, Tuesday, Wednesday, Thursday, Friday, Saturday, Sunday
When: 01:00:00
Current Time: 2011-01-02 00:30:00
Valid Interval: 23:00:00-13:00:00
Valid days of month: 1, 2, 3, 4, 5, 6, 7, 8, 9, 10, 11, 12, 13, 14, 15, 16, 17, 18, 19, 20, 21, 22, 23, 24, 25, 26, 27, 28, 29, 30, 31
Valid weekdays: Monday, Tuesday, Wednesday, Thursday, Friday, Saturday, Sunday
When: 01:00:00
Current Time: 2011-01-01 02:00:00
Valid Interval: 23:00:00-13:00:00
Valid days of month: 1, 2, 3, 4, 5, 6, 7, 8, 9, 10, 11, 12, 13, 14, 15, 16, 17, 18, 19, 20, 21, 22, 23, 24, 25, 26, 27, 28, 29, 30, 31
Valid weekdays: Monday, Tuesday, Wednesday, Thursday, Friday, Saturday, Sunday
When: 01:00:00
Current Time: 2011-01-01 13:00:00
Valid Interval: 23:00:00-13:00:00
Valid days of month: 1, 2, 3, 4, 5, 6, 7, 8, 9, 10, 11, 12, 13, 14, 15, 16, 17, 18, 19, 20, 21, 22, 23, 24, 25, 26, 27, 28, 29, 30, 31
Valid weekdays: Monday, Tuesday, Wednesday, Thursday, Friday, Saturday, Sunday
When: 23:30:00
Current Time: 2011-01-01 16:00:00
Valid Interval: 23:00:00-13:00:00
Valid days of month: 1, 2, 3, 4, 5, 6, 7, 8, 9, 10, 11, 12, 13, 14, 15, 16, 17, 18, 19, 20, 21, 22, 23, 24, 25, 26, 27, 28, 29, 30, 31
Valid weekdays: Monday, Tuesday, Wednesday, Thursday, Friday, Saturday, Sunday
When: 23:30:00
Current Time: 2011-01-01 23:00:00
Valid Interval: 23:00:00-13:00:00
Valid days of month: 1, 2, 3, 4, 5, 6, 7, 8, 9, 10, 11, 12, 13, 14, 15, 16, 17, 18, 19, 20, 21, 22, 23, 24, 25, 26, 27, 28, 29, 30, 31
Valid weekdays: Monday, Tuesday, Wednesday, Thursday, Friday, Saturday, Sunday
When: 23:30:00
Current Time: 2011-01-01 23:30:00
Valid Interval: 23:00:00-13:00:00
Valid days of month: 1, 2, 3, 4, 5, 6, 7, 8, 9, 10, 11, 12, 13, 14, 15, 16, 17, 18, 19, 20, 21, 22, 23, 24, 25, 26, 27, 28, 29, 30, 31
Valid weekdays: Monday, Tuesday, Wednesday, Thursday, Friday, Saturday, Sunday
When: 23:30:00
Current Time: 2011-01-01 23:45:00
Valid Interval: 23:00:00-13:00:00
Valid days of month: 1, 2, 3, 4, 5, 6, 7, 8, 9, 10, 11, 12, 13, 14, 15, 16, 17, 18, 19, 20, 21, 22, 23, 24, 25, 26, 27, 28, 29, 30, 31
Valid weekdays: Monday, Tuesday, Wednesday, Thursday, Friday, Saturday, Sunday
When: 23:30:00
Current Time: 2011-01-02 00:30:00
Valid Interval: 23:00:00-13:00:00
Valid days of month: 1, 2, 3, 4, 5, 6, 7, 8, 9, 10, 11, 12, 13, 14, 15, 16, 17, 18, 19, 20, 21, 22, 23, 24, 25, 26, 27, 28, 29, 30, 31
Valid weekdays: Monday, Tuesday, Wednesday, Thursday, Friday, Saturday, Sunday
When: 23:30:00
Current Time: 2011-01-01 13:00:00
Valid Interval: 23:00:00-13:00:00
Valid days of month: 1, 2, 3, 4, 5, 6, 7, 8, 9, 10, 11, 12, 13, 14, 15, 16, 17, 18, 19, 20, 21, 22, 23, 24, 25, 26, 27, 28, 29, 30, 31
Valid weekdays: Monday, Tuesday, Wednesday, Thursday, Friday, Saturday, Sunday
When: 01:00:00
Current Time: 2011-01-01 16:00:00
Valid Interval: 23:00:00-13:00:00
Valid days of month: 1, 2, 3, 4, 5, 6, 7, 8, 9, 10, 11, 12, 13, 14, 15, 16, 17, 18, 19, 20, 21, 22, 23, 24, 25, 26, 27, 28, 29, 30, 31
Valid weekdays: Monday, Tuesday, Wednesday, Thursday, Friday, Saturday, Sunday
When: 01:00:00
Current Time: 2011-01-01 23:00:00
Valid Interval: 23:00:00-13:00:00
Valid days of month: 1, 2, 3, 4, 5, 6, 7, 8, 9, 10, 11, 12, 13, 14, 15, 16, 17, 18, 19, 20, 21, 22, 23, 24, 25, 26, 27, 28, 29, 30, 31
Valid weekdays: Monday, Tuesday, Wednesday, Thursday, Friday, Saturday, Sunday
When: 01:00:00
Current Time: 2011-01-01 23:30:00
Valid Interval: 23:00:00-13:00:00
Valid days of month: 1, 2, 3, 4, 5, 6, 7, 8, 9, 10, 11, 12, 13, 14, 15, 16, 17, 18, 19, 20, 21, 22, 23, 24, 25, 26, 27, 28, 29, 30, 31
Valid weekdays: Monday, Tuesday, Wednesday, Thursday, Friday, Saturday, Sunday
When: 01:00:00
Current Time: 2011-01-02 00:30:00
Valid Interval: 23:00:00-13:00:00
Valid days of month: 1, 2, 3, 4, 5, 6, 7, 8, 9, 10, 11, 12, 13, 14, 15, 16, 17, 18, 19, 20, 21, 22, 23, 24, 25, 26, 27, 28, 29, 30, 31
Valid weekdays: Monday, Tuesday, Wednesday, Thursday, Friday, Saturday, Sunday
When: 01:00:00
Current Time: 2011-01-02 02:00:00
Valid Interval: 23:00:00-13:00:00
Valid days of month: 1, 2, 3, 4, 5, 6, 7, 8, 9, 10, 11, 12, 13, 14, 15, 16, 17, 18, 19, 20, 21, 22, 23, 24, 25, 26, 27, 28, 29, 30, 31
Valid weekdays: Monday, Tuesday, Wednesday, Thursday, Friday, Saturday, Sunday
When: 01:00:00
Current Time: 2011-01-02 13:00:00
Valid Interval: 23:00:00-13:00:00
Valid days of month: 1, 2, 3, 4, 5, 6, 7, 8, 9, 10, 11, 12, 13, 14, 15, 16, 17, 18, 19, 20, 21, 22, 23, 24, 25, 26, 27, 28, 29, 30, 31
Valid weekdays: Monday, Tuesday, Wednesday, Thursday, Friday, Saturday, Sunday
When: 23:30:00
Current Time: 2011-01-01 23:30:05
Valid Interval: 23:00:00-13:00:00
Valid days of month: 1, 2, 3, 4, 5, 6, 7, 8, 9, 10, 11, 12, 13, 14, 15, 16, 17, 18, 19, 20, 21, 22, 23, 24, 25, 26, 27, 28, 29, 30, 31
Valid weekdays: Monday, Tuesday, Wednesday, Thursday, Friday, Saturday, Sunday
When: 23:30:00
Current Time: 2011-01-02 00:30:00
Valid Interval: 23:00:00-13:00:00
Valid days of month: 1, 2, 3, 4, 5, 6, 7, 8, 9, 10, 11, 12, 13, 14, 15, 16, 17, 18, 19, 20, 21, 22, 23, 24, 25, 26, 27, 28, 29, 30, 31
Valid weekdays: Monday, Tuesday, Wednesday, Thursday, Friday, Saturday, Sunday
When: 23:30:00
Current Time: 2011-01-02 13:00:00
Valid Interval: 23:00:00-13:00:00
Valid days of month: 1, 2, 3, 4, 5, 6, 7, 8, 9, 10, 11, 12, 13, 14, 15, 16, 17, 18, 19, 20, 21, 22, 23, 24, 25, 26, 27, 28, 29, 30, 31
Valid weekdays: Monday, Tuesday, Wednesday, Thursday, Friday, Saturday, Sunday
When: 01:00:00
Current Time: 2011-01-01 02:00:00
Valid Interval: 23:00:00-13:00:00
Valid days of month: 1, 2, 3, 4, 5, 6, 7, 8, 9, 10, 11, 12, 13, 14, 15, 16, 17, 18, 19, 20, 21, 22, 23, 24, 25, 26, 27, 28, 29, 30, 31
Valid weekdays: Monday, Tuesday, Wednesday, Thursday, Friday, Saturday, Sunday
When: 01:00:00
Current Time: 2011-01-02 02:00:00
Valid Interval: 13:00:00-16:00:00
Valid days of month: 1, 2, 3, 4, 5, 6, 7, 8, 9, 10, 11, 12, 13, 14, 15, 16, 17, 18, 19, 20, 21, 22, 23, 24, 25, 26, 27, 28, 29, 30, 31
Valid weekdays: Saturday, Sunday
When: 14:00:00
Current Time: 2007-01-01 12:00:00
Valid Interval: 13:00:00-16:00:00
Valid days of month: 1, 2, 3, 4, 5, 6, 7, 8, 9, 10, 11, 12, 13, 14, 15, 16, 17, 18, 19, 20, 21, 22, 23, 24, 25, 26, 27, 28, 29, 30, 31
Valid weekdays: Saturday, Sunday
When: 14:00:00
Current Time: 2007-01-02 13:30:00
Valid Interval: 13:00:00-16:00:00
Valid days of month: 1, 2, 3, 4, 5, 6, 7, 8, 9, 10, 11, 12, 13, 14, 15, 16, 17, 18, 19, 20, 21, 22, 23, 24, 25, 26, 27, 28, 29, 30, 31
Valid weekdays: Saturday, Sunday
When: 14:00:00
Current Time: 2007-01-06 13:30:00
Valid Interval: 13:00:00-16:00:00
Valid days of month: 1, 2, 3, 4, 5, 6, 7, 8, 9, 10, 11, 12, 13, 14, 15, 16, 17, 18, 19, 20, 21, 22, 23, 24, 25, 26, 27, 28, 29, 30, 31
Valid weekdays: Saturday, Sunday
When: 14:00:00
Current Time: 2007-01-06 14:30:00
Valid Interval: 13:00:00-16:00:00
Valid days of month: 1, 2, 3, 4, 5, 6, 7, 8, 9, 10, 11, 12, 13, 14, 15, 16, 17, 18, 19, 20, 21, 22, 23, 24, 25, 26, 27, 28, 29, 30, 31
Valid weekdays: Saturday, Sunday
When: 14:00:00
Current Time: 2007-01-06 16:30:00
Valid Interval: 13:00:00-16:00:00
Valid days of month: 1, 2, 3, 4, 5, 6, 7, 8, 9, 10, 11, 12, 13, 14, 15, 16, 17, 18, 19, 20, 21, 22, 23, 24, 25, 26, 27, 28, 29, 30, 31
Valid weekdays: Saturday, Sunday
When: 14:00:00
Current Time: 2007-01-07 16:00:00
Valid Interval: 23:00:00-02:00:00
Valid days of month: 1, 2, 3, 4, 5, 6, 7, 8, 9, 10, 11, 12, 13, 14, 15, 16, 17, 18, 19, 20, 21, 22, 23, 24, 25, 26, 27, 28, 29, 30, 31
Valid weekdays: Saturday, Sunday
When: 01:00:00
Current Time: 2007-01-01 12:00:00
Valid Interval: 23:00:00-02:00:00
Valid days of month: 1, 2, 3, 4, 5, 6, 7, 8, 9, 10, 11, 12, 13, 14, 15, 16, 17, 18, 19, 20, 21, 22, 23, 24, 25, 26, 27, 28, 29, 30, 31
Valid weekdays: Saturday, Sunday
When: 01:00:00
Current Time: 2007-01-02 01:00:00
Valid Interval: 23:00:00-02:00:00
Valid days of month: 1, 2, 3, 4, 5, 6, 7, 8, 9, 10, 11, 12, 13, 14, 15, 16, 17, 18, 19, 20, 21, 22, 23, 24, 25, 26, 27, 28, 29, 30, 31
Valid weekdays: Saturday, Sunday
When: 01:00:00
Current Time: 2007-01-06 00:30:00
Valid Interval: 23:00:00-02:00:00
Valid days of month: 1, 2, 3, 4, 5, 6, 7, 8, 9, 10, 11, 12, 13, 14, 15, 16, 17, 18, 19, 20, 21, 22, 23, 24, 25, 26, 27, 28, 29, 30, 31
Valid weekdays: Saturday, Sunday
When: 01:00:00
Current Time: 2007-01-06 01:30:00
Valid Interval: 23:00:00-02:00:00
Valid days of month: 1, 2, 3, 4, 5, 6, 7, 8, 9, 10, 11, 12, 13, 14, 15, 16, 17, 18, 19, 20, 21, 22, 23, 24, 25, 26, 27, 28, 29, 30, 31
Valid weekdays: Saturday, Sunday
When: 01:00:00
Current Time: 2007-01-06 02:30:00
Valid Interval: 23:00:00-02:00:00
Valid days of month: 1, 2, 3, 4, 5, 6, 7, 8, 9, 10, 11, 12, 13, 14, 15, 16, 17, 18, 19, 20, 21, 22, 23, 24, 25, 26, 27, 28, 29, 30, 31
Valid weekdays: Saturday, Sunday
When: 01:00:00
Current Time: 2007-01-07 02:00:00
Valid Interval: 23:00:00-02:00:00
Valid days of month: 1, 2, 3, 4, 5, 6, 7, 8, 9, 10, 11, 12, 13, 14, 15, 16, 17, 18, 19, 20, 21, 22, 23, 24, 25, 26, 27, 28, 29, 30, 31
Valid weekdays: Saturday, Sunday
When: 23:30:00
Current Time: 2007-01-01 12:00:00
Valid Interval: 23:00:00-02:00:00
Valid days of month: 1, 2, 3, 4, 5, 6, 7, 8, 9, 10, 11, 12, 13, 14, 15, 16, 17, 18, 19, 20, 21, 22, 23, 24, 25, 26, 27, 28, 29, 30, 31
Valid weekdays: Saturday, Sunday
When: 23:30:00
Current Time: 2007-01-05 23:30:00
Valid Interval: 23:00:00-02:00:00
Valid days of month: 1, 2, 3, 4, 5, 6, 7, 8, 9, 10, 11, 12, 13, 14, 15, 16, 17, 18, 19, 20, 21, 22, 23, 24, 25, 26, 27, 28, 29, 30, 31
Valid weekdays: Saturday, Sunday
When: 23:30:00
Current Time: 2007-01-06 23:00:00
Valid Interval: 23:00:00-02:00:00
Valid days of month: 1, 2, 3, 4, 5, 6, 7, 8, 9, 10, 11, 12, 13, 14, 15, 16, 17, 18, 19, 20, 21, 22, 23, 24, 25, 26, 27, 28, 29, 30, 31
Valid weekdays: Saturday, Sunday
When: 23:30:00
Current Time: 2007-01-06 02:00:00
Valid Interval: 23:00:00-02:00:00
Valid days of month: 1, 2, 3, 4, 5, 6, 7, 8, 9, 10, 11, 12, 13, 14, 15, 16, 17, 18, 19, 20, 21, 22, 23, 24, 25, 26, 27, 28, 29, 30, 31
Valid weekdays: Saturday, Sunday
When: 23:30:00
Current Time: 2007-01-07 23:40:00
Valid Interval: 23:00:00-02:00:00
Valid days of month: 1, 2, 3, 4, 5, 6, 7, 8, 9, 10, 11, 12, 13, 14, 15, 16, 17, 18, 19, 20, 21, 22, 23, 24, 25, 26, 27, 28, 29, 30, 31
Valid weekdays: Saturday, Sunday
When: 23:30:00
Current Time: 2007-01-07 01:00:00
Valid Interval: 13:00:00-16:00:00
Valid days of month: 1, 2, 3, 4, 5, 6, 7, 8, 9, 10, 11, 12, 13, 14, 15, 16, 17, 18, 19, 20, 21, 22, 23, 24, 25, 26, 27, 28, 29, 30, 31
Valid weekdays: Saturday, Sunday
When: 14:00:00
Current Time: 2007-01-01 12:00:00
Valid Interval: 13:00:00-16:00:00
Valid days of month: 1, 2, 3, 4, 5, 6, 7, 8, 9, 10, 11, 12, 13, 14, 15, 16, 17, 18, 19, 20, 21, 22, 23, 24, 25, 26, 27, 28, 29, 30, 31
Valid weekdays: Saturday, Sunday
When: 14:00:00
Current Time: 2007-01-02 13:30:00
Valid Interval: 13:00:00-16:00:00
Valid days of month: 1, 2, 3, 4, 5, 6, 7, 8, 9, 10, 11, 12, 13, 14, 15, 16, 17, 18, 19, 20, 21, 22, 23, 24, 25, 26, 27, 28, 29, 30, 31
Valid weekdays: Saturday, Sunday
When: 14:00:00
Current Time: 2007-01-06 13:30:00
Valid Interval: 13:00:00-16:00:00
Valid days of month: 1, 2, 3, 4, 5, 6, 7, 8, 9, 10, 11, 12, 13, 14, 15, 16, 17, 18, 19, 20, 21, 22, 23, 24, 25, 26, 27, 28, 29, 30, 31
Valid weekdays: Saturday, Sunday
When: 14:00:00
Current Time: 2007-01-06 14:30:00
Valid Interval: 13:00:00-16:00:00
Valid days of month: 1, 2, 3, 4, 5, 6, 7, 8, 9, 10, 11, 12, 13, 14, 15, 16, 17, 18, 19, 20, 21, 22, 23, 24, 25, 26, 27, 28, 29, 30, 31
Valid weekdays: Saturday, Sunday
When: 14:00:00
Current Time: 2007-01-06 16:30:00
Valid Interval: 13:00:00-16:00:00
Valid days of month: 1, 2, 3, 4, 5, 6, 7, 8, 9, 10, 11, 12, 13, 14, 15, 16, 17, 18, 19, 20, 21, 22, 23, 24, 25, 26, 27, 28, 29, 30, 31
Valid weekdays: Saturday, Sunday
When: 14:00:00
Current Time: 2007-01-07 16:00:00
Valid Interval: 23:00:00-02:00:00
Valid days of month: 1, 2, 3, 4, 5, 6, 7, 8, 9, 10, 11, 12, 13, 14, 15, 16, 17, 18, 19, 20, 21, 22, 23, 24, 25, 26, 27, 28, 29, 30, 31
Valid weekdays: Saturday, Sunday
When: 01:00:00
Current Time: 2007-01-01 12:00:00
Valid Interval: 23:00:00-02:00:00
Valid days of month: 1, 2, 3, 4, 5, 6, 7, 8, 9, 10, 11, 12, 13, 14, 15, 16, 17, 18, 19, 20, 21, 22, 23, 24, 25, 26, 27, 28, 29, 30, 31
Valid weekdays: Saturday, Sunday
When: 01:00:00
Current Time: 2007-01-02 01:00:00
Valid Interval: 23:00:00-02:00:00
Valid days of month: 1, 2, 3, 4, 5, 6, 7, 8, 9, 10, 11, 12, 13, 14, 15, 16, 17, 18, 19, 20, 21, 22, 23, 24, 25, 26, 27, 28, 29, 30, 31
Valid weekdays: Saturday, Sunday
When: 01:00:00
Current Time: 2007-01-06 00:30:00
Valid Interval: 23:00:00-02:00:00
Valid days of month: 1, 2, 3, 4, 5, 6, 7, 8, 9, 10, 11, 12, 13, 14, 15, 16, 17, 18, 19, 20, 21, 22, 23, 24, 25, 26, 27, 28, 29, 30, 31
Valid weekdays: Saturday, Sunday
When: 01:00:00
Current Time: 2007-01-06 02:30:00
Valid Interval: 23:00:00-02:00:00
Valid days of month: 1, 2, 3, 4, 5, 6, 7, 8, 9, 10, 11, 12, 13, 14, 15, 16, 17, 18, 19, 20, 21, 22, 23, 24, 25, 26, 27, 28, 29, 30, 31
Valid weekdays: Saturday, Sunday
When: 23:30:00
Current Time: 2007-01-01 12:00:00
Valid Interval: 23:00:00-02:00:00
Valid days of month: 1, 2, 3, 4, 5, 6, 7, 8, 9, 10, 11, 12, 13, 14, 15, 16, 17, 18, 19, 20, 21, 22, 23, 24, 25, 26, 27, 28, 29, 30, 31
Valid weekdays: Saturday, Sunday
When: 23:30:00
Current Time: 2007-01-05 23:30:00
Valid Interval: 23:00:00-02:00:00
Valid days of month: 1, 2, 3, 4, 5, 6, 7, 8, 9, 10, 11, 12, 13, 14, 15, 16, 17, 18, 19, 20, 21, 22, 23, 24, 25, 26, 27, 28, 29, 30, 31
Valid weekdays: Saturday, Sunday
When: 23:30:00
Current Time: 2007-01-06 23:00:00
Valid Interval: 23:00:00-02:00:00
Valid days of month: 1, 2, 3, 4, 5, 6, 7, 8, 9, 10, 11, 12, 13, 14, 15, 16, 17, 18, 19, 20, 21, 22, 23, 24, 25, 26, 27, 28, 29, 30, 31
Valid weekdays: Saturday, Sunday
When: 23:30:00
Current Time: 2007-01-06 02:00:00
Valid Interval: 23:00:00-02:00:00
Valid days of month: 1, 2, 3, 4, 5, 6, 7, 8, 9, 10, 11, 12, 13, 14, 15, 16, 17, 18, 19, 20, 21, 22, 23, 24, 25, 26, 27, 28, 29, 30, 31
Valid weekdays: Saturday, Sunday
When: 23:30:00
Current Time: 2007-01-07 23:40:00
Valid Interval: 23:00:00-02:00:00
Valid days of month: 1, 2, 3, 4, 5, 6, 7, 8, 9, 10, 11, 12, 13, 14, 15, 16, 17, 18, 19, 20, 21, 22, 23, 24, 25, 26, 27, 28, 29, 30, 31
Valid weekdays: Saturday, Sunday
When: 23:30:00
Current Time: 2007-01-07 01:00:00
Valid Interval: 13:00:00-16:00:00
Valid days of month: 1, 2, 3, 4, 5, 6, 7, 8, 9, 10, 11, 12, 13, 14, 15, 16, 17, 18, 19, 20, 21, 22, 23, 24, 25, 26, 27, 28, 29, 30, 31
Valid weekdays: Saturday, Sunday
When: 14:00:00
Current Time: 2007-01-06 14:30:00
Valid Interval: 13:00:00-16:00:00
Valid days of month: 1, 2, 3, 4, 5, 6, 7, 8, 9, 10, 11, 12, 13, 14, 15, 16, 17, 18, 19, 20, 21, 22, 23, 24, 25, 26, 27, 28, 29, 30, 31
Valid weekdays: Saturday, Sunday
When: 14:00:00
Current Time: 2007-01-07 15:00:00
Valid Interval: 23:00:00-02:00:00
Valid days of month: 1, 2, 3, 4, 5, 6, 7, 8, 9, 10, 11, 12, 13, 14, 15, 16, 17, 18, 19, 20, 21, 22, 23, 24, 25, 26, 27, 28, 29, 30, 31
Valid weekdays: Saturday, Sunday
When: 01:00:00
Current Time: 2007-01-06 01:30:00
Valid Interval: 23:00:00-02:00:00
Valid days of month: 1, 2, 3, 4, 5, 6, 7, 8, 9, 10, 11, 12, 13, 14, 15, 16, 17, 18, 19, 20, 21, 22, 23, 24, 25, 26, 27, 28, 29, 30, 31
Valid weekdays: Saturday, Sunday
When: 01:00:00
Current Time: 2007-01-07 01:30:00
Valid Interval: 23:00:00-02:00:00
Valid days of month: 1, 2, 3, 4, 5, 6, 7, 8, 9, 10, 11, 12, 13, 14, 15, 16, 17, 18, 19, 20, 21, 22, 23, 24, 25, 26, 27, 28, 29, 30, 31
Valid weekdays: Saturday, Sunday
When: 23:30:00
Current Time: 2007-01-06 23:02:00
Valid Interval: 23:00:00-02:00:00
Valid days of month: 1, 2, 3, 4, 5, 6, 7, 8, 9, 10, 11, 12, 13, 14, 15, 16, 17, 18, 19, 20, 21, 22, 23, 24, 25, 26, 27, 28, 29, 30, 31
Valid weekdays: Saturday, Sunday
When: 23:30:00
Current Time: 2007-01-06 01:10:00
Valid Interval: 23:00:00-02:00:00
Valid days of month: 1, 2, 3, 4, 5, 6, 7, 8, 9, 10, 11, 12, 13, 14, 15, 16, 17, 18, 19, 20, 21, 22, 23, 24, 25, 26, 27, 28, 29, 30, 31
Valid weekdays: Saturday, Sunday
When: 23:30:00
Current Time: 2007-01-07 01:00:40
Valid Interval: 23:00:00-02:00:00
Valid days of month: 2
Valid weekdays: Saturday, Sunday
When: 23:30:00
Current Time: 2007-01-01 12:00:00
Valid Interval: 23:00:00-02:00:00
Valid days of month: 1, 2
Valid weekdays: Saturday, Sunday
When: 23:30:00
Current Time: 2007-01-05 23:30:00
Valid Interval: 23:00:00-02:00:00
Valid days of month: 1, 2
Valid weekdays: Saturday, Sunday
When: 23:30:00
Current Time: 2007-01-06 23:00:00</StdOut>
      </Output>
    </UnitTestResult>
    <UnitTestResult executionId="83535cb4-d7b1-41f3-a181-5e2b15acc061" testId="f469c782-0981-4b49-b00a-862adb7a55ff" testName="GetNextTimeToTrigger_AbsoluteTimer_ReturnsCorrectTime (Data Row 24)" computerName="ICSWS068" duration="00:00:00.0038588" startTime="2016-08-04T07:57:22.7196644+02:00" endTime="2016-08-04T07:57:22.7236714+02:00" testType="13cdc9d9-ddb5-4fa4-a97d-d965ccfc6d4b" outcome="Passed" testListId="8c84fa94-04c1-424b-9868-57a2d4851a1d" relativeResultsDirectory="83535cb4-d7b1-41f3-a181-5e2b15acc061">
      <Output>
        <StdOut>TestContext Messages:
Valid Interval: 11:00:00-13:00:00
Valid days of month: 1, 2, 3, 4, 5, 6, 7, 8, 9, 10, 11, 12, 13, 14, 15, 16, 17, 18, 19, 20, 21, 22, 23, 24, 25, 26, 27, 28, 29, 30, 31
Valid weekdays: Monday, Tuesday, Wednesday, Thursday, Friday, Saturday, Sunday
When: 12:00:00
Current Time: 2011-01-01 00:00:00
Valid Interval: 11:00:00-13:00:00
Valid days of month: 1, 2, 3, 4, 5, 6, 7, 8, 9, 10, 11, 12, 13, 14, 15, 16, 17, 18, 19, 20, 21, 22, 23, 24, 25, 26, 27, 28, 29, 30, 31
Valid weekdays: Monday, Tuesday, Wednesday, Thursday, Friday, Saturday, Sunday
When: 12:00:00
Current Time: 2011-01-01 09:00:00
Valid Interval: 11:00:00-13:00:00
Valid days of month: 1, 2, 3, 4, 5, 6, 7, 8, 9, 10, 11, 12, 13, 14, 15, 16, 17, 18, 19, 20, 21, 22, 23, 24, 25, 26, 27, 28, 29, 30, 31
Valid weekdays: Monday, Tuesday, Wednesday, Thursday, Friday, Saturday, Sunday
When: 12:00:00
Current Time: 2011-01-01 11:00:00
Valid Interval: 11:00:00-13:00:00
Valid days of month: 1, 2, 3, 4, 5, 6, 7, 8, 9, 10, 11, 12, 13, 14, 15, 16, 17, 18, 19, 20, 21, 22, 23, 24, 25, 26, 27, 28, 29, 30, 31
Valid weekdays: Monday, Tuesday, Wednesday, Thursday, Friday, Saturday, Sunday
When: 12:00:00
Current Time: 2011-01-01 12:00:00
Valid Interval: 11:00:00-13:00:00
Valid days of month: 1, 2, 3, 4, 5, 6, 7, 8, 9, 10, 11, 12, 13, 14, 15, 16, 17, 18, 19, 20, 21, 22, 23, 24, 25, 26, 27, 28, 29, 30, 31
Valid weekdays: Monday, Tuesday, Wednesday, Thursday, Friday, Saturday, Sunday
When: 12:00:00
Current Time: 2011-01-01 12:30:00
Valid Interval: 11:00:00-13:00:00
Valid days of month: 1, 2, 3, 4, 5, 6, 7, 8, 9, 10, 11, 12, 13, 14, 15, 16, 17, 18, 19, 20, 21, 22, 23, 24, 25, 26, 27, 28, 29, 30, 31
Valid weekdays: Monday, Tuesday, Wednesday, Thursday, Friday, Saturday, Sunday
When: 12:00:00
Current Time: 2011-01-01 13:00:00
Valid Interval: 11:00:00-13:00:00
Valid days of month: 1, 2, 3, 4, 5, 6, 7, 8, 9, 10, 11, 12, 13, 14, 15, 16, 17, 18, 19, 20, 21, 22, 23, 24, 25, 26, 27, 28, 29, 30, 31
Valid weekdays: Monday, Tuesday, Wednesday, Thursday, Friday, Saturday, Sunday
When: 12:00:00
Current Time: 2011-01-02 00:00:00
Valid Interval: 11:00:00-13:00:00
Valid days of month: 1, 2, 3, 4, 5, 6, 7, 8, 9, 10, 11, 12, 13, 14, 15, 16, 17, 18, 19, 20, 21, 22, 23, 24, 25, 26, 27, 28, 29, 30, 31
Valid weekdays: Monday, Tuesday, Wednesday, Thursday, Friday, Saturday, Sunday
When: 12:00:00
Current Time: 2011-01-02 09:00:00
Valid Interval: 11:00:00-13:00:00
Valid days of month: 1, 2, 3, 4, 5, 6, 7, 8, 9, 10, 11, 12, 13, 14, 15, 16, 17, 18, 19, 20, 21, 22, 23, 24, 25, 26, 27, 28, 29, 30, 31
Valid weekdays: Monday, Tuesday, Wednesday, Thursday, Friday, Saturday, Sunday
When: 12:00:00
Current Time: 2011-01-02 12:00:00
Valid Interval: 11:00:00-13:00:00
Valid days of month: 1, 2, 3, 4, 5, 6, 7, 8, 9, 10, 11, 12, 13, 14, 15, 16, 17, 18, 19, 20, 21, 22, 23, 24, 25, 26, 27, 28, 29, 30, 31
Valid weekdays: Monday, Tuesday, Wednesday, Thursday, Friday, Saturday, Sunday
When: 12:00:00
Current Time: 2011-01-02 12:45:30
Valid Interval: 11:00:00-13:00:00
Valid days of month: 1, 2, 3, 4, 5, 6, 7, 8, 9, 10, 11, 12, 13, 14, 15, 16, 17, 18, 19, 20, 21, 22, 23, 24, 25, 26, 27, 28, 29, 30, 31
Valid weekdays: Monday, Tuesday, Wednesday, Thursday, Friday, Saturday, Sunday
When: 12:00:00
Current Time: 2011-01-02 13:00:00
Valid Interval: 11:00:00-13:00:00
Valid days of month: 1, 2, 3, 4, 5, 6, 7, 8, 9, 10, 11, 12, 13, 14, 15, 16, 17, 18, 19, 20, 21, 22, 23, 24, 25, 26, 27, 28, 29, 30, 31
Valid weekdays: Monday, Tuesday, Wednesday, Thursday, Friday, Saturday, Sunday
When: 12:00:00
Current Time: 2011-01-01 12:00:00
Valid Interval: 11:00:00-13:00:00
Valid days of month: 1, 2, 3, 4, 5, 6, 7, 8, 9, 10, 11, 12, 13, 14, 15, 16, 17, 18, 19, 20, 21, 22, 23, 24, 25, 26, 27, 28, 29, 30, 31
Valid weekdays: Monday, Tuesday, Wednesday, Thursday, Friday, Saturday, Sunday
When: 12:00:00
Current Time: 2011-01-01 12:30:00
Valid Interval: 11:00:00-13:00:00
Valid days of month: 1, 2, 3, 4, 5, 6, 7, 8, 9, 10, 11, 12, 13, 14, 15, 16, 17, 18, 19, 20, 21, 22, 23, 24, 25, 26, 27, 28, 29, 30, 31
Valid weekdays: Monday, Tuesday, Wednesday, Thursday, Friday, Saturday, Sunday
When: 12:00:00
Current Time: 2011-01-01 12:30:00
Valid Interval: 11:00:00-13:00:00
Valid days of month: 1, 2, 3, 4, 5, 6, 7, 8, 9, 10, 11, 12, 13, 14, 15, 16, 17, 18, 19, 20, 21, 22, 23, 24, 25, 26, 27, 28, 29, 30, 31
Valid weekdays: Monday, Tuesday, Wednesday, Thursday, Friday, Saturday, Sunday
When: 12:00:00
Current Time: 2011-01-01 13:00:00
Valid Interval: 11:00:00-13:00:00
Valid days of month: 1, 2, 3, 4, 5, 6, 7, 8, 9, 10, 11, 12, 13, 14, 15, 16, 17, 18, 19, 20, 21, 22, 23, 24, 25, 26, 27, 28, 29, 30, 31
Valid weekdays: Monday, Tuesday, Wednesday, Thursday, Friday, Saturday, Sunday
When: 12:00:00
Current Time: 2011-01-01 14:30:00
Valid Interval: 23:00:00-13:00:00
Valid days of month: 1, 2, 3, 4, 5, 6, 7, 8, 9, 10, 11, 12, 13, 14, 15, 16, 17, 18, 19, 20, 21, 22, 23, 24, 25, 26, 27, 28, 29, 30, 31
Valid weekdays: Monday, Tuesday, Wednesday, Thursday, Friday, Saturday, Sunday
When: 23:30:00
Current Time: 2011-01-01 16:00:00
Valid Interval: 23:00:00-13:00:00
Valid days of month: 1, 2, 3, 4, 5, 6, 7, 8, 9, 10, 11, 12, 13, 14, 15, 16, 17, 18, 19, 20, 21, 22, 23, 24, 25, 26, 27, 28, 29, 30, 31
Valid weekdays: Monday, Tuesday, Wednesday, Thursday, Friday, Saturday, Sunday
When: 23:30:00
Current Time: 2011-01-01 23:00:00
Valid Interval: 23:00:00-13:00:00
Valid days of month: 1, 2, 3, 4, 5, 6, 7, 8, 9, 10, 11, 12, 13, 14, 15, 16, 17, 18, 19, 20, 21, 22, 23, 24, 25, 26, 27, 28, 29, 30, 31
Valid weekdays: Monday, Tuesday, Wednesday, Thursday, Friday, Saturday, Sunday
When: 23:30:00
Current Time: 2011-01-01 23:30:00
Valid Interval: 23:00:00-13:00:00
Valid days of month: 1, 2, 3, 4, 5, 6, 7, 8, 9, 10, 11, 12, 13, 14, 15, 16, 17, 18, 19, 20, 21, 22, 23, 24, 25, 26, 27, 28, 29, 30, 31
Valid weekdays: Monday, Tuesday, Wednesday, Thursday, Friday, Saturday, Sunday
When: 23:30:00
Current Time: 2011-01-01 23:45:00
Valid Interval: 23:00:00-13:00:00
Valid days of month: 1, 2, 3, 4, 5, 6, 7, 8, 9, 10, 11, 12, 13, 14, 15, 16, 17, 18, 19, 20, 21, 22, 23, 24, 25, 26, 27, 28, 29, 30, 31
Valid weekdays: Monday, Tuesday, Wednesday, Thursday, Friday, Saturday, Sunday
When: 23:30:00
Current Time: 2011-01-02 00:30:00
Valid Interval: 23:00:00-13:00:00
Valid days of month: 1, 2, 3, 4, 5, 6, 7, 8, 9, 10, 11, 12, 13, 14, 15, 16, 17, 18, 19, 20, 21, 22, 23, 24, 25, 26, 27, 28, 29, 30, 31
Valid weekdays: Monday, Tuesday, Wednesday, Thursday, Friday, Saturday, Sunday
When: 23:30:00
Current Time: 2011-01-01 13:00:00
Valid Interval: 23:00:00-13:00:00
Valid days of month: 1, 2, 3, 4, 5, 6, 7, 8, 9, 10, 11, 12, 13, 14, 15, 16, 17, 18, 19, 20, 21, 22, 23, 24, 25, 26, 27, 28, 29, 30, 31
Valid weekdays: Monday, Tuesday, Wednesday, Thursday, Friday, Saturday, Sunday
When: 01:00:00
Current Time: 2011-01-01 16:00:00
Valid Interval: 23:00:00-13:00:00
Valid days of month: 1, 2, 3, 4, 5, 6, 7, 8, 9, 10, 11, 12, 13, 14, 15, 16, 17, 18, 19, 20, 21, 22, 23, 24, 25, 26, 27, 28, 29, 30, 31
Valid weekdays: Monday, Tuesday, Wednesday, Thursday, Friday, Saturday, Sunday
When: 01:00:00
Current Time: 2011-01-01 23:00:00
Valid Interval: 23:00:00-13:00:00
Valid days of month: 1, 2, 3, 4, 5, 6, 7, 8, 9, 10, 11, 12, 13, 14, 15, 16, 17, 18, 19, 20, 21, 22, 23, 24, 25, 26, 27, 28, 29, 30, 31
Valid weekdays: Monday, Tuesday, Wednesday, Thursday, Friday, Saturday, Sunday
When: 01:00:00
Current Time: 2011-01-01 23:30:00
Valid Interval: 23:00:00-13:00:00
Valid days of month: 1, 2, 3, 4, 5, 6, 7, 8, 9, 10, 11, 12, 13, 14, 15, 16, 17, 18, 19, 20, 21, 22, 23, 24, 25, 26, 27, 28, 29, 30, 31
Valid weekdays: Monday, Tuesday, Wednesday, Thursday, Friday, Saturday, Sunday
When: 01:00:00
Current Time: 2011-01-02 00:30:00
Valid Interval: 23:00:00-13:00:00
Valid days of month: 1, 2, 3, 4, 5, 6, 7, 8, 9, 10, 11, 12, 13, 14, 15, 16, 17, 18, 19, 20, 21, 22, 23, 24, 25, 26, 27, 28, 29, 30, 31
Valid weekdays: Monday, Tuesday, Wednesday, Thursday, Friday, Saturday, Sunday
When: 01:00:00
Current Time: 2011-01-01 02:00:00
Valid Interval: 23:00:00-13:00:00
Valid days of month: 1, 2, 3, 4, 5, 6, 7, 8, 9, 10, 11, 12, 13, 14, 15, 16, 17, 18, 19, 20, 21, 22, 23, 24, 25, 26, 27, 28, 29, 30, 31
Valid weekdays: Monday, Tuesday, Wednesday, Thursday, Friday, Saturday, Sunday
When: 01:00:00
Current Time: 2011-01-01 13:00:00
Valid Interval: 23:00:00-13:00:00
Valid days of month: 1, 2, 3, 4, 5, 6, 7, 8, 9, 10, 11, 12, 13, 14, 15, 16, 17, 18, 19, 20, 21, 22, 23, 24, 25, 26, 27, 28, 29, 30, 31
Valid weekdays: Monday, Tuesday, Wednesday, Thursday, Friday, Saturday, Sunday
When: 23:30:00
Current Time: 2011-01-01 16:00:00
Valid Interval: 23:00:00-13:00:00
Valid days of month: 1, 2, 3, 4, 5, 6, 7, 8, 9, 10, 11, 12, 13, 14, 15, 16, 17, 18, 19, 20, 21, 22, 23, 24, 25, 26, 27, 28, 29, 30, 31
Valid weekdays: Monday, Tuesday, Wednesday, Thursday, Friday, Saturday, Sunday
When: 23:30:00
Current Time: 2011-01-01 23:00:00
Valid Interval: 23:00:00-13:00:00
Valid days of month: 1, 2, 3, 4, 5, 6, 7, 8, 9, 10, 11, 12, 13, 14, 15, 16, 17, 18, 19, 20, 21, 22, 23, 24, 25, 26, 27, 28, 29, 30, 31
Valid weekdays: Monday, Tuesday, Wednesday, Thursday, Friday, Saturday, Sunday
When: 23:30:00
Current Time: 2011-01-01 23:30:00
Valid Interval: 23:00:00-13:00:00
Valid days of month: 1, 2, 3, 4, 5, 6, 7, 8, 9, 10, 11, 12, 13, 14, 15, 16, 17, 18, 19, 20, 21, 22, 23, 24, 25, 26, 27, 28, 29, 30, 31
Valid weekdays: Monday, Tuesday, Wednesday, Thursday, Friday, Saturday, Sunday
When: 23:30:00
Current Time: 2011-01-01 23:45:00
Valid Interval: 23:00:00-13:00:00
Valid days of month: 1, 2, 3, 4, 5, 6, 7, 8, 9, 10, 11, 12, 13, 14, 15, 16, 17, 18, 19, 20, 21, 22, 23, 24, 25, 26, 27, 28, 29, 30, 31
Valid weekdays: Monday, Tuesday, Wednesday, Thursday, Friday, Saturday, Sunday
When: 23:30:00
Current Time: 2011-01-02 00:30:00
Valid Interval: 23:00:00-13:00:00
Valid days of month: 1, 2, 3, 4, 5, 6, 7, 8, 9, 10, 11, 12, 13, 14, 15, 16, 17, 18, 19, 20, 21, 22, 23, 24, 25, 26, 27, 28, 29, 30, 31
Valid weekdays: Monday, Tuesday, Wednesday, Thursday, Friday, Saturday, Sunday
When: 23:30:00
Current Time: 2011-01-01 13:00:00
Valid Interval: 23:00:00-13:00:00
Valid days of month: 1, 2, 3, 4, 5, 6, 7, 8, 9, 10, 11, 12, 13, 14, 15, 16, 17, 18, 19, 20, 21, 22, 23, 24, 25, 26, 27, 28, 29, 30, 31
Valid weekdays: Monday, Tuesday, Wednesday, Thursday, Friday, Saturday, Sunday
When: 01:00:00
Current Time: 2011-01-01 16:00:00
Valid Interval: 23:00:00-13:00:00
Valid days of month: 1, 2, 3, 4, 5, 6, 7, 8, 9, 10, 11, 12, 13, 14, 15, 16, 17, 18, 19, 20, 21, 22, 23, 24, 25, 26, 27, 28, 29, 30, 31
Valid weekdays: Monday, Tuesday, Wednesday, Thursday, Friday, Saturday, Sunday
When: 01:00:00
Current Time: 2011-01-01 23:00:00
Valid Interval: 23:00:00-13:00:00
Valid days of month: 1, 2, 3, 4, 5, 6, 7, 8, 9, 10, 11, 12, 13, 14, 15, 16, 17, 18, 19, 20, 21, 22, 23, 24, 25, 26, 27, 28, 29, 30, 31
Valid weekdays: Monday, Tuesday, Wednesday, Thursday, Friday, Saturday, Sunday
When: 01:00:00
Current Time: 2011-01-01 23:30:00
Valid Interval: 23:00:00-13:00:00
Valid days of month: 1, 2, 3, 4, 5, 6, 7, 8, 9, 10, 11, 12, 13, 14, 15, 16, 17, 18, 19, 20, 21, 22, 23, 24, 25, 26, 27, 28, 29, 30, 31
Valid weekdays: Monday, Tuesday, Wednesday, Thursday, Friday, Saturday, Sunday
When: 01:00:00
Current Time: 2011-01-02 00:30:00
Valid Interval: 23:00:00-13:00:00
Valid days of month: 1, 2, 3, 4, 5, 6, 7, 8, 9, 10, 11, 12, 13, 14, 15, 16, 17, 18, 19, 20, 21, 22, 23, 24, 25, 26, 27, 28, 29, 30, 31
Valid weekdays: Monday, Tuesday, Wednesday, Thursday, Friday, Saturday, Sunday
When: 01:00:00
Current Time: 2011-01-02 02:00:00
Valid Interval: 23:00:00-13:00:00
Valid days of month: 1, 2, 3, 4, 5, 6, 7, 8, 9, 10, 11, 12, 13, 14, 15, 16, 17, 18, 19, 20, 21, 22, 23, 24, 25, 26, 27, 28, 29, 30, 31
Valid weekdays: Monday, Tuesday, Wednesday, Thursday, Friday, Saturday, Sunday
When: 01:00:00
Current Time: 2011-01-02 13:00:00
Valid Interval: 23:00:00-13:00:00
Valid days of month: 1, 2, 3, 4, 5, 6, 7, 8, 9, 10, 11, 12, 13, 14, 15, 16, 17, 18, 19, 20, 21, 22, 23, 24, 25, 26, 27, 28, 29, 30, 31
Valid weekdays: Monday, Tuesday, Wednesday, Thursday, Friday, Saturday, Sunday
When: 23:30:00
Current Time: 2011-01-01 23:30:05
Valid Interval: 23:00:00-13:00:00
Valid days of month: 1, 2, 3, 4, 5, 6, 7, 8, 9, 10, 11, 12, 13, 14, 15, 16, 17, 18, 19, 20, 21, 22, 23, 24, 25, 26, 27, 28, 29, 30, 31
Valid weekdays: Monday, Tuesday, Wednesday, Thursday, Friday, Saturday, Sunday
When: 23:30:00
Current Time: 2011-01-02 00:30:00
Valid Interval: 23:00:00-13:00:00
Valid days of month: 1, 2, 3, 4, 5, 6, 7, 8, 9, 10, 11, 12, 13, 14, 15, 16, 17, 18, 19, 20, 21, 22, 23, 24, 25, 26, 27, 28, 29, 30, 31
Valid weekdays: Monday, Tuesday, Wednesday, Thursday, Friday, Saturday, Sunday
When: 23:30:00
Current Time: 2011-01-02 13:00:00
Valid Interval: 23:00:00-13:00:00
Valid days of month: 1, 2, 3, 4, 5, 6, 7, 8, 9, 10, 11, 12, 13, 14, 15, 16, 17, 18, 19, 20, 21, 22, 23, 24, 25, 26, 27, 28, 29, 30, 31
Valid weekdays: Monday, Tuesday, Wednesday, Thursday, Friday, Saturday, Sunday
When: 01:00:00
Current Time: 2011-01-01 02:00:00
Valid Interval: 23:00:00-13:00:00
Valid days of month: 1, 2, 3, 4, 5, 6, 7, 8, 9, 10, 11, 12, 13, 14, 15, 16, 17, 18, 19, 20, 21, 22, 23, 24, 25, 26, 27, 28, 29, 30, 31
Valid weekdays: Monday, Tuesday, Wednesday, Thursday, Friday, Saturday, Sunday
When: 01:00:00
Current Time: 2011-01-02 02:00:00
Valid Interval: 13:00:00-16:00:00
Valid days of month: 1, 2, 3, 4, 5, 6, 7, 8, 9, 10, 11, 12, 13, 14, 15, 16, 17, 18, 19, 20, 21, 22, 23, 24, 25, 26, 27, 28, 29, 30, 31
Valid weekdays: Saturday, Sunday
When: 14:00:00
Current Time: 2007-01-01 12:00:00
Valid Interval: 13:00:00-16:00:00
Valid days of month: 1, 2, 3, 4, 5, 6, 7, 8, 9, 10, 11, 12, 13, 14, 15, 16, 17, 18, 19, 20, 21, 22, 23, 24, 25, 26, 27, 28, 29, 30, 31
Valid weekdays: Saturday, Sunday
When: 14:00:00
Current Time: 2007-01-02 13:30:00
Valid Interval: 13:00:00-16:00:00
Valid days of month: 1, 2, 3, 4, 5, 6, 7, 8, 9, 10, 11, 12, 13, 14, 15, 16, 17, 18, 19, 20, 21, 22, 23, 24, 25, 26, 27, 28, 29, 30, 31
Valid weekdays: Saturday, Sunday
When: 14:00:00
Current Time: 2007-01-06 13:30:00
Valid Interval: 13:00:00-16:00:00
Valid days of month: 1, 2, 3, 4, 5, 6, 7, 8, 9, 10, 11, 12, 13, 14, 15, 16, 17, 18, 19, 20, 21, 22, 23, 24, 25, 26, 27, 28, 29, 30, 31
Valid weekdays: Saturday, Sunday
When: 14:00:00
Current Time: 2007-01-06 14:30:00
Valid Interval: 13:00:00-16:00:00
Valid days of month: 1, 2, 3, 4, 5, 6, 7, 8, 9, 10, 11, 12, 13, 14, 15, 16, 17, 18, 19, 20, 21, 22, 23, 24, 25, 26, 27, 28, 29, 30, 31
Valid weekdays: Saturday, Sunday
When: 14:00:00
Current Time: 2007-01-06 16:30:00
Valid Interval: 13:00:00-16:00:00
Valid days of month: 1, 2, 3, 4, 5, 6, 7, 8, 9, 10, 11, 12, 13, 14, 15, 16, 17, 18, 19, 20, 21, 22, 23, 24, 25, 26, 27, 28, 29, 30, 31
Valid weekdays: Saturday, Sunday
When: 14:00:00
Current Time: 2007-01-07 16:00:00
Valid Interval: 23:00:00-02:00:00
Valid days of month: 1, 2, 3, 4, 5, 6, 7, 8, 9, 10, 11, 12, 13, 14, 15, 16, 17, 18, 19, 20, 21, 22, 23, 24, 25, 26, 27, 28, 29, 30, 31
Valid weekdays: Saturday, Sunday
When: 01:00:00
Current Time: 2007-01-01 12:00:00
Valid Interval: 23:00:00-02:00:00
Valid days of month: 1, 2, 3, 4, 5, 6, 7, 8, 9, 10, 11, 12, 13, 14, 15, 16, 17, 18, 19, 20, 21, 22, 23, 24, 25, 26, 27, 28, 29, 30, 31
Valid weekdays: Saturday, Sunday
When: 01:00:00
Current Time: 2007-01-02 01:00:00
Valid Interval: 23:00:00-02:00:00
Valid days of month: 1, 2, 3, 4, 5, 6, 7, 8, 9, 10, 11, 12, 13, 14, 15, 16, 17, 18, 19, 20, 21, 22, 23, 24, 25, 26, 27, 28, 29, 30, 31
Valid weekdays: Saturday, Sunday
When: 01:00:00
Current Time: 2007-01-06 00:30:00
Valid Interval: 23:00:00-02:00:00
Valid days of month: 1, 2, 3, 4, 5, 6, 7, 8, 9, 10, 11, 12, 13, 14, 15, 16, 17, 18, 19, 20, 21, 22, 23, 24, 25, 26, 27, 28, 29, 30, 31
Valid weekdays: Saturday, Sunday
When: 01:00:00
Current Time: 2007-01-06 01:30:00
Valid Interval: 23:00:00-02:00:00
Valid days of month: 1, 2, 3, 4, 5, 6, 7, 8, 9, 10, 11, 12, 13, 14, 15, 16, 17, 18, 19, 20, 21, 22, 23, 24, 25, 26, 27, 28, 29, 30, 31
Valid weekdays: Saturday, Sunday
When: 01:00:00
Current Time: 2007-01-06 02:30:00
Valid Interval: 23:00:00-02:00:00
Valid days of month: 1, 2, 3, 4, 5, 6, 7, 8, 9, 10, 11, 12, 13, 14, 15, 16, 17, 18, 19, 20, 21, 22, 23, 24, 25, 26, 27, 28, 29, 30, 31
Valid weekdays: Saturday, Sunday
When: 01:00:00
Current Time: 2007-01-07 02:00:00
Valid Interval: 23:00:00-02:00:00
Valid days of month: 1, 2, 3, 4, 5, 6, 7, 8, 9, 10, 11, 12, 13, 14, 15, 16, 17, 18, 19, 20, 21, 22, 23, 24, 25, 26, 27, 28, 29, 30, 31
Valid weekdays: Saturday, Sunday
When: 23:30:00
Current Time: 2007-01-01 12:00:00
Valid Interval: 23:00:00-02:00:00
Valid days of month: 1, 2, 3, 4, 5, 6, 7, 8, 9, 10, 11, 12, 13, 14, 15, 16, 17, 18, 19, 20, 21, 22, 23, 24, 25, 26, 27, 28, 29, 30, 31
Valid weekdays: Saturday, Sunday
When: 23:30:00
Current Time: 2007-01-05 23:30:00
Valid Interval: 23:00:00-02:00:00
Valid days of month: 1, 2, 3, 4, 5, 6, 7, 8, 9, 10, 11, 12, 13, 14, 15, 16, 17, 18, 19, 20, 21, 22, 23, 24, 25, 26, 27, 28, 29, 30, 31
Valid weekdays: Saturday, Sunday
When: 23:30:00
Current Time: 2007-01-06 23:00:00
Valid Interval: 23:00:00-02:00:00
Valid days of month: 1, 2, 3, 4, 5, 6, 7, 8, 9, 10, 11, 12, 13, 14, 15, 16, 17, 18, 19, 20, 21, 22, 23, 24, 25, 26, 27, 28, 29, 30, 31
Valid weekdays: Saturday, Sunday
When: 23:30:00
Current Time: 2007-01-06 02:00:00
Valid Interval: 23:00:00-02:00:00
Valid days of month: 1, 2, 3, 4, 5, 6, 7, 8, 9, 10, 11, 12, 13, 14, 15, 16, 17, 18, 19, 20, 21, 22, 23, 24, 25, 26, 27, 28, 29, 30, 31
Valid weekdays: Saturday, Sunday
When: 23:30:00
Current Time: 2007-01-07 23:40:00
Valid Interval: 23:00:00-02:00:00
Valid days of month: 1, 2, 3, 4, 5, 6, 7, 8, 9, 10, 11, 12, 13, 14, 15, 16, 17, 18, 19, 20, 21, 22, 23, 24, 25, 26, 27, 28, 29, 30, 31
Valid weekdays: Saturday, Sunday
When: 23:30:00
Current Time: 2007-01-07 01:00:00
Valid Interval: 13:00:00-16:00:00
Valid days of month: 1, 2, 3, 4, 5, 6, 7, 8, 9, 10, 11, 12, 13, 14, 15, 16, 17, 18, 19, 20, 21, 22, 23, 24, 25, 26, 27, 28, 29, 30, 31
Valid weekdays: Saturday, Sunday
When: 14:00:00
Current Time: 2007-01-01 12:00:00
Valid Interval: 13:00:00-16:00:00
Valid days of month: 1, 2, 3, 4, 5, 6, 7, 8, 9, 10, 11, 12, 13, 14, 15, 16, 17, 18, 19, 20, 21, 22, 23, 24, 25, 26, 27, 28, 29, 30, 31
Valid weekdays: Saturday, Sunday
When: 14:00:00
Current Time: 2007-01-02 13:30:00
Valid Interval: 13:00:00-16:00:00
Valid days of month: 1, 2, 3, 4, 5, 6, 7, 8, 9, 10, 11, 12, 13, 14, 15, 16, 17, 18, 19, 20, 21, 22, 23, 24, 25, 26, 27, 28, 29, 30, 31
Valid weekdays: Saturday, Sunday
When: 14:00:00
Current Time: 2007-01-06 13:30:00
Valid Interval: 13:00:00-16:00:00
Valid days of month: 1, 2, 3, 4, 5, 6, 7, 8, 9, 10, 11, 12, 13, 14, 15, 16, 17, 18, 19, 20, 21, 22, 23, 24, 25, 26, 27, 28, 29, 30, 31
Valid weekdays: Saturday, Sunday
When: 14:00:00
Current Time: 2007-01-06 14:30:00
Valid Interval: 13:00:00-16:00:00
Valid days of month: 1, 2, 3, 4, 5, 6, 7, 8, 9, 10, 11, 12, 13, 14, 15, 16, 17, 18, 19, 20, 21, 22, 23, 24, 25, 26, 27, 28, 29, 30, 31
Valid weekdays: Saturday, Sunday
When: 14:00:00
Current Time: 2007-01-06 16:30:00
Valid Interval: 13:00:00-16:00:00
Valid days of month: 1, 2, 3, 4, 5, 6, 7, 8, 9, 10, 11, 12, 13, 14, 15, 16, 17, 18, 19, 20, 21, 22, 23, 24, 25, 26, 27, 28, 29, 30, 31
Valid weekdays: Saturday, Sunday
When: 14:00:00
Current Time: 2007-01-07 16:00:00
Valid Interval: 23:00:00-02:00:00
Valid days of month: 1, 2, 3, 4, 5, 6, 7, 8, 9, 10, 11, 12, 13, 14, 15, 16, 17, 18, 19, 20, 21, 22, 23, 24, 25, 26, 27, 28, 29, 30, 31
Valid weekdays: Saturday, Sunday
When: 01:00:00
Current Time: 2007-01-01 12:00:00
Valid Interval: 23:00:00-02:00:00
Valid days of month: 1, 2, 3, 4, 5, 6, 7, 8, 9, 10, 11, 12, 13, 14, 15, 16, 17, 18, 19, 20, 21, 22, 23, 24, 25, 26, 27, 28, 29, 30, 31
Valid weekdays: Saturday, Sunday
When: 01:00:00
Current Time: 2007-01-02 01:00:00
Valid Interval: 23:00:00-02:00:00
Valid days of month: 1, 2, 3, 4, 5, 6, 7, 8, 9, 10, 11, 12, 13, 14, 15, 16, 17, 18, 19, 20, 21, 22, 23, 24, 25, 26, 27, 28, 29, 30, 31
Valid weekdays: Saturday, Sunday
When: 01:00:00
Current Time: 2007-01-06 00:30:00
Valid Interval: 23:00:00-02:00:00
Valid days of month: 1, 2, 3, 4, 5, 6, 7, 8, 9, 10, 11, 12, 13, 14, 15, 16, 17, 18, 19, 20, 21, 22, 23, 24, 25, 26, 27, 28, 29, 30, 31
Valid weekdays: Saturday, Sunday
When: 01:00:00
Current Time: 2007-01-06 02:30:00
Valid Interval: 23:00:00-02:00:00
Valid days of month: 1, 2, 3, 4, 5, 6, 7, 8, 9, 10, 11, 12, 13, 14, 15, 16, 17, 18, 19, 20, 21, 22, 23, 24, 25, 26, 27, 28, 29, 30, 31
Valid weekdays: Saturday, Sunday
When: 23:30:00
Current Time: 2007-01-01 12:00:00
Valid Interval: 23:00:00-02:00:00
Valid days of month: 1, 2, 3, 4, 5, 6, 7, 8, 9, 10, 11, 12, 13, 14, 15, 16, 17, 18, 19, 20, 21, 22, 23, 24, 25, 26, 27, 28, 29, 30, 31
Valid weekdays: Saturday, Sunday
When: 23:30:00
Current Time: 2007-01-05 23:30:00
Valid Interval: 23:00:00-02:00:00
Valid days of month: 1, 2, 3, 4, 5, 6, 7, 8, 9, 10, 11, 12, 13, 14, 15, 16, 17, 18, 19, 20, 21, 22, 23, 24, 25, 26, 27, 28, 29, 30, 31
Valid weekdays: Saturday, Sunday
When: 23:30:00
Current Time: 2007-01-06 23:00:00
Valid Interval: 23:00:00-02:00:00
Valid days of month: 1, 2, 3, 4, 5, 6, 7, 8, 9, 10, 11, 12, 13, 14, 15, 16, 17, 18, 19, 20, 21, 22, 23, 24, 25, 26, 27, 28, 29, 30, 31
Valid weekdays: Saturday, Sunday
When: 23:30:00
Current Time: 2007-01-06 02:00:00
Valid Interval: 23:00:00-02:00:00
Valid days of month: 1, 2, 3, 4, 5, 6, 7, 8, 9, 10, 11, 12, 13, 14, 15, 16, 17, 18, 19, 20, 21, 22, 23, 24, 25, 26, 27, 28, 29, 30, 31
Valid weekdays: Saturday, Sunday
When: 23:30:00
Current Time: 2007-01-07 23:40:00
Valid Interval: 23:00:00-02:00:00
Valid days of month: 1, 2, 3, 4, 5, 6, 7, 8, 9, 10, 11, 12, 13, 14, 15, 16, 17, 18, 19, 20, 21, 22, 23, 24, 25, 26, 27, 28, 29, 30, 31
Valid weekdays: Saturday, Sunday
When: 23:30:00
Current Time: 2007-01-07 01:00:00
Valid Interval: 13:00:00-16:00:00
Valid days of month: 1, 2, 3, 4, 5, 6, 7, 8, 9, 10, 11, 12, 13, 14, 15, 16, 17, 18, 19, 20, 21, 22, 23, 24, 25, 26, 27, 28, 29, 30, 31
Valid weekdays: Saturday, Sunday
When: 14:00:00
Current Time: 2007-01-06 14:30:00
Valid Interval: 13:00:00-16:00:00
Valid days of month: 1, 2, 3, 4, 5, 6, 7, 8, 9, 10, 11, 12, 13, 14, 15, 16, 17, 18, 19, 20, 21, 22, 23, 24, 25, 26, 27, 28, 29, 30, 31
Valid weekdays: Saturday, Sunday
When: 14:00:00
Current Time: 2007-01-07 15:00:00
Valid Interval: 23:00:00-02:00:00
Valid days of month: 1, 2, 3, 4, 5, 6, 7, 8, 9, 10, 11, 12, 13, 14, 15, 16, 17, 18, 19, 20, 21, 22, 23, 24, 25, 26, 27, 28, 29, 30, 31
Valid weekdays: Saturday, Sunday
When: 01:00:00
Current Time: 2007-01-06 01:30:00
Valid Interval: 23:00:00-02:00:00
Valid days of month: 1, 2, 3, 4, 5, 6, 7, 8, 9, 10, 11, 12, 13, 14, 15, 16, 17, 18, 19, 20, 21, 22, 23, 24, 25, 26, 27, 28, 29, 30, 31
Valid weekdays: Saturday, Sunday
When: 01:00:00
Current Time: 2007-01-07 01:30:00
Valid Interval: 23:00:00-02:00:00
Valid days of month: 1, 2, 3, 4, 5, 6, 7, 8, 9, 10, 11, 12, 13, 14, 15, 16, 17, 18, 19, 20, 21, 22, 23, 24, 25, 26, 27, 28, 29, 30, 31
Valid weekdays: Saturday, Sunday
When: 23:30:00
Current Time: 2007-01-06 23:02:00
Valid Interval: 23:00:00-02:00:00
Valid days of month: 1, 2, 3, 4, 5, 6, 7, 8, 9, 10, 11, 12, 13, 14, 15, 16, 17, 18, 19, 20, 21, 22, 23, 24, 25, 26, 27, 28, 29, 30, 31
Valid weekdays: Saturday, Sunday
When: 23:30:00
Current Time: 2007-01-06 01:10:00
Valid Interval: 23:00:00-02:00:00
Valid days of month: 1, 2, 3, 4, 5, 6, 7, 8, 9, 10, 11, 12, 13, 14, 15, 16, 17, 18, 19, 20, 21, 22, 23, 24, 25, 26, 27, 28, 29, 30, 31
Valid weekdays: Saturday, Sunday
When: 23:30:00
Current Time: 2007-01-07 01:00:40
Valid Interval: 23:00:00-02:00:00
Valid days of month: 2
Valid weekdays: Saturday, Sunday
When: 23:30:00
Current Time: 2007-01-01 12:00:00
Valid Interval: 23:00:00-02:00:00
Valid days of month: 1, 2
Valid weekdays: Saturday, Sunday
When: 23:30:00
Current Time: 2007-01-05 23:30:00
Valid Interval: 23:00:00-02:00:00
Valid days of month: 1, 2
Valid weekdays: Saturday, Sunday
When: 23:30:00
Current Time: 2007-01-06 23:00:00</StdOut>
      </Output>
    </UnitTestResult>
    <UnitTestResult executionId="96f626c3-efa4-46dd-bf27-de634e1a0511" testId="7fb23057-829c-44c3-8b79-b1855370558b" testName="GetNextTimeToTrigger_AbsoluteTimer_ReturnsCorrectTime (Data Row 25)" computerName="ICSWS068" duration="00:00:00.0037245" startTime="2016-08-04T07:57:22.7236714+02:00" endTime="2016-08-04T07:57:22.7271731+02:00" testType="13cdc9d9-ddb5-4fa4-a97d-d965ccfc6d4b" outcome="Passed" testListId="8c84fa94-04c1-424b-9868-57a2d4851a1d" relativeResultsDirectory="96f626c3-efa4-46dd-bf27-de634e1a0511">
      <Output>
        <StdOut>TestContext Messages:
Valid Interval: 11:00:00-13:00:00
Valid days of month: 1, 2, 3, 4, 5, 6, 7, 8, 9, 10, 11, 12, 13, 14, 15, 16, 17, 18, 19, 20, 21, 22, 23, 24, 25, 26, 27, 28, 29, 30, 31
Valid weekdays: Monday, Tuesday, Wednesday, Thursday, Friday, Saturday, Sunday
When: 12:00:00
Current Time: 2011-01-01 00:00:00
Valid Interval: 11:00:00-13:00:00
Valid days of month: 1, 2, 3, 4, 5, 6, 7, 8, 9, 10, 11, 12, 13, 14, 15, 16, 17, 18, 19, 20, 21, 22, 23, 24, 25, 26, 27, 28, 29, 30, 31
Valid weekdays: Monday, Tuesday, Wednesday, Thursday, Friday, Saturday, Sunday
When: 12:00:00
Current Time: 2011-01-01 09:00:00
Valid Interval: 11:00:00-13:00:00
Valid days of month: 1, 2, 3, 4, 5, 6, 7, 8, 9, 10, 11, 12, 13, 14, 15, 16, 17, 18, 19, 20, 21, 22, 23, 24, 25, 26, 27, 28, 29, 30, 31
Valid weekdays: Monday, Tuesday, Wednesday, Thursday, Friday, Saturday, Sunday
When: 12:00:00
Current Time: 2011-01-01 11:00:00
Valid Interval: 11:00:00-13:00:00
Valid days of month: 1, 2, 3, 4, 5, 6, 7, 8, 9, 10, 11, 12, 13, 14, 15, 16, 17, 18, 19, 20, 21, 22, 23, 24, 25, 26, 27, 28, 29, 30, 31
Valid weekdays: Monday, Tuesday, Wednesday, Thursday, Friday, Saturday, Sunday
When: 12:00:00
Current Time: 2011-01-01 12:00:00
Valid Interval: 11:00:00-13:00:00
Valid days of month: 1, 2, 3, 4, 5, 6, 7, 8, 9, 10, 11, 12, 13, 14, 15, 16, 17, 18, 19, 20, 21, 22, 23, 24, 25, 26, 27, 28, 29, 30, 31
Valid weekdays: Monday, Tuesday, Wednesday, Thursday, Friday, Saturday, Sunday
When: 12:00:00
Current Time: 2011-01-01 12:30:00
Valid Interval: 11:00:00-13:00:00
Valid days of month: 1, 2, 3, 4, 5, 6, 7, 8, 9, 10, 11, 12, 13, 14, 15, 16, 17, 18, 19, 20, 21, 22, 23, 24, 25, 26, 27, 28, 29, 30, 31
Valid weekdays: Monday, Tuesday, Wednesday, Thursday, Friday, Saturday, Sunday
When: 12:00:00
Current Time: 2011-01-01 13:00:00
Valid Interval: 11:00:00-13:00:00
Valid days of month: 1, 2, 3, 4, 5, 6, 7, 8, 9, 10, 11, 12, 13, 14, 15, 16, 17, 18, 19, 20, 21, 22, 23, 24, 25, 26, 27, 28, 29, 30, 31
Valid weekdays: Monday, Tuesday, Wednesday, Thursday, Friday, Saturday, Sunday
When: 12:00:00
Current Time: 2011-01-02 00:00:00
Valid Interval: 11:00:00-13:00:00
Valid days of month: 1, 2, 3, 4, 5, 6, 7, 8, 9, 10, 11, 12, 13, 14, 15, 16, 17, 18, 19, 20, 21, 22, 23, 24, 25, 26, 27, 28, 29, 30, 31
Valid weekdays: Monday, Tuesday, Wednesday, Thursday, Friday, Saturday, Sunday
When: 12:00:00
Current Time: 2011-01-02 09:00:00
Valid Interval: 11:00:00-13:00:00
Valid days of month: 1, 2, 3, 4, 5, 6, 7, 8, 9, 10, 11, 12, 13, 14, 15, 16, 17, 18, 19, 20, 21, 22, 23, 24, 25, 26, 27, 28, 29, 30, 31
Valid weekdays: Monday, Tuesday, Wednesday, Thursday, Friday, Saturday, Sunday
When: 12:00:00
Current Time: 2011-01-02 12:00:00
Valid Interval: 11:00:00-13:00:00
Valid days of month: 1, 2, 3, 4, 5, 6, 7, 8, 9, 10, 11, 12, 13, 14, 15, 16, 17, 18, 19, 20, 21, 22, 23, 24, 25, 26, 27, 28, 29, 30, 31
Valid weekdays: Monday, Tuesday, Wednesday, Thursday, Friday, Saturday, Sunday
When: 12:00:00
Current Time: 2011-01-02 12:45:30
Valid Interval: 11:00:00-13:00:00
Valid days of month: 1, 2, 3, 4, 5, 6, 7, 8, 9, 10, 11, 12, 13, 14, 15, 16, 17, 18, 19, 20, 21, 22, 23, 24, 25, 26, 27, 28, 29, 30, 31
Valid weekdays: Monday, Tuesday, Wednesday, Thursday, Friday, Saturday, Sunday
When: 12:00:00
Current Time: 2011-01-02 13:00:00
Valid Interval: 11:00:00-13:00:00
Valid days of month: 1, 2, 3, 4, 5, 6, 7, 8, 9, 10, 11, 12, 13, 14, 15, 16, 17, 18, 19, 20, 21, 22, 23, 24, 25, 26, 27, 28, 29, 30, 31
Valid weekdays: Monday, Tuesday, Wednesday, Thursday, Friday, Saturday, Sunday
When: 12:00:00
Current Time: 2011-01-01 12:00:00
Valid Interval: 11:00:00-13:00:00
Valid days of month: 1, 2, 3, 4, 5, 6, 7, 8, 9, 10, 11, 12, 13, 14, 15, 16, 17, 18, 19, 20, 21, 22, 23, 24, 25, 26, 27, 28, 29, 30, 31
Valid weekdays: Monday, Tuesday, Wednesday, Thursday, Friday, Saturday, Sunday
When: 12:00:00
Current Time: 2011-01-01 12:30:00
Valid Interval: 11:00:00-13:00:00
Valid days of month: 1, 2, 3, 4, 5, 6, 7, 8, 9, 10, 11, 12, 13, 14, 15, 16, 17, 18, 19, 20, 21, 22, 23, 24, 25, 26, 27, 28, 29, 30, 31
Valid weekdays: Monday, Tuesday, Wednesday, Thursday, Friday, Saturday, Sunday
When: 12:00:00
Current Time: 2011-01-01 12:30:00
Valid Interval: 11:00:00-13:00:00
Valid days of month: 1, 2, 3, 4, 5, 6, 7, 8, 9, 10, 11, 12, 13, 14, 15, 16, 17, 18, 19, 20, 21, 22, 23, 24, 25, 26, 27, 28, 29, 30, 31
Valid weekdays: Monday, Tuesday, Wednesday, Thursday, Friday, Saturday, Sunday
When: 12:00:00
Current Time: 2011-01-01 13:00:00
Valid Interval: 11:00:00-13:00:00
Valid days of month: 1, 2, 3, 4, 5, 6, 7, 8, 9, 10, 11, 12, 13, 14, 15, 16, 17, 18, 19, 20, 21, 22, 23, 24, 25, 26, 27, 28, 29, 30, 31
Valid weekdays: Monday, Tuesday, Wednesday, Thursday, Friday, Saturday, Sunday
When: 12:00:00
Current Time: 2011-01-01 14:30:00
Valid Interval: 23:00:00-13:00:00
Valid days of month: 1, 2, 3, 4, 5, 6, 7, 8, 9, 10, 11, 12, 13, 14, 15, 16, 17, 18, 19, 20, 21, 22, 23, 24, 25, 26, 27, 28, 29, 30, 31
Valid weekdays: Monday, Tuesday, Wednesday, Thursday, Friday, Saturday, Sunday
When: 23:30:00
Current Time: 2011-01-01 16:00:00
Valid Interval: 23:00:00-13:00:00
Valid days of month: 1, 2, 3, 4, 5, 6, 7, 8, 9, 10, 11, 12, 13, 14, 15, 16, 17, 18, 19, 20, 21, 22, 23, 24, 25, 26, 27, 28, 29, 30, 31
Valid weekdays: Monday, Tuesday, Wednesday, Thursday, Friday, Saturday, Sunday
When: 23:30:00
Current Time: 2011-01-01 23:00:00
Valid Interval: 23:00:00-13:00:00
Valid days of month: 1, 2, 3, 4, 5, 6, 7, 8, 9, 10, 11, 12, 13, 14, 15, 16, 17, 18, 19, 20, 21, 22, 23, 24, 25, 26, 27, 28, 29, 30, 31
Valid weekdays: Monday, Tuesday, Wednesday, Thursday, Friday, Saturday, Sunday
When: 23:30:00
Current Time: 2011-01-01 23:30:00
Valid Interval: 23:00:00-13:00:00
Valid days of month: 1, 2, 3, 4, 5, 6, 7, 8, 9, 10, 11, 12, 13, 14, 15, 16, 17, 18, 19, 20, 21, 22, 23, 24, 25, 26, 27, 28, 29, 30, 31
Valid weekdays: Monday, Tuesday, Wednesday, Thursday, Friday, Saturday, Sunday
When: 23:30:00
Current Time: 2011-01-01 23:45:00
Valid Interval: 23:00:00-13:00:00
Valid days of month: 1, 2, 3, 4, 5, 6, 7, 8, 9, 10, 11, 12, 13, 14, 15, 16, 17, 18, 19, 20, 21, 22, 23, 24, 25, 26, 27, 28, 29, 30, 31
Valid weekdays: Monday, Tuesday, Wednesday, Thursday, Friday, Saturday, Sunday
When: 23:30:00
Current Time: 2011-01-02 00:30:00
Valid Interval: 23:00:00-13:00:00
Valid days of month: 1, 2, 3, 4, 5, 6, 7, 8, 9, 10, 11, 12, 13, 14, 15, 16, 17, 18, 19, 20, 21, 22, 23, 24, 25, 26, 27, 28, 29, 30, 31
Valid weekdays: Monday, Tuesday, Wednesday, Thursday, Friday, Saturday, Sunday
When: 23:30:00
Current Time: 2011-01-01 13:00:00
Valid Interval: 23:00:00-13:00:00
Valid days of month: 1, 2, 3, 4, 5, 6, 7, 8, 9, 10, 11, 12, 13, 14, 15, 16, 17, 18, 19, 20, 21, 22, 23, 24, 25, 26, 27, 28, 29, 30, 31
Valid weekdays: Monday, Tuesday, Wednesday, Thursday, Friday, Saturday, Sunday
When: 01:00:00
Current Time: 2011-01-01 16:00:00
Valid Interval: 23:00:00-13:00:00
Valid days of month: 1, 2, 3, 4, 5, 6, 7, 8, 9, 10, 11, 12, 13, 14, 15, 16, 17, 18, 19, 20, 21, 22, 23, 24, 25, 26, 27, 28, 29, 30, 31
Valid weekdays: Monday, Tuesday, Wednesday, Thursday, Friday, Saturday, Sunday
When: 01:00:00
Current Time: 2011-01-01 23:00:00
Valid Interval: 23:00:00-13:00:00
Valid days of month: 1, 2, 3, 4, 5, 6, 7, 8, 9, 10, 11, 12, 13, 14, 15, 16, 17, 18, 19, 20, 21, 22, 23, 24, 25, 26, 27, 28, 29, 30, 31
Valid weekdays: Monday, Tuesday, Wednesday, Thursday, Friday, Saturday, Sunday
When: 01:00:00
Current Time: 2011-01-01 23:30:00
Valid Interval: 23:00:00-13:00:00
Valid days of month: 1, 2, 3, 4, 5, 6, 7, 8, 9, 10, 11, 12, 13, 14, 15, 16, 17, 18, 19, 20, 21, 22, 23, 24, 25, 26, 27, 28, 29, 30, 31
Valid weekdays: Monday, Tuesday, Wednesday, Thursday, Friday, Saturday, Sunday
When: 01:00:00
Current Time: 2011-01-02 00:30:00
Valid Interval: 23:00:00-13:00:00
Valid days of month: 1, 2, 3, 4, 5, 6, 7, 8, 9, 10, 11, 12, 13, 14, 15, 16, 17, 18, 19, 20, 21, 22, 23, 24, 25, 26, 27, 28, 29, 30, 31
Valid weekdays: Monday, Tuesday, Wednesday, Thursday, Friday, Saturday, Sunday
When: 01:00:00
Current Time: 2011-01-01 02:00:00
Valid Interval: 23:00:00-13:00:00
Valid days of month: 1, 2, 3, 4, 5, 6, 7, 8, 9, 10, 11, 12, 13, 14, 15, 16, 17, 18, 19, 20, 21, 22, 23, 24, 25, 26, 27, 28, 29, 30, 31
Valid weekdays: Monday, Tuesday, Wednesday, Thursday, Friday, Saturday, Sunday
When: 01:00:00
Current Time: 2011-01-01 13:00:00
Valid Interval: 23:00:00-13:00:00
Valid days of month: 1, 2, 3, 4, 5, 6, 7, 8, 9, 10, 11, 12, 13, 14, 15, 16, 17, 18, 19, 20, 21, 22, 23, 24, 25, 26, 27, 28, 29, 30, 31
Valid weekdays: Monday, Tuesday, Wednesday, Thursday, Friday, Saturday, Sunday
When: 23:30:00
Current Time: 2011-01-01 16:00:00
Valid Interval: 23:00:00-13:00:00
Valid days of month: 1, 2, 3, 4, 5, 6, 7, 8, 9, 10, 11, 12, 13, 14, 15, 16, 17, 18, 19, 20, 21, 22, 23, 24, 25, 26, 27, 28, 29, 30, 31
Valid weekdays: Monday, Tuesday, Wednesday, Thursday, Friday, Saturday, Sunday
When: 23:30:00
Current Time: 2011-01-01 23:00:00
Valid Interval: 23:00:00-13:00:00
Valid days of month: 1, 2, 3, 4, 5, 6, 7, 8, 9, 10, 11, 12, 13, 14, 15, 16, 17, 18, 19, 20, 21, 22, 23, 24, 25, 26, 27, 28, 29, 30, 31
Valid weekdays: Monday, Tuesday, Wednesday, Thursday, Friday, Saturday, Sunday
When: 23:30:00
Current Time: 2011-01-01 23:30:00
Valid Interval: 23:00:00-13:00:00
Valid days of month: 1, 2, 3, 4, 5, 6, 7, 8, 9, 10, 11, 12, 13, 14, 15, 16, 17, 18, 19, 20, 21, 22, 23, 24, 25, 26, 27, 28, 29, 30, 31
Valid weekdays: Monday, Tuesday, Wednesday, Thursday, Friday, Saturday, Sunday
When: 23:30:00
Current Time: 2011-01-01 23:45:00
Valid Interval: 23:00:00-13:00:00
Valid days of month: 1, 2, 3, 4, 5, 6, 7, 8, 9, 10, 11, 12, 13, 14, 15, 16, 17, 18, 19, 20, 21, 22, 23, 24, 25, 26, 27, 28, 29, 30, 31
Valid weekdays: Monday, Tuesday, Wednesday, Thursday, Friday, Saturday, Sunday
When: 23:30:00
Current Time: 2011-01-02 00:30:00
Valid Interval: 23:00:00-13:00:00
Valid days of month: 1, 2, 3, 4, 5, 6, 7, 8, 9, 10, 11, 12, 13, 14, 15, 16, 17, 18, 19, 20, 21, 22, 23, 24, 25, 26, 27, 28, 29, 30, 31
Valid weekdays: Monday, Tuesday, Wednesday, Thursday, Friday, Saturday, Sunday
When: 23:30:00
Current Time: 2011-01-01 13:00:00
Valid Interval: 23:00:00-13:00:00
Valid days of month: 1, 2, 3, 4, 5, 6, 7, 8, 9, 10, 11, 12, 13, 14, 15, 16, 17, 18, 19, 20, 21, 22, 23, 24, 25, 26, 27, 28, 29, 30, 31
Valid weekdays: Monday, Tuesday, Wednesday, Thursday, Friday, Saturday, Sunday
When: 01:00:00
Current Time: 2011-01-01 16:00:00
Valid Interval: 23:00:00-13:00:00
Valid days of month: 1, 2, 3, 4, 5, 6, 7, 8, 9, 10, 11, 12, 13, 14, 15, 16, 17, 18, 19, 20, 21, 22, 23, 24, 25, 26, 27, 28, 29, 30, 31
Valid weekdays: Monday, Tuesday, Wednesday, Thursday, Friday, Saturday, Sunday
When: 01:00:00
Current Time: 2011-01-01 23:00:00
Valid Interval: 23:00:00-13:00:00
Valid days of month: 1, 2, 3, 4, 5, 6, 7, 8, 9, 10, 11, 12, 13, 14, 15, 16, 17, 18, 19, 20, 21, 22, 23, 24, 25, 26, 27, 28, 29, 30, 31
Valid weekdays: Monday, Tuesday, Wednesday, Thursday, Friday, Saturday, Sunday
When: 01:00:00
Current Time: 2011-01-01 23:30:00
Valid Interval: 23:00:00-13:00:00
Valid days of month: 1, 2, 3, 4, 5, 6, 7, 8, 9, 10, 11, 12, 13, 14, 15, 16, 17, 18, 19, 20, 21, 22, 23, 24, 25, 26, 27, 28, 29, 30, 31
Valid weekdays: Monday, Tuesday, Wednesday, Thursday, Friday, Saturday, Sunday
When: 01:00:00
Current Time: 2011-01-02 00:30:00
Valid Interval: 23:00:00-13:00:00
Valid days of month: 1, 2, 3, 4, 5, 6, 7, 8, 9, 10, 11, 12, 13, 14, 15, 16, 17, 18, 19, 20, 21, 22, 23, 24, 25, 26, 27, 28, 29, 30, 31
Valid weekdays: Monday, Tuesday, Wednesday, Thursday, Friday, Saturday, Sunday
When: 01:00:00
Current Time: 2011-01-02 02:00:00
Valid Interval: 23:00:00-13:00:00
Valid days of month: 1, 2, 3, 4, 5, 6, 7, 8, 9, 10, 11, 12, 13, 14, 15, 16, 17, 18, 19, 20, 21, 22, 23, 24, 25, 26, 27, 28, 29, 30, 31
Valid weekdays: Monday, Tuesday, Wednesday, Thursday, Friday, Saturday, Sunday
When: 01:00:00
Current Time: 2011-01-02 13:00:00
Valid Interval: 23:00:00-13:00:00
Valid days of month: 1, 2, 3, 4, 5, 6, 7, 8, 9, 10, 11, 12, 13, 14, 15, 16, 17, 18, 19, 20, 21, 22, 23, 24, 25, 26, 27, 28, 29, 30, 31
Valid weekdays: Monday, Tuesday, Wednesday, Thursday, Friday, Saturday, Sunday
When: 23:30:00
Current Time: 2011-01-01 23:30:05
Valid Interval: 23:00:00-13:00:00
Valid days of month: 1, 2, 3, 4, 5, 6, 7, 8, 9, 10, 11, 12, 13, 14, 15, 16, 17, 18, 19, 20, 21, 22, 23, 24, 25, 26, 27, 28, 29, 30, 31
Valid weekdays: Monday, Tuesday, Wednesday, Thursday, Friday, Saturday, Sunday
When: 23:30:00
Current Time: 2011-01-02 00:30:00
Valid Interval: 23:00:00-13:00:00
Valid days of month: 1, 2, 3, 4, 5, 6, 7, 8, 9, 10, 11, 12, 13, 14, 15, 16, 17, 18, 19, 20, 21, 22, 23, 24, 25, 26, 27, 28, 29, 30, 31
Valid weekdays: Monday, Tuesday, Wednesday, Thursday, Friday, Saturday, Sunday
When: 23:30:00
Current Time: 2011-01-02 13:00:00
Valid Interval: 23:00:00-13:00:00
Valid days of month: 1, 2, 3, 4, 5, 6, 7, 8, 9, 10, 11, 12, 13, 14, 15, 16, 17, 18, 19, 20, 21, 22, 23, 24, 25, 26, 27, 28, 29, 30, 31
Valid weekdays: Monday, Tuesday, Wednesday, Thursday, Friday, Saturday, Sunday
When: 01:00:00
Current Time: 2011-01-01 02:00:00
Valid Interval: 23:00:00-13:00:00
Valid days of month: 1, 2, 3, 4, 5, 6, 7, 8, 9, 10, 11, 12, 13, 14, 15, 16, 17, 18, 19, 20, 21, 22, 23, 24, 25, 26, 27, 28, 29, 30, 31
Valid weekdays: Monday, Tuesday, Wednesday, Thursday, Friday, Saturday, Sunday
When: 01:00:00
Current Time: 2011-01-02 02:00:00
Valid Interval: 13:00:00-16:00:00
Valid days of month: 1, 2, 3, 4, 5, 6, 7, 8, 9, 10, 11, 12, 13, 14, 15, 16, 17, 18, 19, 20, 21, 22, 23, 24, 25, 26, 27, 28, 29, 30, 31
Valid weekdays: Saturday, Sunday
When: 14:00:00
Current Time: 2007-01-01 12:00:00
Valid Interval: 13:00:00-16:00:00
Valid days of month: 1, 2, 3, 4, 5, 6, 7, 8, 9, 10, 11, 12, 13, 14, 15, 16, 17, 18, 19, 20, 21, 22, 23, 24, 25, 26, 27, 28, 29, 30, 31
Valid weekdays: Saturday, Sunday
When: 14:00:00
Current Time: 2007-01-02 13:30:00
Valid Interval: 13:00:00-16:00:00
Valid days of month: 1, 2, 3, 4, 5, 6, 7, 8, 9, 10, 11, 12, 13, 14, 15, 16, 17, 18, 19, 20, 21, 22, 23, 24, 25, 26, 27, 28, 29, 30, 31
Valid weekdays: Saturday, Sunday
When: 14:00:00
Current Time: 2007-01-06 13:30:00
Valid Interval: 13:00:00-16:00:00
Valid days of month: 1, 2, 3, 4, 5, 6, 7, 8, 9, 10, 11, 12, 13, 14, 15, 16, 17, 18, 19, 20, 21, 22, 23, 24, 25, 26, 27, 28, 29, 30, 31
Valid weekdays: Saturday, Sunday
When: 14:00:00
Current Time: 2007-01-06 14:30:00
Valid Interval: 13:00:00-16:00:00
Valid days of month: 1, 2, 3, 4, 5, 6, 7, 8, 9, 10, 11, 12, 13, 14, 15, 16, 17, 18, 19, 20, 21, 22, 23, 24, 25, 26, 27, 28, 29, 30, 31
Valid weekdays: Saturday, Sunday
When: 14:00:00
Current Time: 2007-01-06 16:30:00
Valid Interval: 13:00:00-16:00:00
Valid days of month: 1, 2, 3, 4, 5, 6, 7, 8, 9, 10, 11, 12, 13, 14, 15, 16, 17, 18, 19, 20, 21, 22, 23, 24, 25, 26, 27, 28, 29, 30, 31
Valid weekdays: Saturday, Sunday
When: 14:00:00
Current Time: 2007-01-07 16:00:00
Valid Interval: 23:00:00-02:00:00
Valid days of month: 1, 2, 3, 4, 5, 6, 7, 8, 9, 10, 11, 12, 13, 14, 15, 16, 17, 18, 19, 20, 21, 22, 23, 24, 25, 26, 27, 28, 29, 30, 31
Valid weekdays: Saturday, Sunday
When: 01:00:00
Current Time: 2007-01-01 12:00:00
Valid Interval: 23:00:00-02:00:00
Valid days of month: 1, 2, 3, 4, 5, 6, 7, 8, 9, 10, 11, 12, 13, 14, 15, 16, 17, 18, 19, 20, 21, 22, 23, 24, 25, 26, 27, 28, 29, 30, 31
Valid weekdays: Saturday, Sunday
When: 01:00:00
Current Time: 2007-01-02 01:00:00
Valid Interval: 23:00:00-02:00:00
Valid days of month: 1, 2, 3, 4, 5, 6, 7, 8, 9, 10, 11, 12, 13, 14, 15, 16, 17, 18, 19, 20, 21, 22, 23, 24, 25, 26, 27, 28, 29, 30, 31
Valid weekdays: Saturday, Sunday
When: 01:00:00
Current Time: 2007-01-06 00:30:00
Valid Interval: 23:00:00-02:00:00
Valid days of month: 1, 2, 3, 4, 5, 6, 7, 8, 9, 10, 11, 12, 13, 14, 15, 16, 17, 18, 19, 20, 21, 22, 23, 24, 25, 26, 27, 28, 29, 30, 31
Valid weekdays: Saturday, Sunday
When: 01:00:00
Current Time: 2007-01-06 01:30:00
Valid Interval: 23:00:00-02:00:00
Valid days of month: 1, 2, 3, 4, 5, 6, 7, 8, 9, 10, 11, 12, 13, 14, 15, 16, 17, 18, 19, 20, 21, 22, 23, 24, 25, 26, 27, 28, 29, 30, 31
Valid weekdays: Saturday, Sunday
When: 01:00:00
Current Time: 2007-01-06 02:30:00
Valid Interval: 23:00:00-02:00:00
Valid days of month: 1, 2, 3, 4, 5, 6, 7, 8, 9, 10, 11, 12, 13, 14, 15, 16, 17, 18, 19, 20, 21, 22, 23, 24, 25, 26, 27, 28, 29, 30, 31
Valid weekdays: Saturday, Sunday
When: 01:00:00
Current Time: 2007-01-07 02:00:00
Valid Interval: 23:00:00-02:00:00
Valid days of month: 1, 2, 3, 4, 5, 6, 7, 8, 9, 10, 11, 12, 13, 14, 15, 16, 17, 18, 19, 20, 21, 22, 23, 24, 25, 26, 27, 28, 29, 30, 31
Valid weekdays: Saturday, Sunday
When: 23:30:00
Current Time: 2007-01-01 12:00:00
Valid Interval: 23:00:00-02:00:00
Valid days of month: 1, 2, 3, 4, 5, 6, 7, 8, 9, 10, 11, 12, 13, 14, 15, 16, 17, 18, 19, 20, 21, 22, 23, 24, 25, 26, 27, 28, 29, 30, 31
Valid weekdays: Saturday, Sunday
When: 23:30:00
Current Time: 2007-01-05 23:30:00
Valid Interval: 23:00:00-02:00:00
Valid days of month: 1, 2, 3, 4, 5, 6, 7, 8, 9, 10, 11, 12, 13, 14, 15, 16, 17, 18, 19, 20, 21, 22, 23, 24, 25, 26, 27, 28, 29, 30, 31
Valid weekdays: Saturday, Sunday
When: 23:30:00
Current Time: 2007-01-06 23:00:00
Valid Interval: 23:00:00-02:00:00
Valid days of month: 1, 2, 3, 4, 5, 6, 7, 8, 9, 10, 11, 12, 13, 14, 15, 16, 17, 18, 19, 20, 21, 22, 23, 24, 25, 26, 27, 28, 29, 30, 31
Valid weekdays: Saturday, Sunday
When: 23:30:00
Current Time: 2007-01-06 02:00:00
Valid Interval: 23:00:00-02:00:00
Valid days of month: 1, 2, 3, 4, 5, 6, 7, 8, 9, 10, 11, 12, 13, 14, 15, 16, 17, 18, 19, 20, 21, 22, 23, 24, 25, 26, 27, 28, 29, 30, 31
Valid weekdays: Saturday, Sunday
When: 23:30:00
Current Time: 2007-01-07 23:40:00
Valid Interval: 23:00:00-02:00:00
Valid days of month: 1, 2, 3, 4, 5, 6, 7, 8, 9, 10, 11, 12, 13, 14, 15, 16, 17, 18, 19, 20, 21, 22, 23, 24, 25, 26, 27, 28, 29, 30, 31
Valid weekdays: Saturday, Sunday
When: 23:30:00
Current Time: 2007-01-07 01:00:00
Valid Interval: 13:00:00-16:00:00
Valid days of month: 1, 2, 3, 4, 5, 6, 7, 8, 9, 10, 11, 12, 13, 14, 15, 16, 17, 18, 19, 20, 21, 22, 23, 24, 25, 26, 27, 28, 29, 30, 31
Valid weekdays: Saturday, Sunday
When: 14:00:00
Current Time: 2007-01-01 12:00:00
Valid Interval: 13:00:00-16:00:00
Valid days of month: 1, 2, 3, 4, 5, 6, 7, 8, 9, 10, 11, 12, 13, 14, 15, 16, 17, 18, 19, 20, 21, 22, 23, 24, 25, 26, 27, 28, 29, 30, 31
Valid weekdays: Saturday, Sunday
When: 14:00:00
Current Time: 2007-01-02 13:30:00
Valid Interval: 13:00:00-16:00:00
Valid days of month: 1, 2, 3, 4, 5, 6, 7, 8, 9, 10, 11, 12, 13, 14, 15, 16, 17, 18, 19, 20, 21, 22, 23, 24, 25, 26, 27, 28, 29, 30, 31
Valid weekdays: Saturday, Sunday
When: 14:00:00
Current Time: 2007-01-06 13:30:00
Valid Interval: 13:00:00-16:00:00
Valid days of month: 1, 2, 3, 4, 5, 6, 7, 8, 9, 10, 11, 12, 13, 14, 15, 16, 17, 18, 19, 20, 21, 22, 23, 24, 25, 26, 27, 28, 29, 30, 31
Valid weekdays: Saturday, Sunday
When: 14:00:00
Current Time: 2007-01-06 14:30:00
Valid Interval: 13:00:00-16:00:00
Valid days of month: 1, 2, 3, 4, 5, 6, 7, 8, 9, 10, 11, 12, 13, 14, 15, 16, 17, 18, 19, 20, 21, 22, 23, 24, 25, 26, 27, 28, 29, 30, 31
Valid weekdays: Saturday, Sunday
When: 14:00:00
Current Time: 2007-01-06 16:30:00
Valid Interval: 13:00:00-16:00:00
Valid days of month: 1, 2, 3, 4, 5, 6, 7, 8, 9, 10, 11, 12, 13, 14, 15, 16, 17, 18, 19, 20, 21, 22, 23, 24, 25, 26, 27, 28, 29, 30, 31
Valid weekdays: Saturday, Sunday
When: 14:00:00
Current Time: 2007-01-07 16:00:00
Valid Interval: 23:00:00-02:00:00
Valid days of month: 1, 2, 3, 4, 5, 6, 7, 8, 9, 10, 11, 12, 13, 14, 15, 16, 17, 18, 19, 20, 21, 22, 23, 24, 25, 26, 27, 28, 29, 30, 31
Valid weekdays: Saturday, Sunday
When: 01:00:00
Current Time: 2007-01-01 12:00:00
Valid Interval: 23:00:00-02:00:00
Valid days of month: 1, 2, 3, 4, 5, 6, 7, 8, 9, 10, 11, 12, 13, 14, 15, 16, 17, 18, 19, 20, 21, 22, 23, 24, 25, 26, 27, 28, 29, 30, 31
Valid weekdays: Saturday, Sunday
When: 01:00:00
Current Time: 2007-01-02 01:00:00
Valid Interval: 23:00:00-02:00:00
Valid days of month: 1, 2, 3, 4, 5, 6, 7, 8, 9, 10, 11, 12, 13, 14, 15, 16, 17, 18, 19, 20, 21, 22, 23, 24, 25, 26, 27, 28, 29, 30, 31
Valid weekdays: Saturday, Sunday
When: 01:00:00
Current Time: 2007-01-06 00:30:00
Valid Interval: 23:00:00-02:00:00
Valid days of month: 1, 2, 3, 4, 5, 6, 7, 8, 9, 10, 11, 12, 13, 14, 15, 16, 17, 18, 19, 20, 21, 22, 23, 24, 25, 26, 27, 28, 29, 30, 31
Valid weekdays: Saturday, Sunday
When: 01:00:00
Current Time: 2007-01-06 02:30:00
Valid Interval: 23:00:00-02:00:00
Valid days of month: 1, 2, 3, 4, 5, 6, 7, 8, 9, 10, 11, 12, 13, 14, 15, 16, 17, 18, 19, 20, 21, 22, 23, 24, 25, 26, 27, 28, 29, 30, 31
Valid weekdays: Saturday, Sunday
When: 23:30:00
Current Time: 2007-01-01 12:00:00
Valid Interval: 23:00:00-02:00:00
Valid days of month: 1, 2, 3, 4, 5, 6, 7, 8, 9, 10, 11, 12, 13, 14, 15, 16, 17, 18, 19, 20, 21, 22, 23, 24, 25, 26, 27, 28, 29, 30, 31
Valid weekdays: Saturday, Sunday
When: 23:30:00
Current Time: 2007-01-05 23:30:00
Valid Interval: 23:00:00-02:00:00
Valid days of month: 1, 2, 3, 4, 5, 6, 7, 8, 9, 10, 11, 12, 13, 14, 15, 16, 17, 18, 19, 20, 21, 22, 23, 24, 25, 26, 27, 28, 29, 30, 31
Valid weekdays: Saturday, Sunday
When: 23:30:00
Current Time: 2007-01-06 23:00:00
Valid Interval: 23:00:00-02:00:00
Valid days of month: 1, 2, 3, 4, 5, 6, 7, 8, 9, 10, 11, 12, 13, 14, 15, 16, 17, 18, 19, 20, 21, 22, 23, 24, 25, 26, 27, 28, 29, 30, 31
Valid weekdays: Saturday, Sunday
When: 23:30:00
Current Time: 2007-01-06 02:00:00
Valid Interval: 23:00:00-02:00:00
Valid days of month: 1, 2, 3, 4, 5, 6, 7, 8, 9, 10, 11, 12, 13, 14, 15, 16, 17, 18, 19, 20, 21, 22, 23, 24, 25, 26, 27, 28, 29, 30, 31
Valid weekdays: Saturday, Sunday
When: 23:30:00
Current Time: 2007-01-07 23:40:00
Valid Interval: 23:00:00-02:00:00
Valid days of month: 1, 2, 3, 4, 5, 6, 7, 8, 9, 10, 11, 12, 13, 14, 15, 16, 17, 18, 19, 20, 21, 22, 23, 24, 25, 26, 27, 28, 29, 30, 31
Valid weekdays: Saturday, Sunday
When: 23:30:00
Current Time: 2007-01-07 01:00:00
Valid Interval: 13:00:00-16:00:00
Valid days of month: 1, 2, 3, 4, 5, 6, 7, 8, 9, 10, 11, 12, 13, 14, 15, 16, 17, 18, 19, 20, 21, 22, 23, 24, 25, 26, 27, 28, 29, 30, 31
Valid weekdays: Saturday, Sunday
When: 14:00:00
Current Time: 2007-01-06 14:30:00
Valid Interval: 13:00:00-16:00:00
Valid days of month: 1, 2, 3, 4, 5, 6, 7, 8, 9, 10, 11, 12, 13, 14, 15, 16, 17, 18, 19, 20, 21, 22, 23, 24, 25, 26, 27, 28, 29, 30, 31
Valid weekdays: Saturday, Sunday
When: 14:00:00
Current Time: 2007-01-07 15:00:00
Valid Interval: 23:00:00-02:00:00
Valid days of month: 1, 2, 3, 4, 5, 6, 7, 8, 9, 10, 11, 12, 13, 14, 15, 16, 17, 18, 19, 20, 21, 22, 23, 24, 25, 26, 27, 28, 29, 30, 31
Valid weekdays: Saturday, Sunday
When: 01:00:00
Current Time: 2007-01-06 01:30:00
Valid Interval: 23:00:00-02:00:00
Valid days of month: 1, 2, 3, 4, 5, 6, 7, 8, 9, 10, 11, 12, 13, 14, 15, 16, 17, 18, 19, 20, 21, 22, 23, 24, 25, 26, 27, 28, 29, 30, 31
Valid weekdays: Saturday, Sunday
When: 01:00:00
Current Time: 2007-01-07 01:30:00
Valid Interval: 23:00:00-02:00:00
Valid days of month: 1, 2, 3, 4, 5, 6, 7, 8, 9, 10, 11, 12, 13, 14, 15, 16, 17, 18, 19, 20, 21, 22, 23, 24, 25, 26, 27, 28, 29, 30, 31
Valid weekdays: Saturday, Sunday
When: 23:30:00
Current Time: 2007-01-06 23:02:00
Valid Interval: 23:00:00-02:00:00
Valid days of month: 1, 2, 3, 4, 5, 6, 7, 8, 9, 10, 11, 12, 13, 14, 15, 16, 17, 18, 19, 20, 21, 22, 23, 24, 25, 26, 27, 28, 29, 30, 31
Valid weekdays: Saturday, Sunday
When: 23:30:00
Current Time: 2007-01-06 01:10:00
Valid Interval: 23:00:00-02:00:00
Valid days of month: 1, 2, 3, 4, 5, 6, 7, 8, 9, 10, 11, 12, 13, 14, 15, 16, 17, 18, 19, 20, 21, 22, 23, 24, 25, 26, 27, 28, 29, 30, 31
Valid weekdays: Saturday, Sunday
When: 23:30:00
Current Time: 2007-01-07 01:00:40
Valid Interval: 23:00:00-02:00:00
Valid days of month: 2
Valid weekdays: Saturday, Sunday
When: 23:30:00
Current Time: 2007-01-01 12:00:00
Valid Interval: 23:00:00-02:00:00
Valid days of month: 1, 2
Valid weekdays: Saturday, Sunday
When: 23:30:00
Current Time: 2007-01-05 23:30:00
Valid Interval: 23:00:00-02:00:00
Valid days of month: 1, 2
Valid weekdays: Saturday, Sunday
When: 23:30:00
Current Time: 2007-01-06 23:00:00</StdOut>
      </Output>
    </UnitTestResult>
    <UnitTestResult executionId="af503be9-e3be-49a6-8916-bb740be65b34" testId="2f48dce6-4b46-46b7-83ec-ddbbc2f192bd" testName="GetNextTimeToTrigger_AbsoluteTimer_ReturnsCorrectTime (Data Row 26)" computerName="ICSWS068" duration="00:00:00.0135372" startTime="2016-08-04T07:57:22.7271731+02:00" endTime="2016-08-04T07:57:22.7406828+02:00" testType="13cdc9d9-ddb5-4fa4-a97d-d965ccfc6d4b" outcome="Passed" testListId="8c84fa94-04c1-424b-9868-57a2d4851a1d" relativeResultsDirectory="af503be9-e3be-49a6-8916-bb740be65b34">
      <Output>
        <StdOut>TestContext Messages:
Valid Interval: 11:00:00-13:00:00
Valid days of month: 1, 2, 3, 4, 5, 6, 7, 8, 9, 10, 11, 12, 13, 14, 15, 16, 17, 18, 19, 20, 21, 22, 23, 24, 25, 26, 27, 28, 29, 30, 31
Valid weekdays: Monday, Tuesday, Wednesday, Thursday, Friday, Saturday, Sunday
When: 12:00:00
Current Time: 2011-01-01 00:00:00
Valid Interval: 11:00:00-13:00:00
Valid days of month: 1, 2, 3, 4, 5, 6, 7, 8, 9, 10, 11, 12, 13, 14, 15, 16, 17, 18, 19, 20, 21, 22, 23, 24, 25, 26, 27, 28, 29, 30, 31
Valid weekdays: Monday, Tuesday, Wednesday, Thursday, Friday, Saturday, Sunday
When: 12:00:00
Current Time: 2011-01-01 09:00:00
Valid Interval: 11:00:00-13:00:00
Valid days of month: 1, 2, 3, 4, 5, 6, 7, 8, 9, 10, 11, 12, 13, 14, 15, 16, 17, 18, 19, 20, 21, 22, 23, 24, 25, 26, 27, 28, 29, 30, 31
Valid weekdays: Monday, Tuesday, Wednesday, Thursday, Friday, Saturday, Sunday
When: 12:00:00
Current Time: 2011-01-01 11:00:00
Valid Interval: 11:00:00-13:00:00
Valid days of month: 1, 2, 3, 4, 5, 6, 7, 8, 9, 10, 11, 12, 13, 14, 15, 16, 17, 18, 19, 20, 21, 22, 23, 24, 25, 26, 27, 28, 29, 30, 31
Valid weekdays: Monday, Tuesday, Wednesday, Thursday, Friday, Saturday, Sunday
When: 12:00:00
Current Time: 2011-01-01 12:00:00
Valid Interval: 11:00:00-13:00:00
Valid days of month: 1, 2, 3, 4, 5, 6, 7, 8, 9, 10, 11, 12, 13, 14, 15, 16, 17, 18, 19, 20, 21, 22, 23, 24, 25, 26, 27, 28, 29, 30, 31
Valid weekdays: Monday, Tuesday, Wednesday, Thursday, Friday, Saturday, Sunday
When: 12:00:00
Current Time: 2011-01-01 12:30:00
Valid Interval: 11:00:00-13:00:00
Valid days of month: 1, 2, 3, 4, 5, 6, 7, 8, 9, 10, 11, 12, 13, 14, 15, 16, 17, 18, 19, 20, 21, 22, 23, 24, 25, 26, 27, 28, 29, 30, 31
Valid weekdays: Monday, Tuesday, Wednesday, Thursday, Friday, Saturday, Sunday
When: 12:00:00
Current Time: 2011-01-01 13:00:00
Valid Interval: 11:00:00-13:00:00
Valid days of month: 1, 2, 3, 4, 5, 6, 7, 8, 9, 10, 11, 12, 13, 14, 15, 16, 17, 18, 19, 20, 21, 22, 23, 24, 25, 26, 27, 28, 29, 30, 31
Valid weekdays: Monday, Tuesday, Wednesday, Thursday, Friday, Saturday, Sunday
When: 12:00:00
Current Time: 2011-01-02 00:00:00
Valid Interval: 11:00:00-13:00:00
Valid days of month: 1, 2, 3, 4, 5, 6, 7, 8, 9, 10, 11, 12, 13, 14, 15, 16, 17, 18, 19, 20, 21, 22, 23, 24, 25, 26, 27, 28, 29, 30, 31
Valid weekdays: Monday, Tuesday, Wednesday, Thursday, Friday, Saturday, Sunday
When: 12:00:00
Current Time: 2011-01-02 09:00:00
Valid Interval: 11:00:00-13:00:00
Valid days of month: 1, 2, 3, 4, 5, 6, 7, 8, 9, 10, 11, 12, 13, 14, 15, 16, 17, 18, 19, 20, 21, 22, 23, 24, 25, 26, 27, 28, 29, 30, 31
Valid weekdays: Monday, Tuesday, Wednesday, Thursday, Friday, Saturday, Sunday
When: 12:00:00
Current Time: 2011-01-02 12:00:00
Valid Interval: 11:00:00-13:00:00
Valid days of month: 1, 2, 3, 4, 5, 6, 7, 8, 9, 10, 11, 12, 13, 14, 15, 16, 17, 18, 19, 20, 21, 22, 23, 24, 25, 26, 27, 28, 29, 30, 31
Valid weekdays: Monday, Tuesday, Wednesday, Thursday, Friday, Saturday, Sunday
When: 12:00:00
Current Time: 2011-01-02 12:45:30
Valid Interval: 11:00:00-13:00:00
Valid days of month: 1, 2, 3, 4, 5, 6, 7, 8, 9, 10, 11, 12, 13, 14, 15, 16, 17, 18, 19, 20, 21, 22, 23, 24, 25, 26, 27, 28, 29, 30, 31
Valid weekdays: Monday, Tuesday, Wednesday, Thursday, Friday, Saturday, Sunday
When: 12:00:00
Current Time: 2011-01-02 13:00:00
Valid Interval: 11:00:00-13:00:00
Valid days of month: 1, 2, 3, 4, 5, 6, 7, 8, 9, 10, 11, 12, 13, 14, 15, 16, 17, 18, 19, 20, 21, 22, 23, 24, 25, 26, 27, 28, 29, 30, 31
Valid weekdays: Monday, Tuesday, Wednesday, Thursday, Friday, Saturday, Sunday
When: 12:00:00
Current Time: 2011-01-01 12:00:00
Valid Interval: 11:00:00-13:00:00
Valid days of month: 1, 2, 3, 4, 5, 6, 7, 8, 9, 10, 11, 12, 13, 14, 15, 16, 17, 18, 19, 20, 21, 22, 23, 24, 25, 26, 27, 28, 29, 30, 31
Valid weekdays: Monday, Tuesday, Wednesday, Thursday, Friday, Saturday, Sunday
When: 12:00:00
Current Time: 2011-01-01 12:30:00
Valid Interval: 11:00:00-13:00:00
Valid days of month: 1, 2, 3, 4, 5, 6, 7, 8, 9, 10, 11, 12, 13, 14, 15, 16, 17, 18, 19, 20, 21, 22, 23, 24, 25, 26, 27, 28, 29, 30, 31
Valid weekdays: Monday, Tuesday, Wednesday, Thursday, Friday, Saturday, Sunday
When: 12:00:00
Current Time: 2011-01-01 12:30:00
Valid Interval: 11:00:00-13:00:00
Valid days of month: 1, 2, 3, 4, 5, 6, 7, 8, 9, 10, 11, 12, 13, 14, 15, 16, 17, 18, 19, 20, 21, 22, 23, 24, 25, 26, 27, 28, 29, 30, 31
Valid weekdays: Monday, Tuesday, Wednesday, Thursday, Friday, Saturday, Sunday
When: 12:00:00
Current Time: 2011-01-01 13:00:00
Valid Interval: 11:00:00-13:00:00
Valid days of month: 1, 2, 3, 4, 5, 6, 7, 8, 9, 10, 11, 12, 13, 14, 15, 16, 17, 18, 19, 20, 21, 22, 23, 24, 25, 26, 27, 28, 29, 30, 31
Valid weekdays: Monday, Tuesday, Wednesday, Thursday, Friday, Saturday, Sunday
When: 12:00:00
Current Time: 2011-01-01 14:30:00
Valid Interval: 23:00:00-13:00:00
Valid days of month: 1, 2, 3, 4, 5, 6, 7, 8, 9, 10, 11, 12, 13, 14, 15, 16, 17, 18, 19, 20, 21, 22, 23, 24, 25, 26, 27, 28, 29, 30, 31
Valid weekdays: Monday, Tuesday, Wednesday, Thursday, Friday, Saturday, Sunday
When: 23:30:00
Current Time: 2011-01-01 16:00:00
Valid Interval: 23:00:00-13:00:00
Valid days of month: 1, 2, 3, 4, 5, 6, 7, 8, 9, 10, 11, 12, 13, 14, 15, 16, 17, 18, 19, 20, 21, 22, 23, 24, 25, 26, 27, 28, 29, 30, 31
Valid weekdays: Monday, Tuesday, Wednesday, Thursday, Friday, Saturday, Sunday
When: 23:30:00
Current Time: 2011-01-01 23:00:00
Valid Interval: 23:00:00-13:00:00
Valid days of month: 1, 2, 3, 4, 5, 6, 7, 8, 9, 10, 11, 12, 13, 14, 15, 16, 17, 18, 19, 20, 21, 22, 23, 24, 25, 26, 27, 28, 29, 30, 31
Valid weekdays: Monday, Tuesday, Wednesday, Thursday, Friday, Saturday, Sunday
When: 23:30:00
Current Time: 2011-01-01 23:30:00
Valid Interval: 23:00:00-13:00:00
Valid days of month: 1, 2, 3, 4, 5, 6, 7, 8, 9, 10, 11, 12, 13, 14, 15, 16, 17, 18, 19, 20, 21, 22, 23, 24, 25, 26, 27, 28, 29, 30, 31
Valid weekdays: Monday, Tuesday, Wednesday, Thursday, Friday, Saturday, Sunday
When: 23:30:00
Current Time: 2011-01-01 23:45:00
Valid Interval: 23:00:00-13:00:00
Valid days of month: 1, 2, 3, 4, 5, 6, 7, 8, 9, 10, 11, 12, 13, 14, 15, 16, 17, 18, 19, 20, 21, 22, 23, 24, 25, 26, 27, 28, 29, 30, 31
Valid weekdays: Monday, Tuesday, Wednesday, Thursday, Friday, Saturday, Sunday
When: 23:30:00
Current Time: 2011-01-02 00:30:00
Valid Interval: 23:00:00-13:00:00
Valid days of month: 1, 2, 3, 4, 5, 6, 7, 8, 9, 10, 11, 12, 13, 14, 15, 16, 17, 18, 19, 20, 21, 22, 23, 24, 25, 26, 27, 28, 29, 30, 31
Valid weekdays: Monday, Tuesday, Wednesday, Thursday, Friday, Saturday, Sunday
When: 23:30:00
Current Time: 2011-01-01 13:00:00
Valid Interval: 23:00:00-13:00:00
Valid days of month: 1, 2, 3, 4, 5, 6, 7, 8, 9, 10, 11, 12, 13, 14, 15, 16, 17, 18, 19, 20, 21, 22, 23, 24, 25, 26, 27, 28, 29, 30, 31
Valid weekdays: Monday, Tuesday, Wednesday, Thursday, Friday, Saturday, Sunday
When: 01:00:00
Current Time: 2011-01-01 16:00:00
Valid Interval: 23:00:00-13:00:00
Valid days of month: 1, 2, 3, 4, 5, 6, 7, 8, 9, 10, 11, 12, 13, 14, 15, 16, 17, 18, 19, 20, 21, 22, 23, 24, 25, 26, 27, 28, 29, 30, 31
Valid weekdays: Monday, Tuesday, Wednesday, Thursday, Friday, Saturday, Sunday
When: 01:00:00
Current Time: 2011-01-01 23:00:00
Valid Interval: 23:00:00-13:00:00
Valid days of month: 1, 2, 3, 4, 5, 6, 7, 8, 9, 10, 11, 12, 13, 14, 15, 16, 17, 18, 19, 20, 21, 22, 23, 24, 25, 26, 27, 28, 29, 30, 31
Valid weekdays: Monday, Tuesday, Wednesday, Thursday, Friday, Saturday, Sunday
When: 01:00:00
Current Time: 2011-01-01 23:30:00
Valid Interval: 23:00:00-13:00:00
Valid days of month: 1, 2, 3, 4, 5, 6, 7, 8, 9, 10, 11, 12, 13, 14, 15, 16, 17, 18, 19, 20, 21, 22, 23, 24, 25, 26, 27, 28, 29, 30, 31
Valid weekdays: Monday, Tuesday, Wednesday, Thursday, Friday, Saturday, Sunday
When: 01:00:00
Current Time: 2011-01-02 00:30:00
Valid Interval: 23:00:00-13:00:00
Valid days of month: 1, 2, 3, 4, 5, 6, 7, 8, 9, 10, 11, 12, 13, 14, 15, 16, 17, 18, 19, 20, 21, 22, 23, 24, 25, 26, 27, 28, 29, 30, 31
Valid weekdays: Monday, Tuesday, Wednesday, Thursday, Friday, Saturday, Sunday
When: 01:00:00
Current Time: 2011-01-01 02:00:00
Valid Interval: 23:00:00-13:00:00
Valid days of month: 1, 2, 3, 4, 5, 6, 7, 8, 9, 10, 11, 12, 13, 14, 15, 16, 17, 18, 19, 20, 21, 22, 23, 24, 25, 26, 27, 28, 29, 30, 31
Valid weekdays: Monday, Tuesday, Wednesday, Thursday, Friday, Saturday, Sunday
When: 01:00:00
Current Time: 2011-01-01 13:00:00
Valid Interval: 23:00:00-13:00:00
Valid days of month: 1, 2, 3, 4, 5, 6, 7, 8, 9, 10, 11, 12, 13, 14, 15, 16, 17, 18, 19, 20, 21, 22, 23, 24, 25, 26, 27, 28, 29, 30, 31
Valid weekdays: Monday, Tuesday, Wednesday, Thursday, Friday, Saturday, Sunday
When: 23:30:00
Current Time: 2011-01-01 16:00:00
Valid Interval: 23:00:00-13:00:00
Valid days of month: 1, 2, 3, 4, 5, 6, 7, 8, 9, 10, 11, 12, 13, 14, 15, 16, 17, 18, 19, 20, 21, 22, 23, 24, 25, 26, 27, 28, 29, 30, 31
Valid weekdays: Monday, Tuesday, Wednesday, Thursday, Friday, Saturday, Sunday
When: 23:30:00
Current Time: 2011-01-01 23:00:00
Valid Interval: 23:00:00-13:00:00
Valid days of month: 1, 2, 3, 4, 5, 6, 7, 8, 9, 10, 11, 12, 13, 14, 15, 16, 17, 18, 19, 20, 21, 22, 23, 24, 25, 26, 27, 28, 29, 30, 31
Valid weekdays: Monday, Tuesday, Wednesday, Thursday, Friday, Saturday, Sunday
When: 23:30:00
Current Time: 2011-01-01 23:30:00
Valid Interval: 23:00:00-13:00:00
Valid days of month: 1, 2, 3, 4, 5, 6, 7, 8, 9, 10, 11, 12, 13, 14, 15, 16, 17, 18, 19, 20, 21, 22, 23, 24, 25, 26, 27, 28, 29, 30, 31
Valid weekdays: Monday, Tuesday, Wednesday, Thursday, Friday, Saturday, Sunday
When: 23:30:00
Current Time: 2011-01-01 23:45:00
Valid Interval: 23:00:00-13:00:00
Valid days of month: 1, 2, 3, 4, 5, 6, 7, 8, 9, 10, 11, 12, 13, 14, 15, 16, 17, 18, 19, 20, 21, 22, 23, 24, 25, 26, 27, 28, 29, 30, 31
Valid weekdays: Monday, Tuesday, Wednesday, Thursday, Friday, Saturday, Sunday
When: 23:30:00
Current Time: 2011-01-02 00:30:00
Valid Interval: 23:00:00-13:00:00
Valid days of month: 1, 2, 3, 4, 5, 6, 7, 8, 9, 10, 11, 12, 13, 14, 15, 16, 17, 18, 19, 20, 21, 22, 23, 24, 25, 26, 27, 28, 29, 30, 31
Valid weekdays: Monday, Tuesday, Wednesday, Thursday, Friday, Saturday, Sunday
When: 23:30:00
Current Time: 2011-01-01 13:00:00
Valid Interval: 23:00:00-13:00:00
Valid days of month: 1, 2, 3, 4, 5, 6, 7, 8, 9, 10, 11, 12, 13, 14, 15, 16, 17, 18, 19, 20, 21, 22, 23, 24, 25, 26, 27, 28, 29, 30, 31
Valid weekdays: Monday, Tuesday, Wednesday, Thursday, Friday, Saturday, Sunday
When: 01:00:00
Current Time: 2011-01-01 16:00:00
Valid Interval: 23:00:00-13:00:00
Valid days of month: 1, 2, 3, 4, 5, 6, 7, 8, 9, 10, 11, 12, 13, 14, 15, 16, 17, 18, 19, 20, 21, 22, 23, 24, 25, 26, 27, 28, 29, 30, 31
Valid weekdays: Monday, Tuesday, Wednesday, Thursday, Friday, Saturday, Sunday
When: 01:00:00
Current Time: 2011-01-01 23:00:00
Valid Interval: 23:00:00-13:00:00
Valid days of month: 1, 2, 3, 4, 5, 6, 7, 8, 9, 10, 11, 12, 13, 14, 15, 16, 17, 18, 19, 20, 21, 22, 23, 24, 25, 26, 27, 28, 29, 30, 31
Valid weekdays: Monday, Tuesday, Wednesday, Thursday, Friday, Saturday, Sunday
When: 01:00:00
Current Time: 2011-01-01 23:30:00
Valid Interval: 23:00:00-13:00:00
Valid days of month: 1, 2, 3, 4, 5, 6, 7, 8, 9, 10, 11, 12, 13, 14, 15, 16, 17, 18, 19, 20, 21, 22, 23, 24, 25, 26, 27, 28, 29, 30, 31
Valid weekdays: Monday, Tuesday, Wednesday, Thursday, Friday, Saturday, Sunday
When: 01:00:00
Current Time: 2011-01-02 00:30:00
Valid Interval: 23:00:00-13:00:00
Valid days of month: 1, 2, 3, 4, 5, 6, 7, 8, 9, 10, 11, 12, 13, 14, 15, 16, 17, 18, 19, 20, 21, 22, 23, 24, 25, 26, 27, 28, 29, 30, 31
Valid weekdays: Monday, Tuesday, Wednesday, Thursday, Friday, Saturday, Sunday
When: 01:00:00
Current Time: 2011-01-02 02:00:00
Valid Interval: 23:00:00-13:00:00
Valid days of month: 1, 2, 3, 4, 5, 6, 7, 8, 9, 10, 11, 12, 13, 14, 15, 16, 17, 18, 19, 20, 21, 22, 23, 24, 25, 26, 27, 28, 29, 30, 31
Valid weekdays: Monday, Tuesday, Wednesday, Thursday, Friday, Saturday, Sunday
When: 01:00:00
Current Time: 2011-01-02 13:00:00
Valid Interval: 23:00:00-13:00:00
Valid days of month: 1, 2, 3, 4, 5, 6, 7, 8, 9, 10, 11, 12, 13, 14, 15, 16, 17, 18, 19, 20, 21, 22, 23, 24, 25, 26, 27, 28, 29, 30, 31
Valid weekdays: Monday, Tuesday, Wednesday, Thursday, Friday, Saturday, Sunday
When: 23:30:00
Current Time: 2011-01-01 23:30:05
Valid Interval: 23:00:00-13:00:00
Valid days of month: 1, 2, 3, 4, 5, 6, 7, 8, 9, 10, 11, 12, 13, 14, 15, 16, 17, 18, 19, 20, 21, 22, 23, 24, 25, 26, 27, 28, 29, 30, 31
Valid weekdays: Monday, Tuesday, Wednesday, Thursday, Friday, Saturday, Sunday
When: 23:30:00
Current Time: 2011-01-02 00:30:00
Valid Interval: 23:00:00-13:00:00
Valid days of month: 1, 2, 3, 4, 5, 6, 7, 8, 9, 10, 11, 12, 13, 14, 15, 16, 17, 18, 19, 20, 21, 22, 23, 24, 25, 26, 27, 28, 29, 30, 31
Valid weekdays: Monday, Tuesday, Wednesday, Thursday, Friday, Saturday, Sunday
When: 23:30:00
Current Time: 2011-01-02 13:00:00
Valid Interval: 23:00:00-13:00:00
Valid days of month: 1, 2, 3, 4, 5, 6, 7, 8, 9, 10, 11, 12, 13, 14, 15, 16, 17, 18, 19, 20, 21, 22, 23, 24, 25, 26, 27, 28, 29, 30, 31
Valid weekdays: Monday, Tuesday, Wednesday, Thursday, Friday, Saturday, Sunday
When: 01:00:00
Current Time: 2011-01-01 02:00:00
Valid Interval: 23:00:00-13:00:00
Valid days of month: 1, 2, 3, 4, 5, 6, 7, 8, 9, 10, 11, 12, 13, 14, 15, 16, 17, 18, 19, 20, 21, 22, 23, 24, 25, 26, 27, 28, 29, 30, 31
Valid weekdays: Monday, Tuesday, Wednesday, Thursday, Friday, Saturday, Sunday
When: 01:00:00
Current Time: 2011-01-02 02:00:00
Valid Interval: 13:00:00-16:00:00
Valid days of month: 1, 2, 3, 4, 5, 6, 7, 8, 9, 10, 11, 12, 13, 14, 15, 16, 17, 18, 19, 20, 21, 22, 23, 24, 25, 26, 27, 28, 29, 30, 31
Valid weekdays: Saturday, Sunday
When: 14:00:00
Current Time: 2007-01-01 12:00:00
Valid Interval: 13:00:00-16:00:00
Valid days of month: 1, 2, 3, 4, 5, 6, 7, 8, 9, 10, 11, 12, 13, 14, 15, 16, 17, 18, 19, 20, 21, 22, 23, 24, 25, 26, 27, 28, 29, 30, 31
Valid weekdays: Saturday, Sunday
When: 14:00:00
Current Time: 2007-01-02 13:30:00
Valid Interval: 13:00:00-16:00:00
Valid days of month: 1, 2, 3, 4, 5, 6, 7, 8, 9, 10, 11, 12, 13, 14, 15, 16, 17, 18, 19, 20, 21, 22, 23, 24, 25, 26, 27, 28, 29, 30, 31
Valid weekdays: Saturday, Sunday
When: 14:00:00
Current Time: 2007-01-06 13:30:00
Valid Interval: 13:00:00-16:00:00
Valid days of month: 1, 2, 3, 4, 5, 6, 7, 8, 9, 10, 11, 12, 13, 14, 15, 16, 17, 18, 19, 20, 21, 22, 23, 24, 25, 26, 27, 28, 29, 30, 31
Valid weekdays: Saturday, Sunday
When: 14:00:00
Current Time: 2007-01-06 14:30:00
Valid Interval: 13:00:00-16:00:00
Valid days of month: 1, 2, 3, 4, 5, 6, 7, 8, 9, 10, 11, 12, 13, 14, 15, 16, 17, 18, 19, 20, 21, 22, 23, 24, 25, 26, 27, 28, 29, 30, 31
Valid weekdays: Saturday, Sunday
When: 14:00:00
Current Time: 2007-01-06 16:30:00
Valid Interval: 13:00:00-16:00:00
Valid days of month: 1, 2, 3, 4, 5, 6, 7, 8, 9, 10, 11, 12, 13, 14, 15, 16, 17, 18, 19, 20, 21, 22, 23, 24, 25, 26, 27, 28, 29, 30, 31
Valid weekdays: Saturday, Sunday
When: 14:00:00
Current Time: 2007-01-07 16:00:00
Valid Interval: 23:00:00-02:00:00
Valid days of month: 1, 2, 3, 4, 5, 6, 7, 8, 9, 10, 11, 12, 13, 14, 15, 16, 17, 18, 19, 20, 21, 22, 23, 24, 25, 26, 27, 28, 29, 30, 31
Valid weekdays: Saturday, Sunday
When: 01:00:00
Current Time: 2007-01-01 12:00:00
Valid Interval: 23:00:00-02:00:00
Valid days of month: 1, 2, 3, 4, 5, 6, 7, 8, 9, 10, 11, 12, 13, 14, 15, 16, 17, 18, 19, 20, 21, 22, 23, 24, 25, 26, 27, 28, 29, 30, 31
Valid weekdays: Saturday, Sunday
When: 01:00:00
Current Time: 2007-01-02 01:00:00
Valid Interval: 23:00:00-02:00:00
Valid days of month: 1, 2, 3, 4, 5, 6, 7, 8, 9, 10, 11, 12, 13, 14, 15, 16, 17, 18, 19, 20, 21, 22, 23, 24, 25, 26, 27, 28, 29, 30, 31
Valid weekdays: Saturday, Sunday
When: 01:00:00
Current Time: 2007-01-06 00:30:00
Valid Interval: 23:00:00-02:00:00
Valid days of month: 1, 2, 3, 4, 5, 6, 7, 8, 9, 10, 11, 12, 13, 14, 15, 16, 17, 18, 19, 20, 21, 22, 23, 24, 25, 26, 27, 28, 29, 30, 31
Valid weekdays: Saturday, Sunday
When: 01:00:00
Current Time: 2007-01-06 01:30:00
Valid Interval: 23:00:00-02:00:00
Valid days of month: 1, 2, 3, 4, 5, 6, 7, 8, 9, 10, 11, 12, 13, 14, 15, 16, 17, 18, 19, 20, 21, 22, 23, 24, 25, 26, 27, 28, 29, 30, 31
Valid weekdays: Saturday, Sunday
When: 01:00:00
Current Time: 2007-01-06 02:30:00
Valid Interval: 23:00:00-02:00:00
Valid days of month: 1, 2, 3, 4, 5, 6, 7, 8, 9, 10, 11, 12, 13, 14, 15, 16, 17, 18, 19, 20, 21, 22, 23, 24, 25, 26, 27, 28, 29, 30, 31
Valid weekdays: Saturday, Sunday
When: 01:00:00
Current Time: 2007-01-07 02:00:00
Valid Interval: 23:00:00-02:00:00
Valid days of month: 1, 2, 3, 4, 5, 6, 7, 8, 9, 10, 11, 12, 13, 14, 15, 16, 17, 18, 19, 20, 21, 22, 23, 24, 25, 26, 27, 28, 29, 30, 31
Valid weekdays: Saturday, Sunday
When: 23:30:00
Current Time: 2007-01-01 12:00:00
Valid Interval: 23:00:00-02:00:00
Valid days of month: 1, 2, 3, 4, 5, 6, 7, 8, 9, 10, 11, 12, 13, 14, 15, 16, 17, 18, 19, 20, 21, 22, 23, 24, 25, 26, 27, 28, 29, 30, 31
Valid weekdays: Saturday, Sunday
When: 23:30:00
Current Time: 2007-01-05 23:30:00
Valid Interval: 23:00:00-02:00:00
Valid days of month: 1, 2, 3, 4, 5, 6, 7, 8, 9, 10, 11, 12, 13, 14, 15, 16, 17, 18, 19, 20, 21, 22, 23, 24, 25, 26, 27, 28, 29, 30, 31
Valid weekdays: Saturday, Sunday
When: 23:30:00
Current Time: 2007-01-06 23:00:00
Valid Interval: 23:00:00-02:00:00
Valid days of month: 1, 2, 3, 4, 5, 6, 7, 8, 9, 10, 11, 12, 13, 14, 15, 16, 17, 18, 19, 20, 21, 22, 23, 24, 25, 26, 27, 28, 29, 30, 31
Valid weekdays: Saturday, Sunday
When: 23:30:00
Current Time: 2007-01-06 02:00:00
Valid Interval: 23:00:00-02:00:00
Valid days of month: 1, 2, 3, 4, 5, 6, 7, 8, 9, 10, 11, 12, 13, 14, 15, 16, 17, 18, 19, 20, 21, 22, 23, 24, 25, 26, 27, 28, 29, 30, 31
Valid weekdays: Saturday, Sunday
When: 23:30:00
Current Time: 2007-01-07 23:40:00
Valid Interval: 23:00:00-02:00:00
Valid days of month: 1, 2, 3, 4, 5, 6, 7, 8, 9, 10, 11, 12, 13, 14, 15, 16, 17, 18, 19, 20, 21, 22, 23, 24, 25, 26, 27, 28, 29, 30, 31
Valid weekdays: Saturday, Sunday
When: 23:30:00
Current Time: 2007-01-07 01:00:00
Valid Interval: 13:00:00-16:00:00
Valid days of month: 1, 2, 3, 4, 5, 6, 7, 8, 9, 10, 11, 12, 13, 14, 15, 16, 17, 18, 19, 20, 21, 22, 23, 24, 25, 26, 27, 28, 29, 30, 31
Valid weekdays: Saturday, Sunday
When: 14:00:00
Current Time: 2007-01-01 12:00:00
Valid Interval: 13:00:00-16:00:00
Valid days of month: 1, 2, 3, 4, 5, 6, 7, 8, 9, 10, 11, 12, 13, 14, 15, 16, 17, 18, 19, 20, 21, 22, 23, 24, 25, 26, 27, 28, 29, 30, 31
Valid weekdays: Saturday, Sunday
When: 14:00:00
Current Time: 2007-01-02 13:30:00
Valid Interval: 13:00:00-16:00:00
Valid days of month: 1, 2, 3, 4, 5, 6, 7, 8, 9, 10, 11, 12, 13, 14, 15, 16, 17, 18, 19, 20, 21, 22, 23, 24, 25, 26, 27, 28, 29, 30, 31
Valid weekdays: Saturday, Sunday
When: 14:00:00
Current Time: 2007-01-06 13:30:00
Valid Interval: 13:00:00-16:00:00
Valid days of month: 1, 2, 3, 4, 5, 6, 7, 8, 9, 10, 11, 12, 13, 14, 15, 16, 17, 18, 19, 20, 21, 22, 23, 24, 25, 26, 27, 28, 29, 30, 31
Valid weekdays: Saturday, Sunday
When: 14:00:00
Current Time: 2007-01-06 14:30:00
Valid Interval: 13:00:00-16:00:00
Valid days of month: 1, 2, 3, 4, 5, 6, 7, 8, 9, 10, 11, 12, 13, 14, 15, 16, 17, 18, 19, 20, 21, 22, 23, 24, 25, 26, 27, 28, 29, 30, 31
Valid weekdays: Saturday, Sunday
When: 14:00:00
Current Time: 2007-01-06 16:30:00
Valid Interval: 13:00:00-16:00:00
Valid days of month: 1, 2, 3, 4, 5, 6, 7, 8, 9, 10, 11, 12, 13, 14, 15, 16, 17, 18, 19, 20, 21, 22, 23, 24, 25, 26, 27, 28, 29, 30, 31
Valid weekdays: Saturday, Sunday
When: 14:00:00
Current Time: 2007-01-07 16:00:00
Valid Interval: 23:00:00-02:00:00
Valid days of month: 1, 2, 3, 4, 5, 6, 7, 8, 9, 10, 11, 12, 13, 14, 15, 16, 17, 18, 19, 20, 21, 22, 23, 24, 25, 26, 27, 28, 29, 30, 31
Valid weekdays: Saturday, Sunday
When: 01:00:00
Current Time: 2007-01-01 12:00:00
Valid Interval: 23:00:00-02:00:00
Valid days of month: 1, 2, 3, 4, 5, 6, 7, 8, 9, 10, 11, 12, 13, 14, 15, 16, 17, 18, 19, 20, 21, 22, 23, 24, 25, 26, 27, 28, 29, 30, 31
Valid weekdays: Saturday, Sunday
When: 01:00:00
Current Time: 2007-01-02 01:00:00
Valid Interval: 23:00:00-02:00:00
Valid days of month: 1, 2, 3, 4, 5, 6, 7, 8, 9, 10, 11, 12, 13, 14, 15, 16, 17, 18, 19, 20, 21, 22, 23, 24, 25, 26, 27, 28, 29, 30, 31
Valid weekdays: Saturday, Sunday
When: 01:00:00
Current Time: 2007-01-06 00:30:00
Valid Interval: 23:00:00-02:00:00
Valid days of month: 1, 2, 3, 4, 5, 6, 7, 8, 9, 10, 11, 12, 13, 14, 15, 16, 17, 18, 19, 20, 21, 22, 23, 24, 25, 26, 27, 28, 29, 30, 31
Valid weekdays: Saturday, Sunday
When: 01:00:00
Current Time: 2007-01-06 02:30:00
Valid Interval: 23:00:00-02:00:00
Valid days of month: 1, 2, 3, 4, 5, 6, 7, 8, 9, 10, 11, 12, 13, 14, 15, 16, 17, 18, 19, 20, 21, 22, 23, 24, 25, 26, 27, 28, 29, 30, 31
Valid weekdays: Saturday, Sunday
When: 23:30:00
Current Time: 2007-01-01 12:00:00
Valid Interval: 23:00:00-02:00:00
Valid days of month: 1, 2, 3, 4, 5, 6, 7, 8, 9, 10, 11, 12, 13, 14, 15, 16, 17, 18, 19, 20, 21, 22, 23, 24, 25, 26, 27, 28, 29, 30, 31
Valid weekdays: Saturday, Sunday
When: 23:30:00
Current Time: 2007-01-05 23:30:00
Valid Interval: 23:00:00-02:00:00
Valid days of month: 1, 2, 3, 4, 5, 6, 7, 8, 9, 10, 11, 12, 13, 14, 15, 16, 17, 18, 19, 20, 21, 22, 23, 24, 25, 26, 27, 28, 29, 30, 31
Valid weekdays: Saturday, Sunday
When: 23:30:00
Current Time: 2007-01-06 23:00:00
Valid Interval: 23:00:00-02:00:00
Valid days of month: 1, 2, 3, 4, 5, 6, 7, 8, 9, 10, 11, 12, 13, 14, 15, 16, 17, 18, 19, 20, 21, 22, 23, 24, 25, 26, 27, 28, 29, 30, 31
Valid weekdays: Saturday, Sunday
When: 23:30:00
Current Time: 2007-01-06 02:00:00
Valid Interval: 23:00:00-02:00:00
Valid days of month: 1, 2, 3, 4, 5, 6, 7, 8, 9, 10, 11, 12, 13, 14, 15, 16, 17, 18, 19, 20, 21, 22, 23, 24, 25, 26, 27, 28, 29, 30, 31
Valid weekdays: Saturday, Sunday
When: 23:30:00
Current Time: 2007-01-07 23:40:00
Valid Interval: 23:00:00-02:00:00
Valid days of month: 1, 2, 3, 4, 5, 6, 7, 8, 9, 10, 11, 12, 13, 14, 15, 16, 17, 18, 19, 20, 21, 22, 23, 24, 25, 26, 27, 28, 29, 30, 31
Valid weekdays: Saturday, Sunday
When: 23:30:00
Current Time: 2007-01-07 01:00:00
Valid Interval: 13:00:00-16:00:00
Valid days of month: 1, 2, 3, 4, 5, 6, 7, 8, 9, 10, 11, 12, 13, 14, 15, 16, 17, 18, 19, 20, 21, 22, 23, 24, 25, 26, 27, 28, 29, 30, 31
Valid weekdays: Saturday, Sunday
When: 14:00:00
Current Time: 2007-01-06 14:30:00
Valid Interval: 13:00:00-16:00:00
Valid days of month: 1, 2, 3, 4, 5, 6, 7, 8, 9, 10, 11, 12, 13, 14, 15, 16, 17, 18, 19, 20, 21, 22, 23, 24, 25, 26, 27, 28, 29, 30, 31
Valid weekdays: Saturday, Sunday
When: 14:00:00
Current Time: 2007-01-07 15:00:00
Valid Interval: 23:00:00-02:00:00
Valid days of month: 1, 2, 3, 4, 5, 6, 7, 8, 9, 10, 11, 12, 13, 14, 15, 16, 17, 18, 19, 20, 21, 22, 23, 24, 25, 26, 27, 28, 29, 30, 31
Valid weekdays: Saturday, Sunday
When: 01:00:00
Current Time: 2007-01-06 01:30:00
Valid Interval: 23:00:00-02:00:00
Valid days of month: 1, 2, 3, 4, 5, 6, 7, 8, 9, 10, 11, 12, 13, 14, 15, 16, 17, 18, 19, 20, 21, 22, 23, 24, 25, 26, 27, 28, 29, 30, 31
Valid weekdays: Saturday, Sunday
When: 01:00:00
Current Time: 2007-01-07 01:30:00
Valid Interval: 23:00:00-02:00:00
Valid days of month: 1, 2, 3, 4, 5, 6, 7, 8, 9, 10, 11, 12, 13, 14, 15, 16, 17, 18, 19, 20, 21, 22, 23, 24, 25, 26, 27, 28, 29, 30, 31
Valid weekdays: Saturday, Sunday
When: 23:30:00
Current Time: 2007-01-06 23:02:00
Valid Interval: 23:00:00-02:00:00
Valid days of month: 1, 2, 3, 4, 5, 6, 7, 8, 9, 10, 11, 12, 13, 14, 15, 16, 17, 18, 19, 20, 21, 22, 23, 24, 25, 26, 27, 28, 29, 30, 31
Valid weekdays: Saturday, Sunday
When: 23:30:00
Current Time: 2007-01-06 01:10:00
Valid Interval: 23:00:00-02:00:00
Valid days of month: 1, 2, 3, 4, 5, 6, 7, 8, 9, 10, 11, 12, 13, 14, 15, 16, 17, 18, 19, 20, 21, 22, 23, 24, 25, 26, 27, 28, 29, 30, 31
Valid weekdays: Saturday, Sunday
When: 23:30:00
Current Time: 2007-01-07 01:00:40
Valid Interval: 23:00:00-02:00:00
Valid days of month: 2
Valid weekdays: Saturday, Sunday
When: 23:30:00
Current Time: 2007-01-01 12:00:00
Valid Interval: 23:00:00-02:00:00
Valid days of month: 1, 2
Valid weekdays: Saturday, Sunday
When: 23:30:00
Current Time: 2007-01-05 23:30:00
Valid Interval: 23:00:00-02:00:00
Valid days of month: 1, 2
Valid weekdays: Saturday, Sunday
When: 23:30:00
Current Time: 2007-01-06 23:00:00</StdOut>
      </Output>
    </UnitTestResult>
    <UnitTestResult executionId="38e0e14b-a731-43e5-ab0d-7349acb475a7" testId="7c501d89-b529-48e0-a896-55b73756f579" testName="GetNextTimeToTrigger_AbsoluteTimer_ReturnsCorrectTime (Data Row 27)" computerName="ICSWS068" duration="00:00:00.0062368" startTime="2016-08-04T07:57:22.7406828+02:00" endTime="2016-08-04T07:57:22.7471877+02:00" testType="13cdc9d9-ddb5-4fa4-a97d-d965ccfc6d4b" outcome="Passed" testListId="8c84fa94-04c1-424b-9868-57a2d4851a1d" relativeResultsDirectory="38e0e14b-a731-43e5-ab0d-7349acb475a7">
      <Output>
        <StdOut>TestContext Messages:
Valid Interval: 11:00:00-13:00:00
Valid days of month: 1, 2, 3, 4, 5, 6, 7, 8, 9, 10, 11, 12, 13, 14, 15, 16, 17, 18, 19, 20, 21, 22, 23, 24, 25, 26, 27, 28, 29, 30, 31
Valid weekdays: Monday, Tuesday, Wednesday, Thursday, Friday, Saturday, Sunday
When: 12:00:00
Current Time: 2011-01-01 00:00:00
Valid Interval: 11:00:00-13:00:00
Valid days of month: 1, 2, 3, 4, 5, 6, 7, 8, 9, 10, 11, 12, 13, 14, 15, 16, 17, 18, 19, 20, 21, 22, 23, 24, 25, 26, 27, 28, 29, 30, 31
Valid weekdays: Monday, Tuesday, Wednesday, Thursday, Friday, Saturday, Sunday
When: 12:00:00
Current Time: 2011-01-01 09:00:00
Valid Interval: 11:00:00-13:00:00
Valid days of month: 1, 2, 3, 4, 5, 6, 7, 8, 9, 10, 11, 12, 13, 14, 15, 16, 17, 18, 19, 20, 21, 22, 23, 24, 25, 26, 27, 28, 29, 30, 31
Valid weekdays: Monday, Tuesday, Wednesday, Thursday, Friday, Saturday, Sunday
When: 12:00:00
Current Time: 2011-01-01 11:00:00
Valid Interval: 11:00:00-13:00:00
Valid days of month: 1, 2, 3, 4, 5, 6, 7, 8, 9, 10, 11, 12, 13, 14, 15, 16, 17, 18, 19, 20, 21, 22, 23, 24, 25, 26, 27, 28, 29, 30, 31
Valid weekdays: Monday, Tuesday, Wednesday, Thursday, Friday, Saturday, Sunday
When: 12:00:00
Current Time: 2011-01-01 12:00:00
Valid Interval: 11:00:00-13:00:00
Valid days of month: 1, 2, 3, 4, 5, 6, 7, 8, 9, 10, 11, 12, 13, 14, 15, 16, 17, 18, 19, 20, 21, 22, 23, 24, 25, 26, 27, 28, 29, 30, 31
Valid weekdays: Monday, Tuesday, Wednesday, Thursday, Friday, Saturday, Sunday
When: 12:00:00
Current Time: 2011-01-01 12:30:00
Valid Interval: 11:00:00-13:00:00
Valid days of month: 1, 2, 3, 4, 5, 6, 7, 8, 9, 10, 11, 12, 13, 14, 15, 16, 17, 18, 19, 20, 21, 22, 23, 24, 25, 26, 27, 28, 29, 30, 31
Valid weekdays: Monday, Tuesday, Wednesday, Thursday, Friday, Saturday, Sunday
When: 12:00:00
Current Time: 2011-01-01 13:00:00
Valid Interval: 11:00:00-13:00:00
Valid days of month: 1, 2, 3, 4, 5, 6, 7, 8, 9, 10, 11, 12, 13, 14, 15, 16, 17, 18, 19, 20, 21, 22, 23, 24, 25, 26, 27, 28, 29, 30, 31
Valid weekdays: Monday, Tuesday, Wednesday, Thursday, Friday, Saturday, Sunday
When: 12:00:00
Current Time: 2011-01-02 00:00:00
Valid Interval: 11:00:00-13:00:00
Valid days of month: 1, 2, 3, 4, 5, 6, 7, 8, 9, 10, 11, 12, 13, 14, 15, 16, 17, 18, 19, 20, 21, 22, 23, 24, 25, 26, 27, 28, 29, 30, 31
Valid weekdays: Monday, Tuesday, Wednesday, Thursday, Friday, Saturday, Sunday
When: 12:00:00
Current Time: 2011-01-02 09:00:00
Valid Interval: 11:00:00-13:00:00
Valid days of month: 1, 2, 3, 4, 5, 6, 7, 8, 9, 10, 11, 12, 13, 14, 15, 16, 17, 18, 19, 20, 21, 22, 23, 24, 25, 26, 27, 28, 29, 30, 31
Valid weekdays: Monday, Tuesday, Wednesday, Thursday, Friday, Saturday, Sunday
When: 12:00:00
Current Time: 2011-01-02 12:00:00
Valid Interval: 11:00:00-13:00:00
Valid days of month: 1, 2, 3, 4, 5, 6, 7, 8, 9, 10, 11, 12, 13, 14, 15, 16, 17, 18, 19, 20, 21, 22, 23, 24, 25, 26, 27, 28, 29, 30, 31
Valid weekdays: Monday, Tuesday, Wednesday, Thursday, Friday, Saturday, Sunday
When: 12:00:00
Current Time: 2011-01-02 12:45:30
Valid Interval: 11:00:00-13:00:00
Valid days of month: 1, 2, 3, 4, 5, 6, 7, 8, 9, 10, 11, 12, 13, 14, 15, 16, 17, 18, 19, 20, 21, 22, 23, 24, 25, 26, 27, 28, 29, 30, 31
Valid weekdays: Monday, Tuesday, Wednesday, Thursday, Friday, Saturday, Sunday
When: 12:00:00
Current Time: 2011-01-02 13:00:00
Valid Interval: 11:00:00-13:00:00
Valid days of month: 1, 2, 3, 4, 5, 6, 7, 8, 9, 10, 11, 12, 13, 14, 15, 16, 17, 18, 19, 20, 21, 22, 23, 24, 25, 26, 27, 28, 29, 30, 31
Valid weekdays: Monday, Tuesday, Wednesday, Thursday, Friday, Saturday, Sunday
When: 12:00:00
Current Time: 2011-01-01 12:00:00
Valid Interval: 11:00:00-13:00:00
Valid days of month: 1, 2, 3, 4, 5, 6, 7, 8, 9, 10, 11, 12, 13, 14, 15, 16, 17, 18, 19, 20, 21, 22, 23, 24, 25, 26, 27, 28, 29, 30, 31
Valid weekdays: Monday, Tuesday, Wednesday, Thursday, Friday, Saturday, Sunday
When: 12:00:00
Current Time: 2011-01-01 12:30:00
Valid Interval: 11:00:00-13:00:00
Valid days of month: 1, 2, 3, 4, 5, 6, 7, 8, 9, 10, 11, 12, 13, 14, 15, 16, 17, 18, 19, 20, 21, 22, 23, 24, 25, 26, 27, 28, 29, 30, 31
Valid weekdays: Monday, Tuesday, Wednesday, Thursday, Friday, Saturday, Sunday
When: 12:00:00
Current Time: 2011-01-01 12:30:00
Valid Interval: 11:00:00-13:00:00
Valid days of month: 1, 2, 3, 4, 5, 6, 7, 8, 9, 10, 11, 12, 13, 14, 15, 16, 17, 18, 19, 20, 21, 22, 23, 24, 25, 26, 27, 28, 29, 30, 31
Valid weekdays: Monday, Tuesday, Wednesday, Thursday, Friday, Saturday, Sunday
When: 12:00:00
Current Time: 2011-01-01 13:00:00
Valid Interval: 11:00:00-13:00:00
Valid days of month: 1, 2, 3, 4, 5, 6, 7, 8, 9, 10, 11, 12, 13, 14, 15, 16, 17, 18, 19, 20, 21, 22, 23, 24, 25, 26, 27, 28, 29, 30, 31
Valid weekdays: Monday, Tuesday, Wednesday, Thursday, Friday, Saturday, Sunday
When: 12:00:00
Current Time: 2011-01-01 14:30:00
Valid Interval: 23:00:00-13:00:00
Valid days of month: 1, 2, 3, 4, 5, 6, 7, 8, 9, 10, 11, 12, 13, 14, 15, 16, 17, 18, 19, 20, 21, 22, 23, 24, 25, 26, 27, 28, 29, 30, 31
Valid weekdays: Monday, Tuesday, Wednesday, Thursday, Friday, Saturday, Sunday
When: 23:30:00
Current Time: 2011-01-01 16:00:00
Valid Interval: 23:00:00-13:00:00
Valid days of month: 1, 2, 3, 4, 5, 6, 7, 8, 9, 10, 11, 12, 13, 14, 15, 16, 17, 18, 19, 20, 21, 22, 23, 24, 25, 26, 27, 28, 29, 30, 31
Valid weekdays: Monday, Tuesday, Wednesday, Thursday, Friday, Saturday, Sunday
When: 23:30:00
Current Time: 2011-01-01 23:00:00
Valid Interval: 23:00:00-13:00:00
Valid days of month: 1, 2, 3, 4, 5, 6, 7, 8, 9, 10, 11, 12, 13, 14, 15, 16, 17, 18, 19, 20, 21, 22, 23, 24, 25, 26, 27, 28, 29, 30, 31
Valid weekdays: Monday, Tuesday, Wednesday, Thursday, Friday, Saturday, Sunday
When: 23:30:00
Current Time: 2011-01-01 23:30:00
Valid Interval: 23:00:00-13:00:00
Valid days of month: 1, 2, 3, 4, 5, 6, 7, 8, 9, 10, 11, 12, 13, 14, 15, 16, 17, 18, 19, 20, 21, 22, 23, 24, 25, 26, 27, 28, 29, 30, 31
Valid weekdays: Monday, Tuesday, Wednesday, Thursday, Friday, Saturday, Sunday
When: 23:30:00
Current Time: 2011-01-01 23:45:00
Valid Interval: 23:00:00-13:00:00
Valid days of month: 1, 2, 3, 4, 5, 6, 7, 8, 9, 10, 11, 12, 13, 14, 15, 16, 17, 18, 19, 20, 21, 22, 23, 24, 25, 26, 27, 28, 29, 30, 31
Valid weekdays: Monday, Tuesday, Wednesday, Thursday, Friday, Saturday, Sunday
When: 23:30:00
Current Time: 2011-01-02 00:30:00
Valid Interval: 23:00:00-13:00:00
Valid days of month: 1, 2, 3, 4, 5, 6, 7, 8, 9, 10, 11, 12, 13, 14, 15, 16, 17, 18, 19, 20, 21, 22, 23, 24, 25, 26, 27, 28, 29, 30, 31
Valid weekdays: Monday, Tuesday, Wednesday, Thursday, Friday, Saturday, Sunday
When: 23:30:00
Current Time: 2011-01-01 13:00:00
Valid Interval: 23:00:00-13:00:00
Valid days of month: 1, 2, 3, 4, 5, 6, 7, 8, 9, 10, 11, 12, 13, 14, 15, 16, 17, 18, 19, 20, 21, 22, 23, 24, 25, 26, 27, 28, 29, 30, 31
Valid weekdays: Monday, Tuesday, Wednesday, Thursday, Friday, Saturday, Sunday
When: 01:00:00
Current Time: 2011-01-01 16:00:00
Valid Interval: 23:00:00-13:00:00
Valid days of month: 1, 2, 3, 4, 5, 6, 7, 8, 9, 10, 11, 12, 13, 14, 15, 16, 17, 18, 19, 20, 21, 22, 23, 24, 25, 26, 27, 28, 29, 30, 31
Valid weekdays: Monday, Tuesday, Wednesday, Thursday, Friday, Saturday, Sunday
When: 01:00:00
Current Time: 2011-01-01 23:00:00
Valid Interval: 23:00:00-13:00:00
Valid days of month: 1, 2, 3, 4, 5, 6, 7, 8, 9, 10, 11, 12, 13, 14, 15, 16, 17, 18, 19, 20, 21, 22, 23, 24, 25, 26, 27, 28, 29, 30, 31
Valid weekdays: Monday, Tuesday, Wednesday, Thursday, Friday, Saturday, Sunday
When: 01:00:00
Current Time: 2011-01-01 23:30:00
Valid Interval: 23:00:00-13:00:00
Valid days of month: 1, 2, 3, 4, 5, 6, 7, 8, 9, 10, 11, 12, 13, 14, 15, 16, 17, 18, 19, 20, 21, 22, 23, 24, 25, 26, 27, 28, 29, 30, 31
Valid weekdays: Monday, Tuesday, Wednesday, Thursday, Friday, Saturday, Sunday
When: 01:00:00
Current Time: 2011-01-02 00:30:00
Valid Interval: 23:00:00-13:00:00
Valid days of month: 1, 2, 3, 4, 5, 6, 7, 8, 9, 10, 11, 12, 13, 14, 15, 16, 17, 18, 19, 20, 21, 22, 23, 24, 25, 26, 27, 28, 29, 30, 31
Valid weekdays: Monday, Tuesday, Wednesday, Thursday, Friday, Saturday, Sunday
When: 01:00:00
Current Time: 2011-01-01 02:00:00
Valid Interval: 23:00:00-13:00:00
Valid days of month: 1, 2, 3, 4, 5, 6, 7, 8, 9, 10, 11, 12, 13, 14, 15, 16, 17, 18, 19, 20, 21, 22, 23, 24, 25, 26, 27, 28, 29, 30, 31
Valid weekdays: Monday, Tuesday, Wednesday, Thursday, Friday, Saturday, Sunday
When: 01:00:00
Current Time: 2011-01-01 13:00:00
Valid Interval: 23:00:00-13:00:00
Valid days of month: 1, 2, 3, 4, 5, 6, 7, 8, 9, 10, 11, 12, 13, 14, 15, 16, 17, 18, 19, 20, 21, 22, 23, 24, 25, 26, 27, 28, 29, 30, 31
Valid weekdays: Monday, Tuesday, Wednesday, Thursday, Friday, Saturday, Sunday
When: 23:30:00
Current Time: 2011-01-01 16:00:00
Valid Interval: 23:00:00-13:00:00
Valid days of month: 1, 2, 3, 4, 5, 6, 7, 8, 9, 10, 11, 12, 13, 14, 15, 16, 17, 18, 19, 20, 21, 22, 23, 24, 25, 26, 27, 28, 29, 30, 31
Valid weekdays: Monday, Tuesday, Wednesday, Thursday, Friday, Saturday, Sunday
When: 23:30:00
Current Time: 2011-01-01 23:00:00
Valid Interval: 23:00:00-13:00:00
Valid days of month: 1, 2, 3, 4, 5, 6, 7, 8, 9, 10, 11, 12, 13, 14, 15, 16, 17, 18, 19, 20, 21, 22, 23, 24, 25, 26, 27, 28, 29, 30, 31
Valid weekdays: Monday, Tuesday, Wednesday, Thursday, Friday, Saturday, Sunday
When: 23:30:00
Current Time: 2011-01-01 23:30:00
Valid Interval: 23:00:00-13:00:00
Valid days of month: 1, 2, 3, 4, 5, 6, 7, 8, 9, 10, 11, 12, 13, 14, 15, 16, 17, 18, 19, 20, 21, 22, 23, 24, 25, 26, 27, 28, 29, 30, 31
Valid weekdays: Monday, Tuesday, Wednesday, Thursday, Friday, Saturday, Sunday
When: 23:30:00
Current Time: 2011-01-01 23:45:00
Valid Interval: 23:00:00-13:00:00
Valid days of month: 1, 2, 3, 4, 5, 6, 7, 8, 9, 10, 11, 12, 13, 14, 15, 16, 17, 18, 19, 20, 21, 22, 23, 24, 25, 26, 27, 28, 29, 30, 31
Valid weekdays: Monday, Tuesday, Wednesday, Thursday, Friday, Saturday, Sunday
When: 23:30:00
Current Time: 2011-01-02 00:30:00
Valid Interval: 23:00:00-13:00:00
Valid days of month: 1, 2, 3, 4, 5, 6, 7, 8, 9, 10, 11, 12, 13, 14, 15, 16, 17, 18, 19, 20, 21, 22, 23, 24, 25, 26, 27, 28, 29, 30, 31
Valid weekdays: Monday, Tuesday, Wednesday, Thursday, Friday, Saturday, Sunday
When: 23:30:00
Current Time: 2011-01-01 13:00:00
Valid Interval: 23:00:00-13:00:00
Valid days of month: 1, 2, 3, 4, 5, 6, 7, 8, 9, 10, 11, 12, 13, 14, 15, 16, 17, 18, 19, 20, 21, 22, 23, 24, 25, 26, 27, 28, 29, 30, 31
Valid weekdays: Monday, Tuesday, Wednesday, Thursday, Friday, Saturday, Sunday
When: 01:00:00
Current Time: 2011-01-01 16:00:00
Valid Interval: 23:00:00-13:00:00
Valid days of month: 1, 2, 3, 4, 5, 6, 7, 8, 9, 10, 11, 12, 13, 14, 15, 16, 17, 18, 19, 20, 21, 22, 23, 24, 25, 26, 27, 28, 29, 30, 31
Valid weekdays: Monday, Tuesday, Wednesday, Thursday, Friday, Saturday, Sunday
When: 01:00:00
Current Time: 2011-01-01 23:00:00
Valid Interval: 23:00:00-13:00:00
Valid days of month: 1, 2, 3, 4, 5, 6, 7, 8, 9, 10, 11, 12, 13, 14, 15, 16, 17, 18, 19, 20, 21, 22, 23, 24, 25, 26, 27, 28, 29, 30, 31
Valid weekdays: Monday, Tuesday, Wednesday, Thursday, Friday, Saturday, Sunday
When: 01:00:00
Current Time: 2011-01-01 23:30:00
Valid Interval: 23:00:00-13:00:00
Valid days of month: 1, 2, 3, 4, 5, 6, 7, 8, 9, 10, 11, 12, 13, 14, 15, 16, 17, 18, 19, 20, 21, 22, 23, 24, 25, 26, 27, 28, 29, 30, 31
Valid weekdays: Monday, Tuesday, Wednesday, Thursday, Friday, Saturday, Sunday
When: 01:00:00
Current Time: 2011-01-02 00:30:00
Valid Interval: 23:00:00-13:00:00
Valid days of month: 1, 2, 3, 4, 5, 6, 7, 8, 9, 10, 11, 12, 13, 14, 15, 16, 17, 18, 19, 20, 21, 22, 23, 24, 25, 26, 27, 28, 29, 30, 31
Valid weekdays: Monday, Tuesday, Wednesday, Thursday, Friday, Saturday, Sunday
When: 01:00:00
Current Time: 2011-01-02 02:00:00
Valid Interval: 23:00:00-13:00:00
Valid days of month: 1, 2, 3, 4, 5, 6, 7, 8, 9, 10, 11, 12, 13, 14, 15, 16, 17, 18, 19, 20, 21, 22, 23, 24, 25, 26, 27, 28, 29, 30, 31
Valid weekdays: Monday, Tuesday, Wednesday, Thursday, Friday, Saturday, Sunday
When: 01:00:00
Current Time: 2011-01-02 13:00:00
Valid Interval: 23:00:00-13:00:00
Valid days of month: 1, 2, 3, 4, 5, 6, 7, 8, 9, 10, 11, 12, 13, 14, 15, 16, 17, 18, 19, 20, 21, 22, 23, 24, 25, 26, 27, 28, 29, 30, 31
Valid weekdays: Monday, Tuesday, Wednesday, Thursday, Friday, Saturday, Sunday
When: 23:30:00
Current Time: 2011-01-01 23:30:05
Valid Interval: 23:00:00-13:00:00
Valid days of month: 1, 2, 3, 4, 5, 6, 7, 8, 9, 10, 11, 12, 13, 14, 15, 16, 17, 18, 19, 20, 21, 22, 23, 24, 25, 26, 27, 28, 29, 30, 31
Valid weekdays: Monday, Tuesday, Wednesday, Thursday, Friday, Saturday, Sunday
When: 23:30:00
Current Time: 2011-01-02 00:30:00
Valid Interval: 23:00:00-13:00:00
Valid days of month: 1, 2, 3, 4, 5, 6, 7, 8, 9, 10, 11, 12, 13, 14, 15, 16, 17, 18, 19, 20, 21, 22, 23, 24, 25, 26, 27, 28, 29, 30, 31
Valid weekdays: Monday, Tuesday, Wednesday, Thursday, Friday, Saturday, Sunday
When: 23:30:00
Current Time: 2011-01-02 13:00:00
Valid Interval: 23:00:00-13:00:00
Valid days of month: 1, 2, 3, 4, 5, 6, 7, 8, 9, 10, 11, 12, 13, 14, 15, 16, 17, 18, 19, 20, 21, 22, 23, 24, 25, 26, 27, 28, 29, 30, 31
Valid weekdays: Monday, Tuesday, Wednesday, Thursday, Friday, Saturday, Sunday
When: 01:00:00
Current Time: 2011-01-01 02:00:00
Valid Interval: 23:00:00-13:00:00
Valid days of month: 1, 2, 3, 4, 5, 6, 7, 8, 9, 10, 11, 12, 13, 14, 15, 16, 17, 18, 19, 20, 21, 22, 23, 24, 25, 26, 27, 28, 29, 30, 31
Valid weekdays: Monday, Tuesday, Wednesday, Thursday, Friday, Saturday, Sunday
When: 01:00:00
Current Time: 2011-01-02 02:00:00
Valid Interval: 13:00:00-16:00:00
Valid days of month: 1, 2, 3, 4, 5, 6, 7, 8, 9, 10, 11, 12, 13, 14, 15, 16, 17, 18, 19, 20, 21, 22, 23, 24, 25, 26, 27, 28, 29, 30, 31
Valid weekdays: Saturday, Sunday
When: 14:00:00
Current Time: 2007-01-01 12:00:00
Valid Interval: 13:00:00-16:00:00
Valid days of month: 1, 2, 3, 4, 5, 6, 7, 8, 9, 10, 11, 12, 13, 14, 15, 16, 17, 18, 19, 20, 21, 22, 23, 24, 25, 26, 27, 28, 29, 30, 31
Valid weekdays: Saturday, Sunday
When: 14:00:00
Current Time: 2007-01-02 13:30:00
Valid Interval: 13:00:00-16:00:00
Valid days of month: 1, 2, 3, 4, 5, 6, 7, 8, 9, 10, 11, 12, 13, 14, 15, 16, 17, 18, 19, 20, 21, 22, 23, 24, 25, 26, 27, 28, 29, 30, 31
Valid weekdays: Saturday, Sunday
When: 14:00:00
Current Time: 2007-01-06 13:30:00
Valid Interval: 13:00:00-16:00:00
Valid days of month: 1, 2, 3, 4, 5, 6, 7, 8, 9, 10, 11, 12, 13, 14, 15, 16, 17, 18, 19, 20, 21, 22, 23, 24, 25, 26, 27, 28, 29, 30, 31
Valid weekdays: Saturday, Sunday
When: 14:00:00
Current Time: 2007-01-06 14:30:00
Valid Interval: 13:00:00-16:00:00
Valid days of month: 1, 2, 3, 4, 5, 6, 7, 8, 9, 10, 11, 12, 13, 14, 15, 16, 17, 18, 19, 20, 21, 22, 23, 24, 25, 26, 27, 28, 29, 30, 31
Valid weekdays: Saturday, Sunday
When: 14:00:00
Current Time: 2007-01-06 16:30:00
Valid Interval: 13:00:00-16:00:00
Valid days of month: 1, 2, 3, 4, 5, 6, 7, 8, 9, 10, 11, 12, 13, 14, 15, 16, 17, 18, 19, 20, 21, 22, 23, 24, 25, 26, 27, 28, 29, 30, 31
Valid weekdays: Saturday, Sunday
When: 14:00:00
Current Time: 2007-01-07 16:00:00
Valid Interval: 23:00:00-02:00:00
Valid days of month: 1, 2, 3, 4, 5, 6, 7, 8, 9, 10, 11, 12, 13, 14, 15, 16, 17, 18, 19, 20, 21, 22, 23, 24, 25, 26, 27, 28, 29, 30, 31
Valid weekdays: Saturday, Sunday
When: 01:00:00
Current Time: 2007-01-01 12:00:00
Valid Interval: 23:00:00-02:00:00
Valid days of month: 1, 2, 3, 4, 5, 6, 7, 8, 9, 10, 11, 12, 13, 14, 15, 16, 17, 18, 19, 20, 21, 22, 23, 24, 25, 26, 27, 28, 29, 30, 31
Valid weekdays: Saturday, Sunday
When: 01:00:00
Current Time: 2007-01-02 01:00:00
Valid Interval: 23:00:00-02:00:00
Valid days of month: 1, 2, 3, 4, 5, 6, 7, 8, 9, 10, 11, 12, 13, 14, 15, 16, 17, 18, 19, 20, 21, 22, 23, 24, 25, 26, 27, 28, 29, 30, 31
Valid weekdays: Saturday, Sunday
When: 01:00:00
Current Time: 2007-01-06 00:30:00
Valid Interval: 23:00:00-02:00:00
Valid days of month: 1, 2, 3, 4, 5, 6, 7, 8, 9, 10, 11, 12, 13, 14, 15, 16, 17, 18, 19, 20, 21, 22, 23, 24, 25, 26, 27, 28, 29, 30, 31
Valid weekdays: Saturday, Sunday
When: 01:00:00
Current Time: 2007-01-06 01:30:00
Valid Interval: 23:00:00-02:00:00
Valid days of month: 1, 2, 3, 4, 5, 6, 7, 8, 9, 10, 11, 12, 13, 14, 15, 16, 17, 18, 19, 20, 21, 22, 23, 24, 25, 26, 27, 28, 29, 30, 31
Valid weekdays: Saturday, Sunday
When: 01:00:00
Current Time: 2007-01-06 02:30:00
Valid Interval: 23:00:00-02:00:00
Valid days of month: 1, 2, 3, 4, 5, 6, 7, 8, 9, 10, 11, 12, 13, 14, 15, 16, 17, 18, 19, 20, 21, 22, 23, 24, 25, 26, 27, 28, 29, 30, 31
Valid weekdays: Saturday, Sunday
When: 01:00:00
Current Time: 2007-01-07 02:00:00
Valid Interval: 23:00:00-02:00:00
Valid days of month: 1, 2, 3, 4, 5, 6, 7, 8, 9, 10, 11, 12, 13, 14, 15, 16, 17, 18, 19, 20, 21, 22, 23, 24, 25, 26, 27, 28, 29, 30, 31
Valid weekdays: Saturday, Sunday
When: 23:30:00
Current Time: 2007-01-01 12:00:00
Valid Interval: 23:00:00-02:00:00
Valid days of month: 1, 2, 3, 4, 5, 6, 7, 8, 9, 10, 11, 12, 13, 14, 15, 16, 17, 18, 19, 20, 21, 22, 23, 24, 25, 26, 27, 28, 29, 30, 31
Valid weekdays: Saturday, Sunday
When: 23:30:00
Current Time: 2007-01-05 23:30:00
Valid Interval: 23:00:00-02:00:00
Valid days of month: 1, 2, 3, 4, 5, 6, 7, 8, 9, 10, 11, 12, 13, 14, 15, 16, 17, 18, 19, 20, 21, 22, 23, 24, 25, 26, 27, 28, 29, 30, 31
Valid weekdays: Saturday, Sunday
When: 23:30:00
Current Time: 2007-01-06 23:00:00
Valid Interval: 23:00:00-02:00:00
Valid days of month: 1, 2, 3, 4, 5, 6, 7, 8, 9, 10, 11, 12, 13, 14, 15, 16, 17, 18, 19, 20, 21, 22, 23, 24, 25, 26, 27, 28, 29, 30, 31
Valid weekdays: Saturday, Sunday
When: 23:30:00
Current Time: 2007-01-06 02:00:00
Valid Interval: 23:00:00-02:00:00
Valid days of month: 1, 2, 3, 4, 5, 6, 7, 8, 9, 10, 11, 12, 13, 14, 15, 16, 17, 18, 19, 20, 21, 22, 23, 24, 25, 26, 27, 28, 29, 30, 31
Valid weekdays: Saturday, Sunday
When: 23:30:00
Current Time: 2007-01-07 23:40:00
Valid Interval: 23:00:00-02:00:00
Valid days of month: 1, 2, 3, 4, 5, 6, 7, 8, 9, 10, 11, 12, 13, 14, 15, 16, 17, 18, 19, 20, 21, 22, 23, 24, 25, 26, 27, 28, 29, 30, 31
Valid weekdays: Saturday, Sunday
When: 23:30:00
Current Time: 2007-01-07 01:00:00
Valid Interval: 13:00:00-16:00:00
Valid days of month: 1, 2, 3, 4, 5, 6, 7, 8, 9, 10, 11, 12, 13, 14, 15, 16, 17, 18, 19, 20, 21, 22, 23, 24, 25, 26, 27, 28, 29, 30, 31
Valid weekdays: Saturday, Sunday
When: 14:00:00
Current Time: 2007-01-01 12:00:00
Valid Interval: 13:00:00-16:00:00
Valid days of month: 1, 2, 3, 4, 5, 6, 7, 8, 9, 10, 11, 12, 13, 14, 15, 16, 17, 18, 19, 20, 21, 22, 23, 24, 25, 26, 27, 28, 29, 30, 31
Valid weekdays: Saturday, Sunday
When: 14:00:00
Current Time: 2007-01-02 13:30:00
Valid Interval: 13:00:00-16:00:00
Valid days of month: 1, 2, 3, 4, 5, 6, 7, 8, 9, 10, 11, 12, 13, 14, 15, 16, 17, 18, 19, 20, 21, 22, 23, 24, 25, 26, 27, 28, 29, 30, 31
Valid weekdays: Saturday, Sunday
When: 14:00:00
Current Time: 2007-01-06 13:30:00
Valid Interval: 13:00:00-16:00:00
Valid days of month: 1, 2, 3, 4, 5, 6, 7, 8, 9, 10, 11, 12, 13, 14, 15, 16, 17, 18, 19, 20, 21, 22, 23, 24, 25, 26, 27, 28, 29, 30, 31
Valid weekdays: Saturday, Sunday
When: 14:00:00
Current Time: 2007-01-06 14:30:00
Valid Interval: 13:00:00-16:00:00
Valid days of month: 1, 2, 3, 4, 5, 6, 7, 8, 9, 10, 11, 12, 13, 14, 15, 16, 17, 18, 19, 20, 21, 22, 23, 24, 25, 26, 27, 28, 29, 30, 31
Valid weekdays: Saturday, Sunday
When: 14:00:00
Current Time: 2007-01-06 16:30:00
Valid Interval: 13:00:00-16:00:00
Valid days of month: 1, 2, 3, 4, 5, 6, 7, 8, 9, 10, 11, 12, 13, 14, 15, 16, 17, 18, 19, 20, 21, 22, 23, 24, 25, 26, 27, 28, 29, 30, 31
Valid weekdays: Saturday, Sunday
When: 14:00:00
Current Time: 2007-01-07 16:00:00
Valid Interval: 23:00:00-02:00:00
Valid days of month: 1, 2, 3, 4, 5, 6, 7, 8, 9, 10, 11, 12, 13, 14, 15, 16, 17, 18, 19, 20, 21, 22, 23, 24, 25, 26, 27, 28, 29, 30, 31
Valid weekdays: Saturday, Sunday
When: 01:00:00
Current Time: 2007-01-01 12:00:00
Valid Interval: 23:00:00-02:00:00
Valid days of month: 1, 2, 3, 4, 5, 6, 7, 8, 9, 10, 11, 12, 13, 14, 15, 16, 17, 18, 19, 20, 21, 22, 23, 24, 25, 26, 27, 28, 29, 30, 31
Valid weekdays: Saturday, Sunday
When: 01:00:00
Current Time: 2007-01-02 01:00:00
Valid Interval: 23:00:00-02:00:00
Valid days of month: 1, 2, 3, 4, 5, 6, 7, 8, 9, 10, 11, 12, 13, 14, 15, 16, 17, 18, 19, 20, 21, 22, 23, 24, 25, 26, 27, 28, 29, 30, 31
Valid weekdays: Saturday, Sunday
When: 01:00:00
Current Time: 2007-01-06 00:30:00
Valid Interval: 23:00:00-02:00:00
Valid days of month: 1, 2, 3, 4, 5, 6, 7, 8, 9, 10, 11, 12, 13, 14, 15, 16, 17, 18, 19, 20, 21, 22, 23, 24, 25, 26, 27, 28, 29, 30, 31
Valid weekdays: Saturday, Sunday
When: 01:00:00
Current Time: 2007-01-06 02:30:00
Valid Interval: 23:00:00-02:00:00
Valid days of month: 1, 2, 3, 4, 5, 6, 7, 8, 9, 10, 11, 12, 13, 14, 15, 16, 17, 18, 19, 20, 21, 22, 23, 24, 25, 26, 27, 28, 29, 30, 31
Valid weekdays: Saturday, Sunday
When: 23:30:00
Current Time: 2007-01-01 12:00:00
Valid Interval: 23:00:00-02:00:00
Valid days of month: 1, 2, 3, 4, 5, 6, 7, 8, 9, 10, 11, 12, 13, 14, 15, 16, 17, 18, 19, 20, 21, 22, 23, 24, 25, 26, 27, 28, 29, 30, 31
Valid weekdays: Saturday, Sunday
When: 23:30:00
Current Time: 2007-01-05 23:30:00
Valid Interval: 23:00:00-02:00:00
Valid days of month: 1, 2, 3, 4, 5, 6, 7, 8, 9, 10, 11, 12, 13, 14, 15, 16, 17, 18, 19, 20, 21, 22, 23, 24, 25, 26, 27, 28, 29, 30, 31
Valid weekdays: Saturday, Sunday
When: 23:30:00
Current Time: 2007-01-06 23:00:00
Valid Interval: 23:00:00-02:00:00
Valid days of month: 1, 2, 3, 4, 5, 6, 7, 8, 9, 10, 11, 12, 13, 14, 15, 16, 17, 18, 19, 20, 21, 22, 23, 24, 25, 26, 27, 28, 29, 30, 31
Valid weekdays: Saturday, Sunday
When: 23:30:00
Current Time: 2007-01-06 02:00:00
Valid Interval: 23:00:00-02:00:00
Valid days of month: 1, 2, 3, 4, 5, 6, 7, 8, 9, 10, 11, 12, 13, 14, 15, 16, 17, 18, 19, 20, 21, 22, 23, 24, 25, 26, 27, 28, 29, 30, 31
Valid weekdays: Saturday, Sunday
When: 23:30:00
Current Time: 2007-01-07 23:40:00
Valid Interval: 23:00:00-02:00:00
Valid days of month: 1, 2, 3, 4, 5, 6, 7, 8, 9, 10, 11, 12, 13, 14, 15, 16, 17, 18, 19, 20, 21, 22, 23, 24, 25, 26, 27, 28, 29, 30, 31
Valid weekdays: Saturday, Sunday
When: 23:30:00
Current Time: 2007-01-07 01:00:00
Valid Interval: 13:00:00-16:00:00
Valid days of month: 1, 2, 3, 4, 5, 6, 7, 8, 9, 10, 11, 12, 13, 14, 15, 16, 17, 18, 19, 20, 21, 22, 23, 24, 25, 26, 27, 28, 29, 30, 31
Valid weekdays: Saturday, Sunday
When: 14:00:00
Current Time: 2007-01-06 14:30:00
Valid Interval: 13:00:00-16:00:00
Valid days of month: 1, 2, 3, 4, 5, 6, 7, 8, 9, 10, 11, 12, 13, 14, 15, 16, 17, 18, 19, 20, 21, 22, 23, 24, 25, 26, 27, 28, 29, 30, 31
Valid weekdays: Saturday, Sunday
When: 14:00:00
Current Time: 2007-01-07 15:00:00
Valid Interval: 23:00:00-02:00:00
Valid days of month: 1, 2, 3, 4, 5, 6, 7, 8, 9, 10, 11, 12, 13, 14, 15, 16, 17, 18, 19, 20, 21, 22, 23, 24, 25, 26, 27, 28, 29, 30, 31
Valid weekdays: Saturday, Sunday
When: 01:00:00
Current Time: 2007-01-06 01:30:00
Valid Interval: 23:00:00-02:00:00
Valid days of month: 1, 2, 3, 4, 5, 6, 7, 8, 9, 10, 11, 12, 13, 14, 15, 16, 17, 18, 19, 20, 21, 22, 23, 24, 25, 26, 27, 28, 29, 30, 31
Valid weekdays: Saturday, Sunday
When: 01:00:00
Current Time: 2007-01-07 01:30:00
Valid Interval: 23:00:00-02:00:00
Valid days of month: 1, 2, 3, 4, 5, 6, 7, 8, 9, 10, 11, 12, 13, 14, 15, 16, 17, 18, 19, 20, 21, 22, 23, 24, 25, 26, 27, 28, 29, 30, 31
Valid weekdays: Saturday, Sunday
When: 23:30:00
Current Time: 2007-01-06 23:02:00
Valid Interval: 23:00:00-02:00:00
Valid days of month: 1, 2, 3, 4, 5, 6, 7, 8, 9, 10, 11, 12, 13, 14, 15, 16, 17, 18, 19, 20, 21, 22, 23, 24, 25, 26, 27, 28, 29, 30, 31
Valid weekdays: Saturday, Sunday
When: 23:30:00
Current Time: 2007-01-06 01:10:00
Valid Interval: 23:00:00-02:00:00
Valid days of month: 1, 2, 3, 4, 5, 6, 7, 8, 9, 10, 11, 12, 13, 14, 15, 16, 17, 18, 19, 20, 21, 22, 23, 24, 25, 26, 27, 28, 29, 30, 31
Valid weekdays: Saturday, Sunday
When: 23:30:00
Current Time: 2007-01-07 01:00:40
Valid Interval: 23:00:00-02:00:00
Valid days of month: 2
Valid weekdays: Saturday, Sunday
When: 23:30:00
Current Time: 2007-01-01 12:00:00
Valid Interval: 23:00:00-02:00:00
Valid days of month: 1, 2
Valid weekdays: Saturday, Sunday
When: 23:30:00
Current Time: 2007-01-05 23:30:00
Valid Interval: 23:00:00-02:00:00
Valid days of month: 1, 2
Valid weekdays: Saturday, Sunday
When: 23:30:00
Current Time: 2007-01-06 23:00:00</StdOut>
      </Output>
    </UnitTestResult>
    <UnitTestResult executionId="c3f7666a-2ccc-4bb3-a794-a0207ce185bf" testId="91de4e5b-4d9a-4e18-96dd-a2a724522959" testName="GetNextTimeToTrigger_AbsoluteTimer_ReturnsCorrectTime (Data Row 28)" computerName="ICSWS068" duration="00:00:00.0058717" startTime="2016-08-04T07:57:22.7471877+02:00" endTime="2016-08-04T07:57:22.7531920+02:00" testType="13cdc9d9-ddb5-4fa4-a97d-d965ccfc6d4b" outcome="Passed" testListId="8c84fa94-04c1-424b-9868-57a2d4851a1d" relativeResultsDirectory="c3f7666a-2ccc-4bb3-a794-a0207ce185bf">
      <Output>
        <StdOut>TestContext Messages:
Valid Interval: 11:00:00-13:00:00
Valid days of month: 1, 2, 3, 4, 5, 6, 7, 8, 9, 10, 11, 12, 13, 14, 15, 16, 17, 18, 19, 20, 21, 22, 23, 24, 25, 26, 27, 28, 29, 30, 31
Valid weekdays: Monday, Tuesday, Wednesday, Thursday, Friday, Saturday, Sunday
When: 12:00:00
Current Time: 2011-01-01 00:00:00
Valid Interval: 11:00:00-13:00:00
Valid days of month: 1, 2, 3, 4, 5, 6, 7, 8, 9, 10, 11, 12, 13, 14, 15, 16, 17, 18, 19, 20, 21, 22, 23, 24, 25, 26, 27, 28, 29, 30, 31
Valid weekdays: Monday, Tuesday, Wednesday, Thursday, Friday, Saturday, Sunday
When: 12:00:00
Current Time: 2011-01-01 09:00:00
Valid Interval: 11:00:00-13:00:00
Valid days of month: 1, 2, 3, 4, 5, 6, 7, 8, 9, 10, 11, 12, 13, 14, 15, 16, 17, 18, 19, 20, 21, 22, 23, 24, 25, 26, 27, 28, 29, 30, 31
Valid weekdays: Monday, Tuesday, Wednesday, Thursday, Friday, Saturday, Sunday
When: 12:00:00
Current Time: 2011-01-01 11:00:00
Valid Interval: 11:00:00-13:00:00
Valid days of month: 1, 2, 3, 4, 5, 6, 7, 8, 9, 10, 11, 12, 13, 14, 15, 16, 17, 18, 19, 20, 21, 22, 23, 24, 25, 26, 27, 28, 29, 30, 31
Valid weekdays: Monday, Tuesday, Wednesday, Thursday, Friday, Saturday, Sunday
When: 12:00:00
Current Time: 2011-01-01 12:00:00
Valid Interval: 11:00:00-13:00:00
Valid days of month: 1, 2, 3, 4, 5, 6, 7, 8, 9, 10, 11, 12, 13, 14, 15, 16, 17, 18, 19, 20, 21, 22, 23, 24, 25, 26, 27, 28, 29, 30, 31
Valid weekdays: Monday, Tuesday, Wednesday, Thursday, Friday, Saturday, Sunday
When: 12:00:00
Current Time: 2011-01-01 12:30:00
Valid Interval: 11:00:00-13:00:00
Valid days of month: 1, 2, 3, 4, 5, 6, 7, 8, 9, 10, 11, 12, 13, 14, 15, 16, 17, 18, 19, 20, 21, 22, 23, 24, 25, 26, 27, 28, 29, 30, 31
Valid weekdays: Monday, Tuesday, Wednesday, Thursday, Friday, Saturday, Sunday
When: 12:00:00
Current Time: 2011-01-01 13:00:00
Valid Interval: 11:00:00-13:00:00
Valid days of month: 1, 2, 3, 4, 5, 6, 7, 8, 9, 10, 11, 12, 13, 14, 15, 16, 17, 18, 19, 20, 21, 22, 23, 24, 25, 26, 27, 28, 29, 30, 31
Valid weekdays: Monday, Tuesday, Wednesday, Thursday, Friday, Saturday, Sunday
When: 12:00:00
Current Time: 2011-01-02 00:00:00
Valid Interval: 11:00:00-13:00:00
Valid days of month: 1, 2, 3, 4, 5, 6, 7, 8, 9, 10, 11, 12, 13, 14, 15, 16, 17, 18, 19, 20, 21, 22, 23, 24, 25, 26, 27, 28, 29, 30, 31
Valid weekdays: Monday, Tuesday, Wednesday, Thursday, Friday, Saturday, Sunday
When: 12:00:00
Current Time: 2011-01-02 09:00:00
Valid Interval: 11:00:00-13:00:00
Valid days of month: 1, 2, 3, 4, 5, 6, 7, 8, 9, 10, 11, 12, 13, 14, 15, 16, 17, 18, 19, 20, 21, 22, 23, 24, 25, 26, 27, 28, 29, 30, 31
Valid weekdays: Monday, Tuesday, Wednesday, Thursday, Friday, Saturday, Sunday
When: 12:00:00
Current Time: 2011-01-02 12:00:00
Valid Interval: 11:00:00-13:00:00
Valid days of month: 1, 2, 3, 4, 5, 6, 7, 8, 9, 10, 11, 12, 13, 14, 15, 16, 17, 18, 19, 20, 21, 22, 23, 24, 25, 26, 27, 28, 29, 30, 31
Valid weekdays: Monday, Tuesday, Wednesday, Thursday, Friday, Saturday, Sunday
When: 12:00:00
Current Time: 2011-01-02 12:45:30
Valid Interval: 11:00:00-13:00:00
Valid days of month: 1, 2, 3, 4, 5, 6, 7, 8, 9, 10, 11, 12, 13, 14, 15, 16, 17, 18, 19, 20, 21, 22, 23, 24, 25, 26, 27, 28, 29, 30, 31
Valid weekdays: Monday, Tuesday, Wednesday, Thursday, Friday, Saturday, Sunday
When: 12:00:00
Current Time: 2011-01-02 13:00:00
Valid Interval: 11:00:00-13:00:00
Valid days of month: 1, 2, 3, 4, 5, 6, 7, 8, 9, 10, 11, 12, 13, 14, 15, 16, 17, 18, 19, 20, 21, 22, 23, 24, 25, 26, 27, 28, 29, 30, 31
Valid weekdays: Monday, Tuesday, Wednesday, Thursday, Friday, Saturday, Sunday
When: 12:00:00
Current Time: 2011-01-01 12:00:00
Valid Interval: 11:00:00-13:00:00
Valid days of month: 1, 2, 3, 4, 5, 6, 7, 8, 9, 10, 11, 12, 13, 14, 15, 16, 17, 18, 19, 20, 21, 22, 23, 24, 25, 26, 27, 28, 29, 30, 31
Valid weekdays: Monday, Tuesday, Wednesday, Thursday, Friday, Saturday, Sunday
When: 12:00:00
Current Time: 2011-01-01 12:30:00
Valid Interval: 11:00:00-13:00:00
Valid days of month: 1, 2, 3, 4, 5, 6, 7, 8, 9, 10, 11, 12, 13, 14, 15, 16, 17, 18, 19, 20, 21, 22, 23, 24, 25, 26, 27, 28, 29, 30, 31
Valid weekdays: Monday, Tuesday, Wednesday, Thursday, Friday, Saturday, Sunday
When: 12:00:00
Current Time: 2011-01-01 12:30:00
Valid Interval: 11:00:00-13:00:00
Valid days of month: 1, 2, 3, 4, 5, 6, 7, 8, 9, 10, 11, 12, 13, 14, 15, 16, 17, 18, 19, 20, 21, 22, 23, 24, 25, 26, 27, 28, 29, 30, 31
Valid weekdays: Monday, Tuesday, Wednesday, Thursday, Friday, Saturday, Sunday
When: 12:00:00
Current Time: 2011-01-01 13:00:00
Valid Interval: 11:00:00-13:00:00
Valid days of month: 1, 2, 3, 4, 5, 6, 7, 8, 9, 10, 11, 12, 13, 14, 15, 16, 17, 18, 19, 20, 21, 22, 23, 24, 25, 26, 27, 28, 29, 30, 31
Valid weekdays: Monday, Tuesday, Wednesday, Thursday, Friday, Saturday, Sunday
When: 12:00:00
Current Time: 2011-01-01 14:30:00
Valid Interval: 23:00:00-13:00:00
Valid days of month: 1, 2, 3, 4, 5, 6, 7, 8, 9, 10, 11, 12, 13, 14, 15, 16, 17, 18, 19, 20, 21, 22, 23, 24, 25, 26, 27, 28, 29, 30, 31
Valid weekdays: Monday, Tuesday, Wednesday, Thursday, Friday, Saturday, Sunday
When: 23:30:00
Current Time: 2011-01-01 16:00:00
Valid Interval: 23:00:00-13:00:00
Valid days of month: 1, 2, 3, 4, 5, 6, 7, 8, 9, 10, 11, 12, 13, 14, 15, 16, 17, 18, 19, 20, 21, 22, 23, 24, 25, 26, 27, 28, 29, 30, 31
Valid weekdays: Monday, Tuesday, Wednesday, Thursday, Friday, Saturday, Sunday
When: 23:30:00
Current Time: 2011-01-01 23:00:00
Valid Interval: 23:00:00-13:00:00
Valid days of month: 1, 2, 3, 4, 5, 6, 7, 8, 9, 10, 11, 12, 13, 14, 15, 16, 17, 18, 19, 20, 21, 22, 23, 24, 25, 26, 27, 28, 29, 30, 31
Valid weekdays: Monday, Tuesday, Wednesday, Thursday, Friday, Saturday, Sunday
When: 23:30:00
Current Time: 2011-01-01 23:30:00
Valid Interval: 23:00:00-13:00:00
Valid days of month: 1, 2, 3, 4, 5, 6, 7, 8, 9, 10, 11, 12, 13, 14, 15, 16, 17, 18, 19, 20, 21, 22, 23, 24, 25, 26, 27, 28, 29, 30, 31
Valid weekdays: Monday, Tuesday, Wednesday, Thursday, Friday, Saturday, Sunday
When: 23:30:00
Current Time: 2011-01-01 23:45:00
Valid Interval: 23:00:00-13:00:00
Valid days of month: 1, 2, 3, 4, 5, 6, 7, 8, 9, 10, 11, 12, 13, 14, 15, 16, 17, 18, 19, 20, 21, 22, 23, 24, 25, 26, 27, 28, 29, 30, 31
Valid weekdays: Monday, Tuesday, Wednesday, Thursday, Friday, Saturday, Sunday
When: 23:30:00
Current Time: 2011-01-02 00:30:00
Valid Interval: 23:00:00-13:00:00
Valid days of month: 1, 2, 3, 4, 5, 6, 7, 8, 9, 10, 11, 12, 13, 14, 15, 16, 17, 18, 19, 20, 21, 22, 23, 24, 25, 26, 27, 28, 29, 30, 31
Valid weekdays: Monday, Tuesday, Wednesday, Thursday, Friday, Saturday, Sunday
When: 23:30:00
Current Time: 2011-01-01 13:00:00
Valid Interval: 23:00:00-13:00:00
Valid days of month: 1, 2, 3, 4, 5, 6, 7, 8, 9, 10, 11, 12, 13, 14, 15, 16, 17, 18, 19, 20, 21, 22, 23, 24, 25, 26, 27, 28, 29, 30, 31
Valid weekdays: Monday, Tuesday, Wednesday, Thursday, Friday, Saturday, Sunday
When: 01:00:00
Current Time: 2011-01-01 16:00:00
Valid Interval: 23:00:00-13:00:00
Valid days of month: 1, 2, 3, 4, 5, 6, 7, 8, 9, 10, 11, 12, 13, 14, 15, 16, 17, 18, 19, 20, 21, 22, 23, 24, 25, 26, 27, 28, 29, 30, 31
Valid weekdays: Monday, Tuesday, Wednesday, Thursday, Friday, Saturday, Sunday
When: 01:00:00
Current Time: 2011-01-01 23:00:00
Valid Interval: 23:00:00-13:00:00
Valid days of month: 1, 2, 3, 4, 5, 6, 7, 8, 9, 10, 11, 12, 13, 14, 15, 16, 17, 18, 19, 20, 21, 22, 23, 24, 25, 26, 27, 28, 29, 30, 31
Valid weekdays: Monday, Tuesday, Wednesday, Thursday, Friday, Saturday, Sunday
When: 01:00:00
Current Time: 2011-01-01 23:30:00
Valid Interval: 23:00:00-13:00:00
Valid days of month: 1, 2, 3, 4, 5, 6, 7, 8, 9, 10, 11, 12, 13, 14, 15, 16, 17, 18, 19, 20, 21, 22, 23, 24, 25, 26, 27, 28, 29, 30, 31
Valid weekdays: Monday, Tuesday, Wednesday, Thursday, Friday, Saturday, Sunday
When: 01:00:00
Current Time: 2011-01-02 00:30:00
Valid Interval: 23:00:00-13:00:00
Valid days of month: 1, 2, 3, 4, 5, 6, 7, 8, 9, 10, 11, 12, 13, 14, 15, 16, 17, 18, 19, 20, 21, 22, 23, 24, 25, 26, 27, 28, 29, 30, 31
Valid weekdays: Monday, Tuesday, Wednesday, Thursday, Friday, Saturday, Sunday
When: 01:00:00
Current Time: 2011-01-01 02:00:00
Valid Interval: 23:00:00-13:00:00
Valid days of month: 1, 2, 3, 4, 5, 6, 7, 8, 9, 10, 11, 12, 13, 14, 15, 16, 17, 18, 19, 20, 21, 22, 23, 24, 25, 26, 27, 28, 29, 30, 31
Valid weekdays: Monday, Tuesday, Wednesday, Thursday, Friday, Saturday, Sunday
When: 01:00:00
Current Time: 2011-01-01 13:00:00
Valid Interval: 23:00:00-13:00:00
Valid days of month: 1, 2, 3, 4, 5, 6, 7, 8, 9, 10, 11, 12, 13, 14, 15, 16, 17, 18, 19, 20, 21, 22, 23, 24, 25, 26, 27, 28, 29, 30, 31
Valid weekdays: Monday, Tuesday, Wednesday, Thursday, Friday, Saturday, Sunday
When: 23:30:00
Current Time: 2011-01-01 16:00:00
Valid Interval: 23:00:00-13:00:00
Valid days of month: 1, 2, 3, 4, 5, 6, 7, 8, 9, 10, 11, 12, 13, 14, 15, 16, 17, 18, 19, 20, 21, 22, 23, 24, 25, 26, 27, 28, 29, 30, 31
Valid weekdays: Monday, Tuesday, Wednesday, Thursday, Friday, Saturday, Sunday
When: 23:30:00
Current Time: 2011-01-01 23:00:00
Valid Interval: 23:00:00-13:00:00
Valid days of month: 1, 2, 3, 4, 5, 6, 7, 8, 9, 10, 11, 12, 13, 14, 15, 16, 17, 18, 19, 20, 21, 22, 23, 24, 25, 26, 27, 28, 29, 30, 31
Valid weekdays: Monday, Tuesday, Wednesday, Thursday, Friday, Saturday, Sunday
When: 23:30:00
Current Time: 2011-01-01 23:30:00
Valid Interval: 23:00:00-13:00:00
Valid days of month: 1, 2, 3, 4, 5, 6, 7, 8, 9, 10, 11, 12, 13, 14, 15, 16, 17, 18, 19, 20, 21, 22, 23, 24, 25, 26, 27, 28, 29, 30, 31
Valid weekdays: Monday, Tuesday, Wednesday, Thursday, Friday, Saturday, Sunday
When: 23:30:00
Current Time: 2011-01-01 23:45:00
Valid Interval: 23:00:00-13:00:00
Valid days of month: 1, 2, 3, 4, 5, 6, 7, 8, 9, 10, 11, 12, 13, 14, 15, 16, 17, 18, 19, 20, 21, 22, 23, 24, 25, 26, 27, 28, 29, 30, 31
Valid weekdays: Monday, Tuesday, Wednesday, Thursday, Friday, Saturday, Sunday
When: 23:30:00
Current Time: 2011-01-02 00:30:00
Valid Interval: 23:00:00-13:00:00
Valid days of month: 1, 2, 3, 4, 5, 6, 7, 8, 9, 10, 11, 12, 13, 14, 15, 16, 17, 18, 19, 20, 21, 22, 23, 24, 25, 26, 27, 28, 29, 30, 31
Valid weekdays: Monday, Tuesday, Wednesday, Thursday, Friday, Saturday, Sunday
When: 23:30:00
Current Time: 2011-01-01 13:00:00
Valid Interval: 23:00:00-13:00:00
Valid days of month: 1, 2, 3, 4, 5, 6, 7, 8, 9, 10, 11, 12, 13, 14, 15, 16, 17, 18, 19, 20, 21, 22, 23, 24, 25, 26, 27, 28, 29, 30, 31
Valid weekdays: Monday, Tuesday, Wednesday, Thursday, Friday, Saturday, Sunday
When: 01:00:00
Current Time: 2011-01-01 16:00:00
Valid Interval: 23:00:00-13:00:00
Valid days of month: 1, 2, 3, 4, 5, 6, 7, 8, 9, 10, 11, 12, 13, 14, 15, 16, 17, 18, 19, 20, 21, 22, 23, 24, 25, 26, 27, 28, 29, 30, 31
Valid weekdays: Monday, Tuesday, Wednesday, Thursday, Friday, Saturday, Sunday
When: 01:00:00
Current Time: 2011-01-01 23:00:00
Valid Interval: 23:00:00-13:00:00
Valid days of month: 1, 2, 3, 4, 5, 6, 7, 8, 9, 10, 11, 12, 13, 14, 15, 16, 17, 18, 19, 20, 21, 22, 23, 24, 25, 26, 27, 28, 29, 30, 31
Valid weekdays: Monday, Tuesday, Wednesday, Thursday, Friday, Saturday, Sunday
When: 01:00:00
Current Time: 2011-01-01 23:30:00
Valid Interval: 23:00:00-13:00:00
Valid days of month: 1, 2, 3, 4, 5, 6, 7, 8, 9, 10, 11, 12, 13, 14, 15, 16, 17, 18, 19, 20, 21, 22, 23, 24, 25, 26, 27, 28, 29, 30, 31
Valid weekdays: Monday, Tuesday, Wednesday, Thursday, Friday, Saturday, Sunday
When: 01:00:00
Current Time: 2011-01-02 00:30:00
Valid Interval: 23:00:00-13:00:00
Valid days of month: 1, 2, 3, 4, 5, 6, 7, 8, 9, 10, 11, 12, 13, 14, 15, 16, 17, 18, 19, 20, 21, 22, 23, 24, 25, 26, 27, 28, 29, 30, 31
Valid weekdays: Monday, Tuesday, Wednesday, Thursday, Friday, Saturday, Sunday
When: 01:00:00
Current Time: 2011-01-02 02:00:00
Valid Interval: 23:00:00-13:00:00
Valid days of month: 1, 2, 3, 4, 5, 6, 7, 8, 9, 10, 11, 12, 13, 14, 15, 16, 17, 18, 19, 20, 21, 22, 23, 24, 25, 26, 27, 28, 29, 30, 31
Valid weekdays: Monday, Tuesday, Wednesday, Thursday, Friday, Saturday, Sunday
When: 01:00:00
Current Time: 2011-01-02 13:00:00
Valid Interval: 23:00:00-13:00:00
Valid days of month: 1, 2, 3, 4, 5, 6, 7, 8, 9, 10, 11, 12, 13, 14, 15, 16, 17, 18, 19, 20, 21, 22, 23, 24, 25, 26, 27, 28, 29, 30, 31
Valid weekdays: Monday, Tuesday, Wednesday, Thursday, Friday, Saturday, Sunday
When: 23:30:00
Current Time: 2011-01-01 23:30:05
Valid Interval: 23:00:00-13:00:00
Valid days of month: 1, 2, 3, 4, 5, 6, 7, 8, 9, 10, 11, 12, 13, 14, 15, 16, 17, 18, 19, 20, 21, 22, 23, 24, 25, 26, 27, 28, 29, 30, 31
Valid weekdays: Monday, Tuesday, Wednesday, Thursday, Friday, Saturday, Sunday
When: 23:30:00
Current Time: 2011-01-02 00:30:00
Valid Interval: 23:00:00-13:00:00
Valid days of month: 1, 2, 3, 4, 5, 6, 7, 8, 9, 10, 11, 12, 13, 14, 15, 16, 17, 18, 19, 20, 21, 22, 23, 24, 25, 26, 27, 28, 29, 30, 31
Valid weekdays: Monday, Tuesday, Wednesday, Thursday, Friday, Saturday, Sunday
When: 23:30:00
Current Time: 2011-01-02 13:00:00
Valid Interval: 23:00:00-13:00:00
Valid days of month: 1, 2, 3, 4, 5, 6, 7, 8, 9, 10, 11, 12, 13, 14, 15, 16, 17, 18, 19, 20, 21, 22, 23, 24, 25, 26, 27, 28, 29, 30, 31
Valid weekdays: Monday, Tuesday, Wednesday, Thursday, Friday, Saturday, Sunday
When: 01:00:00
Current Time: 2011-01-01 02:00:00
Valid Interval: 23:00:00-13:00:00
Valid days of month: 1, 2, 3, 4, 5, 6, 7, 8, 9, 10, 11, 12, 13, 14, 15, 16, 17, 18, 19, 20, 21, 22, 23, 24, 25, 26, 27, 28, 29, 30, 31
Valid weekdays: Monday, Tuesday, Wednesday, Thursday, Friday, Saturday, Sunday
When: 01:00:00
Current Time: 2011-01-02 02:00:00
Valid Interval: 13:00:00-16:00:00
Valid days of month: 1, 2, 3, 4, 5, 6, 7, 8, 9, 10, 11, 12, 13, 14, 15, 16, 17, 18, 19, 20, 21, 22, 23, 24, 25, 26, 27, 28, 29, 30, 31
Valid weekdays: Saturday, Sunday
When: 14:00:00
Current Time: 2007-01-01 12:00:00
Valid Interval: 13:00:00-16:00:00
Valid days of month: 1, 2, 3, 4, 5, 6, 7, 8, 9, 10, 11, 12, 13, 14, 15, 16, 17, 18, 19, 20, 21, 22, 23, 24, 25, 26, 27, 28, 29, 30, 31
Valid weekdays: Saturday, Sunday
When: 14:00:00
Current Time: 2007-01-02 13:30:00
Valid Interval: 13:00:00-16:00:00
Valid days of month: 1, 2, 3, 4, 5, 6, 7, 8, 9, 10, 11, 12, 13, 14, 15, 16, 17, 18, 19, 20, 21, 22, 23, 24, 25, 26, 27, 28, 29, 30, 31
Valid weekdays: Saturday, Sunday
When: 14:00:00
Current Time: 2007-01-06 13:30:00
Valid Interval: 13:00:00-16:00:00
Valid days of month: 1, 2, 3, 4, 5, 6, 7, 8, 9, 10, 11, 12, 13, 14, 15, 16, 17, 18, 19, 20, 21, 22, 23, 24, 25, 26, 27, 28, 29, 30, 31
Valid weekdays: Saturday, Sunday
When: 14:00:00
Current Time: 2007-01-06 14:30:00
Valid Interval: 13:00:00-16:00:00
Valid days of month: 1, 2, 3, 4, 5, 6, 7, 8, 9, 10, 11, 12, 13, 14, 15, 16, 17, 18, 19, 20, 21, 22, 23, 24, 25, 26, 27, 28, 29, 30, 31
Valid weekdays: Saturday, Sunday
When: 14:00:00
Current Time: 2007-01-06 16:30:00
Valid Interval: 13:00:00-16:00:00
Valid days of month: 1, 2, 3, 4, 5, 6, 7, 8, 9, 10, 11, 12, 13, 14, 15, 16, 17, 18, 19, 20, 21, 22, 23, 24, 25, 26, 27, 28, 29, 30, 31
Valid weekdays: Saturday, Sunday
When: 14:00:00
Current Time: 2007-01-07 16:00:00
Valid Interval: 23:00:00-02:00:00
Valid days of month: 1, 2, 3, 4, 5, 6, 7, 8, 9, 10, 11, 12, 13, 14, 15, 16, 17, 18, 19, 20, 21, 22, 23, 24, 25, 26, 27, 28, 29, 30, 31
Valid weekdays: Saturday, Sunday
When: 01:00:00
Current Time: 2007-01-01 12:00:00
Valid Interval: 23:00:00-02:00:00
Valid days of month: 1, 2, 3, 4, 5, 6, 7, 8, 9, 10, 11, 12, 13, 14, 15, 16, 17, 18, 19, 20, 21, 22, 23, 24, 25, 26, 27, 28, 29, 30, 31
Valid weekdays: Saturday, Sunday
When: 01:00:00
Current Time: 2007-01-02 01:00:00
Valid Interval: 23:00:00-02:00:00
Valid days of month: 1, 2, 3, 4, 5, 6, 7, 8, 9, 10, 11, 12, 13, 14, 15, 16, 17, 18, 19, 20, 21, 22, 23, 24, 25, 26, 27, 28, 29, 30, 31
Valid weekdays: Saturday, Sunday
When: 01:00:00
Current Time: 2007-01-06 00:30:00
Valid Interval: 23:00:00-02:00:00
Valid days of month: 1, 2, 3, 4, 5, 6, 7, 8, 9, 10, 11, 12, 13, 14, 15, 16, 17, 18, 19, 20, 21, 22, 23, 24, 25, 26, 27, 28, 29, 30, 31
Valid weekdays: Saturday, Sunday
When: 01:00:00
Current Time: 2007-01-06 01:30:00
Valid Interval: 23:00:00-02:00:00
Valid days of month: 1, 2, 3, 4, 5, 6, 7, 8, 9, 10, 11, 12, 13, 14, 15, 16, 17, 18, 19, 20, 21, 22, 23, 24, 25, 26, 27, 28, 29, 30, 31
Valid weekdays: Saturday, Sunday
When: 01:00:00
Current Time: 2007-01-06 02:30:00
Valid Interval: 23:00:00-02:00:00
Valid days of month: 1, 2, 3, 4, 5, 6, 7, 8, 9, 10, 11, 12, 13, 14, 15, 16, 17, 18, 19, 20, 21, 22, 23, 24, 25, 26, 27, 28, 29, 30, 31
Valid weekdays: Saturday, Sunday
When: 01:00:00
Current Time: 2007-01-07 02:00:00
Valid Interval: 23:00:00-02:00:00
Valid days of month: 1, 2, 3, 4, 5, 6, 7, 8, 9, 10, 11, 12, 13, 14, 15, 16, 17, 18, 19, 20, 21, 22, 23, 24, 25, 26, 27, 28, 29, 30, 31
Valid weekdays: Saturday, Sunday
When: 23:30:00
Current Time: 2007-01-01 12:00:00
Valid Interval: 23:00:00-02:00:00
Valid days of month: 1, 2, 3, 4, 5, 6, 7, 8, 9, 10, 11, 12, 13, 14, 15, 16, 17, 18, 19, 20, 21, 22, 23, 24, 25, 26, 27, 28, 29, 30, 31
Valid weekdays: Saturday, Sunday
When: 23:30:00
Current Time: 2007-01-05 23:30:00
Valid Interval: 23:00:00-02:00:00
Valid days of month: 1, 2, 3, 4, 5, 6, 7, 8, 9, 10, 11, 12, 13, 14, 15, 16, 17, 18, 19, 20, 21, 22, 23, 24, 25, 26, 27, 28, 29, 30, 31
Valid weekdays: Saturday, Sunday
When: 23:30:00
Current Time: 2007-01-06 23:00:00
Valid Interval: 23:00:00-02:00:00
Valid days of month: 1, 2, 3, 4, 5, 6, 7, 8, 9, 10, 11, 12, 13, 14, 15, 16, 17, 18, 19, 20, 21, 22, 23, 24, 25, 26, 27, 28, 29, 30, 31
Valid weekdays: Saturday, Sunday
When: 23:30:00
Current Time: 2007-01-06 02:00:00
Valid Interval: 23:00:00-02:00:00
Valid days of month: 1, 2, 3, 4, 5, 6, 7, 8, 9, 10, 11, 12, 13, 14, 15, 16, 17, 18, 19, 20, 21, 22, 23, 24, 25, 26, 27, 28, 29, 30, 31
Valid weekdays: Saturday, Sunday
When: 23:30:00
Current Time: 2007-01-07 23:40:00
Valid Interval: 23:00:00-02:00:00
Valid days of month: 1, 2, 3, 4, 5, 6, 7, 8, 9, 10, 11, 12, 13, 14, 15, 16, 17, 18, 19, 20, 21, 22, 23, 24, 25, 26, 27, 28, 29, 30, 31
Valid weekdays: Saturday, Sunday
When: 23:30:00
Current Time: 2007-01-07 01:00:00
Valid Interval: 13:00:00-16:00:00
Valid days of month: 1, 2, 3, 4, 5, 6, 7, 8, 9, 10, 11, 12, 13, 14, 15, 16, 17, 18, 19, 20, 21, 22, 23, 24, 25, 26, 27, 28, 29, 30, 31
Valid weekdays: Saturday, Sunday
When: 14:00:00
Current Time: 2007-01-01 12:00:00
Valid Interval: 13:00:00-16:00:00
Valid days of month: 1, 2, 3, 4, 5, 6, 7, 8, 9, 10, 11, 12, 13, 14, 15, 16, 17, 18, 19, 20, 21, 22, 23, 24, 25, 26, 27, 28, 29, 30, 31
Valid weekdays: Saturday, Sunday
When: 14:00:00
Current Time: 2007-01-02 13:30:00
Valid Interval: 13:00:00-16:00:00
Valid days of month: 1, 2, 3, 4, 5, 6, 7, 8, 9, 10, 11, 12, 13, 14, 15, 16, 17, 18, 19, 20, 21, 22, 23, 24, 25, 26, 27, 28, 29, 30, 31
Valid weekdays: Saturday, Sunday
When: 14:00:00
Current Time: 2007-01-06 13:30:00
Valid Interval: 13:00:00-16:00:00
Valid days of month: 1, 2, 3, 4, 5, 6, 7, 8, 9, 10, 11, 12, 13, 14, 15, 16, 17, 18, 19, 20, 21, 22, 23, 24, 25, 26, 27, 28, 29, 30, 31
Valid weekdays: Saturday, Sunday
When: 14:00:00
Current Time: 2007-01-06 14:30:00
Valid Interval: 13:00:00-16:00:00
Valid days of month: 1, 2, 3, 4, 5, 6, 7, 8, 9, 10, 11, 12, 13, 14, 15, 16, 17, 18, 19, 20, 21, 22, 23, 24, 25, 26, 27, 28, 29, 30, 31
Valid weekdays: Saturday, Sunday
When: 14:00:00
Current Time: 2007-01-06 16:30:00
Valid Interval: 13:00:00-16:00:00
Valid days of month: 1, 2, 3, 4, 5, 6, 7, 8, 9, 10, 11, 12, 13, 14, 15, 16, 17, 18, 19, 20, 21, 22, 23, 24, 25, 26, 27, 28, 29, 30, 31
Valid weekdays: Saturday, Sunday
When: 14:00:00
Current Time: 2007-01-07 16:00:00
Valid Interval: 23:00:00-02:00:00
Valid days of month: 1, 2, 3, 4, 5, 6, 7, 8, 9, 10, 11, 12, 13, 14, 15, 16, 17, 18, 19, 20, 21, 22, 23, 24, 25, 26, 27, 28, 29, 30, 31
Valid weekdays: Saturday, Sunday
When: 01:00:00
Current Time: 2007-01-01 12:00:00
Valid Interval: 23:00:00-02:00:00
Valid days of month: 1, 2, 3, 4, 5, 6, 7, 8, 9, 10, 11, 12, 13, 14, 15, 16, 17, 18, 19, 20, 21, 22, 23, 24, 25, 26, 27, 28, 29, 30, 31
Valid weekdays: Saturday, Sunday
When: 01:00:00
Current Time: 2007-01-02 01:00:00
Valid Interval: 23:00:00-02:00:00
Valid days of month: 1, 2, 3, 4, 5, 6, 7, 8, 9, 10, 11, 12, 13, 14, 15, 16, 17, 18, 19, 20, 21, 22, 23, 24, 25, 26, 27, 28, 29, 30, 31
Valid weekdays: Saturday, Sunday
When: 01:00:00
Current Time: 2007-01-06 00:30:00
Valid Interval: 23:00:00-02:00:00
Valid days of month: 1, 2, 3, 4, 5, 6, 7, 8, 9, 10, 11, 12, 13, 14, 15, 16, 17, 18, 19, 20, 21, 22, 23, 24, 25, 26, 27, 28, 29, 30, 31
Valid weekdays: Saturday, Sunday
When: 01:00:00
Current Time: 2007-01-06 02:30:00
Valid Interval: 23:00:00-02:00:00
Valid days of month: 1, 2, 3, 4, 5, 6, 7, 8, 9, 10, 11, 12, 13, 14, 15, 16, 17, 18, 19, 20, 21, 22, 23, 24, 25, 26, 27, 28, 29, 30, 31
Valid weekdays: Saturday, Sunday
When: 23:30:00
Current Time: 2007-01-01 12:00:00
Valid Interval: 23:00:00-02:00:00
Valid days of month: 1, 2, 3, 4, 5, 6, 7, 8, 9, 10, 11, 12, 13, 14, 15, 16, 17, 18, 19, 20, 21, 22, 23, 24, 25, 26, 27, 28, 29, 30, 31
Valid weekdays: Saturday, Sunday
When: 23:30:00
Current Time: 2007-01-05 23:30:00
Valid Interval: 23:00:00-02:00:00
Valid days of month: 1, 2, 3, 4, 5, 6, 7, 8, 9, 10, 11, 12, 13, 14, 15, 16, 17, 18, 19, 20, 21, 22, 23, 24, 25, 26, 27, 28, 29, 30, 31
Valid weekdays: Saturday, Sunday
When: 23:30:00
Current Time: 2007-01-06 23:00:00
Valid Interval: 23:00:00-02:00:00
Valid days of month: 1, 2, 3, 4, 5, 6, 7, 8, 9, 10, 11, 12, 13, 14, 15, 16, 17, 18, 19, 20, 21, 22, 23, 24, 25, 26, 27, 28, 29, 30, 31
Valid weekdays: Saturday, Sunday
When: 23:30:00
Current Time: 2007-01-06 02:00:00
Valid Interval: 23:00:00-02:00:00
Valid days of month: 1, 2, 3, 4, 5, 6, 7, 8, 9, 10, 11, 12, 13, 14, 15, 16, 17, 18, 19, 20, 21, 22, 23, 24, 25, 26, 27, 28, 29, 30, 31
Valid weekdays: Saturday, Sunday
When: 23:30:00
Current Time: 2007-01-07 23:40:00
Valid Interval: 23:00:00-02:00:00
Valid days of month: 1, 2, 3, 4, 5, 6, 7, 8, 9, 10, 11, 12, 13, 14, 15, 16, 17, 18, 19, 20, 21, 22, 23, 24, 25, 26, 27, 28, 29, 30, 31
Valid weekdays: Saturday, Sunday
When: 23:30:00
Current Time: 2007-01-07 01:00:00
Valid Interval: 13:00:00-16:00:00
Valid days of month: 1, 2, 3, 4, 5, 6, 7, 8, 9, 10, 11, 12, 13, 14, 15, 16, 17, 18, 19, 20, 21, 22, 23, 24, 25, 26, 27, 28, 29, 30, 31
Valid weekdays: Saturday, Sunday
When: 14:00:00
Current Time: 2007-01-06 14:30:00
Valid Interval: 13:00:00-16:00:00
Valid days of month: 1, 2, 3, 4, 5, 6, 7, 8, 9, 10, 11, 12, 13, 14, 15, 16, 17, 18, 19, 20, 21, 22, 23, 24, 25, 26, 27, 28, 29, 30, 31
Valid weekdays: Saturday, Sunday
When: 14:00:00
Current Time: 2007-01-07 15:00:00
Valid Interval: 23:00:00-02:00:00
Valid days of month: 1, 2, 3, 4, 5, 6, 7, 8, 9, 10, 11, 12, 13, 14, 15, 16, 17, 18, 19, 20, 21, 22, 23, 24, 25, 26, 27, 28, 29, 30, 31
Valid weekdays: Saturday, Sunday
When: 01:00:00
Current Time: 2007-01-06 01:30:00
Valid Interval: 23:00:00-02:00:00
Valid days of month: 1, 2, 3, 4, 5, 6, 7, 8, 9, 10, 11, 12, 13, 14, 15, 16, 17, 18, 19, 20, 21, 22, 23, 24, 25, 26, 27, 28, 29, 30, 31
Valid weekdays: Saturday, Sunday
When: 01:00:00
Current Time: 2007-01-07 01:30:00
Valid Interval: 23:00:00-02:00:00
Valid days of month: 1, 2, 3, 4, 5, 6, 7, 8, 9, 10, 11, 12, 13, 14, 15, 16, 17, 18, 19, 20, 21, 22, 23, 24, 25, 26, 27, 28, 29, 30, 31
Valid weekdays: Saturday, Sunday
When: 23:30:00
Current Time: 2007-01-06 23:02:00
Valid Interval: 23:00:00-02:00:00
Valid days of month: 1, 2, 3, 4, 5, 6, 7, 8, 9, 10, 11, 12, 13, 14, 15, 16, 17, 18, 19, 20, 21, 22, 23, 24, 25, 26, 27, 28, 29, 30, 31
Valid weekdays: Saturday, Sunday
When: 23:30:00
Current Time: 2007-01-06 01:10:00
Valid Interval: 23:00:00-02:00:00
Valid days of month: 1, 2, 3, 4, 5, 6, 7, 8, 9, 10, 11, 12, 13, 14, 15, 16, 17, 18, 19, 20, 21, 22, 23, 24, 25, 26, 27, 28, 29, 30, 31
Valid weekdays: Saturday, Sunday
When: 23:30:00
Current Time: 2007-01-07 01:00:40
Valid Interval: 23:00:00-02:00:00
Valid days of month: 2
Valid weekdays: Saturday, Sunday
When: 23:30:00
Current Time: 2007-01-01 12:00:00
Valid Interval: 23:00:00-02:00:00
Valid days of month: 1, 2
Valid weekdays: Saturday, Sunday
When: 23:30:00
Current Time: 2007-01-05 23:30:00
Valid Interval: 23:00:00-02:00:00
Valid days of month: 1, 2
Valid weekdays: Saturday, Sunday
When: 23:30:00
Current Time: 2007-01-06 23:00:00</StdOut>
      </Output>
    </UnitTestResult>
    <UnitTestResult executionId="af835189-9ad5-44be-8795-9c5e987e7dbf" testId="be6fb6fa-f406-4f9d-ad54-a9ee3e4c1281" testName="GetNextTimeToTrigger_AbsoluteTimer_ReturnsCorrectTime (Data Row 29)" computerName="ICSWS068" duration="00:00:00.0037609" startTime="2016-08-04T07:57:22.7531920+02:00" endTime="2016-08-04T07:57:22.7566949+02:00" testType="13cdc9d9-ddb5-4fa4-a97d-d965ccfc6d4b" outcome="Passed" testListId="8c84fa94-04c1-424b-9868-57a2d4851a1d" relativeResultsDirectory="af835189-9ad5-44be-8795-9c5e987e7dbf">
      <Output>
        <StdOut>TestContext Messages:
Valid Interval: 11:00:00-13:00:00
Valid days of month: 1, 2, 3, 4, 5, 6, 7, 8, 9, 10, 11, 12, 13, 14, 15, 16, 17, 18, 19, 20, 21, 22, 23, 24, 25, 26, 27, 28, 29, 30, 31
Valid weekdays: Monday, Tuesday, Wednesday, Thursday, Friday, Saturday, Sunday
When: 12:00:00
Current Time: 2011-01-01 00:00:00
Valid Interval: 11:00:00-13:00:00
Valid days of month: 1, 2, 3, 4, 5, 6, 7, 8, 9, 10, 11, 12, 13, 14, 15, 16, 17, 18, 19, 20, 21, 22, 23, 24, 25, 26, 27, 28, 29, 30, 31
Valid weekdays: Monday, Tuesday, Wednesday, Thursday, Friday, Saturday, Sunday
When: 12:00:00
Current Time: 2011-01-01 09:00:00
Valid Interval: 11:00:00-13:00:00
Valid days of month: 1, 2, 3, 4, 5, 6, 7, 8, 9, 10, 11, 12, 13, 14, 15, 16, 17, 18, 19, 20, 21, 22, 23, 24, 25, 26, 27, 28, 29, 30, 31
Valid weekdays: Monday, Tuesday, Wednesday, Thursday, Friday, Saturday, Sunday
When: 12:00:00
Current Time: 2011-01-01 11:00:00
Valid Interval: 11:00:00-13:00:00
Valid days of month: 1, 2, 3, 4, 5, 6, 7, 8, 9, 10, 11, 12, 13, 14, 15, 16, 17, 18, 19, 20, 21, 22, 23, 24, 25, 26, 27, 28, 29, 30, 31
Valid weekdays: Monday, Tuesday, Wednesday, Thursday, Friday, Saturday, Sunday
When: 12:00:00
Current Time: 2011-01-01 12:00:00
Valid Interval: 11:00:00-13:00:00
Valid days of month: 1, 2, 3, 4, 5, 6, 7, 8, 9, 10, 11, 12, 13, 14, 15, 16, 17, 18, 19, 20, 21, 22, 23, 24, 25, 26, 27, 28, 29, 30, 31
Valid weekdays: Monday, Tuesday, Wednesday, Thursday, Friday, Saturday, Sunday
When: 12:00:00
Current Time: 2011-01-01 12:30:00
Valid Interval: 11:00:00-13:00:00
Valid days of month: 1, 2, 3, 4, 5, 6, 7, 8, 9, 10, 11, 12, 13, 14, 15, 16, 17, 18, 19, 20, 21, 22, 23, 24, 25, 26, 27, 28, 29, 30, 31
Valid weekdays: Monday, Tuesday, Wednesday, Thursday, Friday, Saturday, Sunday
When: 12:00:00
Current Time: 2011-01-01 13:00:00
Valid Interval: 11:00:00-13:00:00
Valid days of month: 1, 2, 3, 4, 5, 6, 7, 8, 9, 10, 11, 12, 13, 14, 15, 16, 17, 18, 19, 20, 21, 22, 23, 24, 25, 26, 27, 28, 29, 30, 31
Valid weekdays: Monday, Tuesday, Wednesday, Thursday, Friday, Saturday, Sunday
When: 12:00:00
Current Time: 2011-01-02 00:00:00
Valid Interval: 11:00:00-13:00:00
Valid days of month: 1, 2, 3, 4, 5, 6, 7, 8, 9, 10, 11, 12, 13, 14, 15, 16, 17, 18, 19, 20, 21, 22, 23, 24, 25, 26, 27, 28, 29, 30, 31
Valid weekdays: Monday, Tuesday, Wednesday, Thursday, Friday, Saturday, Sunday
When: 12:00:00
Current Time: 2011-01-02 09:00:00
Valid Interval: 11:00:00-13:00:00
Valid days of month: 1, 2, 3, 4, 5, 6, 7, 8, 9, 10, 11, 12, 13, 14, 15, 16, 17, 18, 19, 20, 21, 22, 23, 24, 25, 26, 27, 28, 29, 30, 31
Valid weekdays: Monday, Tuesday, Wednesday, Thursday, Friday, Saturday, Sunday
When: 12:00:00
Current Time: 2011-01-02 12:00:00
Valid Interval: 11:00:00-13:00:00
Valid days of month: 1, 2, 3, 4, 5, 6, 7, 8, 9, 10, 11, 12, 13, 14, 15, 16, 17, 18, 19, 20, 21, 22, 23, 24, 25, 26, 27, 28, 29, 30, 31
Valid weekdays: Monday, Tuesday, Wednesday, Thursday, Friday, Saturday, Sunday
When: 12:00:00
Current Time: 2011-01-02 12:45:30
Valid Interval: 11:00:00-13:00:00
Valid days of month: 1, 2, 3, 4, 5, 6, 7, 8, 9, 10, 11, 12, 13, 14, 15, 16, 17, 18, 19, 20, 21, 22, 23, 24, 25, 26, 27, 28, 29, 30, 31
Valid weekdays: Monday, Tuesday, Wednesday, Thursday, Friday, Saturday, Sunday
When: 12:00:00
Current Time: 2011-01-02 13:00:00
Valid Interval: 11:00:00-13:00:00
Valid days of month: 1, 2, 3, 4, 5, 6, 7, 8, 9, 10, 11, 12, 13, 14, 15, 16, 17, 18, 19, 20, 21, 22, 23, 24, 25, 26, 27, 28, 29, 30, 31
Valid weekdays: Monday, Tuesday, Wednesday, Thursday, Friday, Saturday, Sunday
When: 12:00:00
Current Time: 2011-01-01 12:00:00
Valid Interval: 11:00:00-13:00:00
Valid days of month: 1, 2, 3, 4, 5, 6, 7, 8, 9, 10, 11, 12, 13, 14, 15, 16, 17, 18, 19, 20, 21, 22, 23, 24, 25, 26, 27, 28, 29, 30, 31
Valid weekdays: Monday, Tuesday, Wednesday, Thursday, Friday, Saturday, Sunday
When: 12:00:00
Current Time: 2011-01-01 12:30:00
Valid Interval: 11:00:00-13:00:00
Valid days of month: 1, 2, 3, 4, 5, 6, 7, 8, 9, 10, 11, 12, 13, 14, 15, 16, 17, 18, 19, 20, 21, 22, 23, 24, 25, 26, 27, 28, 29, 30, 31
Valid weekdays: Monday, Tuesday, Wednesday, Thursday, Friday, Saturday, Sunday
When: 12:00:00
Current Time: 2011-01-01 12:30:00
Valid Interval: 11:00:00-13:00:00
Valid days of month: 1, 2, 3, 4, 5, 6, 7, 8, 9, 10, 11, 12, 13, 14, 15, 16, 17, 18, 19, 20, 21, 22, 23, 24, 25, 26, 27, 28, 29, 30, 31
Valid weekdays: Monday, Tuesday, Wednesday, Thursday, Friday, Saturday, Sunday
When: 12:00:00
Current Time: 2011-01-01 13:00:00
Valid Interval: 11:00:00-13:00:00
Valid days of month: 1, 2, 3, 4, 5, 6, 7, 8, 9, 10, 11, 12, 13, 14, 15, 16, 17, 18, 19, 20, 21, 22, 23, 24, 25, 26, 27, 28, 29, 30, 31
Valid weekdays: Monday, Tuesday, Wednesday, Thursday, Friday, Saturday, Sunday
When: 12:00:00
Current Time: 2011-01-01 14:30:00
Valid Interval: 23:00:00-13:00:00
Valid days of month: 1, 2, 3, 4, 5, 6, 7, 8, 9, 10, 11, 12, 13, 14, 15, 16, 17, 18, 19, 20, 21, 22, 23, 24, 25, 26, 27, 28, 29, 30, 31
Valid weekdays: Monday, Tuesday, Wednesday, Thursday, Friday, Saturday, Sunday
When: 23:30:00
Current Time: 2011-01-01 16:00:00
Valid Interval: 23:00:00-13:00:00
Valid days of month: 1, 2, 3, 4, 5, 6, 7, 8, 9, 10, 11, 12, 13, 14, 15, 16, 17, 18, 19, 20, 21, 22, 23, 24, 25, 26, 27, 28, 29, 30, 31
Valid weekdays: Monday, Tuesday, Wednesday, Thursday, Friday, Saturday, Sunday
When: 23:30:00
Current Time: 2011-01-01 23:00:00
Valid Interval: 23:00:00-13:00:00
Valid days of month: 1, 2, 3, 4, 5, 6, 7, 8, 9, 10, 11, 12, 13, 14, 15, 16, 17, 18, 19, 20, 21, 22, 23, 24, 25, 26, 27, 28, 29, 30, 31
Valid weekdays: Monday, Tuesday, Wednesday, Thursday, Friday, Saturday, Sunday
When: 23:30:00
Current Time: 2011-01-01 23:30:00
Valid Interval: 23:00:00-13:00:00
Valid days of month: 1, 2, 3, 4, 5, 6, 7, 8, 9, 10, 11, 12, 13, 14, 15, 16, 17, 18, 19, 20, 21, 22, 23, 24, 25, 26, 27, 28, 29, 30, 31
Valid weekdays: Monday, Tuesday, Wednesday, Thursday, Friday, Saturday, Sunday
When: 23:30:00
Current Time: 2011-01-01 23:45:00
Valid Interval: 23:00:00-13:00:00
Valid days of month: 1, 2, 3, 4, 5, 6, 7, 8, 9, 10, 11, 12, 13, 14, 15, 16, 17, 18, 19, 20, 21, 22, 23, 24, 25, 26, 27, 28, 29, 30, 31
Valid weekdays: Monday, Tuesday, Wednesday, Thursday, Friday, Saturday, Sunday
When: 23:30:00
Current Time: 2011-01-02 00:30:00
Valid Interval: 23:00:00-13:00:00
Valid days of month: 1, 2, 3, 4, 5, 6, 7, 8, 9, 10, 11, 12, 13, 14, 15, 16, 17, 18, 19, 20, 21, 22, 23, 24, 25, 26, 27, 28, 29, 30, 31
Valid weekdays: Monday, Tuesday, Wednesday, Thursday, Friday, Saturday, Sunday
When: 23:30:00
Current Time: 2011-01-01 13:00:00
Valid Interval: 23:00:00-13:00:00
Valid days of month: 1, 2, 3, 4, 5, 6, 7, 8, 9, 10, 11, 12, 13, 14, 15, 16, 17, 18, 19, 20, 21, 22, 23, 24, 25, 26, 27, 28, 29, 30, 31
Valid weekdays: Monday, Tuesday, Wednesday, Thursday, Friday, Saturday, Sunday
When: 01:00:00
Current Time: 2011-01-01 16:00:00
Valid Interval: 23:00:00-13:00:00
Valid days of month: 1, 2, 3, 4, 5, 6, 7, 8, 9, 10, 11, 12, 13, 14, 15, 16, 17, 18, 19, 20, 21, 22, 23, 24, 25, 26, 27, 28, 29, 30, 31
Valid weekdays: Monday, Tuesday, Wednesday, Thursday, Friday, Saturday, Sunday
When: 01:00:00
Current Time: 2011-01-01 23:00:00
Valid Interval: 23:00:00-13:00:00
Valid days of month: 1, 2, 3, 4, 5, 6, 7, 8, 9, 10, 11, 12, 13, 14, 15, 16, 17, 18, 19, 20, 21, 22, 23, 24, 25, 26, 27, 28, 29, 30, 31
Valid weekdays: Monday, Tuesday, Wednesday, Thursday, Friday, Saturday, Sunday
When: 01:00:00
Current Time: 2011-01-01 23:30:00
Valid Interval: 23:00:00-13:00:00
Valid days of month: 1, 2, 3, 4, 5, 6, 7, 8, 9, 10, 11, 12, 13, 14, 15, 16, 17, 18, 19, 20, 21, 22, 23, 24, 25, 26, 27, 28, 29, 30, 31
Valid weekdays: Monday, Tuesday, Wednesday, Thursday, Friday, Saturday, Sunday
When: 01:00:00
Current Time: 2011-01-02 00:30:00
Valid Interval: 23:00:00-13:00:00
Valid days of month: 1, 2, 3, 4, 5, 6, 7, 8, 9, 10, 11, 12, 13, 14, 15, 16, 17, 18, 19, 20, 21, 22, 23, 24, 25, 26, 27, 28, 29, 30, 31
Valid weekdays: Monday, Tuesday, Wednesday, Thursday, Friday, Saturday, Sunday
When: 01:00:00
Current Time: 2011-01-01 02:00:00
Valid Interval: 23:00:00-13:00:00
Valid days of month: 1, 2, 3, 4, 5, 6, 7, 8, 9, 10, 11, 12, 13, 14, 15, 16, 17, 18, 19, 20, 21, 22, 23, 24, 25, 26, 27, 28, 29, 30, 31
Valid weekdays: Monday, Tuesday, Wednesday, Thursday, Friday, Saturday, Sunday
When: 01:00:00
Current Time: 2011-01-01 13:00:00
Valid Interval: 23:00:00-13:00:00
Valid days of month: 1, 2, 3, 4, 5, 6, 7, 8, 9, 10, 11, 12, 13, 14, 15, 16, 17, 18, 19, 20, 21, 22, 23, 24, 25, 26, 27, 28, 29, 30, 31
Valid weekdays: Monday, Tuesday, Wednesday, Thursday, Friday, Saturday, Sunday
When: 23:30:00
Current Time: 2011-01-01 16:00:00
Valid Interval: 23:00:00-13:00:00
Valid days of month: 1, 2, 3, 4, 5, 6, 7, 8, 9, 10, 11, 12, 13, 14, 15, 16, 17, 18, 19, 20, 21, 22, 23, 24, 25, 26, 27, 28, 29, 30, 31
Valid weekdays: Monday, Tuesday, Wednesday, Thursday, Friday, Saturday, Sunday
When: 23:30:00
Current Time: 2011-01-01 23:00:00
Valid Interval: 23:00:00-13:00:00
Valid days of month: 1, 2, 3, 4, 5, 6, 7, 8, 9, 10, 11, 12, 13, 14, 15, 16, 17, 18, 19, 20, 21, 22, 23, 24, 25, 26, 27, 28, 29, 30, 31
Valid weekdays: Monday, Tuesday, Wednesday, Thursday, Friday, Saturday, Sunday
When: 23:30:00
Current Time: 2011-01-01 23:30:00
Valid Interval: 23:00:00-13:00:00
Valid days of month: 1, 2, 3, 4, 5, 6, 7, 8, 9, 10, 11, 12, 13, 14, 15, 16, 17, 18, 19, 20, 21, 22, 23, 24, 25, 26, 27, 28, 29, 30, 31
Valid weekdays: Monday, Tuesday, Wednesday, Thursday, Friday, Saturday, Sunday
When: 23:30:00
Current Time: 2011-01-01 23:45:00
Valid Interval: 23:00:00-13:00:00
Valid days of month: 1, 2, 3, 4, 5, 6, 7, 8, 9, 10, 11, 12, 13, 14, 15, 16, 17, 18, 19, 20, 21, 22, 23, 24, 25, 26, 27, 28, 29, 30, 31
Valid weekdays: Monday, Tuesday, Wednesday, Thursday, Friday, Saturday, Sunday
When: 23:30:00
Current Time: 2011-01-02 00:30:00
Valid Interval: 23:00:00-13:00:00
Valid days of month: 1, 2, 3, 4, 5, 6, 7, 8, 9, 10, 11, 12, 13, 14, 15, 16, 17, 18, 19, 20, 21, 22, 23, 24, 25, 26, 27, 28, 29, 30, 31
Valid weekdays: Monday, Tuesday, Wednesday, Thursday, Friday, Saturday, Sunday
When: 23:30:00
Current Time: 2011-01-01 13:00:00
Valid Interval: 23:00:00-13:00:00
Valid days of month: 1, 2, 3, 4, 5, 6, 7, 8, 9, 10, 11, 12, 13, 14, 15, 16, 17, 18, 19, 20, 21, 22, 23, 24, 25, 26, 27, 28, 29, 30, 31
Valid weekdays: Monday, Tuesday, Wednesday, Thursday, Friday, Saturday, Sunday
When: 01:00:00
Current Time: 2011-01-01 16:00:00
Valid Interval: 23:00:00-13:00:00
Valid days of month: 1, 2, 3, 4, 5, 6, 7, 8, 9, 10, 11, 12, 13, 14, 15, 16, 17, 18, 19, 20, 21, 22, 23, 24, 25, 26, 27, 28, 29, 30, 31
Valid weekdays: Monday, Tuesday, Wednesday, Thursday, Friday, Saturday, Sunday
When: 01:00:00
Current Time: 2011-01-01 23:00:00
Valid Interval: 23:00:00-13:00:00
Valid days of month: 1, 2, 3, 4, 5, 6, 7, 8, 9, 10, 11, 12, 13, 14, 15, 16, 17, 18, 19, 20, 21, 22, 23, 24, 25, 26, 27, 28, 29, 30, 31
Valid weekdays: Monday, Tuesday, Wednesday, Thursday, Friday, Saturday, Sunday
When: 01:00:00
Current Time: 2011-01-01 23:30:00
Valid Interval: 23:00:00-13:00:00
Valid days of month: 1, 2, 3, 4, 5, 6, 7, 8, 9, 10, 11, 12, 13, 14, 15, 16, 17, 18, 19, 20, 21, 22, 23, 24, 25, 26, 27, 28, 29, 30, 31
Valid weekdays: Monday, Tuesday, Wednesday, Thursday, Friday, Saturday, Sunday
When: 01:00:00
Current Time: 2011-01-02 00:30:00
Valid Interval: 23:00:00-13:00:00
Valid days of month: 1, 2, 3, 4, 5, 6, 7, 8, 9, 10, 11, 12, 13, 14, 15, 16, 17, 18, 19, 20, 21, 22, 23, 24, 25, 26, 27, 28, 29, 30, 31
Valid weekdays: Monday, Tuesday, Wednesday, Thursday, Friday, Saturday, Sunday
When: 01:00:00
Current Time: 2011-01-02 02:00:00
Valid Interval: 23:00:00-13:00:00
Valid days of month: 1, 2, 3, 4, 5, 6, 7, 8, 9, 10, 11, 12, 13, 14, 15, 16, 17, 18, 19, 20, 21, 22, 23, 24, 25, 26, 27, 28, 29, 30, 31
Valid weekdays: Monday, Tuesday, Wednesday, Thursday, Friday, Saturday, Sunday
When: 01:00:00
Current Time: 2011-01-02 13:00:00
Valid Interval: 23:00:00-13:00:00
Valid days of month: 1, 2, 3, 4, 5, 6, 7, 8, 9, 10, 11, 12, 13, 14, 15, 16, 17, 18, 19, 20, 21, 22, 23, 24, 25, 26, 27, 28, 29, 30, 31
Valid weekdays: Monday, Tuesday, Wednesday, Thursday, Friday, Saturday, Sunday
When: 23:30:00
Current Time: 2011-01-01 23:30:05
Valid Interval: 23:00:00-13:00:00
Valid days of month: 1, 2, 3, 4, 5, 6, 7, 8, 9, 10, 11, 12, 13, 14, 15, 16, 17, 18, 19, 20, 21, 22, 23, 24, 25, 26, 27, 28, 29, 30, 31
Valid weekdays: Monday, Tuesday, Wednesday, Thursday, Friday, Saturday, Sunday
When: 23:30:00
Current Time: 2011-01-02 00:30:00
Valid Interval: 23:00:00-13:00:00
Valid days of month: 1, 2, 3, 4, 5, 6, 7, 8, 9, 10, 11, 12, 13, 14, 15, 16, 17, 18, 19, 20, 21, 22, 23, 24, 25, 26, 27, 28, 29, 30, 31
Valid weekdays: Monday, Tuesday, Wednesday, Thursday, Friday, Saturday, Sunday
When: 23:30:00
Current Time: 2011-01-02 13:00:00
Valid Interval: 23:00:00-13:00:00
Valid days of month: 1, 2, 3, 4, 5, 6, 7, 8, 9, 10, 11, 12, 13, 14, 15, 16, 17, 18, 19, 20, 21, 22, 23, 24, 25, 26, 27, 28, 29, 30, 31
Valid weekdays: Monday, Tuesday, Wednesday, Thursday, Friday, Saturday, Sunday
When: 01:00:00
Current Time: 2011-01-01 02:00:00
Valid Interval: 23:00:00-13:00:00
Valid days of month: 1, 2, 3, 4, 5, 6, 7, 8, 9, 10, 11, 12, 13, 14, 15, 16, 17, 18, 19, 20, 21, 22, 23, 24, 25, 26, 27, 28, 29, 30, 31
Valid weekdays: Monday, Tuesday, Wednesday, Thursday, Friday, Saturday, Sunday
When: 01:00:00
Current Time: 2011-01-02 02:00:00
Valid Interval: 13:00:00-16:00:00
Valid days of month: 1, 2, 3, 4, 5, 6, 7, 8, 9, 10, 11, 12, 13, 14, 15, 16, 17, 18, 19, 20, 21, 22, 23, 24, 25, 26, 27, 28, 29, 30, 31
Valid weekdays: Saturday, Sunday
When: 14:00:00
Current Time: 2007-01-01 12:00:00
Valid Interval: 13:00:00-16:00:00
Valid days of month: 1, 2, 3, 4, 5, 6, 7, 8, 9, 10, 11, 12, 13, 14, 15, 16, 17, 18, 19, 20, 21, 22, 23, 24, 25, 26, 27, 28, 29, 30, 31
Valid weekdays: Saturday, Sunday
When: 14:00:00
Current Time: 2007-01-02 13:30:00
Valid Interval: 13:00:00-16:00:00
Valid days of month: 1, 2, 3, 4, 5, 6, 7, 8, 9, 10, 11, 12, 13, 14, 15, 16, 17, 18, 19, 20, 21, 22, 23, 24, 25, 26, 27, 28, 29, 30, 31
Valid weekdays: Saturday, Sunday
When: 14:00:00
Current Time: 2007-01-06 13:30:00
Valid Interval: 13:00:00-16:00:00
Valid days of month: 1, 2, 3, 4, 5, 6, 7, 8, 9, 10, 11, 12, 13, 14, 15, 16, 17, 18, 19, 20, 21, 22, 23, 24, 25, 26, 27, 28, 29, 30, 31
Valid weekdays: Saturday, Sunday
When: 14:00:00
Current Time: 2007-01-06 14:30:00
Valid Interval: 13:00:00-16:00:00
Valid days of month: 1, 2, 3, 4, 5, 6, 7, 8, 9, 10, 11, 12, 13, 14, 15, 16, 17, 18, 19, 20, 21, 22, 23, 24, 25, 26, 27, 28, 29, 30, 31
Valid weekdays: Saturday, Sunday
When: 14:00:00
Current Time: 2007-01-06 16:30:00
Valid Interval: 13:00:00-16:00:00
Valid days of month: 1, 2, 3, 4, 5, 6, 7, 8, 9, 10, 11, 12, 13, 14, 15, 16, 17, 18, 19, 20, 21, 22, 23, 24, 25, 26, 27, 28, 29, 30, 31
Valid weekdays: Saturday, Sunday
When: 14:00:00
Current Time: 2007-01-07 16:00:00
Valid Interval: 23:00:00-02:00:00
Valid days of month: 1, 2, 3, 4, 5, 6, 7, 8, 9, 10, 11, 12, 13, 14, 15, 16, 17, 18, 19, 20, 21, 22, 23, 24, 25, 26, 27, 28, 29, 30, 31
Valid weekdays: Saturday, Sunday
When: 01:00:00
Current Time: 2007-01-01 12:00:00
Valid Interval: 23:00:00-02:00:00
Valid days of month: 1, 2, 3, 4, 5, 6, 7, 8, 9, 10, 11, 12, 13, 14, 15, 16, 17, 18, 19, 20, 21, 22, 23, 24, 25, 26, 27, 28, 29, 30, 31
Valid weekdays: Saturday, Sunday
When: 01:00:00
Current Time: 2007-01-02 01:00:00
Valid Interval: 23:00:00-02:00:00
Valid days of month: 1, 2, 3, 4, 5, 6, 7, 8, 9, 10, 11, 12, 13, 14, 15, 16, 17, 18, 19, 20, 21, 22, 23, 24, 25, 26, 27, 28, 29, 30, 31
Valid weekdays: Saturday, Sunday
When: 01:00:00
Current Time: 2007-01-06 00:30:00
Valid Interval: 23:00:00-02:00:00
Valid days of month: 1, 2, 3, 4, 5, 6, 7, 8, 9, 10, 11, 12, 13, 14, 15, 16, 17, 18, 19, 20, 21, 22, 23, 24, 25, 26, 27, 28, 29, 30, 31
Valid weekdays: Saturday, Sunday
When: 01:00:00
Current Time: 2007-01-06 01:30:00
Valid Interval: 23:00:00-02:00:00
Valid days of month: 1, 2, 3, 4, 5, 6, 7, 8, 9, 10, 11, 12, 13, 14, 15, 16, 17, 18, 19, 20, 21, 22, 23, 24, 25, 26, 27, 28, 29, 30, 31
Valid weekdays: Saturday, Sunday
When: 01:00:00
Current Time: 2007-01-06 02:30:00
Valid Interval: 23:00:00-02:00:00
Valid days of month: 1, 2, 3, 4, 5, 6, 7, 8, 9, 10, 11, 12, 13, 14, 15, 16, 17, 18, 19, 20, 21, 22, 23, 24, 25, 26, 27, 28, 29, 30, 31
Valid weekdays: Saturday, Sunday
When: 01:00:00
Current Time: 2007-01-07 02:00:00
Valid Interval: 23:00:00-02:00:00
Valid days of month: 1, 2, 3, 4, 5, 6, 7, 8, 9, 10, 11, 12, 13, 14, 15, 16, 17, 18, 19, 20, 21, 22, 23, 24, 25, 26, 27, 28, 29, 30, 31
Valid weekdays: Saturday, Sunday
When: 23:30:00
Current Time: 2007-01-01 12:00:00
Valid Interval: 23:00:00-02:00:00
Valid days of month: 1, 2, 3, 4, 5, 6, 7, 8, 9, 10, 11, 12, 13, 14, 15, 16, 17, 18, 19, 20, 21, 22, 23, 24, 25, 26, 27, 28, 29, 30, 31
Valid weekdays: Saturday, Sunday
When: 23:30:00
Current Time: 2007-01-05 23:30:00
Valid Interval: 23:00:00-02:00:00
Valid days of month: 1, 2, 3, 4, 5, 6, 7, 8, 9, 10, 11, 12, 13, 14, 15, 16, 17, 18, 19, 20, 21, 22, 23, 24, 25, 26, 27, 28, 29, 30, 31
Valid weekdays: Saturday, Sunday
When: 23:30:00
Current Time: 2007-01-06 23:00:00
Valid Interval: 23:00:00-02:00:00
Valid days of month: 1, 2, 3, 4, 5, 6, 7, 8, 9, 10, 11, 12, 13, 14, 15, 16, 17, 18, 19, 20, 21, 22, 23, 24, 25, 26, 27, 28, 29, 30, 31
Valid weekdays: Saturday, Sunday
When: 23:30:00
Current Time: 2007-01-06 02:00:00
Valid Interval: 23:00:00-02:00:00
Valid days of month: 1, 2, 3, 4, 5, 6, 7, 8, 9, 10, 11, 12, 13, 14, 15, 16, 17, 18, 19, 20, 21, 22, 23, 24, 25, 26, 27, 28, 29, 30, 31
Valid weekdays: Saturday, Sunday
When: 23:30:00
Current Time: 2007-01-07 23:40:00
Valid Interval: 23:00:00-02:00:00
Valid days of month: 1, 2, 3, 4, 5, 6, 7, 8, 9, 10, 11, 12, 13, 14, 15, 16, 17, 18, 19, 20, 21, 22, 23, 24, 25, 26, 27, 28, 29, 30, 31
Valid weekdays: Saturday, Sunday
When: 23:30:00
Current Time: 2007-01-07 01:00:00
Valid Interval: 13:00:00-16:00:00
Valid days of month: 1, 2, 3, 4, 5, 6, 7, 8, 9, 10, 11, 12, 13, 14, 15, 16, 17, 18, 19, 20, 21, 22, 23, 24, 25, 26, 27, 28, 29, 30, 31
Valid weekdays: Saturday, Sunday
When: 14:00:00
Current Time: 2007-01-01 12:00:00
Valid Interval: 13:00:00-16:00:00
Valid days of month: 1, 2, 3, 4, 5, 6, 7, 8, 9, 10, 11, 12, 13, 14, 15, 16, 17, 18, 19, 20, 21, 22, 23, 24, 25, 26, 27, 28, 29, 30, 31
Valid weekdays: Saturday, Sunday
When: 14:00:00
Current Time: 2007-01-02 13:30:00
Valid Interval: 13:00:00-16:00:00
Valid days of month: 1, 2, 3, 4, 5, 6, 7, 8, 9, 10, 11, 12, 13, 14, 15, 16, 17, 18, 19, 20, 21, 22, 23, 24, 25, 26, 27, 28, 29, 30, 31
Valid weekdays: Saturday, Sunday
When: 14:00:00
Current Time: 2007-01-06 13:30:00
Valid Interval: 13:00:00-16:00:00
Valid days of month: 1, 2, 3, 4, 5, 6, 7, 8, 9, 10, 11, 12, 13, 14, 15, 16, 17, 18, 19, 20, 21, 22, 23, 24, 25, 26, 27, 28, 29, 30, 31
Valid weekdays: Saturday, Sunday
When: 14:00:00
Current Time: 2007-01-06 14:30:00
Valid Interval: 13:00:00-16:00:00
Valid days of month: 1, 2, 3, 4, 5, 6, 7, 8, 9, 10, 11, 12, 13, 14, 15, 16, 17, 18, 19, 20, 21, 22, 23, 24, 25, 26, 27, 28, 29, 30, 31
Valid weekdays: Saturday, Sunday
When: 14:00:00
Current Time: 2007-01-06 16:30:00
Valid Interval: 13:00:00-16:00:00
Valid days of month: 1, 2, 3, 4, 5, 6, 7, 8, 9, 10, 11, 12, 13, 14, 15, 16, 17, 18, 19, 20, 21, 22, 23, 24, 25, 26, 27, 28, 29, 30, 31
Valid weekdays: Saturday, Sunday
When: 14:00:00
Current Time: 2007-01-07 16:00:00
Valid Interval: 23:00:00-02:00:00
Valid days of month: 1, 2, 3, 4, 5, 6, 7, 8, 9, 10, 11, 12, 13, 14, 15, 16, 17, 18, 19, 20, 21, 22, 23, 24, 25, 26, 27, 28, 29, 30, 31
Valid weekdays: Saturday, Sunday
When: 01:00:00
Current Time: 2007-01-01 12:00:00
Valid Interval: 23:00:00-02:00:00
Valid days of month: 1, 2, 3, 4, 5, 6, 7, 8, 9, 10, 11, 12, 13, 14, 15, 16, 17, 18, 19, 20, 21, 22, 23, 24, 25, 26, 27, 28, 29, 30, 31
Valid weekdays: Saturday, Sunday
When: 01:00:00
Current Time: 2007-01-02 01:00:00
Valid Interval: 23:00:00-02:00:00
Valid days of month: 1, 2, 3, 4, 5, 6, 7, 8, 9, 10, 11, 12, 13, 14, 15, 16, 17, 18, 19, 20, 21, 22, 23, 24, 25, 26, 27, 28, 29, 30, 31
Valid weekdays: Saturday, Sunday
When: 01:00:00
Current Time: 2007-01-06 00:30:00
Valid Interval: 23:00:00-02:00:00
Valid days of month: 1, 2, 3, 4, 5, 6, 7, 8, 9, 10, 11, 12, 13, 14, 15, 16, 17, 18, 19, 20, 21, 22, 23, 24, 25, 26, 27, 28, 29, 30, 31
Valid weekdays: Saturday, Sunday
When: 01:00:00
Current Time: 2007-01-06 02:30:00
Valid Interval: 23:00:00-02:00:00
Valid days of month: 1, 2, 3, 4, 5, 6, 7, 8, 9, 10, 11, 12, 13, 14, 15, 16, 17, 18, 19, 20, 21, 22, 23, 24, 25, 26, 27, 28, 29, 30, 31
Valid weekdays: Saturday, Sunday
When: 23:30:00
Current Time: 2007-01-01 12:00:00
Valid Interval: 23:00:00-02:00:00
Valid days of month: 1, 2, 3, 4, 5, 6, 7, 8, 9, 10, 11, 12, 13, 14, 15, 16, 17, 18, 19, 20, 21, 22, 23, 24, 25, 26, 27, 28, 29, 30, 31
Valid weekdays: Saturday, Sunday
When: 23:30:00
Current Time: 2007-01-05 23:30:00
Valid Interval: 23:00:00-02:00:00
Valid days of month: 1, 2, 3, 4, 5, 6, 7, 8, 9, 10, 11, 12, 13, 14, 15, 16, 17, 18, 19, 20, 21, 22, 23, 24, 25, 26, 27, 28, 29, 30, 31
Valid weekdays: Saturday, Sunday
When: 23:30:00
Current Time: 2007-01-06 23:00:00
Valid Interval: 23:00:00-02:00:00
Valid days of month: 1, 2, 3, 4, 5, 6, 7, 8, 9, 10, 11, 12, 13, 14, 15, 16, 17, 18, 19, 20, 21, 22, 23, 24, 25, 26, 27, 28, 29, 30, 31
Valid weekdays: Saturday, Sunday
When: 23:30:00
Current Time: 2007-01-06 02:00:00
Valid Interval: 23:00:00-02:00:00
Valid days of month: 1, 2, 3, 4, 5, 6, 7, 8, 9, 10, 11, 12, 13, 14, 15, 16, 17, 18, 19, 20, 21, 22, 23, 24, 25, 26, 27, 28, 29, 30, 31
Valid weekdays: Saturday, Sunday
When: 23:30:00
Current Time: 2007-01-07 23:40:00
Valid Interval: 23:00:00-02:00:00
Valid days of month: 1, 2, 3, 4, 5, 6, 7, 8, 9, 10, 11, 12, 13, 14, 15, 16, 17, 18, 19, 20, 21, 22, 23, 24, 25, 26, 27, 28, 29, 30, 31
Valid weekdays: Saturday, Sunday
When: 23:30:00
Current Time: 2007-01-07 01:00:00
Valid Interval: 13:00:00-16:00:00
Valid days of month: 1, 2, 3, 4, 5, 6, 7, 8, 9, 10, 11, 12, 13, 14, 15, 16, 17, 18, 19, 20, 21, 22, 23, 24, 25, 26, 27, 28, 29, 30, 31
Valid weekdays: Saturday, Sunday
When: 14:00:00
Current Time: 2007-01-06 14:30:00
Valid Interval: 13:00:00-16:00:00
Valid days of month: 1, 2, 3, 4, 5, 6, 7, 8, 9, 10, 11, 12, 13, 14, 15, 16, 17, 18, 19, 20, 21, 22, 23, 24, 25, 26, 27, 28, 29, 30, 31
Valid weekdays: Saturday, Sunday
When: 14:00:00
Current Time: 2007-01-07 15:00:00
Valid Interval: 23:00:00-02:00:00
Valid days of month: 1, 2, 3, 4, 5, 6, 7, 8, 9, 10, 11, 12, 13, 14, 15, 16, 17, 18, 19, 20, 21, 22, 23, 24, 25, 26, 27, 28, 29, 30, 31
Valid weekdays: Saturday, Sunday
When: 01:00:00
Current Time: 2007-01-06 01:30:00
Valid Interval: 23:00:00-02:00:00
Valid days of month: 1, 2, 3, 4, 5, 6, 7, 8, 9, 10, 11, 12, 13, 14, 15, 16, 17, 18, 19, 20, 21, 22, 23, 24, 25, 26, 27, 28, 29, 30, 31
Valid weekdays: Saturday, Sunday
When: 01:00:00
Current Time: 2007-01-07 01:30:00
Valid Interval: 23:00:00-02:00:00
Valid days of month: 1, 2, 3, 4, 5, 6, 7, 8, 9, 10, 11, 12, 13, 14, 15, 16, 17, 18, 19, 20, 21, 22, 23, 24, 25, 26, 27, 28, 29, 30, 31
Valid weekdays: Saturday, Sunday
When: 23:30:00
Current Time: 2007-01-06 23:02:00
Valid Interval: 23:00:00-02:00:00
Valid days of month: 1, 2, 3, 4, 5, 6, 7, 8, 9, 10, 11, 12, 13, 14, 15, 16, 17, 18, 19, 20, 21, 22, 23, 24, 25, 26, 27, 28, 29, 30, 31
Valid weekdays: Saturday, Sunday
When: 23:30:00
Current Time: 2007-01-06 01:10:00
Valid Interval: 23:00:00-02:00:00
Valid days of month: 1, 2, 3, 4, 5, 6, 7, 8, 9, 10, 11, 12, 13, 14, 15, 16, 17, 18, 19, 20, 21, 22, 23, 24, 25, 26, 27, 28, 29, 30, 31
Valid weekdays: Saturday, Sunday
When: 23:30:00
Current Time: 2007-01-07 01:00:40
Valid Interval: 23:00:00-02:00:00
Valid days of month: 2
Valid weekdays: Saturday, Sunday
When: 23:30:00
Current Time: 2007-01-01 12:00:00
Valid Interval: 23:00:00-02:00:00
Valid days of month: 1, 2
Valid weekdays: Saturday, Sunday
When: 23:30:00
Current Time: 2007-01-05 23:30:00
Valid Interval: 23:00:00-02:00:00
Valid days of month: 1, 2
Valid weekdays: Saturday, Sunday
When: 23:30:00
Current Time: 2007-01-06 23:00:00</StdOut>
      </Output>
    </UnitTestResult>
    <UnitTestResult executionId="b2fc9dca-4ca2-45ca-b081-8132b94be15e" testId="99564eca-4340-4234-a752-ac47d67b2e1b" testName="GetNextTimeToTrigger_AbsoluteTimer_ReturnsCorrectTime (Data Row 30)" computerName="ICSWS068" duration="00:00:00.0039632" startTime="2016-08-04T07:57:22.7566949+02:00" endTime="2016-08-04T07:57:22.7606978+02:00" testType="13cdc9d9-ddb5-4fa4-a97d-d965ccfc6d4b" outcome="Passed" testListId="8c84fa94-04c1-424b-9868-57a2d4851a1d" relativeResultsDirectory="b2fc9dca-4ca2-45ca-b081-8132b94be15e">
      <Output>
        <StdOut>TestContext Messages:
Valid Interval: 11:00:00-13:00:00
Valid days of month: 1, 2, 3, 4, 5, 6, 7, 8, 9, 10, 11, 12, 13, 14, 15, 16, 17, 18, 19, 20, 21, 22, 23, 24, 25, 26, 27, 28, 29, 30, 31
Valid weekdays: Monday, Tuesday, Wednesday, Thursday, Friday, Saturday, Sunday
When: 12:00:00
Current Time: 2011-01-01 00:00:00
Valid Interval: 11:00:00-13:00:00
Valid days of month: 1, 2, 3, 4, 5, 6, 7, 8, 9, 10, 11, 12, 13, 14, 15, 16, 17, 18, 19, 20, 21, 22, 23, 24, 25, 26, 27, 28, 29, 30, 31
Valid weekdays: Monday, Tuesday, Wednesday, Thursday, Friday, Saturday, Sunday
When: 12:00:00
Current Time: 2011-01-01 09:00:00
Valid Interval: 11:00:00-13:00:00
Valid days of month: 1, 2, 3, 4, 5, 6, 7, 8, 9, 10, 11, 12, 13, 14, 15, 16, 17, 18, 19, 20, 21, 22, 23, 24, 25, 26, 27, 28, 29, 30, 31
Valid weekdays: Monday, Tuesday, Wednesday, Thursday, Friday, Saturday, Sunday
When: 12:00:00
Current Time: 2011-01-01 11:00:00
Valid Interval: 11:00:00-13:00:00
Valid days of month: 1, 2, 3, 4, 5, 6, 7, 8, 9, 10, 11, 12, 13, 14, 15, 16, 17, 18, 19, 20, 21, 22, 23, 24, 25, 26, 27, 28, 29, 30, 31
Valid weekdays: Monday, Tuesday, Wednesday, Thursday, Friday, Saturday, Sunday
When: 12:00:00
Current Time: 2011-01-01 12:00:00
Valid Interval: 11:00:00-13:00:00
Valid days of month: 1, 2, 3, 4, 5, 6, 7, 8, 9, 10, 11, 12, 13, 14, 15, 16, 17, 18, 19, 20, 21, 22, 23, 24, 25, 26, 27, 28, 29, 30, 31
Valid weekdays: Monday, Tuesday, Wednesday, Thursday, Friday, Saturday, Sunday
When: 12:00:00
Current Time: 2011-01-01 12:30:00
Valid Interval: 11:00:00-13:00:00
Valid days of month: 1, 2, 3, 4, 5, 6, 7, 8, 9, 10, 11, 12, 13, 14, 15, 16, 17, 18, 19, 20, 21, 22, 23, 24, 25, 26, 27, 28, 29, 30, 31
Valid weekdays: Monday, Tuesday, Wednesday, Thursday, Friday, Saturday, Sunday
When: 12:00:00
Current Time: 2011-01-01 13:00:00
Valid Interval: 11:00:00-13:00:00
Valid days of month: 1, 2, 3, 4, 5, 6, 7, 8, 9, 10, 11, 12, 13, 14, 15, 16, 17, 18, 19, 20, 21, 22, 23, 24, 25, 26, 27, 28, 29, 30, 31
Valid weekdays: Monday, Tuesday, Wednesday, Thursday, Friday, Saturday, Sunday
When: 12:00:00
Current Time: 2011-01-02 00:00:00
Valid Interval: 11:00:00-13:00:00
Valid days of month: 1, 2, 3, 4, 5, 6, 7, 8, 9, 10, 11, 12, 13, 14, 15, 16, 17, 18, 19, 20, 21, 22, 23, 24, 25, 26, 27, 28, 29, 30, 31
Valid weekdays: Monday, Tuesday, Wednesday, Thursday, Friday, Saturday, Sunday
When: 12:00:00
Current Time: 2011-01-02 09:00:00
Valid Interval: 11:00:00-13:00:00
Valid days of month: 1, 2, 3, 4, 5, 6, 7, 8, 9, 10, 11, 12, 13, 14, 15, 16, 17, 18, 19, 20, 21, 22, 23, 24, 25, 26, 27, 28, 29, 30, 31
Valid weekdays: Monday, Tuesday, Wednesday, Thursday, Friday, Saturday, Sunday
When: 12:00:00
Current Time: 2011-01-02 12:00:00
Valid Interval: 11:00:00-13:00:00
Valid days of month: 1, 2, 3, 4, 5, 6, 7, 8, 9, 10, 11, 12, 13, 14, 15, 16, 17, 18, 19, 20, 21, 22, 23, 24, 25, 26, 27, 28, 29, 30, 31
Valid weekdays: Monday, Tuesday, Wednesday, Thursday, Friday, Saturday, Sunday
When: 12:00:00
Current Time: 2011-01-02 12:45:30
Valid Interval: 11:00:00-13:00:00
Valid days of month: 1, 2, 3, 4, 5, 6, 7, 8, 9, 10, 11, 12, 13, 14, 15, 16, 17, 18, 19, 20, 21, 22, 23, 24, 25, 26, 27, 28, 29, 30, 31
Valid weekdays: Monday, Tuesday, Wednesday, Thursday, Friday, Saturday, Sunday
When: 12:00:00
Current Time: 2011-01-02 13:00:00
Valid Interval: 11:00:00-13:00:00
Valid days of month: 1, 2, 3, 4, 5, 6, 7, 8, 9, 10, 11, 12, 13, 14, 15, 16, 17, 18, 19, 20, 21, 22, 23, 24, 25, 26, 27, 28, 29, 30, 31
Valid weekdays: Monday, Tuesday, Wednesday, Thursday, Friday, Saturday, Sunday
When: 12:00:00
Current Time: 2011-01-01 12:00:00
Valid Interval: 11:00:00-13:00:00
Valid days of month: 1, 2, 3, 4, 5, 6, 7, 8, 9, 10, 11, 12, 13, 14, 15, 16, 17, 18, 19, 20, 21, 22, 23, 24, 25, 26, 27, 28, 29, 30, 31
Valid weekdays: Monday, Tuesday, Wednesday, Thursday, Friday, Saturday, Sunday
When: 12:00:00
Current Time: 2011-01-01 12:30:00
Valid Interval: 11:00:00-13:00:00
Valid days of month: 1, 2, 3, 4, 5, 6, 7, 8, 9, 10, 11, 12, 13, 14, 15, 16, 17, 18, 19, 20, 21, 22, 23, 24, 25, 26, 27, 28, 29, 30, 31
Valid weekdays: Monday, Tuesday, Wednesday, Thursday, Friday, Saturday, Sunday
When: 12:00:00
Current Time: 2011-01-01 12:30:00
Valid Interval: 11:00:00-13:00:00
Valid days of month: 1, 2, 3, 4, 5, 6, 7, 8, 9, 10, 11, 12, 13, 14, 15, 16, 17, 18, 19, 20, 21, 22, 23, 24, 25, 26, 27, 28, 29, 30, 31
Valid weekdays: Monday, Tuesday, Wednesday, Thursday, Friday, Saturday, Sunday
When: 12:00:00
Current Time: 2011-01-01 13:00:00
Valid Interval: 11:00:00-13:00:00
Valid days of month: 1, 2, 3, 4, 5, 6, 7, 8, 9, 10, 11, 12, 13, 14, 15, 16, 17, 18, 19, 20, 21, 22, 23, 24, 25, 26, 27, 28, 29, 30, 31
Valid weekdays: Monday, Tuesday, Wednesday, Thursday, Friday, Saturday, Sunday
When: 12:00:00
Current Time: 2011-01-01 14:30:00
Valid Interval: 23:00:00-13:00:00
Valid days of month: 1, 2, 3, 4, 5, 6, 7, 8, 9, 10, 11, 12, 13, 14, 15, 16, 17, 18, 19, 20, 21, 22, 23, 24, 25, 26, 27, 28, 29, 30, 31
Valid weekdays: Monday, Tuesday, Wednesday, Thursday, Friday, Saturday, Sunday
When: 23:30:00
Current Time: 2011-01-01 16:00:00
Valid Interval: 23:00:00-13:00:00
Valid days of month: 1, 2, 3, 4, 5, 6, 7, 8, 9, 10, 11, 12, 13, 14, 15, 16, 17, 18, 19, 20, 21, 22, 23, 24, 25, 26, 27, 28, 29, 30, 31
Valid weekdays: Monday, Tuesday, Wednesday, Thursday, Friday, Saturday, Sunday
When: 23:30:00
Current Time: 2011-01-01 23:00:00
Valid Interval: 23:00:00-13:00:00
Valid days of month: 1, 2, 3, 4, 5, 6, 7, 8, 9, 10, 11, 12, 13, 14, 15, 16, 17, 18, 19, 20, 21, 22, 23, 24, 25, 26, 27, 28, 29, 30, 31
Valid weekdays: Monday, Tuesday, Wednesday, Thursday, Friday, Saturday, Sunday
When: 23:30:00
Current Time: 2011-01-01 23:30:00
Valid Interval: 23:00:00-13:00:00
Valid days of month: 1, 2, 3, 4, 5, 6, 7, 8, 9, 10, 11, 12, 13, 14, 15, 16, 17, 18, 19, 20, 21, 22, 23, 24, 25, 26, 27, 28, 29, 30, 31
Valid weekdays: Monday, Tuesday, Wednesday, Thursday, Friday, Saturday, Sunday
When: 23:30:00
Current Time: 2011-01-01 23:45:00
Valid Interval: 23:00:00-13:00:00
Valid days of month: 1, 2, 3, 4, 5, 6, 7, 8, 9, 10, 11, 12, 13, 14, 15, 16, 17, 18, 19, 20, 21, 22, 23, 24, 25, 26, 27, 28, 29, 30, 31
Valid weekdays: Monday, Tuesday, Wednesday, Thursday, Friday, Saturday, Sunday
When: 23:30:00
Current Time: 2011-01-02 00:30:00
Valid Interval: 23:00:00-13:00:00
Valid days of month: 1, 2, 3, 4, 5, 6, 7, 8, 9, 10, 11, 12, 13, 14, 15, 16, 17, 18, 19, 20, 21, 22, 23, 24, 25, 26, 27, 28, 29, 30, 31
Valid weekdays: Monday, Tuesday, Wednesday, Thursday, Friday, Saturday, Sunday
When: 23:30:00
Current Time: 2011-01-01 13:00:00
Valid Interval: 23:00:00-13:00:00
Valid days of month: 1, 2, 3, 4, 5, 6, 7, 8, 9, 10, 11, 12, 13, 14, 15, 16, 17, 18, 19, 20, 21, 22, 23, 24, 25, 26, 27, 28, 29, 30, 31
Valid weekdays: Monday, Tuesday, Wednesday, Thursday, Friday, Saturday, Sunday
When: 01:00:00
Current Time: 2011-01-01 16:00:00
Valid Interval: 23:00:00-13:00:00
Valid days of month: 1, 2, 3, 4, 5, 6, 7, 8, 9, 10, 11, 12, 13, 14, 15, 16, 17, 18, 19, 20, 21, 22, 23, 24, 25, 26, 27, 28, 29, 30, 31
Valid weekdays: Monday, Tuesday, Wednesday, Thursday, Friday, Saturday, Sunday
When: 01:00:00
Current Time: 2011-01-01 23:00:00
Valid Interval: 23:00:00-13:00:00
Valid days of month: 1, 2, 3, 4, 5, 6, 7, 8, 9, 10, 11, 12, 13, 14, 15, 16, 17, 18, 19, 20, 21, 22, 23, 24, 25, 26, 27, 28, 29, 30, 31
Valid weekdays: Monday, Tuesday, Wednesday, Thursday, Friday, Saturday, Sunday
When: 01:00:00
Current Time: 2011-01-01 23:30:00
Valid Interval: 23:00:00-13:00:00
Valid days of month: 1, 2, 3, 4, 5, 6, 7, 8, 9, 10, 11, 12, 13, 14, 15, 16, 17, 18, 19, 20, 21, 22, 23, 24, 25, 26, 27, 28, 29, 30, 31
Valid weekdays: Monday, Tuesday, Wednesday, Thursday, Friday, Saturday, Sunday
When: 01:00:00
Current Time: 2011-01-02 00:30:00
Valid Interval: 23:00:00-13:00:00
Valid days of month: 1, 2, 3, 4, 5, 6, 7, 8, 9, 10, 11, 12, 13, 14, 15, 16, 17, 18, 19, 20, 21, 22, 23, 24, 25, 26, 27, 28, 29, 30, 31
Valid weekdays: Monday, Tuesday, Wednesday, Thursday, Friday, Saturday, Sunday
When: 01:00:00
Current Time: 2011-01-01 02:00:00
Valid Interval: 23:00:00-13:00:00
Valid days of month: 1, 2, 3, 4, 5, 6, 7, 8, 9, 10, 11, 12, 13, 14, 15, 16, 17, 18, 19, 20, 21, 22, 23, 24, 25, 26, 27, 28, 29, 30, 31
Valid weekdays: Monday, Tuesday, Wednesday, Thursday, Friday, Saturday, Sunday
When: 01:00:00
Current Time: 2011-01-01 13:00:00
Valid Interval: 23:00:00-13:00:00
Valid days of month: 1, 2, 3, 4, 5, 6, 7, 8, 9, 10, 11, 12, 13, 14, 15, 16, 17, 18, 19, 20, 21, 22, 23, 24, 25, 26, 27, 28, 29, 30, 31
Valid weekdays: Monday, Tuesday, Wednesday, Thursday, Friday, Saturday, Sunday
When: 23:30:00
Current Time: 2011-01-01 16:00:00
Valid Interval: 23:00:00-13:00:00
Valid days of month: 1, 2, 3, 4, 5, 6, 7, 8, 9, 10, 11, 12, 13, 14, 15, 16, 17, 18, 19, 20, 21, 22, 23, 24, 25, 26, 27, 28, 29, 30, 31
Valid weekdays: Monday, Tuesday, Wednesday, Thursday, Friday, Saturday, Sunday
When: 23:30:00
Current Time: 2011-01-01 23:00:00
Valid Interval: 23:00:00-13:00:00
Valid days of month: 1, 2, 3, 4, 5, 6, 7, 8, 9, 10, 11, 12, 13, 14, 15, 16, 17, 18, 19, 20, 21, 22, 23, 24, 25, 26, 27, 28, 29, 30, 31
Valid weekdays: Monday, Tuesday, Wednesday, Thursday, Friday, Saturday, Sunday
When: 23:30:00
Current Time: 2011-01-01 23:30:00
Valid Interval: 23:00:00-13:00:00
Valid days of month: 1, 2, 3, 4, 5, 6, 7, 8, 9, 10, 11, 12, 13, 14, 15, 16, 17, 18, 19, 20, 21, 22, 23, 24, 25, 26, 27, 28, 29, 30, 31
Valid weekdays: Monday, Tuesday, Wednesday, Thursday, Friday, Saturday, Sunday
When: 23:30:00
Current Time: 2011-01-01 23:45:00
Valid Interval: 23:00:00-13:00:00
Valid days of month: 1, 2, 3, 4, 5, 6, 7, 8, 9, 10, 11, 12, 13, 14, 15, 16, 17, 18, 19, 20, 21, 22, 23, 24, 25, 26, 27, 28, 29, 30, 31
Valid weekdays: Monday, Tuesday, Wednesday, Thursday, Friday, Saturday, Sunday
When: 23:30:00
Current Time: 2011-01-02 00:30:00
Valid Interval: 23:00:00-13:00:00
Valid days of month: 1, 2, 3, 4, 5, 6, 7, 8, 9, 10, 11, 12, 13, 14, 15, 16, 17, 18, 19, 20, 21, 22, 23, 24, 25, 26, 27, 28, 29, 30, 31
Valid weekdays: Monday, Tuesday, Wednesday, Thursday, Friday, Saturday, Sunday
When: 23:30:00
Current Time: 2011-01-01 13:00:00
Valid Interval: 23:00:00-13:00:00
Valid days of month: 1, 2, 3, 4, 5, 6, 7, 8, 9, 10, 11, 12, 13, 14, 15, 16, 17, 18, 19, 20, 21, 22, 23, 24, 25, 26, 27, 28, 29, 30, 31
Valid weekdays: Monday, Tuesday, Wednesday, Thursday, Friday, Saturday, Sunday
When: 01:00:00
Current Time: 2011-01-01 16:00:00
Valid Interval: 23:00:00-13:00:00
Valid days of month: 1, 2, 3, 4, 5, 6, 7, 8, 9, 10, 11, 12, 13, 14, 15, 16, 17, 18, 19, 20, 21, 22, 23, 24, 25, 26, 27, 28, 29, 30, 31
Valid weekdays: Monday, Tuesday, Wednesday, Thursday, Friday, Saturday, Sunday
When: 01:00:00
Current Time: 2011-01-01 23:00:00
Valid Interval: 23:00:00-13:00:00
Valid days of month: 1, 2, 3, 4, 5, 6, 7, 8, 9, 10, 11, 12, 13, 14, 15, 16, 17, 18, 19, 20, 21, 22, 23, 24, 25, 26, 27, 28, 29, 30, 31
Valid weekdays: Monday, Tuesday, Wednesday, Thursday, Friday, Saturday, Sunday
When: 01:00:00
Current Time: 2011-01-01 23:30:00
Valid Interval: 23:00:00-13:00:00
Valid days of month: 1, 2, 3, 4, 5, 6, 7, 8, 9, 10, 11, 12, 13, 14, 15, 16, 17, 18, 19, 20, 21, 22, 23, 24, 25, 26, 27, 28, 29, 30, 31
Valid weekdays: Monday, Tuesday, Wednesday, Thursday, Friday, Saturday, Sunday
When: 01:00:00
Current Time: 2011-01-02 00:30:00
Valid Interval: 23:00:00-13:00:00
Valid days of month: 1, 2, 3, 4, 5, 6, 7, 8, 9, 10, 11, 12, 13, 14, 15, 16, 17, 18, 19, 20, 21, 22, 23, 24, 25, 26, 27, 28, 29, 30, 31
Valid weekdays: Monday, Tuesday, Wednesday, Thursday, Friday, Saturday, Sunday
When: 01:00:00
Current Time: 2011-01-02 02:00:00
Valid Interval: 23:00:00-13:00:00
Valid days of month: 1, 2, 3, 4, 5, 6, 7, 8, 9, 10, 11, 12, 13, 14, 15, 16, 17, 18, 19, 20, 21, 22, 23, 24, 25, 26, 27, 28, 29, 30, 31
Valid weekdays: Monday, Tuesday, Wednesday, Thursday, Friday, Saturday, Sunday
When: 01:00:00
Current Time: 2011-01-02 13:00:00
Valid Interval: 23:00:00-13:00:00
Valid days of month: 1, 2, 3, 4, 5, 6, 7, 8, 9, 10, 11, 12, 13, 14, 15, 16, 17, 18, 19, 20, 21, 22, 23, 24, 25, 26, 27, 28, 29, 30, 31
Valid weekdays: Monday, Tuesday, Wednesday, Thursday, Friday, Saturday, Sunday
When: 23:30:00
Current Time: 2011-01-01 23:30:05
Valid Interval: 23:00:00-13:00:00
Valid days of month: 1, 2, 3, 4, 5, 6, 7, 8, 9, 10, 11, 12, 13, 14, 15, 16, 17, 18, 19, 20, 21, 22, 23, 24, 25, 26, 27, 28, 29, 30, 31
Valid weekdays: Monday, Tuesday, Wednesday, Thursday, Friday, Saturday, Sunday
When: 23:30:00
Current Time: 2011-01-02 00:30:00
Valid Interval: 23:00:00-13:00:00
Valid days of month: 1, 2, 3, 4, 5, 6, 7, 8, 9, 10, 11, 12, 13, 14, 15, 16, 17, 18, 19, 20, 21, 22, 23, 24, 25, 26, 27, 28, 29, 30, 31
Valid weekdays: Monday, Tuesday, Wednesday, Thursday, Friday, Saturday, Sunday
When: 23:30:00
Current Time: 2011-01-02 13:00:00
Valid Interval: 23:00:00-13:00:00
Valid days of month: 1, 2, 3, 4, 5, 6, 7, 8, 9, 10, 11, 12, 13, 14, 15, 16, 17, 18, 19, 20, 21, 22, 23, 24, 25, 26, 27, 28, 29, 30, 31
Valid weekdays: Monday, Tuesday, Wednesday, Thursday, Friday, Saturday, Sunday
When: 01:00:00
Current Time: 2011-01-01 02:00:00
Valid Interval: 23:00:00-13:00:00
Valid days of month: 1, 2, 3, 4, 5, 6, 7, 8, 9, 10, 11, 12, 13, 14, 15, 16, 17, 18, 19, 20, 21, 22, 23, 24, 25, 26, 27, 28, 29, 30, 31
Valid weekdays: Monday, Tuesday, Wednesday, Thursday, Friday, Saturday, Sunday
When: 01:00:00
Current Time: 2011-01-02 02:00:00
Valid Interval: 13:00:00-16:00:00
Valid days of month: 1, 2, 3, 4, 5, 6, 7, 8, 9, 10, 11, 12, 13, 14, 15, 16, 17, 18, 19, 20, 21, 22, 23, 24, 25, 26, 27, 28, 29, 30, 31
Valid weekdays: Saturday, Sunday
When: 14:00:00
Current Time: 2007-01-01 12:00:00
Valid Interval: 13:00:00-16:00:00
Valid days of month: 1, 2, 3, 4, 5, 6, 7, 8, 9, 10, 11, 12, 13, 14, 15, 16, 17, 18, 19, 20, 21, 22, 23, 24, 25, 26, 27, 28, 29, 30, 31
Valid weekdays: Saturday, Sunday
When: 14:00:00
Current Time: 2007-01-02 13:30:00
Valid Interval: 13:00:00-16:00:00
Valid days of month: 1, 2, 3, 4, 5, 6, 7, 8, 9, 10, 11, 12, 13, 14, 15, 16, 17, 18, 19, 20, 21, 22, 23, 24, 25, 26, 27, 28, 29, 30, 31
Valid weekdays: Saturday, Sunday
When: 14:00:00
Current Time: 2007-01-06 13:30:00
Valid Interval: 13:00:00-16:00:00
Valid days of month: 1, 2, 3, 4, 5, 6, 7, 8, 9, 10, 11, 12, 13, 14, 15, 16, 17, 18, 19, 20, 21, 22, 23, 24, 25, 26, 27, 28, 29, 30, 31
Valid weekdays: Saturday, Sunday
When: 14:00:00
Current Time: 2007-01-06 14:30:00
Valid Interval: 13:00:00-16:00:00
Valid days of month: 1, 2, 3, 4, 5, 6, 7, 8, 9, 10, 11, 12, 13, 14, 15, 16, 17, 18, 19, 20, 21, 22, 23, 24, 25, 26, 27, 28, 29, 30, 31
Valid weekdays: Saturday, Sunday
When: 14:00:00
Current Time: 2007-01-06 16:30:00
Valid Interval: 13:00:00-16:00:00
Valid days of month: 1, 2, 3, 4, 5, 6, 7, 8, 9, 10, 11, 12, 13, 14, 15, 16, 17, 18, 19, 20, 21, 22, 23, 24, 25, 26, 27, 28, 29, 30, 31
Valid weekdays: Saturday, Sunday
When: 14:00:00
Current Time: 2007-01-07 16:00:00
Valid Interval: 23:00:00-02:00:00
Valid days of month: 1, 2, 3, 4, 5, 6, 7, 8, 9, 10, 11, 12, 13, 14, 15, 16, 17, 18, 19, 20, 21, 22, 23, 24, 25, 26, 27, 28, 29, 30, 31
Valid weekdays: Saturday, Sunday
When: 01:00:00
Current Time: 2007-01-01 12:00:00
Valid Interval: 23:00:00-02:00:00
Valid days of month: 1, 2, 3, 4, 5, 6, 7, 8, 9, 10, 11, 12, 13, 14, 15, 16, 17, 18, 19, 20, 21, 22, 23, 24, 25, 26, 27, 28, 29, 30, 31
Valid weekdays: Saturday, Sunday
When: 01:00:00
Current Time: 2007-01-02 01:00:00
Valid Interval: 23:00:00-02:00:00
Valid days of month: 1, 2, 3, 4, 5, 6, 7, 8, 9, 10, 11, 12, 13, 14, 15, 16, 17, 18, 19, 20, 21, 22, 23, 24, 25, 26, 27, 28, 29, 30, 31
Valid weekdays: Saturday, Sunday
When: 01:00:00
Current Time: 2007-01-06 00:30:00
Valid Interval: 23:00:00-02:00:00
Valid days of month: 1, 2, 3, 4, 5, 6, 7, 8, 9, 10, 11, 12, 13, 14, 15, 16, 17, 18, 19, 20, 21, 22, 23, 24, 25, 26, 27, 28, 29, 30, 31
Valid weekdays: Saturday, Sunday
When: 01:00:00
Current Time: 2007-01-06 01:30:00
Valid Interval: 23:00:00-02:00:00
Valid days of month: 1, 2, 3, 4, 5, 6, 7, 8, 9, 10, 11, 12, 13, 14, 15, 16, 17, 18, 19, 20, 21, 22, 23, 24, 25, 26, 27, 28, 29, 30, 31
Valid weekdays: Saturday, Sunday
When: 01:00:00
Current Time: 2007-01-06 02:30:00
Valid Interval: 23:00:00-02:00:00
Valid days of month: 1, 2, 3, 4, 5, 6, 7, 8, 9, 10, 11, 12, 13, 14, 15, 16, 17, 18, 19, 20, 21, 22, 23, 24, 25, 26, 27, 28, 29, 30, 31
Valid weekdays: Saturday, Sunday
When: 01:00:00
Current Time: 2007-01-07 02:00:00
Valid Interval: 23:00:00-02:00:00
Valid days of month: 1, 2, 3, 4, 5, 6, 7, 8, 9, 10, 11, 12, 13, 14, 15, 16, 17, 18, 19, 20, 21, 22, 23, 24, 25, 26, 27, 28, 29, 30, 31
Valid weekdays: Saturday, Sunday
When: 23:30:00
Current Time: 2007-01-01 12:00:00
Valid Interval: 23:00:00-02:00:00
Valid days of month: 1, 2, 3, 4, 5, 6, 7, 8, 9, 10, 11, 12, 13, 14, 15, 16, 17, 18, 19, 20, 21, 22, 23, 24, 25, 26, 27, 28, 29, 30, 31
Valid weekdays: Saturday, Sunday
When: 23:30:00
Current Time: 2007-01-05 23:30:00
Valid Interval: 23:00:00-02:00:00
Valid days of month: 1, 2, 3, 4, 5, 6, 7, 8, 9, 10, 11, 12, 13, 14, 15, 16, 17, 18, 19, 20, 21, 22, 23, 24, 25, 26, 27, 28, 29, 30, 31
Valid weekdays: Saturday, Sunday
When: 23:30:00
Current Time: 2007-01-06 23:00:00
Valid Interval: 23:00:00-02:00:00
Valid days of month: 1, 2, 3, 4, 5, 6, 7, 8, 9, 10, 11, 12, 13, 14, 15, 16, 17, 18, 19, 20, 21, 22, 23, 24, 25, 26, 27, 28, 29, 30, 31
Valid weekdays: Saturday, Sunday
When: 23:30:00
Current Time: 2007-01-06 02:00:00
Valid Interval: 23:00:00-02:00:00
Valid days of month: 1, 2, 3, 4, 5, 6, 7, 8, 9, 10, 11, 12, 13, 14, 15, 16, 17, 18, 19, 20, 21, 22, 23, 24, 25, 26, 27, 28, 29, 30, 31
Valid weekdays: Saturday, Sunday
When: 23:30:00
Current Time: 2007-01-07 23:40:00
Valid Interval: 23:00:00-02:00:00
Valid days of month: 1, 2, 3, 4, 5, 6, 7, 8, 9, 10, 11, 12, 13, 14, 15, 16, 17, 18, 19, 20, 21, 22, 23, 24, 25, 26, 27, 28, 29, 30, 31
Valid weekdays: Saturday, Sunday
When: 23:30:00
Current Time: 2007-01-07 01:00:00
Valid Interval: 13:00:00-16:00:00
Valid days of month: 1, 2, 3, 4, 5, 6, 7, 8, 9, 10, 11, 12, 13, 14, 15, 16, 17, 18, 19, 20, 21, 22, 23, 24, 25, 26, 27, 28, 29, 30, 31
Valid weekdays: Saturday, Sunday
When: 14:00:00
Current Time: 2007-01-01 12:00:00
Valid Interval: 13:00:00-16:00:00
Valid days of month: 1, 2, 3, 4, 5, 6, 7, 8, 9, 10, 11, 12, 13, 14, 15, 16, 17, 18, 19, 20, 21, 22, 23, 24, 25, 26, 27, 28, 29, 30, 31
Valid weekdays: Saturday, Sunday
When: 14:00:00
Current Time: 2007-01-02 13:30:00
Valid Interval: 13:00:00-16:00:00
Valid days of month: 1, 2, 3, 4, 5, 6, 7, 8, 9, 10, 11, 12, 13, 14, 15, 16, 17, 18, 19, 20, 21, 22, 23, 24, 25, 26, 27, 28, 29, 30, 31
Valid weekdays: Saturday, Sunday
When: 14:00:00
Current Time: 2007-01-06 13:30:00
Valid Interval: 13:00:00-16:00:00
Valid days of month: 1, 2, 3, 4, 5, 6, 7, 8, 9, 10, 11, 12, 13, 14, 15, 16, 17, 18, 19, 20, 21, 22, 23, 24, 25, 26, 27, 28, 29, 30, 31
Valid weekdays: Saturday, Sunday
When: 14:00:00
Current Time: 2007-01-06 14:30:00
Valid Interval: 13:00:00-16:00:00
Valid days of month: 1, 2, 3, 4, 5, 6, 7, 8, 9, 10, 11, 12, 13, 14, 15, 16, 17, 18, 19, 20, 21, 22, 23, 24, 25, 26, 27, 28, 29, 30, 31
Valid weekdays: Saturday, Sunday
When: 14:00:00
Current Time: 2007-01-06 16:30:00
Valid Interval: 13:00:00-16:00:00
Valid days of month: 1, 2, 3, 4, 5, 6, 7, 8, 9, 10, 11, 12, 13, 14, 15, 16, 17, 18, 19, 20, 21, 22, 23, 24, 25, 26, 27, 28, 29, 30, 31
Valid weekdays: Saturday, Sunday
When: 14:00:00
Current Time: 2007-01-07 16:00:00
Valid Interval: 23:00:00-02:00:00
Valid days of month: 1, 2, 3, 4, 5, 6, 7, 8, 9, 10, 11, 12, 13, 14, 15, 16, 17, 18, 19, 20, 21, 22, 23, 24, 25, 26, 27, 28, 29, 30, 31
Valid weekdays: Saturday, Sunday
When: 01:00:00
Current Time: 2007-01-01 12:00:00
Valid Interval: 23:00:00-02:00:00
Valid days of month: 1, 2, 3, 4, 5, 6, 7, 8, 9, 10, 11, 12, 13, 14, 15, 16, 17, 18, 19, 20, 21, 22, 23, 24, 25, 26, 27, 28, 29, 30, 31
Valid weekdays: Saturday, Sunday
When: 01:00:00
Current Time: 2007-01-02 01:00:00
Valid Interval: 23:00:00-02:00:00
Valid days of month: 1, 2, 3, 4, 5, 6, 7, 8, 9, 10, 11, 12, 13, 14, 15, 16, 17, 18, 19, 20, 21, 22, 23, 24, 25, 26, 27, 28, 29, 30, 31
Valid weekdays: Saturday, Sunday
When: 01:00:00
Current Time: 2007-01-06 00:30:00
Valid Interval: 23:00:00-02:00:00
Valid days of month: 1, 2, 3, 4, 5, 6, 7, 8, 9, 10, 11, 12, 13, 14, 15, 16, 17, 18, 19, 20, 21, 22, 23, 24, 25, 26, 27, 28, 29, 30, 31
Valid weekdays: Saturday, Sunday
When: 01:00:00
Current Time: 2007-01-06 02:30:00
Valid Interval: 23:00:00-02:00:00
Valid days of month: 1, 2, 3, 4, 5, 6, 7, 8, 9, 10, 11, 12, 13, 14, 15, 16, 17, 18, 19, 20, 21, 22, 23, 24, 25, 26, 27, 28, 29, 30, 31
Valid weekdays: Saturday, Sunday
When: 23:30:00
Current Time: 2007-01-01 12:00:00
Valid Interval: 23:00:00-02:00:00
Valid days of month: 1, 2, 3, 4, 5, 6, 7, 8, 9, 10, 11, 12, 13, 14, 15, 16, 17, 18, 19, 20, 21, 22, 23, 24, 25, 26, 27, 28, 29, 30, 31
Valid weekdays: Saturday, Sunday
When: 23:30:00
Current Time: 2007-01-05 23:30:00
Valid Interval: 23:00:00-02:00:00
Valid days of month: 1, 2, 3, 4, 5, 6, 7, 8, 9, 10, 11, 12, 13, 14, 15, 16, 17, 18, 19, 20, 21, 22, 23, 24, 25, 26, 27, 28, 29, 30, 31
Valid weekdays: Saturday, Sunday
When: 23:30:00
Current Time: 2007-01-06 23:00:00
Valid Interval: 23:00:00-02:00:00
Valid days of month: 1, 2, 3, 4, 5, 6, 7, 8, 9, 10, 11, 12, 13, 14, 15, 16, 17, 18, 19, 20, 21, 22, 23, 24, 25, 26, 27, 28, 29, 30, 31
Valid weekdays: Saturday, Sunday
When: 23:30:00
Current Time: 2007-01-06 02:00:00
Valid Interval: 23:00:00-02:00:00
Valid days of month: 1, 2, 3, 4, 5, 6, 7, 8, 9, 10, 11, 12, 13, 14, 15, 16, 17, 18, 19, 20, 21, 22, 23, 24, 25, 26, 27, 28, 29, 30, 31
Valid weekdays: Saturday, Sunday
When: 23:30:00
Current Time: 2007-01-07 23:40:00
Valid Interval: 23:00:00-02:00:00
Valid days of month: 1, 2, 3, 4, 5, 6, 7, 8, 9, 10, 11, 12, 13, 14, 15, 16, 17, 18, 19, 20, 21, 22, 23, 24, 25, 26, 27, 28, 29, 30, 31
Valid weekdays: Saturday, Sunday
When: 23:30:00
Current Time: 2007-01-07 01:00:00
Valid Interval: 13:00:00-16:00:00
Valid days of month: 1, 2, 3, 4, 5, 6, 7, 8, 9, 10, 11, 12, 13, 14, 15, 16, 17, 18, 19, 20, 21, 22, 23, 24, 25, 26, 27, 28, 29, 30, 31
Valid weekdays: Saturday, Sunday
When: 14:00:00
Current Time: 2007-01-06 14:30:00
Valid Interval: 13:00:00-16:00:00
Valid days of month: 1, 2, 3, 4, 5, 6, 7, 8, 9, 10, 11, 12, 13, 14, 15, 16, 17, 18, 19, 20, 21, 22, 23, 24, 25, 26, 27, 28, 29, 30, 31
Valid weekdays: Saturday, Sunday
When: 14:00:00
Current Time: 2007-01-07 15:00:00
Valid Interval: 23:00:00-02:00:00
Valid days of month: 1, 2, 3, 4, 5, 6, 7, 8, 9, 10, 11, 12, 13, 14, 15, 16, 17, 18, 19, 20, 21, 22, 23, 24, 25, 26, 27, 28, 29, 30, 31
Valid weekdays: Saturday, Sunday
When: 01:00:00
Current Time: 2007-01-06 01:30:00
Valid Interval: 23:00:00-02:00:00
Valid days of month: 1, 2, 3, 4, 5, 6, 7, 8, 9, 10, 11, 12, 13, 14, 15, 16, 17, 18, 19, 20, 21, 22, 23, 24, 25, 26, 27, 28, 29, 30, 31
Valid weekdays: Saturday, Sunday
When: 01:00:00
Current Time: 2007-01-07 01:30:00
Valid Interval: 23:00:00-02:00:00
Valid days of month: 1, 2, 3, 4, 5, 6, 7, 8, 9, 10, 11, 12, 13, 14, 15, 16, 17, 18, 19, 20, 21, 22, 23, 24, 25, 26, 27, 28, 29, 30, 31
Valid weekdays: Saturday, Sunday
When: 23:30:00
Current Time: 2007-01-06 23:02:00
Valid Interval: 23:00:00-02:00:00
Valid days of month: 1, 2, 3, 4, 5, 6, 7, 8, 9, 10, 11, 12, 13, 14, 15, 16, 17, 18, 19, 20, 21, 22, 23, 24, 25, 26, 27, 28, 29, 30, 31
Valid weekdays: Saturday, Sunday
When: 23:30:00
Current Time: 2007-01-06 01:10:00
Valid Interval: 23:00:00-02:00:00
Valid days of month: 1, 2, 3, 4, 5, 6, 7, 8, 9, 10, 11, 12, 13, 14, 15, 16, 17, 18, 19, 20, 21, 22, 23, 24, 25, 26, 27, 28, 29, 30, 31
Valid weekdays: Saturday, Sunday
When: 23:30:00
Current Time: 2007-01-07 01:00:40
Valid Interval: 23:00:00-02:00:00
Valid days of month: 2
Valid weekdays: Saturday, Sunday
When: 23:30:00
Current Time: 2007-01-01 12:00:00
Valid Interval: 23:00:00-02:00:00
Valid days of month: 1, 2
Valid weekdays: Saturday, Sunday
When: 23:30:00
Current Time: 2007-01-05 23:30:00
Valid Interval: 23:00:00-02:00:00
Valid days of month: 1, 2
Valid weekdays: Saturday, Sunday
When: 23:30:00
Current Time: 2007-01-06 23:00:00</StdOut>
      </Output>
    </UnitTestResult>
    <UnitTestResult executionId="3ac10707-f721-4fba-9a86-515b7111d416" testId="1556411f-e013-4ef2-8e3a-c86b731dca7b" testName="GetNextTimeToTrigger_AbsoluteTimer_ReturnsCorrectTime (Data Row 31)" computerName="ICSWS068" duration="00:00:00.0037081" startTime="2016-08-04T07:57:22.7606978+02:00" endTime="2016-08-04T07:57:22.7646701+02:00" testType="13cdc9d9-ddb5-4fa4-a97d-d965ccfc6d4b" outcome="Passed" testListId="8c84fa94-04c1-424b-9868-57a2d4851a1d" relativeResultsDirectory="3ac10707-f721-4fba-9a86-515b7111d416">
      <Output>
        <StdOut>TestContext Messages:
Valid Interval: 11:00:00-13:00:00
Valid days of month: 1, 2, 3, 4, 5, 6, 7, 8, 9, 10, 11, 12, 13, 14, 15, 16, 17, 18, 19, 20, 21, 22, 23, 24, 25, 26, 27, 28, 29, 30, 31
Valid weekdays: Monday, Tuesday, Wednesday, Thursday, Friday, Saturday, Sunday
When: 12:00:00
Current Time: 2011-01-01 00:00:00
Valid Interval: 11:00:00-13:00:00
Valid days of month: 1, 2, 3, 4, 5, 6, 7, 8, 9, 10, 11, 12, 13, 14, 15, 16, 17, 18, 19, 20, 21, 22, 23, 24, 25, 26, 27, 28, 29, 30, 31
Valid weekdays: Monday, Tuesday, Wednesday, Thursday, Friday, Saturday, Sunday
When: 12:00:00
Current Time: 2011-01-01 09:00:00
Valid Interval: 11:00:00-13:00:00
Valid days of month: 1, 2, 3, 4, 5, 6, 7, 8, 9, 10, 11, 12, 13, 14, 15, 16, 17, 18, 19, 20, 21, 22, 23, 24, 25, 26, 27, 28, 29, 30, 31
Valid weekdays: Monday, Tuesday, Wednesday, Thursday, Friday, Saturday, Sunday
When: 12:00:00
Current Time: 2011-01-01 11:00:00
Valid Interval: 11:00:00-13:00:00
Valid days of month: 1, 2, 3, 4, 5, 6, 7, 8, 9, 10, 11, 12, 13, 14, 15, 16, 17, 18, 19, 20, 21, 22, 23, 24, 25, 26, 27, 28, 29, 30, 31
Valid weekdays: Monday, Tuesday, Wednesday, Thursday, Friday, Saturday, Sunday
When: 12:00:00
Current Time: 2011-01-01 12:00:00
Valid Interval: 11:00:00-13:00:00
Valid days of month: 1, 2, 3, 4, 5, 6, 7, 8, 9, 10, 11, 12, 13, 14, 15, 16, 17, 18, 19, 20, 21, 22, 23, 24, 25, 26, 27, 28, 29, 30, 31
Valid weekdays: Monday, Tuesday, Wednesday, Thursday, Friday, Saturday, Sunday
When: 12:00:00
Current Time: 2011-01-01 12:30:00
Valid Interval: 11:00:00-13:00:00
Valid days of month: 1, 2, 3, 4, 5, 6, 7, 8, 9, 10, 11, 12, 13, 14, 15, 16, 17, 18, 19, 20, 21, 22, 23, 24, 25, 26, 27, 28, 29, 30, 31
Valid weekdays: Monday, Tuesday, Wednesday, Thursday, Friday, Saturday, Sunday
When: 12:00:00
Current Time: 2011-01-01 13:00:00
Valid Interval: 11:00:00-13:00:00
Valid days of month: 1, 2, 3, 4, 5, 6, 7, 8, 9, 10, 11, 12, 13, 14, 15, 16, 17, 18, 19, 20, 21, 22, 23, 24, 25, 26, 27, 28, 29, 30, 31
Valid weekdays: Monday, Tuesday, Wednesday, Thursday, Friday, Saturday, Sunday
When: 12:00:00
Current Time: 2011-01-02 00:00:00
Valid Interval: 11:00:00-13:00:00
Valid days of month: 1, 2, 3, 4, 5, 6, 7, 8, 9, 10, 11, 12, 13, 14, 15, 16, 17, 18, 19, 20, 21, 22, 23, 24, 25, 26, 27, 28, 29, 30, 31
Valid weekdays: Monday, Tuesday, Wednesday, Thursday, Friday, Saturday, Sunday
When: 12:00:00
Current Time: 2011-01-02 09:00:00
Valid Interval: 11:00:00-13:00:00
Valid days of month: 1, 2, 3, 4, 5, 6, 7, 8, 9, 10, 11, 12, 13, 14, 15, 16, 17, 18, 19, 20, 21, 22, 23, 24, 25, 26, 27, 28, 29, 30, 31
Valid weekdays: Monday, Tuesday, Wednesday, Thursday, Friday, Saturday, Sunday
When: 12:00:00
Current Time: 2011-01-02 12:00:00
Valid Interval: 11:00:00-13:00:00
Valid days of month: 1, 2, 3, 4, 5, 6, 7, 8, 9, 10, 11, 12, 13, 14, 15, 16, 17, 18, 19, 20, 21, 22, 23, 24, 25, 26, 27, 28, 29, 30, 31
Valid weekdays: Monday, Tuesday, Wednesday, Thursday, Friday, Saturday, Sunday
When: 12:00:00
Current Time: 2011-01-02 12:45:30
Valid Interval: 11:00:00-13:00:00
Valid days of month: 1, 2, 3, 4, 5, 6, 7, 8, 9, 10, 11, 12, 13, 14, 15, 16, 17, 18, 19, 20, 21, 22, 23, 24, 25, 26, 27, 28, 29, 30, 31
Valid weekdays: Monday, Tuesday, Wednesday, Thursday, Friday, Saturday, Sunday
When: 12:00:00
Current Time: 2011-01-02 13:00:00
Valid Interval: 11:00:00-13:00:00
Valid days of month: 1, 2, 3, 4, 5, 6, 7, 8, 9, 10, 11, 12, 13, 14, 15, 16, 17, 18, 19, 20, 21, 22, 23, 24, 25, 26, 27, 28, 29, 30, 31
Valid weekdays: Monday, Tuesday, Wednesday, Thursday, Friday, Saturday, Sunday
When: 12:00:00
Current Time: 2011-01-01 12:00:00
Valid Interval: 11:00:00-13:00:00
Valid days of month: 1, 2, 3, 4, 5, 6, 7, 8, 9, 10, 11, 12, 13, 14, 15, 16, 17, 18, 19, 20, 21, 22, 23, 24, 25, 26, 27, 28, 29, 30, 31
Valid weekdays: Monday, Tuesday, Wednesday, Thursday, Friday, Saturday, Sunday
When: 12:00:00
Current Time: 2011-01-01 12:30:00
Valid Interval: 11:00:00-13:00:00
Valid days of month: 1, 2, 3, 4, 5, 6, 7, 8, 9, 10, 11, 12, 13, 14, 15, 16, 17, 18, 19, 20, 21, 22, 23, 24, 25, 26, 27, 28, 29, 30, 31
Valid weekdays: Monday, Tuesday, Wednesday, Thursday, Friday, Saturday, Sunday
When: 12:00:00
Current Time: 2011-01-01 12:30:00
Valid Interval: 11:00:00-13:00:00
Valid days of month: 1, 2, 3, 4, 5, 6, 7, 8, 9, 10, 11, 12, 13, 14, 15, 16, 17, 18, 19, 20, 21, 22, 23, 24, 25, 26, 27, 28, 29, 30, 31
Valid weekdays: Monday, Tuesday, Wednesday, Thursday, Friday, Saturday, Sunday
When: 12:00:00
Current Time: 2011-01-01 13:00:00
Valid Interval: 11:00:00-13:00:00
Valid days of month: 1, 2, 3, 4, 5, 6, 7, 8, 9, 10, 11, 12, 13, 14, 15, 16, 17, 18, 19, 20, 21, 22, 23, 24, 25, 26, 27, 28, 29, 30, 31
Valid weekdays: Monday, Tuesday, Wednesday, Thursday, Friday, Saturday, Sunday
When: 12:00:00
Current Time: 2011-01-01 14:30:00
Valid Interval: 23:00:00-13:00:00
Valid days of month: 1, 2, 3, 4, 5, 6, 7, 8, 9, 10, 11, 12, 13, 14, 15, 16, 17, 18, 19, 20, 21, 22, 23, 24, 25, 26, 27, 28, 29, 30, 31
Valid weekdays: Monday, Tuesday, Wednesday, Thursday, Friday, Saturday, Sunday
When: 23:30:00
Current Time: 2011-01-01 16:00:00
Valid Interval: 23:00:00-13:00:00
Valid days of month: 1, 2, 3, 4, 5, 6, 7, 8, 9, 10, 11, 12, 13, 14, 15, 16, 17, 18, 19, 20, 21, 22, 23, 24, 25, 26, 27, 28, 29, 30, 31
Valid weekdays: Monday, Tuesday, Wednesday, Thursday, Friday, Saturday, Sunday
When: 23:30:00
Current Time: 2011-01-01 23:00:00
Valid Interval: 23:00:00-13:00:00
Valid days of month: 1, 2, 3, 4, 5, 6, 7, 8, 9, 10, 11, 12, 13, 14, 15, 16, 17, 18, 19, 20, 21, 22, 23, 24, 25, 26, 27, 28, 29, 30, 31
Valid weekdays: Monday, Tuesday, Wednesday, Thursday, Friday, Saturday, Sunday
When: 23:30:00
Current Time: 2011-01-01 23:30:00
Valid Interval: 23:00:00-13:00:00
Valid days of month: 1, 2, 3, 4, 5, 6, 7, 8, 9, 10, 11, 12, 13, 14, 15, 16, 17, 18, 19, 20, 21, 22, 23, 24, 25, 26, 27, 28, 29, 30, 31
Valid weekdays: Monday, Tuesday, Wednesday, Thursday, Friday, Saturday, Sunday
When: 23:30:00
Current Time: 2011-01-01 23:45:00
Valid Interval: 23:00:00-13:00:00
Valid days of month: 1, 2, 3, 4, 5, 6, 7, 8, 9, 10, 11, 12, 13, 14, 15, 16, 17, 18, 19, 20, 21, 22, 23, 24, 25, 26, 27, 28, 29, 30, 31
Valid weekdays: Monday, Tuesday, Wednesday, Thursday, Friday, Saturday, Sunday
When: 23:30:00
Current Time: 2011-01-02 00:30:00
Valid Interval: 23:00:00-13:00:00
Valid days of month: 1, 2, 3, 4, 5, 6, 7, 8, 9, 10, 11, 12, 13, 14, 15, 16, 17, 18, 19, 20, 21, 22, 23, 24, 25, 26, 27, 28, 29, 30, 31
Valid weekdays: Monday, Tuesday, Wednesday, Thursday, Friday, Saturday, Sunday
When: 23:30:00
Current Time: 2011-01-01 13:00:00
Valid Interval: 23:00:00-13:00:00
Valid days of month: 1, 2, 3, 4, 5, 6, 7, 8, 9, 10, 11, 12, 13, 14, 15, 16, 17, 18, 19, 20, 21, 22, 23, 24, 25, 26, 27, 28, 29, 30, 31
Valid weekdays: Monday, Tuesday, Wednesday, Thursday, Friday, Saturday, Sunday
When: 01:00:00
Current Time: 2011-01-01 16:00:00
Valid Interval: 23:00:00-13:00:00
Valid days of month: 1, 2, 3, 4, 5, 6, 7, 8, 9, 10, 11, 12, 13, 14, 15, 16, 17, 18, 19, 20, 21, 22, 23, 24, 25, 26, 27, 28, 29, 30, 31
Valid weekdays: Monday, Tuesday, Wednesday, Thursday, Friday, Saturday, Sunday
When: 01:00:00
Current Time: 2011-01-01 23:00:00
Valid Interval: 23:00:00-13:00:00
Valid days of month: 1, 2, 3, 4, 5, 6, 7, 8, 9, 10, 11, 12, 13, 14, 15, 16, 17, 18, 19, 20, 21, 22, 23, 24, 25, 26, 27, 28, 29, 30, 31
Valid weekdays: Monday, Tuesday, Wednesday, Thursday, Friday, Saturday, Sunday
When: 01:00:00
Current Time: 2011-01-01 23:30:00
Valid Interval: 23:00:00-13:00:00
Valid days of month: 1, 2, 3, 4, 5, 6, 7, 8, 9, 10, 11, 12, 13, 14, 15, 16, 17, 18, 19, 20, 21, 22, 23, 24, 25, 26, 27, 28, 29, 30, 31
Valid weekdays: Monday, Tuesday, Wednesday, Thursday, Friday, Saturday, Sunday
When: 01:00:00
Current Time: 2011-01-02 00:30:00
Valid Interval: 23:00:00-13:00:00
Valid days of month: 1, 2, 3, 4, 5, 6, 7, 8, 9, 10, 11, 12, 13, 14, 15, 16, 17, 18, 19, 20, 21, 22, 23, 24, 25, 26, 27, 28, 29, 30, 31
Valid weekdays: Monday, Tuesday, Wednesday, Thursday, Friday, Saturday, Sunday
When: 01:00:00
Current Time: 2011-01-01 02:00:00
Valid Interval: 23:00:00-13:00:00
Valid days of month: 1, 2, 3, 4, 5, 6, 7, 8, 9, 10, 11, 12, 13, 14, 15, 16, 17, 18, 19, 20, 21, 22, 23, 24, 25, 26, 27, 28, 29, 30, 31
Valid weekdays: Monday, Tuesday, Wednesday, Thursday, Friday, Saturday, Sunday
When: 01:00:00
Current Time: 2011-01-01 13:00:00
Valid Interval: 23:00:00-13:00:00
Valid days of month: 1, 2, 3, 4, 5, 6, 7, 8, 9, 10, 11, 12, 13, 14, 15, 16, 17, 18, 19, 20, 21, 22, 23, 24, 25, 26, 27, 28, 29, 30, 31
Valid weekdays: Monday, Tuesday, Wednesday, Thursday, Friday, Saturday, Sunday
When: 23:30:00
Current Time: 2011-01-01 16:00:00
Valid Interval: 23:00:00-13:00:00
Valid days of month: 1, 2, 3, 4, 5, 6, 7, 8, 9, 10, 11, 12, 13, 14, 15, 16, 17, 18, 19, 20, 21, 22, 23, 24, 25, 26, 27, 28, 29, 30, 31
Valid weekdays: Monday, Tuesday, Wednesday, Thursday, Friday, Saturday, Sunday
When: 23:30:00
Current Time: 2011-01-01 23:00:00
Valid Interval: 23:00:00-13:00:00
Valid days of month: 1, 2, 3, 4, 5, 6, 7, 8, 9, 10, 11, 12, 13, 14, 15, 16, 17, 18, 19, 20, 21, 22, 23, 24, 25, 26, 27, 28, 29, 30, 31
Valid weekdays: Monday, Tuesday, Wednesday, Thursday, Friday, Saturday, Sunday
When: 23:30:00
Current Time: 2011-01-01 23:30:00
Valid Interval: 23:00:00-13:00:00
Valid days of month: 1, 2, 3, 4, 5, 6, 7, 8, 9, 10, 11, 12, 13, 14, 15, 16, 17, 18, 19, 20, 21, 22, 23, 24, 25, 26, 27, 28, 29, 30, 31
Valid weekdays: Monday, Tuesday, Wednesday, Thursday, Friday, Saturday, Sunday
When: 23:30:00
Current Time: 2011-01-01 23:45:00
Valid Interval: 23:00:00-13:00:00
Valid days of month: 1, 2, 3, 4, 5, 6, 7, 8, 9, 10, 11, 12, 13, 14, 15, 16, 17, 18, 19, 20, 21, 22, 23, 24, 25, 26, 27, 28, 29, 30, 31
Valid weekdays: Monday, Tuesday, Wednesday, Thursday, Friday, Saturday, Sunday
When: 23:30:00
Current Time: 2011-01-02 00:30:00
Valid Interval: 23:00:00-13:00:00
Valid days of month: 1, 2, 3, 4, 5, 6, 7, 8, 9, 10, 11, 12, 13, 14, 15, 16, 17, 18, 19, 20, 21, 22, 23, 24, 25, 26, 27, 28, 29, 30, 31
Valid weekdays: Monday, Tuesday, Wednesday, Thursday, Friday, Saturday, Sunday
When: 23:30:00
Current Time: 2011-01-01 13:00:00
Valid Interval: 23:00:00-13:00:00
Valid days of month: 1, 2, 3, 4, 5, 6, 7, 8, 9, 10, 11, 12, 13, 14, 15, 16, 17, 18, 19, 20, 21, 22, 23, 24, 25, 26, 27, 28, 29, 30, 31
Valid weekdays: Monday, Tuesday, Wednesday, Thursday, Friday, Saturday, Sunday
When: 01:00:00
Current Time: 2011-01-01 16:00:00
Valid Interval: 23:00:00-13:00:00
Valid days of month: 1, 2, 3, 4, 5, 6, 7, 8, 9, 10, 11, 12, 13, 14, 15, 16, 17, 18, 19, 20, 21, 22, 23, 24, 25, 26, 27, 28, 29, 30, 31
Valid weekdays: Monday, Tuesday, Wednesday, Thursday, Friday, Saturday, Sunday
When: 01:00:00
Current Time: 2011-01-01 23:00:00
Valid Interval: 23:00:00-13:00:00
Valid days of month: 1, 2, 3, 4, 5, 6, 7, 8, 9, 10, 11, 12, 13, 14, 15, 16, 17, 18, 19, 20, 21, 22, 23, 24, 25, 26, 27, 28, 29, 30, 31
Valid weekdays: Monday, Tuesday, Wednesday, Thursday, Friday, Saturday, Sunday
When: 01:00:00
Current Time: 2011-01-01 23:30:00
Valid Interval: 23:00:00-13:00:00
Valid days of month: 1, 2, 3, 4, 5, 6, 7, 8, 9, 10, 11, 12, 13, 14, 15, 16, 17, 18, 19, 20, 21, 22, 23, 24, 25, 26, 27, 28, 29, 30, 31
Valid weekdays: Monday, Tuesday, Wednesday, Thursday, Friday, Saturday, Sunday
When: 01:00:00
Current Time: 2011-01-02 00:30:00
Valid Interval: 23:00:00-13:00:00
Valid days of month: 1, 2, 3, 4, 5, 6, 7, 8, 9, 10, 11, 12, 13, 14, 15, 16, 17, 18, 19, 20, 21, 22, 23, 24, 25, 26, 27, 28, 29, 30, 31
Valid weekdays: Monday, Tuesday, Wednesday, Thursday, Friday, Saturday, Sunday
When: 01:00:00
Current Time: 2011-01-02 02:00:00
Valid Interval: 23:00:00-13:00:00
Valid days of month: 1, 2, 3, 4, 5, 6, 7, 8, 9, 10, 11, 12, 13, 14, 15, 16, 17, 18, 19, 20, 21, 22, 23, 24, 25, 26, 27, 28, 29, 30, 31
Valid weekdays: Monday, Tuesday, Wednesday, Thursday, Friday, Saturday, Sunday
When: 01:00:00
Current Time: 2011-01-02 13:00:00
Valid Interval: 23:00:00-13:00:00
Valid days of month: 1, 2, 3, 4, 5, 6, 7, 8, 9, 10, 11, 12, 13, 14, 15, 16, 17, 18, 19, 20, 21, 22, 23, 24, 25, 26, 27, 28, 29, 30, 31
Valid weekdays: Monday, Tuesday, Wednesday, Thursday, Friday, Saturday, Sunday
When: 23:30:00
Current Time: 2011-01-01 23:30:05
Valid Interval: 23:00:00-13:00:00
Valid days of month: 1, 2, 3, 4, 5, 6, 7, 8, 9, 10, 11, 12, 13, 14, 15, 16, 17, 18, 19, 20, 21, 22, 23, 24, 25, 26, 27, 28, 29, 30, 31
Valid weekdays: Monday, Tuesday, Wednesday, Thursday, Friday, Saturday, Sunday
When: 23:30:00
Current Time: 2011-01-02 00:30:00
Valid Interval: 23:00:00-13:00:00
Valid days of month: 1, 2, 3, 4, 5, 6, 7, 8, 9, 10, 11, 12, 13, 14, 15, 16, 17, 18, 19, 20, 21, 22, 23, 24, 25, 26, 27, 28, 29, 30, 31
Valid weekdays: Monday, Tuesday, Wednesday, Thursday, Friday, Saturday, Sunday
When: 23:30:00
Current Time: 2011-01-02 13:00:00
Valid Interval: 23:00:00-13:00:00
Valid days of month: 1, 2, 3, 4, 5, 6, 7, 8, 9, 10, 11, 12, 13, 14, 15, 16, 17, 18, 19, 20, 21, 22, 23, 24, 25, 26, 27, 28, 29, 30, 31
Valid weekdays: Monday, Tuesday, Wednesday, Thursday, Friday, Saturday, Sunday
When: 01:00:00
Current Time: 2011-01-01 02:00:00
Valid Interval: 23:00:00-13:00:00
Valid days of month: 1, 2, 3, 4, 5, 6, 7, 8, 9, 10, 11, 12, 13, 14, 15, 16, 17, 18, 19, 20, 21, 22, 23, 24, 25, 26, 27, 28, 29, 30, 31
Valid weekdays: Monday, Tuesday, Wednesday, Thursday, Friday, Saturday, Sunday
When: 01:00:00
Current Time: 2011-01-02 02:00:00
Valid Interval: 13:00:00-16:00:00
Valid days of month: 1, 2, 3, 4, 5, 6, 7, 8, 9, 10, 11, 12, 13, 14, 15, 16, 17, 18, 19, 20, 21, 22, 23, 24, 25, 26, 27, 28, 29, 30, 31
Valid weekdays: Saturday, Sunday
When: 14:00:00
Current Time: 2007-01-01 12:00:00
Valid Interval: 13:00:00-16:00:00
Valid days of month: 1, 2, 3, 4, 5, 6, 7, 8, 9, 10, 11, 12, 13, 14, 15, 16, 17, 18, 19, 20, 21, 22, 23, 24, 25, 26, 27, 28, 29, 30, 31
Valid weekdays: Saturday, Sunday
When: 14:00:00
Current Time: 2007-01-02 13:30:00
Valid Interval: 13:00:00-16:00:00
Valid days of month: 1, 2, 3, 4, 5, 6, 7, 8, 9, 10, 11, 12, 13, 14, 15, 16, 17, 18, 19, 20, 21, 22, 23, 24, 25, 26, 27, 28, 29, 30, 31
Valid weekdays: Saturday, Sunday
When: 14:00:00
Current Time: 2007-01-06 13:30:00
Valid Interval: 13:00:00-16:00:00
Valid days of month: 1, 2, 3, 4, 5, 6, 7, 8, 9, 10, 11, 12, 13, 14, 15, 16, 17, 18, 19, 20, 21, 22, 23, 24, 25, 26, 27, 28, 29, 30, 31
Valid weekdays: Saturday, Sunday
When: 14:00:00
Current Time: 2007-01-06 14:30:00
Valid Interval: 13:00:00-16:00:00
Valid days of month: 1, 2, 3, 4, 5, 6, 7, 8, 9, 10, 11, 12, 13, 14, 15, 16, 17, 18, 19, 20, 21, 22, 23, 24, 25, 26, 27, 28, 29, 30, 31
Valid weekdays: Saturday, Sunday
When: 14:00:00
Current Time: 2007-01-06 16:30:00
Valid Interval: 13:00:00-16:00:00
Valid days of month: 1, 2, 3, 4, 5, 6, 7, 8, 9, 10, 11, 12, 13, 14, 15, 16, 17, 18, 19, 20, 21, 22, 23, 24, 25, 26, 27, 28, 29, 30, 31
Valid weekdays: Saturday, Sunday
When: 14:00:00
Current Time: 2007-01-07 16:00:00
Valid Interval: 23:00:00-02:00:00
Valid days of month: 1, 2, 3, 4, 5, 6, 7, 8, 9, 10, 11, 12, 13, 14, 15, 16, 17, 18, 19, 20, 21, 22, 23, 24, 25, 26, 27, 28, 29, 30, 31
Valid weekdays: Saturday, Sunday
When: 01:00:00
Current Time: 2007-01-01 12:00:00
Valid Interval: 23:00:00-02:00:00
Valid days of month: 1, 2, 3, 4, 5, 6, 7, 8, 9, 10, 11, 12, 13, 14, 15, 16, 17, 18, 19, 20, 21, 22, 23, 24, 25, 26, 27, 28, 29, 30, 31
Valid weekdays: Saturday, Sunday
When: 01:00:00
Current Time: 2007-01-02 01:00:00
Valid Interval: 23:00:00-02:00:00
Valid days of month: 1, 2, 3, 4, 5, 6, 7, 8, 9, 10, 11, 12, 13, 14, 15, 16, 17, 18, 19, 20, 21, 22, 23, 24, 25, 26, 27, 28, 29, 30, 31
Valid weekdays: Saturday, Sunday
When: 01:00:00
Current Time: 2007-01-06 00:30:00
Valid Interval: 23:00:00-02:00:00
Valid days of month: 1, 2, 3, 4, 5, 6, 7, 8, 9, 10, 11, 12, 13, 14, 15, 16, 17, 18, 19, 20, 21, 22, 23, 24, 25, 26, 27, 28, 29, 30, 31
Valid weekdays: Saturday, Sunday
When: 01:00:00
Current Time: 2007-01-06 01:30:00
Valid Interval: 23:00:00-02:00:00
Valid days of month: 1, 2, 3, 4, 5, 6, 7, 8, 9, 10, 11, 12, 13, 14, 15, 16, 17, 18, 19, 20, 21, 22, 23, 24, 25, 26, 27, 28, 29, 30, 31
Valid weekdays: Saturday, Sunday
When: 01:00:00
Current Time: 2007-01-06 02:30:00
Valid Interval: 23:00:00-02:00:00
Valid days of month: 1, 2, 3, 4, 5, 6, 7, 8, 9, 10, 11, 12, 13, 14, 15, 16, 17, 18, 19, 20, 21, 22, 23, 24, 25, 26, 27, 28, 29, 30, 31
Valid weekdays: Saturday, Sunday
When: 01:00:00
Current Time: 2007-01-07 02:00:00
Valid Interval: 23:00:00-02:00:00
Valid days of month: 1, 2, 3, 4, 5, 6, 7, 8, 9, 10, 11, 12, 13, 14, 15, 16, 17, 18, 19, 20, 21, 22, 23, 24, 25, 26, 27, 28, 29, 30, 31
Valid weekdays: Saturday, Sunday
When: 23:30:00
Current Time: 2007-01-01 12:00:00
Valid Interval: 23:00:00-02:00:00
Valid days of month: 1, 2, 3, 4, 5, 6, 7, 8, 9, 10, 11, 12, 13, 14, 15, 16, 17, 18, 19, 20, 21, 22, 23, 24, 25, 26, 27, 28, 29, 30, 31
Valid weekdays: Saturday, Sunday
When: 23:30:00
Current Time: 2007-01-05 23:30:00
Valid Interval: 23:00:00-02:00:00
Valid days of month: 1, 2, 3, 4, 5, 6, 7, 8, 9, 10, 11, 12, 13, 14, 15, 16, 17, 18, 19, 20, 21, 22, 23, 24, 25, 26, 27, 28, 29, 30, 31
Valid weekdays: Saturday, Sunday
When: 23:30:00
Current Time: 2007-01-06 23:00:00
Valid Interval: 23:00:00-02:00:00
Valid days of month: 1, 2, 3, 4, 5, 6, 7, 8, 9, 10, 11, 12, 13, 14, 15, 16, 17, 18, 19, 20, 21, 22, 23, 24, 25, 26, 27, 28, 29, 30, 31
Valid weekdays: Saturday, Sunday
When: 23:30:00
Current Time: 2007-01-06 02:00:00
Valid Interval: 23:00:00-02:00:00
Valid days of month: 1, 2, 3, 4, 5, 6, 7, 8, 9, 10, 11, 12, 13, 14, 15, 16, 17, 18, 19, 20, 21, 22, 23, 24, 25, 26, 27, 28, 29, 30, 31
Valid weekdays: Saturday, Sunday
When: 23:30:00
Current Time: 2007-01-07 23:40:00
Valid Interval: 23:00:00-02:00:00
Valid days of month: 1, 2, 3, 4, 5, 6, 7, 8, 9, 10, 11, 12, 13, 14, 15, 16, 17, 18, 19, 20, 21, 22, 23, 24, 25, 26, 27, 28, 29, 30, 31
Valid weekdays: Saturday, Sunday
When: 23:30:00
Current Time: 2007-01-07 01:00:00
Valid Interval: 13:00:00-16:00:00
Valid days of month: 1, 2, 3, 4, 5, 6, 7, 8, 9, 10, 11, 12, 13, 14, 15, 16, 17, 18, 19, 20, 21, 22, 23, 24, 25, 26, 27, 28, 29, 30, 31
Valid weekdays: Saturday, Sunday
When: 14:00:00
Current Time: 2007-01-01 12:00:00
Valid Interval: 13:00:00-16:00:00
Valid days of month: 1, 2, 3, 4, 5, 6, 7, 8, 9, 10, 11, 12, 13, 14, 15, 16, 17, 18, 19, 20, 21, 22, 23, 24, 25, 26, 27, 28, 29, 30, 31
Valid weekdays: Saturday, Sunday
When: 14:00:00
Current Time: 2007-01-02 13:30:00
Valid Interval: 13:00:00-16:00:00
Valid days of month: 1, 2, 3, 4, 5, 6, 7, 8, 9, 10, 11, 12, 13, 14, 15, 16, 17, 18, 19, 20, 21, 22, 23, 24, 25, 26, 27, 28, 29, 30, 31
Valid weekdays: Saturday, Sunday
When: 14:00:00
Current Time: 2007-01-06 13:30:00
Valid Interval: 13:00:00-16:00:00
Valid days of month: 1, 2, 3, 4, 5, 6, 7, 8, 9, 10, 11, 12, 13, 14, 15, 16, 17, 18, 19, 20, 21, 22, 23, 24, 25, 26, 27, 28, 29, 30, 31
Valid weekdays: Saturday, Sunday
When: 14:00:00
Current Time: 2007-01-06 14:30:00
Valid Interval: 13:00:00-16:00:00
Valid days of month: 1, 2, 3, 4, 5, 6, 7, 8, 9, 10, 11, 12, 13, 14, 15, 16, 17, 18, 19, 20, 21, 22, 23, 24, 25, 26, 27, 28, 29, 30, 31
Valid weekdays: Saturday, Sunday
When: 14:00:00
Current Time: 2007-01-06 16:30:00
Valid Interval: 13:00:00-16:00:00
Valid days of month: 1, 2, 3, 4, 5, 6, 7, 8, 9, 10, 11, 12, 13, 14, 15, 16, 17, 18, 19, 20, 21, 22, 23, 24, 25, 26, 27, 28, 29, 30, 31
Valid weekdays: Saturday, Sunday
When: 14:00:00
Current Time: 2007-01-07 16:00:00
Valid Interval: 23:00:00-02:00:00
Valid days of month: 1, 2, 3, 4, 5, 6, 7, 8, 9, 10, 11, 12, 13, 14, 15, 16, 17, 18, 19, 20, 21, 22, 23, 24, 25, 26, 27, 28, 29, 30, 31
Valid weekdays: Saturday, Sunday
When: 01:00:00
Current Time: 2007-01-01 12:00:00
Valid Interval: 23:00:00-02:00:00
Valid days of month: 1, 2, 3, 4, 5, 6, 7, 8, 9, 10, 11, 12, 13, 14, 15, 16, 17, 18, 19, 20, 21, 22, 23, 24, 25, 26, 27, 28, 29, 30, 31
Valid weekdays: Saturday, Sunday
When: 01:00:00
Current Time: 2007-01-02 01:00:00
Valid Interval: 23:00:00-02:00:00
Valid days of month: 1, 2, 3, 4, 5, 6, 7, 8, 9, 10, 11, 12, 13, 14, 15, 16, 17, 18, 19, 20, 21, 22, 23, 24, 25, 26, 27, 28, 29, 30, 31
Valid weekdays: Saturday, Sunday
When: 01:00:00
Current Time: 2007-01-06 00:30:00
Valid Interval: 23:00:00-02:00:00
Valid days of month: 1, 2, 3, 4, 5, 6, 7, 8, 9, 10, 11, 12, 13, 14, 15, 16, 17, 18, 19, 20, 21, 22, 23, 24, 25, 26, 27, 28, 29, 30, 31
Valid weekdays: Saturday, Sunday
When: 01:00:00
Current Time: 2007-01-06 02:30:00
Valid Interval: 23:00:00-02:00:00
Valid days of month: 1, 2, 3, 4, 5, 6, 7, 8, 9, 10, 11, 12, 13, 14, 15, 16, 17, 18, 19, 20, 21, 22, 23, 24, 25, 26, 27, 28, 29, 30, 31
Valid weekdays: Saturday, Sunday
When: 23:30:00
Current Time: 2007-01-01 12:00:00
Valid Interval: 23:00:00-02:00:00
Valid days of month: 1, 2, 3, 4, 5, 6, 7, 8, 9, 10, 11, 12, 13, 14, 15, 16, 17, 18, 19, 20, 21, 22, 23, 24, 25, 26, 27, 28, 29, 30, 31
Valid weekdays: Saturday, Sunday
When: 23:30:00
Current Time: 2007-01-05 23:30:00
Valid Interval: 23:00:00-02:00:00
Valid days of month: 1, 2, 3, 4, 5, 6, 7, 8, 9, 10, 11, 12, 13, 14, 15, 16, 17, 18, 19, 20, 21, 22, 23, 24, 25, 26, 27, 28, 29, 30, 31
Valid weekdays: Saturday, Sunday
When: 23:30:00
Current Time: 2007-01-06 23:00:00
Valid Interval: 23:00:00-02:00:00
Valid days of month: 1, 2, 3, 4, 5, 6, 7, 8, 9, 10, 11, 12, 13, 14, 15, 16, 17, 18, 19, 20, 21, 22, 23, 24, 25, 26, 27, 28, 29, 30, 31
Valid weekdays: Saturday, Sunday
When: 23:30:00
Current Time: 2007-01-06 02:00:00
Valid Interval: 23:00:00-02:00:00
Valid days of month: 1, 2, 3, 4, 5, 6, 7, 8, 9, 10, 11, 12, 13, 14, 15, 16, 17, 18, 19, 20, 21, 22, 23, 24, 25, 26, 27, 28, 29, 30, 31
Valid weekdays: Saturday, Sunday
When: 23:30:00
Current Time: 2007-01-07 23:40:00
Valid Interval: 23:00:00-02:00:00
Valid days of month: 1, 2, 3, 4, 5, 6, 7, 8, 9, 10, 11, 12, 13, 14, 15, 16, 17, 18, 19, 20, 21, 22, 23, 24, 25, 26, 27, 28, 29, 30, 31
Valid weekdays: Saturday, Sunday
When: 23:30:00
Current Time: 2007-01-07 01:00:00
Valid Interval: 13:00:00-16:00:00
Valid days of month: 1, 2, 3, 4, 5, 6, 7, 8, 9, 10, 11, 12, 13, 14, 15, 16, 17, 18, 19, 20, 21, 22, 23, 24, 25, 26, 27, 28, 29, 30, 31
Valid weekdays: Saturday, Sunday
When: 14:00:00
Current Time: 2007-01-06 14:30:00
Valid Interval: 13:00:00-16:00:00
Valid days of month: 1, 2, 3, 4, 5, 6, 7, 8, 9, 10, 11, 12, 13, 14, 15, 16, 17, 18, 19, 20, 21, 22, 23, 24, 25, 26, 27, 28, 29, 30, 31
Valid weekdays: Saturday, Sunday
When: 14:00:00
Current Time: 2007-01-07 15:00:00
Valid Interval: 23:00:00-02:00:00
Valid days of month: 1, 2, 3, 4, 5, 6, 7, 8, 9, 10, 11, 12, 13, 14, 15, 16, 17, 18, 19, 20, 21, 22, 23, 24, 25, 26, 27, 28, 29, 30, 31
Valid weekdays: Saturday, Sunday
When: 01:00:00
Current Time: 2007-01-06 01:30:00
Valid Interval: 23:00:00-02:00:00
Valid days of month: 1, 2, 3, 4, 5, 6, 7, 8, 9, 10, 11, 12, 13, 14, 15, 16, 17, 18, 19, 20, 21, 22, 23, 24, 25, 26, 27, 28, 29, 30, 31
Valid weekdays: Saturday, Sunday
When: 01:00:00
Current Time: 2007-01-07 01:30:00
Valid Interval: 23:00:00-02:00:00
Valid days of month: 1, 2, 3, 4, 5, 6, 7, 8, 9, 10, 11, 12, 13, 14, 15, 16, 17, 18, 19, 20, 21, 22, 23, 24, 25, 26, 27, 28, 29, 30, 31
Valid weekdays: Saturday, Sunday
When: 23:30:00
Current Time: 2007-01-06 23:02:00
Valid Interval: 23:00:00-02:00:00
Valid days of month: 1, 2, 3, 4, 5, 6, 7, 8, 9, 10, 11, 12, 13, 14, 15, 16, 17, 18, 19, 20, 21, 22, 23, 24, 25, 26, 27, 28, 29, 30, 31
Valid weekdays: Saturday, Sunday
When: 23:30:00
Current Time: 2007-01-06 01:10:00
Valid Interval: 23:00:00-02:00:00
Valid days of month: 1, 2, 3, 4, 5, 6, 7, 8, 9, 10, 11, 12, 13, 14, 15, 16, 17, 18, 19, 20, 21, 22, 23, 24, 25, 26, 27, 28, 29, 30, 31
Valid weekdays: Saturday, Sunday
When: 23:30:00
Current Time: 2007-01-07 01:00:40
Valid Interval: 23:00:00-02:00:00
Valid days of month: 2
Valid weekdays: Saturday, Sunday
When: 23:30:00
Current Time: 2007-01-01 12:00:00
Valid Interval: 23:00:00-02:00:00
Valid days of month: 1, 2
Valid weekdays: Saturday, Sunday
When: 23:30:00
Current Time: 2007-01-05 23:30:00
Valid Interval: 23:00:00-02:00:00
Valid days of month: 1, 2
Valid weekdays: Saturday, Sunday
When: 23:30:00
Current Time: 2007-01-06 23:00:00</StdOut>
      </Output>
    </UnitTestResult>
    <UnitTestResult executionId="5db7786e-3fdf-46f0-8c89-1f2eaa8e4bf9" testId="144f6952-00c6-4f29-8998-86fb9fde15c6" testName="GetNextTimeToTrigger_AbsoluteTimer_ReturnsCorrectTime (Data Row 32)" computerName="ICSWS068" duration="00:00:00.0042101" startTime="2016-08-04T07:57:22.7646701+02:00" endTime="2016-08-04T07:57:22.7686724+02:00" testType="13cdc9d9-ddb5-4fa4-a97d-d965ccfc6d4b" outcome="Passed" testListId="8c84fa94-04c1-424b-9868-57a2d4851a1d" relativeResultsDirectory="5db7786e-3fdf-46f0-8c89-1f2eaa8e4bf9">
      <Output>
        <StdOut>TestContext Messages:
Valid Interval: 11:00:00-13:00:00
Valid days of month: 1, 2, 3, 4, 5, 6, 7, 8, 9, 10, 11, 12, 13, 14, 15, 16, 17, 18, 19, 20, 21, 22, 23, 24, 25, 26, 27, 28, 29, 30, 31
Valid weekdays: Monday, Tuesday, Wednesday, Thursday, Friday, Saturday, Sunday
When: 12:00:00
Current Time: 2011-01-01 00:00:00
Valid Interval: 11:00:00-13:00:00
Valid days of month: 1, 2, 3, 4, 5, 6, 7, 8, 9, 10, 11, 12, 13, 14, 15, 16, 17, 18, 19, 20, 21, 22, 23, 24, 25, 26, 27, 28, 29, 30, 31
Valid weekdays: Monday, Tuesday, Wednesday, Thursday, Friday, Saturday, Sunday
When: 12:00:00
Current Time: 2011-01-01 09:00:00
Valid Interval: 11:00:00-13:00:00
Valid days of month: 1, 2, 3, 4, 5, 6, 7, 8, 9, 10, 11, 12, 13, 14, 15, 16, 17, 18, 19, 20, 21, 22, 23, 24, 25, 26, 27, 28, 29, 30, 31
Valid weekdays: Monday, Tuesday, Wednesday, Thursday, Friday, Saturday, Sunday
When: 12:00:00
Current Time: 2011-01-01 11:00:00
Valid Interval: 11:00:00-13:00:00
Valid days of month: 1, 2, 3, 4, 5, 6, 7, 8, 9, 10, 11, 12, 13, 14, 15, 16, 17, 18, 19, 20, 21, 22, 23, 24, 25, 26, 27, 28, 29, 30, 31
Valid weekdays: Monday, Tuesday, Wednesday, Thursday, Friday, Saturday, Sunday
When: 12:00:00
Current Time: 2011-01-01 12:00:00
Valid Interval: 11:00:00-13:00:00
Valid days of month: 1, 2, 3, 4, 5, 6, 7, 8, 9, 10, 11, 12, 13, 14, 15, 16, 17, 18, 19, 20, 21, 22, 23, 24, 25, 26, 27, 28, 29, 30, 31
Valid weekdays: Monday, Tuesday, Wednesday, Thursday, Friday, Saturday, Sunday
When: 12:00:00
Current Time: 2011-01-01 12:30:00
Valid Interval: 11:00:00-13:00:00
Valid days of month: 1, 2, 3, 4, 5, 6, 7, 8, 9, 10, 11, 12, 13, 14, 15, 16, 17, 18, 19, 20, 21, 22, 23, 24, 25, 26, 27, 28, 29, 30, 31
Valid weekdays: Monday, Tuesday, Wednesday, Thursday, Friday, Saturday, Sunday
When: 12:00:00
Current Time: 2011-01-01 13:00:00
Valid Interval: 11:00:00-13:00:00
Valid days of month: 1, 2, 3, 4, 5, 6, 7, 8, 9, 10, 11, 12, 13, 14, 15, 16, 17, 18, 19, 20, 21, 22, 23, 24, 25, 26, 27, 28, 29, 30, 31
Valid weekdays: Monday, Tuesday, Wednesday, Thursday, Friday, Saturday, Sunday
When: 12:00:00
Current Time: 2011-01-02 00:00:00
Valid Interval: 11:00:00-13:00:00
Valid days of month: 1, 2, 3, 4, 5, 6, 7, 8, 9, 10, 11, 12, 13, 14, 15, 16, 17, 18, 19, 20, 21, 22, 23, 24, 25, 26, 27, 28, 29, 30, 31
Valid weekdays: Monday, Tuesday, Wednesday, Thursday, Friday, Saturday, Sunday
When: 12:00:00
Current Time: 2011-01-02 09:00:00
Valid Interval: 11:00:00-13:00:00
Valid days of month: 1, 2, 3, 4, 5, 6, 7, 8, 9, 10, 11, 12, 13, 14, 15, 16, 17, 18, 19, 20, 21, 22, 23, 24, 25, 26, 27, 28, 29, 30, 31
Valid weekdays: Monday, Tuesday, Wednesday, Thursday, Friday, Saturday, Sunday
When: 12:00:00
Current Time: 2011-01-02 12:00:00
Valid Interval: 11:00:00-13:00:00
Valid days of month: 1, 2, 3, 4, 5, 6, 7, 8, 9, 10, 11, 12, 13, 14, 15, 16, 17, 18, 19, 20, 21, 22, 23, 24, 25, 26, 27, 28, 29, 30, 31
Valid weekdays: Monday, Tuesday, Wednesday, Thursday, Friday, Saturday, Sunday
When: 12:00:00
Current Time: 2011-01-02 12:45:30
Valid Interval: 11:00:00-13:00:00
Valid days of month: 1, 2, 3, 4, 5, 6, 7, 8, 9, 10, 11, 12, 13, 14, 15, 16, 17, 18, 19, 20, 21, 22, 23, 24, 25, 26, 27, 28, 29, 30, 31
Valid weekdays: Monday, Tuesday, Wednesday, Thursday, Friday, Saturday, Sunday
When: 12:00:00
Current Time: 2011-01-02 13:00:00
Valid Interval: 11:00:00-13:00:00
Valid days of month: 1, 2, 3, 4, 5, 6, 7, 8, 9, 10, 11, 12, 13, 14, 15, 16, 17, 18, 19, 20, 21, 22, 23, 24, 25, 26, 27, 28, 29, 30, 31
Valid weekdays: Monday, Tuesday, Wednesday, Thursday, Friday, Saturday, Sunday
When: 12:00:00
Current Time: 2011-01-01 12:00:00
Valid Interval: 11:00:00-13:00:00
Valid days of month: 1, 2, 3, 4, 5, 6, 7, 8, 9, 10, 11, 12, 13, 14, 15, 16, 17, 18, 19, 20, 21, 22, 23, 24, 25, 26, 27, 28, 29, 30, 31
Valid weekdays: Monday, Tuesday, Wednesday, Thursday, Friday, Saturday, Sunday
When: 12:00:00
Current Time: 2011-01-01 12:30:00
Valid Interval: 11:00:00-13:00:00
Valid days of month: 1, 2, 3, 4, 5, 6, 7, 8, 9, 10, 11, 12, 13, 14, 15, 16, 17, 18, 19, 20, 21, 22, 23, 24, 25, 26, 27, 28, 29, 30, 31
Valid weekdays: Monday, Tuesday, Wednesday, Thursday, Friday, Saturday, Sunday
When: 12:00:00
Current Time: 2011-01-01 12:30:00
Valid Interval: 11:00:00-13:00:00
Valid days of month: 1, 2, 3, 4, 5, 6, 7, 8, 9, 10, 11, 12, 13, 14, 15, 16, 17, 18, 19, 20, 21, 22, 23, 24, 25, 26, 27, 28, 29, 30, 31
Valid weekdays: Monday, Tuesday, Wednesday, Thursday, Friday, Saturday, Sunday
When: 12:00:00
Current Time: 2011-01-01 13:00:00
Valid Interval: 11:00:00-13:00:00
Valid days of month: 1, 2, 3, 4, 5, 6, 7, 8, 9, 10, 11, 12, 13, 14, 15, 16, 17, 18, 19, 20, 21, 22, 23, 24, 25, 26, 27, 28, 29, 30, 31
Valid weekdays: Monday, Tuesday, Wednesday, Thursday, Friday, Saturday, Sunday
When: 12:00:00
Current Time: 2011-01-01 14:30:00
Valid Interval: 23:00:00-13:00:00
Valid days of month: 1, 2, 3, 4, 5, 6, 7, 8, 9, 10, 11, 12, 13, 14, 15, 16, 17, 18, 19, 20, 21, 22, 23, 24, 25, 26, 27, 28, 29, 30, 31
Valid weekdays: Monday, Tuesday, Wednesday, Thursday, Friday, Saturday, Sunday
When: 23:30:00
Current Time: 2011-01-01 16:00:00
Valid Interval: 23:00:00-13:00:00
Valid days of month: 1, 2, 3, 4, 5, 6, 7, 8, 9, 10, 11, 12, 13, 14, 15, 16, 17, 18, 19, 20, 21, 22, 23, 24, 25, 26, 27, 28, 29, 30, 31
Valid weekdays: Monday, Tuesday, Wednesday, Thursday, Friday, Saturday, Sunday
When: 23:30:00
Current Time: 2011-01-01 23:00:00
Valid Interval: 23:00:00-13:00:00
Valid days of month: 1, 2, 3, 4, 5, 6, 7, 8, 9, 10, 11, 12, 13, 14, 15, 16, 17, 18, 19, 20, 21, 22, 23, 24, 25, 26, 27, 28, 29, 30, 31
Valid weekdays: Monday, Tuesday, Wednesday, Thursday, Friday, Saturday, Sunday
When: 23:30:00
Current Time: 2011-01-01 23:30:00
Valid Interval: 23:00:00-13:00:00
Valid days of month: 1, 2, 3, 4, 5, 6, 7, 8, 9, 10, 11, 12, 13, 14, 15, 16, 17, 18, 19, 20, 21, 22, 23, 24, 25, 26, 27, 28, 29, 30, 31
Valid weekdays: Monday, Tuesday, Wednesday, Thursday, Friday, Saturday, Sunday
When: 23:30:00
Current Time: 2011-01-01 23:45:00
Valid Interval: 23:00:00-13:00:00
Valid days of month: 1, 2, 3, 4, 5, 6, 7, 8, 9, 10, 11, 12, 13, 14, 15, 16, 17, 18, 19, 20, 21, 22, 23, 24, 25, 26, 27, 28, 29, 30, 31
Valid weekdays: Monday, Tuesday, Wednesday, Thursday, Friday, Saturday, Sunday
When: 23:30:00
Current Time: 2011-01-02 00:30:00
Valid Interval: 23:00:00-13:00:00
Valid days of month: 1, 2, 3, 4, 5, 6, 7, 8, 9, 10, 11, 12, 13, 14, 15, 16, 17, 18, 19, 20, 21, 22, 23, 24, 25, 26, 27, 28, 29, 30, 31
Valid weekdays: Monday, Tuesday, Wednesday, Thursday, Friday, Saturday, Sunday
When: 23:30:00
Current Time: 2011-01-01 13:00:00
Valid Interval: 23:00:00-13:00:00
Valid days of month: 1, 2, 3, 4, 5, 6, 7, 8, 9, 10, 11, 12, 13, 14, 15, 16, 17, 18, 19, 20, 21, 22, 23, 24, 25, 26, 27, 28, 29, 30, 31
Valid weekdays: Monday, Tuesday, Wednesday, Thursday, Friday, Saturday, Sunday
When: 01:00:00
Current Time: 2011-01-01 16:00:00
Valid Interval: 23:00:00-13:00:00
Valid days of month: 1, 2, 3, 4, 5, 6, 7, 8, 9, 10, 11, 12, 13, 14, 15, 16, 17, 18, 19, 20, 21, 22, 23, 24, 25, 26, 27, 28, 29, 30, 31
Valid weekdays: Monday, Tuesday, Wednesday, Thursday, Friday, Saturday, Sunday
When: 01:00:00
Current Time: 2011-01-01 23:00:00
Valid Interval: 23:00:00-13:00:00
Valid days of month: 1, 2, 3, 4, 5, 6, 7, 8, 9, 10, 11, 12, 13, 14, 15, 16, 17, 18, 19, 20, 21, 22, 23, 24, 25, 26, 27, 28, 29, 30, 31
Valid weekdays: Monday, Tuesday, Wednesday, Thursday, Friday, Saturday, Sunday
When: 01:00:00
Current Time: 2011-01-01 23:30:00
Valid Interval: 23:00:00-13:00:00
Valid days of month: 1, 2, 3, 4, 5, 6, 7, 8, 9, 10, 11, 12, 13, 14, 15, 16, 17, 18, 19, 20, 21, 22, 23, 24, 25, 26, 27, 28, 29, 30, 31
Valid weekdays: Monday, Tuesday, Wednesday, Thursday, Friday, Saturday, Sunday
When: 01:00:00
Current Time: 2011-01-02 00:30:00
Valid Interval: 23:00:00-13:00:00
Valid days of month: 1, 2, 3, 4, 5, 6, 7, 8, 9, 10, 11, 12, 13, 14, 15, 16, 17, 18, 19, 20, 21, 22, 23, 24, 25, 26, 27, 28, 29, 30, 31
Valid weekdays: Monday, Tuesday, Wednesday, Thursday, Friday, Saturday, Sunday
When: 01:00:00
Current Time: 2011-01-01 02:00:00
Valid Interval: 23:00:00-13:00:00
Valid days of month: 1, 2, 3, 4, 5, 6, 7, 8, 9, 10, 11, 12, 13, 14, 15, 16, 17, 18, 19, 20, 21, 22, 23, 24, 25, 26, 27, 28, 29, 30, 31
Valid weekdays: Monday, Tuesday, Wednesday, Thursday, Friday, Saturday, Sunday
When: 01:00:00
Current Time: 2011-01-01 13:00:00
Valid Interval: 23:00:00-13:00:00
Valid days of month: 1, 2, 3, 4, 5, 6, 7, 8, 9, 10, 11, 12, 13, 14, 15, 16, 17, 18, 19, 20, 21, 22, 23, 24, 25, 26, 27, 28, 29, 30, 31
Valid weekdays: Monday, Tuesday, Wednesday, Thursday, Friday, Saturday, Sunday
When: 23:30:00
Current Time: 2011-01-01 16:00:00
Valid Interval: 23:00:00-13:00:00
Valid days of month: 1, 2, 3, 4, 5, 6, 7, 8, 9, 10, 11, 12, 13, 14, 15, 16, 17, 18, 19, 20, 21, 22, 23, 24, 25, 26, 27, 28, 29, 30, 31
Valid weekdays: Monday, Tuesday, Wednesday, Thursday, Friday, Saturday, Sunday
When: 23:30:00
Current Time: 2011-01-01 23:00:00
Valid Interval: 23:00:00-13:00:00
Valid days of month: 1, 2, 3, 4, 5, 6, 7, 8, 9, 10, 11, 12, 13, 14, 15, 16, 17, 18, 19, 20, 21, 22, 23, 24, 25, 26, 27, 28, 29, 30, 31
Valid weekdays: Monday, Tuesday, Wednesday, Thursday, Friday, Saturday, Sunday
When: 23:30:00
Current Time: 2011-01-01 23:30:00
Valid Interval: 23:00:00-13:00:00
Valid days of month: 1, 2, 3, 4, 5, 6, 7, 8, 9, 10, 11, 12, 13, 14, 15, 16, 17, 18, 19, 20, 21, 22, 23, 24, 25, 26, 27, 28, 29, 30, 31
Valid weekdays: Monday, Tuesday, Wednesday, Thursday, Friday, Saturday, Sunday
When: 23:30:00
Current Time: 2011-01-01 23:45:00
Valid Interval: 23:00:00-13:00:00
Valid days of month: 1, 2, 3, 4, 5, 6, 7, 8, 9, 10, 11, 12, 13, 14, 15, 16, 17, 18, 19, 20, 21, 22, 23, 24, 25, 26, 27, 28, 29, 30, 31
Valid weekdays: Monday, Tuesday, Wednesday, Thursday, Friday, Saturday, Sunday
When: 23:30:00
Current Time: 2011-01-02 00:30:00
Valid Interval: 23:00:00-13:00:00
Valid days of month: 1, 2, 3, 4, 5, 6, 7, 8, 9, 10, 11, 12, 13, 14, 15, 16, 17, 18, 19, 20, 21, 22, 23, 24, 25, 26, 27, 28, 29, 30, 31
Valid weekdays: Monday, Tuesday, Wednesday, Thursday, Friday, Saturday, Sunday
When: 23:30:00
Current Time: 2011-01-01 13:00:00
Valid Interval: 23:00:00-13:00:00
Valid days of month: 1, 2, 3, 4, 5, 6, 7, 8, 9, 10, 11, 12, 13, 14, 15, 16, 17, 18, 19, 20, 21, 22, 23, 24, 25, 26, 27, 28, 29, 30, 31
Valid weekdays: Monday, Tuesday, Wednesday, Thursday, Friday, Saturday, Sunday
When: 01:00:00
Current Time: 2011-01-01 16:00:00
Valid Interval: 23:00:00-13:00:00
Valid days of month: 1, 2, 3, 4, 5, 6, 7, 8, 9, 10, 11, 12, 13, 14, 15, 16, 17, 18, 19, 20, 21, 22, 23, 24, 25, 26, 27, 28, 29, 30, 31
Valid weekdays: Monday, Tuesday, Wednesday, Thursday, Friday, Saturday, Sunday
When: 01:00:00
Current Time: 2011-01-01 23:00:00
Valid Interval: 23:00:00-13:00:00
Valid days of month: 1, 2, 3, 4, 5, 6, 7, 8, 9, 10, 11, 12, 13, 14, 15, 16, 17, 18, 19, 20, 21, 22, 23, 24, 25, 26, 27, 28, 29, 30, 31
Valid weekdays: Monday, Tuesday, Wednesday, Thursday, Friday, Saturday, Sunday
When: 01:00:00
Current Time: 2011-01-01 23:30:00
Valid Interval: 23:00:00-13:00:00
Valid days of month: 1, 2, 3, 4, 5, 6, 7, 8, 9, 10, 11, 12, 13, 14, 15, 16, 17, 18, 19, 20, 21, 22, 23, 24, 25, 26, 27, 28, 29, 30, 31
Valid weekdays: Monday, Tuesday, Wednesday, Thursday, Friday, Saturday, Sunday
When: 01:00:00
Current Time: 2011-01-02 00:30:00
Valid Interval: 23:00:00-13:00:00
Valid days of month: 1, 2, 3, 4, 5, 6, 7, 8, 9, 10, 11, 12, 13, 14, 15, 16, 17, 18, 19, 20, 21, 22, 23, 24, 25, 26, 27, 28, 29, 30, 31
Valid weekdays: Monday, Tuesday, Wednesday, Thursday, Friday, Saturday, Sunday
When: 01:00:00
Current Time: 2011-01-02 02:00:00
Valid Interval: 23:00:00-13:00:00
Valid days of month: 1, 2, 3, 4, 5, 6, 7, 8, 9, 10, 11, 12, 13, 14, 15, 16, 17, 18, 19, 20, 21, 22, 23, 24, 25, 26, 27, 28, 29, 30, 31
Valid weekdays: Monday, Tuesday, Wednesday, Thursday, Friday, Saturday, Sunday
When: 01:00:00
Current Time: 2011-01-02 13:00:00
Valid Interval: 23:00:00-13:00:00
Valid days of month: 1, 2, 3, 4, 5, 6, 7, 8, 9, 10, 11, 12, 13, 14, 15, 16, 17, 18, 19, 20, 21, 22, 23, 24, 25, 26, 27, 28, 29, 30, 31
Valid weekdays: Monday, Tuesday, Wednesday, Thursday, Friday, Saturday, Sunday
When: 23:30:00
Current Time: 2011-01-01 23:30:05
Valid Interval: 23:00:00-13:00:00
Valid days of month: 1, 2, 3, 4, 5, 6, 7, 8, 9, 10, 11, 12, 13, 14, 15, 16, 17, 18, 19, 20, 21, 22, 23, 24, 25, 26, 27, 28, 29, 30, 31
Valid weekdays: Monday, Tuesday, Wednesday, Thursday, Friday, Saturday, Sunday
When: 23:30:00
Current Time: 2011-01-02 00:30:00
Valid Interval: 23:00:00-13:00:00
Valid days of month: 1, 2, 3, 4, 5, 6, 7, 8, 9, 10, 11, 12, 13, 14, 15, 16, 17, 18, 19, 20, 21, 22, 23, 24, 25, 26, 27, 28, 29, 30, 31
Valid weekdays: Monday, Tuesday, Wednesday, Thursday, Friday, Saturday, Sunday
When: 23:30:00
Current Time: 2011-01-02 13:00:00
Valid Interval: 23:00:00-13:00:00
Valid days of month: 1, 2, 3, 4, 5, 6, 7, 8, 9, 10, 11, 12, 13, 14, 15, 16, 17, 18, 19, 20, 21, 22, 23, 24, 25, 26, 27, 28, 29, 30, 31
Valid weekdays: Monday, Tuesday, Wednesday, Thursday, Friday, Saturday, Sunday
When: 01:00:00
Current Time: 2011-01-01 02:00:00
Valid Interval: 23:00:00-13:00:00
Valid days of month: 1, 2, 3, 4, 5, 6, 7, 8, 9, 10, 11, 12, 13, 14, 15, 16, 17, 18, 19, 20, 21, 22, 23, 24, 25, 26, 27, 28, 29, 30, 31
Valid weekdays: Monday, Tuesday, Wednesday, Thursday, Friday, Saturday, Sunday
When: 01:00:00
Current Time: 2011-01-02 02:00:00
Valid Interval: 13:00:00-16:00:00
Valid days of month: 1, 2, 3, 4, 5, 6, 7, 8, 9, 10, 11, 12, 13, 14, 15, 16, 17, 18, 19, 20, 21, 22, 23, 24, 25, 26, 27, 28, 29, 30, 31
Valid weekdays: Saturday, Sunday
When: 14:00:00
Current Time: 2007-01-01 12:00:00
Valid Interval: 13:00:00-16:00:00
Valid days of month: 1, 2, 3, 4, 5, 6, 7, 8, 9, 10, 11, 12, 13, 14, 15, 16, 17, 18, 19, 20, 21, 22, 23, 24, 25, 26, 27, 28, 29, 30, 31
Valid weekdays: Saturday, Sunday
When: 14:00:00
Current Time: 2007-01-02 13:30:00
Valid Interval: 13:00:00-16:00:00
Valid days of month: 1, 2, 3, 4, 5, 6, 7, 8, 9, 10, 11, 12, 13, 14, 15, 16, 17, 18, 19, 20, 21, 22, 23, 24, 25, 26, 27, 28, 29, 30, 31
Valid weekdays: Saturday, Sunday
When: 14:00:00
Current Time: 2007-01-06 13:30:00
Valid Interval: 13:00:00-16:00:00
Valid days of month: 1, 2, 3, 4, 5, 6, 7, 8, 9, 10, 11, 12, 13, 14, 15, 16, 17, 18, 19, 20, 21, 22, 23, 24, 25, 26, 27, 28, 29, 30, 31
Valid weekdays: Saturday, Sunday
When: 14:00:00
Current Time: 2007-01-06 14:30:00
Valid Interval: 13:00:00-16:00:00
Valid days of month: 1, 2, 3, 4, 5, 6, 7, 8, 9, 10, 11, 12, 13, 14, 15, 16, 17, 18, 19, 20, 21, 22, 23, 24, 25, 26, 27, 28, 29, 30, 31
Valid weekdays: Saturday, Sunday
When: 14:00:00
Current Time: 2007-01-06 16:30:00
Valid Interval: 13:00:00-16:00:00
Valid days of month: 1, 2, 3, 4, 5, 6, 7, 8, 9, 10, 11, 12, 13, 14, 15, 16, 17, 18, 19, 20, 21, 22, 23, 24, 25, 26, 27, 28, 29, 30, 31
Valid weekdays: Saturday, Sunday
When: 14:00:00
Current Time: 2007-01-07 16:00:00
Valid Interval: 23:00:00-02:00:00
Valid days of month: 1, 2, 3, 4, 5, 6, 7, 8, 9, 10, 11, 12, 13, 14, 15, 16, 17, 18, 19, 20, 21, 22, 23, 24, 25, 26, 27, 28, 29, 30, 31
Valid weekdays: Saturday, Sunday
When: 01:00:00
Current Time: 2007-01-01 12:00:00
Valid Interval: 23:00:00-02:00:00
Valid days of month: 1, 2, 3, 4, 5, 6, 7, 8, 9, 10, 11, 12, 13, 14, 15, 16, 17, 18, 19, 20, 21, 22, 23, 24, 25, 26, 27, 28, 29, 30, 31
Valid weekdays: Saturday, Sunday
When: 01:00:00
Current Time: 2007-01-02 01:00:00
Valid Interval: 23:00:00-02:00:00
Valid days of month: 1, 2, 3, 4, 5, 6, 7, 8, 9, 10, 11, 12, 13, 14, 15, 16, 17, 18, 19, 20, 21, 22, 23, 24, 25, 26, 27, 28, 29, 30, 31
Valid weekdays: Saturday, Sunday
When: 01:00:00
Current Time: 2007-01-06 00:30:00
Valid Interval: 23:00:00-02:00:00
Valid days of month: 1, 2, 3, 4, 5, 6, 7, 8, 9, 10, 11, 12, 13, 14, 15, 16, 17, 18, 19, 20, 21, 22, 23, 24, 25, 26, 27, 28, 29, 30, 31
Valid weekdays: Saturday, Sunday
When: 01:00:00
Current Time: 2007-01-06 01:30:00
Valid Interval: 23:00:00-02:00:00
Valid days of month: 1, 2, 3, 4, 5, 6, 7, 8, 9, 10, 11, 12, 13, 14, 15, 16, 17, 18, 19, 20, 21, 22, 23, 24, 25, 26, 27, 28, 29, 30, 31
Valid weekdays: Saturday, Sunday
When: 01:00:00
Current Time: 2007-01-06 02:30:00
Valid Interval: 23:00:00-02:00:00
Valid days of month: 1, 2, 3, 4, 5, 6, 7, 8, 9, 10, 11, 12, 13, 14, 15, 16, 17, 18, 19, 20, 21, 22, 23, 24, 25, 26, 27, 28, 29, 30, 31
Valid weekdays: Saturday, Sunday
When: 01:00:00
Current Time: 2007-01-07 02:00:00
Valid Interval: 23:00:00-02:00:00
Valid days of month: 1, 2, 3, 4, 5, 6, 7, 8, 9, 10, 11, 12, 13, 14, 15, 16, 17, 18, 19, 20, 21, 22, 23, 24, 25, 26, 27, 28, 29, 30, 31
Valid weekdays: Saturday, Sunday
When: 23:30:00
Current Time: 2007-01-01 12:00:00
Valid Interval: 23:00:00-02:00:00
Valid days of month: 1, 2, 3, 4, 5, 6, 7, 8, 9, 10, 11, 12, 13, 14, 15, 16, 17, 18, 19, 20, 21, 22, 23, 24, 25, 26, 27, 28, 29, 30, 31
Valid weekdays: Saturday, Sunday
When: 23:30:00
Current Time: 2007-01-05 23:30:00
Valid Interval: 23:00:00-02:00:00
Valid days of month: 1, 2, 3, 4, 5, 6, 7, 8, 9, 10, 11, 12, 13, 14, 15, 16, 17, 18, 19, 20, 21, 22, 23, 24, 25, 26, 27, 28, 29, 30, 31
Valid weekdays: Saturday, Sunday
When: 23:30:00
Current Time: 2007-01-06 23:00:00
Valid Interval: 23:00:00-02:00:00
Valid days of month: 1, 2, 3, 4, 5, 6, 7, 8, 9, 10, 11, 12, 13, 14, 15, 16, 17, 18, 19, 20, 21, 22, 23, 24, 25, 26, 27, 28, 29, 30, 31
Valid weekdays: Saturday, Sunday
When: 23:30:00
Current Time: 2007-01-06 02:00:00
Valid Interval: 23:00:00-02:00:00
Valid days of month: 1, 2, 3, 4, 5, 6, 7, 8, 9, 10, 11, 12, 13, 14, 15, 16, 17, 18, 19, 20, 21, 22, 23, 24, 25, 26, 27, 28, 29, 30, 31
Valid weekdays: Saturday, Sunday
When: 23:30:00
Current Time: 2007-01-07 23:40:00
Valid Interval: 23:00:00-02:00:00
Valid days of month: 1, 2, 3, 4, 5, 6, 7, 8, 9, 10, 11, 12, 13, 14, 15, 16, 17, 18, 19, 20, 21, 22, 23, 24, 25, 26, 27, 28, 29, 30, 31
Valid weekdays: Saturday, Sunday
When: 23:30:00
Current Time: 2007-01-07 01:00:00
Valid Interval: 13:00:00-16:00:00
Valid days of month: 1, 2, 3, 4, 5, 6, 7, 8, 9, 10, 11, 12, 13, 14, 15, 16, 17, 18, 19, 20, 21, 22, 23, 24, 25, 26, 27, 28, 29, 30, 31
Valid weekdays: Saturday, Sunday
When: 14:00:00
Current Time: 2007-01-01 12:00:00
Valid Interval: 13:00:00-16:00:00
Valid days of month: 1, 2, 3, 4, 5, 6, 7, 8, 9, 10, 11, 12, 13, 14, 15, 16, 17, 18, 19, 20, 21, 22, 23, 24, 25, 26, 27, 28, 29, 30, 31
Valid weekdays: Saturday, Sunday
When: 14:00:00
Current Time: 2007-01-02 13:30:00
Valid Interval: 13:00:00-16:00:00
Valid days of month: 1, 2, 3, 4, 5, 6, 7, 8, 9, 10, 11, 12, 13, 14, 15, 16, 17, 18, 19, 20, 21, 22, 23, 24, 25, 26, 27, 28, 29, 30, 31
Valid weekdays: Saturday, Sunday
When: 14:00:00
Current Time: 2007-01-06 13:30:00
Valid Interval: 13:00:00-16:00:00
Valid days of month: 1, 2, 3, 4, 5, 6, 7, 8, 9, 10, 11, 12, 13, 14, 15, 16, 17, 18, 19, 20, 21, 22, 23, 24, 25, 26, 27, 28, 29, 30, 31
Valid weekdays: Saturday, Sunday
When: 14:00:00
Current Time: 2007-01-06 14:30:00
Valid Interval: 13:00:00-16:00:00
Valid days of month: 1, 2, 3, 4, 5, 6, 7, 8, 9, 10, 11, 12, 13, 14, 15, 16, 17, 18, 19, 20, 21, 22, 23, 24, 25, 26, 27, 28, 29, 30, 31
Valid weekdays: Saturday, Sunday
When: 14:00:00
Current Time: 2007-01-06 16:30:00
Valid Interval: 13:00:00-16:00:00
Valid days of month: 1, 2, 3, 4, 5, 6, 7, 8, 9, 10, 11, 12, 13, 14, 15, 16, 17, 18, 19, 20, 21, 22, 23, 24, 25, 26, 27, 28, 29, 30, 31
Valid weekdays: Saturday, Sunday
When: 14:00:00
Current Time: 2007-01-07 16:00:00
Valid Interval: 23:00:00-02:00:00
Valid days of month: 1, 2, 3, 4, 5, 6, 7, 8, 9, 10, 11, 12, 13, 14, 15, 16, 17, 18, 19, 20, 21, 22, 23, 24, 25, 26, 27, 28, 29, 30, 31
Valid weekdays: Saturday, Sunday
When: 01:00:00
Current Time: 2007-01-01 12:00:00
Valid Interval: 23:00:00-02:00:00
Valid days of month: 1, 2, 3, 4, 5, 6, 7, 8, 9, 10, 11, 12, 13, 14, 15, 16, 17, 18, 19, 20, 21, 22, 23, 24, 25, 26, 27, 28, 29, 30, 31
Valid weekdays: Saturday, Sunday
When: 01:00:00
Current Time: 2007-01-02 01:00:00
Valid Interval: 23:00:00-02:00:00
Valid days of month: 1, 2, 3, 4, 5, 6, 7, 8, 9, 10, 11, 12, 13, 14, 15, 16, 17, 18, 19, 20, 21, 22, 23, 24, 25, 26, 27, 28, 29, 30, 31
Valid weekdays: Saturday, Sunday
When: 01:00:00
Current Time: 2007-01-06 00:30:00
Valid Interval: 23:00:00-02:00:00
Valid days of month: 1, 2, 3, 4, 5, 6, 7, 8, 9, 10, 11, 12, 13, 14, 15, 16, 17, 18, 19, 20, 21, 22, 23, 24, 25, 26, 27, 28, 29, 30, 31
Valid weekdays: Saturday, Sunday
When: 01:00:00
Current Time: 2007-01-06 02:30:00
Valid Interval: 23:00:00-02:00:00
Valid days of month: 1, 2, 3, 4, 5, 6, 7, 8, 9, 10, 11, 12, 13, 14, 15, 16, 17, 18, 19, 20, 21, 22, 23, 24, 25, 26, 27, 28, 29, 30, 31
Valid weekdays: Saturday, Sunday
When: 23:30:00
Current Time: 2007-01-01 12:00:00
Valid Interval: 23:00:00-02:00:00
Valid days of month: 1, 2, 3, 4, 5, 6, 7, 8, 9, 10, 11, 12, 13, 14, 15, 16, 17, 18, 19, 20, 21, 22, 23, 24, 25, 26, 27, 28, 29, 30, 31
Valid weekdays: Saturday, Sunday
When: 23:30:00
Current Time: 2007-01-05 23:30:00
Valid Interval: 23:00:00-02:00:00
Valid days of month: 1, 2, 3, 4, 5, 6, 7, 8, 9, 10, 11, 12, 13, 14, 15, 16, 17, 18, 19, 20, 21, 22, 23, 24, 25, 26, 27, 28, 29, 30, 31
Valid weekdays: Saturday, Sunday
When: 23:30:00
Current Time: 2007-01-06 23:00:00
Valid Interval: 23:00:00-02:00:00
Valid days of month: 1, 2, 3, 4, 5, 6, 7, 8, 9, 10, 11, 12, 13, 14, 15, 16, 17, 18, 19, 20, 21, 22, 23, 24, 25, 26, 27, 28, 29, 30, 31
Valid weekdays: Saturday, Sunday
When: 23:30:00
Current Time: 2007-01-06 02:00:00
Valid Interval: 23:00:00-02:00:00
Valid days of month: 1, 2, 3, 4, 5, 6, 7, 8, 9, 10, 11, 12, 13, 14, 15, 16, 17, 18, 19, 20, 21, 22, 23, 24, 25, 26, 27, 28, 29, 30, 31
Valid weekdays: Saturday, Sunday
When: 23:30:00
Current Time: 2007-01-07 23:40:00
Valid Interval: 23:00:00-02:00:00
Valid days of month: 1, 2, 3, 4, 5, 6, 7, 8, 9, 10, 11, 12, 13, 14, 15, 16, 17, 18, 19, 20, 21, 22, 23, 24, 25, 26, 27, 28, 29, 30, 31
Valid weekdays: Saturday, Sunday
When: 23:30:00
Current Time: 2007-01-07 01:00:00
Valid Interval: 13:00:00-16:00:00
Valid days of month: 1, 2, 3, 4, 5, 6, 7, 8, 9, 10, 11, 12, 13, 14, 15, 16, 17, 18, 19, 20, 21, 22, 23, 24, 25, 26, 27, 28, 29, 30, 31
Valid weekdays: Saturday, Sunday
When: 14:00:00
Current Time: 2007-01-06 14:30:00
Valid Interval: 13:00:00-16:00:00
Valid days of month: 1, 2, 3, 4, 5, 6, 7, 8, 9, 10, 11, 12, 13, 14, 15, 16, 17, 18, 19, 20, 21, 22, 23, 24, 25, 26, 27, 28, 29, 30, 31
Valid weekdays: Saturday, Sunday
When: 14:00:00
Current Time: 2007-01-07 15:00:00
Valid Interval: 23:00:00-02:00:00
Valid days of month: 1, 2, 3, 4, 5, 6, 7, 8, 9, 10, 11, 12, 13, 14, 15, 16, 17, 18, 19, 20, 21, 22, 23, 24, 25, 26, 27, 28, 29, 30, 31
Valid weekdays: Saturday, Sunday
When: 01:00:00
Current Time: 2007-01-06 01:30:00
Valid Interval: 23:00:00-02:00:00
Valid days of month: 1, 2, 3, 4, 5, 6, 7, 8, 9, 10, 11, 12, 13, 14, 15, 16, 17, 18, 19, 20, 21, 22, 23, 24, 25, 26, 27, 28, 29, 30, 31
Valid weekdays: Saturday, Sunday
When: 01:00:00
Current Time: 2007-01-07 01:30:00
Valid Interval: 23:00:00-02:00:00
Valid days of month: 1, 2, 3, 4, 5, 6, 7, 8, 9, 10, 11, 12, 13, 14, 15, 16, 17, 18, 19, 20, 21, 22, 23, 24, 25, 26, 27, 28, 29, 30, 31
Valid weekdays: Saturday, Sunday
When: 23:30:00
Current Time: 2007-01-06 23:02:00
Valid Interval: 23:00:00-02:00:00
Valid days of month: 1, 2, 3, 4, 5, 6, 7, 8, 9, 10, 11, 12, 13, 14, 15, 16, 17, 18, 19, 20, 21, 22, 23, 24, 25, 26, 27, 28, 29, 30, 31
Valid weekdays: Saturday, Sunday
When: 23:30:00
Current Time: 2007-01-06 01:10:00
Valid Interval: 23:00:00-02:00:00
Valid days of month: 1, 2, 3, 4, 5, 6, 7, 8, 9, 10, 11, 12, 13, 14, 15, 16, 17, 18, 19, 20, 21, 22, 23, 24, 25, 26, 27, 28, 29, 30, 31
Valid weekdays: Saturday, Sunday
When: 23:30:00
Current Time: 2007-01-07 01:00:40
Valid Interval: 23:00:00-02:00:00
Valid days of month: 2
Valid weekdays: Saturday, Sunday
When: 23:30:00
Current Time: 2007-01-01 12:00:00
Valid Interval: 23:00:00-02:00:00
Valid days of month: 1, 2
Valid weekdays: Saturday, Sunday
When: 23:30:00
Current Time: 2007-01-05 23:30:00
Valid Interval: 23:00:00-02:00:00
Valid days of month: 1, 2
Valid weekdays: Saturday, Sunday
When: 23:30:00
Current Time: 2007-01-06 23:00:00</StdOut>
      </Output>
    </UnitTestResult>
    <UnitTestResult executionId="c62d80c0-846d-4054-8ece-c53aaa8f239c" testId="19dee92c-717d-47c8-bd06-b9c906b33b3c" testName="GetNextTimeToTrigger_AbsoluteTimer_ReturnsCorrectTime (Data Row 33)" computerName="ICSWS068" duration="00:00:00.0039999" startTime="2016-08-04T07:57:22.7686724+02:00" endTime="2016-08-04T07:57:22.7726779+02:00" testType="13cdc9d9-ddb5-4fa4-a97d-d965ccfc6d4b" outcome="Passed" testListId="8c84fa94-04c1-424b-9868-57a2d4851a1d" relativeResultsDirectory="c62d80c0-846d-4054-8ece-c53aaa8f239c">
      <Output>
        <StdOut>TestContext Messages:
Valid Interval: 11:00:00-13:00:00
Valid days of month: 1, 2, 3, 4, 5, 6, 7, 8, 9, 10, 11, 12, 13, 14, 15, 16, 17, 18, 19, 20, 21, 22, 23, 24, 25, 26, 27, 28, 29, 30, 31
Valid weekdays: Monday, Tuesday, Wednesday, Thursday, Friday, Saturday, Sunday
When: 12:00:00
Current Time: 2011-01-01 00:00:00
Valid Interval: 11:00:00-13:00:00
Valid days of month: 1, 2, 3, 4, 5, 6, 7, 8, 9, 10, 11, 12, 13, 14, 15, 16, 17, 18, 19, 20, 21, 22, 23, 24, 25, 26, 27, 28, 29, 30, 31
Valid weekdays: Monday, Tuesday, Wednesday, Thursday, Friday, Saturday, Sunday
When: 12:00:00
Current Time: 2011-01-01 09:00:00
Valid Interval: 11:00:00-13:00:00
Valid days of month: 1, 2, 3, 4, 5, 6, 7, 8, 9, 10, 11, 12, 13, 14, 15, 16, 17, 18, 19, 20, 21, 22, 23, 24, 25, 26, 27, 28, 29, 30, 31
Valid weekdays: Monday, Tuesday, Wednesday, Thursday, Friday, Saturday, Sunday
When: 12:00:00
Current Time: 2011-01-01 11:00:00
Valid Interval: 11:00:00-13:00:00
Valid days of month: 1, 2, 3, 4, 5, 6, 7, 8, 9, 10, 11, 12, 13, 14, 15, 16, 17, 18, 19, 20, 21, 22, 23, 24, 25, 26, 27, 28, 29, 30, 31
Valid weekdays: Monday, Tuesday, Wednesday, Thursday, Friday, Saturday, Sunday
When: 12:00:00
Current Time: 2011-01-01 12:00:00
Valid Interval: 11:00:00-13:00:00
Valid days of month: 1, 2, 3, 4, 5, 6, 7, 8, 9, 10, 11, 12, 13, 14, 15, 16, 17, 18, 19, 20, 21, 22, 23, 24, 25, 26, 27, 28, 29, 30, 31
Valid weekdays: Monday, Tuesday, Wednesday, Thursday, Friday, Saturday, Sunday
When: 12:00:00
Current Time: 2011-01-01 12:30:00
Valid Interval: 11:00:00-13:00:00
Valid days of month: 1, 2, 3, 4, 5, 6, 7, 8, 9, 10, 11, 12, 13, 14, 15, 16, 17, 18, 19, 20, 21, 22, 23, 24, 25, 26, 27, 28, 29, 30, 31
Valid weekdays: Monday, Tuesday, Wednesday, Thursday, Friday, Saturday, Sunday
When: 12:00:00
Current Time: 2011-01-01 13:00:00
Valid Interval: 11:00:00-13:00:00
Valid days of month: 1, 2, 3, 4, 5, 6, 7, 8, 9, 10, 11, 12, 13, 14, 15, 16, 17, 18, 19, 20, 21, 22, 23, 24, 25, 26, 27, 28, 29, 30, 31
Valid weekdays: Monday, Tuesday, Wednesday, Thursday, Friday, Saturday, Sunday
When: 12:00:00
Current Time: 2011-01-02 00:00:00
Valid Interval: 11:00:00-13:00:00
Valid days of month: 1, 2, 3, 4, 5, 6, 7, 8, 9, 10, 11, 12, 13, 14, 15, 16, 17, 18, 19, 20, 21, 22, 23, 24, 25, 26, 27, 28, 29, 30, 31
Valid weekdays: Monday, Tuesday, Wednesday, Thursday, Friday, Saturday, Sunday
When: 12:00:00
Current Time: 2011-01-02 09:00:00
Valid Interval: 11:00:00-13:00:00
Valid days of month: 1, 2, 3, 4, 5, 6, 7, 8, 9, 10, 11, 12, 13, 14, 15, 16, 17, 18, 19, 20, 21, 22, 23, 24, 25, 26, 27, 28, 29, 30, 31
Valid weekdays: Monday, Tuesday, Wednesday, Thursday, Friday, Saturday, Sunday
When: 12:00:00
Current Time: 2011-01-02 12:00:00
Valid Interval: 11:00:00-13:00:00
Valid days of month: 1, 2, 3, 4, 5, 6, 7, 8, 9, 10, 11, 12, 13, 14, 15, 16, 17, 18, 19, 20, 21, 22, 23, 24, 25, 26, 27, 28, 29, 30, 31
Valid weekdays: Monday, Tuesday, Wednesday, Thursday, Friday, Saturday, Sunday
When: 12:00:00
Current Time: 2011-01-02 12:45:30
Valid Interval: 11:00:00-13:00:00
Valid days of month: 1, 2, 3, 4, 5, 6, 7, 8, 9, 10, 11, 12, 13, 14, 15, 16, 17, 18, 19, 20, 21, 22, 23, 24, 25, 26, 27, 28, 29, 30, 31
Valid weekdays: Monday, Tuesday, Wednesday, Thursday, Friday, Saturday, Sunday
When: 12:00:00
Current Time: 2011-01-02 13:00:00
Valid Interval: 11:00:00-13:00:00
Valid days of month: 1, 2, 3, 4, 5, 6, 7, 8, 9, 10, 11, 12, 13, 14, 15, 16, 17, 18, 19, 20, 21, 22, 23, 24, 25, 26, 27, 28, 29, 30, 31
Valid weekdays: Monday, Tuesday, Wednesday, Thursday, Friday, Saturday, Sunday
When: 12:00:00
Current Time: 2011-01-01 12:00:00
Valid Interval: 11:00:00-13:00:00
Valid days of month: 1, 2, 3, 4, 5, 6, 7, 8, 9, 10, 11, 12, 13, 14, 15, 16, 17, 18, 19, 20, 21, 22, 23, 24, 25, 26, 27, 28, 29, 30, 31
Valid weekdays: Monday, Tuesday, Wednesday, Thursday, Friday, Saturday, Sunday
When: 12:00:00
Current Time: 2011-01-01 12:30:00
Valid Interval: 11:00:00-13:00:00
Valid days of month: 1, 2, 3, 4, 5, 6, 7, 8, 9, 10, 11, 12, 13, 14, 15, 16, 17, 18, 19, 20, 21, 22, 23, 24, 25, 26, 27, 28, 29, 30, 31
Valid weekdays: Monday, Tuesday, Wednesday, Thursday, Friday, Saturday, Sunday
When: 12:00:00
Current Time: 2011-01-01 12:30:00
Valid Interval: 11:00:00-13:00:00
Valid days of month: 1, 2, 3, 4, 5, 6, 7, 8, 9, 10, 11, 12, 13, 14, 15, 16, 17, 18, 19, 20, 21, 22, 23, 24, 25, 26, 27, 28, 29, 30, 31
Valid weekdays: Monday, Tuesday, Wednesday, Thursday, Friday, Saturday, Sunday
When: 12:00:00
Current Time: 2011-01-01 13:00:00
Valid Interval: 11:00:00-13:00:00
Valid days of month: 1, 2, 3, 4, 5, 6, 7, 8, 9, 10, 11, 12, 13, 14, 15, 16, 17, 18, 19, 20, 21, 22, 23, 24, 25, 26, 27, 28, 29, 30, 31
Valid weekdays: Monday, Tuesday, Wednesday, Thursday, Friday, Saturday, Sunday
When: 12:00:00
Current Time: 2011-01-01 14:30:00
Valid Interval: 23:00:00-13:00:00
Valid days of month: 1, 2, 3, 4, 5, 6, 7, 8, 9, 10, 11, 12, 13, 14, 15, 16, 17, 18, 19, 20, 21, 22, 23, 24, 25, 26, 27, 28, 29, 30, 31
Valid weekdays: Monday, Tuesday, Wednesday, Thursday, Friday, Saturday, Sunday
When: 23:30:00
Current Time: 2011-01-01 16:00:00
Valid Interval: 23:00:00-13:00:00
Valid days of month: 1, 2, 3, 4, 5, 6, 7, 8, 9, 10, 11, 12, 13, 14, 15, 16, 17, 18, 19, 20, 21, 22, 23, 24, 25, 26, 27, 28, 29, 30, 31
Valid weekdays: Monday, Tuesday, Wednesday, Thursday, Friday, Saturday, Sunday
When: 23:30:00
Current Time: 2011-01-01 23:00:00
Valid Interval: 23:00:00-13:00:00
Valid days of month: 1, 2, 3, 4, 5, 6, 7, 8, 9, 10, 11, 12, 13, 14, 15, 16, 17, 18, 19, 20, 21, 22, 23, 24, 25, 26, 27, 28, 29, 30, 31
Valid weekdays: Monday, Tuesday, Wednesday, Thursday, Friday, Saturday, Sunday
When: 23:30:00
Current Time: 2011-01-01 23:30:00
Valid Interval: 23:00:00-13:00:00
Valid days of month: 1, 2, 3, 4, 5, 6, 7, 8, 9, 10, 11, 12, 13, 14, 15, 16, 17, 18, 19, 20, 21, 22, 23, 24, 25, 26, 27, 28, 29, 30, 31
Valid weekdays: Monday, Tuesday, Wednesday, Thursday, Friday, Saturday, Sunday
When: 23:30:00
Current Time: 2011-01-01 23:45:00
Valid Interval: 23:00:00-13:00:00
Valid days of month: 1, 2, 3, 4, 5, 6, 7, 8, 9, 10, 11, 12, 13, 14, 15, 16, 17, 18, 19, 20, 21, 22, 23, 24, 25, 26, 27, 28, 29, 30, 31
Valid weekdays: Monday, Tuesday, Wednesday, Thursday, Friday, Saturday, Sunday
When: 23:30:00
Current Time: 2011-01-02 00:30:00
Valid Interval: 23:00:00-13:00:00
Valid days of month: 1, 2, 3, 4, 5, 6, 7, 8, 9, 10, 11, 12, 13, 14, 15, 16, 17, 18, 19, 20, 21, 22, 23, 24, 25, 26, 27, 28, 29, 30, 31
Valid weekdays: Monday, Tuesday, Wednesday, Thursday, Friday, Saturday, Sunday
When: 23:30:00
Current Time: 2011-01-01 13:00:00
Valid Interval: 23:00:00-13:00:00
Valid days of month: 1, 2, 3, 4, 5, 6, 7, 8, 9, 10, 11, 12, 13, 14, 15, 16, 17, 18, 19, 20, 21, 22, 23, 24, 25, 26, 27, 28, 29, 30, 31
Valid weekdays: Monday, Tuesday, Wednesday, Thursday, Friday, Saturday, Sunday
When: 01:00:00
Current Time: 2011-01-01 16:00:00
Valid Interval: 23:00:00-13:00:00
Valid days of month: 1, 2, 3, 4, 5, 6, 7, 8, 9, 10, 11, 12, 13, 14, 15, 16, 17, 18, 19, 20, 21, 22, 23, 24, 25, 26, 27, 28, 29, 30, 31
Valid weekdays: Monday, Tuesday, Wednesday, Thursday, Friday, Saturday, Sunday
When: 01:00:00
Current Time: 2011-01-01 23:00:00
Valid Interval: 23:00:00-13:00:00
Valid days of month: 1, 2, 3, 4, 5, 6, 7, 8, 9, 10, 11, 12, 13, 14, 15, 16, 17, 18, 19, 20, 21, 22, 23, 24, 25, 26, 27, 28, 29, 30, 31
Valid weekdays: Monday, Tuesday, Wednesday, Thursday, Friday, Saturday, Sunday
When: 01:00:00
Current Time: 2011-01-01 23:30:00
Valid Interval: 23:00:00-13:00:00
Valid days of month: 1, 2, 3, 4, 5, 6, 7, 8, 9, 10, 11, 12, 13, 14, 15, 16, 17, 18, 19, 20, 21, 22, 23, 24, 25, 26, 27, 28, 29, 30, 31
Valid weekdays: Monday, Tuesday, Wednesday, Thursday, Friday, Saturday, Sunday
When: 01:00:00
Current Time: 2011-01-02 00:30:00
Valid Interval: 23:00:00-13:00:00
Valid days of month: 1, 2, 3, 4, 5, 6, 7, 8, 9, 10, 11, 12, 13, 14, 15, 16, 17, 18, 19, 20, 21, 22, 23, 24, 25, 26, 27, 28, 29, 30, 31
Valid weekdays: Monday, Tuesday, Wednesday, Thursday, Friday, Saturday, Sunday
When: 01:00:00
Current Time: 2011-01-01 02:00:00
Valid Interval: 23:00:00-13:00:00
Valid days of month: 1, 2, 3, 4, 5, 6, 7, 8, 9, 10, 11, 12, 13, 14, 15, 16, 17, 18, 19, 20, 21, 22, 23, 24, 25, 26, 27, 28, 29, 30, 31
Valid weekdays: Monday, Tuesday, Wednesday, Thursday, Friday, Saturday, Sunday
When: 01:00:00
Current Time: 2011-01-01 13:00:00
Valid Interval: 23:00:00-13:00:00
Valid days of month: 1, 2, 3, 4, 5, 6, 7, 8, 9, 10, 11, 12, 13, 14, 15, 16, 17, 18, 19, 20, 21, 22, 23, 24, 25, 26, 27, 28, 29, 30, 31
Valid weekdays: Monday, Tuesday, Wednesday, Thursday, Friday, Saturday, Sunday
When: 23:30:00
Current Time: 2011-01-01 16:00:00
Valid Interval: 23:00:00-13:00:00
Valid days of month: 1, 2, 3, 4, 5, 6, 7, 8, 9, 10, 11, 12, 13, 14, 15, 16, 17, 18, 19, 20, 21, 22, 23, 24, 25, 26, 27, 28, 29, 30, 31
Valid weekdays: Monday, Tuesday, Wednesday, Thursday, Friday, Saturday, Sunday
When: 23:30:00
Current Time: 2011-01-01 23:00:00
Valid Interval: 23:00:00-13:00:00
Valid days of month: 1, 2, 3, 4, 5, 6, 7, 8, 9, 10, 11, 12, 13, 14, 15, 16, 17, 18, 19, 20, 21, 22, 23, 24, 25, 26, 27, 28, 29, 30, 31
Valid weekdays: Monday, Tuesday, Wednesday, Thursday, Friday, Saturday, Sunday
When: 23:30:00
Current Time: 2011-01-01 23:30:00
Valid Interval: 23:00:00-13:00:00
Valid days of month: 1, 2, 3, 4, 5, 6, 7, 8, 9, 10, 11, 12, 13, 14, 15, 16, 17, 18, 19, 20, 21, 22, 23, 24, 25, 26, 27, 28, 29, 30, 31
Valid weekdays: Monday, Tuesday, Wednesday, Thursday, Friday, Saturday, Sunday
When: 23:30:00
Current Time: 2011-01-01 23:45:00
Valid Interval: 23:00:00-13:00:00
Valid days of month: 1, 2, 3, 4, 5, 6, 7, 8, 9, 10, 11, 12, 13, 14, 15, 16, 17, 18, 19, 20, 21, 22, 23, 24, 25, 26, 27, 28, 29, 30, 31
Valid weekdays: Monday, Tuesday, Wednesday, Thursday, Friday, Saturday, Sunday
When: 23:30:00
Current Time: 2011-01-02 00:30:00
Valid Interval: 23:00:00-13:00:00
Valid days of month: 1, 2, 3, 4, 5, 6, 7, 8, 9, 10, 11, 12, 13, 14, 15, 16, 17, 18, 19, 20, 21, 22, 23, 24, 25, 26, 27, 28, 29, 30, 31
Valid weekdays: Monday, Tuesday, Wednesday, Thursday, Friday, Saturday, Sunday
When: 23:30:00
Current Time: 2011-01-01 13:00:00
Valid Interval: 23:00:00-13:00:00
Valid days of month: 1, 2, 3, 4, 5, 6, 7, 8, 9, 10, 11, 12, 13, 14, 15, 16, 17, 18, 19, 20, 21, 22, 23, 24, 25, 26, 27, 28, 29, 30, 31
Valid weekdays: Monday, Tuesday, Wednesday, Thursday, Friday, Saturday, Sunday
When: 01:00:00
Current Time: 2011-01-01 16:00:00
Valid Interval: 23:00:00-13:00:00
Valid days of month: 1, 2, 3, 4, 5, 6, 7, 8, 9, 10, 11, 12, 13, 14, 15, 16, 17, 18, 19, 20, 21, 22, 23, 24, 25, 26, 27, 28, 29, 30, 31
Valid weekdays: Monday, Tuesday, Wednesday, Thursday, Friday, Saturday, Sunday
When: 01:00:00
Current Time: 2011-01-01 23:00:00
Valid Interval: 23:00:00-13:00:00
Valid days of month: 1, 2, 3, 4, 5, 6, 7, 8, 9, 10, 11, 12, 13, 14, 15, 16, 17, 18, 19, 20, 21, 22, 23, 24, 25, 26, 27, 28, 29, 30, 31
Valid weekdays: Monday, Tuesday, Wednesday, Thursday, Friday, Saturday, Sunday
When: 01:00:00
Current Time: 2011-01-01 23:30:00
Valid Interval: 23:00:00-13:00:00
Valid days of month: 1, 2, 3, 4, 5, 6, 7, 8, 9, 10, 11, 12, 13, 14, 15, 16, 17, 18, 19, 20, 21, 22, 23, 24, 25, 26, 27, 28, 29, 30, 31
Valid weekdays: Monday, Tuesday, Wednesday, Thursday, Friday, Saturday, Sunday
When: 01:00:00
Current Time: 2011-01-02 00:30:00
Valid Interval: 23:00:00-13:00:00
Valid days of month: 1, 2, 3, 4, 5, 6, 7, 8, 9, 10, 11, 12, 13, 14, 15, 16, 17, 18, 19, 20, 21, 22, 23, 24, 25, 26, 27, 28, 29, 30, 31
Valid weekdays: Monday, Tuesday, Wednesday, Thursday, Friday, Saturday, Sunday
When: 01:00:00
Current Time: 2011-01-02 02:00:00
Valid Interval: 23:00:00-13:00:00
Valid days of month: 1, 2, 3, 4, 5, 6, 7, 8, 9, 10, 11, 12, 13, 14, 15, 16, 17, 18, 19, 20, 21, 22, 23, 24, 25, 26, 27, 28, 29, 30, 31
Valid weekdays: Monday, Tuesday, Wednesday, Thursday, Friday, Saturday, Sunday
When: 01:00:00
Current Time: 2011-01-02 13:00:00
Valid Interval: 23:00:00-13:00:00
Valid days of month: 1, 2, 3, 4, 5, 6, 7, 8, 9, 10, 11, 12, 13, 14, 15, 16, 17, 18, 19, 20, 21, 22, 23, 24, 25, 26, 27, 28, 29, 30, 31
Valid weekdays: Monday, Tuesday, Wednesday, Thursday, Friday, Saturday, Sunday
When: 23:30:00
Current Time: 2011-01-01 23:30:05
Valid Interval: 23:00:00-13:00:00
Valid days of month: 1, 2, 3, 4, 5, 6, 7, 8, 9, 10, 11, 12, 13, 14, 15, 16, 17, 18, 19, 20, 21, 22, 23, 24, 25, 26, 27, 28, 29, 30, 31
Valid weekdays: Monday, Tuesday, Wednesday, Thursday, Friday, Saturday, Sunday
When: 23:30:00
Current Time: 2011-01-02 00:30:00
Valid Interval: 23:00:00-13:00:00
Valid days of month: 1, 2, 3, 4, 5, 6, 7, 8, 9, 10, 11, 12, 13, 14, 15, 16, 17, 18, 19, 20, 21, 22, 23, 24, 25, 26, 27, 28, 29, 30, 31
Valid weekdays: Monday, Tuesday, Wednesday, Thursday, Friday, Saturday, Sunday
When: 23:30:00
Current Time: 2011-01-02 13:00:00
Valid Interval: 23:00:00-13:00:00
Valid days of month: 1, 2, 3, 4, 5, 6, 7, 8, 9, 10, 11, 12, 13, 14, 15, 16, 17, 18, 19, 20, 21, 22, 23, 24, 25, 26, 27, 28, 29, 30, 31
Valid weekdays: Monday, Tuesday, Wednesday, Thursday, Friday, Saturday, Sunday
When: 01:00:00
Current Time: 2011-01-01 02:00:00
Valid Interval: 23:00:00-13:00:00
Valid days of month: 1, 2, 3, 4, 5, 6, 7, 8, 9, 10, 11, 12, 13, 14, 15, 16, 17, 18, 19, 20, 21, 22, 23, 24, 25, 26, 27, 28, 29, 30, 31
Valid weekdays: Monday, Tuesday, Wednesday, Thursday, Friday, Saturday, Sunday
When: 01:00:00
Current Time: 2011-01-02 02:00:00
Valid Interval: 13:00:00-16:00:00
Valid days of month: 1, 2, 3, 4, 5, 6, 7, 8, 9, 10, 11, 12, 13, 14, 15, 16, 17, 18, 19, 20, 21, 22, 23, 24, 25, 26, 27, 28, 29, 30, 31
Valid weekdays: Saturday, Sunday
When: 14:00:00
Current Time: 2007-01-01 12:00:00
Valid Interval: 13:00:00-16:00:00
Valid days of month: 1, 2, 3, 4, 5, 6, 7, 8, 9, 10, 11, 12, 13, 14, 15, 16, 17, 18, 19, 20, 21, 22, 23, 24, 25, 26, 27, 28, 29, 30, 31
Valid weekdays: Saturday, Sunday
When: 14:00:00
Current Time: 2007-01-02 13:30:00
Valid Interval: 13:00:00-16:00:00
Valid days of month: 1, 2, 3, 4, 5, 6, 7, 8, 9, 10, 11, 12, 13, 14, 15, 16, 17, 18, 19, 20, 21, 22, 23, 24, 25, 26, 27, 28, 29, 30, 31
Valid weekdays: Saturday, Sunday
When: 14:00:00
Current Time: 2007-01-06 13:30:00
Valid Interval: 13:00:00-16:00:00
Valid days of month: 1, 2, 3, 4, 5, 6, 7, 8, 9, 10, 11, 12, 13, 14, 15, 16, 17, 18, 19, 20, 21, 22, 23, 24, 25, 26, 27, 28, 29, 30, 31
Valid weekdays: Saturday, Sunday
When: 14:00:00
Current Time: 2007-01-06 14:30:00
Valid Interval: 13:00:00-16:00:00
Valid days of month: 1, 2, 3, 4, 5, 6, 7, 8, 9, 10, 11, 12, 13, 14, 15, 16, 17, 18, 19, 20, 21, 22, 23, 24, 25, 26, 27, 28, 29, 30, 31
Valid weekdays: Saturday, Sunday
When: 14:00:00
Current Time: 2007-01-06 16:30:00
Valid Interval: 13:00:00-16:00:00
Valid days of month: 1, 2, 3, 4, 5, 6, 7, 8, 9, 10, 11, 12, 13, 14, 15, 16, 17, 18, 19, 20, 21, 22, 23, 24, 25, 26, 27, 28, 29, 30, 31
Valid weekdays: Saturday, Sunday
When: 14:00:00
Current Time: 2007-01-07 16:00:00
Valid Interval: 23:00:00-02:00:00
Valid days of month: 1, 2, 3, 4, 5, 6, 7, 8, 9, 10, 11, 12, 13, 14, 15, 16, 17, 18, 19, 20, 21, 22, 23, 24, 25, 26, 27, 28, 29, 30, 31
Valid weekdays: Saturday, Sunday
When: 01:00:00
Current Time: 2007-01-01 12:00:00
Valid Interval: 23:00:00-02:00:00
Valid days of month: 1, 2, 3, 4, 5, 6, 7, 8, 9, 10, 11, 12, 13, 14, 15, 16, 17, 18, 19, 20, 21, 22, 23, 24, 25, 26, 27, 28, 29, 30, 31
Valid weekdays: Saturday, Sunday
When: 01:00:00
Current Time: 2007-01-02 01:00:00
Valid Interval: 23:00:00-02:00:00
Valid days of month: 1, 2, 3, 4, 5, 6, 7, 8, 9, 10, 11, 12, 13, 14, 15, 16, 17, 18, 19, 20, 21, 22, 23, 24, 25, 26, 27, 28, 29, 30, 31
Valid weekdays: Saturday, Sunday
When: 01:00:00
Current Time: 2007-01-06 00:30:00
Valid Interval: 23:00:00-02:00:00
Valid days of month: 1, 2, 3, 4, 5, 6, 7, 8, 9, 10, 11, 12, 13, 14, 15, 16, 17, 18, 19, 20, 21, 22, 23, 24, 25, 26, 27, 28, 29, 30, 31
Valid weekdays: Saturday, Sunday
When: 01:00:00
Current Time: 2007-01-06 01:30:00
Valid Interval: 23:00:00-02:00:00
Valid days of month: 1, 2, 3, 4, 5, 6, 7, 8, 9, 10, 11, 12, 13, 14, 15, 16, 17, 18, 19, 20, 21, 22, 23, 24, 25, 26, 27, 28, 29, 30, 31
Valid weekdays: Saturday, Sunday
When: 01:00:00
Current Time: 2007-01-06 02:30:00
Valid Interval: 23:00:00-02:00:00
Valid days of month: 1, 2, 3, 4, 5, 6, 7, 8, 9, 10, 11, 12, 13, 14, 15, 16, 17, 18, 19, 20, 21, 22, 23, 24, 25, 26, 27, 28, 29, 30, 31
Valid weekdays: Saturday, Sunday
When: 01:00:00
Current Time: 2007-01-07 02:00:00
Valid Interval: 23:00:00-02:00:00
Valid days of month: 1, 2, 3, 4, 5, 6, 7, 8, 9, 10, 11, 12, 13, 14, 15, 16, 17, 18, 19, 20, 21, 22, 23, 24, 25, 26, 27, 28, 29, 30, 31
Valid weekdays: Saturday, Sunday
When: 23:30:00
Current Time: 2007-01-01 12:00:00
Valid Interval: 23:00:00-02:00:00
Valid days of month: 1, 2, 3, 4, 5, 6, 7, 8, 9, 10, 11, 12, 13, 14, 15, 16, 17, 18, 19, 20, 21, 22, 23, 24, 25, 26, 27, 28, 29, 30, 31
Valid weekdays: Saturday, Sunday
When: 23:30:00
Current Time: 2007-01-05 23:30:00
Valid Interval: 23:00:00-02:00:00
Valid days of month: 1, 2, 3, 4, 5, 6, 7, 8, 9, 10, 11, 12, 13, 14, 15, 16, 17, 18, 19, 20, 21, 22, 23, 24, 25, 26, 27, 28, 29, 30, 31
Valid weekdays: Saturday, Sunday
When: 23:30:00
Current Time: 2007-01-06 23:00:00
Valid Interval: 23:00:00-02:00:00
Valid days of month: 1, 2, 3, 4, 5, 6, 7, 8, 9, 10, 11, 12, 13, 14, 15, 16, 17, 18, 19, 20, 21, 22, 23, 24, 25, 26, 27, 28, 29, 30, 31
Valid weekdays: Saturday, Sunday
When: 23:30:00
Current Time: 2007-01-06 02:00:00
Valid Interval: 23:00:00-02:00:00
Valid days of month: 1, 2, 3, 4, 5, 6, 7, 8, 9, 10, 11, 12, 13, 14, 15, 16, 17, 18, 19, 20, 21, 22, 23, 24, 25, 26, 27, 28, 29, 30, 31
Valid weekdays: Saturday, Sunday
When: 23:30:00
Current Time: 2007-01-07 23:40:00
Valid Interval: 23:00:00-02:00:00
Valid days of month: 1, 2, 3, 4, 5, 6, 7, 8, 9, 10, 11, 12, 13, 14, 15, 16, 17, 18, 19, 20, 21, 22, 23, 24, 25, 26, 27, 28, 29, 30, 31
Valid weekdays: Saturday, Sunday
When: 23:30:00
Current Time: 2007-01-07 01:00:00
Valid Interval: 13:00:00-16:00:00
Valid days of month: 1, 2, 3, 4, 5, 6, 7, 8, 9, 10, 11, 12, 13, 14, 15, 16, 17, 18, 19, 20, 21, 22, 23, 24, 25, 26, 27, 28, 29, 30, 31
Valid weekdays: Saturday, Sunday
When: 14:00:00
Current Time: 2007-01-01 12:00:00
Valid Interval: 13:00:00-16:00:00
Valid days of month: 1, 2, 3, 4, 5, 6, 7, 8, 9, 10, 11, 12, 13, 14, 15, 16, 17, 18, 19, 20, 21, 22, 23, 24, 25, 26, 27, 28, 29, 30, 31
Valid weekdays: Saturday, Sunday
When: 14:00:00
Current Time: 2007-01-02 13:30:00
Valid Interval: 13:00:00-16:00:00
Valid days of month: 1, 2, 3, 4, 5, 6, 7, 8, 9, 10, 11, 12, 13, 14, 15, 16, 17, 18, 19, 20, 21, 22, 23, 24, 25, 26, 27, 28, 29, 30, 31
Valid weekdays: Saturday, Sunday
When: 14:00:00
Current Time: 2007-01-06 13:30:00
Valid Interval: 13:00:00-16:00:00
Valid days of month: 1, 2, 3, 4, 5, 6, 7, 8, 9, 10, 11, 12, 13, 14, 15, 16, 17, 18, 19, 20, 21, 22, 23, 24, 25, 26, 27, 28, 29, 30, 31
Valid weekdays: Saturday, Sunday
When: 14:00:00
Current Time: 2007-01-06 14:30:00
Valid Interval: 13:00:00-16:00:00
Valid days of month: 1, 2, 3, 4, 5, 6, 7, 8, 9, 10, 11, 12, 13, 14, 15, 16, 17, 18, 19, 20, 21, 22, 23, 24, 25, 26, 27, 28, 29, 30, 31
Valid weekdays: Saturday, Sunday
When: 14:00:00
Current Time: 2007-01-06 16:30:00
Valid Interval: 13:00:00-16:00:00
Valid days of month: 1, 2, 3, 4, 5, 6, 7, 8, 9, 10, 11, 12, 13, 14, 15, 16, 17, 18, 19, 20, 21, 22, 23, 24, 25, 26, 27, 28, 29, 30, 31
Valid weekdays: Saturday, Sunday
When: 14:00:00
Current Time: 2007-01-07 16:00:00
Valid Interval: 23:00:00-02:00:00
Valid days of month: 1, 2, 3, 4, 5, 6, 7, 8, 9, 10, 11, 12, 13, 14, 15, 16, 17, 18, 19, 20, 21, 22, 23, 24, 25, 26, 27, 28, 29, 30, 31
Valid weekdays: Saturday, Sunday
When: 01:00:00
Current Time: 2007-01-01 12:00:00
Valid Interval: 23:00:00-02:00:00
Valid days of month: 1, 2, 3, 4, 5, 6, 7, 8, 9, 10, 11, 12, 13, 14, 15, 16, 17, 18, 19, 20, 21, 22, 23, 24, 25, 26, 27, 28, 29, 30, 31
Valid weekdays: Saturday, Sunday
When: 01:00:00
Current Time: 2007-01-02 01:00:00
Valid Interval: 23:00:00-02:00:00
Valid days of month: 1, 2, 3, 4, 5, 6, 7, 8, 9, 10, 11, 12, 13, 14, 15, 16, 17, 18, 19, 20, 21, 22, 23, 24, 25, 26, 27, 28, 29, 30, 31
Valid weekdays: Saturday, Sunday
When: 01:00:00
Current Time: 2007-01-06 00:30:00
Valid Interval: 23:00:00-02:00:00
Valid days of month: 1, 2, 3, 4, 5, 6, 7, 8, 9, 10, 11, 12, 13, 14, 15, 16, 17, 18, 19, 20, 21, 22, 23, 24, 25, 26, 27, 28, 29, 30, 31
Valid weekdays: Saturday, Sunday
When: 01:00:00
Current Time: 2007-01-06 02:30:00
Valid Interval: 23:00:00-02:00:00
Valid days of month: 1, 2, 3, 4, 5, 6, 7, 8, 9, 10, 11, 12, 13, 14, 15, 16, 17, 18, 19, 20, 21, 22, 23, 24, 25, 26, 27, 28, 29, 30, 31
Valid weekdays: Saturday, Sunday
When: 23:30:00
Current Time: 2007-01-01 12:00:00
Valid Interval: 23:00:00-02:00:00
Valid days of month: 1, 2, 3, 4, 5, 6, 7, 8, 9, 10, 11, 12, 13, 14, 15, 16, 17, 18, 19, 20, 21, 22, 23, 24, 25, 26, 27, 28, 29, 30, 31
Valid weekdays: Saturday, Sunday
When: 23:30:00
Current Time: 2007-01-05 23:30:00
Valid Interval: 23:00:00-02:00:00
Valid days of month: 1, 2, 3, 4, 5, 6, 7, 8, 9, 10, 11, 12, 13, 14, 15, 16, 17, 18, 19, 20, 21, 22, 23, 24, 25, 26, 27, 28, 29, 30, 31
Valid weekdays: Saturday, Sunday
When: 23:30:00
Current Time: 2007-01-06 23:00:00
Valid Interval: 23:00:00-02:00:00
Valid days of month: 1, 2, 3, 4, 5, 6, 7, 8, 9, 10, 11, 12, 13, 14, 15, 16, 17, 18, 19, 20, 21, 22, 23, 24, 25, 26, 27, 28, 29, 30, 31
Valid weekdays: Saturday, Sunday
When: 23:30:00
Current Time: 2007-01-06 02:00:00
Valid Interval: 23:00:00-02:00:00
Valid days of month: 1, 2, 3, 4, 5, 6, 7, 8, 9, 10, 11, 12, 13, 14, 15, 16, 17, 18, 19, 20, 21, 22, 23, 24, 25, 26, 27, 28, 29, 30, 31
Valid weekdays: Saturday, Sunday
When: 23:30:00
Current Time: 2007-01-07 23:40:00
Valid Interval: 23:00:00-02:00:00
Valid days of month: 1, 2, 3, 4, 5, 6, 7, 8, 9, 10, 11, 12, 13, 14, 15, 16, 17, 18, 19, 20, 21, 22, 23, 24, 25, 26, 27, 28, 29, 30, 31
Valid weekdays: Saturday, Sunday
When: 23:30:00
Current Time: 2007-01-07 01:00:00
Valid Interval: 13:00:00-16:00:00
Valid days of month: 1, 2, 3, 4, 5, 6, 7, 8, 9, 10, 11, 12, 13, 14, 15, 16, 17, 18, 19, 20, 21, 22, 23, 24, 25, 26, 27, 28, 29, 30, 31
Valid weekdays: Saturday, Sunday
When: 14:00:00
Current Time: 2007-01-06 14:30:00
Valid Interval: 13:00:00-16:00:00
Valid days of month: 1, 2, 3, 4, 5, 6, 7, 8, 9, 10, 11, 12, 13, 14, 15, 16, 17, 18, 19, 20, 21, 22, 23, 24, 25, 26, 27, 28, 29, 30, 31
Valid weekdays: Saturday, Sunday
When: 14:00:00
Current Time: 2007-01-07 15:00:00
Valid Interval: 23:00:00-02:00:00
Valid days of month: 1, 2, 3, 4, 5, 6, 7, 8, 9, 10, 11, 12, 13, 14, 15, 16, 17, 18, 19, 20, 21, 22, 23, 24, 25, 26, 27, 28, 29, 30, 31
Valid weekdays: Saturday, Sunday
When: 01:00:00
Current Time: 2007-01-06 01:30:00
Valid Interval: 23:00:00-02:00:00
Valid days of month: 1, 2, 3, 4, 5, 6, 7, 8, 9, 10, 11, 12, 13, 14, 15, 16, 17, 18, 19, 20, 21, 22, 23, 24, 25, 26, 27, 28, 29, 30, 31
Valid weekdays: Saturday, Sunday
When: 01:00:00
Current Time: 2007-01-07 01:30:00
Valid Interval: 23:00:00-02:00:00
Valid days of month: 1, 2, 3, 4, 5, 6, 7, 8, 9, 10, 11, 12, 13, 14, 15, 16, 17, 18, 19, 20, 21, 22, 23, 24, 25, 26, 27, 28, 29, 30, 31
Valid weekdays: Saturday, Sunday
When: 23:30:00
Current Time: 2007-01-06 23:02:00
Valid Interval: 23:00:00-02:00:00
Valid days of month: 1, 2, 3, 4, 5, 6, 7, 8, 9, 10, 11, 12, 13, 14, 15, 16, 17, 18, 19, 20, 21, 22, 23, 24, 25, 26, 27, 28, 29, 30, 31
Valid weekdays: Saturday, Sunday
When: 23:30:00
Current Time: 2007-01-06 01:10:00
Valid Interval: 23:00:00-02:00:00
Valid days of month: 1, 2, 3, 4, 5, 6, 7, 8, 9, 10, 11, 12, 13, 14, 15, 16, 17, 18, 19, 20, 21, 22, 23, 24, 25, 26, 27, 28, 29, 30, 31
Valid weekdays: Saturday, Sunday
When: 23:30:00
Current Time: 2007-01-07 01:00:40
Valid Interval: 23:00:00-02:00:00
Valid days of month: 2
Valid weekdays: Saturday, Sunday
When: 23:30:00
Current Time: 2007-01-01 12:00:00
Valid Interval: 23:00:00-02:00:00
Valid days of month: 1, 2
Valid weekdays: Saturday, Sunday
When: 23:30:00
Current Time: 2007-01-05 23:30:00
Valid Interval: 23:00:00-02:00:00
Valid days of month: 1, 2
Valid weekdays: Saturday, Sunday
When: 23:30:00
Current Time: 2007-01-06 23:00:00</StdOut>
      </Output>
    </UnitTestResult>
    <UnitTestResult executionId="e257bcea-31b8-4291-9d87-f9a9651ddfb9" testId="28a73f42-d018-4a23-9998-75b3621f6f0c" testName="GetNextTimeToTrigger_AbsoluteTimer_ReturnsCorrectTime (Data Row 34)" computerName="ICSWS068" duration="00:00:00.0036700" startTime="2016-08-04T07:57:22.7726779+02:00" endTime="2016-08-04T07:57:22.7761805+02:00" testType="13cdc9d9-ddb5-4fa4-a97d-d965ccfc6d4b" outcome="Passed" testListId="8c84fa94-04c1-424b-9868-57a2d4851a1d" relativeResultsDirectory="e257bcea-31b8-4291-9d87-f9a9651ddfb9">
      <Output>
        <StdOut>TestContext Messages:
Valid Interval: 11:00:00-13:00:00
Valid days of month: 1, 2, 3, 4, 5, 6, 7, 8, 9, 10, 11, 12, 13, 14, 15, 16, 17, 18, 19, 20, 21, 22, 23, 24, 25, 26, 27, 28, 29, 30, 31
Valid weekdays: Monday, Tuesday, Wednesday, Thursday, Friday, Saturday, Sunday
When: 12:00:00
Current Time: 2011-01-01 00:00:00
Valid Interval: 11:00:00-13:00:00
Valid days of month: 1, 2, 3, 4, 5, 6, 7, 8, 9, 10, 11, 12, 13, 14, 15, 16, 17, 18, 19, 20, 21, 22, 23, 24, 25, 26, 27, 28, 29, 30, 31
Valid weekdays: Monday, Tuesday, Wednesday, Thursday, Friday, Saturday, Sunday
When: 12:00:00
Current Time: 2011-01-01 09:00:00
Valid Interval: 11:00:00-13:00:00
Valid days of month: 1, 2, 3, 4, 5, 6, 7, 8, 9, 10, 11, 12, 13, 14, 15, 16, 17, 18, 19, 20, 21, 22, 23, 24, 25, 26, 27, 28, 29, 30, 31
Valid weekdays: Monday, Tuesday, Wednesday, Thursday, Friday, Saturday, Sunday
When: 12:00:00
Current Time: 2011-01-01 11:00:00
Valid Interval: 11:00:00-13:00:00
Valid days of month: 1, 2, 3, 4, 5, 6, 7, 8, 9, 10, 11, 12, 13, 14, 15, 16, 17, 18, 19, 20, 21, 22, 23, 24, 25, 26, 27, 28, 29, 30, 31
Valid weekdays: Monday, Tuesday, Wednesday, Thursday, Friday, Saturday, Sunday
When: 12:00:00
Current Time: 2011-01-01 12:00:00
Valid Interval: 11:00:00-13:00:00
Valid days of month: 1, 2, 3, 4, 5, 6, 7, 8, 9, 10, 11, 12, 13, 14, 15, 16, 17, 18, 19, 20, 21, 22, 23, 24, 25, 26, 27, 28, 29, 30, 31
Valid weekdays: Monday, Tuesday, Wednesday, Thursday, Friday, Saturday, Sunday
When: 12:00:00
Current Time: 2011-01-01 12:30:00
Valid Interval: 11:00:00-13:00:00
Valid days of month: 1, 2, 3, 4, 5, 6, 7, 8, 9, 10, 11, 12, 13, 14, 15, 16, 17, 18, 19, 20, 21, 22, 23, 24, 25, 26, 27, 28, 29, 30, 31
Valid weekdays: Monday, Tuesday, Wednesday, Thursday, Friday, Saturday, Sunday
When: 12:00:00
Current Time: 2011-01-01 13:00:00
Valid Interval: 11:00:00-13:00:00
Valid days of month: 1, 2, 3, 4, 5, 6, 7, 8, 9, 10, 11, 12, 13, 14, 15, 16, 17, 18, 19, 20, 21, 22, 23, 24, 25, 26, 27, 28, 29, 30, 31
Valid weekdays: Monday, Tuesday, Wednesday, Thursday, Friday, Saturday, Sunday
When: 12:00:00
Current Time: 2011-01-02 00:00:00
Valid Interval: 11:00:00-13:00:00
Valid days of month: 1, 2, 3, 4, 5, 6, 7, 8, 9, 10, 11, 12, 13, 14, 15, 16, 17, 18, 19, 20, 21, 22, 23, 24, 25, 26, 27, 28, 29, 30, 31
Valid weekdays: Monday, Tuesday, Wednesday, Thursday, Friday, Saturday, Sunday
When: 12:00:00
Current Time: 2011-01-02 09:00:00
Valid Interval: 11:00:00-13:00:00
Valid days of month: 1, 2, 3, 4, 5, 6, 7, 8, 9, 10, 11, 12, 13, 14, 15, 16, 17, 18, 19, 20, 21, 22, 23, 24, 25, 26, 27, 28, 29, 30, 31
Valid weekdays: Monday, Tuesday, Wednesday, Thursday, Friday, Saturday, Sunday
When: 12:00:00
Current Time: 2011-01-02 12:00:00
Valid Interval: 11:00:00-13:00:00
Valid days of month: 1, 2, 3, 4, 5, 6, 7, 8, 9, 10, 11, 12, 13, 14, 15, 16, 17, 18, 19, 20, 21, 22, 23, 24, 25, 26, 27, 28, 29, 30, 31
Valid weekdays: Monday, Tuesday, Wednesday, Thursday, Friday, Saturday, Sunday
When: 12:00:00
Current Time: 2011-01-02 12:45:30
Valid Interval: 11:00:00-13:00:00
Valid days of month: 1, 2, 3, 4, 5, 6, 7, 8, 9, 10, 11, 12, 13, 14, 15, 16, 17, 18, 19, 20, 21, 22, 23, 24, 25, 26, 27, 28, 29, 30, 31
Valid weekdays: Monday, Tuesday, Wednesday, Thursday, Friday, Saturday, Sunday
When: 12:00:00
Current Time: 2011-01-02 13:00:00
Valid Interval: 11:00:00-13:00:00
Valid days of month: 1, 2, 3, 4, 5, 6, 7, 8, 9, 10, 11, 12, 13, 14, 15, 16, 17, 18, 19, 20, 21, 22, 23, 24, 25, 26, 27, 28, 29, 30, 31
Valid weekdays: Monday, Tuesday, Wednesday, Thursday, Friday, Saturday, Sunday
When: 12:00:00
Current Time: 2011-01-01 12:00:00
Valid Interval: 11:00:00-13:00:00
Valid days of month: 1, 2, 3, 4, 5, 6, 7, 8, 9, 10, 11, 12, 13, 14, 15, 16, 17, 18, 19, 20, 21, 22, 23, 24, 25, 26, 27, 28, 29, 30, 31
Valid weekdays: Monday, Tuesday, Wednesday, Thursday, Friday, Saturday, Sunday
When: 12:00:00
Current Time: 2011-01-01 12:30:00
Valid Interval: 11:00:00-13:00:00
Valid days of month: 1, 2, 3, 4, 5, 6, 7, 8, 9, 10, 11, 12, 13, 14, 15, 16, 17, 18, 19, 20, 21, 22, 23, 24, 25, 26, 27, 28, 29, 30, 31
Valid weekdays: Monday, Tuesday, Wednesday, Thursday, Friday, Saturday, Sunday
When: 12:00:00
Current Time: 2011-01-01 12:30:00
Valid Interval: 11:00:00-13:00:00
Valid days of month: 1, 2, 3, 4, 5, 6, 7, 8, 9, 10, 11, 12, 13, 14, 15, 16, 17, 18, 19, 20, 21, 22, 23, 24, 25, 26, 27, 28, 29, 30, 31
Valid weekdays: Monday, Tuesday, Wednesday, Thursday, Friday, Saturday, Sunday
When: 12:00:00
Current Time: 2011-01-01 13:00:00
Valid Interval: 11:00:00-13:00:00
Valid days of month: 1, 2, 3, 4, 5, 6, 7, 8, 9, 10, 11, 12, 13, 14, 15, 16, 17, 18, 19, 20, 21, 22, 23, 24, 25, 26, 27, 28, 29, 30, 31
Valid weekdays: Monday, Tuesday, Wednesday, Thursday, Friday, Saturday, Sunday
When: 12:00:00
Current Time: 2011-01-01 14:30:00
Valid Interval: 23:00:00-13:00:00
Valid days of month: 1, 2, 3, 4, 5, 6, 7, 8, 9, 10, 11, 12, 13, 14, 15, 16, 17, 18, 19, 20, 21, 22, 23, 24, 25, 26, 27, 28, 29, 30, 31
Valid weekdays: Monday, Tuesday, Wednesday, Thursday, Friday, Saturday, Sunday
When: 23:30:00
Current Time: 2011-01-01 16:00:00
Valid Interval: 23:00:00-13:00:00
Valid days of month: 1, 2, 3, 4, 5, 6, 7, 8, 9, 10, 11, 12, 13, 14, 15, 16, 17, 18, 19, 20, 21, 22, 23, 24, 25, 26, 27, 28, 29, 30, 31
Valid weekdays: Monday, Tuesday, Wednesday, Thursday, Friday, Saturday, Sunday
When: 23:30:00
Current Time: 2011-01-01 23:00:00
Valid Interval: 23:00:00-13:00:00
Valid days of month: 1, 2, 3, 4, 5, 6, 7, 8, 9, 10, 11, 12, 13, 14, 15, 16, 17, 18, 19, 20, 21, 22, 23, 24, 25, 26, 27, 28, 29, 30, 31
Valid weekdays: Monday, Tuesday, Wednesday, Thursday, Friday, Saturday, Sunday
When: 23:30:00
Current Time: 2011-01-01 23:30:00
Valid Interval: 23:00:00-13:00:00
Valid days of month: 1, 2, 3, 4, 5, 6, 7, 8, 9, 10, 11, 12, 13, 14, 15, 16, 17, 18, 19, 20, 21, 22, 23, 24, 25, 26, 27, 28, 29, 30, 31
Valid weekdays: Monday, Tuesday, Wednesday, Thursday, Friday, Saturday, Sunday
When: 23:30:00
Current Time: 2011-01-01 23:45:00
Valid Interval: 23:00:00-13:00:00
Valid days of month: 1, 2, 3, 4, 5, 6, 7, 8, 9, 10, 11, 12, 13, 14, 15, 16, 17, 18, 19, 20, 21, 22, 23, 24, 25, 26, 27, 28, 29, 30, 31
Valid weekdays: Monday, Tuesday, Wednesday, Thursday, Friday, Saturday, Sunday
When: 23:30:00
Current Time: 2011-01-02 00:30:00
Valid Interval: 23:00:00-13:00:00
Valid days of month: 1, 2, 3, 4, 5, 6, 7, 8, 9, 10, 11, 12, 13, 14, 15, 16, 17, 18, 19, 20, 21, 22, 23, 24, 25, 26, 27, 28, 29, 30, 31
Valid weekdays: Monday, Tuesday, Wednesday, Thursday, Friday, Saturday, Sunday
When: 23:30:00
Current Time: 2011-01-01 13:00:00
Valid Interval: 23:00:00-13:00:00
Valid days of month: 1, 2, 3, 4, 5, 6, 7, 8, 9, 10, 11, 12, 13, 14, 15, 16, 17, 18, 19, 20, 21, 22, 23, 24, 25, 26, 27, 28, 29, 30, 31
Valid weekdays: Monday, Tuesday, Wednesday, Thursday, Friday, Saturday, Sunday
When: 01:00:00
Current Time: 2011-01-01 16:00:00
Valid Interval: 23:00:00-13:00:00
Valid days of month: 1, 2, 3, 4, 5, 6, 7, 8, 9, 10, 11, 12, 13, 14, 15, 16, 17, 18, 19, 20, 21, 22, 23, 24, 25, 26, 27, 28, 29, 30, 31
Valid weekdays: Monday, Tuesday, Wednesday, Thursday, Friday, Saturday, Sunday
When: 01:00:00
Current Time: 2011-01-01 23:00:00
Valid Interval: 23:00:00-13:00:00
Valid days of month: 1, 2, 3, 4, 5, 6, 7, 8, 9, 10, 11, 12, 13, 14, 15, 16, 17, 18, 19, 20, 21, 22, 23, 24, 25, 26, 27, 28, 29, 30, 31
Valid weekdays: Monday, Tuesday, Wednesday, Thursday, Friday, Saturday, Sunday
When: 01:00:00
Current Time: 2011-01-01 23:30:00
Valid Interval: 23:00:00-13:00:00
Valid days of month: 1, 2, 3, 4, 5, 6, 7, 8, 9, 10, 11, 12, 13, 14, 15, 16, 17, 18, 19, 20, 21, 22, 23, 24, 25, 26, 27, 28, 29, 30, 31
Valid weekdays: Monday, Tuesday, Wednesday, Thursday, Friday, Saturday, Sunday
When: 01:00:00
Current Time: 2011-01-02 00:30:00
Valid Interval: 23:00:00-13:00:00
Valid days of month: 1, 2, 3, 4, 5, 6, 7, 8, 9, 10, 11, 12, 13, 14, 15, 16, 17, 18, 19, 20, 21, 22, 23, 24, 25, 26, 27, 28, 29, 30, 31
Valid weekdays: Monday, Tuesday, Wednesday, Thursday, Friday, Saturday, Sunday
When: 01:00:00
Current Time: 2011-01-01 02:00:00
Valid Interval: 23:00:00-13:00:00
Valid days of month: 1, 2, 3, 4, 5, 6, 7, 8, 9, 10, 11, 12, 13, 14, 15, 16, 17, 18, 19, 20, 21, 22, 23, 24, 25, 26, 27, 28, 29, 30, 31
Valid weekdays: Monday, Tuesday, Wednesday, Thursday, Friday, Saturday, Sunday
When: 01:00:00
Current Time: 2011-01-01 13:00:00
Valid Interval: 23:00:00-13:00:00
Valid days of month: 1, 2, 3, 4, 5, 6, 7, 8, 9, 10, 11, 12, 13, 14, 15, 16, 17, 18, 19, 20, 21, 22, 23, 24, 25, 26, 27, 28, 29, 30, 31
Valid weekdays: Monday, Tuesday, Wednesday, Thursday, Friday, Saturday, Sunday
When: 23:30:00
Current Time: 2011-01-01 16:00:00
Valid Interval: 23:00:00-13:00:00
Valid days of month: 1, 2, 3, 4, 5, 6, 7, 8, 9, 10, 11, 12, 13, 14, 15, 16, 17, 18, 19, 20, 21, 22, 23, 24, 25, 26, 27, 28, 29, 30, 31
Valid weekdays: Monday, Tuesday, Wednesday, Thursday, Friday, Saturday, Sunday
When: 23:30:00
Current Time: 2011-01-01 23:00:00
Valid Interval: 23:00:00-13:00:00
Valid days of month: 1, 2, 3, 4, 5, 6, 7, 8, 9, 10, 11, 12, 13, 14, 15, 16, 17, 18, 19, 20, 21, 22, 23, 24, 25, 26, 27, 28, 29, 30, 31
Valid weekdays: Monday, Tuesday, Wednesday, Thursday, Friday, Saturday, Sunday
When: 23:30:00
Current Time: 2011-01-01 23:30:00
Valid Interval: 23:00:00-13:00:00
Valid days of month: 1, 2, 3, 4, 5, 6, 7, 8, 9, 10, 11, 12, 13, 14, 15, 16, 17, 18, 19, 20, 21, 22, 23, 24, 25, 26, 27, 28, 29, 30, 31
Valid weekdays: Monday, Tuesday, Wednesday, Thursday, Friday, Saturday, Sunday
When: 23:30:00
Current Time: 2011-01-01 23:45:00
Valid Interval: 23:00:00-13:00:00
Valid days of month: 1, 2, 3, 4, 5, 6, 7, 8, 9, 10, 11, 12, 13, 14, 15, 16, 17, 18, 19, 20, 21, 22, 23, 24, 25, 26, 27, 28, 29, 30, 31
Valid weekdays: Monday, Tuesday, Wednesday, Thursday, Friday, Saturday, Sunday
When: 23:30:00
Current Time: 2011-01-02 00:30:00
Valid Interval: 23:00:00-13:00:00
Valid days of month: 1, 2, 3, 4, 5, 6, 7, 8, 9, 10, 11, 12, 13, 14, 15, 16, 17, 18, 19, 20, 21, 22, 23, 24, 25, 26, 27, 28, 29, 30, 31
Valid weekdays: Monday, Tuesday, Wednesday, Thursday, Friday, Saturday, Sunday
When: 23:30:00
Current Time: 2011-01-01 13:00:00
Valid Interval: 23:00:00-13:00:00
Valid days of month: 1, 2, 3, 4, 5, 6, 7, 8, 9, 10, 11, 12, 13, 14, 15, 16, 17, 18, 19, 20, 21, 22, 23, 24, 25, 26, 27, 28, 29, 30, 31
Valid weekdays: Monday, Tuesday, Wednesday, Thursday, Friday, Saturday, Sunday
When: 01:00:00
Current Time: 2011-01-01 16:00:00
Valid Interval: 23:00:00-13:00:00
Valid days of month: 1, 2, 3, 4, 5, 6, 7, 8, 9, 10, 11, 12, 13, 14, 15, 16, 17, 18, 19, 20, 21, 22, 23, 24, 25, 26, 27, 28, 29, 30, 31
Valid weekdays: Monday, Tuesday, Wednesday, Thursday, Friday, Saturday, Sunday
When: 01:00:00
Current Time: 2011-01-01 23:00:00
Valid Interval: 23:00:00-13:00:00
Valid days of month: 1, 2, 3, 4, 5, 6, 7, 8, 9, 10, 11, 12, 13, 14, 15, 16, 17, 18, 19, 20, 21, 22, 23, 24, 25, 26, 27, 28, 29, 30, 31
Valid weekdays: Monday, Tuesday, Wednesday, Thursday, Friday, Saturday, Sunday
When: 01:00:00
Current Time: 2011-01-01 23:30:00
Valid Interval: 23:00:00-13:00:00
Valid days of month: 1, 2, 3, 4, 5, 6, 7, 8, 9, 10, 11, 12, 13, 14, 15, 16, 17, 18, 19, 20, 21, 22, 23, 24, 25, 26, 27, 28, 29, 30, 31
Valid weekdays: Monday, Tuesday, Wednesday, Thursday, Friday, Saturday, Sunday
When: 01:00:00
Current Time: 2011-01-02 00:30:00
Valid Interval: 23:00:00-13:00:00
Valid days of month: 1, 2, 3, 4, 5, 6, 7, 8, 9, 10, 11, 12, 13, 14, 15, 16, 17, 18, 19, 20, 21, 22, 23, 24, 25, 26, 27, 28, 29, 30, 31
Valid weekdays: Monday, Tuesday, Wednesday, Thursday, Friday, Saturday, Sunday
When: 01:00:00
Current Time: 2011-01-02 02:00:00
Valid Interval: 23:00:00-13:00:00
Valid days of month: 1, 2, 3, 4, 5, 6, 7, 8, 9, 10, 11, 12, 13, 14, 15, 16, 17, 18, 19, 20, 21, 22, 23, 24, 25, 26, 27, 28, 29, 30, 31
Valid weekdays: Monday, Tuesday, Wednesday, Thursday, Friday, Saturday, Sunday
When: 01:00:00
Current Time: 2011-01-02 13:00:00
Valid Interval: 23:00:00-13:00:00
Valid days of month: 1, 2, 3, 4, 5, 6, 7, 8, 9, 10, 11, 12, 13, 14, 15, 16, 17, 18, 19, 20, 21, 22, 23, 24, 25, 26, 27, 28, 29, 30, 31
Valid weekdays: Monday, Tuesday, Wednesday, Thursday, Friday, Saturday, Sunday
When: 23:30:00
Current Time: 2011-01-01 23:30:05
Valid Interval: 23:00:00-13:00:00
Valid days of month: 1, 2, 3, 4, 5, 6, 7, 8, 9, 10, 11, 12, 13, 14, 15, 16, 17, 18, 19, 20, 21, 22, 23, 24, 25, 26, 27, 28, 29, 30, 31
Valid weekdays: Monday, Tuesday, Wednesday, Thursday, Friday, Saturday, Sunday
When: 23:30:00
Current Time: 2011-01-02 00:30:00
Valid Interval: 23:00:00-13:00:00
Valid days of month: 1, 2, 3, 4, 5, 6, 7, 8, 9, 10, 11, 12, 13, 14, 15, 16, 17, 18, 19, 20, 21, 22, 23, 24, 25, 26, 27, 28, 29, 30, 31
Valid weekdays: Monday, Tuesday, Wednesday, Thursday, Friday, Saturday, Sunday
When: 23:30:00
Current Time: 2011-01-02 13:00:00
Valid Interval: 23:00:00-13:00:00
Valid days of month: 1, 2, 3, 4, 5, 6, 7, 8, 9, 10, 11, 12, 13, 14, 15, 16, 17, 18, 19, 20, 21, 22, 23, 24, 25, 26, 27, 28, 29, 30, 31
Valid weekdays: Monday, Tuesday, Wednesday, Thursday, Friday, Saturday, Sunday
When: 01:00:00
Current Time: 2011-01-01 02:00:00
Valid Interval: 23:00:00-13:00:00
Valid days of month: 1, 2, 3, 4, 5, 6, 7, 8, 9, 10, 11, 12, 13, 14, 15, 16, 17, 18, 19, 20, 21, 22, 23, 24, 25, 26, 27, 28, 29, 30, 31
Valid weekdays: Monday, Tuesday, Wednesday, Thursday, Friday, Saturday, Sunday
When: 01:00:00
Current Time: 2011-01-02 02:00:00
Valid Interval: 13:00:00-16:00:00
Valid days of month: 1, 2, 3, 4, 5, 6, 7, 8, 9, 10, 11, 12, 13, 14, 15, 16, 17, 18, 19, 20, 21, 22, 23, 24, 25, 26, 27, 28, 29, 30, 31
Valid weekdays: Saturday, Sunday
When: 14:00:00
Current Time: 2007-01-01 12:00:00
Valid Interval: 13:00:00-16:00:00
Valid days of month: 1, 2, 3, 4, 5, 6, 7, 8, 9, 10, 11, 12, 13, 14, 15, 16, 17, 18, 19, 20, 21, 22, 23, 24, 25, 26, 27, 28, 29, 30, 31
Valid weekdays: Saturday, Sunday
When: 14:00:00
Current Time: 2007-01-02 13:30:00
Valid Interval: 13:00:00-16:00:00
Valid days of month: 1, 2, 3, 4, 5, 6, 7, 8, 9, 10, 11, 12, 13, 14, 15, 16, 17, 18, 19, 20, 21, 22, 23, 24, 25, 26, 27, 28, 29, 30, 31
Valid weekdays: Saturday, Sunday
When: 14:00:00
Current Time: 2007-01-06 13:30:00
Valid Interval: 13:00:00-16:00:00
Valid days of month: 1, 2, 3, 4, 5, 6, 7, 8, 9, 10, 11, 12, 13, 14, 15, 16, 17, 18, 19, 20, 21, 22, 23, 24, 25, 26, 27, 28, 29, 30, 31
Valid weekdays: Saturday, Sunday
When: 14:00:00
Current Time: 2007-01-06 14:30:00
Valid Interval: 13:00:00-16:00:00
Valid days of month: 1, 2, 3, 4, 5, 6, 7, 8, 9, 10, 11, 12, 13, 14, 15, 16, 17, 18, 19, 20, 21, 22, 23, 24, 25, 26, 27, 28, 29, 30, 31
Valid weekdays: Saturday, Sunday
When: 14:00:00
Current Time: 2007-01-06 16:30:00
Valid Interval: 13:00:00-16:00:00
Valid days of month: 1, 2, 3, 4, 5, 6, 7, 8, 9, 10, 11, 12, 13, 14, 15, 16, 17, 18, 19, 20, 21, 22, 23, 24, 25, 26, 27, 28, 29, 30, 31
Valid weekdays: Saturday, Sunday
When: 14:00:00
Current Time: 2007-01-07 16:00:00
Valid Interval: 23:00:00-02:00:00
Valid days of month: 1, 2, 3, 4, 5, 6, 7, 8, 9, 10, 11, 12, 13, 14, 15, 16, 17, 18, 19, 20, 21, 22, 23, 24, 25, 26, 27, 28, 29, 30, 31
Valid weekdays: Saturday, Sunday
When: 01:00:00
Current Time: 2007-01-01 12:00:00
Valid Interval: 23:00:00-02:00:00
Valid days of month: 1, 2, 3, 4, 5, 6, 7, 8, 9, 10, 11, 12, 13, 14, 15, 16, 17, 18, 19, 20, 21, 22, 23, 24, 25, 26, 27, 28, 29, 30, 31
Valid weekdays: Saturday, Sunday
When: 01:00:00
Current Time: 2007-01-02 01:00:00
Valid Interval: 23:00:00-02:00:00
Valid days of month: 1, 2, 3, 4, 5, 6, 7, 8, 9, 10, 11, 12, 13, 14, 15, 16, 17, 18, 19, 20, 21, 22, 23, 24, 25, 26, 27, 28, 29, 30, 31
Valid weekdays: Saturday, Sunday
When: 01:00:00
Current Time: 2007-01-06 00:30:00
Valid Interval: 23:00:00-02:00:00
Valid days of month: 1, 2, 3, 4, 5, 6, 7, 8, 9, 10, 11, 12, 13, 14, 15, 16, 17, 18, 19, 20, 21, 22, 23, 24, 25, 26, 27, 28, 29, 30, 31
Valid weekdays: Saturday, Sunday
When: 01:00:00
Current Time: 2007-01-06 01:30:00
Valid Interval: 23:00:00-02:00:00
Valid days of month: 1, 2, 3, 4, 5, 6, 7, 8, 9, 10, 11, 12, 13, 14, 15, 16, 17, 18, 19, 20, 21, 22, 23, 24, 25, 26, 27, 28, 29, 30, 31
Valid weekdays: Saturday, Sunday
When: 01:00:00
Current Time: 2007-01-06 02:30:00
Valid Interval: 23:00:00-02:00:00
Valid days of month: 1, 2, 3, 4, 5, 6, 7, 8, 9, 10, 11, 12, 13, 14, 15, 16, 17, 18, 19, 20, 21, 22, 23, 24, 25, 26, 27, 28, 29, 30, 31
Valid weekdays: Saturday, Sunday
When: 01:00:00
Current Time: 2007-01-07 02:00:00
Valid Interval: 23:00:00-02:00:00
Valid days of month: 1, 2, 3, 4, 5, 6, 7, 8, 9, 10, 11, 12, 13, 14, 15, 16, 17, 18, 19, 20, 21, 22, 23, 24, 25, 26, 27, 28, 29, 30, 31
Valid weekdays: Saturday, Sunday
When: 23:30:00
Current Time: 2007-01-01 12:00:00
Valid Interval: 23:00:00-02:00:00
Valid days of month: 1, 2, 3, 4, 5, 6, 7, 8, 9, 10, 11, 12, 13, 14, 15, 16, 17, 18, 19, 20, 21, 22, 23, 24, 25, 26, 27, 28, 29, 30, 31
Valid weekdays: Saturday, Sunday
When: 23:30:00
Current Time: 2007-01-05 23:30:00
Valid Interval: 23:00:00-02:00:00
Valid days of month: 1, 2, 3, 4, 5, 6, 7, 8, 9, 10, 11, 12, 13, 14, 15, 16, 17, 18, 19, 20, 21, 22, 23, 24, 25, 26, 27, 28, 29, 30, 31
Valid weekdays: Saturday, Sunday
When: 23:30:00
Current Time: 2007-01-06 23:00:00
Valid Interval: 23:00:00-02:00:00
Valid days of month: 1, 2, 3, 4, 5, 6, 7, 8, 9, 10, 11, 12, 13, 14, 15, 16, 17, 18, 19, 20, 21, 22, 23, 24, 25, 26, 27, 28, 29, 30, 31
Valid weekdays: Saturday, Sunday
When: 23:30:00
Current Time: 2007-01-06 02:00:00
Valid Interval: 23:00:00-02:00:00
Valid days of month: 1, 2, 3, 4, 5, 6, 7, 8, 9, 10, 11, 12, 13, 14, 15, 16, 17, 18, 19, 20, 21, 22, 23, 24, 25, 26, 27, 28, 29, 30, 31
Valid weekdays: Saturday, Sunday
When: 23:30:00
Current Time: 2007-01-07 23:40:00
Valid Interval: 23:00:00-02:00:00
Valid days of month: 1, 2, 3, 4, 5, 6, 7, 8, 9, 10, 11, 12, 13, 14, 15, 16, 17, 18, 19, 20, 21, 22, 23, 24, 25, 26, 27, 28, 29, 30, 31
Valid weekdays: Saturday, Sunday
When: 23:30:00
Current Time: 2007-01-07 01:00:00
Valid Interval: 13:00:00-16:00:00
Valid days of month: 1, 2, 3, 4, 5, 6, 7, 8, 9, 10, 11, 12, 13, 14, 15, 16, 17, 18, 19, 20, 21, 22, 23, 24, 25, 26, 27, 28, 29, 30, 31
Valid weekdays: Saturday, Sunday
When: 14:00:00
Current Time: 2007-01-01 12:00:00
Valid Interval: 13:00:00-16:00:00
Valid days of month: 1, 2, 3, 4, 5, 6, 7, 8, 9, 10, 11, 12, 13, 14, 15, 16, 17, 18, 19, 20, 21, 22, 23, 24, 25, 26, 27, 28, 29, 30, 31
Valid weekdays: Saturday, Sunday
When: 14:00:00
Current Time: 2007-01-02 13:30:00
Valid Interval: 13:00:00-16:00:00
Valid days of month: 1, 2, 3, 4, 5, 6, 7, 8, 9, 10, 11, 12, 13, 14, 15, 16, 17, 18, 19, 20, 21, 22, 23, 24, 25, 26, 27, 28, 29, 30, 31
Valid weekdays: Saturday, Sunday
When: 14:00:00
Current Time: 2007-01-06 13:30:00
Valid Interval: 13:00:00-16:00:00
Valid days of month: 1, 2, 3, 4, 5, 6, 7, 8, 9, 10, 11, 12, 13, 14, 15, 16, 17, 18, 19, 20, 21, 22, 23, 24, 25, 26, 27, 28, 29, 30, 31
Valid weekdays: Saturday, Sunday
When: 14:00:00
Current Time: 2007-01-06 14:30:00
Valid Interval: 13:00:00-16:00:00
Valid days of month: 1, 2, 3, 4, 5, 6, 7, 8, 9, 10, 11, 12, 13, 14, 15, 16, 17, 18, 19, 20, 21, 22, 23, 24, 25, 26, 27, 28, 29, 30, 31
Valid weekdays: Saturday, Sunday
When: 14:00:00
Current Time: 2007-01-06 16:30:00
Valid Interval: 13:00:00-16:00:00
Valid days of month: 1, 2, 3, 4, 5, 6, 7, 8, 9, 10, 11, 12, 13, 14, 15, 16, 17, 18, 19, 20, 21, 22, 23, 24, 25, 26, 27, 28, 29, 30, 31
Valid weekdays: Saturday, Sunday
When: 14:00:00
Current Time: 2007-01-07 16:00:00
Valid Interval: 23:00:00-02:00:00
Valid days of month: 1, 2, 3, 4, 5, 6, 7, 8, 9, 10, 11, 12, 13, 14, 15, 16, 17, 18, 19, 20, 21, 22, 23, 24, 25, 26, 27, 28, 29, 30, 31
Valid weekdays: Saturday, Sunday
When: 01:00:00
Current Time: 2007-01-01 12:00:00
Valid Interval: 23:00:00-02:00:00
Valid days of month: 1, 2, 3, 4, 5, 6, 7, 8, 9, 10, 11, 12, 13, 14, 15, 16, 17, 18, 19, 20, 21, 22, 23, 24, 25, 26, 27, 28, 29, 30, 31
Valid weekdays: Saturday, Sunday
When: 01:00:00
Current Time: 2007-01-02 01:00:00
Valid Interval: 23:00:00-02:00:00
Valid days of month: 1, 2, 3, 4, 5, 6, 7, 8, 9, 10, 11, 12, 13, 14, 15, 16, 17, 18, 19, 20, 21, 22, 23, 24, 25, 26, 27, 28, 29, 30, 31
Valid weekdays: Saturday, Sunday
When: 01:00:00
Current Time: 2007-01-06 00:30:00
Valid Interval: 23:00:00-02:00:00
Valid days of month: 1, 2, 3, 4, 5, 6, 7, 8, 9, 10, 11, 12, 13, 14, 15, 16, 17, 18, 19, 20, 21, 22, 23, 24, 25, 26, 27, 28, 29, 30, 31
Valid weekdays: Saturday, Sunday
When: 01:00:00
Current Time: 2007-01-06 02:30:00
Valid Interval: 23:00:00-02:00:00
Valid days of month: 1, 2, 3, 4, 5, 6, 7, 8, 9, 10, 11, 12, 13, 14, 15, 16, 17, 18, 19, 20, 21, 22, 23, 24, 25, 26, 27, 28, 29, 30, 31
Valid weekdays: Saturday, Sunday
When: 23:30:00
Current Time: 2007-01-01 12:00:00
Valid Interval: 23:00:00-02:00:00
Valid days of month: 1, 2, 3, 4, 5, 6, 7, 8, 9, 10, 11, 12, 13, 14, 15, 16, 17, 18, 19, 20, 21, 22, 23, 24, 25, 26, 27, 28, 29, 30, 31
Valid weekdays: Saturday, Sunday
When: 23:30:00
Current Time: 2007-01-05 23:30:00
Valid Interval: 23:00:00-02:00:00
Valid days of month: 1, 2, 3, 4, 5, 6, 7, 8, 9, 10, 11, 12, 13, 14, 15, 16, 17, 18, 19, 20, 21, 22, 23, 24, 25, 26, 27, 28, 29, 30, 31
Valid weekdays: Saturday, Sunday
When: 23:30:00
Current Time: 2007-01-06 23:00:00
Valid Interval: 23:00:00-02:00:00
Valid days of month: 1, 2, 3, 4, 5, 6, 7, 8, 9, 10, 11, 12, 13, 14, 15, 16, 17, 18, 19, 20, 21, 22, 23, 24, 25, 26, 27, 28, 29, 30, 31
Valid weekdays: Saturday, Sunday
When: 23:30:00
Current Time: 2007-01-06 02:00:00
Valid Interval: 23:00:00-02:00:00
Valid days of month: 1, 2, 3, 4, 5, 6, 7, 8, 9, 10, 11, 12, 13, 14, 15, 16, 17, 18, 19, 20, 21, 22, 23, 24, 25, 26, 27, 28, 29, 30, 31
Valid weekdays: Saturday, Sunday
When: 23:30:00
Current Time: 2007-01-07 23:40:00
Valid Interval: 23:00:00-02:00:00
Valid days of month: 1, 2, 3, 4, 5, 6, 7, 8, 9, 10, 11, 12, 13, 14, 15, 16, 17, 18, 19, 20, 21, 22, 23, 24, 25, 26, 27, 28, 29, 30, 31
Valid weekdays: Saturday, Sunday
When: 23:30:00
Current Time: 2007-01-07 01:00:00
Valid Interval: 13:00:00-16:00:00
Valid days of month: 1, 2, 3, 4, 5, 6, 7, 8, 9, 10, 11, 12, 13, 14, 15, 16, 17, 18, 19, 20, 21, 22, 23, 24, 25, 26, 27, 28, 29, 30, 31
Valid weekdays: Saturday, Sunday
When: 14:00:00
Current Time: 2007-01-06 14:30:00
Valid Interval: 13:00:00-16:00:00
Valid days of month: 1, 2, 3, 4, 5, 6, 7, 8, 9, 10, 11, 12, 13, 14, 15, 16, 17, 18, 19, 20, 21, 22, 23, 24, 25, 26, 27, 28, 29, 30, 31
Valid weekdays: Saturday, Sunday
When: 14:00:00
Current Time: 2007-01-07 15:00:00
Valid Interval: 23:00:00-02:00:00
Valid days of month: 1, 2, 3, 4, 5, 6, 7, 8, 9, 10, 11, 12, 13, 14, 15, 16, 17, 18, 19, 20, 21, 22, 23, 24, 25, 26, 27, 28, 29, 30, 31
Valid weekdays: Saturday, Sunday
When: 01:00:00
Current Time: 2007-01-06 01:30:00
Valid Interval: 23:00:00-02:00:00
Valid days of month: 1, 2, 3, 4, 5, 6, 7, 8, 9, 10, 11, 12, 13, 14, 15, 16, 17, 18, 19, 20, 21, 22, 23, 24, 25, 26, 27, 28, 29, 30, 31
Valid weekdays: Saturday, Sunday
When: 01:00:00
Current Time: 2007-01-07 01:30:00
Valid Interval: 23:00:00-02:00:00
Valid days of month: 1, 2, 3, 4, 5, 6, 7, 8, 9, 10, 11, 12, 13, 14, 15, 16, 17, 18, 19, 20, 21, 22, 23, 24, 25, 26, 27, 28, 29, 30, 31
Valid weekdays: Saturday, Sunday
When: 23:30:00
Current Time: 2007-01-06 23:02:00
Valid Interval: 23:00:00-02:00:00
Valid days of month: 1, 2, 3, 4, 5, 6, 7, 8, 9, 10, 11, 12, 13, 14, 15, 16, 17, 18, 19, 20, 21, 22, 23, 24, 25, 26, 27, 28, 29, 30, 31
Valid weekdays: Saturday, Sunday
When: 23:30:00
Current Time: 2007-01-06 01:10:00
Valid Interval: 23:00:00-02:00:00
Valid days of month: 1, 2, 3, 4, 5, 6, 7, 8, 9, 10, 11, 12, 13, 14, 15, 16, 17, 18, 19, 20, 21, 22, 23, 24, 25, 26, 27, 28, 29, 30, 31
Valid weekdays: Saturday, Sunday
When: 23:30:00
Current Time: 2007-01-07 01:00:40
Valid Interval: 23:00:00-02:00:00
Valid days of month: 2
Valid weekdays: Saturday, Sunday
When: 23:30:00
Current Time: 2007-01-01 12:00:00
Valid Interval: 23:00:00-02:00:00
Valid days of month: 1, 2
Valid weekdays: Saturday, Sunday
When: 23:30:00
Current Time: 2007-01-05 23:30:00
Valid Interval: 23:00:00-02:00:00
Valid days of month: 1, 2
Valid weekdays: Saturday, Sunday
When: 23:30:00
Current Time: 2007-01-06 23:00:00</StdOut>
      </Output>
    </UnitTestResult>
    <UnitTestResult executionId="66be71df-f7ad-4660-b580-32451c0d5579" testId="99dbfbbc-1e67-41d1-adf9-c03991aa746e" testName="GetNextTimeToTrigger_AbsoluteTimer_ReturnsCorrectTime (Data Row 35)" computerName="ICSWS068" duration="00:00:00.0034796" startTime="2016-08-04T07:57:22.7761805+02:00" endTime="2016-08-04T07:57:22.7796831+02:00" testType="13cdc9d9-ddb5-4fa4-a97d-d965ccfc6d4b" outcome="Passed" testListId="8c84fa94-04c1-424b-9868-57a2d4851a1d" relativeResultsDirectory="66be71df-f7ad-4660-b580-32451c0d5579">
      <Output>
        <StdOut>TestContext Messages:
Valid Interval: 11:00:00-13:00:00
Valid days of month: 1, 2, 3, 4, 5, 6, 7, 8, 9, 10, 11, 12, 13, 14, 15, 16, 17, 18, 19, 20, 21, 22, 23, 24, 25, 26, 27, 28, 29, 30, 31
Valid weekdays: Monday, Tuesday, Wednesday, Thursday, Friday, Saturday, Sunday
When: 12:00:00
Current Time: 2011-01-01 00:00:00
Valid Interval: 11:00:00-13:00:00
Valid days of month: 1, 2, 3, 4, 5, 6, 7, 8, 9, 10, 11, 12, 13, 14, 15, 16, 17, 18, 19, 20, 21, 22, 23, 24, 25, 26, 27, 28, 29, 30, 31
Valid weekdays: Monday, Tuesday, Wednesday, Thursday, Friday, Saturday, Sunday
When: 12:00:00
Current Time: 2011-01-01 09:00:00
Valid Interval: 11:00:00-13:00:00
Valid days of month: 1, 2, 3, 4, 5, 6, 7, 8, 9, 10, 11, 12, 13, 14, 15, 16, 17, 18, 19, 20, 21, 22, 23, 24, 25, 26, 27, 28, 29, 30, 31
Valid weekdays: Monday, Tuesday, Wednesday, Thursday, Friday, Saturday, Sunday
When: 12:00:00
Current Time: 2011-01-01 11:00:00
Valid Interval: 11:00:00-13:00:00
Valid days of month: 1, 2, 3, 4, 5, 6, 7, 8, 9, 10, 11, 12, 13, 14, 15, 16, 17, 18, 19, 20, 21, 22, 23, 24, 25, 26, 27, 28, 29, 30, 31
Valid weekdays: Monday, Tuesday, Wednesday, Thursday, Friday, Saturday, Sunday
When: 12:00:00
Current Time: 2011-01-01 12:00:00
Valid Interval: 11:00:00-13:00:00
Valid days of month: 1, 2, 3, 4, 5, 6, 7, 8, 9, 10, 11, 12, 13, 14, 15, 16, 17, 18, 19, 20, 21, 22, 23, 24, 25, 26, 27, 28, 29, 30, 31
Valid weekdays: Monday, Tuesday, Wednesday, Thursday, Friday, Saturday, Sunday
When: 12:00:00
Current Time: 2011-01-01 12:30:00
Valid Interval: 11:00:00-13:00:00
Valid days of month: 1, 2, 3, 4, 5, 6, 7, 8, 9, 10, 11, 12, 13, 14, 15, 16, 17, 18, 19, 20, 21, 22, 23, 24, 25, 26, 27, 28, 29, 30, 31
Valid weekdays: Monday, Tuesday, Wednesday, Thursday, Friday, Saturday, Sunday
When: 12:00:00
Current Time: 2011-01-01 13:00:00
Valid Interval: 11:00:00-13:00:00
Valid days of month: 1, 2, 3, 4, 5, 6, 7, 8, 9, 10, 11, 12, 13, 14, 15, 16, 17, 18, 19, 20, 21, 22, 23, 24, 25, 26, 27, 28, 29, 30, 31
Valid weekdays: Monday, Tuesday, Wednesday, Thursday, Friday, Saturday, Sunday
When: 12:00:00
Current Time: 2011-01-02 00:00:00
Valid Interval: 11:00:00-13:00:00
Valid days of month: 1, 2, 3, 4, 5, 6, 7, 8, 9, 10, 11, 12, 13, 14, 15, 16, 17, 18, 19, 20, 21, 22, 23, 24, 25, 26, 27, 28, 29, 30, 31
Valid weekdays: Monday, Tuesday, Wednesday, Thursday, Friday, Saturday, Sunday
When: 12:00:00
Current Time: 2011-01-02 09:00:00
Valid Interval: 11:00:00-13:00:00
Valid days of month: 1, 2, 3, 4, 5, 6, 7, 8, 9, 10, 11, 12, 13, 14, 15, 16, 17, 18, 19, 20, 21, 22, 23, 24, 25, 26, 27, 28, 29, 30, 31
Valid weekdays: Monday, Tuesday, Wednesday, Thursday, Friday, Saturday, Sunday
When: 12:00:00
Current Time: 2011-01-02 12:00:00
Valid Interval: 11:00:00-13:00:00
Valid days of month: 1, 2, 3, 4, 5, 6, 7, 8, 9, 10, 11, 12, 13, 14, 15, 16, 17, 18, 19, 20, 21, 22, 23, 24, 25, 26, 27, 28, 29, 30, 31
Valid weekdays: Monday, Tuesday, Wednesday, Thursday, Friday, Saturday, Sunday
When: 12:00:00
Current Time: 2011-01-02 12:45:30
Valid Interval: 11:00:00-13:00:00
Valid days of month: 1, 2, 3, 4, 5, 6, 7, 8, 9, 10, 11, 12, 13, 14, 15, 16, 17, 18, 19, 20, 21, 22, 23, 24, 25, 26, 27, 28, 29, 30, 31
Valid weekdays: Monday, Tuesday, Wednesday, Thursday, Friday, Saturday, Sunday
When: 12:00:00
Current Time: 2011-01-02 13:00:00
Valid Interval: 11:00:00-13:00:00
Valid days of month: 1, 2, 3, 4, 5, 6, 7, 8, 9, 10, 11, 12, 13, 14, 15, 16, 17, 18, 19, 20, 21, 22, 23, 24, 25, 26, 27, 28, 29, 30, 31
Valid weekdays: Monday, Tuesday, Wednesday, Thursday, Friday, Saturday, Sunday
When: 12:00:00
Current Time: 2011-01-01 12:00:00
Valid Interval: 11:00:00-13:00:00
Valid days of month: 1, 2, 3, 4, 5, 6, 7, 8, 9, 10, 11, 12, 13, 14, 15, 16, 17, 18, 19, 20, 21, 22, 23, 24, 25, 26, 27, 28, 29, 30, 31
Valid weekdays: Monday, Tuesday, Wednesday, Thursday, Friday, Saturday, Sunday
When: 12:00:00
Current Time: 2011-01-01 12:30:00
Valid Interval: 11:00:00-13:00:00
Valid days of month: 1, 2, 3, 4, 5, 6, 7, 8, 9, 10, 11, 12, 13, 14, 15, 16, 17, 18, 19, 20, 21, 22, 23, 24, 25, 26, 27, 28, 29, 30, 31
Valid weekdays: Monday, Tuesday, Wednesday, Thursday, Friday, Saturday, Sunday
When: 12:00:00
Current Time: 2011-01-01 12:30:00
Valid Interval: 11:00:00-13:00:00
Valid days of month: 1, 2, 3, 4, 5, 6, 7, 8, 9, 10, 11, 12, 13, 14, 15, 16, 17, 18, 19, 20, 21, 22, 23, 24, 25, 26, 27, 28, 29, 30, 31
Valid weekdays: Monday, Tuesday, Wednesday, Thursday, Friday, Saturday, Sunday
When: 12:00:00
Current Time: 2011-01-01 13:00:00
Valid Interval: 11:00:00-13:00:00
Valid days of month: 1, 2, 3, 4, 5, 6, 7, 8, 9, 10, 11, 12, 13, 14, 15, 16, 17, 18, 19, 20, 21, 22, 23, 24, 25, 26, 27, 28, 29, 30, 31
Valid weekdays: Monday, Tuesday, Wednesday, Thursday, Friday, Saturday, Sunday
When: 12:00:00
Current Time: 2011-01-01 14:30:00
Valid Interval: 23:00:00-13:00:00
Valid days of month: 1, 2, 3, 4, 5, 6, 7, 8, 9, 10, 11, 12, 13, 14, 15, 16, 17, 18, 19, 20, 21, 22, 23, 24, 25, 26, 27, 28, 29, 30, 31
Valid weekdays: Monday, Tuesday, Wednesday, Thursday, Friday, Saturday, Sunday
When: 23:30:00
Current Time: 2011-01-01 16:00:00
Valid Interval: 23:00:00-13:00:00
Valid days of month: 1, 2, 3, 4, 5, 6, 7, 8, 9, 10, 11, 12, 13, 14, 15, 16, 17, 18, 19, 20, 21, 22, 23, 24, 25, 26, 27, 28, 29, 30, 31
Valid weekdays: Monday, Tuesday, Wednesday, Thursday, Friday, Saturday, Sunday
When: 23:30:00
Current Time: 2011-01-01 23:00:00
Valid Interval: 23:00:00-13:00:00
Valid days of month: 1, 2, 3, 4, 5, 6, 7, 8, 9, 10, 11, 12, 13, 14, 15, 16, 17, 18, 19, 20, 21, 22, 23, 24, 25, 26, 27, 28, 29, 30, 31
Valid weekdays: Monday, Tuesday, Wednesday, Thursday, Friday, Saturday, Sunday
When: 23:30:00
Current Time: 2011-01-01 23:30:00
Valid Interval: 23:00:00-13:00:00
Valid days of month: 1, 2, 3, 4, 5, 6, 7, 8, 9, 10, 11, 12, 13, 14, 15, 16, 17, 18, 19, 20, 21, 22, 23, 24, 25, 26, 27, 28, 29, 30, 31
Valid weekdays: Monday, Tuesday, Wednesday, Thursday, Friday, Saturday, Sunday
When: 23:30:00
Current Time: 2011-01-01 23:45:00
Valid Interval: 23:00:00-13:00:00
Valid days of month: 1, 2, 3, 4, 5, 6, 7, 8, 9, 10, 11, 12, 13, 14, 15, 16, 17, 18, 19, 20, 21, 22, 23, 24, 25, 26, 27, 28, 29, 30, 31
Valid weekdays: Monday, Tuesday, Wednesday, Thursday, Friday, Saturday, Sunday
When: 23:30:00
Current Time: 2011-01-02 00:30:00
Valid Interval: 23:00:00-13:00:00
Valid days of month: 1, 2, 3, 4, 5, 6, 7, 8, 9, 10, 11, 12, 13, 14, 15, 16, 17, 18, 19, 20, 21, 22, 23, 24, 25, 26, 27, 28, 29, 30, 31
Valid weekdays: Monday, Tuesday, Wednesday, Thursday, Friday, Saturday, Sunday
When: 23:30:00
Current Time: 2011-01-01 13:00:00
Valid Interval: 23:00:00-13:00:00
Valid days of month: 1, 2, 3, 4, 5, 6, 7, 8, 9, 10, 11, 12, 13, 14, 15, 16, 17, 18, 19, 20, 21, 22, 23, 24, 25, 26, 27, 28, 29, 30, 31
Valid weekdays: Monday, Tuesday, Wednesday, Thursday, Friday, Saturday, Sunday
When: 01:00:00
Current Time: 2011-01-01 16:00:00
Valid Interval: 23:00:00-13:00:00
Valid days of month: 1, 2, 3, 4, 5, 6, 7, 8, 9, 10, 11, 12, 13, 14, 15, 16, 17, 18, 19, 20, 21, 22, 23, 24, 25, 26, 27, 28, 29, 30, 31
Valid weekdays: Monday, Tuesday, Wednesday, Thursday, Friday, Saturday, Sunday
When: 01:00:00
Current Time: 2011-01-01 23:00:00
Valid Interval: 23:00:00-13:00:00
Valid days of month: 1, 2, 3, 4, 5, 6, 7, 8, 9, 10, 11, 12, 13, 14, 15, 16, 17, 18, 19, 20, 21, 22, 23, 24, 25, 26, 27, 28, 29, 30, 31
Valid weekdays: Monday, Tuesday, Wednesday, Thursday, Friday, Saturday, Sunday
When: 01:00:00
Current Time: 2011-01-01 23:30:00
Valid Interval: 23:00:00-13:00:00
Valid days of month: 1, 2, 3, 4, 5, 6, 7, 8, 9, 10, 11, 12, 13, 14, 15, 16, 17, 18, 19, 20, 21, 22, 23, 24, 25, 26, 27, 28, 29, 30, 31
Valid weekdays: Monday, Tuesday, Wednesday, Thursday, Friday, Saturday, Sunday
When: 01:00:00
Current Time: 2011-01-02 00:30:00
Valid Interval: 23:00:00-13:00:00
Valid days of month: 1, 2, 3, 4, 5, 6, 7, 8, 9, 10, 11, 12, 13, 14, 15, 16, 17, 18, 19, 20, 21, 22, 23, 24, 25, 26, 27, 28, 29, 30, 31
Valid weekdays: Monday, Tuesday, Wednesday, Thursday, Friday, Saturday, Sunday
When: 01:00:00
Current Time: 2011-01-01 02:00:00
Valid Interval: 23:00:00-13:00:00
Valid days of month: 1, 2, 3, 4, 5, 6, 7, 8, 9, 10, 11, 12, 13, 14, 15, 16, 17, 18, 19, 20, 21, 22, 23, 24, 25, 26, 27, 28, 29, 30, 31
Valid weekdays: Monday, Tuesday, Wednesday, Thursday, Friday, Saturday, Sunday
When: 01:00:00
Current Time: 2011-01-01 13:00:00
Valid Interval: 23:00:00-13:00:00
Valid days of month: 1, 2, 3, 4, 5, 6, 7, 8, 9, 10, 11, 12, 13, 14, 15, 16, 17, 18, 19, 20, 21, 22, 23, 24, 25, 26, 27, 28, 29, 30, 31
Valid weekdays: Monday, Tuesday, Wednesday, Thursday, Friday, Saturday, Sunday
When: 23:30:00
Current Time: 2011-01-01 16:00:00
Valid Interval: 23:00:00-13:00:00
Valid days of month: 1, 2, 3, 4, 5, 6, 7, 8, 9, 10, 11, 12, 13, 14, 15, 16, 17, 18, 19, 20, 21, 22, 23, 24, 25, 26, 27, 28, 29, 30, 31
Valid weekdays: Monday, Tuesday, Wednesday, Thursday, Friday, Saturday, Sunday
When: 23:30:00
Current Time: 2011-01-01 23:00:00
Valid Interval: 23:00:00-13:00:00
Valid days of month: 1, 2, 3, 4, 5, 6, 7, 8, 9, 10, 11, 12, 13, 14, 15, 16, 17, 18, 19, 20, 21, 22, 23, 24, 25, 26, 27, 28, 29, 30, 31
Valid weekdays: Monday, Tuesday, Wednesday, Thursday, Friday, Saturday, Sunday
When: 23:30:00
Current Time: 2011-01-01 23:30:00
Valid Interval: 23:00:00-13:00:00
Valid days of month: 1, 2, 3, 4, 5, 6, 7, 8, 9, 10, 11, 12, 13, 14, 15, 16, 17, 18, 19, 20, 21, 22, 23, 24, 25, 26, 27, 28, 29, 30, 31
Valid weekdays: Monday, Tuesday, Wednesday, Thursday, Friday, Saturday, Sunday
When: 23:30:00
Current Time: 2011-01-01 23:45:00
Valid Interval: 23:00:00-13:00:00
Valid days of month: 1, 2, 3, 4, 5, 6, 7, 8, 9, 10, 11, 12, 13, 14, 15, 16, 17, 18, 19, 20, 21, 22, 23, 24, 25, 26, 27, 28, 29, 30, 31
Valid weekdays: Monday, Tuesday, Wednesday, Thursday, Friday, Saturday, Sunday
When: 23:30:00
Current Time: 2011-01-02 00:30:00
Valid Interval: 23:00:00-13:00:00
Valid days of month: 1, 2, 3, 4, 5, 6, 7, 8, 9, 10, 11, 12, 13, 14, 15, 16, 17, 18, 19, 20, 21, 22, 23, 24, 25, 26, 27, 28, 29, 30, 31
Valid weekdays: Monday, Tuesday, Wednesday, Thursday, Friday, Saturday, Sunday
When: 23:30:00
Current Time: 2011-01-01 13:00:00
Valid Interval: 23:00:00-13:00:00
Valid days of month: 1, 2, 3, 4, 5, 6, 7, 8, 9, 10, 11, 12, 13, 14, 15, 16, 17, 18, 19, 20, 21, 22, 23, 24, 25, 26, 27, 28, 29, 30, 31
Valid weekdays: Monday, Tuesday, Wednesday, Thursday, Friday, Saturday, Sunday
When: 01:00:00
Current Time: 2011-01-01 16:00:00
Valid Interval: 23:00:00-13:00:00
Valid days of month: 1, 2, 3, 4, 5, 6, 7, 8, 9, 10, 11, 12, 13, 14, 15, 16, 17, 18, 19, 20, 21, 22, 23, 24, 25, 26, 27, 28, 29, 30, 31
Valid weekdays: Monday, Tuesday, Wednesday, Thursday, Friday, Saturday, Sunday
When: 01:00:00
Current Time: 2011-01-01 23:00:00
Valid Interval: 23:00:00-13:00:00
Valid days of month: 1, 2, 3, 4, 5, 6, 7, 8, 9, 10, 11, 12, 13, 14, 15, 16, 17, 18, 19, 20, 21, 22, 23, 24, 25, 26, 27, 28, 29, 30, 31
Valid weekdays: Monday, Tuesday, Wednesday, Thursday, Friday, Saturday, Sunday
When: 01:00:00
Current Time: 2011-01-01 23:30:00
Valid Interval: 23:00:00-13:00:00
Valid days of month: 1, 2, 3, 4, 5, 6, 7, 8, 9, 10, 11, 12, 13, 14, 15, 16, 17, 18, 19, 20, 21, 22, 23, 24, 25, 26, 27, 28, 29, 30, 31
Valid weekdays: Monday, Tuesday, Wednesday, Thursday, Friday, Saturday, Sunday
When: 01:00:00
Current Time: 2011-01-02 00:30:00
Valid Interval: 23:00:00-13:00:00
Valid days of month: 1, 2, 3, 4, 5, 6, 7, 8, 9, 10, 11, 12, 13, 14, 15, 16, 17, 18, 19, 20, 21, 22, 23, 24, 25, 26, 27, 28, 29, 30, 31
Valid weekdays: Monday, Tuesday, Wednesday, Thursday, Friday, Saturday, Sunday
When: 01:00:00
Current Time: 2011-01-02 02:00:00
Valid Interval: 23:00:00-13:00:00
Valid days of month: 1, 2, 3, 4, 5, 6, 7, 8, 9, 10, 11, 12, 13, 14, 15, 16, 17, 18, 19, 20, 21, 22, 23, 24, 25, 26, 27, 28, 29, 30, 31
Valid weekdays: Monday, Tuesday, Wednesday, Thursday, Friday, Saturday, Sunday
When: 01:00:00
Current Time: 2011-01-02 13:00:00
Valid Interval: 23:00:00-13:00:00
Valid days of month: 1, 2, 3, 4, 5, 6, 7, 8, 9, 10, 11, 12, 13, 14, 15, 16, 17, 18, 19, 20, 21, 22, 23, 24, 25, 26, 27, 28, 29, 30, 31
Valid weekdays: Monday, Tuesday, Wednesday, Thursday, Friday, Saturday, Sunday
When: 23:30:00
Current Time: 2011-01-01 23:30:05
Valid Interval: 23:00:00-13:00:00
Valid days of month: 1, 2, 3, 4, 5, 6, 7, 8, 9, 10, 11, 12, 13, 14, 15, 16, 17, 18, 19, 20, 21, 22, 23, 24, 25, 26, 27, 28, 29, 30, 31
Valid weekdays: Monday, Tuesday, Wednesday, Thursday, Friday, Saturday, Sunday
When: 23:30:00
Current Time: 2011-01-02 00:30:00
Valid Interval: 23:00:00-13:00:00
Valid days of month: 1, 2, 3, 4, 5, 6, 7, 8, 9, 10, 11, 12, 13, 14, 15, 16, 17, 18, 19, 20, 21, 22, 23, 24, 25, 26, 27, 28, 29, 30, 31
Valid weekdays: Monday, Tuesday, Wednesday, Thursday, Friday, Saturday, Sunday
When: 23:30:00
Current Time: 2011-01-02 13:00:00
Valid Interval: 23:00:00-13:00:00
Valid days of month: 1, 2, 3, 4, 5, 6, 7, 8, 9, 10, 11, 12, 13, 14, 15, 16, 17, 18, 19, 20, 21, 22, 23, 24, 25, 26, 27, 28, 29, 30, 31
Valid weekdays: Monday, Tuesday, Wednesday, Thursday, Friday, Saturday, Sunday
When: 01:00:00
Current Time: 2011-01-01 02:00:00
Valid Interval: 23:00:00-13:00:00
Valid days of month: 1, 2, 3, 4, 5, 6, 7, 8, 9, 10, 11, 12, 13, 14, 15, 16, 17, 18, 19, 20, 21, 22, 23, 24, 25, 26, 27, 28, 29, 30, 31
Valid weekdays: Monday, Tuesday, Wednesday, Thursday, Friday, Saturday, Sunday
When: 01:00:00
Current Time: 2011-01-02 02:00:00
Valid Interval: 13:00:00-16:00:00
Valid days of month: 1, 2, 3, 4, 5, 6, 7, 8, 9, 10, 11, 12, 13, 14, 15, 16, 17, 18, 19, 20, 21, 22, 23, 24, 25, 26, 27, 28, 29, 30, 31
Valid weekdays: Saturday, Sunday
When: 14:00:00
Current Time: 2007-01-01 12:00:00
Valid Interval: 13:00:00-16:00:00
Valid days of month: 1, 2, 3, 4, 5, 6, 7, 8, 9, 10, 11, 12, 13, 14, 15, 16, 17, 18, 19, 20, 21, 22, 23, 24, 25, 26, 27, 28, 29, 30, 31
Valid weekdays: Saturday, Sunday
When: 14:00:00
Current Time: 2007-01-02 13:30:00
Valid Interval: 13:00:00-16:00:00
Valid days of month: 1, 2, 3, 4, 5, 6, 7, 8, 9, 10, 11, 12, 13, 14, 15, 16, 17, 18, 19, 20, 21, 22, 23, 24, 25, 26, 27, 28, 29, 30, 31
Valid weekdays: Saturday, Sunday
When: 14:00:00
Current Time: 2007-01-06 13:30:00
Valid Interval: 13:00:00-16:00:00
Valid days of month: 1, 2, 3, 4, 5, 6, 7, 8, 9, 10, 11, 12, 13, 14, 15, 16, 17, 18, 19, 20, 21, 22, 23, 24, 25, 26, 27, 28, 29, 30, 31
Valid weekdays: Saturday, Sunday
When: 14:00:00
Current Time: 2007-01-06 14:30:00
Valid Interval: 13:00:00-16:00:00
Valid days of month: 1, 2, 3, 4, 5, 6, 7, 8, 9, 10, 11, 12, 13, 14, 15, 16, 17, 18, 19, 20, 21, 22, 23, 24, 25, 26, 27, 28, 29, 30, 31
Valid weekdays: Saturday, Sunday
When: 14:00:00
Current Time: 2007-01-06 16:30:00
Valid Interval: 13:00:00-16:00:00
Valid days of month: 1, 2, 3, 4, 5, 6, 7, 8, 9, 10, 11, 12, 13, 14, 15, 16, 17, 18, 19, 20, 21, 22, 23, 24, 25, 26, 27, 28, 29, 30, 31
Valid weekdays: Saturday, Sunday
When: 14:00:00
Current Time: 2007-01-07 16:00:00
Valid Interval: 23:00:00-02:00:00
Valid days of month: 1, 2, 3, 4, 5, 6, 7, 8, 9, 10, 11, 12, 13, 14, 15, 16, 17, 18, 19, 20, 21, 22, 23, 24, 25, 26, 27, 28, 29, 30, 31
Valid weekdays: Saturday, Sunday
When: 01:00:00
Current Time: 2007-01-01 12:00:00
Valid Interval: 23:00:00-02:00:00
Valid days of month: 1, 2, 3, 4, 5, 6, 7, 8, 9, 10, 11, 12, 13, 14, 15, 16, 17, 18, 19, 20, 21, 22, 23, 24, 25, 26, 27, 28, 29, 30, 31
Valid weekdays: Saturday, Sunday
When: 01:00:00
Current Time: 2007-01-02 01:00:00
Valid Interval: 23:00:00-02:00:00
Valid days of month: 1, 2, 3, 4, 5, 6, 7, 8, 9, 10, 11, 12, 13, 14, 15, 16, 17, 18, 19, 20, 21, 22, 23, 24, 25, 26, 27, 28, 29, 30, 31
Valid weekdays: Saturday, Sunday
When: 01:00:00
Current Time: 2007-01-06 00:30:00
Valid Interval: 23:00:00-02:00:00
Valid days of month: 1, 2, 3, 4, 5, 6, 7, 8, 9, 10, 11, 12, 13, 14, 15, 16, 17, 18, 19, 20, 21, 22, 23, 24, 25, 26, 27, 28, 29, 30, 31
Valid weekdays: Saturday, Sunday
When: 01:00:00
Current Time: 2007-01-06 01:30:00
Valid Interval: 23:00:00-02:00:00
Valid days of month: 1, 2, 3, 4, 5, 6, 7, 8, 9, 10, 11, 12, 13, 14, 15, 16, 17, 18, 19, 20, 21, 22, 23, 24, 25, 26, 27, 28, 29, 30, 31
Valid weekdays: Saturday, Sunday
When: 01:00:00
Current Time: 2007-01-06 02:30:00
Valid Interval: 23:00:00-02:00:00
Valid days of month: 1, 2, 3, 4, 5, 6, 7, 8, 9, 10, 11, 12, 13, 14, 15, 16, 17, 18, 19, 20, 21, 22, 23, 24, 25, 26, 27, 28, 29, 30, 31
Valid weekdays: Saturday, Sunday
When: 01:00:00
Current Time: 2007-01-07 02:00:00
Valid Interval: 23:00:00-02:00:00
Valid days of month: 1, 2, 3, 4, 5, 6, 7, 8, 9, 10, 11, 12, 13, 14, 15, 16, 17, 18, 19, 20, 21, 22, 23, 24, 25, 26, 27, 28, 29, 30, 31
Valid weekdays: Saturday, Sunday
When: 23:30:00
Current Time: 2007-01-01 12:00:00
Valid Interval: 23:00:00-02:00:00
Valid days of month: 1, 2, 3, 4, 5, 6, 7, 8, 9, 10, 11, 12, 13, 14, 15, 16, 17, 18, 19, 20, 21, 22, 23, 24, 25, 26, 27, 28, 29, 30, 31
Valid weekdays: Saturday, Sunday
When: 23:30:00
Current Time: 2007-01-05 23:30:00
Valid Interval: 23:00:00-02:00:00
Valid days of month: 1, 2, 3, 4, 5, 6, 7, 8, 9, 10, 11, 12, 13, 14, 15, 16, 17, 18, 19, 20, 21, 22, 23, 24, 25, 26, 27, 28, 29, 30, 31
Valid weekdays: Saturday, Sunday
When: 23:30:00
Current Time: 2007-01-06 23:00:00
Valid Interval: 23:00:00-02:00:00
Valid days of month: 1, 2, 3, 4, 5, 6, 7, 8, 9, 10, 11, 12, 13, 14, 15, 16, 17, 18, 19, 20, 21, 22, 23, 24, 25, 26, 27, 28, 29, 30, 31
Valid weekdays: Saturday, Sunday
When: 23:30:00
Current Time: 2007-01-06 02:00:00
Valid Interval: 23:00:00-02:00:00
Valid days of month: 1, 2, 3, 4, 5, 6, 7, 8, 9, 10, 11, 12, 13, 14, 15, 16, 17, 18, 19, 20, 21, 22, 23, 24, 25, 26, 27, 28, 29, 30, 31
Valid weekdays: Saturday, Sunday
When: 23:30:00
Current Time: 2007-01-07 23:40:00
Valid Interval: 23:00:00-02:00:00
Valid days of month: 1, 2, 3, 4, 5, 6, 7, 8, 9, 10, 11, 12, 13, 14, 15, 16, 17, 18, 19, 20, 21, 22, 23, 24, 25, 26, 27, 28, 29, 30, 31
Valid weekdays: Saturday, Sunday
When: 23:30:00
Current Time: 2007-01-07 01:00:00
Valid Interval: 13:00:00-16:00:00
Valid days of month: 1, 2, 3, 4, 5, 6, 7, 8, 9, 10, 11, 12, 13, 14, 15, 16, 17, 18, 19, 20, 21, 22, 23, 24, 25, 26, 27, 28, 29, 30, 31
Valid weekdays: Saturday, Sunday
When: 14:00:00
Current Time: 2007-01-01 12:00:00
Valid Interval: 13:00:00-16:00:00
Valid days of month: 1, 2, 3, 4, 5, 6, 7, 8, 9, 10, 11, 12, 13, 14, 15, 16, 17, 18, 19, 20, 21, 22, 23, 24, 25, 26, 27, 28, 29, 30, 31
Valid weekdays: Saturday, Sunday
When: 14:00:00
Current Time: 2007-01-02 13:30:00
Valid Interval: 13:00:00-16:00:00
Valid days of month: 1, 2, 3, 4, 5, 6, 7, 8, 9, 10, 11, 12, 13, 14, 15, 16, 17, 18, 19, 20, 21, 22, 23, 24, 25, 26, 27, 28, 29, 30, 31
Valid weekdays: Saturday, Sunday
When: 14:00:00
Current Time: 2007-01-06 13:30:00
Valid Interval: 13:00:00-16:00:00
Valid days of month: 1, 2, 3, 4, 5, 6, 7, 8, 9, 10, 11, 12, 13, 14, 15, 16, 17, 18, 19, 20, 21, 22, 23, 24, 25, 26, 27, 28, 29, 30, 31
Valid weekdays: Saturday, Sunday
When: 14:00:00
Current Time: 2007-01-06 14:30:00
Valid Interval: 13:00:00-16:00:00
Valid days of month: 1, 2, 3, 4, 5, 6, 7, 8, 9, 10, 11, 12, 13, 14, 15, 16, 17, 18, 19, 20, 21, 22, 23, 24, 25, 26, 27, 28, 29, 30, 31
Valid weekdays: Saturday, Sunday
When: 14:00:00
Current Time: 2007-01-06 16:30:00
Valid Interval: 13:00:00-16:00:00
Valid days of month: 1, 2, 3, 4, 5, 6, 7, 8, 9, 10, 11, 12, 13, 14, 15, 16, 17, 18, 19, 20, 21, 22, 23, 24, 25, 26, 27, 28, 29, 30, 31
Valid weekdays: Saturday, Sunday
When: 14:00:00
Current Time: 2007-01-07 16:00:00
Valid Interval: 23:00:00-02:00:00
Valid days of month: 1, 2, 3, 4, 5, 6, 7, 8, 9, 10, 11, 12, 13, 14, 15, 16, 17, 18, 19, 20, 21, 22, 23, 24, 25, 26, 27, 28, 29, 30, 31
Valid weekdays: Saturday, Sunday
When: 01:00:00
Current Time: 2007-01-01 12:00:00
Valid Interval: 23:00:00-02:00:00
Valid days of month: 1, 2, 3, 4, 5, 6, 7, 8, 9, 10, 11, 12, 13, 14, 15, 16, 17, 18, 19, 20, 21, 22, 23, 24, 25, 26, 27, 28, 29, 30, 31
Valid weekdays: Saturday, Sunday
When: 01:00:00
Current Time: 2007-01-02 01:00:00
Valid Interval: 23:00:00-02:00:00
Valid days of month: 1, 2, 3, 4, 5, 6, 7, 8, 9, 10, 11, 12, 13, 14, 15, 16, 17, 18, 19, 20, 21, 22, 23, 24, 25, 26, 27, 28, 29, 30, 31
Valid weekdays: Saturday, Sunday
When: 01:00:00
Current Time: 2007-01-06 00:30:00
Valid Interval: 23:00:00-02:00:00
Valid days of month: 1, 2, 3, 4, 5, 6, 7, 8, 9, 10, 11, 12, 13, 14, 15, 16, 17, 18, 19, 20, 21, 22, 23, 24, 25, 26, 27, 28, 29, 30, 31
Valid weekdays: Saturday, Sunday
When: 01:00:00
Current Time: 2007-01-06 02:30:00
Valid Interval: 23:00:00-02:00:00
Valid days of month: 1, 2, 3, 4, 5, 6, 7, 8, 9, 10, 11, 12, 13, 14, 15, 16, 17, 18, 19, 20, 21, 22, 23, 24, 25, 26, 27, 28, 29, 30, 31
Valid weekdays: Saturday, Sunday
When: 23:30:00
Current Time: 2007-01-01 12:00:00
Valid Interval: 23:00:00-02:00:00
Valid days of month: 1, 2, 3, 4, 5, 6, 7, 8, 9, 10, 11, 12, 13, 14, 15, 16, 17, 18, 19, 20, 21, 22, 23, 24, 25, 26, 27, 28, 29, 30, 31
Valid weekdays: Saturday, Sunday
When: 23:30:00
Current Time: 2007-01-05 23:30:00
Valid Interval: 23:00:00-02:00:00
Valid days of month: 1, 2, 3, 4, 5, 6, 7, 8, 9, 10, 11, 12, 13, 14, 15, 16, 17, 18, 19, 20, 21, 22, 23, 24, 25, 26, 27, 28, 29, 30, 31
Valid weekdays: Saturday, Sunday
When: 23:30:00
Current Time: 2007-01-06 23:00:00
Valid Interval: 23:00:00-02:00:00
Valid days of month: 1, 2, 3, 4, 5, 6, 7, 8, 9, 10, 11, 12, 13, 14, 15, 16, 17, 18, 19, 20, 21, 22, 23, 24, 25, 26, 27, 28, 29, 30, 31
Valid weekdays: Saturday, Sunday
When: 23:30:00
Current Time: 2007-01-06 02:00:00
Valid Interval: 23:00:00-02:00:00
Valid days of month: 1, 2, 3, 4, 5, 6, 7, 8, 9, 10, 11, 12, 13, 14, 15, 16, 17, 18, 19, 20, 21, 22, 23, 24, 25, 26, 27, 28, 29, 30, 31
Valid weekdays: Saturday, Sunday
When: 23:30:00
Current Time: 2007-01-07 23:40:00
Valid Interval: 23:00:00-02:00:00
Valid days of month: 1, 2, 3, 4, 5, 6, 7, 8, 9, 10, 11, 12, 13, 14, 15, 16, 17, 18, 19, 20, 21, 22, 23, 24, 25, 26, 27, 28, 29, 30, 31
Valid weekdays: Saturday, Sunday
When: 23:30:00
Current Time: 2007-01-07 01:00:00
Valid Interval: 13:00:00-16:00:00
Valid days of month: 1, 2, 3, 4, 5, 6, 7, 8, 9, 10, 11, 12, 13, 14, 15, 16, 17, 18, 19, 20, 21, 22, 23, 24, 25, 26, 27, 28, 29, 30, 31
Valid weekdays: Saturday, Sunday
When: 14:00:00
Current Time: 2007-01-06 14:30:00
Valid Interval: 13:00:00-16:00:00
Valid days of month: 1, 2, 3, 4, 5, 6, 7, 8, 9, 10, 11, 12, 13, 14, 15, 16, 17, 18, 19, 20, 21, 22, 23, 24, 25, 26, 27, 28, 29, 30, 31
Valid weekdays: Saturday, Sunday
When: 14:00:00
Current Time: 2007-01-07 15:00:00
Valid Interval: 23:00:00-02:00:00
Valid days of month: 1, 2, 3, 4, 5, 6, 7, 8, 9, 10, 11, 12, 13, 14, 15, 16, 17, 18, 19, 20, 21, 22, 23, 24, 25, 26, 27, 28, 29, 30, 31
Valid weekdays: Saturday, Sunday
When: 01:00:00
Current Time: 2007-01-06 01:30:00
Valid Interval: 23:00:00-02:00:00
Valid days of month: 1, 2, 3, 4, 5, 6, 7, 8, 9, 10, 11, 12, 13, 14, 15, 16, 17, 18, 19, 20, 21, 22, 23, 24, 25, 26, 27, 28, 29, 30, 31
Valid weekdays: Saturday, Sunday
When: 01:00:00
Current Time: 2007-01-07 01:30:00
Valid Interval: 23:00:00-02:00:00
Valid days of month: 1, 2, 3, 4, 5, 6, 7, 8, 9, 10, 11, 12, 13, 14, 15, 16, 17, 18, 19, 20, 21, 22, 23, 24, 25, 26, 27, 28, 29, 30, 31
Valid weekdays: Saturday, Sunday
When: 23:30:00
Current Time: 2007-01-06 23:02:00
Valid Interval: 23:00:00-02:00:00
Valid days of month: 1, 2, 3, 4, 5, 6, 7, 8, 9, 10, 11, 12, 13, 14, 15, 16, 17, 18, 19, 20, 21, 22, 23, 24, 25, 26, 27, 28, 29, 30, 31
Valid weekdays: Saturday, Sunday
When: 23:30:00
Current Time: 2007-01-06 01:10:00
Valid Interval: 23:00:00-02:00:00
Valid days of month: 1, 2, 3, 4, 5, 6, 7, 8, 9, 10, 11, 12, 13, 14, 15, 16, 17, 18, 19, 20, 21, 22, 23, 24, 25, 26, 27, 28, 29, 30, 31
Valid weekdays: Saturday, Sunday
When: 23:30:00
Current Time: 2007-01-07 01:00:40
Valid Interval: 23:00:00-02:00:00
Valid days of month: 2
Valid weekdays: Saturday, Sunday
When: 23:30:00
Current Time: 2007-01-01 12:00:00
Valid Interval: 23:00:00-02:00:00
Valid days of month: 1, 2
Valid weekdays: Saturday, Sunday
When: 23:30:00
Current Time: 2007-01-05 23:30:00
Valid Interval: 23:00:00-02:00:00
Valid days of month: 1, 2
Valid weekdays: Saturday, Sunday
When: 23:30:00
Current Time: 2007-01-06 23:00:00</StdOut>
      </Output>
    </UnitTestResult>
    <UnitTestResult executionId="5993f41c-0303-4634-9301-0f60c0e34aca" testId="93b8da80-2f06-4a15-894e-fb15d4d324f2" testName="GetNextTimeToTrigger_AbsoluteTimer_ReturnsCorrectTime (Data Row 36)" computerName="ICSWS068" duration="00:00:00.0038051" startTime="2016-08-04T07:57:22.7796831+02:00" endTime="2016-08-04T07:57:22.7836856+02:00" testType="13cdc9d9-ddb5-4fa4-a97d-d965ccfc6d4b" outcome="Passed" testListId="8c84fa94-04c1-424b-9868-57a2d4851a1d" relativeResultsDirectory="5993f41c-0303-4634-9301-0f60c0e34aca">
      <Output>
        <StdOut>TestContext Messages:
Valid Interval: 11:00:00-13:00:00
Valid days of month: 1, 2, 3, 4, 5, 6, 7, 8, 9, 10, 11, 12, 13, 14, 15, 16, 17, 18, 19, 20, 21, 22, 23, 24, 25, 26, 27, 28, 29, 30, 31
Valid weekdays: Monday, Tuesday, Wednesday, Thursday, Friday, Saturday, Sunday
When: 12:00:00
Current Time: 2011-01-01 00:00:00
Valid Interval: 11:00:00-13:00:00
Valid days of month: 1, 2, 3, 4, 5, 6, 7, 8, 9, 10, 11, 12, 13, 14, 15, 16, 17, 18, 19, 20, 21, 22, 23, 24, 25, 26, 27, 28, 29, 30, 31
Valid weekdays: Monday, Tuesday, Wednesday, Thursday, Friday, Saturday, Sunday
When: 12:00:00
Current Time: 2011-01-01 09:00:00
Valid Interval: 11:00:00-13:00:00
Valid days of month: 1, 2, 3, 4, 5, 6, 7, 8, 9, 10, 11, 12, 13, 14, 15, 16, 17, 18, 19, 20, 21, 22, 23, 24, 25, 26, 27, 28, 29, 30, 31
Valid weekdays: Monday, Tuesday, Wednesday, Thursday, Friday, Saturday, Sunday
When: 12:00:00
Current Time: 2011-01-01 11:00:00
Valid Interval: 11:00:00-13:00:00
Valid days of month: 1, 2, 3, 4, 5, 6, 7, 8, 9, 10, 11, 12, 13, 14, 15, 16, 17, 18, 19, 20, 21, 22, 23, 24, 25, 26, 27, 28, 29, 30, 31
Valid weekdays: Monday, Tuesday, Wednesday, Thursday, Friday, Saturday, Sunday
When: 12:00:00
Current Time: 2011-01-01 12:00:00
Valid Interval: 11:00:00-13:00:00
Valid days of month: 1, 2, 3, 4, 5, 6, 7, 8, 9, 10, 11, 12, 13, 14, 15, 16, 17, 18, 19, 20, 21, 22, 23, 24, 25, 26, 27, 28, 29, 30, 31
Valid weekdays: Monday, Tuesday, Wednesday, Thursday, Friday, Saturday, Sunday
When: 12:00:00
Current Time: 2011-01-01 12:30:00
Valid Interval: 11:00:00-13:00:00
Valid days of month: 1, 2, 3, 4, 5, 6, 7, 8, 9, 10, 11, 12, 13, 14, 15, 16, 17, 18, 19, 20, 21, 22, 23, 24, 25, 26, 27, 28, 29, 30, 31
Valid weekdays: Monday, Tuesday, Wednesday, Thursday, Friday, Saturday, Sunday
When: 12:00:00
Current Time: 2011-01-01 13:00:00
Valid Interval: 11:00:00-13:00:00
Valid days of month: 1, 2, 3, 4, 5, 6, 7, 8, 9, 10, 11, 12, 13, 14, 15, 16, 17, 18, 19, 20, 21, 22, 23, 24, 25, 26, 27, 28, 29, 30, 31
Valid weekdays: Monday, Tuesday, Wednesday, Thursday, Friday, Saturday, Sunday
When: 12:00:00
Current Time: 2011-01-02 00:00:00
Valid Interval: 11:00:00-13:00:00
Valid days of month: 1, 2, 3, 4, 5, 6, 7, 8, 9, 10, 11, 12, 13, 14, 15, 16, 17, 18, 19, 20, 21, 22, 23, 24, 25, 26, 27, 28, 29, 30, 31
Valid weekdays: Monday, Tuesday, Wednesday, Thursday, Friday, Saturday, Sunday
When: 12:00:00
Current Time: 2011-01-02 09:00:00
Valid Interval: 11:00:00-13:00:00
Valid days of month: 1, 2, 3, 4, 5, 6, 7, 8, 9, 10, 11, 12, 13, 14, 15, 16, 17, 18, 19, 20, 21, 22, 23, 24, 25, 26, 27, 28, 29, 30, 31
Valid weekdays: Monday, Tuesday, Wednesday, Thursday, Friday, Saturday, Sunday
When: 12:00:00
Current Time: 2011-01-02 12:00:00
Valid Interval: 11:00:00-13:00:00
Valid days of month: 1, 2, 3, 4, 5, 6, 7, 8, 9, 10, 11, 12, 13, 14, 15, 16, 17, 18, 19, 20, 21, 22, 23, 24, 25, 26, 27, 28, 29, 30, 31
Valid weekdays: Monday, Tuesday, Wednesday, Thursday, Friday, Saturday, Sunday
When: 12:00:00
Current Time: 2011-01-02 12:45:30
Valid Interval: 11:00:00-13:00:00
Valid days of month: 1, 2, 3, 4, 5, 6, 7, 8, 9, 10, 11, 12, 13, 14, 15, 16, 17, 18, 19, 20, 21, 22, 23, 24, 25, 26, 27, 28, 29, 30, 31
Valid weekdays: Monday, Tuesday, Wednesday, Thursday, Friday, Saturday, Sunday
When: 12:00:00
Current Time: 2011-01-02 13:00:00
Valid Interval: 11:00:00-13:00:00
Valid days of month: 1, 2, 3, 4, 5, 6, 7, 8, 9, 10, 11, 12, 13, 14, 15, 16, 17, 18, 19, 20, 21, 22, 23, 24, 25, 26, 27, 28, 29, 30, 31
Valid weekdays: Monday, Tuesday, Wednesday, Thursday, Friday, Saturday, Sunday
When: 12:00:00
Current Time: 2011-01-01 12:00:00
Valid Interval: 11:00:00-13:00:00
Valid days of month: 1, 2, 3, 4, 5, 6, 7, 8, 9, 10, 11, 12, 13, 14, 15, 16, 17, 18, 19, 20, 21, 22, 23, 24, 25, 26, 27, 28, 29, 30, 31
Valid weekdays: Monday, Tuesday, Wednesday, Thursday, Friday, Saturday, Sunday
When: 12:00:00
Current Time: 2011-01-01 12:30:00
Valid Interval: 11:00:00-13:00:00
Valid days of month: 1, 2, 3, 4, 5, 6, 7, 8, 9, 10, 11, 12, 13, 14, 15, 16, 17, 18, 19, 20, 21, 22, 23, 24, 25, 26, 27, 28, 29, 30, 31
Valid weekdays: Monday, Tuesday, Wednesday, Thursday, Friday, Saturday, Sunday
When: 12:00:00
Current Time: 2011-01-01 12:30:00
Valid Interval: 11:00:00-13:00:00
Valid days of month: 1, 2, 3, 4, 5, 6, 7, 8, 9, 10, 11, 12, 13, 14, 15, 16, 17, 18, 19, 20, 21, 22, 23, 24, 25, 26, 27, 28, 29, 30, 31
Valid weekdays: Monday, Tuesday, Wednesday, Thursday, Friday, Saturday, Sunday
When: 12:00:00
Current Time: 2011-01-01 13:00:00
Valid Interval: 11:00:00-13:00:00
Valid days of month: 1, 2, 3, 4, 5, 6, 7, 8, 9, 10, 11, 12, 13, 14, 15, 16, 17, 18, 19, 20, 21, 22, 23, 24, 25, 26, 27, 28, 29, 30, 31
Valid weekdays: Monday, Tuesday, Wednesday, Thursday, Friday, Saturday, Sunday
When: 12:00:00
Current Time: 2011-01-01 14:30:00
Valid Interval: 23:00:00-13:00:00
Valid days of month: 1, 2, 3, 4, 5, 6, 7, 8, 9, 10, 11, 12, 13, 14, 15, 16, 17, 18, 19, 20, 21, 22, 23, 24, 25, 26, 27, 28, 29, 30, 31
Valid weekdays: Monday, Tuesday, Wednesday, Thursday, Friday, Saturday, Sunday
When: 23:30:00
Current Time: 2011-01-01 16:00:00
Valid Interval: 23:00:00-13:00:00
Valid days of month: 1, 2, 3, 4, 5, 6, 7, 8, 9, 10, 11, 12, 13, 14, 15, 16, 17, 18, 19, 20, 21, 22, 23, 24, 25, 26, 27, 28, 29, 30, 31
Valid weekdays: Monday, Tuesday, Wednesday, Thursday, Friday, Saturday, Sunday
When: 23:30:00
Current Time: 2011-01-01 23:00:00
Valid Interval: 23:00:00-13:00:00
Valid days of month: 1, 2, 3, 4, 5, 6, 7, 8, 9, 10, 11, 12, 13, 14, 15, 16, 17, 18, 19, 20, 21, 22, 23, 24, 25, 26, 27, 28, 29, 30, 31
Valid weekdays: Monday, Tuesday, Wednesday, Thursday, Friday, Saturday, Sunday
When: 23:30:00
Current Time: 2011-01-01 23:30:00
Valid Interval: 23:00:00-13:00:00
Valid days of month: 1, 2, 3, 4, 5, 6, 7, 8, 9, 10, 11, 12, 13, 14, 15, 16, 17, 18, 19, 20, 21, 22, 23, 24, 25, 26, 27, 28, 29, 30, 31
Valid weekdays: Monday, Tuesday, Wednesday, Thursday, Friday, Saturday, Sunday
When: 23:30:00
Current Time: 2011-01-01 23:45:00
Valid Interval: 23:00:00-13:00:00
Valid days of month: 1, 2, 3, 4, 5, 6, 7, 8, 9, 10, 11, 12, 13, 14, 15, 16, 17, 18, 19, 20, 21, 22, 23, 24, 25, 26, 27, 28, 29, 30, 31
Valid weekdays: Monday, Tuesday, Wednesday, Thursday, Friday, Saturday, Sunday
When: 23:30:00
Current Time: 2011-01-02 00:30:00
Valid Interval: 23:00:00-13:00:00
Valid days of month: 1, 2, 3, 4, 5, 6, 7, 8, 9, 10, 11, 12, 13, 14, 15, 16, 17, 18, 19, 20, 21, 22, 23, 24, 25, 26, 27, 28, 29, 30, 31
Valid weekdays: Monday, Tuesday, Wednesday, Thursday, Friday, Saturday, Sunday
When: 23:30:00
Current Time: 2011-01-01 13:00:00
Valid Interval: 23:00:00-13:00:00
Valid days of month: 1, 2, 3, 4, 5, 6, 7, 8, 9, 10, 11, 12, 13, 14, 15, 16, 17, 18, 19, 20, 21, 22, 23, 24, 25, 26, 27, 28, 29, 30, 31
Valid weekdays: Monday, Tuesday, Wednesday, Thursday, Friday, Saturday, Sunday
When: 01:00:00
Current Time: 2011-01-01 16:00:00
Valid Interval: 23:00:00-13:00:00
Valid days of month: 1, 2, 3, 4, 5, 6, 7, 8, 9, 10, 11, 12, 13, 14, 15, 16, 17, 18, 19, 20, 21, 22, 23, 24, 25, 26, 27, 28, 29, 30, 31
Valid weekdays: Monday, Tuesday, Wednesday, Thursday, Friday, Saturday, Sunday
When: 01:00:00
Current Time: 2011-01-01 23:00:00
Valid Interval: 23:00:00-13:00:00
Valid days of month: 1, 2, 3, 4, 5, 6, 7, 8, 9, 10, 11, 12, 13, 14, 15, 16, 17, 18, 19, 20, 21, 22, 23, 24, 25, 26, 27, 28, 29, 30, 31
Valid weekdays: Monday, Tuesday, Wednesday, Thursday, Friday, Saturday, Sunday
When: 01:00:00
Current Time: 2011-01-01 23:30:00
Valid Interval: 23:00:00-13:00:00
Valid days of month: 1, 2, 3, 4, 5, 6, 7, 8, 9, 10, 11, 12, 13, 14, 15, 16, 17, 18, 19, 20, 21, 22, 23, 24, 25, 26, 27, 28, 29, 30, 31
Valid weekdays: Monday, Tuesday, Wednesday, Thursday, Friday, Saturday, Sunday
When: 01:00:00
Current Time: 2011-01-02 00:30:00
Valid Interval: 23:00:00-13:00:00
Valid days of month: 1, 2, 3, 4, 5, 6, 7, 8, 9, 10, 11, 12, 13, 14, 15, 16, 17, 18, 19, 20, 21, 22, 23, 24, 25, 26, 27, 28, 29, 30, 31
Valid weekdays: Monday, Tuesday, Wednesday, Thursday, Friday, Saturday, Sunday
When: 01:00:00
Current Time: 2011-01-01 02:00:00
Valid Interval: 23:00:00-13:00:00
Valid days of month: 1, 2, 3, 4, 5, 6, 7, 8, 9, 10, 11, 12, 13, 14, 15, 16, 17, 18, 19, 20, 21, 22, 23, 24, 25, 26, 27, 28, 29, 30, 31
Valid weekdays: Monday, Tuesday, Wednesday, Thursday, Friday, Saturday, Sunday
When: 01:00:00
Current Time: 2011-01-01 13:00:00
Valid Interval: 23:00:00-13:00:00
Valid days of month: 1, 2, 3, 4, 5, 6, 7, 8, 9, 10, 11, 12, 13, 14, 15, 16, 17, 18, 19, 20, 21, 22, 23, 24, 25, 26, 27, 28, 29, 30, 31
Valid weekdays: Monday, Tuesday, Wednesday, Thursday, Friday, Saturday, Sunday
When: 23:30:00
Current Time: 2011-01-01 16:00:00
Valid Interval: 23:00:00-13:00:00
Valid days of month: 1, 2, 3, 4, 5, 6, 7, 8, 9, 10, 11, 12, 13, 14, 15, 16, 17, 18, 19, 20, 21, 22, 23, 24, 25, 26, 27, 28, 29, 30, 31
Valid weekdays: Monday, Tuesday, Wednesday, Thursday, Friday, Saturday, Sunday
When: 23:30:00
Current Time: 2011-01-01 23:00:00
Valid Interval: 23:00:00-13:00:00
Valid days of month: 1, 2, 3, 4, 5, 6, 7, 8, 9, 10, 11, 12, 13, 14, 15, 16, 17, 18, 19, 20, 21, 22, 23, 24, 25, 26, 27, 28, 29, 30, 31
Valid weekdays: Monday, Tuesday, Wednesday, Thursday, Friday, Saturday, Sunday
When: 23:30:00
Current Time: 2011-01-01 23:30:00
Valid Interval: 23:00:00-13:00:00
Valid days of month: 1, 2, 3, 4, 5, 6, 7, 8, 9, 10, 11, 12, 13, 14, 15, 16, 17, 18, 19, 20, 21, 22, 23, 24, 25, 26, 27, 28, 29, 30, 31
Valid weekdays: Monday, Tuesday, Wednesday, Thursday, Friday, Saturday, Sunday
When: 23:30:00
Current Time: 2011-01-01 23:45:00
Valid Interval: 23:00:00-13:00:00
Valid days of month: 1, 2, 3, 4, 5, 6, 7, 8, 9, 10, 11, 12, 13, 14, 15, 16, 17, 18, 19, 20, 21, 22, 23, 24, 25, 26, 27, 28, 29, 30, 31
Valid weekdays: Monday, Tuesday, Wednesday, Thursday, Friday, Saturday, Sunday
When: 23:30:00
Current Time: 2011-01-02 00:30:00
Valid Interval: 23:00:00-13:00:00
Valid days of month: 1, 2, 3, 4, 5, 6, 7, 8, 9, 10, 11, 12, 13, 14, 15, 16, 17, 18, 19, 20, 21, 22, 23, 24, 25, 26, 27, 28, 29, 30, 31
Valid weekdays: Monday, Tuesday, Wednesday, Thursday, Friday, Saturday, Sunday
When: 23:30:00
Current Time: 2011-01-01 13:00:00
Valid Interval: 23:00:00-13:00:00
Valid days of month: 1, 2, 3, 4, 5, 6, 7, 8, 9, 10, 11, 12, 13, 14, 15, 16, 17, 18, 19, 20, 21, 22, 23, 24, 25, 26, 27, 28, 29, 30, 31
Valid weekdays: Monday, Tuesday, Wednesday, Thursday, Friday, Saturday, Sunday
When: 01:00:00
Current Time: 2011-01-01 16:00:00
Valid Interval: 23:00:00-13:00:00
Valid days of month: 1, 2, 3, 4, 5, 6, 7, 8, 9, 10, 11, 12, 13, 14, 15, 16, 17, 18, 19, 20, 21, 22, 23, 24, 25, 26, 27, 28, 29, 30, 31
Valid weekdays: Monday, Tuesday, Wednesday, Thursday, Friday, Saturday, Sunday
When: 01:00:00
Current Time: 2011-01-01 23:00:00
Valid Interval: 23:00:00-13:00:00
Valid days of month: 1, 2, 3, 4, 5, 6, 7, 8, 9, 10, 11, 12, 13, 14, 15, 16, 17, 18, 19, 20, 21, 22, 23, 24, 25, 26, 27, 28, 29, 30, 31
Valid weekdays: Monday, Tuesday, Wednesday, Thursday, Friday, Saturday, Sunday
When: 01:00:00
Current Time: 2011-01-01 23:30:00
Valid Interval: 23:00:00-13:00:00
Valid days of month: 1, 2, 3, 4, 5, 6, 7, 8, 9, 10, 11, 12, 13, 14, 15, 16, 17, 18, 19, 20, 21, 22, 23, 24, 25, 26, 27, 28, 29, 30, 31
Valid weekdays: Monday, Tuesday, Wednesday, Thursday, Friday, Saturday, Sunday
When: 01:00:00
Current Time: 2011-01-02 00:30:00
Valid Interval: 23:00:00-13:00:00
Valid days of month: 1, 2, 3, 4, 5, 6, 7, 8, 9, 10, 11, 12, 13, 14, 15, 16, 17, 18, 19, 20, 21, 22, 23, 24, 25, 26, 27, 28, 29, 30, 31
Valid weekdays: Monday, Tuesday, Wednesday, Thursday, Friday, Saturday, Sunday
When: 01:00:00
Current Time: 2011-01-02 02:00:00
Valid Interval: 23:00:00-13:00:00
Valid days of month: 1, 2, 3, 4, 5, 6, 7, 8, 9, 10, 11, 12, 13, 14, 15, 16, 17, 18, 19, 20, 21, 22, 23, 24, 25, 26, 27, 28, 29, 30, 31
Valid weekdays: Monday, Tuesday, Wednesday, Thursday, Friday, Saturday, Sunday
When: 01:00:00
Current Time: 2011-01-02 13:00:00
Valid Interval: 23:00:00-13:00:00
Valid days of month: 1, 2, 3, 4, 5, 6, 7, 8, 9, 10, 11, 12, 13, 14, 15, 16, 17, 18, 19, 20, 21, 22, 23, 24, 25, 26, 27, 28, 29, 30, 31
Valid weekdays: Monday, Tuesday, Wednesday, Thursday, Friday, Saturday, Sunday
When: 23:30:00
Current Time: 2011-01-01 23:30:05
Valid Interval: 23:00:00-13:00:00
Valid days of month: 1, 2, 3, 4, 5, 6, 7, 8, 9, 10, 11, 12, 13, 14, 15, 16, 17, 18, 19, 20, 21, 22, 23, 24, 25, 26, 27, 28, 29, 30, 31
Valid weekdays: Monday, Tuesday, Wednesday, Thursday, Friday, Saturday, Sunday
When: 23:30:00
Current Time: 2011-01-02 00:30:00
Valid Interval: 23:00:00-13:00:00
Valid days of month: 1, 2, 3, 4, 5, 6, 7, 8, 9, 10, 11, 12, 13, 14, 15, 16, 17, 18, 19, 20, 21, 22, 23, 24, 25, 26, 27, 28, 29, 30, 31
Valid weekdays: Monday, Tuesday, Wednesday, Thursday, Friday, Saturday, Sunday
When: 23:30:00
Current Time: 2011-01-02 13:00:00
Valid Interval: 23:00:00-13:00:00
Valid days of month: 1, 2, 3, 4, 5, 6, 7, 8, 9, 10, 11, 12, 13, 14, 15, 16, 17, 18, 19, 20, 21, 22, 23, 24, 25, 26, 27, 28, 29, 30, 31
Valid weekdays: Monday, Tuesday, Wednesday, Thursday, Friday, Saturday, Sunday
When: 01:00:00
Current Time: 2011-01-01 02:00:00
Valid Interval: 23:00:00-13:00:00
Valid days of month: 1, 2, 3, 4, 5, 6, 7, 8, 9, 10, 11, 12, 13, 14, 15, 16, 17, 18, 19, 20, 21, 22, 23, 24, 25, 26, 27, 28, 29, 30, 31
Valid weekdays: Monday, Tuesday, Wednesday, Thursday, Friday, Saturday, Sunday
When: 01:00:00
Current Time: 2011-01-02 02:00:00
Valid Interval: 13:00:00-16:00:00
Valid days of month: 1, 2, 3, 4, 5, 6, 7, 8, 9, 10, 11, 12, 13, 14, 15, 16, 17, 18, 19, 20, 21, 22, 23, 24, 25, 26, 27, 28, 29, 30, 31
Valid weekdays: Saturday, Sunday
When: 14:00:00
Current Time: 2007-01-01 12:00:00
Valid Interval: 13:00:00-16:00:00
Valid days of month: 1, 2, 3, 4, 5, 6, 7, 8, 9, 10, 11, 12, 13, 14, 15, 16, 17, 18, 19, 20, 21, 22, 23, 24, 25, 26, 27, 28, 29, 30, 31
Valid weekdays: Saturday, Sunday
When: 14:00:00
Current Time: 2007-01-02 13:30:00
Valid Interval: 13:00:00-16:00:00
Valid days of month: 1, 2, 3, 4, 5, 6, 7, 8, 9, 10, 11, 12, 13, 14, 15, 16, 17, 18, 19, 20, 21, 22, 23, 24, 25, 26, 27, 28, 29, 30, 31
Valid weekdays: Saturday, Sunday
When: 14:00:00
Current Time: 2007-01-06 13:30:00
Valid Interval: 13:00:00-16:00:00
Valid days of month: 1, 2, 3, 4, 5, 6, 7, 8, 9, 10, 11, 12, 13, 14, 15, 16, 17, 18, 19, 20, 21, 22, 23, 24, 25, 26, 27, 28, 29, 30, 31
Valid weekdays: Saturday, Sunday
When: 14:00:00
Current Time: 2007-01-06 14:30:00
Valid Interval: 13:00:00-16:00:00
Valid days of month: 1, 2, 3, 4, 5, 6, 7, 8, 9, 10, 11, 12, 13, 14, 15, 16, 17, 18, 19, 20, 21, 22, 23, 24, 25, 26, 27, 28, 29, 30, 31
Valid weekdays: Saturday, Sunday
When: 14:00:00
Current Time: 2007-01-06 16:30:00
Valid Interval: 13:00:00-16:00:00
Valid days of month: 1, 2, 3, 4, 5, 6, 7, 8, 9, 10, 11, 12, 13, 14, 15, 16, 17, 18, 19, 20, 21, 22, 23, 24, 25, 26, 27, 28, 29, 30, 31
Valid weekdays: Saturday, Sunday
When: 14:00:00
Current Time: 2007-01-07 16:00:00
Valid Interval: 23:00:00-02:00:00
Valid days of month: 1, 2, 3, 4, 5, 6, 7, 8, 9, 10, 11, 12, 13, 14, 15, 16, 17, 18, 19, 20, 21, 22, 23, 24, 25, 26, 27, 28, 29, 30, 31
Valid weekdays: Saturday, Sunday
When: 01:00:00
Current Time: 2007-01-01 12:00:00
Valid Interval: 23:00:00-02:00:00
Valid days of month: 1, 2, 3, 4, 5, 6, 7, 8, 9, 10, 11, 12, 13, 14, 15, 16, 17, 18, 19, 20, 21, 22, 23, 24, 25, 26, 27, 28, 29, 30, 31
Valid weekdays: Saturday, Sunday
When: 01:00:00
Current Time: 2007-01-02 01:00:00
Valid Interval: 23:00:00-02:00:00
Valid days of month: 1, 2, 3, 4, 5, 6, 7, 8, 9, 10, 11, 12, 13, 14, 15, 16, 17, 18, 19, 20, 21, 22, 23, 24, 25, 26, 27, 28, 29, 30, 31
Valid weekdays: Saturday, Sunday
When: 01:00:00
Current Time: 2007-01-06 00:30:00
Valid Interval: 23:00:00-02:00:00
Valid days of month: 1, 2, 3, 4, 5, 6, 7, 8, 9, 10, 11, 12, 13, 14, 15, 16, 17, 18, 19, 20, 21, 22, 23, 24, 25, 26, 27, 28, 29, 30, 31
Valid weekdays: Saturday, Sunday
When: 01:00:00
Current Time: 2007-01-06 01:30:00
Valid Interval: 23:00:00-02:00:00
Valid days of month: 1, 2, 3, 4, 5, 6, 7, 8, 9, 10, 11, 12, 13, 14, 15, 16, 17, 18, 19, 20, 21, 22, 23, 24, 25, 26, 27, 28, 29, 30, 31
Valid weekdays: Saturday, Sunday
When: 01:00:00
Current Time: 2007-01-06 02:30:00
Valid Interval: 23:00:00-02:00:00
Valid days of month: 1, 2, 3, 4, 5, 6, 7, 8, 9, 10, 11, 12, 13, 14, 15, 16, 17, 18, 19, 20, 21, 22, 23, 24, 25, 26, 27, 28, 29, 30, 31
Valid weekdays: Saturday, Sunday
When: 01:00:00
Current Time: 2007-01-07 02:00:00
Valid Interval: 23:00:00-02:00:00
Valid days of month: 1, 2, 3, 4, 5, 6, 7, 8, 9, 10, 11, 12, 13, 14, 15, 16, 17, 18, 19, 20, 21, 22, 23, 24, 25, 26, 27, 28, 29, 30, 31
Valid weekdays: Saturday, Sunday
When: 23:30:00
Current Time: 2007-01-01 12:00:00
Valid Interval: 23:00:00-02:00:00
Valid days of month: 1, 2, 3, 4, 5, 6, 7, 8, 9, 10, 11, 12, 13, 14, 15, 16, 17, 18, 19, 20, 21, 22, 23, 24, 25, 26, 27, 28, 29, 30, 31
Valid weekdays: Saturday, Sunday
When: 23:30:00
Current Time: 2007-01-05 23:30:00
Valid Interval: 23:00:00-02:00:00
Valid days of month: 1, 2, 3, 4, 5, 6, 7, 8, 9, 10, 11, 12, 13, 14, 15, 16, 17, 18, 19, 20, 21, 22, 23, 24, 25, 26, 27, 28, 29, 30, 31
Valid weekdays: Saturday, Sunday
When: 23:30:00
Current Time: 2007-01-06 23:00:00
Valid Interval: 23:00:00-02:00:00
Valid days of month: 1, 2, 3, 4, 5, 6, 7, 8, 9, 10, 11, 12, 13, 14, 15, 16, 17, 18, 19, 20, 21, 22, 23, 24, 25, 26, 27, 28, 29, 30, 31
Valid weekdays: Saturday, Sunday
When: 23:30:00
Current Time: 2007-01-06 02:00:00
Valid Interval: 23:00:00-02:00:00
Valid days of month: 1, 2, 3, 4, 5, 6, 7, 8, 9, 10, 11, 12, 13, 14, 15, 16, 17, 18, 19, 20, 21, 22, 23, 24, 25, 26, 27, 28, 29, 30, 31
Valid weekdays: Saturday, Sunday
When: 23:30:00
Current Time: 2007-01-07 23:40:00
Valid Interval: 23:00:00-02:00:00
Valid days of month: 1, 2, 3, 4, 5, 6, 7, 8, 9, 10, 11, 12, 13, 14, 15, 16, 17, 18, 19, 20, 21, 22, 23, 24, 25, 26, 27, 28, 29, 30, 31
Valid weekdays: Saturday, Sunday
When: 23:30:00
Current Time: 2007-01-07 01:00:00
Valid Interval: 13:00:00-16:00:00
Valid days of month: 1, 2, 3, 4, 5, 6, 7, 8, 9, 10, 11, 12, 13, 14, 15, 16, 17, 18, 19, 20, 21, 22, 23, 24, 25, 26, 27, 28, 29, 30, 31
Valid weekdays: Saturday, Sunday
When: 14:00:00
Current Time: 2007-01-01 12:00:00
Valid Interval: 13:00:00-16:00:00
Valid days of month: 1, 2, 3, 4, 5, 6, 7, 8, 9, 10, 11, 12, 13, 14, 15, 16, 17, 18, 19, 20, 21, 22, 23, 24, 25, 26, 27, 28, 29, 30, 31
Valid weekdays: Saturday, Sunday
When: 14:00:00
Current Time: 2007-01-02 13:30:00
Valid Interval: 13:00:00-16:00:00
Valid days of month: 1, 2, 3, 4, 5, 6, 7, 8, 9, 10, 11, 12, 13, 14, 15, 16, 17, 18, 19, 20, 21, 22, 23, 24, 25, 26, 27, 28, 29, 30, 31
Valid weekdays: Saturday, Sunday
When: 14:00:00
Current Time: 2007-01-06 13:30:00
Valid Interval: 13:00:00-16:00:00
Valid days of month: 1, 2, 3, 4, 5, 6, 7, 8, 9, 10, 11, 12, 13, 14, 15, 16, 17, 18, 19, 20, 21, 22, 23, 24, 25, 26, 27, 28, 29, 30, 31
Valid weekdays: Saturday, Sunday
When: 14:00:00
Current Time: 2007-01-06 14:30:00
Valid Interval: 13:00:00-16:00:00
Valid days of month: 1, 2, 3, 4, 5, 6, 7, 8, 9, 10, 11, 12, 13, 14, 15, 16, 17, 18, 19, 20, 21, 22, 23, 24, 25, 26, 27, 28, 29, 30, 31
Valid weekdays: Saturday, Sunday
When: 14:00:00
Current Time: 2007-01-06 16:30:00
Valid Interval: 13:00:00-16:00:00
Valid days of month: 1, 2, 3, 4, 5, 6, 7, 8, 9, 10, 11, 12, 13, 14, 15, 16, 17, 18, 19, 20, 21, 22, 23, 24, 25, 26, 27, 28, 29, 30, 31
Valid weekdays: Saturday, Sunday
When: 14:00:00
Current Time: 2007-01-07 16:00:00
Valid Interval: 23:00:00-02:00:00
Valid days of month: 1, 2, 3, 4, 5, 6, 7, 8, 9, 10, 11, 12, 13, 14, 15, 16, 17, 18, 19, 20, 21, 22, 23, 24, 25, 26, 27, 28, 29, 30, 31
Valid weekdays: Saturday, Sunday
When: 01:00:00
Current Time: 2007-01-01 12:00:00
Valid Interval: 23:00:00-02:00:00
Valid days of month: 1, 2, 3, 4, 5, 6, 7, 8, 9, 10, 11, 12, 13, 14, 15, 16, 17, 18, 19, 20, 21, 22, 23, 24, 25, 26, 27, 28, 29, 30, 31
Valid weekdays: Saturday, Sunday
When: 01:00:00
Current Time: 2007-01-02 01:00:00
Valid Interval: 23:00:00-02:00:00
Valid days of month: 1, 2, 3, 4, 5, 6, 7, 8, 9, 10, 11, 12, 13, 14, 15, 16, 17, 18, 19, 20, 21, 22, 23, 24, 25, 26, 27, 28, 29, 30, 31
Valid weekdays: Saturday, Sunday
When: 01:00:00
Current Time: 2007-01-06 00:30:00
Valid Interval: 23:00:00-02:00:00
Valid days of month: 1, 2, 3, 4, 5, 6, 7, 8, 9, 10, 11, 12, 13, 14, 15, 16, 17, 18, 19, 20, 21, 22, 23, 24, 25, 26, 27, 28, 29, 30, 31
Valid weekdays: Saturday, Sunday
When: 01:00:00
Current Time: 2007-01-06 02:30:00
Valid Interval: 23:00:00-02:00:00
Valid days of month: 1, 2, 3, 4, 5, 6, 7, 8, 9, 10, 11, 12, 13, 14, 15, 16, 17, 18, 19, 20, 21, 22, 23, 24, 25, 26, 27, 28, 29, 30, 31
Valid weekdays: Saturday, Sunday
When: 23:30:00
Current Time: 2007-01-01 12:00:00
Valid Interval: 23:00:00-02:00:00
Valid days of month: 1, 2, 3, 4, 5, 6, 7, 8, 9, 10, 11, 12, 13, 14, 15, 16, 17, 18, 19, 20, 21, 22, 23, 24, 25, 26, 27, 28, 29, 30, 31
Valid weekdays: Saturday, Sunday
When: 23:30:00
Current Time: 2007-01-05 23:30:00
Valid Interval: 23:00:00-02:00:00
Valid days of month: 1, 2, 3, 4, 5, 6, 7, 8, 9, 10, 11, 12, 13, 14, 15, 16, 17, 18, 19, 20, 21, 22, 23, 24, 25, 26, 27, 28, 29, 30, 31
Valid weekdays: Saturday, Sunday
When: 23:30:00
Current Time: 2007-01-06 23:00:00
Valid Interval: 23:00:00-02:00:00
Valid days of month: 1, 2, 3, 4, 5, 6, 7, 8, 9, 10, 11, 12, 13, 14, 15, 16, 17, 18, 19, 20, 21, 22, 23, 24, 25, 26, 27, 28, 29, 30, 31
Valid weekdays: Saturday, Sunday
When: 23:30:00
Current Time: 2007-01-06 02:00:00
Valid Interval: 23:00:00-02:00:00
Valid days of month: 1, 2, 3, 4, 5, 6, 7, 8, 9, 10, 11, 12, 13, 14, 15, 16, 17, 18, 19, 20, 21, 22, 23, 24, 25, 26, 27, 28, 29, 30, 31
Valid weekdays: Saturday, Sunday
When: 23:30:00
Current Time: 2007-01-07 23:40:00
Valid Interval: 23:00:00-02:00:00
Valid days of month: 1, 2, 3, 4, 5, 6, 7, 8, 9, 10, 11, 12, 13, 14, 15, 16, 17, 18, 19, 20, 21, 22, 23, 24, 25, 26, 27, 28, 29, 30, 31
Valid weekdays: Saturday, Sunday
When: 23:30:00
Current Time: 2007-01-07 01:00:00
Valid Interval: 13:00:00-16:00:00
Valid days of month: 1, 2, 3, 4, 5, 6, 7, 8, 9, 10, 11, 12, 13, 14, 15, 16, 17, 18, 19, 20, 21, 22, 23, 24, 25, 26, 27, 28, 29, 30, 31
Valid weekdays: Saturday, Sunday
When: 14:00:00
Current Time: 2007-01-06 14:30:00
Valid Interval: 13:00:00-16:00:00
Valid days of month: 1, 2, 3, 4, 5, 6, 7, 8, 9, 10, 11, 12, 13, 14, 15, 16, 17, 18, 19, 20, 21, 22, 23, 24, 25, 26, 27, 28, 29, 30, 31
Valid weekdays: Saturday, Sunday
When: 14:00:00
Current Time: 2007-01-07 15:00:00
Valid Interval: 23:00:00-02:00:00
Valid days of month: 1, 2, 3, 4, 5, 6, 7, 8, 9, 10, 11, 12, 13, 14, 15, 16, 17, 18, 19, 20, 21, 22, 23, 24, 25, 26, 27, 28, 29, 30, 31
Valid weekdays: Saturday, Sunday
When: 01:00:00
Current Time: 2007-01-06 01:30:00
Valid Interval: 23:00:00-02:00:00
Valid days of month: 1, 2, 3, 4, 5, 6, 7, 8, 9, 10, 11, 12, 13, 14, 15, 16, 17, 18, 19, 20, 21, 22, 23, 24, 25, 26, 27, 28, 29, 30, 31
Valid weekdays: Saturday, Sunday
When: 01:00:00
Current Time: 2007-01-07 01:30:00
Valid Interval: 23:00:00-02:00:00
Valid days of month: 1, 2, 3, 4, 5, 6, 7, 8, 9, 10, 11, 12, 13, 14, 15, 16, 17, 18, 19, 20, 21, 22, 23, 24, 25, 26, 27, 28, 29, 30, 31
Valid weekdays: Saturday, Sunday
When: 23:30:00
Current Time: 2007-01-06 23:02:00
Valid Interval: 23:00:00-02:00:00
Valid days of month: 1, 2, 3, 4, 5, 6, 7, 8, 9, 10, 11, 12, 13, 14, 15, 16, 17, 18, 19, 20, 21, 22, 23, 24, 25, 26, 27, 28, 29, 30, 31
Valid weekdays: Saturday, Sunday
When: 23:30:00
Current Time: 2007-01-06 01:10:00
Valid Interval: 23:00:00-02:00:00
Valid days of month: 1, 2, 3, 4, 5, 6, 7, 8, 9, 10, 11, 12, 13, 14, 15, 16, 17, 18, 19, 20, 21, 22, 23, 24, 25, 26, 27, 28, 29, 30, 31
Valid weekdays: Saturday, Sunday
When: 23:30:00
Current Time: 2007-01-07 01:00:40
Valid Interval: 23:00:00-02:00:00
Valid days of month: 2
Valid weekdays: Saturday, Sunday
When: 23:30:00
Current Time: 2007-01-01 12:00:00
Valid Interval: 23:00:00-02:00:00
Valid days of month: 1, 2
Valid weekdays: Saturday, Sunday
When: 23:30:00
Current Time: 2007-01-05 23:30:00
Valid Interval: 23:00:00-02:00:00
Valid days of month: 1, 2
Valid weekdays: Saturday, Sunday
When: 23:30:00
Current Time: 2007-01-06 23:00:00</StdOut>
      </Output>
    </UnitTestResult>
    <UnitTestResult executionId="3d3939da-87ca-4dcb-b831-5cd4cffee56a" testId="143fbf0c-948c-411f-babd-0f685dc98d15" testName="GetNextTimeToTrigger_AbsoluteTimer_ReturnsCorrectTime (Data Row 37)" computerName="ICSWS068" duration="00:00:00.0042849" startTime="2016-08-04T07:57:22.7836856+02:00" endTime="2016-08-04T07:57:22.7881894+02:00" testType="13cdc9d9-ddb5-4fa4-a97d-d965ccfc6d4b" outcome="Passed" testListId="8c84fa94-04c1-424b-9868-57a2d4851a1d" relativeResultsDirectory="3d3939da-87ca-4dcb-b831-5cd4cffee56a">
      <Output>
        <StdOut>TestContext Messages:
Valid Interval: 11:00:00-13:00:00
Valid days of month: 1, 2, 3, 4, 5, 6, 7, 8, 9, 10, 11, 12, 13, 14, 15, 16, 17, 18, 19, 20, 21, 22, 23, 24, 25, 26, 27, 28, 29, 30, 31
Valid weekdays: Monday, Tuesday, Wednesday, Thursday, Friday, Saturday, Sunday
When: 12:00:00
Current Time: 2011-01-01 00:00:00
Valid Interval: 11:00:00-13:00:00
Valid days of month: 1, 2, 3, 4, 5, 6, 7, 8, 9, 10, 11, 12, 13, 14, 15, 16, 17, 18, 19, 20, 21, 22, 23, 24, 25, 26, 27, 28, 29, 30, 31
Valid weekdays: Monday, Tuesday, Wednesday, Thursday, Friday, Saturday, Sunday
When: 12:00:00
Current Time: 2011-01-01 09:00:00
Valid Interval: 11:00:00-13:00:00
Valid days of month: 1, 2, 3, 4, 5, 6, 7, 8, 9, 10, 11, 12, 13, 14, 15, 16, 17, 18, 19, 20, 21, 22, 23, 24, 25, 26, 27, 28, 29, 30, 31
Valid weekdays: Monday, Tuesday, Wednesday, Thursday, Friday, Saturday, Sunday
When: 12:00:00
Current Time: 2011-01-01 11:00:00
Valid Interval: 11:00:00-13:00:00
Valid days of month: 1, 2, 3, 4, 5, 6, 7, 8, 9, 10, 11, 12, 13, 14, 15, 16, 17, 18, 19, 20, 21, 22, 23, 24, 25, 26, 27, 28, 29, 30, 31
Valid weekdays: Monday, Tuesday, Wednesday, Thursday, Friday, Saturday, Sunday
When: 12:00:00
Current Time: 2011-01-01 12:00:00
Valid Interval: 11:00:00-13:00:00
Valid days of month: 1, 2, 3, 4, 5, 6, 7, 8, 9, 10, 11, 12, 13, 14, 15, 16, 17, 18, 19, 20, 21, 22, 23, 24, 25, 26, 27, 28, 29, 30, 31
Valid weekdays: Monday, Tuesday, Wednesday, Thursday, Friday, Saturday, Sunday
When: 12:00:00
Current Time: 2011-01-01 12:30:00
Valid Interval: 11:00:00-13:00:00
Valid days of month: 1, 2, 3, 4, 5, 6, 7, 8, 9, 10, 11, 12, 13, 14, 15, 16, 17, 18, 19, 20, 21, 22, 23, 24, 25, 26, 27, 28, 29, 30, 31
Valid weekdays: Monday, Tuesday, Wednesday, Thursday, Friday, Saturday, Sunday
When: 12:00:00
Current Time: 2011-01-01 13:00:00
Valid Interval: 11:00:00-13:00:00
Valid days of month: 1, 2, 3, 4, 5, 6, 7, 8, 9, 10, 11, 12, 13, 14, 15, 16, 17, 18, 19, 20, 21, 22, 23, 24, 25, 26, 27, 28, 29, 30, 31
Valid weekdays: Monday, Tuesday, Wednesday, Thursday, Friday, Saturday, Sunday
When: 12:00:00
Current Time: 2011-01-02 00:00:00
Valid Interval: 11:00:00-13:00:00
Valid days of month: 1, 2, 3, 4, 5, 6, 7, 8, 9, 10, 11, 12, 13, 14, 15, 16, 17, 18, 19, 20, 21, 22, 23, 24, 25, 26, 27, 28, 29, 30, 31
Valid weekdays: Monday, Tuesday, Wednesday, Thursday, Friday, Saturday, Sunday
When: 12:00:00
Current Time: 2011-01-02 09:00:00
Valid Interval: 11:00:00-13:00:00
Valid days of month: 1, 2, 3, 4, 5, 6, 7, 8, 9, 10, 11, 12, 13, 14, 15, 16, 17, 18, 19, 20, 21, 22, 23, 24, 25, 26, 27, 28, 29, 30, 31
Valid weekdays: Monday, Tuesday, Wednesday, Thursday, Friday, Saturday, Sunday
When: 12:00:00
Current Time: 2011-01-02 12:00:00
Valid Interval: 11:00:00-13:00:00
Valid days of month: 1, 2, 3, 4, 5, 6, 7, 8, 9, 10, 11, 12, 13, 14, 15, 16, 17, 18, 19, 20, 21, 22, 23, 24, 25, 26, 27, 28, 29, 30, 31
Valid weekdays: Monday, Tuesday, Wednesday, Thursday, Friday, Saturday, Sunday
When: 12:00:00
Current Time: 2011-01-02 12:45:30
Valid Interval: 11:00:00-13:00:00
Valid days of month: 1, 2, 3, 4, 5, 6, 7, 8, 9, 10, 11, 12, 13, 14, 15, 16, 17, 18, 19, 20, 21, 22, 23, 24, 25, 26, 27, 28, 29, 30, 31
Valid weekdays: Monday, Tuesday, Wednesday, Thursday, Friday, Saturday, Sunday
When: 12:00:00
Current Time: 2011-01-02 13:00:00
Valid Interval: 11:00:00-13:00:00
Valid days of month: 1, 2, 3, 4, 5, 6, 7, 8, 9, 10, 11, 12, 13, 14, 15, 16, 17, 18, 19, 20, 21, 22, 23, 24, 25, 26, 27, 28, 29, 30, 31
Valid weekdays: Monday, Tuesday, Wednesday, Thursday, Friday, Saturday, Sunday
When: 12:00:00
Current Time: 2011-01-01 12:00:00
Valid Interval: 11:00:00-13:00:00
Valid days of month: 1, 2, 3, 4, 5, 6, 7, 8, 9, 10, 11, 12, 13, 14, 15, 16, 17, 18, 19, 20, 21, 22, 23, 24, 25, 26, 27, 28, 29, 30, 31
Valid weekdays: Monday, Tuesday, Wednesday, Thursday, Friday, Saturday, Sunday
When: 12:00:00
Current Time: 2011-01-01 12:30:00
Valid Interval: 11:00:00-13:00:00
Valid days of month: 1, 2, 3, 4, 5, 6, 7, 8, 9, 10, 11, 12, 13, 14, 15, 16, 17, 18, 19, 20, 21, 22, 23, 24, 25, 26, 27, 28, 29, 30, 31
Valid weekdays: Monday, Tuesday, Wednesday, Thursday, Friday, Saturday, Sunday
When: 12:00:00
Current Time: 2011-01-01 12:30:00
Valid Interval: 11:00:00-13:00:00
Valid days of month: 1, 2, 3, 4, 5, 6, 7, 8, 9, 10, 11, 12, 13, 14, 15, 16, 17, 18, 19, 20, 21, 22, 23, 24, 25, 26, 27, 28, 29, 30, 31
Valid weekdays: Monday, Tuesday, Wednesday, Thursday, Friday, Saturday, Sunday
When: 12:00:00
Current Time: 2011-01-01 13:00:00
Valid Interval: 11:00:00-13:00:00
Valid days of month: 1, 2, 3, 4, 5, 6, 7, 8, 9, 10, 11, 12, 13, 14, 15, 16, 17, 18, 19, 20, 21, 22, 23, 24, 25, 26, 27, 28, 29, 30, 31
Valid weekdays: Monday, Tuesday, Wednesday, Thursday, Friday, Saturday, Sunday
When: 12:00:00
Current Time: 2011-01-01 14:30:00
Valid Interval: 23:00:00-13:00:00
Valid days of month: 1, 2, 3, 4, 5, 6, 7, 8, 9, 10, 11, 12, 13, 14, 15, 16, 17, 18, 19, 20, 21, 22, 23, 24, 25, 26, 27, 28, 29, 30, 31
Valid weekdays: Monday, Tuesday, Wednesday, Thursday, Friday, Saturday, Sunday
When: 23:30:00
Current Time: 2011-01-01 16:00:00
Valid Interval: 23:00:00-13:00:00
Valid days of month: 1, 2, 3, 4, 5, 6, 7, 8, 9, 10, 11, 12, 13, 14, 15, 16, 17, 18, 19, 20, 21, 22, 23, 24, 25, 26, 27, 28, 29, 30, 31
Valid weekdays: Monday, Tuesday, Wednesday, Thursday, Friday, Saturday, Sunday
When: 23:30:00
Current Time: 2011-01-01 23:00:00
Valid Interval: 23:00:00-13:00:00
Valid days of month: 1, 2, 3, 4, 5, 6, 7, 8, 9, 10, 11, 12, 13, 14, 15, 16, 17, 18, 19, 20, 21, 22, 23, 24, 25, 26, 27, 28, 29, 30, 31
Valid weekdays: Monday, Tuesday, Wednesday, Thursday, Friday, Saturday, Sunday
When: 23:30:00
Current Time: 2011-01-01 23:30:00
Valid Interval: 23:00:00-13:00:00
Valid days of month: 1, 2, 3, 4, 5, 6, 7, 8, 9, 10, 11, 12, 13, 14, 15, 16, 17, 18, 19, 20, 21, 22, 23, 24, 25, 26, 27, 28, 29, 30, 31
Valid weekdays: Monday, Tuesday, Wednesday, Thursday, Friday, Saturday, Sunday
When: 23:30:00
Current Time: 2011-01-01 23:45:00
Valid Interval: 23:00:00-13:00:00
Valid days of month: 1, 2, 3, 4, 5, 6, 7, 8, 9, 10, 11, 12, 13, 14, 15, 16, 17, 18, 19, 20, 21, 22, 23, 24, 25, 26, 27, 28, 29, 30, 31
Valid weekdays: Monday, Tuesday, Wednesday, Thursday, Friday, Saturday, Sunday
When: 23:30:00
Current Time: 2011-01-02 00:30:00
Valid Interval: 23:00:00-13:00:00
Valid days of month: 1, 2, 3, 4, 5, 6, 7, 8, 9, 10, 11, 12, 13, 14, 15, 16, 17, 18, 19, 20, 21, 22, 23, 24, 25, 26, 27, 28, 29, 30, 31
Valid weekdays: Monday, Tuesday, Wednesday, Thursday, Friday, Saturday, Sunday
When: 23:30:00
Current Time: 2011-01-01 13:00:00
Valid Interval: 23:00:00-13:00:00
Valid days of month: 1, 2, 3, 4, 5, 6, 7, 8, 9, 10, 11, 12, 13, 14, 15, 16, 17, 18, 19, 20, 21, 22, 23, 24, 25, 26, 27, 28, 29, 30, 31
Valid weekdays: Monday, Tuesday, Wednesday, Thursday, Friday, Saturday, Sunday
When: 01:00:00
Current Time: 2011-01-01 16:00:00
Valid Interval: 23:00:00-13:00:00
Valid days of month: 1, 2, 3, 4, 5, 6, 7, 8, 9, 10, 11, 12, 13, 14, 15, 16, 17, 18, 19, 20, 21, 22, 23, 24, 25, 26, 27, 28, 29, 30, 31
Valid weekdays: Monday, Tuesday, Wednesday, Thursday, Friday, Saturday, Sunday
When: 01:00:00
Current Time: 2011-01-01 23:00:00
Valid Interval: 23:00:00-13:00:00
Valid days of month: 1, 2, 3, 4, 5, 6, 7, 8, 9, 10, 11, 12, 13, 14, 15, 16, 17, 18, 19, 20, 21, 22, 23, 24, 25, 26, 27, 28, 29, 30, 31
Valid weekdays: Monday, Tuesday, Wednesday, Thursday, Friday, Saturday, Sunday
When: 01:00:00
Current Time: 2011-01-01 23:30:00
Valid Interval: 23:00:00-13:00:00
Valid days of month: 1, 2, 3, 4, 5, 6, 7, 8, 9, 10, 11, 12, 13, 14, 15, 16, 17, 18, 19, 20, 21, 22, 23, 24, 25, 26, 27, 28, 29, 30, 31
Valid weekdays: Monday, Tuesday, Wednesday, Thursday, Friday, Saturday, Sunday
When: 01:00:00
Current Time: 2011-01-02 00:30:00
Valid Interval: 23:00:00-13:00:00
Valid days of month: 1, 2, 3, 4, 5, 6, 7, 8, 9, 10, 11, 12, 13, 14, 15, 16, 17, 18, 19, 20, 21, 22, 23, 24, 25, 26, 27, 28, 29, 30, 31
Valid weekdays: Monday, Tuesday, Wednesday, Thursday, Friday, Saturday, Sunday
When: 01:00:00
Current Time: 2011-01-01 02:00:00
Valid Interval: 23:00:00-13:00:00
Valid days of month: 1, 2, 3, 4, 5, 6, 7, 8, 9, 10, 11, 12, 13, 14, 15, 16, 17, 18, 19, 20, 21, 22, 23, 24, 25, 26, 27, 28, 29, 30, 31
Valid weekdays: Monday, Tuesday, Wednesday, Thursday, Friday, Saturday, Sunday
When: 01:00:00
Current Time: 2011-01-01 13:00:00
Valid Interval: 23:00:00-13:00:00
Valid days of month: 1, 2, 3, 4, 5, 6, 7, 8, 9, 10, 11, 12, 13, 14, 15, 16, 17, 18, 19, 20, 21, 22, 23, 24, 25, 26, 27, 28, 29, 30, 31
Valid weekdays: Monday, Tuesday, Wednesday, Thursday, Friday, Saturday, Sunday
When: 23:30:00
Current Time: 2011-01-01 16:00:00
Valid Interval: 23:00:00-13:00:00
Valid days of month: 1, 2, 3, 4, 5, 6, 7, 8, 9, 10, 11, 12, 13, 14, 15, 16, 17, 18, 19, 20, 21, 22, 23, 24, 25, 26, 27, 28, 29, 30, 31
Valid weekdays: Monday, Tuesday, Wednesday, Thursday, Friday, Saturday, Sunday
When: 23:30:00
Current Time: 2011-01-01 23:00:00
Valid Interval: 23:00:00-13:00:00
Valid days of month: 1, 2, 3, 4, 5, 6, 7, 8, 9, 10, 11, 12, 13, 14, 15, 16, 17, 18, 19, 20, 21, 22, 23, 24, 25, 26, 27, 28, 29, 30, 31
Valid weekdays: Monday, Tuesday, Wednesday, Thursday, Friday, Saturday, Sunday
When: 23:30:00
Current Time: 2011-01-01 23:30:00
Valid Interval: 23:00:00-13:00:00
Valid days of month: 1, 2, 3, 4, 5, 6, 7, 8, 9, 10, 11, 12, 13, 14, 15, 16, 17, 18, 19, 20, 21, 22, 23, 24, 25, 26, 27, 28, 29, 30, 31
Valid weekdays: Monday, Tuesday, Wednesday, Thursday, Friday, Saturday, Sunday
When: 23:30:00
Current Time: 2011-01-01 23:45:00
Valid Interval: 23:00:00-13:00:00
Valid days of month: 1, 2, 3, 4, 5, 6, 7, 8, 9, 10, 11, 12, 13, 14, 15, 16, 17, 18, 19, 20, 21, 22, 23, 24, 25, 26, 27, 28, 29, 30, 31
Valid weekdays: Monday, Tuesday, Wednesday, Thursday, Friday, Saturday, Sunday
When: 23:30:00
Current Time: 2011-01-02 00:30:00
Valid Interval: 23:00:00-13:00:00
Valid days of month: 1, 2, 3, 4, 5, 6, 7, 8, 9, 10, 11, 12, 13, 14, 15, 16, 17, 18, 19, 20, 21, 22, 23, 24, 25, 26, 27, 28, 29, 30, 31
Valid weekdays: Monday, Tuesday, Wednesday, Thursday, Friday, Saturday, Sunday
When: 23:30:00
Current Time: 2011-01-01 13:00:00
Valid Interval: 23:00:00-13:00:00
Valid days of month: 1, 2, 3, 4, 5, 6, 7, 8, 9, 10, 11, 12, 13, 14, 15, 16, 17, 18, 19, 20, 21, 22, 23, 24, 25, 26, 27, 28, 29, 30, 31
Valid weekdays: Monday, Tuesday, Wednesday, Thursday, Friday, Saturday, Sunday
When: 01:00:00
Current Time: 2011-01-01 16:00:00
Valid Interval: 23:00:00-13:00:00
Valid days of month: 1, 2, 3, 4, 5, 6, 7, 8, 9, 10, 11, 12, 13, 14, 15, 16, 17, 18, 19, 20, 21, 22, 23, 24, 25, 26, 27, 28, 29, 30, 31
Valid weekdays: Monday, Tuesday, Wednesday, Thursday, Friday, Saturday, Sunday
When: 01:00:00
Current Time: 2011-01-01 23:00:00
Valid Interval: 23:00:00-13:00:00
Valid days of month: 1, 2, 3, 4, 5, 6, 7, 8, 9, 10, 11, 12, 13, 14, 15, 16, 17, 18, 19, 20, 21, 22, 23, 24, 25, 26, 27, 28, 29, 30, 31
Valid weekdays: Monday, Tuesday, Wednesday, Thursday, Friday, Saturday, Sunday
When: 01:00:00
Current Time: 2011-01-01 23:30:00
Valid Interval: 23:00:00-13:00:00
Valid days of month: 1, 2, 3, 4, 5, 6, 7, 8, 9, 10, 11, 12, 13, 14, 15, 16, 17, 18, 19, 20, 21, 22, 23, 24, 25, 26, 27, 28, 29, 30, 31
Valid weekdays: Monday, Tuesday, Wednesday, Thursday, Friday, Saturday, Sunday
When: 01:00:00
Current Time: 2011-01-02 00:30:00
Valid Interval: 23:00:00-13:00:00
Valid days of month: 1, 2, 3, 4, 5, 6, 7, 8, 9, 10, 11, 12, 13, 14, 15, 16, 17, 18, 19, 20, 21, 22, 23, 24, 25, 26, 27, 28, 29, 30, 31
Valid weekdays: Monday, Tuesday, Wednesday, Thursday, Friday, Saturday, Sunday
When: 01:00:00
Current Time: 2011-01-02 02:00:00
Valid Interval: 23:00:00-13:00:00
Valid days of month: 1, 2, 3, 4, 5, 6, 7, 8, 9, 10, 11, 12, 13, 14, 15, 16, 17, 18, 19, 20, 21, 22, 23, 24, 25, 26, 27, 28, 29, 30, 31
Valid weekdays: Monday, Tuesday, Wednesday, Thursday, Friday, Saturday, Sunday
When: 01:00:00
Current Time: 2011-01-02 13:00:00
Valid Interval: 23:00:00-13:00:00
Valid days of month: 1, 2, 3, 4, 5, 6, 7, 8, 9, 10, 11, 12, 13, 14, 15, 16, 17, 18, 19, 20, 21, 22, 23, 24, 25, 26, 27, 28, 29, 30, 31
Valid weekdays: Monday, Tuesday, Wednesday, Thursday, Friday, Saturday, Sunday
When: 23:30:00
Current Time: 2011-01-01 23:30:05
Valid Interval: 23:00:00-13:00:00
Valid days of month: 1, 2, 3, 4, 5, 6, 7, 8, 9, 10, 11, 12, 13, 14, 15, 16, 17, 18, 19, 20, 21, 22, 23, 24, 25, 26, 27, 28, 29, 30, 31
Valid weekdays: Monday, Tuesday, Wednesday, Thursday, Friday, Saturday, Sunday
When: 23:30:00
Current Time: 2011-01-02 00:30:00
Valid Interval: 23:00:00-13:00:00
Valid days of month: 1, 2, 3, 4, 5, 6, 7, 8, 9, 10, 11, 12, 13, 14, 15, 16, 17, 18, 19, 20, 21, 22, 23, 24, 25, 26, 27, 28, 29, 30, 31
Valid weekdays: Monday, Tuesday, Wednesday, Thursday, Friday, Saturday, Sunday
When: 23:30:00
Current Time: 2011-01-02 13:00:00
Valid Interval: 23:00:00-13:00:00
Valid days of month: 1, 2, 3, 4, 5, 6, 7, 8, 9, 10, 11, 12, 13, 14, 15, 16, 17, 18, 19, 20, 21, 22, 23, 24, 25, 26, 27, 28, 29, 30, 31
Valid weekdays: Monday, Tuesday, Wednesday, Thursday, Friday, Saturday, Sunday
When: 01:00:00
Current Time: 2011-01-01 02:00:00
Valid Interval: 23:00:00-13:00:00
Valid days of month: 1, 2, 3, 4, 5, 6, 7, 8, 9, 10, 11, 12, 13, 14, 15, 16, 17, 18, 19, 20, 21, 22, 23, 24, 25, 26, 27, 28, 29, 30, 31
Valid weekdays: Monday, Tuesday, Wednesday, Thursday, Friday, Saturday, Sunday
When: 01:00:00
Current Time: 2011-01-02 02:00:00
Valid Interval: 13:00:00-16:00:00
Valid days of month: 1, 2, 3, 4, 5, 6, 7, 8, 9, 10, 11, 12, 13, 14, 15, 16, 17, 18, 19, 20, 21, 22, 23, 24, 25, 26, 27, 28, 29, 30, 31
Valid weekdays: Saturday, Sunday
When: 14:00:00
Current Time: 2007-01-01 12:00:00
Valid Interval: 13:00:00-16:00:00
Valid days of month: 1, 2, 3, 4, 5, 6, 7, 8, 9, 10, 11, 12, 13, 14, 15, 16, 17, 18, 19, 20, 21, 22, 23, 24, 25, 26, 27, 28, 29, 30, 31
Valid weekdays: Saturday, Sunday
When: 14:00:00
Current Time: 2007-01-02 13:30:00
Valid Interval: 13:00:00-16:00:00
Valid days of month: 1, 2, 3, 4, 5, 6, 7, 8, 9, 10, 11, 12, 13, 14, 15, 16, 17, 18, 19, 20, 21, 22, 23, 24, 25, 26, 27, 28, 29, 30, 31
Valid weekdays: Saturday, Sunday
When: 14:00:00
Current Time: 2007-01-06 13:30:00
Valid Interval: 13:00:00-16:00:00
Valid days of month: 1, 2, 3, 4, 5, 6, 7, 8, 9, 10, 11, 12, 13, 14, 15, 16, 17, 18, 19, 20, 21, 22, 23, 24, 25, 26, 27, 28, 29, 30, 31
Valid weekdays: Saturday, Sunday
When: 14:00:00
Current Time: 2007-01-06 14:30:00
Valid Interval: 13:00:00-16:00:00
Valid days of month: 1, 2, 3, 4, 5, 6, 7, 8, 9, 10, 11, 12, 13, 14, 15, 16, 17, 18, 19, 20, 21, 22, 23, 24, 25, 26, 27, 28, 29, 30, 31
Valid weekdays: Saturday, Sunday
When: 14:00:00
Current Time: 2007-01-06 16:30:00
Valid Interval: 13:00:00-16:00:00
Valid days of month: 1, 2, 3, 4, 5, 6, 7, 8, 9, 10, 11, 12, 13, 14, 15, 16, 17, 18, 19, 20, 21, 22, 23, 24, 25, 26, 27, 28, 29, 30, 31
Valid weekdays: Saturday, Sunday
When: 14:00:00
Current Time: 2007-01-07 16:00:00
Valid Interval: 23:00:00-02:00:00
Valid days of month: 1, 2, 3, 4, 5, 6, 7, 8, 9, 10, 11, 12, 13, 14, 15, 16, 17, 18, 19, 20, 21, 22, 23, 24, 25, 26, 27, 28, 29, 30, 31
Valid weekdays: Saturday, Sunday
When: 01:00:00
Current Time: 2007-01-01 12:00:00
Valid Interval: 23:00:00-02:00:00
Valid days of month: 1, 2, 3, 4, 5, 6, 7, 8, 9, 10, 11, 12, 13, 14, 15, 16, 17, 18, 19, 20, 21, 22, 23, 24, 25, 26, 27, 28, 29, 30, 31
Valid weekdays: Saturday, Sunday
When: 01:00:00
Current Time: 2007-01-02 01:00:00
Valid Interval: 23:00:00-02:00:00
Valid days of month: 1, 2, 3, 4, 5, 6, 7, 8, 9, 10, 11, 12, 13, 14, 15, 16, 17, 18, 19, 20, 21, 22, 23, 24, 25, 26, 27, 28, 29, 30, 31
Valid weekdays: Saturday, Sunday
When: 01:00:00
Current Time: 2007-01-06 00:30:00
Valid Interval: 23:00:00-02:00:00
Valid days of month: 1, 2, 3, 4, 5, 6, 7, 8, 9, 10, 11, 12, 13, 14, 15, 16, 17, 18, 19, 20, 21, 22, 23, 24, 25, 26, 27, 28, 29, 30, 31
Valid weekdays: Saturday, Sunday
When: 01:00:00
Current Time: 2007-01-06 01:30:00
Valid Interval: 23:00:00-02:00:00
Valid days of month: 1, 2, 3, 4, 5, 6, 7, 8, 9, 10, 11, 12, 13, 14, 15, 16, 17, 18, 19, 20, 21, 22, 23, 24, 25, 26, 27, 28, 29, 30, 31
Valid weekdays: Saturday, Sunday
When: 01:00:00
Current Time: 2007-01-06 02:30:00
Valid Interval: 23:00:00-02:00:00
Valid days of month: 1, 2, 3, 4, 5, 6, 7, 8, 9, 10, 11, 12, 13, 14, 15, 16, 17, 18, 19, 20, 21, 22, 23, 24, 25, 26, 27, 28, 29, 30, 31
Valid weekdays: Saturday, Sunday
When: 01:00:00
Current Time: 2007-01-07 02:00:00
Valid Interval: 23:00:00-02:00:00
Valid days of month: 1, 2, 3, 4, 5, 6, 7, 8, 9, 10, 11, 12, 13, 14, 15, 16, 17, 18, 19, 20, 21, 22, 23, 24, 25, 26, 27, 28, 29, 30, 31
Valid weekdays: Saturday, Sunday
When: 23:30:00
Current Time: 2007-01-01 12:00:00
Valid Interval: 23:00:00-02:00:00
Valid days of month: 1, 2, 3, 4, 5, 6, 7, 8, 9, 10, 11, 12, 13, 14, 15, 16, 17, 18, 19, 20, 21, 22, 23, 24, 25, 26, 27, 28, 29, 30, 31
Valid weekdays: Saturday, Sunday
When: 23:30:00
Current Time: 2007-01-05 23:30:00
Valid Interval: 23:00:00-02:00:00
Valid days of month: 1, 2, 3, 4, 5, 6, 7, 8, 9, 10, 11, 12, 13, 14, 15, 16, 17, 18, 19, 20, 21, 22, 23, 24, 25, 26, 27, 28, 29, 30, 31
Valid weekdays: Saturday, Sunday
When: 23:30:00
Current Time: 2007-01-06 23:00:00
Valid Interval: 23:00:00-02:00:00
Valid days of month: 1, 2, 3, 4, 5, 6, 7, 8, 9, 10, 11, 12, 13, 14, 15, 16, 17, 18, 19, 20, 21, 22, 23, 24, 25, 26, 27, 28, 29, 30, 31
Valid weekdays: Saturday, Sunday
When: 23:30:00
Current Time: 2007-01-06 02:00:00
Valid Interval: 23:00:00-02:00:00
Valid days of month: 1, 2, 3, 4, 5, 6, 7, 8, 9, 10, 11, 12, 13, 14, 15, 16, 17, 18, 19, 20, 21, 22, 23, 24, 25, 26, 27, 28, 29, 30, 31
Valid weekdays: Saturday, Sunday
When: 23:30:00
Current Time: 2007-01-07 23:40:00
Valid Interval: 23:00:00-02:00:00
Valid days of month: 1, 2, 3, 4, 5, 6, 7, 8, 9, 10, 11, 12, 13, 14, 15, 16, 17, 18, 19, 20, 21, 22, 23, 24, 25, 26, 27, 28, 29, 30, 31
Valid weekdays: Saturday, Sunday
When: 23:30:00
Current Time: 2007-01-07 01:00:00
Valid Interval: 13:00:00-16:00:00
Valid days of month: 1, 2, 3, 4, 5, 6, 7, 8, 9, 10, 11, 12, 13, 14, 15, 16, 17, 18, 19, 20, 21, 22, 23, 24, 25, 26, 27, 28, 29, 30, 31
Valid weekdays: Saturday, Sunday
When: 14:00:00
Current Time: 2007-01-01 12:00:00
Valid Interval: 13:00:00-16:00:00
Valid days of month: 1, 2, 3, 4, 5, 6, 7, 8, 9, 10, 11, 12, 13, 14, 15, 16, 17, 18, 19, 20, 21, 22, 23, 24, 25, 26, 27, 28, 29, 30, 31
Valid weekdays: Saturday, Sunday
When: 14:00:00
Current Time: 2007-01-02 13:30:00
Valid Interval: 13:00:00-16:00:00
Valid days of month: 1, 2, 3, 4, 5, 6, 7, 8, 9, 10, 11, 12, 13, 14, 15, 16, 17, 18, 19, 20, 21, 22, 23, 24, 25, 26, 27, 28, 29, 30, 31
Valid weekdays: Saturday, Sunday
When: 14:00:00
Current Time: 2007-01-06 13:30:00
Valid Interval: 13:00:00-16:00:00
Valid days of month: 1, 2, 3, 4, 5, 6, 7, 8, 9, 10, 11, 12, 13, 14, 15, 16, 17, 18, 19, 20, 21, 22, 23, 24, 25, 26, 27, 28, 29, 30, 31
Valid weekdays: Saturday, Sunday
When: 14:00:00
Current Time: 2007-01-06 14:30:00
Valid Interval: 13:00:00-16:00:00
Valid days of month: 1, 2, 3, 4, 5, 6, 7, 8, 9, 10, 11, 12, 13, 14, 15, 16, 17, 18, 19, 20, 21, 22, 23, 24, 25, 26, 27, 28, 29, 30, 31
Valid weekdays: Saturday, Sunday
When: 14:00:00
Current Time: 2007-01-06 16:30:00
Valid Interval: 13:00:00-16:00:00
Valid days of month: 1, 2, 3, 4, 5, 6, 7, 8, 9, 10, 11, 12, 13, 14, 15, 16, 17, 18, 19, 20, 21, 22, 23, 24, 25, 26, 27, 28, 29, 30, 31
Valid weekdays: Saturday, Sunday
When: 14:00:00
Current Time: 2007-01-07 16:00:00
Valid Interval: 23:00:00-02:00:00
Valid days of month: 1, 2, 3, 4, 5, 6, 7, 8, 9, 10, 11, 12, 13, 14, 15, 16, 17, 18, 19, 20, 21, 22, 23, 24, 25, 26, 27, 28, 29, 30, 31
Valid weekdays: Saturday, Sunday
When: 01:00:00
Current Time: 2007-01-01 12:00:00
Valid Interval: 23:00:00-02:00:00
Valid days of month: 1, 2, 3, 4, 5, 6, 7, 8, 9, 10, 11, 12, 13, 14, 15, 16, 17, 18, 19, 20, 21, 22, 23, 24, 25, 26, 27, 28, 29, 30, 31
Valid weekdays: Saturday, Sunday
When: 01:00:00
Current Time: 2007-01-02 01:00:00
Valid Interval: 23:00:00-02:00:00
Valid days of month: 1, 2, 3, 4, 5, 6, 7, 8, 9, 10, 11, 12, 13, 14, 15, 16, 17, 18, 19, 20, 21, 22, 23, 24, 25, 26, 27, 28, 29, 30, 31
Valid weekdays: Saturday, Sunday
When: 01:00:00
Current Time: 2007-01-06 00:30:00
Valid Interval: 23:00:00-02:00:00
Valid days of month: 1, 2, 3, 4, 5, 6, 7, 8, 9, 10, 11, 12, 13, 14, 15, 16, 17, 18, 19, 20, 21, 22, 23, 24, 25, 26, 27, 28, 29, 30, 31
Valid weekdays: Saturday, Sunday
When: 01:00:00
Current Time: 2007-01-06 02:30:00
Valid Interval: 23:00:00-02:00:00
Valid days of month: 1, 2, 3, 4, 5, 6, 7, 8, 9, 10, 11, 12, 13, 14, 15, 16, 17, 18, 19, 20, 21, 22, 23, 24, 25, 26, 27, 28, 29, 30, 31
Valid weekdays: Saturday, Sunday
When: 23:30:00
Current Time: 2007-01-01 12:00:00
Valid Interval: 23:00:00-02:00:00
Valid days of month: 1, 2, 3, 4, 5, 6, 7, 8, 9, 10, 11, 12, 13, 14, 15, 16, 17, 18, 19, 20, 21, 22, 23, 24, 25, 26, 27, 28, 29, 30, 31
Valid weekdays: Saturday, Sunday
When: 23:30:00
Current Time: 2007-01-05 23:30:00
Valid Interval: 23:00:00-02:00:00
Valid days of month: 1, 2, 3, 4, 5, 6, 7, 8, 9, 10, 11, 12, 13, 14, 15, 16, 17, 18, 19, 20, 21, 22, 23, 24, 25, 26, 27, 28, 29, 30, 31
Valid weekdays: Saturday, Sunday
When: 23:30:00
Current Time: 2007-01-06 23:00:00
Valid Interval: 23:00:00-02:00:00
Valid days of month: 1, 2, 3, 4, 5, 6, 7, 8, 9, 10, 11, 12, 13, 14, 15, 16, 17, 18, 19, 20, 21, 22, 23, 24, 25, 26, 27, 28, 29, 30, 31
Valid weekdays: Saturday, Sunday
When: 23:30:00
Current Time: 2007-01-06 02:00:00
Valid Interval: 23:00:00-02:00:00
Valid days of month: 1, 2, 3, 4, 5, 6, 7, 8, 9, 10, 11, 12, 13, 14, 15, 16, 17, 18, 19, 20, 21, 22, 23, 24, 25, 26, 27, 28, 29, 30, 31
Valid weekdays: Saturday, Sunday
When: 23:30:00
Current Time: 2007-01-07 23:40:00
Valid Interval: 23:00:00-02:00:00
Valid days of month: 1, 2, 3, 4, 5, 6, 7, 8, 9, 10, 11, 12, 13, 14, 15, 16, 17, 18, 19, 20, 21, 22, 23, 24, 25, 26, 27, 28, 29, 30, 31
Valid weekdays: Saturday, Sunday
When: 23:30:00
Current Time: 2007-01-07 01:00:00
Valid Interval: 13:00:00-16:00:00
Valid days of month: 1, 2, 3, 4, 5, 6, 7, 8, 9, 10, 11, 12, 13, 14, 15, 16, 17, 18, 19, 20, 21, 22, 23, 24, 25, 26, 27, 28, 29, 30, 31
Valid weekdays: Saturday, Sunday
When: 14:00:00
Current Time: 2007-01-06 14:30:00
Valid Interval: 13:00:00-16:00:00
Valid days of month: 1, 2, 3, 4, 5, 6, 7, 8, 9, 10, 11, 12, 13, 14, 15, 16, 17, 18, 19, 20, 21, 22, 23, 24, 25, 26, 27, 28, 29, 30, 31
Valid weekdays: Saturday, Sunday
When: 14:00:00
Current Time: 2007-01-07 15:00:00
Valid Interval: 23:00:00-02:00:00
Valid days of month: 1, 2, 3, 4, 5, 6, 7, 8, 9, 10, 11, 12, 13, 14, 15, 16, 17, 18, 19, 20, 21, 22, 23, 24, 25, 26, 27, 28, 29, 30, 31
Valid weekdays: Saturday, Sunday
When: 01:00:00
Current Time: 2007-01-06 01:30:00
Valid Interval: 23:00:00-02:00:00
Valid days of month: 1, 2, 3, 4, 5, 6, 7, 8, 9, 10, 11, 12, 13, 14, 15, 16, 17, 18, 19, 20, 21, 22, 23, 24, 25, 26, 27, 28, 29, 30, 31
Valid weekdays: Saturday, Sunday
When: 01:00:00
Current Time: 2007-01-07 01:30:00
Valid Interval: 23:00:00-02:00:00
Valid days of month: 1, 2, 3, 4, 5, 6, 7, 8, 9, 10, 11, 12, 13, 14, 15, 16, 17, 18, 19, 20, 21, 22, 23, 24, 25, 26, 27, 28, 29, 30, 31
Valid weekdays: Saturday, Sunday
When: 23:30:00
Current Time: 2007-01-06 23:02:00
Valid Interval: 23:00:00-02:00:00
Valid days of month: 1, 2, 3, 4, 5, 6, 7, 8, 9, 10, 11, 12, 13, 14, 15, 16, 17, 18, 19, 20, 21, 22, 23, 24, 25, 26, 27, 28, 29, 30, 31
Valid weekdays: Saturday, Sunday
When: 23:30:00
Current Time: 2007-01-06 01:10:00
Valid Interval: 23:00:00-02:00:00
Valid days of month: 1, 2, 3, 4, 5, 6, 7, 8, 9, 10, 11, 12, 13, 14, 15, 16, 17, 18, 19, 20, 21, 22, 23, 24, 25, 26, 27, 28, 29, 30, 31
Valid weekdays: Saturday, Sunday
When: 23:30:00
Current Time: 2007-01-07 01:00:40
Valid Interval: 23:00:00-02:00:00
Valid days of month: 2
Valid weekdays: Saturday, Sunday
When: 23:30:00
Current Time: 2007-01-01 12:00:00
Valid Interval: 23:00:00-02:00:00
Valid days of month: 1, 2
Valid weekdays: Saturday, Sunday
When: 23:30:00
Current Time: 2007-01-05 23:30:00
Valid Interval: 23:00:00-02:00:00
Valid days of month: 1, 2
Valid weekdays: Saturday, Sunday
When: 23:30:00
Current Time: 2007-01-06 23:00:00</StdOut>
      </Output>
    </UnitTestResult>
    <UnitTestResult executionId="cd720063-3ada-4d76-a705-d836fc254c94" testId="2cc36502-4813-48ce-a0f4-2ff528ee29ef" testName="GetNextTimeToTrigger_AbsoluteTimer_ReturnsCorrectTime (Data Row 38)" computerName="ICSWS068" duration="00:00:00.0037441" startTime="2016-08-04T07:57:22.7881894+02:00" endTime="2016-08-04T07:57:22.7916928+02:00" testType="13cdc9d9-ddb5-4fa4-a97d-d965ccfc6d4b" outcome="Passed" testListId="8c84fa94-04c1-424b-9868-57a2d4851a1d" relativeResultsDirectory="cd720063-3ada-4d76-a705-d836fc254c94">
      <Output>
        <StdOut>TestContext Messages:
Valid Interval: 11:00:00-13:00:00
Valid days of month: 1, 2, 3, 4, 5, 6, 7, 8, 9, 10, 11, 12, 13, 14, 15, 16, 17, 18, 19, 20, 21, 22, 23, 24, 25, 26, 27, 28, 29, 30, 31
Valid weekdays: Monday, Tuesday, Wednesday, Thursday, Friday, Saturday, Sunday
When: 12:00:00
Current Time: 2011-01-01 00:00:00
Valid Interval: 11:00:00-13:00:00
Valid days of month: 1, 2, 3, 4, 5, 6, 7, 8, 9, 10, 11, 12, 13, 14, 15, 16, 17, 18, 19, 20, 21, 22, 23, 24, 25, 26, 27, 28, 29, 30, 31
Valid weekdays: Monday, Tuesday, Wednesday, Thursday, Friday, Saturday, Sunday
When: 12:00:00
Current Time: 2011-01-01 09:00:00
Valid Interval: 11:00:00-13:00:00
Valid days of month: 1, 2, 3, 4, 5, 6, 7, 8, 9, 10, 11, 12, 13, 14, 15, 16, 17, 18, 19, 20, 21, 22, 23, 24, 25, 26, 27, 28, 29, 30, 31
Valid weekdays: Monday, Tuesday, Wednesday, Thursday, Friday, Saturday, Sunday
When: 12:00:00
Current Time: 2011-01-01 11:00:00
Valid Interval: 11:00:00-13:00:00
Valid days of month: 1, 2, 3, 4, 5, 6, 7, 8, 9, 10, 11, 12, 13, 14, 15, 16, 17, 18, 19, 20, 21, 22, 23, 24, 25, 26, 27, 28, 29, 30, 31
Valid weekdays: Monday, Tuesday, Wednesday, Thursday, Friday, Saturday, Sunday
When: 12:00:00
Current Time: 2011-01-01 12:00:00
Valid Interval: 11:00:00-13:00:00
Valid days of month: 1, 2, 3, 4, 5, 6, 7, 8, 9, 10, 11, 12, 13, 14, 15, 16, 17, 18, 19, 20, 21, 22, 23, 24, 25, 26, 27, 28, 29, 30, 31
Valid weekdays: Monday, Tuesday, Wednesday, Thursday, Friday, Saturday, Sunday
When: 12:00:00
Current Time: 2011-01-01 12:30:00
Valid Interval: 11:00:00-13:00:00
Valid days of month: 1, 2, 3, 4, 5, 6, 7, 8, 9, 10, 11, 12, 13, 14, 15, 16, 17, 18, 19, 20, 21, 22, 23, 24, 25, 26, 27, 28, 29, 30, 31
Valid weekdays: Monday, Tuesday, Wednesday, Thursday, Friday, Saturday, Sunday
When: 12:00:00
Current Time: 2011-01-01 13:00:00
Valid Interval: 11:00:00-13:00:00
Valid days of month: 1, 2, 3, 4, 5, 6, 7, 8, 9, 10, 11, 12, 13, 14, 15, 16, 17, 18, 19, 20, 21, 22, 23, 24, 25, 26, 27, 28, 29, 30, 31
Valid weekdays: Monday, Tuesday, Wednesday, Thursday, Friday, Saturday, Sunday
When: 12:00:00
Current Time: 2011-01-02 00:00:00
Valid Interval: 11:00:00-13:00:00
Valid days of month: 1, 2, 3, 4, 5, 6, 7, 8, 9, 10, 11, 12, 13, 14, 15, 16, 17, 18, 19, 20, 21, 22, 23, 24, 25, 26, 27, 28, 29, 30, 31
Valid weekdays: Monday, Tuesday, Wednesday, Thursday, Friday, Saturday, Sunday
When: 12:00:00
Current Time: 2011-01-02 09:00:00
Valid Interval: 11:00:00-13:00:00
Valid days of month: 1, 2, 3, 4, 5, 6, 7, 8, 9, 10, 11, 12, 13, 14, 15, 16, 17, 18, 19, 20, 21, 22, 23, 24, 25, 26, 27, 28, 29, 30, 31
Valid weekdays: Monday, Tuesday, Wednesday, Thursday, Friday, Saturday, Sunday
When: 12:00:00
Current Time: 2011-01-02 12:00:00
Valid Interval: 11:00:00-13:00:00
Valid days of month: 1, 2, 3, 4, 5, 6, 7, 8, 9, 10, 11, 12, 13, 14, 15, 16, 17, 18, 19, 20, 21, 22, 23, 24, 25, 26, 27, 28, 29, 30, 31
Valid weekdays: Monday, Tuesday, Wednesday, Thursday, Friday, Saturday, Sunday
When: 12:00:00
Current Time: 2011-01-02 12:45:30
Valid Interval: 11:00:00-13:00:00
Valid days of month: 1, 2, 3, 4, 5, 6, 7, 8, 9, 10, 11, 12, 13, 14, 15, 16, 17, 18, 19, 20, 21, 22, 23, 24, 25, 26, 27, 28, 29, 30, 31
Valid weekdays: Monday, Tuesday, Wednesday, Thursday, Friday, Saturday, Sunday
When: 12:00:00
Current Time: 2011-01-02 13:00:00
Valid Interval: 11:00:00-13:00:00
Valid days of month: 1, 2, 3, 4, 5, 6, 7, 8, 9, 10, 11, 12, 13, 14, 15, 16, 17, 18, 19, 20, 21, 22, 23, 24, 25, 26, 27, 28, 29, 30, 31
Valid weekdays: Monday, Tuesday, Wednesday, Thursday, Friday, Saturday, Sunday
When: 12:00:00
Current Time: 2011-01-01 12:00:00
Valid Interval: 11:00:00-13:00:00
Valid days of month: 1, 2, 3, 4, 5, 6, 7, 8, 9, 10, 11, 12, 13, 14, 15, 16, 17, 18, 19, 20, 21, 22, 23, 24, 25, 26, 27, 28, 29, 30, 31
Valid weekdays: Monday, Tuesday, Wednesday, Thursday, Friday, Saturday, Sunday
When: 12:00:00
Current Time: 2011-01-01 12:30:00
Valid Interval: 11:00:00-13:00:00
Valid days of month: 1, 2, 3, 4, 5, 6, 7, 8, 9, 10, 11, 12, 13, 14, 15, 16, 17, 18, 19, 20, 21, 22, 23, 24, 25, 26, 27, 28, 29, 30, 31
Valid weekdays: Monday, Tuesday, Wednesday, Thursday, Friday, Saturday, Sunday
When: 12:00:00
Current Time: 2011-01-01 12:30:00
Valid Interval: 11:00:00-13:00:00
Valid days of month: 1, 2, 3, 4, 5, 6, 7, 8, 9, 10, 11, 12, 13, 14, 15, 16, 17, 18, 19, 20, 21, 22, 23, 24, 25, 26, 27, 28, 29, 30, 31
Valid weekdays: Monday, Tuesday, Wednesday, Thursday, Friday, Saturday, Sunday
When: 12:00:00
Current Time: 2011-01-01 13:00:00
Valid Interval: 11:00:00-13:00:00
Valid days of month: 1, 2, 3, 4, 5, 6, 7, 8, 9, 10, 11, 12, 13, 14, 15, 16, 17, 18, 19, 20, 21, 22, 23, 24, 25, 26, 27, 28, 29, 30, 31
Valid weekdays: Monday, Tuesday, Wednesday, Thursday, Friday, Saturday, Sunday
When: 12:00:00
Current Time: 2011-01-01 14:30:00
Valid Interval: 23:00:00-13:00:00
Valid days of month: 1, 2, 3, 4, 5, 6, 7, 8, 9, 10, 11, 12, 13, 14, 15, 16, 17, 18, 19, 20, 21, 22, 23, 24, 25, 26, 27, 28, 29, 30, 31
Valid weekdays: Monday, Tuesday, Wednesday, Thursday, Friday, Saturday, Sunday
When: 23:30:00
Current Time: 2011-01-01 16:00:00
Valid Interval: 23:00:00-13:00:00
Valid days of month: 1, 2, 3, 4, 5, 6, 7, 8, 9, 10, 11, 12, 13, 14, 15, 16, 17, 18, 19, 20, 21, 22, 23, 24, 25, 26, 27, 28, 29, 30, 31
Valid weekdays: Monday, Tuesday, Wednesday, Thursday, Friday, Saturday, Sunday
When: 23:30:00
Current Time: 2011-01-01 23:00:00
Valid Interval: 23:00:00-13:00:00
Valid days of month: 1, 2, 3, 4, 5, 6, 7, 8, 9, 10, 11, 12, 13, 14, 15, 16, 17, 18, 19, 20, 21, 22, 23, 24, 25, 26, 27, 28, 29, 30, 31
Valid weekdays: Monday, Tuesday, Wednesday, Thursday, Friday, Saturday, Sunday
When: 23:30:00
Current Time: 2011-01-01 23:30:00
Valid Interval: 23:00:00-13:00:00
Valid days of month: 1, 2, 3, 4, 5, 6, 7, 8, 9, 10, 11, 12, 13, 14, 15, 16, 17, 18, 19, 20, 21, 22, 23, 24, 25, 26, 27, 28, 29, 30, 31
Valid weekdays: Monday, Tuesday, Wednesday, Thursday, Friday, Saturday, Sunday
When: 23:30:00
Current Time: 2011-01-01 23:45:00
Valid Interval: 23:00:00-13:00:00
Valid days of month: 1, 2, 3, 4, 5, 6, 7, 8, 9, 10, 11, 12, 13, 14, 15, 16, 17, 18, 19, 20, 21, 22, 23, 24, 25, 26, 27, 28, 29, 30, 31
Valid weekdays: Monday, Tuesday, Wednesday, Thursday, Friday, Saturday, Sunday
When: 23:30:00
Current Time: 2011-01-02 00:30:00
Valid Interval: 23:00:00-13:00:00
Valid days of month: 1, 2, 3, 4, 5, 6, 7, 8, 9, 10, 11, 12, 13, 14, 15, 16, 17, 18, 19, 20, 21, 22, 23, 24, 25, 26, 27, 28, 29, 30, 31
Valid weekdays: Monday, Tuesday, Wednesday, Thursday, Friday, Saturday, Sunday
When: 23:30:00
Current Time: 2011-01-01 13:00:00
Valid Interval: 23:00:00-13:00:00
Valid days of month: 1, 2, 3, 4, 5, 6, 7, 8, 9, 10, 11, 12, 13, 14, 15, 16, 17, 18, 19, 20, 21, 22, 23, 24, 25, 26, 27, 28, 29, 30, 31
Valid weekdays: Monday, Tuesday, Wednesday, Thursday, Friday, Saturday, Sunday
When: 01:00:00
Current Time: 2011-01-01 16:00:00
Valid Interval: 23:00:00-13:00:00
Valid days of month: 1, 2, 3, 4, 5, 6, 7, 8, 9, 10, 11, 12, 13, 14, 15, 16, 17, 18, 19, 20, 21, 22, 23, 24, 25, 26, 27, 28, 29, 30, 31
Valid weekdays: Monday, Tuesday, Wednesday, Thursday, Friday, Saturday, Sunday
When: 01:00:00
Current Time: 2011-01-01 23:00:00
Valid Interval: 23:00:00-13:00:00
Valid days of month: 1, 2, 3, 4, 5, 6, 7, 8, 9, 10, 11, 12, 13, 14, 15, 16, 17, 18, 19, 20, 21, 22, 23, 24, 25, 26, 27, 28, 29, 30, 31
Valid weekdays: Monday, Tuesday, Wednesday, Thursday, Friday, Saturday, Sunday
When: 01:00:00
Current Time: 2011-01-01 23:30:00
Valid Interval: 23:00:00-13:00:00
Valid days of month: 1, 2, 3, 4, 5, 6, 7, 8, 9, 10, 11, 12, 13, 14, 15, 16, 17, 18, 19, 20, 21, 22, 23, 24, 25, 26, 27, 28, 29, 30, 31
Valid weekdays: Monday, Tuesday, Wednesday, Thursday, Friday, Saturday, Sunday
When: 01:00:00
Current Time: 2011-01-02 00:30:00
Valid Interval: 23:00:00-13:00:00
Valid days of month: 1, 2, 3, 4, 5, 6, 7, 8, 9, 10, 11, 12, 13, 14, 15, 16, 17, 18, 19, 20, 21, 22, 23, 24, 25, 26, 27, 28, 29, 30, 31
Valid weekdays: Monday, Tuesday, Wednesday, Thursday, Friday, Saturday, Sunday
When: 01:00:00
Current Time: 2011-01-01 02:00:00
Valid Interval: 23:00:00-13:00:00
Valid days of month: 1, 2, 3, 4, 5, 6, 7, 8, 9, 10, 11, 12, 13, 14, 15, 16, 17, 18, 19, 20, 21, 22, 23, 24, 25, 26, 27, 28, 29, 30, 31
Valid weekdays: Monday, Tuesday, Wednesday, Thursday, Friday, Saturday, Sunday
When: 01:00:00
Current Time: 2011-01-01 13:00:00
Valid Interval: 23:00:00-13:00:00
Valid days of month: 1, 2, 3, 4, 5, 6, 7, 8, 9, 10, 11, 12, 13, 14, 15, 16, 17, 18, 19, 20, 21, 22, 23, 24, 25, 26, 27, 28, 29, 30, 31
Valid weekdays: Monday, Tuesday, Wednesday, Thursday, Friday, Saturday, Sunday
When: 23:30:00
Current Time: 2011-01-01 16:00:00
Valid Interval: 23:00:00-13:00:00
Valid days of month: 1, 2, 3, 4, 5, 6, 7, 8, 9, 10, 11, 12, 13, 14, 15, 16, 17, 18, 19, 20, 21, 22, 23, 24, 25, 26, 27, 28, 29, 30, 31
Valid weekdays: Monday, Tuesday, Wednesday, Thursday, Friday, Saturday, Sunday
When: 23:30:00
Current Time: 2011-01-01 23:00:00
Valid Interval: 23:00:00-13:00:00
Valid days of month: 1, 2, 3, 4, 5, 6, 7, 8, 9, 10, 11, 12, 13, 14, 15, 16, 17, 18, 19, 20, 21, 22, 23, 24, 25, 26, 27, 28, 29, 30, 31
Valid weekdays: Monday, Tuesday, Wednesday, Thursday, Friday, Saturday, Sunday
When: 23:30:00
Current Time: 2011-01-01 23:30:00
Valid Interval: 23:00:00-13:00:00
Valid days of month: 1, 2, 3, 4, 5, 6, 7, 8, 9, 10, 11, 12, 13, 14, 15, 16, 17, 18, 19, 20, 21, 22, 23, 24, 25, 26, 27, 28, 29, 30, 31
Valid weekdays: Monday, Tuesday, Wednesday, Thursday, Friday, Saturday, Sunday
When: 23:30:00
Current Time: 2011-01-01 23:45:00
Valid Interval: 23:00:00-13:00:00
Valid days of month: 1, 2, 3, 4, 5, 6, 7, 8, 9, 10, 11, 12, 13, 14, 15, 16, 17, 18, 19, 20, 21, 22, 23, 24, 25, 26, 27, 28, 29, 30, 31
Valid weekdays: Monday, Tuesday, Wednesday, Thursday, Friday, Saturday, Sunday
When: 23:30:00
Current Time: 2011-01-02 00:30:00
Valid Interval: 23:00:00-13:00:00
Valid days of month: 1, 2, 3, 4, 5, 6, 7, 8, 9, 10, 11, 12, 13, 14, 15, 16, 17, 18, 19, 20, 21, 22, 23, 24, 25, 26, 27, 28, 29, 30, 31
Valid weekdays: Monday, Tuesday, Wednesday, Thursday, Friday, Saturday, Sunday
When: 23:30:00
Current Time: 2011-01-01 13:00:00
Valid Interval: 23:00:00-13:00:00
Valid days of month: 1, 2, 3, 4, 5, 6, 7, 8, 9, 10, 11, 12, 13, 14, 15, 16, 17, 18, 19, 20, 21, 22, 23, 24, 25, 26, 27, 28, 29, 30, 31
Valid weekdays: Monday, Tuesday, Wednesday, Thursday, Friday, Saturday, Sunday
When: 01:00:00
Current Time: 2011-01-01 16:00:00
Valid Interval: 23:00:00-13:00:00
Valid days of month: 1, 2, 3, 4, 5, 6, 7, 8, 9, 10, 11, 12, 13, 14, 15, 16, 17, 18, 19, 20, 21, 22, 23, 24, 25, 26, 27, 28, 29, 30, 31
Valid weekdays: Monday, Tuesday, Wednesday, Thursday, Friday, Saturday, Sunday
When: 01:00:00
Current Time: 2011-01-01 23:00:00
Valid Interval: 23:00:00-13:00:00
Valid days of month: 1, 2, 3, 4, 5, 6, 7, 8, 9, 10, 11, 12, 13, 14, 15, 16, 17, 18, 19, 20, 21, 22, 23, 24, 25, 26, 27, 28, 29, 30, 31
Valid weekdays: Monday, Tuesday, Wednesday, Thursday, Friday, Saturday, Sunday
When: 01:00:00
Current Time: 2011-01-01 23:30:00
Valid Interval: 23:00:00-13:00:00
Valid days of month: 1, 2, 3, 4, 5, 6, 7, 8, 9, 10, 11, 12, 13, 14, 15, 16, 17, 18, 19, 20, 21, 22, 23, 24, 25, 26, 27, 28, 29, 30, 31
Valid weekdays: Monday, Tuesday, Wednesday, Thursday, Friday, Saturday, Sunday
When: 01:00:00
Current Time: 2011-01-02 00:30:00
Valid Interval: 23:00:00-13:00:00
Valid days of month: 1, 2, 3, 4, 5, 6, 7, 8, 9, 10, 11, 12, 13, 14, 15, 16, 17, 18, 19, 20, 21, 22, 23, 24, 25, 26, 27, 28, 29, 30, 31
Valid weekdays: Monday, Tuesday, Wednesday, Thursday, Friday, Saturday, Sunday
When: 01:00:00
Current Time: 2011-01-02 02:00:00
Valid Interval: 23:00:00-13:00:00
Valid days of month: 1, 2, 3, 4, 5, 6, 7, 8, 9, 10, 11, 12, 13, 14, 15, 16, 17, 18, 19, 20, 21, 22, 23, 24, 25, 26, 27, 28, 29, 30, 31
Valid weekdays: Monday, Tuesday, Wednesday, Thursday, Friday, Saturday, Sunday
When: 01:00:00
Current Time: 2011-01-02 13:00:00
Valid Interval: 23:00:00-13:00:00
Valid days of month: 1, 2, 3, 4, 5, 6, 7, 8, 9, 10, 11, 12, 13, 14, 15, 16, 17, 18, 19, 20, 21, 22, 23, 24, 25, 26, 27, 28, 29, 30, 31
Valid weekdays: Monday, Tuesday, Wednesday, Thursday, Friday, Saturday, Sunday
When: 23:30:00
Current Time: 2011-01-01 23:30:05
Valid Interval: 23:00:00-13:00:00
Valid days of month: 1, 2, 3, 4, 5, 6, 7, 8, 9, 10, 11, 12, 13, 14, 15, 16, 17, 18, 19, 20, 21, 22, 23, 24, 25, 26, 27, 28, 29, 30, 31
Valid weekdays: Monday, Tuesday, Wednesday, Thursday, Friday, Saturday, Sunday
When: 23:30:00
Current Time: 2011-01-02 00:30:00
Valid Interval: 23:00:00-13:00:00
Valid days of month: 1, 2, 3, 4, 5, 6, 7, 8, 9, 10, 11, 12, 13, 14, 15, 16, 17, 18, 19, 20, 21, 22, 23, 24, 25, 26, 27, 28, 29, 30, 31
Valid weekdays: Monday, Tuesday, Wednesday, Thursday, Friday, Saturday, Sunday
When: 23:30:00
Current Time: 2011-01-02 13:00:00
Valid Interval: 23:00:00-13:00:00
Valid days of month: 1, 2, 3, 4, 5, 6, 7, 8, 9, 10, 11, 12, 13, 14, 15, 16, 17, 18, 19, 20, 21, 22, 23, 24, 25, 26, 27, 28, 29, 30, 31
Valid weekdays: Monday, Tuesday, Wednesday, Thursday, Friday, Saturday, Sunday
When: 01:00:00
Current Time: 2011-01-01 02:00:00
Valid Interval: 23:00:00-13:00:00
Valid days of month: 1, 2, 3, 4, 5, 6, 7, 8, 9, 10, 11, 12, 13, 14, 15, 16, 17, 18, 19, 20, 21, 22, 23, 24, 25, 26, 27, 28, 29, 30, 31
Valid weekdays: Monday, Tuesday, Wednesday, Thursday, Friday, Saturday, Sunday
When: 01:00:00
Current Time: 2011-01-02 02:00:00
Valid Interval: 13:00:00-16:00:00
Valid days of month: 1, 2, 3, 4, 5, 6, 7, 8, 9, 10, 11, 12, 13, 14, 15, 16, 17, 18, 19, 20, 21, 22, 23, 24, 25, 26, 27, 28, 29, 30, 31
Valid weekdays: Saturday, Sunday
When: 14:00:00
Current Time: 2007-01-01 12:00:00
Valid Interval: 13:00:00-16:00:00
Valid days of month: 1, 2, 3, 4, 5, 6, 7, 8, 9, 10, 11, 12, 13, 14, 15, 16, 17, 18, 19, 20, 21, 22, 23, 24, 25, 26, 27, 28, 29, 30, 31
Valid weekdays: Saturday, Sunday
When: 14:00:00
Current Time: 2007-01-02 13:30:00
Valid Interval: 13:00:00-16:00:00
Valid days of month: 1, 2, 3, 4, 5, 6, 7, 8, 9, 10, 11, 12, 13, 14, 15, 16, 17, 18, 19, 20, 21, 22, 23, 24, 25, 26, 27, 28, 29, 30, 31
Valid weekdays: Saturday, Sunday
When: 14:00:00
Current Time: 2007-01-06 13:30:00
Valid Interval: 13:00:00-16:00:00
Valid days of month: 1, 2, 3, 4, 5, 6, 7, 8, 9, 10, 11, 12, 13, 14, 15, 16, 17, 18, 19, 20, 21, 22, 23, 24, 25, 26, 27, 28, 29, 30, 31
Valid weekdays: Saturday, Sunday
When: 14:00:00
Current Time: 2007-01-06 14:30:00
Valid Interval: 13:00:00-16:00:00
Valid days of month: 1, 2, 3, 4, 5, 6, 7, 8, 9, 10, 11, 12, 13, 14, 15, 16, 17, 18, 19, 20, 21, 22, 23, 24, 25, 26, 27, 28, 29, 30, 31
Valid weekdays: Saturday, Sunday
When: 14:00:00
Current Time: 2007-01-06 16:30:00
Valid Interval: 13:00:00-16:00:00
Valid days of month: 1, 2, 3, 4, 5, 6, 7, 8, 9, 10, 11, 12, 13, 14, 15, 16, 17, 18, 19, 20, 21, 22, 23, 24, 25, 26, 27, 28, 29, 30, 31
Valid weekdays: Saturday, Sunday
When: 14:00:00
Current Time: 2007-01-07 16:00:00
Valid Interval: 23:00:00-02:00:00
Valid days of month: 1, 2, 3, 4, 5, 6, 7, 8, 9, 10, 11, 12, 13, 14, 15, 16, 17, 18, 19, 20, 21, 22, 23, 24, 25, 26, 27, 28, 29, 30, 31
Valid weekdays: Saturday, Sunday
When: 01:00:00
Current Time: 2007-01-01 12:00:00
Valid Interval: 23:00:00-02:00:00
Valid days of month: 1, 2, 3, 4, 5, 6, 7, 8, 9, 10, 11, 12, 13, 14, 15, 16, 17, 18, 19, 20, 21, 22, 23, 24, 25, 26, 27, 28, 29, 30, 31
Valid weekdays: Saturday, Sunday
When: 01:00:00
Current Time: 2007-01-02 01:00:00
Valid Interval: 23:00:00-02:00:00
Valid days of month: 1, 2, 3, 4, 5, 6, 7, 8, 9, 10, 11, 12, 13, 14, 15, 16, 17, 18, 19, 20, 21, 22, 23, 24, 25, 26, 27, 28, 29, 30, 31
Valid weekdays: Saturday, Sunday
When: 01:00:00
Current Time: 2007-01-06 00:30:00
Valid Interval: 23:00:00-02:00:00
Valid days of month: 1, 2, 3, 4, 5, 6, 7, 8, 9, 10, 11, 12, 13, 14, 15, 16, 17, 18, 19, 20, 21, 22, 23, 24, 25, 26, 27, 28, 29, 30, 31
Valid weekdays: Saturday, Sunday
When: 01:00:00
Current Time: 2007-01-06 01:30:00
Valid Interval: 23:00:00-02:00:00
Valid days of month: 1, 2, 3, 4, 5, 6, 7, 8, 9, 10, 11, 12, 13, 14, 15, 16, 17, 18, 19, 20, 21, 22, 23, 24, 25, 26, 27, 28, 29, 30, 31
Valid weekdays: Saturday, Sunday
When: 01:00:00
Current Time: 2007-01-06 02:30:00
Valid Interval: 23:00:00-02:00:00
Valid days of month: 1, 2, 3, 4, 5, 6, 7, 8, 9, 10, 11, 12, 13, 14, 15, 16, 17, 18, 19, 20, 21, 22, 23, 24, 25, 26, 27, 28, 29, 30, 31
Valid weekdays: Saturday, Sunday
When: 01:00:00
Current Time: 2007-01-07 02:00:00
Valid Interval: 23:00:00-02:00:00
Valid days of month: 1, 2, 3, 4, 5, 6, 7, 8, 9, 10, 11, 12, 13, 14, 15, 16, 17, 18, 19, 20, 21, 22, 23, 24, 25, 26, 27, 28, 29, 30, 31
Valid weekdays: Saturday, Sunday
When: 23:30:00
Current Time: 2007-01-01 12:00:00
Valid Interval: 23:00:00-02:00:00
Valid days of month: 1, 2, 3, 4, 5, 6, 7, 8, 9, 10, 11, 12, 13, 14, 15, 16, 17, 18, 19, 20, 21, 22, 23, 24, 25, 26, 27, 28, 29, 30, 31
Valid weekdays: Saturday, Sunday
When: 23:30:00
Current Time: 2007-01-05 23:30:00
Valid Interval: 23:00:00-02:00:00
Valid days of month: 1, 2, 3, 4, 5, 6, 7, 8, 9, 10, 11, 12, 13, 14, 15, 16, 17, 18, 19, 20, 21, 22, 23, 24, 25, 26, 27, 28, 29, 30, 31
Valid weekdays: Saturday, Sunday
When: 23:30:00
Current Time: 2007-01-06 23:00:00
Valid Interval: 23:00:00-02:00:00
Valid days of month: 1, 2, 3, 4, 5, 6, 7, 8, 9, 10, 11, 12, 13, 14, 15, 16, 17, 18, 19, 20, 21, 22, 23, 24, 25, 26, 27, 28, 29, 30, 31
Valid weekdays: Saturday, Sunday
When: 23:30:00
Current Time: 2007-01-06 02:00:00
Valid Interval: 23:00:00-02:00:00
Valid days of month: 1, 2, 3, 4, 5, 6, 7, 8, 9, 10, 11, 12, 13, 14, 15, 16, 17, 18, 19, 20, 21, 22, 23, 24, 25, 26, 27, 28, 29, 30, 31
Valid weekdays: Saturday, Sunday
When: 23:30:00
Current Time: 2007-01-07 23:40:00
Valid Interval: 23:00:00-02:00:00
Valid days of month: 1, 2, 3, 4, 5, 6, 7, 8, 9, 10, 11, 12, 13, 14, 15, 16, 17, 18, 19, 20, 21, 22, 23, 24, 25, 26, 27, 28, 29, 30, 31
Valid weekdays: Saturday, Sunday
When: 23:30:00
Current Time: 2007-01-07 01:00:00
Valid Interval: 13:00:00-16:00:00
Valid days of month: 1, 2, 3, 4, 5, 6, 7, 8, 9, 10, 11, 12, 13, 14, 15, 16, 17, 18, 19, 20, 21, 22, 23, 24, 25, 26, 27, 28, 29, 30, 31
Valid weekdays: Saturday, Sunday
When: 14:00:00
Current Time: 2007-01-01 12:00:00
Valid Interval: 13:00:00-16:00:00
Valid days of month: 1, 2, 3, 4, 5, 6, 7, 8, 9, 10, 11, 12, 13, 14, 15, 16, 17, 18, 19, 20, 21, 22, 23, 24, 25, 26, 27, 28, 29, 30, 31
Valid weekdays: Saturday, Sunday
When: 14:00:00
Current Time: 2007-01-02 13:30:00
Valid Interval: 13:00:00-16:00:00
Valid days of month: 1, 2, 3, 4, 5, 6, 7, 8, 9, 10, 11, 12, 13, 14, 15, 16, 17, 18, 19, 20, 21, 22, 23, 24, 25, 26, 27, 28, 29, 30, 31
Valid weekdays: Saturday, Sunday
When: 14:00:00
Current Time: 2007-01-06 13:30:00
Valid Interval: 13:00:00-16:00:00
Valid days of month: 1, 2, 3, 4, 5, 6, 7, 8, 9, 10, 11, 12, 13, 14, 15, 16, 17, 18, 19, 20, 21, 22, 23, 24, 25, 26, 27, 28, 29, 30, 31
Valid weekdays: Saturday, Sunday
When: 14:00:00
Current Time: 2007-01-06 14:30:00
Valid Interval: 13:00:00-16:00:00
Valid days of month: 1, 2, 3, 4, 5, 6, 7, 8, 9, 10, 11, 12, 13, 14, 15, 16, 17, 18, 19, 20, 21, 22, 23, 24, 25, 26, 27, 28, 29, 30, 31
Valid weekdays: Saturday, Sunday
When: 14:00:00
Current Time: 2007-01-06 16:30:00
Valid Interval: 13:00:00-16:00:00
Valid days of month: 1, 2, 3, 4, 5, 6, 7, 8, 9, 10, 11, 12, 13, 14, 15, 16, 17, 18, 19, 20, 21, 22, 23, 24, 25, 26, 27, 28, 29, 30, 31
Valid weekdays: Saturday, Sunday
When: 14:00:00
Current Time: 2007-01-07 16:00:00
Valid Interval: 23:00:00-02:00:00
Valid days of month: 1, 2, 3, 4, 5, 6, 7, 8, 9, 10, 11, 12, 13, 14, 15, 16, 17, 18, 19, 20, 21, 22, 23, 24, 25, 26, 27, 28, 29, 30, 31
Valid weekdays: Saturday, Sunday
When: 01:00:00
Current Time: 2007-01-01 12:00:00
Valid Interval: 23:00:00-02:00:00
Valid days of month: 1, 2, 3, 4, 5, 6, 7, 8, 9, 10, 11, 12, 13, 14, 15, 16, 17, 18, 19, 20, 21, 22, 23, 24, 25, 26, 27, 28, 29, 30, 31
Valid weekdays: Saturday, Sunday
When: 01:00:00
Current Time: 2007-01-02 01:00:00
Valid Interval: 23:00:00-02:00:00
Valid days of month: 1, 2, 3, 4, 5, 6, 7, 8, 9, 10, 11, 12, 13, 14, 15, 16, 17, 18, 19, 20, 21, 22, 23, 24, 25, 26, 27, 28, 29, 30, 31
Valid weekdays: Saturday, Sunday
When: 01:00:00
Current Time: 2007-01-06 00:30:00
Valid Interval: 23:00:00-02:00:00
Valid days of month: 1, 2, 3, 4, 5, 6, 7, 8, 9, 10, 11, 12, 13, 14, 15, 16, 17, 18, 19, 20, 21, 22, 23, 24, 25, 26, 27, 28, 29, 30, 31
Valid weekdays: Saturday, Sunday
When: 01:00:00
Current Time: 2007-01-06 02:30:00
Valid Interval: 23:00:00-02:00:00
Valid days of month: 1, 2, 3, 4, 5, 6, 7, 8, 9, 10, 11, 12, 13, 14, 15, 16, 17, 18, 19, 20, 21, 22, 23, 24, 25, 26, 27, 28, 29, 30, 31
Valid weekdays: Saturday, Sunday
When: 23:30:00
Current Time: 2007-01-01 12:00:00
Valid Interval: 23:00:00-02:00:00
Valid days of month: 1, 2, 3, 4, 5, 6, 7, 8, 9, 10, 11, 12, 13, 14, 15, 16, 17, 18, 19, 20, 21, 22, 23, 24, 25, 26, 27, 28, 29, 30, 31
Valid weekdays: Saturday, Sunday
When: 23:30:00
Current Time: 2007-01-05 23:30:00
Valid Interval: 23:00:00-02:00:00
Valid days of month: 1, 2, 3, 4, 5, 6, 7, 8, 9, 10, 11, 12, 13, 14, 15, 16, 17, 18, 19, 20, 21, 22, 23, 24, 25, 26, 27, 28, 29, 30, 31
Valid weekdays: Saturday, Sunday
When: 23:30:00
Current Time: 2007-01-06 23:00:00
Valid Interval: 23:00:00-02:00:00
Valid days of month: 1, 2, 3, 4, 5, 6, 7, 8, 9, 10, 11, 12, 13, 14, 15, 16, 17, 18, 19, 20, 21, 22, 23, 24, 25, 26, 27, 28, 29, 30, 31
Valid weekdays: Saturday, Sunday
When: 23:30:00
Current Time: 2007-01-06 02:00:00
Valid Interval: 23:00:00-02:00:00
Valid days of month: 1, 2, 3, 4, 5, 6, 7, 8, 9, 10, 11, 12, 13, 14, 15, 16, 17, 18, 19, 20, 21, 22, 23, 24, 25, 26, 27, 28, 29, 30, 31
Valid weekdays: Saturday, Sunday
When: 23:30:00
Current Time: 2007-01-07 23:40:00
Valid Interval: 23:00:00-02:00:00
Valid days of month: 1, 2, 3, 4, 5, 6, 7, 8, 9, 10, 11, 12, 13, 14, 15, 16, 17, 18, 19, 20, 21, 22, 23, 24, 25, 26, 27, 28, 29, 30, 31
Valid weekdays: Saturday, Sunday
When: 23:30:00
Current Time: 2007-01-07 01:00:00
Valid Interval: 13:00:00-16:00:00
Valid days of month: 1, 2, 3, 4, 5, 6, 7, 8, 9, 10, 11, 12, 13, 14, 15, 16, 17, 18, 19, 20, 21, 22, 23, 24, 25, 26, 27, 28, 29, 30, 31
Valid weekdays: Saturday, Sunday
When: 14:00:00
Current Time: 2007-01-06 14:30:00
Valid Interval: 13:00:00-16:00:00
Valid days of month: 1, 2, 3, 4, 5, 6, 7, 8, 9, 10, 11, 12, 13, 14, 15, 16, 17, 18, 19, 20, 21, 22, 23, 24, 25, 26, 27, 28, 29, 30, 31
Valid weekdays: Saturday, Sunday
When: 14:00:00
Current Time: 2007-01-07 15:00:00
Valid Interval: 23:00:00-02:00:00
Valid days of month: 1, 2, 3, 4, 5, 6, 7, 8, 9, 10, 11, 12, 13, 14, 15, 16, 17, 18, 19, 20, 21, 22, 23, 24, 25, 26, 27, 28, 29, 30, 31
Valid weekdays: Saturday, Sunday
When: 01:00:00
Current Time: 2007-01-06 01:30:00
Valid Interval: 23:00:00-02:00:00
Valid days of month: 1, 2, 3, 4, 5, 6, 7, 8, 9, 10, 11, 12, 13, 14, 15, 16, 17, 18, 19, 20, 21, 22, 23, 24, 25, 26, 27, 28, 29, 30, 31
Valid weekdays: Saturday, Sunday
When: 01:00:00
Current Time: 2007-01-07 01:30:00
Valid Interval: 23:00:00-02:00:00
Valid days of month: 1, 2, 3, 4, 5, 6, 7, 8, 9, 10, 11, 12, 13, 14, 15, 16, 17, 18, 19, 20, 21, 22, 23, 24, 25, 26, 27, 28, 29, 30, 31
Valid weekdays: Saturday, Sunday
When: 23:30:00
Current Time: 2007-01-06 23:02:00
Valid Interval: 23:00:00-02:00:00
Valid days of month: 1, 2, 3, 4, 5, 6, 7, 8, 9, 10, 11, 12, 13, 14, 15, 16, 17, 18, 19, 20, 21, 22, 23, 24, 25, 26, 27, 28, 29, 30, 31
Valid weekdays: Saturday, Sunday
When: 23:30:00
Current Time: 2007-01-06 01:10:00
Valid Interval: 23:00:00-02:00:00
Valid days of month: 1, 2, 3, 4, 5, 6, 7, 8, 9, 10, 11, 12, 13, 14, 15, 16, 17, 18, 19, 20, 21, 22, 23, 24, 25, 26, 27, 28, 29, 30, 31
Valid weekdays: Saturday, Sunday
When: 23:30:00
Current Time: 2007-01-07 01:00:40
Valid Interval: 23:00:00-02:00:00
Valid days of month: 2
Valid weekdays: Saturday, Sunday
When: 23:30:00
Current Time: 2007-01-01 12:00:00
Valid Interval: 23:00:00-02:00:00
Valid days of month: 1, 2
Valid weekdays: Saturday, Sunday
When: 23:30:00
Current Time: 2007-01-05 23:30:00
Valid Interval: 23:00:00-02:00:00
Valid days of month: 1, 2
Valid weekdays: Saturday, Sunday
When: 23:30:00
Current Time: 2007-01-06 23:00:00</StdOut>
      </Output>
    </UnitTestResult>
    <UnitTestResult executionId="858cc16f-497b-4fef-a5ae-3c8a629c8e3e" testId="3f9c4c05-6c4d-49da-a946-012d2d8c0518" testName="GetNextTimeToTrigger_AbsoluteTimer_ReturnsCorrectTime (Data Row 39)" computerName="ICSWS068" duration="00:00:00.0034236" startTime="2016-08-04T07:57:22.7916928+02:00" endTime="2016-08-04T07:57:22.7951939+02:00" testType="13cdc9d9-ddb5-4fa4-a97d-d965ccfc6d4b" outcome="Passed" testListId="8c84fa94-04c1-424b-9868-57a2d4851a1d" relativeResultsDirectory="858cc16f-497b-4fef-a5ae-3c8a629c8e3e">
      <Output>
        <StdOut>TestContext Messages:
Valid Interval: 11:00:00-13:00:00
Valid days of month: 1, 2, 3, 4, 5, 6, 7, 8, 9, 10, 11, 12, 13, 14, 15, 16, 17, 18, 19, 20, 21, 22, 23, 24, 25, 26, 27, 28, 29, 30, 31
Valid weekdays: Monday, Tuesday, Wednesday, Thursday, Friday, Saturday, Sunday
When: 12:00:00
Current Time: 2011-01-01 00:00:00
Valid Interval: 11:00:00-13:00:00
Valid days of month: 1, 2, 3, 4, 5, 6, 7, 8, 9, 10, 11, 12, 13, 14, 15, 16, 17, 18, 19, 20, 21, 22, 23, 24, 25, 26, 27, 28, 29, 30, 31
Valid weekdays: Monday, Tuesday, Wednesday, Thursday, Friday, Saturday, Sunday
When: 12:00:00
Current Time: 2011-01-01 09:00:00
Valid Interval: 11:00:00-13:00:00
Valid days of month: 1, 2, 3, 4, 5, 6, 7, 8, 9, 10, 11, 12, 13, 14, 15, 16, 17, 18, 19, 20, 21, 22, 23, 24, 25, 26, 27, 28, 29, 30, 31
Valid weekdays: Monday, Tuesday, Wednesday, Thursday, Friday, Saturday, Sunday
When: 12:00:00
Current Time: 2011-01-01 11:00:00
Valid Interval: 11:00:00-13:00:00
Valid days of month: 1, 2, 3, 4, 5, 6, 7, 8, 9, 10, 11, 12, 13, 14, 15, 16, 17, 18, 19, 20, 21, 22, 23, 24, 25, 26, 27, 28, 29, 30, 31
Valid weekdays: Monday, Tuesday, Wednesday, Thursday, Friday, Saturday, Sunday
When: 12:00:00
Current Time: 2011-01-01 12:00:00
Valid Interval: 11:00:00-13:00:00
Valid days of month: 1, 2, 3, 4, 5, 6, 7, 8, 9, 10, 11, 12, 13, 14, 15, 16, 17, 18, 19, 20, 21, 22, 23, 24, 25, 26, 27, 28, 29, 30, 31
Valid weekdays: Monday, Tuesday, Wednesday, Thursday, Friday, Saturday, Sunday
When: 12:00:00
Current Time: 2011-01-01 12:30:00
Valid Interval: 11:00:00-13:00:00
Valid days of month: 1, 2, 3, 4, 5, 6, 7, 8, 9, 10, 11, 12, 13, 14, 15, 16, 17, 18, 19, 20, 21, 22, 23, 24, 25, 26, 27, 28, 29, 30, 31
Valid weekdays: Monday, Tuesday, Wednesday, Thursday, Friday, Saturday, Sunday
When: 12:00:00
Current Time: 2011-01-01 13:00:00
Valid Interval: 11:00:00-13:00:00
Valid days of month: 1, 2, 3, 4, 5, 6, 7, 8, 9, 10, 11, 12, 13, 14, 15, 16, 17, 18, 19, 20, 21, 22, 23, 24, 25, 26, 27, 28, 29, 30, 31
Valid weekdays: Monday, Tuesday, Wednesday, Thursday, Friday, Saturday, Sunday
When: 12:00:00
Current Time: 2011-01-02 00:00:00
Valid Interval: 11:00:00-13:00:00
Valid days of month: 1, 2, 3, 4, 5, 6, 7, 8, 9, 10, 11, 12, 13, 14, 15, 16, 17, 18, 19, 20, 21, 22, 23, 24, 25, 26, 27, 28, 29, 30, 31
Valid weekdays: Monday, Tuesday, Wednesday, Thursday, Friday, Saturday, Sunday
When: 12:00:00
Current Time: 2011-01-02 09:00:00
Valid Interval: 11:00:00-13:00:00
Valid days of month: 1, 2, 3, 4, 5, 6, 7, 8, 9, 10, 11, 12, 13, 14, 15, 16, 17, 18, 19, 20, 21, 22, 23, 24, 25, 26, 27, 28, 29, 30, 31
Valid weekdays: Monday, Tuesday, Wednesday, Thursday, Friday, Saturday, Sunday
When: 12:00:00
Current Time: 2011-01-02 12:00:00
Valid Interval: 11:00:00-13:00:00
Valid days of month: 1, 2, 3, 4, 5, 6, 7, 8, 9, 10, 11, 12, 13, 14, 15, 16, 17, 18, 19, 20, 21, 22, 23, 24, 25, 26, 27, 28, 29, 30, 31
Valid weekdays: Monday, Tuesday, Wednesday, Thursday, Friday, Saturday, Sunday
When: 12:00:00
Current Time: 2011-01-02 12:45:30
Valid Interval: 11:00:00-13:00:00
Valid days of month: 1, 2, 3, 4, 5, 6, 7, 8, 9, 10, 11, 12, 13, 14, 15, 16, 17, 18, 19, 20, 21, 22, 23, 24, 25, 26, 27, 28, 29, 30, 31
Valid weekdays: Monday, Tuesday, Wednesday, Thursday, Friday, Saturday, Sunday
When: 12:00:00
Current Time: 2011-01-02 13:00:00
Valid Interval: 11:00:00-13:00:00
Valid days of month: 1, 2, 3, 4, 5, 6, 7, 8, 9, 10, 11, 12, 13, 14, 15, 16, 17, 18, 19, 20, 21, 22, 23, 24, 25, 26, 27, 28, 29, 30, 31
Valid weekdays: Monday, Tuesday, Wednesday, Thursday, Friday, Saturday, Sunday
When: 12:00:00
Current Time: 2011-01-01 12:00:00
Valid Interval: 11:00:00-13:00:00
Valid days of month: 1, 2, 3, 4, 5, 6, 7, 8, 9, 10, 11, 12, 13, 14, 15, 16, 17, 18, 19, 20, 21, 22, 23, 24, 25, 26, 27, 28, 29, 30, 31
Valid weekdays: Monday, Tuesday, Wednesday, Thursday, Friday, Saturday, Sunday
When: 12:00:00
Current Time: 2011-01-01 12:30:00
Valid Interval: 11:00:00-13:00:00
Valid days of month: 1, 2, 3, 4, 5, 6, 7, 8, 9, 10, 11, 12, 13, 14, 15, 16, 17, 18, 19, 20, 21, 22, 23, 24, 25, 26, 27, 28, 29, 30, 31
Valid weekdays: Monday, Tuesday, Wednesday, Thursday, Friday, Saturday, Sunday
When: 12:00:00
Current Time: 2011-01-01 12:30:00
Valid Interval: 11:00:00-13:00:00
Valid days of month: 1, 2, 3, 4, 5, 6, 7, 8, 9, 10, 11, 12, 13, 14, 15, 16, 17, 18, 19, 20, 21, 22, 23, 24, 25, 26, 27, 28, 29, 30, 31
Valid weekdays: Monday, Tuesday, Wednesday, Thursday, Friday, Saturday, Sunday
When: 12:00:00
Current Time: 2011-01-01 13:00:00
Valid Interval: 11:00:00-13:00:00
Valid days of month: 1, 2, 3, 4, 5, 6, 7, 8, 9, 10, 11, 12, 13, 14, 15, 16, 17, 18, 19, 20, 21, 22, 23, 24, 25, 26, 27, 28, 29, 30, 31
Valid weekdays: Monday, Tuesday, Wednesday, Thursday, Friday, Saturday, Sunday
When: 12:00:00
Current Time: 2011-01-01 14:30:00
Valid Interval: 23:00:00-13:00:00
Valid days of month: 1, 2, 3, 4, 5, 6, 7, 8, 9, 10, 11, 12, 13, 14, 15, 16, 17, 18, 19, 20, 21, 22, 23, 24, 25, 26, 27, 28, 29, 30, 31
Valid weekdays: Monday, Tuesday, Wednesday, Thursday, Friday, Saturday, Sunday
When: 23:30:00
Current Time: 2011-01-01 16:00:00
Valid Interval: 23:00:00-13:00:00
Valid days of month: 1, 2, 3, 4, 5, 6, 7, 8, 9, 10, 11, 12, 13, 14, 15, 16, 17, 18, 19, 20, 21, 22, 23, 24, 25, 26, 27, 28, 29, 30, 31
Valid weekdays: Monday, Tuesday, Wednesday, Thursday, Friday, Saturday, Sunday
When: 23:30:00
Current Time: 2011-01-01 23:00:00
Valid Interval: 23:00:00-13:00:00
Valid days of month: 1, 2, 3, 4, 5, 6, 7, 8, 9, 10, 11, 12, 13, 14, 15, 16, 17, 18, 19, 20, 21, 22, 23, 24, 25, 26, 27, 28, 29, 30, 31
Valid weekdays: Monday, Tuesday, Wednesday, Thursday, Friday, Saturday, Sunday
When: 23:30:00
Current Time: 2011-01-01 23:30:00
Valid Interval: 23:00:00-13:00:00
Valid days of month: 1, 2, 3, 4, 5, 6, 7, 8, 9, 10, 11, 12, 13, 14, 15, 16, 17, 18, 19, 20, 21, 22, 23, 24, 25, 26, 27, 28, 29, 30, 31
Valid weekdays: Monday, Tuesday, Wednesday, Thursday, Friday, Saturday, Sunday
When: 23:30:00
Current Time: 2011-01-01 23:45:00
Valid Interval: 23:00:00-13:00:00
Valid days of month: 1, 2, 3, 4, 5, 6, 7, 8, 9, 10, 11, 12, 13, 14, 15, 16, 17, 18, 19, 20, 21, 22, 23, 24, 25, 26, 27, 28, 29, 30, 31
Valid weekdays: Monday, Tuesday, Wednesday, Thursday, Friday, Saturday, Sunday
When: 23:30:00
Current Time: 2011-01-02 00:30:00
Valid Interval: 23:00:00-13:00:00
Valid days of month: 1, 2, 3, 4, 5, 6, 7, 8, 9, 10, 11, 12, 13, 14, 15, 16, 17, 18, 19, 20, 21, 22, 23, 24, 25, 26, 27, 28, 29, 30, 31
Valid weekdays: Monday, Tuesday, Wednesday, Thursday, Friday, Saturday, Sunday
When: 23:30:00
Current Time: 2011-01-01 13:00:00
Valid Interval: 23:00:00-13:00:00
Valid days of month: 1, 2, 3, 4, 5, 6, 7, 8, 9, 10, 11, 12, 13, 14, 15, 16, 17, 18, 19, 20, 21, 22, 23, 24, 25, 26, 27, 28, 29, 30, 31
Valid weekdays: Monday, Tuesday, Wednesday, Thursday, Friday, Saturday, Sunday
When: 01:00:00
Current Time: 2011-01-01 16:00:00
Valid Interval: 23:00:00-13:00:00
Valid days of month: 1, 2, 3, 4, 5, 6, 7, 8, 9, 10, 11, 12, 13, 14, 15, 16, 17, 18, 19, 20, 21, 22, 23, 24, 25, 26, 27, 28, 29, 30, 31
Valid weekdays: Monday, Tuesday, Wednesday, Thursday, Friday, Saturday, Sunday
When: 01:00:00
Current Time: 2011-01-01 23:00:00
Valid Interval: 23:00:00-13:00:00
Valid days of month: 1, 2, 3, 4, 5, 6, 7, 8, 9, 10, 11, 12, 13, 14, 15, 16, 17, 18, 19, 20, 21, 22, 23, 24, 25, 26, 27, 28, 29, 30, 31
Valid weekdays: Monday, Tuesday, Wednesday, Thursday, Friday, Saturday, Sunday
When: 01:00:00
Current Time: 2011-01-01 23:30:00
Valid Interval: 23:00:00-13:00:00
Valid days of month: 1, 2, 3, 4, 5, 6, 7, 8, 9, 10, 11, 12, 13, 14, 15, 16, 17, 18, 19, 20, 21, 22, 23, 24, 25, 26, 27, 28, 29, 30, 31
Valid weekdays: Monday, Tuesday, Wednesday, Thursday, Friday, Saturday, Sunday
When: 01:00:00
Current Time: 2011-01-02 00:30:00
Valid Interval: 23:00:00-13:00:00
Valid days of month: 1, 2, 3, 4, 5, 6, 7, 8, 9, 10, 11, 12, 13, 14, 15, 16, 17, 18, 19, 20, 21, 22, 23, 24, 25, 26, 27, 28, 29, 30, 31
Valid weekdays: Monday, Tuesday, Wednesday, Thursday, Friday, Saturday, Sunday
When: 01:00:00
Current Time: 2011-01-01 02:00:00
Valid Interval: 23:00:00-13:00:00
Valid days of month: 1, 2, 3, 4, 5, 6, 7, 8, 9, 10, 11, 12, 13, 14, 15, 16, 17, 18, 19, 20, 21, 22, 23, 24, 25, 26, 27, 28, 29, 30, 31
Valid weekdays: Monday, Tuesday, Wednesday, Thursday, Friday, Saturday, Sunday
When: 01:00:00
Current Time: 2011-01-01 13:00:00
Valid Interval: 23:00:00-13:00:00
Valid days of month: 1, 2, 3, 4, 5, 6, 7, 8, 9, 10, 11, 12, 13, 14, 15, 16, 17, 18, 19, 20, 21, 22, 23, 24, 25, 26, 27, 28, 29, 30, 31
Valid weekdays: Monday, Tuesday, Wednesday, Thursday, Friday, Saturday, Sunday
When: 23:30:00
Current Time: 2011-01-01 16:00:00
Valid Interval: 23:00:00-13:00:00
Valid days of month: 1, 2, 3, 4, 5, 6, 7, 8, 9, 10, 11, 12, 13, 14, 15, 16, 17, 18, 19, 20, 21, 22, 23, 24, 25, 26, 27, 28, 29, 30, 31
Valid weekdays: Monday, Tuesday, Wednesday, Thursday, Friday, Saturday, Sunday
When: 23:30:00
Current Time: 2011-01-01 23:00:00
Valid Interval: 23:00:00-13:00:00
Valid days of month: 1, 2, 3, 4, 5, 6, 7, 8, 9, 10, 11, 12, 13, 14, 15, 16, 17, 18, 19, 20, 21, 22, 23, 24, 25, 26, 27, 28, 29, 30, 31
Valid weekdays: Monday, Tuesday, Wednesday, Thursday, Friday, Saturday, Sunday
When: 23:30:00
Current Time: 2011-01-01 23:30:00
Valid Interval: 23:00:00-13:00:00
Valid days of month: 1, 2, 3, 4, 5, 6, 7, 8, 9, 10, 11, 12, 13, 14, 15, 16, 17, 18, 19, 20, 21, 22, 23, 24, 25, 26, 27, 28, 29, 30, 31
Valid weekdays: Monday, Tuesday, Wednesday, Thursday, Friday, Saturday, Sunday
When: 23:30:00
Current Time: 2011-01-01 23:45:00
Valid Interval: 23:00:00-13:00:00
Valid days of month: 1, 2, 3, 4, 5, 6, 7, 8, 9, 10, 11, 12, 13, 14, 15, 16, 17, 18, 19, 20, 21, 22, 23, 24, 25, 26, 27, 28, 29, 30, 31
Valid weekdays: Monday, Tuesday, Wednesday, Thursday, Friday, Saturday, Sunday
When: 23:30:00
Current Time: 2011-01-02 00:30:00
Valid Interval: 23:00:00-13:00:00
Valid days of month: 1, 2, 3, 4, 5, 6, 7, 8, 9, 10, 11, 12, 13, 14, 15, 16, 17, 18, 19, 20, 21, 22, 23, 24, 25, 26, 27, 28, 29, 30, 31
Valid weekdays: Monday, Tuesday, Wednesday, Thursday, Friday, Saturday, Sunday
When: 23:30:00
Current Time: 2011-01-01 13:00:00
Valid Interval: 23:00:00-13:00:00
Valid days of month: 1, 2, 3, 4, 5, 6, 7, 8, 9, 10, 11, 12, 13, 14, 15, 16, 17, 18, 19, 20, 21, 22, 23, 24, 25, 26, 27, 28, 29, 30, 31
Valid weekdays: Monday, Tuesday, Wednesday, Thursday, Friday, Saturday, Sunday
When: 01:00:00
Current Time: 2011-01-01 16:00:00
Valid Interval: 23:00:00-13:00:00
Valid days of month: 1, 2, 3, 4, 5, 6, 7, 8, 9, 10, 11, 12, 13, 14, 15, 16, 17, 18, 19, 20, 21, 22, 23, 24, 25, 26, 27, 28, 29, 30, 31
Valid weekdays: Monday, Tuesday, Wednesday, Thursday, Friday, Saturday, Sunday
When: 01:00:00
Current Time: 2011-01-01 23:00:00
Valid Interval: 23:00:00-13:00:00
Valid days of month: 1, 2, 3, 4, 5, 6, 7, 8, 9, 10, 11, 12, 13, 14, 15, 16, 17, 18, 19, 20, 21, 22, 23, 24, 25, 26, 27, 28, 29, 30, 31
Valid weekdays: Monday, Tuesday, Wednesday, Thursday, Friday, Saturday, Sunday
When: 01:00:00
Current Time: 2011-01-01 23:30:00
Valid Interval: 23:00:00-13:00:00
Valid days of month: 1, 2, 3, 4, 5, 6, 7, 8, 9, 10, 11, 12, 13, 14, 15, 16, 17, 18, 19, 20, 21, 22, 23, 24, 25, 26, 27, 28, 29, 30, 31
Valid weekdays: Monday, Tuesday, Wednesday, Thursday, Friday, Saturday, Sunday
When: 01:00:00
Current Time: 2011-01-02 00:30:00
Valid Interval: 23:00:00-13:00:00
Valid days of month: 1, 2, 3, 4, 5, 6, 7, 8, 9, 10, 11, 12, 13, 14, 15, 16, 17, 18, 19, 20, 21, 22, 23, 24, 25, 26, 27, 28, 29, 30, 31
Valid weekdays: Monday, Tuesday, Wednesday, Thursday, Friday, Saturday, Sunday
When: 01:00:00
Current Time: 2011-01-02 02:00:00
Valid Interval: 23:00:00-13:00:00
Valid days of month: 1, 2, 3, 4, 5, 6, 7, 8, 9, 10, 11, 12, 13, 14, 15, 16, 17, 18, 19, 20, 21, 22, 23, 24, 25, 26, 27, 28, 29, 30, 31
Valid weekdays: Monday, Tuesday, Wednesday, Thursday, Friday, Saturday, Sunday
When: 01:00:00
Current Time: 2011-01-02 13:00:00
Valid Interval: 23:00:00-13:00:00
Valid days of month: 1, 2, 3, 4, 5, 6, 7, 8, 9, 10, 11, 12, 13, 14, 15, 16, 17, 18, 19, 20, 21, 22, 23, 24, 25, 26, 27, 28, 29, 30, 31
Valid weekdays: Monday, Tuesday, Wednesday, Thursday, Friday, Saturday, Sunday
When: 23:30:00
Current Time: 2011-01-01 23:30:05
Valid Interval: 23:00:00-13:00:00
Valid days of month: 1, 2, 3, 4, 5, 6, 7, 8, 9, 10, 11, 12, 13, 14, 15, 16, 17, 18, 19, 20, 21, 22, 23, 24, 25, 26, 27, 28, 29, 30, 31
Valid weekdays: Monday, Tuesday, Wednesday, Thursday, Friday, Saturday, Sunday
When: 23:30:00
Current Time: 2011-01-02 00:30:00
Valid Interval: 23:00:00-13:00:00
Valid days of month: 1, 2, 3, 4, 5, 6, 7, 8, 9, 10, 11, 12, 13, 14, 15, 16, 17, 18, 19, 20, 21, 22, 23, 24, 25, 26, 27, 28, 29, 30, 31
Valid weekdays: Monday, Tuesday, Wednesday, Thursday, Friday, Saturday, Sunday
When: 23:30:00
Current Time: 2011-01-02 13:00:00
Valid Interval: 23:00:00-13:00:00
Valid days of month: 1, 2, 3, 4, 5, 6, 7, 8, 9, 10, 11, 12, 13, 14, 15, 16, 17, 18, 19, 20, 21, 22, 23, 24, 25, 26, 27, 28, 29, 30, 31
Valid weekdays: Monday, Tuesday, Wednesday, Thursday, Friday, Saturday, Sunday
When: 01:00:00
Current Time: 2011-01-01 02:00:00
Valid Interval: 23:00:00-13:00:00
Valid days of month: 1, 2, 3, 4, 5, 6, 7, 8, 9, 10, 11, 12, 13, 14, 15, 16, 17, 18, 19, 20, 21, 22, 23, 24, 25, 26, 27, 28, 29, 30, 31
Valid weekdays: Monday, Tuesday, Wednesday, Thursday, Friday, Saturday, Sunday
When: 01:00:00
Current Time: 2011-01-02 02:00:00
Valid Interval: 13:00:00-16:00:00
Valid days of month: 1, 2, 3, 4, 5, 6, 7, 8, 9, 10, 11, 12, 13, 14, 15, 16, 17, 18, 19, 20, 21, 22, 23, 24, 25, 26, 27, 28, 29, 30, 31
Valid weekdays: Saturday, Sunday
When: 14:00:00
Current Time: 2007-01-01 12:00:00
Valid Interval: 13:00:00-16:00:00
Valid days of month: 1, 2, 3, 4, 5, 6, 7, 8, 9, 10, 11, 12, 13, 14, 15, 16, 17, 18, 19, 20, 21, 22, 23, 24, 25, 26, 27, 28, 29, 30, 31
Valid weekdays: Saturday, Sunday
When: 14:00:00
Current Time: 2007-01-02 13:30:00
Valid Interval: 13:00:00-16:00:00
Valid days of month: 1, 2, 3, 4, 5, 6, 7, 8, 9, 10, 11, 12, 13, 14, 15, 16, 17, 18, 19, 20, 21, 22, 23, 24, 25, 26, 27, 28, 29, 30, 31
Valid weekdays: Saturday, Sunday
When: 14:00:00
Current Time: 2007-01-06 13:30:00
Valid Interval: 13:00:00-16:00:00
Valid days of month: 1, 2, 3, 4, 5, 6, 7, 8, 9, 10, 11, 12, 13, 14, 15, 16, 17, 18, 19, 20, 21, 22, 23, 24, 25, 26, 27, 28, 29, 30, 31
Valid weekdays: Saturday, Sunday
When: 14:00:00
Current Time: 2007-01-06 14:30:00
Valid Interval: 13:00:00-16:00:00
Valid days of month: 1, 2, 3, 4, 5, 6, 7, 8, 9, 10, 11, 12, 13, 14, 15, 16, 17, 18, 19, 20, 21, 22, 23, 24, 25, 26, 27, 28, 29, 30, 31
Valid weekdays: Saturday, Sunday
When: 14:00:00
Current Time: 2007-01-06 16:30:00
Valid Interval: 13:00:00-16:00:00
Valid days of month: 1, 2, 3, 4, 5, 6, 7, 8, 9, 10, 11, 12, 13, 14, 15, 16, 17, 18, 19, 20, 21, 22, 23, 24, 25, 26, 27, 28, 29, 30, 31
Valid weekdays: Saturday, Sunday
When: 14:00:00
Current Time: 2007-01-07 16:00:00
Valid Interval: 23:00:00-02:00:00
Valid days of month: 1, 2, 3, 4, 5, 6, 7, 8, 9, 10, 11, 12, 13, 14, 15, 16, 17, 18, 19, 20, 21, 22, 23, 24, 25, 26, 27, 28, 29, 30, 31
Valid weekdays: Saturday, Sunday
When: 01:00:00
Current Time: 2007-01-01 12:00:00
Valid Interval: 23:00:00-02:00:00
Valid days of month: 1, 2, 3, 4, 5, 6, 7, 8, 9, 10, 11, 12, 13, 14, 15, 16, 17, 18, 19, 20, 21, 22, 23, 24, 25, 26, 27, 28, 29, 30, 31
Valid weekdays: Saturday, Sunday
When: 01:00:00
Current Time: 2007-01-02 01:00:00
Valid Interval: 23:00:00-02:00:00
Valid days of month: 1, 2, 3, 4, 5, 6, 7, 8, 9, 10, 11, 12, 13, 14, 15, 16, 17, 18, 19, 20, 21, 22, 23, 24, 25, 26, 27, 28, 29, 30, 31
Valid weekdays: Saturday, Sunday
When: 01:00:00
Current Time: 2007-01-06 00:30:00
Valid Interval: 23:00:00-02:00:00
Valid days of month: 1, 2, 3, 4, 5, 6, 7, 8, 9, 10, 11, 12, 13, 14, 15, 16, 17, 18, 19, 20, 21, 22, 23, 24, 25, 26, 27, 28, 29, 30, 31
Valid weekdays: Saturday, Sunday
When: 01:00:00
Current Time: 2007-01-06 01:30:00
Valid Interval: 23:00:00-02:00:00
Valid days of month: 1, 2, 3, 4, 5, 6, 7, 8, 9, 10, 11, 12, 13, 14, 15, 16, 17, 18, 19, 20, 21, 22, 23, 24, 25, 26, 27, 28, 29, 30, 31
Valid weekdays: Saturday, Sunday
When: 01:00:00
Current Time: 2007-01-06 02:30:00
Valid Interval: 23:00:00-02:00:00
Valid days of month: 1, 2, 3, 4, 5, 6, 7, 8, 9, 10, 11, 12, 13, 14, 15, 16, 17, 18, 19, 20, 21, 22, 23, 24, 25, 26, 27, 28, 29, 30, 31
Valid weekdays: Saturday, Sunday
When: 01:00:00
Current Time: 2007-01-07 02:00:00
Valid Interval: 23:00:00-02:00:00
Valid days of month: 1, 2, 3, 4, 5, 6, 7, 8, 9, 10, 11, 12, 13, 14, 15, 16, 17, 18, 19, 20, 21, 22, 23, 24, 25, 26, 27, 28, 29, 30, 31
Valid weekdays: Saturday, Sunday
When: 23:30:00
Current Time: 2007-01-01 12:00:00
Valid Interval: 23:00:00-02:00:00
Valid days of month: 1, 2, 3, 4, 5, 6, 7, 8, 9, 10, 11, 12, 13, 14, 15, 16, 17, 18, 19, 20, 21, 22, 23, 24, 25, 26, 27, 28, 29, 30, 31
Valid weekdays: Saturday, Sunday
When: 23:30:00
Current Time: 2007-01-05 23:30:00
Valid Interval: 23:00:00-02:00:00
Valid days of month: 1, 2, 3, 4, 5, 6, 7, 8, 9, 10, 11, 12, 13, 14, 15, 16, 17, 18, 19, 20, 21, 22, 23, 24, 25, 26, 27, 28, 29, 30, 31
Valid weekdays: Saturday, Sunday
When: 23:30:00
Current Time: 2007-01-06 23:00:00
Valid Interval: 23:00:00-02:00:00
Valid days of month: 1, 2, 3, 4, 5, 6, 7, 8, 9, 10, 11, 12, 13, 14, 15, 16, 17, 18, 19, 20, 21, 22, 23, 24, 25, 26, 27, 28, 29, 30, 31
Valid weekdays: Saturday, Sunday
When: 23:30:00
Current Time: 2007-01-06 02:00:00
Valid Interval: 23:00:00-02:00:00
Valid days of month: 1, 2, 3, 4, 5, 6, 7, 8, 9, 10, 11, 12, 13, 14, 15, 16, 17, 18, 19, 20, 21, 22, 23, 24, 25, 26, 27, 28, 29, 30, 31
Valid weekdays: Saturday, Sunday
When: 23:30:00
Current Time: 2007-01-07 23:40:00
Valid Interval: 23:00:00-02:00:00
Valid days of month: 1, 2, 3, 4, 5, 6, 7, 8, 9, 10, 11, 12, 13, 14, 15, 16, 17, 18, 19, 20, 21, 22, 23, 24, 25, 26, 27, 28, 29, 30, 31
Valid weekdays: Saturday, Sunday
When: 23:30:00
Current Time: 2007-01-07 01:00:00
Valid Interval: 13:00:00-16:00:00
Valid days of month: 1, 2, 3, 4, 5, 6, 7, 8, 9, 10, 11, 12, 13, 14, 15, 16, 17, 18, 19, 20, 21, 22, 23, 24, 25, 26, 27, 28, 29, 30, 31
Valid weekdays: Saturday, Sunday
When: 14:00:00
Current Time: 2007-01-01 12:00:00
Valid Interval: 13:00:00-16:00:00
Valid days of month: 1, 2, 3, 4, 5, 6, 7, 8, 9, 10, 11, 12, 13, 14, 15, 16, 17, 18, 19, 20, 21, 22, 23, 24, 25, 26, 27, 28, 29, 30, 31
Valid weekdays: Saturday, Sunday
When: 14:00:00
Current Time: 2007-01-02 13:30:00
Valid Interval: 13:00:00-16:00:00
Valid days of month: 1, 2, 3, 4, 5, 6, 7, 8, 9, 10, 11, 12, 13, 14, 15, 16, 17, 18, 19, 20, 21, 22, 23, 24, 25, 26, 27, 28, 29, 30, 31
Valid weekdays: Saturday, Sunday
When: 14:00:00
Current Time: 2007-01-06 13:30:00
Valid Interval: 13:00:00-16:00:00
Valid days of month: 1, 2, 3, 4, 5, 6, 7, 8, 9, 10, 11, 12, 13, 14, 15, 16, 17, 18, 19, 20, 21, 22, 23, 24, 25, 26, 27, 28, 29, 30, 31
Valid weekdays: Saturday, Sunday
When: 14:00:00
Current Time: 2007-01-06 14:30:00
Valid Interval: 13:00:00-16:00:00
Valid days of month: 1, 2, 3, 4, 5, 6, 7, 8, 9, 10, 11, 12, 13, 14, 15, 16, 17, 18, 19, 20, 21, 22, 23, 24, 25, 26, 27, 28, 29, 30, 31
Valid weekdays: Saturday, Sunday
When: 14:00:00
Current Time: 2007-01-06 16:30:00
Valid Interval: 13:00:00-16:00:00
Valid days of month: 1, 2, 3, 4, 5, 6, 7, 8, 9, 10, 11, 12, 13, 14, 15, 16, 17, 18, 19, 20, 21, 22, 23, 24, 25, 26, 27, 28, 29, 30, 31
Valid weekdays: Saturday, Sunday
When: 14:00:00
Current Time: 2007-01-07 16:00:00
Valid Interval: 23:00:00-02:00:00
Valid days of month: 1, 2, 3, 4, 5, 6, 7, 8, 9, 10, 11, 12, 13, 14, 15, 16, 17, 18, 19, 20, 21, 22, 23, 24, 25, 26, 27, 28, 29, 30, 31
Valid weekdays: Saturday, Sunday
When: 01:00:00
Current Time: 2007-01-01 12:00:00
Valid Interval: 23:00:00-02:00:00
Valid days of month: 1, 2, 3, 4, 5, 6, 7, 8, 9, 10, 11, 12, 13, 14, 15, 16, 17, 18, 19, 20, 21, 22, 23, 24, 25, 26, 27, 28, 29, 30, 31
Valid weekdays: Saturday, Sunday
When: 01:00:00
Current Time: 2007-01-02 01:00:00
Valid Interval: 23:00:00-02:00:00
Valid days of month: 1, 2, 3, 4, 5, 6, 7, 8, 9, 10, 11, 12, 13, 14, 15, 16, 17, 18, 19, 20, 21, 22, 23, 24, 25, 26, 27, 28, 29, 30, 31
Valid weekdays: Saturday, Sunday
When: 01:00:00
Current Time: 2007-01-06 00:30:00
Valid Interval: 23:00:00-02:00:00
Valid days of month: 1, 2, 3, 4, 5, 6, 7, 8, 9, 10, 11, 12, 13, 14, 15, 16, 17, 18, 19, 20, 21, 22, 23, 24, 25, 26, 27, 28, 29, 30, 31
Valid weekdays: Saturday, Sunday
When: 01:00:00
Current Time: 2007-01-06 02:30:00
Valid Interval: 23:00:00-02:00:00
Valid days of month: 1, 2, 3, 4, 5, 6, 7, 8, 9, 10, 11, 12, 13, 14, 15, 16, 17, 18, 19, 20, 21, 22, 23, 24, 25, 26, 27, 28, 29, 30, 31
Valid weekdays: Saturday, Sunday
When: 23:30:00
Current Time: 2007-01-01 12:00:00
Valid Interval: 23:00:00-02:00:00
Valid days of month: 1, 2, 3, 4, 5, 6, 7, 8, 9, 10, 11, 12, 13, 14, 15, 16, 17, 18, 19, 20, 21, 22, 23, 24, 25, 26, 27, 28, 29, 30, 31
Valid weekdays: Saturday, Sunday
When: 23:30:00
Current Time: 2007-01-05 23:30:00
Valid Interval: 23:00:00-02:00:00
Valid days of month: 1, 2, 3, 4, 5, 6, 7, 8, 9, 10, 11, 12, 13, 14, 15, 16, 17, 18, 19, 20, 21, 22, 23, 24, 25, 26, 27, 28, 29, 30, 31
Valid weekdays: Saturday, Sunday
When: 23:30:00
Current Time: 2007-01-06 23:00:00
Valid Interval: 23:00:00-02:00:00
Valid days of month: 1, 2, 3, 4, 5, 6, 7, 8, 9, 10, 11, 12, 13, 14, 15, 16, 17, 18, 19, 20, 21, 22, 23, 24, 25, 26, 27, 28, 29, 30, 31
Valid weekdays: Saturday, Sunday
When: 23:30:00
Current Time: 2007-01-06 02:00:00
Valid Interval: 23:00:00-02:00:00
Valid days of month: 1, 2, 3, 4, 5, 6, 7, 8, 9, 10, 11, 12, 13, 14, 15, 16, 17, 18, 19, 20, 21, 22, 23, 24, 25, 26, 27, 28, 29, 30, 31
Valid weekdays: Saturday, Sunday
When: 23:30:00
Current Time: 2007-01-07 23:40:00
Valid Interval: 23:00:00-02:00:00
Valid days of month: 1, 2, 3, 4, 5, 6, 7, 8, 9, 10, 11, 12, 13, 14, 15, 16, 17, 18, 19, 20, 21, 22, 23, 24, 25, 26, 27, 28, 29, 30, 31
Valid weekdays: Saturday, Sunday
When: 23:30:00
Current Time: 2007-01-07 01:00:00
Valid Interval: 13:00:00-16:00:00
Valid days of month: 1, 2, 3, 4, 5, 6, 7, 8, 9, 10, 11, 12, 13, 14, 15, 16, 17, 18, 19, 20, 21, 22, 23, 24, 25, 26, 27, 28, 29, 30, 31
Valid weekdays: Saturday, Sunday
When: 14:00:00
Current Time: 2007-01-06 14:30:00
Valid Interval: 13:00:00-16:00:00
Valid days of month: 1, 2, 3, 4, 5, 6, 7, 8, 9, 10, 11, 12, 13, 14, 15, 16, 17, 18, 19, 20, 21, 22, 23, 24, 25, 26, 27, 28, 29, 30, 31
Valid weekdays: Saturday, Sunday
When: 14:00:00
Current Time: 2007-01-07 15:00:00
Valid Interval: 23:00:00-02:00:00
Valid days of month: 1, 2, 3, 4, 5, 6, 7, 8, 9, 10, 11, 12, 13, 14, 15, 16, 17, 18, 19, 20, 21, 22, 23, 24, 25, 26, 27, 28, 29, 30, 31
Valid weekdays: Saturday, Sunday
When: 01:00:00
Current Time: 2007-01-06 01:30:00
Valid Interval: 23:00:00-02:00:00
Valid days of month: 1, 2, 3, 4, 5, 6, 7, 8, 9, 10, 11, 12, 13, 14, 15, 16, 17, 18, 19, 20, 21, 22, 23, 24, 25, 26, 27, 28, 29, 30, 31
Valid weekdays: Saturday, Sunday
When: 01:00:00
Current Time: 2007-01-07 01:30:00
Valid Interval: 23:00:00-02:00:00
Valid days of month: 1, 2, 3, 4, 5, 6, 7, 8, 9, 10, 11, 12, 13, 14, 15, 16, 17, 18, 19, 20, 21, 22, 23, 24, 25, 26, 27, 28, 29, 30, 31
Valid weekdays: Saturday, Sunday
When: 23:30:00
Current Time: 2007-01-06 23:02:00
Valid Interval: 23:00:00-02:00:00
Valid days of month: 1, 2, 3, 4, 5, 6, 7, 8, 9, 10, 11, 12, 13, 14, 15, 16, 17, 18, 19, 20, 21, 22, 23, 24, 25, 26, 27, 28, 29, 30, 31
Valid weekdays: Saturday, Sunday
When: 23:30:00
Current Time: 2007-01-06 01:10:00
Valid Interval: 23:00:00-02:00:00
Valid days of month: 1, 2, 3, 4, 5, 6, 7, 8, 9, 10, 11, 12, 13, 14, 15, 16, 17, 18, 19, 20, 21, 22, 23, 24, 25, 26, 27, 28, 29, 30, 31
Valid weekdays: Saturday, Sunday
When: 23:30:00
Current Time: 2007-01-07 01:00:40
Valid Interval: 23:00:00-02:00:00
Valid days of month: 2
Valid weekdays: Saturday, Sunday
When: 23:30:00
Current Time: 2007-01-01 12:00:00
Valid Interval: 23:00:00-02:00:00
Valid days of month: 1, 2
Valid weekdays: Saturday, Sunday
When: 23:30:00
Current Time: 2007-01-05 23:30:00
Valid Interval: 23:00:00-02:00:00
Valid days of month: 1, 2
Valid weekdays: Saturday, Sunday
When: 23:30:00
Current Time: 2007-01-06 23:00:00</StdOut>
      </Output>
    </UnitTestResult>
    <UnitTestResult executionId="929fffb4-c154-4503-a260-1373f092bfae" testId="8bafdd35-f028-4bef-b876-8f8f08662593" testName="GetNextTimeToTrigger_AbsoluteTimer_ReturnsCorrectTime (Data Row 40)" computerName="ICSWS068" duration="00:00:00.0036216" startTime="2016-08-04T07:57:22.7951939+02:00" endTime="2016-08-04T07:57:22.7986968+02:00" testType="13cdc9d9-ddb5-4fa4-a97d-d965ccfc6d4b" outcome="Passed" testListId="8c84fa94-04c1-424b-9868-57a2d4851a1d" relativeResultsDirectory="929fffb4-c154-4503-a260-1373f092bfae">
      <Output>
        <StdOut>TestContext Messages:
Valid Interval: 11:00:00-13:00:00
Valid days of month: 1, 2, 3, 4, 5, 6, 7, 8, 9, 10, 11, 12, 13, 14, 15, 16, 17, 18, 19, 20, 21, 22, 23, 24, 25, 26, 27, 28, 29, 30, 31
Valid weekdays: Monday, Tuesday, Wednesday, Thursday, Friday, Saturday, Sunday
When: 12:00:00
Current Time: 2011-01-01 00:00:00
Valid Interval: 11:00:00-13:00:00
Valid days of month: 1, 2, 3, 4, 5, 6, 7, 8, 9, 10, 11, 12, 13, 14, 15, 16, 17, 18, 19, 20, 21, 22, 23, 24, 25, 26, 27, 28, 29, 30, 31
Valid weekdays: Monday, Tuesday, Wednesday, Thursday, Friday, Saturday, Sunday
When: 12:00:00
Current Time: 2011-01-01 09:00:00
Valid Interval: 11:00:00-13:00:00
Valid days of month: 1, 2, 3, 4, 5, 6, 7, 8, 9, 10, 11, 12, 13, 14, 15, 16, 17, 18, 19, 20, 21, 22, 23, 24, 25, 26, 27, 28, 29, 30, 31
Valid weekdays: Monday, Tuesday, Wednesday, Thursday, Friday, Saturday, Sunday
When: 12:00:00
Current Time: 2011-01-01 11:00:00
Valid Interval: 11:00:00-13:00:00
Valid days of month: 1, 2, 3, 4, 5, 6, 7, 8, 9, 10, 11, 12, 13, 14, 15, 16, 17, 18, 19, 20, 21, 22, 23, 24, 25, 26, 27, 28, 29, 30, 31
Valid weekdays: Monday, Tuesday, Wednesday, Thursday, Friday, Saturday, Sunday
When: 12:00:00
Current Time: 2011-01-01 12:00:00
Valid Interval: 11:00:00-13:00:00
Valid days of month: 1, 2, 3, 4, 5, 6, 7, 8, 9, 10, 11, 12, 13, 14, 15, 16, 17, 18, 19, 20, 21, 22, 23, 24, 25, 26, 27, 28, 29, 30, 31
Valid weekdays: Monday, Tuesday, Wednesday, Thursday, Friday, Saturday, Sunday
When: 12:00:00
Current Time: 2011-01-01 12:30:00
Valid Interval: 11:00:00-13:00:00
Valid days of month: 1, 2, 3, 4, 5, 6, 7, 8, 9, 10, 11, 12, 13, 14, 15, 16, 17, 18, 19, 20, 21, 22, 23, 24, 25, 26, 27, 28, 29, 30, 31
Valid weekdays: Monday, Tuesday, Wednesday, Thursday, Friday, Saturday, Sunday
When: 12:00:00
Current Time: 2011-01-01 13:00:00
Valid Interval: 11:00:00-13:00:00
Valid days of month: 1, 2, 3, 4, 5, 6, 7, 8, 9, 10, 11, 12, 13, 14, 15, 16, 17, 18, 19, 20, 21, 22, 23, 24, 25, 26, 27, 28, 29, 30, 31
Valid weekdays: Monday, Tuesday, Wednesday, Thursday, Friday, Saturday, Sunday
When: 12:00:00
Current Time: 2011-01-02 00:00:00
Valid Interval: 11:00:00-13:00:00
Valid days of month: 1, 2, 3, 4, 5, 6, 7, 8, 9, 10, 11, 12, 13, 14, 15, 16, 17, 18, 19, 20, 21, 22, 23, 24, 25, 26, 27, 28, 29, 30, 31
Valid weekdays: Monday, Tuesday, Wednesday, Thursday, Friday, Saturday, Sunday
When: 12:00:00
Current Time: 2011-01-02 09:00:00
Valid Interval: 11:00:00-13:00:00
Valid days of month: 1, 2, 3, 4, 5, 6, 7, 8, 9, 10, 11, 12, 13, 14, 15, 16, 17, 18, 19, 20, 21, 22, 23, 24, 25, 26, 27, 28, 29, 30, 31
Valid weekdays: Monday, Tuesday, Wednesday, Thursday, Friday, Saturday, Sunday
When: 12:00:00
Current Time: 2011-01-02 12:00:00
Valid Interval: 11:00:00-13:00:00
Valid days of month: 1, 2, 3, 4, 5, 6, 7, 8, 9, 10, 11, 12, 13, 14, 15, 16, 17, 18, 19, 20, 21, 22, 23, 24, 25, 26, 27, 28, 29, 30, 31
Valid weekdays: Monday, Tuesday, Wednesday, Thursday, Friday, Saturday, Sunday
When: 12:00:00
Current Time: 2011-01-02 12:45:30
Valid Interval: 11:00:00-13:00:00
Valid days of month: 1, 2, 3, 4, 5, 6, 7, 8, 9, 10, 11, 12, 13, 14, 15, 16, 17, 18, 19, 20, 21, 22, 23, 24, 25, 26, 27, 28, 29, 30, 31
Valid weekdays: Monday, Tuesday, Wednesday, Thursday, Friday, Saturday, Sunday
When: 12:00:00
Current Time: 2011-01-02 13:00:00
Valid Interval: 11:00:00-13:00:00
Valid days of month: 1, 2, 3, 4, 5, 6, 7, 8, 9, 10, 11, 12, 13, 14, 15, 16, 17, 18, 19, 20, 21, 22, 23, 24, 25, 26, 27, 28, 29, 30, 31
Valid weekdays: Monday, Tuesday, Wednesday, Thursday, Friday, Saturday, Sunday
When: 12:00:00
Current Time: 2011-01-01 12:00:00
Valid Interval: 11:00:00-13:00:00
Valid days of month: 1, 2, 3, 4, 5, 6, 7, 8, 9, 10, 11, 12, 13, 14, 15, 16, 17, 18, 19, 20, 21, 22, 23, 24, 25, 26, 27, 28, 29, 30, 31
Valid weekdays: Monday, Tuesday, Wednesday, Thursday, Friday, Saturday, Sunday
When: 12:00:00
Current Time: 2011-01-01 12:30:00
Valid Interval: 11:00:00-13:00:00
Valid days of month: 1, 2, 3, 4, 5, 6, 7, 8, 9, 10, 11, 12, 13, 14, 15, 16, 17, 18, 19, 20, 21, 22, 23, 24, 25, 26, 27, 28, 29, 30, 31
Valid weekdays: Monday, Tuesday, Wednesday, Thursday, Friday, Saturday, Sunday
When: 12:00:00
Current Time: 2011-01-01 12:30:00
Valid Interval: 11:00:00-13:00:00
Valid days of month: 1, 2, 3, 4, 5, 6, 7, 8, 9, 10, 11, 12, 13, 14, 15, 16, 17, 18, 19, 20, 21, 22, 23, 24, 25, 26, 27, 28, 29, 30, 31
Valid weekdays: Monday, Tuesday, Wednesday, Thursday, Friday, Saturday, Sunday
When: 12:00:00
Current Time: 2011-01-01 13:00:00
Valid Interval: 11:00:00-13:00:00
Valid days of month: 1, 2, 3, 4, 5, 6, 7, 8, 9, 10, 11, 12, 13, 14, 15, 16, 17, 18, 19, 20, 21, 22, 23, 24, 25, 26, 27, 28, 29, 30, 31
Valid weekdays: Monday, Tuesday, Wednesday, Thursday, Friday, Saturday, Sunday
When: 12:00:00
Current Time: 2011-01-01 14:30:00
Valid Interval: 23:00:00-13:00:00
Valid days of month: 1, 2, 3, 4, 5, 6, 7, 8, 9, 10, 11, 12, 13, 14, 15, 16, 17, 18, 19, 20, 21, 22, 23, 24, 25, 26, 27, 28, 29, 30, 31
Valid weekdays: Monday, Tuesday, Wednesday, Thursday, Friday, Saturday, Sunday
When: 23:30:00
Current Time: 2011-01-01 16:00:00
Valid Interval: 23:00:00-13:00:00
Valid days of month: 1, 2, 3, 4, 5, 6, 7, 8, 9, 10, 11, 12, 13, 14, 15, 16, 17, 18, 19, 20, 21, 22, 23, 24, 25, 26, 27, 28, 29, 30, 31
Valid weekdays: Monday, Tuesday, Wednesday, Thursday, Friday, Saturday, Sunday
When: 23:30:00
Current Time: 2011-01-01 23:00:00
Valid Interval: 23:00:00-13:00:00
Valid days of month: 1, 2, 3, 4, 5, 6, 7, 8, 9, 10, 11, 12, 13, 14, 15, 16, 17, 18, 19, 20, 21, 22, 23, 24, 25, 26, 27, 28, 29, 30, 31
Valid weekdays: Monday, Tuesday, Wednesday, Thursday, Friday, Saturday, Sunday
When: 23:30:00
Current Time: 2011-01-01 23:30:00
Valid Interval: 23:00:00-13:00:00
Valid days of month: 1, 2, 3, 4, 5, 6, 7, 8, 9, 10, 11, 12, 13, 14, 15, 16, 17, 18, 19, 20, 21, 22, 23, 24, 25, 26, 27, 28, 29, 30, 31
Valid weekdays: Monday, Tuesday, Wednesday, Thursday, Friday, Saturday, Sunday
When: 23:30:00
Current Time: 2011-01-01 23:45:00
Valid Interval: 23:00:00-13:00:00
Valid days of month: 1, 2, 3, 4, 5, 6, 7, 8, 9, 10, 11, 12, 13, 14, 15, 16, 17, 18, 19, 20, 21, 22, 23, 24, 25, 26, 27, 28, 29, 30, 31
Valid weekdays: Monday, Tuesday, Wednesday, Thursday, Friday, Saturday, Sunday
When: 23:30:00
Current Time: 2011-01-02 00:30:00
Valid Interval: 23:00:00-13:00:00
Valid days of month: 1, 2, 3, 4, 5, 6, 7, 8, 9, 10, 11, 12, 13, 14, 15, 16, 17, 18, 19, 20, 21, 22, 23, 24, 25, 26, 27, 28, 29, 30, 31
Valid weekdays: Monday, Tuesday, Wednesday, Thursday, Friday, Saturday, Sunday
When: 23:30:00
Current Time: 2011-01-01 13:00:00
Valid Interval: 23:00:00-13:00:00
Valid days of month: 1, 2, 3, 4, 5, 6, 7, 8, 9, 10, 11, 12, 13, 14, 15, 16, 17, 18, 19, 20, 21, 22, 23, 24, 25, 26, 27, 28, 29, 30, 31
Valid weekdays: Monday, Tuesday, Wednesday, Thursday, Friday, Saturday, Sunday
When: 01:00:00
Current Time: 2011-01-01 16:00:00
Valid Interval: 23:00:00-13:00:00
Valid days of month: 1, 2, 3, 4, 5, 6, 7, 8, 9, 10, 11, 12, 13, 14, 15, 16, 17, 18, 19, 20, 21, 22, 23, 24, 25, 26, 27, 28, 29, 30, 31
Valid weekdays: Monday, Tuesday, Wednesday, Thursday, Friday, Saturday, Sunday
When: 01:00:00
Current Time: 2011-01-01 23:00:00
Valid Interval: 23:00:00-13:00:00
Valid days of month: 1, 2, 3, 4, 5, 6, 7, 8, 9, 10, 11, 12, 13, 14, 15, 16, 17, 18, 19, 20, 21, 22, 23, 24, 25, 26, 27, 28, 29, 30, 31
Valid weekdays: Monday, Tuesday, Wednesday, Thursday, Friday, Saturday, Sunday
When: 01:00:00
Current Time: 2011-01-01 23:30:00
Valid Interval: 23:00:00-13:00:00
Valid days of month: 1, 2, 3, 4, 5, 6, 7, 8, 9, 10, 11, 12, 13, 14, 15, 16, 17, 18, 19, 20, 21, 22, 23, 24, 25, 26, 27, 28, 29, 30, 31
Valid weekdays: Monday, Tuesday, Wednesday, Thursday, Friday, Saturday, Sunday
When: 01:00:00
Current Time: 2011-01-02 00:30:00
Valid Interval: 23:00:00-13:00:00
Valid days of month: 1, 2, 3, 4, 5, 6, 7, 8, 9, 10, 11, 12, 13, 14, 15, 16, 17, 18, 19, 20, 21, 22, 23, 24, 25, 26, 27, 28, 29, 30, 31
Valid weekdays: Monday, Tuesday, Wednesday, Thursday, Friday, Saturday, Sunday
When: 01:00:00
Current Time: 2011-01-01 02:00:00
Valid Interval: 23:00:00-13:00:00
Valid days of month: 1, 2, 3, 4, 5, 6, 7, 8, 9, 10, 11, 12, 13, 14, 15, 16, 17, 18, 19, 20, 21, 22, 23, 24, 25, 26, 27, 28, 29, 30, 31
Valid weekdays: Monday, Tuesday, Wednesday, Thursday, Friday, Saturday, Sunday
When: 01:00:00
Current Time: 2011-01-01 13:00:00
Valid Interval: 23:00:00-13:00:00
Valid days of month: 1, 2, 3, 4, 5, 6, 7, 8, 9, 10, 11, 12, 13, 14, 15, 16, 17, 18, 19, 20, 21, 22, 23, 24, 25, 26, 27, 28, 29, 30, 31
Valid weekdays: Monday, Tuesday, Wednesday, Thursday, Friday, Saturday, Sunday
When: 23:30:00
Current Time: 2011-01-01 16:00:00
Valid Interval: 23:00:00-13:00:00
Valid days of month: 1, 2, 3, 4, 5, 6, 7, 8, 9, 10, 11, 12, 13, 14, 15, 16, 17, 18, 19, 20, 21, 22, 23, 24, 25, 26, 27, 28, 29, 30, 31
Valid weekdays: Monday, Tuesday, Wednesday, Thursday, Friday, Saturday, Sunday
When: 23:30:00
Current Time: 2011-01-01 23:00:00
Valid Interval: 23:00:00-13:00:00
Valid days of month: 1, 2, 3, 4, 5, 6, 7, 8, 9, 10, 11, 12, 13, 14, 15, 16, 17, 18, 19, 20, 21, 22, 23, 24, 25, 26, 27, 28, 29, 30, 31
Valid weekdays: Monday, Tuesday, Wednesday, Thursday, Friday, Saturday, Sunday
When: 23:30:00
Current Time: 2011-01-01 23:30:00
Valid Interval: 23:00:00-13:00:00
Valid days of month: 1, 2, 3, 4, 5, 6, 7, 8, 9, 10, 11, 12, 13, 14, 15, 16, 17, 18, 19, 20, 21, 22, 23, 24, 25, 26, 27, 28, 29, 30, 31
Valid weekdays: Monday, Tuesday, Wednesday, Thursday, Friday, Saturday, Sunday
When: 23:30:00
Current Time: 2011-01-01 23:45:00
Valid Interval: 23:00:00-13:00:00
Valid days of month: 1, 2, 3, 4, 5, 6, 7, 8, 9, 10, 11, 12, 13, 14, 15, 16, 17, 18, 19, 20, 21, 22, 23, 24, 25, 26, 27, 28, 29, 30, 31
Valid weekdays: Monday, Tuesday, Wednesday, Thursday, Friday, Saturday, Sunday
When: 23:30:00
Current Time: 2011-01-02 00:30:00
Valid Interval: 23:00:00-13:00:00
Valid days of month: 1, 2, 3, 4, 5, 6, 7, 8, 9, 10, 11, 12, 13, 14, 15, 16, 17, 18, 19, 20, 21, 22, 23, 24, 25, 26, 27, 28, 29, 30, 31
Valid weekdays: Monday, Tuesday, Wednesday, Thursday, Friday, Saturday, Sunday
When: 23:30:00
Current Time: 2011-01-01 13:00:00
Valid Interval: 23:00:00-13:00:00
Valid days of month: 1, 2, 3, 4, 5, 6, 7, 8, 9, 10, 11, 12, 13, 14, 15, 16, 17, 18, 19, 20, 21, 22, 23, 24, 25, 26, 27, 28, 29, 30, 31
Valid weekdays: Monday, Tuesday, Wednesday, Thursday, Friday, Saturday, Sunday
When: 01:00:00
Current Time: 2011-01-01 16:00:00
Valid Interval: 23:00:00-13:00:00
Valid days of month: 1, 2, 3, 4, 5, 6, 7, 8, 9, 10, 11, 12, 13, 14, 15, 16, 17, 18, 19, 20, 21, 22, 23, 24, 25, 26, 27, 28, 29, 30, 31
Valid weekdays: Monday, Tuesday, Wednesday, Thursday, Friday, Saturday, Sunday
When: 01:00:00
Current Time: 2011-01-01 23:00:00
Valid Interval: 23:00:00-13:00:00
Valid days of month: 1, 2, 3, 4, 5, 6, 7, 8, 9, 10, 11, 12, 13, 14, 15, 16, 17, 18, 19, 20, 21, 22, 23, 24, 25, 26, 27, 28, 29, 30, 31
Valid weekdays: Monday, Tuesday, Wednesday, Thursday, Friday, Saturday, Sunday
When: 01:00:00
Current Time: 2011-01-01 23:30:00
Valid Interval: 23:00:00-13:00:00
Valid days of month: 1, 2, 3, 4, 5, 6, 7, 8, 9, 10, 11, 12, 13, 14, 15, 16, 17, 18, 19, 20, 21, 22, 23, 24, 25, 26, 27, 28, 29, 30, 31
Valid weekdays: Monday, Tuesday, Wednesday, Thursday, Friday, Saturday, Sunday
When: 01:00:00
Current Time: 2011-01-02 00:30:00
Valid Interval: 23:00:00-13:00:00
Valid days of month: 1, 2, 3, 4, 5, 6, 7, 8, 9, 10, 11, 12, 13, 14, 15, 16, 17, 18, 19, 20, 21, 22, 23, 24, 25, 26, 27, 28, 29, 30, 31
Valid weekdays: Monday, Tuesday, Wednesday, Thursday, Friday, Saturday, Sunday
When: 01:00:00
Current Time: 2011-01-02 02:00:00
Valid Interval: 23:00:00-13:00:00
Valid days of month: 1, 2, 3, 4, 5, 6, 7, 8, 9, 10, 11, 12, 13, 14, 15, 16, 17, 18, 19, 20, 21, 22, 23, 24, 25, 26, 27, 28, 29, 30, 31
Valid weekdays: Monday, Tuesday, Wednesday, Thursday, Friday, Saturday, Sunday
When: 01:00:00
Current Time: 2011-01-02 13:00:00
Valid Interval: 23:00:00-13:00:00
Valid days of month: 1, 2, 3, 4, 5, 6, 7, 8, 9, 10, 11, 12, 13, 14, 15, 16, 17, 18, 19, 20, 21, 22, 23, 24, 25, 26, 27, 28, 29, 30, 31
Valid weekdays: Monday, Tuesday, Wednesday, Thursday, Friday, Saturday, Sunday
When: 23:30:00
Current Time: 2011-01-01 23:30:05
Valid Interval: 23:00:00-13:00:00
Valid days of month: 1, 2, 3, 4, 5, 6, 7, 8, 9, 10, 11, 12, 13, 14, 15, 16, 17, 18, 19, 20, 21, 22, 23, 24, 25, 26, 27, 28, 29, 30, 31
Valid weekdays: Monday, Tuesday, Wednesday, Thursday, Friday, Saturday, Sunday
When: 23:30:00
Current Time: 2011-01-02 00:30:00
Valid Interval: 23:00:00-13:00:00
Valid days of month: 1, 2, 3, 4, 5, 6, 7, 8, 9, 10, 11, 12, 13, 14, 15, 16, 17, 18, 19, 20, 21, 22, 23, 24, 25, 26, 27, 28, 29, 30, 31
Valid weekdays: Monday, Tuesday, Wednesday, Thursday, Friday, Saturday, Sunday
When: 23:30:00
Current Time: 2011-01-02 13:00:00
Valid Interval: 23:00:00-13:00:00
Valid days of month: 1, 2, 3, 4, 5, 6, 7, 8, 9, 10, 11, 12, 13, 14, 15, 16, 17, 18, 19, 20, 21, 22, 23, 24, 25, 26, 27, 28, 29, 30, 31
Valid weekdays: Monday, Tuesday, Wednesday, Thursday, Friday, Saturday, Sunday
When: 01:00:00
Current Time: 2011-01-01 02:00:00
Valid Interval: 23:00:00-13:00:00
Valid days of month: 1, 2, 3, 4, 5, 6, 7, 8, 9, 10, 11, 12, 13, 14, 15, 16, 17, 18, 19, 20, 21, 22, 23, 24, 25, 26, 27, 28, 29, 30, 31
Valid weekdays: Monday, Tuesday, Wednesday, Thursday, Friday, Saturday, Sunday
When: 01:00:00
Current Time: 2011-01-02 02:00:00
Valid Interval: 13:00:00-16:00:00
Valid days of month: 1, 2, 3, 4, 5, 6, 7, 8, 9, 10, 11, 12, 13, 14, 15, 16, 17, 18, 19, 20, 21, 22, 23, 24, 25, 26, 27, 28, 29, 30, 31
Valid weekdays: Saturday, Sunday
When: 14:00:00
Current Time: 2007-01-01 12:00:00
Valid Interval: 13:00:00-16:00:00
Valid days of month: 1, 2, 3, 4, 5, 6, 7, 8, 9, 10, 11, 12, 13, 14, 15, 16, 17, 18, 19, 20, 21, 22, 23, 24, 25, 26, 27, 28, 29, 30, 31
Valid weekdays: Saturday, Sunday
When: 14:00:00
Current Time: 2007-01-02 13:30:00
Valid Interval: 13:00:00-16:00:00
Valid days of month: 1, 2, 3, 4, 5, 6, 7, 8, 9, 10, 11, 12, 13, 14, 15, 16, 17, 18, 19, 20, 21, 22, 23, 24, 25, 26, 27, 28, 29, 30, 31
Valid weekdays: Saturday, Sunday
When: 14:00:00
Current Time: 2007-01-06 13:30:00
Valid Interval: 13:00:00-16:00:00
Valid days of month: 1, 2, 3, 4, 5, 6, 7, 8, 9, 10, 11, 12, 13, 14, 15, 16, 17, 18, 19, 20, 21, 22, 23, 24, 25, 26, 27, 28, 29, 30, 31
Valid weekdays: Saturday, Sunday
When: 14:00:00
Current Time: 2007-01-06 14:30:00
Valid Interval: 13:00:00-16:00:00
Valid days of month: 1, 2, 3, 4, 5, 6, 7, 8, 9, 10, 11, 12, 13, 14, 15, 16, 17, 18, 19, 20, 21, 22, 23, 24, 25, 26, 27, 28, 29, 30, 31
Valid weekdays: Saturday, Sunday
When: 14:00:00
Current Time: 2007-01-06 16:30:00
Valid Interval: 13:00:00-16:00:00
Valid days of month: 1, 2, 3, 4, 5, 6, 7, 8, 9, 10, 11, 12, 13, 14, 15, 16, 17, 18, 19, 20, 21, 22, 23, 24, 25, 26, 27, 28, 29, 30, 31
Valid weekdays: Saturday, Sunday
When: 14:00:00
Current Time: 2007-01-07 16:00:00
Valid Interval: 23:00:00-02:00:00
Valid days of month: 1, 2, 3, 4, 5, 6, 7, 8, 9, 10, 11, 12, 13, 14, 15, 16, 17, 18, 19, 20, 21, 22, 23, 24, 25, 26, 27, 28, 29, 30, 31
Valid weekdays: Saturday, Sunday
When: 01:00:00
Current Time: 2007-01-01 12:00:00
Valid Interval: 23:00:00-02:00:00
Valid days of month: 1, 2, 3, 4, 5, 6, 7, 8, 9, 10, 11, 12, 13, 14, 15, 16, 17, 18, 19, 20, 21, 22, 23, 24, 25, 26, 27, 28, 29, 30, 31
Valid weekdays: Saturday, Sunday
When: 01:00:00
Current Time: 2007-01-02 01:00:00
Valid Interval: 23:00:00-02:00:00
Valid days of month: 1, 2, 3, 4, 5, 6, 7, 8, 9, 10, 11, 12, 13, 14, 15, 16, 17, 18, 19, 20, 21, 22, 23, 24, 25, 26, 27, 28, 29, 30, 31
Valid weekdays: Saturday, Sunday
When: 01:00:00
Current Time: 2007-01-06 00:30:00
Valid Interval: 23:00:00-02:00:00
Valid days of month: 1, 2, 3, 4, 5, 6, 7, 8, 9, 10, 11, 12, 13, 14, 15, 16, 17, 18, 19, 20, 21, 22, 23, 24, 25, 26, 27, 28, 29, 30, 31
Valid weekdays: Saturday, Sunday
When: 01:00:00
Current Time: 2007-01-06 01:30:00
Valid Interval: 23:00:00-02:00:00
Valid days of month: 1, 2, 3, 4, 5, 6, 7, 8, 9, 10, 11, 12, 13, 14, 15, 16, 17, 18, 19, 20, 21, 22, 23, 24, 25, 26, 27, 28, 29, 30, 31
Valid weekdays: Saturday, Sunday
When: 01:00:00
Current Time: 2007-01-06 02:30:00
Valid Interval: 23:00:00-02:00:00
Valid days of month: 1, 2, 3, 4, 5, 6, 7, 8, 9, 10, 11, 12, 13, 14, 15, 16, 17, 18, 19, 20, 21, 22, 23, 24, 25, 26, 27, 28, 29, 30, 31
Valid weekdays: Saturday, Sunday
When: 01:00:00
Current Time: 2007-01-07 02:00:00
Valid Interval: 23:00:00-02:00:00
Valid days of month: 1, 2, 3, 4, 5, 6, 7, 8, 9, 10, 11, 12, 13, 14, 15, 16, 17, 18, 19, 20, 21, 22, 23, 24, 25, 26, 27, 28, 29, 30, 31
Valid weekdays: Saturday, Sunday
When: 23:30:00
Current Time: 2007-01-01 12:00:00
Valid Interval: 23:00:00-02:00:00
Valid days of month: 1, 2, 3, 4, 5, 6, 7, 8, 9, 10, 11, 12, 13, 14, 15, 16, 17, 18, 19, 20, 21, 22, 23, 24, 25, 26, 27, 28, 29, 30, 31
Valid weekdays: Saturday, Sunday
When: 23:30:00
Current Time: 2007-01-05 23:30:00
Valid Interval: 23:00:00-02:00:00
Valid days of month: 1, 2, 3, 4, 5, 6, 7, 8, 9, 10, 11, 12, 13, 14, 15, 16, 17, 18, 19, 20, 21, 22, 23, 24, 25, 26, 27, 28, 29, 30, 31
Valid weekdays: Saturday, Sunday
When: 23:30:00
Current Time: 2007-01-06 23:00:00
Valid Interval: 23:00:00-02:00:00
Valid days of month: 1, 2, 3, 4, 5, 6, 7, 8, 9, 10, 11, 12, 13, 14, 15, 16, 17, 18, 19, 20, 21, 22, 23, 24, 25, 26, 27, 28, 29, 30, 31
Valid weekdays: Saturday, Sunday
When: 23:30:00
Current Time: 2007-01-06 02:00:00
Valid Interval: 23:00:00-02:00:00
Valid days of month: 1, 2, 3, 4, 5, 6, 7, 8, 9, 10, 11, 12, 13, 14, 15, 16, 17, 18, 19, 20, 21, 22, 23, 24, 25, 26, 27, 28, 29, 30, 31
Valid weekdays: Saturday, Sunday
When: 23:30:00
Current Time: 2007-01-07 23:40:00
Valid Interval: 23:00:00-02:00:00
Valid days of month: 1, 2, 3, 4, 5, 6, 7, 8, 9, 10, 11, 12, 13, 14, 15, 16, 17, 18, 19, 20, 21, 22, 23, 24, 25, 26, 27, 28, 29, 30, 31
Valid weekdays: Saturday, Sunday
When: 23:30:00
Current Time: 2007-01-07 01:00:00
Valid Interval: 13:00:00-16:00:00
Valid days of month: 1, 2, 3, 4, 5, 6, 7, 8, 9, 10, 11, 12, 13, 14, 15, 16, 17, 18, 19, 20, 21, 22, 23, 24, 25, 26, 27, 28, 29, 30, 31
Valid weekdays: Saturday, Sunday
When: 14:00:00
Current Time: 2007-01-01 12:00:00
Valid Interval: 13:00:00-16:00:00
Valid days of month: 1, 2, 3, 4, 5, 6, 7, 8, 9, 10, 11, 12, 13, 14, 15, 16, 17, 18, 19, 20, 21, 22, 23, 24, 25, 26, 27, 28, 29, 30, 31
Valid weekdays: Saturday, Sunday
When: 14:00:00
Current Time: 2007-01-02 13:30:00
Valid Interval: 13:00:00-16:00:00
Valid days of month: 1, 2, 3, 4, 5, 6, 7, 8, 9, 10, 11, 12, 13, 14, 15, 16, 17, 18, 19, 20, 21, 22, 23, 24, 25, 26, 27, 28, 29, 30, 31
Valid weekdays: Saturday, Sunday
When: 14:00:00
Current Time: 2007-01-06 13:30:00
Valid Interval: 13:00:00-16:00:00
Valid days of month: 1, 2, 3, 4, 5, 6, 7, 8, 9, 10, 11, 12, 13, 14, 15, 16, 17, 18, 19, 20, 21, 22, 23, 24, 25, 26, 27, 28, 29, 30, 31
Valid weekdays: Saturday, Sunday
When: 14:00:00
Current Time: 2007-01-06 14:30:00
Valid Interval: 13:00:00-16:00:00
Valid days of month: 1, 2, 3, 4, 5, 6, 7, 8, 9, 10, 11, 12, 13, 14, 15, 16, 17, 18, 19, 20, 21, 22, 23, 24, 25, 26, 27, 28, 29, 30, 31
Valid weekdays: Saturday, Sunday
When: 14:00:00
Current Time: 2007-01-06 16:30:00
Valid Interval: 13:00:00-16:00:00
Valid days of month: 1, 2, 3, 4, 5, 6, 7, 8, 9, 10, 11, 12, 13, 14, 15, 16, 17, 18, 19, 20, 21, 22, 23, 24, 25, 26, 27, 28, 29, 30, 31
Valid weekdays: Saturday, Sunday
When: 14:00:00
Current Time: 2007-01-07 16:00:00
Valid Interval: 23:00:00-02:00:00
Valid days of month: 1, 2, 3, 4, 5, 6, 7, 8, 9, 10, 11, 12, 13, 14, 15, 16, 17, 18, 19, 20, 21, 22, 23, 24, 25, 26, 27, 28, 29, 30, 31
Valid weekdays: Saturday, Sunday
When: 01:00:00
Current Time: 2007-01-01 12:00:00
Valid Interval: 23:00:00-02:00:00
Valid days of month: 1, 2, 3, 4, 5, 6, 7, 8, 9, 10, 11, 12, 13, 14, 15, 16, 17, 18, 19, 20, 21, 22, 23, 24, 25, 26, 27, 28, 29, 30, 31
Valid weekdays: Saturday, Sunday
When: 01:00:00
Current Time: 2007-01-02 01:00:00
Valid Interval: 23:00:00-02:00:00
Valid days of month: 1, 2, 3, 4, 5, 6, 7, 8, 9, 10, 11, 12, 13, 14, 15, 16, 17, 18, 19, 20, 21, 22, 23, 24, 25, 26, 27, 28, 29, 30, 31
Valid weekdays: Saturday, Sunday
When: 01:00:00
Current Time: 2007-01-06 00:30:00
Valid Interval: 23:00:00-02:00:00
Valid days of month: 1, 2, 3, 4, 5, 6, 7, 8, 9, 10, 11, 12, 13, 14, 15, 16, 17, 18, 19, 20, 21, 22, 23, 24, 25, 26, 27, 28, 29, 30, 31
Valid weekdays: Saturday, Sunday
When: 01:00:00
Current Time: 2007-01-06 02:30:00
Valid Interval: 23:00:00-02:00:00
Valid days of month: 1, 2, 3, 4, 5, 6, 7, 8, 9, 10, 11, 12, 13, 14, 15, 16, 17, 18, 19, 20, 21, 22, 23, 24, 25, 26, 27, 28, 29, 30, 31
Valid weekdays: Saturday, Sunday
When: 23:30:00
Current Time: 2007-01-01 12:00:00
Valid Interval: 23:00:00-02:00:00
Valid days of month: 1, 2, 3, 4, 5, 6, 7, 8, 9, 10, 11, 12, 13, 14, 15, 16, 17, 18, 19, 20, 21, 22, 23, 24, 25, 26, 27, 28, 29, 30, 31
Valid weekdays: Saturday, Sunday
When: 23:30:00
Current Time: 2007-01-05 23:30:00
Valid Interval: 23:00:00-02:00:00
Valid days of month: 1, 2, 3, 4, 5, 6, 7, 8, 9, 10, 11, 12, 13, 14, 15, 16, 17, 18, 19, 20, 21, 22, 23, 24, 25, 26, 27, 28, 29, 30, 31
Valid weekdays: Saturday, Sunday
When: 23:30:00
Current Time: 2007-01-06 23:00:00
Valid Interval: 23:00:00-02:00:00
Valid days of month: 1, 2, 3, 4, 5, 6, 7, 8, 9, 10, 11, 12, 13, 14, 15, 16, 17, 18, 19, 20, 21, 22, 23, 24, 25, 26, 27, 28, 29, 30, 31
Valid weekdays: Saturday, Sunday
When: 23:30:00
Current Time: 2007-01-06 02:00:00
Valid Interval: 23:00:00-02:00:00
Valid days of month: 1, 2, 3, 4, 5, 6, 7, 8, 9, 10, 11, 12, 13, 14, 15, 16, 17, 18, 19, 20, 21, 22, 23, 24, 25, 26, 27, 28, 29, 30, 31
Valid weekdays: Saturday, Sunday
When: 23:30:00
Current Time: 2007-01-07 23:40:00
Valid Interval: 23:00:00-02:00:00
Valid days of month: 1, 2, 3, 4, 5, 6, 7, 8, 9, 10, 11, 12, 13, 14, 15, 16, 17, 18, 19, 20, 21, 22, 23, 24, 25, 26, 27, 28, 29, 30, 31
Valid weekdays: Saturday, Sunday
When: 23:30:00
Current Time: 2007-01-07 01:00:00
Valid Interval: 13:00:00-16:00:00
Valid days of month: 1, 2, 3, 4, 5, 6, 7, 8, 9, 10, 11, 12, 13, 14, 15, 16, 17, 18, 19, 20, 21, 22, 23, 24, 25, 26, 27, 28, 29, 30, 31
Valid weekdays: Saturday, Sunday
When: 14:00:00
Current Time: 2007-01-06 14:30:00
Valid Interval: 13:00:00-16:00:00
Valid days of month: 1, 2, 3, 4, 5, 6, 7, 8, 9, 10, 11, 12, 13, 14, 15, 16, 17, 18, 19, 20, 21, 22, 23, 24, 25, 26, 27, 28, 29, 30, 31
Valid weekdays: Saturday, Sunday
When: 14:00:00
Current Time: 2007-01-07 15:00:00
Valid Interval: 23:00:00-02:00:00
Valid days of month: 1, 2, 3, 4, 5, 6, 7, 8, 9, 10, 11, 12, 13, 14, 15, 16, 17, 18, 19, 20, 21, 22, 23, 24, 25, 26, 27, 28, 29, 30, 31
Valid weekdays: Saturday, Sunday
When: 01:00:00
Current Time: 2007-01-06 01:30:00
Valid Interval: 23:00:00-02:00:00
Valid days of month: 1, 2, 3, 4, 5, 6, 7, 8, 9, 10, 11, 12, 13, 14, 15, 16, 17, 18, 19, 20, 21, 22, 23, 24, 25, 26, 27, 28, 29, 30, 31
Valid weekdays: Saturday, Sunday
When: 01:00:00
Current Time: 2007-01-07 01:30:00
Valid Interval: 23:00:00-02:00:00
Valid days of month: 1, 2, 3, 4, 5, 6, 7, 8, 9, 10, 11, 12, 13, 14, 15, 16, 17, 18, 19, 20, 21, 22, 23, 24, 25, 26, 27, 28, 29, 30, 31
Valid weekdays: Saturday, Sunday
When: 23:30:00
Current Time: 2007-01-06 23:02:00
Valid Interval: 23:00:00-02:00:00
Valid days of month: 1, 2, 3, 4, 5, 6, 7, 8, 9, 10, 11, 12, 13, 14, 15, 16, 17, 18, 19, 20, 21, 22, 23, 24, 25, 26, 27, 28, 29, 30, 31
Valid weekdays: Saturday, Sunday
When: 23:30:00
Current Time: 2007-01-06 01:10:00
Valid Interval: 23:00:00-02:00:00
Valid days of month: 1, 2, 3, 4, 5, 6, 7, 8, 9, 10, 11, 12, 13, 14, 15, 16, 17, 18, 19, 20, 21, 22, 23, 24, 25, 26, 27, 28, 29, 30, 31
Valid weekdays: Saturday, Sunday
When: 23:30:00
Current Time: 2007-01-07 01:00:40
Valid Interval: 23:00:00-02:00:00
Valid days of month: 2
Valid weekdays: Saturday, Sunday
When: 23:30:00
Current Time: 2007-01-01 12:00:00
Valid Interval: 23:00:00-02:00:00
Valid days of month: 1, 2
Valid weekdays: Saturday, Sunday
When: 23:30:00
Current Time: 2007-01-05 23:30:00
Valid Interval: 23:00:00-02:00:00
Valid days of month: 1, 2
Valid weekdays: Saturday, Sunday
When: 23:30:00
Current Time: 2007-01-06 23:00:00</StdOut>
      </Output>
    </UnitTestResult>
    <UnitTestResult executionId="5654a934-16f5-4f16-884c-f5db97888817" testId="83a0d243-0426-47f1-96c5-5baab9d1a6fe" testName="GetNextTimeToTrigger_AbsoluteTimer_ReturnsCorrectTime (Data Row 41)" computerName="ICSWS068" duration="00:00:00.0044969" startTime="2016-08-04T07:57:22.7986968+02:00" endTime="2016-08-04T07:57:22.8032000+02:00" testType="13cdc9d9-ddb5-4fa4-a97d-d965ccfc6d4b" outcome="Passed" testListId="8c84fa94-04c1-424b-9868-57a2d4851a1d" relativeResultsDirectory="5654a934-16f5-4f16-884c-f5db97888817">
      <Output>
        <StdOut>TestContext Messages:
Valid Interval: 11:00:00-13:00:00
Valid days of month: 1, 2, 3, 4, 5, 6, 7, 8, 9, 10, 11, 12, 13, 14, 15, 16, 17, 18, 19, 20, 21, 22, 23, 24, 25, 26, 27, 28, 29, 30, 31
Valid weekdays: Monday, Tuesday, Wednesday, Thursday, Friday, Saturday, Sunday
When: 12:00:00
Current Time: 2011-01-01 00:00:00
Valid Interval: 11:00:00-13:00:00
Valid days of month: 1, 2, 3, 4, 5, 6, 7, 8, 9, 10, 11, 12, 13, 14, 15, 16, 17, 18, 19, 20, 21, 22, 23, 24, 25, 26, 27, 28, 29, 30, 31
Valid weekdays: Monday, Tuesday, Wednesday, Thursday, Friday, Saturday, Sunday
When: 12:00:00
Current Time: 2011-01-01 09:00:00
Valid Interval: 11:00:00-13:00:00
Valid days of month: 1, 2, 3, 4, 5, 6, 7, 8, 9, 10, 11, 12, 13, 14, 15, 16, 17, 18, 19, 20, 21, 22, 23, 24, 25, 26, 27, 28, 29, 30, 31
Valid weekdays: Monday, Tuesday, Wednesday, Thursday, Friday, Saturday, Sunday
When: 12:00:00
Current Time: 2011-01-01 11:00:00
Valid Interval: 11:00:00-13:00:00
Valid days of month: 1, 2, 3, 4, 5, 6, 7, 8, 9, 10, 11, 12, 13, 14, 15, 16, 17, 18, 19, 20, 21, 22, 23, 24, 25, 26, 27, 28, 29, 30, 31
Valid weekdays: Monday, Tuesday, Wednesday, Thursday, Friday, Saturday, Sunday
When: 12:00:00
Current Time: 2011-01-01 12:00:00
Valid Interval: 11:00:00-13:00:00
Valid days of month: 1, 2, 3, 4, 5, 6, 7, 8, 9, 10, 11, 12, 13, 14, 15, 16, 17, 18, 19, 20, 21, 22, 23, 24, 25, 26, 27, 28, 29, 30, 31
Valid weekdays: Monday, Tuesday, Wednesday, Thursday, Friday, Saturday, Sunday
When: 12:00:00
Current Time: 2011-01-01 12:30:00
Valid Interval: 11:00:00-13:00:00
Valid days of month: 1, 2, 3, 4, 5, 6, 7, 8, 9, 10, 11, 12, 13, 14, 15, 16, 17, 18, 19, 20, 21, 22, 23, 24, 25, 26, 27, 28, 29, 30, 31
Valid weekdays: Monday, Tuesday, Wednesday, Thursday, Friday, Saturday, Sunday
When: 12:00:00
Current Time: 2011-01-01 13:00:00
Valid Interval: 11:00:00-13:00:00
Valid days of month: 1, 2, 3, 4, 5, 6, 7, 8, 9, 10, 11, 12, 13, 14, 15, 16, 17, 18, 19, 20, 21, 22, 23, 24, 25, 26, 27, 28, 29, 30, 31
Valid weekdays: Monday, Tuesday, Wednesday, Thursday, Friday, Saturday, Sunday
When: 12:00:00
Current Time: 2011-01-02 00:00:00
Valid Interval: 11:00:00-13:00:00
Valid days of month: 1, 2, 3, 4, 5, 6, 7, 8, 9, 10, 11, 12, 13, 14, 15, 16, 17, 18, 19, 20, 21, 22, 23, 24, 25, 26, 27, 28, 29, 30, 31
Valid weekdays: Monday, Tuesday, Wednesday, Thursday, Friday, Saturday, Sunday
When: 12:00:00
Current Time: 2011-01-02 09:00:00
Valid Interval: 11:00:00-13:00:00
Valid days of month: 1, 2, 3, 4, 5, 6, 7, 8, 9, 10, 11, 12, 13, 14, 15, 16, 17, 18, 19, 20, 21, 22, 23, 24, 25, 26, 27, 28, 29, 30, 31
Valid weekdays: Monday, Tuesday, Wednesday, Thursday, Friday, Saturday, Sunday
When: 12:00:00
Current Time: 2011-01-02 12:00:00
Valid Interval: 11:00:00-13:00:00
Valid days of month: 1, 2, 3, 4, 5, 6, 7, 8, 9, 10, 11, 12, 13, 14, 15, 16, 17, 18, 19, 20, 21, 22, 23, 24, 25, 26, 27, 28, 29, 30, 31
Valid weekdays: Monday, Tuesday, Wednesday, Thursday, Friday, Saturday, Sunday
When: 12:00:00
Current Time: 2011-01-02 12:45:30
Valid Interval: 11:00:00-13:00:00
Valid days of month: 1, 2, 3, 4, 5, 6, 7, 8, 9, 10, 11, 12, 13, 14, 15, 16, 17, 18, 19, 20, 21, 22, 23, 24, 25, 26, 27, 28, 29, 30, 31
Valid weekdays: Monday, Tuesday, Wednesday, Thursday, Friday, Saturday, Sunday
When: 12:00:00
Current Time: 2011-01-02 13:00:00
Valid Interval: 11:00:00-13:00:00
Valid days of month: 1, 2, 3, 4, 5, 6, 7, 8, 9, 10, 11, 12, 13, 14, 15, 16, 17, 18, 19, 20, 21, 22, 23, 24, 25, 26, 27, 28, 29, 30, 31
Valid weekdays: Monday, Tuesday, Wednesday, Thursday, Friday, Saturday, Sunday
When: 12:00:00
Current Time: 2011-01-01 12:00:00
Valid Interval: 11:00:00-13:00:00
Valid days of month: 1, 2, 3, 4, 5, 6, 7, 8, 9, 10, 11, 12, 13, 14, 15, 16, 17, 18, 19, 20, 21, 22, 23, 24, 25, 26, 27, 28, 29, 30, 31
Valid weekdays: Monday, Tuesday, Wednesday, Thursday, Friday, Saturday, Sunday
When: 12:00:00
Current Time: 2011-01-01 12:30:00
Valid Interval: 11:00:00-13:00:00
Valid days of month: 1, 2, 3, 4, 5, 6, 7, 8, 9, 10, 11, 12, 13, 14, 15, 16, 17, 18, 19, 20, 21, 22, 23, 24, 25, 26, 27, 28, 29, 30, 31
Valid weekdays: Monday, Tuesday, Wednesday, Thursday, Friday, Saturday, Sunday
When: 12:00:00
Current Time: 2011-01-01 12:30:00
Valid Interval: 11:00:00-13:00:00
Valid days of month: 1, 2, 3, 4, 5, 6, 7, 8, 9, 10, 11, 12, 13, 14, 15, 16, 17, 18, 19, 20, 21, 22, 23, 24, 25, 26, 27, 28, 29, 30, 31
Valid weekdays: Monday, Tuesday, Wednesday, Thursday, Friday, Saturday, Sunday
When: 12:00:00
Current Time: 2011-01-01 13:00:00
Valid Interval: 11:00:00-13:00:00
Valid days of month: 1, 2, 3, 4, 5, 6, 7, 8, 9, 10, 11, 12, 13, 14, 15, 16, 17, 18, 19, 20, 21, 22, 23, 24, 25, 26, 27, 28, 29, 30, 31
Valid weekdays: Monday, Tuesday, Wednesday, Thursday, Friday, Saturday, Sunday
When: 12:00:00
Current Time: 2011-01-01 14:30:00
Valid Interval: 23:00:00-13:00:00
Valid days of month: 1, 2, 3, 4, 5, 6, 7, 8, 9, 10, 11, 12, 13, 14, 15, 16, 17, 18, 19, 20, 21, 22, 23, 24, 25, 26, 27, 28, 29, 30, 31
Valid weekdays: Monday, Tuesday, Wednesday, Thursday, Friday, Saturday, Sunday
When: 23:30:00
Current Time: 2011-01-01 16:00:00
Valid Interval: 23:00:00-13:00:00
Valid days of month: 1, 2, 3, 4, 5, 6, 7, 8, 9, 10, 11, 12, 13, 14, 15, 16, 17, 18, 19, 20, 21, 22, 23, 24, 25, 26, 27, 28, 29, 30, 31
Valid weekdays: Monday, Tuesday, Wednesday, Thursday, Friday, Saturday, Sunday
When: 23:30:00
Current Time: 2011-01-01 23:00:00
Valid Interval: 23:00:00-13:00:00
Valid days of month: 1, 2, 3, 4, 5, 6, 7, 8, 9, 10, 11, 12, 13, 14, 15, 16, 17, 18, 19, 20, 21, 22, 23, 24, 25, 26, 27, 28, 29, 30, 31
Valid weekdays: Monday, Tuesday, Wednesday, Thursday, Friday, Saturday, Sunday
When: 23:30:00
Current Time: 2011-01-01 23:30:00
Valid Interval: 23:00:00-13:00:00
Valid days of month: 1, 2, 3, 4, 5, 6, 7, 8, 9, 10, 11, 12, 13, 14, 15, 16, 17, 18, 19, 20, 21, 22, 23, 24, 25, 26, 27, 28, 29, 30, 31
Valid weekdays: Monday, Tuesday, Wednesday, Thursday, Friday, Saturday, Sunday
When: 23:30:00
Current Time: 2011-01-01 23:45:00
Valid Interval: 23:00:00-13:00:00
Valid days of month: 1, 2, 3, 4, 5, 6, 7, 8, 9, 10, 11, 12, 13, 14, 15, 16, 17, 18, 19, 20, 21, 22, 23, 24, 25, 26, 27, 28, 29, 30, 31
Valid weekdays: Monday, Tuesday, Wednesday, Thursday, Friday, Saturday, Sunday
When: 23:30:00
Current Time: 2011-01-02 00:30:00
Valid Interval: 23:00:00-13:00:00
Valid days of month: 1, 2, 3, 4, 5, 6, 7, 8, 9, 10, 11, 12, 13, 14, 15, 16, 17, 18, 19, 20, 21, 22, 23, 24, 25, 26, 27, 28, 29, 30, 31
Valid weekdays: Monday, Tuesday, Wednesday, Thursday, Friday, Saturday, Sunday
When: 23:30:00
Current Time: 2011-01-01 13:00:00
Valid Interval: 23:00:00-13:00:00
Valid days of month: 1, 2, 3, 4, 5, 6, 7, 8, 9, 10, 11, 12, 13, 14, 15, 16, 17, 18, 19, 20, 21, 22, 23, 24, 25, 26, 27, 28, 29, 30, 31
Valid weekdays: Monday, Tuesday, Wednesday, Thursday, Friday, Saturday, Sunday
When: 01:00:00
Current Time: 2011-01-01 16:00:00
Valid Interval: 23:00:00-13:00:00
Valid days of month: 1, 2, 3, 4, 5, 6, 7, 8, 9, 10, 11, 12, 13, 14, 15, 16, 17, 18, 19, 20, 21, 22, 23, 24, 25, 26, 27, 28, 29, 30, 31
Valid weekdays: Monday, Tuesday, Wednesday, Thursday, Friday, Saturday, Sunday
When: 01:00:00
Current Time: 2011-01-01 23:00:00
Valid Interval: 23:00:00-13:00:00
Valid days of month: 1, 2, 3, 4, 5, 6, 7, 8, 9, 10, 11, 12, 13, 14, 15, 16, 17, 18, 19, 20, 21, 22, 23, 24, 25, 26, 27, 28, 29, 30, 31
Valid weekdays: Monday, Tuesday, Wednesday, Thursday, Friday, Saturday, Sunday
When: 01:00:00
Current Time: 2011-01-01 23:30:00
Valid Interval: 23:00:00-13:00:00
Valid days of month: 1, 2, 3, 4, 5, 6, 7, 8, 9, 10, 11, 12, 13, 14, 15, 16, 17, 18, 19, 20, 21, 22, 23, 24, 25, 26, 27, 28, 29, 30, 31
Valid weekdays: Monday, Tuesday, Wednesday, Thursday, Friday, Saturday, Sunday
When: 01:00:00
Current Time: 2011-01-02 00:30:00
Valid Interval: 23:00:00-13:00:00
Valid days of month: 1, 2, 3, 4, 5, 6, 7, 8, 9, 10, 11, 12, 13, 14, 15, 16, 17, 18, 19, 20, 21, 22, 23, 24, 25, 26, 27, 28, 29, 30, 31
Valid weekdays: Monday, Tuesday, Wednesday, Thursday, Friday, Saturday, Sunday
When: 01:00:00
Current Time: 2011-01-01 02:00:00
Valid Interval: 23:00:00-13:00:00
Valid days of month: 1, 2, 3, 4, 5, 6, 7, 8, 9, 10, 11, 12, 13, 14, 15, 16, 17, 18, 19, 20, 21, 22, 23, 24, 25, 26, 27, 28, 29, 30, 31
Valid weekdays: Monday, Tuesday, Wednesday, Thursday, Friday, Saturday, Sunday
When: 01:00:00
Current Time: 2011-01-01 13:00:00
Valid Interval: 23:00:00-13:00:00
Valid days of month: 1, 2, 3, 4, 5, 6, 7, 8, 9, 10, 11, 12, 13, 14, 15, 16, 17, 18, 19, 20, 21, 22, 23, 24, 25, 26, 27, 28, 29, 30, 31
Valid weekdays: Monday, Tuesday, Wednesday, Thursday, Friday, Saturday, Sunday
When: 23:30:00
Current Time: 2011-01-01 16:00:00
Valid Interval: 23:00:00-13:00:00
Valid days of month: 1, 2, 3, 4, 5, 6, 7, 8, 9, 10, 11, 12, 13, 14, 15, 16, 17, 18, 19, 20, 21, 22, 23, 24, 25, 26, 27, 28, 29, 30, 31
Valid weekdays: Monday, Tuesday, Wednesday, Thursday, Friday, Saturday, Sunday
When: 23:30:00
Current Time: 2011-01-01 23:00:00
Valid Interval: 23:00:00-13:00:00
Valid days of month: 1, 2, 3, 4, 5, 6, 7, 8, 9, 10, 11, 12, 13, 14, 15, 16, 17, 18, 19, 20, 21, 22, 23, 24, 25, 26, 27, 28, 29, 30, 31
Valid weekdays: Monday, Tuesday, Wednesday, Thursday, Friday, Saturday, Sunday
When: 23:30:00
Current Time: 2011-01-01 23:30:00
Valid Interval: 23:00:00-13:00:00
Valid days of month: 1, 2, 3, 4, 5, 6, 7, 8, 9, 10, 11, 12, 13, 14, 15, 16, 17, 18, 19, 20, 21, 22, 23, 24, 25, 26, 27, 28, 29, 30, 31
Valid weekdays: Monday, Tuesday, Wednesday, Thursday, Friday, Saturday, Sunday
When: 23:30:00
Current Time: 2011-01-01 23:45:00
Valid Interval: 23:00:00-13:00:00
Valid days of month: 1, 2, 3, 4, 5, 6, 7, 8, 9, 10, 11, 12, 13, 14, 15, 16, 17, 18, 19, 20, 21, 22, 23, 24, 25, 26, 27, 28, 29, 30, 31
Valid weekdays: Monday, Tuesday, Wednesday, Thursday, Friday, Saturday, Sunday
When: 23:30:00
Current Time: 2011-01-02 00:30:00
Valid Interval: 23:00:00-13:00:00
Valid days of month: 1, 2, 3, 4, 5, 6, 7, 8, 9, 10, 11, 12, 13, 14, 15, 16, 17, 18, 19, 20, 21, 22, 23, 24, 25, 26, 27, 28, 29, 30, 31
Valid weekdays: Monday, Tuesday, Wednesday, Thursday, Friday, Saturday, Sunday
When: 23:30:00
Current Time: 2011-01-01 13:00:00
Valid Interval: 23:00:00-13:00:00
Valid days of month: 1, 2, 3, 4, 5, 6, 7, 8, 9, 10, 11, 12, 13, 14, 15, 16, 17, 18, 19, 20, 21, 22, 23, 24, 25, 26, 27, 28, 29, 30, 31
Valid weekdays: Monday, Tuesday, Wednesday, Thursday, Friday, Saturday, Sunday
When: 01:00:00
Current Time: 2011-01-01 16:00:00
Valid Interval: 23:00:00-13:00:00
Valid days of month: 1, 2, 3, 4, 5, 6, 7, 8, 9, 10, 11, 12, 13, 14, 15, 16, 17, 18, 19, 20, 21, 22, 23, 24, 25, 26, 27, 28, 29, 30, 31
Valid weekdays: Monday, Tuesday, Wednesday, Thursday, Friday, Saturday, Sunday
When: 01:00:00
Current Time: 2011-01-01 23:00:00
Valid Interval: 23:00:00-13:00:00
Valid days of month: 1, 2, 3, 4, 5, 6, 7, 8, 9, 10, 11, 12, 13, 14, 15, 16, 17, 18, 19, 20, 21, 22, 23, 24, 25, 26, 27, 28, 29, 30, 31
Valid weekdays: Monday, Tuesday, Wednesday, Thursday, Friday, Saturday, Sunday
When: 01:00:00
Current Time: 2011-01-01 23:30:00
Valid Interval: 23:00:00-13:00:00
Valid days of month: 1, 2, 3, 4, 5, 6, 7, 8, 9, 10, 11, 12, 13, 14, 15, 16, 17, 18, 19, 20, 21, 22, 23, 24, 25, 26, 27, 28, 29, 30, 31
Valid weekdays: Monday, Tuesday, Wednesday, Thursday, Friday, Saturday, Sunday
When: 01:00:00
Current Time: 2011-01-02 00:30:00
Valid Interval: 23:00:00-13:00:00
Valid days of month: 1, 2, 3, 4, 5, 6, 7, 8, 9, 10, 11, 12, 13, 14, 15, 16, 17, 18, 19, 20, 21, 22, 23, 24, 25, 26, 27, 28, 29, 30, 31
Valid weekdays: Monday, Tuesday, Wednesday, Thursday, Friday, Saturday, Sunday
When: 01:00:00
Current Time: 2011-01-02 02:00:00
Valid Interval: 23:00:00-13:00:00
Valid days of month: 1, 2, 3, 4, 5, 6, 7, 8, 9, 10, 11, 12, 13, 14, 15, 16, 17, 18, 19, 20, 21, 22, 23, 24, 25, 26, 27, 28, 29, 30, 31
Valid weekdays: Monday, Tuesday, Wednesday, Thursday, Friday, Saturday, Sunday
When: 01:00:00
Current Time: 2011-01-02 13:00:00
Valid Interval: 23:00:00-13:00:00
Valid days of month: 1, 2, 3, 4, 5, 6, 7, 8, 9, 10, 11, 12, 13, 14, 15, 16, 17, 18, 19, 20, 21, 22, 23, 24, 25, 26, 27, 28, 29, 30, 31
Valid weekdays: Monday, Tuesday, Wednesday, Thursday, Friday, Saturday, Sunday
When: 23:30:00
Current Time: 2011-01-01 23:30:05
Valid Interval: 23:00:00-13:00:00
Valid days of month: 1, 2, 3, 4, 5, 6, 7, 8, 9, 10, 11, 12, 13, 14, 15, 16, 17, 18, 19, 20, 21, 22, 23, 24, 25, 26, 27, 28, 29, 30, 31
Valid weekdays: Monday, Tuesday, Wednesday, Thursday, Friday, Saturday, Sunday
When: 23:30:00
Current Time: 2011-01-02 00:30:00
Valid Interval: 23:00:00-13:00:00
Valid days of month: 1, 2, 3, 4, 5, 6, 7, 8, 9, 10, 11, 12, 13, 14, 15, 16, 17, 18, 19, 20, 21, 22, 23, 24, 25, 26, 27, 28, 29, 30, 31
Valid weekdays: Monday, Tuesday, Wednesday, Thursday, Friday, Saturday, Sunday
When: 23:30:00
Current Time: 2011-01-02 13:00:00
Valid Interval: 23:00:00-13:00:00
Valid days of month: 1, 2, 3, 4, 5, 6, 7, 8, 9, 10, 11, 12, 13, 14, 15, 16, 17, 18, 19, 20, 21, 22, 23, 24, 25, 26, 27, 28, 29, 30, 31
Valid weekdays: Monday, Tuesday, Wednesday, Thursday, Friday, Saturday, Sunday
When: 01:00:00
Current Time: 2011-01-01 02:00:00
Valid Interval: 23:00:00-13:00:00
Valid days of month: 1, 2, 3, 4, 5, 6, 7, 8, 9, 10, 11, 12, 13, 14, 15, 16, 17, 18, 19, 20, 21, 22, 23, 24, 25, 26, 27, 28, 29, 30, 31
Valid weekdays: Monday, Tuesday, Wednesday, Thursday, Friday, Saturday, Sunday
When: 01:00:00
Current Time: 2011-01-02 02:00:00
Valid Interval: 13:00:00-16:00:00
Valid days of month: 1, 2, 3, 4, 5, 6, 7, 8, 9, 10, 11, 12, 13, 14, 15, 16, 17, 18, 19, 20, 21, 22, 23, 24, 25, 26, 27, 28, 29, 30, 31
Valid weekdays: Saturday, Sunday
When: 14:00:00
Current Time: 2007-01-01 12:00:00
Valid Interval: 13:00:00-16:00:00
Valid days of month: 1, 2, 3, 4, 5, 6, 7, 8, 9, 10, 11, 12, 13, 14, 15, 16, 17, 18, 19, 20, 21, 22, 23, 24, 25, 26, 27, 28, 29, 30, 31
Valid weekdays: Saturday, Sunday
When: 14:00:00
Current Time: 2007-01-02 13:30:00
Valid Interval: 13:00:00-16:00:00
Valid days of month: 1, 2, 3, 4, 5, 6, 7, 8, 9, 10, 11, 12, 13, 14, 15, 16, 17, 18, 19, 20, 21, 22, 23, 24, 25, 26, 27, 28, 29, 30, 31
Valid weekdays: Saturday, Sunday
When: 14:00:00
Current Time: 2007-01-06 13:30:00
Valid Interval: 13:00:00-16:00:00
Valid days of month: 1, 2, 3, 4, 5, 6, 7, 8, 9, 10, 11, 12, 13, 14, 15, 16, 17, 18, 19, 20, 21, 22, 23, 24, 25, 26, 27, 28, 29, 30, 31
Valid weekdays: Saturday, Sunday
When: 14:00:00
Current Time: 2007-01-06 14:30:00
Valid Interval: 13:00:00-16:00:00
Valid days of month: 1, 2, 3, 4, 5, 6, 7, 8, 9, 10, 11, 12, 13, 14, 15, 16, 17, 18, 19, 20, 21, 22, 23, 24, 25, 26, 27, 28, 29, 30, 31
Valid weekdays: Saturday, Sunday
When: 14:00:00
Current Time: 2007-01-06 16:30:00
Valid Interval: 13:00:00-16:00:00
Valid days of month: 1, 2, 3, 4, 5, 6, 7, 8, 9, 10, 11, 12, 13, 14, 15, 16, 17, 18, 19, 20, 21, 22, 23, 24, 25, 26, 27, 28, 29, 30, 31
Valid weekdays: Saturday, Sunday
When: 14:00:00
Current Time: 2007-01-07 16:00:00
Valid Interval: 23:00:00-02:00:00
Valid days of month: 1, 2, 3, 4, 5, 6, 7, 8, 9, 10, 11, 12, 13, 14, 15, 16, 17, 18, 19, 20, 21, 22, 23, 24, 25, 26, 27, 28, 29, 30, 31
Valid weekdays: Saturday, Sunday
When: 01:00:00
Current Time: 2007-01-01 12:00:00
Valid Interval: 23:00:00-02:00:00
Valid days of month: 1, 2, 3, 4, 5, 6, 7, 8, 9, 10, 11, 12, 13, 14, 15, 16, 17, 18, 19, 20, 21, 22, 23, 24, 25, 26, 27, 28, 29, 30, 31
Valid weekdays: Saturday, Sunday
When: 01:00:00
Current Time: 2007-01-02 01:00:00
Valid Interval: 23:00:00-02:00:00
Valid days of month: 1, 2, 3, 4, 5, 6, 7, 8, 9, 10, 11, 12, 13, 14, 15, 16, 17, 18, 19, 20, 21, 22, 23, 24, 25, 26, 27, 28, 29, 30, 31
Valid weekdays: Saturday, Sunday
When: 01:00:00
Current Time: 2007-01-06 00:30:00
Valid Interval: 23:00:00-02:00:00
Valid days of month: 1, 2, 3, 4, 5, 6, 7, 8, 9, 10, 11, 12, 13, 14, 15, 16, 17, 18, 19, 20, 21, 22, 23, 24, 25, 26, 27, 28, 29, 30, 31
Valid weekdays: Saturday, Sunday
When: 01:00:00
Current Time: 2007-01-06 01:30:00
Valid Interval: 23:00:00-02:00:00
Valid days of month: 1, 2, 3, 4, 5, 6, 7, 8, 9, 10, 11, 12, 13, 14, 15, 16, 17, 18, 19, 20, 21, 22, 23, 24, 25, 26, 27, 28, 29, 30, 31
Valid weekdays: Saturday, Sunday
When: 01:00:00
Current Time: 2007-01-06 02:30:00
Valid Interval: 23:00:00-02:00:00
Valid days of month: 1, 2, 3, 4, 5, 6, 7, 8, 9, 10, 11, 12, 13, 14, 15, 16, 17, 18, 19, 20, 21, 22, 23, 24, 25, 26, 27, 28, 29, 30, 31
Valid weekdays: Saturday, Sunday
When: 01:00:00
Current Time: 2007-01-07 02:00:00
Valid Interval: 23:00:00-02:00:00
Valid days of month: 1, 2, 3, 4, 5, 6, 7, 8, 9, 10, 11, 12, 13, 14, 15, 16, 17, 18, 19, 20, 21, 22, 23, 24, 25, 26, 27, 28, 29, 30, 31
Valid weekdays: Saturday, Sunday
When: 23:30:00
Current Time: 2007-01-01 12:00:00
Valid Interval: 23:00:00-02:00:00
Valid days of month: 1, 2, 3, 4, 5, 6, 7, 8, 9, 10, 11, 12, 13, 14, 15, 16, 17, 18, 19, 20, 21, 22, 23, 24, 25, 26, 27, 28, 29, 30, 31
Valid weekdays: Saturday, Sunday
When: 23:30:00
Current Time: 2007-01-05 23:30:00
Valid Interval: 23:00:00-02:00:00
Valid days of month: 1, 2, 3, 4, 5, 6, 7, 8, 9, 10, 11, 12, 13, 14, 15, 16, 17, 18, 19, 20, 21, 22, 23, 24, 25, 26, 27, 28, 29, 30, 31
Valid weekdays: Saturday, Sunday
When: 23:30:00
Current Time: 2007-01-06 23:00:00
Valid Interval: 23:00:00-02:00:00
Valid days of month: 1, 2, 3, 4, 5, 6, 7, 8, 9, 10, 11, 12, 13, 14, 15, 16, 17, 18, 19, 20, 21, 22, 23, 24, 25, 26, 27, 28, 29, 30, 31
Valid weekdays: Saturday, Sunday
When: 23:30:00
Current Time: 2007-01-06 02:00:00
Valid Interval: 23:00:00-02:00:00
Valid days of month: 1, 2, 3, 4, 5, 6, 7, 8, 9, 10, 11, 12, 13, 14, 15, 16, 17, 18, 19, 20, 21, 22, 23, 24, 25, 26, 27, 28, 29, 30, 31
Valid weekdays: Saturday, Sunday
When: 23:30:00
Current Time: 2007-01-07 23:40:00
Valid Interval: 23:00:00-02:00:00
Valid days of month: 1, 2, 3, 4, 5, 6, 7, 8, 9, 10, 11, 12, 13, 14, 15, 16, 17, 18, 19, 20, 21, 22, 23, 24, 25, 26, 27, 28, 29, 30, 31
Valid weekdays: Saturday, Sunday
When: 23:30:00
Current Time: 2007-01-07 01:00:00
Valid Interval: 13:00:00-16:00:00
Valid days of month: 1, 2, 3, 4, 5, 6, 7, 8, 9, 10, 11, 12, 13, 14, 15, 16, 17, 18, 19, 20, 21, 22, 23, 24, 25, 26, 27, 28, 29, 30, 31
Valid weekdays: Saturday, Sunday
When: 14:00:00
Current Time: 2007-01-01 12:00:00
Valid Interval: 13:00:00-16:00:00
Valid days of month: 1, 2, 3, 4, 5, 6, 7, 8, 9, 10, 11, 12, 13, 14, 15, 16, 17, 18, 19, 20, 21, 22, 23, 24, 25, 26, 27, 28, 29, 30, 31
Valid weekdays: Saturday, Sunday
When: 14:00:00
Current Time: 2007-01-02 13:30:00
Valid Interval: 13:00:00-16:00:00
Valid days of month: 1, 2, 3, 4, 5, 6, 7, 8, 9, 10, 11, 12, 13, 14, 15, 16, 17, 18, 19, 20, 21, 22, 23, 24, 25, 26, 27, 28, 29, 30, 31
Valid weekdays: Saturday, Sunday
When: 14:00:00
Current Time: 2007-01-06 13:30:00
Valid Interval: 13:00:00-16:00:00
Valid days of month: 1, 2, 3, 4, 5, 6, 7, 8, 9, 10, 11, 12, 13, 14, 15, 16, 17, 18, 19, 20, 21, 22, 23, 24, 25, 26, 27, 28, 29, 30, 31
Valid weekdays: Saturday, Sunday
When: 14:00:00
Current Time: 2007-01-06 14:30:00
Valid Interval: 13:00:00-16:00:00
Valid days of month: 1, 2, 3, 4, 5, 6, 7, 8, 9, 10, 11, 12, 13, 14, 15, 16, 17, 18, 19, 20, 21, 22, 23, 24, 25, 26, 27, 28, 29, 30, 31
Valid weekdays: Saturday, Sunday
When: 14:00:00
Current Time: 2007-01-06 16:30:00
Valid Interval: 13:00:00-16:00:00
Valid days of month: 1, 2, 3, 4, 5, 6, 7, 8, 9, 10, 11, 12, 13, 14, 15, 16, 17, 18, 19, 20, 21, 22, 23, 24, 25, 26, 27, 28, 29, 30, 31
Valid weekdays: Saturday, Sunday
When: 14:00:00
Current Time: 2007-01-07 16:00:00
Valid Interval: 23:00:00-02:00:00
Valid days of month: 1, 2, 3, 4, 5, 6, 7, 8, 9, 10, 11, 12, 13, 14, 15, 16, 17, 18, 19, 20, 21, 22, 23, 24, 25, 26, 27, 28, 29, 30, 31
Valid weekdays: Saturday, Sunday
When: 01:00:00
Current Time: 2007-01-01 12:00:00
Valid Interval: 23:00:00-02:00:00
Valid days of month: 1, 2, 3, 4, 5, 6, 7, 8, 9, 10, 11, 12, 13, 14, 15, 16, 17, 18, 19, 20, 21, 22, 23, 24, 25, 26, 27, 28, 29, 30, 31
Valid weekdays: Saturday, Sunday
When: 01:00:00
Current Time: 2007-01-02 01:00:00
Valid Interval: 23:00:00-02:00:00
Valid days of month: 1, 2, 3, 4, 5, 6, 7, 8, 9, 10, 11, 12, 13, 14, 15, 16, 17, 18, 19, 20, 21, 22, 23, 24, 25, 26, 27, 28, 29, 30, 31
Valid weekdays: Saturday, Sunday
When: 01:00:00
Current Time: 2007-01-06 00:30:00
Valid Interval: 23:00:00-02:00:00
Valid days of month: 1, 2, 3, 4, 5, 6, 7, 8, 9, 10, 11, 12, 13, 14, 15, 16, 17, 18, 19, 20, 21, 22, 23, 24, 25, 26, 27, 28, 29, 30, 31
Valid weekdays: Saturday, Sunday
When: 01:00:00
Current Time: 2007-01-06 02:30:00
Valid Interval: 23:00:00-02:00:00
Valid days of month: 1, 2, 3, 4, 5, 6, 7, 8, 9, 10, 11, 12, 13, 14, 15, 16, 17, 18, 19, 20, 21, 22, 23, 24, 25, 26, 27, 28, 29, 30, 31
Valid weekdays: Saturday, Sunday
When: 23:30:00
Current Time: 2007-01-01 12:00:00
Valid Interval: 23:00:00-02:00:00
Valid days of month: 1, 2, 3, 4, 5, 6, 7, 8, 9, 10, 11, 12, 13, 14, 15, 16, 17, 18, 19, 20, 21, 22, 23, 24, 25, 26, 27, 28, 29, 30, 31
Valid weekdays: Saturday, Sunday
When: 23:30:00
Current Time: 2007-01-05 23:30:00
Valid Interval: 23:00:00-02:00:00
Valid days of month: 1, 2, 3, 4, 5, 6, 7, 8, 9, 10, 11, 12, 13, 14, 15, 16, 17, 18, 19, 20, 21, 22, 23, 24, 25, 26, 27, 28, 29, 30, 31
Valid weekdays: Saturday, Sunday
When: 23:30:00
Current Time: 2007-01-06 23:00:00
Valid Interval: 23:00:00-02:00:00
Valid days of month: 1, 2, 3, 4, 5, 6, 7, 8, 9, 10, 11, 12, 13, 14, 15, 16, 17, 18, 19, 20, 21, 22, 23, 24, 25, 26, 27, 28, 29, 30, 31
Valid weekdays: Saturday, Sunday
When: 23:30:00
Current Time: 2007-01-06 02:00:00
Valid Interval: 23:00:00-02:00:00
Valid days of month: 1, 2, 3, 4, 5, 6, 7, 8, 9, 10, 11, 12, 13, 14, 15, 16, 17, 18, 19, 20, 21, 22, 23, 24, 25, 26, 27, 28, 29, 30, 31
Valid weekdays: Saturday, Sunday
When: 23:30:00
Current Time: 2007-01-07 23:40:00
Valid Interval: 23:00:00-02:00:00
Valid days of month: 1, 2, 3, 4, 5, 6, 7, 8, 9, 10, 11, 12, 13, 14, 15, 16, 17, 18, 19, 20, 21, 22, 23, 24, 25, 26, 27, 28, 29, 30, 31
Valid weekdays: Saturday, Sunday
When: 23:30:00
Current Time: 2007-01-07 01:00:00
Valid Interval: 13:00:00-16:00:00
Valid days of month: 1, 2, 3, 4, 5, 6, 7, 8, 9, 10, 11, 12, 13, 14, 15, 16, 17, 18, 19, 20, 21, 22, 23, 24, 25, 26, 27, 28, 29, 30, 31
Valid weekdays: Saturday, Sunday
When: 14:00:00
Current Time: 2007-01-06 14:30:00
Valid Interval: 13:00:00-16:00:00
Valid days of month: 1, 2, 3, 4, 5, 6, 7, 8, 9, 10, 11, 12, 13, 14, 15, 16, 17, 18, 19, 20, 21, 22, 23, 24, 25, 26, 27, 28, 29, 30, 31
Valid weekdays: Saturday, Sunday
When: 14:00:00
Current Time: 2007-01-07 15:00:00
Valid Interval: 23:00:00-02:00:00
Valid days of month: 1, 2, 3, 4, 5, 6, 7, 8, 9, 10, 11, 12, 13, 14, 15, 16, 17, 18, 19, 20, 21, 22, 23, 24, 25, 26, 27, 28, 29, 30, 31
Valid weekdays: Saturday, Sunday
When: 01:00:00
Current Time: 2007-01-06 01:30:00
Valid Interval: 23:00:00-02:00:00
Valid days of month: 1, 2, 3, 4, 5, 6, 7, 8, 9, 10, 11, 12, 13, 14, 15, 16, 17, 18, 19, 20, 21, 22, 23, 24, 25, 26, 27, 28, 29, 30, 31
Valid weekdays: Saturday, Sunday
When: 01:00:00
Current Time: 2007-01-07 01:30:00
Valid Interval: 23:00:00-02:00:00
Valid days of month: 1, 2, 3, 4, 5, 6, 7, 8, 9, 10, 11, 12, 13, 14, 15, 16, 17, 18, 19, 20, 21, 22, 23, 24, 25, 26, 27, 28, 29, 30, 31
Valid weekdays: Saturday, Sunday
When: 23:30:00
Current Time: 2007-01-06 23:02:00
Valid Interval: 23:00:00-02:00:00
Valid days of month: 1, 2, 3, 4, 5, 6, 7, 8, 9, 10, 11, 12, 13, 14, 15, 16, 17, 18, 19, 20, 21, 22, 23, 24, 25, 26, 27, 28, 29, 30, 31
Valid weekdays: Saturday, Sunday
When: 23:30:00
Current Time: 2007-01-06 01:10:00
Valid Interval: 23:00:00-02:00:00
Valid days of month: 1, 2, 3, 4, 5, 6, 7, 8, 9, 10, 11, 12, 13, 14, 15, 16, 17, 18, 19, 20, 21, 22, 23, 24, 25, 26, 27, 28, 29, 30, 31
Valid weekdays: Saturday, Sunday
When: 23:30:00
Current Time: 2007-01-07 01:00:40
Valid Interval: 23:00:00-02:00:00
Valid days of month: 2
Valid weekdays: Saturday, Sunday
When: 23:30:00
Current Time: 2007-01-01 12:00:00
Valid Interval: 23:00:00-02:00:00
Valid days of month: 1, 2
Valid weekdays: Saturday, Sunday
When: 23:30:00
Current Time: 2007-01-05 23:30:00
Valid Interval: 23:00:00-02:00:00
Valid days of month: 1, 2
Valid weekdays: Saturday, Sunday
When: 23:30:00
Current Time: 2007-01-06 23:00:00</StdOut>
      </Output>
    </UnitTestResult>
    <UnitTestResult executionId="9aeec79d-5027-4eef-9ffc-be5c04d99e3b" testId="fd887f65-4991-47c6-9711-5b33d2aab219" testName="GetNextTimeToTrigger_AbsoluteTimer_ReturnsCorrectTime (Data Row 42)" computerName="ICSWS068" duration="00:00:00.0038436" startTime="2016-08-04T07:57:22.8032000+02:00" endTime="2016-08-04T07:57:22.8072028+02:00" testType="13cdc9d9-ddb5-4fa4-a97d-d965ccfc6d4b" outcome="Passed" testListId="8c84fa94-04c1-424b-9868-57a2d4851a1d" relativeResultsDirectory="9aeec79d-5027-4eef-9ffc-be5c04d99e3b">
      <Output>
        <StdOut>TestContext Messages:
Valid Interval: 11:00:00-13:00:00
Valid days of month: 1, 2, 3, 4, 5, 6, 7, 8, 9, 10, 11, 12, 13, 14, 15, 16, 17, 18, 19, 20, 21, 22, 23, 24, 25, 26, 27, 28, 29, 30, 31
Valid weekdays: Monday, Tuesday, Wednesday, Thursday, Friday, Saturday, Sunday
When: 12:00:00
Current Time: 2011-01-01 00:00:00
Valid Interval: 11:00:00-13:00:00
Valid days of month: 1, 2, 3, 4, 5, 6, 7, 8, 9, 10, 11, 12, 13, 14, 15, 16, 17, 18, 19, 20, 21, 22, 23, 24, 25, 26, 27, 28, 29, 30, 31
Valid weekdays: Monday, Tuesday, Wednesday, Thursday, Friday, Saturday, Sunday
When: 12:00:00
Current Time: 2011-01-01 09:00:00
Valid Interval: 11:00:00-13:00:00
Valid days of month: 1, 2, 3, 4, 5, 6, 7, 8, 9, 10, 11, 12, 13, 14, 15, 16, 17, 18, 19, 20, 21, 22, 23, 24, 25, 26, 27, 28, 29, 30, 31
Valid weekdays: Monday, Tuesday, Wednesday, Thursday, Friday, Saturday, Sunday
When: 12:00:00
Current Time: 2011-01-01 11:00:00
Valid Interval: 11:00:00-13:00:00
Valid days of month: 1, 2, 3, 4, 5, 6, 7, 8, 9, 10, 11, 12, 13, 14, 15, 16, 17, 18, 19, 20, 21, 22, 23, 24, 25, 26, 27, 28, 29, 30, 31
Valid weekdays: Monday, Tuesday, Wednesday, Thursday, Friday, Saturday, Sunday
When: 12:00:00
Current Time: 2011-01-01 12:00:00
Valid Interval: 11:00:00-13:00:00
Valid days of month: 1, 2, 3, 4, 5, 6, 7, 8, 9, 10, 11, 12, 13, 14, 15, 16, 17, 18, 19, 20, 21, 22, 23, 24, 25, 26, 27, 28, 29, 30, 31
Valid weekdays: Monday, Tuesday, Wednesday, Thursday, Friday, Saturday, Sunday
When: 12:00:00
Current Time: 2011-01-01 12:30:00
Valid Interval: 11:00:00-13:00:00
Valid days of month: 1, 2, 3, 4, 5, 6, 7, 8, 9, 10, 11, 12, 13, 14, 15, 16, 17, 18, 19, 20, 21, 22, 23, 24, 25, 26, 27, 28, 29, 30, 31
Valid weekdays: Monday, Tuesday, Wednesday, Thursday, Friday, Saturday, Sunday
When: 12:00:00
Current Time: 2011-01-01 13:00:00
Valid Interval: 11:00:00-13:00:00
Valid days of month: 1, 2, 3, 4, 5, 6, 7, 8, 9, 10, 11, 12, 13, 14, 15, 16, 17, 18, 19, 20, 21, 22, 23, 24, 25, 26, 27, 28, 29, 30, 31
Valid weekdays: Monday, Tuesday, Wednesday, Thursday, Friday, Saturday, Sunday
When: 12:00:00
Current Time: 2011-01-02 00:00:00
Valid Interval: 11:00:00-13:00:00
Valid days of month: 1, 2, 3, 4, 5, 6, 7, 8, 9, 10, 11, 12, 13, 14, 15, 16, 17, 18, 19, 20, 21, 22, 23, 24, 25, 26, 27, 28, 29, 30, 31
Valid weekdays: Monday, Tuesday, Wednesday, Thursday, Friday, Saturday, Sunday
When: 12:00:00
Current Time: 2011-01-02 09:00:00
Valid Interval: 11:00:00-13:00:00
Valid days of month: 1, 2, 3, 4, 5, 6, 7, 8, 9, 10, 11, 12, 13, 14, 15, 16, 17, 18, 19, 20, 21, 22, 23, 24, 25, 26, 27, 28, 29, 30, 31
Valid weekdays: Monday, Tuesday, Wednesday, Thursday, Friday, Saturday, Sunday
When: 12:00:00
Current Time: 2011-01-02 12:00:00
Valid Interval: 11:00:00-13:00:00
Valid days of month: 1, 2, 3, 4, 5, 6, 7, 8, 9, 10, 11, 12, 13, 14, 15, 16, 17, 18, 19, 20, 21, 22, 23, 24, 25, 26, 27, 28, 29, 30, 31
Valid weekdays: Monday, Tuesday, Wednesday, Thursday, Friday, Saturday, Sunday
When: 12:00:00
Current Time: 2011-01-02 12:45:30
Valid Interval: 11:00:00-13:00:00
Valid days of month: 1, 2, 3, 4, 5, 6, 7, 8, 9, 10, 11, 12, 13, 14, 15, 16, 17, 18, 19, 20, 21, 22, 23, 24, 25, 26, 27, 28, 29, 30, 31
Valid weekdays: Monday, Tuesday, Wednesday, Thursday, Friday, Saturday, Sunday
When: 12:00:00
Current Time: 2011-01-02 13:00:00
Valid Interval: 11:00:00-13:00:00
Valid days of month: 1, 2, 3, 4, 5, 6, 7, 8, 9, 10, 11, 12, 13, 14, 15, 16, 17, 18, 19, 20, 21, 22, 23, 24, 25, 26, 27, 28, 29, 30, 31
Valid weekdays: Monday, Tuesday, Wednesday, Thursday, Friday, Saturday, Sunday
When: 12:00:00
Current Time: 2011-01-01 12:00:00
Valid Interval: 11:00:00-13:00:00
Valid days of month: 1, 2, 3, 4, 5, 6, 7, 8, 9, 10, 11, 12, 13, 14, 15, 16, 17, 18, 19, 20, 21, 22, 23, 24, 25, 26, 27, 28, 29, 30, 31
Valid weekdays: Monday, Tuesday, Wednesday, Thursday, Friday, Saturday, Sunday
When: 12:00:00
Current Time: 2011-01-01 12:30:00
Valid Interval: 11:00:00-13:00:00
Valid days of month: 1, 2, 3, 4, 5, 6, 7, 8, 9, 10, 11, 12, 13, 14, 15, 16, 17, 18, 19, 20, 21, 22, 23, 24, 25, 26, 27, 28, 29, 30, 31
Valid weekdays: Monday, Tuesday, Wednesday, Thursday, Friday, Saturday, Sunday
When: 12:00:00
Current Time: 2011-01-01 12:30:00
Valid Interval: 11:00:00-13:00:00
Valid days of month: 1, 2, 3, 4, 5, 6, 7, 8, 9, 10, 11, 12, 13, 14, 15, 16, 17, 18, 19, 20, 21, 22, 23, 24, 25, 26, 27, 28, 29, 30, 31
Valid weekdays: Monday, Tuesday, Wednesday, Thursday, Friday, Saturday, Sunday
When: 12:00:00
Current Time: 2011-01-01 13:00:00
Valid Interval: 11:00:00-13:00:00
Valid days of month: 1, 2, 3, 4, 5, 6, 7, 8, 9, 10, 11, 12, 13, 14, 15, 16, 17, 18, 19, 20, 21, 22, 23, 24, 25, 26, 27, 28, 29, 30, 31
Valid weekdays: Monday, Tuesday, Wednesday, Thursday, Friday, Saturday, Sunday
When: 12:00:00
Current Time: 2011-01-01 14:30:00
Valid Interval: 23:00:00-13:00:00
Valid days of month: 1, 2, 3, 4, 5, 6, 7, 8, 9, 10, 11, 12, 13, 14, 15, 16, 17, 18, 19, 20, 21, 22, 23, 24, 25, 26, 27, 28, 29, 30, 31
Valid weekdays: Monday, Tuesday, Wednesday, Thursday, Friday, Saturday, Sunday
When: 23:30:00
Current Time: 2011-01-01 16:00:00
Valid Interval: 23:00:00-13:00:00
Valid days of month: 1, 2, 3, 4, 5, 6, 7, 8, 9, 10, 11, 12, 13, 14, 15, 16, 17, 18, 19, 20, 21, 22, 23, 24, 25, 26, 27, 28, 29, 30, 31
Valid weekdays: Monday, Tuesday, Wednesday, Thursday, Friday, Saturday, Sunday
When: 23:30:00
Current Time: 2011-01-01 23:00:00
Valid Interval: 23:00:00-13:00:00
Valid days of month: 1, 2, 3, 4, 5, 6, 7, 8, 9, 10, 11, 12, 13, 14, 15, 16, 17, 18, 19, 20, 21, 22, 23, 24, 25, 26, 27, 28, 29, 30, 31
Valid weekdays: Monday, Tuesday, Wednesday, Thursday, Friday, Saturday, Sunday
When: 23:30:00
Current Time: 2011-01-01 23:30:00
Valid Interval: 23:00:00-13:00:00
Valid days of month: 1, 2, 3, 4, 5, 6, 7, 8, 9, 10, 11, 12, 13, 14, 15, 16, 17, 18, 19, 20, 21, 22, 23, 24, 25, 26, 27, 28, 29, 30, 31
Valid weekdays: Monday, Tuesday, Wednesday, Thursday, Friday, Saturday, Sunday
When: 23:30:00
Current Time: 2011-01-01 23:45:00
Valid Interval: 23:00:00-13:00:00
Valid days of month: 1, 2, 3, 4, 5, 6, 7, 8, 9, 10, 11, 12, 13, 14, 15, 16, 17, 18, 19, 20, 21, 22, 23, 24, 25, 26, 27, 28, 29, 30, 31
Valid weekdays: Monday, Tuesday, Wednesday, Thursday, Friday, Saturday, Sunday
When: 23:30:00
Current Time: 2011-01-02 00:30:00
Valid Interval: 23:00:00-13:00:00
Valid days of month: 1, 2, 3, 4, 5, 6, 7, 8, 9, 10, 11, 12, 13, 14, 15, 16, 17, 18, 19, 20, 21, 22, 23, 24, 25, 26, 27, 28, 29, 30, 31
Valid weekdays: Monday, Tuesday, Wednesday, Thursday, Friday, Saturday, Sunday
When: 23:30:00
Current Time: 2011-01-01 13:00:00
Valid Interval: 23:00:00-13:00:00
Valid days of month: 1, 2, 3, 4, 5, 6, 7, 8, 9, 10, 11, 12, 13, 14, 15, 16, 17, 18, 19, 20, 21, 22, 23, 24, 25, 26, 27, 28, 29, 30, 31
Valid weekdays: Monday, Tuesday, Wednesday, Thursday, Friday, Saturday, Sunday
When: 01:00:00
Current Time: 2011-01-01 16:00:00
Valid Interval: 23:00:00-13:00:00
Valid days of month: 1, 2, 3, 4, 5, 6, 7, 8, 9, 10, 11, 12, 13, 14, 15, 16, 17, 18, 19, 20, 21, 22, 23, 24, 25, 26, 27, 28, 29, 30, 31
Valid weekdays: Monday, Tuesday, Wednesday, Thursday, Friday, Saturday, Sunday
When: 01:00:00
Current Time: 2011-01-01 23:00:00
Valid Interval: 23:00:00-13:00:00
Valid days of month: 1, 2, 3, 4, 5, 6, 7, 8, 9, 10, 11, 12, 13, 14, 15, 16, 17, 18, 19, 20, 21, 22, 23, 24, 25, 26, 27, 28, 29, 30, 31
Valid weekdays: Monday, Tuesday, Wednesday, Thursday, Friday, Saturday, Sunday
When: 01:00:00
Current Time: 2011-01-01 23:30:00
Valid Interval: 23:00:00-13:00:00
Valid days of month: 1, 2, 3, 4, 5, 6, 7, 8, 9, 10, 11, 12, 13, 14, 15, 16, 17, 18, 19, 20, 21, 22, 23, 24, 25, 26, 27, 28, 29, 30, 31
Valid weekdays: Monday, Tuesday, Wednesday, Thursday, Friday, Saturday, Sunday
When: 01:00:00
Current Time: 2011-01-02 00:30:00
Valid Interval: 23:00:00-13:00:00
Valid days of month: 1, 2, 3, 4, 5, 6, 7, 8, 9, 10, 11, 12, 13, 14, 15, 16, 17, 18, 19, 20, 21, 22, 23, 24, 25, 26, 27, 28, 29, 30, 31
Valid weekdays: Monday, Tuesday, Wednesday, Thursday, Friday, Saturday, Sunday
When: 01:00:00
Current Time: 2011-01-01 02:00:00
Valid Interval: 23:00:00-13:00:00
Valid days of month: 1, 2, 3, 4, 5, 6, 7, 8, 9, 10, 11, 12, 13, 14, 15, 16, 17, 18, 19, 20, 21, 22, 23, 24, 25, 26, 27, 28, 29, 30, 31
Valid weekdays: Monday, Tuesday, Wednesday, Thursday, Friday, Saturday, Sunday
When: 01:00:00
Current Time: 2011-01-01 13:00:00
Valid Interval: 23:00:00-13:00:00
Valid days of month: 1, 2, 3, 4, 5, 6, 7, 8, 9, 10, 11, 12, 13, 14, 15, 16, 17, 18, 19, 20, 21, 22, 23, 24, 25, 26, 27, 28, 29, 30, 31
Valid weekdays: Monday, Tuesday, Wednesday, Thursday, Friday, Saturday, Sunday
When: 23:30:00
Current Time: 2011-01-01 16:00:00
Valid Interval: 23:00:00-13:00:00
Valid days of month: 1, 2, 3, 4, 5, 6, 7, 8, 9, 10, 11, 12, 13, 14, 15, 16, 17, 18, 19, 20, 21, 22, 23, 24, 25, 26, 27, 28, 29, 30, 31
Valid weekdays: Monday, Tuesday, Wednesday, Thursday, Friday, Saturday, Sunday
When: 23:30:00
Current Time: 2011-01-01 23:00:00
Valid Interval: 23:00:00-13:00:00
Valid days of month: 1, 2, 3, 4, 5, 6, 7, 8, 9, 10, 11, 12, 13, 14, 15, 16, 17, 18, 19, 20, 21, 22, 23, 24, 25, 26, 27, 28, 29, 30, 31
Valid weekdays: Monday, Tuesday, Wednesday, Thursday, Friday, Saturday, Sunday
When: 23:30:00
Current Time: 2011-01-01 23:30:00
Valid Interval: 23:00:00-13:00:00
Valid days of month: 1, 2, 3, 4, 5, 6, 7, 8, 9, 10, 11, 12, 13, 14, 15, 16, 17, 18, 19, 20, 21, 22, 23, 24, 25, 26, 27, 28, 29, 30, 31
Valid weekdays: Monday, Tuesday, Wednesday, Thursday, Friday, Saturday, Sunday
When: 23:30:00
Current Time: 2011-01-01 23:45:00
Valid Interval: 23:00:00-13:00:00
Valid days of month: 1, 2, 3, 4, 5, 6, 7, 8, 9, 10, 11, 12, 13, 14, 15, 16, 17, 18, 19, 20, 21, 22, 23, 24, 25, 26, 27, 28, 29, 30, 31
Valid weekdays: Monday, Tuesday, Wednesday, Thursday, Friday, Saturday, Sunday
When: 23:30:00
Current Time: 2011-01-02 00:30:00
Valid Interval: 23:00:00-13:00:00
Valid days of month: 1, 2, 3, 4, 5, 6, 7, 8, 9, 10, 11, 12, 13, 14, 15, 16, 17, 18, 19, 20, 21, 22, 23, 24, 25, 26, 27, 28, 29, 30, 31
Valid weekdays: Monday, Tuesday, Wednesday, Thursday, Friday, Saturday, Sunday
When: 23:30:00
Current Time: 2011-01-01 13:00:00
Valid Interval: 23:00:00-13:00:00
Valid days of month: 1, 2, 3, 4, 5, 6, 7, 8, 9, 10, 11, 12, 13, 14, 15, 16, 17, 18, 19, 20, 21, 22, 23, 24, 25, 26, 27, 28, 29, 30, 31
Valid weekdays: Monday, Tuesday, Wednesday, Thursday, Friday, Saturday, Sunday
When: 01:00:00
Current Time: 2011-01-01 16:00:00
Valid Interval: 23:00:00-13:00:00
Valid days of month: 1, 2, 3, 4, 5, 6, 7, 8, 9, 10, 11, 12, 13, 14, 15, 16, 17, 18, 19, 20, 21, 22, 23, 24, 25, 26, 27, 28, 29, 30, 31
Valid weekdays: Monday, Tuesday, Wednesday, Thursday, Friday, Saturday, Sunday
When: 01:00:00
Current Time: 2011-01-01 23:00:00
Valid Interval: 23:00:00-13:00:00
Valid days of month: 1, 2, 3, 4, 5, 6, 7, 8, 9, 10, 11, 12, 13, 14, 15, 16, 17, 18, 19, 20, 21, 22, 23, 24, 25, 26, 27, 28, 29, 30, 31
Valid weekdays: Monday, Tuesday, Wednesday, Thursday, Friday, Saturday, Sunday
When: 01:00:00
Current Time: 2011-01-01 23:30:00
Valid Interval: 23:00:00-13:00:00
Valid days of month: 1, 2, 3, 4, 5, 6, 7, 8, 9, 10, 11, 12, 13, 14, 15, 16, 17, 18, 19, 20, 21, 22, 23, 24, 25, 26, 27, 28, 29, 30, 31
Valid weekdays: Monday, Tuesday, Wednesday, Thursday, Friday, Saturday, Sunday
When: 01:00:00
Current Time: 2011-01-02 00:30:00
Valid Interval: 23:00:00-13:00:00
Valid days of month: 1, 2, 3, 4, 5, 6, 7, 8, 9, 10, 11, 12, 13, 14, 15, 16, 17, 18, 19, 20, 21, 22, 23, 24, 25, 26, 27, 28, 29, 30, 31
Valid weekdays: Monday, Tuesday, Wednesday, Thursday, Friday, Saturday, Sunday
When: 01:00:00
Current Time: 2011-01-02 02:00:00
Valid Interval: 23:00:00-13:00:00
Valid days of month: 1, 2, 3, 4, 5, 6, 7, 8, 9, 10, 11, 12, 13, 14, 15, 16, 17, 18, 19, 20, 21, 22, 23, 24, 25, 26, 27, 28, 29, 30, 31
Valid weekdays: Monday, Tuesday, Wednesday, Thursday, Friday, Saturday, Sunday
When: 01:00:00
Current Time: 2011-01-02 13:00:00
Valid Interval: 23:00:00-13:00:00
Valid days of month: 1, 2, 3, 4, 5, 6, 7, 8, 9, 10, 11, 12, 13, 14, 15, 16, 17, 18, 19, 20, 21, 22, 23, 24, 25, 26, 27, 28, 29, 30, 31
Valid weekdays: Monday, Tuesday, Wednesday, Thursday, Friday, Saturday, Sunday
When: 23:30:00
Current Time: 2011-01-01 23:30:05
Valid Interval: 23:00:00-13:00:00
Valid days of month: 1, 2, 3, 4, 5, 6, 7, 8, 9, 10, 11, 12, 13, 14, 15, 16, 17, 18, 19, 20, 21, 22, 23, 24, 25, 26, 27, 28, 29, 30, 31
Valid weekdays: Monday, Tuesday, Wednesday, Thursday, Friday, Saturday, Sunday
When: 23:30:00
Current Time: 2011-01-02 00:30:00
Valid Interval: 23:00:00-13:00:00
Valid days of month: 1, 2, 3, 4, 5, 6, 7, 8, 9, 10, 11, 12, 13, 14, 15, 16, 17, 18, 19, 20, 21, 22, 23, 24, 25, 26, 27, 28, 29, 30, 31
Valid weekdays: Monday, Tuesday, Wednesday, Thursday, Friday, Saturday, Sunday
When: 23:30:00
Current Time: 2011-01-02 13:00:00
Valid Interval: 23:00:00-13:00:00
Valid days of month: 1, 2, 3, 4, 5, 6, 7, 8, 9, 10, 11, 12, 13, 14, 15, 16, 17, 18, 19, 20, 21, 22, 23, 24, 25, 26, 27, 28, 29, 30, 31
Valid weekdays: Monday, Tuesday, Wednesday, Thursday, Friday, Saturday, Sunday
When: 01:00:00
Current Time: 2011-01-01 02:00:00
Valid Interval: 23:00:00-13:00:00
Valid days of month: 1, 2, 3, 4, 5, 6, 7, 8, 9, 10, 11, 12, 13, 14, 15, 16, 17, 18, 19, 20, 21, 22, 23, 24, 25, 26, 27, 28, 29, 30, 31
Valid weekdays: Monday, Tuesday, Wednesday, Thursday, Friday, Saturday, Sunday
When: 01:00:00
Current Time: 2011-01-02 02:00:00
Valid Interval: 13:00:00-16:00:00
Valid days of month: 1, 2, 3, 4, 5, 6, 7, 8, 9, 10, 11, 12, 13, 14, 15, 16, 17, 18, 19, 20, 21, 22, 23, 24, 25, 26, 27, 28, 29, 30, 31
Valid weekdays: Saturday, Sunday
When: 14:00:00
Current Time: 2007-01-01 12:00:00
Valid Interval: 13:00:00-16:00:00
Valid days of month: 1, 2, 3, 4, 5, 6, 7, 8, 9, 10, 11, 12, 13, 14, 15, 16, 17, 18, 19, 20, 21, 22, 23, 24, 25, 26, 27, 28, 29, 30, 31
Valid weekdays: Saturday, Sunday
When: 14:00:00
Current Time: 2007-01-02 13:30:00
Valid Interval: 13:00:00-16:00:00
Valid days of month: 1, 2, 3, 4, 5, 6, 7, 8, 9, 10, 11, 12, 13, 14, 15, 16, 17, 18, 19, 20, 21, 22, 23, 24, 25, 26, 27, 28, 29, 30, 31
Valid weekdays: Saturday, Sunday
When: 14:00:00
Current Time: 2007-01-06 13:30:00
Valid Interval: 13:00:00-16:00:00
Valid days of month: 1, 2, 3, 4, 5, 6, 7, 8, 9, 10, 11, 12, 13, 14, 15, 16, 17, 18, 19, 20, 21, 22, 23, 24, 25, 26, 27, 28, 29, 30, 31
Valid weekdays: Saturday, Sunday
When: 14:00:00
Current Time: 2007-01-06 14:30:00
Valid Interval: 13:00:00-16:00:00
Valid days of month: 1, 2, 3, 4, 5, 6, 7, 8, 9, 10, 11, 12, 13, 14, 15, 16, 17, 18, 19, 20, 21, 22, 23, 24, 25, 26, 27, 28, 29, 30, 31
Valid weekdays: Saturday, Sunday
When: 14:00:00
Current Time: 2007-01-06 16:30:00
Valid Interval: 13:00:00-16:00:00
Valid days of month: 1, 2, 3, 4, 5, 6, 7, 8, 9, 10, 11, 12, 13, 14, 15, 16, 17, 18, 19, 20, 21, 22, 23, 24, 25, 26, 27, 28, 29, 30, 31
Valid weekdays: Saturday, Sunday
When: 14:00:00
Current Time: 2007-01-07 16:00:00
Valid Interval: 23:00:00-02:00:00
Valid days of month: 1, 2, 3, 4, 5, 6, 7, 8, 9, 10, 11, 12, 13, 14, 15, 16, 17, 18, 19, 20, 21, 22, 23, 24, 25, 26, 27, 28, 29, 30, 31
Valid weekdays: Saturday, Sunday
When: 01:00:00
Current Time: 2007-01-01 12:00:00
Valid Interval: 23:00:00-02:00:00
Valid days of month: 1, 2, 3, 4, 5, 6, 7, 8, 9, 10, 11, 12, 13, 14, 15, 16, 17, 18, 19, 20, 21, 22, 23, 24, 25, 26, 27, 28, 29, 30, 31
Valid weekdays: Saturday, Sunday
When: 01:00:00
Current Time: 2007-01-02 01:00:00
Valid Interval: 23:00:00-02:00:00
Valid days of month: 1, 2, 3, 4, 5, 6, 7, 8, 9, 10, 11, 12, 13, 14, 15, 16, 17, 18, 19, 20, 21, 22, 23, 24, 25, 26, 27, 28, 29, 30, 31
Valid weekdays: Saturday, Sunday
When: 01:00:00
Current Time: 2007-01-06 00:30:00
Valid Interval: 23:00:00-02:00:00
Valid days of month: 1, 2, 3, 4, 5, 6, 7, 8, 9, 10, 11, 12, 13, 14, 15, 16, 17, 18, 19, 20, 21, 22, 23, 24, 25, 26, 27, 28, 29, 30, 31
Valid weekdays: Saturday, Sunday
When: 01:00:00
Current Time: 2007-01-06 01:30:00
Valid Interval: 23:00:00-02:00:00
Valid days of month: 1, 2, 3, 4, 5, 6, 7, 8, 9, 10, 11, 12, 13, 14, 15, 16, 17, 18, 19, 20, 21, 22, 23, 24, 25, 26, 27, 28, 29, 30, 31
Valid weekdays: Saturday, Sunday
When: 01:00:00
Current Time: 2007-01-06 02:30:00
Valid Interval: 23:00:00-02:00:00
Valid days of month: 1, 2, 3, 4, 5, 6, 7, 8, 9, 10, 11, 12, 13, 14, 15, 16, 17, 18, 19, 20, 21, 22, 23, 24, 25, 26, 27, 28, 29, 30, 31
Valid weekdays: Saturday, Sunday
When: 01:00:00
Current Time: 2007-01-07 02:00:00
Valid Interval: 23:00:00-02:00:00
Valid days of month: 1, 2, 3, 4, 5, 6, 7, 8, 9, 10, 11, 12, 13, 14, 15, 16, 17, 18, 19, 20, 21, 22, 23, 24, 25, 26, 27, 28, 29, 30, 31
Valid weekdays: Saturday, Sunday
When: 23:30:00
Current Time: 2007-01-01 12:00:00
Valid Interval: 23:00:00-02:00:00
Valid days of month: 1, 2, 3, 4, 5, 6, 7, 8, 9, 10, 11, 12, 13, 14, 15, 16, 17, 18, 19, 20, 21, 22, 23, 24, 25, 26, 27, 28, 29, 30, 31
Valid weekdays: Saturday, Sunday
When: 23:30:00
Current Time: 2007-01-05 23:30:00
Valid Interval: 23:00:00-02:00:00
Valid days of month: 1, 2, 3, 4, 5, 6, 7, 8, 9, 10, 11, 12, 13, 14, 15, 16, 17, 18, 19, 20, 21, 22, 23, 24, 25, 26, 27, 28, 29, 30, 31
Valid weekdays: Saturday, Sunday
When: 23:30:00
Current Time: 2007-01-06 23:00:00
Valid Interval: 23:00:00-02:00:00
Valid days of month: 1, 2, 3, 4, 5, 6, 7, 8, 9, 10, 11, 12, 13, 14, 15, 16, 17, 18, 19, 20, 21, 22, 23, 24, 25, 26, 27, 28, 29, 30, 31
Valid weekdays: Saturday, Sunday
When: 23:30:00
Current Time: 2007-01-06 02:00:00
Valid Interval: 23:00:00-02:00:00
Valid days of month: 1, 2, 3, 4, 5, 6, 7, 8, 9, 10, 11, 12, 13, 14, 15, 16, 17, 18, 19, 20, 21, 22, 23, 24, 25, 26, 27, 28, 29, 30, 31
Valid weekdays: Saturday, Sunday
When: 23:30:00
Current Time: 2007-01-07 23:40:00
Valid Interval: 23:00:00-02:00:00
Valid days of month: 1, 2, 3, 4, 5, 6, 7, 8, 9, 10, 11, 12, 13, 14, 15, 16, 17, 18, 19, 20, 21, 22, 23, 24, 25, 26, 27, 28, 29, 30, 31
Valid weekdays: Saturday, Sunday
When: 23:30:00
Current Time: 2007-01-07 01:00:00
Valid Interval: 13:00:00-16:00:00
Valid days of month: 1, 2, 3, 4, 5, 6, 7, 8, 9, 10, 11, 12, 13, 14, 15, 16, 17, 18, 19, 20, 21, 22, 23, 24, 25, 26, 27, 28, 29, 30, 31
Valid weekdays: Saturday, Sunday
When: 14:00:00
Current Time: 2007-01-01 12:00:00
Valid Interval: 13:00:00-16:00:00
Valid days of month: 1, 2, 3, 4, 5, 6, 7, 8, 9, 10, 11, 12, 13, 14, 15, 16, 17, 18, 19, 20, 21, 22, 23, 24, 25, 26, 27, 28, 29, 30, 31
Valid weekdays: Saturday, Sunday
When: 14:00:00
Current Time: 2007-01-02 13:30:00
Valid Interval: 13:00:00-16:00:00
Valid days of month: 1, 2, 3, 4, 5, 6, 7, 8, 9, 10, 11, 12, 13, 14, 15, 16, 17, 18, 19, 20, 21, 22, 23, 24, 25, 26, 27, 28, 29, 30, 31
Valid weekdays: Saturday, Sunday
When: 14:00:00
Current Time: 2007-01-06 13:30:00
Valid Interval: 13:00:00-16:00:00
Valid days of month: 1, 2, 3, 4, 5, 6, 7, 8, 9, 10, 11, 12, 13, 14, 15, 16, 17, 18, 19, 20, 21, 22, 23, 24, 25, 26, 27, 28, 29, 30, 31
Valid weekdays: Saturday, Sunday
When: 14:00:00
Current Time: 2007-01-06 14:30:00
Valid Interval: 13:00:00-16:00:00
Valid days of month: 1, 2, 3, 4, 5, 6, 7, 8, 9, 10, 11, 12, 13, 14, 15, 16, 17, 18, 19, 20, 21, 22, 23, 24, 25, 26, 27, 28, 29, 30, 31
Valid weekdays: Saturday, Sunday
When: 14:00:00
Current Time: 2007-01-06 16:30:00
Valid Interval: 13:00:00-16:00:00
Valid days of month: 1, 2, 3, 4, 5, 6, 7, 8, 9, 10, 11, 12, 13, 14, 15, 16, 17, 18, 19, 20, 21, 22, 23, 24, 25, 26, 27, 28, 29, 30, 31
Valid weekdays: Saturday, Sunday
When: 14:00:00
Current Time: 2007-01-07 16:00:00
Valid Interval: 23:00:00-02:00:00
Valid days of month: 1, 2, 3, 4, 5, 6, 7, 8, 9, 10, 11, 12, 13, 14, 15, 16, 17, 18, 19, 20, 21, 22, 23, 24, 25, 26, 27, 28, 29, 30, 31
Valid weekdays: Saturday, Sunday
When: 01:00:00
Current Time: 2007-01-01 12:00:00
Valid Interval: 23:00:00-02:00:00
Valid days of month: 1, 2, 3, 4, 5, 6, 7, 8, 9, 10, 11, 12, 13, 14, 15, 16, 17, 18, 19, 20, 21, 22, 23, 24, 25, 26, 27, 28, 29, 30, 31
Valid weekdays: Saturday, Sunday
When: 01:00:00
Current Time: 2007-01-02 01:00:00
Valid Interval: 23:00:00-02:00:00
Valid days of month: 1, 2, 3, 4, 5, 6, 7, 8, 9, 10, 11, 12, 13, 14, 15, 16, 17, 18, 19, 20, 21, 22, 23, 24, 25, 26, 27, 28, 29, 30, 31
Valid weekdays: Saturday, Sunday
When: 01:00:00
Current Time: 2007-01-06 00:30:00
Valid Interval: 23:00:00-02:00:00
Valid days of month: 1, 2, 3, 4, 5, 6, 7, 8, 9, 10, 11, 12, 13, 14, 15, 16, 17, 18, 19, 20, 21, 22, 23, 24, 25, 26, 27, 28, 29, 30, 31
Valid weekdays: Saturday, Sunday
When: 01:00:00
Current Time: 2007-01-06 02:30:00
Valid Interval: 23:00:00-02:00:00
Valid days of month: 1, 2, 3, 4, 5, 6, 7, 8, 9, 10, 11, 12, 13, 14, 15, 16, 17, 18, 19, 20, 21, 22, 23, 24, 25, 26, 27, 28, 29, 30, 31
Valid weekdays: Saturday, Sunday
When: 23:30:00
Current Time: 2007-01-01 12:00:00
Valid Interval: 23:00:00-02:00:00
Valid days of month: 1, 2, 3, 4, 5, 6, 7, 8, 9, 10, 11, 12, 13, 14, 15, 16, 17, 18, 19, 20, 21, 22, 23, 24, 25, 26, 27, 28, 29, 30, 31
Valid weekdays: Saturday, Sunday
When: 23:30:00
Current Time: 2007-01-05 23:30:00
Valid Interval: 23:00:00-02:00:00
Valid days of month: 1, 2, 3, 4, 5, 6, 7, 8, 9, 10, 11, 12, 13, 14, 15, 16, 17, 18, 19, 20, 21, 22, 23, 24, 25, 26, 27, 28, 29, 30, 31
Valid weekdays: Saturday, Sunday
When: 23:30:00
Current Time: 2007-01-06 23:00:00
Valid Interval: 23:00:00-02:00:00
Valid days of month: 1, 2, 3, 4, 5, 6, 7, 8, 9, 10, 11, 12, 13, 14, 15, 16, 17, 18, 19, 20, 21, 22, 23, 24, 25, 26, 27, 28, 29, 30, 31
Valid weekdays: Saturday, Sunday
When: 23:30:00
Current Time: 2007-01-06 02:00:00
Valid Interval: 23:00:00-02:00:00
Valid days of month: 1, 2, 3, 4, 5, 6, 7, 8, 9, 10, 11, 12, 13, 14, 15, 16, 17, 18, 19, 20, 21, 22, 23, 24, 25, 26, 27, 28, 29, 30, 31
Valid weekdays: Saturday, Sunday
When: 23:30:00
Current Time: 2007-01-07 23:40:00
Valid Interval: 23:00:00-02:00:00
Valid days of month: 1, 2, 3, 4, 5, 6, 7, 8, 9, 10, 11, 12, 13, 14, 15, 16, 17, 18, 19, 20, 21, 22, 23, 24, 25, 26, 27, 28, 29, 30, 31
Valid weekdays: Saturday, Sunday
When: 23:30:00
Current Time: 2007-01-07 01:00:00
Valid Interval: 13:00:00-16:00:00
Valid days of month: 1, 2, 3, 4, 5, 6, 7, 8, 9, 10, 11, 12, 13, 14, 15, 16, 17, 18, 19, 20, 21, 22, 23, 24, 25, 26, 27, 28, 29, 30, 31
Valid weekdays: Saturday, Sunday
When: 14:00:00
Current Time: 2007-01-06 14:30:00
Valid Interval: 13:00:00-16:00:00
Valid days of month: 1, 2, 3, 4, 5, 6, 7, 8, 9, 10, 11, 12, 13, 14, 15, 16, 17, 18, 19, 20, 21, 22, 23, 24, 25, 26, 27, 28, 29, 30, 31
Valid weekdays: Saturday, Sunday
When: 14:00:00
Current Time: 2007-01-07 15:00:00
Valid Interval: 23:00:00-02:00:00
Valid days of month: 1, 2, 3, 4, 5, 6, 7, 8, 9, 10, 11, 12, 13, 14, 15, 16, 17, 18, 19, 20, 21, 22, 23, 24, 25, 26, 27, 28, 29, 30, 31
Valid weekdays: Saturday, Sunday
When: 01:00:00
Current Time: 2007-01-06 01:30:00
Valid Interval: 23:00:00-02:00:00
Valid days of month: 1, 2, 3, 4, 5, 6, 7, 8, 9, 10, 11, 12, 13, 14, 15, 16, 17, 18, 19, 20, 21, 22, 23, 24, 25, 26, 27, 28, 29, 30, 31
Valid weekdays: Saturday, Sunday
When: 01:00:00
Current Time: 2007-01-07 01:30:00
Valid Interval: 23:00:00-02:00:00
Valid days of month: 1, 2, 3, 4, 5, 6, 7, 8, 9, 10, 11, 12, 13, 14, 15, 16, 17, 18, 19, 20, 21, 22, 23, 24, 25, 26, 27, 28, 29, 30, 31
Valid weekdays: Saturday, Sunday
When: 23:30:00
Current Time: 2007-01-06 23:02:00
Valid Interval: 23:00:00-02:00:00
Valid days of month: 1, 2, 3, 4, 5, 6, 7, 8, 9, 10, 11, 12, 13, 14, 15, 16, 17, 18, 19, 20, 21, 22, 23, 24, 25, 26, 27, 28, 29, 30, 31
Valid weekdays: Saturday, Sunday
When: 23:30:00
Current Time: 2007-01-06 01:10:00
Valid Interval: 23:00:00-02:00:00
Valid days of month: 1, 2, 3, 4, 5, 6, 7, 8, 9, 10, 11, 12, 13, 14, 15, 16, 17, 18, 19, 20, 21, 22, 23, 24, 25, 26, 27, 28, 29, 30, 31
Valid weekdays: Saturday, Sunday
When: 23:30:00
Current Time: 2007-01-07 01:00:40
Valid Interval: 23:00:00-02:00:00
Valid days of month: 2
Valid weekdays: Saturday, Sunday
When: 23:30:00
Current Time: 2007-01-01 12:00:00
Valid Interval: 23:00:00-02:00:00
Valid days of month: 1, 2
Valid weekdays: Saturday, Sunday
When: 23:30:00
Current Time: 2007-01-05 23:30:00
Valid Interval: 23:00:00-02:00:00
Valid days of month: 1, 2
Valid weekdays: Saturday, Sunday
When: 23:30:00
Current Time: 2007-01-06 23:00:00</StdOut>
      </Output>
    </UnitTestResult>
    <UnitTestResult executionId="4c5e46ed-2aa1-48aa-903c-776605b49f41" testId="8fda878d-a836-40de-b125-fd20a90a04d1" testName="GetNextTimeToTrigger_AbsoluteTimer_ReturnsCorrectTime (Data Row 43)" computerName="ICSWS068" duration="00:00:00.0035371" startTime="2016-08-04T07:57:22.8072028+02:00" endTime="2016-08-04T07:57:22.8107051+02:00" testType="13cdc9d9-ddb5-4fa4-a97d-d965ccfc6d4b" outcome="Passed" testListId="8c84fa94-04c1-424b-9868-57a2d4851a1d" relativeResultsDirectory="4c5e46ed-2aa1-48aa-903c-776605b49f41">
      <Output>
        <StdOut>TestContext Messages:
Valid Interval: 11:00:00-13:00:00
Valid days of month: 1, 2, 3, 4, 5, 6, 7, 8, 9, 10, 11, 12, 13, 14, 15, 16, 17, 18, 19, 20, 21, 22, 23, 24, 25, 26, 27, 28, 29, 30, 31
Valid weekdays: Monday, Tuesday, Wednesday, Thursday, Friday, Saturday, Sunday
When: 12:00:00
Current Time: 2011-01-01 00:00:00
Valid Interval: 11:00:00-13:00:00
Valid days of month: 1, 2, 3, 4, 5, 6, 7, 8, 9, 10, 11, 12, 13, 14, 15, 16, 17, 18, 19, 20, 21, 22, 23, 24, 25, 26, 27, 28, 29, 30, 31
Valid weekdays: Monday, Tuesday, Wednesday, Thursday, Friday, Saturday, Sunday
When: 12:00:00
Current Time: 2011-01-01 09:00:00
Valid Interval: 11:00:00-13:00:00
Valid days of month: 1, 2, 3, 4, 5, 6, 7, 8, 9, 10, 11, 12, 13, 14, 15, 16, 17, 18, 19, 20, 21, 22, 23, 24, 25, 26, 27, 28, 29, 30, 31
Valid weekdays: Monday, Tuesday, Wednesday, Thursday, Friday, Saturday, Sunday
When: 12:00:00
Current Time: 2011-01-01 11:00:00
Valid Interval: 11:00:00-13:00:00
Valid days of month: 1, 2, 3, 4, 5, 6, 7, 8, 9, 10, 11, 12, 13, 14, 15, 16, 17, 18, 19, 20, 21, 22, 23, 24, 25, 26, 27, 28, 29, 30, 31
Valid weekdays: Monday, Tuesday, Wednesday, Thursday, Friday, Saturday, Sunday
When: 12:00:00
Current Time: 2011-01-01 12:00:00
Valid Interval: 11:00:00-13:00:00
Valid days of month: 1, 2, 3, 4, 5, 6, 7, 8, 9, 10, 11, 12, 13, 14, 15, 16, 17, 18, 19, 20, 21, 22, 23, 24, 25, 26, 27, 28, 29, 30, 31
Valid weekdays: Monday, Tuesday, Wednesday, Thursday, Friday, Saturday, Sunday
When: 12:00:00
Current Time: 2011-01-01 12:30:00
Valid Interval: 11:00:00-13:00:00
Valid days of month: 1, 2, 3, 4, 5, 6, 7, 8, 9, 10, 11, 12, 13, 14, 15, 16, 17, 18, 19, 20, 21, 22, 23, 24, 25, 26, 27, 28, 29, 30, 31
Valid weekdays: Monday, Tuesday, Wednesday, Thursday, Friday, Saturday, Sunday
When: 12:00:00
Current Time: 2011-01-01 13:00:00
Valid Interval: 11:00:00-13:00:00
Valid days of month: 1, 2, 3, 4, 5, 6, 7, 8, 9, 10, 11, 12, 13, 14, 15, 16, 17, 18, 19, 20, 21, 22, 23, 24, 25, 26, 27, 28, 29, 30, 31
Valid weekdays: Monday, Tuesday, Wednesday, Thursday, Friday, Saturday, Sunday
When: 12:00:00
Current Time: 2011-01-02 00:00:00
Valid Interval: 11:00:00-13:00:00
Valid days of month: 1, 2, 3, 4, 5, 6, 7, 8, 9, 10, 11, 12, 13, 14, 15, 16, 17, 18, 19, 20, 21, 22, 23, 24, 25, 26, 27, 28, 29, 30, 31
Valid weekdays: Monday, Tuesday, Wednesday, Thursday, Friday, Saturday, Sunday
When: 12:00:00
Current Time: 2011-01-02 09:00:00
Valid Interval: 11:00:00-13:00:00
Valid days of month: 1, 2, 3, 4, 5, 6, 7, 8, 9, 10, 11, 12, 13, 14, 15, 16, 17, 18, 19, 20, 21, 22, 23, 24, 25, 26, 27, 28, 29, 30, 31
Valid weekdays: Monday, Tuesday, Wednesday, Thursday, Friday, Saturday, Sunday
When: 12:00:00
Current Time: 2011-01-02 12:00:00
Valid Interval: 11:00:00-13:00:00
Valid days of month: 1, 2, 3, 4, 5, 6, 7, 8, 9, 10, 11, 12, 13, 14, 15, 16, 17, 18, 19, 20, 21, 22, 23, 24, 25, 26, 27, 28, 29, 30, 31
Valid weekdays: Monday, Tuesday, Wednesday, Thursday, Friday, Saturday, Sunday
When: 12:00:00
Current Time: 2011-01-02 12:45:30
Valid Interval: 11:00:00-13:00:00
Valid days of month: 1, 2, 3, 4, 5, 6, 7, 8, 9, 10, 11, 12, 13, 14, 15, 16, 17, 18, 19, 20, 21, 22, 23, 24, 25, 26, 27, 28, 29, 30, 31
Valid weekdays: Monday, Tuesday, Wednesday, Thursday, Friday, Saturday, Sunday
When: 12:00:00
Current Time: 2011-01-02 13:00:00
Valid Interval: 11:00:00-13:00:00
Valid days of month: 1, 2, 3, 4, 5, 6, 7, 8, 9, 10, 11, 12, 13, 14, 15, 16, 17, 18, 19, 20, 21, 22, 23, 24, 25, 26, 27, 28, 29, 30, 31
Valid weekdays: Monday, Tuesday, Wednesday, Thursday, Friday, Saturday, Sunday
When: 12:00:00
Current Time: 2011-01-01 12:00:00
Valid Interval: 11:00:00-13:00:00
Valid days of month: 1, 2, 3, 4, 5, 6, 7, 8, 9, 10, 11, 12, 13, 14, 15, 16, 17, 18, 19, 20, 21, 22, 23, 24, 25, 26, 27, 28, 29, 30, 31
Valid weekdays: Monday, Tuesday, Wednesday, Thursday, Friday, Saturday, Sunday
When: 12:00:00
Current Time: 2011-01-01 12:30:00
Valid Interval: 11:00:00-13:00:00
Valid days of month: 1, 2, 3, 4, 5, 6, 7, 8, 9, 10, 11, 12, 13, 14, 15, 16, 17, 18, 19, 20, 21, 22, 23, 24, 25, 26, 27, 28, 29, 30, 31
Valid weekdays: Monday, Tuesday, Wednesday, Thursday, Friday, Saturday, Sunday
When: 12:00:00
Current Time: 2011-01-01 12:30:00
Valid Interval: 11:00:00-13:00:00
Valid days of month: 1, 2, 3, 4, 5, 6, 7, 8, 9, 10, 11, 12, 13, 14, 15, 16, 17, 18, 19, 20, 21, 22, 23, 24, 25, 26, 27, 28, 29, 30, 31
Valid weekdays: Monday, Tuesday, Wednesday, Thursday, Friday, Saturday, Sunday
When: 12:00:00
Current Time: 2011-01-01 13:00:00
Valid Interval: 11:00:00-13:00:00
Valid days of month: 1, 2, 3, 4, 5, 6, 7, 8, 9, 10, 11, 12, 13, 14, 15, 16, 17, 18, 19, 20, 21, 22, 23, 24, 25, 26, 27, 28, 29, 30, 31
Valid weekdays: Monday, Tuesday, Wednesday, Thursday, Friday, Saturday, Sunday
When: 12:00:00
Current Time: 2011-01-01 14:30:00
Valid Interval: 23:00:00-13:00:00
Valid days of month: 1, 2, 3, 4, 5, 6, 7, 8, 9, 10, 11, 12, 13, 14, 15, 16, 17, 18, 19, 20, 21, 22, 23, 24, 25, 26, 27, 28, 29, 30, 31
Valid weekdays: Monday, Tuesday, Wednesday, Thursday, Friday, Saturday, Sunday
When: 23:30:00
Current Time: 2011-01-01 16:00:00
Valid Interval: 23:00:00-13:00:00
Valid days of month: 1, 2, 3, 4, 5, 6, 7, 8, 9, 10, 11, 12, 13, 14, 15, 16, 17, 18, 19, 20, 21, 22, 23, 24, 25, 26, 27, 28, 29, 30, 31
Valid weekdays: Monday, Tuesday, Wednesday, Thursday, Friday, Saturday, Sunday
When: 23:30:00
Current Time: 2011-01-01 23:00:00
Valid Interval: 23:00:00-13:00:00
Valid days of month: 1, 2, 3, 4, 5, 6, 7, 8, 9, 10, 11, 12, 13, 14, 15, 16, 17, 18, 19, 20, 21, 22, 23, 24, 25, 26, 27, 28, 29, 30, 31
Valid weekdays: Monday, Tuesday, Wednesday, Thursday, Friday, Saturday, Sunday
When: 23:30:00
Current Time: 2011-01-01 23:30:00
Valid Interval: 23:00:00-13:00:00
Valid days of month: 1, 2, 3, 4, 5, 6, 7, 8, 9, 10, 11, 12, 13, 14, 15, 16, 17, 18, 19, 20, 21, 22, 23, 24, 25, 26, 27, 28, 29, 30, 31
Valid weekdays: Monday, Tuesday, Wednesday, Thursday, Friday, Saturday, Sunday
When: 23:30:00
Current Time: 2011-01-01 23:45:00
Valid Interval: 23:00:00-13:00:00
Valid days of month: 1, 2, 3, 4, 5, 6, 7, 8, 9, 10, 11, 12, 13, 14, 15, 16, 17, 18, 19, 20, 21, 22, 23, 24, 25, 26, 27, 28, 29, 30, 31
Valid weekdays: Monday, Tuesday, Wednesday, Thursday, Friday, Saturday, Sunday
When: 23:30:00
Current Time: 2011-01-02 00:30:00
Valid Interval: 23:00:00-13:00:00
Valid days of month: 1, 2, 3, 4, 5, 6, 7, 8, 9, 10, 11, 12, 13, 14, 15, 16, 17, 18, 19, 20, 21, 22, 23, 24, 25, 26, 27, 28, 29, 30, 31
Valid weekdays: Monday, Tuesday, Wednesday, Thursday, Friday, Saturday, Sunday
When: 23:30:00
Current Time: 2011-01-01 13:00:00
Valid Interval: 23:00:00-13:00:00
Valid days of month: 1, 2, 3, 4, 5, 6, 7, 8, 9, 10, 11, 12, 13, 14, 15, 16, 17, 18, 19, 20, 21, 22, 23, 24, 25, 26, 27, 28, 29, 30, 31
Valid weekdays: Monday, Tuesday, Wednesday, Thursday, Friday, Saturday, Sunday
When: 01:00:00
Current Time: 2011-01-01 16:00:00
Valid Interval: 23:00:00-13:00:00
Valid days of month: 1, 2, 3, 4, 5, 6, 7, 8, 9, 10, 11, 12, 13, 14, 15, 16, 17, 18, 19, 20, 21, 22, 23, 24, 25, 26, 27, 28, 29, 30, 31
Valid weekdays: Monday, Tuesday, Wednesday, Thursday, Friday, Saturday, Sunday
When: 01:00:00
Current Time: 2011-01-01 23:00:00
Valid Interval: 23:00:00-13:00:00
Valid days of month: 1, 2, 3, 4, 5, 6, 7, 8, 9, 10, 11, 12, 13, 14, 15, 16, 17, 18, 19, 20, 21, 22, 23, 24, 25, 26, 27, 28, 29, 30, 31
Valid weekdays: Monday, Tuesday, Wednesday, Thursday, Friday, Saturday, Sunday
When: 01:00:00
Current Time: 2011-01-01 23:30:00
Valid Interval: 23:00:00-13:00:00
Valid days of month: 1, 2, 3, 4, 5, 6, 7, 8, 9, 10, 11, 12, 13, 14, 15, 16, 17, 18, 19, 20, 21, 22, 23, 24, 25, 26, 27, 28, 29, 30, 31
Valid weekdays: Monday, Tuesday, Wednesday, Thursday, Friday, Saturday, Sunday
When: 01:00:00
Current Time: 2011-01-02 00:30:00
Valid Interval: 23:00:00-13:00:00
Valid days of month: 1, 2, 3, 4, 5, 6, 7, 8, 9, 10, 11, 12, 13, 14, 15, 16, 17, 18, 19, 20, 21, 22, 23, 24, 25, 26, 27, 28, 29, 30, 31
Valid weekdays: Monday, Tuesday, Wednesday, Thursday, Friday, Saturday, Sunday
When: 01:00:00
Current Time: 2011-01-01 02:00:00
Valid Interval: 23:00:00-13:00:00
Valid days of month: 1, 2, 3, 4, 5, 6, 7, 8, 9, 10, 11, 12, 13, 14, 15, 16, 17, 18, 19, 20, 21, 22, 23, 24, 25, 26, 27, 28, 29, 30, 31
Valid weekdays: Monday, Tuesday, Wednesday, Thursday, Friday, Saturday, Sunday
When: 01:00:00
Current Time: 2011-01-01 13:00:00
Valid Interval: 23:00:00-13:00:00
Valid days of month: 1, 2, 3, 4, 5, 6, 7, 8, 9, 10, 11, 12, 13, 14, 15, 16, 17, 18, 19, 20, 21, 22, 23, 24, 25, 26, 27, 28, 29, 30, 31
Valid weekdays: Monday, Tuesday, Wednesday, Thursday, Friday, Saturday, Sunday
When: 23:30:00
Current Time: 2011-01-01 16:00:00
Valid Interval: 23:00:00-13:00:00
Valid days of month: 1, 2, 3, 4, 5, 6, 7, 8, 9, 10, 11, 12, 13, 14, 15, 16, 17, 18, 19, 20, 21, 22, 23, 24, 25, 26, 27, 28, 29, 30, 31
Valid weekdays: Monday, Tuesday, Wednesday, Thursday, Friday, Saturday, Sunday
When: 23:30:00
Current Time: 2011-01-01 23:00:00
Valid Interval: 23:00:00-13:00:00
Valid days of month: 1, 2, 3, 4, 5, 6, 7, 8, 9, 10, 11, 12, 13, 14, 15, 16, 17, 18, 19, 20, 21, 22, 23, 24, 25, 26, 27, 28, 29, 30, 31
Valid weekdays: Monday, Tuesday, Wednesday, Thursday, Friday, Saturday, Sunday
When: 23:30:00
Current Time: 2011-01-01 23:30:00
Valid Interval: 23:00:00-13:00:00
Valid days of month: 1, 2, 3, 4, 5, 6, 7, 8, 9, 10, 11, 12, 13, 14, 15, 16, 17, 18, 19, 20, 21, 22, 23, 24, 25, 26, 27, 28, 29, 30, 31
Valid weekdays: Monday, Tuesday, Wednesday, Thursday, Friday, Saturday, Sunday
When: 23:30:00
Current Time: 2011-01-01 23:45:00
Valid Interval: 23:00:00-13:00:00
Valid days of month: 1, 2, 3, 4, 5, 6, 7, 8, 9, 10, 11, 12, 13, 14, 15, 16, 17, 18, 19, 20, 21, 22, 23, 24, 25, 26, 27, 28, 29, 30, 31
Valid weekdays: Monday, Tuesday, Wednesday, Thursday, Friday, Saturday, Sunday
When: 23:30:00
Current Time: 2011-01-02 00:30:00
Valid Interval: 23:00:00-13:00:00
Valid days of month: 1, 2, 3, 4, 5, 6, 7, 8, 9, 10, 11, 12, 13, 14, 15, 16, 17, 18, 19, 20, 21, 22, 23, 24, 25, 26, 27, 28, 29, 30, 31
Valid weekdays: Monday, Tuesday, Wednesday, Thursday, Friday, Saturday, Sunday
When: 23:30:00
Current Time: 2011-01-01 13:00:00
Valid Interval: 23:00:00-13:00:00
Valid days of month: 1, 2, 3, 4, 5, 6, 7, 8, 9, 10, 11, 12, 13, 14, 15, 16, 17, 18, 19, 20, 21, 22, 23, 24, 25, 26, 27, 28, 29, 30, 31
Valid weekdays: Monday, Tuesday, Wednesday, Thursday, Friday, Saturday, Sunday
When: 01:00:00
Current Time: 2011-01-01 16:00:00
Valid Interval: 23:00:00-13:00:00
Valid days of month: 1, 2, 3, 4, 5, 6, 7, 8, 9, 10, 11, 12, 13, 14, 15, 16, 17, 18, 19, 20, 21, 22, 23, 24, 25, 26, 27, 28, 29, 30, 31
Valid weekdays: Monday, Tuesday, Wednesday, Thursday, Friday, Saturday, Sunday
When: 01:00:00
Current Time: 2011-01-01 23:00:00
Valid Interval: 23:00:00-13:00:00
Valid days of month: 1, 2, 3, 4, 5, 6, 7, 8, 9, 10, 11, 12, 13, 14, 15, 16, 17, 18, 19, 20, 21, 22, 23, 24, 25, 26, 27, 28, 29, 30, 31
Valid weekdays: Monday, Tuesday, Wednesday, Thursday, Friday, Saturday, Sunday
When: 01:00:00
Current Time: 2011-01-01 23:30:00
Valid Interval: 23:00:00-13:00:00
Valid days of month: 1, 2, 3, 4, 5, 6, 7, 8, 9, 10, 11, 12, 13, 14, 15, 16, 17, 18, 19, 20, 21, 22, 23, 24, 25, 26, 27, 28, 29, 30, 31
Valid weekdays: Monday, Tuesday, Wednesday, Thursday, Friday, Saturday, Sunday
When: 01:00:00
Current Time: 2011-01-02 00:30:00
Valid Interval: 23:00:00-13:00:00
Valid days of month: 1, 2, 3, 4, 5, 6, 7, 8, 9, 10, 11, 12, 13, 14, 15, 16, 17, 18, 19, 20, 21, 22, 23, 24, 25, 26, 27, 28, 29, 30, 31
Valid weekdays: Monday, Tuesday, Wednesday, Thursday, Friday, Saturday, Sunday
When: 01:00:00
Current Time: 2011-01-02 02:00:00
Valid Interval: 23:00:00-13:00:00
Valid days of month: 1, 2, 3, 4, 5, 6, 7, 8, 9, 10, 11, 12, 13, 14, 15, 16, 17, 18, 19, 20, 21, 22, 23, 24, 25, 26, 27, 28, 29, 30, 31
Valid weekdays: Monday, Tuesday, Wednesday, Thursday, Friday, Saturday, Sunday
When: 01:00:00
Current Time: 2011-01-02 13:00:00
Valid Interval: 23:00:00-13:00:00
Valid days of month: 1, 2, 3, 4, 5, 6, 7, 8, 9, 10, 11, 12, 13, 14, 15, 16, 17, 18, 19, 20, 21, 22, 23, 24, 25, 26, 27, 28, 29, 30, 31
Valid weekdays: Monday, Tuesday, Wednesday, Thursday, Friday, Saturday, Sunday
When: 23:30:00
Current Time: 2011-01-01 23:30:05
Valid Interval: 23:00:00-13:00:00
Valid days of month: 1, 2, 3, 4, 5, 6, 7, 8, 9, 10, 11, 12, 13, 14, 15, 16, 17, 18, 19, 20, 21, 22, 23, 24, 25, 26, 27, 28, 29, 30, 31
Valid weekdays: Monday, Tuesday, Wednesday, Thursday, Friday, Saturday, Sunday
When: 23:30:00
Current Time: 2011-01-02 00:30:00
Valid Interval: 23:00:00-13:00:00
Valid days of month: 1, 2, 3, 4, 5, 6, 7, 8, 9, 10, 11, 12, 13, 14, 15, 16, 17, 18, 19, 20, 21, 22, 23, 24, 25, 26, 27, 28, 29, 30, 31
Valid weekdays: Monday, Tuesday, Wednesday, Thursday, Friday, Saturday, Sunday
When: 23:30:00
Current Time: 2011-01-02 13:00:00
Valid Interval: 23:00:00-13:00:00
Valid days of month: 1, 2, 3, 4, 5, 6, 7, 8, 9, 10, 11, 12, 13, 14, 15, 16, 17, 18, 19, 20, 21, 22, 23, 24, 25, 26, 27, 28, 29, 30, 31
Valid weekdays: Monday, Tuesday, Wednesday, Thursday, Friday, Saturday, Sunday
When: 01:00:00
Current Time: 2011-01-01 02:00:00
Valid Interval: 23:00:00-13:00:00
Valid days of month: 1, 2, 3, 4, 5, 6, 7, 8, 9, 10, 11, 12, 13, 14, 15, 16, 17, 18, 19, 20, 21, 22, 23, 24, 25, 26, 27, 28, 29, 30, 31
Valid weekdays: Monday, Tuesday, Wednesday, Thursday, Friday, Saturday, Sunday
When: 01:00:00
Current Time: 2011-01-02 02:00:00
Valid Interval: 13:00:00-16:00:00
Valid days of month: 1, 2, 3, 4, 5, 6, 7, 8, 9, 10, 11, 12, 13, 14, 15, 16, 17, 18, 19, 20, 21, 22, 23, 24, 25, 26, 27, 28, 29, 30, 31
Valid weekdays: Saturday, Sunday
When: 14:00:00
Current Time: 2007-01-01 12:00:00
Valid Interval: 13:00:00-16:00:00
Valid days of month: 1, 2, 3, 4, 5, 6, 7, 8, 9, 10, 11, 12, 13, 14, 15, 16, 17, 18, 19, 20, 21, 22, 23, 24, 25, 26, 27, 28, 29, 30, 31
Valid weekdays: Saturday, Sunday
When: 14:00:00
Current Time: 2007-01-02 13:30:00
Valid Interval: 13:00:00-16:00:00
Valid days of month: 1, 2, 3, 4, 5, 6, 7, 8, 9, 10, 11, 12, 13, 14, 15, 16, 17, 18, 19, 20, 21, 22, 23, 24, 25, 26, 27, 28, 29, 30, 31
Valid weekdays: Saturday, Sunday
When: 14:00:00
Current Time: 2007-01-06 13:30:00
Valid Interval: 13:00:00-16:00:00
Valid days of month: 1, 2, 3, 4, 5, 6, 7, 8, 9, 10, 11, 12, 13, 14, 15, 16, 17, 18, 19, 20, 21, 22, 23, 24, 25, 26, 27, 28, 29, 30, 31
Valid weekdays: Saturday, Sunday
When: 14:00:00
Current Time: 2007-01-06 14:30:00
Valid Interval: 13:00:00-16:00:00
Valid days of month: 1, 2, 3, 4, 5, 6, 7, 8, 9, 10, 11, 12, 13, 14, 15, 16, 17, 18, 19, 20, 21, 22, 23, 24, 25, 26, 27, 28, 29, 30, 31
Valid weekdays: Saturday, Sunday
When: 14:00:00
Current Time: 2007-01-06 16:30:00
Valid Interval: 13:00:00-16:00:00
Valid days of month: 1, 2, 3, 4, 5, 6, 7, 8, 9, 10, 11, 12, 13, 14, 15, 16, 17, 18, 19, 20, 21, 22, 23, 24, 25, 26, 27, 28, 29, 30, 31
Valid weekdays: Saturday, Sunday
When: 14:00:00
Current Time: 2007-01-07 16:00:00
Valid Interval: 23:00:00-02:00:00
Valid days of month: 1, 2, 3, 4, 5, 6, 7, 8, 9, 10, 11, 12, 13, 14, 15, 16, 17, 18, 19, 20, 21, 22, 23, 24, 25, 26, 27, 28, 29, 30, 31
Valid weekdays: Saturday, Sunday
When: 01:00:00
Current Time: 2007-01-01 12:00:00
Valid Interval: 23:00:00-02:00:00
Valid days of month: 1, 2, 3, 4, 5, 6, 7, 8, 9, 10, 11, 12, 13, 14, 15, 16, 17, 18, 19, 20, 21, 22, 23, 24, 25, 26, 27, 28, 29, 30, 31
Valid weekdays: Saturday, Sunday
When: 01:00:00
Current Time: 2007-01-02 01:00:00
Valid Interval: 23:00:00-02:00:00
Valid days of month: 1, 2, 3, 4, 5, 6, 7, 8, 9, 10, 11, 12, 13, 14, 15, 16, 17, 18, 19, 20, 21, 22, 23, 24, 25, 26, 27, 28, 29, 30, 31
Valid weekdays: Saturday, Sunday
When: 01:00:00
Current Time: 2007-01-06 00:30:00
Valid Interval: 23:00:00-02:00:00
Valid days of month: 1, 2, 3, 4, 5, 6, 7, 8, 9, 10, 11, 12, 13, 14, 15, 16, 17, 18, 19, 20, 21, 22, 23, 24, 25, 26, 27, 28, 29, 30, 31
Valid weekdays: Saturday, Sunday
When: 01:00:00
Current Time: 2007-01-06 01:30:00
Valid Interval: 23:00:00-02:00:00
Valid days of month: 1, 2, 3, 4, 5, 6, 7, 8, 9, 10, 11, 12, 13, 14, 15, 16, 17, 18, 19, 20, 21, 22, 23, 24, 25, 26, 27, 28, 29, 30, 31
Valid weekdays: Saturday, Sunday
When: 01:00:00
Current Time: 2007-01-06 02:30:00
Valid Interval: 23:00:00-02:00:00
Valid days of month: 1, 2, 3, 4, 5, 6, 7, 8, 9, 10, 11, 12, 13, 14, 15, 16, 17, 18, 19, 20, 21, 22, 23, 24, 25, 26, 27, 28, 29, 30, 31
Valid weekdays: Saturday, Sunday
When: 01:00:00
Current Time: 2007-01-07 02:00:00
Valid Interval: 23:00:00-02:00:00
Valid days of month: 1, 2, 3, 4, 5, 6, 7, 8, 9, 10, 11, 12, 13, 14, 15, 16, 17, 18, 19, 20, 21, 22, 23, 24, 25, 26, 27, 28, 29, 30, 31
Valid weekdays: Saturday, Sunday
When: 23:30:00
Current Time: 2007-01-01 12:00:00
Valid Interval: 23:00:00-02:00:00
Valid days of month: 1, 2, 3, 4, 5, 6, 7, 8, 9, 10, 11, 12, 13, 14, 15, 16, 17, 18, 19, 20, 21, 22, 23, 24, 25, 26, 27, 28, 29, 30, 31
Valid weekdays: Saturday, Sunday
When: 23:30:00
Current Time: 2007-01-05 23:30:00
Valid Interval: 23:00:00-02:00:00
Valid days of month: 1, 2, 3, 4, 5, 6, 7, 8, 9, 10, 11, 12, 13, 14, 15, 16, 17, 18, 19, 20, 21, 22, 23, 24, 25, 26, 27, 28, 29, 30, 31
Valid weekdays: Saturday, Sunday
When: 23:30:00
Current Time: 2007-01-06 23:00:00
Valid Interval: 23:00:00-02:00:00
Valid days of month: 1, 2, 3, 4, 5, 6, 7, 8, 9, 10, 11, 12, 13, 14, 15, 16, 17, 18, 19, 20, 21, 22, 23, 24, 25, 26, 27, 28, 29, 30, 31
Valid weekdays: Saturday, Sunday
When: 23:30:00
Current Time: 2007-01-06 02:00:00
Valid Interval: 23:00:00-02:00:00
Valid days of month: 1, 2, 3, 4, 5, 6, 7, 8, 9, 10, 11, 12, 13, 14, 15, 16, 17, 18, 19, 20, 21, 22, 23, 24, 25, 26, 27, 28, 29, 30, 31
Valid weekdays: Saturday, Sunday
When: 23:30:00
Current Time: 2007-01-07 23:40:00
Valid Interval: 23:00:00-02:00:00
Valid days of month: 1, 2, 3, 4, 5, 6, 7, 8, 9, 10, 11, 12, 13, 14, 15, 16, 17, 18, 19, 20, 21, 22, 23, 24, 25, 26, 27, 28, 29, 30, 31
Valid weekdays: Saturday, Sunday
When: 23:30:00
Current Time: 2007-01-07 01:00:00
Valid Interval: 13:00:00-16:00:00
Valid days of month: 1, 2, 3, 4, 5, 6, 7, 8, 9, 10, 11, 12, 13, 14, 15, 16, 17, 18, 19, 20, 21, 22, 23, 24, 25, 26, 27, 28, 29, 30, 31
Valid weekdays: Saturday, Sunday
When: 14:00:00
Current Time: 2007-01-01 12:00:00
Valid Interval: 13:00:00-16:00:00
Valid days of month: 1, 2, 3, 4, 5, 6, 7, 8, 9, 10, 11, 12, 13, 14, 15, 16, 17, 18, 19, 20, 21, 22, 23, 24, 25, 26, 27, 28, 29, 30, 31
Valid weekdays: Saturday, Sunday
When: 14:00:00
Current Time: 2007-01-02 13:30:00
Valid Interval: 13:00:00-16:00:00
Valid days of month: 1, 2, 3, 4, 5, 6, 7, 8, 9, 10, 11, 12, 13, 14, 15, 16, 17, 18, 19, 20, 21, 22, 23, 24, 25, 26, 27, 28, 29, 30, 31
Valid weekdays: Saturday, Sunday
When: 14:00:00
Current Time: 2007-01-06 13:30:00
Valid Interval: 13:00:00-16:00:00
Valid days of month: 1, 2, 3, 4, 5, 6, 7, 8, 9, 10, 11, 12, 13, 14, 15, 16, 17, 18, 19, 20, 21, 22, 23, 24, 25, 26, 27, 28, 29, 30, 31
Valid weekdays: Saturday, Sunday
When: 14:00:00
Current Time: 2007-01-06 14:30:00
Valid Interval: 13:00:00-16:00:00
Valid days of month: 1, 2, 3, 4, 5, 6, 7, 8, 9, 10, 11, 12, 13, 14, 15, 16, 17, 18, 19, 20, 21, 22, 23, 24, 25, 26, 27, 28, 29, 30, 31
Valid weekdays: Saturday, Sunday
When: 14:00:00
Current Time: 2007-01-06 16:30:00
Valid Interval: 13:00:00-16:00:00
Valid days of month: 1, 2, 3, 4, 5, 6, 7, 8, 9, 10, 11, 12, 13, 14, 15, 16, 17, 18, 19, 20, 21, 22, 23, 24, 25, 26, 27, 28, 29, 30, 31
Valid weekdays: Saturday, Sunday
When: 14:00:00
Current Time: 2007-01-07 16:00:00
Valid Interval: 23:00:00-02:00:00
Valid days of month: 1, 2, 3, 4, 5, 6, 7, 8, 9, 10, 11, 12, 13, 14, 15, 16, 17, 18, 19, 20, 21, 22, 23, 24, 25, 26, 27, 28, 29, 30, 31
Valid weekdays: Saturday, Sunday
When: 01:00:00
Current Time: 2007-01-01 12:00:00
Valid Interval: 23:00:00-02:00:00
Valid days of month: 1, 2, 3, 4, 5, 6, 7, 8, 9, 10, 11, 12, 13, 14, 15, 16, 17, 18, 19, 20, 21, 22, 23, 24, 25, 26, 27, 28, 29, 30, 31
Valid weekdays: Saturday, Sunday
When: 01:00:00
Current Time: 2007-01-02 01:00:00
Valid Interval: 23:00:00-02:00:00
Valid days of month: 1, 2, 3, 4, 5, 6, 7, 8, 9, 10, 11, 12, 13, 14, 15, 16, 17, 18, 19, 20, 21, 22, 23, 24, 25, 26, 27, 28, 29, 30, 31
Valid weekdays: Saturday, Sunday
When: 01:00:00
Current Time: 2007-01-06 00:30:00
Valid Interval: 23:00:00-02:00:00
Valid days of month: 1, 2, 3, 4, 5, 6, 7, 8, 9, 10, 11, 12, 13, 14, 15, 16, 17, 18, 19, 20, 21, 22, 23, 24, 25, 26, 27, 28, 29, 30, 31
Valid weekdays: Saturday, Sunday
When: 01:00:00
Current Time: 2007-01-06 02:30:00
Valid Interval: 23:00:00-02:00:00
Valid days of month: 1, 2, 3, 4, 5, 6, 7, 8, 9, 10, 11, 12, 13, 14, 15, 16, 17, 18, 19, 20, 21, 22, 23, 24, 25, 26, 27, 28, 29, 30, 31
Valid weekdays: Saturday, Sunday
When: 23:30:00
Current Time: 2007-01-01 12:00:00
Valid Interval: 23:00:00-02:00:00
Valid days of month: 1, 2, 3, 4, 5, 6, 7, 8, 9, 10, 11, 12, 13, 14, 15, 16, 17, 18, 19, 20, 21, 22, 23, 24, 25, 26, 27, 28, 29, 30, 31
Valid weekdays: Saturday, Sunday
When: 23:30:00
Current Time: 2007-01-05 23:30:00
Valid Interval: 23:00:00-02:00:00
Valid days of month: 1, 2, 3, 4, 5, 6, 7, 8, 9, 10, 11, 12, 13, 14, 15, 16, 17, 18, 19, 20, 21, 22, 23, 24, 25, 26, 27, 28, 29, 30, 31
Valid weekdays: Saturday, Sunday
When: 23:30:00
Current Time: 2007-01-06 23:00:00
Valid Interval: 23:00:00-02:00:00
Valid days of month: 1, 2, 3, 4, 5, 6, 7, 8, 9, 10, 11, 12, 13, 14, 15, 16, 17, 18, 19, 20, 21, 22, 23, 24, 25, 26, 27, 28, 29, 30, 31
Valid weekdays: Saturday, Sunday
When: 23:30:00
Current Time: 2007-01-06 02:00:00
Valid Interval: 23:00:00-02:00:00
Valid days of month: 1, 2, 3, 4, 5, 6, 7, 8, 9, 10, 11, 12, 13, 14, 15, 16, 17, 18, 19, 20, 21, 22, 23, 24, 25, 26, 27, 28, 29, 30, 31
Valid weekdays: Saturday, Sunday
When: 23:30:00
Current Time: 2007-01-07 23:40:00
Valid Interval: 23:00:00-02:00:00
Valid days of month: 1, 2, 3, 4, 5, 6, 7, 8, 9, 10, 11, 12, 13, 14, 15, 16, 17, 18, 19, 20, 21, 22, 23, 24, 25, 26, 27, 28, 29, 30, 31
Valid weekdays: Saturday, Sunday
When: 23:30:00
Current Time: 2007-01-07 01:00:00
Valid Interval: 13:00:00-16:00:00
Valid days of month: 1, 2, 3, 4, 5, 6, 7, 8, 9, 10, 11, 12, 13, 14, 15, 16, 17, 18, 19, 20, 21, 22, 23, 24, 25, 26, 27, 28, 29, 30, 31
Valid weekdays: Saturday, Sunday
When: 14:00:00
Current Time: 2007-01-06 14:30:00
Valid Interval: 13:00:00-16:00:00
Valid days of month: 1, 2, 3, 4, 5, 6, 7, 8, 9, 10, 11, 12, 13, 14, 15, 16, 17, 18, 19, 20, 21, 22, 23, 24, 25, 26, 27, 28, 29, 30, 31
Valid weekdays: Saturday, Sunday
When: 14:00:00
Current Time: 2007-01-07 15:00:00
Valid Interval: 23:00:00-02:00:00
Valid days of month: 1, 2, 3, 4, 5, 6, 7, 8, 9, 10, 11, 12, 13, 14, 15, 16, 17, 18, 19, 20, 21, 22, 23, 24, 25, 26, 27, 28, 29, 30, 31
Valid weekdays: Saturday, Sunday
When: 01:00:00
Current Time: 2007-01-06 01:30:00
Valid Interval: 23:00:00-02:00:00
Valid days of month: 1, 2, 3, 4, 5, 6, 7, 8, 9, 10, 11, 12, 13, 14, 15, 16, 17, 18, 19, 20, 21, 22, 23, 24, 25, 26, 27, 28, 29, 30, 31
Valid weekdays: Saturday, Sunday
When: 01:00:00
Current Time: 2007-01-07 01:30:00
Valid Interval: 23:00:00-02:00:00
Valid days of month: 1, 2, 3, 4, 5, 6, 7, 8, 9, 10, 11, 12, 13, 14, 15, 16, 17, 18, 19, 20, 21, 22, 23, 24, 25, 26, 27, 28, 29, 30, 31
Valid weekdays: Saturday, Sunday
When: 23:30:00
Current Time: 2007-01-06 23:02:00
Valid Interval: 23:00:00-02:00:00
Valid days of month: 1, 2, 3, 4, 5, 6, 7, 8, 9, 10, 11, 12, 13, 14, 15, 16, 17, 18, 19, 20, 21, 22, 23, 24, 25, 26, 27, 28, 29, 30, 31
Valid weekdays: Saturday, Sunday
When: 23:30:00
Current Time: 2007-01-06 01:10:00
Valid Interval: 23:00:00-02:00:00
Valid days of month: 1, 2, 3, 4, 5, 6, 7, 8, 9, 10, 11, 12, 13, 14, 15, 16, 17, 18, 19, 20, 21, 22, 23, 24, 25, 26, 27, 28, 29, 30, 31
Valid weekdays: Saturday, Sunday
When: 23:30:00
Current Time: 2007-01-07 01:00:40
Valid Interval: 23:00:00-02:00:00
Valid days of month: 2
Valid weekdays: Saturday, Sunday
When: 23:30:00
Current Time: 2007-01-01 12:00:00
Valid Interval: 23:00:00-02:00:00
Valid days of month: 1, 2
Valid weekdays: Saturday, Sunday
When: 23:30:00
Current Time: 2007-01-05 23:30:00
Valid Interval: 23:00:00-02:00:00
Valid days of month: 1, 2
Valid weekdays: Saturday, Sunday
When: 23:30:00
Current Time: 2007-01-06 23:00:00</StdOut>
      </Output>
    </UnitTestResult>
    <UnitTestResult executionId="ee04bea0-e306-4336-b55c-ce929bbcdcf4" testId="b4866d79-da46-4218-aa4c-f72b7f79f00b" testName="GetNextTimeToTrigger_AbsoluteTimer_ReturnsCorrectTime (Data Row 44)" computerName="ICSWS068" duration="00:00:00.0035031" startTime="2016-08-04T07:57:22.8107051+02:00" endTime="2016-08-04T07:57:22.8142077+02:00" testType="13cdc9d9-ddb5-4fa4-a97d-d965ccfc6d4b" outcome="Passed" testListId="8c84fa94-04c1-424b-9868-57a2d4851a1d" relativeResultsDirectory="ee04bea0-e306-4336-b55c-ce929bbcdcf4">
      <Output>
        <StdOut>TestContext Messages:
Valid Interval: 11:00:00-13:00:00
Valid days of month: 1, 2, 3, 4, 5, 6, 7, 8, 9, 10, 11, 12, 13, 14, 15, 16, 17, 18, 19, 20, 21, 22, 23, 24, 25, 26, 27, 28, 29, 30, 31
Valid weekdays: Monday, Tuesday, Wednesday, Thursday, Friday, Saturday, Sunday
When: 12:00:00
Current Time: 2011-01-01 00:00:00
Valid Interval: 11:00:00-13:00:00
Valid days of month: 1, 2, 3, 4, 5, 6, 7, 8, 9, 10, 11, 12, 13, 14, 15, 16, 17, 18, 19, 20, 21, 22, 23, 24, 25, 26, 27, 28, 29, 30, 31
Valid weekdays: Monday, Tuesday, Wednesday, Thursday, Friday, Saturday, Sunday
When: 12:00:00
Current Time: 2011-01-01 09:00:00
Valid Interval: 11:00:00-13:00:00
Valid days of month: 1, 2, 3, 4, 5, 6, 7, 8, 9, 10, 11, 12, 13, 14, 15, 16, 17, 18, 19, 20, 21, 22, 23, 24, 25, 26, 27, 28, 29, 30, 31
Valid weekdays: Monday, Tuesday, Wednesday, Thursday, Friday, Saturday, Sunday
When: 12:00:00
Current Time: 2011-01-01 11:00:00
Valid Interval: 11:00:00-13:00:00
Valid days of month: 1, 2, 3, 4, 5, 6, 7, 8, 9, 10, 11, 12, 13, 14, 15, 16, 17, 18, 19, 20, 21, 22, 23, 24, 25, 26, 27, 28, 29, 30, 31
Valid weekdays: Monday, Tuesday, Wednesday, Thursday, Friday, Saturday, Sunday
When: 12:00:00
Current Time: 2011-01-01 12:00:00
Valid Interval: 11:00:00-13:00:00
Valid days of month: 1, 2, 3, 4, 5, 6, 7, 8, 9, 10, 11, 12, 13, 14, 15, 16, 17, 18, 19, 20, 21, 22, 23, 24, 25, 26, 27, 28, 29, 30, 31
Valid weekdays: Monday, Tuesday, Wednesday, Thursday, Friday, Saturday, Sunday
When: 12:00:00
Current Time: 2011-01-01 12:30:00
Valid Interval: 11:00:00-13:00:00
Valid days of month: 1, 2, 3, 4, 5, 6, 7, 8, 9, 10, 11, 12, 13, 14, 15, 16, 17, 18, 19, 20, 21, 22, 23, 24, 25, 26, 27, 28, 29, 30, 31
Valid weekdays: Monday, Tuesday, Wednesday, Thursday, Friday, Saturday, Sunday
When: 12:00:00
Current Time: 2011-01-01 13:00:00
Valid Interval: 11:00:00-13:00:00
Valid days of month: 1, 2, 3, 4, 5, 6, 7, 8, 9, 10, 11, 12, 13, 14, 15, 16, 17, 18, 19, 20, 21, 22, 23, 24, 25, 26, 27, 28, 29, 30, 31
Valid weekdays: Monday, Tuesday, Wednesday, Thursday, Friday, Saturday, Sunday
When: 12:00:00
Current Time: 2011-01-02 00:00:00
Valid Interval: 11:00:00-13:00:00
Valid days of month: 1, 2, 3, 4, 5, 6, 7, 8, 9, 10, 11, 12, 13, 14, 15, 16, 17, 18, 19, 20, 21, 22, 23, 24, 25, 26, 27, 28, 29, 30, 31
Valid weekdays: Monday, Tuesday, Wednesday, Thursday, Friday, Saturday, Sunday
When: 12:00:00
Current Time: 2011-01-02 09:00:00
Valid Interval: 11:00:00-13:00:00
Valid days of month: 1, 2, 3, 4, 5, 6, 7, 8, 9, 10, 11, 12, 13, 14, 15, 16, 17, 18, 19, 20, 21, 22, 23, 24, 25, 26, 27, 28, 29, 30, 31
Valid weekdays: Monday, Tuesday, Wednesday, Thursday, Friday, Saturday, Sunday
When: 12:00:00
Current Time: 2011-01-02 12:00:00
Valid Interval: 11:00:00-13:00:00
Valid days of month: 1, 2, 3, 4, 5, 6, 7, 8, 9, 10, 11, 12, 13, 14, 15, 16, 17, 18, 19, 20, 21, 22, 23, 24, 25, 26, 27, 28, 29, 30, 31
Valid weekdays: Monday, Tuesday, Wednesday, Thursday, Friday, Saturday, Sunday
When: 12:00:00
Current Time: 2011-01-02 12:45:30
Valid Interval: 11:00:00-13:00:00
Valid days of month: 1, 2, 3, 4, 5, 6, 7, 8, 9, 10, 11, 12, 13, 14, 15, 16, 17, 18, 19, 20, 21, 22, 23, 24, 25, 26, 27, 28, 29, 30, 31
Valid weekdays: Monday, Tuesday, Wednesday, Thursday, Friday, Saturday, Sunday
When: 12:00:00
Current Time: 2011-01-02 13:00:00
Valid Interval: 11:00:00-13:00:00
Valid days of month: 1, 2, 3, 4, 5, 6, 7, 8, 9, 10, 11, 12, 13, 14, 15, 16, 17, 18, 19, 20, 21, 22, 23, 24, 25, 26, 27, 28, 29, 30, 31
Valid weekdays: Monday, Tuesday, Wednesday, Thursday, Friday, Saturday, Sunday
When: 12:00:00
Current Time: 2011-01-01 12:00:00
Valid Interval: 11:00:00-13:00:00
Valid days of month: 1, 2, 3, 4, 5, 6, 7, 8, 9, 10, 11, 12, 13, 14, 15, 16, 17, 18, 19, 20, 21, 22, 23, 24, 25, 26, 27, 28, 29, 30, 31
Valid weekdays: Monday, Tuesday, Wednesday, Thursday, Friday, Saturday, Sunday
When: 12:00:00
Current Time: 2011-01-01 12:30:00
Valid Interval: 11:00:00-13:00:00
Valid days of month: 1, 2, 3, 4, 5, 6, 7, 8, 9, 10, 11, 12, 13, 14, 15, 16, 17, 18, 19, 20, 21, 22, 23, 24, 25, 26, 27, 28, 29, 30, 31
Valid weekdays: Monday, Tuesday, Wednesday, Thursday, Friday, Saturday, Sunday
When: 12:00:00
Current Time: 2011-01-01 12:30:00
Valid Interval: 11:00:00-13:00:00
Valid days of month: 1, 2, 3, 4, 5, 6, 7, 8, 9, 10, 11, 12, 13, 14, 15, 16, 17, 18, 19, 20, 21, 22, 23, 24, 25, 26, 27, 28, 29, 30, 31
Valid weekdays: Monday, Tuesday, Wednesday, Thursday, Friday, Saturday, Sunday
When: 12:00:00
Current Time: 2011-01-01 13:00:00
Valid Interval: 11:00:00-13:00:00
Valid days of month: 1, 2, 3, 4, 5, 6, 7, 8, 9, 10, 11, 12, 13, 14, 15, 16, 17, 18, 19, 20, 21, 22, 23, 24, 25, 26, 27, 28, 29, 30, 31
Valid weekdays: Monday, Tuesday, Wednesday, Thursday, Friday, Saturday, Sunday
When: 12:00:00
Current Time: 2011-01-01 14:30:00
Valid Interval: 23:00:00-13:00:00
Valid days of month: 1, 2, 3, 4, 5, 6, 7, 8, 9, 10, 11, 12, 13, 14, 15, 16, 17, 18, 19, 20, 21, 22, 23, 24, 25, 26, 27, 28, 29, 30, 31
Valid weekdays: Monday, Tuesday, Wednesday, Thursday, Friday, Saturday, Sunday
When: 23:30:00
Current Time: 2011-01-01 16:00:00
Valid Interval: 23:00:00-13:00:00
Valid days of month: 1, 2, 3, 4, 5, 6, 7, 8, 9, 10, 11, 12, 13, 14, 15, 16, 17, 18, 19, 20, 21, 22, 23, 24, 25, 26, 27, 28, 29, 30, 31
Valid weekdays: Monday, Tuesday, Wednesday, Thursday, Friday, Saturday, Sunday
When: 23:30:00
Current Time: 2011-01-01 23:00:00
Valid Interval: 23:00:00-13:00:00
Valid days of month: 1, 2, 3, 4, 5, 6, 7, 8, 9, 10, 11, 12, 13, 14, 15, 16, 17, 18, 19, 20, 21, 22, 23, 24, 25, 26, 27, 28, 29, 30, 31
Valid weekdays: Monday, Tuesday, Wednesday, Thursday, Friday, Saturday, Sunday
When: 23:30:00
Current Time: 2011-01-01 23:30:00
Valid Interval: 23:00:00-13:00:00
Valid days of month: 1, 2, 3, 4, 5, 6, 7, 8, 9, 10, 11, 12, 13, 14, 15, 16, 17, 18, 19, 20, 21, 22, 23, 24, 25, 26, 27, 28, 29, 30, 31
Valid weekdays: Monday, Tuesday, Wednesday, Thursday, Friday, Saturday, Sunday
When: 23:30:00
Current Time: 2011-01-01 23:45:00
Valid Interval: 23:00:00-13:00:00
Valid days of month: 1, 2, 3, 4, 5, 6, 7, 8, 9, 10, 11, 12, 13, 14, 15, 16, 17, 18, 19, 20, 21, 22, 23, 24, 25, 26, 27, 28, 29, 30, 31
Valid weekdays: Monday, Tuesday, Wednesday, Thursday, Friday, Saturday, Sunday
When: 23:30:00
Current Time: 2011-01-02 00:30:00
Valid Interval: 23:00:00-13:00:00
Valid days of month: 1, 2, 3, 4, 5, 6, 7, 8, 9, 10, 11, 12, 13, 14, 15, 16, 17, 18, 19, 20, 21, 22, 23, 24, 25, 26, 27, 28, 29, 30, 31
Valid weekdays: Monday, Tuesday, Wednesday, Thursday, Friday, Saturday, Sunday
When: 23:30:00
Current Time: 2011-01-01 13:00:00
Valid Interval: 23:00:00-13:00:00
Valid days of month: 1, 2, 3, 4, 5, 6, 7, 8, 9, 10, 11, 12, 13, 14, 15, 16, 17, 18, 19, 20, 21, 22, 23, 24, 25, 26, 27, 28, 29, 30, 31
Valid weekdays: Monday, Tuesday, Wednesday, Thursday, Friday, Saturday, Sunday
When: 01:00:00
Current Time: 2011-01-01 16:00:00
Valid Interval: 23:00:00-13:00:00
Valid days of month: 1, 2, 3, 4, 5, 6, 7, 8, 9, 10, 11, 12, 13, 14, 15, 16, 17, 18, 19, 20, 21, 22, 23, 24, 25, 26, 27, 28, 29, 30, 31
Valid weekdays: Monday, Tuesday, Wednesday, Thursday, Friday, Saturday, Sunday
When: 01:00:00
Current Time: 2011-01-01 23:00:00
Valid Interval: 23:00:00-13:00:00
Valid days of month: 1, 2, 3, 4, 5, 6, 7, 8, 9, 10, 11, 12, 13, 14, 15, 16, 17, 18, 19, 20, 21, 22, 23, 24, 25, 26, 27, 28, 29, 30, 31
Valid weekdays: Monday, Tuesday, Wednesday, Thursday, Friday, Saturday, Sunday
When: 01:00:00
Current Time: 2011-01-01 23:30:00
Valid Interval: 23:00:00-13:00:00
Valid days of month: 1, 2, 3, 4, 5, 6, 7, 8, 9, 10, 11, 12, 13, 14, 15, 16, 17, 18, 19, 20, 21, 22, 23, 24, 25, 26, 27, 28, 29, 30, 31
Valid weekdays: Monday, Tuesday, Wednesday, Thursday, Friday, Saturday, Sunday
When: 01:00:00
Current Time: 2011-01-02 00:30:00
Valid Interval: 23:00:00-13:00:00
Valid days of month: 1, 2, 3, 4, 5, 6, 7, 8, 9, 10, 11, 12, 13, 14, 15, 16, 17, 18, 19, 20, 21, 22, 23, 24, 25, 26, 27, 28, 29, 30, 31
Valid weekdays: Monday, Tuesday, Wednesday, Thursday, Friday, Saturday, Sunday
When: 01:00:00
Current Time: 2011-01-01 02:00:00
Valid Interval: 23:00:00-13:00:00
Valid days of month: 1, 2, 3, 4, 5, 6, 7, 8, 9, 10, 11, 12, 13, 14, 15, 16, 17, 18, 19, 20, 21, 22, 23, 24, 25, 26, 27, 28, 29, 30, 31
Valid weekdays: Monday, Tuesday, Wednesday, Thursday, Friday, Saturday, Sunday
When: 01:00:00
Current Time: 2011-01-01 13:00:00
Valid Interval: 23:00:00-13:00:00
Valid days of month: 1, 2, 3, 4, 5, 6, 7, 8, 9, 10, 11, 12, 13, 14, 15, 16, 17, 18, 19, 20, 21, 22, 23, 24, 25, 26, 27, 28, 29, 30, 31
Valid weekdays: Monday, Tuesday, Wednesday, Thursday, Friday, Saturday, Sunday
When: 23:30:00
Current Time: 2011-01-01 16:00:00
Valid Interval: 23:00:00-13:00:00
Valid days of month: 1, 2, 3, 4, 5, 6, 7, 8, 9, 10, 11, 12, 13, 14, 15, 16, 17, 18, 19, 20, 21, 22, 23, 24, 25, 26, 27, 28, 29, 30, 31
Valid weekdays: Monday, Tuesday, Wednesday, Thursday, Friday, Saturday, Sunday
When: 23:30:00
Current Time: 2011-01-01 23:00:00
Valid Interval: 23:00:00-13:00:00
Valid days of month: 1, 2, 3, 4, 5, 6, 7, 8, 9, 10, 11, 12, 13, 14, 15, 16, 17, 18, 19, 20, 21, 22, 23, 24, 25, 26, 27, 28, 29, 30, 31
Valid weekdays: Monday, Tuesday, Wednesday, Thursday, Friday, Saturday, Sunday
When: 23:30:00
Current Time: 2011-01-01 23:30:00
Valid Interval: 23:00:00-13:00:00
Valid days of month: 1, 2, 3, 4, 5, 6, 7, 8, 9, 10, 11, 12, 13, 14, 15, 16, 17, 18, 19, 20, 21, 22, 23, 24, 25, 26, 27, 28, 29, 30, 31
Valid weekdays: Monday, Tuesday, Wednesday, Thursday, Friday, Saturday, Sunday
When: 23:30:00
Current Time: 2011-01-01 23:45:00
Valid Interval: 23:00:00-13:00:00
Valid days of month: 1, 2, 3, 4, 5, 6, 7, 8, 9, 10, 11, 12, 13, 14, 15, 16, 17, 18, 19, 20, 21, 22, 23, 24, 25, 26, 27, 28, 29, 30, 31
Valid weekdays: Monday, Tuesday, Wednesday, Thursday, Friday, Saturday, Sunday
When: 23:30:00
Current Time: 2011-01-02 00:30:00
Valid Interval: 23:00:00-13:00:00
Valid days of month: 1, 2, 3, 4, 5, 6, 7, 8, 9, 10, 11, 12, 13, 14, 15, 16, 17, 18, 19, 20, 21, 22, 23, 24, 25, 26, 27, 28, 29, 30, 31
Valid weekdays: Monday, Tuesday, Wednesday, Thursday, Friday, Saturday, Sunday
When: 23:30:00
Current Time: 2011-01-01 13:00:00
Valid Interval: 23:00:00-13:00:00
Valid days of month: 1, 2, 3, 4, 5, 6, 7, 8, 9, 10, 11, 12, 13, 14, 15, 16, 17, 18, 19, 20, 21, 22, 23, 24, 25, 26, 27, 28, 29, 30, 31
Valid weekdays: Monday, Tuesday, Wednesday, Thursday, Friday, Saturday, Sunday
When: 01:00:00
Current Time: 2011-01-01 16:00:00
Valid Interval: 23:00:00-13:00:00
Valid days of month: 1, 2, 3, 4, 5, 6, 7, 8, 9, 10, 11, 12, 13, 14, 15, 16, 17, 18, 19, 20, 21, 22, 23, 24, 25, 26, 27, 28, 29, 30, 31
Valid weekdays: Monday, Tuesday, Wednesday, Thursday, Friday, Saturday, Sunday
When: 01:00:00
Current Time: 2011-01-01 23:00:00
Valid Interval: 23:00:00-13:00:00
Valid days of month: 1, 2, 3, 4, 5, 6, 7, 8, 9, 10, 11, 12, 13, 14, 15, 16, 17, 18, 19, 20, 21, 22, 23, 24, 25, 26, 27, 28, 29, 30, 31
Valid weekdays: Monday, Tuesday, Wednesday, Thursday, Friday, Saturday, Sunday
When: 01:00:00
Current Time: 2011-01-01 23:30:00
Valid Interval: 23:00:00-13:00:00
Valid days of month: 1, 2, 3, 4, 5, 6, 7, 8, 9, 10, 11, 12, 13, 14, 15, 16, 17, 18, 19, 20, 21, 22, 23, 24, 25, 26, 27, 28, 29, 30, 31
Valid weekdays: Monday, Tuesday, Wednesday, Thursday, Friday, Saturday, Sunday
When: 01:00:00
Current Time: 2011-01-02 00:30:00
Valid Interval: 23:00:00-13:00:00
Valid days of month: 1, 2, 3, 4, 5, 6, 7, 8, 9, 10, 11, 12, 13, 14, 15, 16, 17, 18, 19, 20, 21, 22, 23, 24, 25, 26, 27, 28, 29, 30, 31
Valid weekdays: Monday, Tuesday, Wednesday, Thursday, Friday, Saturday, Sunday
When: 01:00:00
Current Time: 2011-01-02 02:00:00
Valid Interval: 23:00:00-13:00:00
Valid days of month: 1, 2, 3, 4, 5, 6, 7, 8, 9, 10, 11, 12, 13, 14, 15, 16, 17, 18, 19, 20, 21, 22, 23, 24, 25, 26, 27, 28, 29, 30, 31
Valid weekdays: Monday, Tuesday, Wednesday, Thursday, Friday, Saturday, Sunday
When: 01:00:00
Current Time: 2011-01-02 13:00:00
Valid Interval: 23:00:00-13:00:00
Valid days of month: 1, 2, 3, 4, 5, 6, 7, 8, 9, 10, 11, 12, 13, 14, 15, 16, 17, 18, 19, 20, 21, 22, 23, 24, 25, 26, 27, 28, 29, 30, 31
Valid weekdays: Monday, Tuesday, Wednesday, Thursday, Friday, Saturday, Sunday
When: 23:30:00
Current Time: 2011-01-01 23:30:05
Valid Interval: 23:00:00-13:00:00
Valid days of month: 1, 2, 3, 4, 5, 6, 7, 8, 9, 10, 11, 12, 13, 14, 15, 16, 17, 18, 19, 20, 21, 22, 23, 24, 25, 26, 27, 28, 29, 30, 31
Valid weekdays: Monday, Tuesday, Wednesday, Thursday, Friday, Saturday, Sunday
When: 23:30:00
Current Time: 2011-01-02 00:30:00
Valid Interval: 23:00:00-13:00:00
Valid days of month: 1, 2, 3, 4, 5, 6, 7, 8, 9, 10, 11, 12, 13, 14, 15, 16, 17, 18, 19, 20, 21, 22, 23, 24, 25, 26, 27, 28, 29, 30, 31
Valid weekdays: Monday, Tuesday, Wednesday, Thursday, Friday, Saturday, Sunday
When: 23:30:00
Current Time: 2011-01-02 13:00:00
Valid Interval: 23:00:00-13:00:00
Valid days of month: 1, 2, 3, 4, 5, 6, 7, 8, 9, 10, 11, 12, 13, 14, 15, 16, 17, 18, 19, 20, 21, 22, 23, 24, 25, 26, 27, 28, 29, 30, 31
Valid weekdays: Monday, Tuesday, Wednesday, Thursday, Friday, Saturday, Sunday
When: 01:00:00
Current Time: 2011-01-01 02:00:00
Valid Interval: 23:00:00-13:00:00
Valid days of month: 1, 2, 3, 4, 5, 6, 7, 8, 9, 10, 11, 12, 13, 14, 15, 16, 17, 18, 19, 20, 21, 22, 23, 24, 25, 26, 27, 28, 29, 30, 31
Valid weekdays: Monday, Tuesday, Wednesday, Thursday, Friday, Saturday, Sunday
When: 01:00:00
Current Time: 2011-01-02 02:00:00
Valid Interval: 13:00:00-16:00:00
Valid days of month: 1, 2, 3, 4, 5, 6, 7, 8, 9, 10, 11, 12, 13, 14, 15, 16, 17, 18, 19, 20, 21, 22, 23, 24, 25, 26, 27, 28, 29, 30, 31
Valid weekdays: Saturday, Sunday
When: 14:00:00
Current Time: 2007-01-01 12:00:00
Valid Interval: 13:00:00-16:00:00
Valid days of month: 1, 2, 3, 4, 5, 6, 7, 8, 9, 10, 11, 12, 13, 14, 15, 16, 17, 18, 19, 20, 21, 22, 23, 24, 25, 26, 27, 28, 29, 30, 31
Valid weekdays: Saturday, Sunday
When: 14:00:00
Current Time: 2007-01-02 13:30:00
Valid Interval: 13:00:00-16:00:00
Valid days of month: 1, 2, 3, 4, 5, 6, 7, 8, 9, 10, 11, 12, 13, 14, 15, 16, 17, 18, 19, 20, 21, 22, 23, 24, 25, 26, 27, 28, 29, 30, 31
Valid weekdays: Saturday, Sunday
When: 14:00:00
Current Time: 2007-01-06 13:30:00
Valid Interval: 13:00:00-16:00:00
Valid days of month: 1, 2, 3, 4, 5, 6, 7, 8, 9, 10, 11, 12, 13, 14, 15, 16, 17, 18, 19, 20, 21, 22, 23, 24, 25, 26, 27, 28, 29, 30, 31
Valid weekdays: Saturday, Sunday
When: 14:00:00
Current Time: 2007-01-06 14:30:00
Valid Interval: 13:00:00-16:00:00
Valid days of month: 1, 2, 3, 4, 5, 6, 7, 8, 9, 10, 11, 12, 13, 14, 15, 16, 17, 18, 19, 20, 21, 22, 23, 24, 25, 26, 27, 28, 29, 30, 31
Valid weekdays: Saturday, Sunday
When: 14:00:00
Current Time: 2007-01-06 16:30:00
Valid Interval: 13:00:00-16:00:00
Valid days of month: 1, 2, 3, 4, 5, 6, 7, 8, 9, 10, 11, 12, 13, 14, 15, 16, 17, 18, 19, 20, 21, 22, 23, 24, 25, 26, 27, 28, 29, 30, 31
Valid weekdays: Saturday, Sunday
When: 14:00:00
Current Time: 2007-01-07 16:00:00
Valid Interval: 23:00:00-02:00:00
Valid days of month: 1, 2, 3, 4, 5, 6, 7, 8, 9, 10, 11, 12, 13, 14, 15, 16, 17, 18, 19, 20, 21, 22, 23, 24, 25, 26, 27, 28, 29, 30, 31
Valid weekdays: Saturday, Sunday
When: 01:00:00
Current Time: 2007-01-01 12:00:00
Valid Interval: 23:00:00-02:00:00
Valid days of month: 1, 2, 3, 4, 5, 6, 7, 8, 9, 10, 11, 12, 13, 14, 15, 16, 17, 18, 19, 20, 21, 22, 23, 24, 25, 26, 27, 28, 29, 30, 31
Valid weekdays: Saturday, Sunday
When: 01:00:00
Current Time: 2007-01-02 01:00:00
Valid Interval: 23:00:00-02:00:00
Valid days of month: 1, 2, 3, 4, 5, 6, 7, 8, 9, 10, 11, 12, 13, 14, 15, 16, 17, 18, 19, 20, 21, 22, 23, 24, 25, 26, 27, 28, 29, 30, 31
Valid weekdays: Saturday, Sunday
When: 01:00:00
Current Time: 2007-01-06 00:30:00
Valid Interval: 23:00:00-02:00:00
Valid days of month: 1, 2, 3, 4, 5, 6, 7, 8, 9, 10, 11, 12, 13, 14, 15, 16, 17, 18, 19, 20, 21, 22, 23, 24, 25, 26, 27, 28, 29, 30, 31
Valid weekdays: Saturday, Sunday
When: 01:00:00
Current Time: 2007-01-06 01:30:00
Valid Interval: 23:00:00-02:00:00
Valid days of month: 1, 2, 3, 4, 5, 6, 7, 8, 9, 10, 11, 12, 13, 14, 15, 16, 17, 18, 19, 20, 21, 22, 23, 24, 25, 26, 27, 28, 29, 30, 31
Valid weekdays: Saturday, Sunday
When: 01:00:00
Current Time: 2007-01-06 02:30:00
Valid Interval: 23:00:00-02:00:00
Valid days of month: 1, 2, 3, 4, 5, 6, 7, 8, 9, 10, 11, 12, 13, 14, 15, 16, 17, 18, 19, 20, 21, 22, 23, 24, 25, 26, 27, 28, 29, 30, 31
Valid weekdays: Saturday, Sunday
When: 01:00:00
Current Time: 2007-01-07 02:00:00
Valid Interval: 23:00:00-02:00:00
Valid days of month: 1, 2, 3, 4, 5, 6, 7, 8, 9, 10, 11, 12, 13, 14, 15, 16, 17, 18, 19, 20, 21, 22, 23, 24, 25, 26, 27, 28, 29, 30, 31
Valid weekdays: Saturday, Sunday
When: 23:30:00
Current Time: 2007-01-01 12:00:00
Valid Interval: 23:00:00-02:00:00
Valid days of month: 1, 2, 3, 4, 5, 6, 7, 8, 9, 10, 11, 12, 13, 14, 15, 16, 17, 18, 19, 20, 21, 22, 23, 24, 25, 26, 27, 28, 29, 30, 31
Valid weekdays: Saturday, Sunday
When: 23:30:00
Current Time: 2007-01-05 23:30:00
Valid Interval: 23:00:00-02:00:00
Valid days of month: 1, 2, 3, 4, 5, 6, 7, 8, 9, 10, 11, 12, 13, 14, 15, 16, 17, 18, 19, 20, 21, 22, 23, 24, 25, 26, 27, 28, 29, 30, 31
Valid weekdays: Saturday, Sunday
When: 23:30:00
Current Time: 2007-01-06 23:00:00
Valid Interval: 23:00:00-02:00:00
Valid days of month: 1, 2, 3, 4, 5, 6, 7, 8, 9, 10, 11, 12, 13, 14, 15, 16, 17, 18, 19, 20, 21, 22, 23, 24, 25, 26, 27, 28, 29, 30, 31
Valid weekdays: Saturday, Sunday
When: 23:30:00
Current Time: 2007-01-06 02:00:00
Valid Interval: 23:00:00-02:00:00
Valid days of month: 1, 2, 3, 4, 5, 6, 7, 8, 9, 10, 11, 12, 13, 14, 15, 16, 17, 18, 19, 20, 21, 22, 23, 24, 25, 26, 27, 28, 29, 30, 31
Valid weekdays: Saturday, Sunday
When: 23:30:00
Current Time: 2007-01-07 23:40:00
Valid Interval: 23:00:00-02:00:00
Valid days of month: 1, 2, 3, 4, 5, 6, 7, 8, 9, 10, 11, 12, 13, 14, 15, 16, 17, 18, 19, 20, 21, 22, 23, 24, 25, 26, 27, 28, 29, 30, 31
Valid weekdays: Saturday, Sunday
When: 23:30:00
Current Time: 2007-01-07 01:00:00
Valid Interval: 13:00:00-16:00:00
Valid days of month: 1, 2, 3, 4, 5, 6, 7, 8, 9, 10, 11, 12, 13, 14, 15, 16, 17, 18, 19, 20, 21, 22, 23, 24, 25, 26, 27, 28, 29, 30, 31
Valid weekdays: Saturday, Sunday
When: 14:00:00
Current Time: 2007-01-01 12:00:00
Valid Interval: 13:00:00-16:00:00
Valid days of month: 1, 2, 3, 4, 5, 6, 7, 8, 9, 10, 11, 12, 13, 14, 15, 16, 17, 18, 19, 20, 21, 22, 23, 24, 25, 26, 27, 28, 29, 30, 31
Valid weekdays: Saturday, Sunday
When: 14:00:00
Current Time: 2007-01-02 13:30:00
Valid Interval: 13:00:00-16:00:00
Valid days of month: 1, 2, 3, 4, 5, 6, 7, 8, 9, 10, 11, 12, 13, 14, 15, 16, 17, 18, 19, 20, 21, 22, 23, 24, 25, 26, 27, 28, 29, 30, 31
Valid weekdays: Saturday, Sunday
When: 14:00:00
Current Time: 2007-01-06 13:30:00
Valid Interval: 13:00:00-16:00:00
Valid days of month: 1, 2, 3, 4, 5, 6, 7, 8, 9, 10, 11, 12, 13, 14, 15, 16, 17, 18, 19, 20, 21, 22, 23, 24, 25, 26, 27, 28, 29, 30, 31
Valid weekdays: Saturday, Sunday
When: 14:00:00
Current Time: 2007-01-06 14:30:00
Valid Interval: 13:00:00-16:00:00
Valid days of month: 1, 2, 3, 4, 5, 6, 7, 8, 9, 10, 11, 12, 13, 14, 15, 16, 17, 18, 19, 20, 21, 22, 23, 24, 25, 26, 27, 28, 29, 30, 31
Valid weekdays: Saturday, Sunday
When: 14:00:00
Current Time: 2007-01-06 16:30:00
Valid Interval: 13:00:00-16:00:00
Valid days of month: 1, 2, 3, 4, 5, 6, 7, 8, 9, 10, 11, 12, 13, 14, 15, 16, 17, 18, 19, 20, 21, 22, 23, 24, 25, 26, 27, 28, 29, 30, 31
Valid weekdays: Saturday, Sunday
When: 14:00:00
Current Time: 2007-01-07 16:00:00
Valid Interval: 23:00:00-02:00:00
Valid days of month: 1, 2, 3, 4, 5, 6, 7, 8, 9, 10, 11, 12, 13, 14, 15, 16, 17, 18, 19, 20, 21, 22, 23, 24, 25, 26, 27, 28, 29, 30, 31
Valid weekdays: Saturday, Sunday
When: 01:00:00
Current Time: 2007-01-01 12:00:00
Valid Interval: 23:00:00-02:00:00
Valid days of month: 1, 2, 3, 4, 5, 6, 7, 8, 9, 10, 11, 12, 13, 14, 15, 16, 17, 18, 19, 20, 21, 22, 23, 24, 25, 26, 27, 28, 29, 30, 31
Valid weekdays: Saturday, Sunday
When: 01:00:00
Current Time: 2007-01-02 01:00:00
Valid Interval: 23:00:00-02:00:00
Valid days of month: 1, 2, 3, 4, 5, 6, 7, 8, 9, 10, 11, 12, 13, 14, 15, 16, 17, 18, 19, 20, 21, 22, 23, 24, 25, 26, 27, 28, 29, 30, 31
Valid weekdays: Saturday, Sunday
When: 01:00:00
Current Time: 2007-01-06 00:30:00
Valid Interval: 23:00:00-02:00:00
Valid days of month: 1, 2, 3, 4, 5, 6, 7, 8, 9, 10, 11, 12, 13, 14, 15, 16, 17, 18, 19, 20, 21, 22, 23, 24, 25, 26, 27, 28, 29, 30, 31
Valid weekdays: Saturday, Sunday
When: 01:00:00
Current Time: 2007-01-06 02:30:00
Valid Interval: 23:00:00-02:00:00
Valid days of month: 1, 2, 3, 4, 5, 6, 7, 8, 9, 10, 11, 12, 13, 14, 15, 16, 17, 18, 19, 20, 21, 22, 23, 24, 25, 26, 27, 28, 29, 30, 31
Valid weekdays: Saturday, Sunday
When: 23:30:00
Current Time: 2007-01-01 12:00:00
Valid Interval: 23:00:00-02:00:00
Valid days of month: 1, 2, 3, 4, 5, 6, 7, 8, 9, 10, 11, 12, 13, 14, 15, 16, 17, 18, 19, 20, 21, 22, 23, 24, 25, 26, 27, 28, 29, 30, 31
Valid weekdays: Saturday, Sunday
When: 23:30:00
Current Time: 2007-01-05 23:30:00
Valid Interval: 23:00:00-02:00:00
Valid days of month: 1, 2, 3, 4, 5, 6, 7, 8, 9, 10, 11, 12, 13, 14, 15, 16, 17, 18, 19, 20, 21, 22, 23, 24, 25, 26, 27, 28, 29, 30, 31
Valid weekdays: Saturday, Sunday
When: 23:30:00
Current Time: 2007-01-06 23:00:00
Valid Interval: 23:00:00-02:00:00
Valid days of month: 1, 2, 3, 4, 5, 6, 7, 8, 9, 10, 11, 12, 13, 14, 15, 16, 17, 18, 19, 20, 21, 22, 23, 24, 25, 26, 27, 28, 29, 30, 31
Valid weekdays: Saturday, Sunday
When: 23:30:00
Current Time: 2007-01-06 02:00:00
Valid Interval: 23:00:00-02:00:00
Valid days of month: 1, 2, 3, 4, 5, 6, 7, 8, 9, 10, 11, 12, 13, 14, 15, 16, 17, 18, 19, 20, 21, 22, 23, 24, 25, 26, 27, 28, 29, 30, 31
Valid weekdays: Saturday, Sunday
When: 23:30:00
Current Time: 2007-01-07 23:40:00
Valid Interval: 23:00:00-02:00:00
Valid days of month: 1, 2, 3, 4, 5, 6, 7, 8, 9, 10, 11, 12, 13, 14, 15, 16, 17, 18, 19, 20, 21, 22, 23, 24, 25, 26, 27, 28, 29, 30, 31
Valid weekdays: Saturday, Sunday
When: 23:30:00
Current Time: 2007-01-07 01:00:00
Valid Interval: 13:00:00-16:00:00
Valid days of month: 1, 2, 3, 4, 5, 6, 7, 8, 9, 10, 11, 12, 13, 14, 15, 16, 17, 18, 19, 20, 21, 22, 23, 24, 25, 26, 27, 28, 29, 30, 31
Valid weekdays: Saturday, Sunday
When: 14:00:00
Current Time: 2007-01-06 14:30:00
Valid Interval: 13:00:00-16:00:00
Valid days of month: 1, 2, 3, 4, 5, 6, 7, 8, 9, 10, 11, 12, 13, 14, 15, 16, 17, 18, 19, 20, 21, 22, 23, 24, 25, 26, 27, 28, 29, 30, 31
Valid weekdays: Saturday, Sunday
When: 14:00:00
Current Time: 2007-01-07 15:00:00
Valid Interval: 23:00:00-02:00:00
Valid days of month: 1, 2, 3, 4, 5, 6, 7, 8, 9, 10, 11, 12, 13, 14, 15, 16, 17, 18, 19, 20, 21, 22, 23, 24, 25, 26, 27, 28, 29, 30, 31
Valid weekdays: Saturday, Sunday
When: 01:00:00
Current Time: 2007-01-06 01:30:00
Valid Interval: 23:00:00-02:00:00
Valid days of month: 1, 2, 3, 4, 5, 6, 7, 8, 9, 10, 11, 12, 13, 14, 15, 16, 17, 18, 19, 20, 21, 22, 23, 24, 25, 26, 27, 28, 29, 30, 31
Valid weekdays: Saturday, Sunday
When: 01:00:00
Current Time: 2007-01-07 01:30:00
Valid Interval: 23:00:00-02:00:00
Valid days of month: 1, 2, 3, 4, 5, 6, 7, 8, 9, 10, 11, 12, 13, 14, 15, 16, 17, 18, 19, 20, 21, 22, 23, 24, 25, 26, 27, 28, 29, 30, 31
Valid weekdays: Saturday, Sunday
When: 23:30:00
Current Time: 2007-01-06 23:02:00
Valid Interval: 23:00:00-02:00:00
Valid days of month: 1, 2, 3, 4, 5, 6, 7, 8, 9, 10, 11, 12, 13, 14, 15, 16, 17, 18, 19, 20, 21, 22, 23, 24, 25, 26, 27, 28, 29, 30, 31
Valid weekdays: Saturday, Sunday
When: 23:30:00
Current Time: 2007-01-06 01:10:00
Valid Interval: 23:00:00-02:00:00
Valid days of month: 1, 2, 3, 4, 5, 6, 7, 8, 9, 10, 11, 12, 13, 14, 15, 16, 17, 18, 19, 20, 21, 22, 23, 24, 25, 26, 27, 28, 29, 30, 31
Valid weekdays: Saturday, Sunday
When: 23:30:00
Current Time: 2007-01-07 01:00:40
Valid Interval: 23:00:00-02:00:00
Valid days of month: 2
Valid weekdays: Saturday, Sunday
When: 23:30:00
Current Time: 2007-01-01 12:00:00
Valid Interval: 23:00:00-02:00:00
Valid days of month: 1, 2
Valid weekdays: Saturday, Sunday
When: 23:30:00
Current Time: 2007-01-05 23:30:00
Valid Interval: 23:00:00-02:00:00
Valid days of month: 1, 2
Valid weekdays: Saturday, Sunday
When: 23:30:00
Current Time: 2007-01-06 23:00:00</StdOut>
      </Output>
    </UnitTestResult>
    <UnitTestResult executionId="0e1c1dd7-9a2a-4ad3-b822-f9a6fa5d646c" testId="a0a1515f-5e12-4035-852c-cc351031ff17" testName="GetNextTimeToTrigger_AbsoluteTimer_ReturnsCorrectTime (Data Row 45)" computerName="ICSWS068" duration="00:00:00.0046864" startTime="2016-08-04T07:57:22.8142077+02:00" endTime="2016-08-04T07:57:22.8192114+02:00" testType="13cdc9d9-ddb5-4fa4-a97d-d965ccfc6d4b" outcome="Passed" testListId="8c84fa94-04c1-424b-9868-57a2d4851a1d" relativeResultsDirectory="0e1c1dd7-9a2a-4ad3-b822-f9a6fa5d646c">
      <Output>
        <StdOut>TestContext Messages:
Valid Interval: 11:00:00-13:00:00
Valid days of month: 1, 2, 3, 4, 5, 6, 7, 8, 9, 10, 11, 12, 13, 14, 15, 16, 17, 18, 19, 20, 21, 22, 23, 24, 25, 26, 27, 28, 29, 30, 31
Valid weekdays: Monday, Tuesday, Wednesday, Thursday, Friday, Saturday, Sunday
When: 12:00:00
Current Time: 2011-01-01 00:00:00
Valid Interval: 11:00:00-13:00:00
Valid days of month: 1, 2, 3, 4, 5, 6, 7, 8, 9, 10, 11, 12, 13, 14, 15, 16, 17, 18, 19, 20, 21, 22, 23, 24, 25, 26, 27, 28, 29, 30, 31
Valid weekdays: Monday, Tuesday, Wednesday, Thursday, Friday, Saturday, Sunday
When: 12:00:00
Current Time: 2011-01-01 09:00:00
Valid Interval: 11:00:00-13:00:00
Valid days of month: 1, 2, 3, 4, 5, 6, 7, 8, 9, 10, 11, 12, 13, 14, 15, 16, 17, 18, 19, 20, 21, 22, 23, 24, 25, 26, 27, 28, 29, 30, 31
Valid weekdays: Monday, Tuesday, Wednesday, Thursday, Friday, Saturday, Sunday
When: 12:00:00
Current Time: 2011-01-01 11:00:00
Valid Interval: 11:00:00-13:00:00
Valid days of month: 1, 2, 3, 4, 5, 6, 7, 8, 9, 10, 11, 12, 13, 14, 15, 16, 17, 18, 19, 20, 21, 22, 23, 24, 25, 26, 27, 28, 29, 30, 31
Valid weekdays: Monday, Tuesday, Wednesday, Thursday, Friday, Saturday, Sunday
When: 12:00:00
Current Time: 2011-01-01 12:00:00
Valid Interval: 11:00:00-13:00:00
Valid days of month: 1, 2, 3, 4, 5, 6, 7, 8, 9, 10, 11, 12, 13, 14, 15, 16, 17, 18, 19, 20, 21, 22, 23, 24, 25, 26, 27, 28, 29, 30, 31
Valid weekdays: Monday, Tuesday, Wednesday, Thursday, Friday, Saturday, Sunday
When: 12:00:00
Current Time: 2011-01-01 12:30:00
Valid Interval: 11:00:00-13:00:00
Valid days of month: 1, 2, 3, 4, 5, 6, 7, 8, 9, 10, 11, 12, 13, 14, 15, 16, 17, 18, 19, 20, 21, 22, 23, 24, 25, 26, 27, 28, 29, 30, 31
Valid weekdays: Monday, Tuesday, Wednesday, Thursday, Friday, Saturday, Sunday
When: 12:00:00
Current Time: 2011-01-01 13:00:00
Valid Interval: 11:00:00-13:00:00
Valid days of month: 1, 2, 3, 4, 5, 6, 7, 8, 9, 10, 11, 12, 13, 14, 15, 16, 17, 18, 19, 20, 21, 22, 23, 24, 25, 26, 27, 28, 29, 30, 31
Valid weekdays: Monday, Tuesday, Wednesday, Thursday, Friday, Saturday, Sunday
When: 12:00:00
Current Time: 2011-01-02 00:00:00
Valid Interval: 11:00:00-13:00:00
Valid days of month: 1, 2, 3, 4, 5, 6, 7, 8, 9, 10, 11, 12, 13, 14, 15, 16, 17, 18, 19, 20, 21, 22, 23, 24, 25, 26, 27, 28, 29, 30, 31
Valid weekdays: Monday, Tuesday, Wednesday, Thursday, Friday, Saturday, Sunday
When: 12:00:00
Current Time: 2011-01-02 09:00:00
Valid Interval: 11:00:00-13:00:00
Valid days of month: 1, 2, 3, 4, 5, 6, 7, 8, 9, 10, 11, 12, 13, 14, 15, 16, 17, 18, 19, 20, 21, 22, 23, 24, 25, 26, 27, 28, 29, 30, 31
Valid weekdays: Monday, Tuesday, Wednesday, Thursday, Friday, Saturday, Sunday
When: 12:00:00
Current Time: 2011-01-02 12:00:00
Valid Interval: 11:00:00-13:00:00
Valid days of month: 1, 2, 3, 4, 5, 6, 7, 8, 9, 10, 11, 12, 13, 14, 15, 16, 17, 18, 19, 20, 21, 22, 23, 24, 25, 26, 27, 28, 29, 30, 31
Valid weekdays: Monday, Tuesday, Wednesday, Thursday, Friday, Saturday, Sunday
When: 12:00:00
Current Time: 2011-01-02 12:45:30
Valid Interval: 11:00:00-13:00:00
Valid days of month: 1, 2, 3, 4, 5, 6, 7, 8, 9, 10, 11, 12, 13, 14, 15, 16, 17, 18, 19, 20, 21, 22, 23, 24, 25, 26, 27, 28, 29, 30, 31
Valid weekdays: Monday, Tuesday, Wednesday, Thursday, Friday, Saturday, Sunday
When: 12:00:00
Current Time: 2011-01-02 13:00:00
Valid Interval: 11:00:00-13:00:00
Valid days of month: 1, 2, 3, 4, 5, 6, 7, 8, 9, 10, 11, 12, 13, 14, 15, 16, 17, 18, 19, 20, 21, 22, 23, 24, 25, 26, 27, 28, 29, 30, 31
Valid weekdays: Monday, Tuesday, Wednesday, Thursday, Friday, Saturday, Sunday
When: 12:00:00
Current Time: 2011-01-01 12:00:00
Valid Interval: 11:00:00-13:00:00
Valid days of month: 1, 2, 3, 4, 5, 6, 7, 8, 9, 10, 11, 12, 13, 14, 15, 16, 17, 18, 19, 20, 21, 22, 23, 24, 25, 26, 27, 28, 29, 30, 31
Valid weekdays: Monday, Tuesday, Wednesday, Thursday, Friday, Saturday, Sunday
When: 12:00:00
Current Time: 2011-01-01 12:30:00
Valid Interval: 11:00:00-13:00:00
Valid days of month: 1, 2, 3, 4, 5, 6, 7, 8, 9, 10, 11, 12, 13, 14, 15, 16, 17, 18, 19, 20, 21, 22, 23, 24, 25, 26, 27, 28, 29, 30, 31
Valid weekdays: Monday, Tuesday, Wednesday, Thursday, Friday, Saturday, Sunday
When: 12:00:00
Current Time: 2011-01-01 12:30:00
Valid Interval: 11:00:00-13:00:00
Valid days of month: 1, 2, 3, 4, 5, 6, 7, 8, 9, 10, 11, 12, 13, 14, 15, 16, 17, 18, 19, 20, 21, 22, 23, 24, 25, 26, 27, 28, 29, 30, 31
Valid weekdays: Monday, Tuesday, Wednesday, Thursday, Friday, Saturday, Sunday
When: 12:00:00
Current Time: 2011-01-01 13:00:00
Valid Interval: 11:00:00-13:00:00
Valid days of month: 1, 2, 3, 4, 5, 6, 7, 8, 9, 10, 11, 12, 13, 14, 15, 16, 17, 18, 19, 20, 21, 22, 23, 24, 25, 26, 27, 28, 29, 30, 31
Valid weekdays: Monday, Tuesday, Wednesday, Thursday, Friday, Saturday, Sunday
When: 12:00:00
Current Time: 2011-01-01 14:30:00
Valid Interval: 23:00:00-13:00:00
Valid days of month: 1, 2, 3, 4, 5, 6, 7, 8, 9, 10, 11, 12, 13, 14, 15, 16, 17, 18, 19, 20, 21, 22, 23, 24, 25, 26, 27, 28, 29, 30, 31
Valid weekdays: Monday, Tuesday, Wednesday, Thursday, Friday, Saturday, Sunday
When: 23:30:00
Current Time: 2011-01-01 16:00:00
Valid Interval: 23:00:00-13:00:00
Valid days of month: 1, 2, 3, 4, 5, 6, 7, 8, 9, 10, 11, 12, 13, 14, 15, 16, 17, 18, 19, 20, 21, 22, 23, 24, 25, 26, 27, 28, 29, 30, 31
Valid weekdays: Monday, Tuesday, Wednesday, Thursday, Friday, Saturday, Sunday
When: 23:30:00
Current Time: 2011-01-01 23:00:00
Valid Interval: 23:00:00-13:00:00
Valid days of month: 1, 2, 3, 4, 5, 6, 7, 8, 9, 10, 11, 12, 13, 14, 15, 16, 17, 18, 19, 20, 21, 22, 23, 24, 25, 26, 27, 28, 29, 30, 31
Valid weekdays: Monday, Tuesday, Wednesday, Thursday, Friday, Saturday, Sunday
When: 23:30:00
Current Time: 2011-01-01 23:30:00
Valid Interval: 23:00:00-13:00:00
Valid days of month: 1, 2, 3, 4, 5, 6, 7, 8, 9, 10, 11, 12, 13, 14, 15, 16, 17, 18, 19, 20, 21, 22, 23, 24, 25, 26, 27, 28, 29, 30, 31
Valid weekdays: Monday, Tuesday, Wednesday, Thursday, Friday, Saturday, Sunday
When: 23:30:00
Current Time: 2011-01-01 23:45:00
Valid Interval: 23:00:00-13:00:00
Valid days of month: 1, 2, 3, 4, 5, 6, 7, 8, 9, 10, 11, 12, 13, 14, 15, 16, 17, 18, 19, 20, 21, 22, 23, 24, 25, 26, 27, 28, 29, 30, 31
Valid weekdays: Monday, Tuesday, Wednesday, Thursday, Friday, Saturday, Sunday
When: 23:30:00
Current Time: 2011-01-02 00:30:00
Valid Interval: 23:00:00-13:00:00
Valid days of month: 1, 2, 3, 4, 5, 6, 7, 8, 9, 10, 11, 12, 13, 14, 15, 16, 17, 18, 19, 20, 21, 22, 23, 24, 25, 26, 27, 28, 29, 30, 31
Valid weekdays: Monday, Tuesday, Wednesday, Thursday, Friday, Saturday, Sunday
When: 23:30:00
Current Time: 2011-01-01 13:00:00
Valid Interval: 23:00:00-13:00:00
Valid days of month: 1, 2, 3, 4, 5, 6, 7, 8, 9, 10, 11, 12, 13, 14, 15, 16, 17, 18, 19, 20, 21, 22, 23, 24, 25, 26, 27, 28, 29, 30, 31
Valid weekdays: Monday, Tuesday, Wednesday, Thursday, Friday, Saturday, Sunday
When: 01:00:00
Current Time: 2011-01-01 16:00:00
Valid Interval: 23:00:00-13:00:00
Valid days of month: 1, 2, 3, 4, 5, 6, 7, 8, 9, 10, 11, 12, 13, 14, 15, 16, 17, 18, 19, 20, 21, 22, 23, 24, 25, 26, 27, 28, 29, 30, 31
Valid weekdays: Monday, Tuesday, Wednesday, Thursday, Friday, Saturday, Sunday
When: 01:00:00
Current Time: 2011-01-01 23:00:00
Valid Interval: 23:00:00-13:00:00
Valid days of month: 1, 2, 3, 4, 5, 6, 7, 8, 9, 10, 11, 12, 13, 14, 15, 16, 17, 18, 19, 20, 21, 22, 23, 24, 25, 26, 27, 28, 29, 30, 31
Valid weekdays: Monday, Tuesday, Wednesday, Thursday, Friday, Saturday, Sunday
When: 01:00:00
Current Time: 2011-01-01 23:30:00
Valid Interval: 23:00:00-13:00:00
Valid days of month: 1, 2, 3, 4, 5, 6, 7, 8, 9, 10, 11, 12, 13, 14, 15, 16, 17, 18, 19, 20, 21, 22, 23, 24, 25, 26, 27, 28, 29, 30, 31
Valid weekdays: Monday, Tuesday, Wednesday, Thursday, Friday, Saturday, Sunday
When: 01:00:00
Current Time: 2011-01-02 00:30:00
Valid Interval: 23:00:00-13:00:00
Valid days of month: 1, 2, 3, 4, 5, 6, 7, 8, 9, 10, 11, 12, 13, 14, 15, 16, 17, 18, 19, 20, 21, 22, 23, 24, 25, 26, 27, 28, 29, 30, 31
Valid weekdays: Monday, Tuesday, Wednesday, Thursday, Friday, Saturday, Sunday
When: 01:00:00
Current Time: 2011-01-01 02:00:00
Valid Interval: 23:00:00-13:00:00
Valid days of month: 1, 2, 3, 4, 5, 6, 7, 8, 9, 10, 11, 12, 13, 14, 15, 16, 17, 18, 19, 20, 21, 22, 23, 24, 25, 26, 27, 28, 29, 30, 31
Valid weekdays: Monday, Tuesday, Wednesday, Thursday, Friday, Saturday, Sunday
When: 01:00:00
Current Time: 2011-01-01 13:00:00
Valid Interval: 23:00:00-13:00:00
Valid days of month: 1, 2, 3, 4, 5, 6, 7, 8, 9, 10, 11, 12, 13, 14, 15, 16, 17, 18, 19, 20, 21, 22, 23, 24, 25, 26, 27, 28, 29, 30, 31
Valid weekdays: Monday, Tuesday, Wednesday, Thursday, Friday, Saturday, Sunday
When: 23:30:00
Current Time: 2011-01-01 16:00:00
Valid Interval: 23:00:00-13:00:00
Valid days of month: 1, 2, 3, 4, 5, 6, 7, 8, 9, 10, 11, 12, 13, 14, 15, 16, 17, 18, 19, 20, 21, 22, 23, 24, 25, 26, 27, 28, 29, 30, 31
Valid weekdays: Monday, Tuesday, Wednesday, Thursday, Friday, Saturday, Sunday
When: 23:30:00
Current Time: 2011-01-01 23:00:00
Valid Interval: 23:00:00-13:00:00
Valid days of month: 1, 2, 3, 4, 5, 6, 7, 8, 9, 10, 11, 12, 13, 14, 15, 16, 17, 18, 19, 20, 21, 22, 23, 24, 25, 26, 27, 28, 29, 30, 31
Valid weekdays: Monday, Tuesday, Wednesday, Thursday, Friday, Saturday, Sunday
When: 23:30:00
Current Time: 2011-01-01 23:30:00
Valid Interval: 23:00:00-13:00:00
Valid days of month: 1, 2, 3, 4, 5, 6, 7, 8, 9, 10, 11, 12, 13, 14, 15, 16, 17, 18, 19, 20, 21, 22, 23, 24, 25, 26, 27, 28, 29, 30, 31
Valid weekdays: Monday, Tuesday, Wednesday, Thursday, Friday, Saturday, Sunday
When: 23:30:00
Current Time: 2011-01-01 23:45:00
Valid Interval: 23:00:00-13:00:00
Valid days of month: 1, 2, 3, 4, 5, 6, 7, 8, 9, 10, 11, 12, 13, 14, 15, 16, 17, 18, 19, 20, 21, 22, 23, 24, 25, 26, 27, 28, 29, 30, 31
Valid weekdays: Monday, Tuesday, Wednesday, Thursday, Friday, Saturday, Sunday
When: 23:30:00
Current Time: 2011-01-02 00:30:00
Valid Interval: 23:00:00-13:00:00
Valid days of month: 1, 2, 3, 4, 5, 6, 7, 8, 9, 10, 11, 12, 13, 14, 15, 16, 17, 18, 19, 20, 21, 22, 23, 24, 25, 26, 27, 28, 29, 30, 31
Valid weekdays: Monday, Tuesday, Wednesday, Thursday, Friday, Saturday, Sunday
When: 23:30:00
Current Time: 2011-01-01 13:00:00
Valid Interval: 23:00:00-13:00:00
Valid days of month: 1, 2, 3, 4, 5, 6, 7, 8, 9, 10, 11, 12, 13, 14, 15, 16, 17, 18, 19, 20, 21, 22, 23, 24, 25, 26, 27, 28, 29, 30, 31
Valid weekdays: Monday, Tuesday, Wednesday, Thursday, Friday, Saturday, Sunday
When: 01:00:00
Current Time: 2011-01-01 16:00:00
Valid Interval: 23:00:00-13:00:00
Valid days of month: 1, 2, 3, 4, 5, 6, 7, 8, 9, 10, 11, 12, 13, 14, 15, 16, 17, 18, 19, 20, 21, 22, 23, 24, 25, 26, 27, 28, 29, 30, 31
Valid weekdays: Monday, Tuesday, Wednesday, Thursday, Friday, Saturday, Sunday
When: 01:00:00
Current Time: 2011-01-01 23:00:00
Valid Interval: 23:00:00-13:00:00
Valid days of month: 1, 2, 3, 4, 5, 6, 7, 8, 9, 10, 11, 12, 13, 14, 15, 16, 17, 18, 19, 20, 21, 22, 23, 24, 25, 26, 27, 28, 29, 30, 31
Valid weekdays: Monday, Tuesday, Wednesday, Thursday, Friday, Saturday, Sunday
When: 01:00:00
Current Time: 2011-01-01 23:30:00
Valid Interval: 23:00:00-13:00:00
Valid days of month: 1, 2, 3, 4, 5, 6, 7, 8, 9, 10, 11, 12, 13, 14, 15, 16, 17, 18, 19, 20, 21, 22, 23, 24, 25, 26, 27, 28, 29, 30, 31
Valid weekdays: Monday, Tuesday, Wednesday, Thursday, Friday, Saturday, Sunday
When: 01:00:00
Current Time: 2011-01-02 00:30:00
Valid Interval: 23:00:00-13:00:00
Valid days of month: 1, 2, 3, 4, 5, 6, 7, 8, 9, 10, 11, 12, 13, 14, 15, 16, 17, 18, 19, 20, 21, 22, 23, 24, 25, 26, 27, 28, 29, 30, 31
Valid weekdays: Monday, Tuesday, Wednesday, Thursday, Friday, Saturday, Sunday
When: 01:00:00
Current Time: 2011-01-02 02:00:00
Valid Interval: 23:00:00-13:00:00
Valid days of month: 1, 2, 3, 4, 5, 6, 7, 8, 9, 10, 11, 12, 13, 14, 15, 16, 17, 18, 19, 20, 21, 22, 23, 24, 25, 26, 27, 28, 29, 30, 31
Valid weekdays: Monday, Tuesday, Wednesday, Thursday, Friday, Saturday, Sunday
When: 01:00:00
Current Time: 2011-01-02 13:00:00
Valid Interval: 23:00:00-13:00:00
Valid days of month: 1, 2, 3, 4, 5, 6, 7, 8, 9, 10, 11, 12, 13, 14, 15, 16, 17, 18, 19, 20, 21, 22, 23, 24, 25, 26, 27, 28, 29, 30, 31
Valid weekdays: Monday, Tuesday, Wednesday, Thursday, Friday, Saturday, Sunday
When: 23:30:00
Current Time: 2011-01-01 23:30:05
Valid Interval: 23:00:00-13:00:00
Valid days of month: 1, 2, 3, 4, 5, 6, 7, 8, 9, 10, 11, 12, 13, 14, 15, 16, 17, 18, 19, 20, 21, 22, 23, 24, 25, 26, 27, 28, 29, 30, 31
Valid weekdays: Monday, Tuesday, Wednesday, Thursday, Friday, Saturday, Sunday
When: 23:30:00
Current Time: 2011-01-02 00:30:00
Valid Interval: 23:00:00-13:00:00
Valid days of month: 1, 2, 3, 4, 5, 6, 7, 8, 9, 10, 11, 12, 13, 14, 15, 16, 17, 18, 19, 20, 21, 22, 23, 24, 25, 26, 27, 28, 29, 30, 31
Valid weekdays: Monday, Tuesday, Wednesday, Thursday, Friday, Saturday, Sunday
When: 23:30:00
Current Time: 2011-01-02 13:00:00
Valid Interval: 23:00:00-13:00:00
Valid days of month: 1, 2, 3, 4, 5, 6, 7, 8, 9, 10, 11, 12, 13, 14, 15, 16, 17, 18, 19, 20, 21, 22, 23, 24, 25, 26, 27, 28, 29, 30, 31
Valid weekdays: Monday, Tuesday, Wednesday, Thursday, Friday, Saturday, Sunday
When: 01:00:00
Current Time: 2011-01-01 02:00:00
Valid Interval: 23:00:00-13:00:00
Valid days of month: 1, 2, 3, 4, 5, 6, 7, 8, 9, 10, 11, 12, 13, 14, 15, 16, 17, 18, 19, 20, 21, 22, 23, 24, 25, 26, 27, 28, 29, 30, 31
Valid weekdays: Monday, Tuesday, Wednesday, Thursday, Friday, Saturday, Sunday
When: 01:00:00
Current Time: 2011-01-02 02:00:00
Valid Interval: 13:00:00-16:00:00
Valid days of month: 1, 2, 3, 4, 5, 6, 7, 8, 9, 10, 11, 12, 13, 14, 15, 16, 17, 18, 19, 20, 21, 22, 23, 24, 25, 26, 27, 28, 29, 30, 31
Valid weekdays: Saturday, Sunday
When: 14:00:00
Current Time: 2007-01-01 12:00:00
Valid Interval: 13:00:00-16:00:00
Valid days of month: 1, 2, 3, 4, 5, 6, 7, 8, 9, 10, 11, 12, 13, 14, 15, 16, 17, 18, 19, 20, 21, 22, 23, 24, 25, 26, 27, 28, 29, 30, 31
Valid weekdays: Saturday, Sunday
When: 14:00:00
Current Time: 2007-01-02 13:30:00
Valid Interval: 13:00:00-16:00:00
Valid days of month: 1, 2, 3, 4, 5, 6, 7, 8, 9, 10, 11, 12, 13, 14, 15, 16, 17, 18, 19, 20, 21, 22, 23, 24, 25, 26, 27, 28, 29, 30, 31
Valid weekdays: Saturday, Sunday
When: 14:00:00
Current Time: 2007-01-06 13:30:00
Valid Interval: 13:00:00-16:00:00
Valid days of month: 1, 2, 3, 4, 5, 6, 7, 8, 9, 10, 11, 12, 13, 14, 15, 16, 17, 18, 19, 20, 21, 22, 23, 24, 25, 26, 27, 28, 29, 30, 31
Valid weekdays: Saturday, Sunday
When: 14:00:00
Current Time: 2007-01-06 14:30:00
Valid Interval: 13:00:00-16:00:00
Valid days of month: 1, 2, 3, 4, 5, 6, 7, 8, 9, 10, 11, 12, 13, 14, 15, 16, 17, 18, 19, 20, 21, 22, 23, 24, 25, 26, 27, 28, 29, 30, 31
Valid weekdays: Saturday, Sunday
When: 14:00:00
Current Time: 2007-01-06 16:30:00
Valid Interval: 13:00:00-16:00:00
Valid days of month: 1, 2, 3, 4, 5, 6, 7, 8, 9, 10, 11, 12, 13, 14, 15, 16, 17, 18, 19, 20, 21, 22, 23, 24, 25, 26, 27, 28, 29, 30, 31
Valid weekdays: Saturday, Sunday
When: 14:00:00
Current Time: 2007-01-07 16:00:00
Valid Interval: 23:00:00-02:00:00
Valid days of month: 1, 2, 3, 4, 5, 6, 7, 8, 9, 10, 11, 12, 13, 14, 15, 16, 17, 18, 19, 20, 21, 22, 23, 24, 25, 26, 27, 28, 29, 30, 31
Valid weekdays: Saturday, Sunday
When: 01:00:00
Current Time: 2007-01-01 12:00:00
Valid Interval: 23:00:00-02:00:00
Valid days of month: 1, 2, 3, 4, 5, 6, 7, 8, 9, 10, 11, 12, 13, 14, 15, 16, 17, 18, 19, 20, 21, 22, 23, 24, 25, 26, 27, 28, 29, 30, 31
Valid weekdays: Saturday, Sunday
When: 01:00:00
Current Time: 2007-01-02 01:00:00
Valid Interval: 23:00:00-02:00:00
Valid days of month: 1, 2, 3, 4, 5, 6, 7, 8, 9, 10, 11, 12, 13, 14, 15, 16, 17, 18, 19, 20, 21, 22, 23, 24, 25, 26, 27, 28, 29, 30, 31
Valid weekdays: Saturday, Sunday
When: 01:00:00
Current Time: 2007-01-06 00:30:00
Valid Interval: 23:00:00-02:00:00
Valid days of month: 1, 2, 3, 4, 5, 6, 7, 8, 9, 10, 11, 12, 13, 14, 15, 16, 17, 18, 19, 20, 21, 22, 23, 24, 25, 26, 27, 28, 29, 30, 31
Valid weekdays: Saturday, Sunday
When: 01:00:00
Current Time: 2007-01-06 01:30:00
Valid Interval: 23:00:00-02:00:00
Valid days of month: 1, 2, 3, 4, 5, 6, 7, 8, 9, 10, 11, 12, 13, 14, 15, 16, 17, 18, 19, 20, 21, 22, 23, 24, 25, 26, 27, 28, 29, 30, 31
Valid weekdays: Saturday, Sunday
When: 01:00:00
Current Time: 2007-01-06 02:30:00
Valid Interval: 23:00:00-02:00:00
Valid days of month: 1, 2, 3, 4, 5, 6, 7, 8, 9, 10, 11, 12, 13, 14, 15, 16, 17, 18, 19, 20, 21, 22, 23, 24, 25, 26, 27, 28, 29, 30, 31
Valid weekdays: Saturday, Sunday
When: 01:00:00
Current Time: 2007-01-07 02:00:00
Valid Interval: 23:00:00-02:00:00
Valid days of month: 1, 2, 3, 4, 5, 6, 7, 8, 9, 10, 11, 12, 13, 14, 15, 16, 17, 18, 19, 20, 21, 22, 23, 24, 25, 26, 27, 28, 29, 30, 31
Valid weekdays: Saturday, Sunday
When: 23:30:00
Current Time: 2007-01-01 12:00:00
Valid Interval: 23:00:00-02:00:00
Valid days of month: 1, 2, 3, 4, 5, 6, 7, 8, 9, 10, 11, 12, 13, 14, 15, 16, 17, 18, 19, 20, 21, 22, 23, 24, 25, 26, 27, 28, 29, 30, 31
Valid weekdays: Saturday, Sunday
When: 23:30:00
Current Time: 2007-01-05 23:30:00
Valid Interval: 23:00:00-02:00:00
Valid days of month: 1, 2, 3, 4, 5, 6, 7, 8, 9, 10, 11, 12, 13, 14, 15, 16, 17, 18, 19, 20, 21, 22, 23, 24, 25, 26, 27, 28, 29, 30, 31
Valid weekdays: Saturday, Sunday
When: 23:30:00
Current Time: 2007-01-06 23:00:00
Valid Interval: 23:00:00-02:00:00
Valid days of month: 1, 2, 3, 4, 5, 6, 7, 8, 9, 10, 11, 12, 13, 14, 15, 16, 17, 18, 19, 20, 21, 22, 23, 24, 25, 26, 27, 28, 29, 30, 31
Valid weekdays: Saturday, Sunday
When: 23:30:00
Current Time: 2007-01-06 02:00:00
Valid Interval: 23:00:00-02:00:00
Valid days of month: 1, 2, 3, 4, 5, 6, 7, 8, 9, 10, 11, 12, 13, 14, 15, 16, 17, 18, 19, 20, 21, 22, 23, 24, 25, 26, 27, 28, 29, 30, 31
Valid weekdays: Saturday, Sunday
When: 23:30:00
Current Time: 2007-01-07 23:40:00
Valid Interval: 23:00:00-02:00:00
Valid days of month: 1, 2, 3, 4, 5, 6, 7, 8, 9, 10, 11, 12, 13, 14, 15, 16, 17, 18, 19, 20, 21, 22, 23, 24, 25, 26, 27, 28, 29, 30, 31
Valid weekdays: Saturday, Sunday
When: 23:30:00
Current Time: 2007-01-07 01:00:00
Valid Interval: 13:00:00-16:00:00
Valid days of month: 1, 2, 3, 4, 5, 6, 7, 8, 9, 10, 11, 12, 13, 14, 15, 16, 17, 18, 19, 20, 21, 22, 23, 24, 25, 26, 27, 28, 29, 30, 31
Valid weekdays: Saturday, Sunday
When: 14:00:00
Current Time: 2007-01-01 12:00:00
Valid Interval: 13:00:00-16:00:00
Valid days of month: 1, 2, 3, 4, 5, 6, 7, 8, 9, 10, 11, 12, 13, 14, 15, 16, 17, 18, 19, 20, 21, 22, 23, 24, 25, 26, 27, 28, 29, 30, 31
Valid weekdays: Saturday, Sunday
When: 14:00:00
Current Time: 2007-01-02 13:30:00
Valid Interval: 13:00:00-16:00:00
Valid days of month: 1, 2, 3, 4, 5, 6, 7, 8, 9, 10, 11, 12, 13, 14, 15, 16, 17, 18, 19, 20, 21, 22, 23, 24, 25, 26, 27, 28, 29, 30, 31
Valid weekdays: Saturday, Sunday
When: 14:00:00
Current Time: 2007-01-06 13:30:00
Valid Interval: 13:00:00-16:00:00
Valid days of month: 1, 2, 3, 4, 5, 6, 7, 8, 9, 10, 11, 12, 13, 14, 15, 16, 17, 18, 19, 20, 21, 22, 23, 24, 25, 26, 27, 28, 29, 30, 31
Valid weekdays: Saturday, Sunday
When: 14:00:00
Current Time: 2007-01-06 14:30:00
Valid Interval: 13:00:00-16:00:00
Valid days of month: 1, 2, 3, 4, 5, 6, 7, 8, 9, 10, 11, 12, 13, 14, 15, 16, 17, 18, 19, 20, 21, 22, 23, 24, 25, 26, 27, 28, 29, 30, 31
Valid weekdays: Saturday, Sunday
When: 14:00:00
Current Time: 2007-01-06 16:30:00
Valid Interval: 13:00:00-16:00:00
Valid days of month: 1, 2, 3, 4, 5, 6, 7, 8, 9, 10, 11, 12, 13, 14, 15, 16, 17, 18, 19, 20, 21, 22, 23, 24, 25, 26, 27, 28, 29, 30, 31
Valid weekdays: Saturday, Sunday
When: 14:00:00
Current Time: 2007-01-07 16:00:00
Valid Interval: 23:00:00-02:00:00
Valid days of month: 1, 2, 3, 4, 5, 6, 7, 8, 9, 10, 11, 12, 13, 14, 15, 16, 17, 18, 19, 20, 21, 22, 23, 24, 25, 26, 27, 28, 29, 30, 31
Valid weekdays: Saturday, Sunday
When: 01:00:00
Current Time: 2007-01-01 12:00:00
Valid Interval: 23:00:00-02:00:00
Valid days of month: 1, 2, 3, 4, 5, 6, 7, 8, 9, 10, 11, 12, 13, 14, 15, 16, 17, 18, 19, 20, 21, 22, 23, 24, 25, 26, 27, 28, 29, 30, 31
Valid weekdays: Saturday, Sunday
When: 01:00:00
Current Time: 2007-01-02 01:00:00
Valid Interval: 23:00:00-02:00:00
Valid days of month: 1, 2, 3, 4, 5, 6, 7, 8, 9, 10, 11, 12, 13, 14, 15, 16, 17, 18, 19, 20, 21, 22, 23, 24, 25, 26, 27, 28, 29, 30, 31
Valid weekdays: Saturday, Sunday
When: 01:00:00
Current Time: 2007-01-06 00:30:00
Valid Interval: 23:00:00-02:00:00
Valid days of month: 1, 2, 3, 4, 5, 6, 7, 8, 9, 10, 11, 12, 13, 14, 15, 16, 17, 18, 19, 20, 21, 22, 23, 24, 25, 26, 27, 28, 29, 30, 31
Valid weekdays: Saturday, Sunday
When: 01:00:00
Current Time: 2007-01-06 02:30:00
Valid Interval: 23:00:00-02:00:00
Valid days of month: 1, 2, 3, 4, 5, 6, 7, 8, 9, 10, 11, 12, 13, 14, 15, 16, 17, 18, 19, 20, 21, 22, 23, 24, 25, 26, 27, 28, 29, 30, 31
Valid weekdays: Saturday, Sunday
When: 23:30:00
Current Time: 2007-01-01 12:00:00
Valid Interval: 23:00:00-02:00:00
Valid days of month: 1, 2, 3, 4, 5, 6, 7, 8, 9, 10, 11, 12, 13, 14, 15, 16, 17, 18, 19, 20, 21, 22, 23, 24, 25, 26, 27, 28, 29, 30, 31
Valid weekdays: Saturday, Sunday
When: 23:30:00
Current Time: 2007-01-05 23:30:00
Valid Interval: 23:00:00-02:00:00
Valid days of month: 1, 2, 3, 4, 5, 6, 7, 8, 9, 10, 11, 12, 13, 14, 15, 16, 17, 18, 19, 20, 21, 22, 23, 24, 25, 26, 27, 28, 29, 30, 31
Valid weekdays: Saturday, Sunday
When: 23:30:00
Current Time: 2007-01-06 23:00:00
Valid Interval: 23:00:00-02:00:00
Valid days of month: 1, 2, 3, 4, 5, 6, 7, 8, 9, 10, 11, 12, 13, 14, 15, 16, 17, 18, 19, 20, 21, 22, 23, 24, 25, 26, 27, 28, 29, 30, 31
Valid weekdays: Saturday, Sunday
When: 23:30:00
Current Time: 2007-01-06 02:00:00
Valid Interval: 23:00:00-02:00:00
Valid days of month: 1, 2, 3, 4, 5, 6, 7, 8, 9, 10, 11, 12, 13, 14, 15, 16, 17, 18, 19, 20, 21, 22, 23, 24, 25, 26, 27, 28, 29, 30, 31
Valid weekdays: Saturday, Sunday
When: 23:30:00
Current Time: 2007-01-07 23:40:00
Valid Interval: 23:00:00-02:00:00
Valid days of month: 1, 2, 3, 4, 5, 6, 7, 8, 9, 10, 11, 12, 13, 14, 15, 16, 17, 18, 19, 20, 21, 22, 23, 24, 25, 26, 27, 28, 29, 30, 31
Valid weekdays: Saturday, Sunday
When: 23:30:00
Current Time: 2007-01-07 01:00:00
Valid Interval: 13:00:00-16:00:00
Valid days of month: 1, 2, 3, 4, 5, 6, 7, 8, 9, 10, 11, 12, 13, 14, 15, 16, 17, 18, 19, 20, 21, 22, 23, 24, 25, 26, 27, 28, 29, 30, 31
Valid weekdays: Saturday, Sunday
When: 14:00:00
Current Time: 2007-01-06 14:30:00
Valid Interval: 13:00:00-16:00:00
Valid days of month: 1, 2, 3, 4, 5, 6, 7, 8, 9, 10, 11, 12, 13, 14, 15, 16, 17, 18, 19, 20, 21, 22, 23, 24, 25, 26, 27, 28, 29, 30, 31
Valid weekdays: Saturday, Sunday
When: 14:00:00
Current Time: 2007-01-07 15:00:00
Valid Interval: 23:00:00-02:00:00
Valid days of month: 1, 2, 3, 4, 5, 6, 7, 8, 9, 10, 11, 12, 13, 14, 15, 16, 17, 18, 19, 20, 21, 22, 23, 24, 25, 26, 27, 28, 29, 30, 31
Valid weekdays: Saturday, Sunday
When: 01:00:00
Current Time: 2007-01-06 01:30:00
Valid Interval: 23:00:00-02:00:00
Valid days of month: 1, 2, 3, 4, 5, 6, 7, 8, 9, 10, 11, 12, 13, 14, 15, 16, 17, 18, 19, 20, 21, 22, 23, 24, 25, 26, 27, 28, 29, 30, 31
Valid weekdays: Saturday, Sunday
When: 01:00:00
Current Time: 2007-01-07 01:30:00
Valid Interval: 23:00:00-02:00:00
Valid days of month: 1, 2, 3, 4, 5, 6, 7, 8, 9, 10, 11, 12, 13, 14, 15, 16, 17, 18, 19, 20, 21, 22, 23, 24, 25, 26, 27, 28, 29, 30, 31
Valid weekdays: Saturday, Sunday
When: 23:30:00
Current Time: 2007-01-06 23:02:00
Valid Interval: 23:00:00-02:00:00
Valid days of month: 1, 2, 3, 4, 5, 6, 7, 8, 9, 10, 11, 12, 13, 14, 15, 16, 17, 18, 19, 20, 21, 22, 23, 24, 25, 26, 27, 28, 29, 30, 31
Valid weekdays: Saturday, Sunday
When: 23:30:00
Current Time: 2007-01-06 01:10:00
Valid Interval: 23:00:00-02:00:00
Valid days of month: 1, 2, 3, 4, 5, 6, 7, 8, 9, 10, 11, 12, 13, 14, 15, 16, 17, 18, 19, 20, 21, 22, 23, 24, 25, 26, 27, 28, 29, 30, 31
Valid weekdays: Saturday, Sunday
When: 23:30:00
Current Time: 2007-01-07 01:00:40
Valid Interval: 23:00:00-02:00:00
Valid days of month: 2
Valid weekdays: Saturday, Sunday
When: 23:30:00
Current Time: 2007-01-01 12:00:00
Valid Interval: 23:00:00-02:00:00
Valid days of month: 1, 2
Valid weekdays: Saturday, Sunday
When: 23:30:00
Current Time: 2007-01-05 23:30:00
Valid Interval: 23:00:00-02:00:00
Valid days of month: 1, 2
Valid weekdays: Saturday, Sunday
When: 23:30:00
Current Time: 2007-01-06 23:00:00</StdOut>
      </Output>
    </UnitTestResult>
    <UnitTestResult executionId="bf0deb0d-5e3b-44e9-b521-c29d067e1006" testId="bd560b8b-2a60-4b0f-ba79-ab8dd58001d2" testName="GetNextTimeToTrigger_AbsoluteTimer_ReturnsCorrectTime (Data Row 46)" computerName="ICSWS068" duration="00:00:00.0040438" startTime="2016-08-04T07:57:22.8192114+02:00" endTime="2016-08-04T07:57:22.8232158+02:00" testType="13cdc9d9-ddb5-4fa4-a97d-d965ccfc6d4b" outcome="Passed" testListId="8c84fa94-04c1-424b-9868-57a2d4851a1d" relativeResultsDirectory="bf0deb0d-5e3b-44e9-b521-c29d067e1006">
      <Output>
        <StdOut>TestContext Messages:
Valid Interval: 11:00:00-13:00:00
Valid days of month: 1, 2, 3, 4, 5, 6, 7, 8, 9, 10, 11, 12, 13, 14, 15, 16, 17, 18, 19, 20, 21, 22, 23, 24, 25, 26, 27, 28, 29, 30, 31
Valid weekdays: Monday, Tuesday, Wednesday, Thursday, Friday, Saturday, Sunday
When: 12:00:00
Current Time: 2011-01-01 00:00:00
Valid Interval: 11:00:00-13:00:00
Valid days of month: 1, 2, 3, 4, 5, 6, 7, 8, 9, 10, 11, 12, 13, 14, 15, 16, 17, 18, 19, 20, 21, 22, 23, 24, 25, 26, 27, 28, 29, 30, 31
Valid weekdays: Monday, Tuesday, Wednesday, Thursday, Friday, Saturday, Sunday
When: 12:00:00
Current Time: 2011-01-01 09:00:00
Valid Interval: 11:00:00-13:00:00
Valid days of month: 1, 2, 3, 4, 5, 6, 7, 8, 9, 10, 11, 12, 13, 14, 15, 16, 17, 18, 19, 20, 21, 22, 23, 24, 25, 26, 27, 28, 29, 30, 31
Valid weekdays: Monday, Tuesday, Wednesday, Thursday, Friday, Saturday, Sunday
When: 12:00:00
Current Time: 2011-01-01 11:00:00
Valid Interval: 11:00:00-13:00:00
Valid days of month: 1, 2, 3, 4, 5, 6, 7, 8, 9, 10, 11, 12, 13, 14, 15, 16, 17, 18, 19, 20, 21, 22, 23, 24, 25, 26, 27, 28, 29, 30, 31
Valid weekdays: Monday, Tuesday, Wednesday, Thursday, Friday, Saturday, Sunday
When: 12:00:00
Current Time: 2011-01-01 12:00:00
Valid Interval: 11:00:00-13:00:00
Valid days of month: 1, 2, 3, 4, 5, 6, 7, 8, 9, 10, 11, 12, 13, 14, 15, 16, 17, 18, 19, 20, 21, 22, 23, 24, 25, 26, 27, 28, 29, 30, 31
Valid weekdays: Monday, Tuesday, Wednesday, Thursday, Friday, Saturday, Sunday
When: 12:00:00
Current Time: 2011-01-01 12:30:00
Valid Interval: 11:00:00-13:00:00
Valid days of month: 1, 2, 3, 4, 5, 6, 7, 8, 9, 10, 11, 12, 13, 14, 15, 16, 17, 18, 19, 20, 21, 22, 23, 24, 25, 26, 27, 28, 29, 30, 31
Valid weekdays: Monday, Tuesday, Wednesday, Thursday, Friday, Saturday, Sunday
When: 12:00:00
Current Time: 2011-01-01 13:00:00
Valid Interval: 11:00:00-13:00:00
Valid days of month: 1, 2, 3, 4, 5, 6, 7, 8, 9, 10, 11, 12, 13, 14, 15, 16, 17, 18, 19, 20, 21, 22, 23, 24, 25, 26, 27, 28, 29, 30, 31
Valid weekdays: Monday, Tuesday, Wednesday, Thursday, Friday, Saturday, Sunday
When: 12:00:00
Current Time: 2011-01-02 00:00:00
Valid Interval: 11:00:00-13:00:00
Valid days of month: 1, 2, 3, 4, 5, 6, 7, 8, 9, 10, 11, 12, 13, 14, 15, 16, 17, 18, 19, 20, 21, 22, 23, 24, 25, 26, 27, 28, 29, 30, 31
Valid weekdays: Monday, Tuesday, Wednesday, Thursday, Friday, Saturday, Sunday
When: 12:00:00
Current Time: 2011-01-02 09:00:00
Valid Interval: 11:00:00-13:00:00
Valid days of month: 1, 2, 3, 4, 5, 6, 7, 8, 9, 10, 11, 12, 13, 14, 15, 16, 17, 18, 19, 20, 21, 22, 23, 24, 25, 26, 27, 28, 29, 30, 31
Valid weekdays: Monday, Tuesday, Wednesday, Thursday, Friday, Saturday, Sunday
When: 12:00:00
Current Time: 2011-01-02 12:00:00
Valid Interval: 11:00:00-13:00:00
Valid days of month: 1, 2, 3, 4, 5, 6, 7, 8, 9, 10, 11, 12, 13, 14, 15, 16, 17, 18, 19, 20, 21, 22, 23, 24, 25, 26, 27, 28, 29, 30, 31
Valid weekdays: Monday, Tuesday, Wednesday, Thursday, Friday, Saturday, Sunday
When: 12:00:00
Current Time: 2011-01-02 12:45:30
Valid Interval: 11:00:00-13:00:00
Valid days of month: 1, 2, 3, 4, 5, 6, 7, 8, 9, 10, 11, 12, 13, 14, 15, 16, 17, 18, 19, 20, 21, 22, 23, 24, 25, 26, 27, 28, 29, 30, 31
Valid weekdays: Monday, Tuesday, Wednesday, Thursday, Friday, Saturday, Sunday
When: 12:00:00
Current Time: 2011-01-02 13:00:00
Valid Interval: 11:00:00-13:00:00
Valid days of month: 1, 2, 3, 4, 5, 6, 7, 8, 9, 10, 11, 12, 13, 14, 15, 16, 17, 18, 19, 20, 21, 22, 23, 24, 25, 26, 27, 28, 29, 30, 31
Valid weekdays: Monday, Tuesday, Wednesday, Thursday, Friday, Saturday, Sunday
When: 12:00:00
Current Time: 2011-01-01 12:00:00
Valid Interval: 11:00:00-13:00:00
Valid days of month: 1, 2, 3, 4, 5, 6, 7, 8, 9, 10, 11, 12, 13, 14, 15, 16, 17, 18, 19, 20, 21, 22, 23, 24, 25, 26, 27, 28, 29, 30, 31
Valid weekdays: Monday, Tuesday, Wednesday, Thursday, Friday, Saturday, Sunday
When: 12:00:00
Current Time: 2011-01-01 12:30:00
Valid Interval: 11:00:00-13:00:00
Valid days of month: 1, 2, 3, 4, 5, 6, 7, 8, 9, 10, 11, 12, 13, 14, 15, 16, 17, 18, 19, 20, 21, 22, 23, 24, 25, 26, 27, 28, 29, 30, 31
Valid weekdays: Monday, Tuesday, Wednesday, Thursday, Friday, Saturday, Sunday
When: 12:00:00
Current Time: 2011-01-01 12:30:00
Valid Interval: 11:00:00-13:00:00
Valid days of month: 1, 2, 3, 4, 5, 6, 7, 8, 9, 10, 11, 12, 13, 14, 15, 16, 17, 18, 19, 20, 21, 22, 23, 24, 25, 26, 27, 28, 29, 30, 31
Valid weekdays: Monday, Tuesday, Wednesday, Thursday, Friday, Saturday, Sunday
When: 12:00:00
Current Time: 2011-01-01 13:00:00
Valid Interval: 11:00:00-13:00:00
Valid days of month: 1, 2, 3, 4, 5, 6, 7, 8, 9, 10, 11, 12, 13, 14, 15, 16, 17, 18, 19, 20, 21, 22, 23, 24, 25, 26, 27, 28, 29, 30, 31
Valid weekdays: Monday, Tuesday, Wednesday, Thursday, Friday, Saturday, Sunday
When: 12:00:00
Current Time: 2011-01-01 14:30:00
Valid Interval: 23:00:00-13:00:00
Valid days of month: 1, 2, 3, 4, 5, 6, 7, 8, 9, 10, 11, 12, 13, 14, 15, 16, 17, 18, 19, 20, 21, 22, 23, 24, 25, 26, 27, 28, 29, 30, 31
Valid weekdays: Monday, Tuesday, Wednesday, Thursday, Friday, Saturday, Sunday
When: 23:30:00
Current Time: 2011-01-01 16:00:00
Valid Interval: 23:00:00-13:00:00
Valid days of month: 1, 2, 3, 4, 5, 6, 7, 8, 9, 10, 11, 12, 13, 14, 15, 16, 17, 18, 19, 20, 21, 22, 23, 24, 25, 26, 27, 28, 29, 30, 31
Valid weekdays: Monday, Tuesday, Wednesday, Thursday, Friday, Saturday, Sunday
When: 23:30:00
Current Time: 2011-01-01 23:00:00
Valid Interval: 23:00:00-13:00:00
Valid days of month: 1, 2, 3, 4, 5, 6, 7, 8, 9, 10, 11, 12, 13, 14, 15, 16, 17, 18, 19, 20, 21, 22, 23, 24, 25, 26, 27, 28, 29, 30, 31
Valid weekdays: Monday, Tuesday, Wednesday, Thursday, Friday, Saturday, Sunday
When: 23:30:00
Current Time: 2011-01-01 23:30:00
Valid Interval: 23:00:00-13:00:00
Valid days of month: 1, 2, 3, 4, 5, 6, 7, 8, 9, 10, 11, 12, 13, 14, 15, 16, 17, 18, 19, 20, 21, 22, 23, 24, 25, 26, 27, 28, 29, 30, 31
Valid weekdays: Monday, Tuesday, Wednesday, Thursday, Friday, Saturday, Sunday
When: 23:30:00
Current Time: 2011-01-01 23:45:00
Valid Interval: 23:00:00-13:00:00
Valid days of month: 1, 2, 3, 4, 5, 6, 7, 8, 9, 10, 11, 12, 13, 14, 15, 16, 17, 18, 19, 20, 21, 22, 23, 24, 25, 26, 27, 28, 29, 30, 31
Valid weekdays: Monday, Tuesday, Wednesday, Thursday, Friday, Saturday, Sunday
When: 23:30:00
Current Time: 2011-01-02 00:30:00
Valid Interval: 23:00:00-13:00:00
Valid days of month: 1, 2, 3, 4, 5, 6, 7, 8, 9, 10, 11, 12, 13, 14, 15, 16, 17, 18, 19, 20, 21, 22, 23, 24, 25, 26, 27, 28, 29, 30, 31
Valid weekdays: Monday, Tuesday, Wednesday, Thursday, Friday, Saturday, Sunday
When: 23:30:00
Current Time: 2011-01-01 13:00:00
Valid Interval: 23:00:00-13:00:00
Valid days of month: 1, 2, 3, 4, 5, 6, 7, 8, 9, 10, 11, 12, 13, 14, 15, 16, 17, 18, 19, 20, 21, 22, 23, 24, 25, 26, 27, 28, 29, 30, 31
Valid weekdays: Monday, Tuesday, Wednesday, Thursday, Friday, Saturday, Sunday
When: 01:00:00
Current Time: 2011-01-01 16:00:00
Valid Interval: 23:00:00-13:00:00
Valid days of month: 1, 2, 3, 4, 5, 6, 7, 8, 9, 10, 11, 12, 13, 14, 15, 16, 17, 18, 19, 20, 21, 22, 23, 24, 25, 26, 27, 28, 29, 30, 31
Valid weekdays: Monday, Tuesday, Wednesday, Thursday, Friday, Saturday, Sunday
When: 01:00:00
Current Time: 2011-01-01 23:00:00
Valid Interval: 23:00:00-13:00:00
Valid days of month: 1, 2, 3, 4, 5, 6, 7, 8, 9, 10, 11, 12, 13, 14, 15, 16, 17, 18, 19, 20, 21, 22, 23, 24, 25, 26, 27, 28, 29, 30, 31
Valid weekdays: Monday, Tuesday, Wednesday, Thursday, Friday, Saturday, Sunday
When: 01:00:00
Current Time: 2011-01-01 23:30:00
Valid Interval: 23:00:00-13:00:00
Valid days of month: 1, 2, 3, 4, 5, 6, 7, 8, 9, 10, 11, 12, 13, 14, 15, 16, 17, 18, 19, 20, 21, 22, 23, 24, 25, 26, 27, 28, 29, 30, 31
Valid weekdays: Monday, Tuesday, Wednesday, Thursday, Friday, Saturday, Sunday
When: 01:00:00
Current Time: 2011-01-02 00:30:00
Valid Interval: 23:00:00-13:00:00
Valid days of month: 1, 2, 3, 4, 5, 6, 7, 8, 9, 10, 11, 12, 13, 14, 15, 16, 17, 18, 19, 20, 21, 22, 23, 24, 25, 26, 27, 28, 29, 30, 31
Valid weekdays: Monday, Tuesday, Wednesday, Thursday, Friday, Saturday, Sunday
When: 01:00:00
Current Time: 2011-01-01 02:00:00
Valid Interval: 23:00:00-13:00:00
Valid days of month: 1, 2, 3, 4, 5, 6, 7, 8, 9, 10, 11, 12, 13, 14, 15, 16, 17, 18, 19, 20, 21, 22, 23, 24, 25, 26, 27, 28, 29, 30, 31
Valid weekdays: Monday, Tuesday, Wednesday, Thursday, Friday, Saturday, Sunday
When: 01:00:00
Current Time: 2011-01-01 13:00:00
Valid Interval: 23:00:00-13:00:00
Valid days of month: 1, 2, 3, 4, 5, 6, 7, 8, 9, 10, 11, 12, 13, 14, 15, 16, 17, 18, 19, 20, 21, 22, 23, 24, 25, 26, 27, 28, 29, 30, 31
Valid weekdays: Monday, Tuesday, Wednesday, Thursday, Friday, Saturday, Sunday
When: 23:30:00
Current Time: 2011-01-01 16:00:00
Valid Interval: 23:00:00-13:00:00
Valid days of month: 1, 2, 3, 4, 5, 6, 7, 8, 9, 10, 11, 12, 13, 14, 15, 16, 17, 18, 19, 20, 21, 22, 23, 24, 25, 26, 27, 28, 29, 30, 31
Valid weekdays: Monday, Tuesday, Wednesday, Thursday, Friday, Saturday, Sunday
When: 23:30:00
Current Time: 2011-01-01 23:00:00
Valid Interval: 23:00:00-13:00:00
Valid days of month: 1, 2, 3, 4, 5, 6, 7, 8, 9, 10, 11, 12, 13, 14, 15, 16, 17, 18, 19, 20, 21, 22, 23, 24, 25, 26, 27, 28, 29, 30, 31
Valid weekdays: Monday, Tuesday, Wednesday, Thursday, Friday, Saturday, Sunday
When: 23:30:00
Current Time: 2011-01-01 23:30:00
Valid Interval: 23:00:00-13:00:00
Valid days of month: 1, 2, 3, 4, 5, 6, 7, 8, 9, 10, 11, 12, 13, 14, 15, 16, 17, 18, 19, 20, 21, 22, 23, 24, 25, 26, 27, 28, 29, 30, 31
Valid weekdays: Monday, Tuesday, Wednesday, Thursday, Friday, Saturday, Sunday
When: 23:30:00
Current Time: 2011-01-01 23:45:00
Valid Interval: 23:00:00-13:00:00
Valid days of month: 1, 2, 3, 4, 5, 6, 7, 8, 9, 10, 11, 12, 13, 14, 15, 16, 17, 18, 19, 20, 21, 22, 23, 24, 25, 26, 27, 28, 29, 30, 31
Valid weekdays: Monday, Tuesday, Wednesday, Thursday, Friday, Saturday, Sunday
When: 23:30:00
Current Time: 2011-01-02 00:30:00
Valid Interval: 23:00:00-13:00:00
Valid days of month: 1, 2, 3, 4, 5, 6, 7, 8, 9, 10, 11, 12, 13, 14, 15, 16, 17, 18, 19, 20, 21, 22, 23, 24, 25, 26, 27, 28, 29, 30, 31
Valid weekdays: Monday, Tuesday, Wednesday, Thursday, Friday, Saturday, Sunday
When: 23:30:00
Current Time: 2011-01-01 13:00:00
Valid Interval: 23:00:00-13:00:00
Valid days of month: 1, 2, 3, 4, 5, 6, 7, 8, 9, 10, 11, 12, 13, 14, 15, 16, 17, 18, 19, 20, 21, 22, 23, 24, 25, 26, 27, 28, 29, 30, 31
Valid weekdays: Monday, Tuesday, Wednesday, Thursday, Friday, Saturday, Sunday
When: 01:00:00
Current Time: 2011-01-01 16:00:00
Valid Interval: 23:00:00-13:00:00
Valid days of month: 1, 2, 3, 4, 5, 6, 7, 8, 9, 10, 11, 12, 13, 14, 15, 16, 17, 18, 19, 20, 21, 22, 23, 24, 25, 26, 27, 28, 29, 30, 31
Valid weekdays: Monday, Tuesday, Wednesday, Thursday, Friday, Saturday, Sunday
When: 01:00:00
Current Time: 2011-01-01 23:00:00
Valid Interval: 23:00:00-13:00:00
Valid days of month: 1, 2, 3, 4, 5, 6, 7, 8, 9, 10, 11, 12, 13, 14, 15, 16, 17, 18, 19, 20, 21, 22, 23, 24, 25, 26, 27, 28, 29, 30, 31
Valid weekdays: Monday, Tuesday, Wednesday, Thursday, Friday, Saturday, Sunday
When: 01:00:00
Current Time: 2011-01-01 23:30:00
Valid Interval: 23:00:00-13:00:00
Valid days of month: 1, 2, 3, 4, 5, 6, 7, 8, 9, 10, 11, 12, 13, 14, 15, 16, 17, 18, 19, 20, 21, 22, 23, 24, 25, 26, 27, 28, 29, 30, 31
Valid weekdays: Monday, Tuesday, Wednesday, Thursday, Friday, Saturday, Sunday
When: 01:00:00
Current Time: 2011-01-02 00:30:00
Valid Interval: 23:00:00-13:00:00
Valid days of month: 1, 2, 3, 4, 5, 6, 7, 8, 9, 10, 11, 12, 13, 14, 15, 16, 17, 18, 19, 20, 21, 22, 23, 24, 25, 26, 27, 28, 29, 30, 31
Valid weekdays: Monday, Tuesday, Wednesday, Thursday, Friday, Saturday, Sunday
When: 01:00:00
Current Time: 2011-01-02 02:00:00
Valid Interval: 23:00:00-13:00:00
Valid days of month: 1, 2, 3, 4, 5, 6, 7, 8, 9, 10, 11, 12, 13, 14, 15, 16, 17, 18, 19, 20, 21, 22, 23, 24, 25, 26, 27, 28, 29, 30, 31
Valid weekdays: Monday, Tuesday, Wednesday, Thursday, Friday, Saturday, Sunday
When: 01:00:00
Current Time: 2011-01-02 13:00:00
Valid Interval: 23:00:00-13:00:00
Valid days of month: 1, 2, 3, 4, 5, 6, 7, 8, 9, 10, 11, 12, 13, 14, 15, 16, 17, 18, 19, 20, 21, 22, 23, 24, 25, 26, 27, 28, 29, 30, 31
Valid weekdays: Monday, Tuesday, Wednesday, Thursday, Friday, Saturday, Sunday
When: 23:30:00
Current Time: 2011-01-01 23:30:05
Valid Interval: 23:00:00-13:00:00
Valid days of month: 1, 2, 3, 4, 5, 6, 7, 8, 9, 10, 11, 12, 13, 14, 15, 16, 17, 18, 19, 20, 21, 22, 23, 24, 25, 26, 27, 28, 29, 30, 31
Valid weekdays: Monday, Tuesday, Wednesday, Thursday, Friday, Saturday, Sunday
When: 23:30:00
Current Time: 2011-01-02 00:30:00
Valid Interval: 23:00:00-13:00:00
Valid days of month: 1, 2, 3, 4, 5, 6, 7, 8, 9, 10, 11, 12, 13, 14, 15, 16, 17, 18, 19, 20, 21, 22, 23, 24, 25, 26, 27, 28, 29, 30, 31
Valid weekdays: Monday, Tuesday, Wednesday, Thursday, Friday, Saturday, Sunday
When: 23:30:00
Current Time: 2011-01-02 13:00:00
Valid Interval: 23:00:00-13:00:00
Valid days of month: 1, 2, 3, 4, 5, 6, 7, 8, 9, 10, 11, 12, 13, 14, 15, 16, 17, 18, 19, 20, 21, 22, 23, 24, 25, 26, 27, 28, 29, 30, 31
Valid weekdays: Monday, Tuesday, Wednesday, Thursday, Friday, Saturday, Sunday
When: 01:00:00
Current Time: 2011-01-01 02:00:00
Valid Interval: 23:00:00-13:00:00
Valid days of month: 1, 2, 3, 4, 5, 6, 7, 8, 9, 10, 11, 12, 13, 14, 15, 16, 17, 18, 19, 20, 21, 22, 23, 24, 25, 26, 27, 28, 29, 30, 31
Valid weekdays: Monday, Tuesday, Wednesday, Thursday, Friday, Saturday, Sunday
When: 01:00:00
Current Time: 2011-01-02 02:00:00
Valid Interval: 13:00:00-16:00:00
Valid days of month: 1, 2, 3, 4, 5, 6, 7, 8, 9, 10, 11, 12, 13, 14, 15, 16, 17, 18, 19, 20, 21, 22, 23, 24, 25, 26, 27, 28, 29, 30, 31
Valid weekdays: Saturday, Sunday
When: 14:00:00
Current Time: 2007-01-01 12:00:00
Valid Interval: 13:00:00-16:00:00
Valid days of month: 1, 2, 3, 4, 5, 6, 7, 8, 9, 10, 11, 12, 13, 14, 15, 16, 17, 18, 19, 20, 21, 22, 23, 24, 25, 26, 27, 28, 29, 30, 31
Valid weekdays: Saturday, Sunday
When: 14:00:00
Current Time: 2007-01-02 13:30:00
Valid Interval: 13:00:00-16:00:00
Valid days of month: 1, 2, 3, 4, 5, 6, 7, 8, 9, 10, 11, 12, 13, 14, 15, 16, 17, 18, 19, 20, 21, 22, 23, 24, 25, 26, 27, 28, 29, 30, 31
Valid weekdays: Saturday, Sunday
When: 14:00:00
Current Time: 2007-01-06 13:30:00
Valid Interval: 13:00:00-16:00:00
Valid days of month: 1, 2, 3, 4, 5, 6, 7, 8, 9, 10, 11, 12, 13, 14, 15, 16, 17, 18, 19, 20, 21, 22, 23, 24, 25, 26, 27, 28, 29, 30, 31
Valid weekdays: Saturday, Sunday
When: 14:00:00
Current Time: 2007-01-06 14:30:00
Valid Interval: 13:00:00-16:00:00
Valid days of month: 1, 2, 3, 4, 5, 6, 7, 8, 9, 10, 11, 12, 13, 14, 15, 16, 17, 18, 19, 20, 21, 22, 23, 24, 25, 26, 27, 28, 29, 30, 31
Valid weekdays: Saturday, Sunday
When: 14:00:00
Current Time: 2007-01-06 16:30:00
Valid Interval: 13:00:00-16:00:00
Valid days of month: 1, 2, 3, 4, 5, 6, 7, 8, 9, 10, 11, 12, 13, 14, 15, 16, 17, 18, 19, 20, 21, 22, 23, 24, 25, 26, 27, 28, 29, 30, 31
Valid weekdays: Saturday, Sunday
When: 14:00:00
Current Time: 2007-01-07 16:00:00
Valid Interval: 23:00:00-02:00:00
Valid days of month: 1, 2, 3, 4, 5, 6, 7, 8, 9, 10, 11, 12, 13, 14, 15, 16, 17, 18, 19, 20, 21, 22, 23, 24, 25, 26, 27, 28, 29, 30, 31
Valid weekdays: Saturday, Sunday
When: 01:00:00
Current Time: 2007-01-01 12:00:00
Valid Interval: 23:00:00-02:00:00
Valid days of month: 1, 2, 3, 4, 5, 6, 7, 8, 9, 10, 11, 12, 13, 14, 15, 16, 17, 18, 19, 20, 21, 22, 23, 24, 25, 26, 27, 28, 29, 30, 31
Valid weekdays: Saturday, Sunday
When: 01:00:00
Current Time: 2007-01-02 01:00:00
Valid Interval: 23:00:00-02:00:00
Valid days of month: 1, 2, 3, 4, 5, 6, 7, 8, 9, 10, 11, 12, 13, 14, 15, 16, 17, 18, 19, 20, 21, 22, 23, 24, 25, 26, 27, 28, 29, 30, 31
Valid weekdays: Saturday, Sunday
When: 01:00:00
Current Time: 2007-01-06 00:30:00
Valid Interval: 23:00:00-02:00:00
Valid days of month: 1, 2, 3, 4, 5, 6, 7, 8, 9, 10, 11, 12, 13, 14, 15, 16, 17, 18, 19, 20, 21, 22, 23, 24, 25, 26, 27, 28, 29, 30, 31
Valid weekdays: Saturday, Sunday
When: 01:00:00
Current Time: 2007-01-06 01:30:00
Valid Interval: 23:00:00-02:00:00
Valid days of month: 1, 2, 3, 4, 5, 6, 7, 8, 9, 10, 11, 12, 13, 14, 15, 16, 17, 18, 19, 20, 21, 22, 23, 24, 25, 26, 27, 28, 29, 30, 31
Valid weekdays: Saturday, Sunday
When: 01:00:00
Current Time: 2007-01-06 02:30:00
Valid Interval: 23:00:00-02:00:00
Valid days of month: 1, 2, 3, 4, 5, 6, 7, 8, 9, 10, 11, 12, 13, 14, 15, 16, 17, 18, 19, 20, 21, 22, 23, 24, 25, 26, 27, 28, 29, 30, 31
Valid weekdays: Saturday, Sunday
When: 01:00:00
Current Time: 2007-01-07 02:00:00
Valid Interval: 23:00:00-02:00:00
Valid days of month: 1, 2, 3, 4, 5, 6, 7, 8, 9, 10, 11, 12, 13, 14, 15, 16, 17, 18, 19, 20, 21, 22, 23, 24, 25, 26, 27, 28, 29, 30, 31
Valid weekdays: Saturday, Sunday
When: 23:30:00
Current Time: 2007-01-01 12:00:00
Valid Interval: 23:00:00-02:00:00
Valid days of month: 1, 2, 3, 4, 5, 6, 7, 8, 9, 10, 11, 12, 13, 14, 15, 16, 17, 18, 19, 20, 21, 22, 23, 24, 25, 26, 27, 28, 29, 30, 31
Valid weekdays: Saturday, Sunday
When: 23:30:00
Current Time: 2007-01-05 23:30:00
Valid Interval: 23:00:00-02:00:00
Valid days of month: 1, 2, 3, 4, 5, 6, 7, 8, 9, 10, 11, 12, 13, 14, 15, 16, 17, 18, 19, 20, 21, 22, 23, 24, 25, 26, 27, 28, 29, 30, 31
Valid weekdays: Saturday, Sunday
When: 23:30:00
Current Time: 2007-01-06 23:00:00
Valid Interval: 23:00:00-02:00:00
Valid days of month: 1, 2, 3, 4, 5, 6, 7, 8, 9, 10, 11, 12, 13, 14, 15, 16, 17, 18, 19, 20, 21, 22, 23, 24, 25, 26, 27, 28, 29, 30, 31
Valid weekdays: Saturday, Sunday
When: 23:30:00
Current Time: 2007-01-06 02:00:00
Valid Interval: 23:00:00-02:00:00
Valid days of month: 1, 2, 3, 4, 5, 6, 7, 8, 9, 10, 11, 12, 13, 14, 15, 16, 17, 18, 19, 20, 21, 22, 23, 24, 25, 26, 27, 28, 29, 30, 31
Valid weekdays: Saturday, Sunday
When: 23:30:00
Current Time: 2007-01-07 23:40:00
Valid Interval: 23:00:00-02:00:00
Valid days of month: 1, 2, 3, 4, 5, 6, 7, 8, 9, 10, 11, 12, 13, 14, 15, 16, 17, 18, 19, 20, 21, 22, 23, 24, 25, 26, 27, 28, 29, 30, 31
Valid weekdays: Saturday, Sunday
When: 23:30:00
Current Time: 2007-01-07 01:00:00
Valid Interval: 13:00:00-16:00:00
Valid days of month: 1, 2, 3, 4, 5, 6, 7, 8, 9, 10, 11, 12, 13, 14, 15, 16, 17, 18, 19, 20, 21, 22, 23, 24, 25, 26, 27, 28, 29, 30, 31
Valid weekdays: Saturday, Sunday
When: 14:00:00
Current Time: 2007-01-01 12:00:00
Valid Interval: 13:00:00-16:00:00
Valid days of month: 1, 2, 3, 4, 5, 6, 7, 8, 9, 10, 11, 12, 13, 14, 15, 16, 17, 18, 19, 20, 21, 22, 23, 24, 25, 26, 27, 28, 29, 30, 31
Valid weekdays: Saturday, Sunday
When: 14:00:00
Current Time: 2007-01-02 13:30:00
Valid Interval: 13:00:00-16:00:00
Valid days of month: 1, 2, 3, 4, 5, 6, 7, 8, 9, 10, 11, 12, 13, 14, 15, 16, 17, 18, 19, 20, 21, 22, 23, 24, 25, 26, 27, 28, 29, 30, 31
Valid weekdays: Saturday, Sunday
When: 14:00:00
Current Time: 2007-01-06 13:30:00
Valid Interval: 13:00:00-16:00:00
Valid days of month: 1, 2, 3, 4, 5, 6, 7, 8, 9, 10, 11, 12, 13, 14, 15, 16, 17, 18, 19, 20, 21, 22, 23, 24, 25, 26, 27, 28, 29, 30, 31
Valid weekdays: Saturday, Sunday
When: 14:00:00
Current Time: 2007-01-06 14:30:00
Valid Interval: 13:00:00-16:00:00
Valid days of month: 1, 2, 3, 4, 5, 6, 7, 8, 9, 10, 11, 12, 13, 14, 15, 16, 17, 18, 19, 20, 21, 22, 23, 24, 25, 26, 27, 28, 29, 30, 31
Valid weekdays: Saturday, Sunday
When: 14:00:00
Current Time: 2007-01-06 16:30:00
Valid Interval: 13:00:00-16:00:00
Valid days of month: 1, 2, 3, 4, 5, 6, 7, 8, 9, 10, 11, 12, 13, 14, 15, 16, 17, 18, 19, 20, 21, 22, 23, 24, 25, 26, 27, 28, 29, 30, 31
Valid weekdays: Saturday, Sunday
When: 14:00:00
Current Time: 2007-01-07 16:00:00
Valid Interval: 23:00:00-02:00:00
Valid days of month: 1, 2, 3, 4, 5, 6, 7, 8, 9, 10, 11, 12, 13, 14, 15, 16, 17, 18, 19, 20, 21, 22, 23, 24, 25, 26, 27, 28, 29, 30, 31
Valid weekdays: Saturday, Sunday
When: 01:00:00
Current Time: 2007-01-01 12:00:00
Valid Interval: 23:00:00-02:00:00
Valid days of month: 1, 2, 3, 4, 5, 6, 7, 8, 9, 10, 11, 12, 13, 14, 15, 16, 17, 18, 19, 20, 21, 22, 23, 24, 25, 26, 27, 28, 29, 30, 31
Valid weekdays: Saturday, Sunday
When: 01:00:00
Current Time: 2007-01-02 01:00:00
Valid Interval: 23:00:00-02:00:00
Valid days of month: 1, 2, 3, 4, 5, 6, 7, 8, 9, 10, 11, 12, 13, 14, 15, 16, 17, 18, 19, 20, 21, 22, 23, 24, 25, 26, 27, 28, 29, 30, 31
Valid weekdays: Saturday, Sunday
When: 01:00:00
Current Time: 2007-01-06 00:30:00
Valid Interval: 23:00:00-02:00:00
Valid days of month: 1, 2, 3, 4, 5, 6, 7, 8, 9, 10, 11, 12, 13, 14, 15, 16, 17, 18, 19, 20, 21, 22, 23, 24, 25, 26, 27, 28, 29, 30, 31
Valid weekdays: Saturday, Sunday
When: 01:00:00
Current Time: 2007-01-06 02:30:00
Valid Interval: 23:00:00-02:00:00
Valid days of month: 1, 2, 3, 4, 5, 6, 7, 8, 9, 10, 11, 12, 13, 14, 15, 16, 17, 18, 19, 20, 21, 22, 23, 24, 25, 26, 27, 28, 29, 30, 31
Valid weekdays: Saturday, Sunday
When: 23:30:00
Current Time: 2007-01-01 12:00:00
Valid Interval: 23:00:00-02:00:00
Valid days of month: 1, 2, 3, 4, 5, 6, 7, 8, 9, 10, 11, 12, 13, 14, 15, 16, 17, 18, 19, 20, 21, 22, 23, 24, 25, 26, 27, 28, 29, 30, 31
Valid weekdays: Saturday, Sunday
When: 23:30:00
Current Time: 2007-01-05 23:30:00
Valid Interval: 23:00:00-02:00:00
Valid days of month: 1, 2, 3, 4, 5, 6, 7, 8, 9, 10, 11, 12, 13, 14, 15, 16, 17, 18, 19, 20, 21, 22, 23, 24, 25, 26, 27, 28, 29, 30, 31
Valid weekdays: Saturday, Sunday
When: 23:30:00
Current Time: 2007-01-06 23:00:00
Valid Interval: 23:00:00-02:00:00
Valid days of month: 1, 2, 3, 4, 5, 6, 7, 8, 9, 10, 11, 12, 13, 14, 15, 16, 17, 18, 19, 20, 21, 22, 23, 24, 25, 26, 27, 28, 29, 30, 31
Valid weekdays: Saturday, Sunday
When: 23:30:00
Current Time: 2007-01-06 02:00:00
Valid Interval: 23:00:00-02:00:00
Valid days of month: 1, 2, 3, 4, 5, 6, 7, 8, 9, 10, 11, 12, 13, 14, 15, 16, 17, 18, 19, 20, 21, 22, 23, 24, 25, 26, 27, 28, 29, 30, 31
Valid weekdays: Saturday, Sunday
When: 23:30:00
Current Time: 2007-01-07 23:40:00
Valid Interval: 23:00:00-02:00:00
Valid days of month: 1, 2, 3, 4, 5, 6, 7, 8, 9, 10, 11, 12, 13, 14, 15, 16, 17, 18, 19, 20, 21, 22, 23, 24, 25, 26, 27, 28, 29, 30, 31
Valid weekdays: Saturday, Sunday
When: 23:30:00
Current Time: 2007-01-07 01:00:00
Valid Interval: 13:00:00-16:00:00
Valid days of month: 1, 2, 3, 4, 5, 6, 7, 8, 9, 10, 11, 12, 13, 14, 15, 16, 17, 18, 19, 20, 21, 22, 23, 24, 25, 26, 27, 28, 29, 30, 31
Valid weekdays: Saturday, Sunday
When: 14:00:00
Current Time: 2007-01-06 14:30:00
Valid Interval: 13:00:00-16:00:00
Valid days of month: 1, 2, 3, 4, 5, 6, 7, 8, 9, 10, 11, 12, 13, 14, 15, 16, 17, 18, 19, 20, 21, 22, 23, 24, 25, 26, 27, 28, 29, 30, 31
Valid weekdays: Saturday, Sunday
When: 14:00:00
Current Time: 2007-01-07 15:00:00
Valid Interval: 23:00:00-02:00:00
Valid days of month: 1, 2, 3, 4, 5, 6, 7, 8, 9, 10, 11, 12, 13, 14, 15, 16, 17, 18, 19, 20, 21, 22, 23, 24, 25, 26, 27, 28, 29, 30, 31
Valid weekdays: Saturday, Sunday
When: 01:00:00
Current Time: 2007-01-06 01:30:00
Valid Interval: 23:00:00-02:00:00
Valid days of month: 1, 2, 3, 4, 5, 6, 7, 8, 9, 10, 11, 12, 13, 14, 15, 16, 17, 18, 19, 20, 21, 22, 23, 24, 25, 26, 27, 28, 29, 30, 31
Valid weekdays: Saturday, Sunday
When: 01:00:00
Current Time: 2007-01-07 01:30:00
Valid Interval: 23:00:00-02:00:00
Valid days of month: 1, 2, 3, 4, 5, 6, 7, 8, 9, 10, 11, 12, 13, 14, 15, 16, 17, 18, 19, 20, 21, 22, 23, 24, 25, 26, 27, 28, 29, 30, 31
Valid weekdays: Saturday, Sunday
When: 23:30:00
Current Time: 2007-01-06 23:02:00
Valid Interval: 23:00:00-02:00:00
Valid days of month: 1, 2, 3, 4, 5, 6, 7, 8, 9, 10, 11, 12, 13, 14, 15, 16, 17, 18, 19, 20, 21, 22, 23, 24, 25, 26, 27, 28, 29, 30, 31
Valid weekdays: Saturday, Sunday
When: 23:30:00
Current Time: 2007-01-06 01:10:00
Valid Interval: 23:00:00-02:00:00
Valid days of month: 1, 2, 3, 4, 5, 6, 7, 8, 9, 10, 11, 12, 13, 14, 15, 16, 17, 18, 19, 20, 21, 22, 23, 24, 25, 26, 27, 28, 29, 30, 31
Valid weekdays: Saturday, Sunday
When: 23:30:00
Current Time: 2007-01-07 01:00:40
Valid Interval: 23:00:00-02:00:00
Valid days of month: 2
Valid weekdays: Saturday, Sunday
When: 23:30:00
Current Time: 2007-01-01 12:00:00
Valid Interval: 23:00:00-02:00:00
Valid days of month: 1, 2
Valid weekdays: Saturday, Sunday
When: 23:30:00
Current Time: 2007-01-05 23:30:00
Valid Interval: 23:00:00-02:00:00
Valid days of month: 1, 2
Valid weekdays: Saturday, Sunday
When: 23:30:00
Current Time: 2007-01-06 23:00:00</StdOut>
      </Output>
    </UnitTestResult>
    <UnitTestResult executionId="326e7754-bdb8-499b-85f1-2abb77ce5a8b" testId="63a55f33-8769-4792-b77c-f470ab39594a" testName="GetNextTimeToTrigger_AbsoluteTimer_ReturnsCorrectTime (Data Row 47)" computerName="ICSWS068" duration="00:00:00.0035069" startTime="2016-08-04T07:57:22.8232158+02:00" endTime="2016-08-04T07:57:22.8267166+02:00" testType="13cdc9d9-ddb5-4fa4-a97d-d965ccfc6d4b" outcome="Passed" testListId="8c84fa94-04c1-424b-9868-57a2d4851a1d" relativeResultsDirectory="326e7754-bdb8-499b-85f1-2abb77ce5a8b">
      <Output>
        <StdOut>TestContext Messages:
Valid Interval: 11:00:00-13:00:00
Valid days of month: 1, 2, 3, 4, 5, 6, 7, 8, 9, 10, 11, 12, 13, 14, 15, 16, 17, 18, 19, 20, 21, 22, 23, 24, 25, 26, 27, 28, 29, 30, 31
Valid weekdays: Monday, Tuesday, Wednesday, Thursday, Friday, Saturday, Sunday
When: 12:00:00
Current Time: 2011-01-01 00:00:00
Valid Interval: 11:00:00-13:00:00
Valid days of month: 1, 2, 3, 4, 5, 6, 7, 8, 9, 10, 11, 12, 13, 14, 15, 16, 17, 18, 19, 20, 21, 22, 23, 24, 25, 26, 27, 28, 29, 30, 31
Valid weekdays: Monday, Tuesday, Wednesday, Thursday, Friday, Saturday, Sunday
When: 12:00:00
Current Time: 2011-01-01 09:00:00
Valid Interval: 11:00:00-13:00:00
Valid days of month: 1, 2, 3, 4, 5, 6, 7, 8, 9, 10, 11, 12, 13, 14, 15, 16, 17, 18, 19, 20, 21, 22, 23, 24, 25, 26, 27, 28, 29, 30, 31
Valid weekdays: Monday, Tuesday, Wednesday, Thursday, Friday, Saturday, Sunday
When: 12:00:00
Current Time: 2011-01-01 11:00:00
Valid Interval: 11:00:00-13:00:00
Valid days of month: 1, 2, 3, 4, 5, 6, 7, 8, 9, 10, 11, 12, 13, 14, 15, 16, 17, 18, 19, 20, 21, 22, 23, 24, 25, 26, 27, 28, 29, 30, 31
Valid weekdays: Monday, Tuesday, Wednesday, Thursday, Friday, Saturday, Sunday
When: 12:00:00
Current Time: 2011-01-01 12:00:00
Valid Interval: 11:00:00-13:00:00
Valid days of month: 1, 2, 3, 4, 5, 6, 7, 8, 9, 10, 11, 12, 13, 14, 15, 16, 17, 18, 19, 20, 21, 22, 23, 24, 25, 26, 27, 28, 29, 30, 31
Valid weekdays: Monday, Tuesday, Wednesday, Thursday, Friday, Saturday, Sunday
When: 12:00:00
Current Time: 2011-01-01 12:30:00
Valid Interval: 11:00:00-13:00:00
Valid days of month: 1, 2, 3, 4, 5, 6, 7, 8, 9, 10, 11, 12, 13, 14, 15, 16, 17, 18, 19, 20, 21, 22, 23, 24, 25, 26, 27, 28, 29, 30, 31
Valid weekdays: Monday, Tuesday, Wednesday, Thursday, Friday, Saturday, Sunday
When: 12:00:00
Current Time: 2011-01-01 13:00:00
Valid Interval: 11:00:00-13:00:00
Valid days of month: 1, 2, 3, 4, 5, 6, 7, 8, 9, 10, 11, 12, 13, 14, 15, 16, 17, 18, 19, 20, 21, 22, 23, 24, 25, 26, 27, 28, 29, 30, 31
Valid weekdays: Monday, Tuesday, Wednesday, Thursday, Friday, Saturday, Sunday
When: 12:00:00
Current Time: 2011-01-02 00:00:00
Valid Interval: 11:00:00-13:00:00
Valid days of month: 1, 2, 3, 4, 5, 6, 7, 8, 9, 10, 11, 12, 13, 14, 15, 16, 17, 18, 19, 20, 21, 22, 23, 24, 25, 26, 27, 28, 29, 30, 31
Valid weekdays: Monday, Tuesday, Wednesday, Thursday, Friday, Saturday, Sunday
When: 12:00:00
Current Time: 2011-01-02 09:00:00
Valid Interval: 11:00:00-13:00:00
Valid days of month: 1, 2, 3, 4, 5, 6, 7, 8, 9, 10, 11, 12, 13, 14, 15, 16, 17, 18, 19, 20, 21, 22, 23, 24, 25, 26, 27, 28, 29, 30, 31
Valid weekdays: Monday, Tuesday, Wednesday, Thursday, Friday, Saturday, Sunday
When: 12:00:00
Current Time: 2011-01-02 12:00:00
Valid Interval: 11:00:00-13:00:00
Valid days of month: 1, 2, 3, 4, 5, 6, 7, 8, 9, 10, 11, 12, 13, 14, 15, 16, 17, 18, 19, 20, 21, 22, 23, 24, 25, 26, 27, 28, 29, 30, 31
Valid weekdays: Monday, Tuesday, Wednesday, Thursday, Friday, Saturday, Sunday
When: 12:00:00
Current Time: 2011-01-02 12:45:30
Valid Interval: 11:00:00-13:00:00
Valid days of month: 1, 2, 3, 4, 5, 6, 7, 8, 9, 10, 11, 12, 13, 14, 15, 16, 17, 18, 19, 20, 21, 22, 23, 24, 25, 26, 27, 28, 29, 30, 31
Valid weekdays: Monday, Tuesday, Wednesday, Thursday, Friday, Saturday, Sunday
When: 12:00:00
Current Time: 2011-01-02 13:00:00
Valid Interval: 11:00:00-13:00:00
Valid days of month: 1, 2, 3, 4, 5, 6, 7, 8, 9, 10, 11, 12, 13, 14, 15, 16, 17, 18, 19, 20, 21, 22, 23, 24, 25, 26, 27, 28, 29, 30, 31
Valid weekdays: Monday, Tuesday, Wednesday, Thursday, Friday, Saturday, Sunday
When: 12:00:00
Current Time: 2011-01-01 12:00:00
Valid Interval: 11:00:00-13:00:00
Valid days of month: 1, 2, 3, 4, 5, 6, 7, 8, 9, 10, 11, 12, 13, 14, 15, 16, 17, 18, 19, 20, 21, 22, 23, 24, 25, 26, 27, 28, 29, 30, 31
Valid weekdays: Monday, Tuesday, Wednesday, Thursday, Friday, Saturday, Sunday
When: 12:00:00
Current Time: 2011-01-01 12:30:00
Valid Interval: 11:00:00-13:00:00
Valid days of month: 1, 2, 3, 4, 5, 6, 7, 8, 9, 10, 11, 12, 13, 14, 15, 16, 17, 18, 19, 20, 21, 22, 23, 24, 25, 26, 27, 28, 29, 30, 31
Valid weekdays: Monday, Tuesday, Wednesday, Thursday, Friday, Saturday, Sunday
When: 12:00:00
Current Time: 2011-01-01 12:30:00
Valid Interval: 11:00:00-13:00:00
Valid days of month: 1, 2, 3, 4, 5, 6, 7, 8, 9, 10, 11, 12, 13, 14, 15, 16, 17, 18, 19, 20, 21, 22, 23, 24, 25, 26, 27, 28, 29, 30, 31
Valid weekdays: Monday, Tuesday, Wednesday, Thursday, Friday, Saturday, Sunday
When: 12:00:00
Current Time: 2011-01-01 13:00:00
Valid Interval: 11:00:00-13:00:00
Valid days of month: 1, 2, 3, 4, 5, 6, 7, 8, 9, 10, 11, 12, 13, 14, 15, 16, 17, 18, 19, 20, 21, 22, 23, 24, 25, 26, 27, 28, 29, 30, 31
Valid weekdays: Monday, Tuesday, Wednesday, Thursday, Friday, Saturday, Sunday
When: 12:00:00
Current Time: 2011-01-01 14:30:00
Valid Interval: 23:00:00-13:00:00
Valid days of month: 1, 2, 3, 4, 5, 6, 7, 8, 9, 10, 11, 12, 13, 14, 15, 16, 17, 18, 19, 20, 21, 22, 23, 24, 25, 26, 27, 28, 29, 30, 31
Valid weekdays: Monday, Tuesday, Wednesday, Thursday, Friday, Saturday, Sunday
When: 23:30:00
Current Time: 2011-01-01 16:00:00
Valid Interval: 23:00:00-13:00:00
Valid days of month: 1, 2, 3, 4, 5, 6, 7, 8, 9, 10, 11, 12, 13, 14, 15, 16, 17, 18, 19, 20, 21, 22, 23, 24, 25, 26, 27, 28, 29, 30, 31
Valid weekdays: Monday, Tuesday, Wednesday, Thursday, Friday, Saturday, Sunday
When: 23:30:00
Current Time: 2011-01-01 23:00:00
Valid Interval: 23:00:00-13:00:00
Valid days of month: 1, 2, 3, 4, 5, 6, 7, 8, 9, 10, 11, 12, 13, 14, 15, 16, 17, 18, 19, 20, 21, 22, 23, 24, 25, 26, 27, 28, 29, 30, 31
Valid weekdays: Monday, Tuesday, Wednesday, Thursday, Friday, Saturday, Sunday
When: 23:30:00
Current Time: 2011-01-01 23:30:00
Valid Interval: 23:00:00-13:00:00
Valid days of month: 1, 2, 3, 4, 5, 6, 7, 8, 9, 10, 11, 12, 13, 14, 15, 16, 17, 18, 19, 20, 21, 22, 23, 24, 25, 26, 27, 28, 29, 30, 31
Valid weekdays: Monday, Tuesday, Wednesday, Thursday, Friday, Saturday, Sunday
When: 23:30:00
Current Time: 2011-01-01 23:45:00
Valid Interval: 23:00:00-13:00:00
Valid days of month: 1, 2, 3, 4, 5, 6, 7, 8, 9, 10, 11, 12, 13, 14, 15, 16, 17, 18, 19, 20, 21, 22, 23, 24, 25, 26, 27, 28, 29, 30, 31
Valid weekdays: Monday, Tuesday, Wednesday, Thursday, Friday, Saturday, Sunday
When: 23:30:00
Current Time: 2011-01-02 00:30:00
Valid Interval: 23:00:00-13:00:00
Valid days of month: 1, 2, 3, 4, 5, 6, 7, 8, 9, 10, 11, 12, 13, 14, 15, 16, 17, 18, 19, 20, 21, 22, 23, 24, 25, 26, 27, 28, 29, 30, 31
Valid weekdays: Monday, Tuesday, Wednesday, Thursday, Friday, Saturday, Sunday
When: 23:30:00
Current Time: 2011-01-01 13:00:00
Valid Interval: 23:00:00-13:00:00
Valid days of month: 1, 2, 3, 4, 5, 6, 7, 8, 9, 10, 11, 12, 13, 14, 15, 16, 17, 18, 19, 20, 21, 22, 23, 24, 25, 26, 27, 28, 29, 30, 31
Valid weekdays: Monday, Tuesday, Wednesday, Thursday, Friday, Saturday, Sunday
When: 01:00:00
Current Time: 2011-01-01 16:00:00
Valid Interval: 23:00:00-13:00:00
Valid days of month: 1, 2, 3, 4, 5, 6, 7, 8, 9, 10, 11, 12, 13, 14, 15, 16, 17, 18, 19, 20, 21, 22, 23, 24, 25, 26, 27, 28, 29, 30, 31
Valid weekdays: Monday, Tuesday, Wednesday, Thursday, Friday, Saturday, Sunday
When: 01:00:00
Current Time: 2011-01-01 23:00:00
Valid Interval: 23:00:00-13:00:00
Valid days of month: 1, 2, 3, 4, 5, 6, 7, 8, 9, 10, 11, 12, 13, 14, 15, 16, 17, 18, 19, 20, 21, 22, 23, 24, 25, 26, 27, 28, 29, 30, 31
Valid weekdays: Monday, Tuesday, Wednesday, Thursday, Friday, Saturday, Sunday
When: 01:00:00
Current Time: 2011-01-01 23:30:00
Valid Interval: 23:00:00-13:00:00
Valid days of month: 1, 2, 3, 4, 5, 6, 7, 8, 9, 10, 11, 12, 13, 14, 15, 16, 17, 18, 19, 20, 21, 22, 23, 24, 25, 26, 27, 28, 29, 30, 31
Valid weekdays: Monday, Tuesday, Wednesday, Thursday, Friday, Saturday, Sunday
When: 01:00:00
Current Time: 2011-01-02 00:30:00
Valid Interval: 23:00:00-13:00:00
Valid days of month: 1, 2, 3, 4, 5, 6, 7, 8, 9, 10, 11, 12, 13, 14, 15, 16, 17, 18, 19, 20, 21, 22, 23, 24, 25, 26, 27, 28, 29, 30, 31
Valid weekdays: Monday, Tuesday, Wednesday, Thursday, Friday, Saturday, Sunday
When: 01:00:00
Current Time: 2011-01-01 02:00:00
Valid Interval: 23:00:00-13:00:00
Valid days of month: 1, 2, 3, 4, 5, 6, 7, 8, 9, 10, 11, 12, 13, 14, 15, 16, 17, 18, 19, 20, 21, 22, 23, 24, 25, 26, 27, 28, 29, 30, 31
Valid weekdays: Monday, Tuesday, Wednesday, Thursday, Friday, Saturday, Sunday
When: 01:00:00
Current Time: 2011-01-01 13:00:00
Valid Interval: 23:00:00-13:00:00
Valid days of month: 1, 2, 3, 4, 5, 6, 7, 8, 9, 10, 11, 12, 13, 14, 15, 16, 17, 18, 19, 20, 21, 22, 23, 24, 25, 26, 27, 28, 29, 30, 31
Valid weekdays: Monday, Tuesday, Wednesday, Thursday, Friday, Saturday, Sunday
When: 23:30:00
Current Time: 2011-01-01 16:00:00
Valid Interval: 23:00:00-13:00:00
Valid days of month: 1, 2, 3, 4, 5, 6, 7, 8, 9, 10, 11, 12, 13, 14, 15, 16, 17, 18, 19, 20, 21, 22, 23, 24, 25, 26, 27, 28, 29, 30, 31
Valid weekdays: Monday, Tuesday, Wednesday, Thursday, Friday, Saturday, Sunday
When: 23:30:00
Current Time: 2011-01-01 23:00:00
Valid Interval: 23:00:00-13:00:00
Valid days of month: 1, 2, 3, 4, 5, 6, 7, 8, 9, 10, 11, 12, 13, 14, 15, 16, 17, 18, 19, 20, 21, 22, 23, 24, 25, 26, 27, 28, 29, 30, 31
Valid weekdays: Monday, Tuesday, Wednesday, Thursday, Friday, Saturday, Sunday
When: 23:30:00
Current Time: 2011-01-01 23:30:00
Valid Interval: 23:00:00-13:00:00
Valid days of month: 1, 2, 3, 4, 5, 6, 7, 8, 9, 10, 11, 12, 13, 14, 15, 16, 17, 18, 19, 20, 21, 22, 23, 24, 25, 26, 27, 28, 29, 30, 31
Valid weekdays: Monday, Tuesday, Wednesday, Thursday, Friday, Saturday, Sunday
When: 23:30:00
Current Time: 2011-01-01 23:45:00
Valid Interval: 23:00:00-13:00:00
Valid days of month: 1, 2, 3, 4, 5, 6, 7, 8, 9, 10, 11, 12, 13, 14, 15, 16, 17, 18, 19, 20, 21, 22, 23, 24, 25, 26, 27, 28, 29, 30, 31
Valid weekdays: Monday, Tuesday, Wednesday, Thursday, Friday, Saturday, Sunday
When: 23:30:00
Current Time: 2011-01-02 00:30:00
Valid Interval: 23:00:00-13:00:00
Valid days of month: 1, 2, 3, 4, 5, 6, 7, 8, 9, 10, 11, 12, 13, 14, 15, 16, 17, 18, 19, 20, 21, 22, 23, 24, 25, 26, 27, 28, 29, 30, 31
Valid weekdays: Monday, Tuesday, Wednesday, Thursday, Friday, Saturday, Sunday
When: 23:30:00
Current Time: 2011-01-01 13:00:00
Valid Interval: 23:00:00-13:00:00
Valid days of month: 1, 2, 3, 4, 5, 6, 7, 8, 9, 10, 11, 12, 13, 14, 15, 16, 17, 18, 19, 20, 21, 22, 23, 24, 25, 26, 27, 28, 29, 30, 31
Valid weekdays: Monday, Tuesday, Wednesday, Thursday, Friday, Saturday, Sunday
When: 01:00:00
Current Time: 2011-01-01 16:00:00
Valid Interval: 23:00:00-13:00:00
Valid days of month: 1, 2, 3, 4, 5, 6, 7, 8, 9, 10, 11, 12, 13, 14, 15, 16, 17, 18, 19, 20, 21, 22, 23, 24, 25, 26, 27, 28, 29, 30, 31
Valid weekdays: Monday, Tuesday, Wednesday, Thursday, Friday, Saturday, Sunday
When: 01:00:00
Current Time: 2011-01-01 23:00:00
Valid Interval: 23:00:00-13:00:00
Valid days of month: 1, 2, 3, 4, 5, 6, 7, 8, 9, 10, 11, 12, 13, 14, 15, 16, 17, 18, 19, 20, 21, 22, 23, 24, 25, 26, 27, 28, 29, 30, 31
Valid weekdays: Monday, Tuesday, Wednesday, Thursday, Friday, Saturday, Sunday
When: 01:00:00
Current Time: 2011-01-01 23:30:00
Valid Interval: 23:00:00-13:00:00
Valid days of month: 1, 2, 3, 4, 5, 6, 7, 8, 9, 10, 11, 12, 13, 14, 15, 16, 17, 18, 19, 20, 21, 22, 23, 24, 25, 26, 27, 28, 29, 30, 31
Valid weekdays: Monday, Tuesday, Wednesday, Thursday, Friday, Saturday, Sunday
When: 01:00:00
Current Time: 2011-01-02 00:30:00
Valid Interval: 23:00:00-13:00:00
Valid days of month: 1, 2, 3, 4, 5, 6, 7, 8, 9, 10, 11, 12, 13, 14, 15, 16, 17, 18, 19, 20, 21, 22, 23, 24, 25, 26, 27, 28, 29, 30, 31
Valid weekdays: Monday, Tuesday, Wednesday, Thursday, Friday, Saturday, Sunday
When: 01:00:00
Current Time: 2011-01-02 02:00:00
Valid Interval: 23:00:00-13:00:00
Valid days of month: 1, 2, 3, 4, 5, 6, 7, 8, 9, 10, 11, 12, 13, 14, 15, 16, 17, 18, 19, 20, 21, 22, 23, 24, 25, 26, 27, 28, 29, 30, 31
Valid weekdays: Monday, Tuesday, Wednesday, Thursday, Friday, Saturday, Sunday
When: 01:00:00
Current Time: 2011-01-02 13:00:00
Valid Interval: 23:00:00-13:00:00
Valid days of month: 1, 2, 3, 4, 5, 6, 7, 8, 9, 10, 11, 12, 13, 14, 15, 16, 17, 18, 19, 20, 21, 22, 23, 24, 25, 26, 27, 28, 29, 30, 31
Valid weekdays: Monday, Tuesday, Wednesday, Thursday, Friday, Saturday, Sunday
When: 23:30:00
Current Time: 2011-01-01 23:30:05
Valid Interval: 23:00:00-13:00:00
Valid days of month: 1, 2, 3, 4, 5, 6, 7, 8, 9, 10, 11, 12, 13, 14, 15, 16, 17, 18, 19, 20, 21, 22, 23, 24, 25, 26, 27, 28, 29, 30, 31
Valid weekdays: Monday, Tuesday, Wednesday, Thursday, Friday, Saturday, Sunday
When: 23:30:00
Current Time: 2011-01-02 00:30:00
Valid Interval: 23:00:00-13:00:00
Valid days of month: 1, 2, 3, 4, 5, 6, 7, 8, 9, 10, 11, 12, 13, 14, 15, 16, 17, 18, 19, 20, 21, 22, 23, 24, 25, 26, 27, 28, 29, 30, 31
Valid weekdays: Monday, Tuesday, Wednesday, Thursday, Friday, Saturday, Sunday
When: 23:30:00
Current Time: 2011-01-02 13:00:00
Valid Interval: 23:00:00-13:00:00
Valid days of month: 1, 2, 3, 4, 5, 6, 7, 8, 9, 10, 11, 12, 13, 14, 15, 16, 17, 18, 19, 20, 21, 22, 23, 24, 25, 26, 27, 28, 29, 30, 31
Valid weekdays: Monday, Tuesday, Wednesday, Thursday, Friday, Saturday, Sunday
When: 01:00:00
Current Time: 2011-01-01 02:00:00
Valid Interval: 23:00:00-13:00:00
Valid days of month: 1, 2, 3, 4, 5, 6, 7, 8, 9, 10, 11, 12, 13, 14, 15, 16, 17, 18, 19, 20, 21, 22, 23, 24, 25, 26, 27, 28, 29, 30, 31
Valid weekdays: Monday, Tuesday, Wednesday, Thursday, Friday, Saturday, Sunday
When: 01:00:00
Current Time: 2011-01-02 02:00:00
Valid Interval: 13:00:00-16:00:00
Valid days of month: 1, 2, 3, 4, 5, 6, 7, 8, 9, 10, 11, 12, 13, 14, 15, 16, 17, 18, 19, 20, 21, 22, 23, 24, 25, 26, 27, 28, 29, 30, 31
Valid weekdays: Saturday, Sunday
When: 14:00:00
Current Time: 2007-01-01 12:00:00
Valid Interval: 13:00:00-16:00:00
Valid days of month: 1, 2, 3, 4, 5, 6, 7, 8, 9, 10, 11, 12, 13, 14, 15, 16, 17, 18, 19, 20, 21, 22, 23, 24, 25, 26, 27, 28, 29, 30, 31
Valid weekdays: Saturday, Sunday
When: 14:00:00
Current Time: 2007-01-02 13:30:00
Valid Interval: 13:00:00-16:00:00
Valid days of month: 1, 2, 3, 4, 5, 6, 7, 8, 9, 10, 11, 12, 13, 14, 15, 16, 17, 18, 19, 20, 21, 22, 23, 24, 25, 26, 27, 28, 29, 30, 31
Valid weekdays: Saturday, Sunday
When: 14:00:00
Current Time: 2007-01-06 13:30:00
Valid Interval: 13:00:00-16:00:00
Valid days of month: 1, 2, 3, 4, 5, 6, 7, 8, 9, 10, 11, 12, 13, 14, 15, 16, 17, 18, 19, 20, 21, 22, 23, 24, 25, 26, 27, 28, 29, 30, 31
Valid weekdays: Saturday, Sunday
When: 14:00:00
Current Time: 2007-01-06 14:30:00
Valid Interval: 13:00:00-16:00:00
Valid days of month: 1, 2, 3, 4, 5, 6, 7, 8, 9, 10, 11, 12, 13, 14, 15, 16, 17, 18, 19, 20, 21, 22, 23, 24, 25, 26, 27, 28, 29, 30, 31
Valid weekdays: Saturday, Sunday
When: 14:00:00
Current Time: 2007-01-06 16:30:00
Valid Interval: 13:00:00-16:00:00
Valid days of month: 1, 2, 3, 4, 5, 6, 7, 8, 9, 10, 11, 12, 13, 14, 15, 16, 17, 18, 19, 20, 21, 22, 23, 24, 25, 26, 27, 28, 29, 30, 31
Valid weekdays: Saturday, Sunday
When: 14:00:00
Current Time: 2007-01-07 16:00:00
Valid Interval: 23:00:00-02:00:00
Valid days of month: 1, 2, 3, 4, 5, 6, 7, 8, 9, 10, 11, 12, 13, 14, 15, 16, 17, 18, 19, 20, 21, 22, 23, 24, 25, 26, 27, 28, 29, 30, 31
Valid weekdays: Saturday, Sunday
When: 01:00:00
Current Time: 2007-01-01 12:00:00
Valid Interval: 23:00:00-02:00:00
Valid days of month: 1, 2, 3, 4, 5, 6, 7, 8, 9, 10, 11, 12, 13, 14, 15, 16, 17, 18, 19, 20, 21, 22, 23, 24, 25, 26, 27, 28, 29, 30, 31
Valid weekdays: Saturday, Sunday
When: 01:00:00
Current Time: 2007-01-02 01:00:00
Valid Interval: 23:00:00-02:00:00
Valid days of month: 1, 2, 3, 4, 5, 6, 7, 8, 9, 10, 11, 12, 13, 14, 15, 16, 17, 18, 19, 20, 21, 22, 23, 24, 25, 26, 27, 28, 29, 30, 31
Valid weekdays: Saturday, Sunday
When: 01:00:00
Current Time: 2007-01-06 00:30:00
Valid Interval: 23:00:00-02:00:00
Valid days of month: 1, 2, 3, 4, 5, 6, 7, 8, 9, 10, 11, 12, 13, 14, 15, 16, 17, 18, 19, 20, 21, 22, 23, 24, 25, 26, 27, 28, 29, 30, 31
Valid weekdays: Saturday, Sunday
When: 01:00:00
Current Time: 2007-01-06 01:30:00
Valid Interval: 23:00:00-02:00:00
Valid days of month: 1, 2, 3, 4, 5, 6, 7, 8, 9, 10, 11, 12, 13, 14, 15, 16, 17, 18, 19, 20, 21, 22, 23, 24, 25, 26, 27, 28, 29, 30, 31
Valid weekdays: Saturday, Sunday
When: 01:00:00
Current Time: 2007-01-06 02:30:00
Valid Interval: 23:00:00-02:00:00
Valid days of month: 1, 2, 3, 4, 5, 6, 7, 8, 9, 10, 11, 12, 13, 14, 15, 16, 17, 18, 19, 20, 21, 22, 23, 24, 25, 26, 27, 28, 29, 30, 31
Valid weekdays: Saturday, Sunday
When: 01:00:00
Current Time: 2007-01-07 02:00:00
Valid Interval: 23:00:00-02:00:00
Valid days of month: 1, 2, 3, 4, 5, 6, 7, 8, 9, 10, 11, 12, 13, 14, 15, 16, 17, 18, 19, 20, 21, 22, 23, 24, 25, 26, 27, 28, 29, 30, 31
Valid weekdays: Saturday, Sunday
When: 23:30:00
Current Time: 2007-01-01 12:00:00
Valid Interval: 23:00:00-02:00:00
Valid days of month: 1, 2, 3, 4, 5, 6, 7, 8, 9, 10, 11, 12, 13, 14, 15, 16, 17, 18, 19, 20, 21, 22, 23, 24, 25, 26, 27, 28, 29, 30, 31
Valid weekdays: Saturday, Sunday
When: 23:30:00
Current Time: 2007-01-05 23:30:00
Valid Interval: 23:00:00-02:00:00
Valid days of month: 1, 2, 3, 4, 5, 6, 7, 8, 9, 10, 11, 12, 13, 14, 15, 16, 17, 18, 19, 20, 21, 22, 23, 24, 25, 26, 27, 28, 29, 30, 31
Valid weekdays: Saturday, Sunday
When: 23:30:00
Current Time: 2007-01-06 23:00:00
Valid Interval: 23:00:00-02:00:00
Valid days of month: 1, 2, 3, 4, 5, 6, 7, 8, 9, 10, 11, 12, 13, 14, 15, 16, 17, 18, 19, 20, 21, 22, 23, 24, 25, 26, 27, 28, 29, 30, 31
Valid weekdays: Saturday, Sunday
When: 23:30:00
Current Time: 2007-01-06 02:00:00
Valid Interval: 23:00:00-02:00:00
Valid days of month: 1, 2, 3, 4, 5, 6, 7, 8, 9, 10, 11, 12, 13, 14, 15, 16, 17, 18, 19, 20, 21, 22, 23, 24, 25, 26, 27, 28, 29, 30, 31
Valid weekdays: Saturday, Sunday
When: 23:30:00
Current Time: 2007-01-07 23:40:00
Valid Interval: 23:00:00-02:00:00
Valid days of month: 1, 2, 3, 4, 5, 6, 7, 8, 9, 10, 11, 12, 13, 14, 15, 16, 17, 18, 19, 20, 21, 22, 23, 24, 25, 26, 27, 28, 29, 30, 31
Valid weekdays: Saturday, Sunday
When: 23:30:00
Current Time: 2007-01-07 01:00:00
Valid Interval: 13:00:00-16:00:00
Valid days of month: 1, 2, 3, 4, 5, 6, 7, 8, 9, 10, 11, 12, 13, 14, 15, 16, 17, 18, 19, 20, 21, 22, 23, 24, 25, 26, 27, 28, 29, 30, 31
Valid weekdays: Saturday, Sunday
When: 14:00:00
Current Time: 2007-01-01 12:00:00
Valid Interval: 13:00:00-16:00:00
Valid days of month: 1, 2, 3, 4, 5, 6, 7, 8, 9, 10, 11, 12, 13, 14, 15, 16, 17, 18, 19, 20, 21, 22, 23, 24, 25, 26, 27, 28, 29, 30, 31
Valid weekdays: Saturday, Sunday
When: 14:00:00
Current Time: 2007-01-02 13:30:00
Valid Interval: 13:00:00-16:00:00
Valid days of month: 1, 2, 3, 4, 5, 6, 7, 8, 9, 10, 11, 12, 13, 14, 15, 16, 17, 18, 19, 20, 21, 22, 23, 24, 25, 26, 27, 28, 29, 30, 31
Valid weekdays: Saturday, Sunday
When: 14:00:00
Current Time: 2007-01-06 13:30:00
Valid Interval: 13:00:00-16:00:00
Valid days of month: 1, 2, 3, 4, 5, 6, 7, 8, 9, 10, 11, 12, 13, 14, 15, 16, 17, 18, 19, 20, 21, 22, 23, 24, 25, 26, 27, 28, 29, 30, 31
Valid weekdays: Saturday, Sunday
When: 14:00:00
Current Time: 2007-01-06 14:30:00
Valid Interval: 13:00:00-16:00:00
Valid days of month: 1, 2, 3, 4, 5, 6, 7, 8, 9, 10, 11, 12, 13, 14, 15, 16, 17, 18, 19, 20, 21, 22, 23, 24, 25, 26, 27, 28, 29, 30, 31
Valid weekdays: Saturday, Sunday
When: 14:00:00
Current Time: 2007-01-06 16:30:00
Valid Interval: 13:00:00-16:00:00
Valid days of month: 1, 2, 3, 4, 5, 6, 7, 8, 9, 10, 11, 12, 13, 14, 15, 16, 17, 18, 19, 20, 21, 22, 23, 24, 25, 26, 27, 28, 29, 30, 31
Valid weekdays: Saturday, Sunday
When: 14:00:00
Current Time: 2007-01-07 16:00:00
Valid Interval: 23:00:00-02:00:00
Valid days of month: 1, 2, 3, 4, 5, 6, 7, 8, 9, 10, 11, 12, 13, 14, 15, 16, 17, 18, 19, 20, 21, 22, 23, 24, 25, 26, 27, 28, 29, 30, 31
Valid weekdays: Saturday, Sunday
When: 01:00:00
Current Time: 2007-01-01 12:00:00
Valid Interval: 23:00:00-02:00:00
Valid days of month: 1, 2, 3, 4, 5, 6, 7, 8, 9, 10, 11, 12, 13, 14, 15, 16, 17, 18, 19, 20, 21, 22, 23, 24, 25, 26, 27, 28, 29, 30, 31
Valid weekdays: Saturday, Sunday
When: 01:00:00
Current Time: 2007-01-02 01:00:00
Valid Interval: 23:00:00-02:00:00
Valid days of month: 1, 2, 3, 4, 5, 6, 7, 8, 9, 10, 11, 12, 13, 14, 15, 16, 17, 18, 19, 20, 21, 22, 23, 24, 25, 26, 27, 28, 29, 30, 31
Valid weekdays: Saturday, Sunday
When: 01:00:00
Current Time: 2007-01-06 00:30:00
Valid Interval: 23:00:00-02:00:00
Valid days of month: 1, 2, 3, 4, 5, 6, 7, 8, 9, 10, 11, 12, 13, 14, 15, 16, 17, 18, 19, 20, 21, 22, 23, 24, 25, 26, 27, 28, 29, 30, 31
Valid weekdays: Saturday, Sunday
When: 01:00:00
Current Time: 2007-01-06 02:30:00
Valid Interval: 23:00:00-02:00:00
Valid days of month: 1, 2, 3, 4, 5, 6, 7, 8, 9, 10, 11, 12, 13, 14, 15, 16, 17, 18, 19, 20, 21, 22, 23, 24, 25, 26, 27, 28, 29, 30, 31
Valid weekdays: Saturday, Sunday
When: 23:30:00
Current Time: 2007-01-01 12:00:00
Valid Interval: 23:00:00-02:00:00
Valid days of month: 1, 2, 3, 4, 5, 6, 7, 8, 9, 10, 11, 12, 13, 14, 15, 16, 17, 18, 19, 20, 21, 22, 23, 24, 25, 26, 27, 28, 29, 30, 31
Valid weekdays: Saturday, Sunday
When: 23:30:00
Current Time: 2007-01-05 23:30:00
Valid Interval: 23:00:00-02:00:00
Valid days of month: 1, 2, 3, 4, 5, 6, 7, 8, 9, 10, 11, 12, 13, 14, 15, 16, 17, 18, 19, 20, 21, 22, 23, 24, 25, 26, 27, 28, 29, 30, 31
Valid weekdays: Saturday, Sunday
When: 23:30:00
Current Time: 2007-01-06 23:00:00
Valid Interval: 23:00:00-02:00:00
Valid days of month: 1, 2, 3, 4, 5, 6, 7, 8, 9, 10, 11, 12, 13, 14, 15, 16, 17, 18, 19, 20, 21, 22, 23, 24, 25, 26, 27, 28, 29, 30, 31
Valid weekdays: Saturday, Sunday
When: 23:30:00
Current Time: 2007-01-06 02:00:00
Valid Interval: 23:00:00-02:00:00
Valid days of month: 1, 2, 3, 4, 5, 6, 7, 8, 9, 10, 11, 12, 13, 14, 15, 16, 17, 18, 19, 20, 21, 22, 23, 24, 25, 26, 27, 28, 29, 30, 31
Valid weekdays: Saturday, Sunday
When: 23:30:00
Current Time: 2007-01-07 23:40:00
Valid Interval: 23:00:00-02:00:00
Valid days of month: 1, 2, 3, 4, 5, 6, 7, 8, 9, 10, 11, 12, 13, 14, 15, 16, 17, 18, 19, 20, 21, 22, 23, 24, 25, 26, 27, 28, 29, 30, 31
Valid weekdays: Saturday, Sunday
When: 23:30:00
Current Time: 2007-01-07 01:00:00
Valid Interval: 13:00:00-16:00:00
Valid days of month: 1, 2, 3, 4, 5, 6, 7, 8, 9, 10, 11, 12, 13, 14, 15, 16, 17, 18, 19, 20, 21, 22, 23, 24, 25, 26, 27, 28, 29, 30, 31
Valid weekdays: Saturday, Sunday
When: 14:00:00
Current Time: 2007-01-06 14:30:00
Valid Interval: 13:00:00-16:00:00
Valid days of month: 1, 2, 3, 4, 5, 6, 7, 8, 9, 10, 11, 12, 13, 14, 15, 16, 17, 18, 19, 20, 21, 22, 23, 24, 25, 26, 27, 28, 29, 30, 31
Valid weekdays: Saturday, Sunday
When: 14:00:00
Current Time: 2007-01-07 15:00:00
Valid Interval: 23:00:00-02:00:00
Valid days of month: 1, 2, 3, 4, 5, 6, 7, 8, 9, 10, 11, 12, 13, 14, 15, 16, 17, 18, 19, 20, 21, 22, 23, 24, 25, 26, 27, 28, 29, 30, 31
Valid weekdays: Saturday, Sunday
When: 01:00:00
Current Time: 2007-01-06 01:30:00
Valid Interval: 23:00:00-02:00:00
Valid days of month: 1, 2, 3, 4, 5, 6, 7, 8, 9, 10, 11, 12, 13, 14, 15, 16, 17, 18, 19, 20, 21, 22, 23, 24, 25, 26, 27, 28, 29, 30, 31
Valid weekdays: Saturday, Sunday
When: 01:00:00
Current Time: 2007-01-07 01:30:00
Valid Interval: 23:00:00-02:00:00
Valid days of month: 1, 2, 3, 4, 5, 6, 7, 8, 9, 10, 11, 12, 13, 14, 15, 16, 17, 18, 19, 20, 21, 22, 23, 24, 25, 26, 27, 28, 29, 30, 31
Valid weekdays: Saturday, Sunday
When: 23:30:00
Current Time: 2007-01-06 23:02:00
Valid Interval: 23:00:00-02:00:00
Valid days of month: 1, 2, 3, 4, 5, 6, 7, 8, 9, 10, 11, 12, 13, 14, 15, 16, 17, 18, 19, 20, 21, 22, 23, 24, 25, 26, 27, 28, 29, 30, 31
Valid weekdays: Saturday, Sunday
When: 23:30:00
Current Time: 2007-01-06 01:10:00
Valid Interval: 23:00:00-02:00:00
Valid days of month: 1, 2, 3, 4, 5, 6, 7, 8, 9, 10, 11, 12, 13, 14, 15, 16, 17, 18, 19, 20, 21, 22, 23, 24, 25, 26, 27, 28, 29, 30, 31
Valid weekdays: Saturday, Sunday
When: 23:30:00
Current Time: 2007-01-07 01:00:40
Valid Interval: 23:00:00-02:00:00
Valid days of month: 2
Valid weekdays: Saturday, Sunday
When: 23:30:00
Current Time: 2007-01-01 12:00:00
Valid Interval: 23:00:00-02:00:00
Valid days of month: 1, 2
Valid weekdays: Saturday, Sunday
When: 23:30:00
Current Time: 2007-01-05 23:30:00
Valid Interval: 23:00:00-02:00:00
Valid days of month: 1, 2
Valid weekdays: Saturday, Sunday
When: 23:30:00
Current Time: 2007-01-06 23:00:00</StdOut>
      </Output>
    </UnitTestResult>
    <UnitTestResult executionId="240dd910-10c2-402b-ba4e-e2e4d84789c8" testId="9b3c5748-e381-418e-a81c-bfbc4f5f2033" testName="GetNextTimeToTrigger_AbsoluteTimer_ReturnsCorrectTime (Data Row 48)" computerName="ICSWS068" duration="00:00:00.0035837" startTime="2016-08-04T07:57:22.8267166+02:00" endTime="2016-08-04T07:57:22.8302192+02:00" testType="13cdc9d9-ddb5-4fa4-a97d-d965ccfc6d4b" outcome="Passed" testListId="8c84fa94-04c1-424b-9868-57a2d4851a1d" relativeResultsDirectory="240dd910-10c2-402b-ba4e-e2e4d84789c8">
      <Output>
        <StdOut>TestContext Messages:
Valid Interval: 11:00:00-13:00:00
Valid days of month: 1, 2, 3, 4, 5, 6, 7, 8, 9, 10, 11, 12, 13, 14, 15, 16, 17, 18, 19, 20, 21, 22, 23, 24, 25, 26, 27, 28, 29, 30, 31
Valid weekdays: Monday, Tuesday, Wednesday, Thursday, Friday, Saturday, Sunday
When: 12:00:00
Current Time: 2011-01-01 00:00:00
Valid Interval: 11:00:00-13:00:00
Valid days of month: 1, 2, 3, 4, 5, 6, 7, 8, 9, 10, 11, 12, 13, 14, 15, 16, 17, 18, 19, 20, 21, 22, 23, 24, 25, 26, 27, 28, 29, 30, 31
Valid weekdays: Monday, Tuesday, Wednesday, Thursday, Friday, Saturday, Sunday
When: 12:00:00
Current Time: 2011-01-01 09:00:00
Valid Interval: 11:00:00-13:00:00
Valid days of month: 1, 2, 3, 4, 5, 6, 7, 8, 9, 10, 11, 12, 13, 14, 15, 16, 17, 18, 19, 20, 21, 22, 23, 24, 25, 26, 27, 28, 29, 30, 31
Valid weekdays: Monday, Tuesday, Wednesday, Thursday, Friday, Saturday, Sunday
When: 12:00:00
Current Time: 2011-01-01 11:00:00
Valid Interval: 11:00:00-13:00:00
Valid days of month: 1, 2, 3, 4, 5, 6, 7, 8, 9, 10, 11, 12, 13, 14, 15, 16, 17, 18, 19, 20, 21, 22, 23, 24, 25, 26, 27, 28, 29, 30, 31
Valid weekdays: Monday, Tuesday, Wednesday, Thursday, Friday, Saturday, Sunday
When: 12:00:00
Current Time: 2011-01-01 12:00:00
Valid Interval: 11:00:00-13:00:00
Valid days of month: 1, 2, 3, 4, 5, 6, 7, 8, 9, 10, 11, 12, 13, 14, 15, 16, 17, 18, 19, 20, 21, 22, 23, 24, 25, 26, 27, 28, 29, 30, 31
Valid weekdays: Monday, Tuesday, Wednesday, Thursday, Friday, Saturday, Sunday
When: 12:00:00
Current Time: 2011-01-01 12:30:00
Valid Interval: 11:00:00-13:00:00
Valid days of month: 1, 2, 3, 4, 5, 6, 7, 8, 9, 10, 11, 12, 13, 14, 15, 16, 17, 18, 19, 20, 21, 22, 23, 24, 25, 26, 27, 28, 29, 30, 31
Valid weekdays: Monday, Tuesday, Wednesday, Thursday, Friday, Saturday, Sunday
When: 12:00:00
Current Time: 2011-01-01 13:00:00
Valid Interval: 11:00:00-13:00:00
Valid days of month: 1, 2, 3, 4, 5, 6, 7, 8, 9, 10, 11, 12, 13, 14, 15, 16, 17, 18, 19, 20, 21, 22, 23, 24, 25, 26, 27, 28, 29, 30, 31
Valid weekdays: Monday, Tuesday, Wednesday, Thursday, Friday, Saturday, Sunday
When: 12:00:00
Current Time: 2011-01-02 00:00:00
Valid Interval: 11:00:00-13:00:00
Valid days of month: 1, 2, 3, 4, 5, 6, 7, 8, 9, 10, 11, 12, 13, 14, 15, 16, 17, 18, 19, 20, 21, 22, 23, 24, 25, 26, 27, 28, 29, 30, 31
Valid weekdays: Monday, Tuesday, Wednesday, Thursday, Friday, Saturday, Sunday
When: 12:00:00
Current Time: 2011-01-02 09:00:00
Valid Interval: 11:00:00-13:00:00
Valid days of month: 1, 2, 3, 4, 5, 6, 7, 8, 9, 10, 11, 12, 13, 14, 15, 16, 17, 18, 19, 20, 21, 22, 23, 24, 25, 26, 27, 28, 29, 30, 31
Valid weekdays: Monday, Tuesday, Wednesday, Thursday, Friday, Saturday, Sunday
When: 12:00:00
Current Time: 2011-01-02 12:00:00
Valid Interval: 11:00:00-13:00:00
Valid days of month: 1, 2, 3, 4, 5, 6, 7, 8, 9, 10, 11, 12, 13, 14, 15, 16, 17, 18, 19, 20, 21, 22, 23, 24, 25, 26, 27, 28, 29, 30, 31
Valid weekdays: Monday, Tuesday, Wednesday, Thursday, Friday, Saturday, Sunday
When: 12:00:00
Current Time: 2011-01-02 12:45:30
Valid Interval: 11:00:00-13:00:00
Valid days of month: 1, 2, 3, 4, 5, 6, 7, 8, 9, 10, 11, 12, 13, 14, 15, 16, 17, 18, 19, 20, 21, 22, 23, 24, 25, 26, 27, 28, 29, 30, 31
Valid weekdays: Monday, Tuesday, Wednesday, Thursday, Friday, Saturday, Sunday
When: 12:00:00
Current Time: 2011-01-02 13:00:00
Valid Interval: 11:00:00-13:00:00
Valid days of month: 1, 2, 3, 4, 5, 6, 7, 8, 9, 10, 11, 12, 13, 14, 15, 16, 17, 18, 19, 20, 21, 22, 23, 24, 25, 26, 27, 28, 29, 30, 31
Valid weekdays: Monday, Tuesday, Wednesday, Thursday, Friday, Saturday, Sunday
When: 12:00:00
Current Time: 2011-01-01 12:00:00
Valid Interval: 11:00:00-13:00:00
Valid days of month: 1, 2, 3, 4, 5, 6, 7, 8, 9, 10, 11, 12, 13, 14, 15, 16, 17, 18, 19, 20, 21, 22, 23, 24, 25, 26, 27, 28, 29, 30, 31
Valid weekdays: Monday, Tuesday, Wednesday, Thursday, Friday, Saturday, Sunday
When: 12:00:00
Current Time: 2011-01-01 12:30:00
Valid Interval: 11:00:00-13:00:00
Valid days of month: 1, 2, 3, 4, 5, 6, 7, 8, 9, 10, 11, 12, 13, 14, 15, 16, 17, 18, 19, 20, 21, 22, 23, 24, 25, 26, 27, 28, 29, 30, 31
Valid weekdays: Monday, Tuesday, Wednesday, Thursday, Friday, Saturday, Sunday
When: 12:00:00
Current Time: 2011-01-01 12:30:00
Valid Interval: 11:00:00-13:00:00
Valid days of month: 1, 2, 3, 4, 5, 6, 7, 8, 9, 10, 11, 12, 13, 14, 15, 16, 17, 18, 19, 20, 21, 22, 23, 24, 25, 26, 27, 28, 29, 30, 31
Valid weekdays: Monday, Tuesday, Wednesday, Thursday, Friday, Saturday, Sunday
When: 12:00:00
Current Time: 2011-01-01 13:00:00
Valid Interval: 11:00:00-13:00:00
Valid days of month: 1, 2, 3, 4, 5, 6, 7, 8, 9, 10, 11, 12, 13, 14, 15, 16, 17, 18, 19, 20, 21, 22, 23, 24, 25, 26, 27, 28, 29, 30, 31
Valid weekdays: Monday, Tuesday, Wednesday, Thursday, Friday, Saturday, Sunday
When: 12:00:00
Current Time: 2011-01-01 14:30:00
Valid Interval: 23:00:00-13:00:00
Valid days of month: 1, 2, 3, 4, 5, 6, 7, 8, 9, 10, 11, 12, 13, 14, 15, 16, 17, 18, 19, 20, 21, 22, 23, 24, 25, 26, 27, 28, 29, 30, 31
Valid weekdays: Monday, Tuesday, Wednesday, Thursday, Friday, Saturday, Sunday
When: 23:30:00
Current Time: 2011-01-01 16:00:00
Valid Interval: 23:00:00-13:00:00
Valid days of month: 1, 2, 3, 4, 5, 6, 7, 8, 9, 10, 11, 12, 13, 14, 15, 16, 17, 18, 19, 20, 21, 22, 23, 24, 25, 26, 27, 28, 29, 30, 31
Valid weekdays: Monday, Tuesday, Wednesday, Thursday, Friday, Saturday, Sunday
When: 23:30:00
Current Time: 2011-01-01 23:00:00
Valid Interval: 23:00:00-13:00:00
Valid days of month: 1, 2, 3, 4, 5, 6, 7, 8, 9, 10, 11, 12, 13, 14, 15, 16, 17, 18, 19, 20, 21, 22, 23, 24, 25, 26, 27, 28, 29, 30, 31
Valid weekdays: Monday, Tuesday, Wednesday, Thursday, Friday, Saturday, Sunday
When: 23:30:00
Current Time: 2011-01-01 23:30:00
Valid Interval: 23:00:00-13:00:00
Valid days of month: 1, 2, 3, 4, 5, 6, 7, 8, 9, 10, 11, 12, 13, 14, 15, 16, 17, 18, 19, 20, 21, 22, 23, 24, 25, 26, 27, 28, 29, 30, 31
Valid weekdays: Monday, Tuesday, Wednesday, Thursday, Friday, Saturday, Sunday
When: 23:30:00
Current Time: 2011-01-01 23:45:00
Valid Interval: 23:00:00-13:00:00
Valid days of month: 1, 2, 3, 4, 5, 6, 7, 8, 9, 10, 11, 12, 13, 14, 15, 16, 17, 18, 19, 20, 21, 22, 23, 24, 25, 26, 27, 28, 29, 30, 31
Valid weekdays: Monday, Tuesday, Wednesday, Thursday, Friday, Saturday, Sunday
When: 23:30:00
Current Time: 2011-01-02 00:30:00
Valid Interval: 23:00:00-13:00:00
Valid days of month: 1, 2, 3, 4, 5, 6, 7, 8, 9, 10, 11, 12, 13, 14, 15, 16, 17, 18, 19, 20, 21, 22, 23, 24, 25, 26, 27, 28, 29, 30, 31
Valid weekdays: Monday, Tuesday, Wednesday, Thursday, Friday, Saturday, Sunday
When: 23:30:00
Current Time: 2011-01-01 13:00:00
Valid Interval: 23:00:00-13:00:00
Valid days of month: 1, 2, 3, 4, 5, 6, 7, 8, 9, 10, 11, 12, 13, 14, 15, 16, 17, 18, 19, 20, 21, 22, 23, 24, 25, 26, 27, 28, 29, 30, 31
Valid weekdays: Monday, Tuesday, Wednesday, Thursday, Friday, Saturday, Sunday
When: 01:00:00
Current Time: 2011-01-01 16:00:00
Valid Interval: 23:00:00-13:00:00
Valid days of month: 1, 2, 3, 4, 5, 6, 7, 8, 9, 10, 11, 12, 13, 14, 15, 16, 17, 18, 19, 20, 21, 22, 23, 24, 25, 26, 27, 28, 29, 30, 31
Valid weekdays: Monday, Tuesday, Wednesday, Thursday, Friday, Saturday, Sunday
When: 01:00:00
Current Time: 2011-01-01 23:00:00
Valid Interval: 23:00:00-13:00:00
Valid days of month: 1, 2, 3, 4, 5, 6, 7, 8, 9, 10, 11, 12, 13, 14, 15, 16, 17, 18, 19, 20, 21, 22, 23, 24, 25, 26, 27, 28, 29, 30, 31
Valid weekdays: Monday, Tuesday, Wednesday, Thursday, Friday, Saturday, Sunday
When: 01:00:00
Current Time: 2011-01-01 23:30:00
Valid Interval: 23:00:00-13:00:00
Valid days of month: 1, 2, 3, 4, 5, 6, 7, 8, 9, 10, 11, 12, 13, 14, 15, 16, 17, 18, 19, 20, 21, 22, 23, 24, 25, 26, 27, 28, 29, 30, 31
Valid weekdays: Monday, Tuesday, Wednesday, Thursday, Friday, Saturday, Sunday
When: 01:00:00
Current Time: 2011-01-02 00:30:00
Valid Interval: 23:00:00-13:00:00
Valid days of month: 1, 2, 3, 4, 5, 6, 7, 8, 9, 10, 11, 12, 13, 14, 15, 16, 17, 18, 19, 20, 21, 22, 23, 24, 25, 26, 27, 28, 29, 30, 31
Valid weekdays: Monday, Tuesday, Wednesday, Thursday, Friday, Saturday, Sunday
When: 01:00:00
Current Time: 2011-01-01 02:00:00
Valid Interval: 23:00:00-13:00:00
Valid days of month: 1, 2, 3, 4, 5, 6, 7, 8, 9, 10, 11, 12, 13, 14, 15, 16, 17, 18, 19, 20, 21, 22, 23, 24, 25, 26, 27, 28, 29, 30, 31
Valid weekdays: Monday, Tuesday, Wednesday, Thursday, Friday, Saturday, Sunday
When: 01:00:00
Current Time: 2011-01-01 13:00:00
Valid Interval: 23:00:00-13:00:00
Valid days of month: 1, 2, 3, 4, 5, 6, 7, 8, 9, 10, 11, 12, 13, 14, 15, 16, 17, 18, 19, 20, 21, 22, 23, 24, 25, 26, 27, 28, 29, 30, 31
Valid weekdays: Monday, Tuesday, Wednesday, Thursday, Friday, Saturday, Sunday
When: 23:30:00
Current Time: 2011-01-01 16:00:00
Valid Interval: 23:00:00-13:00:00
Valid days of month: 1, 2, 3, 4, 5, 6, 7, 8, 9, 10, 11, 12, 13, 14, 15, 16, 17, 18, 19, 20, 21, 22, 23, 24, 25, 26, 27, 28, 29, 30, 31
Valid weekdays: Monday, Tuesday, Wednesday, Thursday, Friday, Saturday, Sunday
When: 23:30:00
Current Time: 2011-01-01 23:00:00
Valid Interval: 23:00:00-13:00:00
Valid days of month: 1, 2, 3, 4, 5, 6, 7, 8, 9, 10, 11, 12, 13, 14, 15, 16, 17, 18, 19, 20, 21, 22, 23, 24, 25, 26, 27, 28, 29, 30, 31
Valid weekdays: Monday, Tuesday, Wednesday, Thursday, Friday, Saturday, Sunday
When: 23:30:00
Current Time: 2011-01-01 23:30:00
Valid Interval: 23:00:00-13:00:00
Valid days of month: 1, 2, 3, 4, 5, 6, 7, 8, 9, 10, 11, 12, 13, 14, 15, 16, 17, 18, 19, 20, 21, 22, 23, 24, 25, 26, 27, 28, 29, 30, 31
Valid weekdays: Monday, Tuesday, Wednesday, Thursday, Friday, Saturday, Sunday
When: 23:30:00
Current Time: 2011-01-01 23:45:00
Valid Interval: 23:00:00-13:00:00
Valid days of month: 1, 2, 3, 4, 5, 6, 7, 8, 9, 10, 11, 12, 13, 14, 15, 16, 17, 18, 19, 20, 21, 22, 23, 24, 25, 26, 27, 28, 29, 30, 31
Valid weekdays: Monday, Tuesday, Wednesday, Thursday, Friday, Saturday, Sunday
When: 23:30:00
Current Time: 2011-01-02 00:30:00
Valid Interval: 23:00:00-13:00:00
Valid days of month: 1, 2, 3, 4, 5, 6, 7, 8, 9, 10, 11, 12, 13, 14, 15, 16, 17, 18, 19, 20, 21, 22, 23, 24, 25, 26, 27, 28, 29, 30, 31
Valid weekdays: Monday, Tuesday, Wednesday, Thursday, Friday, Saturday, Sunday
When: 23:30:00
Current Time: 2011-01-01 13:00:00
Valid Interval: 23:00:00-13:00:00
Valid days of month: 1, 2, 3, 4, 5, 6, 7, 8, 9, 10, 11, 12, 13, 14, 15, 16, 17, 18, 19, 20, 21, 22, 23, 24, 25, 26, 27, 28, 29, 30, 31
Valid weekdays: Monday, Tuesday, Wednesday, Thursday, Friday, Saturday, Sunday
When: 01:00:00
Current Time: 2011-01-01 16:00:00
Valid Interval: 23:00:00-13:00:00
Valid days of month: 1, 2, 3, 4, 5, 6, 7, 8, 9, 10, 11, 12, 13, 14, 15, 16, 17, 18, 19, 20, 21, 22, 23, 24, 25, 26, 27, 28, 29, 30, 31
Valid weekdays: Monday, Tuesday, Wednesday, Thursday, Friday, Saturday, Sunday
When: 01:00:00
Current Time: 2011-01-01 23:00:00
Valid Interval: 23:00:00-13:00:00
Valid days of month: 1, 2, 3, 4, 5, 6, 7, 8, 9, 10, 11, 12, 13, 14, 15, 16, 17, 18, 19, 20, 21, 22, 23, 24, 25, 26, 27, 28, 29, 30, 31
Valid weekdays: Monday, Tuesday, Wednesday, Thursday, Friday, Saturday, Sunday
When: 01:00:00
Current Time: 2011-01-01 23:30:00
Valid Interval: 23:00:00-13:00:00
Valid days of month: 1, 2, 3, 4, 5, 6, 7, 8, 9, 10, 11, 12, 13, 14, 15, 16, 17, 18, 19, 20, 21, 22, 23, 24, 25, 26, 27, 28, 29, 30, 31
Valid weekdays: Monday, Tuesday, Wednesday, Thursday, Friday, Saturday, Sunday
When: 01:00:00
Current Time: 2011-01-02 00:30:00
Valid Interval: 23:00:00-13:00:00
Valid days of month: 1, 2, 3, 4, 5, 6, 7, 8, 9, 10, 11, 12, 13, 14, 15, 16, 17, 18, 19, 20, 21, 22, 23, 24, 25, 26, 27, 28, 29, 30, 31
Valid weekdays: Monday, Tuesday, Wednesday, Thursday, Friday, Saturday, Sunday
When: 01:00:00
Current Time: 2011-01-02 02:00:00
Valid Interval: 23:00:00-13:00:00
Valid days of month: 1, 2, 3, 4, 5, 6, 7, 8, 9, 10, 11, 12, 13, 14, 15, 16, 17, 18, 19, 20, 21, 22, 23, 24, 25, 26, 27, 28, 29, 30, 31
Valid weekdays: Monday, Tuesday, Wednesday, Thursday, Friday, Saturday, Sunday
When: 01:00:00
Current Time: 2011-01-02 13:00:00
Valid Interval: 23:00:00-13:00:00
Valid days of month: 1, 2, 3, 4, 5, 6, 7, 8, 9, 10, 11, 12, 13, 14, 15, 16, 17, 18, 19, 20, 21, 22, 23, 24, 25, 26, 27, 28, 29, 30, 31
Valid weekdays: Monday, Tuesday, Wednesday, Thursday, Friday, Saturday, Sunday
When: 23:30:00
Current Time: 2011-01-01 23:30:05
Valid Interval: 23:00:00-13:00:00
Valid days of month: 1, 2, 3, 4, 5, 6, 7, 8, 9, 10, 11, 12, 13, 14, 15, 16, 17, 18, 19, 20, 21, 22, 23, 24, 25, 26, 27, 28, 29, 30, 31
Valid weekdays: Monday, Tuesday, Wednesday, Thursday, Friday, Saturday, Sunday
When: 23:30:00
Current Time: 2011-01-02 00:30:00
Valid Interval: 23:00:00-13:00:00
Valid days of month: 1, 2, 3, 4, 5, 6, 7, 8, 9, 10, 11, 12, 13, 14, 15, 16, 17, 18, 19, 20, 21, 22, 23, 24, 25, 26, 27, 28, 29, 30, 31
Valid weekdays: Monday, Tuesday, Wednesday, Thursday, Friday, Saturday, Sunday
When: 23:30:00
Current Time: 2011-01-02 13:00:00
Valid Interval: 23:00:00-13:00:00
Valid days of month: 1, 2, 3, 4, 5, 6, 7, 8, 9, 10, 11, 12, 13, 14, 15, 16, 17, 18, 19, 20, 21, 22, 23, 24, 25, 26, 27, 28, 29, 30, 31
Valid weekdays: Monday, Tuesday, Wednesday, Thursday, Friday, Saturday, Sunday
When: 01:00:00
Current Time: 2011-01-01 02:00:00
Valid Interval: 23:00:00-13:00:00
Valid days of month: 1, 2, 3, 4, 5, 6, 7, 8, 9, 10, 11, 12, 13, 14, 15, 16, 17, 18, 19, 20, 21, 22, 23, 24, 25, 26, 27, 28, 29, 30, 31
Valid weekdays: Monday, Tuesday, Wednesday, Thursday, Friday, Saturday, Sunday
When: 01:00:00
Current Time: 2011-01-02 02:00:00
Valid Interval: 13:00:00-16:00:00
Valid days of month: 1, 2, 3, 4, 5, 6, 7, 8, 9, 10, 11, 12, 13, 14, 15, 16, 17, 18, 19, 20, 21, 22, 23, 24, 25, 26, 27, 28, 29, 30, 31
Valid weekdays: Saturday, Sunday
When: 14:00:00
Current Time: 2007-01-01 12:00:00
Valid Interval: 13:00:00-16:00:00
Valid days of month: 1, 2, 3, 4, 5, 6, 7, 8, 9, 10, 11, 12, 13, 14, 15, 16, 17, 18, 19, 20, 21, 22, 23, 24, 25, 26, 27, 28, 29, 30, 31
Valid weekdays: Saturday, Sunday
When: 14:00:00
Current Time: 2007-01-02 13:30:00
Valid Interval: 13:00:00-16:00:00
Valid days of month: 1, 2, 3, 4, 5, 6, 7, 8, 9, 10, 11, 12, 13, 14, 15, 16, 17, 18, 19, 20, 21, 22, 23, 24, 25, 26, 27, 28, 29, 30, 31
Valid weekdays: Saturday, Sunday
When: 14:00:00
Current Time: 2007-01-06 13:30:00
Valid Interval: 13:00:00-16:00:00
Valid days of month: 1, 2, 3, 4, 5, 6, 7, 8, 9, 10, 11, 12, 13, 14, 15, 16, 17, 18, 19, 20, 21, 22, 23, 24, 25, 26, 27, 28, 29, 30, 31
Valid weekdays: Saturday, Sunday
When: 14:00:00
Current Time: 2007-01-06 14:30:00
Valid Interval: 13:00:00-16:00:00
Valid days of month: 1, 2, 3, 4, 5, 6, 7, 8, 9, 10, 11, 12, 13, 14, 15, 16, 17, 18, 19, 20, 21, 22, 23, 24, 25, 26, 27, 28, 29, 30, 31
Valid weekdays: Saturday, Sunday
When: 14:00:00
Current Time: 2007-01-06 16:30:00
Valid Interval: 13:00:00-16:00:00
Valid days of month: 1, 2, 3, 4, 5, 6, 7, 8, 9, 10, 11, 12, 13, 14, 15, 16, 17, 18, 19, 20, 21, 22, 23, 24, 25, 26, 27, 28, 29, 30, 31
Valid weekdays: Saturday, Sunday
When: 14:00:00
Current Time: 2007-01-07 16:00:00
Valid Interval: 23:00:00-02:00:00
Valid days of month: 1, 2, 3, 4, 5, 6, 7, 8, 9, 10, 11, 12, 13, 14, 15, 16, 17, 18, 19, 20, 21, 22, 23, 24, 25, 26, 27, 28, 29, 30, 31
Valid weekdays: Saturday, Sunday
When: 01:00:00
Current Time: 2007-01-01 12:00:00
Valid Interval: 23:00:00-02:00:00
Valid days of month: 1, 2, 3, 4, 5, 6, 7, 8, 9, 10, 11, 12, 13, 14, 15, 16, 17, 18, 19, 20, 21, 22, 23, 24, 25, 26, 27, 28, 29, 30, 31
Valid weekdays: Saturday, Sunday
When: 01:00:00
Current Time: 2007-01-02 01:00:00
Valid Interval: 23:00:00-02:00:00
Valid days of month: 1, 2, 3, 4, 5, 6, 7, 8, 9, 10, 11, 12, 13, 14, 15, 16, 17, 18, 19, 20, 21, 22, 23, 24, 25, 26, 27, 28, 29, 30, 31
Valid weekdays: Saturday, Sunday
When: 01:00:00
Current Time: 2007-01-06 00:30:00
Valid Interval: 23:00:00-02:00:00
Valid days of month: 1, 2, 3, 4, 5, 6, 7, 8, 9, 10, 11, 12, 13, 14, 15, 16, 17, 18, 19, 20, 21, 22, 23, 24, 25, 26, 27, 28, 29, 30, 31
Valid weekdays: Saturday, Sunday
When: 01:00:00
Current Time: 2007-01-06 01:30:00
Valid Interval: 23:00:00-02:00:00
Valid days of month: 1, 2, 3, 4, 5, 6, 7, 8, 9, 10, 11, 12, 13, 14, 15, 16, 17, 18, 19, 20, 21, 22, 23, 24, 25, 26, 27, 28, 29, 30, 31
Valid weekdays: Saturday, Sunday
When: 01:00:00
Current Time: 2007-01-06 02:30:00
Valid Interval: 23:00:00-02:00:00
Valid days of month: 1, 2, 3, 4, 5, 6, 7, 8, 9, 10, 11, 12, 13, 14, 15, 16, 17, 18, 19, 20, 21, 22, 23, 24, 25, 26, 27, 28, 29, 30, 31
Valid weekdays: Saturday, Sunday
When: 01:00:00
Current Time: 2007-01-07 02:00:00
Valid Interval: 23:00:00-02:00:00
Valid days of month: 1, 2, 3, 4, 5, 6, 7, 8, 9, 10, 11, 12, 13, 14, 15, 16, 17, 18, 19, 20, 21, 22, 23, 24, 25, 26, 27, 28, 29, 30, 31
Valid weekdays: Saturday, Sunday
When: 23:30:00
Current Time: 2007-01-01 12:00:00
Valid Interval: 23:00:00-02:00:00
Valid days of month: 1, 2, 3, 4, 5, 6, 7, 8, 9, 10, 11, 12, 13, 14, 15, 16, 17, 18, 19, 20, 21, 22, 23, 24, 25, 26, 27, 28, 29, 30, 31
Valid weekdays: Saturday, Sunday
When: 23:30:00
Current Time: 2007-01-05 23:30:00
Valid Interval: 23:00:00-02:00:00
Valid days of month: 1, 2, 3, 4, 5, 6, 7, 8, 9, 10, 11, 12, 13, 14, 15, 16, 17, 18, 19, 20, 21, 22, 23, 24, 25, 26, 27, 28, 29, 30, 31
Valid weekdays: Saturday, Sunday
When: 23:30:00
Current Time: 2007-01-06 23:00:00
Valid Interval: 23:00:00-02:00:00
Valid days of month: 1, 2, 3, 4, 5, 6, 7, 8, 9, 10, 11, 12, 13, 14, 15, 16, 17, 18, 19, 20, 21, 22, 23, 24, 25, 26, 27, 28, 29, 30, 31
Valid weekdays: Saturday, Sunday
When: 23:30:00
Current Time: 2007-01-06 02:00:00
Valid Interval: 23:00:00-02:00:00
Valid days of month: 1, 2, 3, 4, 5, 6, 7, 8, 9, 10, 11, 12, 13, 14, 15, 16, 17, 18, 19, 20, 21, 22, 23, 24, 25, 26, 27, 28, 29, 30, 31
Valid weekdays: Saturday, Sunday
When: 23:30:00
Current Time: 2007-01-07 23:40:00
Valid Interval: 23:00:00-02:00:00
Valid days of month: 1, 2, 3, 4, 5, 6, 7, 8, 9, 10, 11, 12, 13, 14, 15, 16, 17, 18, 19, 20, 21, 22, 23, 24, 25, 26, 27, 28, 29, 30, 31
Valid weekdays: Saturday, Sunday
When: 23:30:00
Current Time: 2007-01-07 01:00:00
Valid Interval: 13:00:00-16:00:00
Valid days of month: 1, 2, 3, 4, 5, 6, 7, 8, 9, 10, 11, 12, 13, 14, 15, 16, 17, 18, 19, 20, 21, 22, 23, 24, 25, 26, 27, 28, 29, 30, 31
Valid weekdays: Saturday, Sunday
When: 14:00:00
Current Time: 2007-01-01 12:00:00
Valid Interval: 13:00:00-16:00:00
Valid days of month: 1, 2, 3, 4, 5, 6, 7, 8, 9, 10, 11, 12, 13, 14, 15, 16, 17, 18, 19, 20, 21, 22, 23, 24, 25, 26, 27, 28, 29, 30, 31
Valid weekdays: Saturday, Sunday
When: 14:00:00
Current Time: 2007-01-02 13:30:00
Valid Interval: 13:00:00-16:00:00
Valid days of month: 1, 2, 3, 4, 5, 6, 7, 8, 9, 10, 11, 12, 13, 14, 15, 16, 17, 18, 19, 20, 21, 22, 23, 24, 25, 26, 27, 28, 29, 30, 31
Valid weekdays: Saturday, Sunday
When: 14:00:00
Current Time: 2007-01-06 13:30:00
Valid Interval: 13:00:00-16:00:00
Valid days of month: 1, 2, 3, 4, 5, 6, 7, 8, 9, 10, 11, 12, 13, 14, 15, 16, 17, 18, 19, 20, 21, 22, 23, 24, 25, 26, 27, 28, 29, 30, 31
Valid weekdays: Saturday, Sunday
When: 14:00:00
Current Time: 2007-01-06 14:30:00
Valid Interval: 13:00:00-16:00:00
Valid days of month: 1, 2, 3, 4, 5, 6, 7, 8, 9, 10, 11, 12, 13, 14, 15, 16, 17, 18, 19, 20, 21, 22, 23, 24, 25, 26, 27, 28, 29, 30, 31
Valid weekdays: Saturday, Sunday
When: 14:00:00
Current Time: 2007-01-06 16:30:00
Valid Interval: 13:00:00-16:00:00
Valid days of month: 1, 2, 3, 4, 5, 6, 7, 8, 9, 10, 11, 12, 13, 14, 15, 16, 17, 18, 19, 20, 21, 22, 23, 24, 25, 26, 27, 28, 29, 30, 31
Valid weekdays: Saturday, Sunday
When: 14:00:00
Current Time: 2007-01-07 16:00:00
Valid Interval: 23:00:00-02:00:00
Valid days of month: 1, 2, 3, 4, 5, 6, 7, 8, 9, 10, 11, 12, 13, 14, 15, 16, 17, 18, 19, 20, 21, 22, 23, 24, 25, 26, 27, 28, 29, 30, 31
Valid weekdays: Saturday, Sunday
When: 01:00:00
Current Time: 2007-01-01 12:00:00
Valid Interval: 23:00:00-02:00:00
Valid days of month: 1, 2, 3, 4, 5, 6, 7, 8, 9, 10, 11, 12, 13, 14, 15, 16, 17, 18, 19, 20, 21, 22, 23, 24, 25, 26, 27, 28, 29, 30, 31
Valid weekdays: Saturday, Sunday
When: 01:00:00
Current Time: 2007-01-02 01:00:00
Valid Interval: 23:00:00-02:00:00
Valid days of month: 1, 2, 3, 4, 5, 6, 7, 8, 9, 10, 11, 12, 13, 14, 15, 16, 17, 18, 19, 20, 21, 22, 23, 24, 25, 26, 27, 28, 29, 30, 31
Valid weekdays: Saturday, Sunday
When: 01:00:00
Current Time: 2007-01-06 00:30:00
Valid Interval: 23:00:00-02:00:00
Valid days of month: 1, 2, 3, 4, 5, 6, 7, 8, 9, 10, 11, 12, 13, 14, 15, 16, 17, 18, 19, 20, 21, 22, 23, 24, 25, 26, 27, 28, 29, 30, 31
Valid weekdays: Saturday, Sunday
When: 01:00:00
Current Time: 2007-01-06 02:30:00
Valid Interval: 23:00:00-02:00:00
Valid days of month: 1, 2, 3, 4, 5, 6, 7, 8, 9, 10, 11, 12, 13, 14, 15, 16, 17, 18, 19, 20, 21, 22, 23, 24, 25, 26, 27, 28, 29, 30, 31
Valid weekdays: Saturday, Sunday
When: 23:30:00
Current Time: 2007-01-01 12:00:00
Valid Interval: 23:00:00-02:00:00
Valid days of month: 1, 2, 3, 4, 5, 6, 7, 8, 9, 10, 11, 12, 13, 14, 15, 16, 17, 18, 19, 20, 21, 22, 23, 24, 25, 26, 27, 28, 29, 30, 31
Valid weekdays: Saturday, Sunday
When: 23:30:00
Current Time: 2007-01-05 23:30:00
Valid Interval: 23:00:00-02:00:00
Valid days of month: 1, 2, 3, 4, 5, 6, 7, 8, 9, 10, 11, 12, 13, 14, 15, 16, 17, 18, 19, 20, 21, 22, 23, 24, 25, 26, 27, 28, 29, 30, 31
Valid weekdays: Saturday, Sunday
When: 23:30:00
Current Time: 2007-01-06 23:00:00
Valid Interval: 23:00:00-02:00:00
Valid days of month: 1, 2, 3, 4, 5, 6, 7, 8, 9, 10, 11, 12, 13, 14, 15, 16, 17, 18, 19, 20, 21, 22, 23, 24, 25, 26, 27, 28, 29, 30, 31
Valid weekdays: Saturday, Sunday
When: 23:30:00
Current Time: 2007-01-06 02:00:00
Valid Interval: 23:00:00-02:00:00
Valid days of month: 1, 2, 3, 4, 5, 6, 7, 8, 9, 10, 11, 12, 13, 14, 15, 16, 17, 18, 19, 20, 21, 22, 23, 24, 25, 26, 27, 28, 29, 30, 31
Valid weekdays: Saturday, Sunday
When: 23:30:00
Current Time: 2007-01-07 23:40:00
Valid Interval: 23:00:00-02:00:00
Valid days of month: 1, 2, 3, 4, 5, 6, 7, 8, 9, 10, 11, 12, 13, 14, 15, 16, 17, 18, 19, 20, 21, 22, 23, 24, 25, 26, 27, 28, 29, 30, 31
Valid weekdays: Saturday, Sunday
When: 23:30:00
Current Time: 2007-01-07 01:00:00
Valid Interval: 13:00:00-16:00:00
Valid days of month: 1, 2, 3, 4, 5, 6, 7, 8, 9, 10, 11, 12, 13, 14, 15, 16, 17, 18, 19, 20, 21, 22, 23, 24, 25, 26, 27, 28, 29, 30, 31
Valid weekdays: Saturday, Sunday
When: 14:00:00
Current Time: 2007-01-06 14:30:00
Valid Interval: 13:00:00-16:00:00
Valid days of month: 1, 2, 3, 4, 5, 6, 7, 8, 9, 10, 11, 12, 13, 14, 15, 16, 17, 18, 19, 20, 21, 22, 23, 24, 25, 26, 27, 28, 29, 30, 31
Valid weekdays: Saturday, Sunday
When: 14:00:00
Current Time: 2007-01-07 15:00:00
Valid Interval: 23:00:00-02:00:00
Valid days of month: 1, 2, 3, 4, 5, 6, 7, 8, 9, 10, 11, 12, 13, 14, 15, 16, 17, 18, 19, 20, 21, 22, 23, 24, 25, 26, 27, 28, 29, 30, 31
Valid weekdays: Saturday, Sunday
When: 01:00:00
Current Time: 2007-01-06 01:30:00
Valid Interval: 23:00:00-02:00:00
Valid days of month: 1, 2, 3, 4, 5, 6, 7, 8, 9, 10, 11, 12, 13, 14, 15, 16, 17, 18, 19, 20, 21, 22, 23, 24, 25, 26, 27, 28, 29, 30, 31
Valid weekdays: Saturday, Sunday
When: 01:00:00
Current Time: 2007-01-07 01:30:00
Valid Interval: 23:00:00-02:00:00
Valid days of month: 1, 2, 3, 4, 5, 6, 7, 8, 9, 10, 11, 12, 13, 14, 15, 16, 17, 18, 19, 20, 21, 22, 23, 24, 25, 26, 27, 28, 29, 30, 31
Valid weekdays: Saturday, Sunday
When: 23:30:00
Current Time: 2007-01-06 23:02:00
Valid Interval: 23:00:00-02:00:00
Valid days of month: 1, 2, 3, 4, 5, 6, 7, 8, 9, 10, 11, 12, 13, 14, 15, 16, 17, 18, 19, 20, 21, 22, 23, 24, 25, 26, 27, 28, 29, 30, 31
Valid weekdays: Saturday, Sunday
When: 23:30:00
Current Time: 2007-01-06 01:10:00
Valid Interval: 23:00:00-02:00:00
Valid days of month: 1, 2, 3, 4, 5, 6, 7, 8, 9, 10, 11, 12, 13, 14, 15, 16, 17, 18, 19, 20, 21, 22, 23, 24, 25, 26, 27, 28, 29, 30, 31
Valid weekdays: Saturday, Sunday
When: 23:30:00
Current Time: 2007-01-07 01:00:40
Valid Interval: 23:00:00-02:00:00
Valid days of month: 2
Valid weekdays: Saturday, Sunday
When: 23:30:00
Current Time: 2007-01-01 12:00:00
Valid Interval: 23:00:00-02:00:00
Valid days of month: 1, 2
Valid weekdays: Saturday, Sunday
When: 23:30:00
Current Time: 2007-01-05 23:30:00
Valid Interval: 23:00:00-02:00:00
Valid days of month: 1, 2
Valid weekdays: Saturday, Sunday
When: 23:30:00
Current Time: 2007-01-06 23:00:00</StdOut>
      </Output>
    </UnitTestResult>
    <UnitTestResult executionId="5c88b19b-4b5d-485c-a022-d293e725f405" testId="11c744da-baca-460e-90c8-9ee42f4343cc" testName="GetNextTimeToTrigger_AbsoluteTimer_ReturnsCorrectTime (Data Row 49)" computerName="ICSWS068" duration="00:00:00.0035348" startTime="2016-08-04T07:57:22.8302192+02:00" endTime="2016-08-04T07:57:22.8337264+02:00" testType="13cdc9d9-ddb5-4fa4-a97d-d965ccfc6d4b" outcome="Passed" testListId="8c84fa94-04c1-424b-9868-57a2d4851a1d" relativeResultsDirectory="5c88b19b-4b5d-485c-a022-d293e725f405">
      <Output>
        <StdOut>TestContext Messages:
Valid Interval: 11:00:00-13:00:00
Valid days of month: 1, 2, 3, 4, 5, 6, 7, 8, 9, 10, 11, 12, 13, 14, 15, 16, 17, 18, 19, 20, 21, 22, 23, 24, 25, 26, 27, 28, 29, 30, 31
Valid weekdays: Monday, Tuesday, Wednesday, Thursday, Friday, Saturday, Sunday
When: 12:00:00
Current Time: 2011-01-01 00:00:00
Valid Interval: 11:00:00-13:00:00
Valid days of month: 1, 2, 3, 4, 5, 6, 7, 8, 9, 10, 11, 12, 13, 14, 15, 16, 17, 18, 19, 20, 21, 22, 23, 24, 25, 26, 27, 28, 29, 30, 31
Valid weekdays: Monday, Tuesday, Wednesday, Thursday, Friday, Saturday, Sunday
When: 12:00:00
Current Time: 2011-01-01 09:00:00
Valid Interval: 11:00:00-13:00:00
Valid days of month: 1, 2, 3, 4, 5, 6, 7, 8, 9, 10, 11, 12, 13, 14, 15, 16, 17, 18, 19, 20, 21, 22, 23, 24, 25, 26, 27, 28, 29, 30, 31
Valid weekdays: Monday, Tuesday, Wednesday, Thursday, Friday, Saturday, Sunday
When: 12:00:00
Current Time: 2011-01-01 11:00:00
Valid Interval: 11:00:00-13:00:00
Valid days of month: 1, 2, 3, 4, 5, 6, 7, 8, 9, 10, 11, 12, 13, 14, 15, 16, 17, 18, 19, 20, 21, 22, 23, 24, 25, 26, 27, 28, 29, 30, 31
Valid weekdays: Monday, Tuesday, Wednesday, Thursday, Friday, Saturday, Sunday
When: 12:00:00
Current Time: 2011-01-01 12:00:00
Valid Interval: 11:00:00-13:00:00
Valid days of month: 1, 2, 3, 4, 5, 6, 7, 8, 9, 10, 11, 12, 13, 14, 15, 16, 17, 18, 19, 20, 21, 22, 23, 24, 25, 26, 27, 28, 29, 30, 31
Valid weekdays: Monday, Tuesday, Wednesday, Thursday, Friday, Saturday, Sunday
When: 12:00:00
Current Time: 2011-01-01 12:30:00
Valid Interval: 11:00:00-13:00:00
Valid days of month: 1, 2, 3, 4, 5, 6, 7, 8, 9, 10, 11, 12, 13, 14, 15, 16, 17, 18, 19, 20, 21, 22, 23, 24, 25, 26, 27, 28, 29, 30, 31
Valid weekdays: Monday, Tuesday, Wednesday, Thursday, Friday, Saturday, Sunday
When: 12:00:00
Current Time: 2011-01-01 13:00:00
Valid Interval: 11:00:00-13:00:00
Valid days of month: 1, 2, 3, 4, 5, 6, 7, 8, 9, 10, 11, 12, 13, 14, 15, 16, 17, 18, 19, 20, 21, 22, 23, 24, 25, 26, 27, 28, 29, 30, 31
Valid weekdays: Monday, Tuesday, Wednesday, Thursday, Friday, Saturday, Sunday
When: 12:00:00
Current Time: 2011-01-02 00:00:00
Valid Interval: 11:00:00-13:00:00
Valid days of month: 1, 2, 3, 4, 5, 6, 7, 8, 9, 10, 11, 12, 13, 14, 15, 16, 17, 18, 19, 20, 21, 22, 23, 24, 25, 26, 27, 28, 29, 30, 31
Valid weekdays: Monday, Tuesday, Wednesday, Thursday, Friday, Saturday, Sunday
When: 12:00:00
Current Time: 2011-01-02 09:00:00
Valid Interval: 11:00:00-13:00:00
Valid days of month: 1, 2, 3, 4, 5, 6, 7, 8, 9, 10, 11, 12, 13, 14, 15, 16, 17, 18, 19, 20, 21, 22, 23, 24, 25, 26, 27, 28, 29, 30, 31
Valid weekdays: Monday, Tuesday, Wednesday, Thursday, Friday, Saturday, Sunday
When: 12:00:00
Current Time: 2011-01-02 12:00:00
Valid Interval: 11:00:00-13:00:00
Valid days of month: 1, 2, 3, 4, 5, 6, 7, 8, 9, 10, 11, 12, 13, 14, 15, 16, 17, 18, 19, 20, 21, 22, 23, 24, 25, 26, 27, 28, 29, 30, 31
Valid weekdays: Monday, Tuesday, Wednesday, Thursday, Friday, Saturday, Sunday
When: 12:00:00
Current Time: 2011-01-02 12:45:30
Valid Interval: 11:00:00-13:00:00
Valid days of month: 1, 2, 3, 4, 5, 6, 7, 8, 9, 10, 11, 12, 13, 14, 15, 16, 17, 18, 19, 20, 21, 22, 23, 24, 25, 26, 27, 28, 29, 30, 31
Valid weekdays: Monday, Tuesday, Wednesday, Thursday, Friday, Saturday, Sunday
When: 12:00:00
Current Time: 2011-01-02 13:00:00
Valid Interval: 11:00:00-13:00:00
Valid days of month: 1, 2, 3, 4, 5, 6, 7, 8, 9, 10, 11, 12, 13, 14, 15, 16, 17, 18, 19, 20, 21, 22, 23, 24, 25, 26, 27, 28, 29, 30, 31
Valid weekdays: Monday, Tuesday, Wednesday, Thursday, Friday, Saturday, Sunday
When: 12:00:00
Current Time: 2011-01-01 12:00:00
Valid Interval: 11:00:00-13:00:00
Valid days of month: 1, 2, 3, 4, 5, 6, 7, 8, 9, 10, 11, 12, 13, 14, 15, 16, 17, 18, 19, 20, 21, 22, 23, 24, 25, 26, 27, 28, 29, 30, 31
Valid weekdays: Monday, Tuesday, Wednesday, Thursday, Friday, Saturday, Sunday
When: 12:00:00
Current Time: 2011-01-01 12:30:00
Valid Interval: 11:00:00-13:00:00
Valid days of month: 1, 2, 3, 4, 5, 6, 7, 8, 9, 10, 11, 12, 13, 14, 15, 16, 17, 18, 19, 20, 21, 22, 23, 24, 25, 26, 27, 28, 29, 30, 31
Valid weekdays: Monday, Tuesday, Wednesday, Thursday, Friday, Saturday, Sunday
When: 12:00:00
Current Time: 2011-01-01 12:30:00
Valid Interval: 11:00:00-13:00:00
Valid days of month: 1, 2, 3, 4, 5, 6, 7, 8, 9, 10, 11, 12, 13, 14, 15, 16, 17, 18, 19, 20, 21, 22, 23, 24, 25, 26, 27, 28, 29, 30, 31
Valid weekdays: Monday, Tuesday, Wednesday, Thursday, Friday, Saturday, Sunday
When: 12:00:00
Current Time: 2011-01-01 13:00:00
Valid Interval: 11:00:00-13:00:00
Valid days of month: 1, 2, 3, 4, 5, 6, 7, 8, 9, 10, 11, 12, 13, 14, 15, 16, 17, 18, 19, 20, 21, 22, 23, 24, 25, 26, 27, 28, 29, 30, 31
Valid weekdays: Monday, Tuesday, Wednesday, Thursday, Friday, Saturday, Sunday
When: 12:00:00
Current Time: 2011-01-01 14:30:00
Valid Interval: 23:00:00-13:00:00
Valid days of month: 1, 2, 3, 4, 5, 6, 7, 8, 9, 10, 11, 12, 13, 14, 15, 16, 17, 18, 19, 20, 21, 22, 23, 24, 25, 26, 27, 28, 29, 30, 31
Valid weekdays: Monday, Tuesday, Wednesday, Thursday, Friday, Saturday, Sunday
When: 23:30:00
Current Time: 2011-01-01 16:00:00
Valid Interval: 23:00:00-13:00:00
Valid days of month: 1, 2, 3, 4, 5, 6, 7, 8, 9, 10, 11, 12, 13, 14, 15, 16, 17, 18, 19, 20, 21, 22, 23, 24, 25, 26, 27, 28, 29, 30, 31
Valid weekdays: Monday, Tuesday, Wednesday, Thursday, Friday, Saturday, Sunday
When: 23:30:00
Current Time: 2011-01-01 23:00:00
Valid Interval: 23:00:00-13:00:00
Valid days of month: 1, 2, 3, 4, 5, 6, 7, 8, 9, 10, 11, 12, 13, 14, 15, 16, 17, 18, 19, 20, 21, 22, 23, 24, 25, 26, 27, 28, 29, 30, 31
Valid weekdays: Monday, Tuesday, Wednesday, Thursday, Friday, Saturday, Sunday
When: 23:30:00
Current Time: 2011-01-01 23:30:00
Valid Interval: 23:00:00-13:00:00
Valid days of month: 1, 2, 3, 4, 5, 6, 7, 8, 9, 10, 11, 12, 13, 14, 15, 16, 17, 18, 19, 20, 21, 22, 23, 24, 25, 26, 27, 28, 29, 30, 31
Valid weekdays: Monday, Tuesday, Wednesday, Thursday, Friday, Saturday, Sunday
When: 23:30:00
Current Time: 2011-01-01 23:45:00
Valid Interval: 23:00:00-13:00:00
Valid days of month: 1, 2, 3, 4, 5, 6, 7, 8, 9, 10, 11, 12, 13, 14, 15, 16, 17, 18, 19, 20, 21, 22, 23, 24, 25, 26, 27, 28, 29, 30, 31
Valid weekdays: Monday, Tuesday, Wednesday, Thursday, Friday, Saturday, Sunday
When: 23:30:00
Current Time: 2011-01-02 00:30:00
Valid Interval: 23:00:00-13:00:00
Valid days of month: 1, 2, 3, 4, 5, 6, 7, 8, 9, 10, 11, 12, 13, 14, 15, 16, 17, 18, 19, 20, 21, 22, 23, 24, 25, 26, 27, 28, 29, 30, 31
Valid weekdays: Monday, Tuesday, Wednesday, Thursday, Friday, Saturday, Sunday
When: 23:30:00
Current Time: 2011-01-01 13:00:00
Valid Interval: 23:00:00-13:00:00
Valid days of month: 1, 2, 3, 4, 5, 6, 7, 8, 9, 10, 11, 12, 13, 14, 15, 16, 17, 18, 19, 20, 21, 22, 23, 24, 25, 26, 27, 28, 29, 30, 31
Valid weekdays: Monday, Tuesday, Wednesday, Thursday, Friday, Saturday, Sunday
When: 01:00:00
Current Time: 2011-01-01 16:00:00
Valid Interval: 23:00:00-13:00:00
Valid days of month: 1, 2, 3, 4, 5, 6, 7, 8, 9, 10, 11, 12, 13, 14, 15, 16, 17, 18, 19, 20, 21, 22, 23, 24, 25, 26, 27, 28, 29, 30, 31
Valid weekdays: Monday, Tuesday, Wednesday, Thursday, Friday, Saturday, Sunday
When: 01:00:00
Current Time: 2011-01-01 23:00:00
Valid Interval: 23:00:00-13:00:00
Valid days of month: 1, 2, 3, 4, 5, 6, 7, 8, 9, 10, 11, 12, 13, 14, 15, 16, 17, 18, 19, 20, 21, 22, 23, 24, 25, 26, 27, 28, 29, 30, 31
Valid weekdays: Monday, Tuesday, Wednesday, Thursday, Friday, Saturday, Sunday
When: 01:00:00
Current Time: 2011-01-01 23:30:00
Valid Interval: 23:00:00-13:00:00
Valid days of month: 1, 2, 3, 4, 5, 6, 7, 8, 9, 10, 11, 12, 13, 14, 15, 16, 17, 18, 19, 20, 21, 22, 23, 24, 25, 26, 27, 28, 29, 30, 31
Valid weekdays: Monday, Tuesday, Wednesday, Thursday, Friday, Saturday, Sunday
When: 01:00:00
Current Time: 2011-01-02 00:30:00
Valid Interval: 23:00:00-13:00:00
Valid days of month: 1, 2, 3, 4, 5, 6, 7, 8, 9, 10, 11, 12, 13, 14, 15, 16, 17, 18, 19, 20, 21, 22, 23, 24, 25, 26, 27, 28, 29, 30, 31
Valid weekdays: Monday, Tuesday, Wednesday, Thursday, Friday, Saturday, Sunday
When: 01:00:00
Current Time: 2011-01-01 02:00:00
Valid Interval: 23:00:00-13:00:00
Valid days of month: 1, 2, 3, 4, 5, 6, 7, 8, 9, 10, 11, 12, 13, 14, 15, 16, 17, 18, 19, 20, 21, 22, 23, 24, 25, 26, 27, 28, 29, 30, 31
Valid weekdays: Monday, Tuesday, Wednesday, Thursday, Friday, Saturday, Sunday
When: 01:00:00
Current Time: 2011-01-01 13:00:00
Valid Interval: 23:00:00-13:00:00
Valid days of month: 1, 2, 3, 4, 5, 6, 7, 8, 9, 10, 11, 12, 13, 14, 15, 16, 17, 18, 19, 20, 21, 22, 23, 24, 25, 26, 27, 28, 29, 30, 31
Valid weekdays: Monday, Tuesday, Wednesday, Thursday, Friday, Saturday, Sunday
When: 23:30:00
Current Time: 2011-01-01 16:00:00
Valid Interval: 23:00:00-13:00:00
Valid days of month: 1, 2, 3, 4, 5, 6, 7, 8, 9, 10, 11, 12, 13, 14, 15, 16, 17, 18, 19, 20, 21, 22, 23, 24, 25, 26, 27, 28, 29, 30, 31
Valid weekdays: Monday, Tuesday, Wednesday, Thursday, Friday, Saturday, Sunday
When: 23:30:00
Current Time: 2011-01-01 23:00:00
Valid Interval: 23:00:00-13:00:00
Valid days of month: 1, 2, 3, 4, 5, 6, 7, 8, 9, 10, 11, 12, 13, 14, 15, 16, 17, 18, 19, 20, 21, 22, 23, 24, 25, 26, 27, 28, 29, 30, 31
Valid weekdays: Monday, Tuesday, Wednesday, Thursday, Friday, Saturday, Sunday
When: 23:30:00
Current Time: 2011-01-01 23:30:00
Valid Interval: 23:00:00-13:00:00
Valid days of month: 1, 2, 3, 4, 5, 6, 7, 8, 9, 10, 11, 12, 13, 14, 15, 16, 17, 18, 19, 20, 21, 22, 23, 24, 25, 26, 27, 28, 29, 30, 31
Valid weekdays: Monday, Tuesday, Wednesday, Thursday, Friday, Saturday, Sunday
When: 23:30:00
Current Time: 2011-01-01 23:45:00
Valid Interval: 23:00:00-13:00:00
Valid days of month: 1, 2, 3, 4, 5, 6, 7, 8, 9, 10, 11, 12, 13, 14, 15, 16, 17, 18, 19, 20, 21, 22, 23, 24, 25, 26, 27, 28, 29, 30, 31
Valid weekdays: Monday, Tuesday, Wednesday, Thursday, Friday, Saturday, Sunday
When: 23:30:00
Current Time: 2011-01-02 00:30:00
Valid Interval: 23:00:00-13:00:00
Valid days of month: 1, 2, 3, 4, 5, 6, 7, 8, 9, 10, 11, 12, 13, 14, 15, 16, 17, 18, 19, 20, 21, 22, 23, 24, 25, 26, 27, 28, 29, 30, 31
Valid weekdays: Monday, Tuesday, Wednesday, Thursday, Friday, Saturday, Sunday
When: 23:30:00
Current Time: 2011-01-01 13:00:00
Valid Interval: 23:00:00-13:00:00
Valid days of month: 1, 2, 3, 4, 5, 6, 7, 8, 9, 10, 11, 12, 13, 14, 15, 16, 17, 18, 19, 20, 21, 22, 23, 24, 25, 26, 27, 28, 29, 30, 31
Valid weekdays: Monday, Tuesday, Wednesday, Thursday, Friday, Saturday, Sunday
When: 01:00:00
Current Time: 2011-01-01 16:00:00
Valid Interval: 23:00:00-13:00:00
Valid days of month: 1, 2, 3, 4, 5, 6, 7, 8, 9, 10, 11, 12, 13, 14, 15, 16, 17, 18, 19, 20, 21, 22, 23, 24, 25, 26, 27, 28, 29, 30, 31
Valid weekdays: Monday, Tuesday, Wednesday, Thursday, Friday, Saturday, Sunday
When: 01:00:00
Current Time: 2011-01-01 23:00:00
Valid Interval: 23:00:00-13:00:00
Valid days of month: 1, 2, 3, 4, 5, 6, 7, 8, 9, 10, 11, 12, 13, 14, 15, 16, 17, 18, 19, 20, 21, 22, 23, 24, 25, 26, 27, 28, 29, 30, 31
Valid weekdays: Monday, Tuesday, Wednesday, Thursday, Friday, Saturday, Sunday
When: 01:00:00
Current Time: 2011-01-01 23:30:00
Valid Interval: 23:00:00-13:00:00
Valid days of month: 1, 2, 3, 4, 5, 6, 7, 8, 9, 10, 11, 12, 13, 14, 15, 16, 17, 18, 19, 20, 21, 22, 23, 24, 25, 26, 27, 28, 29, 30, 31
Valid weekdays: Monday, Tuesday, Wednesday, Thursday, Friday, Saturday, Sunday
When: 01:00:00
Current Time: 2011-01-02 00:30:00
Valid Interval: 23:00:00-13:00:00
Valid days of month: 1, 2, 3, 4, 5, 6, 7, 8, 9, 10, 11, 12, 13, 14, 15, 16, 17, 18, 19, 20, 21, 22, 23, 24, 25, 26, 27, 28, 29, 30, 31
Valid weekdays: Monday, Tuesday, Wednesday, Thursday, Friday, Saturday, Sunday
When: 01:00:00
Current Time: 2011-01-02 02:00:00
Valid Interval: 23:00:00-13:00:00
Valid days of month: 1, 2, 3, 4, 5, 6, 7, 8, 9, 10, 11, 12, 13, 14, 15, 16, 17, 18, 19, 20, 21, 22, 23, 24, 25, 26, 27, 28, 29, 30, 31
Valid weekdays: Monday, Tuesday, Wednesday, Thursday, Friday, Saturday, Sunday
When: 01:00:00
Current Time: 2011-01-02 13:00:00
Valid Interval: 23:00:00-13:00:00
Valid days of month: 1, 2, 3, 4, 5, 6, 7, 8, 9, 10, 11, 12, 13, 14, 15, 16, 17, 18, 19, 20, 21, 22, 23, 24, 25, 26, 27, 28, 29, 30, 31
Valid weekdays: Monday, Tuesday, Wednesday, Thursday, Friday, Saturday, Sunday
When: 23:30:00
Current Time: 2011-01-01 23:30:05
Valid Interval: 23:00:00-13:00:00
Valid days of month: 1, 2, 3, 4, 5, 6, 7, 8, 9, 10, 11, 12, 13, 14, 15, 16, 17, 18, 19, 20, 21, 22, 23, 24, 25, 26, 27, 28, 29, 30, 31
Valid weekdays: Monday, Tuesday, Wednesday, Thursday, Friday, Saturday, Sunday
When: 23:30:00
Current Time: 2011-01-02 00:30:00
Valid Interval: 23:00:00-13:00:00
Valid days of month: 1, 2, 3, 4, 5, 6, 7, 8, 9, 10, 11, 12, 13, 14, 15, 16, 17, 18, 19, 20, 21, 22, 23, 24, 25, 26, 27, 28, 29, 30, 31
Valid weekdays: Monday, Tuesday, Wednesday, Thursday, Friday, Saturday, Sunday
When: 23:30:00
Current Time: 2011-01-02 13:00:00
Valid Interval: 23:00:00-13:00:00
Valid days of month: 1, 2, 3, 4, 5, 6, 7, 8, 9, 10, 11, 12, 13, 14, 15, 16, 17, 18, 19, 20, 21, 22, 23, 24, 25, 26, 27, 28, 29, 30, 31
Valid weekdays: Monday, Tuesday, Wednesday, Thursday, Friday, Saturday, Sunday
When: 01:00:00
Current Time: 2011-01-01 02:00:00
Valid Interval: 23:00:00-13:00:00
Valid days of month: 1, 2, 3, 4, 5, 6, 7, 8, 9, 10, 11, 12, 13, 14, 15, 16, 17, 18, 19, 20, 21, 22, 23, 24, 25, 26, 27, 28, 29, 30, 31
Valid weekdays: Monday, Tuesday, Wednesday, Thursday, Friday, Saturday, Sunday
When: 01:00:00
Current Time: 2011-01-02 02:00:00
Valid Interval: 13:00:00-16:00:00
Valid days of month: 1, 2, 3, 4, 5, 6, 7, 8, 9, 10, 11, 12, 13, 14, 15, 16, 17, 18, 19, 20, 21, 22, 23, 24, 25, 26, 27, 28, 29, 30, 31
Valid weekdays: Saturday, Sunday
When: 14:00:00
Current Time: 2007-01-01 12:00:00
Valid Interval: 13:00:00-16:00:00
Valid days of month: 1, 2, 3, 4, 5, 6, 7, 8, 9, 10, 11, 12, 13, 14, 15, 16, 17, 18, 19, 20, 21, 22, 23, 24, 25, 26, 27, 28, 29, 30, 31
Valid weekdays: Saturday, Sunday
When: 14:00:00
Current Time: 2007-01-02 13:30:00
Valid Interval: 13:00:00-16:00:00
Valid days of month: 1, 2, 3, 4, 5, 6, 7, 8, 9, 10, 11, 12, 13, 14, 15, 16, 17, 18, 19, 20, 21, 22, 23, 24, 25, 26, 27, 28, 29, 30, 31
Valid weekdays: Saturday, Sunday
When: 14:00:00
Current Time: 2007-01-06 13:30:00
Valid Interval: 13:00:00-16:00:00
Valid days of month: 1, 2, 3, 4, 5, 6, 7, 8, 9, 10, 11, 12, 13, 14, 15, 16, 17, 18, 19, 20, 21, 22, 23, 24, 25, 26, 27, 28, 29, 30, 31
Valid weekdays: Saturday, Sunday
When: 14:00:00
Current Time: 2007-01-06 14:30:00
Valid Interval: 13:00:00-16:00:00
Valid days of month: 1, 2, 3, 4, 5, 6, 7, 8, 9, 10, 11, 12, 13, 14, 15, 16, 17, 18, 19, 20, 21, 22, 23, 24, 25, 26, 27, 28, 29, 30, 31
Valid weekdays: Saturday, Sunday
When: 14:00:00
Current Time: 2007-01-06 16:30:00
Valid Interval: 13:00:00-16:00:00
Valid days of month: 1, 2, 3, 4, 5, 6, 7, 8, 9, 10, 11, 12, 13, 14, 15, 16, 17, 18, 19, 20, 21, 22, 23, 24, 25, 26, 27, 28, 29, 30, 31
Valid weekdays: Saturday, Sunday
When: 14:00:00
Current Time: 2007-01-07 16:00:00
Valid Interval: 23:00:00-02:00:00
Valid days of month: 1, 2, 3, 4, 5, 6, 7, 8, 9, 10, 11, 12, 13, 14, 15, 16, 17, 18, 19, 20, 21, 22, 23, 24, 25, 26, 27, 28, 29, 30, 31
Valid weekdays: Saturday, Sunday
When: 01:00:00
Current Time: 2007-01-01 12:00:00
Valid Interval: 23:00:00-02:00:00
Valid days of month: 1, 2, 3, 4, 5, 6, 7, 8, 9, 10, 11, 12, 13, 14, 15, 16, 17, 18, 19, 20, 21, 22, 23, 24, 25, 26, 27, 28, 29, 30, 31
Valid weekdays: Saturday, Sunday
When: 01:00:00
Current Time: 2007-01-02 01:00:00
Valid Interval: 23:00:00-02:00:00
Valid days of month: 1, 2, 3, 4, 5, 6, 7, 8, 9, 10, 11, 12, 13, 14, 15, 16, 17, 18, 19, 20, 21, 22, 23, 24, 25, 26, 27, 28, 29, 30, 31
Valid weekdays: Saturday, Sunday
When: 01:00:00
Current Time: 2007-01-06 00:30:00
Valid Interval: 23:00:00-02:00:00
Valid days of month: 1, 2, 3, 4, 5, 6, 7, 8, 9, 10, 11, 12, 13, 14, 15, 16, 17, 18, 19, 20, 21, 22, 23, 24, 25, 26, 27, 28, 29, 30, 31
Valid weekdays: Saturday, Sunday
When: 01:00:00
Current Time: 2007-01-06 01:30:00
Valid Interval: 23:00:00-02:00:00
Valid days of month: 1, 2, 3, 4, 5, 6, 7, 8, 9, 10, 11, 12, 13, 14, 15, 16, 17, 18, 19, 20, 21, 22, 23, 24, 25, 26, 27, 28, 29, 30, 31
Valid weekdays: Saturday, Sunday
When: 01:00:00
Current Time: 2007-01-06 02:30:00
Valid Interval: 23:00:00-02:00:00
Valid days of month: 1, 2, 3, 4, 5, 6, 7, 8, 9, 10, 11, 12, 13, 14, 15, 16, 17, 18, 19, 20, 21, 22, 23, 24, 25, 26, 27, 28, 29, 30, 31
Valid weekdays: Saturday, Sunday
When: 01:00:00
Current Time: 2007-01-07 02:00:00
Valid Interval: 23:00:00-02:00:00
Valid days of month: 1, 2, 3, 4, 5, 6, 7, 8, 9, 10, 11, 12, 13, 14, 15, 16, 17, 18, 19, 20, 21, 22, 23, 24, 25, 26, 27, 28, 29, 30, 31
Valid weekdays: Saturday, Sunday
When: 23:30:00
Current Time: 2007-01-01 12:00:00
Valid Interval: 23:00:00-02:00:00
Valid days of month: 1, 2, 3, 4, 5, 6, 7, 8, 9, 10, 11, 12, 13, 14, 15, 16, 17, 18, 19, 20, 21, 22, 23, 24, 25, 26, 27, 28, 29, 30, 31
Valid weekdays: Saturday, Sunday
When: 23:30:00
Current Time: 2007-01-05 23:30:00
Valid Interval: 23:00:00-02:00:00
Valid days of month: 1, 2, 3, 4, 5, 6, 7, 8, 9, 10, 11, 12, 13, 14, 15, 16, 17, 18, 19, 20, 21, 22, 23, 24, 25, 26, 27, 28, 29, 30, 31
Valid weekdays: Saturday, Sunday
When: 23:30:00
Current Time: 2007-01-06 23:00:00
Valid Interval: 23:00:00-02:00:00
Valid days of month: 1, 2, 3, 4, 5, 6, 7, 8, 9, 10, 11, 12, 13, 14, 15, 16, 17, 18, 19, 20, 21, 22, 23, 24, 25, 26, 27, 28, 29, 30, 31
Valid weekdays: Saturday, Sunday
When: 23:30:00
Current Time: 2007-01-06 02:00:00
Valid Interval: 23:00:00-02:00:00
Valid days of month: 1, 2, 3, 4, 5, 6, 7, 8, 9, 10, 11, 12, 13, 14, 15, 16, 17, 18, 19, 20, 21, 22, 23, 24, 25, 26, 27, 28, 29, 30, 31
Valid weekdays: Saturday, Sunday
When: 23:30:00
Current Time: 2007-01-07 23:40:00
Valid Interval: 23:00:00-02:00:00
Valid days of month: 1, 2, 3, 4, 5, 6, 7, 8, 9, 10, 11, 12, 13, 14, 15, 16, 17, 18, 19, 20, 21, 22, 23, 24, 25, 26, 27, 28, 29, 30, 31
Valid weekdays: Saturday, Sunday
When: 23:30:00
Current Time: 2007-01-07 01:00:00
Valid Interval: 13:00:00-16:00:00
Valid days of month: 1, 2, 3, 4, 5, 6, 7, 8, 9, 10, 11, 12, 13, 14, 15, 16, 17, 18, 19, 20, 21, 22, 23, 24, 25, 26, 27, 28, 29, 30, 31
Valid weekdays: Saturday, Sunday
When: 14:00:00
Current Time: 2007-01-01 12:00:00
Valid Interval: 13:00:00-16:00:00
Valid days of month: 1, 2, 3, 4, 5, 6, 7, 8, 9, 10, 11, 12, 13, 14, 15, 16, 17, 18, 19, 20, 21, 22, 23, 24, 25, 26, 27, 28, 29, 30, 31
Valid weekdays: Saturday, Sunday
When: 14:00:00
Current Time: 2007-01-02 13:30:00
Valid Interval: 13:00:00-16:00:00
Valid days of month: 1, 2, 3, 4, 5, 6, 7, 8, 9, 10, 11, 12, 13, 14, 15, 16, 17, 18, 19, 20, 21, 22, 23, 24, 25, 26, 27, 28, 29, 30, 31
Valid weekdays: Saturday, Sunday
When: 14:00:00
Current Time: 2007-01-06 13:30:00
Valid Interval: 13:00:00-16:00:00
Valid days of month: 1, 2, 3, 4, 5, 6, 7, 8, 9, 10, 11, 12, 13, 14, 15, 16, 17, 18, 19, 20, 21, 22, 23, 24, 25, 26, 27, 28, 29, 30, 31
Valid weekdays: Saturday, Sunday
When: 14:00:00
Current Time: 2007-01-06 14:30:00
Valid Interval: 13:00:00-16:00:00
Valid days of month: 1, 2, 3, 4, 5, 6, 7, 8, 9, 10, 11, 12, 13, 14, 15, 16, 17, 18, 19, 20, 21, 22, 23, 24, 25, 26, 27, 28, 29, 30, 31
Valid weekdays: Saturday, Sunday
When: 14:00:00
Current Time: 2007-01-06 16:30:00
Valid Interval: 13:00:00-16:00:00
Valid days of month: 1, 2, 3, 4, 5, 6, 7, 8, 9, 10, 11, 12, 13, 14, 15, 16, 17, 18, 19, 20, 21, 22, 23, 24, 25, 26, 27, 28, 29, 30, 31
Valid weekdays: Saturday, Sunday
When: 14:00:00
Current Time: 2007-01-07 16:00:00
Valid Interval: 23:00:00-02:00:00
Valid days of month: 1, 2, 3, 4, 5, 6, 7, 8, 9, 10, 11, 12, 13, 14, 15, 16, 17, 18, 19, 20, 21, 22, 23, 24, 25, 26, 27, 28, 29, 30, 31
Valid weekdays: Saturday, Sunday
When: 01:00:00
Current Time: 2007-01-01 12:00:00
Valid Interval: 23:00:00-02:00:00
Valid days of month: 1, 2, 3, 4, 5, 6, 7, 8, 9, 10, 11, 12, 13, 14, 15, 16, 17, 18, 19, 20, 21, 22, 23, 24, 25, 26, 27, 28, 29, 30, 31
Valid weekdays: Saturday, Sunday
When: 01:00:00
Current Time: 2007-01-02 01:00:00
Valid Interval: 23:00:00-02:00:00
Valid days of month: 1, 2, 3, 4, 5, 6, 7, 8, 9, 10, 11, 12, 13, 14, 15, 16, 17, 18, 19, 20, 21, 22, 23, 24, 25, 26, 27, 28, 29, 30, 31
Valid weekdays: Saturday, Sunday
When: 01:00:00
Current Time: 2007-01-06 00:30:00
Valid Interval: 23:00:00-02:00:00
Valid days of month: 1, 2, 3, 4, 5, 6, 7, 8, 9, 10, 11, 12, 13, 14, 15, 16, 17, 18, 19, 20, 21, 22, 23, 24, 25, 26, 27, 28, 29, 30, 31
Valid weekdays: Saturday, Sunday
When: 01:00:00
Current Time: 2007-01-06 02:30:00
Valid Interval: 23:00:00-02:00:00
Valid days of month: 1, 2, 3, 4, 5, 6, 7, 8, 9, 10, 11, 12, 13, 14, 15, 16, 17, 18, 19, 20, 21, 22, 23, 24, 25, 26, 27, 28, 29, 30, 31
Valid weekdays: Saturday, Sunday
When: 23:30:00
Current Time: 2007-01-01 12:00:00
Valid Interval: 23:00:00-02:00:00
Valid days of month: 1, 2, 3, 4, 5, 6, 7, 8, 9, 10, 11, 12, 13, 14, 15, 16, 17, 18, 19, 20, 21, 22, 23, 24, 25, 26, 27, 28, 29, 30, 31
Valid weekdays: Saturday, Sunday
When: 23:30:00
Current Time: 2007-01-05 23:30:00
Valid Interval: 23:00:00-02:00:00
Valid days of month: 1, 2, 3, 4, 5, 6, 7, 8, 9, 10, 11, 12, 13, 14, 15, 16, 17, 18, 19, 20, 21, 22, 23, 24, 25, 26, 27, 28, 29, 30, 31
Valid weekdays: Saturday, Sunday
When: 23:30:00
Current Time: 2007-01-06 23:00:00
Valid Interval: 23:00:00-02:00:00
Valid days of month: 1, 2, 3, 4, 5, 6, 7, 8, 9, 10, 11, 12, 13, 14, 15, 16, 17, 18, 19, 20, 21, 22, 23, 24, 25, 26, 27, 28, 29, 30, 31
Valid weekdays: Saturday, Sunday
When: 23:30:00
Current Time: 2007-01-06 02:00:00
Valid Interval: 23:00:00-02:00:00
Valid days of month: 1, 2, 3, 4, 5, 6, 7, 8, 9, 10, 11, 12, 13, 14, 15, 16, 17, 18, 19, 20, 21, 22, 23, 24, 25, 26, 27, 28, 29, 30, 31
Valid weekdays: Saturday, Sunday
When: 23:30:00
Current Time: 2007-01-07 23:40:00
Valid Interval: 23:00:00-02:00:00
Valid days of month: 1, 2, 3, 4, 5, 6, 7, 8, 9, 10, 11, 12, 13, 14, 15, 16, 17, 18, 19, 20, 21, 22, 23, 24, 25, 26, 27, 28, 29, 30, 31
Valid weekdays: Saturday, Sunday
When: 23:30:00
Current Time: 2007-01-07 01:00:00
Valid Interval: 13:00:00-16:00:00
Valid days of month: 1, 2, 3, 4, 5, 6, 7, 8, 9, 10, 11, 12, 13, 14, 15, 16, 17, 18, 19, 20, 21, 22, 23, 24, 25, 26, 27, 28, 29, 30, 31
Valid weekdays: Saturday, Sunday
When: 14:00:00
Current Time: 2007-01-06 14:30:00
Valid Interval: 13:00:00-16:00:00
Valid days of month: 1, 2, 3, 4, 5, 6, 7, 8, 9, 10, 11, 12, 13, 14, 15, 16, 17, 18, 19, 20, 21, 22, 23, 24, 25, 26, 27, 28, 29, 30, 31
Valid weekdays: Saturday, Sunday
When: 14:00:00
Current Time: 2007-01-07 15:00:00
Valid Interval: 23:00:00-02:00:00
Valid days of month: 1, 2, 3, 4, 5, 6, 7, 8, 9, 10, 11, 12, 13, 14, 15, 16, 17, 18, 19, 20, 21, 22, 23, 24, 25, 26, 27, 28, 29, 30, 31
Valid weekdays: Saturday, Sunday
When: 01:00:00
Current Time: 2007-01-06 01:30:00
Valid Interval: 23:00:00-02:00:00
Valid days of month: 1, 2, 3, 4, 5, 6, 7, 8, 9, 10, 11, 12, 13, 14, 15, 16, 17, 18, 19, 20, 21, 22, 23, 24, 25, 26, 27, 28, 29, 30, 31
Valid weekdays: Saturday, Sunday
When: 01:00:00
Current Time: 2007-01-07 01:30:00
Valid Interval: 23:00:00-02:00:00
Valid days of month: 1, 2, 3, 4, 5, 6, 7, 8, 9, 10, 11, 12, 13, 14, 15, 16, 17, 18, 19, 20, 21, 22, 23, 24, 25, 26, 27, 28, 29, 30, 31
Valid weekdays: Saturday, Sunday
When: 23:30:00
Current Time: 2007-01-06 23:02:00
Valid Interval: 23:00:00-02:00:00
Valid days of month: 1, 2, 3, 4, 5, 6, 7, 8, 9, 10, 11, 12, 13, 14, 15, 16, 17, 18, 19, 20, 21, 22, 23, 24, 25, 26, 27, 28, 29, 30, 31
Valid weekdays: Saturday, Sunday
When: 23:30:00
Current Time: 2007-01-06 01:10:00
Valid Interval: 23:00:00-02:00:00
Valid days of month: 1, 2, 3, 4, 5, 6, 7, 8, 9, 10, 11, 12, 13, 14, 15, 16, 17, 18, 19, 20, 21, 22, 23, 24, 25, 26, 27, 28, 29, 30, 31
Valid weekdays: Saturday, Sunday
When: 23:30:00
Current Time: 2007-01-07 01:00:40
Valid Interval: 23:00:00-02:00:00
Valid days of month: 2
Valid weekdays: Saturday, Sunday
When: 23:30:00
Current Time: 2007-01-01 12:00:00
Valid Interval: 23:00:00-02:00:00
Valid days of month: 1, 2
Valid weekdays: Saturday, Sunday
When: 23:30:00
Current Time: 2007-01-05 23:30:00
Valid Interval: 23:00:00-02:00:00
Valid days of month: 1, 2
Valid weekdays: Saturday, Sunday
When: 23:30:00
Current Time: 2007-01-06 23:00:00</StdOut>
      </Output>
    </UnitTestResult>
    <UnitTestResult executionId="1742afb4-4cb2-4ac0-97b5-12c34a356fc6" testId="c65fa320-0ab1-4c67-b0ac-dfe93444aafb" testName="GetNextTimeToTrigger_AbsoluteTimer_ReturnsCorrectTime (Data Row 50)" computerName="ICSWS068" duration="00:00:00.0036450" startTime="2016-08-04T07:57:22.8337264+02:00" endTime="2016-08-04T07:57:22.8377287+02:00" testType="13cdc9d9-ddb5-4fa4-a97d-d965ccfc6d4b" outcome="Passed" testListId="8c84fa94-04c1-424b-9868-57a2d4851a1d" relativeResultsDirectory="1742afb4-4cb2-4ac0-97b5-12c34a356fc6">
      <Output>
        <StdOut>TestContext Messages:
Valid Interval: 11:00:00-13:00:00
Valid days of month: 1, 2, 3, 4, 5, 6, 7, 8, 9, 10, 11, 12, 13, 14, 15, 16, 17, 18, 19, 20, 21, 22, 23, 24, 25, 26, 27, 28, 29, 30, 31
Valid weekdays: Monday, Tuesday, Wednesday, Thursday, Friday, Saturday, Sunday
When: 12:00:00
Current Time: 2011-01-01 00:00:00
Valid Interval: 11:00:00-13:00:00
Valid days of month: 1, 2, 3, 4, 5, 6, 7, 8, 9, 10, 11, 12, 13, 14, 15, 16, 17, 18, 19, 20, 21, 22, 23, 24, 25, 26, 27, 28, 29, 30, 31
Valid weekdays: Monday, Tuesday, Wednesday, Thursday, Friday, Saturday, Sunday
When: 12:00:00
Current Time: 2011-01-01 09:00:00
Valid Interval: 11:00:00-13:00:00
Valid days of month: 1, 2, 3, 4, 5, 6, 7, 8, 9, 10, 11, 12, 13, 14, 15, 16, 17, 18, 19, 20, 21, 22, 23, 24, 25, 26, 27, 28, 29, 30, 31
Valid weekdays: Monday, Tuesday, Wednesday, Thursday, Friday, Saturday, Sunday
When: 12:00:00
Current Time: 2011-01-01 11:00:00
Valid Interval: 11:00:00-13:00:00
Valid days of month: 1, 2, 3, 4, 5, 6, 7, 8, 9, 10, 11, 12, 13, 14, 15, 16, 17, 18, 19, 20, 21, 22, 23, 24, 25, 26, 27, 28, 29, 30, 31
Valid weekdays: Monday, Tuesday, Wednesday, Thursday, Friday, Saturday, Sunday
When: 12:00:00
Current Time: 2011-01-01 12:00:00
Valid Interval: 11:00:00-13:00:00
Valid days of month: 1, 2, 3, 4, 5, 6, 7, 8, 9, 10, 11, 12, 13, 14, 15, 16, 17, 18, 19, 20, 21, 22, 23, 24, 25, 26, 27, 28, 29, 30, 31
Valid weekdays: Monday, Tuesday, Wednesday, Thursday, Friday, Saturday, Sunday
When: 12:00:00
Current Time: 2011-01-01 12:30:00
Valid Interval: 11:00:00-13:00:00
Valid days of month: 1, 2, 3, 4, 5, 6, 7, 8, 9, 10, 11, 12, 13, 14, 15, 16, 17, 18, 19, 20, 21, 22, 23, 24, 25, 26, 27, 28, 29, 30, 31
Valid weekdays: Monday, Tuesday, Wednesday, Thursday, Friday, Saturday, Sunday
When: 12:00:00
Current Time: 2011-01-01 13:00:00
Valid Interval: 11:00:00-13:00:00
Valid days of month: 1, 2, 3, 4, 5, 6, 7, 8, 9, 10, 11, 12, 13, 14, 15, 16, 17, 18, 19, 20, 21, 22, 23, 24, 25, 26, 27, 28, 29, 30, 31
Valid weekdays: Monday, Tuesday, Wednesday, Thursday, Friday, Saturday, Sunday
When: 12:00:00
Current Time: 2011-01-02 00:00:00
Valid Interval: 11:00:00-13:00:00
Valid days of month: 1, 2, 3, 4, 5, 6, 7, 8, 9, 10, 11, 12, 13, 14, 15, 16, 17, 18, 19, 20, 21, 22, 23, 24, 25, 26, 27, 28, 29, 30, 31
Valid weekdays: Monday, Tuesday, Wednesday, Thursday, Friday, Saturday, Sunday
When: 12:00:00
Current Time: 2011-01-02 09:00:00
Valid Interval: 11:00:00-13:00:00
Valid days of month: 1, 2, 3, 4, 5, 6, 7, 8, 9, 10, 11, 12, 13, 14, 15, 16, 17, 18, 19, 20, 21, 22, 23, 24, 25, 26, 27, 28, 29, 30, 31
Valid weekdays: Monday, Tuesday, Wednesday, Thursday, Friday, Saturday, Sunday
When: 12:00:00
Current Time: 2011-01-02 12:00:00
Valid Interval: 11:00:00-13:00:00
Valid days of month: 1, 2, 3, 4, 5, 6, 7, 8, 9, 10, 11, 12, 13, 14, 15, 16, 17, 18, 19, 20, 21, 22, 23, 24, 25, 26, 27, 28, 29, 30, 31
Valid weekdays: Monday, Tuesday, Wednesday, Thursday, Friday, Saturday, Sunday
When: 12:00:00
Current Time: 2011-01-02 12:45:30
Valid Interval: 11:00:00-13:00:00
Valid days of month: 1, 2, 3, 4, 5, 6, 7, 8, 9, 10, 11, 12, 13, 14, 15, 16, 17, 18, 19, 20, 21, 22, 23, 24, 25, 26, 27, 28, 29, 30, 31
Valid weekdays: Monday, Tuesday, Wednesday, Thursday, Friday, Saturday, Sunday
When: 12:00:00
Current Time: 2011-01-02 13:00:00
Valid Interval: 11:00:00-13:00:00
Valid days of month: 1, 2, 3, 4, 5, 6, 7, 8, 9, 10, 11, 12, 13, 14, 15, 16, 17, 18, 19, 20, 21, 22, 23, 24, 25, 26, 27, 28, 29, 30, 31
Valid weekdays: Monday, Tuesday, Wednesday, Thursday, Friday, Saturday, Sunday
When: 12:00:00
Current Time: 2011-01-01 12:00:00
Valid Interval: 11:00:00-13:00:00
Valid days of month: 1, 2, 3, 4, 5, 6, 7, 8, 9, 10, 11, 12, 13, 14, 15, 16, 17, 18, 19, 20, 21, 22, 23, 24, 25, 26, 27, 28, 29, 30, 31
Valid weekdays: Monday, Tuesday, Wednesday, Thursday, Friday, Saturday, Sunday
When: 12:00:00
Current Time: 2011-01-01 12:30:00
Valid Interval: 11:00:00-13:00:00
Valid days of month: 1, 2, 3, 4, 5, 6, 7, 8, 9, 10, 11, 12, 13, 14, 15, 16, 17, 18, 19, 20, 21, 22, 23, 24, 25, 26, 27, 28, 29, 30, 31
Valid weekdays: Monday, Tuesday, Wednesday, Thursday, Friday, Saturday, Sunday
When: 12:00:00
Current Time: 2011-01-01 12:30:00
Valid Interval: 11:00:00-13:00:00
Valid days of month: 1, 2, 3, 4, 5, 6, 7, 8, 9, 10, 11, 12, 13, 14, 15, 16, 17, 18, 19, 20, 21, 22, 23, 24, 25, 26, 27, 28, 29, 30, 31
Valid weekdays: Monday, Tuesday, Wednesday, Thursday, Friday, Saturday, Sunday
When: 12:00:00
Current Time: 2011-01-01 13:00:00
Valid Interval: 11:00:00-13:00:00
Valid days of month: 1, 2, 3, 4, 5, 6, 7, 8, 9, 10, 11, 12, 13, 14, 15, 16, 17, 18, 19, 20, 21, 22, 23, 24, 25, 26, 27, 28, 29, 30, 31
Valid weekdays: Monday, Tuesday, Wednesday, Thursday, Friday, Saturday, Sunday
When: 12:00:00
Current Time: 2011-01-01 14:30:00
Valid Interval: 23:00:00-13:00:00
Valid days of month: 1, 2, 3, 4, 5, 6, 7, 8, 9, 10, 11, 12, 13, 14, 15, 16, 17, 18, 19, 20, 21, 22, 23, 24, 25, 26, 27, 28, 29, 30, 31
Valid weekdays: Monday, Tuesday, Wednesday, Thursday, Friday, Saturday, Sunday
When: 23:30:00
Current Time: 2011-01-01 16:00:00
Valid Interval: 23:00:00-13:00:00
Valid days of month: 1, 2, 3, 4, 5, 6, 7, 8, 9, 10, 11, 12, 13, 14, 15, 16, 17, 18, 19, 20, 21, 22, 23, 24, 25, 26, 27, 28, 29, 30, 31
Valid weekdays: Monday, Tuesday, Wednesday, Thursday, Friday, Saturday, Sunday
When: 23:30:00
Current Time: 2011-01-01 23:00:00
Valid Interval: 23:00:00-13:00:00
Valid days of month: 1, 2, 3, 4, 5, 6, 7, 8, 9, 10, 11, 12, 13, 14, 15, 16, 17, 18, 19, 20, 21, 22, 23, 24, 25, 26, 27, 28, 29, 30, 31
Valid weekdays: Monday, Tuesday, Wednesday, Thursday, Friday, Saturday, Sunday
When: 23:30:00
Current Time: 2011-01-01 23:30:00
Valid Interval: 23:00:00-13:00:00
Valid days of month: 1, 2, 3, 4, 5, 6, 7, 8, 9, 10, 11, 12, 13, 14, 15, 16, 17, 18, 19, 20, 21, 22, 23, 24, 25, 26, 27, 28, 29, 30, 31
Valid weekdays: Monday, Tuesday, Wednesday, Thursday, Friday, Saturday, Sunday
When: 23:30:00
Current Time: 2011-01-01 23:45:00
Valid Interval: 23:00:00-13:00:00
Valid days of month: 1, 2, 3, 4, 5, 6, 7, 8, 9, 10, 11, 12, 13, 14, 15, 16, 17, 18, 19, 20, 21, 22, 23, 24, 25, 26, 27, 28, 29, 30, 31
Valid weekdays: Monday, Tuesday, Wednesday, Thursday, Friday, Saturday, Sunday
When: 23:30:00
Current Time: 2011-01-02 00:30:00
Valid Interval: 23:00:00-13:00:00
Valid days of month: 1, 2, 3, 4, 5, 6, 7, 8, 9, 10, 11, 12, 13, 14, 15, 16, 17, 18, 19, 20, 21, 22, 23, 24, 25, 26, 27, 28, 29, 30, 31
Valid weekdays: Monday, Tuesday, Wednesday, Thursday, Friday, Saturday, Sunday
When: 23:30:00
Current Time: 2011-01-01 13:00:00
Valid Interval: 23:00:00-13:00:00
Valid days of month: 1, 2, 3, 4, 5, 6, 7, 8, 9, 10, 11, 12, 13, 14, 15, 16, 17, 18, 19, 20, 21, 22, 23, 24, 25, 26, 27, 28, 29, 30, 31
Valid weekdays: Monday, Tuesday, Wednesday, Thursday, Friday, Saturday, Sunday
When: 01:00:00
Current Time: 2011-01-01 16:00:00
Valid Interval: 23:00:00-13:00:00
Valid days of month: 1, 2, 3, 4, 5, 6, 7, 8, 9, 10, 11, 12, 13, 14, 15, 16, 17, 18, 19, 20, 21, 22, 23, 24, 25, 26, 27, 28, 29, 30, 31
Valid weekdays: Monday, Tuesday, Wednesday, Thursday, Friday, Saturday, Sunday
When: 01:00:00
Current Time: 2011-01-01 23:00:00
Valid Interval: 23:00:00-13:00:00
Valid days of month: 1, 2, 3, 4, 5, 6, 7, 8, 9, 10, 11, 12, 13, 14, 15, 16, 17, 18, 19, 20, 21, 22, 23, 24, 25, 26, 27, 28, 29, 30, 31
Valid weekdays: Monday, Tuesday, Wednesday, Thursday, Friday, Saturday, Sunday
When: 01:00:00
Current Time: 2011-01-01 23:30:00
Valid Interval: 23:00:00-13:00:00
Valid days of month: 1, 2, 3, 4, 5, 6, 7, 8, 9, 10, 11, 12, 13, 14, 15, 16, 17, 18, 19, 20, 21, 22, 23, 24, 25, 26, 27, 28, 29, 30, 31
Valid weekdays: Monday, Tuesday, Wednesday, Thursday, Friday, Saturday, Sunday
When: 01:00:00
Current Time: 2011-01-02 00:30:00
Valid Interval: 23:00:00-13:00:00
Valid days of month: 1, 2, 3, 4, 5, 6, 7, 8, 9, 10, 11, 12, 13, 14, 15, 16, 17, 18, 19, 20, 21, 22, 23, 24, 25, 26, 27, 28, 29, 30, 31
Valid weekdays: Monday, Tuesday, Wednesday, Thursday, Friday, Saturday, Sunday
When: 01:00:00
Current Time: 2011-01-01 02:00:00
Valid Interval: 23:00:00-13:00:00
Valid days of month: 1, 2, 3, 4, 5, 6, 7, 8, 9, 10, 11, 12, 13, 14, 15, 16, 17, 18, 19, 20, 21, 22, 23, 24, 25, 26, 27, 28, 29, 30, 31
Valid weekdays: Monday, Tuesday, Wednesday, Thursday, Friday, Saturday, Sunday
When: 01:00:00
Current Time: 2011-01-01 13:00:00
Valid Interval: 23:00:00-13:00:00
Valid days of month: 1, 2, 3, 4, 5, 6, 7, 8, 9, 10, 11, 12, 13, 14, 15, 16, 17, 18, 19, 20, 21, 22, 23, 24, 25, 26, 27, 28, 29, 30, 31
Valid weekdays: Monday, Tuesday, Wednesday, Thursday, Friday, Saturday, Sunday
When: 23:30:00
Current Time: 2011-01-01 16:00:00
Valid Interval: 23:00:00-13:00:00
Valid days of month: 1, 2, 3, 4, 5, 6, 7, 8, 9, 10, 11, 12, 13, 14, 15, 16, 17, 18, 19, 20, 21, 22, 23, 24, 25, 26, 27, 28, 29, 30, 31
Valid weekdays: Monday, Tuesday, Wednesday, Thursday, Friday, Saturday, Sunday
When: 23:30:00
Current Time: 2011-01-01 23:00:00
Valid Interval: 23:00:00-13:00:00
Valid days of month: 1, 2, 3, 4, 5, 6, 7, 8, 9, 10, 11, 12, 13, 14, 15, 16, 17, 18, 19, 20, 21, 22, 23, 24, 25, 26, 27, 28, 29, 30, 31
Valid weekdays: Monday, Tuesday, Wednesday, Thursday, Friday, Saturday, Sunday
When: 23:30:00
Current Time: 2011-01-01 23:30:00
Valid Interval: 23:00:00-13:00:00
Valid days of month: 1, 2, 3, 4, 5, 6, 7, 8, 9, 10, 11, 12, 13, 14, 15, 16, 17, 18, 19, 20, 21, 22, 23, 24, 25, 26, 27, 28, 29, 30, 31
Valid weekdays: Monday, Tuesday, Wednesday, Thursday, Friday, Saturday, Sunday
When: 23:30:00
Current Time: 2011-01-01 23:45:00
Valid Interval: 23:00:00-13:00:00
Valid days of month: 1, 2, 3, 4, 5, 6, 7, 8, 9, 10, 11, 12, 13, 14, 15, 16, 17, 18, 19, 20, 21, 22, 23, 24, 25, 26, 27, 28, 29, 30, 31
Valid weekdays: Monday, Tuesday, Wednesday, Thursday, Friday, Saturday, Sunday
When: 23:30:00
Current Time: 2011-01-02 00:30:00
Valid Interval: 23:00:00-13:00:00
Valid days of month: 1, 2, 3, 4, 5, 6, 7, 8, 9, 10, 11, 12, 13, 14, 15, 16, 17, 18, 19, 20, 21, 22, 23, 24, 25, 26, 27, 28, 29, 30, 31
Valid weekdays: Monday, Tuesday, Wednesday, Thursday, Friday, Saturday, Sunday
When: 23:30:00
Current Time: 2011-01-01 13:00:00
Valid Interval: 23:00:00-13:00:00
Valid days of month: 1, 2, 3, 4, 5, 6, 7, 8, 9, 10, 11, 12, 13, 14, 15, 16, 17, 18, 19, 20, 21, 22, 23, 24, 25, 26, 27, 28, 29, 30, 31
Valid weekdays: Monday, Tuesday, Wednesday, Thursday, Friday, Saturday, Sunday
When: 01:00:00
Current Time: 2011-01-01 16:00:00
Valid Interval: 23:00:00-13:00:00
Valid days of month: 1, 2, 3, 4, 5, 6, 7, 8, 9, 10, 11, 12, 13, 14, 15, 16, 17, 18, 19, 20, 21, 22, 23, 24, 25, 26, 27, 28, 29, 30, 31
Valid weekdays: Monday, Tuesday, Wednesday, Thursday, Friday, Saturday, Sunday
When: 01:00:00
Current Time: 2011-01-01 23:00:00
Valid Interval: 23:00:00-13:00:00
Valid days of month: 1, 2, 3, 4, 5, 6, 7, 8, 9, 10, 11, 12, 13, 14, 15, 16, 17, 18, 19, 20, 21, 22, 23, 24, 25, 26, 27, 28, 29, 30, 31
Valid weekdays: Monday, Tuesday, Wednesday, Thursday, Friday, Saturday, Sunday
When: 01:00:00
Current Time: 2011-01-01 23:30:00
Valid Interval: 23:00:00-13:00:00
Valid days of month: 1, 2, 3, 4, 5, 6, 7, 8, 9, 10, 11, 12, 13, 14, 15, 16, 17, 18, 19, 20, 21, 22, 23, 24, 25, 26, 27, 28, 29, 30, 31
Valid weekdays: Monday, Tuesday, Wednesday, Thursday, Friday, Saturday, Sunday
When: 01:00:00
Current Time: 2011-01-02 00:30:00
Valid Interval: 23:00:00-13:00:00
Valid days of month: 1, 2, 3, 4, 5, 6, 7, 8, 9, 10, 11, 12, 13, 14, 15, 16, 17, 18, 19, 20, 21, 22, 23, 24, 25, 26, 27, 28, 29, 30, 31
Valid weekdays: Monday, Tuesday, Wednesday, Thursday, Friday, Saturday, Sunday
When: 01:00:00
Current Time: 2011-01-02 02:00:00
Valid Interval: 23:00:00-13:00:00
Valid days of month: 1, 2, 3, 4, 5, 6, 7, 8, 9, 10, 11, 12, 13, 14, 15, 16, 17, 18, 19, 20, 21, 22, 23, 24, 25, 26, 27, 28, 29, 30, 31
Valid weekdays: Monday, Tuesday, Wednesday, Thursday, Friday, Saturday, Sunday
When: 01:00:00
Current Time: 2011-01-02 13:00:00
Valid Interval: 23:00:00-13:00:00
Valid days of month: 1, 2, 3, 4, 5, 6, 7, 8, 9, 10, 11, 12, 13, 14, 15, 16, 17, 18, 19, 20, 21, 22, 23, 24, 25, 26, 27, 28, 29, 30, 31
Valid weekdays: Monday, Tuesday, Wednesday, Thursday, Friday, Saturday, Sunday
When: 23:30:00
Current Time: 2011-01-01 23:30:05
Valid Interval: 23:00:00-13:00:00
Valid days of month: 1, 2, 3, 4, 5, 6, 7, 8, 9, 10, 11, 12, 13, 14, 15, 16, 17, 18, 19, 20, 21, 22, 23, 24, 25, 26, 27, 28, 29, 30, 31
Valid weekdays: Monday, Tuesday, Wednesday, Thursday, Friday, Saturday, Sunday
When: 23:30:00
Current Time: 2011-01-02 00:30:00
Valid Interval: 23:00:00-13:00:00
Valid days of month: 1, 2, 3, 4, 5, 6, 7, 8, 9, 10, 11, 12, 13, 14, 15, 16, 17, 18, 19, 20, 21, 22, 23, 24, 25, 26, 27, 28, 29, 30, 31
Valid weekdays: Monday, Tuesday, Wednesday, Thursday, Friday, Saturday, Sunday
When: 23:30:00
Current Time: 2011-01-02 13:00:00
Valid Interval: 23:00:00-13:00:00
Valid days of month: 1, 2, 3, 4, 5, 6, 7, 8, 9, 10, 11, 12, 13, 14, 15, 16, 17, 18, 19, 20, 21, 22, 23, 24, 25, 26, 27, 28, 29, 30, 31
Valid weekdays: Monday, Tuesday, Wednesday, Thursday, Friday, Saturday, Sunday
When: 01:00:00
Current Time: 2011-01-01 02:00:00
Valid Interval: 23:00:00-13:00:00
Valid days of month: 1, 2, 3, 4, 5, 6, 7, 8, 9, 10, 11, 12, 13, 14, 15, 16, 17, 18, 19, 20, 21, 22, 23, 24, 25, 26, 27, 28, 29, 30, 31
Valid weekdays: Monday, Tuesday, Wednesday, Thursday, Friday, Saturday, Sunday
When: 01:00:00
Current Time: 2011-01-02 02:00:00
Valid Interval: 13:00:00-16:00:00
Valid days of month: 1, 2, 3, 4, 5, 6, 7, 8, 9, 10, 11, 12, 13, 14, 15, 16, 17, 18, 19, 20, 21, 22, 23, 24, 25, 26, 27, 28, 29, 30, 31
Valid weekdays: Saturday, Sunday
When: 14:00:00
Current Time: 2007-01-01 12:00:00
Valid Interval: 13:00:00-16:00:00
Valid days of month: 1, 2, 3, 4, 5, 6, 7, 8, 9, 10, 11, 12, 13, 14, 15, 16, 17, 18, 19, 20, 21, 22, 23, 24, 25, 26, 27, 28, 29, 30, 31
Valid weekdays: Saturday, Sunday
When: 14:00:00
Current Time: 2007-01-02 13:30:00
Valid Interval: 13:00:00-16:00:00
Valid days of month: 1, 2, 3, 4, 5, 6, 7, 8, 9, 10, 11, 12, 13, 14, 15, 16, 17, 18, 19, 20, 21, 22, 23, 24, 25, 26, 27, 28, 29, 30, 31
Valid weekdays: Saturday, Sunday
When: 14:00:00
Current Time: 2007-01-06 13:30:00
Valid Interval: 13:00:00-16:00:00
Valid days of month: 1, 2, 3, 4, 5, 6, 7, 8, 9, 10, 11, 12, 13, 14, 15, 16, 17, 18, 19, 20, 21, 22, 23, 24, 25, 26, 27, 28, 29, 30, 31
Valid weekdays: Saturday, Sunday
When: 14:00:00
Current Time: 2007-01-06 14:30:00
Valid Interval: 13:00:00-16:00:00
Valid days of month: 1, 2, 3, 4, 5, 6, 7, 8, 9, 10, 11, 12, 13, 14, 15, 16, 17, 18, 19, 20, 21, 22, 23, 24, 25, 26, 27, 28, 29, 30, 31
Valid weekdays: Saturday, Sunday
When: 14:00:00
Current Time: 2007-01-06 16:30:00
Valid Interval: 13:00:00-16:00:00
Valid days of month: 1, 2, 3, 4, 5, 6, 7, 8, 9, 10, 11, 12, 13, 14, 15, 16, 17, 18, 19, 20, 21, 22, 23, 24, 25, 26, 27, 28, 29, 30, 31
Valid weekdays: Saturday, Sunday
When: 14:00:00
Current Time: 2007-01-07 16:00:00
Valid Interval: 23:00:00-02:00:00
Valid days of month: 1, 2, 3, 4, 5, 6, 7, 8, 9, 10, 11, 12, 13, 14, 15, 16, 17, 18, 19, 20, 21, 22, 23, 24, 25, 26, 27, 28, 29, 30, 31
Valid weekdays: Saturday, Sunday
When: 01:00:00
Current Time: 2007-01-01 12:00:00
Valid Interval: 23:00:00-02:00:00
Valid days of month: 1, 2, 3, 4, 5, 6, 7, 8, 9, 10, 11, 12, 13, 14, 15, 16, 17, 18, 19, 20, 21, 22, 23, 24, 25, 26, 27, 28, 29, 30, 31
Valid weekdays: Saturday, Sunday
When: 01:00:00
Current Time: 2007-01-02 01:00:00
Valid Interval: 23:00:00-02:00:00
Valid days of month: 1, 2, 3, 4, 5, 6, 7, 8, 9, 10, 11, 12, 13, 14, 15, 16, 17, 18, 19, 20, 21, 22, 23, 24, 25, 26, 27, 28, 29, 30, 31
Valid weekdays: Saturday, Sunday
When: 01:00:00
Current Time: 2007-01-06 00:30:00
Valid Interval: 23:00:00-02:00:00
Valid days of month: 1, 2, 3, 4, 5, 6, 7, 8, 9, 10, 11, 12, 13, 14, 15, 16, 17, 18, 19, 20, 21, 22, 23, 24, 25, 26, 27, 28, 29, 30, 31
Valid weekdays: Saturday, Sunday
When: 01:00:00
Current Time: 2007-01-06 01:30:00
Valid Interval: 23:00:00-02:00:00
Valid days of month: 1, 2, 3, 4, 5, 6, 7, 8, 9, 10, 11, 12, 13, 14, 15, 16, 17, 18, 19, 20, 21, 22, 23, 24, 25, 26, 27, 28, 29, 30, 31
Valid weekdays: Saturday, Sunday
When: 01:00:00
Current Time: 2007-01-06 02:30:00
Valid Interval: 23:00:00-02:00:00
Valid days of month: 1, 2, 3, 4, 5, 6, 7, 8, 9, 10, 11, 12, 13, 14, 15, 16, 17, 18, 19, 20, 21, 22, 23, 24, 25, 26, 27, 28, 29, 30, 31
Valid weekdays: Saturday, Sunday
When: 01:00:00
Current Time: 2007-01-07 02:00:00
Valid Interval: 23:00:00-02:00:00
Valid days of month: 1, 2, 3, 4, 5, 6, 7, 8, 9, 10, 11, 12, 13, 14, 15, 16, 17, 18, 19, 20, 21, 22, 23, 24, 25, 26, 27, 28, 29, 30, 31
Valid weekdays: Saturday, Sunday
When: 23:30:00
Current Time: 2007-01-01 12:00:00
Valid Interval: 23:00:00-02:00:00
Valid days of month: 1, 2, 3, 4, 5, 6, 7, 8, 9, 10, 11, 12, 13, 14, 15, 16, 17, 18, 19, 20, 21, 22, 23, 24, 25, 26, 27, 28, 29, 30, 31
Valid weekdays: Saturday, Sunday
When: 23:30:00
Current Time: 2007-01-05 23:30:00
Valid Interval: 23:00:00-02:00:00
Valid days of month: 1, 2, 3, 4, 5, 6, 7, 8, 9, 10, 11, 12, 13, 14, 15, 16, 17, 18, 19, 20, 21, 22, 23, 24, 25, 26, 27, 28, 29, 30, 31
Valid weekdays: Saturday, Sunday
When: 23:30:00
Current Time: 2007-01-06 23:00:00
Valid Interval: 23:00:00-02:00:00
Valid days of month: 1, 2, 3, 4, 5, 6, 7, 8, 9, 10, 11, 12, 13, 14, 15, 16, 17, 18, 19, 20, 21, 22, 23, 24, 25, 26, 27, 28, 29, 30, 31
Valid weekdays: Saturday, Sunday
When: 23:30:00
Current Time: 2007-01-06 02:00:00
Valid Interval: 23:00:00-02:00:00
Valid days of month: 1, 2, 3, 4, 5, 6, 7, 8, 9, 10, 11, 12, 13, 14, 15, 16, 17, 18, 19, 20, 21, 22, 23, 24, 25, 26, 27, 28, 29, 30, 31
Valid weekdays: Saturday, Sunday
When: 23:30:00
Current Time: 2007-01-07 23:40:00
Valid Interval: 23:00:00-02:00:00
Valid days of month: 1, 2, 3, 4, 5, 6, 7, 8, 9, 10, 11, 12, 13, 14, 15, 16, 17, 18, 19, 20, 21, 22, 23, 24, 25, 26, 27, 28, 29, 30, 31
Valid weekdays: Saturday, Sunday
When: 23:30:00
Current Time: 2007-01-07 01:00:00
Valid Interval: 13:00:00-16:00:00
Valid days of month: 1, 2, 3, 4, 5, 6, 7, 8, 9, 10, 11, 12, 13, 14, 15, 16, 17, 18, 19, 20, 21, 22, 23, 24, 25, 26, 27, 28, 29, 30, 31
Valid weekdays: Saturday, Sunday
When: 14:00:00
Current Time: 2007-01-01 12:00:00
Valid Interval: 13:00:00-16:00:00
Valid days of month: 1, 2, 3, 4, 5, 6, 7, 8, 9, 10, 11, 12, 13, 14, 15, 16, 17, 18, 19, 20, 21, 22, 23, 24, 25, 26, 27, 28, 29, 30, 31
Valid weekdays: Saturday, Sunday
When: 14:00:00
Current Time: 2007-01-02 13:30:00
Valid Interval: 13:00:00-16:00:00
Valid days of month: 1, 2, 3, 4, 5, 6, 7, 8, 9, 10, 11, 12, 13, 14, 15, 16, 17, 18, 19, 20, 21, 22, 23, 24, 25, 26, 27, 28, 29, 30, 31
Valid weekdays: Saturday, Sunday
When: 14:00:00
Current Time: 2007-01-06 13:30:00
Valid Interval: 13:00:00-16:00:00
Valid days of month: 1, 2, 3, 4, 5, 6, 7, 8, 9, 10, 11, 12, 13, 14, 15, 16, 17, 18, 19, 20, 21, 22, 23, 24, 25, 26, 27, 28, 29, 30, 31
Valid weekdays: Saturday, Sunday
When: 14:00:00
Current Time: 2007-01-06 14:30:00
Valid Interval: 13:00:00-16:00:00
Valid days of month: 1, 2, 3, 4, 5, 6, 7, 8, 9, 10, 11, 12, 13, 14, 15, 16, 17, 18, 19, 20, 21, 22, 23, 24, 25, 26, 27, 28, 29, 30, 31
Valid weekdays: Saturday, Sunday
When: 14:00:00
Current Time: 2007-01-06 16:30:00
Valid Interval: 13:00:00-16:00:00
Valid days of month: 1, 2, 3, 4, 5, 6, 7, 8, 9, 10, 11, 12, 13, 14, 15, 16, 17, 18, 19, 20, 21, 22, 23, 24, 25, 26, 27, 28, 29, 30, 31
Valid weekdays: Saturday, Sunday
When: 14:00:00
Current Time: 2007-01-07 16:00:00
Valid Interval: 23:00:00-02:00:00
Valid days of month: 1, 2, 3, 4, 5, 6, 7, 8, 9, 10, 11, 12, 13, 14, 15, 16, 17, 18, 19, 20, 21, 22, 23, 24, 25, 26, 27, 28, 29, 30, 31
Valid weekdays: Saturday, Sunday
When: 01:00:00
Current Time: 2007-01-01 12:00:00
Valid Interval: 23:00:00-02:00:00
Valid days of month: 1, 2, 3, 4, 5, 6, 7, 8, 9, 10, 11, 12, 13, 14, 15, 16, 17, 18, 19, 20, 21, 22, 23, 24, 25, 26, 27, 28, 29, 30, 31
Valid weekdays: Saturday, Sunday
When: 01:00:00
Current Time: 2007-01-02 01:00:00
Valid Interval: 23:00:00-02:00:00
Valid days of month: 1, 2, 3, 4, 5, 6, 7, 8, 9, 10, 11, 12, 13, 14, 15, 16, 17, 18, 19, 20, 21, 22, 23, 24, 25, 26, 27, 28, 29, 30, 31
Valid weekdays: Saturday, Sunday
When: 01:00:00
Current Time: 2007-01-06 00:30:00
Valid Interval: 23:00:00-02:00:00
Valid days of month: 1, 2, 3, 4, 5, 6, 7, 8, 9, 10, 11, 12, 13, 14, 15, 16, 17, 18, 19, 20, 21, 22, 23, 24, 25, 26, 27, 28, 29, 30, 31
Valid weekdays: Saturday, Sunday
When: 01:00:00
Current Time: 2007-01-06 02:30:00
Valid Interval: 23:00:00-02:00:00
Valid days of month: 1, 2, 3, 4, 5, 6, 7, 8, 9, 10, 11, 12, 13, 14, 15, 16, 17, 18, 19, 20, 21, 22, 23, 24, 25, 26, 27, 28, 29, 30, 31
Valid weekdays: Saturday, Sunday
When: 23:30:00
Current Time: 2007-01-01 12:00:00
Valid Interval: 23:00:00-02:00:00
Valid days of month: 1, 2, 3, 4, 5, 6, 7, 8, 9, 10, 11, 12, 13, 14, 15, 16, 17, 18, 19, 20, 21, 22, 23, 24, 25, 26, 27, 28, 29, 30, 31
Valid weekdays: Saturday, Sunday
When: 23:30:00
Current Time: 2007-01-05 23:30:00
Valid Interval: 23:00:00-02:00:00
Valid days of month: 1, 2, 3, 4, 5, 6, 7, 8, 9, 10, 11, 12, 13, 14, 15, 16, 17, 18, 19, 20, 21, 22, 23, 24, 25, 26, 27, 28, 29, 30, 31
Valid weekdays: Saturday, Sunday
When: 23:30:00
Current Time: 2007-01-06 23:00:00
Valid Interval: 23:00:00-02:00:00
Valid days of month: 1, 2, 3, 4, 5, 6, 7, 8, 9, 10, 11, 12, 13, 14, 15, 16, 17, 18, 19, 20, 21, 22, 23, 24, 25, 26, 27, 28, 29, 30, 31
Valid weekdays: Saturday, Sunday
When: 23:30:00
Current Time: 2007-01-06 02:00:00
Valid Interval: 23:00:00-02:00:00
Valid days of month: 1, 2, 3, 4, 5, 6, 7, 8, 9, 10, 11, 12, 13, 14, 15, 16, 17, 18, 19, 20, 21, 22, 23, 24, 25, 26, 27, 28, 29, 30, 31
Valid weekdays: Saturday, Sunday
When: 23:30:00
Current Time: 2007-01-07 23:40:00
Valid Interval: 23:00:00-02:00:00
Valid days of month: 1, 2, 3, 4, 5, 6, 7, 8, 9, 10, 11, 12, 13, 14, 15, 16, 17, 18, 19, 20, 21, 22, 23, 24, 25, 26, 27, 28, 29, 30, 31
Valid weekdays: Saturday, Sunday
When: 23:30:00
Current Time: 2007-01-07 01:00:00
Valid Interval: 13:00:00-16:00:00
Valid days of month: 1, 2, 3, 4, 5, 6, 7, 8, 9, 10, 11, 12, 13, 14, 15, 16, 17, 18, 19, 20, 21, 22, 23, 24, 25, 26, 27, 28, 29, 30, 31
Valid weekdays: Saturday, Sunday
When: 14:00:00
Current Time: 2007-01-06 14:30:00
Valid Interval: 13:00:00-16:00:00
Valid days of month: 1, 2, 3, 4, 5, 6, 7, 8, 9, 10, 11, 12, 13, 14, 15, 16, 17, 18, 19, 20, 21, 22, 23, 24, 25, 26, 27, 28, 29, 30, 31
Valid weekdays: Saturday, Sunday
When: 14:00:00
Current Time: 2007-01-07 15:00:00
Valid Interval: 23:00:00-02:00:00
Valid days of month: 1, 2, 3, 4, 5, 6, 7, 8, 9, 10, 11, 12, 13, 14, 15, 16, 17, 18, 19, 20, 21, 22, 23, 24, 25, 26, 27, 28, 29, 30, 31
Valid weekdays: Saturday, Sunday
When: 01:00:00
Current Time: 2007-01-06 01:30:00
Valid Interval: 23:00:00-02:00:00
Valid days of month: 1, 2, 3, 4, 5, 6, 7, 8, 9, 10, 11, 12, 13, 14, 15, 16, 17, 18, 19, 20, 21, 22, 23, 24, 25, 26, 27, 28, 29, 30, 31
Valid weekdays: Saturday, Sunday
When: 01:00:00
Current Time: 2007-01-07 01:30:00
Valid Interval: 23:00:00-02:00:00
Valid days of month: 1, 2, 3, 4, 5, 6, 7, 8, 9, 10, 11, 12, 13, 14, 15, 16, 17, 18, 19, 20, 21, 22, 23, 24, 25, 26, 27, 28, 29, 30, 31
Valid weekdays: Saturday, Sunday
When: 23:30:00
Current Time: 2007-01-06 23:02:00
Valid Interval: 23:00:00-02:00:00
Valid days of month: 1, 2, 3, 4, 5, 6, 7, 8, 9, 10, 11, 12, 13, 14, 15, 16, 17, 18, 19, 20, 21, 22, 23, 24, 25, 26, 27, 28, 29, 30, 31
Valid weekdays: Saturday, Sunday
When: 23:30:00
Current Time: 2007-01-06 01:10:00
Valid Interval: 23:00:00-02:00:00
Valid days of month: 1, 2, 3, 4, 5, 6, 7, 8, 9, 10, 11, 12, 13, 14, 15, 16, 17, 18, 19, 20, 21, 22, 23, 24, 25, 26, 27, 28, 29, 30, 31
Valid weekdays: Saturday, Sunday
When: 23:30:00
Current Time: 2007-01-07 01:00:40
Valid Interval: 23:00:00-02:00:00
Valid days of month: 2
Valid weekdays: Saturday, Sunday
When: 23:30:00
Current Time: 2007-01-01 12:00:00
Valid Interval: 23:00:00-02:00:00
Valid days of month: 1, 2
Valid weekdays: Saturday, Sunday
When: 23:30:00
Current Time: 2007-01-05 23:30:00
Valid Interval: 23:00:00-02:00:00
Valid days of month: 1, 2
Valid weekdays: Saturday, Sunday
When: 23:30:00
Current Time: 2007-01-06 23:00:00</StdOut>
      </Output>
    </UnitTestResult>
    <UnitTestResult executionId="f6ac1924-0e97-4ae5-b6c3-b5ab749ec2e5" testId="b2c14114-5243-4fbe-a5e9-b9324b82608d" testName="GetNextTimeToTrigger_AbsoluteTimer_ReturnsCorrectTime (Data Row 51)" computerName="ICSWS068" duration="00:00:00.0034931" startTime="2016-08-04T07:57:22.8377287+02:00" endTime="2016-08-04T07:57:22.8412313+02:00" testType="13cdc9d9-ddb5-4fa4-a97d-d965ccfc6d4b" outcome="Passed" testListId="8c84fa94-04c1-424b-9868-57a2d4851a1d" relativeResultsDirectory="f6ac1924-0e97-4ae5-b6c3-b5ab749ec2e5">
      <Output>
        <StdOut>TestContext Messages:
Valid Interval: 11:00:00-13:00:00
Valid days of month: 1, 2, 3, 4, 5, 6, 7, 8, 9, 10, 11, 12, 13, 14, 15, 16, 17, 18, 19, 20, 21, 22, 23, 24, 25, 26, 27, 28, 29, 30, 31
Valid weekdays: Monday, Tuesday, Wednesday, Thursday, Friday, Saturday, Sunday
When: 12:00:00
Current Time: 2011-01-01 00:00:00
Valid Interval: 11:00:00-13:00:00
Valid days of month: 1, 2, 3, 4, 5, 6, 7, 8, 9, 10, 11, 12, 13, 14, 15, 16, 17, 18, 19, 20, 21, 22, 23, 24, 25, 26, 27, 28, 29, 30, 31
Valid weekdays: Monday, Tuesday, Wednesday, Thursday, Friday, Saturday, Sunday
When: 12:00:00
Current Time: 2011-01-01 09:00:00
Valid Interval: 11:00:00-13:00:00
Valid days of month: 1, 2, 3, 4, 5, 6, 7, 8, 9, 10, 11, 12, 13, 14, 15, 16, 17, 18, 19, 20, 21, 22, 23, 24, 25, 26, 27, 28, 29, 30, 31
Valid weekdays: Monday, Tuesday, Wednesday, Thursday, Friday, Saturday, Sunday
When: 12:00:00
Current Time: 2011-01-01 11:00:00
Valid Interval: 11:00:00-13:00:00
Valid days of month: 1, 2, 3, 4, 5, 6, 7, 8, 9, 10, 11, 12, 13, 14, 15, 16, 17, 18, 19, 20, 21, 22, 23, 24, 25, 26, 27, 28, 29, 30, 31
Valid weekdays: Monday, Tuesday, Wednesday, Thursday, Friday, Saturday, Sunday
When: 12:00:00
Current Time: 2011-01-01 12:00:00
Valid Interval: 11:00:00-13:00:00
Valid days of month: 1, 2, 3, 4, 5, 6, 7, 8, 9, 10, 11, 12, 13, 14, 15, 16, 17, 18, 19, 20, 21, 22, 23, 24, 25, 26, 27, 28, 29, 30, 31
Valid weekdays: Monday, Tuesday, Wednesday, Thursday, Friday, Saturday, Sunday
When: 12:00:00
Current Time: 2011-01-01 12:30:00
Valid Interval: 11:00:00-13:00:00
Valid days of month: 1, 2, 3, 4, 5, 6, 7, 8, 9, 10, 11, 12, 13, 14, 15, 16, 17, 18, 19, 20, 21, 22, 23, 24, 25, 26, 27, 28, 29, 30, 31
Valid weekdays: Monday, Tuesday, Wednesday, Thursday, Friday, Saturday, Sunday
When: 12:00:00
Current Time: 2011-01-01 13:00:00
Valid Interval: 11:00:00-13:00:00
Valid days of month: 1, 2, 3, 4, 5, 6, 7, 8, 9, 10, 11, 12, 13, 14, 15, 16, 17, 18, 19, 20, 21, 22, 23, 24, 25, 26, 27, 28, 29, 30, 31
Valid weekdays: Monday, Tuesday, Wednesday, Thursday, Friday, Saturday, Sunday
When: 12:00:00
Current Time: 2011-01-02 00:00:00
Valid Interval: 11:00:00-13:00:00
Valid days of month: 1, 2, 3, 4, 5, 6, 7, 8, 9, 10, 11, 12, 13, 14, 15, 16, 17, 18, 19, 20, 21, 22, 23, 24, 25, 26, 27, 28, 29, 30, 31
Valid weekdays: Monday, Tuesday, Wednesday, Thursday, Friday, Saturday, Sunday
When: 12:00:00
Current Time: 2011-01-02 09:00:00
Valid Interval: 11:00:00-13:00:00
Valid days of month: 1, 2, 3, 4, 5, 6, 7, 8, 9, 10, 11, 12, 13, 14, 15, 16, 17, 18, 19, 20, 21, 22, 23, 24, 25, 26, 27, 28, 29, 30, 31
Valid weekdays: Monday, Tuesday, Wednesday, Thursday, Friday, Saturday, Sunday
When: 12:00:00
Current Time: 2011-01-02 12:00:00
Valid Interval: 11:00:00-13:00:00
Valid days of month: 1, 2, 3, 4, 5, 6, 7, 8, 9, 10, 11, 12, 13, 14, 15, 16, 17, 18, 19, 20, 21, 22, 23, 24, 25, 26, 27, 28, 29, 30, 31
Valid weekdays: Monday, Tuesday, Wednesday, Thursday, Friday, Saturday, Sunday
When: 12:00:00
Current Time: 2011-01-02 12:45:30
Valid Interval: 11:00:00-13:00:00
Valid days of month: 1, 2, 3, 4, 5, 6, 7, 8, 9, 10, 11, 12, 13, 14, 15, 16, 17, 18, 19, 20, 21, 22, 23, 24, 25, 26, 27, 28, 29, 30, 31
Valid weekdays: Monday, Tuesday, Wednesday, Thursday, Friday, Saturday, Sunday
When: 12:00:00
Current Time: 2011-01-02 13:00:00
Valid Interval: 11:00:00-13:00:00
Valid days of month: 1, 2, 3, 4, 5, 6, 7, 8, 9, 10, 11, 12, 13, 14, 15, 16, 17, 18, 19, 20, 21, 22, 23, 24, 25, 26, 27, 28, 29, 30, 31
Valid weekdays: Monday, Tuesday, Wednesday, Thursday, Friday, Saturday, Sunday
When: 12:00:00
Current Time: 2011-01-01 12:00:00
Valid Interval: 11:00:00-13:00:00
Valid days of month: 1, 2, 3, 4, 5, 6, 7, 8, 9, 10, 11, 12, 13, 14, 15, 16, 17, 18, 19, 20, 21, 22, 23, 24, 25, 26, 27, 28, 29, 30, 31
Valid weekdays: Monday, Tuesday, Wednesday, Thursday, Friday, Saturday, Sunday
When: 12:00:00
Current Time: 2011-01-01 12:30:00
Valid Interval: 11:00:00-13:00:00
Valid days of month: 1, 2, 3, 4, 5, 6, 7, 8, 9, 10, 11, 12, 13, 14, 15, 16, 17, 18, 19, 20, 21, 22, 23, 24, 25, 26, 27, 28, 29, 30, 31
Valid weekdays: Monday, Tuesday, Wednesday, Thursday, Friday, Saturday, Sunday
When: 12:00:00
Current Time: 2011-01-01 12:30:00
Valid Interval: 11:00:00-13:00:00
Valid days of month: 1, 2, 3, 4, 5, 6, 7, 8, 9, 10, 11, 12, 13, 14, 15, 16, 17, 18, 19, 20, 21, 22, 23, 24, 25, 26, 27, 28, 29, 30, 31
Valid weekdays: Monday, Tuesday, Wednesday, Thursday, Friday, Saturday, Sunday
When: 12:00:00
Current Time: 2011-01-01 13:00:00
Valid Interval: 11:00:00-13:00:00
Valid days of month: 1, 2, 3, 4, 5, 6, 7, 8, 9, 10, 11, 12, 13, 14, 15, 16, 17, 18, 19, 20, 21, 22, 23, 24, 25, 26, 27, 28, 29, 30, 31
Valid weekdays: Monday, Tuesday, Wednesday, Thursday, Friday, Saturday, Sunday
When: 12:00:00
Current Time: 2011-01-01 14:30:00
Valid Interval: 23:00:00-13:00:00
Valid days of month: 1, 2, 3, 4, 5, 6, 7, 8, 9, 10, 11, 12, 13, 14, 15, 16, 17, 18, 19, 20, 21, 22, 23, 24, 25, 26, 27, 28, 29, 30, 31
Valid weekdays: Monday, Tuesday, Wednesday, Thursday, Friday, Saturday, Sunday
When: 23:30:00
Current Time: 2011-01-01 16:00:00
Valid Interval: 23:00:00-13:00:00
Valid days of month: 1, 2, 3, 4, 5, 6, 7, 8, 9, 10, 11, 12, 13, 14, 15, 16, 17, 18, 19, 20, 21, 22, 23, 24, 25, 26, 27, 28, 29, 30, 31
Valid weekdays: Monday, Tuesday, Wednesday, Thursday, Friday, Saturday, Sunday
When: 23:30:00
Current Time: 2011-01-01 23:00:00
Valid Interval: 23:00:00-13:00:00
Valid days of month: 1, 2, 3, 4, 5, 6, 7, 8, 9, 10, 11, 12, 13, 14, 15, 16, 17, 18, 19, 20, 21, 22, 23, 24, 25, 26, 27, 28, 29, 30, 31
Valid weekdays: Monday, Tuesday, Wednesday, Thursday, Friday, Saturday, Sunday
When: 23:30:00
Current Time: 2011-01-01 23:30:00
Valid Interval: 23:00:00-13:00:00
Valid days of month: 1, 2, 3, 4, 5, 6, 7, 8, 9, 10, 11, 12, 13, 14, 15, 16, 17, 18, 19, 20, 21, 22, 23, 24, 25, 26, 27, 28, 29, 30, 31
Valid weekdays: Monday, Tuesday, Wednesday, Thursday, Friday, Saturday, Sunday
When: 23:30:00
Current Time: 2011-01-01 23:45:00
Valid Interval: 23:00:00-13:00:00
Valid days of month: 1, 2, 3, 4, 5, 6, 7, 8, 9, 10, 11, 12, 13, 14, 15, 16, 17, 18, 19, 20, 21, 22, 23, 24, 25, 26, 27, 28, 29, 30, 31
Valid weekdays: Monday, Tuesday, Wednesday, Thursday, Friday, Saturday, Sunday
When: 23:30:00
Current Time: 2011-01-02 00:30:00
Valid Interval: 23:00:00-13:00:00
Valid days of month: 1, 2, 3, 4, 5, 6, 7, 8, 9, 10, 11, 12, 13, 14, 15, 16, 17, 18, 19, 20, 21, 22, 23, 24, 25, 26, 27, 28, 29, 30, 31
Valid weekdays: Monday, Tuesday, Wednesday, Thursday, Friday, Saturday, Sunday
When: 23:30:00
Current Time: 2011-01-01 13:00:00
Valid Interval: 23:00:00-13:00:00
Valid days of month: 1, 2, 3, 4, 5, 6, 7, 8, 9, 10, 11, 12, 13, 14, 15, 16, 17, 18, 19, 20, 21, 22, 23, 24, 25, 26, 27, 28, 29, 30, 31
Valid weekdays: Monday, Tuesday, Wednesday, Thursday, Friday, Saturday, Sunday
When: 01:00:00
Current Time: 2011-01-01 16:00:00
Valid Interval: 23:00:00-13:00:00
Valid days of month: 1, 2, 3, 4, 5, 6, 7, 8, 9, 10, 11, 12, 13, 14, 15, 16, 17, 18, 19, 20, 21, 22, 23, 24, 25, 26, 27, 28, 29, 30, 31
Valid weekdays: Monday, Tuesday, Wednesday, Thursday, Friday, Saturday, Sunday
When: 01:00:00
Current Time: 2011-01-01 23:00:00
Valid Interval: 23:00:00-13:00:00
Valid days of month: 1, 2, 3, 4, 5, 6, 7, 8, 9, 10, 11, 12, 13, 14, 15, 16, 17, 18, 19, 20, 21, 22, 23, 24, 25, 26, 27, 28, 29, 30, 31
Valid weekdays: Monday, Tuesday, Wednesday, Thursday, Friday, Saturday, Sunday
When: 01:00:00
Current Time: 2011-01-01 23:30:00
Valid Interval: 23:00:00-13:00:00
Valid days of month: 1, 2, 3, 4, 5, 6, 7, 8, 9, 10, 11, 12, 13, 14, 15, 16, 17, 18, 19, 20, 21, 22, 23, 24, 25, 26, 27, 28, 29, 30, 31
Valid weekdays: Monday, Tuesday, Wednesday, Thursday, Friday, Saturday, Sunday
When: 01:00:00
Current Time: 2011-01-02 00:30:00
Valid Interval: 23:00:00-13:00:00
Valid days of month: 1, 2, 3, 4, 5, 6, 7, 8, 9, 10, 11, 12, 13, 14, 15, 16, 17, 18, 19, 20, 21, 22, 23, 24, 25, 26, 27, 28, 29, 30, 31
Valid weekdays: Monday, Tuesday, Wednesday, Thursday, Friday, Saturday, Sunday
When: 01:00:00
Current Time: 2011-01-01 02:00:00
Valid Interval: 23:00:00-13:00:00
Valid days of month: 1, 2, 3, 4, 5, 6, 7, 8, 9, 10, 11, 12, 13, 14, 15, 16, 17, 18, 19, 20, 21, 22, 23, 24, 25, 26, 27, 28, 29, 30, 31
Valid weekdays: Monday, Tuesday, Wednesday, Thursday, Friday, Saturday, Sunday
When: 01:00:00
Current Time: 2011-01-01 13:00:00
Valid Interval: 23:00:00-13:00:00
Valid days of month: 1, 2, 3, 4, 5, 6, 7, 8, 9, 10, 11, 12, 13, 14, 15, 16, 17, 18, 19, 20, 21, 22, 23, 24, 25, 26, 27, 28, 29, 30, 31
Valid weekdays: Monday, Tuesday, Wednesday, Thursday, Friday, Saturday, Sunday
When: 23:30:00
Current Time: 2011-01-01 16:00:00
Valid Interval: 23:00:00-13:00:00
Valid days of month: 1, 2, 3, 4, 5, 6, 7, 8, 9, 10, 11, 12, 13, 14, 15, 16, 17, 18, 19, 20, 21, 22, 23, 24, 25, 26, 27, 28, 29, 30, 31
Valid weekdays: Monday, Tuesday, Wednesday, Thursday, Friday, Saturday, Sunday
When: 23:30:00
Current Time: 2011-01-01 23:00:00
Valid Interval: 23:00:00-13:00:00
Valid days of month: 1, 2, 3, 4, 5, 6, 7, 8, 9, 10, 11, 12, 13, 14, 15, 16, 17, 18, 19, 20, 21, 22, 23, 24, 25, 26, 27, 28, 29, 30, 31
Valid weekdays: Monday, Tuesday, Wednesday, Thursday, Friday, Saturday, Sunday
When: 23:30:00
Current Time: 2011-01-01 23:30:00
Valid Interval: 23:00:00-13:00:00
Valid days of month: 1, 2, 3, 4, 5, 6, 7, 8, 9, 10, 11, 12, 13, 14, 15, 16, 17, 18, 19, 20, 21, 22, 23, 24, 25, 26, 27, 28, 29, 30, 31
Valid weekdays: Monday, Tuesday, Wednesday, Thursday, Friday, Saturday, Sunday
When: 23:30:00
Current Time: 2011-01-01 23:45:00
Valid Interval: 23:00:00-13:00:00
Valid days of month: 1, 2, 3, 4, 5, 6, 7, 8, 9, 10, 11, 12, 13, 14, 15, 16, 17, 18, 19, 20, 21, 22, 23, 24, 25, 26, 27, 28, 29, 30, 31
Valid weekdays: Monday, Tuesday, Wednesday, Thursday, Friday, Saturday, Sunday
When: 23:30:00
Current Time: 2011-01-02 00:30:00
Valid Interval: 23:00:00-13:00:00
Valid days of month: 1, 2, 3, 4, 5, 6, 7, 8, 9, 10, 11, 12, 13, 14, 15, 16, 17, 18, 19, 20, 21, 22, 23, 24, 25, 26, 27, 28, 29, 30, 31
Valid weekdays: Monday, Tuesday, Wednesday, Thursday, Friday, Saturday, Sunday
When: 23:30:00
Current Time: 2011-01-01 13:00:00
Valid Interval: 23:00:00-13:00:00
Valid days of month: 1, 2, 3, 4, 5, 6, 7, 8, 9, 10, 11, 12, 13, 14, 15, 16, 17, 18, 19, 20, 21, 22, 23, 24, 25, 26, 27, 28, 29, 30, 31
Valid weekdays: Monday, Tuesday, Wednesday, Thursday, Friday, Saturday, Sunday
When: 01:00:00
Current Time: 2011-01-01 16:00:00
Valid Interval: 23:00:00-13:00:00
Valid days of month: 1, 2, 3, 4, 5, 6, 7, 8, 9, 10, 11, 12, 13, 14, 15, 16, 17, 18, 19, 20, 21, 22, 23, 24, 25, 26, 27, 28, 29, 30, 31
Valid weekdays: Monday, Tuesday, Wednesday, Thursday, Friday, Saturday, Sunday
When: 01:00:00
Current Time: 2011-01-01 23:00:00
Valid Interval: 23:00:00-13:00:00
Valid days of month: 1, 2, 3, 4, 5, 6, 7, 8, 9, 10, 11, 12, 13, 14, 15, 16, 17, 18, 19, 20, 21, 22, 23, 24, 25, 26, 27, 28, 29, 30, 31
Valid weekdays: Monday, Tuesday, Wednesday, Thursday, Friday, Saturday, Sunday
When: 01:00:00
Current Time: 2011-01-01 23:30:00
Valid Interval: 23:00:00-13:00:00
Valid days of month: 1, 2, 3, 4, 5, 6, 7, 8, 9, 10, 11, 12, 13, 14, 15, 16, 17, 18, 19, 20, 21, 22, 23, 24, 25, 26, 27, 28, 29, 30, 31
Valid weekdays: Monday, Tuesday, Wednesday, Thursday, Friday, Saturday, Sunday
When: 01:00:00
Current Time: 2011-01-02 00:30:00
Valid Interval: 23:00:00-13:00:00
Valid days of month: 1, 2, 3, 4, 5, 6, 7, 8, 9, 10, 11, 12, 13, 14, 15, 16, 17, 18, 19, 20, 21, 22, 23, 24, 25, 26, 27, 28, 29, 30, 31
Valid weekdays: Monday, Tuesday, Wednesday, Thursday, Friday, Saturday, Sunday
When: 01:00:00
Current Time: 2011-01-02 02:00:00
Valid Interval: 23:00:00-13:00:00
Valid days of month: 1, 2, 3, 4, 5, 6, 7, 8, 9, 10, 11, 12, 13, 14, 15, 16, 17, 18, 19, 20, 21, 22, 23, 24, 25, 26, 27, 28, 29, 30, 31
Valid weekdays: Monday, Tuesday, Wednesday, Thursday, Friday, Saturday, Sunday
When: 01:00:00
Current Time: 2011-01-02 13:00:00
Valid Interval: 23:00:00-13:00:00
Valid days of month: 1, 2, 3, 4, 5, 6, 7, 8, 9, 10, 11, 12, 13, 14, 15, 16, 17, 18, 19, 20, 21, 22, 23, 24, 25, 26, 27, 28, 29, 30, 31
Valid weekdays: Monday, Tuesday, Wednesday, Thursday, Friday, Saturday, Sunday
When: 23:30:00
Current Time: 2011-01-01 23:30:05
Valid Interval: 23:00:00-13:00:00
Valid days of month: 1, 2, 3, 4, 5, 6, 7, 8, 9, 10, 11, 12, 13, 14, 15, 16, 17, 18, 19, 20, 21, 22, 23, 24, 25, 26, 27, 28, 29, 30, 31
Valid weekdays: Monday, Tuesday, Wednesday, Thursday, Friday, Saturday, Sunday
When: 23:30:00
Current Time: 2011-01-02 00:30:00
Valid Interval: 23:00:00-13:00:00
Valid days of month: 1, 2, 3, 4, 5, 6, 7, 8, 9, 10, 11, 12, 13, 14, 15, 16, 17, 18, 19, 20, 21, 22, 23, 24, 25, 26, 27, 28, 29, 30, 31
Valid weekdays: Monday, Tuesday, Wednesday, Thursday, Friday, Saturday, Sunday
When: 23:30:00
Current Time: 2011-01-02 13:00:00
Valid Interval: 23:00:00-13:00:00
Valid days of month: 1, 2, 3, 4, 5, 6, 7, 8, 9, 10, 11, 12, 13, 14, 15, 16, 17, 18, 19, 20, 21, 22, 23, 24, 25, 26, 27, 28, 29, 30, 31
Valid weekdays: Monday, Tuesday, Wednesday, Thursday, Friday, Saturday, Sunday
When: 01:00:00
Current Time: 2011-01-01 02:00:00
Valid Interval: 23:00:00-13:00:00
Valid days of month: 1, 2, 3, 4, 5, 6, 7, 8, 9, 10, 11, 12, 13, 14, 15, 16, 17, 18, 19, 20, 21, 22, 23, 24, 25, 26, 27, 28, 29, 30, 31
Valid weekdays: Monday, Tuesday, Wednesday, Thursday, Friday, Saturday, Sunday
When: 01:00:00
Current Time: 2011-01-02 02:00:00
Valid Interval: 13:00:00-16:00:00
Valid days of month: 1, 2, 3, 4, 5, 6, 7, 8, 9, 10, 11, 12, 13, 14, 15, 16, 17, 18, 19, 20, 21, 22, 23, 24, 25, 26, 27, 28, 29, 30, 31
Valid weekdays: Saturday, Sunday
When: 14:00:00
Current Time: 2007-01-01 12:00:00
Valid Interval: 13:00:00-16:00:00
Valid days of month: 1, 2, 3, 4, 5, 6, 7, 8, 9, 10, 11, 12, 13, 14, 15, 16, 17, 18, 19, 20, 21, 22, 23, 24, 25, 26, 27, 28, 29, 30, 31
Valid weekdays: Saturday, Sunday
When: 14:00:00
Current Time: 2007-01-02 13:30:00
Valid Interval: 13:00:00-16:00:00
Valid days of month: 1, 2, 3, 4, 5, 6, 7, 8, 9, 10, 11, 12, 13, 14, 15, 16, 17, 18, 19, 20, 21, 22, 23, 24, 25, 26, 27, 28, 29, 30, 31
Valid weekdays: Saturday, Sunday
When: 14:00:00
Current Time: 2007-01-06 13:30:00
Valid Interval: 13:00:00-16:00:00
Valid days of month: 1, 2, 3, 4, 5, 6, 7, 8, 9, 10, 11, 12, 13, 14, 15, 16, 17, 18, 19, 20, 21, 22, 23, 24, 25, 26, 27, 28, 29, 30, 31
Valid weekdays: Saturday, Sunday
When: 14:00:00
Current Time: 2007-01-06 14:30:00
Valid Interval: 13:00:00-16:00:00
Valid days of month: 1, 2, 3, 4, 5, 6, 7, 8, 9, 10, 11, 12, 13, 14, 15, 16, 17, 18, 19, 20, 21, 22, 23, 24, 25, 26, 27, 28, 29, 30, 31
Valid weekdays: Saturday, Sunday
When: 14:00:00
Current Time: 2007-01-06 16:30:00
Valid Interval: 13:00:00-16:00:00
Valid days of month: 1, 2, 3, 4, 5, 6, 7, 8, 9, 10, 11, 12, 13, 14, 15, 16, 17, 18, 19, 20, 21, 22, 23, 24, 25, 26, 27, 28, 29, 30, 31
Valid weekdays: Saturday, Sunday
When: 14:00:00
Current Time: 2007-01-07 16:00:00
Valid Interval: 23:00:00-02:00:00
Valid days of month: 1, 2, 3, 4, 5, 6, 7, 8, 9, 10, 11, 12, 13, 14, 15, 16, 17, 18, 19, 20, 21, 22, 23, 24, 25, 26, 27, 28, 29, 30, 31
Valid weekdays: Saturday, Sunday
When: 01:00:00
Current Time: 2007-01-01 12:00:00
Valid Interval: 23:00:00-02:00:00
Valid days of month: 1, 2, 3, 4, 5, 6, 7, 8, 9, 10, 11, 12, 13, 14, 15, 16, 17, 18, 19, 20, 21, 22, 23, 24, 25, 26, 27, 28, 29, 30, 31
Valid weekdays: Saturday, Sunday
When: 01:00:00
Current Time: 2007-01-02 01:00:00
Valid Interval: 23:00:00-02:00:00
Valid days of month: 1, 2, 3, 4, 5, 6, 7, 8, 9, 10, 11, 12, 13, 14, 15, 16, 17, 18, 19, 20, 21, 22, 23, 24, 25, 26, 27, 28, 29, 30, 31
Valid weekdays: Saturday, Sunday
When: 01:00:00
Current Time: 2007-01-06 00:30:00
Valid Interval: 23:00:00-02:00:00
Valid days of month: 1, 2, 3, 4, 5, 6, 7, 8, 9, 10, 11, 12, 13, 14, 15, 16, 17, 18, 19, 20, 21, 22, 23, 24, 25, 26, 27, 28, 29, 30, 31
Valid weekdays: Saturday, Sunday
When: 01:00:00
Current Time: 2007-01-06 01:30:00
Valid Interval: 23:00:00-02:00:00
Valid days of month: 1, 2, 3, 4, 5, 6, 7, 8, 9, 10, 11, 12, 13, 14, 15, 16, 17, 18, 19, 20, 21, 22, 23, 24, 25, 26, 27, 28, 29, 30, 31
Valid weekdays: Saturday, Sunday
When: 01:00:00
Current Time: 2007-01-06 02:30:00
Valid Interval: 23:00:00-02:00:00
Valid days of month: 1, 2, 3, 4, 5, 6, 7, 8, 9, 10, 11, 12, 13, 14, 15, 16, 17, 18, 19, 20, 21, 22, 23, 24, 25, 26, 27, 28, 29, 30, 31
Valid weekdays: Saturday, Sunday
When: 01:00:00
Current Time: 2007-01-07 02:00:00
Valid Interval: 23:00:00-02:00:00
Valid days of month: 1, 2, 3, 4, 5, 6, 7, 8, 9, 10, 11, 12, 13, 14, 15, 16, 17, 18, 19, 20, 21, 22, 23, 24, 25, 26, 27, 28, 29, 30, 31
Valid weekdays: Saturday, Sunday
When: 23:30:00
Current Time: 2007-01-01 12:00:00
Valid Interval: 23:00:00-02:00:00
Valid days of month: 1, 2, 3, 4, 5, 6, 7, 8, 9, 10, 11, 12, 13, 14, 15, 16, 17, 18, 19, 20, 21, 22, 23, 24, 25, 26, 27, 28, 29, 30, 31
Valid weekdays: Saturday, Sunday
When: 23:30:00
Current Time: 2007-01-05 23:30:00
Valid Interval: 23:00:00-02:00:00
Valid days of month: 1, 2, 3, 4, 5, 6, 7, 8, 9, 10, 11, 12, 13, 14, 15, 16, 17, 18, 19, 20, 21, 22, 23, 24, 25, 26, 27, 28, 29, 30, 31
Valid weekdays: Saturday, Sunday
When: 23:30:00
Current Time: 2007-01-06 23:00:00
Valid Interval: 23:00:00-02:00:00
Valid days of month: 1, 2, 3, 4, 5, 6, 7, 8, 9, 10, 11, 12, 13, 14, 15, 16, 17, 18, 19, 20, 21, 22, 23, 24, 25, 26, 27, 28, 29, 30, 31
Valid weekdays: Saturday, Sunday
When: 23:30:00
Current Time: 2007-01-06 02:00:00
Valid Interval: 23:00:00-02:00:00
Valid days of month: 1, 2, 3, 4, 5, 6, 7, 8, 9, 10, 11, 12, 13, 14, 15, 16, 17, 18, 19, 20, 21, 22, 23, 24, 25, 26, 27, 28, 29, 30, 31
Valid weekdays: Saturday, Sunday
When: 23:30:00
Current Time: 2007-01-07 23:40:00
Valid Interval: 23:00:00-02:00:00
Valid days of month: 1, 2, 3, 4, 5, 6, 7, 8, 9, 10, 11, 12, 13, 14, 15, 16, 17, 18, 19, 20, 21, 22, 23, 24, 25, 26, 27, 28, 29, 30, 31
Valid weekdays: Saturday, Sunday
When: 23:30:00
Current Time: 2007-01-07 01:00:00
Valid Interval: 13:00:00-16:00:00
Valid days of month: 1, 2, 3, 4, 5, 6, 7, 8, 9, 10, 11, 12, 13, 14, 15, 16, 17, 18, 19, 20, 21, 22, 23, 24, 25, 26, 27, 28, 29, 30, 31
Valid weekdays: Saturday, Sunday
When: 14:00:00
Current Time: 2007-01-01 12:00:00
Valid Interval: 13:00:00-16:00:00
Valid days of month: 1, 2, 3, 4, 5, 6, 7, 8, 9, 10, 11, 12, 13, 14, 15, 16, 17, 18, 19, 20, 21, 22, 23, 24, 25, 26, 27, 28, 29, 30, 31
Valid weekdays: Saturday, Sunday
When: 14:00:00
Current Time: 2007-01-02 13:30:00
Valid Interval: 13:00:00-16:00:00
Valid days of month: 1, 2, 3, 4, 5, 6, 7, 8, 9, 10, 11, 12, 13, 14, 15, 16, 17, 18, 19, 20, 21, 22, 23, 24, 25, 26, 27, 28, 29, 30, 31
Valid weekdays: Saturday, Sunday
When: 14:00:00
Current Time: 2007-01-06 13:30:00
Valid Interval: 13:00:00-16:00:00
Valid days of month: 1, 2, 3, 4, 5, 6, 7, 8, 9, 10, 11, 12, 13, 14, 15, 16, 17, 18, 19, 20, 21, 22, 23, 24, 25, 26, 27, 28, 29, 30, 31
Valid weekdays: Saturday, Sunday
When: 14:00:00
Current Time: 2007-01-06 14:30:00
Valid Interval: 13:00:00-16:00:00
Valid days of month: 1, 2, 3, 4, 5, 6, 7, 8, 9, 10, 11, 12, 13, 14, 15, 16, 17, 18, 19, 20, 21, 22, 23, 24, 25, 26, 27, 28, 29, 30, 31
Valid weekdays: Saturday, Sunday
When: 14:00:00
Current Time: 2007-01-06 16:30:00
Valid Interval: 13:00:00-16:00:00
Valid days of month: 1, 2, 3, 4, 5, 6, 7, 8, 9, 10, 11, 12, 13, 14, 15, 16, 17, 18, 19, 20, 21, 22, 23, 24, 25, 26, 27, 28, 29, 30, 31
Valid weekdays: Saturday, Sunday
When: 14:00:00
Current Time: 2007-01-07 16:00:00
Valid Interval: 23:00:00-02:00:00
Valid days of month: 1, 2, 3, 4, 5, 6, 7, 8, 9, 10, 11, 12, 13, 14, 15, 16, 17, 18, 19, 20, 21, 22, 23, 24, 25, 26, 27, 28, 29, 30, 31
Valid weekdays: Saturday, Sunday
When: 01:00:00
Current Time: 2007-01-01 12:00:00
Valid Interval: 23:00:00-02:00:00
Valid days of month: 1, 2, 3, 4, 5, 6, 7, 8, 9, 10, 11, 12, 13, 14, 15, 16, 17, 18, 19, 20, 21, 22, 23, 24, 25, 26, 27, 28, 29, 30, 31
Valid weekdays: Saturday, Sunday
When: 01:00:00
Current Time: 2007-01-02 01:00:00
Valid Interval: 23:00:00-02:00:00
Valid days of month: 1, 2, 3, 4, 5, 6, 7, 8, 9, 10, 11, 12, 13, 14, 15, 16, 17, 18, 19, 20, 21, 22, 23, 24, 25, 26, 27, 28, 29, 30, 31
Valid weekdays: Saturday, Sunday
When: 01:00:00
Current Time: 2007-01-06 00:30:00
Valid Interval: 23:00:00-02:00:00
Valid days of month: 1, 2, 3, 4, 5, 6, 7, 8, 9, 10, 11, 12, 13, 14, 15, 16, 17, 18, 19, 20, 21, 22, 23, 24, 25, 26, 27, 28, 29, 30, 31
Valid weekdays: Saturday, Sunday
When: 01:00:00
Current Time: 2007-01-06 02:30:00
Valid Interval: 23:00:00-02:00:00
Valid days of month: 1, 2, 3, 4, 5, 6, 7, 8, 9, 10, 11, 12, 13, 14, 15, 16, 17, 18, 19, 20, 21, 22, 23, 24, 25, 26, 27, 28, 29, 30, 31
Valid weekdays: Saturday, Sunday
When: 23:30:00
Current Time: 2007-01-01 12:00:00
Valid Interval: 23:00:00-02:00:00
Valid days of month: 1, 2, 3, 4, 5, 6, 7, 8, 9, 10, 11, 12, 13, 14, 15, 16, 17, 18, 19, 20, 21, 22, 23, 24, 25, 26, 27, 28, 29, 30, 31
Valid weekdays: Saturday, Sunday
When: 23:30:00
Current Time: 2007-01-05 23:30:00
Valid Interval: 23:00:00-02:00:00
Valid days of month: 1, 2, 3, 4, 5, 6, 7, 8, 9, 10, 11, 12, 13, 14, 15, 16, 17, 18, 19, 20, 21, 22, 23, 24, 25, 26, 27, 28, 29, 30, 31
Valid weekdays: Saturday, Sunday
When: 23:30:00
Current Time: 2007-01-06 23:00:00
Valid Interval: 23:00:00-02:00:00
Valid days of month: 1, 2, 3, 4, 5, 6, 7, 8, 9, 10, 11, 12, 13, 14, 15, 16, 17, 18, 19, 20, 21, 22, 23, 24, 25, 26, 27, 28, 29, 30, 31
Valid weekdays: Saturday, Sunday
When: 23:30:00
Current Time: 2007-01-06 02:00:00
Valid Interval: 23:00:00-02:00:00
Valid days of month: 1, 2, 3, 4, 5, 6, 7, 8, 9, 10, 11, 12, 13, 14, 15, 16, 17, 18, 19, 20, 21, 22, 23, 24, 25, 26, 27, 28, 29, 30, 31
Valid weekdays: Saturday, Sunday
When: 23:30:00
Current Time: 2007-01-07 23:40:00
Valid Interval: 23:00:00-02:00:00
Valid days of month: 1, 2, 3, 4, 5, 6, 7, 8, 9, 10, 11, 12, 13, 14, 15, 16, 17, 18, 19, 20, 21, 22, 23, 24, 25, 26, 27, 28, 29, 30, 31
Valid weekdays: Saturday, Sunday
When: 23:30:00
Current Time: 2007-01-07 01:00:00
Valid Interval: 13:00:00-16:00:00
Valid days of month: 1, 2, 3, 4, 5, 6, 7, 8, 9, 10, 11, 12, 13, 14, 15, 16, 17, 18, 19, 20, 21, 22, 23, 24, 25, 26, 27, 28, 29, 30, 31
Valid weekdays: Saturday, Sunday
When: 14:00:00
Current Time: 2007-01-06 14:30:00
Valid Interval: 13:00:00-16:00:00
Valid days of month: 1, 2, 3, 4, 5, 6, 7, 8, 9, 10, 11, 12, 13, 14, 15, 16, 17, 18, 19, 20, 21, 22, 23, 24, 25, 26, 27, 28, 29, 30, 31
Valid weekdays: Saturday, Sunday
When: 14:00:00
Current Time: 2007-01-07 15:00:00
Valid Interval: 23:00:00-02:00:00
Valid days of month: 1, 2, 3, 4, 5, 6, 7, 8, 9, 10, 11, 12, 13, 14, 15, 16, 17, 18, 19, 20, 21, 22, 23, 24, 25, 26, 27, 28, 29, 30, 31
Valid weekdays: Saturday, Sunday
When: 01:00:00
Current Time: 2007-01-06 01:30:00
Valid Interval: 23:00:00-02:00:00
Valid days of month: 1, 2, 3, 4, 5, 6, 7, 8, 9, 10, 11, 12, 13, 14, 15, 16, 17, 18, 19, 20, 21, 22, 23, 24, 25, 26, 27, 28, 29, 30, 31
Valid weekdays: Saturday, Sunday
When: 01:00:00
Current Time: 2007-01-07 01:30:00
Valid Interval: 23:00:00-02:00:00
Valid days of month: 1, 2, 3, 4, 5, 6, 7, 8, 9, 10, 11, 12, 13, 14, 15, 16, 17, 18, 19, 20, 21, 22, 23, 24, 25, 26, 27, 28, 29, 30, 31
Valid weekdays: Saturday, Sunday
When: 23:30:00
Current Time: 2007-01-06 23:02:00
Valid Interval: 23:00:00-02:00:00
Valid days of month: 1, 2, 3, 4, 5, 6, 7, 8, 9, 10, 11, 12, 13, 14, 15, 16, 17, 18, 19, 20, 21, 22, 23, 24, 25, 26, 27, 28, 29, 30, 31
Valid weekdays: Saturday, Sunday
When: 23:30:00
Current Time: 2007-01-06 01:10:00
Valid Interval: 23:00:00-02:00:00
Valid days of month: 1, 2, 3, 4, 5, 6, 7, 8, 9, 10, 11, 12, 13, 14, 15, 16, 17, 18, 19, 20, 21, 22, 23, 24, 25, 26, 27, 28, 29, 30, 31
Valid weekdays: Saturday, Sunday
When: 23:30:00
Current Time: 2007-01-07 01:00:40
Valid Interval: 23:00:00-02:00:00
Valid days of month: 2
Valid weekdays: Saturday, Sunday
When: 23:30:00
Current Time: 2007-01-01 12:00:00
Valid Interval: 23:00:00-02:00:00
Valid days of month: 1, 2
Valid weekdays: Saturday, Sunday
When: 23:30:00
Current Time: 2007-01-05 23:30:00
Valid Interval: 23:00:00-02:00:00
Valid days of month: 1, 2
Valid weekdays: Saturday, Sunday
When: 23:30:00
Current Time: 2007-01-06 23:00:00</StdOut>
      </Output>
    </UnitTestResult>
    <UnitTestResult executionId="c6ba8f3d-4bfd-47af-a4bf-3d3a34f6ed6e" testId="2bcd1aed-b502-4a7c-8268-cdddf1811f0d" testName="GetNextTimeToTrigger_AbsoluteTimer_ReturnsCorrectTime (Data Row 52)" computerName="ICSWS068" duration="00:00:00.0038315" startTime="2016-08-04T07:57:22.8412313+02:00" endTime="2016-08-04T07:57:22.8449013+02:00" testType="13cdc9d9-ddb5-4fa4-a97d-d965ccfc6d4b" outcome="Passed" testListId="8c84fa94-04c1-424b-9868-57a2d4851a1d" relativeResultsDirectory="c6ba8f3d-4bfd-47af-a4bf-3d3a34f6ed6e">
      <Output>
        <StdOut>TestContext Messages:
Valid Interval: 11:00:00-13:00:00
Valid days of month: 1, 2, 3, 4, 5, 6, 7, 8, 9, 10, 11, 12, 13, 14, 15, 16, 17, 18, 19, 20, 21, 22, 23, 24, 25, 26, 27, 28, 29, 30, 31
Valid weekdays: Monday, Tuesday, Wednesday, Thursday, Friday, Saturday, Sunday
When: 12:00:00
Current Time: 2011-01-01 00:00:00
Valid Interval: 11:00:00-13:00:00
Valid days of month: 1, 2, 3, 4, 5, 6, 7, 8, 9, 10, 11, 12, 13, 14, 15, 16, 17, 18, 19, 20, 21, 22, 23, 24, 25, 26, 27, 28, 29, 30, 31
Valid weekdays: Monday, Tuesday, Wednesday, Thursday, Friday, Saturday, Sunday
When: 12:00:00
Current Time: 2011-01-01 09:00:00
Valid Interval: 11:00:00-13:00:00
Valid days of month: 1, 2, 3, 4, 5, 6, 7, 8, 9, 10, 11, 12, 13, 14, 15, 16, 17, 18, 19, 20, 21, 22, 23, 24, 25, 26, 27, 28, 29, 30, 31
Valid weekdays: Monday, Tuesday, Wednesday, Thursday, Friday, Saturday, Sunday
When: 12:00:00
Current Time: 2011-01-01 11:00:00
Valid Interval: 11:00:00-13:00:00
Valid days of month: 1, 2, 3, 4, 5, 6, 7, 8, 9, 10, 11, 12, 13, 14, 15, 16, 17, 18, 19, 20, 21, 22, 23, 24, 25, 26, 27, 28, 29, 30, 31
Valid weekdays: Monday, Tuesday, Wednesday, Thursday, Friday, Saturday, Sunday
When: 12:00:00
Current Time: 2011-01-01 12:00:00
Valid Interval: 11:00:00-13:00:00
Valid days of month: 1, 2, 3, 4, 5, 6, 7, 8, 9, 10, 11, 12, 13, 14, 15, 16, 17, 18, 19, 20, 21, 22, 23, 24, 25, 26, 27, 28, 29, 30, 31
Valid weekdays: Monday, Tuesday, Wednesday, Thursday, Friday, Saturday, Sunday
When: 12:00:00
Current Time: 2011-01-01 12:30:00
Valid Interval: 11:00:00-13:00:00
Valid days of month: 1, 2, 3, 4, 5, 6, 7, 8, 9, 10, 11, 12, 13, 14, 15, 16, 17, 18, 19, 20, 21, 22, 23, 24, 25, 26, 27, 28, 29, 30, 31
Valid weekdays: Monday, Tuesday, Wednesday, Thursday, Friday, Saturday, Sunday
When: 12:00:00
Current Time: 2011-01-01 13:00:00
Valid Interval: 11:00:00-13:00:00
Valid days of month: 1, 2, 3, 4, 5, 6, 7, 8, 9, 10, 11, 12, 13, 14, 15, 16, 17, 18, 19, 20, 21, 22, 23, 24, 25, 26, 27, 28, 29, 30, 31
Valid weekdays: Monday, Tuesday, Wednesday, Thursday, Friday, Saturday, Sunday
When: 12:00:00
Current Time: 2011-01-02 00:00:00
Valid Interval: 11:00:00-13:00:00
Valid days of month: 1, 2, 3, 4, 5, 6, 7, 8, 9, 10, 11, 12, 13, 14, 15, 16, 17, 18, 19, 20, 21, 22, 23, 24, 25, 26, 27, 28, 29, 30, 31
Valid weekdays: Monday, Tuesday, Wednesday, Thursday, Friday, Saturday, Sunday
When: 12:00:00
Current Time: 2011-01-02 09:00:00
Valid Interval: 11:00:00-13:00:00
Valid days of month: 1, 2, 3, 4, 5, 6, 7, 8, 9, 10, 11, 12, 13, 14, 15, 16, 17, 18, 19, 20, 21, 22, 23, 24, 25, 26, 27, 28, 29, 30, 31
Valid weekdays: Monday, Tuesday, Wednesday, Thursday, Friday, Saturday, Sunday
When: 12:00:00
Current Time: 2011-01-02 12:00:00
Valid Interval: 11:00:00-13:00:00
Valid days of month: 1, 2, 3, 4, 5, 6, 7, 8, 9, 10, 11, 12, 13, 14, 15, 16, 17, 18, 19, 20, 21, 22, 23, 24, 25, 26, 27, 28, 29, 30, 31
Valid weekdays: Monday, Tuesday, Wednesday, Thursday, Friday, Saturday, Sunday
When: 12:00:00
Current Time: 2011-01-02 12:45:30
Valid Interval: 11:00:00-13:00:00
Valid days of month: 1, 2, 3, 4, 5, 6, 7, 8, 9, 10, 11, 12, 13, 14, 15, 16, 17, 18, 19, 20, 21, 22, 23, 24, 25, 26, 27, 28, 29, 30, 31
Valid weekdays: Monday, Tuesday, Wednesday, Thursday, Friday, Saturday, Sunday
When: 12:00:00
Current Time: 2011-01-02 13:00:00
Valid Interval: 11:00:00-13:00:00
Valid days of month: 1, 2, 3, 4, 5, 6, 7, 8, 9, 10, 11, 12, 13, 14, 15, 16, 17, 18, 19, 20, 21, 22, 23, 24, 25, 26, 27, 28, 29, 30, 31
Valid weekdays: Monday, Tuesday, Wednesday, Thursday, Friday, Saturday, Sunday
When: 12:00:00
Current Time: 2011-01-01 12:00:00
Valid Interval: 11:00:00-13:00:00
Valid days of month: 1, 2, 3, 4, 5, 6, 7, 8, 9, 10, 11, 12, 13, 14, 15, 16, 17, 18, 19, 20, 21, 22, 23, 24, 25, 26, 27, 28, 29, 30, 31
Valid weekdays: Monday, Tuesday, Wednesday, Thursday, Friday, Saturday, Sunday
When: 12:00:00
Current Time: 2011-01-01 12:30:00
Valid Interval: 11:00:00-13:00:00
Valid days of month: 1, 2, 3, 4, 5, 6, 7, 8, 9, 10, 11, 12, 13, 14, 15, 16, 17, 18, 19, 20, 21, 22, 23, 24, 25, 26, 27, 28, 29, 30, 31
Valid weekdays: Monday, Tuesday, Wednesday, Thursday, Friday, Saturday, Sunday
When: 12:00:00
Current Time: 2011-01-01 12:30:00
Valid Interval: 11:00:00-13:00:00
Valid days of month: 1, 2, 3, 4, 5, 6, 7, 8, 9, 10, 11, 12, 13, 14, 15, 16, 17, 18, 19, 20, 21, 22, 23, 24, 25, 26, 27, 28, 29, 30, 31
Valid weekdays: Monday, Tuesday, Wednesday, Thursday, Friday, Saturday, Sunday
When: 12:00:00
Current Time: 2011-01-01 13:00:00
Valid Interval: 11:00:00-13:00:00
Valid days of month: 1, 2, 3, 4, 5, 6, 7, 8, 9, 10, 11, 12, 13, 14, 15, 16, 17, 18, 19, 20, 21, 22, 23, 24, 25, 26, 27, 28, 29, 30, 31
Valid weekdays: Monday, Tuesday, Wednesday, Thursday, Friday, Saturday, Sunday
When: 12:00:00
Current Time: 2011-01-01 14:30:00
Valid Interval: 23:00:00-13:00:00
Valid days of month: 1, 2, 3, 4, 5, 6, 7, 8, 9, 10, 11, 12, 13, 14, 15, 16, 17, 18, 19, 20, 21, 22, 23, 24, 25, 26, 27, 28, 29, 30, 31
Valid weekdays: Monday, Tuesday, Wednesday, Thursday, Friday, Saturday, Sunday
When: 23:30:00
Current Time: 2011-01-01 16:00:00
Valid Interval: 23:00:00-13:00:00
Valid days of month: 1, 2, 3, 4, 5, 6, 7, 8, 9, 10, 11, 12, 13, 14, 15, 16, 17, 18, 19, 20, 21, 22, 23, 24, 25, 26, 27, 28, 29, 30, 31
Valid weekdays: Monday, Tuesday, Wednesday, Thursday, Friday, Saturday, Sunday
When: 23:30:00
Current Time: 2011-01-01 23:00:00
Valid Interval: 23:00:00-13:00:00
Valid days of month: 1, 2, 3, 4, 5, 6, 7, 8, 9, 10, 11, 12, 13, 14, 15, 16, 17, 18, 19, 20, 21, 22, 23, 24, 25, 26, 27, 28, 29, 30, 31
Valid weekdays: Monday, Tuesday, Wednesday, Thursday, Friday, Saturday, Sunday
When: 23:30:00
Current Time: 2011-01-01 23:30:00
Valid Interval: 23:00:00-13:00:00
Valid days of month: 1, 2, 3, 4, 5, 6, 7, 8, 9, 10, 11, 12, 13, 14, 15, 16, 17, 18, 19, 20, 21, 22, 23, 24, 25, 26, 27, 28, 29, 30, 31
Valid weekdays: Monday, Tuesday, Wednesday, Thursday, Friday, Saturday, Sunday
When: 23:30:00
Current Time: 2011-01-01 23:45:00
Valid Interval: 23:00:00-13:00:00
Valid days of month: 1, 2, 3, 4, 5, 6, 7, 8, 9, 10, 11, 12, 13, 14, 15, 16, 17, 18, 19, 20, 21, 22, 23, 24, 25, 26, 27, 28, 29, 30, 31
Valid weekdays: Monday, Tuesday, Wednesday, Thursday, Friday, Saturday, Sunday
When: 23:30:00
Current Time: 2011-01-02 00:30:00
Valid Interval: 23:00:00-13:00:00
Valid days of month: 1, 2, 3, 4, 5, 6, 7, 8, 9, 10, 11, 12, 13, 14, 15, 16, 17, 18, 19, 20, 21, 22, 23, 24, 25, 26, 27, 28, 29, 30, 31
Valid weekdays: Monday, Tuesday, Wednesday, Thursday, Friday, Saturday, Sunday
When: 23:30:00
Current Time: 2011-01-01 13:00:00
Valid Interval: 23:00:00-13:00:00
Valid days of month: 1, 2, 3, 4, 5, 6, 7, 8, 9, 10, 11, 12, 13, 14, 15, 16, 17, 18, 19, 20, 21, 22, 23, 24, 25, 26, 27, 28, 29, 30, 31
Valid weekdays: Monday, Tuesday, Wednesday, Thursday, Friday, Saturday, Sunday
When: 01:00:00
Current Time: 2011-01-01 16:00:00
Valid Interval: 23:00:00-13:00:00
Valid days of month: 1, 2, 3, 4, 5, 6, 7, 8, 9, 10, 11, 12, 13, 14, 15, 16, 17, 18, 19, 20, 21, 22, 23, 24, 25, 26, 27, 28, 29, 30, 31
Valid weekdays: Monday, Tuesday, Wednesday, Thursday, Friday, Saturday, Sunday
When: 01:00:00
Current Time: 2011-01-01 23:00:00
Valid Interval: 23:00:00-13:00:00
Valid days of month: 1, 2, 3, 4, 5, 6, 7, 8, 9, 10, 11, 12, 13, 14, 15, 16, 17, 18, 19, 20, 21, 22, 23, 24, 25, 26, 27, 28, 29, 30, 31
Valid weekdays: Monday, Tuesday, Wednesday, Thursday, Friday, Saturday, Sunday
When: 01:00:00
Current Time: 2011-01-01 23:30:00
Valid Interval: 23:00:00-13:00:00
Valid days of month: 1, 2, 3, 4, 5, 6, 7, 8, 9, 10, 11, 12, 13, 14, 15, 16, 17, 18, 19, 20, 21, 22, 23, 24, 25, 26, 27, 28, 29, 30, 31
Valid weekdays: Monday, Tuesday, Wednesday, Thursday, Friday, Saturday, Sunday
When: 01:00:00
Current Time: 2011-01-02 00:30:00
Valid Interval: 23:00:00-13:00:00
Valid days of month: 1, 2, 3, 4, 5, 6, 7, 8, 9, 10, 11, 12, 13, 14, 15, 16, 17, 18, 19, 20, 21, 22, 23, 24, 25, 26, 27, 28, 29, 30, 31
Valid weekdays: Monday, Tuesday, Wednesday, Thursday, Friday, Saturday, Sunday
When: 01:00:00
Current Time: 2011-01-01 02:00:00
Valid Interval: 23:00:00-13:00:00
Valid days of month: 1, 2, 3, 4, 5, 6, 7, 8, 9, 10, 11, 12, 13, 14, 15, 16, 17, 18, 19, 20, 21, 22, 23, 24, 25, 26, 27, 28, 29, 30, 31
Valid weekdays: Monday, Tuesday, Wednesday, Thursday, Friday, Saturday, Sunday
When: 01:00:00
Current Time: 2011-01-01 13:00:00
Valid Interval: 23:00:00-13:00:00
Valid days of month: 1, 2, 3, 4, 5, 6, 7, 8, 9, 10, 11, 12, 13, 14, 15, 16, 17, 18, 19, 20, 21, 22, 23, 24, 25, 26, 27, 28, 29, 30, 31
Valid weekdays: Monday, Tuesday, Wednesday, Thursday, Friday, Saturday, Sunday
When: 23:30:00
Current Time: 2011-01-01 16:00:00
Valid Interval: 23:00:00-13:00:00
Valid days of month: 1, 2, 3, 4, 5, 6, 7, 8, 9, 10, 11, 12, 13, 14, 15, 16, 17, 18, 19, 20, 21, 22, 23, 24, 25, 26, 27, 28, 29, 30, 31
Valid weekdays: Monday, Tuesday, Wednesday, Thursday, Friday, Saturday, Sunday
When: 23:30:00
Current Time: 2011-01-01 23:00:00
Valid Interval: 23:00:00-13:00:00
Valid days of month: 1, 2, 3, 4, 5, 6, 7, 8, 9, 10, 11, 12, 13, 14, 15, 16, 17, 18, 19, 20, 21, 22, 23, 24, 25, 26, 27, 28, 29, 30, 31
Valid weekdays: Monday, Tuesday, Wednesday, Thursday, Friday, Saturday, Sunday
When: 23:30:00
Current Time: 2011-01-01 23:30:00
Valid Interval: 23:00:00-13:00:00
Valid days of month: 1, 2, 3, 4, 5, 6, 7, 8, 9, 10, 11, 12, 13, 14, 15, 16, 17, 18, 19, 20, 21, 22, 23, 24, 25, 26, 27, 28, 29, 30, 31
Valid weekdays: Monday, Tuesday, Wednesday, Thursday, Friday, Saturday, Sunday
When: 23:30:00
Current Time: 2011-01-01 23:45:00
Valid Interval: 23:00:00-13:00:00
Valid days of month: 1, 2, 3, 4, 5, 6, 7, 8, 9, 10, 11, 12, 13, 14, 15, 16, 17, 18, 19, 20, 21, 22, 23, 24, 25, 26, 27, 28, 29, 30, 31
Valid weekdays: Monday, Tuesday, Wednesday, Thursday, Friday, Saturday, Sunday
When: 23:30:00
Current Time: 2011-01-02 00:30:00
Valid Interval: 23:00:00-13:00:00
Valid days of month: 1, 2, 3, 4, 5, 6, 7, 8, 9, 10, 11, 12, 13, 14, 15, 16, 17, 18, 19, 20, 21, 22, 23, 24, 25, 26, 27, 28, 29, 30, 31
Valid weekdays: Monday, Tuesday, Wednesday, Thursday, Friday, Saturday, Sunday
When: 23:30:00
Current Time: 2011-01-01 13:00:00
Valid Interval: 23:00:00-13:00:00
Valid days of month: 1, 2, 3, 4, 5, 6, 7, 8, 9, 10, 11, 12, 13, 14, 15, 16, 17, 18, 19, 20, 21, 22, 23, 24, 25, 26, 27, 28, 29, 30, 31
Valid weekdays: Monday, Tuesday, Wednesday, Thursday, Friday, Saturday, Sunday
When: 01:00:00
Current Time: 2011-01-01 16:00:00
Valid Interval: 23:00:00-13:00:00
Valid days of month: 1, 2, 3, 4, 5, 6, 7, 8, 9, 10, 11, 12, 13, 14, 15, 16, 17, 18, 19, 20, 21, 22, 23, 24, 25, 26, 27, 28, 29, 30, 31
Valid weekdays: Monday, Tuesday, Wednesday, Thursday, Friday, Saturday, Sunday
When: 01:00:00
Current Time: 2011-01-01 23:00:00
Valid Interval: 23:00:00-13:00:00
Valid days of month: 1, 2, 3, 4, 5, 6, 7, 8, 9, 10, 11, 12, 13, 14, 15, 16, 17, 18, 19, 20, 21, 22, 23, 24, 25, 26, 27, 28, 29, 30, 31
Valid weekdays: Monday, Tuesday, Wednesday, Thursday, Friday, Saturday, Sunday
When: 01:00:00
Current Time: 2011-01-01 23:30:00
Valid Interval: 23:00:00-13:00:00
Valid days of month: 1, 2, 3, 4, 5, 6, 7, 8, 9, 10, 11, 12, 13, 14, 15, 16, 17, 18, 19, 20, 21, 22, 23, 24, 25, 26, 27, 28, 29, 30, 31
Valid weekdays: Monday, Tuesday, Wednesday, Thursday, Friday, Saturday, Sunday
When: 01:00:00
Current Time: 2011-01-02 00:30:00
Valid Interval: 23:00:00-13:00:00
Valid days of month: 1, 2, 3, 4, 5, 6, 7, 8, 9, 10, 11, 12, 13, 14, 15, 16, 17, 18, 19, 20, 21, 22, 23, 24, 25, 26, 27, 28, 29, 30, 31
Valid weekdays: Monday, Tuesday, Wednesday, Thursday, Friday, Saturday, Sunday
When: 01:00:00
Current Time: 2011-01-02 02:00:00
Valid Interval: 23:00:00-13:00:00
Valid days of month: 1, 2, 3, 4, 5, 6, 7, 8, 9, 10, 11, 12, 13, 14, 15, 16, 17, 18, 19, 20, 21, 22, 23, 24, 25, 26, 27, 28, 29, 30, 31
Valid weekdays: Monday, Tuesday, Wednesday, Thursday, Friday, Saturday, Sunday
When: 01:00:00
Current Time: 2011-01-02 13:00:00
Valid Interval: 23:00:00-13:00:00
Valid days of month: 1, 2, 3, 4, 5, 6, 7, 8, 9, 10, 11, 12, 13, 14, 15, 16, 17, 18, 19, 20, 21, 22, 23, 24, 25, 26, 27, 28, 29, 30, 31
Valid weekdays: Monday, Tuesday, Wednesday, Thursday, Friday, Saturday, Sunday
When: 23:30:00
Current Time: 2011-01-01 23:30:05
Valid Interval: 23:00:00-13:00:00
Valid days of month: 1, 2, 3, 4, 5, 6, 7, 8, 9, 10, 11, 12, 13, 14, 15, 16, 17, 18, 19, 20, 21, 22, 23, 24, 25, 26, 27, 28, 29, 30, 31
Valid weekdays: Monday, Tuesday, Wednesday, Thursday, Friday, Saturday, Sunday
When: 23:30:00
Current Time: 2011-01-02 00:30:00
Valid Interval: 23:00:00-13:00:00
Valid days of month: 1, 2, 3, 4, 5, 6, 7, 8, 9, 10, 11, 12, 13, 14, 15, 16, 17, 18, 19, 20, 21, 22, 23, 24, 25, 26, 27, 28, 29, 30, 31
Valid weekdays: Monday, Tuesday, Wednesday, Thursday, Friday, Saturday, Sunday
When: 23:30:00
Current Time: 2011-01-02 13:00:00
Valid Interval: 23:00:00-13:00:00
Valid days of month: 1, 2, 3, 4, 5, 6, 7, 8, 9, 10, 11, 12, 13, 14, 15, 16, 17, 18, 19, 20, 21, 22, 23, 24, 25, 26, 27, 28, 29, 30, 31
Valid weekdays: Monday, Tuesday, Wednesday, Thursday, Friday, Saturday, Sunday
When: 01:00:00
Current Time: 2011-01-01 02:00:00
Valid Interval: 23:00:00-13:00:00
Valid days of month: 1, 2, 3, 4, 5, 6, 7, 8, 9, 10, 11, 12, 13, 14, 15, 16, 17, 18, 19, 20, 21, 22, 23, 24, 25, 26, 27, 28, 29, 30, 31
Valid weekdays: Monday, Tuesday, Wednesday, Thursday, Friday, Saturday, Sunday
When: 01:00:00
Current Time: 2011-01-02 02:00:00
Valid Interval: 13:00:00-16:00:00
Valid days of month: 1, 2, 3, 4, 5, 6, 7, 8, 9, 10, 11, 12, 13, 14, 15, 16, 17, 18, 19, 20, 21, 22, 23, 24, 25, 26, 27, 28, 29, 30, 31
Valid weekdays: Saturday, Sunday
When: 14:00:00
Current Time: 2007-01-01 12:00:00
Valid Interval: 13:00:00-16:00:00
Valid days of month: 1, 2, 3, 4, 5, 6, 7, 8, 9, 10, 11, 12, 13, 14, 15, 16, 17, 18, 19, 20, 21, 22, 23, 24, 25, 26, 27, 28, 29, 30, 31
Valid weekdays: Saturday, Sunday
When: 14:00:00
Current Time: 2007-01-02 13:30:00
Valid Interval: 13:00:00-16:00:00
Valid days of month: 1, 2, 3, 4, 5, 6, 7, 8, 9, 10, 11, 12, 13, 14, 15, 16, 17, 18, 19, 20, 21, 22, 23, 24, 25, 26, 27, 28, 29, 30, 31
Valid weekdays: Saturday, Sunday
When: 14:00:00
Current Time: 2007-01-06 13:30:00
Valid Interval: 13:00:00-16:00:00
Valid days of month: 1, 2, 3, 4, 5, 6, 7, 8, 9, 10, 11, 12, 13, 14, 15, 16, 17, 18, 19, 20, 21, 22, 23, 24, 25, 26, 27, 28, 29, 30, 31
Valid weekdays: Saturday, Sunday
When: 14:00:00
Current Time: 2007-01-06 14:30:00
Valid Interval: 13:00:00-16:00:00
Valid days of month: 1, 2, 3, 4, 5, 6, 7, 8, 9, 10, 11, 12, 13, 14, 15, 16, 17, 18, 19, 20, 21, 22, 23, 24, 25, 26, 27, 28, 29, 30, 31
Valid weekdays: Saturday, Sunday
When: 14:00:00
Current Time: 2007-01-06 16:30:00
Valid Interval: 13:00:00-16:00:00
Valid days of month: 1, 2, 3, 4, 5, 6, 7, 8, 9, 10, 11, 12, 13, 14, 15, 16, 17, 18, 19, 20, 21, 22, 23, 24, 25, 26, 27, 28, 29, 30, 31
Valid weekdays: Saturday, Sunday
When: 14:00:00
Current Time: 2007-01-07 16:00:00
Valid Interval: 23:00:00-02:00:00
Valid days of month: 1, 2, 3, 4, 5, 6, 7, 8, 9, 10, 11, 12, 13, 14, 15, 16, 17, 18, 19, 20, 21, 22, 23, 24, 25, 26, 27, 28, 29, 30, 31
Valid weekdays: Saturday, Sunday
When: 01:00:00
Current Time: 2007-01-01 12:00:00
Valid Interval: 23:00:00-02:00:00
Valid days of month: 1, 2, 3, 4, 5, 6, 7, 8, 9, 10, 11, 12, 13, 14, 15, 16, 17, 18, 19, 20, 21, 22, 23, 24, 25, 26, 27, 28, 29, 30, 31
Valid weekdays: Saturday, Sunday
When: 01:00:00
Current Time: 2007-01-02 01:00:00
Valid Interval: 23:00:00-02:00:00
Valid days of month: 1, 2, 3, 4, 5, 6, 7, 8, 9, 10, 11, 12, 13, 14, 15, 16, 17, 18, 19, 20, 21, 22, 23, 24, 25, 26, 27, 28, 29, 30, 31
Valid weekdays: Saturday, Sunday
When: 01:00:00
Current Time: 2007-01-06 00:30:00
Valid Interval: 23:00:00-02:00:00
Valid days of month: 1, 2, 3, 4, 5, 6, 7, 8, 9, 10, 11, 12, 13, 14, 15, 16, 17, 18, 19, 20, 21, 22, 23, 24, 25, 26, 27, 28, 29, 30, 31
Valid weekdays: Saturday, Sunday
When: 01:00:00
Current Time: 2007-01-06 01:30:00
Valid Interval: 23:00:00-02:00:00
Valid days of month: 1, 2, 3, 4, 5, 6, 7, 8, 9, 10, 11, 12, 13, 14, 15, 16, 17, 18, 19, 20, 21, 22, 23, 24, 25, 26, 27, 28, 29, 30, 31
Valid weekdays: Saturday, Sunday
When: 01:00:00
Current Time: 2007-01-06 02:30:00
Valid Interval: 23:00:00-02:00:00
Valid days of month: 1, 2, 3, 4, 5, 6, 7, 8, 9, 10, 11, 12, 13, 14, 15, 16, 17, 18, 19, 20, 21, 22, 23, 24, 25, 26, 27, 28, 29, 30, 31
Valid weekdays: Saturday, Sunday
When: 01:00:00
Current Time: 2007-01-07 02:00:00
Valid Interval: 23:00:00-02:00:00
Valid days of month: 1, 2, 3, 4, 5, 6, 7, 8, 9, 10, 11, 12, 13, 14, 15, 16, 17, 18, 19, 20, 21, 22, 23, 24, 25, 26, 27, 28, 29, 30, 31
Valid weekdays: Saturday, Sunday
When: 23:30:00
Current Time: 2007-01-01 12:00:00
Valid Interval: 23:00:00-02:00:00
Valid days of month: 1, 2, 3, 4, 5, 6, 7, 8, 9, 10, 11, 12, 13, 14, 15, 16, 17, 18, 19, 20, 21, 22, 23, 24, 25, 26, 27, 28, 29, 30, 31
Valid weekdays: Saturday, Sunday
When: 23:30:00
Current Time: 2007-01-05 23:30:00
Valid Interval: 23:00:00-02:00:00
Valid days of month: 1, 2, 3, 4, 5, 6, 7, 8, 9, 10, 11, 12, 13, 14, 15, 16, 17, 18, 19, 20, 21, 22, 23, 24, 25, 26, 27, 28, 29, 30, 31
Valid weekdays: Saturday, Sunday
When: 23:30:00
Current Time: 2007-01-06 23:00:00
Valid Interval: 23:00:00-02:00:00
Valid days of month: 1, 2, 3, 4, 5, 6, 7, 8, 9, 10, 11, 12, 13, 14, 15, 16, 17, 18, 19, 20, 21, 22, 23, 24, 25, 26, 27, 28, 29, 30, 31
Valid weekdays: Saturday, Sunday
When: 23:30:00
Current Time: 2007-01-06 02:00:00
Valid Interval: 23:00:00-02:00:00
Valid days of month: 1, 2, 3, 4, 5, 6, 7, 8, 9, 10, 11, 12, 13, 14, 15, 16, 17, 18, 19, 20, 21, 22, 23, 24, 25, 26, 27, 28, 29, 30, 31
Valid weekdays: Saturday, Sunday
When: 23:30:00
Current Time: 2007-01-07 23:40:00
Valid Interval: 23:00:00-02:00:00
Valid days of month: 1, 2, 3, 4, 5, 6, 7, 8, 9, 10, 11, 12, 13, 14, 15, 16, 17, 18, 19, 20, 21, 22, 23, 24, 25, 26, 27, 28, 29, 30, 31
Valid weekdays: Saturday, Sunday
When: 23:30:00
Current Time: 2007-01-07 01:00:00
Valid Interval: 13:00:00-16:00:00
Valid days of month: 1, 2, 3, 4, 5, 6, 7, 8, 9, 10, 11, 12, 13, 14, 15, 16, 17, 18, 19, 20, 21, 22, 23, 24, 25, 26, 27, 28, 29, 30, 31
Valid weekdays: Saturday, Sunday
When: 14:00:00
Current Time: 2007-01-01 12:00:00
Valid Interval: 13:00:00-16:00:00
Valid days of month: 1, 2, 3, 4, 5, 6, 7, 8, 9, 10, 11, 12, 13, 14, 15, 16, 17, 18, 19, 20, 21, 22, 23, 24, 25, 26, 27, 28, 29, 30, 31
Valid weekdays: Saturday, Sunday
When: 14:00:00
Current Time: 2007-01-02 13:30:00
Valid Interval: 13:00:00-16:00:00
Valid days of month: 1, 2, 3, 4, 5, 6, 7, 8, 9, 10, 11, 12, 13, 14, 15, 16, 17, 18, 19, 20, 21, 22, 23, 24, 25, 26, 27, 28, 29, 30, 31
Valid weekdays: Saturday, Sunday
When: 14:00:00
Current Time: 2007-01-06 13:30:00
Valid Interval: 13:00:00-16:00:00
Valid days of month: 1, 2, 3, 4, 5, 6, 7, 8, 9, 10, 11, 12, 13, 14, 15, 16, 17, 18, 19, 20, 21, 22, 23, 24, 25, 26, 27, 28, 29, 30, 31
Valid weekdays: Saturday, Sunday
When: 14:00:00
Current Time: 2007-01-06 14:30:00
Valid Interval: 13:00:00-16:00:00
Valid days of month: 1, 2, 3, 4, 5, 6, 7, 8, 9, 10, 11, 12, 13, 14, 15, 16, 17, 18, 19, 20, 21, 22, 23, 24, 25, 26, 27, 28, 29, 30, 31
Valid weekdays: Saturday, Sunday
When: 14:00:00
Current Time: 2007-01-06 16:30:00
Valid Interval: 13:00:00-16:00:00
Valid days of month: 1, 2, 3, 4, 5, 6, 7, 8, 9, 10, 11, 12, 13, 14, 15, 16, 17, 18, 19, 20, 21, 22, 23, 24, 25, 26, 27, 28, 29, 30, 31
Valid weekdays: Saturday, Sunday
When: 14:00:00
Current Time: 2007-01-07 16:00:00
Valid Interval: 23:00:00-02:00:00
Valid days of month: 1, 2, 3, 4, 5, 6, 7, 8, 9, 10, 11, 12, 13, 14, 15, 16, 17, 18, 19, 20, 21, 22, 23, 24, 25, 26, 27, 28, 29, 30, 31
Valid weekdays: Saturday, Sunday
When: 01:00:00
Current Time: 2007-01-01 12:00:00
Valid Interval: 23:00:00-02:00:00
Valid days of month: 1, 2, 3, 4, 5, 6, 7, 8, 9, 10, 11, 12, 13, 14, 15, 16, 17, 18, 19, 20, 21, 22, 23, 24, 25, 26, 27, 28, 29, 30, 31
Valid weekdays: Saturday, Sunday
When: 01:00:00
Current Time: 2007-01-02 01:00:00
Valid Interval: 23:00:00-02:00:00
Valid days of month: 1, 2, 3, 4, 5, 6, 7, 8, 9, 10, 11, 12, 13, 14, 15, 16, 17, 18, 19, 20, 21, 22, 23, 24, 25, 26, 27, 28, 29, 30, 31
Valid weekdays: Saturday, Sunday
When: 01:00:00
Current Time: 2007-01-06 00:30:00
Valid Interval: 23:00:00-02:00:00
Valid days of month: 1, 2, 3, 4, 5, 6, 7, 8, 9, 10, 11, 12, 13, 14, 15, 16, 17, 18, 19, 20, 21, 22, 23, 24, 25, 26, 27, 28, 29, 30, 31
Valid weekdays: Saturday, Sunday
When: 01:00:00
Current Time: 2007-01-06 02:30:00
Valid Interval: 23:00:00-02:00:00
Valid days of month: 1, 2, 3, 4, 5, 6, 7, 8, 9, 10, 11, 12, 13, 14, 15, 16, 17, 18, 19, 20, 21, 22, 23, 24, 25, 26, 27, 28, 29, 30, 31
Valid weekdays: Saturday, Sunday
When: 23:30:00
Current Time: 2007-01-01 12:00:00
Valid Interval: 23:00:00-02:00:00
Valid days of month: 1, 2, 3, 4, 5, 6, 7, 8, 9, 10, 11, 12, 13, 14, 15, 16, 17, 18, 19, 20, 21, 22, 23, 24, 25, 26, 27, 28, 29, 30, 31
Valid weekdays: Saturday, Sunday
When: 23:30:00
Current Time: 2007-01-05 23:30:00
Valid Interval: 23:00:00-02:00:00
Valid days of month: 1, 2, 3, 4, 5, 6, 7, 8, 9, 10, 11, 12, 13, 14, 15, 16, 17, 18, 19, 20, 21, 22, 23, 24, 25, 26, 27, 28, 29, 30, 31
Valid weekdays: Saturday, Sunday
When: 23:30:00
Current Time: 2007-01-06 23:00:00
Valid Interval: 23:00:00-02:00:00
Valid days of month: 1, 2, 3, 4, 5, 6, 7, 8, 9, 10, 11, 12, 13, 14, 15, 16, 17, 18, 19, 20, 21, 22, 23, 24, 25, 26, 27, 28, 29, 30, 31
Valid weekdays: Saturday, Sunday
When: 23:30:00
Current Time: 2007-01-06 02:00:00
Valid Interval: 23:00:00-02:00:00
Valid days of month: 1, 2, 3, 4, 5, 6, 7, 8, 9, 10, 11, 12, 13, 14, 15, 16, 17, 18, 19, 20, 21, 22, 23, 24, 25, 26, 27, 28, 29, 30, 31
Valid weekdays: Saturday, Sunday
When: 23:30:00
Current Time: 2007-01-07 23:40:00
Valid Interval: 23:00:00-02:00:00
Valid days of month: 1, 2, 3, 4, 5, 6, 7, 8, 9, 10, 11, 12, 13, 14, 15, 16, 17, 18, 19, 20, 21, 22, 23, 24, 25, 26, 27, 28, 29, 30, 31
Valid weekdays: Saturday, Sunday
When: 23:30:00
Current Time: 2007-01-07 01:00:00
Valid Interval: 13:00:00-16:00:00
Valid days of month: 1, 2, 3, 4, 5, 6, 7, 8, 9, 10, 11, 12, 13, 14, 15, 16, 17, 18, 19, 20, 21, 22, 23, 24, 25, 26, 27, 28, 29, 30, 31
Valid weekdays: Saturday, Sunday
When: 14:00:00
Current Time: 2007-01-06 14:30:00
Valid Interval: 13:00:00-16:00:00
Valid days of month: 1, 2, 3, 4, 5, 6, 7, 8, 9, 10, 11, 12, 13, 14, 15, 16, 17, 18, 19, 20, 21, 22, 23, 24, 25, 26, 27, 28, 29, 30, 31
Valid weekdays: Saturday, Sunday
When: 14:00:00
Current Time: 2007-01-07 15:00:00
Valid Interval: 23:00:00-02:00:00
Valid days of month: 1, 2, 3, 4, 5, 6, 7, 8, 9, 10, 11, 12, 13, 14, 15, 16, 17, 18, 19, 20, 21, 22, 23, 24, 25, 26, 27, 28, 29, 30, 31
Valid weekdays: Saturday, Sunday
When: 01:00:00
Current Time: 2007-01-06 01:30:00
Valid Interval: 23:00:00-02:00:00
Valid days of month: 1, 2, 3, 4, 5, 6, 7, 8, 9, 10, 11, 12, 13, 14, 15, 16, 17, 18, 19, 20, 21, 22, 23, 24, 25, 26, 27, 28, 29, 30, 31
Valid weekdays: Saturday, Sunday
When: 01:00:00
Current Time: 2007-01-07 01:30:00
Valid Interval: 23:00:00-02:00:00
Valid days of month: 1, 2, 3, 4, 5, 6, 7, 8, 9, 10, 11, 12, 13, 14, 15, 16, 17, 18, 19, 20, 21, 22, 23, 24, 25, 26, 27, 28, 29, 30, 31
Valid weekdays: Saturday, Sunday
When: 23:30:00
Current Time: 2007-01-06 23:02:00
Valid Interval: 23:00:00-02:00:00
Valid days of month: 1, 2, 3, 4, 5, 6, 7, 8, 9, 10, 11, 12, 13, 14, 15, 16, 17, 18, 19, 20, 21, 22, 23, 24, 25, 26, 27, 28, 29, 30, 31
Valid weekdays: Saturday, Sunday
When: 23:30:00
Current Time: 2007-01-06 01:10:00
Valid Interval: 23:00:00-02:00:00
Valid days of month: 1, 2, 3, 4, 5, 6, 7, 8, 9, 10, 11, 12, 13, 14, 15, 16, 17, 18, 19, 20, 21, 22, 23, 24, 25, 26, 27, 28, 29, 30, 31
Valid weekdays: Saturday, Sunday
When: 23:30:00
Current Time: 2007-01-07 01:00:40
Valid Interval: 23:00:00-02:00:00
Valid days of month: 2
Valid weekdays: Saturday, Sunday
When: 23:30:00
Current Time: 2007-01-01 12:00:00
Valid Interval: 23:00:00-02:00:00
Valid days of month: 1, 2
Valid weekdays: Saturday, Sunday
When: 23:30:00
Current Time: 2007-01-05 23:30:00
Valid Interval: 23:00:00-02:00:00
Valid days of month: 1, 2
Valid weekdays: Saturday, Sunday
When: 23:30:00
Current Time: 2007-01-06 23:00:00</StdOut>
      </Output>
    </UnitTestResult>
    <UnitTestResult executionId="35e0000c-2895-42bf-bdd4-9e98a5fd3722" testId="d9037ae7-d1f0-4479-9967-fce84a464d32" testName="GetNextTimeToTrigger_AbsoluteTimer_ReturnsCorrectTime (Data Row 53)" computerName="ICSWS068" duration="00:00:00.0034447" startTime="2016-08-04T07:57:22.8449013+02:00" endTime="2016-08-04T07:57:22.8484030+02:00" testType="13cdc9d9-ddb5-4fa4-a97d-d965ccfc6d4b" outcome="Passed" testListId="8c84fa94-04c1-424b-9868-57a2d4851a1d" relativeResultsDirectory="35e0000c-2895-42bf-bdd4-9e98a5fd3722">
      <Output>
        <StdOut>TestContext Messages:
Valid Interval: 11:00:00-13:00:00
Valid days of month: 1, 2, 3, 4, 5, 6, 7, 8, 9, 10, 11, 12, 13, 14, 15, 16, 17, 18, 19, 20, 21, 22, 23, 24, 25, 26, 27, 28, 29, 30, 31
Valid weekdays: Monday, Tuesday, Wednesday, Thursday, Friday, Saturday, Sunday
When: 12:00:00
Current Time: 2011-01-01 00:00:00
Valid Interval: 11:00:00-13:00:00
Valid days of month: 1, 2, 3, 4, 5, 6, 7, 8, 9, 10, 11, 12, 13, 14, 15, 16, 17, 18, 19, 20, 21, 22, 23, 24, 25, 26, 27, 28, 29, 30, 31
Valid weekdays: Monday, Tuesday, Wednesday, Thursday, Friday, Saturday, Sunday
When: 12:00:00
Current Time: 2011-01-01 09:00:00
Valid Interval: 11:00:00-13:00:00
Valid days of month: 1, 2, 3, 4, 5, 6, 7, 8, 9, 10, 11, 12, 13, 14, 15, 16, 17, 18, 19, 20, 21, 22, 23, 24, 25, 26, 27, 28, 29, 30, 31
Valid weekdays: Monday, Tuesday, Wednesday, Thursday, Friday, Saturday, Sunday
When: 12:00:00
Current Time: 2011-01-01 11:00:00
Valid Interval: 11:00:00-13:00:00
Valid days of month: 1, 2, 3, 4, 5, 6, 7, 8, 9, 10, 11, 12, 13, 14, 15, 16, 17, 18, 19, 20, 21, 22, 23, 24, 25, 26, 27, 28, 29, 30, 31
Valid weekdays: Monday, Tuesday, Wednesday, Thursday, Friday, Saturday, Sunday
When: 12:00:00
Current Time: 2011-01-01 12:00:00
Valid Interval: 11:00:00-13:00:00
Valid days of month: 1, 2, 3, 4, 5, 6, 7, 8, 9, 10, 11, 12, 13, 14, 15, 16, 17, 18, 19, 20, 21, 22, 23, 24, 25, 26, 27, 28, 29, 30, 31
Valid weekdays: Monday, Tuesday, Wednesday, Thursday, Friday, Saturday, Sunday
When: 12:00:00
Current Time: 2011-01-01 12:30:00
Valid Interval: 11:00:00-13:00:00
Valid days of month: 1, 2, 3, 4, 5, 6, 7, 8, 9, 10, 11, 12, 13, 14, 15, 16, 17, 18, 19, 20, 21, 22, 23, 24, 25, 26, 27, 28, 29, 30, 31
Valid weekdays: Monday, Tuesday, Wednesday, Thursday, Friday, Saturday, Sunday
When: 12:00:00
Current Time: 2011-01-01 13:00:00
Valid Interval: 11:00:00-13:00:00
Valid days of month: 1, 2, 3, 4, 5, 6, 7, 8, 9, 10, 11, 12, 13, 14, 15, 16, 17, 18, 19, 20, 21, 22, 23, 24, 25, 26, 27, 28, 29, 30, 31
Valid weekdays: Monday, Tuesday, Wednesday, Thursday, Friday, Saturday, Sunday
When: 12:00:00
Current Time: 2011-01-02 00:00:00
Valid Interval: 11:00:00-13:00:00
Valid days of month: 1, 2, 3, 4, 5, 6, 7, 8, 9, 10, 11, 12, 13, 14, 15, 16, 17, 18, 19, 20, 21, 22, 23, 24, 25, 26, 27, 28, 29, 30, 31
Valid weekdays: Monday, Tuesday, Wednesday, Thursday, Friday, Saturday, Sunday
When: 12:00:00
Current Time: 2011-01-02 09:00:00
Valid Interval: 11:00:00-13:00:00
Valid days of month: 1, 2, 3, 4, 5, 6, 7, 8, 9, 10, 11, 12, 13, 14, 15, 16, 17, 18, 19, 20, 21, 22, 23, 24, 25, 26, 27, 28, 29, 30, 31
Valid weekdays: Monday, Tuesday, Wednesday, Thursday, Friday, Saturday, Sunday
When: 12:00:00
Current Time: 2011-01-02 12:00:00
Valid Interval: 11:00:00-13:00:00
Valid days of month: 1, 2, 3, 4, 5, 6, 7, 8, 9, 10, 11, 12, 13, 14, 15, 16, 17, 18, 19, 20, 21, 22, 23, 24, 25, 26, 27, 28, 29, 30, 31
Valid weekdays: Monday, Tuesday, Wednesday, Thursday, Friday, Saturday, Sunday
When: 12:00:00
Current Time: 2011-01-02 12:45:30
Valid Interval: 11:00:00-13:00:00
Valid days of month: 1, 2, 3, 4, 5, 6, 7, 8, 9, 10, 11, 12, 13, 14, 15, 16, 17, 18, 19, 20, 21, 22, 23, 24, 25, 26, 27, 28, 29, 30, 31
Valid weekdays: Monday, Tuesday, Wednesday, Thursday, Friday, Saturday, Sunday
When: 12:00:00
Current Time: 2011-01-02 13:00:00
Valid Interval: 11:00:00-13:00:00
Valid days of month: 1, 2, 3, 4, 5, 6, 7, 8, 9, 10, 11, 12, 13, 14, 15, 16, 17, 18, 19, 20, 21, 22, 23, 24, 25, 26, 27, 28, 29, 30, 31
Valid weekdays: Monday, Tuesday, Wednesday, Thursday, Friday, Saturday, Sunday
When: 12:00:00
Current Time: 2011-01-01 12:00:00
Valid Interval: 11:00:00-13:00:00
Valid days of month: 1, 2, 3, 4, 5, 6, 7, 8, 9, 10, 11, 12, 13, 14, 15, 16, 17, 18, 19, 20, 21, 22, 23, 24, 25, 26, 27, 28, 29, 30, 31
Valid weekdays: Monday, Tuesday, Wednesday, Thursday, Friday, Saturday, Sunday
When: 12:00:00
Current Time: 2011-01-01 12:30:00
Valid Interval: 11:00:00-13:00:00
Valid days of month: 1, 2, 3, 4, 5, 6, 7, 8, 9, 10, 11, 12, 13, 14, 15, 16, 17, 18, 19, 20, 21, 22, 23, 24, 25, 26, 27, 28, 29, 30, 31
Valid weekdays: Monday, Tuesday, Wednesday, Thursday, Friday, Saturday, Sunday
When: 12:00:00
Current Time: 2011-01-01 12:30:00
Valid Interval: 11:00:00-13:00:00
Valid days of month: 1, 2, 3, 4, 5, 6, 7, 8, 9, 10, 11, 12, 13, 14, 15, 16, 17, 18, 19, 20, 21, 22, 23, 24, 25, 26, 27, 28, 29, 30, 31
Valid weekdays: Monday, Tuesday, Wednesday, Thursday, Friday, Saturday, Sunday
When: 12:00:00
Current Time: 2011-01-01 13:00:00
Valid Interval: 11:00:00-13:00:00
Valid days of month: 1, 2, 3, 4, 5, 6, 7, 8, 9, 10, 11, 12, 13, 14, 15, 16, 17, 18, 19, 20, 21, 22, 23, 24, 25, 26, 27, 28, 29, 30, 31
Valid weekdays: Monday, Tuesday, Wednesday, Thursday, Friday, Saturday, Sunday
When: 12:00:00
Current Time: 2011-01-01 14:30:00
Valid Interval: 23:00:00-13:00:00
Valid days of month: 1, 2, 3, 4, 5, 6, 7, 8, 9, 10, 11, 12, 13, 14, 15, 16, 17, 18, 19, 20, 21, 22, 23, 24, 25, 26, 27, 28, 29, 30, 31
Valid weekdays: Monday, Tuesday, Wednesday, Thursday, Friday, Saturday, Sunday
When: 23:30:00
Current Time: 2011-01-01 16:00:00
Valid Interval: 23:00:00-13:00:00
Valid days of month: 1, 2, 3, 4, 5, 6, 7, 8, 9, 10, 11, 12, 13, 14, 15, 16, 17, 18, 19, 20, 21, 22, 23, 24, 25, 26, 27, 28, 29, 30, 31
Valid weekdays: Monday, Tuesday, Wednesday, Thursday, Friday, Saturday, Sunday
When: 23:30:00
Current Time: 2011-01-01 23:00:00
Valid Interval: 23:00:00-13:00:00
Valid days of month: 1, 2, 3, 4, 5, 6, 7, 8, 9, 10, 11, 12, 13, 14, 15, 16, 17, 18, 19, 20, 21, 22, 23, 24, 25, 26, 27, 28, 29, 30, 31
Valid weekdays: Monday, Tuesday, Wednesday, Thursday, Friday, Saturday, Sunday
When: 23:30:00
Current Time: 2011-01-01 23:30:00
Valid Interval: 23:00:00-13:00:00
Valid days of month: 1, 2, 3, 4, 5, 6, 7, 8, 9, 10, 11, 12, 13, 14, 15, 16, 17, 18, 19, 20, 21, 22, 23, 24, 25, 26, 27, 28, 29, 30, 31
Valid weekdays: Monday, Tuesday, Wednesday, Thursday, Friday, Saturday, Sunday
When: 23:30:00
Current Time: 2011-01-01 23:45:00
Valid Interval: 23:00:00-13:00:00
Valid days of month: 1, 2, 3, 4, 5, 6, 7, 8, 9, 10, 11, 12, 13, 14, 15, 16, 17, 18, 19, 20, 21, 22, 23, 24, 25, 26, 27, 28, 29, 30, 31
Valid weekdays: Monday, Tuesday, Wednesday, Thursday, Friday, Saturday, Sunday
When: 23:30:00
Current Time: 2011-01-02 00:30:00
Valid Interval: 23:00:00-13:00:00
Valid days of month: 1, 2, 3, 4, 5, 6, 7, 8, 9, 10, 11, 12, 13, 14, 15, 16, 17, 18, 19, 20, 21, 22, 23, 24, 25, 26, 27, 28, 29, 30, 31
Valid weekdays: Monday, Tuesday, Wednesday, Thursday, Friday, Saturday, Sunday
When: 23:30:00
Current Time: 2011-01-01 13:00:00
Valid Interval: 23:00:00-13:00:00
Valid days of month: 1, 2, 3, 4, 5, 6, 7, 8, 9, 10, 11, 12, 13, 14, 15, 16, 17, 18, 19, 20, 21, 22, 23, 24, 25, 26, 27, 28, 29, 30, 31
Valid weekdays: Monday, Tuesday, Wednesday, Thursday, Friday, Saturday, Sunday
When: 01:00:00
Current Time: 2011-01-01 16:00:00
Valid Interval: 23:00:00-13:00:00
Valid days of month: 1, 2, 3, 4, 5, 6, 7, 8, 9, 10, 11, 12, 13, 14, 15, 16, 17, 18, 19, 20, 21, 22, 23, 24, 25, 26, 27, 28, 29, 30, 31
Valid weekdays: Monday, Tuesday, Wednesday, Thursday, Friday, Saturday, Sunday
When: 01:00:00
Current Time: 2011-01-01 23:00:00
Valid Interval: 23:00:00-13:00:00
Valid days of month: 1, 2, 3, 4, 5, 6, 7, 8, 9, 10, 11, 12, 13, 14, 15, 16, 17, 18, 19, 20, 21, 22, 23, 24, 25, 26, 27, 28, 29, 30, 31
Valid weekdays: Monday, Tuesday, Wednesday, Thursday, Friday, Saturday, Sunday
When: 01:00:00
Current Time: 2011-01-01 23:30:00
Valid Interval: 23:00:00-13:00:00
Valid days of month: 1, 2, 3, 4, 5, 6, 7, 8, 9, 10, 11, 12, 13, 14, 15, 16, 17, 18, 19, 20, 21, 22, 23, 24, 25, 26, 27, 28, 29, 30, 31
Valid weekdays: Monday, Tuesday, Wednesday, Thursday, Friday, Saturday, Sunday
When: 01:00:00
Current Time: 2011-01-02 00:30:00
Valid Interval: 23:00:00-13:00:00
Valid days of month: 1, 2, 3, 4, 5, 6, 7, 8, 9, 10, 11, 12, 13, 14, 15, 16, 17, 18, 19, 20, 21, 22, 23, 24, 25, 26, 27, 28, 29, 30, 31
Valid weekdays: Monday, Tuesday, Wednesday, Thursday, Friday, Saturday, Sunday
When: 01:00:00
Current Time: 2011-01-01 02:00:00
Valid Interval: 23:00:00-13:00:00
Valid days of month: 1, 2, 3, 4, 5, 6, 7, 8, 9, 10, 11, 12, 13, 14, 15, 16, 17, 18, 19, 20, 21, 22, 23, 24, 25, 26, 27, 28, 29, 30, 31
Valid weekdays: Monday, Tuesday, Wednesday, Thursday, Friday, Saturday, Sunday
When: 01:00:00
Current Time: 2011-01-01 13:00:00
Valid Interval: 23:00:00-13:00:00
Valid days of month: 1, 2, 3, 4, 5, 6, 7, 8, 9, 10, 11, 12, 13, 14, 15, 16, 17, 18, 19, 20, 21, 22, 23, 24, 25, 26, 27, 28, 29, 30, 31
Valid weekdays: Monday, Tuesday, Wednesday, Thursday, Friday, Saturday, Sunday
When: 23:30:00
Current Time: 2011-01-01 16:00:00
Valid Interval: 23:00:00-13:00:00
Valid days of month: 1, 2, 3, 4, 5, 6, 7, 8, 9, 10, 11, 12, 13, 14, 15, 16, 17, 18, 19, 20, 21, 22, 23, 24, 25, 26, 27, 28, 29, 30, 31
Valid weekdays: Monday, Tuesday, Wednesday, Thursday, Friday, Saturday, Sunday
When: 23:30:00
Current Time: 2011-01-01 23:00:00
Valid Interval: 23:00:00-13:00:00
Valid days of month: 1, 2, 3, 4, 5, 6, 7, 8, 9, 10, 11, 12, 13, 14, 15, 16, 17, 18, 19, 20, 21, 22, 23, 24, 25, 26, 27, 28, 29, 30, 31
Valid weekdays: Monday, Tuesday, Wednesday, Thursday, Friday, Saturday, Sunday
When: 23:30:00
Current Time: 2011-01-01 23:30:00
Valid Interval: 23:00:00-13:00:00
Valid days of month: 1, 2, 3, 4, 5, 6, 7, 8, 9, 10, 11, 12, 13, 14, 15, 16, 17, 18, 19, 20, 21, 22, 23, 24, 25, 26, 27, 28, 29, 30, 31
Valid weekdays: Monday, Tuesday, Wednesday, Thursday, Friday, Saturday, Sunday
When: 23:30:00
Current Time: 2011-01-01 23:45:00
Valid Interval: 23:00:00-13:00:00
Valid days of month: 1, 2, 3, 4, 5, 6, 7, 8, 9, 10, 11, 12, 13, 14, 15, 16, 17, 18, 19, 20, 21, 22, 23, 24, 25, 26, 27, 28, 29, 30, 31
Valid weekdays: Monday, Tuesday, Wednesday, Thursday, Friday, Saturday, Sunday
When: 23:30:00
Current Time: 2011-01-02 00:30:00
Valid Interval: 23:00:00-13:00:00
Valid days of month: 1, 2, 3, 4, 5, 6, 7, 8, 9, 10, 11, 12, 13, 14, 15, 16, 17, 18, 19, 20, 21, 22, 23, 24, 25, 26, 27, 28, 29, 30, 31
Valid weekdays: Monday, Tuesday, Wednesday, Thursday, Friday, Saturday, Sunday
When: 23:30:00
Current Time: 2011-01-01 13:00:00
Valid Interval: 23:00:00-13:00:00
Valid days of month: 1, 2, 3, 4, 5, 6, 7, 8, 9, 10, 11, 12, 13, 14, 15, 16, 17, 18, 19, 20, 21, 22, 23, 24, 25, 26, 27, 28, 29, 30, 31
Valid weekdays: Monday, Tuesday, Wednesday, Thursday, Friday, Saturday, Sunday
When: 01:00:00
Current Time: 2011-01-01 16:00:00
Valid Interval: 23:00:00-13:00:00
Valid days of month: 1, 2, 3, 4, 5, 6, 7, 8, 9, 10, 11, 12, 13, 14, 15, 16, 17, 18, 19, 20, 21, 22, 23, 24, 25, 26, 27, 28, 29, 30, 31
Valid weekdays: Monday, Tuesday, Wednesday, Thursday, Friday, Saturday, Sunday
When: 01:00:00
Current Time: 2011-01-01 23:00:00
Valid Interval: 23:00:00-13:00:00
Valid days of month: 1, 2, 3, 4, 5, 6, 7, 8, 9, 10, 11, 12, 13, 14, 15, 16, 17, 18, 19, 20, 21, 22, 23, 24, 25, 26, 27, 28, 29, 30, 31
Valid weekdays: Monday, Tuesday, Wednesday, Thursday, Friday, Saturday, Sunday
When: 01:00:00
Current Time: 2011-01-01 23:30:00
Valid Interval: 23:00:00-13:00:00
Valid days of month: 1, 2, 3, 4, 5, 6, 7, 8, 9, 10, 11, 12, 13, 14, 15, 16, 17, 18, 19, 20, 21, 22, 23, 24, 25, 26, 27, 28, 29, 30, 31
Valid weekdays: Monday, Tuesday, Wednesday, Thursday, Friday, Saturday, Sunday
When: 01:00:00
Current Time: 2011-01-02 00:30:00
Valid Interval: 23:00:00-13:00:00
Valid days of month: 1, 2, 3, 4, 5, 6, 7, 8, 9, 10, 11, 12, 13, 14, 15, 16, 17, 18, 19, 20, 21, 22, 23, 24, 25, 26, 27, 28, 29, 30, 31
Valid weekdays: Monday, Tuesday, Wednesday, Thursday, Friday, Saturday, Sunday
When: 01:00:00
Current Time: 2011-01-02 02:00:00
Valid Interval: 23:00:00-13:00:00
Valid days of month: 1, 2, 3, 4, 5, 6, 7, 8, 9, 10, 11, 12, 13, 14, 15, 16, 17, 18, 19, 20, 21, 22, 23, 24, 25, 26, 27, 28, 29, 30, 31
Valid weekdays: Monday, Tuesday, Wednesday, Thursday, Friday, Saturday, Sunday
When: 01:00:00
Current Time: 2011-01-02 13:00:00
Valid Interval: 23:00:00-13:00:00
Valid days of month: 1, 2, 3, 4, 5, 6, 7, 8, 9, 10, 11, 12, 13, 14, 15, 16, 17, 18, 19, 20, 21, 22, 23, 24, 25, 26, 27, 28, 29, 30, 31
Valid weekdays: Monday, Tuesday, Wednesday, Thursday, Friday, Saturday, Sunday
When: 23:30:00
Current Time: 2011-01-01 23:30:05
Valid Interval: 23:00:00-13:00:00
Valid days of month: 1, 2, 3, 4, 5, 6, 7, 8, 9, 10, 11, 12, 13, 14, 15, 16, 17, 18, 19, 20, 21, 22, 23, 24, 25, 26, 27, 28, 29, 30, 31
Valid weekdays: Monday, Tuesday, Wednesday, Thursday, Friday, Saturday, Sunday
When: 23:30:00
Current Time: 2011-01-02 00:30:00
Valid Interval: 23:00:00-13:00:00
Valid days of month: 1, 2, 3, 4, 5, 6, 7, 8, 9, 10, 11, 12, 13, 14, 15, 16, 17, 18, 19, 20, 21, 22, 23, 24, 25, 26, 27, 28, 29, 30, 31
Valid weekdays: Monday, Tuesday, Wednesday, Thursday, Friday, Saturday, Sunday
When: 23:30:00
Current Time: 2011-01-02 13:00:00
Valid Interval: 23:00:00-13:00:00
Valid days of month: 1, 2, 3, 4, 5, 6, 7, 8, 9, 10, 11, 12, 13, 14, 15, 16, 17, 18, 19, 20, 21, 22, 23, 24, 25, 26, 27, 28, 29, 30, 31
Valid weekdays: Monday, Tuesday, Wednesday, Thursday, Friday, Saturday, Sunday
When: 01:00:00
Current Time: 2011-01-01 02:00:00
Valid Interval: 23:00:00-13:00:00
Valid days of month: 1, 2, 3, 4, 5, 6, 7, 8, 9, 10, 11, 12, 13, 14, 15, 16, 17, 18, 19, 20, 21, 22, 23, 24, 25, 26, 27, 28, 29, 30, 31
Valid weekdays: Monday, Tuesday, Wednesday, Thursday, Friday, Saturday, Sunday
When: 01:00:00
Current Time: 2011-01-02 02:00:00
Valid Interval: 13:00:00-16:00:00
Valid days of month: 1, 2, 3, 4, 5, 6, 7, 8, 9, 10, 11, 12, 13, 14, 15, 16, 17, 18, 19, 20, 21, 22, 23, 24, 25, 26, 27, 28, 29, 30, 31
Valid weekdays: Saturday, Sunday
When: 14:00:00
Current Time: 2007-01-01 12:00:00
Valid Interval: 13:00:00-16:00:00
Valid days of month: 1, 2, 3, 4, 5, 6, 7, 8, 9, 10, 11, 12, 13, 14, 15, 16, 17, 18, 19, 20, 21, 22, 23, 24, 25, 26, 27, 28, 29, 30, 31
Valid weekdays: Saturday, Sunday
When: 14:00:00
Current Time: 2007-01-02 13:30:00
Valid Interval: 13:00:00-16:00:00
Valid days of month: 1, 2, 3, 4, 5, 6, 7, 8, 9, 10, 11, 12, 13, 14, 15, 16, 17, 18, 19, 20, 21, 22, 23, 24, 25, 26, 27, 28, 29, 30, 31
Valid weekdays: Saturday, Sunday
When: 14:00:00
Current Time: 2007-01-06 13:30:00
Valid Interval: 13:00:00-16:00:00
Valid days of month: 1, 2, 3, 4, 5, 6, 7, 8, 9, 10, 11, 12, 13, 14, 15, 16, 17, 18, 19, 20, 21, 22, 23, 24, 25, 26, 27, 28, 29, 30, 31
Valid weekdays: Saturday, Sunday
When: 14:00:00
Current Time: 2007-01-06 14:30:00
Valid Interval: 13:00:00-16:00:00
Valid days of month: 1, 2, 3, 4, 5, 6, 7, 8, 9, 10, 11, 12, 13, 14, 15, 16, 17, 18, 19, 20, 21, 22, 23, 24, 25, 26, 27, 28, 29, 30, 31
Valid weekdays: Saturday, Sunday
When: 14:00:00
Current Time: 2007-01-06 16:30:00
Valid Interval: 13:00:00-16:00:00
Valid days of month: 1, 2, 3, 4, 5, 6, 7, 8, 9, 10, 11, 12, 13, 14, 15, 16, 17, 18, 19, 20, 21, 22, 23, 24, 25, 26, 27, 28, 29, 30, 31
Valid weekdays: Saturday, Sunday
When: 14:00:00
Current Time: 2007-01-07 16:00:00
Valid Interval: 23:00:00-02:00:00
Valid days of month: 1, 2, 3, 4, 5, 6, 7, 8, 9, 10, 11, 12, 13, 14, 15, 16, 17, 18, 19, 20, 21, 22, 23, 24, 25, 26, 27, 28, 29, 30, 31
Valid weekdays: Saturday, Sunday
When: 01:00:00
Current Time: 2007-01-01 12:00:00
Valid Interval: 23:00:00-02:00:00
Valid days of month: 1, 2, 3, 4, 5, 6, 7, 8, 9, 10, 11, 12, 13, 14, 15, 16, 17, 18, 19, 20, 21, 22, 23, 24, 25, 26, 27, 28, 29, 30, 31
Valid weekdays: Saturday, Sunday
When: 01:00:00
Current Time: 2007-01-02 01:00:00
Valid Interval: 23:00:00-02:00:00
Valid days of month: 1, 2, 3, 4, 5, 6, 7, 8, 9, 10, 11, 12, 13, 14, 15, 16, 17, 18, 19, 20, 21, 22, 23, 24, 25, 26, 27, 28, 29, 30, 31
Valid weekdays: Saturday, Sunday
When: 01:00:00
Current Time: 2007-01-06 00:30:00
Valid Interval: 23:00:00-02:00:00
Valid days of month: 1, 2, 3, 4, 5, 6, 7, 8, 9, 10, 11, 12, 13, 14, 15, 16, 17, 18, 19, 20, 21, 22, 23, 24, 25, 26, 27, 28, 29, 30, 31
Valid weekdays: Saturday, Sunday
When: 01:00:00
Current Time: 2007-01-06 01:30:00
Valid Interval: 23:00:00-02:00:00
Valid days of month: 1, 2, 3, 4, 5, 6, 7, 8, 9, 10, 11, 12, 13, 14, 15, 16, 17, 18, 19, 20, 21, 22, 23, 24, 25, 26, 27, 28, 29, 30, 31
Valid weekdays: Saturday, Sunday
When: 01:00:00
Current Time: 2007-01-06 02:30:00
Valid Interval: 23:00:00-02:00:00
Valid days of month: 1, 2, 3, 4, 5, 6, 7, 8, 9, 10, 11, 12, 13, 14, 15, 16, 17, 18, 19, 20, 21, 22, 23, 24, 25, 26, 27, 28, 29, 30, 31
Valid weekdays: Saturday, Sunday
When: 01:00:00
Current Time: 2007-01-07 02:00:00
Valid Interval: 23:00:00-02:00:00
Valid days of month: 1, 2, 3, 4, 5, 6, 7, 8, 9, 10, 11, 12, 13, 14, 15, 16, 17, 18, 19, 20, 21, 22, 23, 24, 25, 26, 27, 28, 29, 30, 31
Valid weekdays: Saturday, Sunday
When: 23:30:00
Current Time: 2007-01-01 12:00:00
Valid Interval: 23:00:00-02:00:00
Valid days of month: 1, 2, 3, 4, 5, 6, 7, 8, 9, 10, 11, 12, 13, 14, 15, 16, 17, 18, 19, 20, 21, 22, 23, 24, 25, 26, 27, 28, 29, 30, 31
Valid weekdays: Saturday, Sunday
When: 23:30:00
Current Time: 2007-01-05 23:30:00
Valid Interval: 23:00:00-02:00:00
Valid days of month: 1, 2, 3, 4, 5, 6, 7, 8, 9, 10, 11, 12, 13, 14, 15, 16, 17, 18, 19, 20, 21, 22, 23, 24, 25, 26, 27, 28, 29, 30, 31
Valid weekdays: Saturday, Sunday
When: 23:30:00
Current Time: 2007-01-06 23:00:00
Valid Interval: 23:00:00-02:00:00
Valid days of month: 1, 2, 3, 4, 5, 6, 7, 8, 9, 10, 11, 12, 13, 14, 15, 16, 17, 18, 19, 20, 21, 22, 23, 24, 25, 26, 27, 28, 29, 30, 31
Valid weekdays: Saturday, Sunday
When: 23:30:00
Current Time: 2007-01-06 02:00:00
Valid Interval: 23:00:00-02:00:00
Valid days of month: 1, 2, 3, 4, 5, 6, 7, 8, 9, 10, 11, 12, 13, 14, 15, 16, 17, 18, 19, 20, 21, 22, 23, 24, 25, 26, 27, 28, 29, 30, 31
Valid weekdays: Saturday, Sunday
When: 23:30:00
Current Time: 2007-01-07 23:40:00
Valid Interval: 23:00:00-02:00:00
Valid days of month: 1, 2, 3, 4, 5, 6, 7, 8, 9, 10, 11, 12, 13, 14, 15, 16, 17, 18, 19, 20, 21, 22, 23, 24, 25, 26, 27, 28, 29, 30, 31
Valid weekdays: Saturday, Sunday
When: 23:30:00
Current Time: 2007-01-07 01:00:00
Valid Interval: 13:00:00-16:00:00
Valid days of month: 1, 2, 3, 4, 5, 6, 7, 8, 9, 10, 11, 12, 13, 14, 15, 16, 17, 18, 19, 20, 21, 22, 23, 24, 25, 26, 27, 28, 29, 30, 31
Valid weekdays: Saturday, Sunday
When: 14:00:00
Current Time: 2007-01-01 12:00:00
Valid Interval: 13:00:00-16:00:00
Valid days of month: 1, 2, 3, 4, 5, 6, 7, 8, 9, 10, 11, 12, 13, 14, 15, 16, 17, 18, 19, 20, 21, 22, 23, 24, 25, 26, 27, 28, 29, 30, 31
Valid weekdays: Saturday, Sunday
When: 14:00:00
Current Time: 2007-01-02 13:30:00
Valid Interval: 13:00:00-16:00:00
Valid days of month: 1, 2, 3, 4, 5, 6, 7, 8, 9, 10, 11, 12, 13, 14, 15, 16, 17, 18, 19, 20, 21, 22, 23, 24, 25, 26, 27, 28, 29, 30, 31
Valid weekdays: Saturday, Sunday
When: 14:00:00
Current Time: 2007-01-06 13:30:00
Valid Interval: 13:00:00-16:00:00
Valid days of month: 1, 2, 3, 4, 5, 6, 7, 8, 9, 10, 11, 12, 13, 14, 15, 16, 17, 18, 19, 20, 21, 22, 23, 24, 25, 26, 27, 28, 29, 30, 31
Valid weekdays: Saturday, Sunday
When: 14:00:00
Current Time: 2007-01-06 14:30:00
Valid Interval: 13:00:00-16:00:00
Valid days of month: 1, 2, 3, 4, 5, 6, 7, 8, 9, 10, 11, 12, 13, 14, 15, 16, 17, 18, 19, 20, 21, 22, 23, 24, 25, 26, 27, 28, 29, 30, 31
Valid weekdays: Saturday, Sunday
When: 14:00:00
Current Time: 2007-01-06 16:30:00
Valid Interval: 13:00:00-16:00:00
Valid days of month: 1, 2, 3, 4, 5, 6, 7, 8, 9, 10, 11, 12, 13, 14, 15, 16, 17, 18, 19, 20, 21, 22, 23, 24, 25, 26, 27, 28, 29, 30, 31
Valid weekdays: Saturday, Sunday
When: 14:00:00
Current Time: 2007-01-07 16:00:00
Valid Interval: 23:00:00-02:00:00
Valid days of month: 1, 2, 3, 4, 5, 6, 7, 8, 9, 10, 11, 12, 13, 14, 15, 16, 17, 18, 19, 20, 21, 22, 23, 24, 25, 26, 27, 28, 29, 30, 31
Valid weekdays: Saturday, Sunday
When: 01:00:00
Current Time: 2007-01-01 12:00:00
Valid Interval: 23:00:00-02:00:00
Valid days of month: 1, 2, 3, 4, 5, 6, 7, 8, 9, 10, 11, 12, 13, 14, 15, 16, 17, 18, 19, 20, 21, 22, 23, 24, 25, 26, 27, 28, 29, 30, 31
Valid weekdays: Saturday, Sunday
When: 01:00:00
Current Time: 2007-01-02 01:00:00
Valid Interval: 23:00:00-02:00:00
Valid days of month: 1, 2, 3, 4, 5, 6, 7, 8, 9, 10, 11, 12, 13, 14, 15, 16, 17, 18, 19, 20, 21, 22, 23, 24, 25, 26, 27, 28, 29, 30, 31
Valid weekdays: Saturday, Sunday
When: 01:00:00
Current Time: 2007-01-06 00:30:00
Valid Interval: 23:00:00-02:00:00
Valid days of month: 1, 2, 3, 4, 5, 6, 7, 8, 9, 10, 11, 12, 13, 14, 15, 16, 17, 18, 19, 20, 21, 22, 23, 24, 25, 26, 27, 28, 29, 30, 31
Valid weekdays: Saturday, Sunday
When: 01:00:00
Current Time: 2007-01-06 02:30:00
Valid Interval: 23:00:00-02:00:00
Valid days of month: 1, 2, 3, 4, 5, 6, 7, 8, 9, 10, 11, 12, 13, 14, 15, 16, 17, 18, 19, 20, 21, 22, 23, 24, 25, 26, 27, 28, 29, 30, 31
Valid weekdays: Saturday, Sunday
When: 23:30:00
Current Time: 2007-01-01 12:00:00
Valid Interval: 23:00:00-02:00:00
Valid days of month: 1, 2, 3, 4, 5, 6, 7, 8, 9, 10, 11, 12, 13, 14, 15, 16, 17, 18, 19, 20, 21, 22, 23, 24, 25, 26, 27, 28, 29, 30, 31
Valid weekdays: Saturday, Sunday
When: 23:30:00
Current Time: 2007-01-05 23:30:00
Valid Interval: 23:00:00-02:00:00
Valid days of month: 1, 2, 3, 4, 5, 6, 7, 8, 9, 10, 11, 12, 13, 14, 15, 16, 17, 18, 19, 20, 21, 22, 23, 24, 25, 26, 27, 28, 29, 30, 31
Valid weekdays: Saturday, Sunday
When: 23:30:00
Current Time: 2007-01-06 23:00:00
Valid Interval: 23:00:00-02:00:00
Valid days of month: 1, 2, 3, 4, 5, 6, 7, 8, 9, 10, 11, 12, 13, 14, 15, 16, 17, 18, 19, 20, 21, 22, 23, 24, 25, 26, 27, 28, 29, 30, 31
Valid weekdays: Saturday, Sunday
When: 23:30:00
Current Time: 2007-01-06 02:00:00
Valid Interval: 23:00:00-02:00:00
Valid days of month: 1, 2, 3, 4, 5, 6, 7, 8, 9, 10, 11, 12, 13, 14, 15, 16, 17, 18, 19, 20, 21, 22, 23, 24, 25, 26, 27, 28, 29, 30, 31
Valid weekdays: Saturday, Sunday
When: 23:30:00
Current Time: 2007-01-07 23:40:00
Valid Interval: 23:00:00-02:00:00
Valid days of month: 1, 2, 3, 4, 5, 6, 7, 8, 9, 10, 11, 12, 13, 14, 15, 16, 17, 18, 19, 20, 21, 22, 23, 24, 25, 26, 27, 28, 29, 30, 31
Valid weekdays: Saturday, Sunday
When: 23:30:00
Current Time: 2007-01-07 01:00:00
Valid Interval: 13:00:00-16:00:00
Valid days of month: 1, 2, 3, 4, 5, 6, 7, 8, 9, 10, 11, 12, 13, 14, 15, 16, 17, 18, 19, 20, 21, 22, 23, 24, 25, 26, 27, 28, 29, 30, 31
Valid weekdays: Saturday, Sunday
When: 14:00:00
Current Time: 2007-01-06 14:30:00
Valid Interval: 13:00:00-16:00:00
Valid days of month: 1, 2, 3, 4, 5, 6, 7, 8, 9, 10, 11, 12, 13, 14, 15, 16, 17, 18, 19, 20, 21, 22, 23, 24, 25, 26, 27, 28, 29, 30, 31
Valid weekdays: Saturday, Sunday
When: 14:00:00
Current Time: 2007-01-07 15:00:00
Valid Interval: 23:00:00-02:00:00
Valid days of month: 1, 2, 3, 4, 5, 6, 7, 8, 9, 10, 11, 12, 13, 14, 15, 16, 17, 18, 19, 20, 21, 22, 23, 24, 25, 26, 27, 28, 29, 30, 31
Valid weekdays: Saturday, Sunday
When: 01:00:00
Current Time: 2007-01-06 01:30:00
Valid Interval: 23:00:00-02:00:00
Valid days of month: 1, 2, 3, 4, 5, 6, 7, 8, 9, 10, 11, 12, 13, 14, 15, 16, 17, 18, 19, 20, 21, 22, 23, 24, 25, 26, 27, 28, 29, 30, 31
Valid weekdays: Saturday, Sunday
When: 01:00:00
Current Time: 2007-01-07 01:30:00
Valid Interval: 23:00:00-02:00:00
Valid days of month: 1, 2, 3, 4, 5, 6, 7, 8, 9, 10, 11, 12, 13, 14, 15, 16, 17, 18, 19, 20, 21, 22, 23, 24, 25, 26, 27, 28, 29, 30, 31
Valid weekdays: Saturday, Sunday
When: 23:30:00
Current Time: 2007-01-06 23:02:00
Valid Interval: 23:00:00-02:00:00
Valid days of month: 1, 2, 3, 4, 5, 6, 7, 8, 9, 10, 11, 12, 13, 14, 15, 16, 17, 18, 19, 20, 21, 22, 23, 24, 25, 26, 27, 28, 29, 30, 31
Valid weekdays: Saturday, Sunday
When: 23:30:00
Current Time: 2007-01-06 01:10:00
Valid Interval: 23:00:00-02:00:00
Valid days of month: 1, 2, 3, 4, 5, 6, 7, 8, 9, 10, 11, 12, 13, 14, 15, 16, 17, 18, 19, 20, 21, 22, 23, 24, 25, 26, 27, 28, 29, 30, 31
Valid weekdays: Saturday, Sunday
When: 23:30:00
Current Time: 2007-01-07 01:00:40
Valid Interval: 23:00:00-02:00:00
Valid days of month: 2
Valid weekdays: Saturday, Sunday
When: 23:30:00
Current Time: 2007-01-01 12:00:00
Valid Interval: 23:00:00-02:00:00
Valid days of month: 1, 2
Valid weekdays: Saturday, Sunday
When: 23:30:00
Current Time: 2007-01-05 23:30:00
Valid Interval: 23:00:00-02:00:00
Valid days of month: 1, 2
Valid weekdays: Saturday, Sunday
When: 23:30:00
Current Time: 2007-01-06 23:00:00</StdOut>
      </Output>
    </UnitTestResult>
    <UnitTestResult executionId="4a703a1a-0fab-459b-99dd-3f763796995f" testId="014d511f-ede2-4643-a62b-bf98cbcaea3f" testName="GetNextTimeToTrigger_AbsoluteTimer_ReturnsCorrectTime (Data Row 54)" computerName="ICSWS068" duration="00:00:00.0039119" startTime="2016-08-04T07:57:22.8484030+02:00" endTime="2016-08-04T07:57:22.8524059+02:00" testType="13cdc9d9-ddb5-4fa4-a97d-d965ccfc6d4b" outcome="Passed" testListId="8c84fa94-04c1-424b-9868-57a2d4851a1d" relativeResultsDirectory="4a703a1a-0fab-459b-99dd-3f763796995f">
      <Output>
        <StdOut>TestContext Messages:
Valid Interval: 11:00:00-13:00:00
Valid days of month: 1, 2, 3, 4, 5, 6, 7, 8, 9, 10, 11, 12, 13, 14, 15, 16, 17, 18, 19, 20, 21, 22, 23, 24, 25, 26, 27, 28, 29, 30, 31
Valid weekdays: Monday, Tuesday, Wednesday, Thursday, Friday, Saturday, Sunday
When: 12:00:00
Current Time: 2011-01-01 00:00:00
Valid Interval: 11:00:00-13:00:00
Valid days of month: 1, 2, 3, 4, 5, 6, 7, 8, 9, 10, 11, 12, 13, 14, 15, 16, 17, 18, 19, 20, 21, 22, 23, 24, 25, 26, 27, 28, 29, 30, 31
Valid weekdays: Monday, Tuesday, Wednesday, Thursday, Friday, Saturday, Sunday
When: 12:00:00
Current Time: 2011-01-01 09:00:00
Valid Interval: 11:00:00-13:00:00
Valid days of month: 1, 2, 3, 4, 5, 6, 7, 8, 9, 10, 11, 12, 13, 14, 15, 16, 17, 18, 19, 20, 21, 22, 23, 24, 25, 26, 27, 28, 29, 30, 31
Valid weekdays: Monday, Tuesday, Wednesday, Thursday, Friday, Saturday, Sunday
When: 12:00:00
Current Time: 2011-01-01 11:00:00
Valid Interval: 11:00:00-13:00:00
Valid days of month: 1, 2, 3, 4, 5, 6, 7, 8, 9, 10, 11, 12, 13, 14, 15, 16, 17, 18, 19, 20, 21, 22, 23, 24, 25, 26, 27, 28, 29, 30, 31
Valid weekdays: Monday, Tuesday, Wednesday, Thursday, Friday, Saturday, Sunday
When: 12:00:00
Current Time: 2011-01-01 12:00:00
Valid Interval: 11:00:00-13:00:00
Valid days of month: 1, 2, 3, 4, 5, 6, 7, 8, 9, 10, 11, 12, 13, 14, 15, 16, 17, 18, 19, 20, 21, 22, 23, 24, 25, 26, 27, 28, 29, 30, 31
Valid weekdays: Monday, Tuesday, Wednesday, Thursday, Friday, Saturday, Sunday
When: 12:00:00
Current Time: 2011-01-01 12:30:00
Valid Interval: 11:00:00-13:00:00
Valid days of month: 1, 2, 3, 4, 5, 6, 7, 8, 9, 10, 11, 12, 13, 14, 15, 16, 17, 18, 19, 20, 21, 22, 23, 24, 25, 26, 27, 28, 29, 30, 31
Valid weekdays: Monday, Tuesday, Wednesday, Thursday, Friday, Saturday, Sunday
When: 12:00:00
Current Time: 2011-01-01 13:00:00
Valid Interval: 11:00:00-13:00:00
Valid days of month: 1, 2, 3, 4, 5, 6, 7, 8, 9, 10, 11, 12, 13, 14, 15, 16, 17, 18, 19, 20, 21, 22, 23, 24, 25, 26, 27, 28, 29, 30, 31
Valid weekdays: Monday, Tuesday, Wednesday, Thursday, Friday, Saturday, Sunday
When: 12:00:00
Current Time: 2011-01-02 00:00:00
Valid Interval: 11:00:00-13:00:00
Valid days of month: 1, 2, 3, 4, 5, 6, 7, 8, 9, 10, 11, 12, 13, 14, 15, 16, 17, 18, 19, 20, 21, 22, 23, 24, 25, 26, 27, 28, 29, 30, 31
Valid weekdays: Monday, Tuesday, Wednesday, Thursday, Friday, Saturday, Sunday
When: 12:00:00
Current Time: 2011-01-02 09:00:00
Valid Interval: 11:00:00-13:00:00
Valid days of month: 1, 2, 3, 4, 5, 6, 7, 8, 9, 10, 11, 12, 13, 14, 15, 16, 17, 18, 19, 20, 21, 22, 23, 24, 25, 26, 27, 28, 29, 30, 31
Valid weekdays: Monday, Tuesday, Wednesday, Thursday, Friday, Saturday, Sunday
When: 12:00:00
Current Time: 2011-01-02 12:00:00
Valid Interval: 11:00:00-13:00:00
Valid days of month: 1, 2, 3, 4, 5, 6, 7, 8, 9, 10, 11, 12, 13, 14, 15, 16, 17, 18, 19, 20, 21, 22, 23, 24, 25, 26, 27, 28, 29, 30, 31
Valid weekdays: Monday, Tuesday, Wednesday, Thursday, Friday, Saturday, Sunday
When: 12:00:00
Current Time: 2011-01-02 12:45:30
Valid Interval: 11:00:00-13:00:00
Valid days of month: 1, 2, 3, 4, 5, 6, 7, 8, 9, 10, 11, 12, 13, 14, 15, 16, 17, 18, 19, 20, 21, 22, 23, 24, 25, 26, 27, 28, 29, 30, 31
Valid weekdays: Monday, Tuesday, Wednesday, Thursday, Friday, Saturday, Sunday
When: 12:00:00
Current Time: 2011-01-02 13:00:00
Valid Interval: 11:00:00-13:00:00
Valid days of month: 1, 2, 3, 4, 5, 6, 7, 8, 9, 10, 11, 12, 13, 14, 15, 16, 17, 18, 19, 20, 21, 22, 23, 24, 25, 26, 27, 28, 29, 30, 31
Valid weekdays: Monday, Tuesday, Wednesday, Thursday, Friday, Saturday, Sunday
When: 12:00:00
Current Time: 2011-01-01 12:00:00
Valid Interval: 11:00:00-13:00:00
Valid days of month: 1, 2, 3, 4, 5, 6, 7, 8, 9, 10, 11, 12, 13, 14, 15, 16, 17, 18, 19, 20, 21, 22, 23, 24, 25, 26, 27, 28, 29, 30, 31
Valid weekdays: Monday, Tuesday, Wednesday, Thursday, Friday, Saturday, Sunday
When: 12:00:00
Current Time: 2011-01-01 12:30:00
Valid Interval: 11:00:00-13:00:00
Valid days of month: 1, 2, 3, 4, 5, 6, 7, 8, 9, 10, 11, 12, 13, 14, 15, 16, 17, 18, 19, 20, 21, 22, 23, 24, 25, 26, 27, 28, 29, 30, 31
Valid weekdays: Monday, Tuesday, Wednesday, Thursday, Friday, Saturday, Sunday
When: 12:00:00
Current Time: 2011-01-01 12:30:00
Valid Interval: 11:00:00-13:00:00
Valid days of month: 1, 2, 3, 4, 5, 6, 7, 8, 9, 10, 11, 12, 13, 14, 15, 16, 17, 18, 19, 20, 21, 22, 23, 24, 25, 26, 27, 28, 29, 30, 31
Valid weekdays: Monday, Tuesday, Wednesday, Thursday, Friday, Saturday, Sunday
When: 12:00:00
Current Time: 2011-01-01 13:00:00
Valid Interval: 11:00:00-13:00:00
Valid days of month: 1, 2, 3, 4, 5, 6, 7, 8, 9, 10, 11, 12, 13, 14, 15, 16, 17, 18, 19, 20, 21, 22, 23, 24, 25, 26, 27, 28, 29, 30, 31
Valid weekdays: Monday, Tuesday, Wednesday, Thursday, Friday, Saturday, Sunday
When: 12:00:00
Current Time: 2011-01-01 14:30:00
Valid Interval: 23:00:00-13:00:00
Valid days of month: 1, 2, 3, 4, 5, 6, 7, 8, 9, 10, 11, 12, 13, 14, 15, 16, 17, 18, 19, 20, 21, 22, 23, 24, 25, 26, 27, 28, 29, 30, 31
Valid weekdays: Monday, Tuesday, Wednesday, Thursday, Friday, Saturday, Sunday
When: 23:30:00
Current Time: 2011-01-01 16:00:00
Valid Interval: 23:00:00-13:00:00
Valid days of month: 1, 2, 3, 4, 5, 6, 7, 8, 9, 10, 11, 12, 13, 14, 15, 16, 17, 18, 19, 20, 21, 22, 23, 24, 25, 26, 27, 28, 29, 30, 31
Valid weekdays: Monday, Tuesday, Wednesday, Thursday, Friday, Saturday, Sunday
When: 23:30:00
Current Time: 2011-01-01 23:00:00
Valid Interval: 23:00:00-13:00:00
Valid days of month: 1, 2, 3, 4, 5, 6, 7, 8, 9, 10, 11, 12, 13, 14, 15, 16, 17, 18, 19, 20, 21, 22, 23, 24, 25, 26, 27, 28, 29, 30, 31
Valid weekdays: Monday, Tuesday, Wednesday, Thursday, Friday, Saturday, Sunday
When: 23:30:00
Current Time: 2011-01-01 23:30:00
Valid Interval: 23:00:00-13:00:00
Valid days of month: 1, 2, 3, 4, 5, 6, 7, 8, 9, 10, 11, 12, 13, 14, 15, 16, 17, 18, 19, 20, 21, 22, 23, 24, 25, 26, 27, 28, 29, 30, 31
Valid weekdays: Monday, Tuesday, Wednesday, Thursday, Friday, Saturday, Sunday
When: 23:30:00
Current Time: 2011-01-01 23:45:00
Valid Interval: 23:00:00-13:00:00
Valid days of month: 1, 2, 3, 4, 5, 6, 7, 8, 9, 10, 11, 12, 13, 14, 15, 16, 17, 18, 19, 20, 21, 22, 23, 24, 25, 26, 27, 28, 29, 30, 31
Valid weekdays: Monday, Tuesday, Wednesday, Thursday, Friday, Saturday, Sunday
When: 23:30:00
Current Time: 2011-01-02 00:30:00
Valid Interval: 23:00:00-13:00:00
Valid days of month: 1, 2, 3, 4, 5, 6, 7, 8, 9, 10, 11, 12, 13, 14, 15, 16, 17, 18, 19, 20, 21, 22, 23, 24, 25, 26, 27, 28, 29, 30, 31
Valid weekdays: Monday, Tuesday, Wednesday, Thursday, Friday, Saturday, Sunday
When: 23:30:00
Current Time: 2011-01-01 13:00:00
Valid Interval: 23:00:00-13:00:00
Valid days of month: 1, 2, 3, 4, 5, 6, 7, 8, 9, 10, 11, 12, 13, 14, 15, 16, 17, 18, 19, 20, 21, 22, 23, 24, 25, 26, 27, 28, 29, 30, 31
Valid weekdays: Monday, Tuesday, Wednesday, Thursday, Friday, Saturday, Sunday
When: 01:00:00
Current Time: 2011-01-01 16:00:00
Valid Interval: 23:00:00-13:00:00
Valid days of month: 1, 2, 3, 4, 5, 6, 7, 8, 9, 10, 11, 12, 13, 14, 15, 16, 17, 18, 19, 20, 21, 22, 23, 24, 25, 26, 27, 28, 29, 30, 31
Valid weekdays: Monday, Tuesday, Wednesday, Thursday, Friday, Saturday, Sunday
When: 01:00:00
Current Time: 2011-01-01 23:00:00
Valid Interval: 23:00:00-13:00:00
Valid days of month: 1, 2, 3, 4, 5, 6, 7, 8, 9, 10, 11, 12, 13, 14, 15, 16, 17, 18, 19, 20, 21, 22, 23, 24, 25, 26, 27, 28, 29, 30, 31
Valid weekdays: Monday, Tuesday, Wednesday, Thursday, Friday, Saturday, Sunday
When: 01:00:00
Current Time: 2011-01-01 23:30:00
Valid Interval: 23:00:00-13:00:00
Valid days of month: 1, 2, 3, 4, 5, 6, 7, 8, 9, 10, 11, 12, 13, 14, 15, 16, 17, 18, 19, 20, 21, 22, 23, 24, 25, 26, 27, 28, 29, 30, 31
Valid weekdays: Monday, Tuesday, Wednesday, Thursday, Friday, Saturday, Sunday
When: 01:00:00
Current Time: 2011-01-02 00:30:00
Valid Interval: 23:00:00-13:00:00
Valid days of month: 1, 2, 3, 4, 5, 6, 7, 8, 9, 10, 11, 12, 13, 14, 15, 16, 17, 18, 19, 20, 21, 22, 23, 24, 25, 26, 27, 28, 29, 30, 31
Valid weekdays: Monday, Tuesday, Wednesday, Thursday, Friday, Saturday, Sunday
When: 01:00:00
Current Time: 2011-01-01 02:00:00
Valid Interval: 23:00:00-13:00:00
Valid days of month: 1, 2, 3, 4, 5, 6, 7, 8, 9, 10, 11, 12, 13, 14, 15, 16, 17, 18, 19, 20, 21, 22, 23, 24, 25, 26, 27, 28, 29, 30, 31
Valid weekdays: Monday, Tuesday, Wednesday, Thursday, Friday, Saturday, Sunday
When: 01:00:00
Current Time: 2011-01-01 13:00:00
Valid Interval: 23:00:00-13:00:00
Valid days of month: 1, 2, 3, 4, 5, 6, 7, 8, 9, 10, 11, 12, 13, 14, 15, 16, 17, 18, 19, 20, 21, 22, 23, 24, 25, 26, 27, 28, 29, 30, 31
Valid weekdays: Monday, Tuesday, Wednesday, Thursday, Friday, Saturday, Sunday
When: 23:30:00
Current Time: 2011-01-01 16:00:00
Valid Interval: 23:00:00-13:00:00
Valid days of month: 1, 2, 3, 4, 5, 6, 7, 8, 9, 10, 11, 12, 13, 14, 15, 16, 17, 18, 19, 20, 21, 22, 23, 24, 25, 26, 27, 28, 29, 30, 31
Valid weekdays: Monday, Tuesday, Wednesday, Thursday, Friday, Saturday, Sunday
When: 23:30:00
Current Time: 2011-01-01 23:00:00
Valid Interval: 23:00:00-13:00:00
Valid days of month: 1, 2, 3, 4, 5, 6, 7, 8, 9, 10, 11, 12, 13, 14, 15, 16, 17, 18, 19, 20, 21, 22, 23, 24, 25, 26, 27, 28, 29, 30, 31
Valid weekdays: Monday, Tuesday, Wednesday, Thursday, Friday, Saturday, Sunday
When: 23:30:00
Current Time: 2011-01-01 23:30:00
Valid Interval: 23:00:00-13:00:00
Valid days of month: 1, 2, 3, 4, 5, 6, 7, 8, 9, 10, 11, 12, 13, 14, 15, 16, 17, 18, 19, 20, 21, 22, 23, 24, 25, 26, 27, 28, 29, 30, 31
Valid weekdays: Monday, Tuesday, Wednesday, Thursday, Friday, Saturday, Sunday
When: 23:30:00
Current Time: 2011-01-01 23:45:00
Valid Interval: 23:00:00-13:00:00
Valid days of month: 1, 2, 3, 4, 5, 6, 7, 8, 9, 10, 11, 12, 13, 14, 15, 16, 17, 18, 19, 20, 21, 22, 23, 24, 25, 26, 27, 28, 29, 30, 31
Valid weekdays: Monday, Tuesday, Wednesday, Thursday, Friday, Saturday, Sunday
When: 23:30:00
Current Time: 2011-01-02 00:30:00
Valid Interval: 23:00:00-13:00:00
Valid days of month: 1, 2, 3, 4, 5, 6, 7, 8, 9, 10, 11, 12, 13, 14, 15, 16, 17, 18, 19, 20, 21, 22, 23, 24, 25, 26, 27, 28, 29, 30, 31
Valid weekdays: Monday, Tuesday, Wednesday, Thursday, Friday, Saturday, Sunday
When: 23:30:00
Current Time: 2011-01-01 13:00:00
Valid Interval: 23:00:00-13:00:00
Valid days of month: 1, 2, 3, 4, 5, 6, 7, 8, 9, 10, 11, 12, 13, 14, 15, 16, 17, 18, 19, 20, 21, 22, 23, 24, 25, 26, 27, 28, 29, 30, 31
Valid weekdays: Monday, Tuesday, Wednesday, Thursday, Friday, Saturday, Sunday
When: 01:00:00
Current Time: 2011-01-01 16:00:00
Valid Interval: 23:00:00-13:00:00
Valid days of month: 1, 2, 3, 4, 5, 6, 7, 8, 9, 10, 11, 12, 13, 14, 15, 16, 17, 18, 19, 20, 21, 22, 23, 24, 25, 26, 27, 28, 29, 30, 31
Valid weekdays: Monday, Tuesday, Wednesday, Thursday, Friday, Saturday, Sunday
When: 01:00:00
Current Time: 2011-01-01 23:00:00
Valid Interval: 23:00:00-13:00:00
Valid days of month: 1, 2, 3, 4, 5, 6, 7, 8, 9, 10, 11, 12, 13, 14, 15, 16, 17, 18, 19, 20, 21, 22, 23, 24, 25, 26, 27, 28, 29, 30, 31
Valid weekdays: Monday, Tuesday, Wednesday, Thursday, Friday, Saturday, Sunday
When: 01:00:00
Current Time: 2011-01-01 23:30:00
Valid Interval: 23:00:00-13:00:00
Valid days of month: 1, 2, 3, 4, 5, 6, 7, 8, 9, 10, 11, 12, 13, 14, 15, 16, 17, 18, 19, 20, 21, 22, 23, 24, 25, 26, 27, 28, 29, 30, 31
Valid weekdays: Monday, Tuesday, Wednesday, Thursday, Friday, Saturday, Sunday
When: 01:00:00
Current Time: 2011-01-02 00:30:00
Valid Interval: 23:00:00-13:00:00
Valid days of month: 1, 2, 3, 4, 5, 6, 7, 8, 9, 10, 11, 12, 13, 14, 15, 16, 17, 18, 19, 20, 21, 22, 23, 24, 25, 26, 27, 28, 29, 30, 31
Valid weekdays: Monday, Tuesday, Wednesday, Thursday, Friday, Saturday, Sunday
When: 01:00:00
Current Time: 2011-01-02 02:00:00
Valid Interval: 23:00:00-13:00:00
Valid days of month: 1, 2, 3, 4, 5, 6, 7, 8, 9, 10, 11, 12, 13, 14, 15, 16, 17, 18, 19, 20, 21, 22, 23, 24, 25, 26, 27, 28, 29, 30, 31
Valid weekdays: Monday, Tuesday, Wednesday, Thursday, Friday, Saturday, Sunday
When: 01:00:00
Current Time: 2011-01-02 13:00:00
Valid Interval: 23:00:00-13:00:00
Valid days of month: 1, 2, 3, 4, 5, 6, 7, 8, 9, 10, 11, 12, 13, 14, 15, 16, 17, 18, 19, 20, 21, 22, 23, 24, 25, 26, 27, 28, 29, 30, 31
Valid weekdays: Monday, Tuesday, Wednesday, Thursday, Friday, Saturday, Sunday
When: 23:30:00
Current Time: 2011-01-01 23:30:05
Valid Interval: 23:00:00-13:00:00
Valid days of month: 1, 2, 3, 4, 5, 6, 7, 8, 9, 10, 11, 12, 13, 14, 15, 16, 17, 18, 19, 20, 21, 22, 23, 24, 25, 26, 27, 28, 29, 30, 31
Valid weekdays: Monday, Tuesday, Wednesday, Thursday, Friday, Saturday, Sunday
When: 23:30:00
Current Time: 2011-01-02 00:30:00
Valid Interval: 23:00:00-13:00:00
Valid days of month: 1, 2, 3, 4, 5, 6, 7, 8, 9, 10, 11, 12, 13, 14, 15, 16, 17, 18, 19, 20, 21, 22, 23, 24, 25, 26, 27, 28, 29, 30, 31
Valid weekdays: Monday, Tuesday, Wednesday, Thursday, Friday, Saturday, Sunday
When: 23:30:00
Current Time: 2011-01-02 13:00:00
Valid Interval: 23:00:00-13:00:00
Valid days of month: 1, 2, 3, 4, 5, 6, 7, 8, 9, 10, 11, 12, 13, 14, 15, 16, 17, 18, 19, 20, 21, 22, 23, 24, 25, 26, 27, 28, 29, 30, 31
Valid weekdays: Monday, Tuesday, Wednesday, Thursday, Friday, Saturday, Sunday
When: 01:00:00
Current Time: 2011-01-01 02:00:00
Valid Interval: 23:00:00-13:00:00
Valid days of month: 1, 2, 3, 4, 5, 6, 7, 8, 9, 10, 11, 12, 13, 14, 15, 16, 17, 18, 19, 20, 21, 22, 23, 24, 25, 26, 27, 28, 29, 30, 31
Valid weekdays: Monday, Tuesday, Wednesday, Thursday, Friday, Saturday, Sunday
When: 01:00:00
Current Time: 2011-01-02 02:00:00
Valid Interval: 13:00:00-16:00:00
Valid days of month: 1, 2, 3, 4, 5, 6, 7, 8, 9, 10, 11, 12, 13, 14, 15, 16, 17, 18, 19, 20, 21, 22, 23, 24, 25, 26, 27, 28, 29, 30, 31
Valid weekdays: Saturday, Sunday
When: 14:00:00
Current Time: 2007-01-01 12:00:00
Valid Interval: 13:00:00-16:00:00
Valid days of month: 1, 2, 3, 4, 5, 6, 7, 8, 9, 10, 11, 12, 13, 14, 15, 16, 17, 18, 19, 20, 21, 22, 23, 24, 25, 26, 27, 28, 29, 30, 31
Valid weekdays: Saturday, Sunday
When: 14:00:00
Current Time: 2007-01-02 13:30:00
Valid Interval: 13:00:00-16:00:00
Valid days of month: 1, 2, 3, 4, 5, 6, 7, 8, 9, 10, 11, 12, 13, 14, 15, 16, 17, 18, 19, 20, 21, 22, 23, 24, 25, 26, 27, 28, 29, 30, 31
Valid weekdays: Saturday, Sunday
When: 14:00:00
Current Time: 2007-01-06 13:30:00
Valid Interval: 13:00:00-16:00:00
Valid days of month: 1, 2, 3, 4, 5, 6, 7, 8, 9, 10, 11, 12, 13, 14, 15, 16, 17, 18, 19, 20, 21, 22, 23, 24, 25, 26, 27, 28, 29, 30, 31
Valid weekdays: Saturday, Sunday
When: 14:00:00
Current Time: 2007-01-06 14:30:00
Valid Interval: 13:00:00-16:00:00
Valid days of month: 1, 2, 3, 4, 5, 6, 7, 8, 9, 10, 11, 12, 13, 14, 15, 16, 17, 18, 19, 20, 21, 22, 23, 24, 25, 26, 27, 28, 29, 30, 31
Valid weekdays: Saturday, Sunday
When: 14:00:00
Current Time: 2007-01-06 16:30:00
Valid Interval: 13:00:00-16:00:00
Valid days of month: 1, 2, 3, 4, 5, 6, 7, 8, 9, 10, 11, 12, 13, 14, 15, 16, 17, 18, 19, 20, 21, 22, 23, 24, 25, 26, 27, 28, 29, 30, 31
Valid weekdays: Saturday, Sunday
When: 14:00:00
Current Time: 2007-01-07 16:00:00
Valid Interval: 23:00:00-02:00:00
Valid days of month: 1, 2, 3, 4, 5, 6, 7, 8, 9, 10, 11, 12, 13, 14, 15, 16, 17, 18, 19, 20, 21, 22, 23, 24, 25, 26, 27, 28, 29, 30, 31
Valid weekdays: Saturday, Sunday
When: 01:00:00
Current Time: 2007-01-01 12:00:00
Valid Interval: 23:00:00-02:00:00
Valid days of month: 1, 2, 3, 4, 5, 6, 7, 8, 9, 10, 11, 12, 13, 14, 15, 16, 17, 18, 19, 20, 21, 22, 23, 24, 25, 26, 27, 28, 29, 30, 31
Valid weekdays: Saturday, Sunday
When: 01:00:00
Current Time: 2007-01-02 01:00:00
Valid Interval: 23:00:00-02:00:00
Valid days of month: 1, 2, 3, 4, 5, 6, 7, 8, 9, 10, 11, 12, 13, 14, 15, 16, 17, 18, 19, 20, 21, 22, 23, 24, 25, 26, 27, 28, 29, 30, 31
Valid weekdays: Saturday, Sunday
When: 01:00:00
Current Time: 2007-01-06 00:30:00
Valid Interval: 23:00:00-02:00:00
Valid days of month: 1, 2, 3, 4, 5, 6, 7, 8, 9, 10, 11, 12, 13, 14, 15, 16, 17, 18, 19, 20, 21, 22, 23, 24, 25, 26, 27, 28, 29, 30, 31
Valid weekdays: Saturday, Sunday
When: 01:00:00
Current Time: 2007-01-06 01:30:00
Valid Interval: 23:00:00-02:00:00
Valid days of month: 1, 2, 3, 4, 5, 6, 7, 8, 9, 10, 11, 12, 13, 14, 15, 16, 17, 18, 19, 20, 21, 22, 23, 24, 25, 26, 27, 28, 29, 30, 31
Valid weekdays: Saturday, Sunday
When: 01:00:00
Current Time: 2007-01-06 02:30:00
Valid Interval: 23:00:00-02:00:00
Valid days of month: 1, 2, 3, 4, 5, 6, 7, 8, 9, 10, 11, 12, 13, 14, 15, 16, 17, 18, 19, 20, 21, 22, 23, 24, 25, 26, 27, 28, 29, 30, 31
Valid weekdays: Saturday, Sunday
When: 01:00:00
Current Time: 2007-01-07 02:00:00
Valid Interval: 23:00:00-02:00:00
Valid days of month: 1, 2, 3, 4, 5, 6, 7, 8, 9, 10, 11, 12, 13, 14, 15, 16, 17, 18, 19, 20, 21, 22, 23, 24, 25, 26, 27, 28, 29, 30, 31
Valid weekdays: Saturday, Sunday
When: 23:30:00
Current Time: 2007-01-01 12:00:00
Valid Interval: 23:00:00-02:00:00
Valid days of month: 1, 2, 3, 4, 5, 6, 7, 8, 9, 10, 11, 12, 13, 14, 15, 16, 17, 18, 19, 20, 21, 22, 23, 24, 25, 26, 27, 28, 29, 30, 31
Valid weekdays: Saturday, Sunday
When: 23:30:00
Current Time: 2007-01-05 23:30:00
Valid Interval: 23:00:00-02:00:00
Valid days of month: 1, 2, 3, 4, 5, 6, 7, 8, 9, 10, 11, 12, 13, 14, 15, 16, 17, 18, 19, 20, 21, 22, 23, 24, 25, 26, 27, 28, 29, 30, 31
Valid weekdays: Saturday, Sunday
When: 23:30:00
Current Time: 2007-01-06 23:00:00
Valid Interval: 23:00:00-02:00:00
Valid days of month: 1, 2, 3, 4, 5, 6, 7, 8, 9, 10, 11, 12, 13, 14, 15, 16, 17, 18, 19, 20, 21, 22, 23, 24, 25, 26, 27, 28, 29, 30, 31
Valid weekdays: Saturday, Sunday
When: 23:30:00
Current Time: 2007-01-06 02:00:00
Valid Interval: 23:00:00-02:00:00
Valid days of month: 1, 2, 3, 4, 5, 6, 7, 8, 9, 10, 11, 12, 13, 14, 15, 16, 17, 18, 19, 20, 21, 22, 23, 24, 25, 26, 27, 28, 29, 30, 31
Valid weekdays: Saturday, Sunday
When: 23:30:00
Current Time: 2007-01-07 23:40:00
Valid Interval: 23:00:00-02:00:00
Valid days of month: 1, 2, 3, 4, 5, 6, 7, 8, 9, 10, 11, 12, 13, 14, 15, 16, 17, 18, 19, 20, 21, 22, 23, 24, 25, 26, 27, 28, 29, 30, 31
Valid weekdays: Saturday, Sunday
When: 23:30:00
Current Time: 2007-01-07 01:00:00
Valid Interval: 13:00:00-16:00:00
Valid days of month: 1, 2, 3, 4, 5, 6, 7, 8, 9, 10, 11, 12, 13, 14, 15, 16, 17, 18, 19, 20, 21, 22, 23, 24, 25, 26, 27, 28, 29, 30, 31
Valid weekdays: Saturday, Sunday
When: 14:00:00
Current Time: 2007-01-01 12:00:00
Valid Interval: 13:00:00-16:00:00
Valid days of month: 1, 2, 3, 4, 5, 6, 7, 8, 9, 10, 11, 12, 13, 14, 15, 16, 17, 18, 19, 20, 21, 22, 23, 24, 25, 26, 27, 28, 29, 30, 31
Valid weekdays: Saturday, Sunday
When: 14:00:00
Current Time: 2007-01-02 13:30:00
Valid Interval: 13:00:00-16:00:00
Valid days of month: 1, 2, 3, 4, 5, 6, 7, 8, 9, 10, 11, 12, 13, 14, 15, 16, 17, 18, 19, 20, 21, 22, 23, 24, 25, 26, 27, 28, 29, 30, 31
Valid weekdays: Saturday, Sunday
When: 14:00:00
Current Time: 2007-01-06 13:30:00
Valid Interval: 13:00:00-16:00:00
Valid days of month: 1, 2, 3, 4, 5, 6, 7, 8, 9, 10, 11, 12, 13, 14, 15, 16, 17, 18, 19, 20, 21, 22, 23, 24, 25, 26, 27, 28, 29, 30, 31
Valid weekdays: Saturday, Sunday
When: 14:00:00
Current Time: 2007-01-06 14:30:00
Valid Interval: 13:00:00-16:00:00
Valid days of month: 1, 2, 3, 4, 5, 6, 7, 8, 9, 10, 11, 12, 13, 14, 15, 16, 17, 18, 19, 20, 21, 22, 23, 24, 25, 26, 27, 28, 29, 30, 31
Valid weekdays: Saturday, Sunday
When: 14:00:00
Current Time: 2007-01-06 16:30:00
Valid Interval: 13:00:00-16:00:00
Valid days of month: 1, 2, 3, 4, 5, 6, 7, 8, 9, 10, 11, 12, 13, 14, 15, 16, 17, 18, 19, 20, 21, 22, 23, 24, 25, 26, 27, 28, 29, 30, 31
Valid weekdays: Saturday, Sunday
When: 14:00:00
Current Time: 2007-01-07 16:00:00
Valid Interval: 23:00:00-02:00:00
Valid days of month: 1, 2, 3, 4, 5, 6, 7, 8, 9, 10, 11, 12, 13, 14, 15, 16, 17, 18, 19, 20, 21, 22, 23, 24, 25, 26, 27, 28, 29, 30, 31
Valid weekdays: Saturday, Sunday
When: 01:00:00
Current Time: 2007-01-01 12:00:00
Valid Interval: 23:00:00-02:00:00
Valid days of month: 1, 2, 3, 4, 5, 6, 7, 8, 9, 10, 11, 12, 13, 14, 15, 16, 17, 18, 19, 20, 21, 22, 23, 24, 25, 26, 27, 28, 29, 30, 31
Valid weekdays: Saturday, Sunday
When: 01:00:00
Current Time: 2007-01-02 01:00:00
Valid Interval: 23:00:00-02:00:00
Valid days of month: 1, 2, 3, 4, 5, 6, 7, 8, 9, 10, 11, 12, 13, 14, 15, 16, 17, 18, 19, 20, 21, 22, 23, 24, 25, 26, 27, 28, 29, 30, 31
Valid weekdays: Saturday, Sunday
When: 01:00:00
Current Time: 2007-01-06 00:30:00
Valid Interval: 23:00:00-02:00:00
Valid days of month: 1, 2, 3, 4, 5, 6, 7, 8, 9, 10, 11, 12, 13, 14, 15, 16, 17, 18, 19, 20, 21, 22, 23, 24, 25, 26, 27, 28, 29, 30, 31
Valid weekdays: Saturday, Sunday
When: 01:00:00
Current Time: 2007-01-06 02:30:00
Valid Interval: 23:00:00-02:00:00
Valid days of month: 1, 2, 3, 4, 5, 6, 7, 8, 9, 10, 11, 12, 13, 14, 15, 16, 17, 18, 19, 20, 21, 22, 23, 24, 25, 26, 27, 28, 29, 30, 31
Valid weekdays: Saturday, Sunday
When: 23:30:00
Current Time: 2007-01-01 12:00:00
Valid Interval: 23:00:00-02:00:00
Valid days of month: 1, 2, 3, 4, 5, 6, 7, 8, 9, 10, 11, 12, 13, 14, 15, 16, 17, 18, 19, 20, 21, 22, 23, 24, 25, 26, 27, 28, 29, 30, 31
Valid weekdays: Saturday, Sunday
When: 23:30:00
Current Time: 2007-01-05 23:30:00
Valid Interval: 23:00:00-02:00:00
Valid days of month: 1, 2, 3, 4, 5, 6, 7, 8, 9, 10, 11, 12, 13, 14, 15, 16, 17, 18, 19, 20, 21, 22, 23, 24, 25, 26, 27, 28, 29, 30, 31
Valid weekdays: Saturday, Sunday
When: 23:30:00
Current Time: 2007-01-06 23:00:00
Valid Interval: 23:00:00-02:00:00
Valid days of month: 1, 2, 3, 4, 5, 6, 7, 8, 9, 10, 11, 12, 13, 14, 15, 16, 17, 18, 19, 20, 21, 22, 23, 24, 25, 26, 27, 28, 29, 30, 31
Valid weekdays: Saturday, Sunday
When: 23:30:00
Current Time: 2007-01-06 02:00:00
Valid Interval: 23:00:00-02:00:00
Valid days of month: 1, 2, 3, 4, 5, 6, 7, 8, 9, 10, 11, 12, 13, 14, 15, 16, 17, 18, 19, 20, 21, 22, 23, 24, 25, 26, 27, 28, 29, 30, 31
Valid weekdays: Saturday, Sunday
When: 23:30:00
Current Time: 2007-01-07 23:40:00
Valid Interval: 23:00:00-02:00:00
Valid days of month: 1, 2, 3, 4, 5, 6, 7, 8, 9, 10, 11, 12, 13, 14, 15, 16, 17, 18, 19, 20, 21, 22, 23, 24, 25, 26, 27, 28, 29, 30, 31
Valid weekdays: Saturday, Sunday
When: 23:30:00
Current Time: 2007-01-07 01:00:00
Valid Interval: 13:00:00-16:00:00
Valid days of month: 1, 2, 3, 4, 5, 6, 7, 8, 9, 10, 11, 12, 13, 14, 15, 16, 17, 18, 19, 20, 21, 22, 23, 24, 25, 26, 27, 28, 29, 30, 31
Valid weekdays: Saturday, Sunday
When: 14:00:00
Current Time: 2007-01-06 14:30:00
Valid Interval: 13:00:00-16:00:00
Valid days of month: 1, 2, 3, 4, 5, 6, 7, 8, 9, 10, 11, 12, 13, 14, 15, 16, 17, 18, 19, 20, 21, 22, 23, 24, 25, 26, 27, 28, 29, 30, 31
Valid weekdays: Saturday, Sunday
When: 14:00:00
Current Time: 2007-01-07 15:00:00
Valid Interval: 23:00:00-02:00:00
Valid days of month: 1, 2, 3, 4, 5, 6, 7, 8, 9, 10, 11, 12, 13, 14, 15, 16, 17, 18, 19, 20, 21, 22, 23, 24, 25, 26, 27, 28, 29, 30, 31
Valid weekdays: Saturday, Sunday
When: 01:00:00
Current Time: 2007-01-06 01:30:00
Valid Interval: 23:00:00-02:00:00
Valid days of month: 1, 2, 3, 4, 5, 6, 7, 8, 9, 10, 11, 12, 13, 14, 15, 16, 17, 18, 19, 20, 21, 22, 23, 24, 25, 26, 27, 28, 29, 30, 31
Valid weekdays: Saturday, Sunday
When: 01:00:00
Current Time: 2007-01-07 01:30:00
Valid Interval: 23:00:00-02:00:00
Valid days of month: 1, 2, 3, 4, 5, 6, 7, 8, 9, 10, 11, 12, 13, 14, 15, 16, 17, 18, 19, 20, 21, 22, 23, 24, 25, 26, 27, 28, 29, 30, 31
Valid weekdays: Saturday, Sunday
When: 23:30:00
Current Time: 2007-01-06 23:02:00
Valid Interval: 23:00:00-02:00:00
Valid days of month: 1, 2, 3, 4, 5, 6, 7, 8, 9, 10, 11, 12, 13, 14, 15, 16, 17, 18, 19, 20, 21, 22, 23, 24, 25, 26, 27, 28, 29, 30, 31
Valid weekdays: Saturday, Sunday
When: 23:30:00
Current Time: 2007-01-06 01:10:00
Valid Interval: 23:00:00-02:00:00
Valid days of month: 1, 2, 3, 4, 5, 6, 7, 8, 9, 10, 11, 12, 13, 14, 15, 16, 17, 18, 19, 20, 21, 22, 23, 24, 25, 26, 27, 28, 29, 30, 31
Valid weekdays: Saturday, Sunday
When: 23:30:00
Current Time: 2007-01-07 01:00:40
Valid Interval: 23:00:00-02:00:00
Valid days of month: 2
Valid weekdays: Saturday, Sunday
When: 23:30:00
Current Time: 2007-01-01 12:00:00
Valid Interval: 23:00:00-02:00:00
Valid days of month: 1, 2
Valid weekdays: Saturday, Sunday
When: 23:30:00
Current Time: 2007-01-05 23:30:00
Valid Interval: 23:00:00-02:00:00
Valid days of month: 1, 2
Valid weekdays: Saturday, Sunday
When: 23:30:00
Current Time: 2007-01-06 23:00:00</StdOut>
      </Output>
    </UnitTestResult>
    <UnitTestResult executionId="33eff308-113b-4c2b-89d6-2b036f65fc62" testId="445227fa-43d4-4eb1-acf8-5b359565f6b8" testName="GetNextTimeToTrigger_AbsoluteTimer_ReturnsCorrectTime (Data Row 55)" computerName="ICSWS068" duration="00:00:00.0038582" startTime="2016-08-04T07:57:22.8524059+02:00" endTime="2016-08-04T07:57:22.8559085+02:00" testType="13cdc9d9-ddb5-4fa4-a97d-d965ccfc6d4b" outcome="Passed" testListId="8c84fa94-04c1-424b-9868-57a2d4851a1d" relativeResultsDirectory="33eff308-113b-4c2b-89d6-2b036f65fc62">
      <Output>
        <StdOut>TestContext Messages:
Valid Interval: 11:00:00-13:00:00
Valid days of month: 1, 2, 3, 4, 5, 6, 7, 8, 9, 10, 11, 12, 13, 14, 15, 16, 17, 18, 19, 20, 21, 22, 23, 24, 25, 26, 27, 28, 29, 30, 31
Valid weekdays: Monday, Tuesday, Wednesday, Thursday, Friday, Saturday, Sunday
When: 12:00:00
Current Time: 2011-01-01 00:00:00
Valid Interval: 11:00:00-13:00:00
Valid days of month: 1, 2, 3, 4, 5, 6, 7, 8, 9, 10, 11, 12, 13, 14, 15, 16, 17, 18, 19, 20, 21, 22, 23, 24, 25, 26, 27, 28, 29, 30, 31
Valid weekdays: Monday, Tuesday, Wednesday, Thursday, Friday, Saturday, Sunday
When: 12:00:00
Current Time: 2011-01-01 09:00:00
Valid Interval: 11:00:00-13:00:00
Valid days of month: 1, 2, 3, 4, 5, 6, 7, 8, 9, 10, 11, 12, 13, 14, 15, 16, 17, 18, 19, 20, 21, 22, 23, 24, 25, 26, 27, 28, 29, 30, 31
Valid weekdays: Monday, Tuesday, Wednesday, Thursday, Friday, Saturday, Sunday
When: 12:00:00
Current Time: 2011-01-01 11:00:00
Valid Interval: 11:00:00-13:00:00
Valid days of month: 1, 2, 3, 4, 5, 6, 7, 8, 9, 10, 11, 12, 13, 14, 15, 16, 17, 18, 19, 20, 21, 22, 23, 24, 25, 26, 27, 28, 29, 30, 31
Valid weekdays: Monday, Tuesday, Wednesday, Thursday, Friday, Saturday, Sunday
When: 12:00:00
Current Time: 2011-01-01 12:00:00
Valid Interval: 11:00:00-13:00:00
Valid days of month: 1, 2, 3, 4, 5, 6, 7, 8, 9, 10, 11, 12, 13, 14, 15, 16, 17, 18, 19, 20, 21, 22, 23, 24, 25, 26, 27, 28, 29, 30, 31
Valid weekdays: Monday, Tuesday, Wednesday, Thursday, Friday, Saturday, Sunday
When: 12:00:00
Current Time: 2011-01-01 12:30:00
Valid Interval: 11:00:00-13:00:00
Valid days of month: 1, 2, 3, 4, 5, 6, 7, 8, 9, 10, 11, 12, 13, 14, 15, 16, 17, 18, 19, 20, 21, 22, 23, 24, 25, 26, 27, 28, 29, 30, 31
Valid weekdays: Monday, Tuesday, Wednesday, Thursday, Friday, Saturday, Sunday
When: 12:00:00
Current Time: 2011-01-01 13:00:00
Valid Interval: 11:00:00-13:00:00
Valid days of month: 1, 2, 3, 4, 5, 6, 7, 8, 9, 10, 11, 12, 13, 14, 15, 16, 17, 18, 19, 20, 21, 22, 23, 24, 25, 26, 27, 28, 29, 30, 31
Valid weekdays: Monday, Tuesday, Wednesday, Thursday, Friday, Saturday, Sunday
When: 12:00:00
Current Time: 2011-01-02 00:00:00
Valid Interval: 11:00:00-13:00:00
Valid days of month: 1, 2, 3, 4, 5, 6, 7, 8, 9, 10, 11, 12, 13, 14, 15, 16, 17, 18, 19, 20, 21, 22, 23, 24, 25, 26, 27, 28, 29, 30, 31
Valid weekdays: Monday, Tuesday, Wednesday, Thursday, Friday, Saturday, Sunday
When: 12:00:00
Current Time: 2011-01-02 09:00:00
Valid Interval: 11:00:00-13:00:00
Valid days of month: 1, 2, 3, 4, 5, 6, 7, 8, 9, 10, 11, 12, 13, 14, 15, 16, 17, 18, 19, 20, 21, 22, 23, 24, 25, 26, 27, 28, 29, 30, 31
Valid weekdays: Monday, Tuesday, Wednesday, Thursday, Friday, Saturday, Sunday
When: 12:00:00
Current Time: 2011-01-02 12:00:00
Valid Interval: 11:00:00-13:00:00
Valid days of month: 1, 2, 3, 4, 5, 6, 7, 8, 9, 10, 11, 12, 13, 14, 15, 16, 17, 18, 19, 20, 21, 22, 23, 24, 25, 26, 27, 28, 29, 30, 31
Valid weekdays: Monday, Tuesday, Wednesday, Thursday, Friday, Saturday, Sunday
When: 12:00:00
Current Time: 2011-01-02 12:45:30
Valid Interval: 11:00:00-13:00:00
Valid days of month: 1, 2, 3, 4, 5, 6, 7, 8, 9, 10, 11, 12, 13, 14, 15, 16, 17, 18, 19, 20, 21, 22, 23, 24, 25, 26, 27, 28, 29, 30, 31
Valid weekdays: Monday, Tuesday, Wednesday, Thursday, Friday, Saturday, Sunday
When: 12:00:00
Current Time: 2011-01-02 13:00:00
Valid Interval: 11:00:00-13:00:00
Valid days of month: 1, 2, 3, 4, 5, 6, 7, 8, 9, 10, 11, 12, 13, 14, 15, 16, 17, 18, 19, 20, 21, 22, 23, 24, 25, 26, 27, 28, 29, 30, 31
Valid weekdays: Monday, Tuesday, Wednesday, Thursday, Friday, Saturday, Sunday
When: 12:00:00
Current Time: 2011-01-01 12:00:00
Valid Interval: 11:00:00-13:00:00
Valid days of month: 1, 2, 3, 4, 5, 6, 7, 8, 9, 10, 11, 12, 13, 14, 15, 16, 17, 18, 19, 20, 21, 22, 23, 24, 25, 26, 27, 28, 29, 30, 31
Valid weekdays: Monday, Tuesday, Wednesday, Thursday, Friday, Saturday, Sunday
When: 12:00:00
Current Time: 2011-01-01 12:30:00
Valid Interval: 11:00:00-13:00:00
Valid days of month: 1, 2, 3, 4, 5, 6, 7, 8, 9, 10, 11, 12, 13, 14, 15, 16, 17, 18, 19, 20, 21, 22, 23, 24, 25, 26, 27, 28, 29, 30, 31
Valid weekdays: Monday, Tuesday, Wednesday, Thursday, Friday, Saturday, Sunday
When: 12:00:00
Current Time: 2011-01-01 12:30:00
Valid Interval: 11:00:00-13:00:00
Valid days of month: 1, 2, 3, 4, 5, 6, 7, 8, 9, 10, 11, 12, 13, 14, 15, 16, 17, 18, 19, 20, 21, 22, 23, 24, 25, 26, 27, 28, 29, 30, 31
Valid weekdays: Monday, Tuesday, Wednesday, Thursday, Friday, Saturday, Sunday
When: 12:00:00
Current Time: 2011-01-01 13:00:00
Valid Interval: 11:00:00-13:00:00
Valid days of month: 1, 2, 3, 4, 5, 6, 7, 8, 9, 10, 11, 12, 13, 14, 15, 16, 17, 18, 19, 20, 21, 22, 23, 24, 25, 26, 27, 28, 29, 30, 31
Valid weekdays: Monday, Tuesday, Wednesday, Thursday, Friday, Saturday, Sunday
When: 12:00:00
Current Time: 2011-01-01 14:30:00
Valid Interval: 23:00:00-13:00:00
Valid days of month: 1, 2, 3, 4, 5, 6, 7, 8, 9, 10, 11, 12, 13, 14, 15, 16, 17, 18, 19, 20, 21, 22, 23, 24, 25, 26, 27, 28, 29, 30, 31
Valid weekdays: Monday, Tuesday, Wednesday, Thursday, Friday, Saturday, Sunday
When: 23:30:00
Current Time: 2011-01-01 16:00:00
Valid Interval: 23:00:00-13:00:00
Valid days of month: 1, 2, 3, 4, 5, 6, 7, 8, 9, 10, 11, 12, 13, 14, 15, 16, 17, 18, 19, 20, 21, 22, 23, 24, 25, 26, 27, 28, 29, 30, 31
Valid weekdays: Monday, Tuesday, Wednesday, Thursday, Friday, Saturday, Sunday
When: 23:30:00
Current Time: 2011-01-01 23:00:00
Valid Interval: 23:00:00-13:00:00
Valid days of month: 1, 2, 3, 4, 5, 6, 7, 8, 9, 10, 11, 12, 13, 14, 15, 16, 17, 18, 19, 20, 21, 22, 23, 24, 25, 26, 27, 28, 29, 30, 31
Valid weekdays: Monday, Tuesday, Wednesday, Thursday, Friday, Saturday, Sunday
When: 23:30:00
Current Time: 2011-01-01 23:30:00
Valid Interval: 23:00:00-13:00:00
Valid days of month: 1, 2, 3, 4, 5, 6, 7, 8, 9, 10, 11, 12, 13, 14, 15, 16, 17, 18, 19, 20, 21, 22, 23, 24, 25, 26, 27, 28, 29, 30, 31
Valid weekdays: Monday, Tuesday, Wednesday, Thursday, Friday, Saturday, Sunday
When: 23:30:00
Current Time: 2011-01-01 23:45:00
Valid Interval: 23:00:00-13:00:00
Valid days of month: 1, 2, 3, 4, 5, 6, 7, 8, 9, 10, 11, 12, 13, 14, 15, 16, 17, 18, 19, 20, 21, 22, 23, 24, 25, 26, 27, 28, 29, 30, 31
Valid weekdays: Monday, Tuesday, Wednesday, Thursday, Friday, Saturday, Sunday
When: 23:30:00
Current Time: 2011-01-02 00:30:00
Valid Interval: 23:00:00-13:00:00
Valid days of month: 1, 2, 3, 4, 5, 6, 7, 8, 9, 10, 11, 12, 13, 14, 15, 16, 17, 18, 19, 20, 21, 22, 23, 24, 25, 26, 27, 28, 29, 30, 31
Valid weekdays: Monday, Tuesday, Wednesday, Thursday, Friday, Saturday, Sunday
When: 23:30:00
Current Time: 2011-01-01 13:00:00
Valid Interval: 23:00:00-13:00:00
Valid days of month: 1, 2, 3, 4, 5, 6, 7, 8, 9, 10, 11, 12, 13, 14, 15, 16, 17, 18, 19, 20, 21, 22, 23, 24, 25, 26, 27, 28, 29, 30, 31
Valid weekdays: Monday, Tuesday, Wednesday, Thursday, Friday, Saturday, Sunday
When: 01:00:00
Current Time: 2011-01-01 16:00:00
Valid Interval: 23:00:00-13:00:00
Valid days of month: 1, 2, 3, 4, 5, 6, 7, 8, 9, 10, 11, 12, 13, 14, 15, 16, 17, 18, 19, 20, 21, 22, 23, 24, 25, 26, 27, 28, 29, 30, 31
Valid weekdays: Monday, Tuesday, Wednesday, Thursday, Friday, Saturday, Sunday
When: 01:00:00
Current Time: 2011-01-01 23:00:00
Valid Interval: 23:00:00-13:00:00
Valid days of month: 1, 2, 3, 4, 5, 6, 7, 8, 9, 10, 11, 12, 13, 14, 15, 16, 17, 18, 19, 20, 21, 22, 23, 24, 25, 26, 27, 28, 29, 30, 31
Valid weekdays: Monday, Tuesday, Wednesday, Thursday, Friday, Saturday, Sunday
When: 01:00:00
Current Time: 2011-01-01 23:30:00
Valid Interval: 23:00:00-13:00:00
Valid days of month: 1, 2, 3, 4, 5, 6, 7, 8, 9, 10, 11, 12, 13, 14, 15, 16, 17, 18, 19, 20, 21, 22, 23, 24, 25, 26, 27, 28, 29, 30, 31
Valid weekdays: Monday, Tuesday, Wednesday, Thursday, Friday, Saturday, Sunday
When: 01:00:00
Current Time: 2011-01-02 00:30:00
Valid Interval: 23:00:00-13:00:00
Valid days of month: 1, 2, 3, 4, 5, 6, 7, 8, 9, 10, 11, 12, 13, 14, 15, 16, 17, 18, 19, 20, 21, 22, 23, 24, 25, 26, 27, 28, 29, 30, 31
Valid weekdays: Monday, Tuesday, Wednesday, Thursday, Friday, Saturday, Sunday
When: 01:00:00
Current Time: 2011-01-01 02:00:00
Valid Interval: 23:00:00-13:00:00
Valid days of month: 1, 2, 3, 4, 5, 6, 7, 8, 9, 10, 11, 12, 13, 14, 15, 16, 17, 18, 19, 20, 21, 22, 23, 24, 25, 26, 27, 28, 29, 30, 31
Valid weekdays: Monday, Tuesday, Wednesday, Thursday, Friday, Saturday, Sunday
When: 01:00:00
Current Time: 2011-01-01 13:00:00
Valid Interval: 23:00:00-13:00:00
Valid days of month: 1, 2, 3, 4, 5, 6, 7, 8, 9, 10, 11, 12, 13, 14, 15, 16, 17, 18, 19, 20, 21, 22, 23, 24, 25, 26, 27, 28, 29, 30, 31
Valid weekdays: Monday, Tuesday, Wednesday, Thursday, Friday, Saturday, Sunday
When: 23:30:00
Current Time: 2011-01-01 16:00:00
Valid Interval: 23:00:00-13:00:00
Valid days of month: 1, 2, 3, 4, 5, 6, 7, 8, 9, 10, 11, 12, 13, 14, 15, 16, 17, 18, 19, 20, 21, 22, 23, 24, 25, 26, 27, 28, 29, 30, 31
Valid weekdays: Monday, Tuesday, Wednesday, Thursday, Friday, Saturday, Sunday
When: 23:30:00
Current Time: 2011-01-01 23:00:00
Valid Interval: 23:00:00-13:00:00
Valid days of month: 1, 2, 3, 4, 5, 6, 7, 8, 9, 10, 11, 12, 13, 14, 15, 16, 17, 18, 19, 20, 21, 22, 23, 24, 25, 26, 27, 28, 29, 30, 31
Valid weekdays: Monday, Tuesday, Wednesday, Thursday, Friday, Saturday, Sunday
When: 23:30:00
Current Time: 2011-01-01 23:30:00
Valid Interval: 23:00:00-13:00:00
Valid days of month: 1, 2, 3, 4, 5, 6, 7, 8, 9, 10, 11, 12, 13, 14, 15, 16, 17, 18, 19, 20, 21, 22, 23, 24, 25, 26, 27, 28, 29, 30, 31
Valid weekdays: Monday, Tuesday, Wednesday, Thursday, Friday, Saturday, Sunday
When: 23:30:00
Current Time: 2011-01-01 23:45:00
Valid Interval: 23:00:00-13:00:00
Valid days of month: 1, 2, 3, 4, 5, 6, 7, 8, 9, 10, 11, 12, 13, 14, 15, 16, 17, 18, 19, 20, 21, 22, 23, 24, 25, 26, 27, 28, 29, 30, 31
Valid weekdays: Monday, Tuesday, Wednesday, Thursday, Friday, Saturday, Sunday
When: 23:30:00
Current Time: 2011-01-02 00:30:00
Valid Interval: 23:00:00-13:00:00
Valid days of month: 1, 2, 3, 4, 5, 6, 7, 8, 9, 10, 11, 12, 13, 14, 15, 16, 17, 18, 19, 20, 21, 22, 23, 24, 25, 26, 27, 28, 29, 30, 31
Valid weekdays: Monday, Tuesday, Wednesday, Thursday, Friday, Saturday, Sunday
When: 23:30:00
Current Time: 2011-01-01 13:00:00
Valid Interval: 23:00:00-13:00:00
Valid days of month: 1, 2, 3, 4, 5, 6, 7, 8, 9, 10, 11, 12, 13, 14, 15, 16, 17, 18, 19, 20, 21, 22, 23, 24, 25, 26, 27, 28, 29, 30, 31
Valid weekdays: Monday, Tuesday, Wednesday, Thursday, Friday, Saturday, Sunday
When: 01:00:00
Current Time: 2011-01-01 16:00:00
Valid Interval: 23:00:00-13:00:00
Valid days of month: 1, 2, 3, 4, 5, 6, 7, 8, 9, 10, 11, 12, 13, 14, 15, 16, 17, 18, 19, 20, 21, 22, 23, 24, 25, 26, 27, 28, 29, 30, 31
Valid weekdays: Monday, Tuesday, Wednesday, Thursday, Friday, Saturday, Sunday
When: 01:00:00
Current Time: 2011-01-01 23:00:00
Valid Interval: 23:00:00-13:00:00
Valid days of month: 1, 2, 3, 4, 5, 6, 7, 8, 9, 10, 11, 12, 13, 14, 15, 16, 17, 18, 19, 20, 21, 22, 23, 24, 25, 26, 27, 28, 29, 30, 31
Valid weekdays: Monday, Tuesday, Wednesday, Thursday, Friday, Saturday, Sunday
When: 01:00:00
Current Time: 2011-01-01 23:30:00
Valid Interval: 23:00:00-13:00:00
Valid days of month: 1, 2, 3, 4, 5, 6, 7, 8, 9, 10, 11, 12, 13, 14, 15, 16, 17, 18, 19, 20, 21, 22, 23, 24, 25, 26, 27, 28, 29, 30, 31
Valid weekdays: Monday, Tuesday, Wednesday, Thursday, Friday, Saturday, Sunday
When: 01:00:00
Current Time: 2011-01-02 00:30:00
Valid Interval: 23:00:00-13:00:00
Valid days of month: 1, 2, 3, 4, 5, 6, 7, 8, 9, 10, 11, 12, 13, 14, 15, 16, 17, 18, 19, 20, 21, 22, 23, 24, 25, 26, 27, 28, 29, 30, 31
Valid weekdays: Monday, Tuesday, Wednesday, Thursday, Friday, Saturday, Sunday
When: 01:00:00
Current Time: 2011-01-02 02:00:00
Valid Interval: 23:00:00-13:00:00
Valid days of month: 1, 2, 3, 4, 5, 6, 7, 8, 9, 10, 11, 12, 13, 14, 15, 16, 17, 18, 19, 20, 21, 22, 23, 24, 25, 26, 27, 28, 29, 30, 31
Valid weekdays: Monday, Tuesday, Wednesday, Thursday, Friday, Saturday, Sunday
When: 01:00:00
Current Time: 2011-01-02 13:00:00
Valid Interval: 23:00:00-13:00:00
Valid days of month: 1, 2, 3, 4, 5, 6, 7, 8, 9, 10, 11, 12, 13, 14, 15, 16, 17, 18, 19, 20, 21, 22, 23, 24, 25, 26, 27, 28, 29, 30, 31
Valid weekdays: Monday, Tuesday, Wednesday, Thursday, Friday, Saturday, Sunday
When: 23:30:00
Current Time: 2011-01-01 23:30:05
Valid Interval: 23:00:00-13:00:00
Valid days of month: 1, 2, 3, 4, 5, 6, 7, 8, 9, 10, 11, 12, 13, 14, 15, 16, 17, 18, 19, 20, 21, 22, 23, 24, 25, 26, 27, 28, 29, 30, 31
Valid weekdays: Monday, Tuesday, Wednesday, Thursday, Friday, Saturday, Sunday
When: 23:30:00
Current Time: 2011-01-02 00:30:00
Valid Interval: 23:00:00-13:00:00
Valid days of month: 1, 2, 3, 4, 5, 6, 7, 8, 9, 10, 11, 12, 13, 14, 15, 16, 17, 18, 19, 20, 21, 22, 23, 24, 25, 26, 27, 28, 29, 30, 31
Valid weekdays: Monday, Tuesday, Wednesday, Thursday, Friday, Saturday, Sunday
When: 23:30:00
Current Time: 2011-01-02 13:00:00
Valid Interval: 23:00:00-13:00:00
Valid days of month: 1, 2, 3, 4, 5, 6, 7, 8, 9, 10, 11, 12, 13, 14, 15, 16, 17, 18, 19, 20, 21, 22, 23, 24, 25, 26, 27, 28, 29, 30, 31
Valid weekdays: Monday, Tuesday, Wednesday, Thursday, Friday, Saturday, Sunday
When: 01:00:00
Current Time: 2011-01-01 02:00:00
Valid Interval: 23:00:00-13:00:00
Valid days of month: 1, 2, 3, 4, 5, 6, 7, 8, 9, 10, 11, 12, 13, 14, 15, 16, 17, 18, 19, 20, 21, 22, 23, 24, 25, 26, 27, 28, 29, 30, 31
Valid weekdays: Monday, Tuesday, Wednesday, Thursday, Friday, Saturday, Sunday
When: 01:00:00
Current Time: 2011-01-02 02:00:00
Valid Interval: 13:00:00-16:00:00
Valid days of month: 1, 2, 3, 4, 5, 6, 7, 8, 9, 10, 11, 12, 13, 14, 15, 16, 17, 18, 19, 20, 21, 22, 23, 24, 25, 26, 27, 28, 29, 30, 31
Valid weekdays: Saturday, Sunday
When: 14:00:00
Current Time: 2007-01-01 12:00:00
Valid Interval: 13:00:00-16:00:00
Valid days of month: 1, 2, 3, 4, 5, 6, 7, 8, 9, 10, 11, 12, 13, 14, 15, 16, 17, 18, 19, 20, 21, 22, 23, 24, 25, 26, 27, 28, 29, 30, 31
Valid weekdays: Saturday, Sunday
When: 14:00:00
Current Time: 2007-01-02 13:30:00
Valid Interval: 13:00:00-16:00:00
Valid days of month: 1, 2, 3, 4, 5, 6, 7, 8, 9, 10, 11, 12, 13, 14, 15, 16, 17, 18, 19, 20, 21, 22, 23, 24, 25, 26, 27, 28, 29, 30, 31
Valid weekdays: Saturday, Sunday
When: 14:00:00
Current Time: 2007-01-06 13:30:00
Valid Interval: 13:00:00-16:00:00
Valid days of month: 1, 2, 3, 4, 5, 6, 7, 8, 9, 10, 11, 12, 13, 14, 15, 16, 17, 18, 19, 20, 21, 22, 23, 24, 25, 26, 27, 28, 29, 30, 31
Valid weekdays: Saturday, Sunday
When: 14:00:00
Current Time: 2007-01-06 14:30:00
Valid Interval: 13:00:00-16:00:00
Valid days of month: 1, 2, 3, 4, 5, 6, 7, 8, 9, 10, 11, 12, 13, 14, 15, 16, 17, 18, 19, 20, 21, 22, 23, 24, 25, 26, 27, 28, 29, 30, 31
Valid weekdays: Saturday, Sunday
When: 14:00:00
Current Time: 2007-01-06 16:30:00
Valid Interval: 13:00:00-16:00:00
Valid days of month: 1, 2, 3, 4, 5, 6, 7, 8, 9, 10, 11, 12, 13, 14, 15, 16, 17, 18, 19, 20, 21, 22, 23, 24, 25, 26, 27, 28, 29, 30, 31
Valid weekdays: Saturday, Sunday
When: 14:00:00
Current Time: 2007-01-07 16:00:00
Valid Interval: 23:00:00-02:00:00
Valid days of month: 1, 2, 3, 4, 5, 6, 7, 8, 9, 10, 11, 12, 13, 14, 15, 16, 17, 18, 19, 20, 21, 22, 23, 24, 25, 26, 27, 28, 29, 30, 31
Valid weekdays: Saturday, Sunday
When: 01:00:00
Current Time: 2007-01-01 12:00:00
Valid Interval: 23:00:00-02:00:00
Valid days of month: 1, 2, 3, 4, 5, 6, 7, 8, 9, 10, 11, 12, 13, 14, 15, 16, 17, 18, 19, 20, 21, 22, 23, 24, 25, 26, 27, 28, 29, 30, 31
Valid weekdays: Saturday, Sunday
When: 01:00:00
Current Time: 2007-01-02 01:00:00
Valid Interval: 23:00:00-02:00:00
Valid days of month: 1, 2, 3, 4, 5, 6, 7, 8, 9, 10, 11, 12, 13, 14, 15, 16, 17, 18, 19, 20, 21, 22, 23, 24, 25, 26, 27, 28, 29, 30, 31
Valid weekdays: Saturday, Sunday
When: 01:00:00
Current Time: 2007-01-06 00:30:00
Valid Interval: 23:00:00-02:00:00
Valid days of month: 1, 2, 3, 4, 5, 6, 7, 8, 9, 10, 11, 12, 13, 14, 15, 16, 17, 18, 19, 20, 21, 22, 23, 24, 25, 26, 27, 28, 29, 30, 31
Valid weekdays: Saturday, Sunday
When: 01:00:00
Current Time: 2007-01-06 01:30:00
Valid Interval: 23:00:00-02:00:00
Valid days of month: 1, 2, 3, 4, 5, 6, 7, 8, 9, 10, 11, 12, 13, 14, 15, 16, 17, 18, 19, 20, 21, 22, 23, 24, 25, 26, 27, 28, 29, 30, 31
Valid weekdays: Saturday, Sunday
When: 01:00:00
Current Time: 2007-01-06 02:30:00
Valid Interval: 23:00:00-02:00:00
Valid days of month: 1, 2, 3, 4, 5, 6, 7, 8, 9, 10, 11, 12, 13, 14, 15, 16, 17, 18, 19, 20, 21, 22, 23, 24, 25, 26, 27, 28, 29, 30, 31
Valid weekdays: Saturday, Sunday
When: 01:00:00
Current Time: 2007-01-07 02:00:00
Valid Interval: 23:00:00-02:00:00
Valid days of month: 1, 2, 3, 4, 5, 6, 7, 8, 9, 10, 11, 12, 13, 14, 15, 16, 17, 18, 19, 20, 21, 22, 23, 24, 25, 26, 27, 28, 29, 30, 31
Valid weekdays: Saturday, Sunday
When: 23:30:00
Current Time: 2007-01-01 12:00:00
Valid Interval: 23:00:00-02:00:00
Valid days of month: 1, 2, 3, 4, 5, 6, 7, 8, 9, 10, 11, 12, 13, 14, 15, 16, 17, 18, 19, 20, 21, 22, 23, 24, 25, 26, 27, 28, 29, 30, 31
Valid weekdays: Saturday, Sunday
When: 23:30:00
Current Time: 2007-01-05 23:30:00
Valid Interval: 23:00:00-02:00:00
Valid days of month: 1, 2, 3, 4, 5, 6, 7, 8, 9, 10, 11, 12, 13, 14, 15, 16, 17, 18, 19, 20, 21, 22, 23, 24, 25, 26, 27, 28, 29, 30, 31
Valid weekdays: Saturday, Sunday
When: 23:30:00
Current Time: 2007-01-06 23:00:00
Valid Interval: 23:00:00-02:00:00
Valid days of month: 1, 2, 3, 4, 5, 6, 7, 8, 9, 10, 11, 12, 13, 14, 15, 16, 17, 18, 19, 20, 21, 22, 23, 24, 25, 26, 27, 28, 29, 30, 31
Valid weekdays: Saturday, Sunday
When: 23:30:00
Current Time: 2007-01-06 02:00:00
Valid Interval: 23:00:00-02:00:00
Valid days of month: 1, 2, 3, 4, 5, 6, 7, 8, 9, 10, 11, 12, 13, 14, 15, 16, 17, 18, 19, 20, 21, 22, 23, 24, 25, 26, 27, 28, 29, 30, 31
Valid weekdays: Saturday, Sunday
When: 23:30:00
Current Time: 2007-01-07 23:40:00
Valid Interval: 23:00:00-02:00:00
Valid days of month: 1, 2, 3, 4, 5, 6, 7, 8, 9, 10, 11, 12, 13, 14, 15, 16, 17, 18, 19, 20, 21, 22, 23, 24, 25, 26, 27, 28, 29, 30, 31
Valid weekdays: Saturday, Sunday
When: 23:30:00
Current Time: 2007-01-07 01:00:00
Valid Interval: 13:00:00-16:00:00
Valid days of month: 1, 2, 3, 4, 5, 6, 7, 8, 9, 10, 11, 12, 13, 14, 15, 16, 17, 18, 19, 20, 21, 22, 23, 24, 25, 26, 27, 28, 29, 30, 31
Valid weekdays: Saturday, Sunday
When: 14:00:00
Current Time: 2007-01-01 12:00:00
Valid Interval: 13:00:00-16:00:00
Valid days of month: 1, 2, 3, 4, 5, 6, 7, 8, 9, 10, 11, 12, 13, 14, 15, 16, 17, 18, 19, 20, 21, 22, 23, 24, 25, 26, 27, 28, 29, 30, 31
Valid weekdays: Saturday, Sunday
When: 14:00:00
Current Time: 2007-01-02 13:30:00
Valid Interval: 13:00:00-16:00:00
Valid days of month: 1, 2, 3, 4, 5, 6, 7, 8, 9, 10, 11, 12, 13, 14, 15, 16, 17, 18, 19, 20, 21, 22, 23, 24, 25, 26, 27, 28, 29, 30, 31
Valid weekdays: Saturday, Sunday
When: 14:00:00
Current Time: 2007-01-06 13:30:00
Valid Interval: 13:00:00-16:00:00
Valid days of month: 1, 2, 3, 4, 5, 6, 7, 8, 9, 10, 11, 12, 13, 14, 15, 16, 17, 18, 19, 20, 21, 22, 23, 24, 25, 26, 27, 28, 29, 30, 31
Valid weekdays: Saturday, Sunday
When: 14:00:00
Current Time: 2007-01-06 14:30:00
Valid Interval: 13:00:00-16:00:00
Valid days of month: 1, 2, 3, 4, 5, 6, 7, 8, 9, 10, 11, 12, 13, 14, 15, 16, 17, 18, 19, 20, 21, 22, 23, 24, 25, 26, 27, 28, 29, 30, 31
Valid weekdays: Saturday, Sunday
When: 14:00:00
Current Time: 2007-01-06 16:30:00
Valid Interval: 13:00:00-16:00:00
Valid days of month: 1, 2, 3, 4, 5, 6, 7, 8, 9, 10, 11, 12, 13, 14, 15, 16, 17, 18, 19, 20, 21, 22, 23, 24, 25, 26, 27, 28, 29, 30, 31
Valid weekdays: Saturday, Sunday
When: 14:00:00
Current Time: 2007-01-07 16:00:00
Valid Interval: 23:00:00-02:00:00
Valid days of month: 1, 2, 3, 4, 5, 6, 7, 8, 9, 10, 11, 12, 13, 14, 15, 16, 17, 18, 19, 20, 21, 22, 23, 24, 25, 26, 27, 28, 29, 30, 31
Valid weekdays: Saturday, Sunday
When: 01:00:00
Current Time: 2007-01-01 12:00:00
Valid Interval: 23:00:00-02:00:00
Valid days of month: 1, 2, 3, 4, 5, 6, 7, 8, 9, 10, 11, 12, 13, 14, 15, 16, 17, 18, 19, 20, 21, 22, 23, 24, 25, 26, 27, 28, 29, 30, 31
Valid weekdays: Saturday, Sunday
When: 01:00:00
Current Time: 2007-01-02 01:00:00
Valid Interval: 23:00:00-02:00:00
Valid days of month: 1, 2, 3, 4, 5, 6, 7, 8, 9, 10, 11, 12, 13, 14, 15, 16, 17, 18, 19, 20, 21, 22, 23, 24, 25, 26, 27, 28, 29, 30, 31
Valid weekdays: Saturday, Sunday
When: 01:00:00
Current Time: 2007-01-06 00:30:00
Valid Interval: 23:00:00-02:00:00
Valid days of month: 1, 2, 3, 4, 5, 6, 7, 8, 9, 10, 11, 12, 13, 14, 15, 16, 17, 18, 19, 20, 21, 22, 23, 24, 25, 26, 27, 28, 29, 30, 31
Valid weekdays: Saturday, Sunday
When: 01:00:00
Current Time: 2007-01-06 02:30:00
Valid Interval: 23:00:00-02:00:00
Valid days of month: 1, 2, 3, 4, 5, 6, 7, 8, 9, 10, 11, 12, 13, 14, 15, 16, 17, 18, 19, 20, 21, 22, 23, 24, 25, 26, 27, 28, 29, 30, 31
Valid weekdays: Saturday, Sunday
When: 23:30:00
Current Time: 2007-01-01 12:00:00
Valid Interval: 23:00:00-02:00:00
Valid days of month: 1, 2, 3, 4, 5, 6, 7, 8, 9, 10, 11, 12, 13, 14, 15, 16, 17, 18, 19, 20, 21, 22, 23, 24, 25, 26, 27, 28, 29, 30, 31
Valid weekdays: Saturday, Sunday
When: 23:30:00
Current Time: 2007-01-05 23:30:00
Valid Interval: 23:00:00-02:00:00
Valid days of month: 1, 2, 3, 4, 5, 6, 7, 8, 9, 10, 11, 12, 13, 14, 15, 16, 17, 18, 19, 20, 21, 22, 23, 24, 25, 26, 27, 28, 29, 30, 31
Valid weekdays: Saturday, Sunday
When: 23:30:00
Current Time: 2007-01-06 23:00:00
Valid Interval: 23:00:00-02:00:00
Valid days of month: 1, 2, 3, 4, 5, 6, 7, 8, 9, 10, 11, 12, 13, 14, 15, 16, 17, 18, 19, 20, 21, 22, 23, 24, 25, 26, 27, 28, 29, 30, 31
Valid weekdays: Saturday, Sunday
When: 23:30:00
Current Time: 2007-01-06 02:00:00
Valid Interval: 23:00:00-02:00:00
Valid days of month: 1, 2, 3, 4, 5, 6, 7, 8, 9, 10, 11, 12, 13, 14, 15, 16, 17, 18, 19, 20, 21, 22, 23, 24, 25, 26, 27, 28, 29, 30, 31
Valid weekdays: Saturday, Sunday
When: 23:30:00
Current Time: 2007-01-07 23:40:00
Valid Interval: 23:00:00-02:00:00
Valid days of month: 1, 2, 3, 4, 5, 6, 7, 8, 9, 10, 11, 12, 13, 14, 15, 16, 17, 18, 19, 20, 21, 22, 23, 24, 25, 26, 27, 28, 29, 30, 31
Valid weekdays: Saturday, Sunday
When: 23:30:00
Current Time: 2007-01-07 01:00:00
Valid Interval: 13:00:00-16:00:00
Valid days of month: 1, 2, 3, 4, 5, 6, 7, 8, 9, 10, 11, 12, 13, 14, 15, 16, 17, 18, 19, 20, 21, 22, 23, 24, 25, 26, 27, 28, 29, 30, 31
Valid weekdays: Saturday, Sunday
When: 14:00:00
Current Time: 2007-01-06 14:30:00
Valid Interval: 13:00:00-16:00:00
Valid days of month: 1, 2, 3, 4, 5, 6, 7, 8, 9, 10, 11, 12, 13, 14, 15, 16, 17, 18, 19, 20, 21, 22, 23, 24, 25, 26, 27, 28, 29, 30, 31
Valid weekdays: Saturday, Sunday
When: 14:00:00
Current Time: 2007-01-07 15:00:00
Valid Interval: 23:00:00-02:00:00
Valid days of month: 1, 2, 3, 4, 5, 6, 7, 8, 9, 10, 11, 12, 13, 14, 15, 16, 17, 18, 19, 20, 21, 22, 23, 24, 25, 26, 27, 28, 29, 30, 31
Valid weekdays: Saturday, Sunday
When: 01:00:00
Current Time: 2007-01-06 01:30:00
Valid Interval: 23:00:00-02:00:00
Valid days of month: 1, 2, 3, 4, 5, 6, 7, 8, 9, 10, 11, 12, 13, 14, 15, 16, 17, 18, 19, 20, 21, 22, 23, 24, 25, 26, 27, 28, 29, 30, 31
Valid weekdays: Saturday, Sunday
When: 01:00:00
Current Time: 2007-01-07 01:30:00
Valid Interval: 23:00:00-02:00:00
Valid days of month: 1, 2, 3, 4, 5, 6, 7, 8, 9, 10, 11, 12, 13, 14, 15, 16, 17, 18, 19, 20, 21, 22, 23, 24, 25, 26, 27, 28, 29, 30, 31
Valid weekdays: Saturday, Sunday
When: 23:30:00
Current Time: 2007-01-06 23:02:00
Valid Interval: 23:00:00-02:00:00
Valid days of month: 1, 2, 3, 4, 5, 6, 7, 8, 9, 10, 11, 12, 13, 14, 15, 16, 17, 18, 19, 20, 21, 22, 23, 24, 25, 26, 27, 28, 29, 30, 31
Valid weekdays: Saturday, Sunday
When: 23:30:00
Current Time: 2007-01-06 01:10:00
Valid Interval: 23:00:00-02:00:00
Valid days of month: 1, 2, 3, 4, 5, 6, 7, 8, 9, 10, 11, 12, 13, 14, 15, 16, 17, 18, 19, 20, 21, 22, 23, 24, 25, 26, 27, 28, 29, 30, 31
Valid weekdays: Saturday, Sunday
When: 23:30:00
Current Time: 2007-01-07 01:00:40
Valid Interval: 23:00:00-02:00:00
Valid days of month: 2
Valid weekdays: Saturday, Sunday
When: 23:30:00
Current Time: 2007-01-01 12:00:00
Valid Interval: 23:00:00-02:00:00
Valid days of month: 1, 2
Valid weekdays: Saturday, Sunday
When: 23:30:00
Current Time: 2007-01-05 23:30:00
Valid Interval: 23:00:00-02:00:00
Valid days of month: 1, 2
Valid weekdays: Saturday, Sunday
When: 23:30:00
Current Time: 2007-01-06 23:00:00</StdOut>
      </Output>
    </UnitTestResult>
    <UnitTestResult executionId="5d5532b8-f1f0-4a9f-9a9c-6cc7f04c36d9" testId="8f61865c-ffc2-4abd-b811-f4cd26576f10" testName="GetNextTimeToTrigger_AbsoluteTimer_ReturnsCorrectTime (Data Row 56)" computerName="ICSWS068" duration="00:00:00.0037122" startTime="2016-08-04T07:57:22.8559085+02:00" endTime="2016-08-04T07:57:22.8599113+02:00" testType="13cdc9d9-ddb5-4fa4-a97d-d965ccfc6d4b" outcome="Passed" testListId="8c84fa94-04c1-424b-9868-57a2d4851a1d" relativeResultsDirectory="5d5532b8-f1f0-4a9f-9a9c-6cc7f04c36d9">
      <Output>
        <StdOut>TestContext Messages:
Valid Interval: 11:00:00-13:00:00
Valid days of month: 1, 2, 3, 4, 5, 6, 7, 8, 9, 10, 11, 12, 13, 14, 15, 16, 17, 18, 19, 20, 21, 22, 23, 24, 25, 26, 27, 28, 29, 30, 31
Valid weekdays: Monday, Tuesday, Wednesday, Thursday, Friday, Saturday, Sunday
When: 12:00:00
Current Time: 2011-01-01 00:00:00
Valid Interval: 11:00:00-13:00:00
Valid days of month: 1, 2, 3, 4, 5, 6, 7, 8, 9, 10, 11, 12, 13, 14, 15, 16, 17, 18, 19, 20, 21, 22, 23, 24, 25, 26, 27, 28, 29, 30, 31
Valid weekdays: Monday, Tuesday, Wednesday, Thursday, Friday, Saturday, Sunday
When: 12:00:00
Current Time: 2011-01-01 09:00:00
Valid Interval: 11:00:00-13:00:00
Valid days of month: 1, 2, 3, 4, 5, 6, 7, 8, 9, 10, 11, 12, 13, 14, 15, 16, 17, 18, 19, 20, 21, 22, 23, 24, 25, 26, 27, 28, 29, 30, 31
Valid weekdays: Monday, Tuesday, Wednesday, Thursday, Friday, Saturday, Sunday
When: 12:00:00
Current Time: 2011-01-01 11:00:00
Valid Interval: 11:00:00-13:00:00
Valid days of month: 1, 2, 3, 4, 5, 6, 7, 8, 9, 10, 11, 12, 13, 14, 15, 16, 17, 18, 19, 20, 21, 22, 23, 24, 25, 26, 27, 28, 29, 30, 31
Valid weekdays: Monday, Tuesday, Wednesday, Thursday, Friday, Saturday, Sunday
When: 12:00:00
Current Time: 2011-01-01 12:00:00
Valid Interval: 11:00:00-13:00:00
Valid days of month: 1, 2, 3, 4, 5, 6, 7, 8, 9, 10, 11, 12, 13, 14, 15, 16, 17, 18, 19, 20, 21, 22, 23, 24, 25, 26, 27, 28, 29, 30, 31
Valid weekdays: Monday, Tuesday, Wednesday, Thursday, Friday, Saturday, Sunday
When: 12:00:00
Current Time: 2011-01-01 12:30:00
Valid Interval: 11:00:00-13:00:00
Valid days of month: 1, 2, 3, 4, 5, 6, 7, 8, 9, 10, 11, 12, 13, 14, 15, 16, 17, 18, 19, 20, 21, 22, 23, 24, 25, 26, 27, 28, 29, 30, 31
Valid weekdays: Monday, Tuesday, Wednesday, Thursday, Friday, Saturday, Sunday
When: 12:00:00
Current Time: 2011-01-01 13:00:00
Valid Interval: 11:00:00-13:00:00
Valid days of month: 1, 2, 3, 4, 5, 6, 7, 8, 9, 10, 11, 12, 13, 14, 15, 16, 17, 18, 19, 20, 21, 22, 23, 24, 25, 26, 27, 28, 29, 30, 31
Valid weekdays: Monday, Tuesday, Wednesday, Thursday, Friday, Saturday, Sunday
When: 12:00:00
Current Time: 2011-01-02 00:00:00
Valid Interval: 11:00:00-13:00:00
Valid days of month: 1, 2, 3, 4, 5, 6, 7, 8, 9, 10, 11, 12, 13, 14, 15, 16, 17, 18, 19, 20, 21, 22, 23, 24, 25, 26, 27, 28, 29, 30, 31
Valid weekdays: Monday, Tuesday, Wednesday, Thursday, Friday, Saturday, Sunday
When: 12:00:00
Current Time: 2011-01-02 09:00:00
Valid Interval: 11:00:00-13:00:00
Valid days of month: 1, 2, 3, 4, 5, 6, 7, 8, 9, 10, 11, 12, 13, 14, 15, 16, 17, 18, 19, 20, 21, 22, 23, 24, 25, 26, 27, 28, 29, 30, 31
Valid weekdays: Monday, Tuesday, Wednesday, Thursday, Friday, Saturday, Sunday
When: 12:00:00
Current Time: 2011-01-02 12:00:00
Valid Interval: 11:00:00-13:00:00
Valid days of month: 1, 2, 3, 4, 5, 6, 7, 8, 9, 10, 11, 12, 13, 14, 15, 16, 17, 18, 19, 20, 21, 22, 23, 24, 25, 26, 27, 28, 29, 30, 31
Valid weekdays: Monday, Tuesday, Wednesday, Thursday, Friday, Saturday, Sunday
When: 12:00:00
Current Time: 2011-01-02 12:45:30
Valid Interval: 11:00:00-13:00:00
Valid days of month: 1, 2, 3, 4, 5, 6, 7, 8, 9, 10, 11, 12, 13, 14, 15, 16, 17, 18, 19, 20, 21, 22, 23, 24, 25, 26, 27, 28, 29, 30, 31
Valid weekdays: Monday, Tuesday, Wednesday, Thursday, Friday, Saturday, Sunday
When: 12:00:00
Current Time: 2011-01-02 13:00:00
Valid Interval: 11:00:00-13:00:00
Valid days of month: 1, 2, 3, 4, 5, 6, 7, 8, 9, 10, 11, 12, 13, 14, 15, 16, 17, 18, 19, 20, 21, 22, 23, 24, 25, 26, 27, 28, 29, 30, 31
Valid weekdays: Monday, Tuesday, Wednesday, Thursday, Friday, Saturday, Sunday
When: 12:00:00
Current Time: 2011-01-01 12:00:00
Valid Interval: 11:00:00-13:00:00
Valid days of month: 1, 2, 3, 4, 5, 6, 7, 8, 9, 10, 11, 12, 13, 14, 15, 16, 17, 18, 19, 20, 21, 22, 23, 24, 25, 26, 27, 28, 29, 30, 31
Valid weekdays: Monday, Tuesday, Wednesday, Thursday, Friday, Saturday, Sunday
When: 12:00:00
Current Time: 2011-01-01 12:30:00
Valid Interval: 11:00:00-13:00:00
Valid days of month: 1, 2, 3, 4, 5, 6, 7, 8, 9, 10, 11, 12, 13, 14, 15, 16, 17, 18, 19, 20, 21, 22, 23, 24, 25, 26, 27, 28, 29, 30, 31
Valid weekdays: Monday, Tuesday, Wednesday, Thursday, Friday, Saturday, Sunday
When: 12:00:00
Current Time: 2011-01-01 12:30:00
Valid Interval: 11:00:00-13:00:00
Valid days of month: 1, 2, 3, 4, 5, 6, 7, 8, 9, 10, 11, 12, 13, 14, 15, 16, 17, 18, 19, 20, 21, 22, 23, 24, 25, 26, 27, 28, 29, 30, 31
Valid weekdays: Monday, Tuesday, Wednesday, Thursday, Friday, Saturday, Sunday
When: 12:00:00
Current Time: 2011-01-01 13:00:00
Valid Interval: 11:00:00-13:00:00
Valid days of month: 1, 2, 3, 4, 5, 6, 7, 8, 9, 10, 11, 12, 13, 14, 15, 16, 17, 18, 19, 20, 21, 22, 23, 24, 25, 26, 27, 28, 29, 30, 31
Valid weekdays: Monday, Tuesday, Wednesday, Thursday, Friday, Saturday, Sunday
When: 12:00:00
Current Time: 2011-01-01 14:30:00
Valid Interval: 23:00:00-13:00:00
Valid days of month: 1, 2, 3, 4, 5, 6, 7, 8, 9, 10, 11, 12, 13, 14, 15, 16, 17, 18, 19, 20, 21, 22, 23, 24, 25, 26, 27, 28, 29, 30, 31
Valid weekdays: Monday, Tuesday, Wednesday, Thursday, Friday, Saturday, Sunday
When: 23:30:00
Current Time: 2011-01-01 16:00:00
Valid Interval: 23:00:00-13:00:00
Valid days of month: 1, 2, 3, 4, 5, 6, 7, 8, 9, 10, 11, 12, 13, 14, 15, 16, 17, 18, 19, 20, 21, 22, 23, 24, 25, 26, 27, 28, 29, 30, 31
Valid weekdays: Monday, Tuesday, Wednesday, Thursday, Friday, Saturday, Sunday
When: 23:30:00
Current Time: 2011-01-01 23:00:00
Valid Interval: 23:00:00-13:00:00
Valid days of month: 1, 2, 3, 4, 5, 6, 7, 8, 9, 10, 11, 12, 13, 14, 15, 16, 17, 18, 19, 20, 21, 22, 23, 24, 25, 26, 27, 28, 29, 30, 31
Valid weekdays: Monday, Tuesday, Wednesday, Thursday, Friday, Saturday, Sunday
When: 23:30:00
Current Time: 2011-01-01 23:30:00
Valid Interval: 23:00:00-13:00:00
Valid days of month: 1, 2, 3, 4, 5, 6, 7, 8, 9, 10, 11, 12, 13, 14, 15, 16, 17, 18, 19, 20, 21, 22, 23, 24, 25, 26, 27, 28, 29, 30, 31
Valid weekdays: Monday, Tuesday, Wednesday, Thursday, Friday, Saturday, Sunday
When: 23:30:00
Current Time: 2011-01-01 23:45:00
Valid Interval: 23:00:00-13:00:00
Valid days of month: 1, 2, 3, 4, 5, 6, 7, 8, 9, 10, 11, 12, 13, 14, 15, 16, 17, 18, 19, 20, 21, 22, 23, 24, 25, 26, 27, 28, 29, 30, 31
Valid weekdays: Monday, Tuesday, Wednesday, Thursday, Friday, Saturday, Sunday
When: 23:30:00
Current Time: 2011-01-02 00:30:00
Valid Interval: 23:00:00-13:00:00
Valid days of month: 1, 2, 3, 4, 5, 6, 7, 8, 9, 10, 11, 12, 13, 14, 15, 16, 17, 18, 19, 20, 21, 22, 23, 24, 25, 26, 27, 28, 29, 30, 31
Valid weekdays: Monday, Tuesday, Wednesday, Thursday, Friday, Saturday, Sunday
When: 23:30:00
Current Time: 2011-01-01 13:00:00
Valid Interval: 23:00:00-13:00:00
Valid days of month: 1, 2, 3, 4, 5, 6, 7, 8, 9, 10, 11, 12, 13, 14, 15, 16, 17, 18, 19, 20, 21, 22, 23, 24, 25, 26, 27, 28, 29, 30, 31
Valid weekdays: Monday, Tuesday, Wednesday, Thursday, Friday, Saturday, Sunday
When: 01:00:00
Current Time: 2011-01-01 16:00:00
Valid Interval: 23:00:00-13:00:00
Valid days of month: 1, 2, 3, 4, 5, 6, 7, 8, 9, 10, 11, 12, 13, 14, 15, 16, 17, 18, 19, 20, 21, 22, 23, 24, 25, 26, 27, 28, 29, 30, 31
Valid weekdays: Monday, Tuesday, Wednesday, Thursday, Friday, Saturday, Sunday
When: 01:00:00
Current Time: 2011-01-01 23:00:00
Valid Interval: 23:00:00-13:00:00
Valid days of month: 1, 2, 3, 4, 5, 6, 7, 8, 9, 10, 11, 12, 13, 14, 15, 16, 17, 18, 19, 20, 21, 22, 23, 24, 25, 26, 27, 28, 29, 30, 31
Valid weekdays: Monday, Tuesday, Wednesday, Thursday, Friday, Saturday, Sunday
When: 01:00:00
Current Time: 2011-01-01 23:30:00
Valid Interval: 23:00:00-13:00:00
Valid days of month: 1, 2, 3, 4, 5, 6, 7, 8, 9, 10, 11, 12, 13, 14, 15, 16, 17, 18, 19, 20, 21, 22, 23, 24, 25, 26, 27, 28, 29, 30, 31
Valid weekdays: Monday, Tuesday, Wednesday, Thursday, Friday, Saturday, Sunday
When: 01:00:00
Current Time: 2011-01-02 00:30:00
Valid Interval: 23:00:00-13:00:00
Valid days of month: 1, 2, 3, 4, 5, 6, 7, 8, 9, 10, 11, 12, 13, 14, 15, 16, 17, 18, 19, 20, 21, 22, 23, 24, 25, 26, 27, 28, 29, 30, 31
Valid weekdays: Monday, Tuesday, Wednesday, Thursday, Friday, Saturday, Sunday
When: 01:00:00
Current Time: 2011-01-01 02:00:00
Valid Interval: 23:00:00-13:00:00
Valid days of month: 1, 2, 3, 4, 5, 6, 7, 8, 9, 10, 11, 12, 13, 14, 15, 16, 17, 18, 19, 20, 21, 22, 23, 24, 25, 26, 27, 28, 29, 30, 31
Valid weekdays: Monday, Tuesday, Wednesday, Thursday, Friday, Saturday, Sunday
When: 01:00:00
Current Time: 2011-01-01 13:00:00
Valid Interval: 23:00:00-13:00:00
Valid days of month: 1, 2, 3, 4, 5, 6, 7, 8, 9, 10, 11, 12, 13, 14, 15, 16, 17, 18, 19, 20, 21, 22, 23, 24, 25, 26, 27, 28, 29, 30, 31
Valid weekdays: Monday, Tuesday, Wednesday, Thursday, Friday, Saturday, Sunday
When: 23:30:00
Current Time: 2011-01-01 16:00:00
Valid Interval: 23:00:00-13:00:00
Valid days of month: 1, 2, 3, 4, 5, 6, 7, 8, 9, 10, 11, 12, 13, 14, 15, 16, 17, 18, 19, 20, 21, 22, 23, 24, 25, 26, 27, 28, 29, 30, 31
Valid weekdays: Monday, Tuesday, Wednesday, Thursday, Friday, Saturday, Sunday
When: 23:30:00
Current Time: 2011-01-01 23:00:00
Valid Interval: 23:00:00-13:00:00
Valid days of month: 1, 2, 3, 4, 5, 6, 7, 8, 9, 10, 11, 12, 13, 14, 15, 16, 17, 18, 19, 20, 21, 22, 23, 24, 25, 26, 27, 28, 29, 30, 31
Valid weekdays: Monday, Tuesday, Wednesday, Thursday, Friday, Saturday, Sunday
When: 23:30:00
Current Time: 2011-01-01 23:30:00
Valid Interval: 23:00:00-13:00:00
Valid days of month: 1, 2, 3, 4, 5, 6, 7, 8, 9, 10, 11, 12, 13, 14, 15, 16, 17, 18, 19, 20, 21, 22, 23, 24, 25, 26, 27, 28, 29, 30, 31
Valid weekdays: Monday, Tuesday, Wednesday, Thursday, Friday, Saturday, Sunday
When: 23:30:00
Current Time: 2011-01-01 23:45:00
Valid Interval: 23:00:00-13:00:00
Valid days of month: 1, 2, 3, 4, 5, 6, 7, 8, 9, 10, 11, 12, 13, 14, 15, 16, 17, 18, 19, 20, 21, 22, 23, 24, 25, 26, 27, 28, 29, 30, 31
Valid weekdays: Monday, Tuesday, Wednesday, Thursday, Friday, Saturday, Sunday
When: 23:30:00
Current Time: 2011-01-02 00:30:00
Valid Interval: 23:00:00-13:00:00
Valid days of month: 1, 2, 3, 4, 5, 6, 7, 8, 9, 10, 11, 12, 13, 14, 15, 16, 17, 18, 19, 20, 21, 22, 23, 24, 25, 26, 27, 28, 29, 30, 31
Valid weekdays: Monday, Tuesday, Wednesday, Thursday, Friday, Saturday, Sunday
When: 23:30:00
Current Time: 2011-01-01 13:00:00
Valid Interval: 23:00:00-13:00:00
Valid days of month: 1, 2, 3, 4, 5, 6, 7, 8, 9, 10, 11, 12, 13, 14, 15, 16, 17, 18, 19, 20, 21, 22, 23, 24, 25, 26, 27, 28, 29, 30, 31
Valid weekdays: Monday, Tuesday, Wednesday, Thursday, Friday, Saturday, Sunday
When: 01:00:00
Current Time: 2011-01-01 16:00:00
Valid Interval: 23:00:00-13:00:00
Valid days of month: 1, 2, 3, 4, 5, 6, 7, 8, 9, 10, 11, 12, 13, 14, 15, 16, 17, 18, 19, 20, 21, 22, 23, 24, 25, 26, 27, 28, 29, 30, 31
Valid weekdays: Monday, Tuesday, Wednesday, Thursday, Friday, Saturday, Sunday
When: 01:00:00
Current Time: 2011-01-01 23:00:00
Valid Interval: 23:00:00-13:00:00
Valid days of month: 1, 2, 3, 4, 5, 6, 7, 8, 9, 10, 11, 12, 13, 14, 15, 16, 17, 18, 19, 20, 21, 22, 23, 24, 25, 26, 27, 28, 29, 30, 31
Valid weekdays: Monday, Tuesday, Wednesday, Thursday, Friday, Saturday, Sunday
When: 01:00:00
Current Time: 2011-01-01 23:30:00
Valid Interval: 23:00:00-13:00:00
Valid days of month: 1, 2, 3, 4, 5, 6, 7, 8, 9, 10, 11, 12, 13, 14, 15, 16, 17, 18, 19, 20, 21, 22, 23, 24, 25, 26, 27, 28, 29, 30, 31
Valid weekdays: Monday, Tuesday, Wednesday, Thursday, Friday, Saturday, Sunday
When: 01:00:00
Current Time: 2011-01-02 00:30:00
Valid Interval: 23:00:00-13:00:00
Valid days of month: 1, 2, 3, 4, 5, 6, 7, 8, 9, 10, 11, 12, 13, 14, 15, 16, 17, 18, 19, 20, 21, 22, 23, 24, 25, 26, 27, 28, 29, 30, 31
Valid weekdays: Monday, Tuesday, Wednesday, Thursday, Friday, Saturday, Sunday
When: 01:00:00
Current Time: 2011-01-02 02:00:00
Valid Interval: 23:00:00-13:00:00
Valid days of month: 1, 2, 3, 4, 5, 6, 7, 8, 9, 10, 11, 12, 13, 14, 15, 16, 17, 18, 19, 20, 21, 22, 23, 24, 25, 26, 27, 28, 29, 30, 31
Valid weekdays: Monday, Tuesday, Wednesday, Thursday, Friday, Saturday, Sunday
When: 01:00:00
Current Time: 2011-01-02 13:00:00
Valid Interval: 23:00:00-13:00:00
Valid days of month: 1, 2, 3, 4, 5, 6, 7, 8, 9, 10, 11, 12, 13, 14, 15, 16, 17, 18, 19, 20, 21, 22, 23, 24, 25, 26, 27, 28, 29, 30, 31
Valid weekdays: Monday, Tuesday, Wednesday, Thursday, Friday, Saturday, Sunday
When: 23:30:00
Current Time: 2011-01-01 23:30:05
Valid Interval: 23:00:00-13:00:00
Valid days of month: 1, 2, 3, 4, 5, 6, 7, 8, 9, 10, 11, 12, 13, 14, 15, 16, 17, 18, 19, 20, 21, 22, 23, 24, 25, 26, 27, 28, 29, 30, 31
Valid weekdays: Monday, Tuesday, Wednesday, Thursday, Friday, Saturday, Sunday
When: 23:30:00
Current Time: 2011-01-02 00:30:00
Valid Interval: 23:00:00-13:00:00
Valid days of month: 1, 2, 3, 4, 5, 6, 7, 8, 9, 10, 11, 12, 13, 14, 15, 16, 17, 18, 19, 20, 21, 22, 23, 24, 25, 26, 27, 28, 29, 30, 31
Valid weekdays: Monday, Tuesday, Wednesday, Thursday, Friday, Saturday, Sunday
When: 23:30:00
Current Time: 2011-01-02 13:00:00
Valid Interval: 23:00:00-13:00:00
Valid days of month: 1, 2, 3, 4, 5, 6, 7, 8, 9, 10, 11, 12, 13, 14, 15, 16, 17, 18, 19, 20, 21, 22, 23, 24, 25, 26, 27, 28, 29, 30, 31
Valid weekdays: Monday, Tuesday, Wednesday, Thursday, Friday, Saturday, Sunday
When: 01:00:00
Current Time: 2011-01-01 02:00:00
Valid Interval: 23:00:00-13:00:00
Valid days of month: 1, 2, 3, 4, 5, 6, 7, 8, 9, 10, 11, 12, 13, 14, 15, 16, 17, 18, 19, 20, 21, 22, 23, 24, 25, 26, 27, 28, 29, 30, 31
Valid weekdays: Monday, Tuesday, Wednesday, Thursday, Friday, Saturday, Sunday
When: 01:00:00
Current Time: 2011-01-02 02:00:00
Valid Interval: 13:00:00-16:00:00
Valid days of month: 1, 2, 3, 4, 5, 6, 7, 8, 9, 10, 11, 12, 13, 14, 15, 16, 17, 18, 19, 20, 21, 22, 23, 24, 25, 26, 27, 28, 29, 30, 31
Valid weekdays: Saturday, Sunday
When: 14:00:00
Current Time: 2007-01-01 12:00:00
Valid Interval: 13:00:00-16:00:00
Valid days of month: 1, 2, 3, 4, 5, 6, 7, 8, 9, 10, 11, 12, 13, 14, 15, 16, 17, 18, 19, 20, 21, 22, 23, 24, 25, 26, 27, 28, 29, 30, 31
Valid weekdays: Saturday, Sunday
When: 14:00:00
Current Time: 2007-01-02 13:30:00
Valid Interval: 13:00:00-16:00:00
Valid days of month: 1, 2, 3, 4, 5, 6, 7, 8, 9, 10, 11, 12, 13, 14, 15, 16, 17, 18, 19, 20, 21, 22, 23, 24, 25, 26, 27, 28, 29, 30, 31
Valid weekdays: Saturday, Sunday
When: 14:00:00
Current Time: 2007-01-06 13:30:00
Valid Interval: 13:00:00-16:00:00
Valid days of month: 1, 2, 3, 4, 5, 6, 7, 8, 9, 10, 11, 12, 13, 14, 15, 16, 17, 18, 19, 20, 21, 22, 23, 24, 25, 26, 27, 28, 29, 30, 31
Valid weekdays: Saturday, Sunday
When: 14:00:00
Current Time: 2007-01-06 14:30:00
Valid Interval: 13:00:00-16:00:00
Valid days of month: 1, 2, 3, 4, 5, 6, 7, 8, 9, 10, 11, 12, 13, 14, 15, 16, 17, 18, 19, 20, 21, 22, 23, 24, 25, 26, 27, 28, 29, 30, 31
Valid weekdays: Saturday, Sunday
When: 14:00:00
Current Time: 2007-01-06 16:30:00
Valid Interval: 13:00:00-16:00:00
Valid days of month: 1, 2, 3, 4, 5, 6, 7, 8, 9, 10, 11, 12, 13, 14, 15, 16, 17, 18, 19, 20, 21, 22, 23, 24, 25, 26, 27, 28, 29, 30, 31
Valid weekdays: Saturday, Sunday
When: 14:00:00
Current Time: 2007-01-07 16:00:00
Valid Interval: 23:00:00-02:00:00
Valid days of month: 1, 2, 3, 4, 5, 6, 7, 8, 9, 10, 11, 12, 13, 14, 15, 16, 17, 18, 19, 20, 21, 22, 23, 24, 25, 26, 27, 28, 29, 30, 31
Valid weekdays: Saturday, Sunday
When: 01:00:00
Current Time: 2007-01-01 12:00:00
Valid Interval: 23:00:00-02:00:00
Valid days of month: 1, 2, 3, 4, 5, 6, 7, 8, 9, 10, 11, 12, 13, 14, 15, 16, 17, 18, 19, 20, 21, 22, 23, 24, 25, 26, 27, 28, 29, 30, 31
Valid weekdays: Saturday, Sunday
When: 01:00:00
Current Time: 2007-01-02 01:00:00
Valid Interval: 23:00:00-02:00:00
Valid days of month: 1, 2, 3, 4, 5, 6, 7, 8, 9, 10, 11, 12, 13, 14, 15, 16, 17, 18, 19, 20, 21, 22, 23, 24, 25, 26, 27, 28, 29, 30, 31
Valid weekdays: Saturday, Sunday
When: 01:00:00
Current Time: 2007-01-06 00:30:00
Valid Interval: 23:00:00-02:00:00
Valid days of month: 1, 2, 3, 4, 5, 6, 7, 8, 9, 10, 11, 12, 13, 14, 15, 16, 17, 18, 19, 20, 21, 22, 23, 24, 25, 26, 27, 28, 29, 30, 31
Valid weekdays: Saturday, Sunday
When: 01:00:00
Current Time: 2007-01-06 01:30:00
Valid Interval: 23:00:00-02:00:00
Valid days of month: 1, 2, 3, 4, 5, 6, 7, 8, 9, 10, 11, 12, 13, 14, 15, 16, 17, 18, 19, 20, 21, 22, 23, 24, 25, 26, 27, 28, 29, 30, 31
Valid weekdays: Saturday, Sunday
When: 01:00:00
Current Time: 2007-01-06 02:30:00
Valid Interval: 23:00:00-02:00:00
Valid days of month: 1, 2, 3, 4, 5, 6, 7, 8, 9, 10, 11, 12, 13, 14, 15, 16, 17, 18, 19, 20, 21, 22, 23, 24, 25, 26, 27, 28, 29, 30, 31
Valid weekdays: Saturday, Sunday
When: 01:00:00
Current Time: 2007-01-07 02:00:00
Valid Interval: 23:00:00-02:00:00
Valid days of month: 1, 2, 3, 4, 5, 6, 7, 8, 9, 10, 11, 12, 13, 14, 15, 16, 17, 18, 19, 20, 21, 22, 23, 24, 25, 26, 27, 28, 29, 30, 31
Valid weekdays: Saturday, Sunday
When: 23:30:00
Current Time: 2007-01-01 12:00:00
Valid Interval: 23:00:00-02:00:00
Valid days of month: 1, 2, 3, 4, 5, 6, 7, 8, 9, 10, 11, 12, 13, 14, 15, 16, 17, 18, 19, 20, 21, 22, 23, 24, 25, 26, 27, 28, 29, 30, 31
Valid weekdays: Saturday, Sunday
When: 23:30:00
Current Time: 2007-01-05 23:30:00
Valid Interval: 23:00:00-02:00:00
Valid days of month: 1, 2, 3, 4, 5, 6, 7, 8, 9, 10, 11, 12, 13, 14, 15, 16, 17, 18, 19, 20, 21, 22, 23, 24, 25, 26, 27, 28, 29, 30, 31
Valid weekdays: Saturday, Sunday
When: 23:30:00
Current Time: 2007-01-06 23:00:00
Valid Interval: 23:00:00-02:00:00
Valid days of month: 1, 2, 3, 4, 5, 6, 7, 8, 9, 10, 11, 12, 13, 14, 15, 16, 17, 18, 19, 20, 21, 22, 23, 24, 25, 26, 27, 28, 29, 30, 31
Valid weekdays: Saturday, Sunday
When: 23:30:00
Current Time: 2007-01-06 02:00:00
Valid Interval: 23:00:00-02:00:00
Valid days of month: 1, 2, 3, 4, 5, 6, 7, 8, 9, 10, 11, 12, 13, 14, 15, 16, 17, 18, 19, 20, 21, 22, 23, 24, 25, 26, 27, 28, 29, 30, 31
Valid weekdays: Saturday, Sunday
When: 23:30:00
Current Time: 2007-01-07 23:40:00
Valid Interval: 23:00:00-02:00:00
Valid days of month: 1, 2, 3, 4, 5, 6, 7, 8, 9, 10, 11, 12, 13, 14, 15, 16, 17, 18, 19, 20, 21, 22, 23, 24, 25, 26, 27, 28, 29, 30, 31
Valid weekdays: Saturday, Sunday
When: 23:30:00
Current Time: 2007-01-07 01:00:00
Valid Interval: 13:00:00-16:00:00
Valid days of month: 1, 2, 3, 4, 5, 6, 7, 8, 9, 10, 11, 12, 13, 14, 15, 16, 17, 18, 19, 20, 21, 22, 23, 24, 25, 26, 27, 28, 29, 30, 31
Valid weekdays: Saturday, Sunday
When: 14:00:00
Current Time: 2007-01-01 12:00:00
Valid Interval: 13:00:00-16:00:00
Valid days of month: 1, 2, 3, 4, 5, 6, 7, 8, 9, 10, 11, 12, 13, 14, 15, 16, 17, 18, 19, 20, 21, 22, 23, 24, 25, 26, 27, 28, 29, 30, 31
Valid weekdays: Saturday, Sunday
When: 14:00:00
Current Time: 2007-01-02 13:30:00
Valid Interval: 13:00:00-16:00:00
Valid days of month: 1, 2, 3, 4, 5, 6, 7, 8, 9, 10, 11, 12, 13, 14, 15, 16, 17, 18, 19, 20, 21, 22, 23, 24, 25, 26, 27, 28, 29, 30, 31
Valid weekdays: Saturday, Sunday
When: 14:00:00
Current Time: 2007-01-06 13:30:00
Valid Interval: 13:00:00-16:00:00
Valid days of month: 1, 2, 3, 4, 5, 6, 7, 8, 9, 10, 11, 12, 13, 14, 15, 16, 17, 18, 19, 20, 21, 22, 23, 24, 25, 26, 27, 28, 29, 30, 31
Valid weekdays: Saturday, Sunday
When: 14:00:00
Current Time: 2007-01-06 14:30:00
Valid Interval: 13:00:00-16:00:00
Valid days of month: 1, 2, 3, 4, 5, 6, 7, 8, 9, 10, 11, 12, 13, 14, 15, 16, 17, 18, 19, 20, 21, 22, 23, 24, 25, 26, 27, 28, 29, 30, 31
Valid weekdays: Saturday, Sunday
When: 14:00:00
Current Time: 2007-01-06 16:30:00
Valid Interval: 13:00:00-16:00:00
Valid days of month: 1, 2, 3, 4, 5, 6, 7, 8, 9, 10, 11, 12, 13, 14, 15, 16, 17, 18, 19, 20, 21, 22, 23, 24, 25, 26, 27, 28, 29, 30, 31
Valid weekdays: Saturday, Sunday
When: 14:00:00
Current Time: 2007-01-07 16:00:00
Valid Interval: 23:00:00-02:00:00
Valid days of month: 1, 2, 3, 4, 5, 6, 7, 8, 9, 10, 11, 12, 13, 14, 15, 16, 17, 18, 19, 20, 21, 22, 23, 24, 25, 26, 27, 28, 29, 30, 31
Valid weekdays: Saturday, Sunday
When: 01:00:00
Current Time: 2007-01-01 12:00:00
Valid Interval: 23:00:00-02:00:00
Valid days of month: 1, 2, 3, 4, 5, 6, 7, 8, 9, 10, 11, 12, 13, 14, 15, 16, 17, 18, 19, 20, 21, 22, 23, 24, 25, 26, 27, 28, 29, 30, 31
Valid weekdays: Saturday, Sunday
When: 01:00:00
Current Time: 2007-01-02 01:00:00
Valid Interval: 23:00:00-02:00:00
Valid days of month: 1, 2, 3, 4, 5, 6, 7, 8, 9, 10, 11, 12, 13, 14, 15, 16, 17, 18, 19, 20, 21, 22, 23, 24, 25, 26, 27, 28, 29, 30, 31
Valid weekdays: Saturday, Sunday
When: 01:00:00
Current Time: 2007-01-06 00:30:00
Valid Interval: 23:00:00-02:00:00
Valid days of month: 1, 2, 3, 4, 5, 6, 7, 8, 9, 10, 11, 12, 13, 14, 15, 16, 17, 18, 19, 20, 21, 22, 23, 24, 25, 26, 27, 28, 29, 30, 31
Valid weekdays: Saturday, Sunday
When: 01:00:00
Current Time: 2007-01-06 02:30:00
Valid Interval: 23:00:00-02:00:00
Valid days of month: 1, 2, 3, 4, 5, 6, 7, 8, 9, 10, 11, 12, 13, 14, 15, 16, 17, 18, 19, 20, 21, 22, 23, 24, 25, 26, 27, 28, 29, 30, 31
Valid weekdays: Saturday, Sunday
When: 23:30:00
Current Time: 2007-01-01 12:00:00
Valid Interval: 23:00:00-02:00:00
Valid days of month: 1, 2, 3, 4, 5, 6, 7, 8, 9, 10, 11, 12, 13, 14, 15, 16, 17, 18, 19, 20, 21, 22, 23, 24, 25, 26, 27, 28, 29, 30, 31
Valid weekdays: Saturday, Sunday
When: 23:30:00
Current Time: 2007-01-05 23:30:00
Valid Interval: 23:00:00-02:00:00
Valid days of month: 1, 2, 3, 4, 5, 6, 7, 8, 9, 10, 11, 12, 13, 14, 15, 16, 17, 18, 19, 20, 21, 22, 23, 24, 25, 26, 27, 28, 29, 30, 31
Valid weekdays: Saturday, Sunday
When: 23:30:00
Current Time: 2007-01-06 23:00:00
Valid Interval: 23:00:00-02:00:00
Valid days of month: 1, 2, 3, 4, 5, 6, 7, 8, 9, 10, 11, 12, 13, 14, 15, 16, 17, 18, 19, 20, 21, 22, 23, 24, 25, 26, 27, 28, 29, 30, 31
Valid weekdays: Saturday, Sunday
When: 23:30:00
Current Time: 2007-01-06 02:00:00
Valid Interval: 23:00:00-02:00:00
Valid days of month: 1, 2, 3, 4, 5, 6, 7, 8, 9, 10, 11, 12, 13, 14, 15, 16, 17, 18, 19, 20, 21, 22, 23, 24, 25, 26, 27, 28, 29, 30, 31
Valid weekdays: Saturday, Sunday
When: 23:30:00
Current Time: 2007-01-07 23:40:00
Valid Interval: 23:00:00-02:00:00
Valid days of month: 1, 2, 3, 4, 5, 6, 7, 8, 9, 10, 11, 12, 13, 14, 15, 16, 17, 18, 19, 20, 21, 22, 23, 24, 25, 26, 27, 28, 29, 30, 31
Valid weekdays: Saturday, Sunday
When: 23:30:00
Current Time: 2007-01-07 01:00:00
Valid Interval: 13:00:00-16:00:00
Valid days of month: 1, 2, 3, 4, 5, 6, 7, 8, 9, 10, 11, 12, 13, 14, 15, 16, 17, 18, 19, 20, 21, 22, 23, 24, 25, 26, 27, 28, 29, 30, 31
Valid weekdays: Saturday, Sunday
When: 14:00:00
Current Time: 2007-01-06 14:30:00
Valid Interval: 13:00:00-16:00:00
Valid days of month: 1, 2, 3, 4, 5, 6, 7, 8, 9, 10, 11, 12, 13, 14, 15, 16, 17, 18, 19, 20, 21, 22, 23, 24, 25, 26, 27, 28, 29, 30, 31
Valid weekdays: Saturday, Sunday
When: 14:00:00
Current Time: 2007-01-07 15:00:00
Valid Interval: 23:00:00-02:00:00
Valid days of month: 1, 2, 3, 4, 5, 6, 7, 8, 9, 10, 11, 12, 13, 14, 15, 16, 17, 18, 19, 20, 21, 22, 23, 24, 25, 26, 27, 28, 29, 30, 31
Valid weekdays: Saturday, Sunday
When: 01:00:00
Current Time: 2007-01-06 01:30:00
Valid Interval: 23:00:00-02:00:00
Valid days of month: 1, 2, 3, 4, 5, 6, 7, 8, 9, 10, 11, 12, 13, 14, 15, 16, 17, 18, 19, 20, 21, 22, 23, 24, 25, 26, 27, 28, 29, 30, 31
Valid weekdays: Saturday, Sunday
When: 01:00:00
Current Time: 2007-01-07 01:30:00
Valid Interval: 23:00:00-02:00:00
Valid days of month: 1, 2, 3, 4, 5, 6, 7, 8, 9, 10, 11, 12, 13, 14, 15, 16, 17, 18, 19, 20, 21, 22, 23, 24, 25, 26, 27, 28, 29, 30, 31
Valid weekdays: Saturday, Sunday
When: 23:30:00
Current Time: 2007-01-06 23:02:00
Valid Interval: 23:00:00-02:00:00
Valid days of month: 1, 2, 3, 4, 5, 6, 7, 8, 9, 10, 11, 12, 13, 14, 15, 16, 17, 18, 19, 20, 21, 22, 23, 24, 25, 26, 27, 28, 29, 30, 31
Valid weekdays: Saturday, Sunday
When: 23:30:00
Current Time: 2007-01-06 01:10:00
Valid Interval: 23:00:00-02:00:00
Valid days of month: 1, 2, 3, 4, 5, 6, 7, 8, 9, 10, 11, 12, 13, 14, 15, 16, 17, 18, 19, 20, 21, 22, 23, 24, 25, 26, 27, 28, 29, 30, 31
Valid weekdays: Saturday, Sunday
When: 23:30:00
Current Time: 2007-01-07 01:00:40
Valid Interval: 23:00:00-02:00:00
Valid days of month: 2
Valid weekdays: Saturday, Sunday
When: 23:30:00
Current Time: 2007-01-01 12:00:00
Valid Interval: 23:00:00-02:00:00
Valid days of month: 1, 2
Valid weekdays: Saturday, Sunday
When: 23:30:00
Current Time: 2007-01-05 23:30:00
Valid Interval: 23:00:00-02:00:00
Valid days of month: 1, 2
Valid weekdays: Saturday, Sunday
When: 23:30:00
Current Time: 2007-01-06 23:00:00</StdOut>
      </Output>
    </UnitTestResult>
    <UnitTestResult executionId="f0d15d6a-6c88-4c74-a06e-85d88a51cf92" testId="057136d1-470d-470f-869c-1f3aeadc8d9e" testName="GetNextTimeToTrigger_AbsoluteTimer_ReturnsCorrectTime (Data Row 57)" computerName="ICSWS068" duration="00:00:00.0040632" startTime="2016-08-04T07:57:22.8599113+02:00" endTime="2016-08-04T07:57:22.8639174+02:00" testType="13cdc9d9-ddb5-4fa4-a97d-d965ccfc6d4b" outcome="Passed" testListId="8c84fa94-04c1-424b-9868-57a2d4851a1d" relativeResultsDirectory="f0d15d6a-6c88-4c74-a06e-85d88a51cf92">
      <Output>
        <StdOut>TestContext Messages:
Valid Interval: 11:00:00-13:00:00
Valid days of month: 1, 2, 3, 4, 5, 6, 7, 8, 9, 10, 11, 12, 13, 14, 15, 16, 17, 18, 19, 20, 21, 22, 23, 24, 25, 26, 27, 28, 29, 30, 31
Valid weekdays: Monday, Tuesday, Wednesday, Thursday, Friday, Saturday, Sunday
When: 12:00:00
Current Time: 2011-01-01 00:00:00
Valid Interval: 11:00:00-13:00:00
Valid days of month: 1, 2, 3, 4, 5, 6, 7, 8, 9, 10, 11, 12, 13, 14, 15, 16, 17, 18, 19, 20, 21, 22, 23, 24, 25, 26, 27, 28, 29, 30, 31
Valid weekdays: Monday, Tuesday, Wednesday, Thursday, Friday, Saturday, Sunday
When: 12:00:00
Current Time: 2011-01-01 09:00:00
Valid Interval: 11:00:00-13:00:00
Valid days of month: 1, 2, 3, 4, 5, 6, 7, 8, 9, 10, 11, 12, 13, 14, 15, 16, 17, 18, 19, 20, 21, 22, 23, 24, 25, 26, 27, 28, 29, 30, 31
Valid weekdays: Monday, Tuesday, Wednesday, Thursday, Friday, Saturday, Sunday
When: 12:00:00
Current Time: 2011-01-01 11:00:00
Valid Interval: 11:00:00-13:00:00
Valid days of month: 1, 2, 3, 4, 5, 6, 7, 8, 9, 10, 11, 12, 13, 14, 15, 16, 17, 18, 19, 20, 21, 22, 23, 24, 25, 26, 27, 28, 29, 30, 31
Valid weekdays: Monday, Tuesday, Wednesday, Thursday, Friday, Saturday, Sunday
When: 12:00:00
Current Time: 2011-01-01 12:00:00
Valid Interval: 11:00:00-13:00:00
Valid days of month: 1, 2, 3, 4, 5, 6, 7, 8, 9, 10, 11, 12, 13, 14, 15, 16, 17, 18, 19, 20, 21, 22, 23, 24, 25, 26, 27, 28, 29, 30, 31
Valid weekdays: Monday, Tuesday, Wednesday, Thursday, Friday, Saturday, Sunday
When: 12:00:00
Current Time: 2011-01-01 12:30:00
Valid Interval: 11:00:00-13:00:00
Valid days of month: 1, 2, 3, 4, 5, 6, 7, 8, 9, 10, 11, 12, 13, 14, 15, 16, 17, 18, 19, 20, 21, 22, 23, 24, 25, 26, 27, 28, 29, 30, 31
Valid weekdays: Monday, Tuesday, Wednesday, Thursday, Friday, Saturday, Sunday
When: 12:00:00
Current Time: 2011-01-01 13:00:00
Valid Interval: 11:00:00-13:00:00
Valid days of month: 1, 2, 3, 4, 5, 6, 7, 8, 9, 10, 11, 12, 13, 14, 15, 16, 17, 18, 19, 20, 21, 22, 23, 24, 25, 26, 27, 28, 29, 30, 31
Valid weekdays: Monday, Tuesday, Wednesday, Thursday, Friday, Saturday, Sunday
When: 12:00:00
Current Time: 2011-01-02 00:00:00
Valid Interval: 11:00:00-13:00:00
Valid days of month: 1, 2, 3, 4, 5, 6, 7, 8, 9, 10, 11, 12, 13, 14, 15, 16, 17, 18, 19, 20, 21, 22, 23, 24, 25, 26, 27, 28, 29, 30, 31
Valid weekdays: Monday, Tuesday, Wednesday, Thursday, Friday, Saturday, Sunday
When: 12:00:00
Current Time: 2011-01-02 09:00:00
Valid Interval: 11:00:00-13:00:00
Valid days of month: 1, 2, 3, 4, 5, 6, 7, 8, 9, 10, 11, 12, 13, 14, 15, 16, 17, 18, 19, 20, 21, 22, 23, 24, 25, 26, 27, 28, 29, 30, 31
Valid weekdays: Monday, Tuesday, Wednesday, Thursday, Friday, Saturday, Sunday
When: 12:00:00
Current Time: 2011-01-02 12:00:00
Valid Interval: 11:00:00-13:00:00
Valid days of month: 1, 2, 3, 4, 5, 6, 7, 8, 9, 10, 11, 12, 13, 14, 15, 16, 17, 18, 19, 20, 21, 22, 23, 24, 25, 26, 27, 28, 29, 30, 31
Valid weekdays: Monday, Tuesday, Wednesday, Thursday, Friday, Saturday, Sunday
When: 12:00:00
Current Time: 2011-01-02 12:45:30
Valid Interval: 11:00:00-13:00:00
Valid days of month: 1, 2, 3, 4, 5, 6, 7, 8, 9, 10, 11, 12, 13, 14, 15, 16, 17, 18, 19, 20, 21, 22, 23, 24, 25, 26, 27, 28, 29, 30, 31
Valid weekdays: Monday, Tuesday, Wednesday, Thursday, Friday, Saturday, Sunday
When: 12:00:00
Current Time: 2011-01-02 13:00:00
Valid Interval: 11:00:00-13:00:00
Valid days of month: 1, 2, 3, 4, 5, 6, 7, 8, 9, 10, 11, 12, 13, 14, 15, 16, 17, 18, 19, 20, 21, 22, 23, 24, 25, 26, 27, 28, 29, 30, 31
Valid weekdays: Monday, Tuesday, Wednesday, Thursday, Friday, Saturday, Sunday
When: 12:00:00
Current Time: 2011-01-01 12:00:00
Valid Interval: 11:00:00-13:00:00
Valid days of month: 1, 2, 3, 4, 5, 6, 7, 8, 9, 10, 11, 12, 13, 14, 15, 16, 17, 18, 19, 20, 21, 22, 23, 24, 25, 26, 27, 28, 29, 30, 31
Valid weekdays: Monday, Tuesday, Wednesday, Thursday, Friday, Saturday, Sunday
When: 12:00:00
Current Time: 2011-01-01 12:30:00
Valid Interval: 11:00:00-13:00:00
Valid days of month: 1, 2, 3, 4, 5, 6, 7, 8, 9, 10, 11, 12, 13, 14, 15, 16, 17, 18, 19, 20, 21, 22, 23, 24, 25, 26, 27, 28, 29, 30, 31
Valid weekdays: Monday, Tuesday, Wednesday, Thursday, Friday, Saturday, Sunday
When: 12:00:00
Current Time: 2011-01-01 12:30:00
Valid Interval: 11:00:00-13:00:00
Valid days of month: 1, 2, 3, 4, 5, 6, 7, 8, 9, 10, 11, 12, 13, 14, 15, 16, 17, 18, 19, 20, 21, 22, 23, 24, 25, 26, 27, 28, 29, 30, 31
Valid weekdays: Monday, Tuesday, Wednesday, Thursday, Friday, Saturday, Sunday
When: 12:00:00
Current Time: 2011-01-01 13:00:00
Valid Interval: 11:00:00-13:00:00
Valid days of month: 1, 2, 3, 4, 5, 6, 7, 8, 9, 10, 11, 12, 13, 14, 15, 16, 17, 18, 19, 20, 21, 22, 23, 24, 25, 26, 27, 28, 29, 30, 31
Valid weekdays: Monday, Tuesday, Wednesday, Thursday, Friday, Saturday, Sunday
When: 12:00:00
Current Time: 2011-01-01 14:30:00
Valid Interval: 23:00:00-13:00:00
Valid days of month: 1, 2, 3, 4, 5, 6, 7, 8, 9, 10, 11, 12, 13, 14, 15, 16, 17, 18, 19, 20, 21, 22, 23, 24, 25, 26, 27, 28, 29, 30, 31
Valid weekdays: Monday, Tuesday, Wednesday, Thursday, Friday, Saturday, Sunday
When: 23:30:00
Current Time: 2011-01-01 16:00:00
Valid Interval: 23:00:00-13:00:00
Valid days of month: 1, 2, 3, 4, 5, 6, 7, 8, 9, 10, 11, 12, 13, 14, 15, 16, 17, 18, 19, 20, 21, 22, 23, 24, 25, 26, 27, 28, 29, 30, 31
Valid weekdays: Monday, Tuesday, Wednesday, Thursday, Friday, Saturday, Sunday
When: 23:30:00
Current Time: 2011-01-01 23:00:00
Valid Interval: 23:00:00-13:00:00
Valid days of month: 1, 2, 3, 4, 5, 6, 7, 8, 9, 10, 11, 12, 13, 14, 15, 16, 17, 18, 19, 20, 21, 22, 23, 24, 25, 26, 27, 28, 29, 30, 31
Valid weekdays: Monday, Tuesday, Wednesday, Thursday, Friday, Saturday, Sunday
When: 23:30:00
Current Time: 2011-01-01 23:30:00
Valid Interval: 23:00:00-13:00:00
Valid days of month: 1, 2, 3, 4, 5, 6, 7, 8, 9, 10, 11, 12, 13, 14, 15, 16, 17, 18, 19, 20, 21, 22, 23, 24, 25, 26, 27, 28, 29, 30, 31
Valid weekdays: Monday, Tuesday, Wednesday, Thursday, Friday, Saturday, Sunday
When: 23:30:00
Current Time: 2011-01-01 23:45:00
Valid Interval: 23:00:00-13:00:00
Valid days of month: 1, 2, 3, 4, 5, 6, 7, 8, 9, 10, 11, 12, 13, 14, 15, 16, 17, 18, 19, 20, 21, 22, 23, 24, 25, 26, 27, 28, 29, 30, 31
Valid weekdays: Monday, Tuesday, Wednesday, Thursday, Friday, Saturday, Sunday
When: 23:30:00
Current Time: 2011-01-02 00:30:00
Valid Interval: 23:00:00-13:00:00
Valid days of month: 1, 2, 3, 4, 5, 6, 7, 8, 9, 10, 11, 12, 13, 14, 15, 16, 17, 18, 19, 20, 21, 22, 23, 24, 25, 26, 27, 28, 29, 30, 31
Valid weekdays: Monday, Tuesday, Wednesday, Thursday, Friday, Saturday, Sunday
When: 23:30:00
Current Time: 2011-01-01 13:00:00
Valid Interval: 23:00:00-13:00:00
Valid days of month: 1, 2, 3, 4, 5, 6, 7, 8, 9, 10, 11, 12, 13, 14, 15, 16, 17, 18, 19, 20, 21, 22, 23, 24, 25, 26, 27, 28, 29, 30, 31
Valid weekdays: Monday, Tuesday, Wednesday, Thursday, Friday, Saturday, Sunday
When: 01:00:00
Current Time: 2011-01-01 16:00:00
Valid Interval: 23:00:00-13:00:00
Valid days of month: 1, 2, 3, 4, 5, 6, 7, 8, 9, 10, 11, 12, 13, 14, 15, 16, 17, 18, 19, 20, 21, 22, 23, 24, 25, 26, 27, 28, 29, 30, 31
Valid weekdays: Monday, Tuesday, Wednesday, Thursday, Friday, Saturday, Sunday
When: 01:00:00
Current Time: 2011-01-01 23:00:00
Valid Interval: 23:00:00-13:00:00
Valid days of month: 1, 2, 3, 4, 5, 6, 7, 8, 9, 10, 11, 12, 13, 14, 15, 16, 17, 18, 19, 20, 21, 22, 23, 24, 25, 26, 27, 28, 29, 30, 31
Valid weekdays: Monday, Tuesday, Wednesday, Thursday, Friday, Saturday, Sunday
When: 01:00:00
Current Time: 2011-01-01 23:30:00
Valid Interval: 23:00:00-13:00:00
Valid days of month: 1, 2, 3, 4, 5, 6, 7, 8, 9, 10, 11, 12, 13, 14, 15, 16, 17, 18, 19, 20, 21, 22, 23, 24, 25, 26, 27, 28, 29, 30, 31
Valid weekdays: Monday, Tuesday, Wednesday, Thursday, Friday, Saturday, Sunday
When: 01:00:00
Current Time: 2011-01-02 00:30:00
Valid Interval: 23:00:00-13:00:00
Valid days of month: 1, 2, 3, 4, 5, 6, 7, 8, 9, 10, 11, 12, 13, 14, 15, 16, 17, 18, 19, 20, 21, 22, 23, 24, 25, 26, 27, 28, 29, 30, 31
Valid weekdays: Monday, Tuesday, Wednesday, Thursday, Friday, Saturday, Sunday
When: 01:00:00
Current Time: 2011-01-01 02:00:00
Valid Interval: 23:00:00-13:00:00
Valid days of month: 1, 2, 3, 4, 5, 6, 7, 8, 9, 10, 11, 12, 13, 14, 15, 16, 17, 18, 19, 20, 21, 22, 23, 24, 25, 26, 27, 28, 29, 30, 31
Valid weekdays: Monday, Tuesday, Wednesday, Thursday, Friday, Saturday, Sunday
When: 01:00:00
Current Time: 2011-01-01 13:00:00
Valid Interval: 23:00:00-13:00:00
Valid days of month: 1, 2, 3, 4, 5, 6, 7, 8, 9, 10, 11, 12, 13, 14, 15, 16, 17, 18, 19, 20, 21, 22, 23, 24, 25, 26, 27, 28, 29, 30, 31
Valid weekdays: Monday, Tuesday, Wednesday, Thursday, Friday, Saturday, Sunday
When: 23:30:00
Current Time: 2011-01-01 16:00:00
Valid Interval: 23:00:00-13:00:00
Valid days of month: 1, 2, 3, 4, 5, 6, 7, 8, 9, 10, 11, 12, 13, 14, 15, 16, 17, 18, 19, 20, 21, 22, 23, 24, 25, 26, 27, 28, 29, 30, 31
Valid weekdays: Monday, Tuesday, Wednesday, Thursday, Friday, Saturday, Sunday
When: 23:30:00
Current Time: 2011-01-01 23:00:00
Valid Interval: 23:00:00-13:00:00
Valid days of month: 1, 2, 3, 4, 5, 6, 7, 8, 9, 10, 11, 12, 13, 14, 15, 16, 17, 18, 19, 20, 21, 22, 23, 24, 25, 26, 27, 28, 29, 30, 31
Valid weekdays: Monday, Tuesday, Wednesday, Thursday, Friday, Saturday, Sunday
When: 23:30:00
Current Time: 2011-01-01 23:30:00
Valid Interval: 23:00:00-13:00:00
Valid days of month: 1, 2, 3, 4, 5, 6, 7, 8, 9, 10, 11, 12, 13, 14, 15, 16, 17, 18, 19, 20, 21, 22, 23, 24, 25, 26, 27, 28, 29, 30, 31
Valid weekdays: Monday, Tuesday, Wednesday, Thursday, Friday, Saturday, Sunday
When: 23:30:00
Current Time: 2011-01-01 23:45:00
Valid Interval: 23:00:00-13:00:00
Valid days of month: 1, 2, 3, 4, 5, 6, 7, 8, 9, 10, 11, 12, 13, 14, 15, 16, 17, 18, 19, 20, 21, 22, 23, 24, 25, 26, 27, 28, 29, 30, 31
Valid weekdays: Monday, Tuesday, Wednesday, Thursday, Friday, Saturday, Sunday
When: 23:30:00
Current Time: 2011-01-02 00:30:00
Valid Interval: 23:00:00-13:00:00
Valid days of month: 1, 2, 3, 4, 5, 6, 7, 8, 9, 10, 11, 12, 13, 14, 15, 16, 17, 18, 19, 20, 21, 22, 23, 24, 25, 26, 27, 28, 29, 30, 31
Valid weekdays: Monday, Tuesday, Wednesday, Thursday, Friday, Saturday, Sunday
When: 23:30:00
Current Time: 2011-01-01 13:00:00
Valid Interval: 23:00:00-13:00:00
Valid days of month: 1, 2, 3, 4, 5, 6, 7, 8, 9, 10, 11, 12, 13, 14, 15, 16, 17, 18, 19, 20, 21, 22, 23, 24, 25, 26, 27, 28, 29, 30, 31
Valid weekdays: Monday, Tuesday, Wednesday, Thursday, Friday, Saturday, Sunday
When: 01:00:00
Current Time: 2011-01-01 16:00:00
Valid Interval: 23:00:00-13:00:00
Valid days of month: 1, 2, 3, 4, 5, 6, 7, 8, 9, 10, 11, 12, 13, 14, 15, 16, 17, 18, 19, 20, 21, 22, 23, 24, 25, 26, 27, 28, 29, 30, 31
Valid weekdays: Monday, Tuesday, Wednesday, Thursday, Friday, Saturday, Sunday
When: 01:00:00
Current Time: 2011-01-01 23:00:00
Valid Interval: 23:00:00-13:00:00
Valid days of month: 1, 2, 3, 4, 5, 6, 7, 8, 9, 10, 11, 12, 13, 14, 15, 16, 17, 18, 19, 20, 21, 22, 23, 24, 25, 26, 27, 28, 29, 30, 31
Valid weekdays: Monday, Tuesday, Wednesday, Thursday, Friday, Saturday, Sunday
When: 01:00:00
Current Time: 2011-01-01 23:30:00
Valid Interval: 23:00:00-13:00:00
Valid days of month: 1, 2, 3, 4, 5, 6, 7, 8, 9, 10, 11, 12, 13, 14, 15, 16, 17, 18, 19, 20, 21, 22, 23, 24, 25, 26, 27, 28, 29, 30, 31
Valid weekdays: Monday, Tuesday, Wednesday, Thursday, Friday, Saturday, Sunday
When: 01:00:00
Current Time: 2011-01-02 00:30:00
Valid Interval: 23:00:00-13:00:00
Valid days of month: 1, 2, 3, 4, 5, 6, 7, 8, 9, 10, 11, 12, 13, 14, 15, 16, 17, 18, 19, 20, 21, 22, 23, 24, 25, 26, 27, 28, 29, 30, 31
Valid weekdays: Monday, Tuesday, Wednesday, Thursday, Friday, Saturday, Sunday
When: 01:00:00
Current Time: 2011-01-02 02:00:00
Valid Interval: 23:00:00-13:00:00
Valid days of month: 1, 2, 3, 4, 5, 6, 7, 8, 9, 10, 11, 12, 13, 14, 15, 16, 17, 18, 19, 20, 21, 22, 23, 24, 25, 26, 27, 28, 29, 30, 31
Valid weekdays: Monday, Tuesday, Wednesday, Thursday, Friday, Saturday, Sunday
When: 01:00:00
Current Time: 2011-01-02 13:00:00
Valid Interval: 23:00:00-13:00:00
Valid days of month: 1, 2, 3, 4, 5, 6, 7, 8, 9, 10, 11, 12, 13, 14, 15, 16, 17, 18, 19, 20, 21, 22, 23, 24, 25, 26, 27, 28, 29, 30, 31
Valid weekdays: Monday, Tuesday, Wednesday, Thursday, Friday, Saturday, Sunday
When: 23:30:00
Current Time: 2011-01-01 23:30:05
Valid Interval: 23:00:00-13:00:00
Valid days of month: 1, 2, 3, 4, 5, 6, 7, 8, 9, 10, 11, 12, 13, 14, 15, 16, 17, 18, 19, 20, 21, 22, 23, 24, 25, 26, 27, 28, 29, 30, 31
Valid weekdays: Monday, Tuesday, Wednesday, Thursday, Friday, Saturday, Sunday
When: 23:30:00
Current Time: 2011-01-02 00:30:00
Valid Interval: 23:00:00-13:00:00
Valid days of month: 1, 2, 3, 4, 5, 6, 7, 8, 9, 10, 11, 12, 13, 14, 15, 16, 17, 18, 19, 20, 21, 22, 23, 24, 25, 26, 27, 28, 29, 30, 31
Valid weekdays: Monday, Tuesday, Wednesday, Thursday, Friday, Saturday, Sunday
When: 23:30:00
Current Time: 2011-01-02 13:00:00
Valid Interval: 23:00:00-13:00:00
Valid days of month: 1, 2, 3, 4, 5, 6, 7, 8, 9, 10, 11, 12, 13, 14, 15, 16, 17, 18, 19, 20, 21, 22, 23, 24, 25, 26, 27, 28, 29, 30, 31
Valid weekdays: Monday, Tuesday, Wednesday, Thursday, Friday, Saturday, Sunday
When: 01:00:00
Current Time: 2011-01-01 02:00:00
Valid Interval: 23:00:00-13:00:00
Valid days of month: 1, 2, 3, 4, 5, 6, 7, 8, 9, 10, 11, 12, 13, 14, 15, 16, 17, 18, 19, 20, 21, 22, 23, 24, 25, 26, 27, 28, 29, 30, 31
Valid weekdays: Monday, Tuesday, Wednesday, Thursday, Friday, Saturday, Sunday
When: 01:00:00
Current Time: 2011-01-02 02:00:00
Valid Interval: 13:00:00-16:00:00
Valid days of month: 1, 2, 3, 4, 5, 6, 7, 8, 9, 10, 11, 12, 13, 14, 15, 16, 17, 18, 19, 20, 21, 22, 23, 24, 25, 26, 27, 28, 29, 30, 31
Valid weekdays: Saturday, Sunday
When: 14:00:00
Current Time: 2007-01-01 12:00:00
Valid Interval: 13:00:00-16:00:00
Valid days of month: 1, 2, 3, 4, 5, 6, 7, 8, 9, 10, 11, 12, 13, 14, 15, 16, 17, 18, 19, 20, 21, 22, 23, 24, 25, 26, 27, 28, 29, 30, 31
Valid weekdays: Saturday, Sunday
When: 14:00:00
Current Time: 2007-01-02 13:30:00
Valid Interval: 13:00:00-16:00:00
Valid days of month: 1, 2, 3, 4, 5, 6, 7, 8, 9, 10, 11, 12, 13, 14, 15, 16, 17, 18, 19, 20, 21, 22, 23, 24, 25, 26, 27, 28, 29, 30, 31
Valid weekdays: Saturday, Sunday
When: 14:00:00
Current Time: 2007-01-06 13:30:00
Valid Interval: 13:00:00-16:00:00
Valid days of month: 1, 2, 3, 4, 5, 6, 7, 8, 9, 10, 11, 12, 13, 14, 15, 16, 17, 18, 19, 20, 21, 22, 23, 24, 25, 26, 27, 28, 29, 30, 31
Valid weekdays: Saturday, Sunday
When: 14:00:00
Current Time: 2007-01-06 14:30:00
Valid Interval: 13:00:00-16:00:00
Valid days of month: 1, 2, 3, 4, 5, 6, 7, 8, 9, 10, 11, 12, 13, 14, 15, 16, 17, 18, 19, 20, 21, 22, 23, 24, 25, 26, 27, 28, 29, 30, 31
Valid weekdays: Saturday, Sunday
When: 14:00:00
Current Time: 2007-01-06 16:30:00
Valid Interval: 13:00:00-16:00:00
Valid days of month: 1, 2, 3, 4, 5, 6, 7, 8, 9, 10, 11, 12, 13, 14, 15, 16, 17, 18, 19, 20, 21, 22, 23, 24, 25, 26, 27, 28, 29, 30, 31
Valid weekdays: Saturday, Sunday
When: 14:00:00
Current Time: 2007-01-07 16:00:00
Valid Interval: 23:00:00-02:00:00
Valid days of month: 1, 2, 3, 4, 5, 6, 7, 8, 9, 10, 11, 12, 13, 14, 15, 16, 17, 18, 19, 20, 21, 22, 23, 24, 25, 26, 27, 28, 29, 30, 31
Valid weekdays: Saturday, Sunday
When: 01:00:00
Current Time: 2007-01-01 12:00:00
Valid Interval: 23:00:00-02:00:00
Valid days of month: 1, 2, 3, 4, 5, 6, 7, 8, 9, 10, 11, 12, 13, 14, 15, 16, 17, 18, 19, 20, 21, 22, 23, 24, 25, 26, 27, 28, 29, 30, 31
Valid weekdays: Saturday, Sunday
When: 01:00:00
Current Time: 2007-01-02 01:00:00
Valid Interval: 23:00:00-02:00:00
Valid days of month: 1, 2, 3, 4, 5, 6, 7, 8, 9, 10, 11, 12, 13, 14, 15, 16, 17, 18, 19, 20, 21, 22, 23, 24, 25, 26, 27, 28, 29, 30, 31
Valid weekdays: Saturday, Sunday
When: 01:00:00
Current Time: 2007-01-06 00:30:00
Valid Interval: 23:00:00-02:00:00
Valid days of month: 1, 2, 3, 4, 5, 6, 7, 8, 9, 10, 11, 12, 13, 14, 15, 16, 17, 18, 19, 20, 21, 22, 23, 24, 25, 26, 27, 28, 29, 30, 31
Valid weekdays: Saturday, Sunday
When: 01:00:00
Current Time: 2007-01-06 01:30:00
Valid Interval: 23:00:00-02:00:00
Valid days of month: 1, 2, 3, 4, 5, 6, 7, 8, 9, 10, 11, 12, 13, 14, 15, 16, 17, 18, 19, 20, 21, 22, 23, 24, 25, 26, 27, 28, 29, 30, 31
Valid weekdays: Saturday, Sunday
When: 01:00:00
Current Time: 2007-01-06 02:30:00
Valid Interval: 23:00:00-02:00:00
Valid days of month: 1, 2, 3, 4, 5, 6, 7, 8, 9, 10, 11, 12, 13, 14, 15, 16, 17, 18, 19, 20, 21, 22, 23, 24, 25, 26, 27, 28, 29, 30, 31
Valid weekdays: Saturday, Sunday
When: 01:00:00
Current Time: 2007-01-07 02:00:00
Valid Interval: 23:00:00-02:00:00
Valid days of month: 1, 2, 3, 4, 5, 6, 7, 8, 9, 10, 11, 12, 13, 14, 15, 16, 17, 18, 19, 20, 21, 22, 23, 24, 25, 26, 27, 28, 29, 30, 31
Valid weekdays: Saturday, Sunday
When: 23:30:00
Current Time: 2007-01-01 12:00:00
Valid Interval: 23:00:00-02:00:00
Valid days of month: 1, 2, 3, 4, 5, 6, 7, 8, 9, 10, 11, 12, 13, 14, 15, 16, 17, 18, 19, 20, 21, 22, 23, 24, 25, 26, 27, 28, 29, 30, 31
Valid weekdays: Saturday, Sunday
When: 23:30:00
Current Time: 2007-01-05 23:30:00
Valid Interval: 23:00:00-02:00:00
Valid days of month: 1, 2, 3, 4, 5, 6, 7, 8, 9, 10, 11, 12, 13, 14, 15, 16, 17, 18, 19, 20, 21, 22, 23, 24, 25, 26, 27, 28, 29, 30, 31
Valid weekdays: Saturday, Sunday
When: 23:30:00
Current Time: 2007-01-06 23:00:00
Valid Interval: 23:00:00-02:00:00
Valid days of month: 1, 2, 3, 4, 5, 6, 7, 8, 9, 10, 11, 12, 13, 14, 15, 16, 17, 18, 19, 20, 21, 22, 23, 24, 25, 26, 27, 28, 29, 30, 31
Valid weekdays: Saturday, Sunday
When: 23:30:00
Current Time: 2007-01-06 02:00:00
Valid Interval: 23:00:00-02:00:00
Valid days of month: 1, 2, 3, 4, 5, 6, 7, 8, 9, 10, 11, 12, 13, 14, 15, 16, 17, 18, 19, 20, 21, 22, 23, 24, 25, 26, 27, 28, 29, 30, 31
Valid weekdays: Saturday, Sunday
When: 23:30:00
Current Time: 2007-01-07 23:40:00
Valid Interval: 23:00:00-02:00:00
Valid days of month: 1, 2, 3, 4, 5, 6, 7, 8, 9, 10, 11, 12, 13, 14, 15, 16, 17, 18, 19, 20, 21, 22, 23, 24, 25, 26, 27, 28, 29, 30, 31
Valid weekdays: Saturday, Sunday
When: 23:30:00
Current Time: 2007-01-07 01:00:00
Valid Interval: 13:00:00-16:00:00
Valid days of month: 1, 2, 3, 4, 5, 6, 7, 8, 9, 10, 11, 12, 13, 14, 15, 16, 17, 18, 19, 20, 21, 22, 23, 24, 25, 26, 27, 28, 29, 30, 31
Valid weekdays: Saturday, Sunday
When: 14:00:00
Current Time: 2007-01-01 12:00:00
Valid Interval: 13:00:00-16:00:00
Valid days of month: 1, 2, 3, 4, 5, 6, 7, 8, 9, 10, 11, 12, 13, 14, 15, 16, 17, 18, 19, 20, 21, 22, 23, 24, 25, 26, 27, 28, 29, 30, 31
Valid weekdays: Saturday, Sunday
When: 14:00:00
Current Time: 2007-01-02 13:30:00
Valid Interval: 13:00:00-16:00:00
Valid days of month: 1, 2, 3, 4, 5, 6, 7, 8, 9, 10, 11, 12, 13, 14, 15, 16, 17, 18, 19, 20, 21, 22, 23, 24, 25, 26, 27, 28, 29, 30, 31
Valid weekdays: Saturday, Sunday
When: 14:00:00
Current Time: 2007-01-06 13:30:00
Valid Interval: 13:00:00-16:00:00
Valid days of month: 1, 2, 3, 4, 5, 6, 7, 8, 9, 10, 11, 12, 13, 14, 15, 16, 17, 18, 19, 20, 21, 22, 23, 24, 25, 26, 27, 28, 29, 30, 31
Valid weekdays: Saturday, Sunday
When: 14:00:00
Current Time: 2007-01-06 14:30:00
Valid Interval: 13:00:00-16:00:00
Valid days of month: 1, 2, 3, 4, 5, 6, 7, 8, 9, 10, 11, 12, 13, 14, 15, 16, 17, 18, 19, 20, 21, 22, 23, 24, 25, 26, 27, 28, 29, 30, 31
Valid weekdays: Saturday, Sunday
When: 14:00:00
Current Time: 2007-01-06 16:30:00
Valid Interval: 13:00:00-16:00:00
Valid days of month: 1, 2, 3, 4, 5, 6, 7, 8, 9, 10, 11, 12, 13, 14, 15, 16, 17, 18, 19, 20, 21, 22, 23, 24, 25, 26, 27, 28, 29, 30, 31
Valid weekdays: Saturday, Sunday
When: 14:00:00
Current Time: 2007-01-07 16:00:00
Valid Interval: 23:00:00-02:00:00
Valid days of month: 1, 2, 3, 4, 5, 6, 7, 8, 9, 10, 11, 12, 13, 14, 15, 16, 17, 18, 19, 20, 21, 22, 23, 24, 25, 26, 27, 28, 29, 30, 31
Valid weekdays: Saturday, Sunday
When: 01:00:00
Current Time: 2007-01-01 12:00:00
Valid Interval: 23:00:00-02:00:00
Valid days of month: 1, 2, 3, 4, 5, 6, 7, 8, 9, 10, 11, 12, 13, 14, 15, 16, 17, 18, 19, 20, 21, 22, 23, 24, 25, 26, 27, 28, 29, 30, 31
Valid weekdays: Saturday, Sunday
When: 01:00:00
Current Time: 2007-01-02 01:00:00
Valid Interval: 23:00:00-02:00:00
Valid days of month: 1, 2, 3, 4, 5, 6, 7, 8, 9, 10, 11, 12, 13, 14, 15, 16, 17, 18, 19, 20, 21, 22, 23, 24, 25, 26, 27, 28, 29, 30, 31
Valid weekdays: Saturday, Sunday
When: 01:00:00
Current Time: 2007-01-06 00:30:00
Valid Interval: 23:00:00-02:00:00
Valid days of month: 1, 2, 3, 4, 5, 6, 7, 8, 9, 10, 11, 12, 13, 14, 15, 16, 17, 18, 19, 20, 21, 22, 23, 24, 25, 26, 27, 28, 29, 30, 31
Valid weekdays: Saturday, Sunday
When: 01:00:00
Current Time: 2007-01-06 02:30:00
Valid Interval: 23:00:00-02:00:00
Valid days of month: 1, 2, 3, 4, 5, 6, 7, 8, 9, 10, 11, 12, 13, 14, 15, 16, 17, 18, 19, 20, 21, 22, 23, 24, 25, 26, 27, 28, 29, 30, 31
Valid weekdays: Saturday, Sunday
When: 23:30:00
Current Time: 2007-01-01 12:00:00
Valid Interval: 23:00:00-02:00:00
Valid days of month: 1, 2, 3, 4, 5, 6, 7, 8, 9, 10, 11, 12, 13, 14, 15, 16, 17, 18, 19, 20, 21, 22, 23, 24, 25, 26, 27, 28, 29, 30, 31
Valid weekdays: Saturday, Sunday
When: 23:30:00
Current Time: 2007-01-05 23:30:00
Valid Interval: 23:00:00-02:00:00
Valid days of month: 1, 2, 3, 4, 5, 6, 7, 8, 9, 10, 11, 12, 13, 14, 15, 16, 17, 18, 19, 20, 21, 22, 23, 24, 25, 26, 27, 28, 29, 30, 31
Valid weekdays: Saturday, Sunday
When: 23:30:00
Current Time: 2007-01-06 23:00:00
Valid Interval: 23:00:00-02:00:00
Valid days of month: 1, 2, 3, 4, 5, 6, 7, 8, 9, 10, 11, 12, 13, 14, 15, 16, 17, 18, 19, 20, 21, 22, 23, 24, 25, 26, 27, 28, 29, 30, 31
Valid weekdays: Saturday, Sunday
When: 23:30:00
Current Time: 2007-01-06 02:00:00
Valid Interval: 23:00:00-02:00:00
Valid days of month: 1, 2, 3, 4, 5, 6, 7, 8, 9, 10, 11, 12, 13, 14, 15, 16, 17, 18, 19, 20, 21, 22, 23, 24, 25, 26, 27, 28, 29, 30, 31
Valid weekdays: Saturday, Sunday
When: 23:30:00
Current Time: 2007-01-07 23:40:00
Valid Interval: 23:00:00-02:00:00
Valid days of month: 1, 2, 3, 4, 5, 6, 7, 8, 9, 10, 11, 12, 13, 14, 15, 16, 17, 18, 19, 20, 21, 22, 23, 24, 25, 26, 27, 28, 29, 30, 31
Valid weekdays: Saturday, Sunday
When: 23:30:00
Current Time: 2007-01-07 01:00:00
Valid Interval: 13:00:00-16:00:00
Valid days of month: 1, 2, 3, 4, 5, 6, 7, 8, 9, 10, 11, 12, 13, 14, 15, 16, 17, 18, 19, 20, 21, 22, 23, 24, 25, 26, 27, 28, 29, 30, 31
Valid weekdays: Saturday, Sunday
When: 14:00:00
Current Time: 2007-01-06 14:30:00
Valid Interval: 13:00:00-16:00:00
Valid days of month: 1, 2, 3, 4, 5, 6, 7, 8, 9, 10, 11, 12, 13, 14, 15, 16, 17, 18, 19, 20, 21, 22, 23, 24, 25, 26, 27, 28, 29, 30, 31
Valid weekdays: Saturday, Sunday
When: 14:00:00
Current Time: 2007-01-07 15:00:00
Valid Interval: 23:00:00-02:00:00
Valid days of month: 1, 2, 3, 4, 5, 6, 7, 8, 9, 10, 11, 12, 13, 14, 15, 16, 17, 18, 19, 20, 21, 22, 23, 24, 25, 26, 27, 28, 29, 30, 31
Valid weekdays: Saturday, Sunday
When: 01:00:00
Current Time: 2007-01-06 01:30:00
Valid Interval: 23:00:00-02:00:00
Valid days of month: 1, 2, 3, 4, 5, 6, 7, 8, 9, 10, 11, 12, 13, 14, 15, 16, 17, 18, 19, 20, 21, 22, 23, 24, 25, 26, 27, 28, 29, 30, 31
Valid weekdays: Saturday, Sunday
When: 01:00:00
Current Time: 2007-01-07 01:30:00
Valid Interval: 23:00:00-02:00:00
Valid days of month: 1, 2, 3, 4, 5, 6, 7, 8, 9, 10, 11, 12, 13, 14, 15, 16, 17, 18, 19, 20, 21, 22, 23, 24, 25, 26, 27, 28, 29, 30, 31
Valid weekdays: Saturday, Sunday
When: 23:30:00
Current Time: 2007-01-06 23:02:00
Valid Interval: 23:00:00-02:00:00
Valid days of month: 1, 2, 3, 4, 5, 6, 7, 8, 9, 10, 11, 12, 13, 14, 15, 16, 17, 18, 19, 20, 21, 22, 23, 24, 25, 26, 27, 28, 29, 30, 31
Valid weekdays: Saturday, Sunday
When: 23:30:00
Current Time: 2007-01-06 01:10:00
Valid Interval: 23:00:00-02:00:00
Valid days of month: 1, 2, 3, 4, 5, 6, 7, 8, 9, 10, 11, 12, 13, 14, 15, 16, 17, 18, 19, 20, 21, 22, 23, 24, 25, 26, 27, 28, 29, 30, 31
Valid weekdays: Saturday, Sunday
When: 23:30:00
Current Time: 2007-01-07 01:00:40
Valid Interval: 23:00:00-02:00:00
Valid days of month: 2
Valid weekdays: Saturday, Sunday
When: 23:30:00
Current Time: 2007-01-01 12:00:00
Valid Interval: 23:00:00-02:00:00
Valid days of month: 1, 2
Valid weekdays: Saturday, Sunday
When: 23:30:00
Current Time: 2007-01-05 23:30:00
Valid Interval: 23:00:00-02:00:00
Valid days of month: 1, 2
Valid weekdays: Saturday, Sunday
When: 23:30:00
Current Time: 2007-01-06 23:00:00</StdOut>
      </Output>
    </UnitTestResult>
    <UnitTestResult executionId="c62e1c05-9a36-44e6-a503-89ab6d1faf7b" testId="c668f093-9c7a-4c39-aca9-f5fc52772184" testName="GetNextTimeToTrigger_AbsoluteTimer_ReturnsCorrectTime (Data Row 58)" computerName="ICSWS068" duration="00:00:00.0041784" startTime="2016-08-04T07:57:22.8639174+02:00" endTime="2016-08-04T07:57:22.8679203+02:00" testType="13cdc9d9-ddb5-4fa4-a97d-d965ccfc6d4b" outcome="Passed" testListId="8c84fa94-04c1-424b-9868-57a2d4851a1d" relativeResultsDirectory="c62e1c05-9a36-44e6-a503-89ab6d1faf7b">
      <Output>
        <StdOut>TestContext Messages:
Valid Interval: 11:00:00-13:00:00
Valid days of month: 1, 2, 3, 4, 5, 6, 7, 8, 9, 10, 11, 12, 13, 14, 15, 16, 17, 18, 19, 20, 21, 22, 23, 24, 25, 26, 27, 28, 29, 30, 31
Valid weekdays: Monday, Tuesday, Wednesday, Thursday, Friday, Saturday, Sunday
When: 12:00:00
Current Time: 2011-01-01 00:00:00
Valid Interval: 11:00:00-13:00:00
Valid days of month: 1, 2, 3, 4, 5, 6, 7, 8, 9, 10, 11, 12, 13, 14, 15, 16, 17, 18, 19, 20, 21, 22, 23, 24, 25, 26, 27, 28, 29, 30, 31
Valid weekdays: Monday, Tuesday, Wednesday, Thursday, Friday, Saturday, Sunday
When: 12:00:00
Current Time: 2011-01-01 09:00:00
Valid Interval: 11:00:00-13:00:00
Valid days of month: 1, 2, 3, 4, 5, 6, 7, 8, 9, 10, 11, 12, 13, 14, 15, 16, 17, 18, 19, 20, 21, 22, 23, 24, 25, 26, 27, 28, 29, 30, 31
Valid weekdays: Monday, Tuesday, Wednesday, Thursday, Friday, Saturday, Sunday
When: 12:00:00
Current Time: 2011-01-01 11:00:00
Valid Interval: 11:00:00-13:00:00
Valid days of month: 1, 2, 3, 4, 5, 6, 7, 8, 9, 10, 11, 12, 13, 14, 15, 16, 17, 18, 19, 20, 21, 22, 23, 24, 25, 26, 27, 28, 29, 30, 31
Valid weekdays: Monday, Tuesday, Wednesday, Thursday, Friday, Saturday, Sunday
When: 12:00:00
Current Time: 2011-01-01 12:00:00
Valid Interval: 11:00:00-13:00:00
Valid days of month: 1, 2, 3, 4, 5, 6, 7, 8, 9, 10, 11, 12, 13, 14, 15, 16, 17, 18, 19, 20, 21, 22, 23, 24, 25, 26, 27, 28, 29, 30, 31
Valid weekdays: Monday, Tuesday, Wednesday, Thursday, Friday, Saturday, Sunday
When: 12:00:00
Current Time: 2011-01-01 12:30:00
Valid Interval: 11:00:00-13:00:00
Valid days of month: 1, 2, 3, 4, 5, 6, 7, 8, 9, 10, 11, 12, 13, 14, 15, 16, 17, 18, 19, 20, 21, 22, 23, 24, 25, 26, 27, 28, 29, 30, 31
Valid weekdays: Monday, Tuesday, Wednesday, Thursday, Friday, Saturday, Sunday
When: 12:00:00
Current Time: 2011-01-01 13:00:00
Valid Interval: 11:00:00-13:00:00
Valid days of month: 1, 2, 3, 4, 5, 6, 7, 8, 9, 10, 11, 12, 13, 14, 15, 16, 17, 18, 19, 20, 21, 22, 23, 24, 25, 26, 27, 28, 29, 30, 31
Valid weekdays: Monday, Tuesday, Wednesday, Thursday, Friday, Saturday, Sunday
When: 12:00:00
Current Time: 2011-01-02 00:00:00
Valid Interval: 11:00:00-13:00:00
Valid days of month: 1, 2, 3, 4, 5, 6, 7, 8, 9, 10, 11, 12, 13, 14, 15, 16, 17, 18, 19, 20, 21, 22, 23, 24, 25, 26, 27, 28, 29, 30, 31
Valid weekdays: Monday, Tuesday, Wednesday, Thursday, Friday, Saturday, Sunday
When: 12:00:00
Current Time: 2011-01-02 09:00:00
Valid Interval: 11:00:00-13:00:00
Valid days of month: 1, 2, 3, 4, 5, 6, 7, 8, 9, 10, 11, 12, 13, 14, 15, 16, 17, 18, 19, 20, 21, 22, 23, 24, 25, 26, 27, 28, 29, 30, 31
Valid weekdays: Monday, Tuesday, Wednesday, Thursday, Friday, Saturday, Sunday
When: 12:00:00
Current Time: 2011-01-02 12:00:00
Valid Interval: 11:00:00-13:00:00
Valid days of month: 1, 2, 3, 4, 5, 6, 7, 8, 9, 10, 11, 12, 13, 14, 15, 16, 17, 18, 19, 20, 21, 22, 23, 24, 25, 26, 27, 28, 29, 30, 31
Valid weekdays: Monday, Tuesday, Wednesday, Thursday, Friday, Saturday, Sunday
When: 12:00:00
Current Time: 2011-01-02 12:45:30
Valid Interval: 11:00:00-13:00:00
Valid days of month: 1, 2, 3, 4, 5, 6, 7, 8, 9, 10, 11, 12, 13, 14, 15, 16, 17, 18, 19, 20, 21, 22, 23, 24, 25, 26, 27, 28, 29, 30, 31
Valid weekdays: Monday, Tuesday, Wednesday, Thursday, Friday, Saturday, Sunday
When: 12:00:00
Current Time: 2011-01-02 13:00:00
Valid Interval: 11:00:00-13:00:00
Valid days of month: 1, 2, 3, 4, 5, 6, 7, 8, 9, 10, 11, 12, 13, 14, 15, 16, 17, 18, 19, 20, 21, 22, 23, 24, 25, 26, 27, 28, 29, 30, 31
Valid weekdays: Monday, Tuesday, Wednesday, Thursday, Friday, Saturday, Sunday
When: 12:00:00
Current Time: 2011-01-01 12:00:00
Valid Interval: 11:00:00-13:00:00
Valid days of month: 1, 2, 3, 4, 5, 6, 7, 8, 9, 10, 11, 12, 13, 14, 15, 16, 17, 18, 19, 20, 21, 22, 23, 24, 25, 26, 27, 28, 29, 30, 31
Valid weekdays: Monday, Tuesday, Wednesday, Thursday, Friday, Saturday, Sunday
When: 12:00:00
Current Time: 2011-01-01 12:30:00
Valid Interval: 11:00:00-13:00:00
Valid days of month: 1, 2, 3, 4, 5, 6, 7, 8, 9, 10, 11, 12, 13, 14, 15, 16, 17, 18, 19, 20, 21, 22, 23, 24, 25, 26, 27, 28, 29, 30, 31
Valid weekdays: Monday, Tuesday, Wednesday, Thursday, Friday, Saturday, Sunday
When: 12:00:00
Current Time: 2011-01-01 12:30:00
Valid Interval: 11:00:00-13:00:00
Valid days of month: 1, 2, 3, 4, 5, 6, 7, 8, 9, 10, 11, 12, 13, 14, 15, 16, 17, 18, 19, 20, 21, 22, 23, 24, 25, 26, 27, 28, 29, 30, 31
Valid weekdays: Monday, Tuesday, Wednesday, Thursday, Friday, Saturday, Sunday
When: 12:00:00
Current Time: 2011-01-01 13:00:00
Valid Interval: 11:00:00-13:00:00
Valid days of month: 1, 2, 3, 4, 5, 6, 7, 8, 9, 10, 11, 12, 13, 14, 15, 16, 17, 18, 19, 20, 21, 22, 23, 24, 25, 26, 27, 28, 29, 30, 31
Valid weekdays: Monday, Tuesday, Wednesday, Thursday, Friday, Saturday, Sunday
When: 12:00:00
Current Time: 2011-01-01 14:30:00
Valid Interval: 23:00:00-13:00:00
Valid days of month: 1, 2, 3, 4, 5, 6, 7, 8, 9, 10, 11, 12, 13, 14, 15, 16, 17, 18, 19, 20, 21, 22, 23, 24, 25, 26, 27, 28, 29, 30, 31
Valid weekdays: Monday, Tuesday, Wednesday, Thursday, Friday, Saturday, Sunday
When: 23:30:00
Current Time: 2011-01-01 16:00:00
Valid Interval: 23:00:00-13:00:00
Valid days of month: 1, 2, 3, 4, 5, 6, 7, 8, 9, 10, 11, 12, 13, 14, 15, 16, 17, 18, 19, 20, 21, 22, 23, 24, 25, 26, 27, 28, 29, 30, 31
Valid weekdays: Monday, Tuesday, Wednesday, Thursday, Friday, Saturday, Sunday
When: 23:30:00
Current Time: 2011-01-01 23:00:00
Valid Interval: 23:00:00-13:00:00
Valid days of month: 1, 2, 3, 4, 5, 6, 7, 8, 9, 10, 11, 12, 13, 14, 15, 16, 17, 18, 19, 20, 21, 22, 23, 24, 25, 26, 27, 28, 29, 30, 31
Valid weekdays: Monday, Tuesday, Wednesday, Thursday, Friday, Saturday, Sunday
When: 23:30:00
Current Time: 2011-01-01 23:30:00
Valid Interval: 23:00:00-13:00:00
Valid days of month: 1, 2, 3, 4, 5, 6, 7, 8, 9, 10, 11, 12, 13, 14, 15, 16, 17, 18, 19, 20, 21, 22, 23, 24, 25, 26, 27, 28, 29, 30, 31
Valid weekdays: Monday, Tuesday, Wednesday, Thursday, Friday, Saturday, Sunday
When: 23:30:00
Current Time: 2011-01-01 23:45:00
Valid Interval: 23:00:00-13:00:00
Valid days of month: 1, 2, 3, 4, 5, 6, 7, 8, 9, 10, 11, 12, 13, 14, 15, 16, 17, 18, 19, 20, 21, 22, 23, 24, 25, 26, 27, 28, 29, 30, 31
Valid weekdays: Monday, Tuesday, Wednesday, Thursday, Friday, Saturday, Sunday
When: 23:30:00
Current Time: 2011-01-02 00:30:00
Valid Interval: 23:00:00-13:00:00
Valid days of month: 1, 2, 3, 4, 5, 6, 7, 8, 9, 10, 11, 12, 13, 14, 15, 16, 17, 18, 19, 20, 21, 22, 23, 24, 25, 26, 27, 28, 29, 30, 31
Valid weekdays: Monday, Tuesday, Wednesday, Thursday, Friday, Saturday, Sunday
When: 23:30:00
Current Time: 2011-01-01 13:00:00
Valid Interval: 23:00:00-13:00:00
Valid days of month: 1, 2, 3, 4, 5, 6, 7, 8, 9, 10, 11, 12, 13, 14, 15, 16, 17, 18, 19, 20, 21, 22, 23, 24, 25, 26, 27, 28, 29, 30, 31
Valid weekdays: Monday, Tuesday, Wednesday, Thursday, Friday, Saturday, Sunday
When: 01:00:00
Current Time: 2011-01-01 16:00:00
Valid Interval: 23:00:00-13:00:00
Valid days of month: 1, 2, 3, 4, 5, 6, 7, 8, 9, 10, 11, 12, 13, 14, 15, 16, 17, 18, 19, 20, 21, 22, 23, 24, 25, 26, 27, 28, 29, 30, 31
Valid weekdays: Monday, Tuesday, Wednesday, Thursday, Friday, Saturday, Sunday
When: 01:00:00
Current Time: 2011-01-01 23:00:00
Valid Interval: 23:00:00-13:00:00
Valid days of month: 1, 2, 3, 4, 5, 6, 7, 8, 9, 10, 11, 12, 13, 14, 15, 16, 17, 18, 19, 20, 21, 22, 23, 24, 25, 26, 27, 28, 29, 30, 31
Valid weekdays: Monday, Tuesday, Wednesday, Thursday, Friday, Saturday, Sunday
When: 01:00:00
Current Time: 2011-01-01 23:30:00
Valid Interval: 23:00:00-13:00:00
Valid days of month: 1, 2, 3, 4, 5, 6, 7, 8, 9, 10, 11, 12, 13, 14, 15, 16, 17, 18, 19, 20, 21, 22, 23, 24, 25, 26, 27, 28, 29, 30, 31
Valid weekdays: Monday, Tuesday, Wednesday, Thursday, Friday, Saturday, Sunday
When: 01:00:00
Current Time: 2011-01-02 00:30:00
Valid Interval: 23:00:00-13:00:00
Valid days of month: 1, 2, 3, 4, 5, 6, 7, 8, 9, 10, 11, 12, 13, 14, 15, 16, 17, 18, 19, 20, 21, 22, 23, 24, 25, 26, 27, 28, 29, 30, 31
Valid weekdays: Monday, Tuesday, Wednesday, Thursday, Friday, Saturday, Sunday
When: 01:00:00
Current Time: 2011-01-01 02:00:00
Valid Interval: 23:00:00-13:00:00
Valid days of month: 1, 2, 3, 4, 5, 6, 7, 8, 9, 10, 11, 12, 13, 14, 15, 16, 17, 18, 19, 20, 21, 22, 23, 24, 25, 26, 27, 28, 29, 30, 31
Valid weekdays: Monday, Tuesday, Wednesday, Thursday, Friday, Saturday, Sunday
When: 01:00:00
Current Time: 2011-01-01 13:00:00
Valid Interval: 23:00:00-13:00:00
Valid days of month: 1, 2, 3, 4, 5, 6, 7, 8, 9, 10, 11, 12, 13, 14, 15, 16, 17, 18, 19, 20, 21, 22, 23, 24, 25, 26, 27, 28, 29, 30, 31
Valid weekdays: Monday, Tuesday, Wednesday, Thursday, Friday, Saturday, Sunday
When: 23:30:00
Current Time: 2011-01-01 16:00:00
Valid Interval: 23:00:00-13:00:00
Valid days of month: 1, 2, 3, 4, 5, 6, 7, 8, 9, 10, 11, 12, 13, 14, 15, 16, 17, 18, 19, 20, 21, 22, 23, 24, 25, 26, 27, 28, 29, 30, 31
Valid weekdays: Monday, Tuesday, Wednesday, Thursday, Friday, Saturday, Sunday
When: 23:30:00
Current Time: 2011-01-01 23:00:00
Valid Interval: 23:00:00-13:00:00
Valid days of month: 1, 2, 3, 4, 5, 6, 7, 8, 9, 10, 11, 12, 13, 14, 15, 16, 17, 18, 19, 20, 21, 22, 23, 24, 25, 26, 27, 28, 29, 30, 31
Valid weekdays: Monday, Tuesday, Wednesday, Thursday, Friday, Saturday, Sunday
When: 23:30:00
Current Time: 2011-01-01 23:30:00
Valid Interval: 23:00:00-13:00:00
Valid days of month: 1, 2, 3, 4, 5, 6, 7, 8, 9, 10, 11, 12, 13, 14, 15, 16, 17, 18, 19, 20, 21, 22, 23, 24, 25, 26, 27, 28, 29, 30, 31
Valid weekdays: Monday, Tuesday, Wednesday, Thursday, Friday, Saturday, Sunday
When: 23:30:00
Current Time: 2011-01-01 23:45:00
Valid Interval: 23:00:00-13:00:00
Valid days of month: 1, 2, 3, 4, 5, 6, 7, 8, 9, 10, 11, 12, 13, 14, 15, 16, 17, 18, 19, 20, 21, 22, 23, 24, 25, 26, 27, 28, 29, 30, 31
Valid weekdays: Monday, Tuesday, Wednesday, Thursday, Friday, Saturday, Sunday
When: 23:30:00
Current Time: 2011-01-02 00:30:00
Valid Interval: 23:00:00-13:00:00
Valid days of month: 1, 2, 3, 4, 5, 6, 7, 8, 9, 10, 11, 12, 13, 14, 15, 16, 17, 18, 19, 20, 21, 22, 23, 24, 25, 26, 27, 28, 29, 30, 31
Valid weekdays: Monday, Tuesday, Wednesday, Thursday, Friday, Saturday, Sunday
When: 23:30:00
Current Time: 2011-01-01 13:00:00
Valid Interval: 23:00:00-13:00:00
Valid days of month: 1, 2, 3, 4, 5, 6, 7, 8, 9, 10, 11, 12, 13, 14, 15, 16, 17, 18, 19, 20, 21, 22, 23, 24, 25, 26, 27, 28, 29, 30, 31
Valid weekdays: Monday, Tuesday, Wednesday, Thursday, Friday, Saturday, Sunday
When: 01:00:00
Current Time: 2011-01-01 16:00:00
Valid Interval: 23:00:00-13:00:00
Valid days of month: 1, 2, 3, 4, 5, 6, 7, 8, 9, 10, 11, 12, 13, 14, 15, 16, 17, 18, 19, 20, 21, 22, 23, 24, 25, 26, 27, 28, 29, 30, 31
Valid weekdays: Monday, Tuesday, Wednesday, Thursday, Friday, Saturday, Sunday
When: 01:00:00
Current Time: 2011-01-01 23:00:00
Valid Interval: 23:00:00-13:00:00
Valid days of month: 1, 2, 3, 4, 5, 6, 7, 8, 9, 10, 11, 12, 13, 14, 15, 16, 17, 18, 19, 20, 21, 22, 23, 24, 25, 26, 27, 28, 29, 30, 31
Valid weekdays: Monday, Tuesday, Wednesday, Thursday, Friday, Saturday, Sunday
When: 01:00:00
Current Time: 2011-01-01 23:30:00
Valid Interval: 23:00:00-13:00:00
Valid days of month: 1, 2, 3, 4, 5, 6, 7, 8, 9, 10, 11, 12, 13, 14, 15, 16, 17, 18, 19, 20, 21, 22, 23, 24, 25, 26, 27, 28, 29, 30, 31
Valid weekdays: Monday, Tuesday, Wednesday, Thursday, Friday, Saturday, Sunday
When: 01:00:00
Current Time: 2011-01-02 00:30:00
Valid Interval: 23:00:00-13:00:00
Valid days of month: 1, 2, 3, 4, 5, 6, 7, 8, 9, 10, 11, 12, 13, 14, 15, 16, 17, 18, 19, 20, 21, 22, 23, 24, 25, 26, 27, 28, 29, 30, 31
Valid weekdays: Monday, Tuesday, Wednesday, Thursday, Friday, Saturday, Sunday
When: 01:00:00
Current Time: 2011-01-02 02:00:00
Valid Interval: 23:00:00-13:00:00
Valid days of month: 1, 2, 3, 4, 5, 6, 7, 8, 9, 10, 11, 12, 13, 14, 15, 16, 17, 18, 19, 20, 21, 22, 23, 24, 25, 26, 27, 28, 29, 30, 31
Valid weekdays: Monday, Tuesday, Wednesday, Thursday, Friday, Saturday, Sunday
When: 01:00:00
Current Time: 2011-01-02 13:00:00
Valid Interval: 23:00:00-13:00:00
Valid days of month: 1, 2, 3, 4, 5, 6, 7, 8, 9, 10, 11, 12, 13, 14, 15, 16, 17, 18, 19, 20, 21, 22, 23, 24, 25, 26, 27, 28, 29, 30, 31
Valid weekdays: Monday, Tuesday, Wednesday, Thursday, Friday, Saturday, Sunday
When: 23:30:00
Current Time: 2011-01-01 23:30:05
Valid Interval: 23:00:00-13:00:00
Valid days of month: 1, 2, 3, 4, 5, 6, 7, 8, 9, 10, 11, 12, 13, 14, 15, 16, 17, 18, 19, 20, 21, 22, 23, 24, 25, 26, 27, 28, 29, 30, 31
Valid weekdays: Monday, Tuesday, Wednesday, Thursday, Friday, Saturday, Sunday
When: 23:30:00
Current Time: 2011-01-02 00:30:00
Valid Interval: 23:00:00-13:00:00
Valid days of month: 1, 2, 3, 4, 5, 6, 7, 8, 9, 10, 11, 12, 13, 14, 15, 16, 17, 18, 19, 20, 21, 22, 23, 24, 25, 26, 27, 28, 29, 30, 31
Valid weekdays: Monday, Tuesday, Wednesday, Thursday, Friday, Saturday, Sunday
When: 23:30:00
Current Time: 2011-01-02 13:00:00
Valid Interval: 23:00:00-13:00:00
Valid days of month: 1, 2, 3, 4, 5, 6, 7, 8, 9, 10, 11, 12, 13, 14, 15, 16, 17, 18, 19, 20, 21, 22, 23, 24, 25, 26, 27, 28, 29, 30, 31
Valid weekdays: Monday, Tuesday, Wednesday, Thursday, Friday, Saturday, Sunday
When: 01:00:00
Current Time: 2011-01-01 02:00:00
Valid Interval: 23:00:00-13:00:00
Valid days of month: 1, 2, 3, 4, 5, 6, 7, 8, 9, 10, 11, 12, 13, 14, 15, 16, 17, 18, 19, 20, 21, 22, 23, 24, 25, 26, 27, 28, 29, 30, 31
Valid weekdays: Monday, Tuesday, Wednesday, Thursday, Friday, Saturday, Sunday
When: 01:00:00
Current Time: 2011-01-02 02:00:00
Valid Interval: 13:00:00-16:00:00
Valid days of month: 1, 2, 3, 4, 5, 6, 7, 8, 9, 10, 11, 12, 13, 14, 15, 16, 17, 18, 19, 20, 21, 22, 23, 24, 25, 26, 27, 28, 29, 30, 31
Valid weekdays: Saturday, Sunday
When: 14:00:00
Current Time: 2007-01-01 12:00:00
Valid Interval: 13:00:00-16:00:00
Valid days of month: 1, 2, 3, 4, 5, 6, 7, 8, 9, 10, 11, 12, 13, 14, 15, 16, 17, 18, 19, 20, 21, 22, 23, 24, 25, 26, 27, 28, 29, 30, 31
Valid weekdays: Saturday, Sunday
When: 14:00:00
Current Time: 2007-01-02 13:30:00
Valid Interval: 13:00:00-16:00:00
Valid days of month: 1, 2, 3, 4, 5, 6, 7, 8, 9, 10, 11, 12, 13, 14, 15, 16, 17, 18, 19, 20, 21, 22, 23, 24, 25, 26, 27, 28, 29, 30, 31
Valid weekdays: Saturday, Sunday
When: 14:00:00
Current Time: 2007-01-06 13:30:00
Valid Interval: 13:00:00-16:00:00
Valid days of month: 1, 2, 3, 4, 5, 6, 7, 8, 9, 10, 11, 12, 13, 14, 15, 16, 17, 18, 19, 20, 21, 22, 23, 24, 25, 26, 27, 28, 29, 30, 31
Valid weekdays: Saturday, Sunday
When: 14:00:00
Current Time: 2007-01-06 14:30:00
Valid Interval: 13:00:00-16:00:00
Valid days of month: 1, 2, 3, 4, 5, 6, 7, 8, 9, 10, 11, 12, 13, 14, 15, 16, 17, 18, 19, 20, 21, 22, 23, 24, 25, 26, 27, 28, 29, 30, 31
Valid weekdays: Saturday, Sunday
When: 14:00:00
Current Time: 2007-01-06 16:30:00
Valid Interval: 13:00:00-16:00:00
Valid days of month: 1, 2, 3, 4, 5, 6, 7, 8, 9, 10, 11, 12, 13, 14, 15, 16, 17, 18, 19, 20, 21, 22, 23, 24, 25, 26, 27, 28, 29, 30, 31
Valid weekdays: Saturday, Sunday
When: 14:00:00
Current Time: 2007-01-07 16:00:00
Valid Interval: 23:00:00-02:00:00
Valid days of month: 1, 2, 3, 4, 5, 6, 7, 8, 9, 10, 11, 12, 13, 14, 15, 16, 17, 18, 19, 20, 21, 22, 23, 24, 25, 26, 27, 28, 29, 30, 31
Valid weekdays: Saturday, Sunday
When: 01:00:00
Current Time: 2007-01-01 12:00:00
Valid Interval: 23:00:00-02:00:00
Valid days of month: 1, 2, 3, 4, 5, 6, 7, 8, 9, 10, 11, 12, 13, 14, 15, 16, 17, 18, 19, 20, 21, 22, 23, 24, 25, 26, 27, 28, 29, 30, 31
Valid weekdays: Saturday, Sunday
When: 01:00:00
Current Time: 2007-01-02 01:00:00
Valid Interval: 23:00:00-02:00:00
Valid days of month: 1, 2, 3, 4, 5, 6, 7, 8, 9, 10, 11, 12, 13, 14, 15, 16, 17, 18, 19, 20, 21, 22, 23, 24, 25, 26, 27, 28, 29, 30, 31
Valid weekdays: Saturday, Sunday
When: 01:00:00
Current Time: 2007-01-06 00:30:00
Valid Interval: 23:00:00-02:00:00
Valid days of month: 1, 2, 3, 4, 5, 6, 7, 8, 9, 10, 11, 12, 13, 14, 15, 16, 17, 18, 19, 20, 21, 22, 23, 24, 25, 26, 27, 28, 29, 30, 31
Valid weekdays: Saturday, Sunday
When: 01:00:00
Current Time: 2007-01-06 01:30:00
Valid Interval: 23:00:00-02:00:00
Valid days of month: 1, 2, 3, 4, 5, 6, 7, 8, 9, 10, 11, 12, 13, 14, 15, 16, 17, 18, 19, 20, 21, 22, 23, 24, 25, 26, 27, 28, 29, 30, 31
Valid weekdays: Saturday, Sunday
When: 01:00:00
Current Time: 2007-01-06 02:30:00
Valid Interval: 23:00:00-02:00:00
Valid days of month: 1, 2, 3, 4, 5, 6, 7, 8, 9, 10, 11, 12, 13, 14, 15, 16, 17, 18, 19, 20, 21, 22, 23, 24, 25, 26, 27, 28, 29, 30, 31
Valid weekdays: Saturday, Sunday
When: 01:00:00
Current Time: 2007-01-07 02:00:00
Valid Interval: 23:00:00-02:00:00
Valid days of month: 1, 2, 3, 4, 5, 6, 7, 8, 9, 10, 11, 12, 13, 14, 15, 16, 17, 18, 19, 20, 21, 22, 23, 24, 25, 26, 27, 28, 29, 30, 31
Valid weekdays: Saturday, Sunday
When: 23:30:00
Current Time: 2007-01-01 12:00:00
Valid Interval: 23:00:00-02:00:00
Valid days of month: 1, 2, 3, 4, 5, 6, 7, 8, 9, 10, 11, 12, 13, 14, 15, 16, 17, 18, 19, 20, 21, 22, 23, 24, 25, 26, 27, 28, 29, 30, 31
Valid weekdays: Saturday, Sunday
When: 23:30:00
Current Time: 2007-01-05 23:30:00
Valid Interval: 23:00:00-02:00:00
Valid days of month: 1, 2, 3, 4, 5, 6, 7, 8, 9, 10, 11, 12, 13, 14, 15, 16, 17, 18, 19, 20, 21, 22, 23, 24, 25, 26, 27, 28, 29, 30, 31
Valid weekdays: Saturday, Sunday
When: 23:30:00
Current Time: 2007-01-06 23:00:00
Valid Interval: 23:00:00-02:00:00
Valid days of month: 1, 2, 3, 4, 5, 6, 7, 8, 9, 10, 11, 12, 13, 14, 15, 16, 17, 18, 19, 20, 21, 22, 23, 24, 25, 26, 27, 28, 29, 30, 31
Valid weekdays: Saturday, Sunday
When: 23:30:00
Current Time: 2007-01-06 02:00:00
Valid Interval: 23:00:00-02:00:00
Valid days of month: 1, 2, 3, 4, 5, 6, 7, 8, 9, 10, 11, 12, 13, 14, 15, 16, 17, 18, 19, 20, 21, 22, 23, 24, 25, 26, 27, 28, 29, 30, 31
Valid weekdays: Saturday, Sunday
When: 23:30:00
Current Time: 2007-01-07 23:40:00
Valid Interval: 23:00:00-02:00:00
Valid days of month: 1, 2, 3, 4, 5, 6, 7, 8, 9, 10, 11, 12, 13, 14, 15, 16, 17, 18, 19, 20, 21, 22, 23, 24, 25, 26, 27, 28, 29, 30, 31
Valid weekdays: Saturday, Sunday
When: 23:30:00
Current Time: 2007-01-07 01:00:00
Valid Interval: 13:00:00-16:00:00
Valid days of month: 1, 2, 3, 4, 5, 6, 7, 8, 9, 10, 11, 12, 13, 14, 15, 16, 17, 18, 19, 20, 21, 22, 23, 24, 25, 26, 27, 28, 29, 30, 31
Valid weekdays: Saturday, Sunday
When: 14:00:00
Current Time: 2007-01-01 12:00:00
Valid Interval: 13:00:00-16:00:00
Valid days of month: 1, 2, 3, 4, 5, 6, 7, 8, 9, 10, 11, 12, 13, 14, 15, 16, 17, 18, 19, 20, 21, 22, 23, 24, 25, 26, 27, 28, 29, 30, 31
Valid weekdays: Saturday, Sunday
When: 14:00:00
Current Time: 2007-01-02 13:30:00
Valid Interval: 13:00:00-16:00:00
Valid days of month: 1, 2, 3, 4, 5, 6, 7, 8, 9, 10, 11, 12, 13, 14, 15, 16, 17, 18, 19, 20, 21, 22, 23, 24, 25, 26, 27, 28, 29, 30, 31
Valid weekdays: Saturday, Sunday
When: 14:00:00
Current Time: 2007-01-06 13:30:00
Valid Interval: 13:00:00-16:00:00
Valid days of month: 1, 2, 3, 4, 5, 6, 7, 8, 9, 10, 11, 12, 13, 14, 15, 16, 17, 18, 19, 20, 21, 22, 23, 24, 25, 26, 27, 28, 29, 30, 31
Valid weekdays: Saturday, Sunday
When: 14:00:00
Current Time: 2007-01-06 14:30:00
Valid Interval: 13:00:00-16:00:00
Valid days of month: 1, 2, 3, 4, 5, 6, 7, 8, 9, 10, 11, 12, 13, 14, 15, 16, 17, 18, 19, 20, 21, 22, 23, 24, 25, 26, 27, 28, 29, 30, 31
Valid weekdays: Saturday, Sunday
When: 14:00:00
Current Time: 2007-01-06 16:30:00
Valid Interval: 13:00:00-16:00:00
Valid days of month: 1, 2, 3, 4, 5, 6, 7, 8, 9, 10, 11, 12, 13, 14, 15, 16, 17, 18, 19, 20, 21, 22, 23, 24, 25, 26, 27, 28, 29, 30, 31
Valid weekdays: Saturday, Sunday
When: 14:00:00
Current Time: 2007-01-07 16:00:00
Valid Interval: 23:00:00-02:00:00
Valid days of month: 1, 2, 3, 4, 5, 6, 7, 8, 9, 10, 11, 12, 13, 14, 15, 16, 17, 18, 19, 20, 21, 22, 23, 24, 25, 26, 27, 28, 29, 30, 31
Valid weekdays: Saturday, Sunday
When: 01:00:00
Current Time: 2007-01-01 12:00:00
Valid Interval: 23:00:00-02:00:00
Valid days of month: 1, 2, 3, 4, 5, 6, 7, 8, 9, 10, 11, 12, 13, 14, 15, 16, 17, 18, 19, 20, 21, 22, 23, 24, 25, 26, 27, 28, 29, 30, 31
Valid weekdays: Saturday, Sunday
When: 01:00:00
Current Time: 2007-01-02 01:00:00
Valid Interval: 23:00:00-02:00:00
Valid days of month: 1, 2, 3, 4, 5, 6, 7, 8, 9, 10, 11, 12, 13, 14, 15, 16, 17, 18, 19, 20, 21, 22, 23, 24, 25, 26, 27, 28, 29, 30, 31
Valid weekdays: Saturday, Sunday
When: 01:00:00
Current Time: 2007-01-06 00:30:00
Valid Interval: 23:00:00-02:00:00
Valid days of month: 1, 2, 3, 4, 5, 6, 7, 8, 9, 10, 11, 12, 13, 14, 15, 16, 17, 18, 19, 20, 21, 22, 23, 24, 25, 26, 27, 28, 29, 30, 31
Valid weekdays: Saturday, Sunday
When: 01:00:00
Current Time: 2007-01-06 02:30:00
Valid Interval: 23:00:00-02:00:00
Valid days of month: 1, 2, 3, 4, 5, 6, 7, 8, 9, 10, 11, 12, 13, 14, 15, 16, 17, 18, 19, 20, 21, 22, 23, 24, 25, 26, 27, 28, 29, 30, 31
Valid weekdays: Saturday, Sunday
When: 23:30:00
Current Time: 2007-01-01 12:00:00
Valid Interval: 23:00:00-02:00:00
Valid days of month: 1, 2, 3, 4, 5, 6, 7, 8, 9, 10, 11, 12, 13, 14, 15, 16, 17, 18, 19, 20, 21, 22, 23, 24, 25, 26, 27, 28, 29, 30, 31
Valid weekdays: Saturday, Sunday
When: 23:30:00
Current Time: 2007-01-05 23:30:00
Valid Interval: 23:00:00-02:00:00
Valid days of month: 1, 2, 3, 4, 5, 6, 7, 8, 9, 10, 11, 12, 13, 14, 15, 16, 17, 18, 19, 20, 21, 22, 23, 24, 25, 26, 27, 28, 29, 30, 31
Valid weekdays: Saturday, Sunday
When: 23:30:00
Current Time: 2007-01-06 23:00:00
Valid Interval: 23:00:00-02:00:00
Valid days of month: 1, 2, 3, 4, 5, 6, 7, 8, 9, 10, 11, 12, 13, 14, 15, 16, 17, 18, 19, 20, 21, 22, 23, 24, 25, 26, 27, 28, 29, 30, 31
Valid weekdays: Saturday, Sunday
When: 23:30:00
Current Time: 2007-01-06 02:00:00
Valid Interval: 23:00:00-02:00:00
Valid days of month: 1, 2, 3, 4, 5, 6, 7, 8, 9, 10, 11, 12, 13, 14, 15, 16, 17, 18, 19, 20, 21, 22, 23, 24, 25, 26, 27, 28, 29, 30, 31
Valid weekdays: Saturday, Sunday
When: 23:30:00
Current Time: 2007-01-07 23:40:00
Valid Interval: 23:00:00-02:00:00
Valid days of month: 1, 2, 3, 4, 5, 6, 7, 8, 9, 10, 11, 12, 13, 14, 15, 16, 17, 18, 19, 20, 21, 22, 23, 24, 25, 26, 27, 28, 29, 30, 31
Valid weekdays: Saturday, Sunday
When: 23:30:00
Current Time: 2007-01-07 01:00:00
Valid Interval: 13:00:00-16:00:00
Valid days of month: 1, 2, 3, 4, 5, 6, 7, 8, 9, 10, 11, 12, 13, 14, 15, 16, 17, 18, 19, 20, 21, 22, 23, 24, 25, 26, 27, 28, 29, 30, 31
Valid weekdays: Saturday, Sunday
When: 14:00:00
Current Time: 2007-01-06 14:30:00
Valid Interval: 13:00:00-16:00:00
Valid days of month: 1, 2, 3, 4, 5, 6, 7, 8, 9, 10, 11, 12, 13, 14, 15, 16, 17, 18, 19, 20, 21, 22, 23, 24, 25, 26, 27, 28, 29, 30, 31
Valid weekdays: Saturday, Sunday
When: 14:00:00
Current Time: 2007-01-07 15:00:00
Valid Interval: 23:00:00-02:00:00
Valid days of month: 1, 2, 3, 4, 5, 6, 7, 8, 9, 10, 11, 12, 13, 14, 15, 16, 17, 18, 19, 20, 21, 22, 23, 24, 25, 26, 27, 28, 29, 30, 31
Valid weekdays: Saturday, Sunday
When: 01:00:00
Current Time: 2007-01-06 01:30:00
Valid Interval: 23:00:00-02:00:00
Valid days of month: 1, 2, 3, 4, 5, 6, 7, 8, 9, 10, 11, 12, 13, 14, 15, 16, 17, 18, 19, 20, 21, 22, 23, 24, 25, 26, 27, 28, 29, 30, 31
Valid weekdays: Saturday, Sunday
When: 01:00:00
Current Time: 2007-01-07 01:30:00
Valid Interval: 23:00:00-02:00:00
Valid days of month: 1, 2, 3, 4, 5, 6, 7, 8, 9, 10, 11, 12, 13, 14, 15, 16, 17, 18, 19, 20, 21, 22, 23, 24, 25, 26, 27, 28, 29, 30, 31
Valid weekdays: Saturday, Sunday
When: 23:30:00
Current Time: 2007-01-06 23:02:00
Valid Interval: 23:00:00-02:00:00
Valid days of month: 1, 2, 3, 4, 5, 6, 7, 8, 9, 10, 11, 12, 13, 14, 15, 16, 17, 18, 19, 20, 21, 22, 23, 24, 25, 26, 27, 28, 29, 30, 31
Valid weekdays: Saturday, Sunday
When: 23:30:00
Current Time: 2007-01-06 01:10:00
Valid Interval: 23:00:00-02:00:00
Valid days of month: 1, 2, 3, 4, 5, 6, 7, 8, 9, 10, 11, 12, 13, 14, 15, 16, 17, 18, 19, 20, 21, 22, 23, 24, 25, 26, 27, 28, 29, 30, 31
Valid weekdays: Saturday, Sunday
When: 23:30:00
Current Time: 2007-01-07 01:00:40
Valid Interval: 23:00:00-02:00:00
Valid days of month: 2
Valid weekdays: Saturday, Sunday
When: 23:30:00
Current Time: 2007-01-01 12:00:00
Valid Interval: 23:00:00-02:00:00
Valid days of month: 1, 2
Valid weekdays: Saturday, Sunday
When: 23:30:00
Current Time: 2007-01-05 23:30:00
Valid Interval: 23:00:00-02:00:00
Valid days of month: 1, 2
Valid weekdays: Saturday, Sunday
When: 23:30:00
Current Time: 2007-01-06 23:00:00</StdOut>
      </Output>
    </UnitTestResult>
    <UnitTestResult executionId="49a98a6d-cb66-4798-b3d6-b8cfc8546769" testId="26a695e0-3002-4f0f-a4bb-ca2d04a06ffe" testName="GetNextTimeToTrigger_AbsoluteTimer_ReturnsCorrectTime (Data Row 59)" computerName="ICSWS068" duration="00:00:00.0054899" startTime="2016-08-04T07:57:22.8684206+02:00" endTime="2016-08-04T07:57:22.8739287+02:00" testType="13cdc9d9-ddb5-4fa4-a97d-d965ccfc6d4b" outcome="Passed" testListId="8c84fa94-04c1-424b-9868-57a2d4851a1d" relativeResultsDirectory="49a98a6d-cb66-4798-b3d6-b8cfc8546769">
      <Output>
        <StdOut>TestContext Messages:
Valid Interval: 11:00:00-13:00:00
Valid days of month: 1, 2, 3, 4, 5, 6, 7, 8, 9, 10, 11, 12, 13, 14, 15, 16, 17, 18, 19, 20, 21, 22, 23, 24, 25, 26, 27, 28, 29, 30, 31
Valid weekdays: Monday, Tuesday, Wednesday, Thursday, Friday, Saturday, Sunday
When: 12:00:00
Current Time: 2011-01-01 00:00:00
Valid Interval: 11:00:00-13:00:00
Valid days of month: 1, 2, 3, 4, 5, 6, 7, 8, 9, 10, 11, 12, 13, 14, 15, 16, 17, 18, 19, 20, 21, 22, 23, 24, 25, 26, 27, 28, 29, 30, 31
Valid weekdays: Monday, Tuesday, Wednesday, Thursday, Friday, Saturday, Sunday
When: 12:00:00
Current Time: 2011-01-01 09:00:00
Valid Interval: 11:00:00-13:00:00
Valid days of month: 1, 2, 3, 4, 5, 6, 7, 8, 9, 10, 11, 12, 13, 14, 15, 16, 17, 18, 19, 20, 21, 22, 23, 24, 25, 26, 27, 28, 29, 30, 31
Valid weekdays: Monday, Tuesday, Wednesday, Thursday, Friday, Saturday, Sunday
When: 12:00:00
Current Time: 2011-01-01 11:00:00
Valid Interval: 11:00:00-13:00:00
Valid days of month: 1, 2, 3, 4, 5, 6, 7, 8, 9, 10, 11, 12, 13, 14, 15, 16, 17, 18, 19, 20, 21, 22, 23, 24, 25, 26, 27, 28, 29, 30, 31
Valid weekdays: Monday, Tuesday, Wednesday, Thursday, Friday, Saturday, Sunday
When: 12:00:00
Current Time: 2011-01-01 12:00:00
Valid Interval: 11:00:00-13:00:00
Valid days of month: 1, 2, 3, 4, 5, 6, 7, 8, 9, 10, 11, 12, 13, 14, 15, 16, 17, 18, 19, 20, 21, 22, 23, 24, 25, 26, 27, 28, 29, 30, 31
Valid weekdays: Monday, Tuesday, Wednesday, Thursday, Friday, Saturday, Sunday
When: 12:00:00
Current Time: 2011-01-01 12:30:00
Valid Interval: 11:00:00-13:00:00
Valid days of month: 1, 2, 3, 4, 5, 6, 7, 8, 9, 10, 11, 12, 13, 14, 15, 16, 17, 18, 19, 20, 21, 22, 23, 24, 25, 26, 27, 28, 29, 30, 31
Valid weekdays: Monday, Tuesday, Wednesday, Thursday, Friday, Saturday, Sunday
When: 12:00:00
Current Time: 2011-01-01 13:00:00
Valid Interval: 11:00:00-13:00:00
Valid days of month: 1, 2, 3, 4, 5, 6, 7, 8, 9, 10, 11, 12, 13, 14, 15, 16, 17, 18, 19, 20, 21, 22, 23, 24, 25, 26, 27, 28, 29, 30, 31
Valid weekdays: Monday, Tuesday, Wednesday, Thursday, Friday, Saturday, Sunday
When: 12:00:00
Current Time: 2011-01-02 00:00:00
Valid Interval: 11:00:00-13:00:00
Valid days of month: 1, 2, 3, 4, 5, 6, 7, 8, 9, 10, 11, 12, 13, 14, 15, 16, 17, 18, 19, 20, 21, 22, 23, 24, 25, 26, 27, 28, 29, 30, 31
Valid weekdays: Monday, Tuesday, Wednesday, Thursday, Friday, Saturday, Sunday
When: 12:00:00
Current Time: 2011-01-02 09:00:00
Valid Interval: 11:00:00-13:00:00
Valid days of month: 1, 2, 3, 4, 5, 6, 7, 8, 9, 10, 11, 12, 13, 14, 15, 16, 17, 18, 19, 20, 21, 22, 23, 24, 25, 26, 27, 28, 29, 30, 31
Valid weekdays: Monday, Tuesday, Wednesday, Thursday, Friday, Saturday, Sunday
When: 12:00:00
Current Time: 2011-01-02 12:00:00
Valid Interval: 11:00:00-13:00:00
Valid days of month: 1, 2, 3, 4, 5, 6, 7, 8, 9, 10, 11, 12, 13, 14, 15, 16, 17, 18, 19, 20, 21, 22, 23, 24, 25, 26, 27, 28, 29, 30, 31
Valid weekdays: Monday, Tuesday, Wednesday, Thursday, Friday, Saturday, Sunday
When: 12:00:00
Current Time: 2011-01-02 12:45:30
Valid Interval: 11:00:00-13:00:00
Valid days of month: 1, 2, 3, 4, 5, 6, 7, 8, 9, 10, 11, 12, 13, 14, 15, 16, 17, 18, 19, 20, 21, 22, 23, 24, 25, 26, 27, 28, 29, 30, 31
Valid weekdays: Monday, Tuesday, Wednesday, Thursday, Friday, Saturday, Sunday
When: 12:00:00
Current Time: 2011-01-02 13:00:00
Valid Interval: 11:00:00-13:00:00
Valid days of month: 1, 2, 3, 4, 5, 6, 7, 8, 9, 10, 11, 12, 13, 14, 15, 16, 17, 18, 19, 20, 21, 22, 23, 24, 25, 26, 27, 28, 29, 30, 31
Valid weekdays: Monday, Tuesday, Wednesday, Thursday, Friday, Saturday, Sunday
When: 12:00:00
Current Time: 2011-01-01 12:00:00
Valid Interval: 11:00:00-13:00:00
Valid days of month: 1, 2, 3, 4, 5, 6, 7, 8, 9, 10, 11, 12, 13, 14, 15, 16, 17, 18, 19, 20, 21, 22, 23, 24, 25, 26, 27, 28, 29, 30, 31
Valid weekdays: Monday, Tuesday, Wednesday, Thursday, Friday, Saturday, Sunday
When: 12:00:00
Current Time: 2011-01-01 12:30:00
Valid Interval: 11:00:00-13:00:00
Valid days of month: 1, 2, 3, 4, 5, 6, 7, 8, 9, 10, 11, 12, 13, 14, 15, 16, 17, 18, 19, 20, 21, 22, 23, 24, 25, 26, 27, 28, 29, 30, 31
Valid weekdays: Monday, Tuesday, Wednesday, Thursday, Friday, Saturday, Sunday
When: 12:00:00
Current Time: 2011-01-01 12:30:00
Valid Interval: 11:00:00-13:00:00
Valid days of month: 1, 2, 3, 4, 5, 6, 7, 8, 9, 10, 11, 12, 13, 14, 15, 16, 17, 18, 19, 20, 21, 22, 23, 24, 25, 26, 27, 28, 29, 30, 31
Valid weekdays: Monday, Tuesday, Wednesday, Thursday, Friday, Saturday, Sunday
When: 12:00:00
Current Time: 2011-01-01 13:00:00
Valid Interval: 11:00:00-13:00:00
Valid days of month: 1, 2, 3, 4, 5, 6, 7, 8, 9, 10, 11, 12, 13, 14, 15, 16, 17, 18, 19, 20, 21, 22, 23, 24, 25, 26, 27, 28, 29, 30, 31
Valid weekdays: Monday, Tuesday, Wednesday, Thursday, Friday, Saturday, Sunday
When: 12:00:00
Current Time: 2011-01-01 14:30:00
Valid Interval: 23:00:00-13:00:00
Valid days of month: 1, 2, 3, 4, 5, 6, 7, 8, 9, 10, 11, 12, 13, 14, 15, 16, 17, 18, 19, 20, 21, 22, 23, 24, 25, 26, 27, 28, 29, 30, 31
Valid weekdays: Monday, Tuesday, Wednesday, Thursday, Friday, Saturday, Sunday
When: 23:30:00
Current Time: 2011-01-01 16:00:00
Valid Interval: 23:00:00-13:00:00
Valid days of month: 1, 2, 3, 4, 5, 6, 7, 8, 9, 10, 11, 12, 13, 14, 15, 16, 17, 18, 19, 20, 21, 22, 23, 24, 25, 26, 27, 28, 29, 30, 31
Valid weekdays: Monday, Tuesday, Wednesday, Thursday, Friday, Saturday, Sunday
When: 23:30:00
Current Time: 2011-01-01 23:00:00
Valid Interval: 23:00:00-13:00:00
Valid days of month: 1, 2, 3, 4, 5, 6, 7, 8, 9, 10, 11, 12, 13, 14, 15, 16, 17, 18, 19, 20, 21, 22, 23, 24, 25, 26, 27, 28, 29, 30, 31
Valid weekdays: Monday, Tuesday, Wednesday, Thursday, Friday, Saturday, Sunday
When: 23:30:00
Current Time: 2011-01-01 23:30:00
Valid Interval: 23:00:00-13:00:00
Valid days of month: 1, 2, 3, 4, 5, 6, 7, 8, 9, 10, 11, 12, 13, 14, 15, 16, 17, 18, 19, 20, 21, 22, 23, 24, 25, 26, 27, 28, 29, 30, 31
Valid weekdays: Monday, Tuesday, Wednesday, Thursday, Friday, Saturday, Sunday
When: 23:30:00
Current Time: 2011-01-01 23:45:00
Valid Interval: 23:00:00-13:00:00
Valid days of month: 1, 2, 3, 4, 5, 6, 7, 8, 9, 10, 11, 12, 13, 14, 15, 16, 17, 18, 19, 20, 21, 22, 23, 24, 25, 26, 27, 28, 29, 30, 31
Valid weekdays: Monday, Tuesday, Wednesday, Thursday, Friday, Saturday, Sunday
When: 23:30:00
Current Time: 2011-01-02 00:30:00
Valid Interval: 23:00:00-13:00:00
Valid days of month: 1, 2, 3, 4, 5, 6, 7, 8, 9, 10, 11, 12, 13, 14, 15, 16, 17, 18, 19, 20, 21, 22, 23, 24, 25, 26, 27, 28, 29, 30, 31
Valid weekdays: Monday, Tuesday, Wednesday, Thursday, Friday, Saturday, Sunday
When: 23:30:00
Current Time: 2011-01-01 13:00:00
Valid Interval: 23:00:00-13:00:00
Valid days of month: 1, 2, 3, 4, 5, 6, 7, 8, 9, 10, 11, 12, 13, 14, 15, 16, 17, 18, 19, 20, 21, 22, 23, 24, 25, 26, 27, 28, 29, 30, 31
Valid weekdays: Monday, Tuesday, Wednesday, Thursday, Friday, Saturday, Sunday
When: 01:00:00
Current Time: 2011-01-01 16:00:00
Valid Interval: 23:00:00-13:00:00
Valid days of month: 1, 2, 3, 4, 5, 6, 7, 8, 9, 10, 11, 12, 13, 14, 15, 16, 17, 18, 19, 20, 21, 22, 23, 24, 25, 26, 27, 28, 29, 30, 31
Valid weekdays: Monday, Tuesday, Wednesday, Thursday, Friday, Saturday, Sunday
When: 01:00:00
Current Time: 2011-01-01 23:00:00
Valid Interval: 23:00:00-13:00:00
Valid days of month: 1, 2, 3, 4, 5, 6, 7, 8, 9, 10, 11, 12, 13, 14, 15, 16, 17, 18, 19, 20, 21, 22, 23, 24, 25, 26, 27, 28, 29, 30, 31
Valid weekdays: Monday, Tuesday, Wednesday, Thursday, Friday, Saturday, Sunday
When: 01:00:00
Current Time: 2011-01-01 23:30:00
Valid Interval: 23:00:00-13:00:00
Valid days of month: 1, 2, 3, 4, 5, 6, 7, 8, 9, 10, 11, 12, 13, 14, 15, 16, 17, 18, 19, 20, 21, 22, 23, 24, 25, 26, 27, 28, 29, 30, 31
Valid weekdays: Monday, Tuesday, Wednesday, Thursday, Friday, Saturday, Sunday
When: 01:00:00
Current Time: 2011-01-02 00:30:00
Valid Interval: 23:00:00-13:00:00
Valid days of month: 1, 2, 3, 4, 5, 6, 7, 8, 9, 10, 11, 12, 13, 14, 15, 16, 17, 18, 19, 20, 21, 22, 23, 24, 25, 26, 27, 28, 29, 30, 31
Valid weekdays: Monday, Tuesday, Wednesday, Thursday, Friday, Saturday, Sunday
When: 01:00:00
Current Time: 2011-01-01 02:00:00
Valid Interval: 23:00:00-13:00:00
Valid days of month: 1, 2, 3, 4, 5, 6, 7, 8, 9, 10, 11, 12, 13, 14, 15, 16, 17, 18, 19, 20, 21, 22, 23, 24, 25, 26, 27, 28, 29, 30, 31
Valid weekdays: Monday, Tuesday, Wednesday, Thursday, Friday, Saturday, Sunday
When: 01:00:00
Current Time: 2011-01-01 13:00:00
Valid Interval: 23:00:00-13:00:00
Valid days of month: 1, 2, 3, 4, 5, 6, 7, 8, 9, 10, 11, 12, 13, 14, 15, 16, 17, 18, 19, 20, 21, 22, 23, 24, 25, 26, 27, 28, 29, 30, 31
Valid weekdays: Monday, Tuesday, Wednesday, Thursday, Friday, Saturday, Sunday
When: 23:30:00
Current Time: 2011-01-01 16:00:00
Valid Interval: 23:00:00-13:00:00
Valid days of month: 1, 2, 3, 4, 5, 6, 7, 8, 9, 10, 11, 12, 13, 14, 15, 16, 17, 18, 19, 20, 21, 22, 23, 24, 25, 26, 27, 28, 29, 30, 31
Valid weekdays: Monday, Tuesday, Wednesday, Thursday, Friday, Saturday, Sunday
When: 23:30:00
Current Time: 2011-01-01 23:00:00
Valid Interval: 23:00:00-13:00:00
Valid days of month: 1, 2, 3, 4, 5, 6, 7, 8, 9, 10, 11, 12, 13, 14, 15, 16, 17, 18, 19, 20, 21, 22, 23, 24, 25, 26, 27, 28, 29, 30, 31
Valid weekdays: Monday, Tuesday, Wednesday, Thursday, Friday, Saturday, Sunday
When: 23:30:00
Current Time: 2011-01-01 23:30:00
Valid Interval: 23:00:00-13:00:00
Valid days of month: 1, 2, 3, 4, 5, 6, 7, 8, 9, 10, 11, 12, 13, 14, 15, 16, 17, 18, 19, 20, 21, 22, 23, 24, 25, 26, 27, 28, 29, 30, 31
Valid weekdays: Monday, Tuesday, Wednesday, Thursday, Friday, Saturday, Sunday
When: 23:30:00
Current Time: 2011-01-01 23:45:00
Valid Interval: 23:00:00-13:00:00
Valid days of month: 1, 2, 3, 4, 5, 6, 7, 8, 9, 10, 11, 12, 13, 14, 15, 16, 17, 18, 19, 20, 21, 22, 23, 24, 25, 26, 27, 28, 29, 30, 31
Valid weekdays: Monday, Tuesday, Wednesday, Thursday, Friday, Saturday, Sunday
When: 23:30:00
Current Time: 2011-01-02 00:30:00
Valid Interval: 23:00:00-13:00:00
Valid days of month: 1, 2, 3, 4, 5, 6, 7, 8, 9, 10, 11, 12, 13, 14, 15, 16, 17, 18, 19, 20, 21, 22, 23, 24, 25, 26, 27, 28, 29, 30, 31
Valid weekdays: Monday, Tuesday, Wednesday, Thursday, Friday, Saturday, Sunday
When: 23:30:00
Current Time: 2011-01-01 13:00:00
Valid Interval: 23:00:00-13:00:00
Valid days of month: 1, 2, 3, 4, 5, 6, 7, 8, 9, 10, 11, 12, 13, 14, 15, 16, 17, 18, 19, 20, 21, 22, 23, 24, 25, 26, 27, 28, 29, 30, 31
Valid weekdays: Monday, Tuesday, Wednesday, Thursday, Friday, Saturday, Sunday
When: 01:00:00
Current Time: 2011-01-01 16:00:00
Valid Interval: 23:00:00-13:00:00
Valid days of month: 1, 2, 3, 4, 5, 6, 7, 8, 9, 10, 11, 12, 13, 14, 15, 16, 17, 18, 19, 20, 21, 22, 23, 24, 25, 26, 27, 28, 29, 30, 31
Valid weekdays: Monday, Tuesday, Wednesday, Thursday, Friday, Saturday, Sunday
When: 01:00:00
Current Time: 2011-01-01 23:00:00
Valid Interval: 23:00:00-13:00:00
Valid days of month: 1, 2, 3, 4, 5, 6, 7, 8, 9, 10, 11, 12, 13, 14, 15, 16, 17, 18, 19, 20, 21, 22, 23, 24, 25, 26, 27, 28, 29, 30, 31
Valid weekdays: Monday, Tuesday, Wednesday, Thursday, Friday, Saturday, Sunday
When: 01:00:00
Current Time: 2011-01-01 23:30:00
Valid Interval: 23:00:00-13:00:00
Valid days of month: 1, 2, 3, 4, 5, 6, 7, 8, 9, 10, 11, 12, 13, 14, 15, 16, 17, 18, 19, 20, 21, 22, 23, 24, 25, 26, 27, 28, 29, 30, 31
Valid weekdays: Monday, Tuesday, Wednesday, Thursday, Friday, Saturday, Sunday
When: 01:00:00
Current Time: 2011-01-02 00:30:00
Valid Interval: 23:00:00-13:00:00
Valid days of month: 1, 2, 3, 4, 5, 6, 7, 8, 9, 10, 11, 12, 13, 14, 15, 16, 17, 18, 19, 20, 21, 22, 23, 24, 25, 26, 27, 28, 29, 30, 31
Valid weekdays: Monday, Tuesday, Wednesday, Thursday, Friday, Saturday, Sunday
When: 01:00:00
Current Time: 2011-01-02 02:00:00
Valid Interval: 23:00:00-13:00:00
Valid days of month: 1, 2, 3, 4, 5, 6, 7, 8, 9, 10, 11, 12, 13, 14, 15, 16, 17, 18, 19, 20, 21, 22, 23, 24, 25, 26, 27, 28, 29, 30, 31
Valid weekdays: Monday, Tuesday, Wednesday, Thursday, Friday, Saturday, Sunday
When: 01:00:00
Current Time: 2011-01-02 13:00:00
Valid Interval: 23:00:00-13:00:00
Valid days of month: 1, 2, 3, 4, 5, 6, 7, 8, 9, 10, 11, 12, 13, 14, 15, 16, 17, 18, 19, 20, 21, 22, 23, 24, 25, 26, 27, 28, 29, 30, 31
Valid weekdays: Monday, Tuesday, Wednesday, Thursday, Friday, Saturday, Sunday
When: 23:30:00
Current Time: 2011-01-01 23:30:05
Valid Interval: 23:00:00-13:00:00
Valid days of month: 1, 2, 3, 4, 5, 6, 7, 8, 9, 10, 11, 12, 13, 14, 15, 16, 17, 18, 19, 20, 21, 22, 23, 24, 25, 26, 27, 28, 29, 30, 31
Valid weekdays: Monday, Tuesday, Wednesday, Thursday, Friday, Saturday, Sunday
When: 23:30:00
Current Time: 2011-01-02 00:30:00
Valid Interval: 23:00:00-13:00:00
Valid days of month: 1, 2, 3, 4, 5, 6, 7, 8, 9, 10, 11, 12, 13, 14, 15, 16, 17, 18, 19, 20, 21, 22, 23, 24, 25, 26, 27, 28, 29, 30, 31
Valid weekdays: Monday, Tuesday, Wednesday, Thursday, Friday, Saturday, Sunday
When: 23:30:00
Current Time: 2011-01-02 13:00:00
Valid Interval: 23:00:00-13:00:00
Valid days of month: 1, 2, 3, 4, 5, 6, 7, 8, 9, 10, 11, 12, 13, 14, 15, 16, 17, 18, 19, 20, 21, 22, 23, 24, 25, 26, 27, 28, 29, 30, 31
Valid weekdays: Monday, Tuesday, Wednesday, Thursday, Friday, Saturday, Sunday
When: 01:00:00
Current Time: 2011-01-01 02:00:00
Valid Interval: 23:00:00-13:00:00
Valid days of month: 1, 2, 3, 4, 5, 6, 7, 8, 9, 10, 11, 12, 13, 14, 15, 16, 17, 18, 19, 20, 21, 22, 23, 24, 25, 26, 27, 28, 29, 30, 31
Valid weekdays: Monday, Tuesday, Wednesday, Thursday, Friday, Saturday, Sunday
When: 01:00:00
Current Time: 2011-01-02 02:00:00
Valid Interval: 13:00:00-16:00:00
Valid days of month: 1, 2, 3, 4, 5, 6, 7, 8, 9, 10, 11, 12, 13, 14, 15, 16, 17, 18, 19, 20, 21, 22, 23, 24, 25, 26, 27, 28, 29, 30, 31
Valid weekdays: Saturday, Sunday
When: 14:00:00
Current Time: 2007-01-01 12:00:00
Valid Interval: 13:00:00-16:00:00
Valid days of month: 1, 2, 3, 4, 5, 6, 7, 8, 9, 10, 11, 12, 13, 14, 15, 16, 17, 18, 19, 20, 21, 22, 23, 24, 25, 26, 27, 28, 29, 30, 31
Valid weekdays: Saturday, Sunday
When: 14:00:00
Current Time: 2007-01-02 13:30:00
Valid Interval: 13:00:00-16:00:00
Valid days of month: 1, 2, 3, 4, 5, 6, 7, 8, 9, 10, 11, 12, 13, 14, 15, 16, 17, 18, 19, 20, 21, 22, 23, 24, 25, 26, 27, 28, 29, 30, 31
Valid weekdays: Saturday, Sunday
When: 14:00:00
Current Time: 2007-01-06 13:30:00
Valid Interval: 13:00:00-16:00:00
Valid days of month: 1, 2, 3, 4, 5, 6, 7, 8, 9, 10, 11, 12, 13, 14, 15, 16, 17, 18, 19, 20, 21, 22, 23, 24, 25, 26, 27, 28, 29, 30, 31
Valid weekdays: Saturday, Sunday
When: 14:00:00
Current Time: 2007-01-06 14:30:00
Valid Interval: 13:00:00-16:00:00
Valid days of month: 1, 2, 3, 4, 5, 6, 7, 8, 9, 10, 11, 12, 13, 14, 15, 16, 17, 18, 19, 20, 21, 22, 23, 24, 25, 26, 27, 28, 29, 30, 31
Valid weekdays: Saturday, Sunday
When: 14:00:00
Current Time: 2007-01-06 16:30:00
Valid Interval: 13:00:00-16:00:00
Valid days of month: 1, 2, 3, 4, 5, 6, 7, 8, 9, 10, 11, 12, 13, 14, 15, 16, 17, 18, 19, 20, 21, 22, 23, 24, 25, 26, 27, 28, 29, 30, 31
Valid weekdays: Saturday, Sunday
When: 14:00:00
Current Time: 2007-01-07 16:00:00
Valid Interval: 23:00:00-02:00:00
Valid days of month: 1, 2, 3, 4, 5, 6, 7, 8, 9, 10, 11, 12, 13, 14, 15, 16, 17, 18, 19, 20, 21, 22, 23, 24, 25, 26, 27, 28, 29, 30, 31
Valid weekdays: Saturday, Sunday
When: 01:00:00
Current Time: 2007-01-01 12:00:00
Valid Interval: 23:00:00-02:00:00
Valid days of month: 1, 2, 3, 4, 5, 6, 7, 8, 9, 10, 11, 12, 13, 14, 15, 16, 17, 18, 19, 20, 21, 22, 23, 24, 25, 26, 27, 28, 29, 30, 31
Valid weekdays: Saturday, Sunday
When: 01:00:00
Current Time: 2007-01-02 01:00:00
Valid Interval: 23:00:00-02:00:00
Valid days of month: 1, 2, 3, 4, 5, 6, 7, 8, 9, 10, 11, 12, 13, 14, 15, 16, 17, 18, 19, 20, 21, 22, 23, 24, 25, 26, 27, 28, 29, 30, 31
Valid weekdays: Saturday, Sunday
When: 01:00:00
Current Time: 2007-01-06 00:30:00
Valid Interval: 23:00:00-02:00:00
Valid days of month: 1, 2, 3, 4, 5, 6, 7, 8, 9, 10, 11, 12, 13, 14, 15, 16, 17, 18, 19, 20, 21, 22, 23, 24, 25, 26, 27, 28, 29, 30, 31
Valid weekdays: Saturday, Sunday
When: 01:00:00
Current Time: 2007-01-06 01:30:00
Valid Interval: 23:00:00-02:00:00
Valid days of month: 1, 2, 3, 4, 5, 6, 7, 8, 9, 10, 11, 12, 13, 14, 15, 16, 17, 18, 19, 20, 21, 22, 23, 24, 25, 26, 27, 28, 29, 30, 31
Valid weekdays: Saturday, Sunday
When: 01:00:00
Current Time: 2007-01-06 02:30:00
Valid Interval: 23:00:00-02:00:00
Valid days of month: 1, 2, 3, 4, 5, 6, 7, 8, 9, 10, 11, 12, 13, 14, 15, 16, 17, 18, 19, 20, 21, 22, 23, 24, 25, 26, 27, 28, 29, 30, 31
Valid weekdays: Saturday, Sunday
When: 01:00:00
Current Time: 2007-01-07 02:00:00
Valid Interval: 23:00:00-02:00:00
Valid days of month: 1, 2, 3, 4, 5, 6, 7, 8, 9, 10, 11, 12, 13, 14, 15, 16, 17, 18, 19, 20, 21, 22, 23, 24, 25, 26, 27, 28, 29, 30, 31
Valid weekdays: Saturday, Sunday
When: 23:30:00
Current Time: 2007-01-01 12:00:00
Valid Interval: 23:00:00-02:00:00
Valid days of month: 1, 2, 3, 4, 5, 6, 7, 8, 9, 10, 11, 12, 13, 14, 15, 16, 17, 18, 19, 20, 21, 22, 23, 24, 25, 26, 27, 28, 29, 30, 31
Valid weekdays: Saturday, Sunday
When: 23:30:00
Current Time: 2007-01-05 23:30:00
Valid Interval: 23:00:00-02:00:00
Valid days of month: 1, 2, 3, 4, 5, 6, 7, 8, 9, 10, 11, 12, 13, 14, 15, 16, 17, 18, 19, 20, 21, 22, 23, 24, 25, 26, 27, 28, 29, 30, 31
Valid weekdays: Saturday, Sunday
When: 23:30:00
Current Time: 2007-01-06 23:00:00
Valid Interval: 23:00:00-02:00:00
Valid days of month: 1, 2, 3, 4, 5, 6, 7, 8, 9, 10, 11, 12, 13, 14, 15, 16, 17, 18, 19, 20, 21, 22, 23, 24, 25, 26, 27, 28, 29, 30, 31
Valid weekdays: Saturday, Sunday
When: 23:30:00
Current Time: 2007-01-06 02:00:00
Valid Interval: 23:00:00-02:00:00
Valid days of month: 1, 2, 3, 4, 5, 6, 7, 8, 9, 10, 11, 12, 13, 14, 15, 16, 17, 18, 19, 20, 21, 22, 23, 24, 25, 26, 27, 28, 29, 30, 31
Valid weekdays: Saturday, Sunday
When: 23:30:00
Current Time: 2007-01-07 23:40:00
Valid Interval: 23:00:00-02:00:00
Valid days of month: 1, 2, 3, 4, 5, 6, 7, 8, 9, 10, 11, 12, 13, 14, 15, 16, 17, 18, 19, 20, 21, 22, 23, 24, 25, 26, 27, 28, 29, 30, 31
Valid weekdays: Saturday, Sunday
When: 23:30:00
Current Time: 2007-01-07 01:00:00
Valid Interval: 13:00:00-16:00:00
Valid days of month: 1, 2, 3, 4, 5, 6, 7, 8, 9, 10, 11, 12, 13, 14, 15, 16, 17, 18, 19, 20, 21, 22, 23, 24, 25, 26, 27, 28, 29, 30, 31
Valid weekdays: Saturday, Sunday
When: 14:00:00
Current Time: 2007-01-01 12:00:00
Valid Interval: 13:00:00-16:00:00
Valid days of month: 1, 2, 3, 4, 5, 6, 7, 8, 9, 10, 11, 12, 13, 14, 15, 16, 17, 18, 19, 20, 21, 22, 23, 24, 25, 26, 27, 28, 29, 30, 31
Valid weekdays: Saturday, Sunday
When: 14:00:00
Current Time: 2007-01-02 13:30:00
Valid Interval: 13:00:00-16:00:00
Valid days of month: 1, 2, 3, 4, 5, 6, 7, 8, 9, 10, 11, 12, 13, 14, 15, 16, 17, 18, 19, 20, 21, 22, 23, 24, 25, 26, 27, 28, 29, 30, 31
Valid weekdays: Saturday, Sunday
When: 14:00:00
Current Time: 2007-01-06 13:30:00
Valid Interval: 13:00:00-16:00:00
Valid days of month: 1, 2, 3, 4, 5, 6, 7, 8, 9, 10, 11, 12, 13, 14, 15, 16, 17, 18, 19, 20, 21, 22, 23, 24, 25, 26, 27, 28, 29, 30, 31
Valid weekdays: Saturday, Sunday
When: 14:00:00
Current Time: 2007-01-06 14:30:00
Valid Interval: 13:00:00-16:00:00
Valid days of month: 1, 2, 3, 4, 5, 6, 7, 8, 9, 10, 11, 12, 13, 14, 15, 16, 17, 18, 19, 20, 21, 22, 23, 24, 25, 26, 27, 28, 29, 30, 31
Valid weekdays: Saturday, Sunday
When: 14:00:00
Current Time: 2007-01-06 16:30:00
Valid Interval: 13:00:00-16:00:00
Valid days of month: 1, 2, 3, 4, 5, 6, 7, 8, 9, 10, 11, 12, 13, 14, 15, 16, 17, 18, 19, 20, 21, 22, 23, 24, 25, 26, 27, 28, 29, 30, 31
Valid weekdays: Saturday, Sunday
When: 14:00:00
Current Time: 2007-01-07 16:00:00
Valid Interval: 23:00:00-02:00:00
Valid days of month: 1, 2, 3, 4, 5, 6, 7, 8, 9, 10, 11, 12, 13, 14, 15, 16, 17, 18, 19, 20, 21, 22, 23, 24, 25, 26, 27, 28, 29, 30, 31
Valid weekdays: Saturday, Sunday
When: 01:00:00
Current Time: 2007-01-01 12:00:00
Valid Interval: 23:00:00-02:00:00
Valid days of month: 1, 2, 3, 4, 5, 6, 7, 8, 9, 10, 11, 12, 13, 14, 15, 16, 17, 18, 19, 20, 21, 22, 23, 24, 25, 26, 27, 28, 29, 30, 31
Valid weekdays: Saturday, Sunday
When: 01:00:00
Current Time: 2007-01-02 01:00:00
Valid Interval: 23:00:00-02:00:00
Valid days of month: 1, 2, 3, 4, 5, 6, 7, 8, 9, 10, 11, 12, 13, 14, 15, 16, 17, 18, 19, 20, 21, 22, 23, 24, 25, 26, 27, 28, 29, 30, 31
Valid weekdays: Saturday, Sunday
When: 01:00:00
Current Time: 2007-01-06 00:30:00
Valid Interval: 23:00:00-02:00:00
Valid days of month: 1, 2, 3, 4, 5, 6, 7, 8, 9, 10, 11, 12, 13, 14, 15, 16, 17, 18, 19, 20, 21, 22, 23, 24, 25, 26, 27, 28, 29, 30, 31
Valid weekdays: Saturday, Sunday
When: 01:00:00
Current Time: 2007-01-06 02:30:00
Valid Interval: 23:00:00-02:00:00
Valid days of month: 1, 2, 3, 4, 5, 6, 7, 8, 9, 10, 11, 12, 13, 14, 15, 16, 17, 18, 19, 20, 21, 22, 23, 24, 25, 26, 27, 28, 29, 30, 31
Valid weekdays: Saturday, Sunday
When: 23:30:00
Current Time: 2007-01-01 12:00:00
Valid Interval: 23:00:00-02:00:00
Valid days of month: 1, 2, 3, 4, 5, 6, 7, 8, 9, 10, 11, 12, 13, 14, 15, 16, 17, 18, 19, 20, 21, 22, 23, 24, 25, 26, 27, 28, 29, 30, 31
Valid weekdays: Saturday, Sunday
When: 23:30:00
Current Time: 2007-01-05 23:30:00
Valid Interval: 23:00:00-02:00:00
Valid days of month: 1, 2, 3, 4, 5, 6, 7, 8, 9, 10, 11, 12, 13, 14, 15, 16, 17, 18, 19, 20, 21, 22, 23, 24, 25, 26, 27, 28, 29, 30, 31
Valid weekdays: Saturday, Sunday
When: 23:30:00
Current Time: 2007-01-06 23:00:00
Valid Interval: 23:00:00-02:00:00
Valid days of month: 1, 2, 3, 4, 5, 6, 7, 8, 9, 10, 11, 12, 13, 14, 15, 16, 17, 18, 19, 20, 21, 22, 23, 24, 25, 26, 27, 28, 29, 30, 31
Valid weekdays: Saturday, Sunday
When: 23:30:00
Current Time: 2007-01-06 02:00:00
Valid Interval: 23:00:00-02:00:00
Valid days of month: 1, 2, 3, 4, 5, 6, 7, 8, 9, 10, 11, 12, 13, 14, 15, 16, 17, 18, 19, 20, 21, 22, 23, 24, 25, 26, 27, 28, 29, 30, 31
Valid weekdays: Saturday, Sunday
When: 23:30:00
Current Time: 2007-01-07 23:40:00
Valid Interval: 23:00:00-02:00:00
Valid days of month: 1, 2, 3, 4, 5, 6, 7, 8, 9, 10, 11, 12, 13, 14, 15, 16, 17, 18, 19, 20, 21, 22, 23, 24, 25, 26, 27, 28, 29, 30, 31
Valid weekdays: Saturday, Sunday
When: 23:30:00
Current Time: 2007-01-07 01:00:00
Valid Interval: 13:00:00-16:00:00
Valid days of month: 1, 2, 3, 4, 5, 6, 7, 8, 9, 10, 11, 12, 13, 14, 15, 16, 17, 18, 19, 20, 21, 22, 23, 24, 25, 26, 27, 28, 29, 30, 31
Valid weekdays: Saturday, Sunday
When: 14:00:00
Current Time: 2007-01-06 14:30:00
Valid Interval: 13:00:00-16:00:00
Valid days of month: 1, 2, 3, 4, 5, 6, 7, 8, 9, 10, 11, 12, 13, 14, 15, 16, 17, 18, 19, 20, 21, 22, 23, 24, 25, 26, 27, 28, 29, 30, 31
Valid weekdays: Saturday, Sunday
When: 14:00:00
Current Time: 2007-01-07 15:00:00
Valid Interval: 23:00:00-02:00:00
Valid days of month: 1, 2, 3, 4, 5, 6, 7, 8, 9, 10, 11, 12, 13, 14, 15, 16, 17, 18, 19, 20, 21, 22, 23, 24, 25, 26, 27, 28, 29, 30, 31
Valid weekdays: Saturday, Sunday
When: 01:00:00
Current Time: 2007-01-06 01:30:00
Valid Interval: 23:00:00-02:00:00
Valid days of month: 1, 2, 3, 4, 5, 6, 7, 8, 9, 10, 11, 12, 13, 14, 15, 16, 17, 18, 19, 20, 21, 22, 23, 24, 25, 26, 27, 28, 29, 30, 31
Valid weekdays: Saturday, Sunday
When: 01:00:00
Current Time: 2007-01-07 01:30:00
Valid Interval: 23:00:00-02:00:00
Valid days of month: 1, 2, 3, 4, 5, 6, 7, 8, 9, 10, 11, 12, 13, 14, 15, 16, 17, 18, 19, 20, 21, 22, 23, 24, 25, 26, 27, 28, 29, 30, 31
Valid weekdays: Saturday, Sunday
When: 23:30:00
Current Time: 2007-01-06 23:02:00
Valid Interval: 23:00:00-02:00:00
Valid days of month: 1, 2, 3, 4, 5, 6, 7, 8, 9, 10, 11, 12, 13, 14, 15, 16, 17, 18, 19, 20, 21, 22, 23, 24, 25, 26, 27, 28, 29, 30, 31
Valid weekdays: Saturday, Sunday
When: 23:30:00
Current Time: 2007-01-06 01:10:00
Valid Interval: 23:00:00-02:00:00
Valid days of month: 1, 2, 3, 4, 5, 6, 7, 8, 9, 10, 11, 12, 13, 14, 15, 16, 17, 18, 19, 20, 21, 22, 23, 24, 25, 26, 27, 28, 29, 30, 31
Valid weekdays: Saturday, Sunday
When: 23:30:00
Current Time: 2007-01-07 01:00:40
Valid Interval: 23:00:00-02:00:00
Valid days of month: 2
Valid weekdays: Saturday, Sunday
When: 23:30:00
Current Time: 2007-01-01 12:00:00
Valid Interval: 23:00:00-02:00:00
Valid days of month: 1, 2
Valid weekdays: Saturday, Sunday
When: 23:30:00
Current Time: 2007-01-05 23:30:00
Valid Interval: 23:00:00-02:00:00
Valid days of month: 1, 2
Valid weekdays: Saturday, Sunday
When: 23:30:00
Current Time: 2007-01-06 23:00:00</StdOut>
      </Output>
    </UnitTestResult>
    <UnitTestResult executionId="4d5b2591-b469-4e10-8396-06d082337e8f" testId="07c61454-f5c0-465f-9069-8e5214431b39" testName="GetNextTimeToTrigger_AbsoluteTimer_ReturnsCorrectTime (Data Row 60)" computerName="ICSWS068" duration="00:00:00.0037403" startTime="2016-08-04T07:57:22.8739287+02:00" endTime="2016-08-04T07:57:22.8774324+02:00" testType="13cdc9d9-ddb5-4fa4-a97d-d965ccfc6d4b" outcome="Passed" testListId="8c84fa94-04c1-424b-9868-57a2d4851a1d" relativeResultsDirectory="4d5b2591-b469-4e10-8396-06d082337e8f">
      <Output>
        <StdOut>TestContext Messages:
Valid Interval: 11:00:00-13:00:00
Valid days of month: 1, 2, 3, 4, 5, 6, 7, 8, 9, 10, 11, 12, 13, 14, 15, 16, 17, 18, 19, 20, 21, 22, 23, 24, 25, 26, 27, 28, 29, 30, 31
Valid weekdays: Monday, Tuesday, Wednesday, Thursday, Friday, Saturday, Sunday
When: 12:00:00
Current Time: 2011-01-01 00:00:00
Valid Interval: 11:00:00-13:00:00
Valid days of month: 1, 2, 3, 4, 5, 6, 7, 8, 9, 10, 11, 12, 13, 14, 15, 16, 17, 18, 19, 20, 21, 22, 23, 24, 25, 26, 27, 28, 29, 30, 31
Valid weekdays: Monday, Tuesday, Wednesday, Thursday, Friday, Saturday, Sunday
When: 12:00:00
Current Time: 2011-01-01 09:00:00
Valid Interval: 11:00:00-13:00:00
Valid days of month: 1, 2, 3, 4, 5, 6, 7, 8, 9, 10, 11, 12, 13, 14, 15, 16, 17, 18, 19, 20, 21, 22, 23, 24, 25, 26, 27, 28, 29, 30, 31
Valid weekdays: Monday, Tuesday, Wednesday, Thursday, Friday, Saturday, Sunday
When: 12:00:00
Current Time: 2011-01-01 11:00:00
Valid Interval: 11:00:00-13:00:00
Valid days of month: 1, 2, 3, 4, 5, 6, 7, 8, 9, 10, 11, 12, 13, 14, 15, 16, 17, 18, 19, 20, 21, 22, 23, 24, 25, 26, 27, 28, 29, 30, 31
Valid weekdays: Monday, Tuesday, Wednesday, Thursday, Friday, Saturday, Sunday
When: 12:00:00
Current Time: 2011-01-01 12:00:00
Valid Interval: 11:00:00-13:00:00
Valid days of month: 1, 2, 3, 4, 5, 6, 7, 8, 9, 10, 11, 12, 13, 14, 15, 16, 17, 18, 19, 20, 21, 22, 23, 24, 25, 26, 27, 28, 29, 30, 31
Valid weekdays: Monday, Tuesday, Wednesday, Thursday, Friday, Saturday, Sunday
When: 12:00:00
Current Time: 2011-01-01 12:30:00
Valid Interval: 11:00:00-13:00:00
Valid days of month: 1, 2, 3, 4, 5, 6, 7, 8, 9, 10, 11, 12, 13, 14, 15, 16, 17, 18, 19, 20, 21, 22, 23, 24, 25, 26, 27, 28, 29, 30, 31
Valid weekdays: Monday, Tuesday, Wednesday, Thursday, Friday, Saturday, Sunday
When: 12:00:00
Current Time: 2011-01-01 13:00:00
Valid Interval: 11:00:00-13:00:00
Valid days of month: 1, 2, 3, 4, 5, 6, 7, 8, 9, 10, 11, 12, 13, 14, 15, 16, 17, 18, 19, 20, 21, 22, 23, 24, 25, 26, 27, 28, 29, 30, 31
Valid weekdays: Monday, Tuesday, Wednesday, Thursday, Friday, Saturday, Sunday
When: 12:00:00
Current Time: 2011-01-02 00:00:00
Valid Interval: 11:00:00-13:00:00
Valid days of month: 1, 2, 3, 4, 5, 6, 7, 8, 9, 10, 11, 12, 13, 14, 15, 16, 17, 18, 19, 20, 21, 22, 23, 24, 25, 26, 27, 28, 29, 30, 31
Valid weekdays: Monday, Tuesday, Wednesday, Thursday, Friday, Saturday, Sunday
When: 12:00:00
Current Time: 2011-01-02 09:00:00
Valid Interval: 11:00:00-13:00:00
Valid days of month: 1, 2, 3, 4, 5, 6, 7, 8, 9, 10, 11, 12, 13, 14, 15, 16, 17, 18, 19, 20, 21, 22, 23, 24, 25, 26, 27, 28, 29, 30, 31
Valid weekdays: Monday, Tuesday, Wednesday, Thursday, Friday, Saturday, Sunday
When: 12:00:00
Current Time: 2011-01-02 12:00:00
Valid Interval: 11:00:00-13:00:00
Valid days of month: 1, 2, 3, 4, 5, 6, 7, 8, 9, 10, 11, 12, 13, 14, 15, 16, 17, 18, 19, 20, 21, 22, 23, 24, 25, 26, 27, 28, 29, 30, 31
Valid weekdays: Monday, Tuesday, Wednesday, Thursday, Friday, Saturday, Sunday
When: 12:00:00
Current Time: 2011-01-02 12:45:30
Valid Interval: 11:00:00-13:00:00
Valid days of month: 1, 2, 3, 4, 5, 6, 7, 8, 9, 10, 11, 12, 13, 14, 15, 16, 17, 18, 19, 20, 21, 22, 23, 24, 25, 26, 27, 28, 29, 30, 31
Valid weekdays: Monday, Tuesday, Wednesday, Thursday, Friday, Saturday, Sunday
When: 12:00:00
Current Time: 2011-01-02 13:00:00
Valid Interval: 11:00:00-13:00:00
Valid days of month: 1, 2, 3, 4, 5, 6, 7, 8, 9, 10, 11, 12, 13, 14, 15, 16, 17, 18, 19, 20, 21, 22, 23, 24, 25, 26, 27, 28, 29, 30, 31
Valid weekdays: Monday, Tuesday, Wednesday, Thursday, Friday, Saturday, Sunday
When: 12:00:00
Current Time: 2011-01-01 12:00:00
Valid Interval: 11:00:00-13:00:00
Valid days of month: 1, 2, 3, 4, 5, 6, 7, 8, 9, 10, 11, 12, 13, 14, 15, 16, 17, 18, 19, 20, 21, 22, 23, 24, 25, 26, 27, 28, 29, 30, 31
Valid weekdays: Monday, Tuesday, Wednesday, Thursday, Friday, Saturday, Sunday
When: 12:00:00
Current Time: 2011-01-01 12:30:00
Valid Interval: 11:00:00-13:00:00
Valid days of month: 1, 2, 3, 4, 5, 6, 7, 8, 9, 10, 11, 12, 13, 14, 15, 16, 17, 18, 19, 20, 21, 22, 23, 24, 25, 26, 27, 28, 29, 30, 31
Valid weekdays: Monday, Tuesday, Wednesday, Thursday, Friday, Saturday, Sunday
When: 12:00:00
Current Time: 2011-01-01 12:30:00
Valid Interval: 11:00:00-13:00:00
Valid days of month: 1, 2, 3, 4, 5, 6, 7, 8, 9, 10, 11, 12, 13, 14, 15, 16, 17, 18, 19, 20, 21, 22, 23, 24, 25, 26, 27, 28, 29, 30, 31
Valid weekdays: Monday, Tuesday, Wednesday, Thursday, Friday, Saturday, Sunday
When: 12:00:00
Current Time: 2011-01-01 13:00:00
Valid Interval: 11:00:00-13:00:00
Valid days of month: 1, 2, 3, 4, 5, 6, 7, 8, 9, 10, 11, 12, 13, 14, 15, 16, 17, 18, 19, 20, 21, 22, 23, 24, 25, 26, 27, 28, 29, 30, 31
Valid weekdays: Monday, Tuesday, Wednesday, Thursday, Friday, Saturday, Sunday
When: 12:00:00
Current Time: 2011-01-01 14:30:00
Valid Interval: 23:00:00-13:00:00
Valid days of month: 1, 2, 3, 4, 5, 6, 7, 8, 9, 10, 11, 12, 13, 14, 15, 16, 17, 18, 19, 20, 21, 22, 23, 24, 25, 26, 27, 28, 29, 30, 31
Valid weekdays: Monday, Tuesday, Wednesday, Thursday, Friday, Saturday, Sunday
When: 23:30:00
Current Time: 2011-01-01 16:00:00
Valid Interval: 23:00:00-13:00:00
Valid days of month: 1, 2, 3, 4, 5, 6, 7, 8, 9, 10, 11, 12, 13, 14, 15, 16, 17, 18, 19, 20, 21, 22, 23, 24, 25, 26, 27, 28, 29, 30, 31
Valid weekdays: Monday, Tuesday, Wednesday, Thursday, Friday, Saturday, Sunday
When: 23:30:00
Current Time: 2011-01-01 23:00:00
Valid Interval: 23:00:00-13:00:00
Valid days of month: 1, 2, 3, 4, 5, 6, 7, 8, 9, 10, 11, 12, 13, 14, 15, 16, 17, 18, 19, 20, 21, 22, 23, 24, 25, 26, 27, 28, 29, 30, 31
Valid weekdays: Monday, Tuesday, Wednesday, Thursday, Friday, Saturday, Sunday
When: 23:30:00
Current Time: 2011-01-01 23:30:00
Valid Interval: 23:00:00-13:00:00
Valid days of month: 1, 2, 3, 4, 5, 6, 7, 8, 9, 10, 11, 12, 13, 14, 15, 16, 17, 18, 19, 20, 21, 22, 23, 24, 25, 26, 27, 28, 29, 30, 31
Valid weekdays: Monday, Tuesday, Wednesday, Thursday, Friday, Saturday, Sunday
When: 23:30:00
Current Time: 2011-01-01 23:45:00
Valid Interval: 23:00:00-13:00:00
Valid days of month: 1, 2, 3, 4, 5, 6, 7, 8, 9, 10, 11, 12, 13, 14, 15, 16, 17, 18, 19, 20, 21, 22, 23, 24, 25, 26, 27, 28, 29, 30, 31
Valid weekdays: Monday, Tuesday, Wednesday, Thursday, Friday, Saturday, Sunday
When: 23:30:00
Current Time: 2011-01-02 00:30:00
Valid Interval: 23:00:00-13:00:00
Valid days of month: 1, 2, 3, 4, 5, 6, 7, 8, 9, 10, 11, 12, 13, 14, 15, 16, 17, 18, 19, 20, 21, 22, 23, 24, 25, 26, 27, 28, 29, 30, 31
Valid weekdays: Monday, Tuesday, Wednesday, Thursday, Friday, Saturday, Sunday
When: 23:30:00
Current Time: 2011-01-01 13:00:00
Valid Interval: 23:00:00-13:00:00
Valid days of month: 1, 2, 3, 4, 5, 6, 7, 8, 9, 10, 11, 12, 13, 14, 15, 16, 17, 18, 19, 20, 21, 22, 23, 24, 25, 26, 27, 28, 29, 30, 31
Valid weekdays: Monday, Tuesday, Wednesday, Thursday, Friday, Saturday, Sunday
When: 01:00:00
Current Time: 2011-01-01 16:00:00
Valid Interval: 23:00:00-13:00:00
Valid days of month: 1, 2, 3, 4, 5, 6, 7, 8, 9, 10, 11, 12, 13, 14, 15, 16, 17, 18, 19, 20, 21, 22, 23, 24, 25, 26, 27, 28, 29, 30, 31
Valid weekdays: Monday, Tuesday, Wednesday, Thursday, Friday, Saturday, Sunday
When: 01:00:00
Current Time: 2011-01-01 23:00:00
Valid Interval: 23:00:00-13:00:00
Valid days of month: 1, 2, 3, 4, 5, 6, 7, 8, 9, 10, 11, 12, 13, 14, 15, 16, 17, 18, 19, 20, 21, 22, 23, 24, 25, 26, 27, 28, 29, 30, 31
Valid weekdays: Monday, Tuesday, Wednesday, Thursday, Friday, Saturday, Sunday
When: 01:00:00
Current Time: 2011-01-01 23:30:00
Valid Interval: 23:00:00-13:00:00
Valid days of month: 1, 2, 3, 4, 5, 6, 7, 8, 9, 10, 11, 12, 13, 14, 15, 16, 17, 18, 19, 20, 21, 22, 23, 24, 25, 26, 27, 28, 29, 30, 31
Valid weekdays: Monday, Tuesday, Wednesday, Thursday, Friday, Saturday, Sunday
When: 01:00:00
Current Time: 2011-01-02 00:30:00
Valid Interval: 23:00:00-13:00:00
Valid days of month: 1, 2, 3, 4, 5, 6, 7, 8, 9, 10, 11, 12, 13, 14, 15, 16, 17, 18, 19, 20, 21, 22, 23, 24, 25, 26, 27, 28, 29, 30, 31
Valid weekdays: Monday, Tuesday, Wednesday, Thursday, Friday, Saturday, Sunday
When: 01:00:00
Current Time: 2011-01-01 02:00:00
Valid Interval: 23:00:00-13:00:00
Valid days of month: 1, 2, 3, 4, 5, 6, 7, 8, 9, 10, 11, 12, 13, 14, 15, 16, 17, 18, 19, 20, 21, 22, 23, 24, 25, 26, 27, 28, 29, 30, 31
Valid weekdays: Monday, Tuesday, Wednesday, Thursday, Friday, Saturday, Sunday
When: 01:00:00
Current Time: 2011-01-01 13:00:00
Valid Interval: 23:00:00-13:00:00
Valid days of month: 1, 2, 3, 4, 5, 6, 7, 8, 9, 10, 11, 12, 13, 14, 15, 16, 17, 18, 19, 20, 21, 22, 23, 24, 25, 26, 27, 28, 29, 30, 31
Valid weekdays: Monday, Tuesday, Wednesday, Thursday, Friday, Saturday, Sunday
When: 23:30:00
Current Time: 2011-01-01 16:00:00
Valid Interval: 23:00:00-13:00:00
Valid days of month: 1, 2, 3, 4, 5, 6, 7, 8, 9, 10, 11, 12, 13, 14, 15, 16, 17, 18, 19, 20, 21, 22, 23, 24, 25, 26, 27, 28, 29, 30, 31
Valid weekdays: Monday, Tuesday, Wednesday, Thursday, Friday, Saturday, Sunday
When: 23:30:00
Current Time: 2011-01-01 23:00:00
Valid Interval: 23:00:00-13:00:00
Valid days of month: 1, 2, 3, 4, 5, 6, 7, 8, 9, 10, 11, 12, 13, 14, 15, 16, 17, 18, 19, 20, 21, 22, 23, 24, 25, 26, 27, 28, 29, 30, 31
Valid weekdays: Monday, Tuesday, Wednesday, Thursday, Friday, Saturday, Sunday
When: 23:30:00
Current Time: 2011-01-01 23:30:00
Valid Interval: 23:00:00-13:00:00
Valid days of month: 1, 2, 3, 4, 5, 6, 7, 8, 9, 10, 11, 12, 13, 14, 15, 16, 17, 18, 19, 20, 21, 22, 23, 24, 25, 26, 27, 28, 29, 30, 31
Valid weekdays: Monday, Tuesday, Wednesday, Thursday, Friday, Saturday, Sunday
When: 23:30:00
Current Time: 2011-01-01 23:45:00
Valid Interval: 23:00:00-13:00:00
Valid days of month: 1, 2, 3, 4, 5, 6, 7, 8, 9, 10, 11, 12, 13, 14, 15, 16, 17, 18, 19, 20, 21, 22, 23, 24, 25, 26, 27, 28, 29, 30, 31
Valid weekdays: Monday, Tuesday, Wednesday, Thursday, Friday, Saturday, Sunday
When: 23:30:00
Current Time: 2011-01-02 00:30:00
Valid Interval: 23:00:00-13:00:00
Valid days of month: 1, 2, 3, 4, 5, 6, 7, 8, 9, 10, 11, 12, 13, 14, 15, 16, 17, 18, 19, 20, 21, 22, 23, 24, 25, 26, 27, 28, 29, 30, 31
Valid weekdays: Monday, Tuesday, Wednesday, Thursday, Friday, Saturday, Sunday
When: 23:30:00
Current Time: 2011-01-01 13:00:00
Valid Interval: 23:00:00-13:00:00
Valid days of month: 1, 2, 3, 4, 5, 6, 7, 8, 9, 10, 11, 12, 13, 14, 15, 16, 17, 18, 19, 20, 21, 22, 23, 24, 25, 26, 27, 28, 29, 30, 31
Valid weekdays: Monday, Tuesday, Wednesday, Thursday, Friday, Saturday, Sunday
When: 01:00:00
Current Time: 2011-01-01 16:00:00
Valid Interval: 23:00:00-13:00:00
Valid days of month: 1, 2, 3, 4, 5, 6, 7, 8, 9, 10, 11, 12, 13, 14, 15, 16, 17, 18, 19, 20, 21, 22, 23, 24, 25, 26, 27, 28, 29, 30, 31
Valid weekdays: Monday, Tuesday, Wednesday, Thursday, Friday, Saturday, Sunday
When: 01:00:00
Current Time: 2011-01-01 23:00:00
Valid Interval: 23:00:00-13:00:00
Valid days of month: 1, 2, 3, 4, 5, 6, 7, 8, 9, 10, 11, 12, 13, 14, 15, 16, 17, 18, 19, 20, 21, 22, 23, 24, 25, 26, 27, 28, 29, 30, 31
Valid weekdays: Monday, Tuesday, Wednesday, Thursday, Friday, Saturday, Sunday
When: 01:00:00
Current Time: 2011-01-01 23:30:00
Valid Interval: 23:00:00-13:00:00
Valid days of month: 1, 2, 3, 4, 5, 6, 7, 8, 9, 10, 11, 12, 13, 14, 15, 16, 17, 18, 19, 20, 21, 22, 23, 24, 25, 26, 27, 28, 29, 30, 31
Valid weekdays: Monday, Tuesday, Wednesday, Thursday, Friday, Saturday, Sunday
When: 01:00:00
Current Time: 2011-01-02 00:30:00
Valid Interval: 23:00:00-13:00:00
Valid days of month: 1, 2, 3, 4, 5, 6, 7, 8, 9, 10, 11, 12, 13, 14, 15, 16, 17, 18, 19, 20, 21, 22, 23, 24, 25, 26, 27, 28, 29, 30, 31
Valid weekdays: Monday, Tuesday, Wednesday, Thursday, Friday, Saturday, Sunday
When: 01:00:00
Current Time: 2011-01-02 02:00:00
Valid Interval: 23:00:00-13:00:00
Valid days of month: 1, 2, 3, 4, 5, 6, 7, 8, 9, 10, 11, 12, 13, 14, 15, 16, 17, 18, 19, 20, 21, 22, 23, 24, 25, 26, 27, 28, 29, 30, 31
Valid weekdays: Monday, Tuesday, Wednesday, Thursday, Friday, Saturday, Sunday
When: 01:00:00
Current Time: 2011-01-02 13:00:00
Valid Interval: 23:00:00-13:00:00
Valid days of month: 1, 2, 3, 4, 5, 6, 7, 8, 9, 10, 11, 12, 13, 14, 15, 16, 17, 18, 19, 20, 21, 22, 23, 24, 25, 26, 27, 28, 29, 30, 31
Valid weekdays: Monday, Tuesday, Wednesday, Thursday, Friday, Saturday, Sunday
When: 23:30:00
Current Time: 2011-01-01 23:30:05
Valid Interval: 23:00:00-13:00:00
Valid days of month: 1, 2, 3, 4, 5, 6, 7, 8, 9, 10, 11, 12, 13, 14, 15, 16, 17, 18, 19, 20, 21, 22, 23, 24, 25, 26, 27, 28, 29, 30, 31
Valid weekdays: Monday, Tuesday, Wednesday, Thursday, Friday, Saturday, Sunday
When: 23:30:00
Current Time: 2011-01-02 00:30:00
Valid Interval: 23:00:00-13:00:00
Valid days of month: 1, 2, 3, 4, 5, 6, 7, 8, 9, 10, 11, 12, 13, 14, 15, 16, 17, 18, 19, 20, 21, 22, 23, 24, 25, 26, 27, 28, 29, 30, 31
Valid weekdays: Monday, Tuesday, Wednesday, Thursday, Friday, Saturday, Sunday
When: 23:30:00
Current Time: 2011-01-02 13:00:00
Valid Interval: 23:00:00-13:00:00
Valid days of month: 1, 2, 3, 4, 5, 6, 7, 8, 9, 10, 11, 12, 13, 14, 15, 16, 17, 18, 19, 20, 21, 22, 23, 24, 25, 26, 27, 28, 29, 30, 31
Valid weekdays: Monday, Tuesday, Wednesday, Thursday, Friday, Saturday, Sunday
When: 01:00:00
Current Time: 2011-01-01 02:00:00
Valid Interval: 23:00:00-13:00:00
Valid days of month: 1, 2, 3, 4, 5, 6, 7, 8, 9, 10, 11, 12, 13, 14, 15, 16, 17, 18, 19, 20, 21, 22, 23, 24, 25, 26, 27, 28, 29, 30, 31
Valid weekdays: Monday, Tuesday, Wednesday, Thursday, Friday, Saturday, Sunday
When: 01:00:00
Current Time: 2011-01-02 02:00:00
Valid Interval: 13:00:00-16:00:00
Valid days of month: 1, 2, 3, 4, 5, 6, 7, 8, 9, 10, 11, 12, 13, 14, 15, 16, 17, 18, 19, 20, 21, 22, 23, 24, 25, 26, 27, 28, 29, 30, 31
Valid weekdays: Saturday, Sunday
When: 14:00:00
Current Time: 2007-01-01 12:00:00
Valid Interval: 13:00:00-16:00:00
Valid days of month: 1, 2, 3, 4, 5, 6, 7, 8, 9, 10, 11, 12, 13, 14, 15, 16, 17, 18, 19, 20, 21, 22, 23, 24, 25, 26, 27, 28, 29, 30, 31
Valid weekdays: Saturday, Sunday
When: 14:00:00
Current Time: 2007-01-02 13:30:00
Valid Interval: 13:00:00-16:00:00
Valid days of month: 1, 2, 3, 4, 5, 6, 7, 8, 9, 10, 11, 12, 13, 14, 15, 16, 17, 18, 19, 20, 21, 22, 23, 24, 25, 26, 27, 28, 29, 30, 31
Valid weekdays: Saturday, Sunday
When: 14:00:00
Current Time: 2007-01-06 13:30:00
Valid Interval: 13:00:00-16:00:00
Valid days of month: 1, 2, 3, 4, 5, 6, 7, 8, 9, 10, 11, 12, 13, 14, 15, 16, 17, 18, 19, 20, 21, 22, 23, 24, 25, 26, 27, 28, 29, 30, 31
Valid weekdays: Saturday, Sunday
When: 14:00:00
Current Time: 2007-01-06 14:30:00
Valid Interval: 13:00:00-16:00:00
Valid days of month: 1, 2, 3, 4, 5, 6, 7, 8, 9, 10, 11, 12, 13, 14, 15, 16, 17, 18, 19, 20, 21, 22, 23, 24, 25, 26, 27, 28, 29, 30, 31
Valid weekdays: Saturday, Sunday
When: 14:00:00
Current Time: 2007-01-06 16:30:00
Valid Interval: 13:00:00-16:00:00
Valid days of month: 1, 2, 3, 4, 5, 6, 7, 8, 9, 10, 11, 12, 13, 14, 15, 16, 17, 18, 19, 20, 21, 22, 23, 24, 25, 26, 27, 28, 29, 30, 31
Valid weekdays: Saturday, Sunday
When: 14:00:00
Current Time: 2007-01-07 16:00:00
Valid Interval: 23:00:00-02:00:00
Valid days of month: 1, 2, 3, 4, 5, 6, 7, 8, 9, 10, 11, 12, 13, 14, 15, 16, 17, 18, 19, 20, 21, 22, 23, 24, 25, 26, 27, 28, 29, 30, 31
Valid weekdays: Saturday, Sunday
When: 01:00:00
Current Time: 2007-01-01 12:00:00
Valid Interval: 23:00:00-02:00:00
Valid days of month: 1, 2, 3, 4, 5, 6, 7, 8, 9, 10, 11, 12, 13, 14, 15, 16, 17, 18, 19, 20, 21, 22, 23, 24, 25, 26, 27, 28, 29, 30, 31
Valid weekdays: Saturday, Sunday
When: 01:00:00
Current Time: 2007-01-02 01:00:00
Valid Interval: 23:00:00-02:00:00
Valid days of month: 1, 2, 3, 4, 5, 6, 7, 8, 9, 10, 11, 12, 13, 14, 15, 16, 17, 18, 19, 20, 21, 22, 23, 24, 25, 26, 27, 28, 29, 30, 31
Valid weekdays: Saturday, Sunday
When: 01:00:00
Current Time: 2007-01-06 00:30:00
Valid Interval: 23:00:00-02:00:00
Valid days of month: 1, 2, 3, 4, 5, 6, 7, 8, 9, 10, 11, 12, 13, 14, 15, 16, 17, 18, 19, 20, 21, 22, 23, 24, 25, 26, 27, 28, 29, 30, 31
Valid weekdays: Saturday, Sunday
When: 01:00:00
Current Time: 2007-01-06 01:30:00
Valid Interval: 23:00:00-02:00:00
Valid days of month: 1, 2, 3, 4, 5, 6, 7, 8, 9, 10, 11, 12, 13, 14, 15, 16, 17, 18, 19, 20, 21, 22, 23, 24, 25, 26, 27, 28, 29, 30, 31
Valid weekdays: Saturday, Sunday
When: 01:00:00
Current Time: 2007-01-06 02:30:00
Valid Interval: 23:00:00-02:00:00
Valid days of month: 1, 2, 3, 4, 5, 6, 7, 8, 9, 10, 11, 12, 13, 14, 15, 16, 17, 18, 19, 20, 21, 22, 23, 24, 25, 26, 27, 28, 29, 30, 31
Valid weekdays: Saturday, Sunday
When: 01:00:00
Current Time: 2007-01-07 02:00:00
Valid Interval: 23:00:00-02:00:00
Valid days of month: 1, 2, 3, 4, 5, 6, 7, 8, 9, 10, 11, 12, 13, 14, 15, 16, 17, 18, 19, 20, 21, 22, 23, 24, 25, 26, 27, 28, 29, 30, 31
Valid weekdays: Saturday, Sunday
When: 23:30:00
Current Time: 2007-01-01 12:00:00
Valid Interval: 23:00:00-02:00:00
Valid days of month: 1, 2, 3, 4, 5, 6, 7, 8, 9, 10, 11, 12, 13, 14, 15, 16, 17, 18, 19, 20, 21, 22, 23, 24, 25, 26, 27, 28, 29, 30, 31
Valid weekdays: Saturday, Sunday
When: 23:30:00
Current Time: 2007-01-05 23:30:00
Valid Interval: 23:00:00-02:00:00
Valid days of month: 1, 2, 3, 4, 5, 6, 7, 8, 9, 10, 11, 12, 13, 14, 15, 16, 17, 18, 19, 20, 21, 22, 23, 24, 25, 26, 27, 28, 29, 30, 31
Valid weekdays: Saturday, Sunday
When: 23:30:00
Current Time: 2007-01-06 23:00:00
Valid Interval: 23:00:00-02:00:00
Valid days of month: 1, 2, 3, 4, 5, 6, 7, 8, 9, 10, 11, 12, 13, 14, 15, 16, 17, 18, 19, 20, 21, 22, 23, 24, 25, 26, 27, 28, 29, 30, 31
Valid weekdays: Saturday, Sunday
When: 23:30:00
Current Time: 2007-01-06 02:00:00
Valid Interval: 23:00:00-02:00:00
Valid days of month: 1, 2, 3, 4, 5, 6, 7, 8, 9, 10, 11, 12, 13, 14, 15, 16, 17, 18, 19, 20, 21, 22, 23, 24, 25, 26, 27, 28, 29, 30, 31
Valid weekdays: Saturday, Sunday
When: 23:30:00
Current Time: 2007-01-07 23:40:00
Valid Interval: 23:00:00-02:00:00
Valid days of month: 1, 2, 3, 4, 5, 6, 7, 8, 9, 10, 11, 12, 13, 14, 15, 16, 17, 18, 19, 20, 21, 22, 23, 24, 25, 26, 27, 28, 29, 30, 31
Valid weekdays: Saturday, Sunday
When: 23:30:00
Current Time: 2007-01-07 01:00:00
Valid Interval: 13:00:00-16:00:00
Valid days of month: 1, 2, 3, 4, 5, 6, 7, 8, 9, 10, 11, 12, 13, 14, 15, 16, 17, 18, 19, 20, 21, 22, 23, 24, 25, 26, 27, 28, 29, 30, 31
Valid weekdays: Saturday, Sunday
When: 14:00:00
Current Time: 2007-01-01 12:00:00
Valid Interval: 13:00:00-16:00:00
Valid days of month: 1, 2, 3, 4, 5, 6, 7, 8, 9, 10, 11, 12, 13, 14, 15, 16, 17, 18, 19, 20, 21, 22, 23, 24, 25, 26, 27, 28, 29, 30, 31
Valid weekdays: Saturday, Sunday
When: 14:00:00
Current Time: 2007-01-02 13:30:00
Valid Interval: 13:00:00-16:00:00
Valid days of month: 1, 2, 3, 4, 5, 6, 7, 8, 9, 10, 11, 12, 13, 14, 15, 16, 17, 18, 19, 20, 21, 22, 23, 24, 25, 26, 27, 28, 29, 30, 31
Valid weekdays: Saturday, Sunday
When: 14:00:00
Current Time: 2007-01-06 13:30:00
Valid Interval: 13:00:00-16:00:00
Valid days of month: 1, 2, 3, 4, 5, 6, 7, 8, 9, 10, 11, 12, 13, 14, 15, 16, 17, 18, 19, 20, 21, 22, 23, 24, 25, 26, 27, 28, 29, 30, 31
Valid weekdays: Saturday, Sunday
When: 14:00:00
Current Time: 2007-01-06 14:30:00
Valid Interval: 13:00:00-16:00:00
Valid days of month: 1, 2, 3, 4, 5, 6, 7, 8, 9, 10, 11, 12, 13, 14, 15, 16, 17, 18, 19, 20, 21, 22, 23, 24, 25, 26, 27, 28, 29, 30, 31
Valid weekdays: Saturday, Sunday
When: 14:00:00
Current Time: 2007-01-06 16:30:00
Valid Interval: 13:00:00-16:00:00
Valid days of month: 1, 2, 3, 4, 5, 6, 7, 8, 9, 10, 11, 12, 13, 14, 15, 16, 17, 18, 19, 20, 21, 22, 23, 24, 25, 26, 27, 28, 29, 30, 31
Valid weekdays: Saturday, Sunday
When: 14:00:00
Current Time: 2007-01-07 16:00:00
Valid Interval: 23:00:00-02:00:00
Valid days of month: 1, 2, 3, 4, 5, 6, 7, 8, 9, 10, 11, 12, 13, 14, 15, 16, 17, 18, 19, 20, 21, 22, 23, 24, 25, 26, 27, 28, 29, 30, 31
Valid weekdays: Saturday, Sunday
When: 01:00:00
Current Time: 2007-01-01 12:00:00
Valid Interval: 23:00:00-02:00:00
Valid days of month: 1, 2, 3, 4, 5, 6, 7, 8, 9, 10, 11, 12, 13, 14, 15, 16, 17, 18, 19, 20, 21, 22, 23, 24, 25, 26, 27, 28, 29, 30, 31
Valid weekdays: Saturday, Sunday
When: 01:00:00
Current Time: 2007-01-02 01:00:00
Valid Interval: 23:00:00-02:00:00
Valid days of month: 1, 2, 3, 4, 5, 6, 7, 8, 9, 10, 11, 12, 13, 14, 15, 16, 17, 18, 19, 20, 21, 22, 23, 24, 25, 26, 27, 28, 29, 30, 31
Valid weekdays: Saturday, Sunday
When: 01:00:00
Current Time: 2007-01-06 00:30:00
Valid Interval: 23:00:00-02:00:00
Valid days of month: 1, 2, 3, 4, 5, 6, 7, 8, 9, 10, 11, 12, 13, 14, 15, 16, 17, 18, 19, 20, 21, 22, 23, 24, 25, 26, 27, 28, 29, 30, 31
Valid weekdays: Saturday, Sunday
When: 01:00:00
Current Time: 2007-01-06 02:30:00
Valid Interval: 23:00:00-02:00:00
Valid days of month: 1, 2, 3, 4, 5, 6, 7, 8, 9, 10, 11, 12, 13, 14, 15, 16, 17, 18, 19, 20, 21, 22, 23, 24, 25, 26, 27, 28, 29, 30, 31
Valid weekdays: Saturday, Sunday
When: 23:30:00
Current Time: 2007-01-01 12:00:00
Valid Interval: 23:00:00-02:00:00
Valid days of month: 1, 2, 3, 4, 5, 6, 7, 8, 9, 10, 11, 12, 13, 14, 15, 16, 17, 18, 19, 20, 21, 22, 23, 24, 25, 26, 27, 28, 29, 30, 31
Valid weekdays: Saturday, Sunday
When: 23:30:00
Current Time: 2007-01-05 23:30:00
Valid Interval: 23:00:00-02:00:00
Valid days of month: 1, 2, 3, 4, 5, 6, 7, 8, 9, 10, 11, 12, 13, 14, 15, 16, 17, 18, 19, 20, 21, 22, 23, 24, 25, 26, 27, 28, 29, 30, 31
Valid weekdays: Saturday, Sunday
When: 23:30:00
Current Time: 2007-01-06 23:00:00
Valid Interval: 23:00:00-02:00:00
Valid days of month: 1, 2, 3, 4, 5, 6, 7, 8, 9, 10, 11, 12, 13, 14, 15, 16, 17, 18, 19, 20, 21, 22, 23, 24, 25, 26, 27, 28, 29, 30, 31
Valid weekdays: Saturday, Sunday
When: 23:30:00
Current Time: 2007-01-06 02:00:00
Valid Interval: 23:00:00-02:00:00
Valid days of month: 1, 2, 3, 4, 5, 6, 7, 8, 9, 10, 11, 12, 13, 14, 15, 16, 17, 18, 19, 20, 21, 22, 23, 24, 25, 26, 27, 28, 29, 30, 31
Valid weekdays: Saturday, Sunday
When: 23:30:00
Current Time: 2007-01-07 23:40:00
Valid Interval: 23:00:00-02:00:00
Valid days of month: 1, 2, 3, 4, 5, 6, 7, 8, 9, 10, 11, 12, 13, 14, 15, 16, 17, 18, 19, 20, 21, 22, 23, 24, 25, 26, 27, 28, 29, 30, 31
Valid weekdays: Saturday, Sunday
When: 23:30:00
Current Time: 2007-01-07 01:00:00
Valid Interval: 13:00:00-16:00:00
Valid days of month: 1, 2, 3, 4, 5, 6, 7, 8, 9, 10, 11, 12, 13, 14, 15, 16, 17, 18, 19, 20, 21, 22, 23, 24, 25, 26, 27, 28, 29, 30, 31
Valid weekdays: Saturday, Sunday
When: 14:00:00
Current Time: 2007-01-06 14:30:00
Valid Interval: 13:00:00-16:00:00
Valid days of month: 1, 2, 3, 4, 5, 6, 7, 8, 9, 10, 11, 12, 13, 14, 15, 16, 17, 18, 19, 20, 21, 22, 23, 24, 25, 26, 27, 28, 29, 30, 31
Valid weekdays: Saturday, Sunday
When: 14:00:00
Current Time: 2007-01-07 15:00:00
Valid Interval: 23:00:00-02:00:00
Valid days of month: 1, 2, 3, 4, 5, 6, 7, 8, 9, 10, 11, 12, 13, 14, 15, 16, 17, 18, 19, 20, 21, 22, 23, 24, 25, 26, 27, 28, 29, 30, 31
Valid weekdays: Saturday, Sunday
When: 01:00:00
Current Time: 2007-01-06 01:30:00
Valid Interval: 23:00:00-02:00:00
Valid days of month: 1, 2, 3, 4, 5, 6, 7, 8, 9, 10, 11, 12, 13, 14, 15, 16, 17, 18, 19, 20, 21, 22, 23, 24, 25, 26, 27, 28, 29, 30, 31
Valid weekdays: Saturday, Sunday
When: 01:00:00
Current Time: 2007-01-07 01:30:00
Valid Interval: 23:00:00-02:00:00
Valid days of month: 1, 2, 3, 4, 5, 6, 7, 8, 9, 10, 11, 12, 13, 14, 15, 16, 17, 18, 19, 20, 21, 22, 23, 24, 25, 26, 27, 28, 29, 30, 31
Valid weekdays: Saturday, Sunday
When: 23:30:00
Current Time: 2007-01-06 23:02:00
Valid Interval: 23:00:00-02:00:00
Valid days of month: 1, 2, 3, 4, 5, 6, 7, 8, 9, 10, 11, 12, 13, 14, 15, 16, 17, 18, 19, 20, 21, 22, 23, 24, 25, 26, 27, 28, 29, 30, 31
Valid weekdays: Saturday, Sunday
When: 23:30:00
Current Time: 2007-01-06 01:10:00
Valid Interval: 23:00:00-02:00:00
Valid days of month: 1, 2, 3, 4, 5, 6, 7, 8, 9, 10, 11, 12, 13, 14, 15, 16, 17, 18, 19, 20, 21, 22, 23, 24, 25, 26, 27, 28, 29, 30, 31
Valid weekdays: Saturday, Sunday
When: 23:30:00
Current Time: 2007-01-07 01:00:40
Valid Interval: 23:00:00-02:00:00
Valid days of month: 2
Valid weekdays: Saturday, Sunday
When: 23:30:00
Current Time: 2007-01-01 12:00:00
Valid Interval: 23:00:00-02:00:00
Valid days of month: 1, 2
Valid weekdays: Saturday, Sunday
When: 23:30:00
Current Time: 2007-01-05 23:30:00
Valid Interval: 23:00:00-02:00:00
Valid days of month: 1, 2
Valid weekdays: Saturday, Sunday
When: 23:30:00
Current Time: 2007-01-06 23:00:00</StdOut>
      </Output>
    </UnitTestResult>
    <UnitTestResult executionId="18c80fe8-866b-4f4d-be10-ff3d0372ec43" testId="816cc72f-3653-4286-b3b1-2aa77e651df2" testName="GetNextTimeToTrigger_AbsoluteTimer_ReturnsCorrectTime (Data Row 61)" computerName="ICSWS068" duration="00:00:00.0040969" startTime="2016-08-04T07:57:22.8774324+02:00" endTime="2016-08-04T07:57:22.8814353+02:00" testType="13cdc9d9-ddb5-4fa4-a97d-d965ccfc6d4b" outcome="Passed" testListId="8c84fa94-04c1-424b-9868-57a2d4851a1d" relativeResultsDirectory="18c80fe8-866b-4f4d-be10-ff3d0372ec43">
      <Output>
        <StdOut>TestContext Messages:
Valid Interval: 11:00:00-13:00:00
Valid days of month: 1, 2, 3, 4, 5, 6, 7, 8, 9, 10, 11, 12, 13, 14, 15, 16, 17, 18, 19, 20, 21, 22, 23, 24, 25, 26, 27, 28, 29, 30, 31
Valid weekdays: Monday, Tuesday, Wednesday, Thursday, Friday, Saturday, Sunday
When: 12:00:00
Current Time: 2011-01-01 00:00:00
Valid Interval: 11:00:00-13:00:00
Valid days of month: 1, 2, 3, 4, 5, 6, 7, 8, 9, 10, 11, 12, 13, 14, 15, 16, 17, 18, 19, 20, 21, 22, 23, 24, 25, 26, 27, 28, 29, 30, 31
Valid weekdays: Monday, Tuesday, Wednesday, Thursday, Friday, Saturday, Sunday
When: 12:00:00
Current Time: 2011-01-01 09:00:00
Valid Interval: 11:00:00-13:00:00
Valid days of month: 1, 2, 3, 4, 5, 6, 7, 8, 9, 10, 11, 12, 13, 14, 15, 16, 17, 18, 19, 20, 21, 22, 23, 24, 25, 26, 27, 28, 29, 30, 31
Valid weekdays: Monday, Tuesday, Wednesday, Thursday, Friday, Saturday, Sunday
When: 12:00:00
Current Time: 2011-01-01 11:00:00
Valid Interval: 11:00:00-13:00:00
Valid days of month: 1, 2, 3, 4, 5, 6, 7, 8, 9, 10, 11, 12, 13, 14, 15, 16, 17, 18, 19, 20, 21, 22, 23, 24, 25, 26, 27, 28, 29, 30, 31
Valid weekdays: Monday, Tuesday, Wednesday, Thursday, Friday, Saturday, Sunday
When: 12:00:00
Current Time: 2011-01-01 12:00:00
Valid Interval: 11:00:00-13:00:00
Valid days of month: 1, 2, 3, 4, 5, 6, 7, 8, 9, 10, 11, 12, 13, 14, 15, 16, 17, 18, 19, 20, 21, 22, 23, 24, 25, 26, 27, 28, 29, 30, 31
Valid weekdays: Monday, Tuesday, Wednesday, Thursday, Friday, Saturday, Sunday
When: 12:00:00
Current Time: 2011-01-01 12:30:00
Valid Interval: 11:00:00-13:00:00
Valid days of month: 1, 2, 3, 4, 5, 6, 7, 8, 9, 10, 11, 12, 13, 14, 15, 16, 17, 18, 19, 20, 21, 22, 23, 24, 25, 26, 27, 28, 29, 30, 31
Valid weekdays: Monday, Tuesday, Wednesday, Thursday, Friday, Saturday, Sunday
When: 12:00:00
Current Time: 2011-01-01 13:00:00
Valid Interval: 11:00:00-13:00:00
Valid days of month: 1, 2, 3, 4, 5, 6, 7, 8, 9, 10, 11, 12, 13, 14, 15, 16, 17, 18, 19, 20, 21, 22, 23, 24, 25, 26, 27, 28, 29, 30, 31
Valid weekdays: Monday, Tuesday, Wednesday, Thursday, Friday, Saturday, Sunday
When: 12:00:00
Current Time: 2011-01-02 00:00:00
Valid Interval: 11:00:00-13:00:00
Valid days of month: 1, 2, 3, 4, 5, 6, 7, 8, 9, 10, 11, 12, 13, 14, 15, 16, 17, 18, 19, 20, 21, 22, 23, 24, 25, 26, 27, 28, 29, 30, 31
Valid weekdays: Monday, Tuesday, Wednesday, Thursday, Friday, Saturday, Sunday
When: 12:00:00
Current Time: 2011-01-02 09:00:00
Valid Interval: 11:00:00-13:00:00
Valid days of month: 1, 2, 3, 4, 5, 6, 7, 8, 9, 10, 11, 12, 13, 14, 15, 16, 17, 18, 19, 20, 21, 22, 23, 24, 25, 26, 27, 28, 29, 30, 31
Valid weekdays: Monday, Tuesday, Wednesday, Thursday, Friday, Saturday, Sunday
When: 12:00:00
Current Time: 2011-01-02 12:00:00
Valid Interval: 11:00:00-13:00:00
Valid days of month: 1, 2, 3, 4, 5, 6, 7, 8, 9, 10, 11, 12, 13, 14, 15, 16, 17, 18, 19, 20, 21, 22, 23, 24, 25, 26, 27, 28, 29, 30, 31
Valid weekdays: Monday, Tuesday, Wednesday, Thursday, Friday, Saturday, Sunday
When: 12:00:00
Current Time: 2011-01-02 12:45:30
Valid Interval: 11:00:00-13:00:00
Valid days of month: 1, 2, 3, 4, 5, 6, 7, 8, 9, 10, 11, 12, 13, 14, 15, 16, 17, 18, 19, 20, 21, 22, 23, 24, 25, 26, 27, 28, 29, 30, 31
Valid weekdays: Monday, Tuesday, Wednesday, Thursday, Friday, Saturday, Sunday
When: 12:00:00
Current Time: 2011-01-02 13:00:00
Valid Interval: 11:00:00-13:00:00
Valid days of month: 1, 2, 3, 4, 5, 6, 7, 8, 9, 10, 11, 12, 13, 14, 15, 16, 17, 18, 19, 20, 21, 22, 23, 24, 25, 26, 27, 28, 29, 30, 31
Valid weekdays: Monday, Tuesday, Wednesday, Thursday, Friday, Saturday, Sunday
When: 12:00:00
Current Time: 2011-01-01 12:00:00
Valid Interval: 11:00:00-13:00:00
Valid days of month: 1, 2, 3, 4, 5, 6, 7, 8, 9, 10, 11, 12, 13, 14, 15, 16, 17, 18, 19, 20, 21, 22, 23, 24, 25, 26, 27, 28, 29, 30, 31
Valid weekdays: Monday, Tuesday, Wednesday, Thursday, Friday, Saturday, Sunday
When: 12:00:00
Current Time: 2011-01-01 12:30:00
Valid Interval: 11:00:00-13:00:00
Valid days of month: 1, 2, 3, 4, 5, 6, 7, 8, 9, 10, 11, 12, 13, 14, 15, 16, 17, 18, 19, 20, 21, 22, 23, 24, 25, 26, 27, 28, 29, 30, 31
Valid weekdays: Monday, Tuesday, Wednesday, Thursday, Friday, Saturday, Sunday
When: 12:00:00
Current Time: 2011-01-01 12:30:00
Valid Interval: 11:00:00-13:00:00
Valid days of month: 1, 2, 3, 4, 5, 6, 7, 8, 9, 10, 11, 12, 13, 14, 15, 16, 17, 18, 19, 20, 21, 22, 23, 24, 25, 26, 27, 28, 29, 30, 31
Valid weekdays: Monday, Tuesday, Wednesday, Thursday, Friday, Saturday, Sunday
When: 12:00:00
Current Time: 2011-01-01 13:00:00
Valid Interval: 11:00:00-13:00:00
Valid days of month: 1, 2, 3, 4, 5, 6, 7, 8, 9, 10, 11, 12, 13, 14, 15, 16, 17, 18, 19, 20, 21, 22, 23, 24, 25, 26, 27, 28, 29, 30, 31
Valid weekdays: Monday, Tuesday, Wednesday, Thursday, Friday, Saturday, Sunday
When: 12:00:00
Current Time: 2011-01-01 14:30:00
Valid Interval: 23:00:00-13:00:00
Valid days of month: 1, 2, 3, 4, 5, 6, 7, 8, 9, 10, 11, 12, 13, 14, 15, 16, 17, 18, 19, 20, 21, 22, 23, 24, 25, 26, 27, 28, 29, 30, 31
Valid weekdays: Monday, Tuesday, Wednesday, Thursday, Friday, Saturday, Sunday
When: 23:30:00
Current Time: 2011-01-01 16:00:00
Valid Interval: 23:00:00-13:00:00
Valid days of month: 1, 2, 3, 4, 5, 6, 7, 8, 9, 10, 11, 12, 13, 14, 15, 16, 17, 18, 19, 20, 21, 22, 23, 24, 25, 26, 27, 28, 29, 30, 31
Valid weekdays: Monday, Tuesday, Wednesday, Thursday, Friday, Saturday, Sunday
When: 23:30:00
Current Time: 2011-01-01 23:00:00
Valid Interval: 23:00:00-13:00:00
Valid days of month: 1, 2, 3, 4, 5, 6, 7, 8, 9, 10, 11, 12, 13, 14, 15, 16, 17, 18, 19, 20, 21, 22, 23, 24, 25, 26, 27, 28, 29, 30, 31
Valid weekdays: Monday, Tuesday, Wednesday, Thursday, Friday, Saturday, Sunday
When: 23:30:00
Current Time: 2011-01-01 23:30:00
Valid Interval: 23:00:00-13:00:00
Valid days of month: 1, 2, 3, 4, 5, 6, 7, 8, 9, 10, 11, 12, 13, 14, 15, 16, 17, 18, 19, 20, 21, 22, 23, 24, 25, 26, 27, 28, 29, 30, 31
Valid weekdays: Monday, Tuesday, Wednesday, Thursday, Friday, Saturday, Sunday
When: 23:30:00
Current Time: 2011-01-01 23:45:00
Valid Interval: 23:00:00-13:00:00
Valid days of month: 1, 2, 3, 4, 5, 6, 7, 8, 9, 10, 11, 12, 13, 14, 15, 16, 17, 18, 19, 20, 21, 22, 23, 24, 25, 26, 27, 28, 29, 30, 31
Valid weekdays: Monday, Tuesday, Wednesday, Thursday, Friday, Saturday, Sunday
When: 23:30:00
Current Time: 2011-01-02 00:30:00
Valid Interval: 23:00:00-13:00:00
Valid days of month: 1, 2, 3, 4, 5, 6, 7, 8, 9, 10, 11, 12, 13, 14, 15, 16, 17, 18, 19, 20, 21, 22, 23, 24, 25, 26, 27, 28, 29, 30, 31
Valid weekdays: Monday, Tuesday, Wednesday, Thursday, Friday, Saturday, Sunday
When: 23:30:00
Current Time: 2011-01-01 13:00:00
Valid Interval: 23:00:00-13:00:00
Valid days of month: 1, 2, 3, 4, 5, 6, 7, 8, 9, 10, 11, 12, 13, 14, 15, 16, 17, 18, 19, 20, 21, 22, 23, 24, 25, 26, 27, 28, 29, 30, 31
Valid weekdays: Monday, Tuesday, Wednesday, Thursday, Friday, Saturday, Sunday
When: 01:00:00
Current Time: 2011-01-01 16:00:00
Valid Interval: 23:00:00-13:00:00
Valid days of month: 1, 2, 3, 4, 5, 6, 7, 8, 9, 10, 11, 12, 13, 14, 15, 16, 17, 18, 19, 20, 21, 22, 23, 24, 25, 26, 27, 28, 29, 30, 31
Valid weekdays: Monday, Tuesday, Wednesday, Thursday, Friday, Saturday, Sunday
When: 01:00:00
Current Time: 2011-01-01 23:00:00
Valid Interval: 23:00:00-13:00:00
Valid days of month: 1, 2, 3, 4, 5, 6, 7, 8, 9, 10, 11, 12, 13, 14, 15, 16, 17, 18, 19, 20, 21, 22, 23, 24, 25, 26, 27, 28, 29, 30, 31
Valid weekdays: Monday, Tuesday, Wednesday, Thursday, Friday, Saturday, Sunday
When: 01:00:00
Current Time: 2011-01-01 23:30:00
Valid Interval: 23:00:00-13:00:00
Valid days of month: 1, 2, 3, 4, 5, 6, 7, 8, 9, 10, 11, 12, 13, 14, 15, 16, 17, 18, 19, 20, 21, 22, 23, 24, 25, 26, 27, 28, 29, 30, 31
Valid weekdays: Monday, Tuesday, Wednesday, Thursday, Friday, Saturday, Sunday
When: 01:00:00
Current Time: 2011-01-02 00:30:00
Valid Interval: 23:00:00-13:00:00
Valid days of month: 1, 2, 3, 4, 5, 6, 7, 8, 9, 10, 11, 12, 13, 14, 15, 16, 17, 18, 19, 20, 21, 22, 23, 24, 25, 26, 27, 28, 29, 30, 31
Valid weekdays: Monday, Tuesday, Wednesday, Thursday, Friday, Saturday, Sunday
When: 01:00:00
Current Time: 2011-01-01 02:00:00
Valid Interval: 23:00:00-13:00:00
Valid days of month: 1, 2, 3, 4, 5, 6, 7, 8, 9, 10, 11, 12, 13, 14, 15, 16, 17, 18, 19, 20, 21, 22, 23, 24, 25, 26, 27, 28, 29, 30, 31
Valid weekdays: Monday, Tuesday, Wednesday, Thursday, Friday, Saturday, Sunday
When: 01:00:00
Current Time: 2011-01-01 13:00:00
Valid Interval: 23:00:00-13:00:00
Valid days of month: 1, 2, 3, 4, 5, 6, 7, 8, 9, 10, 11, 12, 13, 14, 15, 16, 17, 18, 19, 20, 21, 22, 23, 24, 25, 26, 27, 28, 29, 30, 31
Valid weekdays: Monday, Tuesday, Wednesday, Thursday, Friday, Saturday, Sunday
When: 23:30:00
Current Time: 2011-01-01 16:00:00
Valid Interval: 23:00:00-13:00:00
Valid days of month: 1, 2, 3, 4, 5, 6, 7, 8, 9, 10, 11, 12, 13, 14, 15, 16, 17, 18, 19, 20, 21, 22, 23, 24, 25, 26, 27, 28, 29, 30, 31
Valid weekdays: Monday, Tuesday, Wednesday, Thursday, Friday, Saturday, Sunday
When: 23:30:00
Current Time: 2011-01-01 23:00:00
Valid Interval: 23:00:00-13:00:00
Valid days of month: 1, 2, 3, 4, 5, 6, 7, 8, 9, 10, 11, 12, 13, 14, 15, 16, 17, 18, 19, 20, 21, 22, 23, 24, 25, 26, 27, 28, 29, 30, 31
Valid weekdays: Monday, Tuesday, Wednesday, Thursday, Friday, Saturday, Sunday
When: 23:30:00
Current Time: 2011-01-01 23:30:00
Valid Interval: 23:00:00-13:00:00
Valid days of month: 1, 2, 3, 4, 5, 6, 7, 8, 9, 10, 11, 12, 13, 14, 15, 16, 17, 18, 19, 20, 21, 22, 23, 24, 25, 26, 27, 28, 29, 30, 31
Valid weekdays: Monday, Tuesday, Wednesday, Thursday, Friday, Saturday, Sunday
When: 23:30:00
Current Time: 2011-01-01 23:45:00
Valid Interval: 23:00:00-13:00:00
Valid days of month: 1, 2, 3, 4, 5, 6, 7, 8, 9, 10, 11, 12, 13, 14, 15, 16, 17, 18, 19, 20, 21, 22, 23, 24, 25, 26, 27, 28, 29, 30, 31
Valid weekdays: Monday, Tuesday, Wednesday, Thursday, Friday, Saturday, Sunday
When: 23:30:00
Current Time: 2011-01-02 00:30:00
Valid Interval: 23:00:00-13:00:00
Valid days of month: 1, 2, 3, 4, 5, 6, 7, 8, 9, 10, 11, 12, 13, 14, 15, 16, 17, 18, 19, 20, 21, 22, 23, 24, 25, 26, 27, 28, 29, 30, 31
Valid weekdays: Monday, Tuesday, Wednesday, Thursday, Friday, Saturday, Sunday
When: 23:30:00
Current Time: 2011-01-01 13:00:00
Valid Interval: 23:00:00-13:00:00
Valid days of month: 1, 2, 3, 4, 5, 6, 7, 8, 9, 10, 11, 12, 13, 14, 15, 16, 17, 18, 19, 20, 21, 22, 23, 24, 25, 26, 27, 28, 29, 30, 31
Valid weekdays: Monday, Tuesday, Wednesday, Thursday, Friday, Saturday, Sunday
When: 01:00:00
Current Time: 2011-01-01 16:00:00
Valid Interval: 23:00:00-13:00:00
Valid days of month: 1, 2, 3, 4, 5, 6, 7, 8, 9, 10, 11, 12, 13, 14, 15, 16, 17, 18, 19, 20, 21, 22, 23, 24, 25, 26, 27, 28, 29, 30, 31
Valid weekdays: Monday, Tuesday, Wednesday, Thursday, Friday, Saturday, Sunday
When: 01:00:00
Current Time: 2011-01-01 23:00:00
Valid Interval: 23:00:00-13:00:00
Valid days of month: 1, 2, 3, 4, 5, 6, 7, 8, 9, 10, 11, 12, 13, 14, 15, 16, 17, 18, 19, 20, 21, 22, 23, 24, 25, 26, 27, 28, 29, 30, 31
Valid weekdays: Monday, Tuesday, Wednesday, Thursday, Friday, Saturday, Sunday
When: 01:00:00
Current Time: 2011-01-01 23:30:00
Valid Interval: 23:00:00-13:00:00
Valid days of month: 1, 2, 3, 4, 5, 6, 7, 8, 9, 10, 11, 12, 13, 14, 15, 16, 17, 18, 19, 20, 21, 22, 23, 24, 25, 26, 27, 28, 29, 30, 31
Valid weekdays: Monday, Tuesday, Wednesday, Thursday, Friday, Saturday, Sunday
When: 01:00:00
Current Time: 2011-01-02 00:30:00
Valid Interval: 23:00:00-13:00:00
Valid days of month: 1, 2, 3, 4, 5, 6, 7, 8, 9, 10, 11, 12, 13, 14, 15, 16, 17, 18, 19, 20, 21, 22, 23, 24, 25, 26, 27, 28, 29, 30, 31
Valid weekdays: Monday, Tuesday, Wednesday, Thursday, Friday, Saturday, Sunday
When: 01:00:00
Current Time: 2011-01-02 02:00:00
Valid Interval: 23:00:00-13:00:00
Valid days of month: 1, 2, 3, 4, 5, 6, 7, 8, 9, 10, 11, 12, 13, 14, 15, 16, 17, 18, 19, 20, 21, 22, 23, 24, 25, 26, 27, 28, 29, 30, 31
Valid weekdays: Monday, Tuesday, Wednesday, Thursday, Friday, Saturday, Sunday
When: 01:00:00
Current Time: 2011-01-02 13:00:00
Valid Interval: 23:00:00-13:00:00
Valid days of month: 1, 2, 3, 4, 5, 6, 7, 8, 9, 10, 11, 12, 13, 14, 15, 16, 17, 18, 19, 20, 21, 22, 23, 24, 25, 26, 27, 28, 29, 30, 31
Valid weekdays: Monday, Tuesday, Wednesday, Thursday, Friday, Saturday, Sunday
When: 23:30:00
Current Time: 2011-01-01 23:30:05
Valid Interval: 23:00:00-13:00:00
Valid days of month: 1, 2, 3, 4, 5, 6, 7, 8, 9, 10, 11, 12, 13, 14, 15, 16, 17, 18, 19, 20, 21, 22, 23, 24, 25, 26, 27, 28, 29, 30, 31
Valid weekdays: Monday, Tuesday, Wednesday, Thursday, Friday, Saturday, Sunday
When: 23:30:00
Current Time: 2011-01-02 00:30:00
Valid Interval: 23:00:00-13:00:00
Valid days of month: 1, 2, 3, 4, 5, 6, 7, 8, 9, 10, 11, 12, 13, 14, 15, 16, 17, 18, 19, 20, 21, 22, 23, 24, 25, 26, 27, 28, 29, 30, 31
Valid weekdays: Monday, Tuesday, Wednesday, Thursday, Friday, Saturday, Sunday
When: 23:30:00
Current Time: 2011-01-02 13:00:00
Valid Interval: 23:00:00-13:00:00
Valid days of month: 1, 2, 3, 4, 5, 6, 7, 8, 9, 10, 11, 12, 13, 14, 15, 16, 17, 18, 19, 20, 21, 22, 23, 24, 25, 26, 27, 28, 29, 30, 31
Valid weekdays: Monday, Tuesday, Wednesday, Thursday, Friday, Saturday, Sunday
When: 01:00:00
Current Time: 2011-01-01 02:00:00
Valid Interval: 23:00:00-13:00:00
Valid days of month: 1, 2, 3, 4, 5, 6, 7, 8, 9, 10, 11, 12, 13, 14, 15, 16, 17, 18, 19, 20, 21, 22, 23, 24, 25, 26, 27, 28, 29, 30, 31
Valid weekdays: Monday, Tuesday, Wednesday, Thursday, Friday, Saturday, Sunday
When: 01:00:00
Current Time: 2011-01-02 02:00:00
Valid Interval: 13:00:00-16:00:00
Valid days of month: 1, 2, 3, 4, 5, 6, 7, 8, 9, 10, 11, 12, 13, 14, 15, 16, 17, 18, 19, 20, 21, 22, 23, 24, 25, 26, 27, 28, 29, 30, 31
Valid weekdays: Saturday, Sunday
When: 14:00:00
Current Time: 2007-01-01 12:00:00
Valid Interval: 13:00:00-16:00:00
Valid days of month: 1, 2, 3, 4, 5, 6, 7, 8, 9, 10, 11, 12, 13, 14, 15, 16, 17, 18, 19, 20, 21, 22, 23, 24, 25, 26, 27, 28, 29, 30, 31
Valid weekdays: Saturday, Sunday
When: 14:00:00
Current Time: 2007-01-02 13:30:00
Valid Interval: 13:00:00-16:00:00
Valid days of month: 1, 2, 3, 4, 5, 6, 7, 8, 9, 10, 11, 12, 13, 14, 15, 16, 17, 18, 19, 20, 21, 22, 23, 24, 25, 26, 27, 28, 29, 30, 31
Valid weekdays: Saturday, Sunday
When: 14:00:00
Current Time: 2007-01-06 13:30:00
Valid Interval: 13:00:00-16:00:00
Valid days of month: 1, 2, 3, 4, 5, 6, 7, 8, 9, 10, 11, 12, 13, 14, 15, 16, 17, 18, 19, 20, 21, 22, 23, 24, 25, 26, 27, 28, 29, 30, 31
Valid weekdays: Saturday, Sunday
When: 14:00:00
Current Time: 2007-01-06 14:30:00
Valid Interval: 13:00:00-16:00:00
Valid days of month: 1, 2, 3, 4, 5, 6, 7, 8, 9, 10, 11, 12, 13, 14, 15, 16, 17, 18, 19, 20, 21, 22, 23, 24, 25, 26, 27, 28, 29, 30, 31
Valid weekdays: Saturday, Sunday
When: 14:00:00
Current Time: 2007-01-06 16:30:00
Valid Interval: 13:00:00-16:00:00
Valid days of month: 1, 2, 3, 4, 5, 6, 7, 8, 9, 10, 11, 12, 13, 14, 15, 16, 17, 18, 19, 20, 21, 22, 23, 24, 25, 26, 27, 28, 29, 30, 31
Valid weekdays: Saturday, Sunday
When: 14:00:00
Current Time: 2007-01-07 16:00:00
Valid Interval: 23:00:00-02:00:00
Valid days of month: 1, 2, 3, 4, 5, 6, 7, 8, 9, 10, 11, 12, 13, 14, 15, 16, 17, 18, 19, 20, 21, 22, 23, 24, 25, 26, 27, 28, 29, 30, 31
Valid weekdays: Saturday, Sunday
When: 01:00:00
Current Time: 2007-01-01 12:00:00
Valid Interval: 23:00:00-02:00:00
Valid days of month: 1, 2, 3, 4, 5, 6, 7, 8, 9, 10, 11, 12, 13, 14, 15, 16, 17, 18, 19, 20, 21, 22, 23, 24, 25, 26, 27, 28, 29, 30, 31
Valid weekdays: Saturday, Sunday
When: 01:00:00
Current Time: 2007-01-02 01:00:00
Valid Interval: 23:00:00-02:00:00
Valid days of month: 1, 2, 3, 4, 5, 6, 7, 8, 9, 10, 11, 12, 13, 14, 15, 16, 17, 18, 19, 20, 21, 22, 23, 24, 25, 26, 27, 28, 29, 30, 31
Valid weekdays: Saturday, Sunday
When: 01:00:00
Current Time: 2007-01-06 00:30:00
Valid Interval: 23:00:00-02:00:00
Valid days of month: 1, 2, 3, 4, 5, 6, 7, 8, 9, 10, 11, 12, 13, 14, 15, 16, 17, 18, 19, 20, 21, 22, 23, 24, 25, 26, 27, 28, 29, 30, 31
Valid weekdays: Saturday, Sunday
When: 01:00:00
Current Time: 2007-01-06 01:30:00
Valid Interval: 23:00:00-02:00:00
Valid days of month: 1, 2, 3, 4, 5, 6, 7, 8, 9, 10, 11, 12, 13, 14, 15, 16, 17, 18, 19, 20, 21, 22, 23, 24, 25, 26, 27, 28, 29, 30, 31
Valid weekdays: Saturday, Sunday
When: 01:00:00
Current Time: 2007-01-06 02:30:00
Valid Interval: 23:00:00-02:00:00
Valid days of month: 1, 2, 3, 4, 5, 6, 7, 8, 9, 10, 11, 12, 13, 14, 15, 16, 17, 18, 19, 20, 21, 22, 23, 24, 25, 26, 27, 28, 29, 30, 31
Valid weekdays: Saturday, Sunday
When: 01:00:00
Current Time: 2007-01-07 02:00:00
Valid Interval: 23:00:00-02:00:00
Valid days of month: 1, 2, 3, 4, 5, 6, 7, 8, 9, 10, 11, 12, 13, 14, 15, 16, 17, 18, 19, 20, 21, 22, 23, 24, 25, 26, 27, 28, 29, 30, 31
Valid weekdays: Saturday, Sunday
When: 23:30:00
Current Time: 2007-01-01 12:00:00
Valid Interval: 23:00:00-02:00:00
Valid days of month: 1, 2, 3, 4, 5, 6, 7, 8, 9, 10, 11, 12, 13, 14, 15, 16, 17, 18, 19, 20, 21, 22, 23, 24, 25, 26, 27, 28, 29, 30, 31
Valid weekdays: Saturday, Sunday
When: 23:30:00
Current Time: 2007-01-05 23:30:00
Valid Interval: 23:00:00-02:00:00
Valid days of month: 1, 2, 3, 4, 5, 6, 7, 8, 9, 10, 11, 12, 13, 14, 15, 16, 17, 18, 19, 20, 21, 22, 23, 24, 25, 26, 27, 28, 29, 30, 31
Valid weekdays: Saturday, Sunday
When: 23:30:00
Current Time: 2007-01-06 23:00:00
Valid Interval: 23:00:00-02:00:00
Valid days of month: 1, 2, 3, 4, 5, 6, 7, 8, 9, 10, 11, 12, 13, 14, 15, 16, 17, 18, 19, 20, 21, 22, 23, 24, 25, 26, 27, 28, 29, 30, 31
Valid weekdays: Saturday, Sunday
When: 23:30:00
Current Time: 2007-01-06 02:00:00
Valid Interval: 23:00:00-02:00:00
Valid days of month: 1, 2, 3, 4, 5, 6, 7, 8, 9, 10, 11, 12, 13, 14, 15, 16, 17, 18, 19, 20, 21, 22, 23, 24, 25, 26, 27, 28, 29, 30, 31
Valid weekdays: Saturday, Sunday
When: 23:30:00
Current Time: 2007-01-07 23:40:00
Valid Interval: 23:00:00-02:00:00
Valid days of month: 1, 2, 3, 4, 5, 6, 7, 8, 9, 10, 11, 12, 13, 14, 15, 16, 17, 18, 19, 20, 21, 22, 23, 24, 25, 26, 27, 28, 29, 30, 31
Valid weekdays: Saturday, Sunday
When: 23:30:00
Current Time: 2007-01-07 01:00:00
Valid Interval: 13:00:00-16:00:00
Valid days of month: 1, 2, 3, 4, 5, 6, 7, 8, 9, 10, 11, 12, 13, 14, 15, 16, 17, 18, 19, 20, 21, 22, 23, 24, 25, 26, 27, 28, 29, 30, 31
Valid weekdays: Saturday, Sunday
When: 14:00:00
Current Time: 2007-01-01 12:00:00
Valid Interval: 13:00:00-16:00:00
Valid days of month: 1, 2, 3, 4, 5, 6, 7, 8, 9, 10, 11, 12, 13, 14, 15, 16, 17, 18, 19, 20, 21, 22, 23, 24, 25, 26, 27, 28, 29, 30, 31
Valid weekdays: Saturday, Sunday
When: 14:00:00
Current Time: 2007-01-02 13:30:00
Valid Interval: 13:00:00-16:00:00
Valid days of month: 1, 2, 3, 4, 5, 6, 7, 8, 9, 10, 11, 12, 13, 14, 15, 16, 17, 18, 19, 20, 21, 22, 23, 24, 25, 26, 27, 28, 29, 30, 31
Valid weekdays: Saturday, Sunday
When: 14:00:00
Current Time: 2007-01-06 13:30:00
Valid Interval: 13:00:00-16:00:00
Valid days of month: 1, 2, 3, 4, 5, 6, 7, 8, 9, 10, 11, 12, 13, 14, 15, 16, 17, 18, 19, 20, 21, 22, 23, 24, 25, 26, 27, 28, 29, 30, 31
Valid weekdays: Saturday, Sunday
When: 14:00:00
Current Time: 2007-01-06 14:30:00
Valid Interval: 13:00:00-16:00:00
Valid days of month: 1, 2, 3, 4, 5, 6, 7, 8, 9, 10, 11, 12, 13, 14, 15, 16, 17, 18, 19, 20, 21, 22, 23, 24, 25, 26, 27, 28, 29, 30, 31
Valid weekdays: Saturday, Sunday
When: 14:00:00
Current Time: 2007-01-06 16:30:00
Valid Interval: 13:00:00-16:00:00
Valid days of month: 1, 2, 3, 4, 5, 6, 7, 8, 9, 10, 11, 12, 13, 14, 15, 16, 17, 18, 19, 20, 21, 22, 23, 24, 25, 26, 27, 28, 29, 30, 31
Valid weekdays: Saturday, Sunday
When: 14:00:00
Current Time: 2007-01-07 16:00:00
Valid Interval: 23:00:00-02:00:00
Valid days of month: 1, 2, 3, 4, 5, 6, 7, 8, 9, 10, 11, 12, 13, 14, 15, 16, 17, 18, 19, 20, 21, 22, 23, 24, 25, 26, 27, 28, 29, 30, 31
Valid weekdays: Saturday, Sunday
When: 01:00:00
Current Time: 2007-01-01 12:00:00
Valid Interval: 23:00:00-02:00:00
Valid days of month: 1, 2, 3, 4, 5, 6, 7, 8, 9, 10, 11, 12, 13, 14, 15, 16, 17, 18, 19, 20, 21, 22, 23, 24, 25, 26, 27, 28, 29, 30, 31
Valid weekdays: Saturday, Sunday
When: 01:00:00
Current Time: 2007-01-02 01:00:00
Valid Interval: 23:00:00-02:00:00
Valid days of month: 1, 2, 3, 4, 5, 6, 7, 8, 9, 10, 11, 12, 13, 14, 15, 16, 17, 18, 19, 20, 21, 22, 23, 24, 25, 26, 27, 28, 29, 30, 31
Valid weekdays: Saturday, Sunday
When: 01:00:00
Current Time: 2007-01-06 00:30:00
Valid Interval: 23:00:00-02:00:00
Valid days of month: 1, 2, 3, 4, 5, 6, 7, 8, 9, 10, 11, 12, 13, 14, 15, 16, 17, 18, 19, 20, 21, 22, 23, 24, 25, 26, 27, 28, 29, 30, 31
Valid weekdays: Saturday, Sunday
When: 01:00:00
Current Time: 2007-01-06 02:30:00
Valid Interval: 23:00:00-02:00:00
Valid days of month: 1, 2, 3, 4, 5, 6, 7, 8, 9, 10, 11, 12, 13, 14, 15, 16, 17, 18, 19, 20, 21, 22, 23, 24, 25, 26, 27, 28, 29, 30, 31
Valid weekdays: Saturday, Sunday
When: 23:30:00
Current Time: 2007-01-01 12:00:00
Valid Interval: 23:00:00-02:00:00
Valid days of month: 1, 2, 3, 4, 5, 6, 7, 8, 9, 10, 11, 12, 13, 14, 15, 16, 17, 18, 19, 20, 21, 22, 23, 24, 25, 26, 27, 28, 29, 30, 31
Valid weekdays: Saturday, Sunday
When: 23:30:00
Current Time: 2007-01-05 23:30:00
Valid Interval: 23:00:00-02:00:00
Valid days of month: 1, 2, 3, 4, 5, 6, 7, 8, 9, 10, 11, 12, 13, 14, 15, 16, 17, 18, 19, 20, 21, 22, 23, 24, 25, 26, 27, 28, 29, 30, 31
Valid weekdays: Saturday, Sunday
When: 23:30:00
Current Time: 2007-01-06 23:00:00
Valid Interval: 23:00:00-02:00:00
Valid days of month: 1, 2, 3, 4, 5, 6, 7, 8, 9, 10, 11, 12, 13, 14, 15, 16, 17, 18, 19, 20, 21, 22, 23, 24, 25, 26, 27, 28, 29, 30, 31
Valid weekdays: Saturday, Sunday
When: 23:30:00
Current Time: 2007-01-06 02:00:00
Valid Interval: 23:00:00-02:00:00
Valid days of month: 1, 2, 3, 4, 5, 6, 7, 8, 9, 10, 11, 12, 13, 14, 15, 16, 17, 18, 19, 20, 21, 22, 23, 24, 25, 26, 27, 28, 29, 30, 31
Valid weekdays: Saturday, Sunday
When: 23:30:00
Current Time: 2007-01-07 23:40:00
Valid Interval: 23:00:00-02:00:00
Valid days of month: 1, 2, 3, 4, 5, 6, 7, 8, 9, 10, 11, 12, 13, 14, 15, 16, 17, 18, 19, 20, 21, 22, 23, 24, 25, 26, 27, 28, 29, 30, 31
Valid weekdays: Saturday, Sunday
When: 23:30:00
Current Time: 2007-01-07 01:00:00
Valid Interval: 13:00:00-16:00:00
Valid days of month: 1, 2, 3, 4, 5, 6, 7, 8, 9, 10, 11, 12, 13, 14, 15, 16, 17, 18, 19, 20, 21, 22, 23, 24, 25, 26, 27, 28, 29, 30, 31
Valid weekdays: Saturday, Sunday
When: 14:00:00
Current Time: 2007-01-06 14:30:00
Valid Interval: 13:00:00-16:00:00
Valid days of month: 1, 2, 3, 4, 5, 6, 7, 8, 9, 10, 11, 12, 13, 14, 15, 16, 17, 18, 19, 20, 21, 22, 23, 24, 25, 26, 27, 28, 29, 30, 31
Valid weekdays: Saturday, Sunday
When: 14:00:00
Current Time: 2007-01-07 15:00:00
Valid Interval: 23:00:00-02:00:00
Valid days of month: 1, 2, 3, 4, 5, 6, 7, 8, 9, 10, 11, 12, 13, 14, 15, 16, 17, 18, 19, 20, 21, 22, 23, 24, 25, 26, 27, 28, 29, 30, 31
Valid weekdays: Saturday, Sunday
When: 01:00:00
Current Time: 2007-01-06 01:30:00
Valid Interval: 23:00:00-02:00:00
Valid days of month: 1, 2, 3, 4, 5, 6, 7, 8, 9, 10, 11, 12, 13, 14, 15, 16, 17, 18, 19, 20, 21, 22, 23, 24, 25, 26, 27, 28, 29, 30, 31
Valid weekdays: Saturday, Sunday
When: 01:00:00
Current Time: 2007-01-07 01:30:00
Valid Interval: 23:00:00-02:00:00
Valid days of month: 1, 2, 3, 4, 5, 6, 7, 8, 9, 10, 11, 12, 13, 14, 15, 16, 17, 18, 19, 20, 21, 22, 23, 24, 25, 26, 27, 28, 29, 30, 31
Valid weekdays: Saturday, Sunday
When: 23:30:00
Current Time: 2007-01-06 23:02:00
Valid Interval: 23:00:00-02:00:00
Valid days of month: 1, 2, 3, 4, 5, 6, 7, 8, 9, 10, 11, 12, 13, 14, 15, 16, 17, 18, 19, 20, 21, 22, 23, 24, 25, 26, 27, 28, 29, 30, 31
Valid weekdays: Saturday, Sunday
When: 23:30:00
Current Time: 2007-01-06 01:10:00
Valid Interval: 23:00:00-02:00:00
Valid days of month: 1, 2, 3, 4, 5, 6, 7, 8, 9, 10, 11, 12, 13, 14, 15, 16, 17, 18, 19, 20, 21, 22, 23, 24, 25, 26, 27, 28, 29, 30, 31
Valid weekdays: Saturday, Sunday
When: 23:30:00
Current Time: 2007-01-07 01:00:40
Valid Interval: 23:00:00-02:00:00
Valid days of month: 2
Valid weekdays: Saturday, Sunday
When: 23:30:00
Current Time: 2007-01-01 12:00:00
Valid Interval: 23:00:00-02:00:00
Valid days of month: 1, 2
Valid weekdays: Saturday, Sunday
When: 23:30:00
Current Time: 2007-01-05 23:30:00
Valid Interval: 23:00:00-02:00:00
Valid days of month: 1, 2
Valid weekdays: Saturday, Sunday
When: 23:30:00
Current Time: 2007-01-06 23:00:00</StdOut>
      </Output>
    </UnitTestResult>
    <UnitTestResult executionId="971b36da-c3a0-4e5f-b243-b0235d3a38e9" testId="ca1dd6b6-0520-4381-a399-3b90d00bbc4f" testName="GetNextTimeToTrigger_AbsoluteTimer_ReturnsCorrectTime (Data Row 62)" computerName="ICSWS068" duration="00:00:00.0039177" startTime="2016-08-04T07:57:22.8814353+02:00" endTime="2016-08-04T07:57:22.8855487+02:00" testType="13cdc9d9-ddb5-4fa4-a97d-d965ccfc6d4b" outcome="Passed" testListId="8c84fa94-04c1-424b-9868-57a2d4851a1d" relativeResultsDirectory="971b36da-c3a0-4e5f-b243-b0235d3a38e9">
      <Output>
        <StdOut>TestContext Messages:
Valid Interval: 11:00:00-13:00:00
Valid days of month: 1, 2, 3, 4, 5, 6, 7, 8, 9, 10, 11, 12, 13, 14, 15, 16, 17, 18, 19, 20, 21, 22, 23, 24, 25, 26, 27, 28, 29, 30, 31
Valid weekdays: Monday, Tuesday, Wednesday, Thursday, Friday, Saturday, Sunday
When: 12:00:00
Current Time: 2011-01-01 00:00:00
Valid Interval: 11:00:00-13:00:00
Valid days of month: 1, 2, 3, 4, 5, 6, 7, 8, 9, 10, 11, 12, 13, 14, 15, 16, 17, 18, 19, 20, 21, 22, 23, 24, 25, 26, 27, 28, 29, 30, 31
Valid weekdays: Monday, Tuesday, Wednesday, Thursday, Friday, Saturday, Sunday
When: 12:00:00
Current Time: 2011-01-01 09:00:00
Valid Interval: 11:00:00-13:00:00
Valid days of month: 1, 2, 3, 4, 5, 6, 7, 8, 9, 10, 11, 12, 13, 14, 15, 16, 17, 18, 19, 20, 21, 22, 23, 24, 25, 26, 27, 28, 29, 30, 31
Valid weekdays: Monday, Tuesday, Wednesday, Thursday, Friday, Saturday, Sunday
When: 12:00:00
Current Time: 2011-01-01 11:00:00
Valid Interval: 11:00:00-13:00:00
Valid days of month: 1, 2, 3, 4, 5, 6, 7, 8, 9, 10, 11, 12, 13, 14, 15, 16, 17, 18, 19, 20, 21, 22, 23, 24, 25, 26, 27, 28, 29, 30, 31
Valid weekdays: Monday, Tuesday, Wednesday, Thursday, Friday, Saturday, Sunday
When: 12:00:00
Current Time: 2011-01-01 12:00:00
Valid Interval: 11:00:00-13:00:00
Valid days of month: 1, 2, 3, 4, 5, 6, 7, 8, 9, 10, 11, 12, 13, 14, 15, 16, 17, 18, 19, 20, 21, 22, 23, 24, 25, 26, 27, 28, 29, 30, 31
Valid weekdays: Monday, Tuesday, Wednesday, Thursday, Friday, Saturday, Sunday
When: 12:00:00
Current Time: 2011-01-01 12:30:00
Valid Interval: 11:00:00-13:00:00
Valid days of month: 1, 2, 3, 4, 5, 6, 7, 8, 9, 10, 11, 12, 13, 14, 15, 16, 17, 18, 19, 20, 21, 22, 23, 24, 25, 26, 27, 28, 29, 30, 31
Valid weekdays: Monday, Tuesday, Wednesday, Thursday, Friday, Saturday, Sunday
When: 12:00:00
Current Time: 2011-01-01 13:00:00
Valid Interval: 11:00:00-13:00:00
Valid days of month: 1, 2, 3, 4, 5, 6, 7, 8, 9, 10, 11, 12, 13, 14, 15, 16, 17, 18, 19, 20, 21, 22, 23, 24, 25, 26, 27, 28, 29, 30, 31
Valid weekdays: Monday, Tuesday, Wednesday, Thursday, Friday, Saturday, Sunday
When: 12:00:00
Current Time: 2011-01-02 00:00:00
Valid Interval: 11:00:00-13:00:00
Valid days of month: 1, 2, 3, 4, 5, 6, 7, 8, 9, 10, 11, 12, 13, 14, 15, 16, 17, 18, 19, 20, 21, 22, 23, 24, 25, 26, 27, 28, 29, 30, 31
Valid weekdays: Monday, Tuesday, Wednesday, Thursday, Friday, Saturday, Sunday
When: 12:00:00
Current Time: 2011-01-02 09:00:00
Valid Interval: 11:00:00-13:00:00
Valid days of month: 1, 2, 3, 4, 5, 6, 7, 8, 9, 10, 11, 12, 13, 14, 15, 16, 17, 18, 19, 20, 21, 22, 23, 24, 25, 26, 27, 28, 29, 30, 31
Valid weekdays: Monday, Tuesday, Wednesday, Thursday, Friday, Saturday, Sunday
When: 12:00:00
Current Time: 2011-01-02 12:00:00
Valid Interval: 11:00:00-13:00:00
Valid days of month: 1, 2, 3, 4, 5, 6, 7, 8, 9, 10, 11, 12, 13, 14, 15, 16, 17, 18, 19, 20, 21, 22, 23, 24, 25, 26, 27, 28, 29, 30, 31
Valid weekdays: Monday, Tuesday, Wednesday, Thursday, Friday, Saturday, Sunday
When: 12:00:00
Current Time: 2011-01-02 12:45:30
Valid Interval: 11:00:00-13:00:00
Valid days of month: 1, 2, 3, 4, 5, 6, 7, 8, 9, 10, 11, 12, 13, 14, 15, 16, 17, 18, 19, 20, 21, 22, 23, 24, 25, 26, 27, 28, 29, 30, 31
Valid weekdays: Monday, Tuesday, Wednesday, Thursday, Friday, Saturday, Sunday
When: 12:00:00
Current Time: 2011-01-02 13:00:00
Valid Interval: 11:00:00-13:00:00
Valid days of month: 1, 2, 3, 4, 5, 6, 7, 8, 9, 10, 11, 12, 13, 14, 15, 16, 17, 18, 19, 20, 21, 22, 23, 24, 25, 26, 27, 28, 29, 30, 31
Valid weekdays: Monday, Tuesday, Wednesday, Thursday, Friday, Saturday, Sunday
When: 12:00:00
Current Time: 2011-01-01 12:00:00
Valid Interval: 11:00:00-13:00:00
Valid days of month: 1, 2, 3, 4, 5, 6, 7, 8, 9, 10, 11, 12, 13, 14, 15, 16, 17, 18, 19, 20, 21, 22, 23, 24, 25, 26, 27, 28, 29, 30, 31
Valid weekdays: Monday, Tuesday, Wednesday, Thursday, Friday, Saturday, Sunday
When: 12:00:00
Current Time: 2011-01-01 12:30:00
Valid Interval: 11:00:00-13:00:00
Valid days of month: 1, 2, 3, 4, 5, 6, 7, 8, 9, 10, 11, 12, 13, 14, 15, 16, 17, 18, 19, 20, 21, 22, 23, 24, 25, 26, 27, 28, 29, 30, 31
Valid weekdays: Monday, Tuesday, Wednesday, Thursday, Friday, Saturday, Sunday
When: 12:00:00
Current Time: 2011-01-01 12:30:00
Valid Interval: 11:00:00-13:00:00
Valid days of month: 1, 2, 3, 4, 5, 6, 7, 8, 9, 10, 11, 12, 13, 14, 15, 16, 17, 18, 19, 20, 21, 22, 23, 24, 25, 26, 27, 28, 29, 30, 31
Valid weekdays: Monday, Tuesday, Wednesday, Thursday, Friday, Saturday, Sunday
When: 12:00:00
Current Time: 2011-01-01 13:00:00
Valid Interval: 11:00:00-13:00:00
Valid days of month: 1, 2, 3, 4, 5, 6, 7, 8, 9, 10, 11, 12, 13, 14, 15, 16, 17, 18, 19, 20, 21, 22, 23, 24, 25, 26, 27, 28, 29, 30, 31
Valid weekdays: Monday, Tuesday, Wednesday, Thursday, Friday, Saturday, Sunday
When: 12:00:00
Current Time: 2011-01-01 14:30:00
Valid Interval: 23:00:00-13:00:00
Valid days of month: 1, 2, 3, 4, 5, 6, 7, 8, 9, 10, 11, 12, 13, 14, 15, 16, 17, 18, 19, 20, 21, 22, 23, 24, 25, 26, 27, 28, 29, 30, 31
Valid weekdays: Monday, Tuesday, Wednesday, Thursday, Friday, Saturday, Sunday
When: 23:30:00
Current Time: 2011-01-01 16:00:00
Valid Interval: 23:00:00-13:00:00
Valid days of month: 1, 2, 3, 4, 5, 6, 7, 8, 9, 10, 11, 12, 13, 14, 15, 16, 17, 18, 19, 20, 21, 22, 23, 24, 25, 26, 27, 28, 29, 30, 31
Valid weekdays: Monday, Tuesday, Wednesday, Thursday, Friday, Saturday, Sunday
When: 23:30:00
Current Time: 2011-01-01 23:00:00
Valid Interval: 23:00:00-13:00:00
Valid days of month: 1, 2, 3, 4, 5, 6, 7, 8, 9, 10, 11, 12, 13, 14, 15, 16, 17, 18, 19, 20, 21, 22, 23, 24, 25, 26, 27, 28, 29, 30, 31
Valid weekdays: Monday, Tuesday, Wednesday, Thursday, Friday, Saturday, Sunday
When: 23:30:00
Current Time: 2011-01-01 23:30:00
Valid Interval: 23:00:00-13:00:00
Valid days of month: 1, 2, 3, 4, 5, 6, 7, 8, 9, 10, 11, 12, 13, 14, 15, 16, 17, 18, 19, 20, 21, 22, 23, 24, 25, 26, 27, 28, 29, 30, 31
Valid weekdays: Monday, Tuesday, Wednesday, Thursday, Friday, Saturday, Sunday
When: 23:30:00
Current Time: 2011-01-01 23:45:00
Valid Interval: 23:00:00-13:00:00
Valid days of month: 1, 2, 3, 4, 5, 6, 7, 8, 9, 10, 11, 12, 13, 14, 15, 16, 17, 18, 19, 20, 21, 22, 23, 24, 25, 26, 27, 28, 29, 30, 31
Valid weekdays: Monday, Tuesday, Wednesday, Thursday, Friday, Saturday, Sunday
When: 23:30:00
Current Time: 2011-01-02 00:30:00
Valid Interval: 23:00:00-13:00:00
Valid days of month: 1, 2, 3, 4, 5, 6, 7, 8, 9, 10, 11, 12, 13, 14, 15, 16, 17, 18, 19, 20, 21, 22, 23, 24, 25, 26, 27, 28, 29, 30, 31
Valid weekdays: Monday, Tuesday, Wednesday, Thursday, Friday, Saturday, Sunday
When: 23:30:00
Current Time: 2011-01-01 13:00:00
Valid Interval: 23:00:00-13:00:00
Valid days of month: 1, 2, 3, 4, 5, 6, 7, 8, 9, 10, 11, 12, 13, 14, 15, 16, 17, 18, 19, 20, 21, 22, 23, 24, 25, 26, 27, 28, 29, 30, 31
Valid weekdays: Monday, Tuesday, Wednesday, Thursday, Friday, Saturday, Sunday
When: 01:00:00
Current Time: 2011-01-01 16:00:00
Valid Interval: 23:00:00-13:00:00
Valid days of month: 1, 2, 3, 4, 5, 6, 7, 8, 9, 10, 11, 12, 13, 14, 15, 16, 17, 18, 19, 20, 21, 22, 23, 24, 25, 26, 27, 28, 29, 30, 31
Valid weekdays: Monday, Tuesday, Wednesday, Thursday, Friday, Saturday, Sunday
When: 01:00:00
Current Time: 2011-01-01 23:00:00
Valid Interval: 23:00:00-13:00:00
Valid days of month: 1, 2, 3, 4, 5, 6, 7, 8, 9, 10, 11, 12, 13, 14, 15, 16, 17, 18, 19, 20, 21, 22, 23, 24, 25, 26, 27, 28, 29, 30, 31
Valid weekdays: Monday, Tuesday, Wednesday, Thursday, Friday, Saturday, Sunday
When: 01:00:00
Current Time: 2011-01-01 23:30:00
Valid Interval: 23:00:00-13:00:00
Valid days of month: 1, 2, 3, 4, 5, 6, 7, 8, 9, 10, 11, 12, 13, 14, 15, 16, 17, 18, 19, 20, 21, 22, 23, 24, 25, 26, 27, 28, 29, 30, 31
Valid weekdays: Monday, Tuesday, Wednesday, Thursday, Friday, Saturday, Sunday
When: 01:00:00
Current Time: 2011-01-02 00:30:00
Valid Interval: 23:00:00-13:00:00
Valid days of month: 1, 2, 3, 4, 5, 6, 7, 8, 9, 10, 11, 12, 13, 14, 15, 16, 17, 18, 19, 20, 21, 22, 23, 24, 25, 26, 27, 28, 29, 30, 31
Valid weekdays: Monday, Tuesday, Wednesday, Thursday, Friday, Saturday, Sunday
When: 01:00:00
Current Time: 2011-01-01 02:00:00
Valid Interval: 23:00:00-13:00:00
Valid days of month: 1, 2, 3, 4, 5, 6, 7, 8, 9, 10, 11, 12, 13, 14, 15, 16, 17, 18, 19, 20, 21, 22, 23, 24, 25, 26, 27, 28, 29, 30, 31
Valid weekdays: Monday, Tuesday, Wednesday, Thursday, Friday, Saturday, Sunday
When: 01:00:00
Current Time: 2011-01-01 13:00:00
Valid Interval: 23:00:00-13:00:00
Valid days of month: 1, 2, 3, 4, 5, 6, 7, 8, 9, 10, 11, 12, 13, 14, 15, 16, 17, 18, 19, 20, 21, 22, 23, 24, 25, 26, 27, 28, 29, 30, 31
Valid weekdays: Monday, Tuesday, Wednesday, Thursday, Friday, Saturday, Sunday
When: 23:30:00
Current Time: 2011-01-01 16:00:00
Valid Interval: 23:00:00-13:00:00
Valid days of month: 1, 2, 3, 4, 5, 6, 7, 8, 9, 10, 11, 12, 13, 14, 15, 16, 17, 18, 19, 20, 21, 22, 23, 24, 25, 26, 27, 28, 29, 30, 31
Valid weekdays: Monday, Tuesday, Wednesday, Thursday, Friday, Saturday, Sunday
When: 23:30:00
Current Time: 2011-01-01 23:00:00
Valid Interval: 23:00:00-13:00:00
Valid days of month: 1, 2, 3, 4, 5, 6, 7, 8, 9, 10, 11, 12, 13, 14, 15, 16, 17, 18, 19, 20, 21, 22, 23, 24, 25, 26, 27, 28, 29, 30, 31
Valid weekdays: Monday, Tuesday, Wednesday, Thursday, Friday, Saturday, Sunday
When: 23:30:00
Current Time: 2011-01-01 23:30:00
Valid Interval: 23:00:00-13:00:00
Valid days of month: 1, 2, 3, 4, 5, 6, 7, 8, 9, 10, 11, 12, 13, 14, 15, 16, 17, 18, 19, 20, 21, 22, 23, 24, 25, 26, 27, 28, 29, 30, 31
Valid weekdays: Monday, Tuesday, Wednesday, Thursday, Friday, Saturday, Sunday
When: 23:30:00
Current Time: 2011-01-01 23:45:00
Valid Interval: 23:00:00-13:00:00
Valid days of month: 1, 2, 3, 4, 5, 6, 7, 8, 9, 10, 11, 12, 13, 14, 15, 16, 17, 18, 19, 20, 21, 22, 23, 24, 25, 26, 27, 28, 29, 30, 31
Valid weekdays: Monday, Tuesday, Wednesday, Thursday, Friday, Saturday, Sunday
When: 23:30:00
Current Time: 2011-01-02 00:30:00
Valid Interval: 23:00:00-13:00:00
Valid days of month: 1, 2, 3, 4, 5, 6, 7, 8, 9, 10, 11, 12, 13, 14, 15, 16, 17, 18, 19, 20, 21, 22, 23, 24, 25, 26, 27, 28, 29, 30, 31
Valid weekdays: Monday, Tuesday, Wednesday, Thursday, Friday, Saturday, Sunday
When: 23:30:00
Current Time: 2011-01-01 13:00:00
Valid Interval: 23:00:00-13:00:00
Valid days of month: 1, 2, 3, 4, 5, 6, 7, 8, 9, 10, 11, 12, 13, 14, 15, 16, 17, 18, 19, 20, 21, 22, 23, 24, 25, 26, 27, 28, 29, 30, 31
Valid weekdays: Monday, Tuesday, Wednesday, Thursday, Friday, Saturday, Sunday
When: 01:00:00
Current Time: 2011-01-01 16:00:00
Valid Interval: 23:00:00-13:00:00
Valid days of month: 1, 2, 3, 4, 5, 6, 7, 8, 9, 10, 11, 12, 13, 14, 15, 16, 17, 18, 19, 20, 21, 22, 23, 24, 25, 26, 27, 28, 29, 30, 31
Valid weekdays: Monday, Tuesday, Wednesday, Thursday, Friday, Saturday, Sunday
When: 01:00:00
Current Time: 2011-01-01 23:00:00
Valid Interval: 23:00:00-13:00:00
Valid days of month: 1, 2, 3, 4, 5, 6, 7, 8, 9, 10, 11, 12, 13, 14, 15, 16, 17, 18, 19, 20, 21, 22, 23, 24, 25, 26, 27, 28, 29, 30, 31
Valid weekdays: Monday, Tuesday, Wednesday, Thursday, Friday, Saturday, Sunday
When: 01:00:00
Current Time: 2011-01-01 23:30:00
Valid Interval: 23:00:00-13:00:00
Valid days of month: 1, 2, 3, 4, 5, 6, 7, 8, 9, 10, 11, 12, 13, 14, 15, 16, 17, 18, 19, 20, 21, 22, 23, 24, 25, 26, 27, 28, 29, 30, 31
Valid weekdays: Monday, Tuesday, Wednesday, Thursday, Friday, Saturday, Sunday
When: 01:00:00
Current Time: 2011-01-02 00:30:00
Valid Interval: 23:00:00-13:00:00
Valid days of month: 1, 2, 3, 4, 5, 6, 7, 8, 9, 10, 11, 12, 13, 14, 15, 16, 17, 18, 19, 20, 21, 22, 23, 24, 25, 26, 27, 28, 29, 30, 31
Valid weekdays: Monday, Tuesday, Wednesday, Thursday, Friday, Saturday, Sunday
When: 01:00:00
Current Time: 2011-01-02 02:00:00
Valid Interval: 23:00:00-13:00:00
Valid days of month: 1, 2, 3, 4, 5, 6, 7, 8, 9, 10, 11, 12, 13, 14, 15, 16, 17, 18, 19, 20, 21, 22, 23, 24, 25, 26, 27, 28, 29, 30, 31
Valid weekdays: Monday, Tuesday, Wednesday, Thursday, Friday, Saturday, Sunday
When: 01:00:00
Current Time: 2011-01-02 13:00:00
Valid Interval: 23:00:00-13:00:00
Valid days of month: 1, 2, 3, 4, 5, 6, 7, 8, 9, 10, 11, 12, 13, 14, 15, 16, 17, 18, 19, 20, 21, 22, 23, 24, 25, 26, 27, 28, 29, 30, 31
Valid weekdays: Monday, Tuesday, Wednesday, Thursday, Friday, Saturday, Sunday
When: 23:30:00
Current Time: 2011-01-01 23:30:05
Valid Interval: 23:00:00-13:00:00
Valid days of month: 1, 2, 3, 4, 5, 6, 7, 8, 9, 10, 11, 12, 13, 14, 15, 16, 17, 18, 19, 20, 21, 22, 23, 24, 25, 26, 27, 28, 29, 30, 31
Valid weekdays: Monday, Tuesday, Wednesday, Thursday, Friday, Saturday, Sunday
When: 23:30:00
Current Time: 2011-01-02 00:30:00
Valid Interval: 23:00:00-13:00:00
Valid days of month: 1, 2, 3, 4, 5, 6, 7, 8, 9, 10, 11, 12, 13, 14, 15, 16, 17, 18, 19, 20, 21, 22, 23, 24, 25, 26, 27, 28, 29, 30, 31
Valid weekdays: Monday, Tuesday, Wednesday, Thursday, Friday, Saturday, Sunday
When: 23:30:00
Current Time: 2011-01-02 13:00:00
Valid Interval: 23:00:00-13:00:00
Valid days of month: 1, 2, 3, 4, 5, 6, 7, 8, 9, 10, 11, 12, 13, 14, 15, 16, 17, 18, 19, 20, 21, 22, 23, 24, 25, 26, 27, 28, 29, 30, 31
Valid weekdays: Monday, Tuesday, Wednesday, Thursday, Friday, Saturday, Sunday
When: 01:00:00
Current Time: 2011-01-01 02:00:00
Valid Interval: 23:00:00-13:00:00
Valid days of month: 1, 2, 3, 4, 5, 6, 7, 8, 9, 10, 11, 12, 13, 14, 15, 16, 17, 18, 19, 20, 21, 22, 23, 24, 25, 26, 27, 28, 29, 30, 31
Valid weekdays: Monday, Tuesday, Wednesday, Thursday, Friday, Saturday, Sunday
When: 01:00:00
Current Time: 2011-01-02 02:00:00
Valid Interval: 13:00:00-16:00:00
Valid days of month: 1, 2, 3, 4, 5, 6, 7, 8, 9, 10, 11, 12, 13, 14, 15, 16, 17, 18, 19, 20, 21, 22, 23, 24, 25, 26, 27, 28, 29, 30, 31
Valid weekdays: Saturday, Sunday
When: 14:00:00
Current Time: 2007-01-01 12:00:00
Valid Interval: 13:00:00-16:00:00
Valid days of month: 1, 2, 3, 4, 5, 6, 7, 8, 9, 10, 11, 12, 13, 14, 15, 16, 17, 18, 19, 20, 21, 22, 23, 24, 25, 26, 27, 28, 29, 30, 31
Valid weekdays: Saturday, Sunday
When: 14:00:00
Current Time: 2007-01-02 13:30:00
Valid Interval: 13:00:00-16:00:00
Valid days of month: 1, 2, 3, 4, 5, 6, 7, 8, 9, 10, 11, 12, 13, 14, 15, 16, 17, 18, 19, 20, 21, 22, 23, 24, 25, 26, 27, 28, 29, 30, 31
Valid weekdays: Saturday, Sunday
When: 14:00:00
Current Time: 2007-01-06 13:30:00
Valid Interval: 13:00:00-16:00:00
Valid days of month: 1, 2, 3, 4, 5, 6, 7, 8, 9, 10, 11, 12, 13, 14, 15, 16, 17, 18, 19, 20, 21, 22, 23, 24, 25, 26, 27, 28, 29, 30, 31
Valid weekdays: Saturday, Sunday
When: 14:00:00
Current Time: 2007-01-06 14:30:00
Valid Interval: 13:00:00-16:00:00
Valid days of month: 1, 2, 3, 4, 5, 6, 7, 8, 9, 10, 11, 12, 13, 14, 15, 16, 17, 18, 19, 20, 21, 22, 23, 24, 25, 26, 27, 28, 29, 30, 31
Valid weekdays: Saturday, Sunday
When: 14:00:00
Current Time: 2007-01-06 16:30:00
Valid Interval: 13:00:00-16:00:00
Valid days of month: 1, 2, 3, 4, 5, 6, 7, 8, 9, 10, 11, 12, 13, 14, 15, 16, 17, 18, 19, 20, 21, 22, 23, 24, 25, 26, 27, 28, 29, 30, 31
Valid weekdays: Saturday, Sunday
When: 14:00:00
Current Time: 2007-01-07 16:00:00
Valid Interval: 23:00:00-02:00:00
Valid days of month: 1, 2, 3, 4, 5, 6, 7, 8, 9, 10, 11, 12, 13, 14, 15, 16, 17, 18, 19, 20, 21, 22, 23, 24, 25, 26, 27, 28, 29, 30, 31
Valid weekdays: Saturday, Sunday
When: 01:00:00
Current Time: 2007-01-01 12:00:00
Valid Interval: 23:00:00-02:00:00
Valid days of month: 1, 2, 3, 4, 5, 6, 7, 8, 9, 10, 11, 12, 13, 14, 15, 16, 17, 18, 19, 20, 21, 22, 23, 24, 25, 26, 27, 28, 29, 30, 31
Valid weekdays: Saturday, Sunday
When: 01:00:00
Current Time: 2007-01-02 01:00:00
Valid Interval: 23:00:00-02:00:00
Valid days of month: 1, 2, 3, 4, 5, 6, 7, 8, 9, 10, 11, 12, 13, 14, 15, 16, 17, 18, 19, 20, 21, 22, 23, 24, 25, 26, 27, 28, 29, 30, 31
Valid weekdays: Saturday, Sunday
When: 01:00:00
Current Time: 2007-01-06 00:30:00
Valid Interval: 23:00:00-02:00:00
Valid days of month: 1, 2, 3, 4, 5, 6, 7, 8, 9, 10, 11, 12, 13, 14, 15, 16, 17, 18, 19, 20, 21, 22, 23, 24, 25, 26, 27, 28, 29, 30, 31
Valid weekdays: Saturday, Sunday
When: 01:00:00
Current Time: 2007-01-06 01:30:00
Valid Interval: 23:00:00-02:00:00
Valid days of month: 1, 2, 3, 4, 5, 6, 7, 8, 9, 10, 11, 12, 13, 14, 15, 16, 17, 18, 19, 20, 21, 22, 23, 24, 25, 26, 27, 28, 29, 30, 31
Valid weekdays: Saturday, Sunday
When: 01:00:00
Current Time: 2007-01-06 02:30:00
Valid Interval: 23:00:00-02:00:00
Valid days of month: 1, 2, 3, 4, 5, 6, 7, 8, 9, 10, 11, 12, 13, 14, 15, 16, 17, 18, 19, 20, 21, 22, 23, 24, 25, 26, 27, 28, 29, 30, 31
Valid weekdays: Saturday, Sunday
When: 01:00:00
Current Time: 2007-01-07 02:00:00
Valid Interval: 23:00:00-02:00:00
Valid days of month: 1, 2, 3, 4, 5, 6, 7, 8, 9, 10, 11, 12, 13, 14, 15, 16, 17, 18, 19, 20, 21, 22, 23, 24, 25, 26, 27, 28, 29, 30, 31
Valid weekdays: Saturday, Sunday
When: 23:30:00
Current Time: 2007-01-01 12:00:00
Valid Interval: 23:00:00-02:00:00
Valid days of month: 1, 2, 3, 4, 5, 6, 7, 8, 9, 10, 11, 12, 13, 14, 15, 16, 17, 18, 19, 20, 21, 22, 23, 24, 25, 26, 27, 28, 29, 30, 31
Valid weekdays: Saturday, Sunday
When: 23:30:00
Current Time: 2007-01-05 23:30:00
Valid Interval: 23:00:00-02:00:00
Valid days of month: 1, 2, 3, 4, 5, 6, 7, 8, 9, 10, 11, 12, 13, 14, 15, 16, 17, 18, 19, 20, 21, 22, 23, 24, 25, 26, 27, 28, 29, 30, 31
Valid weekdays: Saturday, Sunday
When: 23:30:00
Current Time: 2007-01-06 23:00:00
Valid Interval: 23:00:00-02:00:00
Valid days of month: 1, 2, 3, 4, 5, 6, 7, 8, 9, 10, 11, 12, 13, 14, 15, 16, 17, 18, 19, 20, 21, 22, 23, 24, 25, 26, 27, 28, 29, 30, 31
Valid weekdays: Saturday, Sunday
When: 23:30:00
Current Time: 2007-01-06 02:00:00
Valid Interval: 23:00:00-02:00:00
Valid days of month: 1, 2, 3, 4, 5, 6, 7, 8, 9, 10, 11, 12, 13, 14, 15, 16, 17, 18, 19, 20, 21, 22, 23, 24, 25, 26, 27, 28, 29, 30, 31
Valid weekdays: Saturday, Sunday
When: 23:30:00
Current Time: 2007-01-07 23:40:00
Valid Interval: 23:00:00-02:00:00
Valid days of month: 1, 2, 3, 4, 5, 6, 7, 8, 9, 10, 11, 12, 13, 14, 15, 16, 17, 18, 19, 20, 21, 22, 23, 24, 25, 26, 27, 28, 29, 30, 31
Valid weekdays: Saturday, Sunday
When: 23:30:00
Current Time: 2007-01-07 01:00:00
Valid Interval: 13:00:00-16:00:00
Valid days of month: 1, 2, 3, 4, 5, 6, 7, 8, 9, 10, 11, 12, 13, 14, 15, 16, 17, 18, 19, 20, 21, 22, 23, 24, 25, 26, 27, 28, 29, 30, 31
Valid weekdays: Saturday, Sunday
When: 14:00:00
Current Time: 2007-01-01 12:00:00
Valid Interval: 13:00:00-16:00:00
Valid days of month: 1, 2, 3, 4, 5, 6, 7, 8, 9, 10, 11, 12, 13, 14, 15, 16, 17, 18, 19, 20, 21, 22, 23, 24, 25, 26, 27, 28, 29, 30, 31
Valid weekdays: Saturday, Sunday
When: 14:00:00
Current Time: 2007-01-02 13:30:00
Valid Interval: 13:00:00-16:00:00
Valid days of month: 1, 2, 3, 4, 5, 6, 7, 8, 9, 10, 11, 12, 13, 14, 15, 16, 17, 18, 19, 20, 21, 22, 23, 24, 25, 26, 27, 28, 29, 30, 31
Valid weekdays: Saturday, Sunday
When: 14:00:00
Current Time: 2007-01-06 13:30:00
Valid Interval: 13:00:00-16:00:00
Valid days of month: 1, 2, 3, 4, 5, 6, 7, 8, 9, 10, 11, 12, 13, 14, 15, 16, 17, 18, 19, 20, 21, 22, 23, 24, 25, 26, 27, 28, 29, 30, 31
Valid weekdays: Saturday, Sunday
When: 14:00:00
Current Time: 2007-01-06 14:30:00
Valid Interval: 13:00:00-16:00:00
Valid days of month: 1, 2, 3, 4, 5, 6, 7, 8, 9, 10, 11, 12, 13, 14, 15, 16, 17, 18, 19, 20, 21, 22, 23, 24, 25, 26, 27, 28, 29, 30, 31
Valid weekdays: Saturday, Sunday
When: 14:00:00
Current Time: 2007-01-06 16:30:00
Valid Interval: 13:00:00-16:00:00
Valid days of month: 1, 2, 3, 4, 5, 6, 7, 8, 9, 10, 11, 12, 13, 14, 15, 16, 17, 18, 19, 20, 21, 22, 23, 24, 25, 26, 27, 28, 29, 30, 31
Valid weekdays: Saturday, Sunday
When: 14:00:00
Current Time: 2007-01-07 16:00:00
Valid Interval: 23:00:00-02:00:00
Valid days of month: 1, 2, 3, 4, 5, 6, 7, 8, 9, 10, 11, 12, 13, 14, 15, 16, 17, 18, 19, 20, 21, 22, 23, 24, 25, 26, 27, 28, 29, 30, 31
Valid weekdays: Saturday, Sunday
When: 01:00:00
Current Time: 2007-01-01 12:00:00
Valid Interval: 23:00:00-02:00:00
Valid days of month: 1, 2, 3, 4, 5, 6, 7, 8, 9, 10, 11, 12, 13, 14, 15, 16, 17, 18, 19, 20, 21, 22, 23, 24, 25, 26, 27, 28, 29, 30, 31
Valid weekdays: Saturday, Sunday
When: 01:00:00
Current Time: 2007-01-02 01:00:00
Valid Interval: 23:00:00-02:00:00
Valid days of month: 1, 2, 3, 4, 5, 6, 7, 8, 9, 10, 11, 12, 13, 14, 15, 16, 17, 18, 19, 20, 21, 22, 23, 24, 25, 26, 27, 28, 29, 30, 31
Valid weekdays: Saturday, Sunday
When: 01:00:00
Current Time: 2007-01-06 00:30:00
Valid Interval: 23:00:00-02:00:00
Valid days of month: 1, 2, 3, 4, 5, 6, 7, 8, 9, 10, 11, 12, 13, 14, 15, 16, 17, 18, 19, 20, 21, 22, 23, 24, 25, 26, 27, 28, 29, 30, 31
Valid weekdays: Saturday, Sunday
When: 01:00:00
Current Time: 2007-01-06 02:30:00
Valid Interval: 23:00:00-02:00:00
Valid days of month: 1, 2, 3, 4, 5, 6, 7, 8, 9, 10, 11, 12, 13, 14, 15, 16, 17, 18, 19, 20, 21, 22, 23, 24, 25, 26, 27, 28, 29, 30, 31
Valid weekdays: Saturday, Sunday
When: 23:30:00
Current Time: 2007-01-01 12:00:00
Valid Interval: 23:00:00-02:00:00
Valid days of month: 1, 2, 3, 4, 5, 6, 7, 8, 9, 10, 11, 12, 13, 14, 15, 16, 17, 18, 19, 20, 21, 22, 23, 24, 25, 26, 27, 28, 29, 30, 31
Valid weekdays: Saturday, Sunday
When: 23:30:00
Current Time: 2007-01-05 23:30:00
Valid Interval: 23:00:00-02:00:00
Valid days of month: 1, 2, 3, 4, 5, 6, 7, 8, 9, 10, 11, 12, 13, 14, 15, 16, 17, 18, 19, 20, 21, 22, 23, 24, 25, 26, 27, 28, 29, 30, 31
Valid weekdays: Saturday, Sunday
When: 23:30:00
Current Time: 2007-01-06 23:00:00
Valid Interval: 23:00:00-02:00:00
Valid days of month: 1, 2, 3, 4, 5, 6, 7, 8, 9, 10, 11, 12, 13, 14, 15, 16, 17, 18, 19, 20, 21, 22, 23, 24, 25, 26, 27, 28, 29, 30, 31
Valid weekdays: Saturday, Sunday
When: 23:30:00
Current Time: 2007-01-06 02:00:00
Valid Interval: 23:00:00-02:00:00
Valid days of month: 1, 2, 3, 4, 5, 6, 7, 8, 9, 10, 11, 12, 13, 14, 15, 16, 17, 18, 19, 20, 21, 22, 23, 24, 25, 26, 27, 28, 29, 30, 31
Valid weekdays: Saturday, Sunday
When: 23:30:00
Current Time: 2007-01-07 23:40:00
Valid Interval: 23:00:00-02:00:00
Valid days of month: 1, 2, 3, 4, 5, 6, 7, 8, 9, 10, 11, 12, 13, 14, 15, 16, 17, 18, 19, 20, 21, 22, 23, 24, 25, 26, 27, 28, 29, 30, 31
Valid weekdays: Saturday, Sunday
When: 23:30:00
Current Time: 2007-01-07 01:00:00
Valid Interval: 13:00:00-16:00:00
Valid days of month: 1, 2, 3, 4, 5, 6, 7, 8, 9, 10, 11, 12, 13, 14, 15, 16, 17, 18, 19, 20, 21, 22, 23, 24, 25, 26, 27, 28, 29, 30, 31
Valid weekdays: Saturday, Sunday
When: 14:00:00
Current Time: 2007-01-06 14:30:00
Valid Interval: 13:00:00-16:00:00
Valid days of month: 1, 2, 3, 4, 5, 6, 7, 8, 9, 10, 11, 12, 13, 14, 15, 16, 17, 18, 19, 20, 21, 22, 23, 24, 25, 26, 27, 28, 29, 30, 31
Valid weekdays: Saturday, Sunday
When: 14:00:00
Current Time: 2007-01-07 15:00:00
Valid Interval: 23:00:00-02:00:00
Valid days of month: 1, 2, 3, 4, 5, 6, 7, 8, 9, 10, 11, 12, 13, 14, 15, 16, 17, 18, 19, 20, 21, 22, 23, 24, 25, 26, 27, 28, 29, 30, 31
Valid weekdays: Saturday, Sunday
When: 01:00:00
Current Time: 2007-01-06 01:30:00
Valid Interval: 23:00:00-02:00:00
Valid days of month: 1, 2, 3, 4, 5, 6, 7, 8, 9, 10, 11, 12, 13, 14, 15, 16, 17, 18, 19, 20, 21, 22, 23, 24, 25, 26, 27, 28, 29, 30, 31
Valid weekdays: Saturday, Sunday
When: 01:00:00
Current Time: 2007-01-07 01:30:00
Valid Interval: 23:00:00-02:00:00
Valid days of month: 1, 2, 3, 4, 5, 6, 7, 8, 9, 10, 11, 12, 13, 14, 15, 16, 17, 18, 19, 20, 21, 22, 23, 24, 25, 26, 27, 28, 29, 30, 31
Valid weekdays: Saturday, Sunday
When: 23:30:00
Current Time: 2007-01-06 23:02:00
Valid Interval: 23:00:00-02:00:00
Valid days of month: 1, 2, 3, 4, 5, 6, 7, 8, 9, 10, 11, 12, 13, 14, 15, 16, 17, 18, 19, 20, 21, 22, 23, 24, 25, 26, 27, 28, 29, 30, 31
Valid weekdays: Saturday, Sunday
When: 23:30:00
Current Time: 2007-01-06 01:10:00
Valid Interval: 23:00:00-02:00:00
Valid days of month: 1, 2, 3, 4, 5, 6, 7, 8, 9, 10, 11, 12, 13, 14, 15, 16, 17, 18, 19, 20, 21, 22, 23, 24, 25, 26, 27, 28, 29, 30, 31
Valid weekdays: Saturday, Sunday
When: 23:30:00
Current Time: 2007-01-07 01:00:40
Valid Interval: 23:00:00-02:00:00
Valid days of month: 2
Valid weekdays: Saturday, Sunday
When: 23:30:00
Current Time: 2007-01-01 12:00:00
Valid Interval: 23:00:00-02:00:00
Valid days of month: 1, 2
Valid weekdays: Saturday, Sunday
When: 23:30:00
Current Time: 2007-01-05 23:30:00
Valid Interval: 23:00:00-02:00:00
Valid days of month: 1, 2
Valid weekdays: Saturday, Sunday
When: 23:30:00
Current Time: 2007-01-06 23:00:00</StdOut>
      </Output>
    </UnitTestResult>
    <UnitTestResult executionId="8aa3f500-bedf-4d91-8faa-5ef528397dee" testId="9ad6dba5-64b1-4d83-8ed8-87dbdb537aaa" testName="GetNextTimeToTrigger_AbsoluteTimer_ReturnsCorrectTime (Data Row 63)" computerName="ICSWS068" duration="00:00:00.0038392" startTime="2016-08-04T07:57:22.8855487+02:00" endTime="2016-08-04T07:57:22.8895522+02:00" testType="13cdc9d9-ddb5-4fa4-a97d-d965ccfc6d4b" outcome="Passed" testListId="8c84fa94-04c1-424b-9868-57a2d4851a1d" relativeResultsDirectory="8aa3f500-bedf-4d91-8faa-5ef528397dee">
      <Output>
        <StdOut>TestContext Messages:
Valid Interval: 11:00:00-13:00:00
Valid days of month: 1, 2, 3, 4, 5, 6, 7, 8, 9, 10, 11, 12, 13, 14, 15, 16, 17, 18, 19, 20, 21, 22, 23, 24, 25, 26, 27, 28, 29, 30, 31
Valid weekdays: Monday, Tuesday, Wednesday, Thursday, Friday, Saturday, Sunday
When: 12:00:00
Current Time: 2011-01-01 00:00:00
Valid Interval: 11:00:00-13:00:00
Valid days of month: 1, 2, 3, 4, 5, 6, 7, 8, 9, 10, 11, 12, 13, 14, 15, 16, 17, 18, 19, 20, 21, 22, 23, 24, 25, 26, 27, 28, 29, 30, 31
Valid weekdays: Monday, Tuesday, Wednesday, Thursday, Friday, Saturday, Sunday
When: 12:00:00
Current Time: 2011-01-01 09:00:00
Valid Interval: 11:00:00-13:00:00
Valid days of month: 1, 2, 3, 4, 5, 6, 7, 8, 9, 10, 11, 12, 13, 14, 15, 16, 17, 18, 19, 20, 21, 22, 23, 24, 25, 26, 27, 28, 29, 30, 31
Valid weekdays: Monday, Tuesday, Wednesday, Thursday, Friday, Saturday, Sunday
When: 12:00:00
Current Time: 2011-01-01 11:00:00
Valid Interval: 11:00:00-13:00:00
Valid days of month: 1, 2, 3, 4, 5, 6, 7, 8, 9, 10, 11, 12, 13, 14, 15, 16, 17, 18, 19, 20, 21, 22, 23, 24, 25, 26, 27, 28, 29, 30, 31
Valid weekdays: Monday, Tuesday, Wednesday, Thursday, Friday, Saturday, Sunday
When: 12:00:00
Current Time: 2011-01-01 12:00:00
Valid Interval: 11:00:00-13:00:00
Valid days of month: 1, 2, 3, 4, 5, 6, 7, 8, 9, 10, 11, 12, 13, 14, 15, 16, 17, 18, 19, 20, 21, 22, 23, 24, 25, 26, 27, 28, 29, 30, 31
Valid weekdays: Monday, Tuesday, Wednesday, Thursday, Friday, Saturday, Sunday
When: 12:00:00
Current Time: 2011-01-01 12:30:00
Valid Interval: 11:00:00-13:00:00
Valid days of month: 1, 2, 3, 4, 5, 6, 7, 8, 9, 10, 11, 12, 13, 14, 15, 16, 17, 18, 19, 20, 21, 22, 23, 24, 25, 26, 27, 28, 29, 30, 31
Valid weekdays: Monday, Tuesday, Wednesday, Thursday, Friday, Saturday, Sunday
When: 12:00:00
Current Time: 2011-01-01 13:00:00
Valid Interval: 11:00:00-13:00:00
Valid days of month: 1, 2, 3, 4, 5, 6, 7, 8, 9, 10, 11, 12, 13, 14, 15, 16, 17, 18, 19, 20, 21, 22, 23, 24, 25, 26, 27, 28, 29, 30, 31
Valid weekdays: Monday, Tuesday, Wednesday, Thursday, Friday, Saturday, Sunday
When: 12:00:00
Current Time: 2011-01-02 00:00:00
Valid Interval: 11:00:00-13:00:00
Valid days of month: 1, 2, 3, 4, 5, 6, 7, 8, 9, 10, 11, 12, 13, 14, 15, 16, 17, 18, 19, 20, 21, 22, 23, 24, 25, 26, 27, 28, 29, 30, 31
Valid weekdays: Monday, Tuesday, Wednesday, Thursday, Friday, Saturday, Sunday
When: 12:00:00
Current Time: 2011-01-02 09:00:00
Valid Interval: 11:00:00-13:00:00
Valid days of month: 1, 2, 3, 4, 5, 6, 7, 8, 9, 10, 11, 12, 13, 14, 15, 16, 17, 18, 19, 20, 21, 22, 23, 24, 25, 26, 27, 28, 29, 30, 31
Valid weekdays: Monday, Tuesday, Wednesday, Thursday, Friday, Saturday, Sunday
When: 12:00:00
Current Time: 2011-01-02 12:00:00
Valid Interval: 11:00:00-13:00:00
Valid days of month: 1, 2, 3, 4, 5, 6, 7, 8, 9, 10, 11, 12, 13, 14, 15, 16, 17, 18, 19, 20, 21, 22, 23, 24, 25, 26, 27, 28, 29, 30, 31
Valid weekdays: Monday, Tuesday, Wednesday, Thursday, Friday, Saturday, Sunday
When: 12:00:00
Current Time: 2011-01-02 12:45:30
Valid Interval: 11:00:00-13:00:00
Valid days of month: 1, 2, 3, 4, 5, 6, 7, 8, 9, 10, 11, 12, 13, 14, 15, 16, 17, 18, 19, 20, 21, 22, 23, 24, 25, 26, 27, 28, 29, 30, 31
Valid weekdays: Monday, Tuesday, Wednesday, Thursday, Friday, Saturday, Sunday
When: 12:00:00
Current Time: 2011-01-02 13:00:00
Valid Interval: 11:00:00-13:00:00
Valid days of month: 1, 2, 3, 4, 5, 6, 7, 8, 9, 10, 11, 12, 13, 14, 15, 16, 17, 18, 19, 20, 21, 22, 23, 24, 25, 26, 27, 28, 29, 30, 31
Valid weekdays: Monday, Tuesday, Wednesday, Thursday, Friday, Saturday, Sunday
When: 12:00:00
Current Time: 2011-01-01 12:00:00
Valid Interval: 11:00:00-13:00:00
Valid days of month: 1, 2, 3, 4, 5, 6, 7, 8, 9, 10, 11, 12, 13, 14, 15, 16, 17, 18, 19, 20, 21, 22, 23, 24, 25, 26, 27, 28, 29, 30, 31
Valid weekdays: Monday, Tuesday, Wednesday, Thursday, Friday, Saturday, Sunday
When: 12:00:00
Current Time: 2011-01-01 12:30:00
Valid Interval: 11:00:00-13:00:00
Valid days of month: 1, 2, 3, 4, 5, 6, 7, 8, 9, 10, 11, 12, 13, 14, 15, 16, 17, 18, 19, 20, 21, 22, 23, 24, 25, 26, 27, 28, 29, 30, 31
Valid weekdays: Monday, Tuesday, Wednesday, Thursday, Friday, Saturday, Sunday
When: 12:00:00
Current Time: 2011-01-01 12:30:00
Valid Interval: 11:00:00-13:00:00
Valid days of month: 1, 2, 3, 4, 5, 6, 7, 8, 9, 10, 11, 12, 13, 14, 15, 16, 17, 18, 19, 20, 21, 22, 23, 24, 25, 26, 27, 28, 29, 30, 31
Valid weekdays: Monday, Tuesday, Wednesday, Thursday, Friday, Saturday, Sunday
When: 12:00:00
Current Time: 2011-01-01 13:00:00
Valid Interval: 11:00:00-13:00:00
Valid days of month: 1, 2, 3, 4, 5, 6, 7, 8, 9, 10, 11, 12, 13, 14, 15, 16, 17, 18, 19, 20, 21, 22, 23, 24, 25, 26, 27, 28, 29, 30, 31
Valid weekdays: Monday, Tuesday, Wednesday, Thursday, Friday, Saturday, Sunday
When: 12:00:00
Current Time: 2011-01-01 14:30:00
Valid Interval: 23:00:00-13:00:00
Valid days of month: 1, 2, 3, 4, 5, 6, 7, 8, 9, 10, 11, 12, 13, 14, 15, 16, 17, 18, 19, 20, 21, 22, 23, 24, 25, 26, 27, 28, 29, 30, 31
Valid weekdays: Monday, Tuesday, Wednesday, Thursday, Friday, Saturday, Sunday
When: 23:30:00
Current Time: 2011-01-01 16:00:00
Valid Interval: 23:00:00-13:00:00
Valid days of month: 1, 2, 3, 4, 5, 6, 7, 8, 9, 10, 11, 12, 13, 14, 15, 16, 17, 18, 19, 20, 21, 22, 23, 24, 25, 26, 27, 28, 29, 30, 31
Valid weekdays: Monday, Tuesday, Wednesday, Thursday, Friday, Saturday, Sunday
When: 23:30:00
Current Time: 2011-01-01 23:00:00
Valid Interval: 23:00:00-13:00:00
Valid days of month: 1, 2, 3, 4, 5, 6, 7, 8, 9, 10, 11, 12, 13, 14, 15, 16, 17, 18, 19, 20, 21, 22, 23, 24, 25, 26, 27, 28, 29, 30, 31
Valid weekdays: Monday, Tuesday, Wednesday, Thursday, Friday, Saturday, Sunday
When: 23:30:00
Current Time: 2011-01-01 23:30:00
Valid Interval: 23:00:00-13:00:00
Valid days of month: 1, 2, 3, 4, 5, 6, 7, 8, 9, 10, 11, 12, 13, 14, 15, 16, 17, 18, 19, 20, 21, 22, 23, 24, 25, 26, 27, 28, 29, 30, 31
Valid weekdays: Monday, Tuesday, Wednesday, Thursday, Friday, Saturday, Sunday
When: 23:30:00
Current Time: 2011-01-01 23:45:00
Valid Interval: 23:00:00-13:00:00
Valid days of month: 1, 2, 3, 4, 5, 6, 7, 8, 9, 10, 11, 12, 13, 14, 15, 16, 17, 18, 19, 20, 21, 22, 23, 24, 25, 26, 27, 28, 29, 30, 31
Valid weekdays: Monday, Tuesday, Wednesday, Thursday, Friday, Saturday, Sunday
When: 23:30:00
Current Time: 2011-01-02 00:30:00
Valid Interval: 23:00:00-13:00:00
Valid days of month: 1, 2, 3, 4, 5, 6, 7, 8, 9, 10, 11, 12, 13, 14, 15, 16, 17, 18, 19, 20, 21, 22, 23, 24, 25, 26, 27, 28, 29, 30, 31
Valid weekdays: Monday, Tuesday, Wednesday, Thursday, Friday, Saturday, Sunday
When: 23:30:00
Current Time: 2011-01-01 13:00:00
Valid Interval: 23:00:00-13:00:00
Valid days of month: 1, 2, 3, 4, 5, 6, 7, 8, 9, 10, 11, 12, 13, 14, 15, 16, 17, 18, 19, 20, 21, 22, 23, 24, 25, 26, 27, 28, 29, 30, 31
Valid weekdays: Monday, Tuesday, Wednesday, Thursday, Friday, Saturday, Sunday
When: 01:00:00
Current Time: 2011-01-01 16:00:00
Valid Interval: 23:00:00-13:00:00
Valid days of month: 1, 2, 3, 4, 5, 6, 7, 8, 9, 10, 11, 12, 13, 14, 15, 16, 17, 18, 19, 20, 21, 22, 23, 24, 25, 26, 27, 28, 29, 30, 31
Valid weekdays: Monday, Tuesday, Wednesday, Thursday, Friday, Saturday, Sunday
When: 01:00:00
Current Time: 2011-01-01 23:00:00
Valid Interval: 23:00:00-13:00:00
Valid days of month: 1, 2, 3, 4, 5, 6, 7, 8, 9, 10, 11, 12, 13, 14, 15, 16, 17, 18, 19, 20, 21, 22, 23, 24, 25, 26, 27, 28, 29, 30, 31
Valid weekdays: Monday, Tuesday, Wednesday, Thursday, Friday, Saturday, Sunday
When: 01:00:00
Current Time: 2011-01-01 23:30:00
Valid Interval: 23:00:00-13:00:00
Valid days of month: 1, 2, 3, 4, 5, 6, 7, 8, 9, 10, 11, 12, 13, 14, 15, 16, 17, 18, 19, 20, 21, 22, 23, 24, 25, 26, 27, 28, 29, 30, 31
Valid weekdays: Monday, Tuesday, Wednesday, Thursday, Friday, Saturday, Sunday
When: 01:00:00
Current Time: 2011-01-02 00:30:00
Valid Interval: 23:00:00-13:00:00
Valid days of month: 1, 2, 3, 4, 5, 6, 7, 8, 9, 10, 11, 12, 13, 14, 15, 16, 17, 18, 19, 20, 21, 22, 23, 24, 25, 26, 27, 28, 29, 30, 31
Valid weekdays: Monday, Tuesday, Wednesday, Thursday, Friday, Saturday, Sunday
When: 01:00:00
Current Time: 2011-01-01 02:00:00
Valid Interval: 23:00:00-13:00:00
Valid days of month: 1, 2, 3, 4, 5, 6, 7, 8, 9, 10, 11, 12, 13, 14, 15, 16, 17, 18, 19, 20, 21, 22, 23, 24, 25, 26, 27, 28, 29, 30, 31
Valid weekdays: Monday, Tuesday, Wednesday, Thursday, Friday, Saturday, Sunday
When: 01:00:00
Current Time: 2011-01-01 13:00:00
Valid Interval: 23:00:00-13:00:00
Valid days of month: 1, 2, 3, 4, 5, 6, 7, 8, 9, 10, 11, 12, 13, 14, 15, 16, 17, 18, 19, 20, 21, 22, 23, 24, 25, 26, 27, 28, 29, 30, 31
Valid weekdays: Monday, Tuesday, Wednesday, Thursday, Friday, Saturday, Sunday
When: 23:30:00
Current Time: 2011-01-01 16:00:00
Valid Interval: 23:00:00-13:00:00
Valid days of month: 1, 2, 3, 4, 5, 6, 7, 8, 9, 10, 11, 12, 13, 14, 15, 16, 17, 18, 19, 20, 21, 22, 23, 24, 25, 26, 27, 28, 29, 30, 31
Valid weekdays: Monday, Tuesday, Wednesday, Thursday, Friday, Saturday, Sunday
When: 23:30:00
Current Time: 2011-01-01 23:00:00
Valid Interval: 23:00:00-13:00:00
Valid days of month: 1, 2, 3, 4, 5, 6, 7, 8, 9, 10, 11, 12, 13, 14, 15, 16, 17, 18, 19, 20, 21, 22, 23, 24, 25, 26, 27, 28, 29, 30, 31
Valid weekdays: Monday, Tuesday, Wednesday, Thursday, Friday, Saturday, Sunday
When: 23:30:00
Current Time: 2011-01-01 23:30:00
Valid Interval: 23:00:00-13:00:00
Valid days of month: 1, 2, 3, 4, 5, 6, 7, 8, 9, 10, 11, 12, 13, 14, 15, 16, 17, 18, 19, 20, 21, 22, 23, 24, 25, 26, 27, 28, 29, 30, 31
Valid weekdays: Monday, Tuesday, Wednesday, Thursday, Friday, Saturday, Sunday
When: 23:30:00
Current Time: 2011-01-01 23:45:00
Valid Interval: 23:00:00-13:00:00
Valid days of month: 1, 2, 3, 4, 5, 6, 7, 8, 9, 10, 11, 12, 13, 14, 15, 16, 17, 18, 19, 20, 21, 22, 23, 24, 25, 26, 27, 28, 29, 30, 31
Valid weekdays: Monday, Tuesday, Wednesday, Thursday, Friday, Saturday, Sunday
When: 23:30:00
Current Time: 2011-01-02 00:30:00
Valid Interval: 23:00:00-13:00:00
Valid days of month: 1, 2, 3, 4, 5, 6, 7, 8, 9, 10, 11, 12, 13, 14, 15, 16, 17, 18, 19, 20, 21, 22, 23, 24, 25, 26, 27, 28, 29, 30, 31
Valid weekdays: Monday, Tuesday, Wednesday, Thursday, Friday, Saturday, Sunday
When: 23:30:00
Current Time: 2011-01-01 13:00:00
Valid Interval: 23:00:00-13:00:00
Valid days of month: 1, 2, 3, 4, 5, 6, 7, 8, 9, 10, 11, 12, 13, 14, 15, 16, 17, 18, 19, 20, 21, 22, 23, 24, 25, 26, 27, 28, 29, 30, 31
Valid weekdays: Monday, Tuesday, Wednesday, Thursday, Friday, Saturday, Sunday
When: 01:00:00
Current Time: 2011-01-01 16:00:00
Valid Interval: 23:00:00-13:00:00
Valid days of month: 1, 2, 3, 4, 5, 6, 7, 8, 9, 10, 11, 12, 13, 14, 15, 16, 17, 18, 19, 20, 21, 22, 23, 24, 25, 26, 27, 28, 29, 30, 31
Valid weekdays: Monday, Tuesday, Wednesday, Thursday, Friday, Saturday, Sunday
When: 01:00:00
Current Time: 2011-01-01 23:00:00
Valid Interval: 23:00:00-13:00:00
Valid days of month: 1, 2, 3, 4, 5, 6, 7, 8, 9, 10, 11, 12, 13, 14, 15, 16, 17, 18, 19, 20, 21, 22, 23, 24, 25, 26, 27, 28, 29, 30, 31
Valid weekdays: Monday, Tuesday, Wednesday, Thursday, Friday, Saturday, Sunday
When: 01:00:00
Current Time: 2011-01-01 23:30:00
Valid Interval: 23:00:00-13:00:00
Valid days of month: 1, 2, 3, 4, 5, 6, 7, 8, 9, 10, 11, 12, 13, 14, 15, 16, 17, 18, 19, 20, 21, 22, 23, 24, 25, 26, 27, 28, 29, 30, 31
Valid weekdays: Monday, Tuesday, Wednesday, Thursday, Friday, Saturday, Sunday
When: 01:00:00
Current Time: 2011-01-02 00:30:00
Valid Interval: 23:00:00-13:00:00
Valid days of month: 1, 2, 3, 4, 5, 6, 7, 8, 9, 10, 11, 12, 13, 14, 15, 16, 17, 18, 19, 20, 21, 22, 23, 24, 25, 26, 27, 28, 29, 30, 31
Valid weekdays: Monday, Tuesday, Wednesday, Thursday, Friday, Saturday, Sunday
When: 01:00:00
Current Time: 2011-01-02 02:00:00
Valid Interval: 23:00:00-13:00:00
Valid days of month: 1, 2, 3, 4, 5, 6, 7, 8, 9, 10, 11, 12, 13, 14, 15, 16, 17, 18, 19, 20, 21, 22, 23, 24, 25, 26, 27, 28, 29, 30, 31
Valid weekdays: Monday, Tuesday, Wednesday, Thursday, Friday, Saturday, Sunday
When: 01:00:00
Current Time: 2011-01-02 13:00:00
Valid Interval: 23:00:00-13:00:00
Valid days of month: 1, 2, 3, 4, 5, 6, 7, 8, 9, 10, 11, 12, 13, 14, 15, 16, 17, 18, 19, 20, 21, 22, 23, 24, 25, 26, 27, 28, 29, 30, 31
Valid weekdays: Monday, Tuesday, Wednesday, Thursday, Friday, Saturday, Sunday
When: 23:30:00
Current Time: 2011-01-01 23:30:05
Valid Interval: 23:00:00-13:00:00
Valid days of month: 1, 2, 3, 4, 5, 6, 7, 8, 9, 10, 11, 12, 13, 14, 15, 16, 17, 18, 19, 20, 21, 22, 23, 24, 25, 26, 27, 28, 29, 30, 31
Valid weekdays: Monday, Tuesday, Wednesday, Thursday, Friday, Saturday, Sunday
When: 23:30:00
Current Time: 2011-01-02 00:30:00
Valid Interval: 23:00:00-13:00:00
Valid days of month: 1, 2, 3, 4, 5, 6, 7, 8, 9, 10, 11, 12, 13, 14, 15, 16, 17, 18, 19, 20, 21, 22, 23, 24, 25, 26, 27, 28, 29, 30, 31
Valid weekdays: Monday, Tuesday, Wednesday, Thursday, Friday, Saturday, Sunday
When: 23:30:00
Current Time: 2011-01-02 13:00:00
Valid Interval: 23:00:00-13:00:00
Valid days of month: 1, 2, 3, 4, 5, 6, 7, 8, 9, 10, 11, 12, 13, 14, 15, 16, 17, 18, 19, 20, 21, 22, 23, 24, 25, 26, 27, 28, 29, 30, 31
Valid weekdays: Monday, Tuesday, Wednesday, Thursday, Friday, Saturday, Sunday
When: 01:00:00
Current Time: 2011-01-01 02:00:00
Valid Interval: 23:00:00-13:00:00
Valid days of month: 1, 2, 3, 4, 5, 6, 7, 8, 9, 10, 11, 12, 13, 14, 15, 16, 17, 18, 19, 20, 21, 22, 23, 24, 25, 26, 27, 28, 29, 30, 31
Valid weekdays: Monday, Tuesday, Wednesday, Thursday, Friday, Saturday, Sunday
When: 01:00:00
Current Time: 2011-01-02 02:00:00
Valid Interval: 13:00:00-16:00:00
Valid days of month: 1, 2, 3, 4, 5, 6, 7, 8, 9, 10, 11, 12, 13, 14, 15, 16, 17, 18, 19, 20, 21, 22, 23, 24, 25, 26, 27, 28, 29, 30, 31
Valid weekdays: Saturday, Sunday
When: 14:00:00
Current Time: 2007-01-01 12:00:00
Valid Interval: 13:00:00-16:00:00
Valid days of month: 1, 2, 3, 4, 5, 6, 7, 8, 9, 10, 11, 12, 13, 14, 15, 16, 17, 18, 19, 20, 21, 22, 23, 24, 25, 26, 27, 28, 29, 30, 31
Valid weekdays: Saturday, Sunday
When: 14:00:00
Current Time: 2007-01-02 13:30:00
Valid Interval: 13:00:00-16:00:00
Valid days of month: 1, 2, 3, 4, 5, 6, 7, 8, 9, 10, 11, 12, 13, 14, 15, 16, 17, 18, 19, 20, 21, 22, 23, 24, 25, 26, 27, 28, 29, 30, 31
Valid weekdays: Saturday, Sunday
When: 14:00:00
Current Time: 2007-01-06 13:30:00
Valid Interval: 13:00:00-16:00:00
Valid days of month: 1, 2, 3, 4, 5, 6, 7, 8, 9, 10, 11, 12, 13, 14, 15, 16, 17, 18, 19, 20, 21, 22, 23, 24, 25, 26, 27, 28, 29, 30, 31
Valid weekdays: Saturday, Sunday
When: 14:00:00
Current Time: 2007-01-06 14:30:00
Valid Interval: 13:00:00-16:00:00
Valid days of month: 1, 2, 3, 4, 5, 6, 7, 8, 9, 10, 11, 12, 13, 14, 15, 16, 17, 18, 19, 20, 21, 22, 23, 24, 25, 26, 27, 28, 29, 30, 31
Valid weekdays: Saturday, Sunday
When: 14:00:00
Current Time: 2007-01-06 16:30:00
Valid Interval: 13:00:00-16:00:00
Valid days of month: 1, 2, 3, 4, 5, 6, 7, 8, 9, 10, 11, 12, 13, 14, 15, 16, 17, 18, 19, 20, 21, 22, 23, 24, 25, 26, 27, 28, 29, 30, 31
Valid weekdays: Saturday, Sunday
When: 14:00:00
Current Time: 2007-01-07 16:00:00
Valid Interval: 23:00:00-02:00:00
Valid days of month: 1, 2, 3, 4, 5, 6, 7, 8, 9, 10, 11, 12, 13, 14, 15, 16, 17, 18, 19, 20, 21, 22, 23, 24, 25, 26, 27, 28, 29, 30, 31
Valid weekdays: Saturday, Sunday
When: 01:00:00
Current Time: 2007-01-01 12:00:00
Valid Interval: 23:00:00-02:00:00
Valid days of month: 1, 2, 3, 4, 5, 6, 7, 8, 9, 10, 11, 12, 13, 14, 15, 16, 17, 18, 19, 20, 21, 22, 23, 24, 25, 26, 27, 28, 29, 30, 31
Valid weekdays: Saturday, Sunday
When: 01:00:00
Current Time: 2007-01-02 01:00:00
Valid Interval: 23:00:00-02:00:00
Valid days of month: 1, 2, 3, 4, 5, 6, 7, 8, 9, 10, 11, 12, 13, 14, 15, 16, 17, 18, 19, 20, 21, 22, 23, 24, 25, 26, 27, 28, 29, 30, 31
Valid weekdays: Saturday, Sunday
When: 01:00:00
Current Time: 2007-01-06 00:30:00
Valid Interval: 23:00:00-02:00:00
Valid days of month: 1, 2, 3, 4, 5, 6, 7, 8, 9, 10, 11, 12, 13, 14, 15, 16, 17, 18, 19, 20, 21, 22, 23, 24, 25, 26, 27, 28, 29, 30, 31
Valid weekdays: Saturday, Sunday
When: 01:00:00
Current Time: 2007-01-06 01:30:00
Valid Interval: 23:00:00-02:00:00
Valid days of month: 1, 2, 3, 4, 5, 6, 7, 8, 9, 10, 11, 12, 13, 14, 15, 16, 17, 18, 19, 20, 21, 22, 23, 24, 25, 26, 27, 28, 29, 30, 31
Valid weekdays: Saturday, Sunday
When: 01:00:00
Current Time: 2007-01-06 02:30:00
Valid Interval: 23:00:00-02:00:00
Valid days of month: 1, 2, 3, 4, 5, 6, 7, 8, 9, 10, 11, 12, 13, 14, 15, 16, 17, 18, 19, 20, 21, 22, 23, 24, 25, 26, 27, 28, 29, 30, 31
Valid weekdays: Saturday, Sunday
When: 01:00:00
Current Time: 2007-01-07 02:00:00
Valid Interval: 23:00:00-02:00:00
Valid days of month: 1, 2, 3, 4, 5, 6, 7, 8, 9, 10, 11, 12, 13, 14, 15, 16, 17, 18, 19, 20, 21, 22, 23, 24, 25, 26, 27, 28, 29, 30, 31
Valid weekdays: Saturday, Sunday
When: 23:30:00
Current Time: 2007-01-01 12:00:00
Valid Interval: 23:00:00-02:00:00
Valid days of month: 1, 2, 3, 4, 5, 6, 7, 8, 9, 10, 11, 12, 13, 14, 15, 16, 17, 18, 19, 20, 21, 22, 23, 24, 25, 26, 27, 28, 29, 30, 31
Valid weekdays: Saturday, Sunday
When: 23:30:00
Current Time: 2007-01-05 23:30:00
Valid Interval: 23:00:00-02:00:00
Valid days of month: 1, 2, 3, 4, 5, 6, 7, 8, 9, 10, 11, 12, 13, 14, 15, 16, 17, 18, 19, 20, 21, 22, 23, 24, 25, 26, 27, 28, 29, 30, 31
Valid weekdays: Saturday, Sunday
When: 23:30:00
Current Time: 2007-01-06 23:00:00
Valid Interval: 23:00:00-02:00:00
Valid days of month: 1, 2, 3, 4, 5, 6, 7, 8, 9, 10, 11, 12, 13, 14, 15, 16, 17, 18, 19, 20, 21, 22, 23, 24, 25, 26, 27, 28, 29, 30, 31
Valid weekdays: Saturday, Sunday
When: 23:30:00
Current Time: 2007-01-06 02:00:00
Valid Interval: 23:00:00-02:00:00
Valid days of month: 1, 2, 3, 4, 5, 6, 7, 8, 9, 10, 11, 12, 13, 14, 15, 16, 17, 18, 19, 20, 21, 22, 23, 24, 25, 26, 27, 28, 29, 30, 31
Valid weekdays: Saturday, Sunday
When: 23:30:00
Current Time: 2007-01-07 23:40:00
Valid Interval: 23:00:00-02:00:00
Valid days of month: 1, 2, 3, 4, 5, 6, 7, 8, 9, 10, 11, 12, 13, 14, 15, 16, 17, 18, 19, 20, 21, 22, 23, 24, 25, 26, 27, 28, 29, 30, 31
Valid weekdays: Saturday, Sunday
When: 23:30:00
Current Time: 2007-01-07 01:00:00
Valid Interval: 13:00:00-16:00:00
Valid days of month: 1, 2, 3, 4, 5, 6, 7, 8, 9, 10, 11, 12, 13, 14, 15, 16, 17, 18, 19, 20, 21, 22, 23, 24, 25, 26, 27, 28, 29, 30, 31
Valid weekdays: Saturday, Sunday
When: 14:00:00
Current Time: 2007-01-01 12:00:00
Valid Interval: 13:00:00-16:00:00
Valid days of month: 1, 2, 3, 4, 5, 6, 7, 8, 9, 10, 11, 12, 13, 14, 15, 16, 17, 18, 19, 20, 21, 22, 23, 24, 25, 26, 27, 28, 29, 30, 31
Valid weekdays: Saturday, Sunday
When: 14:00:00
Current Time: 2007-01-02 13:30:00
Valid Interval: 13:00:00-16:00:00
Valid days of month: 1, 2, 3, 4, 5, 6, 7, 8, 9, 10, 11, 12, 13, 14, 15, 16, 17, 18, 19, 20, 21, 22, 23, 24, 25, 26, 27, 28, 29, 30, 31
Valid weekdays: Saturday, Sunday
When: 14:00:00
Current Time: 2007-01-06 13:30:00
Valid Interval: 13:00:00-16:00:00
Valid days of month: 1, 2, 3, 4, 5, 6, 7, 8, 9, 10, 11, 12, 13, 14, 15, 16, 17, 18, 19, 20, 21, 22, 23, 24, 25, 26, 27, 28, 29, 30, 31
Valid weekdays: Saturday, Sunday
When: 14:00:00
Current Time: 2007-01-06 14:30:00
Valid Interval: 13:00:00-16:00:00
Valid days of month: 1, 2, 3, 4, 5, 6, 7, 8, 9, 10, 11, 12, 13, 14, 15, 16, 17, 18, 19, 20, 21, 22, 23, 24, 25, 26, 27, 28, 29, 30, 31
Valid weekdays: Saturday, Sunday
When: 14:00:00
Current Time: 2007-01-06 16:30:00
Valid Interval: 13:00:00-16:00:00
Valid days of month: 1, 2, 3, 4, 5, 6, 7, 8, 9, 10, 11, 12, 13, 14, 15, 16, 17, 18, 19, 20, 21, 22, 23, 24, 25, 26, 27, 28, 29, 30, 31
Valid weekdays: Saturday, Sunday
When: 14:00:00
Current Time: 2007-01-07 16:00:00
Valid Interval: 23:00:00-02:00:00
Valid days of month: 1, 2, 3, 4, 5, 6, 7, 8, 9, 10, 11, 12, 13, 14, 15, 16, 17, 18, 19, 20, 21, 22, 23, 24, 25, 26, 27, 28, 29, 30, 31
Valid weekdays: Saturday, Sunday
When: 01:00:00
Current Time: 2007-01-01 12:00:00
Valid Interval: 23:00:00-02:00:00
Valid days of month: 1, 2, 3, 4, 5, 6, 7, 8, 9, 10, 11, 12, 13, 14, 15, 16, 17, 18, 19, 20, 21, 22, 23, 24, 25, 26, 27, 28, 29, 30, 31
Valid weekdays: Saturday, Sunday
When: 01:00:00
Current Time: 2007-01-02 01:00:00
Valid Interval: 23:00:00-02:00:00
Valid days of month: 1, 2, 3, 4, 5, 6, 7, 8, 9, 10, 11, 12, 13, 14, 15, 16, 17, 18, 19, 20, 21, 22, 23, 24, 25, 26, 27, 28, 29, 30, 31
Valid weekdays: Saturday, Sunday
When: 01:00:00
Current Time: 2007-01-06 00:30:00
Valid Interval: 23:00:00-02:00:00
Valid days of month: 1, 2, 3, 4, 5, 6, 7, 8, 9, 10, 11, 12, 13, 14, 15, 16, 17, 18, 19, 20, 21, 22, 23, 24, 25, 26, 27, 28, 29, 30, 31
Valid weekdays: Saturday, Sunday
When: 01:00:00
Current Time: 2007-01-06 02:30:00
Valid Interval: 23:00:00-02:00:00
Valid days of month: 1, 2, 3, 4, 5, 6, 7, 8, 9, 10, 11, 12, 13, 14, 15, 16, 17, 18, 19, 20, 21, 22, 23, 24, 25, 26, 27, 28, 29, 30, 31
Valid weekdays: Saturday, Sunday
When: 23:30:00
Current Time: 2007-01-01 12:00:00
Valid Interval: 23:00:00-02:00:00
Valid days of month: 1, 2, 3, 4, 5, 6, 7, 8, 9, 10, 11, 12, 13, 14, 15, 16, 17, 18, 19, 20, 21, 22, 23, 24, 25, 26, 27, 28, 29, 30, 31
Valid weekdays: Saturday, Sunday
When: 23:30:00
Current Time: 2007-01-05 23:30:00
Valid Interval: 23:00:00-02:00:00
Valid days of month: 1, 2, 3, 4, 5, 6, 7, 8, 9, 10, 11, 12, 13, 14, 15, 16, 17, 18, 19, 20, 21, 22, 23, 24, 25, 26, 27, 28, 29, 30, 31
Valid weekdays: Saturday, Sunday
When: 23:30:00
Current Time: 2007-01-06 23:00:00
Valid Interval: 23:00:00-02:00:00
Valid days of month: 1, 2, 3, 4, 5, 6, 7, 8, 9, 10, 11, 12, 13, 14, 15, 16, 17, 18, 19, 20, 21, 22, 23, 24, 25, 26, 27, 28, 29, 30, 31
Valid weekdays: Saturday, Sunday
When: 23:30:00
Current Time: 2007-01-06 02:00:00
Valid Interval: 23:00:00-02:00:00
Valid days of month: 1, 2, 3, 4, 5, 6, 7, 8, 9, 10, 11, 12, 13, 14, 15, 16, 17, 18, 19, 20, 21, 22, 23, 24, 25, 26, 27, 28, 29, 30, 31
Valid weekdays: Saturday, Sunday
When: 23:30:00
Current Time: 2007-01-07 23:40:00
Valid Interval: 23:00:00-02:00:00
Valid days of month: 1, 2, 3, 4, 5, 6, 7, 8, 9, 10, 11, 12, 13, 14, 15, 16, 17, 18, 19, 20, 21, 22, 23, 24, 25, 26, 27, 28, 29, 30, 31
Valid weekdays: Saturday, Sunday
When: 23:30:00
Current Time: 2007-01-07 01:00:00
Valid Interval: 13:00:00-16:00:00
Valid days of month: 1, 2, 3, 4, 5, 6, 7, 8, 9, 10, 11, 12, 13, 14, 15, 16, 17, 18, 19, 20, 21, 22, 23, 24, 25, 26, 27, 28, 29, 30, 31
Valid weekdays: Saturday, Sunday
When: 14:00:00
Current Time: 2007-01-06 14:30:00
Valid Interval: 13:00:00-16:00:00
Valid days of month: 1, 2, 3, 4, 5, 6, 7, 8, 9, 10, 11, 12, 13, 14, 15, 16, 17, 18, 19, 20, 21, 22, 23, 24, 25, 26, 27, 28, 29, 30, 31
Valid weekdays: Saturday, Sunday
When: 14:00:00
Current Time: 2007-01-07 15:00:00
Valid Interval: 23:00:00-02:00:00
Valid days of month: 1, 2, 3, 4, 5, 6, 7, 8, 9, 10, 11, 12, 13, 14, 15, 16, 17, 18, 19, 20, 21, 22, 23, 24, 25, 26, 27, 28, 29, 30, 31
Valid weekdays: Saturday, Sunday
When: 01:00:00
Current Time: 2007-01-06 01:30:00
Valid Interval: 23:00:00-02:00:00
Valid days of month: 1, 2, 3, 4, 5, 6, 7, 8, 9, 10, 11, 12, 13, 14, 15, 16, 17, 18, 19, 20, 21, 22, 23, 24, 25, 26, 27, 28, 29, 30, 31
Valid weekdays: Saturday, Sunday
When: 01:00:00
Current Time: 2007-01-07 01:30:00
Valid Interval: 23:00:00-02:00:00
Valid days of month: 1, 2, 3, 4, 5, 6, 7, 8, 9, 10, 11, 12, 13, 14, 15, 16, 17, 18, 19, 20, 21, 22, 23, 24, 25, 26, 27, 28, 29, 30, 31
Valid weekdays: Saturday, Sunday
When: 23:30:00
Current Time: 2007-01-06 23:02:00
Valid Interval: 23:00:00-02:00:00
Valid days of month: 1, 2, 3, 4, 5, 6, 7, 8, 9, 10, 11, 12, 13, 14, 15, 16, 17, 18, 19, 20, 21, 22, 23, 24, 25, 26, 27, 28, 29, 30, 31
Valid weekdays: Saturday, Sunday
When: 23:30:00
Current Time: 2007-01-06 01:10:00
Valid Interval: 23:00:00-02:00:00
Valid days of month: 1, 2, 3, 4, 5, 6, 7, 8, 9, 10, 11, 12, 13, 14, 15, 16, 17, 18, 19, 20, 21, 22, 23, 24, 25, 26, 27, 28, 29, 30, 31
Valid weekdays: Saturday, Sunday
When: 23:30:00
Current Time: 2007-01-07 01:00:40
Valid Interval: 23:00:00-02:00:00
Valid days of month: 2
Valid weekdays: Saturday, Sunday
When: 23:30:00
Current Time: 2007-01-01 12:00:00
Valid Interval: 23:00:00-02:00:00
Valid days of month: 1, 2
Valid weekdays: Saturday, Sunday
When: 23:30:00
Current Time: 2007-01-05 23:30:00
Valid Interval: 23:00:00-02:00:00
Valid days of month: 1, 2
Valid weekdays: Saturday, Sunday
When: 23:30:00
Current Time: 2007-01-06 23:00:00</StdOut>
      </Output>
    </UnitTestResult>
    <UnitTestResult executionId="984db637-b05c-475a-b3bd-c44be1ece665" testId="a89129fb-f2e3-4d9e-b41c-66ac21af82ec" testName="GetNextTimeToTrigger_AbsoluteTimer_ReturnsCorrectTime (Data Row 64)" computerName="ICSWS068" duration="00:00:00.0035521" startTime="2016-08-04T07:57:22.8895522+02:00" endTime="2016-08-04T07:57:22.8930559+02:00" testType="13cdc9d9-ddb5-4fa4-a97d-d965ccfc6d4b" outcome="Passed" testListId="8c84fa94-04c1-424b-9868-57a2d4851a1d" relativeResultsDirectory="984db637-b05c-475a-b3bd-c44be1ece665">
      <Output>
        <StdOut>TestContext Messages:
Valid Interval: 11:00:00-13:00:00
Valid days of month: 1, 2, 3, 4, 5, 6, 7, 8, 9, 10, 11, 12, 13, 14, 15, 16, 17, 18, 19, 20, 21, 22, 23, 24, 25, 26, 27, 28, 29, 30, 31
Valid weekdays: Monday, Tuesday, Wednesday, Thursday, Friday, Saturday, Sunday
When: 12:00:00
Current Time: 2011-01-01 00:00:00
Valid Interval: 11:00:00-13:00:00
Valid days of month: 1, 2, 3, 4, 5, 6, 7, 8, 9, 10, 11, 12, 13, 14, 15, 16, 17, 18, 19, 20, 21, 22, 23, 24, 25, 26, 27, 28, 29, 30, 31
Valid weekdays: Monday, Tuesday, Wednesday, Thursday, Friday, Saturday, Sunday
When: 12:00:00
Current Time: 2011-01-01 09:00:00
Valid Interval: 11:00:00-13:00:00
Valid days of month: 1, 2, 3, 4, 5, 6, 7, 8, 9, 10, 11, 12, 13, 14, 15, 16, 17, 18, 19, 20, 21, 22, 23, 24, 25, 26, 27, 28, 29, 30, 31
Valid weekdays: Monday, Tuesday, Wednesday, Thursday, Friday, Saturday, Sunday
When: 12:00:00
Current Time: 2011-01-01 11:00:00
Valid Interval: 11:00:00-13:00:00
Valid days of month: 1, 2, 3, 4, 5, 6, 7, 8, 9, 10, 11, 12, 13, 14, 15, 16, 17, 18, 19, 20, 21, 22, 23, 24, 25, 26, 27, 28, 29, 30, 31
Valid weekdays: Monday, Tuesday, Wednesday, Thursday, Friday, Saturday, Sunday
When: 12:00:00
Current Time: 2011-01-01 12:00:00
Valid Interval: 11:00:00-13:00:00
Valid days of month: 1, 2, 3, 4, 5, 6, 7, 8, 9, 10, 11, 12, 13, 14, 15, 16, 17, 18, 19, 20, 21, 22, 23, 24, 25, 26, 27, 28, 29, 30, 31
Valid weekdays: Monday, Tuesday, Wednesday, Thursday, Friday, Saturday, Sunday
When: 12:00:00
Current Time: 2011-01-01 12:30:00
Valid Interval: 11:00:00-13:00:00
Valid days of month: 1, 2, 3, 4, 5, 6, 7, 8, 9, 10, 11, 12, 13, 14, 15, 16, 17, 18, 19, 20, 21, 22, 23, 24, 25, 26, 27, 28, 29, 30, 31
Valid weekdays: Monday, Tuesday, Wednesday, Thursday, Friday, Saturday, Sunday
When: 12:00:00
Current Time: 2011-01-01 13:00:00
Valid Interval: 11:00:00-13:00:00
Valid days of month: 1, 2, 3, 4, 5, 6, 7, 8, 9, 10, 11, 12, 13, 14, 15, 16, 17, 18, 19, 20, 21, 22, 23, 24, 25, 26, 27, 28, 29, 30, 31
Valid weekdays: Monday, Tuesday, Wednesday, Thursday, Friday, Saturday, Sunday
When: 12:00:00
Current Time: 2011-01-02 00:00:00
Valid Interval: 11:00:00-13:00:00
Valid days of month: 1, 2, 3, 4, 5, 6, 7, 8, 9, 10, 11, 12, 13, 14, 15, 16, 17, 18, 19, 20, 21, 22, 23, 24, 25, 26, 27, 28, 29, 30, 31
Valid weekdays: Monday, Tuesday, Wednesday, Thursday, Friday, Saturday, Sunday
When: 12:00:00
Current Time: 2011-01-02 09:00:00
Valid Interval: 11:00:00-13:00:00
Valid days of month: 1, 2, 3, 4, 5, 6, 7, 8, 9, 10, 11, 12, 13, 14, 15, 16, 17, 18, 19, 20, 21, 22, 23, 24, 25, 26, 27, 28, 29, 30, 31
Valid weekdays: Monday, Tuesday, Wednesday, Thursday, Friday, Saturday, Sunday
When: 12:00:00
Current Time: 2011-01-02 12:00:00
Valid Interval: 11:00:00-13:00:00
Valid days of month: 1, 2, 3, 4, 5, 6, 7, 8, 9, 10, 11, 12, 13, 14, 15, 16, 17, 18, 19, 20, 21, 22, 23, 24, 25, 26, 27, 28, 29, 30, 31
Valid weekdays: Monday, Tuesday, Wednesday, Thursday, Friday, Saturday, Sunday
When: 12:00:00
Current Time: 2011-01-02 12:45:30
Valid Interval: 11:00:00-13:00:00
Valid days of month: 1, 2, 3, 4, 5, 6, 7, 8, 9, 10, 11, 12, 13, 14, 15, 16, 17, 18, 19, 20, 21, 22, 23, 24, 25, 26, 27, 28, 29, 30, 31
Valid weekdays: Monday, Tuesday, Wednesday, Thursday, Friday, Saturday, Sunday
When: 12:00:00
Current Time: 2011-01-02 13:00:00
Valid Interval: 11:00:00-13:00:00
Valid days of month: 1, 2, 3, 4, 5, 6, 7, 8, 9, 10, 11, 12, 13, 14, 15, 16, 17, 18, 19, 20, 21, 22, 23, 24, 25, 26, 27, 28, 29, 30, 31
Valid weekdays: Monday, Tuesday, Wednesday, Thursday, Friday, Saturday, Sunday
When: 12:00:00
Current Time: 2011-01-01 12:00:00
Valid Interval: 11:00:00-13:00:00
Valid days of month: 1, 2, 3, 4, 5, 6, 7, 8, 9, 10, 11, 12, 13, 14, 15, 16, 17, 18, 19, 20, 21, 22, 23, 24, 25, 26, 27, 28, 29, 30, 31
Valid weekdays: Monday, Tuesday, Wednesday, Thursday, Friday, Saturday, Sunday
When: 12:00:00
Current Time: 2011-01-01 12:30:00
Valid Interval: 11:00:00-13:00:00
Valid days of month: 1, 2, 3, 4, 5, 6, 7, 8, 9, 10, 11, 12, 13, 14, 15, 16, 17, 18, 19, 20, 21, 22, 23, 24, 25, 26, 27, 28, 29, 30, 31
Valid weekdays: Monday, Tuesday, Wednesday, Thursday, Friday, Saturday, Sunday
When: 12:00:00
Current Time: 2011-01-01 12:30:00
Valid Interval: 11:00:00-13:00:00
Valid days of month: 1, 2, 3, 4, 5, 6, 7, 8, 9, 10, 11, 12, 13, 14, 15, 16, 17, 18, 19, 20, 21, 22, 23, 24, 25, 26, 27, 28, 29, 30, 31
Valid weekdays: Monday, Tuesday, Wednesday, Thursday, Friday, Saturday, Sunday
When: 12:00:00
Current Time: 2011-01-01 13:00:00
Valid Interval: 11:00:00-13:00:00
Valid days of month: 1, 2, 3, 4, 5, 6, 7, 8, 9, 10, 11, 12, 13, 14, 15, 16, 17, 18, 19, 20, 21, 22, 23, 24, 25, 26, 27, 28, 29, 30, 31
Valid weekdays: Monday, Tuesday, Wednesday, Thursday, Friday, Saturday, Sunday
When: 12:00:00
Current Time: 2011-01-01 14:30:00
Valid Interval: 23:00:00-13:00:00
Valid days of month: 1, 2, 3, 4, 5, 6, 7, 8, 9, 10, 11, 12, 13, 14, 15, 16, 17, 18, 19, 20, 21, 22, 23, 24, 25, 26, 27, 28, 29, 30, 31
Valid weekdays: Monday, Tuesday, Wednesday, Thursday, Friday, Saturday, Sunday
When: 23:30:00
Current Time: 2011-01-01 16:00:00
Valid Interval: 23:00:00-13:00:00
Valid days of month: 1, 2, 3, 4, 5, 6, 7, 8, 9, 10, 11, 12, 13, 14, 15, 16, 17, 18, 19, 20, 21, 22, 23, 24, 25, 26, 27, 28, 29, 30, 31
Valid weekdays: Monday, Tuesday, Wednesday, Thursday, Friday, Saturday, Sunday
When: 23:30:00
Current Time: 2011-01-01 23:00:00
Valid Interval: 23:00:00-13:00:00
Valid days of month: 1, 2, 3, 4, 5, 6, 7, 8, 9, 10, 11, 12, 13, 14, 15, 16, 17, 18, 19, 20, 21, 22, 23, 24, 25, 26, 27, 28, 29, 30, 31
Valid weekdays: Monday, Tuesday, Wednesday, Thursday, Friday, Saturday, Sunday
When: 23:30:00
Current Time: 2011-01-01 23:30:00
Valid Interval: 23:00:00-13:00:00
Valid days of month: 1, 2, 3, 4, 5, 6, 7, 8, 9, 10, 11, 12, 13, 14, 15, 16, 17, 18, 19, 20, 21, 22, 23, 24, 25, 26, 27, 28, 29, 30, 31
Valid weekdays: Monday, Tuesday, Wednesday, Thursday, Friday, Saturday, Sunday
When: 23:30:00
Current Time: 2011-01-01 23:45:00
Valid Interval: 23:00:00-13:00:00
Valid days of month: 1, 2, 3, 4, 5, 6, 7, 8, 9, 10, 11, 12, 13, 14, 15, 16, 17, 18, 19, 20, 21, 22, 23, 24, 25, 26, 27, 28, 29, 30, 31
Valid weekdays: Monday, Tuesday, Wednesday, Thursday, Friday, Saturday, Sunday
When: 23:30:00
Current Time: 2011-01-02 00:30:00
Valid Interval: 23:00:00-13:00:00
Valid days of month: 1, 2, 3, 4, 5, 6, 7, 8, 9, 10, 11, 12, 13, 14, 15, 16, 17, 18, 19, 20, 21, 22, 23, 24, 25, 26, 27, 28, 29, 30, 31
Valid weekdays: Monday, Tuesday, Wednesday, Thursday, Friday, Saturday, Sunday
When: 23:30:00
Current Time: 2011-01-01 13:00:00
Valid Interval: 23:00:00-13:00:00
Valid days of month: 1, 2, 3, 4, 5, 6, 7, 8, 9, 10, 11, 12, 13, 14, 15, 16, 17, 18, 19, 20, 21, 22, 23, 24, 25, 26, 27, 28, 29, 30, 31
Valid weekdays: Monday, Tuesday, Wednesday, Thursday, Friday, Saturday, Sunday
When: 01:00:00
Current Time: 2011-01-01 16:00:00
Valid Interval: 23:00:00-13:00:00
Valid days of month: 1, 2, 3, 4, 5, 6, 7, 8, 9, 10, 11, 12, 13, 14, 15, 16, 17, 18, 19, 20, 21, 22, 23, 24, 25, 26, 27, 28, 29, 30, 31
Valid weekdays: Monday, Tuesday, Wednesday, Thursday, Friday, Saturday, Sunday
When: 01:00:00
Current Time: 2011-01-01 23:00:00
Valid Interval: 23:00:00-13:00:00
Valid days of month: 1, 2, 3, 4, 5, 6, 7, 8, 9, 10, 11, 12, 13, 14, 15, 16, 17, 18, 19, 20, 21, 22, 23, 24, 25, 26, 27, 28, 29, 30, 31
Valid weekdays: Monday, Tuesday, Wednesday, Thursday, Friday, Saturday, Sunday
When: 01:00:00
Current Time: 2011-01-01 23:30:00
Valid Interval: 23:00:00-13:00:00
Valid days of month: 1, 2, 3, 4, 5, 6, 7, 8, 9, 10, 11, 12, 13, 14, 15, 16, 17, 18, 19, 20, 21, 22, 23, 24, 25, 26, 27, 28, 29, 30, 31
Valid weekdays: Monday, Tuesday, Wednesday, Thursday, Friday, Saturday, Sunday
When: 01:00:00
Current Time: 2011-01-02 00:30:00
Valid Interval: 23:00:00-13:00:00
Valid days of month: 1, 2, 3, 4, 5, 6, 7, 8, 9, 10, 11, 12, 13, 14, 15, 16, 17, 18, 19, 20, 21, 22, 23, 24, 25, 26, 27, 28, 29, 30, 31
Valid weekdays: Monday, Tuesday, Wednesday, Thursday, Friday, Saturday, Sunday
When: 01:00:00
Current Time: 2011-01-01 02:00:00
Valid Interval: 23:00:00-13:00:00
Valid days of month: 1, 2, 3, 4, 5, 6, 7, 8, 9, 10, 11, 12, 13, 14, 15, 16, 17, 18, 19, 20, 21, 22, 23, 24, 25, 26, 27, 28, 29, 30, 31
Valid weekdays: Monday, Tuesday, Wednesday, Thursday, Friday, Saturday, Sunday
When: 01:00:00
Current Time: 2011-01-01 13:00:00
Valid Interval: 23:00:00-13:00:00
Valid days of month: 1, 2, 3, 4, 5, 6, 7, 8, 9, 10, 11, 12, 13, 14, 15, 16, 17, 18, 19, 20, 21, 22, 23, 24, 25, 26, 27, 28, 29, 30, 31
Valid weekdays: Monday, Tuesday, Wednesday, Thursday, Friday, Saturday, Sunday
When: 23:30:00
Current Time: 2011-01-01 16:00:00
Valid Interval: 23:00:00-13:00:00
Valid days of month: 1, 2, 3, 4, 5, 6, 7, 8, 9, 10, 11, 12, 13, 14, 15, 16, 17, 18, 19, 20, 21, 22, 23, 24, 25, 26, 27, 28, 29, 30, 31
Valid weekdays: Monday, Tuesday, Wednesday, Thursday, Friday, Saturday, Sunday
When: 23:30:00
Current Time: 2011-01-01 23:00:00
Valid Interval: 23:00:00-13:00:00
Valid days of month: 1, 2, 3, 4, 5, 6, 7, 8, 9, 10, 11, 12, 13, 14, 15, 16, 17, 18, 19, 20, 21, 22, 23, 24, 25, 26, 27, 28, 29, 30, 31
Valid weekdays: Monday, Tuesday, Wednesday, Thursday, Friday, Saturday, Sunday
When: 23:30:00
Current Time: 2011-01-01 23:30:00
Valid Interval: 23:00:00-13:00:00
Valid days of month: 1, 2, 3, 4, 5, 6, 7, 8, 9, 10, 11, 12, 13, 14, 15, 16, 17, 18, 19, 20, 21, 22, 23, 24, 25, 26, 27, 28, 29, 30, 31
Valid weekdays: Monday, Tuesday, Wednesday, Thursday, Friday, Saturday, Sunday
When: 23:30:00
Current Time: 2011-01-01 23:45:00
Valid Interval: 23:00:00-13:00:00
Valid days of month: 1, 2, 3, 4, 5, 6, 7, 8, 9, 10, 11, 12, 13, 14, 15, 16, 17, 18, 19, 20, 21, 22, 23, 24, 25, 26, 27, 28, 29, 30, 31
Valid weekdays: Monday, Tuesday, Wednesday, Thursday, Friday, Saturday, Sunday
When: 23:30:00
Current Time: 2011-01-02 00:30:00
Valid Interval: 23:00:00-13:00:00
Valid days of month: 1, 2, 3, 4, 5, 6, 7, 8, 9, 10, 11, 12, 13, 14, 15, 16, 17, 18, 19, 20, 21, 22, 23, 24, 25, 26, 27, 28, 29, 30, 31
Valid weekdays: Monday, Tuesday, Wednesday, Thursday, Friday, Saturday, Sunday
When: 23:30:00
Current Time: 2011-01-01 13:00:00
Valid Interval: 23:00:00-13:00:00
Valid days of month: 1, 2, 3, 4, 5, 6, 7, 8, 9, 10, 11, 12, 13, 14, 15, 16, 17, 18, 19, 20, 21, 22, 23, 24, 25, 26, 27, 28, 29, 30, 31
Valid weekdays: Monday, Tuesday, Wednesday, Thursday, Friday, Saturday, Sunday
When: 01:00:00
Current Time: 2011-01-01 16:00:00
Valid Interval: 23:00:00-13:00:00
Valid days of month: 1, 2, 3, 4, 5, 6, 7, 8, 9, 10, 11, 12, 13, 14, 15, 16, 17, 18, 19, 20, 21, 22, 23, 24, 25, 26, 27, 28, 29, 30, 31
Valid weekdays: Monday, Tuesday, Wednesday, Thursday, Friday, Saturday, Sunday
When: 01:00:00
Current Time: 2011-01-01 23:00:00
Valid Interval: 23:00:00-13:00:00
Valid days of month: 1, 2, 3, 4, 5, 6, 7, 8, 9, 10, 11, 12, 13, 14, 15, 16, 17, 18, 19, 20, 21, 22, 23, 24, 25, 26, 27, 28, 29, 30, 31
Valid weekdays: Monday, Tuesday, Wednesday, Thursday, Friday, Saturday, Sunday
When: 01:00:00
Current Time: 2011-01-01 23:30:00
Valid Interval: 23:00:00-13:00:00
Valid days of month: 1, 2, 3, 4, 5, 6, 7, 8, 9, 10, 11, 12, 13, 14, 15, 16, 17, 18, 19, 20, 21, 22, 23, 24, 25, 26, 27, 28, 29, 30, 31
Valid weekdays: Monday, Tuesday, Wednesday, Thursday, Friday, Saturday, Sunday
When: 01:00:00
Current Time: 2011-01-02 00:30:00
Valid Interval: 23:00:00-13:00:00
Valid days of month: 1, 2, 3, 4, 5, 6, 7, 8, 9, 10, 11, 12, 13, 14, 15, 16, 17, 18, 19, 20, 21, 22, 23, 24, 25, 26, 27, 28, 29, 30, 31
Valid weekdays: Monday, Tuesday, Wednesday, Thursday, Friday, Saturday, Sunday
When: 01:00:00
Current Time: 2011-01-02 02:00:00
Valid Interval: 23:00:00-13:00:00
Valid days of month: 1, 2, 3, 4, 5, 6, 7, 8, 9, 10, 11, 12, 13, 14, 15, 16, 17, 18, 19, 20, 21, 22, 23, 24, 25, 26, 27, 28, 29, 30, 31
Valid weekdays: Monday, Tuesday, Wednesday, Thursday, Friday, Saturday, Sunday
When: 01:00:00
Current Time: 2011-01-02 13:00:00
Valid Interval: 23:00:00-13:00:00
Valid days of month: 1, 2, 3, 4, 5, 6, 7, 8, 9, 10, 11, 12, 13, 14, 15, 16, 17, 18, 19, 20, 21, 22, 23, 24, 25, 26, 27, 28, 29, 30, 31
Valid weekdays: Monday, Tuesday, Wednesday, Thursday, Friday, Saturday, Sunday
When: 23:30:00
Current Time: 2011-01-01 23:30:05
Valid Interval: 23:00:00-13:00:00
Valid days of month: 1, 2, 3, 4, 5, 6, 7, 8, 9, 10, 11, 12, 13, 14, 15, 16, 17, 18, 19, 20, 21, 22, 23, 24, 25, 26, 27, 28, 29, 30, 31
Valid weekdays: Monday, Tuesday, Wednesday, Thursday, Friday, Saturday, Sunday
When: 23:30:00
Current Time: 2011-01-02 00:30:00
Valid Interval: 23:00:00-13:00:00
Valid days of month: 1, 2, 3, 4, 5, 6, 7, 8, 9, 10, 11, 12, 13, 14, 15, 16, 17, 18, 19, 20, 21, 22, 23, 24, 25, 26, 27, 28, 29, 30, 31
Valid weekdays: Monday, Tuesday, Wednesday, Thursday, Friday, Saturday, Sunday
When: 23:30:00
Current Time: 2011-01-02 13:00:00
Valid Interval: 23:00:00-13:00:00
Valid days of month: 1, 2, 3, 4, 5, 6, 7, 8, 9, 10, 11, 12, 13, 14, 15, 16, 17, 18, 19, 20, 21, 22, 23, 24, 25, 26, 27, 28, 29, 30, 31
Valid weekdays: Monday, Tuesday, Wednesday, Thursday, Friday, Saturday, Sunday
When: 01:00:00
Current Time: 2011-01-01 02:00:00
Valid Interval: 23:00:00-13:00:00
Valid days of month: 1, 2, 3, 4, 5, 6, 7, 8, 9, 10, 11, 12, 13, 14, 15, 16, 17, 18, 19, 20, 21, 22, 23, 24, 25, 26, 27, 28, 29, 30, 31
Valid weekdays: Monday, Tuesday, Wednesday, Thursday, Friday, Saturday, Sunday
When: 01:00:00
Current Time: 2011-01-02 02:00:00
Valid Interval: 13:00:00-16:00:00
Valid days of month: 1, 2, 3, 4, 5, 6, 7, 8, 9, 10, 11, 12, 13, 14, 15, 16, 17, 18, 19, 20, 21, 22, 23, 24, 25, 26, 27, 28, 29, 30, 31
Valid weekdays: Saturday, Sunday
When: 14:00:00
Current Time: 2007-01-01 12:00:00
Valid Interval: 13:00:00-16:00:00
Valid days of month: 1, 2, 3, 4, 5, 6, 7, 8, 9, 10, 11, 12, 13, 14, 15, 16, 17, 18, 19, 20, 21, 22, 23, 24, 25, 26, 27, 28, 29, 30, 31
Valid weekdays: Saturday, Sunday
When: 14:00:00
Current Time: 2007-01-02 13:30:00
Valid Interval: 13:00:00-16:00:00
Valid days of month: 1, 2, 3, 4, 5, 6, 7, 8, 9, 10, 11, 12, 13, 14, 15, 16, 17, 18, 19, 20, 21, 22, 23, 24, 25, 26, 27, 28, 29, 30, 31
Valid weekdays: Saturday, Sunday
When: 14:00:00
Current Time: 2007-01-06 13:30:00
Valid Interval: 13:00:00-16:00:00
Valid days of month: 1, 2, 3, 4, 5, 6, 7, 8, 9, 10, 11, 12, 13, 14, 15, 16, 17, 18, 19, 20, 21, 22, 23, 24, 25, 26, 27, 28, 29, 30, 31
Valid weekdays: Saturday, Sunday
When: 14:00:00
Current Time: 2007-01-06 14:30:00
Valid Interval: 13:00:00-16:00:00
Valid days of month: 1, 2, 3, 4, 5, 6, 7, 8, 9, 10, 11, 12, 13, 14, 15, 16, 17, 18, 19, 20, 21, 22, 23, 24, 25, 26, 27, 28, 29, 30, 31
Valid weekdays: Saturday, Sunday
When: 14:00:00
Current Time: 2007-01-06 16:30:00
Valid Interval: 13:00:00-16:00:00
Valid days of month: 1, 2, 3, 4, 5, 6, 7, 8, 9, 10, 11, 12, 13, 14, 15, 16, 17, 18, 19, 20, 21, 22, 23, 24, 25, 26, 27, 28, 29, 30, 31
Valid weekdays: Saturday, Sunday
When: 14:00:00
Current Time: 2007-01-07 16:00:00
Valid Interval: 23:00:00-02:00:00
Valid days of month: 1, 2, 3, 4, 5, 6, 7, 8, 9, 10, 11, 12, 13, 14, 15, 16, 17, 18, 19, 20, 21, 22, 23, 24, 25, 26, 27, 28, 29, 30, 31
Valid weekdays: Saturday, Sunday
When: 01:00:00
Current Time: 2007-01-01 12:00:00
Valid Interval: 23:00:00-02:00:00
Valid days of month: 1, 2, 3, 4, 5, 6, 7, 8, 9, 10, 11, 12, 13, 14, 15, 16, 17, 18, 19, 20, 21, 22, 23, 24, 25, 26, 27, 28, 29, 30, 31
Valid weekdays: Saturday, Sunday
When: 01:00:00
Current Time: 2007-01-02 01:00:00
Valid Interval: 23:00:00-02:00:00
Valid days of month: 1, 2, 3, 4, 5, 6, 7, 8, 9, 10, 11, 12, 13, 14, 15, 16, 17, 18, 19, 20, 21, 22, 23, 24, 25, 26, 27, 28, 29, 30, 31
Valid weekdays: Saturday, Sunday
When: 01:00:00
Current Time: 2007-01-06 00:30:00
Valid Interval: 23:00:00-02:00:00
Valid days of month: 1, 2, 3, 4, 5, 6, 7, 8, 9, 10, 11, 12, 13, 14, 15, 16, 17, 18, 19, 20, 21, 22, 23, 24, 25, 26, 27, 28, 29, 30, 31
Valid weekdays: Saturday, Sunday
When: 01:00:00
Current Time: 2007-01-06 01:30:00
Valid Interval: 23:00:00-02:00:00
Valid days of month: 1, 2, 3, 4, 5, 6, 7, 8, 9, 10, 11, 12, 13, 14, 15, 16, 17, 18, 19, 20, 21, 22, 23, 24, 25, 26, 27, 28, 29, 30, 31
Valid weekdays: Saturday, Sunday
When: 01:00:00
Current Time: 2007-01-06 02:30:00
Valid Interval: 23:00:00-02:00:00
Valid days of month: 1, 2, 3, 4, 5, 6, 7, 8, 9, 10, 11, 12, 13, 14, 15, 16, 17, 18, 19, 20, 21, 22, 23, 24, 25, 26, 27, 28, 29, 30, 31
Valid weekdays: Saturday, Sunday
When: 01:00:00
Current Time: 2007-01-07 02:00:00
Valid Interval: 23:00:00-02:00:00
Valid days of month: 1, 2, 3, 4, 5, 6, 7, 8, 9, 10, 11, 12, 13, 14, 15, 16, 17, 18, 19, 20, 21, 22, 23, 24, 25, 26, 27, 28, 29, 30, 31
Valid weekdays: Saturday, Sunday
When: 23:30:00
Current Time: 2007-01-01 12:00:00
Valid Interval: 23:00:00-02:00:00
Valid days of month: 1, 2, 3, 4, 5, 6, 7, 8, 9, 10, 11, 12, 13, 14, 15, 16, 17, 18, 19, 20, 21, 22, 23, 24, 25, 26, 27, 28, 29, 30, 31
Valid weekdays: Saturday, Sunday
When: 23:30:00
Current Time: 2007-01-05 23:30:00
Valid Interval: 23:00:00-02:00:00
Valid days of month: 1, 2, 3, 4, 5, 6, 7, 8, 9, 10, 11, 12, 13, 14, 15, 16, 17, 18, 19, 20, 21, 22, 23, 24, 25, 26, 27, 28, 29, 30, 31
Valid weekdays: Saturday, Sunday
When: 23:30:00
Current Time: 2007-01-06 23:00:00
Valid Interval: 23:00:00-02:00:00
Valid days of month: 1, 2, 3, 4, 5, 6, 7, 8, 9, 10, 11, 12, 13, 14, 15, 16, 17, 18, 19, 20, 21, 22, 23, 24, 25, 26, 27, 28, 29, 30, 31
Valid weekdays: Saturday, Sunday
When: 23:30:00
Current Time: 2007-01-06 02:00:00
Valid Interval: 23:00:00-02:00:00
Valid days of month: 1, 2, 3, 4, 5, 6, 7, 8, 9, 10, 11, 12, 13, 14, 15, 16, 17, 18, 19, 20, 21, 22, 23, 24, 25, 26, 27, 28, 29, 30, 31
Valid weekdays: Saturday, Sunday
When: 23:30:00
Current Time: 2007-01-07 23:40:00
Valid Interval: 23:00:00-02:00:00
Valid days of month: 1, 2, 3, 4, 5, 6, 7, 8, 9, 10, 11, 12, 13, 14, 15, 16, 17, 18, 19, 20, 21, 22, 23, 24, 25, 26, 27, 28, 29, 30, 31
Valid weekdays: Saturday, Sunday
When: 23:30:00
Current Time: 2007-01-07 01:00:00
Valid Interval: 13:00:00-16:00:00
Valid days of month: 1, 2, 3, 4, 5, 6, 7, 8, 9, 10, 11, 12, 13, 14, 15, 16, 17, 18, 19, 20, 21, 22, 23, 24, 25, 26, 27, 28, 29, 30, 31
Valid weekdays: Saturday, Sunday
When: 14:00:00
Current Time: 2007-01-01 12:00:00
Valid Interval: 13:00:00-16:00:00
Valid days of month: 1, 2, 3, 4, 5, 6, 7, 8, 9, 10, 11, 12, 13, 14, 15, 16, 17, 18, 19, 20, 21, 22, 23, 24, 25, 26, 27, 28, 29, 30, 31
Valid weekdays: Saturday, Sunday
When: 14:00:00
Current Time: 2007-01-02 13:30:00
Valid Interval: 13:00:00-16:00:00
Valid days of month: 1, 2, 3, 4, 5, 6, 7, 8, 9, 10, 11, 12, 13, 14, 15, 16, 17, 18, 19, 20, 21, 22, 23, 24, 25, 26, 27, 28, 29, 30, 31
Valid weekdays: Saturday, Sunday
When: 14:00:00
Current Time: 2007-01-06 13:30:00
Valid Interval: 13:00:00-16:00:00
Valid days of month: 1, 2, 3, 4, 5, 6, 7, 8, 9, 10, 11, 12, 13, 14, 15, 16, 17, 18, 19, 20, 21, 22, 23, 24, 25, 26, 27, 28, 29, 30, 31
Valid weekdays: Saturday, Sunday
When: 14:00:00
Current Time: 2007-01-06 14:30:00
Valid Interval: 13:00:00-16:00:00
Valid days of month: 1, 2, 3, 4, 5, 6, 7, 8, 9, 10, 11, 12, 13, 14, 15, 16, 17, 18, 19, 20, 21, 22, 23, 24, 25, 26, 27, 28, 29, 30, 31
Valid weekdays: Saturday, Sunday
When: 14:00:00
Current Time: 2007-01-06 16:30:00
Valid Interval: 13:00:00-16:00:00
Valid days of month: 1, 2, 3, 4, 5, 6, 7, 8, 9, 10, 11, 12, 13, 14, 15, 16, 17, 18, 19, 20, 21, 22, 23, 24, 25, 26, 27, 28, 29, 30, 31
Valid weekdays: Saturday, Sunday
When: 14:00:00
Current Time: 2007-01-07 16:00:00
Valid Interval: 23:00:00-02:00:00
Valid days of month: 1, 2, 3, 4, 5, 6, 7, 8, 9, 10, 11, 12, 13, 14, 15, 16, 17, 18, 19, 20, 21, 22, 23, 24, 25, 26, 27, 28, 29, 30, 31
Valid weekdays: Saturday, Sunday
When: 01:00:00
Current Time: 2007-01-01 12:00:00
Valid Interval: 23:00:00-02:00:00
Valid days of month: 1, 2, 3, 4, 5, 6, 7, 8, 9, 10, 11, 12, 13, 14, 15, 16, 17, 18, 19, 20, 21, 22, 23, 24, 25, 26, 27, 28, 29, 30, 31
Valid weekdays: Saturday, Sunday
When: 01:00:00
Current Time: 2007-01-02 01:00:00
Valid Interval: 23:00:00-02:00:00
Valid days of month: 1, 2, 3, 4, 5, 6, 7, 8, 9, 10, 11, 12, 13, 14, 15, 16, 17, 18, 19, 20, 21, 22, 23, 24, 25, 26, 27, 28, 29, 30, 31
Valid weekdays: Saturday, Sunday
When: 01:00:00
Current Time: 2007-01-06 00:30:00
Valid Interval: 23:00:00-02:00:00
Valid days of month: 1, 2, 3, 4, 5, 6, 7, 8, 9, 10, 11, 12, 13, 14, 15, 16, 17, 18, 19, 20, 21, 22, 23, 24, 25, 26, 27, 28, 29, 30, 31
Valid weekdays: Saturday, Sunday
When: 01:00:00
Current Time: 2007-01-06 02:30:00
Valid Interval: 23:00:00-02:00:00
Valid days of month: 1, 2, 3, 4, 5, 6, 7, 8, 9, 10, 11, 12, 13, 14, 15, 16, 17, 18, 19, 20, 21, 22, 23, 24, 25, 26, 27, 28, 29, 30, 31
Valid weekdays: Saturday, Sunday
When: 23:30:00
Current Time: 2007-01-01 12:00:00
Valid Interval: 23:00:00-02:00:00
Valid days of month: 1, 2, 3, 4, 5, 6, 7, 8, 9, 10, 11, 12, 13, 14, 15, 16, 17, 18, 19, 20, 21, 22, 23, 24, 25, 26, 27, 28, 29, 30, 31
Valid weekdays: Saturday, Sunday
When: 23:30:00
Current Time: 2007-01-05 23:30:00
Valid Interval: 23:00:00-02:00:00
Valid days of month: 1, 2, 3, 4, 5, 6, 7, 8, 9, 10, 11, 12, 13, 14, 15, 16, 17, 18, 19, 20, 21, 22, 23, 24, 25, 26, 27, 28, 29, 30, 31
Valid weekdays: Saturday, Sunday
When: 23:30:00
Current Time: 2007-01-06 23:00:00
Valid Interval: 23:00:00-02:00:00
Valid days of month: 1, 2, 3, 4, 5, 6, 7, 8, 9, 10, 11, 12, 13, 14, 15, 16, 17, 18, 19, 20, 21, 22, 23, 24, 25, 26, 27, 28, 29, 30, 31
Valid weekdays: Saturday, Sunday
When: 23:30:00
Current Time: 2007-01-06 02:00:00
Valid Interval: 23:00:00-02:00:00
Valid days of month: 1, 2, 3, 4, 5, 6, 7, 8, 9, 10, 11, 12, 13, 14, 15, 16, 17, 18, 19, 20, 21, 22, 23, 24, 25, 26, 27, 28, 29, 30, 31
Valid weekdays: Saturday, Sunday
When: 23:30:00
Current Time: 2007-01-07 23:40:00
Valid Interval: 23:00:00-02:00:00
Valid days of month: 1, 2, 3, 4, 5, 6, 7, 8, 9, 10, 11, 12, 13, 14, 15, 16, 17, 18, 19, 20, 21, 22, 23, 24, 25, 26, 27, 28, 29, 30, 31
Valid weekdays: Saturday, Sunday
When: 23:30:00
Current Time: 2007-01-07 01:00:00
Valid Interval: 13:00:00-16:00:00
Valid days of month: 1, 2, 3, 4, 5, 6, 7, 8, 9, 10, 11, 12, 13, 14, 15, 16, 17, 18, 19, 20, 21, 22, 23, 24, 25, 26, 27, 28, 29, 30, 31
Valid weekdays: Saturday, Sunday
When: 14:00:00
Current Time: 2007-01-06 14:30:00
Valid Interval: 13:00:00-16:00:00
Valid days of month: 1, 2, 3, 4, 5, 6, 7, 8, 9, 10, 11, 12, 13, 14, 15, 16, 17, 18, 19, 20, 21, 22, 23, 24, 25, 26, 27, 28, 29, 30, 31
Valid weekdays: Saturday, Sunday
When: 14:00:00
Current Time: 2007-01-07 15:00:00
Valid Interval: 23:00:00-02:00:00
Valid days of month: 1, 2, 3, 4, 5, 6, 7, 8, 9, 10, 11, 12, 13, 14, 15, 16, 17, 18, 19, 20, 21, 22, 23, 24, 25, 26, 27, 28, 29, 30, 31
Valid weekdays: Saturday, Sunday
When: 01:00:00
Current Time: 2007-01-06 01:30:00
Valid Interval: 23:00:00-02:00:00
Valid days of month: 1, 2, 3, 4, 5, 6, 7, 8, 9, 10, 11, 12, 13, 14, 15, 16, 17, 18, 19, 20, 21, 22, 23, 24, 25, 26, 27, 28, 29, 30, 31
Valid weekdays: Saturday, Sunday
When: 01:00:00
Current Time: 2007-01-07 01:30:00
Valid Interval: 23:00:00-02:00:00
Valid days of month: 1, 2, 3, 4, 5, 6, 7, 8, 9, 10, 11, 12, 13, 14, 15, 16, 17, 18, 19, 20, 21, 22, 23, 24, 25, 26, 27, 28, 29, 30, 31
Valid weekdays: Saturday, Sunday
When: 23:30:00
Current Time: 2007-01-06 23:02:00
Valid Interval: 23:00:00-02:00:00
Valid days of month: 1, 2, 3, 4, 5, 6, 7, 8, 9, 10, 11, 12, 13, 14, 15, 16, 17, 18, 19, 20, 21, 22, 23, 24, 25, 26, 27, 28, 29, 30, 31
Valid weekdays: Saturday, Sunday
When: 23:30:00
Current Time: 2007-01-06 01:10:00
Valid Interval: 23:00:00-02:00:00
Valid days of month: 1, 2, 3, 4, 5, 6, 7, 8, 9, 10, 11, 12, 13, 14, 15, 16, 17, 18, 19, 20, 21, 22, 23, 24, 25, 26, 27, 28, 29, 30, 31
Valid weekdays: Saturday, Sunday
When: 23:30:00
Current Time: 2007-01-07 01:00:40
Valid Interval: 23:00:00-02:00:00
Valid days of month: 2
Valid weekdays: Saturday, Sunday
When: 23:30:00
Current Time: 2007-01-01 12:00:00
Valid Interval: 23:00:00-02:00:00
Valid days of month: 1, 2
Valid weekdays: Saturday, Sunday
When: 23:30:00
Current Time: 2007-01-05 23:30:00
Valid Interval: 23:00:00-02:00:00
Valid days of month: 1, 2
Valid weekdays: Saturday, Sunday
When: 23:30:00
Current Time: 2007-01-06 23:00:00</StdOut>
      </Output>
    </UnitTestResult>
    <UnitTestResult executionId="a18dd988-253d-46e2-977f-59afee317ed4" testId="59951849-6129-4458-adba-6948300498e9" testName="GetNextTimeToTrigger_AbsoluteTimer_ReturnsCorrectTime (Data Row 65)" computerName="ICSWS068" duration="00:00:00.0034395" startTime="2016-08-04T07:57:22.8930559+02:00" endTime="2016-08-04T07:57:22.8965582+02:00" testType="13cdc9d9-ddb5-4fa4-a97d-d965ccfc6d4b" outcome="Passed" testListId="8c84fa94-04c1-424b-9868-57a2d4851a1d" relativeResultsDirectory="a18dd988-253d-46e2-977f-59afee317ed4">
      <Output>
        <StdOut>TestContext Messages:
Valid Interval: 11:00:00-13:00:00
Valid days of month: 1, 2, 3, 4, 5, 6, 7, 8, 9, 10, 11, 12, 13, 14, 15, 16, 17, 18, 19, 20, 21, 22, 23, 24, 25, 26, 27, 28, 29, 30, 31
Valid weekdays: Monday, Tuesday, Wednesday, Thursday, Friday, Saturday, Sunday
When: 12:00:00
Current Time: 2011-01-01 00:00:00
Valid Interval: 11:00:00-13:00:00
Valid days of month: 1, 2, 3, 4, 5, 6, 7, 8, 9, 10, 11, 12, 13, 14, 15, 16, 17, 18, 19, 20, 21, 22, 23, 24, 25, 26, 27, 28, 29, 30, 31
Valid weekdays: Monday, Tuesday, Wednesday, Thursday, Friday, Saturday, Sunday
When: 12:00:00
Current Time: 2011-01-01 09:00:00
Valid Interval: 11:00:00-13:00:00
Valid days of month: 1, 2, 3, 4, 5, 6, 7, 8, 9, 10, 11, 12, 13, 14, 15, 16, 17, 18, 19, 20, 21, 22, 23, 24, 25, 26, 27, 28, 29, 30, 31
Valid weekdays: Monday, Tuesday, Wednesday, Thursday, Friday, Saturday, Sunday
When: 12:00:00
Current Time: 2011-01-01 11:00:00
Valid Interval: 11:00:00-13:00:00
Valid days of month: 1, 2, 3, 4, 5, 6, 7, 8, 9, 10, 11, 12, 13, 14, 15, 16, 17, 18, 19, 20, 21, 22, 23, 24, 25, 26, 27, 28, 29, 30, 31
Valid weekdays: Monday, Tuesday, Wednesday, Thursday, Friday, Saturday, Sunday
When: 12:00:00
Current Time: 2011-01-01 12:00:00
Valid Interval: 11:00:00-13:00:00
Valid days of month: 1, 2, 3, 4, 5, 6, 7, 8, 9, 10, 11, 12, 13, 14, 15, 16, 17, 18, 19, 20, 21, 22, 23, 24, 25, 26, 27, 28, 29, 30, 31
Valid weekdays: Monday, Tuesday, Wednesday, Thursday, Friday, Saturday, Sunday
When: 12:00:00
Current Time: 2011-01-01 12:30:00
Valid Interval: 11:00:00-13:00:00
Valid days of month: 1, 2, 3, 4, 5, 6, 7, 8, 9, 10, 11, 12, 13, 14, 15, 16, 17, 18, 19, 20, 21, 22, 23, 24, 25, 26, 27, 28, 29, 30, 31
Valid weekdays: Monday, Tuesday, Wednesday, Thursday, Friday, Saturday, Sunday
When: 12:00:00
Current Time: 2011-01-01 13:00:00
Valid Interval: 11:00:00-13:00:00
Valid days of month: 1, 2, 3, 4, 5, 6, 7, 8, 9, 10, 11, 12, 13, 14, 15, 16, 17, 18, 19, 20, 21, 22, 23, 24, 25, 26, 27, 28, 29, 30, 31
Valid weekdays: Monday, Tuesday, Wednesday, Thursday, Friday, Saturday, Sunday
When: 12:00:00
Current Time: 2011-01-02 00:00:00
Valid Interval: 11:00:00-13:00:00
Valid days of month: 1, 2, 3, 4, 5, 6, 7, 8, 9, 10, 11, 12, 13, 14, 15, 16, 17, 18, 19, 20, 21, 22, 23, 24, 25, 26, 27, 28, 29, 30, 31
Valid weekdays: Monday, Tuesday, Wednesday, Thursday, Friday, Saturday, Sunday
When: 12:00:00
Current Time: 2011-01-02 09:00:00
Valid Interval: 11:00:00-13:00:00
Valid days of month: 1, 2, 3, 4, 5, 6, 7, 8, 9, 10, 11, 12, 13, 14, 15, 16, 17, 18, 19, 20, 21, 22, 23, 24, 25, 26, 27, 28, 29, 30, 31
Valid weekdays: Monday, Tuesday, Wednesday, Thursday, Friday, Saturday, Sunday
When: 12:00:00
Current Time: 2011-01-02 12:00:00
Valid Interval: 11:00:00-13:00:00
Valid days of month: 1, 2, 3, 4, 5, 6, 7, 8, 9, 10, 11, 12, 13, 14, 15, 16, 17, 18, 19, 20, 21, 22, 23, 24, 25, 26, 27, 28, 29, 30, 31
Valid weekdays: Monday, Tuesday, Wednesday, Thursday, Friday, Saturday, Sunday
When: 12:00:00
Current Time: 2011-01-02 12:45:30
Valid Interval: 11:00:00-13:00:00
Valid days of month: 1, 2, 3, 4, 5, 6, 7, 8, 9, 10, 11, 12, 13, 14, 15, 16, 17, 18, 19, 20, 21, 22, 23, 24, 25, 26, 27, 28, 29, 30, 31
Valid weekdays: Monday, Tuesday, Wednesday, Thursday, Friday, Saturday, Sunday
When: 12:00:00
Current Time: 2011-01-02 13:00:00
Valid Interval: 11:00:00-13:00:00
Valid days of month: 1, 2, 3, 4, 5, 6, 7, 8, 9, 10, 11, 12, 13, 14, 15, 16, 17, 18, 19, 20, 21, 22, 23, 24, 25, 26, 27, 28, 29, 30, 31
Valid weekdays: Monday, Tuesday, Wednesday, Thursday, Friday, Saturday, Sunday
When: 12:00:00
Current Time: 2011-01-01 12:00:00
Valid Interval: 11:00:00-13:00:00
Valid days of month: 1, 2, 3, 4, 5, 6, 7, 8, 9, 10, 11, 12, 13, 14, 15, 16, 17, 18, 19, 20, 21, 22, 23, 24, 25, 26, 27, 28, 29, 30, 31
Valid weekdays: Monday, Tuesday, Wednesday, Thursday, Friday, Saturday, Sunday
When: 12:00:00
Current Time: 2011-01-01 12:30:00
Valid Interval: 11:00:00-13:00:00
Valid days of month: 1, 2, 3, 4, 5, 6, 7, 8, 9, 10, 11, 12, 13, 14, 15, 16, 17, 18, 19, 20, 21, 22, 23, 24, 25, 26, 27, 28, 29, 30, 31
Valid weekdays: Monday, Tuesday, Wednesday, Thursday, Friday, Saturday, Sunday
When: 12:00:00
Current Time: 2011-01-01 12:30:00
Valid Interval: 11:00:00-13:00:00
Valid days of month: 1, 2, 3, 4, 5, 6, 7, 8, 9, 10, 11, 12, 13, 14, 15, 16, 17, 18, 19, 20, 21, 22, 23, 24, 25, 26, 27, 28, 29, 30, 31
Valid weekdays: Monday, Tuesday, Wednesday, Thursday, Friday, Saturday, Sunday
When: 12:00:00
Current Time: 2011-01-01 13:00:00
Valid Interval: 11:00:00-13:00:00
Valid days of month: 1, 2, 3, 4, 5, 6, 7, 8, 9, 10, 11, 12, 13, 14, 15, 16, 17, 18, 19, 20, 21, 22, 23, 24, 25, 26, 27, 28, 29, 30, 31
Valid weekdays: Monday, Tuesday, Wednesday, Thursday, Friday, Saturday, Sunday
When: 12:00:00
Current Time: 2011-01-01 14:30:00
Valid Interval: 23:00:00-13:00:00
Valid days of month: 1, 2, 3, 4, 5, 6, 7, 8, 9, 10, 11, 12, 13, 14, 15, 16, 17, 18, 19, 20, 21, 22, 23, 24, 25, 26, 27, 28, 29, 30, 31
Valid weekdays: Monday, Tuesday, Wednesday, Thursday, Friday, Saturday, Sunday
When: 23:30:00
Current Time: 2011-01-01 16:00:00
Valid Interval: 23:00:00-13:00:00
Valid days of month: 1, 2, 3, 4, 5, 6, 7, 8, 9, 10, 11, 12, 13, 14, 15, 16, 17, 18, 19, 20, 21, 22, 23, 24, 25, 26, 27, 28, 29, 30, 31
Valid weekdays: Monday, Tuesday, Wednesday, Thursday, Friday, Saturday, Sunday
When: 23:30:00
Current Time: 2011-01-01 23:00:00
Valid Interval: 23:00:00-13:00:00
Valid days of month: 1, 2, 3, 4, 5, 6, 7, 8, 9, 10, 11, 12, 13, 14, 15, 16, 17, 18, 19, 20, 21, 22, 23, 24, 25, 26, 27, 28, 29, 30, 31
Valid weekdays: Monday, Tuesday, Wednesday, Thursday, Friday, Saturday, Sunday
When: 23:30:00
Current Time: 2011-01-01 23:30:00
Valid Interval: 23:00:00-13:00:00
Valid days of month: 1, 2, 3, 4, 5, 6, 7, 8, 9, 10, 11, 12, 13, 14, 15, 16, 17, 18, 19, 20, 21, 22, 23, 24, 25, 26, 27, 28, 29, 30, 31
Valid weekdays: Monday, Tuesday, Wednesday, Thursday, Friday, Saturday, Sunday
When: 23:30:00
Current Time: 2011-01-01 23:45:00
Valid Interval: 23:00:00-13:00:00
Valid days of month: 1, 2, 3, 4, 5, 6, 7, 8, 9, 10, 11, 12, 13, 14, 15, 16, 17, 18, 19, 20, 21, 22, 23, 24, 25, 26, 27, 28, 29, 30, 31
Valid weekdays: Monday, Tuesday, Wednesday, Thursday, Friday, Saturday, Sunday
When: 23:30:00
Current Time: 2011-01-02 00:30:00
Valid Interval: 23:00:00-13:00:00
Valid days of month: 1, 2, 3, 4, 5, 6, 7, 8, 9, 10, 11, 12, 13, 14, 15, 16, 17, 18, 19, 20, 21, 22, 23, 24, 25, 26, 27, 28, 29, 30, 31
Valid weekdays: Monday, Tuesday, Wednesday, Thursday, Friday, Saturday, Sunday
When: 23:30:00
Current Time: 2011-01-01 13:00:00
Valid Interval: 23:00:00-13:00:00
Valid days of month: 1, 2, 3, 4, 5, 6, 7, 8, 9, 10, 11, 12, 13, 14, 15, 16, 17, 18, 19, 20, 21, 22, 23, 24, 25, 26, 27, 28, 29, 30, 31
Valid weekdays: Monday, Tuesday, Wednesday, Thursday, Friday, Saturday, Sunday
When: 01:00:00
Current Time: 2011-01-01 16:00:00
Valid Interval: 23:00:00-13:00:00
Valid days of month: 1, 2, 3, 4, 5, 6, 7, 8, 9, 10, 11, 12, 13, 14, 15, 16, 17, 18, 19, 20, 21, 22, 23, 24, 25, 26, 27, 28, 29, 30, 31
Valid weekdays: Monday, Tuesday, Wednesday, Thursday, Friday, Saturday, Sunday
When: 01:00:00
Current Time: 2011-01-01 23:00:00
Valid Interval: 23:00:00-13:00:00
Valid days of month: 1, 2, 3, 4, 5, 6, 7, 8, 9, 10, 11, 12, 13, 14, 15, 16, 17, 18, 19, 20, 21, 22, 23, 24, 25, 26, 27, 28, 29, 30, 31
Valid weekdays: Monday, Tuesday, Wednesday, Thursday, Friday, Saturday, Sunday
When: 01:00:00
Current Time: 2011-01-01 23:30:00
Valid Interval: 23:00:00-13:00:00
Valid days of month: 1, 2, 3, 4, 5, 6, 7, 8, 9, 10, 11, 12, 13, 14, 15, 16, 17, 18, 19, 20, 21, 22, 23, 24, 25, 26, 27, 28, 29, 30, 31
Valid weekdays: Monday, Tuesday, Wednesday, Thursday, Friday, Saturday, Sunday
When: 01:00:00
Current Time: 2011-01-02 00:30:00
Valid Interval: 23:00:00-13:00:00
Valid days of month: 1, 2, 3, 4, 5, 6, 7, 8, 9, 10, 11, 12, 13, 14, 15, 16, 17, 18, 19, 20, 21, 22, 23, 24, 25, 26, 27, 28, 29, 30, 31
Valid weekdays: Monday, Tuesday, Wednesday, Thursday, Friday, Saturday, Sunday
When: 01:00:00
Current Time: 2011-01-01 02:00:00
Valid Interval: 23:00:00-13:00:00
Valid days of month: 1, 2, 3, 4, 5, 6, 7, 8, 9, 10, 11, 12, 13, 14, 15, 16, 17, 18, 19, 20, 21, 22, 23, 24, 25, 26, 27, 28, 29, 30, 31
Valid weekdays: Monday, Tuesday, Wednesday, Thursday, Friday, Saturday, Sunday
When: 01:00:00
Current Time: 2011-01-01 13:00:00
Valid Interval: 23:00:00-13:00:00
Valid days of month: 1, 2, 3, 4, 5, 6, 7, 8, 9, 10, 11, 12, 13, 14, 15, 16, 17, 18, 19, 20, 21, 22, 23, 24, 25, 26, 27, 28, 29, 30, 31
Valid weekdays: Monday, Tuesday, Wednesday, Thursday, Friday, Saturday, Sunday
When: 23:30:00
Current Time: 2011-01-01 16:00:00
Valid Interval: 23:00:00-13:00:00
Valid days of month: 1, 2, 3, 4, 5, 6, 7, 8, 9, 10, 11, 12, 13, 14, 15, 16, 17, 18, 19, 20, 21, 22, 23, 24, 25, 26, 27, 28, 29, 30, 31
Valid weekdays: Monday, Tuesday, Wednesday, Thursday, Friday, Saturday, Sunday
When: 23:30:00
Current Time: 2011-01-01 23:00:00
Valid Interval: 23:00:00-13:00:00
Valid days of month: 1, 2, 3, 4, 5, 6, 7, 8, 9, 10, 11, 12, 13, 14, 15, 16, 17, 18, 19, 20, 21, 22, 23, 24, 25, 26, 27, 28, 29, 30, 31
Valid weekdays: Monday, Tuesday, Wednesday, Thursday, Friday, Saturday, Sunday
When: 23:30:00
Current Time: 2011-01-01 23:30:00
Valid Interval: 23:00:00-13:00:00
Valid days of month: 1, 2, 3, 4, 5, 6, 7, 8, 9, 10, 11, 12, 13, 14, 15, 16, 17, 18, 19, 20, 21, 22, 23, 24, 25, 26, 27, 28, 29, 30, 31
Valid weekdays: Monday, Tuesday, Wednesday, Thursday, Friday, Saturday, Sunday
When: 23:30:00
Current Time: 2011-01-01 23:45:00
Valid Interval: 23:00:00-13:00:00
Valid days of month: 1, 2, 3, 4, 5, 6, 7, 8, 9, 10, 11, 12, 13, 14, 15, 16, 17, 18, 19, 20, 21, 22, 23, 24, 25, 26, 27, 28, 29, 30, 31
Valid weekdays: Monday, Tuesday, Wednesday, Thursday, Friday, Saturday, Sunday
When: 23:30:00
Current Time: 2011-01-02 00:30:00
Valid Interval: 23:00:00-13:00:00
Valid days of month: 1, 2, 3, 4, 5, 6, 7, 8, 9, 10, 11, 12, 13, 14, 15, 16, 17, 18, 19, 20, 21, 22, 23, 24, 25, 26, 27, 28, 29, 30, 31
Valid weekdays: Monday, Tuesday, Wednesday, Thursday, Friday, Saturday, Sunday
When: 23:30:00
Current Time: 2011-01-01 13:00:00
Valid Interval: 23:00:00-13:00:00
Valid days of month: 1, 2, 3, 4, 5, 6, 7, 8, 9, 10, 11, 12, 13, 14, 15, 16, 17, 18, 19, 20, 21, 22, 23, 24, 25, 26, 27, 28, 29, 30, 31
Valid weekdays: Monday, Tuesday, Wednesday, Thursday, Friday, Saturday, Sunday
When: 01:00:00
Current Time: 2011-01-01 16:00:00
Valid Interval: 23:00:00-13:00:00
Valid days of month: 1, 2, 3, 4, 5, 6, 7, 8, 9, 10, 11, 12, 13, 14, 15, 16, 17, 18, 19, 20, 21, 22, 23, 24, 25, 26, 27, 28, 29, 30, 31
Valid weekdays: Monday, Tuesday, Wednesday, Thursday, Friday, Saturday, Sunday
When: 01:00:00
Current Time: 2011-01-01 23:00:00
Valid Interval: 23:00:00-13:00:00
Valid days of month: 1, 2, 3, 4, 5, 6, 7, 8, 9, 10, 11, 12, 13, 14, 15, 16, 17, 18, 19, 20, 21, 22, 23, 24, 25, 26, 27, 28, 29, 30, 31
Valid weekdays: Monday, Tuesday, Wednesday, Thursday, Friday, Saturday, Sunday
When: 01:00:00
Current Time: 2011-01-01 23:30:00
Valid Interval: 23:00:00-13:00:00
Valid days of month: 1, 2, 3, 4, 5, 6, 7, 8, 9, 10, 11, 12, 13, 14, 15, 16, 17, 18, 19, 20, 21, 22, 23, 24, 25, 26, 27, 28, 29, 30, 31
Valid weekdays: Monday, Tuesday, Wednesday, Thursday, Friday, Saturday, Sunday
When: 01:00:00
Current Time: 2011-01-02 00:30:00
Valid Interval: 23:00:00-13:00:00
Valid days of month: 1, 2, 3, 4, 5, 6, 7, 8, 9, 10, 11, 12, 13, 14, 15, 16, 17, 18, 19, 20, 21, 22, 23, 24, 25, 26, 27, 28, 29, 30, 31
Valid weekdays: Monday, Tuesday, Wednesday, Thursday, Friday, Saturday, Sunday
When: 01:00:00
Current Time: 2011-01-02 02:00:00
Valid Interval: 23:00:00-13:00:00
Valid days of month: 1, 2, 3, 4, 5, 6, 7, 8, 9, 10, 11, 12, 13, 14, 15, 16, 17, 18, 19, 20, 21, 22, 23, 24, 25, 26, 27, 28, 29, 30, 31
Valid weekdays: Monday, Tuesday, Wednesday, Thursday, Friday, Saturday, Sunday
When: 01:00:00
Current Time: 2011-01-02 13:00:00
Valid Interval: 23:00:00-13:00:00
Valid days of month: 1, 2, 3, 4, 5, 6, 7, 8, 9, 10, 11, 12, 13, 14, 15, 16, 17, 18, 19, 20, 21, 22, 23, 24, 25, 26, 27, 28, 29, 30, 31
Valid weekdays: Monday, Tuesday, Wednesday, Thursday, Friday, Saturday, Sunday
When: 23:30:00
Current Time: 2011-01-01 23:30:05
Valid Interval: 23:00:00-13:00:00
Valid days of month: 1, 2, 3, 4, 5, 6, 7, 8, 9, 10, 11, 12, 13, 14, 15, 16, 17, 18, 19, 20, 21, 22, 23, 24, 25, 26, 27, 28, 29, 30, 31
Valid weekdays: Monday, Tuesday, Wednesday, Thursday, Friday, Saturday, Sunday
When: 23:30:00
Current Time: 2011-01-02 00:30:00
Valid Interval: 23:00:00-13:00:00
Valid days of month: 1, 2, 3, 4, 5, 6, 7, 8, 9, 10, 11, 12, 13, 14, 15, 16, 17, 18, 19, 20, 21, 22, 23, 24, 25, 26, 27, 28, 29, 30, 31
Valid weekdays: Monday, Tuesday, Wednesday, Thursday, Friday, Saturday, Sunday
When: 23:30:00
Current Time: 2011-01-02 13:00:00
Valid Interval: 23:00:00-13:00:00
Valid days of month: 1, 2, 3, 4, 5, 6, 7, 8, 9, 10, 11, 12, 13, 14, 15, 16, 17, 18, 19, 20, 21, 22, 23, 24, 25, 26, 27, 28, 29, 30, 31
Valid weekdays: Monday, Tuesday, Wednesday, Thursday, Friday, Saturday, Sunday
When: 01:00:00
Current Time: 2011-01-01 02:00:00
Valid Interval: 23:00:00-13:00:00
Valid days of month: 1, 2, 3, 4, 5, 6, 7, 8, 9, 10, 11, 12, 13, 14, 15, 16, 17, 18, 19, 20, 21, 22, 23, 24, 25, 26, 27, 28, 29, 30, 31
Valid weekdays: Monday, Tuesday, Wednesday, Thursday, Friday, Saturday, Sunday
When: 01:00:00
Current Time: 2011-01-02 02:00:00
Valid Interval: 13:00:00-16:00:00
Valid days of month: 1, 2, 3, 4, 5, 6, 7, 8, 9, 10, 11, 12, 13, 14, 15, 16, 17, 18, 19, 20, 21, 22, 23, 24, 25, 26, 27, 28, 29, 30, 31
Valid weekdays: Saturday, Sunday
When: 14:00:00
Current Time: 2007-01-01 12:00:00
Valid Interval: 13:00:00-16:00:00
Valid days of month: 1, 2, 3, 4, 5, 6, 7, 8, 9, 10, 11, 12, 13, 14, 15, 16, 17, 18, 19, 20, 21, 22, 23, 24, 25, 26, 27, 28, 29, 30, 31
Valid weekdays: Saturday, Sunday
When: 14:00:00
Current Time: 2007-01-02 13:30:00
Valid Interval: 13:00:00-16:00:00
Valid days of month: 1, 2, 3, 4, 5, 6, 7, 8, 9, 10, 11, 12, 13, 14, 15, 16, 17, 18, 19, 20, 21, 22, 23, 24, 25, 26, 27, 28, 29, 30, 31
Valid weekdays: Saturday, Sunday
When: 14:00:00
Current Time: 2007-01-06 13:30:00
Valid Interval: 13:00:00-16:00:00
Valid days of month: 1, 2, 3, 4, 5, 6, 7, 8, 9, 10, 11, 12, 13, 14, 15, 16, 17, 18, 19, 20, 21, 22, 23, 24, 25, 26, 27, 28, 29, 30, 31
Valid weekdays: Saturday, Sunday
When: 14:00:00
Current Time: 2007-01-06 14:30:00
Valid Interval: 13:00:00-16:00:00
Valid days of month: 1, 2, 3, 4, 5, 6, 7, 8, 9, 10, 11, 12, 13, 14, 15, 16, 17, 18, 19, 20, 21, 22, 23, 24, 25, 26, 27, 28, 29, 30, 31
Valid weekdays: Saturday, Sunday
When: 14:00:00
Current Time: 2007-01-06 16:30:00
Valid Interval: 13:00:00-16:00:00
Valid days of month: 1, 2, 3, 4, 5, 6, 7, 8, 9, 10, 11, 12, 13, 14, 15, 16, 17, 18, 19, 20, 21, 22, 23, 24, 25, 26, 27, 28, 29, 30, 31
Valid weekdays: Saturday, Sunday
When: 14:00:00
Current Time: 2007-01-07 16:00:00
Valid Interval: 23:00:00-02:00:00
Valid days of month: 1, 2, 3, 4, 5, 6, 7, 8, 9, 10, 11, 12, 13, 14, 15, 16, 17, 18, 19, 20, 21, 22, 23, 24, 25, 26, 27, 28, 29, 30, 31
Valid weekdays: Saturday, Sunday
When: 01:00:00
Current Time: 2007-01-01 12:00:00
Valid Interval: 23:00:00-02:00:00
Valid days of month: 1, 2, 3, 4, 5, 6, 7, 8, 9, 10, 11, 12, 13, 14, 15, 16, 17, 18, 19, 20, 21, 22, 23, 24, 25, 26, 27, 28, 29, 30, 31
Valid weekdays: Saturday, Sunday
When: 01:00:00
Current Time: 2007-01-02 01:00:00
Valid Interval: 23:00:00-02:00:00
Valid days of month: 1, 2, 3, 4, 5, 6, 7, 8, 9, 10, 11, 12, 13, 14, 15, 16, 17, 18, 19, 20, 21, 22, 23, 24, 25, 26, 27, 28, 29, 30, 31
Valid weekdays: Saturday, Sunday
When: 01:00:00
Current Time: 2007-01-06 00:30:00
Valid Interval: 23:00:00-02:00:00
Valid days of month: 1, 2, 3, 4, 5, 6, 7, 8, 9, 10, 11, 12, 13, 14, 15, 16, 17, 18, 19, 20, 21, 22, 23, 24, 25, 26, 27, 28, 29, 30, 31
Valid weekdays: Saturday, Sunday
When: 01:00:00
Current Time: 2007-01-06 01:30:00
Valid Interval: 23:00:00-02:00:00
Valid days of month: 1, 2, 3, 4, 5, 6, 7, 8, 9, 10, 11, 12, 13, 14, 15, 16, 17, 18, 19, 20, 21, 22, 23, 24, 25, 26, 27, 28, 29, 30, 31
Valid weekdays: Saturday, Sunday
When: 01:00:00
Current Time: 2007-01-06 02:30:00
Valid Interval: 23:00:00-02:00:00
Valid days of month: 1, 2, 3, 4, 5, 6, 7, 8, 9, 10, 11, 12, 13, 14, 15, 16, 17, 18, 19, 20, 21, 22, 23, 24, 25, 26, 27, 28, 29, 30, 31
Valid weekdays: Saturday, Sunday
When: 01:00:00
Current Time: 2007-01-07 02:00:00
Valid Interval: 23:00:00-02:00:00
Valid days of month: 1, 2, 3, 4, 5, 6, 7, 8, 9, 10, 11, 12, 13, 14, 15, 16, 17, 18, 19, 20, 21, 22, 23, 24, 25, 26, 27, 28, 29, 30, 31
Valid weekdays: Saturday, Sunday
When: 23:30:00
Current Time: 2007-01-01 12:00:00
Valid Interval: 23:00:00-02:00:00
Valid days of month: 1, 2, 3, 4, 5, 6, 7, 8, 9, 10, 11, 12, 13, 14, 15, 16, 17, 18, 19, 20, 21, 22, 23, 24, 25, 26, 27, 28, 29, 30, 31
Valid weekdays: Saturday, Sunday
When: 23:30:00
Current Time: 2007-01-05 23:30:00
Valid Interval: 23:00:00-02:00:00
Valid days of month: 1, 2, 3, 4, 5, 6, 7, 8, 9, 10, 11, 12, 13, 14, 15, 16, 17, 18, 19, 20, 21, 22, 23, 24, 25, 26, 27, 28, 29, 30, 31
Valid weekdays: Saturday, Sunday
When: 23:30:00
Current Time: 2007-01-06 23:00:00
Valid Interval: 23:00:00-02:00:00
Valid days of month: 1, 2, 3, 4, 5, 6, 7, 8, 9, 10, 11, 12, 13, 14, 15, 16, 17, 18, 19, 20, 21, 22, 23, 24, 25, 26, 27, 28, 29, 30, 31
Valid weekdays: Saturday, Sunday
When: 23:30:00
Current Time: 2007-01-06 02:00:00
Valid Interval: 23:00:00-02:00:00
Valid days of month: 1, 2, 3, 4, 5, 6, 7, 8, 9, 10, 11, 12, 13, 14, 15, 16, 17, 18, 19, 20, 21, 22, 23, 24, 25, 26, 27, 28, 29, 30, 31
Valid weekdays: Saturday, Sunday
When: 23:30:00
Current Time: 2007-01-07 23:40:00
Valid Interval: 23:00:00-02:00:00
Valid days of month: 1, 2, 3, 4, 5, 6, 7, 8, 9, 10, 11, 12, 13, 14, 15, 16, 17, 18, 19, 20, 21, 22, 23, 24, 25, 26, 27, 28, 29, 30, 31
Valid weekdays: Saturday, Sunday
When: 23:30:00
Current Time: 2007-01-07 01:00:00
Valid Interval: 13:00:00-16:00:00
Valid days of month: 1, 2, 3, 4, 5, 6, 7, 8, 9, 10, 11, 12, 13, 14, 15, 16, 17, 18, 19, 20, 21, 22, 23, 24, 25, 26, 27, 28, 29, 30, 31
Valid weekdays: Saturday, Sunday
When: 14:00:00
Current Time: 2007-01-01 12:00:00
Valid Interval: 13:00:00-16:00:00
Valid days of month: 1, 2, 3, 4, 5, 6, 7, 8, 9, 10, 11, 12, 13, 14, 15, 16, 17, 18, 19, 20, 21, 22, 23, 24, 25, 26, 27, 28, 29, 30, 31
Valid weekdays: Saturday, Sunday
When: 14:00:00
Current Time: 2007-01-02 13:30:00
Valid Interval: 13:00:00-16:00:00
Valid days of month: 1, 2, 3, 4, 5, 6, 7, 8, 9, 10, 11, 12, 13, 14, 15, 16, 17, 18, 19, 20, 21, 22, 23, 24, 25, 26, 27, 28, 29, 30, 31
Valid weekdays: Saturday, Sunday
When: 14:00:00
Current Time: 2007-01-06 13:30:00
Valid Interval: 13:00:00-16:00:00
Valid days of month: 1, 2, 3, 4, 5, 6, 7, 8, 9, 10, 11, 12, 13, 14, 15, 16, 17, 18, 19, 20, 21, 22, 23, 24, 25, 26, 27, 28, 29, 30, 31
Valid weekdays: Saturday, Sunday
When: 14:00:00
Current Time: 2007-01-06 14:30:00
Valid Interval: 13:00:00-16:00:00
Valid days of month: 1, 2, 3, 4, 5, 6, 7, 8, 9, 10, 11, 12, 13, 14, 15, 16, 17, 18, 19, 20, 21, 22, 23, 24, 25, 26, 27, 28, 29, 30, 31
Valid weekdays: Saturday, Sunday
When: 14:00:00
Current Time: 2007-01-06 16:30:00
Valid Interval: 13:00:00-16:00:00
Valid days of month: 1, 2, 3, 4, 5, 6, 7, 8, 9, 10, 11, 12, 13, 14, 15, 16, 17, 18, 19, 20, 21, 22, 23, 24, 25, 26, 27, 28, 29, 30, 31
Valid weekdays: Saturday, Sunday
When: 14:00:00
Current Time: 2007-01-07 16:00:00
Valid Interval: 23:00:00-02:00:00
Valid days of month: 1, 2, 3, 4, 5, 6, 7, 8, 9, 10, 11, 12, 13, 14, 15, 16, 17, 18, 19, 20, 21, 22, 23, 24, 25, 26, 27, 28, 29, 30, 31
Valid weekdays: Saturday, Sunday
When: 01:00:00
Current Time: 2007-01-01 12:00:00
Valid Interval: 23:00:00-02:00:00
Valid days of month: 1, 2, 3, 4, 5, 6, 7, 8, 9, 10, 11, 12, 13, 14, 15, 16, 17, 18, 19, 20, 21, 22, 23, 24, 25, 26, 27, 28, 29, 30, 31
Valid weekdays: Saturday, Sunday
When: 01:00:00
Current Time: 2007-01-02 01:00:00
Valid Interval: 23:00:00-02:00:00
Valid days of month: 1, 2, 3, 4, 5, 6, 7, 8, 9, 10, 11, 12, 13, 14, 15, 16, 17, 18, 19, 20, 21, 22, 23, 24, 25, 26, 27, 28, 29, 30, 31
Valid weekdays: Saturday, Sunday
When: 01:00:00
Current Time: 2007-01-06 00:30:00
Valid Interval: 23:00:00-02:00:00
Valid days of month: 1, 2, 3, 4, 5, 6, 7, 8, 9, 10, 11, 12, 13, 14, 15, 16, 17, 18, 19, 20, 21, 22, 23, 24, 25, 26, 27, 28, 29, 30, 31
Valid weekdays: Saturday, Sunday
When: 01:00:00
Current Time: 2007-01-06 02:30:00
Valid Interval: 23:00:00-02:00:00
Valid days of month: 1, 2, 3, 4, 5, 6, 7, 8, 9, 10, 11, 12, 13, 14, 15, 16, 17, 18, 19, 20, 21, 22, 23, 24, 25, 26, 27, 28, 29, 30, 31
Valid weekdays: Saturday, Sunday
When: 23:30:00
Current Time: 2007-01-01 12:00:00
Valid Interval: 23:00:00-02:00:00
Valid days of month: 1, 2, 3, 4, 5, 6, 7, 8, 9, 10, 11, 12, 13, 14, 15, 16, 17, 18, 19, 20, 21, 22, 23, 24, 25, 26, 27, 28, 29, 30, 31
Valid weekdays: Saturday, Sunday
When: 23:30:00
Current Time: 2007-01-05 23:30:00
Valid Interval: 23:00:00-02:00:00
Valid days of month: 1, 2, 3, 4, 5, 6, 7, 8, 9, 10, 11, 12, 13, 14, 15, 16, 17, 18, 19, 20, 21, 22, 23, 24, 25, 26, 27, 28, 29, 30, 31
Valid weekdays: Saturday, Sunday
When: 23:30:00
Current Time: 2007-01-06 23:00:00
Valid Interval: 23:00:00-02:00:00
Valid days of month: 1, 2, 3, 4, 5, 6, 7, 8, 9, 10, 11, 12, 13, 14, 15, 16, 17, 18, 19, 20, 21, 22, 23, 24, 25, 26, 27, 28, 29, 30, 31
Valid weekdays: Saturday, Sunday
When: 23:30:00
Current Time: 2007-01-06 02:00:00
Valid Interval: 23:00:00-02:00:00
Valid days of month: 1, 2, 3, 4, 5, 6, 7, 8, 9, 10, 11, 12, 13, 14, 15, 16, 17, 18, 19, 20, 21, 22, 23, 24, 25, 26, 27, 28, 29, 30, 31
Valid weekdays: Saturday, Sunday
When: 23:30:00
Current Time: 2007-01-07 23:40:00
Valid Interval: 23:00:00-02:00:00
Valid days of month: 1, 2, 3, 4, 5, 6, 7, 8, 9, 10, 11, 12, 13, 14, 15, 16, 17, 18, 19, 20, 21, 22, 23, 24, 25, 26, 27, 28, 29, 30, 31
Valid weekdays: Saturday, Sunday
When: 23:30:00
Current Time: 2007-01-07 01:00:00
Valid Interval: 13:00:00-16:00:00
Valid days of month: 1, 2, 3, 4, 5, 6, 7, 8, 9, 10, 11, 12, 13, 14, 15, 16, 17, 18, 19, 20, 21, 22, 23, 24, 25, 26, 27, 28, 29, 30, 31
Valid weekdays: Saturday, Sunday
When: 14:00:00
Current Time: 2007-01-06 14:30:00
Valid Interval: 13:00:00-16:00:00
Valid days of month: 1, 2, 3, 4, 5, 6, 7, 8, 9, 10, 11, 12, 13, 14, 15, 16, 17, 18, 19, 20, 21, 22, 23, 24, 25, 26, 27, 28, 29, 30, 31
Valid weekdays: Saturday, Sunday
When: 14:00:00
Current Time: 2007-01-07 15:00:00
Valid Interval: 23:00:00-02:00:00
Valid days of month: 1, 2, 3, 4, 5, 6, 7, 8, 9, 10, 11, 12, 13, 14, 15, 16, 17, 18, 19, 20, 21, 22, 23, 24, 25, 26, 27, 28, 29, 30, 31
Valid weekdays: Saturday, Sunday
When: 01:00:00
Current Time: 2007-01-06 01:30:00
Valid Interval: 23:00:00-02:00:00
Valid days of month: 1, 2, 3, 4, 5, 6, 7, 8, 9, 10, 11, 12, 13, 14, 15, 16, 17, 18, 19, 20, 21, 22, 23, 24, 25, 26, 27, 28, 29, 30, 31
Valid weekdays: Saturday, Sunday
When: 01:00:00
Current Time: 2007-01-07 01:30:00
Valid Interval: 23:00:00-02:00:00
Valid days of month: 1, 2, 3, 4, 5, 6, 7, 8, 9, 10, 11, 12, 13, 14, 15, 16, 17, 18, 19, 20, 21, 22, 23, 24, 25, 26, 27, 28, 29, 30, 31
Valid weekdays: Saturday, Sunday
When: 23:30:00
Current Time: 2007-01-06 23:02:00
Valid Interval: 23:00:00-02:00:00
Valid days of month: 1, 2, 3, 4, 5, 6, 7, 8, 9, 10, 11, 12, 13, 14, 15, 16, 17, 18, 19, 20, 21, 22, 23, 24, 25, 26, 27, 28, 29, 30, 31
Valid weekdays: Saturday, Sunday
When: 23:30:00
Current Time: 2007-01-06 01:10:00
Valid Interval: 23:00:00-02:00:00
Valid days of month: 1, 2, 3, 4, 5, 6, 7, 8, 9, 10, 11, 12, 13, 14, 15, 16, 17, 18, 19, 20, 21, 22, 23, 24, 25, 26, 27, 28, 29, 30, 31
Valid weekdays: Saturday, Sunday
When: 23:30:00
Current Time: 2007-01-07 01:00:40
Valid Interval: 23:00:00-02:00:00
Valid days of month: 2
Valid weekdays: Saturday, Sunday
When: 23:30:00
Current Time: 2007-01-01 12:00:00
Valid Interval: 23:00:00-02:00:00
Valid days of month: 1, 2
Valid weekdays: Saturday, Sunday
When: 23:30:00
Current Time: 2007-01-05 23:30:00
Valid Interval: 23:00:00-02:00:00
Valid days of month: 1, 2
Valid weekdays: Saturday, Sunday
When: 23:30:00
Current Time: 2007-01-06 23:00:00</StdOut>
      </Output>
    </UnitTestResult>
    <UnitTestResult executionId="02b16d1e-a6ee-4fd8-b55d-0a916d780d33" testId="a3f394c7-9df0-405e-8f29-e6a07c72b4c7" testName="GetNextTimeToTrigger_AbsoluteTimer_ReturnsCorrectTime (Data Row 66)" computerName="ICSWS068" duration="00:00:00.0037037" startTime="2016-08-04T07:57:22.8965582+02:00" endTime="2016-08-04T07:57:22.9000614+02:00" testType="13cdc9d9-ddb5-4fa4-a97d-d965ccfc6d4b" outcome="Passed" testListId="8c84fa94-04c1-424b-9868-57a2d4851a1d" relativeResultsDirectory="02b16d1e-a6ee-4fd8-b55d-0a916d780d33">
      <Output>
        <StdOut>TestContext Messages:
Valid Interval: 11:00:00-13:00:00
Valid days of month: 1, 2, 3, 4, 5, 6, 7, 8, 9, 10, 11, 12, 13, 14, 15, 16, 17, 18, 19, 20, 21, 22, 23, 24, 25, 26, 27, 28, 29, 30, 31
Valid weekdays: Monday, Tuesday, Wednesday, Thursday, Friday, Saturday, Sunday
When: 12:00:00
Current Time: 2011-01-01 00:00:00
Valid Interval: 11:00:00-13:00:00
Valid days of month: 1, 2, 3, 4, 5, 6, 7, 8, 9, 10, 11, 12, 13, 14, 15, 16, 17, 18, 19, 20, 21, 22, 23, 24, 25, 26, 27, 28, 29, 30, 31
Valid weekdays: Monday, Tuesday, Wednesday, Thursday, Friday, Saturday, Sunday
When: 12:00:00
Current Time: 2011-01-01 09:00:00
Valid Interval: 11:00:00-13:00:00
Valid days of month: 1, 2, 3, 4, 5, 6, 7, 8, 9, 10, 11, 12, 13, 14, 15, 16, 17, 18, 19, 20, 21, 22, 23, 24, 25, 26, 27, 28, 29, 30, 31
Valid weekdays: Monday, Tuesday, Wednesday, Thursday, Friday, Saturday, Sunday
When: 12:00:00
Current Time: 2011-01-01 11:00:00
Valid Interval: 11:00:00-13:00:00
Valid days of month: 1, 2, 3, 4, 5, 6, 7, 8, 9, 10, 11, 12, 13, 14, 15, 16, 17, 18, 19, 20, 21, 22, 23, 24, 25, 26, 27, 28, 29, 30, 31
Valid weekdays: Monday, Tuesday, Wednesday, Thursday, Friday, Saturday, Sunday
When: 12:00:00
Current Time: 2011-01-01 12:00:00
Valid Interval: 11:00:00-13:00:00
Valid days of month: 1, 2, 3, 4, 5, 6, 7, 8, 9, 10, 11, 12, 13, 14, 15, 16, 17, 18, 19, 20, 21, 22, 23, 24, 25, 26, 27, 28, 29, 30, 31
Valid weekdays: Monday, Tuesday, Wednesday, Thursday, Friday, Saturday, Sunday
When: 12:00:00
Current Time: 2011-01-01 12:30:00
Valid Interval: 11:00:00-13:00:00
Valid days of month: 1, 2, 3, 4, 5, 6, 7, 8, 9, 10, 11, 12, 13, 14, 15, 16, 17, 18, 19, 20, 21, 22, 23, 24, 25, 26, 27, 28, 29, 30, 31
Valid weekdays: Monday, Tuesday, Wednesday, Thursday, Friday, Saturday, Sunday
When: 12:00:00
Current Time: 2011-01-01 13:00:00
Valid Interval: 11:00:00-13:00:00
Valid days of month: 1, 2, 3, 4, 5, 6, 7, 8, 9, 10, 11, 12, 13, 14, 15, 16, 17, 18, 19, 20, 21, 22, 23, 24, 25, 26, 27, 28, 29, 30, 31
Valid weekdays: Monday, Tuesday, Wednesday, Thursday, Friday, Saturday, Sunday
When: 12:00:00
Current Time: 2011-01-02 00:00:00
Valid Interval: 11:00:00-13:00:00
Valid days of month: 1, 2, 3, 4, 5, 6, 7, 8, 9, 10, 11, 12, 13, 14, 15, 16, 17, 18, 19, 20, 21, 22, 23, 24, 25, 26, 27, 28, 29, 30, 31
Valid weekdays: Monday, Tuesday, Wednesday, Thursday, Friday, Saturday, Sunday
When: 12:00:00
Current Time: 2011-01-02 09:00:00
Valid Interval: 11:00:00-13:00:00
Valid days of month: 1, 2, 3, 4, 5, 6, 7, 8, 9, 10, 11, 12, 13, 14, 15, 16, 17, 18, 19, 20, 21, 22, 23, 24, 25, 26, 27, 28, 29, 30, 31
Valid weekdays: Monday, Tuesday, Wednesday, Thursday, Friday, Saturday, Sunday
When: 12:00:00
Current Time: 2011-01-02 12:00:00
Valid Interval: 11:00:00-13:00:00
Valid days of month: 1, 2, 3, 4, 5, 6, 7, 8, 9, 10, 11, 12, 13, 14, 15, 16, 17, 18, 19, 20, 21, 22, 23, 24, 25, 26, 27, 28, 29, 30, 31
Valid weekdays: Monday, Tuesday, Wednesday, Thursday, Friday, Saturday, Sunday
When: 12:00:00
Current Time: 2011-01-02 12:45:30
Valid Interval: 11:00:00-13:00:00
Valid days of month: 1, 2, 3, 4, 5, 6, 7, 8, 9, 10, 11, 12, 13, 14, 15, 16, 17, 18, 19, 20, 21, 22, 23, 24, 25, 26, 27, 28, 29, 30, 31
Valid weekdays: Monday, Tuesday, Wednesday, Thursday, Friday, Saturday, Sunday
When: 12:00:00
Current Time: 2011-01-02 13:00:00
Valid Interval: 11:00:00-13:00:00
Valid days of month: 1, 2, 3, 4, 5, 6, 7, 8, 9, 10, 11, 12, 13, 14, 15, 16, 17, 18, 19, 20, 21, 22, 23, 24, 25, 26, 27, 28, 29, 30, 31
Valid weekdays: Monday, Tuesday, Wednesday, Thursday, Friday, Saturday, Sunday
When: 12:00:00
Current Time: 2011-01-01 12:00:00
Valid Interval: 11:00:00-13:00:00
Valid days of month: 1, 2, 3, 4, 5, 6, 7, 8, 9, 10, 11, 12, 13, 14, 15, 16, 17, 18, 19, 20, 21, 22, 23, 24, 25, 26, 27, 28, 29, 30, 31
Valid weekdays: Monday, Tuesday, Wednesday, Thursday, Friday, Saturday, Sunday
When: 12:00:00
Current Time: 2011-01-01 12:30:00
Valid Interval: 11:00:00-13:00:00
Valid days of month: 1, 2, 3, 4, 5, 6, 7, 8, 9, 10, 11, 12, 13, 14, 15, 16, 17, 18, 19, 20, 21, 22, 23, 24, 25, 26, 27, 28, 29, 30, 31
Valid weekdays: Monday, Tuesday, Wednesday, Thursday, Friday, Saturday, Sunday
When: 12:00:00
Current Time: 2011-01-01 12:30:00
Valid Interval: 11:00:00-13:00:00
Valid days of month: 1, 2, 3, 4, 5, 6, 7, 8, 9, 10, 11, 12, 13, 14, 15, 16, 17, 18, 19, 20, 21, 22, 23, 24, 25, 26, 27, 28, 29, 30, 31
Valid weekdays: Monday, Tuesday, Wednesday, Thursday, Friday, Saturday, Sunday
When: 12:00:00
Current Time: 2011-01-01 13:00:00
Valid Interval: 11:00:00-13:00:00
Valid days of month: 1, 2, 3, 4, 5, 6, 7, 8, 9, 10, 11, 12, 13, 14, 15, 16, 17, 18, 19, 20, 21, 22, 23, 24, 25, 26, 27, 28, 29, 30, 31
Valid weekdays: Monday, Tuesday, Wednesday, Thursday, Friday, Saturday, Sunday
When: 12:00:00
Current Time: 2011-01-01 14:30:00
Valid Interval: 23:00:00-13:00:00
Valid days of month: 1, 2, 3, 4, 5, 6, 7, 8, 9, 10, 11, 12, 13, 14, 15, 16, 17, 18, 19, 20, 21, 22, 23, 24, 25, 26, 27, 28, 29, 30, 31
Valid weekdays: Monday, Tuesday, Wednesday, Thursday, Friday, Saturday, Sunday
When: 23:30:00
Current Time: 2011-01-01 16:00:00
Valid Interval: 23:00:00-13:00:00
Valid days of month: 1, 2, 3, 4, 5, 6, 7, 8, 9, 10, 11, 12, 13, 14, 15, 16, 17, 18, 19, 20, 21, 22, 23, 24, 25, 26, 27, 28, 29, 30, 31
Valid weekdays: Monday, Tuesday, Wednesday, Thursday, Friday, Saturday, Sunday
When: 23:30:00
Current Time: 2011-01-01 23:00:00
Valid Interval: 23:00:00-13:00:00
Valid days of month: 1, 2, 3, 4, 5, 6, 7, 8, 9, 10, 11, 12, 13, 14, 15, 16, 17, 18, 19, 20, 21, 22, 23, 24, 25, 26, 27, 28, 29, 30, 31
Valid weekdays: Monday, Tuesday, Wednesday, Thursday, Friday, Saturday, Sunday
When: 23:30:00
Current Time: 2011-01-01 23:30:00
Valid Interval: 23:00:00-13:00:00
Valid days of month: 1, 2, 3, 4, 5, 6, 7, 8, 9, 10, 11, 12, 13, 14, 15, 16, 17, 18, 19, 20, 21, 22, 23, 24, 25, 26, 27, 28, 29, 30, 31
Valid weekdays: Monday, Tuesday, Wednesday, Thursday, Friday, Saturday, Sunday
When: 23:30:00
Current Time: 2011-01-01 23:45:00
Valid Interval: 23:00:00-13:00:00
Valid days of month: 1, 2, 3, 4, 5, 6, 7, 8, 9, 10, 11, 12, 13, 14, 15, 16, 17, 18, 19, 20, 21, 22, 23, 24, 25, 26, 27, 28, 29, 30, 31
Valid weekdays: Monday, Tuesday, Wednesday, Thursday, Friday, Saturday, Sunday
When: 23:30:00
Current Time: 2011-01-02 00:30:00
Valid Interval: 23:00:00-13:00:00
Valid days of month: 1, 2, 3, 4, 5, 6, 7, 8, 9, 10, 11, 12, 13, 14, 15, 16, 17, 18, 19, 20, 21, 22, 23, 24, 25, 26, 27, 28, 29, 30, 31
Valid weekdays: Monday, Tuesday, Wednesday, Thursday, Friday, Saturday, Sunday
When: 23:30:00
Current Time: 2011-01-01 13:00:00
Valid Interval: 23:00:00-13:00:00
Valid days of month: 1, 2, 3, 4, 5, 6, 7, 8, 9, 10, 11, 12, 13, 14, 15, 16, 17, 18, 19, 20, 21, 22, 23, 24, 25, 26, 27, 28, 29, 30, 31
Valid weekdays: Monday, Tuesday, Wednesday, Thursday, Friday, Saturday, Sunday
When: 01:00:00
Current Time: 2011-01-01 16:00:00
Valid Interval: 23:00:00-13:00:00
Valid days of month: 1, 2, 3, 4, 5, 6, 7, 8, 9, 10, 11, 12, 13, 14, 15, 16, 17, 18, 19, 20, 21, 22, 23, 24, 25, 26, 27, 28, 29, 30, 31
Valid weekdays: Monday, Tuesday, Wednesday, Thursday, Friday, Saturday, Sunday
When: 01:00:00
Current Time: 2011-01-01 23:00:00
Valid Interval: 23:00:00-13:00:00
Valid days of month: 1, 2, 3, 4, 5, 6, 7, 8, 9, 10, 11, 12, 13, 14, 15, 16, 17, 18, 19, 20, 21, 22, 23, 24, 25, 26, 27, 28, 29, 30, 31
Valid weekdays: Monday, Tuesday, Wednesday, Thursday, Friday, Saturday, Sunday
When: 01:00:00
Current Time: 2011-01-01 23:30:00
Valid Interval: 23:00:00-13:00:00
Valid days of month: 1, 2, 3, 4, 5, 6, 7, 8, 9, 10, 11, 12, 13, 14, 15, 16, 17, 18, 19, 20, 21, 22, 23, 24, 25, 26, 27, 28, 29, 30, 31
Valid weekdays: Monday, Tuesday, Wednesday, Thursday, Friday, Saturday, Sunday
When: 01:00:00
Current Time: 2011-01-02 00:30:00
Valid Interval: 23:00:00-13:00:00
Valid days of month: 1, 2, 3, 4, 5, 6, 7, 8, 9, 10, 11, 12, 13, 14, 15, 16, 17, 18, 19, 20, 21, 22, 23, 24, 25, 26, 27, 28, 29, 30, 31
Valid weekdays: Monday, Tuesday, Wednesday, Thursday, Friday, Saturday, Sunday
When: 01:00:00
Current Time: 2011-01-01 02:00:00
Valid Interval: 23:00:00-13:00:00
Valid days of month: 1, 2, 3, 4, 5, 6, 7, 8, 9, 10, 11, 12, 13, 14, 15, 16, 17, 18, 19, 20, 21, 22, 23, 24, 25, 26, 27, 28, 29, 30, 31
Valid weekdays: Monday, Tuesday, Wednesday, Thursday, Friday, Saturday, Sunday
When: 01:00:00
Current Time: 2011-01-01 13:00:00
Valid Interval: 23:00:00-13:00:00
Valid days of month: 1, 2, 3, 4, 5, 6, 7, 8, 9, 10, 11, 12, 13, 14, 15, 16, 17, 18, 19, 20, 21, 22, 23, 24, 25, 26, 27, 28, 29, 30, 31
Valid weekdays: Monday, Tuesday, Wednesday, Thursday, Friday, Saturday, Sunday
When: 23:30:00
Current Time: 2011-01-01 16:00:00
Valid Interval: 23:00:00-13:00:00
Valid days of month: 1, 2, 3, 4, 5, 6, 7, 8, 9, 10, 11, 12, 13, 14, 15, 16, 17, 18, 19, 20, 21, 22, 23, 24, 25, 26, 27, 28, 29, 30, 31
Valid weekdays: Monday, Tuesday, Wednesday, Thursday, Friday, Saturday, Sunday
When: 23:30:00
Current Time: 2011-01-01 23:00:00
Valid Interval: 23:00:00-13:00:00
Valid days of month: 1, 2, 3, 4, 5, 6, 7, 8, 9, 10, 11, 12, 13, 14, 15, 16, 17, 18, 19, 20, 21, 22, 23, 24, 25, 26, 27, 28, 29, 30, 31
Valid weekdays: Monday, Tuesday, Wednesday, Thursday, Friday, Saturday, Sunday
When: 23:30:00
Current Time: 2011-01-01 23:30:00
Valid Interval: 23:00:00-13:00:00
Valid days of month: 1, 2, 3, 4, 5, 6, 7, 8, 9, 10, 11, 12, 13, 14, 15, 16, 17, 18, 19, 20, 21, 22, 23, 24, 25, 26, 27, 28, 29, 30, 31
Valid weekdays: Monday, Tuesday, Wednesday, Thursday, Friday, Saturday, Sunday
When: 23:30:00
Current Time: 2011-01-01 23:45:00
Valid Interval: 23:00:00-13:00:00
Valid days of month: 1, 2, 3, 4, 5, 6, 7, 8, 9, 10, 11, 12, 13, 14, 15, 16, 17, 18, 19, 20, 21, 22, 23, 24, 25, 26, 27, 28, 29, 30, 31
Valid weekdays: Monday, Tuesday, Wednesday, Thursday, Friday, Saturday, Sunday
When: 23:30:00
Current Time: 2011-01-02 00:30:00
Valid Interval: 23:00:00-13:00:00
Valid days of month: 1, 2, 3, 4, 5, 6, 7, 8, 9, 10, 11, 12, 13, 14, 15, 16, 17, 18, 19, 20, 21, 22, 23, 24, 25, 26, 27, 28, 29, 30, 31
Valid weekdays: Monday, Tuesday, Wednesday, Thursday, Friday, Saturday, Sunday
When: 23:30:00
Current Time: 2011-01-01 13:00:00
Valid Interval: 23:00:00-13:00:00
Valid days of month: 1, 2, 3, 4, 5, 6, 7, 8, 9, 10, 11, 12, 13, 14, 15, 16, 17, 18, 19, 20, 21, 22, 23, 24, 25, 26, 27, 28, 29, 30, 31
Valid weekdays: Monday, Tuesday, Wednesday, Thursday, Friday, Saturday, Sunday
When: 01:00:00
Current Time: 2011-01-01 16:00:00
Valid Interval: 23:00:00-13:00:00
Valid days of month: 1, 2, 3, 4, 5, 6, 7, 8, 9, 10, 11, 12, 13, 14, 15, 16, 17, 18, 19, 20, 21, 22, 23, 24, 25, 26, 27, 28, 29, 30, 31
Valid weekdays: Monday, Tuesday, Wednesday, Thursday, Friday, Saturday, Sunday
When: 01:00:00
Current Time: 2011-01-01 23:00:00
Valid Interval: 23:00:00-13:00:00
Valid days of month: 1, 2, 3, 4, 5, 6, 7, 8, 9, 10, 11, 12, 13, 14, 15, 16, 17, 18, 19, 20, 21, 22, 23, 24, 25, 26, 27, 28, 29, 30, 31
Valid weekdays: Monday, Tuesday, Wednesday, Thursday, Friday, Saturday, Sunday
When: 01:00:00
Current Time: 2011-01-01 23:30:00
Valid Interval: 23:00:00-13:00:00
Valid days of month: 1, 2, 3, 4, 5, 6, 7, 8, 9, 10, 11, 12, 13, 14, 15, 16, 17, 18, 19, 20, 21, 22, 23, 24, 25, 26, 27, 28, 29, 30, 31
Valid weekdays: Monday, Tuesday, Wednesday, Thursday, Friday, Saturday, Sunday
When: 01:00:00
Current Time: 2011-01-02 00:30:00
Valid Interval: 23:00:00-13:00:00
Valid days of month: 1, 2, 3, 4, 5, 6, 7, 8, 9, 10, 11, 12, 13, 14, 15, 16, 17, 18, 19, 20, 21, 22, 23, 24, 25, 26, 27, 28, 29, 30, 31
Valid weekdays: Monday, Tuesday, Wednesday, Thursday, Friday, Saturday, Sunday
When: 01:00:00
Current Time: 2011-01-02 02:00:00
Valid Interval: 23:00:00-13:00:00
Valid days of month: 1, 2, 3, 4, 5, 6, 7, 8, 9, 10, 11, 12, 13, 14, 15, 16, 17, 18, 19, 20, 21, 22, 23, 24, 25, 26, 27, 28, 29, 30, 31
Valid weekdays: Monday, Tuesday, Wednesday, Thursday, Friday, Saturday, Sunday
When: 01:00:00
Current Time: 2011-01-02 13:00:00
Valid Interval: 23:00:00-13:00:00
Valid days of month: 1, 2, 3, 4, 5, 6, 7, 8, 9, 10, 11, 12, 13, 14, 15, 16, 17, 18, 19, 20, 21, 22, 23, 24, 25, 26, 27, 28, 29, 30, 31
Valid weekdays: Monday, Tuesday, Wednesday, Thursday, Friday, Saturday, Sunday
When: 23:30:00
Current Time: 2011-01-01 23:30:05
Valid Interval: 23:00:00-13:00:00
Valid days of month: 1, 2, 3, 4, 5, 6, 7, 8, 9, 10, 11, 12, 13, 14, 15, 16, 17, 18, 19, 20, 21, 22, 23, 24, 25, 26, 27, 28, 29, 30, 31
Valid weekdays: Monday, Tuesday, Wednesday, Thursday, Friday, Saturday, Sunday
When: 23:30:00
Current Time: 2011-01-02 00:30:00
Valid Interval: 23:00:00-13:00:00
Valid days of month: 1, 2, 3, 4, 5, 6, 7, 8, 9, 10, 11, 12, 13, 14, 15, 16, 17, 18, 19, 20, 21, 22, 23, 24, 25, 26, 27, 28, 29, 30, 31
Valid weekdays: Monday, Tuesday, Wednesday, Thursday, Friday, Saturday, Sunday
When: 23:30:00
Current Time: 2011-01-02 13:00:00
Valid Interval: 23:00:00-13:00:00
Valid days of month: 1, 2, 3, 4, 5, 6, 7, 8, 9, 10, 11, 12, 13, 14, 15, 16, 17, 18, 19, 20, 21, 22, 23, 24, 25, 26, 27, 28, 29, 30, 31
Valid weekdays: Monday, Tuesday, Wednesday, Thursday, Friday, Saturday, Sunday
When: 01:00:00
Current Time: 2011-01-01 02:00:00
Valid Interval: 23:00:00-13:00:00
Valid days of month: 1, 2, 3, 4, 5, 6, 7, 8, 9, 10, 11, 12, 13, 14, 15, 16, 17, 18, 19, 20, 21, 22, 23, 24, 25, 26, 27, 28, 29, 30, 31
Valid weekdays: Monday, Tuesday, Wednesday, Thursday, Friday, Saturday, Sunday
When: 01:00:00
Current Time: 2011-01-02 02:00:00
Valid Interval: 13:00:00-16:00:00
Valid days of month: 1, 2, 3, 4, 5, 6, 7, 8, 9, 10, 11, 12, 13, 14, 15, 16, 17, 18, 19, 20, 21, 22, 23, 24, 25, 26, 27, 28, 29, 30, 31
Valid weekdays: Saturday, Sunday
When: 14:00:00
Current Time: 2007-01-01 12:00:00
Valid Interval: 13:00:00-16:00:00
Valid days of month: 1, 2, 3, 4, 5, 6, 7, 8, 9, 10, 11, 12, 13, 14, 15, 16, 17, 18, 19, 20, 21, 22, 23, 24, 25, 26, 27, 28, 29, 30, 31
Valid weekdays: Saturday, Sunday
When: 14:00:00
Current Time: 2007-01-02 13:30:00
Valid Interval: 13:00:00-16:00:00
Valid days of month: 1, 2, 3, 4, 5, 6, 7, 8, 9, 10, 11, 12, 13, 14, 15, 16, 17, 18, 19, 20, 21, 22, 23, 24, 25, 26, 27, 28, 29, 30, 31
Valid weekdays: Saturday, Sunday
When: 14:00:00
Current Time: 2007-01-06 13:30:00
Valid Interval: 13:00:00-16:00:00
Valid days of month: 1, 2, 3, 4, 5, 6, 7, 8, 9, 10, 11, 12, 13, 14, 15, 16, 17, 18, 19, 20, 21, 22, 23, 24, 25, 26, 27, 28, 29, 30, 31
Valid weekdays: Saturday, Sunday
When: 14:00:00
Current Time: 2007-01-06 14:30:00
Valid Interval: 13:00:00-16:00:00
Valid days of month: 1, 2, 3, 4, 5, 6, 7, 8, 9, 10, 11, 12, 13, 14, 15, 16, 17, 18, 19, 20, 21, 22, 23, 24, 25, 26, 27, 28, 29, 30, 31
Valid weekdays: Saturday, Sunday
When: 14:00:00
Current Time: 2007-01-06 16:30:00
Valid Interval: 13:00:00-16:00:00
Valid days of month: 1, 2, 3, 4, 5, 6, 7, 8, 9, 10, 11, 12, 13, 14, 15, 16, 17, 18, 19, 20, 21, 22, 23, 24, 25, 26, 27, 28, 29, 30, 31
Valid weekdays: Saturday, Sunday
When: 14:00:00
Current Time: 2007-01-07 16:00:00
Valid Interval: 23:00:00-02:00:00
Valid days of month: 1, 2, 3, 4, 5, 6, 7, 8, 9, 10, 11, 12, 13, 14, 15, 16, 17, 18, 19, 20, 21, 22, 23, 24, 25, 26, 27, 28, 29, 30, 31
Valid weekdays: Saturday, Sunday
When: 01:00:00
Current Time: 2007-01-01 12:00:00
Valid Interval: 23:00:00-02:00:00
Valid days of month: 1, 2, 3, 4, 5, 6, 7, 8, 9, 10, 11, 12, 13, 14, 15, 16, 17, 18, 19, 20, 21, 22, 23, 24, 25, 26, 27, 28, 29, 30, 31
Valid weekdays: Saturday, Sunday
When: 01:00:00
Current Time: 2007-01-02 01:00:00
Valid Interval: 23:00:00-02:00:00
Valid days of month: 1, 2, 3, 4, 5, 6, 7, 8, 9, 10, 11, 12, 13, 14, 15, 16, 17, 18, 19, 20, 21, 22, 23, 24, 25, 26, 27, 28, 29, 30, 31
Valid weekdays: Saturday, Sunday
When: 01:00:00
Current Time: 2007-01-06 00:30:00
Valid Interval: 23:00:00-02:00:00
Valid days of month: 1, 2, 3, 4, 5, 6, 7, 8, 9, 10, 11, 12, 13, 14, 15, 16, 17, 18, 19, 20, 21, 22, 23, 24, 25, 26, 27, 28, 29, 30, 31
Valid weekdays: Saturday, Sunday
When: 01:00:00
Current Time: 2007-01-06 01:30:00
Valid Interval: 23:00:00-02:00:00
Valid days of month: 1, 2, 3, 4, 5, 6, 7, 8, 9, 10, 11, 12, 13, 14, 15, 16, 17, 18, 19, 20, 21, 22, 23, 24, 25, 26, 27, 28, 29, 30, 31
Valid weekdays: Saturday, Sunday
When: 01:00:00
Current Time: 2007-01-06 02:30:00
Valid Interval: 23:00:00-02:00:00
Valid days of month: 1, 2, 3, 4, 5, 6, 7, 8, 9, 10, 11, 12, 13, 14, 15, 16, 17, 18, 19, 20, 21, 22, 23, 24, 25, 26, 27, 28, 29, 30, 31
Valid weekdays: Saturday, Sunday
When: 01:00:00
Current Time: 2007-01-07 02:00:00
Valid Interval: 23:00:00-02:00:00
Valid days of month: 1, 2, 3, 4, 5, 6, 7, 8, 9, 10, 11, 12, 13, 14, 15, 16, 17, 18, 19, 20, 21, 22, 23, 24, 25, 26, 27, 28, 29, 30, 31
Valid weekdays: Saturday, Sunday
When: 23:30:00
Current Time: 2007-01-01 12:00:00
Valid Interval: 23:00:00-02:00:00
Valid days of month: 1, 2, 3, 4, 5, 6, 7, 8, 9, 10, 11, 12, 13, 14, 15, 16, 17, 18, 19, 20, 21, 22, 23, 24, 25, 26, 27, 28, 29, 30, 31
Valid weekdays: Saturday, Sunday
When: 23:30:00
Current Time: 2007-01-05 23:30:00
Valid Interval: 23:00:00-02:00:00
Valid days of month: 1, 2, 3, 4, 5, 6, 7, 8, 9, 10, 11, 12, 13, 14, 15, 16, 17, 18, 19, 20, 21, 22, 23, 24, 25, 26, 27, 28, 29, 30, 31
Valid weekdays: Saturday, Sunday
When: 23:30:00
Current Time: 2007-01-06 23:00:00
Valid Interval: 23:00:00-02:00:00
Valid days of month: 1, 2, 3, 4, 5, 6, 7, 8, 9, 10, 11, 12, 13, 14, 15, 16, 17, 18, 19, 20, 21, 22, 23, 24, 25, 26, 27, 28, 29, 30, 31
Valid weekdays: Saturday, Sunday
When: 23:30:00
Current Time: 2007-01-06 02:00:00
Valid Interval: 23:00:00-02:00:00
Valid days of month: 1, 2, 3, 4, 5, 6, 7, 8, 9, 10, 11, 12, 13, 14, 15, 16, 17, 18, 19, 20, 21, 22, 23, 24, 25, 26, 27, 28, 29, 30, 31
Valid weekdays: Saturday, Sunday
When: 23:30:00
Current Time: 2007-01-07 23:40:00
Valid Interval: 23:00:00-02:00:00
Valid days of month: 1, 2, 3, 4, 5, 6, 7, 8, 9, 10, 11, 12, 13, 14, 15, 16, 17, 18, 19, 20, 21, 22, 23, 24, 25, 26, 27, 28, 29, 30, 31
Valid weekdays: Saturday, Sunday
When: 23:30:00
Current Time: 2007-01-07 01:00:00
Valid Interval: 13:00:00-16:00:00
Valid days of month: 1, 2, 3, 4, 5, 6, 7, 8, 9, 10, 11, 12, 13, 14, 15, 16, 17, 18, 19, 20, 21, 22, 23, 24, 25, 26, 27, 28, 29, 30, 31
Valid weekdays: Saturday, Sunday
When: 14:00:00
Current Time: 2007-01-01 12:00:00
Valid Interval: 13:00:00-16:00:00
Valid days of month: 1, 2, 3, 4, 5, 6, 7, 8, 9, 10, 11, 12, 13, 14, 15, 16, 17, 18, 19, 20, 21, 22, 23, 24, 25, 26, 27, 28, 29, 30, 31
Valid weekdays: Saturday, Sunday
When: 14:00:00
Current Time: 2007-01-02 13:30:00
Valid Interval: 13:00:00-16:00:00
Valid days of month: 1, 2, 3, 4, 5, 6, 7, 8, 9, 10, 11, 12, 13, 14, 15, 16, 17, 18, 19, 20, 21, 22, 23, 24, 25, 26, 27, 28, 29, 30, 31
Valid weekdays: Saturday, Sunday
When: 14:00:00
Current Time: 2007-01-06 13:30:00
Valid Interval: 13:00:00-16:00:00
Valid days of month: 1, 2, 3, 4, 5, 6, 7, 8, 9, 10, 11, 12, 13, 14, 15, 16, 17, 18, 19, 20, 21, 22, 23, 24, 25, 26, 27, 28, 29, 30, 31
Valid weekdays: Saturday, Sunday
When: 14:00:00
Current Time: 2007-01-06 14:30:00
Valid Interval: 13:00:00-16:00:00
Valid days of month: 1, 2, 3, 4, 5, 6, 7, 8, 9, 10, 11, 12, 13, 14, 15, 16, 17, 18, 19, 20, 21, 22, 23, 24, 25, 26, 27, 28, 29, 30, 31
Valid weekdays: Saturday, Sunday
When: 14:00:00
Current Time: 2007-01-06 16:30:00
Valid Interval: 13:00:00-16:00:00
Valid days of month: 1, 2, 3, 4, 5, 6, 7, 8, 9, 10, 11, 12, 13, 14, 15, 16, 17, 18, 19, 20, 21, 22, 23, 24, 25, 26, 27, 28, 29, 30, 31
Valid weekdays: Saturday, Sunday
When: 14:00:00
Current Time: 2007-01-07 16:00:00
Valid Interval: 23:00:00-02:00:00
Valid days of month: 1, 2, 3, 4, 5, 6, 7, 8, 9, 10, 11, 12, 13, 14, 15, 16, 17, 18, 19, 20, 21, 22, 23, 24, 25, 26, 27, 28, 29, 30, 31
Valid weekdays: Saturday, Sunday
When: 01:00:00
Current Time: 2007-01-01 12:00:00
Valid Interval: 23:00:00-02:00:00
Valid days of month: 1, 2, 3, 4, 5, 6, 7, 8, 9, 10, 11, 12, 13, 14, 15, 16, 17, 18, 19, 20, 21, 22, 23, 24, 25, 26, 27, 28, 29, 30, 31
Valid weekdays: Saturday, Sunday
When: 01:00:00
Current Time: 2007-01-02 01:00:00
Valid Interval: 23:00:00-02:00:00
Valid days of month: 1, 2, 3, 4, 5, 6, 7, 8, 9, 10, 11, 12, 13, 14, 15, 16, 17, 18, 19, 20, 21, 22, 23, 24, 25, 26, 27, 28, 29, 30, 31
Valid weekdays: Saturday, Sunday
When: 01:00:00
Current Time: 2007-01-06 00:30:00
Valid Interval: 23:00:00-02:00:00
Valid days of month: 1, 2, 3, 4, 5, 6, 7, 8, 9, 10, 11, 12, 13, 14, 15, 16, 17, 18, 19, 20, 21, 22, 23, 24, 25, 26, 27, 28, 29, 30, 31
Valid weekdays: Saturday, Sunday
When: 01:00:00
Current Time: 2007-01-06 02:30:00
Valid Interval: 23:00:00-02:00:00
Valid days of month: 1, 2, 3, 4, 5, 6, 7, 8, 9, 10, 11, 12, 13, 14, 15, 16, 17, 18, 19, 20, 21, 22, 23, 24, 25, 26, 27, 28, 29, 30, 31
Valid weekdays: Saturday, Sunday
When: 23:30:00
Current Time: 2007-01-01 12:00:00
Valid Interval: 23:00:00-02:00:00
Valid days of month: 1, 2, 3, 4, 5, 6, 7, 8, 9, 10, 11, 12, 13, 14, 15, 16, 17, 18, 19, 20, 21, 22, 23, 24, 25, 26, 27, 28, 29, 30, 31
Valid weekdays: Saturday, Sunday
When: 23:30:00
Current Time: 2007-01-05 23:30:00
Valid Interval: 23:00:00-02:00:00
Valid days of month: 1, 2, 3, 4, 5, 6, 7, 8, 9, 10, 11, 12, 13, 14, 15, 16, 17, 18, 19, 20, 21, 22, 23, 24, 25, 26, 27, 28, 29, 30, 31
Valid weekdays: Saturday, Sunday
When: 23:30:00
Current Time: 2007-01-06 23:00:00
Valid Interval: 23:00:00-02:00:00
Valid days of month: 1, 2, 3, 4, 5, 6, 7, 8, 9, 10, 11, 12, 13, 14, 15, 16, 17, 18, 19, 20, 21, 22, 23, 24, 25, 26, 27, 28, 29, 30, 31
Valid weekdays: Saturday, Sunday
When: 23:30:00
Current Time: 2007-01-06 02:00:00
Valid Interval: 23:00:00-02:00:00
Valid days of month: 1, 2, 3, 4, 5, 6, 7, 8, 9, 10, 11, 12, 13, 14, 15, 16, 17, 18, 19, 20, 21, 22, 23, 24, 25, 26, 27, 28, 29, 30, 31
Valid weekdays: Saturday, Sunday
When: 23:30:00
Current Time: 2007-01-07 23:40:00
Valid Interval: 23:00:00-02:00:00
Valid days of month: 1, 2, 3, 4, 5, 6, 7, 8, 9, 10, 11, 12, 13, 14, 15, 16, 17, 18, 19, 20, 21, 22, 23, 24, 25, 26, 27, 28, 29, 30, 31
Valid weekdays: Saturday, Sunday
When: 23:30:00
Current Time: 2007-01-07 01:00:00
Valid Interval: 13:00:00-16:00:00
Valid days of month: 1, 2, 3, 4, 5, 6, 7, 8, 9, 10, 11, 12, 13, 14, 15, 16, 17, 18, 19, 20, 21, 22, 23, 24, 25, 26, 27, 28, 29, 30, 31
Valid weekdays: Saturday, Sunday
When: 14:00:00
Current Time: 2007-01-06 14:30:00
Valid Interval: 13:00:00-16:00:00
Valid days of month: 1, 2, 3, 4, 5, 6, 7, 8, 9, 10, 11, 12, 13, 14, 15, 16, 17, 18, 19, 20, 21, 22, 23, 24, 25, 26, 27, 28, 29, 30, 31
Valid weekdays: Saturday, Sunday
When: 14:00:00
Current Time: 2007-01-07 15:00:00
Valid Interval: 23:00:00-02:00:00
Valid days of month: 1, 2, 3, 4, 5, 6, 7, 8, 9, 10, 11, 12, 13, 14, 15, 16, 17, 18, 19, 20, 21, 22, 23, 24, 25, 26, 27, 28, 29, 30, 31
Valid weekdays: Saturday, Sunday
When: 01:00:00
Current Time: 2007-01-06 01:30:00
Valid Interval: 23:00:00-02:00:00
Valid days of month: 1, 2, 3, 4, 5, 6, 7, 8, 9, 10, 11, 12, 13, 14, 15, 16, 17, 18, 19, 20, 21, 22, 23, 24, 25, 26, 27, 28, 29, 30, 31
Valid weekdays: Saturday, Sunday
When: 01:00:00
Current Time: 2007-01-07 01:30:00
Valid Interval: 23:00:00-02:00:00
Valid days of month: 1, 2, 3, 4, 5, 6, 7, 8, 9, 10, 11, 12, 13, 14, 15, 16, 17, 18, 19, 20, 21, 22, 23, 24, 25, 26, 27, 28, 29, 30, 31
Valid weekdays: Saturday, Sunday
When: 23:30:00
Current Time: 2007-01-06 23:02:00
Valid Interval: 23:00:00-02:00:00
Valid days of month: 1, 2, 3, 4, 5, 6, 7, 8, 9, 10, 11, 12, 13, 14, 15, 16, 17, 18, 19, 20, 21, 22, 23, 24, 25, 26, 27, 28, 29, 30, 31
Valid weekdays: Saturday, Sunday
When: 23:30:00
Current Time: 2007-01-06 01:10:00
Valid Interval: 23:00:00-02:00:00
Valid days of month: 1, 2, 3, 4, 5, 6, 7, 8, 9, 10, 11, 12, 13, 14, 15, 16, 17, 18, 19, 20, 21, 22, 23, 24, 25, 26, 27, 28, 29, 30, 31
Valid weekdays: Saturday, Sunday
When: 23:30:00
Current Time: 2007-01-07 01:00:40
Valid Interval: 23:00:00-02:00:00
Valid days of month: 2
Valid weekdays: Saturday, Sunday
When: 23:30:00
Current Time: 2007-01-01 12:00:00
Valid Interval: 23:00:00-02:00:00
Valid days of month: 1, 2
Valid weekdays: Saturday, Sunday
When: 23:30:00
Current Time: 2007-01-05 23:30:00
Valid Interval: 23:00:00-02:00:00
Valid days of month: 1, 2
Valid weekdays: Saturday, Sunday
When: 23:30:00
Current Time: 2007-01-06 23:00:00</StdOut>
      </Output>
    </UnitTestResult>
    <UnitTestResult executionId="a1543642-f065-40c3-8c79-efc66976b301" testId="22b0384d-dc86-4e9c-bcf0-07c90c4f5a98" testName="GetNextTimeToTrigger_AbsoluteTimer_ReturnsCorrectTime (Data Row 67)" computerName="ICSWS068" duration="00:00:00.0040054" startTime="2016-08-04T07:57:22.9000614+02:00" endTime="2016-08-04T07:57:22.9040677+02:00" testType="13cdc9d9-ddb5-4fa4-a97d-d965ccfc6d4b" outcome="Passed" testListId="8c84fa94-04c1-424b-9868-57a2d4851a1d" relativeResultsDirectory="a1543642-f065-40c3-8c79-efc66976b301">
      <Output>
        <StdOut>TestContext Messages:
Valid Interval: 11:00:00-13:00:00
Valid days of month: 1, 2, 3, 4, 5, 6, 7, 8, 9, 10, 11, 12, 13, 14, 15, 16, 17, 18, 19, 20, 21, 22, 23, 24, 25, 26, 27, 28, 29, 30, 31
Valid weekdays: Monday, Tuesday, Wednesday, Thursday, Friday, Saturday, Sunday
When: 12:00:00
Current Time: 2011-01-01 00:00:00
Valid Interval: 11:00:00-13:00:00
Valid days of month: 1, 2, 3, 4, 5, 6, 7, 8, 9, 10, 11, 12, 13, 14, 15, 16, 17, 18, 19, 20, 21, 22, 23, 24, 25, 26, 27, 28, 29, 30, 31
Valid weekdays: Monday, Tuesday, Wednesday, Thursday, Friday, Saturday, Sunday
When: 12:00:00
Current Time: 2011-01-01 09:00:00
Valid Interval: 11:00:00-13:00:00
Valid days of month: 1, 2, 3, 4, 5, 6, 7, 8, 9, 10, 11, 12, 13, 14, 15, 16, 17, 18, 19, 20, 21, 22, 23, 24, 25, 26, 27, 28, 29, 30, 31
Valid weekdays: Monday, Tuesday, Wednesday, Thursday, Friday, Saturday, Sunday
When: 12:00:00
Current Time: 2011-01-01 11:00:00
Valid Interval: 11:00:00-13:00:00
Valid days of month: 1, 2, 3, 4, 5, 6, 7, 8, 9, 10, 11, 12, 13, 14, 15, 16, 17, 18, 19, 20, 21, 22, 23, 24, 25, 26, 27, 28, 29, 30, 31
Valid weekdays: Monday, Tuesday, Wednesday, Thursday, Friday, Saturday, Sunday
When: 12:00:00
Current Time: 2011-01-01 12:00:00
Valid Interval: 11:00:00-13:00:00
Valid days of month: 1, 2, 3, 4, 5, 6, 7, 8, 9, 10, 11, 12, 13, 14, 15, 16, 17, 18, 19, 20, 21, 22, 23, 24, 25, 26, 27, 28, 29, 30, 31
Valid weekdays: Monday, Tuesday, Wednesday, Thursday, Friday, Saturday, Sunday
When: 12:00:00
Current Time: 2011-01-01 12:30:00
Valid Interval: 11:00:00-13:00:00
Valid days of month: 1, 2, 3, 4, 5, 6, 7, 8, 9, 10, 11, 12, 13, 14, 15, 16, 17, 18, 19, 20, 21, 22, 23, 24, 25, 26, 27, 28, 29, 30, 31
Valid weekdays: Monday, Tuesday, Wednesday, Thursday, Friday, Saturday, Sunday
When: 12:00:00
Current Time: 2011-01-01 13:00:00
Valid Interval: 11:00:00-13:00:00
Valid days of month: 1, 2, 3, 4, 5, 6, 7, 8, 9, 10, 11, 12, 13, 14, 15, 16, 17, 18, 19, 20, 21, 22, 23, 24, 25, 26, 27, 28, 29, 30, 31
Valid weekdays: Monday, Tuesday, Wednesday, Thursday, Friday, Saturday, Sunday
When: 12:00:00
Current Time: 2011-01-02 00:00:00
Valid Interval: 11:00:00-13:00:00
Valid days of month: 1, 2, 3, 4, 5, 6, 7, 8, 9, 10, 11, 12, 13, 14, 15, 16, 17, 18, 19, 20, 21, 22, 23, 24, 25, 26, 27, 28, 29, 30, 31
Valid weekdays: Monday, Tuesday, Wednesday, Thursday, Friday, Saturday, Sunday
When: 12:00:00
Current Time: 2011-01-02 09:00:00
Valid Interval: 11:00:00-13:00:00
Valid days of month: 1, 2, 3, 4, 5, 6, 7, 8, 9, 10, 11, 12, 13, 14, 15, 16, 17, 18, 19, 20, 21, 22, 23, 24, 25, 26, 27, 28, 29, 30, 31
Valid weekdays: Monday, Tuesday, Wednesday, Thursday, Friday, Saturday, Sunday
When: 12:00:00
Current Time: 2011-01-02 12:00:00
Valid Interval: 11:00:00-13:00:00
Valid days of month: 1, 2, 3, 4, 5, 6, 7, 8, 9, 10, 11, 12, 13, 14, 15, 16, 17, 18, 19, 20, 21, 22, 23, 24, 25, 26, 27, 28, 29, 30, 31
Valid weekdays: Monday, Tuesday, Wednesday, Thursday, Friday, Saturday, Sunday
When: 12:00:00
Current Time: 2011-01-02 12:45:30
Valid Interval: 11:00:00-13:00:00
Valid days of month: 1, 2, 3, 4, 5, 6, 7, 8, 9, 10, 11, 12, 13, 14, 15, 16, 17, 18, 19, 20, 21, 22, 23, 24, 25, 26, 27, 28, 29, 30, 31
Valid weekdays: Monday, Tuesday, Wednesday, Thursday, Friday, Saturday, Sunday
When: 12:00:00
Current Time: 2011-01-02 13:00:00
Valid Interval: 11:00:00-13:00:00
Valid days of month: 1, 2, 3, 4, 5, 6, 7, 8, 9, 10, 11, 12, 13, 14, 15, 16, 17, 18, 19, 20, 21, 22, 23, 24, 25, 26, 27, 28, 29, 30, 31
Valid weekdays: Monday, Tuesday, Wednesday, Thursday, Friday, Saturday, Sunday
When: 12:00:00
Current Time: 2011-01-01 12:00:00
Valid Interval: 11:00:00-13:00:00
Valid days of month: 1, 2, 3, 4, 5, 6, 7, 8, 9, 10, 11, 12, 13, 14, 15, 16, 17, 18, 19, 20, 21, 22, 23, 24, 25, 26, 27, 28, 29, 30, 31
Valid weekdays: Monday, Tuesday, Wednesday, Thursday, Friday, Saturday, Sunday
When: 12:00:00
Current Time: 2011-01-01 12:30:00
Valid Interval: 11:00:00-13:00:00
Valid days of month: 1, 2, 3, 4, 5, 6, 7, 8, 9, 10, 11, 12, 13, 14, 15, 16, 17, 18, 19, 20, 21, 22, 23, 24, 25, 26, 27, 28, 29, 30, 31
Valid weekdays: Monday, Tuesday, Wednesday, Thursday, Friday, Saturday, Sunday
When: 12:00:00
Current Time: 2011-01-01 12:30:00
Valid Interval: 11:00:00-13:00:00
Valid days of month: 1, 2, 3, 4, 5, 6, 7, 8, 9, 10, 11, 12, 13, 14, 15, 16, 17, 18, 19, 20, 21, 22, 23, 24, 25, 26, 27, 28, 29, 30, 31
Valid weekdays: Monday, Tuesday, Wednesday, Thursday, Friday, Saturday, Sunday
When: 12:00:00
Current Time: 2011-01-01 13:00:00
Valid Interval: 11:00:00-13:00:00
Valid days of month: 1, 2, 3, 4, 5, 6, 7, 8, 9, 10, 11, 12, 13, 14, 15, 16, 17, 18, 19, 20, 21, 22, 23, 24, 25, 26, 27, 28, 29, 30, 31
Valid weekdays: Monday, Tuesday, Wednesday, Thursday, Friday, Saturday, Sunday
When: 12:00:00
Current Time: 2011-01-01 14:30:00
Valid Interval: 23:00:00-13:00:00
Valid days of month: 1, 2, 3, 4, 5, 6, 7, 8, 9, 10, 11, 12, 13, 14, 15, 16, 17, 18, 19, 20, 21, 22, 23, 24, 25, 26, 27, 28, 29, 30, 31
Valid weekdays: Monday, Tuesday, Wednesday, Thursday, Friday, Saturday, Sunday
When: 23:30:00
Current Time: 2011-01-01 16:00:00
Valid Interval: 23:00:00-13:00:00
Valid days of month: 1, 2, 3, 4, 5, 6, 7, 8, 9, 10, 11, 12, 13, 14, 15, 16, 17, 18, 19, 20, 21, 22, 23, 24, 25, 26, 27, 28, 29, 30, 31
Valid weekdays: Monday, Tuesday, Wednesday, Thursday, Friday, Saturday, Sunday
When: 23:30:00
Current Time: 2011-01-01 23:00:00
Valid Interval: 23:00:00-13:00:00
Valid days of month: 1, 2, 3, 4, 5, 6, 7, 8, 9, 10, 11, 12, 13, 14, 15, 16, 17, 18, 19, 20, 21, 22, 23, 24, 25, 26, 27, 28, 29, 30, 31
Valid weekdays: Monday, Tuesday, Wednesday, Thursday, Friday, Saturday, Sunday
When: 23:30:00
Current Time: 2011-01-01 23:30:00
Valid Interval: 23:00:00-13:00:00
Valid days of month: 1, 2, 3, 4, 5, 6, 7, 8, 9, 10, 11, 12, 13, 14, 15, 16, 17, 18, 19, 20, 21, 22, 23, 24, 25, 26, 27, 28, 29, 30, 31
Valid weekdays: Monday, Tuesday, Wednesday, Thursday, Friday, Saturday, Sunday
When: 23:30:00
Current Time: 2011-01-01 23:45:00
Valid Interval: 23:00:00-13:00:00
Valid days of month: 1, 2, 3, 4, 5, 6, 7, 8, 9, 10, 11, 12, 13, 14, 15, 16, 17, 18, 19, 20, 21, 22, 23, 24, 25, 26, 27, 28, 29, 30, 31
Valid weekdays: Monday, Tuesday, Wednesday, Thursday, Friday, Saturday, Sunday
When: 23:30:00
Current Time: 2011-01-02 00:30:00
Valid Interval: 23:00:00-13:00:00
Valid days of month: 1, 2, 3, 4, 5, 6, 7, 8, 9, 10, 11, 12, 13, 14, 15, 16, 17, 18, 19, 20, 21, 22, 23, 24, 25, 26, 27, 28, 29, 30, 31
Valid weekdays: Monday, Tuesday, Wednesday, Thursday, Friday, Saturday, Sunday
When: 23:30:00
Current Time: 2011-01-01 13:00:00
Valid Interval: 23:00:00-13:00:00
Valid days of month: 1, 2, 3, 4, 5, 6, 7, 8, 9, 10, 11, 12, 13, 14, 15, 16, 17, 18, 19, 20, 21, 22, 23, 24, 25, 26, 27, 28, 29, 30, 31
Valid weekdays: Monday, Tuesday, Wednesday, Thursday, Friday, Saturday, Sunday
When: 01:00:00
Current Time: 2011-01-01 16:00:00
Valid Interval: 23:00:00-13:00:00
Valid days of month: 1, 2, 3, 4, 5, 6, 7, 8, 9, 10, 11, 12, 13, 14, 15, 16, 17, 18, 19, 20, 21, 22, 23, 24, 25, 26, 27, 28, 29, 30, 31
Valid weekdays: Monday, Tuesday, Wednesday, Thursday, Friday, Saturday, Sunday
When: 01:00:00
Current Time: 2011-01-01 23:00:00
Valid Interval: 23:00:00-13:00:00
Valid days of month: 1, 2, 3, 4, 5, 6, 7, 8, 9, 10, 11, 12, 13, 14, 15, 16, 17, 18, 19, 20, 21, 22, 23, 24, 25, 26, 27, 28, 29, 30, 31
Valid weekdays: Monday, Tuesday, Wednesday, Thursday, Friday, Saturday, Sunday
When: 01:00:00
Current Time: 2011-01-01 23:30:00
Valid Interval: 23:00:00-13:00:00
Valid days of month: 1, 2, 3, 4, 5, 6, 7, 8, 9, 10, 11, 12, 13, 14, 15, 16, 17, 18, 19, 20, 21, 22, 23, 24, 25, 26, 27, 28, 29, 30, 31
Valid weekdays: Monday, Tuesday, Wednesday, Thursday, Friday, Saturday, Sunday
When: 01:00:00
Current Time: 2011-01-02 00:30:00
Valid Interval: 23:00:00-13:00:00
Valid days of month: 1, 2, 3, 4, 5, 6, 7, 8, 9, 10, 11, 12, 13, 14, 15, 16, 17, 18, 19, 20, 21, 22, 23, 24, 25, 26, 27, 28, 29, 30, 31
Valid weekdays: Monday, Tuesday, Wednesday, Thursday, Friday, Saturday, Sunday
When: 01:00:00
Current Time: 2011-01-01 02:00:00
Valid Interval: 23:00:00-13:00:00
Valid days of month: 1, 2, 3, 4, 5, 6, 7, 8, 9, 10, 11, 12, 13, 14, 15, 16, 17, 18, 19, 20, 21, 22, 23, 24, 25, 26, 27, 28, 29, 30, 31
Valid weekdays: Monday, Tuesday, Wednesday, Thursday, Friday, Saturday, Sunday
When: 01:00:00
Current Time: 2011-01-01 13:00:00
Valid Interval: 23:00:00-13:00:00
Valid days of month: 1, 2, 3, 4, 5, 6, 7, 8, 9, 10, 11, 12, 13, 14, 15, 16, 17, 18, 19, 20, 21, 22, 23, 24, 25, 26, 27, 28, 29, 30, 31
Valid weekdays: Monday, Tuesday, Wednesday, Thursday, Friday, Saturday, Sunday
When: 23:30:00
Current Time: 2011-01-01 16:00:00
Valid Interval: 23:00:00-13:00:00
Valid days of month: 1, 2, 3, 4, 5, 6, 7, 8, 9, 10, 11, 12, 13, 14, 15, 16, 17, 18, 19, 20, 21, 22, 23, 24, 25, 26, 27, 28, 29, 30, 31
Valid weekdays: Monday, Tuesday, Wednesday, Thursday, Friday, Saturday, Sunday
When: 23:30:00
Current Time: 2011-01-01 23:00:00
Valid Interval: 23:00:00-13:00:00
Valid days of month: 1, 2, 3, 4, 5, 6, 7, 8, 9, 10, 11, 12, 13, 14, 15, 16, 17, 18, 19, 20, 21, 22, 23, 24, 25, 26, 27, 28, 29, 30, 31
Valid weekdays: Monday, Tuesday, Wednesday, Thursday, Friday, Saturday, Sunday
When: 23:30:00
Current Time: 2011-01-01 23:30:00
Valid Interval: 23:00:00-13:00:00
Valid days of month: 1, 2, 3, 4, 5, 6, 7, 8, 9, 10, 11, 12, 13, 14, 15, 16, 17, 18, 19, 20, 21, 22, 23, 24, 25, 26, 27, 28, 29, 30, 31
Valid weekdays: Monday, Tuesday, Wednesday, Thursday, Friday, Saturday, Sunday
When: 23:30:00
Current Time: 2011-01-01 23:45:00
Valid Interval: 23:00:00-13:00:00
Valid days of month: 1, 2, 3, 4, 5, 6, 7, 8, 9, 10, 11, 12, 13, 14, 15, 16, 17, 18, 19, 20, 21, 22, 23, 24, 25, 26, 27, 28, 29, 30, 31
Valid weekdays: Monday, Tuesday, Wednesday, Thursday, Friday, Saturday, Sunday
When: 23:30:00
Current Time: 2011-01-02 00:30:00
Valid Interval: 23:00:00-13:00:00
Valid days of month: 1, 2, 3, 4, 5, 6, 7, 8, 9, 10, 11, 12, 13, 14, 15, 16, 17, 18, 19, 20, 21, 22, 23, 24, 25, 26, 27, 28, 29, 30, 31
Valid weekdays: Monday, Tuesday, Wednesday, Thursday, Friday, Saturday, Sunday
When: 23:30:00
Current Time: 2011-01-01 13:00:00
Valid Interval: 23:00:00-13:00:00
Valid days of month: 1, 2, 3, 4, 5, 6, 7, 8, 9, 10, 11, 12, 13, 14, 15, 16, 17, 18, 19, 20, 21, 22, 23, 24, 25, 26, 27, 28, 29, 30, 31
Valid weekdays: Monday, Tuesday, Wednesday, Thursday, Friday, Saturday, Sunday
When: 01:00:00
Current Time: 2011-01-01 16:00:00
Valid Interval: 23:00:00-13:00:00
Valid days of month: 1, 2, 3, 4, 5, 6, 7, 8, 9, 10, 11, 12, 13, 14, 15, 16, 17, 18, 19, 20, 21, 22, 23, 24, 25, 26, 27, 28, 29, 30, 31
Valid weekdays: Monday, Tuesday, Wednesday, Thursday, Friday, Saturday, Sunday
When: 01:00:00
Current Time: 2011-01-01 23:00:00
Valid Interval: 23:00:00-13:00:00
Valid days of month: 1, 2, 3, 4, 5, 6, 7, 8, 9, 10, 11, 12, 13, 14, 15, 16, 17, 18, 19, 20, 21, 22, 23, 24, 25, 26, 27, 28, 29, 30, 31
Valid weekdays: Monday, Tuesday, Wednesday, Thursday, Friday, Saturday, Sunday
When: 01:00:00
Current Time: 2011-01-01 23:30:00
Valid Interval: 23:00:00-13:00:00
Valid days of month: 1, 2, 3, 4, 5, 6, 7, 8, 9, 10, 11, 12, 13, 14, 15, 16, 17, 18, 19, 20, 21, 22, 23, 24, 25, 26, 27, 28, 29, 30, 31
Valid weekdays: Monday, Tuesday, Wednesday, Thursday, Friday, Saturday, Sunday
When: 01:00:00
Current Time: 2011-01-02 00:30:00
Valid Interval: 23:00:00-13:00:00
Valid days of month: 1, 2, 3, 4, 5, 6, 7, 8, 9, 10, 11, 12, 13, 14, 15, 16, 17, 18, 19, 20, 21, 22, 23, 24, 25, 26, 27, 28, 29, 30, 31
Valid weekdays: Monday, Tuesday, Wednesday, Thursday, Friday, Saturday, Sunday
When: 01:00:00
Current Time: 2011-01-02 02:00:00
Valid Interval: 23:00:00-13:00:00
Valid days of month: 1, 2, 3, 4, 5, 6, 7, 8, 9, 10, 11, 12, 13, 14, 15, 16, 17, 18, 19, 20, 21, 22, 23, 24, 25, 26, 27, 28, 29, 30, 31
Valid weekdays: Monday, Tuesday, Wednesday, Thursday, Friday, Saturday, Sunday
When: 01:00:00
Current Time: 2011-01-02 13:00:00
Valid Interval: 23:00:00-13:00:00
Valid days of month: 1, 2, 3, 4, 5, 6, 7, 8, 9, 10, 11, 12, 13, 14, 15, 16, 17, 18, 19, 20, 21, 22, 23, 24, 25, 26, 27, 28, 29, 30, 31
Valid weekdays: Monday, Tuesday, Wednesday, Thursday, Friday, Saturday, Sunday
When: 23:30:00
Current Time: 2011-01-01 23:30:05
Valid Interval: 23:00:00-13:00:00
Valid days of month: 1, 2, 3, 4, 5, 6, 7, 8, 9, 10, 11, 12, 13, 14, 15, 16, 17, 18, 19, 20, 21, 22, 23, 24, 25, 26, 27, 28, 29, 30, 31
Valid weekdays: Monday, Tuesday, Wednesday, Thursday, Friday, Saturday, Sunday
When: 23:30:00
Current Time: 2011-01-02 00:30:00
Valid Interval: 23:00:00-13:00:00
Valid days of month: 1, 2, 3, 4, 5, 6, 7, 8, 9, 10, 11, 12, 13, 14, 15, 16, 17, 18, 19, 20, 21, 22, 23, 24, 25, 26, 27, 28, 29, 30, 31
Valid weekdays: Monday, Tuesday, Wednesday, Thursday, Friday, Saturday, Sunday
When: 23:30:00
Current Time: 2011-01-02 13:00:00
Valid Interval: 23:00:00-13:00:00
Valid days of month: 1, 2, 3, 4, 5, 6, 7, 8, 9, 10, 11, 12, 13, 14, 15, 16, 17, 18, 19, 20, 21, 22, 23, 24, 25, 26, 27, 28, 29, 30, 31
Valid weekdays: Monday, Tuesday, Wednesday, Thursday, Friday, Saturday, Sunday
When: 01:00:00
Current Time: 2011-01-01 02:00:00
Valid Interval: 23:00:00-13:00:00
Valid days of month: 1, 2, 3, 4, 5, 6, 7, 8, 9, 10, 11, 12, 13, 14, 15, 16, 17, 18, 19, 20, 21, 22, 23, 24, 25, 26, 27, 28, 29, 30, 31
Valid weekdays: Monday, Tuesday, Wednesday, Thursday, Friday, Saturday, Sunday
When: 01:00:00
Current Time: 2011-01-02 02:00:00
Valid Interval: 13:00:00-16:00:00
Valid days of month: 1, 2, 3, 4, 5, 6, 7, 8, 9, 10, 11, 12, 13, 14, 15, 16, 17, 18, 19, 20, 21, 22, 23, 24, 25, 26, 27, 28, 29, 30, 31
Valid weekdays: Saturday, Sunday
When: 14:00:00
Current Time: 2007-01-01 12:00:00
Valid Interval: 13:00:00-16:00:00
Valid days of month: 1, 2, 3, 4, 5, 6, 7, 8, 9, 10, 11, 12, 13, 14, 15, 16, 17, 18, 19, 20, 21, 22, 23, 24, 25, 26, 27, 28, 29, 30, 31
Valid weekdays: Saturday, Sunday
When: 14:00:00
Current Time: 2007-01-02 13:30:00
Valid Interval: 13:00:00-16:00:00
Valid days of month: 1, 2, 3, 4, 5, 6, 7, 8, 9, 10, 11, 12, 13, 14, 15, 16, 17, 18, 19, 20, 21, 22, 23, 24, 25, 26, 27, 28, 29, 30, 31
Valid weekdays: Saturday, Sunday
When: 14:00:00
Current Time: 2007-01-06 13:30:00
Valid Interval: 13:00:00-16:00:00
Valid days of month: 1, 2, 3, 4, 5, 6, 7, 8, 9, 10, 11, 12, 13, 14, 15, 16, 17, 18, 19, 20, 21, 22, 23, 24, 25, 26, 27, 28, 29, 30, 31
Valid weekdays: Saturday, Sunday
When: 14:00:00
Current Time: 2007-01-06 14:30:00
Valid Interval: 13:00:00-16:00:00
Valid days of month: 1, 2, 3, 4, 5, 6, 7, 8, 9, 10, 11, 12, 13, 14, 15, 16, 17, 18, 19, 20, 21, 22, 23, 24, 25, 26, 27, 28, 29, 30, 31
Valid weekdays: Saturday, Sunday
When: 14:00:00
Current Time: 2007-01-06 16:30:00
Valid Interval: 13:00:00-16:00:00
Valid days of month: 1, 2, 3, 4, 5, 6, 7, 8, 9, 10, 11, 12, 13, 14, 15, 16, 17, 18, 19, 20, 21, 22, 23, 24, 25, 26, 27, 28, 29, 30, 31
Valid weekdays: Saturday, Sunday
When: 14:00:00
Current Time: 2007-01-07 16:00:00
Valid Interval: 23:00:00-02:00:00
Valid days of month: 1, 2, 3, 4, 5, 6, 7, 8, 9, 10, 11, 12, 13, 14, 15, 16, 17, 18, 19, 20, 21, 22, 23, 24, 25, 26, 27, 28, 29, 30, 31
Valid weekdays: Saturday, Sunday
When: 01:00:00
Current Time: 2007-01-01 12:00:00
Valid Interval: 23:00:00-02:00:00
Valid days of month: 1, 2, 3, 4, 5, 6, 7, 8, 9, 10, 11, 12, 13, 14, 15, 16, 17, 18, 19, 20, 21, 22, 23, 24, 25, 26, 27, 28, 29, 30, 31
Valid weekdays: Saturday, Sunday
When: 01:00:00
Current Time: 2007-01-02 01:00:00
Valid Interval: 23:00:00-02:00:00
Valid days of month: 1, 2, 3, 4, 5, 6, 7, 8, 9, 10, 11, 12, 13, 14, 15, 16, 17, 18, 19, 20, 21, 22, 23, 24, 25, 26, 27, 28, 29, 30, 31
Valid weekdays: Saturday, Sunday
When: 01:00:00
Current Time: 2007-01-06 00:30:00
Valid Interval: 23:00:00-02:00:00
Valid days of month: 1, 2, 3, 4, 5, 6, 7, 8, 9, 10, 11, 12, 13, 14, 15, 16, 17, 18, 19, 20, 21, 22, 23, 24, 25, 26, 27, 28, 29, 30, 31
Valid weekdays: Saturday, Sunday
When: 01:00:00
Current Time: 2007-01-06 01:30:00
Valid Interval: 23:00:00-02:00:00
Valid days of month: 1, 2, 3, 4, 5, 6, 7, 8, 9, 10, 11, 12, 13, 14, 15, 16, 17, 18, 19, 20, 21, 22, 23, 24, 25, 26, 27, 28, 29, 30, 31
Valid weekdays: Saturday, Sunday
When: 01:00:00
Current Time: 2007-01-06 02:30:00
Valid Interval: 23:00:00-02:00:00
Valid days of month: 1, 2, 3, 4, 5, 6, 7, 8, 9, 10, 11, 12, 13, 14, 15, 16, 17, 18, 19, 20, 21, 22, 23, 24, 25, 26, 27, 28, 29, 30, 31
Valid weekdays: Saturday, Sunday
When: 01:00:00
Current Time: 2007-01-07 02:00:00
Valid Interval: 23:00:00-02:00:00
Valid days of month: 1, 2, 3, 4, 5, 6, 7, 8, 9, 10, 11, 12, 13, 14, 15, 16, 17, 18, 19, 20, 21, 22, 23, 24, 25, 26, 27, 28, 29, 30, 31
Valid weekdays: Saturday, Sunday
When: 23:30:00
Current Time: 2007-01-01 12:00:00
Valid Interval: 23:00:00-02:00:00
Valid days of month: 1, 2, 3, 4, 5, 6, 7, 8, 9, 10, 11, 12, 13, 14, 15, 16, 17, 18, 19, 20, 21, 22, 23, 24, 25, 26, 27, 28, 29, 30, 31
Valid weekdays: Saturday, Sunday
When: 23:30:00
Current Time: 2007-01-05 23:30:00
Valid Interval: 23:00:00-02:00:00
Valid days of month: 1, 2, 3, 4, 5, 6, 7, 8, 9, 10, 11, 12, 13, 14, 15, 16, 17, 18, 19, 20, 21, 22, 23, 24, 25, 26, 27, 28, 29, 30, 31
Valid weekdays: Saturday, Sunday
When: 23:30:00
Current Time: 2007-01-06 23:00:00
Valid Interval: 23:00:00-02:00:00
Valid days of month: 1, 2, 3, 4, 5, 6, 7, 8, 9, 10, 11, 12, 13, 14, 15, 16, 17, 18, 19, 20, 21, 22, 23, 24, 25, 26, 27, 28, 29, 30, 31
Valid weekdays: Saturday, Sunday
When: 23:30:00
Current Time: 2007-01-06 02:00:00
Valid Interval: 23:00:00-02:00:00
Valid days of month: 1, 2, 3, 4, 5, 6, 7, 8, 9, 10, 11, 12, 13, 14, 15, 16, 17, 18, 19, 20, 21, 22, 23, 24, 25, 26, 27, 28, 29, 30, 31
Valid weekdays: Saturday, Sunday
When: 23:30:00
Current Time: 2007-01-07 23:40:00
Valid Interval: 23:00:00-02:00:00
Valid days of month: 1, 2, 3, 4, 5, 6, 7, 8, 9, 10, 11, 12, 13, 14, 15, 16, 17, 18, 19, 20, 21, 22, 23, 24, 25, 26, 27, 28, 29, 30, 31
Valid weekdays: Saturday, Sunday
When: 23:30:00
Current Time: 2007-01-07 01:00:00
Valid Interval: 13:00:00-16:00:00
Valid days of month: 1, 2, 3, 4, 5, 6, 7, 8, 9, 10, 11, 12, 13, 14, 15, 16, 17, 18, 19, 20, 21, 22, 23, 24, 25, 26, 27, 28, 29, 30, 31
Valid weekdays: Saturday, Sunday
When: 14:00:00
Current Time: 2007-01-01 12:00:00
Valid Interval: 13:00:00-16:00:00
Valid days of month: 1, 2, 3, 4, 5, 6, 7, 8, 9, 10, 11, 12, 13, 14, 15, 16, 17, 18, 19, 20, 21, 22, 23, 24, 25, 26, 27, 28, 29, 30, 31
Valid weekdays: Saturday, Sunday
When: 14:00:00
Current Time: 2007-01-02 13:30:00
Valid Interval: 13:00:00-16:00:00
Valid days of month: 1, 2, 3, 4, 5, 6, 7, 8, 9, 10, 11, 12, 13, 14, 15, 16, 17, 18, 19, 20, 21, 22, 23, 24, 25, 26, 27, 28, 29, 30, 31
Valid weekdays: Saturday, Sunday
When: 14:00:00
Current Time: 2007-01-06 13:30:00
Valid Interval: 13:00:00-16:00:00
Valid days of month: 1, 2, 3, 4, 5, 6, 7, 8, 9, 10, 11, 12, 13, 14, 15, 16, 17, 18, 19, 20, 21, 22, 23, 24, 25, 26, 27, 28, 29, 30, 31
Valid weekdays: Saturday, Sunday
When: 14:00:00
Current Time: 2007-01-06 14:30:00
Valid Interval: 13:00:00-16:00:00
Valid days of month: 1, 2, 3, 4, 5, 6, 7, 8, 9, 10, 11, 12, 13, 14, 15, 16, 17, 18, 19, 20, 21, 22, 23, 24, 25, 26, 27, 28, 29, 30, 31
Valid weekdays: Saturday, Sunday
When: 14:00:00
Current Time: 2007-01-06 16:30:00
Valid Interval: 13:00:00-16:00:00
Valid days of month: 1, 2, 3, 4, 5, 6, 7, 8, 9, 10, 11, 12, 13, 14, 15, 16, 17, 18, 19, 20, 21, 22, 23, 24, 25, 26, 27, 28, 29, 30, 31
Valid weekdays: Saturday, Sunday
When: 14:00:00
Current Time: 2007-01-07 16:00:00
Valid Interval: 23:00:00-02:00:00
Valid days of month: 1, 2, 3, 4, 5, 6, 7, 8, 9, 10, 11, 12, 13, 14, 15, 16, 17, 18, 19, 20, 21, 22, 23, 24, 25, 26, 27, 28, 29, 30, 31
Valid weekdays: Saturday, Sunday
When: 01:00:00
Current Time: 2007-01-01 12:00:00
Valid Interval: 23:00:00-02:00:00
Valid days of month: 1, 2, 3, 4, 5, 6, 7, 8, 9, 10, 11, 12, 13, 14, 15, 16, 17, 18, 19, 20, 21, 22, 23, 24, 25, 26, 27, 28, 29, 30, 31
Valid weekdays: Saturday, Sunday
When: 01:00:00
Current Time: 2007-01-02 01:00:00
Valid Interval: 23:00:00-02:00:00
Valid days of month: 1, 2, 3, 4, 5, 6, 7, 8, 9, 10, 11, 12, 13, 14, 15, 16, 17, 18, 19, 20, 21, 22, 23, 24, 25, 26, 27, 28, 29, 30, 31
Valid weekdays: Saturday, Sunday
When: 01:00:00
Current Time: 2007-01-06 00:30:00
Valid Interval: 23:00:00-02:00:00
Valid days of month: 1, 2, 3, 4, 5, 6, 7, 8, 9, 10, 11, 12, 13, 14, 15, 16, 17, 18, 19, 20, 21, 22, 23, 24, 25, 26, 27, 28, 29, 30, 31
Valid weekdays: Saturday, Sunday
When: 01:00:00
Current Time: 2007-01-06 02:30:00
Valid Interval: 23:00:00-02:00:00
Valid days of month: 1, 2, 3, 4, 5, 6, 7, 8, 9, 10, 11, 12, 13, 14, 15, 16, 17, 18, 19, 20, 21, 22, 23, 24, 25, 26, 27, 28, 29, 30, 31
Valid weekdays: Saturday, Sunday
When: 23:30:00
Current Time: 2007-01-01 12:00:00
Valid Interval: 23:00:00-02:00:00
Valid days of month: 1, 2, 3, 4, 5, 6, 7, 8, 9, 10, 11, 12, 13, 14, 15, 16, 17, 18, 19, 20, 21, 22, 23, 24, 25, 26, 27, 28, 29, 30, 31
Valid weekdays: Saturday, Sunday
When: 23:30:00
Current Time: 2007-01-05 23:30:00
Valid Interval: 23:00:00-02:00:00
Valid days of month: 1, 2, 3, 4, 5, 6, 7, 8, 9, 10, 11, 12, 13, 14, 15, 16, 17, 18, 19, 20, 21, 22, 23, 24, 25, 26, 27, 28, 29, 30, 31
Valid weekdays: Saturday, Sunday
When: 23:30:00
Current Time: 2007-01-06 23:00:00
Valid Interval: 23:00:00-02:00:00
Valid days of month: 1, 2, 3, 4, 5, 6, 7, 8, 9, 10, 11, 12, 13, 14, 15, 16, 17, 18, 19, 20, 21, 22, 23, 24, 25, 26, 27, 28, 29, 30, 31
Valid weekdays: Saturday, Sunday
When: 23:30:00
Current Time: 2007-01-06 02:00:00
Valid Interval: 23:00:00-02:00:00
Valid days of month: 1, 2, 3, 4, 5, 6, 7, 8, 9, 10, 11, 12, 13, 14, 15, 16, 17, 18, 19, 20, 21, 22, 23, 24, 25, 26, 27, 28, 29, 30, 31
Valid weekdays: Saturday, Sunday
When: 23:30:00
Current Time: 2007-01-07 23:40:00
Valid Interval: 23:00:00-02:00:00
Valid days of month: 1, 2, 3, 4, 5, 6, 7, 8, 9, 10, 11, 12, 13, 14, 15, 16, 17, 18, 19, 20, 21, 22, 23, 24, 25, 26, 27, 28, 29, 30, 31
Valid weekdays: Saturday, Sunday
When: 23:30:00
Current Time: 2007-01-07 01:00:00
Valid Interval: 13:00:00-16:00:00
Valid days of month: 1, 2, 3, 4, 5, 6, 7, 8, 9, 10, 11, 12, 13, 14, 15, 16, 17, 18, 19, 20, 21, 22, 23, 24, 25, 26, 27, 28, 29, 30, 31
Valid weekdays: Saturday, Sunday
When: 14:00:00
Current Time: 2007-01-06 14:30:00
Valid Interval: 13:00:00-16:00:00
Valid days of month: 1, 2, 3, 4, 5, 6, 7, 8, 9, 10, 11, 12, 13, 14, 15, 16, 17, 18, 19, 20, 21, 22, 23, 24, 25, 26, 27, 28, 29, 30, 31
Valid weekdays: Saturday, Sunday
When: 14:00:00
Current Time: 2007-01-07 15:00:00
Valid Interval: 23:00:00-02:00:00
Valid days of month: 1, 2, 3, 4, 5, 6, 7, 8, 9, 10, 11, 12, 13, 14, 15, 16, 17, 18, 19, 20, 21, 22, 23, 24, 25, 26, 27, 28, 29, 30, 31
Valid weekdays: Saturday, Sunday
When: 01:00:00
Current Time: 2007-01-06 01:30:00
Valid Interval: 23:00:00-02:00:00
Valid days of month: 1, 2, 3, 4, 5, 6, 7, 8, 9, 10, 11, 12, 13, 14, 15, 16, 17, 18, 19, 20, 21, 22, 23, 24, 25, 26, 27, 28, 29, 30, 31
Valid weekdays: Saturday, Sunday
When: 01:00:00
Current Time: 2007-01-07 01:30:00
Valid Interval: 23:00:00-02:00:00
Valid days of month: 1, 2, 3, 4, 5, 6, 7, 8, 9, 10, 11, 12, 13, 14, 15, 16, 17, 18, 19, 20, 21, 22, 23, 24, 25, 26, 27, 28, 29, 30, 31
Valid weekdays: Saturday, Sunday
When: 23:30:00
Current Time: 2007-01-06 23:02:00
Valid Interval: 23:00:00-02:00:00
Valid days of month: 1, 2, 3, 4, 5, 6, 7, 8, 9, 10, 11, 12, 13, 14, 15, 16, 17, 18, 19, 20, 21, 22, 23, 24, 25, 26, 27, 28, 29, 30, 31
Valid weekdays: Saturday, Sunday
When: 23:30:00
Current Time: 2007-01-06 01:10:00
Valid Interval: 23:00:00-02:00:00
Valid days of month: 1, 2, 3, 4, 5, 6, 7, 8, 9, 10, 11, 12, 13, 14, 15, 16, 17, 18, 19, 20, 21, 22, 23, 24, 25, 26, 27, 28, 29, 30, 31
Valid weekdays: Saturday, Sunday
When: 23:30:00
Current Time: 2007-01-07 01:00:40
Valid Interval: 23:00:00-02:00:00
Valid days of month: 2
Valid weekdays: Saturday, Sunday
When: 23:30:00
Current Time: 2007-01-01 12:00:00
Valid Interval: 23:00:00-02:00:00
Valid days of month: 1, 2
Valid weekdays: Saturday, Sunday
When: 23:30:00
Current Time: 2007-01-05 23:30:00
Valid Interval: 23:00:00-02:00:00
Valid days of month: 1, 2
Valid weekdays: Saturday, Sunday
When: 23:30:00
Current Time: 2007-01-06 23:00:00</StdOut>
      </Output>
    </UnitTestResult>
    <UnitTestResult executionId="ed921525-ddd7-41c1-802b-efafa36de1ec" testId="ae7b13ff-25b7-4ca8-a467-582569f3524c" testName="GetNextTimeToTrigger_AbsoluteTimer_ReturnsCorrectTime (Data Row 68)" computerName="ICSWS068" duration="00:00:00.0037746" startTime="2016-08-04T07:57:22.9040677+02:00" endTime="2016-08-04T07:57:22.9080715+02:00" testType="13cdc9d9-ddb5-4fa4-a97d-d965ccfc6d4b" outcome="Passed" testListId="8c84fa94-04c1-424b-9868-57a2d4851a1d" relativeResultsDirectory="ed921525-ddd7-41c1-802b-efafa36de1ec">
      <Output>
        <StdOut>TestContext Messages:
Valid Interval: 11:00:00-13:00:00
Valid days of month: 1, 2, 3, 4, 5, 6, 7, 8, 9, 10, 11, 12, 13, 14, 15, 16, 17, 18, 19, 20, 21, 22, 23, 24, 25, 26, 27, 28, 29, 30, 31
Valid weekdays: Monday, Tuesday, Wednesday, Thursday, Friday, Saturday, Sunday
When: 12:00:00
Current Time: 2011-01-01 00:00:00
Valid Interval: 11:00:00-13:00:00
Valid days of month: 1, 2, 3, 4, 5, 6, 7, 8, 9, 10, 11, 12, 13, 14, 15, 16, 17, 18, 19, 20, 21, 22, 23, 24, 25, 26, 27, 28, 29, 30, 31
Valid weekdays: Monday, Tuesday, Wednesday, Thursday, Friday, Saturday, Sunday
When: 12:00:00
Current Time: 2011-01-01 09:00:00
Valid Interval: 11:00:00-13:00:00
Valid days of month: 1, 2, 3, 4, 5, 6, 7, 8, 9, 10, 11, 12, 13, 14, 15, 16, 17, 18, 19, 20, 21, 22, 23, 24, 25, 26, 27, 28, 29, 30, 31
Valid weekdays: Monday, Tuesday, Wednesday, Thursday, Friday, Saturday, Sunday
When: 12:00:00
Current Time: 2011-01-01 11:00:00
Valid Interval: 11:00:00-13:00:00
Valid days of month: 1, 2, 3, 4, 5, 6, 7, 8, 9, 10, 11, 12, 13, 14, 15, 16, 17, 18, 19, 20, 21, 22, 23, 24, 25, 26, 27, 28, 29, 30, 31
Valid weekdays: Monday, Tuesday, Wednesday, Thursday, Friday, Saturday, Sunday
When: 12:00:00
Current Time: 2011-01-01 12:00:00
Valid Interval: 11:00:00-13:00:00
Valid days of month: 1, 2, 3, 4, 5, 6, 7, 8, 9, 10, 11, 12, 13, 14, 15, 16, 17, 18, 19, 20, 21, 22, 23, 24, 25, 26, 27, 28, 29, 30, 31
Valid weekdays: Monday, Tuesday, Wednesday, Thursday, Friday, Saturday, Sunday
When: 12:00:00
Current Time: 2011-01-01 12:30:00
Valid Interval: 11:00:00-13:00:00
Valid days of month: 1, 2, 3, 4, 5, 6, 7, 8, 9, 10, 11, 12, 13, 14, 15, 16, 17, 18, 19, 20, 21, 22, 23, 24, 25, 26, 27, 28, 29, 30, 31
Valid weekdays: Monday, Tuesday, Wednesday, Thursday, Friday, Saturday, Sunday
When: 12:00:00
Current Time: 2011-01-01 13:00:00
Valid Interval: 11:00:00-13:00:00
Valid days of month: 1, 2, 3, 4, 5, 6, 7, 8, 9, 10, 11, 12, 13, 14, 15, 16, 17, 18, 19, 20, 21, 22, 23, 24, 25, 26, 27, 28, 29, 30, 31
Valid weekdays: Monday, Tuesday, Wednesday, Thursday, Friday, Saturday, Sunday
When: 12:00:00
Current Time: 2011-01-02 00:00:00
Valid Interval: 11:00:00-13:00:00
Valid days of month: 1, 2, 3, 4, 5, 6, 7, 8, 9, 10, 11, 12, 13, 14, 15, 16, 17, 18, 19, 20, 21, 22, 23, 24, 25, 26, 27, 28, 29, 30, 31
Valid weekdays: Monday, Tuesday, Wednesday, Thursday, Friday, Saturday, Sunday
When: 12:00:00
Current Time: 2011-01-02 09:00:00
Valid Interval: 11:00:00-13:00:00
Valid days of month: 1, 2, 3, 4, 5, 6, 7, 8, 9, 10, 11, 12, 13, 14, 15, 16, 17, 18, 19, 20, 21, 22, 23, 24, 25, 26, 27, 28, 29, 30, 31
Valid weekdays: Monday, Tuesday, Wednesday, Thursday, Friday, Saturday, Sunday
When: 12:00:00
Current Time: 2011-01-02 12:00:00
Valid Interval: 11:00:00-13:00:00
Valid days of month: 1, 2, 3, 4, 5, 6, 7, 8, 9, 10, 11, 12, 13, 14, 15, 16, 17, 18, 19, 20, 21, 22, 23, 24, 25, 26, 27, 28, 29, 30, 31
Valid weekdays: Monday, Tuesday, Wednesday, Thursday, Friday, Saturday, Sunday
When: 12:00:00
Current Time: 2011-01-02 12:45:30
Valid Interval: 11:00:00-13:00:00
Valid days of month: 1, 2, 3, 4, 5, 6, 7, 8, 9, 10, 11, 12, 13, 14, 15, 16, 17, 18, 19, 20, 21, 22, 23, 24, 25, 26, 27, 28, 29, 30, 31
Valid weekdays: Monday, Tuesday, Wednesday, Thursday, Friday, Saturday, Sunday
When: 12:00:00
Current Time: 2011-01-02 13:00:00
Valid Interval: 11:00:00-13:00:00
Valid days of month: 1, 2, 3, 4, 5, 6, 7, 8, 9, 10, 11, 12, 13, 14, 15, 16, 17, 18, 19, 20, 21, 22, 23, 24, 25, 26, 27, 28, 29, 30, 31
Valid weekdays: Monday, Tuesday, Wednesday, Thursday, Friday, Saturday, Sunday
When: 12:00:00
Current Time: 2011-01-01 12:00:00
Valid Interval: 11:00:00-13:00:00
Valid days of month: 1, 2, 3, 4, 5, 6, 7, 8, 9, 10, 11, 12, 13, 14, 15, 16, 17, 18, 19, 20, 21, 22, 23, 24, 25, 26, 27, 28, 29, 30, 31
Valid weekdays: Monday, Tuesday, Wednesday, Thursday, Friday, Saturday, Sunday
When: 12:00:00
Current Time: 2011-01-01 12:30:00
Valid Interval: 11:00:00-13:00:00
Valid days of month: 1, 2, 3, 4, 5, 6, 7, 8, 9, 10, 11, 12, 13, 14, 15, 16, 17, 18, 19, 20, 21, 22, 23, 24, 25, 26, 27, 28, 29, 30, 31
Valid weekdays: Monday, Tuesday, Wednesday, Thursday, Friday, Saturday, Sunday
When: 12:00:00
Current Time: 2011-01-01 12:30:00
Valid Interval: 11:00:00-13:00:00
Valid days of month: 1, 2, 3, 4, 5, 6, 7, 8, 9, 10, 11, 12, 13, 14, 15, 16, 17, 18, 19, 20, 21, 22, 23, 24, 25, 26, 27, 28, 29, 30, 31
Valid weekdays: Monday, Tuesday, Wednesday, Thursday, Friday, Saturday, Sunday
When: 12:00:00
Current Time: 2011-01-01 13:00:00
Valid Interval: 11:00:00-13:00:00
Valid days of month: 1, 2, 3, 4, 5, 6, 7, 8, 9, 10, 11, 12, 13, 14, 15, 16, 17, 18, 19, 20, 21, 22, 23, 24, 25, 26, 27, 28, 29, 30, 31
Valid weekdays: Monday, Tuesday, Wednesday, Thursday, Friday, Saturday, Sunday
When: 12:00:00
Current Time: 2011-01-01 14:30:00
Valid Interval: 23:00:00-13:00:00
Valid days of month: 1, 2, 3, 4, 5, 6, 7, 8, 9, 10, 11, 12, 13, 14, 15, 16, 17, 18, 19, 20, 21, 22, 23, 24, 25, 26, 27, 28, 29, 30, 31
Valid weekdays: Monday, Tuesday, Wednesday, Thursday, Friday, Saturday, Sunday
When: 23:30:00
Current Time: 2011-01-01 16:00:00
Valid Interval: 23:00:00-13:00:00
Valid days of month: 1, 2, 3, 4, 5, 6, 7, 8, 9, 10, 11, 12, 13, 14, 15, 16, 17, 18, 19, 20, 21, 22, 23, 24, 25, 26, 27, 28, 29, 30, 31
Valid weekdays: Monday, Tuesday, Wednesday, Thursday, Friday, Saturday, Sunday
When: 23:30:00
Current Time: 2011-01-01 23:00:00
Valid Interval: 23:00:00-13:00:00
Valid days of month: 1, 2, 3, 4, 5, 6, 7, 8, 9, 10, 11, 12, 13, 14, 15, 16, 17, 18, 19, 20, 21, 22, 23, 24, 25, 26, 27, 28, 29, 30, 31
Valid weekdays: Monday, Tuesday, Wednesday, Thursday, Friday, Saturday, Sunday
When: 23:30:00
Current Time: 2011-01-01 23:30:00
Valid Interval: 23:00:00-13:00:00
Valid days of month: 1, 2, 3, 4, 5, 6, 7, 8, 9, 10, 11, 12, 13, 14, 15, 16, 17, 18, 19, 20, 21, 22, 23, 24, 25, 26, 27, 28, 29, 30, 31
Valid weekdays: Monday, Tuesday, Wednesday, Thursday, Friday, Saturday, Sunday
When: 23:30:00
Current Time: 2011-01-01 23:45:00
Valid Interval: 23:00:00-13:00:00
Valid days of month: 1, 2, 3, 4, 5, 6, 7, 8, 9, 10, 11, 12, 13, 14, 15, 16, 17, 18, 19, 20, 21, 22, 23, 24, 25, 26, 27, 28, 29, 30, 31
Valid weekdays: Monday, Tuesday, Wednesday, Thursday, Friday, Saturday, Sunday
When: 23:30:00
Current Time: 2011-01-02 00:30:00
Valid Interval: 23:00:00-13:00:00
Valid days of month: 1, 2, 3, 4, 5, 6, 7, 8, 9, 10, 11, 12, 13, 14, 15, 16, 17, 18, 19, 20, 21, 22, 23, 24, 25, 26, 27, 28, 29, 30, 31
Valid weekdays: Monday, Tuesday, Wednesday, Thursday, Friday, Saturday, Sunday
When: 23:30:00
Current Time: 2011-01-01 13:00:00
Valid Interval: 23:00:00-13:00:00
Valid days of month: 1, 2, 3, 4, 5, 6, 7, 8, 9, 10, 11, 12, 13, 14, 15, 16, 17, 18, 19, 20, 21, 22, 23, 24, 25, 26, 27, 28, 29, 30, 31
Valid weekdays: Monday, Tuesday, Wednesday, Thursday, Friday, Saturday, Sunday
When: 01:00:00
Current Time: 2011-01-01 16:00:00
Valid Interval: 23:00:00-13:00:00
Valid days of month: 1, 2, 3, 4, 5, 6, 7, 8, 9, 10, 11, 12, 13, 14, 15, 16, 17, 18, 19, 20, 21, 22, 23, 24, 25, 26, 27, 28, 29, 30, 31
Valid weekdays: Monday, Tuesday, Wednesday, Thursday, Friday, Saturday, Sunday
When: 01:00:00
Current Time: 2011-01-01 23:00:00
Valid Interval: 23:00:00-13:00:00
Valid days of month: 1, 2, 3, 4, 5, 6, 7, 8, 9, 10, 11, 12, 13, 14, 15, 16, 17, 18, 19, 20, 21, 22, 23, 24, 25, 26, 27, 28, 29, 30, 31
Valid weekdays: Monday, Tuesday, Wednesday, Thursday, Friday, Saturday, Sunday
When: 01:00:00
Current Time: 2011-01-01 23:30:00
Valid Interval: 23:00:00-13:00:00
Valid days of month: 1, 2, 3, 4, 5, 6, 7, 8, 9, 10, 11, 12, 13, 14, 15, 16, 17, 18, 19, 20, 21, 22, 23, 24, 25, 26, 27, 28, 29, 30, 31
Valid weekdays: Monday, Tuesday, Wednesday, Thursday, Friday, Saturday, Sunday
When: 01:00:00
Current Time: 2011-01-02 00:30:00
Valid Interval: 23:00:00-13:00:00
Valid days of month: 1, 2, 3, 4, 5, 6, 7, 8, 9, 10, 11, 12, 13, 14, 15, 16, 17, 18, 19, 20, 21, 22, 23, 24, 25, 26, 27, 28, 29, 30, 31
Valid weekdays: Monday, Tuesday, Wednesday, Thursday, Friday, Saturday, Sunday
When: 01:00:00
Current Time: 2011-01-01 02:00:00
Valid Interval: 23:00:00-13:00:00
Valid days of month: 1, 2, 3, 4, 5, 6, 7, 8, 9, 10, 11, 12, 13, 14, 15, 16, 17, 18, 19, 20, 21, 22, 23, 24, 25, 26, 27, 28, 29, 30, 31
Valid weekdays: Monday, Tuesday, Wednesday, Thursday, Friday, Saturday, Sunday
When: 01:00:00
Current Time: 2011-01-01 13:00:00
Valid Interval: 23:00:00-13:00:00
Valid days of month: 1, 2, 3, 4, 5, 6, 7, 8, 9, 10, 11, 12, 13, 14, 15, 16, 17, 18, 19, 20, 21, 22, 23, 24, 25, 26, 27, 28, 29, 30, 31
Valid weekdays: Monday, Tuesday, Wednesday, Thursday, Friday, Saturday, Sunday
When: 23:30:00
Current Time: 2011-01-01 16:00:00
Valid Interval: 23:00:00-13:00:00
Valid days of month: 1, 2, 3, 4, 5, 6, 7, 8, 9, 10, 11, 12, 13, 14, 15, 16, 17, 18, 19, 20, 21, 22, 23, 24, 25, 26, 27, 28, 29, 30, 31
Valid weekdays: Monday, Tuesday, Wednesday, Thursday, Friday, Saturday, Sunday
When: 23:30:00
Current Time: 2011-01-01 23:00:00
Valid Interval: 23:00:00-13:00:00
Valid days of month: 1, 2, 3, 4, 5, 6, 7, 8, 9, 10, 11, 12, 13, 14, 15, 16, 17, 18, 19, 20, 21, 22, 23, 24, 25, 26, 27, 28, 29, 30, 31
Valid weekdays: Monday, Tuesday, Wednesday, Thursday, Friday, Saturday, Sunday
When: 23:30:00
Current Time: 2011-01-01 23:30:00
Valid Interval: 23:00:00-13:00:00
Valid days of month: 1, 2, 3, 4, 5, 6, 7, 8, 9, 10, 11, 12, 13, 14, 15, 16, 17, 18, 19, 20, 21, 22, 23, 24, 25, 26, 27, 28, 29, 30, 31
Valid weekdays: Monday, Tuesday, Wednesday, Thursday, Friday, Saturday, Sunday
When: 23:30:00
Current Time: 2011-01-01 23:45:00
Valid Interval: 23:00:00-13:00:00
Valid days of month: 1, 2, 3, 4, 5, 6, 7, 8, 9, 10, 11, 12, 13, 14, 15, 16, 17, 18, 19, 20, 21, 22, 23, 24, 25, 26, 27, 28, 29, 30, 31
Valid weekdays: Monday, Tuesday, Wednesday, Thursday, Friday, Saturday, Sunday
When: 23:30:00
Current Time: 2011-01-02 00:30:00
Valid Interval: 23:00:00-13:00:00
Valid days of month: 1, 2, 3, 4, 5, 6, 7, 8, 9, 10, 11, 12, 13, 14, 15, 16, 17, 18, 19, 20, 21, 22, 23, 24, 25, 26, 27, 28, 29, 30, 31
Valid weekdays: Monday, Tuesday, Wednesday, Thursday, Friday, Saturday, Sunday
When: 23:30:00
Current Time: 2011-01-01 13:00:00
Valid Interval: 23:00:00-13:00:00
Valid days of month: 1, 2, 3, 4, 5, 6, 7, 8, 9, 10, 11, 12, 13, 14, 15, 16, 17, 18, 19, 20, 21, 22, 23, 24, 25, 26, 27, 28, 29, 30, 31
Valid weekdays: Monday, Tuesday, Wednesday, Thursday, Friday, Saturday, Sunday
When: 01:00:00
Current Time: 2011-01-01 16:00:00
Valid Interval: 23:00:00-13:00:00
Valid days of month: 1, 2, 3, 4, 5, 6, 7, 8, 9, 10, 11, 12, 13, 14, 15, 16, 17, 18, 19, 20, 21, 22, 23, 24, 25, 26, 27, 28, 29, 30, 31
Valid weekdays: Monday, Tuesday, Wednesday, Thursday, Friday, Saturday, Sunday
When: 01:00:00
Current Time: 2011-01-01 23:00:00
Valid Interval: 23:00:00-13:00:00
Valid days of month: 1, 2, 3, 4, 5, 6, 7, 8, 9, 10, 11, 12, 13, 14, 15, 16, 17, 18, 19, 20, 21, 22, 23, 24, 25, 26, 27, 28, 29, 30, 31
Valid weekdays: Monday, Tuesday, Wednesday, Thursday, Friday, Saturday, Sunday
When: 01:00:00
Current Time: 2011-01-01 23:30:00
Valid Interval: 23:00:00-13:00:00
Valid days of month: 1, 2, 3, 4, 5, 6, 7, 8, 9, 10, 11, 12, 13, 14, 15, 16, 17, 18, 19, 20, 21, 22, 23, 24, 25, 26, 27, 28, 29, 30, 31
Valid weekdays: Monday, Tuesday, Wednesday, Thursday, Friday, Saturday, Sunday
When: 01:00:00
Current Time: 2011-01-02 00:30:00
Valid Interval: 23:00:00-13:00:00
Valid days of month: 1, 2, 3, 4, 5, 6, 7, 8, 9, 10, 11, 12, 13, 14, 15, 16, 17, 18, 19, 20, 21, 22, 23, 24, 25, 26, 27, 28, 29, 30, 31
Valid weekdays: Monday, Tuesday, Wednesday, Thursday, Friday, Saturday, Sunday
When: 01:00:00
Current Time: 2011-01-02 02:00:00
Valid Interval: 23:00:00-13:00:00
Valid days of month: 1, 2, 3, 4, 5, 6, 7, 8, 9, 10, 11, 12, 13, 14, 15, 16, 17, 18, 19, 20, 21, 22, 23, 24, 25, 26, 27, 28, 29, 30, 31
Valid weekdays: Monday, Tuesday, Wednesday, Thursday, Friday, Saturday, Sunday
When: 01:00:00
Current Time: 2011-01-02 13:00:00
Valid Interval: 23:00:00-13:00:00
Valid days of month: 1, 2, 3, 4, 5, 6, 7, 8, 9, 10, 11, 12, 13, 14, 15, 16, 17, 18, 19, 20, 21, 22, 23, 24, 25, 26, 27, 28, 29, 30, 31
Valid weekdays: Monday, Tuesday, Wednesday, Thursday, Friday, Saturday, Sunday
When: 23:30:00
Current Time: 2011-01-01 23:30:05
Valid Interval: 23:00:00-13:00:00
Valid days of month: 1, 2, 3, 4, 5, 6, 7, 8, 9, 10, 11, 12, 13, 14, 15, 16, 17, 18, 19, 20, 21, 22, 23, 24, 25, 26, 27, 28, 29, 30, 31
Valid weekdays: Monday, Tuesday, Wednesday, Thursday, Friday, Saturday, Sunday
When: 23:30:00
Current Time: 2011-01-02 00:30:00
Valid Interval: 23:00:00-13:00:00
Valid days of month: 1, 2, 3, 4, 5, 6, 7, 8, 9, 10, 11, 12, 13, 14, 15, 16, 17, 18, 19, 20, 21, 22, 23, 24, 25, 26, 27, 28, 29, 30, 31
Valid weekdays: Monday, Tuesday, Wednesday, Thursday, Friday, Saturday, Sunday
When: 23:30:00
Current Time: 2011-01-02 13:00:00
Valid Interval: 23:00:00-13:00:00
Valid days of month: 1, 2, 3, 4, 5, 6, 7, 8, 9, 10, 11, 12, 13, 14, 15, 16, 17, 18, 19, 20, 21, 22, 23, 24, 25, 26, 27, 28, 29, 30, 31
Valid weekdays: Monday, Tuesday, Wednesday, Thursday, Friday, Saturday, Sunday
When: 01:00:00
Current Time: 2011-01-01 02:00:00
Valid Interval: 23:00:00-13:00:00
Valid days of month: 1, 2, 3, 4, 5, 6, 7, 8, 9, 10, 11, 12, 13, 14, 15, 16, 17, 18, 19, 20, 21, 22, 23, 24, 25, 26, 27, 28, 29, 30, 31
Valid weekdays: Monday, Tuesday, Wednesday, Thursday, Friday, Saturday, Sunday
When: 01:00:00
Current Time: 2011-01-02 02:00:00
Valid Interval: 13:00:00-16:00:00
Valid days of month: 1, 2, 3, 4, 5, 6, 7, 8, 9, 10, 11, 12, 13, 14, 15, 16, 17, 18, 19, 20, 21, 22, 23, 24, 25, 26, 27, 28, 29, 30, 31
Valid weekdays: Saturday, Sunday
When: 14:00:00
Current Time: 2007-01-01 12:00:00
Valid Interval: 13:00:00-16:00:00
Valid days of month: 1, 2, 3, 4, 5, 6, 7, 8, 9, 10, 11, 12, 13, 14, 15, 16, 17, 18, 19, 20, 21, 22, 23, 24, 25, 26, 27, 28, 29, 30, 31
Valid weekdays: Saturday, Sunday
When: 14:00:00
Current Time: 2007-01-02 13:30:00
Valid Interval: 13:00:00-16:00:00
Valid days of month: 1, 2, 3, 4, 5, 6, 7, 8, 9, 10, 11, 12, 13, 14, 15, 16, 17, 18, 19, 20, 21, 22, 23, 24, 25, 26, 27, 28, 29, 30, 31
Valid weekdays: Saturday, Sunday
When: 14:00:00
Current Time: 2007-01-06 13:30:00
Valid Interval: 13:00:00-16:00:00
Valid days of month: 1, 2, 3, 4, 5, 6, 7, 8, 9, 10, 11, 12, 13, 14, 15, 16, 17, 18, 19, 20, 21, 22, 23, 24, 25, 26, 27, 28, 29, 30, 31
Valid weekdays: Saturday, Sunday
When: 14:00:00
Current Time: 2007-01-06 14:30:00
Valid Interval: 13:00:00-16:00:00
Valid days of month: 1, 2, 3, 4, 5, 6, 7, 8, 9, 10, 11, 12, 13, 14, 15, 16, 17, 18, 19, 20, 21, 22, 23, 24, 25, 26, 27, 28, 29, 30, 31
Valid weekdays: Saturday, Sunday
When: 14:00:00
Current Time: 2007-01-06 16:30:00
Valid Interval: 13:00:00-16:00:00
Valid days of month: 1, 2, 3, 4, 5, 6, 7, 8, 9, 10, 11, 12, 13, 14, 15, 16, 17, 18, 19, 20, 21, 22, 23, 24, 25, 26, 27, 28, 29, 30, 31
Valid weekdays: Saturday, Sunday
When: 14:00:00
Current Time: 2007-01-07 16:00:00
Valid Interval: 23:00:00-02:00:00
Valid days of month: 1, 2, 3, 4, 5, 6, 7, 8, 9, 10, 11, 12, 13, 14, 15, 16, 17, 18, 19, 20, 21, 22, 23, 24, 25, 26, 27, 28, 29, 30, 31
Valid weekdays: Saturday, Sunday
When: 01:00:00
Current Time: 2007-01-01 12:00:00
Valid Interval: 23:00:00-02:00:00
Valid days of month: 1, 2, 3, 4, 5, 6, 7, 8, 9, 10, 11, 12, 13, 14, 15, 16, 17, 18, 19, 20, 21, 22, 23, 24, 25, 26, 27, 28, 29, 30, 31
Valid weekdays: Saturday, Sunday
When: 01:00:00
Current Time: 2007-01-02 01:00:00
Valid Interval: 23:00:00-02:00:00
Valid days of month: 1, 2, 3, 4, 5, 6, 7, 8, 9, 10, 11, 12, 13, 14, 15, 16, 17, 18, 19, 20, 21, 22, 23, 24, 25, 26, 27, 28, 29, 30, 31
Valid weekdays: Saturday, Sunday
When: 01:00:00
Current Time: 2007-01-06 00:30:00
Valid Interval: 23:00:00-02:00:00
Valid days of month: 1, 2, 3, 4, 5, 6, 7, 8, 9, 10, 11, 12, 13, 14, 15, 16, 17, 18, 19, 20, 21, 22, 23, 24, 25, 26, 27, 28, 29, 30, 31
Valid weekdays: Saturday, Sunday
When: 01:00:00
Current Time: 2007-01-06 01:30:00
Valid Interval: 23:00:00-02:00:00
Valid days of month: 1, 2, 3, 4, 5, 6, 7, 8, 9, 10, 11, 12, 13, 14, 15, 16, 17, 18, 19, 20, 21, 22, 23, 24, 25, 26, 27, 28, 29, 30, 31
Valid weekdays: Saturday, Sunday
When: 01:00:00
Current Time: 2007-01-06 02:30:00
Valid Interval: 23:00:00-02:00:00
Valid days of month: 1, 2, 3, 4, 5, 6, 7, 8, 9, 10, 11, 12, 13, 14, 15, 16, 17, 18, 19, 20, 21, 22, 23, 24, 25, 26, 27, 28, 29, 30, 31
Valid weekdays: Saturday, Sunday
When: 01:00:00
Current Time: 2007-01-07 02:00:00
Valid Interval: 23:00:00-02:00:00
Valid days of month: 1, 2, 3, 4, 5, 6, 7, 8, 9, 10, 11, 12, 13, 14, 15, 16, 17, 18, 19, 20, 21, 22, 23, 24, 25, 26, 27, 28, 29, 30, 31
Valid weekdays: Saturday, Sunday
When: 23:30:00
Current Time: 2007-01-01 12:00:00
Valid Interval: 23:00:00-02:00:00
Valid days of month: 1, 2, 3, 4, 5, 6, 7, 8, 9, 10, 11, 12, 13, 14, 15, 16, 17, 18, 19, 20, 21, 22, 23, 24, 25, 26, 27, 28, 29, 30, 31
Valid weekdays: Saturday, Sunday
When: 23:30:00
Current Time: 2007-01-05 23:30:00
Valid Interval: 23:00:00-02:00:00
Valid days of month: 1, 2, 3, 4, 5, 6, 7, 8, 9, 10, 11, 12, 13, 14, 15, 16, 17, 18, 19, 20, 21, 22, 23, 24, 25, 26, 27, 28, 29, 30, 31
Valid weekdays: Saturday, Sunday
When: 23:30:00
Current Time: 2007-01-06 23:00:00
Valid Interval: 23:00:00-02:00:00
Valid days of month: 1, 2, 3, 4, 5, 6, 7, 8, 9, 10, 11, 12, 13, 14, 15, 16, 17, 18, 19, 20, 21, 22, 23, 24, 25, 26, 27, 28, 29, 30, 31
Valid weekdays: Saturday, Sunday
When: 23:30:00
Current Time: 2007-01-06 02:00:00
Valid Interval: 23:00:00-02:00:00
Valid days of month: 1, 2, 3, 4, 5, 6, 7, 8, 9, 10, 11, 12, 13, 14, 15, 16, 17, 18, 19, 20, 21, 22, 23, 24, 25, 26, 27, 28, 29, 30, 31
Valid weekdays: Saturday, Sunday
When: 23:30:00
Current Time: 2007-01-07 23:40:00
Valid Interval: 23:00:00-02:00:00
Valid days of month: 1, 2, 3, 4, 5, 6, 7, 8, 9, 10, 11, 12, 13, 14, 15, 16, 17, 18, 19, 20, 21, 22, 23, 24, 25, 26, 27, 28, 29, 30, 31
Valid weekdays: Saturday, Sunday
When: 23:30:00
Current Time: 2007-01-07 01:00:00
Valid Interval: 13:00:00-16:00:00
Valid days of month: 1, 2, 3, 4, 5, 6, 7, 8, 9, 10, 11, 12, 13, 14, 15, 16, 17, 18, 19, 20, 21, 22, 23, 24, 25, 26, 27, 28, 29, 30, 31
Valid weekdays: Saturday, Sunday
When: 14:00:00
Current Time: 2007-01-01 12:00:00
Valid Interval: 13:00:00-16:00:00
Valid days of month: 1, 2, 3, 4, 5, 6, 7, 8, 9, 10, 11, 12, 13, 14, 15, 16, 17, 18, 19, 20, 21, 22, 23, 24, 25, 26, 27, 28, 29, 30, 31
Valid weekdays: Saturday, Sunday
When: 14:00:00
Current Time: 2007-01-02 13:30:00
Valid Interval: 13:00:00-16:00:00
Valid days of month: 1, 2, 3, 4, 5, 6, 7, 8, 9, 10, 11, 12, 13, 14, 15, 16, 17, 18, 19, 20, 21, 22, 23, 24, 25, 26, 27, 28, 29, 30, 31
Valid weekdays: Saturday, Sunday
When: 14:00:00
Current Time: 2007-01-06 13:30:00
Valid Interval: 13:00:00-16:00:00
Valid days of month: 1, 2, 3, 4, 5, 6, 7, 8, 9, 10, 11, 12, 13, 14, 15, 16, 17, 18, 19, 20, 21, 22, 23, 24, 25, 26, 27, 28, 29, 30, 31
Valid weekdays: Saturday, Sunday
When: 14:00:00
Current Time: 2007-01-06 14:30:00
Valid Interval: 13:00:00-16:00:00
Valid days of month: 1, 2, 3, 4, 5, 6, 7, 8, 9, 10, 11, 12, 13, 14, 15, 16, 17, 18, 19, 20, 21, 22, 23, 24, 25, 26, 27, 28, 29, 30, 31
Valid weekdays: Saturday, Sunday
When: 14:00:00
Current Time: 2007-01-06 16:30:00
Valid Interval: 13:00:00-16:00:00
Valid days of month: 1, 2, 3, 4, 5, 6, 7, 8, 9, 10, 11, 12, 13, 14, 15, 16, 17, 18, 19, 20, 21, 22, 23, 24, 25, 26, 27, 28, 29, 30, 31
Valid weekdays: Saturday, Sunday
When: 14:00:00
Current Time: 2007-01-07 16:00:00
Valid Interval: 23:00:00-02:00:00
Valid days of month: 1, 2, 3, 4, 5, 6, 7, 8, 9, 10, 11, 12, 13, 14, 15, 16, 17, 18, 19, 20, 21, 22, 23, 24, 25, 26, 27, 28, 29, 30, 31
Valid weekdays: Saturday, Sunday
When: 01:00:00
Current Time: 2007-01-01 12:00:00
Valid Interval: 23:00:00-02:00:00
Valid days of month: 1, 2, 3, 4, 5, 6, 7, 8, 9, 10, 11, 12, 13, 14, 15, 16, 17, 18, 19, 20, 21, 22, 23, 24, 25, 26, 27, 28, 29, 30, 31
Valid weekdays: Saturday, Sunday
When: 01:00:00
Current Time: 2007-01-02 01:00:00
Valid Interval: 23:00:00-02:00:00
Valid days of month: 1, 2, 3, 4, 5, 6, 7, 8, 9, 10, 11, 12, 13, 14, 15, 16, 17, 18, 19, 20, 21, 22, 23, 24, 25, 26, 27, 28, 29, 30, 31
Valid weekdays: Saturday, Sunday
When: 01:00:00
Current Time: 2007-01-06 00:30:00
Valid Interval: 23:00:00-02:00:00
Valid days of month: 1, 2, 3, 4, 5, 6, 7, 8, 9, 10, 11, 12, 13, 14, 15, 16, 17, 18, 19, 20, 21, 22, 23, 24, 25, 26, 27, 28, 29, 30, 31
Valid weekdays: Saturday, Sunday
When: 01:00:00
Current Time: 2007-01-06 02:30:00
Valid Interval: 23:00:00-02:00:00
Valid days of month: 1, 2, 3, 4, 5, 6, 7, 8, 9, 10, 11, 12, 13, 14, 15, 16, 17, 18, 19, 20, 21, 22, 23, 24, 25, 26, 27, 28, 29, 30, 31
Valid weekdays: Saturday, Sunday
When: 23:30:00
Current Time: 2007-01-01 12:00:00
Valid Interval: 23:00:00-02:00:00
Valid days of month: 1, 2, 3, 4, 5, 6, 7, 8, 9, 10, 11, 12, 13, 14, 15, 16, 17, 18, 19, 20, 21, 22, 23, 24, 25, 26, 27, 28, 29, 30, 31
Valid weekdays: Saturday, Sunday
When: 23:30:00
Current Time: 2007-01-05 23:30:00
Valid Interval: 23:00:00-02:00:00
Valid days of month: 1, 2, 3, 4, 5, 6, 7, 8, 9, 10, 11, 12, 13, 14, 15, 16, 17, 18, 19, 20, 21, 22, 23, 24, 25, 26, 27, 28, 29, 30, 31
Valid weekdays: Saturday, Sunday
When: 23:30:00
Current Time: 2007-01-06 23:00:00
Valid Interval: 23:00:00-02:00:00
Valid days of month: 1, 2, 3, 4, 5, 6, 7, 8, 9, 10, 11, 12, 13, 14, 15, 16, 17, 18, 19, 20, 21, 22, 23, 24, 25, 26, 27, 28, 29, 30, 31
Valid weekdays: Saturday, Sunday
When: 23:30:00
Current Time: 2007-01-06 02:00:00
Valid Interval: 23:00:00-02:00:00
Valid days of month: 1, 2, 3, 4, 5, 6, 7, 8, 9, 10, 11, 12, 13, 14, 15, 16, 17, 18, 19, 20, 21, 22, 23, 24, 25, 26, 27, 28, 29, 30, 31
Valid weekdays: Saturday, Sunday
When: 23:30:00
Current Time: 2007-01-07 23:40:00
Valid Interval: 23:00:00-02:00:00
Valid days of month: 1, 2, 3, 4, 5, 6, 7, 8, 9, 10, 11, 12, 13, 14, 15, 16, 17, 18, 19, 20, 21, 22, 23, 24, 25, 26, 27, 28, 29, 30, 31
Valid weekdays: Saturday, Sunday
When: 23:30:00
Current Time: 2007-01-07 01:00:00
Valid Interval: 13:00:00-16:00:00
Valid days of month: 1, 2, 3, 4, 5, 6, 7, 8, 9, 10, 11, 12, 13, 14, 15, 16, 17, 18, 19, 20, 21, 22, 23, 24, 25, 26, 27, 28, 29, 30, 31
Valid weekdays: Saturday, Sunday
When: 14:00:00
Current Time: 2007-01-06 14:30:00
Valid Interval: 13:00:00-16:00:00
Valid days of month: 1, 2, 3, 4, 5, 6, 7, 8, 9, 10, 11, 12, 13, 14, 15, 16, 17, 18, 19, 20, 21, 22, 23, 24, 25, 26, 27, 28, 29, 30, 31
Valid weekdays: Saturday, Sunday
When: 14:00:00
Current Time: 2007-01-07 15:00:00
Valid Interval: 23:00:00-02:00:00
Valid days of month: 1, 2, 3, 4, 5, 6, 7, 8, 9, 10, 11, 12, 13, 14, 15, 16, 17, 18, 19, 20, 21, 22, 23, 24, 25, 26, 27, 28, 29, 30, 31
Valid weekdays: Saturday, Sunday
When: 01:00:00
Current Time: 2007-01-06 01:30:00
Valid Interval: 23:00:00-02:00:00
Valid days of month: 1, 2, 3, 4, 5, 6, 7, 8, 9, 10, 11, 12, 13, 14, 15, 16, 17, 18, 19, 20, 21, 22, 23, 24, 25, 26, 27, 28, 29, 30, 31
Valid weekdays: Saturday, Sunday
When: 01:00:00
Current Time: 2007-01-07 01:30:00
Valid Interval: 23:00:00-02:00:00
Valid days of month: 1, 2, 3, 4, 5, 6, 7, 8, 9, 10, 11, 12, 13, 14, 15, 16, 17, 18, 19, 20, 21, 22, 23, 24, 25, 26, 27, 28, 29, 30, 31
Valid weekdays: Saturday, Sunday
When: 23:30:00
Current Time: 2007-01-06 23:02:00
Valid Interval: 23:00:00-02:00:00
Valid days of month: 1, 2, 3, 4, 5, 6, 7, 8, 9, 10, 11, 12, 13, 14, 15, 16, 17, 18, 19, 20, 21, 22, 23, 24, 25, 26, 27, 28, 29, 30, 31
Valid weekdays: Saturday, Sunday
When: 23:30:00
Current Time: 2007-01-06 01:10:00
Valid Interval: 23:00:00-02:00:00
Valid days of month: 1, 2, 3, 4, 5, 6, 7, 8, 9, 10, 11, 12, 13, 14, 15, 16, 17, 18, 19, 20, 21, 22, 23, 24, 25, 26, 27, 28, 29, 30, 31
Valid weekdays: Saturday, Sunday
When: 23:30:00
Current Time: 2007-01-07 01:00:40
Valid Interval: 23:00:00-02:00:00
Valid days of month: 2
Valid weekdays: Saturday, Sunday
When: 23:30:00
Current Time: 2007-01-01 12:00:00
Valid Interval: 23:00:00-02:00:00
Valid days of month: 1, 2
Valid weekdays: Saturday, Sunday
When: 23:30:00
Current Time: 2007-01-05 23:30:00
Valid Interval: 23:00:00-02:00:00
Valid days of month: 1, 2
Valid weekdays: Saturday, Sunday
When: 23:30:00
Current Time: 2007-01-06 23:00:00</StdOut>
      </Output>
    </UnitTestResult>
    <UnitTestResult executionId="34300453-f23c-4b04-bb9d-2d0ba3d912a2" testId="d060ce7c-fdfe-4356-a11a-f358693f3d17" testName="GetNextTimeToTrigger_AbsoluteTimer_ReturnsCorrectTime (Data Row 69)" computerName="ICSWS068" duration="00:00:00.0036169" startTime="2016-08-04T07:57:22.9080715+02:00" endTime="2016-08-04T07:57:22.9115729+02:00" testType="13cdc9d9-ddb5-4fa4-a97d-d965ccfc6d4b" outcome="Passed" testListId="8c84fa94-04c1-424b-9868-57a2d4851a1d" relativeResultsDirectory="34300453-f23c-4b04-bb9d-2d0ba3d912a2">
      <Output>
        <StdOut>TestContext Messages:
Valid Interval: 11:00:00-13:00:00
Valid days of month: 1, 2, 3, 4, 5, 6, 7, 8, 9, 10, 11, 12, 13, 14, 15, 16, 17, 18, 19, 20, 21, 22, 23, 24, 25, 26, 27, 28, 29, 30, 31
Valid weekdays: Monday, Tuesday, Wednesday, Thursday, Friday, Saturday, Sunday
When: 12:00:00
Current Time: 2011-01-01 00:00:00
Valid Interval: 11:00:00-13:00:00
Valid days of month: 1, 2, 3, 4, 5, 6, 7, 8, 9, 10, 11, 12, 13, 14, 15, 16, 17, 18, 19, 20, 21, 22, 23, 24, 25, 26, 27, 28, 29, 30, 31
Valid weekdays: Monday, Tuesday, Wednesday, Thursday, Friday, Saturday, Sunday
When: 12:00:00
Current Time: 2011-01-01 09:00:00
Valid Interval: 11:00:00-13:00:00
Valid days of month: 1, 2, 3, 4, 5, 6, 7, 8, 9, 10, 11, 12, 13, 14, 15, 16, 17, 18, 19, 20, 21, 22, 23, 24, 25, 26, 27, 28, 29, 30, 31
Valid weekdays: Monday, Tuesday, Wednesday, Thursday, Friday, Saturday, Sunday
When: 12:00:00
Current Time: 2011-01-01 11:00:00
Valid Interval: 11:00:00-13:00:00
Valid days of month: 1, 2, 3, 4, 5, 6, 7, 8, 9, 10, 11, 12, 13, 14, 15, 16, 17, 18, 19, 20, 21, 22, 23, 24, 25, 26, 27, 28, 29, 30, 31
Valid weekdays: Monday, Tuesday, Wednesday, Thursday, Friday, Saturday, Sunday
When: 12:00:00
Current Time: 2011-01-01 12:00:00
Valid Interval: 11:00:00-13:00:00
Valid days of month: 1, 2, 3, 4, 5, 6, 7, 8, 9, 10, 11, 12, 13, 14, 15, 16, 17, 18, 19, 20, 21, 22, 23, 24, 25, 26, 27, 28, 29, 30, 31
Valid weekdays: Monday, Tuesday, Wednesday, Thursday, Friday, Saturday, Sunday
When: 12:00:00
Current Time: 2011-01-01 12:30:00
Valid Interval: 11:00:00-13:00:00
Valid days of month: 1, 2, 3, 4, 5, 6, 7, 8, 9, 10, 11, 12, 13, 14, 15, 16, 17, 18, 19, 20, 21, 22, 23, 24, 25, 26, 27, 28, 29, 30, 31
Valid weekdays: Monday, Tuesday, Wednesday, Thursday, Friday, Saturday, Sunday
When: 12:00:00
Current Time: 2011-01-01 13:00:00
Valid Interval: 11:00:00-13:00:00
Valid days of month: 1, 2, 3, 4, 5, 6, 7, 8, 9, 10, 11, 12, 13, 14, 15, 16, 17, 18, 19, 20, 21, 22, 23, 24, 25, 26, 27, 28, 29, 30, 31
Valid weekdays: Monday, Tuesday, Wednesday, Thursday, Friday, Saturday, Sunday
When: 12:00:00
Current Time: 2011-01-02 00:00:00
Valid Interval: 11:00:00-13:00:00
Valid days of month: 1, 2, 3, 4, 5, 6, 7, 8, 9, 10, 11, 12, 13, 14, 15, 16, 17, 18, 19, 20, 21, 22, 23, 24, 25, 26, 27, 28, 29, 30, 31
Valid weekdays: Monday, Tuesday, Wednesday, Thursday, Friday, Saturday, Sunday
When: 12:00:00
Current Time: 2011-01-02 09:00:00
Valid Interval: 11:00:00-13:00:00
Valid days of month: 1, 2, 3, 4, 5, 6, 7, 8, 9, 10, 11, 12, 13, 14, 15, 16, 17, 18, 19, 20, 21, 22, 23, 24, 25, 26, 27, 28, 29, 30, 31
Valid weekdays: Monday, Tuesday, Wednesday, Thursday, Friday, Saturday, Sunday
When: 12:00:00
Current Time: 2011-01-02 12:00:00
Valid Interval: 11:00:00-13:00:00
Valid days of month: 1, 2, 3, 4, 5, 6, 7, 8, 9, 10, 11, 12, 13, 14, 15, 16, 17, 18, 19, 20, 21, 22, 23, 24, 25, 26, 27, 28, 29, 30, 31
Valid weekdays: Monday, Tuesday, Wednesday, Thursday, Friday, Saturday, Sunday
When: 12:00:00
Current Time: 2011-01-02 12:45:30
Valid Interval: 11:00:00-13:00:00
Valid days of month: 1, 2, 3, 4, 5, 6, 7, 8, 9, 10, 11, 12, 13, 14, 15, 16, 17, 18, 19, 20, 21, 22, 23, 24, 25, 26, 27, 28, 29, 30, 31
Valid weekdays: Monday, Tuesday, Wednesday, Thursday, Friday, Saturday, Sunday
When: 12:00:00
Current Time: 2011-01-02 13:00:00
Valid Interval: 11:00:00-13:00:00
Valid days of month: 1, 2, 3, 4, 5, 6, 7, 8, 9, 10, 11, 12, 13, 14, 15, 16, 17, 18, 19, 20, 21, 22, 23, 24, 25, 26, 27, 28, 29, 30, 31
Valid weekdays: Monday, Tuesday, Wednesday, Thursday, Friday, Saturday, Sunday
When: 12:00:00
Current Time: 2011-01-01 12:00:00
Valid Interval: 11:00:00-13:00:00
Valid days of month: 1, 2, 3, 4, 5, 6, 7, 8, 9, 10, 11, 12, 13, 14, 15, 16, 17, 18, 19, 20, 21, 22, 23, 24, 25, 26, 27, 28, 29, 30, 31
Valid weekdays: Monday, Tuesday, Wednesday, Thursday, Friday, Saturday, Sunday
When: 12:00:00
Current Time: 2011-01-01 12:30:00
Valid Interval: 11:00:00-13:00:00
Valid days of month: 1, 2, 3, 4, 5, 6, 7, 8, 9, 10, 11, 12, 13, 14, 15, 16, 17, 18, 19, 20, 21, 22, 23, 24, 25, 26, 27, 28, 29, 30, 31
Valid weekdays: Monday, Tuesday, Wednesday, Thursday, Friday, Saturday, Sunday
When: 12:00:00
Current Time: 2011-01-01 12:30:00
Valid Interval: 11:00:00-13:00:00
Valid days of month: 1, 2, 3, 4, 5, 6, 7, 8, 9, 10, 11, 12, 13, 14, 15, 16, 17, 18, 19, 20, 21, 22, 23, 24, 25, 26, 27, 28, 29, 30, 31
Valid weekdays: Monday, Tuesday, Wednesday, Thursday, Friday, Saturday, Sunday
When: 12:00:00
Current Time: 2011-01-01 13:00:00
Valid Interval: 11:00:00-13:00:00
Valid days of month: 1, 2, 3, 4, 5, 6, 7, 8, 9, 10, 11, 12, 13, 14, 15, 16, 17, 18, 19, 20, 21, 22, 23, 24, 25, 26, 27, 28, 29, 30, 31
Valid weekdays: Monday, Tuesday, Wednesday, Thursday, Friday, Saturday, Sunday
When: 12:00:00
Current Time: 2011-01-01 14:30:00
Valid Interval: 23:00:00-13:00:00
Valid days of month: 1, 2, 3, 4, 5, 6, 7, 8, 9, 10, 11, 12, 13, 14, 15, 16, 17, 18, 19, 20, 21, 22, 23, 24, 25, 26, 27, 28, 29, 30, 31
Valid weekdays: Monday, Tuesday, Wednesday, Thursday, Friday, Saturday, Sunday
When: 23:30:00
Current Time: 2011-01-01 16:00:00
Valid Interval: 23:00:00-13:00:00
Valid days of month: 1, 2, 3, 4, 5, 6, 7, 8, 9, 10, 11, 12, 13, 14, 15, 16, 17, 18, 19, 20, 21, 22, 23, 24, 25, 26, 27, 28, 29, 30, 31
Valid weekdays: Monday, Tuesday, Wednesday, Thursday, Friday, Saturday, Sunday
When: 23:30:00
Current Time: 2011-01-01 23:00:00
Valid Interval: 23:00:00-13:00:00
Valid days of month: 1, 2, 3, 4, 5, 6, 7, 8, 9, 10, 11, 12, 13, 14, 15, 16, 17, 18, 19, 20, 21, 22, 23, 24, 25, 26, 27, 28, 29, 30, 31
Valid weekdays: Monday, Tuesday, Wednesday, Thursday, Friday, Saturday, Sunday
When: 23:30:00
Current Time: 2011-01-01 23:30:00
Valid Interval: 23:00:00-13:00:00
Valid days of month: 1, 2, 3, 4, 5, 6, 7, 8, 9, 10, 11, 12, 13, 14, 15, 16, 17, 18, 19, 20, 21, 22, 23, 24, 25, 26, 27, 28, 29, 30, 31
Valid weekdays: Monday, Tuesday, Wednesday, Thursday, Friday, Saturday, Sunday
When: 23:30:00
Current Time: 2011-01-01 23:45:00
Valid Interval: 23:00:00-13:00:00
Valid days of month: 1, 2, 3, 4, 5, 6, 7, 8, 9, 10, 11, 12, 13, 14, 15, 16, 17, 18, 19, 20, 21, 22, 23, 24, 25, 26, 27, 28, 29, 30, 31
Valid weekdays: Monday, Tuesday, Wednesday, Thursday, Friday, Saturday, Sunday
When: 23:30:00
Current Time: 2011-01-02 00:30:00
Valid Interval: 23:00:00-13:00:00
Valid days of month: 1, 2, 3, 4, 5, 6, 7, 8, 9, 10, 11, 12, 13, 14, 15, 16, 17, 18, 19, 20, 21, 22, 23, 24, 25, 26, 27, 28, 29, 30, 31
Valid weekdays: Monday, Tuesday, Wednesday, Thursday, Friday, Saturday, Sunday
When: 23:30:00
Current Time: 2011-01-01 13:00:00
Valid Interval: 23:00:00-13:00:00
Valid days of month: 1, 2, 3, 4, 5, 6, 7, 8, 9, 10, 11, 12, 13, 14, 15, 16, 17, 18, 19, 20, 21, 22, 23, 24, 25, 26, 27, 28, 29, 30, 31
Valid weekdays: Monday, Tuesday, Wednesday, Thursday, Friday, Saturday, Sunday
When: 01:00:00
Current Time: 2011-01-01 16:00:00
Valid Interval: 23:00:00-13:00:00
Valid days of month: 1, 2, 3, 4, 5, 6, 7, 8, 9, 10, 11, 12, 13, 14, 15, 16, 17, 18, 19, 20, 21, 22, 23, 24, 25, 26, 27, 28, 29, 30, 31
Valid weekdays: Monday, Tuesday, Wednesday, Thursday, Friday, Saturday, Sunday
When: 01:00:00
Current Time: 2011-01-01 23:00:00
Valid Interval: 23:00:00-13:00:00
Valid days of month: 1, 2, 3, 4, 5, 6, 7, 8, 9, 10, 11, 12, 13, 14, 15, 16, 17, 18, 19, 20, 21, 22, 23, 24, 25, 26, 27, 28, 29, 30, 31
Valid weekdays: Monday, Tuesday, Wednesday, Thursday, Friday, Saturday, Sunday
When: 01:00:00
Current Time: 2011-01-01 23:30:00
Valid Interval: 23:00:00-13:00:00
Valid days of month: 1, 2, 3, 4, 5, 6, 7, 8, 9, 10, 11, 12, 13, 14, 15, 16, 17, 18, 19, 20, 21, 22, 23, 24, 25, 26, 27, 28, 29, 30, 31
Valid weekdays: Monday, Tuesday, Wednesday, Thursday, Friday, Saturday, Sunday
When: 01:00:00
Current Time: 2011-01-02 00:30:00
Valid Interval: 23:00:00-13:00:00
Valid days of month: 1, 2, 3, 4, 5, 6, 7, 8, 9, 10, 11, 12, 13, 14, 15, 16, 17, 18, 19, 20, 21, 22, 23, 24, 25, 26, 27, 28, 29, 30, 31
Valid weekdays: Monday, Tuesday, Wednesday, Thursday, Friday, Saturday, Sunday
When: 01:00:00
Current Time: 2011-01-01 02:00:00
Valid Interval: 23:00:00-13:00:00
Valid days of month: 1, 2, 3, 4, 5, 6, 7, 8, 9, 10, 11, 12, 13, 14, 15, 16, 17, 18, 19, 20, 21, 22, 23, 24, 25, 26, 27, 28, 29, 30, 31
Valid weekdays: Monday, Tuesday, Wednesday, Thursday, Friday, Saturday, Sunday
When: 01:00:00
Current Time: 2011-01-01 13:00:00
Valid Interval: 23:00:00-13:00:00
Valid days of month: 1, 2, 3, 4, 5, 6, 7, 8, 9, 10, 11, 12, 13, 14, 15, 16, 17, 18, 19, 20, 21, 22, 23, 24, 25, 26, 27, 28, 29, 30, 31
Valid weekdays: Monday, Tuesday, Wednesday, Thursday, Friday, Saturday, Sunday
When: 23:30:00
Current Time: 2011-01-01 16:00:00
Valid Interval: 23:00:00-13:00:00
Valid days of month: 1, 2, 3, 4, 5, 6, 7, 8, 9, 10, 11, 12, 13, 14, 15, 16, 17, 18, 19, 20, 21, 22, 23, 24, 25, 26, 27, 28, 29, 30, 31
Valid weekdays: Monday, Tuesday, Wednesday, Thursday, Friday, Saturday, Sunday
When: 23:30:00
Current Time: 2011-01-01 23:00:00
Valid Interval: 23:00:00-13:00:00
Valid days of month: 1, 2, 3, 4, 5, 6, 7, 8, 9, 10, 11, 12, 13, 14, 15, 16, 17, 18, 19, 20, 21, 22, 23, 24, 25, 26, 27, 28, 29, 30, 31
Valid weekdays: Monday, Tuesday, Wednesday, Thursday, Friday, Saturday, Sunday
When: 23:30:00
Current Time: 2011-01-01 23:30:00
Valid Interval: 23:00:00-13:00:00
Valid days of month: 1, 2, 3, 4, 5, 6, 7, 8, 9, 10, 11, 12, 13, 14, 15, 16, 17, 18, 19, 20, 21, 22, 23, 24, 25, 26, 27, 28, 29, 30, 31
Valid weekdays: Monday, Tuesday, Wednesday, Thursday, Friday, Saturday, Sunday
When: 23:30:00
Current Time: 2011-01-01 23:45:00
Valid Interval: 23:00:00-13:00:00
Valid days of month: 1, 2, 3, 4, 5, 6, 7, 8, 9, 10, 11, 12, 13, 14, 15, 16, 17, 18, 19, 20, 21, 22, 23, 24, 25, 26, 27, 28, 29, 30, 31
Valid weekdays: Monday, Tuesday, Wednesday, Thursday, Friday, Saturday, Sunday
When: 23:30:00
Current Time: 2011-01-02 00:30:00
Valid Interval: 23:00:00-13:00:00
Valid days of month: 1, 2, 3, 4, 5, 6, 7, 8, 9, 10, 11, 12, 13, 14, 15, 16, 17, 18, 19, 20, 21, 22, 23, 24, 25, 26, 27, 28, 29, 30, 31
Valid weekdays: Monday, Tuesday, Wednesday, Thursday, Friday, Saturday, Sunday
When: 23:30:00
Current Time: 2011-01-01 13:00:00
Valid Interval: 23:00:00-13:00:00
Valid days of month: 1, 2, 3, 4, 5, 6, 7, 8, 9, 10, 11, 12, 13, 14, 15, 16, 17, 18, 19, 20, 21, 22, 23, 24, 25, 26, 27, 28, 29, 30, 31
Valid weekdays: Monday, Tuesday, Wednesday, Thursday, Friday, Saturday, Sunday
When: 01:00:00
Current Time: 2011-01-01 16:00:00
Valid Interval: 23:00:00-13:00:00
Valid days of month: 1, 2, 3, 4, 5, 6, 7, 8, 9, 10, 11, 12, 13, 14, 15, 16, 17, 18, 19, 20, 21, 22, 23, 24, 25, 26, 27, 28, 29, 30, 31
Valid weekdays: Monday, Tuesday, Wednesday, Thursday, Friday, Saturday, Sunday
When: 01:00:00
Current Time: 2011-01-01 23:00:00
Valid Interval: 23:00:00-13:00:00
Valid days of month: 1, 2, 3, 4, 5, 6, 7, 8, 9, 10, 11, 12, 13, 14, 15, 16, 17, 18, 19, 20, 21, 22, 23, 24, 25, 26, 27, 28, 29, 30, 31
Valid weekdays: Monday, Tuesday, Wednesday, Thursday, Friday, Saturday, Sunday
When: 01:00:00
Current Time: 2011-01-01 23:30:00
Valid Interval: 23:00:00-13:00:00
Valid days of month: 1, 2, 3, 4, 5, 6, 7, 8, 9, 10, 11, 12, 13, 14, 15, 16, 17, 18, 19, 20, 21, 22, 23, 24, 25, 26, 27, 28, 29, 30, 31
Valid weekdays: Monday, Tuesday, Wednesday, Thursday, Friday, Saturday, Sunday
When: 01:00:00
Current Time: 2011-01-02 00:30:00
Valid Interval: 23:00:00-13:00:00
Valid days of month: 1, 2, 3, 4, 5, 6, 7, 8, 9, 10, 11, 12, 13, 14, 15, 16, 17, 18, 19, 20, 21, 22, 23, 24, 25, 26, 27, 28, 29, 30, 31
Valid weekdays: Monday, Tuesday, Wednesday, Thursday, Friday, Saturday, Sunday
When: 01:00:00
Current Time: 2011-01-02 02:00:00
Valid Interval: 23:00:00-13:00:00
Valid days of month: 1, 2, 3, 4, 5, 6, 7, 8, 9, 10, 11, 12, 13, 14, 15, 16, 17, 18, 19, 20, 21, 22, 23, 24, 25, 26, 27, 28, 29, 30, 31
Valid weekdays: Monday, Tuesday, Wednesday, Thursday, Friday, Saturday, Sunday
When: 01:00:00
Current Time: 2011-01-02 13:00:00
Valid Interval: 23:00:00-13:00:00
Valid days of month: 1, 2, 3, 4, 5, 6, 7, 8, 9, 10, 11, 12, 13, 14, 15, 16, 17, 18, 19, 20, 21, 22, 23, 24, 25, 26, 27, 28, 29, 30, 31
Valid weekdays: Monday, Tuesday, Wednesday, Thursday, Friday, Saturday, Sunday
When: 23:30:00
Current Time: 2011-01-01 23:30:05
Valid Interval: 23:00:00-13:00:00
Valid days of month: 1, 2, 3, 4, 5, 6, 7, 8, 9, 10, 11, 12, 13, 14, 15, 16, 17, 18, 19, 20, 21, 22, 23, 24, 25, 26, 27, 28, 29, 30, 31
Valid weekdays: Monday, Tuesday, Wednesday, Thursday, Friday, Saturday, Sunday
When: 23:30:00
Current Time: 2011-01-02 00:30:00
Valid Interval: 23:00:00-13:00:00
Valid days of month: 1, 2, 3, 4, 5, 6, 7, 8, 9, 10, 11, 12, 13, 14, 15, 16, 17, 18, 19, 20, 21, 22, 23, 24, 25, 26, 27, 28, 29, 30, 31
Valid weekdays: Monday, Tuesday, Wednesday, Thursday, Friday, Saturday, Sunday
When: 23:30:00
Current Time: 2011-01-02 13:00:00
Valid Interval: 23:00:00-13:00:00
Valid days of month: 1, 2, 3, 4, 5, 6, 7, 8, 9, 10, 11, 12, 13, 14, 15, 16, 17, 18, 19, 20, 21, 22, 23, 24, 25, 26, 27, 28, 29, 30, 31
Valid weekdays: Monday, Tuesday, Wednesday, Thursday, Friday, Saturday, Sunday
When: 01:00:00
Current Time: 2011-01-01 02:00:00
Valid Interval: 23:00:00-13:00:00
Valid days of month: 1, 2, 3, 4, 5, 6, 7, 8, 9, 10, 11, 12, 13, 14, 15, 16, 17, 18, 19, 20, 21, 22, 23, 24, 25, 26, 27, 28, 29, 30, 31
Valid weekdays: Monday, Tuesday, Wednesday, Thursday, Friday, Saturday, Sunday
When: 01:00:00
Current Time: 2011-01-02 02:00:00
Valid Interval: 13:00:00-16:00:00
Valid days of month: 1, 2, 3, 4, 5, 6, 7, 8, 9, 10, 11, 12, 13, 14, 15, 16, 17, 18, 19, 20, 21, 22, 23, 24, 25, 26, 27, 28, 29, 30, 31
Valid weekdays: Saturday, Sunday
When: 14:00:00
Current Time: 2007-01-01 12:00:00
Valid Interval: 13:00:00-16:00:00
Valid days of month: 1, 2, 3, 4, 5, 6, 7, 8, 9, 10, 11, 12, 13, 14, 15, 16, 17, 18, 19, 20, 21, 22, 23, 24, 25, 26, 27, 28, 29, 30, 31
Valid weekdays: Saturday, Sunday
When: 14:00:00
Current Time: 2007-01-02 13:30:00
Valid Interval: 13:00:00-16:00:00
Valid days of month: 1, 2, 3, 4, 5, 6, 7, 8, 9, 10, 11, 12, 13, 14, 15, 16, 17, 18, 19, 20, 21, 22, 23, 24, 25, 26, 27, 28, 29, 30, 31
Valid weekdays: Saturday, Sunday
When: 14:00:00
Current Time: 2007-01-06 13:30:00
Valid Interval: 13:00:00-16:00:00
Valid days of month: 1, 2, 3, 4, 5, 6, 7, 8, 9, 10, 11, 12, 13, 14, 15, 16, 17, 18, 19, 20, 21, 22, 23, 24, 25, 26, 27, 28, 29, 30, 31
Valid weekdays: Saturday, Sunday
When: 14:00:00
Current Time: 2007-01-06 14:30:00
Valid Interval: 13:00:00-16:00:00
Valid days of month: 1, 2, 3, 4, 5, 6, 7, 8, 9, 10, 11, 12, 13, 14, 15, 16, 17, 18, 19, 20, 21, 22, 23, 24, 25, 26, 27, 28, 29, 30, 31
Valid weekdays: Saturday, Sunday
When: 14:00:00
Current Time: 2007-01-06 16:30:00
Valid Interval: 13:00:00-16:00:00
Valid days of month: 1, 2, 3, 4, 5, 6, 7, 8, 9, 10, 11, 12, 13, 14, 15, 16, 17, 18, 19, 20, 21, 22, 23, 24, 25, 26, 27, 28, 29, 30, 31
Valid weekdays: Saturday, Sunday
When: 14:00:00
Current Time: 2007-01-07 16:00:00
Valid Interval: 23:00:00-02:00:00
Valid days of month: 1, 2, 3, 4, 5, 6, 7, 8, 9, 10, 11, 12, 13, 14, 15, 16, 17, 18, 19, 20, 21, 22, 23, 24, 25, 26, 27, 28, 29, 30, 31
Valid weekdays: Saturday, Sunday
When: 01:00:00
Current Time: 2007-01-01 12:00:00
Valid Interval: 23:00:00-02:00:00
Valid days of month: 1, 2, 3, 4, 5, 6, 7, 8, 9, 10, 11, 12, 13, 14, 15, 16, 17, 18, 19, 20, 21, 22, 23, 24, 25, 26, 27, 28, 29, 30, 31
Valid weekdays: Saturday, Sunday
When: 01:00:00
Current Time: 2007-01-02 01:00:00
Valid Interval: 23:00:00-02:00:00
Valid days of month: 1, 2, 3, 4, 5, 6, 7, 8, 9, 10, 11, 12, 13, 14, 15, 16, 17, 18, 19, 20, 21, 22, 23, 24, 25, 26, 27, 28, 29, 30, 31
Valid weekdays: Saturday, Sunday
When: 01:00:00
Current Time: 2007-01-06 00:30:00
Valid Interval: 23:00:00-02:00:00
Valid days of month: 1, 2, 3, 4, 5, 6, 7, 8, 9, 10, 11, 12, 13, 14, 15, 16, 17, 18, 19, 20, 21, 22, 23, 24, 25, 26, 27, 28, 29, 30, 31
Valid weekdays: Saturday, Sunday
When: 01:00:00
Current Time: 2007-01-06 01:30:00
Valid Interval: 23:00:00-02:00:00
Valid days of month: 1, 2, 3, 4, 5, 6, 7, 8, 9, 10, 11, 12, 13, 14, 15, 16, 17, 18, 19, 20, 21, 22, 23, 24, 25, 26, 27, 28, 29, 30, 31
Valid weekdays: Saturday, Sunday
When: 01:00:00
Current Time: 2007-01-06 02:30:00
Valid Interval: 23:00:00-02:00:00
Valid days of month: 1, 2, 3, 4, 5, 6, 7, 8, 9, 10, 11, 12, 13, 14, 15, 16, 17, 18, 19, 20, 21, 22, 23, 24, 25, 26, 27, 28, 29, 30, 31
Valid weekdays: Saturday, Sunday
When: 01:00:00
Current Time: 2007-01-07 02:00:00
Valid Interval: 23:00:00-02:00:00
Valid days of month: 1, 2, 3, 4, 5, 6, 7, 8, 9, 10, 11, 12, 13, 14, 15, 16, 17, 18, 19, 20, 21, 22, 23, 24, 25, 26, 27, 28, 29, 30, 31
Valid weekdays: Saturday, Sunday
When: 23:30:00
Current Time: 2007-01-01 12:00:00
Valid Interval: 23:00:00-02:00:00
Valid days of month: 1, 2, 3, 4, 5, 6, 7, 8, 9, 10, 11, 12, 13, 14, 15, 16, 17, 18, 19, 20, 21, 22, 23, 24, 25, 26, 27, 28, 29, 30, 31
Valid weekdays: Saturday, Sunday
When: 23:30:00
Current Time: 2007-01-05 23:30:00
Valid Interval: 23:00:00-02:00:00
Valid days of month: 1, 2, 3, 4, 5, 6, 7, 8, 9, 10, 11, 12, 13, 14, 15, 16, 17, 18, 19, 20, 21, 22, 23, 24, 25, 26, 27, 28, 29, 30, 31
Valid weekdays: Saturday, Sunday
When: 23:30:00
Current Time: 2007-01-06 23:00:00
Valid Interval: 23:00:00-02:00:00
Valid days of month: 1, 2, 3, 4, 5, 6, 7, 8, 9, 10, 11, 12, 13, 14, 15, 16, 17, 18, 19, 20, 21, 22, 23, 24, 25, 26, 27, 28, 29, 30, 31
Valid weekdays: Saturday, Sunday
When: 23:30:00
Current Time: 2007-01-06 02:00:00
Valid Interval: 23:00:00-02:00:00
Valid days of month: 1, 2, 3, 4, 5, 6, 7, 8, 9, 10, 11, 12, 13, 14, 15, 16, 17, 18, 19, 20, 21, 22, 23, 24, 25, 26, 27, 28, 29, 30, 31
Valid weekdays: Saturday, Sunday
When: 23:30:00
Current Time: 2007-01-07 23:40:00
Valid Interval: 23:00:00-02:00:00
Valid days of month: 1, 2, 3, 4, 5, 6, 7, 8, 9, 10, 11, 12, 13, 14, 15, 16, 17, 18, 19, 20, 21, 22, 23, 24, 25, 26, 27, 28, 29, 30, 31
Valid weekdays: Saturday, Sunday
When: 23:30:00
Current Time: 2007-01-07 01:00:00
Valid Interval: 13:00:00-16:00:00
Valid days of month: 1, 2, 3, 4, 5, 6, 7, 8, 9, 10, 11, 12, 13, 14, 15, 16, 17, 18, 19, 20, 21, 22, 23, 24, 25, 26, 27, 28, 29, 30, 31
Valid weekdays: Saturday, Sunday
When: 14:00:00
Current Time: 2007-01-01 12:00:00
Valid Interval: 13:00:00-16:00:00
Valid days of month: 1, 2, 3, 4, 5, 6, 7, 8, 9, 10, 11, 12, 13, 14, 15, 16, 17, 18, 19, 20, 21, 22, 23, 24, 25, 26, 27, 28, 29, 30, 31
Valid weekdays: Saturday, Sunday
When: 14:00:00
Current Time: 2007-01-02 13:30:00
Valid Interval: 13:00:00-16:00:00
Valid days of month: 1, 2, 3, 4, 5, 6, 7, 8, 9, 10, 11, 12, 13, 14, 15, 16, 17, 18, 19, 20, 21, 22, 23, 24, 25, 26, 27, 28, 29, 30, 31
Valid weekdays: Saturday, Sunday
When: 14:00:00
Current Time: 2007-01-06 13:30:00
Valid Interval: 13:00:00-16:00:00
Valid days of month: 1, 2, 3, 4, 5, 6, 7, 8, 9, 10, 11, 12, 13, 14, 15, 16, 17, 18, 19, 20, 21, 22, 23, 24, 25, 26, 27, 28, 29, 30, 31
Valid weekdays: Saturday, Sunday
When: 14:00:00
Current Time: 2007-01-06 14:30:00
Valid Interval: 13:00:00-16:00:00
Valid days of month: 1, 2, 3, 4, 5, 6, 7, 8, 9, 10, 11, 12, 13, 14, 15, 16, 17, 18, 19, 20, 21, 22, 23, 24, 25, 26, 27, 28, 29, 30, 31
Valid weekdays: Saturday, Sunday
When: 14:00:00
Current Time: 2007-01-06 16:30:00
Valid Interval: 13:00:00-16:00:00
Valid days of month: 1, 2, 3, 4, 5, 6, 7, 8, 9, 10, 11, 12, 13, 14, 15, 16, 17, 18, 19, 20, 21, 22, 23, 24, 25, 26, 27, 28, 29, 30, 31
Valid weekdays: Saturday, Sunday
When: 14:00:00
Current Time: 2007-01-07 16:00:00
Valid Interval: 23:00:00-02:00:00
Valid days of month: 1, 2, 3, 4, 5, 6, 7, 8, 9, 10, 11, 12, 13, 14, 15, 16, 17, 18, 19, 20, 21, 22, 23, 24, 25, 26, 27, 28, 29, 30, 31
Valid weekdays: Saturday, Sunday
When: 01:00:00
Current Time: 2007-01-01 12:00:00
Valid Interval: 23:00:00-02:00:00
Valid days of month: 1, 2, 3, 4, 5, 6, 7, 8, 9, 10, 11, 12, 13, 14, 15, 16, 17, 18, 19, 20, 21, 22, 23, 24, 25, 26, 27, 28, 29, 30, 31
Valid weekdays: Saturday, Sunday
When: 01:00:00
Current Time: 2007-01-02 01:00:00
Valid Interval: 23:00:00-02:00:00
Valid days of month: 1, 2, 3, 4, 5, 6, 7, 8, 9, 10, 11, 12, 13, 14, 15, 16, 17, 18, 19, 20, 21, 22, 23, 24, 25, 26, 27, 28, 29, 30, 31
Valid weekdays: Saturday, Sunday
When: 01:00:00
Current Time: 2007-01-06 00:30:00
Valid Interval: 23:00:00-02:00:00
Valid days of month: 1, 2, 3, 4, 5, 6, 7, 8, 9, 10, 11, 12, 13, 14, 15, 16, 17, 18, 19, 20, 21, 22, 23, 24, 25, 26, 27, 28, 29, 30, 31
Valid weekdays: Saturday, Sunday
When: 01:00:00
Current Time: 2007-01-06 02:30:00
Valid Interval: 23:00:00-02:00:00
Valid days of month: 1, 2, 3, 4, 5, 6, 7, 8, 9, 10, 11, 12, 13, 14, 15, 16, 17, 18, 19, 20, 21, 22, 23, 24, 25, 26, 27, 28, 29, 30, 31
Valid weekdays: Saturday, Sunday
When: 23:30:00
Current Time: 2007-01-01 12:00:00
Valid Interval: 23:00:00-02:00:00
Valid days of month: 1, 2, 3, 4, 5, 6, 7, 8, 9, 10, 11, 12, 13, 14, 15, 16, 17, 18, 19, 20, 21, 22, 23, 24, 25, 26, 27, 28, 29, 30, 31
Valid weekdays: Saturday, Sunday
When: 23:30:00
Current Time: 2007-01-05 23:30:00
Valid Interval: 23:00:00-02:00:00
Valid days of month: 1, 2, 3, 4, 5, 6, 7, 8, 9, 10, 11, 12, 13, 14, 15, 16, 17, 18, 19, 20, 21, 22, 23, 24, 25, 26, 27, 28, 29, 30, 31
Valid weekdays: Saturday, Sunday
When: 23:30:00
Current Time: 2007-01-06 23:00:00
Valid Interval: 23:00:00-02:00:00
Valid days of month: 1, 2, 3, 4, 5, 6, 7, 8, 9, 10, 11, 12, 13, 14, 15, 16, 17, 18, 19, 20, 21, 22, 23, 24, 25, 26, 27, 28, 29, 30, 31
Valid weekdays: Saturday, Sunday
When: 23:30:00
Current Time: 2007-01-06 02:00:00
Valid Interval: 23:00:00-02:00:00
Valid days of month: 1, 2, 3, 4, 5, 6, 7, 8, 9, 10, 11, 12, 13, 14, 15, 16, 17, 18, 19, 20, 21, 22, 23, 24, 25, 26, 27, 28, 29, 30, 31
Valid weekdays: Saturday, Sunday
When: 23:30:00
Current Time: 2007-01-07 23:40:00
Valid Interval: 23:00:00-02:00:00
Valid days of month: 1, 2, 3, 4, 5, 6, 7, 8, 9, 10, 11, 12, 13, 14, 15, 16, 17, 18, 19, 20, 21, 22, 23, 24, 25, 26, 27, 28, 29, 30, 31
Valid weekdays: Saturday, Sunday
When: 23:30:00
Current Time: 2007-01-07 01:00:00
Valid Interval: 13:00:00-16:00:00
Valid days of month: 1, 2, 3, 4, 5, 6, 7, 8, 9, 10, 11, 12, 13, 14, 15, 16, 17, 18, 19, 20, 21, 22, 23, 24, 25, 26, 27, 28, 29, 30, 31
Valid weekdays: Saturday, Sunday
When: 14:00:00
Current Time: 2007-01-06 14:30:00
Valid Interval: 13:00:00-16:00:00
Valid days of month: 1, 2, 3, 4, 5, 6, 7, 8, 9, 10, 11, 12, 13, 14, 15, 16, 17, 18, 19, 20, 21, 22, 23, 24, 25, 26, 27, 28, 29, 30, 31
Valid weekdays: Saturday, Sunday
When: 14:00:00
Current Time: 2007-01-07 15:00:00
Valid Interval: 23:00:00-02:00:00
Valid days of month: 1, 2, 3, 4, 5, 6, 7, 8, 9, 10, 11, 12, 13, 14, 15, 16, 17, 18, 19, 20, 21, 22, 23, 24, 25, 26, 27, 28, 29, 30, 31
Valid weekdays: Saturday, Sunday
When: 01:00:00
Current Time: 2007-01-06 01:30:00
Valid Interval: 23:00:00-02:00:00
Valid days of month: 1, 2, 3, 4, 5, 6, 7, 8, 9, 10, 11, 12, 13, 14, 15, 16, 17, 18, 19, 20, 21, 22, 23, 24, 25, 26, 27, 28, 29, 30, 31
Valid weekdays: Saturday, Sunday
When: 01:00:00
Current Time: 2007-01-07 01:30:00
Valid Interval: 23:00:00-02:00:00
Valid days of month: 1, 2, 3, 4, 5, 6, 7, 8, 9, 10, 11, 12, 13, 14, 15, 16, 17, 18, 19, 20, 21, 22, 23, 24, 25, 26, 27, 28, 29, 30, 31
Valid weekdays: Saturday, Sunday
When: 23:30:00
Current Time: 2007-01-06 23:02:00
Valid Interval: 23:00:00-02:00:00
Valid days of month: 1, 2, 3, 4, 5, 6, 7, 8, 9, 10, 11, 12, 13, 14, 15, 16, 17, 18, 19, 20, 21, 22, 23, 24, 25, 26, 27, 28, 29, 30, 31
Valid weekdays: Saturday, Sunday
When: 23:30:00
Current Time: 2007-01-06 01:10:00
Valid Interval: 23:00:00-02:00:00
Valid days of month: 1, 2, 3, 4, 5, 6, 7, 8, 9, 10, 11, 12, 13, 14, 15, 16, 17, 18, 19, 20, 21, 22, 23, 24, 25, 26, 27, 28, 29, 30, 31
Valid weekdays: Saturday, Sunday
When: 23:30:00
Current Time: 2007-01-07 01:00:40
Valid Interval: 23:00:00-02:00:00
Valid days of month: 2
Valid weekdays: Saturday, Sunday
When: 23:30:00
Current Time: 2007-01-01 12:00:00
Valid Interval: 23:00:00-02:00:00
Valid days of month: 1, 2
Valid weekdays: Saturday, Sunday
When: 23:30:00
Current Time: 2007-01-05 23:30:00
Valid Interval: 23:00:00-02:00:00
Valid days of month: 1, 2
Valid weekdays: Saturday, Sunday
When: 23:30:00
Current Time: 2007-01-06 23:00:00</StdOut>
      </Output>
    </UnitTestResult>
    <UnitTestResult executionId="96a71d0b-886f-4ad1-8de0-d89231a2aeaa" testId="adec6e44-abca-461e-b5da-63bae25605d1" testName="GetNextTimeToTrigger_AbsoluteTimer_ReturnsCorrectTime (Data Row 70)" computerName="ICSWS068" duration="00:00:00.0035925" startTime="2016-08-04T07:57:22.9115729+02:00" endTime="2016-08-04T07:57:22.9151353+02:00" testType="13cdc9d9-ddb5-4fa4-a97d-d965ccfc6d4b" outcome="Passed" testListId="8c84fa94-04c1-424b-9868-57a2d4851a1d" relativeResultsDirectory="96a71d0b-886f-4ad1-8de0-d89231a2aeaa">
      <Output>
        <StdOut>TestContext Messages:
Valid Interval: 11:00:00-13:00:00
Valid days of month: 1, 2, 3, 4, 5, 6, 7, 8, 9, 10, 11, 12, 13, 14, 15, 16, 17, 18, 19, 20, 21, 22, 23, 24, 25, 26, 27, 28, 29, 30, 31
Valid weekdays: Monday, Tuesday, Wednesday, Thursday, Friday, Saturday, Sunday
When: 12:00:00
Current Time: 2011-01-01 00:00:00
Valid Interval: 11:00:00-13:00:00
Valid days of month: 1, 2, 3, 4, 5, 6, 7, 8, 9, 10, 11, 12, 13, 14, 15, 16, 17, 18, 19, 20, 21, 22, 23, 24, 25, 26, 27, 28, 29, 30, 31
Valid weekdays: Monday, Tuesday, Wednesday, Thursday, Friday, Saturday, Sunday
When: 12:00:00
Current Time: 2011-01-01 09:00:00
Valid Interval: 11:00:00-13:00:00
Valid days of month: 1, 2, 3, 4, 5, 6, 7, 8, 9, 10, 11, 12, 13, 14, 15, 16, 17, 18, 19, 20, 21, 22, 23, 24, 25, 26, 27, 28, 29, 30, 31
Valid weekdays: Monday, Tuesday, Wednesday, Thursday, Friday, Saturday, Sunday
When: 12:00:00
Current Time: 2011-01-01 11:00:00
Valid Interval: 11:00:00-13:00:00
Valid days of month: 1, 2, 3, 4, 5, 6, 7, 8, 9, 10, 11, 12, 13, 14, 15, 16, 17, 18, 19, 20, 21, 22, 23, 24, 25, 26, 27, 28, 29, 30, 31
Valid weekdays: Monday, Tuesday, Wednesday, Thursday, Friday, Saturday, Sunday
When: 12:00:00
Current Time: 2011-01-01 12:00:00
Valid Interval: 11:00:00-13:00:00
Valid days of month: 1, 2, 3, 4, 5, 6, 7, 8, 9, 10, 11, 12, 13, 14, 15, 16, 17, 18, 19, 20, 21, 22, 23, 24, 25, 26, 27, 28, 29, 30, 31
Valid weekdays: Monday, Tuesday, Wednesday, Thursday, Friday, Saturday, Sunday
When: 12:00:00
Current Time: 2011-01-01 12:30:00
Valid Interval: 11:00:00-13:00:00
Valid days of month: 1, 2, 3, 4, 5, 6, 7, 8, 9, 10, 11, 12, 13, 14, 15, 16, 17, 18, 19, 20, 21, 22, 23, 24, 25, 26, 27, 28, 29, 30, 31
Valid weekdays: Monday, Tuesday, Wednesday, Thursday, Friday, Saturday, Sunday
When: 12:00:00
Current Time: 2011-01-01 13:00:00
Valid Interval: 11:00:00-13:00:00
Valid days of month: 1, 2, 3, 4, 5, 6, 7, 8, 9, 10, 11, 12, 13, 14, 15, 16, 17, 18, 19, 20, 21, 22, 23, 24, 25, 26, 27, 28, 29, 30, 31
Valid weekdays: Monday, Tuesday, Wednesday, Thursday, Friday, Saturday, Sunday
When: 12:00:00
Current Time: 2011-01-02 00:00:00
Valid Interval: 11:00:00-13:00:00
Valid days of month: 1, 2, 3, 4, 5, 6, 7, 8, 9, 10, 11, 12, 13, 14, 15, 16, 17, 18, 19, 20, 21, 22, 23, 24, 25, 26, 27, 28, 29, 30, 31
Valid weekdays: Monday, Tuesday, Wednesday, Thursday, Friday, Saturday, Sunday
When: 12:00:00
Current Time: 2011-01-02 09:00:00
Valid Interval: 11:00:00-13:00:00
Valid days of month: 1, 2, 3, 4, 5, 6, 7, 8, 9, 10, 11, 12, 13, 14, 15, 16, 17, 18, 19, 20, 21, 22, 23, 24, 25, 26, 27, 28, 29, 30, 31
Valid weekdays: Monday, Tuesday, Wednesday, Thursday, Friday, Saturday, Sunday
When: 12:00:00
Current Time: 2011-01-02 12:00:00
Valid Interval: 11:00:00-13:00:00
Valid days of month: 1, 2, 3, 4, 5, 6, 7, 8, 9, 10, 11, 12, 13, 14, 15, 16, 17, 18, 19, 20, 21, 22, 23, 24, 25, 26, 27, 28, 29, 30, 31
Valid weekdays: Monday, Tuesday, Wednesday, Thursday, Friday, Saturday, Sunday
When: 12:00:00
Current Time: 2011-01-02 12:45:30
Valid Interval: 11:00:00-13:00:00
Valid days of month: 1, 2, 3, 4, 5, 6, 7, 8, 9, 10, 11, 12, 13, 14, 15, 16, 17, 18, 19, 20, 21, 22, 23, 24, 25, 26, 27, 28, 29, 30, 31
Valid weekdays: Monday, Tuesday, Wednesday, Thursday, Friday, Saturday, Sunday
When: 12:00:00
Current Time: 2011-01-02 13:00:00
Valid Interval: 11:00:00-13:00:00
Valid days of month: 1, 2, 3, 4, 5, 6, 7, 8, 9, 10, 11, 12, 13, 14, 15, 16, 17, 18, 19, 20, 21, 22, 23, 24, 25, 26, 27, 28, 29, 30, 31
Valid weekdays: Monday, Tuesday, Wednesday, Thursday, Friday, Saturday, Sunday
When: 12:00:00
Current Time: 2011-01-01 12:00:00
Valid Interval: 11:00:00-13:00:00
Valid days of month: 1, 2, 3, 4, 5, 6, 7, 8, 9, 10, 11, 12, 13, 14, 15, 16, 17, 18, 19, 20, 21, 22, 23, 24, 25, 26, 27, 28, 29, 30, 31
Valid weekdays: Monday, Tuesday, Wednesday, Thursday, Friday, Saturday, Sunday
When: 12:00:00
Current Time: 2011-01-01 12:30:00
Valid Interval: 11:00:00-13:00:00
Valid days of month: 1, 2, 3, 4, 5, 6, 7, 8, 9, 10, 11, 12, 13, 14, 15, 16, 17, 18, 19, 20, 21, 22, 23, 24, 25, 26, 27, 28, 29, 30, 31
Valid weekdays: Monday, Tuesday, Wednesday, Thursday, Friday, Saturday, Sunday
When: 12:00:00
Current Time: 2011-01-01 12:30:00
Valid Interval: 11:00:00-13:00:00
Valid days of month: 1, 2, 3, 4, 5, 6, 7, 8, 9, 10, 11, 12, 13, 14, 15, 16, 17, 18, 19, 20, 21, 22, 23, 24, 25, 26, 27, 28, 29, 30, 31
Valid weekdays: Monday, Tuesday, Wednesday, Thursday, Friday, Saturday, Sunday
When: 12:00:00
Current Time: 2011-01-01 13:00:00
Valid Interval: 11:00:00-13:00:00
Valid days of month: 1, 2, 3, 4, 5, 6, 7, 8, 9, 10, 11, 12, 13, 14, 15, 16, 17, 18, 19, 20, 21, 22, 23, 24, 25, 26, 27, 28, 29, 30, 31
Valid weekdays: Monday, Tuesday, Wednesday, Thursday, Friday, Saturday, Sunday
When: 12:00:00
Current Time: 2011-01-01 14:30:00
Valid Interval: 23:00:00-13:00:00
Valid days of month: 1, 2, 3, 4, 5, 6, 7, 8, 9, 10, 11, 12, 13, 14, 15, 16, 17, 18, 19, 20, 21, 22, 23, 24, 25, 26, 27, 28, 29, 30, 31
Valid weekdays: Monday, Tuesday, Wednesday, Thursday, Friday, Saturday, Sunday
When: 23:30:00
Current Time: 2011-01-01 16:00:00
Valid Interval: 23:00:00-13:00:00
Valid days of month: 1, 2, 3, 4, 5, 6, 7, 8, 9, 10, 11, 12, 13, 14, 15, 16, 17, 18, 19, 20, 21, 22, 23, 24, 25, 26, 27, 28, 29, 30, 31
Valid weekdays: Monday, Tuesday, Wednesday, Thursday, Friday, Saturday, Sunday
When: 23:30:00
Current Time: 2011-01-01 23:00:00
Valid Interval: 23:00:00-13:00:00
Valid days of month: 1, 2, 3, 4, 5, 6, 7, 8, 9, 10, 11, 12, 13, 14, 15, 16, 17, 18, 19, 20, 21, 22, 23, 24, 25, 26, 27, 28, 29, 30, 31
Valid weekdays: Monday, Tuesday, Wednesday, Thursday, Friday, Saturday, Sunday
When: 23:30:00
Current Time: 2011-01-01 23:30:00
Valid Interval: 23:00:00-13:00:00
Valid days of month: 1, 2, 3, 4, 5, 6, 7, 8, 9, 10, 11, 12, 13, 14, 15, 16, 17, 18, 19, 20, 21, 22, 23, 24, 25, 26, 27, 28, 29, 30, 31
Valid weekdays: Monday, Tuesday, Wednesday, Thursday, Friday, Saturday, Sunday
When: 23:30:00
Current Time: 2011-01-01 23:45:00
Valid Interval: 23:00:00-13:00:00
Valid days of month: 1, 2, 3, 4, 5, 6, 7, 8, 9, 10, 11, 12, 13, 14, 15, 16, 17, 18, 19, 20, 21, 22, 23, 24, 25, 26, 27, 28, 29, 30, 31
Valid weekdays: Monday, Tuesday, Wednesday, Thursday, Friday, Saturday, Sunday
When: 23:30:00
Current Time: 2011-01-02 00:30:00
Valid Interval: 23:00:00-13:00:00
Valid days of month: 1, 2, 3, 4, 5, 6, 7, 8, 9, 10, 11, 12, 13, 14, 15, 16, 17, 18, 19, 20, 21, 22, 23, 24, 25, 26, 27, 28, 29, 30, 31
Valid weekdays: Monday, Tuesday, Wednesday, Thursday, Friday, Saturday, Sunday
When: 23:30:00
Current Time: 2011-01-01 13:00:00
Valid Interval: 23:00:00-13:00:00
Valid days of month: 1, 2, 3, 4, 5, 6, 7, 8, 9, 10, 11, 12, 13, 14, 15, 16, 17, 18, 19, 20, 21, 22, 23, 24, 25, 26, 27, 28, 29, 30, 31
Valid weekdays: Monday, Tuesday, Wednesday, Thursday, Friday, Saturday, Sunday
When: 01:00:00
Current Time: 2011-01-01 16:00:00
Valid Interval: 23:00:00-13:00:00
Valid days of month: 1, 2, 3, 4, 5, 6, 7, 8, 9, 10, 11, 12, 13, 14, 15, 16, 17, 18, 19, 20, 21, 22, 23, 24, 25, 26, 27, 28, 29, 30, 31
Valid weekdays: Monday, Tuesday, Wednesday, Thursday, Friday, Saturday, Sunday
When: 01:00:00
Current Time: 2011-01-01 23:00:00
Valid Interval: 23:00:00-13:00:00
Valid days of month: 1, 2, 3, 4, 5, 6, 7, 8, 9, 10, 11, 12, 13, 14, 15, 16, 17, 18, 19, 20, 21, 22, 23, 24, 25, 26, 27, 28, 29, 30, 31
Valid weekdays: Monday, Tuesday, Wednesday, Thursday, Friday, Saturday, Sunday
When: 01:00:00
Current Time: 2011-01-01 23:30:00
Valid Interval: 23:00:00-13:00:00
Valid days of month: 1, 2, 3, 4, 5, 6, 7, 8, 9, 10, 11, 12, 13, 14, 15, 16, 17, 18, 19, 20, 21, 22, 23, 24, 25, 26, 27, 28, 29, 30, 31
Valid weekdays: Monday, Tuesday, Wednesday, Thursday, Friday, Saturday, Sunday
When: 01:00:00
Current Time: 2011-01-02 00:30:00
Valid Interval: 23:00:00-13:00:00
Valid days of month: 1, 2, 3, 4, 5, 6, 7, 8, 9, 10, 11, 12, 13, 14, 15, 16, 17, 18, 19, 20, 21, 22, 23, 24, 25, 26, 27, 28, 29, 30, 31
Valid weekdays: Monday, Tuesday, Wednesday, Thursday, Friday, Saturday, Sunday
When: 01:00:00
Current Time: 2011-01-01 02:00:00
Valid Interval: 23:00:00-13:00:00
Valid days of month: 1, 2, 3, 4, 5, 6, 7, 8, 9, 10, 11, 12, 13, 14, 15, 16, 17, 18, 19, 20, 21, 22, 23, 24, 25, 26, 27, 28, 29, 30, 31
Valid weekdays: Monday, Tuesday, Wednesday, Thursday, Friday, Saturday, Sunday
When: 01:00:00
Current Time: 2011-01-01 13:00:00
Valid Interval: 23:00:00-13:00:00
Valid days of month: 1, 2, 3, 4, 5, 6, 7, 8, 9, 10, 11, 12, 13, 14, 15, 16, 17, 18, 19, 20, 21, 22, 23, 24, 25, 26, 27, 28, 29, 30, 31
Valid weekdays: Monday, Tuesday, Wednesday, Thursday, Friday, Saturday, Sunday
When: 23:30:00
Current Time: 2011-01-01 16:00:00
Valid Interval: 23:00:00-13:00:00
Valid days of month: 1, 2, 3, 4, 5, 6, 7, 8, 9, 10, 11, 12, 13, 14, 15, 16, 17, 18, 19, 20, 21, 22, 23, 24, 25, 26, 27, 28, 29, 30, 31
Valid weekdays: Monday, Tuesday, Wednesday, Thursday, Friday, Saturday, Sunday
When: 23:30:00
Current Time: 2011-01-01 23:00:00
Valid Interval: 23:00:00-13:00:00
Valid days of month: 1, 2, 3, 4, 5, 6, 7, 8, 9, 10, 11, 12, 13, 14, 15, 16, 17, 18, 19, 20, 21, 22, 23, 24, 25, 26, 27, 28, 29, 30, 31
Valid weekdays: Monday, Tuesday, Wednesday, Thursday, Friday, Saturday, Sunday
When: 23:30:00
Current Time: 2011-01-01 23:30:00
Valid Interval: 23:00:00-13:00:00
Valid days of month: 1, 2, 3, 4, 5, 6, 7, 8, 9, 10, 11, 12, 13, 14, 15, 16, 17, 18, 19, 20, 21, 22, 23, 24, 25, 26, 27, 28, 29, 30, 31
Valid weekdays: Monday, Tuesday, Wednesday, Thursday, Friday, Saturday, Sunday
When: 23:30:00
Current Time: 2011-01-01 23:45:00
Valid Interval: 23:00:00-13:00:00
Valid days of month: 1, 2, 3, 4, 5, 6, 7, 8, 9, 10, 11, 12, 13, 14, 15, 16, 17, 18, 19, 20, 21, 22, 23, 24, 25, 26, 27, 28, 29, 30, 31
Valid weekdays: Monday, Tuesday, Wednesday, Thursday, Friday, Saturday, Sunday
When: 23:30:00
Current Time: 2011-01-02 00:30:00
Valid Interval: 23:00:00-13:00:00
Valid days of month: 1, 2, 3, 4, 5, 6, 7, 8, 9, 10, 11, 12, 13, 14, 15, 16, 17, 18, 19, 20, 21, 22, 23, 24, 25, 26, 27, 28, 29, 30, 31
Valid weekdays: Monday, Tuesday, Wednesday, Thursday, Friday, Saturday, Sunday
When: 23:30:00
Current Time: 2011-01-01 13:00:00
Valid Interval: 23:00:00-13:00:00
Valid days of month: 1, 2, 3, 4, 5, 6, 7, 8, 9, 10, 11, 12, 13, 14, 15, 16, 17, 18, 19, 20, 21, 22, 23, 24, 25, 26, 27, 28, 29, 30, 31
Valid weekdays: Monday, Tuesday, Wednesday, Thursday, Friday, Saturday, Sunday
When: 01:00:00
Current Time: 2011-01-01 16:00:00
Valid Interval: 23:00:00-13:00:00
Valid days of month: 1, 2, 3, 4, 5, 6, 7, 8, 9, 10, 11, 12, 13, 14, 15, 16, 17, 18, 19, 20, 21, 22, 23, 24, 25, 26, 27, 28, 29, 30, 31
Valid weekdays: Monday, Tuesday, Wednesday, Thursday, Friday, Saturday, Sunday
When: 01:00:00
Current Time: 2011-01-01 23:00:00
Valid Interval: 23:00:00-13:00:00
Valid days of month: 1, 2, 3, 4, 5, 6, 7, 8, 9, 10, 11, 12, 13, 14, 15, 16, 17, 18, 19, 20, 21, 22, 23, 24, 25, 26, 27, 28, 29, 30, 31
Valid weekdays: Monday, Tuesday, Wednesday, Thursday, Friday, Saturday, Sunday
When: 01:00:00
Current Time: 2011-01-01 23:30:00
Valid Interval: 23:00:00-13:00:00
Valid days of month: 1, 2, 3, 4, 5, 6, 7, 8, 9, 10, 11, 12, 13, 14, 15, 16, 17, 18, 19, 20, 21, 22, 23, 24, 25, 26, 27, 28, 29, 30, 31
Valid weekdays: Monday, Tuesday, Wednesday, Thursday, Friday, Saturday, Sunday
When: 01:00:00
Current Time: 2011-01-02 00:30:00
Valid Interval: 23:00:00-13:00:00
Valid days of month: 1, 2, 3, 4, 5, 6, 7, 8, 9, 10, 11, 12, 13, 14, 15, 16, 17, 18, 19, 20, 21, 22, 23, 24, 25, 26, 27, 28, 29, 30, 31
Valid weekdays: Monday, Tuesday, Wednesday, Thursday, Friday, Saturday, Sunday
When: 01:00:00
Current Time: 2011-01-02 02:00:00
Valid Interval: 23:00:00-13:00:00
Valid days of month: 1, 2, 3, 4, 5, 6, 7, 8, 9, 10, 11, 12, 13, 14, 15, 16, 17, 18, 19, 20, 21, 22, 23, 24, 25, 26, 27, 28, 29, 30, 31
Valid weekdays: Monday, Tuesday, Wednesday, Thursday, Friday, Saturday, Sunday
When: 01:00:00
Current Time: 2011-01-02 13:00:00
Valid Interval: 23:00:00-13:00:00
Valid days of month: 1, 2, 3, 4, 5, 6, 7, 8, 9, 10, 11, 12, 13, 14, 15, 16, 17, 18, 19, 20, 21, 22, 23, 24, 25, 26, 27, 28, 29, 30, 31
Valid weekdays: Monday, Tuesday, Wednesday, Thursday, Friday, Saturday, Sunday
When: 23:30:00
Current Time: 2011-01-01 23:30:05
Valid Interval: 23:00:00-13:00:00
Valid days of month: 1, 2, 3, 4, 5, 6, 7, 8, 9, 10, 11, 12, 13, 14, 15, 16, 17, 18, 19, 20, 21, 22, 23, 24, 25, 26, 27, 28, 29, 30, 31
Valid weekdays: Monday, Tuesday, Wednesday, Thursday, Friday, Saturday, Sunday
When: 23:30:00
Current Time: 2011-01-02 00:30:00
Valid Interval: 23:00:00-13:00:00
Valid days of month: 1, 2, 3, 4, 5, 6, 7, 8, 9, 10, 11, 12, 13, 14, 15, 16, 17, 18, 19, 20, 21, 22, 23, 24, 25, 26, 27, 28, 29, 30, 31
Valid weekdays: Monday, Tuesday, Wednesday, Thursday, Friday, Saturday, Sunday
When: 23:30:00
Current Time: 2011-01-02 13:00:00
Valid Interval: 23:00:00-13:00:00
Valid days of month: 1, 2, 3, 4, 5, 6, 7, 8, 9, 10, 11, 12, 13, 14, 15, 16, 17, 18, 19, 20, 21, 22, 23, 24, 25, 26, 27, 28, 29, 30, 31
Valid weekdays: Monday, Tuesday, Wednesday, Thursday, Friday, Saturday, Sunday
When: 01:00:00
Current Time: 2011-01-01 02:00:00
Valid Interval: 23:00:00-13:00:00
Valid days of month: 1, 2, 3, 4, 5, 6, 7, 8, 9, 10, 11, 12, 13, 14, 15, 16, 17, 18, 19, 20, 21, 22, 23, 24, 25, 26, 27, 28, 29, 30, 31
Valid weekdays: Monday, Tuesday, Wednesday, Thursday, Friday, Saturday, Sunday
When: 01:00:00
Current Time: 2011-01-02 02:00:00
Valid Interval: 13:00:00-16:00:00
Valid days of month: 1, 2, 3, 4, 5, 6, 7, 8, 9, 10, 11, 12, 13, 14, 15, 16, 17, 18, 19, 20, 21, 22, 23, 24, 25, 26, 27, 28, 29, 30, 31
Valid weekdays: Saturday, Sunday
When: 14:00:00
Current Time: 2007-01-01 12:00:00
Valid Interval: 13:00:00-16:00:00
Valid days of month: 1, 2, 3, 4, 5, 6, 7, 8, 9, 10, 11, 12, 13, 14, 15, 16, 17, 18, 19, 20, 21, 22, 23, 24, 25, 26, 27, 28, 29, 30, 31
Valid weekdays: Saturday, Sunday
When: 14:00:00
Current Time: 2007-01-02 13:30:00
Valid Interval: 13:00:00-16:00:00
Valid days of month: 1, 2, 3, 4, 5, 6, 7, 8, 9, 10, 11, 12, 13, 14, 15, 16, 17, 18, 19, 20, 21, 22, 23, 24, 25, 26, 27, 28, 29, 30, 31
Valid weekdays: Saturday, Sunday
When: 14:00:00
Current Time: 2007-01-06 13:30:00
Valid Interval: 13:00:00-16:00:00
Valid days of month: 1, 2, 3, 4, 5, 6, 7, 8, 9, 10, 11, 12, 13, 14, 15, 16, 17, 18, 19, 20, 21, 22, 23, 24, 25, 26, 27, 28, 29, 30, 31
Valid weekdays: Saturday, Sunday
When: 14:00:00
Current Time: 2007-01-06 14:30:00
Valid Interval: 13:00:00-16:00:00
Valid days of month: 1, 2, 3, 4, 5, 6, 7, 8, 9, 10, 11, 12, 13, 14, 15, 16, 17, 18, 19, 20, 21, 22, 23, 24, 25, 26, 27, 28, 29, 30, 31
Valid weekdays: Saturday, Sunday
When: 14:00:00
Current Time: 2007-01-06 16:30:00
Valid Interval: 13:00:00-16:00:00
Valid days of month: 1, 2, 3, 4, 5, 6, 7, 8, 9, 10, 11, 12, 13, 14, 15, 16, 17, 18, 19, 20, 21, 22, 23, 24, 25, 26, 27, 28, 29, 30, 31
Valid weekdays: Saturday, Sunday
When: 14:00:00
Current Time: 2007-01-07 16:00:00
Valid Interval: 23:00:00-02:00:00
Valid days of month: 1, 2, 3, 4, 5, 6, 7, 8, 9, 10, 11, 12, 13, 14, 15, 16, 17, 18, 19, 20, 21, 22, 23, 24, 25, 26, 27, 28, 29, 30, 31
Valid weekdays: Saturday, Sunday
When: 01:00:00
Current Time: 2007-01-01 12:00:00
Valid Interval: 23:00:00-02:00:00
Valid days of month: 1, 2, 3, 4, 5, 6, 7, 8, 9, 10, 11, 12, 13, 14, 15, 16, 17, 18, 19, 20, 21, 22, 23, 24, 25, 26, 27, 28, 29, 30, 31
Valid weekdays: Saturday, Sunday
When: 01:00:00
Current Time: 2007-01-02 01:00:00
Valid Interval: 23:00:00-02:00:00
Valid days of month: 1, 2, 3, 4, 5, 6, 7, 8, 9, 10, 11, 12, 13, 14, 15, 16, 17, 18, 19, 20, 21, 22, 23, 24, 25, 26, 27, 28, 29, 30, 31
Valid weekdays: Saturday, Sunday
When: 01:00:00
Current Time: 2007-01-06 00:30:00
Valid Interval: 23:00:00-02:00:00
Valid days of month: 1, 2, 3, 4, 5, 6, 7, 8, 9, 10, 11, 12, 13, 14, 15, 16, 17, 18, 19, 20, 21, 22, 23, 24, 25, 26, 27, 28, 29, 30, 31
Valid weekdays: Saturday, Sunday
When: 01:00:00
Current Time: 2007-01-06 01:30:00
Valid Interval: 23:00:00-02:00:00
Valid days of month: 1, 2, 3, 4, 5, 6, 7, 8, 9, 10, 11, 12, 13, 14, 15, 16, 17, 18, 19, 20, 21, 22, 23, 24, 25, 26, 27, 28, 29, 30, 31
Valid weekdays: Saturday, Sunday
When: 01:00:00
Current Time: 2007-01-06 02:30:00
Valid Interval: 23:00:00-02:00:00
Valid days of month: 1, 2, 3, 4, 5, 6, 7, 8, 9, 10, 11, 12, 13, 14, 15, 16, 17, 18, 19, 20, 21, 22, 23, 24, 25, 26, 27, 28, 29, 30, 31
Valid weekdays: Saturday, Sunday
When: 01:00:00
Current Time: 2007-01-07 02:00:00
Valid Interval: 23:00:00-02:00:00
Valid days of month: 1, 2, 3, 4, 5, 6, 7, 8, 9, 10, 11, 12, 13, 14, 15, 16, 17, 18, 19, 20, 21, 22, 23, 24, 25, 26, 27, 28, 29, 30, 31
Valid weekdays: Saturday, Sunday
When: 23:30:00
Current Time: 2007-01-01 12:00:00
Valid Interval: 23:00:00-02:00:00
Valid days of month: 1, 2, 3, 4, 5, 6, 7, 8, 9, 10, 11, 12, 13, 14, 15, 16, 17, 18, 19, 20, 21, 22, 23, 24, 25, 26, 27, 28, 29, 30, 31
Valid weekdays: Saturday, Sunday
When: 23:30:00
Current Time: 2007-01-05 23:30:00
Valid Interval: 23:00:00-02:00:00
Valid days of month: 1, 2, 3, 4, 5, 6, 7, 8, 9, 10, 11, 12, 13, 14, 15, 16, 17, 18, 19, 20, 21, 22, 23, 24, 25, 26, 27, 28, 29, 30, 31
Valid weekdays: Saturday, Sunday
When: 23:30:00
Current Time: 2007-01-06 23:00:00
Valid Interval: 23:00:00-02:00:00
Valid days of month: 1, 2, 3, 4, 5, 6, 7, 8, 9, 10, 11, 12, 13, 14, 15, 16, 17, 18, 19, 20, 21, 22, 23, 24, 25, 26, 27, 28, 29, 30, 31
Valid weekdays: Saturday, Sunday
When: 23:30:00
Current Time: 2007-01-06 02:00:00
Valid Interval: 23:00:00-02:00:00
Valid days of month: 1, 2, 3, 4, 5, 6, 7, 8, 9, 10, 11, 12, 13, 14, 15, 16, 17, 18, 19, 20, 21, 22, 23, 24, 25, 26, 27, 28, 29, 30, 31
Valid weekdays: Saturday, Sunday
When: 23:30:00
Current Time: 2007-01-07 23:40:00
Valid Interval: 23:00:00-02:00:00
Valid days of month: 1, 2, 3, 4, 5, 6, 7, 8, 9, 10, 11, 12, 13, 14, 15, 16, 17, 18, 19, 20, 21, 22, 23, 24, 25, 26, 27, 28, 29, 30, 31
Valid weekdays: Saturday, Sunday
When: 23:30:00
Current Time: 2007-01-07 01:00:00
Valid Interval: 13:00:00-16:00:00
Valid days of month: 1, 2, 3, 4, 5, 6, 7, 8, 9, 10, 11, 12, 13, 14, 15, 16, 17, 18, 19, 20, 21, 22, 23, 24, 25, 26, 27, 28, 29, 30, 31
Valid weekdays: Saturday, Sunday
When: 14:00:00
Current Time: 2007-01-01 12:00:00
Valid Interval: 13:00:00-16:00:00
Valid days of month: 1, 2, 3, 4, 5, 6, 7, 8, 9, 10, 11, 12, 13, 14, 15, 16, 17, 18, 19, 20, 21, 22, 23, 24, 25, 26, 27, 28, 29, 30, 31
Valid weekdays: Saturday, Sunday
When: 14:00:00
Current Time: 2007-01-02 13:30:00
Valid Interval: 13:00:00-16:00:00
Valid days of month: 1, 2, 3, 4, 5, 6, 7, 8, 9, 10, 11, 12, 13, 14, 15, 16, 17, 18, 19, 20, 21, 22, 23, 24, 25, 26, 27, 28, 29, 30, 31
Valid weekdays: Saturday, Sunday
When: 14:00:00
Current Time: 2007-01-06 13:30:00
Valid Interval: 13:00:00-16:00:00
Valid days of month: 1, 2, 3, 4, 5, 6, 7, 8, 9, 10, 11, 12, 13, 14, 15, 16, 17, 18, 19, 20, 21, 22, 23, 24, 25, 26, 27, 28, 29, 30, 31
Valid weekdays: Saturday, Sunday
When: 14:00:00
Current Time: 2007-01-06 14:30:00
Valid Interval: 13:00:00-16:00:00
Valid days of month: 1, 2, 3, 4, 5, 6, 7, 8, 9, 10, 11, 12, 13, 14, 15, 16, 17, 18, 19, 20, 21, 22, 23, 24, 25, 26, 27, 28, 29, 30, 31
Valid weekdays: Saturday, Sunday
When: 14:00:00
Current Time: 2007-01-06 16:30:00
Valid Interval: 13:00:00-16:00:00
Valid days of month: 1, 2, 3, 4, 5, 6, 7, 8, 9, 10, 11, 12, 13, 14, 15, 16, 17, 18, 19, 20, 21, 22, 23, 24, 25, 26, 27, 28, 29, 30, 31
Valid weekdays: Saturday, Sunday
When: 14:00:00
Current Time: 2007-01-07 16:00:00
Valid Interval: 23:00:00-02:00:00
Valid days of month: 1, 2, 3, 4, 5, 6, 7, 8, 9, 10, 11, 12, 13, 14, 15, 16, 17, 18, 19, 20, 21, 22, 23, 24, 25, 26, 27, 28, 29, 30, 31
Valid weekdays: Saturday, Sunday
When: 01:00:00
Current Time: 2007-01-01 12:00:00
Valid Interval: 23:00:00-02:00:00
Valid days of month: 1, 2, 3, 4, 5, 6, 7, 8, 9, 10, 11, 12, 13, 14, 15, 16, 17, 18, 19, 20, 21, 22, 23, 24, 25, 26, 27, 28, 29, 30, 31
Valid weekdays: Saturday, Sunday
When: 01:00:00
Current Time: 2007-01-02 01:00:00
Valid Interval: 23:00:00-02:00:00
Valid days of month: 1, 2, 3, 4, 5, 6, 7, 8, 9, 10, 11, 12, 13, 14, 15, 16, 17, 18, 19, 20, 21, 22, 23, 24, 25, 26, 27, 28, 29, 30, 31
Valid weekdays: Saturday, Sunday
When: 01:00:00
Current Time: 2007-01-06 00:30:00
Valid Interval: 23:00:00-02:00:00
Valid days of month: 1, 2, 3, 4, 5, 6, 7, 8, 9, 10, 11, 12, 13, 14, 15, 16, 17, 18, 19, 20, 21, 22, 23, 24, 25, 26, 27, 28, 29, 30, 31
Valid weekdays: Saturday, Sunday
When: 01:00:00
Current Time: 2007-01-06 02:30:00
Valid Interval: 23:00:00-02:00:00
Valid days of month: 1, 2, 3, 4, 5, 6, 7, 8, 9, 10, 11, 12, 13, 14, 15, 16, 17, 18, 19, 20, 21, 22, 23, 24, 25, 26, 27, 28, 29, 30, 31
Valid weekdays: Saturday, Sunday
When: 23:30:00
Current Time: 2007-01-01 12:00:00
Valid Interval: 23:00:00-02:00:00
Valid days of month: 1, 2, 3, 4, 5, 6, 7, 8, 9, 10, 11, 12, 13, 14, 15, 16, 17, 18, 19, 20, 21, 22, 23, 24, 25, 26, 27, 28, 29, 30, 31
Valid weekdays: Saturday, Sunday
When: 23:30:00
Current Time: 2007-01-05 23:30:00
Valid Interval: 23:00:00-02:00:00
Valid days of month: 1, 2, 3, 4, 5, 6, 7, 8, 9, 10, 11, 12, 13, 14, 15, 16, 17, 18, 19, 20, 21, 22, 23, 24, 25, 26, 27, 28, 29, 30, 31
Valid weekdays: Saturday, Sunday
When: 23:30:00
Current Time: 2007-01-06 23:00:00
Valid Interval: 23:00:00-02:00:00
Valid days of month: 1, 2, 3, 4, 5, 6, 7, 8, 9, 10, 11, 12, 13, 14, 15, 16, 17, 18, 19, 20, 21, 22, 23, 24, 25, 26, 27, 28, 29, 30, 31
Valid weekdays: Saturday, Sunday
When: 23:30:00
Current Time: 2007-01-06 02:00:00
Valid Interval: 23:00:00-02:00:00
Valid days of month: 1, 2, 3, 4, 5, 6, 7, 8, 9, 10, 11, 12, 13, 14, 15, 16, 17, 18, 19, 20, 21, 22, 23, 24, 25, 26, 27, 28, 29, 30, 31
Valid weekdays: Saturday, Sunday
When: 23:30:00
Current Time: 2007-01-07 23:40:00
Valid Interval: 23:00:00-02:00:00
Valid days of month: 1, 2, 3, 4, 5, 6, 7, 8, 9, 10, 11, 12, 13, 14, 15, 16, 17, 18, 19, 20, 21, 22, 23, 24, 25, 26, 27, 28, 29, 30, 31
Valid weekdays: Saturday, Sunday
When: 23:30:00
Current Time: 2007-01-07 01:00:00
Valid Interval: 13:00:00-16:00:00
Valid days of month: 1, 2, 3, 4, 5, 6, 7, 8, 9, 10, 11, 12, 13, 14, 15, 16, 17, 18, 19, 20, 21, 22, 23, 24, 25, 26, 27, 28, 29, 30, 31
Valid weekdays: Saturday, Sunday
When: 14:00:00
Current Time: 2007-01-06 14:30:00
Valid Interval: 13:00:00-16:00:00
Valid days of month: 1, 2, 3, 4, 5, 6, 7, 8, 9, 10, 11, 12, 13, 14, 15, 16, 17, 18, 19, 20, 21, 22, 23, 24, 25, 26, 27, 28, 29, 30, 31
Valid weekdays: Saturday, Sunday
When: 14:00:00
Current Time: 2007-01-07 15:00:00
Valid Interval: 23:00:00-02:00:00
Valid days of month: 1, 2, 3, 4, 5, 6, 7, 8, 9, 10, 11, 12, 13, 14, 15, 16, 17, 18, 19, 20, 21, 22, 23, 24, 25, 26, 27, 28, 29, 30, 31
Valid weekdays: Saturday, Sunday
When: 01:00:00
Current Time: 2007-01-06 01:30:00
Valid Interval: 23:00:00-02:00:00
Valid days of month: 1, 2, 3, 4, 5, 6, 7, 8, 9, 10, 11, 12, 13, 14, 15, 16, 17, 18, 19, 20, 21, 22, 23, 24, 25, 26, 27, 28, 29, 30, 31
Valid weekdays: Saturday, Sunday
When: 01:00:00
Current Time: 2007-01-07 01:30:00
Valid Interval: 23:00:00-02:00:00
Valid days of month: 1, 2, 3, 4, 5, 6, 7, 8, 9, 10, 11, 12, 13, 14, 15, 16, 17, 18, 19, 20, 21, 22, 23, 24, 25, 26, 27, 28, 29, 30, 31
Valid weekdays: Saturday, Sunday
When: 23:30:00
Current Time: 2007-01-06 23:02:00
Valid Interval: 23:00:00-02:00:00
Valid days of month: 1, 2, 3, 4, 5, 6, 7, 8, 9, 10, 11, 12, 13, 14, 15, 16, 17, 18, 19, 20, 21, 22, 23, 24, 25, 26, 27, 28, 29, 30, 31
Valid weekdays: Saturday, Sunday
When: 23:30:00
Current Time: 2007-01-06 01:10:00
Valid Interval: 23:00:00-02:00:00
Valid days of month: 1, 2, 3, 4, 5, 6, 7, 8, 9, 10, 11, 12, 13, 14, 15, 16, 17, 18, 19, 20, 21, 22, 23, 24, 25, 26, 27, 28, 29, 30, 31
Valid weekdays: Saturday, Sunday
When: 23:30:00
Current Time: 2007-01-07 01:00:40
Valid Interval: 23:00:00-02:00:00
Valid days of month: 2
Valid weekdays: Saturday, Sunday
When: 23:30:00
Current Time: 2007-01-01 12:00:00
Valid Interval: 23:00:00-02:00:00
Valid days of month: 1, 2
Valid weekdays: Saturday, Sunday
When: 23:30:00
Current Time: 2007-01-05 23:30:00
Valid Interval: 23:00:00-02:00:00
Valid days of month: 1, 2
Valid weekdays: Saturday, Sunday
When: 23:30:00
Current Time: 2007-01-06 23:00:00</StdOut>
      </Output>
    </UnitTestResult>
    <UnitTestResult executionId="98a61919-97f3-4487-9884-76b75575c465" testId="6803ad7f-79ff-4c77-a4ac-c2c82882deed" testName="GetNextTimeToTrigger_AbsoluteTimer_ReturnsCorrectTime (Data Row 71)" computerName="ICSWS068" duration="00:00:00.0040397" startTime="2016-08-04T07:57:22.9151353+02:00" endTime="2016-08-04T07:57:22.9191382+02:00" testType="13cdc9d9-ddb5-4fa4-a97d-d965ccfc6d4b" outcome="Passed" testListId="8c84fa94-04c1-424b-9868-57a2d4851a1d" relativeResultsDirectory="98a61919-97f3-4487-9884-76b75575c465">
      <Output>
        <StdOut>TestContext Messages:
Valid Interval: 11:00:00-13:00:00
Valid days of month: 1, 2, 3, 4, 5, 6, 7, 8, 9, 10, 11, 12, 13, 14, 15, 16, 17, 18, 19, 20, 21, 22, 23, 24, 25, 26, 27, 28, 29, 30, 31
Valid weekdays: Monday, Tuesday, Wednesday, Thursday, Friday, Saturday, Sunday
When: 12:00:00
Current Time: 2011-01-01 00:00:00
Valid Interval: 11:00:00-13:00:00
Valid days of month: 1, 2, 3, 4, 5, 6, 7, 8, 9, 10, 11, 12, 13, 14, 15, 16, 17, 18, 19, 20, 21, 22, 23, 24, 25, 26, 27, 28, 29, 30, 31
Valid weekdays: Monday, Tuesday, Wednesday, Thursday, Friday, Saturday, Sunday
When: 12:00:00
Current Time: 2011-01-01 09:00:00
Valid Interval: 11:00:00-13:00:00
Valid days of month: 1, 2, 3, 4, 5, 6, 7, 8, 9, 10, 11, 12, 13, 14, 15, 16, 17, 18, 19, 20, 21, 22, 23, 24, 25, 26, 27, 28, 29, 30, 31
Valid weekdays: Monday, Tuesday, Wednesday, Thursday, Friday, Saturday, Sunday
When: 12:00:00
Current Time: 2011-01-01 11:00:00
Valid Interval: 11:00:00-13:00:00
Valid days of month: 1, 2, 3, 4, 5, 6, 7, 8, 9, 10, 11, 12, 13, 14, 15, 16, 17, 18, 19, 20, 21, 22, 23, 24, 25, 26, 27, 28, 29, 30, 31
Valid weekdays: Monday, Tuesday, Wednesday, Thursday, Friday, Saturday, Sunday
When: 12:00:00
Current Time: 2011-01-01 12:00:00
Valid Interval: 11:00:00-13:00:00
Valid days of month: 1, 2, 3, 4, 5, 6, 7, 8, 9, 10, 11, 12, 13, 14, 15, 16, 17, 18, 19, 20, 21, 22, 23, 24, 25, 26, 27, 28, 29, 30, 31
Valid weekdays: Monday, Tuesday, Wednesday, Thursday, Friday, Saturday, Sunday
When: 12:00:00
Current Time: 2011-01-01 12:30:00
Valid Interval: 11:00:00-13:00:00
Valid days of month: 1, 2, 3, 4, 5, 6, 7, 8, 9, 10, 11, 12, 13, 14, 15, 16, 17, 18, 19, 20, 21, 22, 23, 24, 25, 26, 27, 28, 29, 30, 31
Valid weekdays: Monday, Tuesday, Wednesday, Thursday, Friday, Saturday, Sunday
When: 12:00:00
Current Time: 2011-01-01 13:00:00
Valid Interval: 11:00:00-13:00:00
Valid days of month: 1, 2, 3, 4, 5, 6, 7, 8, 9, 10, 11, 12, 13, 14, 15, 16, 17, 18, 19, 20, 21, 22, 23, 24, 25, 26, 27, 28, 29, 30, 31
Valid weekdays: Monday, Tuesday, Wednesday, Thursday, Friday, Saturday, Sunday
When: 12:00:00
Current Time: 2011-01-02 00:00:00
Valid Interval: 11:00:00-13:00:00
Valid days of month: 1, 2, 3, 4, 5, 6, 7, 8, 9, 10, 11, 12, 13, 14, 15, 16, 17, 18, 19, 20, 21, 22, 23, 24, 25, 26, 27, 28, 29, 30, 31
Valid weekdays: Monday, Tuesday, Wednesday, Thursday, Friday, Saturday, Sunday
When: 12:00:00
Current Time: 2011-01-02 09:00:00
Valid Interval: 11:00:00-13:00:00
Valid days of month: 1, 2, 3, 4, 5, 6, 7, 8, 9, 10, 11, 12, 13, 14, 15, 16, 17, 18, 19, 20, 21, 22, 23, 24, 25, 26, 27, 28, 29, 30, 31
Valid weekdays: Monday, Tuesday, Wednesday, Thursday, Friday, Saturday, Sunday
When: 12:00:00
Current Time: 2011-01-02 12:00:00
Valid Interval: 11:00:00-13:00:00
Valid days of month: 1, 2, 3, 4, 5, 6, 7, 8, 9, 10, 11, 12, 13, 14, 15, 16, 17, 18, 19, 20, 21, 22, 23, 24, 25, 26, 27, 28, 29, 30, 31
Valid weekdays: Monday, Tuesday, Wednesday, Thursday, Friday, Saturday, Sunday
When: 12:00:00
Current Time: 2011-01-02 12:45:30
Valid Interval: 11:00:00-13:00:00
Valid days of month: 1, 2, 3, 4, 5, 6, 7, 8, 9, 10, 11, 12, 13, 14, 15, 16, 17, 18, 19, 20, 21, 22, 23, 24, 25, 26, 27, 28, 29, 30, 31
Valid weekdays: Monday, Tuesday, Wednesday, Thursday, Friday, Saturday, Sunday
When: 12:00:00
Current Time: 2011-01-02 13:00:00
Valid Interval: 11:00:00-13:00:00
Valid days of month: 1, 2, 3, 4, 5, 6, 7, 8, 9, 10, 11, 12, 13, 14, 15, 16, 17, 18, 19, 20, 21, 22, 23, 24, 25, 26, 27, 28, 29, 30, 31
Valid weekdays: Monday, Tuesday, Wednesday, Thursday, Friday, Saturday, Sunday
When: 12:00:00
Current Time: 2011-01-01 12:00:00
Valid Interval: 11:00:00-13:00:00
Valid days of month: 1, 2, 3, 4, 5, 6, 7, 8, 9, 10, 11, 12, 13, 14, 15, 16, 17, 18, 19, 20, 21, 22, 23, 24, 25, 26, 27, 28, 29, 30, 31
Valid weekdays: Monday, Tuesday, Wednesday, Thursday, Friday, Saturday, Sunday
When: 12:00:00
Current Time: 2011-01-01 12:30:00
Valid Interval: 11:00:00-13:00:00
Valid days of month: 1, 2, 3, 4, 5, 6, 7, 8, 9, 10, 11, 12, 13, 14, 15, 16, 17, 18, 19, 20, 21, 22, 23, 24, 25, 26, 27, 28, 29, 30, 31
Valid weekdays: Monday, Tuesday, Wednesday, Thursday, Friday, Saturday, Sunday
When: 12:00:00
Current Time: 2011-01-01 12:30:00
Valid Interval: 11:00:00-13:00:00
Valid days of month: 1, 2, 3, 4, 5, 6, 7, 8, 9, 10, 11, 12, 13, 14, 15, 16, 17, 18, 19, 20, 21, 22, 23, 24, 25, 26, 27, 28, 29, 30, 31
Valid weekdays: Monday, Tuesday, Wednesday, Thursday, Friday, Saturday, Sunday
When: 12:00:00
Current Time: 2011-01-01 13:00:00
Valid Interval: 11:00:00-13:00:00
Valid days of month: 1, 2, 3, 4, 5, 6, 7, 8, 9, 10, 11, 12, 13, 14, 15, 16, 17, 18, 19, 20, 21, 22, 23, 24, 25, 26, 27, 28, 29, 30, 31
Valid weekdays: Monday, Tuesday, Wednesday, Thursday, Friday, Saturday, Sunday
When: 12:00:00
Current Time: 2011-01-01 14:30:00
Valid Interval: 23:00:00-13:00:00
Valid days of month: 1, 2, 3, 4, 5, 6, 7, 8, 9, 10, 11, 12, 13, 14, 15, 16, 17, 18, 19, 20, 21, 22, 23, 24, 25, 26, 27, 28, 29, 30, 31
Valid weekdays: Monday, Tuesday, Wednesday, Thursday, Friday, Saturday, Sunday
When: 23:30:00
Current Time: 2011-01-01 16:00:00
Valid Interval: 23:00:00-13:00:00
Valid days of month: 1, 2, 3, 4, 5, 6, 7, 8, 9, 10, 11, 12, 13, 14, 15, 16, 17, 18, 19, 20, 21, 22, 23, 24, 25, 26, 27, 28, 29, 30, 31
Valid weekdays: Monday, Tuesday, Wednesday, Thursday, Friday, Saturday, Sunday
When: 23:30:00
Current Time: 2011-01-01 23:00:00
Valid Interval: 23:00:00-13:00:00
Valid days of month: 1, 2, 3, 4, 5, 6, 7, 8, 9, 10, 11, 12, 13, 14, 15, 16, 17, 18, 19, 20, 21, 22, 23, 24, 25, 26, 27, 28, 29, 30, 31
Valid weekdays: Monday, Tuesday, Wednesday, Thursday, Friday, Saturday, Sunday
When: 23:30:00
Current Time: 2011-01-01 23:30:00
Valid Interval: 23:00:00-13:00:00
Valid days of month: 1, 2, 3, 4, 5, 6, 7, 8, 9, 10, 11, 12, 13, 14, 15, 16, 17, 18, 19, 20, 21, 22, 23, 24, 25, 26, 27, 28, 29, 30, 31
Valid weekdays: Monday, Tuesday, Wednesday, Thursday, Friday, Saturday, Sunday
When: 23:30:00
Current Time: 2011-01-01 23:45:00
Valid Interval: 23:00:00-13:00:00
Valid days of month: 1, 2, 3, 4, 5, 6, 7, 8, 9, 10, 11, 12, 13, 14, 15, 16, 17, 18, 19, 20, 21, 22, 23, 24, 25, 26, 27, 28, 29, 30, 31
Valid weekdays: Monday, Tuesday, Wednesday, Thursday, Friday, Saturday, Sunday
When: 23:30:00
Current Time: 2011-01-02 00:30:00
Valid Interval: 23:00:00-13:00:00
Valid days of month: 1, 2, 3, 4, 5, 6, 7, 8, 9, 10, 11, 12, 13, 14, 15, 16, 17, 18, 19, 20, 21, 22, 23, 24, 25, 26, 27, 28, 29, 30, 31
Valid weekdays: Monday, Tuesday, Wednesday, Thursday, Friday, Saturday, Sunday
When: 23:30:00
Current Time: 2011-01-01 13:00:00
Valid Interval: 23:00:00-13:00:00
Valid days of month: 1, 2, 3, 4, 5, 6, 7, 8, 9, 10, 11, 12, 13, 14, 15, 16, 17, 18, 19, 20, 21, 22, 23, 24, 25, 26, 27, 28, 29, 30, 31
Valid weekdays: Monday, Tuesday, Wednesday, Thursday, Friday, Saturday, Sunday
When: 01:00:00
Current Time: 2011-01-01 16:00:00
Valid Interval: 23:00:00-13:00:00
Valid days of month: 1, 2, 3, 4, 5, 6, 7, 8, 9, 10, 11, 12, 13, 14, 15, 16, 17, 18, 19, 20, 21, 22, 23, 24, 25, 26, 27, 28, 29, 30, 31
Valid weekdays: Monday, Tuesday, Wednesday, Thursday, Friday, Saturday, Sunday
When: 01:00:00
Current Time: 2011-01-01 23:00:00
Valid Interval: 23:00:00-13:00:00
Valid days of month: 1, 2, 3, 4, 5, 6, 7, 8, 9, 10, 11, 12, 13, 14, 15, 16, 17, 18, 19, 20, 21, 22, 23, 24, 25, 26, 27, 28, 29, 30, 31
Valid weekdays: Monday, Tuesday, Wednesday, Thursday, Friday, Saturday, Sunday
When: 01:00:00
Current Time: 2011-01-01 23:30:00
Valid Interval: 23:00:00-13:00:00
Valid days of month: 1, 2, 3, 4, 5, 6, 7, 8, 9, 10, 11, 12, 13, 14, 15, 16, 17, 18, 19, 20, 21, 22, 23, 24, 25, 26, 27, 28, 29, 30, 31
Valid weekdays: Monday, Tuesday, Wednesday, Thursday, Friday, Saturday, Sunday
When: 01:00:00
Current Time: 2011-01-02 00:30:00
Valid Interval: 23:00:00-13:00:00
Valid days of month: 1, 2, 3, 4, 5, 6, 7, 8, 9, 10, 11, 12, 13, 14, 15, 16, 17, 18, 19, 20, 21, 22, 23, 24, 25, 26, 27, 28, 29, 30, 31
Valid weekdays: Monday, Tuesday, Wednesday, Thursday, Friday, Saturday, Sunday
When: 01:00:00
Current Time: 2011-01-01 02:00:00
Valid Interval: 23:00:00-13:00:00
Valid days of month: 1, 2, 3, 4, 5, 6, 7, 8, 9, 10, 11, 12, 13, 14, 15, 16, 17, 18, 19, 20, 21, 22, 23, 24, 25, 26, 27, 28, 29, 30, 31
Valid weekdays: Monday, Tuesday, Wednesday, Thursday, Friday, Saturday, Sunday
When: 01:00:00
Current Time: 2011-01-01 13:00:00
Valid Interval: 23:00:00-13:00:00
Valid days of month: 1, 2, 3, 4, 5, 6, 7, 8, 9, 10, 11, 12, 13, 14, 15, 16, 17, 18, 19, 20, 21, 22, 23, 24, 25, 26, 27, 28, 29, 30, 31
Valid weekdays: Monday, Tuesday, Wednesday, Thursday, Friday, Saturday, Sunday
When: 23:30:00
Current Time: 2011-01-01 16:00:00
Valid Interval: 23:00:00-13:00:00
Valid days of month: 1, 2, 3, 4, 5, 6, 7, 8, 9, 10, 11, 12, 13, 14, 15, 16, 17, 18, 19, 20, 21, 22, 23, 24, 25, 26, 27, 28, 29, 30, 31
Valid weekdays: Monday, Tuesday, Wednesday, Thursday, Friday, Saturday, Sunday
When: 23:30:00
Current Time: 2011-01-01 23:00:00
Valid Interval: 23:00:00-13:00:00
Valid days of month: 1, 2, 3, 4, 5, 6, 7, 8, 9, 10, 11, 12, 13, 14, 15, 16, 17, 18, 19, 20, 21, 22, 23, 24, 25, 26, 27, 28, 29, 30, 31
Valid weekdays: Monday, Tuesday, Wednesday, Thursday, Friday, Saturday, Sunday
When: 23:30:00
Current Time: 2011-01-01 23:30:00
Valid Interval: 23:00:00-13:00:00
Valid days of month: 1, 2, 3, 4, 5, 6, 7, 8, 9, 10, 11, 12, 13, 14, 15, 16, 17, 18, 19, 20, 21, 22, 23, 24, 25, 26, 27, 28, 29, 30, 31
Valid weekdays: Monday, Tuesday, Wednesday, Thursday, Friday, Saturday, Sunday
When: 23:30:00
Current Time: 2011-01-01 23:45:00
Valid Interval: 23:00:00-13:00:00
Valid days of month: 1, 2, 3, 4, 5, 6, 7, 8, 9, 10, 11, 12, 13, 14, 15, 16, 17, 18, 19, 20, 21, 22, 23, 24, 25, 26, 27, 28, 29, 30, 31
Valid weekdays: Monday, Tuesday, Wednesday, Thursday, Friday, Saturday, Sunday
When: 23:30:00
Current Time: 2011-01-02 00:30:00
Valid Interval: 23:00:00-13:00:00
Valid days of month: 1, 2, 3, 4, 5, 6, 7, 8, 9, 10, 11, 12, 13, 14, 15, 16, 17, 18, 19, 20, 21, 22, 23, 24, 25, 26, 27, 28, 29, 30, 31
Valid weekdays: Monday, Tuesday, Wednesday, Thursday, Friday, Saturday, Sunday
When: 23:30:00
Current Time: 2011-01-01 13:00:00
Valid Interval: 23:00:00-13:00:00
Valid days of month: 1, 2, 3, 4, 5, 6, 7, 8, 9, 10, 11, 12, 13, 14, 15, 16, 17, 18, 19, 20, 21, 22, 23, 24, 25, 26, 27, 28, 29, 30, 31
Valid weekdays: Monday, Tuesday, Wednesday, Thursday, Friday, Saturday, Sunday
When: 01:00:00
Current Time: 2011-01-01 16:00:00
Valid Interval: 23:00:00-13:00:00
Valid days of month: 1, 2, 3, 4, 5, 6, 7, 8, 9, 10, 11, 12, 13, 14, 15, 16, 17, 18, 19, 20, 21, 22, 23, 24, 25, 26, 27, 28, 29, 30, 31
Valid weekdays: Monday, Tuesday, Wednesday, Thursday, Friday, Saturday, Sunday
When: 01:00:00
Current Time: 2011-01-01 23:00:00
Valid Interval: 23:00:00-13:00:00
Valid days of month: 1, 2, 3, 4, 5, 6, 7, 8, 9, 10, 11, 12, 13, 14, 15, 16, 17, 18, 19, 20, 21, 22, 23, 24, 25, 26, 27, 28, 29, 30, 31
Valid weekdays: Monday, Tuesday, Wednesday, Thursday, Friday, Saturday, Sunday
When: 01:00:00
Current Time: 2011-01-01 23:30:00
Valid Interval: 23:00:00-13:00:00
Valid days of month: 1, 2, 3, 4, 5, 6, 7, 8, 9, 10, 11, 12, 13, 14, 15, 16, 17, 18, 19, 20, 21, 22, 23, 24, 25, 26, 27, 28, 29, 30, 31
Valid weekdays: Monday, Tuesday, Wednesday, Thursday, Friday, Saturday, Sunday
When: 01:00:00
Current Time: 2011-01-02 00:30:00
Valid Interval: 23:00:00-13:00:00
Valid days of month: 1, 2, 3, 4, 5, 6, 7, 8, 9, 10, 11, 12, 13, 14, 15, 16, 17, 18, 19, 20, 21, 22, 23, 24, 25, 26, 27, 28, 29, 30, 31
Valid weekdays: Monday, Tuesday, Wednesday, Thursday, Friday, Saturday, Sunday
When: 01:00:00
Current Time: 2011-01-02 02:00:00
Valid Interval: 23:00:00-13:00:00
Valid days of month: 1, 2, 3, 4, 5, 6, 7, 8, 9, 10, 11, 12, 13, 14, 15, 16, 17, 18, 19, 20, 21, 22, 23, 24, 25, 26, 27, 28, 29, 30, 31
Valid weekdays: Monday, Tuesday, Wednesday, Thursday, Friday, Saturday, Sunday
When: 01:00:00
Current Time: 2011-01-02 13:00:00
Valid Interval: 23:00:00-13:00:00
Valid days of month: 1, 2, 3, 4, 5, 6, 7, 8, 9, 10, 11, 12, 13, 14, 15, 16, 17, 18, 19, 20, 21, 22, 23, 24, 25, 26, 27, 28, 29, 30, 31
Valid weekdays: Monday, Tuesday, Wednesday, Thursday, Friday, Saturday, Sunday
When: 23:30:00
Current Time: 2011-01-01 23:30:05
Valid Interval: 23:00:00-13:00:00
Valid days of month: 1, 2, 3, 4, 5, 6, 7, 8, 9, 10, 11, 12, 13, 14, 15, 16, 17, 18, 19, 20, 21, 22, 23, 24, 25, 26, 27, 28, 29, 30, 31
Valid weekdays: Monday, Tuesday, Wednesday, Thursday, Friday, Saturday, Sunday
When: 23:30:00
Current Time: 2011-01-02 00:30:00
Valid Interval: 23:00:00-13:00:00
Valid days of month: 1, 2, 3, 4, 5, 6, 7, 8, 9, 10, 11, 12, 13, 14, 15, 16, 17, 18, 19, 20, 21, 22, 23, 24, 25, 26, 27, 28, 29, 30, 31
Valid weekdays: Monday, Tuesday, Wednesday, Thursday, Friday, Saturday, Sunday
When: 23:30:00
Current Time: 2011-01-02 13:00:00
Valid Interval: 23:00:00-13:00:00
Valid days of month: 1, 2, 3, 4, 5, 6, 7, 8, 9, 10, 11, 12, 13, 14, 15, 16, 17, 18, 19, 20, 21, 22, 23, 24, 25, 26, 27, 28, 29, 30, 31
Valid weekdays: Monday, Tuesday, Wednesday, Thursday, Friday, Saturday, Sunday
When: 01:00:00
Current Time: 2011-01-01 02:00:00
Valid Interval: 23:00:00-13:00:00
Valid days of month: 1, 2, 3, 4, 5, 6, 7, 8, 9, 10, 11, 12, 13, 14, 15, 16, 17, 18, 19, 20, 21, 22, 23, 24, 25, 26, 27, 28, 29, 30, 31
Valid weekdays: Monday, Tuesday, Wednesday, Thursday, Friday, Saturday, Sunday
When: 01:00:00
Current Time: 2011-01-02 02:00:00
Valid Interval: 13:00:00-16:00:00
Valid days of month: 1, 2, 3, 4, 5, 6, 7, 8, 9, 10, 11, 12, 13, 14, 15, 16, 17, 18, 19, 20, 21, 22, 23, 24, 25, 26, 27, 28, 29, 30, 31
Valid weekdays: Saturday, Sunday
When: 14:00:00
Current Time: 2007-01-01 12:00:00
Valid Interval: 13:00:00-16:00:00
Valid days of month: 1, 2, 3, 4, 5, 6, 7, 8, 9, 10, 11, 12, 13, 14, 15, 16, 17, 18, 19, 20, 21, 22, 23, 24, 25, 26, 27, 28, 29, 30, 31
Valid weekdays: Saturday, Sunday
When: 14:00:00
Current Time: 2007-01-02 13:30:00
Valid Interval: 13:00:00-16:00:00
Valid days of month: 1, 2, 3, 4, 5, 6, 7, 8, 9, 10, 11, 12, 13, 14, 15, 16, 17, 18, 19, 20, 21, 22, 23, 24, 25, 26, 27, 28, 29, 30, 31
Valid weekdays: Saturday, Sunday
When: 14:00:00
Current Time: 2007-01-06 13:30:00
Valid Interval: 13:00:00-16:00:00
Valid days of month: 1, 2, 3, 4, 5, 6, 7, 8, 9, 10, 11, 12, 13, 14, 15, 16, 17, 18, 19, 20, 21, 22, 23, 24, 25, 26, 27, 28, 29, 30, 31
Valid weekdays: Saturday, Sunday
When: 14:00:00
Current Time: 2007-01-06 14:30:00
Valid Interval: 13:00:00-16:00:00
Valid days of month: 1, 2, 3, 4, 5, 6, 7, 8, 9, 10, 11, 12, 13, 14, 15, 16, 17, 18, 19, 20, 21, 22, 23, 24, 25, 26, 27, 28, 29, 30, 31
Valid weekdays: Saturday, Sunday
When: 14:00:00
Current Time: 2007-01-06 16:30:00
Valid Interval: 13:00:00-16:00:00
Valid days of month: 1, 2, 3, 4, 5, 6, 7, 8, 9, 10, 11, 12, 13, 14, 15, 16, 17, 18, 19, 20, 21, 22, 23, 24, 25, 26, 27, 28, 29, 30, 31
Valid weekdays: Saturday, Sunday
When: 14:00:00
Current Time: 2007-01-07 16:00:00
Valid Interval: 23:00:00-02:00:00
Valid days of month: 1, 2, 3, 4, 5, 6, 7, 8, 9, 10, 11, 12, 13, 14, 15, 16, 17, 18, 19, 20, 21, 22, 23, 24, 25, 26, 27, 28, 29, 30, 31
Valid weekdays: Saturday, Sunday
When: 01:00:00
Current Time: 2007-01-01 12:00:00
Valid Interval: 23:00:00-02:00:00
Valid days of month: 1, 2, 3, 4, 5, 6, 7, 8, 9, 10, 11, 12, 13, 14, 15, 16, 17, 18, 19, 20, 21, 22, 23, 24, 25, 26, 27, 28, 29, 30, 31
Valid weekdays: Saturday, Sunday
When: 01:00:00
Current Time: 2007-01-02 01:00:00
Valid Interval: 23:00:00-02:00:00
Valid days of month: 1, 2, 3, 4, 5, 6, 7, 8, 9, 10, 11, 12, 13, 14, 15, 16, 17, 18, 19, 20, 21, 22, 23, 24, 25, 26, 27, 28, 29, 30, 31
Valid weekdays: Saturday, Sunday
When: 01:00:00
Current Time: 2007-01-06 00:30:00
Valid Interval: 23:00:00-02:00:00
Valid days of month: 1, 2, 3, 4, 5, 6, 7, 8, 9, 10, 11, 12, 13, 14, 15, 16, 17, 18, 19, 20, 21, 22, 23, 24, 25, 26, 27, 28, 29, 30, 31
Valid weekdays: Saturday, Sunday
When: 01:00:00
Current Time: 2007-01-06 01:30:00
Valid Interval: 23:00:00-02:00:00
Valid days of month: 1, 2, 3, 4, 5, 6, 7, 8, 9, 10, 11, 12, 13, 14, 15, 16, 17, 18, 19, 20, 21, 22, 23, 24, 25, 26, 27, 28, 29, 30, 31
Valid weekdays: Saturday, Sunday
When: 01:00:00
Current Time: 2007-01-06 02:30:00
Valid Interval: 23:00:00-02:00:00
Valid days of month: 1, 2, 3, 4, 5, 6, 7, 8, 9, 10, 11, 12, 13, 14, 15, 16, 17, 18, 19, 20, 21, 22, 23, 24, 25, 26, 27, 28, 29, 30, 31
Valid weekdays: Saturday, Sunday
When: 01:00:00
Current Time: 2007-01-07 02:00:00
Valid Interval: 23:00:00-02:00:00
Valid days of month: 1, 2, 3, 4, 5, 6, 7, 8, 9, 10, 11, 12, 13, 14, 15, 16, 17, 18, 19, 20, 21, 22, 23, 24, 25, 26, 27, 28, 29, 30, 31
Valid weekdays: Saturday, Sunday
When: 23:30:00
Current Time: 2007-01-01 12:00:00
Valid Interval: 23:00:00-02:00:00
Valid days of month: 1, 2, 3, 4, 5, 6, 7, 8, 9, 10, 11, 12, 13, 14, 15, 16, 17, 18, 19, 20, 21, 22, 23, 24, 25, 26, 27, 28, 29, 30, 31
Valid weekdays: Saturday, Sunday
When: 23:30:00
Current Time: 2007-01-05 23:30:00
Valid Interval: 23:00:00-02:00:00
Valid days of month: 1, 2, 3, 4, 5, 6, 7, 8, 9, 10, 11, 12, 13, 14, 15, 16, 17, 18, 19, 20, 21, 22, 23, 24, 25, 26, 27, 28, 29, 30, 31
Valid weekdays: Saturday, Sunday
When: 23:30:00
Current Time: 2007-01-06 23:00:00
Valid Interval: 23:00:00-02:00:00
Valid days of month: 1, 2, 3, 4, 5, 6, 7, 8, 9, 10, 11, 12, 13, 14, 15, 16, 17, 18, 19, 20, 21, 22, 23, 24, 25, 26, 27, 28, 29, 30, 31
Valid weekdays: Saturday, Sunday
When: 23:30:00
Current Time: 2007-01-06 02:00:00
Valid Interval: 23:00:00-02:00:00
Valid days of month: 1, 2, 3, 4, 5, 6, 7, 8, 9, 10, 11, 12, 13, 14, 15, 16, 17, 18, 19, 20, 21, 22, 23, 24, 25, 26, 27, 28, 29, 30, 31
Valid weekdays: Saturday, Sunday
When: 23:30:00
Current Time: 2007-01-07 23:40:00
Valid Interval: 23:00:00-02:00:00
Valid days of month: 1, 2, 3, 4, 5, 6, 7, 8, 9, 10, 11, 12, 13, 14, 15, 16, 17, 18, 19, 20, 21, 22, 23, 24, 25, 26, 27, 28, 29, 30, 31
Valid weekdays: Saturday, Sunday
When: 23:30:00
Current Time: 2007-01-07 01:00:00
Valid Interval: 13:00:00-16:00:00
Valid days of month: 1, 2, 3, 4, 5, 6, 7, 8, 9, 10, 11, 12, 13, 14, 15, 16, 17, 18, 19, 20, 21, 22, 23, 24, 25, 26, 27, 28, 29, 30, 31
Valid weekdays: Saturday, Sunday
When: 14:00:00
Current Time: 2007-01-01 12:00:00
Valid Interval: 13:00:00-16:00:00
Valid days of month: 1, 2, 3, 4, 5, 6, 7, 8, 9, 10, 11, 12, 13, 14, 15, 16, 17, 18, 19, 20, 21, 22, 23, 24, 25, 26, 27, 28, 29, 30, 31
Valid weekdays: Saturday, Sunday
When: 14:00:00
Current Time: 2007-01-02 13:30:00
Valid Interval: 13:00:00-16:00:00
Valid days of month: 1, 2, 3, 4, 5, 6, 7, 8, 9, 10, 11, 12, 13, 14, 15, 16, 17, 18, 19, 20, 21, 22, 23, 24, 25, 26, 27, 28, 29, 30, 31
Valid weekdays: Saturday, Sunday
When: 14:00:00
Current Time: 2007-01-06 13:30:00
Valid Interval: 13:00:00-16:00:00
Valid days of month: 1, 2, 3, 4, 5, 6, 7, 8, 9, 10, 11, 12, 13, 14, 15, 16, 17, 18, 19, 20, 21, 22, 23, 24, 25, 26, 27, 28, 29, 30, 31
Valid weekdays: Saturday, Sunday
When: 14:00:00
Current Time: 2007-01-06 14:30:00
Valid Interval: 13:00:00-16:00:00
Valid days of month: 1, 2, 3, 4, 5, 6, 7, 8, 9, 10, 11, 12, 13, 14, 15, 16, 17, 18, 19, 20, 21, 22, 23, 24, 25, 26, 27, 28, 29, 30, 31
Valid weekdays: Saturday, Sunday
When: 14:00:00
Current Time: 2007-01-06 16:30:00
Valid Interval: 13:00:00-16:00:00
Valid days of month: 1, 2, 3, 4, 5, 6, 7, 8, 9, 10, 11, 12, 13, 14, 15, 16, 17, 18, 19, 20, 21, 22, 23, 24, 25, 26, 27, 28, 29, 30, 31
Valid weekdays: Saturday, Sunday
When: 14:00:00
Current Time: 2007-01-07 16:00:00
Valid Interval: 23:00:00-02:00:00
Valid days of month: 1, 2, 3, 4, 5, 6, 7, 8, 9, 10, 11, 12, 13, 14, 15, 16, 17, 18, 19, 20, 21, 22, 23, 24, 25, 26, 27, 28, 29, 30, 31
Valid weekdays: Saturday, Sunday
When: 01:00:00
Current Time: 2007-01-01 12:00:00
Valid Interval: 23:00:00-02:00:00
Valid days of month: 1, 2, 3, 4, 5, 6, 7, 8, 9, 10, 11, 12, 13, 14, 15, 16, 17, 18, 19, 20, 21, 22, 23, 24, 25, 26, 27, 28, 29, 30, 31
Valid weekdays: Saturday, Sunday
When: 01:00:00
Current Time: 2007-01-02 01:00:00
Valid Interval: 23:00:00-02:00:00
Valid days of month: 1, 2, 3, 4, 5, 6, 7, 8, 9, 10, 11, 12, 13, 14, 15, 16, 17, 18, 19, 20, 21, 22, 23, 24, 25, 26, 27, 28, 29, 30, 31
Valid weekdays: Saturday, Sunday
When: 01:00:00
Current Time: 2007-01-06 00:30:00
Valid Interval: 23:00:00-02:00:00
Valid days of month: 1, 2, 3, 4, 5, 6, 7, 8, 9, 10, 11, 12, 13, 14, 15, 16, 17, 18, 19, 20, 21, 22, 23, 24, 25, 26, 27, 28, 29, 30, 31
Valid weekdays: Saturday, Sunday
When: 01:00:00
Current Time: 2007-01-06 02:30:00
Valid Interval: 23:00:00-02:00:00
Valid days of month: 1, 2, 3, 4, 5, 6, 7, 8, 9, 10, 11, 12, 13, 14, 15, 16, 17, 18, 19, 20, 21, 22, 23, 24, 25, 26, 27, 28, 29, 30, 31
Valid weekdays: Saturday, Sunday
When: 23:30:00
Current Time: 2007-01-01 12:00:00
Valid Interval: 23:00:00-02:00:00
Valid days of month: 1, 2, 3, 4, 5, 6, 7, 8, 9, 10, 11, 12, 13, 14, 15, 16, 17, 18, 19, 20, 21, 22, 23, 24, 25, 26, 27, 28, 29, 30, 31
Valid weekdays: Saturday, Sunday
When: 23:30:00
Current Time: 2007-01-05 23:30:00
Valid Interval: 23:00:00-02:00:00
Valid days of month: 1, 2, 3, 4, 5, 6, 7, 8, 9, 10, 11, 12, 13, 14, 15, 16, 17, 18, 19, 20, 21, 22, 23, 24, 25, 26, 27, 28, 29, 30, 31
Valid weekdays: Saturday, Sunday
When: 23:30:00
Current Time: 2007-01-06 23:00:00
Valid Interval: 23:00:00-02:00:00
Valid days of month: 1, 2, 3, 4, 5, 6, 7, 8, 9, 10, 11, 12, 13, 14, 15, 16, 17, 18, 19, 20, 21, 22, 23, 24, 25, 26, 27, 28, 29, 30, 31
Valid weekdays: Saturday, Sunday
When: 23:30:00
Current Time: 2007-01-06 02:00:00
Valid Interval: 23:00:00-02:00:00
Valid days of month: 1, 2, 3, 4, 5, 6, 7, 8, 9, 10, 11, 12, 13, 14, 15, 16, 17, 18, 19, 20, 21, 22, 23, 24, 25, 26, 27, 28, 29, 30, 31
Valid weekdays: Saturday, Sunday
When: 23:30:00
Current Time: 2007-01-07 23:40:00
Valid Interval: 23:00:00-02:00:00
Valid days of month: 1, 2, 3, 4, 5, 6, 7, 8, 9, 10, 11, 12, 13, 14, 15, 16, 17, 18, 19, 20, 21, 22, 23, 24, 25, 26, 27, 28, 29, 30, 31
Valid weekdays: Saturday, Sunday
When: 23:30:00
Current Time: 2007-01-07 01:00:00
Valid Interval: 13:00:00-16:00:00
Valid days of month: 1, 2, 3, 4, 5, 6, 7, 8, 9, 10, 11, 12, 13, 14, 15, 16, 17, 18, 19, 20, 21, 22, 23, 24, 25, 26, 27, 28, 29, 30, 31
Valid weekdays: Saturday, Sunday
When: 14:00:00
Current Time: 2007-01-06 14:30:00
Valid Interval: 13:00:00-16:00:00
Valid days of month: 1, 2, 3, 4, 5, 6, 7, 8, 9, 10, 11, 12, 13, 14, 15, 16, 17, 18, 19, 20, 21, 22, 23, 24, 25, 26, 27, 28, 29, 30, 31
Valid weekdays: Saturday, Sunday
When: 14:00:00
Current Time: 2007-01-07 15:00:00
Valid Interval: 23:00:00-02:00:00
Valid days of month: 1, 2, 3, 4, 5, 6, 7, 8, 9, 10, 11, 12, 13, 14, 15, 16, 17, 18, 19, 20, 21, 22, 23, 24, 25, 26, 27, 28, 29, 30, 31
Valid weekdays: Saturday, Sunday
When: 01:00:00
Current Time: 2007-01-06 01:30:00
Valid Interval: 23:00:00-02:00:00
Valid days of month: 1, 2, 3, 4, 5, 6, 7, 8, 9, 10, 11, 12, 13, 14, 15, 16, 17, 18, 19, 20, 21, 22, 23, 24, 25, 26, 27, 28, 29, 30, 31
Valid weekdays: Saturday, Sunday
When: 01:00:00
Current Time: 2007-01-07 01:30:00
Valid Interval: 23:00:00-02:00:00
Valid days of month: 1, 2, 3, 4, 5, 6, 7, 8, 9, 10, 11, 12, 13, 14, 15, 16, 17, 18, 19, 20, 21, 22, 23, 24, 25, 26, 27, 28, 29, 30, 31
Valid weekdays: Saturday, Sunday
When: 23:30:00
Current Time: 2007-01-06 23:02:00
Valid Interval: 23:00:00-02:00:00
Valid days of month: 1, 2, 3, 4, 5, 6, 7, 8, 9, 10, 11, 12, 13, 14, 15, 16, 17, 18, 19, 20, 21, 22, 23, 24, 25, 26, 27, 28, 29, 30, 31
Valid weekdays: Saturday, Sunday
When: 23:30:00
Current Time: 2007-01-06 01:10:00
Valid Interval: 23:00:00-02:00:00
Valid days of month: 1, 2, 3, 4, 5, 6, 7, 8, 9, 10, 11, 12, 13, 14, 15, 16, 17, 18, 19, 20, 21, 22, 23, 24, 25, 26, 27, 28, 29, 30, 31
Valid weekdays: Saturday, Sunday
When: 23:30:00
Current Time: 2007-01-07 01:00:40
Valid Interval: 23:00:00-02:00:00
Valid days of month: 2
Valid weekdays: Saturday, Sunday
When: 23:30:00
Current Time: 2007-01-01 12:00:00
Valid Interval: 23:00:00-02:00:00
Valid days of month: 1, 2
Valid weekdays: Saturday, Sunday
When: 23:30:00
Current Time: 2007-01-05 23:30:00
Valid Interval: 23:00:00-02:00:00
Valid days of month: 1, 2
Valid weekdays: Saturday, Sunday
When: 23:30:00
Current Time: 2007-01-06 23:00:00</StdOut>
      </Output>
    </UnitTestResult>
    <UnitTestResult executionId="a372acf3-1122-4071-85a3-b5c80ca0d138" testId="52a1b219-b71a-426f-95c2-a756e79284bd" testName="GetNextTimeToTrigger_AbsoluteTimer_ReturnsCorrectTime (Data Row 72)" computerName="ICSWS068" duration="00:00:00.0035257" startTime="2016-08-04T07:57:22.9191382+02:00" endTime="2016-08-04T07:57:22.9216566+02:00" testType="13cdc9d9-ddb5-4fa4-a97d-d965ccfc6d4b" outcome="Passed" testListId="8c84fa94-04c1-424b-9868-57a2d4851a1d" relativeResultsDirectory="a372acf3-1122-4071-85a3-b5c80ca0d138">
      <Output>
        <StdOut>TestContext Messages:
Valid Interval: 11:00:00-13:00:00
Valid days of month: 1, 2, 3, 4, 5, 6, 7, 8, 9, 10, 11, 12, 13, 14, 15, 16, 17, 18, 19, 20, 21, 22, 23, 24, 25, 26, 27, 28, 29, 30, 31
Valid weekdays: Monday, Tuesday, Wednesday, Thursday, Friday, Saturday, Sunday
When: 12:00:00
Current Time: 2011-01-01 00:00:00
Valid Interval: 11:00:00-13:00:00
Valid days of month: 1, 2, 3, 4, 5, 6, 7, 8, 9, 10, 11, 12, 13, 14, 15, 16, 17, 18, 19, 20, 21, 22, 23, 24, 25, 26, 27, 28, 29, 30, 31
Valid weekdays: Monday, Tuesday, Wednesday, Thursday, Friday, Saturday, Sunday
When: 12:00:00
Current Time: 2011-01-01 09:00:00
Valid Interval: 11:00:00-13:00:00
Valid days of month: 1, 2, 3, 4, 5, 6, 7, 8, 9, 10, 11, 12, 13, 14, 15, 16, 17, 18, 19, 20, 21, 22, 23, 24, 25, 26, 27, 28, 29, 30, 31
Valid weekdays: Monday, Tuesday, Wednesday, Thursday, Friday, Saturday, Sunday
When: 12:00:00
Current Time: 2011-01-01 11:00:00
Valid Interval: 11:00:00-13:00:00
Valid days of month: 1, 2, 3, 4, 5, 6, 7, 8, 9, 10, 11, 12, 13, 14, 15, 16, 17, 18, 19, 20, 21, 22, 23, 24, 25, 26, 27, 28, 29, 30, 31
Valid weekdays: Monday, Tuesday, Wednesday, Thursday, Friday, Saturday, Sunday
When: 12:00:00
Current Time: 2011-01-01 12:00:00
Valid Interval: 11:00:00-13:00:00
Valid days of month: 1, 2, 3, 4, 5, 6, 7, 8, 9, 10, 11, 12, 13, 14, 15, 16, 17, 18, 19, 20, 21, 22, 23, 24, 25, 26, 27, 28, 29, 30, 31
Valid weekdays: Monday, Tuesday, Wednesday, Thursday, Friday, Saturday, Sunday
When: 12:00:00
Current Time: 2011-01-01 12:30:00
Valid Interval: 11:00:00-13:00:00
Valid days of month: 1, 2, 3, 4, 5, 6, 7, 8, 9, 10, 11, 12, 13, 14, 15, 16, 17, 18, 19, 20, 21, 22, 23, 24, 25, 26, 27, 28, 29, 30, 31
Valid weekdays: Monday, Tuesday, Wednesday, Thursday, Friday, Saturday, Sunday
When: 12:00:00
Current Time: 2011-01-01 13:00:00
Valid Interval: 11:00:00-13:00:00
Valid days of month: 1, 2, 3, 4, 5, 6, 7, 8, 9, 10, 11, 12, 13, 14, 15, 16, 17, 18, 19, 20, 21, 22, 23, 24, 25, 26, 27, 28, 29, 30, 31
Valid weekdays: Monday, Tuesday, Wednesday, Thursday, Friday, Saturday, Sunday
When: 12:00:00
Current Time: 2011-01-02 00:00:00
Valid Interval: 11:00:00-13:00:00
Valid days of month: 1, 2, 3, 4, 5, 6, 7, 8, 9, 10, 11, 12, 13, 14, 15, 16, 17, 18, 19, 20, 21, 22, 23, 24, 25, 26, 27, 28, 29, 30, 31
Valid weekdays: Monday, Tuesday, Wednesday, Thursday, Friday, Saturday, Sunday
When: 12:00:00
Current Time: 2011-01-02 09:00:00
Valid Interval: 11:00:00-13:00:00
Valid days of month: 1, 2, 3, 4, 5, 6, 7, 8, 9, 10, 11, 12, 13, 14, 15, 16, 17, 18, 19, 20, 21, 22, 23, 24, 25, 26, 27, 28, 29, 30, 31
Valid weekdays: Monday, Tuesday, Wednesday, Thursday, Friday, Saturday, Sunday
When: 12:00:00
Current Time: 2011-01-02 12:00:00
Valid Interval: 11:00:00-13:00:00
Valid days of month: 1, 2, 3, 4, 5, 6, 7, 8, 9, 10, 11, 12, 13, 14, 15, 16, 17, 18, 19, 20, 21, 22, 23, 24, 25, 26, 27, 28, 29, 30, 31
Valid weekdays: Monday, Tuesday, Wednesday, Thursday, Friday, Saturday, Sunday
When: 12:00:00
Current Time: 2011-01-02 12:45:30
Valid Interval: 11:00:00-13:00:00
Valid days of month: 1, 2, 3, 4, 5, 6, 7, 8, 9, 10, 11, 12, 13, 14, 15, 16, 17, 18, 19, 20, 21, 22, 23, 24, 25, 26, 27, 28, 29, 30, 31
Valid weekdays: Monday, Tuesday, Wednesday, Thursday, Friday, Saturday, Sunday
When: 12:00:00
Current Time: 2011-01-02 13:00:00
Valid Interval: 11:00:00-13:00:00
Valid days of month: 1, 2, 3, 4, 5, 6, 7, 8, 9, 10, 11, 12, 13, 14, 15, 16, 17, 18, 19, 20, 21, 22, 23, 24, 25, 26, 27, 28, 29, 30, 31
Valid weekdays: Monday, Tuesday, Wednesday, Thursday, Friday, Saturday, Sunday
When: 12:00:00
Current Time: 2011-01-01 12:00:00
Valid Interval: 11:00:00-13:00:00
Valid days of month: 1, 2, 3, 4, 5, 6, 7, 8, 9, 10, 11, 12, 13, 14, 15, 16, 17, 18, 19, 20, 21, 22, 23, 24, 25, 26, 27, 28, 29, 30, 31
Valid weekdays: Monday, Tuesday, Wednesday, Thursday, Friday, Saturday, Sunday
When: 12:00:00
Current Time: 2011-01-01 12:30:00
Valid Interval: 11:00:00-13:00:00
Valid days of month: 1, 2, 3, 4, 5, 6, 7, 8, 9, 10, 11, 12, 13, 14, 15, 16, 17, 18, 19, 20, 21, 22, 23, 24, 25, 26, 27, 28, 29, 30, 31
Valid weekdays: Monday, Tuesday, Wednesday, Thursday, Friday, Saturday, Sunday
When: 12:00:00
Current Time: 2011-01-01 12:30:00
Valid Interval: 11:00:00-13:00:00
Valid days of month: 1, 2, 3, 4, 5, 6, 7, 8, 9, 10, 11, 12, 13, 14, 15, 16, 17, 18, 19, 20, 21, 22, 23, 24, 25, 26, 27, 28, 29, 30, 31
Valid weekdays: Monday, Tuesday, Wednesday, Thursday, Friday, Saturday, Sunday
When: 12:00:00
Current Time: 2011-01-01 13:00:00
Valid Interval: 11:00:00-13:00:00
Valid days of month: 1, 2, 3, 4, 5, 6, 7, 8, 9, 10, 11, 12, 13, 14, 15, 16, 17, 18, 19, 20, 21, 22, 23, 24, 25, 26, 27, 28, 29, 30, 31
Valid weekdays: Monday, Tuesday, Wednesday, Thursday, Friday, Saturday, Sunday
When: 12:00:00
Current Time: 2011-01-01 14:30:00
Valid Interval: 23:00:00-13:00:00
Valid days of month: 1, 2, 3, 4, 5, 6, 7, 8, 9, 10, 11, 12, 13, 14, 15, 16, 17, 18, 19, 20, 21, 22, 23, 24, 25, 26, 27, 28, 29, 30, 31
Valid weekdays: Monday, Tuesday, Wednesday, Thursday, Friday, Saturday, Sunday
When: 23:30:00
Current Time: 2011-01-01 16:00:00
Valid Interval: 23:00:00-13:00:00
Valid days of month: 1, 2, 3, 4, 5, 6, 7, 8, 9, 10, 11, 12, 13, 14, 15, 16, 17, 18, 19, 20, 21, 22, 23, 24, 25, 26, 27, 28, 29, 30, 31
Valid weekdays: Monday, Tuesday, Wednesday, Thursday, Friday, Saturday, Sunday
When: 23:30:00
Current Time: 2011-01-01 23:00:00
Valid Interval: 23:00:00-13:00:00
Valid days of month: 1, 2, 3, 4, 5, 6, 7, 8, 9, 10, 11, 12, 13, 14, 15, 16, 17, 18, 19, 20, 21, 22, 23, 24, 25, 26, 27, 28, 29, 30, 31
Valid weekdays: Monday, Tuesday, Wednesday, Thursday, Friday, Saturday, Sunday
When: 23:30:00
Current Time: 2011-01-01 23:30:00
Valid Interval: 23:00:00-13:00:00
Valid days of month: 1, 2, 3, 4, 5, 6, 7, 8, 9, 10, 11, 12, 13, 14, 15, 16, 17, 18, 19, 20, 21, 22, 23, 24, 25, 26, 27, 28, 29, 30, 31
Valid weekdays: Monday, Tuesday, Wednesday, Thursday, Friday, Saturday, Sunday
When: 23:30:00
Current Time: 2011-01-01 23:45:00
Valid Interval: 23:00:00-13:00:00
Valid days of month: 1, 2, 3, 4, 5, 6, 7, 8, 9, 10, 11, 12, 13, 14, 15, 16, 17, 18, 19, 20, 21, 22, 23, 24, 25, 26, 27, 28, 29, 30, 31
Valid weekdays: Monday, Tuesday, Wednesday, Thursday, Friday, Saturday, Sunday
When: 23:30:00
Current Time: 2011-01-02 00:30:00
Valid Interval: 23:00:00-13:00:00
Valid days of month: 1, 2, 3, 4, 5, 6, 7, 8, 9, 10, 11, 12, 13, 14, 15, 16, 17, 18, 19, 20, 21, 22, 23, 24, 25, 26, 27, 28, 29, 30, 31
Valid weekdays: Monday, Tuesday, Wednesday, Thursday, Friday, Saturday, Sunday
When: 23:30:00
Current Time: 2011-01-01 13:00:00
Valid Interval: 23:00:00-13:00:00
Valid days of month: 1, 2, 3, 4, 5, 6, 7, 8, 9, 10, 11, 12, 13, 14, 15, 16, 17, 18, 19, 20, 21, 22, 23, 24, 25, 26, 27, 28, 29, 30, 31
Valid weekdays: Monday, Tuesday, Wednesday, Thursday, Friday, Saturday, Sunday
When: 01:00:00
Current Time: 2011-01-01 16:00:00
Valid Interval: 23:00:00-13:00:00
Valid days of month: 1, 2, 3, 4, 5, 6, 7, 8, 9, 10, 11, 12, 13, 14, 15, 16, 17, 18, 19, 20, 21, 22, 23, 24, 25, 26, 27, 28, 29, 30, 31
Valid weekdays: Monday, Tuesday, Wednesday, Thursday, Friday, Saturday, Sunday
When: 01:00:00
Current Time: 2011-01-01 23:00:00
Valid Interval: 23:00:00-13:00:00
Valid days of month: 1, 2, 3, 4, 5, 6, 7, 8, 9, 10, 11, 12, 13, 14, 15, 16, 17, 18, 19, 20, 21, 22, 23, 24, 25, 26, 27, 28, 29, 30, 31
Valid weekdays: Monday, Tuesday, Wednesday, Thursday, Friday, Saturday, Sunday
When: 01:00:00
Current Time: 2011-01-01 23:30:00
Valid Interval: 23:00:00-13:00:00
Valid days of month: 1, 2, 3, 4, 5, 6, 7, 8, 9, 10, 11, 12, 13, 14, 15, 16, 17, 18, 19, 20, 21, 22, 23, 24, 25, 26, 27, 28, 29, 30, 31
Valid weekdays: Monday, Tuesday, Wednesday, Thursday, Friday, Saturday, Sunday
When: 01:00:00
Current Time: 2011-01-02 00:30:00
Valid Interval: 23:00:00-13:00:00
Valid days of month: 1, 2, 3, 4, 5, 6, 7, 8, 9, 10, 11, 12, 13, 14, 15, 16, 17, 18, 19, 20, 21, 22, 23, 24, 25, 26, 27, 28, 29, 30, 31
Valid weekdays: Monday, Tuesday, Wednesday, Thursday, Friday, Saturday, Sunday
When: 01:00:00
Current Time: 2011-01-01 02:00:00
Valid Interval: 23:00:00-13:00:00
Valid days of month: 1, 2, 3, 4, 5, 6, 7, 8, 9, 10, 11, 12, 13, 14, 15, 16, 17, 18, 19, 20, 21, 22, 23, 24, 25, 26, 27, 28, 29, 30, 31
Valid weekdays: Monday, Tuesday, Wednesday, Thursday, Friday, Saturday, Sunday
When: 01:00:00
Current Time: 2011-01-01 13:00:00
Valid Interval: 23:00:00-13:00:00
Valid days of month: 1, 2, 3, 4, 5, 6, 7, 8, 9, 10, 11, 12, 13, 14, 15, 16, 17, 18, 19, 20, 21, 22, 23, 24, 25, 26, 27, 28, 29, 30, 31
Valid weekdays: Monday, Tuesday, Wednesday, Thursday, Friday, Saturday, Sunday
When: 23:30:00
Current Time: 2011-01-01 16:00:00
Valid Interval: 23:00:00-13:00:00
Valid days of month: 1, 2, 3, 4, 5, 6, 7, 8, 9, 10, 11, 12, 13, 14, 15, 16, 17, 18, 19, 20, 21, 22, 23, 24, 25, 26, 27, 28, 29, 30, 31
Valid weekdays: Monday, Tuesday, Wednesday, Thursday, Friday, Saturday, Sunday
When: 23:30:00
Current Time: 2011-01-01 23:00:00
Valid Interval: 23:00:00-13:00:00
Valid days of month: 1, 2, 3, 4, 5, 6, 7, 8, 9, 10, 11, 12, 13, 14, 15, 16, 17, 18, 19, 20, 21, 22, 23, 24, 25, 26, 27, 28, 29, 30, 31
Valid weekdays: Monday, Tuesday, Wednesday, Thursday, Friday, Saturday, Sunday
When: 23:30:00
Current Time: 2011-01-01 23:30:00
Valid Interval: 23:00:00-13:00:00
Valid days of month: 1, 2, 3, 4, 5, 6, 7, 8, 9, 10, 11, 12, 13, 14, 15, 16, 17, 18, 19, 20, 21, 22, 23, 24, 25, 26, 27, 28, 29, 30, 31
Valid weekdays: Monday, Tuesday, Wednesday, Thursday, Friday, Saturday, Sunday
When: 23:30:00
Current Time: 2011-01-01 23:45:00
Valid Interval: 23:00:00-13:00:00
Valid days of month: 1, 2, 3, 4, 5, 6, 7, 8, 9, 10, 11, 12, 13, 14, 15, 16, 17, 18, 19, 20, 21, 22, 23, 24, 25, 26, 27, 28, 29, 30, 31
Valid weekdays: Monday, Tuesday, Wednesday, Thursday, Friday, Saturday, Sunday
When: 23:30:00
Current Time: 2011-01-02 00:30:00
Valid Interval: 23:00:00-13:00:00
Valid days of month: 1, 2, 3, 4, 5, 6, 7, 8, 9, 10, 11, 12, 13, 14, 15, 16, 17, 18, 19, 20, 21, 22, 23, 24, 25, 26, 27, 28, 29, 30, 31
Valid weekdays: Monday, Tuesday, Wednesday, Thursday, Friday, Saturday, Sunday
When: 23:30:00
Current Time: 2011-01-01 13:00:00
Valid Interval: 23:00:00-13:00:00
Valid days of month: 1, 2, 3, 4, 5, 6, 7, 8, 9, 10, 11, 12, 13, 14, 15, 16, 17, 18, 19, 20, 21, 22, 23, 24, 25, 26, 27, 28, 29, 30, 31
Valid weekdays: Monday, Tuesday, Wednesday, Thursday, Friday, Saturday, Sunday
When: 01:00:00
Current Time: 2011-01-01 16:00:00
Valid Interval: 23:00:00-13:00:00
Valid days of month: 1, 2, 3, 4, 5, 6, 7, 8, 9, 10, 11, 12, 13, 14, 15, 16, 17, 18, 19, 20, 21, 22, 23, 24, 25, 26, 27, 28, 29, 30, 31
Valid weekdays: Monday, Tuesday, Wednesday, Thursday, Friday, Saturday, Sunday
When: 01:00:00
Current Time: 2011-01-01 23:00:00
Valid Interval: 23:00:00-13:00:00
Valid days of month: 1, 2, 3, 4, 5, 6, 7, 8, 9, 10, 11, 12, 13, 14, 15, 16, 17, 18, 19, 20, 21, 22, 23, 24, 25, 26, 27, 28, 29, 30, 31
Valid weekdays: Monday, Tuesday, Wednesday, Thursday, Friday, Saturday, Sunday
When: 01:00:00
Current Time: 2011-01-01 23:30:00
Valid Interval: 23:00:00-13:00:00
Valid days of month: 1, 2, 3, 4, 5, 6, 7, 8, 9, 10, 11, 12, 13, 14, 15, 16, 17, 18, 19, 20, 21, 22, 23, 24, 25, 26, 27, 28, 29, 30, 31
Valid weekdays: Monday, Tuesday, Wednesday, Thursday, Friday, Saturday, Sunday
When: 01:00:00
Current Time: 2011-01-02 00:30:00
Valid Interval: 23:00:00-13:00:00
Valid days of month: 1, 2, 3, 4, 5, 6, 7, 8, 9, 10, 11, 12, 13, 14, 15, 16, 17, 18, 19, 20, 21, 22, 23, 24, 25, 26, 27, 28, 29, 30, 31
Valid weekdays: Monday, Tuesday, Wednesday, Thursday, Friday, Saturday, Sunday
When: 01:00:00
Current Time: 2011-01-02 02:00:00
Valid Interval: 23:00:00-13:00:00
Valid days of month: 1, 2, 3, 4, 5, 6, 7, 8, 9, 10, 11, 12, 13, 14, 15, 16, 17, 18, 19, 20, 21, 22, 23, 24, 25, 26, 27, 28, 29, 30, 31
Valid weekdays: Monday, Tuesday, Wednesday, Thursday, Friday, Saturday, Sunday
When: 01:00:00
Current Time: 2011-01-02 13:00:00
Valid Interval: 23:00:00-13:00:00
Valid days of month: 1, 2, 3, 4, 5, 6, 7, 8, 9, 10, 11, 12, 13, 14, 15, 16, 17, 18, 19, 20, 21, 22, 23, 24, 25, 26, 27, 28, 29, 30, 31
Valid weekdays: Monday, Tuesday, Wednesday, Thursday, Friday, Saturday, Sunday
When: 23:30:00
Current Time: 2011-01-01 23:30:05
Valid Interval: 23:00:00-13:00:00
Valid days of month: 1, 2, 3, 4, 5, 6, 7, 8, 9, 10, 11, 12, 13, 14, 15, 16, 17, 18, 19, 20, 21, 22, 23, 24, 25, 26, 27, 28, 29, 30, 31
Valid weekdays: Monday, Tuesday, Wednesday, Thursday, Friday, Saturday, Sunday
When: 23:30:00
Current Time: 2011-01-02 00:30:00
Valid Interval: 23:00:00-13:00:00
Valid days of month: 1, 2, 3, 4, 5, 6, 7, 8, 9, 10, 11, 12, 13, 14, 15, 16, 17, 18, 19, 20, 21, 22, 23, 24, 25, 26, 27, 28, 29, 30, 31
Valid weekdays: Monday, Tuesday, Wednesday, Thursday, Friday, Saturday, Sunday
When: 23:30:00
Current Time: 2011-01-02 13:00:00
Valid Interval: 23:00:00-13:00:00
Valid days of month: 1, 2, 3, 4, 5, 6, 7, 8, 9, 10, 11, 12, 13, 14, 15, 16, 17, 18, 19, 20, 21, 22, 23, 24, 25, 26, 27, 28, 29, 30, 31
Valid weekdays: Monday, Tuesday, Wednesday, Thursday, Friday, Saturday, Sunday
When: 01:00:00
Current Time: 2011-01-01 02:00:00
Valid Interval: 23:00:00-13:00:00
Valid days of month: 1, 2, 3, 4, 5, 6, 7, 8, 9, 10, 11, 12, 13, 14, 15, 16, 17, 18, 19, 20, 21, 22, 23, 24, 25, 26, 27, 28, 29, 30, 31
Valid weekdays: Monday, Tuesday, Wednesday, Thursday, Friday, Saturday, Sunday
When: 01:00:00
Current Time: 2011-01-02 02:00:00
Valid Interval: 13:00:00-16:00:00
Valid days of month: 1, 2, 3, 4, 5, 6, 7, 8, 9, 10, 11, 12, 13, 14, 15, 16, 17, 18, 19, 20, 21, 22, 23, 24, 25, 26, 27, 28, 29, 30, 31
Valid weekdays: Saturday, Sunday
When: 14:00:00
Current Time: 2007-01-01 12:00:00
Valid Interval: 13:00:00-16:00:00
Valid days of month: 1, 2, 3, 4, 5, 6, 7, 8, 9, 10, 11, 12, 13, 14, 15, 16, 17, 18, 19, 20, 21, 22, 23, 24, 25, 26, 27, 28, 29, 30, 31
Valid weekdays: Saturday, Sunday
When: 14:00:00
Current Time: 2007-01-02 13:30:00
Valid Interval: 13:00:00-16:00:00
Valid days of month: 1, 2, 3, 4, 5, 6, 7, 8, 9, 10, 11, 12, 13, 14, 15, 16, 17, 18, 19, 20, 21, 22, 23, 24, 25, 26, 27, 28, 29, 30, 31
Valid weekdays: Saturday, Sunday
When: 14:00:00
Current Time: 2007-01-06 13:30:00
Valid Interval: 13:00:00-16:00:00
Valid days of month: 1, 2, 3, 4, 5, 6, 7, 8, 9, 10, 11, 12, 13, 14, 15, 16, 17, 18, 19, 20, 21, 22, 23, 24, 25, 26, 27, 28, 29, 30, 31
Valid weekdays: Saturday, Sunday
When: 14:00:00
Current Time: 2007-01-06 14:30:00
Valid Interval: 13:00:00-16:00:00
Valid days of month: 1, 2, 3, 4, 5, 6, 7, 8, 9, 10, 11, 12, 13, 14, 15, 16, 17, 18, 19, 20, 21, 22, 23, 24, 25, 26, 27, 28, 29, 30, 31
Valid weekdays: Saturday, Sunday
When: 14:00:00
Current Time: 2007-01-06 16:30:00
Valid Interval: 13:00:00-16:00:00
Valid days of month: 1, 2, 3, 4, 5, 6, 7, 8, 9, 10, 11, 12, 13, 14, 15, 16, 17, 18, 19, 20, 21, 22, 23, 24, 25, 26, 27, 28, 29, 30, 31
Valid weekdays: Saturday, Sunday
When: 14:00:00
Current Time: 2007-01-07 16:00:00
Valid Interval: 23:00:00-02:00:00
Valid days of month: 1, 2, 3, 4, 5, 6, 7, 8, 9, 10, 11, 12, 13, 14, 15, 16, 17, 18, 19, 20, 21, 22, 23, 24, 25, 26, 27, 28, 29, 30, 31
Valid weekdays: Saturday, Sunday
When: 01:00:00
Current Time: 2007-01-01 12:00:00
Valid Interval: 23:00:00-02:00:00
Valid days of month: 1, 2, 3, 4, 5, 6, 7, 8, 9, 10, 11, 12, 13, 14, 15, 16, 17, 18, 19, 20, 21, 22, 23, 24, 25, 26, 27, 28, 29, 30, 31
Valid weekdays: Saturday, Sunday
When: 01:00:00
Current Time: 2007-01-02 01:00:00
Valid Interval: 23:00:00-02:00:00
Valid days of month: 1, 2, 3, 4, 5, 6, 7, 8, 9, 10, 11, 12, 13, 14, 15, 16, 17, 18, 19, 20, 21, 22, 23, 24, 25, 26, 27, 28, 29, 30, 31
Valid weekdays: Saturday, Sunday
When: 01:00:00
Current Time: 2007-01-06 00:30:00
Valid Interval: 23:00:00-02:00:00
Valid days of month: 1, 2, 3, 4, 5, 6, 7, 8, 9, 10, 11, 12, 13, 14, 15, 16, 17, 18, 19, 20, 21, 22, 23, 24, 25, 26, 27, 28, 29, 30, 31
Valid weekdays: Saturday, Sunday
When: 01:00:00
Current Time: 2007-01-06 01:30:00
Valid Interval: 23:00:00-02:00:00
Valid days of month: 1, 2, 3, 4, 5, 6, 7, 8, 9, 10, 11, 12, 13, 14, 15, 16, 17, 18, 19, 20, 21, 22, 23, 24, 25, 26, 27, 28, 29, 30, 31
Valid weekdays: Saturday, Sunday
When: 01:00:00
Current Time: 2007-01-06 02:30:00
Valid Interval: 23:00:00-02:00:00
Valid days of month: 1, 2, 3, 4, 5, 6, 7, 8, 9, 10, 11, 12, 13, 14, 15, 16, 17, 18, 19, 20, 21, 22, 23, 24, 25, 26, 27, 28, 29, 30, 31
Valid weekdays: Saturday, Sunday
When: 01:00:00
Current Time: 2007-01-07 02:00:00
Valid Interval: 23:00:00-02:00:00
Valid days of month: 1, 2, 3, 4, 5, 6, 7, 8, 9, 10, 11, 12, 13, 14, 15, 16, 17, 18, 19, 20, 21, 22, 23, 24, 25, 26, 27, 28, 29, 30, 31
Valid weekdays: Saturday, Sunday
When: 23:30:00
Current Time: 2007-01-01 12:00:00
Valid Interval: 23:00:00-02:00:00
Valid days of month: 1, 2, 3, 4, 5, 6, 7, 8, 9, 10, 11, 12, 13, 14, 15, 16, 17, 18, 19, 20, 21, 22, 23, 24, 25, 26, 27, 28, 29, 30, 31
Valid weekdays: Saturday, Sunday
When: 23:30:00
Current Time: 2007-01-05 23:30:00
Valid Interval: 23:00:00-02:00:00
Valid days of month: 1, 2, 3, 4, 5, 6, 7, 8, 9, 10, 11, 12, 13, 14, 15, 16, 17, 18, 19, 20, 21, 22, 23, 24, 25, 26, 27, 28, 29, 30, 31
Valid weekdays: Saturday, Sunday
When: 23:30:00
Current Time: 2007-01-06 23:00:00
Valid Interval: 23:00:00-02:00:00
Valid days of month: 1, 2, 3, 4, 5, 6, 7, 8, 9, 10, 11, 12, 13, 14, 15, 16, 17, 18, 19, 20, 21, 22, 23, 24, 25, 26, 27, 28, 29, 30, 31
Valid weekdays: Saturday, Sunday
When: 23:30:00
Current Time: 2007-01-06 02:00:00
Valid Interval: 23:00:00-02:00:00
Valid days of month: 1, 2, 3, 4, 5, 6, 7, 8, 9, 10, 11, 12, 13, 14, 15, 16, 17, 18, 19, 20, 21, 22, 23, 24, 25, 26, 27, 28, 29, 30, 31
Valid weekdays: Saturday, Sunday
When: 23:30:00
Current Time: 2007-01-07 23:40:00
Valid Interval: 23:00:00-02:00:00
Valid days of month: 1, 2, 3, 4, 5, 6, 7, 8, 9, 10, 11, 12, 13, 14, 15, 16, 17, 18, 19, 20, 21, 22, 23, 24, 25, 26, 27, 28, 29, 30, 31
Valid weekdays: Saturday, Sunday
When: 23:30:00
Current Time: 2007-01-07 01:00:00
Valid Interval: 13:00:00-16:00:00
Valid days of month: 1, 2, 3, 4, 5, 6, 7, 8, 9, 10, 11, 12, 13, 14, 15, 16, 17, 18, 19, 20, 21, 22, 23, 24, 25, 26, 27, 28, 29, 30, 31
Valid weekdays: Saturday, Sunday
When: 14:00:00
Current Time: 2007-01-01 12:00:00
Valid Interval: 13:00:00-16:00:00
Valid days of month: 1, 2, 3, 4, 5, 6, 7, 8, 9, 10, 11, 12, 13, 14, 15, 16, 17, 18, 19, 20, 21, 22, 23, 24, 25, 26, 27, 28, 29, 30, 31
Valid weekdays: Saturday, Sunday
When: 14:00:00
Current Time: 2007-01-02 13:30:00
Valid Interval: 13:00:00-16:00:00
Valid days of month: 1, 2, 3, 4, 5, 6, 7, 8, 9, 10, 11, 12, 13, 14, 15, 16, 17, 18, 19, 20, 21, 22, 23, 24, 25, 26, 27, 28, 29, 30, 31
Valid weekdays: Saturday, Sunday
When: 14:00:00
Current Time: 2007-01-06 13:30:00
Valid Interval: 13:00:00-16:00:00
Valid days of month: 1, 2, 3, 4, 5, 6, 7, 8, 9, 10, 11, 12, 13, 14, 15, 16, 17, 18, 19, 20, 21, 22, 23, 24, 25, 26, 27, 28, 29, 30, 31
Valid weekdays: Saturday, Sunday
When: 14:00:00
Current Time: 2007-01-06 14:30:00
Valid Interval: 13:00:00-16:00:00
Valid days of month: 1, 2, 3, 4, 5, 6, 7, 8, 9, 10, 11, 12, 13, 14, 15, 16, 17, 18, 19, 20, 21, 22, 23, 24, 25, 26, 27, 28, 29, 30, 31
Valid weekdays: Saturday, Sunday
When: 14:00:00
Current Time: 2007-01-06 16:30:00
Valid Interval: 13:00:00-16:00:00
Valid days of month: 1, 2, 3, 4, 5, 6, 7, 8, 9, 10, 11, 12, 13, 14, 15, 16, 17, 18, 19, 20, 21, 22, 23, 24, 25, 26, 27, 28, 29, 30, 31
Valid weekdays: Saturday, Sunday
When: 14:00:00
Current Time: 2007-01-07 16:00:00
Valid Interval: 23:00:00-02:00:00
Valid days of month: 1, 2, 3, 4, 5, 6, 7, 8, 9, 10, 11, 12, 13, 14, 15, 16, 17, 18, 19, 20, 21, 22, 23, 24, 25, 26, 27, 28, 29, 30, 31
Valid weekdays: Saturday, Sunday
When: 01:00:00
Current Time: 2007-01-01 12:00:00
Valid Interval: 23:00:00-02:00:00
Valid days of month: 1, 2, 3, 4, 5, 6, 7, 8, 9, 10, 11, 12, 13, 14, 15, 16, 17, 18, 19, 20, 21, 22, 23, 24, 25, 26, 27, 28, 29, 30, 31
Valid weekdays: Saturday, Sunday
When: 01:00:00
Current Time: 2007-01-02 01:00:00
Valid Interval: 23:00:00-02:00:00
Valid days of month: 1, 2, 3, 4, 5, 6, 7, 8, 9, 10, 11, 12, 13, 14, 15, 16, 17, 18, 19, 20, 21, 22, 23, 24, 25, 26, 27, 28, 29, 30, 31
Valid weekdays: Saturday, Sunday
When: 01:00:00
Current Time: 2007-01-06 00:30:00
Valid Interval: 23:00:00-02:00:00
Valid days of month: 1, 2, 3, 4, 5, 6, 7, 8, 9, 10, 11, 12, 13, 14, 15, 16, 17, 18, 19, 20, 21, 22, 23, 24, 25, 26, 27, 28, 29, 30, 31
Valid weekdays: Saturday, Sunday
When: 01:00:00
Current Time: 2007-01-06 02:30:00
Valid Interval: 23:00:00-02:00:00
Valid days of month: 1, 2, 3, 4, 5, 6, 7, 8, 9, 10, 11, 12, 13, 14, 15, 16, 17, 18, 19, 20, 21, 22, 23, 24, 25, 26, 27, 28, 29, 30, 31
Valid weekdays: Saturday, Sunday
When: 23:30:00
Current Time: 2007-01-01 12:00:00
Valid Interval: 23:00:00-02:00:00
Valid days of month: 1, 2, 3, 4, 5, 6, 7, 8, 9, 10, 11, 12, 13, 14, 15, 16, 17, 18, 19, 20, 21, 22, 23, 24, 25, 26, 27, 28, 29, 30, 31
Valid weekdays: Saturday, Sunday
When: 23:30:00
Current Time: 2007-01-05 23:30:00
Valid Interval: 23:00:00-02:00:00
Valid days of month: 1, 2, 3, 4, 5, 6, 7, 8, 9, 10, 11, 12, 13, 14, 15, 16, 17, 18, 19, 20, 21, 22, 23, 24, 25, 26, 27, 28, 29, 30, 31
Valid weekdays: Saturday, Sunday
When: 23:30:00
Current Time: 2007-01-06 23:00:00
Valid Interval: 23:00:00-02:00:00
Valid days of month: 1, 2, 3, 4, 5, 6, 7, 8, 9, 10, 11, 12, 13, 14, 15, 16, 17, 18, 19, 20, 21, 22, 23, 24, 25, 26, 27, 28, 29, 30, 31
Valid weekdays: Saturday, Sunday
When: 23:30:00
Current Time: 2007-01-06 02:00:00
Valid Interval: 23:00:00-02:00:00
Valid days of month: 1, 2, 3, 4, 5, 6, 7, 8, 9, 10, 11, 12, 13, 14, 15, 16, 17, 18, 19, 20, 21, 22, 23, 24, 25, 26, 27, 28, 29, 30, 31
Valid weekdays: Saturday, Sunday
When: 23:30:00
Current Time: 2007-01-07 23:40:00
Valid Interval: 23:00:00-02:00:00
Valid days of month: 1, 2, 3, 4, 5, 6, 7, 8, 9, 10, 11, 12, 13, 14, 15, 16, 17, 18, 19, 20, 21, 22, 23, 24, 25, 26, 27, 28, 29, 30, 31
Valid weekdays: Saturday, Sunday
When: 23:30:00
Current Time: 2007-01-07 01:00:00
Valid Interval: 13:00:00-16:00:00
Valid days of month: 1, 2, 3, 4, 5, 6, 7, 8, 9, 10, 11, 12, 13, 14, 15, 16, 17, 18, 19, 20, 21, 22, 23, 24, 25, 26, 27, 28, 29, 30, 31
Valid weekdays: Saturday, Sunday
When: 14:00:00
Current Time: 2007-01-06 14:30:00
Valid Interval: 13:00:00-16:00:00
Valid days of month: 1, 2, 3, 4, 5, 6, 7, 8, 9, 10, 11, 12, 13, 14, 15, 16, 17, 18, 19, 20, 21, 22, 23, 24, 25, 26, 27, 28, 29, 30, 31
Valid weekdays: Saturday, Sunday
When: 14:00:00
Current Time: 2007-01-07 15:00:00
Valid Interval: 23:00:00-02:00:00
Valid days of month: 1, 2, 3, 4, 5, 6, 7, 8, 9, 10, 11, 12, 13, 14, 15, 16, 17, 18, 19, 20, 21, 22, 23, 24, 25, 26, 27, 28, 29, 30, 31
Valid weekdays: Saturday, Sunday
When: 01:00:00
Current Time: 2007-01-06 01:30:00
Valid Interval: 23:00:00-02:00:00
Valid days of month: 1, 2, 3, 4, 5, 6, 7, 8, 9, 10, 11, 12, 13, 14, 15, 16, 17, 18, 19, 20, 21, 22, 23, 24, 25, 26, 27, 28, 29, 30, 31
Valid weekdays: Saturday, Sunday
When: 01:00:00
Current Time: 2007-01-07 01:30:00
Valid Interval: 23:00:00-02:00:00
Valid days of month: 1, 2, 3, 4, 5, 6, 7, 8, 9, 10, 11, 12, 13, 14, 15, 16, 17, 18, 19, 20, 21, 22, 23, 24, 25, 26, 27, 28, 29, 30, 31
Valid weekdays: Saturday, Sunday
When: 23:30:00
Current Time: 2007-01-06 23:02:00
Valid Interval: 23:00:00-02:00:00
Valid days of month: 1, 2, 3, 4, 5, 6, 7, 8, 9, 10, 11, 12, 13, 14, 15, 16, 17, 18, 19, 20, 21, 22, 23, 24, 25, 26, 27, 28, 29, 30, 31
Valid weekdays: Saturday, Sunday
When: 23:30:00
Current Time: 2007-01-06 01:10:00
Valid Interval: 23:00:00-02:00:00
Valid days of month: 1, 2, 3, 4, 5, 6, 7, 8, 9, 10, 11, 12, 13, 14, 15, 16, 17, 18, 19, 20, 21, 22, 23, 24, 25, 26, 27, 28, 29, 30, 31
Valid weekdays: Saturday, Sunday
When: 23:30:00
Current Time: 2007-01-07 01:00:40
Valid Interval: 23:00:00-02:00:00
Valid days of month: 2
Valid weekdays: Saturday, Sunday
When: 23:30:00
Current Time: 2007-01-01 12:00:00
Valid Interval: 23:00:00-02:00:00
Valid days of month: 1, 2
Valid weekdays: Saturday, Sunday
When: 23:30:00
Current Time: 2007-01-05 23:30:00
Valid Interval: 23:00:00-02:00:00
Valid days of month: 1, 2
Valid weekdays: Saturday, Sunday
When: 23:30:00
Current Time: 2007-01-06 23:00:00</StdOut>
      </Output>
    </UnitTestResult>
    <UnitTestResult executionId="40611334-0c22-4c68-84ce-b48c3010c211" testId="1fd93f3f-1326-4aa9-8ce3-d9420f8443a4" testName="GetNextTimeToTrigger_AbsoluteTimer_ReturnsCorrectTime (Data Row 73)" computerName="ICSWS068" duration="00:00:00.0038526" startTime="2016-08-04T07:57:22.9216566+02:00" endTime="2016-08-04T07:57:22.9265987+02:00" testType="13cdc9d9-ddb5-4fa4-a97d-d965ccfc6d4b" outcome="Passed" testListId="8c84fa94-04c1-424b-9868-57a2d4851a1d" relativeResultsDirectory="40611334-0c22-4c68-84ce-b48c3010c211">
      <Output>
        <StdOut>TestContext Messages:
Valid Interval: 11:00:00-13:00:00
Valid days of month: 1, 2, 3, 4, 5, 6, 7, 8, 9, 10, 11, 12, 13, 14, 15, 16, 17, 18, 19, 20, 21, 22, 23, 24, 25, 26, 27, 28, 29, 30, 31
Valid weekdays: Monday, Tuesday, Wednesday, Thursday, Friday, Saturday, Sunday
When: 12:00:00
Current Time: 2011-01-01 00:00:00
Valid Interval: 11:00:00-13:00:00
Valid days of month: 1, 2, 3, 4, 5, 6, 7, 8, 9, 10, 11, 12, 13, 14, 15, 16, 17, 18, 19, 20, 21, 22, 23, 24, 25, 26, 27, 28, 29, 30, 31
Valid weekdays: Monday, Tuesday, Wednesday, Thursday, Friday, Saturday, Sunday
When: 12:00:00
Current Time: 2011-01-01 09:00:00
Valid Interval: 11:00:00-13:00:00
Valid days of month: 1, 2, 3, 4, 5, 6, 7, 8, 9, 10, 11, 12, 13, 14, 15, 16, 17, 18, 19, 20, 21, 22, 23, 24, 25, 26, 27, 28, 29, 30, 31
Valid weekdays: Monday, Tuesday, Wednesday, Thursday, Friday, Saturday, Sunday
When: 12:00:00
Current Time: 2011-01-01 11:00:00
Valid Interval: 11:00:00-13:00:00
Valid days of month: 1, 2, 3, 4, 5, 6, 7, 8, 9, 10, 11, 12, 13, 14, 15, 16, 17, 18, 19, 20, 21, 22, 23, 24, 25, 26, 27, 28, 29, 30, 31
Valid weekdays: Monday, Tuesday, Wednesday, Thursday, Friday, Saturday, Sunday
When: 12:00:00
Current Time: 2011-01-01 12:00:00
Valid Interval: 11:00:00-13:00:00
Valid days of month: 1, 2, 3, 4, 5, 6, 7, 8, 9, 10, 11, 12, 13, 14, 15, 16, 17, 18, 19, 20, 21, 22, 23, 24, 25, 26, 27, 28, 29, 30, 31
Valid weekdays: Monday, Tuesday, Wednesday, Thursday, Friday, Saturday, Sunday
When: 12:00:00
Current Time: 2011-01-01 12:30:00
Valid Interval: 11:00:00-13:00:00
Valid days of month: 1, 2, 3, 4, 5, 6, 7, 8, 9, 10, 11, 12, 13, 14, 15, 16, 17, 18, 19, 20, 21, 22, 23, 24, 25, 26, 27, 28, 29, 30, 31
Valid weekdays: Monday, Tuesday, Wednesday, Thursday, Friday, Saturday, Sunday
When: 12:00:00
Current Time: 2011-01-01 13:00:00
Valid Interval: 11:00:00-13:00:00
Valid days of month: 1, 2, 3, 4, 5, 6, 7, 8, 9, 10, 11, 12, 13, 14, 15, 16, 17, 18, 19, 20, 21, 22, 23, 24, 25, 26, 27, 28, 29, 30, 31
Valid weekdays: Monday, Tuesday, Wednesday, Thursday, Friday, Saturday, Sunday
When: 12:00:00
Current Time: 2011-01-02 00:00:00
Valid Interval: 11:00:00-13:00:00
Valid days of month: 1, 2, 3, 4, 5, 6, 7, 8, 9, 10, 11, 12, 13, 14, 15, 16, 17, 18, 19, 20, 21, 22, 23, 24, 25, 26, 27, 28, 29, 30, 31
Valid weekdays: Monday, Tuesday, Wednesday, Thursday, Friday, Saturday, Sunday
When: 12:00:00
Current Time: 2011-01-02 09:00:00
Valid Interval: 11:00:00-13:00:00
Valid days of month: 1, 2, 3, 4, 5, 6, 7, 8, 9, 10, 11, 12, 13, 14, 15, 16, 17, 18, 19, 20, 21, 22, 23, 24, 25, 26, 27, 28, 29, 30, 31
Valid weekdays: Monday, Tuesday, Wednesday, Thursday, Friday, Saturday, Sunday
When: 12:00:00
Current Time: 2011-01-02 12:00:00
Valid Interval: 11:00:00-13:00:00
Valid days of month: 1, 2, 3, 4, 5, 6, 7, 8, 9, 10, 11, 12, 13, 14, 15, 16, 17, 18, 19, 20, 21, 22, 23, 24, 25, 26, 27, 28, 29, 30, 31
Valid weekdays: Monday, Tuesday, Wednesday, Thursday, Friday, Saturday, Sunday
When: 12:00:00
Current Time: 2011-01-02 12:45:30
Valid Interval: 11:00:00-13:00:00
Valid days of month: 1, 2, 3, 4, 5, 6, 7, 8, 9, 10, 11, 12, 13, 14, 15, 16, 17, 18, 19, 20, 21, 22, 23, 24, 25, 26, 27, 28, 29, 30, 31
Valid weekdays: Monday, Tuesday, Wednesday, Thursday, Friday, Saturday, Sunday
When: 12:00:00
Current Time: 2011-01-02 13:00:00
Valid Interval: 11:00:00-13:00:00
Valid days of month: 1, 2, 3, 4, 5, 6, 7, 8, 9, 10, 11, 12, 13, 14, 15, 16, 17, 18, 19, 20, 21, 22, 23, 24, 25, 26, 27, 28, 29, 30, 31
Valid weekdays: Monday, Tuesday, Wednesday, Thursday, Friday, Saturday, Sunday
When: 12:00:00
Current Time: 2011-01-01 12:00:00
Valid Interval: 11:00:00-13:00:00
Valid days of month: 1, 2, 3, 4, 5, 6, 7, 8, 9, 10, 11, 12, 13, 14, 15, 16, 17, 18, 19, 20, 21, 22, 23, 24, 25, 26, 27, 28, 29, 30, 31
Valid weekdays: Monday, Tuesday, Wednesday, Thursday, Friday, Saturday, Sunday
When: 12:00:00
Current Time: 2011-01-01 12:30:00
Valid Interval: 11:00:00-13:00:00
Valid days of month: 1, 2, 3, 4, 5, 6, 7, 8, 9, 10, 11, 12, 13, 14, 15, 16, 17, 18, 19, 20, 21, 22, 23, 24, 25, 26, 27, 28, 29, 30, 31
Valid weekdays: Monday, Tuesday, Wednesday, Thursday, Friday, Saturday, Sunday
When: 12:00:00
Current Time: 2011-01-01 12:30:00
Valid Interval: 11:00:00-13:00:00
Valid days of month: 1, 2, 3, 4, 5, 6, 7, 8, 9, 10, 11, 12, 13, 14, 15, 16, 17, 18, 19, 20, 21, 22, 23, 24, 25, 26, 27, 28, 29, 30, 31
Valid weekdays: Monday, Tuesday, Wednesday, Thursday, Friday, Saturday, Sunday
When: 12:00:00
Current Time: 2011-01-01 13:00:00
Valid Interval: 11:00:00-13:00:00
Valid days of month: 1, 2, 3, 4, 5, 6, 7, 8, 9, 10, 11, 12, 13, 14, 15, 16, 17, 18, 19, 20, 21, 22, 23, 24, 25, 26, 27, 28, 29, 30, 31
Valid weekdays: Monday, Tuesday, Wednesday, Thursday, Friday, Saturday, Sunday
When: 12:00:00
Current Time: 2011-01-01 14:30:00
Valid Interval: 23:00:00-13:00:00
Valid days of month: 1, 2, 3, 4, 5, 6, 7, 8, 9, 10, 11, 12, 13, 14, 15, 16, 17, 18, 19, 20, 21, 22, 23, 24, 25, 26, 27, 28, 29, 30, 31
Valid weekdays: Monday, Tuesday, Wednesday, Thursday, Friday, Saturday, Sunday
When: 23:30:00
Current Time: 2011-01-01 16:00:00
Valid Interval: 23:00:00-13:00:00
Valid days of month: 1, 2, 3, 4, 5, 6, 7, 8, 9, 10, 11, 12, 13, 14, 15, 16, 17, 18, 19, 20, 21, 22, 23, 24, 25, 26, 27, 28, 29, 30, 31
Valid weekdays: Monday, Tuesday, Wednesday, Thursday, Friday, Saturday, Sunday
When: 23:30:00
Current Time: 2011-01-01 23:00:00
Valid Interval: 23:00:00-13:00:00
Valid days of month: 1, 2, 3, 4, 5, 6, 7, 8, 9, 10, 11, 12, 13, 14, 15, 16, 17, 18, 19, 20, 21, 22, 23, 24, 25, 26, 27, 28, 29, 30, 31
Valid weekdays: Monday, Tuesday, Wednesday, Thursday, Friday, Saturday, Sunday
When: 23:30:00
Current Time: 2011-01-01 23:30:00
Valid Interval: 23:00:00-13:00:00
Valid days of month: 1, 2, 3, 4, 5, 6, 7, 8, 9, 10, 11, 12, 13, 14, 15, 16, 17, 18, 19, 20, 21, 22, 23, 24, 25, 26, 27, 28, 29, 30, 31
Valid weekdays: Monday, Tuesday, Wednesday, Thursday, Friday, Saturday, Sunday
When: 23:30:00
Current Time: 2011-01-01 23:45:00
Valid Interval: 23:00:00-13:00:00
Valid days of month: 1, 2, 3, 4, 5, 6, 7, 8, 9, 10, 11, 12, 13, 14, 15, 16, 17, 18, 19, 20, 21, 22, 23, 24, 25, 26, 27, 28, 29, 30, 31
Valid weekdays: Monday, Tuesday, Wednesday, Thursday, Friday, Saturday, Sunday
When: 23:30:00
Current Time: 2011-01-02 00:30:00
Valid Interval: 23:00:00-13:00:00
Valid days of month: 1, 2, 3, 4, 5, 6, 7, 8, 9, 10, 11, 12, 13, 14, 15, 16, 17, 18, 19, 20, 21, 22, 23, 24, 25, 26, 27, 28, 29, 30, 31
Valid weekdays: Monday, Tuesday, Wednesday, Thursday, Friday, Saturday, Sunday
When: 23:30:00
Current Time: 2011-01-01 13:00:00
Valid Interval: 23:00:00-13:00:00
Valid days of month: 1, 2, 3, 4, 5, 6, 7, 8, 9, 10, 11, 12, 13, 14, 15, 16, 17, 18, 19, 20, 21, 22, 23, 24, 25, 26, 27, 28, 29, 30, 31
Valid weekdays: Monday, Tuesday, Wednesday, Thursday, Friday, Saturday, Sunday
When: 01:00:00
Current Time: 2011-01-01 16:00:00
Valid Interval: 23:00:00-13:00:00
Valid days of month: 1, 2, 3, 4, 5, 6, 7, 8, 9, 10, 11, 12, 13, 14, 15, 16, 17, 18, 19, 20, 21, 22, 23, 24, 25, 26, 27, 28, 29, 30, 31
Valid weekdays: Monday, Tuesday, Wednesday, Thursday, Friday, Saturday, Sunday
When: 01:00:00
Current Time: 2011-01-01 23:00:00
Valid Interval: 23:00:00-13:00:00
Valid days of month: 1, 2, 3, 4, 5, 6, 7, 8, 9, 10, 11, 12, 13, 14, 15, 16, 17, 18, 19, 20, 21, 22, 23, 24, 25, 26, 27, 28, 29, 30, 31
Valid weekdays: Monday, Tuesday, Wednesday, Thursday, Friday, Saturday, Sunday
When: 01:00:00
Current Time: 2011-01-01 23:30:00
Valid Interval: 23:00:00-13:00:00
Valid days of month: 1, 2, 3, 4, 5, 6, 7, 8, 9, 10, 11, 12, 13, 14, 15, 16, 17, 18, 19, 20, 21, 22, 23, 24, 25, 26, 27, 28, 29, 30, 31
Valid weekdays: Monday, Tuesday, Wednesday, Thursday, Friday, Saturday, Sunday
When: 01:00:00
Current Time: 2011-01-02 00:30:00
Valid Interval: 23:00:00-13:00:00
Valid days of month: 1, 2, 3, 4, 5, 6, 7, 8, 9, 10, 11, 12, 13, 14, 15, 16, 17, 18, 19, 20, 21, 22, 23, 24, 25, 26, 27, 28, 29, 30, 31
Valid weekdays: Monday, Tuesday, Wednesday, Thursday, Friday, Saturday, Sunday
When: 01:00:00
Current Time: 2011-01-01 02:00:00
Valid Interval: 23:00:00-13:00:00
Valid days of month: 1, 2, 3, 4, 5, 6, 7, 8, 9, 10, 11, 12, 13, 14, 15, 16, 17, 18, 19, 20, 21, 22, 23, 24, 25, 26, 27, 28, 29, 30, 31
Valid weekdays: Monday, Tuesday, Wednesday, Thursday, Friday, Saturday, Sunday
When: 01:00:00
Current Time: 2011-01-01 13:00:00
Valid Interval: 23:00:00-13:00:00
Valid days of month: 1, 2, 3, 4, 5, 6, 7, 8, 9, 10, 11, 12, 13, 14, 15, 16, 17, 18, 19, 20, 21, 22, 23, 24, 25, 26, 27, 28, 29, 30, 31
Valid weekdays: Monday, Tuesday, Wednesday, Thursday, Friday, Saturday, Sunday
When: 23:30:00
Current Time: 2011-01-01 16:00:00
Valid Interval: 23:00:00-13:00:00
Valid days of month: 1, 2, 3, 4, 5, 6, 7, 8, 9, 10, 11, 12, 13, 14, 15, 16, 17, 18, 19, 20, 21, 22, 23, 24, 25, 26, 27, 28, 29, 30, 31
Valid weekdays: Monday, Tuesday, Wednesday, Thursday, Friday, Saturday, Sunday
When: 23:30:00
Current Time: 2011-01-01 23:00:00
Valid Interval: 23:00:00-13:00:00
Valid days of month: 1, 2, 3, 4, 5, 6, 7, 8, 9, 10, 11, 12, 13, 14, 15, 16, 17, 18, 19, 20, 21, 22, 23, 24, 25, 26, 27, 28, 29, 30, 31
Valid weekdays: Monday, Tuesday, Wednesday, Thursday, Friday, Saturday, Sunday
When: 23:30:00
Current Time: 2011-01-01 23:30:00
Valid Interval: 23:00:00-13:00:00
Valid days of month: 1, 2, 3, 4, 5, 6, 7, 8, 9, 10, 11, 12, 13, 14, 15, 16, 17, 18, 19, 20, 21, 22, 23, 24, 25, 26, 27, 28, 29, 30, 31
Valid weekdays: Monday, Tuesday, Wednesday, Thursday, Friday, Saturday, Sunday
When: 23:30:00
Current Time: 2011-01-01 23:45:00
Valid Interval: 23:00:00-13:00:00
Valid days of month: 1, 2, 3, 4, 5, 6, 7, 8, 9, 10, 11, 12, 13, 14, 15, 16, 17, 18, 19, 20, 21, 22, 23, 24, 25, 26, 27, 28, 29, 30, 31
Valid weekdays: Monday, Tuesday, Wednesday, Thursday, Friday, Saturday, Sunday
When: 23:30:00
Current Time: 2011-01-02 00:30:00
Valid Interval: 23:00:00-13:00:00
Valid days of month: 1, 2, 3, 4, 5, 6, 7, 8, 9, 10, 11, 12, 13, 14, 15, 16, 17, 18, 19, 20, 21, 22, 23, 24, 25, 26, 27, 28, 29, 30, 31
Valid weekdays: Monday, Tuesday, Wednesday, Thursday, Friday, Saturday, Sunday
When: 23:30:00
Current Time: 2011-01-01 13:00:00
Valid Interval: 23:00:00-13:00:00
Valid days of month: 1, 2, 3, 4, 5, 6, 7, 8, 9, 10, 11, 12, 13, 14, 15, 16, 17, 18, 19, 20, 21, 22, 23, 24, 25, 26, 27, 28, 29, 30, 31
Valid weekdays: Monday, Tuesday, Wednesday, Thursday, Friday, Saturday, Sunday
When: 01:00:00
Current Time: 2011-01-01 16:00:00
Valid Interval: 23:00:00-13:00:00
Valid days of month: 1, 2, 3, 4, 5, 6, 7, 8, 9, 10, 11, 12, 13, 14, 15, 16, 17, 18, 19, 20, 21, 22, 23, 24, 25, 26, 27, 28, 29, 30, 31
Valid weekdays: Monday, Tuesday, Wednesday, Thursday, Friday, Saturday, Sunday
When: 01:00:00
Current Time: 2011-01-01 23:00:00
Valid Interval: 23:00:00-13:00:00
Valid days of month: 1, 2, 3, 4, 5, 6, 7, 8, 9, 10, 11, 12, 13, 14, 15, 16, 17, 18, 19, 20, 21, 22, 23, 24, 25, 26, 27, 28, 29, 30, 31
Valid weekdays: Monday, Tuesday, Wednesday, Thursday, Friday, Saturday, Sunday
When: 01:00:00
Current Time: 2011-01-01 23:30:00
Valid Interval: 23:00:00-13:00:00
Valid days of month: 1, 2, 3, 4, 5, 6, 7, 8, 9, 10, 11, 12, 13, 14, 15, 16, 17, 18, 19, 20, 21, 22, 23, 24, 25, 26, 27, 28, 29, 30, 31
Valid weekdays: Monday, Tuesday, Wednesday, Thursday, Friday, Saturday, Sunday
When: 01:00:00
Current Time: 2011-01-02 00:30:00
Valid Interval: 23:00:00-13:00:00
Valid days of month: 1, 2, 3, 4, 5, 6, 7, 8, 9, 10, 11, 12, 13, 14, 15, 16, 17, 18, 19, 20, 21, 22, 23, 24, 25, 26, 27, 28, 29, 30, 31
Valid weekdays: Monday, Tuesday, Wednesday, Thursday, Friday, Saturday, Sunday
When: 01:00:00
Current Time: 2011-01-02 02:00:00
Valid Interval: 23:00:00-13:00:00
Valid days of month: 1, 2, 3, 4, 5, 6, 7, 8, 9, 10, 11, 12, 13, 14, 15, 16, 17, 18, 19, 20, 21, 22, 23, 24, 25, 26, 27, 28, 29, 30, 31
Valid weekdays: Monday, Tuesday, Wednesday, Thursday, Friday, Saturday, Sunday
When: 01:00:00
Current Time: 2011-01-02 13:00:00
Valid Interval: 23:00:00-13:00:00
Valid days of month: 1, 2, 3, 4, 5, 6, 7, 8, 9, 10, 11, 12, 13, 14, 15, 16, 17, 18, 19, 20, 21, 22, 23, 24, 25, 26, 27, 28, 29, 30, 31
Valid weekdays: Monday, Tuesday, Wednesday, Thursday, Friday, Saturday, Sunday
When: 23:30:00
Current Time: 2011-01-01 23:30:05
Valid Interval: 23:00:00-13:00:00
Valid days of month: 1, 2, 3, 4, 5, 6, 7, 8, 9, 10, 11, 12, 13, 14, 15, 16, 17, 18, 19, 20, 21, 22, 23, 24, 25, 26, 27, 28, 29, 30, 31
Valid weekdays: Monday, Tuesday, Wednesday, Thursday, Friday, Saturday, Sunday
When: 23:30:00
Current Time: 2011-01-02 00:30:00
Valid Interval: 23:00:00-13:00:00
Valid days of month: 1, 2, 3, 4, 5, 6, 7, 8, 9, 10, 11, 12, 13, 14, 15, 16, 17, 18, 19, 20, 21, 22, 23, 24, 25, 26, 27, 28, 29, 30, 31
Valid weekdays: Monday, Tuesday, Wednesday, Thursday, Friday, Saturday, Sunday
When: 23:30:00
Current Time: 2011-01-02 13:00:00
Valid Interval: 23:00:00-13:00:00
Valid days of month: 1, 2, 3, 4, 5, 6, 7, 8, 9, 10, 11, 12, 13, 14, 15, 16, 17, 18, 19, 20, 21, 22, 23, 24, 25, 26, 27, 28, 29, 30, 31
Valid weekdays: Monday, Tuesday, Wednesday, Thursday, Friday, Saturday, Sunday
When: 01:00:00
Current Time: 2011-01-01 02:00:00
Valid Interval: 23:00:00-13:00:00
Valid days of month: 1, 2, 3, 4, 5, 6, 7, 8, 9, 10, 11, 12, 13, 14, 15, 16, 17, 18, 19, 20, 21, 22, 23, 24, 25, 26, 27, 28, 29, 30, 31
Valid weekdays: Monday, Tuesday, Wednesday, Thursday, Friday, Saturday, Sunday
When: 01:00:00
Current Time: 2011-01-02 02:00:00
Valid Interval: 13:00:00-16:00:00
Valid days of month: 1, 2, 3, 4, 5, 6, 7, 8, 9, 10, 11, 12, 13, 14, 15, 16, 17, 18, 19, 20, 21, 22, 23, 24, 25, 26, 27, 28, 29, 30, 31
Valid weekdays: Saturday, Sunday
When: 14:00:00
Current Time: 2007-01-01 12:00:00
Valid Interval: 13:00:00-16:00:00
Valid days of month: 1, 2, 3, 4, 5, 6, 7, 8, 9, 10, 11, 12, 13, 14, 15, 16, 17, 18, 19, 20, 21, 22, 23, 24, 25, 26, 27, 28, 29, 30, 31
Valid weekdays: Saturday, Sunday
When: 14:00:00
Current Time: 2007-01-02 13:30:00
Valid Interval: 13:00:00-16:00:00
Valid days of month: 1, 2, 3, 4, 5, 6, 7, 8, 9, 10, 11, 12, 13, 14, 15, 16, 17, 18, 19, 20, 21, 22, 23, 24, 25, 26, 27, 28, 29, 30, 31
Valid weekdays: Saturday, Sunday
When: 14:00:00
Current Time: 2007-01-06 13:30:00
Valid Interval: 13:00:00-16:00:00
Valid days of month: 1, 2, 3, 4, 5, 6, 7, 8, 9, 10, 11, 12, 13, 14, 15, 16, 17, 18, 19, 20, 21, 22, 23, 24, 25, 26, 27, 28, 29, 30, 31
Valid weekdays: Saturday, Sunday
When: 14:00:00
Current Time: 2007-01-06 14:30:00
Valid Interval: 13:00:00-16:00:00
Valid days of month: 1, 2, 3, 4, 5, 6, 7, 8, 9, 10, 11, 12, 13, 14, 15, 16, 17, 18, 19, 20, 21, 22, 23, 24, 25, 26, 27, 28, 29, 30, 31
Valid weekdays: Saturday, Sunday
When: 14:00:00
Current Time: 2007-01-06 16:30:00
Valid Interval: 13:00:00-16:00:00
Valid days of month: 1, 2, 3, 4, 5, 6, 7, 8, 9, 10, 11, 12, 13, 14, 15, 16, 17, 18, 19, 20, 21, 22, 23, 24, 25, 26, 27, 28, 29, 30, 31
Valid weekdays: Saturday, Sunday
When: 14:00:00
Current Time: 2007-01-07 16:00:00
Valid Interval: 23:00:00-02:00:00
Valid days of month: 1, 2, 3, 4, 5, 6, 7, 8, 9, 10, 11, 12, 13, 14, 15, 16, 17, 18, 19, 20, 21, 22, 23, 24, 25, 26, 27, 28, 29, 30, 31
Valid weekdays: Saturday, Sunday
When: 01:00:00
Current Time: 2007-01-01 12:00:00
Valid Interval: 23:00:00-02:00:00
Valid days of month: 1, 2, 3, 4, 5, 6, 7, 8, 9, 10, 11, 12, 13, 14, 15, 16, 17, 18, 19, 20, 21, 22, 23, 24, 25, 26, 27, 28, 29, 30, 31
Valid weekdays: Saturday, Sunday
When: 01:00:00
Current Time: 2007-01-02 01:00:00
Valid Interval: 23:00:00-02:00:00
Valid days of month: 1, 2, 3, 4, 5, 6, 7, 8, 9, 10, 11, 12, 13, 14, 15, 16, 17, 18, 19, 20, 21, 22, 23, 24, 25, 26, 27, 28, 29, 30, 31
Valid weekdays: Saturday, Sunday
When: 01:00:00
Current Time: 2007-01-06 00:30:00
Valid Interval: 23:00:00-02:00:00
Valid days of month: 1, 2, 3, 4, 5, 6, 7, 8, 9, 10, 11, 12, 13, 14, 15, 16, 17, 18, 19, 20, 21, 22, 23, 24, 25, 26, 27, 28, 29, 30, 31
Valid weekdays: Saturday, Sunday
When: 01:00:00
Current Time: 2007-01-06 01:30:00
Valid Interval: 23:00:00-02:00:00
Valid days of month: 1, 2, 3, 4, 5, 6, 7, 8, 9, 10, 11, 12, 13, 14, 15, 16, 17, 18, 19, 20, 21, 22, 23, 24, 25, 26, 27, 28, 29, 30, 31
Valid weekdays: Saturday, Sunday
When: 01:00:00
Current Time: 2007-01-06 02:30:00
Valid Interval: 23:00:00-02:00:00
Valid days of month: 1, 2, 3, 4, 5, 6, 7, 8, 9, 10, 11, 12, 13, 14, 15, 16, 17, 18, 19, 20, 21, 22, 23, 24, 25, 26, 27, 28, 29, 30, 31
Valid weekdays: Saturday, Sunday
When: 01:00:00
Current Time: 2007-01-07 02:00:00
Valid Interval: 23:00:00-02:00:00
Valid days of month: 1, 2, 3, 4, 5, 6, 7, 8, 9, 10, 11, 12, 13, 14, 15, 16, 17, 18, 19, 20, 21, 22, 23, 24, 25, 26, 27, 28, 29, 30, 31
Valid weekdays: Saturday, Sunday
When: 23:30:00
Current Time: 2007-01-01 12:00:00
Valid Interval: 23:00:00-02:00:00
Valid days of month: 1, 2, 3, 4, 5, 6, 7, 8, 9, 10, 11, 12, 13, 14, 15, 16, 17, 18, 19, 20, 21, 22, 23, 24, 25, 26, 27, 28, 29, 30, 31
Valid weekdays: Saturday, Sunday
When: 23:30:00
Current Time: 2007-01-05 23:30:00
Valid Interval: 23:00:00-02:00:00
Valid days of month: 1, 2, 3, 4, 5, 6, 7, 8, 9, 10, 11, 12, 13, 14, 15, 16, 17, 18, 19, 20, 21, 22, 23, 24, 25, 26, 27, 28, 29, 30, 31
Valid weekdays: Saturday, Sunday
When: 23:30:00
Current Time: 2007-01-06 23:00:00
Valid Interval: 23:00:00-02:00:00
Valid days of month: 1, 2, 3, 4, 5, 6, 7, 8, 9, 10, 11, 12, 13, 14, 15, 16, 17, 18, 19, 20, 21, 22, 23, 24, 25, 26, 27, 28, 29, 30, 31
Valid weekdays: Saturday, Sunday
When: 23:30:00
Current Time: 2007-01-06 02:00:00
Valid Interval: 23:00:00-02:00:00
Valid days of month: 1, 2, 3, 4, 5, 6, 7, 8, 9, 10, 11, 12, 13, 14, 15, 16, 17, 18, 19, 20, 21, 22, 23, 24, 25, 26, 27, 28, 29, 30, 31
Valid weekdays: Saturday, Sunday
When: 23:30:00
Current Time: 2007-01-07 23:40:00
Valid Interval: 23:00:00-02:00:00
Valid days of month: 1, 2, 3, 4, 5, 6, 7, 8, 9, 10, 11, 12, 13, 14, 15, 16, 17, 18, 19, 20, 21, 22, 23, 24, 25, 26, 27, 28, 29, 30, 31
Valid weekdays: Saturday, Sunday
When: 23:30:00
Current Time: 2007-01-07 01:00:00
Valid Interval: 13:00:00-16:00:00
Valid days of month: 1, 2, 3, 4, 5, 6, 7, 8, 9, 10, 11, 12, 13, 14, 15, 16, 17, 18, 19, 20, 21, 22, 23, 24, 25, 26, 27, 28, 29, 30, 31
Valid weekdays: Saturday, Sunday
When: 14:00:00
Current Time: 2007-01-01 12:00:00
Valid Interval: 13:00:00-16:00:00
Valid days of month: 1, 2, 3, 4, 5, 6, 7, 8, 9, 10, 11, 12, 13, 14, 15, 16, 17, 18, 19, 20, 21, 22, 23, 24, 25, 26, 27, 28, 29, 30, 31
Valid weekdays: Saturday, Sunday
When: 14:00:00
Current Time: 2007-01-02 13:30:00
Valid Interval: 13:00:00-16:00:00
Valid days of month: 1, 2, 3, 4, 5, 6, 7, 8, 9, 10, 11, 12, 13, 14, 15, 16, 17, 18, 19, 20, 21, 22, 23, 24, 25, 26, 27, 28, 29, 30, 31
Valid weekdays: Saturday, Sunday
When: 14:00:00
Current Time: 2007-01-06 13:30:00
Valid Interval: 13:00:00-16:00:00
Valid days of month: 1, 2, 3, 4, 5, 6, 7, 8, 9, 10, 11, 12, 13, 14, 15, 16, 17, 18, 19, 20, 21, 22, 23, 24, 25, 26, 27, 28, 29, 30, 31
Valid weekdays: Saturday, Sunday
When: 14:00:00
Current Time: 2007-01-06 14:30:00
Valid Interval: 13:00:00-16:00:00
Valid days of month: 1, 2, 3, 4, 5, 6, 7, 8, 9, 10, 11, 12, 13, 14, 15, 16, 17, 18, 19, 20, 21, 22, 23, 24, 25, 26, 27, 28, 29, 30, 31
Valid weekdays: Saturday, Sunday
When: 14:00:00
Current Time: 2007-01-06 16:30:00
Valid Interval: 13:00:00-16:00:00
Valid days of month: 1, 2, 3, 4, 5, 6, 7, 8, 9, 10, 11, 12, 13, 14, 15, 16, 17, 18, 19, 20, 21, 22, 23, 24, 25, 26, 27, 28, 29, 30, 31
Valid weekdays: Saturday, Sunday
When: 14:00:00
Current Time: 2007-01-07 16:00:00
Valid Interval: 23:00:00-02:00:00
Valid days of month: 1, 2, 3, 4, 5, 6, 7, 8, 9, 10, 11, 12, 13, 14, 15, 16, 17, 18, 19, 20, 21, 22, 23, 24, 25, 26, 27, 28, 29, 30, 31
Valid weekdays: Saturday, Sunday
When: 01:00:00
Current Time: 2007-01-01 12:00:00
Valid Interval: 23:00:00-02:00:00
Valid days of month: 1, 2, 3, 4, 5, 6, 7, 8, 9, 10, 11, 12, 13, 14, 15, 16, 17, 18, 19, 20, 21, 22, 23, 24, 25, 26, 27, 28, 29, 30, 31
Valid weekdays: Saturday, Sunday
When: 01:00:00
Current Time: 2007-01-02 01:00:00
Valid Interval: 23:00:00-02:00:00
Valid days of month: 1, 2, 3, 4, 5, 6, 7, 8, 9, 10, 11, 12, 13, 14, 15, 16, 17, 18, 19, 20, 21, 22, 23, 24, 25, 26, 27, 28, 29, 30, 31
Valid weekdays: Saturday, Sunday
When: 01:00:00
Current Time: 2007-01-06 00:30:00
Valid Interval: 23:00:00-02:00:00
Valid days of month: 1, 2, 3, 4, 5, 6, 7, 8, 9, 10, 11, 12, 13, 14, 15, 16, 17, 18, 19, 20, 21, 22, 23, 24, 25, 26, 27, 28, 29, 30, 31
Valid weekdays: Saturday, Sunday
When: 01:00:00
Current Time: 2007-01-06 02:30:00
Valid Interval: 23:00:00-02:00:00
Valid days of month: 1, 2, 3, 4, 5, 6, 7, 8, 9, 10, 11, 12, 13, 14, 15, 16, 17, 18, 19, 20, 21, 22, 23, 24, 25, 26, 27, 28, 29, 30, 31
Valid weekdays: Saturday, Sunday
When: 23:30:00
Current Time: 2007-01-01 12:00:00
Valid Interval: 23:00:00-02:00:00
Valid days of month: 1, 2, 3, 4, 5, 6, 7, 8, 9, 10, 11, 12, 13, 14, 15, 16, 17, 18, 19, 20, 21, 22, 23, 24, 25, 26, 27, 28, 29, 30, 31
Valid weekdays: Saturday, Sunday
When: 23:30:00
Current Time: 2007-01-05 23:30:00
Valid Interval: 23:00:00-02:00:00
Valid days of month: 1, 2, 3, 4, 5, 6, 7, 8, 9, 10, 11, 12, 13, 14, 15, 16, 17, 18, 19, 20, 21, 22, 23, 24, 25, 26, 27, 28, 29, 30, 31
Valid weekdays: Saturday, Sunday
When: 23:30:00
Current Time: 2007-01-06 23:00:00
Valid Interval: 23:00:00-02:00:00
Valid days of month: 1, 2, 3, 4, 5, 6, 7, 8, 9, 10, 11, 12, 13, 14, 15, 16, 17, 18, 19, 20, 21, 22, 23, 24, 25, 26, 27, 28, 29, 30, 31
Valid weekdays: Saturday, Sunday
When: 23:30:00
Current Time: 2007-01-06 02:00:00
Valid Interval: 23:00:00-02:00:00
Valid days of month: 1, 2, 3, 4, 5, 6, 7, 8, 9, 10, 11, 12, 13, 14, 15, 16, 17, 18, 19, 20, 21, 22, 23, 24, 25, 26, 27, 28, 29, 30, 31
Valid weekdays: Saturday, Sunday
When: 23:30:00
Current Time: 2007-01-07 23:40:00
Valid Interval: 23:00:00-02:00:00
Valid days of month: 1, 2, 3, 4, 5, 6, 7, 8, 9, 10, 11, 12, 13, 14, 15, 16, 17, 18, 19, 20, 21, 22, 23, 24, 25, 26, 27, 28, 29, 30, 31
Valid weekdays: Saturday, Sunday
When: 23:30:00
Current Time: 2007-01-07 01:00:00
Valid Interval: 13:00:00-16:00:00
Valid days of month: 1, 2, 3, 4, 5, 6, 7, 8, 9, 10, 11, 12, 13, 14, 15, 16, 17, 18, 19, 20, 21, 22, 23, 24, 25, 26, 27, 28, 29, 30, 31
Valid weekdays: Saturday, Sunday
When: 14:00:00
Current Time: 2007-01-06 14:30:00
Valid Interval: 13:00:00-16:00:00
Valid days of month: 1, 2, 3, 4, 5, 6, 7, 8, 9, 10, 11, 12, 13, 14, 15, 16, 17, 18, 19, 20, 21, 22, 23, 24, 25, 26, 27, 28, 29, 30, 31
Valid weekdays: Saturday, Sunday
When: 14:00:00
Current Time: 2007-01-07 15:00:00
Valid Interval: 23:00:00-02:00:00
Valid days of month: 1, 2, 3, 4, 5, 6, 7, 8, 9, 10, 11, 12, 13, 14, 15, 16, 17, 18, 19, 20, 21, 22, 23, 24, 25, 26, 27, 28, 29, 30, 31
Valid weekdays: Saturday, Sunday
When: 01:00:00
Current Time: 2007-01-06 01:30:00
Valid Interval: 23:00:00-02:00:00
Valid days of month: 1, 2, 3, 4, 5, 6, 7, 8, 9, 10, 11, 12, 13, 14, 15, 16, 17, 18, 19, 20, 21, 22, 23, 24, 25, 26, 27, 28, 29, 30, 31
Valid weekdays: Saturday, Sunday
When: 01:00:00
Current Time: 2007-01-07 01:30:00
Valid Interval: 23:00:00-02:00:00
Valid days of month: 1, 2, 3, 4, 5, 6, 7, 8, 9, 10, 11, 12, 13, 14, 15, 16, 17, 18, 19, 20, 21, 22, 23, 24, 25, 26, 27, 28, 29, 30, 31
Valid weekdays: Saturday, Sunday
When: 23:30:00
Current Time: 2007-01-06 23:02:00
Valid Interval: 23:00:00-02:00:00
Valid days of month: 1, 2, 3, 4, 5, 6, 7, 8, 9, 10, 11, 12, 13, 14, 15, 16, 17, 18, 19, 20, 21, 22, 23, 24, 25, 26, 27, 28, 29, 30, 31
Valid weekdays: Saturday, Sunday
When: 23:30:00
Current Time: 2007-01-06 01:10:00
Valid Interval: 23:00:00-02:00:00
Valid days of month: 1, 2, 3, 4, 5, 6, 7, 8, 9, 10, 11, 12, 13, 14, 15, 16, 17, 18, 19, 20, 21, 22, 23, 24, 25, 26, 27, 28, 29, 30, 31
Valid weekdays: Saturday, Sunday
When: 23:30:00
Current Time: 2007-01-07 01:00:40
Valid Interval: 23:00:00-02:00:00
Valid days of month: 2
Valid weekdays: Saturday, Sunday
When: 23:30:00
Current Time: 2007-01-01 12:00:00
Valid Interval: 23:00:00-02:00:00
Valid days of month: 1, 2
Valid weekdays: Saturday, Sunday
When: 23:30:00
Current Time: 2007-01-05 23:30:00
Valid Interval: 23:00:00-02:00:00
Valid days of month: 1, 2
Valid weekdays: Saturday, Sunday
When: 23:30:00
Current Time: 2007-01-06 23:00:00</StdOut>
      </Output>
    </UnitTestResult>
    <UnitTestResult executionId="df3b998a-502d-4864-a226-14fc126ec823" testId="728c09c3-df32-480c-bc3d-b36fdd4550e8" testName="GetNextTimeToTrigger_AbsoluteTimer_ReturnsCorrectTime (Data Row 74)" computerName="ICSWS068" duration="00:00:00.0033946" startTime="2016-08-04T07:57:22.9265987+02:00" endTime="2016-08-04T07:57:22.9301028+02:00" testType="13cdc9d9-ddb5-4fa4-a97d-d965ccfc6d4b" outcome="Passed" testListId="8c84fa94-04c1-424b-9868-57a2d4851a1d" relativeResultsDirectory="df3b998a-502d-4864-a226-14fc126ec823">
      <Output>
        <StdOut>TestContext Messages:
Valid Interval: 11:00:00-13:00:00
Valid days of month: 1, 2, 3, 4, 5, 6, 7, 8, 9, 10, 11, 12, 13, 14, 15, 16, 17, 18, 19, 20, 21, 22, 23, 24, 25, 26, 27, 28, 29, 30, 31
Valid weekdays: Monday, Tuesday, Wednesday, Thursday, Friday, Saturday, Sunday
When: 12:00:00
Current Time: 2011-01-01 00:00:00
Valid Interval: 11:00:00-13:00:00
Valid days of month: 1, 2, 3, 4, 5, 6, 7, 8, 9, 10, 11, 12, 13, 14, 15, 16, 17, 18, 19, 20, 21, 22, 23, 24, 25, 26, 27, 28, 29, 30, 31
Valid weekdays: Monday, Tuesday, Wednesday, Thursday, Friday, Saturday, Sunday
When: 12:00:00
Current Time: 2011-01-01 09:00:00
Valid Interval: 11:00:00-13:00:00
Valid days of month: 1, 2, 3, 4, 5, 6, 7, 8, 9, 10, 11, 12, 13, 14, 15, 16, 17, 18, 19, 20, 21, 22, 23, 24, 25, 26, 27, 28, 29, 30, 31
Valid weekdays: Monday, Tuesday, Wednesday, Thursday, Friday, Saturday, Sunday
When: 12:00:00
Current Time: 2011-01-01 11:00:00
Valid Interval: 11:00:00-13:00:00
Valid days of month: 1, 2, 3, 4, 5, 6, 7, 8, 9, 10, 11, 12, 13, 14, 15, 16, 17, 18, 19, 20, 21, 22, 23, 24, 25, 26, 27, 28, 29, 30, 31
Valid weekdays: Monday, Tuesday, Wednesday, Thursday, Friday, Saturday, Sunday
When: 12:00:00
Current Time: 2011-01-01 12:00:00
Valid Interval: 11:00:00-13:00:00
Valid days of month: 1, 2, 3, 4, 5, 6, 7, 8, 9, 10, 11, 12, 13, 14, 15, 16, 17, 18, 19, 20, 21, 22, 23, 24, 25, 26, 27, 28, 29, 30, 31
Valid weekdays: Monday, Tuesday, Wednesday, Thursday, Friday, Saturday, Sunday
When: 12:00:00
Current Time: 2011-01-01 12:30:00
Valid Interval: 11:00:00-13:00:00
Valid days of month: 1, 2, 3, 4, 5, 6, 7, 8, 9, 10, 11, 12, 13, 14, 15, 16, 17, 18, 19, 20, 21, 22, 23, 24, 25, 26, 27, 28, 29, 30, 31
Valid weekdays: Monday, Tuesday, Wednesday, Thursday, Friday, Saturday, Sunday
When: 12:00:00
Current Time: 2011-01-01 13:00:00
Valid Interval: 11:00:00-13:00:00
Valid days of month: 1, 2, 3, 4, 5, 6, 7, 8, 9, 10, 11, 12, 13, 14, 15, 16, 17, 18, 19, 20, 21, 22, 23, 24, 25, 26, 27, 28, 29, 30, 31
Valid weekdays: Monday, Tuesday, Wednesday, Thursday, Friday, Saturday, Sunday
When: 12:00:00
Current Time: 2011-01-02 00:00:00
Valid Interval: 11:00:00-13:00:00
Valid days of month: 1, 2, 3, 4, 5, 6, 7, 8, 9, 10, 11, 12, 13, 14, 15, 16, 17, 18, 19, 20, 21, 22, 23, 24, 25, 26, 27, 28, 29, 30, 31
Valid weekdays: Monday, Tuesday, Wednesday, Thursday, Friday, Saturday, Sunday
When: 12:00:00
Current Time: 2011-01-02 09:00:00
Valid Interval: 11:00:00-13:00:00
Valid days of month: 1, 2, 3, 4, 5, 6, 7, 8, 9, 10, 11, 12, 13, 14, 15, 16, 17, 18, 19, 20, 21, 22, 23, 24, 25, 26, 27, 28, 29, 30, 31
Valid weekdays: Monday, Tuesday, Wednesday, Thursday, Friday, Saturday, Sunday
When: 12:00:00
Current Time: 2011-01-02 12:00:00
Valid Interval: 11:00:00-13:00:00
Valid days of month: 1, 2, 3, 4, 5, 6, 7, 8, 9, 10, 11, 12, 13, 14, 15, 16, 17, 18, 19, 20, 21, 22, 23, 24, 25, 26, 27, 28, 29, 30, 31
Valid weekdays: Monday, Tuesday, Wednesday, Thursday, Friday, Saturday, Sunday
When: 12:00:00
Current Time: 2011-01-02 12:45:30
Valid Interval: 11:00:00-13:00:00
Valid days of month: 1, 2, 3, 4, 5, 6, 7, 8, 9, 10, 11, 12, 13, 14, 15, 16, 17, 18, 19, 20, 21, 22, 23, 24, 25, 26, 27, 28, 29, 30, 31
Valid weekdays: Monday, Tuesday, Wednesday, Thursday, Friday, Saturday, Sunday
When: 12:00:00
Current Time: 2011-01-02 13:00:00
Valid Interval: 11:00:00-13:00:00
Valid days of month: 1, 2, 3, 4, 5, 6, 7, 8, 9, 10, 11, 12, 13, 14, 15, 16, 17, 18, 19, 20, 21, 22, 23, 24, 25, 26, 27, 28, 29, 30, 31
Valid weekdays: Monday, Tuesday, Wednesday, Thursday, Friday, Saturday, Sunday
When: 12:00:00
Current Time: 2011-01-01 12:00:00
Valid Interval: 11:00:00-13:00:00
Valid days of month: 1, 2, 3, 4, 5, 6, 7, 8, 9, 10, 11, 12, 13, 14, 15, 16, 17, 18, 19, 20, 21, 22, 23, 24, 25, 26, 27, 28, 29, 30, 31
Valid weekdays: Monday, Tuesday, Wednesday, Thursday, Friday, Saturday, Sunday
When: 12:00:00
Current Time: 2011-01-01 12:30:00
Valid Interval: 11:00:00-13:00:00
Valid days of month: 1, 2, 3, 4, 5, 6, 7, 8, 9, 10, 11, 12, 13, 14, 15, 16, 17, 18, 19, 20, 21, 22, 23, 24, 25, 26, 27, 28, 29, 30, 31
Valid weekdays: Monday, Tuesday, Wednesday, Thursday, Friday, Saturday, Sunday
When: 12:00:00
Current Time: 2011-01-01 12:30:00
Valid Interval: 11:00:00-13:00:00
Valid days of month: 1, 2, 3, 4, 5, 6, 7, 8, 9, 10, 11, 12, 13, 14, 15, 16, 17, 18, 19, 20, 21, 22, 23, 24, 25, 26, 27, 28, 29, 30, 31
Valid weekdays: Monday, Tuesday, Wednesday, Thursday, Friday, Saturday, Sunday
When: 12:00:00
Current Time: 2011-01-01 13:00:00
Valid Interval: 11:00:00-13:00:00
Valid days of month: 1, 2, 3, 4, 5, 6, 7, 8, 9, 10, 11, 12, 13, 14, 15, 16, 17, 18, 19, 20, 21, 22, 23, 24, 25, 26, 27, 28, 29, 30, 31
Valid weekdays: Monday, Tuesday, Wednesday, Thursday, Friday, Saturday, Sunday
When: 12:00:00
Current Time: 2011-01-01 14:30:00
Valid Interval: 23:00:00-13:00:00
Valid days of month: 1, 2, 3, 4, 5, 6, 7, 8, 9, 10, 11, 12, 13, 14, 15, 16, 17, 18, 19, 20, 21, 22, 23, 24, 25, 26, 27, 28, 29, 30, 31
Valid weekdays: Monday, Tuesday, Wednesday, Thursday, Friday, Saturday, Sunday
When: 23:30:00
Current Time: 2011-01-01 16:00:00
Valid Interval: 23:00:00-13:00:00
Valid days of month: 1, 2, 3, 4, 5, 6, 7, 8, 9, 10, 11, 12, 13, 14, 15, 16, 17, 18, 19, 20, 21, 22, 23, 24, 25, 26, 27, 28, 29, 30, 31
Valid weekdays: Monday, Tuesday, Wednesday, Thursday, Friday, Saturday, Sunday
When: 23:30:00
Current Time: 2011-01-01 23:00:00
Valid Interval: 23:00:00-13:00:00
Valid days of month: 1, 2, 3, 4, 5, 6, 7, 8, 9, 10, 11, 12, 13, 14, 15, 16, 17, 18, 19, 20, 21, 22, 23, 24, 25, 26, 27, 28, 29, 30, 31
Valid weekdays: Monday, Tuesday, Wednesday, Thursday, Friday, Saturday, Sunday
When: 23:30:00
Current Time: 2011-01-01 23:30:00
Valid Interval: 23:00:00-13:00:00
Valid days of month: 1, 2, 3, 4, 5, 6, 7, 8, 9, 10, 11, 12, 13, 14, 15, 16, 17, 18, 19, 20, 21, 22, 23, 24, 25, 26, 27, 28, 29, 30, 31
Valid weekdays: Monday, Tuesday, Wednesday, Thursday, Friday, Saturday, Sunday
When: 23:30:00
Current Time: 2011-01-01 23:45:00
Valid Interval: 23:00:00-13:00:00
Valid days of month: 1, 2, 3, 4, 5, 6, 7, 8, 9, 10, 11, 12, 13, 14, 15, 16, 17, 18, 19, 20, 21, 22, 23, 24, 25, 26, 27, 28, 29, 30, 31
Valid weekdays: Monday, Tuesday, Wednesday, Thursday, Friday, Saturday, Sunday
When: 23:30:00
Current Time: 2011-01-02 00:30:00
Valid Interval: 23:00:00-13:00:00
Valid days of month: 1, 2, 3, 4, 5, 6, 7, 8, 9, 10, 11, 12, 13, 14, 15, 16, 17, 18, 19, 20, 21, 22, 23, 24, 25, 26, 27, 28, 29, 30, 31
Valid weekdays: Monday, Tuesday, Wednesday, Thursday, Friday, Saturday, Sunday
When: 23:30:00
Current Time: 2011-01-01 13:00:00
Valid Interval: 23:00:00-13:00:00
Valid days of month: 1, 2, 3, 4, 5, 6, 7, 8, 9, 10, 11, 12, 13, 14, 15, 16, 17, 18, 19, 20, 21, 22, 23, 24, 25, 26, 27, 28, 29, 30, 31
Valid weekdays: Monday, Tuesday, Wednesday, Thursday, Friday, Saturday, Sunday
When: 01:00:00
Current Time: 2011-01-01 16:00:00
Valid Interval: 23:00:00-13:00:00
Valid days of month: 1, 2, 3, 4, 5, 6, 7, 8, 9, 10, 11, 12, 13, 14, 15, 16, 17, 18, 19, 20, 21, 22, 23, 24, 25, 26, 27, 28, 29, 30, 31
Valid weekdays: Monday, Tuesday, Wednesday, Thursday, Friday, Saturday, Sunday
When: 01:00:00
Current Time: 2011-01-01 23:00:00
Valid Interval: 23:00:00-13:00:00
Valid days of month: 1, 2, 3, 4, 5, 6, 7, 8, 9, 10, 11, 12, 13, 14, 15, 16, 17, 18, 19, 20, 21, 22, 23, 24, 25, 26, 27, 28, 29, 30, 31
Valid weekdays: Monday, Tuesday, Wednesday, Thursday, Friday, Saturday, Sunday
When: 01:00:00
Current Time: 2011-01-01 23:30:00
Valid Interval: 23:00:00-13:00:00
Valid days of month: 1, 2, 3, 4, 5, 6, 7, 8, 9, 10, 11, 12, 13, 14, 15, 16, 17, 18, 19, 20, 21, 22, 23, 24, 25, 26, 27, 28, 29, 30, 31
Valid weekdays: Monday, Tuesday, Wednesday, Thursday, Friday, Saturday, Sunday
When: 01:00:00
Current Time: 2011-01-02 00:30:00
Valid Interval: 23:00:00-13:00:00
Valid days of month: 1, 2, 3, 4, 5, 6, 7, 8, 9, 10, 11, 12, 13, 14, 15, 16, 17, 18, 19, 20, 21, 22, 23, 24, 25, 26, 27, 28, 29, 30, 31
Valid weekdays: Monday, Tuesday, Wednesday, Thursday, Friday, Saturday, Sunday
When: 01:00:00
Current Time: 2011-01-01 02:00:00
Valid Interval: 23:00:00-13:00:00
Valid days of month: 1, 2, 3, 4, 5, 6, 7, 8, 9, 10, 11, 12, 13, 14, 15, 16, 17, 18, 19, 20, 21, 22, 23, 24, 25, 26, 27, 28, 29, 30, 31
Valid weekdays: Monday, Tuesday, Wednesday, Thursday, Friday, Saturday, Sunday
When: 01:00:00
Current Time: 2011-01-01 13:00:00
Valid Interval: 23:00:00-13:00:00
Valid days of month: 1, 2, 3, 4, 5, 6, 7, 8, 9, 10, 11, 12, 13, 14, 15, 16, 17, 18, 19, 20, 21, 22, 23, 24, 25, 26, 27, 28, 29, 30, 31
Valid weekdays: Monday, Tuesday, Wednesday, Thursday, Friday, Saturday, Sunday
When: 23:30:00
Current Time: 2011-01-01 16:00:00
Valid Interval: 23:00:00-13:00:00
Valid days of month: 1, 2, 3, 4, 5, 6, 7, 8, 9, 10, 11, 12, 13, 14, 15, 16, 17, 18, 19, 20, 21, 22, 23, 24, 25, 26, 27, 28, 29, 30, 31
Valid weekdays: Monday, Tuesday, Wednesday, Thursday, Friday, Saturday, Sunday
When: 23:30:00
Current Time: 2011-01-01 23:00:00
Valid Interval: 23:00:00-13:00:00
Valid days of month: 1, 2, 3, 4, 5, 6, 7, 8, 9, 10, 11, 12, 13, 14, 15, 16, 17, 18, 19, 20, 21, 22, 23, 24, 25, 26, 27, 28, 29, 30, 31
Valid weekdays: Monday, Tuesday, Wednesday, Thursday, Friday, Saturday, Sunday
When: 23:30:00
Current Time: 2011-01-01 23:30:00
Valid Interval: 23:00:00-13:00:00
Valid days of month: 1, 2, 3, 4, 5, 6, 7, 8, 9, 10, 11, 12, 13, 14, 15, 16, 17, 18, 19, 20, 21, 22, 23, 24, 25, 26, 27, 28, 29, 30, 31
Valid weekdays: Monday, Tuesday, Wednesday, Thursday, Friday, Saturday, Sunday
When: 23:30:00
Current Time: 2011-01-01 23:45:00
Valid Interval: 23:00:00-13:00:00
Valid days of month: 1, 2, 3, 4, 5, 6, 7, 8, 9, 10, 11, 12, 13, 14, 15, 16, 17, 18, 19, 20, 21, 22, 23, 24, 25, 26, 27, 28, 29, 30, 31
Valid weekdays: Monday, Tuesday, Wednesday, Thursday, Friday, Saturday, Sunday
When: 23:30:00
Current Time: 2011-01-02 00:30:00
Valid Interval: 23:00:00-13:00:00
Valid days of month: 1, 2, 3, 4, 5, 6, 7, 8, 9, 10, 11, 12, 13, 14, 15, 16, 17, 18, 19, 20, 21, 22, 23, 24, 25, 26, 27, 28, 29, 30, 31
Valid weekdays: Monday, Tuesday, Wednesday, Thursday, Friday, Saturday, Sunday
When: 23:30:00
Current Time: 2011-01-01 13:00:00
Valid Interval: 23:00:00-13:00:00
Valid days of month: 1, 2, 3, 4, 5, 6, 7, 8, 9, 10, 11, 12, 13, 14, 15, 16, 17, 18, 19, 20, 21, 22, 23, 24, 25, 26, 27, 28, 29, 30, 31
Valid weekdays: Monday, Tuesday, Wednesday, Thursday, Friday, Saturday, Sunday
When: 01:00:00
Current Time: 2011-01-01 16:00:00
Valid Interval: 23:00:00-13:00:00
Valid days of month: 1, 2, 3, 4, 5, 6, 7, 8, 9, 10, 11, 12, 13, 14, 15, 16, 17, 18, 19, 20, 21, 22, 23, 24, 25, 26, 27, 28, 29, 30, 31
Valid weekdays: Monday, Tuesday, Wednesday, Thursday, Friday, Saturday, Sunday
When: 01:00:00
Current Time: 2011-01-01 23:00:00
Valid Interval: 23:00:00-13:00:00
Valid days of month: 1, 2, 3, 4, 5, 6, 7, 8, 9, 10, 11, 12, 13, 14, 15, 16, 17, 18, 19, 20, 21, 22, 23, 24, 25, 26, 27, 28, 29, 30, 31
Valid weekdays: Monday, Tuesday, Wednesday, Thursday, Friday, Saturday, Sunday
When: 01:00:00
Current Time: 2011-01-01 23:30:00
Valid Interval: 23:00:00-13:00:00
Valid days of month: 1, 2, 3, 4, 5, 6, 7, 8, 9, 10, 11, 12, 13, 14, 15, 16, 17, 18, 19, 20, 21, 22, 23, 24, 25, 26, 27, 28, 29, 30, 31
Valid weekdays: Monday, Tuesday, Wednesday, Thursday, Friday, Saturday, Sunday
When: 01:00:00
Current Time: 2011-01-02 00:30:00
Valid Interval: 23:00:00-13:00:00
Valid days of month: 1, 2, 3, 4, 5, 6, 7, 8, 9, 10, 11, 12, 13, 14, 15, 16, 17, 18, 19, 20, 21, 22, 23, 24, 25, 26, 27, 28, 29, 30, 31
Valid weekdays: Monday, Tuesday, Wednesday, Thursday, Friday, Saturday, Sunday
When: 01:00:00
Current Time: 2011-01-02 02:00:00
Valid Interval: 23:00:00-13:00:00
Valid days of month: 1, 2, 3, 4, 5, 6, 7, 8, 9, 10, 11, 12, 13, 14, 15, 16, 17, 18, 19, 20, 21, 22, 23, 24, 25, 26, 27, 28, 29, 30, 31
Valid weekdays: Monday, Tuesday, Wednesday, Thursday, Friday, Saturday, Sunday
When: 01:00:00
Current Time: 2011-01-02 13:00:00
Valid Interval: 23:00:00-13:00:00
Valid days of month: 1, 2, 3, 4, 5, 6, 7, 8, 9, 10, 11, 12, 13, 14, 15, 16, 17, 18, 19, 20, 21, 22, 23, 24, 25, 26, 27, 28, 29, 30, 31
Valid weekdays: Monday, Tuesday, Wednesday, Thursday, Friday, Saturday, Sunday
When: 23:30:00
Current Time: 2011-01-01 23:30:05
Valid Interval: 23:00:00-13:00:00
Valid days of month: 1, 2, 3, 4, 5, 6, 7, 8, 9, 10, 11, 12, 13, 14, 15, 16, 17, 18, 19, 20, 21, 22, 23, 24, 25, 26, 27, 28, 29, 30, 31
Valid weekdays: Monday, Tuesday, Wednesday, Thursday, Friday, Saturday, Sunday
When: 23:30:00
Current Time: 2011-01-02 00:30:00
Valid Interval: 23:00:00-13:00:00
Valid days of month: 1, 2, 3, 4, 5, 6, 7, 8, 9, 10, 11, 12, 13, 14, 15, 16, 17, 18, 19, 20, 21, 22, 23, 24, 25, 26, 27, 28, 29, 30, 31
Valid weekdays: Monday, Tuesday, Wednesday, Thursday, Friday, Saturday, Sunday
When: 23:30:00
Current Time: 2011-01-02 13:00:00
Valid Interval: 23:00:00-13:00:00
Valid days of month: 1, 2, 3, 4, 5, 6, 7, 8, 9, 10, 11, 12, 13, 14, 15, 16, 17, 18, 19, 20, 21, 22, 23, 24, 25, 26, 27, 28, 29, 30, 31
Valid weekdays: Monday, Tuesday, Wednesday, Thursday, Friday, Saturday, Sunday
When: 01:00:00
Current Time: 2011-01-01 02:00:00
Valid Interval: 23:00:00-13:00:00
Valid days of month: 1, 2, 3, 4, 5, 6, 7, 8, 9, 10, 11, 12, 13, 14, 15, 16, 17, 18, 19, 20, 21, 22, 23, 24, 25, 26, 27, 28, 29, 30, 31
Valid weekdays: Monday, Tuesday, Wednesday, Thursday, Friday, Saturday, Sunday
When: 01:00:00
Current Time: 2011-01-02 02:00:00
Valid Interval: 13:00:00-16:00:00
Valid days of month: 1, 2, 3, 4, 5, 6, 7, 8, 9, 10, 11, 12, 13, 14, 15, 16, 17, 18, 19, 20, 21, 22, 23, 24, 25, 26, 27, 28, 29, 30, 31
Valid weekdays: Saturday, Sunday
When: 14:00:00
Current Time: 2007-01-01 12:00:00
Valid Interval: 13:00:00-16:00:00
Valid days of month: 1, 2, 3, 4, 5, 6, 7, 8, 9, 10, 11, 12, 13, 14, 15, 16, 17, 18, 19, 20, 21, 22, 23, 24, 25, 26, 27, 28, 29, 30, 31
Valid weekdays: Saturday, Sunday
When: 14:00:00
Current Time: 2007-01-02 13:30:00
Valid Interval: 13:00:00-16:00:00
Valid days of month: 1, 2, 3, 4, 5, 6, 7, 8, 9, 10, 11, 12, 13, 14, 15, 16, 17, 18, 19, 20, 21, 22, 23, 24, 25, 26, 27, 28, 29, 30, 31
Valid weekdays: Saturday, Sunday
When: 14:00:00
Current Time: 2007-01-06 13:30:00
Valid Interval: 13:00:00-16:00:00
Valid days of month: 1, 2, 3, 4, 5, 6, 7, 8, 9, 10, 11, 12, 13, 14, 15, 16, 17, 18, 19, 20, 21, 22, 23, 24, 25, 26, 27, 28, 29, 30, 31
Valid weekdays: Saturday, Sunday
When: 14:00:00
Current Time: 2007-01-06 14:30:00
Valid Interval: 13:00:00-16:00:00
Valid days of month: 1, 2, 3, 4, 5, 6, 7, 8, 9, 10, 11, 12, 13, 14, 15, 16, 17, 18, 19, 20, 21, 22, 23, 24, 25, 26, 27, 28, 29, 30, 31
Valid weekdays: Saturday, Sunday
When: 14:00:00
Current Time: 2007-01-06 16:30:00
Valid Interval: 13:00:00-16:00:00
Valid days of month: 1, 2, 3, 4, 5, 6, 7, 8, 9, 10, 11, 12, 13, 14, 15, 16, 17, 18, 19, 20, 21, 22, 23, 24, 25, 26, 27, 28, 29, 30, 31
Valid weekdays: Saturday, Sunday
When: 14:00:00
Current Time: 2007-01-07 16:00:00
Valid Interval: 23:00:00-02:00:00
Valid days of month: 1, 2, 3, 4, 5, 6, 7, 8, 9, 10, 11, 12, 13, 14, 15, 16, 17, 18, 19, 20, 21, 22, 23, 24, 25, 26, 27, 28, 29, 30, 31
Valid weekdays: Saturday, Sunday
When: 01:00:00
Current Time: 2007-01-01 12:00:00
Valid Interval: 23:00:00-02:00:00
Valid days of month: 1, 2, 3, 4, 5, 6, 7, 8, 9, 10, 11, 12, 13, 14, 15, 16, 17, 18, 19, 20, 21, 22, 23, 24, 25, 26, 27, 28, 29, 30, 31
Valid weekdays: Saturday, Sunday
When: 01:00:00
Current Time: 2007-01-02 01:00:00
Valid Interval: 23:00:00-02:00:00
Valid days of month: 1, 2, 3, 4, 5, 6, 7, 8, 9, 10, 11, 12, 13, 14, 15, 16, 17, 18, 19, 20, 21, 22, 23, 24, 25, 26, 27, 28, 29, 30, 31
Valid weekdays: Saturday, Sunday
When: 01:00:00
Current Time: 2007-01-06 00:30:00
Valid Interval: 23:00:00-02:00:00
Valid days of month: 1, 2, 3, 4, 5, 6, 7, 8, 9, 10, 11, 12, 13, 14, 15, 16, 17, 18, 19, 20, 21, 22, 23, 24, 25, 26, 27, 28, 29, 30, 31
Valid weekdays: Saturday, Sunday
When: 01:00:00
Current Time: 2007-01-06 01:30:00
Valid Interval: 23:00:00-02:00:00
Valid days of month: 1, 2, 3, 4, 5, 6, 7, 8, 9, 10, 11, 12, 13, 14, 15, 16, 17, 18, 19, 20, 21, 22, 23, 24, 25, 26, 27, 28, 29, 30, 31
Valid weekdays: Saturday, Sunday
When: 01:00:00
Current Time: 2007-01-06 02:30:00
Valid Interval: 23:00:00-02:00:00
Valid days of month: 1, 2, 3, 4, 5, 6, 7, 8, 9, 10, 11, 12, 13, 14, 15, 16, 17, 18, 19, 20, 21, 22, 23, 24, 25, 26, 27, 28, 29, 30, 31
Valid weekdays: Saturday, Sunday
When: 01:00:00
Current Time: 2007-01-07 02:00:00
Valid Interval: 23:00:00-02:00:00
Valid days of month: 1, 2, 3, 4, 5, 6, 7, 8, 9, 10, 11, 12, 13, 14, 15, 16, 17, 18, 19, 20, 21, 22, 23, 24, 25, 26, 27, 28, 29, 30, 31
Valid weekdays: Saturday, Sunday
When: 23:30:00
Current Time: 2007-01-01 12:00:00
Valid Interval: 23:00:00-02:00:00
Valid days of month: 1, 2, 3, 4, 5, 6, 7, 8, 9, 10, 11, 12, 13, 14, 15, 16, 17, 18, 19, 20, 21, 22, 23, 24, 25, 26, 27, 28, 29, 30, 31
Valid weekdays: Saturday, Sunday
When: 23:30:00
Current Time: 2007-01-05 23:30:00
Valid Interval: 23:00:00-02:00:00
Valid days of month: 1, 2, 3, 4, 5, 6, 7, 8, 9, 10, 11, 12, 13, 14, 15, 16, 17, 18, 19, 20, 21, 22, 23, 24, 25, 26, 27, 28, 29, 30, 31
Valid weekdays: Saturday, Sunday
When: 23:30:00
Current Time: 2007-01-06 23:00:00
Valid Interval: 23:00:00-02:00:00
Valid days of month: 1, 2, 3, 4, 5, 6, 7, 8, 9, 10, 11, 12, 13, 14, 15, 16, 17, 18, 19, 20, 21, 22, 23, 24, 25, 26, 27, 28, 29, 30, 31
Valid weekdays: Saturday, Sunday
When: 23:30:00
Current Time: 2007-01-06 02:00:00
Valid Interval: 23:00:00-02:00:00
Valid days of month: 1, 2, 3, 4, 5, 6, 7, 8, 9, 10, 11, 12, 13, 14, 15, 16, 17, 18, 19, 20, 21, 22, 23, 24, 25, 26, 27, 28, 29, 30, 31
Valid weekdays: Saturday, Sunday
When: 23:30:00
Current Time: 2007-01-07 23:40:00
Valid Interval: 23:00:00-02:00:00
Valid days of month: 1, 2, 3, 4, 5, 6, 7, 8, 9, 10, 11, 12, 13, 14, 15, 16, 17, 18, 19, 20, 21, 22, 23, 24, 25, 26, 27, 28, 29, 30, 31
Valid weekdays: Saturday, Sunday
When: 23:30:00
Current Time: 2007-01-07 01:00:00
Valid Interval: 13:00:00-16:00:00
Valid days of month: 1, 2, 3, 4, 5, 6, 7, 8, 9, 10, 11, 12, 13, 14, 15, 16, 17, 18, 19, 20, 21, 22, 23, 24, 25, 26, 27, 28, 29, 30, 31
Valid weekdays: Saturday, Sunday
When: 14:00:00
Current Time: 2007-01-01 12:00:00
Valid Interval: 13:00:00-16:00:00
Valid days of month: 1, 2, 3, 4, 5, 6, 7, 8, 9, 10, 11, 12, 13, 14, 15, 16, 17, 18, 19, 20, 21, 22, 23, 24, 25, 26, 27, 28, 29, 30, 31
Valid weekdays: Saturday, Sunday
When: 14:00:00
Current Time: 2007-01-02 13:30:00
Valid Interval: 13:00:00-16:00:00
Valid days of month: 1, 2, 3, 4, 5, 6, 7, 8, 9, 10, 11, 12, 13, 14, 15, 16, 17, 18, 19, 20, 21, 22, 23, 24, 25, 26, 27, 28, 29, 30, 31
Valid weekdays: Saturday, Sunday
When: 14:00:00
Current Time: 2007-01-06 13:30:00
Valid Interval: 13:00:00-16:00:00
Valid days of month: 1, 2, 3, 4, 5, 6, 7, 8, 9, 10, 11, 12, 13, 14, 15, 16, 17, 18, 19, 20, 21, 22, 23, 24, 25, 26, 27, 28, 29, 30, 31
Valid weekdays: Saturday, Sunday
When: 14:00:00
Current Time: 2007-01-06 14:30:00
Valid Interval: 13:00:00-16:00:00
Valid days of month: 1, 2, 3, 4, 5, 6, 7, 8, 9, 10, 11, 12, 13, 14, 15, 16, 17, 18, 19, 20, 21, 22, 23, 24, 25, 26, 27, 28, 29, 30, 31
Valid weekdays: Saturday, Sunday
When: 14:00:00
Current Time: 2007-01-06 16:30:00
Valid Interval: 13:00:00-16:00:00
Valid days of month: 1, 2, 3, 4, 5, 6, 7, 8, 9, 10, 11, 12, 13, 14, 15, 16, 17, 18, 19, 20, 21, 22, 23, 24, 25, 26, 27, 28, 29, 30, 31
Valid weekdays: Saturday, Sunday
When: 14:00:00
Current Time: 2007-01-07 16:00:00
Valid Interval: 23:00:00-02:00:00
Valid days of month: 1, 2, 3, 4, 5, 6, 7, 8, 9, 10, 11, 12, 13, 14, 15, 16, 17, 18, 19, 20, 21, 22, 23, 24, 25, 26, 27, 28, 29, 30, 31
Valid weekdays: Saturday, Sunday
When: 01:00:00
Current Time: 2007-01-01 12:00:00
Valid Interval: 23:00:00-02:00:00
Valid days of month: 1, 2, 3, 4, 5, 6, 7, 8, 9, 10, 11, 12, 13, 14, 15, 16, 17, 18, 19, 20, 21, 22, 23, 24, 25, 26, 27, 28, 29, 30, 31
Valid weekdays: Saturday, Sunday
When: 01:00:00
Current Time: 2007-01-02 01:00:00
Valid Interval: 23:00:00-02:00:00
Valid days of month: 1, 2, 3, 4, 5, 6, 7, 8, 9, 10, 11, 12, 13, 14, 15, 16, 17, 18, 19, 20, 21, 22, 23, 24, 25, 26, 27, 28, 29, 30, 31
Valid weekdays: Saturday, Sunday
When: 01:00:00
Current Time: 2007-01-06 00:30:00
Valid Interval: 23:00:00-02:00:00
Valid days of month: 1, 2, 3, 4, 5, 6, 7, 8, 9, 10, 11, 12, 13, 14, 15, 16, 17, 18, 19, 20, 21, 22, 23, 24, 25, 26, 27, 28, 29, 30, 31
Valid weekdays: Saturday, Sunday
When: 01:00:00
Current Time: 2007-01-06 02:30:00
Valid Interval: 23:00:00-02:00:00
Valid days of month: 1, 2, 3, 4, 5, 6, 7, 8, 9, 10, 11, 12, 13, 14, 15, 16, 17, 18, 19, 20, 21, 22, 23, 24, 25, 26, 27, 28, 29, 30, 31
Valid weekdays: Saturday, Sunday
When: 23:30:00
Current Time: 2007-01-01 12:00:00
Valid Interval: 23:00:00-02:00:00
Valid days of month: 1, 2, 3, 4, 5, 6, 7, 8, 9, 10, 11, 12, 13, 14, 15, 16, 17, 18, 19, 20, 21, 22, 23, 24, 25, 26, 27, 28, 29, 30, 31
Valid weekdays: Saturday, Sunday
When: 23:30:00
Current Time: 2007-01-05 23:30:00
Valid Interval: 23:00:00-02:00:00
Valid days of month: 1, 2, 3, 4, 5, 6, 7, 8, 9, 10, 11, 12, 13, 14, 15, 16, 17, 18, 19, 20, 21, 22, 23, 24, 25, 26, 27, 28, 29, 30, 31
Valid weekdays: Saturday, Sunday
When: 23:30:00
Current Time: 2007-01-06 23:00:00
Valid Interval: 23:00:00-02:00:00
Valid days of month: 1, 2, 3, 4, 5, 6, 7, 8, 9, 10, 11, 12, 13, 14, 15, 16, 17, 18, 19, 20, 21, 22, 23, 24, 25, 26, 27, 28, 29, 30, 31
Valid weekdays: Saturday, Sunday
When: 23:30:00
Current Time: 2007-01-06 02:00:00
Valid Interval: 23:00:00-02:00:00
Valid days of month: 1, 2, 3, 4, 5, 6, 7, 8, 9, 10, 11, 12, 13, 14, 15, 16, 17, 18, 19, 20, 21, 22, 23, 24, 25, 26, 27, 28, 29, 30, 31
Valid weekdays: Saturday, Sunday
When: 23:30:00
Current Time: 2007-01-07 23:40:00
Valid Interval: 23:00:00-02:00:00
Valid days of month: 1, 2, 3, 4, 5, 6, 7, 8, 9, 10, 11, 12, 13, 14, 15, 16, 17, 18, 19, 20, 21, 22, 23, 24, 25, 26, 27, 28, 29, 30, 31
Valid weekdays: Saturday, Sunday
When: 23:30:00
Current Time: 2007-01-07 01:00:00
Valid Interval: 13:00:00-16:00:00
Valid days of month: 1, 2, 3, 4, 5, 6, 7, 8, 9, 10, 11, 12, 13, 14, 15, 16, 17, 18, 19, 20, 21, 22, 23, 24, 25, 26, 27, 28, 29, 30, 31
Valid weekdays: Saturday, Sunday
When: 14:00:00
Current Time: 2007-01-06 14:30:00
Valid Interval: 13:00:00-16:00:00
Valid days of month: 1, 2, 3, 4, 5, 6, 7, 8, 9, 10, 11, 12, 13, 14, 15, 16, 17, 18, 19, 20, 21, 22, 23, 24, 25, 26, 27, 28, 29, 30, 31
Valid weekdays: Saturday, Sunday
When: 14:00:00
Current Time: 2007-01-07 15:00:00
Valid Interval: 23:00:00-02:00:00
Valid days of month: 1, 2, 3, 4, 5, 6, 7, 8, 9, 10, 11, 12, 13, 14, 15, 16, 17, 18, 19, 20, 21, 22, 23, 24, 25, 26, 27, 28, 29, 30, 31
Valid weekdays: Saturday, Sunday
When: 01:00:00
Current Time: 2007-01-06 01:30:00
Valid Interval: 23:00:00-02:00:00
Valid days of month: 1, 2, 3, 4, 5, 6, 7, 8, 9, 10, 11, 12, 13, 14, 15, 16, 17, 18, 19, 20, 21, 22, 23, 24, 25, 26, 27, 28, 29, 30, 31
Valid weekdays: Saturday, Sunday
When: 01:00:00
Current Time: 2007-01-07 01:30:00
Valid Interval: 23:00:00-02:00:00
Valid days of month: 1, 2, 3, 4, 5, 6, 7, 8, 9, 10, 11, 12, 13, 14, 15, 16, 17, 18, 19, 20, 21, 22, 23, 24, 25, 26, 27, 28, 29, 30, 31
Valid weekdays: Saturday, Sunday
When: 23:30:00
Current Time: 2007-01-06 23:02:00
Valid Interval: 23:00:00-02:00:00
Valid days of month: 1, 2, 3, 4, 5, 6, 7, 8, 9, 10, 11, 12, 13, 14, 15, 16, 17, 18, 19, 20, 21, 22, 23, 24, 25, 26, 27, 28, 29, 30, 31
Valid weekdays: Saturday, Sunday
When: 23:30:00
Current Time: 2007-01-06 01:10:00
Valid Interval: 23:00:00-02:00:00
Valid days of month: 1, 2, 3, 4, 5, 6, 7, 8, 9, 10, 11, 12, 13, 14, 15, 16, 17, 18, 19, 20, 21, 22, 23, 24, 25, 26, 27, 28, 29, 30, 31
Valid weekdays: Saturday, Sunday
When: 23:30:00
Current Time: 2007-01-07 01:00:40
Valid Interval: 23:00:00-02:00:00
Valid days of month: 2
Valid weekdays: Saturday, Sunday
When: 23:30:00
Current Time: 2007-01-01 12:00:00
Valid Interval: 23:00:00-02:00:00
Valid days of month: 1, 2
Valid weekdays: Saturday, Sunday
When: 23:30:00
Current Time: 2007-01-05 23:30:00
Valid Interval: 23:00:00-02:00:00
Valid days of month: 1, 2
Valid weekdays: Saturday, Sunday
When: 23:30:00
Current Time: 2007-01-06 23:00:00</StdOut>
      </Output>
    </UnitTestResult>
    <UnitTestResult executionId="fbc4c7d8-4e23-4a53-90dd-1c111ece1b58" testId="d7441cf7-2d19-4775-a127-85f5a5eb3e1c" testName="GetNextTimeToTrigger_AbsoluteTimer_ReturnsCorrectTime (Data Row 75)" computerName="ICSWS068" duration="00:00:00.0035579" startTime="2016-08-04T07:57:22.9301028+02:00" endTime="2016-08-04T07:57:22.9336215+02:00" testType="13cdc9d9-ddb5-4fa4-a97d-d965ccfc6d4b" outcome="Passed" testListId="8c84fa94-04c1-424b-9868-57a2d4851a1d" relativeResultsDirectory="fbc4c7d8-4e23-4a53-90dd-1c111ece1b58">
      <Output>
        <StdOut>TestContext Messages:
Valid Interval: 11:00:00-13:00:00
Valid days of month: 1, 2, 3, 4, 5, 6, 7, 8, 9, 10, 11, 12, 13, 14, 15, 16, 17, 18, 19, 20, 21, 22, 23, 24, 25, 26, 27, 28, 29, 30, 31
Valid weekdays: Monday, Tuesday, Wednesday, Thursday, Friday, Saturday, Sunday
When: 12:00:00
Current Time: 2011-01-01 00:00:00
Valid Interval: 11:00:00-13:00:00
Valid days of month: 1, 2, 3, 4, 5, 6, 7, 8, 9, 10, 11, 12, 13, 14, 15, 16, 17, 18, 19, 20, 21, 22, 23, 24, 25, 26, 27, 28, 29, 30, 31
Valid weekdays: Monday, Tuesday, Wednesday, Thursday, Friday, Saturday, Sunday
When: 12:00:00
Current Time: 2011-01-01 09:00:00
Valid Interval: 11:00:00-13:00:00
Valid days of month: 1, 2, 3, 4, 5, 6, 7, 8, 9, 10, 11, 12, 13, 14, 15, 16, 17, 18, 19, 20, 21, 22, 23, 24, 25, 26, 27, 28, 29, 30, 31
Valid weekdays: Monday, Tuesday, Wednesday, Thursday, Friday, Saturday, Sunday
When: 12:00:00
Current Time: 2011-01-01 11:00:00
Valid Interval: 11:00:00-13:00:00
Valid days of month: 1, 2, 3, 4, 5, 6, 7, 8, 9, 10, 11, 12, 13, 14, 15, 16, 17, 18, 19, 20, 21, 22, 23, 24, 25, 26, 27, 28, 29, 30, 31
Valid weekdays: Monday, Tuesday, Wednesday, Thursday, Friday, Saturday, Sunday
When: 12:00:00
Current Time: 2011-01-01 12:00:00
Valid Interval: 11:00:00-13:00:00
Valid days of month: 1, 2, 3, 4, 5, 6, 7, 8, 9, 10, 11, 12, 13, 14, 15, 16, 17, 18, 19, 20, 21, 22, 23, 24, 25, 26, 27, 28, 29, 30, 31
Valid weekdays: Monday, Tuesday, Wednesday, Thursday, Friday, Saturday, Sunday
When: 12:00:00
Current Time: 2011-01-01 12:30:00
Valid Interval: 11:00:00-13:00:00
Valid days of month: 1, 2, 3, 4, 5, 6, 7, 8, 9, 10, 11, 12, 13, 14, 15, 16, 17, 18, 19, 20, 21, 22, 23, 24, 25, 26, 27, 28, 29, 30, 31
Valid weekdays: Monday, Tuesday, Wednesday, Thursday, Friday, Saturday, Sunday
When: 12:00:00
Current Time: 2011-01-01 13:00:00
Valid Interval: 11:00:00-13:00:00
Valid days of month: 1, 2, 3, 4, 5, 6, 7, 8, 9, 10, 11, 12, 13, 14, 15, 16, 17, 18, 19, 20, 21, 22, 23, 24, 25, 26, 27, 28, 29, 30, 31
Valid weekdays: Monday, Tuesday, Wednesday, Thursday, Friday, Saturday, Sunday
When: 12:00:00
Current Time: 2011-01-02 00:00:00
Valid Interval: 11:00:00-13:00:00
Valid days of month: 1, 2, 3, 4, 5, 6, 7, 8, 9, 10, 11, 12, 13, 14, 15, 16, 17, 18, 19, 20, 21, 22, 23, 24, 25, 26, 27, 28, 29, 30, 31
Valid weekdays: Monday, Tuesday, Wednesday, Thursday, Friday, Saturday, Sunday
When: 12:00:00
Current Time: 2011-01-02 09:00:00
Valid Interval: 11:00:00-13:00:00
Valid days of month: 1, 2, 3, 4, 5, 6, 7, 8, 9, 10, 11, 12, 13, 14, 15, 16, 17, 18, 19, 20, 21, 22, 23, 24, 25, 26, 27, 28, 29, 30, 31
Valid weekdays: Monday, Tuesday, Wednesday, Thursday, Friday, Saturday, Sunday
When: 12:00:00
Current Time: 2011-01-02 12:00:00
Valid Interval: 11:00:00-13:00:00
Valid days of month: 1, 2, 3, 4, 5, 6, 7, 8, 9, 10, 11, 12, 13, 14, 15, 16, 17, 18, 19, 20, 21, 22, 23, 24, 25, 26, 27, 28, 29, 30, 31
Valid weekdays: Monday, Tuesday, Wednesday, Thursday, Friday, Saturday, Sunday
When: 12:00:00
Current Time: 2011-01-02 12:45:30
Valid Interval: 11:00:00-13:00:00
Valid days of month: 1, 2, 3, 4, 5, 6, 7, 8, 9, 10, 11, 12, 13, 14, 15, 16, 17, 18, 19, 20, 21, 22, 23, 24, 25, 26, 27, 28, 29, 30, 31
Valid weekdays: Monday, Tuesday, Wednesday, Thursday, Friday, Saturday, Sunday
When: 12:00:00
Current Time: 2011-01-02 13:00:00
Valid Interval: 11:00:00-13:00:00
Valid days of month: 1, 2, 3, 4, 5, 6, 7, 8, 9, 10, 11, 12, 13, 14, 15, 16, 17, 18, 19, 20, 21, 22, 23, 24, 25, 26, 27, 28, 29, 30, 31
Valid weekdays: Monday, Tuesday, Wednesday, Thursday, Friday, Saturday, Sunday
When: 12:00:00
Current Time: 2011-01-01 12:00:00
Valid Interval: 11:00:00-13:00:00
Valid days of month: 1, 2, 3, 4, 5, 6, 7, 8, 9, 10, 11, 12, 13, 14, 15, 16, 17, 18, 19, 20, 21, 22, 23, 24, 25, 26, 27, 28, 29, 30, 31
Valid weekdays: Monday, Tuesday, Wednesday, Thursday, Friday, Saturday, Sunday
When: 12:00:00
Current Time: 2011-01-01 12:30:00
Valid Interval: 11:00:00-13:00:00
Valid days of month: 1, 2, 3, 4, 5, 6, 7, 8, 9, 10, 11, 12, 13, 14, 15, 16, 17, 18, 19, 20, 21, 22, 23, 24, 25, 26, 27, 28, 29, 30, 31
Valid weekdays: Monday, Tuesday, Wednesday, Thursday, Friday, Saturday, Sunday
When: 12:00:00
Current Time: 2011-01-01 12:30:00
Valid Interval: 11:00:00-13:00:00
Valid days of month: 1, 2, 3, 4, 5, 6, 7, 8, 9, 10, 11, 12, 13, 14, 15, 16, 17, 18, 19, 20, 21, 22, 23, 24, 25, 26, 27, 28, 29, 30, 31
Valid weekdays: Monday, Tuesday, Wednesday, Thursday, Friday, Saturday, Sunday
When: 12:00:00
Current Time: 2011-01-01 13:00:00
Valid Interval: 11:00:00-13:00:00
Valid days of month: 1, 2, 3, 4, 5, 6, 7, 8, 9, 10, 11, 12, 13, 14, 15, 16, 17, 18, 19, 20, 21, 22, 23, 24, 25, 26, 27, 28, 29, 30, 31
Valid weekdays: Monday, Tuesday, Wednesday, Thursday, Friday, Saturday, Sunday
When: 12:00:00
Current Time: 2011-01-01 14:30:00
Valid Interval: 23:00:00-13:00:00
Valid days of month: 1, 2, 3, 4, 5, 6, 7, 8, 9, 10, 11, 12, 13, 14, 15, 16, 17, 18, 19, 20, 21, 22, 23, 24, 25, 26, 27, 28, 29, 30, 31
Valid weekdays: Monday, Tuesday, Wednesday, Thursday, Friday, Saturday, Sunday
When: 23:30:00
Current Time: 2011-01-01 16:00:00
Valid Interval: 23:00:00-13:00:00
Valid days of month: 1, 2, 3, 4, 5, 6, 7, 8, 9, 10, 11, 12, 13, 14, 15, 16, 17, 18, 19, 20, 21, 22, 23, 24, 25, 26, 27, 28, 29, 30, 31
Valid weekdays: Monday, Tuesday, Wednesday, Thursday, Friday, Saturday, Sunday
When: 23:30:00
Current Time: 2011-01-01 23:00:00
Valid Interval: 23:00:00-13:00:00
Valid days of month: 1, 2, 3, 4, 5, 6, 7, 8, 9, 10, 11, 12, 13, 14, 15, 16, 17, 18, 19, 20, 21, 22, 23, 24, 25, 26, 27, 28, 29, 30, 31
Valid weekdays: Monday, Tuesday, Wednesday, Thursday, Friday, Saturday, Sunday
When: 23:30:00
Current Time: 2011-01-01 23:30:00
Valid Interval: 23:00:00-13:00:00
Valid days of month: 1, 2, 3, 4, 5, 6, 7, 8, 9, 10, 11, 12, 13, 14, 15, 16, 17, 18, 19, 20, 21, 22, 23, 24, 25, 26, 27, 28, 29, 30, 31
Valid weekdays: Monday, Tuesday, Wednesday, Thursday, Friday, Saturday, Sunday
When: 23:30:00
Current Time: 2011-01-01 23:45:00
Valid Interval: 23:00:00-13:00:00
Valid days of month: 1, 2, 3, 4, 5, 6, 7, 8, 9, 10, 11, 12, 13, 14, 15, 16, 17, 18, 19, 20, 21, 22, 23, 24, 25, 26, 27, 28, 29, 30, 31
Valid weekdays: Monday, Tuesday, Wednesday, Thursday, Friday, Saturday, Sunday
When: 23:30:00
Current Time: 2011-01-02 00:30:00
Valid Interval: 23:00:00-13:00:00
Valid days of month: 1, 2, 3, 4, 5, 6, 7, 8, 9, 10, 11, 12, 13, 14, 15, 16, 17, 18, 19, 20, 21, 22, 23, 24, 25, 26, 27, 28, 29, 30, 31
Valid weekdays: Monday, Tuesday, Wednesday, Thursday, Friday, Saturday, Sunday
When: 23:30:00
Current Time: 2011-01-01 13:00:00
Valid Interval: 23:00:00-13:00:00
Valid days of month: 1, 2, 3, 4, 5, 6, 7, 8, 9, 10, 11, 12, 13, 14, 15, 16, 17, 18, 19, 20, 21, 22, 23, 24, 25, 26, 27, 28, 29, 30, 31
Valid weekdays: Monday, Tuesday, Wednesday, Thursday, Friday, Saturday, Sunday
When: 01:00:00
Current Time: 2011-01-01 16:00:00
Valid Interval: 23:00:00-13:00:00
Valid days of month: 1, 2, 3, 4, 5, 6, 7, 8, 9, 10, 11, 12, 13, 14, 15, 16, 17, 18, 19, 20, 21, 22, 23, 24, 25, 26, 27, 28, 29, 30, 31
Valid weekdays: Monday, Tuesday, Wednesday, Thursday, Friday, Saturday, Sunday
When: 01:00:00
Current Time: 2011-01-01 23:00:00
Valid Interval: 23:00:00-13:00:00
Valid days of month: 1, 2, 3, 4, 5, 6, 7, 8, 9, 10, 11, 12, 13, 14, 15, 16, 17, 18, 19, 20, 21, 22, 23, 24, 25, 26, 27, 28, 29, 30, 31
Valid weekdays: Monday, Tuesday, Wednesday, Thursday, Friday, Saturday, Sunday
When: 01:00:00
Current Time: 2011-01-01 23:30:00
Valid Interval: 23:00:00-13:00:00
Valid days of month: 1, 2, 3, 4, 5, 6, 7, 8, 9, 10, 11, 12, 13, 14, 15, 16, 17, 18, 19, 20, 21, 22, 23, 24, 25, 26, 27, 28, 29, 30, 31
Valid weekdays: Monday, Tuesday, Wednesday, Thursday, Friday, Saturday, Sunday
When: 01:00:00
Current Time: 2011-01-02 00:30:00
Valid Interval: 23:00:00-13:00:00
Valid days of month: 1, 2, 3, 4, 5, 6, 7, 8, 9, 10, 11, 12, 13, 14, 15, 16, 17, 18, 19, 20, 21, 22, 23, 24, 25, 26, 27, 28, 29, 30, 31
Valid weekdays: Monday, Tuesday, Wednesday, Thursday, Friday, Saturday, Sunday
When: 01:00:00
Current Time: 2011-01-01 02:00:00
Valid Interval: 23:00:00-13:00:00
Valid days of month: 1, 2, 3, 4, 5, 6, 7, 8, 9, 10, 11, 12, 13, 14, 15, 16, 17, 18, 19, 20, 21, 22, 23, 24, 25, 26, 27, 28, 29, 30, 31
Valid weekdays: Monday, Tuesday, Wednesday, Thursday, Friday, Saturday, Sunday
When: 01:00:00
Current Time: 2011-01-01 13:00:00
Valid Interval: 23:00:00-13:00:00
Valid days of month: 1, 2, 3, 4, 5, 6, 7, 8, 9, 10, 11, 12, 13, 14, 15, 16, 17, 18, 19, 20, 21, 22, 23, 24, 25, 26, 27, 28, 29, 30, 31
Valid weekdays: Monday, Tuesday, Wednesday, Thursday, Friday, Saturday, Sunday
When: 23:30:00
Current Time: 2011-01-01 16:00:00
Valid Interval: 23:00:00-13:00:00
Valid days of month: 1, 2, 3, 4, 5, 6, 7, 8, 9, 10, 11, 12, 13, 14, 15, 16, 17, 18, 19, 20, 21, 22, 23, 24, 25, 26, 27, 28, 29, 30, 31
Valid weekdays: Monday, Tuesday, Wednesday, Thursday, Friday, Saturday, Sunday
When: 23:30:00
Current Time: 2011-01-01 23:00:00
Valid Interval: 23:00:00-13:00:00
Valid days of month: 1, 2, 3, 4, 5, 6, 7, 8, 9, 10, 11, 12, 13, 14, 15, 16, 17, 18, 19, 20, 21, 22, 23, 24, 25, 26, 27, 28, 29, 30, 31
Valid weekdays: Monday, Tuesday, Wednesday, Thursday, Friday, Saturday, Sunday
When: 23:30:00
Current Time: 2011-01-01 23:30:00
Valid Interval: 23:00:00-13:00:00
Valid days of month: 1, 2, 3, 4, 5, 6, 7, 8, 9, 10, 11, 12, 13, 14, 15, 16, 17, 18, 19, 20, 21, 22, 23, 24, 25, 26, 27, 28, 29, 30, 31
Valid weekdays: Monday, Tuesday, Wednesday, Thursday, Friday, Saturday, Sunday
When: 23:30:00
Current Time: 2011-01-01 23:45:00
Valid Interval: 23:00:00-13:00:00
Valid days of month: 1, 2, 3, 4, 5, 6, 7, 8, 9, 10, 11, 12, 13, 14, 15, 16, 17, 18, 19, 20, 21, 22, 23, 24, 25, 26, 27, 28, 29, 30, 31
Valid weekdays: Monday, Tuesday, Wednesday, Thursday, Friday, Saturday, Sunday
When: 23:30:00
Current Time: 2011-01-02 00:30:00
Valid Interval: 23:00:00-13:00:00
Valid days of month: 1, 2, 3, 4, 5, 6, 7, 8, 9, 10, 11, 12, 13, 14, 15, 16, 17, 18, 19, 20, 21, 22, 23, 24, 25, 26, 27, 28, 29, 30, 31
Valid weekdays: Monday, Tuesday, Wednesday, Thursday, Friday, Saturday, Sunday
When: 23:30:00
Current Time: 2011-01-01 13:00:00
Valid Interval: 23:00:00-13:00:00
Valid days of month: 1, 2, 3, 4, 5, 6, 7, 8, 9, 10, 11, 12, 13, 14, 15, 16, 17, 18, 19, 20, 21, 22, 23, 24, 25, 26, 27, 28, 29, 30, 31
Valid weekdays: Monday, Tuesday, Wednesday, Thursday, Friday, Saturday, Sunday
When: 01:00:00
Current Time: 2011-01-01 16:00:00
Valid Interval: 23:00:00-13:00:00
Valid days of month: 1, 2, 3, 4, 5, 6, 7, 8, 9, 10, 11, 12, 13, 14, 15, 16, 17, 18, 19, 20, 21, 22, 23, 24, 25, 26, 27, 28, 29, 30, 31
Valid weekdays: Monday, Tuesday, Wednesday, Thursday, Friday, Saturday, Sunday
When: 01:00:00
Current Time: 2011-01-01 23:00:00
Valid Interval: 23:00:00-13:00:00
Valid days of month: 1, 2, 3, 4, 5, 6, 7, 8, 9, 10, 11, 12, 13, 14, 15, 16, 17, 18, 19, 20, 21, 22, 23, 24, 25, 26, 27, 28, 29, 30, 31
Valid weekdays: Monday, Tuesday, Wednesday, Thursday, Friday, Saturday, Sunday
When: 01:00:00
Current Time: 2011-01-01 23:30:00
Valid Interval: 23:00:00-13:00:00
Valid days of month: 1, 2, 3, 4, 5, 6, 7, 8, 9, 10, 11, 12, 13, 14, 15, 16, 17, 18, 19, 20, 21, 22, 23, 24, 25, 26, 27, 28, 29, 30, 31
Valid weekdays: Monday, Tuesday, Wednesday, Thursday, Friday, Saturday, Sunday
When: 01:00:00
Current Time: 2011-01-02 00:30:00
Valid Interval: 23:00:00-13:00:00
Valid days of month: 1, 2, 3, 4, 5, 6, 7, 8, 9, 10, 11, 12, 13, 14, 15, 16, 17, 18, 19, 20, 21, 22, 23, 24, 25, 26, 27, 28, 29, 30, 31
Valid weekdays: Monday, Tuesday, Wednesday, Thursday, Friday, Saturday, Sunday
When: 01:00:00
Current Time: 2011-01-02 02:00:00
Valid Interval: 23:00:00-13:00:00
Valid days of month: 1, 2, 3, 4, 5, 6, 7, 8, 9, 10, 11, 12, 13, 14, 15, 16, 17, 18, 19, 20, 21, 22, 23, 24, 25, 26, 27, 28, 29, 30, 31
Valid weekdays: Monday, Tuesday, Wednesday, Thursday, Friday, Saturday, Sunday
When: 01:00:00
Current Time: 2011-01-02 13:00:00
Valid Interval: 23:00:00-13:00:00
Valid days of month: 1, 2, 3, 4, 5, 6, 7, 8, 9, 10, 11, 12, 13, 14, 15, 16, 17, 18, 19, 20, 21, 22, 23, 24, 25, 26, 27, 28, 29, 30, 31
Valid weekdays: Monday, Tuesday, Wednesday, Thursday, Friday, Saturday, Sunday
When: 23:30:00
Current Time: 2011-01-01 23:30:05
Valid Interval: 23:00:00-13:00:00
Valid days of month: 1, 2, 3, 4, 5, 6, 7, 8, 9, 10, 11, 12, 13, 14, 15, 16, 17, 18, 19, 20, 21, 22, 23, 24, 25, 26, 27, 28, 29, 30, 31
Valid weekdays: Monday, Tuesday, Wednesday, Thursday, Friday, Saturday, Sunday
When: 23:30:00
Current Time: 2011-01-02 00:30:00
Valid Interval: 23:00:00-13:00:00
Valid days of month: 1, 2, 3, 4, 5, 6, 7, 8, 9, 10, 11, 12, 13, 14, 15, 16, 17, 18, 19, 20, 21, 22, 23, 24, 25, 26, 27, 28, 29, 30, 31
Valid weekdays: Monday, Tuesday, Wednesday, Thursday, Friday, Saturday, Sunday
When: 23:30:00
Current Time: 2011-01-02 13:00:00
Valid Interval: 23:00:00-13:00:00
Valid days of month: 1, 2, 3, 4, 5, 6, 7, 8, 9, 10, 11, 12, 13, 14, 15, 16, 17, 18, 19, 20, 21, 22, 23, 24, 25, 26, 27, 28, 29, 30, 31
Valid weekdays: Monday, Tuesday, Wednesday, Thursday, Friday, Saturday, Sunday
When: 01:00:00
Current Time: 2011-01-01 02:00:00
Valid Interval: 23:00:00-13:00:00
Valid days of month: 1, 2, 3, 4, 5, 6, 7, 8, 9, 10, 11, 12, 13, 14, 15, 16, 17, 18, 19, 20, 21, 22, 23, 24, 25, 26, 27, 28, 29, 30, 31
Valid weekdays: Monday, Tuesday, Wednesday, Thursday, Friday, Saturday, Sunday
When: 01:00:00
Current Time: 2011-01-02 02:00:00
Valid Interval: 13:00:00-16:00:00
Valid days of month: 1, 2, 3, 4, 5, 6, 7, 8, 9, 10, 11, 12, 13, 14, 15, 16, 17, 18, 19, 20, 21, 22, 23, 24, 25, 26, 27, 28, 29, 30, 31
Valid weekdays: Saturday, Sunday
When: 14:00:00
Current Time: 2007-01-01 12:00:00
Valid Interval: 13:00:00-16:00:00
Valid days of month: 1, 2, 3, 4, 5, 6, 7, 8, 9, 10, 11, 12, 13, 14, 15, 16, 17, 18, 19, 20, 21, 22, 23, 24, 25, 26, 27, 28, 29, 30, 31
Valid weekdays: Saturday, Sunday
When: 14:00:00
Current Time: 2007-01-02 13:30:00
Valid Interval: 13:00:00-16:00:00
Valid days of month: 1, 2, 3, 4, 5, 6, 7, 8, 9, 10, 11, 12, 13, 14, 15, 16, 17, 18, 19, 20, 21, 22, 23, 24, 25, 26, 27, 28, 29, 30, 31
Valid weekdays: Saturday, Sunday
When: 14:00:00
Current Time: 2007-01-06 13:30:00
Valid Interval: 13:00:00-16:00:00
Valid days of month: 1, 2, 3, 4, 5, 6, 7, 8, 9, 10, 11, 12, 13, 14, 15, 16, 17, 18, 19, 20, 21, 22, 23, 24, 25, 26, 27, 28, 29, 30, 31
Valid weekdays: Saturday, Sunday
When: 14:00:00
Current Time: 2007-01-06 14:30:00
Valid Interval: 13:00:00-16:00:00
Valid days of month: 1, 2, 3, 4, 5, 6, 7, 8, 9, 10, 11, 12, 13, 14, 15, 16, 17, 18, 19, 20, 21, 22, 23, 24, 25, 26, 27, 28, 29, 30, 31
Valid weekdays: Saturday, Sunday
When: 14:00:00
Current Time: 2007-01-06 16:30:00
Valid Interval: 13:00:00-16:00:00
Valid days of month: 1, 2, 3, 4, 5, 6, 7, 8, 9, 10, 11, 12, 13, 14, 15, 16, 17, 18, 19, 20, 21, 22, 23, 24, 25, 26, 27, 28, 29, 30, 31
Valid weekdays: Saturday, Sunday
When: 14:00:00
Current Time: 2007-01-07 16:00:00
Valid Interval: 23:00:00-02:00:00
Valid days of month: 1, 2, 3, 4, 5, 6, 7, 8, 9, 10, 11, 12, 13, 14, 15, 16, 17, 18, 19, 20, 21, 22, 23, 24, 25, 26, 27, 28, 29, 30, 31
Valid weekdays: Saturday, Sunday
When: 01:00:00
Current Time: 2007-01-01 12:00:00
Valid Interval: 23:00:00-02:00:00
Valid days of month: 1, 2, 3, 4, 5, 6, 7, 8, 9, 10, 11, 12, 13, 14, 15, 16, 17, 18, 19, 20, 21, 22, 23, 24, 25, 26, 27, 28, 29, 30, 31
Valid weekdays: Saturday, Sunday
When: 01:00:00
Current Time: 2007-01-02 01:00:00
Valid Interval: 23:00:00-02:00:00
Valid days of month: 1, 2, 3, 4, 5, 6, 7, 8, 9, 10, 11, 12, 13, 14, 15, 16, 17, 18, 19, 20, 21, 22, 23, 24, 25, 26, 27, 28, 29, 30, 31
Valid weekdays: Saturday, Sunday
When: 01:00:00
Current Time: 2007-01-06 00:30:00
Valid Interval: 23:00:00-02:00:00
Valid days of month: 1, 2, 3, 4, 5, 6, 7, 8, 9, 10, 11, 12, 13, 14, 15, 16, 17, 18, 19, 20, 21, 22, 23, 24, 25, 26, 27, 28, 29, 30, 31
Valid weekdays: Saturday, Sunday
When: 01:00:00
Current Time: 2007-01-06 01:30:00
Valid Interval: 23:00:00-02:00:00
Valid days of month: 1, 2, 3, 4, 5, 6, 7, 8, 9, 10, 11, 12, 13, 14, 15, 16, 17, 18, 19, 20, 21, 22, 23, 24, 25, 26, 27, 28, 29, 30, 31
Valid weekdays: Saturday, Sunday
When: 01:00:00
Current Time: 2007-01-06 02:30:00
Valid Interval: 23:00:00-02:00:00
Valid days of month: 1, 2, 3, 4, 5, 6, 7, 8, 9, 10, 11, 12, 13, 14, 15, 16, 17, 18, 19, 20, 21, 22, 23, 24, 25, 26, 27, 28, 29, 30, 31
Valid weekdays: Saturday, Sunday
When: 01:00:00
Current Time: 2007-01-07 02:00:00
Valid Interval: 23:00:00-02:00:00
Valid days of month: 1, 2, 3, 4, 5, 6, 7, 8, 9, 10, 11, 12, 13, 14, 15, 16, 17, 18, 19, 20, 21, 22, 23, 24, 25, 26, 27, 28, 29, 30, 31
Valid weekdays: Saturday, Sunday
When: 23:30:00
Current Time: 2007-01-01 12:00:00
Valid Interval: 23:00:00-02:00:00
Valid days of month: 1, 2, 3, 4, 5, 6, 7, 8, 9, 10, 11, 12, 13, 14, 15, 16, 17, 18, 19, 20, 21, 22, 23, 24, 25, 26, 27, 28, 29, 30, 31
Valid weekdays: Saturday, Sunday
When: 23:30:00
Current Time: 2007-01-05 23:30:00
Valid Interval: 23:00:00-02:00:00
Valid days of month: 1, 2, 3, 4, 5, 6, 7, 8, 9, 10, 11, 12, 13, 14, 15, 16, 17, 18, 19, 20, 21, 22, 23, 24, 25, 26, 27, 28, 29, 30, 31
Valid weekdays: Saturday, Sunday
When: 23:30:00
Current Time: 2007-01-06 23:00:00
Valid Interval: 23:00:00-02:00:00
Valid days of month: 1, 2, 3, 4, 5, 6, 7, 8, 9, 10, 11, 12, 13, 14, 15, 16, 17, 18, 19, 20, 21, 22, 23, 24, 25, 26, 27, 28, 29, 30, 31
Valid weekdays: Saturday, Sunday
When: 23:30:00
Current Time: 2007-01-06 02:00:00
Valid Interval: 23:00:00-02:00:00
Valid days of month: 1, 2, 3, 4, 5, 6, 7, 8, 9, 10, 11, 12, 13, 14, 15, 16, 17, 18, 19, 20, 21, 22, 23, 24, 25, 26, 27, 28, 29, 30, 31
Valid weekdays: Saturday, Sunday
When: 23:30:00
Current Time: 2007-01-07 23:40:00
Valid Interval: 23:00:00-02:00:00
Valid days of month: 1, 2, 3, 4, 5, 6, 7, 8, 9, 10, 11, 12, 13, 14, 15, 16, 17, 18, 19, 20, 21, 22, 23, 24, 25, 26, 27, 28, 29, 30, 31
Valid weekdays: Saturday, Sunday
When: 23:30:00
Current Time: 2007-01-07 01:00:00
Valid Interval: 13:00:00-16:00:00
Valid days of month: 1, 2, 3, 4, 5, 6, 7, 8, 9, 10, 11, 12, 13, 14, 15, 16, 17, 18, 19, 20, 21, 22, 23, 24, 25, 26, 27, 28, 29, 30, 31
Valid weekdays: Saturday, Sunday
When: 14:00:00
Current Time: 2007-01-01 12:00:00
Valid Interval: 13:00:00-16:00:00
Valid days of month: 1, 2, 3, 4, 5, 6, 7, 8, 9, 10, 11, 12, 13, 14, 15, 16, 17, 18, 19, 20, 21, 22, 23, 24, 25, 26, 27, 28, 29, 30, 31
Valid weekdays: Saturday, Sunday
When: 14:00:00
Current Time: 2007-01-02 13:30:00
Valid Interval: 13:00:00-16:00:00
Valid days of month: 1, 2, 3, 4, 5, 6, 7, 8, 9, 10, 11, 12, 13, 14, 15, 16, 17, 18, 19, 20, 21, 22, 23, 24, 25, 26, 27, 28, 29, 30, 31
Valid weekdays: Saturday, Sunday
When: 14:00:00
Current Time: 2007-01-06 13:30:00
Valid Interval: 13:00:00-16:00:00
Valid days of month: 1, 2, 3, 4, 5, 6, 7, 8, 9, 10, 11, 12, 13, 14, 15, 16, 17, 18, 19, 20, 21, 22, 23, 24, 25, 26, 27, 28, 29, 30, 31
Valid weekdays: Saturday, Sunday
When: 14:00:00
Current Time: 2007-01-06 14:30:00
Valid Interval: 13:00:00-16:00:00
Valid days of month: 1, 2, 3, 4, 5, 6, 7, 8, 9, 10, 11, 12, 13, 14, 15, 16, 17, 18, 19, 20, 21, 22, 23, 24, 25, 26, 27, 28, 29, 30, 31
Valid weekdays: Saturday, Sunday
When: 14:00:00
Current Time: 2007-01-06 16:30:00
Valid Interval: 13:00:00-16:00:00
Valid days of month: 1, 2, 3, 4, 5, 6, 7, 8, 9, 10, 11, 12, 13, 14, 15, 16, 17, 18, 19, 20, 21, 22, 23, 24, 25, 26, 27, 28, 29, 30, 31
Valid weekdays: Saturday, Sunday
When: 14:00:00
Current Time: 2007-01-07 16:00:00
Valid Interval: 23:00:00-02:00:00
Valid days of month: 1, 2, 3, 4, 5, 6, 7, 8, 9, 10, 11, 12, 13, 14, 15, 16, 17, 18, 19, 20, 21, 22, 23, 24, 25, 26, 27, 28, 29, 30, 31
Valid weekdays: Saturday, Sunday
When: 01:00:00
Current Time: 2007-01-01 12:00:00
Valid Interval: 23:00:00-02:00:00
Valid days of month: 1, 2, 3, 4, 5, 6, 7, 8, 9, 10, 11, 12, 13, 14, 15, 16, 17, 18, 19, 20, 21, 22, 23, 24, 25, 26, 27, 28, 29, 30, 31
Valid weekdays: Saturday, Sunday
When: 01:00:00
Current Time: 2007-01-02 01:00:00
Valid Interval: 23:00:00-02:00:00
Valid days of month: 1, 2, 3, 4, 5, 6, 7, 8, 9, 10, 11, 12, 13, 14, 15, 16, 17, 18, 19, 20, 21, 22, 23, 24, 25, 26, 27, 28, 29, 30, 31
Valid weekdays: Saturday, Sunday
When: 01:00:00
Current Time: 2007-01-06 00:30:00
Valid Interval: 23:00:00-02:00:00
Valid days of month: 1, 2, 3, 4, 5, 6, 7, 8, 9, 10, 11, 12, 13, 14, 15, 16, 17, 18, 19, 20, 21, 22, 23, 24, 25, 26, 27, 28, 29, 30, 31
Valid weekdays: Saturday, Sunday
When: 01:00:00
Current Time: 2007-01-06 02:30:00
Valid Interval: 23:00:00-02:00:00
Valid days of month: 1, 2, 3, 4, 5, 6, 7, 8, 9, 10, 11, 12, 13, 14, 15, 16, 17, 18, 19, 20, 21, 22, 23, 24, 25, 26, 27, 28, 29, 30, 31
Valid weekdays: Saturday, Sunday
When: 23:30:00
Current Time: 2007-01-01 12:00:00
Valid Interval: 23:00:00-02:00:00
Valid days of month: 1, 2, 3, 4, 5, 6, 7, 8, 9, 10, 11, 12, 13, 14, 15, 16, 17, 18, 19, 20, 21, 22, 23, 24, 25, 26, 27, 28, 29, 30, 31
Valid weekdays: Saturday, Sunday
When: 23:30:00
Current Time: 2007-01-05 23:30:00
Valid Interval: 23:00:00-02:00:00
Valid days of month: 1, 2, 3, 4, 5, 6, 7, 8, 9, 10, 11, 12, 13, 14, 15, 16, 17, 18, 19, 20, 21, 22, 23, 24, 25, 26, 27, 28, 29, 30, 31
Valid weekdays: Saturday, Sunday
When: 23:30:00
Current Time: 2007-01-06 23:00:00
Valid Interval: 23:00:00-02:00:00
Valid days of month: 1, 2, 3, 4, 5, 6, 7, 8, 9, 10, 11, 12, 13, 14, 15, 16, 17, 18, 19, 20, 21, 22, 23, 24, 25, 26, 27, 28, 29, 30, 31
Valid weekdays: Saturday, Sunday
When: 23:30:00
Current Time: 2007-01-06 02:00:00
Valid Interval: 23:00:00-02:00:00
Valid days of month: 1, 2, 3, 4, 5, 6, 7, 8, 9, 10, 11, 12, 13, 14, 15, 16, 17, 18, 19, 20, 21, 22, 23, 24, 25, 26, 27, 28, 29, 30, 31
Valid weekdays: Saturday, Sunday
When: 23:30:00
Current Time: 2007-01-07 23:40:00
Valid Interval: 23:00:00-02:00:00
Valid days of month: 1, 2, 3, 4, 5, 6, 7, 8, 9, 10, 11, 12, 13, 14, 15, 16, 17, 18, 19, 20, 21, 22, 23, 24, 25, 26, 27, 28, 29, 30, 31
Valid weekdays: Saturday, Sunday
When: 23:30:00
Current Time: 2007-01-07 01:00:00
Valid Interval: 13:00:00-16:00:00
Valid days of month: 1, 2, 3, 4, 5, 6, 7, 8, 9, 10, 11, 12, 13, 14, 15, 16, 17, 18, 19, 20, 21, 22, 23, 24, 25, 26, 27, 28, 29, 30, 31
Valid weekdays: Saturday, Sunday
When: 14:00:00
Current Time: 2007-01-06 14:30:00
Valid Interval: 13:00:00-16:00:00
Valid days of month: 1, 2, 3, 4, 5, 6, 7, 8, 9, 10, 11, 12, 13, 14, 15, 16, 17, 18, 19, 20, 21, 22, 23, 24, 25, 26, 27, 28, 29, 30, 31
Valid weekdays: Saturday, Sunday
When: 14:00:00
Current Time: 2007-01-07 15:00:00
Valid Interval: 23:00:00-02:00:00
Valid days of month: 1, 2, 3, 4, 5, 6, 7, 8, 9, 10, 11, 12, 13, 14, 15, 16, 17, 18, 19, 20, 21, 22, 23, 24, 25, 26, 27, 28, 29, 30, 31
Valid weekdays: Saturday, Sunday
When: 01:00:00
Current Time: 2007-01-06 01:30:00
Valid Interval: 23:00:00-02:00:00
Valid days of month: 1, 2, 3, 4, 5, 6, 7, 8, 9, 10, 11, 12, 13, 14, 15, 16, 17, 18, 19, 20, 21, 22, 23, 24, 25, 26, 27, 28, 29, 30, 31
Valid weekdays: Saturday, Sunday
When: 01:00:00
Current Time: 2007-01-07 01:30:00
Valid Interval: 23:00:00-02:00:00
Valid days of month: 1, 2, 3, 4, 5, 6, 7, 8, 9, 10, 11, 12, 13, 14, 15, 16, 17, 18, 19, 20, 21, 22, 23, 24, 25, 26, 27, 28, 29, 30, 31
Valid weekdays: Saturday, Sunday
When: 23:30:00
Current Time: 2007-01-06 23:02:00
Valid Interval: 23:00:00-02:00:00
Valid days of month: 1, 2, 3, 4, 5, 6, 7, 8, 9, 10, 11, 12, 13, 14, 15, 16, 17, 18, 19, 20, 21, 22, 23, 24, 25, 26, 27, 28, 29, 30, 31
Valid weekdays: Saturday, Sunday
When: 23:30:00
Current Time: 2007-01-06 01:10:00
Valid Interval: 23:00:00-02:00:00
Valid days of month: 1, 2, 3, 4, 5, 6, 7, 8, 9, 10, 11, 12, 13, 14, 15, 16, 17, 18, 19, 20, 21, 22, 23, 24, 25, 26, 27, 28, 29, 30, 31
Valid weekdays: Saturday, Sunday
When: 23:30:00
Current Time: 2007-01-07 01:00:40
Valid Interval: 23:00:00-02:00:00
Valid days of month: 2
Valid weekdays: Saturday, Sunday
When: 23:30:00
Current Time: 2007-01-01 12:00:00
Valid Interval: 23:00:00-02:00:00
Valid days of month: 1, 2
Valid weekdays: Saturday, Sunday
When: 23:30:00
Current Time: 2007-01-05 23:30:00
Valid Interval: 23:00:00-02:00:00
Valid days of month: 1, 2
Valid weekdays: Saturday, Sunday
When: 23:30:00
Current Time: 2007-01-06 23:00:00</StdOut>
      </Output>
    </UnitTestResult>
    <UnitTestResult executionId="cd7754a3-0d14-40f9-8652-8549516d1c2d" testId="e88cb8f1-9dc0-40ba-9ac5-e2a0c2f90656" testName="GetNextTimeToTrigger_AbsoluteTimer_ReturnsCorrectTime (Data Row 76)" computerName="ICSWS068" duration="00:00:00.0038268" startTime="2016-08-04T07:57:22.9336215+02:00" endTime="2016-08-04T07:57:22.9376247+02:00" testType="13cdc9d9-ddb5-4fa4-a97d-d965ccfc6d4b" outcome="Passed" testListId="8c84fa94-04c1-424b-9868-57a2d4851a1d" relativeResultsDirectory="cd7754a3-0d14-40f9-8652-8549516d1c2d">
      <Output>
        <StdOut>TestContext Messages:
Valid Interval: 11:00:00-13:00:00
Valid days of month: 1, 2, 3, 4, 5, 6, 7, 8, 9, 10, 11, 12, 13, 14, 15, 16, 17, 18, 19, 20, 21, 22, 23, 24, 25, 26, 27, 28, 29, 30, 31
Valid weekdays: Monday, Tuesday, Wednesday, Thursday, Friday, Saturday, Sunday
When: 12:00:00
Current Time: 2011-01-01 00:00:00
Valid Interval: 11:00:00-13:00:00
Valid days of month: 1, 2, 3, 4, 5, 6, 7, 8, 9, 10, 11, 12, 13, 14, 15, 16, 17, 18, 19, 20, 21, 22, 23, 24, 25, 26, 27, 28, 29, 30, 31
Valid weekdays: Monday, Tuesday, Wednesday, Thursday, Friday, Saturday, Sunday
When: 12:00:00
Current Time: 2011-01-01 09:00:00
Valid Interval: 11:00:00-13:00:00
Valid days of month: 1, 2, 3, 4, 5, 6, 7, 8, 9, 10, 11, 12, 13, 14, 15, 16, 17, 18, 19, 20, 21, 22, 23, 24, 25, 26, 27, 28, 29, 30, 31
Valid weekdays: Monday, Tuesday, Wednesday, Thursday, Friday, Saturday, Sunday
When: 12:00:00
Current Time: 2011-01-01 11:00:00
Valid Interval: 11:00:00-13:00:00
Valid days of month: 1, 2, 3, 4, 5, 6, 7, 8, 9, 10, 11, 12, 13, 14, 15, 16, 17, 18, 19, 20, 21, 22, 23, 24, 25, 26, 27, 28, 29, 30, 31
Valid weekdays: Monday, Tuesday, Wednesday, Thursday, Friday, Saturday, Sunday
When: 12:00:00
Current Time: 2011-01-01 12:00:00
Valid Interval: 11:00:00-13:00:00
Valid days of month: 1, 2, 3, 4, 5, 6, 7, 8, 9, 10, 11, 12, 13, 14, 15, 16, 17, 18, 19, 20, 21, 22, 23, 24, 25, 26, 27, 28, 29, 30, 31
Valid weekdays: Monday, Tuesday, Wednesday, Thursday, Friday, Saturday, Sunday
When: 12:00:00
Current Time: 2011-01-01 12:30:00
Valid Interval: 11:00:00-13:00:00
Valid days of month: 1, 2, 3, 4, 5, 6, 7, 8, 9, 10, 11, 12, 13, 14, 15, 16, 17, 18, 19, 20, 21, 22, 23, 24, 25, 26, 27, 28, 29, 30, 31
Valid weekdays: Monday, Tuesday, Wednesday, Thursday, Friday, Saturday, Sunday
When: 12:00:00
Current Time: 2011-01-01 13:00:00
Valid Interval: 11:00:00-13:00:00
Valid days of month: 1, 2, 3, 4, 5, 6, 7, 8, 9, 10, 11, 12, 13, 14, 15, 16, 17, 18, 19, 20, 21, 22, 23, 24, 25, 26, 27, 28, 29, 30, 31
Valid weekdays: Monday, Tuesday, Wednesday, Thursday, Friday, Saturday, Sunday
When: 12:00:00
Current Time: 2011-01-02 00:00:00
Valid Interval: 11:00:00-13:00:00
Valid days of month: 1, 2, 3, 4, 5, 6, 7, 8, 9, 10, 11, 12, 13, 14, 15, 16, 17, 18, 19, 20, 21, 22, 23, 24, 25, 26, 27, 28, 29, 30, 31
Valid weekdays: Monday, Tuesday, Wednesday, Thursday, Friday, Saturday, Sunday
When: 12:00:00
Current Time: 2011-01-02 09:00:00
Valid Interval: 11:00:00-13:00:00
Valid days of month: 1, 2, 3, 4, 5, 6, 7, 8, 9, 10, 11, 12, 13, 14, 15, 16, 17, 18, 19, 20, 21, 22, 23, 24, 25, 26, 27, 28, 29, 30, 31
Valid weekdays: Monday, Tuesday, Wednesday, Thursday, Friday, Saturday, Sunday
When: 12:00:00
Current Time: 2011-01-02 12:00:00
Valid Interval: 11:00:00-13:00:00
Valid days of month: 1, 2, 3, 4, 5, 6, 7, 8, 9, 10, 11, 12, 13, 14, 15, 16, 17, 18, 19, 20, 21, 22, 23, 24, 25, 26, 27, 28, 29, 30, 31
Valid weekdays: Monday, Tuesday, Wednesday, Thursday, Friday, Saturday, Sunday
When: 12:00:00
Current Time: 2011-01-02 12:45:30
Valid Interval: 11:00:00-13:00:00
Valid days of month: 1, 2, 3, 4, 5, 6, 7, 8, 9, 10, 11, 12, 13, 14, 15, 16, 17, 18, 19, 20, 21, 22, 23, 24, 25, 26, 27, 28, 29, 30, 31
Valid weekdays: Monday, Tuesday, Wednesday, Thursday, Friday, Saturday, Sunday
When: 12:00:00
Current Time: 2011-01-02 13:00:00
Valid Interval: 11:00:00-13:00:00
Valid days of month: 1, 2, 3, 4, 5, 6, 7, 8, 9, 10, 11, 12, 13, 14, 15, 16, 17, 18, 19, 20, 21, 22, 23, 24, 25, 26, 27, 28, 29, 30, 31
Valid weekdays: Monday, Tuesday, Wednesday, Thursday, Friday, Saturday, Sunday
When: 12:00:00
Current Time: 2011-01-01 12:00:00
Valid Interval: 11:00:00-13:00:00
Valid days of month: 1, 2, 3, 4, 5, 6, 7, 8, 9, 10, 11, 12, 13, 14, 15, 16, 17, 18, 19, 20, 21, 22, 23, 24, 25, 26, 27, 28, 29, 30, 31
Valid weekdays: Monday, Tuesday, Wednesday, Thursday, Friday, Saturday, Sunday
When: 12:00:00
Current Time: 2011-01-01 12:30:00
Valid Interval: 11:00:00-13:00:00
Valid days of month: 1, 2, 3, 4, 5, 6, 7, 8, 9, 10, 11, 12, 13, 14, 15, 16, 17, 18, 19, 20, 21, 22, 23, 24, 25, 26, 27, 28, 29, 30, 31
Valid weekdays: Monday, Tuesday, Wednesday, Thursday, Friday, Saturday, Sunday
When: 12:00:00
Current Time: 2011-01-01 12:30:00
Valid Interval: 11:00:00-13:00:00
Valid days of month: 1, 2, 3, 4, 5, 6, 7, 8, 9, 10, 11, 12, 13, 14, 15, 16, 17, 18, 19, 20, 21, 22, 23, 24, 25, 26, 27, 28, 29, 30, 31
Valid weekdays: Monday, Tuesday, Wednesday, Thursday, Friday, Saturday, Sunday
When: 12:00:00
Current Time: 2011-01-01 13:00:00
Valid Interval: 11:00:00-13:00:00
Valid days of month: 1, 2, 3, 4, 5, 6, 7, 8, 9, 10, 11, 12, 13, 14, 15, 16, 17, 18, 19, 20, 21, 22, 23, 24, 25, 26, 27, 28, 29, 30, 31
Valid weekdays: Monday, Tuesday, Wednesday, Thursday, Friday, Saturday, Sunday
When: 12:00:00
Current Time: 2011-01-01 14:30:00
Valid Interval: 23:00:00-13:00:00
Valid days of month: 1, 2, 3, 4, 5, 6, 7, 8, 9, 10, 11, 12, 13, 14, 15, 16, 17, 18, 19, 20, 21, 22, 23, 24, 25, 26, 27, 28, 29, 30, 31
Valid weekdays: Monday, Tuesday, Wednesday, Thursday, Friday, Saturday, Sunday
When: 23:30:00
Current Time: 2011-01-01 16:00:00
Valid Interval: 23:00:00-13:00:00
Valid days of month: 1, 2, 3, 4, 5, 6, 7, 8, 9, 10, 11, 12, 13, 14, 15, 16, 17, 18, 19, 20, 21, 22, 23, 24, 25, 26, 27, 28, 29, 30, 31
Valid weekdays: Monday, Tuesday, Wednesday, Thursday, Friday, Saturday, Sunday
When: 23:30:00
Current Time: 2011-01-01 23:00:00
Valid Interval: 23:00:00-13:00:00
Valid days of month: 1, 2, 3, 4, 5, 6, 7, 8, 9, 10, 11, 12, 13, 14, 15, 16, 17, 18, 19, 20, 21, 22, 23, 24, 25, 26, 27, 28, 29, 30, 31
Valid weekdays: Monday, Tuesday, Wednesday, Thursday, Friday, Saturday, Sunday
When: 23:30:00
Current Time: 2011-01-01 23:30:00
Valid Interval: 23:00:00-13:00:00
Valid days of month: 1, 2, 3, 4, 5, 6, 7, 8, 9, 10, 11, 12, 13, 14, 15, 16, 17, 18, 19, 20, 21, 22, 23, 24, 25, 26, 27, 28, 29, 30, 31
Valid weekdays: Monday, Tuesday, Wednesday, Thursday, Friday, Saturday, Sunday
When: 23:30:00
Current Time: 2011-01-01 23:45:00
Valid Interval: 23:00:00-13:00:00
Valid days of month: 1, 2, 3, 4, 5, 6, 7, 8, 9, 10, 11, 12, 13, 14, 15, 16, 17, 18, 19, 20, 21, 22, 23, 24, 25, 26, 27, 28, 29, 30, 31
Valid weekdays: Monday, Tuesday, Wednesday, Thursday, Friday, Saturday, Sunday
When: 23:30:00
Current Time: 2011-01-02 00:30:00
Valid Interval: 23:00:00-13:00:00
Valid days of month: 1, 2, 3, 4, 5, 6, 7, 8, 9, 10, 11, 12, 13, 14, 15, 16, 17, 18, 19, 20, 21, 22, 23, 24, 25, 26, 27, 28, 29, 30, 31
Valid weekdays: Monday, Tuesday, Wednesday, Thursday, Friday, Saturday, Sunday
When: 23:30:00
Current Time: 2011-01-01 13:00:00
Valid Interval: 23:00:00-13:00:00
Valid days of month: 1, 2, 3, 4, 5, 6, 7, 8, 9, 10, 11, 12, 13, 14, 15, 16, 17, 18, 19, 20, 21, 22, 23, 24, 25, 26, 27, 28, 29, 30, 31
Valid weekdays: Monday, Tuesday, Wednesday, Thursday, Friday, Saturday, Sunday
When: 01:00:00
Current Time: 2011-01-01 16:00:00
Valid Interval: 23:00:00-13:00:00
Valid days of month: 1, 2, 3, 4, 5, 6, 7, 8, 9, 10, 11, 12, 13, 14, 15, 16, 17, 18, 19, 20, 21, 22, 23, 24, 25, 26, 27, 28, 29, 30, 31
Valid weekdays: Monday, Tuesday, Wednesday, Thursday, Friday, Saturday, Sunday
When: 01:00:00
Current Time: 2011-01-01 23:00:00
Valid Interval: 23:00:00-13:00:00
Valid days of month: 1, 2, 3, 4, 5, 6, 7, 8, 9, 10, 11, 12, 13, 14, 15, 16, 17, 18, 19, 20, 21, 22, 23, 24, 25, 26, 27, 28, 29, 30, 31
Valid weekdays: Monday, Tuesday, Wednesday, Thursday, Friday, Saturday, Sunday
When: 01:00:00
Current Time: 2011-01-01 23:30:00
Valid Interval: 23:00:00-13:00:00
Valid days of month: 1, 2, 3, 4, 5, 6, 7, 8, 9, 10, 11, 12, 13, 14, 15, 16, 17, 18, 19, 20, 21, 22, 23, 24, 25, 26, 27, 28, 29, 30, 31
Valid weekdays: Monday, Tuesday, Wednesday, Thursday, Friday, Saturday, Sunday
When: 01:00:00
Current Time: 2011-01-02 00:30:00
Valid Interval: 23:00:00-13:00:00
Valid days of month: 1, 2, 3, 4, 5, 6, 7, 8, 9, 10, 11, 12, 13, 14, 15, 16, 17, 18, 19, 20, 21, 22, 23, 24, 25, 26, 27, 28, 29, 30, 31
Valid weekdays: Monday, Tuesday, Wednesday, Thursday, Friday, Saturday, Sunday
When: 01:00:00
Current Time: 2011-01-01 02:00:00
Valid Interval: 23:00:00-13:00:00
Valid days of month: 1, 2, 3, 4, 5, 6, 7, 8, 9, 10, 11, 12, 13, 14, 15, 16, 17, 18, 19, 20, 21, 22, 23, 24, 25, 26, 27, 28, 29, 30, 31
Valid weekdays: Monday, Tuesday, Wednesday, Thursday, Friday, Saturday, Sunday
When: 01:00:00
Current Time: 2011-01-01 13:00:00
Valid Interval: 23:00:00-13:00:00
Valid days of month: 1, 2, 3, 4, 5, 6, 7, 8, 9, 10, 11, 12, 13, 14, 15, 16, 17, 18, 19, 20, 21, 22, 23, 24, 25, 26, 27, 28, 29, 30, 31
Valid weekdays: Monday, Tuesday, Wednesday, Thursday, Friday, Saturday, Sunday
When: 23:30:00
Current Time: 2011-01-01 16:00:00
Valid Interval: 23:00:00-13:00:00
Valid days of month: 1, 2, 3, 4, 5, 6, 7, 8, 9, 10, 11, 12, 13, 14, 15, 16, 17, 18, 19, 20, 21, 22, 23, 24, 25, 26, 27, 28, 29, 30, 31
Valid weekdays: Monday, Tuesday, Wednesday, Thursday, Friday, Saturday, Sunday
When: 23:30:00
Current Time: 2011-01-01 23:00:00
Valid Interval: 23:00:00-13:00:00
Valid days of month: 1, 2, 3, 4, 5, 6, 7, 8, 9, 10, 11, 12, 13, 14, 15, 16, 17, 18, 19, 20, 21, 22, 23, 24, 25, 26, 27, 28, 29, 30, 31
Valid weekdays: Monday, Tuesday, Wednesday, Thursday, Friday, Saturday, Sunday
When: 23:30:00
Current Time: 2011-01-01 23:30:00
Valid Interval: 23:00:00-13:00:00
Valid days of month: 1, 2, 3, 4, 5, 6, 7, 8, 9, 10, 11, 12, 13, 14, 15, 16, 17, 18, 19, 20, 21, 22, 23, 24, 25, 26, 27, 28, 29, 30, 31
Valid weekdays: Monday, Tuesday, Wednesday, Thursday, Friday, Saturday, Sunday
When: 23:30:00
Current Time: 2011-01-01 23:45:00
Valid Interval: 23:00:00-13:00:00
Valid days of month: 1, 2, 3, 4, 5, 6, 7, 8, 9, 10, 11, 12, 13, 14, 15, 16, 17, 18, 19, 20, 21, 22, 23, 24, 25, 26, 27, 28, 29, 30, 31
Valid weekdays: Monday, Tuesday, Wednesday, Thursday, Friday, Saturday, Sunday
When: 23:30:00
Current Time: 2011-01-02 00:30:00
Valid Interval: 23:00:00-13:00:00
Valid days of month: 1, 2, 3, 4, 5, 6, 7, 8, 9, 10, 11, 12, 13, 14, 15, 16, 17, 18, 19, 20, 21, 22, 23, 24, 25, 26, 27, 28, 29, 30, 31
Valid weekdays: Monday, Tuesday, Wednesday, Thursday, Friday, Saturday, Sunday
When: 23:30:00
Current Time: 2011-01-01 13:00:00
Valid Interval: 23:00:00-13:00:00
Valid days of month: 1, 2, 3, 4, 5, 6, 7, 8, 9, 10, 11, 12, 13, 14, 15, 16, 17, 18, 19, 20, 21, 22, 23, 24, 25, 26, 27, 28, 29, 30, 31
Valid weekdays: Monday, Tuesday, Wednesday, Thursday, Friday, Saturday, Sunday
When: 01:00:00
Current Time: 2011-01-01 16:00:00
Valid Interval: 23:00:00-13:00:00
Valid days of month: 1, 2, 3, 4, 5, 6, 7, 8, 9, 10, 11, 12, 13, 14, 15, 16, 17, 18, 19, 20, 21, 22, 23, 24, 25, 26, 27, 28, 29, 30, 31
Valid weekdays: Monday, Tuesday, Wednesday, Thursday, Friday, Saturday, Sunday
When: 01:00:00
Current Time: 2011-01-01 23:00:00
Valid Interval: 23:00:00-13:00:00
Valid days of month: 1, 2, 3, 4, 5, 6, 7, 8, 9, 10, 11, 12, 13, 14, 15, 16, 17, 18, 19, 20, 21, 22, 23, 24, 25, 26, 27, 28, 29, 30, 31
Valid weekdays: Monday, Tuesday, Wednesday, Thursday, Friday, Saturday, Sunday
When: 01:00:00
Current Time: 2011-01-01 23:30:00
Valid Interval: 23:00:00-13:00:00
Valid days of month: 1, 2, 3, 4, 5, 6, 7, 8, 9, 10, 11, 12, 13, 14, 15, 16, 17, 18, 19, 20, 21, 22, 23, 24, 25, 26, 27, 28, 29, 30, 31
Valid weekdays: Monday, Tuesday, Wednesday, Thursday, Friday, Saturday, Sunday
When: 01:00:00
Current Time: 2011-01-02 00:30:00
Valid Interval: 23:00:00-13:00:00
Valid days of month: 1, 2, 3, 4, 5, 6, 7, 8, 9, 10, 11, 12, 13, 14, 15, 16, 17, 18, 19, 20, 21, 22, 23, 24, 25, 26, 27, 28, 29, 30, 31
Valid weekdays: Monday, Tuesday, Wednesday, Thursday, Friday, Saturday, Sunday
When: 01:00:00
Current Time: 2011-01-02 02:00:00
Valid Interval: 23:00:00-13:00:00
Valid days of month: 1, 2, 3, 4, 5, 6, 7, 8, 9, 10, 11, 12, 13, 14, 15, 16, 17, 18, 19, 20, 21, 22, 23, 24, 25, 26, 27, 28, 29, 30, 31
Valid weekdays: Monday, Tuesday, Wednesday, Thursday, Friday, Saturday, Sunday
When: 01:00:00
Current Time: 2011-01-02 13:00:00
Valid Interval: 23:00:00-13:00:00
Valid days of month: 1, 2, 3, 4, 5, 6, 7, 8, 9, 10, 11, 12, 13, 14, 15, 16, 17, 18, 19, 20, 21, 22, 23, 24, 25, 26, 27, 28, 29, 30, 31
Valid weekdays: Monday, Tuesday, Wednesday, Thursday, Friday, Saturday, Sunday
When: 23:30:00
Current Time: 2011-01-01 23:30:05
Valid Interval: 23:00:00-13:00:00
Valid days of month: 1, 2, 3, 4, 5, 6, 7, 8, 9, 10, 11, 12, 13, 14, 15, 16, 17, 18, 19, 20, 21, 22, 23, 24, 25, 26, 27, 28, 29, 30, 31
Valid weekdays: Monday, Tuesday, Wednesday, Thursday, Friday, Saturday, Sunday
When: 23:30:00
Current Time: 2011-01-02 00:30:00
Valid Interval: 23:00:00-13:00:00
Valid days of month: 1, 2, 3, 4, 5, 6, 7, 8, 9, 10, 11, 12, 13, 14, 15, 16, 17, 18, 19, 20, 21, 22, 23, 24, 25, 26, 27, 28, 29, 30, 31
Valid weekdays: Monday, Tuesday, Wednesday, Thursday, Friday, Saturday, Sunday
When: 23:30:00
Current Time: 2011-01-02 13:00:00
Valid Interval: 23:00:00-13:00:00
Valid days of month: 1, 2, 3, 4, 5, 6, 7, 8, 9, 10, 11, 12, 13, 14, 15, 16, 17, 18, 19, 20, 21, 22, 23, 24, 25, 26, 27, 28, 29, 30, 31
Valid weekdays: Monday, Tuesday, Wednesday, Thursday, Friday, Saturday, Sunday
When: 01:00:00
Current Time: 2011-01-01 02:00:00
Valid Interval: 23:00:00-13:00:00
Valid days of month: 1, 2, 3, 4, 5, 6, 7, 8, 9, 10, 11, 12, 13, 14, 15, 16, 17, 18, 19, 20, 21, 22, 23, 24, 25, 26, 27, 28, 29, 30, 31
Valid weekdays: Monday, Tuesday, Wednesday, Thursday, Friday, Saturday, Sunday
When: 01:00:00
Current Time: 2011-01-02 02:00:00
Valid Interval: 13:00:00-16:00:00
Valid days of month: 1, 2, 3, 4, 5, 6, 7, 8, 9, 10, 11, 12, 13, 14, 15, 16, 17, 18, 19, 20, 21, 22, 23, 24, 25, 26, 27, 28, 29, 30, 31
Valid weekdays: Saturday, Sunday
When: 14:00:00
Current Time: 2007-01-01 12:00:00
Valid Interval: 13:00:00-16:00:00
Valid days of month: 1, 2, 3, 4, 5, 6, 7, 8, 9, 10, 11, 12, 13, 14, 15, 16, 17, 18, 19, 20, 21, 22, 23, 24, 25, 26, 27, 28, 29, 30, 31
Valid weekdays: Saturday, Sunday
When: 14:00:00
Current Time: 2007-01-02 13:30:00
Valid Interval: 13:00:00-16:00:00
Valid days of month: 1, 2, 3, 4, 5, 6, 7, 8, 9, 10, 11, 12, 13, 14, 15, 16, 17, 18, 19, 20, 21, 22, 23, 24, 25, 26, 27, 28, 29, 30, 31
Valid weekdays: Saturday, Sunday
When: 14:00:00
Current Time: 2007-01-06 13:30:00
Valid Interval: 13:00:00-16:00:00
Valid days of month: 1, 2, 3, 4, 5, 6, 7, 8, 9, 10, 11, 12, 13, 14, 15, 16, 17, 18, 19, 20, 21, 22, 23, 24, 25, 26, 27, 28, 29, 30, 31
Valid weekdays: Saturday, Sunday
When: 14:00:00
Current Time: 2007-01-06 14:30:00
Valid Interval: 13:00:00-16:00:00
Valid days of month: 1, 2, 3, 4, 5, 6, 7, 8, 9, 10, 11, 12, 13, 14, 15, 16, 17, 18, 19, 20, 21, 22, 23, 24, 25, 26, 27, 28, 29, 30, 31
Valid weekdays: Saturday, Sunday
When: 14:00:00
Current Time: 2007-01-06 16:30:00
Valid Interval: 13:00:00-16:00:00
Valid days of month: 1, 2, 3, 4, 5, 6, 7, 8, 9, 10, 11, 12, 13, 14, 15, 16, 17, 18, 19, 20, 21, 22, 23, 24, 25, 26, 27, 28, 29, 30, 31
Valid weekdays: Saturday, Sunday
When: 14:00:00
Current Time: 2007-01-07 16:00:00
Valid Interval: 23:00:00-02:00:00
Valid days of month: 1, 2, 3, 4, 5, 6, 7, 8, 9, 10, 11, 12, 13, 14, 15, 16, 17, 18, 19, 20, 21, 22, 23, 24, 25, 26, 27, 28, 29, 30, 31
Valid weekdays: Saturday, Sunday
When: 01:00:00
Current Time: 2007-01-01 12:00:00
Valid Interval: 23:00:00-02:00:00
Valid days of month: 1, 2, 3, 4, 5, 6, 7, 8, 9, 10, 11, 12, 13, 14, 15, 16, 17, 18, 19, 20, 21, 22, 23, 24, 25, 26, 27, 28, 29, 30, 31
Valid weekdays: Saturday, Sunday
When: 01:00:00
Current Time: 2007-01-02 01:00:00
Valid Interval: 23:00:00-02:00:00
Valid days of month: 1, 2, 3, 4, 5, 6, 7, 8, 9, 10, 11, 12, 13, 14, 15, 16, 17, 18, 19, 20, 21, 22, 23, 24, 25, 26, 27, 28, 29, 30, 31
Valid weekdays: Saturday, Sunday
When: 01:00:00
Current Time: 2007-01-06 00:30:00
Valid Interval: 23:00:00-02:00:00
Valid days of month: 1, 2, 3, 4, 5, 6, 7, 8, 9, 10, 11, 12, 13, 14, 15, 16, 17, 18, 19, 20, 21, 22, 23, 24, 25, 26, 27, 28, 29, 30, 31
Valid weekdays: Saturday, Sunday
When: 01:00:00
Current Time: 2007-01-06 01:30:00
Valid Interval: 23:00:00-02:00:00
Valid days of month: 1, 2, 3, 4, 5, 6, 7, 8, 9, 10, 11, 12, 13, 14, 15, 16, 17, 18, 19, 20, 21, 22, 23, 24, 25, 26, 27, 28, 29, 30, 31
Valid weekdays: Saturday, Sunday
When: 01:00:00
Current Time: 2007-01-06 02:30:00
Valid Interval: 23:00:00-02:00:00
Valid days of month: 1, 2, 3, 4, 5, 6, 7, 8, 9, 10, 11, 12, 13, 14, 15, 16, 17, 18, 19, 20, 21, 22, 23, 24, 25, 26, 27, 28, 29, 30, 31
Valid weekdays: Saturday, Sunday
When: 01:00:00
Current Time: 2007-01-07 02:00:00
Valid Interval: 23:00:00-02:00:00
Valid days of month: 1, 2, 3, 4, 5, 6, 7, 8, 9, 10, 11, 12, 13, 14, 15, 16, 17, 18, 19, 20, 21, 22, 23, 24, 25, 26, 27, 28, 29, 30, 31
Valid weekdays: Saturday, Sunday
When: 23:30:00
Current Time: 2007-01-01 12:00:00
Valid Interval: 23:00:00-02:00:00
Valid days of month: 1, 2, 3, 4, 5, 6, 7, 8, 9, 10, 11, 12, 13, 14, 15, 16, 17, 18, 19, 20, 21, 22, 23, 24, 25, 26, 27, 28, 29, 30, 31
Valid weekdays: Saturday, Sunday
When: 23:30:00
Current Time: 2007-01-05 23:30:00
Valid Interval: 23:00:00-02:00:00
Valid days of month: 1, 2, 3, 4, 5, 6, 7, 8, 9, 10, 11, 12, 13, 14, 15, 16, 17, 18, 19, 20, 21, 22, 23, 24, 25, 26, 27, 28, 29, 30, 31
Valid weekdays: Saturday, Sunday
When: 23:30:00
Current Time: 2007-01-06 23:00:00
Valid Interval: 23:00:00-02:00:00
Valid days of month: 1, 2, 3, 4, 5, 6, 7, 8, 9, 10, 11, 12, 13, 14, 15, 16, 17, 18, 19, 20, 21, 22, 23, 24, 25, 26, 27, 28, 29, 30, 31
Valid weekdays: Saturday, Sunday
When: 23:30:00
Current Time: 2007-01-06 02:00:00
Valid Interval: 23:00:00-02:00:00
Valid days of month: 1, 2, 3, 4, 5, 6, 7, 8, 9, 10, 11, 12, 13, 14, 15, 16, 17, 18, 19, 20, 21, 22, 23, 24, 25, 26, 27, 28, 29, 30, 31
Valid weekdays: Saturday, Sunday
When: 23:30:00
Current Time: 2007-01-07 23:40:00
Valid Interval: 23:00:00-02:00:00
Valid days of month: 1, 2, 3, 4, 5, 6, 7, 8, 9, 10, 11, 12, 13, 14, 15, 16, 17, 18, 19, 20, 21, 22, 23, 24, 25, 26, 27, 28, 29, 30, 31
Valid weekdays: Saturday, Sunday
When: 23:30:00
Current Time: 2007-01-07 01:00:00
Valid Interval: 13:00:00-16:00:00
Valid days of month: 1, 2, 3, 4, 5, 6, 7, 8, 9, 10, 11, 12, 13, 14, 15, 16, 17, 18, 19, 20, 21, 22, 23, 24, 25, 26, 27, 28, 29, 30, 31
Valid weekdays: Saturday, Sunday
When: 14:00:00
Current Time: 2007-01-01 12:00:00
Valid Interval: 13:00:00-16:00:00
Valid days of month: 1, 2, 3, 4, 5, 6, 7, 8, 9, 10, 11, 12, 13, 14, 15, 16, 17, 18, 19, 20, 21, 22, 23, 24, 25, 26, 27, 28, 29, 30, 31
Valid weekdays: Saturday, Sunday
When: 14:00:00
Current Time: 2007-01-02 13:30:00
Valid Interval: 13:00:00-16:00:00
Valid days of month: 1, 2, 3, 4, 5, 6, 7, 8, 9, 10, 11, 12, 13, 14, 15, 16, 17, 18, 19, 20, 21, 22, 23, 24, 25, 26, 27, 28, 29, 30, 31
Valid weekdays: Saturday, Sunday
When: 14:00:00
Current Time: 2007-01-06 13:30:00
Valid Interval: 13:00:00-16:00:00
Valid days of month: 1, 2, 3, 4, 5, 6, 7, 8, 9, 10, 11, 12, 13, 14, 15, 16, 17, 18, 19, 20, 21, 22, 23, 24, 25, 26, 27, 28, 29, 30, 31
Valid weekdays: Saturday, Sunday
When: 14:00:00
Current Time: 2007-01-06 14:30:00
Valid Interval: 13:00:00-16:00:00
Valid days of month: 1, 2, 3, 4, 5, 6, 7, 8, 9, 10, 11, 12, 13, 14, 15, 16, 17, 18, 19, 20, 21, 22, 23, 24, 25, 26, 27, 28, 29, 30, 31
Valid weekdays: Saturday, Sunday
When: 14:00:00
Current Time: 2007-01-06 16:30:00
Valid Interval: 13:00:00-16:00:00
Valid days of month: 1, 2, 3, 4, 5, 6, 7, 8, 9, 10, 11, 12, 13, 14, 15, 16, 17, 18, 19, 20, 21, 22, 23, 24, 25, 26, 27, 28, 29, 30, 31
Valid weekdays: Saturday, Sunday
When: 14:00:00
Current Time: 2007-01-07 16:00:00
Valid Interval: 23:00:00-02:00:00
Valid days of month: 1, 2, 3, 4, 5, 6, 7, 8, 9, 10, 11, 12, 13, 14, 15, 16, 17, 18, 19, 20, 21, 22, 23, 24, 25, 26, 27, 28, 29, 30, 31
Valid weekdays: Saturday, Sunday
When: 01:00:00
Current Time: 2007-01-01 12:00:00
Valid Interval: 23:00:00-02:00:00
Valid days of month: 1, 2, 3, 4, 5, 6, 7, 8, 9, 10, 11, 12, 13, 14, 15, 16, 17, 18, 19, 20, 21, 22, 23, 24, 25, 26, 27, 28, 29, 30, 31
Valid weekdays: Saturday, Sunday
When: 01:00:00
Current Time: 2007-01-02 01:00:00
Valid Interval: 23:00:00-02:00:00
Valid days of month: 1, 2, 3, 4, 5, 6, 7, 8, 9, 10, 11, 12, 13, 14, 15, 16, 17, 18, 19, 20, 21, 22, 23, 24, 25, 26, 27, 28, 29, 30, 31
Valid weekdays: Saturday, Sunday
When: 01:00:00
Current Time: 2007-01-06 00:30:00
Valid Interval: 23:00:00-02:00:00
Valid days of month: 1, 2, 3, 4, 5, 6, 7, 8, 9, 10, 11, 12, 13, 14, 15, 16, 17, 18, 19, 20, 21, 22, 23, 24, 25, 26, 27, 28, 29, 30, 31
Valid weekdays: Saturday, Sunday
When: 01:00:00
Current Time: 2007-01-06 02:30:00
Valid Interval: 23:00:00-02:00:00
Valid days of month: 1, 2, 3, 4, 5, 6, 7, 8, 9, 10, 11, 12, 13, 14, 15, 16, 17, 18, 19, 20, 21, 22, 23, 24, 25, 26, 27, 28, 29, 30, 31
Valid weekdays: Saturday, Sunday
When: 23:30:00
Current Time: 2007-01-01 12:00:00
Valid Interval: 23:00:00-02:00:00
Valid days of month: 1, 2, 3, 4, 5, 6, 7, 8, 9, 10, 11, 12, 13, 14, 15, 16, 17, 18, 19, 20, 21, 22, 23, 24, 25, 26, 27, 28, 29, 30, 31
Valid weekdays: Saturday, Sunday
When: 23:30:00
Current Time: 2007-01-05 23:30:00
Valid Interval: 23:00:00-02:00:00
Valid days of month: 1, 2, 3, 4, 5, 6, 7, 8, 9, 10, 11, 12, 13, 14, 15, 16, 17, 18, 19, 20, 21, 22, 23, 24, 25, 26, 27, 28, 29, 30, 31
Valid weekdays: Saturday, Sunday
When: 23:30:00
Current Time: 2007-01-06 23:00:00
Valid Interval: 23:00:00-02:00:00
Valid days of month: 1, 2, 3, 4, 5, 6, 7, 8, 9, 10, 11, 12, 13, 14, 15, 16, 17, 18, 19, 20, 21, 22, 23, 24, 25, 26, 27, 28, 29, 30, 31
Valid weekdays: Saturday, Sunday
When: 23:30:00
Current Time: 2007-01-06 02:00:00
Valid Interval: 23:00:00-02:00:00
Valid days of month: 1, 2, 3, 4, 5, 6, 7, 8, 9, 10, 11, 12, 13, 14, 15, 16, 17, 18, 19, 20, 21, 22, 23, 24, 25, 26, 27, 28, 29, 30, 31
Valid weekdays: Saturday, Sunday
When: 23:30:00
Current Time: 2007-01-07 23:40:00
Valid Interval: 23:00:00-02:00:00
Valid days of month: 1, 2, 3, 4, 5, 6, 7, 8, 9, 10, 11, 12, 13, 14, 15, 16, 17, 18, 19, 20, 21, 22, 23, 24, 25, 26, 27, 28, 29, 30, 31
Valid weekdays: Saturday, Sunday
When: 23:30:00
Current Time: 2007-01-07 01:00:00
Valid Interval: 13:00:00-16:00:00
Valid days of month: 1, 2, 3, 4, 5, 6, 7, 8, 9, 10, 11, 12, 13, 14, 15, 16, 17, 18, 19, 20, 21, 22, 23, 24, 25, 26, 27, 28, 29, 30, 31
Valid weekdays: Saturday, Sunday
When: 14:00:00
Current Time: 2007-01-06 14:30:00
Valid Interval: 13:00:00-16:00:00
Valid days of month: 1, 2, 3, 4, 5, 6, 7, 8, 9, 10, 11, 12, 13, 14, 15, 16, 17, 18, 19, 20, 21, 22, 23, 24, 25, 26, 27, 28, 29, 30, 31
Valid weekdays: Saturday, Sunday
When: 14:00:00
Current Time: 2007-01-07 15:00:00
Valid Interval: 23:00:00-02:00:00
Valid days of month: 1, 2, 3, 4, 5, 6, 7, 8, 9, 10, 11, 12, 13, 14, 15, 16, 17, 18, 19, 20, 21, 22, 23, 24, 25, 26, 27, 28, 29, 30, 31
Valid weekdays: Saturday, Sunday
When: 01:00:00
Current Time: 2007-01-06 01:30:00
Valid Interval: 23:00:00-02:00:00
Valid days of month: 1, 2, 3, 4, 5, 6, 7, 8, 9, 10, 11, 12, 13, 14, 15, 16, 17, 18, 19, 20, 21, 22, 23, 24, 25, 26, 27, 28, 29, 30, 31
Valid weekdays: Saturday, Sunday
When: 01:00:00
Current Time: 2007-01-07 01:30:00
Valid Interval: 23:00:00-02:00:00
Valid days of month: 1, 2, 3, 4, 5, 6, 7, 8, 9, 10, 11, 12, 13, 14, 15, 16, 17, 18, 19, 20, 21, 22, 23, 24, 25, 26, 27, 28, 29, 30, 31
Valid weekdays: Saturday, Sunday
When: 23:30:00
Current Time: 2007-01-06 23:02:00
Valid Interval: 23:00:00-02:00:00
Valid days of month: 1, 2, 3, 4, 5, 6, 7, 8, 9, 10, 11, 12, 13, 14, 15, 16, 17, 18, 19, 20, 21, 22, 23, 24, 25, 26, 27, 28, 29, 30, 31
Valid weekdays: Saturday, Sunday
When: 23:30:00
Current Time: 2007-01-06 01:10:00
Valid Interval: 23:00:00-02:00:00
Valid days of month: 1, 2, 3, 4, 5, 6, 7, 8, 9, 10, 11, 12, 13, 14, 15, 16, 17, 18, 19, 20, 21, 22, 23, 24, 25, 26, 27, 28, 29, 30, 31
Valid weekdays: Saturday, Sunday
When: 23:30:00
Current Time: 2007-01-07 01:00:40
Valid Interval: 23:00:00-02:00:00
Valid days of month: 2
Valid weekdays: Saturday, Sunday
When: 23:30:00
Current Time: 2007-01-01 12:00:00
Valid Interval: 23:00:00-02:00:00
Valid days of month: 1, 2
Valid weekdays: Saturday, Sunday
When: 23:30:00
Current Time: 2007-01-05 23:30:00
Valid Interval: 23:00:00-02:00:00
Valid days of month: 1, 2
Valid weekdays: Saturday, Sunday
When: 23:30:00
Current Time: 2007-01-06 23:00:00</StdOut>
      </Output>
    </UnitTestResult>
    <UnitTestResult executionId="d24ac617-bf8b-4e21-8af6-d68f0e826923" testId="50df5864-7524-412b-baf6-e53fb57cd0f9" testName="GetNextTimeToTrigger_AbsoluteTimer_ReturnsCorrectTime (Data Row 77)" computerName="ICSWS068" duration="00:00:00.0037738" startTime="2016-08-04T07:57:22.9376247+02:00" endTime="2016-08-04T07:57:22.9411266+02:00" testType="13cdc9d9-ddb5-4fa4-a97d-d965ccfc6d4b" outcome="Passed" testListId="8c84fa94-04c1-424b-9868-57a2d4851a1d" relativeResultsDirectory="d24ac617-bf8b-4e21-8af6-d68f0e826923">
      <Output>
        <StdOut>TestContext Messages:
Valid Interval: 11:00:00-13:00:00
Valid days of month: 1, 2, 3, 4, 5, 6, 7, 8, 9, 10, 11, 12, 13, 14, 15, 16, 17, 18, 19, 20, 21, 22, 23, 24, 25, 26, 27, 28, 29, 30, 31
Valid weekdays: Monday, Tuesday, Wednesday, Thursday, Friday, Saturday, Sunday
When: 12:00:00
Current Time: 2011-01-01 00:00:00
Valid Interval: 11:00:00-13:00:00
Valid days of month: 1, 2, 3, 4, 5, 6, 7, 8, 9, 10, 11, 12, 13, 14, 15, 16, 17, 18, 19, 20, 21, 22, 23, 24, 25, 26, 27, 28, 29, 30, 31
Valid weekdays: Monday, Tuesday, Wednesday, Thursday, Friday, Saturday, Sunday
When: 12:00:00
Current Time: 2011-01-01 09:00:00
Valid Interval: 11:00:00-13:00:00
Valid days of month: 1, 2, 3, 4, 5, 6, 7, 8, 9, 10, 11, 12, 13, 14, 15, 16, 17, 18, 19, 20, 21, 22, 23, 24, 25, 26, 27, 28, 29, 30, 31
Valid weekdays: Monday, Tuesday, Wednesday, Thursday, Friday, Saturday, Sunday
When: 12:00:00
Current Time: 2011-01-01 11:00:00
Valid Interval: 11:00:00-13:00:00
Valid days of month: 1, 2, 3, 4, 5, 6, 7, 8, 9, 10, 11, 12, 13, 14, 15, 16, 17, 18, 19, 20, 21, 22, 23, 24, 25, 26, 27, 28, 29, 30, 31
Valid weekdays: Monday, Tuesday, Wednesday, Thursday, Friday, Saturday, Sunday
When: 12:00:00
Current Time: 2011-01-01 12:00:00
Valid Interval: 11:00:00-13:00:00
Valid days of month: 1, 2, 3, 4, 5, 6, 7, 8, 9, 10, 11, 12, 13, 14, 15, 16, 17, 18, 19, 20, 21, 22, 23, 24, 25, 26, 27, 28, 29, 30, 31
Valid weekdays: Monday, Tuesday, Wednesday, Thursday, Friday, Saturday, Sunday
When: 12:00:00
Current Time: 2011-01-01 12:30:00
Valid Interval: 11:00:00-13:00:00
Valid days of month: 1, 2, 3, 4, 5, 6, 7, 8, 9, 10, 11, 12, 13, 14, 15, 16, 17, 18, 19, 20, 21, 22, 23, 24, 25, 26, 27, 28, 29, 30, 31
Valid weekdays: Monday, Tuesday, Wednesday, Thursday, Friday, Saturday, Sunday
When: 12:00:00
Current Time: 2011-01-01 13:00:00
Valid Interval: 11:00:00-13:00:00
Valid days of month: 1, 2, 3, 4, 5, 6, 7, 8, 9, 10, 11, 12, 13, 14, 15, 16, 17, 18, 19, 20, 21, 22, 23, 24, 25, 26, 27, 28, 29, 30, 31
Valid weekdays: Monday, Tuesday, Wednesday, Thursday, Friday, Saturday, Sunday
When: 12:00:00
Current Time: 2011-01-02 00:00:00
Valid Interval: 11:00:00-13:00:00
Valid days of month: 1, 2, 3, 4, 5, 6, 7, 8, 9, 10, 11, 12, 13, 14, 15, 16, 17, 18, 19, 20, 21, 22, 23, 24, 25, 26, 27, 28, 29, 30, 31
Valid weekdays: Monday, Tuesday, Wednesday, Thursday, Friday, Saturday, Sunday
When: 12:00:00
Current Time: 2011-01-02 09:00:00
Valid Interval: 11:00:00-13:00:00
Valid days of month: 1, 2, 3, 4, 5, 6, 7, 8, 9, 10, 11, 12, 13, 14, 15, 16, 17, 18, 19, 20, 21, 22, 23, 24, 25, 26, 27, 28, 29, 30, 31
Valid weekdays: Monday, Tuesday, Wednesday, Thursday, Friday, Saturday, Sunday
When: 12:00:00
Current Time: 2011-01-02 12:00:00
Valid Interval: 11:00:00-13:00:00
Valid days of month: 1, 2, 3, 4, 5, 6, 7, 8, 9, 10, 11, 12, 13, 14, 15, 16, 17, 18, 19, 20, 21, 22, 23, 24, 25, 26, 27, 28, 29, 30, 31
Valid weekdays: Monday, Tuesday, Wednesday, Thursday, Friday, Saturday, Sunday
When: 12:00:00
Current Time: 2011-01-02 12:45:30
Valid Interval: 11:00:00-13:00:00
Valid days of month: 1, 2, 3, 4, 5, 6, 7, 8, 9, 10, 11, 12, 13, 14, 15, 16, 17, 18, 19, 20, 21, 22, 23, 24, 25, 26, 27, 28, 29, 30, 31
Valid weekdays: Monday, Tuesday, Wednesday, Thursday, Friday, Saturday, Sunday
When: 12:00:00
Current Time: 2011-01-02 13:00:00
Valid Interval: 11:00:00-13:00:00
Valid days of month: 1, 2, 3, 4, 5, 6, 7, 8, 9, 10, 11, 12, 13, 14, 15, 16, 17, 18, 19, 20, 21, 22, 23, 24, 25, 26, 27, 28, 29, 30, 31
Valid weekdays: Monday, Tuesday, Wednesday, Thursday, Friday, Saturday, Sunday
When: 12:00:00
Current Time: 2011-01-01 12:00:00
Valid Interval: 11:00:00-13:00:00
Valid days of month: 1, 2, 3, 4, 5, 6, 7, 8, 9, 10, 11, 12, 13, 14, 15, 16, 17, 18, 19, 20, 21, 22, 23, 24, 25, 26, 27, 28, 29, 30, 31
Valid weekdays: Monday, Tuesday, Wednesday, Thursday, Friday, Saturday, Sunday
When: 12:00:00
Current Time: 2011-01-01 12:30:00
Valid Interval: 11:00:00-13:00:00
Valid days of month: 1, 2, 3, 4, 5, 6, 7, 8, 9, 10, 11, 12, 13, 14, 15, 16, 17, 18, 19, 20, 21, 22, 23, 24, 25, 26, 27, 28, 29, 30, 31
Valid weekdays: Monday, Tuesday, Wednesday, Thursday, Friday, Saturday, Sunday
When: 12:00:00
Current Time: 2011-01-01 12:30:00
Valid Interval: 11:00:00-13:00:00
Valid days of month: 1, 2, 3, 4, 5, 6, 7, 8, 9, 10, 11, 12, 13, 14, 15, 16, 17, 18, 19, 20, 21, 22, 23, 24, 25, 26, 27, 28, 29, 30, 31
Valid weekdays: Monday, Tuesday, Wednesday, Thursday, Friday, Saturday, Sunday
When: 12:00:00
Current Time: 2011-01-01 13:00:00
Valid Interval: 11:00:00-13:00:00
Valid days of month: 1, 2, 3, 4, 5, 6, 7, 8, 9, 10, 11, 12, 13, 14, 15, 16, 17, 18, 19, 20, 21, 22, 23, 24, 25, 26, 27, 28, 29, 30, 31
Valid weekdays: Monday, Tuesday, Wednesday, Thursday, Friday, Saturday, Sunday
When: 12:00:00
Current Time: 2011-01-01 14:30:00
Valid Interval: 23:00:00-13:00:00
Valid days of month: 1, 2, 3, 4, 5, 6, 7, 8, 9, 10, 11, 12, 13, 14, 15, 16, 17, 18, 19, 20, 21, 22, 23, 24, 25, 26, 27, 28, 29, 30, 31
Valid weekdays: Monday, Tuesday, Wednesday, Thursday, Friday, Saturday, Sunday
When: 23:30:00
Current Time: 2011-01-01 16:00:00
Valid Interval: 23:00:00-13:00:00
Valid days of month: 1, 2, 3, 4, 5, 6, 7, 8, 9, 10, 11, 12, 13, 14, 15, 16, 17, 18, 19, 20, 21, 22, 23, 24, 25, 26, 27, 28, 29, 30, 31
Valid weekdays: Monday, Tuesday, Wednesday, Thursday, Friday, Saturday, Sunday
When: 23:30:00
Current Time: 2011-01-01 23:00:00
Valid Interval: 23:00:00-13:00:00
Valid days of month: 1, 2, 3, 4, 5, 6, 7, 8, 9, 10, 11, 12, 13, 14, 15, 16, 17, 18, 19, 20, 21, 22, 23, 24, 25, 26, 27, 28, 29, 30, 31
Valid weekdays: Monday, Tuesday, Wednesday, Thursday, Friday, Saturday, Sunday
When: 23:30:00
Current Time: 2011-01-01 23:30:00
Valid Interval: 23:00:00-13:00:00
Valid days of month: 1, 2, 3, 4, 5, 6, 7, 8, 9, 10, 11, 12, 13, 14, 15, 16, 17, 18, 19, 20, 21, 22, 23, 24, 25, 26, 27, 28, 29, 30, 31
Valid weekdays: Monday, Tuesday, Wednesday, Thursday, Friday, Saturday, Sunday
When: 23:30:00
Current Time: 2011-01-01 23:45:00
Valid Interval: 23:00:00-13:00:00
Valid days of month: 1, 2, 3, 4, 5, 6, 7, 8, 9, 10, 11, 12, 13, 14, 15, 16, 17, 18, 19, 20, 21, 22, 23, 24, 25, 26, 27, 28, 29, 30, 31
Valid weekdays: Monday, Tuesday, Wednesday, Thursday, Friday, Saturday, Sunday
When: 23:30:00
Current Time: 2011-01-02 00:30:00
Valid Interval: 23:00:00-13:00:00
Valid days of month: 1, 2, 3, 4, 5, 6, 7, 8, 9, 10, 11, 12, 13, 14, 15, 16, 17, 18, 19, 20, 21, 22, 23, 24, 25, 26, 27, 28, 29, 30, 31
Valid weekdays: Monday, Tuesday, Wednesday, Thursday, Friday, Saturday, Sunday
When: 23:30:00
Current Time: 2011-01-01 13:00:00
Valid Interval: 23:00:00-13:00:00
Valid days of month: 1, 2, 3, 4, 5, 6, 7, 8, 9, 10, 11, 12, 13, 14, 15, 16, 17, 18, 19, 20, 21, 22, 23, 24, 25, 26, 27, 28, 29, 30, 31
Valid weekdays: Monday, Tuesday, Wednesday, Thursday, Friday, Saturday, Sunday
When: 01:00:00
Current Time: 2011-01-01 16:00:00
Valid Interval: 23:00:00-13:00:00
Valid days of month: 1, 2, 3, 4, 5, 6, 7, 8, 9, 10, 11, 12, 13, 14, 15, 16, 17, 18, 19, 20, 21, 22, 23, 24, 25, 26, 27, 28, 29, 30, 31
Valid weekdays: Monday, Tuesday, Wednesday, Thursday, Friday, Saturday, Sunday
When: 01:00:00
Current Time: 2011-01-01 23:00:00
Valid Interval: 23:00:00-13:00:00
Valid days of month: 1, 2, 3, 4, 5, 6, 7, 8, 9, 10, 11, 12, 13, 14, 15, 16, 17, 18, 19, 20, 21, 22, 23, 24, 25, 26, 27, 28, 29, 30, 31
Valid weekdays: Monday, Tuesday, Wednesday, Thursday, Friday, Saturday, Sunday
When: 01:00:00
Current Time: 2011-01-01 23:30:00
Valid Interval: 23:00:00-13:00:00
Valid days of month: 1, 2, 3, 4, 5, 6, 7, 8, 9, 10, 11, 12, 13, 14, 15, 16, 17, 18, 19, 20, 21, 22, 23, 24, 25, 26, 27, 28, 29, 30, 31
Valid weekdays: Monday, Tuesday, Wednesday, Thursday, Friday, Saturday, Sunday
When: 01:00:00
Current Time: 2011-01-02 00:30:00
Valid Interval: 23:00:00-13:00:00
Valid days of month: 1, 2, 3, 4, 5, 6, 7, 8, 9, 10, 11, 12, 13, 14, 15, 16, 17, 18, 19, 20, 21, 22, 23, 24, 25, 26, 27, 28, 29, 30, 31
Valid weekdays: Monday, Tuesday, Wednesday, Thursday, Friday, Saturday, Sunday
When: 01:00:00
Current Time: 2011-01-01 02:00:00
Valid Interval: 23:00:00-13:00:00
Valid days of month: 1, 2, 3, 4, 5, 6, 7, 8, 9, 10, 11, 12, 13, 14, 15, 16, 17, 18, 19, 20, 21, 22, 23, 24, 25, 26, 27, 28, 29, 30, 31
Valid weekdays: Monday, Tuesday, Wednesday, Thursday, Friday, Saturday, Sunday
When: 01:00:00
Current Time: 2011-01-01 13:00:00
Valid Interval: 23:00:00-13:00:00
Valid days of month: 1, 2, 3, 4, 5, 6, 7, 8, 9, 10, 11, 12, 13, 14, 15, 16, 17, 18, 19, 20, 21, 22, 23, 24, 25, 26, 27, 28, 29, 30, 31
Valid weekdays: Monday, Tuesday, Wednesday, Thursday, Friday, Saturday, Sunday
When: 23:30:00
Current Time: 2011-01-01 16:00:00
Valid Interval: 23:00:00-13:00:00
Valid days of month: 1, 2, 3, 4, 5, 6, 7, 8, 9, 10, 11, 12, 13, 14, 15, 16, 17, 18, 19, 20, 21, 22, 23, 24, 25, 26, 27, 28, 29, 30, 31
Valid weekdays: Monday, Tuesday, Wednesday, Thursday, Friday, Saturday, Sunday
When: 23:30:00
Current Time: 2011-01-01 23:00:00
Valid Interval: 23:00:00-13:00:00
Valid days of month: 1, 2, 3, 4, 5, 6, 7, 8, 9, 10, 11, 12, 13, 14, 15, 16, 17, 18, 19, 20, 21, 22, 23, 24, 25, 26, 27, 28, 29, 30, 31
Valid weekdays: Monday, Tuesday, Wednesday, Thursday, Friday, Saturday, Sunday
When: 23:30:00
Current Time: 2011-01-01 23:30:00
Valid Interval: 23:00:00-13:00:00
Valid days of month: 1, 2, 3, 4, 5, 6, 7, 8, 9, 10, 11, 12, 13, 14, 15, 16, 17, 18, 19, 20, 21, 22, 23, 24, 25, 26, 27, 28, 29, 30, 31
Valid weekdays: Monday, Tuesday, Wednesday, Thursday, Friday, Saturday, Sunday
When: 23:30:00
Current Time: 2011-01-01 23:45:00
Valid Interval: 23:00:00-13:00:00
Valid days of month: 1, 2, 3, 4, 5, 6, 7, 8, 9, 10, 11, 12, 13, 14, 15, 16, 17, 18, 19, 20, 21, 22, 23, 24, 25, 26, 27, 28, 29, 30, 31
Valid weekdays: Monday, Tuesday, Wednesday, Thursday, Friday, Saturday, Sunday
When: 23:30:00
Current Time: 2011-01-02 00:30:00
Valid Interval: 23:00:00-13:00:00
Valid days of month: 1, 2, 3, 4, 5, 6, 7, 8, 9, 10, 11, 12, 13, 14, 15, 16, 17, 18, 19, 20, 21, 22, 23, 24, 25, 26, 27, 28, 29, 30, 31
Valid weekdays: Monday, Tuesday, Wednesday, Thursday, Friday, Saturday, Sunday
When: 23:30:00
Current Time: 2011-01-01 13:00:00
Valid Interval: 23:00:00-13:00:00
Valid days of month: 1, 2, 3, 4, 5, 6, 7, 8, 9, 10, 11, 12, 13, 14, 15, 16, 17, 18, 19, 20, 21, 22, 23, 24, 25, 26, 27, 28, 29, 30, 31
Valid weekdays: Monday, Tuesday, Wednesday, Thursday, Friday, Saturday, Sunday
When: 01:00:00
Current Time: 2011-01-01 16:00:00
Valid Interval: 23:00:00-13:00:00
Valid days of month: 1, 2, 3, 4, 5, 6, 7, 8, 9, 10, 11, 12, 13, 14, 15, 16, 17, 18, 19, 20, 21, 22, 23, 24, 25, 26, 27, 28, 29, 30, 31
Valid weekdays: Monday, Tuesday, Wednesday, Thursday, Friday, Saturday, Sunday
When: 01:00:00
Current Time: 2011-01-01 23:00:00
Valid Interval: 23:00:00-13:00:00
Valid days of month: 1, 2, 3, 4, 5, 6, 7, 8, 9, 10, 11, 12, 13, 14, 15, 16, 17, 18, 19, 20, 21, 22, 23, 24, 25, 26, 27, 28, 29, 30, 31
Valid weekdays: Monday, Tuesday, Wednesday, Thursday, Friday, Saturday, Sunday
When: 01:00:00
Current Time: 2011-01-01 23:30:00
Valid Interval: 23:00:00-13:00:00
Valid days of month: 1, 2, 3, 4, 5, 6, 7, 8, 9, 10, 11, 12, 13, 14, 15, 16, 17, 18, 19, 20, 21, 22, 23, 24, 25, 26, 27, 28, 29, 30, 31
Valid weekdays: Monday, Tuesday, Wednesday, Thursday, Friday, Saturday, Sunday
When: 01:00:00
Current Time: 2011-01-02 00:30:00
Valid Interval: 23:00:00-13:00:00
Valid days of month: 1, 2, 3, 4, 5, 6, 7, 8, 9, 10, 11, 12, 13, 14, 15, 16, 17, 18, 19, 20, 21, 22, 23, 24, 25, 26, 27, 28, 29, 30, 31
Valid weekdays: Monday, Tuesday, Wednesday, Thursday, Friday, Saturday, Sunday
When: 01:00:00
Current Time: 2011-01-02 02:00:00
Valid Interval: 23:00:00-13:00:00
Valid days of month: 1, 2, 3, 4, 5, 6, 7, 8, 9, 10, 11, 12, 13, 14, 15, 16, 17, 18, 19, 20, 21, 22, 23, 24, 25, 26, 27, 28, 29, 30, 31
Valid weekdays: Monday, Tuesday, Wednesday, Thursday, Friday, Saturday, Sunday
When: 01:00:00
Current Time: 2011-01-02 13:00:00
Valid Interval: 23:00:00-13:00:00
Valid days of month: 1, 2, 3, 4, 5, 6, 7, 8, 9, 10, 11, 12, 13, 14, 15, 16, 17, 18, 19, 20, 21, 22, 23, 24, 25, 26, 27, 28, 29, 30, 31
Valid weekdays: Monday, Tuesday, Wednesday, Thursday, Friday, Saturday, Sunday
When: 23:30:00
Current Time: 2011-01-01 23:30:05
Valid Interval: 23:00:00-13:00:00
Valid days of month: 1, 2, 3, 4, 5, 6, 7, 8, 9, 10, 11, 12, 13, 14, 15, 16, 17, 18, 19, 20, 21, 22, 23, 24, 25, 26, 27, 28, 29, 30, 31
Valid weekdays: Monday, Tuesday, Wednesday, Thursday, Friday, Saturday, Sunday
When: 23:30:00
Current Time: 2011-01-02 00:30:00
Valid Interval: 23:00:00-13:00:00
Valid days of month: 1, 2, 3, 4, 5, 6, 7, 8, 9, 10, 11, 12, 13, 14, 15, 16, 17, 18, 19, 20, 21, 22, 23, 24, 25, 26, 27, 28, 29, 30, 31
Valid weekdays: Monday, Tuesday, Wednesday, Thursday, Friday, Saturday, Sunday
When: 23:30:00
Current Time: 2011-01-02 13:00:00
Valid Interval: 23:00:00-13:00:00
Valid days of month: 1, 2, 3, 4, 5, 6, 7, 8, 9, 10, 11, 12, 13, 14, 15, 16, 17, 18, 19, 20, 21, 22, 23, 24, 25, 26, 27, 28, 29, 30, 31
Valid weekdays: Monday, Tuesday, Wednesday, Thursday, Friday, Saturday, Sunday
When: 01:00:00
Current Time: 2011-01-01 02:00:00
Valid Interval: 23:00:00-13:00:00
Valid days of month: 1, 2, 3, 4, 5, 6, 7, 8, 9, 10, 11, 12, 13, 14, 15, 16, 17, 18, 19, 20, 21, 22, 23, 24, 25, 26, 27, 28, 29, 30, 31
Valid weekdays: Monday, Tuesday, Wednesday, Thursday, Friday, Saturday, Sunday
When: 01:00:00
Current Time: 2011-01-02 02:00:00
Valid Interval: 13:00:00-16:00:00
Valid days of month: 1, 2, 3, 4, 5, 6, 7, 8, 9, 10, 11, 12, 13, 14, 15, 16, 17, 18, 19, 20, 21, 22, 23, 24, 25, 26, 27, 28, 29, 30, 31
Valid weekdays: Saturday, Sunday
When: 14:00:00
Current Time: 2007-01-01 12:00:00
Valid Interval: 13:00:00-16:00:00
Valid days of month: 1, 2, 3, 4, 5, 6, 7, 8, 9, 10, 11, 12, 13, 14, 15, 16, 17, 18, 19, 20, 21, 22, 23, 24, 25, 26, 27, 28, 29, 30, 31
Valid weekdays: Saturday, Sunday
When: 14:00:00
Current Time: 2007-01-02 13:30:00
Valid Interval: 13:00:00-16:00:00
Valid days of month: 1, 2, 3, 4, 5, 6, 7, 8, 9, 10, 11, 12, 13, 14, 15, 16, 17, 18, 19, 20, 21, 22, 23, 24, 25, 26, 27, 28, 29, 30, 31
Valid weekdays: Saturday, Sunday
When: 14:00:00
Current Time: 2007-01-06 13:30:00
Valid Interval: 13:00:00-16:00:00
Valid days of month: 1, 2, 3, 4, 5, 6, 7, 8, 9, 10, 11, 12, 13, 14, 15, 16, 17, 18, 19, 20, 21, 22, 23, 24, 25, 26, 27, 28, 29, 30, 31
Valid weekdays: Saturday, Sunday
When: 14:00:00
Current Time: 2007-01-06 14:30:00
Valid Interval: 13:00:00-16:00:00
Valid days of month: 1, 2, 3, 4, 5, 6, 7, 8, 9, 10, 11, 12, 13, 14, 15, 16, 17, 18, 19, 20, 21, 22, 23, 24, 25, 26, 27, 28, 29, 30, 31
Valid weekdays: Saturday, Sunday
When: 14:00:00
Current Time: 2007-01-06 16:30:00
Valid Interval: 13:00:00-16:00:00
Valid days of month: 1, 2, 3, 4, 5, 6, 7, 8, 9, 10, 11, 12, 13, 14, 15, 16, 17, 18, 19, 20, 21, 22, 23, 24, 25, 26, 27, 28, 29, 30, 31
Valid weekdays: Saturday, Sunday
When: 14:00:00
Current Time: 2007-01-07 16:00:00
Valid Interval: 23:00:00-02:00:00
Valid days of month: 1, 2, 3, 4, 5, 6, 7, 8, 9, 10, 11, 12, 13, 14, 15, 16, 17, 18, 19, 20, 21, 22, 23, 24, 25, 26, 27, 28, 29, 30, 31
Valid weekdays: Saturday, Sunday
When: 01:00:00
Current Time: 2007-01-01 12:00:00
Valid Interval: 23:00:00-02:00:00
Valid days of month: 1, 2, 3, 4, 5, 6, 7, 8, 9, 10, 11, 12, 13, 14, 15, 16, 17, 18, 19, 20, 21, 22, 23, 24, 25, 26, 27, 28, 29, 30, 31
Valid weekdays: Saturday, Sunday
When: 01:00:00
Current Time: 2007-01-02 01:00:00
Valid Interval: 23:00:00-02:00:00
Valid days of month: 1, 2, 3, 4, 5, 6, 7, 8, 9, 10, 11, 12, 13, 14, 15, 16, 17, 18, 19, 20, 21, 22, 23, 24, 25, 26, 27, 28, 29, 30, 31
Valid weekdays: Saturday, Sunday
When: 01:00:00
Current Time: 2007-01-06 00:30:00
Valid Interval: 23:00:00-02:00:00
Valid days of month: 1, 2, 3, 4, 5, 6, 7, 8, 9, 10, 11, 12, 13, 14, 15, 16, 17, 18, 19, 20, 21, 22, 23, 24, 25, 26, 27, 28, 29, 30, 31
Valid weekdays: Saturday, Sunday
When: 01:00:00
Current Time: 2007-01-06 01:30:00
Valid Interval: 23:00:00-02:00:00
Valid days of month: 1, 2, 3, 4, 5, 6, 7, 8, 9, 10, 11, 12, 13, 14, 15, 16, 17, 18, 19, 20, 21, 22, 23, 24, 25, 26, 27, 28, 29, 30, 31
Valid weekdays: Saturday, Sunday
When: 01:00:00
Current Time: 2007-01-06 02:30:00
Valid Interval: 23:00:00-02:00:00
Valid days of month: 1, 2, 3, 4, 5, 6, 7, 8, 9, 10, 11, 12, 13, 14, 15, 16, 17, 18, 19, 20, 21, 22, 23, 24, 25, 26, 27, 28, 29, 30, 31
Valid weekdays: Saturday, Sunday
When: 01:00:00
Current Time: 2007-01-07 02:00:00
Valid Interval: 23:00:00-02:00:00
Valid days of month: 1, 2, 3, 4, 5, 6, 7, 8, 9, 10, 11, 12, 13, 14, 15, 16, 17, 18, 19, 20, 21, 22, 23, 24, 25, 26, 27, 28, 29, 30, 31
Valid weekdays: Saturday, Sunday
When: 23:30:00
Current Time: 2007-01-01 12:00:00
Valid Interval: 23:00:00-02:00:00
Valid days of month: 1, 2, 3, 4, 5, 6, 7, 8, 9, 10, 11, 12, 13, 14, 15, 16, 17, 18, 19, 20, 21, 22, 23, 24, 25, 26, 27, 28, 29, 30, 31
Valid weekdays: Saturday, Sunday
When: 23:30:00
Current Time: 2007-01-05 23:30:00
Valid Interval: 23:00:00-02:00:00
Valid days of month: 1, 2, 3, 4, 5, 6, 7, 8, 9, 10, 11, 12, 13, 14, 15, 16, 17, 18, 19, 20, 21, 22, 23, 24, 25, 26, 27, 28, 29, 30, 31
Valid weekdays: Saturday, Sunday
When: 23:30:00
Current Time: 2007-01-06 23:00:00
Valid Interval: 23:00:00-02:00:00
Valid days of month: 1, 2, 3, 4, 5, 6, 7, 8, 9, 10, 11, 12, 13, 14, 15, 16, 17, 18, 19, 20, 21, 22, 23, 24, 25, 26, 27, 28, 29, 30, 31
Valid weekdays: Saturday, Sunday
When: 23:30:00
Current Time: 2007-01-06 02:00:00
Valid Interval: 23:00:00-02:00:00
Valid days of month: 1, 2, 3, 4, 5, 6, 7, 8, 9, 10, 11, 12, 13, 14, 15, 16, 17, 18, 19, 20, 21, 22, 23, 24, 25, 26, 27, 28, 29, 30, 31
Valid weekdays: Saturday, Sunday
When: 23:30:00
Current Time: 2007-01-07 23:40:00
Valid Interval: 23:00:00-02:00:00
Valid days of month: 1, 2, 3, 4, 5, 6, 7, 8, 9, 10, 11, 12, 13, 14, 15, 16, 17, 18, 19, 20, 21, 22, 23, 24, 25, 26, 27, 28, 29, 30, 31
Valid weekdays: Saturday, Sunday
When: 23:30:00
Current Time: 2007-01-07 01:00:00
Valid Interval: 13:00:00-16:00:00
Valid days of month: 1, 2, 3, 4, 5, 6, 7, 8, 9, 10, 11, 12, 13, 14, 15, 16, 17, 18, 19, 20, 21, 22, 23, 24, 25, 26, 27, 28, 29, 30, 31
Valid weekdays: Saturday, Sunday
When: 14:00:00
Current Time: 2007-01-01 12:00:00
Valid Interval: 13:00:00-16:00:00
Valid days of month: 1, 2, 3, 4, 5, 6, 7, 8, 9, 10, 11, 12, 13, 14, 15, 16, 17, 18, 19, 20, 21, 22, 23, 24, 25, 26, 27, 28, 29, 30, 31
Valid weekdays: Saturday, Sunday
When: 14:00:00
Current Time: 2007-01-02 13:30:00
Valid Interval: 13:00:00-16:00:00
Valid days of month: 1, 2, 3, 4, 5, 6, 7, 8, 9, 10, 11, 12, 13, 14, 15, 16, 17, 18, 19, 20, 21, 22, 23, 24, 25, 26, 27, 28, 29, 30, 31
Valid weekdays: Saturday, Sunday
When: 14:00:00
Current Time: 2007-01-06 13:30:00
Valid Interval: 13:00:00-16:00:00
Valid days of month: 1, 2, 3, 4, 5, 6, 7, 8, 9, 10, 11, 12, 13, 14, 15, 16, 17, 18, 19, 20, 21, 22, 23, 24, 25, 26, 27, 28, 29, 30, 31
Valid weekdays: Saturday, Sunday
When: 14:00:00
Current Time: 2007-01-06 14:30:00
Valid Interval: 13:00:00-16:00:00
Valid days of month: 1, 2, 3, 4, 5, 6, 7, 8, 9, 10, 11, 12, 13, 14, 15, 16, 17, 18, 19, 20, 21, 22, 23, 24, 25, 26, 27, 28, 29, 30, 31
Valid weekdays: Saturday, Sunday
When: 14:00:00
Current Time: 2007-01-06 16:30:00
Valid Interval: 13:00:00-16:00:00
Valid days of month: 1, 2, 3, 4, 5, 6, 7, 8, 9, 10, 11, 12, 13, 14, 15, 16, 17, 18, 19, 20, 21, 22, 23, 24, 25, 26, 27, 28, 29, 30, 31
Valid weekdays: Saturday, Sunday
When: 14:00:00
Current Time: 2007-01-07 16:00:00
Valid Interval: 23:00:00-02:00:00
Valid days of month: 1, 2, 3, 4, 5, 6, 7, 8, 9, 10, 11, 12, 13, 14, 15, 16, 17, 18, 19, 20, 21, 22, 23, 24, 25, 26, 27, 28, 29, 30, 31
Valid weekdays: Saturday, Sunday
When: 01:00:00
Current Time: 2007-01-01 12:00:00
Valid Interval: 23:00:00-02:00:00
Valid days of month: 1, 2, 3, 4, 5, 6, 7, 8, 9, 10, 11, 12, 13, 14, 15, 16, 17, 18, 19, 20, 21, 22, 23, 24, 25, 26, 27, 28, 29, 30, 31
Valid weekdays: Saturday, Sunday
When: 01:00:00
Current Time: 2007-01-02 01:00:00
Valid Interval: 23:00:00-02:00:00
Valid days of month: 1, 2, 3, 4, 5, 6, 7, 8, 9, 10, 11, 12, 13, 14, 15, 16, 17, 18, 19, 20, 21, 22, 23, 24, 25, 26, 27, 28, 29, 30, 31
Valid weekdays: Saturday, Sunday
When: 01:00:00
Current Time: 2007-01-06 00:30:00
Valid Interval: 23:00:00-02:00:00
Valid days of month: 1, 2, 3, 4, 5, 6, 7, 8, 9, 10, 11, 12, 13, 14, 15, 16, 17, 18, 19, 20, 21, 22, 23, 24, 25, 26, 27, 28, 29, 30, 31
Valid weekdays: Saturday, Sunday
When: 01:00:00
Current Time: 2007-01-06 02:30:00
Valid Interval: 23:00:00-02:00:00
Valid days of month: 1, 2, 3, 4, 5, 6, 7, 8, 9, 10, 11, 12, 13, 14, 15, 16, 17, 18, 19, 20, 21, 22, 23, 24, 25, 26, 27, 28, 29, 30, 31
Valid weekdays: Saturday, Sunday
When: 23:30:00
Current Time: 2007-01-01 12:00:00
Valid Interval: 23:00:00-02:00:00
Valid days of month: 1, 2, 3, 4, 5, 6, 7, 8, 9, 10, 11, 12, 13, 14, 15, 16, 17, 18, 19, 20, 21, 22, 23, 24, 25, 26, 27, 28, 29, 30, 31
Valid weekdays: Saturday, Sunday
When: 23:30:00
Current Time: 2007-01-05 23:30:00
Valid Interval: 23:00:00-02:00:00
Valid days of month: 1, 2, 3, 4, 5, 6, 7, 8, 9, 10, 11, 12, 13, 14, 15, 16, 17, 18, 19, 20, 21, 22, 23, 24, 25, 26, 27, 28, 29, 30, 31
Valid weekdays: Saturday, Sunday
When: 23:30:00
Current Time: 2007-01-06 23:00:00
Valid Interval: 23:00:00-02:00:00
Valid days of month: 1, 2, 3, 4, 5, 6, 7, 8, 9, 10, 11, 12, 13, 14, 15, 16, 17, 18, 19, 20, 21, 22, 23, 24, 25, 26, 27, 28, 29, 30, 31
Valid weekdays: Saturday, Sunday
When: 23:30:00
Current Time: 2007-01-06 02:00:00
Valid Interval: 23:00:00-02:00:00
Valid days of month: 1, 2, 3, 4, 5, 6, 7, 8, 9, 10, 11, 12, 13, 14, 15, 16, 17, 18, 19, 20, 21, 22, 23, 24, 25, 26, 27, 28, 29, 30, 31
Valid weekdays: Saturday, Sunday
When: 23:30:00
Current Time: 2007-01-07 23:40:00
Valid Interval: 23:00:00-02:00:00
Valid days of month: 1, 2, 3, 4, 5, 6, 7, 8, 9, 10, 11, 12, 13, 14, 15, 16, 17, 18, 19, 20, 21, 22, 23, 24, 25, 26, 27, 28, 29, 30, 31
Valid weekdays: Saturday, Sunday
When: 23:30:00
Current Time: 2007-01-07 01:00:00
Valid Interval: 13:00:00-16:00:00
Valid days of month: 1, 2, 3, 4, 5, 6, 7, 8, 9, 10, 11, 12, 13, 14, 15, 16, 17, 18, 19, 20, 21, 22, 23, 24, 25, 26, 27, 28, 29, 30, 31
Valid weekdays: Saturday, Sunday
When: 14:00:00
Current Time: 2007-01-06 14:30:00
Valid Interval: 13:00:00-16:00:00
Valid days of month: 1, 2, 3, 4, 5, 6, 7, 8, 9, 10, 11, 12, 13, 14, 15, 16, 17, 18, 19, 20, 21, 22, 23, 24, 25, 26, 27, 28, 29, 30, 31
Valid weekdays: Saturday, Sunday
When: 14:00:00
Current Time: 2007-01-07 15:00:00
Valid Interval: 23:00:00-02:00:00
Valid days of month: 1, 2, 3, 4, 5, 6, 7, 8, 9, 10, 11, 12, 13, 14, 15, 16, 17, 18, 19, 20, 21, 22, 23, 24, 25, 26, 27, 28, 29, 30, 31
Valid weekdays: Saturday, Sunday
When: 01:00:00
Current Time: 2007-01-06 01:30:00
Valid Interval: 23:00:00-02:00:00
Valid days of month: 1, 2, 3, 4, 5, 6, 7, 8, 9, 10, 11, 12, 13, 14, 15, 16, 17, 18, 19, 20, 21, 22, 23, 24, 25, 26, 27, 28, 29, 30, 31
Valid weekdays: Saturday, Sunday
When: 01:00:00
Current Time: 2007-01-07 01:30:00
Valid Interval: 23:00:00-02:00:00
Valid days of month: 1, 2, 3, 4, 5, 6, 7, 8, 9, 10, 11, 12, 13, 14, 15, 16, 17, 18, 19, 20, 21, 22, 23, 24, 25, 26, 27, 28, 29, 30, 31
Valid weekdays: Saturday, Sunday
When: 23:30:00
Current Time: 2007-01-06 23:02:00
Valid Interval: 23:00:00-02:00:00
Valid days of month: 1, 2, 3, 4, 5, 6, 7, 8, 9, 10, 11, 12, 13, 14, 15, 16, 17, 18, 19, 20, 21, 22, 23, 24, 25, 26, 27, 28, 29, 30, 31
Valid weekdays: Saturday, Sunday
When: 23:30:00
Current Time: 2007-01-06 01:10:00
Valid Interval: 23:00:00-02:00:00
Valid days of month: 1, 2, 3, 4, 5, 6, 7, 8, 9, 10, 11, 12, 13, 14, 15, 16, 17, 18, 19, 20, 21, 22, 23, 24, 25, 26, 27, 28, 29, 30, 31
Valid weekdays: Saturday, Sunday
When: 23:30:00
Current Time: 2007-01-07 01:00:40
Valid Interval: 23:00:00-02:00:00
Valid days of month: 2
Valid weekdays: Saturday, Sunday
When: 23:30:00
Current Time: 2007-01-01 12:00:00
Valid Interval: 23:00:00-02:00:00
Valid days of month: 1, 2
Valid weekdays: Saturday, Sunday
When: 23:30:00
Current Time: 2007-01-05 23:30:00
Valid Interval: 23:00:00-02:00:00
Valid days of month: 1, 2
Valid weekdays: Saturday, Sunday
When: 23:30:00
Current Time: 2007-01-06 23:00:00</StdOut>
      </Output>
    </UnitTestResult>
    <UnitTestResult executionId="137b4572-baa1-4e10-85bc-5a5c8f0a18db" testId="e2d810b9-cec5-4dbd-80ed-95ab99cce231" testName="GetNextTimeToTrigger_AbsoluteTimer_ReturnsCorrectTime (Data Row 78)" computerName="ICSWS068" duration="00:00:00.0036817" startTime="2016-08-04T07:57:22.9411266+02:00" endTime="2016-08-04T07:57:22.9447835+02:00" testType="13cdc9d9-ddb5-4fa4-a97d-d965ccfc6d4b" outcome="Passed" testListId="8c84fa94-04c1-424b-9868-57a2d4851a1d" relativeResultsDirectory="137b4572-baa1-4e10-85bc-5a5c8f0a18db">
      <Output>
        <StdOut>TestContext Messages:
Valid Interval: 11:00:00-13:00:00
Valid days of month: 1, 2, 3, 4, 5, 6, 7, 8, 9, 10, 11, 12, 13, 14, 15, 16, 17, 18, 19, 20, 21, 22, 23, 24, 25, 26, 27, 28, 29, 30, 31
Valid weekdays: Monday, Tuesday, Wednesday, Thursday, Friday, Saturday, Sunday
When: 12:00:00
Current Time: 2011-01-01 00:00:00
Valid Interval: 11:00:00-13:00:00
Valid days of month: 1, 2, 3, 4, 5, 6, 7, 8, 9, 10, 11, 12, 13, 14, 15, 16, 17, 18, 19, 20, 21, 22, 23, 24, 25, 26, 27, 28, 29, 30, 31
Valid weekdays: Monday, Tuesday, Wednesday, Thursday, Friday, Saturday, Sunday
When: 12:00:00
Current Time: 2011-01-01 09:00:00
Valid Interval: 11:00:00-13:00:00
Valid days of month: 1, 2, 3, 4, 5, 6, 7, 8, 9, 10, 11, 12, 13, 14, 15, 16, 17, 18, 19, 20, 21, 22, 23, 24, 25, 26, 27, 28, 29, 30, 31
Valid weekdays: Monday, Tuesday, Wednesday, Thursday, Friday, Saturday, Sunday
When: 12:00:00
Current Time: 2011-01-01 11:00:00
Valid Interval: 11:00:00-13:00:00
Valid days of month: 1, 2, 3, 4, 5, 6, 7, 8, 9, 10, 11, 12, 13, 14, 15, 16, 17, 18, 19, 20, 21, 22, 23, 24, 25, 26, 27, 28, 29, 30, 31
Valid weekdays: Monday, Tuesday, Wednesday, Thursday, Friday, Saturday, Sunday
When: 12:00:00
Current Time: 2011-01-01 12:00:00
Valid Interval: 11:00:00-13:00:00
Valid days of month: 1, 2, 3, 4, 5, 6, 7, 8, 9, 10, 11, 12, 13, 14, 15, 16, 17, 18, 19, 20, 21, 22, 23, 24, 25, 26, 27, 28, 29, 30, 31
Valid weekdays: Monday, Tuesday, Wednesday, Thursday, Friday, Saturday, Sunday
When: 12:00:00
Current Time: 2011-01-01 12:30:00
Valid Interval: 11:00:00-13:00:00
Valid days of month: 1, 2, 3, 4, 5, 6, 7, 8, 9, 10, 11, 12, 13, 14, 15, 16, 17, 18, 19, 20, 21, 22, 23, 24, 25, 26, 27, 28, 29, 30, 31
Valid weekdays: Monday, Tuesday, Wednesday, Thursday, Friday, Saturday, Sunday
When: 12:00:00
Current Time: 2011-01-01 13:00:00
Valid Interval: 11:00:00-13:00:00
Valid days of month: 1, 2, 3, 4, 5, 6, 7, 8, 9, 10, 11, 12, 13, 14, 15, 16, 17, 18, 19, 20, 21, 22, 23, 24, 25, 26, 27, 28, 29, 30, 31
Valid weekdays: Monday, Tuesday, Wednesday, Thursday, Friday, Saturday, Sunday
When: 12:00:00
Current Time: 2011-01-02 00:00:00
Valid Interval: 11:00:00-13:00:00
Valid days of month: 1, 2, 3, 4, 5, 6, 7, 8, 9, 10, 11, 12, 13, 14, 15, 16, 17, 18, 19, 20, 21, 22, 23, 24, 25, 26, 27, 28, 29, 30, 31
Valid weekdays: Monday, Tuesday, Wednesday, Thursday, Friday, Saturday, Sunday
When: 12:00:00
Current Time: 2011-01-02 09:00:00
Valid Interval: 11:00:00-13:00:00
Valid days of month: 1, 2, 3, 4, 5, 6, 7, 8, 9, 10, 11, 12, 13, 14, 15, 16, 17, 18, 19, 20, 21, 22, 23, 24, 25, 26, 27, 28, 29, 30, 31
Valid weekdays: Monday, Tuesday, Wednesday, Thursday, Friday, Saturday, Sunday
When: 12:00:00
Current Time: 2011-01-02 12:00:00
Valid Interval: 11:00:00-13:00:00
Valid days of month: 1, 2, 3, 4, 5, 6, 7, 8, 9, 10, 11, 12, 13, 14, 15, 16, 17, 18, 19, 20, 21, 22, 23, 24, 25, 26, 27, 28, 29, 30, 31
Valid weekdays: Monday, Tuesday, Wednesday, Thursday, Friday, Saturday, Sunday
When: 12:00:00
Current Time: 2011-01-02 12:45:30
Valid Interval: 11:00:00-13:00:00
Valid days of month: 1, 2, 3, 4, 5, 6, 7, 8, 9, 10, 11, 12, 13, 14, 15, 16, 17, 18, 19, 20, 21, 22, 23, 24, 25, 26, 27, 28, 29, 30, 31
Valid weekdays: Monday, Tuesday, Wednesday, Thursday, Friday, Saturday, Sunday
When: 12:00:00
Current Time: 2011-01-02 13:00:00
Valid Interval: 11:00:00-13:00:00
Valid days of month: 1, 2, 3, 4, 5, 6, 7, 8, 9, 10, 11, 12, 13, 14, 15, 16, 17, 18, 19, 20, 21, 22, 23, 24, 25, 26, 27, 28, 29, 30, 31
Valid weekdays: Monday, Tuesday, Wednesday, Thursday, Friday, Saturday, Sunday
When: 12:00:00
Current Time: 2011-01-01 12:00:00
Valid Interval: 11:00:00-13:00:00
Valid days of month: 1, 2, 3, 4, 5, 6, 7, 8, 9, 10, 11, 12, 13, 14, 15, 16, 17, 18, 19, 20, 21, 22, 23, 24, 25, 26, 27, 28, 29, 30, 31
Valid weekdays: Monday, Tuesday, Wednesday, Thursday, Friday, Saturday, Sunday
When: 12:00:00
Current Time: 2011-01-01 12:30:00
Valid Interval: 11:00:00-13:00:00
Valid days of month: 1, 2, 3, 4, 5, 6, 7, 8, 9, 10, 11, 12, 13, 14, 15, 16, 17, 18, 19, 20, 21, 22, 23, 24, 25, 26, 27, 28, 29, 30, 31
Valid weekdays: Monday, Tuesday, Wednesday, Thursday, Friday, Saturday, Sunday
When: 12:00:00
Current Time: 2011-01-01 12:30:00
Valid Interval: 11:00:00-13:00:00
Valid days of month: 1, 2, 3, 4, 5, 6, 7, 8, 9, 10, 11, 12, 13, 14, 15, 16, 17, 18, 19, 20, 21, 22, 23, 24, 25, 26, 27, 28, 29, 30, 31
Valid weekdays: Monday, Tuesday, Wednesday, Thursday, Friday, Saturday, Sunday
When: 12:00:00
Current Time: 2011-01-01 13:00:00
Valid Interval: 11:00:00-13:00:00
Valid days of month: 1, 2, 3, 4, 5, 6, 7, 8, 9, 10, 11, 12, 13, 14, 15, 16, 17, 18, 19, 20, 21, 22, 23, 24, 25, 26, 27, 28, 29, 30, 31
Valid weekdays: Monday, Tuesday, Wednesday, Thursday, Friday, Saturday, Sunday
When: 12:00:00
Current Time: 2011-01-01 14:30:00
Valid Interval: 23:00:00-13:00:00
Valid days of month: 1, 2, 3, 4, 5, 6, 7, 8, 9, 10, 11, 12, 13, 14, 15, 16, 17, 18, 19, 20, 21, 22, 23, 24, 25, 26, 27, 28, 29, 30, 31
Valid weekdays: Monday, Tuesday, Wednesday, Thursday, Friday, Saturday, Sunday
When: 23:30:00
Current Time: 2011-01-01 16:00:00
Valid Interval: 23:00:00-13:00:00
Valid days of month: 1, 2, 3, 4, 5, 6, 7, 8, 9, 10, 11, 12, 13, 14, 15, 16, 17, 18, 19, 20, 21, 22, 23, 24, 25, 26, 27, 28, 29, 30, 31
Valid weekdays: Monday, Tuesday, Wednesday, Thursday, Friday, Saturday, Sunday
When: 23:30:00
Current Time: 2011-01-01 23:00:00
Valid Interval: 23:00:00-13:00:00
Valid days of month: 1, 2, 3, 4, 5, 6, 7, 8, 9, 10, 11, 12, 13, 14, 15, 16, 17, 18, 19, 20, 21, 22, 23, 24, 25, 26, 27, 28, 29, 30, 31
Valid weekdays: Monday, Tuesday, Wednesday, Thursday, Friday, Saturday, Sunday
When: 23:30:00
Current Time: 2011-01-01 23:30:00
Valid Interval: 23:00:00-13:00:00
Valid days of month: 1, 2, 3, 4, 5, 6, 7, 8, 9, 10, 11, 12, 13, 14, 15, 16, 17, 18, 19, 20, 21, 22, 23, 24, 25, 26, 27, 28, 29, 30, 31
Valid weekdays: Monday, Tuesday, Wednesday, Thursday, Friday, Saturday, Sunday
When: 23:30:00
Current Time: 2011-01-01 23:45:00
Valid Interval: 23:00:00-13:00:00
Valid days of month: 1, 2, 3, 4, 5, 6, 7, 8, 9, 10, 11, 12, 13, 14, 15, 16, 17, 18, 19, 20, 21, 22, 23, 24, 25, 26, 27, 28, 29, 30, 31
Valid weekdays: Monday, Tuesday, Wednesday, Thursday, Friday, Saturday, Sunday
When: 23:30:00
Current Time: 2011-01-02 00:30:00
Valid Interval: 23:00:00-13:00:00
Valid days of month: 1, 2, 3, 4, 5, 6, 7, 8, 9, 10, 11, 12, 13, 14, 15, 16, 17, 18, 19, 20, 21, 22, 23, 24, 25, 26, 27, 28, 29, 30, 31
Valid weekdays: Monday, Tuesday, Wednesday, Thursday, Friday, Saturday, Sunday
When: 23:30:00
Current Time: 2011-01-01 13:00:00
Valid Interval: 23:00:00-13:00:00
Valid days of month: 1, 2, 3, 4, 5, 6, 7, 8, 9, 10, 11, 12, 13, 14, 15, 16, 17, 18, 19, 20, 21, 22, 23, 24, 25, 26, 27, 28, 29, 30, 31
Valid weekdays: Monday, Tuesday, Wednesday, Thursday, Friday, Saturday, Sunday
When: 01:00:00
Current Time: 2011-01-01 16:00:00
Valid Interval: 23:00:00-13:00:00
Valid days of month: 1, 2, 3, 4, 5, 6, 7, 8, 9, 10, 11, 12, 13, 14, 15, 16, 17, 18, 19, 20, 21, 22, 23, 24, 25, 26, 27, 28, 29, 30, 31
Valid weekdays: Monday, Tuesday, Wednesday, Thursday, Friday, Saturday, Sunday
When: 01:00:00
Current Time: 2011-01-01 23:00:00
Valid Interval: 23:00:00-13:00:00
Valid days of month: 1, 2, 3, 4, 5, 6, 7, 8, 9, 10, 11, 12, 13, 14, 15, 16, 17, 18, 19, 20, 21, 22, 23, 24, 25, 26, 27, 28, 29, 30, 31
Valid weekdays: Monday, Tuesday, Wednesday, Thursday, Friday, Saturday, Sunday
When: 01:00:00
Current Time: 2011-01-01 23:30:00
Valid Interval: 23:00:00-13:00:00
Valid days of month: 1, 2, 3, 4, 5, 6, 7, 8, 9, 10, 11, 12, 13, 14, 15, 16, 17, 18, 19, 20, 21, 22, 23, 24, 25, 26, 27, 28, 29, 30, 31
Valid weekdays: Monday, Tuesday, Wednesday, Thursday, Friday, Saturday, Sunday
When: 01:00:00
Current Time: 2011-01-02 00:30:00
Valid Interval: 23:00:00-13:00:00
Valid days of month: 1, 2, 3, 4, 5, 6, 7, 8, 9, 10, 11, 12, 13, 14, 15, 16, 17, 18, 19, 20, 21, 22, 23, 24, 25, 26, 27, 28, 29, 30, 31
Valid weekdays: Monday, Tuesday, Wednesday, Thursday, Friday, Saturday, Sunday
When: 01:00:00
Current Time: 2011-01-01 02:00:00
Valid Interval: 23:00:00-13:00:00
Valid days of month: 1, 2, 3, 4, 5, 6, 7, 8, 9, 10, 11, 12, 13, 14, 15, 16, 17, 18, 19, 20, 21, 22, 23, 24, 25, 26, 27, 28, 29, 30, 31
Valid weekdays: Monday, Tuesday, Wednesday, Thursday, Friday, Saturday, Sunday
When: 01:00:00
Current Time: 2011-01-01 13:00:00
Valid Interval: 23:00:00-13:00:00
Valid days of month: 1, 2, 3, 4, 5, 6, 7, 8, 9, 10, 11, 12, 13, 14, 15, 16, 17, 18, 19, 20, 21, 22, 23, 24, 25, 26, 27, 28, 29, 30, 31
Valid weekdays: Monday, Tuesday, Wednesday, Thursday, Friday, Saturday, Sunday
When: 23:30:00
Current Time: 2011-01-01 16:00:00
Valid Interval: 23:00:00-13:00:00
Valid days of month: 1, 2, 3, 4, 5, 6, 7, 8, 9, 10, 11, 12, 13, 14, 15, 16, 17, 18, 19, 20, 21, 22, 23, 24, 25, 26, 27, 28, 29, 30, 31
Valid weekdays: Monday, Tuesday, Wednesday, Thursday, Friday, Saturday, Sunday
When: 23:30:00
Current Time: 2011-01-01 23:00:00
Valid Interval: 23:00:00-13:00:00
Valid days of month: 1, 2, 3, 4, 5, 6, 7, 8, 9, 10, 11, 12, 13, 14, 15, 16, 17, 18, 19, 20, 21, 22, 23, 24, 25, 26, 27, 28, 29, 30, 31
Valid weekdays: Monday, Tuesday, Wednesday, Thursday, Friday, Saturday, Sunday
When: 23:30:00
Current Time: 2011-01-01 23:30:00
Valid Interval: 23:00:00-13:00:00
Valid days of month: 1, 2, 3, 4, 5, 6, 7, 8, 9, 10, 11, 12, 13, 14, 15, 16, 17, 18, 19, 20, 21, 22, 23, 24, 25, 26, 27, 28, 29, 30, 31
Valid weekdays: Monday, Tuesday, Wednesday, Thursday, Friday, Saturday, Sunday
When: 23:30:00
Current Time: 2011-01-01 23:45:00
Valid Interval: 23:00:00-13:00:00
Valid days of month: 1, 2, 3, 4, 5, 6, 7, 8, 9, 10, 11, 12, 13, 14, 15, 16, 17, 18, 19, 20, 21, 22, 23, 24, 25, 26, 27, 28, 29, 30, 31
Valid weekdays: Monday, Tuesday, Wednesday, Thursday, Friday, Saturday, Sunday
When: 23:30:00
Current Time: 2011-01-02 00:30:00
Valid Interval: 23:00:00-13:00:00
Valid days of month: 1, 2, 3, 4, 5, 6, 7, 8, 9, 10, 11, 12, 13, 14, 15, 16, 17, 18, 19, 20, 21, 22, 23, 24, 25, 26, 27, 28, 29, 30, 31
Valid weekdays: Monday, Tuesday, Wednesday, Thursday, Friday, Saturday, Sunday
When: 23:30:00
Current Time: 2011-01-01 13:00:00
Valid Interval: 23:00:00-13:00:00
Valid days of month: 1, 2, 3, 4, 5, 6, 7, 8, 9, 10, 11, 12, 13, 14, 15, 16, 17, 18, 19, 20, 21, 22, 23, 24, 25, 26, 27, 28, 29, 30, 31
Valid weekdays: Monday, Tuesday, Wednesday, Thursday, Friday, Saturday, Sunday
When: 01:00:00
Current Time: 2011-01-01 16:00:00
Valid Interval: 23:00:00-13:00:00
Valid days of month: 1, 2, 3, 4, 5, 6, 7, 8, 9, 10, 11, 12, 13, 14, 15, 16, 17, 18, 19, 20, 21, 22, 23, 24, 25, 26, 27, 28, 29, 30, 31
Valid weekdays: Monday, Tuesday, Wednesday, Thursday, Friday, Saturday, Sunday
When: 01:00:00
Current Time: 2011-01-01 23:00:00
Valid Interval: 23:00:00-13:00:00
Valid days of month: 1, 2, 3, 4, 5, 6, 7, 8, 9, 10, 11, 12, 13, 14, 15, 16, 17, 18, 19, 20, 21, 22, 23, 24, 25, 26, 27, 28, 29, 30, 31
Valid weekdays: Monday, Tuesday, Wednesday, Thursday, Friday, Saturday, Sunday
When: 01:00:00
Current Time: 2011-01-01 23:30:00
Valid Interval: 23:00:00-13:00:00
Valid days of month: 1, 2, 3, 4, 5, 6, 7, 8, 9, 10, 11, 12, 13, 14, 15, 16, 17, 18, 19, 20, 21, 22, 23, 24, 25, 26, 27, 28, 29, 30, 31
Valid weekdays: Monday, Tuesday, Wednesday, Thursday, Friday, Saturday, Sunday
When: 01:00:00
Current Time: 2011-01-02 00:30:00
Valid Interval: 23:00:00-13:00:00
Valid days of month: 1, 2, 3, 4, 5, 6, 7, 8, 9, 10, 11, 12, 13, 14, 15, 16, 17, 18, 19, 20, 21, 22, 23, 24, 25, 26, 27, 28, 29, 30, 31
Valid weekdays: Monday, Tuesday, Wednesday, Thursday, Friday, Saturday, Sunday
When: 01:00:00
Current Time: 2011-01-02 02:00:00
Valid Interval: 23:00:00-13:00:00
Valid days of month: 1, 2, 3, 4, 5, 6, 7, 8, 9, 10, 11, 12, 13, 14, 15, 16, 17, 18, 19, 20, 21, 22, 23, 24, 25, 26, 27, 28, 29, 30, 31
Valid weekdays: Monday, Tuesday, Wednesday, Thursday, Friday, Saturday, Sunday
When: 01:00:00
Current Time: 2011-01-02 13:00:00
Valid Interval: 23:00:00-13:00:00
Valid days of month: 1, 2, 3, 4, 5, 6, 7, 8, 9, 10, 11, 12, 13, 14, 15, 16, 17, 18, 19, 20, 21, 22, 23, 24, 25, 26, 27, 28, 29, 30, 31
Valid weekdays: Monday, Tuesday, Wednesday, Thursday, Friday, Saturday, Sunday
When: 23:30:00
Current Time: 2011-01-01 23:30:05
Valid Interval: 23:00:00-13:00:00
Valid days of month: 1, 2, 3, 4, 5, 6, 7, 8, 9, 10, 11, 12, 13, 14, 15, 16, 17, 18, 19, 20, 21, 22, 23, 24, 25, 26, 27, 28, 29, 30, 31
Valid weekdays: Monday, Tuesday, Wednesday, Thursday, Friday, Saturday, Sunday
When: 23:30:00
Current Time: 2011-01-02 00:30:00
Valid Interval: 23:00:00-13:00:00
Valid days of month: 1, 2, 3, 4, 5, 6, 7, 8, 9, 10, 11, 12, 13, 14, 15, 16, 17, 18, 19, 20, 21, 22, 23, 24, 25, 26, 27, 28, 29, 30, 31
Valid weekdays: Monday, Tuesday, Wednesday, Thursday, Friday, Saturday, Sunday
When: 23:30:00
Current Time: 2011-01-02 13:00:00
Valid Interval: 23:00:00-13:00:00
Valid days of month: 1, 2, 3, 4, 5, 6, 7, 8, 9, 10, 11, 12, 13, 14, 15, 16, 17, 18, 19, 20, 21, 22, 23, 24, 25, 26, 27, 28, 29, 30, 31
Valid weekdays: Monday, Tuesday, Wednesday, Thursday, Friday, Saturday, Sunday
When: 01:00:00
Current Time: 2011-01-01 02:00:00
Valid Interval: 23:00:00-13:00:00
Valid days of month: 1, 2, 3, 4, 5, 6, 7, 8, 9, 10, 11, 12, 13, 14, 15, 16, 17, 18, 19, 20, 21, 22, 23, 24, 25, 26, 27, 28, 29, 30, 31
Valid weekdays: Monday, Tuesday, Wednesday, Thursday, Friday, Saturday, Sunday
When: 01:00:00
Current Time: 2011-01-02 02:00:00
Valid Interval: 13:00:00-16:00:00
Valid days of month: 1, 2, 3, 4, 5, 6, 7, 8, 9, 10, 11, 12, 13, 14, 15, 16, 17, 18, 19, 20, 21, 22, 23, 24, 25, 26, 27, 28, 29, 30, 31
Valid weekdays: Saturday, Sunday
When: 14:00:00
Current Time: 2007-01-01 12:00:00
Valid Interval: 13:00:00-16:00:00
Valid days of month: 1, 2, 3, 4, 5, 6, 7, 8, 9, 10, 11, 12, 13, 14, 15, 16, 17, 18, 19, 20, 21, 22, 23, 24, 25, 26, 27, 28, 29, 30, 31
Valid weekdays: Saturday, Sunday
When: 14:00:00
Current Time: 2007-01-02 13:30:00
Valid Interval: 13:00:00-16:00:00
Valid days of month: 1, 2, 3, 4, 5, 6, 7, 8, 9, 10, 11, 12, 13, 14, 15, 16, 17, 18, 19, 20, 21, 22, 23, 24, 25, 26, 27, 28, 29, 30, 31
Valid weekdays: Saturday, Sunday
When: 14:00:00
Current Time: 2007-01-06 13:30:00
Valid Interval: 13:00:00-16:00:00
Valid days of month: 1, 2, 3, 4, 5, 6, 7, 8, 9, 10, 11, 12, 13, 14, 15, 16, 17, 18, 19, 20, 21, 22, 23, 24, 25, 26, 27, 28, 29, 30, 31
Valid weekdays: Saturday, Sunday
When: 14:00:00
Current Time: 2007-01-06 14:30:00
Valid Interval: 13:00:00-16:00:00
Valid days of month: 1, 2, 3, 4, 5, 6, 7, 8, 9, 10, 11, 12, 13, 14, 15, 16, 17, 18, 19, 20, 21, 22, 23, 24, 25, 26, 27, 28, 29, 30, 31
Valid weekdays: Saturday, Sunday
When: 14:00:00
Current Time: 2007-01-06 16:30:00
Valid Interval: 13:00:00-16:00:00
Valid days of month: 1, 2, 3, 4, 5, 6, 7, 8, 9, 10, 11, 12, 13, 14, 15, 16, 17, 18, 19, 20, 21, 22, 23, 24, 25, 26, 27, 28, 29, 30, 31
Valid weekdays: Saturday, Sunday
When: 14:00:00
Current Time: 2007-01-07 16:00:00
Valid Interval: 23:00:00-02:00:00
Valid days of month: 1, 2, 3, 4, 5, 6, 7, 8, 9, 10, 11, 12, 13, 14, 15, 16, 17, 18, 19, 20, 21, 22, 23, 24, 25, 26, 27, 28, 29, 30, 31
Valid weekdays: Saturday, Sunday
When: 01:00:00
Current Time: 2007-01-01 12:00:00
Valid Interval: 23:00:00-02:00:00
Valid days of month: 1, 2, 3, 4, 5, 6, 7, 8, 9, 10, 11, 12, 13, 14, 15, 16, 17, 18, 19, 20, 21, 22, 23, 24, 25, 26, 27, 28, 29, 30, 31
Valid weekdays: Saturday, Sunday
When: 01:00:00
Current Time: 2007-01-02 01:00:00
Valid Interval: 23:00:00-02:00:00
Valid days of month: 1, 2, 3, 4, 5, 6, 7, 8, 9, 10, 11, 12, 13, 14, 15, 16, 17, 18, 19, 20, 21, 22, 23, 24, 25, 26, 27, 28, 29, 30, 31
Valid weekdays: Saturday, Sunday
When: 01:00:00
Current Time: 2007-01-06 00:30:00
Valid Interval: 23:00:00-02:00:00
Valid days of month: 1, 2, 3, 4, 5, 6, 7, 8, 9, 10, 11, 12, 13, 14, 15, 16, 17, 18, 19, 20, 21, 22, 23, 24, 25, 26, 27, 28, 29, 30, 31
Valid weekdays: Saturday, Sunday
When: 01:00:00
Current Time: 2007-01-06 01:30:00
Valid Interval: 23:00:00-02:00:00
Valid days of month: 1, 2, 3, 4, 5, 6, 7, 8, 9, 10, 11, 12, 13, 14, 15, 16, 17, 18, 19, 20, 21, 22, 23, 24, 25, 26, 27, 28, 29, 30, 31
Valid weekdays: Saturday, Sunday
When: 01:00:00
Current Time: 2007-01-06 02:30:00
Valid Interval: 23:00:00-02:00:00
Valid days of month: 1, 2, 3, 4, 5, 6, 7, 8, 9, 10, 11, 12, 13, 14, 15, 16, 17, 18, 19, 20, 21, 22, 23, 24, 25, 26, 27, 28, 29, 30, 31
Valid weekdays: Saturday, Sunday
When: 01:00:00
Current Time: 2007-01-07 02:00:00
Valid Interval: 23:00:00-02:00:00
Valid days of month: 1, 2, 3, 4, 5, 6, 7, 8, 9, 10, 11, 12, 13, 14, 15, 16, 17, 18, 19, 20, 21, 22, 23, 24, 25, 26, 27, 28, 29, 30, 31
Valid weekdays: Saturday, Sunday
When: 23:30:00
Current Time: 2007-01-01 12:00:00
Valid Interval: 23:00:00-02:00:00
Valid days of month: 1, 2, 3, 4, 5, 6, 7, 8, 9, 10, 11, 12, 13, 14, 15, 16, 17, 18, 19, 20, 21, 22, 23, 24, 25, 26, 27, 28, 29, 30, 31
Valid weekdays: Saturday, Sunday
When: 23:30:00
Current Time: 2007-01-05 23:30:00
Valid Interval: 23:00:00-02:00:00
Valid days of month: 1, 2, 3, 4, 5, 6, 7, 8, 9, 10, 11, 12, 13, 14, 15, 16, 17, 18, 19, 20, 21, 22, 23, 24, 25, 26, 27, 28, 29, 30, 31
Valid weekdays: Saturday, Sunday
When: 23:30:00
Current Time: 2007-01-06 23:00:00
Valid Interval: 23:00:00-02:00:00
Valid days of month: 1, 2, 3, 4, 5, 6, 7, 8, 9, 10, 11, 12, 13, 14, 15, 16, 17, 18, 19, 20, 21, 22, 23, 24, 25, 26, 27, 28, 29, 30, 31
Valid weekdays: Saturday, Sunday
When: 23:30:00
Current Time: 2007-01-06 02:00:00
Valid Interval: 23:00:00-02:00:00
Valid days of month: 1, 2, 3, 4, 5, 6, 7, 8, 9, 10, 11, 12, 13, 14, 15, 16, 17, 18, 19, 20, 21, 22, 23, 24, 25, 26, 27, 28, 29, 30, 31
Valid weekdays: Saturday, Sunday
When: 23:30:00
Current Time: 2007-01-07 23:40:00
Valid Interval: 23:00:00-02:00:00
Valid days of month: 1, 2, 3, 4, 5, 6, 7, 8, 9, 10, 11, 12, 13, 14, 15, 16, 17, 18, 19, 20, 21, 22, 23, 24, 25, 26, 27, 28, 29, 30, 31
Valid weekdays: Saturday, Sunday
When: 23:30:00
Current Time: 2007-01-07 01:00:00
Valid Interval: 13:00:00-16:00:00
Valid days of month: 1, 2, 3, 4, 5, 6, 7, 8, 9, 10, 11, 12, 13, 14, 15, 16, 17, 18, 19, 20, 21, 22, 23, 24, 25, 26, 27, 28, 29, 30, 31
Valid weekdays: Saturday, Sunday
When: 14:00:00
Current Time: 2007-01-01 12:00:00
Valid Interval: 13:00:00-16:00:00
Valid days of month: 1, 2, 3, 4, 5, 6, 7, 8, 9, 10, 11, 12, 13, 14, 15, 16, 17, 18, 19, 20, 21, 22, 23, 24, 25, 26, 27, 28, 29, 30, 31
Valid weekdays: Saturday, Sunday
When: 14:00:00
Current Time: 2007-01-02 13:30:00
Valid Interval: 13:00:00-16:00:00
Valid days of month: 1, 2, 3, 4, 5, 6, 7, 8, 9, 10, 11, 12, 13, 14, 15, 16, 17, 18, 19, 20, 21, 22, 23, 24, 25, 26, 27, 28, 29, 30, 31
Valid weekdays: Saturday, Sunday
When: 14:00:00
Current Time: 2007-01-06 13:30:00
Valid Interval: 13:00:00-16:00:00
Valid days of month: 1, 2, 3, 4, 5, 6, 7, 8, 9, 10, 11, 12, 13, 14, 15, 16, 17, 18, 19, 20, 21, 22, 23, 24, 25, 26, 27, 28, 29, 30, 31
Valid weekdays: Saturday, Sunday
When: 14:00:00
Current Time: 2007-01-06 14:30:00
Valid Interval: 13:00:00-16:00:00
Valid days of month: 1, 2, 3, 4, 5, 6, 7, 8, 9, 10, 11, 12, 13, 14, 15, 16, 17, 18, 19, 20, 21, 22, 23, 24, 25, 26, 27, 28, 29, 30, 31
Valid weekdays: Saturday, Sunday
When: 14:00:00
Current Time: 2007-01-06 16:30:00
Valid Interval: 13:00:00-16:00:00
Valid days of month: 1, 2, 3, 4, 5, 6, 7, 8, 9, 10, 11, 12, 13, 14, 15, 16, 17, 18, 19, 20, 21, 22, 23, 24, 25, 26, 27, 28, 29, 30, 31
Valid weekdays: Saturday, Sunday
When: 14:00:00
Current Time: 2007-01-07 16:00:00
Valid Interval: 23:00:00-02:00:00
Valid days of month: 1, 2, 3, 4, 5, 6, 7, 8, 9, 10, 11, 12, 13, 14, 15, 16, 17, 18, 19, 20, 21, 22, 23, 24, 25, 26, 27, 28, 29, 30, 31
Valid weekdays: Saturday, Sunday
When: 01:00:00
Current Time: 2007-01-01 12:00:00
Valid Interval: 23:00:00-02:00:00
Valid days of month: 1, 2, 3, 4, 5, 6, 7, 8, 9, 10, 11, 12, 13, 14, 15, 16, 17, 18, 19, 20, 21, 22, 23, 24, 25, 26, 27, 28, 29, 30, 31
Valid weekdays: Saturday, Sunday
When: 01:00:00
Current Time: 2007-01-02 01:00:00
Valid Interval: 23:00:00-02:00:00
Valid days of month: 1, 2, 3, 4, 5, 6, 7, 8, 9, 10, 11, 12, 13, 14, 15, 16, 17, 18, 19, 20, 21, 22, 23, 24, 25, 26, 27, 28, 29, 30, 31
Valid weekdays: Saturday, Sunday
When: 01:00:00
Current Time: 2007-01-06 00:30:00
Valid Interval: 23:00:00-02:00:00
Valid days of month: 1, 2, 3, 4, 5, 6, 7, 8, 9, 10, 11, 12, 13, 14, 15, 16, 17, 18, 19, 20, 21, 22, 23, 24, 25, 26, 27, 28, 29, 30, 31
Valid weekdays: Saturday, Sunday
When: 01:00:00
Current Time: 2007-01-06 02:30:00
Valid Interval: 23:00:00-02:00:00
Valid days of month: 1, 2, 3, 4, 5, 6, 7, 8, 9, 10, 11, 12, 13, 14, 15, 16, 17, 18, 19, 20, 21, 22, 23, 24, 25, 26, 27, 28, 29, 30, 31
Valid weekdays: Saturday, Sunday
When: 23:30:00
Current Time: 2007-01-01 12:00:00
Valid Interval: 23:00:00-02:00:00
Valid days of month: 1, 2, 3, 4, 5, 6, 7, 8, 9, 10, 11, 12, 13, 14, 15, 16, 17, 18, 19, 20, 21, 22, 23, 24, 25, 26, 27, 28, 29, 30, 31
Valid weekdays: Saturday, Sunday
When: 23:30:00
Current Time: 2007-01-05 23:30:00
Valid Interval: 23:00:00-02:00:00
Valid days of month: 1, 2, 3, 4, 5, 6, 7, 8, 9, 10, 11, 12, 13, 14, 15, 16, 17, 18, 19, 20, 21, 22, 23, 24, 25, 26, 27, 28, 29, 30, 31
Valid weekdays: Saturday, Sunday
When: 23:30:00
Current Time: 2007-01-06 23:00:00
Valid Interval: 23:00:00-02:00:00
Valid days of month: 1, 2, 3, 4, 5, 6, 7, 8, 9, 10, 11, 12, 13, 14, 15, 16, 17, 18, 19, 20, 21, 22, 23, 24, 25, 26, 27, 28, 29, 30, 31
Valid weekdays: Saturday, Sunday
When: 23:30:00
Current Time: 2007-01-06 02:00:00
Valid Interval: 23:00:00-02:00:00
Valid days of month: 1, 2, 3, 4, 5, 6, 7, 8, 9, 10, 11, 12, 13, 14, 15, 16, 17, 18, 19, 20, 21, 22, 23, 24, 25, 26, 27, 28, 29, 30, 31
Valid weekdays: Saturday, Sunday
When: 23:30:00
Current Time: 2007-01-07 23:40:00
Valid Interval: 23:00:00-02:00:00
Valid days of month: 1, 2, 3, 4, 5, 6, 7, 8, 9, 10, 11, 12, 13, 14, 15, 16, 17, 18, 19, 20, 21, 22, 23, 24, 25, 26, 27, 28, 29, 30, 31
Valid weekdays: Saturday, Sunday
When: 23:30:00
Current Time: 2007-01-07 01:00:00
Valid Interval: 13:00:00-16:00:00
Valid days of month: 1, 2, 3, 4, 5, 6, 7, 8, 9, 10, 11, 12, 13, 14, 15, 16, 17, 18, 19, 20, 21, 22, 23, 24, 25, 26, 27, 28, 29, 30, 31
Valid weekdays: Saturday, Sunday
When: 14:00:00
Current Time: 2007-01-06 14:30:00
Valid Interval: 13:00:00-16:00:00
Valid days of month: 1, 2, 3, 4, 5, 6, 7, 8, 9, 10, 11, 12, 13, 14, 15, 16, 17, 18, 19, 20, 21, 22, 23, 24, 25, 26, 27, 28, 29, 30, 31
Valid weekdays: Saturday, Sunday
When: 14:00:00
Current Time: 2007-01-07 15:00:00
Valid Interval: 23:00:00-02:00:00
Valid days of month: 1, 2, 3, 4, 5, 6, 7, 8, 9, 10, 11, 12, 13, 14, 15, 16, 17, 18, 19, 20, 21, 22, 23, 24, 25, 26, 27, 28, 29, 30, 31
Valid weekdays: Saturday, Sunday
When: 01:00:00
Current Time: 2007-01-06 01:30:00
Valid Interval: 23:00:00-02:00:00
Valid days of month: 1, 2, 3, 4, 5, 6, 7, 8, 9, 10, 11, 12, 13, 14, 15, 16, 17, 18, 19, 20, 21, 22, 23, 24, 25, 26, 27, 28, 29, 30, 31
Valid weekdays: Saturday, Sunday
When: 01:00:00
Current Time: 2007-01-07 01:30:00
Valid Interval: 23:00:00-02:00:00
Valid days of month: 1, 2, 3, 4, 5, 6, 7, 8, 9, 10, 11, 12, 13, 14, 15, 16, 17, 18, 19, 20, 21, 22, 23, 24, 25, 26, 27, 28, 29, 30, 31
Valid weekdays: Saturday, Sunday
When: 23:30:00
Current Time: 2007-01-06 23:02:00
Valid Interval: 23:00:00-02:00:00
Valid days of month: 1, 2, 3, 4, 5, 6, 7, 8, 9, 10, 11, 12, 13, 14, 15, 16, 17, 18, 19, 20, 21, 22, 23, 24, 25, 26, 27, 28, 29, 30, 31
Valid weekdays: Saturday, Sunday
When: 23:30:00
Current Time: 2007-01-06 01:10:00
Valid Interval: 23:00:00-02:00:00
Valid days of month: 1, 2, 3, 4, 5, 6, 7, 8, 9, 10, 11, 12, 13, 14, 15, 16, 17, 18, 19, 20, 21, 22, 23, 24, 25, 26, 27, 28, 29, 30, 31
Valid weekdays: Saturday, Sunday
When: 23:30:00
Current Time: 2007-01-07 01:00:40
Valid Interval: 23:00:00-02:00:00
Valid days of month: 2
Valid weekdays: Saturday, Sunday
When: 23:30:00
Current Time: 2007-01-01 12:00:00
Valid Interval: 23:00:00-02:00:00
Valid days of month: 1, 2
Valid weekdays: Saturday, Sunday
When: 23:30:00
Current Time: 2007-01-05 23:30:00
Valid Interval: 23:00:00-02:00:00
Valid days of month: 1, 2
Valid weekdays: Saturday, Sunday
When: 23:30:00
Current Time: 2007-01-06 23:00:00</StdOut>
      </Output>
    </UnitTestResult>
    <UnitTestResult executionId="daa2a527-dca6-4ab2-be55-14445d867658" testId="27cecf34-66b7-430a-9490-0ee87c176c7b" testName="GetNextTimeToTrigger_AbsoluteTimer_ReturnsCorrectTime (Data Row 79)" computerName="ICSWS068" duration="00:00:00.0036374" startTime="2016-08-04T07:57:22.9447835+02:00" endTime="2016-08-04T07:57:22.9487860+02:00" testType="13cdc9d9-ddb5-4fa4-a97d-d965ccfc6d4b" outcome="Passed" testListId="8c84fa94-04c1-424b-9868-57a2d4851a1d" relativeResultsDirectory="daa2a527-dca6-4ab2-be55-14445d867658">
      <Output>
        <StdOut>TestContext Messages:
Valid Interval: 11:00:00-13:00:00
Valid days of month: 1, 2, 3, 4, 5, 6, 7, 8, 9, 10, 11, 12, 13, 14, 15, 16, 17, 18, 19, 20, 21, 22, 23, 24, 25, 26, 27, 28, 29, 30, 31
Valid weekdays: Monday, Tuesday, Wednesday, Thursday, Friday, Saturday, Sunday
When: 12:00:00
Current Time: 2011-01-01 00:00:00
Valid Interval: 11:00:00-13:00:00
Valid days of month: 1, 2, 3, 4, 5, 6, 7, 8, 9, 10, 11, 12, 13, 14, 15, 16, 17, 18, 19, 20, 21, 22, 23, 24, 25, 26, 27, 28, 29, 30, 31
Valid weekdays: Monday, Tuesday, Wednesday, Thursday, Friday, Saturday, Sunday
When: 12:00:00
Current Time: 2011-01-01 09:00:00
Valid Interval: 11:00:00-13:00:00
Valid days of month: 1, 2, 3, 4, 5, 6, 7, 8, 9, 10, 11, 12, 13, 14, 15, 16, 17, 18, 19, 20, 21, 22, 23, 24, 25, 26, 27, 28, 29, 30, 31
Valid weekdays: Monday, Tuesday, Wednesday, Thursday, Friday, Saturday, Sunday
When: 12:00:00
Current Time: 2011-01-01 11:00:00
Valid Interval: 11:00:00-13:00:00
Valid days of month: 1, 2, 3, 4, 5, 6, 7, 8, 9, 10, 11, 12, 13, 14, 15, 16, 17, 18, 19, 20, 21, 22, 23, 24, 25, 26, 27, 28, 29, 30, 31
Valid weekdays: Monday, Tuesday, Wednesday, Thursday, Friday, Saturday, Sunday
When: 12:00:00
Current Time: 2011-01-01 12:00:00
Valid Interval: 11:00:00-13:00:00
Valid days of month: 1, 2, 3, 4, 5, 6, 7, 8, 9, 10, 11, 12, 13, 14, 15, 16, 17, 18, 19, 20, 21, 22, 23, 24, 25, 26, 27, 28, 29, 30, 31
Valid weekdays: Monday, Tuesday, Wednesday, Thursday, Friday, Saturday, Sunday
When: 12:00:00
Current Time: 2011-01-01 12:30:00
Valid Interval: 11:00:00-13:00:00
Valid days of month: 1, 2, 3, 4, 5, 6, 7, 8, 9, 10, 11, 12, 13, 14, 15, 16, 17, 18, 19, 20, 21, 22, 23, 24, 25, 26, 27, 28, 29, 30, 31
Valid weekdays: Monday, Tuesday, Wednesday, Thursday, Friday, Saturday, Sunday
When: 12:00:00
Current Time: 2011-01-01 13:00:00
Valid Interval: 11:00:00-13:00:00
Valid days of month: 1, 2, 3, 4, 5, 6, 7, 8, 9, 10, 11, 12, 13, 14, 15, 16, 17, 18, 19, 20, 21, 22, 23, 24, 25, 26, 27, 28, 29, 30, 31
Valid weekdays: Monday, Tuesday, Wednesday, Thursday, Friday, Saturday, Sunday
When: 12:00:00
Current Time: 2011-01-02 00:00:00
Valid Interval: 11:00:00-13:00:00
Valid days of month: 1, 2, 3, 4, 5, 6, 7, 8, 9, 10, 11, 12, 13, 14, 15, 16, 17, 18, 19, 20, 21, 22, 23, 24, 25, 26, 27, 28, 29, 30, 31
Valid weekdays: Monday, Tuesday, Wednesday, Thursday, Friday, Saturday, Sunday
When: 12:00:00
Current Time: 2011-01-02 09:00:00
Valid Interval: 11:00:00-13:00:00
Valid days of month: 1, 2, 3, 4, 5, 6, 7, 8, 9, 10, 11, 12, 13, 14, 15, 16, 17, 18, 19, 20, 21, 22, 23, 24, 25, 26, 27, 28, 29, 30, 31
Valid weekdays: Monday, Tuesday, Wednesday, Thursday, Friday, Saturday, Sunday
When: 12:00:00
Current Time: 2011-01-02 12:00:00
Valid Interval: 11:00:00-13:00:00
Valid days of month: 1, 2, 3, 4, 5, 6, 7, 8, 9, 10, 11, 12, 13, 14, 15, 16, 17, 18, 19, 20, 21, 22, 23, 24, 25, 26, 27, 28, 29, 30, 31
Valid weekdays: Monday, Tuesday, Wednesday, Thursday, Friday, Saturday, Sunday
When: 12:00:00
Current Time: 2011-01-02 12:45:30
Valid Interval: 11:00:00-13:00:00
Valid days of month: 1, 2, 3, 4, 5, 6, 7, 8, 9, 10, 11, 12, 13, 14, 15, 16, 17, 18, 19, 20, 21, 22, 23, 24, 25, 26, 27, 28, 29, 30, 31
Valid weekdays: Monday, Tuesday, Wednesday, Thursday, Friday, Saturday, Sunday
When: 12:00:00
Current Time: 2011-01-02 13:00:00
Valid Interval: 11:00:00-13:00:00
Valid days of month: 1, 2, 3, 4, 5, 6, 7, 8, 9, 10, 11, 12, 13, 14, 15, 16, 17, 18, 19, 20, 21, 22, 23, 24, 25, 26, 27, 28, 29, 30, 31
Valid weekdays: Monday, Tuesday, Wednesday, Thursday, Friday, Saturday, Sunday
When: 12:00:00
Current Time: 2011-01-01 12:00:00
Valid Interval: 11:00:00-13:00:00
Valid days of month: 1, 2, 3, 4, 5, 6, 7, 8, 9, 10, 11, 12, 13, 14, 15, 16, 17, 18, 19, 20, 21, 22, 23, 24, 25, 26, 27, 28, 29, 30, 31
Valid weekdays: Monday, Tuesday, Wednesday, Thursday, Friday, Saturday, Sunday
When: 12:00:00
Current Time: 2011-01-01 12:30:00
Valid Interval: 11:00:00-13:00:00
Valid days of month: 1, 2, 3, 4, 5, 6, 7, 8, 9, 10, 11, 12, 13, 14, 15, 16, 17, 18, 19, 20, 21, 22, 23, 24, 25, 26, 27, 28, 29, 30, 31
Valid weekdays: Monday, Tuesday, Wednesday, Thursday, Friday, Saturday, Sunday
When: 12:00:00
Current Time: 2011-01-01 12:30:00
Valid Interval: 11:00:00-13:00:00
Valid days of month: 1, 2, 3, 4, 5, 6, 7, 8, 9, 10, 11, 12, 13, 14, 15, 16, 17, 18, 19, 20, 21, 22, 23, 24, 25, 26, 27, 28, 29, 30, 31
Valid weekdays: Monday, Tuesday, Wednesday, Thursday, Friday, Saturday, Sunday
When: 12:00:00
Current Time: 2011-01-01 13:00:00
Valid Interval: 11:00:00-13:00:00
Valid days of month: 1, 2, 3, 4, 5, 6, 7, 8, 9, 10, 11, 12, 13, 14, 15, 16, 17, 18, 19, 20, 21, 22, 23, 24, 25, 26, 27, 28, 29, 30, 31
Valid weekdays: Monday, Tuesday, Wednesday, Thursday, Friday, Saturday, Sunday
When: 12:00:00
Current Time: 2011-01-01 14:30:00
Valid Interval: 23:00:00-13:00:00
Valid days of month: 1, 2, 3, 4, 5, 6, 7, 8, 9, 10, 11, 12, 13, 14, 15, 16, 17, 18, 19, 20, 21, 22, 23, 24, 25, 26, 27, 28, 29, 30, 31
Valid weekdays: Monday, Tuesday, Wednesday, Thursday, Friday, Saturday, Sunday
When: 23:30:00
Current Time: 2011-01-01 16:00:00
Valid Interval: 23:00:00-13:00:00
Valid days of month: 1, 2, 3, 4, 5, 6, 7, 8, 9, 10, 11, 12, 13, 14, 15, 16, 17, 18, 19, 20, 21, 22, 23, 24, 25, 26, 27, 28, 29, 30, 31
Valid weekdays: Monday, Tuesday, Wednesday, Thursday, Friday, Saturday, Sunday
When: 23:30:00
Current Time: 2011-01-01 23:00:00
Valid Interval: 23:00:00-13:00:00
Valid days of month: 1, 2, 3, 4, 5, 6, 7, 8, 9, 10, 11, 12, 13, 14, 15, 16, 17, 18, 19, 20, 21, 22, 23, 24, 25, 26, 27, 28, 29, 30, 31
Valid weekdays: Monday, Tuesday, Wednesday, Thursday, Friday, Saturday, Sunday
When: 23:30:00
Current Time: 2011-01-01 23:30:00
Valid Interval: 23:00:00-13:00:00
Valid days of month: 1, 2, 3, 4, 5, 6, 7, 8, 9, 10, 11, 12, 13, 14, 15, 16, 17, 18, 19, 20, 21, 22, 23, 24, 25, 26, 27, 28, 29, 30, 31
Valid weekdays: Monday, Tuesday, Wednesday, Thursday, Friday, Saturday, Sunday
When: 23:30:00
Current Time: 2011-01-01 23:45:00
Valid Interval: 23:00:00-13:00:00
Valid days of month: 1, 2, 3, 4, 5, 6, 7, 8, 9, 10, 11, 12, 13, 14, 15, 16, 17, 18, 19, 20, 21, 22, 23, 24, 25, 26, 27, 28, 29, 30, 31
Valid weekdays: Monday, Tuesday, Wednesday, Thursday, Friday, Saturday, Sunday
When: 23:30:00
Current Time: 2011-01-02 00:30:00
Valid Interval: 23:00:00-13:00:00
Valid days of month: 1, 2, 3, 4, 5, 6, 7, 8, 9, 10, 11, 12, 13, 14, 15, 16, 17, 18, 19, 20, 21, 22, 23, 24, 25, 26, 27, 28, 29, 30, 31
Valid weekdays: Monday, Tuesday, Wednesday, Thursday, Friday, Saturday, Sunday
When: 23:30:00
Current Time: 2011-01-01 13:00:00
Valid Interval: 23:00:00-13:00:00
Valid days of month: 1, 2, 3, 4, 5, 6, 7, 8, 9, 10, 11, 12, 13, 14, 15, 16, 17, 18, 19, 20, 21, 22, 23, 24, 25, 26, 27, 28, 29, 30, 31
Valid weekdays: Monday, Tuesday, Wednesday, Thursday, Friday, Saturday, Sunday
When: 01:00:00
Current Time: 2011-01-01 16:00:00
Valid Interval: 23:00:00-13:00:00
Valid days of month: 1, 2, 3, 4, 5, 6, 7, 8, 9, 10, 11, 12, 13, 14, 15, 16, 17, 18, 19, 20, 21, 22, 23, 24, 25, 26, 27, 28, 29, 30, 31
Valid weekdays: Monday, Tuesday, Wednesday, Thursday, Friday, Saturday, Sunday
When: 01:00:00
Current Time: 2011-01-01 23:00:00
Valid Interval: 23:00:00-13:00:00
Valid days of month: 1, 2, 3, 4, 5, 6, 7, 8, 9, 10, 11, 12, 13, 14, 15, 16, 17, 18, 19, 20, 21, 22, 23, 24, 25, 26, 27, 28, 29, 30, 31
Valid weekdays: Monday, Tuesday, Wednesday, Thursday, Friday, Saturday, Sunday
When: 01:00:00
Current Time: 2011-01-01 23:30:00
Valid Interval: 23:00:00-13:00:00
Valid days of month: 1, 2, 3, 4, 5, 6, 7, 8, 9, 10, 11, 12, 13, 14, 15, 16, 17, 18, 19, 20, 21, 22, 23, 24, 25, 26, 27, 28, 29, 30, 31
Valid weekdays: Monday, Tuesday, Wednesday, Thursday, Friday, Saturday, Sunday
When: 01:00:00
Current Time: 2011-01-02 00:30:00
Valid Interval: 23:00:00-13:00:00
Valid days of month: 1, 2, 3, 4, 5, 6, 7, 8, 9, 10, 11, 12, 13, 14, 15, 16, 17, 18, 19, 20, 21, 22, 23, 24, 25, 26, 27, 28, 29, 30, 31
Valid weekdays: Monday, Tuesday, Wednesday, Thursday, Friday, Saturday, Sunday
When: 01:00:00
Current Time: 2011-01-01 02:00:00
Valid Interval: 23:00:00-13:00:00
Valid days of month: 1, 2, 3, 4, 5, 6, 7, 8, 9, 10, 11, 12, 13, 14, 15, 16, 17, 18, 19, 20, 21, 22, 23, 24, 25, 26, 27, 28, 29, 30, 31
Valid weekdays: Monday, Tuesday, Wednesday, Thursday, Friday, Saturday, Sunday
When: 01:00:00
Current Time: 2011-01-01 13:00:00
Valid Interval: 23:00:00-13:00:00
Valid days of month: 1, 2, 3, 4, 5, 6, 7, 8, 9, 10, 11, 12, 13, 14, 15, 16, 17, 18, 19, 20, 21, 22, 23, 24, 25, 26, 27, 28, 29, 30, 31
Valid weekdays: Monday, Tuesday, Wednesday, Thursday, Friday, Saturday, Sunday
When: 23:30:00
Current Time: 2011-01-01 16:00:00
Valid Interval: 23:00:00-13:00:00
Valid days of month: 1, 2, 3, 4, 5, 6, 7, 8, 9, 10, 11, 12, 13, 14, 15, 16, 17, 18, 19, 20, 21, 22, 23, 24, 25, 26, 27, 28, 29, 30, 31
Valid weekdays: Monday, Tuesday, Wednesday, Thursday, Friday, Saturday, Sunday
When: 23:30:00
Current Time: 2011-01-01 23:00:00
Valid Interval: 23:00:00-13:00:00
Valid days of month: 1, 2, 3, 4, 5, 6, 7, 8, 9, 10, 11, 12, 13, 14, 15, 16, 17, 18, 19, 20, 21, 22, 23, 24, 25, 26, 27, 28, 29, 30, 31
Valid weekdays: Monday, Tuesday, Wednesday, Thursday, Friday, Saturday, Sunday
When: 23:30:00
Current Time: 2011-01-01 23:30:00
Valid Interval: 23:00:00-13:00:00
Valid days of month: 1, 2, 3, 4, 5, 6, 7, 8, 9, 10, 11, 12, 13, 14, 15, 16, 17, 18, 19, 20, 21, 22, 23, 24, 25, 26, 27, 28, 29, 30, 31
Valid weekdays: Monday, Tuesday, Wednesday, Thursday, Friday, Saturday, Sunday
When: 23:30:00
Current Time: 2011-01-01 23:45:00
Valid Interval: 23:00:00-13:00:00
Valid days of month: 1, 2, 3, 4, 5, 6, 7, 8, 9, 10, 11, 12, 13, 14, 15, 16, 17, 18, 19, 20, 21, 22, 23, 24, 25, 26, 27, 28, 29, 30, 31
Valid weekdays: Monday, Tuesday, Wednesday, Thursday, Friday, Saturday, Sunday
When: 23:30:00
Current Time: 2011-01-02 00:30:00
Valid Interval: 23:00:00-13:00:00
Valid days of month: 1, 2, 3, 4, 5, 6, 7, 8, 9, 10, 11, 12, 13, 14, 15, 16, 17, 18, 19, 20, 21, 22, 23, 24, 25, 26, 27, 28, 29, 30, 31
Valid weekdays: Monday, Tuesday, Wednesday, Thursday, Friday, Saturday, Sunday
When: 23:30:00
Current Time: 2011-01-01 13:00:00
Valid Interval: 23:00:00-13:00:00
Valid days of month: 1, 2, 3, 4, 5, 6, 7, 8, 9, 10, 11, 12, 13, 14, 15, 16, 17, 18, 19, 20, 21, 22, 23, 24, 25, 26, 27, 28, 29, 30, 31
Valid weekdays: Monday, Tuesday, Wednesday, Thursday, Friday, Saturday, Sunday
When: 01:00:00
Current Time: 2011-01-01 16:00:00
Valid Interval: 23:00:00-13:00:00
Valid days of month: 1, 2, 3, 4, 5, 6, 7, 8, 9, 10, 11, 12, 13, 14, 15, 16, 17, 18, 19, 20, 21, 22, 23, 24, 25, 26, 27, 28, 29, 30, 31
Valid weekdays: Monday, Tuesday, Wednesday, Thursday, Friday, Saturday, Sunday
When: 01:00:00
Current Time: 2011-01-01 23:00:00
Valid Interval: 23:00:00-13:00:00
Valid days of month: 1, 2, 3, 4, 5, 6, 7, 8, 9, 10, 11, 12, 13, 14, 15, 16, 17, 18, 19, 20, 21, 22, 23, 24, 25, 26, 27, 28, 29, 30, 31
Valid weekdays: Monday, Tuesday, Wednesday, Thursday, Friday, Saturday, Sunday
When: 01:00:00
Current Time: 2011-01-01 23:30:00
Valid Interval: 23:00:00-13:00:00
Valid days of month: 1, 2, 3, 4, 5, 6, 7, 8, 9, 10, 11, 12, 13, 14, 15, 16, 17, 18, 19, 20, 21, 22, 23, 24, 25, 26, 27, 28, 29, 30, 31
Valid weekdays: Monday, Tuesday, Wednesday, Thursday, Friday, Saturday, Sunday
When: 01:00:00
Current Time: 2011-01-02 00:30:00
Valid Interval: 23:00:00-13:00:00
Valid days of month: 1, 2, 3, 4, 5, 6, 7, 8, 9, 10, 11, 12, 13, 14, 15, 16, 17, 18, 19, 20, 21, 22, 23, 24, 25, 26, 27, 28, 29, 30, 31
Valid weekdays: Monday, Tuesday, Wednesday, Thursday, Friday, Saturday, Sunday
When: 01:00:00
Current Time: 2011-01-02 02:00:00
Valid Interval: 23:00:00-13:00:00
Valid days of month: 1, 2, 3, 4, 5, 6, 7, 8, 9, 10, 11, 12, 13, 14, 15, 16, 17, 18, 19, 20, 21, 22, 23, 24, 25, 26, 27, 28, 29, 30, 31
Valid weekdays: Monday, Tuesday, Wednesday, Thursday, Friday, Saturday, Sunday
When: 01:00:00
Current Time: 2011-01-02 13:00:00
Valid Interval: 23:00:00-13:00:00
Valid days of month: 1, 2, 3, 4, 5, 6, 7, 8, 9, 10, 11, 12, 13, 14, 15, 16, 17, 18, 19, 20, 21, 22, 23, 24, 25, 26, 27, 28, 29, 30, 31
Valid weekdays: Monday, Tuesday, Wednesday, Thursday, Friday, Saturday, Sunday
When: 23:30:00
Current Time: 2011-01-01 23:30:05
Valid Interval: 23:00:00-13:00:00
Valid days of month: 1, 2, 3, 4, 5, 6, 7, 8, 9, 10, 11, 12, 13, 14, 15, 16, 17, 18, 19, 20, 21, 22, 23, 24, 25, 26, 27, 28, 29, 30, 31
Valid weekdays: Monday, Tuesday, Wednesday, Thursday, Friday, Saturday, Sunday
When: 23:30:00
Current Time: 2011-01-02 00:30:00
Valid Interval: 23:00:00-13:00:00
Valid days of month: 1, 2, 3, 4, 5, 6, 7, 8, 9, 10, 11, 12, 13, 14, 15, 16, 17, 18, 19, 20, 21, 22, 23, 24, 25, 26, 27, 28, 29, 30, 31
Valid weekdays: Monday, Tuesday, Wednesday, Thursday, Friday, Saturday, Sunday
When: 23:30:00
Current Time: 2011-01-02 13:00:00
Valid Interval: 23:00:00-13:00:00
Valid days of month: 1, 2, 3, 4, 5, 6, 7, 8, 9, 10, 11, 12, 13, 14, 15, 16, 17, 18, 19, 20, 21, 22, 23, 24, 25, 26, 27, 28, 29, 30, 31
Valid weekdays: Monday, Tuesday, Wednesday, Thursday, Friday, Saturday, Sunday
When: 01:00:00
Current Time: 2011-01-01 02:00:00
Valid Interval: 23:00:00-13:00:00
Valid days of month: 1, 2, 3, 4, 5, 6, 7, 8, 9, 10, 11, 12, 13, 14, 15, 16, 17, 18, 19, 20, 21, 22, 23, 24, 25, 26, 27, 28, 29, 30, 31
Valid weekdays: Monday, Tuesday, Wednesday, Thursday, Friday, Saturday, Sunday
When: 01:00:00
Current Time: 2011-01-02 02:00:00
Valid Interval: 13:00:00-16:00:00
Valid days of month: 1, 2, 3, 4, 5, 6, 7, 8, 9, 10, 11, 12, 13, 14, 15, 16, 17, 18, 19, 20, 21, 22, 23, 24, 25, 26, 27, 28, 29, 30, 31
Valid weekdays: Saturday, Sunday
When: 14:00:00
Current Time: 2007-01-01 12:00:00
Valid Interval: 13:00:00-16:00:00
Valid days of month: 1, 2, 3, 4, 5, 6, 7, 8, 9, 10, 11, 12, 13, 14, 15, 16, 17, 18, 19, 20, 21, 22, 23, 24, 25, 26, 27, 28, 29, 30, 31
Valid weekdays: Saturday, Sunday
When: 14:00:00
Current Time: 2007-01-02 13:30:00
Valid Interval: 13:00:00-16:00:00
Valid days of month: 1, 2, 3, 4, 5, 6, 7, 8, 9, 10, 11, 12, 13, 14, 15, 16, 17, 18, 19, 20, 21, 22, 23, 24, 25, 26, 27, 28, 29, 30, 31
Valid weekdays: Saturday, Sunday
When: 14:00:00
Current Time: 2007-01-06 13:30:00
Valid Interval: 13:00:00-16:00:00
Valid days of month: 1, 2, 3, 4, 5, 6, 7, 8, 9, 10, 11, 12, 13, 14, 15, 16, 17, 18, 19, 20, 21, 22, 23, 24, 25, 26, 27, 28, 29, 30, 31
Valid weekdays: Saturday, Sunday
When: 14:00:00
Current Time: 2007-01-06 14:30:00
Valid Interval: 13:00:00-16:00:00
Valid days of month: 1, 2, 3, 4, 5, 6, 7, 8, 9, 10, 11, 12, 13, 14, 15, 16, 17, 18, 19, 20, 21, 22, 23, 24, 25, 26, 27, 28, 29, 30, 31
Valid weekdays: Saturday, Sunday
When: 14:00:00
Current Time: 2007-01-06 16:30:00
Valid Interval: 13:00:00-16:00:00
Valid days of month: 1, 2, 3, 4, 5, 6, 7, 8, 9, 10, 11, 12, 13, 14, 15, 16, 17, 18, 19, 20, 21, 22, 23, 24, 25, 26, 27, 28, 29, 30, 31
Valid weekdays: Saturday, Sunday
When: 14:00:00
Current Time: 2007-01-07 16:00:00
Valid Interval: 23:00:00-02:00:00
Valid days of month: 1, 2, 3, 4, 5, 6, 7, 8, 9, 10, 11, 12, 13, 14, 15, 16, 17, 18, 19, 20, 21, 22, 23, 24, 25, 26, 27, 28, 29, 30, 31
Valid weekdays: Saturday, Sunday
When: 01:00:00
Current Time: 2007-01-01 12:00:00
Valid Interval: 23:00:00-02:00:00
Valid days of month: 1, 2, 3, 4, 5, 6, 7, 8, 9, 10, 11, 12, 13, 14, 15, 16, 17, 18, 19, 20, 21, 22, 23, 24, 25, 26, 27, 28, 29, 30, 31
Valid weekdays: Saturday, Sunday
When: 01:00:00
Current Time: 2007-01-02 01:00:00
Valid Interval: 23:00:00-02:00:00
Valid days of month: 1, 2, 3, 4, 5, 6, 7, 8, 9, 10, 11, 12, 13, 14, 15, 16, 17, 18, 19, 20, 21, 22, 23, 24, 25, 26, 27, 28, 29, 30, 31
Valid weekdays: Saturday, Sunday
When: 01:00:00
Current Time: 2007-01-06 00:30:00
Valid Interval: 23:00:00-02:00:00
Valid days of month: 1, 2, 3, 4, 5, 6, 7, 8, 9, 10, 11, 12, 13, 14, 15, 16, 17, 18, 19, 20, 21, 22, 23, 24, 25, 26, 27, 28, 29, 30, 31
Valid weekdays: Saturday, Sunday
When: 01:00:00
Current Time: 2007-01-06 01:30:00
Valid Interval: 23:00:00-02:00:00
Valid days of month: 1, 2, 3, 4, 5, 6, 7, 8, 9, 10, 11, 12, 13, 14, 15, 16, 17, 18, 19, 20, 21, 22, 23, 24, 25, 26, 27, 28, 29, 30, 31
Valid weekdays: Saturday, Sunday
When: 01:00:00
Current Time: 2007-01-06 02:30:00
Valid Interval: 23:00:00-02:00:00
Valid days of month: 1, 2, 3, 4, 5, 6, 7, 8, 9, 10, 11, 12, 13, 14, 15, 16, 17, 18, 19, 20, 21, 22, 23, 24, 25, 26, 27, 28, 29, 30, 31
Valid weekdays: Saturday, Sunday
When: 01:00:00
Current Time: 2007-01-07 02:00:00
Valid Interval: 23:00:00-02:00:00
Valid days of month: 1, 2, 3, 4, 5, 6, 7, 8, 9, 10, 11, 12, 13, 14, 15, 16, 17, 18, 19, 20, 21, 22, 23, 24, 25, 26, 27, 28, 29, 30, 31
Valid weekdays: Saturday, Sunday
When: 23:30:00
Current Time: 2007-01-01 12:00:00
Valid Interval: 23:00:00-02:00:00
Valid days of month: 1, 2, 3, 4, 5, 6, 7, 8, 9, 10, 11, 12, 13, 14, 15, 16, 17, 18, 19, 20, 21, 22, 23, 24, 25, 26, 27, 28, 29, 30, 31
Valid weekdays: Saturday, Sunday
When: 23:30:00
Current Time: 2007-01-05 23:30:00
Valid Interval: 23:00:00-02:00:00
Valid days of month: 1, 2, 3, 4, 5, 6, 7, 8, 9, 10, 11, 12, 13, 14, 15, 16, 17, 18, 19, 20, 21, 22, 23, 24, 25, 26, 27, 28, 29, 30, 31
Valid weekdays: Saturday, Sunday
When: 23:30:00
Current Time: 2007-01-06 23:00:00
Valid Interval: 23:00:00-02:00:00
Valid days of month: 1, 2, 3, 4, 5, 6, 7, 8, 9, 10, 11, 12, 13, 14, 15, 16, 17, 18, 19, 20, 21, 22, 23, 24, 25, 26, 27, 28, 29, 30, 31
Valid weekdays: Saturday, Sunday
When: 23:30:00
Current Time: 2007-01-06 02:00:00
Valid Interval: 23:00:00-02:00:00
Valid days of month: 1, 2, 3, 4, 5, 6, 7, 8, 9, 10, 11, 12, 13, 14, 15, 16, 17, 18, 19, 20, 21, 22, 23, 24, 25, 26, 27, 28, 29, 30, 31
Valid weekdays: Saturday, Sunday
When: 23:30:00
Current Time: 2007-01-07 23:40:00
Valid Interval: 23:00:00-02:00:00
Valid days of month: 1, 2, 3, 4, 5, 6, 7, 8, 9, 10, 11, 12, 13, 14, 15, 16, 17, 18, 19, 20, 21, 22, 23, 24, 25, 26, 27, 28, 29, 30, 31
Valid weekdays: Saturday, Sunday
When: 23:30:00
Current Time: 2007-01-07 01:00:00
Valid Interval: 13:00:00-16:00:00
Valid days of month: 1, 2, 3, 4, 5, 6, 7, 8, 9, 10, 11, 12, 13, 14, 15, 16, 17, 18, 19, 20, 21, 22, 23, 24, 25, 26, 27, 28, 29, 30, 31
Valid weekdays: Saturday, Sunday
When: 14:00:00
Current Time: 2007-01-01 12:00:00
Valid Interval: 13:00:00-16:00:00
Valid days of month: 1, 2, 3, 4, 5, 6, 7, 8, 9, 10, 11, 12, 13, 14, 15, 16, 17, 18, 19, 20, 21, 22, 23, 24, 25, 26, 27, 28, 29, 30, 31
Valid weekdays: Saturday, Sunday
When: 14:00:00
Current Time: 2007-01-02 13:30:00
Valid Interval: 13:00:00-16:00:00
Valid days of month: 1, 2, 3, 4, 5, 6, 7, 8, 9, 10, 11, 12, 13, 14, 15, 16, 17, 18, 19, 20, 21, 22, 23, 24, 25, 26, 27, 28, 29, 30, 31
Valid weekdays: Saturday, Sunday
When: 14:00:00
Current Time: 2007-01-06 13:30:00
Valid Interval: 13:00:00-16:00:00
Valid days of month: 1, 2, 3, 4, 5, 6, 7, 8, 9, 10, 11, 12, 13, 14, 15, 16, 17, 18, 19, 20, 21, 22, 23, 24, 25, 26, 27, 28, 29, 30, 31
Valid weekdays: Saturday, Sunday
When: 14:00:00
Current Time: 2007-01-06 14:30:00
Valid Interval: 13:00:00-16:00:00
Valid days of month: 1, 2, 3, 4, 5, 6, 7, 8, 9, 10, 11, 12, 13, 14, 15, 16, 17, 18, 19, 20, 21, 22, 23, 24, 25, 26, 27, 28, 29, 30, 31
Valid weekdays: Saturday, Sunday
When: 14:00:00
Current Time: 2007-01-06 16:30:00
Valid Interval: 13:00:00-16:00:00
Valid days of month: 1, 2, 3, 4, 5, 6, 7, 8, 9, 10, 11, 12, 13, 14, 15, 16, 17, 18, 19, 20, 21, 22, 23, 24, 25, 26, 27, 28, 29, 30, 31
Valid weekdays: Saturday, Sunday
When: 14:00:00
Current Time: 2007-01-07 16:00:00
Valid Interval: 23:00:00-02:00:00
Valid days of month: 1, 2, 3, 4, 5, 6, 7, 8, 9, 10, 11, 12, 13, 14, 15, 16, 17, 18, 19, 20, 21, 22, 23, 24, 25, 26, 27, 28, 29, 30, 31
Valid weekdays: Saturday, Sunday
When: 01:00:00
Current Time: 2007-01-01 12:00:00
Valid Interval: 23:00:00-02:00:00
Valid days of month: 1, 2, 3, 4, 5, 6, 7, 8, 9, 10, 11, 12, 13, 14, 15, 16, 17, 18, 19, 20, 21, 22, 23, 24, 25, 26, 27, 28, 29, 30, 31
Valid weekdays: Saturday, Sunday
When: 01:00:00
Current Time: 2007-01-02 01:00:00
Valid Interval: 23:00:00-02:00:00
Valid days of month: 1, 2, 3, 4, 5, 6, 7, 8, 9, 10, 11, 12, 13, 14, 15, 16, 17, 18, 19, 20, 21, 22, 23, 24, 25, 26, 27, 28, 29, 30, 31
Valid weekdays: Saturday, Sunday
When: 01:00:00
Current Time: 2007-01-06 00:30:00
Valid Interval: 23:00:00-02:00:00
Valid days of month: 1, 2, 3, 4, 5, 6, 7, 8, 9, 10, 11, 12, 13, 14, 15, 16, 17, 18, 19, 20, 21, 22, 23, 24, 25, 26, 27, 28, 29, 30, 31
Valid weekdays: Saturday, Sunday
When: 01:00:00
Current Time: 2007-01-06 02:30:00
Valid Interval: 23:00:00-02:00:00
Valid days of month: 1, 2, 3, 4, 5, 6, 7, 8, 9, 10, 11, 12, 13, 14, 15, 16, 17, 18, 19, 20, 21, 22, 23, 24, 25, 26, 27, 28, 29, 30, 31
Valid weekdays: Saturday, Sunday
When: 23:30:00
Current Time: 2007-01-01 12:00:00
Valid Interval: 23:00:00-02:00:00
Valid days of month: 1, 2, 3, 4, 5, 6, 7, 8, 9, 10, 11, 12, 13, 14, 15, 16, 17, 18, 19, 20, 21, 22, 23, 24, 25, 26, 27, 28, 29, 30, 31
Valid weekdays: Saturday, Sunday
When: 23:30:00
Current Time: 2007-01-05 23:30:00
Valid Interval: 23:00:00-02:00:00
Valid days of month: 1, 2, 3, 4, 5, 6, 7, 8, 9, 10, 11, 12, 13, 14, 15, 16, 17, 18, 19, 20, 21, 22, 23, 24, 25, 26, 27, 28, 29, 30, 31
Valid weekdays: Saturday, Sunday
When: 23:30:00
Current Time: 2007-01-06 23:00:00
Valid Interval: 23:00:00-02:00:00
Valid days of month: 1, 2, 3, 4, 5, 6, 7, 8, 9, 10, 11, 12, 13, 14, 15, 16, 17, 18, 19, 20, 21, 22, 23, 24, 25, 26, 27, 28, 29, 30, 31
Valid weekdays: Saturday, Sunday
When: 23:30:00
Current Time: 2007-01-06 02:00:00
Valid Interval: 23:00:00-02:00:00
Valid days of month: 1, 2, 3, 4, 5, 6, 7, 8, 9, 10, 11, 12, 13, 14, 15, 16, 17, 18, 19, 20, 21, 22, 23, 24, 25, 26, 27, 28, 29, 30, 31
Valid weekdays: Saturday, Sunday
When: 23:30:00
Current Time: 2007-01-07 23:40:00
Valid Interval: 23:00:00-02:00:00
Valid days of month: 1, 2, 3, 4, 5, 6, 7, 8, 9, 10, 11, 12, 13, 14, 15, 16, 17, 18, 19, 20, 21, 22, 23, 24, 25, 26, 27, 28, 29, 30, 31
Valid weekdays: Saturday, Sunday
When: 23:30:00
Current Time: 2007-01-07 01:00:00
Valid Interval: 13:00:00-16:00:00
Valid days of month: 1, 2, 3, 4, 5, 6, 7, 8, 9, 10, 11, 12, 13, 14, 15, 16, 17, 18, 19, 20, 21, 22, 23, 24, 25, 26, 27, 28, 29, 30, 31
Valid weekdays: Saturday, Sunday
When: 14:00:00
Current Time: 2007-01-06 14:30:00
Valid Interval: 13:00:00-16:00:00
Valid days of month: 1, 2, 3, 4, 5, 6, 7, 8, 9, 10, 11, 12, 13, 14, 15, 16, 17, 18, 19, 20, 21, 22, 23, 24, 25, 26, 27, 28, 29, 30, 31
Valid weekdays: Saturday, Sunday
When: 14:00:00
Current Time: 2007-01-07 15:00:00
Valid Interval: 23:00:00-02:00:00
Valid days of month: 1, 2, 3, 4, 5, 6, 7, 8, 9, 10, 11, 12, 13, 14, 15, 16, 17, 18, 19, 20, 21, 22, 23, 24, 25, 26, 27, 28, 29, 30, 31
Valid weekdays: Saturday, Sunday
When: 01:00:00
Current Time: 2007-01-06 01:30:00
Valid Interval: 23:00:00-02:00:00
Valid days of month: 1, 2, 3, 4, 5, 6, 7, 8, 9, 10, 11, 12, 13, 14, 15, 16, 17, 18, 19, 20, 21, 22, 23, 24, 25, 26, 27, 28, 29, 30, 31
Valid weekdays: Saturday, Sunday
When: 01:00:00
Current Time: 2007-01-07 01:30:00
Valid Interval: 23:00:00-02:00:00
Valid days of month: 1, 2, 3, 4, 5, 6, 7, 8, 9, 10, 11, 12, 13, 14, 15, 16, 17, 18, 19, 20, 21, 22, 23, 24, 25, 26, 27, 28, 29, 30, 31
Valid weekdays: Saturday, Sunday
When: 23:30:00
Current Time: 2007-01-06 23:02:00
Valid Interval: 23:00:00-02:00:00
Valid days of month: 1, 2, 3, 4, 5, 6, 7, 8, 9, 10, 11, 12, 13, 14, 15, 16, 17, 18, 19, 20, 21, 22, 23, 24, 25, 26, 27, 28, 29, 30, 31
Valid weekdays: Saturday, Sunday
When: 23:30:00
Current Time: 2007-01-06 01:10:00
Valid Interval: 23:00:00-02:00:00
Valid days of month: 1, 2, 3, 4, 5, 6, 7, 8, 9, 10, 11, 12, 13, 14, 15, 16, 17, 18, 19, 20, 21, 22, 23, 24, 25, 26, 27, 28, 29, 30, 31
Valid weekdays: Saturday, Sunday
When: 23:30:00
Current Time: 2007-01-07 01:00:40
Valid Interval: 23:00:00-02:00:00
Valid days of month: 2
Valid weekdays: Saturday, Sunday
When: 23:30:00
Current Time: 2007-01-01 12:00:00
Valid Interval: 23:00:00-02:00:00
Valid days of month: 1, 2
Valid weekdays: Saturday, Sunday
When: 23:30:00
Current Time: 2007-01-05 23:30:00
Valid Interval: 23:00:00-02:00:00
Valid days of month: 1, 2
Valid weekdays: Saturday, Sunday
When: 23:30:00
Current Time: 2007-01-06 23:00:00</StdOut>
      </Output>
    </UnitTestResult>
    <UnitTestResult executionId="b31580d6-be9d-4429-b79b-361679640bde" testId="933c5f28-62df-4352-a4c7-8b196a292df9" testName="GetNextTimeToTrigger_AbsoluteTimer_ReturnsCorrectTime (Data Row 80)" computerName="ICSWS068" duration="00:00:00.0041491" startTime="2016-08-04T07:57:22.9487860+02:00" endTime="2016-08-04T07:57:22.9527886+02:00" testType="13cdc9d9-ddb5-4fa4-a97d-d965ccfc6d4b" outcome="Passed" testListId="8c84fa94-04c1-424b-9868-57a2d4851a1d" relativeResultsDirectory="b31580d6-be9d-4429-b79b-361679640bde">
      <Output>
        <StdOut>TestContext Messages:
Valid Interval: 11:00:00-13:00:00
Valid days of month: 1, 2, 3, 4, 5, 6, 7, 8, 9, 10, 11, 12, 13, 14, 15, 16, 17, 18, 19, 20, 21, 22, 23, 24, 25, 26, 27, 28, 29, 30, 31
Valid weekdays: Monday, Tuesday, Wednesday, Thursday, Friday, Saturday, Sunday
When: 12:00:00
Current Time: 2011-01-01 00:00:00
Valid Interval: 11:00:00-13:00:00
Valid days of month: 1, 2, 3, 4, 5, 6, 7, 8, 9, 10, 11, 12, 13, 14, 15, 16, 17, 18, 19, 20, 21, 22, 23, 24, 25, 26, 27, 28, 29, 30, 31
Valid weekdays: Monday, Tuesday, Wednesday, Thursday, Friday, Saturday, Sunday
When: 12:00:00
Current Time: 2011-01-01 09:00:00
Valid Interval: 11:00:00-13:00:00
Valid days of month: 1, 2, 3, 4, 5, 6, 7, 8, 9, 10, 11, 12, 13, 14, 15, 16, 17, 18, 19, 20, 21, 22, 23, 24, 25, 26, 27, 28, 29, 30, 31
Valid weekdays: Monday, Tuesday, Wednesday, Thursday, Friday, Saturday, Sunday
When: 12:00:00
Current Time: 2011-01-01 11:00:00
Valid Interval: 11:00:00-13:00:00
Valid days of month: 1, 2, 3, 4, 5, 6, 7, 8, 9, 10, 11, 12, 13, 14, 15, 16, 17, 18, 19, 20, 21, 22, 23, 24, 25, 26, 27, 28, 29, 30, 31
Valid weekdays: Monday, Tuesday, Wednesday, Thursday, Friday, Saturday, Sunday
When: 12:00:00
Current Time: 2011-01-01 12:00:00
Valid Interval: 11:00:00-13:00:00
Valid days of month: 1, 2, 3, 4, 5, 6, 7, 8, 9, 10, 11, 12, 13, 14, 15, 16, 17, 18, 19, 20, 21, 22, 23, 24, 25, 26, 27, 28, 29, 30, 31
Valid weekdays: Monday, Tuesday, Wednesday, Thursday, Friday, Saturday, Sunday
When: 12:00:00
Current Time: 2011-01-01 12:30:00
Valid Interval: 11:00:00-13:00:00
Valid days of month: 1, 2, 3, 4, 5, 6, 7, 8, 9, 10, 11, 12, 13, 14, 15, 16, 17, 18, 19, 20, 21, 22, 23, 24, 25, 26, 27, 28, 29, 30, 31
Valid weekdays: Monday, Tuesday, Wednesday, Thursday, Friday, Saturday, Sunday
When: 12:00:00
Current Time: 2011-01-01 13:00:00
Valid Interval: 11:00:00-13:00:00
Valid days of month: 1, 2, 3, 4, 5, 6, 7, 8, 9, 10, 11, 12, 13, 14, 15, 16, 17, 18, 19, 20, 21, 22, 23, 24, 25, 26, 27, 28, 29, 30, 31
Valid weekdays: Monday, Tuesday, Wednesday, Thursday, Friday, Saturday, Sunday
When: 12:00:00
Current Time: 2011-01-02 00:00:00
Valid Interval: 11:00:00-13:00:00
Valid days of month: 1, 2, 3, 4, 5, 6, 7, 8, 9, 10, 11, 12, 13, 14, 15, 16, 17, 18, 19, 20, 21, 22, 23, 24, 25, 26, 27, 28, 29, 30, 31
Valid weekdays: Monday, Tuesday, Wednesday, Thursday, Friday, Saturday, Sunday
When: 12:00:00
Current Time: 2011-01-02 09:00:00
Valid Interval: 11:00:00-13:00:00
Valid days of month: 1, 2, 3, 4, 5, 6, 7, 8, 9, 10, 11, 12, 13, 14, 15, 16, 17, 18, 19, 20, 21, 22, 23, 24, 25, 26, 27, 28, 29, 30, 31
Valid weekdays: Monday, Tuesday, Wednesday, Thursday, Friday, Saturday, Sunday
When: 12:00:00
Current Time: 2011-01-02 12:00:00
Valid Interval: 11:00:00-13:00:00
Valid days of month: 1, 2, 3, 4, 5, 6, 7, 8, 9, 10, 11, 12, 13, 14, 15, 16, 17, 18, 19, 20, 21, 22, 23, 24, 25, 26, 27, 28, 29, 30, 31
Valid weekdays: Monday, Tuesday, Wednesday, Thursday, Friday, Saturday, Sunday
When: 12:00:00
Current Time: 2011-01-02 12:45:30
Valid Interval: 11:00:00-13:00:00
Valid days of month: 1, 2, 3, 4, 5, 6, 7, 8, 9, 10, 11, 12, 13, 14, 15, 16, 17, 18, 19, 20, 21, 22, 23, 24, 25, 26, 27, 28, 29, 30, 31
Valid weekdays: Monday, Tuesday, Wednesday, Thursday, Friday, Saturday, Sunday
When: 12:00:00
Current Time: 2011-01-02 13:00:00
Valid Interval: 11:00:00-13:00:00
Valid days of month: 1, 2, 3, 4, 5, 6, 7, 8, 9, 10, 11, 12, 13, 14, 15, 16, 17, 18, 19, 20, 21, 22, 23, 24, 25, 26, 27, 28, 29, 30, 31
Valid weekdays: Monday, Tuesday, Wednesday, Thursday, Friday, Saturday, Sunday
When: 12:00:00
Current Time: 2011-01-01 12:00:00
Valid Interval: 11:00:00-13:00:00
Valid days of month: 1, 2, 3, 4, 5, 6, 7, 8, 9, 10, 11, 12, 13, 14, 15, 16, 17, 18, 19, 20, 21, 22, 23, 24, 25, 26, 27, 28, 29, 30, 31
Valid weekdays: Monday, Tuesday, Wednesday, Thursday, Friday, Saturday, Sunday
When: 12:00:00
Current Time: 2011-01-01 12:30:00
Valid Interval: 11:00:00-13:00:00
Valid days of month: 1, 2, 3, 4, 5, 6, 7, 8, 9, 10, 11, 12, 13, 14, 15, 16, 17, 18, 19, 20, 21, 22, 23, 24, 25, 26, 27, 28, 29, 30, 31
Valid weekdays: Monday, Tuesday, Wednesday, Thursday, Friday, Saturday, Sunday
When: 12:00:00
Current Time: 2011-01-01 12:30:00
Valid Interval: 11:00:00-13:00:00
Valid days of month: 1, 2, 3, 4, 5, 6, 7, 8, 9, 10, 11, 12, 13, 14, 15, 16, 17, 18, 19, 20, 21, 22, 23, 24, 25, 26, 27, 28, 29, 30, 31
Valid weekdays: Monday, Tuesday, Wednesday, Thursday, Friday, Saturday, Sunday
When: 12:00:00
Current Time: 2011-01-01 13:00:00
Valid Interval: 11:00:00-13:00:00
Valid days of month: 1, 2, 3, 4, 5, 6, 7, 8, 9, 10, 11, 12, 13, 14, 15, 16, 17, 18, 19, 20, 21, 22, 23, 24, 25, 26, 27, 28, 29, 30, 31
Valid weekdays: Monday, Tuesday, Wednesday, Thursday, Friday, Saturday, Sunday
When: 12:00:00
Current Time: 2011-01-01 14:30:00
Valid Interval: 23:00:00-13:00:00
Valid days of month: 1, 2, 3, 4, 5, 6, 7, 8, 9, 10, 11, 12, 13, 14, 15, 16, 17, 18, 19, 20, 21, 22, 23, 24, 25, 26, 27, 28, 29, 30, 31
Valid weekdays: Monday, Tuesday, Wednesday, Thursday, Friday, Saturday, Sunday
When: 23:30:00
Current Time: 2011-01-01 16:00:00
Valid Interval: 23:00:00-13:00:00
Valid days of month: 1, 2, 3, 4, 5, 6, 7, 8, 9, 10, 11, 12, 13, 14, 15, 16, 17, 18, 19, 20, 21, 22, 23, 24, 25, 26, 27, 28, 29, 30, 31
Valid weekdays: Monday, Tuesday, Wednesday, Thursday, Friday, Saturday, Sunday
When: 23:30:00
Current Time: 2011-01-01 23:00:00
Valid Interval: 23:00:00-13:00:00
Valid days of month: 1, 2, 3, 4, 5, 6, 7, 8, 9, 10, 11, 12, 13, 14, 15, 16, 17, 18, 19, 20, 21, 22, 23, 24, 25, 26, 27, 28, 29, 30, 31
Valid weekdays: Monday, Tuesday, Wednesday, Thursday, Friday, Saturday, Sunday
When: 23:30:00
Current Time: 2011-01-01 23:30:00
Valid Interval: 23:00:00-13:00:00
Valid days of month: 1, 2, 3, 4, 5, 6, 7, 8, 9, 10, 11, 12, 13, 14, 15, 16, 17, 18, 19, 20, 21, 22, 23, 24, 25, 26, 27, 28, 29, 30, 31
Valid weekdays: Monday, Tuesday, Wednesday, Thursday, Friday, Saturday, Sunday
When: 23:30:00
Current Time: 2011-01-01 23:45:00
Valid Interval: 23:00:00-13:00:00
Valid days of month: 1, 2, 3, 4, 5, 6, 7, 8, 9, 10, 11, 12, 13, 14, 15, 16, 17, 18, 19, 20, 21, 22, 23, 24, 25, 26, 27, 28, 29, 30, 31
Valid weekdays: Monday, Tuesday, Wednesday, Thursday, Friday, Saturday, Sunday
When: 23:30:00
Current Time: 2011-01-02 00:30:00
Valid Interval: 23:00:00-13:00:00
Valid days of month: 1, 2, 3, 4, 5, 6, 7, 8, 9, 10, 11, 12, 13, 14, 15, 16, 17, 18, 19, 20, 21, 22, 23, 24, 25, 26, 27, 28, 29, 30, 31
Valid weekdays: Monday, Tuesday, Wednesday, Thursday, Friday, Saturday, Sunday
When: 23:30:00
Current Time: 2011-01-01 13:00:00
Valid Interval: 23:00:00-13:00:00
Valid days of month: 1, 2, 3, 4, 5, 6, 7, 8, 9, 10, 11, 12, 13, 14, 15, 16, 17, 18, 19, 20, 21, 22, 23, 24, 25, 26, 27, 28, 29, 30, 31
Valid weekdays: Monday, Tuesday, Wednesday, Thursday, Friday, Saturday, Sunday
When: 01:00:00
Current Time: 2011-01-01 16:00:00
Valid Interval: 23:00:00-13:00:00
Valid days of month: 1, 2, 3, 4, 5, 6, 7, 8, 9, 10, 11, 12, 13, 14, 15, 16, 17, 18, 19, 20, 21, 22, 23, 24, 25, 26, 27, 28, 29, 30, 31
Valid weekdays: Monday, Tuesday, Wednesday, Thursday, Friday, Saturday, Sunday
When: 01:00:00
Current Time: 2011-01-01 23:00:00
Valid Interval: 23:00:00-13:00:00
Valid days of month: 1, 2, 3, 4, 5, 6, 7, 8, 9, 10, 11, 12, 13, 14, 15, 16, 17, 18, 19, 20, 21, 22, 23, 24, 25, 26, 27, 28, 29, 30, 31
Valid weekdays: Monday, Tuesday, Wednesday, Thursday, Friday, Saturday, Sunday
When: 01:00:00
Current Time: 2011-01-01 23:30:00
Valid Interval: 23:00:00-13:00:00
Valid days of month: 1, 2, 3, 4, 5, 6, 7, 8, 9, 10, 11, 12, 13, 14, 15, 16, 17, 18, 19, 20, 21, 22, 23, 24, 25, 26, 27, 28, 29, 30, 31
Valid weekdays: Monday, Tuesday, Wednesday, Thursday, Friday, Saturday, Sunday
When: 01:00:00
Current Time: 2011-01-02 00:30:00
Valid Interval: 23:00:00-13:00:00
Valid days of month: 1, 2, 3, 4, 5, 6, 7, 8, 9, 10, 11, 12, 13, 14, 15, 16, 17, 18, 19, 20, 21, 22, 23, 24, 25, 26, 27, 28, 29, 30, 31
Valid weekdays: Monday, Tuesday, Wednesday, Thursday, Friday, Saturday, Sunday
When: 01:00:00
Current Time: 2011-01-01 02:00:00
Valid Interval: 23:00:00-13:00:00
Valid days of month: 1, 2, 3, 4, 5, 6, 7, 8, 9, 10, 11, 12, 13, 14, 15, 16, 17, 18, 19, 20, 21, 22, 23, 24, 25, 26, 27, 28, 29, 30, 31
Valid weekdays: Monday, Tuesday, Wednesday, Thursday, Friday, Saturday, Sunday
When: 01:00:00
Current Time: 2011-01-01 13:00:00
Valid Interval: 23:00:00-13:00:00
Valid days of month: 1, 2, 3, 4, 5, 6, 7, 8, 9, 10, 11, 12, 13, 14, 15, 16, 17, 18, 19, 20, 21, 22, 23, 24, 25, 26, 27, 28, 29, 30, 31
Valid weekdays: Monday, Tuesday, Wednesday, Thursday, Friday, Saturday, Sunday
When: 23:30:00
Current Time: 2011-01-01 16:00:00
Valid Interval: 23:00:00-13:00:00
Valid days of month: 1, 2, 3, 4, 5, 6, 7, 8, 9, 10, 11, 12, 13, 14, 15, 16, 17, 18, 19, 20, 21, 22, 23, 24, 25, 26, 27, 28, 29, 30, 31
Valid weekdays: Monday, Tuesday, Wednesday, Thursday, Friday, Saturday, Sunday
When: 23:30:00
Current Time: 2011-01-01 23:00:00
Valid Interval: 23:00:00-13:00:00
Valid days of month: 1, 2, 3, 4, 5, 6, 7, 8, 9, 10, 11, 12, 13, 14, 15, 16, 17, 18, 19, 20, 21, 22, 23, 24, 25, 26, 27, 28, 29, 30, 31
Valid weekdays: Monday, Tuesday, Wednesday, Thursday, Friday, Saturday, Sunday
When: 23:30:00
Current Time: 2011-01-01 23:30:00
Valid Interval: 23:00:00-13:00:00
Valid days of month: 1, 2, 3, 4, 5, 6, 7, 8, 9, 10, 11, 12, 13, 14, 15, 16, 17, 18, 19, 20, 21, 22, 23, 24, 25, 26, 27, 28, 29, 30, 31
Valid weekdays: Monday, Tuesday, Wednesday, Thursday, Friday, Saturday, Sunday
When: 23:30:00
Current Time: 2011-01-01 23:45:00
Valid Interval: 23:00:00-13:00:00
Valid days of month: 1, 2, 3, 4, 5, 6, 7, 8, 9, 10, 11, 12, 13, 14, 15, 16, 17, 18, 19, 20, 21, 22, 23, 24, 25, 26, 27, 28, 29, 30, 31
Valid weekdays: Monday, Tuesday, Wednesday, Thursday, Friday, Saturday, Sunday
When: 23:30:00
Current Time: 2011-01-02 00:30:00
Valid Interval: 23:00:00-13:00:00
Valid days of month: 1, 2, 3, 4, 5, 6, 7, 8, 9, 10, 11, 12, 13, 14, 15, 16, 17, 18, 19, 20, 21, 22, 23, 24, 25, 26, 27, 28, 29, 30, 31
Valid weekdays: Monday, Tuesday, Wednesday, Thursday, Friday, Saturday, Sunday
When: 23:30:00
Current Time: 2011-01-01 13:00:00
Valid Interval: 23:00:00-13:00:00
Valid days of month: 1, 2, 3, 4, 5, 6, 7, 8, 9, 10, 11, 12, 13, 14, 15, 16, 17, 18, 19, 20, 21, 22, 23, 24, 25, 26, 27, 28, 29, 30, 31
Valid weekdays: Monday, Tuesday, Wednesday, Thursday, Friday, Saturday, Sunday
When: 01:00:00
Current Time: 2011-01-01 16:00:00
Valid Interval: 23:00:00-13:00:00
Valid days of month: 1, 2, 3, 4, 5, 6, 7, 8, 9, 10, 11, 12, 13, 14, 15, 16, 17, 18, 19, 20, 21, 22, 23, 24, 25, 26, 27, 28, 29, 30, 31
Valid weekdays: Monday, Tuesday, Wednesday, Thursday, Friday, Saturday, Sunday
When: 01:00:00
Current Time: 2011-01-01 23:00:00
Valid Interval: 23:00:00-13:00:00
Valid days of month: 1, 2, 3, 4, 5, 6, 7, 8, 9, 10, 11, 12, 13, 14, 15, 16, 17, 18, 19, 20, 21, 22, 23, 24, 25, 26, 27, 28, 29, 30, 31
Valid weekdays: Monday, Tuesday, Wednesday, Thursday, Friday, Saturday, Sunday
When: 01:00:00
Current Time: 2011-01-01 23:30:00
Valid Interval: 23:00:00-13:00:00
Valid days of month: 1, 2, 3, 4, 5, 6, 7, 8, 9, 10, 11, 12, 13, 14, 15, 16, 17, 18, 19, 20, 21, 22, 23, 24, 25, 26, 27, 28, 29, 30, 31
Valid weekdays: Monday, Tuesday, Wednesday, Thursday, Friday, Saturday, Sunday
When: 01:00:00
Current Time: 2011-01-02 00:30:00
Valid Interval: 23:00:00-13:00:00
Valid days of month: 1, 2, 3, 4, 5, 6, 7, 8, 9, 10, 11, 12, 13, 14, 15, 16, 17, 18, 19, 20, 21, 22, 23, 24, 25, 26, 27, 28, 29, 30, 31
Valid weekdays: Monday, Tuesday, Wednesday, Thursday, Friday, Saturday, Sunday
When: 01:00:00
Current Time: 2011-01-02 02:00:00
Valid Interval: 23:00:00-13:00:00
Valid days of month: 1, 2, 3, 4, 5, 6, 7, 8, 9, 10, 11, 12, 13, 14, 15, 16, 17, 18, 19, 20, 21, 22, 23, 24, 25, 26, 27, 28, 29, 30, 31
Valid weekdays: Monday, Tuesday, Wednesday, Thursday, Friday, Saturday, Sunday
When: 01:00:00
Current Time: 2011-01-02 13:00:00
Valid Interval: 23:00:00-13:00:00
Valid days of month: 1, 2, 3, 4, 5, 6, 7, 8, 9, 10, 11, 12, 13, 14, 15, 16, 17, 18, 19, 20, 21, 22, 23, 24, 25, 26, 27, 28, 29, 30, 31
Valid weekdays: Monday, Tuesday, Wednesday, Thursday, Friday, Saturday, Sunday
When: 23:30:00
Current Time: 2011-01-01 23:30:05
Valid Interval: 23:00:00-13:00:00
Valid days of month: 1, 2, 3, 4, 5, 6, 7, 8, 9, 10, 11, 12, 13, 14, 15, 16, 17, 18, 19, 20, 21, 22, 23, 24, 25, 26, 27, 28, 29, 30, 31
Valid weekdays: Monday, Tuesday, Wednesday, Thursday, Friday, Saturday, Sunday
When: 23:30:00
Current Time: 2011-01-02 00:30:00
Valid Interval: 23:00:00-13:00:00
Valid days of month: 1, 2, 3, 4, 5, 6, 7, 8, 9, 10, 11, 12, 13, 14, 15, 16, 17, 18, 19, 20, 21, 22, 23, 24, 25, 26, 27, 28, 29, 30, 31
Valid weekdays: Monday, Tuesday, Wednesday, Thursday, Friday, Saturday, Sunday
When: 23:30:00
Current Time: 2011-01-02 13:00:00
Valid Interval: 23:00:00-13:00:00
Valid days of month: 1, 2, 3, 4, 5, 6, 7, 8, 9, 10, 11, 12, 13, 14, 15, 16, 17, 18, 19, 20, 21, 22, 23, 24, 25, 26, 27, 28, 29, 30, 31
Valid weekdays: Monday, Tuesday, Wednesday, Thursday, Friday, Saturday, Sunday
When: 01:00:00
Current Time: 2011-01-01 02:00:00
Valid Interval: 23:00:00-13:00:00
Valid days of month: 1, 2, 3, 4, 5, 6, 7, 8, 9, 10, 11, 12, 13, 14, 15, 16, 17, 18, 19, 20, 21, 22, 23, 24, 25, 26, 27, 28, 29, 30, 31
Valid weekdays: Monday, Tuesday, Wednesday, Thursday, Friday, Saturday, Sunday
When: 01:00:00
Current Time: 2011-01-02 02:00:00
Valid Interval: 13:00:00-16:00:00
Valid days of month: 1, 2, 3, 4, 5, 6, 7, 8, 9, 10, 11, 12, 13, 14, 15, 16, 17, 18, 19, 20, 21, 22, 23, 24, 25, 26, 27, 28, 29, 30, 31
Valid weekdays: Saturday, Sunday
When: 14:00:00
Current Time: 2007-01-01 12:00:00
Valid Interval: 13:00:00-16:00:00
Valid days of month: 1, 2, 3, 4, 5, 6, 7, 8, 9, 10, 11, 12, 13, 14, 15, 16, 17, 18, 19, 20, 21, 22, 23, 24, 25, 26, 27, 28, 29, 30, 31
Valid weekdays: Saturday, Sunday
When: 14:00:00
Current Time: 2007-01-02 13:30:00
Valid Interval: 13:00:00-16:00:00
Valid days of month: 1, 2, 3, 4, 5, 6, 7, 8, 9, 10, 11, 12, 13, 14, 15, 16, 17, 18, 19, 20, 21, 22, 23, 24, 25, 26, 27, 28, 29, 30, 31
Valid weekdays: Saturday, Sunday
When: 14:00:00
Current Time: 2007-01-06 13:30:00
Valid Interval: 13:00:00-16:00:00
Valid days of month: 1, 2, 3, 4, 5, 6, 7, 8, 9, 10, 11, 12, 13, 14, 15, 16, 17, 18, 19, 20, 21, 22, 23, 24, 25, 26, 27, 28, 29, 30, 31
Valid weekdays: Saturday, Sunday
When: 14:00:00
Current Time: 2007-01-06 14:30:00
Valid Interval: 13:00:00-16:00:00
Valid days of month: 1, 2, 3, 4, 5, 6, 7, 8, 9, 10, 11, 12, 13, 14, 15, 16, 17, 18, 19, 20, 21, 22, 23, 24, 25, 26, 27, 28, 29, 30, 31
Valid weekdays: Saturday, Sunday
When: 14:00:00
Current Time: 2007-01-06 16:30:00
Valid Interval: 13:00:00-16:00:00
Valid days of month: 1, 2, 3, 4, 5, 6, 7, 8, 9, 10, 11, 12, 13, 14, 15, 16, 17, 18, 19, 20, 21, 22, 23, 24, 25, 26, 27, 28, 29, 30, 31
Valid weekdays: Saturday, Sunday
When: 14:00:00
Current Time: 2007-01-07 16:00:00
Valid Interval: 23:00:00-02:00:00
Valid days of month: 1, 2, 3, 4, 5, 6, 7, 8, 9, 10, 11, 12, 13, 14, 15, 16, 17, 18, 19, 20, 21, 22, 23, 24, 25, 26, 27, 28, 29, 30, 31
Valid weekdays: Saturday, Sunday
When: 01:00:00
Current Time: 2007-01-01 12:00:00
Valid Interval: 23:00:00-02:00:00
Valid days of month: 1, 2, 3, 4, 5, 6, 7, 8, 9, 10, 11, 12, 13, 14, 15, 16, 17, 18, 19, 20, 21, 22, 23, 24, 25, 26, 27, 28, 29, 30, 31
Valid weekdays: Saturday, Sunday
When: 01:00:00
Current Time: 2007-01-02 01:00:00
Valid Interval: 23:00:00-02:00:00
Valid days of month: 1, 2, 3, 4, 5, 6, 7, 8, 9, 10, 11, 12, 13, 14, 15, 16, 17, 18, 19, 20, 21, 22, 23, 24, 25, 26, 27, 28, 29, 30, 31
Valid weekdays: Saturday, Sunday
When: 01:00:00
Current Time: 2007-01-06 00:30:00
Valid Interval: 23:00:00-02:00:00
Valid days of month: 1, 2, 3, 4, 5, 6, 7, 8, 9, 10, 11, 12, 13, 14, 15, 16, 17, 18, 19, 20, 21, 22, 23, 24, 25, 26, 27, 28, 29, 30, 31
Valid weekdays: Saturday, Sunday
When: 01:00:00
Current Time: 2007-01-06 01:30:00
Valid Interval: 23:00:00-02:00:00
Valid days of month: 1, 2, 3, 4, 5, 6, 7, 8, 9, 10, 11, 12, 13, 14, 15, 16, 17, 18, 19, 20, 21, 22, 23, 24, 25, 26, 27, 28, 29, 30, 31
Valid weekdays: Saturday, Sunday
When: 01:00:00
Current Time: 2007-01-06 02:30:00
Valid Interval: 23:00:00-02:00:00
Valid days of month: 1, 2, 3, 4, 5, 6, 7, 8, 9, 10, 11, 12, 13, 14, 15, 16, 17, 18, 19, 20, 21, 22, 23, 24, 25, 26, 27, 28, 29, 30, 31
Valid weekdays: Saturday, Sunday
When: 01:00:00
Current Time: 2007-01-07 02:00:00
Valid Interval: 23:00:00-02:00:00
Valid days of month: 1, 2, 3, 4, 5, 6, 7, 8, 9, 10, 11, 12, 13, 14, 15, 16, 17, 18, 19, 20, 21, 22, 23, 24, 25, 26, 27, 28, 29, 30, 31
Valid weekdays: Saturday, Sunday
When: 23:30:00
Current Time: 2007-01-01 12:00:00
Valid Interval: 23:00:00-02:00:00
Valid days of month: 1, 2, 3, 4, 5, 6, 7, 8, 9, 10, 11, 12, 13, 14, 15, 16, 17, 18, 19, 20, 21, 22, 23, 24, 25, 26, 27, 28, 29, 30, 31
Valid weekdays: Saturday, Sunday
When: 23:30:00
Current Time: 2007-01-05 23:30:00
Valid Interval: 23:00:00-02:00:00
Valid days of month: 1, 2, 3, 4, 5, 6, 7, 8, 9, 10, 11, 12, 13, 14, 15, 16, 17, 18, 19, 20, 21, 22, 23, 24, 25, 26, 27, 28, 29, 30, 31
Valid weekdays: Saturday, Sunday
When: 23:30:00
Current Time: 2007-01-06 23:00:00
Valid Interval: 23:00:00-02:00:00
Valid days of month: 1, 2, 3, 4, 5, 6, 7, 8, 9, 10, 11, 12, 13, 14, 15, 16, 17, 18, 19, 20, 21, 22, 23, 24, 25, 26, 27, 28, 29, 30, 31
Valid weekdays: Saturday, Sunday
When: 23:30:00
Current Time: 2007-01-06 02:00:00
Valid Interval: 23:00:00-02:00:00
Valid days of month: 1, 2, 3, 4, 5, 6, 7, 8, 9, 10, 11, 12, 13, 14, 15, 16, 17, 18, 19, 20, 21, 22, 23, 24, 25, 26, 27, 28, 29, 30, 31
Valid weekdays: Saturday, Sunday
When: 23:30:00
Current Time: 2007-01-07 23:40:00
Valid Interval: 23:00:00-02:00:00
Valid days of month: 1, 2, 3, 4, 5, 6, 7, 8, 9, 10, 11, 12, 13, 14, 15, 16, 17, 18, 19, 20, 21, 22, 23, 24, 25, 26, 27, 28, 29, 30, 31
Valid weekdays: Saturday, Sunday
When: 23:30:00
Current Time: 2007-01-07 01:00:00
Valid Interval: 13:00:00-16:00:00
Valid days of month: 1, 2, 3, 4, 5, 6, 7, 8, 9, 10, 11, 12, 13, 14, 15, 16, 17, 18, 19, 20, 21, 22, 23, 24, 25, 26, 27, 28, 29, 30, 31
Valid weekdays: Saturday, Sunday
When: 14:00:00
Current Time: 2007-01-01 12:00:00
Valid Interval: 13:00:00-16:00:00
Valid days of month: 1, 2, 3, 4, 5, 6, 7, 8, 9, 10, 11, 12, 13, 14, 15, 16, 17, 18, 19, 20, 21, 22, 23, 24, 25, 26, 27, 28, 29, 30, 31
Valid weekdays: Saturday, Sunday
When: 14:00:00
Current Time: 2007-01-02 13:30:00
Valid Interval: 13:00:00-16:00:00
Valid days of month: 1, 2, 3, 4, 5, 6, 7, 8, 9, 10, 11, 12, 13, 14, 15, 16, 17, 18, 19, 20, 21, 22, 23, 24, 25, 26, 27, 28, 29, 30, 31
Valid weekdays: Saturday, Sunday
When: 14:00:00
Current Time: 2007-01-06 13:30:00
Valid Interval: 13:00:00-16:00:00
Valid days of month: 1, 2, 3, 4, 5, 6, 7, 8, 9, 10, 11, 12, 13, 14, 15, 16, 17, 18, 19, 20, 21, 22, 23, 24, 25, 26, 27, 28, 29, 30, 31
Valid weekdays: Saturday, Sunday
When: 14:00:00
Current Time: 2007-01-06 14:30:00
Valid Interval: 13:00:00-16:00:00
Valid days of month: 1, 2, 3, 4, 5, 6, 7, 8, 9, 10, 11, 12, 13, 14, 15, 16, 17, 18, 19, 20, 21, 22, 23, 24, 25, 26, 27, 28, 29, 30, 31
Valid weekdays: Saturday, Sunday
When: 14:00:00
Current Time: 2007-01-06 16:30:00
Valid Interval: 13:00:00-16:00:00
Valid days of month: 1, 2, 3, 4, 5, 6, 7, 8, 9, 10, 11, 12, 13, 14, 15, 16, 17, 18, 19, 20, 21, 22, 23, 24, 25, 26, 27, 28, 29, 30, 31
Valid weekdays: Saturday, Sunday
When: 14:00:00
Current Time: 2007-01-07 16:00:00
Valid Interval: 23:00:00-02:00:00
Valid days of month: 1, 2, 3, 4, 5, 6, 7, 8, 9, 10, 11, 12, 13, 14, 15, 16, 17, 18, 19, 20, 21, 22, 23, 24, 25, 26, 27, 28, 29, 30, 31
Valid weekdays: Saturday, Sunday
When: 01:00:00
Current Time: 2007-01-01 12:00:00
Valid Interval: 23:00:00-02:00:00
Valid days of month: 1, 2, 3, 4, 5, 6, 7, 8, 9, 10, 11, 12, 13, 14, 15, 16, 17, 18, 19, 20, 21, 22, 23, 24, 25, 26, 27, 28, 29, 30, 31
Valid weekdays: Saturday, Sunday
When: 01:00:00
Current Time: 2007-01-02 01:00:00
Valid Interval: 23:00:00-02:00:00
Valid days of month: 1, 2, 3, 4, 5, 6, 7, 8, 9, 10, 11, 12, 13, 14, 15, 16, 17, 18, 19, 20, 21, 22, 23, 24, 25, 26, 27, 28, 29, 30, 31
Valid weekdays: Saturday, Sunday
When: 01:00:00
Current Time: 2007-01-06 00:30:00
Valid Interval: 23:00:00-02:00:00
Valid days of month: 1, 2, 3, 4, 5, 6, 7, 8, 9, 10, 11, 12, 13, 14, 15, 16, 17, 18, 19, 20, 21, 22, 23, 24, 25, 26, 27, 28, 29, 30, 31
Valid weekdays: Saturday, Sunday
When: 01:00:00
Current Time: 2007-01-06 02:30:00
Valid Interval: 23:00:00-02:00:00
Valid days of month: 1, 2, 3, 4, 5, 6, 7, 8, 9, 10, 11, 12, 13, 14, 15, 16, 17, 18, 19, 20, 21, 22, 23, 24, 25, 26, 27, 28, 29, 30, 31
Valid weekdays: Saturday, Sunday
When: 23:30:00
Current Time: 2007-01-01 12:00:00
Valid Interval: 23:00:00-02:00:00
Valid days of month: 1, 2, 3, 4, 5, 6, 7, 8, 9, 10, 11, 12, 13, 14, 15, 16, 17, 18, 19, 20, 21, 22, 23, 24, 25, 26, 27, 28, 29, 30, 31
Valid weekdays: Saturday, Sunday
When: 23:30:00
Current Time: 2007-01-05 23:30:00
Valid Interval: 23:00:00-02:00:00
Valid days of month: 1, 2, 3, 4, 5, 6, 7, 8, 9, 10, 11, 12, 13, 14, 15, 16, 17, 18, 19, 20, 21, 22, 23, 24, 25, 26, 27, 28, 29, 30, 31
Valid weekdays: Saturday, Sunday
When: 23:30:00
Current Time: 2007-01-06 23:00:00
Valid Interval: 23:00:00-02:00:00
Valid days of month: 1, 2, 3, 4, 5, 6, 7, 8, 9, 10, 11, 12, 13, 14, 15, 16, 17, 18, 19, 20, 21, 22, 23, 24, 25, 26, 27, 28, 29, 30, 31
Valid weekdays: Saturday, Sunday
When: 23:30:00
Current Time: 2007-01-06 02:00:00
Valid Interval: 23:00:00-02:00:00
Valid days of month: 1, 2, 3, 4, 5, 6, 7, 8, 9, 10, 11, 12, 13, 14, 15, 16, 17, 18, 19, 20, 21, 22, 23, 24, 25, 26, 27, 28, 29, 30, 31
Valid weekdays: Saturday, Sunday
When: 23:30:00
Current Time: 2007-01-07 23:40:00
Valid Interval: 23:00:00-02:00:00
Valid days of month: 1, 2, 3, 4, 5, 6, 7, 8, 9, 10, 11, 12, 13, 14, 15, 16, 17, 18, 19, 20, 21, 22, 23, 24, 25, 26, 27, 28, 29, 30, 31
Valid weekdays: Saturday, Sunday
When: 23:30:00
Current Time: 2007-01-07 01:00:00
Valid Interval: 13:00:00-16:00:00
Valid days of month: 1, 2, 3, 4, 5, 6, 7, 8, 9, 10, 11, 12, 13, 14, 15, 16, 17, 18, 19, 20, 21, 22, 23, 24, 25, 26, 27, 28, 29, 30, 31
Valid weekdays: Saturday, Sunday
When: 14:00:00
Current Time: 2007-01-06 14:30:00
Valid Interval: 13:00:00-16:00:00
Valid days of month: 1, 2, 3, 4, 5, 6, 7, 8, 9, 10, 11, 12, 13, 14, 15, 16, 17, 18, 19, 20, 21, 22, 23, 24, 25, 26, 27, 28, 29, 30, 31
Valid weekdays: Saturday, Sunday
When: 14:00:00
Current Time: 2007-01-07 15:00:00
Valid Interval: 23:00:00-02:00:00
Valid days of month: 1, 2, 3, 4, 5, 6, 7, 8, 9, 10, 11, 12, 13, 14, 15, 16, 17, 18, 19, 20, 21, 22, 23, 24, 25, 26, 27, 28, 29, 30, 31
Valid weekdays: Saturday, Sunday
When: 01:00:00
Current Time: 2007-01-06 01:30:00
Valid Interval: 23:00:00-02:00:00
Valid days of month: 1, 2, 3, 4, 5, 6, 7, 8, 9, 10, 11, 12, 13, 14, 15, 16, 17, 18, 19, 20, 21, 22, 23, 24, 25, 26, 27, 28, 29, 30, 31
Valid weekdays: Saturday, Sunday
When: 01:00:00
Current Time: 2007-01-07 01:30:00
Valid Interval: 23:00:00-02:00:00
Valid days of month: 1, 2, 3, 4, 5, 6, 7, 8, 9, 10, 11, 12, 13, 14, 15, 16, 17, 18, 19, 20, 21, 22, 23, 24, 25, 26, 27, 28, 29, 30, 31
Valid weekdays: Saturday, Sunday
When: 23:30:00
Current Time: 2007-01-06 23:02:00
Valid Interval: 23:00:00-02:00:00
Valid days of month: 1, 2, 3, 4, 5, 6, 7, 8, 9, 10, 11, 12, 13, 14, 15, 16, 17, 18, 19, 20, 21, 22, 23, 24, 25, 26, 27, 28, 29, 30, 31
Valid weekdays: Saturday, Sunday
When: 23:30:00
Current Time: 2007-01-06 01:10:00
Valid Interval: 23:00:00-02:00:00
Valid days of month: 1, 2, 3, 4, 5, 6, 7, 8, 9, 10, 11, 12, 13, 14, 15, 16, 17, 18, 19, 20, 21, 22, 23, 24, 25, 26, 27, 28, 29, 30, 31
Valid weekdays: Saturday, Sunday
When: 23:30:00
Current Time: 2007-01-07 01:00:40
Valid Interval: 23:00:00-02:00:00
Valid days of month: 2
Valid weekdays: Saturday, Sunday
When: 23:30:00
Current Time: 2007-01-01 12:00:00
Valid Interval: 23:00:00-02:00:00
Valid days of month: 1, 2
Valid weekdays: Saturday, Sunday
When: 23:30:00
Current Time: 2007-01-05 23:30:00
Valid Interval: 23:00:00-02:00:00
Valid days of month: 1, 2
Valid weekdays: Saturday, Sunday
When: 23:30:00
Current Time: 2007-01-06 23:00:00</StdOut>
      </Output>
    </UnitTestResult>
    <UnitTestResult executionId="8d05bced-bfc3-4ca5-b550-d04d20f3fda8" testId="e4d73f40-4d31-4b9f-a456-8aeadea23bc9" testName="GetNextTimeToTrigger_AbsoluteTimer_ReturnsCorrectTime (Data Row 81)" computerName="ICSWS068" duration="00:00:00.0036201" startTime="2016-08-04T07:57:22.9527886+02:00" endTime="2016-08-04T07:57:22.9562915+02:00" testType="13cdc9d9-ddb5-4fa4-a97d-d965ccfc6d4b" outcome="Passed" testListId="8c84fa94-04c1-424b-9868-57a2d4851a1d" relativeResultsDirectory="8d05bced-bfc3-4ca5-b550-d04d20f3fda8">
      <Output>
        <StdOut>TestContext Messages:
Valid Interval: 11:00:00-13:00:00
Valid days of month: 1, 2, 3, 4, 5, 6, 7, 8, 9, 10, 11, 12, 13, 14, 15, 16, 17, 18, 19, 20, 21, 22, 23, 24, 25, 26, 27, 28, 29, 30, 31
Valid weekdays: Monday, Tuesday, Wednesday, Thursday, Friday, Saturday, Sunday
When: 12:00:00
Current Time: 2011-01-01 00:00:00
Valid Interval: 11:00:00-13:00:00
Valid days of month: 1, 2, 3, 4, 5, 6, 7, 8, 9, 10, 11, 12, 13, 14, 15, 16, 17, 18, 19, 20, 21, 22, 23, 24, 25, 26, 27, 28, 29, 30, 31
Valid weekdays: Monday, Tuesday, Wednesday, Thursday, Friday, Saturday, Sunday
When: 12:00:00
Current Time: 2011-01-01 09:00:00
Valid Interval: 11:00:00-13:00:00
Valid days of month: 1, 2, 3, 4, 5, 6, 7, 8, 9, 10, 11, 12, 13, 14, 15, 16, 17, 18, 19, 20, 21, 22, 23, 24, 25, 26, 27, 28, 29, 30, 31
Valid weekdays: Monday, Tuesday, Wednesday, Thursday, Friday, Saturday, Sunday
When: 12:00:00
Current Time: 2011-01-01 11:00:00
Valid Interval: 11:00:00-13:00:00
Valid days of month: 1, 2, 3, 4, 5, 6, 7, 8, 9, 10, 11, 12, 13, 14, 15, 16, 17, 18, 19, 20, 21, 22, 23, 24, 25, 26, 27, 28, 29, 30, 31
Valid weekdays: Monday, Tuesday, Wednesday, Thursday, Friday, Saturday, Sunday
When: 12:00:00
Current Time: 2011-01-01 12:00:00
Valid Interval: 11:00:00-13:00:00
Valid days of month: 1, 2, 3, 4, 5, 6, 7, 8, 9, 10, 11, 12, 13, 14, 15, 16, 17, 18, 19, 20, 21, 22, 23, 24, 25, 26, 27, 28, 29, 30, 31
Valid weekdays: Monday, Tuesday, Wednesday, Thursday, Friday, Saturday, Sunday
When: 12:00:00
Current Time: 2011-01-01 12:30:00
Valid Interval: 11:00:00-13:00:00
Valid days of month: 1, 2, 3, 4, 5, 6, 7, 8, 9, 10, 11, 12, 13, 14, 15, 16, 17, 18, 19, 20, 21, 22, 23, 24, 25, 26, 27, 28, 29, 30, 31
Valid weekdays: Monday, Tuesday, Wednesday, Thursday, Friday, Saturday, Sunday
When: 12:00:00
Current Time: 2011-01-01 13:00:00
Valid Interval: 11:00:00-13:00:00
Valid days of month: 1, 2, 3, 4, 5, 6, 7, 8, 9, 10, 11, 12, 13, 14, 15, 16, 17, 18, 19, 20, 21, 22, 23, 24, 25, 26, 27, 28, 29, 30, 31
Valid weekdays: Monday, Tuesday, Wednesday, Thursday, Friday, Saturday, Sunday
When: 12:00:00
Current Time: 2011-01-02 00:00:00
Valid Interval: 11:00:00-13:00:00
Valid days of month: 1, 2, 3, 4, 5, 6, 7, 8, 9, 10, 11, 12, 13, 14, 15, 16, 17, 18, 19, 20, 21, 22, 23, 24, 25, 26, 27, 28, 29, 30, 31
Valid weekdays: Monday, Tuesday, Wednesday, Thursday, Friday, Saturday, Sunday
When: 12:00:00
Current Time: 2011-01-02 09:00:00
Valid Interval: 11:00:00-13:00:00
Valid days of month: 1, 2, 3, 4, 5, 6, 7, 8, 9, 10, 11, 12, 13, 14, 15, 16, 17, 18, 19, 20, 21, 22, 23, 24, 25, 26, 27, 28, 29, 30, 31
Valid weekdays: Monday, Tuesday, Wednesday, Thursday, Friday, Saturday, Sunday
When: 12:00:00
Current Time: 2011-01-02 12:00:00
Valid Interval: 11:00:00-13:00:00
Valid days of month: 1, 2, 3, 4, 5, 6, 7, 8, 9, 10, 11, 12, 13, 14, 15, 16, 17, 18, 19, 20, 21, 22, 23, 24, 25, 26, 27, 28, 29, 30, 31
Valid weekdays: Monday, Tuesday, Wednesday, Thursday, Friday, Saturday, Sunday
When: 12:00:00
Current Time: 2011-01-02 12:45:30
Valid Interval: 11:00:00-13:00:00
Valid days of month: 1, 2, 3, 4, 5, 6, 7, 8, 9, 10, 11, 12, 13, 14, 15, 16, 17, 18, 19, 20, 21, 22, 23, 24, 25, 26, 27, 28, 29, 30, 31
Valid weekdays: Monday, Tuesday, Wednesday, Thursday, Friday, Saturday, Sunday
When: 12:00:00
Current Time: 2011-01-02 13:00:00
Valid Interval: 11:00:00-13:00:00
Valid days of month: 1, 2, 3, 4, 5, 6, 7, 8, 9, 10, 11, 12, 13, 14, 15, 16, 17, 18, 19, 20, 21, 22, 23, 24, 25, 26, 27, 28, 29, 30, 31
Valid weekdays: Monday, Tuesday, Wednesday, Thursday, Friday, Saturday, Sunday
When: 12:00:00
Current Time: 2011-01-01 12:00:00
Valid Interval: 11:00:00-13:00:00
Valid days of month: 1, 2, 3, 4, 5, 6, 7, 8, 9, 10, 11, 12, 13, 14, 15, 16, 17, 18, 19, 20, 21, 22, 23, 24, 25, 26, 27, 28, 29, 30, 31
Valid weekdays: Monday, Tuesday, Wednesday, Thursday, Friday, Saturday, Sunday
When: 12:00:00
Current Time: 2011-01-01 12:30:00
Valid Interval: 11:00:00-13:00:00
Valid days of month: 1, 2, 3, 4, 5, 6, 7, 8, 9, 10, 11, 12, 13, 14, 15, 16, 17, 18, 19, 20, 21, 22, 23, 24, 25, 26, 27, 28, 29, 30, 31
Valid weekdays: Monday, Tuesday, Wednesday, Thursday, Friday, Saturday, Sunday
When: 12:00:00
Current Time: 2011-01-01 12:30:00
Valid Interval: 11:00:00-13:00:00
Valid days of month: 1, 2, 3, 4, 5, 6, 7, 8, 9, 10, 11, 12, 13, 14, 15, 16, 17, 18, 19, 20, 21, 22, 23, 24, 25, 26, 27, 28, 29, 30, 31
Valid weekdays: Monday, Tuesday, Wednesday, Thursday, Friday, Saturday, Sunday
When: 12:00:00
Current Time: 2011-01-01 13:00:00
Valid Interval: 11:00:00-13:00:00
Valid days of month: 1, 2, 3, 4, 5, 6, 7, 8, 9, 10, 11, 12, 13, 14, 15, 16, 17, 18, 19, 20, 21, 22, 23, 24, 25, 26, 27, 28, 29, 30, 31
Valid weekdays: Monday, Tuesday, Wednesday, Thursday, Friday, Saturday, Sunday
When: 12:00:00
Current Time: 2011-01-01 14:30:00
Valid Interval: 23:00:00-13:00:00
Valid days of month: 1, 2, 3, 4, 5, 6, 7, 8, 9, 10, 11, 12, 13, 14, 15, 16, 17, 18, 19, 20, 21, 22, 23, 24, 25, 26, 27, 28, 29, 30, 31
Valid weekdays: Monday, Tuesday, Wednesday, Thursday, Friday, Saturday, Sunday
When: 23:30:00
Current Time: 2011-01-01 16:00:00
Valid Interval: 23:00:00-13:00:00
Valid days of month: 1, 2, 3, 4, 5, 6, 7, 8, 9, 10, 11, 12, 13, 14, 15, 16, 17, 18, 19, 20, 21, 22, 23, 24, 25, 26, 27, 28, 29, 30, 31
Valid weekdays: Monday, Tuesday, Wednesday, Thursday, Friday, Saturday, Sunday
When: 23:30:00
Current Time: 2011-01-01 23:00:00
Valid Interval: 23:00:00-13:00:00
Valid days of month: 1, 2, 3, 4, 5, 6, 7, 8, 9, 10, 11, 12, 13, 14, 15, 16, 17, 18, 19, 20, 21, 22, 23, 24, 25, 26, 27, 28, 29, 30, 31
Valid weekdays: Monday, Tuesday, Wednesday, Thursday, Friday, Saturday, Sunday
When: 23:30:00
Current Time: 2011-01-01 23:30:00
Valid Interval: 23:00:00-13:00:00
Valid days of month: 1, 2, 3, 4, 5, 6, 7, 8, 9, 10, 11, 12, 13, 14, 15, 16, 17, 18, 19, 20, 21, 22, 23, 24, 25, 26, 27, 28, 29, 30, 31
Valid weekdays: Monday, Tuesday, Wednesday, Thursday, Friday, Saturday, Sunday
When: 23:30:00
Current Time: 2011-01-01 23:45:00
Valid Interval: 23:00:00-13:00:00
Valid days of month: 1, 2, 3, 4, 5, 6, 7, 8, 9, 10, 11, 12, 13, 14, 15, 16, 17, 18, 19, 20, 21, 22, 23, 24, 25, 26, 27, 28, 29, 30, 31
Valid weekdays: Monday, Tuesday, Wednesday, Thursday, Friday, Saturday, Sunday
When: 23:30:00
Current Time: 2011-01-02 00:30:00
Valid Interval: 23:00:00-13:00:00
Valid days of month: 1, 2, 3, 4, 5, 6, 7, 8, 9, 10, 11, 12, 13, 14, 15, 16, 17, 18, 19, 20, 21, 22, 23, 24, 25, 26, 27, 28, 29, 30, 31
Valid weekdays: Monday, Tuesday, Wednesday, Thursday, Friday, Saturday, Sunday
When: 23:30:00
Current Time: 2011-01-01 13:00:00
Valid Interval: 23:00:00-13:00:00
Valid days of month: 1, 2, 3, 4, 5, 6, 7, 8, 9, 10, 11, 12, 13, 14, 15, 16, 17, 18, 19, 20, 21, 22, 23, 24, 25, 26, 27, 28, 29, 30, 31
Valid weekdays: Monday, Tuesday, Wednesday, Thursday, Friday, Saturday, Sunday
When: 01:00:00
Current Time: 2011-01-01 16:00:00
Valid Interval: 23:00:00-13:00:00
Valid days of month: 1, 2, 3, 4, 5, 6, 7, 8, 9, 10, 11, 12, 13, 14, 15, 16, 17, 18, 19, 20, 21, 22, 23, 24, 25, 26, 27, 28, 29, 30, 31
Valid weekdays: Monday, Tuesday, Wednesday, Thursday, Friday, Saturday, Sunday
When: 01:00:00
Current Time: 2011-01-01 23:00:00
Valid Interval: 23:00:00-13:00:00
Valid days of month: 1, 2, 3, 4, 5, 6, 7, 8, 9, 10, 11, 12, 13, 14, 15, 16, 17, 18, 19, 20, 21, 22, 23, 24, 25, 26, 27, 28, 29, 30, 31
Valid weekdays: Monday, Tuesday, Wednesday, Thursday, Friday, Saturday, Sunday
When: 01:00:00
Current Time: 2011-01-01 23:30:00
Valid Interval: 23:00:00-13:00:00
Valid days of month: 1, 2, 3, 4, 5, 6, 7, 8, 9, 10, 11, 12, 13, 14, 15, 16, 17, 18, 19, 20, 21, 22, 23, 24, 25, 26, 27, 28, 29, 30, 31
Valid weekdays: Monday, Tuesday, Wednesday, Thursday, Friday, Saturday, Sunday
When: 01:00:00
Current Time: 2011-01-02 00:30:00
Valid Interval: 23:00:00-13:00:00
Valid days of month: 1, 2, 3, 4, 5, 6, 7, 8, 9, 10, 11, 12, 13, 14, 15, 16, 17, 18, 19, 20, 21, 22, 23, 24, 25, 26, 27, 28, 29, 30, 31
Valid weekdays: Monday, Tuesday, Wednesday, Thursday, Friday, Saturday, Sunday
When: 01:00:00
Current Time: 2011-01-01 02:00:00
Valid Interval: 23:00:00-13:00:00
Valid days of month: 1, 2, 3, 4, 5, 6, 7, 8, 9, 10, 11, 12, 13, 14, 15, 16, 17, 18, 19, 20, 21, 22, 23, 24, 25, 26, 27, 28, 29, 30, 31
Valid weekdays: Monday, Tuesday, Wednesday, Thursday, Friday, Saturday, Sunday
When: 01:00:00
Current Time: 2011-01-01 13:00:00
Valid Interval: 23:00:00-13:00:00
Valid days of month: 1, 2, 3, 4, 5, 6, 7, 8, 9, 10, 11, 12, 13, 14, 15, 16, 17, 18, 19, 20, 21, 22, 23, 24, 25, 26, 27, 28, 29, 30, 31
Valid weekdays: Monday, Tuesday, Wednesday, Thursday, Friday, Saturday, Sunday
When: 23:30:00
Current Time: 2011-01-01 16:00:00
Valid Interval: 23:00:00-13:00:00
Valid days of month: 1, 2, 3, 4, 5, 6, 7, 8, 9, 10, 11, 12, 13, 14, 15, 16, 17, 18, 19, 20, 21, 22, 23, 24, 25, 26, 27, 28, 29, 30, 31
Valid weekdays: Monday, Tuesday, Wednesday, Thursday, Friday, Saturday, Sunday
When: 23:30:00
Current Time: 2011-01-01 23:00:00
Valid Interval: 23:00:00-13:00:00
Valid days of month: 1, 2, 3, 4, 5, 6, 7, 8, 9, 10, 11, 12, 13, 14, 15, 16, 17, 18, 19, 20, 21, 22, 23, 24, 25, 26, 27, 28, 29, 30, 31
Valid weekdays: Monday, Tuesday, Wednesday, Thursday, Friday, Saturday, Sunday
When: 23:30:00
Current Time: 2011-01-01 23:30:00
Valid Interval: 23:00:00-13:00:00
Valid days of month: 1, 2, 3, 4, 5, 6, 7, 8, 9, 10, 11, 12, 13, 14, 15, 16, 17, 18, 19, 20, 21, 22, 23, 24, 25, 26, 27, 28, 29, 30, 31
Valid weekdays: Monday, Tuesday, Wednesday, Thursday, Friday, Saturday, Sunday
When: 23:30:00
Current Time: 2011-01-01 23:45:00
Valid Interval: 23:00:00-13:00:00
Valid days of month: 1, 2, 3, 4, 5, 6, 7, 8, 9, 10, 11, 12, 13, 14, 15, 16, 17, 18, 19, 20, 21, 22, 23, 24, 25, 26, 27, 28, 29, 30, 31
Valid weekdays: Monday, Tuesday, Wednesday, Thursday, Friday, Saturday, Sunday
When: 23:30:00
Current Time: 2011-01-02 00:30:00
Valid Interval: 23:00:00-13:00:00
Valid days of month: 1, 2, 3, 4, 5, 6, 7, 8, 9, 10, 11, 12, 13, 14, 15, 16, 17, 18, 19, 20, 21, 22, 23, 24, 25, 26, 27, 28, 29, 30, 31
Valid weekdays: Monday, Tuesday, Wednesday, Thursday, Friday, Saturday, Sunday
When: 23:30:00
Current Time: 2011-01-01 13:00:00
Valid Interval: 23:00:00-13:00:00
Valid days of month: 1, 2, 3, 4, 5, 6, 7, 8, 9, 10, 11, 12, 13, 14, 15, 16, 17, 18, 19, 20, 21, 22, 23, 24, 25, 26, 27, 28, 29, 30, 31
Valid weekdays: Monday, Tuesday, Wednesday, Thursday, Friday, Saturday, Sunday
When: 01:00:00
Current Time: 2011-01-01 16:00:00
Valid Interval: 23:00:00-13:00:00
Valid days of month: 1, 2, 3, 4, 5, 6, 7, 8, 9, 10, 11, 12, 13, 14, 15, 16, 17, 18, 19, 20, 21, 22, 23, 24, 25, 26, 27, 28, 29, 30, 31
Valid weekdays: Monday, Tuesday, Wednesday, Thursday, Friday, Saturday, Sunday
When: 01:00:00
Current Time: 2011-01-01 23:00:00
Valid Interval: 23:00:00-13:00:00
Valid days of month: 1, 2, 3, 4, 5, 6, 7, 8, 9, 10, 11, 12, 13, 14, 15, 16, 17, 18, 19, 20, 21, 22, 23, 24, 25, 26, 27, 28, 29, 30, 31
Valid weekdays: Monday, Tuesday, Wednesday, Thursday, Friday, Saturday, Sunday
When: 01:00:00
Current Time: 2011-01-01 23:30:00
Valid Interval: 23:00:00-13:00:00
Valid days of month: 1, 2, 3, 4, 5, 6, 7, 8, 9, 10, 11, 12, 13, 14, 15, 16, 17, 18, 19, 20, 21, 22, 23, 24, 25, 26, 27, 28, 29, 30, 31
Valid weekdays: Monday, Tuesday, Wednesday, Thursday, Friday, Saturday, Sunday
When: 01:00:00
Current Time: 2011-01-02 00:30:00
Valid Interval: 23:00:00-13:00:00
Valid days of month: 1, 2, 3, 4, 5, 6, 7, 8, 9, 10, 11, 12, 13, 14, 15, 16, 17, 18, 19, 20, 21, 22, 23, 24, 25, 26, 27, 28, 29, 30, 31
Valid weekdays: Monday, Tuesday, Wednesday, Thursday, Friday, Saturday, Sunday
When: 01:00:00
Current Time: 2011-01-02 02:00:00
Valid Interval: 23:00:00-13:00:00
Valid days of month: 1, 2, 3, 4, 5, 6, 7, 8, 9, 10, 11, 12, 13, 14, 15, 16, 17, 18, 19, 20, 21, 22, 23, 24, 25, 26, 27, 28, 29, 30, 31
Valid weekdays: Monday, Tuesday, Wednesday, Thursday, Friday, Saturday, Sunday
When: 01:00:00
Current Time: 2011-01-02 13:00:00
Valid Interval: 23:00:00-13:00:00
Valid days of month: 1, 2, 3, 4, 5, 6, 7, 8, 9, 10, 11, 12, 13, 14, 15, 16, 17, 18, 19, 20, 21, 22, 23, 24, 25, 26, 27, 28, 29, 30, 31
Valid weekdays: Monday, Tuesday, Wednesday, Thursday, Friday, Saturday, Sunday
When: 23:30:00
Current Time: 2011-01-01 23:30:05
Valid Interval: 23:00:00-13:00:00
Valid days of month: 1, 2, 3, 4, 5, 6, 7, 8, 9, 10, 11, 12, 13, 14, 15, 16, 17, 18, 19, 20, 21, 22, 23, 24, 25, 26, 27, 28, 29, 30, 31
Valid weekdays: Monday, Tuesday, Wednesday, Thursday, Friday, Saturday, Sunday
When: 23:30:00
Current Time: 2011-01-02 00:30:00
Valid Interval: 23:00:00-13:00:00
Valid days of month: 1, 2, 3, 4, 5, 6, 7, 8, 9, 10, 11, 12, 13, 14, 15, 16, 17, 18, 19, 20, 21, 22, 23, 24, 25, 26, 27, 28, 29, 30, 31
Valid weekdays: Monday, Tuesday, Wednesday, Thursday, Friday, Saturday, Sunday
When: 23:30:00
Current Time: 2011-01-02 13:00:00
Valid Interval: 23:00:00-13:00:00
Valid days of month: 1, 2, 3, 4, 5, 6, 7, 8, 9, 10, 11, 12, 13, 14, 15, 16, 17, 18, 19, 20, 21, 22, 23, 24, 25, 26, 27, 28, 29, 30, 31
Valid weekdays: Monday, Tuesday, Wednesday, Thursday, Friday, Saturday, Sunday
When: 01:00:00
Current Time: 2011-01-01 02:00:00
Valid Interval: 23:00:00-13:00:00
Valid days of month: 1, 2, 3, 4, 5, 6, 7, 8, 9, 10, 11, 12, 13, 14, 15, 16, 17, 18, 19, 20, 21, 22, 23, 24, 25, 26, 27, 28, 29, 30, 31
Valid weekdays: Monday, Tuesday, Wednesday, Thursday, Friday, Saturday, Sunday
When: 01:00:00
Current Time: 2011-01-02 02:00:00
Valid Interval: 13:00:00-16:00:00
Valid days of month: 1, 2, 3, 4, 5, 6, 7, 8, 9, 10, 11, 12, 13, 14, 15, 16, 17, 18, 19, 20, 21, 22, 23, 24, 25, 26, 27, 28, 29, 30, 31
Valid weekdays: Saturday, Sunday
When: 14:00:00
Current Time: 2007-01-01 12:00:00
Valid Interval: 13:00:00-16:00:00
Valid days of month: 1, 2, 3, 4, 5, 6, 7, 8, 9, 10, 11, 12, 13, 14, 15, 16, 17, 18, 19, 20, 21, 22, 23, 24, 25, 26, 27, 28, 29, 30, 31
Valid weekdays: Saturday, Sunday
When: 14:00:00
Current Time: 2007-01-02 13:30:00
Valid Interval: 13:00:00-16:00:00
Valid days of month: 1, 2, 3, 4, 5, 6, 7, 8, 9, 10, 11, 12, 13, 14, 15, 16, 17, 18, 19, 20, 21, 22, 23, 24, 25, 26, 27, 28, 29, 30, 31
Valid weekdays: Saturday, Sunday
When: 14:00:00
Current Time: 2007-01-06 13:30:00
Valid Interval: 13:00:00-16:00:00
Valid days of month: 1, 2, 3, 4, 5, 6, 7, 8, 9, 10, 11, 12, 13, 14, 15, 16, 17, 18, 19, 20, 21, 22, 23, 24, 25, 26, 27, 28, 29, 30, 31
Valid weekdays: Saturday, Sunday
When: 14:00:00
Current Time: 2007-01-06 14:30:00
Valid Interval: 13:00:00-16:00:00
Valid days of month: 1, 2, 3, 4, 5, 6, 7, 8, 9, 10, 11, 12, 13, 14, 15, 16, 17, 18, 19, 20, 21, 22, 23, 24, 25, 26, 27, 28, 29, 30, 31
Valid weekdays: Saturday, Sunday
When: 14:00:00
Current Time: 2007-01-06 16:30:00
Valid Interval: 13:00:00-16:00:00
Valid days of month: 1, 2, 3, 4, 5, 6, 7, 8, 9, 10, 11, 12, 13, 14, 15, 16, 17, 18, 19, 20, 21, 22, 23, 24, 25, 26, 27, 28, 29, 30, 31
Valid weekdays: Saturday, Sunday
When: 14:00:00
Current Time: 2007-01-07 16:00:00
Valid Interval: 23:00:00-02:00:00
Valid days of month: 1, 2, 3, 4, 5, 6, 7, 8, 9, 10, 11, 12, 13, 14, 15, 16, 17, 18, 19, 20, 21, 22, 23, 24, 25, 26, 27, 28, 29, 30, 31
Valid weekdays: Saturday, Sunday
When: 01:00:00
Current Time: 2007-01-01 12:00:00
Valid Interval: 23:00:00-02:00:00
Valid days of month: 1, 2, 3, 4, 5, 6, 7, 8, 9, 10, 11, 12, 13, 14, 15, 16, 17, 18, 19, 20, 21, 22, 23, 24, 25, 26, 27, 28, 29, 30, 31
Valid weekdays: Saturday, Sunday
When: 01:00:00
Current Time: 2007-01-02 01:00:00
Valid Interval: 23:00:00-02:00:00
Valid days of month: 1, 2, 3, 4, 5, 6, 7, 8, 9, 10, 11, 12, 13, 14, 15, 16, 17, 18, 19, 20, 21, 22, 23, 24, 25, 26, 27, 28, 29, 30, 31
Valid weekdays: Saturday, Sunday
When: 01:00:00
Current Time: 2007-01-06 00:30:00
Valid Interval: 23:00:00-02:00:00
Valid days of month: 1, 2, 3, 4, 5, 6, 7, 8, 9, 10, 11, 12, 13, 14, 15, 16, 17, 18, 19, 20, 21, 22, 23, 24, 25, 26, 27, 28, 29, 30, 31
Valid weekdays: Saturday, Sunday
When: 01:00:00
Current Time: 2007-01-06 01:30:00
Valid Interval: 23:00:00-02:00:00
Valid days of month: 1, 2, 3, 4, 5, 6, 7, 8, 9, 10, 11, 12, 13, 14, 15, 16, 17, 18, 19, 20, 21, 22, 23, 24, 25, 26, 27, 28, 29, 30, 31
Valid weekdays: Saturday, Sunday
When: 01:00:00
Current Time: 2007-01-06 02:30:00
Valid Interval: 23:00:00-02:00:00
Valid days of month: 1, 2, 3, 4, 5, 6, 7, 8, 9, 10, 11, 12, 13, 14, 15, 16, 17, 18, 19, 20, 21, 22, 23, 24, 25, 26, 27, 28, 29, 30, 31
Valid weekdays: Saturday, Sunday
When: 01:00:00
Current Time: 2007-01-07 02:00:00
Valid Interval: 23:00:00-02:00:00
Valid days of month: 1, 2, 3, 4, 5, 6, 7, 8, 9, 10, 11, 12, 13, 14, 15, 16, 17, 18, 19, 20, 21, 22, 23, 24, 25, 26, 27, 28, 29, 30, 31
Valid weekdays: Saturday, Sunday
When: 23:30:00
Current Time: 2007-01-01 12:00:00
Valid Interval: 23:00:00-02:00:00
Valid days of month: 1, 2, 3, 4, 5, 6, 7, 8, 9, 10, 11, 12, 13, 14, 15, 16, 17, 18, 19, 20, 21, 22, 23, 24, 25, 26, 27, 28, 29, 30, 31
Valid weekdays: Saturday, Sunday
When: 23:30:00
Current Time: 2007-01-05 23:30:00
Valid Interval: 23:00:00-02:00:00
Valid days of month: 1, 2, 3, 4, 5, 6, 7, 8, 9, 10, 11, 12, 13, 14, 15, 16, 17, 18, 19, 20, 21, 22, 23, 24, 25, 26, 27, 28, 29, 30, 31
Valid weekdays: Saturday, Sunday
When: 23:30:00
Current Time: 2007-01-06 23:00:00
Valid Interval: 23:00:00-02:00:00
Valid days of month: 1, 2, 3, 4, 5, 6, 7, 8, 9, 10, 11, 12, 13, 14, 15, 16, 17, 18, 19, 20, 21, 22, 23, 24, 25, 26, 27, 28, 29, 30, 31
Valid weekdays: Saturday, Sunday
When: 23:30:00
Current Time: 2007-01-06 02:00:00
Valid Interval: 23:00:00-02:00:00
Valid days of month: 1, 2, 3, 4, 5, 6, 7, 8, 9, 10, 11, 12, 13, 14, 15, 16, 17, 18, 19, 20, 21, 22, 23, 24, 25, 26, 27, 28, 29, 30, 31
Valid weekdays: Saturday, Sunday
When: 23:30:00
Current Time: 2007-01-07 23:40:00
Valid Interval: 23:00:00-02:00:00
Valid days of month: 1, 2, 3, 4, 5, 6, 7, 8, 9, 10, 11, 12, 13, 14, 15, 16, 17, 18, 19, 20, 21, 22, 23, 24, 25, 26, 27, 28, 29, 30, 31
Valid weekdays: Saturday, Sunday
When: 23:30:00
Current Time: 2007-01-07 01:00:00
Valid Interval: 13:00:00-16:00:00
Valid days of month: 1, 2, 3, 4, 5, 6, 7, 8, 9, 10, 11, 12, 13, 14, 15, 16, 17, 18, 19, 20, 21, 22, 23, 24, 25, 26, 27, 28, 29, 30, 31
Valid weekdays: Saturday, Sunday
When: 14:00:00
Current Time: 2007-01-01 12:00:00
Valid Interval: 13:00:00-16:00:00
Valid days of month: 1, 2, 3, 4, 5, 6, 7, 8, 9, 10, 11, 12, 13, 14, 15, 16, 17, 18, 19, 20, 21, 22, 23, 24, 25, 26, 27, 28, 29, 30, 31
Valid weekdays: Saturday, Sunday
When: 14:00:00
Current Time: 2007-01-02 13:30:00
Valid Interval: 13:00:00-16:00:00
Valid days of month: 1, 2, 3, 4, 5, 6, 7, 8, 9, 10, 11, 12, 13, 14, 15, 16, 17, 18, 19, 20, 21, 22, 23, 24, 25, 26, 27, 28, 29, 30, 31
Valid weekdays: Saturday, Sunday
When: 14:00:00
Current Time: 2007-01-06 13:30:00
Valid Interval: 13:00:00-16:00:00
Valid days of month: 1, 2, 3, 4, 5, 6, 7, 8, 9, 10, 11, 12, 13, 14, 15, 16, 17, 18, 19, 20, 21, 22, 23, 24, 25, 26, 27, 28, 29, 30, 31
Valid weekdays: Saturday, Sunday
When: 14:00:00
Current Time: 2007-01-06 14:30:00
Valid Interval: 13:00:00-16:00:00
Valid days of month: 1, 2, 3, 4, 5, 6, 7, 8, 9, 10, 11, 12, 13, 14, 15, 16, 17, 18, 19, 20, 21, 22, 23, 24, 25, 26, 27, 28, 29, 30, 31
Valid weekdays: Saturday, Sunday
When: 14:00:00
Current Time: 2007-01-06 16:30:00
Valid Interval: 13:00:00-16:00:00
Valid days of month: 1, 2, 3, 4, 5, 6, 7, 8, 9, 10, 11, 12, 13, 14, 15, 16, 17, 18, 19, 20, 21, 22, 23, 24, 25, 26, 27, 28, 29, 30, 31
Valid weekdays: Saturday, Sunday
When: 14:00:00
Current Time: 2007-01-07 16:00:00
Valid Interval: 23:00:00-02:00:00
Valid days of month: 1, 2, 3, 4, 5, 6, 7, 8, 9, 10, 11, 12, 13, 14, 15, 16, 17, 18, 19, 20, 21, 22, 23, 24, 25, 26, 27, 28, 29, 30, 31
Valid weekdays: Saturday, Sunday
When: 01:00:00
Current Time: 2007-01-01 12:00:00
Valid Interval: 23:00:00-02:00:00
Valid days of month: 1, 2, 3, 4, 5, 6, 7, 8, 9, 10, 11, 12, 13, 14, 15, 16, 17, 18, 19, 20, 21, 22, 23, 24, 25, 26, 27, 28, 29, 30, 31
Valid weekdays: Saturday, Sunday
When: 01:00:00
Current Time: 2007-01-02 01:00:00
Valid Interval: 23:00:00-02:00:00
Valid days of month: 1, 2, 3, 4, 5, 6, 7, 8, 9, 10, 11, 12, 13, 14, 15, 16, 17, 18, 19, 20, 21, 22, 23, 24, 25, 26, 27, 28, 29, 30, 31
Valid weekdays: Saturday, Sunday
When: 01:00:00
Current Time: 2007-01-06 00:30:00
Valid Interval: 23:00:00-02:00:00
Valid days of month: 1, 2, 3, 4, 5, 6, 7, 8, 9, 10, 11, 12, 13, 14, 15, 16, 17, 18, 19, 20, 21, 22, 23, 24, 25, 26, 27, 28, 29, 30, 31
Valid weekdays: Saturday, Sunday
When: 01:00:00
Current Time: 2007-01-06 02:30:00
Valid Interval: 23:00:00-02:00:00
Valid days of month: 1, 2, 3, 4, 5, 6, 7, 8, 9, 10, 11, 12, 13, 14, 15, 16, 17, 18, 19, 20, 21, 22, 23, 24, 25, 26, 27, 28, 29, 30, 31
Valid weekdays: Saturday, Sunday
When: 23:30:00
Current Time: 2007-01-01 12:00:00
Valid Interval: 23:00:00-02:00:00
Valid days of month: 1, 2, 3, 4, 5, 6, 7, 8, 9, 10, 11, 12, 13, 14, 15, 16, 17, 18, 19, 20, 21, 22, 23, 24, 25, 26, 27, 28, 29, 30, 31
Valid weekdays: Saturday, Sunday
When: 23:30:00
Current Time: 2007-01-05 23:30:00
Valid Interval: 23:00:00-02:00:00
Valid days of month: 1, 2, 3, 4, 5, 6, 7, 8, 9, 10, 11, 12, 13, 14, 15, 16, 17, 18, 19, 20, 21, 22, 23, 24, 25, 26, 27, 28, 29, 30, 31
Valid weekdays: Saturday, Sunday
When: 23:30:00
Current Time: 2007-01-06 23:00:00
Valid Interval: 23:00:00-02:00:00
Valid days of month: 1, 2, 3, 4, 5, 6, 7, 8, 9, 10, 11, 12, 13, 14, 15, 16, 17, 18, 19, 20, 21, 22, 23, 24, 25, 26, 27, 28, 29, 30, 31
Valid weekdays: Saturday, Sunday
When: 23:30:00
Current Time: 2007-01-06 02:00:00
Valid Interval: 23:00:00-02:00:00
Valid days of month: 1, 2, 3, 4, 5, 6, 7, 8, 9, 10, 11, 12, 13, 14, 15, 16, 17, 18, 19, 20, 21, 22, 23, 24, 25, 26, 27, 28, 29, 30, 31
Valid weekdays: Saturday, Sunday
When: 23:30:00
Current Time: 2007-01-07 23:40:00
Valid Interval: 23:00:00-02:00:00
Valid days of month: 1, 2, 3, 4, 5, 6, 7, 8, 9, 10, 11, 12, 13, 14, 15, 16, 17, 18, 19, 20, 21, 22, 23, 24, 25, 26, 27, 28, 29, 30, 31
Valid weekdays: Saturday, Sunday
When: 23:30:00
Current Time: 2007-01-07 01:00:00
Valid Interval: 13:00:00-16:00:00
Valid days of month: 1, 2, 3, 4, 5, 6, 7, 8, 9, 10, 11, 12, 13, 14, 15, 16, 17, 18, 19, 20, 21, 22, 23, 24, 25, 26, 27, 28, 29, 30, 31
Valid weekdays: Saturday, Sunday
When: 14:00:00
Current Time: 2007-01-06 14:30:00
Valid Interval: 13:00:00-16:00:00
Valid days of month: 1, 2, 3, 4, 5, 6, 7, 8, 9, 10, 11, 12, 13, 14, 15, 16, 17, 18, 19, 20, 21, 22, 23, 24, 25, 26, 27, 28, 29, 30, 31
Valid weekdays: Saturday, Sunday
When: 14:00:00
Current Time: 2007-01-07 15:00:00
Valid Interval: 23:00:00-02:00:00
Valid days of month: 1, 2, 3, 4, 5, 6, 7, 8, 9, 10, 11, 12, 13, 14, 15, 16, 17, 18, 19, 20, 21, 22, 23, 24, 25, 26, 27, 28, 29, 30, 31
Valid weekdays: Saturday, Sunday
When: 01:00:00
Current Time: 2007-01-06 01:30:00
Valid Interval: 23:00:00-02:00:00
Valid days of month: 1, 2, 3, 4, 5, 6, 7, 8, 9, 10, 11, 12, 13, 14, 15, 16, 17, 18, 19, 20, 21, 22, 23, 24, 25, 26, 27, 28, 29, 30, 31
Valid weekdays: Saturday, Sunday
When: 01:00:00
Current Time: 2007-01-07 01:30:00
Valid Interval: 23:00:00-02:00:00
Valid days of month: 1, 2, 3, 4, 5, 6, 7, 8, 9, 10, 11, 12, 13, 14, 15, 16, 17, 18, 19, 20, 21, 22, 23, 24, 25, 26, 27, 28, 29, 30, 31
Valid weekdays: Saturday, Sunday
When: 23:30:00
Current Time: 2007-01-06 23:02:00
Valid Interval: 23:00:00-02:00:00
Valid days of month: 1, 2, 3, 4, 5, 6, 7, 8, 9, 10, 11, 12, 13, 14, 15, 16, 17, 18, 19, 20, 21, 22, 23, 24, 25, 26, 27, 28, 29, 30, 31
Valid weekdays: Saturday, Sunday
When: 23:30:00
Current Time: 2007-01-06 01:10:00
Valid Interval: 23:00:00-02:00:00
Valid days of month: 1, 2, 3, 4, 5, 6, 7, 8, 9, 10, 11, 12, 13, 14, 15, 16, 17, 18, 19, 20, 21, 22, 23, 24, 25, 26, 27, 28, 29, 30, 31
Valid weekdays: Saturday, Sunday
When: 23:30:00
Current Time: 2007-01-07 01:00:40
Valid Interval: 23:00:00-02:00:00
Valid days of month: 2
Valid weekdays: Saturday, Sunday
When: 23:30:00
Current Time: 2007-01-01 12:00:00
Valid Interval: 23:00:00-02:00:00
Valid days of month: 1, 2
Valid weekdays: Saturday, Sunday
When: 23:30:00
Current Time: 2007-01-05 23:30:00
Valid Interval: 23:00:00-02:00:00
Valid days of month: 1, 2
Valid weekdays: Saturday, Sunday
When: 23:30:00
Current Time: 2007-01-06 23:00:00</StdOut>
      </Output>
    </UnitTestResult>
    <UnitTestResult executionId="6bc4b14e-18e4-4522-83b2-6a273b55d97b" testId="7c51ab4f-db98-4a99-9393-31963968a0cf" testName="GetNextTimeToTrigger_AbsoluteTimer_ReturnsCorrectTime (Data Row 82)" computerName="ICSWS068" duration="00:00:00.0034914" startTime="2016-08-04T07:57:22.9562915+02:00" endTime="2016-08-04T07:57:22.9597938+02:00" testType="13cdc9d9-ddb5-4fa4-a97d-d965ccfc6d4b" outcome="Passed" testListId="8c84fa94-04c1-424b-9868-57a2d4851a1d" relativeResultsDirectory="6bc4b14e-18e4-4522-83b2-6a273b55d97b">
      <Output>
        <StdOut>TestContext Messages:
Valid Interval: 11:00:00-13:00:00
Valid days of month: 1, 2, 3, 4, 5, 6, 7, 8, 9, 10, 11, 12, 13, 14, 15, 16, 17, 18, 19, 20, 21, 22, 23, 24, 25, 26, 27, 28, 29, 30, 31
Valid weekdays: Monday, Tuesday, Wednesday, Thursday, Friday, Saturday, Sunday
When: 12:00:00
Current Time: 2011-01-01 00:00:00
Valid Interval: 11:00:00-13:00:00
Valid days of month: 1, 2, 3, 4, 5, 6, 7, 8, 9, 10, 11, 12, 13, 14, 15, 16, 17, 18, 19, 20, 21, 22, 23, 24, 25, 26, 27, 28, 29, 30, 31
Valid weekdays: Monday, Tuesday, Wednesday, Thursday, Friday, Saturday, Sunday
When: 12:00:00
Current Time: 2011-01-01 09:00:00
Valid Interval: 11:00:00-13:00:00
Valid days of month: 1, 2, 3, 4, 5, 6, 7, 8, 9, 10, 11, 12, 13, 14, 15, 16, 17, 18, 19, 20, 21, 22, 23, 24, 25, 26, 27, 28, 29, 30, 31
Valid weekdays: Monday, Tuesday, Wednesday, Thursday, Friday, Saturday, Sunday
When: 12:00:00
Current Time: 2011-01-01 11:00:00
Valid Interval: 11:00:00-13:00:00
Valid days of month: 1, 2, 3, 4, 5, 6, 7, 8, 9, 10, 11, 12, 13, 14, 15, 16, 17, 18, 19, 20, 21, 22, 23, 24, 25, 26, 27, 28, 29, 30, 31
Valid weekdays: Monday, Tuesday, Wednesday, Thursday, Friday, Saturday, Sunday
When: 12:00:00
Current Time: 2011-01-01 12:00:00
Valid Interval: 11:00:00-13:00:00
Valid days of month: 1, 2, 3, 4, 5, 6, 7, 8, 9, 10, 11, 12, 13, 14, 15, 16, 17, 18, 19, 20, 21, 22, 23, 24, 25, 26, 27, 28, 29, 30, 31
Valid weekdays: Monday, Tuesday, Wednesday, Thursday, Friday, Saturday, Sunday
When: 12:00:00
Current Time: 2011-01-01 12:30:00
Valid Interval: 11:00:00-13:00:00
Valid days of month: 1, 2, 3, 4, 5, 6, 7, 8, 9, 10, 11, 12, 13, 14, 15, 16, 17, 18, 19, 20, 21, 22, 23, 24, 25, 26, 27, 28, 29, 30, 31
Valid weekdays: Monday, Tuesday, Wednesday, Thursday, Friday, Saturday, Sunday
When: 12:00:00
Current Time: 2011-01-01 13:00:00
Valid Interval: 11:00:00-13:00:00
Valid days of month: 1, 2, 3, 4, 5, 6, 7, 8, 9, 10, 11, 12, 13, 14, 15, 16, 17, 18, 19, 20, 21, 22, 23, 24, 25, 26, 27, 28, 29, 30, 31
Valid weekdays: Monday, Tuesday, Wednesday, Thursday, Friday, Saturday, Sunday
When: 12:00:00
Current Time: 2011-01-02 00:00:00
Valid Interval: 11:00:00-13:00:00
Valid days of month: 1, 2, 3, 4, 5, 6, 7, 8, 9, 10, 11, 12, 13, 14, 15, 16, 17, 18, 19, 20, 21, 22, 23, 24, 25, 26, 27, 28, 29, 30, 31
Valid weekdays: Monday, Tuesday, Wednesday, Thursday, Friday, Saturday, Sunday
When: 12:00:00
Current Time: 2011-01-02 09:00:00
Valid Interval: 11:00:00-13:00:00
Valid days of month: 1, 2, 3, 4, 5, 6, 7, 8, 9, 10, 11, 12, 13, 14, 15, 16, 17, 18, 19, 20, 21, 22, 23, 24, 25, 26, 27, 28, 29, 30, 31
Valid weekdays: Monday, Tuesday, Wednesday, Thursday, Friday, Saturday, Sunday
When: 12:00:00
Current Time: 2011-01-02 12:00:00
Valid Interval: 11:00:00-13:00:00
Valid days of month: 1, 2, 3, 4, 5, 6, 7, 8, 9, 10, 11, 12, 13, 14, 15, 16, 17, 18, 19, 20, 21, 22, 23, 24, 25, 26, 27, 28, 29, 30, 31
Valid weekdays: Monday, Tuesday, Wednesday, Thursday, Friday, Saturday, Sunday
When: 12:00:00
Current Time: 2011-01-02 12:45:30
Valid Interval: 11:00:00-13:00:00
Valid days of month: 1, 2, 3, 4, 5, 6, 7, 8, 9, 10, 11, 12, 13, 14, 15, 16, 17, 18, 19, 20, 21, 22, 23, 24, 25, 26, 27, 28, 29, 30, 31
Valid weekdays: Monday, Tuesday, Wednesday, Thursday, Friday, Saturday, Sunday
When: 12:00:00
Current Time: 2011-01-02 13:00:00
Valid Interval: 11:00:00-13:00:00
Valid days of month: 1, 2, 3, 4, 5, 6, 7, 8, 9, 10, 11, 12, 13, 14, 15, 16, 17, 18, 19, 20, 21, 22, 23, 24, 25, 26, 27, 28, 29, 30, 31
Valid weekdays: Monday, Tuesday, Wednesday, Thursday, Friday, Saturday, Sunday
When: 12:00:00
Current Time: 2011-01-01 12:00:00
Valid Interval: 11:00:00-13:00:00
Valid days of month: 1, 2, 3, 4, 5, 6, 7, 8, 9, 10, 11, 12, 13, 14, 15, 16, 17, 18, 19, 20, 21, 22, 23, 24, 25, 26, 27, 28, 29, 30, 31
Valid weekdays: Monday, Tuesday, Wednesday, Thursday, Friday, Saturday, Sunday
When: 12:00:00
Current Time: 2011-01-01 12:30:00
Valid Interval: 11:00:00-13:00:00
Valid days of month: 1, 2, 3, 4, 5, 6, 7, 8, 9, 10, 11, 12, 13, 14, 15, 16, 17, 18, 19, 20, 21, 22, 23, 24, 25, 26, 27, 28, 29, 30, 31
Valid weekdays: Monday, Tuesday, Wednesday, Thursday, Friday, Saturday, Sunday
When: 12:00:00
Current Time: 2011-01-01 12:30:00
Valid Interval: 11:00:00-13:00:00
Valid days of month: 1, 2, 3, 4, 5, 6, 7, 8, 9, 10, 11, 12, 13, 14, 15, 16, 17, 18, 19, 20, 21, 22, 23, 24, 25, 26, 27, 28, 29, 30, 31
Valid weekdays: Monday, Tuesday, Wednesday, Thursday, Friday, Saturday, Sunday
When: 12:00:00
Current Time: 2011-01-01 13:00:00
Valid Interval: 11:00:00-13:00:00
Valid days of month: 1, 2, 3, 4, 5, 6, 7, 8, 9, 10, 11, 12, 13, 14, 15, 16, 17, 18, 19, 20, 21, 22, 23, 24, 25, 26, 27, 28, 29, 30, 31
Valid weekdays: Monday, Tuesday, Wednesday, Thursday, Friday, Saturday, Sunday
When: 12:00:00
Current Time: 2011-01-01 14:30:00
Valid Interval: 23:00:00-13:00:00
Valid days of month: 1, 2, 3, 4, 5, 6, 7, 8, 9, 10, 11, 12, 13, 14, 15, 16, 17, 18, 19, 20, 21, 22, 23, 24, 25, 26, 27, 28, 29, 30, 31
Valid weekdays: Monday, Tuesday, Wednesday, Thursday, Friday, Saturday, Sunday
When: 23:30:00
Current Time: 2011-01-01 16:00:00
Valid Interval: 23:00:00-13:00:00
Valid days of month: 1, 2, 3, 4, 5, 6, 7, 8, 9, 10, 11, 12, 13, 14, 15, 16, 17, 18, 19, 20, 21, 22, 23, 24, 25, 26, 27, 28, 29, 30, 31
Valid weekdays: Monday, Tuesday, Wednesday, Thursday, Friday, Saturday, Sunday
When: 23:30:00
Current Time: 2011-01-01 23:00:00
Valid Interval: 23:00:00-13:00:00
Valid days of month: 1, 2, 3, 4, 5, 6, 7, 8, 9, 10, 11, 12, 13, 14, 15, 16, 17, 18, 19, 20, 21, 22, 23, 24, 25, 26, 27, 28, 29, 30, 31
Valid weekdays: Monday, Tuesday, Wednesday, Thursday, Friday, Saturday, Sunday
When: 23:30:00
Current Time: 2011-01-01 23:30:00
Valid Interval: 23:00:00-13:00:00
Valid days of month: 1, 2, 3, 4, 5, 6, 7, 8, 9, 10, 11, 12, 13, 14, 15, 16, 17, 18, 19, 20, 21, 22, 23, 24, 25, 26, 27, 28, 29, 30, 31
Valid weekdays: Monday, Tuesday, Wednesday, Thursday, Friday, Saturday, Sunday
When: 23:30:00
Current Time: 2011-01-01 23:45:00
Valid Interval: 23:00:00-13:00:00
Valid days of month: 1, 2, 3, 4, 5, 6, 7, 8, 9, 10, 11, 12, 13, 14, 15, 16, 17, 18, 19, 20, 21, 22, 23, 24, 25, 26, 27, 28, 29, 30, 31
Valid weekdays: Monday, Tuesday, Wednesday, Thursday, Friday, Saturday, Sunday
When: 23:30:00
Current Time: 2011-01-02 00:30:00
Valid Interval: 23:00:00-13:00:00
Valid days of month: 1, 2, 3, 4, 5, 6, 7, 8, 9, 10, 11, 12, 13, 14, 15, 16, 17, 18, 19, 20, 21, 22, 23, 24, 25, 26, 27, 28, 29, 30, 31
Valid weekdays: Monday, Tuesday, Wednesday, Thursday, Friday, Saturday, Sunday
When: 23:30:00
Current Time: 2011-01-01 13:00:00
Valid Interval: 23:00:00-13:00:00
Valid days of month: 1, 2, 3, 4, 5, 6, 7, 8, 9, 10, 11, 12, 13, 14, 15, 16, 17, 18, 19, 20, 21, 22, 23, 24, 25, 26, 27, 28, 29, 30, 31
Valid weekdays: Monday, Tuesday, Wednesday, Thursday, Friday, Saturday, Sunday
When: 01:00:00
Current Time: 2011-01-01 16:00:00
Valid Interval: 23:00:00-13:00:00
Valid days of month: 1, 2, 3, 4, 5, 6, 7, 8, 9, 10, 11, 12, 13, 14, 15, 16, 17, 18, 19, 20, 21, 22, 23, 24, 25, 26, 27, 28, 29, 30, 31
Valid weekdays: Monday, Tuesday, Wednesday, Thursday, Friday, Saturday, Sunday
When: 01:00:00
Current Time: 2011-01-01 23:00:00
Valid Interval: 23:00:00-13:00:00
Valid days of month: 1, 2, 3, 4, 5, 6, 7, 8, 9, 10, 11, 12, 13, 14, 15, 16, 17, 18, 19, 20, 21, 22, 23, 24, 25, 26, 27, 28, 29, 30, 31
Valid weekdays: Monday, Tuesday, Wednesday, Thursday, Friday, Saturday, Sunday
When: 01:00:00
Current Time: 2011-01-01 23:30:00
Valid Interval: 23:00:00-13:00:00
Valid days of month: 1, 2, 3, 4, 5, 6, 7, 8, 9, 10, 11, 12, 13, 14, 15, 16, 17, 18, 19, 20, 21, 22, 23, 24, 25, 26, 27, 28, 29, 30, 31
Valid weekdays: Monday, Tuesday, Wednesday, Thursday, Friday, Saturday, Sunday
When: 01:00:00
Current Time: 2011-01-02 00:30:00
Valid Interval: 23:00:00-13:00:00
Valid days of month: 1, 2, 3, 4, 5, 6, 7, 8, 9, 10, 11, 12, 13, 14, 15, 16, 17, 18, 19, 20, 21, 22, 23, 24, 25, 26, 27, 28, 29, 30, 31
Valid weekdays: Monday, Tuesday, Wednesday, Thursday, Friday, Saturday, Sunday
When: 01:00:00
Current Time: 2011-01-01 02:00:00
Valid Interval: 23:00:00-13:00:00
Valid days of month: 1, 2, 3, 4, 5, 6, 7, 8, 9, 10, 11, 12, 13, 14, 15, 16, 17, 18, 19, 20, 21, 22, 23, 24, 25, 26, 27, 28, 29, 30, 31
Valid weekdays: Monday, Tuesday, Wednesday, Thursday, Friday, Saturday, Sunday
When: 01:00:00
Current Time: 2011-01-01 13:00:00
Valid Interval: 23:00:00-13:00:00
Valid days of month: 1, 2, 3, 4, 5, 6, 7, 8, 9, 10, 11, 12, 13, 14, 15, 16, 17, 18, 19, 20, 21, 22, 23, 24, 25, 26, 27, 28, 29, 30, 31
Valid weekdays: Monday, Tuesday, Wednesday, Thursday, Friday, Saturday, Sunday
When: 23:30:00
Current Time: 2011-01-01 16:00:00
Valid Interval: 23:00:00-13:00:00
Valid days of month: 1, 2, 3, 4, 5, 6, 7, 8, 9, 10, 11, 12, 13, 14, 15, 16, 17, 18, 19, 20, 21, 22, 23, 24, 25, 26, 27, 28, 29, 30, 31
Valid weekdays: Monday, Tuesday, Wednesday, Thursday, Friday, Saturday, Sunday
When: 23:30:00
Current Time: 2011-01-01 23:00:00
Valid Interval: 23:00:00-13:00:00
Valid days of month: 1, 2, 3, 4, 5, 6, 7, 8, 9, 10, 11, 12, 13, 14, 15, 16, 17, 18, 19, 20, 21, 22, 23, 24, 25, 26, 27, 28, 29, 30, 31
Valid weekdays: Monday, Tuesday, Wednesday, Thursday, Friday, Saturday, Sunday
When: 23:30:00
Current Time: 2011-01-01 23:30:00
Valid Interval: 23:00:00-13:00:00
Valid days of month: 1, 2, 3, 4, 5, 6, 7, 8, 9, 10, 11, 12, 13, 14, 15, 16, 17, 18, 19, 20, 21, 22, 23, 24, 25, 26, 27, 28, 29, 30, 31
Valid weekdays: Monday, Tuesday, Wednesday, Thursday, Friday, Saturday, Sunday
When: 23:30:00
Current Time: 2011-01-01 23:45:00
Valid Interval: 23:00:00-13:00:00
Valid days of month: 1, 2, 3, 4, 5, 6, 7, 8, 9, 10, 11, 12, 13, 14, 15, 16, 17, 18, 19, 20, 21, 22, 23, 24, 25, 26, 27, 28, 29, 30, 31
Valid weekdays: Monday, Tuesday, Wednesday, Thursday, Friday, Saturday, Sunday
When: 23:30:00
Current Time: 2011-01-02 00:30:00
Valid Interval: 23:00:00-13:00:00
Valid days of month: 1, 2, 3, 4, 5, 6, 7, 8, 9, 10, 11, 12, 13, 14, 15, 16, 17, 18, 19, 20, 21, 22, 23, 24, 25, 26, 27, 28, 29, 30, 31
Valid weekdays: Monday, Tuesday, Wednesday, Thursday, Friday, Saturday, Sunday
When: 23:30:00
Current Time: 2011-01-01 13:00:00
Valid Interval: 23:00:00-13:00:00
Valid days of month: 1, 2, 3, 4, 5, 6, 7, 8, 9, 10, 11, 12, 13, 14, 15, 16, 17, 18, 19, 20, 21, 22, 23, 24, 25, 26, 27, 28, 29, 30, 31
Valid weekdays: Monday, Tuesday, Wednesday, Thursday, Friday, Saturday, Sunday
When: 01:00:00
Current Time: 2011-01-01 16:00:00
Valid Interval: 23:00:00-13:00:00
Valid days of month: 1, 2, 3, 4, 5, 6, 7, 8, 9, 10, 11, 12, 13, 14, 15, 16, 17, 18, 19, 20, 21, 22, 23, 24, 25, 26, 27, 28, 29, 30, 31
Valid weekdays: Monday, Tuesday, Wednesday, Thursday, Friday, Saturday, Sunday
When: 01:00:00
Current Time: 2011-01-01 23:00:00
Valid Interval: 23:00:00-13:00:00
Valid days of month: 1, 2, 3, 4, 5, 6, 7, 8, 9, 10, 11, 12, 13, 14, 15, 16, 17, 18, 19, 20, 21, 22, 23, 24, 25, 26, 27, 28, 29, 30, 31
Valid weekdays: Monday, Tuesday, Wednesday, Thursday, Friday, Saturday, Sunday
When: 01:00:00
Current Time: 2011-01-01 23:30:00
Valid Interval: 23:00:00-13:00:00
Valid days of month: 1, 2, 3, 4, 5, 6, 7, 8, 9, 10, 11, 12, 13, 14, 15, 16, 17, 18, 19, 20, 21, 22, 23, 24, 25, 26, 27, 28, 29, 30, 31
Valid weekdays: Monday, Tuesday, Wednesday, Thursday, Friday, Saturday, Sunday
When: 01:00:00
Current Time: 2011-01-02 00:30:00
Valid Interval: 23:00:00-13:00:00
Valid days of month: 1, 2, 3, 4, 5, 6, 7, 8, 9, 10, 11, 12, 13, 14, 15, 16, 17, 18, 19, 20, 21, 22, 23, 24, 25, 26, 27, 28, 29, 30, 31
Valid weekdays: Monday, Tuesday, Wednesday, Thursday, Friday, Saturday, Sunday
When: 01:00:00
Current Time: 2011-01-02 02:00:00
Valid Interval: 23:00:00-13:00:00
Valid days of month: 1, 2, 3, 4, 5, 6, 7, 8, 9, 10, 11, 12, 13, 14, 15, 16, 17, 18, 19, 20, 21, 22, 23, 24, 25, 26, 27, 28, 29, 30, 31
Valid weekdays: Monday, Tuesday, Wednesday, Thursday, Friday, Saturday, Sunday
When: 01:00:00
Current Time: 2011-01-02 13:00:00
Valid Interval: 23:00:00-13:00:00
Valid days of month: 1, 2, 3, 4, 5, 6, 7, 8, 9, 10, 11, 12, 13, 14, 15, 16, 17, 18, 19, 20, 21, 22, 23, 24, 25, 26, 27, 28, 29, 30, 31
Valid weekdays: Monday, Tuesday, Wednesday, Thursday, Friday, Saturday, Sunday
When: 23:30:00
Current Time: 2011-01-01 23:30:05
Valid Interval: 23:00:00-13:00:00
Valid days of month: 1, 2, 3, 4, 5, 6, 7, 8, 9, 10, 11, 12, 13, 14, 15, 16, 17, 18, 19, 20, 21, 22, 23, 24, 25, 26, 27, 28, 29, 30, 31
Valid weekdays: Monday, Tuesday, Wednesday, Thursday, Friday, Saturday, Sunday
When: 23:30:00
Current Time: 2011-01-02 00:30:00
Valid Interval: 23:00:00-13:00:00
Valid days of month: 1, 2, 3, 4, 5, 6, 7, 8, 9, 10, 11, 12, 13, 14, 15, 16, 17, 18, 19, 20, 21, 22, 23, 24, 25, 26, 27, 28, 29, 30, 31
Valid weekdays: Monday, Tuesday, Wednesday, Thursday, Friday, Saturday, Sunday
When: 23:30:00
Current Time: 2011-01-02 13:00:00
Valid Interval: 23:00:00-13:00:00
Valid days of month: 1, 2, 3, 4, 5, 6, 7, 8, 9, 10, 11, 12, 13, 14, 15, 16, 17, 18, 19, 20, 21, 22, 23, 24, 25, 26, 27, 28, 29, 30, 31
Valid weekdays: Monday, Tuesday, Wednesday, Thursday, Friday, Saturday, Sunday
When: 01:00:00
Current Time: 2011-01-01 02:00:00
Valid Interval: 23:00:00-13:00:00
Valid days of month: 1, 2, 3, 4, 5, 6, 7, 8, 9, 10, 11, 12, 13, 14, 15, 16, 17, 18, 19, 20, 21, 22, 23, 24, 25, 26, 27, 28, 29, 30, 31
Valid weekdays: Monday, Tuesday, Wednesday, Thursday, Friday, Saturday, Sunday
When: 01:00:00
Current Time: 2011-01-02 02:00:00
Valid Interval: 13:00:00-16:00:00
Valid days of month: 1, 2, 3, 4, 5, 6, 7, 8, 9, 10, 11, 12, 13, 14, 15, 16, 17, 18, 19, 20, 21, 22, 23, 24, 25, 26, 27, 28, 29, 30, 31
Valid weekdays: Saturday, Sunday
When: 14:00:00
Current Time: 2007-01-01 12:00:00
Valid Interval: 13:00:00-16:00:00
Valid days of month: 1, 2, 3, 4, 5, 6, 7, 8, 9, 10, 11, 12, 13, 14, 15, 16, 17, 18, 19, 20, 21, 22, 23, 24, 25, 26, 27, 28, 29, 30, 31
Valid weekdays: Saturday, Sunday
When: 14:00:00
Current Time: 2007-01-02 13:30:00
Valid Interval: 13:00:00-16:00:00
Valid days of month: 1, 2, 3, 4, 5, 6, 7, 8, 9, 10, 11, 12, 13, 14, 15, 16, 17, 18, 19, 20, 21, 22, 23, 24, 25, 26, 27, 28, 29, 30, 31
Valid weekdays: Saturday, Sunday
When: 14:00:00
Current Time: 2007-01-06 13:30:00
Valid Interval: 13:00:00-16:00:00
Valid days of month: 1, 2, 3, 4, 5, 6, 7, 8, 9, 10, 11, 12, 13, 14, 15, 16, 17, 18, 19, 20, 21, 22, 23, 24, 25, 26, 27, 28, 29, 30, 31
Valid weekdays: Saturday, Sunday
When: 14:00:00
Current Time: 2007-01-06 14:30:00
Valid Interval: 13:00:00-16:00:00
Valid days of month: 1, 2, 3, 4, 5, 6, 7, 8, 9, 10, 11, 12, 13, 14, 15, 16, 17, 18, 19, 20, 21, 22, 23, 24, 25, 26, 27, 28, 29, 30, 31
Valid weekdays: Saturday, Sunday
When: 14:00:00
Current Time: 2007-01-06 16:30:00
Valid Interval: 13:00:00-16:00:00
Valid days of month: 1, 2, 3, 4, 5, 6, 7, 8, 9, 10, 11, 12, 13, 14, 15, 16, 17, 18, 19, 20, 21, 22, 23, 24, 25, 26, 27, 28, 29, 30, 31
Valid weekdays: Saturday, Sunday
When: 14:00:00
Current Time: 2007-01-07 16:00:00
Valid Interval: 23:00:00-02:00:00
Valid days of month: 1, 2, 3, 4, 5, 6, 7, 8, 9, 10, 11, 12, 13, 14, 15, 16, 17, 18, 19, 20, 21, 22, 23, 24, 25, 26, 27, 28, 29, 30, 31
Valid weekdays: Saturday, Sunday
When: 01:00:00
Current Time: 2007-01-01 12:00:00
Valid Interval: 23:00:00-02:00:00
Valid days of month: 1, 2, 3, 4, 5, 6, 7, 8, 9, 10, 11, 12, 13, 14, 15, 16, 17, 18, 19, 20, 21, 22, 23, 24, 25, 26, 27, 28, 29, 30, 31
Valid weekdays: Saturday, Sunday
When: 01:00:00
Current Time: 2007-01-02 01:00:00
Valid Interval: 23:00:00-02:00:00
Valid days of month: 1, 2, 3, 4, 5, 6, 7, 8, 9, 10, 11, 12, 13, 14, 15, 16, 17, 18, 19, 20, 21, 22, 23, 24, 25, 26, 27, 28, 29, 30, 31
Valid weekdays: Saturday, Sunday
When: 01:00:00
Current Time: 2007-01-06 00:30:00
Valid Interval: 23:00:00-02:00:00
Valid days of month: 1, 2, 3, 4, 5, 6, 7, 8, 9, 10, 11, 12, 13, 14, 15, 16, 17, 18, 19, 20, 21, 22, 23, 24, 25, 26, 27, 28, 29, 30, 31
Valid weekdays: Saturday, Sunday
When: 01:00:00
Current Time: 2007-01-06 01:30:00
Valid Interval: 23:00:00-02:00:00
Valid days of month: 1, 2, 3, 4, 5, 6, 7, 8, 9, 10, 11, 12, 13, 14, 15, 16, 17, 18, 19, 20, 21, 22, 23, 24, 25, 26, 27, 28, 29, 30, 31
Valid weekdays: Saturday, Sunday
When: 01:00:00
Current Time: 2007-01-06 02:30:00
Valid Interval: 23:00:00-02:00:00
Valid days of month: 1, 2, 3, 4, 5, 6, 7, 8, 9, 10, 11, 12, 13, 14, 15, 16, 17, 18, 19, 20, 21, 22, 23, 24, 25, 26, 27, 28, 29, 30, 31
Valid weekdays: Saturday, Sunday
When: 01:00:00
Current Time: 2007-01-07 02:00:00
Valid Interval: 23:00:00-02:00:00
Valid days of month: 1, 2, 3, 4, 5, 6, 7, 8, 9, 10, 11, 12, 13, 14, 15, 16, 17, 18, 19, 20, 21, 22, 23, 24, 25, 26, 27, 28, 29, 30, 31
Valid weekdays: Saturday, Sunday
When: 23:30:00
Current Time: 2007-01-01 12:00:00
Valid Interval: 23:00:00-02:00:00
Valid days of month: 1, 2, 3, 4, 5, 6, 7, 8, 9, 10, 11, 12, 13, 14, 15, 16, 17, 18, 19, 20, 21, 22, 23, 24, 25, 26, 27, 28, 29, 30, 31
Valid weekdays: Saturday, Sunday
When: 23:30:00
Current Time: 2007-01-05 23:30:00
Valid Interval: 23:00:00-02:00:00
Valid days of month: 1, 2, 3, 4, 5, 6, 7, 8, 9, 10, 11, 12, 13, 14, 15, 16, 17, 18, 19, 20, 21, 22, 23, 24, 25, 26, 27, 28, 29, 30, 31
Valid weekdays: Saturday, Sunday
When: 23:30:00
Current Time: 2007-01-06 23:00:00
Valid Interval: 23:00:00-02:00:00
Valid days of month: 1, 2, 3, 4, 5, 6, 7, 8, 9, 10, 11, 12, 13, 14, 15, 16, 17, 18, 19, 20, 21, 22, 23, 24, 25, 26, 27, 28, 29, 30, 31
Valid weekdays: Saturday, Sunday
When: 23:30:00
Current Time: 2007-01-06 02:00:00
Valid Interval: 23:00:00-02:00:00
Valid days of month: 1, 2, 3, 4, 5, 6, 7, 8, 9, 10, 11, 12, 13, 14, 15, 16, 17, 18, 19, 20, 21, 22, 23, 24, 25, 26, 27, 28, 29, 30, 31
Valid weekdays: Saturday, Sunday
When: 23:30:00
Current Time: 2007-01-07 23:40:00
Valid Interval: 23:00:00-02:00:00
Valid days of month: 1, 2, 3, 4, 5, 6, 7, 8, 9, 10, 11, 12, 13, 14, 15, 16, 17, 18, 19, 20, 21, 22, 23, 24, 25, 26, 27, 28, 29, 30, 31
Valid weekdays: Saturday, Sunday
When: 23:30:00
Current Time: 2007-01-07 01:00:00
Valid Interval: 13:00:00-16:00:00
Valid days of month: 1, 2, 3, 4, 5, 6, 7, 8, 9, 10, 11, 12, 13, 14, 15, 16, 17, 18, 19, 20, 21, 22, 23, 24, 25, 26, 27, 28, 29, 30, 31
Valid weekdays: Saturday, Sunday
When: 14:00:00
Current Time: 2007-01-01 12:00:00
Valid Interval: 13:00:00-16:00:00
Valid days of month: 1, 2, 3, 4, 5, 6, 7, 8, 9, 10, 11, 12, 13, 14, 15, 16, 17, 18, 19, 20, 21, 22, 23, 24, 25, 26, 27, 28, 29, 30, 31
Valid weekdays: Saturday, Sunday
When: 14:00:00
Current Time: 2007-01-02 13:30:00
Valid Interval: 13:00:00-16:00:00
Valid days of month: 1, 2, 3, 4, 5, 6, 7, 8, 9, 10, 11, 12, 13, 14, 15, 16, 17, 18, 19, 20, 21, 22, 23, 24, 25, 26, 27, 28, 29, 30, 31
Valid weekdays: Saturday, Sunday
When: 14:00:00
Current Time: 2007-01-06 13:30:00
Valid Interval: 13:00:00-16:00:00
Valid days of month: 1, 2, 3, 4, 5, 6, 7, 8, 9, 10, 11, 12, 13, 14, 15, 16, 17, 18, 19, 20, 21, 22, 23, 24, 25, 26, 27, 28, 29, 30, 31
Valid weekdays: Saturday, Sunday
When: 14:00:00
Current Time: 2007-01-06 14:30:00
Valid Interval: 13:00:00-16:00:00
Valid days of month: 1, 2, 3, 4, 5, 6, 7, 8, 9, 10, 11, 12, 13, 14, 15, 16, 17, 18, 19, 20, 21, 22, 23, 24, 25, 26, 27, 28, 29, 30, 31
Valid weekdays: Saturday, Sunday
When: 14:00:00
Current Time: 2007-01-06 16:30:00
Valid Interval: 13:00:00-16:00:00
Valid days of month: 1, 2, 3, 4, 5, 6, 7, 8, 9, 10, 11, 12, 13, 14, 15, 16, 17, 18, 19, 20, 21, 22, 23, 24, 25, 26, 27, 28, 29, 30, 31
Valid weekdays: Saturday, Sunday
When: 14:00:00
Current Time: 2007-01-07 16:00:00
Valid Interval: 23:00:00-02:00:00
Valid days of month: 1, 2, 3, 4, 5, 6, 7, 8, 9, 10, 11, 12, 13, 14, 15, 16, 17, 18, 19, 20, 21, 22, 23, 24, 25, 26, 27, 28, 29, 30, 31
Valid weekdays: Saturday, Sunday
When: 01:00:00
Current Time: 2007-01-01 12:00:00
Valid Interval: 23:00:00-02:00:00
Valid days of month: 1, 2, 3, 4, 5, 6, 7, 8, 9, 10, 11, 12, 13, 14, 15, 16, 17, 18, 19, 20, 21, 22, 23, 24, 25, 26, 27, 28, 29, 30, 31
Valid weekdays: Saturday, Sunday
When: 01:00:00
Current Time: 2007-01-02 01:00:00
Valid Interval: 23:00:00-02:00:00
Valid days of month: 1, 2, 3, 4, 5, 6, 7, 8, 9, 10, 11, 12, 13, 14, 15, 16, 17, 18, 19, 20, 21, 22, 23, 24, 25, 26, 27, 28, 29, 30, 31
Valid weekdays: Saturday, Sunday
When: 01:00:00
Current Time: 2007-01-06 00:30:00
Valid Interval: 23:00:00-02:00:00
Valid days of month: 1, 2, 3, 4, 5, 6, 7, 8, 9, 10, 11, 12, 13, 14, 15, 16, 17, 18, 19, 20, 21, 22, 23, 24, 25, 26, 27, 28, 29, 30, 31
Valid weekdays: Saturday, Sunday
When: 01:00:00
Current Time: 2007-01-06 02:30:00
Valid Interval: 23:00:00-02:00:00
Valid days of month: 1, 2, 3, 4, 5, 6, 7, 8, 9, 10, 11, 12, 13, 14, 15, 16, 17, 18, 19, 20, 21, 22, 23, 24, 25, 26, 27, 28, 29, 30, 31
Valid weekdays: Saturday, Sunday
When: 23:30:00
Current Time: 2007-01-01 12:00:00
Valid Interval: 23:00:00-02:00:00
Valid days of month: 1, 2, 3, 4, 5, 6, 7, 8, 9, 10, 11, 12, 13, 14, 15, 16, 17, 18, 19, 20, 21, 22, 23, 24, 25, 26, 27, 28, 29, 30, 31
Valid weekdays: Saturday, Sunday
When: 23:30:00
Current Time: 2007-01-05 23:30:00
Valid Interval: 23:00:00-02:00:00
Valid days of month: 1, 2, 3, 4, 5, 6, 7, 8, 9, 10, 11, 12, 13, 14, 15, 16, 17, 18, 19, 20, 21, 22, 23, 24, 25, 26, 27, 28, 29, 30, 31
Valid weekdays: Saturday, Sunday
When: 23:30:00
Current Time: 2007-01-06 23:00:00
Valid Interval: 23:00:00-02:00:00
Valid days of month: 1, 2, 3, 4, 5, 6, 7, 8, 9, 10, 11, 12, 13, 14, 15, 16, 17, 18, 19, 20, 21, 22, 23, 24, 25, 26, 27, 28, 29, 30, 31
Valid weekdays: Saturday, Sunday
When: 23:30:00
Current Time: 2007-01-06 02:00:00
Valid Interval: 23:00:00-02:00:00
Valid days of month: 1, 2, 3, 4, 5, 6, 7, 8, 9, 10, 11, 12, 13, 14, 15, 16, 17, 18, 19, 20, 21, 22, 23, 24, 25, 26, 27, 28, 29, 30, 31
Valid weekdays: Saturday, Sunday
When: 23:30:00
Current Time: 2007-01-07 23:40:00
Valid Interval: 23:00:00-02:00:00
Valid days of month: 1, 2, 3, 4, 5, 6, 7, 8, 9, 10, 11, 12, 13, 14, 15, 16, 17, 18, 19, 20, 21, 22, 23, 24, 25, 26, 27, 28, 29, 30, 31
Valid weekdays: Saturday, Sunday
When: 23:30:00
Current Time: 2007-01-07 01:00:00
Valid Interval: 13:00:00-16:00:00
Valid days of month: 1, 2, 3, 4, 5, 6, 7, 8, 9, 10, 11, 12, 13, 14, 15, 16, 17, 18, 19, 20, 21, 22, 23, 24, 25, 26, 27, 28, 29, 30, 31
Valid weekdays: Saturday, Sunday
When: 14:00:00
Current Time: 2007-01-06 14:30:00
Valid Interval: 13:00:00-16:00:00
Valid days of month: 1, 2, 3, 4, 5, 6, 7, 8, 9, 10, 11, 12, 13, 14, 15, 16, 17, 18, 19, 20, 21, 22, 23, 24, 25, 26, 27, 28, 29, 30, 31
Valid weekdays: Saturday, Sunday
When: 14:00:00
Current Time: 2007-01-07 15:00:00
Valid Interval: 23:00:00-02:00:00
Valid days of month: 1, 2, 3, 4, 5, 6, 7, 8, 9, 10, 11, 12, 13, 14, 15, 16, 17, 18, 19, 20, 21, 22, 23, 24, 25, 26, 27, 28, 29, 30, 31
Valid weekdays: Saturday, Sunday
When: 01:00:00
Current Time: 2007-01-06 01:30:00
Valid Interval: 23:00:00-02:00:00
Valid days of month: 1, 2, 3, 4, 5, 6, 7, 8, 9, 10, 11, 12, 13, 14, 15, 16, 17, 18, 19, 20, 21, 22, 23, 24, 25, 26, 27, 28, 29, 30, 31
Valid weekdays: Saturday, Sunday
When: 01:00:00
Current Time: 2007-01-07 01:30:00
Valid Interval: 23:00:00-02:00:00
Valid days of month: 1, 2, 3, 4, 5, 6, 7, 8, 9, 10, 11, 12, 13, 14, 15, 16, 17, 18, 19, 20, 21, 22, 23, 24, 25, 26, 27, 28, 29, 30, 31
Valid weekdays: Saturday, Sunday
When: 23:30:00
Current Time: 2007-01-06 23:02:00
Valid Interval: 23:00:00-02:00:00
Valid days of month: 1, 2, 3, 4, 5, 6, 7, 8, 9, 10, 11, 12, 13, 14, 15, 16, 17, 18, 19, 20, 21, 22, 23, 24, 25, 26, 27, 28, 29, 30, 31
Valid weekdays: Saturday, Sunday
When: 23:30:00
Current Time: 2007-01-06 01:10:00
Valid Interval: 23:00:00-02:00:00
Valid days of month: 1, 2, 3, 4, 5, 6, 7, 8, 9, 10, 11, 12, 13, 14, 15, 16, 17, 18, 19, 20, 21, 22, 23, 24, 25, 26, 27, 28, 29, 30, 31
Valid weekdays: Saturday, Sunday
When: 23:30:00
Current Time: 2007-01-07 01:00:40
Valid Interval: 23:00:00-02:00:00
Valid days of month: 2
Valid weekdays: Saturday, Sunday
When: 23:30:00
Current Time: 2007-01-01 12:00:00
Valid Interval: 23:00:00-02:00:00
Valid days of month: 1, 2
Valid weekdays: Saturday, Sunday
When: 23:30:00
Current Time: 2007-01-05 23:30:00
Valid Interval: 23:00:00-02:00:00
Valid days of month: 1, 2
Valid weekdays: Saturday, Sunday
When: 23:30:00
Current Time: 2007-01-06 23:00:00</StdOut>
      </Output>
    </UnitTestResult>
    <UnitTestResult executionId="406d8ab5-e753-4aa2-aa47-8deaa9e15746" testId="8b548c92-7494-43ec-bdd9-8ee9ba7107a3" testName="GetNextTimeToTrigger_AbsoluteTimer_ReturnsCorrectTime (Data Row 83)" computerName="ICSWS068" duration="00:00:00.0035066" startTime="2016-08-04T07:57:22.9597938+02:00" endTime="2016-08-04T07:57:22.9632975+02:00" testType="13cdc9d9-ddb5-4fa4-a97d-d965ccfc6d4b" outcome="Passed" testListId="8c84fa94-04c1-424b-9868-57a2d4851a1d" relativeResultsDirectory="406d8ab5-e753-4aa2-aa47-8deaa9e15746">
      <Output>
        <StdOut>TestContext Messages:
Valid Interval: 11:00:00-13:00:00
Valid days of month: 1, 2, 3, 4, 5, 6, 7, 8, 9, 10, 11, 12, 13, 14, 15, 16, 17, 18, 19, 20, 21, 22, 23, 24, 25, 26, 27, 28, 29, 30, 31
Valid weekdays: Monday, Tuesday, Wednesday, Thursday, Friday, Saturday, Sunday
When: 12:00:00
Current Time: 2011-01-01 00:00:00
Valid Interval: 11:00:00-13:00:00
Valid days of month: 1, 2, 3, 4, 5, 6, 7, 8, 9, 10, 11, 12, 13, 14, 15, 16, 17, 18, 19, 20, 21, 22, 23, 24, 25, 26, 27, 28, 29, 30, 31
Valid weekdays: Monday, Tuesday, Wednesday, Thursday, Friday, Saturday, Sunday
When: 12:00:00
Current Time: 2011-01-01 09:00:00
Valid Interval: 11:00:00-13:00:00
Valid days of month: 1, 2, 3, 4, 5, 6, 7, 8, 9, 10, 11, 12, 13, 14, 15, 16, 17, 18, 19, 20, 21, 22, 23, 24, 25, 26, 27, 28, 29, 30, 31
Valid weekdays: Monday, Tuesday, Wednesday, Thursday, Friday, Saturday, Sunday
When: 12:00:00
Current Time: 2011-01-01 11:00:00
Valid Interval: 11:00:00-13:00:00
Valid days of month: 1, 2, 3, 4, 5, 6, 7, 8, 9, 10, 11, 12, 13, 14, 15, 16, 17, 18, 19, 20, 21, 22, 23, 24, 25, 26, 27, 28, 29, 30, 31
Valid weekdays: Monday, Tuesday, Wednesday, Thursday, Friday, Saturday, Sunday
When: 12:00:00
Current Time: 2011-01-01 12:00:00
Valid Interval: 11:00:00-13:00:00
Valid days of month: 1, 2, 3, 4, 5, 6, 7, 8, 9, 10, 11, 12, 13, 14, 15, 16, 17, 18, 19, 20, 21, 22, 23, 24, 25, 26, 27, 28, 29, 30, 31
Valid weekdays: Monday, Tuesday, Wednesday, Thursday, Friday, Saturday, Sunday
When: 12:00:00
Current Time: 2011-01-01 12:30:00
Valid Interval: 11:00:00-13:00:00
Valid days of month: 1, 2, 3, 4, 5, 6, 7, 8, 9, 10, 11, 12, 13, 14, 15, 16, 17, 18, 19, 20, 21, 22, 23, 24, 25, 26, 27, 28, 29, 30, 31
Valid weekdays: Monday, Tuesday, Wednesday, Thursday, Friday, Saturday, Sunday
When: 12:00:00
Current Time: 2011-01-01 13:00:00
Valid Interval: 11:00:00-13:00:00
Valid days of month: 1, 2, 3, 4, 5, 6, 7, 8, 9, 10, 11, 12, 13, 14, 15, 16, 17, 18, 19, 20, 21, 22, 23, 24, 25, 26, 27, 28, 29, 30, 31
Valid weekdays: Monday, Tuesday, Wednesday, Thursday, Friday, Saturday, Sunday
When: 12:00:00
Current Time: 2011-01-02 00:00:00
Valid Interval: 11:00:00-13:00:00
Valid days of month: 1, 2, 3, 4, 5, 6, 7, 8, 9, 10, 11, 12, 13, 14, 15, 16, 17, 18, 19, 20, 21, 22, 23, 24, 25, 26, 27, 28, 29, 30, 31
Valid weekdays: Monday, Tuesday, Wednesday, Thursday, Friday, Saturday, Sunday
When: 12:00:00
Current Time: 2011-01-02 09:00:00
Valid Interval: 11:00:00-13:00:00
Valid days of month: 1, 2, 3, 4, 5, 6, 7, 8, 9, 10, 11, 12, 13, 14, 15, 16, 17, 18, 19, 20, 21, 22, 23, 24, 25, 26, 27, 28, 29, 30, 31
Valid weekdays: Monday, Tuesday, Wednesday, Thursday, Friday, Saturday, Sunday
When: 12:00:00
Current Time: 2011-01-02 12:00:00
Valid Interval: 11:00:00-13:00:00
Valid days of month: 1, 2, 3, 4, 5, 6, 7, 8, 9, 10, 11, 12, 13, 14, 15, 16, 17, 18, 19, 20, 21, 22, 23, 24, 25, 26, 27, 28, 29, 30, 31
Valid weekdays: Monday, Tuesday, Wednesday, Thursday, Friday, Saturday, Sunday
When: 12:00:00
Current Time: 2011-01-02 12:45:30
Valid Interval: 11:00:00-13:00:00
Valid days of month: 1, 2, 3, 4, 5, 6, 7, 8, 9, 10, 11, 12, 13, 14, 15, 16, 17, 18, 19, 20, 21, 22, 23, 24, 25, 26, 27, 28, 29, 30, 31
Valid weekdays: Monday, Tuesday, Wednesday, Thursday, Friday, Saturday, Sunday
When: 12:00:00
Current Time: 2011-01-02 13:00:00
Valid Interval: 11:00:00-13:00:00
Valid days of month: 1, 2, 3, 4, 5, 6, 7, 8, 9, 10, 11, 12, 13, 14, 15, 16, 17, 18, 19, 20, 21, 22, 23, 24, 25, 26, 27, 28, 29, 30, 31
Valid weekdays: Monday, Tuesday, Wednesday, Thursday, Friday, Saturday, Sunday
When: 12:00:00
Current Time: 2011-01-01 12:00:00
Valid Interval: 11:00:00-13:00:00
Valid days of month: 1, 2, 3, 4, 5, 6, 7, 8, 9, 10, 11, 12, 13, 14, 15, 16, 17, 18, 19, 20, 21, 22, 23, 24, 25, 26, 27, 28, 29, 30, 31
Valid weekdays: Monday, Tuesday, Wednesday, Thursday, Friday, Saturday, Sunday
When: 12:00:00
Current Time: 2011-01-01 12:30:00
Valid Interval: 11:00:00-13:00:00
Valid days of month: 1, 2, 3, 4, 5, 6, 7, 8, 9, 10, 11, 12, 13, 14, 15, 16, 17, 18, 19, 20, 21, 22, 23, 24, 25, 26, 27, 28, 29, 30, 31
Valid weekdays: Monday, Tuesday, Wednesday, Thursday, Friday, Saturday, Sunday
When: 12:00:00
Current Time: 2011-01-01 12:30:00
Valid Interval: 11:00:00-13:00:00
Valid days of month: 1, 2, 3, 4, 5, 6, 7, 8, 9, 10, 11, 12, 13, 14, 15, 16, 17, 18, 19, 20, 21, 22, 23, 24, 25, 26, 27, 28, 29, 30, 31
Valid weekdays: Monday, Tuesday, Wednesday, Thursday, Friday, Saturday, Sunday
When: 12:00:00
Current Time: 2011-01-01 13:00:00
Valid Interval: 11:00:00-13:00:00
Valid days of month: 1, 2, 3, 4, 5, 6, 7, 8, 9, 10, 11, 12, 13, 14, 15, 16, 17, 18, 19, 20, 21, 22, 23, 24, 25, 26, 27, 28, 29, 30, 31
Valid weekdays: Monday, Tuesday, Wednesday, Thursday, Friday, Saturday, Sunday
When: 12:00:00
Current Time: 2011-01-01 14:30:00
Valid Interval: 23:00:00-13:00:00
Valid days of month: 1, 2, 3, 4, 5, 6, 7, 8, 9, 10, 11, 12, 13, 14, 15, 16, 17, 18, 19, 20, 21, 22, 23, 24, 25, 26, 27, 28, 29, 30, 31
Valid weekdays: Monday, Tuesday, Wednesday, Thursday, Friday, Saturday, Sunday
When: 23:30:00
Current Time: 2011-01-01 16:00:00
Valid Interval: 23:00:00-13:00:00
Valid days of month: 1, 2, 3, 4, 5, 6, 7, 8, 9, 10, 11, 12, 13, 14, 15, 16, 17, 18, 19, 20, 21, 22, 23, 24, 25, 26, 27, 28, 29, 30, 31
Valid weekdays: Monday, Tuesday, Wednesday, Thursday, Friday, Saturday, Sunday
When: 23:30:00
Current Time: 2011-01-01 23:00:00
Valid Interval: 23:00:00-13:00:00
Valid days of month: 1, 2, 3, 4, 5, 6, 7, 8, 9, 10, 11, 12, 13, 14, 15, 16, 17, 18, 19, 20, 21, 22, 23, 24, 25, 26, 27, 28, 29, 30, 31
Valid weekdays: Monday, Tuesday, Wednesday, Thursday, Friday, Saturday, Sunday
When: 23:30:00
Current Time: 2011-01-01 23:30:00
Valid Interval: 23:00:00-13:00:00
Valid days of month: 1, 2, 3, 4, 5, 6, 7, 8, 9, 10, 11, 12, 13, 14, 15, 16, 17, 18, 19, 20, 21, 22, 23, 24, 25, 26, 27, 28, 29, 30, 31
Valid weekdays: Monday, Tuesday, Wednesday, Thursday, Friday, Saturday, Sunday
When: 23:30:00
Current Time: 2011-01-01 23:45:00
Valid Interval: 23:00:00-13:00:00
Valid days of month: 1, 2, 3, 4, 5, 6, 7, 8, 9, 10, 11, 12, 13, 14, 15, 16, 17, 18, 19, 20, 21, 22, 23, 24, 25, 26, 27, 28, 29, 30, 31
Valid weekdays: Monday, Tuesday, Wednesday, Thursday, Friday, Saturday, Sunday
When: 23:30:00
Current Time: 2011-01-02 00:30:00
Valid Interval: 23:00:00-13:00:00
Valid days of month: 1, 2, 3, 4, 5, 6, 7, 8, 9, 10, 11, 12, 13, 14, 15, 16, 17, 18, 19, 20, 21, 22, 23, 24, 25, 26, 27, 28, 29, 30, 31
Valid weekdays: Monday, Tuesday, Wednesday, Thursday, Friday, Saturday, Sunday
When: 23:30:00
Current Time: 2011-01-01 13:00:00
Valid Interval: 23:00:00-13:00:00
Valid days of month: 1, 2, 3, 4, 5, 6, 7, 8, 9, 10, 11, 12, 13, 14, 15, 16, 17, 18, 19, 20, 21, 22, 23, 24, 25, 26, 27, 28, 29, 30, 31
Valid weekdays: Monday, Tuesday, Wednesday, Thursday, Friday, Saturday, Sunday
When: 01:00:00
Current Time: 2011-01-01 16:00:00
Valid Interval: 23:00:00-13:00:00
Valid days of month: 1, 2, 3, 4, 5, 6, 7, 8, 9, 10, 11, 12, 13, 14, 15, 16, 17, 18, 19, 20, 21, 22, 23, 24, 25, 26, 27, 28, 29, 30, 31
Valid weekdays: Monday, Tuesday, Wednesday, Thursday, Friday, Saturday, Sunday
When: 01:00:00
Current Time: 2011-01-01 23:00:00
Valid Interval: 23:00:00-13:00:00
Valid days of month: 1, 2, 3, 4, 5, 6, 7, 8, 9, 10, 11, 12, 13, 14, 15, 16, 17, 18, 19, 20, 21, 22, 23, 24, 25, 26, 27, 28, 29, 30, 31
Valid weekdays: Monday, Tuesday, Wednesday, Thursday, Friday, Saturday, Sunday
When: 01:00:00
Current Time: 2011-01-01 23:30:00
Valid Interval: 23:00:00-13:00:00
Valid days of month: 1, 2, 3, 4, 5, 6, 7, 8, 9, 10, 11, 12, 13, 14, 15, 16, 17, 18, 19, 20, 21, 22, 23, 24, 25, 26, 27, 28, 29, 30, 31
Valid weekdays: Monday, Tuesday, Wednesday, Thursday, Friday, Saturday, Sunday
When: 01:00:00
Current Time: 2011-01-02 00:30:00
Valid Interval: 23:00:00-13:00:00
Valid days of month: 1, 2, 3, 4, 5, 6, 7, 8, 9, 10, 11, 12, 13, 14, 15, 16, 17, 18, 19, 20, 21, 22, 23, 24, 25, 26, 27, 28, 29, 30, 31
Valid weekdays: Monday, Tuesday, Wednesday, Thursday, Friday, Saturday, Sunday
When: 01:00:00
Current Time: 2011-01-01 02:00:00
Valid Interval: 23:00:00-13:00:00
Valid days of month: 1, 2, 3, 4, 5, 6, 7, 8, 9, 10, 11, 12, 13, 14, 15, 16, 17, 18, 19, 20, 21, 22, 23, 24, 25, 26, 27, 28, 29, 30, 31
Valid weekdays: Monday, Tuesday, Wednesday, Thursday, Friday, Saturday, Sunday
When: 01:00:00
Current Time: 2011-01-01 13:00:00
Valid Interval: 23:00:00-13:00:00
Valid days of month: 1, 2, 3, 4, 5, 6, 7, 8, 9, 10, 11, 12, 13, 14, 15, 16, 17, 18, 19, 20, 21, 22, 23, 24, 25, 26, 27, 28, 29, 30, 31
Valid weekdays: Monday, Tuesday, Wednesday, Thursday, Friday, Saturday, Sunday
When: 23:30:00
Current Time: 2011-01-01 16:00:00
Valid Interval: 23:00:00-13:00:00
Valid days of month: 1, 2, 3, 4, 5, 6, 7, 8, 9, 10, 11, 12, 13, 14, 15, 16, 17, 18, 19, 20, 21, 22, 23, 24, 25, 26, 27, 28, 29, 30, 31
Valid weekdays: Monday, Tuesday, Wednesday, Thursday, Friday, Saturday, Sunday
When: 23:30:00
Current Time: 2011-01-01 23:00:00
Valid Interval: 23:00:00-13:00:00
Valid days of month: 1, 2, 3, 4, 5, 6, 7, 8, 9, 10, 11, 12, 13, 14, 15, 16, 17, 18, 19, 20, 21, 22, 23, 24, 25, 26, 27, 28, 29, 30, 31
Valid weekdays: Monday, Tuesday, Wednesday, Thursday, Friday, Saturday, Sunday
When: 23:30:00
Current Time: 2011-01-01 23:30:00
Valid Interval: 23:00:00-13:00:00
Valid days of month: 1, 2, 3, 4, 5, 6, 7, 8, 9, 10, 11, 12, 13, 14, 15, 16, 17, 18, 19, 20, 21, 22, 23, 24, 25, 26, 27, 28, 29, 30, 31
Valid weekdays: Monday, Tuesday, Wednesday, Thursday, Friday, Saturday, Sunday
When: 23:30:00
Current Time: 2011-01-01 23:45:00
Valid Interval: 23:00:00-13:00:00
Valid days of month: 1, 2, 3, 4, 5, 6, 7, 8, 9, 10, 11, 12, 13, 14, 15, 16, 17, 18, 19, 20, 21, 22, 23, 24, 25, 26, 27, 28, 29, 30, 31
Valid weekdays: Monday, Tuesday, Wednesday, Thursday, Friday, Saturday, Sunday
When: 23:30:00
Current Time: 2011-01-02 00:30:00
Valid Interval: 23:00:00-13:00:00
Valid days of month: 1, 2, 3, 4, 5, 6, 7, 8, 9, 10, 11, 12, 13, 14, 15, 16, 17, 18, 19, 20, 21, 22, 23, 24, 25, 26, 27, 28, 29, 30, 31
Valid weekdays: Monday, Tuesday, Wednesday, Thursday, Friday, Saturday, Sunday
When: 23:30:00
Current Time: 2011-01-01 13:00:00
Valid Interval: 23:00:00-13:00:00
Valid days of month: 1, 2, 3, 4, 5, 6, 7, 8, 9, 10, 11, 12, 13, 14, 15, 16, 17, 18, 19, 20, 21, 22, 23, 24, 25, 26, 27, 28, 29, 30, 31
Valid weekdays: Monday, Tuesday, Wednesday, Thursday, Friday, Saturday, Sunday
When: 01:00:00
Current Time: 2011-01-01 16:00:00
Valid Interval: 23:00:00-13:00:00
Valid days of month: 1, 2, 3, 4, 5, 6, 7, 8, 9, 10, 11, 12, 13, 14, 15, 16, 17, 18, 19, 20, 21, 22, 23, 24, 25, 26, 27, 28, 29, 30, 31
Valid weekdays: Monday, Tuesday, Wednesday, Thursday, Friday, Saturday, Sunday
When: 01:00:00
Current Time: 2011-01-01 23:00:00
Valid Interval: 23:00:00-13:00:00
Valid days of month: 1, 2, 3, 4, 5, 6, 7, 8, 9, 10, 11, 12, 13, 14, 15, 16, 17, 18, 19, 20, 21, 22, 23, 24, 25, 26, 27, 28, 29, 30, 31
Valid weekdays: Monday, Tuesday, Wednesday, Thursday, Friday, Saturday, Sunday
When: 01:00:00
Current Time: 2011-01-01 23:30:00
Valid Interval: 23:00:00-13:00:00
Valid days of month: 1, 2, 3, 4, 5, 6, 7, 8, 9, 10, 11, 12, 13, 14, 15, 16, 17, 18, 19, 20, 21, 22, 23, 24, 25, 26, 27, 28, 29, 30, 31
Valid weekdays: Monday, Tuesday, Wednesday, Thursday, Friday, Saturday, Sunday
When: 01:00:00
Current Time: 2011-01-02 00:30:00
Valid Interval: 23:00:00-13:00:00
Valid days of month: 1, 2, 3, 4, 5, 6, 7, 8, 9, 10, 11, 12, 13, 14, 15, 16, 17, 18, 19, 20, 21, 22, 23, 24, 25, 26, 27, 28, 29, 30, 31
Valid weekdays: Monday, Tuesday, Wednesday, Thursday, Friday, Saturday, Sunday
When: 01:00:00
Current Time: 2011-01-02 02:00:00
Valid Interval: 23:00:00-13:00:00
Valid days of month: 1, 2, 3, 4, 5, 6, 7, 8, 9, 10, 11, 12, 13, 14, 15, 16, 17, 18, 19, 20, 21, 22, 23, 24, 25, 26, 27, 28, 29, 30, 31
Valid weekdays: Monday, Tuesday, Wednesday, Thursday, Friday, Saturday, Sunday
When: 01:00:00
Current Time: 2011-01-02 13:00:00
Valid Interval: 23:00:00-13:00:00
Valid days of month: 1, 2, 3, 4, 5, 6, 7, 8, 9, 10, 11, 12, 13, 14, 15, 16, 17, 18, 19, 20, 21, 22, 23, 24, 25, 26, 27, 28, 29, 30, 31
Valid weekdays: Monday, Tuesday, Wednesday, Thursday, Friday, Saturday, Sunday
When: 23:30:00
Current Time: 2011-01-01 23:30:05
Valid Interval: 23:00:00-13:00:00
Valid days of month: 1, 2, 3, 4, 5, 6, 7, 8, 9, 10, 11, 12, 13, 14, 15, 16, 17, 18, 19, 20, 21, 22, 23, 24, 25, 26, 27, 28, 29, 30, 31
Valid weekdays: Monday, Tuesday, Wednesday, Thursday, Friday, Saturday, Sunday
When: 23:30:00
Current Time: 2011-01-02 00:30:00
Valid Interval: 23:00:00-13:00:00
Valid days of month: 1, 2, 3, 4, 5, 6, 7, 8, 9, 10, 11, 12, 13, 14, 15, 16, 17, 18, 19, 20, 21, 22, 23, 24, 25, 26, 27, 28, 29, 30, 31
Valid weekdays: Monday, Tuesday, Wednesday, Thursday, Friday, Saturday, Sunday
When: 23:30:00
Current Time: 2011-01-02 13:00:00
Valid Interval: 23:00:00-13:00:00
Valid days of month: 1, 2, 3, 4, 5, 6, 7, 8, 9, 10, 11, 12, 13, 14, 15, 16, 17, 18, 19, 20, 21, 22, 23, 24, 25, 26, 27, 28, 29, 30, 31
Valid weekdays: Monday, Tuesday, Wednesday, Thursday, Friday, Saturday, Sunday
When: 01:00:00
Current Time: 2011-01-01 02:00:00
Valid Interval: 23:00:00-13:00:00
Valid days of month: 1, 2, 3, 4, 5, 6, 7, 8, 9, 10, 11, 12, 13, 14, 15, 16, 17, 18, 19, 20, 21, 22, 23, 24, 25, 26, 27, 28, 29, 30, 31
Valid weekdays: Monday, Tuesday, Wednesday, Thursday, Friday, Saturday, Sunday
When: 01:00:00
Current Time: 2011-01-02 02:00:00
Valid Interval: 13:00:00-16:00:00
Valid days of month: 1, 2, 3, 4, 5, 6, 7, 8, 9, 10, 11, 12, 13, 14, 15, 16, 17, 18, 19, 20, 21, 22, 23, 24, 25, 26, 27, 28, 29, 30, 31
Valid weekdays: Saturday, Sunday
When: 14:00:00
Current Time: 2007-01-01 12:00:00
Valid Interval: 13:00:00-16:00:00
Valid days of month: 1, 2, 3, 4, 5, 6, 7, 8, 9, 10, 11, 12, 13, 14, 15, 16, 17, 18, 19, 20, 21, 22, 23, 24, 25, 26, 27, 28, 29, 30, 31
Valid weekdays: Saturday, Sunday
When: 14:00:00
Current Time: 2007-01-02 13:30:00
Valid Interval: 13:00:00-16:00:00
Valid days of month: 1, 2, 3, 4, 5, 6, 7, 8, 9, 10, 11, 12, 13, 14, 15, 16, 17, 18, 19, 20, 21, 22, 23, 24, 25, 26, 27, 28, 29, 30, 31
Valid weekdays: Saturday, Sunday
When: 14:00:00
Current Time: 2007-01-06 13:30:00
Valid Interval: 13:00:00-16:00:00
Valid days of month: 1, 2, 3, 4, 5, 6, 7, 8, 9, 10, 11, 12, 13, 14, 15, 16, 17, 18, 19, 20, 21, 22, 23, 24, 25, 26, 27, 28, 29, 30, 31
Valid weekdays: Saturday, Sunday
When: 14:00:00
Current Time: 2007-01-06 14:30:00
Valid Interval: 13:00:00-16:00:00
Valid days of month: 1, 2, 3, 4, 5, 6, 7, 8, 9, 10, 11, 12, 13, 14, 15, 16, 17, 18, 19, 20, 21, 22, 23, 24, 25, 26, 27, 28, 29, 30, 31
Valid weekdays: Saturday, Sunday
When: 14:00:00
Current Time: 2007-01-06 16:30:00
Valid Interval: 13:00:00-16:00:00
Valid days of month: 1, 2, 3, 4, 5, 6, 7, 8, 9, 10, 11, 12, 13, 14, 15, 16, 17, 18, 19, 20, 21, 22, 23, 24, 25, 26, 27, 28, 29, 30, 31
Valid weekdays: Saturday, Sunday
When: 14:00:00
Current Time: 2007-01-07 16:00:00
Valid Interval: 23:00:00-02:00:00
Valid days of month: 1, 2, 3, 4, 5, 6, 7, 8, 9, 10, 11, 12, 13, 14, 15, 16, 17, 18, 19, 20, 21, 22, 23, 24, 25, 26, 27, 28, 29, 30, 31
Valid weekdays: Saturday, Sunday
When: 01:00:00
Current Time: 2007-01-01 12:00:00
Valid Interval: 23:00:00-02:00:00
Valid days of month: 1, 2, 3, 4, 5, 6, 7, 8, 9, 10, 11, 12, 13, 14, 15, 16, 17, 18, 19, 20, 21, 22, 23, 24, 25, 26, 27, 28, 29, 30, 31
Valid weekdays: Saturday, Sunday
When: 01:00:00
Current Time: 2007-01-02 01:00:00
Valid Interval: 23:00:00-02:00:00
Valid days of month: 1, 2, 3, 4, 5, 6, 7, 8, 9, 10, 11, 12, 13, 14, 15, 16, 17, 18, 19, 20, 21, 22, 23, 24, 25, 26, 27, 28, 29, 30, 31
Valid weekdays: Saturday, Sunday
When: 01:00:00
Current Time: 2007-01-06 00:30:00
Valid Interval: 23:00:00-02:00:00
Valid days of month: 1, 2, 3, 4, 5, 6, 7, 8, 9, 10, 11, 12, 13, 14, 15, 16, 17, 18, 19, 20, 21, 22, 23, 24, 25, 26, 27, 28, 29, 30, 31
Valid weekdays: Saturday, Sunday
When: 01:00:00
Current Time: 2007-01-06 01:30:00
Valid Interval: 23:00:00-02:00:00
Valid days of month: 1, 2, 3, 4, 5, 6, 7, 8, 9, 10, 11, 12, 13, 14, 15, 16, 17, 18, 19, 20, 21, 22, 23, 24, 25, 26, 27, 28, 29, 30, 31
Valid weekdays: Saturday, Sunday
When: 01:00:00
Current Time: 2007-01-06 02:30:00
Valid Interval: 23:00:00-02:00:00
Valid days of month: 1, 2, 3, 4, 5, 6, 7, 8, 9, 10, 11, 12, 13, 14, 15, 16, 17, 18, 19, 20, 21, 22, 23, 24, 25, 26, 27, 28, 29, 30, 31
Valid weekdays: Saturday, Sunday
When: 01:00:00
Current Time: 2007-01-07 02:00:00
Valid Interval: 23:00:00-02:00:00
Valid days of month: 1, 2, 3, 4, 5, 6, 7, 8, 9, 10, 11, 12, 13, 14, 15, 16, 17, 18, 19, 20, 21, 22, 23, 24, 25, 26, 27, 28, 29, 30, 31
Valid weekdays: Saturday, Sunday
When: 23:30:00
Current Time: 2007-01-01 12:00:00
Valid Interval: 23:00:00-02:00:00
Valid days of month: 1, 2, 3, 4, 5, 6, 7, 8, 9, 10, 11, 12, 13, 14, 15, 16, 17, 18, 19, 20, 21, 22, 23, 24, 25, 26, 27, 28, 29, 30, 31
Valid weekdays: Saturday, Sunday
When: 23:30:00
Current Time: 2007-01-05 23:30:00
Valid Interval: 23:00:00-02:00:00
Valid days of month: 1, 2, 3, 4, 5, 6, 7, 8, 9, 10, 11, 12, 13, 14, 15, 16, 17, 18, 19, 20, 21, 22, 23, 24, 25, 26, 27, 28, 29, 30, 31
Valid weekdays: Saturday, Sunday
When: 23:30:00
Current Time: 2007-01-06 23:00:00
Valid Interval: 23:00:00-02:00:00
Valid days of month: 1, 2, 3, 4, 5, 6, 7, 8, 9, 10, 11, 12, 13, 14, 15, 16, 17, 18, 19, 20, 21, 22, 23, 24, 25, 26, 27, 28, 29, 30, 31
Valid weekdays: Saturday, Sunday
When: 23:30:00
Current Time: 2007-01-06 02:00:00
Valid Interval: 23:00:00-02:00:00
Valid days of month: 1, 2, 3, 4, 5, 6, 7, 8, 9, 10, 11, 12, 13, 14, 15, 16, 17, 18, 19, 20, 21, 22, 23, 24, 25, 26, 27, 28, 29, 30, 31
Valid weekdays: Saturday, Sunday
When: 23:30:00
Current Time: 2007-01-07 23:40:00
Valid Interval: 23:00:00-02:00:00
Valid days of month: 1, 2, 3, 4, 5, 6, 7, 8, 9, 10, 11, 12, 13, 14, 15, 16, 17, 18, 19, 20, 21, 22, 23, 24, 25, 26, 27, 28, 29, 30, 31
Valid weekdays: Saturday, Sunday
When: 23:30:00
Current Time: 2007-01-07 01:00:00
Valid Interval: 13:00:00-16:00:00
Valid days of month: 1, 2, 3, 4, 5, 6, 7, 8, 9, 10, 11, 12, 13, 14, 15, 16, 17, 18, 19, 20, 21, 22, 23, 24, 25, 26, 27, 28, 29, 30, 31
Valid weekdays: Saturday, Sunday
When: 14:00:00
Current Time: 2007-01-01 12:00:00
Valid Interval: 13:00:00-16:00:00
Valid days of month: 1, 2, 3, 4, 5, 6, 7, 8, 9, 10, 11, 12, 13, 14, 15, 16, 17, 18, 19, 20, 21, 22, 23, 24, 25, 26, 27, 28, 29, 30, 31
Valid weekdays: Saturday, Sunday
When: 14:00:00
Current Time: 2007-01-02 13:30:00
Valid Interval: 13:00:00-16:00:00
Valid days of month: 1, 2, 3, 4, 5, 6, 7, 8, 9, 10, 11, 12, 13, 14, 15, 16, 17, 18, 19, 20, 21, 22, 23, 24, 25, 26, 27, 28, 29, 30, 31
Valid weekdays: Saturday, Sunday
When: 14:00:00
Current Time: 2007-01-06 13:30:00
Valid Interval: 13:00:00-16:00:00
Valid days of month: 1, 2, 3, 4, 5, 6, 7, 8, 9, 10, 11, 12, 13, 14, 15, 16, 17, 18, 19, 20, 21, 22, 23, 24, 25, 26, 27, 28, 29, 30, 31
Valid weekdays: Saturday, Sunday
When: 14:00:00
Current Time: 2007-01-06 14:30:00
Valid Interval: 13:00:00-16:00:00
Valid days of month: 1, 2, 3, 4, 5, 6, 7, 8, 9, 10, 11, 12, 13, 14, 15, 16, 17, 18, 19, 20, 21, 22, 23, 24, 25, 26, 27, 28, 29, 30, 31
Valid weekdays: Saturday, Sunday
When: 14:00:00
Current Time: 2007-01-06 16:30:00
Valid Interval: 13:00:00-16:00:00
Valid days of month: 1, 2, 3, 4, 5, 6, 7, 8, 9, 10, 11, 12, 13, 14, 15, 16, 17, 18, 19, 20, 21, 22, 23, 24, 25, 26, 27, 28, 29, 30, 31
Valid weekdays: Saturday, Sunday
When: 14:00:00
Current Time: 2007-01-07 16:00:00
Valid Interval: 23:00:00-02:00:00
Valid days of month: 1, 2, 3, 4, 5, 6, 7, 8, 9, 10, 11, 12, 13, 14, 15, 16, 17, 18, 19, 20, 21, 22, 23, 24, 25, 26, 27, 28, 29, 30, 31
Valid weekdays: Saturday, Sunday
When: 01:00:00
Current Time: 2007-01-01 12:00:00
Valid Interval: 23:00:00-02:00:00
Valid days of month: 1, 2, 3, 4, 5, 6, 7, 8, 9, 10, 11, 12, 13, 14, 15, 16, 17, 18, 19, 20, 21, 22, 23, 24, 25, 26, 27, 28, 29, 30, 31
Valid weekdays: Saturday, Sunday
When: 01:00:00
Current Time: 2007-01-02 01:00:00
Valid Interval: 23:00:00-02:00:00
Valid days of month: 1, 2, 3, 4, 5, 6, 7, 8, 9, 10, 11, 12, 13, 14, 15, 16, 17, 18, 19, 20, 21, 22, 23, 24, 25, 26, 27, 28, 29, 30, 31
Valid weekdays: Saturday, Sunday
When: 01:00:00
Current Time: 2007-01-06 00:30:00
Valid Interval: 23:00:00-02:00:00
Valid days of month: 1, 2, 3, 4, 5, 6, 7, 8, 9, 10, 11, 12, 13, 14, 15, 16, 17, 18, 19, 20, 21, 22, 23, 24, 25, 26, 27, 28, 29, 30, 31
Valid weekdays: Saturday, Sunday
When: 01:00:00
Current Time: 2007-01-06 02:30:00
Valid Interval: 23:00:00-02:00:00
Valid days of month: 1, 2, 3, 4, 5, 6, 7, 8, 9, 10, 11, 12, 13, 14, 15, 16, 17, 18, 19, 20, 21, 22, 23, 24, 25, 26, 27, 28, 29, 30, 31
Valid weekdays: Saturday, Sunday
When: 23:30:00
Current Time: 2007-01-01 12:00:00
Valid Interval: 23:00:00-02:00:00
Valid days of month: 1, 2, 3, 4, 5, 6, 7, 8, 9, 10, 11, 12, 13, 14, 15, 16, 17, 18, 19, 20, 21, 22, 23, 24, 25, 26, 27, 28, 29, 30, 31
Valid weekdays: Saturday, Sunday
When: 23:30:00
Current Time: 2007-01-05 23:30:00
Valid Interval: 23:00:00-02:00:00
Valid days of month: 1, 2, 3, 4, 5, 6, 7, 8, 9, 10, 11, 12, 13, 14, 15, 16, 17, 18, 19, 20, 21, 22, 23, 24, 25, 26, 27, 28, 29, 30, 31
Valid weekdays: Saturday, Sunday
When: 23:30:00
Current Time: 2007-01-06 23:00:00
Valid Interval: 23:00:00-02:00:00
Valid days of month: 1, 2, 3, 4, 5, 6, 7, 8, 9, 10, 11, 12, 13, 14, 15, 16, 17, 18, 19, 20, 21, 22, 23, 24, 25, 26, 27, 28, 29, 30, 31
Valid weekdays: Saturday, Sunday
When: 23:30:00
Current Time: 2007-01-06 02:00:00
Valid Interval: 23:00:00-02:00:00
Valid days of month: 1, 2, 3, 4, 5, 6, 7, 8, 9, 10, 11, 12, 13, 14, 15, 16, 17, 18, 19, 20, 21, 22, 23, 24, 25, 26, 27, 28, 29, 30, 31
Valid weekdays: Saturday, Sunday
When: 23:30:00
Current Time: 2007-01-07 23:40:00
Valid Interval: 23:00:00-02:00:00
Valid days of month: 1, 2, 3, 4, 5, 6, 7, 8, 9, 10, 11, 12, 13, 14, 15, 16, 17, 18, 19, 20, 21, 22, 23, 24, 25, 26, 27, 28, 29, 30, 31
Valid weekdays: Saturday, Sunday
When: 23:30:00
Current Time: 2007-01-07 01:00:00
Valid Interval: 13:00:00-16:00:00
Valid days of month: 1, 2, 3, 4, 5, 6, 7, 8, 9, 10, 11, 12, 13, 14, 15, 16, 17, 18, 19, 20, 21, 22, 23, 24, 25, 26, 27, 28, 29, 30, 31
Valid weekdays: Saturday, Sunday
When: 14:00:00
Current Time: 2007-01-06 14:30:00
Valid Interval: 13:00:00-16:00:00
Valid days of month: 1, 2, 3, 4, 5, 6, 7, 8, 9, 10, 11, 12, 13, 14, 15, 16, 17, 18, 19, 20, 21, 22, 23, 24, 25, 26, 27, 28, 29, 30, 31
Valid weekdays: Saturday, Sunday
When: 14:00:00
Current Time: 2007-01-07 15:00:00
Valid Interval: 23:00:00-02:00:00
Valid days of month: 1, 2, 3, 4, 5, 6, 7, 8, 9, 10, 11, 12, 13, 14, 15, 16, 17, 18, 19, 20, 21, 22, 23, 24, 25, 26, 27, 28, 29, 30, 31
Valid weekdays: Saturday, Sunday
When: 01:00:00
Current Time: 2007-01-06 01:30:00
Valid Interval: 23:00:00-02:00:00
Valid days of month: 1, 2, 3, 4, 5, 6, 7, 8, 9, 10, 11, 12, 13, 14, 15, 16, 17, 18, 19, 20, 21, 22, 23, 24, 25, 26, 27, 28, 29, 30, 31
Valid weekdays: Saturday, Sunday
When: 01:00:00
Current Time: 2007-01-07 01:30:00
Valid Interval: 23:00:00-02:00:00
Valid days of month: 1, 2, 3, 4, 5, 6, 7, 8, 9, 10, 11, 12, 13, 14, 15, 16, 17, 18, 19, 20, 21, 22, 23, 24, 25, 26, 27, 28, 29, 30, 31
Valid weekdays: Saturday, Sunday
When: 23:30:00
Current Time: 2007-01-06 23:02:00
Valid Interval: 23:00:00-02:00:00
Valid days of month: 1, 2, 3, 4, 5, 6, 7, 8, 9, 10, 11, 12, 13, 14, 15, 16, 17, 18, 19, 20, 21, 22, 23, 24, 25, 26, 27, 28, 29, 30, 31
Valid weekdays: Saturday, Sunday
When: 23:30:00
Current Time: 2007-01-06 01:10:00
Valid Interval: 23:00:00-02:00:00
Valid days of month: 1, 2, 3, 4, 5, 6, 7, 8, 9, 10, 11, 12, 13, 14, 15, 16, 17, 18, 19, 20, 21, 22, 23, 24, 25, 26, 27, 28, 29, 30, 31
Valid weekdays: Saturday, Sunday
When: 23:30:00
Current Time: 2007-01-07 01:00:40
Valid Interval: 23:00:00-02:00:00
Valid days of month: 2
Valid weekdays: Saturday, Sunday
When: 23:30:00
Current Time: 2007-01-01 12:00:00
Valid Interval: 23:00:00-02:00:00
Valid days of month: 1, 2
Valid weekdays: Saturday, Sunday
When: 23:30:00
Current Time: 2007-01-05 23:30:00
Valid Interval: 23:00:00-02:00:00
Valid days of month: 1, 2
Valid weekdays: Saturday, Sunday
When: 23:30:00
Current Time: 2007-01-06 23:00:00</StdOut>
      </Output>
    </UnitTestResult>
    <UnitTestResult executionId="59925748-1f1a-41e0-a1d9-de2f0ac52630" testId="64b74f30-6d81-4a14-95f7-90488767e4d7" testName="GetNextTimeToTrigger_AbsoluteTimer_ReturnsCorrectTime (Data Row 84)" computerName="ICSWS068" duration="00:00:00.0035095" startTime="2016-08-04T07:57:22.9632975+02:00" endTime="2016-08-04T07:57:22.9668025+02:00" testType="13cdc9d9-ddb5-4fa4-a97d-d965ccfc6d4b" outcome="Passed" testListId="8c84fa94-04c1-424b-9868-57a2d4851a1d" relativeResultsDirectory="59925748-1f1a-41e0-a1d9-de2f0ac52630">
      <Output>
        <StdOut>TestContext Messages:
Valid Interval: 11:00:00-13:00:00
Valid days of month: 1, 2, 3, 4, 5, 6, 7, 8, 9, 10, 11, 12, 13, 14, 15, 16, 17, 18, 19, 20, 21, 22, 23, 24, 25, 26, 27, 28, 29, 30, 31
Valid weekdays: Monday, Tuesday, Wednesday, Thursday, Friday, Saturday, Sunday
When: 12:00:00
Current Time: 2011-01-01 00:00:00
Valid Interval: 11:00:00-13:00:00
Valid days of month: 1, 2, 3, 4, 5, 6, 7, 8, 9, 10, 11, 12, 13, 14, 15, 16, 17, 18, 19, 20, 21, 22, 23, 24, 25, 26, 27, 28, 29, 30, 31
Valid weekdays: Monday, Tuesday, Wednesday, Thursday, Friday, Saturday, Sunday
When: 12:00:00
Current Time: 2011-01-01 09:00:00
Valid Interval: 11:00:00-13:00:00
Valid days of month: 1, 2, 3, 4, 5, 6, 7, 8, 9, 10, 11, 12, 13, 14, 15, 16, 17, 18, 19, 20, 21, 22, 23, 24, 25, 26, 27, 28, 29, 30, 31
Valid weekdays: Monday, Tuesday, Wednesday, Thursday, Friday, Saturday, Sunday
When: 12:00:00
Current Time: 2011-01-01 11:00:00
Valid Interval: 11:00:00-13:00:00
Valid days of month: 1, 2, 3, 4, 5, 6, 7, 8, 9, 10, 11, 12, 13, 14, 15, 16, 17, 18, 19, 20, 21, 22, 23, 24, 25, 26, 27, 28, 29, 30, 31
Valid weekdays: Monday, Tuesday, Wednesday, Thursday, Friday, Saturday, Sunday
When: 12:00:00
Current Time: 2011-01-01 12:00:00
Valid Interval: 11:00:00-13:00:00
Valid days of month: 1, 2, 3, 4, 5, 6, 7, 8, 9, 10, 11, 12, 13, 14, 15, 16, 17, 18, 19, 20, 21, 22, 23, 24, 25, 26, 27, 28, 29, 30, 31
Valid weekdays: Monday, Tuesday, Wednesday, Thursday, Friday, Saturday, Sunday
When: 12:00:00
Current Time: 2011-01-01 12:30:00
Valid Interval: 11:00:00-13:00:00
Valid days of month: 1, 2, 3, 4, 5, 6, 7, 8, 9, 10, 11, 12, 13, 14, 15, 16, 17, 18, 19, 20, 21, 22, 23, 24, 25, 26, 27, 28, 29, 30, 31
Valid weekdays: Monday, Tuesday, Wednesday, Thursday, Friday, Saturday, Sunday
When: 12:00:00
Current Time: 2011-01-01 13:00:00
Valid Interval: 11:00:00-13:00:00
Valid days of month: 1, 2, 3, 4, 5, 6, 7, 8, 9, 10, 11, 12, 13, 14, 15, 16, 17, 18, 19, 20, 21, 22, 23, 24, 25, 26, 27, 28, 29, 30, 31
Valid weekdays: Monday, Tuesday, Wednesday, Thursday, Friday, Saturday, Sunday
When: 12:00:00
Current Time: 2011-01-02 00:00:00
Valid Interval: 11:00:00-13:00:00
Valid days of month: 1, 2, 3, 4, 5, 6, 7, 8, 9, 10, 11, 12, 13, 14, 15, 16, 17, 18, 19, 20, 21, 22, 23, 24, 25, 26, 27, 28, 29, 30, 31
Valid weekdays: Monday, Tuesday, Wednesday, Thursday, Friday, Saturday, Sunday
When: 12:00:00
Current Time: 2011-01-02 09:00:00
Valid Interval: 11:00:00-13:00:00
Valid days of month: 1, 2, 3, 4, 5, 6, 7, 8, 9, 10, 11, 12, 13, 14, 15, 16, 17, 18, 19, 20, 21, 22, 23, 24, 25, 26, 27, 28, 29, 30, 31
Valid weekdays: Monday, Tuesday, Wednesday, Thursday, Friday, Saturday, Sunday
When: 12:00:00
Current Time: 2011-01-02 12:00:00
Valid Interval: 11:00:00-13:00:00
Valid days of month: 1, 2, 3, 4, 5, 6, 7, 8, 9, 10, 11, 12, 13, 14, 15, 16, 17, 18, 19, 20, 21, 22, 23, 24, 25, 26, 27, 28, 29, 30, 31
Valid weekdays: Monday, Tuesday, Wednesday, Thursday, Friday, Saturday, Sunday
When: 12:00:00
Current Time: 2011-01-02 12:45:30
Valid Interval: 11:00:00-13:00:00
Valid days of month: 1, 2, 3, 4, 5, 6, 7, 8, 9, 10, 11, 12, 13, 14, 15, 16, 17, 18, 19, 20, 21, 22, 23, 24, 25, 26, 27, 28, 29, 30, 31
Valid weekdays: Monday, Tuesday, Wednesday, Thursday, Friday, Saturday, Sunday
When: 12:00:00
Current Time: 2011-01-02 13:00:00
Valid Interval: 11:00:00-13:00:00
Valid days of month: 1, 2, 3, 4, 5, 6, 7, 8, 9, 10, 11, 12, 13, 14, 15, 16, 17, 18, 19, 20, 21, 22, 23, 24, 25, 26, 27, 28, 29, 30, 31
Valid weekdays: Monday, Tuesday, Wednesday, Thursday, Friday, Saturday, Sunday
When: 12:00:00
Current Time: 2011-01-01 12:00:00
Valid Interval: 11:00:00-13:00:00
Valid days of month: 1, 2, 3, 4, 5, 6, 7, 8, 9, 10, 11, 12, 13, 14, 15, 16, 17, 18, 19, 20, 21, 22, 23, 24, 25, 26, 27, 28, 29, 30, 31
Valid weekdays: Monday, Tuesday, Wednesday, Thursday, Friday, Saturday, Sunday
When: 12:00:00
Current Time: 2011-01-01 12:30:00
Valid Interval: 11:00:00-13:00:00
Valid days of month: 1, 2, 3, 4, 5, 6, 7, 8, 9, 10, 11, 12, 13, 14, 15, 16, 17, 18, 19, 20, 21, 22, 23, 24, 25, 26, 27, 28, 29, 30, 31
Valid weekdays: Monday, Tuesday, Wednesday, Thursday, Friday, Saturday, Sunday
When: 12:00:00
Current Time: 2011-01-01 12:30:00
Valid Interval: 11:00:00-13:00:00
Valid days of month: 1, 2, 3, 4, 5, 6, 7, 8, 9, 10, 11, 12, 13, 14, 15, 16, 17, 18, 19, 20, 21, 22, 23, 24, 25, 26, 27, 28, 29, 30, 31
Valid weekdays: Monday, Tuesday, Wednesday, Thursday, Friday, Saturday, Sunday
When: 12:00:00
Current Time: 2011-01-01 13:00:00
Valid Interval: 11:00:00-13:00:00
Valid days of month: 1, 2, 3, 4, 5, 6, 7, 8, 9, 10, 11, 12, 13, 14, 15, 16, 17, 18, 19, 20, 21, 22, 23, 24, 25, 26, 27, 28, 29, 30, 31
Valid weekdays: Monday, Tuesday, Wednesday, Thursday, Friday, Saturday, Sunday
When: 12:00:00
Current Time: 2011-01-01 14:30:00
Valid Interval: 23:00:00-13:00:00
Valid days of month: 1, 2, 3, 4, 5, 6, 7, 8, 9, 10, 11, 12, 13, 14, 15, 16, 17, 18, 19, 20, 21, 22, 23, 24, 25, 26, 27, 28, 29, 30, 31
Valid weekdays: Monday, Tuesday, Wednesday, Thursday, Friday, Saturday, Sunday
When: 23:30:00
Current Time: 2011-01-01 16:00:00
Valid Interval: 23:00:00-13:00:00
Valid days of month: 1, 2, 3, 4, 5, 6, 7, 8, 9, 10, 11, 12, 13, 14, 15, 16, 17, 18, 19, 20, 21, 22, 23, 24, 25, 26, 27, 28, 29, 30, 31
Valid weekdays: Monday, Tuesday, Wednesday, Thursday, Friday, Saturday, Sunday
When: 23:30:00
Current Time: 2011-01-01 23:00:00
Valid Interval: 23:00:00-13:00:00
Valid days of month: 1, 2, 3, 4, 5, 6, 7, 8, 9, 10, 11, 12, 13, 14, 15, 16, 17, 18, 19, 20, 21, 22, 23, 24, 25, 26, 27, 28, 29, 30, 31
Valid weekdays: Monday, Tuesday, Wednesday, Thursday, Friday, Saturday, Sunday
When: 23:30:00
Current Time: 2011-01-01 23:30:00
Valid Interval: 23:00:00-13:00:00
Valid days of month: 1, 2, 3, 4, 5, 6, 7, 8, 9, 10, 11, 12, 13, 14, 15, 16, 17, 18, 19, 20, 21, 22, 23, 24, 25, 26, 27, 28, 29, 30, 31
Valid weekdays: Monday, Tuesday, Wednesday, Thursday, Friday, Saturday, Sunday
When: 23:30:00
Current Time: 2011-01-01 23:45:00
Valid Interval: 23:00:00-13:00:00
Valid days of month: 1, 2, 3, 4, 5, 6, 7, 8, 9, 10, 11, 12, 13, 14, 15, 16, 17, 18, 19, 20, 21, 22, 23, 24, 25, 26, 27, 28, 29, 30, 31
Valid weekdays: Monday, Tuesday, Wednesday, Thursday, Friday, Saturday, Sunday
When: 23:30:00
Current Time: 2011-01-02 00:30:00
Valid Interval: 23:00:00-13:00:00
Valid days of month: 1, 2, 3, 4, 5, 6, 7, 8, 9, 10, 11, 12, 13, 14, 15, 16, 17, 18, 19, 20, 21, 22, 23, 24, 25, 26, 27, 28, 29, 30, 31
Valid weekdays: Monday, Tuesday, Wednesday, Thursday, Friday, Saturday, Sunday
When: 23:30:00
Current Time: 2011-01-01 13:00:00
Valid Interval: 23:00:00-13:00:00
Valid days of month: 1, 2, 3, 4, 5, 6, 7, 8, 9, 10, 11, 12, 13, 14, 15, 16, 17, 18, 19, 20, 21, 22, 23, 24, 25, 26, 27, 28, 29, 30, 31
Valid weekdays: Monday, Tuesday, Wednesday, Thursday, Friday, Saturday, Sunday
When: 01:00:00
Current Time: 2011-01-01 16:00:00
Valid Interval: 23:00:00-13:00:00
Valid days of month: 1, 2, 3, 4, 5, 6, 7, 8, 9, 10, 11, 12, 13, 14, 15, 16, 17, 18, 19, 20, 21, 22, 23, 24, 25, 26, 27, 28, 29, 30, 31
Valid weekdays: Monday, Tuesday, Wednesday, Thursday, Friday, Saturday, Sunday
When: 01:00:00
Current Time: 2011-01-01 23:00:00
Valid Interval: 23:00:00-13:00:00
Valid days of month: 1, 2, 3, 4, 5, 6, 7, 8, 9, 10, 11, 12, 13, 14, 15, 16, 17, 18, 19, 20, 21, 22, 23, 24, 25, 26, 27, 28, 29, 30, 31
Valid weekdays: Monday, Tuesday, Wednesday, Thursday, Friday, Saturday, Sunday
When: 01:00:00
Current Time: 2011-01-01 23:30:00
Valid Interval: 23:00:00-13:00:00
Valid days of month: 1, 2, 3, 4, 5, 6, 7, 8, 9, 10, 11, 12, 13, 14, 15, 16, 17, 18, 19, 20, 21, 22, 23, 24, 25, 26, 27, 28, 29, 30, 31
Valid weekdays: Monday, Tuesday, Wednesday, Thursday, Friday, Saturday, Sunday
When: 01:00:00
Current Time: 2011-01-02 00:30:00
Valid Interval: 23:00:00-13:00:00
Valid days of month: 1, 2, 3, 4, 5, 6, 7, 8, 9, 10, 11, 12, 13, 14, 15, 16, 17, 18, 19, 20, 21, 22, 23, 24, 25, 26, 27, 28, 29, 30, 31
Valid weekdays: Monday, Tuesday, Wednesday, Thursday, Friday, Saturday, Sunday
When: 01:00:00
Current Time: 2011-01-01 02:00:00
Valid Interval: 23:00:00-13:00:00
Valid days of month: 1, 2, 3, 4, 5, 6, 7, 8, 9, 10, 11, 12, 13, 14, 15, 16, 17, 18, 19, 20, 21, 22, 23, 24, 25, 26, 27, 28, 29, 30, 31
Valid weekdays: Monday, Tuesday, Wednesday, Thursday, Friday, Saturday, Sunday
When: 01:00:00
Current Time: 2011-01-01 13:00:00
Valid Interval: 23:00:00-13:00:00
Valid days of month: 1, 2, 3, 4, 5, 6, 7, 8, 9, 10, 11, 12, 13, 14, 15, 16, 17, 18, 19, 20, 21, 22, 23, 24, 25, 26, 27, 28, 29, 30, 31
Valid weekdays: Monday, Tuesday, Wednesday, Thursday, Friday, Saturday, Sunday
When: 23:30:00
Current Time: 2011-01-01 16:00:00
Valid Interval: 23:00:00-13:00:00
Valid days of month: 1, 2, 3, 4, 5, 6, 7, 8, 9, 10, 11, 12, 13, 14, 15, 16, 17, 18, 19, 20, 21, 22, 23, 24, 25, 26, 27, 28, 29, 30, 31
Valid weekdays: Monday, Tuesday, Wednesday, Thursday, Friday, Saturday, Sunday
When: 23:30:00
Current Time: 2011-01-01 23:00:00
Valid Interval: 23:00:00-13:00:00
Valid days of month: 1, 2, 3, 4, 5, 6, 7, 8, 9, 10, 11, 12, 13, 14, 15, 16, 17, 18, 19, 20, 21, 22, 23, 24, 25, 26, 27, 28, 29, 30, 31
Valid weekdays: Monday, Tuesday, Wednesday, Thursday, Friday, Saturday, Sunday
When: 23:30:00
Current Time: 2011-01-01 23:30:00
Valid Interval: 23:00:00-13:00:00
Valid days of month: 1, 2, 3, 4, 5, 6, 7, 8, 9, 10, 11, 12, 13, 14, 15, 16, 17, 18, 19, 20, 21, 22, 23, 24, 25, 26, 27, 28, 29, 30, 31
Valid weekdays: Monday, Tuesday, Wednesday, Thursday, Friday, Saturday, Sunday
When: 23:30:00
Current Time: 2011-01-01 23:45:00
Valid Interval: 23:00:00-13:00:00
Valid days of month: 1, 2, 3, 4, 5, 6, 7, 8, 9, 10, 11, 12, 13, 14, 15, 16, 17, 18, 19, 20, 21, 22, 23, 24, 25, 26, 27, 28, 29, 30, 31
Valid weekdays: Monday, Tuesday, Wednesday, Thursday, Friday, Saturday, Sunday
When: 23:30:00
Current Time: 2011-01-02 00:30:00
Valid Interval: 23:00:00-13:00:00
Valid days of month: 1, 2, 3, 4, 5, 6, 7, 8, 9, 10, 11, 12, 13, 14, 15, 16, 17, 18, 19, 20, 21, 22, 23, 24, 25, 26, 27, 28, 29, 30, 31
Valid weekdays: Monday, Tuesday, Wednesday, Thursday, Friday, Saturday, Sunday
When: 23:30:00
Current Time: 2011-01-01 13:00:00
Valid Interval: 23:00:00-13:00:00
Valid days of month: 1, 2, 3, 4, 5, 6, 7, 8, 9, 10, 11, 12, 13, 14, 15, 16, 17, 18, 19, 20, 21, 22, 23, 24, 25, 26, 27, 28, 29, 30, 31
Valid weekdays: Monday, Tuesday, Wednesday, Thursday, Friday, Saturday, Sunday
When: 01:00:00
Current Time: 2011-01-01 16:00:00
Valid Interval: 23:00:00-13:00:00
Valid days of month: 1, 2, 3, 4, 5, 6, 7, 8, 9, 10, 11, 12, 13, 14, 15, 16, 17, 18, 19, 20, 21, 22, 23, 24, 25, 26, 27, 28, 29, 30, 31
Valid weekdays: Monday, Tuesday, Wednesday, Thursday, Friday, Saturday, Sunday
When: 01:00:00
Current Time: 2011-01-01 23:00:00
Valid Interval: 23:00:00-13:00:00
Valid days of month: 1, 2, 3, 4, 5, 6, 7, 8, 9, 10, 11, 12, 13, 14, 15, 16, 17, 18, 19, 20, 21, 22, 23, 24, 25, 26, 27, 28, 29, 30, 31
Valid weekdays: Monday, Tuesday, Wednesday, Thursday, Friday, Saturday, Sunday
When: 01:00:00
Current Time: 2011-01-01 23:30:00
Valid Interval: 23:00:00-13:00:00
Valid days of month: 1, 2, 3, 4, 5, 6, 7, 8, 9, 10, 11, 12, 13, 14, 15, 16, 17, 18, 19, 20, 21, 22, 23, 24, 25, 26, 27, 28, 29, 30, 31
Valid weekdays: Monday, Tuesday, Wednesday, Thursday, Friday, Saturday, Sunday
When: 01:00:00
Current Time: 2011-01-02 00:30:00
Valid Interval: 23:00:00-13:00:00
Valid days of month: 1, 2, 3, 4, 5, 6, 7, 8, 9, 10, 11, 12, 13, 14, 15, 16, 17, 18, 19, 20, 21, 22, 23, 24, 25, 26, 27, 28, 29, 30, 31
Valid weekdays: Monday, Tuesday, Wednesday, Thursday, Friday, Saturday, Sunday
When: 01:00:00
Current Time: 2011-01-02 02:00:00
Valid Interval: 23:00:00-13:00:00
Valid days of month: 1, 2, 3, 4, 5, 6, 7, 8, 9, 10, 11, 12, 13, 14, 15, 16, 17, 18, 19, 20, 21, 22, 23, 24, 25, 26, 27, 28, 29, 30, 31
Valid weekdays: Monday, Tuesday, Wednesday, Thursday, Friday, Saturday, Sunday
When: 01:00:00
Current Time: 2011-01-02 13:00:00
Valid Interval: 23:00:00-13:00:00
Valid days of month: 1, 2, 3, 4, 5, 6, 7, 8, 9, 10, 11, 12, 13, 14, 15, 16, 17, 18, 19, 20, 21, 22, 23, 24, 25, 26, 27, 28, 29, 30, 31
Valid weekdays: Monday, Tuesday, Wednesday, Thursday, Friday, Saturday, Sunday
When: 23:30:00
Current Time: 2011-01-01 23:30:05
Valid Interval: 23:00:00-13:00:00
Valid days of month: 1, 2, 3, 4, 5, 6, 7, 8, 9, 10, 11, 12, 13, 14, 15, 16, 17, 18, 19, 20, 21, 22, 23, 24, 25, 26, 27, 28, 29, 30, 31
Valid weekdays: Monday, Tuesday, Wednesday, Thursday, Friday, Saturday, Sunday
When: 23:30:00
Current Time: 2011-01-02 00:30:00
Valid Interval: 23:00:00-13:00:00
Valid days of month: 1, 2, 3, 4, 5, 6, 7, 8, 9, 10, 11, 12, 13, 14, 15, 16, 17, 18, 19, 20, 21, 22, 23, 24, 25, 26, 27, 28, 29, 30, 31
Valid weekdays: Monday, Tuesday, Wednesday, Thursday, Friday, Saturday, Sunday
When: 23:30:00
Current Time: 2011-01-02 13:00:00
Valid Interval: 23:00:00-13:00:00
Valid days of month: 1, 2, 3, 4, 5, 6, 7, 8, 9, 10, 11, 12, 13, 14, 15, 16, 17, 18, 19, 20, 21, 22, 23, 24, 25, 26, 27, 28, 29, 30, 31
Valid weekdays: Monday, Tuesday, Wednesday, Thursday, Friday, Saturday, Sunday
When: 01:00:00
Current Time: 2011-01-01 02:00:00
Valid Interval: 23:00:00-13:00:00
Valid days of month: 1, 2, 3, 4, 5, 6, 7, 8, 9, 10, 11, 12, 13, 14, 15, 16, 17, 18, 19, 20, 21, 22, 23, 24, 25, 26, 27, 28, 29, 30, 31
Valid weekdays: Monday, Tuesday, Wednesday, Thursday, Friday, Saturday, Sunday
When: 01:00:00
Current Time: 2011-01-02 02:00:00
Valid Interval: 13:00:00-16:00:00
Valid days of month: 1, 2, 3, 4, 5, 6, 7, 8, 9, 10, 11, 12, 13, 14, 15, 16, 17, 18, 19, 20, 21, 22, 23, 24, 25, 26, 27, 28, 29, 30, 31
Valid weekdays: Saturday, Sunday
When: 14:00:00
Current Time: 2007-01-01 12:00:00
Valid Interval: 13:00:00-16:00:00
Valid days of month: 1, 2, 3, 4, 5, 6, 7, 8, 9, 10, 11, 12, 13, 14, 15, 16, 17, 18, 19, 20, 21, 22, 23, 24, 25, 26, 27, 28, 29, 30, 31
Valid weekdays: Saturday, Sunday
When: 14:00:00
Current Time: 2007-01-02 13:30:00
Valid Interval: 13:00:00-16:00:00
Valid days of month: 1, 2, 3, 4, 5, 6, 7, 8, 9, 10, 11, 12, 13, 14, 15, 16, 17, 18, 19, 20, 21, 22, 23, 24, 25, 26, 27, 28, 29, 30, 31
Valid weekdays: Saturday, Sunday
When: 14:00:00
Current Time: 2007-01-06 13:30:00
Valid Interval: 13:00:00-16:00:00
Valid days of month: 1, 2, 3, 4, 5, 6, 7, 8, 9, 10, 11, 12, 13, 14, 15, 16, 17, 18, 19, 20, 21, 22, 23, 24, 25, 26, 27, 28, 29, 30, 31
Valid weekdays: Saturday, Sunday
When: 14:00:00
Current Time: 2007-01-06 14:30:00
Valid Interval: 13:00:00-16:00:00
Valid days of month: 1, 2, 3, 4, 5, 6, 7, 8, 9, 10, 11, 12, 13, 14, 15, 16, 17, 18, 19, 20, 21, 22, 23, 24, 25, 26, 27, 28, 29, 30, 31
Valid weekdays: Saturday, Sunday
When: 14:00:00
Current Time: 2007-01-06 16:30:00
Valid Interval: 13:00:00-16:00:00
Valid days of month: 1, 2, 3, 4, 5, 6, 7, 8, 9, 10, 11, 12, 13, 14, 15, 16, 17, 18, 19, 20, 21, 22, 23, 24, 25, 26, 27, 28, 29, 30, 31
Valid weekdays: Saturday, Sunday
When: 14:00:00
Current Time: 2007-01-07 16:00:00
Valid Interval: 23:00:00-02:00:00
Valid days of month: 1, 2, 3, 4, 5, 6, 7, 8, 9, 10, 11, 12, 13, 14, 15, 16, 17, 18, 19, 20, 21, 22, 23, 24, 25, 26, 27, 28, 29, 30, 31
Valid weekdays: Saturday, Sunday
When: 01:00:00
Current Time: 2007-01-01 12:00:00
Valid Interval: 23:00:00-02:00:00
Valid days of month: 1, 2, 3, 4, 5, 6, 7, 8, 9, 10, 11, 12, 13, 14, 15, 16, 17, 18, 19, 20, 21, 22, 23, 24, 25, 26, 27, 28, 29, 30, 31
Valid weekdays: Saturday, Sunday
When: 01:00:00
Current Time: 2007-01-02 01:00:00
Valid Interval: 23:00:00-02:00:00
Valid days of month: 1, 2, 3, 4, 5, 6, 7, 8, 9, 10, 11, 12, 13, 14, 15, 16, 17, 18, 19, 20, 21, 22, 23, 24, 25, 26, 27, 28, 29, 30, 31
Valid weekdays: Saturday, Sunday
When: 01:00:00
Current Time: 2007-01-06 00:30:00
Valid Interval: 23:00:00-02:00:00
Valid days of month: 1, 2, 3, 4, 5, 6, 7, 8, 9, 10, 11, 12, 13, 14, 15, 16, 17, 18, 19, 20, 21, 22, 23, 24, 25, 26, 27, 28, 29, 30, 31
Valid weekdays: Saturday, Sunday
When: 01:00:00
Current Time: 2007-01-06 01:30:00
Valid Interval: 23:00:00-02:00:00
Valid days of month: 1, 2, 3, 4, 5, 6, 7, 8, 9, 10, 11, 12, 13, 14, 15, 16, 17, 18, 19, 20, 21, 22, 23, 24, 25, 26, 27, 28, 29, 30, 31
Valid weekdays: Saturday, Sunday
When: 01:00:00
Current Time: 2007-01-06 02:30:00
Valid Interval: 23:00:00-02:00:00
Valid days of month: 1, 2, 3, 4, 5, 6, 7, 8, 9, 10, 11, 12, 13, 14, 15, 16, 17, 18, 19, 20, 21, 22, 23, 24, 25, 26, 27, 28, 29, 30, 31
Valid weekdays: Saturday, Sunday
When: 01:00:00
Current Time: 2007-01-07 02:00:00
Valid Interval: 23:00:00-02:00:00
Valid days of month: 1, 2, 3, 4, 5, 6, 7, 8, 9, 10, 11, 12, 13, 14, 15, 16, 17, 18, 19, 20, 21, 22, 23, 24, 25, 26, 27, 28, 29, 30, 31
Valid weekdays: Saturday, Sunday
When: 23:30:00
Current Time: 2007-01-01 12:00:00
Valid Interval: 23:00:00-02:00:00
Valid days of month: 1, 2, 3, 4, 5, 6, 7, 8, 9, 10, 11, 12, 13, 14, 15, 16, 17, 18, 19, 20, 21, 22, 23, 24, 25, 26, 27, 28, 29, 30, 31
Valid weekdays: Saturday, Sunday
When: 23:30:00
Current Time: 2007-01-05 23:30:00
Valid Interval: 23:00:00-02:00:00
Valid days of month: 1, 2, 3, 4, 5, 6, 7, 8, 9, 10, 11, 12, 13, 14, 15, 16, 17, 18, 19, 20, 21, 22, 23, 24, 25, 26, 27, 28, 29, 30, 31
Valid weekdays: Saturday, Sunday
When: 23:30:00
Current Time: 2007-01-06 23:00:00
Valid Interval: 23:00:00-02:00:00
Valid days of month: 1, 2, 3, 4, 5, 6, 7, 8, 9, 10, 11, 12, 13, 14, 15, 16, 17, 18, 19, 20, 21, 22, 23, 24, 25, 26, 27, 28, 29, 30, 31
Valid weekdays: Saturday, Sunday
When: 23:30:00
Current Time: 2007-01-06 02:00:00
Valid Interval: 23:00:00-02:00:00
Valid days of month: 1, 2, 3, 4, 5, 6, 7, 8, 9, 10, 11, 12, 13, 14, 15, 16, 17, 18, 19, 20, 21, 22, 23, 24, 25, 26, 27, 28, 29, 30, 31
Valid weekdays: Saturday, Sunday
When: 23:30:00
Current Time: 2007-01-07 23:40:00
Valid Interval: 23:00:00-02:00:00
Valid days of month: 1, 2, 3, 4, 5, 6, 7, 8, 9, 10, 11, 12, 13, 14, 15, 16, 17, 18, 19, 20, 21, 22, 23, 24, 25, 26, 27, 28, 29, 30, 31
Valid weekdays: Saturday, Sunday
When: 23:30:00
Current Time: 2007-01-07 01:00:00
Valid Interval: 13:00:00-16:00:00
Valid days of month: 1, 2, 3, 4, 5, 6, 7, 8, 9, 10, 11, 12, 13, 14, 15, 16, 17, 18, 19, 20, 21, 22, 23, 24, 25, 26, 27, 28, 29, 30, 31
Valid weekdays: Saturday, Sunday
When: 14:00:00
Current Time: 2007-01-01 12:00:00
Valid Interval: 13:00:00-16:00:00
Valid days of month: 1, 2, 3, 4, 5, 6, 7, 8, 9, 10, 11, 12, 13, 14, 15, 16, 17, 18, 19, 20, 21, 22, 23, 24, 25, 26, 27, 28, 29, 30, 31
Valid weekdays: Saturday, Sunday
When: 14:00:00
Current Time: 2007-01-02 13:30:00
Valid Interval: 13:00:00-16:00:00
Valid days of month: 1, 2, 3, 4, 5, 6, 7, 8, 9, 10, 11, 12, 13, 14, 15, 16, 17, 18, 19, 20, 21, 22, 23, 24, 25, 26, 27, 28, 29, 30, 31
Valid weekdays: Saturday, Sunday
When: 14:00:00
Current Time: 2007-01-06 13:30:00
Valid Interval: 13:00:00-16:00:00
Valid days of month: 1, 2, 3, 4, 5, 6, 7, 8, 9, 10, 11, 12, 13, 14, 15, 16, 17, 18, 19, 20, 21, 22, 23, 24, 25, 26, 27, 28, 29, 30, 31
Valid weekdays: Saturday, Sunday
When: 14:00:00
Current Time: 2007-01-06 14:30:00
Valid Interval: 13:00:00-16:00:00
Valid days of month: 1, 2, 3, 4, 5, 6, 7, 8, 9, 10, 11, 12, 13, 14, 15, 16, 17, 18, 19, 20, 21, 22, 23, 24, 25, 26, 27, 28, 29, 30, 31
Valid weekdays: Saturday, Sunday
When: 14:00:00
Current Time: 2007-01-06 16:30:00
Valid Interval: 13:00:00-16:00:00
Valid days of month: 1, 2, 3, 4, 5, 6, 7, 8, 9, 10, 11, 12, 13, 14, 15, 16, 17, 18, 19, 20, 21, 22, 23, 24, 25, 26, 27, 28, 29, 30, 31
Valid weekdays: Saturday, Sunday
When: 14:00:00
Current Time: 2007-01-07 16:00:00
Valid Interval: 23:00:00-02:00:00
Valid days of month: 1, 2, 3, 4, 5, 6, 7, 8, 9, 10, 11, 12, 13, 14, 15, 16, 17, 18, 19, 20, 21, 22, 23, 24, 25, 26, 27, 28, 29, 30, 31
Valid weekdays: Saturday, Sunday
When: 01:00:00
Current Time: 2007-01-01 12:00:00
Valid Interval: 23:00:00-02:00:00
Valid days of month: 1, 2, 3, 4, 5, 6, 7, 8, 9, 10, 11, 12, 13, 14, 15, 16, 17, 18, 19, 20, 21, 22, 23, 24, 25, 26, 27, 28, 29, 30, 31
Valid weekdays: Saturday, Sunday
When: 01:00:00
Current Time: 2007-01-02 01:00:00
Valid Interval: 23:00:00-02:00:00
Valid days of month: 1, 2, 3, 4, 5, 6, 7, 8, 9, 10, 11, 12, 13, 14, 15, 16, 17, 18, 19, 20, 21, 22, 23, 24, 25, 26, 27, 28, 29, 30, 31
Valid weekdays: Saturday, Sunday
When: 01:00:00
Current Time: 2007-01-06 00:30:00
Valid Interval: 23:00:00-02:00:00
Valid days of month: 1, 2, 3, 4, 5, 6, 7, 8, 9, 10, 11, 12, 13, 14, 15, 16, 17, 18, 19, 20, 21, 22, 23, 24, 25, 26, 27, 28, 29, 30, 31
Valid weekdays: Saturday, Sunday
When: 01:00:00
Current Time: 2007-01-06 02:30:00
Valid Interval: 23:00:00-02:00:00
Valid days of month: 1, 2, 3, 4, 5, 6, 7, 8, 9, 10, 11, 12, 13, 14, 15, 16, 17, 18, 19, 20, 21, 22, 23, 24, 25, 26, 27, 28, 29, 30, 31
Valid weekdays: Saturday, Sunday
When: 23:30:00
Current Time: 2007-01-01 12:00:00
Valid Interval: 23:00:00-02:00:00
Valid days of month: 1, 2, 3, 4, 5, 6, 7, 8, 9, 10, 11, 12, 13, 14, 15, 16, 17, 18, 19, 20, 21, 22, 23, 24, 25, 26, 27, 28, 29, 30, 31
Valid weekdays: Saturday, Sunday
When: 23:30:00
Current Time: 2007-01-05 23:30:00
Valid Interval: 23:00:00-02:00:00
Valid days of month: 1, 2, 3, 4, 5, 6, 7, 8, 9, 10, 11, 12, 13, 14, 15, 16, 17, 18, 19, 20, 21, 22, 23, 24, 25, 26, 27, 28, 29, 30, 31
Valid weekdays: Saturday, Sunday
When: 23:30:00
Current Time: 2007-01-06 23:00:00
Valid Interval: 23:00:00-02:00:00
Valid days of month: 1, 2, 3, 4, 5, 6, 7, 8, 9, 10, 11, 12, 13, 14, 15, 16, 17, 18, 19, 20, 21, 22, 23, 24, 25, 26, 27, 28, 29, 30, 31
Valid weekdays: Saturday, Sunday
When: 23:30:00
Current Time: 2007-01-06 02:00:00
Valid Interval: 23:00:00-02:00:00
Valid days of month: 1, 2, 3, 4, 5, 6, 7, 8, 9, 10, 11, 12, 13, 14, 15, 16, 17, 18, 19, 20, 21, 22, 23, 24, 25, 26, 27, 28, 29, 30, 31
Valid weekdays: Saturday, Sunday
When: 23:30:00
Current Time: 2007-01-07 23:40:00
Valid Interval: 23:00:00-02:00:00
Valid days of month: 1, 2, 3, 4, 5, 6, 7, 8, 9, 10, 11, 12, 13, 14, 15, 16, 17, 18, 19, 20, 21, 22, 23, 24, 25, 26, 27, 28, 29, 30, 31
Valid weekdays: Saturday, Sunday
When: 23:30:00
Current Time: 2007-01-07 01:00:00
Valid Interval: 13:00:00-16:00:00
Valid days of month: 1, 2, 3, 4, 5, 6, 7, 8, 9, 10, 11, 12, 13, 14, 15, 16, 17, 18, 19, 20, 21, 22, 23, 24, 25, 26, 27, 28, 29, 30, 31
Valid weekdays: Saturday, Sunday
When: 14:00:00
Current Time: 2007-01-06 14:30:00
Valid Interval: 13:00:00-16:00:00
Valid days of month: 1, 2, 3, 4, 5, 6, 7, 8, 9, 10, 11, 12, 13, 14, 15, 16, 17, 18, 19, 20, 21, 22, 23, 24, 25, 26, 27, 28, 29, 30, 31
Valid weekdays: Saturday, Sunday
When: 14:00:00
Current Time: 2007-01-07 15:00:00
Valid Interval: 23:00:00-02:00:00
Valid days of month: 1, 2, 3, 4, 5, 6, 7, 8, 9, 10, 11, 12, 13, 14, 15, 16, 17, 18, 19, 20, 21, 22, 23, 24, 25, 26, 27, 28, 29, 30, 31
Valid weekdays: Saturday, Sunday
When: 01:00:00
Current Time: 2007-01-06 01:30:00
Valid Interval: 23:00:00-02:00:00
Valid days of month: 1, 2, 3, 4, 5, 6, 7, 8, 9, 10, 11, 12, 13, 14, 15, 16, 17, 18, 19, 20, 21, 22, 23, 24, 25, 26, 27, 28, 29, 30, 31
Valid weekdays: Saturday, Sunday
When: 01:00:00
Current Time: 2007-01-07 01:30:00
Valid Interval: 23:00:00-02:00:00
Valid days of month: 1, 2, 3, 4, 5, 6, 7, 8, 9, 10, 11, 12, 13, 14, 15, 16, 17, 18, 19, 20, 21, 22, 23, 24, 25, 26, 27, 28, 29, 30, 31
Valid weekdays: Saturday, Sunday
When: 23:30:00
Current Time: 2007-01-06 23:02:00
Valid Interval: 23:00:00-02:00:00
Valid days of month: 1, 2, 3, 4, 5, 6, 7, 8, 9, 10, 11, 12, 13, 14, 15, 16, 17, 18, 19, 20, 21, 22, 23, 24, 25, 26, 27, 28, 29, 30, 31
Valid weekdays: Saturday, Sunday
When: 23:30:00
Current Time: 2007-01-06 01:10:00
Valid Interval: 23:00:00-02:00:00
Valid days of month: 1, 2, 3, 4, 5, 6, 7, 8, 9, 10, 11, 12, 13, 14, 15, 16, 17, 18, 19, 20, 21, 22, 23, 24, 25, 26, 27, 28, 29, 30, 31
Valid weekdays: Saturday, Sunday
When: 23:30:00
Current Time: 2007-01-07 01:00:40
Valid Interval: 23:00:00-02:00:00
Valid days of month: 2
Valid weekdays: Saturday, Sunday
When: 23:30:00
Current Time: 2007-01-01 12:00:00
Valid Interval: 23:00:00-02:00:00
Valid days of month: 1, 2
Valid weekdays: Saturday, Sunday
When: 23:30:00
Current Time: 2007-01-05 23:30:00
Valid Interval: 23:00:00-02:00:00
Valid days of month: 1, 2
Valid weekdays: Saturday, Sunday
When: 23:30:00
Current Time: 2007-01-06 23:00:00</StdOut>
      </Output>
    </UnitTestResult>
    <UnitTestResult executionId="3b5e56fe-0ba1-4594-bb08-3a5d2c1d792a" testId="ef759501-3967-42a5-b660-1673eafaeaed" testName="GetNextTimeToTrigger_AbsoluteTimer_ReturnsCorrectTime (Data Row 85)" computerName="ICSWS068" duration="00:00:00.0039963" startTime="2016-08-04T07:57:22.9673022+02:00" endTime="2016-08-04T07:57:22.9713050+02:00" testType="13cdc9d9-ddb5-4fa4-a97d-d965ccfc6d4b" outcome="Passed" testListId="8c84fa94-04c1-424b-9868-57a2d4851a1d" relativeResultsDirectory="3b5e56fe-0ba1-4594-bb08-3a5d2c1d792a">
      <Output>
        <StdOut>TestContext Messages:
Valid Interval: 11:00:00-13:00:00
Valid days of month: 1, 2, 3, 4, 5, 6, 7, 8, 9, 10, 11, 12, 13, 14, 15, 16, 17, 18, 19, 20, 21, 22, 23, 24, 25, 26, 27, 28, 29, 30, 31
Valid weekdays: Monday, Tuesday, Wednesday, Thursday, Friday, Saturday, Sunday
When: 12:00:00
Current Time: 2011-01-01 00:00:00
Valid Interval: 11:00:00-13:00:00
Valid days of month: 1, 2, 3, 4, 5, 6, 7, 8, 9, 10, 11, 12, 13, 14, 15, 16, 17, 18, 19, 20, 21, 22, 23, 24, 25, 26, 27, 28, 29, 30, 31
Valid weekdays: Monday, Tuesday, Wednesday, Thursday, Friday, Saturday, Sunday
When: 12:00:00
Current Time: 2011-01-01 09:00:00
Valid Interval: 11:00:00-13:00:00
Valid days of month: 1, 2, 3, 4, 5, 6, 7, 8, 9, 10, 11, 12, 13, 14, 15, 16, 17, 18, 19, 20, 21, 22, 23, 24, 25, 26, 27, 28, 29, 30, 31
Valid weekdays: Monday, Tuesday, Wednesday, Thursday, Friday, Saturday, Sunday
When: 12:00:00
Current Time: 2011-01-01 11:00:00
Valid Interval: 11:00:00-13:00:00
Valid days of month: 1, 2, 3, 4, 5, 6, 7, 8, 9, 10, 11, 12, 13, 14, 15, 16, 17, 18, 19, 20, 21, 22, 23, 24, 25, 26, 27, 28, 29, 30, 31
Valid weekdays: Monday, Tuesday, Wednesday, Thursday, Friday, Saturday, Sunday
When: 12:00:00
Current Time: 2011-01-01 12:00:00
Valid Interval: 11:00:00-13:00:00
Valid days of month: 1, 2, 3, 4, 5, 6, 7, 8, 9, 10, 11, 12, 13, 14, 15, 16, 17, 18, 19, 20, 21, 22, 23, 24, 25, 26, 27, 28, 29, 30, 31
Valid weekdays: Monday, Tuesday, Wednesday, Thursday, Friday, Saturday, Sunday
When: 12:00:00
Current Time: 2011-01-01 12:30:00
Valid Interval: 11:00:00-13:00:00
Valid days of month: 1, 2, 3, 4, 5, 6, 7, 8, 9, 10, 11, 12, 13, 14, 15, 16, 17, 18, 19, 20, 21, 22, 23, 24, 25, 26, 27, 28, 29, 30, 31
Valid weekdays: Monday, Tuesday, Wednesday, Thursday, Friday, Saturday, Sunday
When: 12:00:00
Current Time: 2011-01-01 13:00:00
Valid Interval: 11:00:00-13:00:00
Valid days of month: 1, 2, 3, 4, 5, 6, 7, 8, 9, 10, 11, 12, 13, 14, 15, 16, 17, 18, 19, 20, 21, 22, 23, 24, 25, 26, 27, 28, 29, 30, 31
Valid weekdays: Monday, Tuesday, Wednesday, Thursday, Friday, Saturday, Sunday
When: 12:00:00
Current Time: 2011-01-02 00:00:00
Valid Interval: 11:00:00-13:00:00
Valid days of month: 1, 2, 3, 4, 5, 6, 7, 8, 9, 10, 11, 12, 13, 14, 15, 16, 17, 18, 19, 20, 21, 22, 23, 24, 25, 26, 27, 28, 29, 30, 31
Valid weekdays: Monday, Tuesday, Wednesday, Thursday, Friday, Saturday, Sunday
When: 12:00:00
Current Time: 2011-01-02 09:00:00
Valid Interval: 11:00:00-13:00:00
Valid days of month: 1, 2, 3, 4, 5, 6, 7, 8, 9, 10, 11, 12, 13, 14, 15, 16, 17, 18, 19, 20, 21, 22, 23, 24, 25, 26, 27, 28, 29, 30, 31
Valid weekdays: Monday, Tuesday, Wednesday, Thursday, Friday, Saturday, Sunday
When: 12:00:00
Current Time: 2011-01-02 12:00:00
Valid Interval: 11:00:00-13:00:00
Valid days of month: 1, 2, 3, 4, 5, 6, 7, 8, 9, 10, 11, 12, 13, 14, 15, 16, 17, 18, 19, 20, 21, 22, 23, 24, 25, 26, 27, 28, 29, 30, 31
Valid weekdays: Monday, Tuesday, Wednesday, Thursday, Friday, Saturday, Sunday
When: 12:00:00
Current Time: 2011-01-02 12:45:30
Valid Interval: 11:00:00-13:00:00
Valid days of month: 1, 2, 3, 4, 5, 6, 7, 8, 9, 10, 11, 12, 13, 14, 15, 16, 17, 18, 19, 20, 21, 22, 23, 24, 25, 26, 27, 28, 29, 30, 31
Valid weekdays: Monday, Tuesday, Wednesday, Thursday, Friday, Saturday, Sunday
When: 12:00:00
Current Time: 2011-01-02 13:00:00
Valid Interval: 11:00:00-13:00:00
Valid days of month: 1, 2, 3, 4, 5, 6, 7, 8, 9, 10, 11, 12, 13, 14, 15, 16, 17, 18, 19, 20, 21, 22, 23, 24, 25, 26, 27, 28, 29, 30, 31
Valid weekdays: Monday, Tuesday, Wednesday, Thursday, Friday, Saturday, Sunday
When: 12:00:00
Current Time: 2011-01-01 12:00:00
Valid Interval: 11:00:00-13:00:00
Valid days of month: 1, 2, 3, 4, 5, 6, 7, 8, 9, 10, 11, 12, 13, 14, 15, 16, 17, 18, 19, 20, 21, 22, 23, 24, 25, 26, 27, 28, 29, 30, 31
Valid weekdays: Monday, Tuesday, Wednesday, Thursday, Friday, Saturday, Sunday
When: 12:00:00
Current Time: 2011-01-01 12:30:00
Valid Interval: 11:00:00-13:00:00
Valid days of month: 1, 2, 3, 4, 5, 6, 7, 8, 9, 10, 11, 12, 13, 14, 15, 16, 17, 18, 19, 20, 21, 22, 23, 24, 25, 26, 27, 28, 29, 30, 31
Valid weekdays: Monday, Tuesday, Wednesday, Thursday, Friday, Saturday, Sunday
When: 12:00:00
Current Time: 2011-01-01 12:30:00
Valid Interval: 11:00:00-13:00:00
Valid days of month: 1, 2, 3, 4, 5, 6, 7, 8, 9, 10, 11, 12, 13, 14, 15, 16, 17, 18, 19, 20, 21, 22, 23, 24, 25, 26, 27, 28, 29, 30, 31
Valid weekdays: Monday, Tuesday, Wednesday, Thursday, Friday, Saturday, Sunday
When: 12:00:00
Current Time: 2011-01-01 13:00:00
Valid Interval: 11:00:00-13:00:00
Valid days of month: 1, 2, 3, 4, 5, 6, 7, 8, 9, 10, 11, 12, 13, 14, 15, 16, 17, 18, 19, 20, 21, 22, 23, 24, 25, 26, 27, 28, 29, 30, 31
Valid weekdays: Monday, Tuesday, Wednesday, Thursday, Friday, Saturday, Sunday
When: 12:00:00
Current Time: 2011-01-01 14:30:00
Valid Interval: 23:00:00-13:00:00
Valid days of month: 1, 2, 3, 4, 5, 6, 7, 8, 9, 10, 11, 12, 13, 14, 15, 16, 17, 18, 19, 20, 21, 22, 23, 24, 25, 26, 27, 28, 29, 30, 31
Valid weekdays: Monday, Tuesday, Wednesday, Thursday, Friday, Saturday, Sunday
When: 23:30:00
Current Time: 2011-01-01 16:00:00
Valid Interval: 23:00:00-13:00:00
Valid days of month: 1, 2, 3, 4, 5, 6, 7, 8, 9, 10, 11, 12, 13, 14, 15, 16, 17, 18, 19, 20, 21, 22, 23, 24, 25, 26, 27, 28, 29, 30, 31
Valid weekdays: Monday, Tuesday, Wednesday, Thursday, Friday, Saturday, Sunday
When: 23:30:00
Current Time: 2011-01-01 23:00:00
Valid Interval: 23:00:00-13:00:00
Valid days of month: 1, 2, 3, 4, 5, 6, 7, 8, 9, 10, 11, 12, 13, 14, 15, 16, 17, 18, 19, 20, 21, 22, 23, 24, 25, 26, 27, 28, 29, 30, 31
Valid weekdays: Monday, Tuesday, Wednesday, Thursday, Friday, Saturday, Sunday
When: 23:30:00
Current Time: 2011-01-01 23:30:00
Valid Interval: 23:00:00-13:00:00
Valid days of month: 1, 2, 3, 4, 5, 6, 7, 8, 9, 10, 11, 12, 13, 14, 15, 16, 17, 18, 19, 20, 21, 22, 23, 24, 25, 26, 27, 28, 29, 30, 31
Valid weekdays: Monday, Tuesday, Wednesday, Thursday, Friday, Saturday, Sunday
When: 23:30:00
Current Time: 2011-01-01 23:45:00
Valid Interval: 23:00:00-13:00:00
Valid days of month: 1, 2, 3, 4, 5, 6, 7, 8, 9, 10, 11, 12, 13, 14, 15, 16, 17, 18, 19, 20, 21, 22, 23, 24, 25, 26, 27, 28, 29, 30, 31
Valid weekdays: Monday, Tuesday, Wednesday, Thursday, Friday, Saturday, Sunday
When: 23:30:00
Current Time: 2011-01-02 00:30:00
Valid Interval: 23:00:00-13:00:00
Valid days of month: 1, 2, 3, 4, 5, 6, 7, 8, 9, 10, 11, 12, 13, 14, 15, 16, 17, 18, 19, 20, 21, 22, 23, 24, 25, 26, 27, 28, 29, 30, 31
Valid weekdays: Monday, Tuesday, Wednesday, Thursday, Friday, Saturday, Sunday
When: 23:30:00
Current Time: 2011-01-01 13:00:00
Valid Interval: 23:00:00-13:00:00
Valid days of month: 1, 2, 3, 4, 5, 6, 7, 8, 9, 10, 11, 12, 13, 14, 15, 16, 17, 18, 19, 20, 21, 22, 23, 24, 25, 26, 27, 28, 29, 30, 31
Valid weekdays: Monday, Tuesday, Wednesday, Thursday, Friday, Saturday, Sunday
When: 01:00:00
Current Time: 2011-01-01 16:00:00
Valid Interval: 23:00:00-13:00:00
Valid days of month: 1, 2, 3, 4, 5, 6, 7, 8, 9, 10, 11, 12, 13, 14, 15, 16, 17, 18, 19, 20, 21, 22, 23, 24, 25, 26, 27, 28, 29, 30, 31
Valid weekdays: Monday, Tuesday, Wednesday, Thursday, Friday, Saturday, Sunday
When: 01:00:00
Current Time: 2011-01-01 23:00:00
Valid Interval: 23:00:00-13:00:00
Valid days of month: 1, 2, 3, 4, 5, 6, 7, 8, 9, 10, 11, 12, 13, 14, 15, 16, 17, 18, 19, 20, 21, 22, 23, 24, 25, 26, 27, 28, 29, 30, 31
Valid weekdays: Monday, Tuesday, Wednesday, Thursday, Friday, Saturday, Sunday
When: 01:00:00
Current Time: 2011-01-01 23:30:00
Valid Interval: 23:00:00-13:00:00
Valid days of month: 1, 2, 3, 4, 5, 6, 7, 8, 9, 10, 11, 12, 13, 14, 15, 16, 17, 18, 19, 20, 21, 22, 23, 24, 25, 26, 27, 28, 29, 30, 31
Valid weekdays: Monday, Tuesday, Wednesday, Thursday, Friday, Saturday, Sunday
When: 01:00:00
Current Time: 2011-01-02 00:30:00
Valid Interval: 23:00:00-13:00:00
Valid days of month: 1, 2, 3, 4, 5, 6, 7, 8, 9, 10, 11, 12, 13, 14, 15, 16, 17, 18, 19, 20, 21, 22, 23, 24, 25, 26, 27, 28, 29, 30, 31
Valid weekdays: Monday, Tuesday, Wednesday, Thursday, Friday, Saturday, Sunday
When: 01:00:00
Current Time: 2011-01-01 02:00:00
Valid Interval: 23:00:00-13:00:00
Valid days of month: 1, 2, 3, 4, 5, 6, 7, 8, 9, 10, 11, 12, 13, 14, 15, 16, 17, 18, 19, 20, 21, 22, 23, 24, 25, 26, 27, 28, 29, 30, 31
Valid weekdays: Monday, Tuesday, Wednesday, Thursday, Friday, Saturday, Sunday
When: 01:00:00
Current Time: 2011-01-01 13:00:00
Valid Interval: 23:00:00-13:00:00
Valid days of month: 1, 2, 3, 4, 5, 6, 7, 8, 9, 10, 11, 12, 13, 14, 15, 16, 17, 18, 19, 20, 21, 22, 23, 24, 25, 26, 27, 28, 29, 30, 31
Valid weekdays: Monday, Tuesday, Wednesday, Thursday, Friday, Saturday, Sunday
When: 23:30:00
Current Time: 2011-01-01 16:00:00
Valid Interval: 23:00:00-13:00:00
Valid days of month: 1, 2, 3, 4, 5, 6, 7, 8, 9, 10, 11, 12, 13, 14, 15, 16, 17, 18, 19, 20, 21, 22, 23, 24, 25, 26, 27, 28, 29, 30, 31
Valid weekdays: Monday, Tuesday, Wednesday, Thursday, Friday, Saturday, Sunday
When: 23:30:00
Current Time: 2011-01-01 23:00:00
Valid Interval: 23:00:00-13:00:00
Valid days of month: 1, 2, 3, 4, 5, 6, 7, 8, 9, 10, 11, 12, 13, 14, 15, 16, 17, 18, 19, 20, 21, 22, 23, 24, 25, 26, 27, 28, 29, 30, 31
Valid weekdays: Monday, Tuesday, Wednesday, Thursday, Friday, Saturday, Sunday
When: 23:30:00
Current Time: 2011-01-01 23:30:00
Valid Interval: 23:00:00-13:00:00
Valid days of month: 1, 2, 3, 4, 5, 6, 7, 8, 9, 10, 11, 12, 13, 14, 15, 16, 17, 18, 19, 20, 21, 22, 23, 24, 25, 26, 27, 28, 29, 30, 31
Valid weekdays: Monday, Tuesday, Wednesday, Thursday, Friday, Saturday, Sunday
When: 23:30:00
Current Time: 2011-01-01 23:45:00
Valid Interval: 23:00:00-13:00:00
Valid days of month: 1, 2, 3, 4, 5, 6, 7, 8, 9, 10, 11, 12, 13, 14, 15, 16, 17, 18, 19, 20, 21, 22, 23, 24, 25, 26, 27, 28, 29, 30, 31
Valid weekdays: Monday, Tuesday, Wednesday, Thursday, Friday, Saturday, Sunday
When: 23:30:00
Current Time: 2011-01-02 00:30:00
Valid Interval: 23:00:00-13:00:00
Valid days of month: 1, 2, 3, 4, 5, 6, 7, 8, 9, 10, 11, 12, 13, 14, 15, 16, 17, 18, 19, 20, 21, 22, 23, 24, 25, 26, 27, 28, 29, 30, 31
Valid weekdays: Monday, Tuesday, Wednesday, Thursday, Friday, Saturday, Sunday
When: 23:30:00
Current Time: 2011-01-01 13:00:00
Valid Interval: 23:00:00-13:00:00
Valid days of month: 1, 2, 3, 4, 5, 6, 7, 8, 9, 10, 11, 12, 13, 14, 15, 16, 17, 18, 19, 20, 21, 22, 23, 24, 25, 26, 27, 28, 29, 30, 31
Valid weekdays: Monday, Tuesday, Wednesday, Thursday, Friday, Saturday, Sunday
When: 01:00:00
Current Time: 2011-01-01 16:00:00
Valid Interval: 23:00:00-13:00:00
Valid days of month: 1, 2, 3, 4, 5, 6, 7, 8, 9, 10, 11, 12, 13, 14, 15, 16, 17, 18, 19, 20, 21, 22, 23, 24, 25, 26, 27, 28, 29, 30, 31
Valid weekdays: Monday, Tuesday, Wednesday, Thursday, Friday, Saturday, Sunday
When: 01:00:00
Current Time: 2011-01-01 23:00:00
Valid Interval: 23:00:00-13:00:00
Valid days of month: 1, 2, 3, 4, 5, 6, 7, 8, 9, 10, 11, 12, 13, 14, 15, 16, 17, 18, 19, 20, 21, 22, 23, 24, 25, 26, 27, 28, 29, 30, 31
Valid weekdays: Monday, Tuesday, Wednesday, Thursday, Friday, Saturday, Sunday
When: 01:00:00
Current Time: 2011-01-01 23:30:00
Valid Interval: 23:00:00-13:00:00
Valid days of month: 1, 2, 3, 4, 5, 6, 7, 8, 9, 10, 11, 12, 13, 14, 15, 16, 17, 18, 19, 20, 21, 22, 23, 24, 25, 26, 27, 28, 29, 30, 31
Valid weekdays: Monday, Tuesday, Wednesday, Thursday, Friday, Saturday, Sunday
When: 01:00:00
Current Time: 2011-01-02 00:30:00
Valid Interval: 23:00:00-13:00:00
Valid days of month: 1, 2, 3, 4, 5, 6, 7, 8, 9, 10, 11, 12, 13, 14, 15, 16, 17, 18, 19, 20, 21, 22, 23, 24, 25, 26, 27, 28, 29, 30, 31
Valid weekdays: Monday, Tuesday, Wednesday, Thursday, Friday, Saturday, Sunday
When: 01:00:00
Current Time: 2011-01-02 02:00:00
Valid Interval: 23:00:00-13:00:00
Valid days of month: 1, 2, 3, 4, 5, 6, 7, 8, 9, 10, 11, 12, 13, 14, 15, 16, 17, 18, 19, 20, 21, 22, 23, 24, 25, 26, 27, 28, 29, 30, 31
Valid weekdays: Monday, Tuesday, Wednesday, Thursday, Friday, Saturday, Sunday
When: 01:00:00
Current Time: 2011-01-02 13:00:00
Valid Interval: 23:00:00-13:00:00
Valid days of month: 1, 2, 3, 4, 5, 6, 7, 8, 9, 10, 11, 12, 13, 14, 15, 16, 17, 18, 19, 20, 21, 22, 23, 24, 25, 26, 27, 28, 29, 30, 31
Valid weekdays: Monday, Tuesday, Wednesday, Thursday, Friday, Saturday, Sunday
When: 23:30:00
Current Time: 2011-01-01 23:30:05
Valid Interval: 23:00:00-13:00:00
Valid days of month: 1, 2, 3, 4, 5, 6, 7, 8, 9, 10, 11, 12, 13, 14, 15, 16, 17, 18, 19, 20, 21, 22, 23, 24, 25, 26, 27, 28, 29, 30, 31
Valid weekdays: Monday, Tuesday, Wednesday, Thursday, Friday, Saturday, Sunday
When: 23:30:00
Current Time: 2011-01-02 00:30:00
Valid Interval: 23:00:00-13:00:00
Valid days of month: 1, 2, 3, 4, 5, 6, 7, 8, 9, 10, 11, 12, 13, 14, 15, 16, 17, 18, 19, 20, 21, 22, 23, 24, 25, 26, 27, 28, 29, 30, 31
Valid weekdays: Monday, Tuesday, Wednesday, Thursday, Friday, Saturday, Sunday
When: 23:30:00
Current Time: 2011-01-02 13:00:00
Valid Interval: 23:00:00-13:00:00
Valid days of month: 1, 2, 3, 4, 5, 6, 7, 8, 9, 10, 11, 12, 13, 14, 15, 16, 17, 18, 19, 20, 21, 22, 23, 24, 25, 26, 27, 28, 29, 30, 31
Valid weekdays: Monday, Tuesday, Wednesday, Thursday, Friday, Saturday, Sunday
When: 01:00:00
Current Time: 2011-01-01 02:00:00
Valid Interval: 23:00:00-13:00:00
Valid days of month: 1, 2, 3, 4, 5, 6, 7, 8, 9, 10, 11, 12, 13, 14, 15, 16, 17, 18, 19, 20, 21, 22, 23, 24, 25, 26, 27, 28, 29, 30, 31
Valid weekdays: Monday, Tuesday, Wednesday, Thursday, Friday, Saturday, Sunday
When: 01:00:00
Current Time: 2011-01-02 02:00:00
Valid Interval: 13:00:00-16:00:00
Valid days of month: 1, 2, 3, 4, 5, 6, 7, 8, 9, 10, 11, 12, 13, 14, 15, 16, 17, 18, 19, 20, 21, 22, 23, 24, 25, 26, 27, 28, 29, 30, 31
Valid weekdays: Saturday, Sunday
When: 14:00:00
Current Time: 2007-01-01 12:00:00
Valid Interval: 13:00:00-16:00:00
Valid days of month: 1, 2, 3, 4, 5, 6, 7, 8, 9, 10, 11, 12, 13, 14, 15, 16, 17, 18, 19, 20, 21, 22, 23, 24, 25, 26, 27, 28, 29, 30, 31
Valid weekdays: Saturday, Sunday
When: 14:00:00
Current Time: 2007-01-02 13:30:00
Valid Interval: 13:00:00-16:00:00
Valid days of month: 1, 2, 3, 4, 5, 6, 7, 8, 9, 10, 11, 12, 13, 14, 15, 16, 17, 18, 19, 20, 21, 22, 23, 24, 25, 26, 27, 28, 29, 30, 31
Valid weekdays: Saturday, Sunday
When: 14:00:00
Current Time: 2007-01-06 13:30:00
Valid Interval: 13:00:00-16:00:00
Valid days of month: 1, 2, 3, 4, 5, 6, 7, 8, 9, 10, 11, 12, 13, 14, 15, 16, 17, 18, 19, 20, 21, 22, 23, 24, 25, 26, 27, 28, 29, 30, 31
Valid weekdays: Saturday, Sunday
When: 14:00:00
Current Time: 2007-01-06 14:30:00
Valid Interval: 13:00:00-16:00:00
Valid days of month: 1, 2, 3, 4, 5, 6, 7, 8, 9, 10, 11, 12, 13, 14, 15, 16, 17, 18, 19, 20, 21, 22, 23, 24, 25, 26, 27, 28, 29, 30, 31
Valid weekdays: Saturday, Sunday
When: 14:00:00
Current Time: 2007-01-06 16:30:00
Valid Interval: 13:00:00-16:00:00
Valid days of month: 1, 2, 3, 4, 5, 6, 7, 8, 9, 10, 11, 12, 13, 14, 15, 16, 17, 18, 19, 20, 21, 22, 23, 24, 25, 26, 27, 28, 29, 30, 31
Valid weekdays: Saturday, Sunday
When: 14:00:00
Current Time: 2007-01-07 16:00:00
Valid Interval: 23:00:00-02:00:00
Valid days of month: 1, 2, 3, 4, 5, 6, 7, 8, 9, 10, 11, 12, 13, 14, 15, 16, 17, 18, 19, 20, 21, 22, 23, 24, 25, 26, 27, 28, 29, 30, 31
Valid weekdays: Saturday, Sunday
When: 01:00:00
Current Time: 2007-01-01 12:00:00
Valid Interval: 23:00:00-02:00:00
Valid days of month: 1, 2, 3, 4, 5, 6, 7, 8, 9, 10, 11, 12, 13, 14, 15, 16, 17, 18, 19, 20, 21, 22, 23, 24, 25, 26, 27, 28, 29, 30, 31
Valid weekdays: Saturday, Sunday
When: 01:00:00
Current Time: 2007-01-02 01:00:00
Valid Interval: 23:00:00-02:00:00
Valid days of month: 1, 2, 3, 4, 5, 6, 7, 8, 9, 10, 11, 12, 13, 14, 15, 16, 17, 18, 19, 20, 21, 22, 23, 24, 25, 26, 27, 28, 29, 30, 31
Valid weekdays: Saturday, Sunday
When: 01:00:00
Current Time: 2007-01-06 00:30:00
Valid Interval: 23:00:00-02:00:00
Valid days of month: 1, 2, 3, 4, 5, 6, 7, 8, 9, 10, 11, 12, 13, 14, 15, 16, 17, 18, 19, 20, 21, 22, 23, 24, 25, 26, 27, 28, 29, 30, 31
Valid weekdays: Saturday, Sunday
When: 01:00:00
Current Time: 2007-01-06 01:30:00
Valid Interval: 23:00:00-02:00:00
Valid days of month: 1, 2, 3, 4, 5, 6, 7, 8, 9, 10, 11, 12, 13, 14, 15, 16, 17, 18, 19, 20, 21, 22, 23, 24, 25, 26, 27, 28, 29, 30, 31
Valid weekdays: Saturday, Sunday
When: 01:00:00
Current Time: 2007-01-06 02:30:00
Valid Interval: 23:00:00-02:00:00
Valid days of month: 1, 2, 3, 4, 5, 6, 7, 8, 9, 10, 11, 12, 13, 14, 15, 16, 17, 18, 19, 20, 21, 22, 23, 24, 25, 26, 27, 28, 29, 30, 31
Valid weekdays: Saturday, Sunday
When: 01:00:00
Current Time: 2007-01-07 02:00:00
Valid Interval: 23:00:00-02:00:00
Valid days of month: 1, 2, 3, 4, 5, 6, 7, 8, 9, 10, 11, 12, 13, 14, 15, 16, 17, 18, 19, 20, 21, 22, 23, 24, 25, 26, 27, 28, 29, 30, 31
Valid weekdays: Saturday, Sunday
When: 23:30:00
Current Time: 2007-01-01 12:00:00
Valid Interval: 23:00:00-02:00:00
Valid days of month: 1, 2, 3, 4, 5, 6, 7, 8, 9, 10, 11, 12, 13, 14, 15, 16, 17, 18, 19, 20, 21, 22, 23, 24, 25, 26, 27, 28, 29, 30, 31
Valid weekdays: Saturday, Sunday
When: 23:30:00
Current Time: 2007-01-05 23:30:00
Valid Interval: 23:00:00-02:00:00
Valid days of month: 1, 2, 3, 4, 5, 6, 7, 8, 9, 10, 11, 12, 13, 14, 15, 16, 17, 18, 19, 20, 21, 22, 23, 24, 25, 26, 27, 28, 29, 30, 31
Valid weekdays: Saturday, Sunday
When: 23:30:00
Current Time: 2007-01-06 23:00:00
Valid Interval: 23:00:00-02:00:00
Valid days of month: 1, 2, 3, 4, 5, 6, 7, 8, 9, 10, 11, 12, 13, 14, 15, 16, 17, 18, 19, 20, 21, 22, 23, 24, 25, 26, 27, 28, 29, 30, 31
Valid weekdays: Saturday, Sunday
When: 23:30:00
Current Time: 2007-01-06 02:00:00
Valid Interval: 23:00:00-02:00:00
Valid days of month: 1, 2, 3, 4, 5, 6, 7, 8, 9, 10, 11, 12, 13, 14, 15, 16, 17, 18, 19, 20, 21, 22, 23, 24, 25, 26, 27, 28, 29, 30, 31
Valid weekdays: Saturday, Sunday
When: 23:30:00
Current Time: 2007-01-07 23:40:00
Valid Interval: 23:00:00-02:00:00
Valid days of month: 1, 2, 3, 4, 5, 6, 7, 8, 9, 10, 11, 12, 13, 14, 15, 16, 17, 18, 19, 20, 21, 22, 23, 24, 25, 26, 27, 28, 29, 30, 31
Valid weekdays: Saturday, Sunday
When: 23:30:00
Current Time: 2007-01-07 01:00:00
Valid Interval: 13:00:00-16:00:00
Valid days of month: 1, 2, 3, 4, 5, 6, 7, 8, 9, 10, 11, 12, 13, 14, 15, 16, 17, 18, 19, 20, 21, 22, 23, 24, 25, 26, 27, 28, 29, 30, 31
Valid weekdays: Saturday, Sunday
When: 14:00:00
Current Time: 2007-01-01 12:00:00
Valid Interval: 13:00:00-16:00:00
Valid days of month: 1, 2, 3, 4, 5, 6, 7, 8, 9, 10, 11, 12, 13, 14, 15, 16, 17, 18, 19, 20, 21, 22, 23, 24, 25, 26, 27, 28, 29, 30, 31
Valid weekdays: Saturday, Sunday
When: 14:00:00
Current Time: 2007-01-02 13:30:00
Valid Interval: 13:00:00-16:00:00
Valid days of month: 1, 2, 3, 4, 5, 6, 7, 8, 9, 10, 11, 12, 13, 14, 15, 16, 17, 18, 19, 20, 21, 22, 23, 24, 25, 26, 27, 28, 29, 30, 31
Valid weekdays: Saturday, Sunday
When: 14:00:00
Current Time: 2007-01-06 13:30:00
Valid Interval: 13:00:00-16:00:00
Valid days of month: 1, 2, 3, 4, 5, 6, 7, 8, 9, 10, 11, 12, 13, 14, 15, 16, 17, 18, 19, 20, 21, 22, 23, 24, 25, 26, 27, 28, 29, 30, 31
Valid weekdays: Saturday, Sunday
When: 14:00:00
Current Time: 2007-01-06 14:30:00
Valid Interval: 13:00:00-16:00:00
Valid days of month: 1, 2, 3, 4, 5, 6, 7, 8, 9, 10, 11, 12, 13, 14, 15, 16, 17, 18, 19, 20, 21, 22, 23, 24, 25, 26, 27, 28, 29, 30, 31
Valid weekdays: Saturday, Sunday
When: 14:00:00
Current Time: 2007-01-06 16:30:00
Valid Interval: 13:00:00-16:00:00
Valid days of month: 1, 2, 3, 4, 5, 6, 7, 8, 9, 10, 11, 12, 13, 14, 15, 16, 17, 18, 19, 20, 21, 22, 23, 24, 25, 26, 27, 28, 29, 30, 31
Valid weekdays: Saturday, Sunday
When: 14:00:00
Current Time: 2007-01-07 16:00:00
Valid Interval: 23:00:00-02:00:00
Valid days of month: 1, 2, 3, 4, 5, 6, 7, 8, 9, 10, 11, 12, 13, 14, 15, 16, 17, 18, 19, 20, 21, 22, 23, 24, 25, 26, 27, 28, 29, 30, 31
Valid weekdays: Saturday, Sunday
When: 01:00:00
Current Time: 2007-01-01 12:00:00
Valid Interval: 23:00:00-02:00:00
Valid days of month: 1, 2, 3, 4, 5, 6, 7, 8, 9, 10, 11, 12, 13, 14, 15, 16, 17, 18, 19, 20, 21, 22, 23, 24, 25, 26, 27, 28, 29, 30, 31
Valid weekdays: Saturday, Sunday
When: 01:00:00
Current Time: 2007-01-02 01:00:00
Valid Interval: 23:00:00-02:00:00
Valid days of month: 1, 2, 3, 4, 5, 6, 7, 8, 9, 10, 11, 12, 13, 14, 15, 16, 17, 18, 19, 20, 21, 22, 23, 24, 25, 26, 27, 28, 29, 30, 31
Valid weekdays: Saturday, Sunday
When: 01:00:00
Current Time: 2007-01-06 00:30:00
Valid Interval: 23:00:00-02:00:00
Valid days of month: 1, 2, 3, 4, 5, 6, 7, 8, 9, 10, 11, 12, 13, 14, 15, 16, 17, 18, 19, 20, 21, 22, 23, 24, 25, 26, 27, 28, 29, 30, 31
Valid weekdays: Saturday, Sunday
When: 01:00:00
Current Time: 2007-01-06 02:30:00
Valid Interval: 23:00:00-02:00:00
Valid days of month: 1, 2, 3, 4, 5, 6, 7, 8, 9, 10, 11, 12, 13, 14, 15, 16, 17, 18, 19, 20, 21, 22, 23, 24, 25, 26, 27, 28, 29, 30, 31
Valid weekdays: Saturday, Sunday
When: 23:30:00
Current Time: 2007-01-01 12:00:00
Valid Interval: 23:00:00-02:00:00
Valid days of month: 1, 2, 3, 4, 5, 6, 7, 8, 9, 10, 11, 12, 13, 14, 15, 16, 17, 18, 19, 20, 21, 22, 23, 24, 25, 26, 27, 28, 29, 30, 31
Valid weekdays: Saturday, Sunday
When: 23:30:00
Current Time: 2007-01-05 23:30:00
Valid Interval: 23:00:00-02:00:00
Valid days of month: 1, 2, 3, 4, 5, 6, 7, 8, 9, 10, 11, 12, 13, 14, 15, 16, 17, 18, 19, 20, 21, 22, 23, 24, 25, 26, 27, 28, 29, 30, 31
Valid weekdays: Saturday, Sunday
When: 23:30:00
Current Time: 2007-01-06 23:00:00
Valid Interval: 23:00:00-02:00:00
Valid days of month: 1, 2, 3, 4, 5, 6, 7, 8, 9, 10, 11, 12, 13, 14, 15, 16, 17, 18, 19, 20, 21, 22, 23, 24, 25, 26, 27, 28, 29, 30, 31
Valid weekdays: Saturday, Sunday
When: 23:30:00
Current Time: 2007-01-06 02:00:00
Valid Interval: 23:00:00-02:00:00
Valid days of month: 1, 2, 3, 4, 5, 6, 7, 8, 9, 10, 11, 12, 13, 14, 15, 16, 17, 18, 19, 20, 21, 22, 23, 24, 25, 26, 27, 28, 29, 30, 31
Valid weekdays: Saturday, Sunday
When: 23:30:00
Current Time: 2007-01-07 23:40:00
Valid Interval: 23:00:00-02:00:00
Valid days of month: 1, 2, 3, 4, 5, 6, 7, 8, 9, 10, 11, 12, 13, 14, 15, 16, 17, 18, 19, 20, 21, 22, 23, 24, 25, 26, 27, 28, 29, 30, 31
Valid weekdays: Saturday, Sunday
When: 23:30:00
Current Time: 2007-01-07 01:00:00
Valid Interval: 13:00:00-16:00:00
Valid days of month: 1, 2, 3, 4, 5, 6, 7, 8, 9, 10, 11, 12, 13, 14, 15, 16, 17, 18, 19, 20, 21, 22, 23, 24, 25, 26, 27, 28, 29, 30, 31
Valid weekdays: Saturday, Sunday
When: 14:00:00
Current Time: 2007-01-06 14:30:00
Valid Interval: 13:00:00-16:00:00
Valid days of month: 1, 2, 3, 4, 5, 6, 7, 8, 9, 10, 11, 12, 13, 14, 15, 16, 17, 18, 19, 20, 21, 22, 23, 24, 25, 26, 27, 28, 29, 30, 31
Valid weekdays: Saturday, Sunday
When: 14:00:00
Current Time: 2007-01-07 15:00:00
Valid Interval: 23:00:00-02:00:00
Valid days of month: 1, 2, 3, 4, 5, 6, 7, 8, 9, 10, 11, 12, 13, 14, 15, 16, 17, 18, 19, 20, 21, 22, 23, 24, 25, 26, 27, 28, 29, 30, 31
Valid weekdays: Saturday, Sunday
When: 01:00:00
Current Time: 2007-01-06 01:30:00
Valid Interval: 23:00:00-02:00:00
Valid days of month: 1, 2, 3, 4, 5, 6, 7, 8, 9, 10, 11, 12, 13, 14, 15, 16, 17, 18, 19, 20, 21, 22, 23, 24, 25, 26, 27, 28, 29, 30, 31
Valid weekdays: Saturday, Sunday
When: 01:00:00
Current Time: 2007-01-07 01:30:00
Valid Interval: 23:00:00-02:00:00
Valid days of month: 1, 2, 3, 4, 5, 6, 7, 8, 9, 10, 11, 12, 13, 14, 15, 16, 17, 18, 19, 20, 21, 22, 23, 24, 25, 26, 27, 28, 29, 30, 31
Valid weekdays: Saturday, Sunday
When: 23:30:00
Current Time: 2007-01-06 23:02:00
Valid Interval: 23:00:00-02:00:00
Valid days of month: 1, 2, 3, 4, 5, 6, 7, 8, 9, 10, 11, 12, 13, 14, 15, 16, 17, 18, 19, 20, 21, 22, 23, 24, 25, 26, 27, 28, 29, 30, 31
Valid weekdays: Saturday, Sunday
When: 23:30:00
Current Time: 2007-01-06 01:10:00
Valid Interval: 23:00:00-02:00:00
Valid days of month: 1, 2, 3, 4, 5, 6, 7, 8, 9, 10, 11, 12, 13, 14, 15, 16, 17, 18, 19, 20, 21, 22, 23, 24, 25, 26, 27, 28, 29, 30, 31
Valid weekdays: Saturday, Sunday
When: 23:30:00
Current Time: 2007-01-07 01:00:40
Valid Interval: 23:00:00-02:00:00
Valid days of month: 2
Valid weekdays: Saturday, Sunday
When: 23:30:00
Current Time: 2007-01-01 12:00:00
Valid Interval: 23:00:00-02:00:00
Valid days of month: 1, 2
Valid weekdays: Saturday, Sunday
When: 23:30:00
Current Time: 2007-01-05 23:30:00
Valid Interval: 23:00:00-02:00:00
Valid days of month: 1, 2
Valid weekdays: Saturday, Sunday
When: 23:30:00
Current Time: 2007-01-06 23:00:00</StdOut>
      </Output>
    </UnitTestResult>
    <UnitTestResult executionId="f8efc3ef-39c7-4a53-9de5-fd25af3340be" testId="6ac051f7-a064-4088-9438-a34429aa12a2" testName="GetNextTimeToTrigger_AbsoluteTimer_ReturnsCorrectTime (Data Row 86)" computerName="ICSWS068" duration="00:00:00.0053541" startTime="2016-08-04T07:57:22.9713050+02:00" endTime="2016-08-04T07:57:22.9763085+02:00" testType="13cdc9d9-ddb5-4fa4-a97d-d965ccfc6d4b" outcome="Passed" testListId="8c84fa94-04c1-424b-9868-57a2d4851a1d" relativeResultsDirectory="f8efc3ef-39c7-4a53-9de5-fd25af3340be">
      <Output>
        <StdOut>TestContext Messages:
Valid Interval: 11:00:00-13:00:00
Valid days of month: 1, 2, 3, 4, 5, 6, 7, 8, 9, 10, 11, 12, 13, 14, 15, 16, 17, 18, 19, 20, 21, 22, 23, 24, 25, 26, 27, 28, 29, 30, 31
Valid weekdays: Monday, Tuesday, Wednesday, Thursday, Friday, Saturday, Sunday
When: 12:00:00
Current Time: 2011-01-01 00:00:00
Valid Interval: 11:00:00-13:00:00
Valid days of month: 1, 2, 3, 4, 5, 6, 7, 8, 9, 10, 11, 12, 13, 14, 15, 16, 17, 18, 19, 20, 21, 22, 23, 24, 25, 26, 27, 28, 29, 30, 31
Valid weekdays: Monday, Tuesday, Wednesday, Thursday, Friday, Saturday, Sunday
When: 12:00:00
Current Time: 2011-01-01 09:00:00
Valid Interval: 11:00:00-13:00:00
Valid days of month: 1, 2, 3, 4, 5, 6, 7, 8, 9, 10, 11, 12, 13, 14, 15, 16, 17, 18, 19, 20, 21, 22, 23, 24, 25, 26, 27, 28, 29, 30, 31
Valid weekdays: Monday, Tuesday, Wednesday, Thursday, Friday, Saturday, Sunday
When: 12:00:00
Current Time: 2011-01-01 11:00:00
Valid Interval: 11:00:00-13:00:00
Valid days of month: 1, 2, 3, 4, 5, 6, 7, 8, 9, 10, 11, 12, 13, 14, 15, 16, 17, 18, 19, 20, 21, 22, 23, 24, 25, 26, 27, 28, 29, 30, 31
Valid weekdays: Monday, Tuesday, Wednesday, Thursday, Friday, Saturday, Sunday
When: 12:00:00
Current Time: 2011-01-01 12:00:00
Valid Interval: 11:00:00-13:00:00
Valid days of month: 1, 2, 3, 4, 5, 6, 7, 8, 9, 10, 11, 12, 13, 14, 15, 16, 17, 18, 19, 20, 21, 22, 23, 24, 25, 26, 27, 28, 29, 30, 31
Valid weekdays: Monday, Tuesday, Wednesday, Thursday, Friday, Saturday, Sunday
When: 12:00:00
Current Time: 2011-01-01 12:30:00
Valid Interval: 11:00:00-13:00:00
Valid days of month: 1, 2, 3, 4, 5, 6, 7, 8, 9, 10, 11, 12, 13, 14, 15, 16, 17, 18, 19, 20, 21, 22, 23, 24, 25, 26, 27, 28, 29, 30, 31
Valid weekdays: Monday, Tuesday, Wednesday, Thursday, Friday, Saturday, Sunday
When: 12:00:00
Current Time: 2011-01-01 13:00:00
Valid Interval: 11:00:00-13:00:00
Valid days of month: 1, 2, 3, 4, 5, 6, 7, 8, 9, 10, 11, 12, 13, 14, 15, 16, 17, 18, 19, 20, 21, 22, 23, 24, 25, 26, 27, 28, 29, 30, 31
Valid weekdays: Monday, Tuesday, Wednesday, Thursday, Friday, Saturday, Sunday
When: 12:00:00
Current Time: 2011-01-02 00:00:00
Valid Interval: 11:00:00-13:00:00
Valid days of month: 1, 2, 3, 4, 5, 6, 7, 8, 9, 10, 11, 12, 13, 14, 15, 16, 17, 18, 19, 20, 21, 22, 23, 24, 25, 26, 27, 28, 29, 30, 31
Valid weekdays: Monday, Tuesday, Wednesday, Thursday, Friday, Saturday, Sunday
When: 12:00:00
Current Time: 2011-01-02 09:00:00
Valid Interval: 11:00:00-13:00:00
Valid days of month: 1, 2, 3, 4, 5, 6, 7, 8, 9, 10, 11, 12, 13, 14, 15, 16, 17, 18, 19, 20, 21, 22, 23, 24, 25, 26, 27, 28, 29, 30, 31
Valid weekdays: Monday, Tuesday, Wednesday, Thursday, Friday, Saturday, Sunday
When: 12:00:00
Current Time: 2011-01-02 12:00:00
Valid Interval: 11:00:00-13:00:00
Valid days of month: 1, 2, 3, 4, 5, 6, 7, 8, 9, 10, 11, 12, 13, 14, 15, 16, 17, 18, 19, 20, 21, 22, 23, 24, 25, 26, 27, 28, 29, 30, 31
Valid weekdays: Monday, Tuesday, Wednesday, Thursday, Friday, Saturday, Sunday
When: 12:00:00
Current Time: 2011-01-02 12:45:30
Valid Interval: 11:00:00-13:00:00
Valid days of month: 1, 2, 3, 4, 5, 6, 7, 8, 9, 10, 11, 12, 13, 14, 15, 16, 17, 18, 19, 20, 21, 22, 23, 24, 25, 26, 27, 28, 29, 30, 31
Valid weekdays: Monday, Tuesday, Wednesday, Thursday, Friday, Saturday, Sunday
When: 12:00:00
Current Time: 2011-01-02 13:00:00
Valid Interval: 11:00:00-13:00:00
Valid days of month: 1, 2, 3, 4, 5, 6, 7, 8, 9, 10, 11, 12, 13, 14, 15, 16, 17, 18, 19, 20, 21, 22, 23, 24, 25, 26, 27, 28, 29, 30, 31
Valid weekdays: Monday, Tuesday, Wednesday, Thursday, Friday, Saturday, Sunday
When: 12:00:00
Current Time: 2011-01-01 12:00:00
Valid Interval: 11:00:00-13:00:00
Valid days of month: 1, 2, 3, 4, 5, 6, 7, 8, 9, 10, 11, 12, 13, 14, 15, 16, 17, 18, 19, 20, 21, 22, 23, 24, 25, 26, 27, 28, 29, 30, 31
Valid weekdays: Monday, Tuesday, Wednesday, Thursday, Friday, Saturday, Sunday
When: 12:00:00
Current Time: 2011-01-01 12:30:00
Valid Interval: 11:00:00-13:00:00
Valid days of month: 1, 2, 3, 4, 5, 6, 7, 8, 9, 10, 11, 12, 13, 14, 15, 16, 17, 18, 19, 20, 21, 22, 23, 24, 25, 26, 27, 28, 29, 30, 31
Valid weekdays: Monday, Tuesday, Wednesday, Thursday, Friday, Saturday, Sunday
When: 12:00:00
Current Time: 2011-01-01 12:30:00
Valid Interval: 11:00:00-13:00:00
Valid days of month: 1, 2, 3, 4, 5, 6, 7, 8, 9, 10, 11, 12, 13, 14, 15, 16, 17, 18, 19, 20, 21, 22, 23, 24, 25, 26, 27, 28, 29, 30, 31
Valid weekdays: Monday, Tuesday, Wednesday, Thursday, Friday, Saturday, Sunday
When: 12:00:00
Current Time: 2011-01-01 13:00:00
Valid Interval: 11:00:00-13:00:00
Valid days of month: 1, 2, 3, 4, 5, 6, 7, 8, 9, 10, 11, 12, 13, 14, 15, 16, 17, 18, 19, 20, 21, 22, 23, 24, 25, 26, 27, 28, 29, 30, 31
Valid weekdays: Monday, Tuesday, Wednesday, Thursday, Friday, Saturday, Sunday
When: 12:00:00
Current Time: 2011-01-01 14:30:00
Valid Interval: 23:00:00-13:00:00
Valid days of month: 1, 2, 3, 4, 5, 6, 7, 8, 9, 10, 11, 12, 13, 14, 15, 16, 17, 18, 19, 20, 21, 22, 23, 24, 25, 26, 27, 28, 29, 30, 31
Valid weekdays: Monday, Tuesday, Wednesday, Thursday, Friday, Saturday, Sunday
When: 23:30:00
Current Time: 2011-01-01 16:00:00
Valid Interval: 23:00:00-13:00:00
Valid days of month: 1, 2, 3, 4, 5, 6, 7, 8, 9, 10, 11, 12, 13, 14, 15, 16, 17, 18, 19, 20, 21, 22, 23, 24, 25, 26, 27, 28, 29, 30, 31
Valid weekdays: Monday, Tuesday, Wednesday, Thursday, Friday, Saturday, Sunday
When: 23:30:00
Current Time: 2011-01-01 23:00:00
Valid Interval: 23:00:00-13:00:00
Valid days of month: 1, 2, 3, 4, 5, 6, 7, 8, 9, 10, 11, 12, 13, 14, 15, 16, 17, 18, 19, 20, 21, 22, 23, 24, 25, 26, 27, 28, 29, 30, 31
Valid weekdays: Monday, Tuesday, Wednesday, Thursday, Friday, Saturday, Sunday
When: 23:30:00
Current Time: 2011-01-01 23:30:00
Valid Interval: 23:00:00-13:00:00
Valid days of month: 1, 2, 3, 4, 5, 6, 7, 8, 9, 10, 11, 12, 13, 14, 15, 16, 17, 18, 19, 20, 21, 22, 23, 24, 25, 26, 27, 28, 29, 30, 31
Valid weekdays: Monday, Tuesday, Wednesday, Thursday, Friday, Saturday, Sunday
When: 23:30:00
Current Time: 2011-01-01 23:45:00
Valid Interval: 23:00:00-13:00:00
Valid days of month: 1, 2, 3, 4, 5, 6, 7, 8, 9, 10, 11, 12, 13, 14, 15, 16, 17, 18, 19, 20, 21, 22, 23, 24, 25, 26, 27, 28, 29, 30, 31
Valid weekdays: Monday, Tuesday, Wednesday, Thursday, Friday, Saturday, Sunday
When: 23:30:00
Current Time: 2011-01-02 00:30:00
Valid Interval: 23:00:00-13:00:00
Valid days of month: 1, 2, 3, 4, 5, 6, 7, 8, 9, 10, 11, 12, 13, 14, 15, 16, 17, 18, 19, 20, 21, 22, 23, 24, 25, 26, 27, 28, 29, 30, 31
Valid weekdays: Monday, Tuesday, Wednesday, Thursday, Friday, Saturday, Sunday
When: 23:30:00
Current Time: 2011-01-01 13:00:00
Valid Interval: 23:00:00-13:00:00
Valid days of month: 1, 2, 3, 4, 5, 6, 7, 8, 9, 10, 11, 12, 13, 14, 15, 16, 17, 18, 19, 20, 21, 22, 23, 24, 25, 26, 27, 28, 29, 30, 31
Valid weekdays: Monday, Tuesday, Wednesday, Thursday, Friday, Saturday, Sunday
When: 01:00:00
Current Time: 2011-01-01 16:00:00
Valid Interval: 23:00:00-13:00:00
Valid days of month: 1, 2, 3, 4, 5, 6, 7, 8, 9, 10, 11, 12, 13, 14, 15, 16, 17, 18, 19, 20, 21, 22, 23, 24, 25, 26, 27, 28, 29, 30, 31
Valid weekdays: Monday, Tuesday, Wednesday, Thursday, Friday, Saturday, Sunday
When: 01:00:00
Current Time: 2011-01-01 23:00:00
Valid Interval: 23:00:00-13:00:00
Valid days of month: 1, 2, 3, 4, 5, 6, 7, 8, 9, 10, 11, 12, 13, 14, 15, 16, 17, 18, 19, 20, 21, 22, 23, 24, 25, 26, 27, 28, 29, 30, 31
Valid weekdays: Monday, Tuesday, Wednesday, Thursday, Friday, Saturday, Sunday
When: 01:00:00
Current Time: 2011-01-01 23:30:00
Valid Interval: 23:00:00-13:00:00
Valid days of month: 1, 2, 3, 4, 5, 6, 7, 8, 9, 10, 11, 12, 13, 14, 15, 16, 17, 18, 19, 20, 21, 22, 23, 24, 25, 26, 27, 28, 29, 30, 31
Valid weekdays: Monday, Tuesday, Wednesday, Thursday, Friday, Saturday, Sunday
When: 01:00:00
Current Time: 2011-01-02 00:30:00
Valid Interval: 23:00:00-13:00:00
Valid days of month: 1, 2, 3, 4, 5, 6, 7, 8, 9, 10, 11, 12, 13, 14, 15, 16, 17, 18, 19, 20, 21, 22, 23, 24, 25, 26, 27, 28, 29, 30, 31
Valid weekdays: Monday, Tuesday, Wednesday, Thursday, Friday, Saturday, Sunday
When: 01:00:00
Current Time: 2011-01-01 02:00:00
Valid Interval: 23:00:00-13:00:00
Valid days of month: 1, 2, 3, 4, 5, 6, 7, 8, 9, 10, 11, 12, 13, 14, 15, 16, 17, 18, 19, 20, 21, 22, 23, 24, 25, 26, 27, 28, 29, 30, 31
Valid weekdays: Monday, Tuesday, Wednesday, Thursday, Friday, Saturday, Sunday
When: 01:00:00
Current Time: 2011-01-01 13:00:00
Valid Interval: 23:00:00-13:00:00
Valid days of month: 1, 2, 3, 4, 5, 6, 7, 8, 9, 10, 11, 12, 13, 14, 15, 16, 17, 18, 19, 20, 21, 22, 23, 24, 25, 26, 27, 28, 29, 30, 31
Valid weekdays: Monday, Tuesday, Wednesday, Thursday, Friday, Saturday, Sunday
When: 23:30:00
Current Time: 2011-01-01 16:00:00
Valid Interval: 23:00:00-13:00:00
Valid days of month: 1, 2, 3, 4, 5, 6, 7, 8, 9, 10, 11, 12, 13, 14, 15, 16, 17, 18, 19, 20, 21, 22, 23, 24, 25, 26, 27, 28, 29, 30, 31
Valid weekdays: Monday, Tuesday, Wednesday, Thursday, Friday, Saturday, Sunday
When: 23:30:00
Current Time: 2011-01-01 23:00:00
Valid Interval: 23:00:00-13:00:00
Valid days of month: 1, 2, 3, 4, 5, 6, 7, 8, 9, 10, 11, 12, 13, 14, 15, 16, 17, 18, 19, 20, 21, 22, 23, 24, 25, 26, 27, 28, 29, 30, 31
Valid weekdays: Monday, Tuesday, Wednesday, Thursday, Friday, Saturday, Sunday
When: 23:30:00
Current Time: 2011-01-01 23:30:00
Valid Interval: 23:00:00-13:00:00
Valid days of month: 1, 2, 3, 4, 5, 6, 7, 8, 9, 10, 11, 12, 13, 14, 15, 16, 17, 18, 19, 20, 21, 22, 23, 24, 25, 26, 27, 28, 29, 30, 31
Valid weekdays: Monday, Tuesday, Wednesday, Thursday, Friday, Saturday, Sunday
When: 23:30:00
Current Time: 2011-01-01 23:45:00
Valid Interval: 23:00:00-13:00:00
Valid days of month: 1, 2, 3, 4, 5, 6, 7, 8, 9, 10, 11, 12, 13, 14, 15, 16, 17, 18, 19, 20, 21, 22, 23, 24, 25, 26, 27, 28, 29, 30, 31
Valid weekdays: Monday, Tuesday, Wednesday, Thursday, Friday, Saturday, Sunday
When: 23:30:00
Current Time: 2011-01-02 00:30:00
Valid Interval: 23:00:00-13:00:00
Valid days of month: 1, 2, 3, 4, 5, 6, 7, 8, 9, 10, 11, 12, 13, 14, 15, 16, 17, 18, 19, 20, 21, 22, 23, 24, 25, 26, 27, 28, 29, 30, 31
Valid weekdays: Monday, Tuesday, Wednesday, Thursday, Friday, Saturday, Sunday
When: 23:30:00
Current Time: 2011-01-01 13:00:00
Valid Interval: 23:00:00-13:00:00
Valid days of month: 1, 2, 3, 4, 5, 6, 7, 8, 9, 10, 11, 12, 13, 14, 15, 16, 17, 18, 19, 20, 21, 22, 23, 24, 25, 26, 27, 28, 29, 30, 31
Valid weekdays: Monday, Tuesday, Wednesday, Thursday, Friday, Saturday, Sunday
When: 01:00:00
Current Time: 2011-01-01 16:00:00
Valid Interval: 23:00:00-13:00:00
Valid days of month: 1, 2, 3, 4, 5, 6, 7, 8, 9, 10, 11, 12, 13, 14, 15, 16, 17, 18, 19, 20, 21, 22, 23, 24, 25, 26, 27, 28, 29, 30, 31
Valid weekdays: Monday, Tuesday, Wednesday, Thursday, Friday, Saturday, Sunday
When: 01:00:00
Current Time: 2011-01-01 23:00:00
Valid Interval: 23:00:00-13:00:00
Valid days of month: 1, 2, 3, 4, 5, 6, 7, 8, 9, 10, 11, 12, 13, 14, 15, 16, 17, 18, 19, 20, 21, 22, 23, 24, 25, 26, 27, 28, 29, 30, 31
Valid weekdays: Monday, Tuesday, Wednesday, Thursday, Friday, Saturday, Sunday
When: 01:00:00
Current Time: 2011-01-01 23:30:00
Valid Interval: 23:00:00-13:00:00
Valid days of month: 1, 2, 3, 4, 5, 6, 7, 8, 9, 10, 11, 12, 13, 14, 15, 16, 17, 18, 19, 20, 21, 22, 23, 24, 25, 26, 27, 28, 29, 30, 31
Valid weekdays: Monday, Tuesday, Wednesday, Thursday, Friday, Saturday, Sunday
When: 01:00:00
Current Time: 2011-01-02 00:30:00
Valid Interval: 23:00:00-13:00:00
Valid days of month: 1, 2, 3, 4, 5, 6, 7, 8, 9, 10, 11, 12, 13, 14, 15, 16, 17, 18, 19, 20, 21, 22, 23, 24, 25, 26, 27, 28, 29, 30, 31
Valid weekdays: Monday, Tuesday, Wednesday, Thursday, Friday, Saturday, Sunday
When: 01:00:00
Current Time: 2011-01-02 02:00:00
Valid Interval: 23:00:00-13:00:00
Valid days of month: 1, 2, 3, 4, 5, 6, 7, 8, 9, 10, 11, 12, 13, 14, 15, 16, 17, 18, 19, 20, 21, 22, 23, 24, 25, 26, 27, 28, 29, 30, 31
Valid weekdays: Monday, Tuesday, Wednesday, Thursday, Friday, Saturday, Sunday
When: 01:00:00
Current Time: 2011-01-02 13:00:00
Valid Interval: 23:00:00-13:00:00
Valid days of month: 1, 2, 3, 4, 5, 6, 7, 8, 9, 10, 11, 12, 13, 14, 15, 16, 17, 18, 19, 20, 21, 22, 23, 24, 25, 26, 27, 28, 29, 30, 31
Valid weekdays: Monday, Tuesday, Wednesday, Thursday, Friday, Saturday, Sunday
When: 23:30:00
Current Time: 2011-01-01 23:30:05
Valid Interval: 23:00:00-13:00:00
Valid days of month: 1, 2, 3, 4, 5, 6, 7, 8, 9, 10, 11, 12, 13, 14, 15, 16, 17, 18, 19, 20, 21, 22, 23, 24, 25, 26, 27, 28, 29, 30, 31
Valid weekdays: Monday, Tuesday, Wednesday, Thursday, Friday, Saturday, Sunday
When: 23:30:00
Current Time: 2011-01-02 00:30:00
Valid Interval: 23:00:00-13:00:00
Valid days of month: 1, 2, 3, 4, 5, 6, 7, 8, 9, 10, 11, 12, 13, 14, 15, 16, 17, 18, 19, 20, 21, 22, 23, 24, 25, 26, 27, 28, 29, 30, 31
Valid weekdays: Monday, Tuesday, Wednesday, Thursday, Friday, Saturday, Sunday
When: 23:30:00
Current Time: 2011-01-02 13:00:00
Valid Interval: 23:00:00-13:00:00
Valid days of month: 1, 2, 3, 4, 5, 6, 7, 8, 9, 10, 11, 12, 13, 14, 15, 16, 17, 18, 19, 20, 21, 22, 23, 24, 25, 26, 27, 28, 29, 30, 31
Valid weekdays: Monday, Tuesday, Wednesday, Thursday, Friday, Saturday, Sunday
When: 01:00:00
Current Time: 2011-01-01 02:00:00
Valid Interval: 23:00:00-13:00:00
Valid days of month: 1, 2, 3, 4, 5, 6, 7, 8, 9, 10, 11, 12, 13, 14, 15, 16, 17, 18, 19, 20, 21, 22, 23, 24, 25, 26, 27, 28, 29, 30, 31
Valid weekdays: Monday, Tuesday, Wednesday, Thursday, Friday, Saturday, Sunday
When: 01:00:00
Current Time: 2011-01-02 02:00:00
Valid Interval: 13:00:00-16:00:00
Valid days of month: 1, 2, 3, 4, 5, 6, 7, 8, 9, 10, 11, 12, 13, 14, 15, 16, 17, 18, 19, 20, 21, 22, 23, 24, 25, 26, 27, 28, 29, 30, 31
Valid weekdays: Saturday, Sunday
When: 14:00:00
Current Time: 2007-01-01 12:00:00
Valid Interval: 13:00:00-16:00:00
Valid days of month: 1, 2, 3, 4, 5, 6, 7, 8, 9, 10, 11, 12, 13, 14, 15, 16, 17, 18, 19, 20, 21, 22, 23, 24, 25, 26, 27, 28, 29, 30, 31
Valid weekdays: Saturday, Sunday
When: 14:00:00
Current Time: 2007-01-02 13:30:00
Valid Interval: 13:00:00-16:00:00
Valid days of month: 1, 2, 3, 4, 5, 6, 7, 8, 9, 10, 11, 12, 13, 14, 15, 16, 17, 18, 19, 20, 21, 22, 23, 24, 25, 26, 27, 28, 29, 30, 31
Valid weekdays: Saturday, Sunday
When: 14:00:00
Current Time: 2007-01-06 13:30:00
Valid Interval: 13:00:00-16:00:00
Valid days of month: 1, 2, 3, 4, 5, 6, 7, 8, 9, 10, 11, 12, 13, 14, 15, 16, 17, 18, 19, 20, 21, 22, 23, 24, 25, 26, 27, 28, 29, 30, 31
Valid weekdays: Saturday, Sunday
When: 14:00:00
Current Time: 2007-01-06 14:30:00
Valid Interval: 13:00:00-16:00:00
Valid days of month: 1, 2, 3, 4, 5, 6, 7, 8, 9, 10, 11, 12, 13, 14, 15, 16, 17, 18, 19, 20, 21, 22, 23, 24, 25, 26, 27, 28, 29, 30, 31
Valid weekdays: Saturday, Sunday
When: 14:00:00
Current Time: 2007-01-06 16:30:00
Valid Interval: 13:00:00-16:00:00
Valid days of month: 1, 2, 3, 4, 5, 6, 7, 8, 9, 10, 11, 12, 13, 14, 15, 16, 17, 18, 19, 20, 21, 22, 23, 24, 25, 26, 27, 28, 29, 30, 31
Valid weekdays: Saturday, Sunday
When: 14:00:00
Current Time: 2007-01-07 16:00:00
Valid Interval: 23:00:00-02:00:00
Valid days of month: 1, 2, 3, 4, 5, 6, 7, 8, 9, 10, 11, 12, 13, 14, 15, 16, 17, 18, 19, 20, 21, 22, 23, 24, 25, 26, 27, 28, 29, 30, 31
Valid weekdays: Saturday, Sunday
When: 01:00:00
Current Time: 2007-01-01 12:00:00
Valid Interval: 23:00:00-02:00:00
Valid days of month: 1, 2, 3, 4, 5, 6, 7, 8, 9, 10, 11, 12, 13, 14, 15, 16, 17, 18, 19, 20, 21, 22, 23, 24, 25, 26, 27, 28, 29, 30, 31
Valid weekdays: Saturday, Sunday
When: 01:00:00
Current Time: 2007-01-02 01:00:00
Valid Interval: 23:00:00-02:00:00
Valid days of month: 1, 2, 3, 4, 5, 6, 7, 8, 9, 10, 11, 12, 13, 14, 15, 16, 17, 18, 19, 20, 21, 22, 23, 24, 25, 26, 27, 28, 29, 30, 31
Valid weekdays: Saturday, Sunday
When: 01:00:00
Current Time: 2007-01-06 00:30:00
Valid Interval: 23:00:00-02:00:00
Valid days of month: 1, 2, 3, 4, 5, 6, 7, 8, 9, 10, 11, 12, 13, 14, 15, 16, 17, 18, 19, 20, 21, 22, 23, 24, 25, 26, 27, 28, 29, 30, 31
Valid weekdays: Saturday, Sunday
When: 01:00:00
Current Time: 2007-01-06 01:30:00
Valid Interval: 23:00:00-02:00:00
Valid days of month: 1, 2, 3, 4, 5, 6, 7, 8, 9, 10, 11, 12, 13, 14, 15, 16, 17, 18, 19, 20, 21, 22, 23, 24, 25, 26, 27, 28, 29, 30, 31
Valid weekdays: Saturday, Sunday
When: 01:00:00
Current Time: 2007-01-06 02:30:00
Valid Interval: 23:00:00-02:00:00
Valid days of month: 1, 2, 3, 4, 5, 6, 7, 8, 9, 10, 11, 12, 13, 14, 15, 16, 17, 18, 19, 20, 21, 22, 23, 24, 25, 26, 27, 28, 29, 30, 31
Valid weekdays: Saturday, Sunday
When: 01:00:00
Current Time: 2007-01-07 02:00:00
Valid Interval: 23:00:00-02:00:00
Valid days of month: 1, 2, 3, 4, 5, 6, 7, 8, 9, 10, 11, 12, 13, 14, 15, 16, 17, 18, 19, 20, 21, 22, 23, 24, 25, 26, 27, 28, 29, 30, 31
Valid weekdays: Saturday, Sunday
When: 23:30:00
Current Time: 2007-01-01 12:00:00
Valid Interval: 23:00:00-02:00:00
Valid days of month: 1, 2, 3, 4, 5, 6, 7, 8, 9, 10, 11, 12, 13, 14, 15, 16, 17, 18, 19, 20, 21, 22, 23, 24, 25, 26, 27, 28, 29, 30, 31
Valid weekdays: Saturday, Sunday
When: 23:30:00
Current Time: 2007-01-05 23:30:00
Valid Interval: 23:00:00-02:00:00
Valid days of month: 1, 2, 3, 4, 5, 6, 7, 8, 9, 10, 11, 12, 13, 14, 15, 16, 17, 18, 19, 20, 21, 22, 23, 24, 25, 26, 27, 28, 29, 30, 31
Valid weekdays: Saturday, Sunday
When: 23:30:00
Current Time: 2007-01-06 23:00:00
Valid Interval: 23:00:00-02:00:00
Valid days of month: 1, 2, 3, 4, 5, 6, 7, 8, 9, 10, 11, 12, 13, 14, 15, 16, 17, 18, 19, 20, 21, 22, 23, 24, 25, 26, 27, 28, 29, 30, 31
Valid weekdays: Saturday, Sunday
When: 23:30:00
Current Time: 2007-01-06 02:00:00
Valid Interval: 23:00:00-02:00:00
Valid days of month: 1, 2, 3, 4, 5, 6, 7, 8, 9, 10, 11, 12, 13, 14, 15, 16, 17, 18, 19, 20, 21, 22, 23, 24, 25, 26, 27, 28, 29, 30, 31
Valid weekdays: Saturday, Sunday
When: 23:30:00
Current Time: 2007-01-07 23:40:00
Valid Interval: 23:00:00-02:00:00
Valid days of month: 1, 2, 3, 4, 5, 6, 7, 8, 9, 10, 11, 12, 13, 14, 15, 16, 17, 18, 19, 20, 21, 22, 23, 24, 25, 26, 27, 28, 29, 30, 31
Valid weekdays: Saturday, Sunday
When: 23:30:00
Current Time: 2007-01-07 01:00:00
Valid Interval: 13:00:00-16:00:00
Valid days of month: 1, 2, 3, 4, 5, 6, 7, 8, 9, 10, 11, 12, 13, 14, 15, 16, 17, 18, 19, 20, 21, 22, 23, 24, 25, 26, 27, 28, 29, 30, 31
Valid weekdays: Saturday, Sunday
When: 14:00:00
Current Time: 2007-01-01 12:00:00
Valid Interval: 13:00:00-16:00:00
Valid days of month: 1, 2, 3, 4, 5, 6, 7, 8, 9, 10, 11, 12, 13, 14, 15, 16, 17, 18, 19, 20, 21, 22, 23, 24, 25, 26, 27, 28, 29, 30, 31
Valid weekdays: Saturday, Sunday
When: 14:00:00
Current Time: 2007-01-02 13:30:00
Valid Interval: 13:00:00-16:00:00
Valid days of month: 1, 2, 3, 4, 5, 6, 7, 8, 9, 10, 11, 12, 13, 14, 15, 16, 17, 18, 19, 20, 21, 22, 23, 24, 25, 26, 27, 28, 29, 30, 31
Valid weekdays: Saturday, Sunday
When: 14:00:00
Current Time: 2007-01-06 13:30:00
Valid Interval: 13:00:00-16:00:00
Valid days of month: 1, 2, 3, 4, 5, 6, 7, 8, 9, 10, 11, 12, 13, 14, 15, 16, 17, 18, 19, 20, 21, 22, 23, 24, 25, 26, 27, 28, 29, 30, 31
Valid weekdays: Saturday, Sunday
When: 14:00:00
Current Time: 2007-01-06 14:30:00
Valid Interval: 13:00:00-16:00:00
Valid days of month: 1, 2, 3, 4, 5, 6, 7, 8, 9, 10, 11, 12, 13, 14, 15, 16, 17, 18, 19, 20, 21, 22, 23, 24, 25, 26, 27, 28, 29, 30, 31
Valid weekdays: Saturday, Sunday
When: 14:00:00
Current Time: 2007-01-06 16:30:00
Valid Interval: 13:00:00-16:00:00
Valid days of month: 1, 2, 3, 4, 5, 6, 7, 8, 9, 10, 11, 12, 13, 14, 15, 16, 17, 18, 19, 20, 21, 22, 23, 24, 25, 26, 27, 28, 29, 30, 31
Valid weekdays: Saturday, Sunday
When: 14:00:00
Current Time: 2007-01-07 16:00:00
Valid Interval: 23:00:00-02:00:00
Valid days of month: 1, 2, 3, 4, 5, 6, 7, 8, 9, 10, 11, 12, 13, 14, 15, 16, 17, 18, 19, 20, 21, 22, 23, 24, 25, 26, 27, 28, 29, 30, 31
Valid weekdays: Saturday, Sunday
When: 01:00:00
Current Time: 2007-01-01 12:00:00
Valid Interval: 23:00:00-02:00:00
Valid days of month: 1, 2, 3, 4, 5, 6, 7, 8, 9, 10, 11, 12, 13, 14, 15, 16, 17, 18, 19, 20, 21, 22, 23, 24, 25, 26, 27, 28, 29, 30, 31
Valid weekdays: Saturday, Sunday
When: 01:00:00
Current Time: 2007-01-02 01:00:00
Valid Interval: 23:00:00-02:00:00
Valid days of month: 1, 2, 3, 4, 5, 6, 7, 8, 9, 10, 11, 12, 13, 14, 15, 16, 17, 18, 19, 20, 21, 22, 23, 24, 25, 26, 27, 28, 29, 30, 31
Valid weekdays: Saturday, Sunday
When: 01:00:00
Current Time: 2007-01-06 00:30:00
Valid Interval: 23:00:00-02:00:00
Valid days of month: 1, 2, 3, 4, 5, 6, 7, 8, 9, 10, 11, 12, 13, 14, 15, 16, 17, 18, 19, 20, 21, 22, 23, 24, 25, 26, 27, 28, 29, 30, 31
Valid weekdays: Saturday, Sunday
When: 01:00:00
Current Time: 2007-01-06 02:30:00
Valid Interval: 23:00:00-02:00:00
Valid days of month: 1, 2, 3, 4, 5, 6, 7, 8, 9, 10, 11, 12, 13, 14, 15, 16, 17, 18, 19, 20, 21, 22, 23, 24, 25, 26, 27, 28, 29, 30, 31
Valid weekdays: Saturday, Sunday
When: 23:30:00
Current Time: 2007-01-01 12:00:00
Valid Interval: 23:00:00-02:00:00
Valid days of month: 1, 2, 3, 4, 5, 6, 7, 8, 9, 10, 11, 12, 13, 14, 15, 16, 17, 18, 19, 20, 21, 22, 23, 24, 25, 26, 27, 28, 29, 30, 31
Valid weekdays: Saturday, Sunday
When: 23:30:00
Current Time: 2007-01-05 23:30:00
Valid Interval: 23:00:00-02:00:00
Valid days of month: 1, 2, 3, 4, 5, 6, 7, 8, 9, 10, 11, 12, 13, 14, 15, 16, 17, 18, 19, 20, 21, 22, 23, 24, 25, 26, 27, 28, 29, 30, 31
Valid weekdays: Saturday, Sunday
When: 23:30:00
Current Time: 2007-01-06 23:00:00
Valid Interval: 23:00:00-02:00:00
Valid days of month: 1, 2, 3, 4, 5, 6, 7, 8, 9, 10, 11, 12, 13, 14, 15, 16, 17, 18, 19, 20, 21, 22, 23, 24, 25, 26, 27, 28, 29, 30, 31
Valid weekdays: Saturday, Sunday
When: 23:30:00
Current Time: 2007-01-06 02:00:00
Valid Interval: 23:00:00-02:00:00
Valid days of month: 1, 2, 3, 4, 5, 6, 7, 8, 9, 10, 11, 12, 13, 14, 15, 16, 17, 18, 19, 20, 21, 22, 23, 24, 25, 26, 27, 28, 29, 30, 31
Valid weekdays: Saturday, Sunday
When: 23:30:00
Current Time: 2007-01-07 23:40:00
Valid Interval: 23:00:00-02:00:00
Valid days of month: 1, 2, 3, 4, 5, 6, 7, 8, 9, 10, 11, 12, 13, 14, 15, 16, 17, 18, 19, 20, 21, 22, 23, 24, 25, 26, 27, 28, 29, 30, 31
Valid weekdays: Saturday, Sunday
When: 23:30:00
Current Time: 2007-01-07 01:00:00
Valid Interval: 13:00:00-16:00:00
Valid days of month: 1, 2, 3, 4, 5, 6, 7, 8, 9, 10, 11, 12, 13, 14, 15, 16, 17, 18, 19, 20, 21, 22, 23, 24, 25, 26, 27, 28, 29, 30, 31
Valid weekdays: Saturday, Sunday
When: 14:00:00
Current Time: 2007-01-06 14:30:00
Valid Interval: 13:00:00-16:00:00
Valid days of month: 1, 2, 3, 4, 5, 6, 7, 8, 9, 10, 11, 12, 13, 14, 15, 16, 17, 18, 19, 20, 21, 22, 23, 24, 25, 26, 27, 28, 29, 30, 31
Valid weekdays: Saturday, Sunday
When: 14:00:00
Current Time: 2007-01-07 15:00:00
Valid Interval: 23:00:00-02:00:00
Valid days of month: 1, 2, 3, 4, 5, 6, 7, 8, 9, 10, 11, 12, 13, 14, 15, 16, 17, 18, 19, 20, 21, 22, 23, 24, 25, 26, 27, 28, 29, 30, 31
Valid weekdays: Saturday, Sunday
When: 01:00:00
Current Time: 2007-01-06 01:30:00
Valid Interval: 23:00:00-02:00:00
Valid days of month: 1, 2, 3, 4, 5, 6, 7, 8, 9, 10, 11, 12, 13, 14, 15, 16, 17, 18, 19, 20, 21, 22, 23, 24, 25, 26, 27, 28, 29, 30, 31
Valid weekdays: Saturday, Sunday
When: 01:00:00
Current Time: 2007-01-07 01:30:00
Valid Interval: 23:00:00-02:00:00
Valid days of month: 1, 2, 3, 4, 5, 6, 7, 8, 9, 10, 11, 12, 13, 14, 15, 16, 17, 18, 19, 20, 21, 22, 23, 24, 25, 26, 27, 28, 29, 30, 31
Valid weekdays: Saturday, Sunday
When: 23:30:00
Current Time: 2007-01-06 23:02:00
Valid Interval: 23:00:00-02:00:00
Valid days of month: 1, 2, 3, 4, 5, 6, 7, 8, 9, 10, 11, 12, 13, 14, 15, 16, 17, 18, 19, 20, 21, 22, 23, 24, 25, 26, 27, 28, 29, 30, 31
Valid weekdays: Saturday, Sunday
When: 23:30:00
Current Time: 2007-01-06 01:10:00
Valid Interval: 23:00:00-02:00:00
Valid days of month: 1, 2, 3, 4, 5, 6, 7, 8, 9, 10, 11, 12, 13, 14, 15, 16, 17, 18, 19, 20, 21, 22, 23, 24, 25, 26, 27, 28, 29, 30, 31
Valid weekdays: Saturday, Sunday
When: 23:30:00
Current Time: 2007-01-07 01:00:40
Valid Interval: 23:00:00-02:00:00
Valid days of month: 2
Valid weekdays: Saturday, Sunday
When: 23:30:00
Current Time: 2007-01-01 12:00:00
Valid Interval: 23:00:00-02:00:00
Valid days of month: 1, 2
Valid weekdays: Saturday, Sunday
When: 23:30:00
Current Time: 2007-01-05 23:30:00
Valid Interval: 23:00:00-02:00:00
Valid days of month: 1, 2
Valid weekdays: Saturday, Sunday
When: 23:30:00
Current Time: 2007-01-06 23:00:00</StdOut>
      </Output>
    </UnitTestResult>
    <UnitTestResult executionId="a224eb22-aa15-4abf-a748-a0e4191361f7" testId="c51c2fa8-e7d3-46e0-b135-77fd8dcedf4c" testName="GetNextTimeToTrigger_AbsoluteTimer_ReturnsCorrectTime (Data Row 87)" computerName="ICSWS068" duration="00:00:00.0042013" startTime="2016-08-04T07:57:22.9763085+02:00" endTime="2016-08-04T07:57:22.9808140+02:00" testType="13cdc9d9-ddb5-4fa4-a97d-d965ccfc6d4b" outcome="Passed" testListId="8c84fa94-04c1-424b-9868-57a2d4851a1d" relativeResultsDirectory="a224eb22-aa15-4abf-a748-a0e4191361f7">
      <Output>
        <StdOut>TestContext Messages:
Valid Interval: 11:00:00-13:00:00
Valid days of month: 1, 2, 3, 4, 5, 6, 7, 8, 9, 10, 11, 12, 13, 14, 15, 16, 17, 18, 19, 20, 21, 22, 23, 24, 25, 26, 27, 28, 29, 30, 31
Valid weekdays: Monday, Tuesday, Wednesday, Thursday, Friday, Saturday, Sunday
When: 12:00:00
Current Time: 2011-01-01 00:00:00
Valid Interval: 11:00:00-13:00:00
Valid days of month: 1, 2, 3, 4, 5, 6, 7, 8, 9, 10, 11, 12, 13, 14, 15, 16, 17, 18, 19, 20, 21, 22, 23, 24, 25, 26, 27, 28, 29, 30, 31
Valid weekdays: Monday, Tuesday, Wednesday, Thursday, Friday, Saturday, Sunday
When: 12:00:00
Current Time: 2011-01-01 09:00:00
Valid Interval: 11:00:00-13:00:00
Valid days of month: 1, 2, 3, 4, 5, 6, 7, 8, 9, 10, 11, 12, 13, 14, 15, 16, 17, 18, 19, 20, 21, 22, 23, 24, 25, 26, 27, 28, 29, 30, 31
Valid weekdays: Monday, Tuesday, Wednesday, Thursday, Friday, Saturday, Sunday
When: 12:00:00
Current Time: 2011-01-01 11:00:00
Valid Interval: 11:00:00-13:00:00
Valid days of month: 1, 2, 3, 4, 5, 6, 7, 8, 9, 10, 11, 12, 13, 14, 15, 16, 17, 18, 19, 20, 21, 22, 23, 24, 25, 26, 27, 28, 29, 30, 31
Valid weekdays: Monday, Tuesday, Wednesday, Thursday, Friday, Saturday, Sunday
When: 12:00:00
Current Time: 2011-01-01 12:00:00
Valid Interval: 11:00:00-13:00:00
Valid days of month: 1, 2, 3, 4, 5, 6, 7, 8, 9, 10, 11, 12, 13, 14, 15, 16, 17, 18, 19, 20, 21, 22, 23, 24, 25, 26, 27, 28, 29, 30, 31
Valid weekdays: Monday, Tuesday, Wednesday, Thursday, Friday, Saturday, Sunday
When: 12:00:00
Current Time: 2011-01-01 12:30:00
Valid Interval: 11:00:00-13:00:00
Valid days of month: 1, 2, 3, 4, 5, 6, 7, 8, 9, 10, 11, 12, 13, 14, 15, 16, 17, 18, 19, 20, 21, 22, 23, 24, 25, 26, 27, 28, 29, 30, 31
Valid weekdays: Monday, Tuesday, Wednesday, Thursday, Friday, Saturday, Sunday
When: 12:00:00
Current Time: 2011-01-01 13:00:00
Valid Interval: 11:00:00-13:00:00
Valid days of month: 1, 2, 3, 4, 5, 6, 7, 8, 9, 10, 11, 12, 13, 14, 15, 16, 17, 18, 19, 20, 21, 22, 23, 24, 25, 26, 27, 28, 29, 30, 31
Valid weekdays: Monday, Tuesday, Wednesday, Thursday, Friday, Saturday, Sunday
When: 12:00:00
Current Time: 2011-01-02 00:00:00
Valid Interval: 11:00:00-13:00:00
Valid days of month: 1, 2, 3, 4, 5, 6, 7, 8, 9, 10, 11, 12, 13, 14, 15, 16, 17, 18, 19, 20, 21, 22, 23, 24, 25, 26, 27, 28, 29, 30, 31
Valid weekdays: Monday, Tuesday, Wednesday, Thursday, Friday, Saturday, Sunday
When: 12:00:00
Current Time: 2011-01-02 09:00:00
Valid Interval: 11:00:00-13:00:00
Valid days of month: 1, 2, 3, 4, 5, 6, 7, 8, 9, 10, 11, 12, 13, 14, 15, 16, 17, 18, 19, 20, 21, 22, 23, 24, 25, 26, 27, 28, 29, 30, 31
Valid weekdays: Monday, Tuesday, Wednesday, Thursday, Friday, Saturday, Sunday
When: 12:00:00
Current Time: 2011-01-02 12:00:00
Valid Interval: 11:00:00-13:00:00
Valid days of month: 1, 2, 3, 4, 5, 6, 7, 8, 9, 10, 11, 12, 13, 14, 15, 16, 17, 18, 19, 20, 21, 22, 23, 24, 25, 26, 27, 28, 29, 30, 31
Valid weekdays: Monday, Tuesday, Wednesday, Thursday, Friday, Saturday, Sunday
When: 12:00:00
Current Time: 2011-01-02 12:45:30
Valid Interval: 11:00:00-13:00:00
Valid days of month: 1, 2, 3, 4, 5, 6, 7, 8, 9, 10, 11, 12, 13, 14, 15, 16, 17, 18, 19, 20, 21, 22, 23, 24, 25, 26, 27, 28, 29, 30, 31
Valid weekdays: Monday, Tuesday, Wednesday, Thursday, Friday, Saturday, Sunday
When: 12:00:00
Current Time: 2011-01-02 13:00:00
Valid Interval: 11:00:00-13:00:00
Valid days of month: 1, 2, 3, 4, 5, 6, 7, 8, 9, 10, 11, 12, 13, 14, 15, 16, 17, 18, 19, 20, 21, 22, 23, 24, 25, 26, 27, 28, 29, 30, 31
Valid weekdays: Monday, Tuesday, Wednesday, Thursday, Friday, Saturday, Sunday
When: 12:00:00
Current Time: 2011-01-01 12:00:00
Valid Interval: 11:00:00-13:00:00
Valid days of month: 1, 2, 3, 4, 5, 6, 7, 8, 9, 10, 11, 12, 13, 14, 15, 16, 17, 18, 19, 20, 21, 22, 23, 24, 25, 26, 27, 28, 29, 30, 31
Valid weekdays: Monday, Tuesday, Wednesday, Thursday, Friday, Saturday, Sunday
When: 12:00:00
Current Time: 2011-01-01 12:30:00
Valid Interval: 11:00:00-13:00:00
Valid days of month: 1, 2, 3, 4, 5, 6, 7, 8, 9, 10, 11, 12, 13, 14, 15, 16, 17, 18, 19, 20, 21, 22, 23, 24, 25, 26, 27, 28, 29, 30, 31
Valid weekdays: Monday, Tuesday, Wednesday, Thursday, Friday, Saturday, Sunday
When: 12:00:00
Current Time: 2011-01-01 12:30:00
Valid Interval: 11:00:00-13:00:00
Valid days of month: 1, 2, 3, 4, 5, 6, 7, 8, 9, 10, 11, 12, 13, 14, 15, 16, 17, 18, 19, 20, 21, 22, 23, 24, 25, 26, 27, 28, 29, 30, 31
Valid weekdays: Monday, Tuesday, Wednesday, Thursday, Friday, Saturday, Sunday
When: 12:00:00
Current Time: 2011-01-01 13:00:00
Valid Interval: 11:00:00-13:00:00
Valid days of month: 1, 2, 3, 4, 5, 6, 7, 8, 9, 10, 11, 12, 13, 14, 15, 16, 17, 18, 19, 20, 21, 22, 23, 24, 25, 26, 27, 28, 29, 30, 31
Valid weekdays: Monday, Tuesday, Wednesday, Thursday, Friday, Saturday, Sunday
When: 12:00:00
Current Time: 2011-01-01 14:30:00
Valid Interval: 23:00:00-13:00:00
Valid days of month: 1, 2, 3, 4, 5, 6, 7, 8, 9, 10, 11, 12, 13, 14, 15, 16, 17, 18, 19, 20, 21, 22, 23, 24, 25, 26, 27, 28, 29, 30, 31
Valid weekdays: Monday, Tuesday, Wednesday, Thursday, Friday, Saturday, Sunday
When: 23:30:00
Current Time: 2011-01-01 16:00:00
Valid Interval: 23:00:00-13:00:00
Valid days of month: 1, 2, 3, 4, 5, 6, 7, 8, 9, 10, 11, 12, 13, 14, 15, 16, 17, 18, 19, 20, 21, 22, 23, 24, 25, 26, 27, 28, 29, 30, 31
Valid weekdays: Monday, Tuesday, Wednesday, Thursday, Friday, Saturday, Sunday
When: 23:30:00
Current Time: 2011-01-01 23:00:00
Valid Interval: 23:00:00-13:00:00
Valid days of month: 1, 2, 3, 4, 5, 6, 7, 8, 9, 10, 11, 12, 13, 14, 15, 16, 17, 18, 19, 20, 21, 22, 23, 24, 25, 26, 27, 28, 29, 30, 31
Valid weekdays: Monday, Tuesday, Wednesday, Thursday, Friday, Saturday, Sunday
When: 23:30:00
Current Time: 2011-01-01 23:30:00
Valid Interval: 23:00:00-13:00:00
Valid days of month: 1, 2, 3, 4, 5, 6, 7, 8, 9, 10, 11, 12, 13, 14, 15, 16, 17, 18, 19, 20, 21, 22, 23, 24, 25, 26, 27, 28, 29, 30, 31
Valid weekdays: Monday, Tuesday, Wednesday, Thursday, Friday, Saturday, Sunday
When: 23:30:00
Current Time: 2011-01-01 23:45:00
Valid Interval: 23:00:00-13:00:00
Valid days of month: 1, 2, 3, 4, 5, 6, 7, 8, 9, 10, 11, 12, 13, 14, 15, 16, 17, 18, 19, 20, 21, 22, 23, 24, 25, 26, 27, 28, 29, 30, 31
Valid weekdays: Monday, Tuesday, Wednesday, Thursday, Friday, Saturday, Sunday
When: 23:30:00
Current Time: 2011-01-02 00:30:00
Valid Interval: 23:00:00-13:00:00
Valid days of month: 1, 2, 3, 4, 5, 6, 7, 8, 9, 10, 11, 12, 13, 14, 15, 16, 17, 18, 19, 20, 21, 22, 23, 24, 25, 26, 27, 28, 29, 30, 31
Valid weekdays: Monday, Tuesday, Wednesday, Thursday, Friday, Saturday, Sunday
When: 23:30:00
Current Time: 2011-01-01 13:00:00
Valid Interval: 23:00:00-13:00:00
Valid days of month: 1, 2, 3, 4, 5, 6, 7, 8, 9, 10, 11, 12, 13, 14, 15, 16, 17, 18, 19, 20, 21, 22, 23, 24, 25, 26, 27, 28, 29, 30, 31
Valid weekdays: Monday, Tuesday, Wednesday, Thursday, Friday, Saturday, Sunday
When: 01:00:00
Current Time: 2011-01-01 16:00:00
Valid Interval: 23:00:00-13:00:00
Valid days of month: 1, 2, 3, 4, 5, 6, 7, 8, 9, 10, 11, 12, 13, 14, 15, 16, 17, 18, 19, 20, 21, 22, 23, 24, 25, 26, 27, 28, 29, 30, 31
Valid weekdays: Monday, Tuesday, Wednesday, Thursday, Friday, Saturday, Sunday
When: 01:00:00
Current Time: 2011-01-01 23:00:00
Valid Interval: 23:00:00-13:00:00
Valid days of month: 1, 2, 3, 4, 5, 6, 7, 8, 9, 10, 11, 12, 13, 14, 15, 16, 17, 18, 19, 20, 21, 22, 23, 24, 25, 26, 27, 28, 29, 30, 31
Valid weekdays: Monday, Tuesday, Wednesday, Thursday, Friday, Saturday, Sunday
When: 01:00:00
Current Time: 2011-01-01 23:30:00
Valid Interval: 23:00:00-13:00:00
Valid days of month: 1, 2, 3, 4, 5, 6, 7, 8, 9, 10, 11, 12, 13, 14, 15, 16, 17, 18, 19, 20, 21, 22, 23, 24, 25, 26, 27, 28, 29, 30, 31
Valid weekdays: Monday, Tuesday, Wednesday, Thursday, Friday, Saturday, Sunday
When: 01:00:00
Current Time: 2011-01-02 00:30:00
Valid Interval: 23:00:00-13:00:00
Valid days of month: 1, 2, 3, 4, 5, 6, 7, 8, 9, 10, 11, 12, 13, 14, 15, 16, 17, 18, 19, 20, 21, 22, 23, 24, 25, 26, 27, 28, 29, 30, 31
Valid weekdays: Monday, Tuesday, Wednesday, Thursday, Friday, Saturday, Sunday
When: 01:00:00
Current Time: 2011-01-01 02:00:00
Valid Interval: 23:00:00-13:00:00
Valid days of month: 1, 2, 3, 4, 5, 6, 7, 8, 9, 10, 11, 12, 13, 14, 15, 16, 17, 18, 19, 20, 21, 22, 23, 24, 25, 26, 27, 28, 29, 30, 31
Valid weekdays: Monday, Tuesday, Wednesday, Thursday, Friday, Saturday, Sunday
When: 01:00:00
Current Time: 2011-01-01 13:00:00
Valid Interval: 23:00:00-13:00:00
Valid days of month: 1, 2, 3, 4, 5, 6, 7, 8, 9, 10, 11, 12, 13, 14, 15, 16, 17, 18, 19, 20, 21, 22, 23, 24, 25, 26, 27, 28, 29, 30, 31
Valid weekdays: Monday, Tuesday, Wednesday, Thursday, Friday, Saturday, Sunday
When: 23:30:00
Current Time: 2011-01-01 16:00:00
Valid Interval: 23:00:00-13:00:00
Valid days of month: 1, 2, 3, 4, 5, 6, 7, 8, 9, 10, 11, 12, 13, 14, 15, 16, 17, 18, 19, 20, 21, 22, 23, 24, 25, 26, 27, 28, 29, 30, 31
Valid weekdays: Monday, Tuesday, Wednesday, Thursday, Friday, Saturday, Sunday
When: 23:30:00
Current Time: 2011-01-01 23:00:00
Valid Interval: 23:00:00-13:00:00
Valid days of month: 1, 2, 3, 4, 5, 6, 7, 8, 9, 10, 11, 12, 13, 14, 15, 16, 17, 18, 19, 20, 21, 22, 23, 24, 25, 26, 27, 28, 29, 30, 31
Valid weekdays: Monday, Tuesday, Wednesday, Thursday, Friday, Saturday, Sunday
When: 23:30:00
Current Time: 2011-01-01 23:30:00
Valid Interval: 23:00:00-13:00:00
Valid days of month: 1, 2, 3, 4, 5, 6, 7, 8, 9, 10, 11, 12, 13, 14, 15, 16, 17, 18, 19, 20, 21, 22, 23, 24, 25, 26, 27, 28, 29, 30, 31
Valid weekdays: Monday, Tuesday, Wednesday, Thursday, Friday, Saturday, Sunday
When: 23:30:00
Current Time: 2011-01-01 23:45:00
Valid Interval: 23:00:00-13:00:00
Valid days of month: 1, 2, 3, 4, 5, 6, 7, 8, 9, 10, 11, 12, 13, 14, 15, 16, 17, 18, 19, 20, 21, 22, 23, 24, 25, 26, 27, 28, 29, 30, 31
Valid weekdays: Monday, Tuesday, Wednesday, Thursday, Friday, Saturday, Sunday
When: 23:30:00
Current Time: 2011-01-02 00:30:00
Valid Interval: 23:00:00-13:00:00
Valid days of month: 1, 2, 3, 4, 5, 6, 7, 8, 9, 10, 11, 12, 13, 14, 15, 16, 17, 18, 19, 20, 21, 22, 23, 24, 25, 26, 27, 28, 29, 30, 31
Valid weekdays: Monday, Tuesday, Wednesday, Thursday, Friday, Saturday, Sunday
When: 23:30:00
Current Time: 2011-01-01 13:00:00
Valid Interval: 23:00:00-13:00:00
Valid days of month: 1, 2, 3, 4, 5, 6, 7, 8, 9, 10, 11, 12, 13, 14, 15, 16, 17, 18, 19, 20, 21, 22, 23, 24, 25, 26, 27, 28, 29, 30, 31
Valid weekdays: Monday, Tuesday, Wednesday, Thursday, Friday, Saturday, Sunday
When: 01:00:00
Current Time: 2011-01-01 16:00:00
Valid Interval: 23:00:00-13:00:00
Valid days of month: 1, 2, 3, 4, 5, 6, 7, 8, 9, 10, 11, 12, 13, 14, 15, 16, 17, 18, 19, 20, 21, 22, 23, 24, 25, 26, 27, 28, 29, 30, 31
Valid weekdays: Monday, Tuesday, Wednesday, Thursday, Friday, Saturday, Sunday
When: 01:00:00
Current Time: 2011-01-01 23:00:00
Valid Interval: 23:00:00-13:00:00
Valid days of month: 1, 2, 3, 4, 5, 6, 7, 8, 9, 10, 11, 12, 13, 14, 15, 16, 17, 18, 19, 20, 21, 22, 23, 24, 25, 26, 27, 28, 29, 30, 31
Valid weekdays: Monday, Tuesday, Wednesday, Thursday, Friday, Saturday, Sunday
When: 01:00:00
Current Time: 2011-01-01 23:30:00
Valid Interval: 23:00:00-13:00:00
Valid days of month: 1, 2, 3, 4, 5, 6, 7, 8, 9, 10, 11, 12, 13, 14, 15, 16, 17, 18, 19, 20, 21, 22, 23, 24, 25, 26, 27, 28, 29, 30, 31
Valid weekdays: Monday, Tuesday, Wednesday, Thursday, Friday, Saturday, Sunday
When: 01:00:00
Current Time: 2011-01-02 00:30:00
Valid Interval: 23:00:00-13:00:00
Valid days of month: 1, 2, 3, 4, 5, 6, 7, 8, 9, 10, 11, 12, 13, 14, 15, 16, 17, 18, 19, 20, 21, 22, 23, 24, 25, 26, 27, 28, 29, 30, 31
Valid weekdays: Monday, Tuesday, Wednesday, Thursday, Friday, Saturday, Sunday
When: 01:00:00
Current Time: 2011-01-02 02:00:00
Valid Interval: 23:00:00-13:00:00
Valid days of month: 1, 2, 3, 4, 5, 6, 7, 8, 9, 10, 11, 12, 13, 14, 15, 16, 17, 18, 19, 20, 21, 22, 23, 24, 25, 26, 27, 28, 29, 30, 31
Valid weekdays: Monday, Tuesday, Wednesday, Thursday, Friday, Saturday, Sunday
When: 01:00:00
Current Time: 2011-01-02 13:00:00
Valid Interval: 23:00:00-13:00:00
Valid days of month: 1, 2, 3, 4, 5, 6, 7, 8, 9, 10, 11, 12, 13, 14, 15, 16, 17, 18, 19, 20, 21, 22, 23, 24, 25, 26, 27, 28, 29, 30, 31
Valid weekdays: Monday, Tuesday, Wednesday, Thursday, Friday, Saturday, Sunday
When: 23:30:00
Current Time: 2011-01-01 23:30:05
Valid Interval: 23:00:00-13:00:00
Valid days of month: 1, 2, 3, 4, 5, 6, 7, 8, 9, 10, 11, 12, 13, 14, 15, 16, 17, 18, 19, 20, 21, 22, 23, 24, 25, 26, 27, 28, 29, 30, 31
Valid weekdays: Monday, Tuesday, Wednesday, Thursday, Friday, Saturday, Sunday
When: 23:30:00
Current Time: 2011-01-02 00:30:00
Valid Interval: 23:00:00-13:00:00
Valid days of month: 1, 2, 3, 4, 5, 6, 7, 8, 9, 10, 11, 12, 13, 14, 15, 16, 17, 18, 19, 20, 21, 22, 23, 24, 25, 26, 27, 28, 29, 30, 31
Valid weekdays: Monday, Tuesday, Wednesday, Thursday, Friday, Saturday, Sunday
When: 23:30:00
Current Time: 2011-01-02 13:00:00
Valid Interval: 23:00:00-13:00:00
Valid days of month: 1, 2, 3, 4, 5, 6, 7, 8, 9, 10, 11, 12, 13, 14, 15, 16, 17, 18, 19, 20, 21, 22, 23, 24, 25, 26, 27, 28, 29, 30, 31
Valid weekdays: Monday, Tuesday, Wednesday, Thursday, Friday, Saturday, Sunday
When: 01:00:00
Current Time: 2011-01-01 02:00:00
Valid Interval: 23:00:00-13:00:00
Valid days of month: 1, 2, 3, 4, 5, 6, 7, 8, 9, 10, 11, 12, 13, 14, 15, 16, 17, 18, 19, 20, 21, 22, 23, 24, 25, 26, 27, 28, 29, 30, 31
Valid weekdays: Monday, Tuesday, Wednesday, Thursday, Friday, Saturday, Sunday
When: 01:00:00
Current Time: 2011-01-02 02:00:00
Valid Interval: 13:00:00-16:00:00
Valid days of month: 1, 2, 3, 4, 5, 6, 7, 8, 9, 10, 11, 12, 13, 14, 15, 16, 17, 18, 19, 20, 21, 22, 23, 24, 25, 26, 27, 28, 29, 30, 31
Valid weekdays: Saturday, Sunday
When: 14:00:00
Current Time: 2007-01-01 12:00:00
Valid Interval: 13:00:00-16:00:00
Valid days of month: 1, 2, 3, 4, 5, 6, 7, 8, 9, 10, 11, 12, 13, 14, 15, 16, 17, 18, 19, 20, 21, 22, 23, 24, 25, 26, 27, 28, 29, 30, 31
Valid weekdays: Saturday, Sunday
When: 14:00:00
Current Time: 2007-01-02 13:30:00
Valid Interval: 13:00:00-16:00:00
Valid days of month: 1, 2, 3, 4, 5, 6, 7, 8, 9, 10, 11, 12, 13, 14, 15, 16, 17, 18, 19, 20, 21, 22, 23, 24, 25, 26, 27, 28, 29, 30, 31
Valid weekdays: Saturday, Sunday
When: 14:00:00
Current Time: 2007-01-06 13:30:00
Valid Interval: 13:00:00-16:00:00
Valid days of month: 1, 2, 3, 4, 5, 6, 7, 8, 9, 10, 11, 12, 13, 14, 15, 16, 17, 18, 19, 20, 21, 22, 23, 24, 25, 26, 27, 28, 29, 30, 31
Valid weekdays: Saturday, Sunday
When: 14:00:00
Current Time: 2007-01-06 14:30:00
Valid Interval: 13:00:00-16:00:00
Valid days of month: 1, 2, 3, 4, 5, 6, 7, 8, 9, 10, 11, 12, 13, 14, 15, 16, 17, 18, 19, 20, 21, 22, 23, 24, 25, 26, 27, 28, 29, 30, 31
Valid weekdays: Saturday, Sunday
When: 14:00:00
Current Time: 2007-01-06 16:30:00
Valid Interval: 13:00:00-16:00:00
Valid days of month: 1, 2, 3, 4, 5, 6, 7, 8, 9, 10, 11, 12, 13, 14, 15, 16, 17, 18, 19, 20, 21, 22, 23, 24, 25, 26, 27, 28, 29, 30, 31
Valid weekdays: Saturday, Sunday
When: 14:00:00
Current Time: 2007-01-07 16:00:00
Valid Interval: 23:00:00-02:00:00
Valid days of month: 1, 2, 3, 4, 5, 6, 7, 8, 9, 10, 11, 12, 13, 14, 15, 16, 17, 18, 19, 20, 21, 22, 23, 24, 25, 26, 27, 28, 29, 30, 31
Valid weekdays: Saturday, Sunday
When: 01:00:00
Current Time: 2007-01-01 12:00:00
Valid Interval: 23:00:00-02:00:00
Valid days of month: 1, 2, 3, 4, 5, 6, 7, 8, 9, 10, 11, 12, 13, 14, 15, 16, 17, 18, 19, 20, 21, 22, 23, 24, 25, 26, 27, 28, 29, 30, 31
Valid weekdays: Saturday, Sunday
When: 01:00:00
Current Time: 2007-01-02 01:00:00
Valid Interval: 23:00:00-02:00:00
Valid days of month: 1, 2, 3, 4, 5, 6, 7, 8, 9, 10, 11, 12, 13, 14, 15, 16, 17, 18, 19, 20, 21, 22, 23, 24, 25, 26, 27, 28, 29, 30, 31
Valid weekdays: Saturday, Sunday
When: 01:00:00
Current Time: 2007-01-06 00:30:00
Valid Interval: 23:00:00-02:00:00
Valid days of month: 1, 2, 3, 4, 5, 6, 7, 8, 9, 10, 11, 12, 13, 14, 15, 16, 17, 18, 19, 20, 21, 22, 23, 24, 25, 26, 27, 28, 29, 30, 31
Valid weekdays: Saturday, Sunday
When: 01:00:00
Current Time: 2007-01-06 01:30:00
Valid Interval: 23:00:00-02:00:00
Valid days of month: 1, 2, 3, 4, 5, 6, 7, 8, 9, 10, 11, 12, 13, 14, 15, 16, 17, 18, 19, 20, 21, 22, 23, 24, 25, 26, 27, 28, 29, 30, 31
Valid weekdays: Saturday, Sunday
When: 01:00:00
Current Time: 2007-01-06 02:30:00
Valid Interval: 23:00:00-02:00:00
Valid days of month: 1, 2, 3, 4, 5, 6, 7, 8, 9, 10, 11, 12, 13, 14, 15, 16, 17, 18, 19, 20, 21, 22, 23, 24, 25, 26, 27, 28, 29, 30, 31
Valid weekdays: Saturday, Sunday
When: 01:00:00
Current Time: 2007-01-07 02:00:00
Valid Interval: 23:00:00-02:00:00
Valid days of month: 1, 2, 3, 4, 5, 6, 7, 8, 9, 10, 11, 12, 13, 14, 15, 16, 17, 18, 19, 20, 21, 22, 23, 24, 25, 26, 27, 28, 29, 30, 31
Valid weekdays: Saturday, Sunday
When: 23:30:00
Current Time: 2007-01-01 12:00:00
Valid Interval: 23:00:00-02:00:00
Valid days of month: 1, 2, 3, 4, 5, 6, 7, 8, 9, 10, 11, 12, 13, 14, 15, 16, 17, 18, 19, 20, 21, 22, 23, 24, 25, 26, 27, 28, 29, 30, 31
Valid weekdays: Saturday, Sunday
When: 23:30:00
Current Time: 2007-01-05 23:30:00
Valid Interval: 23:00:00-02:00:00
Valid days of month: 1, 2, 3, 4, 5, 6, 7, 8, 9, 10, 11, 12, 13, 14, 15, 16, 17, 18, 19, 20, 21, 22, 23, 24, 25, 26, 27, 28, 29, 30, 31
Valid weekdays: Saturday, Sunday
When: 23:30:00
Current Time: 2007-01-06 23:00:00
Valid Interval: 23:00:00-02:00:00
Valid days of month: 1, 2, 3, 4, 5, 6, 7, 8, 9, 10, 11, 12, 13, 14, 15, 16, 17, 18, 19, 20, 21, 22, 23, 24, 25, 26, 27, 28, 29, 30, 31
Valid weekdays: Saturday, Sunday
When: 23:30:00
Current Time: 2007-01-06 02:00:00
Valid Interval: 23:00:00-02:00:00
Valid days of month: 1, 2, 3, 4, 5, 6, 7, 8, 9, 10, 11, 12, 13, 14, 15, 16, 17, 18, 19, 20, 21, 22, 23, 24, 25, 26, 27, 28, 29, 30, 31
Valid weekdays: Saturday, Sunday
When: 23:30:00
Current Time: 2007-01-07 23:40:00
Valid Interval: 23:00:00-02:00:00
Valid days of month: 1, 2, 3, 4, 5, 6, 7, 8, 9, 10, 11, 12, 13, 14, 15, 16, 17, 18, 19, 20, 21, 22, 23, 24, 25, 26, 27, 28, 29, 30, 31
Valid weekdays: Saturday, Sunday
When: 23:30:00
Current Time: 2007-01-07 01:00:00
Valid Interval: 13:00:00-16:00:00
Valid days of month: 1, 2, 3, 4, 5, 6, 7, 8, 9, 10, 11, 12, 13, 14, 15, 16, 17, 18, 19, 20, 21, 22, 23, 24, 25, 26, 27, 28, 29, 30, 31
Valid weekdays: Saturday, Sunday
When: 14:00:00
Current Time: 2007-01-01 12:00:00
Valid Interval: 13:00:00-16:00:00
Valid days of month: 1, 2, 3, 4, 5, 6, 7, 8, 9, 10, 11, 12, 13, 14, 15, 16, 17, 18, 19, 20, 21, 22, 23, 24, 25, 26, 27, 28, 29, 30, 31
Valid weekdays: Saturday, Sunday
When: 14:00:00
Current Time: 2007-01-02 13:30:00
Valid Interval: 13:00:00-16:00:00
Valid days of month: 1, 2, 3, 4, 5, 6, 7, 8, 9, 10, 11, 12, 13, 14, 15, 16, 17, 18, 19, 20, 21, 22, 23, 24, 25, 26, 27, 28, 29, 30, 31
Valid weekdays: Saturday, Sunday
When: 14:00:00
Current Time: 2007-01-06 13:30:00
Valid Interval: 13:00:00-16:00:00
Valid days of month: 1, 2, 3, 4, 5, 6, 7, 8, 9, 10, 11, 12, 13, 14, 15, 16, 17, 18, 19, 20, 21, 22, 23, 24, 25, 26, 27, 28, 29, 30, 31
Valid weekdays: Saturday, Sunday
When: 14:00:00
Current Time: 2007-01-06 14:30:00
Valid Interval: 13:00:00-16:00:00
Valid days of month: 1, 2, 3, 4, 5, 6, 7, 8, 9, 10, 11, 12, 13, 14, 15, 16, 17, 18, 19, 20, 21, 22, 23, 24, 25, 26, 27, 28, 29, 30, 31
Valid weekdays: Saturday, Sunday
When: 14:00:00
Current Time: 2007-01-06 16:30:00
Valid Interval: 13:00:00-16:00:00
Valid days of month: 1, 2, 3, 4, 5, 6, 7, 8, 9, 10, 11, 12, 13, 14, 15, 16, 17, 18, 19, 20, 21, 22, 23, 24, 25, 26, 27, 28, 29, 30, 31
Valid weekdays: Saturday, Sunday
When: 14:00:00
Current Time: 2007-01-07 16:00:00
Valid Interval: 23:00:00-02:00:00
Valid days of month: 1, 2, 3, 4, 5, 6, 7, 8, 9, 10, 11, 12, 13, 14, 15, 16, 17, 18, 19, 20, 21, 22, 23, 24, 25, 26, 27, 28, 29, 30, 31
Valid weekdays: Saturday, Sunday
When: 01:00:00
Current Time: 2007-01-01 12:00:00
Valid Interval: 23:00:00-02:00:00
Valid days of month: 1, 2, 3, 4, 5, 6, 7, 8, 9, 10, 11, 12, 13, 14, 15, 16, 17, 18, 19, 20, 21, 22, 23, 24, 25, 26, 27, 28, 29, 30, 31
Valid weekdays: Saturday, Sunday
When: 01:00:00
Current Time: 2007-01-02 01:00:00
Valid Interval: 23:00:00-02:00:00
Valid days of month: 1, 2, 3, 4, 5, 6, 7, 8, 9, 10, 11, 12, 13, 14, 15, 16, 17, 18, 19, 20, 21, 22, 23, 24, 25, 26, 27, 28, 29, 30, 31
Valid weekdays: Saturday, Sunday
When: 01:00:00
Current Time: 2007-01-06 00:30:00
Valid Interval: 23:00:00-02:00:00
Valid days of month: 1, 2, 3, 4, 5, 6, 7, 8, 9, 10, 11, 12, 13, 14, 15, 16, 17, 18, 19, 20, 21, 22, 23, 24, 25, 26, 27, 28, 29, 30, 31
Valid weekdays: Saturday, Sunday
When: 01:00:00
Current Time: 2007-01-06 02:30:00
Valid Interval: 23:00:00-02:00:00
Valid days of month: 1, 2, 3, 4, 5, 6, 7, 8, 9, 10, 11, 12, 13, 14, 15, 16, 17, 18, 19, 20, 21, 22, 23, 24, 25, 26, 27, 28, 29, 30, 31
Valid weekdays: Saturday, Sunday
When: 23:30:00
Current Time: 2007-01-01 12:00:00
Valid Interval: 23:00:00-02:00:00
Valid days of month: 1, 2, 3, 4, 5, 6, 7, 8, 9, 10, 11, 12, 13, 14, 15, 16, 17, 18, 19, 20, 21, 22, 23, 24, 25, 26, 27, 28, 29, 30, 31
Valid weekdays: Saturday, Sunday
When: 23:30:00
Current Time: 2007-01-05 23:30:00
Valid Interval: 23:00:00-02:00:00
Valid days of month: 1, 2, 3, 4, 5, 6, 7, 8, 9, 10, 11, 12, 13, 14, 15, 16, 17, 18, 19, 20, 21, 22, 23, 24, 25, 26, 27, 28, 29, 30, 31
Valid weekdays: Saturday, Sunday
When: 23:30:00
Current Time: 2007-01-06 23:00:00
Valid Interval: 23:00:00-02:00:00
Valid days of month: 1, 2, 3, 4, 5, 6, 7, 8, 9, 10, 11, 12, 13, 14, 15, 16, 17, 18, 19, 20, 21, 22, 23, 24, 25, 26, 27, 28, 29, 30, 31
Valid weekdays: Saturday, Sunday
When: 23:30:00
Current Time: 2007-01-06 02:00:00
Valid Interval: 23:00:00-02:00:00
Valid days of month: 1, 2, 3, 4, 5, 6, 7, 8, 9, 10, 11, 12, 13, 14, 15, 16, 17, 18, 19, 20, 21, 22, 23, 24, 25, 26, 27, 28, 29, 30, 31
Valid weekdays: Saturday, Sunday
When: 23:30:00
Current Time: 2007-01-07 23:40:00
Valid Interval: 23:00:00-02:00:00
Valid days of month: 1, 2, 3, 4, 5, 6, 7, 8, 9, 10, 11, 12, 13, 14, 15, 16, 17, 18, 19, 20, 21, 22, 23, 24, 25, 26, 27, 28, 29, 30, 31
Valid weekdays: Saturday, Sunday
When: 23:30:00
Current Time: 2007-01-07 01:00:00
Valid Interval: 13:00:00-16:00:00
Valid days of month: 1, 2, 3, 4, 5, 6, 7, 8, 9, 10, 11, 12, 13, 14, 15, 16, 17, 18, 19, 20, 21, 22, 23, 24, 25, 26, 27, 28, 29, 30, 31
Valid weekdays: Saturday, Sunday
When: 14:00:00
Current Time: 2007-01-06 14:30:00
Valid Interval: 13:00:00-16:00:00
Valid days of month: 1, 2, 3, 4, 5, 6, 7, 8, 9, 10, 11, 12, 13, 14, 15, 16, 17, 18, 19, 20, 21, 22, 23, 24, 25, 26, 27, 28, 29, 30, 31
Valid weekdays: Saturday, Sunday
When: 14:00:00
Current Time: 2007-01-07 15:00:00
Valid Interval: 23:00:00-02:00:00
Valid days of month: 1, 2, 3, 4, 5, 6, 7, 8, 9, 10, 11, 12, 13, 14, 15, 16, 17, 18, 19, 20, 21, 22, 23, 24, 25, 26, 27, 28, 29, 30, 31
Valid weekdays: Saturday, Sunday
When: 01:00:00
Current Time: 2007-01-06 01:30:00
Valid Interval: 23:00:00-02:00:00
Valid days of month: 1, 2, 3, 4, 5, 6, 7, 8, 9, 10, 11, 12, 13, 14, 15, 16, 17, 18, 19, 20, 21, 22, 23, 24, 25, 26, 27, 28, 29, 30, 31
Valid weekdays: Saturday, Sunday
When: 01:00:00
Current Time: 2007-01-07 01:30:00
Valid Interval: 23:00:00-02:00:00
Valid days of month: 1, 2, 3, 4, 5, 6, 7, 8, 9, 10, 11, 12, 13, 14, 15, 16, 17, 18, 19, 20, 21, 22, 23, 24, 25, 26, 27, 28, 29, 30, 31
Valid weekdays: Saturday, Sunday
When: 23:30:00
Current Time: 2007-01-06 23:02:00
Valid Interval: 23:00:00-02:00:00
Valid days of month: 1, 2, 3, 4, 5, 6, 7, 8, 9, 10, 11, 12, 13, 14, 15, 16, 17, 18, 19, 20, 21, 22, 23, 24, 25, 26, 27, 28, 29, 30, 31
Valid weekdays: Saturday, Sunday
When: 23:30:00
Current Time: 2007-01-06 01:10:00
Valid Interval: 23:00:00-02:00:00
Valid days of month: 1, 2, 3, 4, 5, 6, 7, 8, 9, 10, 11, 12, 13, 14, 15, 16, 17, 18, 19, 20, 21, 22, 23, 24, 25, 26, 27, 28, 29, 30, 31
Valid weekdays: Saturday, Sunday
When: 23:30:00
Current Time: 2007-01-07 01:00:40
Valid Interval: 23:00:00-02:00:00
Valid days of month: 2
Valid weekdays: Saturday, Sunday
When: 23:30:00
Current Time: 2007-01-01 12:00:00
Valid Interval: 23:00:00-02:00:00
Valid days of month: 1, 2
Valid weekdays: Saturday, Sunday
When: 23:30:00
Current Time: 2007-01-05 23:30:00
Valid Interval: 23:00:00-02:00:00
Valid days of month: 1, 2
Valid weekdays: Saturday, Sunday
When: 23:30:00
Current Time: 2007-01-06 23:00:00</StdOut>
      </Output>
    </UnitTestResult>
    <UnitTestResult executionId="75e0489a-1a0e-4b01-b976-c652e67ce2e3" testId="f01082f4-5ceb-4703-939f-643f82d21992" testName="GetNextTimeToTrigger_AbsoluteTimer_ReturnsCorrectTime (Data Row 88)" computerName="ICSWS068" duration="00:00:00.0043940" startTime="2016-08-04T07:57:22.9808140+02:00" endTime="2016-08-04T07:57:22.9851077+02:00" testType="13cdc9d9-ddb5-4fa4-a97d-d965ccfc6d4b" outcome="Passed" testListId="8c84fa94-04c1-424b-9868-57a2d4851a1d" relativeResultsDirectory="75e0489a-1a0e-4b01-b976-c652e67ce2e3">
      <Output>
        <StdOut>TestContext Messages:
Valid Interval: 11:00:00-13:00:00
Valid days of month: 1, 2, 3, 4, 5, 6, 7, 8, 9, 10, 11, 12, 13, 14, 15, 16, 17, 18, 19, 20, 21, 22, 23, 24, 25, 26, 27, 28, 29, 30, 31
Valid weekdays: Monday, Tuesday, Wednesday, Thursday, Friday, Saturday, Sunday
When: 12:00:00
Current Time: 2011-01-01 00:00:00
Valid Interval: 11:00:00-13:00:00
Valid days of month: 1, 2, 3, 4, 5, 6, 7, 8, 9, 10, 11, 12, 13, 14, 15, 16, 17, 18, 19, 20, 21, 22, 23, 24, 25, 26, 27, 28, 29, 30, 31
Valid weekdays: Monday, Tuesday, Wednesday, Thursday, Friday, Saturday, Sunday
When: 12:00:00
Current Time: 2011-01-01 09:00:00
Valid Interval: 11:00:00-13:00:00
Valid days of month: 1, 2, 3, 4, 5, 6, 7, 8, 9, 10, 11, 12, 13, 14, 15, 16, 17, 18, 19, 20, 21, 22, 23, 24, 25, 26, 27, 28, 29, 30, 31
Valid weekdays: Monday, Tuesday, Wednesday, Thursday, Friday, Saturday, Sunday
When: 12:00:00
Current Time: 2011-01-01 11:00:00
Valid Interval: 11:00:00-13:00:00
Valid days of month: 1, 2, 3, 4, 5, 6, 7, 8, 9, 10, 11, 12, 13, 14, 15, 16, 17, 18, 19, 20, 21, 22, 23, 24, 25, 26, 27, 28, 29, 30, 31
Valid weekdays: Monday, Tuesday, Wednesday, Thursday, Friday, Saturday, Sunday
When: 12:00:00
Current Time: 2011-01-01 12:00:00
Valid Interval: 11:00:00-13:00:00
Valid days of month: 1, 2, 3, 4, 5, 6, 7, 8, 9, 10, 11, 12, 13, 14, 15, 16, 17, 18, 19, 20, 21, 22, 23, 24, 25, 26, 27, 28, 29, 30, 31
Valid weekdays: Monday, Tuesday, Wednesday, Thursday, Friday, Saturday, Sunday
When: 12:00:00
Current Time: 2011-01-01 12:30:00
Valid Interval: 11:00:00-13:00:00
Valid days of month: 1, 2, 3, 4, 5, 6, 7, 8, 9, 10, 11, 12, 13, 14, 15, 16, 17, 18, 19, 20, 21, 22, 23, 24, 25, 26, 27, 28, 29, 30, 31
Valid weekdays: Monday, Tuesday, Wednesday, Thursday, Friday, Saturday, Sunday
When: 12:00:00
Current Time: 2011-01-01 13:00:00
Valid Interval: 11:00:00-13:00:00
Valid days of month: 1, 2, 3, 4, 5, 6, 7, 8, 9, 10, 11, 12, 13, 14, 15, 16, 17, 18, 19, 20, 21, 22, 23, 24, 25, 26, 27, 28, 29, 30, 31
Valid weekdays: Monday, Tuesday, Wednesday, Thursday, Friday, Saturday, Sunday
When: 12:00:00
Current Time: 2011-01-02 00:00:00
Valid Interval: 11:00:00-13:00:00
Valid days of month: 1, 2, 3, 4, 5, 6, 7, 8, 9, 10, 11, 12, 13, 14, 15, 16, 17, 18, 19, 20, 21, 22, 23, 24, 25, 26, 27, 28, 29, 30, 31
Valid weekdays: Monday, Tuesday, Wednesday, Thursday, Friday, Saturday, Sunday
When: 12:00:00
Current Time: 2011-01-02 09:00:00
Valid Interval: 11:00:00-13:00:00
Valid days of month: 1, 2, 3, 4, 5, 6, 7, 8, 9, 10, 11, 12, 13, 14, 15, 16, 17, 18, 19, 20, 21, 22, 23, 24, 25, 26, 27, 28, 29, 30, 31
Valid weekdays: Monday, Tuesday, Wednesday, Thursday, Friday, Saturday, Sunday
When: 12:00:00
Current Time: 2011-01-02 12:00:00
Valid Interval: 11:00:00-13:00:00
Valid days of month: 1, 2, 3, 4, 5, 6, 7, 8, 9, 10, 11, 12, 13, 14, 15, 16, 17, 18, 19, 20, 21, 22, 23, 24, 25, 26, 27, 28, 29, 30, 31
Valid weekdays: Monday, Tuesday, Wednesday, Thursday, Friday, Saturday, Sunday
When: 12:00:00
Current Time: 2011-01-02 12:45:30
Valid Interval: 11:00:00-13:00:00
Valid days of month: 1, 2, 3, 4, 5, 6, 7, 8, 9, 10, 11, 12, 13, 14, 15, 16, 17, 18, 19, 20, 21, 22, 23, 24, 25, 26, 27, 28, 29, 30, 31
Valid weekdays: Monday, Tuesday, Wednesday, Thursday, Friday, Saturday, Sunday
When: 12:00:00
Current Time: 2011-01-02 13:00:00
Valid Interval: 11:00:00-13:00:00
Valid days of month: 1, 2, 3, 4, 5, 6, 7, 8, 9, 10, 11, 12, 13, 14, 15, 16, 17, 18, 19, 20, 21, 22, 23, 24, 25, 26, 27, 28, 29, 30, 31
Valid weekdays: Monday, Tuesday, Wednesday, Thursday, Friday, Saturday, Sunday
When: 12:00:00
Current Time: 2011-01-01 12:00:00
Valid Interval: 11:00:00-13:00:00
Valid days of month: 1, 2, 3, 4, 5, 6, 7, 8, 9, 10, 11, 12, 13, 14, 15, 16, 17, 18, 19, 20, 21, 22, 23, 24, 25, 26, 27, 28, 29, 30, 31
Valid weekdays: Monday, Tuesday, Wednesday, Thursday, Friday, Saturday, Sunday
When: 12:00:00
Current Time: 2011-01-01 12:30:00
Valid Interval: 11:00:00-13:00:00
Valid days of month: 1, 2, 3, 4, 5, 6, 7, 8, 9, 10, 11, 12, 13, 14, 15, 16, 17, 18, 19, 20, 21, 22, 23, 24, 25, 26, 27, 28, 29, 30, 31
Valid weekdays: Monday, Tuesday, Wednesday, Thursday, Friday, Saturday, Sunday
When: 12:00:00
Current Time: 2011-01-01 12:30:00
Valid Interval: 11:00:00-13:00:00
Valid days of month: 1, 2, 3, 4, 5, 6, 7, 8, 9, 10, 11, 12, 13, 14, 15, 16, 17, 18, 19, 20, 21, 22, 23, 24, 25, 26, 27, 28, 29, 30, 31
Valid weekdays: Monday, Tuesday, Wednesday, Thursday, Friday, Saturday, Sunday
When: 12:00:00
Current Time: 2011-01-01 13:00:00
Valid Interval: 11:00:00-13:00:00
Valid days of month: 1, 2, 3, 4, 5, 6, 7, 8, 9, 10, 11, 12, 13, 14, 15, 16, 17, 18, 19, 20, 21, 22, 23, 24, 25, 26, 27, 28, 29, 30, 31
Valid weekdays: Monday, Tuesday, Wednesday, Thursday, Friday, Saturday, Sunday
When: 12:00:00
Current Time: 2011-01-01 14:30:00
Valid Interval: 23:00:00-13:00:00
Valid days of month: 1, 2, 3, 4, 5, 6, 7, 8, 9, 10, 11, 12, 13, 14, 15, 16, 17, 18, 19, 20, 21, 22, 23, 24, 25, 26, 27, 28, 29, 30, 31
Valid weekdays: Monday, Tuesday, Wednesday, Thursday, Friday, Saturday, Sunday
When: 23:30:00
Current Time: 2011-01-01 16:00:00
Valid Interval: 23:00:00-13:00:00
Valid days of month: 1, 2, 3, 4, 5, 6, 7, 8, 9, 10, 11, 12, 13, 14, 15, 16, 17, 18, 19, 20, 21, 22, 23, 24, 25, 26, 27, 28, 29, 30, 31
Valid weekdays: Monday, Tuesday, Wednesday, Thursday, Friday, Saturday, Sunday
When: 23:30:00
Current Time: 2011-01-01 23:00:00
Valid Interval: 23:00:00-13:00:00
Valid days of month: 1, 2, 3, 4, 5, 6, 7, 8, 9, 10, 11, 12, 13, 14, 15, 16, 17, 18, 19, 20, 21, 22, 23, 24, 25, 26, 27, 28, 29, 30, 31
Valid weekdays: Monday, Tuesday, Wednesday, Thursday, Friday, Saturday, Sunday
When: 23:30:00
Current Time: 2011-01-01 23:30:00
Valid Interval: 23:00:00-13:00:00
Valid days of month: 1, 2, 3, 4, 5, 6, 7, 8, 9, 10, 11, 12, 13, 14, 15, 16, 17, 18, 19, 20, 21, 22, 23, 24, 25, 26, 27, 28, 29, 30, 31
Valid weekdays: Monday, Tuesday, Wednesday, Thursday, Friday, Saturday, Sunday
When: 23:30:00
Current Time: 2011-01-01 23:45:00
Valid Interval: 23:00:00-13:00:00
Valid days of month: 1, 2, 3, 4, 5, 6, 7, 8, 9, 10, 11, 12, 13, 14, 15, 16, 17, 18, 19, 20, 21, 22, 23, 24, 25, 26, 27, 28, 29, 30, 31
Valid weekdays: Monday, Tuesday, Wednesday, Thursday, Friday, Saturday, Sunday
When: 23:30:00
Current Time: 2011-01-02 00:30:00
Valid Interval: 23:00:00-13:00:00
Valid days of month: 1, 2, 3, 4, 5, 6, 7, 8, 9, 10, 11, 12, 13, 14, 15, 16, 17, 18, 19, 20, 21, 22, 23, 24, 25, 26, 27, 28, 29, 30, 31
Valid weekdays: Monday, Tuesday, Wednesday, Thursday, Friday, Saturday, Sunday
When: 23:30:00
Current Time: 2011-01-01 13:00:00
Valid Interval: 23:00:00-13:00:00
Valid days of month: 1, 2, 3, 4, 5, 6, 7, 8, 9, 10, 11, 12, 13, 14, 15, 16, 17, 18, 19, 20, 21, 22, 23, 24, 25, 26, 27, 28, 29, 30, 31
Valid weekdays: Monday, Tuesday, Wednesday, Thursday, Friday, Saturday, Sunday
When: 01:00:00
Current Time: 2011-01-01 16:00:00
Valid Interval: 23:00:00-13:00:00
Valid days of month: 1, 2, 3, 4, 5, 6, 7, 8, 9, 10, 11, 12, 13, 14, 15, 16, 17, 18, 19, 20, 21, 22, 23, 24, 25, 26, 27, 28, 29, 30, 31
Valid weekdays: Monday, Tuesday, Wednesday, Thursday, Friday, Saturday, Sunday
When: 01:00:00
Current Time: 2011-01-01 23:00:00
Valid Interval: 23:00:00-13:00:00
Valid days of month: 1, 2, 3, 4, 5, 6, 7, 8, 9, 10, 11, 12, 13, 14, 15, 16, 17, 18, 19, 20, 21, 22, 23, 24, 25, 26, 27, 28, 29, 30, 31
Valid weekdays: Monday, Tuesday, Wednesday, Thursday, Friday, Saturday, Sunday
When: 01:00:00
Current Time: 2011-01-01 23:30:00
Valid Interval: 23:00:00-13:00:00
Valid days of month: 1, 2, 3, 4, 5, 6, 7, 8, 9, 10, 11, 12, 13, 14, 15, 16, 17, 18, 19, 20, 21, 22, 23, 24, 25, 26, 27, 28, 29, 30, 31
Valid weekdays: Monday, Tuesday, Wednesday, Thursday, Friday, Saturday, Sunday
When: 01:00:00
Current Time: 2011-01-02 00:30:00
Valid Interval: 23:00:00-13:00:00
Valid days of month: 1, 2, 3, 4, 5, 6, 7, 8, 9, 10, 11, 12, 13, 14, 15, 16, 17, 18, 19, 20, 21, 22, 23, 24, 25, 26, 27, 28, 29, 30, 31
Valid weekdays: Monday, Tuesday, Wednesday, Thursday, Friday, Saturday, Sunday
When: 01:00:00
Current Time: 2011-01-01 02:00:00
Valid Interval: 23:00:00-13:00:00
Valid days of month: 1, 2, 3, 4, 5, 6, 7, 8, 9, 10, 11, 12, 13, 14, 15, 16, 17, 18, 19, 20, 21, 22, 23, 24, 25, 26, 27, 28, 29, 30, 31
Valid weekdays: Monday, Tuesday, Wednesday, Thursday, Friday, Saturday, Sunday
When: 01:00:00
Current Time: 2011-01-01 13:00:00
Valid Interval: 23:00:00-13:00:00
Valid days of month: 1, 2, 3, 4, 5, 6, 7, 8, 9, 10, 11, 12, 13, 14, 15, 16, 17, 18, 19, 20, 21, 22, 23, 24, 25, 26, 27, 28, 29, 30, 31
Valid weekdays: Monday, Tuesday, Wednesday, Thursday, Friday, Saturday, Sunday
When: 23:30:00
Current Time: 2011-01-01 16:00:00
Valid Interval: 23:00:00-13:00:00
Valid days of month: 1, 2, 3, 4, 5, 6, 7, 8, 9, 10, 11, 12, 13, 14, 15, 16, 17, 18, 19, 20, 21, 22, 23, 24, 25, 26, 27, 28, 29, 30, 31
Valid weekdays: Monday, Tuesday, Wednesday, Thursday, Friday, Saturday, Sunday
When: 23:30:00
Current Time: 2011-01-01 23:00:00
Valid Interval: 23:00:00-13:00:00
Valid days of month: 1, 2, 3, 4, 5, 6, 7, 8, 9, 10, 11, 12, 13, 14, 15, 16, 17, 18, 19, 20, 21, 22, 23, 24, 25, 26, 27, 28, 29, 30, 31
Valid weekdays: Monday, Tuesday, Wednesday, Thursday, Friday, Saturday, Sunday
When: 23:30:00
Current Time: 2011-01-01 23:30:00
Valid Interval: 23:00:00-13:00:00
Valid days of month: 1, 2, 3, 4, 5, 6, 7, 8, 9, 10, 11, 12, 13, 14, 15, 16, 17, 18, 19, 20, 21, 22, 23, 24, 25, 26, 27, 28, 29, 30, 31
Valid weekdays: Monday, Tuesday, Wednesday, Thursday, Friday, Saturday, Sunday
When: 23:30:00
Current Time: 2011-01-01 23:45:00
Valid Interval: 23:00:00-13:00:00
Valid days of month: 1, 2, 3, 4, 5, 6, 7, 8, 9, 10, 11, 12, 13, 14, 15, 16, 17, 18, 19, 20, 21, 22, 23, 24, 25, 26, 27, 28, 29, 30, 31
Valid weekdays: Monday, Tuesday, Wednesday, Thursday, Friday, Saturday, Sunday
When: 23:30:00
Current Time: 2011-01-02 00:30:00
Valid Interval: 23:00:00-13:00:00
Valid days of month: 1, 2, 3, 4, 5, 6, 7, 8, 9, 10, 11, 12, 13, 14, 15, 16, 17, 18, 19, 20, 21, 22, 23, 24, 25, 26, 27, 28, 29, 30, 31
Valid weekdays: Monday, Tuesday, Wednesday, Thursday, Friday, Saturday, Sunday
When: 23:30:00
Current Time: 2011-01-01 13:00:00
Valid Interval: 23:00:00-13:00:00
Valid days of month: 1, 2, 3, 4, 5, 6, 7, 8, 9, 10, 11, 12, 13, 14, 15, 16, 17, 18, 19, 20, 21, 22, 23, 24, 25, 26, 27, 28, 29, 30, 31
Valid weekdays: Monday, Tuesday, Wednesday, Thursday, Friday, Saturday, Sunday
When: 01:00:00
Current Time: 2011-01-01 16:00:00
Valid Interval: 23:00:00-13:00:00
Valid days of month: 1, 2, 3, 4, 5, 6, 7, 8, 9, 10, 11, 12, 13, 14, 15, 16, 17, 18, 19, 20, 21, 22, 23, 24, 25, 26, 27, 28, 29, 30, 31
Valid weekdays: Monday, Tuesday, Wednesday, Thursday, Friday, Saturday, Sunday
When: 01:00:00
Current Time: 2011-01-01 23:00:00
Valid Interval: 23:00:00-13:00:00
Valid days of month: 1, 2, 3, 4, 5, 6, 7, 8, 9, 10, 11, 12, 13, 14, 15, 16, 17, 18, 19, 20, 21, 22, 23, 24, 25, 26, 27, 28, 29, 30, 31
Valid weekdays: Monday, Tuesday, Wednesday, Thursday, Friday, Saturday, Sunday
When: 01:00:00
Current Time: 2011-01-01 23:30:00
Valid Interval: 23:00:00-13:00:00
Valid days of month: 1, 2, 3, 4, 5, 6, 7, 8, 9, 10, 11, 12, 13, 14, 15, 16, 17, 18, 19, 20, 21, 22, 23, 24, 25, 26, 27, 28, 29, 30, 31
Valid weekdays: Monday, Tuesday, Wednesday, Thursday, Friday, Saturday, Sunday
When: 01:00:00
Current Time: 2011-01-02 00:30:00
Valid Interval: 23:00:00-13:00:00
Valid days of month: 1, 2, 3, 4, 5, 6, 7, 8, 9, 10, 11, 12, 13, 14, 15, 16, 17, 18, 19, 20, 21, 22, 23, 24, 25, 26, 27, 28, 29, 30, 31
Valid weekdays: Monday, Tuesday, Wednesday, Thursday, Friday, Saturday, Sunday
When: 01:00:00
Current Time: 2011-01-02 02:00:00
Valid Interval: 23:00:00-13:00:00
Valid days of month: 1, 2, 3, 4, 5, 6, 7, 8, 9, 10, 11, 12, 13, 14, 15, 16, 17, 18, 19, 20, 21, 22, 23, 24, 25, 26, 27, 28, 29, 30, 31
Valid weekdays: Monday, Tuesday, Wednesday, Thursday, Friday, Saturday, Sunday
When: 01:00:00
Current Time: 2011-01-02 13:00:00
Valid Interval: 23:00:00-13:00:00
Valid days of month: 1, 2, 3, 4, 5, 6, 7, 8, 9, 10, 11, 12, 13, 14, 15, 16, 17, 18, 19, 20, 21, 22, 23, 24, 25, 26, 27, 28, 29, 30, 31
Valid weekdays: Monday, Tuesday, Wednesday, Thursday, Friday, Saturday, Sunday
When: 23:30:00
Current Time: 2011-01-01 23:30:05
Valid Interval: 23:00:00-13:00:00
Valid days of month: 1, 2, 3, 4, 5, 6, 7, 8, 9, 10, 11, 12, 13, 14, 15, 16, 17, 18, 19, 20, 21, 22, 23, 24, 25, 26, 27, 28, 29, 30, 31
Valid weekdays: Monday, Tuesday, Wednesday, Thursday, Friday, Saturday, Sunday
When: 23:30:00
Current Time: 2011-01-02 00:30:00
Valid Interval: 23:00:00-13:00:00
Valid days of month: 1, 2, 3, 4, 5, 6, 7, 8, 9, 10, 11, 12, 13, 14, 15, 16, 17, 18, 19, 20, 21, 22, 23, 24, 25, 26, 27, 28, 29, 30, 31
Valid weekdays: Monday, Tuesday, Wednesday, Thursday, Friday, Saturday, Sunday
When: 23:30:00
Current Time: 2011-01-02 13:00:00
Valid Interval: 23:00:00-13:00:00
Valid days of month: 1, 2, 3, 4, 5, 6, 7, 8, 9, 10, 11, 12, 13, 14, 15, 16, 17, 18, 19, 20, 21, 22, 23, 24, 25, 26, 27, 28, 29, 30, 31
Valid weekdays: Monday, Tuesday, Wednesday, Thursday, Friday, Saturday, Sunday
When: 01:00:00
Current Time: 2011-01-01 02:00:00
Valid Interval: 23:00:00-13:00:00
Valid days of month: 1, 2, 3, 4, 5, 6, 7, 8, 9, 10, 11, 12, 13, 14, 15, 16, 17, 18, 19, 20, 21, 22, 23, 24, 25, 26, 27, 28, 29, 30, 31
Valid weekdays: Monday, Tuesday, Wednesday, Thursday, Friday, Saturday, Sunday
When: 01:00:00
Current Time: 2011-01-02 02:00:00
Valid Interval: 13:00:00-16:00:00
Valid days of month: 1, 2, 3, 4, 5, 6, 7, 8, 9, 10, 11, 12, 13, 14, 15, 16, 17, 18, 19, 20, 21, 22, 23, 24, 25, 26, 27, 28, 29, 30, 31
Valid weekdays: Saturday, Sunday
When: 14:00:00
Current Time: 2007-01-01 12:00:00
Valid Interval: 13:00:00-16:00:00
Valid days of month: 1, 2, 3, 4, 5, 6, 7, 8, 9, 10, 11, 12, 13, 14, 15, 16, 17, 18, 19, 20, 21, 22, 23, 24, 25, 26, 27, 28, 29, 30, 31
Valid weekdays: Saturday, Sunday
When: 14:00:00
Current Time: 2007-01-02 13:30:00
Valid Interval: 13:00:00-16:00:00
Valid days of month: 1, 2, 3, 4, 5, 6, 7, 8, 9, 10, 11, 12, 13, 14, 15, 16, 17, 18, 19, 20, 21, 22, 23, 24, 25, 26, 27, 28, 29, 30, 31
Valid weekdays: Saturday, Sunday
When: 14:00:00
Current Time: 2007-01-06 13:30:00
Valid Interval: 13:00:00-16:00:00
Valid days of month: 1, 2, 3, 4, 5, 6, 7, 8, 9, 10, 11, 12, 13, 14, 15, 16, 17, 18, 19, 20, 21, 22, 23, 24, 25, 26, 27, 28, 29, 30, 31
Valid weekdays: Saturday, Sunday
When: 14:00:00
Current Time: 2007-01-06 14:30:00
Valid Interval: 13:00:00-16:00:00
Valid days of month: 1, 2, 3, 4, 5, 6, 7, 8, 9, 10, 11, 12, 13, 14, 15, 16, 17, 18, 19, 20, 21, 22, 23, 24, 25, 26, 27, 28, 29, 30, 31
Valid weekdays: Saturday, Sunday
When: 14:00:00
Current Time: 2007-01-06 16:30:00
Valid Interval: 13:00:00-16:00:00
Valid days of month: 1, 2, 3, 4, 5, 6, 7, 8, 9, 10, 11, 12, 13, 14, 15, 16, 17, 18, 19, 20, 21, 22, 23, 24, 25, 26, 27, 28, 29, 30, 31
Valid weekdays: Saturday, Sunday
When: 14:00:00
Current Time: 2007-01-07 16:00:00
Valid Interval: 23:00:00-02:00:00
Valid days of month: 1, 2, 3, 4, 5, 6, 7, 8, 9, 10, 11, 12, 13, 14, 15, 16, 17, 18, 19, 20, 21, 22, 23, 24, 25, 26, 27, 28, 29, 30, 31
Valid weekdays: Saturday, Sunday
When: 01:00:00
Current Time: 2007-01-01 12:00:00
Valid Interval: 23:00:00-02:00:00
Valid days of month: 1, 2, 3, 4, 5, 6, 7, 8, 9, 10, 11, 12, 13, 14, 15, 16, 17, 18, 19, 20, 21, 22, 23, 24, 25, 26, 27, 28, 29, 30, 31
Valid weekdays: Saturday, Sunday
When: 01:00:00
Current Time: 2007-01-02 01:00:00
Valid Interval: 23:00:00-02:00:00
Valid days of month: 1, 2, 3, 4, 5, 6, 7, 8, 9, 10, 11, 12, 13, 14, 15, 16, 17, 18, 19, 20, 21, 22, 23, 24, 25, 26, 27, 28, 29, 30, 31
Valid weekdays: Saturday, Sunday
When: 01:00:00
Current Time: 2007-01-06 00:30:00
Valid Interval: 23:00:00-02:00:00
Valid days of month: 1, 2, 3, 4, 5, 6, 7, 8, 9, 10, 11, 12, 13, 14, 15, 16, 17, 18, 19, 20, 21, 22, 23, 24, 25, 26, 27, 28, 29, 30, 31
Valid weekdays: Saturday, Sunday
When: 01:00:00
Current Time: 2007-01-06 01:30:00
Valid Interval: 23:00:00-02:00:00
Valid days of month: 1, 2, 3, 4, 5, 6, 7, 8, 9, 10, 11, 12, 13, 14, 15, 16, 17, 18, 19, 20, 21, 22, 23, 24, 25, 26, 27, 28, 29, 30, 31
Valid weekdays: Saturday, Sunday
When: 01:00:00
Current Time: 2007-01-06 02:30:00
Valid Interval: 23:00:00-02:00:00
Valid days of month: 1, 2, 3, 4, 5, 6, 7, 8, 9, 10, 11, 12, 13, 14, 15, 16, 17, 18, 19, 20, 21, 22, 23, 24, 25, 26, 27, 28, 29, 30, 31
Valid weekdays: Saturday, Sunday
When: 01:00:00
Current Time: 2007-01-07 02:00:00
Valid Interval: 23:00:00-02:00:00
Valid days of month: 1, 2, 3, 4, 5, 6, 7, 8, 9, 10, 11, 12, 13, 14, 15, 16, 17, 18, 19, 20, 21, 22, 23, 24, 25, 26, 27, 28, 29, 30, 31
Valid weekdays: Saturday, Sunday
When: 23:30:00
Current Time: 2007-01-01 12:00:00
Valid Interval: 23:00:00-02:00:00
Valid days of month: 1, 2, 3, 4, 5, 6, 7, 8, 9, 10, 11, 12, 13, 14, 15, 16, 17, 18, 19, 20, 21, 22, 23, 24, 25, 26, 27, 28, 29, 30, 31
Valid weekdays: Saturday, Sunday
When: 23:30:00
Current Time: 2007-01-05 23:30:00
Valid Interval: 23:00:00-02:00:00
Valid days of month: 1, 2, 3, 4, 5, 6, 7, 8, 9, 10, 11, 12, 13, 14, 15, 16, 17, 18, 19, 20, 21, 22, 23, 24, 25, 26, 27, 28, 29, 30, 31
Valid weekdays: Saturday, Sunday
When: 23:30:00
Current Time: 2007-01-06 23:00:00
Valid Interval: 23:00:00-02:00:00
Valid days of month: 1, 2, 3, 4, 5, 6, 7, 8, 9, 10, 11, 12, 13, 14, 15, 16, 17, 18, 19, 20, 21, 22, 23, 24, 25, 26, 27, 28, 29, 30, 31
Valid weekdays: Saturday, Sunday
When: 23:30:00
Current Time: 2007-01-06 02:00:00
Valid Interval: 23:00:00-02:00:00
Valid days of month: 1, 2, 3, 4, 5, 6, 7, 8, 9, 10, 11, 12, 13, 14, 15, 16, 17, 18, 19, 20, 21, 22, 23, 24, 25, 26, 27, 28, 29, 30, 31
Valid weekdays: Saturday, Sunday
When: 23:30:00
Current Time: 2007-01-07 23:40:00
Valid Interval: 23:00:00-02:00:00
Valid days of month: 1, 2, 3, 4, 5, 6, 7, 8, 9, 10, 11, 12, 13, 14, 15, 16, 17, 18, 19, 20, 21, 22, 23, 24, 25, 26, 27, 28, 29, 30, 31
Valid weekdays: Saturday, Sunday
When: 23:30:00
Current Time: 2007-01-07 01:00:00
Valid Interval: 13:00:00-16:00:00
Valid days of month: 1, 2, 3, 4, 5, 6, 7, 8, 9, 10, 11, 12, 13, 14, 15, 16, 17, 18, 19, 20, 21, 22, 23, 24, 25, 26, 27, 28, 29, 30, 31
Valid weekdays: Saturday, Sunday
When: 14:00:00
Current Time: 2007-01-01 12:00:00
Valid Interval: 13:00:00-16:00:00
Valid days of month: 1, 2, 3, 4, 5, 6, 7, 8, 9, 10, 11, 12, 13, 14, 15, 16, 17, 18, 19, 20, 21, 22, 23, 24, 25, 26, 27, 28, 29, 30, 31
Valid weekdays: Saturday, Sunday
When: 14:00:00
Current Time: 2007-01-02 13:30:00
Valid Interval: 13:00:00-16:00:00
Valid days of month: 1, 2, 3, 4, 5, 6, 7, 8, 9, 10, 11, 12, 13, 14, 15, 16, 17, 18, 19, 20, 21, 22, 23, 24, 25, 26, 27, 28, 29, 30, 31
Valid weekdays: Saturday, Sunday
When: 14:00:00
Current Time: 2007-01-06 13:30:00
Valid Interval: 13:00:00-16:00:00
Valid days of month: 1, 2, 3, 4, 5, 6, 7, 8, 9, 10, 11, 12, 13, 14, 15, 16, 17, 18, 19, 20, 21, 22, 23, 24, 25, 26, 27, 28, 29, 30, 31
Valid weekdays: Saturday, Sunday
When: 14:00:00
Current Time: 2007-01-06 14:30:00
Valid Interval: 13:00:00-16:00:00
Valid days of month: 1, 2, 3, 4, 5, 6, 7, 8, 9, 10, 11, 12, 13, 14, 15, 16, 17, 18, 19, 20, 21, 22, 23, 24, 25, 26, 27, 28, 29, 30, 31
Valid weekdays: Saturday, Sunday
When: 14:00:00
Current Time: 2007-01-06 16:30:00
Valid Interval: 13:00:00-16:00:00
Valid days of month: 1, 2, 3, 4, 5, 6, 7, 8, 9, 10, 11, 12, 13, 14, 15, 16, 17, 18, 19, 20, 21, 22, 23, 24, 25, 26, 27, 28, 29, 30, 31
Valid weekdays: Saturday, Sunday
When: 14:00:00
Current Time: 2007-01-07 16:00:00
Valid Interval: 23:00:00-02:00:00
Valid days of month: 1, 2, 3, 4, 5, 6, 7, 8, 9, 10, 11, 12, 13, 14, 15, 16, 17, 18, 19, 20, 21, 22, 23, 24, 25, 26, 27, 28, 29, 30, 31
Valid weekdays: Saturday, Sunday
When: 01:00:00
Current Time: 2007-01-01 12:00:00
Valid Interval: 23:00:00-02:00:00
Valid days of month: 1, 2, 3, 4, 5, 6, 7, 8, 9, 10, 11, 12, 13, 14, 15, 16, 17, 18, 19, 20, 21, 22, 23, 24, 25, 26, 27, 28, 29, 30, 31
Valid weekdays: Saturday, Sunday
When: 01:00:00
Current Time: 2007-01-02 01:00:00
Valid Interval: 23:00:00-02:00:00
Valid days of month: 1, 2, 3, 4, 5, 6, 7, 8, 9, 10, 11, 12, 13, 14, 15, 16, 17, 18, 19, 20, 21, 22, 23, 24, 25, 26, 27, 28, 29, 30, 31
Valid weekdays: Saturday, Sunday
When: 01:00:00
Current Time: 2007-01-06 00:30:00
Valid Interval: 23:00:00-02:00:00
Valid days of month: 1, 2, 3, 4, 5, 6, 7, 8, 9, 10, 11, 12, 13, 14, 15, 16, 17, 18, 19, 20, 21, 22, 23, 24, 25, 26, 27, 28, 29, 30, 31
Valid weekdays: Saturday, Sunday
When: 01:00:00
Current Time: 2007-01-06 02:30:00
Valid Interval: 23:00:00-02:00:00
Valid days of month: 1, 2, 3, 4, 5, 6, 7, 8, 9, 10, 11, 12, 13, 14, 15, 16, 17, 18, 19, 20, 21, 22, 23, 24, 25, 26, 27, 28, 29, 30, 31
Valid weekdays: Saturday, Sunday
When: 23:30:00
Current Time: 2007-01-01 12:00:00
Valid Interval: 23:00:00-02:00:00
Valid days of month: 1, 2, 3, 4, 5, 6, 7, 8, 9, 10, 11, 12, 13, 14, 15, 16, 17, 18, 19, 20, 21, 22, 23, 24, 25, 26, 27, 28, 29, 30, 31
Valid weekdays: Saturday, Sunday
When: 23:30:00
Current Time: 2007-01-05 23:30:00
Valid Interval: 23:00:00-02:00:00
Valid days of month: 1, 2, 3, 4, 5, 6, 7, 8, 9, 10, 11, 12, 13, 14, 15, 16, 17, 18, 19, 20, 21, 22, 23, 24, 25, 26, 27, 28, 29, 30, 31
Valid weekdays: Saturday, Sunday
When: 23:30:00
Current Time: 2007-01-06 23:00:00
Valid Interval: 23:00:00-02:00:00
Valid days of month: 1, 2, 3, 4, 5, 6, 7, 8, 9, 10, 11, 12, 13, 14, 15, 16, 17, 18, 19, 20, 21, 22, 23, 24, 25, 26, 27, 28, 29, 30, 31
Valid weekdays: Saturday, Sunday
When: 23:30:00
Current Time: 2007-01-06 02:00:00
Valid Interval: 23:00:00-02:00:00
Valid days of month: 1, 2, 3, 4, 5, 6, 7, 8, 9, 10, 11, 12, 13, 14, 15, 16, 17, 18, 19, 20, 21, 22, 23, 24, 25, 26, 27, 28, 29, 30, 31
Valid weekdays: Saturday, Sunday
When: 23:30:00
Current Time: 2007-01-07 23:40:00
Valid Interval: 23:00:00-02:00:00
Valid days of month: 1, 2, 3, 4, 5, 6, 7, 8, 9, 10, 11, 12, 13, 14, 15, 16, 17, 18, 19, 20, 21, 22, 23, 24, 25, 26, 27, 28, 29, 30, 31
Valid weekdays: Saturday, Sunday
When: 23:30:00
Current Time: 2007-01-07 01:00:00
Valid Interval: 13:00:00-16:00:00
Valid days of month: 1, 2, 3, 4, 5, 6, 7, 8, 9, 10, 11, 12, 13, 14, 15, 16, 17, 18, 19, 20, 21, 22, 23, 24, 25, 26, 27, 28, 29, 30, 31
Valid weekdays: Saturday, Sunday
When: 14:00:00
Current Time: 2007-01-06 14:30:00
Valid Interval: 13:00:00-16:00:00
Valid days of month: 1, 2, 3, 4, 5, 6, 7, 8, 9, 10, 11, 12, 13, 14, 15, 16, 17, 18, 19, 20, 21, 22, 23, 24, 25, 26, 27, 28, 29, 30, 31
Valid weekdays: Saturday, Sunday
When: 14:00:00
Current Time: 2007-01-07 15:00:00
Valid Interval: 23:00:00-02:00:00
Valid days of month: 1, 2, 3, 4, 5, 6, 7, 8, 9, 10, 11, 12, 13, 14, 15, 16, 17, 18, 19, 20, 21, 22, 23, 24, 25, 26, 27, 28, 29, 30, 31
Valid weekdays: Saturday, Sunday
When: 01:00:00
Current Time: 2007-01-06 01:30:00
Valid Interval: 23:00:00-02:00:00
Valid days of month: 1, 2, 3, 4, 5, 6, 7, 8, 9, 10, 11, 12, 13, 14, 15, 16, 17, 18, 19, 20, 21, 22, 23, 24, 25, 26, 27, 28, 29, 30, 31
Valid weekdays: Saturday, Sunday
When: 01:00:00
Current Time: 2007-01-07 01:30:00
Valid Interval: 23:00:00-02:00:00
Valid days of month: 1, 2, 3, 4, 5, 6, 7, 8, 9, 10, 11, 12, 13, 14, 15, 16, 17, 18, 19, 20, 21, 22, 23, 24, 25, 26, 27, 28, 29, 30, 31
Valid weekdays: Saturday, Sunday
When: 23:30:00
Current Time: 2007-01-06 23:02:00
Valid Interval: 23:00:00-02:00:00
Valid days of month: 1, 2, 3, 4, 5, 6, 7, 8, 9, 10, 11, 12, 13, 14, 15, 16, 17, 18, 19, 20, 21, 22, 23, 24, 25, 26, 27, 28, 29, 30, 31
Valid weekdays: Saturday, Sunday
When: 23:30:00
Current Time: 2007-01-06 01:10:00
Valid Interval: 23:00:00-02:00:00
Valid days of month: 1, 2, 3, 4, 5, 6, 7, 8, 9, 10, 11, 12, 13, 14, 15, 16, 17, 18, 19, 20, 21, 22, 23, 24, 25, 26, 27, 28, 29, 30, 31
Valid weekdays: Saturday, Sunday
When: 23:30:00
Current Time: 2007-01-07 01:00:40
Valid Interval: 23:00:00-02:00:00
Valid days of month: 2
Valid weekdays: Saturday, Sunday
When: 23:30:00
Current Time: 2007-01-01 12:00:00
Valid Interval: 23:00:00-02:00:00
Valid days of month: 1, 2
Valid weekdays: Saturday, Sunday
When: 23:30:00
Current Time: 2007-01-05 23:30:00
Valid Interval: 23:00:00-02:00:00
Valid days of month: 1, 2
Valid weekdays: Saturday, Sunday
When: 23:30:00
Current Time: 2007-01-06 23:00:00</StdOut>
      </Output>
    </UnitTestResult>
    <UnitTestResult executionId="5ea86587-cb64-4d96-af5a-9e19b94378bc" testId="d754b16c-3863-4209-a901-177cae3a95aa" testName="GetNextTimeToTrigger_PeriodicTimer_ReturnsCorrectTime (Data Row 0)" computerName="ICSWS068" duration="00:00:00.0034984" startTime="2016-08-04T07:57:22.9981178+02:00" endTime="2016-08-04T07:57:23.0016198+02:00" testType="13cdc9d9-ddb5-4fa4-a97d-d965ccfc6d4b" outcome="Passed" testListId="8c84fa94-04c1-424b-9868-57a2d4851a1d" relativeResultsDirectory="5ea86587-cb64-4d96-af5a-9e19b94378bc" />
    <UnitTestResult executionId="3370f256-ee72-4b18-a295-e88f2bc694b3" testId="9e21c6bc-df19-439d-ab99-6eb6c5a069de" testName="GetNextTimeToTrigger_PeriodicTimer_ReturnsCorrectTime (Data Row 1)" computerName="ICSWS068" duration="00:00:00.0024744" startTime="2016-08-04T07:57:23.0016198+02:00" endTime="2016-08-04T07:57:23.0041215+02:00" testType="13cdc9d9-ddb5-4fa4-a97d-d965ccfc6d4b" outcome="Passed" testListId="8c84fa94-04c1-424b-9868-57a2d4851a1d" relativeResultsDirectory="3370f256-ee72-4b18-a295-e88f2bc694b3" />
    <UnitTestResult executionId="a36ce6d4-1209-4057-a43e-a051686b7888" testId="b7215e35-7ad8-4df6-9394-0351ff41ce8d" testName="GetNextTimeToTrigger_PeriodicTimer_ReturnsCorrectTime (Data Row 2)" computerName="ICSWS068" duration="00:00:00.0023673" startTime="2016-08-04T07:57:23.0041215+02:00" endTime="2016-08-04T07:57:23.0066232+02:00" testType="13cdc9d9-ddb5-4fa4-a97d-d965ccfc6d4b" outcome="Passed" testListId="8c84fa94-04c1-424b-9868-57a2d4851a1d" relativeResultsDirectory="a36ce6d4-1209-4057-a43e-a051686b7888" />
    <UnitTestResult executionId="ebe6caee-f5eb-4604-867c-003dbf9aa1a4" testId="224b35f4-a8d8-454d-a6d7-416005fdfaf6" testName="GetNextTimeToTrigger_PeriodicTimer_ReturnsCorrectTime (Data Row 3)" computerName="ICSWS068" duration="00:00:00.0024310" startTime="2016-08-04T07:57:23.0066232+02:00" endTime="2016-08-04T07:57:23.0091252+02:00" testType="13cdc9d9-ddb5-4fa4-a97d-d965ccfc6d4b" outcome="Passed" testListId="8c84fa94-04c1-424b-9868-57a2d4851a1d" relativeResultsDirectory="ebe6caee-f5eb-4604-867c-003dbf9aa1a4" />
    <UnitTestResult executionId="5e47ed14-239b-419c-997e-ab49c5100faf" testId="e080cedb-1e81-4e25-9547-59baf7e00a7d" testName="GetNextTimeToTrigger_PeriodicTimer_ReturnsCorrectTime (Data Row 4)" computerName="ICSWS068" duration="00:00:00.0025905" startTime="2016-08-04T07:57:23.0091252+02:00" endTime="2016-08-04T07:57:23.0116445+02:00" testType="13cdc9d9-ddb5-4fa4-a97d-d965ccfc6d4b" outcome="Passed" testListId="8c84fa94-04c1-424b-9868-57a2d4851a1d" relativeResultsDirectory="5e47ed14-239b-419c-997e-ab49c5100faf" />
    <UnitTestResult executionId="23cdccfd-5cf1-47e4-b210-08a15add3d62" testId="fdc20f7a-311d-4a93-aa6b-68664a876265" testName="GetNextTimeToTrigger_PeriodicTimer_ReturnsCorrectTime (Data Row 5)" computerName="ICSWS068" duration="00:00:00.0022102" startTime="2016-08-04T07:57:23.0116445+02:00" endTime="2016-08-04T07:57:23.0136333+02:00" testType="13cdc9d9-ddb5-4fa4-a97d-d965ccfc6d4b" outcome="Passed" testListId="8c84fa94-04c1-424b-9868-57a2d4851a1d" relativeResultsDirectory="23cdccfd-5cf1-47e4-b210-08a15add3d62" />
    <UnitTestResult executionId="1039096c-567b-4859-9cf7-2946dab34ace" testId="cb4a9468-abb8-4a01-9855-b6e018bd8f1f" testName="GetNextTimeToTrigger_PeriodicTimer_ReturnsCorrectTime (Data Row 6)" computerName="ICSWS068" duration="00:00:00.0021635" startTime="2016-08-04T07:57:23.0136333+02:00" endTime="2016-08-04T07:57:23.0161524+02:00" testType="13cdc9d9-ddb5-4fa4-a97d-d965ccfc6d4b" outcome="Passed" testListId="8c84fa94-04c1-424b-9868-57a2d4851a1d" relativeResultsDirectory="1039096c-567b-4859-9cf7-2946dab34ace" />
    <UnitTestResult executionId="b9d314e8-2a6a-4d09-89a3-bbd576249ae8" testId="62435300-bca0-4fc9-a37e-b3b318274e86" testName="GetNextTimeToTrigger_PeriodicTimer_ReturnsCorrectTime (Data Row 7)" computerName="ICSWS068" duration="00:00:00.0022926" startTime="2016-08-04T07:57:23.0161524+02:00" endTime="2016-08-04T07:57:23.0181371+02:00" testType="13cdc9d9-ddb5-4fa4-a97d-d965ccfc6d4b" outcome="Passed" testListId="8c84fa94-04c1-424b-9868-57a2d4851a1d" relativeResultsDirectory="b9d314e8-2a6a-4d09-89a3-bbd576249ae8" />
    <UnitTestResult executionId="06d1a4f7-efd9-4d05-82db-aba8711f8598" testId="ce7affeb-cf6a-4624-bd94-c59135ea545f" testName="GetNextTimeToTrigger_PeriodicTimer_ReturnsCorrectTime (Data Row 8)" computerName="ICSWS068" duration="00:00:00.0024802" startTime="2016-08-04T07:57:23.0181371+02:00" endTime="2016-08-04T07:57:23.0206391+02:00" testType="13cdc9d9-ddb5-4fa4-a97d-d965ccfc6d4b" outcome="Passed" testListId="8c84fa94-04c1-424b-9868-57a2d4851a1d" relativeResultsDirectory="06d1a4f7-efd9-4d05-82db-aba8711f8598" />
    <UnitTestResult executionId="373cb456-5fa0-45d6-afa2-86ed17b64a3c" testId="3f282069-4a7b-4dd6-af40-23c48b5a141c" testName="GetNextTimeToTrigger_PeriodicTimer_ReturnsCorrectTime (Data Row 9)" computerName="ICSWS068" duration="00:00:00.0022436" startTime="2016-08-04T07:57:23.0206391+02:00" endTime="2016-08-04T07:57:23.0231575+02:00" testType="13cdc9d9-ddb5-4fa4-a97d-d965ccfc6d4b" outcome="Passed" testListId="8c84fa94-04c1-424b-9868-57a2d4851a1d" relativeResultsDirectory="373cb456-5fa0-45d6-afa2-86ed17b64a3c" />
    <UnitTestResult executionId="1554d58c-eee0-47ad-9161-7ce2b50a4e5a" testId="36a53eec-161c-4889-bda1-cf6f35492116" testName="GetNextTimeToTrigger_PeriodicTimer_ReturnsCorrectTime (Data Row 10)" computerName="ICSWS068" duration="00:00:00.0034104" startTime="2016-08-04T07:57:23.0231575+02:00" endTime="2016-08-04T07:57:23.0266428+02:00" testType="13cdc9d9-ddb5-4fa4-a97d-d965ccfc6d4b" outcome="Passed" testListId="8c84fa94-04c1-424b-9868-57a2d4851a1d" relativeResultsDirectory="1554d58c-eee0-47ad-9161-7ce2b50a4e5a" />
    <UnitTestResult executionId="749df0ba-4fdf-4c84-972f-c65c6e5fa213" testId="d3891cea-7ba5-4325-b5de-4e8e9e61c08d" testName="GetNextTimeToTrigger_PeriodicTimer_ReturnsCorrectTime (Data Row 11)" computerName="ICSWS068" duration="00:00:00.0024541" startTime="2016-08-04T07:57:23.0266428+02:00" endTime="2016-08-04T07:57:23.0291445+02:00" testType="13cdc9d9-ddb5-4fa4-a97d-d965ccfc6d4b" outcome="Passed" testListId="8c84fa94-04c1-424b-9868-57a2d4851a1d" relativeResultsDirectory="749df0ba-4fdf-4c84-972f-c65c6e5fa213" />
    <UnitTestResult executionId="93a89bda-2443-4937-9106-7e0603971317" testId="843ce20a-ee97-489f-9a47-80049fe0932a" testName="GetNextTimeToTrigger_PeriodicTimer_ReturnsCorrectTime (Data Row 12)" computerName="ICSWS068" duration="00:00:00.0023248" startTime="2016-08-04T07:57:23.0291445+02:00" endTime="2016-08-04T07:57:23.0311459+02:00" testType="13cdc9d9-ddb5-4fa4-a97d-d965ccfc6d4b" outcome="Passed" testListId="8c84fa94-04c1-424b-9868-57a2d4851a1d" relativeResultsDirectory="93a89bda-2443-4937-9106-7e0603971317" />
    <UnitTestResult executionId="4bb7a1ba-41e0-4e6d-a4e2-01374ef07cb4" testId="ea408855-91f4-41c5-a672-e4c845f88e7f" testName="GetNextTimeToTrigger_PeriodicTimer_ReturnsCorrectTime (Data Row 13)" computerName="ICSWS068" duration="00:00:00.0028456" startTime="2016-08-04T07:57:23.0311459+02:00" endTime="2016-08-04T07:57:23.0341485+02:00" testType="13cdc9d9-ddb5-4fa4-a97d-d965ccfc6d4b" outcome="Passed" testListId="8c84fa94-04c1-424b-9868-57a2d4851a1d" relativeResultsDirectory="4bb7a1ba-41e0-4e6d-a4e2-01374ef07cb4" />
    <UnitTestResult executionId="0fc80ac2-6367-4dcd-a9c1-ede58e4c52b6" testId="64e718db-cfd3-453e-9882-4acfbfc98bce" testName="GetNextTimeToTrigger_PeriodicTimer_ReturnsCorrectTime (Data Row 14)" computerName="ICSWS068" duration="00:00:00.0027289" startTime="2016-08-04T07:57:23.0341485+02:00" endTime="2016-08-04T07:57:23.0371658+02:00" testType="13cdc9d9-ddb5-4fa4-a97d-d965ccfc6d4b" outcome="Passed" testListId="8c84fa94-04c1-424b-9868-57a2d4851a1d" relativeResultsDirectory="0fc80ac2-6367-4dcd-a9c1-ede58e4c52b6" />
    <UnitTestResult executionId="caf03bf1-9f5d-4442-a985-50525b335638" testId="2010dab7-5e48-4fdf-85ae-18a490b150b4" testName="GetNextTimeToTrigger_PeriodicTimer_ReturnsCorrectTime (Data Row 15)" computerName="ICSWS068" duration="00:00:00.0023193" startTime="2016-08-04T07:57:23.0371658+02:00" endTime="2016-08-04T07:57:23.0391523+02:00" testType="13cdc9d9-ddb5-4fa4-a97d-d965ccfc6d4b" outcome="Passed" testListId="8c84fa94-04c1-424b-9868-57a2d4851a1d" relativeResultsDirectory="caf03bf1-9f5d-4442-a985-50525b335638" />
    <UnitTestResult executionId="4014e390-8664-40e0-bd4d-1f937c9502ae" testId="c21256c7-965d-4f80-9b60-03f54161c85a" testName="GetNextTimeToTrigger_PeriodicTimer_ReturnsCorrectTime (Data Row 16)" computerName="ICSWS068" duration="00:00:00.0022911" startTime="2016-08-04T07:57:23.0391523+02:00" endTime="2016-08-04T07:57:23.0416537+02:00" testType="13cdc9d9-ddb5-4fa4-a97d-d965ccfc6d4b" outcome="Passed" testListId="8c84fa94-04c1-424b-9868-57a2d4851a1d" relativeResultsDirectory="4014e390-8664-40e0-bd4d-1f937c9502ae" />
    <UnitTestResult executionId="31af8d51-b5ba-437e-8cfc-8924f820a595" testId="f7d1929e-1300-41f9-a22e-b162a830ed84" testName="GetNextTimeToTrigger_PeriodicTimer_ReturnsCorrectTime (Data Row 17)" computerName="ICSWS068" duration="00:00:00.0024365" startTime="2016-08-04T07:57:23.0416537+02:00" endTime="2016-08-04T07:57:23.0441416+02:00" testType="13cdc9d9-ddb5-4fa4-a97d-d965ccfc6d4b" outcome="Passed" testListId="8c84fa94-04c1-424b-9868-57a2d4851a1d" relativeResultsDirectory="31af8d51-b5ba-437e-8cfc-8924f820a595" />
    <UnitTestResult executionId="73e874d4-1694-4ea8-a693-963c602b7c51" testId="1f6dd493-8ea9-4f85-afcc-e91799db3be0" testName="GetNextTimeToTrigger_PeriodicTimer_ReturnsCorrectTime (Data Row 18)" computerName="ICSWS068" duration="00:00:00.0026210" startTime="2016-08-04T07:57:23.0441416+02:00" endTime="2016-08-04T07:57:23.0466430+02:00" testType="13cdc9d9-ddb5-4fa4-a97d-d965ccfc6d4b" outcome="Passed" testListId="8c84fa94-04c1-424b-9868-57a2d4851a1d" relativeResultsDirectory="73e874d4-1694-4ea8-a693-963c602b7c51" />
    <UnitTestResult executionId="324d9d5d-9ef5-40b0-ba47-2909cbf39f90" testId="96f4976b-f1b8-494a-acdf-48e799738ab1" testName="GetNextTimeToTrigger_PeriodicTimer_ReturnsCorrectTime (Data Row 19)" computerName="ICSWS068" duration="00:00:00.0022764" startTime="2016-08-04T07:57:23.0466430+02:00" endTime="2016-08-04T07:57:23.0491448+02:00" testType="13cdc9d9-ddb5-4fa4-a97d-d965ccfc6d4b" outcome="Passed" testListId="8c84fa94-04c1-424b-9868-57a2d4851a1d" relativeResultsDirectory="324d9d5d-9ef5-40b0-ba47-2909cbf39f90" />
    <UnitTestResult executionId="a5a702df-d6eb-4e4f-9430-c38864d3a5b2" testId="e066d51f-5bd2-4c9e-afd5-44d1ae77f17a" testName="GetNextTimeToTrigger_PeriodicTimer_ReturnsCorrectTime (Data Row 20)" computerName="ICSWS068" duration="00:00:00.0022709" startTime="2016-08-04T07:57:23.0491448+02:00" endTime="2016-08-04T07:57:23.0511471+02:00" testType="13cdc9d9-ddb5-4fa4-a97d-d965ccfc6d4b" outcome="Passed" testListId="8c84fa94-04c1-424b-9868-57a2d4851a1d" relativeResultsDirectory="a5a702df-d6eb-4e4f-9430-c38864d3a5b2" />
    <UnitTestResult executionId="a9b48a0d-8237-49a6-bb47-656fb05a7218" testId="2497c2d7-9480-4738-8f06-c988a928abcf" testName="GetNextTimeToTrigger_PeriodicTimer_ReturnsCorrectTime (Data Row 21)" computerName="ICSWS068" duration="00:00:00.0025726" startTime="2016-08-04T07:57:23.0511471+02:00" endTime="2016-08-04T07:57:23.0536485+02:00" testType="13cdc9d9-ddb5-4fa4-a97d-d965ccfc6d4b" outcome="Passed" testListId="8c84fa94-04c1-424b-9868-57a2d4851a1d" relativeResultsDirectory="a9b48a0d-8237-49a6-bb47-656fb05a7218" />
    <UnitTestResult executionId="93717653-4def-42b0-a7d7-c5d6149105bc" testId="2ea607c3-ca5f-d315-dcc9-61a1d7f424bb" testName="Construction_WorkflowOutputNetDataContractSerializerConstructorTest" computerName="ICSWS068" duration="00:00:00.0003513" startTime="2016-08-04T09:57:23.0586513+02:00" endTime="2016-08-04T09:57:23.0606689+02:00" testType="13cdc9d9-ddb5-4fa4-a97d-d965ccfc6d4b" outcome="Passed" testListId="8c84fa94-04c1-424b-9868-57a2d4851a1d" relativeResultsDirectory="93717653-4def-42b0-a7d7-c5d6149105bc" />
    <UnitTestResult executionId="4d0780f6-203b-4896-801e-692496df31e1" testId="b4f966a9-2473-ec60-1469-26062a57fbf7" testName="DeserializeObject_DataIsNull_ShouldThrow" computerName="ICSWS068" duration="00:00:00.0024119" startTime="2016-08-04T09:57:23.0641090+02:00" endTime="2016-08-04T09:57:23.0686128+02:00" testType="13cdc9d9-ddb5-4fa4-a97d-d965ccfc6d4b" outcome="Passed" testListId="8c84fa94-04c1-424b-9868-57a2d4851a1d" relativeResultsDirectory="4d0780f6-203b-4896-801e-692496df31e1" />
    <UnitTestResult executionId="32150209-5f09-4185-9e32-3b2fc053512b" testId="9e5bbac9-af6b-fc19-f5a3-dbea046eaf7e" testName="DeserializeObject_DataIsEmpty_ShouldReturnNull" computerName="ICSWS068" duration="00:00:00.0005747" startTime="2016-08-04T09:57:23.0711133+02:00" endTime="2016-08-04T09:57:23.0731309+02:00" testType="13cdc9d9-ddb5-4fa4-a97d-d965ccfc6d4b" outcome="Passed" testListId="8c84fa94-04c1-424b-9868-57a2d4851a1d" relativeResultsDirectory="32150209-5f09-4185-9e32-3b2fc053512b" />
    <UnitTestResult executionId="7f6abd36-2091-4a0c-ad11-6823f0141637" testId="101cdb6b-b4cb-5caf-02f7-980d89828aa5" testName="DeserializeObject_DataIsExecption_ExceptionInstanceReturned" computerName="ICSWS068" duration="00:00:00.0050192" startTime="2016-08-04T09:57:23.0766176+02:00" endTime="2016-08-04T09:57:23.0831222+02:00" testType="13cdc9d9-ddb5-4fa4-a97d-d965ccfc6d4b" outcome="Passed" testListId="8c84fa94-04c1-424b-9868-57a2d4851a1d" relativeResultsDirectory="7f6abd36-2091-4a0c-ad11-6823f0141637" />
    <UnitTestResult executionId="863e7a4a-a01a-437e-8a43-528a3c54e514" testId="1696dcd8-bc67-f17d-9598-57e59c336e97" testName="DeserializeObject_DataIsExecption_ExceptionInstanceOfCorrectTypeReturned" computerName="ICSWS068" duration="00:00:00.0004237" startTime="2016-08-04T09:57:23.0866248+02:00" endTime="2016-08-04T09:57:23.0891277+02:00" testType="13cdc9d9-ddb5-4fa4-a97d-d965ccfc6d4b" outcome="Passed" testListId="8c84fa94-04c1-424b-9868-57a2d4851a1d" relativeResultsDirectory="863e7a4a-a01a-437e-8a43-528a3c54e514" />
    <UnitTestResult executionId="5e28c850-f8e4-4596-8cb1-c4a7d9b89605" testId="d9d39b48-43f2-a0fd-7465-9f9097da0c9f" testName="DeserializeObject_DataIsExecption_ReturnedExceptionInstanceMessagePropertyCorrect" computerName="ICSWS068" duration="00:00:00.0003369" startTime="2016-08-04T09:57:23.0921288+02:00" endTime="2016-08-04T09:57:23.0936296+02:00" testType="13cdc9d9-ddb5-4fa4-a97d-d965ccfc6d4b" outcome="Passed" testListId="8c84fa94-04c1-424b-9868-57a2d4851a1d" relativeResultsDirectory="5e28c850-f8e4-4596-8cb1-c4a7d9b89605" />
    <UnitTestResult executionId="430e1608-1aaa-401c-a825-66c9b1b8a4b4" testId="36deb8c7-8d7d-47c5-2210-4a5095674208" testName="DeserializeObject_DataIsExecption_ReturnedExceptionInstanceInnerExceptionPropertyCorrect" computerName="ICSWS068" duration="00:00:00.0004539" startTime="2016-08-04T09:57:23.0956314+02:00" endTime="2016-08-04T09:57:23.0976322+02:00" testType="13cdc9d9-ddb5-4fa4-a97d-d965ccfc6d4b" outcome="Passed" testListId="8c84fa94-04c1-424b-9868-57a2d4851a1d" relativeResultsDirectory="430e1608-1aaa-401c-a825-66c9b1b8a4b4" />
    <UnitTestResult executionId="8a7c2b6d-2d29-4cc1-91fa-a6aa347e3dd1" testId="13658aff-ba53-f3a7-2d62-845dc8c1468d" testName="DeserializeObject_DataIsDictionary_ReturnsDictionary" computerName="ICSWS068" duration="00:00:00.0028864" startTime="2016-08-04T09:57:23.0996342+02:00" endTime="2016-08-04T09:57:23.1036371+02:00" testType="13cdc9d9-ddb5-4fa4-a97d-d965ccfc6d4b" outcome="Passed" testListId="8c84fa94-04c1-424b-9868-57a2d4851a1d" relativeResultsDirectory="8a7c2b6d-2d29-4cc1-91fa-a6aa347e3dd1" />
    <UnitTestResult executionId="7214e164-7e46-47e1-b54f-f6b85c4bd7e5" testId="8f1d3e88-74ec-a22b-78b9-575004d3b3d8" testName="DeserializeObject_DataIsDictionary_ReturnsDictionaryWithInstances" computerName="ICSWS068" duration="00:00:00.0066749" startTime="2016-08-04T09:57:23.1066391+02:00" endTime="2016-08-04T09:57:23.1151451+02:00" testType="13cdc9d9-ddb5-4fa4-a97d-d965ccfc6d4b" outcome="Passed" testListId="8c84fa94-04c1-424b-9868-57a2d4851a1d" relativeResultsDirectory="7214e164-7e46-47e1-b54f-f6b85c4bd7e5" />
    <UnitTestResult executionId="1eeb32a1-e9b9-4465-95ed-cf0ab6794174" testId="97e00bc3-7ca8-2704-ba42-20092a01becb" testName="SerializeObject_NullInput_ShouldThrow" computerName="ICSWS068" duration="00:00:00.0008647" startTime="2016-08-04T09:57:23.1186477+02:00" endTime="2016-08-04T09:57:23.1211491+02:00" testType="13cdc9d9-ddb5-4fa4-a97d-d965ccfc6d4b" outcome="Passed" testListId="8c84fa94-04c1-424b-9868-57a2d4851a1d" relativeResultsDirectory="1eeb32a1-e9b9-4465-95ed-cf0ab6794174" />
    <UnitTestResult executionId="8b4dd86a-da39-445e-9fad-1e1c27ea832d" testId="4994095a-4561-79cf-bfa7-75ec12b08a77" testName="SerializeObject_NonSerializableTypeInDictionary_ShouldThrow" computerName="ICSWS068" duration="00:00:00.0027181" startTime="2016-08-04T09:57:23.1246523+02:00" endTime="2016-08-04T09:57:23.1286545+02:00" testType="13cdc9d9-ddb5-4fa4-a97d-d965ccfc6d4b" outcome="Passed" testListId="8c84fa94-04c1-424b-9868-57a2d4851a1d" relativeResultsDirectory="8b4dd86a-da39-445e-9fad-1e1c27ea832d" />
    <UnitTestResult executionId="2a8795be-4a69-4b0b-9fb1-80e1e6e43016" testId="717db0cf-2159-2e63-0c5d-daec234678e3" testName="DeserializeError_DataIsEmpty_ShouldThrow" computerName="ICSWS068" duration="00:00:00.0477229" startTime="2016-08-04T09:57:23.1321568+02:00" endTime="2016-08-04T09:57:23.1816926+02:00" testType="13cdc9d9-ddb5-4fa4-a97d-d965ccfc6d4b" outcome="Passed" testListId="8c84fa94-04c1-424b-9868-57a2d4851a1d" relativeResultsDirectory="2a8795be-4a69-4b0b-9fb1-80e1e6e43016" />
    <UnitTestResult executionId="9d44e99a-d631-4c08-811e-5717cf051bd7" testId="66281536-d177-2395-4dc1-c31e552af045" testName="DeserializeError_DataIsNull_ShouldThrow" computerName="ICSWS068" duration="00:00:00.0012762" startTime="2016-08-04T09:57:23.1851952+02:00" endTime="2016-08-04T09:57:23.1876972+02:00" testType="13cdc9d9-ddb5-4fa4-a97d-d965ccfc6d4b" outcome="Passed" testListId="8c84fa94-04c1-424b-9868-57a2d4851a1d" relativeResultsDirectory="9d44e99a-d631-4c08-811e-5717cf051bd7" />
    <UnitTestResult executionId="7630c0a6-1a05-4c5a-a6a8-056f84e615eb" testId="b3a7c9f8-205a-9bba-616c-7e5bd00594da" testName="DeserializeError_DataIsValidButNoException_ShouldThrow" computerName="ICSWS068" duration="00:00:00.0024506" startTime="2016-08-04T09:57:23.1906995+02:00" endTime="2016-08-04T09:57:23.1947018+02:00" testType="13cdc9d9-ddb5-4fa4-a97d-d965ccfc6d4b" outcome="Passed" testListId="8c84fa94-04c1-424b-9868-57a2d4851a1d" relativeResultsDirectory="7630c0a6-1a05-4c5a-a6a8-056f84e615eb" />
    <UnitTestResult executionId="347d877a-6cf1-4c2b-9ea2-012449cb8ece" testId="bb5739b9-d74e-cccc-a1db-bdba4404280a" testName="DeserializeError_DataIsValid_Success" computerName="ICSWS068" duration="00:00:00.0009328" startTime="2016-08-04T09:57:23.1982044+02:00" endTime="2016-08-04T09:57:23.2002058+02:00" testType="13cdc9d9-ddb5-4fa4-a97d-d965ccfc6d4b" outcome="Passed" testListId="8c84fa94-04c1-424b-9868-57a2d4851a1d" relativeResultsDirectory="347d877a-6cf1-4c2b-9ea2-012449cb8ece" />
    <UnitTestResult executionId="f10b6ac9-fee2-4f79-b7d1-83fae961da8b" testId="fb58a576-3fa0-d762-8ef0-2e2135ff95b8" testName="DeserializeOutput_DataIsEmpty_ShouldReturnEmptyDictionary" computerName="ICSWS068" duration="00:00:00.0011512" startTime="2016-08-04T09:57:23.2042090+02:00" endTime="2016-08-04T09:57:23.2067110+02:00" testType="13cdc9d9-ddb5-4fa4-a97d-d965ccfc6d4b" outcome="Passed" testListId="8c84fa94-04c1-424b-9868-57a2d4851a1d" relativeResultsDirectory="f10b6ac9-fee2-4f79-b7d1-83fae961da8b" />
    <UnitTestResult executionId="cc130703-b21e-45aa-bc71-5167d36982fb" testId="aaee00d7-b9d1-7e86-63f7-37e270d76faa" testName="DeserializeOutput_DataIsNull_ShouldThrow" computerName="ICSWS068" duration="00:00:00.0017237" startTime="2016-08-04T09:57:23.2112138+02:00" endTime="2016-08-04T09:57:23.2147164+02:00" testType="13cdc9d9-ddb5-4fa4-a97d-d965ccfc6d4b" outcome="Passed" testListId="8c84fa94-04c1-424b-9868-57a2d4851a1d" relativeResultsDirectory="cc130703-b21e-45aa-bc71-5167d36982fb" />
    <UnitTestResult executionId="abbae38f-2dd9-4133-8517-cd88148bac88" testId="6b225c3c-9352-7544-44de-818d02db47b9" testName="DeserializeOutput_DataIsValidButNoDictionary_ShouldThrow" computerName="ICSWS068" duration="00:00:00.0018627" startTime="2016-08-04T09:57:23.2177184+02:00" endTime="2016-08-04T09:57:23.2217210+02:00" testType="13cdc9d9-ddb5-4fa4-a97d-d965ccfc6d4b" outcome="Passed" testListId="8c84fa94-04c1-424b-9868-57a2d4851a1d" relativeResultsDirectory="abbae38f-2dd9-4133-8517-cd88148bac88" />
    <UnitTestResult executionId="6b464913-0464-43d2-a34b-9f43adf7dec8" testId="4dfdaa6b-9a47-ab83-a3fc-3eb4765ceb21" testName="DeserializeOutput_DataIsValid_Success" computerName="ICSWS068" duration="00:00:00.0014404" startTime="2016-08-04T09:57:23.2252242+02:00" endTime="2016-08-04T09:57:23.2282259+02:00" testType="13cdc9d9-ddb5-4fa4-a97d-d965ccfc6d4b" outcome="Passed" testListId="8c84fa94-04c1-424b-9868-57a2d4851a1d" relativeResultsDirectory="6b464913-0464-43d2-a34b-9f43adf7dec8" />
    <UnitTestResult executionId="4b121b8a-f443-426b-89d4-b63f9dff13bc" testId="c0f101ae-b25a-edc1-8263-f299489c252f" testName="SerializeError_ArgIsException_ReturnsSerialiezedContent" computerName="ICSWS068" duration="00:00:00.0016439" startTime="2016-08-04T09:57:23.2312285+02:00" endTime="2016-08-04T09:57:23.2347307+02:00" testType="13cdc9d9-ddb5-4fa4-a97d-d965ccfc6d4b" outcome="Passed" testListId="8c84fa94-04c1-424b-9868-57a2d4851a1d" relativeResultsDirectory="4b121b8a-f443-426b-89d4-b63f9dff13bc" />
    <UnitTestResult executionId="cbeaf157-d787-4200-8993-d0207ad13fb6" testId="c120fb92-4f20-14cd-01f7-57cf118c4421" testName="SerializeError_ArgIsNull_ReturnsNull" computerName="ICSWS068" duration="00:00:00.0009460" startTime="2016-08-04T09:57:23.2377327+02:00" endTime="2016-08-04T09:57:23.2402348+02:00" testType="13cdc9d9-ddb5-4fa4-a97d-d965ccfc6d4b" outcome="Passed" testListId="8c84fa94-04c1-424b-9868-57a2d4851a1d" relativeResultsDirectory="cbeaf157-d787-4200-8993-d0207ad13fb6" />
    <UnitTestResult executionId="3326cccb-8336-4770-909f-27d2dfecf8b5" testId="8e37a838-a4da-6371-e9cb-cbeda13dca70" testName="SerializeOutput_ArgIsDictionary_ReturnsSerialiezedContent" computerName="ICSWS068" duration="00:00:00.0010049" startTime="2016-08-04T09:57:23.2422362+02:00" endTime="2016-08-04T09:57:23.2452426+02:00" testType="13cdc9d9-ddb5-4fa4-a97d-d965ccfc6d4b" outcome="Passed" testListId="8c84fa94-04c1-424b-9868-57a2d4851a1d" relativeResultsDirectory="3326cccb-8336-4770-909f-27d2dfecf8b5" />
    <UnitTestResult executionId="64848421-fac0-46d7-ad78-ca09c3b156c5" testId="6f163ab5-7d7a-7541-99bd-0f8b14d5c929" testName="SerializeOutput_ArgIsNull_ReturnsNull" computerName="ICSWS068" duration="00:00:00.0008791" startTime="2016-08-04T09:57:23.2487455+02:00" endTime="2016-08-04T09:57:23.2507469+02:00" testType="13cdc9d9-ddb5-4fa4-a97d-d965ccfc6d4b" outcome="Passed" testListId="8c84fa94-04c1-424b-9868-57a2d4851a1d" relativeResultsDirectory="64848421-fac0-46d7-ad78-ca09c3b156c5" />
    <UnitTestResult executionId="6f100b02-0952-4079-b74e-4c60137002e1" testId="74db3904-3660-ad41-6fae-9e645dd45833" testName="TryDeserializeError_InvalidArg_ReturnsNull" computerName="ICSWS068" duration="00:00:00.0009287" startTime="2016-08-04T09:57:23.2547498+02:00" endTime="2016-08-04T09:57:23.2567509+02:00" testType="13cdc9d9-ddb5-4fa4-a97d-d965ccfc6d4b" outcome="Passed" testListId="8c84fa94-04c1-424b-9868-57a2d4851a1d" relativeResultsDirectory="6f100b02-0952-4079-b74e-4c60137002e1" />
    <UnitTestResult executionId="f3d88c56-b742-4eff-81e1-173de8c83a43" testId="638cf09e-612c-1d65-98cb-66d0d81c7b44" testName="TryDeserializeError_ValidArg_ReturnsExceptionInstance" computerName="ICSWS068" duration="00:00:00.0008589" startTime="2016-08-04T09:57:23.2597529+02:00" endTime="2016-08-04T09:57:23.2622552+02:00" testType="13cdc9d9-ddb5-4fa4-a97d-d965ccfc6d4b" outcome="Passed" testListId="8c84fa94-04c1-424b-9868-57a2d4851a1d" relativeResultsDirectory="f3d88c56-b742-4eff-81e1-173de8c83a43" />
    <UnitTestResult executionId="6a67d36b-0670-4112-aa3e-e7c9540769bb" testId="8f69fa2a-8a14-e16f-59b1-de67ed9af41c" testName="TryDeserializeOutput_InvalidArg_ReturnsNull" computerName="ICSWS068" duration="00:00:00.0010383" startTime="2016-08-04T09:57:23.2647566+02:00" endTime="2016-08-04T09:57:23.2672589+02:00" testType="13cdc9d9-ddb5-4fa4-a97d-d965ccfc6d4b" outcome="Passed" testListId="8c84fa94-04c1-424b-9868-57a2d4851a1d" relativeResultsDirectory="6a67d36b-0670-4112-aa3e-e7c9540769bb" />
    <UnitTestResult executionId="dd21a876-89f8-4fb8-bca6-d4b8c5f5af5b" testId="6f47b41e-9962-9d25-448c-7d1e5f130e80" testName="TryDeserializeOutput_ValidArg_ReturnsExceptionInstance" computerName="ICSWS068" duration="00:00:00.0009090" startTime="2016-08-04T09:57:23.2702606+02:00" endTime="2016-08-04T09:57:23.2722621+02:00" testType="13cdc9d9-ddb5-4fa4-a97d-d965ccfc6d4b" outcome="Passed" testListId="8c84fa94-04c1-424b-9868-57a2d4851a1d" relativeResultsDirectory="dd21a876-89f8-4fb8-bca6-d4b8c5f5af5b" />
    <UnitTestResult executionId="f024a866-9641-4033-8727-4b09efaf5755" testId="c22a1a15-c560-78f9-cb74-02225eed7046" testName="ConstructorWithId_NewGuid_Success" computerName="ICSWS068" duration="00:00:00.0003630" startTime="2016-08-04T09:57:23.2752641+02:00" endTime="2016-08-04T09:57:23.2767655+02:00" testType="13cdc9d9-ddb5-4fa4-a97d-d965ccfc6d4b" outcome="Passed" testListId="8c84fa94-04c1-424b-9868-57a2d4851a1d" relativeResultsDirectory="f024a866-9641-4033-8727-4b09efaf5755" />
    <UnitTestResult executionId="2254531f-4277-427f-b7c3-fc3cbe132f32" testId="31f7b6d4-55e7-719e-b2dc-435760e9c749" testName="ConstructorWithId_EmptyGuid_Success" computerName="ICSWS068" duration="00:00:00.0002586" startTime="2016-08-04T09:57:23.2802678+02:00" endTime="2016-08-04T09:57:23.2817689+02:00" testType="13cdc9d9-ddb5-4fa4-a97d-d965ccfc6d4b" outcome="Passed" testListId="8c84fa94-04c1-424b-9868-57a2d4851a1d" relativeResultsDirectory="2254531f-4277-427f-b7c3-fc3cbe132f32" />
    <UnitTestResult executionId="27f3535c-ead8-44f7-b5de-07d87172d5c3" testId="b03ac9d9-7454-5680-db93-1cf878fea5d0" testName="ConstructorWithIdAndResult_NewGuidAndString_ThrowsAgumentException" computerName="ICSWS068" duration="00:00:00.0007017" startTime="2016-08-04T09:57:23.2847712+02:00" endTime="2016-08-04T09:57:23.2867733+02:00" testType="13cdc9d9-ddb5-4fa4-a97d-d965ccfc6d4b" outcome="Passed" testListId="8c84fa94-04c1-424b-9868-57a2d4851a1d" relativeResultsDirectory="27f3535c-ead8-44f7-b5de-07d87172d5c3" />
    <UnitTestResult executionId="9a027f0c-5f79-4125-ba9d-ebbf6b149303" testId="a92cd0a3-574c-3dea-62cc-f4da1d623cca" testName="ConstructorWithIdAndResult_NewGuidAndNull_Success" computerName="ICSWS068" duration="00:00:00.0002609" startTime="2016-08-04T09:57:23.2897747+02:00" endTime="2016-08-04T09:57:23.2912755+02:00" testType="13cdc9d9-ddb5-4fa4-a97d-d965ccfc6d4b" outcome="Passed" testListId="8c84fa94-04c1-424b-9868-57a2d4851a1d" relativeResultsDirectory="9a027f0c-5f79-4125-ba9d-ebbf6b149303" />
    <UnitTestResult executionId="26ea2eff-3a79-43e8-abd9-964b93b47374" testId="829ee6b4-6ca6-463c-19bc-dc1e0b5076ed" testName="ConstructorWithIdAndResult_NewGuidAndException_Success" computerName="ICSWS068" duration="00:00:00.0002436" startTime="2016-08-04T09:57:23.2937775+02:00" endTime="2016-08-04T09:57:23.2947787+02:00" testType="13cdc9d9-ddb5-4fa4-a97d-d965ccfc6d4b" outcome="Passed" testListId="8c84fa94-04c1-424b-9868-57a2d4851a1d" relativeResultsDirectory="26ea2eff-3a79-43e8-abd9-964b93b47374" />
    <UnitTestResult executionId="d1b230d6-6825-4560-8ba5-e7bbbcb0aed6" testId="6a6828ce-8db4-6681-8bed-679e300c6537" testName="ConstructorWithIdAndResult_NewGuidAndEmptyDictionary_Success" computerName="ICSWS068" duration="00:00:00.0002372" startTime="2016-08-04T09:57:23.2972798+02:00" endTime="2016-08-04T09:57:23.2982804+02:00" testType="13cdc9d9-ddb5-4fa4-a97d-d965ccfc6d4b" outcome="Passed" testListId="8c84fa94-04c1-424b-9868-57a2d4851a1d" relativeResultsDirectory="d1b230d6-6825-4560-8ba5-e7bbbcb0aed6" />
    <UnitTestResult executionId="4d0d2c40-a759-4f65-a3aa-d478d283eacd" testId="137c5e24-c04f-6736-d5f9-e80193ec4cef" testName="ConstructorWithIdAndResult_NewGuidAndDictionary_Success" computerName="ICSWS068" duration="00:00:00.0003560" startTime="2016-08-04T09:57:23.3007821+02:00" endTime="2016-08-04T09:57:23.3022838+02:00" testType="13cdc9d9-ddb5-4fa4-a97d-d965ccfc6d4b" outcome="Passed" testListId="8c84fa94-04c1-424b-9868-57a2d4851a1d" relativeResultsDirectory="4d0d2c40-a759-4f65-a3aa-d478d283eacd" />
    <UnitTestResult executionId="f0690512-ca23-4b53-980d-ea512f89591f" testId="6d78f890-ed01-1e2b-9947-0daef6088057" testName="ConstructorWithIdAndResult_NewGuidAndEmptyDictionaryOfWrongKind_ThrowsArgumentException" computerName="ICSWS068" duration="00:00:00.0005879" startTime="2016-08-04T09:57:23.3052856+02:00" endTime="2016-08-04T09:57:23.3072870+02:00" testType="13cdc9d9-ddb5-4fa4-a97d-d965ccfc6d4b" outcome="Passed" testListId="8c84fa94-04c1-424b-9868-57a2d4851a1d" relativeResultsDirectory="f0690512-ca23-4b53-980d-ea512f89591f" />
    <UnitTestResult executionId="d461e0a9-ac5b-497e-b821-24e37c48efec" testId="9e60cfed-77ed-b965-b4d4-e187d58fe037" testName="Status_CreatedWithNewGuid_StatusIsUnknown" computerName="ICSWS068" duration="00:00:00.0001492" startTime="2016-08-04T09:57:23.3097890+02:00" endTime="2016-08-04T09:57:23.3107899+02:00" testType="13cdc9d9-ddb5-4fa4-a97d-d965ccfc6d4b" outcome="Passed" testListId="8c84fa94-04c1-424b-9868-57a2d4851a1d" relativeResultsDirectory="d461e0a9-ac5b-497e-b821-24e37c48efec" />
    <UnitTestResult executionId="44abc71e-4bd0-41e8-9327-e12003780e91" testId="5b054cc1-14d3-f581-500f-b8ec05a8c7b2" testName="Status_CreatedWithNewGuidAndNull_StatusIsSuccess" computerName="ICSWS068" duration="00:00:00.0001457" startTime="2016-08-04T09:57:23.3132913+02:00" endTime="2016-08-04T09:57:23.3147924+02:00" testType="13cdc9d9-ddb5-4fa4-a97d-d965ccfc6d4b" outcome="Passed" testListId="8c84fa94-04c1-424b-9868-57a2d4851a1d" relativeResultsDirectory="44abc71e-4bd0-41e8-9327-e12003780e91" />
    <UnitTestResult executionId="1b4780f4-85b0-4d1d-8ec4-6ffec0225f7b" testId="6d5e60b9-6871-ddfa-e79b-2bd258a0fb43" testName="Status_CratedWithNewGuidAndException_StatusIsFailure" computerName="ICSWS068" duration="00:00:00.0002111" startTime="2016-08-04T09:57:23.3167942+02:00" endTime="2016-08-04T09:57:23.3187956+02:00" testType="13cdc9d9-ddb5-4fa4-a97d-d965ccfc6d4b" outcome="Passed" testListId="8c84fa94-04c1-424b-9868-57a2d4851a1d" relativeResultsDirectory="1b4780f4-85b0-4d1d-8ec4-6ffec0225f7b" />
    <UnitTestResult executionId="dc9609a2-f7f8-46f9-8236-c21e0158e37c" testId="ef242d0c-aeb8-99c6-697b-80dc6e598f2c" testName="Status_CreatedWithNewGuidAndEmptyDictionary_StatusIsSuccess" computerName="ICSWS068" duration="00:00:00.0001636" startTime="2016-08-04T09:57:23.3212973+02:00" endTime="2016-08-04T09:57:23.3227982+02:00" testType="13cdc9d9-ddb5-4fa4-a97d-d965ccfc6d4b" outcome="Passed" testListId="8c84fa94-04c1-424b-9868-57a2d4851a1d" relativeResultsDirectory="dc9609a2-f7f8-46f9-8236-c21e0158e37c" />
    <UnitTestResult executionId="0c169dbe-87a5-49b9-8354-1827a6ebb092" testId="afe3a169-a526-979d-17d7-ae5d813a10a7" testName="Status_CreatedWithNewGuidAndDictionary_StatusIsSuccess" computerName="ICSWS068" duration="00:00:00.0001516" startTime="2016-08-04T09:57:23.3252999+02:00" endTime="2016-08-04T09:57:23.3268016+02:00" testType="13cdc9d9-ddb5-4fa4-a97d-d965ccfc6d4b" outcome="Passed" testListId="8c84fa94-04c1-424b-9868-57a2d4851a1d" relativeResultsDirectory="0c169dbe-87a5-49b9-8354-1827a6ebb092" />
    <UnitTestResult executionId="5179e0c4-1d57-42e8-beac-a01587ccfe12" testId="22cb26d5-93a6-2472-62a8-7f20d9e65bcc" testName="Status_CreatedWithEmptyGuid_StatusIsUnknown" computerName="ICSWS068" duration="00:00:00.0001601" startTime="2016-08-04T09:57:23.3298042+02:00" endTime="2016-08-04T09:57:23.3308200+02:00" testType="13cdc9d9-ddb5-4fa4-a97d-d965ccfc6d4b" outcome="Passed" testListId="8c84fa94-04c1-424b-9868-57a2d4851a1d" relativeResultsDirectory="5179e0c4-1d57-42e8-beac-a01587ccfe12" />
    <UnitTestResult executionId="5cfbaf5d-9f7d-486a-9212-c6aedb97c273" testId="c096bca7-3f6c-7991-f130-7d65dc2ce79e" testName="Status_CreatedWithEmptyGuidAndNull_StatusIsSuccess" computerName="ICSWS068" duration="00:00:00.0003055" startTime="2016-08-04T09:57:23.3333241+02:00" endTime="2016-08-04T09:57:23.3348279+02:00" testType="13cdc9d9-ddb5-4fa4-a97d-d965ccfc6d4b" outcome="Passed" testListId="8c84fa94-04c1-424b-9868-57a2d4851a1d" relativeResultsDirectory="5cfbaf5d-9f7d-486a-9212-c6aedb97c273" />
    <UnitTestResult executionId="453ac52c-83fa-455e-94e0-2accd4c4cb7b" testId="7722223a-5177-d2b7-4423-4d7c91060990" testName="Status_CratedWithEmptyGuidAndException_StatusIsFailure" computerName="ICSWS068" duration="00:00:00.0002923" startTime="2016-08-04T09:57:23.3378290+02:00" endTime="2016-08-04T09:57:23.3393457+02:00" testType="13cdc9d9-ddb5-4fa4-a97d-d965ccfc6d4b" outcome="Passed" testListId="8c84fa94-04c1-424b-9868-57a2d4851a1d" relativeResultsDirectory="453ac52c-83fa-455e-94e0-2accd4c4cb7b" />
    <UnitTestResult executionId="44e8fd25-afa7-4e72-b18e-131cb5de94d4" testId="a5733acd-fae1-5fea-4ad6-56f67471f446" testName="Status_CreatedWithEmptyGuidAndEmptyDictionary_StatusIsSuccess" computerName="ICSWS068" duration="00:00:00.0002970" startTime="2016-08-04T09:57:23.3413319+02:00" endTime="2016-08-04T09:57:23.3432403+02:00" testType="13cdc9d9-ddb5-4fa4-a97d-d965ccfc6d4b" outcome="Passed" testListId="8c84fa94-04c1-424b-9868-57a2d4851a1d" relativeResultsDirectory="44e8fd25-afa7-4e72-b18e-131cb5de94d4" />
    <UnitTestResult executionId="d6ed0461-7bce-45f5-b7e1-f947890b2276" testId="ae30738c-64e3-cdad-dec7-9a199e942a94" testName="Status_CreatedWithEmptyGuidAndDictionary_StatusIsSuccess" computerName="ICSWS068" duration="00:00:00.0002988" startTime="2016-08-04T09:57:23.3457529+02:00" endTime="2016-08-04T09:57:23.3472599+02:00" testType="13cdc9d9-ddb5-4fa4-a97d-d965ccfc6d4b" outcome="Passed" testListId="8c84fa94-04c1-424b-9868-57a2d4851a1d" relativeResultsDirectory="d6ed0461-7bce-45f5-b7e1-f947890b2276" />
    <UnitTestResult executionId="5082109c-4c7b-48b6-a218-55f48ab347df" testId="99163588-27f4-ae4b-452a-7e92a662b3f6" testName="InstanceId_CreatedWithNewGuid_InstanceIdIsExpected" computerName="ICSWS068" duration="00:00:00.0006281" startTime="2016-08-04T09:57:23.3492622+02:00" endTime="2016-08-04T09:57:23.3512467+02:00" testType="13cdc9d9-ddb5-4fa4-a97d-d965ccfc6d4b" outcome="Passed" testListId="8c84fa94-04c1-424b-9868-57a2d4851a1d" relativeResultsDirectory="5082109c-4c7b-48b6-a218-55f48ab347df" />
    <UnitTestResult executionId="322af3c8-6d7f-476a-85f6-2a05a68923d9" testId="e97061af-8f35-430a-1bef-328aa683880e" testName="InstanceId_CreatedWithNewGuidAndNull_InstanceIdIsExpected" computerName="ICSWS068" duration="00:00:00.0001950" startTime="2016-08-04T09:57:23.3537481+02:00" endTime="2016-08-04T09:57:23.3557539+02:00" testType="13cdc9d9-ddb5-4fa4-a97d-d965ccfc6d4b" outcome="Passed" testListId="8c84fa94-04c1-424b-9868-57a2d4851a1d" relativeResultsDirectory="322af3c8-6d7f-476a-85f6-2a05a68923d9" />
    <UnitTestResult executionId="29074986-5263-49ec-b476-fb9ecd462887" testId="75844d34-fbff-b56e-6e0e-b27e83d65095" testName="InstanceId_CratedWithNewGuidAndException_InstanceIdIsExpected" computerName="ICSWS068" duration="00:00:00.0002058" startTime="2016-08-04T09:57:23.3577674+02:00" endTime="2016-08-04T09:57:23.3632702+02:00" testType="13cdc9d9-ddb5-4fa4-a97d-d965ccfc6d4b" outcome="Passed" testListId="8c84fa94-04c1-424b-9868-57a2d4851a1d" relativeResultsDirectory="29074986-5263-49ec-b476-fb9ecd462887" />
    <UnitTestResult executionId="9f0e4acd-1e2e-4359-ac06-f7e642f3b2fa" testId="afe38dd5-2932-0e67-86e5-f642fa34c6cd" testName="InstanceId_CreatedWithNewGuidAndEmptyDictionary_InstanceIdIsExpected" computerName="ICSWS068" duration="00:00:00.0001894" startTime="2016-08-04T09:57:23.3657719+02:00" endTime="2016-08-04T09:57:23.3677572+02:00" testType="13cdc9d9-ddb5-4fa4-a97d-d965ccfc6d4b" outcome="Passed" testListId="8c84fa94-04c1-424b-9868-57a2d4851a1d" relativeResultsDirectory="9f0e4acd-1e2e-4359-ac06-f7e642f3b2fa" />
    <UnitTestResult executionId="0160665a-ba9b-439d-b924-d53349e389c8" testId="c34a7746-18f2-6cc3-c572-47603a1268f5" testName="InstanceId_CreatedWithNewGuidAndDictionary_InstanceIdIsExpected" computerName="ICSWS068" duration="00:00:00.0002011" startTime="2016-08-04T09:57:23.3707610+02:00" endTime="2016-08-04T09:57:23.3712601+02:00" testType="13cdc9d9-ddb5-4fa4-a97d-d965ccfc6d4b" outcome="Passed" testListId="8c84fa94-04c1-424b-9868-57a2d4851a1d" relativeResultsDirectory="0160665a-ba9b-439d-b924-d53349e389c8" />
    <UnitTestResult executionId="ed6f67a1-d953-435e-a217-ac80126807df" testId="649d59cd-f996-8363-8ea8-6353f73b45a0" testName="InstanceId_CreatedWithEmptyGuid_InstanceIdIsExpected" computerName="ICSWS068" duration="00:00:00.0001856" startTime="2016-08-04T09:57:23.3752234+02:00" endTime="2016-08-04T09:57:23.3762401+02:00" testType="13cdc9d9-ddb5-4fa4-a97d-d965ccfc6d4b" outcome="Passed" testListId="8c84fa94-04c1-424b-9868-57a2d4851a1d" relativeResultsDirectory="ed6f67a1-d953-435e-a217-ac80126807df" />
    <UnitTestResult executionId="c9e0befc-febe-4385-bd37-360b6df83f25" testId="0502cc53-ca79-d123-aec0-802c61880667" testName="InstanceId_CreatedWithEmptyGuidAndNull_InstanceIdIsExpected" computerName="ICSWS068" duration="00:00:00.0001706" startTime="2016-08-04T09:57:23.3787292+02:00" endTime="2016-08-04T09:57:23.3797473+02:00" testType="13cdc9d9-ddb5-4fa4-a97d-d965ccfc6d4b" outcome="Passed" testListId="8c84fa94-04c1-424b-9868-57a2d4851a1d" relativeResultsDirectory="c9e0befc-febe-4385-bd37-360b6df83f25" />
    <UnitTestResult executionId="a2e46831-7fac-42c5-bb17-ae8a08ec26c8" testId="ac13d302-9e8a-108c-6620-a7d13f0cf59b" testName="InstanceId_CratedWithEmptyGuidAndException_InstanceIdIsExpected" computerName="ICSWS068" duration="00:00:00.0001703" startTime="2016-08-04T09:57:23.3817280+02:00" endTime="2016-08-04T09:57:23.3832162+02:00" testType="13cdc9d9-ddb5-4fa4-a97d-d965ccfc6d4b" outcome="Passed" testListId="8c84fa94-04c1-424b-9868-57a2d4851a1d" relativeResultsDirectory="a2e46831-7fac-42c5-bb17-ae8a08ec26c8" />
    <UnitTestResult executionId="c752ecec-e54e-4f92-982e-6f94aaa83559" testId="bd75e0b2-2332-ccb5-9402-215df05a3cd2" testName="InstanceId_CreatedWithEmptyGuidAndEmptyDictionary_InstanceIdIsExpected" computerName="ICSWS068" duration="00:00:00.0001938" startTime="2016-08-04T09:57:23.3862200+02:00" endTime="2016-08-04T09:57:23.3877366+02:00" testType="13cdc9d9-ddb5-4fa4-a97d-d965ccfc6d4b" outcome="Passed" testListId="8c84fa94-04c1-424b-9868-57a2d4851a1d" relativeResultsDirectory="c752ecec-e54e-4f92-982e-6f94aaa83559" />
    <UnitTestResult executionId="a6fec097-0ef7-463a-b6e0-78408665cc06" testId="ba43bb74-95aa-0166-45e9-80bd64e2b6a6" testName="InstanceId_CreatedWithEmptyGuidAndDictionary_InstanceIdIsExpected" computerName="ICSWS068" duration="00:00:00.0001806" startTime="2016-08-04T09:57:23.3902225+02:00" endTime="2016-08-04T09:57:23.3912249+02:00" testType="13cdc9d9-ddb5-4fa4-a97d-d965ccfc6d4b" outcome="Passed" testListId="8c84fa94-04c1-424b-9868-57a2d4851a1d" relativeResultsDirectory="a6fec097-0ef7-463a-b6e0-78408665cc06" />
    <UnitTestResult executionId="b7f0100a-e9b6-4685-a401-07eef737f27d" testId="fd1644ef-0344-87c8-0cbf-4b7dacabc9c8" testName="Output_CreatedWithNewGuid_OutputIsEmpty" computerName="ICSWS068" duration="00:00:00.0001609" startTime="2016-08-04T09:57:23.3939166+02:00" endTime="2016-08-04T09:57:23.3949175+02:00" testType="13cdc9d9-ddb5-4fa4-a97d-d965ccfc6d4b" outcome="Passed" testListId="8c84fa94-04c1-424b-9868-57a2d4851a1d" relativeResultsDirectory="b7f0100a-e9b6-4685-a401-07eef737f27d" />
    <UnitTestResult executionId="9634df5b-5841-42b9-846f-85991192a602" testId="c13cd09c-2108-d74f-96c6-d1307065ea50" testName="Output_CreatedWithNewGuidAndNull_OutputIsEmpty" computerName="ICSWS068" duration="00:00:00.0001583" startTime="2016-08-04T09:57:23.3974189+02:00" endTime="2016-08-04T09:57:23.3984212+02:00" testType="13cdc9d9-ddb5-4fa4-a97d-d965ccfc6d4b" outcome="Passed" testListId="8c84fa94-04c1-424b-9868-57a2d4851a1d" relativeResultsDirectory="9634df5b-5841-42b9-846f-85991192a602" />
    <UnitTestResult executionId="29fdc087-e293-4e32-a6b5-baf6f8585942" testId="1cb72e01-e7b7-8365-b78d-0f9ae612f18f" testName="Output_CratedWithNewGuidAndException_OutputIsEmpty" computerName="ICSWS068" duration="00:00:00.0002017" startTime="2016-08-04T09:57:23.4009221+02:00" endTime="2016-08-04T09:57:23.4024226+02:00" testType="13cdc9d9-ddb5-4fa4-a97d-d965ccfc6d4b" outcome="Passed" testListId="8c84fa94-04c1-424b-9868-57a2d4851a1d" relativeResultsDirectory="29fdc087-e293-4e32-a6b5-baf6f8585942" />
    <UnitTestResult executionId="1ed98001-a605-439d-9194-bc2b292f05d8" testId="529bd1e6-c88b-24a3-b254-6751f42605ef" testName="Output_CreatedWithNewGuidAndEmptyDictionary_OutputIsExpected" computerName="ICSWS068" duration="00:00:00.0002222" startTime="2016-08-04T09:57:23.4054405+02:00" endTime="2016-08-04T09:57:23.4069266+02:00" testType="13cdc9d9-ddb5-4fa4-a97d-d965ccfc6d4b" outcome="Passed" testListId="8c84fa94-04c1-424b-9868-57a2d4851a1d" relativeResultsDirectory="1ed98001-a605-439d-9194-bc2b292f05d8" />
    <UnitTestResult executionId="4641df4d-c509-4a4d-a4c4-772f5a5100e8" testId="366fb0f3-ce94-51b8-8408-2f7ec3ee7f5a" testName="Output_CreatedWithNewGuidAndDictionary_OutputIsExpected" computerName="ICSWS068" duration="00:00:00.0001598" startTime="2016-08-04T09:57:23.4094284+02:00" endTime="2016-08-04T09:57:23.4104454+02:00" testType="13cdc9d9-ddb5-4fa4-a97d-d965ccfc6d4b" outcome="Passed" testListId="8c84fa94-04c1-424b-9868-57a2d4851a1d" relativeResultsDirectory="4641df4d-c509-4a4d-a4c4-772f5a5100e8" />
    <UnitTestResult executionId="21e7fcef-438a-47dc-8be8-1d44b559efe3" testId="f7ed9ec9-b7ab-208a-dadd-784a00402494" testName="Output_CreatedWithEmptyGuid_OutputIsEmpty" computerName="ICSWS068" duration="00:00:00.0001653" startTime="2016-08-04T09:57:23.4129345+02:00" endTime="2016-08-04T09:57:23.4144365+02:00" testType="13cdc9d9-ddb5-4fa4-a97d-d965ccfc6d4b" outcome="Passed" testListId="8c84fa94-04c1-424b-9868-57a2d4851a1d" relativeResultsDirectory="21e7fcef-438a-47dc-8be8-1d44b559efe3" />
    <UnitTestResult executionId="ce93a1a7-25d4-4361-be42-0b3b207bd959" testId="c3108a1c-4466-6317-7866-a9febd22eeb3" testName="Output_CreatedWithEmptyGuidAndNull_OutputIsEmpty" computerName="ICSWS068" duration="00:00:00.0001765" startTime="2016-08-04T09:57:23.4169382+02:00" endTime="2016-08-04T09:57:23.4184388+02:00" testType="13cdc9d9-ddb5-4fa4-a97d-d965ccfc6d4b" outcome="Passed" testListId="8c84fa94-04c1-424b-9868-57a2d4851a1d" relativeResultsDirectory="ce93a1a7-25d4-4361-be42-0b3b207bd959" />
    <UnitTestResult executionId="baf1f130-e2ea-40fb-aa1b-8299e7ed9245" testId="f573932f-9c65-6f25-4fb4-8cd67a7019e4" testName="Output_CratedWithEmptyGuidAndException_OutputIsEmpty" computerName="ICSWS068" duration="00:00:00.0001774" startTime="2016-08-04T09:57:23.4209575+02:00" endTime="2016-08-04T09:57:23.4219413+02:00" testType="13cdc9d9-ddb5-4fa4-a97d-d965ccfc6d4b" outcome="Passed" testListId="8c84fa94-04c1-424b-9868-57a2d4851a1d" relativeResultsDirectory="baf1f130-e2ea-40fb-aa1b-8299e7ed9245" />
    <UnitTestResult executionId="c35a9792-a204-4043-a408-c43cfb67604b" testId="ccd6e310-afb2-4c6e-9c3b-5032a2caa327" testName="Output_CreatedWithEmptyGuidAndEmptyDictionary_OutputIsExpected" computerName="ICSWS068" duration="00:00:00.0001897" startTime="2016-08-04T09:57:23.4250319+02:00" endTime="2016-08-04T09:57:23.4265492+02:00" testType="13cdc9d9-ddb5-4fa4-a97d-d965ccfc6d4b" outcome="Passed" testListId="8c84fa94-04c1-424b-9868-57a2d4851a1d" relativeResultsDirectory="c35a9792-a204-4043-a408-c43cfb67604b" />
    <UnitTestResult executionId="ff910a69-4bf4-46d8-9707-540bf0212928" testId="980c434e-aae5-bfe2-af2a-880b655a61d4" testName="Output_CreatedWithEmptyGuidAndDictionary_OutputIsExpected" computerName="ICSWS068" duration="00:00:00.0002190" startTime="2016-08-04T09:57:23.4290348+02:00" endTime="2016-08-04T09:57:23.4305353+02:00" testType="13cdc9d9-ddb5-4fa4-a97d-d965ccfc6d4b" outcome="Passed" testListId="8c84fa94-04c1-424b-9868-57a2d4851a1d" relativeResultsDirectory="ff910a69-4bf4-46d8-9707-540bf0212928" />
    <UnitTestResult executionId="462fada5-e3e2-41cc-9b1c-6041ad88524f" testId="e61ee609-6b29-0e1d-6c27-ab65eb1e8180" testName="Error_CreatedWithNewGuid_ErrorIsNull" computerName="ICSWS068" duration="00:00:00.0001416" startTime="2016-08-04T09:57:23.4330394+02:00" endTime="2016-08-04T09:57:23.4345408+02:00" testType="13cdc9d9-ddb5-4fa4-a97d-d965ccfc6d4b" outcome="Passed" testListId="8c84fa94-04c1-424b-9868-57a2d4851a1d" relativeResultsDirectory="462fada5-e3e2-41cc-9b1c-6041ad88524f" />
    <UnitTestResult executionId="585f1821-b95f-454b-8ba8-eaa8b7249407" testId="b66e7ceb-49fc-ffc9-c5ca-0ecb356886b2" testName="Error_CreatedWithNewGuidAndNull_ErrorIsNull" computerName="ICSWS068" duration="00:00:00.0001554" startTime="2016-08-04T09:57:23.4370431+02:00" endTime="2016-08-04T09:57:23.4380446+02:00" testType="13cdc9d9-ddb5-4fa4-a97d-d965ccfc6d4b" outcome="Passed" testListId="8c84fa94-04c1-424b-9868-57a2d4851a1d" relativeResultsDirectory="585f1821-b95f-454b-8ba8-eaa8b7249407" />
    <UnitTestResult executionId="76c73ccb-1bd7-4bfe-a470-56e4f0741ed3" testId="84cbb383-0711-af29-9c5e-6cc1f87c37d4" testName="Error_CratedWithNewGuidAndException_ErrorIsExpected" computerName="ICSWS068" duration="00:00:00.0001554" startTime="2016-08-04T09:57:23.4405607+02:00" endTime="2016-08-04T09:57:23.4415624+02:00" testType="13cdc9d9-ddb5-4fa4-a97d-d965ccfc6d4b" outcome="Passed" testListId="8c84fa94-04c1-424b-9868-57a2d4851a1d" relativeResultsDirectory="76c73ccb-1bd7-4bfe-a470-56e4f0741ed3" />
    <UnitTestResult executionId="8c56ce26-153c-4e0b-b64b-f187e945f75d" testId="2a4b4744-ea79-8f5d-f849-93b503c6eb6e" testName="Error_CreatedWithNewGuidAndEmptyDictionary_ErrorIsNull" computerName="ICSWS068" duration="00:00:00.0001240" startTime="2016-08-04T09:57:23.4440732+02:00" endTime="2016-08-04T09:57:23.4455750+02:00" testType="13cdc9d9-ddb5-4fa4-a97d-d965ccfc6d4b" outcome="Passed" testListId="8c84fa94-04c1-424b-9868-57a2d4851a1d" relativeResultsDirectory="8c56ce26-153c-4e0b-b64b-f187e945f75d" />
    <UnitTestResult executionId="fb21f14b-1e4a-41b9-ae50-99231743e326" testId="1fb7c1eb-c06a-eeed-8a32-c60118f153db" testName="Error_CreatedWithNewGuidAndDictionary_ErrorIsNull" computerName="ICSWS068" duration="00:00:00.0001363" startTime="2016-08-04T09:57:23.4475603+02:00" endTime="2016-08-04T09:57:23.4490623+02:00" testType="13cdc9d9-ddb5-4fa4-a97d-d965ccfc6d4b" outcome="Passed" testListId="8c84fa94-04c1-424b-9868-57a2d4851a1d" relativeResultsDirectory="fb21f14b-1e4a-41b9-ae50-99231743e326" />
    <UnitTestResult executionId="0bdf7ca7-f91f-4cdd-acbc-ee871f754430" testId="3f3230c6-245e-fe1b-6a8f-89be2ca62745" testName="Error_CreatedWithEmptyGuid_ErrorIsNull" computerName="ICSWS068" duration="00:00:00.0001961" startTime="2016-08-04T09:57:23.4515628+02:00" endTime="2016-08-04T09:57:23.4530640+02:00" testType="13cdc9d9-ddb5-4fa4-a97d-d965ccfc6d4b" outcome="Passed" testListId="8c84fa94-04c1-424b-9868-57a2d4851a1d" relativeResultsDirectory="0bdf7ca7-f91f-4cdd-acbc-ee871f754430" />
    <UnitTestResult executionId="da69d156-4b95-48f3-b7d8-b535756e677f" testId="18824efd-59fa-024b-2d3a-f7d85b7866e3" testName="Error_CreatedWithEmptyGuidAndNull_ErrorIsNull" computerName="ICSWS068" duration="00:00:00.0001407" startTime="2016-08-04T09:57:23.4555812+02:00" endTime="2016-08-04T09:57:23.4570674+02:00" testType="13cdc9d9-ddb5-4fa4-a97d-d965ccfc6d4b" outcome="Passed" testListId="8c84fa94-04c1-424b-9868-57a2d4851a1d" relativeResultsDirectory="da69d156-4b95-48f3-b7d8-b535756e677f" />
    <UnitTestResult executionId="da686449-3497-4b99-95d6-ed7f72c27a65" testId="56ac3ad1-7a21-8d2d-7a3b-8ed9b692eaef" testName="Error_CratedWithEmptyGuidAndException_ErrorIsExpected" computerName="ICSWS068" duration="00:00:00.0001498" startTime="2016-08-04T09:57:23.4595686+02:00" endTime="2016-08-04T09:57:23.4605691+02:00" testType="13cdc9d9-ddb5-4fa4-a97d-d965ccfc6d4b" outcome="Passed" testListId="8c84fa94-04c1-424b-9868-57a2d4851a1d" relativeResultsDirectory="da686449-3497-4b99-95d6-ed7f72c27a65" />
    <UnitTestResult executionId="7b5936a8-f126-46b7-91b3-3e426c7ec3db" testId="f9a2ef73-aa90-b4bf-28c2-261b03c5537d" testName="Error_CreatedWithEmptyGuidAndEmptyDictionary_ErrorIsNull" computerName="ICSWS068" duration="00:00:00.0001451" startTime="2016-08-04T09:57:23.4640720+02:00" endTime="2016-08-04T09:57:23.4655729+02:00" testType="13cdc9d9-ddb5-4fa4-a97d-d965ccfc6d4b" outcome="Passed" testListId="8c84fa94-04c1-424b-9868-57a2d4851a1d" relativeResultsDirectory="7b5936a8-f126-46b7-91b3-3e426c7ec3db" />
    <UnitTestResult executionId="57bd8e21-c3b2-4fc1-8cfc-c4e24a07f505" testId="87c7493d-2714-8223-d6ab-30bb87885e7a" testName="Error_CreatedWithEmptyGuidAndDictionary_ErrorIsNull" computerName="ICSWS068" duration="00:00:00.0002035" startTime="2016-08-04T09:57:23.4685757+02:00" endTime="2016-08-04T09:57:23.4705778+02:00" testType="13cdc9d9-ddb5-4fa4-a97d-d965ccfc6d4b" outcome="Passed" testListId="8c84fa94-04c1-424b-9868-57a2d4851a1d" relativeResultsDirectory="57bd8e21-c3b2-4fc1-8cfc-c4e24a07f505" />
    <UnitTestResult executionId="cffd2b95-fe7a-4d92-b7fd-280712998149" testId="cfd3737f-ac69-298d-db6b-db9b9fb5e707" testName="TimeoutExtension_TimerAddedAndCancelled_TimerCallbackNotCalledAndTimerRemoved" computerName="ICSWS068" duration="00:00:00.1320526" startTime="2016-08-04T09:57:23.4730968+02:00" endTime="2016-08-04T09:57:23.6061024+02:00" testType="13cdc9d9-ddb5-4fa4-a97d-d965ccfc6d4b" outcome="Passed" testListId="8c84fa94-04c1-424b-9868-57a2d4851a1d" relativeResultsDirectory="cffd2b95-fe7a-4d92-b7fd-280712998149" />
    <UnitTestResult executionId="0559f10e-2f30-4dcb-a85c-9be92347748a" testId="259a79cc-0ad4-dc59-7250-488453d550bf" testName="TimeoutExtension_TimerAddedAndTimeoutOccurs_ActivityNotified" computerName="ICSWS068" duration="00:00:00.0049594" startTime="2016-08-04T09:57:23.6090895+02:00" endTime="2016-08-04T09:57:23.6152973+02:00" testType="13cdc9d9-ddb5-4fa4-a97d-d965ccfc6d4b" outcome="Passed" testListId="8c84fa94-04c1-424b-9868-57a2d4851a1d" relativeResultsDirectory="0559f10e-2f30-4dcb-a85c-9be92347748a" />
    <UnitTestResult executionId="1e980b2b-047d-463a-bf6d-46cb8b73320d" testId="fca089cb-ac8a-15f1-f6c6-92ad91ac0caf" testName="ConstructorTest_PropertyErrorIsNull" computerName="ICSWS068" duration="00:00:00.0006234" startTime="2016-08-04T09:57:23.6182990+02:00" endTime="2016-08-04T09:57:23.6203019+02:00" testType="13cdc9d9-ddb5-4fa4-a97d-d965ccfc6d4b" outcome="Passed" testListId="8c84fa94-04c1-424b-9868-57a2d4851a1d" relativeResultsDirectory="1e980b2b-047d-463a-bf6d-46cb8b73320d" />
    <UnitTestResult executionId="49458a97-0321-42f6-b773-63d24991187a" testId="d08d992c-7301-21fe-f258-bbdd2d14b1db" testName="ConstructorTest_PropertyExecuteContextIsSet" computerName="ICSWS068" duration="00:00:00.0002876" startTime="2016-08-04T09:57:23.6232945+02:00" endTime="2016-08-04T09:57:23.6247954+02:00" testType="13cdc9d9-ddb5-4fa4-a97d-d965ccfc6d4b" outcome="Passed" testListId="8c84fa94-04c1-424b-9868-57a2d4851a1d" relativeResultsDirectory="49458a97-0321-42f6-b773-63d24991187a" />
    <UnitTestResult executionId="30a98dae-2b8d-418f-a3e0-b6b2a677cf56" testId="eb031932-6603-a1b4-12b9-9c964fdb63f9" testName="ConstructorTest_PropertyIsCancellableIsFalse" computerName="ICSWS068" duration="00:00:00.0030729" startTime="2016-08-04T09:57:23.6268147+02:00" endTime="2016-08-04T09:57:23.6313014+02:00" testType="13cdc9d9-ddb5-4fa4-a97d-d965ccfc6d4b" outcome="Passed" testListId="8c84fa94-04c1-424b-9868-57a2d4851a1d" relativeResultsDirectory="30a98dae-2b8d-418f-a3e0-b6b2a677cf56" />
    <UnitTestResult executionId="d6101750-70ff-4cb8-8cad-09ff07e35013" testId="f52e6bc2-3d1f-f0e6-c453-8456f4effebc" testName="ConstructorTest_PropertyStateIsCreated" computerName="ICSWS068" duration="00:00:00.0002580" startTime="2016-08-04T09:57:23.6338020+02:00" endTime="2016-08-04T09:57:23.6353031+02:00" testType="13cdc9d9-ddb5-4fa4-a97d-d965ccfc6d4b" outcome="Passed" testListId="8c84fa94-04c1-424b-9868-57a2d4851a1d" relativeResultsDirectory="d6101750-70ff-4cb8-8cad-09ff07e35013" />
    <UnitTestResult executionId="2e24a414-bc61-4c98-9384-23223c703f06" testId="9ac50896-c804-9487-2131-7ee497b7ef61" testName="EnterCancellableSection_NotInCancellableSection_IsCancellableIsTrue" computerName="ICSWS068" duration="00:00:00.0006765" startTime="2016-08-04T09:57:23.6383057+02:00" endTime="2016-08-04T09:57:23.6403238+02:00" testType="13cdc9d9-ddb5-4fa4-a97d-d965ccfc6d4b" outcome="Passed" testListId="8c84fa94-04c1-424b-9868-57a2d4851a1d" relativeResultsDirectory="2e24a414-bc61-4c98-9384-23223c703f06" />
    <UnitTestResult executionId="76d0db40-acd8-4a0c-a64e-2ad3bdfb6931" testId="9f8463be-65ee-6c4d-2553-24ce5935e550" testName="EnterCancellableSection_InCancellableSection_IsCancellableIsTrue" computerName="ICSWS068" duration="00:00:00.0001838" startTime="2016-08-04T09:57:23.6428086+02:00" endTime="2016-08-04T09:57:23.6443091+02:00" testType="13cdc9d9-ddb5-4fa4-a97d-d965ccfc6d4b" outcome="Passed" testListId="8c84fa94-04c1-424b-9868-57a2d4851a1d" relativeResultsDirectory="76d0db40-acd8-4a0c-a64e-2ad3bdfb6931" />
    <UnitTestResult executionId="541c2cb9-37ff-4493-89c5-0be4ac5b8b57" testId="8db89ad5-f8eb-6af8-8c52-aab72725b61b" testName="ExitCancellableSection_NotInCancellableSection_IsCancellableIsFalse" computerName="ICSWS068" duration="00:00:00.0002859" startTime="2016-08-04T09:57:23.6468281+02:00" endTime="2016-08-04T09:57:23.6483123+02:00" testType="13cdc9d9-ddb5-4fa4-a97d-d965ccfc6d4b" outcome="Passed" testListId="8c84fa94-04c1-424b-9868-57a2d4851a1d" relativeResultsDirectory="541c2cb9-37ff-4493-89c5-0be4ac5b8b57" />
    <UnitTestResult executionId="4335e3a8-b16b-4bad-897b-e26f8a7323f3" testId="bf537e6d-18c0-ab3a-4571-c6303dd57cb1" testName="ExitCancellableSection_NotInCancellableSectionExitCalledTwice_IsCancellableIsFalse" computerName="ICSWS068" duration="00:00:00.0002038" startTime="2016-08-04T09:57:23.6503137+02:00" endTime="2016-08-04T09:57:23.6523148+02:00" testType="13cdc9d9-ddb5-4fa4-a97d-d965ccfc6d4b" outcome="Passed" testListId="8c84fa94-04c1-424b-9868-57a2d4851a1d" relativeResultsDirectory="4335e3a8-b16b-4bad-897b-e26f8a7323f3" />
    <UnitTestResult executionId="635018c3-101a-4981-9ecd-c8fadf87923e" testId="36a33465-9e74-8df2-3e73-a73eafd3e771" testName="ExitCancellableSection_EnterSectionCalledTwice_IsCancellableIsTrue" computerName="ICSWS068" duration="00:00:00.0001791" startTime="2016-08-04T09:57:23.6553180+02:00" endTime="2016-08-04T09:57:23.6568359+02:00" testType="13cdc9d9-ddb5-4fa4-a97d-d965ccfc6d4b" outcome="Passed" testListId="8c84fa94-04c1-424b-9868-57a2d4851a1d" relativeResultsDirectory="635018c3-101a-4981-9ecd-c8fadf87923e" />
    <UnitTestResult executionId="d6c06f70-91fd-4986-838c-d21cdf576cbf" testId="79f21b7a-08cd-0020-2b48-4fa8c5738f06" testName="ExitCancellableSection_EnterSectionCalledTwiceAndExitCalledTwice_IsCancellableIsFalse" computerName="ICSWS068" duration="00:00:00.0001633" startTime="2016-08-04T09:57:23.6593221+02:00" endTime="2016-08-04T09:57:23.6603364+02:00" testType="13cdc9d9-ddb5-4fa4-a97d-d965ccfc6d4b" outcome="Passed" testListId="8c84fa94-04c1-424b-9868-57a2d4851a1d" relativeResultsDirectory="d6c06f70-91fd-4986-838c-d21cdf576cbf" />
    <UnitTestResult executionId="8afa5f50-6246-4f0b-bd51-392b7bb67bbb" testId="7641e010-b7e6-55db-d188-8e3470a55833" testName="EnterCancellableSection_CancelHasBeenInvokedPreviously_CancellationMethodIsInvoked" computerName="ICSWS068" duration="00:00:00.1008955" startTime="2016-08-04T09:57:23.6623223+02:00" endTime="2016-08-04T09:57:23.7648613+02:00" testType="13cdc9d9-ddb5-4fa4-a97d-d965ccfc6d4b" outcome="Passed" testListId="8c84fa94-04c1-424b-9868-57a2d4851a1d" relativeResultsDirectory="8afa5f50-6246-4f0b-bd51-392b7bb67bbb" />
    <UnitTestResult executionId="1a96fffb-cd47-43b5-9da9-eaf6c93f74be" testId="e244983f-b0f2-b23a-db0a-f5d3f02e1dfd" testName="Deserialize_StreamWithSerializedData_ShouldReturnExpectedInstance" computerName="ICSWS068" duration="00:00:00.0041198" startTime="2016-08-04T09:57:23.7673645+02:00" endTime="2016-08-04T09:57:23.7729025+02:00" testType="13cdc9d9-ddb5-4fa4-a97d-d965ccfc6d4b" outcome="Passed" testListId="8c84fa94-04c1-424b-9868-57a2d4851a1d" relativeResultsDirectory="1a96fffb-cd47-43b5-9da9-eaf6c93f74be" />
    <UnitTestResult executionId="08c9b160-506a-4c16-ba4a-ba7cb3fc7a4e" testId="4acf34ff-6bfc-31fd-c40d-6f59db0c74fb" testName="FromByteArray_ArraySerializedData_ShouldReturnExpectedInstance" computerName="ICSWS068" duration="00:00:00.0005504" startTime="2016-08-04T09:57:23.7758881+02:00" endTime="2016-08-04T09:57:23.7773904+02:00" testType="13cdc9d9-ddb5-4fa4-a97d-d965ccfc6d4b" outcome="Passed" testListId="8c84fa94-04c1-424b-9868-57a2d4851a1d" relativeResultsDirectory="08c9b160-506a-4c16-ba4a-ba7cb3fc7a4e" />
    <UnitTestResult executionId="d0fe601d-b326-4b11-88df-276f86e6ffa9" testId="8fc9b556-e204-adc5-895f-e663bce460bb" testName="Deserialize_TruncatedStream_ShouldThrowInvalidDataException" computerName="ICSWS068" duration="00:00:00.0007665" startTime="2016-08-04T09:57:23.7799062+02:00" endTime="2016-08-04T09:57:23.7819100+02:00" testType="13cdc9d9-ddb5-4fa4-a97d-d965ccfc6d4b" outcome="Passed" testListId="8c84fa94-04c1-424b-9868-57a2d4851a1d" relativeResultsDirectory="d0fe601d-b326-4b11-88df-276f86e6ffa9" />
    <UnitTestResult executionId="2bb58470-6fc1-4590-ae8c-d6491856d19e" testId="d1a37a95-762e-4b0b-cb47-f60591956038" testName="Deserialize_CorruptData_ShouldThrowInvalidDataException" computerName="ICSWS068" duration="00:00:00.0007803" startTime="2016-08-04T09:57:23.7845378+02:00" endTime="2016-08-04T09:57:23.7870392+02:00" testType="13cdc9d9-ddb5-4fa4-a97d-d965ccfc6d4b" outcome="Passed" testListId="8c84fa94-04c1-424b-9868-57a2d4851a1d" relativeResultsDirectory="2bb58470-6fc1-4590-ae8c-d6491856d19e" />
    <UnitTestResult executionId="c0b7556d-fbe1-4888-b20e-02610dd58fec" testId="30383d9d-eae2-d417-b5a6-0ed4c318a533" testName="CreateMessage_AllTypes_Works" computerName="ICSWS068" duration="00:00:00.0018240" startTime="2016-08-04T09:57:23.7895410+02:00" endTime="2016-08-04T09:57:23.7925597+02:00" testType="13cdc9d9-ddb5-4fa4-a97d-d965ccfc6d4b" outcome="Passed" testListId="8c84fa94-04c1-424b-9868-57a2d4851a1d" relativeResultsDirectory="c0b7556d-fbe1-4888-b20e-02610dd58fec" />
    <UnitTestResult executionId="7e530e85-64f6-4353-ad39-edda088b6ad1" testId="9165b7bc-1aa5-c389-71eb-623bb0eadc65" testName="Constructor_NullArguments_ThrowsArgumentNullException" computerName="ICSWS068" duration="00:00:00.0051230" startTime="2016-08-04T09:57:23.7950629+02:00" endTime="2016-08-04T09:57:23.8015674+02:00" testType="13cdc9d9-ddb5-4fa4-a97d-d965ccfc6d4b" outcome="Passed" testListId="8c84fa94-04c1-424b-9868-57a2d4851a1d" relativeResultsDirectory="7e530e85-64f6-4353-ad39-edda088b6ad1" />
    <UnitTestResult executionId="38b37de8-ea91-45b2-8caa-df1ab7c478ec" testId="69866611-ea6f-4a52-eb42-cf268ea18392" testName="Constructor_EmptyArgument_ThrowsArgumentNullException" computerName="ICSWS068" duration="00:00:00.0006823" startTime="2016-08-04T09:57:23.8045697+02:00" endTime="2016-08-04T09:57:23.8065726+02:00" testType="13cdc9d9-ddb5-4fa4-a97d-d965ccfc6d4b" outcome="Passed" testListId="8c84fa94-04c1-424b-9868-57a2d4851a1d" relativeResultsDirectory="38b37de8-ea91-45b2-8caa-df1ab7c478ec" />
    <UnitTestResult executionId="c1472d6a-6b09-4a24-a717-7ba1ca77b0d0" testId="e088ac29-9130-8a25-b2d7-734f87064c17" testName="AddOperation_NullOperation_ThrowsArgumentNullException" computerName="ICSWS068" duration="00:00:00.0008466" startTime="2016-08-04T09:57:23.8090729+02:00" endTime="2016-08-04T09:57:23.8110910+02:00" testType="13cdc9d9-ddb5-4fa4-a97d-d965ccfc6d4b" outcome="Passed" testListId="8c84fa94-04c1-424b-9868-57a2d4851a1d" relativeResultsDirectory="c1472d6a-6b09-4a24-a717-7ba1ca77b0d0" />
    <UnitTestResult executionId="9d9aec0d-ae06-4c56-932e-f0073668996c" testId="bc69573f-4426-b0e7-05ce-ab40c4ab5495" testName="AddOperation_NullPriority_Succeeds" computerName="ICSWS068" duration="00:00:00.0134815" startTime="2016-08-04T09:57:23.8136124+02:00" endTime="2016-08-04T09:57:23.8281054+02:00" testType="13cdc9d9-ddb5-4fa4-a97d-d965ccfc6d4b" outcome="Passed" testListId="8c84fa94-04c1-424b-9868-57a2d4851a1d" relativeResultsDirectory="9d9aec0d-ae06-4c56-932e-f0073668996c" />
    <UnitTestResult executionId="b655d5d8-ebbb-440d-8888-4bd1e649409a" testId="f49f3404-72cb-ff79-c54d-af91a456dc32" testName="Run_SingleOperation_BeginOperationIsCalled" computerName="ICSWS068" duration="00:00:00.0072895" startTime="2016-08-04T09:57:23.8311083+02:00" endTime="2016-08-04T09:57:23.8396337+02:00" testType="13cdc9d9-ddb5-4fa4-a97d-d965ccfc6d4b" outcome="Passed" testListId="8c84fa94-04c1-424b-9868-57a2d4851a1d" relativeResultsDirectory="b655d5d8-ebbb-440d-8888-4bd1e649409a" />
    <UnitTestResult executionId="f0c53242-4f70-4eb9-88f8-92d95139ac77" testId="b3766366-8002-06b2-199c-3e7dfaa8655d" testName="Run_SingleOperationCompletes_EndOperationIsCalled" computerName="ICSWS068" duration="00:00:00.0031664" startTime="2016-08-04T09:57:23.8421527+02:00" endTime="2016-08-04T09:57:23.8469447+02:00" testType="13cdc9d9-ddb5-4fa4-a97d-d965ccfc6d4b" outcome="Passed" testListId="8c84fa94-04c1-424b-9868-57a2d4851a1d" relativeResultsDirectory="f0c53242-4f70-4eb9-88f8-92d95139ac77" />
    <UnitTestResult executionId="67278a44-41e1-4a05-9bd7-803f57e26cf3" testId="c4d471ab-ae1f-20ba-a853-93496e325da6" testName="Run_SingleOperationCompletes_BeginOperationIsCalled" computerName="ICSWS068" duration="00:00:00.0028324" startTime="2016-08-04T09:57:23.8494479+02:00" endTime="2016-08-04T09:57:23.8534493+02:00" testType="13cdc9d9-ddb5-4fa4-a97d-d965ccfc6d4b" outcome="Passed" testListId="8c84fa94-04c1-424b-9868-57a2d4851a1d" relativeResultsDirectory="67278a44-41e1-4a05-9bd7-803f57e26cf3" />
    <UnitTestResult executionId="999ffa67-7151-4c8e-9521-9ce706605c84" testId="570ab476-1b88-0635-4ec4-9ca6d491b803" testName="Run_EndOperationThrows_BeginOperationIsCalled" computerName="ICSWS068" duration="00:00:00.0277588" startTime="2016-08-04T09:57:23.8574521+02:00" endTime="2016-08-04T09:57:23.8866123+02:00" testType="13cdc9d9-ddb5-4fa4-a97d-d965ccfc6d4b" outcome="Passed" testListId="8c84fa94-04c1-424b-9868-57a2d4851a1d" relativeResultsDirectory="999ffa67-7151-4c8e-9521-9ce706605c84" />
    <UnitTestResult executionId="3bd2ec25-408e-4189-8094-9ae314c08dfd" testId="18b84561-1a7c-daba-08f3-050e879ef021" testName="Run_BeginOperationThrows_BeginOperationIsCalledAgain" computerName="ICSWS068" duration="00:00:00.0284104" startTime="2016-08-04T09:57:23.8891299+02:00" endTime="2016-08-04T09:57:23.9191822+02:00" testType="13cdc9d9-ddb5-4fa4-a97d-d965ccfc6d4b" outcome="Passed" testListId="8c84fa94-04c1-424b-9868-57a2d4851a1d" relativeResultsDirectory="3bd2ec25-408e-4189-8094-9ae314c08dfd" />
    <UnitTestResult executionId="01abf462-e55f-4b44-9225-caf6a4d79cee" testId="64bd02fa-f08d-541e-d5f6-5c2a9a542358" testName="Run_BeginOperationThrows_EndOperationIsNotCalled" computerName="ICSWS068" duration="00:00:02.0016234" startTime="2016-08-04T09:57:23.9216839+02:00" endTime="2016-08-04T09:57:25.9244791+02:00" testType="13cdc9d9-ddb5-4fa4-a97d-d965ccfc6d4b" outcome="Passed" testListId="8c84fa94-04c1-424b-9868-57a2d4851a1d" relativeResultsDirectory="01abf462-e55f-4b44-9225-caf6a4d79cee" />
    <UnitTestResult executionId="6e90bc30-27e5-411b-af1e-2606fd997fad" testId="de92b7be-47b6-96dc-68f5-fcc0937f9363" testName="Run_CancelEventSet_CancelIsCalledOnOperation" computerName="ICSWS068" duration="00:00:00.0030609" startTime="2016-08-04T09:57:25.9279814+02:00" endTime="2016-08-04T09:57:25.9319843+02:00" testType="13cdc9d9-ddb5-4fa4-a97d-d965ccfc6d4b" outcome="Passed" testListId="8c84fa94-04c1-424b-9868-57a2d4851a1d" relativeResultsDirectory="6e90bc30-27e5-411b-af1e-2606fd997fad" />
    <UnitTestResult executionId="07ed92b0-a06c-4484-bf2c-7b429c0f9771" testId="0a924380-efb7-716a-2daa-23ef6bb1885b" testName="Run_OperationCompletes_OnEventOccurredRaised" computerName="ICSWS068" duration="00:00:00.0036744" startTime="2016-08-04T09:57:25.9354904+02:00" endTime="2016-08-04T09:57:25.9404941+02:00" testType="13cdc9d9-ddb5-4fa4-a97d-d965ccfc6d4b" outcome="Passed" testListId="8c84fa94-04c1-424b-9868-57a2d4851a1d" relativeResultsDirectory="07ed92b0-a06c-4484-bf2c-7b429c0f9771" />
    <UnitTestResult executionId="8dd78f79-a05b-421a-b6ae-e8d7c94d38c2" testId="d71903e0-8304-fc32-f6fd-9ec6598bbefb" testName="Run_EndOperationThrows_ErrorEventIsRaised" computerName="ICSWS068" duration="00:00:00.0031336" startTime="2016-08-04T09:57:25.9434996+02:00" endTime="2016-08-04T09:57:25.9485028+02:00" testType="13cdc9d9-ddb5-4fa4-a97d-d965ccfc6d4b" outcome="Passed" testListId="8c84fa94-04c1-424b-9868-57a2d4851a1d" relativeResultsDirectory="8dd78f79-a05b-421a-b6ae-e8d7c94d38c2" />
    <UnitTestResult executionId="ab29df97-9f1d-45e9-8f9c-543978a74ed9" testId="5584c988-d821-d729-6879-b8762ec9d7eb" testName="Run_BeginOperationThrows_ErrorEventIsRaised" computerName="ICSWS068" duration="00:00:00.0016841" startTime="2016-08-04T09:57:25.9515048+02:00" endTime="2016-08-04T09:57:25.9546323+02:00" testType="13cdc9d9-ddb5-4fa4-a97d-d965ccfc6d4b" outcome="Passed" testListId="8c84fa94-04c1-424b-9868-57a2d4851a1d" relativeResultsDirectory="ab29df97-9f1d-45e9-8f9c-543978a74ed9" />
    <UnitTestResult executionId="42e54b36-0954-42dc-ac37-cb2e753cc0fe" testId="8605e4ad-a4f5-13fa-4afd-923d6ed0a383" testName="Run_MultipleOperations_EventsGeneratedInPriorityOrder" computerName="ICSWS068" duration="00:00:00.0025333" startTime="2016-08-04T09:57:25.9576343+02:00" endTime="2016-08-04T09:57:25.9616372+02:00" testType="13cdc9d9-ddb5-4fa4-a97d-d965ccfc6d4b" outcome="Passed" testListId="8c84fa94-04c1-424b-9868-57a2d4851a1d" relativeResultsDirectory="42e54b36-0954-42dc-ac37-cb2e753cc0fe" />
    <UnitTestResult executionId="0edb473a-5a86-45eb-9424-eb6dbd199167" testId="944efe16-6d69-4a63-da75-6bd2eaf6757b" testName="Run_MultipleOperationsWithSamePriority_EventsGeneratedInRoundRobinFashion" computerName="ICSWS068" duration="00:00:00.0011715" startTime="2016-08-04T09:57:25.9646406+02:00" endTime="2016-08-04T09:57:25.9666412+02:00" testType="13cdc9d9-ddb5-4fa4-a97d-d965ccfc6d4b" outcome="Passed" testListId="8c84fa94-04c1-424b-9868-57a2d4851a1d" relativeResultsDirectory="0edb473a-5a86-45eb-9424-eb6dbd199167" />
    <UnitTestResult executionId="92f7d44c-e89b-46e0-ac1e-491f66c03259" testId="7387abe4-0235-f59e-f89d-1ded9cba79ba" testName="AddQueue_NullArgument_ThrowsArgumentException" computerName="ICSWS068" duration="00:00:00.0187312" startTime="2016-08-04T09:57:25.9691429+02:00" endTime="2016-08-04T09:57:25.9896622+02:00" testType="13cdc9d9-ddb5-4fa4-a97d-d965ccfc6d4b" outcome="Passed" testListId="8c84fa94-04c1-424b-9868-57a2d4851a1d" relativeResultsDirectory="92f7d44c-e89b-46e0-ac1e-491f66c03259" />
    <UnitTestResult executionId="68a8fa3f-6b4b-4f4c-8452-9985261b83a9" testId="b2750a01-6045-528f-129b-58bbb9be48b1" testName="AcceptMessages_CancellationWaitHandleSet_MethodReturnsWithoutErrors" computerName="ICSWS068" duration="00:00:00.0593437" startTime="2016-08-04T09:57:25.9916622+02:00" endTime="2016-08-04T09:57:26.0520427+02:00" testType="13cdc9d9-ddb5-4fa4-a97d-d965ccfc6d4b" outcome="Passed" testListId="8c84fa94-04c1-424b-9868-57a2d4851a1d" relativeResultsDirectory="68a8fa3f-6b4b-4f4c-8452-9985261b83a9" />
    <UnitTestResult executionId="2b4e95c2-5f6f-4698-8e55-ed0d01ab4725" testId="25c144e4-461a-a221-2cf7-cda26ec2f5d8" testName="AcceptMessages_SecondCancellationWaitHandleSet_MethodReturnsWithoutErrors" computerName="ICSWS068" duration="00:00:00.0023198" startTime="2016-08-04T09:57:26.0557948+02:00" endTime="2016-08-04T09:57:26.0597815+02:00" testType="13cdc9d9-ddb5-4fa4-a97d-d965ccfc6d4b" outcome="Passed" testListId="8c84fa94-04c1-424b-9868-57a2d4851a1d" relativeResultsDirectory="2b4e95c2-5f6f-4698-8e55-ed0d01ab4725" />
    <UnitTestResult executionId="0820d171-2864-45c9-91f8-049b974325e0" testId="da19397e-0021-4bf1-3eec-60c9f2689f2c" testName="AcceptMessages_PeekModeAndEndPeekThrowsException_ErrorEventRaised" computerName="ICSWS068" duration="00:00:00.0096191" startTime="2016-08-04T09:57:26.0627841+02:00" endTime="2016-08-04T09:57:26.0732916+02:00" testType="13cdc9d9-ddb5-4fa4-a97d-d965ccfc6d4b" outcome="Passed" testListId="8c84fa94-04c1-424b-9868-57a2d4851a1d" relativeResultsDirectory="0820d171-2864-45c9-91f8-049b974325e0" />
    <UnitTestResult executionId="0f310aca-14a2-4934-a266-f47807d4d78d" testId="5d4b739c-55da-a66b-5bac-34d92cc57b37" testName="AcceptMessages_ReceiveModeAndEndReceiveThrowsException_ErrorEventRaised" computerName="ICSWS068" duration="00:00:00.0050708" startTime="2016-08-04T09:57:26.0767930+02:00" endTime="2016-08-04T09:57:26.0818131+02:00" testType="13cdc9d9-ddb5-4fa4-a97d-d965ccfc6d4b" outcome="Passed" testListId="8c84fa94-04c1-424b-9868-57a2d4851a1d" relativeResultsDirectory="0f310aca-14a2-4934-a266-f47807d4d78d" />
    <UnitTestResult executionId="7b7643ba-cc79-476f-a243-f50ca7f82416" testId="6a127c5b-2111-9ff3-ce2e-dcfc3db91484" testName="AcceptMessages_NullArgument_ThrowsArgumentNullException" computerName="ICSWS068" duration="00:00:00.0032160" startTime="2016-08-04T09:57:26.0852142+02:00" endTime="2016-08-04T09:57:26.0897165+02:00" testType="13cdc9d9-ddb5-4fa4-a97d-d965ccfc6d4b" outcome="Passed" testListId="8c84fa94-04c1-424b-9868-57a2d4851a1d" relativeResultsDirectory="7b7643ba-cc79-476f-a243-f50ca7f82416" />
    <UnitTestResult executionId="282610d6-1f8d-46e5-9ec8-ebbe4c004c3d" testId="c695dc98-f76d-b2f7-3898-003fdf76c6b5" testName="AcceptMessages_EmptyListOfCancellationWaitHandles_ThrowsArgumentNullException" computerName="ICSWS068" duration="00:00:00.0028219" startTime="2016-08-04T09:57:26.0922033+02:00" endTime="2016-08-04T09:57:26.0967261+02:00" testType="13cdc9d9-ddb5-4fa4-a97d-d965ccfc6d4b" outcome="Passed" testListId="8c84fa94-04c1-424b-9868-57a2d4851a1d" relativeResultsDirectory="282610d6-1f8d-46e5-9ec8-ebbe4c004c3d" />
    <UnitTestResult executionId="f58f85b7-9634-4a23-8489-5c8479d32767" testId="9e20812c-9046-4df4-2f3d-c57f7cfed228" testName="AcceptMessages_MessageReceivedOnSingleQueueInReceiveMode_MessageFoundIsRaised" computerName="ICSWS068" duration="00:00:00.0082652" startTime="2016-08-04T09:57:26.0992111+02:00" endTime="2016-08-04T09:57:26.1082962+02:00" testType="13cdc9d9-ddb5-4fa4-a97d-d965ccfc6d4b" outcome="Passed" testListId="8c84fa94-04c1-424b-9868-57a2d4851a1d" relativeResultsDirectory="f58f85b7-9634-4a23-8489-5c8479d32767" />
    <UnitTestResult executionId="3bb64474-c2dd-4b2b-b592-5d35d7e27e8b" testId="db3280f2-7ef1-a40f-3bbe-fbe6071392f8" testName="AcceptMessages_MessageReceivedOnSingleQueueInPeekMode_MessageFoundIsRaised" computerName="ICSWS068" duration="00:00:00.0032884" startTime="2016-08-04T09:57:26.1112812+02:00" endTime="2016-08-04T09:57:26.1153785+02:00" testType="13cdc9d9-ddb5-4fa4-a97d-d965ccfc6d4b" outcome="Passed" testListId="8c84fa94-04c1-424b-9868-57a2d4851a1d" relativeResultsDirectory="3bb64474-c2dd-4b2b-b592-5d35d7e27e8b" />
    <UnitTestResult executionId="fbde3173-cfcf-4cbc-ad8b-60110a3b9144" testId="387e7a52-7f9a-99ed-1776-159ebb3803fd" testName="AcceptMessages_SingleQueueInReceiveMode_BeginReceiveIsCalled" computerName="ICSWS068" duration="00:00:00.0056379" startTime="2016-08-04T09:57:26.1178955+02:00" endTime="2016-08-04T09:57:26.1249033+02:00" testType="13cdc9d9-ddb5-4fa4-a97d-d965ccfc6d4b" outcome="Passed" testListId="8c84fa94-04c1-424b-9868-57a2d4851a1d" relativeResultsDirectory="fbde3173-cfcf-4cbc-ad8b-60110a3b9144" />
    <UnitTestResult executionId="82568196-b90d-4612-a44b-b7925d065686" testId="01760dd7-ca03-4ef0-364c-9b85349a1739" testName="AcceptMessages_SingleQueueInPeekMode_BeginPeekIsCalled" computerName="ICSWS068" duration="00:00:00.0042694" startTime="2016-08-04T09:57:26.1278900+02:00" endTime="2016-08-04T09:57:26.1334275+02:00" testType="13cdc9d9-ddb5-4fa4-a97d-d965ccfc6d4b" outcome="Passed" testListId="8c84fa94-04c1-424b-9868-57a2d4851a1d" relativeResultsDirectory="82568196-b90d-4612-a44b-b7925d065686" />
    <UnitTestResult executionId="0442790c-7672-4b38-9975-4f05e806dd6d" testId="c07f9b96-357e-fca6-cb68-707f0f041264" testName="AcceptMessages_MultipleQueuesWithMessagesInReceiveMode_MessageFoundRaisedOnceForEachMessage" computerName="ICSWS068" duration="00:00:00.0110205" startTime="2016-08-04T09:57:26.1359301+02:00" endTime="2016-08-04T09:57:26.1484422+02:00" testType="13cdc9d9-ddb5-4fa4-a97d-d965ccfc6d4b" outcome="Passed" testListId="8c84fa94-04c1-424b-9868-57a2d4851a1d" relativeResultsDirectory="0442790c-7672-4b38-9975-4f05e806dd6d" />
    <UnitTestResult executionId="3500789d-cb0c-42ba-8ebc-810a669bc271" testId="b499ee05-e642-d932-b2cb-1fe4c2403469" testName="AcceptMessages_MultipleQueuesWithMessagesInPeekMode_MessageFoundRaisedOnceForEachMessage" computerName="ICSWS068" duration="00:00:00.0108273" startTime="2016-08-04T09:57:26.1514242+02:00" endTime="2016-08-04T09:57:26.1633126+02:00" testType="13cdc9d9-ddb5-4fa4-a97d-d965ccfc6d4b" outcome="Passed" testListId="8c84fa94-04c1-424b-9868-57a2d4851a1d" relativeResultsDirectory="3500789d-cb0c-42ba-8ebc-810a669bc271" />
    <UnitTestResult executionId="a6288e16-1673-4390-91c6-92b8ca867f6e" testId="415c038b-6fe5-4352-c43f-933a143fe17e" testName="AcceptMessages_MessagesReceivedOnSingleQueueInReceiveModeWhereEndReceiveThrowsExceptionOnFirstMessage_MessageFoundIsRaisedForSecondMessage" computerName="ICSWS068" duration="00:00:00.0327892" startTime="2016-08-04T09:57:26.1658146+02:00" endTime="2016-08-04T09:57:26.2003445+02:00" testType="13cdc9d9-ddb5-4fa4-a97d-d965ccfc6d4b" outcome="Passed" testListId="8c84fa94-04c1-424b-9868-57a2d4851a1d" relativeResultsDirectory="a6288e16-1673-4390-91c6-92b8ca867f6e" />
    <UnitTestResult executionId="8d535090-00b1-4e7b-be3c-c227e3ce64a5" testId="5155f8fa-728d-e1e1-b0ab-c7999cb3345f" testName="AcceptMessages_MessagesReceivedOnSingleQueueInPeekModeWhereEndPeekThrowsExceptionOnFirstMessage_MessageFoundIsRaisedForSecondAttempt" computerName="ICSWS068" duration="00:00:00.0276407" startTime="2016-08-04T09:57:26.2031143+02:00" endTime="2016-08-04T09:57:26.2322812+02:00" testType="13cdc9d9-ddb5-4fa4-a97d-d965ccfc6d4b" outcome="Passed" testListId="8c84fa94-04c1-424b-9868-57a2d4851a1d" relativeResultsDirectory="8d535090-00b1-4e7b-be3c-c227e3ce64a5" />
  </Results>
  <TestDefinitions>
    <UnitTest name="Constructor_NoSystemContextSupplied_Throws" storage="f:\etwork\bin\tests\unittests.icore.runtime.core.dll" id="cbcdd9c7-18b5-fcb7-6bb5-681deee8d1ef">
      <Execution id="64857801-e75c-4ada-acbe-487a98bc99a9" />
      <TestMethod codeBase="F:\ETWork\bin\Tests\UnitTests.iCore.Runtime.Core.dll" adapterTypeName="Microsoft.VisualStudio.TestTools.TestTypes.Unit.UnitTestAdapter" className="UnitTests.iCore.Runtime.Core.EventToJobArgumentMapperTests" name="Constructor_NoSystemContextSupplied_Throws" />
    </UnitTest>
    <UnitTest name="Constructor_SystemContextSupplied_Success" storage="f:\etwork\bin\tests\unittests.icore.runtime.core.dll" id="e1b0620e-7989-c277-22f5-e1c713aa8d9c">
      <Execution id="295fc9c9-5bc3-4fa9-b2cd-5decbc2e7e37" />
      <TestMethod codeBase="F:\ETWork\bin\Tests\UnitTests.iCore.Runtime.Core.dll" adapterTypeName="Microsoft.VisualStudio.TestTools.TestTypes.Unit.UnitTestAdapter" className="UnitTests.iCore.Runtime.Core.EventToJobArgumentMapperTests" name="Constructor_SystemContextSupplied_Success" />
    </UnitTest>
    <UnitTest name="MapEventArgumentsToJobArguments_ArgumentsStandard_CorrectValuesReturned" storage="f:\etwork\bin\tests\unittests.icore.runtime.core.dll" id="0ee5d04d-08d3-b095-d77a-fd2f55a8dc6d">
      <Execution id="bfb84f4d-3265-48ff-aa42-7736e28f7a68" />
      <TestMethod codeBase="F:\ETWork\bin\Tests\UnitTests.iCore.Runtime.Core.dll" adapterTypeName="Microsoft.VisualStudio.TestTools.TestTypes.Unit.UnitTestAdapter" className="UnitTests.iCore.Runtime.Core.EventToJobArgumentMapperTests" name="MapEventArgumentsToJobArguments_ArgumentsStandard_CorrectValuesReturned" />
    </UnitTest>
    <UnitTest name="MapEventArgumentsToJobArguments_ArgumentsStandard_CorrectNumberOfArgumentsAdded" storage="f:\etwork\bin\tests\unittests.icore.runtime.core.dll" id="3e8c3abe-88a3-6170-37f7-e776fadffd74">
      <Execution id="60a64d3a-67e6-4974-8a65-fec5f2ecf88d" />
      <TestMethod codeBase="F:\ETWork\bin\Tests\UnitTests.iCore.Runtime.Core.dll" adapterTypeName="Microsoft.VisualStudio.TestTools.TestTypes.Unit.UnitTestAdapter" className="UnitTests.iCore.Runtime.Core.EventToJobArgumentMapperTests" name="MapEventArgumentsToJobArguments_ArgumentsStandard_CorrectNumberOfArgumentsAdded" />
    </UnitTest>
    <UnitTest name="MapEventArgumentsToJobArguments_ArgumentsStandard_EventParamArgumentAddedToJob" storage="f:\etwork\bin\tests\unittests.icore.runtime.core.dll" id="bad036b6-cae2-f93e-0b61-f4bf4a6f188c">
      <Execution id="c54e4f6b-041e-4fd1-b395-281572a575e5" />
      <TestMethod codeBase="F:\ETWork\bin\Tests\UnitTests.iCore.Runtime.Core.dll" adapterTypeName="Microsoft.VisualStudio.TestTools.TestTypes.Unit.UnitTestAdapter" className="UnitTests.iCore.Runtime.Core.EventToJobArgumentMapperTests" name="MapEventArgumentsToJobArguments_ArgumentsStandard_EventParamArgumentAddedToJob" />
    </UnitTest>
    <UnitTest name="MapEventArgumentsToJobArguments_ArgumentsStandard_NodeIdArgumentAddedToJob" storage="f:\etwork\bin\tests\unittests.icore.runtime.core.dll" id="44623113-a746-bbb7-8a09-c4a34e2f9be9">
      <Execution id="a95c6a7b-c859-4b9c-88df-4a6a9e506287" />
      <TestMethod codeBase="F:\ETWork\bin\Tests\UnitTests.iCore.Runtime.Core.dll" adapterTypeName="Microsoft.VisualStudio.TestTools.TestTypes.Unit.UnitTestAdapter" className="UnitTests.iCore.Runtime.Core.EventToJobArgumentMapperTests" name="MapEventArgumentsToJobArguments_ArgumentsStandard_NodeIdArgumentAddedToJob" />
    </UnitTest>
    <UnitTest name="MapEventArgumentsToJobArguments_ArgumentsStandard_InitParamArgumentAddedToJob" storage="f:\etwork\bin\tests\unittests.icore.runtime.core.dll" id="512b616f-e4de-02ad-aec6-f6913d2a325f">
      <Execution id="5f096705-33ee-41b6-88e3-0fbc5e6c1563" />
      <TestMethod codeBase="F:\ETWork\bin\Tests\UnitTests.iCore.Runtime.Core.dll" adapterTypeName="Microsoft.VisualStudio.TestTools.TestTypes.Unit.UnitTestAdapter" className="UnitTests.iCore.Runtime.Core.EventToJobArgumentMapperTests" name="MapEventArgumentsToJobArguments_ArgumentsStandard_InitParamArgumentAddedToJob" />
    </UnitTest>
    <UnitTest name="MapEventArgumentsToJobArguments_ArgumentsStandard_RunParamArgumentAddedToJob" storage="f:\etwork\bin\tests\unittests.icore.runtime.core.dll" id="03d43ecb-8d56-d034-9c9b-3ae143a4148b">
      <Execution id="494f6453-af58-4fa0-9b8d-aff18f9d260c" />
      <TestMethod codeBase="F:\ETWork\bin\Tests\UnitTests.iCore.Runtime.Core.dll" adapterTypeName="Microsoft.VisualStudio.TestTools.TestTypes.Unit.UnitTestAdapter" className="UnitTests.iCore.Runtime.Core.EventToJobArgumentMapperTests" name="MapEventArgumentsToJobArguments_ArgumentsStandard_RunParamArgumentAddedToJob" />
    </UnitTest>
    <UnitTest name="MapEventArgumentsToJobArguments_ArgumentsPrePocessedInMessageAndArgumentAreNull_Throws" storage="f:\etwork\bin\tests\unittests.icore.runtime.core.dll" id="e3c2bc86-5486-2e19-afd0-16ae1332425a">
      <Execution id="414eb953-2a07-43c4-b62f-0034c3a1222c" />
      <TestMethod codeBase="F:\ETWork\bin\Tests\UnitTests.iCore.Runtime.Core.dll" adapterTypeName="Microsoft.VisualStudio.TestTools.TestTypes.Unit.UnitTestAdapter" className="UnitTests.iCore.Runtime.Core.EventToJobArgumentMapperTests" name="MapEventArgumentsToJobArguments_ArgumentsPrePocessedInMessageAndArgumentAreNull_Throws" />
    </UnitTest>
    <UnitTest name="MapEventArgumentsToJobArguments_ArgumentsPrePocessedInMessage_InputArgumentsReturned" storage="f:\etwork\bin\tests\unittests.icore.runtime.core.dll" id="7904b9f4-b428-471e-d8be-66634adc46e5">
      <Execution id="7c0b07d5-c372-497c-9307-f63b9ecdff0c" />
      <TestMethod codeBase="F:\ETWork\bin\Tests\UnitTests.iCore.Runtime.Core.dll" adapterTypeName="Microsoft.VisualStudio.TestTools.TestTypes.Unit.UnitTestAdapter" className="UnitTests.iCore.Runtime.Core.EventToJobArgumentMapperTests" name="MapEventArgumentsToJobArguments_ArgumentsPrePocessedInMessage_InputArgumentsReturned" />
    </UnitTest>
    <UnitTest name="MapEventArgumentsToJobArguments_ArgumentsPrePocessedInMessage_JobArgumentsNotInsertedIntoDB" storage="f:\etwork\bin\tests\unittests.icore.runtime.core.dll" id="50a58bb3-07d8-5341-c39d-a26b99304909">
      <Execution id="5901ec3c-96a6-4a13-96fc-bb393e2d0c25" />
      <TestMethod codeBase="F:\ETWork\bin\Tests\UnitTests.iCore.Runtime.Core.dll" adapterTypeName="Microsoft.VisualStudio.TestTools.TestTypes.Unit.UnitTestAdapter" className="UnitTests.iCore.Runtime.Core.EventToJobArgumentMapperTests" name="MapEventArgumentsToJobArguments_ArgumentsPrePocessedInMessage_JobArgumentsNotInsertedIntoDB" />
    </UnitTest>
    <UnitTest name="MapEventArgumentsToJobArguments_ArgumentsPrePocessedInDatabaseAndJobDoesNotExist_Throws" storage="f:\etwork\bin\tests\unittests.icore.runtime.core.dll" id="d317162d-fbc4-affc-fcd2-4ee4fa3e9539">
      <Execution id="6830819c-f67e-4dac-b106-1c5d3b71e0e6" />
      <TestMethod codeBase="F:\ETWork\bin\Tests\UnitTests.iCore.Runtime.Core.dll" adapterTypeName="Microsoft.VisualStudio.TestTools.TestTypes.Unit.UnitTestAdapter" className="UnitTests.iCore.Runtime.Core.EventToJobArgumentMapperTests" name="MapEventArgumentsToJobArguments_ArgumentsPrePocessedInDatabaseAndJobDoesNotExist_Throws" />
    </UnitTest>
    <UnitTest name="MapEventArgumentsToJobArguments_ArgsPreprocessedInDatabate_ValuesFromJobReturned" storage="f:\etwork\bin\tests\unittests.icore.runtime.core.dll" id="2946dbeb-d94c-787c-523a-4fa8e2ab5bfd">
      <Execution id="f394e5b4-51fb-45ec-9dc1-6f17971c44c4" />
      <TestMethod codeBase="F:\ETWork\bin\Tests\UnitTests.iCore.Runtime.Core.dll" adapterTypeName="Microsoft.VisualStudio.TestTools.TestTypes.Unit.UnitTestAdapter" className="UnitTests.iCore.Runtime.Core.EventToJobArgumentMapperTests" name="MapEventArgumentsToJobArguments_ArgsPreprocessedInDatabate_ValuesFromJobReturned" />
    </UnitTest>
    <UnitTest name="MapEventArgumentsToJobArguments_ArgumentsPrePocessedInDatabase_ArgumentsFromDatabaseReturned" storage="f:\etwork\bin\tests\unittests.icore.runtime.core.dll" id="8e4daaca-0606-9b28-7bc3-752fcd3d793a">
      <Execution id="678db9d7-f002-43d5-9577-ed4dfb7451c2" />
      <TestMethod codeBase="F:\ETWork\bin\Tests\UnitTests.iCore.Runtime.Core.dll" adapterTypeName="Microsoft.VisualStudio.TestTools.TestTypes.Unit.UnitTestAdapter" className="UnitTests.iCore.Runtime.Core.EventToJobArgumentMapperTests" name="MapEventArgumentsToJobArguments_ArgumentsPrePocessedInDatabase_ArgumentsFromDatabaseReturned" />
    </UnitTest>
    <UnitTest name="MapEventArgumentsToJobArguments_ArgumentsPrePocessedInDatabase_JobArgumentsNotInsertedIntoDB" storage="f:\etwork\bin\tests\unittests.icore.runtime.core.dll" id="a1a1efd5-a882-1160-662a-b9d2b152e3ab">
      <Execution id="b5606cef-9b64-42e0-a300-5101d760d218" />
      <TestMethod codeBase="F:\ETWork\bin\Tests\UnitTests.iCore.Runtime.Core.dll" adapterTypeName="Microsoft.VisualStudio.TestTools.TestTypes.Unit.UnitTestAdapter" className="UnitTests.iCore.Runtime.Core.EventToJobArgumentMapperTests" name="MapEventArgumentsToJobArguments_ArgumentsPrePocessedInDatabase_JobArgumentsNotInsertedIntoDB" />
    </UnitTest>
    <UnitTest name="PublicInstanceFactoryImplConstructorTest" storage="f:\etwork\bin\tests\unittests.icore.runtime.core.dll" id="65d217fa-6597-beb4-74ec-7976735f662a">
      <Execution id="f1a047c5-dac6-4a27-8502-68c1214fec44" />
      <TestMethod codeBase="F:\ETWork\bin\Tests\UnitTests.iCore.Runtime.Core.dll" adapterTypeName="Microsoft.VisualStudio.TestTools.TestTypes.Unit.UnitTestAdapter" className="UnitTests.iCore.Runtime.Core.PublicInstanceFactoryImplTests" name="PublicInstanceFactoryImplConstructorTest" />
    </UnitTest>
    <UnitTest name="CreateInstance_AllPublicCreateableTypes_Success" storage="f:\etwork\bin\tests\unittests.icore.runtime.core.dll" id="cd9c50c1-4357-7cca-6ed1-b668d351a9e0">
      <Execution id="e4b11e26-e948-4663-82fb-105a5526fea9" />
      <TestMethod codeBase="F:\ETWork\bin\Tests\UnitTests.iCore.Runtime.Core.dll" adapterTypeName="Microsoft.VisualStudio.TestTools.TestTypes.Unit.UnitTestAdapter" className="UnitTests.iCore.Runtime.Core.PublicInstanceFactoryImplTests" name="CreateInstance_AllPublicCreateableTypes_Success" />
    </UnitTest>
    <UnitTest name="CreateInstance_NonValidType_Throws" storage="f:\etwork\bin\tests\unittests.icore.runtime.core.dll" id="2e4d3739-4524-de70-dcfa-3c920ea57e68">
      <Execution id="a049db12-fc62-4e84-9856-47f535994719" />
      <TestMethod codeBase="F:\ETWork\bin\Tests\UnitTests.iCore.Runtime.Core.dll" adapterTypeName="Microsoft.VisualStudio.TestTools.TestTypes.Unit.UnitTestAdapter" className="UnitTests.iCore.Runtime.Core.PublicInstanceFactoryImplTests" name="CreateInstance_NonValidType_Throws" />
    </UnitTest>
    <UnitTest name="Write_Stream_ShouldProduceCorrectCrc32Value" storage="f:\etwork\bin\tests\unittests.icore.runtime.core.dll" id="ed70e9c6-dda3-6f49-2312-e0cda8280cd4">
      <Execution id="a496633a-a7d9-40ac-869e-152eadb66659" />
      <TestMethod codeBase="F:\ETWork\bin\Tests\UnitTests.iCore.Runtime.Core.dll" adapterTypeName="Microsoft.VisualStudio.TestTools.TestTypes.Unit.UnitTestAdapter" className="UnitTests.iCore.Runtime.Core.Crc32StreamTests" name="Write_Stream_ShouldProduceCorrectCrc32Value" />
    </UnitTest>
    <UnitTest name="Write_Stream2_ShouldProduceCorrectCrc32Value" storage="f:\etwork\bin\tests\unittests.icore.runtime.core.dll" id="bd55e582-03e0-4b2c-8816-389f0fe11cad">
      <Execution id="2b20f5da-211d-4e07-a59e-3e081742b819" />
      <TestMethod codeBase="F:\ETWork\bin\Tests\UnitTests.iCore.Runtime.Core.dll" adapterTypeName="Microsoft.VisualStudio.TestTools.TestTypes.Unit.UnitTestAdapter" className="UnitTests.iCore.Runtime.Core.Crc32StreamTests" name="Write_Stream2_ShouldProduceCorrectCrc32Value" />
    </UnitTest>
    <UnitTest name="Read_Stream_ShouldProduceCorrectCrc32Value" storage="f:\etwork\bin\tests\unittests.icore.runtime.core.dll" id="125db23b-eb65-69ac-b4ee-992c6412c1ef">
      <Execution id="13102cd1-1b87-4eeb-8db6-39d65c1ab108" />
      <TestMethod codeBase="F:\ETWork\bin\Tests\UnitTests.iCore.Runtime.Core.dll" adapterTypeName="Microsoft.VisualStudio.TestTools.TestTypes.Unit.UnitTestAdapter" className="UnitTests.iCore.Runtime.Core.Crc32StreamTests" name="Read_Stream_ShouldProduceCorrectCrc32Value" />
    </UnitTest>
    <UnitTest name="Read_MultipleConsecutiveReads_ShouldProduceCorrectCrc32Value" storage="f:\etwork\bin\tests\unittests.icore.runtime.core.dll" id="16401edc-f4ee-a65e-8ff7-b4813f7d0fce">
      <Execution id="b10164eb-fd90-4640-9f5e-3cad78a7a4b6" />
      <TestMethod codeBase="F:\ETWork\bin\Tests\UnitTests.iCore.Runtime.Core.dll" adapterTypeName="Microsoft.VisualStudio.TestTools.TestTypes.Unit.UnitTestAdapter" className="UnitTests.iCore.Runtime.Core.Crc32StreamTests" name="Read_MultipleConsecutiveReads_ShouldProduceCorrectCrc32Value" />
    </UnitTest>
    <UnitTest name="Constructor_ThreeArguments_ShouldSetPropertiesCorrectly" storage="f:\etwork\bin\tests\unittests.icore.runtime.core.dll" id="83a851cd-9941-9eac-9f04-01b3bbbe5a1e">
      <Execution id="f099dd08-7eeb-4972-bcd5-6bf730e54508" />
      <TestMethod codeBase="F:\ETWork\bin\Tests\UnitTests.iCore.Runtime.Core.dll" adapterTypeName="Microsoft.VisualStudio.TestTools.TestTypes.Unit.UnitTestAdapter" className="UnitTests.iCore.Runtime.Core.IsAliveMessageTests" name="Constructor_ThreeArguments_ShouldSetPropertiesCorrectly" />
    </UnitTest>
    <UnitTest name="ReadFrom_StreamWrittenTo_ShouldReturnEqualObject" storage="f:\etwork\bin\tests\unittests.icore.runtime.core.dll" id="cfaa92cc-d242-5cfb-98e0-5927df2ffc21">
      <Execution id="9882d3a0-6972-419e-8d69-ab261cdc4a0a" />
      <TestMethod codeBase="F:\ETWork\bin\Tests\UnitTests.iCore.Runtime.Core.dll" adapterTypeName="Microsoft.VisualStudio.TestTools.TestTypes.Unit.UnitTestAdapter" className="UnitTests.iCore.Runtime.Core.IsAliveMessageTests" name="ReadFrom_StreamWrittenTo_ShouldReturnEqualObject" />
    </UnitTest>
    <UnitTest name="Equals_EqualInstancesWithNoKnownServers_ShouldReturnTrue" storage="f:\etwork\bin\tests\unittests.icore.runtime.core.dll" id="bebf6e4e-e45b-4628-3acb-f03b8137d85c">
      <Execution id="13115fd5-4ab0-4690-9895-abc672de8a33" />
      <TestMethod codeBase="F:\ETWork\bin\Tests\UnitTests.iCore.Runtime.Core.dll" adapterTypeName="Microsoft.VisualStudio.TestTools.TestTypes.Unit.UnitTestAdapter" className="UnitTests.iCore.Runtime.Core.IsAliveMessageTests" name="Equals_EqualInstancesWithNoKnownServers_ShouldReturnTrue" />
    </UnitTest>
    <UnitTest name="Equals_DifferingSystsemId_ShouldReturnFalse" storage="f:\etwork\bin\tests\unittests.icore.runtime.core.dll" id="ce86eafa-8fa8-50ef-09b1-b4f97e3ed1fc">
      <Execution id="82fd5207-2f0d-44f6-becd-88f6c2242be9" />
      <TestMethod codeBase="F:\ETWork\bin\Tests\UnitTests.iCore.Runtime.Core.dll" adapterTypeName="Microsoft.VisualStudio.TestTools.TestTypes.Unit.UnitTestAdapter" className="UnitTests.iCore.Runtime.Core.IsAliveMessageTests" name="Equals_DifferingSystsemId_ShouldReturnFalse" />
    </UnitTest>
    <UnitTest name="Equals_DifferingServerId_ShouldReturnFalse" storage="f:\etwork\bin\tests\unittests.icore.runtime.core.dll" id="bf5fe9aa-3f61-2924-1df9-1a9717ebe24d">
      <Execution id="3e7a72ef-c8f9-475b-8d4a-5829ccd22e38" />
      <TestMethod codeBase="F:\ETWork\bin\Tests\UnitTests.iCore.Runtime.Core.dll" adapterTypeName="Microsoft.VisualStudio.TestTools.TestTypes.Unit.UnitTestAdapter" className="UnitTests.iCore.Runtime.Core.IsAliveMessageTests" name="Equals_DifferingServerId_ShouldReturnFalse" />
    </UnitTest>
    <UnitTest name="Equals_DifferingSessionEventId_ShouldReturnFalse" storage="f:\etwork\bin\tests\unittests.icore.runtime.core.dll" id="2acf1295-212b-036e-a509-c37f5295ecda">
      <Execution id="0c5a2456-4104-4e5c-974a-82dcd108bf67" />
      <TestMethod codeBase="F:\ETWork\bin\Tests\UnitTests.iCore.Runtime.Core.dll" adapterTypeName="Microsoft.VisualStudio.TestTools.TestTypes.Unit.UnitTestAdapter" className="UnitTests.iCore.Runtime.Core.IsAliveMessageTests" name="Equals_DifferingSessionEventId_ShouldReturnFalse" />
    </UnitTest>
    <UnitTest name="Equals_DifferingNumberOfKnownServers_ShouldReturnFalse" storage="f:\etwork\bin\tests\unittests.icore.runtime.core.dll" id="4af33d6c-454e-e46c-dc6d-d1b7f791b36b">
      <Execution id="7ee7cb9a-2bb7-4966-89d3-3b4c37a690ef" />
      <TestMethod codeBase="F:\ETWork\bin\Tests\UnitTests.iCore.Runtime.Core.dll" adapterTypeName="Microsoft.VisualStudio.TestTools.TestTypes.Unit.UnitTestAdapter" className="UnitTests.iCore.Runtime.Core.IsAliveMessageTests" name="Equals_DifferingNumberOfKnownServers_ShouldReturnFalse" />
    </UnitTest>
    <UnitTest name="Equals_DifferingKnownServers_ShouldReturnFalse" storage="f:\etwork\bin\tests\unittests.icore.runtime.core.dll" id="8169995b-c0f4-bb4f-31fb-0c75f3a7e1c1">
      <Execution id="83023c0f-df08-497f-bf67-c2ccc54ee54f" />
      <TestMethod codeBase="F:\ETWork\bin\Tests\UnitTests.iCore.Runtime.Core.dll" adapterTypeName="Microsoft.VisualStudio.TestTools.TestTypes.Unit.UnitTestAdapter" className="UnitTests.iCore.Runtime.Core.IsAliveMessageTests" name="Equals_DifferingKnownServers_ShouldReturnFalse" />
    </UnitTest>
    <UnitTest name="Equals_EqualKnownServers_ShouldReturnTrue" storage="f:\etwork\bin\tests\unittests.icore.runtime.core.dll" id="828c4e72-1778-8fe2-1326-316e91bfad56">
      <Execution id="aab7e8ea-c74f-4385-b4bf-d5afc31b5795" />
      <TestMethod codeBase="F:\ETWork\bin\Tests\UnitTests.iCore.Runtime.Core.dll" adapterTypeName="Microsoft.VisualStudio.TestTools.TestTypes.Unit.UnitTestAdapter" className="UnitTests.iCore.Runtime.Core.IsAliveMessageTests" name="Equals_EqualKnownServers_ShouldReturnTrue" />
    </UnitTest>
    <UnitTest name="Equals_DifferentServerInstanceSessionId_ShouldReturnFalse" storage="f:\etwork\bin\tests\unittests.icore.runtime.core.dll" id="2c52a824-f49a-78cd-9934-6fc129652ac6">
      <Execution id="2317fcb7-d14c-4c2f-b6b8-e607ee9e8645" />
      <TestMethod codeBase="F:\ETWork\bin\Tests\UnitTests.iCore.Runtime.Core.dll" adapterTypeName="Microsoft.VisualStudio.TestTools.TestTypes.Unit.UnitTestAdapter" className="UnitTests.iCore.Runtime.Core.IsAliveMessageTests" name="Equals_DifferentServerInstanceSessionId_ShouldReturnFalse" />
    </UnitTest>
    <UnitTest name="Constructor_ThreeArguments_ShouldSetPropertiesCorrectly" storage="f:\etwork\bin\tests\unittests.icore.runtime.core.dll" id="f2da04f1-9a54-fe0f-781d-877271ed23d2">
      <Execution id="158fc75f-21bc-423b-a60a-88311292ef05" />
      <TestMethod codeBase="F:\ETWork\bin\Tests\UnitTests.iCore.Runtime.Core.dll" adapterTypeName="Microsoft.VisualStudio.TestTools.TestTypes.Unit.UnitTestAdapter" className="UnitTests.iCore.Runtime.Core.ServerStateInfoTests" name="Constructor_ThreeArguments_ShouldSetPropertiesCorrectly" />
    </UnitTest>
    <UnitTest name="ReadFrom_BinaryReader_ShouldProduceEqualObject" storage="f:\etwork\bin\tests\unittests.icore.runtime.core.dll" id="0a404d51-7fae-df28-f302-ed188527c330">
      <Execution id="579e3bc7-ad5b-48a6-a7a1-fc245a3c8f6a" />
      <TestMethod codeBase="F:\ETWork\bin\Tests\UnitTests.iCore.Runtime.Core.dll" adapterTypeName="Microsoft.VisualStudio.TestTools.TestTypes.Unit.UnitTestAdapter" className="UnitTests.iCore.Runtime.Core.ServerStateInfoTests" name="ReadFrom_BinaryReader_ShouldProduceEqualObject" />
    </UnitTest>
    <UnitTest name="Equals_NonEmptyEqualObjects_ShouldReturnTrue" storage="f:\etwork\bin\tests\unittests.icore.runtime.core.dll" id="0470bb7b-c8ec-8f65-5aef-cda53c77c495">
      <Execution id="d9c1c309-e4c0-44c9-9607-ecde0f2f674f" />
      <TestMethod codeBase="F:\ETWork\bin\Tests\UnitTests.iCore.Runtime.Core.dll" adapterTypeName="Microsoft.VisualStudio.TestTools.TestTypes.Unit.UnitTestAdapter" className="UnitTests.iCore.Runtime.Core.ServerStateInfoTests" name="Equals_NonEmptyEqualObjects_ShouldReturnTrue" />
    </UnitTest>
    <UnitTest name="Equals_DifferentServerIds_ShouldReturnFalse" storage="f:\etwork\bin\tests\unittests.icore.runtime.core.dll" id="a09fd127-958d-5fe2-17ae-c5af83807299">
      <Execution id="ef143eca-081e-4495-ab81-cc6de22b7709" />
      <TestMethod codeBase="F:\ETWork\bin\Tests\UnitTests.iCore.Runtime.Core.dll" adapterTypeName="Microsoft.VisualStudio.TestTools.TestTypes.Unit.UnitTestAdapter" className="UnitTests.iCore.Runtime.Core.ServerStateInfoTests" name="Equals_DifferentServerIds_ShouldReturnFalse" />
    </UnitTest>
    <UnitTest name="Equals_DifferentImplementedParts_ShouldReturnFalse" storage="f:\etwork\bin\tests\unittests.icore.runtime.core.dll" id="b5333cf5-2f9c-05db-879c-6a816cc4268d">
      <Execution id="016a17f3-cd4b-4cc5-80a4-5e9b0006655d" />
      <TestMethod codeBase="F:\ETWork\bin\Tests\UnitTests.iCore.Runtime.Core.dll" adapterTypeName="Microsoft.VisualStudio.TestTools.TestTypes.Unit.UnitTestAdapter" className="UnitTests.iCore.Runtime.Core.ServerStateInfoTests" name="Equals_DifferentImplementedParts_ShouldReturnFalse" />
    </UnitTest>
    <UnitTest name="Equals_DifferentVersions_ShouldReturnFalse" storage="f:\etwork\bin\tests\unittests.icore.runtime.core.dll" id="2c2b0e24-0f00-a878-498e-4ea1ab280f34">
      <Execution id="9fa80494-1a0c-4e45-a35e-d1c2df9b14ac" />
      <TestMethod codeBase="F:\ETWork\bin\Tests\UnitTests.iCore.Runtime.Core.dll" adapterTypeName="Microsoft.VisualStudio.TestTools.TestTypes.Unit.UnitTestAdapter" className="UnitTests.iCore.Runtime.Core.ServerStateInfoTests" name="Equals_DifferentVersions_ShouldReturnFalse" />
    </UnitTest>
    <UnitTest name="Constructor_ScanForFilesOnStartFindsFile_TimerIsNotStarted" storage="f:\etwork\bin\tests\unittests.icore.runtime.core.dll" id="d610fab8-817d-7138-6a5e-5454e0379474">
      <Execution id="be97f7f5-04bc-41b5-aa85-ee7db1f01307" />
      <TestMethod codeBase="F:\ETWork\bin\Tests\UnitTests.iCore.Runtime.Core.dll" adapterTypeName="Microsoft.VisualStudio.TestTools.TestTypes.Unit.UnitTestAdapter" className="UnitTests.iCore.Runtime.Core.SettleableFileSystemWatcherTests" name="Constructor_ScanForFilesOnStartFindsFile_TimerIsNotStarted" />
    </UnitTest>
    <UnitTest name="Constructor_MultipleWatchTypes_ThrowsException" storage="f:\etwork\bin\tests\unittests.icore.runtime.core.dll" id="cabcc14a-2ef3-c85d-dfd1-de43ca18b3ac">
      <Execution id="702f0720-5c05-484b-b65d-ef0f9e360899" />
      <TestMethod codeBase="F:\ETWork\bin\Tests\UnitTests.iCore.Runtime.Core.dll" adapterTypeName="Microsoft.VisualStudio.TestTools.TestTypes.Unit.UnitTestAdapter" className="UnitTests.iCore.Runtime.Core.SettleableFileSystemWatcherTests" name="Constructor_MultipleWatchTypes_ThrowsException" />
    </UnitTest>
    <UnitTest name="Activate_ScanForFilesOnStartFoundFileAndNoNewTimeout_TimerIsStarted" storage="f:\etwork\bin\tests\unittests.icore.runtime.core.dll" id="0f2a6f8c-6b60-40aa-6a7b-4d8f945abfe2">
      <Execution id="dc2c2664-5805-4fc2-ae52-30e72c565fb0" />
      <TestMethod codeBase="F:\ETWork\bin\Tests\UnitTests.iCore.Runtime.Core.dll" adapterTypeName="Microsoft.VisualStudio.TestTools.TestTypes.Unit.UnitTestAdapter" className="UnitTests.iCore.Runtime.Core.SettleableFileSystemWatcherTests" name="Activate_ScanForFilesOnStartFoundFileAndNoNewTimeout_TimerIsStarted" />
    </UnitTest>
    <UnitTest name="Activate_SettleListIsEmptyAndTimeoutIsNeverSet_TimerIsNotStarted" storage="f:\etwork\bin\tests\unittests.icore.runtime.core.dll" id="ab43028a-0d73-c029-5fd2-94f93458b57b">
      <Execution id="9fb08468-3aee-4e86-8984-7635cfc579f8" />
      <TestMethod codeBase="F:\ETWork\bin\Tests\UnitTests.iCore.Runtime.Core.dll" adapterTypeName="Microsoft.VisualStudio.TestTools.TestTypes.Unit.UnitTestAdapter" className="UnitTests.iCore.Runtime.Core.SettleableFileSystemWatcherTests" name="Activate_SettleListIsEmptyAndTimeoutIsNeverSet_TimerIsNotStarted" />
    </UnitTest>
    <UnitTest name="Activate_SettleListIsEmptyAndTimeoutIsNeverSet_TimerIsStarted" storage="f:\etwork\bin\tests\unittests.icore.runtime.core.dll" id="a1ecc216-a595-7826-63fb-ba8cfd9931b2">
      <Execution id="b5885e04-30dc-45df-ab88-31620634e490" />
      <TestMethod codeBase="F:\ETWork\bin\Tests\UnitTests.iCore.Runtime.Core.dll" adapterTypeName="Microsoft.VisualStudio.TestTools.TestTypes.Unit.UnitTestAdapter" className="UnitTests.iCore.Runtime.Core.SettleableFileSystemWatcherTests" name="Activate_SettleListIsEmptyAndTimeoutIsNeverSet_TimerIsStarted" />
    </UnitTest>
    <UnitTest name="Activate_NewTimeoutIsSoonerThanCurrentTimeout_TimerIsStartedWithNewTimeout" storage="f:\etwork\bin\tests\unittests.icore.runtime.core.dll" id="d6cd779d-7161-65eb-cb81-e6f9495397bd">
      <Execution id="7e2119df-d5d2-4267-ae6e-4938c1d1f2d5" />
      <TestMethod codeBase="F:\ETWork\bin\Tests\UnitTests.iCore.Runtime.Core.dll" adapterTypeName="Microsoft.VisualStudio.TestTools.TestTypes.Unit.UnitTestAdapter" className="UnitTests.iCore.Runtime.Core.SettleableFileSystemWatcherTests" name="Activate_NewTimeoutIsSoonerThanCurrentTimeout_TimerIsStartedWithNewTimeout" />
    </UnitTest>
    <UnitTest name="Activate_NewTimeoutIsEqualToCurrentTimeout_TimerIsNotStopped" storage="f:\etwork\bin\tests\unittests.icore.runtime.core.dll" id="c712af55-6394-5b1d-9835-84605eea7e15">
      <Execution id="a5e076fc-ba7a-4f18-8d01-167f9e6d7ef3" />
      <TestMethod codeBase="F:\ETWork\bin\Tests\UnitTests.iCore.Runtime.Core.dll" adapterTypeName="Microsoft.VisualStudio.TestTools.TestTypes.Unit.UnitTestAdapter" className="UnitTests.iCore.Runtime.Core.SettleableFileSystemWatcherTests" name="Activate_NewTimeoutIsEqualToCurrentTimeout_TimerIsNotStopped" />
    </UnitTest>
    <UnitTest name="Activate_NewTimeoutIsLaterThanCurrentTimeout_TimerIsNotStopped" storage="f:\etwork\bin\tests\unittests.icore.runtime.core.dll" id="7128cbf4-9b22-cf6e-2208-d27ab1df1a77">
      <Execution id="65720cef-1ec9-4ac7-9530-4c15d1556529" />
      <TestMethod codeBase="F:\ETWork\bin\Tests\UnitTests.iCore.Runtime.Core.dll" adapterTypeName="Microsoft.VisualStudio.TestTools.TestTypes.Unit.UnitTestAdapter" className="UnitTests.iCore.Runtime.Core.SettleableFileSystemWatcherTests" name="Activate_NewTimeoutIsLaterThanCurrentTimeout_TimerIsNotStopped" />
    </UnitTest>
    <UnitTest name="Activate_NoPreviousTimeoutAndNewTimeoutIsSoonerThanNextFile_TimerIsRestarted" storage="f:\etwork\bin\tests\unittests.icore.runtime.core.dll" id="e65712fe-634f-7db4-b0b5-4f57f97e7283">
      <Execution id="6d48b4ad-690e-4ec7-9907-57a528b56e75" />
      <TestMethod codeBase="F:\ETWork\bin\Tests\UnitTests.iCore.Runtime.Core.dll" adapterTypeName="Microsoft.VisualStudio.TestTools.TestTypes.Unit.UnitTestAdapter" className="UnitTests.iCore.Runtime.Core.SettleableFileSystemWatcherTests" name="Activate_NoPreviousTimeoutAndNewTimeoutIsSoonerThanNextFile_TimerIsRestarted" />
    </UnitTest>
    <UnitTest name="Activate_NoPreviousTimeoutAndNewTimeoutIsEqualToNextFile_TimerIsNotStopped" storage="f:\etwork\bin\tests\unittests.icore.runtime.core.dll" id="f3e81cb8-c543-f054-052b-a499deabb192">
      <Execution id="0e032fb6-19bc-403b-8a65-88aa817f86e9" />
      <TestMethod codeBase="F:\ETWork\bin\Tests\UnitTests.iCore.Runtime.Core.dll" adapterTypeName="Microsoft.VisualStudio.TestTools.TestTypes.Unit.UnitTestAdapter" className="UnitTests.iCore.Runtime.Core.SettleableFileSystemWatcherTests" name="Activate_NoPreviousTimeoutAndNewTimeoutIsEqualToNextFile_TimerIsNotStopped" />
    </UnitTest>
    <UnitTest name="Activate_NoPreviousTimeoutAndNewTimeoutIsLaterThanNextFile_TimerIsNotStopped" storage="f:\etwork\bin\tests\unittests.icore.runtime.core.dll" id="00c478ce-a662-d3ac-ba1f-58c73a7f463c">
      <Execution id="42d7ce8e-aaa8-476b-9fa3-13519c64875b" />
      <TestMethod codeBase="F:\ETWork\bin\Tests\UnitTests.iCore.Runtime.Core.dll" adapterTypeName="Microsoft.VisualStudio.TestTools.TestTypes.Unit.UnitTestAdapter" className="UnitTests.iCore.Runtime.Core.SettleableFileSystemWatcherTests" name="Activate_NoPreviousTimeoutAndNewTimeoutIsLaterThanNextFile_TimerIsNotStopped" />
    </UnitTest>
    <UnitTest name="Activate_NoNewTimeoutPreviousTimeoutIsSonnerThanExistingFileSettle_TimerIsNotStopped" storage="f:\etwork\bin\tests\unittests.icore.runtime.core.dll" id="f6466304-4bd5-1fab-08da-74b213b0c0cc">
      <Execution id="59fb0349-f64c-443e-8fcd-f3f1ef92b575" />
      <TestMethod codeBase="F:\ETWork\bin\Tests\UnitTests.iCore.Runtime.Core.dll" adapterTypeName="Microsoft.VisualStudio.TestTools.TestTypes.Unit.UnitTestAdapter" className="UnitTests.iCore.Runtime.Core.SettleableFileSystemWatcherTests" name="Activate_NoNewTimeoutPreviousTimeoutIsSonnerThanExistingFileSettle_TimerIsNotStopped" />
    </UnitTest>
    <UnitTest name="Activate_NoNewTimeoutPreviousTimeoutIsEqualToExistingFileSettle_TimerIsNotStopped" storage="f:\etwork\bin\tests\unittests.icore.runtime.core.dll" id="e92f68c3-89d0-58b6-c911-a35c64ba9945">
      <Execution id="b8b22fed-6c19-458c-83c6-293e5a73e9ab" />
      <TestMethod codeBase="F:\ETWork\bin\Tests\UnitTests.iCore.Runtime.Core.dll" adapterTypeName="Microsoft.VisualStudio.TestTools.TestTypes.Unit.UnitTestAdapter" className="UnitTests.iCore.Runtime.Core.SettleableFileSystemWatcherTests" name="Activate_NoNewTimeoutPreviousTimeoutIsEqualToExistingFileSettle_TimerIsNotStopped" />
    </UnitTest>
    <UnitTest name="Activate_NoNewTimeoutPreviousTimeoutIsLaterThanExistingFileSettle_TimerIsNotStopped" storage="f:\etwork\bin\tests\unittests.icore.runtime.core.dll" id="aecf063f-ca62-5e2c-b12b-79b58441c916">
      <Execution id="72b62274-cfac-4b51-86ee-428d0d780202" />
      <TestMethod codeBase="F:\ETWork\bin\Tests\UnitTests.iCore.Runtime.Core.dll" adapterTypeName="Microsoft.VisualStudio.TestTools.TestTypes.Unit.UnitTestAdapter" className="UnitTests.iCore.Runtime.Core.SettleableFileSystemWatcherTests" name="Activate_NoNewTimeoutPreviousTimeoutIsLaterThanExistingFileSettle_TimerIsNotStopped" />
    </UnitTest>
    <UnitTest name="Activate_NewTimeoutIsSoonerThanCurrentFileTimer_TimerIsRestarted" storage="f:\etwork\bin\tests\unittests.icore.runtime.core.dll" id="d4a95d8e-5ceb-29b7-e3f3-ec8f8c66f784">
      <Execution id="9948308d-57f2-4446-8666-65b5bac4bdb7" />
      <TestMethod codeBase="F:\ETWork\bin\Tests\UnitTests.iCore.Runtime.Core.dll" adapterTypeName="Microsoft.VisualStudio.TestTools.TestTypes.Unit.UnitTestAdapter" className="UnitTests.iCore.Runtime.Core.SettleableFileSystemWatcherTests" name="Activate_NewTimeoutIsSoonerThanCurrentFileTimer_TimerIsRestarted" />
    </UnitTest>
    <UnitTest name="Activate_NewTimeoutIsSoonerThanCurrentTimeoutTimer_TimerIsRestarted" storage="f:\etwork\bin\tests\unittests.icore.runtime.core.dll" id="ef10a9ef-571c-a329-cec3-c6359ca7a04c">
      <Execution id="e5da7e54-b7aa-43b1-bcc9-abd5d6311357" />
      <TestMethod codeBase="F:\ETWork\bin\Tests\UnitTests.iCore.Runtime.Core.dll" adapterTypeName="Microsoft.VisualStudio.TestTools.TestTypes.Unit.UnitTestAdapter" className="UnitTests.iCore.Runtime.Core.SettleableFileSystemWatcherTests" name="Activate_NewTimeoutIsSoonerThanCurrentTimeoutTimer_TimerIsRestarted" />
    </UnitTest>
    <UnitTest name="Activate_NewTimeoutIsEqualToCurrentTimeoutTimer_TimerIsNotStopped" storage="f:\etwork\bin\tests\unittests.icore.runtime.core.dll" id="3c00d5d6-ce28-1b53-caf3-a68b2beeb8a2">
      <Execution id="fe56f2c6-4f8d-4346-a9bd-d6a75ab32fee" />
      <TestMethod codeBase="F:\ETWork\bin\Tests\UnitTests.iCore.Runtime.Core.dll" adapterTypeName="Microsoft.VisualStudio.TestTools.TestTypes.Unit.UnitTestAdapter" className="UnitTests.iCore.Runtime.Core.SettleableFileSystemWatcherTests" name="Activate_NewTimeoutIsEqualToCurrentTimeoutTimer_TimerIsNotStopped" />
    </UnitTest>
    <UnitTest name="Activate_NewTimeoutIsEqualToCurrentFileTimer_TimerIsNotStopped" storage="f:\etwork\bin\tests\unittests.icore.runtime.core.dll" id="334d7018-0c3a-f5d6-de30-c6a4f7ff3a51">
      <Execution id="5f1e43be-5545-4dac-8481-747ab0074c27" />
      <TestMethod codeBase="F:\ETWork\bin\Tests\UnitTests.iCore.Runtime.Core.dll" adapterTypeName="Microsoft.VisualStudio.TestTools.TestTypes.Unit.UnitTestAdapter" className="UnitTests.iCore.Runtime.Core.SettleableFileSystemWatcherTests" name="Activate_NewTimeoutIsEqualToCurrentFileTimer_TimerIsNotStopped" />
    </UnitTest>
    <UnitTest name="Activate_NewTimeoutIsLaterThanCurrentFileTimer_TimerIsNotStopped" storage="f:\etwork\bin\tests\unittests.icore.runtime.core.dll" id="94d51ca3-0c79-e65d-6051-304d3bebb0c6">
      <Execution id="40f10670-d773-46f1-841c-be802af07b3e" />
      <TestMethod codeBase="F:\ETWork\bin\Tests\UnitTests.iCore.Runtime.Core.dll" adapterTypeName="Microsoft.VisualStudio.TestTools.TestTypes.Unit.UnitTestAdapter" className="UnitTests.iCore.Runtime.Core.SettleableFileSystemWatcherTests" name="Activate_NewTimeoutIsLaterThanCurrentFileTimer_TimerIsNotStopped" />
    </UnitTest>
    <UnitTest name="Activate_NewTimeoutIsLaterThanCurrentTimeoutTimer_TimerIsNotStopped" storage="f:\etwork\bin\tests\unittests.icore.runtime.core.dll" id="3cba314b-5a14-1d76-f67a-c3002af6e575">
      <Execution id="c322cd1f-0372-4e70-a284-96a4a713c74f" />
      <TestMethod codeBase="F:\ETWork\bin\Tests\UnitTests.iCore.Runtime.Core.dll" adapterTypeName="Microsoft.VisualStudio.TestTools.TestTypes.Unit.UnitTestAdapter" className="UnitTests.iCore.Runtime.Core.SettleableFileSystemWatcherTests" name="Activate_NewTimeoutIsLaterThanCurrentTimeoutTimer_TimerIsNotStopped" />
    </UnitTest>
    <UnitTest name="Activate_TimerCallbackOnFileReadyAndNewTimeout_TimerIsReStartedWithNewTimeout" storage="f:\etwork\bin\tests\unittests.icore.runtime.core.dll" id="d1cf05cc-2dfa-bec4-6256-d873c3f9bde1">
      <Execution id="800035e2-c333-4c2b-86c2-da178c7df182" />
      <TestMethod codeBase="F:\ETWork\bin\Tests\UnitTests.iCore.Runtime.Core.dll" adapterTypeName="Microsoft.VisualStudio.TestTools.TestTypes.Unit.UnitTestAdapter" className="UnitTests.iCore.Runtime.Core.SettleableFileSystemWatcherTests" name="Activate_TimerCallbackOnFileReadyAndNewTimeout_TimerIsReStartedWithNewTimeout" />
    </UnitTest>
    <UnitTest name="Activate_TimerCallbackOnTimeoutAndNewTimeout_TimerIsReStartedWithNewTimeout" storage="f:\etwork\bin\tests\unittests.icore.runtime.core.dll" id="ac0e6943-f9f7-f2e9-8905-f78f26cf63c0">
      <Execution id="89bdee58-1ce0-495d-a01c-ca23ae402245" />
      <TestMethod codeBase="F:\ETWork\bin\Tests\UnitTests.iCore.Runtime.Core.dll" adapterTypeName="Microsoft.VisualStudio.TestTools.TestTypes.Unit.UnitTestAdapter" className="UnitTests.iCore.Runtime.Core.SettleableFileSystemWatcherTests" name="Activate_TimerCallbackOnTimeoutAndNewTimeout_TimerIsReStartedWithNewTimeout" />
    </UnitTest>
    <UnitTest name="Activate_NotActivatedOverflowedNoFilesInList_ThrowsException" storage="f:\etwork\bin\tests\unittests.icore.runtime.core.dll" id="0b032793-e550-d135-5abc-4ca237bf6f12">
      <Execution id="0e737aee-262f-425a-8705-316ddf61f488" />
      <TestMethod codeBase="F:\ETWork\bin\Tests\UnitTests.iCore.Runtime.Core.dll" adapterTypeName="Microsoft.VisualStudio.TestTools.TestTypes.Unit.UnitTestAdapter" className="UnitTests.iCore.Runtime.Core.SettleableFileSystemWatcherTests" name="Activate_NotActivatedOverflowedNoFilesInList_ThrowsException" />
    </UnitTest>
    <UnitTest name="Activate_OverflowedFilesInList_TimerIsStarted" storage="f:\etwork\bin\tests\unittests.icore.runtime.core.dll" id="6cec708c-aa05-6cb1-df7e-517f5c43709d">
      <Execution id="3c277d5a-4be2-456e-953f-641192bec50f" />
      <TestMethod codeBase="F:\ETWork\bin\Tests\UnitTests.iCore.Runtime.Core.dll" adapterTypeName="Microsoft.VisualStudio.TestTools.TestTypes.Unit.UnitTestAdapter" className="UnitTests.iCore.Runtime.Core.SettleableFileSystemWatcherTests" name="Activate_OverflowedFilesInList_TimerIsStarted" />
    </UnitTest>
    <UnitTest name="Deactivate_ObjectCreated_TimerIsStopped" storage="f:\etwork\bin\tests\unittests.icore.runtime.core.dll" id="d889412c-fbc3-c43f-8a19-fe2da4ee5a66">
      <Execution id="07dd046d-0026-4f83-9114-f43c929863ad" />
      <TestMethod codeBase="F:\ETWork\bin\Tests\UnitTests.iCore.Runtime.Core.dll" adapterTypeName="Microsoft.VisualStudio.TestTools.TestTypes.Unit.UnitTestAdapter" className="UnitTests.iCore.Runtime.Core.SettleableFileSystemWatcherTests" name="Deactivate_ObjectCreated_TimerIsStopped" />
    </UnitTest>
    <UnitTest name="Deactivate_ActivatedWithoutTimeout_TimerIsStopped" storage="f:\etwork\bin\tests\unittests.icore.runtime.core.dll" id="0c1cf0f4-fe83-ece0-5c41-523691746060">
      <Execution id="8d98a10a-e4bb-4b33-9520-ad5bdd5a7d4f" />
      <TestMethod codeBase="F:\ETWork\bin\Tests\UnitTests.iCore.Runtime.Core.dll" adapterTypeName="Microsoft.VisualStudio.TestTools.TestTypes.Unit.UnitTestAdapter" className="UnitTests.iCore.Runtime.Core.SettleableFileSystemWatcherTests" name="Deactivate_ActivatedWithoutTimeout_TimerIsStopped" />
    </UnitTest>
    <UnitTest name="Deactivate_ActivatedWithTimeout_TimerIsStopped" storage="f:\etwork\bin\tests\unittests.icore.runtime.core.dll" id="e45e528a-0b78-849f-3ecd-e68c3617d267">
      <Execution id="7ffe1d12-defc-4e18-80a9-1eea113f4e5c" />
      <TestMethod codeBase="F:\ETWork\bin\Tests\UnitTests.iCore.Runtime.Core.dll" adapterTypeName="Microsoft.VisualStudio.TestTools.TestTypes.Unit.UnitTestAdapter" className="UnitTests.iCore.Runtime.Core.SettleableFileSystemWatcherTests" name="Deactivate_ActivatedWithTimeout_TimerIsStopped" />
    </UnitTest>
    <UnitTest name="Deactivate_NotActivatedFilesAreAdded_TimerIsStopped" storage="f:\etwork\bin\tests\unittests.icore.runtime.core.dll" id="c9ff8a95-162f-3a34-2867-662766108ed4">
      <Execution id="06881bca-6b16-4f0b-a328-a4541e0964b0" />
      <TestMethod codeBase="F:\ETWork\bin\Tests\UnitTests.iCore.Runtime.Core.dll" adapterTypeName="Microsoft.VisualStudio.TestTools.TestTypes.Unit.UnitTestAdapter" className="UnitTests.iCore.Runtime.Core.SettleableFileSystemWatcherTests" name="Deactivate_NotActivatedFilesAreAdded_TimerIsStopped" />
    </UnitTest>
    <UnitTest name="Deactivate_ActivatedWithoutTimeoutFilesAreAdded_TimerIsStopped" storage="f:\etwork\bin\tests\unittests.icore.runtime.core.dll" id="2841cb55-e33d-051d-6180-8e4d31cd372e">
      <Execution id="e1f2c1e8-2e97-4e37-bcbf-695e470744ce" />
      <TestMethod codeBase="F:\ETWork\bin\Tests\UnitTests.iCore.Runtime.Core.dll" adapterTypeName="Microsoft.VisualStudio.TestTools.TestTypes.Unit.UnitTestAdapter" className="UnitTests.iCore.Runtime.Core.SettleableFileSystemWatcherTests" name="Deactivate_ActivatedWithoutTimeoutFilesAreAdded_TimerIsStopped" />
    </UnitTest>
    <UnitTest name="Deactivate_ActivatedWithTimeoutFilesAreAdded_TimerIsStopped" storage="f:\etwork\bin\tests\unittests.icore.runtime.core.dll" id="cbc1787c-e63a-daa5-2b9a-8ad8c5beca54">
      <Execution id="6fcb3704-a78e-4eba-84de-a1f4234b3765" />
      <TestMethod codeBase="F:\ETWork\bin\Tests\UnitTests.iCore.Runtime.Core.dll" adapterTypeName="Microsoft.VisualStudio.TestTools.TestTypes.Unit.UnitTestAdapter" className="UnitTests.iCore.Runtime.Core.SettleableFileSystemWatcherTests" name="Deactivate_ActivatedWithTimeoutFilesAreAdded_TimerIsStopped" />
    </UnitTest>
    <UnitTest name="FileIsCreated_ActivatedWithoutTimeoutCreatedEventIsNotMonitored_TimerIsNotStarted" storage="f:\etwork\bin\tests\unittests.icore.runtime.core.dll" id="da0605f0-8b11-713c-3ea7-c6000a43817c">
      <Execution id="9874a4d5-86da-468f-8a39-4e575569e906" />
      <TestMethod codeBase="F:\ETWork\bin\Tests\UnitTests.iCore.Runtime.Core.dll" adapterTypeName="Microsoft.VisualStudio.TestTools.TestTypes.Unit.UnitTestAdapter" className="UnitTests.iCore.Runtime.Core.SettleableFileSystemWatcherTests" name="FileIsCreated_ActivatedWithoutTimeoutCreatedEventIsNotMonitored_TimerIsNotStarted" />
    </UnitTest>
    <UnitTest name="FileIsCreated_ActivatedWithoutTimeoutCreatedEventIsMonitored_TimerIsStarted" storage="f:\etwork\bin\tests\unittests.icore.runtime.core.dll" id="55c635e4-7449-452f-afd2-e4487af769f7">
      <Execution id="bba0c644-e7a9-4b5f-9d76-6999d04cc58a" />
      <TestMethod codeBase="F:\ETWork\bin\Tests\UnitTests.iCore.Runtime.Core.dll" adapterTypeName="Microsoft.VisualStudio.TestTools.TestTypes.Unit.UnitTestAdapter" className="UnitTests.iCore.Runtime.Core.SettleableFileSystemWatcherTests" name="FileIsCreated_ActivatedWithoutTimeoutCreatedEventIsMonitored_TimerIsStarted" />
    </UnitTest>
    <UnitTest name="FileIsChanged_ActivatedWithoutTimeoutChangedEventIsNotMonitored_TimerIsNotStarted" storage="f:\etwork\bin\tests\unittests.icore.runtime.core.dll" id="4496c757-8f4b-3a51-4730-780ea0e42b63">
      <Execution id="2c255a0d-220e-487e-ba9d-84991b49a4f4" />
      <TestMethod codeBase="F:\ETWork\bin\Tests\UnitTests.iCore.Runtime.Core.dll" adapterTypeName="Microsoft.VisualStudio.TestTools.TestTypes.Unit.UnitTestAdapter" className="UnitTests.iCore.Runtime.Core.SettleableFileSystemWatcherTests" name="FileIsChanged_ActivatedWithoutTimeoutChangedEventIsNotMonitored_TimerIsNotStarted" />
    </UnitTest>
    <UnitTest name="FileIsChanged_ActivatedWithoutTimeoutChangedEventIsMonitored_TimerIsStarted" storage="f:\etwork\bin\tests\unittests.icore.runtime.core.dll" id="f4dc1199-745d-8477-0cda-e74cc6f1a4cc">
      <Execution id="f57d454b-e975-48ff-8ec2-46cd9ecfd71e" />
      <TestMethod codeBase="F:\ETWork\bin\Tests\UnitTests.iCore.Runtime.Core.dll" adapterTypeName="Microsoft.VisualStudio.TestTools.TestTypes.Unit.UnitTestAdapter" className="UnitTests.iCore.Runtime.Core.SettleableFileSystemWatcherTests" name="FileIsChanged_ActivatedWithoutTimeoutChangedEventIsMonitored_TimerIsStarted" />
    </UnitTest>
    <UnitTest name="FileIsRenamed_ActivatedWithoutTimeoutRenamedEventIsNotMonitored_TimerIsNotStarted" storage="f:\etwork\bin\tests\unittests.icore.runtime.core.dll" id="8863a6d5-83fc-e50a-f2df-12fc185f1b45">
      <Execution id="fadb57d5-88eb-427e-be7a-493b6b40cd93" />
      <TestMethod codeBase="F:\ETWork\bin\Tests\UnitTests.iCore.Runtime.Core.dll" adapterTypeName="Microsoft.VisualStudio.TestTools.TestTypes.Unit.UnitTestAdapter" className="UnitTests.iCore.Runtime.Core.SettleableFileSystemWatcherTests" name="FileIsRenamed_ActivatedWithoutTimeoutRenamedEventIsNotMonitored_TimerIsNotStarted" />
    </UnitTest>
    <UnitTest name="FileIsRenamed_ActivatedWithoutTimeoutRenamedEventIsMonitored_TimerIsStarted" storage="f:\etwork\bin\tests\unittests.icore.runtime.core.dll" id="66898b84-6731-813f-ed46-0d16843e4cb4">
      <Execution id="3308e312-8fad-4c94-9a96-438c9960da0f" />
      <TestMethod codeBase="F:\ETWork\bin\Tests\UnitTests.iCore.Runtime.Core.dll" adapterTypeName="Microsoft.VisualStudio.TestTools.TestTypes.Unit.UnitTestAdapter" className="UnitTests.iCore.Runtime.Core.SettleableFileSystemWatcherTests" name="FileIsRenamed_ActivatedWithoutTimeoutRenamedEventIsMonitored_TimerIsStarted" />
    </UnitTest>
    <UnitTest name="FileIsDeleted_ActivatedWithoutTimeoutDeletedEventIsNotMonitored_TimerIsNotStarted" storage="f:\etwork\bin\tests\unittests.icore.runtime.core.dll" id="30b4b6da-e372-71da-a010-25f13800fcef">
      <Execution id="68fa66be-924f-44b3-a34a-5225fdbdbf10" />
      <TestMethod codeBase="F:\ETWork\bin\Tests\UnitTests.iCore.Runtime.Core.dll" adapterTypeName="Microsoft.VisualStudio.TestTools.TestTypes.Unit.UnitTestAdapter" className="UnitTests.iCore.Runtime.Core.SettleableFileSystemWatcherTests" name="FileIsDeleted_ActivatedWithoutTimeoutDeletedEventIsNotMonitored_TimerIsNotStarted" />
    </UnitTest>
    <UnitTest name="FileIsDeleted_ActivatedWithoutTimeoutDeletedEventIsMonitored_TimerIsStarted" storage="f:\etwork\bin\tests\unittests.icore.runtime.core.dll" id="7c7e4a63-c690-d297-4332-a00435ab0de5">
      <Execution id="a8df400a-08ca-490e-9712-21e70a9f95a8" />
      <TestMethod codeBase="F:\ETWork\bin\Tests\UnitTests.iCore.Runtime.Core.dll" adapterTypeName="Microsoft.VisualStudio.TestTools.TestTypes.Unit.UnitTestAdapter" className="UnitTests.iCore.Runtime.Core.SettleableFileSystemWatcherTests" name="FileIsDeleted_ActivatedWithoutTimeoutDeletedEventIsMonitored_TimerIsStarted" />
    </UnitTest>
    <UnitTest name="WatchedEventIsRaised_NotActiviated_TimerIsNotStarted" storage="f:\etwork\bin\tests\unittests.icore.runtime.core.dll" id="103c3806-c810-ec01-f3cc-01151f1481cf">
      <Execution id="4b9334ec-5793-4185-8bc6-8274faf3a673" />
      <TestMethod codeBase="F:\ETWork\bin\Tests\UnitTests.iCore.Runtime.Core.dll" adapterTypeName="Microsoft.VisualStudio.TestTools.TestTypes.Unit.UnitTestAdapter" className="UnitTests.iCore.Runtime.Core.SettleableFileSystemWatcherTests" name="WatchedEventIsRaised_NotActiviated_TimerIsNotStarted" />
    </UnitTest>
    <UnitTest name="WatchedEventIsRaised_ActiviatedWithoutTimeout_TimerIsStarted" storage="f:\etwork\bin\tests\unittests.icore.runtime.core.dll" id="8bfc075f-420a-c9e2-8a28-f13b004bb579">
      <Execution id="471d8dbb-00b7-420f-8f9c-98b86c25155e" />
      <TestMethod codeBase="F:\ETWork\bin\Tests\UnitTests.iCore.Runtime.Core.dll" adapterTypeName="Microsoft.VisualStudio.TestTools.TestTypes.Unit.UnitTestAdapter" className="UnitTests.iCore.Runtime.Core.SettleableFileSystemWatcherTests" name="WatchedEventIsRaised_ActiviatedWithoutTimeout_TimerIsStarted" />
    </UnitTest>
    <UnitTest name="WatchedEventIsRaised_FileSettleIsSoonerThanCurrentTimer_TimerIsReStarted" storage="f:\etwork\bin\tests\unittests.icore.runtime.core.dll" id="b5ac5201-7a02-4add-db45-f0ead039ed7a">
      <Execution id="2e2fa801-831d-40ed-b5e7-1991577483b6" />
      <TestMethod codeBase="F:\ETWork\bin\Tests\UnitTests.iCore.Runtime.Core.dll" adapterTypeName="Microsoft.VisualStudio.TestTools.TestTypes.Unit.UnitTestAdapter" className="UnitTests.iCore.Runtime.Core.SettleableFileSystemWatcherTests" name="WatchedEventIsRaised_FileSettleIsSoonerThanCurrentTimer_TimerIsReStarted" />
    </UnitTest>
    <UnitTest name="WatchedEventIsRaised_FileSettleIsEqualCurrentTimer_TimerIsNotStopped" storage="f:\etwork\bin\tests\unittests.icore.runtime.core.dll" id="670a0225-2475-fe07-bf4b-96cce6a39ca0">
      <Execution id="11bcf417-6af5-4372-b374-14881d94ee6b" />
      <TestMethod codeBase="F:\ETWork\bin\Tests\UnitTests.iCore.Runtime.Core.dll" adapterTypeName="Microsoft.VisualStudio.TestTools.TestTypes.Unit.UnitTestAdapter" className="UnitTests.iCore.Runtime.Core.SettleableFileSystemWatcherTests" name="WatchedEventIsRaised_FileSettleIsEqualCurrentTimer_TimerIsNotStopped" />
    </UnitTest>
    <UnitTest name="WatchedEventIsRaised_FileSettleIsLaterThanCurrentTimer_TimerIsNotStopped" storage="f:\etwork\bin\tests\unittests.icore.runtime.core.dll" id="30288887-38df-e699-2b26-c2e331087b4a">
      <Execution id="41331061-05c1-4980-84e6-e40c16c23354" />
      <TestMethod codeBase="F:\ETWork\bin\Tests\UnitTests.iCore.Runtime.Core.dll" adapterTypeName="Microsoft.VisualStudio.TestTools.TestTypes.Unit.UnitTestAdapter" className="UnitTests.iCore.Runtime.Core.SettleableFileSystemWatcherTests" name="WatchedEventIsRaised_FileSettleIsLaterThanCurrentTimer_TimerIsNotStopped" />
    </UnitTest>
    <UnitTest name="WatchedEventIsRaised_NotActiviated_LogEventIsRaised" storage="f:\etwork\bin\tests\unittests.icore.runtime.core.dll" id="d9b481eb-b37c-8990-0349-0ba28714c59b">
      <Execution id="69978d5c-7f17-4e2a-821e-5865b72fd5d9" />
      <TestMethod codeBase="F:\ETWork\bin\Tests\UnitTests.iCore.Runtime.Core.dll" adapterTypeName="Microsoft.VisualStudio.TestTools.TestTypes.Unit.UnitTestAdapter" className="UnitTests.iCore.Runtime.Core.SettleableFileSystemWatcherTests" name="WatchedEventIsRaised_NotActiviated_LogEventIsRaised" />
    </UnitTest>
    <UnitTest name="ErrorEventIsRaised_ActivatedAndIdle_ErrorEventIsRaised" storage="f:\etwork\bin\tests\unittests.icore.runtime.core.dll" id="f3352d41-6046-6375-d70e-08f933616558">
      <Execution id="b26be5ae-2bc1-4d38-921d-855103cbb5f4" />
      <TestMethod codeBase="F:\ETWork\bin\Tests\UnitTests.iCore.Runtime.Core.dll" adapterTypeName="Microsoft.VisualStudio.TestTools.TestTypes.Unit.UnitTestAdapter" className="UnitTests.iCore.Runtime.Core.SettleableFileSystemWatcherTests" name="ErrorEventIsRaised_ActivatedAndIdle_ErrorEventIsRaised" />
    </UnitTest>
    <UnitTest name="ErrorEventIsRaised_ActivatedAndWaitingOntimer_ErrorEventIsNotRaised" storage="f:\etwork\bin\tests\unittests.icore.runtime.core.dll" id="2b12faa3-a7dd-6c80-05e9-7fce063b3e84">
      <Execution id="f063054c-8abb-4bfd-bdc2-5cc7f73b426d" />
      <TestMethod codeBase="F:\ETWork\bin\Tests\UnitTests.iCore.Runtime.Core.dll" adapterTypeName="Microsoft.VisualStudio.TestTools.TestTypes.Unit.UnitTestAdapter" className="UnitTests.iCore.Runtime.Core.SettleableFileSystemWatcherTests" name="ErrorEventIsRaised_ActivatedAndWaitingOntimer_ErrorEventIsNotRaised" />
    </UnitTest>
    <UnitTest name="TimerCallbackInvoked_NoTimeoutSetNoFilesInList_TimerIsNotStarted" storage="f:\etwork\bin\tests\unittests.icore.runtime.core.dll" id="a8a1b57a-6065-4b79-c0dd-1b7b1c2e2173">
      <Execution id="c822e83c-9068-41c0-8362-4856f6a03720" />
      <TestMethod codeBase="F:\ETWork\bin\Tests\UnitTests.iCore.Runtime.Core.dll" adapterTypeName="Microsoft.VisualStudio.TestTools.TestTypes.Unit.UnitTestAdapter" className="UnitTests.iCore.Runtime.Core.SettleableFileSystemWatcherTests" name="TimerCallbackInvoked_NoTimeoutSetNoFilesInList_TimerIsNotStarted" />
    </UnitTest>
    <UnitTest name="TimerCallbackInvoked_TimeoutSetButNotDueNoFilesInList_TimerIsStarted" storage="f:\etwork\bin\tests\unittests.icore.runtime.core.dll" id="01d8b08e-a942-171f-1972-3d5ea0b9a165">
      <Execution id="7d643adc-69f7-4d97-afa4-ac819f5f4c41" />
      <TestMethod codeBase="F:\ETWork\bin\Tests\UnitTests.iCore.Runtime.Core.dll" adapterTypeName="Microsoft.VisualStudio.TestTools.TestTypes.Unit.UnitTestAdapter" className="UnitTests.iCore.Runtime.Core.SettleableFileSystemWatcherTests" name="TimerCallbackInvoked_TimeoutSetButNotDueNoFilesInList_TimerIsStarted" />
    </UnitTest>
    <UnitTest name="TimerCallbackInvoked_FileIsNotSettled_TimerIsStarted" storage="f:\etwork\bin\tests\unittests.icore.runtime.core.dll" id="d5e95a0f-75a2-8abe-3851-d5afa477567c">
      <Execution id="6af6d89b-b235-45a5-a6cf-9e7355cea3cb" />
      <TestMethod codeBase="F:\ETWork\bin\Tests\UnitTests.iCore.Runtime.Core.dll" adapterTypeName="Microsoft.VisualStudio.TestTools.TestTypes.Unit.UnitTestAdapter" className="UnitTests.iCore.Runtime.Core.SettleableFileSystemWatcherTests" name="TimerCallbackInvoked_FileIsNotSettled_TimerIsStarted" />
    </UnitTest>
    <UnitTest name="TimerCallbackInvoked_FileIsSettled_FileFoundEventIsRaised" storage="f:\etwork\bin\tests\unittests.icore.runtime.core.dll" id="0fe3bf3f-3b8b-1a4d-e3c0-748a7862db82">
      <Execution id="3b3fb3cc-9579-40ce-8f38-578cf0b37aba" />
      <TestMethod codeBase="F:\ETWork\bin\Tests\UnitTests.iCore.Runtime.Core.dll" adapterTypeName="Microsoft.VisualStudio.TestTools.TestTypes.Unit.UnitTestAdapter" className="UnitTests.iCore.Runtime.Core.SettleableFileSystemWatcherTests" name="TimerCallbackInvoked_FileIsSettled_FileFoundEventIsRaised" />
    </UnitTest>
    <UnitTest name="TimerCallbackInvoked_TwoFilesAreSettled_FileFoundEventIsRaisedOnFirstAddedFile" storage="f:\etwork\bin\tests\unittests.icore.runtime.core.dll" id="56233f79-4547-fdf5-761b-cc2c4df64f08">
      <Execution id="099fb85f-065e-40f8-8d52-022bb63e8ca7" />
      <TestMethod codeBase="F:\ETWork\bin\Tests\UnitTests.iCore.Runtime.Core.dll" adapterTypeName="Microsoft.VisualStudio.TestTools.TestTypes.Unit.UnitTestAdapter" className="UnitTests.iCore.Runtime.Core.SettleableFileSystemWatcherTests" name="TimerCallbackInvoked_TwoFilesAreSettled_FileFoundEventIsRaisedOnFirstAddedFile" />
    </UnitTest>
    <UnitTest name="TimerCallbackInvoked_FilesFromSubDirectoryIsSettled_NameOfFileDoesNotIncludeRelativePath" storage="f:\etwork\bin\tests\unittests.icore.runtime.core.dll" id="ed4a4be4-bcd9-a2e5-cbf4-158fdb2838f9">
      <Execution id="b4a0467d-29c4-4173-8805-1e58ce5fd6c6" />
      <TestMethod codeBase="F:\ETWork\bin\Tests\UnitTests.iCore.Runtime.Core.dll" adapterTypeName="Microsoft.VisualStudio.TestTools.TestTypes.Unit.UnitTestAdapter" className="UnitTests.iCore.Runtime.Core.SettleableFileSystemWatcherTests" name="TimerCallbackInvoked_FilesFromSubDirectoryIsSettled_NameOfFileDoesNotIncludeRelativePath" />
    </UnitTest>
    <UnitTest name="TimerCallbackInvoked_FileIsSettled_TimerIsNotReStarted" storage="f:\etwork\bin\tests\unittests.icore.runtime.core.dll" id="9ba9815b-f9c8-651c-050e-a083817a29a5">
      <Execution id="58226791-2285-4a7e-97e6-a5bdeca912d5" />
      <TestMethod codeBase="F:\ETWork\bin\Tests\UnitTests.iCore.Runtime.Core.dll" adapterTypeName="Microsoft.VisualStudio.TestTools.TestTypes.Unit.UnitTestAdapter" className="UnitTests.iCore.Runtime.Core.SettleableFileSystemWatcherTests" name="TimerCallbackInvoked_FileIsSettled_TimerIsNotReStarted" />
    </UnitTest>
    <UnitTest name="SpawnedWorkflowResultConstructorTest_InstanceIdProvided_CorrectInstanceId" storage="f:\etwork\bin\tests\unittests.icore.runtime.core.dll" id="96fe433c-f2a0-0fb2-5a91-af6afdc47ac8">
      <Execution id="5c09c8bd-4e7d-41f4-b0eb-382d732464b7" />
      <TestMethod codeBase="F:\ETWork\bin\Tests\UnitTests.iCore.Runtime.Core.dll" adapterTypeName="Microsoft.VisualStudio.TestTools.TestTypes.Unit.UnitTestAdapter" className="UnitTests.iCore.Runtime.Core.SpawnedWorkflowResultTests" name="SpawnedWorkflowResultConstructorTest_InstanceIdProvided_CorrectInstanceId" />
    </UnitTest>
    <UnitTest name="SpawnedWorkflowResultConstructorTest_InstanceIdProvided_StatusIsUnknown" storage="f:\etwork\bin\tests\unittests.icore.runtime.core.dll" id="e24bdd09-60f6-2c35-3dc0-3a9c029eb3dc">
      <Execution id="551bf377-bb8e-4ae9-817d-ff7d972ab9d2" />
      <TestMethod codeBase="F:\ETWork\bin\Tests\UnitTests.iCore.Runtime.Core.dll" adapterTypeName="Microsoft.VisualStudio.TestTools.TestTypes.Unit.UnitTestAdapter" className="UnitTests.iCore.Runtime.Core.SpawnedWorkflowResultTests" name="SpawnedWorkflowResultConstructorTest_InstanceIdProvided_StatusIsUnknown" />
    </UnitTest>
    <UnitTest name="SpawnedWorkflowResultConstructorTest_InstanceIdProvided_ErrorIsNull" storage="f:\etwork\bin\tests\unittests.icore.runtime.core.dll" id="d98b5498-aa25-1e7a-69b9-1270c7a1f7b2">
      <Execution id="3fc31dc9-8f4f-4de4-b5ab-b572390e5121" />
      <TestMethod codeBase="F:\ETWork\bin\Tests\UnitTests.iCore.Runtime.Core.dll" adapterTypeName="Microsoft.VisualStudio.TestTools.TestTypes.Unit.UnitTestAdapter" className="UnitTests.iCore.Runtime.Core.SpawnedWorkflowResultTests" name="SpawnedWorkflowResultConstructorTest_InstanceIdProvided_ErrorIsNull" />
    </UnitTest>
    <UnitTest name="SpawnedWorkflowResultConstructorTest_InstanceIdProvided_OutputCountIsZero" storage="f:\etwork\bin\tests\unittests.icore.runtime.core.dll" id="10b4de23-c574-f539-713b-07110040d562">
      <Execution id="f98967cc-1e6b-4255-a6c9-559373b7598e" />
      <TestMethod codeBase="F:\ETWork\bin\Tests\UnitTests.iCore.Runtime.Core.dll" adapterTypeName="Microsoft.VisualStudio.TestTools.TestTypes.Unit.UnitTestAdapter" className="UnitTests.iCore.Runtime.Core.SpawnedWorkflowResultTests" name="SpawnedWorkflowResultConstructorTest_InstanceIdProvided_OutputCountIsZero" />
    </UnitTest>
    <UnitTest name="SpawnedWorkflowResultConstructorTest_InstanceIdAndOutputsProvided_CorrectInstanceId" storage="f:\etwork\bin\tests\unittests.icore.runtime.core.dll" id="a539ad35-32c2-7c1a-6285-8901d39fa1f2">
      <Execution id="99b9ceb4-9473-49a4-89ca-27004f840282" />
      <TestMethod codeBase="F:\ETWork\bin\Tests\UnitTests.iCore.Runtime.Core.dll" adapterTypeName="Microsoft.VisualStudio.TestTools.TestTypes.Unit.UnitTestAdapter" className="UnitTests.iCore.Runtime.Core.SpawnedWorkflowResultTests" name="SpawnedWorkflowResultConstructorTest_InstanceIdAndOutputsProvided_CorrectInstanceId" />
    </UnitTest>
    <UnitTest name="SpawnedWorkflowResultConstructorTest_InstanceIdAndOutputsProvided_StatusIsSuccess" storage="f:\etwork\bin\tests\unittests.icore.runtime.core.dll" id="2c93e81a-013b-0dd8-543e-02ad42a6f164">
      <Execution id="96089060-619a-4f46-8fe1-373276a7c2b3" />
      <TestMethod codeBase="F:\ETWork\bin\Tests\UnitTests.iCore.Runtime.Core.dll" adapterTypeName="Microsoft.VisualStudio.TestTools.TestTypes.Unit.UnitTestAdapter" className="UnitTests.iCore.Runtime.Core.SpawnedWorkflowResultTests" name="SpawnedWorkflowResultConstructorTest_InstanceIdAndOutputsProvided_StatusIsSuccess" />
    </UnitTest>
    <UnitTest name="SpawnedWorkflowResultConstructorTest_InstanceIdAndOutputsProvided_ErrorIsNull" storage="f:\etwork\bin\tests\unittests.icore.runtime.core.dll" id="cbec4f05-188d-c606-1612-fbb1788449d2">
      <Execution id="820751f4-ed20-4f75-8352-bb1b39fb094a" />
      <TestMethod codeBase="F:\ETWork\bin\Tests\UnitTests.iCore.Runtime.Core.dll" adapterTypeName="Microsoft.VisualStudio.TestTools.TestTypes.Unit.UnitTestAdapter" className="UnitTests.iCore.Runtime.Core.SpawnedWorkflowResultTests" name="SpawnedWorkflowResultConstructorTest_InstanceIdAndOutputsProvided_ErrorIsNull" />
    </UnitTest>
    <UnitTest name="SpawnedWorkflowResultConstructorTest_InstanceIdAndOutputsProvided_OutputIsCorrect" storage="f:\etwork\bin\tests\unittests.icore.runtime.core.dll" id="1aa3f853-0892-41c5-b042-6a64c4cdd1d8">
      <Execution id="250c2e0a-b90a-4304-81c5-9d486026afe6" />
      <TestMethod codeBase="F:\ETWork\bin\Tests\UnitTests.iCore.Runtime.Core.dll" adapterTypeName="Microsoft.VisualStudio.TestTools.TestTypes.Unit.UnitTestAdapter" className="UnitTests.iCore.Runtime.Core.SpawnedWorkflowResultTests" name="SpawnedWorkflowResultConstructorTest_InstanceIdAndOutputsProvided_OutputIsCorrect" />
    </UnitTest>
    <UnitTest name="SpawnedWorkflowResultConstructorTest_InstanceIdAndErrorProvided_CorrectInstanceId" storage="f:\etwork\bin\tests\unittests.icore.runtime.core.dll" id="b85c552e-f3d9-341e-b61b-c0d3f4479c48">
      <Execution id="d50d0dc7-3386-492e-8e1c-1c782deceaaa" />
      <TestMethod codeBase="F:\ETWork\bin\Tests\UnitTests.iCore.Runtime.Core.dll" adapterTypeName="Microsoft.VisualStudio.TestTools.TestTypes.Unit.UnitTestAdapter" className="UnitTests.iCore.Runtime.Core.SpawnedWorkflowResultTests" name="SpawnedWorkflowResultConstructorTest_InstanceIdAndErrorProvided_CorrectInstanceId" />
    </UnitTest>
    <UnitTest name="SpawnedWorkflowResultConstructorTest_InstanceIdAndErrorProvided_StatusIsFailure" storage="f:\etwork\bin\tests\unittests.icore.runtime.core.dll" id="73663999-b584-2d06-87b9-5b71478a64da">
      <Execution id="7c472ec1-898e-4f7b-916a-2300a94e6e3a" />
      <TestMethod codeBase="F:\ETWork\bin\Tests\UnitTests.iCore.Runtime.Core.dll" adapterTypeName="Microsoft.VisualStudio.TestTools.TestTypes.Unit.UnitTestAdapter" className="UnitTests.iCore.Runtime.Core.SpawnedWorkflowResultTests" name="SpawnedWorkflowResultConstructorTest_InstanceIdAndErrorProvided_StatusIsFailure" />
    </UnitTest>
    <UnitTest name="SpawnedWorkflowResultConstructorTest_InstanceIdAndOutputsProvided_ErrorIsCorrect" storage="f:\etwork\bin\tests\unittests.icore.runtime.core.dll" id="f72e819c-cf29-5fc5-a7de-030d0cb66b49">
      <Execution id="344aac6f-6ceb-40bd-851e-07191754134d" />
      <TestMethod codeBase="F:\ETWork\bin\Tests\UnitTests.iCore.Runtime.Core.dll" adapterTypeName="Microsoft.VisualStudio.TestTools.TestTypes.Unit.UnitTestAdapter" className="UnitTests.iCore.Runtime.Core.SpawnedWorkflowResultTests" name="SpawnedWorkflowResultConstructorTest_InstanceIdAndOutputsProvided_ErrorIsCorrect" />
    </UnitTest>
    <UnitTest name="SpawnedWorkflowResultConstructorTest_InstanceIdAndErrorProvided_OutputCountIsZero" storage="f:\etwork\bin\tests\unittests.icore.runtime.core.dll" id="f71cad70-d25a-c1d0-7161-f7b8169c84a5">
      <Execution id="30a685b4-6457-466d-8b77-292c3b6250a4" />
      <TestMethod codeBase="F:\ETWork\bin\Tests\UnitTests.iCore.Runtime.Core.dll" adapterTypeName="Microsoft.VisualStudio.TestTools.TestTypes.Unit.UnitTestAdapter" className="UnitTests.iCore.Runtime.Core.SpawnedWorkflowResultTests" name="SpawnedWorkflowResultConstructorTest_InstanceIdAndErrorProvided_OutputCountIsZero" />
    </UnitTest>
    <UnitTest name="SpawnedWorkflowResultConstructorTest_InstanceIdAndResultIsOfNonExceptionAndNonDictionary_Throws" storage="f:\etwork\bin\tests\unittests.icore.runtime.core.dll" id="cfe2df1b-388f-399a-8abb-6ea095a1fee6">
      <Execution id="3bda75c7-fb16-44a9-9055-d9e6ee2978f9" />
      <TestMethod codeBase="F:\ETWork\bin\Tests\UnitTests.iCore.Runtime.Core.dll" adapterTypeName="Microsoft.VisualStudio.TestTools.TestTypes.Unit.UnitTestAdapter" className="UnitTests.iCore.Runtime.Core.SpawnedWorkflowResultTests" name="SpawnedWorkflowResultConstructorTest_InstanceIdAndResultIsOfNonExceptionAndNonDictionary_Throws" />
    </UnitTest>
    <UnitTest name="Constructor_Create_Success" storage="f:\etwork\bin\tests\unittests.icore.runtime.core.dll" id="82ff103d-faa4-f847-94c0-15fe7e4d07ad">
      <Execution id="7db62676-b892-4746-b50f-0a7475798c79" />
      <TestMethod codeBase="F:\ETWork\bin\Tests\UnitTests.iCore.Runtime.Core.dll" adapterTypeName="Microsoft.VisualStudio.TestTools.TestTypes.Unit.UnitTestAdapter" className="UnitTests.iCore.Runtime.Core.SpawnedWorkflowsCollectionTests" name="Constructor_Create_Success" />
    </UnitTest>
    <UnitTest name="AddSpawnedWorkflow_AddToNonExistingparent_Throws" storage="f:\etwork\bin\tests\unittests.icore.runtime.core.dll" id="b045487f-4c95-ecb4-fc1e-dfc82dedd347">
      <Execution id="39f06cd6-e6b6-4950-8f63-df3a42758b59" />
      <TestMethod codeBase="F:\ETWork\bin\Tests\UnitTests.iCore.Runtime.Core.dll" adapterTypeName="Microsoft.VisualStudio.TestTools.TestTypes.Unit.UnitTestAdapter" className="UnitTests.iCore.Runtime.Core.SpawnedWorkflowsCollectionTests" name="AddSpawnedWorkflow_AddToNonExistingparent_Throws" />
    </UnitTest>
    <UnitTest name="AddSpawnedWorkflow_PublishResultIsTrue_ResultAvailableAfterCompletion" storage="f:\etwork\bin\tests\unittests.icore.runtime.core.dll" id="77ea2916-5df6-8b3a-06c5-48acce5f04df">
      <Execution id="352ff781-5dac-47a7-a17d-3adcd5991bc2" />
      <TestMethod codeBase="F:\ETWork\bin\Tests\UnitTests.iCore.Runtime.Core.dll" adapterTypeName="Microsoft.VisualStudio.TestTools.TestTypes.Unit.UnitTestAdapter" className="UnitTests.iCore.Runtime.Core.SpawnedWorkflowsCollectionTests" name="AddSpawnedWorkflow_PublishResultIsTrue_ResultAvailableAfterCompletion" />
    </UnitTest>
    <UnitTest name="AddSpawnedWorkflow_PublishResultIsFalse_ResultUnavailableAfterCompletion" storage="f:\etwork\bin\tests\unittests.icore.runtime.core.dll" id="c047668b-7d33-afbc-e0a5-3fafdda07287">
      <Execution id="0ee82715-9489-40c6-a24d-8613a6eb3719" />
      <TestMethod codeBase="F:\ETWork\bin\Tests\UnitTests.iCore.Runtime.Core.dll" adapterTypeName="Microsoft.VisualStudio.TestTools.TestTypes.Unit.UnitTestAdapter" className="UnitTests.iCore.Runtime.Core.SpawnedWorkflowsCollectionTests" name="AddSpawnedWorkflow_PublishResultIsFalse_ResultUnavailableAfterCompletion" />
    </UnitTest>
    <UnitTest name="AddSpawnedWorkflow_AddToExistingParent_InstanceAddedToParent" storage="f:\etwork\bin\tests\unittests.icore.runtime.core.dll" id="32b381c0-bfd9-a60b-4261-a08df341c9bb">
      <Execution id="2df8c958-2e21-474a-8fcd-578a818a3cbd" />
      <TestMethod codeBase="F:\ETWork\bin\Tests\UnitTests.iCore.Runtime.Core.dll" adapterTypeName="Microsoft.VisualStudio.TestTools.TestTypes.Unit.UnitTestAdapter" className="UnitTests.iCore.Runtime.Core.SpawnedWorkflowsCollectionTests" name="AddSpawnedWorkflow_AddToExistingParent_InstanceAddedToParent" />
    </UnitTest>
    <UnitTest name="CompleteWorkflowInstance_NonExistingInstance_ShouldThrow" storage="f:\etwork\bin\tests\unittests.icore.runtime.core.dll" id="8914bf5c-6da4-bfa7-3939-ed6615968a69">
      <Execution id="39b0a143-20ff-42b3-8650-8789813b9610" />
      <TestMethod codeBase="F:\ETWork\bin\Tests\UnitTests.iCore.Runtime.Core.dll" adapterTypeName="Microsoft.VisualStudio.TestTools.TestTypes.Unit.UnitTestAdapter" className="UnitTests.iCore.Runtime.Core.SpawnedWorkflowsCollectionTests" name="CompleteWorkflowInstance_NonExistingInstance_ShouldThrow" />
    </UnitTest>
    <UnitTest name="CompleteWorkflowInstance_RootInstance_SuccessInstanceRemoved" storage="f:\etwork\bin\tests\unittests.icore.runtime.core.dll" id="8de620c6-b7a1-908b-a812-41a8df30f6ed">
      <Execution id="354ba4be-5d84-4455-b134-30ba0e0bcaa3" />
      <TestMethod codeBase="F:\ETWork\bin\Tests\UnitTests.iCore.Runtime.Core.dll" adapterTypeName="Microsoft.VisualStudio.TestTools.TestTypes.Unit.UnitTestAdapter" className="UnitTests.iCore.Runtime.Core.SpawnedWorkflowsCollectionTests" name="CompleteWorkflowInstance_RootInstance_SuccessInstanceRemoved" />
    </UnitTest>
    <UnitTest name="CompleteWorkflowInstance_ChildInstance_InstanceRemoved" storage="f:\etwork\bin\tests\unittests.icore.runtime.core.dll" id="e893e08a-8b13-996d-c752-255b611df635">
      <Execution id="1d108a0e-e5f1-4099-8edd-b8de2c22f0c6" />
      <TestMethod codeBase="F:\ETWork\bin\Tests\UnitTests.iCore.Runtime.Core.dll" adapterTypeName="Microsoft.VisualStudio.TestTools.TestTypes.Unit.UnitTestAdapter" className="UnitTests.iCore.Runtime.Core.SpawnedWorkflowsCollectionTests" name="CompleteWorkflowInstance_ChildInstance_InstanceRemoved" />
    </UnitTest>
    <UnitTest name="CompleteWorkflowInstance_ChildInstanceCompletedParentStillRunning_ParentInstanceStillThere" storage="f:\etwork\bin\tests\unittests.icore.runtime.core.dll" id="e4a3a49e-91aa-faca-c571-f7b5f0472415">
      <Execution id="54563208-8056-45b1-81f2-3eb2557e157d" />
      <TestMethod codeBase="F:\ETWork\bin\Tests\UnitTests.iCore.Runtime.Core.dll" adapterTypeName="Microsoft.VisualStudio.TestTools.TestTypes.Unit.UnitTestAdapter" className="UnitTests.iCore.Runtime.Core.SpawnedWorkflowsCollectionTests" name="CompleteWorkflowInstance_ChildInstanceCompletedParentStillRunning_ParentInstanceStillThere" />
    </UnitTest>
    <UnitTest name="CompleteWorkflowInstance_CompletedParentStillRunning_ParentInstanceHasNoChildren" storage="f:\etwork\bin\tests\unittests.icore.runtime.core.dll" id="8f608cfa-79e8-a8d1-e8ca-865cb600d94c">
      <Execution id="865fd9ec-af16-4853-8096-adde1fc2858a" />
      <TestMethod codeBase="F:\ETWork\bin\Tests\UnitTests.iCore.Runtime.Core.dll" adapterTypeName="Microsoft.VisualStudio.TestTools.TestTypes.Unit.UnitTestAdapter" className="UnitTests.iCore.Runtime.Core.SpawnedWorkflowsCollectionTests" name="CompleteWorkflowInstance_CompletedParentStillRunning_ParentInstanceHasNoChildren" />
    </UnitTest>
    <UnitTest name="CompleteWorkflowInstance_ParentInstanceWithChild_NotRemoved" storage="f:\etwork\bin\tests\unittests.icore.runtime.core.dll" id="991d7359-5262-1c6e-5918-52f3cc7e25ab">
      <Execution id="fb294130-492d-4c30-9e98-ae8cbf0de27b" />
      <TestMethod codeBase="F:\ETWork\bin\Tests\UnitTests.iCore.Runtime.Core.dll" adapterTypeName="Microsoft.VisualStudio.TestTools.TestTypes.Unit.UnitTestAdapter" className="UnitTests.iCore.Runtime.Core.SpawnedWorkflowsCollectionTests" name="CompleteWorkflowInstance_ParentInstanceWithChild_NotRemoved" />
    </UnitTest>
    <UnitTest name="CompleteWorkflowInstance_RootInstanceWithoutChildren_CallbackCalled" storage="f:\etwork\bin\tests\unittests.icore.runtime.core.dll" id="c7032d54-eb36-3f81-427c-2f5e9d14e2f5">
      <Execution id="7d518c78-6646-4a77-88ad-2c562b41334b" />
      <TestMethod codeBase="F:\ETWork\bin\Tests\UnitTests.iCore.Runtime.Core.dll" adapterTypeName="Microsoft.VisualStudio.TestTools.TestTypes.Unit.UnitTestAdapter" className="UnitTests.iCore.Runtime.Core.SpawnedWorkflowsCollectionTests" name="CompleteWorkflowInstance_RootInstanceWithoutChildren_CallbackCalled" />
    </UnitTest>
    <UnitTest name="CompleteWorkflowInstance_RootInstanceWithChildren_CallbackNotCalled" storage="f:\etwork\bin\tests\unittests.icore.runtime.core.dll" id="b3283dcd-d9f8-8a74-bcf2-a8e2f04b1f64">
      <Execution id="4e1e1763-5da0-4bf3-8132-4e5603353fcd" />
      <TestMethod codeBase="F:\ETWork\bin\Tests\UnitTests.iCore.Runtime.Core.dll" adapterTypeName="Microsoft.VisualStudio.TestTools.TestTypes.Unit.UnitTestAdapter" className="UnitTests.iCore.Runtime.Core.SpawnedWorkflowsCollectionTests" name="CompleteWorkflowInstance_RootInstanceWithChildren_CallbackNotCalled" />
    </UnitTest>
    <UnitTest name="CompleteWorkflowInstance_ChildInstance_CallbackOnChildCalled" storage="f:\etwork\bin\tests\unittests.icore.runtime.core.dll" id="dad542e1-95d6-b67c-b0ad-a46f7b59424d">
      <Execution id="5f60dbe2-14ea-49fd-892d-00582890abc0" />
      <TestMethod codeBase="F:\ETWork\bin\Tests\UnitTests.iCore.Runtime.Core.dll" adapterTypeName="Microsoft.VisualStudio.TestTools.TestTypes.Unit.UnitTestAdapter" className="UnitTests.iCore.Runtime.Core.SpawnedWorkflowsCollectionTests" name="CompleteWorkflowInstance_ChildInstance_CallbackOnChildCalled" />
    </UnitTest>
    <UnitTest name="CompleteWorkflowInstance_LastChildInstanceOnCompletedParent_CallbackCalledOnParent" storage="f:\etwork\bin\tests\unittests.icore.runtime.core.dll" id="a06d1ad8-06f1-31e0-2024-1c1c4cf30138">
      <Execution id="9da2daee-6296-4f0b-8277-ed47f5ea51ae" />
      <TestMethod codeBase="F:\ETWork\bin\Tests\UnitTests.iCore.Runtime.Core.dll" adapterTypeName="Microsoft.VisualStudio.TestTools.TestTypes.Unit.UnitTestAdapter" className="UnitTests.iCore.Runtime.Core.SpawnedWorkflowsCollectionTests" name="CompleteWorkflowInstance_LastChildInstanceOnCompletedParent_CallbackCalledOnParent" />
    </UnitTest>
    <UnitTest name="CompleteWorkflowInstance_LastChildInstanceOnRunningParent_CallbackNotCalledOnParent" storage="f:\etwork\bin\tests\unittests.icore.runtime.core.dll" id="90b482f5-80eb-b463-883e-70dd8dfd0beb">
      <Execution id="9d83eb19-5f3b-4f4f-94a0-d414768aa3a7" />
      <TestMethod codeBase="F:\ETWork\bin\Tests\UnitTests.iCore.Runtime.Core.dll" adapterTypeName="Microsoft.VisualStudio.TestTools.TestTypes.Unit.UnitTestAdapter" className="UnitTests.iCore.Runtime.Core.SpawnedWorkflowsCollectionTests" name="CompleteWorkflowInstance_LastChildInstanceOnRunningParent_CallbackNotCalledOnParent" />
    </UnitTest>
    <UnitTest name="CompleteWorkflowInstance_NotLastChildInstanceOnParent_CallbackCalledOnChildOnly" storage="f:\etwork\bin\tests\unittests.icore.runtime.core.dll" id="40e80975-f6b6-cf74-1e6d-14ee0910e7b8">
      <Execution id="f440de31-b4ea-4f9a-8f24-f68fc73fde6f" />
      <TestMethod codeBase="F:\ETWork\bin\Tests\UnitTests.iCore.Runtime.Core.dll" adapterTypeName="Microsoft.VisualStudio.TestTools.TestTypes.Unit.UnitTestAdapter" className="UnitTests.iCore.Runtime.Core.SpawnedWorkflowsCollectionTests" name="CompleteWorkflowInstance_NotLastChildInstanceOnParent_CallbackCalledOnChildOnly" />
    </UnitTest>
    <UnitTest name="CompleteWorkflowInstance_RootInstance_CallbackDataIsCorrect" storage="f:\etwork\bin\tests\unittests.icore.runtime.core.dll" id="e743eacb-9326-8655-b235-0c0e1dc7185a">
      <Execution id="6c4304d0-5ca8-4a28-901b-896a425a7a00" />
      <TestMethod codeBase="F:\ETWork\bin\Tests\UnitTests.iCore.Runtime.Core.dll" adapterTypeName="Microsoft.VisualStudio.TestTools.TestTypes.Unit.UnitTestAdapter" className="UnitTests.iCore.Runtime.Core.SpawnedWorkflowsCollectionTests" name="CompleteWorkflowInstance_RootInstance_CallbackDataIsCorrect" />
    </UnitTest>
    <UnitTest name="GetIsInstanceSpawned_ValidChildInstance_ReturnsTrue" storage="f:\etwork\bin\tests\unittests.icore.runtime.core.dll" id="a99f321f-98d5-36e6-bc2d-68f98a3d00d3">
      <Execution id="1c0067f8-a2d2-406c-9b5d-395c1eaecf3a" />
      <TestMethod codeBase="F:\ETWork\bin\Tests\UnitTests.iCore.Runtime.Core.dll" adapterTypeName="Microsoft.VisualStudio.TestTools.TestTypes.Unit.UnitTestAdapter" className="UnitTests.iCore.Runtime.Core.SpawnedWorkflowsCollectionTests" name="GetIsInstanceSpawned_ValidChildInstance_ReturnsTrue" />
    </UnitTest>
    <UnitTest name="GetIsInstanceSpawned_NoValidInstance_ReturnsFalse" storage="f:\etwork\bin\tests\unittests.icore.runtime.core.dll" id="65796e8f-ba49-bccb-f370-5b5ce7b5bf84">
      <Execution id="8e25dd9d-09ef-4ea1-ac8f-4c0f74e00148" />
      <TestMethod codeBase="F:\ETWork\bin\Tests\UnitTests.iCore.Runtime.Core.dll" adapterTypeName="Microsoft.VisualStudio.TestTools.TestTypes.Unit.UnitTestAdapter" className="UnitTests.iCore.Runtime.Core.SpawnedWorkflowsCollectionTests" name="GetIsInstanceSpawned_NoValidInstance_ReturnsFalse" />
    </UnitTest>
    <UnitTest name="GetIsInstanceSpawned_RootInstance_ReturnsTrue" storage="f:\etwork\bin\tests\unittests.icore.runtime.core.dll" id="5feff921-47f2-4103-f1e0-50340465f124">
      <Execution id="c3417a49-0a83-4c29-92b0-f3c541a5b693" />
      <TestMethod codeBase="F:\ETWork\bin\Tests\UnitTests.iCore.Runtime.Core.dll" adapterTypeName="Microsoft.VisualStudio.TestTools.TestTypes.Unit.UnitTestAdapter" className="UnitTests.iCore.Runtime.Core.SpawnedWorkflowsCollectionTests" name="GetIsInstanceSpawned_RootInstance_ReturnsTrue" />
    </UnitTest>
    <UnitTest name="RemoveSpawnedInstance_NonExistsing_NothingHappens" storage="f:\etwork\bin\tests\unittests.icore.runtime.core.dll" id="c480d759-5b4e-8a51-f32a-66a157197b6b">
      <Execution id="ce780f58-012d-4942-aa85-9692298e4fee" />
      <TestMethod codeBase="F:\ETWork\bin\Tests\UnitTests.iCore.Runtime.Core.dll" adapterTypeName="Microsoft.VisualStudio.TestTools.TestTypes.Unit.UnitTestAdapter" className="UnitTests.iCore.Runtime.Core.SpawnedWorkflowsCollectionTests" name="RemoveSpawnedInstance_NonExistsing_NothingHappens" />
    </UnitTest>
    <UnitTest name="RemoveSpawnedInstance_RootInstanceNoChildren_InstanceRemovedNoCallback" storage="f:\etwork\bin\tests\unittests.icore.runtime.core.dll" id="873f1778-5a73-88e7-49e8-107fc2dfcea5">
      <Execution id="bfbc38e9-eba1-4c71-b648-9193efc00bde" />
      <TestMethod codeBase="F:\ETWork\bin\Tests\UnitTests.iCore.Runtime.Core.dll" adapterTypeName="Microsoft.VisualStudio.TestTools.TestTypes.Unit.UnitTestAdapter" className="UnitTests.iCore.Runtime.Core.SpawnedWorkflowsCollectionTests" name="RemoveSpawnedInstance_RootInstanceNoChildren_InstanceRemovedNoCallback" />
    </UnitTest>
    <UnitTest name="RemoveSpawnedInstance_ChildInstanceNotLastInstance_InstanceRemovedNoCallback" storage="f:\etwork\bin\tests\unittests.icore.runtime.core.dll" id="090561d3-d924-ab29-dfaf-13136bb1f673">
      <Execution id="d371318b-56c4-411f-b5c1-e662fbcfccad" />
      <TestMethod codeBase="F:\ETWork\bin\Tests\UnitTests.iCore.Runtime.Core.dll" adapterTypeName="Microsoft.VisualStudio.TestTools.TestTypes.Unit.UnitTestAdapter" className="UnitTests.iCore.Runtime.Core.SpawnedWorkflowsCollectionTests" name="RemoveSpawnedInstance_ChildInstanceNotLastInstance_InstanceRemovedNoCallback" />
    </UnitTest>
    <UnitTest name="RemoveSpawnedInstance_ParentCompletedAllChildrenRemoved_AllInstancesRemovedAndCallbackCalledOnParent" storage="f:\etwork\bin\tests\unittests.icore.runtime.core.dll" id="a753e7eb-2b59-af94-7eee-037460fa8967">
      <Execution id="bb25233f-1a42-45b7-b029-6ec91146530a" />
      <TestMethod codeBase="F:\ETWork\bin\Tests\UnitTests.iCore.Runtime.Core.dll" adapterTypeName="Microsoft.VisualStudio.TestTools.TestTypes.Unit.UnitTestAdapter" className="UnitTests.iCore.Runtime.Core.SpawnedWorkflowsCollectionTests" name="RemoveSpawnedInstance_ParentCompletedAllChildrenRemoved_AllInstancesRemovedAndCallbackCalledOnParent" />
    </UnitTest>
    <UnitTest name="RemoveSpawnedInstance_ParentNotCompletedAllChildrenRemoved_AllInstancesRemovedAndNoCallback" storage="f:\etwork\bin\tests\unittests.icore.runtime.core.dll" id="1446d92c-80d1-0303-6c14-31301ad0bf27">
      <Execution id="db694a1d-51a8-455d-a563-a2de67727625" />
      <TestMethod codeBase="F:\ETWork\bin\Tests\UnitTests.iCore.Runtime.Core.dll" adapterTypeName="Microsoft.VisualStudio.TestTools.TestTypes.Unit.UnitTestAdapter" className="UnitTests.iCore.Runtime.Core.SpawnedWorkflowsCollectionTests" name="RemoveSpawnedInstance_ParentNotCompletedAllChildrenRemoved_AllInstancesRemovedAndNoCallback" />
    </UnitTest>
    <UnitTest name="Add_NewItemArgIsNull_ThrowsException" storage="f:\etwork\bin\tests\unittests.icore.runtime.core.dll" id="4546aecf-00f8-1f71-1b2e-c7e8d76efb5a">
      <Execution id="e7e331a4-7d58-48e8-aa4b-ad7607dfb34c" />
      <TestMethod codeBase="F:\ETWork\bin\Tests\UnitTests.iCore.Runtime.Core.dll" adapterTypeName="Microsoft.VisualStudio.TestTools.TestTypes.Unit.UnitTestAdapter" className="UnitTests.iCore.Runtime.Core.StaticFileSettleTimeListTests" name="Add_NewItemArgIsNull_ThrowsException" />
    </UnitTest>
    <UnitTest name="Add_InvokedOnce_ReturnsOne" storage="f:\etwork\bin\tests\unittests.icore.runtime.core.dll" id="97d53031-74c2-279f-3e8d-25108cd31716">
      <Execution id="94b56bd9-0c10-4c0c-89b0-8a692daf9406" />
      <TestMethod codeBase="F:\ETWork\bin\Tests\UnitTests.iCore.Runtime.Core.dll" adapterTypeName="Microsoft.VisualStudio.TestTools.TestTypes.Unit.UnitTestAdapter" className="UnitTests.iCore.Runtime.Core.StaticFileSettleTimeListTests" name="Add_InvokedOnce_ReturnsOne" />
    </UnitTest>
    <UnitTest name="Add_InvokedTwiceWithSameFile_ReturnsOneBothTimes" storage="f:\etwork\bin\tests\unittests.icore.runtime.core.dll" id="091eb8d1-3994-da33-0056-852c3909e949">
      <Execution id="7c2e4b23-6a48-403d-a980-b1e197a8ffc6" />
      <TestMethod codeBase="F:\ETWork\bin\Tests\UnitTests.iCore.Runtime.Core.dll" adapterTypeName="Microsoft.VisualStudio.TestTools.TestTypes.Unit.UnitTestAdapter" className="UnitTests.iCore.Runtime.Core.StaticFileSettleTimeListTests" name="Add_InvokedTwiceWithSameFile_ReturnsOneBothTimes" />
    </UnitTest>
    <UnitTest name="Add_InvokedTwiceWithDifferentFiles_ReturnsTwo" storage="f:\etwork\bin\tests\unittests.icore.runtime.core.dll" id="d6a22d2c-52d4-d221-98be-ad50b809f90c">
      <Execution id="ead6c36e-d6c0-45c9-a953-c5ed9cd9cc51" />
      <TestMethod codeBase="F:\ETWork\bin\Tests\UnitTests.iCore.Runtime.Core.dll" adapterTypeName="Microsoft.VisualStudio.TestTools.TestTypes.Unit.UnitTestAdapter" className="UnitTests.iCore.Runtime.Core.StaticFileSettleTimeListTests" name="Add_InvokedTwiceWithDifferentFiles_ReturnsTwo" />
    </UnitTest>
    <UnitTest name="Clear_AtterOneFileAddedThenAdd_ReturnsOneWhenFileIsAddedAgain" storage="f:\etwork\bin\tests\unittests.icore.runtime.core.dll" id="775e477f-62fa-9552-28af-1aa5ce031212">
      <Execution id="c7d075fc-d201-43bf-88c5-25d917221631" />
      <TestMethod codeBase="F:\ETWork\bin\Tests\UnitTests.iCore.Runtime.Core.dll" adapterTypeName="Microsoft.VisualStudio.TestTools.TestTypes.Unit.UnitTestAdapter" className="UnitTests.iCore.Runtime.Core.StaticFileSettleTimeListTests" name="Clear_AtterOneFileAddedThenAdd_ReturnsOneWhenFileIsAddedAgain" />
    </UnitTest>
    <UnitTest name="NextReadyTime_OneFileWithNoSettleTime_ReturnsSameValueAsReferenceTimeWhenAdded" storage="f:\etwork\bin\tests\unittests.icore.runtime.core.dll" id="e9e0f44d-2e2d-fc24-e56d-ddc9c78a1fae">
      <Execution id="368eaa0a-9a22-4d9d-8074-9787f247a98e" />
      <TestMethod codeBase="F:\ETWork\bin\Tests\UnitTests.iCore.Runtime.Core.dll" adapterTypeName="Microsoft.VisualStudio.TestTools.TestTypes.Unit.UnitTestAdapter" className="UnitTests.iCore.Runtime.Core.StaticFileSettleTimeListTests" name="NextReadyTime_OneFileWithNoSettleTime_ReturnsSameValueAsReferenceTimeWhenAdded" />
    </UnitTest>
    <UnitTest name="NextReadyTime_OneFileWithOneMinuteAsSettleTime_ReturnsOneMinuteAfterReferenceTimeWhenAdded" storage="f:\etwork\bin\tests\unittests.icore.runtime.core.dll" id="38e1f537-3383-a330-bc59-2f5b3898f4f3">
      <Execution id="cb9d1780-326a-4734-b2ac-cbb522b90193" />
      <TestMethod codeBase="F:\ETWork\bin\Tests\UnitTests.iCore.Runtime.Core.dll" adapterTypeName="Microsoft.VisualStudio.TestTools.TestTypes.Unit.UnitTestAdapter" className="UnitTests.iCore.Runtime.Core.StaticFileSettleTimeListTests" name="NextReadyTime_OneFileWithOneMinuteAsSettleTime_ReturnsOneMinuteAfterReferenceTimeWhenAdded" />
    </UnitTest>
    <UnitTest name="NextReadyTime_ListIsEmpty_ThrowsException" storage="f:\etwork\bin\tests\unittests.icore.runtime.core.dll" id="267f68ae-1144-a0c5-1020-46bc1bbb2b77">
      <Execution id="ab74cf3e-b423-480e-bc9a-32095559a270" />
      <TestMethod codeBase="F:\ETWork\bin\Tests\UnitTests.iCore.Runtime.Core.dll" adapterTypeName="Microsoft.VisualStudio.TestTools.TestTypes.Unit.UnitTestAdapter" className="UnitTests.iCore.Runtime.Core.StaticFileSettleTimeListTests" name="NextReadyTime_ListIsEmpty_ThrowsException" />
    </UnitTest>
    <UnitTest name="GetSettledFile_ListIsEmpty_ReturnsNull" storage="f:\etwork\bin\tests\unittests.icore.runtime.core.dll" id="82dc5b4e-698e-4573-7a8f-3f8792f2e185">
      <Execution id="61364a25-b253-427d-8c5f-40ddba3aaf87" />
      <TestMethod codeBase="F:\ETWork\bin\Tests\UnitTests.iCore.Runtime.Core.dll" adapterTypeName="Microsoft.VisualStudio.TestTools.TestTypes.Unit.UnitTestAdapter" className="UnitTests.iCore.Runtime.Core.StaticFileSettleTimeListTests" name="GetSettledFile_ListIsEmpty_ReturnsNull" />
    </UnitTest>
    <UnitTest name="GetSettledFile_OneFileWithNoSettleTimeAddedAndCheckFileStatusIsFalse_ReturnsFile" storage="f:\etwork\bin\tests\unittests.icore.runtime.core.dll" id="9e5d8148-139e-1d34-a7a9-3c62177aab15">
      <Execution id="fb80349a-8298-4c7a-a769-27620de03fca" />
      <TestMethod codeBase="F:\ETWork\bin\Tests\UnitTests.iCore.Runtime.Core.dll" adapterTypeName="Microsoft.VisualStudio.TestTools.TestTypes.Unit.UnitTestAdapter" className="UnitTests.iCore.Runtime.Core.StaticFileSettleTimeListTests" name="GetSettledFile_OneFileWithNoSettleTimeAddedAndCheckFileStatusIsFalse_ReturnsFile" />
    </UnitTest>
    <UnitTest name="GetSettledFile_FileIsNotSettledAndCheckFileStatusIsFalse_ReturnsNull" storage="f:\etwork\bin\tests\unittests.icore.runtime.core.dll" id="12ab025d-7cd7-e542-f74e-f9f4edf0d512">
      <Execution id="5aa626fd-7260-4c6c-9c9f-64c6536754d1" />
      <TestMethod codeBase="F:\ETWork\bin\Tests\UnitTests.iCore.Runtime.Core.dll" adapterTypeName="Microsoft.VisualStudio.TestTools.TestTypes.Unit.UnitTestAdapter" className="UnitTests.iCore.Runtime.Core.StaticFileSettleTimeListTests" name="GetSettledFile_FileIsNotSettledAndCheckFileStatusIsFalse_ReturnsNull" />
    </UnitTest>
    <UnitTest name="GetSettledFile_FileIsSettledAndCheckFileStatusIsFalse_ReturnsFile" storage="f:\etwork\bin\tests\unittests.icore.runtime.core.dll" id="7c1c0641-daa5-24d2-07e3-92157a99ac40">
      <Execution id="cdfcc370-474a-418f-b697-92aa8c9f7478" />
      <TestMethod codeBase="F:\ETWork\bin\Tests\UnitTests.iCore.Runtime.Core.dll" adapterTypeName="Microsoft.VisualStudio.TestTools.TestTypes.Unit.UnitTestAdapter" className="UnitTests.iCore.Runtime.Core.StaticFileSettleTimeListTests" name="GetSettledFile_FileIsSettledAndCheckFileStatusIsFalse_ReturnsFile" />
    </UnitTest>
    <UnitTest name="GetSettledFile_FileIsNotSettledAndCheckFileStatusIsTrue_ReturnsNull" storage="f:\etwork\bin\tests\unittests.icore.runtime.core.dll" id="d265fed5-abf9-dca2-6296-2680137c776c">
      <Execution id="3b8d7146-dbf9-4624-a7f9-13ad637352f4" />
      <TestMethod codeBase="F:\ETWork\bin\Tests\UnitTests.iCore.Runtime.Core.dll" adapterTypeName="Microsoft.VisualStudio.TestTools.TestTypes.Unit.UnitTestAdapter" className="UnitTests.iCore.Runtime.Core.StaticFileSettleTimeListTests" name="GetSettledFile_FileIsNotSettledAndCheckFileStatusIsTrue_ReturnsNull" />
    </UnitTest>
    <UnitTest name="GetSettledFile_FileIsSettledAndCheckFileStatusIsTrue_ReturnsFile" storage="f:\etwork\bin\tests\unittests.icore.runtime.core.dll" id="4f19836c-c4d6-90f6-9838-59bcb0024386">
      <Execution id="66cb4782-f992-47cd-9cca-1dd0c720b51f" />
      <TestMethod codeBase="F:\ETWork\bin\Tests\UnitTests.iCore.Runtime.Core.dll" adapterTypeName="Microsoft.VisualStudio.TestTools.TestTypes.Unit.UnitTestAdapter" className="UnitTests.iCore.Runtime.Core.StaticFileSettleTimeListTests" name="GetSettledFile_FileIsSettledAndCheckFileStatusIsTrue_ReturnsFile" />
    </UnitTest>
    <UnitTest name="GetSettledFile_FileIsSettledButModifiedBySizeAndCheckFileStatusIsTrue_ReturnsNull" storage="f:\etwork\bin\tests\unittests.icore.runtime.core.dll" id="9e191504-4df2-7f88-ae37-5246d5bb3e07">
      <Execution id="85649ecc-78af-4bed-a20e-4cea9433ccd2" />
      <TestMethod codeBase="F:\ETWork\bin\Tests\UnitTests.iCore.Runtime.Core.dll" adapterTypeName="Microsoft.VisualStudio.TestTools.TestTypes.Unit.UnitTestAdapter" className="UnitTests.iCore.Runtime.Core.StaticFileSettleTimeListTests" name="GetSettledFile_FileIsSettledButModifiedBySizeAndCheckFileStatusIsTrue_ReturnsNull" />
    </UnitTest>
    <UnitTest name="GetSettledFile_FileIsSettledButModifiedByDateAndCheckFileStatusIsTrue_ReturnsNull" storage="f:\etwork\bin\tests\unittests.icore.runtime.core.dll" id="de6845d0-c48e-f997-9599-3ec0f36e5dc6">
      <Execution id="41b1e3aa-8669-4d8f-a4f3-9f72c14ed937" />
      <TestMethod codeBase="F:\ETWork\bin\Tests\UnitTests.iCore.Runtime.Core.dll" adapterTypeName="Microsoft.VisualStudio.TestTools.TestTypes.Unit.UnitTestAdapter" className="UnitTests.iCore.Runtime.Core.StaticFileSettleTimeListTests" name="GetSettledFile_FileIsSettledButModifiedByDateAndCheckFileStatusIsTrue_ReturnsNull" />
    </UnitTest>
    <UnitTest name="GetSettledFile_FileIsSettledButDeletedAndCheckFileStatusIsTrue_ReturnsNull" storage="f:\etwork\bin\tests\unittests.icore.runtime.core.dll" id="04943df7-c051-f6d8-dc50-4e40579c4657">
      <Execution id="0db10dcb-331d-4e18-91db-a53dcdfda8e5" />
      <TestMethod codeBase="F:\ETWork\bin\Tests\UnitTests.iCore.Runtime.Core.dll" adapterTypeName="Microsoft.VisualStudio.TestTools.TestTypes.Unit.UnitTestAdapter" className="UnitTests.iCore.Runtime.Core.StaticFileSettleTimeListTests" name="GetSettledFile_FileIsSettledButDeletedAndCheckFileStatusIsTrue_ReturnsNull" />
    </UnitTest>
    <UnitTest name="GetSettledFile_FileIsSettledButRenamedAndCheckFileStatusIsTrue_ReturnsNull" storage="f:\etwork\bin\tests\unittests.icore.runtime.core.dll" id="81206824-907c-cf09-48f8-c4c973683502">
      <Execution id="83c645a9-98bc-4396-a7a9-f839810ff0ab" />
      <TestMethod codeBase="F:\ETWork\bin\Tests\UnitTests.iCore.Runtime.Core.dll" adapterTypeName="Microsoft.VisualStudio.TestTools.TestTypes.Unit.UnitTestAdapter" className="UnitTests.iCore.Runtime.Core.StaticFileSettleTimeListTests" name="GetSettledFile_FileIsSettledButRenamedAndCheckFileStatusIsTrue_ReturnsNull" />
    </UnitTest>
    <UnitTest name="GetSettledFile_DefaultSortCriteria_ReturnsFirstAdded" storage="f:\etwork\bin\tests\unittests.icore.runtime.core.dll" id="10eebf0c-d01b-28d1-b1d2-297e3194bc33">
      <Execution id="b5ba8b77-ed26-4e4a-a405-a596504eedbf" />
      <TestMethod codeBase="F:\ETWork\bin\Tests\UnitTests.iCore.Runtime.Core.dll" adapterTypeName="Microsoft.VisualStudio.TestTools.TestTypes.Unit.UnitTestAdapter" className="UnitTests.iCore.Runtime.Core.StaticFileSettleTimeListTests" name="GetSettledFile_DefaultSortCriteria_ReturnsFirstAdded" />
    </UnitTest>
    <UnitTest name="GetSettledFile_SortByNameAsc_Returnsfile2" storage="f:\etwork\bin\tests\unittests.icore.runtime.core.dll" id="a44ab314-50c8-275d-b87b-213aad06995c">
      <Execution id="8d0bd42a-9e72-4165-aeff-0db870f557b4" />
      <TestMethod codeBase="F:\ETWork\bin\Tests\UnitTests.iCore.Runtime.Core.dll" adapterTypeName="Microsoft.VisualStudio.TestTools.TestTypes.Unit.UnitTestAdapter" className="UnitTests.iCore.Runtime.Core.StaticFileSettleTimeListTests" name="GetSettledFile_SortByNameAsc_Returnsfile2" />
    </UnitTest>
    <UnitTest name="GetSettledFile_SortByNameDesc_Returnsfile" storage="f:\etwork\bin\tests\unittests.icore.runtime.core.dll" id="2ac56d4d-5766-66a1-b164-027a19ea06da">
      <Execution id="24902525-eff1-48aa-b2cb-f1a49c042819" />
      <TestMethod codeBase="F:\ETWork\bin\Tests\UnitTests.iCore.Runtime.Core.dll" adapterTypeName="Microsoft.VisualStudio.TestTools.TestTypes.Unit.UnitTestAdapter" className="UnitTests.iCore.Runtime.Core.StaticFileSettleTimeListTests" name="GetSettledFile_SortByNameDesc_Returnsfile" />
    </UnitTest>
    <UnitTest name="GetSettledFile_SortBySizeAsc_Returnsfile2" storage="f:\etwork\bin\tests\unittests.icore.runtime.core.dll" id="c7680ee9-2272-f122-a202-ae84cb795d3e">
      <Execution id="fbf13a42-2a53-47b4-bbe9-15930c0e38dc" />
      <TestMethod codeBase="F:\ETWork\bin\Tests\UnitTests.iCore.Runtime.Core.dll" adapterTypeName="Microsoft.VisualStudio.TestTools.TestTypes.Unit.UnitTestAdapter" className="UnitTests.iCore.Runtime.Core.StaticFileSettleTimeListTests" name="GetSettledFile_SortBySizeAsc_Returnsfile2" />
    </UnitTest>
    <UnitTest name="GetSettledFile_SortBySizeDesc_Returnsfile" storage="f:\etwork\bin\tests\unittests.icore.runtime.core.dll" id="3870b730-3ccd-a684-1359-122c7bb8af34">
      <Execution id="0d14a6df-a1b6-4b73-ba23-ce193bdf6e64" />
      <TestMethod codeBase="F:\ETWork\bin\Tests\UnitTests.iCore.Runtime.Core.dll" adapterTypeName="Microsoft.VisualStudio.TestTools.TestTypes.Unit.UnitTestAdapter" className="UnitTests.iCore.Runtime.Core.StaticFileSettleTimeListTests" name="GetSettledFile_SortBySizeDesc_Returnsfile" />
    </UnitTest>
    <UnitTest name="GetSettledFile_SortByDateAsc_Returnsfile2" storage="f:\etwork\bin\tests\unittests.icore.runtime.core.dll" id="c02ee83d-293c-a0ce-9be3-8820a3fcf5d4">
      <Execution id="b71a3a07-2ed9-46e7-9218-d26a232fc2eb" />
      <TestMethod codeBase="F:\ETWork\bin\Tests\UnitTests.iCore.Runtime.Core.dll" adapterTypeName="Microsoft.VisualStudio.TestTools.TestTypes.Unit.UnitTestAdapter" className="UnitTests.iCore.Runtime.Core.StaticFileSettleTimeListTests" name="GetSettledFile_SortByDateAsc_Returnsfile2" />
    </UnitTest>
    <UnitTest name="GetSettledFile_SortByDateDesc_Returnsfile" storage="f:\etwork\bin\tests\unittests.icore.runtime.core.dll" id="3c73efe7-d713-ffba-05a0-df218c2529cf">
      <Execution id="534a8ab8-3ee7-4c83-9f58-08786a73eaaf" />
      <TestMethod codeBase="F:\ETWork\bin\Tests\UnitTests.iCore.Runtime.Core.dll" adapterTypeName="Microsoft.VisualStudio.TestTools.TestTypes.Unit.UnitTestAdapter" className="UnitTests.iCore.Runtime.Core.StaticFileSettleTimeListTests" name="GetSettledFile_SortByDateDesc_Returnsfile" />
    </UnitTest>
    <UnitTest name="GetSettledFile_AddedFileWithNoDateIsSettledCheckFileStatusIsTrue_ReturnsNull" storage="f:\etwork\bin\tests\unittests.icore.runtime.core.dll" id="c7df83e1-499e-2a1c-3fdb-37b980ef7b64">
      <Execution id="924e58a7-a366-4467-bb98-842f9a47b259" />
      <TestMethod codeBase="F:\ETWork\bin\Tests\UnitTests.iCore.Runtime.Core.dll" adapterTypeName="Microsoft.VisualStudio.TestTools.TestTypes.Unit.UnitTestAdapter" className="UnitTests.iCore.Runtime.Core.StaticFileSettleTimeListTests" name="GetSettledFile_AddedFileWithNoDateIsSettledCheckFileStatusIsTrue_ReturnsNull" />
    </UnitTest>
    <UnitTest name="GetSettledFile_InvokedTwiceAddedFileWithNoDateIsSettledCheckFileStatusIsTrue_ReturnsFile" storage="f:\etwork\bin\tests\unittests.icore.runtime.core.dll" id="ce609c80-575d-4830-63db-8900df891895">
      <Execution id="8c1dced8-baff-49e2-b94a-e0f1b737e4a5" />
      <TestMethod codeBase="F:\ETWork\bin\Tests\UnitTests.iCore.Runtime.Core.dll" adapterTypeName="Microsoft.VisualStudio.TestTools.TestTypes.Unit.UnitTestAdapter" className="UnitTests.iCore.Runtime.Core.StaticFileSettleTimeListTests" name="GetSettledFile_InvokedTwiceAddedFileWithNoDateIsSettledCheckFileStatusIsTrue_ReturnsFile" />
    </UnitTest>
    <UnitTest name="List_ListsAllSystemEventDefinitionsDefinedAsStaticProperties" storage="f:\etwork\bin\tests\unittests.icore.runtime.core.dll" id="22bddf44-7395-4842-f990-41cbdfa47cf2">
      <Execution id="7f82fd0d-715a-48ed-b09b-953155bb39e9" />
      <TestMethod codeBase="F:\ETWork\bin\Tests\UnitTests.iCore.Runtime.Core.dll" adapterTypeName="Microsoft.VisualStudio.TestTools.TestTypes.Unit.UnitTestAdapter" className="UnitTests.iCore.Runtime.Core.SystemEventDefinitionsTests" name="List_ListsAllSystemEventDefinitionsDefinedAsStaticProperties" />
    </UnitTest>
    <UnitTest name="GetNextTimeToTrigger_IncorrectConfiguration_ThrowsException (Data Row 0)" storage="f:\etwork\bin\tests\unittests.icore.runtime.core.dll" id="412cf5c5-09a9-4ab8-a802-b05a35282ba7">
      <Execution id="08f9676e-ef6b-48bd-8364-c9b9a58e462c" />
      <TestMethod codeBase="F:\ETWork\bin\Tests\UnitTests.iCore.Runtime.Core.dll" adapterTypeName="Microsoft.VisualStudio.TestTools.TestTypes.Unit.UnitTestAdapter" className="UnitTests.iCore.Runtime.Core.TimerExtensionTests" name="GetNextTimeToTrigger_IncorrectConfiguration_ThrowsException (Data Row 0)" />
    </UnitTest>
    <UnitTest name="GetNextTimeToTrigger_IncorrectConfiguration_ThrowsException (Data Row 1)" storage="f:\etwork\bin\tests\unittests.icore.runtime.core.dll" id="c4895553-7262-4a90-ad3f-3e0cf4bafdae">
      <Execution id="601462da-14cc-4f1e-b705-fe6daca6b750" />
      <TestMethod codeBase="F:\ETWork\bin\Tests\UnitTests.iCore.Runtime.Core.dll" adapterTypeName="Microsoft.VisualStudio.TestTools.TestTypes.Unit.UnitTestAdapter" className="UnitTests.iCore.Runtime.Core.TimerExtensionTests" name="GetNextTimeToTrigger_IncorrectConfiguration_ThrowsException (Data Row 1)" />
    </UnitTest>
    <UnitTest name="GetNextTimeToTrigger_IncorrectConfiguration_ThrowsException (Data Row 2)" storage="f:\etwork\bin\tests\unittests.icore.runtime.core.dll" id="0a9240bb-5637-412f-90a8-c7d4df86f22a">
      <Execution id="24434834-1273-4c5e-b955-03f6d9e6254f" />
      <TestMethod codeBase="F:\ETWork\bin\Tests\UnitTests.iCore.Runtime.Core.dll" adapterTypeName="Microsoft.VisualStudio.TestTools.TestTypes.Unit.UnitTestAdapter" className="UnitTests.iCore.Runtime.Core.TimerExtensionTests" name="GetNextTimeToTrigger_IncorrectConfiguration_ThrowsException (Data Row 2)" />
    </UnitTest>
    <UnitTest name="GetNextTimeToTrigger_AbsoluteTimer_ReturnsCorrectTime (Data Row 0)" storage="f:\etwork\bin\tests\unittests.icore.runtime.core.dll" id="95f16184-14c5-4e14-bfe4-eff83be905ff">
      <Execution id="5d9f2f8b-54b7-46df-afab-3d8bdd923111" />
      <TestMethod codeBase="F:\ETWork\bin\Tests\UnitTests.iCore.Runtime.Core.dll" adapterTypeName="Microsoft.VisualStudio.TestTools.TestTypes.Unit.UnitTestAdapter" className="UnitTests.iCore.Runtime.Core.TimerExtensionTests" name="GetNextTimeToTrigger_AbsoluteTimer_ReturnsCorrectTime (Data Row 0)" />
    </UnitTest>
    <UnitTest name="GetNextTimeToTrigger_AbsoluteTimer_ReturnsCorrectTime (Data Row 1)" storage="f:\etwork\bin\tests\unittests.icore.runtime.core.dll" id="2cbcb718-e7e7-41e4-a73b-b73b82471cab">
      <Execution id="8ad22f90-5c94-4509-859a-4ab31ef251c2" />
      <TestMethod codeBase="F:\ETWork\bin\Tests\UnitTests.iCore.Runtime.Core.dll" adapterTypeName="Microsoft.VisualStudio.TestTools.TestTypes.Unit.UnitTestAdapter" className="UnitTests.iCore.Runtime.Core.TimerExtensionTests" name="GetNextTimeToTrigger_AbsoluteTimer_ReturnsCorrectTime (Data Row 1)" />
    </UnitTest>
    <UnitTest name="GetNextTimeToTrigger_AbsoluteTimer_ReturnsCorrectTime (Data Row 2)" storage="f:\etwork\bin\tests\unittests.icore.runtime.core.dll" id="d97bc770-92b7-46c9-aee3-462c46fd568d">
      <Execution id="33116bec-a5a1-4e91-adc1-829fd61c9a67" />
      <TestMethod codeBase="F:\ETWork\bin\Tests\UnitTests.iCore.Runtime.Core.dll" adapterTypeName="Microsoft.VisualStudio.TestTools.TestTypes.Unit.UnitTestAdapter" className="UnitTests.iCore.Runtime.Core.TimerExtensionTests" name="GetNextTimeToTrigger_AbsoluteTimer_ReturnsCorrectTime (Data Row 2)" />
    </UnitTest>
    <UnitTest name="GetNextTimeToTrigger_AbsoluteTimer_ReturnsCorrectTime (Data Row 3)" storage="f:\etwork\bin\tests\unittests.icore.runtime.core.dll" id="ac365fcb-e72c-4b39-80e0-3d3d20eca400">
      <Execution id="2ada3467-7390-44e1-998e-f9a274a2f4d7" />
      <TestMethod codeBase="F:\ETWork\bin\Tests\UnitTests.iCore.Runtime.Core.dll" adapterTypeName="Microsoft.VisualStudio.TestTools.TestTypes.Unit.UnitTestAdapter" className="UnitTests.iCore.Runtime.Core.TimerExtensionTests" name="GetNextTimeToTrigger_AbsoluteTimer_ReturnsCorrectTime (Data Row 3)" />
    </UnitTest>
    <UnitTest name="GetNextTimeToTrigger_AbsoluteTimer_ReturnsCorrectTime (Data Row 4)" storage="f:\etwork\bin\tests\unittests.icore.runtime.core.dll" id="20e94f8b-5b03-473d-9823-97232d703dcf">
      <Execution id="87080b8e-0b26-4d59-99a6-3e6396f4816b" />
      <TestMethod codeBase="F:\ETWork\bin\Tests\UnitTests.iCore.Runtime.Core.dll" adapterTypeName="Microsoft.VisualStudio.TestTools.TestTypes.Unit.UnitTestAdapter" className="UnitTests.iCore.Runtime.Core.TimerExtensionTests" name="GetNextTimeToTrigger_AbsoluteTimer_ReturnsCorrectTime (Data Row 4)" />
    </UnitTest>
    <UnitTest name="GetNextTimeToTrigger_AbsoluteTimer_ReturnsCorrectTime (Data Row 5)" storage="f:\etwork\bin\tests\unittests.icore.runtime.core.dll" id="526d4567-85d1-4514-94e2-069380a66ffe">
      <Execution id="a5072549-6040-4c62-8211-6209aa66d75d" />
      <TestMethod codeBase="F:\ETWork\bin\Tests\UnitTests.iCore.Runtime.Core.dll" adapterTypeName="Microsoft.VisualStudio.TestTools.TestTypes.Unit.UnitTestAdapter" className="UnitTests.iCore.Runtime.Core.TimerExtensionTests" name="GetNextTimeToTrigger_AbsoluteTimer_ReturnsCorrectTime (Data Row 5)" />
    </UnitTest>
    <UnitTest name="GetNextTimeToTrigger_AbsoluteTimer_ReturnsCorrectTime (Data Row 6)" storage="f:\etwork\bin\tests\unittests.icore.runtime.core.dll" id="c18fb46e-f1e8-4dd7-94aa-198cb181a4bc">
      <Execution id="3d8815a9-0299-416c-90a6-fe5de95682b7" />
      <TestMethod codeBase="F:\ETWork\bin\Tests\UnitTests.iCore.Runtime.Core.dll" adapterTypeName="Microsoft.VisualStudio.TestTools.TestTypes.Unit.UnitTestAdapter" className="UnitTests.iCore.Runtime.Core.TimerExtensionTests" name="GetNextTimeToTrigger_AbsoluteTimer_ReturnsCorrectTime (Data Row 6)" />
    </UnitTest>
    <UnitTest name="GetNextTimeToTrigger_AbsoluteTimer_ReturnsCorrectTime (Data Row 7)" storage="f:\etwork\bin\tests\unittests.icore.runtime.core.dll" id="5da4558f-eb49-408e-bb4b-a7ae6f6fb85d">
      <Execution id="3e95085b-3cec-4d15-ae6d-e6906f6f89c1" />
      <TestMethod codeBase="F:\ETWork\bin\Tests\UnitTests.iCore.Runtime.Core.dll" adapterTypeName="Microsoft.VisualStudio.TestTools.TestTypes.Unit.UnitTestAdapter" className="UnitTests.iCore.Runtime.Core.TimerExtensionTests" name="GetNextTimeToTrigger_AbsoluteTimer_ReturnsCorrectTime (Data Row 7)" />
    </UnitTest>
    <UnitTest name="GetNextTimeToTrigger_AbsoluteTimer_ReturnsCorrectTime (Data Row 8)" storage="f:\etwork\bin\tests\unittests.icore.runtime.core.dll" id="f4a7097b-4ba6-429e-9c66-e8605325af6e">
      <Execution id="ea68f564-cf66-4433-9e33-ee9a3e7c37e9" />
      <TestMethod codeBase="F:\ETWork\bin\Tests\UnitTests.iCore.Runtime.Core.dll" adapterTypeName="Microsoft.VisualStudio.TestTools.TestTypes.Unit.UnitTestAdapter" className="UnitTests.iCore.Runtime.Core.TimerExtensionTests" name="GetNextTimeToTrigger_AbsoluteTimer_ReturnsCorrectTime (Data Row 8)" />
    </UnitTest>
    <UnitTest name="GetNextTimeToTrigger_AbsoluteTimer_ReturnsCorrectTime (Data Row 9)" storage="f:\etwork\bin\tests\unittests.icore.runtime.core.dll" id="aa51b404-ac4d-49b8-b297-14857e186176">
      <Execution id="1e2e1936-3032-460f-a69d-9f156ba04d27" />
      <TestMethod codeBase="F:\ETWork\bin\Tests\UnitTests.iCore.Runtime.Core.dll" adapterTypeName="Microsoft.VisualStudio.TestTools.TestTypes.Unit.UnitTestAdapter" className="UnitTests.iCore.Runtime.Core.TimerExtensionTests" name="GetNextTimeToTrigger_AbsoluteTimer_ReturnsCorrectTime (Data Row 9)" />
    </UnitTest>
    <UnitTest name="GetNextTimeToTrigger_AbsoluteTimer_ReturnsCorrectTime (Data Row 10)" storage="f:\etwork\bin\tests\unittests.icore.runtime.core.dll" id="b7cf1a10-55b3-488f-99d5-2d167e14b855">
      <Execution id="af69db3e-60cf-49c2-adfc-51416198b5da" />
      <TestMethod codeBase="F:\ETWork\bin\Tests\UnitTests.iCore.Runtime.Core.dll" adapterTypeName="Microsoft.VisualStudio.TestTools.TestTypes.Unit.UnitTestAdapter" className="UnitTests.iCore.Runtime.Core.TimerExtensionTests" name="GetNextTimeToTrigger_AbsoluteTimer_ReturnsCorrectTime (Data Row 10)" />
    </UnitTest>
    <UnitTest name="GetNextTimeToTrigger_AbsoluteTimer_ReturnsCorrectTime (Data Row 11)" storage="f:\etwork\bin\tests\unittests.icore.runtime.core.dll" id="4e95bee8-ee9d-404a-bdd5-9c30c318e933">
      <Execution id="a0784c5b-f104-4161-bcb7-bed75ca3ef45" />
      <TestMethod codeBase="F:\ETWork\bin\Tests\UnitTests.iCore.Runtime.Core.dll" adapterTypeName="Microsoft.VisualStudio.TestTools.TestTypes.Unit.UnitTestAdapter" className="UnitTests.iCore.Runtime.Core.TimerExtensionTests" name="GetNextTimeToTrigger_AbsoluteTimer_ReturnsCorrectTime (Data Row 11)" />
    </UnitTest>
    <UnitTest name="GetNextTimeToTrigger_AbsoluteTimer_ReturnsCorrectTime (Data Row 12)" storage="f:\etwork\bin\tests\unittests.icore.runtime.core.dll" id="bb98033f-2b4d-4488-9327-4d28b41586bb">
      <Execution id="f75be2f8-ae9f-40ea-a2d1-3961d2fd132e" />
      <TestMethod codeBase="F:\ETWork\bin\Tests\UnitTests.iCore.Runtime.Core.dll" adapterTypeName="Microsoft.VisualStudio.TestTools.TestTypes.Unit.UnitTestAdapter" className="UnitTests.iCore.Runtime.Core.TimerExtensionTests" name="GetNextTimeToTrigger_AbsoluteTimer_ReturnsCorrectTime (Data Row 12)" />
    </UnitTest>
    <UnitTest name="GetNextTimeToTrigger_AbsoluteTimer_ReturnsCorrectTime (Data Row 13)" storage="f:\etwork\bin\tests\unittests.icore.runtime.core.dll" id="7dd3a6bf-74e1-4f38-90cb-1ab665d595d3">
      <Execution id="244b7454-65dc-4988-8c4d-1fc2a916e037" />
      <TestMethod codeBase="F:\ETWork\bin\Tests\UnitTests.iCore.Runtime.Core.dll" adapterTypeName="Microsoft.VisualStudio.TestTools.TestTypes.Unit.UnitTestAdapter" className="UnitTests.iCore.Runtime.Core.TimerExtensionTests" name="GetNextTimeToTrigger_AbsoluteTimer_ReturnsCorrectTime (Data Row 13)" />
    </UnitTest>
    <UnitTest name="GetNextTimeToTrigger_AbsoluteTimer_ReturnsCorrectTime (Data Row 14)" storage="f:\etwork\bin\tests\unittests.icore.runtime.core.dll" id="3b8af1f0-2ce4-4300-8461-789442a0210e">
      <Execution id="390be0bd-d97f-40df-9f28-95cad50023dc" />
      <TestMethod codeBase="F:\ETWork\bin\Tests\UnitTests.iCore.Runtime.Core.dll" adapterTypeName="Microsoft.VisualStudio.TestTools.TestTypes.Unit.UnitTestAdapter" className="UnitTests.iCore.Runtime.Core.TimerExtensionTests" name="GetNextTimeToTrigger_AbsoluteTimer_ReturnsCorrectTime (Data Row 14)" />
    </UnitTest>
    <UnitTest name="GetNextTimeToTrigger_AbsoluteTimer_ReturnsCorrectTime (Data Row 15)" storage="f:\etwork\bin\tests\unittests.icore.runtime.core.dll" id="79cc72f2-ec66-4a54-8370-a7990475f773">
      <Execution id="5d2dfc93-0661-4fb2-8c43-35519753c2f9" />
      <TestMethod codeBase="F:\ETWork\bin\Tests\UnitTests.iCore.Runtime.Core.dll" adapterTypeName="Microsoft.VisualStudio.TestTools.TestTypes.Unit.UnitTestAdapter" className="UnitTests.iCore.Runtime.Core.TimerExtensionTests" name="GetNextTimeToTrigger_AbsoluteTimer_ReturnsCorrectTime (Data Row 15)" />
    </UnitTest>
    <UnitTest name="GetNextTimeToTrigger_AbsoluteTimer_ReturnsCorrectTime (Data Row 16)" storage="f:\etwork\bin\tests\unittests.icore.runtime.core.dll" id="43d4e6b6-2739-4787-879e-fb44bce204d2">
      <Execution id="5b8ad85a-c9a5-4b16-9ed0-afbc85eaa4d3" />
      <TestMethod codeBase="F:\ETWork\bin\Tests\UnitTests.iCore.Runtime.Core.dll" adapterTypeName="Microsoft.VisualStudio.TestTools.TestTypes.Unit.UnitTestAdapter" className="UnitTests.iCore.Runtime.Core.TimerExtensionTests" name="GetNextTimeToTrigger_AbsoluteTimer_ReturnsCorrectTime (Data Row 16)" />
    </UnitTest>
    <UnitTest name="GetNextTimeToTrigger_AbsoluteTimer_ReturnsCorrectTime (Data Row 17)" storage="f:\etwork\bin\tests\unittests.icore.runtime.core.dll" id="fb69e9fe-443a-4f58-966e-07b4ec5497e6">
      <Execution id="7322a022-ab76-45a1-90c1-3bea7fd6d437" />
      <TestMethod codeBase="F:\ETWork\bin\Tests\UnitTests.iCore.Runtime.Core.dll" adapterTypeName="Microsoft.VisualStudio.TestTools.TestTypes.Unit.UnitTestAdapter" className="UnitTests.iCore.Runtime.Core.TimerExtensionTests" name="GetNextTimeToTrigger_AbsoluteTimer_ReturnsCorrectTime (Data Row 17)" />
    </UnitTest>
    <UnitTest name="GetNextTimeToTrigger_AbsoluteTimer_ReturnsCorrectTime (Data Row 18)" storage="f:\etwork\bin\tests\unittests.icore.runtime.core.dll" id="f77fb8c5-57d7-4e5e-bbbf-3170988e395f">
      <Execution id="24a40073-e049-40be-892b-0079f05ed5b8" />
      <TestMethod codeBase="F:\ETWork\bin\Tests\UnitTests.iCore.Runtime.Core.dll" adapterTypeName="Microsoft.VisualStudio.TestTools.TestTypes.Unit.UnitTestAdapter" className="UnitTests.iCore.Runtime.Core.TimerExtensionTests" name="GetNextTimeToTrigger_AbsoluteTimer_ReturnsCorrectTime (Data Row 18)" />
    </UnitTest>
    <UnitTest name="GetNextTimeToTrigger_AbsoluteTimer_ReturnsCorrectTime (Data Row 19)" storage="f:\etwork\bin\tests\unittests.icore.runtime.core.dll" id="6e0d434a-c1db-4e55-a44f-644b7b735555">
      <Execution id="d94c724a-a114-4899-b63e-83e343df5803" />
      <TestMethod codeBase="F:\ETWork\bin\Tests\UnitTests.iCore.Runtime.Core.dll" adapterTypeName="Microsoft.VisualStudio.TestTools.TestTypes.Unit.UnitTestAdapter" className="UnitTests.iCore.Runtime.Core.TimerExtensionTests" name="GetNextTimeToTrigger_AbsoluteTimer_ReturnsCorrectTime (Data Row 19)" />
    </UnitTest>
    <UnitTest name="GetNextTimeToTrigger_AbsoluteTimer_ReturnsCorrectTime (Data Row 20)" storage="f:\etwork\bin\tests\unittests.icore.runtime.core.dll" id="a1557b37-5741-43c8-8ee9-8ae9adef38e1">
      <Execution id="6d6a1e44-ff60-4043-94fa-263c904c1829" />
      <TestMethod codeBase="F:\ETWork\bin\Tests\UnitTests.iCore.Runtime.Core.dll" adapterTypeName="Microsoft.VisualStudio.TestTools.TestTypes.Unit.UnitTestAdapter" className="UnitTests.iCore.Runtime.Core.TimerExtensionTests" name="GetNextTimeToTrigger_AbsoluteTimer_ReturnsCorrectTime (Data Row 20)" />
    </UnitTest>
    <UnitTest name="GetNextTimeToTrigger_AbsoluteTimer_ReturnsCorrectTime (Data Row 21)" storage="f:\etwork\bin\tests\unittests.icore.runtime.core.dll" id="7025e34e-614d-4973-88cd-bd5b2fcc2f5f">
      <Execution id="52f2a81e-59c3-45c1-8a65-f31dbf8c8357" />
      <TestMethod codeBase="F:\ETWork\bin\Tests\UnitTests.iCore.Runtime.Core.dll" adapterTypeName="Microsoft.VisualStudio.TestTools.TestTypes.Unit.UnitTestAdapter" className="UnitTests.iCore.Runtime.Core.TimerExtensionTests" name="GetNextTimeToTrigger_AbsoluteTimer_ReturnsCorrectTime (Data Row 21)" />
    </UnitTest>
    <UnitTest name="GetNextTimeToTrigger_AbsoluteTimer_ReturnsCorrectTime (Data Row 22)" storage="f:\etwork\bin\tests\unittests.icore.runtime.core.dll" id="075a725f-4568-4c61-a5e5-e24b42131185">
      <Execution id="0161710e-c264-49e7-8f69-8bbaa81aca72" />
      <TestMethod codeBase="F:\ETWork\bin\Tests\UnitTests.iCore.Runtime.Core.dll" adapterTypeName="Microsoft.VisualStudio.TestTools.TestTypes.Unit.UnitTestAdapter" className="UnitTests.iCore.Runtime.Core.TimerExtensionTests" name="GetNextTimeToTrigger_AbsoluteTimer_ReturnsCorrectTime (Data Row 22)" />
    </UnitTest>
    <UnitTest name="GetNextTimeToTrigger_AbsoluteTimer_ReturnsCorrectTime (Data Row 23)" storage="f:\etwork\bin\tests\unittests.icore.runtime.core.dll" id="d156c91d-c406-4191-a2e9-9c64ff4c0b54">
      <Execution id="e66293ec-3667-48fb-817e-d58427f6c163" />
      <TestMethod codeBase="F:\ETWork\bin\Tests\UnitTests.iCore.Runtime.Core.dll" adapterTypeName="Microsoft.VisualStudio.TestTools.TestTypes.Unit.UnitTestAdapter" className="UnitTests.iCore.Runtime.Core.TimerExtensionTests" name="GetNextTimeToTrigger_AbsoluteTimer_ReturnsCorrectTime (Data Row 23)" />
    </UnitTest>
    <UnitTest name="GetNextTimeToTrigger_AbsoluteTimer_ReturnsCorrectTime (Data Row 24)" storage="f:\etwork\bin\tests\unittests.icore.runtime.core.dll" id="f469c782-0981-4b49-b00a-862adb7a55ff">
      <Execution id="83535cb4-d7b1-41f3-a181-5e2b15acc061" />
      <TestMethod codeBase="F:\ETWork\bin\Tests\UnitTests.iCore.Runtime.Core.dll" adapterTypeName="Microsoft.VisualStudio.TestTools.TestTypes.Unit.UnitTestAdapter" className="UnitTests.iCore.Runtime.Core.TimerExtensionTests" name="GetNextTimeToTrigger_AbsoluteTimer_ReturnsCorrectTime (Data Row 24)" />
    </UnitTest>
    <UnitTest name="GetNextTimeToTrigger_AbsoluteTimer_ReturnsCorrectTime (Data Row 25)" storage="f:\etwork\bin\tests\unittests.icore.runtime.core.dll" id="7fb23057-829c-44c3-8b79-b1855370558b">
      <Execution id="96f626c3-efa4-46dd-bf27-de634e1a0511" />
      <TestMethod codeBase="F:\ETWork\bin\Tests\UnitTests.iCore.Runtime.Core.dll" adapterTypeName="Microsoft.VisualStudio.TestTools.TestTypes.Unit.UnitTestAdapter" className="UnitTests.iCore.Runtime.Core.TimerExtensionTests" name="GetNextTimeToTrigger_AbsoluteTimer_ReturnsCorrectTime (Data Row 25)" />
    </UnitTest>
    <UnitTest name="GetNextTimeToTrigger_AbsoluteTimer_ReturnsCorrectTime (Data Row 26)" storage="f:\etwork\bin\tests\unittests.icore.runtime.core.dll" id="2f48dce6-4b46-46b7-83ec-ddbbc2f192bd">
      <Execution id="af503be9-e3be-49a6-8916-bb740be65b34" />
      <TestMethod codeBase="F:\ETWork\bin\Tests\UnitTests.iCore.Runtime.Core.dll" adapterTypeName="Microsoft.VisualStudio.TestTools.TestTypes.Unit.UnitTestAdapter" className="UnitTests.iCore.Runtime.Core.TimerExtensionTests" name="GetNextTimeToTrigger_AbsoluteTimer_ReturnsCorrectTime (Data Row 26)" />
    </UnitTest>
    <UnitTest name="GetNextTimeToTrigger_AbsoluteTimer_ReturnsCorrectTime (Data Row 27)" storage="f:\etwork\bin\tests\unittests.icore.runtime.core.dll" id="7c501d89-b529-48e0-a896-55b73756f579">
      <Execution id="38e0e14b-a731-43e5-ab0d-7349acb475a7" />
      <TestMethod codeBase="F:\ETWork\bin\Tests\UnitTests.iCore.Runtime.Core.dll" adapterTypeName="Microsoft.VisualStudio.TestTools.TestTypes.Unit.UnitTestAdapter" className="UnitTests.iCore.Runtime.Core.TimerExtensionTests" name="GetNextTimeToTrigger_AbsoluteTimer_ReturnsCorrectTime (Data Row 27)" />
    </UnitTest>
    <UnitTest name="GetNextTimeToTrigger_AbsoluteTimer_ReturnsCorrectTime (Data Row 28)" storage="f:\etwork\bin\tests\unittests.icore.runtime.core.dll" id="91de4e5b-4d9a-4e18-96dd-a2a724522959">
      <Execution id="c3f7666a-2ccc-4bb3-a794-a0207ce185bf" />
      <TestMethod codeBase="F:\ETWork\bin\Tests\UnitTests.iCore.Runtime.Core.dll" adapterTypeName="Microsoft.VisualStudio.TestTools.TestTypes.Unit.UnitTestAdapter" className="UnitTests.iCore.Runtime.Core.TimerExtensionTests" name="GetNextTimeToTrigger_AbsoluteTimer_ReturnsCorrectTime (Data Row 28)" />
    </UnitTest>
    <UnitTest name="GetNextTimeToTrigger_AbsoluteTimer_ReturnsCorrectTime (Data Row 29)" storage="f:\etwork\bin\tests\unittests.icore.runtime.core.dll" id="be6fb6fa-f406-4f9d-ad54-a9ee3e4c1281">
      <Execution id="af835189-9ad5-44be-8795-9c5e987e7dbf" />
      <TestMethod codeBase="F:\ETWork\bin\Tests\UnitTests.iCore.Runtime.Core.dll" adapterTypeName="Microsoft.VisualStudio.TestTools.TestTypes.Unit.UnitTestAdapter" className="UnitTests.iCore.Runtime.Core.TimerExtensionTests" name="GetNextTimeToTrigger_AbsoluteTimer_ReturnsCorrectTime (Data Row 29)" />
    </UnitTest>
    <UnitTest name="GetNextTimeToTrigger_AbsoluteTimer_ReturnsCorrectTime (Data Row 30)" storage="f:\etwork\bin\tests\unittests.icore.runtime.core.dll" id="99564eca-4340-4234-a752-ac47d67b2e1b">
      <Execution id="b2fc9dca-4ca2-45ca-b081-8132b94be15e" />
      <TestMethod codeBase="F:\ETWork\bin\Tests\UnitTests.iCore.Runtime.Core.dll" adapterTypeName="Microsoft.VisualStudio.TestTools.TestTypes.Unit.UnitTestAdapter" className="UnitTests.iCore.Runtime.Core.TimerExtensionTests" name="GetNextTimeToTrigger_AbsoluteTimer_ReturnsCorrectTime (Data Row 30)" />
    </UnitTest>
    <UnitTest name="GetNextTimeToTrigger_AbsoluteTimer_ReturnsCorrectTime (Data Row 31)" storage="f:\etwork\bin\tests\unittests.icore.runtime.core.dll" id="1556411f-e013-4ef2-8e3a-c86b731dca7b">
      <Execution id="3ac10707-f721-4fba-9a86-515b7111d416" />
      <TestMethod codeBase="F:\ETWork\bin\Tests\UnitTests.iCore.Runtime.Core.dll" adapterTypeName="Microsoft.VisualStudio.TestTools.TestTypes.Unit.UnitTestAdapter" className="UnitTests.iCore.Runtime.Core.TimerExtensionTests" name="GetNextTimeToTrigger_AbsoluteTimer_ReturnsCorrectTime (Data Row 31)" />
    </UnitTest>
    <UnitTest name="GetNextTimeToTrigger_AbsoluteTimer_ReturnsCorrectTime (Data Row 32)" storage="f:\etwork\bin\tests\unittests.icore.runtime.core.dll" id="144f6952-00c6-4f29-8998-86fb9fde15c6">
      <Execution id="5db7786e-3fdf-46f0-8c89-1f2eaa8e4bf9" />
      <TestMethod codeBase="F:\ETWork\bin\Tests\UnitTests.iCore.Runtime.Core.dll" adapterTypeName="Microsoft.VisualStudio.TestTools.TestTypes.Unit.UnitTestAdapter" className="UnitTests.iCore.Runtime.Core.TimerExtensionTests" name="GetNextTimeToTrigger_AbsoluteTimer_ReturnsCorrectTime (Data Row 32)" />
    </UnitTest>
    <UnitTest name="GetNextTimeToTrigger_AbsoluteTimer_ReturnsCorrectTime (Data Row 33)" storage="f:\etwork\bin\tests\unittests.icore.runtime.core.dll" id="19dee92c-717d-47c8-bd06-b9c906b33b3c">
      <Execution id="c62d80c0-846d-4054-8ece-c53aaa8f239c" />
      <TestMethod codeBase="F:\ETWork\bin\Tests\UnitTests.iCore.Runtime.Core.dll" adapterTypeName="Microsoft.VisualStudio.TestTools.TestTypes.Unit.UnitTestAdapter" className="UnitTests.iCore.Runtime.Core.TimerExtensionTests" name="GetNextTimeToTrigger_AbsoluteTimer_ReturnsCorrectTime (Data Row 33)" />
    </UnitTest>
    <UnitTest name="GetNextTimeToTrigger_AbsoluteTimer_ReturnsCorrectTime (Data Row 34)" storage="f:\etwork\bin\tests\unittests.icore.runtime.core.dll" id="28a73f42-d018-4a23-9998-75b3621f6f0c">
      <Execution id="e257bcea-31b8-4291-9d87-f9a9651ddfb9" />
      <TestMethod codeBase="F:\ETWork\bin\Tests\UnitTests.iCore.Runtime.Core.dll" adapterTypeName="Microsoft.VisualStudio.TestTools.TestTypes.Unit.UnitTestAdapter" className="UnitTests.iCore.Runtime.Core.TimerExtensionTests" name="GetNextTimeToTrigger_AbsoluteTimer_ReturnsCorrectTime (Data Row 34)" />
    </UnitTest>
    <UnitTest name="GetNextTimeToTrigger_AbsoluteTimer_ReturnsCorrectTime (Data Row 35)" storage="f:\etwork\bin\tests\unittests.icore.runtime.core.dll" id="99dbfbbc-1e67-41d1-adf9-c03991aa746e">
      <Execution id="66be71df-f7ad-4660-b580-32451c0d5579" />
      <TestMethod codeBase="F:\ETWork\bin\Tests\UnitTests.iCore.Runtime.Core.dll" adapterTypeName="Microsoft.VisualStudio.TestTools.TestTypes.Unit.UnitTestAdapter" className="UnitTests.iCore.Runtime.Core.TimerExtensionTests" name="GetNextTimeToTrigger_AbsoluteTimer_ReturnsCorrectTime (Data Row 35)" />
    </UnitTest>
    <UnitTest name="GetNextTimeToTrigger_AbsoluteTimer_ReturnsCorrectTime (Data Row 36)" storage="f:\etwork\bin\tests\unittests.icore.runtime.core.dll" id="93b8da80-2f06-4a15-894e-fb15d4d324f2">
      <Execution id="5993f41c-0303-4634-9301-0f60c0e34aca" />
      <TestMethod codeBase="F:\ETWork\bin\Tests\UnitTests.iCore.Runtime.Core.dll" adapterTypeName="Microsoft.VisualStudio.TestTools.TestTypes.Unit.UnitTestAdapter" className="UnitTests.iCore.Runtime.Core.TimerExtensionTests" name="GetNextTimeToTrigger_AbsoluteTimer_ReturnsCorrectTime (Data Row 36)" />
    </UnitTest>
    <UnitTest name="GetNextTimeToTrigger_AbsoluteTimer_ReturnsCorrectTime (Data Row 37)" storage="f:\etwork\bin\tests\unittests.icore.runtime.core.dll" id="143fbf0c-948c-411f-babd-0f685dc98d15">
      <Execution id="3d3939da-87ca-4dcb-b831-5cd4cffee56a" />
      <TestMethod codeBase="F:\ETWork\bin\Tests\UnitTests.iCore.Runtime.Core.dll" adapterTypeName="Microsoft.VisualStudio.TestTools.TestTypes.Unit.UnitTestAdapter" className="UnitTests.iCore.Runtime.Core.TimerExtensionTests" name="GetNextTimeToTrigger_AbsoluteTimer_ReturnsCorrectTime (Data Row 37)" />
    </UnitTest>
    <UnitTest name="GetNextTimeToTrigger_AbsoluteTimer_ReturnsCorrectTime (Data Row 38)" storage="f:\etwork\bin\tests\unittests.icore.runtime.core.dll" id="2cc36502-4813-48ce-a0f4-2ff528ee29ef">
      <Execution id="cd720063-3ada-4d76-a705-d836fc254c94" />
      <TestMethod codeBase="F:\ETWork\bin\Tests\UnitTests.iCore.Runtime.Core.dll" adapterTypeName="Microsoft.VisualStudio.TestTools.TestTypes.Unit.UnitTestAdapter" className="UnitTests.iCore.Runtime.Core.TimerExtensionTests" name="GetNextTimeToTrigger_AbsoluteTimer_ReturnsCorrectTime (Data Row 38)" />
    </UnitTest>
    <UnitTest name="GetNextTimeToTrigger_AbsoluteTimer_ReturnsCorrectTime (Data Row 39)" storage="f:\etwork\bin\tests\unittests.icore.runtime.core.dll" id="3f9c4c05-6c4d-49da-a946-012d2d8c0518">
      <Execution id="858cc16f-497b-4fef-a5ae-3c8a629c8e3e" />
      <TestMethod codeBase="F:\ETWork\bin\Tests\UnitTests.iCore.Runtime.Core.dll" adapterTypeName="Microsoft.VisualStudio.TestTools.TestTypes.Unit.UnitTestAdapter" className="UnitTests.iCore.Runtime.Core.TimerExtensionTests" name="GetNextTimeToTrigger_AbsoluteTimer_ReturnsCorrectTime (Data Row 39)" />
    </UnitTest>
    <UnitTest name="GetNextTimeToTrigger_AbsoluteTimer_ReturnsCorrectTime (Data Row 40)" storage="f:\etwork\bin\tests\unittests.icore.runtime.core.dll" id="8bafdd35-f028-4bef-b876-8f8f08662593">
      <Execution id="929fffb4-c154-4503-a260-1373f092bfae" />
      <TestMethod codeBase="F:\ETWork\bin\Tests\UnitTests.iCore.Runtime.Core.dll" adapterTypeName="Microsoft.VisualStudio.TestTools.TestTypes.Unit.UnitTestAdapter" className="UnitTests.iCore.Runtime.Core.TimerExtensionTests" name="GetNextTimeToTrigger_AbsoluteTimer_ReturnsCorrectTime (Data Row 40)" />
    </UnitTest>
    <UnitTest name="GetNextTimeToTrigger_AbsoluteTimer_ReturnsCorrectTime (Data Row 41)" storage="f:\etwork\bin\tests\unittests.icore.runtime.core.dll" id="83a0d243-0426-47f1-96c5-5baab9d1a6fe">
      <Execution id="5654a934-16f5-4f16-884c-f5db97888817" />
      <TestMethod codeBase="F:\ETWork\bin\Tests\UnitTests.iCore.Runtime.Core.dll" adapterTypeName="Microsoft.VisualStudio.TestTools.TestTypes.Unit.UnitTestAdapter" className="UnitTests.iCore.Runtime.Core.TimerExtensionTests" name="GetNextTimeToTrigger_AbsoluteTimer_ReturnsCorrectTime (Data Row 41)" />
    </UnitTest>
    <UnitTest name="GetNextTimeToTrigger_AbsoluteTimer_ReturnsCorrectTime (Data Row 42)" storage="f:\etwork\bin\tests\unittests.icore.runtime.core.dll" id="fd887f65-4991-47c6-9711-5b33d2aab219">
      <Execution id="9aeec79d-5027-4eef-9ffc-be5c04d99e3b" />
      <TestMethod codeBase="F:\ETWork\bin\Tests\UnitTests.iCore.Runtime.Core.dll" adapterTypeName="Microsoft.VisualStudio.TestTools.TestTypes.Unit.UnitTestAdapter" className="UnitTests.iCore.Runtime.Core.TimerExtensionTests" name="GetNextTimeToTrigger_AbsoluteTimer_ReturnsCorrectTime (Data Row 42)" />
    </UnitTest>
    <UnitTest name="GetNextTimeToTrigger_AbsoluteTimer_ReturnsCorrectTime (Data Row 43)" storage="f:\etwork\bin\tests\unittests.icore.runtime.core.dll" id="8fda878d-a836-40de-b125-fd20a90a04d1">
      <Execution id="4c5e46ed-2aa1-48aa-903c-776605b49f41" />
      <TestMethod codeBase="F:\ETWork\bin\Tests\UnitTests.iCore.Runtime.Core.dll" adapterTypeName="Microsoft.VisualStudio.TestTools.TestTypes.Unit.UnitTestAdapter" className="UnitTests.iCore.Runtime.Core.TimerExtensionTests" name="GetNextTimeToTrigger_AbsoluteTimer_ReturnsCorrectTime (Data Row 43)" />
    </UnitTest>
    <UnitTest name="GetNextTimeToTrigger_AbsoluteTimer_ReturnsCorrectTime (Data Row 44)" storage="f:\etwork\bin\tests\unittests.icore.runtime.core.dll" id="b4866d79-da46-4218-aa4c-f72b7f79f00b">
      <Execution id="ee04bea0-e306-4336-b55c-ce929bbcdcf4" />
      <TestMethod codeBase="F:\ETWork\bin\Tests\UnitTests.iCore.Runtime.Core.dll" adapterTypeName="Microsoft.VisualStudio.TestTools.TestTypes.Unit.UnitTestAdapter" className="UnitTests.iCore.Runtime.Core.TimerExtensionTests" name="GetNextTimeToTrigger_AbsoluteTimer_ReturnsCorrectTime (Data Row 44)" />
    </UnitTest>
    <UnitTest name="GetNextTimeToTrigger_AbsoluteTimer_ReturnsCorrectTime (Data Row 45)" storage="f:\etwork\bin\tests\unittests.icore.runtime.core.dll" id="a0a1515f-5e12-4035-852c-cc351031ff17">
      <Execution id="0e1c1dd7-9a2a-4ad3-b822-f9a6fa5d646c" />
      <TestMethod codeBase="F:\ETWork\bin\Tests\UnitTests.iCore.Runtime.Core.dll" adapterTypeName="Microsoft.VisualStudio.TestTools.TestTypes.Unit.UnitTestAdapter" className="UnitTests.iCore.Runtime.Core.TimerExtensionTests" name="GetNextTimeToTrigger_AbsoluteTimer_ReturnsCorrectTime (Data Row 45)" />
    </UnitTest>
    <UnitTest name="GetNextTimeToTrigger_AbsoluteTimer_ReturnsCorrectTime (Data Row 46)" storage="f:\etwork\bin\tests\unittests.icore.runtime.core.dll" id="bd560b8b-2a60-4b0f-ba79-ab8dd58001d2">
      <Execution id="bf0deb0d-5e3b-44e9-b521-c29d067e1006" />
      <TestMethod codeBase="F:\ETWork\bin\Tests\UnitTests.iCore.Runtime.Core.dll" adapterTypeName="Microsoft.VisualStudio.TestTools.TestTypes.Unit.UnitTestAdapter" className="UnitTests.iCore.Runtime.Core.TimerExtensionTests" name="GetNextTimeToTrigger_AbsoluteTimer_ReturnsCorrectTime (Data Row 46)" />
    </UnitTest>
    <UnitTest name="GetNextTimeToTrigger_AbsoluteTimer_ReturnsCorrectTime (Data Row 47)" storage="f:\etwork\bin\tests\unittests.icore.runtime.core.dll" id="63a55f33-8769-4792-b77c-f470ab39594a">
      <Execution id="326e7754-bdb8-499b-85f1-2abb77ce5a8b" />
      <TestMethod codeBase="F:\ETWork\bin\Tests\UnitTests.iCore.Runtime.Core.dll" adapterTypeName="Microsoft.VisualStudio.TestTools.TestTypes.Unit.UnitTestAdapter" className="UnitTests.iCore.Runtime.Core.TimerExtensionTests" name="GetNextTimeToTrigger_AbsoluteTimer_ReturnsCorrectTime (Data Row 47)" />
    </UnitTest>
    <UnitTest name="GetNextTimeToTrigger_AbsoluteTimer_ReturnsCorrectTime (Data Row 48)" storage="f:\etwork\bin\tests\unittests.icore.runtime.core.dll" id="9b3c5748-e381-418e-a81c-bfbc4f5f2033">
      <Execution id="240dd910-10c2-402b-ba4e-e2e4d84789c8" />
      <TestMethod codeBase="F:\ETWork\bin\Tests\UnitTests.iCore.Runtime.Core.dll" adapterTypeName="Microsoft.VisualStudio.TestTools.TestTypes.Unit.UnitTestAdapter" className="UnitTests.iCore.Runtime.Core.TimerExtensionTests" name="GetNextTimeToTrigger_AbsoluteTimer_ReturnsCorrectTime (Data Row 48)" />
    </UnitTest>
    <UnitTest name="GetNextTimeToTrigger_AbsoluteTimer_ReturnsCorrectTime (Data Row 49)" storage="f:\etwork\bin\tests\unittests.icore.runtime.core.dll" id="11c744da-baca-460e-90c8-9ee42f4343cc">
      <Execution id="5c88b19b-4b5d-485c-a022-d293e725f405" />
      <TestMethod codeBase="F:\ETWork\bin\Tests\UnitTests.iCore.Runtime.Core.dll" adapterTypeName="Microsoft.VisualStudio.TestTools.TestTypes.Unit.UnitTestAdapter" className="UnitTests.iCore.Runtime.Core.TimerExtensionTests" name="GetNextTimeToTrigger_AbsoluteTimer_ReturnsCorrectTime (Data Row 49)" />
    </UnitTest>
    <UnitTest name="GetNextTimeToTrigger_AbsoluteTimer_ReturnsCorrectTime (Data Row 50)" storage="f:\etwork\bin\tests\unittests.icore.runtime.core.dll" id="c65fa320-0ab1-4c67-b0ac-dfe93444aafb">
      <Execution id="1742afb4-4cb2-4ac0-97b5-12c34a356fc6" />
      <TestMethod codeBase="F:\ETWork\bin\Tests\UnitTests.iCore.Runtime.Core.dll" adapterTypeName="Microsoft.VisualStudio.TestTools.TestTypes.Unit.UnitTestAdapter" className="UnitTests.iCore.Runtime.Core.TimerExtensionTests" name="GetNextTimeToTrigger_AbsoluteTimer_ReturnsCorrectTime (Data Row 50)" />
    </UnitTest>
    <UnitTest name="GetNextTimeToTrigger_AbsoluteTimer_ReturnsCorrectTime (Data Row 51)" storage="f:\etwork\bin\tests\unittests.icore.runtime.core.dll" id="b2c14114-5243-4fbe-a5e9-b9324b82608d">
      <Execution id="f6ac1924-0e97-4ae5-b6c3-b5ab749ec2e5" />
      <TestMethod codeBase="F:\ETWork\bin\Tests\UnitTests.iCore.Runtime.Core.dll" adapterTypeName="Microsoft.VisualStudio.TestTools.TestTypes.Unit.UnitTestAdapter" className="UnitTests.iCore.Runtime.Core.TimerExtensionTests" name="GetNextTimeToTrigger_AbsoluteTimer_ReturnsCorrectTime (Data Row 51)" />
    </UnitTest>
    <UnitTest name="GetNextTimeToTrigger_AbsoluteTimer_ReturnsCorrectTime (Data Row 52)" storage="f:\etwork\bin\tests\unittests.icore.runtime.core.dll" id="2bcd1aed-b502-4a7c-8268-cdddf1811f0d">
      <Execution id="c6ba8f3d-4bfd-47af-a4bf-3d3a34f6ed6e" />
      <TestMethod codeBase="F:\ETWork\bin\Tests\UnitTests.iCore.Runtime.Core.dll" adapterTypeName="Microsoft.VisualStudio.TestTools.TestTypes.Unit.UnitTestAdapter" className="UnitTests.iCore.Runtime.Core.TimerExtensionTests" name="GetNextTimeToTrigger_AbsoluteTimer_ReturnsCorrectTime (Data Row 52)" />
    </UnitTest>
    <UnitTest name="GetNextTimeToTrigger_AbsoluteTimer_ReturnsCorrectTime (Data Row 53)" storage="f:\etwork\bin\tests\unittests.icore.runtime.core.dll" id="d9037ae7-d1f0-4479-9967-fce84a464d32">
      <Execution id="35e0000c-2895-42bf-bdd4-9e98a5fd3722" />
      <TestMethod codeBase="F:\ETWork\bin\Tests\UnitTests.iCore.Runtime.Core.dll" adapterTypeName="Microsoft.VisualStudio.TestTools.TestTypes.Unit.UnitTestAdapter" className="UnitTests.iCore.Runtime.Core.TimerExtensionTests" name="GetNextTimeToTrigger_AbsoluteTimer_ReturnsCorrectTime (Data Row 53)" />
    </UnitTest>
    <UnitTest name="GetNextTimeToTrigger_AbsoluteTimer_ReturnsCorrectTime (Data Row 54)" storage="f:\etwork\bin\tests\unittests.icore.runtime.core.dll" id="014d511f-ede2-4643-a62b-bf98cbcaea3f">
      <Execution id="4a703a1a-0fab-459b-99dd-3f763796995f" />
      <TestMethod codeBase="F:\ETWork\bin\Tests\UnitTests.iCore.Runtime.Core.dll" adapterTypeName="Microsoft.VisualStudio.TestTools.TestTypes.Unit.UnitTestAdapter" className="UnitTests.iCore.Runtime.Core.TimerExtensionTests" name="GetNextTimeToTrigger_AbsoluteTimer_ReturnsCorrectTime (Data Row 54)" />
    </UnitTest>
    <UnitTest name="GetNextTimeToTrigger_AbsoluteTimer_ReturnsCorrectTime (Data Row 55)" storage="f:\etwork\bin\tests\unittests.icore.runtime.core.dll" id="445227fa-43d4-4eb1-acf8-5b359565f6b8">
      <Execution id="33eff308-113b-4c2b-89d6-2b036f65fc62" />
      <TestMethod codeBase="F:\ETWork\bin\Tests\UnitTests.iCore.Runtime.Core.dll" adapterTypeName="Microsoft.VisualStudio.TestTools.TestTypes.Unit.UnitTestAdapter" className="UnitTests.iCore.Runtime.Core.TimerExtensionTests" name="GetNextTimeToTrigger_AbsoluteTimer_ReturnsCorrectTime (Data Row 55)" />
    </UnitTest>
    <UnitTest name="GetNextTimeToTrigger_AbsoluteTimer_ReturnsCorrectTime (Data Row 56)" storage="f:\etwork\bin\tests\unittests.icore.runtime.core.dll" id="8f61865c-ffc2-4abd-b811-f4cd26576f10">
      <Execution id="5d5532b8-f1f0-4a9f-9a9c-6cc7f04c36d9" />
      <TestMethod codeBase="F:\ETWork\bin\Tests\UnitTests.iCore.Runtime.Core.dll" adapterTypeName="Microsoft.VisualStudio.TestTools.TestTypes.Unit.UnitTestAdapter" className="UnitTests.iCore.Runtime.Core.TimerExtensionTests" name="GetNextTimeToTrigger_AbsoluteTimer_ReturnsCorrectTime (Data Row 56)" />
    </UnitTest>
    <UnitTest name="GetNextTimeToTrigger_AbsoluteTimer_ReturnsCorrectTime (Data Row 57)" storage="f:\etwork\bin\tests\unittests.icore.runtime.core.dll" id="057136d1-470d-470f-869c-1f3aeadc8d9e">
      <Execution id="f0d15d6a-6c88-4c74-a06e-85d88a51cf92" />
      <TestMethod codeBase="F:\ETWork\bin\Tests\UnitTests.iCore.Runtime.Core.dll" adapterTypeName="Microsoft.VisualStudio.TestTools.TestTypes.Unit.UnitTestAdapter" className="UnitTests.iCore.Runtime.Core.TimerExtensionTests" name="GetNextTimeToTrigger_AbsoluteTimer_ReturnsCorrectTime (Data Row 57)" />
    </UnitTest>
    <UnitTest name="GetNextTimeToTrigger_AbsoluteTimer_ReturnsCorrectTime (Data Row 58)" storage="f:\etwork\bin\tests\unittests.icore.runtime.core.dll" id="c668f093-9c7a-4c39-aca9-f5fc52772184">
      <Execution id="c62e1c05-9a36-44e6-a503-89ab6d1faf7b" />
      <TestMethod codeBase="F:\ETWork\bin\Tests\UnitTests.iCore.Runtime.Core.dll" adapterTypeName="Microsoft.VisualStudio.TestTools.TestTypes.Unit.UnitTestAdapter" className="UnitTests.iCore.Runtime.Core.TimerExtensionTests" name="GetNextTimeToTrigger_AbsoluteTimer_ReturnsCorrectTime (Data Row 58)" />
    </UnitTest>
    <UnitTest name="GetNextTimeToTrigger_AbsoluteTimer_ReturnsCorrectTime (Data Row 59)" storage="f:\etwork\bin\tests\unittests.icore.runtime.core.dll" id="26a695e0-3002-4f0f-a4bb-ca2d04a06ffe">
      <Execution id="49a98a6d-cb66-4798-b3d6-b8cfc8546769" />
      <TestMethod codeBase="F:\ETWork\bin\Tests\UnitTests.iCore.Runtime.Core.dll" adapterTypeName="Microsoft.VisualStudio.TestTools.TestTypes.Unit.UnitTestAdapter" className="UnitTests.iCore.Runtime.Core.TimerExtensionTests" name="GetNextTimeToTrigger_AbsoluteTimer_ReturnsCorrectTime (Data Row 59)" />
    </UnitTest>
    <UnitTest name="GetNextTimeToTrigger_AbsoluteTimer_ReturnsCorrectTime (Data Row 60)" storage="f:\etwork\bin\tests\unittests.icore.runtime.core.dll" id="07c61454-f5c0-465f-9069-8e5214431b39">
      <Execution id="4d5b2591-b469-4e10-8396-06d082337e8f" />
      <TestMethod codeBase="F:\ETWork\bin\Tests\UnitTests.iCore.Runtime.Core.dll" adapterTypeName="Microsoft.VisualStudio.TestTools.TestTypes.Unit.UnitTestAdapter" className="UnitTests.iCore.Runtime.Core.TimerExtensionTests" name="GetNextTimeToTrigger_AbsoluteTimer_ReturnsCorrectTime (Data Row 60)" />
    </UnitTest>
    <UnitTest name="GetNextTimeToTrigger_AbsoluteTimer_ReturnsCorrectTime (Data Row 61)" storage="f:\etwork\bin\tests\unittests.icore.runtime.core.dll" id="816cc72f-3653-4286-b3b1-2aa77e651df2">
      <Execution id="18c80fe8-866b-4f4d-be10-ff3d0372ec43" />
      <TestMethod codeBase="F:\ETWork\bin\Tests\UnitTests.iCore.Runtime.Core.dll" adapterTypeName="Microsoft.VisualStudio.TestTools.TestTypes.Unit.UnitTestAdapter" className="UnitTests.iCore.Runtime.Core.TimerExtensionTests" name="GetNextTimeToTrigger_AbsoluteTimer_ReturnsCorrectTime (Data Row 61)" />
    </UnitTest>
    <UnitTest name="GetNextTimeToTrigger_AbsoluteTimer_ReturnsCorrectTime (Data Row 62)" storage="f:\etwork\bin\tests\unittests.icore.runtime.core.dll" id="ca1dd6b6-0520-4381-a399-3b90d00bbc4f">
      <Execution id="971b36da-c3a0-4e5f-b243-b0235d3a38e9" />
      <TestMethod codeBase="F:\ETWork\bin\Tests\UnitTests.iCore.Runtime.Core.dll" adapterTypeName="Microsoft.VisualStudio.TestTools.TestTypes.Unit.UnitTestAdapter" className="UnitTests.iCore.Runtime.Core.TimerExtensionTests" name="GetNextTimeToTrigger_AbsoluteTimer_ReturnsCorrectTime (Data Row 62)" />
    </UnitTest>
    <UnitTest name="GetNextTimeToTrigger_AbsoluteTimer_ReturnsCorrectTime (Data Row 63)" storage="f:\etwork\bin\tests\unittests.icore.runtime.core.dll" id="9ad6dba5-64b1-4d83-8ed8-87dbdb537aaa">
      <Execution id="8aa3f500-bedf-4d91-8faa-5ef528397dee" />
      <TestMethod codeBase="F:\ETWork\bin\Tests\UnitTests.iCore.Runtime.Core.dll" adapterTypeName="Microsoft.VisualStudio.TestTools.TestTypes.Unit.UnitTestAdapter" className="UnitTests.iCore.Runtime.Core.TimerExtensionTests" name="GetNextTimeToTrigger_AbsoluteTimer_ReturnsCorrectTime (Data Row 63)" />
    </UnitTest>
    <UnitTest name="GetNextTimeToTrigger_AbsoluteTimer_ReturnsCorrectTime (Data Row 64)" storage="f:\etwork\bin\tests\unittests.icore.runtime.core.dll" id="a89129fb-f2e3-4d9e-b41c-66ac21af82ec">
      <Execution id="984db637-b05c-475a-b3bd-c44be1ece665" />
      <TestMethod codeBase="F:\ETWork\bin\Tests\UnitTests.iCore.Runtime.Core.dll" adapterTypeName="Microsoft.VisualStudio.TestTools.TestTypes.Unit.UnitTestAdapter" className="UnitTests.iCore.Runtime.Core.TimerExtensionTests" name="GetNextTimeToTrigger_AbsoluteTimer_ReturnsCorrectTime (Data Row 64)" />
    </UnitTest>
    <UnitTest name="GetNextTimeToTrigger_AbsoluteTimer_ReturnsCorrectTime (Data Row 65)" storage="f:\etwork\bin\tests\unittests.icore.runtime.core.dll" id="59951849-6129-4458-adba-6948300498e9">
      <Execution id="a18dd988-253d-46e2-977f-59afee317ed4" />
      <TestMethod codeBase="F:\ETWork\bin\Tests\UnitTests.iCore.Runtime.Core.dll" adapterTypeName="Microsoft.VisualStudio.TestTools.TestTypes.Unit.UnitTestAdapter" className="UnitTests.iCore.Runtime.Core.TimerExtensionTests" name="GetNextTimeToTrigger_AbsoluteTimer_ReturnsCorrectTime (Data Row 65)" />
    </UnitTest>
    <UnitTest name="GetNextTimeToTrigger_AbsoluteTimer_ReturnsCorrectTime (Data Row 66)" storage="f:\etwork\bin\tests\unittests.icore.runtime.core.dll" id="a3f394c7-9df0-405e-8f29-e6a07c72b4c7">
      <Execution id="02b16d1e-a6ee-4fd8-b55d-0a916d780d33" />
      <TestMethod codeBase="F:\ETWork\bin\Tests\UnitTests.iCore.Runtime.Core.dll" adapterTypeName="Microsoft.VisualStudio.TestTools.TestTypes.Unit.UnitTestAdapter" className="UnitTests.iCore.Runtime.Core.TimerExtensionTests" name="GetNextTimeToTrigger_AbsoluteTimer_ReturnsCorrectTime (Data Row 66)" />
    </UnitTest>
    <UnitTest name="GetNextTimeToTrigger_AbsoluteTimer_ReturnsCorrectTime (Data Row 67)" storage="f:\etwork\bin\tests\unittests.icore.runtime.core.dll" id="22b0384d-dc86-4e9c-bcf0-07c90c4f5a98">
      <Execution id="a1543642-f065-40c3-8c79-efc66976b301" />
      <TestMethod codeBase="F:\ETWork\bin\Tests\UnitTests.iCore.Runtime.Core.dll" adapterTypeName="Microsoft.VisualStudio.TestTools.TestTypes.Unit.UnitTestAdapter" className="UnitTests.iCore.Runtime.Core.TimerExtensionTests" name="GetNextTimeToTrigger_AbsoluteTimer_ReturnsCorrectTime (Data Row 67)" />
    </UnitTest>
    <UnitTest name="GetNextTimeToTrigger_AbsoluteTimer_ReturnsCorrectTime (Data Row 68)" storage="f:\etwork\bin\tests\unittests.icore.runtime.core.dll" id="ae7b13ff-25b7-4ca8-a467-582569f3524c">
      <Execution id="ed921525-ddd7-41c1-802b-efafa36de1ec" />
      <TestMethod codeBase="F:\ETWork\bin\Tests\UnitTests.iCore.Runtime.Core.dll" adapterTypeName="Microsoft.VisualStudio.TestTools.TestTypes.Unit.UnitTestAdapter" className="UnitTests.iCore.Runtime.Core.TimerExtensionTests" name="GetNextTimeToTrigger_AbsoluteTimer_ReturnsCorrectTime (Data Row 68)" />
    </UnitTest>
    <UnitTest name="GetNextTimeToTrigger_AbsoluteTimer_ReturnsCorrectTime (Data Row 69)" storage="f:\etwork\bin\tests\unittests.icore.runtime.core.dll" id="d060ce7c-fdfe-4356-a11a-f358693f3d17">
      <Execution id="34300453-f23c-4b04-bb9d-2d0ba3d912a2" />
      <TestMethod codeBase="F:\ETWork\bin\Tests\UnitTests.iCore.Runtime.Core.dll" adapterTypeName="Microsoft.VisualStudio.TestTools.TestTypes.Unit.UnitTestAdapter" className="UnitTests.iCore.Runtime.Core.TimerExtensionTests" name="GetNextTimeToTrigger_AbsoluteTimer_ReturnsCorrectTime (Data Row 69)" />
    </UnitTest>
    <UnitTest name="GetNextTimeToTrigger_AbsoluteTimer_ReturnsCorrectTime (Data Row 70)" storage="f:\etwork\bin\tests\unittests.icore.runtime.core.dll" id="adec6e44-abca-461e-b5da-63bae25605d1">
      <Execution id="96a71d0b-886f-4ad1-8de0-d89231a2aeaa" />
      <TestMethod codeBase="F:\ETWork\bin\Tests\UnitTests.iCore.Runtime.Core.dll" adapterTypeName="Microsoft.VisualStudio.TestTools.TestTypes.Unit.UnitTestAdapter" className="UnitTests.iCore.Runtime.Core.TimerExtensionTests" name="GetNextTimeToTrigger_AbsoluteTimer_ReturnsCorrectTime (Data Row 70)" />
    </UnitTest>
    <UnitTest name="GetNextTimeToTrigger_AbsoluteTimer_ReturnsCorrectTime (Data Row 71)" storage="f:\etwork\bin\tests\unittests.icore.runtime.core.dll" id="6803ad7f-79ff-4c77-a4ac-c2c82882deed">
      <Execution id="98a61919-97f3-4487-9884-76b75575c465" />
      <TestMethod codeBase="F:\ETWork\bin\Tests\UnitTests.iCore.Runtime.Core.dll" adapterTypeName="Microsoft.VisualStudio.TestTools.TestTypes.Unit.UnitTestAdapter" className="UnitTests.iCore.Runtime.Core.TimerExtensionTests" name="GetNextTimeToTrigger_AbsoluteTimer_ReturnsCorrectTime (Data Row 71)" />
    </UnitTest>
    <UnitTest name="GetNextTimeToTrigger_AbsoluteTimer_ReturnsCorrectTime (Data Row 72)" storage="f:\etwork\bin\tests\unittests.icore.runtime.core.dll" id="52a1b219-b71a-426f-95c2-a756e79284bd">
      <Execution id="a372acf3-1122-4071-85a3-b5c80ca0d138" />
      <TestMethod codeBase="F:\ETWork\bin\Tests\UnitTests.iCore.Runtime.Core.dll" adapterTypeName="Microsoft.VisualStudio.TestTools.TestTypes.Unit.UnitTestAdapter" className="UnitTests.iCore.Runtime.Core.TimerExtensionTests" name="GetNextTimeToTrigger_AbsoluteTimer_ReturnsCorrectTime (Data Row 72)" />
    </UnitTest>
    <UnitTest name="GetNextTimeToTrigger_AbsoluteTimer_ReturnsCorrectTime (Data Row 73)" storage="f:\etwork\bin\tests\unittests.icore.runtime.core.dll" id="1fd93f3f-1326-4aa9-8ce3-d9420f8443a4">
      <Execution id="40611334-0c22-4c68-84ce-b48c3010c211" />
      <TestMethod codeBase="F:\ETWork\bin\Tests\UnitTests.iCore.Runtime.Core.dll" adapterTypeName="Microsoft.VisualStudio.TestTools.TestTypes.Unit.UnitTestAdapter" className="UnitTests.iCore.Runtime.Core.TimerExtensionTests" name="GetNextTimeToTrigger_AbsoluteTimer_ReturnsCorrectTime (Data Row 73)" />
    </UnitTest>
    <UnitTest name="GetNextTimeToTrigger_AbsoluteTimer_ReturnsCorrectTime (Data Row 74)" storage="f:\etwork\bin\tests\unittests.icore.runtime.core.dll" id="728c09c3-df32-480c-bc3d-b36fdd4550e8">
      <Execution id="df3b998a-502d-4864-a226-14fc126ec823" />
      <TestMethod codeBase="F:\ETWork\bin\Tests\UnitTests.iCore.Runtime.Core.dll" adapterTypeName="Microsoft.VisualStudio.TestTools.TestTypes.Unit.UnitTestAdapter" className="UnitTests.iCore.Runtime.Core.TimerExtensionTests" name="GetNextTimeToTrigger_AbsoluteTimer_ReturnsCorrectTime (Data Row 74)" />
    </UnitTest>
    <UnitTest name="GetNextTimeToTrigger_AbsoluteTimer_ReturnsCorrectTime (Data Row 75)" storage="f:\etwork\bin\tests\unittests.icore.runtime.core.dll" id="d7441cf7-2d19-4775-a127-85f5a5eb3e1c">
      <Execution id="fbc4c7d8-4e23-4a53-90dd-1c111ece1b58" />
      <TestMethod codeBase="F:\ETWork\bin\Tests\UnitTests.iCore.Runtime.Core.dll" adapterTypeName="Microsoft.VisualStudio.TestTools.TestTypes.Unit.UnitTestAdapter" className="UnitTests.iCore.Runtime.Core.TimerExtensionTests" name="GetNextTimeToTrigger_AbsoluteTimer_ReturnsCorrectTime (Data Row 75)" />
    </UnitTest>
    <UnitTest name="GetNextTimeToTrigger_AbsoluteTimer_ReturnsCorrectTime (Data Row 76)" storage="f:\etwork\bin\tests\unittests.icore.runtime.core.dll" id="e88cb8f1-9dc0-40ba-9ac5-e2a0c2f90656">
      <Execution id="cd7754a3-0d14-40f9-8652-8549516d1c2d" />
      <TestMethod codeBase="F:\ETWork\bin\Tests\UnitTests.iCore.Runtime.Core.dll" adapterTypeName="Microsoft.VisualStudio.TestTools.TestTypes.Unit.UnitTestAdapter" className="UnitTests.iCore.Runtime.Core.TimerExtensionTests" name="GetNextTimeToTrigger_AbsoluteTimer_ReturnsCorrectTime (Data Row 76)" />
    </UnitTest>
    <UnitTest name="GetNextTimeToTrigger_AbsoluteTimer_ReturnsCorrectTime (Data Row 77)" storage="f:\etwork\bin\tests\unittests.icore.runtime.core.dll" id="50df5864-7524-412b-baf6-e53fb57cd0f9">
      <Execution id="d24ac617-bf8b-4e21-8af6-d68f0e826923" />
      <TestMethod codeBase="F:\ETWork\bin\Tests\UnitTests.iCore.Runtime.Core.dll" adapterTypeName="Microsoft.VisualStudio.TestTools.TestTypes.Unit.UnitTestAdapter" className="UnitTests.iCore.Runtime.Core.TimerExtensionTests" name="GetNextTimeToTrigger_AbsoluteTimer_ReturnsCorrectTime (Data Row 77)" />
    </UnitTest>
    <UnitTest name="GetNextTimeToTrigger_AbsoluteTimer_ReturnsCorrectTime (Data Row 78)" storage="f:\etwork\bin\tests\unittests.icore.runtime.core.dll" id="e2d810b9-cec5-4dbd-80ed-95ab99cce231">
      <Execution id="137b4572-baa1-4e10-85bc-5a5c8f0a18db" />
      <TestMethod codeBase="F:\ETWork\bin\Tests\UnitTests.iCore.Runtime.Core.dll" adapterTypeName="Microsoft.VisualStudio.TestTools.TestTypes.Unit.UnitTestAdapter" className="UnitTests.iCore.Runtime.Core.TimerExtensionTests" name="GetNextTimeToTrigger_AbsoluteTimer_ReturnsCorrectTime (Data Row 78)" />
    </UnitTest>
    <UnitTest name="GetNextTimeToTrigger_AbsoluteTimer_ReturnsCorrectTime (Data Row 79)" storage="f:\etwork\bin\tests\unittests.icore.runtime.core.dll" id="27cecf34-66b7-430a-9490-0ee87c176c7b">
      <Execution id="daa2a527-dca6-4ab2-be55-14445d867658" />
      <TestMethod codeBase="F:\ETWork\bin\Tests\UnitTests.iCore.Runtime.Core.dll" adapterTypeName="Microsoft.VisualStudio.TestTools.TestTypes.Unit.UnitTestAdapter" className="UnitTests.iCore.Runtime.Core.TimerExtensionTests" name="GetNextTimeToTrigger_AbsoluteTimer_ReturnsCorrectTime (Data Row 79)" />
    </UnitTest>
    <UnitTest name="GetNextTimeToTrigger_AbsoluteTimer_ReturnsCorrectTime (Data Row 80)" storage="f:\etwork\bin\tests\unittests.icore.runtime.core.dll" id="933c5f28-62df-4352-a4c7-8b196a292df9">
      <Execution id="b31580d6-be9d-4429-b79b-361679640bde" />
      <TestMethod codeBase="F:\ETWork\bin\Tests\UnitTests.iCore.Runtime.Core.dll" adapterTypeName="Microsoft.VisualStudio.TestTools.TestTypes.Unit.UnitTestAdapter" className="UnitTests.iCore.Runtime.Core.TimerExtensionTests" name="GetNextTimeToTrigger_AbsoluteTimer_ReturnsCorrectTime (Data Row 80)" />
    </UnitTest>
    <UnitTest name="GetNextTimeToTrigger_AbsoluteTimer_ReturnsCorrectTime (Data Row 81)" storage="f:\etwork\bin\tests\unittests.icore.runtime.core.dll" id="e4d73f40-4d31-4b9f-a456-8aeadea23bc9">
      <Execution id="8d05bced-bfc3-4ca5-b550-d04d20f3fda8" />
      <TestMethod codeBase="F:\ETWork\bin\Tests\UnitTests.iCore.Runtime.Core.dll" adapterTypeName="Microsoft.VisualStudio.TestTools.TestTypes.Unit.UnitTestAdapter" className="UnitTests.iCore.Runtime.Core.TimerExtensionTests" name="GetNextTimeToTrigger_AbsoluteTimer_ReturnsCorrectTime (Data Row 81)" />
    </UnitTest>
    <UnitTest name="GetNextTimeToTrigger_AbsoluteTimer_ReturnsCorrectTime (Data Row 82)" storage="f:\etwork\bin\tests\unittests.icore.runtime.core.dll" id="7c51ab4f-db98-4a99-9393-31963968a0cf">
      <Execution id="6bc4b14e-18e4-4522-83b2-6a273b55d97b" />
      <TestMethod codeBase="F:\ETWork\bin\Tests\UnitTests.iCore.Runtime.Core.dll" adapterTypeName="Microsoft.VisualStudio.TestTools.TestTypes.Unit.UnitTestAdapter" className="UnitTests.iCore.Runtime.Core.TimerExtensionTests" name="GetNextTimeToTrigger_AbsoluteTimer_ReturnsCorrectTime (Data Row 82)" />
    </UnitTest>
    <UnitTest name="GetNextTimeToTrigger_AbsoluteTimer_ReturnsCorrectTime (Data Row 83)" storage="f:\etwork\bin\tests\unittests.icore.runtime.core.dll" id="8b548c92-7494-43ec-bdd9-8ee9ba7107a3">
      <Execution id="406d8ab5-e753-4aa2-aa47-8deaa9e15746" />
      <TestMethod codeBase="F:\ETWork\bin\Tests\UnitTests.iCore.Runtime.Core.dll" adapterTypeName="Microsoft.VisualStudio.TestTools.TestTypes.Unit.UnitTestAdapter" className="UnitTests.iCore.Runtime.Core.TimerExtensionTests" name="GetNextTimeToTrigger_AbsoluteTimer_ReturnsCorrectTime (Data Row 83)" />
    </UnitTest>
    <UnitTest name="GetNextTimeToTrigger_AbsoluteTimer_ReturnsCorrectTime (Data Row 84)" storage="f:\etwork\bin\tests\unittests.icore.runtime.core.dll" id="64b74f30-6d81-4a14-95f7-90488767e4d7">
      <Execution id="59925748-1f1a-41e0-a1d9-de2f0ac52630" />
      <TestMethod codeBase="F:\ETWork\bin\Tests\UnitTests.iCore.Runtime.Core.dll" adapterTypeName="Microsoft.VisualStudio.TestTools.TestTypes.Unit.UnitTestAdapter" className="UnitTests.iCore.Runtime.Core.TimerExtensionTests" name="GetNextTimeToTrigger_AbsoluteTimer_ReturnsCorrectTime (Data Row 84)" />
    </UnitTest>
    <UnitTest name="GetNextTimeToTrigger_AbsoluteTimer_ReturnsCorrectTime (Data Row 85)" storage="f:\etwork\bin\tests\unittests.icore.runtime.core.dll" id="ef759501-3967-42a5-b660-1673eafaeaed">
      <Execution id="3b5e56fe-0ba1-4594-bb08-3a5d2c1d792a" />
      <TestMethod codeBase="F:\ETWork\bin\Tests\UnitTests.iCore.Runtime.Core.dll" adapterTypeName="Microsoft.VisualStudio.TestTools.TestTypes.Unit.UnitTestAdapter" className="UnitTests.iCore.Runtime.Core.TimerExtensionTests" name="GetNextTimeToTrigger_AbsoluteTimer_ReturnsCorrectTime (Data Row 85)" />
    </UnitTest>
    <UnitTest name="GetNextTimeToTrigger_AbsoluteTimer_ReturnsCorrectTime (Data Row 86)" storage="f:\etwork\bin\tests\unittests.icore.runtime.core.dll" id="6ac051f7-a064-4088-9438-a34429aa12a2">
      <Execution id="f8efc3ef-39c7-4a53-9de5-fd25af3340be" />
      <TestMethod codeBase="F:\ETWork\bin\Tests\UnitTests.iCore.Runtime.Core.dll" adapterTypeName="Microsoft.VisualStudio.TestTools.TestTypes.Unit.UnitTestAdapter" className="UnitTests.iCore.Runtime.Core.TimerExtensionTests" name="GetNextTimeToTrigger_AbsoluteTimer_ReturnsCorrectTime (Data Row 86)" />
    </UnitTest>
    <UnitTest name="GetNextTimeToTrigger_AbsoluteTimer_ReturnsCorrectTime (Data Row 87)" storage="f:\etwork\bin\tests\unittests.icore.runtime.core.dll" id="c51c2fa8-e7d3-46e0-b135-77fd8dcedf4c">
      <Execution id="a224eb22-aa15-4abf-a748-a0e4191361f7" />
      <TestMethod codeBase="F:\ETWork\bin\Tests\UnitTests.iCore.Runtime.Core.dll" adapterTypeName="Microsoft.VisualStudio.TestTools.TestTypes.Unit.UnitTestAdapter" className="UnitTests.iCore.Runtime.Core.TimerExtensionTests" name="GetNextTimeToTrigger_AbsoluteTimer_ReturnsCorrectTime (Data Row 87)" />
    </UnitTest>
    <UnitTest name="GetNextTimeToTrigger_AbsoluteTimer_ReturnsCorrectTime (Data Row 88)" storage="f:\etwork\bin\tests\unittests.icore.runtime.core.dll" id="f01082f4-5ceb-4703-939f-643f82d21992">
      <Execution id="75e0489a-1a0e-4b01-b976-c652e67ce2e3" />
      <TestMethod codeBase="F:\ETWork\bin\Tests\UnitTests.iCore.Runtime.Core.dll" adapterTypeName="Microsoft.VisualStudio.TestTools.TestTypes.Unit.UnitTestAdapter" className="UnitTests.iCore.Runtime.Core.TimerExtensionTests" name="GetNextTimeToTrigger_AbsoluteTimer_ReturnsCorrectTime (Data Row 88)" />
    </UnitTest>
    <UnitTest name="GetNextTimeToTrigger_PeriodicTimer_ReturnsCorrectTime (Data Row 0)" storage="f:\etwork\bin\tests\unittests.icore.runtime.core.dll" id="d754b16c-3863-4209-a901-177cae3a95aa">
      <Execution id="5ea86587-cb64-4d96-af5a-9e19b94378bc" />
      <TestMethod codeBase="F:\ETWork\bin\Tests\UnitTests.iCore.Runtime.Core.dll" adapterTypeName="Microsoft.VisualStudio.TestTools.TestTypes.Unit.UnitTestAdapter" className="UnitTests.iCore.Runtime.Core.TimerExtensionTests" name="GetNextTimeToTrigger_PeriodicTimer_ReturnsCorrectTime (Data Row 0)" />
    </UnitTest>
    <UnitTest name="GetNextTimeToTrigger_PeriodicTimer_ReturnsCorrectTime (Data Row 1)" storage="f:\etwork\bin\tests\unittests.icore.runtime.core.dll" id="9e21c6bc-df19-439d-ab99-6eb6c5a069de">
      <Execution id="3370f256-ee72-4b18-a295-e88f2bc694b3" />
      <TestMethod codeBase="F:\ETWork\bin\Tests\UnitTests.iCore.Runtime.Core.dll" adapterTypeName="Microsoft.VisualStudio.TestTools.TestTypes.Unit.UnitTestAdapter" className="UnitTests.iCore.Runtime.Core.TimerExtensionTests" name="GetNextTimeToTrigger_PeriodicTimer_ReturnsCorrectTime (Data Row 1)" />
    </UnitTest>
    <UnitTest name="GetNextTimeToTrigger_PeriodicTimer_ReturnsCorrectTime (Data Row 2)" storage="f:\etwork\bin\tests\unittests.icore.runtime.core.dll" id="b7215e35-7ad8-4df6-9394-0351ff41ce8d">
      <Execution id="a36ce6d4-1209-4057-a43e-a051686b7888" />
      <TestMethod codeBase="F:\ETWork\bin\Tests\UnitTests.iCore.Runtime.Core.dll" adapterTypeName="Microsoft.VisualStudio.TestTools.TestTypes.Unit.UnitTestAdapter" className="UnitTests.iCore.Runtime.Core.TimerExtensionTests" name="GetNextTimeToTrigger_PeriodicTimer_ReturnsCorrectTime (Data Row 2)" />
    </UnitTest>
    <UnitTest name="GetNextTimeToTrigger_PeriodicTimer_ReturnsCorrectTime (Data Row 3)" storage="f:\etwork\bin\tests\unittests.icore.runtime.core.dll" id="224b35f4-a8d8-454d-a6d7-416005fdfaf6">
      <Execution id="ebe6caee-f5eb-4604-867c-003dbf9aa1a4" />
      <TestMethod codeBase="F:\ETWork\bin\Tests\UnitTests.iCore.Runtime.Core.dll" adapterTypeName="Microsoft.VisualStudio.TestTools.TestTypes.Unit.UnitTestAdapter" className="UnitTests.iCore.Runtime.Core.TimerExtensionTests" name="GetNextTimeToTrigger_PeriodicTimer_ReturnsCorrectTime (Data Row 3)" />
    </UnitTest>
    <UnitTest name="GetNextTimeToTrigger_PeriodicTimer_ReturnsCorrectTime (Data Row 4)" storage="f:\etwork\bin\tests\unittests.icore.runtime.core.dll" id="e080cedb-1e81-4e25-9547-59baf7e00a7d">
      <Execution id="5e47ed14-239b-419c-997e-ab49c5100faf" />
      <TestMethod codeBase="F:\ETWork\bin\Tests\UnitTests.iCore.Runtime.Core.dll" adapterTypeName="Microsoft.VisualStudio.TestTools.TestTypes.Unit.UnitTestAdapter" className="UnitTests.iCore.Runtime.Core.TimerExtensionTests" name="GetNextTimeToTrigger_PeriodicTimer_ReturnsCorrectTime (Data Row 4)" />
    </UnitTest>
    <UnitTest name="GetNextTimeToTrigger_PeriodicTimer_ReturnsCorrectTime (Data Row 5)" storage="f:\etwork\bin\tests\unittests.icore.runtime.core.dll" id="fdc20f7a-311d-4a93-aa6b-68664a876265">
      <Execution id="23cdccfd-5cf1-47e4-b210-08a15add3d62" />
      <TestMethod codeBase="F:\ETWork\bin\Tests\UnitTests.iCore.Runtime.Core.dll" adapterTypeName="Microsoft.VisualStudio.TestTools.TestTypes.Unit.UnitTestAdapter" className="UnitTests.iCore.Runtime.Core.TimerExtensionTests" name="GetNextTimeToTrigger_PeriodicTimer_ReturnsCorrectTime (Data Row 5)" />
    </UnitTest>
    <UnitTest name="GetNextTimeToTrigger_PeriodicTimer_ReturnsCorrectTime (Data Row 6)" storage="f:\etwork\bin\tests\unittests.icore.runtime.core.dll" id="cb4a9468-abb8-4a01-9855-b6e018bd8f1f">
      <Execution id="1039096c-567b-4859-9cf7-2946dab34ace" />
      <TestMethod codeBase="F:\ETWork\bin\Tests\UnitTests.iCore.Runtime.Core.dll" adapterTypeName="Microsoft.VisualStudio.TestTools.TestTypes.Unit.UnitTestAdapter" className="UnitTests.iCore.Runtime.Core.TimerExtensionTests" name="GetNextTimeToTrigger_PeriodicTimer_ReturnsCorrectTime (Data Row 6)" />
    </UnitTest>
    <UnitTest name="GetNextTimeToTrigger_PeriodicTimer_ReturnsCorrectTime (Data Row 7)" storage="f:\etwork\bin\tests\unittests.icore.runtime.core.dll" id="62435300-bca0-4fc9-a37e-b3b318274e86">
      <Execution id="b9d314e8-2a6a-4d09-89a3-bbd576249ae8" />
      <TestMethod codeBase="F:\ETWork\bin\Tests\UnitTests.iCore.Runtime.Core.dll" adapterTypeName="Microsoft.VisualStudio.TestTools.TestTypes.Unit.UnitTestAdapter" className="UnitTests.iCore.Runtime.Core.TimerExtensionTests" name="GetNextTimeToTrigger_PeriodicTimer_ReturnsCorrectTime (Data Row 7)" />
    </UnitTest>
    <UnitTest name="GetNextTimeToTrigger_PeriodicTimer_ReturnsCorrectTime (Data Row 8)" storage="f:\etwork\bin\tests\unittests.icore.runtime.core.dll" id="ce7affeb-cf6a-4624-bd94-c59135ea545f">
      <Execution id="06d1a4f7-efd9-4d05-82db-aba8711f8598" />
      <TestMethod codeBase="F:\ETWork\bin\Tests\UnitTests.iCore.Runtime.Core.dll" adapterTypeName="Microsoft.VisualStudio.TestTools.TestTypes.Unit.UnitTestAdapter" className="UnitTests.iCore.Runtime.Core.TimerExtensionTests" name="GetNextTimeToTrigger_PeriodicTimer_ReturnsCorrectTime (Data Row 8)" />
    </UnitTest>
    <UnitTest name="GetNextTimeToTrigger_PeriodicTimer_ReturnsCorrectTime (Data Row 9)" storage="f:\etwork\bin\tests\unittests.icore.runtime.core.dll" id="3f282069-4a7b-4dd6-af40-23c48b5a141c">
      <Execution id="373cb456-5fa0-45d6-afa2-86ed17b64a3c" />
      <TestMethod codeBase="F:\ETWork\bin\Tests\UnitTests.iCore.Runtime.Core.dll" adapterTypeName="Microsoft.VisualStudio.TestTools.TestTypes.Unit.UnitTestAdapter" className="UnitTests.iCore.Runtime.Core.TimerExtensionTests" name="GetNextTimeToTrigger_PeriodicTimer_ReturnsCorrectTime (Data Row 9)" />
    </UnitTest>
    <UnitTest name="GetNextTimeToTrigger_PeriodicTimer_ReturnsCorrectTime (Data Row 10)" storage="f:\etwork\bin\tests\unittests.icore.runtime.core.dll" id="36a53eec-161c-4889-bda1-cf6f35492116">
      <Execution id="1554d58c-eee0-47ad-9161-7ce2b50a4e5a" />
      <TestMethod codeBase="F:\ETWork\bin\Tests\UnitTests.iCore.Runtime.Core.dll" adapterTypeName="Microsoft.VisualStudio.TestTools.TestTypes.Unit.UnitTestAdapter" className="UnitTests.iCore.Runtime.Core.TimerExtensionTests" name="GetNextTimeToTrigger_PeriodicTimer_ReturnsCorrectTime (Data Row 10)" />
    </UnitTest>
    <UnitTest name="GetNextTimeToTrigger_PeriodicTimer_ReturnsCorrectTime (Data Row 11)" storage="f:\etwork\bin\tests\unittests.icore.runtime.core.dll" id="d3891cea-7ba5-4325-b5de-4e8e9e61c08d">
      <Execution id="749df0ba-4fdf-4c84-972f-c65c6e5fa213" />
      <TestMethod codeBase="F:\ETWork\bin\Tests\UnitTests.iCore.Runtime.Core.dll" adapterTypeName="Microsoft.VisualStudio.TestTools.TestTypes.Unit.UnitTestAdapter" className="UnitTests.iCore.Runtime.Core.TimerExtensionTests" name="GetNextTimeToTrigger_PeriodicTimer_ReturnsCorrectTime (Data Row 11)" />
    </UnitTest>
    <UnitTest name="GetNextTimeToTrigger_PeriodicTimer_ReturnsCorrectTime (Data Row 12)" storage="f:\etwork\bin\tests\unittests.icore.runtime.core.dll" id="843ce20a-ee97-489f-9a47-80049fe0932a">
      <Execution id="93a89bda-2443-4937-9106-7e0603971317" />
      <TestMethod codeBase="F:\ETWork\bin\Tests\UnitTests.iCore.Runtime.Core.dll" adapterTypeName="Microsoft.VisualStudio.TestTools.TestTypes.Unit.UnitTestAdapter" className="UnitTests.iCore.Runtime.Core.TimerExtensionTests" name="GetNextTimeToTrigger_PeriodicTimer_ReturnsCorrectTime (Data Row 12)" />
    </UnitTest>
    <UnitTest name="GetNextTimeToTrigger_PeriodicTimer_ReturnsCorrectTime (Data Row 13)" storage="f:\etwork\bin\tests\unittests.icore.runtime.core.dll" id="ea408855-91f4-41c5-a672-e4c845f88e7f">
      <Execution id="4bb7a1ba-41e0-4e6d-a4e2-01374ef07cb4" />
      <TestMethod codeBase="F:\ETWork\bin\Tests\UnitTests.iCore.Runtime.Core.dll" adapterTypeName="Microsoft.VisualStudio.TestTools.TestTypes.Unit.UnitTestAdapter" className="UnitTests.iCore.Runtime.Core.TimerExtensionTests" name="GetNextTimeToTrigger_PeriodicTimer_ReturnsCorrectTime (Data Row 13)" />
    </UnitTest>
    <UnitTest name="GetNextTimeToTrigger_PeriodicTimer_ReturnsCorrectTime (Data Row 14)" storage="f:\etwork\bin\tests\unittests.icore.runtime.core.dll" id="64e718db-cfd3-453e-9882-4acfbfc98bce">
      <Execution id="0fc80ac2-6367-4dcd-a9c1-ede58e4c52b6" />
      <TestMethod codeBase="F:\ETWork\bin\Tests\UnitTests.iCore.Runtime.Core.dll" adapterTypeName="Microsoft.VisualStudio.TestTools.TestTypes.Unit.UnitTestAdapter" className="UnitTests.iCore.Runtime.Core.TimerExtensionTests" name="GetNextTimeToTrigger_PeriodicTimer_ReturnsCorrectTime (Data Row 14)" />
    </UnitTest>
    <UnitTest name="GetNextTimeToTrigger_PeriodicTimer_ReturnsCorrectTime (Data Row 15)" storage="f:\etwork\bin\tests\unittests.icore.runtime.core.dll" id="2010dab7-5e48-4fdf-85ae-18a490b150b4">
      <Execution id="caf03bf1-9f5d-4442-a985-50525b335638" />
      <TestMethod codeBase="F:\ETWork\bin\Tests\UnitTests.iCore.Runtime.Core.dll" adapterTypeName="Microsoft.VisualStudio.TestTools.TestTypes.Unit.UnitTestAdapter" className="UnitTests.iCore.Runtime.Core.TimerExtensionTests" name="GetNextTimeToTrigger_PeriodicTimer_ReturnsCorrectTime (Data Row 15)" />
    </UnitTest>
    <UnitTest name="GetNextTimeToTrigger_PeriodicTimer_ReturnsCorrectTime (Data Row 16)" storage="f:\etwork\bin\tests\unittests.icore.runtime.core.dll" id="c21256c7-965d-4f80-9b60-03f54161c85a">
      <Execution id="4014e390-8664-40e0-bd4d-1f937c9502ae" />
      <TestMethod codeBase="F:\ETWork\bin\Tests\UnitTests.iCore.Runtime.Core.dll" adapterTypeName="Microsoft.VisualStudio.TestTools.TestTypes.Unit.UnitTestAdapter" className="UnitTests.iCore.Runtime.Core.TimerExtensionTests" name="GetNextTimeToTrigger_PeriodicTimer_ReturnsCorrectTime (Data Row 16)" />
    </UnitTest>
    <UnitTest name="GetNextTimeToTrigger_PeriodicTimer_ReturnsCorrectTime (Data Row 17)" storage="f:\etwork\bin\tests\unittests.icore.runtime.core.dll" id="f7d1929e-1300-41f9-a22e-b162a830ed84">
      <Execution id="31af8d51-b5ba-437e-8cfc-8924f820a595" />
      <TestMethod codeBase="F:\ETWork\bin\Tests\UnitTests.iCore.Runtime.Core.dll" adapterTypeName="Microsoft.VisualStudio.TestTools.TestTypes.Unit.UnitTestAdapter" className="UnitTests.iCore.Runtime.Core.TimerExtensionTests" name="GetNextTimeToTrigger_PeriodicTimer_ReturnsCorrectTime (Data Row 17)" />
    </UnitTest>
    <UnitTest name="GetNextTimeToTrigger_PeriodicTimer_ReturnsCorrectTime (Data Row 18)" storage="f:\etwork\bin\tests\unittests.icore.runtime.core.dll" id="1f6dd493-8ea9-4f85-afcc-e91799db3be0">
      <Execution id="73e874d4-1694-4ea8-a693-963c602b7c51" />
      <TestMethod codeBase="F:\ETWork\bin\Tests\UnitTests.iCore.Runtime.Core.dll" adapterTypeName="Microsoft.VisualStudio.TestTools.TestTypes.Unit.UnitTestAdapter" className="UnitTests.iCore.Runtime.Core.TimerExtensionTests" name="GetNextTimeToTrigger_PeriodicTimer_ReturnsCorrectTime (Data Row 18)" />
    </UnitTest>
    <UnitTest name="GetNextTimeToTrigger_PeriodicTimer_ReturnsCorrectTime (Data Row 19)" storage="f:\etwork\bin\tests\unittests.icore.runtime.core.dll" id="96f4976b-f1b8-494a-acdf-48e799738ab1">
      <Execution id="324d9d5d-9ef5-40b0-ba47-2909cbf39f90" />
      <TestMethod codeBase="F:\ETWork\bin\Tests\UnitTests.iCore.Runtime.Core.dll" adapterTypeName="Microsoft.VisualStudio.TestTools.TestTypes.Unit.UnitTestAdapter" className="UnitTests.iCore.Runtime.Core.TimerExtensionTests" name="GetNextTimeToTrigger_PeriodicTimer_ReturnsCorrectTime (Data Row 19)" />
    </UnitTest>
    <UnitTest name="GetNextTimeToTrigger_PeriodicTimer_ReturnsCorrectTime (Data Row 20)" storage="f:\etwork\bin\tests\unittests.icore.runtime.core.dll" id="e066d51f-5bd2-4c9e-afd5-44d1ae77f17a">
      <Execution id="a5a702df-d6eb-4e4f-9430-c38864d3a5b2" />
      <TestMethod codeBase="F:\ETWork\bin\Tests\UnitTests.iCore.Runtime.Core.dll" adapterTypeName="Microsoft.VisualStudio.TestTools.TestTypes.Unit.UnitTestAdapter" className="UnitTests.iCore.Runtime.Core.TimerExtensionTests" name="GetNextTimeToTrigger_PeriodicTimer_ReturnsCorrectTime (Data Row 20)" />
    </UnitTest>
    <UnitTest name="GetNextTimeToTrigger_PeriodicTimer_ReturnsCorrectTime (Data Row 21)" storage="f:\etwork\bin\tests\unittests.icore.runtime.core.dll" id="2497c2d7-9480-4738-8f06-c988a928abcf">
      <Execution id="a9b48a0d-8237-49a6-bb47-656fb05a7218" />
      <TestMethod codeBase="F:\ETWork\bin\Tests\UnitTests.iCore.Runtime.Core.dll" adapterTypeName="Microsoft.VisualStudio.TestTools.TestTypes.Unit.UnitTestAdapter" className="UnitTests.iCore.Runtime.Core.TimerExtensionTests" name="GetNextTimeToTrigger_PeriodicTimer_ReturnsCorrectTime (Data Row 21)" />
    </UnitTest>
    <UnitTest name="Construction_WorkflowOutputNetDataContractSerializerConstructorTest" storage="f:\etwork\bin\tests\unittests.icore.runtime.core.dll" id="2ea607c3-ca5f-d315-dcc9-61a1d7f424bb">
      <Execution id="93717653-4def-42b0-a7d7-c5d6149105bc" />
      <TestMethod codeBase="F:\ETWork\bin\Tests\UnitTests.iCore.Runtime.Core.dll" adapterTypeName="Microsoft.VisualStudio.TestTools.TestTypes.Unit.UnitTestAdapter" className="UnitTests.iCore.Runtime.Core.WorkflowOutputNetDataContractSerializerTest" name="Construction_WorkflowOutputNetDataContractSerializerConstructorTest" />
    </UnitTest>
    <UnitTest name="DeserializeObject_DataIsNull_ShouldThrow" storage="f:\etwork\bin\tests\unittests.icore.runtime.core.dll" id="b4f966a9-2473-ec60-1469-26062a57fbf7">
      <Execution id="4d0780f6-203b-4896-801e-692496df31e1" />
      <TestMethod codeBase="F:\ETWork\bin\Tests\UnitTests.iCore.Runtime.Core.dll" adapterTypeName="Microsoft.VisualStudio.TestTools.TestTypes.Unit.UnitTestAdapter" className="UnitTests.iCore.Runtime.Core.WorkflowOutputNetDataContractSerializerTest" name="DeserializeObject_DataIsNull_ShouldThrow" />
    </UnitTest>
    <UnitTest name="DeserializeObject_DataIsEmpty_ShouldReturnNull" storage="f:\etwork\bin\tests\unittests.icore.runtime.core.dll" id="9e5bbac9-af6b-fc19-f5a3-dbea046eaf7e">
      <Execution id="32150209-5f09-4185-9e32-3b2fc053512b" />
      <TestMethod codeBase="F:\ETWork\bin\Tests\UnitTests.iCore.Runtime.Core.dll" adapterTypeName="Microsoft.VisualStudio.TestTools.TestTypes.Unit.UnitTestAdapter" className="UnitTests.iCore.Runtime.Core.WorkflowOutputNetDataContractSerializerTest" name="DeserializeObject_DataIsEmpty_ShouldReturnNull" />
    </UnitTest>
    <UnitTest name="DeserializeObject_DataIsExecption_ExceptionInstanceReturned" storage="f:\etwork\bin\tests\unittests.icore.runtime.core.dll" id="101cdb6b-b4cb-5caf-02f7-980d89828aa5">
      <Execution id="7f6abd36-2091-4a0c-ad11-6823f0141637" />
      <TestMethod codeBase="F:\ETWork\bin\Tests\UnitTests.iCore.Runtime.Core.dll" adapterTypeName="Microsoft.VisualStudio.TestTools.TestTypes.Unit.UnitTestAdapter" className="UnitTests.iCore.Runtime.Core.WorkflowOutputNetDataContractSerializerTest" name="DeserializeObject_DataIsExecption_ExceptionInstanceReturned" />
    </UnitTest>
    <UnitTest name="DeserializeObject_DataIsExecption_ExceptionInstanceOfCorrectTypeReturned" storage="f:\etwork\bin\tests\unittests.icore.runtime.core.dll" id="1696dcd8-bc67-f17d-9598-57e59c336e97">
      <Execution id="863e7a4a-a01a-437e-8a43-528a3c54e514" />
      <TestMethod codeBase="F:\ETWork\bin\Tests\UnitTests.iCore.Runtime.Core.dll" adapterTypeName="Microsoft.VisualStudio.TestTools.TestTypes.Unit.UnitTestAdapter" className="UnitTests.iCore.Runtime.Core.WorkflowOutputNetDataContractSerializerTest" name="DeserializeObject_DataIsExecption_ExceptionInstanceOfCorrectTypeReturned" />
    </UnitTest>
    <UnitTest name="DeserializeObject_DataIsExecption_ReturnedExceptionInstanceMessagePropertyCorrect" storage="f:\etwork\bin\tests\unittests.icore.runtime.core.dll" id="d9d39b48-43f2-a0fd-7465-9f9097da0c9f">
      <Execution id="5e28c850-f8e4-4596-8cb1-c4a7d9b89605" />
      <TestMethod codeBase="F:\ETWork\bin\Tests\UnitTests.iCore.Runtime.Core.dll" adapterTypeName="Microsoft.VisualStudio.TestTools.TestTypes.Unit.UnitTestAdapter" className="UnitTests.iCore.Runtime.Core.WorkflowOutputNetDataContractSerializerTest" name="DeserializeObject_DataIsExecption_ReturnedExceptionInstanceMessagePropertyCorrect" />
    </UnitTest>
    <UnitTest name="DeserializeObject_DataIsExecption_ReturnedExceptionInstanceInnerExceptionPropertyCorrect" storage="f:\etwork\bin\tests\unittests.icore.runtime.core.dll" id="36deb8c7-8d7d-47c5-2210-4a5095674208">
      <Execution id="430e1608-1aaa-401c-a825-66c9b1b8a4b4" />
      <TestMethod codeBase="F:\ETWork\bin\Tests\UnitTests.iCore.Runtime.Core.dll" adapterTypeName="Microsoft.VisualStudio.TestTools.TestTypes.Unit.UnitTestAdapter" className="UnitTests.iCore.Runtime.Core.WorkflowOutputNetDataContractSerializerTest" name="DeserializeObject_DataIsExecption_ReturnedExceptionInstanceInnerExceptionPropertyCorrect" />
    </UnitTest>
    <UnitTest name="DeserializeObject_DataIsDictionary_ReturnsDictionary" storage="f:\etwork\bin\tests\unittests.icore.runtime.core.dll" id="13658aff-ba53-f3a7-2d62-845dc8c1468d">
      <Execution id="8a7c2b6d-2d29-4cc1-91fa-a6aa347e3dd1" />
      <TestMethod codeBase="F:\ETWork\bin\Tests\UnitTests.iCore.Runtime.Core.dll" adapterTypeName="Microsoft.VisualStudio.TestTools.TestTypes.Unit.UnitTestAdapter" className="UnitTests.iCore.Runtime.Core.WorkflowOutputNetDataContractSerializerTest" name="DeserializeObject_DataIsDictionary_ReturnsDictionary" />
    </UnitTest>
    <UnitTest name="DeserializeObject_DataIsDictionary_ReturnsDictionaryWithInstances" storage="f:\etwork\bin\tests\unittests.icore.runtime.core.dll" id="8f1d3e88-74ec-a22b-78b9-575004d3b3d8">
      <Execution id="7214e164-7e46-47e1-b54f-f6b85c4bd7e5" />
      <TestMethod codeBase="F:\ETWork\bin\Tests\UnitTests.iCore.Runtime.Core.dll" adapterTypeName="Microsoft.VisualStudio.TestTools.TestTypes.Unit.UnitTestAdapter" className="UnitTests.iCore.Runtime.Core.WorkflowOutputNetDataContractSerializerTest" name="DeserializeObject_DataIsDictionary_ReturnsDictionaryWithInstances" />
    </UnitTest>
    <UnitTest name="SerializeObject_NullInput_ShouldThrow" storage="f:\etwork\bin\tests\unittests.icore.runtime.core.dll" id="97e00bc3-7ca8-2704-ba42-20092a01becb">
      <Execution id="1eeb32a1-e9b9-4465-95ed-cf0ab6794174" />
      <TestMethod codeBase="F:\ETWork\bin\Tests\UnitTests.iCore.Runtime.Core.dll" adapterTypeName="Microsoft.VisualStudio.TestTools.TestTypes.Unit.UnitTestAdapter" className="UnitTests.iCore.Runtime.Core.WorkflowOutputNetDataContractSerializerTest" name="SerializeObject_NullInput_ShouldThrow" />
    </UnitTest>
    <UnitTest name="SerializeObject_NonSerializableTypeInDictionary_ShouldThrow" storage="f:\etwork\bin\tests\unittests.icore.runtime.core.dll" id="4994095a-4561-79cf-bfa7-75ec12b08a77">
      <Execution id="8b4dd86a-da39-445e-9fad-1e1c27ea832d" />
      <TestMethod codeBase="F:\ETWork\bin\Tests\UnitTests.iCore.Runtime.Core.dll" adapterTypeName="Microsoft.VisualStudio.TestTools.TestTypes.Unit.UnitTestAdapter" className="UnitTests.iCore.Runtime.Core.WorkflowOutputNetDataContractSerializerTest" name="SerializeObject_NonSerializableTypeInDictionary_ShouldThrow" />
    </UnitTest>
    <UnitTest name="DeserializeError_DataIsEmpty_ShouldThrow" storage="f:\etwork\bin\tests\unittests.icore.runtime.core.dll" id="717db0cf-2159-2e63-0c5d-daec234678e3">
      <Execution id="2a8795be-4a69-4b0b-9fb1-80e1e6e43016" />
      <TestMethod codeBase="F:\ETWork\bin\Tests\UnitTests.iCore.Runtime.Core.dll" adapterTypeName="Microsoft.VisualStudio.TestTools.TestTypes.Unit.UnitTestAdapter" className="UnitTests.iCore.Runtime.Core.WorkflowOutputSerializerTest" name="DeserializeError_DataIsEmpty_ShouldThrow" />
    </UnitTest>
    <UnitTest name="DeserializeError_DataIsNull_ShouldThrow" storage="f:\etwork\bin\tests\unittests.icore.runtime.core.dll" id="66281536-d177-2395-4dc1-c31e552af045">
      <Execution id="9d44e99a-d631-4c08-811e-5717cf051bd7" />
      <TestMethod codeBase="F:\ETWork\bin\Tests\UnitTests.iCore.Runtime.Core.dll" adapterTypeName="Microsoft.VisualStudio.TestTools.TestTypes.Unit.UnitTestAdapter" className="UnitTests.iCore.Runtime.Core.WorkflowOutputSerializerTest" name="DeserializeError_DataIsNull_ShouldThrow" />
    </UnitTest>
    <UnitTest name="DeserializeError_DataIsValidButNoException_ShouldThrow" storage="f:\etwork\bin\tests\unittests.icore.runtime.core.dll" id="b3a7c9f8-205a-9bba-616c-7e5bd00594da">
      <Execution id="7630c0a6-1a05-4c5a-a6a8-056f84e615eb" />
      <TestMethod codeBase="F:\ETWork\bin\Tests\UnitTests.iCore.Runtime.Core.dll" adapterTypeName="Microsoft.VisualStudio.TestTools.TestTypes.Unit.UnitTestAdapter" className="UnitTests.iCore.Runtime.Core.WorkflowOutputSerializerTest" name="DeserializeError_DataIsValidButNoException_ShouldThrow" />
    </UnitTest>
    <UnitTest name="DeserializeError_DataIsValid_Success" storage="f:\etwork\bin\tests\unittests.icore.runtime.core.dll" id="bb5739b9-d74e-cccc-a1db-bdba4404280a">
      <Execution id="347d877a-6cf1-4c2b-9ea2-012449cb8ece" />
      <TestMethod codeBase="F:\ETWork\bin\Tests\UnitTests.iCore.Runtime.Core.dll" adapterTypeName="Microsoft.VisualStudio.TestTools.TestTypes.Unit.UnitTestAdapter" className="UnitTests.iCore.Runtime.Core.WorkflowOutputSerializerTest" name="DeserializeError_DataIsValid_Success" />
    </UnitTest>
    <UnitTest name="DeserializeOutput_DataIsEmpty_ShouldReturnEmptyDictionary" storage="f:\etwork\bin\tests\unittests.icore.runtime.core.dll" id="fb58a576-3fa0-d762-8ef0-2e2135ff95b8">
      <Execution id="f10b6ac9-fee2-4f79-b7d1-83fae961da8b" />
      <TestMethod codeBase="F:\ETWork\bin\Tests\UnitTests.iCore.Runtime.Core.dll" adapterTypeName="Microsoft.VisualStudio.TestTools.TestTypes.Unit.UnitTestAdapter" className="UnitTests.iCore.Runtime.Core.WorkflowOutputSerializerTest" name="DeserializeOutput_DataIsEmpty_ShouldReturnEmptyDictionary" />
    </UnitTest>
    <UnitTest name="DeserializeOutput_DataIsNull_ShouldThrow" storage="f:\etwork\bin\tests\unittests.icore.runtime.core.dll" id="aaee00d7-b9d1-7e86-63f7-37e270d76faa">
      <Execution id="cc130703-b21e-45aa-bc71-5167d36982fb" />
      <TestMethod codeBase="F:\ETWork\bin\Tests\UnitTests.iCore.Runtime.Core.dll" adapterTypeName="Microsoft.VisualStudio.TestTools.TestTypes.Unit.UnitTestAdapter" className="UnitTests.iCore.Runtime.Core.WorkflowOutputSerializerTest" name="DeserializeOutput_DataIsNull_ShouldThrow" />
    </UnitTest>
    <UnitTest name="DeserializeOutput_DataIsValidButNoDictionary_ShouldThrow" storage="f:\etwork\bin\tests\unittests.icore.runtime.core.dll" id="6b225c3c-9352-7544-44de-818d02db47b9">
      <Execution id="abbae38f-2dd9-4133-8517-cd88148bac88" />
      <TestMethod codeBase="F:\ETWork\bin\Tests\UnitTests.iCore.Runtime.Core.dll" adapterTypeName="Microsoft.VisualStudio.TestTools.TestTypes.Unit.UnitTestAdapter" className="UnitTests.iCore.Runtime.Core.WorkflowOutputSerializerTest" name="DeserializeOutput_DataIsValidButNoDictionary_ShouldThrow" />
    </UnitTest>
    <UnitTest name="DeserializeOutput_DataIsValid_Success" storage="f:\etwork\bin\tests\unittests.icore.runtime.core.dll" id="4dfdaa6b-9a47-ab83-a3fc-3eb4765ceb21">
      <Execution id="6b464913-0464-43d2-a34b-9f43adf7dec8" />
      <TestMethod codeBase="F:\ETWork\bin\Tests\UnitTests.iCore.Runtime.Core.dll" adapterTypeName="Microsoft.VisualStudio.TestTools.TestTypes.Unit.UnitTestAdapter" className="UnitTests.iCore.Runtime.Core.WorkflowOutputSerializerTest" name="DeserializeOutput_DataIsValid_Success" />
    </UnitTest>
    <UnitTest name="SerializeError_ArgIsException_ReturnsSerialiezedContent" storage="f:\etwork\bin\tests\unittests.icore.runtime.core.dll" id="c0f101ae-b25a-edc1-8263-f299489c252f">
      <Execution id="4b121b8a-f443-426b-89d4-b63f9dff13bc" />
      <TestMethod codeBase="F:\ETWork\bin\Tests\UnitTests.iCore.Runtime.Core.dll" adapterTypeName="Microsoft.VisualStudio.TestTools.TestTypes.Unit.UnitTestAdapter" className="UnitTests.iCore.Runtime.Core.WorkflowOutputSerializerTest" name="SerializeError_ArgIsException_ReturnsSerialiezedContent" />
    </UnitTest>
    <UnitTest name="SerializeError_ArgIsNull_ReturnsNull" storage="f:\etwork\bin\tests\unittests.icore.runtime.core.dll" id="c120fb92-4f20-14cd-01f7-57cf118c4421">
      <Execution id="cbeaf157-d787-4200-8993-d0207ad13fb6" />
      <TestMethod codeBase="F:\ETWork\bin\Tests\UnitTests.iCore.Runtime.Core.dll" adapterTypeName="Microsoft.VisualStudio.TestTools.TestTypes.Unit.UnitTestAdapter" className="UnitTests.iCore.Runtime.Core.WorkflowOutputSerializerTest" name="SerializeError_ArgIsNull_ReturnsNull" />
    </UnitTest>
    <UnitTest name="SerializeOutput_ArgIsDictionary_ReturnsSerialiezedContent" storage="f:\etwork\bin\tests\unittests.icore.runtime.core.dll" id="8e37a838-a4da-6371-e9cb-cbeda13dca70">
      <Execution id="3326cccb-8336-4770-909f-27d2dfecf8b5" />
      <TestMethod codeBase="F:\ETWork\bin\Tests\UnitTests.iCore.Runtime.Core.dll" adapterTypeName="Microsoft.VisualStudio.TestTools.TestTypes.Unit.UnitTestAdapter" className="UnitTests.iCore.Runtime.Core.WorkflowOutputSerializerTest" name="SerializeOutput_ArgIsDictionary_ReturnsSerialiezedContent" />
    </UnitTest>
    <UnitTest name="SerializeOutput_ArgIsNull_ReturnsNull" storage="f:\etwork\bin\tests\unittests.icore.runtime.core.dll" id="6f163ab5-7d7a-7541-99bd-0f8b14d5c929">
      <Execution id="64848421-fac0-46d7-ad78-ca09c3b156c5" />
      <TestMethod codeBase="F:\ETWork\bin\Tests\UnitTests.iCore.Runtime.Core.dll" adapterTypeName="Microsoft.VisualStudio.TestTools.TestTypes.Unit.UnitTestAdapter" className="UnitTests.iCore.Runtime.Core.WorkflowOutputSerializerTest" name="SerializeOutput_ArgIsNull_ReturnsNull" />
    </UnitTest>
    <UnitTest name="TryDeserializeError_InvalidArg_ReturnsNull" storage="f:\etwork\bin\tests\unittests.icore.runtime.core.dll" id="74db3904-3660-ad41-6fae-9e645dd45833">
      <Execution id="6f100b02-0952-4079-b74e-4c60137002e1" />
      <TestMethod codeBase="F:\ETWork\bin\Tests\UnitTests.iCore.Runtime.Core.dll" adapterTypeName="Microsoft.VisualStudio.TestTools.TestTypes.Unit.UnitTestAdapter" className="UnitTests.iCore.Runtime.Core.WorkflowOutputSerializerTest" name="TryDeserializeError_InvalidArg_ReturnsNull" />
    </UnitTest>
    <UnitTest name="TryDeserializeError_ValidArg_ReturnsExceptionInstance" storage="f:\etwork\bin\tests\unittests.icore.runtime.core.dll" id="638cf09e-612c-1d65-98cb-66d0d81c7b44">
      <Execution id="f3d88c56-b742-4eff-81e1-173de8c83a43" />
      <TestMethod codeBase="F:\ETWork\bin\Tests\UnitTests.iCore.Runtime.Core.dll" adapterTypeName="Microsoft.VisualStudio.TestTools.TestTypes.Unit.UnitTestAdapter" className="UnitTests.iCore.Runtime.Core.WorkflowOutputSerializerTest" name="TryDeserializeError_ValidArg_ReturnsExceptionInstance" />
    </UnitTest>
    <UnitTest name="TryDeserializeOutput_InvalidArg_ReturnsNull" storage="f:\etwork\bin\tests\unittests.icore.runtime.core.dll" id="8f69fa2a-8a14-e16f-59b1-de67ed9af41c">
      <Execution id="6a67d36b-0670-4112-aa3e-e7c9540769bb" />
      <TestMethod codeBase="F:\ETWork\bin\Tests\UnitTests.iCore.Runtime.Core.dll" adapterTypeName="Microsoft.VisualStudio.TestTools.TestTypes.Unit.UnitTestAdapter" className="UnitTests.iCore.Runtime.Core.WorkflowOutputSerializerTest" name="TryDeserializeOutput_InvalidArg_ReturnsNull" />
    </UnitTest>
    <UnitTest name="TryDeserializeOutput_ValidArg_ReturnsExceptionInstance" storage="f:\etwork\bin\tests\unittests.icore.runtime.core.dll" id="6f47b41e-9962-9d25-448c-7d1e5f130e80">
      <Execution id="dd21a876-89f8-4fb8-bca6-d4b8c5f5af5b" />
      <TestMethod codeBase="F:\ETWork\bin\Tests\UnitTests.iCore.Runtime.Core.dll" adapterTypeName="Microsoft.VisualStudio.TestTools.TestTypes.Unit.UnitTestAdapter" className="UnitTests.iCore.Runtime.Core.WorkflowOutputSerializerTest" name="TryDeserializeOutput_ValidArg_ReturnsExceptionInstance" />
    </UnitTest>
    <UnitTest name="ConstructorWithId_NewGuid_Success" storage="f:\etwork\bin\tests\unittests.icore.runtime.core.dll" id="c22a1a15-c560-78f9-cb74-02225eed7046">
      <Execution id="f024a866-9641-4033-8727-4b09efaf5755" />
      <TestMethod codeBase="F:\ETWork\bin\Tests\UnitTests.iCore.Runtime.Core.dll" adapterTypeName="Microsoft.VisualStudio.TestTools.TestTypes.Unit.UnitTestAdapter" className="UnitTests.iCore.Runtime.Core.Workflow.SpawnedWorkflowResultTests" name="ConstructorWithId_NewGuid_Success" />
    </UnitTest>
    <UnitTest name="ConstructorWithId_EmptyGuid_Success" storage="f:\etwork\bin\tests\unittests.icore.runtime.core.dll" id="31f7b6d4-55e7-719e-b2dc-435760e9c749">
      <Execution id="2254531f-4277-427f-b7c3-fc3cbe132f32" />
      <TestMethod codeBase="F:\ETWork\bin\Tests\UnitTests.iCore.Runtime.Core.dll" adapterTypeName="Microsoft.VisualStudio.TestTools.TestTypes.Unit.UnitTestAdapter" className="UnitTests.iCore.Runtime.Core.Workflow.SpawnedWorkflowResultTests" name="ConstructorWithId_EmptyGuid_Success" />
    </UnitTest>
    <UnitTest name="ConstructorWithIdAndResult_NewGuidAndString_ThrowsAgumentException" storage="f:\etwork\bin\tests\unittests.icore.runtime.core.dll" id="b03ac9d9-7454-5680-db93-1cf878fea5d0">
      <Execution id="27f3535c-ead8-44f7-b5de-07d87172d5c3" />
      <TestMethod codeBase="F:\ETWork\bin\Tests\UnitTests.iCore.Runtime.Core.dll" adapterTypeName="Microsoft.VisualStudio.TestTools.TestTypes.Unit.UnitTestAdapter" className="UnitTests.iCore.Runtime.Core.Workflow.SpawnedWorkflowResultTests" name="ConstructorWithIdAndResult_NewGuidAndString_ThrowsAgumentException" />
    </UnitTest>
    <UnitTest name="ConstructorWithIdAndResult_NewGuidAndNull_Success" storage="f:\etwork\bin\tests\unittests.icore.runtime.core.dll" id="a92cd0a3-574c-3dea-62cc-f4da1d623cca">
      <Execution id="9a027f0c-5f79-4125-ba9d-ebbf6b149303" />
      <TestMethod codeBase="F:\ETWork\bin\Tests\UnitTests.iCore.Runtime.Core.dll" adapterTypeName="Microsoft.VisualStudio.TestTools.TestTypes.Unit.UnitTestAdapter" className="UnitTests.iCore.Runtime.Core.Workflow.SpawnedWorkflowResultTests" name="ConstructorWithIdAndResult_NewGuidAndNull_Success" />
    </UnitTest>
    <UnitTest name="ConstructorWithIdAndResult_NewGuidAndException_Success" storage="f:\etwork\bin\tests\unittests.icore.runtime.core.dll" id="829ee6b4-6ca6-463c-19bc-dc1e0b5076ed">
      <Execution id="26ea2eff-3a79-43e8-abd9-964b93b47374" />
      <TestMethod codeBase="F:\ETWork\bin\Tests\UnitTests.iCore.Runtime.Core.dll" adapterTypeName="Microsoft.VisualStudio.TestTools.TestTypes.Unit.UnitTestAdapter" className="UnitTests.iCore.Runtime.Core.Workflow.SpawnedWorkflowResultTests" name="ConstructorWithIdAndResult_NewGuidAndException_Success" />
    </UnitTest>
    <UnitTest name="ConstructorWithIdAndResult_NewGuidAndEmptyDictionary_Success" storage="f:\etwork\bin\tests\unittests.icore.runtime.core.dll" id="6a6828ce-8db4-6681-8bed-679e300c6537">
      <Execution id="d1b230d6-6825-4560-8ba5-e7bbbcb0aed6" />
      <TestMethod codeBase="F:\ETWork\bin\Tests\UnitTests.iCore.Runtime.Core.dll" adapterTypeName="Microsoft.VisualStudio.TestTools.TestTypes.Unit.UnitTestAdapter" className="UnitTests.iCore.Runtime.Core.Workflow.SpawnedWorkflowResultTests" name="ConstructorWithIdAndResult_NewGuidAndEmptyDictionary_Success" />
    </UnitTest>
    <UnitTest name="ConstructorWithIdAndResult_NewGuidAndDictionary_Success" storage="f:\etwork\bin\tests\unittests.icore.runtime.core.dll" id="137c5e24-c04f-6736-d5f9-e80193ec4cef">
      <Execution id="4d0d2c40-a759-4f65-a3aa-d478d283eacd" />
      <TestMethod codeBase="F:\ETWork\bin\Tests\UnitTests.iCore.Runtime.Core.dll" adapterTypeName="Microsoft.VisualStudio.TestTools.TestTypes.Unit.UnitTestAdapter" className="UnitTests.iCore.Runtime.Core.Workflow.SpawnedWorkflowResultTests" name="ConstructorWithIdAndResult_NewGuidAndDictionary_Success" />
    </UnitTest>
    <UnitTest name="ConstructorWithIdAndResult_NewGuidAndEmptyDictionaryOfWrongKind_ThrowsArgumentException" storage="f:\etwork\bin\tests\unittests.icore.runtime.core.dll" id="6d78f890-ed01-1e2b-9947-0daef6088057">
      <Execution id="f0690512-ca23-4b53-980d-ea512f89591f" />
      <TestMethod codeBase="F:\ETWork\bin\Tests\UnitTests.iCore.Runtime.Core.dll" adapterTypeName="Microsoft.VisualStudio.TestTools.TestTypes.Unit.UnitTestAdapter" className="UnitTests.iCore.Runtime.Core.Workflow.SpawnedWorkflowResultTests" name="ConstructorWithIdAndResult_NewGuidAndEmptyDictionaryOfWrongKind_ThrowsArgumentException" />
    </UnitTest>
    <UnitTest name="Status_CreatedWithNewGuid_StatusIsUnknown" storage="f:\etwork\bin\tests\unittests.icore.runtime.core.dll" id="9e60cfed-77ed-b965-b4d4-e187d58fe037">
      <Execution id="d461e0a9-ac5b-497e-b821-24e37c48efec" />
      <TestMethod codeBase="F:\ETWork\bin\Tests\UnitTests.iCore.Runtime.Core.dll" adapterTypeName="Microsoft.VisualStudio.TestTools.TestTypes.Unit.UnitTestAdapter" className="UnitTests.iCore.Runtime.Core.Workflow.SpawnedWorkflowResultTests" name="Status_CreatedWithNewGuid_StatusIsUnknown" />
    </UnitTest>
    <UnitTest name="Status_CreatedWithNewGuidAndNull_StatusIsSuccess" storage="f:\etwork\bin\tests\unittests.icore.runtime.core.dll" id="5b054cc1-14d3-f581-500f-b8ec05a8c7b2">
      <Execution id="44abc71e-4bd0-41e8-9327-e12003780e91" />
      <TestMethod codeBase="F:\ETWork\bin\Tests\UnitTests.iCore.Runtime.Core.dll" adapterTypeName="Microsoft.VisualStudio.TestTools.TestTypes.Unit.UnitTestAdapter" className="UnitTests.iCore.Runtime.Core.Workflow.SpawnedWorkflowResultTests" name="Status_CreatedWithNewGuidAndNull_StatusIsSuccess" />
    </UnitTest>
    <UnitTest name="Status_CratedWithNewGuidAndException_StatusIsFailure" storage="f:\etwork\bin\tests\unittests.icore.runtime.core.dll" id="6d5e60b9-6871-ddfa-e79b-2bd258a0fb43">
      <Execution id="1b4780f4-85b0-4d1d-8ec4-6ffec0225f7b" />
      <TestMethod codeBase="F:\ETWork\bin\Tests\UnitTests.iCore.Runtime.Core.dll" adapterTypeName="Microsoft.VisualStudio.TestTools.TestTypes.Unit.UnitTestAdapter" className="UnitTests.iCore.Runtime.Core.Workflow.SpawnedWorkflowResultTests" name="Status_CratedWithNewGuidAndException_StatusIsFailure" />
    </UnitTest>
    <UnitTest name="Status_CreatedWithNewGuidAndEmptyDictionary_StatusIsSuccess" storage="f:\etwork\bin\tests\unittests.icore.runtime.core.dll" id="ef242d0c-aeb8-99c6-697b-80dc6e598f2c">
      <Execution id="dc9609a2-f7f8-46f9-8236-c21e0158e37c" />
      <TestMethod codeBase="F:\ETWork\bin\Tests\UnitTests.iCore.Runtime.Core.dll" adapterTypeName="Microsoft.VisualStudio.TestTools.TestTypes.Unit.UnitTestAdapter" className="UnitTests.iCore.Runtime.Core.Workflow.SpawnedWorkflowResultTests" name="Status_CreatedWithNewGuidAndEmptyDictionary_StatusIsSuccess" />
    </UnitTest>
    <UnitTest name="Status_CreatedWithNewGuidAndDictionary_StatusIsSuccess" storage="f:\etwork\bin\tests\unittests.icore.runtime.core.dll" id="afe3a169-a526-979d-17d7-ae5d813a10a7">
      <Execution id="0c169dbe-87a5-49b9-8354-1827a6ebb092" />
      <TestMethod codeBase="F:\ETWork\bin\Tests\UnitTests.iCore.Runtime.Core.dll" adapterTypeName="Microsoft.VisualStudio.TestTools.TestTypes.Unit.UnitTestAdapter" className="UnitTests.iCore.Runtime.Core.Workflow.SpawnedWorkflowResultTests" name="Status_CreatedWithNewGuidAndDictionary_StatusIsSuccess" />
    </UnitTest>
    <UnitTest name="Status_CreatedWithEmptyGuid_StatusIsUnknown" storage="f:\etwork\bin\tests\unittests.icore.runtime.core.dll" id="22cb26d5-93a6-2472-62a8-7f20d9e65bcc">
      <Execution id="5179e0c4-1d57-42e8-beac-a01587ccfe12" />
      <TestMethod codeBase="F:\ETWork\bin\Tests\UnitTests.iCore.Runtime.Core.dll" adapterTypeName="Microsoft.VisualStudio.TestTools.TestTypes.Unit.UnitTestAdapter" className="UnitTests.iCore.Runtime.Core.Workflow.SpawnedWorkflowResultTests" name="Status_CreatedWithEmptyGuid_StatusIsUnknown" />
    </UnitTest>
    <UnitTest name="Status_CreatedWithEmptyGuidAndNull_StatusIsSuccess" storage="f:\etwork\bin\tests\unittests.icore.runtime.core.dll" id="c096bca7-3f6c-7991-f130-7d65dc2ce79e">
      <Execution id="5cfbaf5d-9f7d-486a-9212-c6aedb97c273" />
      <TestMethod codeBase="F:\ETWork\bin\Tests\UnitTests.iCore.Runtime.Core.dll" adapterTypeName="Microsoft.VisualStudio.TestTools.TestTypes.Unit.UnitTestAdapter" className="UnitTests.iCore.Runtime.Core.Workflow.SpawnedWorkflowResultTests" name="Status_CreatedWithEmptyGuidAndNull_StatusIsSuccess" />
    </UnitTest>
    <UnitTest name="Status_CratedWithEmptyGuidAndException_StatusIsFailure" storage="f:\etwork\bin\tests\unittests.icore.runtime.core.dll" id="7722223a-5177-d2b7-4423-4d7c91060990">
      <Execution id="453ac52c-83fa-455e-94e0-2accd4c4cb7b" />
      <TestMethod codeBase="F:\ETWork\bin\Tests\UnitTests.iCore.Runtime.Core.dll" adapterTypeName="Microsoft.VisualStudio.TestTools.TestTypes.Unit.UnitTestAdapter" className="UnitTests.iCore.Runtime.Core.Workflow.SpawnedWorkflowResultTests" name="Status_CratedWithEmptyGuidAndException_StatusIsFailure" />
    </UnitTest>
    <UnitTest name="Status_CreatedWithEmptyGuidAndEmptyDictionary_StatusIsSuccess" storage="f:\etwork\bin\tests\unittests.icore.runtime.core.dll" id="a5733acd-fae1-5fea-4ad6-56f67471f446">
      <Execution id="44e8fd25-afa7-4e72-b18e-131cb5de94d4" />
      <TestMethod codeBase="F:\ETWork\bin\Tests\UnitTests.iCore.Runtime.Core.dll" adapterTypeName="Microsoft.VisualStudio.TestTools.TestTypes.Unit.UnitTestAdapter" className="UnitTests.iCore.Runtime.Core.Workflow.SpawnedWorkflowResultTests" name="Status_CreatedWithEmptyGuidAndEmptyDictionary_StatusIsSuccess" />
    </UnitTest>
    <UnitTest name="Status_CreatedWithEmptyGuidAndDictionary_StatusIsSuccess" storage="f:\etwork\bin\tests\unittests.icore.runtime.core.dll" id="ae30738c-64e3-cdad-dec7-9a199e942a94">
      <Execution id="d6ed0461-7bce-45f5-b7e1-f947890b2276" />
      <TestMethod codeBase="F:\ETWork\bin\Tests\UnitTests.iCore.Runtime.Core.dll" adapterTypeName="Microsoft.VisualStudio.TestTools.TestTypes.Unit.UnitTestAdapter" className="UnitTests.iCore.Runtime.Core.Workflow.SpawnedWorkflowResultTests" name="Status_CreatedWithEmptyGuidAndDictionary_StatusIsSuccess" />
    </UnitTest>
    <UnitTest name="InstanceId_CreatedWithNewGuid_InstanceIdIsExpected" storage="f:\etwork\bin\tests\unittests.icore.runtime.core.dll" id="99163588-27f4-ae4b-452a-7e92a662b3f6">
      <Execution id="5082109c-4c7b-48b6-a218-55f48ab347df" />
      <TestMethod codeBase="F:\ETWork\bin\Tests\UnitTests.iCore.Runtime.Core.dll" adapterTypeName="Microsoft.VisualStudio.TestTools.TestTypes.Unit.UnitTestAdapter" className="UnitTests.iCore.Runtime.Core.Workflow.SpawnedWorkflowResultTests" name="InstanceId_CreatedWithNewGuid_InstanceIdIsExpected" />
    </UnitTest>
    <UnitTest name="InstanceId_CreatedWithNewGuidAndNull_InstanceIdIsExpected" storage="f:\etwork\bin\tests\unittests.icore.runtime.core.dll" id="e97061af-8f35-430a-1bef-328aa683880e">
      <Execution id="322af3c8-6d7f-476a-85f6-2a05a68923d9" />
      <TestMethod codeBase="F:\ETWork\bin\Tests\UnitTests.iCore.Runtime.Core.dll" adapterTypeName="Microsoft.VisualStudio.TestTools.TestTypes.Unit.UnitTestAdapter" className="UnitTests.iCore.Runtime.Core.Workflow.SpawnedWorkflowResultTests" name="InstanceId_CreatedWithNewGuidAndNull_InstanceIdIsExpected" />
    </UnitTest>
    <UnitTest name="InstanceId_CratedWithNewGuidAndException_InstanceIdIsExpected" storage="f:\etwork\bin\tests\unittests.icore.runtime.core.dll" id="75844d34-fbff-b56e-6e0e-b27e83d65095">
      <Execution id="29074986-5263-49ec-b476-fb9ecd462887" />
      <TestMethod codeBase="F:\ETWork\bin\Tests\UnitTests.iCore.Runtime.Core.dll" adapterTypeName="Microsoft.VisualStudio.TestTools.TestTypes.Unit.UnitTestAdapter" className="UnitTests.iCore.Runtime.Core.Workflow.SpawnedWorkflowResultTests" name="InstanceId_CratedWithNewGuidAndException_InstanceIdIsExpected" />
    </UnitTest>
    <UnitTest name="InstanceId_CreatedWithNewGuidAndEmptyDictionary_InstanceIdIsExpected" storage="f:\etwork\bin\tests\unittests.icore.runtime.core.dll" id="afe38dd5-2932-0e67-86e5-f642fa34c6cd">
      <Execution id="9f0e4acd-1e2e-4359-ac06-f7e642f3b2fa" />
      <TestMethod codeBase="F:\ETWork\bin\Tests\UnitTests.iCore.Runtime.Core.dll" adapterTypeName="Microsoft.VisualStudio.TestTools.TestTypes.Unit.UnitTestAdapter" className="UnitTests.iCore.Runtime.Core.Workflow.SpawnedWorkflowResultTests" name="InstanceId_CreatedWithNewGuidAndEmptyDictionary_InstanceIdIsExpected" />
    </UnitTest>
    <UnitTest name="InstanceId_CreatedWithNewGuidAndDictionary_InstanceIdIsExpected" storage="f:\etwork\bin\tests\unittests.icore.runtime.core.dll" id="c34a7746-18f2-6cc3-c572-47603a1268f5">
      <Execution id="0160665a-ba9b-439d-b924-d53349e389c8" />
      <TestMethod codeBase="F:\ETWork\bin\Tests\UnitTests.iCore.Runtime.Core.dll" adapterTypeName="Microsoft.VisualStudio.TestTools.TestTypes.Unit.UnitTestAdapter" className="UnitTests.iCore.Runtime.Core.Workflow.SpawnedWorkflowResultTests" name="InstanceId_CreatedWithNewGuidAndDictionary_InstanceIdIsExpected" />
    </UnitTest>
    <UnitTest name="InstanceId_CreatedWithEmptyGuid_InstanceIdIsExpected" storage="f:\etwork\bin\tests\unittests.icore.runtime.core.dll" id="649d59cd-f996-8363-8ea8-6353f73b45a0">
      <Execution id="ed6f67a1-d953-435e-a217-ac80126807df" />
      <TestMethod codeBase="F:\ETWork\bin\Tests\UnitTests.iCore.Runtime.Core.dll" adapterTypeName="Microsoft.VisualStudio.TestTools.TestTypes.Unit.UnitTestAdapter" className="UnitTests.iCore.Runtime.Core.Workflow.SpawnedWorkflowResultTests" name="InstanceId_CreatedWithEmptyGuid_InstanceIdIsExpected" />
    </UnitTest>
    <UnitTest name="InstanceId_CreatedWithEmptyGuidAndNull_InstanceIdIsExpected" storage="f:\etwork\bin\tests\unittests.icore.runtime.core.dll" id="0502cc53-ca79-d123-aec0-802c61880667">
      <Execution id="c9e0befc-febe-4385-bd37-360b6df83f25" />
      <TestMethod codeBase="F:\ETWork\bin\Tests\UnitTests.iCore.Runtime.Core.dll" adapterTypeName="Microsoft.VisualStudio.TestTools.TestTypes.Unit.UnitTestAdapter" className="UnitTests.iCore.Runtime.Core.Workflow.SpawnedWorkflowResultTests" name="InstanceId_CreatedWithEmptyGuidAndNull_InstanceIdIsExpected" />
    </UnitTest>
    <UnitTest name="InstanceId_CratedWithEmptyGuidAndException_InstanceIdIsExpected" storage="f:\etwork\bin\tests\unittests.icore.runtime.core.dll" id="ac13d302-9e8a-108c-6620-a7d13f0cf59b">
      <Execution id="a2e46831-7fac-42c5-bb17-ae8a08ec26c8" />
      <TestMethod codeBase="F:\ETWork\bin\Tests\UnitTests.iCore.Runtime.Core.dll" adapterTypeName="Microsoft.VisualStudio.TestTools.TestTypes.Unit.UnitTestAdapter" className="UnitTests.iCore.Runtime.Core.Workflow.SpawnedWorkflowResultTests" name="InstanceId_CratedWithEmptyGuidAndException_InstanceIdIsExpected" />
    </UnitTest>
    <UnitTest name="InstanceId_CreatedWithEmptyGuidAndEmptyDictionary_InstanceIdIsExpected" storage="f:\etwork\bin\tests\unittests.icore.runtime.core.dll" id="bd75e0b2-2332-ccb5-9402-215df05a3cd2">
      <Execution id="c752ecec-e54e-4f92-982e-6f94aaa83559" />
      <TestMethod codeBase="F:\ETWork\bin\Tests\UnitTests.iCore.Runtime.Core.dll" adapterTypeName="Microsoft.VisualStudio.TestTools.TestTypes.Unit.UnitTestAdapter" className="UnitTests.iCore.Runtime.Core.Workflow.SpawnedWorkflowResultTests" name="InstanceId_CreatedWithEmptyGuidAndEmptyDictionary_InstanceIdIsExpected" />
    </UnitTest>
    <UnitTest name="InstanceId_CreatedWithEmptyGuidAndDictionary_InstanceIdIsExpected" storage="f:\etwork\bin\tests\unittests.icore.runtime.core.dll" id="ba43bb74-95aa-0166-45e9-80bd64e2b6a6">
      <Execution id="a6fec097-0ef7-463a-b6e0-78408665cc06" />
      <TestMethod codeBase="F:\ETWork\bin\Tests\UnitTests.iCore.Runtime.Core.dll" adapterTypeName="Microsoft.VisualStudio.TestTools.TestTypes.Unit.UnitTestAdapter" className="UnitTests.iCore.Runtime.Core.Workflow.SpawnedWorkflowResultTests" name="InstanceId_CreatedWithEmptyGuidAndDictionary_InstanceIdIsExpected" />
    </UnitTest>
    <UnitTest name="Output_CreatedWithNewGuid_OutputIsEmpty" storage="f:\etwork\bin\tests\unittests.icore.runtime.core.dll" id="fd1644ef-0344-87c8-0cbf-4b7dacabc9c8">
      <Execution id="b7f0100a-e9b6-4685-a401-07eef737f27d" />
      <TestMethod codeBase="F:\ETWork\bin\Tests\UnitTests.iCore.Runtime.Core.dll" adapterTypeName="Microsoft.VisualStudio.TestTools.TestTypes.Unit.UnitTestAdapter" className="UnitTests.iCore.Runtime.Core.Workflow.SpawnedWorkflowResultTests" name="Output_CreatedWithNewGuid_OutputIsEmpty" />
    </UnitTest>
    <UnitTest name="Output_CreatedWithNewGuidAndNull_OutputIsEmpty" storage="f:\etwork\bin\tests\unittests.icore.runtime.core.dll" id="c13cd09c-2108-d74f-96c6-d1307065ea50">
      <Execution id="9634df5b-5841-42b9-846f-85991192a602" />
      <TestMethod codeBase="F:\ETWork\bin\Tests\UnitTests.iCore.Runtime.Core.dll" adapterTypeName="Microsoft.VisualStudio.TestTools.TestTypes.Unit.UnitTestAdapter" className="UnitTests.iCore.Runtime.Core.Workflow.SpawnedWorkflowResultTests" name="Output_CreatedWithNewGuidAndNull_OutputIsEmpty" />
    </UnitTest>
    <UnitTest name="Output_CratedWithNewGuidAndException_OutputIsEmpty" storage="f:\etwork\bin\tests\unittests.icore.runtime.core.dll" id="1cb72e01-e7b7-8365-b78d-0f9ae612f18f">
      <Execution id="29fdc087-e293-4e32-a6b5-baf6f8585942" />
      <TestMethod codeBase="F:\ETWork\bin\Tests\UnitTests.iCore.Runtime.Core.dll" adapterTypeName="Microsoft.VisualStudio.TestTools.TestTypes.Unit.UnitTestAdapter" className="UnitTests.iCore.Runtime.Core.Workflow.SpawnedWorkflowResultTests" name="Output_CratedWithNewGuidAndException_OutputIsEmpty" />
    </UnitTest>
    <UnitTest name="Output_CreatedWithNewGuidAndEmptyDictionary_OutputIsExpected" storage="f:\etwork\bin\tests\unittests.icore.runtime.core.dll" id="529bd1e6-c88b-24a3-b254-6751f42605ef">
      <Execution id="1ed98001-a605-439d-9194-bc2b292f05d8" />
      <TestMethod codeBase="F:\ETWork\bin\Tests\UnitTests.iCore.Runtime.Core.dll" adapterTypeName="Microsoft.VisualStudio.TestTools.TestTypes.Unit.UnitTestAdapter" className="UnitTests.iCore.Runtime.Core.Workflow.SpawnedWorkflowResultTests" name="Output_CreatedWithNewGuidAndEmptyDictionary_OutputIsExpected" />
    </UnitTest>
    <UnitTest name="Output_CreatedWithNewGuidAndDictionary_OutputIsExpected" storage="f:\etwork\bin\tests\unittests.icore.runtime.core.dll" id="366fb0f3-ce94-51b8-8408-2f7ec3ee7f5a">
      <Execution id="4641df4d-c509-4a4d-a4c4-772f5a5100e8" />
      <TestMethod codeBase="F:\ETWork\bin\Tests\UnitTests.iCore.Runtime.Core.dll" adapterTypeName="Microsoft.VisualStudio.TestTools.TestTypes.Unit.UnitTestAdapter" className="UnitTests.iCore.Runtime.Core.Workflow.SpawnedWorkflowResultTests" name="Output_CreatedWithNewGuidAndDictionary_OutputIsExpected" />
    </UnitTest>
    <UnitTest name="Output_CreatedWithEmptyGuid_OutputIsEmpty" storage="f:\etwork\bin\tests\unittests.icore.runtime.core.dll" id="f7ed9ec9-b7ab-208a-dadd-784a00402494">
      <Execution id="21e7fcef-438a-47dc-8be8-1d44b559efe3" />
      <TestMethod codeBase="F:\ETWork\bin\Tests\UnitTests.iCore.Runtime.Core.dll" adapterTypeName="Microsoft.VisualStudio.TestTools.TestTypes.Unit.UnitTestAdapter" className="UnitTests.iCore.Runtime.Core.Workflow.SpawnedWorkflowResultTests" name="Output_CreatedWithEmptyGuid_OutputIsEmpty" />
    </UnitTest>
    <UnitTest name="Output_CreatedWithEmptyGuidAndNull_OutputIsEmpty" storage="f:\etwork\bin\tests\unittests.icore.runtime.core.dll" id="c3108a1c-4466-6317-7866-a9febd22eeb3">
      <Execution id="ce93a1a7-25d4-4361-be42-0b3b207bd959" />
      <TestMethod codeBase="F:\ETWork\bin\Tests\UnitTests.iCore.Runtime.Core.dll" adapterTypeName="Microsoft.VisualStudio.TestTools.TestTypes.Unit.UnitTestAdapter" className="UnitTests.iCore.Runtime.Core.Workflow.SpawnedWorkflowResultTests" name="Output_CreatedWithEmptyGuidAndNull_OutputIsEmpty" />
    </UnitTest>
    <UnitTest name="Output_CratedWithEmptyGuidAndException_OutputIsEmpty" storage="f:\etwork\bin\tests\unittests.icore.runtime.core.dll" id="f573932f-9c65-6f25-4fb4-8cd67a7019e4">
      <Execution id="baf1f130-e2ea-40fb-aa1b-8299e7ed9245" />
      <TestMethod codeBase="F:\ETWork\bin\Tests\UnitTests.iCore.Runtime.Core.dll" adapterTypeName="Microsoft.VisualStudio.TestTools.TestTypes.Unit.UnitTestAdapter" className="UnitTests.iCore.Runtime.Core.Workflow.SpawnedWorkflowResultTests" name="Output_CratedWithEmptyGuidAndException_OutputIsEmpty" />
    </UnitTest>
    <UnitTest name="Output_CreatedWithEmptyGuidAndEmptyDictionary_OutputIsExpected" storage="f:\etwork\bin\tests\unittests.icore.runtime.core.dll" id="ccd6e310-afb2-4c6e-9c3b-5032a2caa327">
      <Execution id="c35a9792-a204-4043-a408-c43cfb67604b" />
      <TestMethod codeBase="F:\ETWork\bin\Tests\UnitTests.iCore.Runtime.Core.dll" adapterTypeName="Microsoft.VisualStudio.TestTools.TestTypes.Unit.UnitTestAdapter" className="UnitTests.iCore.Runtime.Core.Workflow.SpawnedWorkflowResultTests" name="Output_CreatedWithEmptyGuidAndEmptyDictionary_OutputIsExpected" />
    </UnitTest>
    <UnitTest name="Output_CreatedWithEmptyGuidAndDictionary_OutputIsExpected" storage="f:\etwork\bin\tests\unittests.icore.runtime.core.dll" id="980c434e-aae5-bfe2-af2a-880b655a61d4">
      <Execution id="ff910a69-4bf4-46d8-9707-540bf0212928" />
      <TestMethod codeBase="F:\ETWork\bin\Tests\UnitTests.iCore.Runtime.Core.dll" adapterTypeName="Microsoft.VisualStudio.TestTools.TestTypes.Unit.UnitTestAdapter" className="UnitTests.iCore.Runtime.Core.Workflow.SpawnedWorkflowResultTests" name="Output_CreatedWithEmptyGuidAndDictionary_OutputIsExpected" />
    </UnitTest>
    <UnitTest name="Error_CreatedWithNewGuid_ErrorIsNull" storage="f:\etwork\bin\tests\unittests.icore.runtime.core.dll" id="e61ee609-6b29-0e1d-6c27-ab65eb1e8180">
      <Execution id="462fada5-e3e2-41cc-9b1c-6041ad88524f" />
      <TestMethod codeBase="F:\ETWork\bin\Tests\UnitTests.iCore.Runtime.Core.dll" adapterTypeName="Microsoft.VisualStudio.TestTools.TestTypes.Unit.UnitTestAdapter" className="UnitTests.iCore.Runtime.Core.Workflow.SpawnedWorkflowResultTests" name="Error_CreatedWithNewGuid_ErrorIsNull" />
    </UnitTest>
    <UnitTest name="Error_CreatedWithNewGuidAndNull_ErrorIsNull" storage="f:\etwork\bin\tests\unittests.icore.runtime.core.dll" id="b66e7ceb-49fc-ffc9-c5ca-0ecb356886b2">
      <Execution id="585f1821-b95f-454b-8ba8-eaa8b7249407" />
      <TestMethod codeBase="F:\ETWork\bin\Tests\UnitTests.iCore.Runtime.Core.dll" adapterTypeName="Microsoft.VisualStudio.TestTools.TestTypes.Unit.UnitTestAdapter" className="UnitTests.iCore.Runtime.Core.Workflow.SpawnedWorkflowResultTests" name="Error_CreatedWithNewGuidAndNull_ErrorIsNull" />
    </UnitTest>
    <UnitTest name="Error_CratedWithNewGuidAndException_ErrorIsExpected" storage="f:\etwork\bin\tests\unittests.icore.runtime.core.dll" id="84cbb383-0711-af29-9c5e-6cc1f87c37d4">
      <Execution id="76c73ccb-1bd7-4bfe-a470-56e4f0741ed3" />
      <TestMethod codeBase="F:\ETWork\bin\Tests\UnitTests.iCore.Runtime.Core.dll" adapterTypeName="Microsoft.VisualStudio.TestTools.TestTypes.Unit.UnitTestAdapter" className="UnitTests.iCore.Runtime.Core.Workflow.SpawnedWorkflowResultTests" name="Error_CratedWithNewGuidAndException_ErrorIsExpected" />
    </UnitTest>
    <UnitTest name="Error_CreatedWithNewGuidAndEmptyDictionary_ErrorIsNull" storage="f:\etwork\bin\tests\unittests.icore.runtime.core.dll" id="2a4b4744-ea79-8f5d-f849-93b503c6eb6e">
      <Execution id="8c56ce26-153c-4e0b-b64b-f187e945f75d" />
      <TestMethod codeBase="F:\ETWork\bin\Tests\UnitTests.iCore.Runtime.Core.dll" adapterTypeName="Microsoft.VisualStudio.TestTools.TestTypes.Unit.UnitTestAdapter" className="UnitTests.iCore.Runtime.Core.Workflow.SpawnedWorkflowResultTests" name="Error_CreatedWithNewGuidAndEmptyDictionary_ErrorIsNull" />
    </UnitTest>
    <UnitTest name="Error_CreatedWithNewGuidAndDictionary_ErrorIsNull" storage="f:\etwork\bin\tests\unittests.icore.runtime.core.dll" id="1fb7c1eb-c06a-eeed-8a32-c60118f153db">
      <Execution id="fb21f14b-1e4a-41b9-ae50-99231743e326" />
      <TestMethod codeBase="F:\ETWork\bin\Tests\UnitTests.iCore.Runtime.Core.dll" adapterTypeName="Microsoft.VisualStudio.TestTools.TestTypes.Unit.UnitTestAdapter" className="UnitTests.iCore.Runtime.Core.Workflow.SpawnedWorkflowResultTests" name="Error_CreatedWithNewGuidAndDictionary_ErrorIsNull" />
    </UnitTest>
    <UnitTest name="Error_CreatedWithEmptyGuid_ErrorIsNull" storage="f:\etwork\bin\tests\unittests.icore.runtime.core.dll" id="3f3230c6-245e-fe1b-6a8f-89be2ca62745">
      <Execution id="0bdf7ca7-f91f-4cdd-acbc-ee871f754430" />
      <TestMethod codeBase="F:\ETWork\bin\Tests\UnitTests.iCore.Runtime.Core.dll" adapterTypeName="Microsoft.VisualStudio.TestTools.TestTypes.Unit.UnitTestAdapter" className="UnitTests.iCore.Runtime.Core.Workflow.SpawnedWorkflowResultTests" name="Error_CreatedWithEmptyGuid_ErrorIsNull" />
    </UnitTest>
    <UnitTest name="Error_CreatedWithEmptyGuidAndNull_ErrorIsNull" storage="f:\etwork\bin\tests\unittests.icore.runtime.core.dll" id="18824efd-59fa-024b-2d3a-f7d85b7866e3">
      <Execution id="da69d156-4b95-48f3-b7d8-b535756e677f" />
      <TestMethod codeBase="F:\ETWork\bin\Tests\UnitTests.iCore.Runtime.Core.dll" adapterTypeName="Microsoft.VisualStudio.TestTools.TestTypes.Unit.UnitTestAdapter" className="UnitTests.iCore.Runtime.Core.Workflow.SpawnedWorkflowResultTests" name="Error_CreatedWithEmptyGuidAndNull_ErrorIsNull" />
    </UnitTest>
    <UnitTest name="Error_CratedWithEmptyGuidAndException_ErrorIsExpected" storage="f:\etwork\bin\tests\unittests.icore.runtime.core.dll" id="56ac3ad1-7a21-8d2d-7a3b-8ed9b692eaef">
      <Execution id="da686449-3497-4b99-95d6-ed7f72c27a65" />
      <TestMethod codeBase="F:\ETWork\bin\Tests\UnitTests.iCore.Runtime.Core.dll" adapterTypeName="Microsoft.VisualStudio.TestTools.TestTypes.Unit.UnitTestAdapter" className="UnitTests.iCore.Runtime.Core.Workflow.SpawnedWorkflowResultTests" name="Error_CratedWithEmptyGuidAndException_ErrorIsExpected" />
    </UnitTest>
    <UnitTest name="Error_CreatedWithEmptyGuidAndEmptyDictionary_ErrorIsNull" storage="f:\etwork\bin\tests\unittests.icore.runtime.core.dll" id="f9a2ef73-aa90-b4bf-28c2-261b03c5537d">
      <Execution id="7b5936a8-f126-46b7-91b3-3e426c7ec3db" />
      <TestMethod codeBase="F:\ETWork\bin\Tests\UnitTests.iCore.Runtime.Core.dll" adapterTypeName="Microsoft.VisualStudio.TestTools.TestTypes.Unit.UnitTestAdapter" className="UnitTests.iCore.Runtime.Core.Workflow.SpawnedWorkflowResultTests" name="Error_CreatedWithEmptyGuidAndEmptyDictionary_ErrorIsNull" />
    </UnitTest>
    <UnitTest name="Error_CreatedWithEmptyGuidAndDictionary_ErrorIsNull" storage="f:\etwork\bin\tests\unittests.icore.runtime.core.dll" id="87c7493d-2714-8223-d6ab-30bb87885e7a">
      <Execution id="57bd8e21-c3b2-4fc1-8cfc-c4e24a07f505" />
      <TestMethod codeBase="F:\ETWork\bin\Tests\UnitTests.iCore.Runtime.Core.dll" adapterTypeName="Microsoft.VisualStudio.TestTools.TestTypes.Unit.UnitTestAdapter" className="UnitTests.iCore.Runtime.Core.Workflow.SpawnedWorkflowResultTests" name="Error_CreatedWithEmptyGuidAndDictionary_ErrorIsNull" />
    </UnitTest>
    <UnitTest name="TimeoutExtension_TimerAddedAndCancelled_TimerCallbackNotCalledAndTimerRemoved" storage="f:\etwork\bin\tests\unittests.icore.runtime.core.dll" id="cfd3737f-ac69-298d-db6b-db9b9fb5e707">
      <Execution id="cffd2b95-fe7a-4d92-b7fd-280712998149" />
      <TestMethod codeBase="F:\ETWork\bin\Tests\UnitTests.iCore.Runtime.Core.dll" adapterTypeName="Microsoft.VisualStudio.TestTools.TestTypes.Unit.UnitTestAdapter" className="UnitTests.iCore.Runtime.Core.Workflow.Extensions.TimeoutExtensionTests" name="TimeoutExtension_TimerAddedAndCancelled_TimerCallbackNotCalledAndTimerRemoved" />
    </UnitTest>
    <UnitTest name="TimeoutExtension_TimerAddedAndTimeoutOccurs_ActivityNotified" storage="f:\etwork\bin\tests\unittests.icore.runtime.core.dll" id="259a79cc-0ad4-dc59-7250-488453d550bf">
      <Execution id="0559f10e-2f30-4dcb-a85c-9be92347748a" />
      <TestMethod codeBase="F:\ETWork\bin\Tests\UnitTests.iCore.Runtime.Core.dll" adapterTypeName="Microsoft.VisualStudio.TestTools.TestTypes.Unit.UnitTestAdapter" className="UnitTests.iCore.Runtime.Core.Workflow.Extensions.TimeoutExtensionTests" name="TimeoutExtension_TimerAddedAndTimeoutOccurs_ActivityNotified" />
    </UnitTest>
    <UnitTest name="ConstructorTest_PropertyErrorIsNull" storage="f:\etwork\bin\tests\unittests.icore.runtime.core.dll" id="fca089cb-ac8a-15f1-f6c6-92ad91ac0caf">
      <Execution id="1e980b2b-047d-463a-bf6d-46cb8b73320d" />
      <TestMethod codeBase="F:\ETWork\bin\Tests\UnitTests.iCore.Runtime.Core.dll" adapterTypeName="Microsoft.VisualStudio.TestTools.TestTypes.Unit.UnitTestAdapter" className="UnitTests.iCore.Runtime.Core.Workflow.Extensions.WorkflowInstanceInfoTests" name="ConstructorTest_PropertyErrorIsNull" />
    </UnitTest>
    <UnitTest name="ConstructorTest_PropertyExecuteContextIsSet" storage="f:\etwork\bin\tests\unittests.icore.runtime.core.dll" id="d08d992c-7301-21fe-f258-bbdd2d14b1db">
      <Execution id="49458a97-0321-42f6-b773-63d24991187a" />
      <TestMethod codeBase="F:\ETWork\bin\Tests\UnitTests.iCore.Runtime.Core.dll" adapterTypeName="Microsoft.VisualStudio.TestTools.TestTypes.Unit.UnitTestAdapter" className="UnitTests.iCore.Runtime.Core.Workflow.Extensions.WorkflowInstanceInfoTests" name="ConstructorTest_PropertyExecuteContextIsSet" />
    </UnitTest>
    <UnitTest name="ConstructorTest_PropertyIsCancellableIsFalse" storage="f:\etwork\bin\tests\unittests.icore.runtime.core.dll" id="eb031932-6603-a1b4-12b9-9c964fdb63f9">
      <Execution id="30a98dae-2b8d-418f-a3e0-b6b2a677cf56" />
      <TestMethod codeBase="F:\ETWork\bin\Tests\UnitTests.iCore.Runtime.Core.dll" adapterTypeName="Microsoft.VisualStudio.TestTools.TestTypes.Unit.UnitTestAdapter" className="UnitTests.iCore.Runtime.Core.Workflow.Extensions.WorkflowInstanceInfoTests" name="ConstructorTest_PropertyIsCancellableIsFalse" />
    </UnitTest>
    <UnitTest name="ConstructorTest_PropertyStateIsCreated" storage="f:\etwork\bin\tests\unittests.icore.runtime.core.dll" id="f52e6bc2-3d1f-f0e6-c453-8456f4effebc">
      <Execution id="d6101750-70ff-4cb8-8cad-09ff07e35013" />
      <TestMethod codeBase="F:\ETWork\bin\Tests\UnitTests.iCore.Runtime.Core.dll" adapterTypeName="Microsoft.VisualStudio.TestTools.TestTypes.Unit.UnitTestAdapter" className="UnitTests.iCore.Runtime.Core.Workflow.Extensions.WorkflowInstanceInfoTests" name="ConstructorTest_PropertyStateIsCreated" />
    </UnitTest>
    <UnitTest name="EnterCancellableSection_NotInCancellableSection_IsCancellableIsTrue" storage="f:\etwork\bin\tests\unittests.icore.runtime.core.dll" id="9ac50896-c804-9487-2131-7ee497b7ef61">
      <Execution id="2e24a414-bc61-4c98-9384-23223c703f06" />
      <TestMethod codeBase="F:\ETWork\bin\Tests\UnitTests.iCore.Runtime.Core.dll" adapterTypeName="Microsoft.VisualStudio.TestTools.TestTypes.Unit.UnitTestAdapter" className="UnitTests.iCore.Runtime.Core.Workflow.Extensions.WorkflowInstanceInfoTests" name="EnterCancellableSection_NotInCancellableSection_IsCancellableIsTrue" />
    </UnitTest>
    <UnitTest name="EnterCancellableSection_InCancellableSection_IsCancellableIsTrue" storage="f:\etwork\bin\tests\unittests.icore.runtime.core.dll" id="9f8463be-65ee-6c4d-2553-24ce5935e550">
      <Execution id="76d0db40-acd8-4a0c-a64e-2ad3bdfb6931" />
      <TestMethod codeBase="F:\ETWork\bin\Tests\UnitTests.iCore.Runtime.Core.dll" adapterTypeName="Microsoft.VisualStudio.TestTools.TestTypes.Unit.UnitTestAdapter" className="UnitTests.iCore.Runtime.Core.Workflow.Extensions.WorkflowInstanceInfoTests" name="EnterCancellableSection_InCancellableSection_IsCancellableIsTrue" />
    </UnitTest>
    <UnitTest name="ExitCancellableSection_NotInCancellableSection_IsCancellableIsFalse" storage="f:\etwork\bin\tests\unittests.icore.runtime.core.dll" id="8db89ad5-f8eb-6af8-8c52-aab72725b61b">
      <Execution id="541c2cb9-37ff-4493-89c5-0be4ac5b8b57" />
      <TestMethod codeBase="F:\ETWork\bin\Tests\UnitTests.iCore.Runtime.Core.dll" adapterTypeName="Microsoft.VisualStudio.TestTools.TestTypes.Unit.UnitTestAdapter" className="UnitTests.iCore.Runtime.Core.Workflow.Extensions.WorkflowInstanceInfoTests" name="ExitCancellableSection_NotInCancellableSection_IsCancellableIsFalse" />
    </UnitTest>
    <UnitTest name="ExitCancellableSection_NotInCancellableSectionExitCalledTwice_IsCancellableIsFalse" storage="f:\etwork\bin\tests\unittests.icore.runtime.core.dll" id="bf537e6d-18c0-ab3a-4571-c6303dd57cb1">
      <Execution id="4335e3a8-b16b-4bad-897b-e26f8a7323f3" />
      <TestMethod codeBase="F:\ETWork\bin\Tests\UnitTests.iCore.Runtime.Core.dll" adapterTypeName="Microsoft.VisualStudio.TestTools.TestTypes.Unit.UnitTestAdapter" className="UnitTests.iCore.Runtime.Core.Workflow.Extensions.WorkflowInstanceInfoTests" name="ExitCancellableSection_NotInCancellableSectionExitCalledTwice_IsCancellableIsFalse" />
    </UnitTest>
    <UnitTest name="ExitCancellableSection_EnterSectionCalledTwice_IsCancellableIsTrue" storage="f:\etwork\bin\tests\unittests.icore.runtime.core.dll" id="36a33465-9e74-8df2-3e73-a73eafd3e771">
      <Execution id="635018c3-101a-4981-9ecd-c8fadf87923e" />
      <TestMethod codeBase="F:\ETWork\bin\Tests\UnitTests.iCore.Runtime.Core.dll" adapterTypeName="Microsoft.VisualStudio.TestTools.TestTypes.Unit.UnitTestAdapter" className="UnitTests.iCore.Runtime.Core.Workflow.Extensions.WorkflowInstanceInfoTests" name="ExitCancellableSection_EnterSectionCalledTwice_IsCancellableIsTrue" />
    </UnitTest>
    <UnitTest name="ExitCancellableSection_EnterSectionCalledTwiceAndExitCalledTwice_IsCancellableIsFalse" storage="f:\etwork\bin\tests\unittests.icore.runtime.core.dll" id="79f21b7a-08cd-0020-2b48-4fa8c5738f06">
      <Execution id="d6c06f70-91fd-4986-838c-d21cdf576cbf" />
      <TestMethod codeBase="F:\ETWork\bin\Tests\UnitTests.iCore.Runtime.Core.dll" adapterTypeName="Microsoft.VisualStudio.TestTools.TestTypes.Unit.UnitTestAdapter" className="UnitTests.iCore.Runtime.Core.Workflow.Extensions.WorkflowInstanceInfoTests" name="ExitCancellableSection_EnterSectionCalledTwiceAndExitCalledTwice_IsCancellableIsFalse" />
    </UnitTest>
    <UnitTest name="EnterCancellableSection_CancelHasBeenInvokedPreviously_CancellationMethodIsInvoked" storage="f:\etwork\bin\tests\unittests.icore.runtime.core.dll" id="7641e010-b7e6-55db-d188-8e3470a55833">
      <Execution id="8afa5f50-6246-4f0b-bd51-392b7bb67bbb" />
      <TestMethod codeBase="F:\ETWork\bin\Tests\UnitTests.iCore.Runtime.Core.dll" adapterTypeName="Microsoft.VisualStudio.TestTools.TestTypes.Unit.UnitTestAdapter" className="UnitTests.iCore.Runtime.Core.Workflow.Extensions.WorkflowInstanceInfoTests" name="EnterCancellableSection_CancelHasBeenInvokedPreviously_CancellationMethodIsInvoked" />
    </UnitTest>
    <UnitTest name="Deserialize_StreamWithSerializedData_ShouldReturnExpectedInstance" storage="f:\etwork\bin\tests\unittests.icore.runtime.core.dll" id="e244983f-b0f2-b23a-db0a-f5d3f02e1dfd">
      <Execution id="1a96fffb-cd47-43b5-9da9-eaf6c93f74be" />
      <TestMethod codeBase="F:\ETWork\bin\Tests\UnitTests.iCore.Runtime.Core.dll" adapterTypeName="Microsoft.VisualStudio.TestTools.TestTypes.Unit.UnitTestAdapter" className="UnitTests.iCore.Runtime.Core.SystemCommunication.InterServerMessageSerializerTest" name="Deserialize_StreamWithSerializedData_ShouldReturnExpectedInstance" />
    </UnitTest>
    <UnitTest name="FromByteArray_ArraySerializedData_ShouldReturnExpectedInstance" storage="f:\etwork\bin\tests\unittests.icore.runtime.core.dll" id="4acf34ff-6bfc-31fd-c40d-6f59db0c74fb">
      <Execution id="08c9b160-506a-4c16-ba4a-ba7cb3fc7a4e" />
      <TestMethod codeBase="F:\ETWork\bin\Tests\UnitTests.iCore.Runtime.Core.dll" adapterTypeName="Microsoft.VisualStudio.TestTools.TestTypes.Unit.UnitTestAdapter" className="UnitTests.iCore.Runtime.Core.SystemCommunication.InterServerMessageSerializerTest" name="FromByteArray_ArraySerializedData_ShouldReturnExpectedInstance" />
    </UnitTest>
    <UnitTest name="Deserialize_TruncatedStream_ShouldThrowInvalidDataException" storage="f:\etwork\bin\tests\unittests.icore.runtime.core.dll" id="8fc9b556-e204-adc5-895f-e663bce460bb">
      <Execution id="d0fe601d-b326-4b11-88df-276f86e6ffa9" />
      <TestMethod codeBase="F:\ETWork\bin\Tests\UnitTests.iCore.Runtime.Core.dll" adapterTypeName="Microsoft.VisualStudio.TestTools.TestTypes.Unit.UnitTestAdapter" className="UnitTests.iCore.Runtime.Core.SystemCommunication.InterServerMessageSerializerTest" name="Deserialize_TruncatedStream_ShouldThrowInvalidDataException" />
    </UnitTest>
    <UnitTest name="Deserialize_CorruptData_ShouldThrowInvalidDataException" storage="f:\etwork\bin\tests\unittests.icore.runtime.core.dll" id="d1a37a95-762e-4b0b-cb47-f60591956038">
      <Execution id="2bb58470-6fc1-4590-ae8c-d6491856d19e" />
      <TestMethod codeBase="F:\ETWork\bin\Tests\UnitTests.iCore.Runtime.Core.dll" adapterTypeName="Microsoft.VisualStudio.TestTools.TestTypes.Unit.UnitTestAdapter" className="UnitTests.iCore.Runtime.Core.SystemCommunication.InterServerMessageSerializerTest" name="Deserialize_CorruptData_ShouldThrowInvalidDataException" />
    </UnitTest>
    <UnitTest name="CreateMessage_AllTypes_Works" storage="f:\etwork\bin\tests\unittests.icore.runtime.core.dll" id="30383d9d-eae2-d417-b5a6-0ed4c318a533">
      <Execution id="c0b7556d-fbe1-4888-b20e-02610dd58fec" />
      <TestMethod codeBase="F:\ETWork\bin\Tests\UnitTests.iCore.Runtime.Core.dll" adapterTypeName="Microsoft.VisualStudio.TestTools.TestTypes.Unit.UnitTestAdapter" className="UnitTests.iCore.Runtime.Core.SystemCommunication.InterServerMessageSerializerTest" name="CreateMessage_AllTypes_Works" />
    </UnitTest>
    <UnitTest name="Constructor_NullArguments_ThrowsArgumentNullException" storage="f:\etwork\bin\tests\unittests.icore.runtime.core.dll" id="9165b7bc-1aa5-c389-71eb-623bb0eadc65">
      <Execution id="7e530e85-64f6-4353-ad39-edda088b6ad1" />
      <TestMethod codeBase="F:\ETWork\bin\Tests\UnitTests.iCore.Runtime.Core.dll" adapterTypeName="Microsoft.VisualStudio.TestTools.TestTypes.Unit.UnitTestAdapter" className="UnitTests.iCore.Runtime.Core.ServerCommunication.AsyncOperationAggregatorTests" name="Constructor_NullArguments_ThrowsArgumentNullException" />
    </UnitTest>
    <UnitTest name="Constructor_EmptyArgument_ThrowsArgumentNullException" storage="f:\etwork\bin\tests\unittests.icore.runtime.core.dll" id="69866611-ea6f-4a52-eb42-cf268ea18392">
      <Execution id="38b37de8-ea91-45b2-8caa-df1ab7c478ec" />
      <TestMethod codeBase="F:\ETWork\bin\Tests\UnitTests.iCore.Runtime.Core.dll" adapterTypeName="Microsoft.VisualStudio.TestTools.TestTypes.Unit.UnitTestAdapter" className="UnitTests.iCore.Runtime.Core.ServerCommunication.AsyncOperationAggregatorTests" name="Constructor_EmptyArgument_ThrowsArgumentNullException" />
    </UnitTest>
    <UnitTest name="AddOperation_NullOperation_ThrowsArgumentNullException" storage="f:\etwork\bin\tests\unittests.icore.runtime.core.dll" id="e088ac29-9130-8a25-b2d7-734f87064c17">
      <Execution id="c1472d6a-6b09-4a24-a717-7ba1ca77b0d0" />
      <TestMethod codeBase="F:\ETWork\bin\Tests\UnitTests.iCore.Runtime.Core.dll" adapterTypeName="Microsoft.VisualStudio.TestTools.TestTypes.Unit.UnitTestAdapter" className="UnitTests.iCore.Runtime.Core.ServerCommunication.AsyncOperationAggregatorTests" name="AddOperation_NullOperation_ThrowsArgumentNullException" />
    </UnitTest>
    <UnitTest name="AddOperation_NullPriority_Succeeds" storage="f:\etwork\bin\tests\unittests.icore.runtime.core.dll" id="bc69573f-4426-b0e7-05ce-ab40c4ab5495">
      <Execution id="9d9aec0d-ae06-4c56-932e-f0073668996c" />
      <TestMethod codeBase="F:\ETWork\bin\Tests\UnitTests.iCore.Runtime.Core.dll" adapterTypeName="Microsoft.VisualStudio.TestTools.TestTypes.Unit.UnitTestAdapter" className="UnitTests.iCore.Runtime.Core.ServerCommunication.AsyncOperationAggregatorTests" name="AddOperation_NullPriority_Succeeds" />
    </UnitTest>
    <UnitTest name="Run_SingleOperation_BeginOperationIsCalled" storage="f:\etwork\bin\tests\unittests.icore.runtime.core.dll" id="f49f3404-72cb-ff79-c54d-af91a456dc32">
      <Execution id="b655d5d8-ebbb-440d-8888-4bd1e649409a" />
      <TestMethod codeBase="F:\ETWork\bin\Tests\UnitTests.iCore.Runtime.Core.dll" adapterTypeName="Microsoft.VisualStudio.TestTools.TestTypes.Unit.UnitTestAdapter" className="UnitTests.iCore.Runtime.Core.ServerCommunication.AsyncOperationAggregatorTests" name="Run_SingleOperation_BeginOperationIsCalled" />
    </UnitTest>
    <UnitTest name="Run_SingleOperationCompletes_EndOperationIsCalled" storage="f:\etwork\bin\tests\unittests.icore.runtime.core.dll" id="b3766366-8002-06b2-199c-3e7dfaa8655d">
      <Execution id="f0c53242-4f70-4eb9-88f8-92d95139ac77" />
      <TestMethod codeBase="F:\ETWork\bin\Tests\UnitTests.iCore.Runtime.Core.dll" adapterTypeName="Microsoft.VisualStudio.TestTools.TestTypes.Unit.UnitTestAdapter" className="UnitTests.iCore.Runtime.Core.ServerCommunication.AsyncOperationAggregatorTests" name="Run_SingleOperationCompletes_EndOperationIsCalled" />
    </UnitTest>
    <UnitTest name="Run_SingleOperationCompletes_BeginOperationIsCalled" storage="f:\etwork\bin\tests\unittests.icore.runtime.core.dll" id="c4d471ab-ae1f-20ba-a853-93496e325da6">
      <Execution id="67278a44-41e1-4a05-9bd7-803f57e26cf3" />
      <TestMethod codeBase="F:\ETWork\bin\Tests\UnitTests.iCore.Runtime.Core.dll" adapterTypeName="Microsoft.VisualStudio.TestTools.TestTypes.Unit.UnitTestAdapter" className="UnitTests.iCore.Runtime.Core.ServerCommunication.AsyncOperationAggregatorTests" name="Run_SingleOperationCompletes_BeginOperationIsCalled" />
    </UnitTest>
    <UnitTest name="Run_EndOperationThrows_BeginOperationIsCalled" storage="f:\etwork\bin\tests\unittests.icore.runtime.core.dll" id="570ab476-1b88-0635-4ec4-9ca6d491b803">
      <Execution id="999ffa67-7151-4c8e-9521-9ce706605c84" />
      <TestMethod codeBase="F:\ETWork\bin\Tests\UnitTests.iCore.Runtime.Core.dll" adapterTypeName="Microsoft.VisualStudio.TestTools.TestTypes.Unit.UnitTestAdapter" className="UnitTests.iCore.Runtime.Core.ServerCommunication.AsyncOperationAggregatorTests" name="Run_EndOperationThrows_BeginOperationIsCalled" />
    </UnitTest>
    <UnitTest name="Run_BeginOperationThrows_BeginOperationIsCalledAgain" storage="f:\etwork\bin\tests\unittests.icore.runtime.core.dll" id="18b84561-1a7c-daba-08f3-050e879ef021">
      <Execution id="3bd2ec25-408e-4189-8094-9ae314c08dfd" />
      <TestMethod codeBase="F:\ETWork\bin\Tests\UnitTests.iCore.Runtime.Core.dll" adapterTypeName="Microsoft.VisualStudio.TestTools.TestTypes.Unit.UnitTestAdapter" className="UnitTests.iCore.Runtime.Core.ServerCommunication.AsyncOperationAggregatorTests" name="Run_BeginOperationThrows_BeginOperationIsCalledAgain" />
    </UnitTest>
    <UnitTest name="Run_BeginOperationThrows_EndOperationIsNotCalled" storage="f:\etwork\bin\tests\unittests.icore.runtime.core.dll" id="64bd02fa-f08d-541e-d5f6-5c2a9a542358">
      <Execution id="01abf462-e55f-4b44-9225-caf6a4d79cee" />
      <TestMethod codeBase="F:\ETWork\bin\Tests\UnitTests.iCore.Runtime.Core.dll" adapterTypeName="Microsoft.VisualStudio.TestTools.TestTypes.Unit.UnitTestAdapter" className="UnitTests.iCore.Runtime.Core.ServerCommunication.AsyncOperationAggregatorTests" name="Run_BeginOperationThrows_EndOperationIsNotCalled" />
    </UnitTest>
    <UnitTest name="Run_CancelEventSet_CancelIsCalledOnOperation" storage="f:\etwork\bin\tests\unittests.icore.runtime.core.dll" id="de92b7be-47b6-96dc-68f5-fcc0937f9363">
      <Execution id="6e90bc30-27e5-411b-af1e-2606fd997fad" />
      <TestMethod codeBase="F:\ETWork\bin\Tests\UnitTests.iCore.Runtime.Core.dll" adapterTypeName="Microsoft.VisualStudio.TestTools.TestTypes.Unit.UnitTestAdapter" className="UnitTests.iCore.Runtime.Core.ServerCommunication.AsyncOperationAggregatorTests" name="Run_CancelEventSet_CancelIsCalledOnOperation" />
    </UnitTest>
    <UnitTest name="Run_OperationCompletes_OnEventOccurredRaised" storage="f:\etwork\bin\tests\unittests.icore.runtime.core.dll" id="0a924380-efb7-716a-2daa-23ef6bb1885b">
      <Execution id="07ed92b0-a06c-4484-bf2c-7b429c0f9771" />
      <TestMethod codeBase="F:\ETWork\bin\Tests\UnitTests.iCore.Runtime.Core.dll" adapterTypeName="Microsoft.VisualStudio.TestTools.TestTypes.Unit.UnitTestAdapter" className="UnitTests.iCore.Runtime.Core.ServerCommunication.AsyncOperationAggregatorTests" name="Run_OperationCompletes_OnEventOccurredRaised" />
    </UnitTest>
    <UnitTest name="Run_EndOperationThrows_ErrorEventIsRaised" storage="f:\etwork\bin\tests\unittests.icore.runtime.core.dll" id="d71903e0-8304-fc32-f6fd-9ec6598bbefb">
      <Execution id="8dd78f79-a05b-421a-b6ae-e8d7c94d38c2" />
      <TestMethod codeBase="F:\ETWork\bin\Tests\UnitTests.iCore.Runtime.Core.dll" adapterTypeName="Microsoft.VisualStudio.TestTools.TestTypes.Unit.UnitTestAdapter" className="UnitTests.iCore.Runtime.Core.ServerCommunication.AsyncOperationAggregatorTests" name="Run_EndOperationThrows_ErrorEventIsRaised" />
    </UnitTest>
    <UnitTest name="Run_BeginOperationThrows_ErrorEventIsRaised" storage="f:\etwork\bin\tests\unittests.icore.runtime.core.dll" id="5584c988-d821-d729-6879-b8762ec9d7eb">
      <Execution id="ab29df97-9f1d-45e9-8f9c-543978a74ed9" />
      <TestMethod codeBase="F:\ETWork\bin\Tests\UnitTests.iCore.Runtime.Core.dll" adapterTypeName="Microsoft.VisualStudio.TestTools.TestTypes.Unit.UnitTestAdapter" className="UnitTests.iCore.Runtime.Core.ServerCommunication.AsyncOperationAggregatorTests" name="Run_BeginOperationThrows_ErrorEventIsRaised" />
    </UnitTest>
    <UnitTest name="Run_MultipleOperations_EventsGeneratedInPriorityOrder" storage="f:\etwork\bin\tests\unittests.icore.runtime.core.dll" id="8605e4ad-a4f5-13fa-4afd-923d6ed0a383">
      <Execution id="42e54b36-0954-42dc-ac37-cb2e753cc0fe" />
      <TestMethod codeBase="F:\ETWork\bin\Tests\UnitTests.iCore.Runtime.Core.dll" adapterTypeName="Microsoft.VisualStudio.TestTools.TestTypes.Unit.UnitTestAdapter" className="UnitTests.iCore.Runtime.Core.ServerCommunication.AsyncOperationAggregatorTests" name="Run_MultipleOperations_EventsGeneratedInPriorityOrder" />
    </UnitTest>
    <UnitTest name="Run_MultipleOperationsWithSamePriority_EventsGeneratedInRoundRobinFashion" storage="f:\etwork\bin\tests\unittests.icore.runtime.core.dll" id="944efe16-6d69-4a63-da75-6bd2eaf6757b">
      <Execution id="0edb473a-5a86-45eb-9424-eb6dbd199167" />
      <TestMethod codeBase="F:\ETWork\bin\Tests\UnitTests.iCore.Runtime.Core.dll" adapterTypeName="Microsoft.VisualStudio.TestTools.TestTypes.Unit.UnitTestAdapter" className="UnitTests.iCore.Runtime.Core.ServerCommunication.AsyncOperationAggregatorTests" name="Run_MultipleOperationsWithSamePriority_EventsGeneratedInRoundRobinFashion" />
    </UnitTest>
    <UnitTest name="AddQueue_NullArgument_ThrowsArgumentException" storage="f:\etwork\bin\tests\unittests.icore.runtime.core.dll" id="7387abe4-0235-f59e-f89d-1ded9cba79ba">
      <Execution id="92f7d44c-e89b-46e0-ac1e-491f66c03259" />
      <TestMethod codeBase="F:\ETWork\bin\Tests\UnitTests.iCore.Runtime.Core.dll" adapterTypeName="Microsoft.VisualStudio.TestTools.TestTypes.Unit.UnitTestAdapter" className="UnitTests.iCore.Runtime.Core.ServerCommunication.MessageQueueListenerTests" name="AddQueue_NullArgument_ThrowsArgumentException" />
    </UnitTest>
    <UnitTest name="AcceptMessages_CancellationWaitHandleSet_MethodReturnsWithoutErrors" storage="f:\etwork\bin\tests\unittests.icore.runtime.core.dll" id="b2750a01-6045-528f-129b-58bbb9be48b1">
      <Execution id="68a8fa3f-6b4b-4f4c-8452-9985261b83a9" />
      <TestMethod codeBase="F:\ETWork\bin\Tests\UnitTests.iCore.Runtime.Core.dll" adapterTypeName="Microsoft.VisualStudio.TestTools.TestTypes.Unit.UnitTestAdapter" className="UnitTests.iCore.Runtime.Core.ServerCommunication.MessageQueueListenerTests" name="AcceptMessages_CancellationWaitHandleSet_MethodReturnsWithoutErrors" />
    </UnitTest>
    <UnitTest name="AcceptMessages_SecondCancellationWaitHandleSet_MethodReturnsWithoutErrors" storage="f:\etwork\bin\tests\unittests.icore.runtime.core.dll" id="25c144e4-461a-a221-2cf7-cda26ec2f5d8">
      <Execution id="2b4e95c2-5f6f-4698-8e55-ed0d01ab4725" />
      <TestMethod codeBase="F:\ETWork\bin\Tests\UnitTests.iCore.Runtime.Core.dll" adapterTypeName="Microsoft.VisualStudio.TestTools.TestTypes.Unit.UnitTestAdapter" className="UnitTests.iCore.Runtime.Core.ServerCommunication.MessageQueueListenerTests" name="AcceptMessages_SecondCancellationWaitHandleSet_MethodReturnsWithoutErrors" />
    </UnitTest>
    <UnitTest name="AcceptMessages_PeekModeAndEndPeekThrowsException_ErrorEventRaised" storage="f:\etwork\bin\tests\unittests.icore.runtime.core.dll" id="da19397e-0021-4bf1-3eec-60c9f2689f2c">
      <Execution id="0820d171-2864-45c9-91f8-049b974325e0" />
      <TestMethod codeBase="F:\ETWork\bin\Tests\UnitTests.iCore.Runtime.Core.dll" adapterTypeName="Microsoft.VisualStudio.TestTools.TestTypes.Unit.UnitTestAdapter" className="UnitTests.iCore.Runtime.Core.ServerCommunication.MessageQueueListenerTests" name="AcceptMessages_PeekModeAndEndPeekThrowsException_ErrorEventRaised" />
    </UnitTest>
    <UnitTest name="AcceptMessages_ReceiveModeAndEndReceiveThrowsException_ErrorEventRaised" storage="f:\etwork\bin\tests\unittests.icore.runtime.core.dll" id="5d4b739c-55da-a66b-5bac-34d92cc57b37">
      <Execution id="0f310aca-14a2-4934-a266-f47807d4d78d" />
      <TestMethod codeBase="F:\ETWork\bin\Tests\UnitTests.iCore.Runtime.Core.dll" adapterTypeName="Microsoft.VisualStudio.TestTools.TestTypes.Unit.UnitTestAdapter" className="UnitTests.iCore.Runtime.Core.ServerCommunication.MessageQueueListenerTests" name="AcceptMessages_ReceiveModeAndEndReceiveThrowsException_ErrorEventRaised" />
    </UnitTest>
    <UnitTest name="AcceptMessages_NullArgument_ThrowsArgumentNullException" storage="f:\etwork\bin\tests\unittests.icore.runtime.core.dll" id="6a127c5b-2111-9ff3-ce2e-dcfc3db91484">
      <Execution id="7b7643ba-cc79-476f-a243-f50ca7f82416" />
      <TestMethod codeBase="F:\ETWork\bin\Tests\UnitTests.iCore.Runtime.Core.dll" adapterTypeName="Microsoft.VisualStudio.TestTools.TestTypes.Unit.UnitTestAdapter" className="UnitTests.iCore.Runtime.Core.ServerCommunication.MessageQueueListenerTests" name="AcceptMessages_NullArgument_ThrowsArgumentNullException" />
    </UnitTest>
    <UnitTest name="AcceptMessages_EmptyListOfCancellationWaitHandles_ThrowsArgumentNullException" storage="f:\etwork\bin\tests\unittests.icore.runtime.core.dll" id="c695dc98-f76d-b2f7-3898-003fdf76c6b5">
      <Execution id="282610d6-1f8d-46e5-9ec8-ebbe4c004c3d" />
      <TestMethod codeBase="F:\ETWork\bin\Tests\UnitTests.iCore.Runtime.Core.dll" adapterTypeName="Microsoft.VisualStudio.TestTools.TestTypes.Unit.UnitTestAdapter" className="UnitTests.iCore.Runtime.Core.ServerCommunication.MessageQueueListenerTests" name="AcceptMessages_EmptyListOfCancellationWaitHandles_ThrowsArgumentNullException" />
    </UnitTest>
    <UnitTest name="AcceptMessages_MessageReceivedOnSingleQueueInReceiveMode_MessageFoundIsRaised" storage="f:\etwork\bin\tests\unittests.icore.runtime.core.dll" id="9e20812c-9046-4df4-2f3d-c57f7cfed228">
      <Execution id="f58f85b7-9634-4a23-8489-5c8479d32767" />
      <TestMethod codeBase="F:\ETWork\bin\Tests\UnitTests.iCore.Runtime.Core.dll" adapterTypeName="Microsoft.VisualStudio.TestTools.TestTypes.Unit.UnitTestAdapter" className="UnitTests.iCore.Runtime.Core.ServerCommunication.MessageQueueListenerTests" name="AcceptMessages_MessageReceivedOnSingleQueueInReceiveMode_MessageFoundIsRaised" />
    </UnitTest>
    <UnitTest name="AcceptMessages_MessageReceivedOnSingleQueueInPeekMode_MessageFoundIsRaised" storage="f:\etwork\bin\tests\unittests.icore.runtime.core.dll" id="db3280f2-7ef1-a40f-3bbe-fbe6071392f8">
      <Execution id="3bb64474-c2dd-4b2b-b592-5d35d7e27e8b" />
      <TestMethod codeBase="F:\ETWork\bin\Tests\UnitTests.iCore.Runtime.Core.dll" adapterTypeName="Microsoft.VisualStudio.TestTools.TestTypes.Unit.UnitTestAdapter" className="UnitTests.iCore.Runtime.Core.ServerCommunication.MessageQueueListenerTests" name="AcceptMessages_MessageReceivedOnSingleQueueInPeekMode_MessageFoundIsRaised" />
    </UnitTest>
    <UnitTest name="AcceptMessages_SingleQueueInReceiveMode_BeginReceiveIsCalled" storage="f:\etwork\bin\tests\unittests.icore.runtime.core.dll" id="387e7a52-7f9a-99ed-1776-159ebb3803fd">
      <Execution id="fbde3173-cfcf-4cbc-ad8b-60110a3b9144" />
      <TestMethod codeBase="F:\ETWork\bin\Tests\UnitTests.iCore.Runtime.Core.dll" adapterTypeName="Microsoft.VisualStudio.TestTools.TestTypes.Unit.UnitTestAdapter" className="UnitTests.iCore.Runtime.Core.ServerCommunication.MessageQueueListenerTests" name="AcceptMessages_SingleQueueInReceiveMode_BeginReceiveIsCalled" />
    </UnitTest>
    <UnitTest name="AcceptMessages_SingleQueueInPeekMode_BeginPeekIsCalled" storage="f:\etwork\bin\tests\unittests.icore.runtime.core.dll" id="01760dd7-ca03-4ef0-364c-9b85349a1739">
      <Execution id="82568196-b90d-4612-a44b-b7925d065686" />
      <TestMethod codeBase="F:\ETWork\bin\Tests\UnitTests.iCore.Runtime.Core.dll" adapterTypeName="Microsoft.VisualStudio.TestTools.TestTypes.Unit.UnitTestAdapter" className="UnitTests.iCore.Runtime.Core.ServerCommunication.MessageQueueListenerTests" name="AcceptMessages_SingleQueueInPeekMode_BeginPeekIsCalled" />
    </UnitTest>
    <UnitTest name="AcceptMessages_MultipleQueuesWithMessagesInReceiveMode_MessageFoundRaisedOnceForEachMessage" storage="f:\etwork\bin\tests\unittests.icore.runtime.core.dll" id="c07f9b96-357e-fca6-cb68-707f0f041264">
      <Execution id="0442790c-7672-4b38-9975-4f05e806dd6d" />
      <TestMethod codeBase="F:\ETWork\bin\Tests\UnitTests.iCore.Runtime.Core.dll" adapterTypeName="Microsoft.VisualStudio.TestTools.TestTypes.Unit.UnitTestAdapter" className="UnitTests.iCore.Runtime.Core.ServerCommunication.MessageQueueListenerTests" name="AcceptMessages_MultipleQueuesWithMessagesInReceiveMode_MessageFoundRaisedOnceForEachMessage" />
    </UnitTest>
    <UnitTest name="AcceptMessages_MultipleQueuesWithMessagesInPeekMode_MessageFoundRaisedOnceForEachMessage" storage="f:\etwork\bin\tests\unittests.icore.runtime.core.dll" id="b499ee05-e642-d932-b2cb-1fe4c2403469">
      <Execution id="3500789d-cb0c-42ba-8ebc-810a669bc271" />
      <TestMethod codeBase="F:\ETWork\bin\Tests\UnitTests.iCore.Runtime.Core.dll" adapterTypeName="Microsoft.VisualStudio.TestTools.TestTypes.Unit.UnitTestAdapter" className="UnitTests.iCore.Runtime.Core.ServerCommunication.MessageQueueListenerTests" name="AcceptMessages_MultipleQueuesWithMessagesInPeekMode_MessageFoundRaisedOnceForEachMessage" />
    </UnitTest>
    <UnitTest name="AcceptMessages_MessagesReceivedOnSingleQueueInReceiveModeWhereEndReceiveThrowsExceptionOnFirstMessage_MessageFoundIsRaisedForSecondMessage" storage="f:\etwork\bin\tests\unittests.icore.runtime.core.dll" id="415c038b-6fe5-4352-c43f-933a143fe17e">
      <Execution id="a6288e16-1673-4390-91c6-92b8ca867f6e" />
      <TestMethod codeBase="F:\ETWork\bin\Tests\UnitTests.iCore.Runtime.Core.dll" adapterTypeName="Microsoft.VisualStudio.TestTools.TestTypes.Unit.UnitTestAdapter" className="UnitTests.iCore.Runtime.Core.ServerCommunication.MessageQueueListenerTests" name="AcceptMessages_MessagesReceivedOnSingleQueueInReceiveModeWhereEndReceiveThrowsExceptionOnFirstMessage_MessageFoundIsRaisedForSecondMessage" />
    </UnitTest>
    <UnitTest name="AcceptMessages_MessagesReceivedOnSingleQueueInPeekModeWhereEndPeekThrowsExceptionOnFirstMessage_MessageFoundIsRaisedForSecondAttempt" storage="f:\etwork\bin\tests\unittests.icore.runtime.core.dll" id="5155f8fa-728d-e1e1-b0ab-c7999cb3345f">
      <Execution id="8d535090-00b1-4e7b-be3c-c227e3ce64a5" />
      <TestMethod codeBase="F:\ETWork\bin\Tests\UnitTests.iCore.Runtime.Core.dll" adapterTypeName="Microsoft.VisualStudio.TestTools.TestTypes.Unit.UnitTestAdapter" className="UnitTests.iCore.Runtime.Core.ServerCommunication.MessageQueueListenerTests" name="AcceptMessages_MessagesReceivedOnSingleQueueInPeekModeWhereEndPeekThrowsExceptionOnFirstMessage_MessageFoundIsRaisedForSecondAttempt" />
    </UnitTest>
  </TestDefinitions>
  <TestEntries>
    <TestEntry testId="cbcdd9c7-18b5-fcb7-6bb5-681deee8d1ef" executionId="64857801-e75c-4ada-acbe-487a98bc99a9" testListId="8c84fa94-04c1-424b-9868-57a2d4851a1d" />
    <TestEntry testId="e1b0620e-7989-c277-22f5-e1c713aa8d9c" executionId="295fc9c9-5bc3-4fa9-b2cd-5decbc2e7e37" testListId="8c84fa94-04c1-424b-9868-57a2d4851a1d" />
    <TestEntry testId="0ee5d04d-08d3-b095-d77a-fd2f55a8dc6d" executionId="bfb84f4d-3265-48ff-aa42-7736e28f7a68" testListId="8c84fa94-04c1-424b-9868-57a2d4851a1d" />
    <TestEntry testId="3e8c3abe-88a3-6170-37f7-e776fadffd74" executionId="60a64d3a-67e6-4974-8a65-fec5f2ecf88d" testListId="8c84fa94-04c1-424b-9868-57a2d4851a1d" />
    <TestEntry testId="bad036b6-cae2-f93e-0b61-f4bf4a6f188c" executionId="c54e4f6b-041e-4fd1-b395-281572a575e5" testListId="8c84fa94-04c1-424b-9868-57a2d4851a1d" />
    <TestEntry testId="44623113-a746-bbb7-8a09-c4a34e2f9be9" executionId="a95c6a7b-c859-4b9c-88df-4a6a9e506287" testListId="8c84fa94-04c1-424b-9868-57a2d4851a1d" />
    <TestEntry testId="512b616f-e4de-02ad-aec6-f6913d2a325f" executionId="5f096705-33ee-41b6-88e3-0fbc5e6c1563" testListId="8c84fa94-04c1-424b-9868-57a2d4851a1d" />
    <TestEntry testId="03d43ecb-8d56-d034-9c9b-3ae143a4148b" executionId="494f6453-af58-4fa0-9b8d-aff18f9d260c" testListId="8c84fa94-04c1-424b-9868-57a2d4851a1d" />
    <TestEntry testId="e3c2bc86-5486-2e19-afd0-16ae1332425a" executionId="414eb953-2a07-43c4-b62f-0034c3a1222c" testListId="8c84fa94-04c1-424b-9868-57a2d4851a1d" />
    <TestEntry testId="7904b9f4-b428-471e-d8be-66634adc46e5" executionId="7c0b07d5-c372-497c-9307-f63b9ecdff0c" testListId="8c84fa94-04c1-424b-9868-57a2d4851a1d" />
    <TestEntry testId="50a58bb3-07d8-5341-c39d-a26b99304909" executionId="5901ec3c-96a6-4a13-96fc-bb393e2d0c25" testListId="8c84fa94-04c1-424b-9868-57a2d4851a1d" />
    <TestEntry testId="d317162d-fbc4-affc-fcd2-4ee4fa3e9539" executionId="6830819c-f67e-4dac-b106-1c5d3b71e0e6" testListId="8c84fa94-04c1-424b-9868-57a2d4851a1d" />
    <TestEntry testId="2946dbeb-d94c-787c-523a-4fa8e2ab5bfd" executionId="f394e5b4-51fb-45ec-9dc1-6f17971c44c4" testListId="8c84fa94-04c1-424b-9868-57a2d4851a1d" />
    <TestEntry testId="8e4daaca-0606-9b28-7bc3-752fcd3d793a" executionId="678db9d7-f002-43d5-9577-ed4dfb7451c2" testListId="8c84fa94-04c1-424b-9868-57a2d4851a1d" />
    <TestEntry testId="a1a1efd5-a882-1160-662a-b9d2b152e3ab" executionId="b5606cef-9b64-42e0-a300-5101d760d218" testListId="8c84fa94-04c1-424b-9868-57a2d4851a1d" />
    <TestEntry testId="65d217fa-6597-beb4-74ec-7976735f662a" executionId="f1a047c5-dac6-4a27-8502-68c1214fec44" testListId="8c84fa94-04c1-424b-9868-57a2d4851a1d" />
    <TestEntry testId="cd9c50c1-4357-7cca-6ed1-b668d351a9e0" executionId="e4b11e26-e948-4663-82fb-105a5526fea9" testListId="8c84fa94-04c1-424b-9868-57a2d4851a1d" />
    <TestEntry testId="2e4d3739-4524-de70-dcfa-3c920ea57e68" executionId="a049db12-fc62-4e84-9856-47f535994719" testListId="8c84fa94-04c1-424b-9868-57a2d4851a1d" />
    <TestEntry testId="ed70e9c6-dda3-6f49-2312-e0cda8280cd4" executionId="a496633a-a7d9-40ac-869e-152eadb66659" testListId="8c84fa94-04c1-424b-9868-57a2d4851a1d" />
    <TestEntry testId="bd55e582-03e0-4b2c-8816-389f0fe11cad" executionId="2b20f5da-211d-4e07-a59e-3e081742b819" testListId="8c84fa94-04c1-424b-9868-57a2d4851a1d" />
    <TestEntry testId="125db23b-eb65-69ac-b4ee-992c6412c1ef" executionId="13102cd1-1b87-4eeb-8db6-39d65c1ab108" testListId="8c84fa94-04c1-424b-9868-57a2d4851a1d" />
    <TestEntry testId="16401edc-f4ee-a65e-8ff7-b4813f7d0fce" executionId="b10164eb-fd90-4640-9f5e-3cad78a7a4b6" testListId="8c84fa94-04c1-424b-9868-57a2d4851a1d" />
    <TestEntry testId="83a851cd-9941-9eac-9f04-01b3bbbe5a1e" executionId="f099dd08-7eeb-4972-bcd5-6bf730e54508" testListId="8c84fa94-04c1-424b-9868-57a2d4851a1d" />
    <TestEntry testId="cfaa92cc-d242-5cfb-98e0-5927df2ffc21" executionId="9882d3a0-6972-419e-8d69-ab261cdc4a0a" testListId="8c84fa94-04c1-424b-9868-57a2d4851a1d" />
    <TestEntry testId="bebf6e4e-e45b-4628-3acb-f03b8137d85c" executionId="13115fd5-4ab0-4690-9895-abc672de8a33" testListId="8c84fa94-04c1-424b-9868-57a2d4851a1d" />
    <TestEntry testId="ce86eafa-8fa8-50ef-09b1-b4f97e3ed1fc" executionId="82fd5207-2f0d-44f6-becd-88f6c2242be9" testListId="8c84fa94-04c1-424b-9868-57a2d4851a1d" />
    <TestEntry testId="bf5fe9aa-3f61-2924-1df9-1a9717ebe24d" executionId="3e7a72ef-c8f9-475b-8d4a-5829ccd22e38" testListId="8c84fa94-04c1-424b-9868-57a2d4851a1d" />
    <TestEntry testId="2acf1295-212b-036e-a509-c37f5295ecda" executionId="0c5a2456-4104-4e5c-974a-82dcd108bf67" testListId="8c84fa94-04c1-424b-9868-57a2d4851a1d" />
    <TestEntry testId="4af33d6c-454e-e46c-dc6d-d1b7f791b36b" executionId="7ee7cb9a-2bb7-4966-89d3-3b4c37a690ef" testListId="8c84fa94-04c1-424b-9868-57a2d4851a1d" />
    <TestEntry testId="8169995b-c0f4-bb4f-31fb-0c75f3a7e1c1" executionId="83023c0f-df08-497f-bf67-c2ccc54ee54f" testListId="8c84fa94-04c1-424b-9868-57a2d4851a1d" />
    <TestEntry testId="828c4e72-1778-8fe2-1326-316e91bfad56" executionId="aab7e8ea-c74f-4385-b4bf-d5afc31b5795" testListId="8c84fa94-04c1-424b-9868-57a2d4851a1d" />
    <TestEntry testId="2c52a824-f49a-78cd-9934-6fc129652ac6" executionId="2317fcb7-d14c-4c2f-b6b8-e607ee9e8645" testListId="8c84fa94-04c1-424b-9868-57a2d4851a1d" />
    <TestEntry testId="f2da04f1-9a54-fe0f-781d-877271ed23d2" executionId="158fc75f-21bc-423b-a60a-88311292ef05" testListId="8c84fa94-04c1-424b-9868-57a2d4851a1d" />
    <TestEntry testId="0a404d51-7fae-df28-f302-ed188527c330" executionId="579e3bc7-ad5b-48a6-a7a1-fc245a3c8f6a" testListId="8c84fa94-04c1-424b-9868-57a2d4851a1d" />
    <TestEntry testId="0470bb7b-c8ec-8f65-5aef-cda53c77c495" executionId="d9c1c309-e4c0-44c9-9607-ecde0f2f674f" testListId="8c84fa94-04c1-424b-9868-57a2d4851a1d" />
    <TestEntry testId="a09fd127-958d-5fe2-17ae-c5af83807299" executionId="ef143eca-081e-4495-ab81-cc6de22b7709" testListId="8c84fa94-04c1-424b-9868-57a2d4851a1d" />
    <TestEntry testId="b5333cf5-2f9c-05db-879c-6a816cc4268d" executionId="016a17f3-cd4b-4cc5-80a4-5e9b0006655d" testListId="8c84fa94-04c1-424b-9868-57a2d4851a1d" />
    <TestEntry testId="2c2b0e24-0f00-a878-498e-4ea1ab280f34" executionId="9fa80494-1a0c-4e45-a35e-d1c2df9b14ac" testListId="8c84fa94-04c1-424b-9868-57a2d4851a1d" />
    <TestEntry testId="d610fab8-817d-7138-6a5e-5454e0379474" executionId="be97f7f5-04bc-41b5-aa85-ee7db1f01307" testListId="8c84fa94-04c1-424b-9868-57a2d4851a1d" />
    <TestEntry testId="cabcc14a-2ef3-c85d-dfd1-de43ca18b3ac" executionId="702f0720-5c05-484b-b65d-ef0f9e360899" testListId="8c84fa94-04c1-424b-9868-57a2d4851a1d" />
    <TestEntry testId="0f2a6f8c-6b60-40aa-6a7b-4d8f945abfe2" executionId="dc2c2664-5805-4fc2-ae52-30e72c565fb0" testListId="8c84fa94-04c1-424b-9868-57a2d4851a1d" />
    <TestEntry testId="ab43028a-0d73-c029-5fd2-94f93458b57b" executionId="9fb08468-3aee-4e86-8984-7635cfc579f8" testListId="8c84fa94-04c1-424b-9868-57a2d4851a1d" />
    <TestEntry testId="a1ecc216-a595-7826-63fb-ba8cfd9931b2" executionId="b5885e04-30dc-45df-ab88-31620634e490" testListId="8c84fa94-04c1-424b-9868-57a2d4851a1d" />
    <TestEntry testId="d6cd779d-7161-65eb-cb81-e6f9495397bd" executionId="7e2119df-d5d2-4267-ae6e-4938c1d1f2d5" testListId="8c84fa94-04c1-424b-9868-57a2d4851a1d" />
    <TestEntry testId="c712af55-6394-5b1d-9835-84605eea7e15" executionId="a5e076fc-ba7a-4f18-8d01-167f9e6d7ef3" testListId="8c84fa94-04c1-424b-9868-57a2d4851a1d" />
    <TestEntry testId="7128cbf4-9b22-cf6e-2208-d27ab1df1a77" executionId="65720cef-1ec9-4ac7-9530-4c15d1556529" testListId="8c84fa94-04c1-424b-9868-57a2d4851a1d" />
    <TestEntry testId="e65712fe-634f-7db4-b0b5-4f57f97e7283" executionId="6d48b4ad-690e-4ec7-9907-57a528b56e75" testListId="8c84fa94-04c1-424b-9868-57a2d4851a1d" />
    <TestEntry testId="f3e81cb8-c543-f054-052b-a499deabb192" executionId="0e032fb6-19bc-403b-8a65-88aa817f86e9" testListId="8c84fa94-04c1-424b-9868-57a2d4851a1d" />
    <TestEntry testId="00c478ce-a662-d3ac-ba1f-58c73a7f463c" executionId="42d7ce8e-aaa8-476b-9fa3-13519c64875b" testListId="8c84fa94-04c1-424b-9868-57a2d4851a1d" />
    <TestEntry testId="f6466304-4bd5-1fab-08da-74b213b0c0cc" executionId="59fb0349-f64c-443e-8fcd-f3f1ef92b575" testListId="8c84fa94-04c1-424b-9868-57a2d4851a1d" />
    <TestEntry testId="e92f68c3-89d0-58b6-c911-a35c64ba9945" executionId="b8b22fed-6c19-458c-83c6-293e5a73e9ab" testListId="8c84fa94-04c1-424b-9868-57a2d4851a1d" />
    <TestEntry testId="aecf063f-ca62-5e2c-b12b-79b58441c916" executionId="72b62274-cfac-4b51-86ee-428d0d780202" testListId="8c84fa94-04c1-424b-9868-57a2d4851a1d" />
    <TestEntry testId="d4a95d8e-5ceb-29b7-e3f3-ec8f8c66f784" executionId="9948308d-57f2-4446-8666-65b5bac4bdb7" testListId="8c84fa94-04c1-424b-9868-57a2d4851a1d" />
    <TestEntry testId="ef10a9ef-571c-a329-cec3-c6359ca7a04c" executionId="e5da7e54-b7aa-43b1-bcc9-abd5d6311357" testListId="8c84fa94-04c1-424b-9868-57a2d4851a1d" />
    <TestEntry testId="3c00d5d6-ce28-1b53-caf3-a68b2beeb8a2" executionId="fe56f2c6-4f8d-4346-a9bd-d6a75ab32fee" testListId="8c84fa94-04c1-424b-9868-57a2d4851a1d" />
    <TestEntry testId="334d7018-0c3a-f5d6-de30-c6a4f7ff3a51" executionId="5f1e43be-5545-4dac-8481-747ab0074c27" testListId="8c84fa94-04c1-424b-9868-57a2d4851a1d" />
    <TestEntry testId="94d51ca3-0c79-e65d-6051-304d3bebb0c6" executionId="40f10670-d773-46f1-841c-be802af07b3e" testListId="8c84fa94-04c1-424b-9868-57a2d4851a1d" />
    <TestEntry testId="3cba314b-5a14-1d76-f67a-c3002af6e575" executionId="c322cd1f-0372-4e70-a284-96a4a713c74f" testListId="8c84fa94-04c1-424b-9868-57a2d4851a1d" />
    <TestEntry testId="d1cf05cc-2dfa-bec4-6256-d873c3f9bde1" executionId="800035e2-c333-4c2b-86c2-da178c7df182" testListId="8c84fa94-04c1-424b-9868-57a2d4851a1d" />
    <TestEntry testId="ac0e6943-f9f7-f2e9-8905-f78f26cf63c0" executionId="89bdee58-1ce0-495d-a01c-ca23ae402245" testListId="8c84fa94-04c1-424b-9868-57a2d4851a1d" />
    <TestEntry testId="0b032793-e550-d135-5abc-4ca237bf6f12" executionId="0e737aee-262f-425a-8705-316ddf61f488" testListId="8c84fa94-04c1-424b-9868-57a2d4851a1d" />
    <TestEntry testId="6cec708c-aa05-6cb1-df7e-517f5c43709d" executionId="3c277d5a-4be2-456e-953f-641192bec50f" testListId="8c84fa94-04c1-424b-9868-57a2d4851a1d" />
    <TestEntry testId="d889412c-fbc3-c43f-8a19-fe2da4ee5a66" executionId="07dd046d-0026-4f83-9114-f43c929863ad" testListId="8c84fa94-04c1-424b-9868-57a2d4851a1d" />
    <TestEntry testId="0c1cf0f4-fe83-ece0-5c41-523691746060" executionId="8d98a10a-e4bb-4b33-9520-ad5bdd5a7d4f" testListId="8c84fa94-04c1-424b-9868-57a2d4851a1d" />
    <TestEntry testId="e45e528a-0b78-849f-3ecd-e68c3617d267" executionId="7ffe1d12-defc-4e18-80a9-1eea113f4e5c" testListId="8c84fa94-04c1-424b-9868-57a2d4851a1d" />
    <TestEntry testId="c9ff8a95-162f-3a34-2867-662766108ed4" executionId="06881bca-6b16-4f0b-a328-a4541e0964b0" testListId="8c84fa94-04c1-424b-9868-57a2d4851a1d" />
    <TestEntry testId="2841cb55-e33d-051d-6180-8e4d31cd372e" executionId="e1f2c1e8-2e97-4e37-bcbf-695e470744ce" testListId="8c84fa94-04c1-424b-9868-57a2d4851a1d" />
    <TestEntry testId="cbc1787c-e63a-daa5-2b9a-8ad8c5beca54" executionId="6fcb3704-a78e-4eba-84de-a1f4234b3765" testListId="8c84fa94-04c1-424b-9868-57a2d4851a1d" />
    <TestEntry testId="da0605f0-8b11-713c-3ea7-c6000a43817c" executionId="9874a4d5-86da-468f-8a39-4e575569e906" testListId="8c84fa94-04c1-424b-9868-57a2d4851a1d" />
    <TestEntry testId="55c635e4-7449-452f-afd2-e4487af769f7" executionId="bba0c644-e7a9-4b5f-9d76-6999d04cc58a" testListId="8c84fa94-04c1-424b-9868-57a2d4851a1d" />
    <TestEntry testId="4496c757-8f4b-3a51-4730-780ea0e42b63" executionId="2c255a0d-220e-487e-ba9d-84991b49a4f4" testListId="8c84fa94-04c1-424b-9868-57a2d4851a1d" />
    <TestEntry testId="f4dc1199-745d-8477-0cda-e74cc6f1a4cc" executionId="f57d454b-e975-48ff-8ec2-46cd9ecfd71e" testListId="8c84fa94-04c1-424b-9868-57a2d4851a1d" />
    <TestEntry testId="8863a6d5-83fc-e50a-f2df-12fc185f1b45" executionId="fadb57d5-88eb-427e-be7a-493b6b40cd93" testListId="8c84fa94-04c1-424b-9868-57a2d4851a1d" />
    <TestEntry testId="66898b84-6731-813f-ed46-0d16843e4cb4" executionId="3308e312-8fad-4c94-9a96-438c9960da0f" testListId="8c84fa94-04c1-424b-9868-57a2d4851a1d" />
    <TestEntry testId="30b4b6da-e372-71da-a010-25f13800fcef" executionId="68fa66be-924f-44b3-a34a-5225fdbdbf10" testListId="8c84fa94-04c1-424b-9868-57a2d4851a1d" />
    <TestEntry testId="7c7e4a63-c690-d297-4332-a00435ab0de5" executionId="a8df400a-08ca-490e-9712-21e70a9f95a8" testListId="8c84fa94-04c1-424b-9868-57a2d4851a1d" />
    <TestEntry testId="103c3806-c810-ec01-f3cc-01151f1481cf" executionId="4b9334ec-5793-4185-8bc6-8274faf3a673" testListId="8c84fa94-04c1-424b-9868-57a2d4851a1d" />
    <TestEntry testId="8bfc075f-420a-c9e2-8a28-f13b004bb579" executionId="471d8dbb-00b7-420f-8f9c-98b86c25155e" testListId="8c84fa94-04c1-424b-9868-57a2d4851a1d" />
    <TestEntry testId="b5ac5201-7a02-4add-db45-f0ead039ed7a" executionId="2e2fa801-831d-40ed-b5e7-1991577483b6" testListId="8c84fa94-04c1-424b-9868-57a2d4851a1d" />
    <TestEntry testId="670a0225-2475-fe07-bf4b-96cce6a39ca0" executionId="11bcf417-6af5-4372-b374-14881d94ee6b" testListId="8c84fa94-04c1-424b-9868-57a2d4851a1d" />
    <TestEntry testId="30288887-38df-e699-2b26-c2e331087b4a" executionId="41331061-05c1-4980-84e6-e40c16c23354" testListId="8c84fa94-04c1-424b-9868-57a2d4851a1d" />
    <TestEntry testId="d9b481eb-b37c-8990-0349-0ba28714c59b" executionId="69978d5c-7f17-4e2a-821e-5865b72fd5d9" testListId="8c84fa94-04c1-424b-9868-57a2d4851a1d" />
    <TestEntry testId="f3352d41-6046-6375-d70e-08f933616558" executionId="b26be5ae-2bc1-4d38-921d-855103cbb5f4" testListId="8c84fa94-04c1-424b-9868-57a2d4851a1d" />
    <TestEntry testId="2b12faa3-a7dd-6c80-05e9-7fce063b3e84" executionId="f063054c-8abb-4bfd-bdc2-5cc7f73b426d" testListId="8c84fa94-04c1-424b-9868-57a2d4851a1d" />
    <TestEntry testId="a8a1b57a-6065-4b79-c0dd-1b7b1c2e2173" executionId="c822e83c-9068-41c0-8362-4856f6a03720" testListId="8c84fa94-04c1-424b-9868-57a2d4851a1d" />
    <TestEntry testId="01d8b08e-a942-171f-1972-3d5ea0b9a165" executionId="7d643adc-69f7-4d97-afa4-ac819f5f4c41" testListId="8c84fa94-04c1-424b-9868-57a2d4851a1d" />
    <TestEntry testId="d5e95a0f-75a2-8abe-3851-d5afa477567c" executionId="6af6d89b-b235-45a5-a6cf-9e7355cea3cb" testListId="8c84fa94-04c1-424b-9868-57a2d4851a1d" />
    <TestEntry testId="0fe3bf3f-3b8b-1a4d-e3c0-748a7862db82" executionId="3b3fb3cc-9579-40ce-8f38-578cf0b37aba" testListId="8c84fa94-04c1-424b-9868-57a2d4851a1d" />
    <TestEntry testId="56233f79-4547-fdf5-761b-cc2c4df64f08" executionId="099fb85f-065e-40f8-8d52-022bb63e8ca7" testListId="8c84fa94-04c1-424b-9868-57a2d4851a1d" />
    <TestEntry testId="ed4a4be4-bcd9-a2e5-cbf4-158fdb2838f9" executionId="b4a0467d-29c4-4173-8805-1e58ce5fd6c6" testListId="8c84fa94-04c1-424b-9868-57a2d4851a1d" />
    <TestEntry testId="9ba9815b-f9c8-651c-050e-a083817a29a5" executionId="58226791-2285-4a7e-97e6-a5bdeca912d5" testListId="8c84fa94-04c1-424b-9868-57a2d4851a1d" />
    <TestEntry testId="96fe433c-f2a0-0fb2-5a91-af6afdc47ac8" executionId="5c09c8bd-4e7d-41f4-b0eb-382d732464b7" testListId="8c84fa94-04c1-424b-9868-57a2d4851a1d" />
    <TestEntry testId="e24bdd09-60f6-2c35-3dc0-3a9c029eb3dc" executionId="551bf377-bb8e-4ae9-817d-ff7d972ab9d2" testListId="8c84fa94-04c1-424b-9868-57a2d4851a1d" />
    <TestEntry testId="d98b5498-aa25-1e7a-69b9-1270c7a1f7b2" executionId="3fc31dc9-8f4f-4de4-b5ab-b572390e5121" testListId="8c84fa94-04c1-424b-9868-57a2d4851a1d" />
    <TestEntry testId="10b4de23-c574-f539-713b-07110040d562" executionId="f98967cc-1e6b-4255-a6c9-559373b7598e" testListId="8c84fa94-04c1-424b-9868-57a2d4851a1d" />
    <TestEntry testId="a539ad35-32c2-7c1a-6285-8901d39fa1f2" executionId="99b9ceb4-9473-49a4-89ca-27004f840282" testListId="8c84fa94-04c1-424b-9868-57a2d4851a1d" />
    <TestEntry testId="2c93e81a-013b-0dd8-543e-02ad42a6f164" executionId="96089060-619a-4f46-8fe1-373276a7c2b3" testListId="8c84fa94-04c1-424b-9868-57a2d4851a1d" />
    <TestEntry testId="cbec4f05-188d-c606-1612-fbb1788449d2" executionId="820751f4-ed20-4f75-8352-bb1b39fb094a" testListId="8c84fa94-04c1-424b-9868-57a2d4851a1d" />
    <TestEntry testId="1aa3f853-0892-41c5-b042-6a64c4cdd1d8" executionId="250c2e0a-b90a-4304-81c5-9d486026afe6" testListId="8c84fa94-04c1-424b-9868-57a2d4851a1d" />
    <TestEntry testId="b85c552e-f3d9-341e-b61b-c0d3f4479c48" executionId="d50d0dc7-3386-492e-8e1c-1c782deceaaa" testListId="8c84fa94-04c1-424b-9868-57a2d4851a1d" />
    <TestEntry testId="73663999-b584-2d06-87b9-5b71478a64da" executionId="7c472ec1-898e-4f7b-916a-2300a94e6e3a" testListId="8c84fa94-04c1-424b-9868-57a2d4851a1d" />
    <TestEntry testId="f72e819c-cf29-5fc5-a7de-030d0cb66b49" executionId="344aac6f-6ceb-40bd-851e-07191754134d" testListId="8c84fa94-04c1-424b-9868-57a2d4851a1d" />
    <TestEntry testId="f71cad70-d25a-c1d0-7161-f7b8169c84a5" executionId="30a685b4-6457-466d-8b77-292c3b6250a4" testListId="8c84fa94-04c1-424b-9868-57a2d4851a1d" />
    <TestEntry testId="cfe2df1b-388f-399a-8abb-6ea095a1fee6" executionId="3bda75c7-fb16-44a9-9055-d9e6ee2978f9" testListId="8c84fa94-04c1-424b-9868-57a2d4851a1d" />
    <TestEntry testId="82ff103d-faa4-f847-94c0-15fe7e4d07ad" executionId="7db62676-b892-4746-b50f-0a7475798c79" testListId="8c84fa94-04c1-424b-9868-57a2d4851a1d" />
    <TestEntry testId="b045487f-4c95-ecb4-fc1e-dfc82dedd347" executionId="39f06cd6-e6b6-4950-8f63-df3a42758b59" testListId="8c84fa94-04c1-424b-9868-57a2d4851a1d" />
    <TestEntry testId="77ea2916-5df6-8b3a-06c5-48acce5f04df" executionId="352ff781-5dac-47a7-a17d-3adcd5991bc2" testListId="8c84fa94-04c1-424b-9868-57a2d4851a1d" />
    <TestEntry testId="c047668b-7d33-afbc-e0a5-3fafdda07287" executionId="0ee82715-9489-40c6-a24d-8613a6eb3719" testListId="8c84fa94-04c1-424b-9868-57a2d4851a1d" />
    <TestEntry testId="32b381c0-bfd9-a60b-4261-a08df341c9bb" executionId="2df8c958-2e21-474a-8fcd-578a818a3cbd" testListId="8c84fa94-04c1-424b-9868-57a2d4851a1d" />
    <TestEntry testId="8914bf5c-6da4-bfa7-3939-ed6615968a69" executionId="39b0a143-20ff-42b3-8650-8789813b9610" testListId="8c84fa94-04c1-424b-9868-57a2d4851a1d" />
    <TestEntry testId="8de620c6-b7a1-908b-a812-41a8df30f6ed" executionId="354ba4be-5d84-4455-b134-30ba0e0bcaa3" testListId="8c84fa94-04c1-424b-9868-57a2d4851a1d" />
    <TestEntry testId="e893e08a-8b13-996d-c752-255b611df635" executionId="1d108a0e-e5f1-4099-8edd-b8de2c22f0c6" testListId="8c84fa94-04c1-424b-9868-57a2d4851a1d" />
    <TestEntry testId="e4a3a49e-91aa-faca-c571-f7b5f0472415" executionId="54563208-8056-45b1-81f2-3eb2557e157d" testListId="8c84fa94-04c1-424b-9868-57a2d4851a1d" />
    <TestEntry testId="8f608cfa-79e8-a8d1-e8ca-865cb600d94c" executionId="865fd9ec-af16-4853-8096-adde1fc2858a" testListId="8c84fa94-04c1-424b-9868-57a2d4851a1d" />
    <TestEntry testId="991d7359-5262-1c6e-5918-52f3cc7e25ab" executionId="fb294130-492d-4c30-9e98-ae8cbf0de27b" testListId="8c84fa94-04c1-424b-9868-57a2d4851a1d" />
    <TestEntry testId="c7032d54-eb36-3f81-427c-2f5e9d14e2f5" executionId="7d518c78-6646-4a77-88ad-2c562b41334b" testListId="8c84fa94-04c1-424b-9868-57a2d4851a1d" />
    <TestEntry testId="b3283dcd-d9f8-8a74-bcf2-a8e2f04b1f64" executionId="4e1e1763-5da0-4bf3-8132-4e5603353fcd" testListId="8c84fa94-04c1-424b-9868-57a2d4851a1d" />
    <TestEntry testId="dad542e1-95d6-b67c-b0ad-a46f7b59424d" executionId="5f60dbe2-14ea-49fd-892d-00582890abc0" testListId="8c84fa94-04c1-424b-9868-57a2d4851a1d" />
    <TestEntry testId="a06d1ad8-06f1-31e0-2024-1c1c4cf30138" executionId="9da2daee-6296-4f0b-8277-ed47f5ea51ae" testListId="8c84fa94-04c1-424b-9868-57a2d4851a1d" />
    <TestEntry testId="90b482f5-80eb-b463-883e-70dd8dfd0beb" executionId="9d83eb19-5f3b-4f4f-94a0-d414768aa3a7" testListId="8c84fa94-04c1-424b-9868-57a2d4851a1d" />
    <TestEntry testId="40e80975-f6b6-cf74-1e6d-14ee0910e7b8" executionId="f440de31-b4ea-4f9a-8f24-f68fc73fde6f" testListId="8c84fa94-04c1-424b-9868-57a2d4851a1d" />
    <TestEntry testId="e743eacb-9326-8655-b235-0c0e1dc7185a" executionId="6c4304d0-5ca8-4a28-901b-896a425a7a00" testListId="8c84fa94-04c1-424b-9868-57a2d4851a1d" />
    <TestEntry testId="a99f321f-98d5-36e6-bc2d-68f98a3d00d3" executionId="1c0067f8-a2d2-406c-9b5d-395c1eaecf3a" testListId="8c84fa94-04c1-424b-9868-57a2d4851a1d" />
    <TestEntry testId="65796e8f-ba49-bccb-f370-5b5ce7b5bf84" executionId="8e25dd9d-09ef-4ea1-ac8f-4c0f74e00148" testListId="8c84fa94-04c1-424b-9868-57a2d4851a1d" />
    <TestEntry testId="5feff921-47f2-4103-f1e0-50340465f124" executionId="c3417a49-0a83-4c29-92b0-f3c541a5b693" testListId="8c84fa94-04c1-424b-9868-57a2d4851a1d" />
    <TestEntry testId="c480d759-5b4e-8a51-f32a-66a157197b6b" executionId="ce780f58-012d-4942-aa85-9692298e4fee" testListId="8c84fa94-04c1-424b-9868-57a2d4851a1d" />
    <TestEntry testId="873f1778-5a73-88e7-49e8-107fc2dfcea5" executionId="bfbc38e9-eba1-4c71-b648-9193efc00bde" testListId="8c84fa94-04c1-424b-9868-57a2d4851a1d" />
    <TestEntry testId="090561d3-d924-ab29-dfaf-13136bb1f673" executionId="d371318b-56c4-411f-b5c1-e662fbcfccad" testListId="8c84fa94-04c1-424b-9868-57a2d4851a1d" />
    <TestEntry testId="a753e7eb-2b59-af94-7eee-037460fa8967" executionId="bb25233f-1a42-45b7-b029-6ec91146530a" testListId="8c84fa94-04c1-424b-9868-57a2d4851a1d" />
    <TestEntry testId="1446d92c-80d1-0303-6c14-31301ad0bf27" executionId="db694a1d-51a8-455d-a563-a2de67727625" testListId="8c84fa94-04c1-424b-9868-57a2d4851a1d" />
    <TestEntry testId="4546aecf-00f8-1f71-1b2e-c7e8d76efb5a" executionId="e7e331a4-7d58-48e8-aa4b-ad7607dfb34c" testListId="8c84fa94-04c1-424b-9868-57a2d4851a1d" />
    <TestEntry testId="97d53031-74c2-279f-3e8d-25108cd31716" executionId="94b56bd9-0c10-4c0c-89b0-8a692daf9406" testListId="8c84fa94-04c1-424b-9868-57a2d4851a1d" />
    <TestEntry testId="091eb8d1-3994-da33-0056-852c3909e949" executionId="7c2e4b23-6a48-403d-a980-b1e197a8ffc6" testListId="8c84fa94-04c1-424b-9868-57a2d4851a1d" />
    <TestEntry testId="d6a22d2c-52d4-d221-98be-ad50b809f90c" executionId="ead6c36e-d6c0-45c9-a953-c5ed9cd9cc51" testListId="8c84fa94-04c1-424b-9868-57a2d4851a1d" />
    <TestEntry testId="775e477f-62fa-9552-28af-1aa5ce031212" executionId="c7d075fc-d201-43bf-88c5-25d917221631" testListId="8c84fa94-04c1-424b-9868-57a2d4851a1d" />
    <TestEntry testId="e9e0f44d-2e2d-fc24-e56d-ddc9c78a1fae" executionId="368eaa0a-9a22-4d9d-8074-9787f247a98e" testListId="8c84fa94-04c1-424b-9868-57a2d4851a1d" />
    <TestEntry testId="38e1f537-3383-a330-bc59-2f5b3898f4f3" executionId="cb9d1780-326a-4734-b2ac-cbb522b90193" testListId="8c84fa94-04c1-424b-9868-57a2d4851a1d" />
    <TestEntry testId="267f68ae-1144-a0c5-1020-46bc1bbb2b77" executionId="ab74cf3e-b423-480e-bc9a-32095559a270" testListId="8c84fa94-04c1-424b-9868-57a2d4851a1d" />
    <TestEntry testId="82dc5b4e-698e-4573-7a8f-3f8792f2e185" executionId="61364a25-b253-427d-8c5f-40ddba3aaf87" testListId="8c84fa94-04c1-424b-9868-57a2d4851a1d" />
    <TestEntry testId="9e5d8148-139e-1d34-a7a9-3c62177aab15" executionId="fb80349a-8298-4c7a-a769-27620de03fca" testListId="8c84fa94-04c1-424b-9868-57a2d4851a1d" />
    <TestEntry testId="12ab025d-7cd7-e542-f74e-f9f4edf0d512" executionId="5aa626fd-7260-4c6c-9c9f-64c6536754d1" testListId="8c84fa94-04c1-424b-9868-57a2d4851a1d" />
    <TestEntry testId="7c1c0641-daa5-24d2-07e3-92157a99ac40" executionId="cdfcc370-474a-418f-b697-92aa8c9f7478" testListId="8c84fa94-04c1-424b-9868-57a2d4851a1d" />
    <TestEntry testId="d265fed5-abf9-dca2-6296-2680137c776c" executionId="3b8d7146-dbf9-4624-a7f9-13ad637352f4" testListId="8c84fa94-04c1-424b-9868-57a2d4851a1d" />
    <TestEntry testId="4f19836c-c4d6-90f6-9838-59bcb0024386" executionId="66cb4782-f992-47cd-9cca-1dd0c720b51f" testListId="8c84fa94-04c1-424b-9868-57a2d4851a1d" />
    <TestEntry testId="9e191504-4df2-7f88-ae37-5246d5bb3e07" executionId="85649ecc-78af-4bed-a20e-4cea9433ccd2" testListId="8c84fa94-04c1-424b-9868-57a2d4851a1d" />
    <TestEntry testId="de6845d0-c48e-f997-9599-3ec0f36e5dc6" executionId="41b1e3aa-8669-4d8f-a4f3-9f72c14ed937" testListId="8c84fa94-04c1-424b-9868-57a2d4851a1d" />
    <TestEntry testId="04943df7-c051-f6d8-dc50-4e40579c4657" executionId="0db10dcb-331d-4e18-91db-a53dcdfda8e5" testListId="8c84fa94-04c1-424b-9868-57a2d4851a1d" />
    <TestEntry testId="81206824-907c-cf09-48f8-c4c973683502" executionId="83c645a9-98bc-4396-a7a9-f839810ff0ab" testListId="8c84fa94-04c1-424b-9868-57a2d4851a1d" />
    <TestEntry testId="10eebf0c-d01b-28d1-b1d2-297e3194bc33" executionId="b5ba8b77-ed26-4e4a-a405-a596504eedbf" testListId="8c84fa94-04c1-424b-9868-57a2d4851a1d" />
    <TestEntry testId="a44ab314-50c8-275d-b87b-213aad06995c" executionId="8d0bd42a-9e72-4165-aeff-0db870f557b4" testListId="8c84fa94-04c1-424b-9868-57a2d4851a1d" />
    <TestEntry testId="2ac56d4d-5766-66a1-b164-027a19ea06da" executionId="24902525-eff1-48aa-b2cb-f1a49c042819" testListId="8c84fa94-04c1-424b-9868-57a2d4851a1d" />
    <TestEntry testId="c7680ee9-2272-f122-a202-ae84cb795d3e" executionId="fbf13a42-2a53-47b4-bbe9-15930c0e38dc" testListId="8c84fa94-04c1-424b-9868-57a2d4851a1d" />
    <TestEntry testId="3870b730-3ccd-a684-1359-122c7bb8af34" executionId="0d14a6df-a1b6-4b73-ba23-ce193bdf6e64" testListId="8c84fa94-04c1-424b-9868-57a2d4851a1d" />
    <TestEntry testId="c02ee83d-293c-a0ce-9be3-8820a3fcf5d4" executionId="b71a3a07-2ed9-46e7-9218-d26a232fc2eb" testListId="8c84fa94-04c1-424b-9868-57a2d4851a1d" />
    <TestEntry testId="3c73efe7-d713-ffba-05a0-df218c2529cf" executionId="534a8ab8-3ee7-4c83-9f58-08786a73eaaf" testListId="8c84fa94-04c1-424b-9868-57a2d4851a1d" />
    <TestEntry testId="c7df83e1-499e-2a1c-3fdb-37b980ef7b64" executionId="924e58a7-a366-4467-bb98-842f9a47b259" testListId="8c84fa94-04c1-424b-9868-57a2d4851a1d" />
    <TestEntry testId="ce609c80-575d-4830-63db-8900df891895" executionId="8c1dced8-baff-49e2-b94a-e0f1b737e4a5" testListId="8c84fa94-04c1-424b-9868-57a2d4851a1d" />
    <TestEntry testId="22bddf44-7395-4842-f990-41cbdfa47cf2" executionId="7f82fd0d-715a-48ed-b09b-953155bb39e9" testListId="8c84fa94-04c1-424b-9868-57a2d4851a1d" />
    <TestEntry testId="412cf5c5-09a9-4ab8-a802-b05a35282ba7" executionId="08f9676e-ef6b-48bd-8364-c9b9a58e462c" testListId="8c84fa94-04c1-424b-9868-57a2d4851a1d" />
    <TestEntry testId="c4895553-7262-4a90-ad3f-3e0cf4bafdae" executionId="601462da-14cc-4f1e-b705-fe6daca6b750" testListId="8c84fa94-04c1-424b-9868-57a2d4851a1d" />
    <TestEntry testId="0a9240bb-5637-412f-90a8-c7d4df86f22a" executionId="24434834-1273-4c5e-b955-03f6d9e6254f" testListId="8c84fa94-04c1-424b-9868-57a2d4851a1d" />
    <TestEntry testId="95f16184-14c5-4e14-bfe4-eff83be905ff" executionId="5d9f2f8b-54b7-46df-afab-3d8bdd923111" testListId="8c84fa94-04c1-424b-9868-57a2d4851a1d" />
    <TestEntry testId="2cbcb718-e7e7-41e4-a73b-b73b82471cab" executionId="8ad22f90-5c94-4509-859a-4ab31ef251c2" testListId="8c84fa94-04c1-424b-9868-57a2d4851a1d" />
    <TestEntry testId="d97bc770-92b7-46c9-aee3-462c46fd568d" executionId="33116bec-a5a1-4e91-adc1-829fd61c9a67" testListId="8c84fa94-04c1-424b-9868-57a2d4851a1d" />
    <TestEntry testId="ac365fcb-e72c-4b39-80e0-3d3d20eca400" executionId="2ada3467-7390-44e1-998e-f9a274a2f4d7" testListId="8c84fa94-04c1-424b-9868-57a2d4851a1d" />
    <TestEntry testId="20e94f8b-5b03-473d-9823-97232d703dcf" executionId="87080b8e-0b26-4d59-99a6-3e6396f4816b" testListId="8c84fa94-04c1-424b-9868-57a2d4851a1d" />
    <TestEntry testId="526d4567-85d1-4514-94e2-069380a66ffe" executionId="a5072549-6040-4c62-8211-6209aa66d75d" testListId="8c84fa94-04c1-424b-9868-57a2d4851a1d" />
    <TestEntry testId="c18fb46e-f1e8-4dd7-94aa-198cb181a4bc" executionId="3d8815a9-0299-416c-90a6-fe5de95682b7" testListId="8c84fa94-04c1-424b-9868-57a2d4851a1d" />
    <TestEntry testId="5da4558f-eb49-408e-bb4b-a7ae6f6fb85d" executionId="3e95085b-3cec-4d15-ae6d-e6906f6f89c1" testListId="8c84fa94-04c1-424b-9868-57a2d4851a1d" />
    <TestEntry testId="f4a7097b-4ba6-429e-9c66-e8605325af6e" executionId="ea68f564-cf66-4433-9e33-ee9a3e7c37e9" testListId="8c84fa94-04c1-424b-9868-57a2d4851a1d" />
    <TestEntry testId="aa51b404-ac4d-49b8-b297-14857e186176" executionId="1e2e1936-3032-460f-a69d-9f156ba04d27" testListId="8c84fa94-04c1-424b-9868-57a2d4851a1d" />
    <TestEntry testId="b7cf1a10-55b3-488f-99d5-2d167e14b855" executionId="af69db3e-60cf-49c2-adfc-51416198b5da" testListId="8c84fa94-04c1-424b-9868-57a2d4851a1d" />
    <TestEntry testId="4e95bee8-ee9d-404a-bdd5-9c30c318e933" executionId="a0784c5b-f104-4161-bcb7-bed75ca3ef45" testListId="8c84fa94-04c1-424b-9868-57a2d4851a1d" />
    <TestEntry testId="bb98033f-2b4d-4488-9327-4d28b41586bb" executionId="f75be2f8-ae9f-40ea-a2d1-3961d2fd132e" testListId="8c84fa94-04c1-424b-9868-57a2d4851a1d" />
    <TestEntry testId="7dd3a6bf-74e1-4f38-90cb-1ab665d595d3" executionId="244b7454-65dc-4988-8c4d-1fc2a916e037" testListId="8c84fa94-04c1-424b-9868-57a2d4851a1d" />
    <TestEntry testId="3b8af1f0-2ce4-4300-8461-789442a0210e" executionId="390be0bd-d97f-40df-9f28-95cad50023dc" testListId="8c84fa94-04c1-424b-9868-57a2d4851a1d" />
    <TestEntry testId="79cc72f2-ec66-4a54-8370-a7990475f773" executionId="5d2dfc93-0661-4fb2-8c43-35519753c2f9" testListId="8c84fa94-04c1-424b-9868-57a2d4851a1d" />
    <TestEntry testId="43d4e6b6-2739-4787-879e-fb44bce204d2" executionId="5b8ad85a-c9a5-4b16-9ed0-afbc85eaa4d3" testListId="8c84fa94-04c1-424b-9868-57a2d4851a1d" />
    <TestEntry testId="fb69e9fe-443a-4f58-966e-07b4ec5497e6" executionId="7322a022-ab76-45a1-90c1-3bea7fd6d437" testListId="8c84fa94-04c1-424b-9868-57a2d4851a1d" />
    <TestEntry testId="f77fb8c5-57d7-4e5e-bbbf-3170988e395f" executionId="24a40073-e049-40be-892b-0079f05ed5b8" testListId="8c84fa94-04c1-424b-9868-57a2d4851a1d" />
    <TestEntry testId="6e0d434a-c1db-4e55-a44f-644b7b735555" executionId="d94c724a-a114-4899-b63e-83e343df5803" testListId="8c84fa94-04c1-424b-9868-57a2d4851a1d" />
    <TestEntry testId="a1557b37-5741-43c8-8ee9-8ae9adef38e1" executionId="6d6a1e44-ff60-4043-94fa-263c904c1829" testListId="8c84fa94-04c1-424b-9868-57a2d4851a1d" />
    <TestEntry testId="7025e34e-614d-4973-88cd-bd5b2fcc2f5f" executionId="52f2a81e-59c3-45c1-8a65-f31dbf8c8357" testListId="8c84fa94-04c1-424b-9868-57a2d4851a1d" />
    <TestEntry testId="075a725f-4568-4c61-a5e5-e24b42131185" executionId="0161710e-c264-49e7-8f69-8bbaa81aca72" testListId="8c84fa94-04c1-424b-9868-57a2d4851a1d" />
    <TestEntry testId="d156c91d-c406-4191-a2e9-9c64ff4c0b54" executionId="e66293ec-3667-48fb-817e-d58427f6c163" testListId="8c84fa94-04c1-424b-9868-57a2d4851a1d" />
    <TestEntry testId="f469c782-0981-4b49-b00a-862adb7a55ff" executionId="83535cb4-d7b1-41f3-a181-5e2b15acc061" testListId="8c84fa94-04c1-424b-9868-57a2d4851a1d" />
    <TestEntry testId="7fb23057-829c-44c3-8b79-b1855370558b" executionId="96f626c3-efa4-46dd-bf27-de634e1a0511" testListId="8c84fa94-04c1-424b-9868-57a2d4851a1d" />
    <TestEntry testId="2f48dce6-4b46-46b7-83ec-ddbbc2f192bd" executionId="af503be9-e3be-49a6-8916-bb740be65b34" testListId="8c84fa94-04c1-424b-9868-57a2d4851a1d" />
    <TestEntry testId="7c501d89-b529-48e0-a896-55b73756f579" executionId="38e0e14b-a731-43e5-ab0d-7349acb475a7" testListId="8c84fa94-04c1-424b-9868-57a2d4851a1d" />
    <TestEntry testId="91de4e5b-4d9a-4e18-96dd-a2a724522959" executionId="c3f7666a-2ccc-4bb3-a794-a0207ce185bf" testListId="8c84fa94-04c1-424b-9868-57a2d4851a1d" />
    <TestEntry testId="be6fb6fa-f406-4f9d-ad54-a9ee3e4c1281" executionId="af835189-9ad5-44be-8795-9c5e987e7dbf" testListId="8c84fa94-04c1-424b-9868-57a2d4851a1d" />
    <TestEntry testId="99564eca-4340-4234-a752-ac47d67b2e1b" executionId="b2fc9dca-4ca2-45ca-b081-8132b94be15e" testListId="8c84fa94-04c1-424b-9868-57a2d4851a1d" />
    <TestEntry testId="1556411f-e013-4ef2-8e3a-c86b731dca7b" executionId="3ac10707-f721-4fba-9a86-515b7111d416" testListId="8c84fa94-04c1-424b-9868-57a2d4851a1d" />
    <TestEntry testId="144f6952-00c6-4f29-8998-86fb9fde15c6" executionId="5db7786e-3fdf-46f0-8c89-1f2eaa8e4bf9" testListId="8c84fa94-04c1-424b-9868-57a2d4851a1d" />
    <TestEntry testId="19dee92c-717d-47c8-bd06-b9c906b33b3c" executionId="c62d80c0-846d-4054-8ece-c53aaa8f239c" testListId="8c84fa94-04c1-424b-9868-57a2d4851a1d" />
    <TestEntry testId="28a73f42-d018-4a23-9998-75b3621f6f0c" executionId="e257bcea-31b8-4291-9d87-f9a9651ddfb9" testListId="8c84fa94-04c1-424b-9868-57a2d4851a1d" />
    <TestEntry testId="99dbfbbc-1e67-41d1-adf9-c03991aa746e" executionId="66be71df-f7ad-4660-b580-32451c0d5579" testListId="8c84fa94-04c1-424b-9868-57a2d4851a1d" />
    <TestEntry testId="93b8da80-2f06-4a15-894e-fb15d4d324f2" executionId="5993f41c-0303-4634-9301-0f60c0e34aca" testListId="8c84fa94-04c1-424b-9868-57a2d4851a1d" />
    <TestEntry testId="143fbf0c-948c-411f-babd-0f685dc98d15" executionId="3d3939da-87ca-4dcb-b831-5cd4cffee56a" testListId="8c84fa94-04c1-424b-9868-57a2d4851a1d" />
    <TestEntry testId="2cc36502-4813-48ce-a0f4-2ff528ee29ef" executionId="cd720063-3ada-4d76-a705-d836fc254c94" testListId="8c84fa94-04c1-424b-9868-57a2d4851a1d" />
    <TestEntry testId="3f9c4c05-6c4d-49da-a946-012d2d8c0518" executionId="858cc16f-497b-4fef-a5ae-3c8a629c8e3e" testListId="8c84fa94-04c1-424b-9868-57a2d4851a1d" />
    <TestEntry testId="8bafdd35-f028-4bef-b876-8f8f08662593" executionId="929fffb4-c154-4503-a260-1373f092bfae" testListId="8c84fa94-04c1-424b-9868-57a2d4851a1d" />
    <TestEntry testId="83a0d243-0426-47f1-96c5-5baab9d1a6fe" executionId="5654a934-16f5-4f16-884c-f5db97888817" testListId="8c84fa94-04c1-424b-9868-57a2d4851a1d" />
    <TestEntry testId="fd887f65-4991-47c6-9711-5b33d2aab219" executionId="9aeec79d-5027-4eef-9ffc-be5c04d99e3b" testListId="8c84fa94-04c1-424b-9868-57a2d4851a1d" />
    <TestEntry testId="8fda878d-a836-40de-b125-fd20a90a04d1" executionId="4c5e46ed-2aa1-48aa-903c-776605b49f41" testListId="8c84fa94-04c1-424b-9868-57a2d4851a1d" />
    <TestEntry testId="b4866d79-da46-4218-aa4c-f72b7f79f00b" executionId="ee04bea0-e306-4336-b55c-ce929bbcdcf4" testListId="8c84fa94-04c1-424b-9868-57a2d4851a1d" />
    <TestEntry testId="a0a1515f-5e12-4035-852c-cc351031ff17" executionId="0e1c1dd7-9a2a-4ad3-b822-f9a6fa5d646c" testListId="8c84fa94-04c1-424b-9868-57a2d4851a1d" />
    <TestEntry testId="bd560b8b-2a60-4b0f-ba79-ab8dd58001d2" executionId="bf0deb0d-5e3b-44e9-b521-c29d067e1006" testListId="8c84fa94-04c1-424b-9868-57a2d4851a1d" />
    <TestEntry testId="63a55f33-8769-4792-b77c-f470ab39594a" executionId="326e7754-bdb8-499b-85f1-2abb77ce5a8b" testListId="8c84fa94-04c1-424b-9868-57a2d4851a1d" />
    <TestEntry testId="9b3c5748-e381-418e-a81c-bfbc4f5f2033" executionId="240dd910-10c2-402b-ba4e-e2e4d84789c8" testListId="8c84fa94-04c1-424b-9868-57a2d4851a1d" />
    <TestEntry testId="11c744da-baca-460e-90c8-9ee42f4343cc" executionId="5c88b19b-4b5d-485c-a022-d293e725f405" testListId="8c84fa94-04c1-424b-9868-57a2d4851a1d" />
    <TestEntry testId="c65fa320-0ab1-4c67-b0ac-dfe93444aafb" executionId="1742afb4-4cb2-4ac0-97b5-12c34a356fc6" testListId="8c84fa94-04c1-424b-9868-57a2d4851a1d" />
    <TestEntry testId="b2c14114-5243-4fbe-a5e9-b9324b82608d" executionId="f6ac1924-0e97-4ae5-b6c3-b5ab749ec2e5" testListId="8c84fa94-04c1-424b-9868-57a2d4851a1d" />
    <TestEntry testId="2bcd1aed-b502-4a7c-8268-cdddf1811f0d" executionId="c6ba8f3d-4bfd-47af-a4bf-3d3a34f6ed6e" testListId="8c84fa94-04c1-424b-9868-57a2d4851a1d" />
    <TestEntry testId="d9037ae7-d1f0-4479-9967-fce84a464d32" executionId="35e0000c-2895-42bf-bdd4-9e98a5fd3722" testListId="8c84fa94-04c1-424b-9868-57a2d4851a1d" />
    <TestEntry testId="014d511f-ede2-4643-a62b-bf98cbcaea3f" executionId="4a703a1a-0fab-459b-99dd-3f763796995f" testListId="8c84fa94-04c1-424b-9868-57a2d4851a1d" />
    <TestEntry testId="445227fa-43d4-4eb1-acf8-5b359565f6b8" executionId="33eff308-113b-4c2b-89d6-2b036f65fc62" testListId="8c84fa94-04c1-424b-9868-57a2d4851a1d" />
    <TestEntry testId="8f61865c-ffc2-4abd-b811-f4cd26576f10" executionId="5d5532b8-f1f0-4a9f-9a9c-6cc7f04c36d9" testListId="8c84fa94-04c1-424b-9868-57a2d4851a1d" />
    <TestEntry testId="057136d1-470d-470f-869c-1f3aeadc8d9e" executionId="f0d15d6a-6c88-4c74-a06e-85d88a51cf92" testListId="8c84fa94-04c1-424b-9868-57a2d4851a1d" />
    <TestEntry testId="c668f093-9c7a-4c39-aca9-f5fc52772184" executionId="c62e1c05-9a36-44e6-a503-89ab6d1faf7b" testListId="8c84fa94-04c1-424b-9868-57a2d4851a1d" />
    <TestEntry testId="26a695e0-3002-4f0f-a4bb-ca2d04a06ffe" executionId="49a98a6d-cb66-4798-b3d6-b8cfc8546769" testListId="8c84fa94-04c1-424b-9868-57a2d4851a1d" />
    <TestEntry testId="07c61454-f5c0-465f-9069-8e5214431b39" executionId="4d5b2591-b469-4e10-8396-06d082337e8f" testListId="8c84fa94-04c1-424b-9868-57a2d4851a1d" />
    <TestEntry testId="816cc72f-3653-4286-b3b1-2aa77e651df2" executionId="18c80fe8-866b-4f4d-be10-ff3d0372ec43" testListId="8c84fa94-04c1-424b-9868-57a2d4851a1d" />
    <TestEntry testId="ca1dd6b6-0520-4381-a399-3b90d00bbc4f" executionId="971b36da-c3a0-4e5f-b243-b0235d3a38e9" testListId="8c84fa94-04c1-424b-9868-57a2d4851a1d" />
    <TestEntry testId="9ad6dba5-64b1-4d83-8ed8-87dbdb537aaa" executionId="8aa3f500-bedf-4d91-8faa-5ef528397dee" testListId="8c84fa94-04c1-424b-9868-57a2d4851a1d" />
    <TestEntry testId="a89129fb-f2e3-4d9e-b41c-66ac21af82ec" executionId="984db637-b05c-475a-b3bd-c44be1ece665" testListId="8c84fa94-04c1-424b-9868-57a2d4851a1d" />
    <TestEntry testId="59951849-6129-4458-adba-6948300498e9" executionId="a18dd988-253d-46e2-977f-59afee317ed4" testListId="8c84fa94-04c1-424b-9868-57a2d4851a1d" />
    <TestEntry testId="a3f394c7-9df0-405e-8f29-e6a07c72b4c7" executionId="02b16d1e-a6ee-4fd8-b55d-0a916d780d33" testListId="8c84fa94-04c1-424b-9868-57a2d4851a1d" />
    <TestEntry testId="22b0384d-dc86-4e9c-bcf0-07c90c4f5a98" executionId="a1543642-f065-40c3-8c79-efc66976b301" testListId="8c84fa94-04c1-424b-9868-57a2d4851a1d" />
    <TestEntry testId="ae7b13ff-25b7-4ca8-a467-582569f3524c" executionId="ed921525-ddd7-41c1-802b-efafa36de1ec" testListId="8c84fa94-04c1-424b-9868-57a2d4851a1d" />
    <TestEntry testId="d060ce7c-fdfe-4356-a11a-f358693f3d17" executionId="34300453-f23c-4b04-bb9d-2d0ba3d912a2" testListId="8c84fa94-04c1-424b-9868-57a2d4851a1d" />
    <TestEntry testId="adec6e44-abca-461e-b5da-63bae25605d1" executionId="96a71d0b-886f-4ad1-8de0-d89231a2aeaa" testListId="8c84fa94-04c1-424b-9868-57a2d4851a1d" />
    <TestEntry testId="6803ad7f-79ff-4c77-a4ac-c2c82882deed" executionId="98a61919-97f3-4487-9884-76b75575c465" testListId="8c84fa94-04c1-424b-9868-57a2d4851a1d" />
    <TestEntry testId="52a1b219-b71a-426f-95c2-a756e79284bd" executionId="a372acf3-1122-4071-85a3-b5c80ca0d138" testListId="8c84fa94-04c1-424b-9868-57a2d4851a1d" />
    <TestEntry testId="1fd93f3f-1326-4aa9-8ce3-d9420f8443a4" executionId="40611334-0c22-4c68-84ce-b48c3010c211" testListId="8c84fa94-04c1-424b-9868-57a2d4851a1d" />
    <TestEntry testId="728c09c3-df32-480c-bc3d-b36fdd4550e8" executionId="df3b998a-502d-4864-a226-14fc126ec823" testListId="8c84fa94-04c1-424b-9868-57a2d4851a1d" />
    <TestEntry testId="d7441cf7-2d19-4775-a127-85f5a5eb3e1c" executionId="fbc4c7d8-4e23-4a53-90dd-1c111ece1b58" testListId="8c84fa94-04c1-424b-9868-57a2d4851a1d" />
    <TestEntry testId="e88cb8f1-9dc0-40ba-9ac5-e2a0c2f90656" executionId="cd7754a3-0d14-40f9-8652-8549516d1c2d" testListId="8c84fa94-04c1-424b-9868-57a2d4851a1d" />
    <TestEntry testId="50df5864-7524-412b-baf6-e53fb57cd0f9" executionId="d24ac617-bf8b-4e21-8af6-d68f0e826923" testListId="8c84fa94-04c1-424b-9868-57a2d4851a1d" />
    <TestEntry testId="e2d810b9-cec5-4dbd-80ed-95ab99cce231" executionId="137b4572-baa1-4e10-85bc-5a5c8f0a18db" testListId="8c84fa94-04c1-424b-9868-57a2d4851a1d" />
    <TestEntry testId="27cecf34-66b7-430a-9490-0ee87c176c7b" executionId="daa2a527-dca6-4ab2-be55-14445d867658" testListId="8c84fa94-04c1-424b-9868-57a2d4851a1d" />
    <TestEntry testId="933c5f28-62df-4352-a4c7-8b196a292df9" executionId="b31580d6-be9d-4429-b79b-361679640bde" testListId="8c84fa94-04c1-424b-9868-57a2d4851a1d" />
    <TestEntry testId="e4d73f40-4d31-4b9f-a456-8aeadea23bc9" executionId="8d05bced-bfc3-4ca5-b550-d04d20f3fda8" testListId="8c84fa94-04c1-424b-9868-57a2d4851a1d" />
    <TestEntry testId="7c51ab4f-db98-4a99-9393-31963968a0cf" executionId="6bc4b14e-18e4-4522-83b2-6a273b55d97b" testListId="8c84fa94-04c1-424b-9868-57a2d4851a1d" />
    <TestEntry testId="8b548c92-7494-43ec-bdd9-8ee9ba7107a3" executionId="406d8ab5-e753-4aa2-aa47-8deaa9e15746" testListId="8c84fa94-04c1-424b-9868-57a2d4851a1d" />
    <TestEntry testId="64b74f30-6d81-4a14-95f7-90488767e4d7" executionId="59925748-1f1a-41e0-a1d9-de2f0ac52630" testListId="8c84fa94-04c1-424b-9868-57a2d4851a1d" />
    <TestEntry testId="ef759501-3967-42a5-b660-1673eafaeaed" executionId="3b5e56fe-0ba1-4594-bb08-3a5d2c1d792a" testListId="8c84fa94-04c1-424b-9868-57a2d4851a1d" />
    <TestEntry testId="6ac051f7-a064-4088-9438-a34429aa12a2" executionId="f8efc3ef-39c7-4a53-9de5-fd25af3340be" testListId="8c84fa94-04c1-424b-9868-57a2d4851a1d" />
    <TestEntry testId="c51c2fa8-e7d3-46e0-b135-77fd8dcedf4c" executionId="a224eb22-aa15-4abf-a748-a0e4191361f7" testListId="8c84fa94-04c1-424b-9868-57a2d4851a1d" />
    <TestEntry testId="f01082f4-5ceb-4703-939f-643f82d21992" executionId="75e0489a-1a0e-4b01-b976-c652e67ce2e3" testListId="8c84fa94-04c1-424b-9868-57a2d4851a1d" />
    <TestEntry testId="d754b16c-3863-4209-a901-177cae3a95aa" executionId="5ea86587-cb64-4d96-af5a-9e19b94378bc" testListId="8c84fa94-04c1-424b-9868-57a2d4851a1d" />
    <TestEntry testId="9e21c6bc-df19-439d-ab99-6eb6c5a069de" executionId="3370f256-ee72-4b18-a295-e88f2bc694b3" testListId="8c84fa94-04c1-424b-9868-57a2d4851a1d" />
    <TestEntry testId="b7215e35-7ad8-4df6-9394-0351ff41ce8d" executionId="a36ce6d4-1209-4057-a43e-a051686b7888" testListId="8c84fa94-04c1-424b-9868-57a2d4851a1d" />
    <TestEntry testId="224b35f4-a8d8-454d-a6d7-416005fdfaf6" executionId="ebe6caee-f5eb-4604-867c-003dbf9aa1a4" testListId="8c84fa94-04c1-424b-9868-57a2d4851a1d" />
    <TestEntry testId="e080cedb-1e81-4e25-9547-59baf7e00a7d" executionId="5e47ed14-239b-419c-997e-ab49c5100faf" testListId="8c84fa94-04c1-424b-9868-57a2d4851a1d" />
    <TestEntry testId="fdc20f7a-311d-4a93-aa6b-68664a876265" executionId="23cdccfd-5cf1-47e4-b210-08a15add3d62" testListId="8c84fa94-04c1-424b-9868-57a2d4851a1d" />
    <TestEntry testId="cb4a9468-abb8-4a01-9855-b6e018bd8f1f" executionId="1039096c-567b-4859-9cf7-2946dab34ace" testListId="8c84fa94-04c1-424b-9868-57a2d4851a1d" />
    <TestEntry testId="62435300-bca0-4fc9-a37e-b3b318274e86" executionId="b9d314e8-2a6a-4d09-89a3-bbd576249ae8" testListId="8c84fa94-04c1-424b-9868-57a2d4851a1d" />
    <TestEntry testId="ce7affeb-cf6a-4624-bd94-c59135ea545f" executionId="06d1a4f7-efd9-4d05-82db-aba8711f8598" testListId="8c84fa94-04c1-424b-9868-57a2d4851a1d" />
    <TestEntry testId="3f282069-4a7b-4dd6-af40-23c48b5a141c" executionId="373cb456-5fa0-45d6-afa2-86ed17b64a3c" testListId="8c84fa94-04c1-424b-9868-57a2d4851a1d" />
    <TestEntry testId="36a53eec-161c-4889-bda1-cf6f35492116" executionId="1554d58c-eee0-47ad-9161-7ce2b50a4e5a" testListId="8c84fa94-04c1-424b-9868-57a2d4851a1d" />
    <TestEntry testId="d3891cea-7ba5-4325-b5de-4e8e9e61c08d" executionId="749df0ba-4fdf-4c84-972f-c65c6e5fa213" testListId="8c84fa94-04c1-424b-9868-57a2d4851a1d" />
    <TestEntry testId="843ce20a-ee97-489f-9a47-80049fe0932a" executionId="93a89bda-2443-4937-9106-7e0603971317" testListId="8c84fa94-04c1-424b-9868-57a2d4851a1d" />
    <TestEntry testId="ea408855-91f4-41c5-a672-e4c845f88e7f" executionId="4bb7a1ba-41e0-4e6d-a4e2-01374ef07cb4" testListId="8c84fa94-04c1-424b-9868-57a2d4851a1d" />
    <TestEntry testId="64e718db-cfd3-453e-9882-4acfbfc98bce" executionId="0fc80ac2-6367-4dcd-a9c1-ede58e4c52b6" testListId="8c84fa94-04c1-424b-9868-57a2d4851a1d" />
    <TestEntry testId="2010dab7-5e48-4fdf-85ae-18a490b150b4" executionId="caf03bf1-9f5d-4442-a985-50525b335638" testListId="8c84fa94-04c1-424b-9868-57a2d4851a1d" />
    <TestEntry testId="c21256c7-965d-4f80-9b60-03f54161c85a" executionId="4014e390-8664-40e0-bd4d-1f937c9502ae" testListId="8c84fa94-04c1-424b-9868-57a2d4851a1d" />
    <TestEntry testId="f7d1929e-1300-41f9-a22e-b162a830ed84" executionId="31af8d51-b5ba-437e-8cfc-8924f820a595" testListId="8c84fa94-04c1-424b-9868-57a2d4851a1d" />
    <TestEntry testId="1f6dd493-8ea9-4f85-afcc-e91799db3be0" executionId="73e874d4-1694-4ea8-a693-963c602b7c51" testListId="8c84fa94-04c1-424b-9868-57a2d4851a1d" />
    <TestEntry testId="96f4976b-f1b8-494a-acdf-48e799738ab1" executionId="324d9d5d-9ef5-40b0-ba47-2909cbf39f90" testListId="8c84fa94-04c1-424b-9868-57a2d4851a1d" />
    <TestEntry testId="e066d51f-5bd2-4c9e-afd5-44d1ae77f17a" executionId="a5a702df-d6eb-4e4f-9430-c38864d3a5b2" testListId="8c84fa94-04c1-424b-9868-57a2d4851a1d" />
    <TestEntry testId="2497c2d7-9480-4738-8f06-c988a928abcf" executionId="a9b48a0d-8237-49a6-bb47-656fb05a7218" testListId="8c84fa94-04c1-424b-9868-57a2d4851a1d" />
    <TestEntry testId="2ea607c3-ca5f-d315-dcc9-61a1d7f424bb" executionId="93717653-4def-42b0-a7d7-c5d6149105bc" testListId="8c84fa94-04c1-424b-9868-57a2d4851a1d" />
    <TestEntry testId="b4f966a9-2473-ec60-1469-26062a57fbf7" executionId="4d0780f6-203b-4896-801e-692496df31e1" testListId="8c84fa94-04c1-424b-9868-57a2d4851a1d" />
    <TestEntry testId="9e5bbac9-af6b-fc19-f5a3-dbea046eaf7e" executionId="32150209-5f09-4185-9e32-3b2fc053512b" testListId="8c84fa94-04c1-424b-9868-57a2d4851a1d" />
    <TestEntry testId="101cdb6b-b4cb-5caf-02f7-980d89828aa5" executionId="7f6abd36-2091-4a0c-ad11-6823f0141637" testListId="8c84fa94-04c1-424b-9868-57a2d4851a1d" />
    <TestEntry testId="1696dcd8-bc67-f17d-9598-57e59c336e97" executionId="863e7a4a-a01a-437e-8a43-528a3c54e514" testListId="8c84fa94-04c1-424b-9868-57a2d4851a1d" />
    <TestEntry testId="d9d39b48-43f2-a0fd-7465-9f9097da0c9f" executionId="5e28c850-f8e4-4596-8cb1-c4a7d9b89605" testListId="8c84fa94-04c1-424b-9868-57a2d4851a1d" />
    <TestEntry testId="36deb8c7-8d7d-47c5-2210-4a5095674208" executionId="430e1608-1aaa-401c-a825-66c9b1b8a4b4" testListId="8c84fa94-04c1-424b-9868-57a2d4851a1d" />
    <TestEntry testId="13658aff-ba53-f3a7-2d62-845dc8c1468d" executionId="8a7c2b6d-2d29-4cc1-91fa-a6aa347e3dd1" testListId="8c84fa94-04c1-424b-9868-57a2d4851a1d" />
    <TestEntry testId="8f1d3e88-74ec-a22b-78b9-575004d3b3d8" executionId="7214e164-7e46-47e1-b54f-f6b85c4bd7e5" testListId="8c84fa94-04c1-424b-9868-57a2d4851a1d" />
    <TestEntry testId="97e00bc3-7ca8-2704-ba42-20092a01becb" executionId="1eeb32a1-e9b9-4465-95ed-cf0ab6794174" testListId="8c84fa94-04c1-424b-9868-57a2d4851a1d" />
    <TestEntry testId="4994095a-4561-79cf-bfa7-75ec12b08a77" executionId="8b4dd86a-da39-445e-9fad-1e1c27ea832d" testListId="8c84fa94-04c1-424b-9868-57a2d4851a1d" />
    <TestEntry testId="717db0cf-2159-2e63-0c5d-daec234678e3" executionId="2a8795be-4a69-4b0b-9fb1-80e1e6e43016" testListId="8c84fa94-04c1-424b-9868-57a2d4851a1d" />
    <TestEntry testId="66281536-d177-2395-4dc1-c31e552af045" executionId="9d44e99a-d631-4c08-811e-5717cf051bd7" testListId="8c84fa94-04c1-424b-9868-57a2d4851a1d" />
    <TestEntry testId="b3a7c9f8-205a-9bba-616c-7e5bd00594da" executionId="7630c0a6-1a05-4c5a-a6a8-056f84e615eb" testListId="8c84fa94-04c1-424b-9868-57a2d4851a1d" />
    <TestEntry testId="bb5739b9-d74e-cccc-a1db-bdba4404280a" executionId="347d877a-6cf1-4c2b-9ea2-012449cb8ece" testListId="8c84fa94-04c1-424b-9868-57a2d4851a1d" />
    <TestEntry testId="fb58a576-3fa0-d762-8ef0-2e2135ff95b8" executionId="f10b6ac9-fee2-4f79-b7d1-83fae961da8b" testListId="8c84fa94-04c1-424b-9868-57a2d4851a1d" />
    <TestEntry testId="aaee00d7-b9d1-7e86-63f7-37e270d76faa" executionId="cc130703-b21e-45aa-bc71-5167d36982fb" testListId="8c84fa94-04c1-424b-9868-57a2d4851a1d" />
    <TestEntry testId="6b225c3c-9352-7544-44de-818d02db47b9" executionId="abbae38f-2dd9-4133-8517-cd88148bac88" testListId="8c84fa94-04c1-424b-9868-57a2d4851a1d" />
    <TestEntry testId="4dfdaa6b-9a47-ab83-a3fc-3eb4765ceb21" executionId="6b464913-0464-43d2-a34b-9f43adf7dec8" testListId="8c84fa94-04c1-424b-9868-57a2d4851a1d" />
    <TestEntry testId="c0f101ae-b25a-edc1-8263-f299489c252f" executionId="4b121b8a-f443-426b-89d4-b63f9dff13bc" testListId="8c84fa94-04c1-424b-9868-57a2d4851a1d" />
    <TestEntry testId="c120fb92-4f20-14cd-01f7-57cf118c4421" executionId="cbeaf157-d787-4200-8993-d0207ad13fb6" testListId="8c84fa94-04c1-424b-9868-57a2d4851a1d" />
    <TestEntry testId="8e37a838-a4da-6371-e9cb-cbeda13dca70" executionId="3326cccb-8336-4770-909f-27d2dfecf8b5" testListId="8c84fa94-04c1-424b-9868-57a2d4851a1d" />
    <TestEntry testId="6f163ab5-7d7a-7541-99bd-0f8b14d5c929" executionId="64848421-fac0-46d7-ad78-ca09c3b156c5" testListId="8c84fa94-04c1-424b-9868-57a2d4851a1d" />
    <TestEntry testId="74db3904-3660-ad41-6fae-9e645dd45833" executionId="6f100b02-0952-4079-b74e-4c60137002e1" testListId="8c84fa94-04c1-424b-9868-57a2d4851a1d" />
    <TestEntry testId="638cf09e-612c-1d65-98cb-66d0d81c7b44" executionId="f3d88c56-b742-4eff-81e1-173de8c83a43" testListId="8c84fa94-04c1-424b-9868-57a2d4851a1d" />
    <TestEntry testId="8f69fa2a-8a14-e16f-59b1-de67ed9af41c" executionId="6a67d36b-0670-4112-aa3e-e7c9540769bb" testListId="8c84fa94-04c1-424b-9868-57a2d4851a1d" />
    <TestEntry testId="6f47b41e-9962-9d25-448c-7d1e5f130e80" executionId="dd21a876-89f8-4fb8-bca6-d4b8c5f5af5b" testListId="8c84fa94-04c1-424b-9868-57a2d4851a1d" />
    <TestEntry testId="c22a1a15-c560-78f9-cb74-02225eed7046" executionId="f024a866-9641-4033-8727-4b09efaf5755" testListId="8c84fa94-04c1-424b-9868-57a2d4851a1d" />
    <TestEntry testId="31f7b6d4-55e7-719e-b2dc-435760e9c749" executionId="2254531f-4277-427f-b7c3-fc3cbe132f32" testListId="8c84fa94-04c1-424b-9868-57a2d4851a1d" />
    <TestEntry testId="b03ac9d9-7454-5680-db93-1cf878fea5d0" executionId="27f3535c-ead8-44f7-b5de-07d87172d5c3" testListId="8c84fa94-04c1-424b-9868-57a2d4851a1d" />
    <TestEntry testId="a92cd0a3-574c-3dea-62cc-f4da1d623cca" executionId="9a027f0c-5f79-4125-ba9d-ebbf6b149303" testListId="8c84fa94-04c1-424b-9868-57a2d4851a1d" />
    <TestEntry testId="829ee6b4-6ca6-463c-19bc-dc1e0b5076ed" executionId="26ea2eff-3a79-43e8-abd9-964b93b47374" testListId="8c84fa94-04c1-424b-9868-57a2d4851a1d" />
    <TestEntry testId="6a6828ce-8db4-6681-8bed-679e300c6537" executionId="d1b230d6-6825-4560-8ba5-e7bbbcb0aed6" testListId="8c84fa94-04c1-424b-9868-57a2d4851a1d" />
    <TestEntry testId="137c5e24-c04f-6736-d5f9-e80193ec4cef" executionId="4d0d2c40-a759-4f65-a3aa-d478d283eacd" testListId="8c84fa94-04c1-424b-9868-57a2d4851a1d" />
    <TestEntry testId="6d78f890-ed01-1e2b-9947-0daef6088057" executionId="f0690512-ca23-4b53-980d-ea512f89591f" testListId="8c84fa94-04c1-424b-9868-57a2d4851a1d" />
    <TestEntry testId="9e60cfed-77ed-b965-b4d4-e187d58fe037" executionId="d461e0a9-ac5b-497e-b821-24e37c48efec" testListId="8c84fa94-04c1-424b-9868-57a2d4851a1d" />
    <TestEntry testId="5b054cc1-14d3-f581-500f-b8ec05a8c7b2" executionId="44abc71e-4bd0-41e8-9327-e12003780e91" testListId="8c84fa94-04c1-424b-9868-57a2d4851a1d" />
    <TestEntry testId="6d5e60b9-6871-ddfa-e79b-2bd258a0fb43" executionId="1b4780f4-85b0-4d1d-8ec4-6ffec0225f7b" testListId="8c84fa94-04c1-424b-9868-57a2d4851a1d" />
    <TestEntry testId="ef242d0c-aeb8-99c6-697b-80dc6e598f2c" executionId="dc9609a2-f7f8-46f9-8236-c21e0158e37c" testListId="8c84fa94-04c1-424b-9868-57a2d4851a1d" />
    <TestEntry testId="afe3a169-a526-979d-17d7-ae5d813a10a7" executionId="0c169dbe-87a5-49b9-8354-1827a6ebb092" testListId="8c84fa94-04c1-424b-9868-57a2d4851a1d" />
    <TestEntry testId="22cb26d5-93a6-2472-62a8-7f20d9e65bcc" executionId="5179e0c4-1d57-42e8-beac-a01587ccfe12" testListId="8c84fa94-04c1-424b-9868-57a2d4851a1d" />
    <TestEntry testId="c096bca7-3f6c-7991-f130-7d65dc2ce79e" executionId="5cfbaf5d-9f7d-486a-9212-c6aedb97c273" testListId="8c84fa94-04c1-424b-9868-57a2d4851a1d" />
    <TestEntry testId="7722223a-5177-d2b7-4423-4d7c91060990" executionId="453ac52c-83fa-455e-94e0-2accd4c4cb7b" testListId="8c84fa94-04c1-424b-9868-57a2d4851a1d" />
    <TestEntry testId="a5733acd-fae1-5fea-4ad6-56f67471f446" executionId="44e8fd25-afa7-4e72-b18e-131cb5de94d4" testListId="8c84fa94-04c1-424b-9868-57a2d4851a1d" />
    <TestEntry testId="ae30738c-64e3-cdad-dec7-9a199e942a94" executionId="d6ed0461-7bce-45f5-b7e1-f947890b2276" testListId="8c84fa94-04c1-424b-9868-57a2d4851a1d" />
    <TestEntry testId="99163588-27f4-ae4b-452a-7e92a662b3f6" executionId="5082109c-4c7b-48b6-a218-55f48ab347df" testListId="8c84fa94-04c1-424b-9868-57a2d4851a1d" />
    <TestEntry testId="e97061af-8f35-430a-1bef-328aa683880e" executionId="322af3c8-6d7f-476a-85f6-2a05a68923d9" testListId="8c84fa94-04c1-424b-9868-57a2d4851a1d" />
    <TestEntry testId="75844d34-fbff-b56e-6e0e-b27e83d65095" executionId="29074986-5263-49ec-b476-fb9ecd462887" testListId="8c84fa94-04c1-424b-9868-57a2d4851a1d" />
    <TestEntry testId="afe38dd5-2932-0e67-86e5-f642fa34c6cd" executionId="9f0e4acd-1e2e-4359-ac06-f7e642f3b2fa" testListId="8c84fa94-04c1-424b-9868-57a2d4851a1d" />
    <TestEntry testId="c34a7746-18f2-6cc3-c572-47603a1268f5" executionId="0160665a-ba9b-439d-b924-d53349e389c8" testListId="8c84fa94-04c1-424b-9868-57a2d4851a1d" />
    <TestEntry testId="649d59cd-f996-8363-8ea8-6353f73b45a0" executionId="ed6f67a1-d953-435e-a217-ac80126807df" testListId="8c84fa94-04c1-424b-9868-57a2d4851a1d" />
    <TestEntry testId="0502cc53-ca79-d123-aec0-802c61880667" executionId="c9e0befc-febe-4385-bd37-360b6df83f25" testListId="8c84fa94-04c1-424b-9868-57a2d4851a1d" />
    <TestEntry testId="ac13d302-9e8a-108c-6620-a7d13f0cf59b" executionId="a2e46831-7fac-42c5-bb17-ae8a08ec26c8" testListId="8c84fa94-04c1-424b-9868-57a2d4851a1d" />
    <TestEntry testId="bd75e0b2-2332-ccb5-9402-215df05a3cd2" executionId="c752ecec-e54e-4f92-982e-6f94aaa83559" testListId="8c84fa94-04c1-424b-9868-57a2d4851a1d" />
    <TestEntry testId="ba43bb74-95aa-0166-45e9-80bd64e2b6a6" executionId="a6fec097-0ef7-463a-b6e0-78408665cc06" testListId="8c84fa94-04c1-424b-9868-57a2d4851a1d" />
    <TestEntry testId="fd1644ef-0344-87c8-0cbf-4b7dacabc9c8" executionId="b7f0100a-e9b6-4685-a401-07eef737f27d" testListId="8c84fa94-04c1-424b-9868-57a2d4851a1d" />
    <TestEntry testId="c13cd09c-2108-d74f-96c6-d1307065ea50" executionId="9634df5b-5841-42b9-846f-85991192a602" testListId="8c84fa94-04c1-424b-9868-57a2d4851a1d" />
    <TestEntry testId="1cb72e01-e7b7-8365-b78d-0f9ae612f18f" executionId="29fdc087-e293-4e32-a6b5-baf6f8585942" testListId="8c84fa94-04c1-424b-9868-57a2d4851a1d" />
    <TestEntry testId="529bd1e6-c88b-24a3-b254-6751f42605ef" executionId="1ed98001-a605-439d-9194-bc2b292f05d8" testListId="8c84fa94-04c1-424b-9868-57a2d4851a1d" />
    <TestEntry testId="366fb0f3-ce94-51b8-8408-2f7ec3ee7f5a" executionId="4641df4d-c509-4a4d-a4c4-772f5a5100e8" testListId="8c84fa94-04c1-424b-9868-57a2d4851a1d" />
    <TestEntry testId="f7ed9ec9-b7ab-208a-dadd-784a00402494" executionId="21e7fcef-438a-47dc-8be8-1d44b559efe3" testListId="8c84fa94-04c1-424b-9868-57a2d4851a1d" />
    <TestEntry testId="c3108a1c-4466-6317-7866-a9febd22eeb3" executionId="ce93a1a7-25d4-4361-be42-0b3b207bd959" testListId="8c84fa94-04c1-424b-9868-57a2d4851a1d" />
    <TestEntry testId="f573932f-9c65-6f25-4fb4-8cd67a7019e4" executionId="baf1f130-e2ea-40fb-aa1b-8299e7ed9245" testListId="8c84fa94-04c1-424b-9868-57a2d4851a1d" />
    <TestEntry testId="ccd6e310-afb2-4c6e-9c3b-5032a2caa327" executionId="c35a9792-a204-4043-a408-c43cfb67604b" testListId="8c84fa94-04c1-424b-9868-57a2d4851a1d" />
    <TestEntry testId="980c434e-aae5-bfe2-af2a-880b655a61d4" executionId="ff910a69-4bf4-46d8-9707-540bf0212928" testListId="8c84fa94-04c1-424b-9868-57a2d4851a1d" />
    <TestEntry testId="e61ee609-6b29-0e1d-6c27-ab65eb1e8180" executionId="462fada5-e3e2-41cc-9b1c-6041ad88524f" testListId="8c84fa94-04c1-424b-9868-57a2d4851a1d" />
    <TestEntry testId="b66e7ceb-49fc-ffc9-c5ca-0ecb356886b2" executionId="585f1821-b95f-454b-8ba8-eaa8b7249407" testListId="8c84fa94-04c1-424b-9868-57a2d4851a1d" />
    <TestEntry testId="84cbb383-0711-af29-9c5e-6cc1f87c37d4" executionId="76c73ccb-1bd7-4bfe-a470-56e4f0741ed3" testListId="8c84fa94-04c1-424b-9868-57a2d4851a1d" />
    <TestEntry testId="2a4b4744-ea79-8f5d-f849-93b503c6eb6e" executionId="8c56ce26-153c-4e0b-b64b-f187e945f75d" testListId="8c84fa94-04c1-424b-9868-57a2d4851a1d" />
    <TestEntry testId="1fb7c1eb-c06a-eeed-8a32-c60118f153db" executionId="fb21f14b-1e4a-41b9-ae50-99231743e326" testListId="8c84fa94-04c1-424b-9868-57a2d4851a1d" />
    <TestEntry testId="3f3230c6-245e-fe1b-6a8f-89be2ca62745" executionId="0bdf7ca7-f91f-4cdd-acbc-ee871f754430" testListId="8c84fa94-04c1-424b-9868-57a2d4851a1d" />
    <TestEntry testId="18824efd-59fa-024b-2d3a-f7d85b7866e3" executionId="da69d156-4b95-48f3-b7d8-b535756e677f" testListId="8c84fa94-04c1-424b-9868-57a2d4851a1d" />
    <TestEntry testId="56ac3ad1-7a21-8d2d-7a3b-8ed9b692eaef" executionId="da686449-3497-4b99-95d6-ed7f72c27a65" testListId="8c84fa94-04c1-424b-9868-57a2d4851a1d" />
    <TestEntry testId="f9a2ef73-aa90-b4bf-28c2-261b03c5537d" executionId="7b5936a8-f126-46b7-91b3-3e426c7ec3db" testListId="8c84fa94-04c1-424b-9868-57a2d4851a1d" />
    <TestEntry testId="87c7493d-2714-8223-d6ab-30bb87885e7a" executionId="57bd8e21-c3b2-4fc1-8cfc-c4e24a07f505" testListId="8c84fa94-04c1-424b-9868-57a2d4851a1d" />
    <TestEntry testId="cfd3737f-ac69-298d-db6b-db9b9fb5e707" executionId="cffd2b95-fe7a-4d92-b7fd-280712998149" testListId="8c84fa94-04c1-424b-9868-57a2d4851a1d" />
    <TestEntry testId="259a79cc-0ad4-dc59-7250-488453d550bf" executionId="0559f10e-2f30-4dcb-a85c-9be92347748a" testListId="8c84fa94-04c1-424b-9868-57a2d4851a1d" />
    <TestEntry testId="fca089cb-ac8a-15f1-f6c6-92ad91ac0caf" executionId="1e980b2b-047d-463a-bf6d-46cb8b73320d" testListId="8c84fa94-04c1-424b-9868-57a2d4851a1d" />
    <TestEntry testId="d08d992c-7301-21fe-f258-bbdd2d14b1db" executionId="49458a97-0321-42f6-b773-63d24991187a" testListId="8c84fa94-04c1-424b-9868-57a2d4851a1d" />
    <TestEntry testId="eb031932-6603-a1b4-12b9-9c964fdb63f9" executionId="30a98dae-2b8d-418f-a3e0-b6b2a677cf56" testListId="8c84fa94-04c1-424b-9868-57a2d4851a1d" />
    <TestEntry testId="f52e6bc2-3d1f-f0e6-c453-8456f4effebc" executionId="d6101750-70ff-4cb8-8cad-09ff07e35013" testListId="8c84fa94-04c1-424b-9868-57a2d4851a1d" />
    <TestEntry testId="9ac50896-c804-9487-2131-7ee497b7ef61" executionId="2e24a414-bc61-4c98-9384-23223c703f06" testListId="8c84fa94-04c1-424b-9868-57a2d4851a1d" />
    <TestEntry testId="9f8463be-65ee-6c4d-2553-24ce5935e550" executionId="76d0db40-acd8-4a0c-a64e-2ad3bdfb6931" testListId="8c84fa94-04c1-424b-9868-57a2d4851a1d" />
    <TestEntry testId="8db89ad5-f8eb-6af8-8c52-aab72725b61b" executionId="541c2cb9-37ff-4493-89c5-0be4ac5b8b57" testListId="8c84fa94-04c1-424b-9868-57a2d4851a1d" />
    <TestEntry testId="bf537e6d-18c0-ab3a-4571-c6303dd57cb1" executionId="4335e3a8-b16b-4bad-897b-e26f8a7323f3" testListId="8c84fa94-04c1-424b-9868-57a2d4851a1d" />
    <TestEntry testId="36a33465-9e74-8df2-3e73-a73eafd3e771" executionId="635018c3-101a-4981-9ecd-c8fadf87923e" testListId="8c84fa94-04c1-424b-9868-57a2d4851a1d" />
    <TestEntry testId="79f21b7a-08cd-0020-2b48-4fa8c5738f06" executionId="d6c06f70-91fd-4986-838c-d21cdf576cbf" testListId="8c84fa94-04c1-424b-9868-57a2d4851a1d" />
    <TestEntry testId="7641e010-b7e6-55db-d188-8e3470a55833" executionId="8afa5f50-6246-4f0b-bd51-392b7bb67bbb" testListId="8c84fa94-04c1-424b-9868-57a2d4851a1d" />
    <TestEntry testId="e244983f-b0f2-b23a-db0a-f5d3f02e1dfd" executionId="1a96fffb-cd47-43b5-9da9-eaf6c93f74be" testListId="8c84fa94-04c1-424b-9868-57a2d4851a1d" />
    <TestEntry testId="4acf34ff-6bfc-31fd-c40d-6f59db0c74fb" executionId="08c9b160-506a-4c16-ba4a-ba7cb3fc7a4e" testListId="8c84fa94-04c1-424b-9868-57a2d4851a1d" />
    <TestEntry testId="8fc9b556-e204-adc5-895f-e663bce460bb" executionId="d0fe601d-b326-4b11-88df-276f86e6ffa9" testListId="8c84fa94-04c1-424b-9868-57a2d4851a1d" />
    <TestEntry testId="d1a37a95-762e-4b0b-cb47-f60591956038" executionId="2bb58470-6fc1-4590-ae8c-d6491856d19e" testListId="8c84fa94-04c1-424b-9868-57a2d4851a1d" />
    <TestEntry testId="30383d9d-eae2-d417-b5a6-0ed4c318a533" executionId="c0b7556d-fbe1-4888-b20e-02610dd58fec" testListId="8c84fa94-04c1-424b-9868-57a2d4851a1d" />
    <TestEntry testId="9165b7bc-1aa5-c389-71eb-623bb0eadc65" executionId="7e530e85-64f6-4353-ad39-edda088b6ad1" testListId="8c84fa94-04c1-424b-9868-57a2d4851a1d" />
    <TestEntry testId="69866611-ea6f-4a52-eb42-cf268ea18392" executionId="38b37de8-ea91-45b2-8caa-df1ab7c478ec" testListId="8c84fa94-04c1-424b-9868-57a2d4851a1d" />
    <TestEntry testId="e088ac29-9130-8a25-b2d7-734f87064c17" executionId="c1472d6a-6b09-4a24-a717-7ba1ca77b0d0" testListId="8c84fa94-04c1-424b-9868-57a2d4851a1d" />
    <TestEntry testId="bc69573f-4426-b0e7-05ce-ab40c4ab5495" executionId="9d9aec0d-ae06-4c56-932e-f0073668996c" testListId="8c84fa94-04c1-424b-9868-57a2d4851a1d" />
    <TestEntry testId="f49f3404-72cb-ff79-c54d-af91a456dc32" executionId="b655d5d8-ebbb-440d-8888-4bd1e649409a" testListId="8c84fa94-04c1-424b-9868-57a2d4851a1d" />
    <TestEntry testId="b3766366-8002-06b2-199c-3e7dfaa8655d" executionId="f0c53242-4f70-4eb9-88f8-92d95139ac77" testListId="8c84fa94-04c1-424b-9868-57a2d4851a1d" />
    <TestEntry testId="c4d471ab-ae1f-20ba-a853-93496e325da6" executionId="67278a44-41e1-4a05-9bd7-803f57e26cf3" testListId="8c84fa94-04c1-424b-9868-57a2d4851a1d" />
    <TestEntry testId="570ab476-1b88-0635-4ec4-9ca6d491b803" executionId="999ffa67-7151-4c8e-9521-9ce706605c84" testListId="8c84fa94-04c1-424b-9868-57a2d4851a1d" />
    <TestEntry testId="18b84561-1a7c-daba-08f3-050e879ef021" executionId="3bd2ec25-408e-4189-8094-9ae314c08dfd" testListId="8c84fa94-04c1-424b-9868-57a2d4851a1d" />
    <TestEntry testId="64bd02fa-f08d-541e-d5f6-5c2a9a542358" executionId="01abf462-e55f-4b44-9225-caf6a4d79cee" testListId="8c84fa94-04c1-424b-9868-57a2d4851a1d" />
    <TestEntry testId="de92b7be-47b6-96dc-68f5-fcc0937f9363" executionId="6e90bc30-27e5-411b-af1e-2606fd997fad" testListId="8c84fa94-04c1-424b-9868-57a2d4851a1d" />
    <TestEntry testId="0a924380-efb7-716a-2daa-23ef6bb1885b" executionId="07ed92b0-a06c-4484-bf2c-7b429c0f9771" testListId="8c84fa94-04c1-424b-9868-57a2d4851a1d" />
    <TestEntry testId="d71903e0-8304-fc32-f6fd-9ec6598bbefb" executionId="8dd78f79-a05b-421a-b6ae-e8d7c94d38c2" testListId="8c84fa94-04c1-424b-9868-57a2d4851a1d" />
    <TestEntry testId="5584c988-d821-d729-6879-b8762ec9d7eb" executionId="ab29df97-9f1d-45e9-8f9c-543978a74ed9" testListId="8c84fa94-04c1-424b-9868-57a2d4851a1d" />
    <TestEntry testId="8605e4ad-a4f5-13fa-4afd-923d6ed0a383" executionId="42e54b36-0954-42dc-ac37-cb2e753cc0fe" testListId="8c84fa94-04c1-424b-9868-57a2d4851a1d" />
    <TestEntry testId="944efe16-6d69-4a63-da75-6bd2eaf6757b" executionId="0edb473a-5a86-45eb-9424-eb6dbd199167" testListId="8c84fa94-04c1-424b-9868-57a2d4851a1d" />
    <TestEntry testId="7387abe4-0235-f59e-f89d-1ded9cba79ba" executionId="92f7d44c-e89b-46e0-ac1e-491f66c03259" testListId="8c84fa94-04c1-424b-9868-57a2d4851a1d" />
    <TestEntry testId="b2750a01-6045-528f-129b-58bbb9be48b1" executionId="68a8fa3f-6b4b-4f4c-8452-9985261b83a9" testListId="8c84fa94-04c1-424b-9868-57a2d4851a1d" />
    <TestEntry testId="25c144e4-461a-a221-2cf7-cda26ec2f5d8" executionId="2b4e95c2-5f6f-4698-8e55-ed0d01ab4725" testListId="8c84fa94-04c1-424b-9868-57a2d4851a1d" />
    <TestEntry testId="da19397e-0021-4bf1-3eec-60c9f2689f2c" executionId="0820d171-2864-45c9-91f8-049b974325e0" testListId="8c84fa94-04c1-424b-9868-57a2d4851a1d" />
    <TestEntry testId="5d4b739c-55da-a66b-5bac-34d92cc57b37" executionId="0f310aca-14a2-4934-a266-f47807d4d78d" testListId="8c84fa94-04c1-424b-9868-57a2d4851a1d" />
    <TestEntry testId="6a127c5b-2111-9ff3-ce2e-dcfc3db91484" executionId="7b7643ba-cc79-476f-a243-f50ca7f82416" testListId="8c84fa94-04c1-424b-9868-57a2d4851a1d" />
    <TestEntry testId="c695dc98-f76d-b2f7-3898-003fdf76c6b5" executionId="282610d6-1f8d-46e5-9ec8-ebbe4c004c3d" testListId="8c84fa94-04c1-424b-9868-57a2d4851a1d" />
    <TestEntry testId="9e20812c-9046-4df4-2f3d-c57f7cfed228" executionId="f58f85b7-9634-4a23-8489-5c8479d32767" testListId="8c84fa94-04c1-424b-9868-57a2d4851a1d" />
    <TestEntry testId="db3280f2-7ef1-a40f-3bbe-fbe6071392f8" executionId="3bb64474-c2dd-4b2b-b592-5d35d7e27e8b" testListId="8c84fa94-04c1-424b-9868-57a2d4851a1d" />
    <TestEntry testId="387e7a52-7f9a-99ed-1776-159ebb3803fd" executionId="fbde3173-cfcf-4cbc-ad8b-60110a3b9144" testListId="8c84fa94-04c1-424b-9868-57a2d4851a1d" />
    <TestEntry testId="01760dd7-ca03-4ef0-364c-9b85349a1739" executionId="82568196-b90d-4612-a44b-b7925d065686" testListId="8c84fa94-04c1-424b-9868-57a2d4851a1d" />
    <TestEntry testId="c07f9b96-357e-fca6-cb68-707f0f041264" executionId="0442790c-7672-4b38-9975-4f05e806dd6d" testListId="8c84fa94-04c1-424b-9868-57a2d4851a1d" />
    <TestEntry testId="b499ee05-e642-d932-b2cb-1fe4c2403469" executionId="3500789d-cb0c-42ba-8ebc-810a669bc271" testListId="8c84fa94-04c1-424b-9868-57a2d4851a1d" />
    <TestEntry testId="415c038b-6fe5-4352-c43f-933a143fe17e" executionId="a6288e16-1673-4390-91c6-92b8ca867f6e" testListId="8c84fa94-04c1-424b-9868-57a2d4851a1d" />
    <TestEntry testId="5155f8fa-728d-e1e1-b0ab-c7999cb3345f" executionId="8d535090-00b1-4e7b-be3c-c227e3ce64a5" testListId="8c84fa94-04c1-424b-9868-57a2d4851a1d" />
  </TestEntries>
  <TestLists>
    <TestList name="Results Not in a List" id="8c84fa94-04c1-424b-9868-57a2d4851a1d" />
    <TestList name="All Loaded Results" id="19431567-8539-422a-85d7-44ee4e166bda" />
  </TestLists>
  <ResultSummary outcome="Completed">
    <Counters total="396" executed="396" passed="396" failed="0" error="0" timeout="0" aborted="0" inconclusive="0" passedButRunAborted="0" notRunnable="0" notExecuted="0" disconnected="0" warning="0" completed="0" inProgress="0" pending="0" />
  </ResultSummary>
</TestRun>