<?xml version="1.0" encoding="UTF-8"?>
<TestRun id="d4701128-4ccd-4d21-8acd-abf6c240b713" name="bacemi@ICSWS068 2016-08-04 09:57:13" runUser="ICORE\bacemi" xmlns="http://microsoft.com/schemas/VisualStudio/TeamTest/2010">
  <Times creation="2016-08-04T09:57:13.8003273+02:00" queuing="2016-08-04T09:57:13.8003273+02:00" start="2016-08-04T09:57:13.3772019+02:00" finish="2016-08-04T09:57:13.8656622+02:00" />
  <TestSettings name="default" id="5b188465-d0c9-4339-9b80-863367c741df">
    <Execution>
      <TestTypeSpecific />
    </Execution>
    <Deployment runDeploymentRoot="bacemi_ICSWS068 2016-08-04 09_57_13" />
    <Properties />
  </TestSettings>
  <Results>
    <UnitTestResult executionId="6f473f94-f5a0-4d9b-8b5d-fc24cf6e51d0" testId="12c5db3c-7c8c-24f2-389b-f7f2d695dbe9" testName="MessageType_EnumConstants_Success" computerName="ICSWS068" duration="00:00:00.0098812" startTime="2016-08-04T09:57:13.3772019+02:00" endTime="2016-08-04T09:57:13.5592830+02:00" testType="13cdc9d9-ddb5-4fa4-a97d-d965ccfc6d4b" outcome="Passed" testListId="8c84fa94-04c1-424b-9868-57a2d4851a1d" relativeResultsDirectory="6f473f94-f5a0-4d9b-8b5d-fc24cf6e51d0" />
    <UnitTestResult executionId="a1963781-65ff-41a9-bed1-79b0cb2b9838" testId="f20a9ea5-e683-3b9f-a4bd-53cf32f682cb" testName="Persistence_EnumConstants_Success" computerName="ICSWS068" duration="00:00:00.0001389" startTime="2016-08-04T09:57:13.5637885+02:00" endTime="2016-08-04T09:57:13.5652896+02:00" testType="13cdc9d9-ddb5-4fa4-a97d-d965ccfc6d4b" outcome="Passed" testListId="8c84fa94-04c1-424b-9868-57a2d4851a1d" relativeResultsDirectory="a1963781-65ff-41a9-bed1-79b0cb2b9838" />
  </Results>
  <TestDefinitions>
    <UnitTest name="MessageType_EnumConstants_Success" storage="f:\etwork\bin\tests\unittests.icore.public.types.dll" id="12c5db3c-7c8c-24f2-389b-f7f2d695dbe9">
      <Execution id="6f473f94-f5a0-4d9b-8b5d-fc24cf6e51d0" />
      <TestMethod codeBase="F:\ETWork\bin\Tests\UnitTests.iCore.Public.Types.dll" adapterTypeName="Microsoft.VisualStudio.TestTools.TestTypes.Unit.UnitTestAdapter" className="UnitTests.iCore.Public.Types.WsmqEnumsTests" name="MessageType_EnumConstants_Success" />
    </UnitTest>
    <UnitTest name="Persistence_EnumConstants_Success" storage="f:\etwork\bin\tests\unittests.icore.public.types.dll" id="f20a9ea5-e683-3b9f-a4bd-53cf32f682cb">
      <Execution id="a1963781-65ff-41a9-bed1-79b0cb2b9838" />
      <TestMethod codeBase="F:\ETWork\bin\Tests\UnitTests.iCore.Public.Types.dll" adapterTypeName="Microsoft.VisualStudio.TestTools.TestTypes.Unit.UnitTestAdapter" className="UnitTests.iCore.Public.Types.WsmqEnumsTests" name="Persistence_EnumConstants_Success" />
    </UnitTest>
  </TestDefinitions>
  <TestEntries>
    <TestEntry testId="12c5db3c-7c8c-24f2-389b-f7f2d695dbe9" executionId="6f473f94-f5a0-4d9b-8b5d-fc24cf6e51d0" testListId="8c84fa94-04c1-424b-9868-57a2d4851a1d" />
    <TestEntry testId="f20a9ea5-e683-3b9f-a4bd-53cf32f682cb" executionId="a1963781-65ff-41a9-bed1-79b0cb2b9838" testListId="8c84fa94-04c1-424b-9868-57a2d4851a1d" />
  </TestEntries>
  <TestLists>
    <TestList name="Results Not in a List" id="8c84fa94-04c1-424b-9868-57a2d4851a1d" />
    <TestList name="All Loaded Results" id="19431567-8539-422a-85d7-44ee4e166bda" />
  </TestLists>
  <ResultSummary outcome="Completed">
    <Counters total="2" executed="2" passed="2" failed="0" error="0" timeout="0" aborted="0" inconclusive="0" passedButRunAborted="0" notRunnable="0" notExecuted="0" disconnected="0" warning="0" completed="0" inProgress="0" pending="0" />
  </ResultSummary>
</TestRun>