<?xml version="1.0" encoding="UTF-8"?>
<TestRun id="c38d2c63-8eac-4463-b82e-7b6d49ba93a7" name="bacemi@ICSWS068 2016-08-04 09:57:30" runUser="ICORE\bacemi" xmlns="http://microsoft.com/schemas/VisualStudio/TeamTest/2010">
  <Times creation="2016-08-04T09:57:30.2529908+02:00" queuing="2016-08-04T09:57:30.2529908+02:00" start="2016-08-04T09:57:29.6122495+02:00" finish="2016-08-04T09:57:33.0116228+02:00" />
  <TestSettings name="default" id="6475030d-288f-4b5c-80d9-fdf4801126b0">
    <Execution>
      <TestTypeSpecific />
    </Execution>
    <Deployment runDeploymentRoot="bacemi_ICSWS068 2016-08-04 09_57_30" />
    <Properties />
  </TestSettings>
  <Results>
    <UnitTestResult executionId="e371fbb2-af4c-485c-b89d-dd5be8e022a4" testId="51a241a8-0f6b-0853-f07d-80cdefc07795" testName="WriteStreamDataToFile_CorrectParametersAndAllFalse_Success" computerName="ICSWS068" duration="00:00:00.2376659" startTime="2016-08-04T09:57:29.6122495+02:00" endTime="2016-08-04T09:57:30.1247960+02:00" testType="13cdc9d9-ddb5-4fa4-a97d-d965ccfc6d4b" outcome="Passed" testListId="8c84fa94-04c1-424b-9868-57a2d4851a1d" relativeResultsDirectory="e371fbb2-af4c-485c-b89d-dd5be8e022a4" />
    <UnitTestResult executionId="4980a0df-8b6c-4850-a358-6b4bff85adc0" testId="02fed1cc-a46f-54a1-7c88-aea50843c383" testName="WriteStreamDataToFile_RenameAndDeleteAreTrue_Success" computerName="ICSWS068" duration="00:00:00.0084581" startTime="2016-08-04T09:57:30.1282988+02:00" endTime="2016-08-04T09:57:30.1383262+02:00" testType="13cdc9d9-ddb5-4fa4-a97d-d965ccfc6d4b" outcome="Passed" testListId="8c84fa94-04c1-424b-9868-57a2d4851a1d" relativeResultsDirectory="4980a0df-8b6c-4850-a358-6b4bff85adc0" />
    <UnitTestResult executionId="a31868e8-f304-4767-ad4f-bd9e5132c79e" testId="f921e6dc-6be0-7d66-5a30-e82a7c9197ae" testName="WriteStreamDataToFile_RenameAndAppendAreTrueAndNoFile_Success" computerName="ICSWS068" duration="00:00:00.0072740" startTime="2016-08-04T09:57:30.1418285+02:00" endTime="2016-08-04T09:57:30.1507333+02:00" testType="13cdc9d9-ddb5-4fa4-a97d-d965ccfc6d4b" outcome="Passed" testListId="8c84fa94-04c1-424b-9868-57a2d4851a1d" relativeResultsDirectory="a31868e8-f304-4767-ad4f-bd9e5132c79e" />
    <UnitTestResult executionId="2db2345f-0a78-4bd2-9905-1b919b9f381e" testId="238eb0c7-e161-77c9-08b7-6bd2bafec151" testName="WriteStreamDataToFile_RenameAndAppendAreTrueAndFileExists_Success" computerName="ICSWS068" duration="00:00:00.0076124" startTime="2016-08-04T09:57:30.1537353+02:00" endTime="2016-08-04T09:57:30.1617613+02:00" testType="13cdc9d9-ddb5-4fa4-a97d-d965ccfc6d4b" outcome="Passed" testListId="8c84fa94-04c1-424b-9868-57a2d4851a1d" relativeResultsDirectory="2db2345f-0a78-4bd2-9905-1b919b9f381e" />
    <UnitTestResult executionId="aafab7f4-3974-498f-a7a1-3070b972a788" testId="95e8d09a-4e4f-b408-7b4b-3ed82bda514e" testName="WriteStreamDataToFile_DeleteAndAppendAreTrue_Success" computerName="ICSWS068" duration="00:00:00.0059667" startTime="2016-08-04T09:57:30.1652284+02:00" endTime="2016-08-04T09:57:30.1727347+02:00" testType="13cdc9d9-ddb5-4fa4-a97d-d965ccfc6d4b" outcome="Passed" testListId="8c84fa94-04c1-424b-9868-57a2d4851a1d" relativeResultsDirectory="aafab7f4-3974-498f-a7a1-3070b972a788" />
    <UnitTestResult executionId="064cec42-544d-443f-a1f6-75ea5da3a36b" testId="467bd3d9-e4a9-636f-b0c1-2600f9a52237" testName="WriteStreamDataToFile_DeleteIsTrue_Success" computerName="ICSWS068" duration="00:00:00.0063394" startTime="2016-08-04T09:57:30.1757367+02:00" endTime="2016-08-04T09:57:30.1837469+02:00" testType="13cdc9d9-ddb5-4fa4-a97d-d965ccfc6d4b" outcome="Passed" testListId="8c84fa94-04c1-424b-9868-57a2d4851a1d" relativeResultsDirectory="064cec42-544d-443f-a1f6-75ea5da3a36b" />
    <UnitTestResult executionId="76be26cd-1738-4b87-862f-4f753fa37599" testId="70def52f-5940-cbbc-e67c-23f9f6bc421b" testName="WriteStreamDataToFile_RenameIsTrue_Success" computerName="ICSWS068" duration="00:00:00.0064139" startTime="2016-08-04T09:57:30.1862471+02:00" endTime="2016-08-04T09:57:30.1937725+02:00" testType="13cdc9d9-ddb5-4fa4-a97d-d965ccfc6d4b" outcome="Passed" testListId="8c84fa94-04c1-424b-9868-57a2d4851a1d" relativeResultsDirectory="76be26cd-1738-4b87-862f-4f753fa37599" />
    <UnitTestResult executionId="c8c05e1c-34d6-4300-9ca1-1c2c77c4676b" testId="589a86ad-522b-1d34-ae12-3f8aeb4300de" testName="WriteStreamDataToFile_DataStreamIsNull_ThrowArgumentNullException" computerName="ICSWS068" duration="00:00:00.0044579" startTime="2016-08-04T09:57:30.1967733+02:00" endTime="2016-08-04T09:57:30.2012923+02:00" testType="13cdc9d9-ddb5-4fa4-a97d-d965ccfc6d4b" outcome="Passed" testListId="8c84fa94-04c1-424b-9868-57a2d4851a1d" relativeResultsDirectory="c8c05e1c-34d6-4300-9ca1-1c2c77c4676b" />
    <UnitTestResult executionId="29610d2a-7467-430c-90a6-7e54fb68ea5c" testId="ba226eb0-04f7-20e2-7db7-c2a114748f0f" testName="WriteStreamDataToFile_FilesystemExceptionOccurs_ThrowException" computerName="ICSWS068" duration="00:00:00.0034837" startTime="2016-08-04T09:57:30.2051832+02:00" endTime="2016-08-04T09:57:30.2101734+02:00" testType="13cdc9d9-ddb5-4fa4-a97d-d965ccfc6d4b" outcome="Passed" testListId="8c84fa94-04c1-424b-9868-57a2d4851a1d" relativeResultsDirectory="29610d2a-7467-430c-90a6-7e54fb68ea5c" />
    <UnitTestResult executionId="d37e23ee-258b-4cf9-aa46-5117ebf770db" testId="724fd8f7-2560-80d7-f3d5-c7936745fd45" testName="AddConversion_EmptyConverter_ConversionIsAdded" computerName="ICSWS068" duration="00:00:00.0034491" startTime="2016-08-04T09:57:30.2126927+02:00" endTime="2016-08-04T09:57:30.2181826+02:00" testType="13cdc9d9-ddb5-4fa4-a97d-d965ccfc6d4b" outcome="Passed" testListId="8c84fa94-04c1-424b-9868-57a2d4851a1d" relativeResultsDirectory="d37e23ee-258b-4cf9-aa46-5117ebf770db" />
    <UnitTestResult executionId="3375a86a-0231-4d42-a69f-e3b3dc29ef2a" testId="cf7e1112-f17e-f9d2-dea7-6c3778a44b71" testName="AddConversion_SameConversionIsAddedTwice_ConversionIsAdded" computerName="ICSWS068" duration="00:00:00.0002161" startTime="2016-08-04T09:57:30.2211846+02:00" endTime="2016-08-04T09:57:30.2227843+02:00" testType="13cdc9d9-ddb5-4fa4-a97d-d965ccfc6d4b" outcome="Passed" testListId="8c84fa94-04c1-424b-9868-57a2d4851a1d" relativeResultsDirectory="3375a86a-0231-4d42-a69f-e3b3dc29ef2a" />
    <UnitTestResult executionId="dc1053fe-4b29-4a00-a334-f9af39234ef8" testId="b45d8d11-072a-aab8-8905-84aad693d83e" testName="AddConversion_PreallocatedToOneAndTwoConversiosAreAdded_ConversionsAreAdded" computerName="ICSWS068" duration="00:00:00.0004193" startTime="2016-08-04T09:57:30.2267901+02:00" endTime="2016-08-04T09:57:30.2287910+02:00" testType="13cdc9d9-ddb5-4fa4-a97d-d965ccfc6d4b" outcome="Passed" testListId="8c84fa94-04c1-424b-9868-57a2d4851a1d" relativeResultsDirectory="dc1053fe-4b29-4a00-a334-f9af39234ef8" />
    <UnitTestResult executionId="0ea2a1f6-41b4-46a5-8154-0773a8d238bc" testId="9043954b-c864-f62c-41bb-2024c44625c6" testName="Convert_EmptyConverter_AllCharactersAreStripped" computerName="ICSWS068" duration="00:00:00.0002287" startTime="2016-08-04T09:57:30.2322950+02:00" endTime="2016-08-04T09:57:30.2342982+02:00" testType="13cdc9d9-ddb5-4fa4-a97d-d965ccfc6d4b" outcome="Passed" testListId="8c84fa94-04c1-424b-9868-57a2d4851a1d" relativeResultsDirectory="0ea2a1f6-41b4-46a5-8154-0773a8d238bc" />
    <UnitTestResult executionId="f19dcf6d-9051-4390-b925-c148ff0eb8b2" testId="3c4fa8a6-f5c8-c581-3fc2-cce17b46e57e" testName="Convert_ContainsConversions_NotAddedCharactersAreStripped" computerName="ICSWS068" duration="00:00:00.0005515" startTime="2016-08-04T09:57:30.2367999+02:00" endTime="2016-08-04T09:57:30.2388011+02:00" testType="13cdc9d9-ddb5-4fa4-a97d-d965ccfc6d4b" outcome="Passed" testListId="8c84fa94-04c1-424b-9868-57a2d4851a1d" relativeResultsDirectory="f19dcf6d-9051-4390-b925-c148ff0eb8b2" />
    <UnitTestResult executionId="af533531-18d7-4b8f-adad-f26ce61164c8" testId="82ab54b0-21e1-a225-6171-be586d435efe" testName="Convert_ContainsConversions_AddedCharactersAreConverted" computerName="ICSWS068" duration="00:00:00.0002020" startTime="2016-08-04T09:57:30.2418034+02:00" endTime="2016-08-04T09:57:30.2434807+02:00" testType="13cdc9d9-ddb5-4fa4-a97d-d965ccfc6d4b" outcome="Passed" testListId="8c84fa94-04c1-424b-9868-57a2d4851a1d" relativeResultsDirectory="af533531-18d7-4b8f-adad-f26ce61164c8" />
    <UnitTestResult executionId="b519c3cb-95e1-4f7d-a017-55c216adb5bc" testId="bafd684d-91ee-1512-77a1-547ffa15e4d7" testName="Create_InvalidQueueName_ArgumentException" computerName="ICSWS068" duration="00:00:00.0094208" startTime="2016-08-04T09:57:30.2469660+02:00" endTime="2016-08-04T09:57:30.2579960+02:00" testType="13cdc9d9-ddb5-4fa4-a97d-d965ccfc6d4b" outcome="Passed" testListId="8c84fa94-04c1-424b-9868-57a2d4851a1d" relativeResultsDirectory="b519c3cb-95e1-4f7d-a017-55c216adb5bc" />
    <UnitTestResult executionId="1307526e-3418-4618-9c31-e04c2a5c23d2" testId="3a0c5144-2944-6741-122b-5d2ab600304b" testName="Create_PrivateQueueName_ArgumentException" computerName="ICSWS068" duration="00:00:00.0034881" startTime="2016-08-04T09:57:30.2614998+02:00" endTime="2016-08-04T09:57:30.2665070+02:00" testType="13cdc9d9-ddb5-4fa4-a97d-d965ccfc6d4b" outcome="Passed" testListId="8c84fa94-04c1-424b-9868-57a2d4851a1d" relativeResultsDirectory="1307526e-3418-4618-9c31-e04c2a5c23d2" />
    <UnitTestResult executionId="32f4b8d6-3fc8-4157-a5d3-1dab8ff5a075" testId="cea35d78-b51c-15d3-7c52-b501fecb8f98" testName="Encode_ToMemoryStream_NoBOMWritten" computerName="ICSWS068" duration="00:00:00.0018459" startTime="2016-08-04T09:57:30.2695105+02:00" endTime="2016-08-04T09:57:30.2735137+02:00" testType="13cdc9d9-ddb5-4fa4-a97d-d965ccfc6d4b" outcome="Passed" testListId="8c84fa94-04c1-424b-9868-57a2d4851a1d" relativeResultsDirectory="32f4b8d6-3fc8-4157-a5d3-1dab8ff5a075" />
    <UnitTestResult executionId="8b43c0d5-4549-45a8-8049-d8e51a63d047" testId="120b3822-f097-6648-cf08-b0326a0bfa99" testName="Encode_ToMemoryStream_ReturnsCorrectReadAndWriteCounts" computerName="ICSWS068" duration="00:00:00.0008630" startTime="2016-08-04T09:57:30.2765145+02:00" endTime="2016-08-04T09:57:30.2785159+02:00" testType="13cdc9d9-ddb5-4fa4-a97d-d965ccfc6d4b" outcome="Passed" testListId="8c84fa94-04c1-424b-9868-57a2d4851a1d" relativeResultsDirectory="8b43c0d5-4549-45a8-8049-d8e51a63d047" />
    <UnitTestResult executionId="e020c5d2-eb7a-4572-9606-be180b7f9bf9" testId="d745b19d-c934-69e1-e4cc-3b90620b525d" testName="Encode_ToMemoryStream_CorrectBytesWrittenToStream" computerName="ICSWS068" duration="00:00:00.0002909" startTime="2016-08-04T09:57:30.2820179+02:00" endTime="2016-08-04T09:57:30.2845199+02:00" testType="13cdc9d9-ddb5-4fa4-a97d-d965ccfc6d4b" outcome="Passed" testListId="8c84fa94-04c1-424b-9868-57a2d4851a1d" relativeResultsDirectory="e020c5d2-eb7a-4572-9606-be180b7f9bf9" />
    <UnitTestResult executionId="adb7a271-d32c-4cf2-aee2-57ea529a2826" testId="f981029c-1017-d45e-cfa4-b761e825c1af" testName="Encode_ValidInput_SourceStreamIsClosed" computerName="ICSWS068" duration="00:00:00.0001976" startTime="2016-08-04T09:57:30.2870219+02:00" endTime="2016-08-04T09:57:30.2885234+02:00" testType="13cdc9d9-ddb5-4fa4-a97d-d965ccfc6d4b" outcome="Passed" testListId="8c84fa94-04c1-424b-9868-57a2d4851a1d" relativeResultsDirectory="adb7a271-d32c-4cf2-aee2-57ea529a2826" />
    <UnitTestResult executionId="3aefb435-3afa-458c-93f5-383d8b1282dd" testId="fd01b69e-5af2-5d46-45e8-e5e1780a3d7e" testName="Encode_SourceStreamNotAtPosition0_EncodedFromCurrentPosition" computerName="ICSWS068" duration="00:00:00.0002700" startTime="2016-08-04T09:57:30.2915251+02:00" endTime="2016-08-04T09:57:30.2930262+02:00" testType="13cdc9d9-ddb5-4fa4-a97d-d965ccfc6d4b" outcome="Passed" testListId="8c84fa94-04c1-424b-9868-57a2d4851a1d" relativeResultsDirectory="3aefb435-3afa-458c-93f5-383d8b1282dd" />
    <UnitTestResult executionId="f9f690b0-54c8-4c0d-8b21-b265e58b4603" testId="e47093b1-fac3-fd76-c3ea-399bc9df0750" testName="Encode_LeaveOutputStreamOpen_DestinationStreamIsNotClosed" computerName="ICSWS068" duration="00:00:00.0373586" startTime="2016-08-04T09:57:30.2960282+02:00" endTime="2016-08-04T09:57:30.3350592+02:00" testType="13cdc9d9-ddb5-4fa4-a97d-d965ccfc6d4b" outcome="Passed" testListId="8c84fa94-04c1-424b-9868-57a2d4851a1d" relativeResultsDirectory="f9f690b0-54c8-4c0d-8b21-b265e58b4603" />
    <UnitTestResult executionId="520f07e7-fae5-4b25-9488-a747993d7b13" testId="bc91deae-7a8a-a7ef-437d-947e81cb6e0b" testName="Encode_LeaveOutputStreamOpenAndWriteTwice_DataAppendedToOutputStream" computerName="ICSWS068" duration="00:00:00.0002850" startTime="2016-08-04T09:57:30.3380607+02:00" endTime="2016-08-04T09:57:30.3395615+02:00" testType="13cdc9d9-ddb5-4fa4-a97d-d965ccfc6d4b" outcome="Passed" testListId="8c84fa94-04c1-424b-9868-57a2d4851a1d" relativeResultsDirectory="520f07e7-fae5-4b25-9488-a747993d7b13" />
    <UnitTestResult executionId="df59cd76-069d-4131-8997-aa94cc83f4e4" testId="369c066c-ccd5-6b18-6783-63d2d006192d" testName="Encode_LeaveOutputStreamOpen_SourceStreamIsClosed" computerName="ICSWS068" duration="00:00:00.0006234" startTime="2016-08-04T09:57:30.3420644+02:00" endTime="2016-08-04T09:57:30.3442682+02:00" testType="13cdc9d9-ddb5-4fa4-a97d-d965ccfc6d4b" outcome="Passed" testListId="8c84fa94-04c1-424b-9868-57a2d4851a1d" relativeResultsDirectory="df59cd76-069d-4131-8997-aa94cc83f4e4" />
    <UnitTestResult executionId="95b6a62d-cae2-4d39-b11c-bf42fe994c83" testId="389fd767-e3bf-30d3-3bfe-96989cba86de" testName="Encode_DoNotLeaveOutputStreamOpen_DestinationStreamIsClosed" computerName="ICSWS068" duration="00:00:00.0010310" startTime="2016-08-04T09:57:30.3467699+02:00" endTime="2016-08-04T09:57:30.3492716+02:00" testType="13cdc9d9-ddb5-4fa4-a97d-d965ccfc6d4b" outcome="Passed" testListId="8c84fa94-04c1-424b-9868-57a2d4851a1d" relativeResultsDirectory="95b6a62d-cae2-4d39-b11c-bf42fe994c83" />
    <UnitTestResult executionId="9e7f1cd4-2634-46c7-a39b-c6b2fc285df7" testId="5c5cd4cc-961e-fbc1-8729-03038edf188e" testName="Encode_DoNotLeaveOutputStreamOpen_SourceStreamIsClosed" computerName="ICSWS068" duration="00:00:00.0005410" startTime="2016-08-04T09:57:30.3512733+02:00" endTime="2016-08-04T09:57:30.3532768+02:00" testType="13cdc9d9-ddb5-4fa4-a97d-d965ccfc6d4b" outcome="Passed" testListId="8c84fa94-04c1-424b-9868-57a2d4851a1d" relativeResultsDirectory="9e7f1cd4-2634-46c7-a39b-c6b2fc285df7" />
    <UnitTestResult executionId="044b9bf0-9aee-47ba-ae77-5ad910877abc" testId="6c20d61f-11d8-d508-d034-9c60b325e521" testName="Encode_NullSourceStream_ThrowsArgumentNullException" computerName="ICSWS068" duration="00:00:00.0008524" startTime="2016-08-04T09:57:30.3557815+02:00" endTime="2016-08-04T09:57:30.3582832+02:00" testType="13cdc9d9-ddb5-4fa4-a97d-d965ccfc6d4b" outcome="Passed" testListId="8c84fa94-04c1-424b-9868-57a2d4851a1d" relativeResultsDirectory="044b9bf0-9aee-47ba-ae77-5ad910877abc" />
    <UnitTestResult executionId="77e0b2d3-e6b8-457e-a021-ad05aa03c981" testId="dfef231f-49eb-5d8d-0553-b97348b43775" testName="Encode_NullDestinationStream_ThrowsArgumentNullException" computerName="ICSWS068" duration="00:00:00.0004929" startTime="2016-08-04T09:57:30.3607843+02:00" endTime="2016-08-04T09:57:30.3628069+02:00" testType="13cdc9d9-ddb5-4fa4-a97d-d965ccfc6d4b" outcome="Passed" testListId="8c84fa94-04c1-424b-9868-57a2d4851a1d" relativeResultsDirectory="77e0b2d3-e6b8-457e-a021-ad05aa03c981" />
    <UnitTestResult executionId="5b712f9d-e0eb-49fd-b984-3c80f18ec442" testId="48d2e511-7d5f-bc9e-08c6-cec37e1359a9" testName="Encode_ClosedSourceStream_ThrowsObjectDisposedException" computerName="ICSWS068" duration="00:00:00.0013703" startTime="2016-08-04T09:57:30.3653086+02:00" endTime="2016-08-04T09:57:30.3677945+02:00" testType="13cdc9d9-ddb5-4fa4-a97d-d965ccfc6d4b" outcome="Passed" testListId="8c84fa94-04c1-424b-9868-57a2d4851a1d" relativeResultsDirectory="5b712f9d-e0eb-49fd-b984-3c80f18ec442" />
    <UnitTestResult executionId="648521e6-aff4-4ffd-9079-97f6e20236a6" testId="41be5af2-1181-db0b-739d-3d2142e37eff" testName="Encode_ClosedDestinationStream_ThrowsArgumentException" computerName="ICSWS068" duration="00:00:00.0008894" startTime="2016-08-04T09:57:30.3703106+02:00" endTime="2016-08-04T09:57:30.3722976+02:00" testType="13cdc9d9-ddb5-4fa4-a97d-d965ccfc6d4b" outcome="Passed" testListId="8c84fa94-04c1-424b-9868-57a2d4851a1d" relativeResultsDirectory="648521e6-aff4-4ffd-9079-97f6e20236a6" />
    <UnitTestResult executionId="d4ee8be9-7621-47bb-a769-4e17d05c9ef0" testId="3e20a655-636e-72b6-01ee-017f506afa9a" testName="Decode_ToMemoryStream_NoBOMWritten" computerName="ICSWS068" duration="00:00:00.0005240" startTime="2016-08-04T09:57:30.3752984+02:00" endTime="2016-08-04T09:57:30.3773169+02:00" testType="13cdc9d9-ddb5-4fa4-a97d-d965ccfc6d4b" outcome="Passed" testListId="8c84fa94-04c1-424b-9868-57a2d4851a1d" relativeResultsDirectory="d4ee8be9-7621-47bb-a769-4e17d05c9ef0" />
    <UnitTestResult executionId="787d67f7-6bb9-4430-8cfb-51bcf062084f" testId="31bd5273-a6e0-09dc-e5bc-648ccccb7d54" testName="Decode_ToMemoryStream_ReturnsCorrectReadAndWriteCounts" computerName="ICSWS068" duration="00:00:00.0002536" startTime="2016-08-04T09:57:30.3798016+02:00" endTime="2016-08-04T09:57:30.3813039+02:00" testType="13cdc9d9-ddb5-4fa4-a97d-d965ccfc6d4b" outcome="Passed" testListId="8c84fa94-04c1-424b-9868-57a2d4851a1d" relativeResultsDirectory="787d67f7-6bb9-4430-8cfb-51bcf062084f" />
    <UnitTestResult executionId="80c64664-71e6-4b35-9ba1-4e382c5ffe2b" testId="f6127126-d51d-235a-7e4c-4ba9e49fe609" testName="Decode_ToMemoryStream_CorrectBytesWrittenToStream" computerName="ICSWS068" duration="00:00:00.0002504" startTime="2016-08-04T09:57:30.3843047+02:00" endTime="2016-08-04T09:57:30.3858074+02:00" testType="13cdc9d9-ddb5-4fa4-a97d-d965ccfc6d4b" outcome="Passed" testListId="8c84fa94-04c1-424b-9868-57a2d4851a1d" relativeResultsDirectory="80c64664-71e6-4b35-9ba1-4e382c5ffe2b" />
    <UnitTestResult executionId="51af9cc3-5cfb-4f22-af88-2da3e9be0310" testId="051ef215-57fe-535a-8d57-284144019cd0" testName="Decode_ValidInput_SourceStreamIsClosed" computerName="ICSWS068" duration="00:00:00.0001791" startTime="2016-08-04T09:57:30.3883082+02:00" endTime="2016-08-04T09:57:30.3893278+02:00" testType="13cdc9d9-ddb5-4fa4-a97d-d965ccfc6d4b" outcome="Passed" testListId="8c84fa94-04c1-424b-9868-57a2d4851a1d" relativeResultsDirectory="51af9cc3-5cfb-4f22-af88-2da3e9be0310" />
    <UnitTestResult executionId="14411e35-651e-431c-b8f3-c1f712de4ba9" testId="c46f8d78-330b-1b22-69b1-d8e751a73318" testName="Decode_ValidInput_DestinationStreamIsClosed" computerName="ICSWS068" duration="00:00:00.0002187" startTime="2016-08-04T09:57:30.3923134+02:00" endTime="2016-08-04T09:57:30.3938307+02:00" testType="13cdc9d9-ddb5-4fa4-a97d-d965ccfc6d4b" outcome="Passed" testListId="8c84fa94-04c1-424b-9868-57a2d4851a1d" relativeResultsDirectory="14411e35-651e-431c-b8f3-c1f712de4ba9" />
    <UnitTestResult executionId="7a625e37-336c-40c0-ac00-979f8be52c8c" testId="5e1867ed-a7c9-af34-8943-43386ea998f6" testName="Decode_SourceStreamNotAtPosition0_DecodedFromCurrentPosition" computerName="ICSWS068" duration="00:00:00.0002961" startTime="2016-08-04T09:57:30.3963321+02:00" endTime="2016-08-04T09:57:30.3978186+02:00" testType="13cdc9d9-ddb5-4fa4-a97d-d965ccfc6d4b" outcome="Passed" testListId="8c84fa94-04c1-424b-9868-57a2d4851a1d" relativeResultsDirectory="7a625e37-336c-40c0-ac00-979f8be52c8c" />
    <UnitTestResult executionId="141b1c85-3a68-495b-88ed-9283e925172e" testId="d4e59b67-415d-488a-304d-bf249a3ba165" testName="Decode_DestinationStreamNotAtPosition0_DataWrittenAtCurrentPosition" computerName="ICSWS068" duration="00:00:00.0003199" startTime="2016-08-04T09:57:30.4008194+02:00" endTime="2016-08-04T09:57:30.4027159+02:00" testType="13cdc9d9-ddb5-4fa4-a97d-d965ccfc6d4b" outcome="Passed" testListId="8c84fa94-04c1-424b-9868-57a2d4851a1d" relativeResultsDirectory="141b1c85-3a68-495b-88ed-9283e925172e" />
    <UnitTestResult executionId="ddf9a28a-2d48-4a85-aa7f-e0f302527d1d" testId="47e49403-ccd1-7e9c-578e-c3b728a1878a" testName="Decode_NullSourceStream_ThrowsArgumentNullException" computerName="ICSWS068" duration="00:00:00.0008949" startTime="2016-08-04T09:57:30.4067208+02:00" endTime="2016-08-04T09:57:30.4092225+02:00" testType="13cdc9d9-ddb5-4fa4-a97d-d965ccfc6d4b" outcome="Passed" testListId="8c84fa94-04c1-424b-9868-57a2d4851a1d" relativeResultsDirectory="ddf9a28a-2d48-4a85-aa7f-e0f302527d1d" />
    <UnitTestResult executionId="ec769e37-179b-473c-a603-fff53b57f0cb" testId="e0339d4a-a7f8-7a69-23a0-2a7a5138b910" testName="Decode_NullDestinationStream_ThrowsArgumentNullException" computerName="ICSWS068" duration="00:00:00.0006923" startTime="2016-08-04T09:57:30.4132260+02:00" endTime="2016-08-04T09:57:30.4157271+02:00" testType="13cdc9d9-ddb5-4fa4-a97d-d965ccfc6d4b" outcome="Passed" testListId="8c84fa94-04c1-424b-9868-57a2d4851a1d" relativeResultsDirectory="ec769e37-179b-473c-a603-fff53b57f0cb" />
    <UnitTestResult executionId="d18f177c-0d21-4a27-9982-e45bd4743964" testId="deba4e9f-6f05-375a-9b0f-dbdc49ef9afd" testName="Decode_ClosedSourceStream_ThrowsObjectDisposedException" computerName="ICSWS068" duration="00:00:00.0009084" startTime="2016-08-04T09:57:30.4197302+02:00" endTime="2016-08-04T09:57:30.4212469+02:00" testType="13cdc9d9-ddb5-4fa4-a97d-d965ccfc6d4b" outcome="Passed" testListId="8c84fa94-04c1-424b-9868-57a2d4851a1d" relativeResultsDirectory="d18f177c-0d21-4a27-9982-e45bd4743964" />
    <UnitTestResult executionId="528496a1-0a37-4f37-b30b-934aa9c2e6c3" testId="d71c0765-0527-17af-700c-68f0d3d924ec" testName="Decode_ClosedDestinationStream_ThrowsObjectDisposedException" computerName="ICSWS068" duration="00:00:00.0012671" startTime="2016-08-04T09:57:30.4256677+02:00" endTime="2016-08-04T09:57:30.4286700+02:00" testType="13cdc9d9-ddb5-4fa4-a97d-d965ccfc6d4b" outcome="Passed" testListId="8c84fa94-04c1-424b-9868-57a2d4851a1d" relativeResultsDirectory="528496a1-0a37-4f37-b30b-934aa9c2e6c3" />
    <UnitTestResult executionId="b08fa249-2792-4311-b3e7-6ad8fa3ae476" testId="d8caf848-91d8-f22e-0868-33339064d0b5" testName="SendResponse_ValidArguments_CallsMessageQueueSendWithCorrectData" computerName="ICSWS068" duration="00:00:00.0489334" startTime="2016-08-04T09:57:30.4316729+02:00" endTime="2016-08-04T09:57:30.4821711+02:00" testType="13cdc9d9-ddb5-4fa4-a97d-d965ccfc6d4b" outcome="Passed" testListId="8c84fa94-04c1-424b-9868-57a2d4851a1d" relativeResultsDirectory="b08fa249-2792-4311-b3e7-6ad8fa3ae476" />
    <UnitTestResult executionId="8ac3fe4e-5b81-4ad2-a0da-8fcbcba714a6" testId="616e39b6-2f2a-ed6f-20b6-7a3b53c69d33" testName="SendResponse_ValidArgumentsDataEnd_CallsMessageQueueSendWithCorrectData" computerName="ICSWS068" duration="00:00:00.0023128" startTime="2016-08-04T09:57:30.4846901+02:00" endTime="2016-08-04T09:57:30.4881918+02:00" testType="13cdc9d9-ddb5-4fa4-a97d-d965ccfc6d4b" outcome="Passed" testListId="8c84fa94-04c1-424b-9868-57a2d4851a1d" relativeResultsDirectory="8ac3fe4e-5b81-4ad2-a0da-8fcbcba714a6" />
    <UnitTestResult executionId="77a5e027-ea4d-4915-9f46-017fe9a9bfeb" testId="381cfe71-b950-64ec-a8c4-206d2893e6dd" testName="SendResponse_ValidArgumentsErrorEnd_CallsMessageQueueSendWithCorrectData" computerName="ICSWS068" duration="00:00:00.0023149" startTime="2016-08-04T09:57:30.4911771+02:00" endTime="2016-08-04T09:57:30.4946826+02:00" testType="13cdc9d9-ddb5-4fa4-a97d-d965ccfc6d4b" outcome="Passed" testListId="8c84fa94-04c1-424b-9868-57a2d4851a1d" relativeResultsDirectory="77a5e027-ea4d-4915-9f46-017fe9a9bfeb" />
    <UnitTestResult executionId="6dece218-b6c6-4b93-93a7-aa41127949ec" testId="dbaded25-be02-fcf3-5453-a5ed0c337c72" testName="SendResponse_NullQueueName_ThrowsArgumentException" computerName="ICSWS068" duration="00:00:00.0008527" startTime="2016-08-04T09:57:30.4976864+02:00" endTime="2016-08-04T09:57:30.4996875+02:00" testType="13cdc9d9-ddb5-4fa4-a97d-d965ccfc6d4b" outcome="Passed" testListId="8c84fa94-04c1-424b-9868-57a2d4851a1d" relativeResultsDirectory="6dece218-b6c6-4b93-93a7-aa41127949ec" />
    <UnitTestResult executionId="bc7a74d6-a253-4c0b-bf2c-a8acccf03981" testId="ee520d78-f262-76b4-0434-e0df99431d67" testName="SendResponse_NullData_ThrowsArgumentException" computerName="ICSWS068" duration="00:00:00.0008175" startTime="2016-08-04T09:57:30.5016881+02:00" endTime="2016-08-04T09:57:30.5045924+02:00" testType="13cdc9d9-ddb5-4fa4-a97d-d965ccfc6d4b" outcome="Passed" testListId="8c84fa94-04c1-424b-9868-57a2d4851a1d" relativeResultsDirectory="bc7a74d6-a253-4c0b-bf2c-a8acccf03981" />
    <UnitTestResult executionId="a65e9b44-6dd1-42ed-8852-090815753600" testId="bd469dc6-0166-03cf-988f-c9014a6fca8c" testName="ParseInitDataFromParams_ValidFullyPopulatedData_ReturnsExpectedResult" computerName="ICSWS068" duration="00:00:00.0023533" startTime="2016-08-04T09:57:30.5075938+02:00" endTime="2016-08-04T09:57:30.5110955+02:00" testType="13cdc9d9-ddb5-4fa4-a97d-d965ccfc6d4b" outcome="Passed" testListId="8c84fa94-04c1-424b-9868-57a2d4851a1d" relativeResultsDirectory="a65e9b44-6dd1-42ed-8852-090815753600" />
    <UnitTestResult executionId="1b96d77e-65fa-46b1-a32e-c9fa4621907d" testId="f6bbcfc4-662a-87df-5163-11567faa5c96" testName="ParseInitDataFromParams_ValidPartiallyPopulatedData_ReturnsExpectedResult" computerName="ICSWS068" duration="00:00:00.0004691" startTime="2016-08-04T09:57:30.5140993+02:00" endTime="2016-08-04T09:57:30.5156002+02:00" testType="13cdc9d9-ddb5-4fa4-a97d-d965ccfc6d4b" outcome="Passed" testListId="8c84fa94-04c1-424b-9868-57a2d4851a1d" relativeResultsDirectory="1b96d77e-65fa-46b1-a32e-c9fa4621907d" />
    <UnitTestResult executionId="97336367-b32b-41a4-b522-327eff97f2b3" testId="fd35b310-bfc9-2fb0-952c-09a3408e67e4" testName="ParseInitDataFromParams_InvalidData_ThrowsArgumentException" computerName="ICSWS068" duration="00:00:00.0007240" startTime="2016-08-04T09:57:30.5181016+02:00" endTime="2016-08-04T09:57:30.5196024+02:00" testType="13cdc9d9-ddb5-4fa4-a97d-d965ccfc6d4b" outcome="Passed" testListId="8c84fa94-04c1-424b-9868-57a2d4851a1d" relativeResultsDirectory="97336367-b32b-41a4-b522-327eff97f2b3" />
    <UnitTestResult executionId="61ebc246-fc20-4a34-816f-3e4f708c3824" testId="484b33a0-53e2-f3ec-f03f-075af5bf289d" testName="ParseInitDataFromParams_EmptyData_ThrowsArgumentException" computerName="ICSWS068" duration="00:00:00.0009231" startTime="2016-08-04T09:57:30.5216215+02:00" endTime="2016-08-04T09:57:30.5245094+02:00" testType="13cdc9d9-ddb5-4fa4-a97d-d965ccfc6d4b" outcome="Passed" testListId="8c84fa94-04c1-424b-9868-57a2d4851a1d" relativeResultsDirectory="61ebc246-fc20-4a34-816f-3e4f708c3824" />
    <UnitTestResult executionId="fd62fbb7-0977-4507-844c-f1576b995e94" testId="9f0720fc-2bd9-301d-92fe-50ea4202cb14" testName="ParseInitDataFromParams_NullData_ThrowsArgumentException" computerName="ICSWS068" duration="00:00:00.0007686" startTime="2016-08-04T09:57:30.5275096+02:00" endTime="2016-08-04T09:57:30.5295272+02:00" testType="13cdc9d9-ddb5-4fa4-a97d-d965ccfc6d4b" outcome="Passed" testListId="8c84fa94-04c1-424b-9868-57a2d4851a1d" relativeResultsDirectory="fd62fbb7-0977-4507-844c-f1576b995e94" />
    <UnitTestResult executionId="becd2528-7ab2-4435-a93a-5191b1512bf5" testId="2990053d-9ac6-5a67-66b8-28954adc2bab" testName="ParseInitDataFromFullMessage_ValidDataOnDefaultCall_ReturnsCorrectValue" computerName="ICSWS068" duration="00:00:00.0041292" startTime="2016-08-04T09:57:30.5320137+02:00" endTime="2016-08-04T09:57:30.5375221+02:00" testType="13cdc9d9-ddb5-4fa4-a97d-d965ccfc6d4b" outcome="Passed" testListId="8c84fa94-04c1-424b-9868-57a2d4851a1d" relativeResultsDirectory="becd2528-7ab2-4435-a93a-5191b1512bf5" />
    <UnitTestResult executionId="bac4d76d-52d8-4cfb-8d4f-c01d3be9df37" testId="a3abb3c4-c147-65ad-004f-3c4a898ee663" testName="ParseInitDataFromFullMessage_ValidDataOnExpressCall_ReturnsCorrectValue" computerName="ICSWS068" duration="00:00:00.0019571" startTime="2016-08-04T09:57:30.5400235+02:00" endTime="2016-08-04T09:57:30.5431484+02:00" testType="13cdc9d9-ddb5-4fa4-a97d-d965ccfc6d4b" outcome="Passed" testListId="8c84fa94-04c1-424b-9868-57a2d4851a1d" relativeResultsDirectory="bac4d76d-52d8-4cfb-8d4f-c01d3be9df37" />
    <UnitTestResult executionId="54f230f0-d41f-45c1-9a00-e3cc46fe796a" testId="c7dd9ebe-23d8-a151-3d7b-afdfd2b1ad09" testName="Construction_NoArgs_Success" computerName="ICSWS068" duration="00:00:00.0006117" startTime="2016-08-04T09:57:30.5461524+02:00" endTime="2016-08-04T09:57:30.5481556+02:00" testType="13cdc9d9-ddb5-4fa4-a97d-d965ccfc6d4b" outcome="Passed" testListId="8c84fa94-04c1-424b-9868-57a2d4851a1d" relativeResultsDirectory="54f230f0-d41f-45c1-9a00-e3cc46fe796a" />
    <UnitTestResult executionId="e03391e3-40f2-4dc3-968f-272700af595a" testId="1ef18961-90db-36d7-e6ac-72d06cf07631" testName="ZipAsync_StreamIsNull_ThrowsException" computerName="ICSWS068" duration="00:00:00.0073848" startTime="2016-08-04T09:57:30.5506559+02:00" endTime="2016-08-04T09:57:30.5591663+02:00" testType="13cdc9d9-ddb5-4fa4-a97d-d965ccfc6d4b" outcome="Passed" testListId="8c84fa94-04c1-424b-9868-57a2d4851a1d" relativeResultsDirectory="e03391e3-40f2-4dc3-968f-272700af595a" />
    <UnitTestResult executionId="4d1dfdb3-ee19-4a62-b1fc-bb2984adf48c" testId="4e7bf584-4130-1028-ea85-680030d2b02c" testName="ZipAsync_FilesToAddInvalid_ThrowsException" computerName="ICSWS068" duration="00:00:00.0011014" startTime="2016-08-04T09:57:30.5621683+02:00" endTime="2016-08-04T09:57:30.5647275+02:00" testType="13cdc9d9-ddb5-4fa4-a97d-d965ccfc6d4b" outcome="Passed" testListId="8c84fa94-04c1-424b-9868-57a2d4851a1d" relativeResultsDirectory="4d1dfdb3-ee19-4a62-b1fc-bb2984adf48c" />
    <UnitTestResult executionId="133c9732-32d7-4d5f-89c4-4f2c133013df" testId="895f168f-ef1f-dbaf-d3d5-7928b9c5e28c" testName="ZipAsync_CompressionLevelIsOutOfRange_ThrowsException" computerName="ICSWS068" duration="00:00:00.0010313" startTime="2016-08-04T09:57:30.5672280+02:00" endTime="2016-08-04T09:57:30.5692309+02:00" testType="13cdc9d9-ddb5-4fa4-a97d-d965ccfc6d4b" outcome="Passed" testListId="8c84fa94-04c1-424b-9868-57a2d4851a1d" relativeResultsDirectory="133c9732-32d7-4d5f-89c4-4f2c133013df" />
    <UnitTestResult executionId="32f51e36-490e-4f49-874a-4a435fca5673" testId="5328f579-b86f-2de1-61ec-672d08d3d6da" testName="Unzip_ArchiveIsNull_ThrowsException" computerName="ICSWS068" duration="00:00:00.0025198" startTime="2016-08-04T09:57:30.5717312+02:00" endTime="2016-08-04T09:57:30.5757340+02:00" testType="13cdc9d9-ddb5-4fa4-a97d-d965ccfc6d4b" outcome="Passed" testListId="8c84fa94-04c1-424b-9868-57a2d4851a1d" relativeResultsDirectory="32f51e36-490e-4f49-874a-4a435fca5673" />
    <UnitTestResult executionId="38b91cc3-b5f7-45ea-a557-1ff8bdd523d4" testId="bf725594-24e4-19b3-5d6f-e9eb8dca9cd6" testName="Unzip_ToDirectoryIsNull_ThrowsException" computerName="ICSWS068" duration="00:00:00.0011169" startTime="2016-08-04T09:57:30.5787363+02:00" endTime="2016-08-04T09:57:30.5812392+02:00" testType="13cdc9d9-ddb5-4fa4-a97d-d965ccfc6d4b" outcome="Passed" testListId="8c84fa94-04c1-424b-9868-57a2d4851a1d" relativeResultsDirectory="38b91cc3-b5f7-45ea-a557-1ff8bdd523d4" />
    <UnitTestResult executionId="df29a971-699e-4068-81b7-7d05c7f8644f" testId="49aaa31a-7e02-ad21-dbbf-bc1af2481296" testName="Open_UsesFileSystemService" computerName="ICSWS068" duration="00:00:00.0259416" startTime="2016-08-04T09:57:30.5837412+02:00" endTime="2016-08-04T09:57:30.6117660+02:00" testType="13cdc9d9-ddb5-4fa4-a97d-d965ccfc6d4b" outcome="Passed" testListId="8c84fa94-04c1-424b-9868-57a2d4851a1d" relativeResultsDirectory="df29a971-699e-4068-81b7-7d05c7f8644f" />
    <UnitTestResult executionId="b0ae4fdc-3aae-461e-bf59-e0c5b8b270f2" testId="09d71c00-4a98-d651-b677-28f9b32e6ee4" testName="Open_CreatesReader" computerName="ICSWS068" duration="00:00:00.0030832" startTime="2016-08-04T09:57:30.6146222+02:00" endTime="2016-08-04T09:57:30.6186266+02:00" testType="13cdc9d9-ddb5-4fa4-a97d-d965ccfc6d4b" outcome="Passed" testListId="8c84fa94-04c1-424b-9868-57a2d4851a1d" relativeResultsDirectory="b0ae4fdc-3aae-461e-bf59-e0c5b8b270f2" />
    <UnitTestResult executionId="aab983a3-cc5f-4f44-ae41-c1d4ad63f8d6" testId="d9a47dd2-a5a4-8a8b-bbd2-5e348fc0c833" testName="IsOpen_FileOpened_ReturnsTrue" computerName="ICSWS068" duration="00:00:00.0025195" startTime="2016-08-04T09:57:30.6216289+02:00" endTime="2016-08-04T09:57:30.6251350+02:00" testType="13cdc9d9-ddb5-4fa4-a97d-d965ccfc6d4b" outcome="Passed" testListId="8c84fa94-04c1-424b-9868-57a2d4851a1d" relativeResultsDirectory="aab983a3-cc5f-4f44-ae41-c1d4ad63f8d6" />
    <UnitTestResult executionId="ad27fc4c-4042-4734-a1fc-a8f0f9628723" testId="eb982e97-6910-41e8-8df6-26550f903ac5" testName="IsOpen_FileNotOpened_ReturnsFalse" computerName="ICSWS068" duration="00:00:00.0020386" startTime="2016-08-04T09:57:30.6281361+02:00" endTime="2016-08-04T09:57:30.6316407+02:00" testType="13cdc9d9-ddb5-4fa4-a97d-d965ccfc6d4b" outcome="Passed" testListId="8c84fa94-04c1-424b-9868-57a2d4851a1d" relativeResultsDirectory="ad27fc4c-4042-4734-a1fc-a8f0f9628723" />
    <UnitTestResult executionId="7728f75b-01c5-489a-bcea-00af23de79c5" testId="1699779f-213c-c485-8662-cf7313edfa2d" testName="IsOpen_FileOpenedAndclosed_ReturnsFalse" computerName="ICSWS068" duration="00:00:00.0039013" startTime="2016-08-04T09:57:30.6341451+02:00" endTime="2016-08-04T09:57:30.6396576+02:00" testType="13cdc9d9-ddb5-4fa4-a97d-d965ccfc6d4b" outcome="Passed" testListId="8c84fa94-04c1-424b-9868-57a2d4851a1d" relativeResultsDirectory="7728f75b-01c5-489a-bcea-00af23de79c5" />
    <UnitTestResult executionId="418608e9-e1cf-4d1f-bae8-3500595369f1" testId="c94ef27e-5ac5-aa2c-bed1-768401894118" testName="SetFilePosition_NotOpened_ThrowsFileNotFoundException" computerName="ICSWS068" duration="00:00:00.0027952" startTime="2016-08-04T09:57:30.6421710+02:00" endTime="2016-08-04T09:57:30.6461575+02:00" testType="13cdc9d9-ddb5-4fa4-a97d-d965ccfc6d4b" outcome="Passed" testListId="8c84fa94-04c1-424b-9868-57a2d4851a1d" relativeResultsDirectory="418608e9-e1cf-4d1f-bae8-3500595369f1" />
    <UnitTestResult executionId="8cec6c9d-bfdd-4347-9d53-2fe5fe20c9fa" testId="45a8cfba-5adb-77af-529d-051bbac2455a" testName="SetFilePosition_SetsPositionOnRecordReader" computerName="ICSWS068" duration="00:00:00.0057623" startTime="2016-08-04T09:57:30.6491592+02:00" endTime="2016-08-04T09:57:30.6564937+02:00" testType="13cdc9d9-ddb5-4fa4-a97d-d965ccfc6d4b" outcome="Passed" testListId="8c84fa94-04c1-424b-9868-57a2d4851a1d" relativeResultsDirectory="8cec6c9d-bfdd-4347-9d53-2fe5fe20c9fa" />
    <UnitTestResult executionId="752638e3-2bfe-4652-9092-76c5b4b3a9de" testId="f1151323-5d26-26d7-61bf-ba14ccf1980b" testName="ReadRecord_NotOpened_ThrowsFileNotOpenedException" computerName="ICSWS068" duration="00:00:00.0030535" startTime="2016-08-04T09:57:30.6594784+02:00" endTime="2016-08-04T09:57:30.6639824+02:00" testType="13cdc9d9-ddb5-4fa4-a97d-d965ccfc6d4b" outcome="Passed" testListId="8c84fa94-04c1-424b-9868-57a2d4851a1d" relativeResultsDirectory="752638e3-2bfe-4652-9092-76c5b4b3a9de" />
    <UnitTestResult executionId="c447df96-0fee-4277-9cb9-3a1ad4da914c" testId="c2b8d244-3bd9-2838-7e6d-6080c80d4d51" testName="ReadRecord_CharacterConverterIsNull_ReturnsValueFromRecordReader" computerName="ICSWS068" duration="00:00:00.0057332" startTime="2016-08-04T09:57:30.6669838+02:00" endTime="2016-08-04T09:57:30.6744892+02:00" testType="13cdc9d9-ddb5-4fa4-a97d-d965ccfc6d4b" outcome="Passed" testListId="8c84fa94-04c1-424b-9868-57a2d4851a1d" relativeResultsDirectory="c447df96-0fee-4277-9cb9-3a1ad4da914c" />
    <UnitTestResult executionId="2fa88e5c-c6e8-4a7a-a6b4-56b89a6b9779" testId="fa02f21c-bab0-c52d-eae0-21f368fd6383" testName="ReadRecord_CharacterConverterIsNotNull_ReturnsValueFromCharacterConverter" computerName="ICSWS068" duration="00:00:00.0095238" startTime="2016-08-04T09:57:30.6774921+02:00" endTime="2016-08-04T09:57:30.6879987+02:00" testType="13cdc9d9-ddb5-4fa4-a97d-d965ccfc6d4b" outcome="Passed" testListId="8c84fa94-04c1-424b-9868-57a2d4851a1d" relativeResultsDirectory="2fa88e5c-c6e8-4a7a-a6b4-56b89a6b9779" />
    <UnitTestResult executionId="d5e359df-8ff1-4de8-b1bb-c3e4534bbc8a" testId="038aa582-1099-ac34-f7ea-4a2954bfd64b" testName="ReadRecord_CharacterConverterIsNotNullAndFilterEmptyRecordsAndConverterCreatesEmtpyRecord_ReturnsValueFromCharacterConverter" computerName="ICSWS068" duration="00:00:00.0087927" startTime="2016-08-04T09:57:30.6915013+02:00" endTime="2016-08-04T09:57:30.7019466+02:00" testType="13cdc9d9-ddb5-4fa4-a97d-d965ccfc6d4b" outcome="Passed" testListId="8c84fa94-04c1-424b-9868-57a2d4851a1d" relativeResultsDirectory="d5e359df-8ff1-4de8-b1bb-c3e4534bbc8a" />
    <UnitTestResult executionId="51456b7a-45c6-48a0-8ac3-9aa0a76078f7" testId="d3b2808b-c92a-3227-4c18-1571a4819bff" testName="Open_BufferModeIsAllDataAndExpectedIOIsLessThan10k_BufferSetToPageSize" computerName="ICSWS068" duration="00:00:00.0073332" startTime="2016-08-04T09:57:30.7045005+02:00" endTime="2016-08-04T09:57:30.7135071+02:00" testType="13cdc9d9-ddb5-4fa4-a97d-d965ccfc6d4b" outcome="Passed" testListId="8c84fa94-04c1-424b-9868-57a2d4851a1d" relativeResultsDirectory="51456b7a-45c6-48a0-8ac3-9aa0a76078f7" />
    <UnitTestResult executionId="cd30f6d3-005f-4b13-b8cb-40d856187e39" testId="da6148b7-6600-9872-8a4c-44bf99f72ce4" testName="Open_BufferModeIsAllDataAndExpectedIOIsLargerThan10kButLessThan20k_BufferSetTo2xPageSize" computerName="ICSWS068" duration="00:00:00.0039565" startTime="2016-08-04T09:57:30.7175099+02:00" endTime="2016-08-04T09:57:30.7220142+02:00" testType="13cdc9d9-ddb5-4fa4-a97d-d965ccfc6d4b" outcome="Passed" testListId="8c84fa94-04c1-424b-9868-57a2d4851a1d" relativeResultsDirectory="cd30f6d3-005f-4b13-b8cb-40d856187e39" />
    <UnitTestResult executionId="7147e02d-0821-440e-9a02-6cec7b356c17" testId="0b120139-0a72-2136-21cb-38addb656507" testName="Open_BufferModeIsAllDataAndExpectedIOIsLargerThan20kButLessThan30k_BufferSetTo3xPageSize" computerName="ICSWS068" duration="00:00:00.0035207" startTime="2016-08-04T09:57:30.7310197+02:00" endTime="2016-08-04T09:57:30.7360234+02:00" testType="13cdc9d9-ddb5-4fa4-a97d-d965ccfc6d4b" outcome="Passed" testListId="8c84fa94-04c1-424b-9868-57a2d4851a1d" relativeResultsDirectory="7147e02d-0821-440e-9a02-6cec7b356c17" />
    <UnitTestResult executionId="4fdd048e-4db7-4ba5-9e45-e4f369e42ee8" testId="98d49f1a-e8d4-d1e6-b577-9bdf8e8d1bdf" testName="Open_BufferModeIsAllDataAndSepIsMax_BufferSetTo4xPageSize" computerName="ICSWS068" duration="00:00:00.0041925" startTime="2016-08-04T09:57:30.7385251+02:00" endTime="2016-08-04T09:57:30.7440288+02:00" testType="13cdc9d9-ddb5-4fa4-a97d-d965ccfc6d4b" outcome="Passed" testListId="8c84fa94-04c1-424b-9868-57a2d4851a1d" relativeResultsDirectory="4fdd048e-4db7-4ba5-9e45-e4f369e42ee8" />
    <UnitTestResult executionId="605f2964-04e0-466f-a077-0d6e5d91a3ff" testId="58e9059c-40d1-c76e-eea6-9b9f85e4059e" testName="Open_BufferModeIsAutoAndMax_ReadAheadIs16TimesRecordLen" computerName="ICSWS068" duration="00:00:00.0050494" startTime="2016-08-04T09:57:30.7470311+02:00" endTime="2016-08-04T09:57:30.7540363+02:00" testType="13cdc9d9-ddb5-4fa4-a97d-d965ccfc6d4b" outcome="Passed" testListId="8c84fa94-04c1-424b-9868-57a2d4851a1d" relativeResultsDirectory="605f2964-04e0-466f-a077-0d6e5d91a3ff" />
    <UnitTestResult executionId="38a96c20-2b32-4254-95d6-d7ad9051ecdc" testId="d58183f0-800d-b1f7-c9bf-6cff9846e850" testName="Open_BufferModeIsAutoAndChr_ReadAheadIs16Kb" computerName="ICSWS068" duration="00:00:00.0038010" startTime="2016-08-04T09:57:30.7565374+02:00" endTime="2016-08-04T09:57:30.7620417+02:00" testType="13cdc9d9-ddb5-4fa4-a97d-d965ccfc6d4b" outcome="Passed" testListId="8c84fa94-04c1-424b-9868-57a2d4851a1d" relativeResultsDirectory="38a96c20-2b32-4254-95d6-d7ad9051ecdc" />
    <UnitTestResult executionId="e83c3682-cf98-4787-a623-a364d76db017" testId="42cd2f00-c3ed-4fd2-d3b4-77f13a4aeaf1" testName="Open_CreateReaderThrowsOutOfMemory_RetriesWithSmallerBuffer" computerName="ICSWS068" duration="00:00:00.0059567" startTime="2016-08-04T09:57:30.7650443+02:00" endTime="2016-08-04T09:57:30.7720489+02:00" testType="13cdc9d9-ddb5-4fa4-a97d-d965ccfc6d4b" outcome="Passed" testListId="8c84fa94-04c1-424b-9868-57a2d4851a1d" relativeResultsDirectory="e83c3682-cf98-4787-a623-a364d76db017">
      <Output>
        <StdOut>Debug Trace:
Out of memory occured while creating RecordReader</StdOut>
      </Output>
    </UnitTestResult>
    <UnitTestResult executionId="76dd12a8-4750-40f7-aa2e-a33b6836eaef" testId="331ce389-6a43-6e86-6b4c-1f97efe9b797" testName="Open_CreateReaderThrowsOutOfMemory_ThrowsOutOfMemoryWhenBufferSizeSmallerThan128b" computerName="ICSWS068" duration="00:00:00.0046207" startTime="2016-08-04T09:57:30.7755515+02:00" endTime="2016-08-04T09:57:30.7815560+02:00" testType="13cdc9d9-ddb5-4fa4-a97d-d965ccfc6d4b" outcome="Passed" testListId="8c84fa94-04c1-424b-9868-57a2d4851a1d" relativeResultsDirectory="76dd12a8-4750-40f7-aa2e-a33b6836eaef">
      <Output>
        <StdOut>Debug Trace:
Out of memory occured while creating RecordReader
Out of memory occured while creating RecordReader
Out of memory occured while creating RecordReader
Out of memory occured while creating RecordReader
Out of memory occured while creating RecordReader</StdOut>
      </Output>
    </UnitTestResult>
    <UnitTestResult executionId="f220a5ec-7f8a-46ff-bbae-0cc3bef1b4a9" testId="bb8052b9-0d7f-6cbb-5705-d84ce949bb3d" testName="Close_DisposesRecordReader" computerName="ICSWS068" duration="00:00:00.0024521" startTime="2016-08-04T09:57:30.7840575+02:00" endTime="2016-08-04T09:57:30.7880603+02:00" testType="13cdc9d9-ddb5-4fa4-a97d-d965ccfc6d4b" outcome="Passed" testListId="8c84fa94-04c1-424b-9868-57a2d4851a1d" relativeResultsDirectory="f220a5ec-7f8a-46ff-bbae-0cc3bef1b4a9" />
    <UnitTestResult executionId="9a49cdd5-78e7-4ba0-9d78-65da983687cd" testId="6662bca0-15e1-c27d-061f-26f0e9d6513c" testName="Close_ClosesStream" computerName="ICSWS068" duration="00:00:00.0042567" startTime="2016-08-04T09:57:30.7905623+02:00" endTime="2016-08-04T09:57:30.7965664+02:00" testType="13cdc9d9-ddb5-4fa4-a97d-d965ccfc6d4b" outcome="Passed" testListId="8c84fa94-04c1-424b-9868-57a2d4851a1d" relativeResultsDirectory="9a49cdd5-78e7-4ba0-9d78-65da983687cd" />
    <UnitTestResult executionId="86a51f2b-3671-42f4-807a-c96002aaf0f3" testId="925e6ac4-6cf7-2335-5391-03d5a3b479a2" testName="Constructor_DataIsNull_Throws" computerName="ICSWS068" duration="00:00:00.0020591" startTime="2016-08-04T09:57:30.7990681+02:00" endTime="2016-08-04T09:57:30.8025712+02:00" testType="13cdc9d9-ddb5-4fa4-a97d-d965ccfc6d4b" outcome="Passed" testListId="8c84fa94-04c1-424b-9868-57a2d4851a1d" relativeResultsDirectory="86a51f2b-3671-42f4-807a-c96002aaf0f3" />
    <UnitTestResult executionId="d00b7557-2b77-47e2-8b3b-880a60b4bf56" testId="fa82d116-66f4-bbda-4093-018abadffeae" testName="Constructor_ConfigurationIsNull_Throws" computerName="ICSWS068" duration="00:00:00.0007436" startTime="2016-08-04T09:57:30.8050730+02:00" endTime="2016-08-04T09:57:30.8070741+02:00" testType="13cdc9d9-ddb5-4fa4-a97d-d965ccfc6d4b" outcome="Passed" testListId="8c84fa94-04c1-424b-9868-57a2d4851a1d" relativeResultsDirectory="d00b7557-2b77-47e2-8b3b-880a60b4bf56" />
    <UnitTestResult executionId="e85d70c9-51c4-453a-b6d4-d930d64751f7" testId="fff74519-ae56-119f-73d3-46b327a3cc4d" testName="Constructor_NoRecordSeparatorCharacter_Throws" computerName="ICSWS068" duration="00:00:00.0021688" startTime="2016-08-04T09:57:30.8100761+02:00" endTime="2016-08-04T09:57:30.8135787+02:00" testType="13cdc9d9-ddb5-4fa4-a97d-d965ccfc6d4b" outcome="Passed" testListId="8c84fa94-04c1-424b-9868-57a2d4851a1d" relativeResultsDirectory="e85d70c9-51c4-453a-b6d4-d930d64751f7" />
    <UnitTestResult executionId="3a15b641-2c3b-4a9d-9fa9-2e35633df79d" testId="f0d1829b-fa5d-ef90-c11d-0e6b1d062e08" testName="Constructor_ValidArgs_Success" computerName="ICSWS068" duration="00:00:00.0002692" startTime="2016-08-04T09:57:30.8165807+02:00" endTime="2016-08-04T09:57:30.8180821+02:00" testType="13cdc9d9-ddb5-4fa4-a97d-d965ccfc6d4b" outcome="Passed" testListId="8c84fa94-04c1-424b-9868-57a2d4851a1d" relativeResultsDirectory="3a15b641-2c3b-4a9d-9fa9-2e35633df79d" />
    <UnitTestResult executionId="81ca55da-7812-4ceb-828f-0b30b9772ac9" testId="17137882-1b98-5dab-ab64-a3dc73184a59" testName="ImplementsExpectedInterfaces" computerName="ICSWS068" duration="00:00:00.0003225" startTime="2016-08-04T09:57:30.8205838+02:00" endTime="2016-08-04T09:57:30.8220856+02:00" testType="13cdc9d9-ddb5-4fa4-a97d-d965ccfc6d4b" outcome="Passed" testListId="8c84fa94-04c1-424b-9868-57a2d4851a1d" relativeResultsDirectory="81ca55da-7812-4ceb-828f-0b30b9772ac9" />
    <UnitTestResult executionId="e9d11ac5-6fc1-4538-a194-613bf924ea01" testId="400cab42-9c6a-5204-ccc8-4745849c9577" testName="Dispose_DoesNotCloseStream" computerName="ICSWS068" duration="00:00:00.0021846" startTime="2016-08-04T09:57:30.8250870+02:00" endTime="2016-08-04T09:57:30.8285893+02:00" testType="13cdc9d9-ddb5-4fa4-a97d-d965ccfc6d4b" outcome="Passed" testListId="8c84fa94-04c1-424b-9868-57a2d4851a1d" relativeResultsDirectory="e9d11ac5-6fc1-4538-a194-613bf924ea01" />
    <UnitTestResult executionId="64df637e-dccd-4638-b237-0350a00959f9" testId="814b44c3-1091-e445-8f3c-0a58954b27ff" testName="Close_DoesNotCloseStream" computerName="ICSWS068" duration="00:00:00.0009046" startTime="2016-08-04T09:57:30.8311086+02:00" endTime="2016-08-04T09:57:30.8335211+02:00" testType="13cdc9d9-ddb5-4fa4-a97d-d965ccfc6d4b" outcome="Passed" testListId="8c84fa94-04c1-424b-9868-57a2d4851a1d" relativeResultsDirectory="64df637e-dccd-4638-b237-0350a00959f9" />
    <UnitTestResult executionId="8b7ab8c8-87f2-4f8d-abfb-ecbcdbdd0d28" testId="eb271427-bf90-a11e-3833-adf130ec2b4e" testName="ReadRecord_NoIndata_ReturnsNull" computerName="ICSWS068" duration="00:00:00.0021706" startTime="2016-08-04T09:57:30.8355314+02:00" endTime="2016-08-04T09:57:30.8390184+02:00" testType="13cdc9d9-ddb5-4fa4-a97d-d965ccfc6d4b" outcome="Passed" testListId="8c84fa94-04c1-424b-9868-57a2d4851a1d" relativeResultsDirectory="8b7ab8c8-87f2-4f8d-abfb-ecbcdbdd0d28" />
    <UnitTestResult executionId="9e2acf3a-c548-4cd3-9306-9dc72ed12762" testId="a7c9a27c-9e2c-3ea8-44cb-263fe5896d2b" testName="ReadRecord_RecordEndsWithSepAndKeepRecordSeparatorIsTrue_RecordSeparatorKept" computerName="ICSWS068" duration="00:00:00.0010554" startTime="2016-08-04T09:57:30.8420216+02:00" endTime="2016-08-04T09:57:30.8445412+02:00" testType="13cdc9d9-ddb5-4fa4-a97d-d965ccfc6d4b" outcome="Passed" testListId="8c84fa94-04c1-424b-9868-57a2d4851a1d" relativeResultsDirectory="9e2acf3a-c548-4cd3-9306-9dc72ed12762" />
    <UnitTestResult executionId="147c67df-17f7-4bcb-994a-f507a0676a2e" testId="4bf138b3-0b83-1049-fc2c-be7e17bbb712" testName="ReadRecord_RecordEndsWithSepAndKeepRecordSeparatorIsFalse_RecordSeparatorNotKept" computerName="ICSWS068" duration="00:00:00.0003134" startTime="2016-08-04T09:57:30.8475285+02:00" endTime="2016-08-04T09:57:30.8490285+02:00" testType="13cdc9d9-ddb5-4fa4-a97d-d965ccfc6d4b" outcome="Passed" testListId="8c84fa94-04c1-424b-9868-57a2d4851a1d" relativeResultsDirectory="147c67df-17f7-4bcb-994a-f507a0676a2e" />
    <UnitTestResult executionId="f054d0d1-19aa-44b5-962e-882683b0f0df" testId="140d4636-d2ff-e640-e14b-da38214d9ea0" testName="ReadRecord_LastRecordDoesNotEndWithSep_ReturnsExpectedRecords" computerName="ICSWS068" duration="00:00:00.0006718" startTime="2016-08-04T09:57:30.8515314+02:00" endTime="2016-08-04T09:57:30.8533991+02:00" testType="13cdc9d9-ddb5-4fa4-a97d-d965ccfc6d4b" outcome="Passed" testListId="8c84fa94-04c1-424b-9868-57a2d4851a1d" relativeResultsDirectory="f054d0d1-19aa-44b5-962e-882683b0f0df" />
    <UnitTestResult executionId="8fdef27e-e619-4b2b-b0d7-c4233c8d01cd" testId="a939f8ad-9aff-4e94-88b0-7e15cdbff432" testName="ReadRecord_EmptyRecordsAndFilterEmptyRecordsIsTrue_ReturnsExpectedRecords" computerName="ICSWS068" duration="00:00:00.0004272" startTime="2016-08-04T09:57:30.8564014+02:00" endTime="2016-08-04T09:57:30.8579034+02:00" testType="13cdc9d9-ddb5-4fa4-a97d-d965ccfc6d4b" outcome="Passed" testListId="8c84fa94-04c1-424b-9868-57a2d4851a1d" relativeResultsDirectory="8fdef27e-e619-4b2b-b0d7-c4233c8d01cd" />
    <UnitTestResult executionId="9f2a90c1-3589-45b1-a93f-6cfa3667609f" testId="02eee52e-e8a1-fb69-0ee2-0572d163080f" testName="ReadRecord_EmptyRecordsAndFilterEmptyRecordsIsFalse_ReturnsExpectedRecords" computerName="ICSWS068" duration="00:00:00.0004272" startTime="2016-08-04T09:57:30.8609054+02:00" endTime="2016-08-04T09:57:30.8628998+02:00" testType="13cdc9d9-ddb5-4fa4-a97d-d965ccfc6d4b" outcome="Passed" testListId="8c84fa94-04c1-424b-9868-57a2d4851a1d" relativeResultsDirectory="9f2a90c1-3589-45b1-a93f-6cfa3667609f" />
    <UnitTestResult executionId="cf68514b-fc7f-4d6e-a39a-df2c1671fd69" testId="2300d5b4-215e-bb81-916f-9e8ec4a724a4" testName="ReadRecord_NoMoreRecords_ReturnsNull" computerName="ICSWS068" duration="00:00:00.0003272" startTime="2016-08-04T09:57:30.8659045+02:00" endTime="2016-08-04T09:57:30.8674059+02:00" testType="13cdc9d9-ddb5-4fa4-a97d-d965ccfc6d4b" outcome="Passed" testListId="8c84fa94-04c1-424b-9868-57a2d4851a1d" relativeResultsDirectory="cf68514b-fc7f-4d6e-a39a-df2c1671fd69" />
    <UnitTestResult executionId="25b690bf-471e-44b8-aed5-2e0a8b8e92fd" testId="0060a7cf-7d6b-779a-6cbc-630821363ff4" testName="ReadRecord_Unicode_ReturnsExpectedRecords" computerName="ICSWS068" duration="00:00:00.0003897" startTime="2016-08-04T09:57:30.8699062+02:00" endTime="2016-08-04T09:57:30.8719091+02:00" testType="13cdc9d9-ddb5-4fa4-a97d-d965ccfc6d4b" outcome="Passed" testListId="8c84fa94-04c1-424b-9868-57a2d4851a1d" relativeResultsDirectory="25b690bf-471e-44b8-aed5-2e0a8b8e92fd" />
    <UnitTestResult executionId="5c7abee5-dd73-4012-833f-a2bd71e63455" testId="d91d563b-c573-c355-03d8-5056a742ce10" testName="ReadRecord_ConsumeReleaseCharactersIsConsumeAll_ExpectedRecordReturned" computerName="ICSWS068" duration="00:00:00.0005067" startTime="2016-08-04T09:57:30.8749102+02:00" endTime="2016-08-04T09:57:30.8764275+02:00" testType="13cdc9d9-ddb5-4fa4-a97d-d965ccfc6d4b" outcome="Passed" testListId="8c84fa94-04c1-424b-9868-57a2d4851a1d" relativeResultsDirectory="5c7abee5-dd73-4012-833f-a2bd71e63455" />
    <UnitTestResult executionId="892ea2c2-a5f4-4869-bb8f-d63a88e5c894" testId="701a9e94-fbfd-6f31-4d08-3ef302c0c448" testName="ReadRecord_ConsumeReleaseCharactersIsConsumeReserved_ExpectedRecordReturned" computerName="ICSWS068" duration="00:00:00.0003442" startTime="2016-08-04T09:57:30.8794133+02:00" endTime="2016-08-04T09:57:30.8809309+02:00" testType="13cdc9d9-ddb5-4fa4-a97d-d965ccfc6d4b" outcome="Passed" testListId="8c84fa94-04c1-424b-9868-57a2d4851a1d" relativeResultsDirectory="892ea2c2-a5f4-4869-bb8f-d63a88e5c894" />
    <UnitTestResult executionId="94a10840-38fe-439b-86de-a5d6865b5cbc" testId="f462a512-d459-a2b6-1811-9551c04aba5f" testName="ReadRecord_EncodingSwitchedBetweenRecords_ReturnsExpectedRecords" computerName="ICSWS068" duration="00:00:00.0011838" startTime="2016-08-04T09:57:30.8834332+02:00" endTime="2016-08-04T09:57:30.8864376+02:00" testType="13cdc9d9-ddb5-4fa4-a97d-d965ccfc6d4b" outcome="Passed" testListId="8c84fa94-04c1-424b-9868-57a2d4851a1d" relativeResultsDirectory="94a10840-38fe-439b-86de-a5d6865b5cbc" />
    <UnitTestResult executionId="42b79350-dcc4-4805-8d06-162d39bc0f7d" testId="f3cfb75e-b395-af9f-fc39-5246c9ab9327" testName="StartPositionOfLastRecord_NoRecordsRead_ReturnsMinusOne" computerName="ICSWS068" duration="00:00:00.0008334" startTime="2016-08-04T09:57:30.8889199+02:00" endTime="2016-08-04T09:57:30.8909219+02:00" testType="13cdc9d9-ddb5-4fa4-a97d-d965ccfc6d4b" outcome="Passed" testListId="8c84fa94-04c1-424b-9868-57a2d4851a1d" relativeResultsDirectory="42b79350-dcc4-4805-8d06-162d39bc0f7d" />
    <UnitTestResult executionId="bd59354f-7dd2-4288-a36f-57a316de1540" testId="92010c8f-e9b2-16e3-e5cc-439faa800bb9" testName="StartPositionOfLastRecord_OneRecordRead_ReturnsZero" computerName="ICSWS068" duration="00:00:00.0003530" startTime="2016-08-04T09:57:30.8939239+02:00" endTime="2016-08-04T09:57:30.8959262+02:00" testType="13cdc9d9-ddb5-4fa4-a97d-d965ccfc6d4b" outcome="Passed" testListId="8c84fa94-04c1-424b-9868-57a2d4851a1d" relativeResultsDirectory="bd59354f-7dd2-4288-a36f-57a316de1540" />
    <UnitTestResult executionId="3965a8ea-b25e-4156-99b8-2cde754f86d3" testId="6d21136e-0010-e3e0-0e61-d6a804d1df2f" testName="StartPositionOfLastRecord_TwoRecordsRead_ReturnsStartPositionOfSecondRecord" computerName="ICSWS068" duration="00:00:00.0003401" startTime="2016-08-04T09:57:30.8979420+02:00" endTime="2016-08-04T09:57:30.8999526+02:00" testType="13cdc9d9-ddb5-4fa4-a97d-d965ccfc6d4b" outcome="Passed" testListId="8c84fa94-04c1-424b-9868-57a2d4851a1d" relativeResultsDirectory="3965a8ea-b25e-4156-99b8-2cde754f86d3" />
    <UnitTestResult executionId="74e265af-1216-44e8-99df-3b07baf68dc7" testId="b09f5703-0164-517c-e12b-3ff36cb725c2" testName="SetPosition_PositionChanged_ReturnsExpectedRecord" computerName="ICSWS068" duration="00:00:00.0004647" startTime="2016-08-04T09:57:30.9019291+02:00" endTime="2016-08-04T09:57:30.9038188+02:00" testType="13cdc9d9-ddb5-4fa4-a97d-d965ccfc6d4b" outcome="Passed" testListId="8c84fa94-04c1-424b-9868-57a2d4851a1d" relativeResultsDirectory="74e265af-1216-44e8-99df-3b07baf68dc7" />
    <UnitTestResult executionId="35d1e369-c193-4dde-b94e-3aa472630aae" testId="00de836f-6357-cdb7-23d7-22e6e30a206f" testName="SetPosition_InvalidValue_Throws" computerName="ICSWS068" duration="00:00:00.0006926" startTime="2016-08-04T09:57:30.9063357+02:00" endTime="2016-08-04T09:57:30.9083208+02:00" testType="13cdc9d9-ddb5-4fa4-a97d-d965ccfc6d4b" outcome="Passed" testListId="8c84fa94-04c1-424b-9868-57a2d4851a1d" relativeResultsDirectory="35d1e369-c193-4dde-b94e-3aa472630aae" />
    <UnitTestResult executionId="69f56400-99e3-4ff7-b9e6-e2a0fe586d03" testId="2f7d8c08-84f7-078b-8017-b8bd04cf742f" testName="Construtor_DataIsNull_Throws" computerName="ICSWS068" duration="00:00:00.0011137" startTime="2016-08-04T09:57:30.9113233+02:00" endTime="2016-08-04T09:57:30.9143435+02:00" testType="13cdc9d9-ddb5-4fa4-a97d-d965ccfc6d4b" outcome="Passed" testListId="8c84fa94-04c1-424b-9868-57a2d4851a1d" relativeResultsDirectory="69f56400-99e3-4ff7-b9e6-e2a0fe586d03" />
    <UnitTestResult executionId="4e425f92-876e-46d3-a576-b20fe352d7ad" testId="214f95bf-13f4-0c43-674f-c7094452466a" testName="Construtor_ConfigurationIsNull_Throws" computerName="ICSWS068" duration="00:00:00.0005504" startTime="2016-08-04T09:57:30.9168297+02:00" endTime="2016-08-04T09:57:30.9188481+02:00" testType="13cdc9d9-ddb5-4fa4-a97d-d965ccfc6d4b" outcome="Passed" testListId="8c84fa94-04c1-424b-9868-57a2d4851a1d" relativeResultsDirectory="4e425f92-876e-46d3-a576-b20fe352d7ad" />
    <UnitTestResult executionId="6749d69d-b4b5-42dd-9c2d-5c91a95bdca6" testId="81152cfd-1838-0497-3f84-86a75c970167" testName="Construtor_ValidArgs_Success" computerName="ICSWS068" duration="00:00:00.0003914" startTime="2016-08-04T09:57:30.9208496+02:00" endTime="2016-08-04T09:57:30.9228396+02:00" testType="13cdc9d9-ddb5-4fa4-a97d-d965ccfc6d4b" outcome="Passed" testListId="8c84fa94-04c1-424b-9868-57a2d4851a1d" relativeResultsDirectory="6749d69d-b4b5-42dd-9c2d-5c91a95bdca6" />
    <UnitTestResult executionId="ed50539c-9b80-4eda-8895-7d3c59e21ddf" testId="79845110-5028-bb72-b6a1-2fa941e17166" testName="ImplementsExpectedInterfaces" computerName="ICSWS068" duration="00:00:00.0002609" startTime="2016-08-04T09:57:30.9253413+02:00" endTime="2016-08-04T09:57:30.9323464+02:00" testType="13cdc9d9-ddb5-4fa4-a97d-d965ccfc6d4b" outcome="Passed" testListId="8c84fa94-04c1-424b-9868-57a2d4851a1d" relativeResultsDirectory="ed50539c-9b80-4eda-8895-7d3c59e21ddf" />
    <UnitTestResult executionId="4e8111db-b791-4f84-9ed5-95754867eb5d" testId="5ae55ba3-fa14-327b-6d01-305995344223" testName="Dispose_DoesNotCloseStream" computerName="ICSWS068" duration="00:00:00.0008835" startTime="2016-08-04T09:57:30.9353499+02:00" endTime="2016-08-04T09:57:30.9378531+02:00" testType="13cdc9d9-ddb5-4fa4-a97d-d965ccfc6d4b" outcome="Passed" testListId="8c84fa94-04c1-424b-9868-57a2d4851a1d" relativeResultsDirectory="4e8111db-b791-4f84-9ed5-95754867eb5d" />
    <UnitTestResult executionId="4d724112-ce7c-4d47-b91c-3d4d47467873" testId="da83b8bf-280b-8872-5283-8d4cff2d699b" testName="Close_DoesNotCloseStream" computerName="ICSWS068" duration="00:00:00.0008938" startTime="2016-08-04T09:57:30.9408536+02:00" endTime="2016-08-04T09:57:30.9436709+02:00" testType="13cdc9d9-ddb5-4fa4-a97d-d965ccfc6d4b" outcome="Passed" testListId="8c84fa94-04c1-424b-9868-57a2d4851a1d" relativeResultsDirectory="4d724112-ce7c-4d47-b91c-3d4d47467873" />
    <UnitTestResult executionId="894fb34e-e70a-48e9-ad1e-d8c3c8bab1a1" testId="cfa27c63-0f3d-dbc3-809c-0d6e7bb70d54" testName="ReadRecord_NoIndata_ReturnsNull" computerName="ICSWS068" duration="00:00:00.0017064" startTime="2016-08-04T09:57:30.9466735+02:00" endTime="2016-08-04T09:57:30.9496916+02:00" testType="13cdc9d9-ddb5-4fa4-a97d-d965ccfc6d4b" outcome="Passed" testListId="8c84fa94-04c1-424b-9868-57a2d4851a1d" relativeResultsDirectory="894fb34e-e70a-48e9-ad1e-d8c3c8bab1a1" />
    <UnitTestResult executionId="3e754fed-37c1-4f61-a137-9d503ffa1f35" testId="ecba7650-3975-5ae3-dec5-0e05f28719fa" testName="ReadRecord_RecordEndsWithSepAndKeepRecordSeparatorIsTrue_RecordSeparatorKept" computerName="ICSWS068" duration="00:00:00.0005979" startTime="2016-08-04T09:57:30.9521784+02:00" endTime="2016-08-04T09:57:30.9541824+02:00" testType="13cdc9d9-ddb5-4fa4-a97d-d965ccfc6d4b" outcome="Passed" testListId="8c84fa94-04c1-424b-9868-57a2d4851a1d" relativeResultsDirectory="3e754fed-37c1-4f61-a137-9d503ffa1f35" />
    <UnitTestResult executionId="77dbb2e5-d49d-41e4-a1e4-03f8a3d45c90" testId="848ba6bb-d733-d57d-1659-ea8432648540" testName="ReadRecord_RecordEndsWithSepAndKeepRecordSeparatorIsFalse_RecordSeparatorNotKept" computerName="ICSWS068" duration="00:00:00.0003249" startTime="2016-08-04T09:57:30.9561836+02:00" endTime="2016-08-04T09:57:30.9576841+02:00" testType="13cdc9d9-ddb5-4fa4-a97d-d965ccfc6d4b" outcome="Passed" testListId="8c84fa94-04c1-424b-9868-57a2d4851a1d" relativeResultsDirectory="77dbb2e5-d49d-41e4-a1e4-03f8a3d45c90" />
    <UnitTestResult executionId="5542e137-6d7d-45ca-9826-c77650632924" testId="f45f69b0-1964-9814-54b8-5b0c073054d9" testName="ReadRecord_RecordEndsWithSlashNAndKeepRecordSeparatorIsTrue_RecordSeparatorKept" computerName="ICSWS068" duration="00:00:00.0003601" startTime="2016-08-04T09:57:30.9606864+02:00" endTime="2016-08-04T09:57:30.9621890+02:00" testType="13cdc9d9-ddb5-4fa4-a97d-d965ccfc6d4b" outcome="Passed" testListId="8c84fa94-04c1-424b-9868-57a2d4851a1d" relativeResultsDirectory="5542e137-6d7d-45ca-9826-c77650632924" />
    <UnitTestResult executionId="62b49bc5-b1df-4224-9ac3-8043decfec3e" testId="84bc7f0b-0ce0-35e9-b40a-88fe24360290" testName="ReadRecord_RecordEndsWithSlashNAndKeepRecordSeparatorIsFalse_RecordSeparatorNotKept" computerName="ICSWS068" duration="00:00:00.0003466" startTime="2016-08-04T09:57:30.9647089+02:00" endTime="2016-08-04T09:57:30.9661951+02:00" testType="13cdc9d9-ddb5-4fa4-a97d-d965ccfc6d4b" outcome="Passed" testListId="8c84fa94-04c1-424b-9868-57a2d4851a1d" relativeResultsDirectory="62b49bc5-b1df-4224-9ac3-8043decfec3e" />
    <UnitTestResult executionId="f5b7a1ff-0e87-4343-b369-439c4e691cfe" testId="47f7042a-d532-1ea5-02a8-dda5cf12b733" testName="ReadRecord_MixOfSlashNAndSlashRN_ReturnsExpectedRecords" computerName="ICSWS068" duration="00:00:00.0003633" startTime="2016-08-04T09:57:30.9686963+02:00" endTime="2016-08-04T09:57:30.9701983+02:00" testType="13cdc9d9-ddb5-4fa4-a97d-d965ccfc6d4b" outcome="Passed" testListId="8c84fa94-04c1-424b-9868-57a2d4851a1d" relativeResultsDirectory="f5b7a1ff-0e87-4343-b369-439c4e691cfe" />
    <UnitTestResult executionId="2107a2fa-1015-4e1c-b961-5e9938b8a6dd" testId="8676e345-f316-11f2-2380-22c483a8bff8" testName="ReadRecord_LastRecordDoesNotEndWithSep_ReturnsExpectedRecords" computerName="ICSWS068" duration="00:00:00.0004677" startTime="2016-08-04T09:57:30.9721980+02:00" endTime="2016-08-04T09:57:30.9736994+02:00" testType="13cdc9d9-ddb5-4fa4-a97d-d965ccfc6d4b" outcome="Passed" testListId="8c84fa94-04c1-424b-9868-57a2d4851a1d" relativeResultsDirectory="2107a2fa-1015-4e1c-b961-5e9938b8a6dd" />
    <UnitTestResult executionId="9fc6e263-41c7-4511-93ed-f5f1132e0b8d" testId="bd1bf360-da2c-3231-5a9d-93d50c7c38ea" testName="ReadRecord_EmptyRecordsAndFilterEmptyRecordsIsTrue_ReturnsExpectedRecords" computerName="ICSWS068" duration="00:00:00.0004521" startTime="2016-08-04T09:57:30.9767020+02:00" endTime="2016-08-04T09:57:30.9782040+02:00" testType="13cdc9d9-ddb5-4fa4-a97d-d965ccfc6d4b" outcome="Passed" testListId="8c84fa94-04c1-424b-9868-57a2d4851a1d" relativeResultsDirectory="9fc6e263-41c7-4511-93ed-f5f1132e0b8d" />
    <UnitTestResult executionId="377b95ee-22ca-466c-abd4-a88090d8cf0d" testId="a637795e-87f7-9ac7-1e52-26a63ea9f19a" testName="ReadRecord_EmptyRecordsAndFilterEmptyRecordsIsFalse_ReturnsExpectedRecords" computerName="ICSWS068" duration="00:00:00.0004257" startTime="2016-08-04T09:57:30.9817057+02:00" endTime="2016-08-04T09:57:30.9832075+02:00" testType="13cdc9d9-ddb5-4fa4-a97d-d965ccfc6d4b" outcome="Passed" testListId="8c84fa94-04c1-424b-9868-57a2d4851a1d" relativeResultsDirectory="377b95ee-22ca-466c-abd4-a88090d8cf0d" />
    <UnitTestResult executionId="291e73aa-fb22-4a78-9b89-340fcdccc385" testId="9b4bc9fd-399c-e029-5c8e-7edf47a2e33b" testName="ReadRecord_NoMoreRecords_ReturnsNull" computerName="ICSWS068" duration="00:00:00.0002926" startTime="2016-08-04T09:57:30.9862083+02:00" endTime="2016-08-04T09:57:30.9872265+02:00" testType="13cdc9d9-ddb5-4fa4-a97d-d965ccfc6d4b" outcome="Passed" testListId="8c84fa94-04c1-424b-9868-57a2d4851a1d" relativeResultsDirectory="291e73aa-fb22-4a78-9b89-340fcdccc385" />
    <UnitTestResult executionId="550dcb14-ad9e-4f44-92d2-aae06a51be0e" testId="6ba038e7-7aca-7c55-1d2f-1be78f27d5b9" testName="ReadRecord_Unicode_ReturnsExpectedRecords" computerName="ICSWS068" duration="00:00:00.0004389" startTime="2016-08-04T09:57:30.9897109+02:00" endTime="2016-08-04T09:57:30.9917123+02:00" testType="13cdc9d9-ddb5-4fa4-a97d-d965ccfc6d4b" outcome="Passed" testListId="8c84fa94-04c1-424b-9868-57a2d4851a1d" relativeResultsDirectory="550dcb14-ad9e-4f44-92d2-aae06a51be0e" />
    <UnitTestResult executionId="a249bef4-01c6-42f7-9054-c00b635d08ab" testId="c9c110b8-ffd9-729f-afd2-f26652eff53b" testName="ReadRecord_EncodingSwitchedBetweenRecords_ReturnsExpectedRecords" computerName="ICSWS068" duration="00:00:00.0004120" startTime="2016-08-04T09:57:30.9945815+02:00" endTime="2016-08-04T09:57:30.9966017+02:00" testType="13cdc9d9-ddb5-4fa4-a97d-d965ccfc6d4b" outcome="Passed" testListId="8c84fa94-04c1-424b-9868-57a2d4851a1d" relativeResultsDirectory="a249bef4-01c6-42f7-9054-c00b635d08ab" />
    <UnitTestResult executionId="0fa29e04-3e58-401f-a537-1e1c724bc260" testId="cae05cc4-3f2e-01e9-cce8-f063cb3ff389" testName="StartPositionOfLastRecord_NoRecordsRead_ReturnsMinusOne" computerName="ICSWS068" duration="00:00:00.0002457" startTime="2016-08-04T09:57:30.9990843+02:00" endTime="2016-08-04T09:57:31.0006036+02:00" testType="13cdc9d9-ddb5-4fa4-a97d-d965ccfc6d4b" outcome="Passed" testListId="8c84fa94-04c1-424b-9868-57a2d4851a1d" relativeResultsDirectory="0fa29e04-3e58-401f-a537-1e1c724bc260" />
    <UnitTestResult executionId="a2bf331d-c599-45c0-8b3b-0ad7a9423b77" testId="6e002333-4b26-32fe-8b4e-ab6c1f05d5c5" testName="StartPositionOfLastRecord_OneRecordRead_ReturnsZero" computerName="ICSWS068" duration="00:00:00.0003087" startTime="2016-08-04T09:57:31.0025892+02:00" endTime="2016-08-04T09:57:31.0040924+02:00" testType="13cdc9d9-ddb5-4fa4-a97d-d965ccfc6d4b" outcome="Passed" testListId="8c84fa94-04c1-424b-9868-57a2d4851a1d" relativeResultsDirectory="a2bf331d-c599-45c0-8b3b-0ad7a9423b77" />
    <UnitTestResult executionId="dc7eefa5-eea1-45f0-b08f-03a762191017" testId="b3715d6e-793d-a50d-d9fe-cd14979ba1a9" testName="StartPositionOfLastRecord_TwoRecordsRead_ReturnsStartPositionOfSecondRecord" computerName="ICSWS068" duration="00:00:00.0003624" startTime="2016-08-04T09:57:31.0061106+02:00" endTime="2016-08-04T09:57:31.0075953+02:00" testType="13cdc9d9-ddb5-4fa4-a97d-d965ccfc6d4b" outcome="Passed" testListId="8c84fa94-04c1-424b-9868-57a2d4851a1d" relativeResultsDirectory="dc7eefa5-eea1-45f0-b08f-03a762191017" />
    <UnitTestResult executionId="87481708-a9c5-45e9-84ba-0232cbabc3da" testId="44e293fe-7b3e-555e-34eb-40e67f4a20f6" testName="SetPosition_PositionChanged_ReturnsExpectedRecord" computerName="ICSWS068" duration="00:00:00.0003680" startTime="2016-08-04T09:57:31.0105964+02:00" endTime="2016-08-04T09:57:31.0115985+02:00" testType="13cdc9d9-ddb5-4fa4-a97d-d965ccfc6d4b" outcome="Passed" testListId="8c84fa94-04c1-424b-9868-57a2d4851a1d" relativeResultsDirectory="87481708-a9c5-45e9-84ba-0232cbabc3da" />
    <UnitTestResult executionId="1e0739cf-2751-4924-8adc-ca5a8e07dc10" testId="e21ca624-4df1-1fa3-8ce2-d48dc503df76" testName="SetPosition_InvalidValue_Throws" computerName="ICSWS068" duration="00:00:00.0006351" startTime="2016-08-04T09:57:31.0149770+02:00" endTime="2016-08-04T09:57:31.0169617+02:00" testType="13cdc9d9-ddb5-4fa4-a97d-d965ccfc6d4b" outcome="Passed" testListId="8c84fa94-04c1-424b-9868-57a2d4851a1d" relativeResultsDirectory="1e0739cf-2751-4924-8adc-ca5a8e07dc10" />
    <UnitTestResult executionId="f33d9335-4ce9-4b44-bbe1-8c2e85e39af6" testId="17dd0e35-d346-d941-c4e6-b9011d083ddb" testName="Constructor_NullConfig_Throws" computerName="ICSWS068" duration="00:00:00.0157530" startTime="2016-08-04T09:57:31.0194629+02:00" endTime="2016-08-04T09:57:31.0364353+02:00" testType="13cdc9d9-ddb5-4fa4-a97d-d965ccfc6d4b" outcome="Passed" testListId="8c84fa94-04c1-424b-9868-57a2d4851a1d" relativeResultsDirectory="f33d9335-4ce9-4b44-bbe1-8c2e85e39af6" />
    <UnitTestResult executionId="aec19bfa-bcd7-4ada-b1d5-30b3e12f0c5b" testId="180cef14-3429-35c0-623c-d094b3ddb8b6" testName="Constructor_GetsStartPositionOfLastRecordFromRecordStreamReader" computerName="ICSWS068" duration="00:00:00.0046019" startTime="2016-08-04T09:57:31.0389361+02:00" endTime="2016-08-04T09:57:31.0449445+02:00" testType="13cdc9d9-ddb5-4fa4-a97d-d965ccfc6d4b" outcome="Passed" testListId="8c84fa94-04c1-424b-9868-57a2d4851a1d" relativeResultsDirectory="aec19bfa-bcd7-4ada-b1d5-30b3e12f0c5b" />
    <UnitTestResult executionId="015862dd-3b0a-48f5-aad9-b1d1bba2f5f8" testId="020cd719-ead7-f9cf-bc60-400e1dc5d088" testName="Constructor_StreamPosition0AndAutodetectEncoding_StreamReaderSetToDetectEncoding" computerName="ICSWS068" duration="00:00:00.0033922" startTime="2016-08-04T09:57:31.0474460+02:00" endTime="2016-08-04T09:57:31.0519517+02:00" testType="13cdc9d9-ddb5-4fa4-a97d-d965ccfc6d4b" outcome="Passed" testListId="8c84fa94-04c1-424b-9868-57a2d4851a1d" relativeResultsDirectory="015862dd-3b0a-48f5-aad9-b1d1bba2f5f8" />
    <UnitTestResult executionId="8278d42d-c223-4538-8931-6c6a307cb4ab" testId="ddeea70f-4a9d-08f8-e149-06d080bf5942" testName="Constructor_StreamPositionNot0AndAutodetectEncoding_StreamReaderNotSetToDetectEncoding" computerName="ICSWS068" duration="00:00:00.0032201" startTime="2016-08-04T09:57:31.0549579+02:00" endTime="2016-08-04T09:57:31.0594604+02:00" testType="13cdc9d9-ddb5-4fa4-a97d-d965ccfc6d4b" outcome="Passed" testListId="8c84fa94-04c1-424b-9868-57a2d4851a1d" relativeResultsDirectory="8278d42d-c223-4538-8931-6c6a307cb4ab" />
    <UnitTestResult executionId="f2eda2e2-8ccd-4d5f-af30-4565118838dc" testId="5586f576-65aa-2ed0-923a-f23666eced7f" testName="Constructor_StreamPositionNot0AndNotAutodetectEncoding_StreamReaderNotSetToDetectEncoding" computerName="ICSWS068" duration="00:00:00.0026934" startTime="2016-08-04T09:57:31.0619607+02:00" endTime="2016-08-04T09:57:31.0660855+02:00" testType="13cdc9d9-ddb5-4fa4-a97d-d965ccfc6d4b" outcome="Passed" testListId="8c84fa94-04c1-424b-9868-57a2d4851a1d" relativeResultsDirectory="f2eda2e2-8ccd-4d5f-af30-4565118838dc" />
    <UnitTestResult executionId="02ea8495-3499-4244-91e9-75ebe634a136" testId="7903e838-fa94-02d9-63a6-ee25f27ba30f" testName="Constructor_StreamPosition0AndNotAutodetectEncoding_StreamReaderNotSetToDetectEncoding" computerName="ICSWS068" duration="00:00:00.0029222" startTime="2016-08-04T09:57:31.0690881+02:00" endTime="2016-08-04T09:57:31.0735910+02:00" testType="13cdc9d9-ddb5-4fa4-a97d-d965ccfc6d4b" outcome="Passed" testListId="8c84fa94-04c1-424b-9868-57a2d4851a1d" relativeResultsDirectory="02ea8495-3499-4244-91e9-75ebe634a136" />
    <UnitTestResult executionId="d7f2c95f-b8fb-4ce3-a5ac-94df8c036dc0" testId="334d89bc-5c7d-5854-c072-ee0218f324c7" testName="Constructor_ShouldDetectEncoding_ConfigurationEncodingUpdated" computerName="ICSWS068" duration="00:00:00.0026266" startTime="2016-08-04T09:57:31.0771111+02:00" endTime="2016-08-04T09:57:31.0811122+02:00" testType="13cdc9d9-ddb5-4fa4-a97d-d965ccfc6d4b" outcome="Passed" testListId="8c84fa94-04c1-424b-9868-57a2d4851a1d" relativeResultsDirectory="d7f2c95f-b8fb-4ce3-a5ac-94df8c036dc0" />
    <UnitTestResult executionId="42cc131a-062a-4f5e-8a68-8ae394595904" testId="44c92dfc-a7aa-14eb-1eef-4f5154cfa6ac" testName="ConfigurationChanged_NewEncoding_RefreshesRecordStreamReader" computerName="ICSWS068" duration="00:00:00.0023163" startTime="2016-08-04T09:57:31.0840990+02:00" endTime="2016-08-04T09:57:31.0876025+02:00" testType="13cdc9d9-ddb5-4fa4-a97d-d965ccfc6d4b" outcome="Passed" testListId="8c84fa94-04c1-424b-9868-57a2d4851a1d" relativeResultsDirectory="42cc131a-062a-4f5e-8a68-8ae394595904" />
    <UnitTestResult executionId="edaf1a10-5968-4481-be7f-5f9b2409e578" testId="48932418-1f62-7bdf-cc86-4126c16ef45c" testName="ConfigurationChanged_NewReadAheadBufferSize_RefreshesRecordStreamReader" computerName="ICSWS068" duration="00:00:00.0024453" startTime="2016-08-04T09:57:31.0906030+02:00" endTime="2016-08-04T09:57:31.0942067+02:00" testType="13cdc9d9-ddb5-4fa4-a97d-d965ccfc6d4b" outcome="Passed" testListId="8c84fa94-04c1-424b-9868-57a2d4851a1d" relativeResultsDirectory="edaf1a10-5968-4481-be7f-5f9b2409e578" />
    <UnitTestResult executionId="ef3a8467-b95a-4bd7-b21e-4905f99e734c" testId="8ae34df3-6643-e362-3022-1ef0bbe5ce9c" testName="ReadRecord_DoReadRecordReturnsNullAndFilterEmptyRecordsIsFalse_ReturnsNull" computerName="ICSWS068" duration="00:00:00.0014905" startTime="2016-08-04T09:57:31.0977087+02:00" endTime="2016-08-04T09:57:31.1007119+02:00" testType="13cdc9d9-ddb5-4fa4-a97d-d965ccfc6d4b" outcome="Passed" testListId="8c84fa94-04c1-424b-9868-57a2d4851a1d" relativeResultsDirectory="ef3a8467-b95a-4bd7-b21e-4905f99e734c" />
    <UnitTestResult executionId="b90fa954-6676-41ed-86d2-baed38f02dda" testId="28d9bb16-6853-0e84-cd3f-4828ab22f246" testName="ReadRecord_DoReadRecordReturnsNullAndFilterEmptyRecordsIsTrue_ReturnsNull" computerName="ICSWS068" duration="00:00:00.0015116" startTime="2016-08-04T09:57:31.1042327+02:00" endTime="2016-08-04T09:57:31.1072358+02:00" testType="13cdc9d9-ddb5-4fa4-a97d-d965ccfc6d4b" outcome="Passed" testListId="8c84fa94-04c1-424b-9868-57a2d4851a1d" relativeResultsDirectory="b90fa954-6676-41ed-86d2-baed38f02dda" />
    <UnitTestResult executionId="fd9b07f6-bae4-4a15-8e90-cb9d9c328134" testId="5a020242-8019-81df-e2e5-bfe3c1e6df00" testName="ReadRecord_DoReadRecordReturnsEmptyStringAtFirstCallAndFilterEmptyRecordsIsTrue_ReturnsExpectedRecord" computerName="ICSWS068" duration="00:00:00.0014424" startTime="2016-08-04T09:57:31.1102370+02:00" endTime="2016-08-04T09:57:31.1127387+02:00" testType="13cdc9d9-ddb5-4fa4-a97d-d965ccfc6d4b" outcome="Passed" testListId="8c84fa94-04c1-424b-9868-57a2d4851a1d" relativeResultsDirectory="fd9b07f6-bae4-4a15-8e90-cb9d9c328134" />
    <UnitTestResult executionId="361e7046-046a-4e0b-84a9-a083058664bc" testId="c9a7a3d2-f8b9-1d91-2c01-87f557892d7b" testName="ReadRecord_DoReadRecordReturnsEmptyStringAtFirstCallNullAtSecondAndFilterEmptyRecordsIsTrue_ReturnsNull" computerName="ICSWS068" duration="00:00:00.0012788" startTime="2016-08-04T09:57:31.1152404+02:00" endTime="2016-08-04T09:57:31.1177424+02:00" testType="13cdc9d9-ddb5-4fa4-a97d-d965ccfc6d4b" outcome="Passed" testListId="8c84fa94-04c1-424b-9868-57a2d4851a1d" relativeResultsDirectory="361e7046-046a-4e0b-84a9-a083058664bc" />
    <UnitTestResult executionId="ebafd079-00d8-494b-8645-4fb0648940b2" testId="90a49eeb-f126-7113-49e0-aa632c039413" testName="ReadRecord_ConsumeReleaseCharactersIsConsumeAll_ExpectedRecordReturned" computerName="ICSWS068" duration="00:00:00.0013770" startTime="2016-08-04T09:57:31.1202597+02:00" endTime="2016-08-04T09:57:31.1227485+02:00" testType="13cdc9d9-ddb5-4fa4-a97d-d965ccfc6d4b" outcome="Passed" testListId="8c84fa94-04c1-424b-9868-57a2d4851a1d" relativeResultsDirectory="ebafd079-00d8-494b-8645-4fb0648940b2" />
    <UnitTestResult executionId="7b8cf1d0-6517-4bfc-9527-bc21e0a65a4f" testId="ce4e9a58-ef1f-1b7e-e609-74af80e4ab71" testName="ReadRecord_ConsumeReleaseCharactersIsConsumeReserved_ExpectedRecordReturned" computerName="ICSWS068" duration="00:00:00.0013724" startTime="2016-08-04T09:57:31.1257528+02:00" endTime="2016-08-04T09:57:31.1282698+02:00" testType="13cdc9d9-ddb5-4fa4-a97d-d965ccfc6d4b" outcome="Passed" testListId="8c84fa94-04c1-424b-9868-57a2d4851a1d" relativeResultsDirectory="7b8cf1d0-6517-4bfc-9527-bc21e0a65a4f" />
    <UnitTestResult executionId="a1bedc48-344f-49f3-8633-a7133f8cb92e" testId="c5b7761b-3953-4283-a468-39e062f7e99d" testName="Position_UsesRecordStreamReader" computerName="ICSWS068" duration="00:00:00.0018489" startTime="2016-08-04T09:57:31.1307827+02:00" endTime="2016-08-04T09:57:31.1337861+02:00" testType="13cdc9d9-ddb5-4fa4-a97d-d965ccfc6d4b" outcome="Passed" testListId="8c84fa94-04c1-424b-9868-57a2d4851a1d" relativeResultsDirectory="a1bedc48-344f-49f3-8633-a7133f8cb92e" />
    <UnitTestResult executionId="d349a8c6-30ca-43f6-afce-80a9cfe5d996" testId="6b606b9e-f455-df15-1811-46f78bc2055c" testName="SetPosition_SetsPositionOnRecordStreamReaderAndUpdatesStartPositionOfLastRecord" computerName="ICSWS068" duration="00:00:00.0022940" startTime="2016-08-04T09:57:31.1362881+02:00" endTime="2016-08-04T09:57:31.1398077+02:00" testType="13cdc9d9-ddb5-4fa4-a97d-d965ccfc6d4b" outcome="Passed" testListId="8c84fa94-04c1-424b-9868-57a2d4851a1d" relativeResultsDirectory="d349a8c6-30ca-43f6-afce-80a9cfe5d996" />
    <UnitTestResult executionId="f98aa2ab-8a89-4ca7-8e58-7fc5d1773f82" testId="277fc6b6-5f58-c113-1d80-305cc3e5fd84" testName="EndOfRecords_DependsOnRecordStreamReader" computerName="ICSWS068" duration="00:00:00.0029128" startTime="2016-08-04T09:57:31.1437942+02:00" endTime="2016-08-04T09:57:31.1477976+02:00" testType="13cdc9d9-ddb5-4fa4-a97d-d965ccfc6d4b" outcome="Passed" testListId="8c84fa94-04c1-424b-9868-57a2d4851a1d" relativeResultsDirectory="f98aa2ab-8a89-4ca7-8e58-7fc5d1773f82" />
    <UnitTestResult executionId="fad59856-d769-4acd-8602-dd4e17a30afd" testId="228de8fd-f6b1-dba2-c494-f08096e8347b" testName="Close_DisposesRecordStreamReader" computerName="ICSWS068" duration="00:00:00.0017284" startTime="2016-08-04T09:57:31.1507996+02:00" endTime="2016-08-04T09:57:31.1538172+02:00" testType="13cdc9d9-ddb5-4fa4-a97d-d965ccfc6d4b" outcome="Passed" testListId="8c84fa94-04c1-424b-9868-57a2d4851a1d" relativeResultsDirectory="fad59856-d769-4acd-8602-dd4e17a30afd" />
    <UnitTestResult executionId="f3ba1621-afae-42cf-85cc-828a2159ab71" testId="9bb8cd49-82fc-ebc8-007f-e3d78d9810ba" testName="Dispose_DisposesRecordStreamReader" computerName="ICSWS068" duration="00:00:00.0015894" startTime="2016-08-04T09:57:31.1563183+02:00" endTime="2016-08-04T09:57:31.1593059+02:00" testType="13cdc9d9-ddb5-4fa4-a97d-d965ccfc6d4b" outcome="Passed" testListId="8c84fa94-04c1-424b-9868-57a2d4851a1d" relativeResultsDirectory="f3ba1621-afae-42cf-85cc-828a2159ab71" />
    <UnitTestResult executionId="e621f958-98cc-44df-9ff1-3f6f1edcc11c" testId="54dd153f-83e2-7365-ae02-eb6e488901f6" testName="ReadLine_EmptyRecordSepIsLF_ReturnsDataWithSeparatorOnly" computerName="ICSWS068" duration="00:00:00.0007753" startTime="2016-08-04T09:57:31.1618065+02:00" endTime="2016-08-04T09:57:31.1643079+02:00" testType="13cdc9d9-ddb5-4fa4-a97d-d965ccfc6d4b" outcome="Passed" testListId="8c84fa94-04c1-424b-9868-57a2d4851a1d" relativeResultsDirectory="e621f958-98cc-44df-9ff1-3f6f1edcc11c" />
    <UnitTestResult executionId="5f7ef3f1-2f7b-43f2-bb4f-a32e8bdc7df0" testId="6fdd9ec5-ab0f-3e91-003d-606375197004" testName="ReadLine_NoDataOnFirstReadFromStream_ReturnsNull" computerName="ICSWS068" duration="00:00:00.0045943" startTime="2016-08-04T09:57:31.1663252+02:00" endTime="2016-08-04T09:57:31.1723136+02:00" testType="13cdc9d9-ddb5-4fa4-a97d-d965ccfc6d4b" outcome="Passed" testListId="8c84fa94-04c1-424b-9868-57a2d4851a1d" relativeResultsDirectory="5f7ef3f1-2f7b-43f2-bb4f-a32e8bdc7df0" />
    <UnitTestResult executionId="031ff77b-b2c4-4cde-8394-7a3cc3653b7c" testId="1c81e1ad-40e6-cba0-c06b-656128934424" testName="ReadLine_NoDataOnSecondReadFromStream_ReturnsDataFromFirstRead" computerName="ICSWS068" duration="00:00:00.0034532" startTime="2016-08-04T09:57:31.1753171+02:00" endTime="2016-08-04T09:57:31.1803202+02:00" testType="13cdc9d9-ddb5-4fa4-a97d-d965ccfc6d4b" outcome="Passed" testListId="8c84fa94-04c1-424b-9868-57a2d4851a1d" relativeResultsDirectory="031ff77b-b2c4-4cde-8394-7a3cc3653b7c" />
    <UnitTestResult executionId="6c816041-9cdf-4330-b457-82ca3174bcaf" testId="fd12b567-7270-f32a-f7fc-ac8806efce38" testName="ReadLine_BEUnicode_ReturnsExpectedRecords" computerName="ICSWS068" duration="00:00:00.0011732" startTime="2016-08-04T09:57:31.1833217+02:00" endTime="2016-08-04T09:57:31.1858248+02:00" testType="13cdc9d9-ddb5-4fa4-a97d-d965ccfc6d4b" outcome="Passed" testListId="8c84fa94-04c1-424b-9868-57a2d4851a1d" relativeResultsDirectory="6c816041-9cdf-4330-b457-82ca3174bcaf" />
    <UnitTestResult executionId="5b53d7be-127b-43bd-b48e-4976c2ee7319" testId="bbfdcd98-4a67-53c4-f63b-80149f0c30e9" testName="ReadLine_BEUTF32_ReturnsExpectedRecords" computerName="ICSWS068" duration="00:00:00.0003859" startTime="2016-08-04T09:57:31.1883251+02:00" endTime="2016-08-04T09:57:31.1898421+02:00" testType="13cdc9d9-ddb5-4fa4-a97d-d965ccfc6d4b" outcome="Passed" testListId="8c84fa94-04c1-424b-9868-57a2d4851a1d" relativeResultsDirectory="5b53d7be-127b-43bd-b48e-4976c2ee7319" />
    <UnitTestResult executionId="055dd858-71ef-402a-abf9-aaf1a9955411" testId="c6fcd48b-ffd4-6bbd-9248-acfcbedde785" testName="IsReleased_EmptyString_ReturnsFalse" computerName="ICSWS068" duration="00:00:00.0001703" startTime="2016-08-04T09:57:31.1918280+02:00" endTime="2016-08-04T09:57:31.1942936+02:00" testType="13cdc9d9-ddb5-4fa4-a97d-d965ccfc6d4b" outcome="Passed" testListId="8c84fa94-04c1-424b-9868-57a2d4851a1d" relativeResultsDirectory="055dd858-71ef-402a-abf9-aaf1a9955411" />
    <UnitTestResult executionId="ae63c6fd-305c-43ad-87f5-c8a9a52ed141" testId="7be1db44-4e67-7a3d-e0eb-083c81e8453f" testName="IsReleased_NullString_ReturnsFalse" computerName="ICSWS068" duration="00:00:00.0001234" startTime="2016-08-04T09:57:31.1967956+02:00" endTime="2016-08-04T09:57:31.1982965+02:00" testType="13cdc9d9-ddb5-4fa4-a97d-d965ccfc6d4b" outcome="Passed" testListId="8c84fa94-04c1-424b-9868-57a2d4851a1d" relativeResultsDirectory="ae63c6fd-305c-43ad-87f5-c8a9a52ed141" />
    <UnitTestResult executionId="c3bd2b25-4f05-427c-b464-2220f50639cb" testId="0bc40597-d98c-c38f-6778-3a5fbf5c3ea4" testName="IsReleased_NegativeIndex_Throws" computerName="ICSWS068" duration="00:00:00.0006753" startTime="2016-08-04T09:57:31.2007985+02:00" endTime="2016-08-04T09:57:31.2027996+02:00" testType="13cdc9d9-ddb5-4fa4-a97d-d965ccfc6d4b" outcome="Passed" testListId="8c84fa94-04c1-424b-9868-57a2d4851a1d" relativeResultsDirectory="c3bd2b25-4f05-427c-b464-2220f50639cb" />
    <UnitTestResult executionId="55056455-3dcc-4de3-940e-941f611150a2" testId="cbf8ecc8-a66e-d32f-69d9-daba915c625d" testName="IsReleased_IndexLargerThanData_Throws" computerName="ICSWS068" duration="00:00:00.0004911" startTime="2016-08-04T09:57:31.2053263+02:00" endTime="2016-08-04T09:57:31.2068031+02:00" testType="13cdc9d9-ddb5-4fa4-a97d-d965ccfc6d4b" outcome="Passed" testListId="8c84fa94-04c1-424b-9868-57a2d4851a1d" relativeResultsDirectory="55056455-3dcc-4de3-940e-941f611150a2" />
    <UnitTestResult executionId="b536f6cf-fd96-4a7a-9faf-687ed7c2fec7" testId="56c2d4c3-d31e-bfd5-0acf-af3d1ca47eec" testName="IsReleased_IndexZero_ReturnsFalse" computerName="ICSWS068" duration="00:00:00.0001480" startTime="2016-08-04T09:57:31.2098060+02:00" endTime="2016-08-04T09:57:31.2108068+02:00" testType="13cdc9d9-ddb5-4fa4-a97d-d965ccfc6d4b" outcome="Passed" testListId="8c84fa94-04c1-424b-9868-57a2d4851a1d" relativeResultsDirectory="b536f6cf-fd96-4a7a-9faf-687ed7c2fec7" />
    <UnitTestResult executionId="a402a3ea-5f15-454e-b649-a7c419116d4d" testId="293550f9-f19a-dbc6-e9fd-7ac59010da22" testName="IsReleased_SpecifiedCharacterNotReleased_ReturnsFalse" computerName="ICSWS068" duration="00:00:00.0001563" startTime="2016-08-04T09:57:31.2143079+02:00" endTime="2016-08-04T09:57:31.2158091+02:00" testType="13cdc9d9-ddb5-4fa4-a97d-d965ccfc6d4b" outcome="Passed" testListId="8c84fa94-04c1-424b-9868-57a2d4851a1d" relativeResultsDirectory="a402a3ea-5f15-454e-b649-a7c419116d4d" />
    <UnitTestResult executionId="b0461d40-cbda-47f0-ba99-cf51782b53a9" testId="b3e7bba7-ca67-32b0-b3b0-ecf1c505f518" testName="IsReleased_SpecifiedCharacterReleased_ReturnsTrue" computerName="ICSWS068" duration="00:00:00.0001501" startTime="2016-08-04T09:57:31.2183126+02:00" endTime="2016-08-04T09:57:31.2198119+02:00" testType="13cdc9d9-ddb5-4fa4-a97d-d965ccfc6d4b" outcome="Passed" testListId="8c84fa94-04c1-424b-9868-57a2d4851a1d" relativeResultsDirectory="b0461d40-cbda-47f0-ba99-cf51782b53a9" />
    <UnitTestResult executionId="df20e630-29df-4fa0-a9d0-464951a93f71" testId="24dc7fee-cb09-a661-783b-128da58745e8" testName="IsReleased_SpecifiedCharacterDoubleReleased_ReturnsFalse" computerName="ICSWS068" duration="00:00:00.0002020" startTime="2016-08-04T09:57:31.2218304+02:00" endTime="2016-08-04T09:57:31.2240758+02:00" testType="13cdc9d9-ddb5-4fa4-a97d-d965ccfc6d4b" outcome="Passed" testListId="8c84fa94-04c1-424b-9868-57a2d4851a1d" relativeResultsDirectory="df20e630-29df-4fa0-a9d0-464951a93f71" />
    <UnitTestResult executionId="0670d4f5-77ab-400e-9065-a825f96e2292" testId="fe6fe29a-db9d-cb84-cfdb-f9d726bdefb8" testName="IsReleased_SpecifiedCharacterTrippleReleased_ReturnsTrue" computerName="ICSWS068" duration="00:00:00.0001524" startTime="2016-08-04T09:57:31.2275787+02:00" endTime="2016-08-04T09:57:31.2295965+02:00" testType="13cdc9d9-ddb5-4fa4-a97d-d965ccfc6d4b" outcome="Passed" testListId="8c84fa94-04c1-424b-9868-57a2d4851a1d" relativeResultsDirectory="0670d4f5-77ab-400e-9065-a825f96e2292" />
    <UnitTestResult executionId="a2b22e96-bc02-4a77-bc70-a916eb68139e" testId="8f3e1572-8992-38cc-ef41-2f1b72e46026" testName="IsReleased_SpecifiedCharacterTrippleReleasedButStopCheckBeforeFirst_ReturnsFalse" computerName="ICSWS068" duration="00:00:00.0001451" startTime="2016-08-04T09:57:31.2320821+02:00" endTime="2016-08-04T09:57:31.2336938+02:00" testType="13cdc9d9-ddb5-4fa4-a97d-d965ccfc6d4b" outcome="Passed" testListId="8c84fa94-04c1-424b-9868-57a2d4851a1d" relativeResultsDirectory="a2b22e96-bc02-4a77-bc70-a916eb68139e" />
    <UnitTestResult executionId="a94980c1-a187-4d4f-9c92-e7ad5e1c5f0b" testId="ac63dbb1-70b4-a8a7-db0d-6ec0adf44a32" testName="IsReleasedSB_EmptyString_ReturnsFalse" computerName="ICSWS068" duration="00:00:00.0002692" startTime="2016-08-04T09:57:31.2361941+02:00" endTime="2016-08-04T09:57:31.2376970+02:00" testType="13cdc9d9-ddb5-4fa4-a97d-d965ccfc6d4b" outcome="Passed" testListId="8c84fa94-04c1-424b-9868-57a2d4851a1d" relativeResultsDirectory="a94980c1-a187-4d4f-9c92-e7ad5e1c5f0b" />
    <UnitTestResult executionId="a946ecff-f5c3-4c97-9ef6-97d7a9920a26" testId="af8a1e01-f034-68f1-f5a8-1ff8fcf459ff" testName="IsReleasedSB_NullString_ReturnsFalse" computerName="ICSWS068" duration="00:00:00.0001340" startTime="2016-08-04T09:57:31.2401978+02:00" endTime="2016-08-04T09:57:31.2416995+02:00" testType="13cdc9d9-ddb5-4fa4-a97d-d965ccfc6d4b" outcome="Passed" testListId="8c84fa94-04c1-424b-9868-57a2d4851a1d" relativeResultsDirectory="a946ecff-f5c3-4c97-9ef6-97d7a9920a26" />
    <UnitTestResult executionId="07d56be1-5b8f-40e2-823b-39e899003a17" testId="b729be7c-9f07-79de-8aba-c386f20e383f" testName="IsReleasedSB_NegativeIndex_Throws" computerName="ICSWS068" duration="00:00:00.0007008" startTime="2016-08-04T09:57:31.2442162+02:00" endTime="2016-08-04T09:57:31.2462015+02:00" testType="13cdc9d9-ddb5-4fa4-a97d-d965ccfc6d4b" outcome="Passed" testListId="8c84fa94-04c1-424b-9868-57a2d4851a1d" relativeResultsDirectory="07d56be1-5b8f-40e2-823b-39e899003a17" />
    <UnitTestResult executionId="fcb6e616-5cda-4771-865f-194b0f12c8f3" testId="9bc0ca85-f551-4fd7-4da4-95bbafe79d0e" testName="IsReleasedSB_IndexLargerThanData_Throws" computerName="ICSWS068" duration="00:00:00.0003800" startTime="2016-08-04T09:57:31.2492047+02:00" endTime="2016-08-04T09:57:31.2507202+02:00" testType="13cdc9d9-ddb5-4fa4-a97d-d965ccfc6d4b" outcome="Passed" testListId="8c84fa94-04c1-424b-9868-57a2d4851a1d" relativeResultsDirectory="fcb6e616-5cda-4771-865f-194b0f12c8f3" />
    <UnitTestResult executionId="5b5c9545-cf02-42aa-a0d5-254dd2622724" testId="654c125e-0150-b681-13c3-3fc37ab6977d" testName="IsReleasedSB_IndexZero_ReturnsFalse" computerName="ICSWS068" duration="00:00:00.0001293" startTime="2016-08-04T09:57:31.2522090+02:00" endTime="2016-08-04T09:57:31.2542307+02:00" testType="13cdc9d9-ddb5-4fa4-a97d-d965ccfc6d4b" outcome="Passed" testListId="8c84fa94-04c1-424b-9868-57a2d4851a1d" relativeResultsDirectory="5b5c9545-cf02-42aa-a0d5-254dd2622724" />
    <UnitTestResult executionId="5a134bf2-97c7-4a22-97d5-a92ca3a5543f" testId="097186ba-6b5c-e24c-eb5c-4fadea31cac6" testName="IsReleasedSB_SpecifiedCharacterNotReleased_ReturnsFalse" computerName="ICSWS068" duration="00:00:00.0001554" startTime="2016-08-04T09:57:31.2562313+02:00" endTime="2016-08-04T09:57:31.2577169+02:00" testType="13cdc9d9-ddb5-4fa4-a97d-d965ccfc6d4b" outcome="Passed" testListId="8c84fa94-04c1-424b-9868-57a2d4851a1d" relativeResultsDirectory="5a134bf2-97c7-4a22-97d5-a92ca3a5543f" />
    <UnitTestResult executionId="49f1bf62-5e01-46f3-a18d-b92c54dbf83f" testId="5bd1fe62-72f9-9f16-7922-7d10de0b5f85" testName="IsReleasedSB_SpecifiedCharacterReleased_ReturnsTrue" computerName="ICSWS068" duration="00:00:00.0001780" startTime="2016-08-04T09:57:31.2607186+02:00" endTime="2016-08-04T09:57:31.2622188+02:00" testType="13cdc9d9-ddb5-4fa4-a97d-d965ccfc6d4b" outcome="Passed" testListId="8c84fa94-04c1-424b-9868-57a2d4851a1d" relativeResultsDirectory="49f1bf62-5e01-46f3-a18d-b92c54dbf83f" />
    <UnitTestResult executionId="dfefe746-19b2-4cea-9b7d-83a8e19a21c9" testId="870a78f5-02a3-2616-4daf-502bdbe47917" testName="IsReleasedSB_SpecifiedCharacterDoubleReleased_ReturnsFalse" computerName="ICSWS068" duration="00:00:00.0001416" startTime="2016-08-04T09:57:31.2652220+02:00" endTime="2016-08-04T09:57:31.2662229+02:00" testType="13cdc9d9-ddb5-4fa4-a97d-d965ccfc6d4b" outcome="Passed" testListId="8c84fa94-04c1-424b-9868-57a2d4851a1d" relativeResultsDirectory="dfefe746-19b2-4cea-9b7d-83a8e19a21c9" />
    <UnitTestResult executionId="a83c363b-3fb2-471d-bc16-8958ca1371e6" testId="51036b0c-ec3f-123f-d932-0b1e1a893e75" testName="IsReleasedSB_SpecifiedCharacterTrippleReleased_ReturnsTrue" computerName="ICSWS068" duration="00:00:00.0001401" startTime="2016-08-04T09:57:31.2687246+02:00" endTime="2016-08-04T09:57:31.2702416+02:00" testType="13cdc9d9-ddb5-4fa4-a97d-d965ccfc6d4b" outcome="Passed" testListId="8c84fa94-04c1-424b-9868-57a2d4851a1d" relativeResultsDirectory="a83c363b-3fb2-471d-bc16-8958ca1371e6" />
    <UnitTestResult executionId="21076e16-8afa-4728-a909-bb0b7772d18a" testId="44b07eb3-bb0e-ea90-1468-fd78f313ba2e" testName="CharacterIsReleased_SpecialCase1_ReturnsFalse" computerName="ICSWS068" duration="00:00:00.0004510" startTime="2016-08-04T09:57:31.2727424+02:00" endTime="2016-08-04T09:57:31.2752286+02:00" testType="13cdc9d9-ddb5-4fa4-a97d-d965ccfc6d4b" outcome="Passed" testListId="8c84fa94-04c1-424b-9868-57a2d4851a1d" relativeResultsDirectory="21076e16-8afa-4728-a909-bb0b7772d18a" />
    <UnitTestResult executionId="5881ae91-84b3-45f6-8738-3e4c0e44651c" testId="359220de-de31-b337-e4ce-bf47a1089a2a" testName="CharacterIsReleased_SpecialCase2_ReturnsFalse" computerName="ICSWS068" duration="00:00:00.0001850" startTime="2016-08-04T09:57:31.2782306+02:00" endTime="2016-08-04T09:57:31.2802320+02:00" testType="13cdc9d9-ddb5-4fa4-a97d-d965ccfc6d4b" outcome="Passed" testListId="8c84fa94-04c1-424b-9868-57a2d4851a1d" relativeResultsDirectory="5881ae91-84b3-45f6-8738-3e4c0e44651c" />
    <UnitTestResult executionId="0487213e-6577-4d9e-894f-cbcc1f9e78e8" testId="f07faaab-258c-a224-9ba9-f7dcb1338411" testName="CharacterIsReleased_SpecialCase3_ReturnsFalse" computerName="ICSWS068" duration="00:00:00.0001750" startTime="2016-08-04T09:57:31.2827346+02:00" endTime="2016-08-04T09:57:31.2837510+02:00" testType="13cdc9d9-ddb5-4fa4-a97d-d965ccfc6d4b" outcome="Passed" testListId="8c84fa94-04c1-424b-9868-57a2d4851a1d" relativeResultsDirectory="0487213e-6577-4d9e-894f-cbcc1f9e78e8" />
    <UnitTestResult executionId="38af19c6-1a8a-4f27-b425-cbf06c4f29e3" testId="d1b8f26e-eed3-39ef-a4a9-7c1ce215beed" testName="CharacterIsReleased_SpecialCase4_ReturnsFalse" computerName="ICSWS068" duration="00:00:00.0001601" startTime="2016-08-04T09:57:31.2862360+02:00" endTime="2016-08-04T09:57:31.2872539+02:00" testType="13cdc9d9-ddb5-4fa4-a97d-d965ccfc6d4b" outcome="Passed" testListId="8c84fa94-04c1-424b-9868-57a2d4851a1d" relativeResultsDirectory="38af19c6-1a8a-4f27-b425-cbf06c4f29e3" />
    <UnitTestResult executionId="7b9af0cf-26bd-42f6-9a9b-10003f4c343f" testId="d9fd3bb7-f763-98d5-19b8-c3236ddd0b76" testName="CharacterIsReleased_SpecialCase5_ReturnsFalse" computerName="ICSWS068" duration="00:00:00.0001762" startTime="2016-08-04T09:57:31.2897547+02:00" endTime="2016-08-04T09:57:31.2912398+02:00" testType="13cdc9d9-ddb5-4fa4-a97d-d965ccfc6d4b" outcome="Passed" testListId="8c84fa94-04c1-424b-9868-57a2d4851a1d" relativeResultsDirectory="7b9af0cf-26bd-42f6-9a9b-10003f4c343f" />
    <UnitTestResult executionId="ff4578ed-40a8-4eaf-b14f-e7c87cd2c1f2" testId="8176559a-9714-d7b5-5f32-2cad44158d0a" testName="CharacterIsReleased_SpecialCase6_ReturnsFalse" computerName="ICSWS068" duration="00:00:00.0001985" startTime="2016-08-04T09:57:31.2942418+02:00" endTime="2016-08-04T09:57:31.2957432+02:00" testType="13cdc9d9-ddb5-4fa4-a97d-d965ccfc6d4b" outcome="Passed" testListId="8c84fa94-04c1-424b-9868-57a2d4851a1d" relativeResultsDirectory="ff4578ed-40a8-4eaf-b14f-e7c87cd2c1f2" />
    <UnitTestResult executionId="e4e7487f-4cf9-4ad8-b574-5faf1ff7f9d2" testId="41b25af7-0e4d-b825-4998-b4f4dc3fc034" testName="CharacterIsReleased_BothBuffersEmpty_ReturnsFalse" computerName="ICSWS068" duration="00:00:00.0001480" startTime="2016-08-04T09:57:31.2982649+02:00" endTime="2016-08-04T09:57:31.2997631+02:00" testType="13cdc9d9-ddb5-4fa4-a97d-d965ccfc6d4b" outcome="Passed" testListId="8c84fa94-04c1-424b-9868-57a2d4851a1d" relativeResultsDirectory="e4e7487f-4cf9-4ad8-b574-5faf1ff7f9d2" />
    <UnitTestResult executionId="37f2a075-e5e0-4f11-bb0d-e38f83e25e77" testId="fdc8054a-9298-f432-baf0-87ecc3051c38" testName="CharacterIsReleased_CharBufferEmpty_ReturnsFalse" computerName="ICSWS068" duration="00:00:00.0001489" startTime="2016-08-04T09:57:31.3017487+02:00" endTime="2016-08-04T09:57:31.3033167+02:00" testType="13cdc9d9-ddb5-4fa4-a97d-d965ccfc6d4b" outcome="Passed" testListId="8c84fa94-04c1-424b-9868-57a2d4851a1d" relativeResultsDirectory="37f2a075-e5e0-4f11-bb0d-e38f83e25e77" />
    <UnitTestResult executionId="eb6a4ca8-0778-4240-be8e-4b69a5b96cb5" testId="d4c7c9d0-514b-8d3c-486d-e47375b6e0b5" testName="CharacterIsReleased_CharBufferEmptyLastInSBIsRelChar_ReturnsFalse" computerName="ICSWS068" duration="00:00:00.0001642" startTime="2016-08-04T09:57:31.3053076+02:00" endTime="2016-08-04T09:57:31.3068075+02:00" testType="13cdc9d9-ddb5-4fa4-a97d-d965ccfc6d4b" outcome="Passed" testListId="8c84fa94-04c1-424b-9868-57a2d4851a1d" relativeResultsDirectory="eb6a4ca8-0778-4240-be8e-4b69a5b96cb5" />
    <UnitTestResult executionId="5e4da52e-ad05-49ec-aae5-a3d4abe859a8" testId="5e8be9ea-9c1e-b9a7-4a4e-902f22717681" testName="CharacterIsReleased_SBEmpty_ReturnsFalse" computerName="ICSWS068" duration="00:00:00.0001885" startTime="2016-08-04T09:57:31.3098095+02:00" endTime="2016-08-04T09:57:31.3113127+02:00" testType="13cdc9d9-ddb5-4fa4-a97d-d965ccfc6d4b" outcome="Passed" testListId="8c84fa94-04c1-424b-9868-57a2d4851a1d" relativeResultsDirectory="5e4da52e-ad05-49ec-aae5-a3d4abe859a8" />
    <UnitTestResult executionId="c835b80a-df3d-4a90-9cd4-d98121f69de6" testId="0c2529dc-0555-fdfa-4449-a2f05006593e" testName="SetPosition_OutOfRange_Throws" computerName="ICSWS068" duration="00:00:00.0006771" startTime="2016-08-04T09:57:31.3138130+02:00" endTime="2016-08-04T09:57:31.3158314+02:00" testType="13cdc9d9-ddb5-4fa4-a97d-d965ccfc6d4b" outcome="Passed" testListId="8c84fa94-04c1-424b-9868-57a2d4851a1d" relativeResultsDirectory="c835b80a-df3d-4a90-9cd4-d98121f69de6" />
    <UnitTestResult executionId="44ea4dd9-3455-4a32-86e3-56efbf96a885" testId="fe44f84d-30aa-2d4d-2b56-13f619f4ab2c" testName="SetPosition_WithinBOM_ThrowsButSetsPosition" computerName="ICSWS068" duration="00:00:00.0006630" startTime="2016-08-04T09:57:31.3183170+02:00" endTime="2016-08-04T09:57:31.3203360+02:00" testType="13cdc9d9-ddb5-4fa4-a97d-d965ccfc6d4b" outcome="Passed" testListId="8c84fa94-04c1-424b-9868-57a2d4851a1d" relativeResultsDirectory="44ea4dd9-3455-4a32-86e3-56efbf96a885" />
    <UnitTestResult executionId="b3a7d44f-e420-49bc-b0a4-9aed10e0f943" testId="578fbd90-f4c3-8de4-d783-ce16ef77078b" testName="SetPosition_EncodingHasBOMAndSetTo0_MovesPastBOM" computerName="ICSWS068" duration="00:00:00.0002715" startTime="2016-08-04T09:57:31.3228231+02:00" endTime="2016-08-04T09:57:31.3243248+02:00" testType="13cdc9d9-ddb5-4fa4-a97d-d965ccfc6d4b" outcome="Passed" testListId="8c84fa94-04c1-424b-9868-57a2d4851a1d" relativeResultsDirectory="b3a7d44f-e420-49bc-b0a4-9aed10e0f943" />
    <UnitTestResult executionId="603926ca-52a2-4d60-ae0c-99acc16e361a" testId="3268d9a5-6188-887b-f99a-7ca45da84d67" testName="SetPosition_EncodingHasBOMAndSetToNot0_ReadsAtCorrectPosition" computerName="ICSWS068" duration="00:00:00.0002662" startTime="2016-08-04T09:57:31.3268421+02:00" endTime="2016-08-04T09:57:31.3283441+02:00" testType="13cdc9d9-ddb5-4fa4-a97d-d965ccfc6d4b" outcome="Passed" testListId="8c84fa94-04c1-424b-9868-57a2d4851a1d" relativeResultsDirectory="603926ca-52a2-4d60-ae0c-99acc16e361a" />
    <UnitTestResult executionId="4b4f295f-0105-4e3a-b898-b872e4120e79" testId="ae403006-4087-a77f-6b0b-96fea214b1e1" testName="EndOfData_MoreToRead_ReturnsFalse" computerName="ICSWS068" duration="00:00:00.0002208" startTime="2016-08-04T09:57:31.3308458+02:00" endTime="2016-08-04T09:57:31.3323487+02:00" testType="13cdc9d9-ddb5-4fa4-a97d-d965ccfc6d4b" outcome="Passed" testListId="8c84fa94-04c1-424b-9868-57a2d4851a1d" relativeResultsDirectory="4b4f295f-0105-4e3a-b898-b872e4120e79" />
    <UnitTestResult executionId="65e031cd-4c89-4ef4-9b79-0df869cc6a2a" testId="3172a508-3b20-8a09-1780-16bb924190d5" testName="EndOfData_NoMoreToRead_ReturnsTrue" computerName="ICSWS068" duration="00:00:00.0002234" startTime="2016-08-04T09:57:31.3343510+02:00" endTime="2016-08-04T09:57:31.3358513+02:00" testType="13cdc9d9-ddb5-4fa4-a97d-d965ccfc6d4b" outcome="Passed" testListId="8c84fa94-04c1-424b-9868-57a2d4851a1d" relativeResultsDirectory="65e031cd-4c89-4ef4-9b79-0df869cc6a2a" />
    <UnitTestResult executionId="ab430fa0-117f-471b-ad55-612548bfeedb" testId="9b9502bb-e564-358f-f170-c2c5168360ad" testName="BufferPosition_MoreToRead_ReturnsFalse" computerName="ICSWS068" duration="00:00:00.0002445" startTime="2016-08-04T09:57:31.3378525+02:00" endTime="2016-08-04T09:57:31.3393386+02:00" testType="13cdc9d9-ddb5-4fa4-a97d-d965ccfc6d4b" outcome="Passed" testListId="8c84fa94-04c1-424b-9868-57a2d4851a1d" relativeResultsDirectory="ab430fa0-117f-471b-ad55-612548bfeedb" />
    <UnitTestResult executionId="e6604f4d-eada-48b6-b5eb-79950b02e302" testId="17e8a224-feaf-8dd3-5c7e-e39903517b50" testName="BufferPosition_NoMoreToRead_ReturnsMinusOne" computerName="ICSWS068" duration="00:00:00.0002645" startTime="2016-08-04T09:57:31.3423404+02:00" endTime="2016-08-04T09:57:31.3438421+02:00" testType="13cdc9d9-ddb5-4fa4-a97d-d965ccfc6d4b" outcome="Passed" testListId="8c84fa94-04c1-424b-9868-57a2d4851a1d" relativeResultsDirectory="e6604f4d-eada-48b6-b5eb-79950b02e302" />
    <UnitTestResult executionId="8bc050be-d34f-416b-99b1-90792188736b" testId="04be2575-e268-472a-1395-bf60c6aa909d" testName="Dispose_ValidArgs_StreamIsNotClosed" computerName="ICSWS068" duration="00:00:00.0007712" startTime="2016-08-04T09:57:31.3468432+02:00" endTime="2016-08-04T09:57:31.3483611+02:00" testType="13cdc9d9-ddb5-4fa4-a97d-d965ccfc6d4b" outcome="Passed" testListId="8c84fa94-04c1-424b-9868-57a2d4851a1d" relativeResultsDirectory="8bc050be-d34f-416b-99b1-90792188736b" />
    <UnitTestResult executionId="895038b8-daf7-473f-9588-5336b2ff42bd" testId="0cfac06d-45ea-6650-24e5-9e00c243cffe" testName="Dispose_RecordsRead_StreamIsSetToPositionOfLastRead" computerName="ICSWS068" duration="00:00:00.0007372" startTime="2016-08-04T09:57:31.3513478+02:00" endTime="2016-08-04T09:57:31.3534460+02:00" testType="13cdc9d9-ddb5-4fa4-a97d-d965ccfc6d4b" outcome="Passed" testListId="8c84fa94-04c1-424b-9868-57a2d4851a1d" relativeResultsDirectory="895038b8-daf7-473f-9588-5336b2ff42bd" />
    <UnitTestResult executionId="23645308-a0bd-4a86-95fd-6def8d4edcfa" testId="4be67756-9f8c-4335-cce3-3736f7c995ce" testName="Constructor_AllArgumentsAreValid_Success" computerName="ICSWS068" duration="00:00:00.0001630" startTime="2016-08-04T09:57:31.3559636+02:00" endTime="2016-08-04T09:57:31.3574489+02:00" testType="13cdc9d9-ddb5-4fa4-a97d-d965ccfc6d4b" outcome="Passed" testListId="8c84fa94-04c1-424b-9868-57a2d4851a1d" relativeResultsDirectory="23645308-a0bd-4a86-95fd-6def8d4edcfa" />
    <UnitTestResult executionId="0b8c6484-526e-4916-98e1-bc41702471d2" testId="0b6cf8aa-8ffa-5e8b-5b41-96fa972b797f" testName="Constructor_DataIsNull_Throws" computerName="ICSWS068" duration="00:00:00.0005762" startTime="2016-08-04T09:57:31.3604670+02:00" endTime="2016-08-04T09:57:31.3614521+02:00" testType="13cdc9d9-ddb5-4fa4-a97d-d965ccfc6d4b" outcome="Passed" testListId="8c84fa94-04c1-424b-9868-57a2d4851a1d" relativeResultsDirectory="0b8c6484-526e-4916-98e1-bc41702471d2" />
    <UnitTestResult executionId="cbbf38d8-6bcf-423a-98e2-4d63ce2800b1" testId="24e3866f-0937-3443-0a09-23a20b954971" testName="Constructor_EcodingIsNull_Throws" computerName="ICSWS068" duration="00:00:00.0004727" startTime="2016-08-04T09:57:31.3648942+02:00" endTime="2016-08-04T09:57:31.3663954+02:00" testType="13cdc9d9-ddb5-4fa4-a97d-d965ccfc6d4b" outcome="Passed" testListId="8c84fa94-04c1-424b-9868-57a2d4851a1d" relativeResultsDirectory="cbbf38d8-6bcf-423a-98e2-4d63ce2800b1" />
    <UnitTestResult executionId="bb6182ad-5826-4bfb-8c6f-9c83df60741c" testId="4498977b-6f5f-b0a1-b810-2f67c0f8d285" testName="Constructor_ReadAheadBufferSizeIsZero_Throws" computerName="ICSWS068" duration="00:00:00.0005161" startTime="2016-08-04T09:57:31.3688859+02:00" endTime="2016-08-04T09:57:31.3708976+02:00" testType="13cdc9d9-ddb5-4fa4-a97d-d965ccfc6d4b" outcome="Passed" testListId="8c84fa94-04c1-424b-9868-57a2d4851a1d" relativeResultsDirectory="bb6182ad-5826-4bfb-8c6f-9c83df60741c" />
    <UnitTestResult executionId="c9675225-a88d-4292-89a9-3002b2b0abb9" testId="25fc2d6b-8a9d-88b5-28bd-5b8b45b10f51" testName="Constructor_ReadAheadBufferSizeIsNegative_Throws" computerName="ICSWS068" duration="00:00:00.0006513" startTime="2016-08-04T09:57:31.3733835+02:00" endTime="2016-08-04T09:57:31.3753852+02:00" testType="13cdc9d9-ddb5-4fa4-a97d-d965ccfc6d4b" outcome="Passed" testListId="8c84fa94-04c1-424b-9868-57a2d4851a1d" relativeResultsDirectory="c9675225-a88d-4292-89a9-3002b2b0abb9" />
    <UnitTestResult executionId="fa52e924-7641-4d60-9d52-c34e43799d85" testId="bdffd39d-8faf-9311-007a-4ff4eb54208c" testName="Constructor__StreamPositionIsNotZero_BufferPositionIsPreserved" computerName="ICSWS068" duration="00:00:00.0002369" startTime="2016-08-04T09:57:31.3778873+02:00" endTime="2016-08-04T09:57:31.3793878+02:00" testType="13cdc9d9-ddb5-4fa4-a97d-d965ccfc6d4b" outcome="Passed" testListId="8c84fa94-04c1-424b-9868-57a2d4851a1d" relativeResultsDirectory="fa52e924-7641-4d60-9d52-c34e43799d85" />
    <UnitTestResult executionId="7a0a315a-c1b6-47c6-967b-0a868b7a1a4c" testId="085c3d7d-6e1c-e793-bf30-c180528abe63" testName="Constructor_DetectEncodingUnicodeWithBOM_ExpectedEncodingDetected" computerName="ICSWS068" duration="00:00:00.0002753" startTime="2016-08-04T09:57:31.3818895+02:00" endTime="2016-08-04T09:57:31.3833921+02:00" testType="13cdc9d9-ddb5-4fa4-a97d-d965ccfc6d4b" outcome="Passed" testListId="8c84fa94-04c1-424b-9868-57a2d4851a1d" relativeResultsDirectory="7a0a315a-c1b6-47c6-967b-0a868b7a1a4c" />
    <UnitTestResult executionId="f5f114fa-e2b2-4f0b-9c51-d4ebfa915645" testId="4fcefa30-ff2f-bc62-b521-4e9446aaa0c4" testName="Constructor_DetectEncodingUnicodeWithoutBOM_ExpectedEncodingDetected" computerName="ICSWS068" duration="00:00:00.0007348" startTime="2016-08-04T09:57:31.3858939+02:00" endTime="2016-08-04T09:57:31.3883947+02:00" testType="13cdc9d9-ddb5-4fa4-a97d-d965ccfc6d4b" outcome="Passed" testListId="8c84fa94-04c1-424b-9868-57a2d4851a1d" relativeResultsDirectory="f5f114fa-e2b2-4f0b-9c51-d4ebfa915645" />
    <UnitTestResult executionId="8bf04c03-0d5d-4444-a3d7-684f8badb0c3" testId="892cf9bf-89fe-87d4-67e2-be504297f336" testName="Constructor_DetectEncodingUTF32WithBOM_ExpectedEncodingDetected" computerName="ICSWS068" duration="00:00:00.0002686" startTime="2016-08-04T09:57:31.3918970+02:00" endTime="2016-08-04T09:57:31.3934154+02:00" testType="13cdc9d9-ddb5-4fa4-a97d-d965ccfc6d4b" outcome="Passed" testListId="8c84fa94-04c1-424b-9868-57a2d4851a1d" relativeResultsDirectory="8bf04c03-0d5d-4444-a3d7-684f8badb0c3" />
    <UnitTestResult executionId="a5116b4a-74e4-4cb7-bf72-e3fd57eb31be" testId="f12ccb5b-8d1e-2103-3975-a81a06514bc1" testName="Constructor_DetectEncodingUTF8WithBOM_ExpectedEncodingDetected" computerName="ICSWS068" duration="00:00:00.0002712" startTime="2016-08-04T09:57:31.3964013+02:00" endTime="2016-08-04T09:57:31.3979180+02:00" testType="13cdc9d9-ddb5-4fa4-a97d-d965ccfc6d4b" outcome="Passed" testListId="8c84fa94-04c1-424b-9868-57a2d4851a1d" relativeResultsDirectory="a5116b4a-74e4-4cb7-bf72-e3fd57eb31be" />
    <UnitTestResult executionId="8ce1dc28-ad84-407c-ac69-6adb7fd2e00c" testId="1878fdc3-88e9-13e8-4994-3895d8df68b1" testName="Constructor_DetectEncodingAscii_ExpectedEncodingDetected" computerName="ICSWS068" duration="00:00:00.0006715" startTime="2016-08-04T09:57:31.4009045+02:00" endTime="2016-08-04T09:57:31.4029109+02:00" testType="13cdc9d9-ddb5-4fa4-a97d-d965ccfc6d4b" outcome="Passed" testListId="8c84fa94-04c1-424b-9868-57a2d4851a1d" relativeResultsDirectory="8ce1dc28-ad84-407c-ac69-6adb7fd2e00c" />
    <UnitTestResult executionId="4ea8dfec-1dc7-4f9a-86e4-0c205d4ad53e" testId="9f715537-c981-69df-7c00-d57fbc784187" testName="Constructor_DetectEncodingUTF7_ExpectedEncodingDetected" computerName="ICSWS068" duration="00:00:00.0002865" startTime="2016-08-04T09:57:31.4064126+02:00" endTime="2016-08-04T09:57:31.4079140+02:00" testType="13cdc9d9-ddb5-4fa4-a97d-d965ccfc6d4b" outcome="Passed" testListId="8c84fa94-04c1-424b-9868-57a2d4851a1d" relativeResultsDirectory="4ea8dfec-1dc7-4f9a-86e4-0c205d4ad53e" />
    <UnitTestResult executionId="be4fb567-9cc3-40b2-9566-718486df1aab" testId="19e72e39-ad5e-4d7a-ab54-4085ade96b89" testName="Constructor_DetectEncodingBEUnicode_ExpectedEncodingDetected" computerName="ICSWS068" duration="00:00:00.0003709" startTime="2016-08-04T09:57:31.4109151+02:00" endTime="2016-08-04T09:57:31.4129180+02:00" testType="13cdc9d9-ddb5-4fa4-a97d-d965ccfc6d4b" outcome="Passed" testListId="8c84fa94-04c1-424b-9868-57a2d4851a1d" relativeResultsDirectory="be4fb567-9cc3-40b2-9566-718486df1aab" />
    <UnitTestResult executionId="e208bbd7-672a-4657-874d-b6bac1e837cf" testId="8c622a3b-1116-4001-2a22-96ebe7130253" testName="Constructor_DetectEncodingBEUTF32_ExpectedEncodingDetected" computerName="ICSWS068" duration="00:00:00.0002580" startTime="2016-08-04T09:57:31.4154195+02:00" endTime="2016-08-04T09:57:31.4174197+02:00" testType="13cdc9d9-ddb5-4fa4-a97d-d965ccfc6d4b" outcome="Passed" testListId="8c84fa94-04c1-424b-9868-57a2d4851a1d" relativeResultsDirectory="e208bbd7-672a-4657-874d-b6bac1e837cf" />
    <UnitTestResult executionId="ebd567d5-7578-444b-b0e0-822e5cf1580e" testId="8eb6df06-849a-a716-93c4-65fa270b6ed4" testName="Constructor_DoNotDetectEncodingEncodingHasBom_MovedPastBOM" computerName="ICSWS068" duration="00:00:00.0002463" startTime="2016-08-04T09:57:31.4199214+02:00" endTime="2016-08-04T09:57:31.4219229+02:00" testType="13cdc9d9-ddb5-4fa4-a97d-d965ccfc6d4b" outcome="Passed" testListId="8c84fa94-04c1-424b-9868-57a2d4851a1d" relativeResultsDirectory="ebd567d5-7578-444b-b0e0-822e5cf1580e" />
    <UnitTestResult executionId="8e60f68a-8011-499a-95f0-af0edcd0af1a" testId="c5afa298-8f0d-9dbe-d316-550a5369aee1" testName="Constructor_DoNotDetectEncodingEncodingExpectedToHaveBOMButNotEnoughData_FillsBuffer" computerName="ICSWS068" duration="00:00:00.0038004" startTime="2016-08-04T09:57:31.4244249+02:00" endTime="2016-08-04T09:57:31.4299286+02:00" testType="13cdc9d9-ddb5-4fa4-a97d-d965ccfc6d4b" outcome="Passed" testListId="8c84fa94-04c1-424b-9868-57a2d4851a1d" relativeResultsDirectory="8e60f68a-8011-499a-95f0-af0edcd0af1a" />
    <UnitTestResult executionId="a48a45ac-c7d7-4ec0-b253-5d8bc70be0e9" testId="7267d14a-905e-ed0b-3f59-357c304b6d03" testName="Constructor_DoNotDetectEncodingEncodingExpectedToHaveBOMButHasNone_DoesNotLooseBytes" computerName="ICSWS068" duration="00:00:00.0030424" startTime="2016-08-04T09:57:31.4329371+02:00" endTime="2016-08-04T09:57:31.4374405+02:00" testType="13cdc9d9-ddb5-4fa4-a97d-d965ccfc6d4b" outcome="Passed" testListId="8c84fa94-04c1-424b-9868-57a2d4851a1d" relativeResultsDirectory="a48a45ac-c7d7-4ec0-b253-5d8bc70be0e9" />
    <UnitTestResult executionId="b5ae8b65-42df-44dd-9c0b-1b6cdc999732" testId="a2d22fb6-b833-1faf-20c3-af750a7bb5ed" testName="RefreshProperties_EncodingChanged_Success" computerName="ICSWS068" duration="00:00:00.0002196" startTime="2016-08-04T09:57:31.4399416+02:00" endTime="2016-08-04T09:57:31.4414419+02:00" testType="13cdc9d9-ddb5-4fa4-a97d-d965ccfc6d4b" outcome="Passed" testListId="8c84fa94-04c1-424b-9868-57a2d4851a1d" relativeResultsDirectory="b5ae8b65-42df-44dd-9c0b-1b6cdc999732" />
    <UnitTestResult executionId="28b7f540-6eba-4a69-ace9-691005d821ac" testId="5c7e8275-277f-e711-c3ff-c39690c06e79" testName="RefreshProperties_ReadAheadBufferSizeChanged_Success" computerName="ICSWS068" duration="00:00:00.0002216" startTime="2016-08-04T09:57:31.4442759+02:00" endTime="2016-08-04T09:57:31.4457758+02:00" testType="13cdc9d9-ddb5-4fa4-a97d-d965ccfc6d4b" outcome="Passed" testListId="8c84fa94-04c1-424b-9868-57a2d4851a1d" relativeResultsDirectory="28b7f540-6eba-4a69-ace9-691005d821ac" />
    <UnitTestResult executionId="f2a86c59-21c7-419c-b557-39698f9e5dd5" testId="f9b48e21-1870-344f-0be9-56ea386d31b7" testName="RefreshProperties_ValidArgs_BufferPositionIsPreserved" computerName="ICSWS068" duration="00:00:00.0002319" startTime="2016-08-04T09:57:31.4477776+02:00" endTime="2016-08-04T09:57:31.4492781+02:00" testType="13cdc9d9-ddb5-4fa4-a97d-d965ccfc6d4b" outcome="Passed" testListId="8c84fa94-04c1-424b-9868-57a2d4851a1d" relativeResultsDirectory="f2a86c59-21c7-419c-b557-39698f9e5dd5" />
    <UnitTestResult executionId="c42c5cd8-4e51-4ac7-9d59-6db623ad7afe" testId="7a0efd68-13b5-bfe6-713a-3928a9a077ef" testName="RefreshProperties_EcodingIsNull_Throws" computerName="ICSWS068" duration="00:00:00.0005642" startTime="2016-08-04T09:57:31.4517966+02:00" endTime="2016-08-04T09:57:31.4538097+02:00" testType="13cdc9d9-ddb5-4fa4-a97d-d965ccfc6d4b" outcome="Passed" testListId="8c84fa94-04c1-424b-9868-57a2d4851a1d" relativeResultsDirectory="c42c5cd8-4e51-4ac7-9d59-6db623ad7afe" />
    <UnitTestResult executionId="0516efd4-09e8-4eb6-b70a-47ab338dda10" testId="59e81b3b-d639-f14a-a05b-61ecda44bb4d" testName="RefreshProperties_FastForwardEnabled_Throws" computerName="ICSWS068" duration="00:00:00.0005911" startTime="2016-08-04T09:57:31.4562962+02:00" endTime="2016-08-04T09:57:31.4577973+02:00" testType="13cdc9d9-ddb5-4fa4-a97d-d965ccfc6d4b" outcome="Passed" testListId="8c84fa94-04c1-424b-9868-57a2d4851a1d" relativeResultsDirectory="0516efd4-09e8-4eb6-b70a-47ab338dda10" />
    <UnitTestResult executionId="e936321d-4428-4efd-bd97-a2288bf3ecc0" testId="bf83d4f0-8412-4bb4-a6fe-ae3c55442c13" testName="RefreshProperties_ReadAheadBufferSizeIsZero_Throws" computerName="ICSWS068" duration="00:00:00.0005762" startTime="2016-08-04T09:57:31.4608002+02:00" endTime="2016-08-04T09:57:31.4627999+02:00" testType="13cdc9d9-ddb5-4fa4-a97d-d965ccfc6d4b" outcome="Passed" testListId="8c84fa94-04c1-424b-9868-57a2d4851a1d" relativeResultsDirectory="e936321d-4428-4efd-bd97-a2288bf3ecc0" />
    <UnitTestResult executionId="b260a590-4f4e-492b-8b98-4e7e96d002cc" testId="9d029d60-e59b-5aa4-40ac-cf1b39f2dbb4" testName="RefreshProperties_ReadAheadBufferSizeIsNegative_Throws" computerName="ICSWS068" duration="00:00:00.0005735" startTime="2016-08-04T09:57:31.4653195+02:00" endTime="2016-08-04T09:57:31.4673192+02:00" testType="13cdc9d9-ddb5-4fa4-a97d-d965ccfc6d4b" outcome="Passed" testListId="8c84fa94-04c1-424b-9868-57a2d4851a1d" relativeResultsDirectory="b260a590-4f4e-492b-8b98-4e7e96d002cc" />
    <UnitTestResult executionId="d53f5f75-44d2-4f5c-9cf1-f8f376789e32" testId="6bd84278-5994-ed00-bd1b-862958dffbeb" testName="RefreshProperties_ChangeCodepage_ReturnsExpectedRecords" computerName="ICSWS068" duration="00:00:00.0004460" startTime="2016-08-04T09:57:31.4698053+02:00" endTime="2016-08-04T09:57:31.4713238+02:00" testType="13cdc9d9-ddb5-4fa4-a97d-d965ccfc6d4b" outcome="Passed" testListId="8c84fa94-04c1-424b-9868-57a2d4851a1d" relativeResultsDirectory="d53f5f75-44d2-4f5c-9cf1-f8f376789e32" />
    <UnitTestResult executionId="a2d833c3-b0f7-4677-bbc3-6ba21ca5c369" testId="5172a60d-0f2d-a81d-73cd-e89023aa0792" testName="ReadMaxCharacters_StreamPositionIsZero_CorrectDataReturned" computerName="ICSWS068" duration="00:00:00.0002304" startTime="2016-08-04T09:57:31.4738079+02:00" endTime="2016-08-04T09:57:31.4753091+02:00" testType="13cdc9d9-ddb5-4fa4-a97d-d965ccfc6d4b" outcome="Passed" testListId="8c84fa94-04c1-424b-9868-57a2d4851a1d" relativeResultsDirectory="a2d833c3-b0f7-4677-bbc3-6ba21ca5c369" />
    <UnitTestResult executionId="103c6439-f529-4fdf-beab-2012de38e9c8" testId="392465ce-e362-d70e-57c8-0dd695141541" testName="ReadMaxCharacters_MoreCharactersRequestedThanAvailable_CorrectDataReturned" computerName="ICSWS068" duration="00:00:00.0002225" startTime="2016-08-04T09:57:31.4783119+02:00" endTime="2016-08-04T09:57:31.4803143+02:00" testType="13cdc9d9-ddb5-4fa4-a97d-d965ccfc6d4b" outcome="Passed" testListId="8c84fa94-04c1-424b-9868-57a2d4851a1d" relativeResultsDirectory="103c6439-f529-4fdf-beab-2012de38e9c8" />
    <UnitTestResult executionId="70d1d469-593d-47af-ad66-1f8947c33536" testId="f7aaa866-7cdf-0a01-f929-b7c561999fce" testName="ReadMaxCharacters_StreamIsEmpty_ReturnsNull" computerName="ICSWS068" duration="00:00:00.0001524" startTime="2016-08-04T09:57:31.4828154+02:00" endTime="2016-08-04T09:57:31.4843312+02:00" testType="13cdc9d9-ddb5-4fa4-a97d-d965ccfc6d4b" outcome="Passed" testListId="8c84fa94-04c1-424b-9868-57a2d4851a1d" relativeResultsDirectory="70d1d469-593d-47af-ad66-1f8947c33536" />
    <UnitTestResult executionId="f3b21e6d-a218-4266-9ed6-33f3b450bc8c" testId="256c58d4-b7c8-9c73-fcf4-eae9d6ac058c" testName="ReadMaxCharacters_EndOfDataReached_ReturnsNull" computerName="ICSWS068" duration="00:00:00.0002961" startTime="2016-08-04T09:57:31.4868171+02:00" endTime="2016-08-04T09:57:31.4878349+02:00" testType="13cdc9d9-ddb5-4fa4-a97d-d965ccfc6d4b" outcome="Passed" testListId="8c84fa94-04c1-424b-9868-57a2d4851a1d" relativeResultsDirectory="f3b21e6d-a218-4266-9ed6-33f3b450bc8c" />
    <UnitTestResult executionId="edb61631-51f6-4c51-8f04-c99a03d20771" testId="3ed6fd7a-0a23-df9c-ce68-23c26c0bc58d" testName="ReadMaxCharacters_ReadAllCharacters_CharactersInBufferIsZero" computerName="ICSWS068" duration="00:00:00.0003436" startTime="2016-08-04T09:57:31.4903197+02:00" endTime="2016-08-04T09:57:31.4918234+02:00" testType="13cdc9d9-ddb5-4fa4-a97d-d965ccfc6d4b" outcome="Passed" testListId="8c84fa94-04c1-424b-9868-57a2d4851a1d" relativeResultsDirectory="edb61631-51f6-4c51-8f04-c99a03d20771" />
    <UnitTestResult executionId="07266bb5-4b77-478e-b0d0-0221c682989f" testId="ca2f58d8-7d44-ccd3-1bbc-c71f67b4efe5" testName="ReadMaxCharacters_ReadAllButLastByte_CharactersInBufferIsOne" computerName="ICSWS068" duration="00:00:00.0002014" startTime="2016-08-04T09:57:31.4948272+02:00" endTime="2016-08-04T09:57:31.4963301+02:00" testType="13cdc9d9-ddb5-4fa4-a97d-d965ccfc6d4b" outcome="Passed" testListId="8c84fa94-04c1-424b-9868-57a2d4851a1d" relativeResultsDirectory="07266bb5-4b77-478e-b0d0-0221c682989f" />
    <UnitTestResult executionId="2125fe71-0826-42ae-a6f1-0da68008f9e5" testId="922199a4-abb7-6612-d305-65be30b6a84b" testName="ReadMaxCharacters_MaxIsZero_Throws" computerName="ICSWS068" duration="00:00:00.0006322" startTime="2016-08-04T09:57:31.4988307+02:00" endTime="2016-08-04T09:57:31.5003494+02:00" testType="13cdc9d9-ddb5-4fa4-a97d-d965ccfc6d4b" outcome="Passed" testListId="8c84fa94-04c1-424b-9868-57a2d4851a1d" relativeResultsDirectory="2125fe71-0826-42ae-a6f1-0da68008f9e5" />
    <UnitTestResult executionId="92fb7644-a313-4106-b3dc-a168ea45c84a" testId="439735fe-3cea-0d38-7a98-1845127a96dd" testName="ReadMaxCharacters_ReadExactlyAllCharacters_IsEmptyReturnsTrue" computerName="ICSWS068" duration="00:00:00.0003076" startTime="2016-08-04T09:57:31.5031423+02:00" endTime="2016-08-04T09:57:31.5046605+02:00" testType="13cdc9d9-ddb5-4fa4-a97d-d965ccfc6d4b" outcome="Passed" testListId="8c84fa94-04c1-424b-9868-57a2d4851a1d" relativeResultsDirectory="92fb7644-a313-4106-b3dc-a168ea45c84a" />
    <UnitTestResult executionId="be1acfc8-1565-458a-bec0-296aa3d8c044" testId="e801d28a-4b0f-14f9-07e3-71d81f556d62" testName="ReadMaxCharacters_ReadAllButLastByte_IsEmptyReturnsFalse" computerName="ICSWS068" duration="00:00:00.0001785" startTime="2016-08-04T09:57:31.5066449+02:00" endTime="2016-08-04T09:57:31.5081460+02:00" testType="13cdc9d9-ddb5-4fa4-a97d-d965ccfc6d4b" outcome="Passed" testListId="8c84fa94-04c1-424b-9868-57a2d4851a1d" relativeResultsDirectory="be1acfc8-1565-458a-bec0-296aa3d8c044" />
    <UnitTestResult executionId="88cc57a3-8c10-4bff-abc9-f8fbd685a9f2" testId="9e469ce6-4255-8831-f854-13619cd46ed0" testName="ReadMaxCharacters_MaxCharactersAreNegative_Throws" computerName="ICSWS068" duration="00:00:00.0008724" startTime="2016-08-04T09:57:31.5106489+02:00" endTime="2016-08-04T09:57:31.5135184+02:00" testType="13cdc9d9-ddb5-4fa4-a97d-d965ccfc6d4b" outcome="Passed" testListId="8c84fa94-04c1-424b-9868-57a2d4851a1d" relativeResultsDirectory="88cc57a3-8c10-4bff-abc9-f8fbd685a9f2" />
    <UnitTestResult executionId="66aa5d33-73f7-4db0-bb05-4071354f1755" testId="3b28b394-aa59-dfba-53b0-b91ec7b9ebe7" testName="ReadMaxCharacters_ReadUntilEmpty_ReturnsCorrectData" computerName="ICSWS068" duration="00:00:00.0002442" startTime="2016-08-04T09:57:31.5160198+02:00" endTime="2016-08-04T09:57:31.5175383+02:00" testType="13cdc9d9-ddb5-4fa4-a97d-d965ccfc6d4b" outcome="Passed" testListId="8c84fa94-04c1-424b-9868-57a2d4851a1d" relativeResultsDirectory="66aa5d33-73f7-4db0-bb05-4071354f1755" />
    <UnitTestResult executionId="d46241cf-a34c-4c22-9248-0cea0b62b17a" testId="8dc5891b-b1f0-a826-9e05-c035288bd8f4" testName="ReadMaxCharacters_NoDataOnFirstReadFromStream_ReturnsNull" computerName="ICSWS068" duration="00:00:00.0015122" startTime="2016-08-04T09:57:31.5195388+02:00" endTime="2016-08-04T09:57:31.5220423+02:00" testType="13cdc9d9-ddb5-4fa4-a97d-d965ccfc6d4b" outcome="Passed" testListId="8c84fa94-04c1-424b-9868-57a2d4851a1d" relativeResultsDirectory="d46241cf-a34c-4c22-9248-0cea0b62b17a" />
    <UnitTestResult executionId="424b288b-48f6-436f-b381-8c0390e532c8" testId="6dcdd3b4-2124-6fd5-692f-4e5176cac37f" testName="ReadMaxCharacters_NoDataOnSecondReadFromStream_ReturnsDataFromFirstRead" computerName="ICSWS068" duration="00:00:00.0028697" startTime="2016-08-04T09:57:31.5250466+02:00" endTime="2016-08-04T09:57:31.5290504+02:00" testType="13cdc9d9-ddb5-4fa4-a97d-d965ccfc6d4b" outcome="Passed" testListId="8c84fa94-04c1-424b-9868-57a2d4851a1d" relativeResultsDirectory="424b288b-48f6-436f-b381-8c0390e532c8" />
    <UnitTestResult executionId="275de1e1-ef19-43bc-92af-3b9afe1768ca" testId="0179185d-0e76-2ac6-8ccd-26b2aa52be01" testName="ReadMaxCharactersAppend_CharactersToReadIsZero_Throws" computerName="ICSWS068" duration="00:00:00.0008005" startTime="2016-08-04T09:57:31.5315670+02:00" endTime="2016-08-04T09:57:31.5337523+02:00" testType="13cdc9d9-ddb5-4fa4-a97d-d965ccfc6d4b" outcome="Passed" testListId="8c84fa94-04c1-424b-9868-57a2d4851a1d" relativeResultsDirectory="275de1e1-ef19-43bc-92af-3b9afe1768ca" />
    <UnitTestResult executionId="43196790-535e-42d3-9a85-4bfe60785977" testId="fe78a509-dc5c-69c5-d0e7-30132015bdf6" testName="ReadMaxCharactersAppend_DataIsNull_Throws" computerName="ICSWS068" duration="00:00:00.0005029" startTime="2016-08-04T09:57:31.5362549+02:00" endTime="2016-08-04T09:57:31.5377546+02:00" testType="13cdc9d9-ddb5-4fa4-a97d-d965ccfc6d4b" outcome="Passed" testListId="8c84fa94-04c1-424b-9868-57a2d4851a1d" relativeResultsDirectory="43196790-535e-42d3-9a85-4bfe60785977" />
    <UnitTestResult executionId="146f0fc3-2e8d-428a-be69-391401a35d8a" testId="46285c06-5d8a-b9e7-804d-1b2399c46174" testName="ReadMaxCharactersAppend_ValidArgs_DataIsCorrect" computerName="ICSWS068" duration="00:00:00.0003102" startTime="2016-08-04T09:57:31.5397734+02:00" endTime="2016-08-04T09:57:31.5417578+02:00" testType="13cdc9d9-ddb5-4fa4-a97d-d965ccfc6d4b" outcome="Passed" testListId="8c84fa94-04c1-424b-9868-57a2d4851a1d" relativeResultsDirectory="146f0fc3-2e8d-428a-be69-391401a35d8a" />
    <UnitTestResult executionId="ca523ea3-293c-4ee0-bad2-6616e1575643" testId="beddb458-e2be-33a8-928b-5dce4b3ccb9b" testName="ReadMaxCharactersAppend_ValidArgs_DataIsAppended" computerName="ICSWS068" duration="00:00:00.0003554" startTime="2016-08-04T09:57:31.5447756+02:00" endTime="2016-08-04T09:57:31.5467773+02:00" testType="13cdc9d9-ddb5-4fa4-a97d-d965ccfc6d4b" outcome="Passed" testListId="8c84fa94-04c1-424b-9868-57a2d4851a1d" relativeResultsDirectory="ca523ea3-293c-4ee0-bad2-6616e1575643" />
    <UnitTestResult executionId="1d0513f7-acf4-444f-96ab-c91b5c752fe2" testId="71fcb95f-92fa-e4da-9a1e-2b133b5f0771" testName="ReadMaxCharactersAppend_ValidArgsNoMoreData_ReturnsZero" computerName="ICSWS068" duration="00:00:00.0001914" startTime="2016-08-04T09:57:31.5492629+02:00" endTime="2016-08-04T09:57:31.5507653+02:00" testType="13cdc9d9-ddb5-4fa4-a97d-d965ccfc6d4b" outcome="Passed" testListId="8c84fa94-04c1-424b-9868-57a2d4851a1d" relativeResultsDirectory="1d0513f7-acf4-444f-96ab-c91b5c752fe2" />
    <UnitTestResult executionId="ff24b700-e225-47a8-942b-7737c3e8d54f" testId="5a7d8e2f-4b41-6c44-3c53-3d5ca38a40ad" testName="ReadMaxCharactersAppend_ValidArgs_ReturnsCorrectCharsRead" computerName="ICSWS068" duration="00:00:00.0002175" startTime="2016-08-04T09:57:31.5532684+02:00" endTime="2016-08-04T09:57:31.5547702+02:00" testType="13cdc9d9-ddb5-4fa4-a97d-d965ccfc6d4b" outcome="Passed" testListId="8c84fa94-04c1-424b-9868-57a2d4851a1d" relativeResultsDirectory="ff24b700-e225-47a8-942b-7737c3e8d54f" />
    <UnitTestResult executionId="e9afa8a6-5d67-4652-b640-4e41a713835c" testId="caef139d-d0c0-c47a-22e0-3cedb93737c4" testName="ReadMaxCharactersAppend_NoDataOnFirstReadFromStream_ReturnsZeroAndDoesAlterArgument" computerName="ICSWS068" duration="00:00:00.0015855" startTime="2016-08-04T09:57:31.5572722+02:00" endTime="2016-08-04T09:57:31.5607753+02:00" testType="13cdc9d9-ddb5-4fa4-a97d-d965ccfc6d4b" outcome="Passed" testListId="8c84fa94-04c1-424b-9868-57a2d4851a1d" relativeResultsDirectory="e9afa8a6-5d67-4652-b640-4e41a713835c" />
    <UnitTestResult executionId="3ac15db3-5ab3-4d47-8af3-76188a23cf5b" testId="c1d9b767-7dbc-9a0f-c807-78cc5f3e221d" testName="ReadUntil_StreamPositionIsZero_CorrectDataReturned" computerName="ICSWS068" duration="00:00:00.0001967" startTime="2016-08-04T09:57:31.5632815+02:00" endTime="2016-08-04T09:57:31.5647823+02:00" testType="13cdc9d9-ddb5-4fa4-a97d-d965ccfc6d4b" outcome="Passed" testListId="8c84fa94-04c1-424b-9868-57a2d4851a1d" relativeResultsDirectory="3ac15db3-5ab3-4d47-8af3-76188a23cf5b" />
    <UnitTestResult executionId="4be36504-e559-46e1-a0f5-b1f0618fe4f0" testId="815f0809-a1e1-52dd-ff35-a6d8893f236d" testName="ReadUntil_CharacterIsInLastPosition_CorrectDataReturned" computerName="ICSWS068" duration="00:00:00.0001847" startTime="2016-08-04T09:57:31.5672832+02:00" endTime="2016-08-04T09:57:31.5683007+02:00" testType="13cdc9d9-ddb5-4fa4-a97d-d965ccfc6d4b" outcome="Passed" testListId="8c84fa94-04c1-424b-9868-57a2d4851a1d" relativeResultsDirectory="4be36504-e559-46e1-a0f5-b1f0618fe4f0" />
    <UnitTestResult executionId="5e50a334-e714-44a1-89b9-06ba64f3460b" testId="a6f74019-616e-de33-c90f-95c6c2b5a9ec" testName="ReadUntil_CharacterNotInData_CorrectDataReturned" computerName="ICSWS068" duration="00:00:00.0001862" startTime="2016-08-04T09:57:31.5707878+02:00" endTime="2016-08-04T09:57:31.5722878+02:00" testType="13cdc9d9-ddb5-4fa4-a97d-d965ccfc6d4b" outcome="Passed" testListId="8c84fa94-04c1-424b-9868-57a2d4851a1d" relativeResultsDirectory="5e50a334-e714-44a1-89b9-06ba64f3460b" />
    <UnitTestResult executionId="28cfea40-2b30-4dd4-8440-f4873c9c7750" testId="a11f9426-6cd6-7a74-7db6-4a20787aa55f" testName="ReadUntil_StreamIsEmpty_ReturnsNull" computerName="ICSWS068" duration="00:00:00.0001765" startTime="2016-08-04T09:57:31.5747889+02:00" endTime="2016-08-04T09:57:31.5762900+02:00" testType="13cdc9d9-ddb5-4fa4-a97d-d965ccfc6d4b" outcome="Passed" testListId="8c84fa94-04c1-424b-9868-57a2d4851a1d" relativeResultsDirectory="28cfea40-2b30-4dd4-8440-f4873c9c7750" />
    <UnitTestResult executionId="3e110cdd-457e-43fe-b600-12f45c14bd5d" testId="434f1ed4-57be-ed2a-9937-c161bb7d6b39" testName="ReadUntil_EndOfDataReached_ReturnsNull" computerName="ICSWS068" duration="00:00:00.0002873" startTime="2016-08-04T09:57:31.5792917+02:00" endTime="2016-08-04T09:57:31.5807935+02:00" testType="13cdc9d9-ddb5-4fa4-a97d-d965ccfc6d4b" outcome="Passed" testListId="8c84fa94-04c1-424b-9868-57a2d4851a1d" relativeResultsDirectory="3e110cdd-457e-43fe-b600-12f45c14bd5d" />
    <UnitTestResult executionId="82acf687-1fb3-46f7-bba2-7d083f6ed5dc" testId="ee697482-e58d-4fd5-921e-69fc2cf9eabc" testName="ReadUntil_ReadAllCharacters_CharactersInBufferIsZero" computerName="ICSWS068" duration="00:00:00.0001985" startTime="2016-08-04T09:57:31.5832946+02:00" endTime="2016-08-04T09:57:31.5848128+02:00" testType="13cdc9d9-ddb5-4fa4-a97d-d965ccfc6d4b" outcome="Passed" testListId="8c84fa94-04c1-424b-9868-57a2d4851a1d" relativeResultsDirectory="82acf687-1fb3-46f7-bba2-7d083f6ed5dc" />
    <UnitTestResult executionId="3436603e-0952-4e07-9a52-0a554775357f" testId="00b670ac-948f-9d5b-cf20-783fa01fc718" testName="ReadUntil_ReadAllButLastByte_CharactersInBufferIsOne" computerName="ICSWS068" duration="00:00:00.0001979" startTime="2016-08-04T09:57:31.5872975+02:00" endTime="2016-08-04T09:57:31.5888142+02:00" testType="13cdc9d9-ddb5-4fa4-a97d-d965ccfc6d4b" outcome="Passed" testListId="8c84fa94-04c1-424b-9868-57a2d4851a1d" relativeResultsDirectory="3436603e-0952-4e07-9a52-0a554775357f" />
    <UnitTestResult executionId="375992f6-a919-440b-a9bc-6719dd8ec6c3" testId="c5d5cf5a-0d3a-2158-0a5c-fad67acf5529" testName="ReadUntil_ReadAllCharacters_IsEmptyReturnsTrue" computerName="ICSWS068" duration="00:00:00.0002076" startTime="2016-08-04T09:57:31.5913015+02:00" endTime="2016-08-04T09:57:31.5923012+02:00" testType="13cdc9d9-ddb5-4fa4-a97d-d965ccfc6d4b" outcome="Passed" testListId="8c84fa94-04c1-424b-9868-57a2d4851a1d" relativeResultsDirectory="375992f6-a919-440b-a9bc-6719dd8ec6c3" />
    <UnitTestResult executionId="d89095f5-fc10-4100-87e0-390779f75908" testId="05d9a61b-d2c4-77e9-83cf-f10ade674148" testName="ReadUntil_ReadExactlyAllCharacters_IsEmptyReturnsTrue" computerName="ICSWS068" duration="00:00:00.0001950" startTime="2016-08-04T09:57:31.5961061+02:00" endTime="2016-08-04T09:57:31.5976087+02:00" testType="13cdc9d9-ddb5-4fa4-a97d-d965ccfc6d4b" outcome="Passed" testListId="8c84fa94-04c1-424b-9868-57a2d4851a1d" relativeResultsDirectory="d89095f5-fc10-4100-87e0-390779f75908" />
    <UnitTestResult executionId="4a6bd4ec-43da-4acb-867b-f8e3decde628" testId="af503b51-4c91-8b12-8f56-8dc16b707020" testName="ReadUntil_ReadAllButLastByte_IsEmptyReturnsFalse" computerName="ICSWS068" duration="00:00:00.0001800" startTime="2016-08-04T09:57:31.6001105+02:00" endTime="2016-08-04T09:57:31.6011099+02:00" testType="13cdc9d9-ddb5-4fa4-a97d-d965ccfc6d4b" outcome="Passed" testListId="8c84fa94-04c1-424b-9868-57a2d4851a1d" relativeResultsDirectory="4a6bd4ec-43da-4acb-867b-f8e3decde628" />
    <UnitTestResult executionId="83ec45ed-6f2f-4ebf-8f45-768288844e01" testId="d25dad95-b693-9332-fd8b-7c3131ed30fe" testName="ReadUntil_CharacterIsNullCharacter_ResturnsNull" computerName="ICSWS068" duration="00:00:00.0002055" startTime="2016-08-04T09:57:31.6044101+02:00" endTime="2016-08-04T09:57:31.6059282+02:00" testType="13cdc9d9-ddb5-4fa4-a97d-d965ccfc6d4b" outcome="Passed" testListId="8c84fa94-04c1-424b-9868-57a2d4851a1d" relativeResultsDirectory="83ec45ed-6f2f-4ebf-8f45-768288844e01" />
    <UnitTestResult executionId="736799e4-6d0f-4050-b1bc-84f70a737bcb" testId="6234419f-a061-d5c2-83e5-b10d0983e12c" testName="ReadUntil_SepIsPrefixedWithDoubleRelCharOneInPreviousBuffer_ReturnsCorrectData" computerName="ICSWS068" duration="00:00:00.0002196" startTime="2016-08-04T09:57:31.6084132+02:00" endTime="2016-08-04T09:57:31.6099299+02:00" testType="13cdc9d9-ddb5-4fa4-a97d-d965ccfc6d4b" outcome="Passed" testListId="8c84fa94-04c1-424b-9868-57a2d4851a1d" relativeResultsDirectory="736799e4-6d0f-4050-b1bc-84f70a737bcb" />
    <UnitTestResult executionId="06639264-5a89-4f71-86c8-f1b777050ecb" testId="5b86b05a-bb84-34bb-722e-930e753cfe1b" testName="ReadUntil_SepIsPrefixedWithDoubleRelCharBothInPreviousBuffer_ReturnsCorrectData" computerName="ICSWS068" duration="00:00:00.0002252" startTime="2016-08-04T09:57:31.6129176+02:00" endTime="2016-08-04T09:57:31.6184216+02:00" testType="13cdc9d9-ddb5-4fa4-a97d-d965ccfc6d4b" outcome="Passed" testListId="8c84fa94-04c1-424b-9868-57a2d4851a1d" relativeResultsDirectory="06639264-5a89-4f71-86c8-f1b777050ecb" />
    <UnitTestResult executionId="843e297c-5cbf-4271-ba16-feb5c6e6a6fa" testId="5f8c0bd3-e38d-c17b-4e92-5233e5581156" testName="ReadUntil_SepIsPrefixedWithTripleRelCharTwoInPreviousBuffer_ReturnsCorrectData" computerName="ICSWS068" duration="00:00:00.0002967" startTime="2016-08-04T09:57:31.6214233+02:00" endTime="2016-08-04T09:57:31.6239241+02:00" testType="13cdc9d9-ddb5-4fa4-a97d-d965ccfc6d4b" outcome="Passed" testListId="8c84fa94-04c1-424b-9868-57a2d4851a1d" relativeResultsDirectory="843e297c-5cbf-4271-ba16-feb5c6e6a6fa" />
    <UnitTestResult executionId="3a3e2701-5826-48cf-b7a9-9d3a5cb28d6d" testId="167930d6-310f-3ba1-8895-869583ad7869" testName="ReadUntil_ReadUntilEmpty_ReturnsCorrectData" computerName="ICSWS068" duration="00:00:00.0002560" startTime="2016-08-04T09:57:31.6274276+02:00" endTime="2016-08-04T09:57:31.6289279+02:00" testType="13cdc9d9-ddb5-4fa4-a97d-d965ccfc6d4b" outcome="Passed" testListId="8c84fa94-04c1-424b-9868-57a2d4851a1d" relativeResultsDirectory="3a3e2701-5826-48cf-b7a9-9d3a5cb28d6d" />
    <UnitTestResult executionId="1de03200-a9f3-4b38-bd8d-53c2b0922527" testId="282a0ed0-dc8b-b2b0-b06b-2d62645a57cb" testName="ReadUntil_LastRead_ReturnsLastRecordInData" computerName="ICSWS068" duration="00:00:00.0002246" startTime="2016-08-04T09:57:31.6314307+02:00" endTime="2016-08-04T09:57:31.6324304+02:00" testType="13cdc9d9-ddb5-4fa4-a97d-d965ccfc6d4b" outcome="Passed" testListId="8c84fa94-04c1-424b-9868-57a2d4851a1d" relativeResultsDirectory="1de03200-a9f3-4b38-bd8d-53c2b0922527" />
    <UnitTestResult executionId="02ae5cd8-468d-42ea-b8e7-8cb4564ba3f2" testId="110e53b6-9491-2024-789c-b060e11fb64d" testName="ReadUntil_RemoveSeparator_RetursDataWithoutSeparator" computerName="ICSWS068" duration="00:00:00.0002340" startTime="2016-08-04T09:57:31.6354333+02:00" endTime="2016-08-04T09:57:31.6369342+02:00" testType="13cdc9d9-ddb5-4fa4-a97d-d965ccfc6d4b" outcome="Passed" testListId="8c84fa94-04c1-424b-9868-57a2d4851a1d" relativeResultsDirectory="02ae5cd8-468d-42ea-b8e7-8cb4564ba3f2" />
    <UnitTestResult executionId="20ec9379-a4cc-4074-903d-9c9d5034540d" testId="88130576-72a8-5526-9119-49bfb3199c00" testName="ReadUntil_EmptyRecordRemoveSeparator_ReturnsEmptyString" computerName="ICSWS068" duration="00:00:00.0002521" startTime="2016-08-04T09:57:31.6394353+02:00" endTime="2016-08-04T09:57:31.6409362+02:00" testType="13cdc9d9-ddb5-4fa4-a97d-d965ccfc6d4b" outcome="Passed" testListId="8c84fa94-04c1-424b-9868-57a2d4851a1d" relativeResultsDirectory="20ec9379-a4cc-4074-903d-9c9d5034540d" />
    <UnitTestResult executionId="348ec0ff-26c3-4562-8c31-311152788441" testId="36c5d6f1-e7a7-671b-e056-9c070a40b2f3" testName="ReadUntil_EmptyRecordKeepSeparator_ReturnsDataWithSeparatorOnly" computerName="ICSWS068" duration="00:00:00.0002384" startTime="2016-08-04T09:57:31.6444440+02:00" endTime="2016-08-04T09:57:31.6459443+02:00" testType="13cdc9d9-ddb5-4fa4-a97d-d965ccfc6d4b" outcome="Passed" testListId="8c84fa94-04c1-424b-9868-57a2d4851a1d" relativeResultsDirectory="348ec0ff-26c3-4562-8c31-311152788441" />
    <UnitTestResult executionId="c98f5a81-51ee-4328-9866-98ac1a1674bc" testId="6d4639a5-3066-a0c9-83ac-b43c94ac297c" testName="ReadUntil_EmptyRecordRemoveSeparatorLastRecordHasNoSeparator_LastRecordHasCorrectData" computerName="ICSWS068" duration="00:00:00.0002193" startTime="2016-08-04T09:57:31.6484460+02:00" endTime="2016-08-04T09:57:31.6494636+02:00" testType="13cdc9d9-ddb5-4fa4-a97d-d965ccfc6d4b" outcome="Passed" testListId="8c84fa94-04c1-424b-9868-57a2d4851a1d" relativeResultsDirectory="c98f5a81-51ee-4328-9866-98ac1a1674bc" />
    <UnitTestResult executionId="50ee5267-e735-4f56-ae5d-ec55d2653c69" testId="d9c004a1-5204-4064-dc82-d90ea59ce33d" testName="ReadUntil_LastSeparatorReleased_LastRecordHasCorrectData" computerName="ICSWS068" duration="00:00:00.0002237" startTime="2016-08-04T09:57:31.6514650+02:00" endTime="2016-08-04T09:57:31.6534515+02:00" testType="13cdc9d9-ddb5-4fa4-a97d-d965ccfc6d4b" outcome="Passed" testListId="8c84fa94-04c1-424b-9868-57a2d4851a1d" relativeResultsDirectory="50ee5267-e735-4f56-ae5d-ec55d2653c69" />
    <UnitTestResult executionId="fc014c7b-35ae-4f1a-8d5a-f3de966f9d76" testId="7123cc34-4cd2-7992-9bdb-4f9e7ef58a28" testName="ReadUntil_SeparatorReleasedInPrevoiusBufferReadSeparatorRemoved_LastRecordHasCorrectData" computerName="ICSWS068" duration="00:00:00.0002046" startTime="2016-08-04T09:57:31.6559397+02:00" endTime="2016-08-04T09:57:31.6569549+02:00" testType="13cdc9d9-ddb5-4fa4-a97d-d965ccfc6d4b" outcome="Passed" testListId="8c84fa94-04c1-424b-9868-57a2d4851a1d" relativeResultsDirectory="fc014c7b-35ae-4f1a-8d5a-f3de966f9d76" />
    <UnitTestResult executionId="49f1358d-40d7-4df9-8e23-d92ddb24fa13" testId="d2053c33-6ddf-dc14-103e-32c4edca6fe7" testName="ReadUntil_SeparatorReleasedInPrevoiusBufferReadSeparatorKept_LastRecordHasCorrectData" computerName="ICSWS068" duration="00:00:00.0002222" startTime="2016-08-04T09:57:31.6599405+02:00" endTime="2016-08-04T09:57:31.6614587+02:00" testType="13cdc9d9-ddb5-4fa4-a97d-d965ccfc6d4b" outcome="Passed" testListId="8c84fa94-04c1-424b-9868-57a2d4851a1d" relativeResultsDirectory="49f1358d-40d7-4df9-8e23-d92ddb24fa13" />
    <UnitTestResult executionId="a725e197-adb2-41e2-af08-48a0d661a954" testId="37f03147-5c61-397a-411b-d578c25c5f13" testName="ReadUntil_SeparatorReleasedInPrevoiusBufferRead_LastRecordHasCorrectData" computerName="ICSWS068" duration="00:00:00.0002228" startTime="2016-08-04T09:57:31.6643601+02:00" endTime="2016-08-04T09:57:31.6658630+02:00" testType="13cdc9d9-ddb5-4fa4-a97d-d965ccfc6d4b" outcome="Passed" testListId="8c84fa94-04c1-424b-9868-57a2d4851a1d" relativeResultsDirectory="a725e197-adb2-41e2-af08-48a0d661a954" />
    <UnitTestResult executionId="f6619a37-25b9-4716-92fb-9c911b687d6a" testId="746f3e17-ba96-edf3-d6be-1a2e2ab6dde3" testName="ReadUntil_SeparatorDoubleReleased_TreatedAsSeparator" computerName="ICSWS068" duration="00:00:00.0002049" startTime="2016-08-04T09:57:31.6683633+02:00" endTime="2016-08-04T09:57:31.6693638+02:00" testType="13cdc9d9-ddb5-4fa4-a97d-d965ccfc6d4b" outcome="Passed" testListId="8c84fa94-04c1-424b-9868-57a2d4851a1d" relativeResultsDirectory="f6619a37-25b9-4716-92fb-9c911b687d6a" />
    <UnitTestResult executionId="8cacc2e4-0272-4e05-a52a-0f1aef348ac4" testId="9fe8da10-8aac-f0d0-c4d7-2104ce58e5c8" testName="ReadUntil_ReadAheadBufferSizeLargerThanData_Succeeds" computerName="ICSWS068" duration="00:00:00.0002008" startTime="2016-08-04T09:57:31.6718655+02:00" endTime="2016-08-04T09:57:31.6728676+02:00" testType="13cdc9d9-ddb5-4fa4-a97d-d965ccfc6d4b" outcome="Passed" testListId="8c84fa94-04c1-424b-9868-57a2d4851a1d" relativeResultsDirectory="8cacc2e4-0272-4e05-a52a-0f1aef348ac4" />
    <UnitTestResult executionId="901cb245-aee3-4813-b9bf-6944e5d95441" testId="3c4441c2-9c61-d2e5-9bfd-b8000e98b4c3" testName="ReadRecord_StreamPositionChangedRead_ReadsCorrectly" computerName="ICSWS068" duration="00:00:00.0002533" startTime="2016-08-04T09:57:31.6758684+02:00" endTime="2016-08-04T09:57:31.6778698+02:00" testType="13cdc9d9-ddb5-4fa4-a97d-d965ccfc6d4b" outcome="Passed" testListId="8c84fa94-04c1-424b-9868-57a2d4851a1d" relativeResultsDirectory="901cb245-aee3-4813-b9bf-6944e5d95441" />
    <UnitTestResult executionId="0b10057f-29d1-4bcf-9097-7777ec3ac183" testId="efd795d9-a5dc-20ba-8f86-46e3504243fc" testName="ReadUntil_NoDataOnFirstReadFromStream_ReturnsNull" computerName="ICSWS068" duration="00:00:00.0015838" startTime="2016-08-04T09:57:31.6803716+02:00" endTime="2016-08-04T09:57:31.6828912+02:00" testType="13cdc9d9-ddb5-4fa4-a97d-d965ccfc6d4b" outcome="Passed" testListId="8c84fa94-04c1-424b-9868-57a2d4851a1d" relativeResultsDirectory="0b10057f-29d1-4bcf-9097-7777ec3ac183" />
    <UnitTestResult executionId="c48c940f-d016-49f5-9cfd-2ff9a1d7320d" testId="26aa484b-9c90-53f6-6bcc-63e83a9fb3bb" testName="ReadUntil_NoDataOnSecondReadFromStream_ReturnsDataFromFirstRead" computerName="ICSWS068" duration="00:00:00.0028635" startTime="2016-08-04T09:57:31.6858932+02:00" endTime="2016-08-04T09:57:31.6898943+02:00" testType="13cdc9d9-ddb5-4fa4-a97d-d965ccfc6d4b" outcome="Passed" testListId="8c84fa94-04c1-424b-9868-57a2d4851a1d" relativeResultsDirectory="c48c940f-d016-49f5-9cfd-2ff9a1d7320d" />
    <UnitTestResult executionId="c430272f-1178-4480-9687-7a5c0ebd1d3b" testId="e47679f1-aa6a-3902-838c-1a6b5f337574" testName="ReadLine_KeepSeparator_ValidRecorsReturned" computerName="ICSWS068" duration="00:00:00.0003950" startTime="2016-08-04T09:57:31.6928074+02:00" endTime="2016-08-04T09:57:31.6948276+02:00" testType="13cdc9d9-ddb5-4fa4-a97d-d965ccfc6d4b" outcome="Passed" testListId="8c84fa94-04c1-424b-9868-57a2d4851a1d" relativeResultsDirectory="c430272f-1178-4480-9687-7a5c0ebd1d3b" />
    <UnitTestResult executionId="447b6f97-6829-45f4-9f78-ee28ff1b4f56" testId="b8181481-573a-9f98-be00-c727e1911de5" testName="ReadLine_NoMoreData_ReturnsNull" computerName="ICSWS068" duration="00:00:00.0002219" startTime="2016-08-04T09:57:31.6978126+02:00" endTime="2016-08-04T09:57:31.6993316+02:00" testType="13cdc9d9-ddb5-4fa4-a97d-d965ccfc6d4b" outcome="Passed" testListId="8c84fa94-04c1-424b-9868-57a2d4851a1d" relativeResultsDirectory="447b6f97-6829-45f4-9f78-ee28ff1b4f56" />
    <UnitTestResult executionId="c89b1599-17dc-4025-893e-d99cce0d95a3" testId="c13397aa-9702-d18c-d487-cb8fabba724a" testName="ReadLine_LastRecordHasNoSeparator_ReturnsData" computerName="ICSWS068" duration="00:00:00.0003835" startTime="2016-08-04T09:57:31.7018181+02:00" endTime="2016-08-04T09:57:31.7033207+02:00" testType="13cdc9d9-ddb5-4fa4-a97d-d965ccfc6d4b" outcome="Passed" testListId="8c84fa94-04c1-424b-9868-57a2d4851a1d" relativeResultsDirectory="c89b1599-17dc-4025-893e-d99cce0d95a3" />
    <UnitTestResult executionId="0ce5d6b4-55d5-489d-8bcf-27fab4679f18" testId="97bedf67-88cb-c0b7-0b16-316e175fcd88" testName="ReadLine_LastRecordHasHalfChar_ReturnsExpectedData" computerName="ICSWS068" duration="00:00:00.0003431" startTime="2016-08-04T09:57:31.7063233+02:00" endTime="2016-08-04T09:57:31.7083250+02:00" testType="13cdc9d9-ddb5-4fa4-a97d-d965ccfc6d4b" outcome="Passed" testListId="8c84fa94-04c1-424b-9868-57a2d4851a1d" relativeResultsDirectory="0ce5d6b4-55d5-489d-8bcf-27fab4679f18" />
    <UnitTestResult executionId="39e82240-14de-43d7-ab16-2664028e10a8" testId="2fedcdae-1fd3-4f11-ca07-0451346ba813" testName="ReadLine_RemoveSeparatorSepIsCRLF_RetursDataWithoutSeparator" computerName="ICSWS068" duration="00:00:00.0004152" startTime="2016-08-04T09:57:31.7113265+02:00" endTime="2016-08-04T09:57:31.7133282+02:00" testType="13cdc9d9-ddb5-4fa4-a97d-d965ccfc6d4b" outcome="Passed" testListId="8c84fa94-04c1-424b-9868-57a2d4851a1d" relativeResultsDirectory="39e82240-14de-43d7-ab16-2664028e10a8" />
    <UnitTestResult executionId="2d07af7b-3bee-49ea-8350-e5525187769f" testId="b30156a1-bc2e-e7b0-5f62-fc7e5acbc3ba" testName="ReadLine_RemoveSeparatorSepIsLF_RetursDataWithoutSeparator" computerName="ICSWS068" duration="00:00:00.0004404" startTime="2016-08-04T09:57:31.7163489+02:00" endTime="2016-08-04T09:57:31.7188319+02:00" testType="13cdc9d9-ddb5-4fa4-a97d-d965ccfc6d4b" outcome="Passed" testListId="8c84fa94-04c1-424b-9868-57a2d4851a1d" relativeResultsDirectory="2d07af7b-3bee-49ea-8350-e5525187769f" />
    <UnitTestResult executionId="a9709e48-81be-4367-b3d0-2d652f2b4122" testId="cc398a1a-0bed-39bc-7579-b66776428f73" testName="ReadLine_EmptyRecordRemoveSeparatorSepIsCRLF_ReturnsEmptyString" computerName="ICSWS068" duration="00:00:00.0004046" startTime="2016-08-04T09:57:31.7208342+02:00" endTime="2016-08-04T09:57:31.7229016+02:00" testType="13cdc9d9-ddb5-4fa4-a97d-d965ccfc6d4b" outcome="Passed" testListId="8c84fa94-04c1-424b-9868-57a2d4851a1d" relativeResultsDirectory="a9709e48-81be-4367-b3d0-2d652f2b4122" />
    <UnitTestResult executionId="eb355764-0a64-4f87-9346-b6f8d74b73e0" testId="840e415b-43df-a808-4053-fc47aabdb180" testName="ReadLine_EmptyRecordRemoveSeparatorSepIsLF_ReturnsEmptyString" computerName="ICSWS068" duration="00:00:00.0004005" startTime="2016-08-04T09:57:31.7254051+02:00" endTime="2016-08-04T09:57:31.7274080+02:00" testType="13cdc9d9-ddb5-4fa4-a97d-d965ccfc6d4b" outcome="Passed" testListId="8c84fa94-04c1-424b-9868-57a2d4851a1d" relativeResultsDirectory="eb355764-0a64-4f87-9346-b6f8d74b73e0" />
    <UnitTestResult executionId="7361cf4c-9f51-4657-b29a-f752b5b0b0b4" testId="0ddf0d8f-f305-2dcc-9582-2e62b2ea7bff" testName="ReadLine_EmptyRecordKeepSeparatorSepIsCRLF_ReturnsDataWithSeparatorOnly" computerName="ICSWS068" duration="00:00:00.0003838" startTime="2016-08-04T09:57:31.7299080+02:00" endTime="2016-08-04T09:57:31.7314258+02:00" testType="13cdc9d9-ddb5-4fa4-a97d-d965ccfc6d4b" outcome="Passed" testListId="8c84fa94-04c1-424b-9868-57a2d4851a1d" relativeResultsDirectory="7361cf4c-9f51-4657-b29a-f752b5b0b0b4" />
    <UnitTestResult executionId="15a8edf0-2e47-4eda-9169-fcc15659fc7e" testId="a639fd89-e6c8-1863-5003-0452785586d2" testName="ReadLine_SepInAnotherBufferReadKeepSeparatorSepIsCRLF_ReturnsDataWithSeparatorOnly" computerName="ICSWS068" duration="00:00:00.0003718" startTime="2016-08-04T09:57:31.7344140+02:00" endTime="2016-08-04T09:57:31.7359307+02:00" testType="13cdc9d9-ddb5-4fa4-a97d-d965ccfc6d4b" outcome="Passed" testListId="8c84fa94-04c1-424b-9868-57a2d4851a1d" relativeResultsDirectory="15a8edf0-2e47-4eda-9169-fcc15659fc7e" />
    <UnitTestResult executionId="5528be15-e8cf-44e6-9b2d-282518e6eca1" testId="188aac04-2378-359a-6897-1c65fc811818" testName="CreateReader_SEPARATION_VARIABLE_ReturnsCorrectReader" computerName="ICSWS068" duration="00:00:00.0013515" startTime="2016-08-04T09:57:31.7384172+02:00" endTime="2016-08-04T09:57:31.7409186+02:00" testType="13cdc9d9-ddb5-4fa4-a97d-d965ccfc6d4b" outcome="Passed" testListId="8c84fa94-04c1-424b-9868-57a2d4851a1d" relativeResultsDirectory="5528be15-e8cf-44e6-9b2d-282518e6eca1" />
    <UnitTestResult executionId="0ee1d870-f2fe-40e7-9b20-8e790b0e8700" testId="8996bb47-b8e8-8292-82f4-2b6ba000de7d" testName="CreateReader_SEPARATION_CRLF_ReturnsCorrectReader" computerName="ICSWS068" duration="00:00:00.0003586" startTime="2016-08-04T09:57:31.7439247+02:00" endTime="2016-08-04T09:57:31.7459250+02:00" testType="13cdc9d9-ddb5-4fa4-a97d-d965ccfc6d4b" outcome="Passed" testListId="8c84fa94-04c1-424b-9868-57a2d4851a1d" relativeResultsDirectory="0ee1d870-f2fe-40e7-9b20-8e790b0e8700" />
    <UnitTestResult executionId="9039c837-1657-4c49-910a-e721c01efa08" testId="563a4427-92e3-4255-d1b4-33d3b66becd2" testName="CreateReader_SEPARATION_TAB_ReturnsCorrectReader" computerName="ICSWS068" duration="00:00:00.0005354" startTime="2016-08-04T09:57:31.7484264+02:00" endTime="2016-08-04T09:57:31.7499278+02:00" testType="13cdc9d9-ddb5-4fa4-a97d-d965ccfc6d4b" outcome="Passed" testListId="8c84fa94-04c1-424b-9868-57a2d4851a1d" relativeResultsDirectory="9039c837-1657-4c49-910a-e721c01efa08" />
    <UnitTestResult executionId="0c64aeef-0319-4437-a7f3-6221802b9552" testId="aa7d3d44-6acf-2386-eee5-bdbd5c074d31" testName="CreateReader_SEPARATION_CHR_ReturnsCorrectReader" computerName="ICSWS068" duration="00:00:00.0002668" startTime="2016-08-04T09:57:31.7524325+02:00" endTime="2016-08-04T09:57:31.7539492+02:00" testType="13cdc9d9-ddb5-4fa4-a97d-d965ccfc6d4b" outcome="Passed" testListId="8c84fa94-04c1-424b-9868-57a2d4851a1d" relativeResultsDirectory="0c64aeef-0319-4437-a7f3-6221802b9552" />
    <UnitTestResult executionId="165f9562-ee80-40c8-a04c-50fc4b5fd5c0" testId="7d8dd691-41c4-3577-27e5-2fa0f475ad50" testName="CreateReader_SEPARATION_MAXLENGTH_ReturnsCorrectReader" computerName="ICSWS068" duration="00:00:00.0004196" startTime="2016-08-04T09:57:31.7559348+02:00" endTime="2016-08-04T09:57:31.7574374+02:00" testType="13cdc9d9-ddb5-4fa4-a97d-d965ccfc6d4b" outcome="Passed" testListId="8c84fa94-04c1-424b-9868-57a2d4851a1d" relativeResultsDirectory="165f9562-ee80-40c8-a04c-50fc4b5fd5c0" />
    <UnitTestResult executionId="84652b8d-0d2d-459e-ad48-7d1d0d29aa7e" testId="007d9bc8-1abc-bb51-be83-01e9ea4153cf" testName="CreateReader_SEPARATION_FIXED_ReturnsCorrectReader" computerName="ICSWS068" duration="00:00:00.0005903" startTime="2016-08-04T09:57:31.7609397+02:00" endTime="2016-08-04T09:57:31.7619496+02:00" testType="13cdc9d9-ddb5-4fa4-a97d-d965ccfc6d4b" outcome="Passed" testListId="8c84fa94-04c1-424b-9868-57a2d4851a1d" relativeResultsDirectory="84652b8d-0d2d-459e-ad48-7d1d0d29aa7e" />
    <UnitTestResult executionId="50252a3e-c101-42b8-9b1d-55e0c95ef379" testId="b7af2352-ad18-35d7-8e62-547a02ef5f24" testName="CreateReader_InvalidSeparator_Throws" computerName="ICSWS068" duration="00:00:00.0095895" startTime="2016-08-04T09:57:31.7649695+02:00" endTime="2016-08-04T09:57:31.7759632+02:00" testType="13cdc9d9-ddb5-4fa4-a97d-d965ccfc6d4b" outcome="Passed" testListId="8c84fa94-04c1-424b-9868-57a2d4851a1d" relativeResultsDirectory="50252a3e-c101-42b8-9b1d-55e0c95ef379" />
    <UnitTestResult executionId="035cd211-3aa0-4d98-bba1-48aa9d06c8f0" testId="0820acf8-2f2e-99a7-b90a-840db9909bf9" testName="Encoding_PropertySet_RaisesCorrectEvent" computerName="ICSWS068" duration="00:00:00.0003821" startTime="2016-08-04T09:57:31.7784640+02:00" endTime="2016-08-04T09:57:31.7804663+02:00" testType="13cdc9d9-ddb5-4fa4-a97d-d965ccfc6d4b" outcome="Passed" testListId="8c84fa94-04c1-424b-9868-57a2d4851a1d" relativeResultsDirectory="035cd211-3aa0-4d98-bba1-48aa9d06c8f0" />
    <UnitTestResult executionId="05433edc-fea3-429b-8e82-1f3e810f31c4" testId="295cee6b-709e-cab7-0043-8364f381a576" testName="ReadAheadBufferSize_PropertySet_RaisesCorrectEvent" computerName="ICSWS068" duration="00:00:00.0003469" startTime="2016-08-04T09:57:31.7829675+02:00" endTime="2016-08-04T09:57:31.7844847+02:00" testType="13cdc9d9-ddb5-4fa4-a97d-d965ccfc6d4b" outcome="Passed" testListId="8c84fa94-04c1-424b-9868-57a2d4851a1d" relativeResultsDirectory="05433edc-fea3-429b-8e82-1f3e810f31c4" />
    <UnitTestResult executionId="4cb641c0-66ea-40f9-a291-58e1ca3c40bc" testId="0faf2467-d921-0f06-47b8-554f38a45f5d" testName="RecordLengthStartPosition_PropertySet_RaisesCorrectEvent" computerName="ICSWS068" duration="00:00:00.0002750" startTime="2016-08-04T09:57:31.7869697+02:00" endTime="2016-08-04T09:57:31.7884891+02:00" testType="13cdc9d9-ddb5-4fa4-a97d-d965ccfc6d4b" outcome="Passed" testListId="8c84fa94-04c1-424b-9868-57a2d4851a1d" relativeResultsDirectory="4cb641c0-66ea-40f9-a291-58e1ca3c40bc" />
    <UnitTestResult executionId="5f2ccfa3-ffd4-4e77-b460-291856b65e0a" testId="feea940c-d019-7a3d-535a-843f2a7d332a" testName="RecordLengthEndPosition_PropertySet_RaisesCorrectEvent" computerName="ICSWS068" duration="00:00:00.0003087" startTime="2016-08-04T09:57:31.7909723+02:00" endTime="2016-08-04T09:57:31.7924913+02:00" testType="13cdc9d9-ddb5-4fa4-a97d-d965ccfc6d4b" outcome="Passed" testListId="8c84fa94-04c1-424b-9868-57a2d4851a1d" relativeResultsDirectory="5f2ccfa3-ffd4-4e77-b460-291856b65e0a" />
    <UnitTestResult executionId="89c5023a-c5fd-46fc-8a9b-f1bd4aaf9b1b" testId="e480fe3f-69e5-9340-7e23-5cf5eb1cd18c" testName="ConsumeReleaseCharacter_PropertySet_RaisesCorrectEvent" computerName="ICSWS068" duration="00:00:00.0003486" startTime="2016-08-04T09:57:31.7954963+02:00" endTime="2016-08-04T09:57:31.7969971+02:00" testType="13cdc9d9-ddb5-4fa4-a97d-d965ccfc6d4b" outcome="Passed" testListId="8c84fa94-04c1-424b-9868-57a2d4851a1d" relativeResultsDirectory="89c5023a-c5fd-46fc-8a9b-f1bd4aaf9b1b" />
    <UnitTestResult executionId="824450c6-795d-496d-8d50-e1ec441fa447" testId="d8f20222-91a2-d43e-250f-0e703e3acac6" testName="FilterEmptyRecords_PropertySet_RaisesCorrectEvent" computerName="ICSWS068" duration="00:00:00.0002721" startTime="2016-08-04T09:57:31.7995164+02:00" endTime="2016-08-04T09:57:31.8010147+02:00" testType="13cdc9d9-ddb5-4fa4-a97d-d965ccfc6d4b" outcome="Passed" testListId="8c84fa94-04c1-424b-9868-57a2d4851a1d" relativeResultsDirectory="824450c6-795d-496d-8d50-e1ec441fa447" />
    <UnitTestResult executionId="2e5783e0-74ce-4da6-bb67-0f4881bad5b7" testId="6735ec6d-c643-2180-df0c-697ba66d2168" testName="RecordLength_PropertySet_RaisesCorrectEvent" computerName="ICSWS068" duration="00:00:00.0002970" startTime="2016-08-04T09:57:31.8032310+02:00" endTime="2016-08-04T09:57:31.8047340+02:00" testType="13cdc9d9-ddb5-4fa4-a97d-d965ccfc6d4b" outcome="Passed" testListId="8c84fa94-04c1-424b-9868-57a2d4851a1d" relativeResultsDirectory="2e5783e0-74ce-4da6-bb67-0f4881bad5b7" />
    <UnitTestResult executionId="14454b5e-fce4-4774-9ba1-a1752f1c20c4" testId="7ce2e47a-e675-1f61-3081-6c66fad05114" testName="ReleaseCharacter_PropertySet_RaisesCorrectEvent" computerName="ICSWS068" duration="00:00:00.0003214" startTime="2016-08-04T09:57:31.8072374+02:00" endTime="2016-08-04T09:57:31.8092374+02:00" testType="13cdc9d9-ddb5-4fa4-a97d-d965ccfc6d4b" outcome="Passed" testListId="8c84fa94-04c1-424b-9868-57a2d4851a1d" relativeResultsDirectory="14454b5e-fce4-4774-9ba1-a1752f1c20c4" />
    <UnitTestResult executionId="17787848-3761-4924-b77f-875fc7bea870" testId="f25687d0-8624-df29-3352-ecd84ed76272" testName="KeepRecordSeparator_PropertySet_RaisesCorrectEvent" computerName="ICSWS068" duration="00:00:00.0003287" startTime="2016-08-04T09:57:31.8127400+02:00" endTime="2016-08-04T09:57:31.8147420+02:00" testType="13cdc9d9-ddb5-4fa4-a97d-d965ccfc6d4b" outcome="Passed" testListId="8c84fa94-04c1-424b-9868-57a2d4851a1d" relativeResultsDirectory="17787848-3761-4924-b77f-875fc7bea870" />
    <UnitTestResult executionId="1b051a46-6bf0-4016-a24e-38bd2285035e" testId="6cde2c40-bf50-66b9-8d27-63139a26db80" testName="AutoDetectEncoding_PropertySet_RaisesCorrectEvent" computerName="ICSWS068" duration="00:00:00.0002779" startTime="2016-08-04T09:57:31.8177452+02:00" endTime="2016-08-04T09:57:31.8192601+02:00" testType="13cdc9d9-ddb5-4fa4-a97d-d965ccfc6d4b" outcome="Passed" testListId="8c84fa94-04c1-424b-9868-57a2d4851a1d" relativeResultsDirectory="1b051a46-6bf0-4016-a24e-38bd2285035e" />
    <UnitTestResult executionId="1299037e-5a2d-46f8-8541-fc5e6458dff8" testId="e723fdad-080d-12fd-6d07-21108f8a89f2" testName="RecordConfiguration_IsTabConfiguration_RecordSeparationIsTAB" computerName="ICSWS068" duration="00:00:00.0005908" startTime="2016-08-04T09:57:31.8212624+02:00" endTime="2016-08-04T09:57:31.8232809+02:00" testType="13cdc9d9-ddb5-4fa4-a97d-d965ccfc6d4b" outcome="Passed" testListId="8c84fa94-04c1-424b-9868-57a2d4851a1d" relativeResultsDirectory="1299037e-5a2d-46f8-8541-fc5e6458dff8" />
    <UnitTestResult executionId="a203b7be-dcca-4f6f-8db2-7c550ff9c900" testId="a8789e40-e481-6de9-b115-199cb1f80418" testName="RecordConfiguration_IsLineConfiguration_RecordSeparationIsCRLF" computerName="ICSWS068" duration="00:00:00.0001595" startTime="2016-08-04T09:57:31.8262673+02:00" endTime="2016-08-04T09:57:31.8272849+02:00" testType="13cdc9d9-ddb5-4fa4-a97d-d965ccfc6d4b" outcome="Passed" testListId="8c84fa94-04c1-424b-9868-57a2d4851a1d" relativeResultsDirectory="a203b7be-dcca-4f6f-8db2-7c550ff9c900" />
    <UnitTestResult executionId="f75f501c-7968-41f7-ba08-f732fee0a8de" testId="f3a5b247-3b24-0ea7-7255-f041d6039c09" testName="RecordConfiguration_IsMaxLengthConfiguration_RecordSeparationIsMAXLENGTH" computerName="ICSWS068" duration="00:00:00.0001700" startTime="2016-08-04T09:57:31.8302708+02:00" endTime="2016-08-04T09:57:31.8317880+02:00" testType="13cdc9d9-ddb5-4fa4-a97d-d965ccfc6d4b" outcome="Passed" testListId="8c84fa94-04c1-424b-9868-57a2d4851a1d" relativeResultsDirectory="f75f501c-7968-41f7-ba08-f732fee0a8de" />
    <UnitTestResult executionId="d21efa58-1686-425e-9249-d200a47b93e5" testId="348fe9e9-00d1-15e5-0ddd-f947d8606790" testName="RecordConfiguration_IsFixedLengthConfiguration_RecordSeparationIsFIXED" computerName="ICSWS068" duration="00:00:00.0001604" startTime="2016-08-04T09:57:31.8344681+02:00" endTime="2016-08-04T09:57:31.8354701+02:00" testType="13cdc9d9-ddb5-4fa4-a97d-d965ccfc6d4b" outcome="Passed" testListId="8c84fa94-04c1-424b-9868-57a2d4851a1d" relativeResultsDirectory="d21efa58-1686-425e-9249-d200a47b93e5" />
    <UnitTestResult executionId="b397d880-6cec-4eeb-ae16-c3569bf123bb" testId="f3839716-0401-bbea-24a2-e63c88af283e" testName="RecordConfiguration_IsVariableRecordLengthConfiguration_RecordSeparationIsVARIABLE" computerName="ICSWS068" duration="00:00:00.0001607" startTime="2016-08-04T09:57:31.8384706+02:00" endTime="2016-08-04T09:57:31.8399879+02:00" testType="13cdc9d9-ddb5-4fa4-a97d-d965ccfc6d4b" outcome="Passed" testListId="8c84fa94-04c1-424b-9868-57a2d4851a1d" relativeResultsDirectory="b397d880-6cec-4eeb-ae16-c3569bf123bb" />
    <UnitTestResult executionId="547bd031-eb3d-4e8e-aadb-eed3feb2b530" testId="14eda4ab-e113-4b78-3194-c96624416e8d" testName="RecordConfiguration_IsCharacterSeparatedConfiguration_RecordSeparationIsCHR" computerName="ICSWS068" duration="00:00:00.0001642" startTime="2016-08-04T09:57:31.8424785+02:00" endTime="2016-08-04T09:57:31.8445013+02:00" testType="13cdc9d9-ddb5-4fa4-a97d-d965ccfc6d4b" outcome="Passed" testListId="8c84fa94-04c1-424b-9868-57a2d4851a1d" relativeResultsDirectory="547bd031-eb3d-4e8e-aadb-eed3feb2b530" />
    <UnitTestResult executionId="1eb02ff5-7ce7-4770-83d9-09bcd8edb89e" testId="68edb6a3-c0c2-a992-9265-1a503182c8f2" testName="Constructor_DataIsNull_Throws" computerName="ICSWS068" duration="00:00:00.0007342" startTime="2016-08-04T09:57:31.8469769+02:00" endTime="2016-08-04T09:57:31.8489798+02:00" testType="13cdc9d9-ddb5-4fa4-a97d-d965ccfc6d4b" outcome="Passed" testListId="8c84fa94-04c1-424b-9868-57a2d4851a1d" relativeResultsDirectory="1eb02ff5-7ce7-4770-83d9-09bcd8edb89e" />
    <UnitTestResult executionId="181b03ad-f976-46d7-b054-bf49d5477ac1" testId="59c5f839-eb10-60b5-38de-ae5d4550d7fc" testName="Constructor_ConfigurationIsNull_Throws" computerName="ICSWS068" duration="00:00:00.0004794" startTime="2016-08-04T09:57:31.8509965+02:00" endTime="2016-08-04T09:57:31.8530009+02:00" testType="13cdc9d9-ddb5-4fa4-a97d-d965ccfc6d4b" outcome="Passed" testListId="8c84fa94-04c1-424b-9868-57a2d4851a1d" relativeResultsDirectory="181b03ad-f976-46d7-b054-bf49d5477ac1" />
    <UnitTestResult executionId="3982e5f7-e903-4248-9132-a54f4344a181" testId="4bca29c8-0b3c-ae5d-aadc-61033fd6fd4b" testName="Constructor_ConfigurationIsValid_Succeeds" computerName="ICSWS068" duration="00:00:00.0002252" startTime="2016-08-04T09:57:31.8554871+02:00" endTime="2016-08-04T09:57:31.8565046+02:00" testType="13cdc9d9-ddb5-4fa4-a97d-d965ccfc6d4b" outcome="Passed" testListId="8c84fa94-04c1-424b-9868-57a2d4851a1d" relativeResultsDirectory="3982e5f7-e903-4248-9132-a54f4344a181" />
    <UnitTestResult executionId="53ce7d02-ecbc-4cda-9e03-3410b057dd93" testId="1ba3b175-f6b5-3e8e-b84e-f239d1943b12" testName="ReadRecord_FirstRead_ReturnsFirstRecordInStream" computerName="ICSWS068" duration="00:00:00.0006800" startTime="2016-08-04T09:57:31.8594890+02:00" endTime="2016-08-04T09:57:31.8615072+02:00" testType="13cdc9d9-ddb5-4fa4-a97d-d965ccfc6d4b" outcome="Passed" testListId="8c84fa94-04c1-424b-9868-57a2d4851a1d" relativeResultsDirectory="53ce7d02-ecbc-4cda-9e03-3410b057dd93" />
    <UnitTestResult executionId="e4a17d9d-fb1b-42c2-bde9-a548bd2bc1dc" testId="3c15de3c-9eaa-150e-9bd0-bb36e87746ee" testName="ReadRecord_SecondRead_ReturnsSecondRecordInStream" computerName="ICSWS068" duration="00:00:00.0003002" startTime="2016-08-04T09:57:31.8641661+02:00" endTime="2016-08-04T09:57:31.8656842+02:00" testType="13cdc9d9-ddb5-4fa4-a97d-d965ccfc6d4b" outcome="Passed" testListId="8c84fa94-04c1-424b-9868-57a2d4851a1d" relativeResultsDirectory="e4a17d9d-fb1b-42c2-bde9-a548bd2bc1dc" />
    <UnitTestResult executionId="5fcedaaa-a556-46b0-85d9-7c2d6d0763af" testId="29014d64-471a-0563-129e-4602a5966404" testName="ReadRecord_TenthRead_ReturnsTenthRecordInStream" computerName="ICSWS068" duration="00:00:00.0003149" startTime="2016-08-04T09:57:31.8676863+02:00" endTime="2016-08-04T09:57:31.8691854+02:00" testType="13cdc9d9-ddb5-4fa4-a97d-d965ccfc6d4b" outcome="Passed" testListId="8c84fa94-04c1-424b-9868-57a2d4851a1d" relativeResultsDirectory="5fcedaaa-a556-46b0-85d9-7c2d6d0763af" />
    <UnitTestResult executionId="719c7b60-528d-4333-96b4-b031aa64438b" testId="5480c5eb-94b4-ea10-ff3c-b9f3ab143876" testName="ReadRecord_LastRecordShorterThanRecordLength_ReturnsRecord" computerName="ICSWS068" duration="00:00:00.0003222" startTime="2016-08-04T09:57:31.8716730+02:00" endTime="2016-08-04T09:57:31.8731724+02:00" testType="13cdc9d9-ddb5-4fa4-a97d-d965ccfc6d4b" outcome="Passed" testListId="8c84fa94-04c1-424b-9868-57a2d4851a1d" relativeResultsDirectory="719c7b60-528d-4333-96b4-b031aa64438b" />
    <UnitTestResult executionId="93f8ee65-1295-4692-b611-fe5b41cb813c" testId="55e347be-6a81-140d-0988-eb00e8fa429d" testName="ReadRecord_ChangingRecordLengthToZeroAfterFirstRead_Throws" computerName="ICSWS068" duration="00:00:00.0005304" startTime="2016-08-04T09:57:31.8761753+02:00" endTime="2016-08-04T09:57:31.8781916+02:00" testType="13cdc9d9-ddb5-4fa4-a97d-d965ccfc6d4b" outcome="Passed" testListId="8c84fa94-04c1-424b-9868-57a2d4851a1d" relativeResultsDirectory="93f8ee65-1295-4692-b611-fe5b41cb813c" />
    <UnitTestResult executionId="d8ad5e72-0f27-414e-8b0f-d732dd761115" testId="893edf9a-eddd-bf3b-15c3-29db41cf3c2b" testName="ReadRecord_NoMoreRecords_ReturnsNull" computerName="ICSWS068" duration="00:00:00.0003155" startTime="2016-08-04T09:57:31.8806778+02:00" endTime="2016-08-04T09:57:31.8821796+02:00" testType="13cdc9d9-ddb5-4fa4-a97d-d965ccfc6d4b" outcome="Passed" testListId="8c84fa94-04c1-424b-9868-57a2d4851a1d" relativeResultsDirectory="d8ad5e72-0f27-414e-8b0f-d732dd761115" />
    <UnitTestResult executionId="0a621181-b76a-45a0-8698-f3631505e39e" testId="d95e54de-0c31-404f-ee57-38e99d7c3c38" testName="ReadRecord_ReadAheadBufferSizeLargerThanData_Succeeds" computerName="ICSWS068" duration="00:00:00.0002979" startTime="2016-08-04T09:57:31.8846807+02:00" endTime="2016-08-04T09:57:31.8861824+02:00" testType="13cdc9d9-ddb5-4fa4-a97d-d965ccfc6d4b" outcome="Passed" testListId="8c84fa94-04c1-424b-9868-57a2d4851a1d" relativeResultsDirectory="0a621181-b76a-45a0-8698-f3631505e39e" />
    <UnitTestResult executionId="78337d99-3726-4372-8669-e7a40016fa28" testId="1be6afb8-f968-a989-eae8-6a0808a7e55f" testName="ReadRecord_SetPositionToMiddleOfFirstRecordAfterFirstRead_DoesAffectResult" computerName="ICSWS068" duration="00:00:00.0002785" startTime="2016-08-04T09:57:31.8886836+02:00" endTime="2016-08-04T09:57:31.8901862+02:00" testType="13cdc9d9-ddb5-4fa4-a97d-d965ccfc6d4b" outcome="Passed" testListId="8c84fa94-04c1-424b-9868-57a2d4851a1d" relativeResultsDirectory="78337d99-3726-4372-8669-e7a40016fa28" />
    <UnitTestResult executionId="6c18789d-c0ee-407c-8a5a-d94dd44e3275" testId="ce4561b8-e284-7e86-d2e2-c6002129d32f" testName="ReadRecord_StreamPositionIsLargerThanZeroAtStart_Succeeds" computerName="ICSWS068" duration="00:00:00.0003234" startTime="2016-08-04T09:57:31.8927055+02:00" endTime="2016-08-04T09:57:31.8942242+02:00" testType="13cdc9d9-ddb5-4fa4-a97d-d965ccfc6d4b" outcome="Passed" testListId="8c84fa94-04c1-424b-9868-57a2d4851a1d" relativeResultsDirectory="6c18789d-c0ee-407c-8a5a-d94dd44e3275" />
    <UnitTestResult executionId="373b7adf-7ff1-49a7-81ca-98b4a4c8224b" testId="7e8c2862-a291-8bb0-763f-1c9380632c18" testName="Dispose_StreamIsNotClosed" computerName="ICSWS068" duration="00:00:00.0003284" startTime="2016-08-04T09:57:31.8962236+02:00" endTime="2016-08-04T09:57:31.8977092+02:00" testType="13cdc9d9-ddb5-4fa4-a97d-d965ccfc6d4b" outcome="Passed" testListId="8c84fa94-04c1-424b-9868-57a2d4851a1d" relativeResultsDirectory="373b7adf-7ff1-49a7-81ca-98b4a4c8224b" />
    <UnitTestResult executionId="c8bce0d2-ccb8-4bf0-9dbe-db88cc890af4" testId="4b15d047-fd20-b5a0-8d84-16c1612a9ee4" testName="Constructor_DataIsNull_Throws" computerName="ICSWS068" duration="00:00:00.0007527" startTime="2016-08-04T09:57:31.9007112+02:00" endTime="2016-08-04T09:57:31.9028698+02:00" testType="13cdc9d9-ddb5-4fa4-a97d-d965ccfc6d4b" outcome="Passed" testListId="8c84fa94-04c1-424b-9868-57a2d4851a1d" relativeResultsDirectory="c8bce0d2-ccb8-4bf0-9dbe-db88cc890af4" />
    <UnitTestResult executionId="3ca19ab8-475b-45e2-8925-7b0dba61ba57" testId="5712cebd-11cd-a52c-3868-1cefd238d8d1" testName="Constructor_ConfigurationIsNull_Throws" computerName="ICSWS068" duration="00:00:00.0004759" startTime="2016-08-04T09:57:31.9048906+02:00" endTime="2016-08-04T09:57:31.9068909+02:00" testType="13cdc9d9-ddb5-4fa4-a97d-d965ccfc6d4b" outcome="Passed" testListId="8c84fa94-04c1-424b-9868-57a2d4851a1d" relativeResultsDirectory="3ca19ab8-475b-45e2-8925-7b0dba61ba57" />
    <UnitTestResult executionId="f3d3b5f5-563e-46a7-aeb9-56bc32607c38" testId="6cf378f4-37fc-78a2-0156-bb80e014b168" testName="ReadRecord_FirstRead_ReturnsFirstRecordInStream" computerName="ICSWS068" duration="00:00:00.0005298" startTime="2016-08-04T09:57:31.9088917+02:00" endTime="2016-08-04T09:57:31.9108943+02:00" testType="13cdc9d9-ddb5-4fa4-a97d-d965ccfc6d4b" outcome="Passed" testListId="8c84fa94-04c1-424b-9868-57a2d4851a1d" relativeResultsDirectory="f3d3b5f5-563e-46a7-aeb9-56bc32607c38" />
    <UnitTestResult executionId="f3fbdf14-6a13-47ef-ab70-e54fa9588c57" testId="8a4d5b95-e3d1-89b6-6fba-4d4e49b6be66" testName="ReadRecord_SecondRead_ReturnsSecondRecordInStream" computerName="ICSWS068" duration="00:00:00.0002779" startTime="2016-08-04T09:57:31.9128958+02:00" endTime="2016-08-04T09:57:31.9143984+02:00" testType="13cdc9d9-ddb5-4fa4-a97d-d965ccfc6d4b" outcome="Passed" testListId="8c84fa94-04c1-424b-9868-57a2d4851a1d" relativeResultsDirectory="f3fbdf14-6a13-47ef-ab70-e54fa9588c57" />
    <UnitTestResult executionId="e826df5b-c502-4f64-a4e4-eeb456b6ef5d" testId="b20e0bc4-f6c5-f299-1492-2aaf603a8d30" testName="ReadRecord_TenthRead_ReturnsTenthRecordInStream" computerName="ICSWS068" duration="00:00:00.0003425" startTime="2016-08-04T09:57:31.9169010+02:00" endTime="2016-08-04T09:57:31.9184171+02:00" testType="13cdc9d9-ddb5-4fa4-a97d-d965ccfc6d4b" outcome="Passed" testListId="8c84fa94-04c1-424b-9868-57a2d4851a1d" relativeResultsDirectory="e826df5b-c502-4f64-a4e4-eeb456b6ef5d" />
    <UnitTestResult executionId="07e83bf1-5827-4764-acfc-130ef920b34a" testId="30e18ed7-778b-9e3b-ae60-8ea427a77ec1" testName="ReadRecord_LastRecordShorterThanRecordLength_Throws" computerName="ICSWS068" duration="00:00:00.0006334" startTime="2016-08-04T09:57:31.9214032+02:00" endTime="2016-08-04T09:57:31.9234105+02:00" testType="13cdc9d9-ddb5-4fa4-a97d-d965ccfc6d4b" outcome="Passed" testListId="8c84fa94-04c1-424b-9868-57a2d4851a1d" relativeResultsDirectory="07e83bf1-5827-4764-acfc-130ef920b34a" />
    <UnitTestResult executionId="a542bd04-d8c0-48c7-bb99-326b7ca4cd33" testId="13d2c050-a2d4-5974-eb74-bdda254aae3b" testName="ReadRecord_ChangingRecordLengthToZeroAfterFirstRead_Throws" computerName="ICSWS068" duration="00:00:00.0005181" startTime="2016-08-04T09:57:31.9259122+02:00" endTime="2016-08-04T09:57:31.9274119+02:00" testType="13cdc9d9-ddb5-4fa4-a97d-d965ccfc6d4b" outcome="Passed" testListId="8c84fa94-04c1-424b-9868-57a2d4851a1d" relativeResultsDirectory="a542bd04-d8c0-48c7-bb99-326b7ca4cd33" />
    <UnitTestResult executionId="4283c06c-ef5d-429b-a7ce-095bb951ef91" testId="f3ed40a6-70d9-91fd-bbd1-04e7afca10d5" testName="ReadRecord_NoMoreRecords_ReturnsNull" computerName="ICSWS068" duration="00:00:00.0003090" startTime="2016-08-04T09:57:31.9299151+02:00" endTime="2016-08-04T09:57:31.9314163+02:00" testType="13cdc9d9-ddb5-4fa4-a97d-d965ccfc6d4b" outcome="Passed" testListId="8c84fa94-04c1-424b-9868-57a2d4851a1d" relativeResultsDirectory="4283c06c-ef5d-429b-a7ce-095bb951ef91" />
    <UnitTestResult executionId="75b7469a-05a8-41a4-99e9-189734a5b9e1" testId="8a1d86bc-a1aa-b671-31b6-a0f0814f9ccc" testName="ReadRecord_ReadAheadBufferSizeLargerThanData_Succeeds" computerName="ICSWS068" duration="00:00:00.0002841" startTime="2016-08-04T09:57:31.9335186+02:00" endTime="2016-08-04T09:57:31.9350344+02:00" testType="13cdc9d9-ddb5-4fa4-a97d-d965ccfc6d4b" outcome="Passed" testListId="8c84fa94-04c1-424b-9868-57a2d4851a1d" relativeResultsDirectory="75b7469a-05a8-41a4-99e9-189734a5b9e1" />
    <UnitTestResult executionId="022eed73-1ffd-47db-9c0c-35a05a3c4a34" testId="2534ff9f-0383-f92f-66a9-f7939b01bc93" testName="ReadRecord_SetPositionToMiddleOfFirstRecordAfterFirstRead_DoesAffectResult" computerName="ICSWS068" duration="00:00:00.0002850" startTime="2016-08-04T09:57:31.9375214+02:00" endTime="2016-08-04T09:57:31.9390220+02:00" testType="13cdc9d9-ddb5-4fa4-a97d-d965ccfc6d4b" outcome="Passed" testListId="8c84fa94-04c1-424b-9868-57a2d4851a1d" relativeResultsDirectory="022eed73-1ffd-47db-9c0c-35a05a3c4a34" />
    <UnitTestResult executionId="97cd9ec1-b8da-4297-9e52-4965d8949f4f" testId="b5527a09-e251-e496-ba64-760360da4d2e" testName="ReadRecord_StreamPositionIsLargerThanZeroAtStart_Succeeds" computerName="ICSWS068" duration="00:00:00.0003164" startTime="2016-08-04T09:57:31.9410240+02:00" endTime="2016-08-04T09:57:31.9415243+02:00" testType="13cdc9d9-ddb5-4fa4-a97d-d965ccfc6d4b" outcome="Passed" testListId="8c84fa94-04c1-424b-9868-57a2d4851a1d" relativeResultsDirectory="97cd9ec1-b8da-4297-9e52-4965d8949f4f" />
    <UnitTestResult executionId="acd67775-fb6e-42e5-b2cf-a16b212e4640" testId="7973a6db-4608-245a-df79-c6669de02605" testName="Dispose_StreamIsNotClosed" computerName="ICSWS068" duration="00:00:00.0003043" startTime="2016-08-04T09:57:31.9454368+02:00" endTime="2016-08-04T09:57:31.9469529+02:00" testType="13cdc9d9-ddb5-4fa4-a97d-d965ccfc6d4b" outcome="Passed" testListId="8c84fa94-04c1-424b-9868-57a2d4851a1d" relativeResultsDirectory="acd67775-fb6e-42e5-b2cf-a16b212e4640" />
    <UnitTestResult executionId="1f6e02f9-98b3-409d-804a-2601525ca8a4" testId="462b61f4-74e1-1e28-0dcb-59220eacedf9" testName="Constructor_DataIsNull_Throws" computerName="ICSWS068" duration="00:00:00.0007219" startTime="2016-08-04T09:57:31.9494388+02:00" endTime="2016-08-04T09:57:31.9514423+02:00" testType="13cdc9d9-ddb5-4fa4-a97d-d965ccfc6d4b" outcome="Passed" testListId="8c84fa94-04c1-424b-9868-57a2d4851a1d" relativeResultsDirectory="1f6e02f9-98b3-409d-804a-2601525ca8a4" />
    <UnitTestResult executionId="ced903b5-8a2b-479b-b93d-45c28f56ec93" testId="a2a46954-9d69-113f-78fb-dbe84cabc87f" testName="Constructor_ConfigurationIsNull_Throws" computerName="ICSWS068" duration="00:00:00.0005137" startTime="2016-08-04T09:57:31.9539423+02:00" endTime="2016-08-04T09:57:31.9559452+02:00" testType="13cdc9d9-ddb5-4fa4-a97d-d965ccfc6d4b" outcome="Passed" testListId="8c84fa94-04c1-424b-9868-57a2d4851a1d" relativeResultsDirectory="ced903b5-8a2b-479b-b93d-45c28f56ec93" />
    <UnitTestResult executionId="f25be8a0-2d51-4bb1-8f98-d2ee64ff0a80" testId="8cf15049-d8f5-87cd-2704-3bee3466282a" testName="Constructor_ValidArgs_Success" computerName="ICSWS068" duration="00:00:00.0003568" startTime="2016-08-04T09:57:31.9584460+02:00" endTime="2016-08-04T09:57:31.9599472+02:00" testType="13cdc9d9-ddb5-4fa4-a97d-d965ccfc6d4b" outcome="Passed" testListId="8c84fa94-04c1-424b-9868-57a2d4851a1d" relativeResultsDirectory="f25be8a0-2d51-4bb1-8f98-d2ee64ff0a80" />
    <UnitTestResult executionId="d6d13b76-823a-4d95-9413-91a86460589d" testId="d564fe42-6ac2-c7ac-0ed5-d30696b45876" testName="ImplementsExpectedInterfaces" computerName="ICSWS068" duration="00:00:00.0002689" startTime="2016-08-04T09:57:31.9619671+02:00" endTime="2016-08-04T09:57:31.9646488+02:00" testType="13cdc9d9-ddb5-4fa4-a97d-d965ccfc6d4b" outcome="Passed" testListId="8c84fa94-04c1-424b-9868-57a2d4851a1d" relativeResultsDirectory="d6d13b76-823a-4d95-9413-91a86460589d" />
    <UnitTestResult executionId="6ef1fe43-229d-4d5b-ae48-f1b65cb7337f" testId="3256d27c-27dd-a934-2c32-f41aac14d98f" testName="Dispose_DoesNotCloseStream" computerName="ICSWS068" duration="00:00:00.0008615" startTime="2016-08-04T09:57:31.9671353+02:00" endTime="2016-08-04T09:57:31.9691625+02:00" testType="13cdc9d9-ddb5-4fa4-a97d-d965ccfc6d4b" outcome="Passed" testListId="8c84fa94-04c1-424b-9868-57a2d4851a1d" relativeResultsDirectory="6ef1fe43-229d-4d5b-ae48-f1b65cb7337f" />
    <UnitTestResult executionId="49d93279-256b-41e8-83cd-f31f0def13fe" testId="fdc629ae-295d-5393-374e-a46ba09260da" testName="Close_DoesNotCloseStream" computerName="ICSWS068" duration="00:00:00.0007809" startTime="2016-08-04T09:57:31.9711549+02:00" endTime="2016-08-04T09:57:31.9731598+02:00" testType="13cdc9d9-ddb5-4fa4-a97d-d965ccfc6d4b" outcome="Passed" testListId="8c84fa94-04c1-424b-9868-57a2d4851a1d" relativeResultsDirectory="49d93279-256b-41e8-83cd-f31f0def13fe" />
    <UnitTestResult executionId="d97a68f1-d477-49e4-88ae-8f55affff27f" testId="f3c51439-6109-9dd5-b740-af6f720d2b71" testName="ReadRecord_NoIndata_ReturnsNull" computerName="ICSWS068" duration="00:00:00.0011685" startTime="2016-08-04T09:57:31.9756604+02:00" endTime="2016-08-04T09:57:31.9786638+02:00" testType="13cdc9d9-ddb5-4fa4-a97d-d965ccfc6d4b" outcome="Passed" testListId="8c84fa94-04c1-424b-9868-57a2d4851a1d" relativeResultsDirectory="d97a68f1-d477-49e4-88ae-8f55affff27f" />
    <UnitTestResult executionId="73398f69-b60a-4bd0-a23c-2f1206114976" testId="4de499cd-aa35-0489-1675-b88c6d1e11eb" testName="ReadRecord_RecordEndsWithSepAndKeepRecordSeparatorIsTrue_RecordSeparatorKept" computerName="ICSWS068" duration="00:00:00.0006216" startTime="2016-08-04T09:57:31.9811491+02:00" endTime="2016-08-04T09:57:31.9831658+02:00" testType="13cdc9d9-ddb5-4fa4-a97d-d965ccfc6d4b" outcome="Passed" testListId="8c84fa94-04c1-424b-9868-57a2d4851a1d" relativeResultsDirectory="73398f69-b60a-4bd0-a23c-2f1206114976" />
    <UnitTestResult executionId="f121cb43-ddbd-4508-870f-3b805871930b" testId="9e29d60b-b14e-0952-27eb-9bbd56795a21" testName="ReadRecord_RecordEndsWithSepAndKeepRecordSeparatorIsFalse_RecordSeparatorNotKept" computerName="ICSWS068" duration="00:00:00.0003155" startTime="2016-08-04T09:57:31.9856535+02:00" endTime="2016-08-04T09:57:31.9871696+02:00" testType="13cdc9d9-ddb5-4fa4-a97d-d965ccfc6d4b" outcome="Passed" testListId="8c84fa94-04c1-424b-9868-57a2d4851a1d" relativeResultsDirectory="f121cb43-ddbd-4508-870f-3b805871930b" />
    <UnitTestResult executionId="9a0e407f-dae2-4857-8443-3c8f2ddab402" testId="05dbfaf5-bacb-3838-442d-830ad3c0915f" testName="ReadRecord_LastRecordDoesNotEndWithSep_ReturnsExpectedRecords" computerName="ICSWS068" duration="00:00:00.0005108" startTime="2016-08-04T09:57:31.9896543+02:00" endTime="2016-08-04T09:57:31.9911554+02:00" testType="13cdc9d9-ddb5-4fa4-a97d-d965ccfc6d4b" outcome="Passed" testListId="8c84fa94-04c1-424b-9868-57a2d4851a1d" relativeResultsDirectory="9a0e407f-dae2-4857-8443-3c8f2ddab402" />
    <UnitTestResult executionId="43a7e261-279a-43b4-ad21-bac53109e497" testId="4ef59d07-7847-5c56-a333-fde4001123d6" testName="ReadRecord_EmptyRecordsAndFilterEmptyRecordsIsTrue_ReturnsExpectedRecords" computerName="ICSWS068" duration="00:00:00.0004046" startTime="2016-08-04T09:57:31.9941621+02:00" endTime="2016-08-04T09:57:31.9956638+02:00" testType="13cdc9d9-ddb5-4fa4-a97d-d965ccfc6d4b" outcome="Passed" testListId="8c84fa94-04c1-424b-9868-57a2d4851a1d" relativeResultsDirectory="43a7e261-279a-43b4-ad21-bac53109e497" />
    <UnitTestResult executionId="d70f30b3-25a6-4131-91ea-4adbb82f8dae" testId="7f7c0eea-8718-b9da-4e71-0a4faac6ea34" testName="ReadRecord_EmptyRecordsAndFilterEmptyRecordsIsFalse_ReturnsExpectedRecords" computerName="ICSWS068" duration="00:00:00.0004477" startTime="2016-08-04T09:57:31.9986667+02:00" endTime="2016-08-04T09:57:32.0006667+02:00" testType="13cdc9d9-ddb5-4fa4-a97d-d965ccfc6d4b" outcome="Passed" testListId="8c84fa94-04c1-424b-9868-57a2d4851a1d" relativeResultsDirectory="d70f30b3-25a6-4131-91ea-4adbb82f8dae" />
    <UnitTestResult executionId="1c3e7549-9721-40c9-8b2a-e86abe90da29" testId="6f95584f-0412-2527-6a16-3542045b71b4" testName="ReadRecord_NoMoreRecords_ReturnsNull" computerName="ICSWS068" duration="00:00:00.0003255" startTime="2016-08-04T09:57:32.0036702+02:00" endTime="2016-08-04T09:57:32.0051695+02:00" testType="13cdc9d9-ddb5-4fa4-a97d-d965ccfc6d4b" outcome="Passed" testListId="8c84fa94-04c1-424b-9868-57a2d4851a1d" relativeResultsDirectory="1c3e7549-9721-40c9-8b2a-e86abe90da29" />
    <UnitTestResult executionId="aa7d4130-822a-43a7-9b67-7c876928e9bc" testId="0e291f5b-638a-ef4d-5602-a3c180bc9642" testName="ReadRecord_Unicode_ReturnsExpectedRecords" computerName="ICSWS068" duration="00:00:00.0005293" startTime="2016-08-04T09:57:32.0076716+02:00" endTime="2016-08-04T09:57:32.0101736+02:00" testType="13cdc9d9-ddb5-4fa4-a97d-d965ccfc6d4b" outcome="Passed" testListId="8c84fa94-04c1-424b-9868-57a2d4851a1d" relativeResultsDirectory="aa7d4130-822a-43a7-9b67-7c876928e9bc" />
    <UnitTestResult executionId="b2fa143a-e134-41ca-8c79-abeaf8ce8d21" testId="f4984a84-4740-290a-0334-a53e8cccfd89" testName="ReadRecord_EncodingSwitchedBetweenRecords_ReturnsExpectedRecords" computerName="ICSWS068" duration="00:00:00.0005782" startTime="2016-08-04T09:57:32.0130418+02:00" endTime="2016-08-04T09:57:32.0150453+02:00" testType="13cdc9d9-ddb5-4fa4-a97d-d965ccfc6d4b" outcome="Passed" testListId="8c84fa94-04c1-424b-9868-57a2d4851a1d" relativeResultsDirectory="b2fa143a-e134-41ca-8c79-abeaf8ce8d21" />
    <UnitTestResult executionId="bb6d9096-5a04-4a38-aa47-24f33663aabc" testId="cbfc7ebd-8ae2-fb4e-4668-88930c23ea8f" testName="ReadRecord_ConsumeReleaseCharactersIsConsumeAll_ExpectedRecordReturned" computerName="ICSWS068" duration="00:00:00.0003683" startTime="2016-08-04T09:57:32.0180479+02:00" endTime="2016-08-04T09:57:32.0195488+02:00" testType="13cdc9d9-ddb5-4fa4-a97d-d965ccfc6d4b" outcome="Passed" testListId="8c84fa94-04c1-424b-9868-57a2d4851a1d" relativeResultsDirectory="bb6d9096-5a04-4a38-aa47-24f33663aabc" />
    <UnitTestResult executionId="a56c6607-a766-4e26-bbb7-2a63b0dd8d5c" testId="5a9511de-2274-5567-a38f-d539315f2104" testName="ReadRecord_ConsumeReleaseCharactersIsConsumeReserved_ExpectedRecordReturned" computerName="ICSWS068" duration="00:00:00.0003826" startTime="2016-08-04T09:57:32.0225502+02:00" endTime="2016-08-04T09:57:32.0240513+02:00" testType="13cdc9d9-ddb5-4fa4-a97d-d965ccfc6d4b" outcome="Passed" testListId="8c84fa94-04c1-424b-9868-57a2d4851a1d" relativeResultsDirectory="a56c6607-a766-4e26-bbb7-2a63b0dd8d5c" />
    <UnitTestResult executionId="362d6b52-dd97-46a6-ae00-6c8f2856a323" testId="c938d5a4-0a3c-16e1-1da3-33c60fb017e4" testName="StartPositionOfLastRecord_NoRecordsRead_ReturnsMinusOne" computerName="ICSWS068" duration="00:00:00.0003794" startTime="2016-08-04T09:57:32.0280545+02:00" endTime="2016-08-04T09:57:32.0300559+02:00" testType="13cdc9d9-ddb5-4fa4-a97d-d965ccfc6d4b" outcome="Passed" testListId="8c84fa94-04c1-424b-9868-57a2d4851a1d" relativeResultsDirectory="362d6b52-dd97-46a6-ae00-6c8f2856a323" />
    <UnitTestResult executionId="201a6091-6b4c-4fcf-bbcb-0656f30094f2" testId="b783e15d-b8de-d3a3-d467-bea115711f1e" testName="StartPositionOfLastRecord_OneRecordRead_ReturnsZero" computerName="ICSWS068" duration="00:00:00.0003510" startTime="2016-08-04T09:57:32.0330579+02:00" endTime="2016-08-04T09:57:32.0345588+02:00" testType="13cdc9d9-ddb5-4fa4-a97d-d965ccfc6d4b" outcome="Passed" testListId="8c84fa94-04c1-424b-9868-57a2d4851a1d" relativeResultsDirectory="201a6091-6b4c-4fcf-bbcb-0656f30094f2" />
    <UnitTestResult executionId="6e6839d3-584a-4343-b140-9eff3bb08906" testId="0d2070aa-882b-8821-fdfc-6b3e1cd526a5" testName="StartPositionOfLastRecord_TwoRecordsRead_ReturnsStartPositionOfSecondRecord" computerName="ICSWS068" duration="00:00:00.0004624" startTime="2016-08-04T09:57:32.0370608+02:00" endTime="2016-08-04T09:57:32.0390625+02:00" testType="13cdc9d9-ddb5-4fa4-a97d-d965ccfc6d4b" outcome="Passed" testListId="8c84fa94-04c1-424b-9868-57a2d4851a1d" relativeResultsDirectory="6e6839d3-584a-4343-b140-9eff3bb08906" />
    <UnitTestResult executionId="1682101b-7598-4c07-8c47-8d1049d61f91" testId="55672007-1197-86a1-c129-921eb7ad77ca" testName="SetPosition_PositionChanged_ReturnsExpectedRecord" computerName="ICSWS068" duration="00:00:00.0003961" startTime="2016-08-04T09:57:32.0425648+02:00" endTime="2016-08-04T09:57:32.0445659+02:00" testType="13cdc9d9-ddb5-4fa4-a97d-d965ccfc6d4b" outcome="Passed" testListId="8c84fa94-04c1-424b-9868-57a2d4851a1d" relativeResultsDirectory="1682101b-7598-4c07-8c47-8d1049d61f91" />
    <UnitTestResult executionId="abe41b3a-9789-420f-8233-53acbde323b6" testId="8d96d6ba-997f-e1b4-422b-256ef6e4fb7f" testName="SetPosition_InvalidValue_Throws" computerName="ICSWS068" duration="00:00:00.0006718" startTime="2016-08-04T09:57:32.0475682+02:00" endTime="2016-08-04T09:57:32.0495697+02:00" testType="13cdc9d9-ddb5-4fa4-a97d-d965ccfc6d4b" outcome="Passed" testListId="8c84fa94-04c1-424b-9868-57a2d4851a1d" relativeResultsDirectory="abe41b3a-9789-420f-8233-53acbde323b6" />
    <UnitTestResult executionId="ec51742c-7073-46b3-8fce-27c8702c904b" testId="cdddecb0-e454-d589-d95b-4dbbfaf991a1" testName="Dispose_DoesNotCloseStream" computerName="ICSWS068" duration="00:00:00.0011979" startTime="2016-08-04T09:57:32.0520714+02:00" endTime="2016-08-04T09:57:32.0545731+02:00" testType="13cdc9d9-ddb5-4fa4-a97d-d965ccfc6d4b" outcome="Passed" testListId="8c84fa94-04c1-424b-9868-57a2d4851a1d" relativeResultsDirectory="ec51742c-7073-46b3-8fce-27c8702c904b" />
    <UnitTestResult executionId="29e66ce6-8171-493a-9c7a-5ed29e3b36b0" testId="32b16d8d-629e-6c4d-568f-c924956be0a4" testName="ReadRecord_NoIndata_ReturnsNull" computerName="ICSWS068" duration="00:00:00.0013298" startTime="2016-08-04T09:57:32.0570754+02:00" endTime="2016-08-04T09:57:32.0600774+02:00" testType="13cdc9d9-ddb5-4fa4-a97d-d965ccfc6d4b" outcome="Passed" testListId="8c84fa94-04c1-424b-9868-57a2d4851a1d" relativeResultsDirectory="29e66ce6-8171-493a-9c7a-5ed29e3b36b0" />
    <UnitTestResult executionId="c2a55609-d70c-4563-bee6-92fdf811c5bf" testId="509c4524-c062-4172-9236-85031a3bd5ed" testName="ReadRecord_InvalidDataAtRecLengthPos_Throws" computerName="ICSWS068" duration="00:00:00.0005428" startTime="2016-08-04T09:57:32.0635797+02:00" endTime="2016-08-04T09:57:32.0660820+02:00" testType="13cdc9d9-ddb5-4fa4-a97d-d965ccfc6d4b" outcome="Passed" testListId="8c84fa94-04c1-424b-9868-57a2d4851a1d" relativeResultsDirectory="c2a55609-d70c-4563-bee6-92fdf811c5bf" />
    <UnitTestResult executionId="fc809dcd-9254-48dc-902c-12a2e1b2a7dd" testId="a6e559d8-7980-b562-b63a-5bc53cb4c3c8" testName="ReadRecord_NegativeRecLength_Throws" computerName="ICSWS068" duration="00:00:00.0004372" startTime="2016-08-04T09:57:32.0685834+02:00" endTime="2016-08-04T09:57:32.0700843+02:00" testType="13cdc9d9-ddb5-4fa4-a97d-d965ccfc6d4b" outcome="Passed" testListId="8c84fa94-04c1-424b-9868-57a2d4851a1d" relativeResultsDirectory="fc809dcd-9254-48dc-902c-12a2e1b2a7dd" />
    <UnitTestResult executionId="c0dc48a2-d50d-46ab-8373-cf13d9588608" testId="144ecd4b-e196-04de-677b-1b5473c6cb69" testName="ReadRecord_RecordLengthNotInBeginning_ReturnsExpectedRecord" computerName="ICSWS068" duration="00:00:00.0004026" startTime="2016-08-04T09:57:32.0730866+02:00" endTime="2016-08-04T09:57:32.0750883+02:00" testType="13cdc9d9-ddb5-4fa4-a97d-d965ccfc6d4b" outcome="Passed" testListId="8c84fa94-04c1-424b-9868-57a2d4851a1d" relativeResultsDirectory="c0dc48a2-d50d-46ab-8373-cf13d9588608" />
    <UnitTestResult executionId="30298d7e-8d8f-4f6e-9c52-49b2ff41d18e" testId="d26ca062-0c07-f10c-b7ba-1da559e7a1f7" testName="ReadRecord_KeepRecordSeparatorTrue_ReturnsExpectedRecord" computerName="ICSWS068" duration="00:00:00.0005348" startTime="2016-08-04T09:57:32.0780906+02:00" endTime="2016-08-04T09:57:32.0805923+02:00" testType="13cdc9d9-ddb5-4fa4-a97d-d965ccfc6d4b" outcome="Passed" testListId="8c84fa94-04c1-424b-9868-57a2d4851a1d" relativeResultsDirectory="30298d7e-8d8f-4f6e-9c52-49b2ff41d18e" />
    <UnitTestResult executionId="73433147-feec-4b04-a59d-7a0de5b5e197" testId="03d959ff-4c1f-bbf3-501a-805716ba6cd3" testName="ReadRecord_KeepRecordSeparatorFalse_ReturnsExpectedRecord" computerName="ICSWS068" duration="00:00:00.0005096" startTime="2016-08-04T09:57:32.0830937+02:00" endTime="2016-08-04T09:57:32.0855957+02:00" testType="13cdc9d9-ddb5-4fa4-a97d-d965ccfc6d4b" outcome="Passed" testListId="8c84fa94-04c1-424b-9868-57a2d4851a1d" relativeResultsDirectory="73433147-feec-4b04-a59d-7a0de5b5e197" />
    <UnitTestResult executionId="f5ade475-8e8b-46d7-88dd-1eac7c373786" testId="fb7e3466-ce3d-aff6-c25f-b7b7bf37c03e" testName="ReadRecord_Unicode_ReturnsExpectedRecord" computerName="ICSWS068" duration="00:00:00.0003964" startTime="2016-08-04T09:57:32.0885977+02:00" endTime="2016-08-04T09:57:32.0905995+02:00" testType="13cdc9d9-ddb5-4fa4-a97d-d965ccfc6d4b" outcome="Passed" testListId="8c84fa94-04c1-424b-9868-57a2d4851a1d" relativeResultsDirectory="f5ade475-8e8b-46d7-88dd-1eac7c373786" />
    <UnitTestResult executionId="ee3203c1-e731-4a17-84da-d462a4e47591" testId="7cb261fa-f928-042e-b323-91ac5dfd2ae1" testName="ReadRecord_NotEnoughData_Throws" computerName="ICSWS068" duration="00:00:00.0006407" startTime="2016-08-04T09:57:32.0941062+02:00" endTime="2016-08-04T09:57:32.0961076+02:00" testType="13cdc9d9-ddb5-4fa4-a97d-d965ccfc6d4b" outcome="Passed" testListId="8c84fa94-04c1-424b-9868-57a2d4851a1d" relativeResultsDirectory="ee3203c1-e731-4a17-84da-d462a4e47591" />
    <UnitTestResult executionId="65a781c5-4e18-4a28-b385-8a1b6c287f04" testId="68d592ce-6ef4-aa36-2ccb-050ad793d49f" testName="ReadRecord_MultipleReadRecord_ReturnsExpectedRecords" computerName="ICSWS068" duration="00:00:00.0007231" startTime="2016-08-04T09:57:32.0996102+02:00" endTime="2016-08-04T09:57:32.1021122+02:00" testType="13cdc9d9-ddb5-4fa4-a97d-d965ccfc6d4b" outcome="Passed" testListId="8c84fa94-04c1-424b-9868-57a2d4851a1d" relativeResultsDirectory="65a781c5-4e18-4a28-b385-8a1b6c287f04" />
    <UnitTestResult executionId="18c500b4-e700-4ffc-8d9f-cc677ee83c63" testId="029c2469-0a60-be2d-b1f7-e99308d76256" testName="ReadRecord_NoMoreRecords_ReturnsNull" computerName="ICSWS068" duration="00:00:00.0004052" startTime="2016-08-04T09:57:32.1056189+02:00" endTime="2016-08-04T09:57:32.1071203+02:00" testType="13cdc9d9-ddb5-4fa4-a97d-d965ccfc6d4b" outcome="Passed" testListId="8c84fa94-04c1-424b-9868-57a2d4851a1d" relativeResultsDirectory="18c500b4-e700-4ffc-8d9f-cc677ee83c63" />
    <UnitTestResult executionId="edbbaa87-1782-4761-aebd-d87132023f7f" testId="b8078f77-c439-bbf3-d10b-7aad66fad53f" testName="ReadRecord_EncodingSwitchedBetweenRecords_ReturnsExpectedRecords" computerName="ICSWS068" duration="00:00:00.0004744" startTime="2016-08-04T09:57:32.1106232+02:00" endTime="2016-08-04T09:57:32.1121240+02:00" testType="13cdc9d9-ddb5-4fa4-a97d-d965ccfc6d4b" outcome="Passed" testListId="8c84fa94-04c1-424b-9868-57a2d4851a1d" relativeResultsDirectory="edbbaa87-1782-4761-aebd-d87132023f7f" />
    <UnitTestResult executionId="acacc15e-b34e-43c0-b361-eabc825ff1fd" testId="23bfb31d-b15d-d5ce-3ebb-a53ddb4c27bc" testName="ReadRecord_PositionChangedBetweenRecords_ReturnsExpectedRecords" computerName="ICSWS068" duration="00:00:00.0004073" startTime="2016-08-04T09:57:32.1146258+02:00" endTime="2016-08-04T09:57:32.1161266+02:00" testType="13cdc9d9-ddb5-4fa4-a97d-d965ccfc6d4b" outcome="Passed" testListId="8c84fa94-04c1-424b-9868-57a2d4851a1d" relativeResultsDirectory="acacc15e-b34e-43c0-b361-eabc825ff1fd" />
    <UnitTestResult executionId="d5e1a12e-d462-490f-9649-8bde02f36092" testId="d40ccb35-dece-5fe1-f55c-fcd6bedc72be" testName="Read_CallbackNullAndBeginProcIdMinusOne_Throws" computerName="ICSWS068" duration="00:00:00.0280204" startTime="2016-08-04T09:57:32.1196292+02:00" endTime="2016-08-04T09:57:32.1491501+02:00" testType="13cdc9d9-ddb5-4fa4-a97d-d965ccfc6d4b" outcome="Passed" testListId="8c84fa94-04c1-424b-9868-57a2d4851a1d" relativeResultsDirectory="d5e1a12e-d462-490f-9649-8bde02f36092" />
    <UnitTestResult executionId="6ee6c50e-e862-42fc-aa40-8a2c67bdc2c2" testId="97d27ebb-3165-5886-c70f-cc04177907b7" testName="Read_CallbackNullBeginProcIdAndPreprocessProcIdMinusOne_Throws" computerName="ICSWS068" duration="00:00:00.0007196" startTime="2016-08-04T09:57:32.1526527+02:00" endTime="2016-08-04T09:57:32.1546541+02:00" testType="13cdc9d9-ddb5-4fa4-a97d-d965ccfc6d4b" outcome="Passed" testListId="8c84fa94-04c1-424b-9868-57a2d4851a1d" relativeResultsDirectory="6ee6c50e-e862-42fc-aa40-8a2c67bdc2c2" />
    <UnitTestResult executionId="7888a09c-d6ba-46b5-be2e-d74a161a3175" testId="35cafeeb-8990-372a-f4a1-0b9b8110a419" testName="IsMatch_DefaultConstructor_ReturnsTrue" computerName="ICSWS068" duration="00:00:00.0004979" startTime="2016-08-04T09:57:32.1571561+02:00" endTime="2016-08-04T09:57:32.1591575+02:00" testType="13cdc9d9-ddb5-4fa4-a97d-d965ccfc6d4b" outcome="Passed" testListId="8c84fa94-04c1-424b-9868-57a2d4851a1d" relativeResultsDirectory="7888a09c-d6ba-46b5-be2e-d74a161a3175" />
    <UnitTestResult executionId="da434957-b70b-4854-8929-af5585652994" testId="054764a1-acb6-cb5e-3435-5e27e4665a47" testName="IsMatch_ConstructorWithNull_ReturnsFalse" computerName="ICSWS068" duration="00:00:00.0002853" startTime="2016-08-04T09:57:32.1636607+02:00" endTime="2016-08-04T09:57:32.1651618+02:00" testType="13cdc9d9-ddb5-4fa4-a97d-d965ccfc6d4b" outcome="Passed" testListId="8c84fa94-04c1-424b-9868-57a2d4851a1d" relativeResultsDirectory="da434957-b70b-4854-8929-af5585652994" />
    <UnitTestResult executionId="22082bce-81a0-42e5-9d7f-1162ea4a160f" testId="100e7e8b-6c5c-81f1-283b-ffb72153db43" testName="IsMatch_ConstructorWithEmptyString_ReturnsFalse" computerName="ICSWS068" duration="00:00:00.0001366" startTime="2016-08-04T09:57:32.1676639+02:00" endTime="2016-08-04T09:57:32.1686647+02:00" testType="13cdc9d9-ddb5-4fa4-a97d-d965ccfc6d4b" outcome="Passed" testListId="8c84fa94-04c1-424b-9868-57a2d4851a1d" relativeResultsDirectory="22082bce-81a0-42e5-9d7f-1162ea4a160f" />
    <UnitTestResult executionId="7e57bf6f-fd3c-45c1-908d-ed62b8cb42fd" testId="9bd07c18-5d56-1fd9-80af-402412d9456b" testName="IsMatch_ConstructorWithNonEmptyString_ReturnsFalse" computerName="ICSWS068" duration="00:00:00.0001307" startTime="2016-08-04T09:57:32.1711658+02:00" endTime="2016-08-04T09:57:32.1721667+02:00" testType="13cdc9d9-ddb5-4fa4-a97d-d965ccfc6d4b" outcome="Passed" testListId="8c84fa94-04c1-424b-9868-57a2d4851a1d" relativeResultsDirectory="7e57bf6f-fd3c-45c1-908d-ed62b8cb42fd" />
    <UnitTestResult executionId="d1567ca9-ecf4-4c2b-b562-0f4d4c8376c1" testId="f6fbf79d-b89f-ef98-fad2-ef88cfe75fc8" testName="MatchError_DefaultConstructor_ReturnsNull" computerName="ICSWS068" duration="00:00:00.0001334" startTime="2016-08-04T09:57:32.1746684+02:00" endTime="2016-08-04T09:57:32.1756699+02:00" testType="13cdc9d9-ddb5-4fa4-a97d-d965ccfc6d4b" outcome="Passed" testListId="8c84fa94-04c1-424b-9868-57a2d4851a1d" relativeResultsDirectory="d1567ca9-ecf4-4c2b-b562-0f4d4c8376c1" />
    <UnitTestResult executionId="f48403eb-3aec-4cfe-8cf7-59c8b7dd2fdd" testId="5d33a87f-adb5-8148-e98a-05422bf852a4" testName="MatchError_ConstructorWithNull_ReturnsEmptyString" computerName="ICSWS068" duration="00:00:00.0001436" startTime="2016-08-04T09:57:32.1781713+02:00" endTime="2016-08-04T09:57:32.1796719+02:00" testType="13cdc9d9-ddb5-4fa4-a97d-d965ccfc6d4b" outcome="Passed" testListId="8c84fa94-04c1-424b-9868-57a2d4851a1d" relativeResultsDirectory="f48403eb-3aec-4cfe-8cf7-59c8b7dd2fdd" />
    <UnitTestResult executionId="6e866d2f-d314-45d9-b887-046489f75802" testId="8779f6d5-349a-5680-2b08-4d744b053eb5" testName="MatchError_ConstructorWithEmptyString_ReturnsEmptyString" computerName="ICSWS068" duration="00:00:00.0001694" startTime="2016-08-04T09:57:32.1821742+02:00" endTime="2016-08-04T09:57:32.1836756+02:00" testType="13cdc9d9-ddb5-4fa4-a97d-d965ccfc6d4b" outcome="Passed" testListId="8c84fa94-04c1-424b-9868-57a2d4851a1d" relativeResultsDirectory="6e866d2f-d314-45d9-b887-046489f75802" />
    <UnitTestResult executionId="8872eb18-1c89-401f-83b8-e41de7e08d53" testId="b86d0dcc-6438-d53f-30e8-fd4fc12ac7ee" testName="MatchError_ConstructorWithNonEmptyString_ReturnsTheString" computerName="ICSWS068" duration="00:00:00.0001524" startTime="2016-08-04T09:57:32.1861770+02:00" endTime="2016-08-04T09:57:32.1876776+02:00" testType="13cdc9d9-ddb5-4fa4-a97d-d965ccfc6d4b" outcome="Passed" testListId="8c84fa94-04c1-424b-9868-57a2d4851a1d" relativeResultsDirectory="8872eb18-1c89-401f-83b8-e41de7e08d53" />
    <UnitTestResult executionId="086cbe1b-f2e4-4c7d-83e0-269a97d28f7b" testId="d0098902-096f-ae6a-39d9-5f525cd344e8" testName="AddGroup_CurrentIsGroup_GroupIsParent" computerName="ICSWS068" duration="00:00:00.0811324" startTime="2016-08-04T09:57:32.1896790+02:00" endTime="2016-08-04T09:57:32.2726817+02:00" testType="13cdc9d9-ddb5-4fa4-a97d-d965ccfc6d4b" outcome="Passed" testListId="8c84fa94-04c1-424b-9868-57a2d4851a1d" relativeResultsDirectory="086cbe1b-f2e4-4c7d-83e0-269a97d28f7b" />
    <UnitTestResult executionId="9eb0f162-15e4-4228-89b0-0ee35438c90c" testId="9fa5c7fc-ca18-1110-1568-58ed055905de" testName="AddGroup_CurrentIsGroupWithinGroup_NodeAddedToBottomGroup" computerName="ICSWS068" duration="00:00:00.0007510" startTime="2016-08-04T09:57:32.2751676+02:00" endTime="2016-08-04T09:57:32.2771840+02:00" testType="13cdc9d9-ddb5-4fa4-a97d-d965ccfc6d4b" outcome="Passed" testListId="8c84fa94-04c1-424b-9868-57a2d4851a1d" relativeResultsDirectory="9eb0f162-15e4-4228-89b0-0ee35438c90c" />
    <UnitTestResult executionId="832a41a4-aeb5-4765-9438-9ffc256118bf" testId="728b9d0a-c24d-64d7-669e-92f406e69169" testName="EndGroup_AfterEndGroup_NextAddHasStructureNodeAsParent" computerName="ICSWS068" duration="00:00:00.2792714" startTime="2016-08-04T09:57:32.2801704+02:00" endTime="2016-08-04T09:57:32.5611636+02:00" testType="13cdc9d9-ddb5-4fa4-a97d-d965ccfc6d4b" outcome="Passed" testListId="8c84fa94-04c1-424b-9868-57a2d4851a1d" relativeResultsDirectory="832a41a4-aeb5-4765-9438-9ffc256118bf">
      <Output>
        <StdOut>0:
(, /g1, /r1)
&lt;null&gt;
1:
(, /g1, /r1)
&lt;null&gt;
2:
(, /g2, /r3)
&lt;null&gt;
3:
(, /g1, /r1)
&lt;null&gt;
4:
(, /g1, /r2)
&lt;null&gt;
5:
(, /g6, /r5)
&lt;null&gt;
6:
(, /g1, /r1)
&lt;null&gt;
7:
(, /g4, /r2)
&lt;null&gt;
8:
(, /g1, /r2)
&lt;null&gt;
9:
(, /g2, /r1)
&lt;null&gt;
10:
(, /g2, /r5)
&lt;null&gt;
11:
(, /g1, /r1)
&lt;null&gt;
12:
(, /g2, /r1)
&lt;null&gt;
13:
(, /g1, /r6)
&lt;null&gt;
14:
(, /g11, /r9)
&lt;null&gt;
15:
(, /g2, /r1)
&lt;null&gt;
16:
(, /g5, /r2)
&lt;null&gt;
17:
(, /g4, /r5)
&lt;null&gt;
18:
(, /g1, /r1)
&lt;null&gt;
19:
(, /g2, /r14)
&lt;null&gt;
20:
(, /g2, /r2)
&lt;null&gt;
21:
(, /g1, /r2)
&lt;null&gt;
22:
(, /g2, /r4)
&lt;null&gt;
23:
(, /g4, /r10)
&lt;null&gt;
24:
(, /g9, /r10)
&lt;null&gt;
25:
(, /g7, /r5)
&lt;null&gt;
26:
(, /g18, /r17)
&lt;null&gt;
27:
(, /g3, /r3)
&lt;null&gt;
28:
(, /g3, /r4)
&lt;null&gt;
29:
(, /g1, /r2)
&lt;null&gt;
30:
(, /g8, /r12)
&lt;null&gt;
31:
(, /g8, /r4)
&lt;null&gt;
32:
(, /g17, /r4)
&lt;null&gt;
33:
(, /g7, /r21)
&lt;null&gt;
34:
(, /g21, /r2)
&lt;null&gt;
35:
(, /g5, /r4)
&lt;null&gt;
36:
(, /g24, /r6)
&lt;null&gt;
37:
(, /g4, /r10)
&lt;null&gt;
38:
(, /g1, /r1)
&lt;null&gt;
39:
(, /g15, /r22)
&lt;null&gt;
40:
(, /g13, /r19)
&lt;null&gt;
41:
(, /g8, /r3)
&lt;null&gt;
42:
(, /g1, /r6)
&lt;null&gt;
43:
(, /g29, /r3)
&lt;null&gt;
44:
(, /g1, /r1)
&lt;null&gt;
45:
(, /g10, /r5)
&lt;null&gt;
46:
(, /g9, /r9)
&lt;null&gt;
47:
(, /g4, /r2)
&lt;null&gt;
48:
(, /g28, /r42)
&lt;null&gt;
49:
(, /g1, /r1)
&lt;null&gt;
50:
(, /g16, /r12)
&lt;null&gt;
51:
(, /g41, /r3)
&lt;null&gt;
52:
(, /g15, /r21)
&lt;null&gt;
53:
(, /g19, /r11)
&lt;null&gt;
54:
(, /g8, /r22)
&lt;null&gt;
55:
(, /g1, /r1)
&lt;null&gt;
56:
(, /g21, /r20)
&lt;null&gt;
57:
(, /g35, /r37)
&lt;null&gt;
58:
(, /g13, /r29)
&lt;null&gt;
59:
(, /g35, /r7)
&lt;null&gt;
60:
(, /g15, /r7)
&lt;null&gt;
61:
(, /g21, /r15)
&lt;null&gt;
62:
(, /g7, /r6)
&lt;null&gt;
63:
(, /g23, /r30)
&lt;null&gt;
64:
(, /g38, /r31)
&lt;null&gt;
65:
(, /g13, /r12)
&lt;null&gt;
66:
(, /g46, /r5)
&lt;null&gt;
67:
(, /g18, /r17)
&lt;null&gt;
68:
(, /g6, /r10)
&lt;null&gt;
69:
(, /g8, /r5)
&lt;null&gt;
70:
(, /g17, /r19)
&lt;null&gt;
71:
(, /g36, /r14)
&lt;null&gt;
72:
(, /g7, /r7)
&lt;null&gt;
73:
(, /g6, /r14)
&lt;null&gt;
74:
(, /g18, /r41)
&lt;null&gt;
75:
(, /g38, /r33)
&lt;null&gt;
76:
(, /g22, /r5)
&lt;null&gt;
77:
(, /g7, /r24)
&lt;null&gt;
78:
(, /g23, /r46)
&lt;null&gt;
79:
(, /g12, /r30)
&lt;null&gt;
80:
(, /g57, /r12)
&lt;null&gt;
81:
(, /g73, /r65)
&lt;null&gt;
82:
(, /g10, /r19)
&lt;null&gt;
83:
(, /g27, /r56)
&lt;null&gt;
84:
(, /g8, /r8)
&lt;null&gt;
85:
(, /g39, /r58)
&lt;null&gt;
86:
(, /g55, /r39)
&lt;null&gt;
87:
(, /g8, /r4)
&lt;null&gt;
88:
(, /g38, /r23)
&lt;null&gt;
89:
(, /g2, /r36)
&lt;null&gt;
90:
(, /g21, /r24)
&lt;null&gt;
91:
(, /g49, /r37)
&lt;null&gt;
92:
(, /g47, /r35)
&lt;null&gt;
93:
(, /g40, /r5)
&lt;null&gt;
94:
(, /g7, /r27)
&lt;null&gt;
95:
(, /g15, /r6)
&lt;null&gt;
96:
(, /g7, /r28)
&lt;null&gt;
97:
(, /g39, /r29)
&lt;null&gt;
98:
(, /g17, /r15)
&lt;null&gt;
99:
(, /g23, /r26)
&lt;null&gt;
Ok, passed 100 tests.</StdOut>
      </Output>
    </UnitTestResult>
    <UnitTestResult executionId="fafd8e7c-dace-45d0-8ca1-724f8e01c6a1" testId="97847163-83f7-e90b-56c8-5f285c454cd4" testName="ReadRecord_TwoRecordsOnTopLevel_CallbacksCalled" computerName="ICSWS068" duration="00:00:00.0167614" startTime="2016-08-04T09:57:32.5647034+02:00" endTime="2016-08-04T09:57:32.5832178+02:00" testType="13cdc9d9-ddb5-4fa4-a97d-d965ccfc6d4b" outcome="Passed" testListId="8c84fa94-04c1-424b-9868-57a2d4851a1d" relativeResultsDirectory="fafd8e7c-dace-45d0-8ca1-724f8e01c6a1" />
    <UnitTestResult executionId="d0a82756-1f47-43ae-847d-2c049acf5b57" testId="d8c50de1-e2cb-b992-57e3-c9e22271ee1f" testName="ReadRecord_TwoRecordsOnTopLevelSecondHasNoMatch_ThrowsException" computerName="ICSWS068" duration="00:00:00.0040459" startTime="2016-08-04T09:57:32.5857342+02:00" endTime="2016-08-04T09:57:32.5912402+02:00" testType="13cdc9d9-ddb5-4fa4-a97d-d965ccfc6d4b" outcome="Passed" testListId="8c84fa94-04c1-424b-9868-57a2d4851a1d" relativeResultsDirectory="d0a82756-1f47-43ae-847d-2c049acf5b57" />
    <UnitTestResult executionId="0cec86d5-ec4e-4e08-a8d0-b03b50526b35" testId="5e31002a-13bd-7a62-d576-90b6b859ee7a" testName="ReadRecord_MissingMandatoryRecord_ThrownExceptionContainsInfoFromValueMatchesRecord" computerName="ICSWS068" duration="00:00:00.0033456" startTime="2016-08-04T09:57:32.5937425+02:00" endTime="2016-08-04T09:57:32.5987630+02:00" testType="13cdc9d9-ddb5-4fa4-a97d-d965ccfc6d4b" outcome="Passed" testListId="8c84fa94-04c1-424b-9868-57a2d4851a1d" relativeResultsDirectory="0cec86d5-ec4e-4e08-a8d0-b03b50526b35" />
    <UnitTestResult executionId="f16fb5b6-f408-4bfc-bfea-83d341eb6bb4" testId="a3ee7986-1766-2157-bce1-b5b39cda35de" testName="ReadRecord_TwoRecordsOneInGroup_CallbacksCalled" computerName="ICSWS068" duration="00:00:00.0068549" startTime="2016-08-04T09:57:32.6012480+02:00" endTime="2016-08-04T09:57:32.6088490+02:00" testType="13cdc9d9-ddb5-4fa4-a97d-d965ccfc6d4b" outcome="Passed" testListId="8c84fa94-04c1-424b-9868-57a2d4851a1d" relativeResultsDirectory="f16fb5b6-f408-4bfc-bfea-83d341eb6bb4" />
    <UnitTestResult executionId="dd42a759-8397-461f-acca-e26357a1571f" testId="819b98f0-e067-f006-cd5a-0a558b4acb2f" testName="ReadRecord_TwoRecordsInAGroupInGroup_CallbacksCalled" computerName="ICSWS068" duration="00:00:00.0073599" startTime="2016-08-04T09:57:32.6118525+02:00" endTime="2016-08-04T09:57:32.6203790+02:00" testType="13cdc9d9-ddb5-4fa4-a97d-d965ccfc6d4b" outcome="Passed" testListId="8c84fa94-04c1-424b-9868-57a2d4851a1d" relativeResultsDirectory="dd42a759-8397-461f-acca-e26357a1571f" />
    <UnitTestResult executionId="bc9c3fba-0cc1-49a3-ae72-9ff8b1191e03" testId="86083a3d-faed-ef18-5cc9-1efa2f711982" testName="ReadRecord_ThreeRecordsOneOptional_CallbacksCalledAndOptionalSkipped" computerName="ICSWS068" duration="00:00:00.0051702" startTime="2016-08-04T09:57:32.6233822+02:00" endTime="2016-08-04T09:57:32.6298882+02:00" testType="13cdc9d9-ddb5-4fa4-a97d-d965ccfc6d4b" outcome="Passed" testListId="8c84fa94-04c1-424b-9868-57a2d4851a1d" relativeResultsDirectory="bc9c3fba-0cc1-49a3-ae72-9ff8b1191e03" />
    <UnitTestResult executionId="ebddcd02-14c5-4079-a4ed-e9a4623de6c6" testId="cc864a59-5a72-3ad7-dbc5-e29c3eb53df7" testName="ReadRecord_ThreeRecordsOneMandatoryMissing_ThrowsExceptionForMandatoryMissing" computerName="ICSWS068" duration="00:00:00.0034796" startTime="2016-08-04T09:57:32.6323929+02:00" endTime="2016-08-04T09:57:32.6368955+02:00" testType="13cdc9d9-ddb5-4fa4-a97d-d965ccfc6d4b" outcome="Passed" testListId="8c84fa94-04c1-424b-9868-57a2d4851a1d" relativeResultsDirectory="ebddcd02-14c5-4079-a4ed-e9a4623de6c6" />
    <UnitTestResult executionId="92ce2528-39c0-46ac-a8d0-c4e7fb551fcd" testId="8b56703b-a5e8-82a3-7916-568daf1783a4" testName="ReadRecord_TwoRecordsInMandatoryGroupWhereSecondRecordNotMatching_SecondReadThrows" computerName="ICSWS068" duration="00:00:00.0031166" startTime="2016-08-04T09:57:32.6394145+02:00" endTime="2016-08-04T09:57:32.6437877+02:00" testType="13cdc9d9-ddb5-4fa4-a97d-d965ccfc6d4b" outcome="Passed" testListId="8c84fa94-04c1-424b-9868-57a2d4851a1d" relativeResultsDirectory="92ce2528-39c0-46ac-a8d0-c4e7fb551fcd" />
    <UnitTestResult executionId="c5a6c51d-7851-4f6e-9df8-33917a6bea63" testId="0b96b045-2143-452f-9b8e-db55e27fec86" testName="ReadRecord_MandatoryGroupThatIsNotFound_ThrowsException" computerName="ICSWS068" duration="00:00:00.0055321" startTime="2016-08-04T09:57:32.6467897+02:00" endTime="2016-08-04T09:57:32.6538136+02:00" testType="13cdc9d9-ddb5-4fa4-a97d-d965ccfc6d4b" outcome="Passed" testListId="8c84fa94-04c1-424b-9868-57a2d4851a1d" relativeResultsDirectory="c5a6c51d-7851-4f6e-9df8-33917a6bea63" />
    <UnitTestResult executionId="193792fa-be64-427a-b085-1a450ef3e23d" testId="531e6639-28f0-ccd9-71db-569e9b1b5737" testName="ReadFinished_MandatoryRecordNotRead_ThrowsException" computerName="ICSWS068" duration="00:00:00.0047811" startTime="2016-08-04T09:57:32.6567983+02:00" endTime="2016-08-04T09:57:32.6628211+02:00" testType="13cdc9d9-ddb5-4fa4-a97d-d965ccfc6d4b" outcome="Passed" testListId="8c84fa94-04c1-424b-9868-57a2d4851a1d" relativeResultsDirectory="193792fa-be64-427a-b085-1a450ef3e23d" />
    <UnitTestResult executionId="83db49c0-5511-4c21-a789-8d9517974ea9" testId="4c51b0ef-71e8-70ff-a0cd-628dfcb7988d" testName="ReadFinished_EndsWithVirtualRecords_OnVirtualRecordsCalled" computerName="ICSWS068" duration="00:00:00.0056429" startTime="2016-08-04T09:57:32.6658249+02:00" endTime="2016-08-04T09:57:32.6728297+02:00" testType="13cdc9d9-ddb5-4fa4-a97d-d965ccfc6d4b" outcome="Passed" testListId="8c84fa94-04c1-424b-9868-57a2d4851a1d" relativeResultsDirectory="83db49c0-5511-4c21-a789-8d9517974ea9" />
    <UnitTestResult executionId="fea33ccc-a130-424f-b067-e07a4bfe2e2c" testId="891434d5-aa4d-c2af-27b5-75d73294e73a" testName="ReadFinished_NestedGroupsOpenWithVirtualRecordsLeft_CallbacksCalled" computerName="ICSWS068" duration="00:00:00.0075622" startTime="2016-08-04T09:57:32.6753323+02:00" endTime="2016-08-04T09:57:32.6843381+02:00" testType="13cdc9d9-ddb5-4fa4-a97d-d965ccfc6d4b" outcome="Passed" testListId="8c84fa94-04c1-424b-9868-57a2d4851a1d" relativeResultsDirectory="fea33ccc-a130-424f-b067-e07a4bfe2e2c" />
    <UnitTestResult executionId="39f5a577-3690-4ec3-8522-0f559f78ef39" testId="45973ff9-7731-1b7a-8526-699958669b30" testName="SetStringBeginChar_OneRecord_Success" computerName="ICSWS068" duration="00:00:00.0024929" startTime="2016-08-04T09:57:32.6873547+02:00" endTime="2016-08-04T09:57:32.6913596+02:00" testType="13cdc9d9-ddb5-4fa4-a97d-d965ccfc6d4b" outcome="Passed" testListId="8c84fa94-04c1-424b-9868-57a2d4851a1d" relativeResultsDirectory="39f5a577-3690-4ec3-8522-0f559f78ef39" />
    <UnitTestResult executionId="8d98b878-5cfc-4d3a-b78d-6adf40c21f84" testId="3491edb2-1f57-1594-e529-127c7d9a8d9c" testName="SetStringEndChar_OneRecord_Success" computerName="ICSWS068" duration="00:00:00.0012738" startTime="2016-08-04T09:57:32.6938482+02:00" endTime="2016-08-04T09:57:32.6963672+02:00" testType="13cdc9d9-ddb5-4fa4-a97d-d965ccfc6d4b" outcome="Passed" testListId="8c84fa94-04c1-424b-9868-57a2d4851a1d" relativeResultsDirectory="8d98b878-5cfc-4d3a-b78d-6adf40c21f84" />
    <UnitTestResult executionId="b832d4d2-2734-443f-9b39-0f215d561c55" testId="239dec99-7c2e-dd2b-25ec-3fddba116dbb" testName="SetReleaseChar_OneRecord_Success" computerName="ICSWS068" duration="00:00:00.0013075" startTime="2016-08-04T09:57:32.6993519+02:00" endTime="2016-08-04T09:57:32.7018551+02:00" testType="13cdc9d9-ddb5-4fa4-a97d-d965ccfc6d4b" outcome="Passed" testListId="8c84fa94-04c1-424b-9868-57a2d4851a1d" relativeResultsDirectory="b832d4d2-2734-443f-9b39-0f215d561c55" />
    <UnitTestResult executionId="9d4c27c6-fa2d-4100-962e-3315ff4afa80" testId="ff9ddf62-d3e0-74ca-098a-0ac6a113820d" testName="SetDecimalSeparator_OneRecord_Success" computerName="ICSWS068" duration="00:00:00.0016043" startTime="2016-08-04T09:57:32.7043747+02:00" endTime="2016-08-04T09:57:32.7073620+02:00" testType="13cdc9d9-ddb5-4fa4-a97d-d965ccfc6d4b" outcome="Passed" testListId="8c84fa94-04c1-424b-9868-57a2d4851a1d" relativeResultsDirectory="9d4c27c6-fa2d-4100-962e-3315ff4afa80" />
    <UnitTestResult executionId="f7a1287e-3da4-4320-ae1a-5efa8a06478d" testId="fa542137-1a04-2172-0b38-06275ea8b242" testName="SetCompositeElementSeparator_OneRecord_Success" computerName="ICSWS068" duration="00:00:00.0013762" startTime="2016-08-04T09:57:32.7103631+02:00" endTime="2016-08-04T09:57:32.7128675+02:00" testType="13cdc9d9-ddb5-4fa4-a97d-d965ccfc6d4b" outcome="Passed" testListId="8c84fa94-04c1-424b-9868-57a2d4851a1d" relativeResultsDirectory="f7a1287e-3da4-4320-ae1a-5efa8a06478d" />
    <UnitTestResult executionId="d8ed767b-995f-441f-bbb4-74c70cdff35f" testId="e5b6d912-8f07-7852-8872-d1eaba23a87a" testName="SetRecordElementSeparator_OneRecord_Success" computerName="ICSWS068" duration="00:00:00.0013052" startTime="2016-08-04T09:57:32.7158698+02:00" endTime="2016-08-04T09:57:32.7183730+02:00" testType="13cdc9d9-ddb5-4fa4-a97d-d965ccfc6d4b" outcome="Passed" testListId="8c84fa94-04c1-424b-9868-57a2d4851a1d" relativeResultsDirectory="d8ed767b-995f-441f-bbb4-74c70cdff35f" />
    <UnitTestResult executionId="a252e366-b2c5-4be3-ac10-d4251b35f56f" testId="367c3b2b-1f13-7dba-de9f-abd2ab60ffc3" testName="SetRecordSeparator_OneRecord_Success" computerName="ICSWS068" duration="00:00:00.0032189" startTime="2016-08-04T09:57:32.7203891+02:00" endTime="2016-08-04T09:57:32.7248802+02:00" testType="13cdc9d9-ddb5-4fa4-a97d-d965ccfc6d4b" outcome="Passed" testListId="8c84fa94-04c1-424b-9868-57a2d4851a1d" relativeResultsDirectory="a252e366-b2c5-4be3-ac10-d4251b35f56f" />
    <UnitTestResult executionId="00d5359a-cfed-4db6-9627-980f80f478ae" testId="4d37622d-0687-9413-bc6b-39c056dbebc4" testName="SetStringBeginChar_ComplexStructure_Success" computerName="ICSWS068" duration="00:00:00.0033849" startTime="2016-08-04T09:57:32.7278825+02:00" endTime="2016-08-04T09:57:32.7328897+02:00" testType="13cdc9d9-ddb5-4fa4-a97d-d965ccfc6d4b" outcome="Passed" testListId="8c84fa94-04c1-424b-9868-57a2d4851a1d" relativeResultsDirectory="00d5359a-cfed-4db6-9627-980f80f478ae" />
    <UnitTestResult executionId="fa7361e9-a877-4ee4-8a97-bf4ce50bd247" testId="659cd812-03e3-fd0d-e763-bd3931200757" testName="SetStringEndChar_ComplexStructure_Success" computerName="ICSWS068" duration="00:00:00.0033222" startTime="2016-08-04T09:57:32.7353903+02:00" endTime="2016-08-04T09:57:32.7399081+02:00" testType="13cdc9d9-ddb5-4fa4-a97d-d965ccfc6d4b" outcome="Passed" testListId="8c84fa94-04c1-424b-9868-57a2d4851a1d" relativeResultsDirectory="fa7361e9-a877-4ee4-8a97-bf4ce50bd247" />
    <UnitTestResult executionId="048957f0-af97-4fba-9eed-7bbbfdc45a71" testId="0d336a4b-d53a-63be-f0ee-e3c7bd360c6a" testName="SetReleaseChar_ComplexStructure_Success" computerName="ICSWS068" duration="00:00:00.0033304" startTime="2016-08-04T09:57:32.7428995+02:00" endTime="2016-08-04T09:57:32.7474176+02:00" testType="13cdc9d9-ddb5-4fa4-a97d-d965ccfc6d4b" outcome="Passed" testListId="8c84fa94-04c1-424b-9868-57a2d4851a1d" relativeResultsDirectory="048957f0-af97-4fba-9eed-7bbbfdc45a71" />
    <UnitTestResult executionId="b06e80c8-5289-44ec-92b7-076b623f4444" testId="37e35b56-34bb-808d-75b2-509ec2b3dd7d" testName="SetDecimalSeparator_ComplexStructure_Success" computerName="ICSWS068" duration="00:00:00.0032298" startTime="2016-08-04T09:57:32.7499202+02:00" endTime="2016-08-04T09:57:32.7544260+02:00" testType="13cdc9d9-ddb5-4fa4-a97d-d965ccfc6d4b" outcome="Passed" testListId="8c84fa94-04c1-424b-9868-57a2d4851a1d" relativeResultsDirectory="b06e80c8-5289-44ec-92b7-076b623f4444" />
    <UnitTestResult executionId="97afac35-8aa2-4f80-969a-62e88a6a44ae" testId="b7052385-de09-1212-fd90-d680279472ee" testName="SetCompositeElementSeparator_ComplexStructure_Success" computerName="ICSWS068" duration="00:00:00.0034227" startTime="2016-08-04T09:57:32.7569116+02:00" endTime="2016-08-04T09:57:32.7614306+02:00" testType="13cdc9d9-ddb5-4fa4-a97d-d965ccfc6d4b" outcome="Passed" testListId="8c84fa94-04c1-424b-9868-57a2d4851a1d" relativeResultsDirectory="97afac35-8aa2-4f80-969a-62e88a6a44ae" />
    <UnitTestResult executionId="6b945637-28c5-48a3-b9d6-a5690ef0bda1" testId="d27f4b8c-888a-a8b4-40e0-6745484cb5eb" testName="SetRecordElementSeparator_ComplexStructure_Success" computerName="ICSWS068" duration="00:00:00.0033324" startTime="2016-08-04T09:57:32.7639135+02:00" endTime="2016-08-04T09:57:32.7684337+02:00" testType="13cdc9d9-ddb5-4fa4-a97d-d965ccfc6d4b" outcome="Passed" testListId="8c84fa94-04c1-424b-9868-57a2d4851a1d" relativeResultsDirectory="6b945637-28c5-48a3-b9d6-a5690ef0bda1" />
    <UnitTestResult executionId="16e1a0c1-1fdb-466e-aaf7-6358b7eca1c4" testId="870e6f05-9066-332e-4fd0-ea796b5ed7d4" testName="SetRecordSeparator_ComplexStructure_Success" computerName="ICSWS068" duration="00:00:00.0044447" startTime="2016-08-04T09:57:32.7709345+02:00" endTime="2016-08-04T09:57:32.7769289+02:00" testType="13cdc9d9-ddb5-4fa4-a97d-d965ccfc6d4b" outcome="Passed" testListId="8c84fa94-04c1-424b-9868-57a2d4851a1d" relativeResultsDirectory="16e1a0c1-1fdb-466e-aaf7-6358b7eca1c4" />
    <UnitTestResult executionId="b992da7b-ab7f-453c-95f6-5db78ef2ffaa" testId="0c47a190-df4b-5db6-0c98-cb9675504e03" testName="ContainerBegin_GroupHasNoParent_ThrowsException" computerName="ICSWS068" duration="00:00:00.0005627" startTime="2016-08-04T09:57:32.7794297+02:00" endTime="2016-08-04T09:57:32.7814308+02:00" testType="13cdc9d9-ddb5-4fa4-a97d-d965ccfc6d4b" outcome="Passed" testListId="8c84fa94-04c1-424b-9868-57a2d4851a1d" relativeResultsDirectory="b992da7b-ab7f-453c-95f6-5db78ef2ffaa" />
    <UnitTestResult executionId="e49a9298-bbb1-44fe-86de-4f86f8063668" testId="724ed55e-2159-e131-c4be-d80ced69f59a" testName="ContainerBegin_NotPreviouslyInvoked_OnGroupBeginCalled" computerName="ICSWS068" duration="00:00:00.0006310" startTime="2016-08-04T09:57:32.7839334+02:00" endTime="2016-08-04T09:57:32.7859504+02:00" testType="13cdc9d9-ddb5-4fa4-a97d-d965ccfc6d4b" outcome="Passed" testListId="8c84fa94-04c1-424b-9868-57a2d4851a1d" relativeResultsDirectory="e49a9298-bbb1-44fe-86de-4f86f8063668" />
    <UnitTestResult executionId="183e76d1-61b0-40da-8914-5d20d03c65d5" testId="1e05f1ac-b054-9647-9f39-d89a349ff76f" testName="ContainerBegin_NestedGroups_OnGroupBeginCalledWithNestedPath" computerName="ICSWS068" duration="00:00:00.0006724" startTime="2016-08-04T09:57:32.7884539+02:00" endTime="2016-08-04T09:57:32.7904533+02:00" testType="13cdc9d9-ddb5-4fa4-a97d-d965ccfc6d4b" outcome="Passed" testListId="8c84fa94-04c1-424b-9868-57a2d4851a1d" relativeResultsDirectory="183e76d1-61b0-40da-8914-5d20d03c65d5" />
    <UnitTestResult executionId="a04982ae-a0e3-422b-9032-a5ac4ff5147d" testId="6651e43f-8554-6333-4329-bfe3fc1194d7" testName="ContainerEnd_NoNested_OnGroupEndCalled" computerName="ICSWS068" duration="00:00:00.0006982" startTime="2016-08-04T09:57:32.7929418+02:00" endTime="2016-08-04T09:57:32.7949432+02:00" testType="13cdc9d9-ddb5-4fa4-a97d-d965ccfc6d4b" outcome="Passed" testListId="8c84fa94-04c1-424b-9868-57a2d4851a1d" relativeResultsDirectory="a04982ae-a0e3-422b-9032-a5ac4ff5147d" />
    <UnitTestResult executionId="7736eedd-e20e-42db-9036-844b9b252a74" testId="f4dbfc63-23ae-cdb3-5fa6-68145c661cc7" testName="ContainerEnd_NestedGroups_OnGroupEndCalledWithNestedPath" computerName="ICSWS068" duration="00:00:00.0007425" startTime="2016-08-04T09:57:32.7974464+02:00" endTime="2016-08-04T09:57:32.7994640+02:00" testType="13cdc9d9-ddb5-4fa4-a97d-d965ccfc6d4b" outcome="Passed" testListId="8c84fa94-04c1-424b-9868-57a2d4851a1d" relativeResultsDirectory="7736eedd-e20e-42db-9036-844b9b252a74" />
  </Results>
  <TestDefinitions>
    <UnitTest name="WriteStreamDataToFile_CorrectParametersAndAllFalse_Success" storage="f:\etwork\bin\tests\unittests.icore.runtime.dll" id="51a241a8-0f6b-0853-f07d-80cdefc07795">
      <Execution id="e371fbb2-af4c-485c-b89d-dd5be8e022a4" />
      <TestMethod codeBase="F:\ETWork\bin\Tests\UnitTests.iCore.Runtime.dll" adapterTypeName="Microsoft.VisualStudio.TestTools.TestTypes.Unit.UnitTestAdapter" className="UnitTests.iCore.Common.Utilities.FilesystemWriterServiceTests" name="WriteStreamDataToFile_CorrectParametersAndAllFalse_Success" />
    </UnitTest>
    <UnitTest name="WriteStreamDataToFile_RenameAndDeleteAreTrue_Success" storage="f:\etwork\bin\tests\unittests.icore.runtime.dll" id="02fed1cc-a46f-54a1-7c88-aea50843c383">
      <Execution id="4980a0df-8b6c-4850-a358-6b4bff85adc0" />
      <TestMethod codeBase="F:\ETWork\bin\Tests\UnitTests.iCore.Runtime.dll" adapterTypeName="Microsoft.VisualStudio.TestTools.TestTypes.Unit.UnitTestAdapter" className="UnitTests.iCore.Common.Utilities.FilesystemWriterServiceTests" name="WriteStreamDataToFile_RenameAndDeleteAreTrue_Success" />
    </UnitTest>
    <UnitTest name="WriteStreamDataToFile_RenameAndAppendAreTrueAndNoFile_Success" storage="f:\etwork\bin\tests\unittests.icore.runtime.dll" id="f921e6dc-6be0-7d66-5a30-e82a7c9197ae">
      <Execution id="a31868e8-f304-4767-ad4f-bd9e5132c79e" />
      <TestMethod codeBase="F:\ETWork\bin\Tests\UnitTests.iCore.Runtime.dll" adapterTypeName="Microsoft.VisualStudio.TestTools.TestTypes.Unit.UnitTestAdapter" className="UnitTests.iCore.Common.Utilities.FilesystemWriterServiceTests" name="WriteStreamDataToFile_RenameAndAppendAreTrueAndNoFile_Success" />
    </UnitTest>
    <UnitTest name="WriteStreamDataToFile_RenameAndAppendAreTrueAndFileExists_Success" storage="f:\etwork\bin\tests\unittests.icore.runtime.dll" id="238eb0c7-e161-77c9-08b7-6bd2bafec151">
      <Execution id="2db2345f-0a78-4bd2-9905-1b919b9f381e" />
      <TestMethod codeBase="F:\ETWork\bin\Tests\UnitTests.iCore.Runtime.dll" adapterTypeName="Microsoft.VisualStudio.TestTools.TestTypes.Unit.UnitTestAdapter" className="UnitTests.iCore.Common.Utilities.FilesystemWriterServiceTests" name="WriteStreamDataToFile_RenameAndAppendAreTrueAndFileExists_Success" />
    </UnitTest>
    <UnitTest name="WriteStreamDataToFile_DeleteAndAppendAreTrue_Success" storage="f:\etwork\bin\tests\unittests.icore.runtime.dll" id="95e8d09a-4e4f-b408-7b4b-3ed82bda514e">
      <Execution id="aafab7f4-3974-498f-a7a1-3070b972a788" />
      <TestMethod codeBase="F:\ETWork\bin\Tests\UnitTests.iCore.Runtime.dll" adapterTypeName="Microsoft.VisualStudio.TestTools.TestTypes.Unit.UnitTestAdapter" className="UnitTests.iCore.Common.Utilities.FilesystemWriterServiceTests" name="WriteStreamDataToFile_DeleteAndAppendAreTrue_Success" />
    </UnitTest>
    <UnitTest name="WriteStreamDataToFile_DeleteIsTrue_Success" storage="f:\etwork\bin\tests\unittests.icore.runtime.dll" id="467bd3d9-e4a9-636f-b0c1-2600f9a52237">
      <Execution id="064cec42-544d-443f-a1f6-75ea5da3a36b" />
      <TestMethod codeBase="F:\ETWork\bin\Tests\UnitTests.iCore.Runtime.dll" adapterTypeName="Microsoft.VisualStudio.TestTools.TestTypes.Unit.UnitTestAdapter" className="UnitTests.iCore.Common.Utilities.FilesystemWriterServiceTests" name="WriteStreamDataToFile_DeleteIsTrue_Success" />
    </UnitTest>
    <UnitTest name="WriteStreamDataToFile_RenameIsTrue_Success" storage="f:\etwork\bin\tests\unittests.icore.runtime.dll" id="70def52f-5940-cbbc-e67c-23f9f6bc421b">
      <Execution id="76be26cd-1738-4b87-862f-4f753fa37599" />
      <TestMethod codeBase="F:\ETWork\bin\Tests\UnitTests.iCore.Runtime.dll" adapterTypeName="Microsoft.VisualStudio.TestTools.TestTypes.Unit.UnitTestAdapter" className="UnitTests.iCore.Common.Utilities.FilesystemWriterServiceTests" name="WriteStreamDataToFile_RenameIsTrue_Success" />
    </UnitTest>
    <UnitTest name="WriteStreamDataToFile_DataStreamIsNull_ThrowArgumentNullException" storage="f:\etwork\bin\tests\unittests.icore.runtime.dll" id="589a86ad-522b-1d34-ae12-3f8aeb4300de">
      <Execution id="c8c05e1c-34d6-4300-9ca1-1c2c77c4676b" />
      <TestMethod codeBase="F:\ETWork\bin\Tests\UnitTests.iCore.Runtime.dll" adapterTypeName="Microsoft.VisualStudio.TestTools.TestTypes.Unit.UnitTestAdapter" className="UnitTests.iCore.Common.Utilities.FilesystemWriterServiceTests" name="WriteStreamDataToFile_DataStreamIsNull_ThrowArgumentNullException" />
    </UnitTest>
    <UnitTest name="WriteStreamDataToFile_FilesystemExceptionOccurs_ThrowException" storage="f:\etwork\bin\tests\unittests.icore.runtime.dll" id="ba226eb0-04f7-20e2-7db7-c2a114748f0f">
      <Execution id="29610d2a-7467-430c-90a6-7e54fb68ea5c" />
      <TestMethod codeBase="F:\ETWork\bin\Tests\UnitTests.iCore.Runtime.dll" adapterTypeName="Microsoft.VisualStudio.TestTools.TestTypes.Unit.UnitTestAdapter" className="UnitTests.iCore.Common.Utilities.FilesystemWriterServiceTests" name="WriteStreamDataToFile_FilesystemExceptionOccurs_ThrowException" />
    </UnitTest>
    <UnitTest name="AddConversion_EmptyConverter_ConversionIsAdded" storage="f:\etwork\bin\tests\unittests.icore.runtime.dll" id="724fd8f7-2560-80d7-f3d5-c7936745fd45">
      <Execution id="d37e23ee-258b-4cf9-aa46-5117ebf770db" />
      <TestMethod codeBase="F:\ETWork\bin\Tests\UnitTests.iCore.Runtime.dll" adapterTypeName="Microsoft.VisualStudio.TestTools.TestTypes.Unit.UnitTestAdapter" className="UnitTests.iCore.Runtime.CharacterConverterTests" name="AddConversion_EmptyConverter_ConversionIsAdded" />
    </UnitTest>
    <UnitTest name="AddConversion_SameConversionIsAddedTwice_ConversionIsAdded" storage="f:\etwork\bin\tests\unittests.icore.runtime.dll" id="cf7e1112-f17e-f9d2-dea7-6c3778a44b71">
      <Execution id="3375a86a-0231-4d42-a69f-e3b3dc29ef2a" />
      <TestMethod codeBase="F:\ETWork\bin\Tests\UnitTests.iCore.Runtime.dll" adapterTypeName="Microsoft.VisualStudio.TestTools.TestTypes.Unit.UnitTestAdapter" className="UnitTests.iCore.Runtime.CharacterConverterTests" name="AddConversion_SameConversionIsAddedTwice_ConversionIsAdded" />
    </UnitTest>
    <UnitTest name="AddConversion_PreallocatedToOneAndTwoConversiosAreAdded_ConversionsAreAdded" storage="f:\etwork\bin\tests\unittests.icore.runtime.dll" id="b45d8d11-072a-aab8-8905-84aad693d83e">
      <Execution id="dc1053fe-4b29-4a00-a334-f9af39234ef8" />
      <TestMethod codeBase="F:\ETWork\bin\Tests\UnitTests.iCore.Runtime.dll" adapterTypeName="Microsoft.VisualStudio.TestTools.TestTypes.Unit.UnitTestAdapter" className="UnitTests.iCore.Runtime.CharacterConverterTests" name="AddConversion_PreallocatedToOneAndTwoConversiosAreAdded_ConversionsAreAdded" />
    </UnitTest>
    <UnitTest name="Convert_EmptyConverter_AllCharactersAreStripped" storage="f:\etwork\bin\tests\unittests.icore.runtime.dll" id="9043954b-c864-f62c-41bb-2024c44625c6">
      <Execution id="0ea2a1f6-41b4-46a5-8154-0773a8d238bc" />
      <TestMethod codeBase="F:\ETWork\bin\Tests\UnitTests.iCore.Runtime.dll" adapterTypeName="Microsoft.VisualStudio.TestTools.TestTypes.Unit.UnitTestAdapter" className="UnitTests.iCore.Runtime.CharacterConverterTests" name="Convert_EmptyConverter_AllCharactersAreStripped" />
    </UnitTest>
    <UnitTest name="Convert_ContainsConversions_NotAddedCharactersAreStripped" storage="f:\etwork\bin\tests\unittests.icore.runtime.dll" id="3c4fa8a6-f5c8-c581-3fc2-cce17b46e57e">
      <Execution id="f19dcf6d-9051-4390-b925-c148ff0eb8b2" />
      <TestMethod codeBase="F:\ETWork\bin\Tests\UnitTests.iCore.Runtime.dll" adapterTypeName="Microsoft.VisualStudio.TestTools.TestTypes.Unit.UnitTestAdapter" className="UnitTests.iCore.Runtime.CharacterConverterTests" name="Convert_ContainsConversions_NotAddedCharactersAreStripped" />
    </UnitTest>
    <UnitTest name="Convert_ContainsConversions_AddedCharactersAreConverted" storage="f:\etwork\bin\tests\unittests.icore.runtime.dll" id="82ab54b0-21e1-a225-6171-be586d435efe">
      <Execution id="af533531-18d7-4b8f-adad-f26ce61164c8" />
      <TestMethod codeBase="F:\ETWork\bin\Tests\UnitTests.iCore.Runtime.dll" adapterTypeName="Microsoft.VisualStudio.TestTools.TestTypes.Unit.UnitTestAdapter" className="UnitTests.iCore.Runtime.CharacterConverterTests" name="Convert_ContainsConversions_AddedCharactersAreConverted" />
    </UnitTest>
    <UnitTest name="Create_InvalidQueueName_ArgumentException" storage="f:\etwork\bin\tests\unittests.icore.runtime.dll" id="bafd684d-91ee-1512-77a1-547ffa15e4d7">
      <Execution id="b519c3cb-95e1-4f7d-a017-55c216adb5bc" />
      <TestMethod codeBase="F:\ETWork\bin\Tests\UnitTests.iCore.Runtime.dll" adapterTypeName="Microsoft.VisualStudio.TestTools.TestTypes.Unit.UnitTestAdapter" className="UnitTests.iCore.Runtime.MsmqMessageQueueTests" name="Create_InvalidQueueName_ArgumentException" />
    </UnitTest>
    <UnitTest name="Create_PrivateQueueName_ArgumentException" storage="f:\etwork\bin\tests\unittests.icore.runtime.dll" id="3a0c5144-2944-6741-122b-5d2ab600304b">
      <Execution id="1307526e-3418-4618-9c31-e04c2a5c23d2" />
      <TestMethod codeBase="F:\ETWork\bin\Tests\UnitTests.iCore.Runtime.dll" adapterTypeName="Microsoft.VisualStudio.TestTools.TestTypes.Unit.UnitTestAdapter" className="UnitTests.iCore.Runtime.MsmqMessageQueueTests" name="Create_PrivateQueueName_ArgumentException" />
    </UnitTest>
    <UnitTest name="Encode_ToMemoryStream_NoBOMWritten" storage="f:\etwork\bin\tests\unittests.icore.runtime.dll" id="cea35d78-b51c-15d3-7c52-b501fecb8f98">
      <Execution id="32f4b8d6-3fc8-4157-a5d3-1dab8ff5a075" />
      <TestMethod codeBase="F:\ETWork\bin\Tests\UnitTests.iCore.Runtime.dll" adapterTypeName="Microsoft.VisualStudio.TestTools.TestTypes.Unit.UnitTestAdapter" className="UnitTests.iCore.Runtime.Base64UtilityTests" name="Encode_ToMemoryStream_NoBOMWritten" />
    </UnitTest>
    <UnitTest name="Encode_ToMemoryStream_ReturnsCorrectReadAndWriteCounts" storage="f:\etwork\bin\tests\unittests.icore.runtime.dll" id="120b3822-f097-6648-cf08-b0326a0bfa99">
      <Execution id="8b43c0d5-4549-45a8-8049-d8e51a63d047" />
      <TestMethod codeBase="F:\ETWork\bin\Tests\UnitTests.iCore.Runtime.dll" adapterTypeName="Microsoft.VisualStudio.TestTools.TestTypes.Unit.UnitTestAdapter" className="UnitTests.iCore.Runtime.Base64UtilityTests" name="Encode_ToMemoryStream_ReturnsCorrectReadAndWriteCounts" />
    </UnitTest>
    <UnitTest name="Encode_ToMemoryStream_CorrectBytesWrittenToStream" storage="f:\etwork\bin\tests\unittests.icore.runtime.dll" id="d745b19d-c934-69e1-e4cc-3b90620b525d">
      <Execution id="e020c5d2-eb7a-4572-9606-be180b7f9bf9" />
      <TestMethod codeBase="F:\ETWork\bin\Tests\UnitTests.iCore.Runtime.dll" adapterTypeName="Microsoft.VisualStudio.TestTools.TestTypes.Unit.UnitTestAdapter" className="UnitTests.iCore.Runtime.Base64UtilityTests" name="Encode_ToMemoryStream_CorrectBytesWrittenToStream" />
    </UnitTest>
    <UnitTest name="Encode_ValidInput_SourceStreamIsClosed" storage="f:\etwork\bin\tests\unittests.icore.runtime.dll" id="f981029c-1017-d45e-cfa4-b761e825c1af">
      <Execution id="adb7a271-d32c-4cf2-aee2-57ea529a2826" />
      <TestMethod codeBase="F:\ETWork\bin\Tests\UnitTests.iCore.Runtime.dll" adapterTypeName="Microsoft.VisualStudio.TestTools.TestTypes.Unit.UnitTestAdapter" className="UnitTests.iCore.Runtime.Base64UtilityTests" name="Encode_ValidInput_SourceStreamIsClosed" />
    </UnitTest>
    <UnitTest name="Encode_SourceStreamNotAtPosition0_EncodedFromCurrentPosition" storage="f:\etwork\bin\tests\unittests.icore.runtime.dll" id="fd01b69e-5af2-5d46-45e8-e5e1780a3d7e">
      <Execution id="3aefb435-3afa-458c-93f5-383d8b1282dd" />
      <TestMethod codeBase="F:\ETWork\bin\Tests\UnitTests.iCore.Runtime.dll" adapterTypeName="Microsoft.VisualStudio.TestTools.TestTypes.Unit.UnitTestAdapter" className="UnitTests.iCore.Runtime.Base64UtilityTests" name="Encode_SourceStreamNotAtPosition0_EncodedFromCurrentPosition" />
    </UnitTest>
    <UnitTest name="Encode_LeaveOutputStreamOpen_DestinationStreamIsNotClosed" storage="f:\etwork\bin\tests\unittests.icore.runtime.dll" id="e47093b1-fac3-fd76-c3ea-399bc9df0750">
      <Execution id="f9f690b0-54c8-4c0d-8b21-b265e58b4603" />
      <TestMethod codeBase="F:\ETWork\bin\Tests\UnitTests.iCore.Runtime.dll" adapterTypeName="Microsoft.VisualStudio.TestTools.TestTypes.Unit.UnitTestAdapter" className="UnitTests.iCore.Runtime.Base64UtilityTests" name="Encode_LeaveOutputStreamOpen_DestinationStreamIsNotClosed" />
    </UnitTest>
    <UnitTest name="Encode_LeaveOutputStreamOpenAndWriteTwice_DataAppendedToOutputStream" storage="f:\etwork\bin\tests\unittests.icore.runtime.dll" id="bc91deae-7a8a-a7ef-437d-947e81cb6e0b">
      <Execution id="520f07e7-fae5-4b25-9488-a747993d7b13" />
      <TestMethod codeBase="F:\ETWork\bin\Tests\UnitTests.iCore.Runtime.dll" adapterTypeName="Microsoft.VisualStudio.TestTools.TestTypes.Unit.UnitTestAdapter" className="UnitTests.iCore.Runtime.Base64UtilityTests" name="Encode_LeaveOutputStreamOpenAndWriteTwice_DataAppendedToOutputStream" />
    </UnitTest>
    <UnitTest name="Encode_LeaveOutputStreamOpen_SourceStreamIsClosed" storage="f:\etwork\bin\tests\unittests.icore.runtime.dll" id="369c066c-ccd5-6b18-6783-63d2d006192d">
      <Execution id="df59cd76-069d-4131-8997-aa94cc83f4e4" />
      <TestMethod codeBase="F:\ETWork\bin\Tests\UnitTests.iCore.Runtime.dll" adapterTypeName="Microsoft.VisualStudio.TestTools.TestTypes.Unit.UnitTestAdapter" className="UnitTests.iCore.Runtime.Base64UtilityTests" name="Encode_LeaveOutputStreamOpen_SourceStreamIsClosed" />
    </UnitTest>
    <UnitTest name="Encode_DoNotLeaveOutputStreamOpen_DestinationStreamIsClosed" storage="f:\etwork\bin\tests\unittests.icore.runtime.dll" id="389fd767-e3bf-30d3-3bfe-96989cba86de">
      <Execution id="95b6a62d-cae2-4d39-b11c-bf42fe994c83" />
      <TestMethod codeBase="F:\ETWork\bin\Tests\UnitTests.iCore.Runtime.dll" adapterTypeName="Microsoft.VisualStudio.TestTools.TestTypes.Unit.UnitTestAdapter" className="UnitTests.iCore.Runtime.Base64UtilityTests" name="Encode_DoNotLeaveOutputStreamOpen_DestinationStreamIsClosed" />
    </UnitTest>
    <UnitTest name="Encode_DoNotLeaveOutputStreamOpen_SourceStreamIsClosed" storage="f:\etwork\bin\tests\unittests.icore.runtime.dll" id="5c5cd4cc-961e-fbc1-8729-03038edf188e">
      <Execution id="9e7f1cd4-2634-46c7-a39b-c6b2fc285df7" />
      <TestMethod codeBase="F:\ETWork\bin\Tests\UnitTests.iCore.Runtime.dll" adapterTypeName="Microsoft.VisualStudio.TestTools.TestTypes.Unit.UnitTestAdapter" className="UnitTests.iCore.Runtime.Base64UtilityTests" name="Encode_DoNotLeaveOutputStreamOpen_SourceStreamIsClosed" />
    </UnitTest>
    <UnitTest name="Encode_NullSourceStream_ThrowsArgumentNullException" storage="f:\etwork\bin\tests\unittests.icore.runtime.dll" id="6c20d61f-11d8-d508-d034-9c60b325e521">
      <Execution id="044b9bf0-9aee-47ba-ae77-5ad910877abc" />
      <TestMethod codeBase="F:\ETWork\bin\Tests\UnitTests.iCore.Runtime.dll" adapterTypeName="Microsoft.VisualStudio.TestTools.TestTypes.Unit.UnitTestAdapter" className="UnitTests.iCore.Runtime.Base64UtilityTests" name="Encode_NullSourceStream_ThrowsArgumentNullException" />
    </UnitTest>
    <UnitTest name="Encode_NullDestinationStream_ThrowsArgumentNullException" storage="f:\etwork\bin\tests\unittests.icore.runtime.dll" id="dfef231f-49eb-5d8d-0553-b97348b43775">
      <Execution id="77e0b2d3-e6b8-457e-a021-ad05aa03c981" />
      <TestMethod codeBase="F:\ETWork\bin\Tests\UnitTests.iCore.Runtime.dll" adapterTypeName="Microsoft.VisualStudio.TestTools.TestTypes.Unit.UnitTestAdapter" className="UnitTests.iCore.Runtime.Base64UtilityTests" name="Encode_NullDestinationStream_ThrowsArgumentNullException" />
    </UnitTest>
    <UnitTest name="Encode_ClosedSourceStream_ThrowsObjectDisposedException" storage="f:\etwork\bin\tests\unittests.icore.runtime.dll" id="48d2e511-7d5f-bc9e-08c6-cec37e1359a9">
      <Execution id="5b712f9d-e0eb-49fd-b984-3c80f18ec442" />
      <TestMethod codeBase="F:\ETWork\bin\Tests\UnitTests.iCore.Runtime.dll" adapterTypeName="Microsoft.VisualStudio.TestTools.TestTypes.Unit.UnitTestAdapter" className="UnitTests.iCore.Runtime.Base64UtilityTests" name="Encode_ClosedSourceStream_ThrowsObjectDisposedException" />
    </UnitTest>
    <UnitTest name="Encode_ClosedDestinationStream_ThrowsArgumentException" storage="f:\etwork\bin\tests\unittests.icore.runtime.dll" id="41be5af2-1181-db0b-739d-3d2142e37eff">
      <Execution id="648521e6-aff4-4ffd-9079-97f6e20236a6" />
      <TestMethod codeBase="F:\ETWork\bin\Tests\UnitTests.iCore.Runtime.dll" adapterTypeName="Microsoft.VisualStudio.TestTools.TestTypes.Unit.UnitTestAdapter" className="UnitTests.iCore.Runtime.Base64UtilityTests" name="Encode_ClosedDestinationStream_ThrowsArgumentException" />
    </UnitTest>
    <UnitTest name="Decode_ToMemoryStream_NoBOMWritten" storage="f:\etwork\bin\tests\unittests.icore.runtime.dll" id="3e20a655-636e-72b6-01ee-017f506afa9a">
      <Execution id="d4ee8be9-7621-47bb-a769-4e17d05c9ef0" />
      <TestMethod codeBase="F:\ETWork\bin\Tests\UnitTests.iCore.Runtime.dll" adapterTypeName="Microsoft.VisualStudio.TestTools.TestTypes.Unit.UnitTestAdapter" className="UnitTests.iCore.Runtime.Base64UtilityTests" name="Decode_ToMemoryStream_NoBOMWritten" />
    </UnitTest>
    <UnitTest name="Decode_ToMemoryStream_ReturnsCorrectReadAndWriteCounts" storage="f:\etwork\bin\tests\unittests.icore.runtime.dll" id="31bd5273-a6e0-09dc-e5bc-648ccccb7d54">
      <Execution id="787d67f7-6bb9-4430-8cfb-51bcf062084f" />
      <TestMethod codeBase="F:\ETWork\bin\Tests\UnitTests.iCore.Runtime.dll" adapterTypeName="Microsoft.VisualStudio.TestTools.TestTypes.Unit.UnitTestAdapter" className="UnitTests.iCore.Runtime.Base64UtilityTests" name="Decode_ToMemoryStream_ReturnsCorrectReadAndWriteCounts" />
    </UnitTest>
    <UnitTest name="Decode_ToMemoryStream_CorrectBytesWrittenToStream" storage="f:\etwork\bin\tests\unittests.icore.runtime.dll" id="f6127126-d51d-235a-7e4c-4ba9e49fe609">
      <Execution id="80c64664-71e6-4b35-9ba1-4e382c5ffe2b" />
      <TestMethod codeBase="F:\ETWork\bin\Tests\UnitTests.iCore.Runtime.dll" adapterTypeName="Microsoft.VisualStudio.TestTools.TestTypes.Unit.UnitTestAdapter" className="UnitTests.iCore.Runtime.Base64UtilityTests" name="Decode_ToMemoryStream_CorrectBytesWrittenToStream" />
    </UnitTest>
    <UnitTest name="Decode_ValidInput_SourceStreamIsClosed" storage="f:\etwork\bin\tests\unittests.icore.runtime.dll" id="051ef215-57fe-535a-8d57-284144019cd0">
      <Execution id="51af9cc3-5cfb-4f22-af88-2da3e9be0310" />
      <TestMethod codeBase="F:\ETWork\bin\Tests\UnitTests.iCore.Runtime.dll" adapterTypeName="Microsoft.VisualStudio.TestTools.TestTypes.Unit.UnitTestAdapter" className="UnitTests.iCore.Runtime.Base64UtilityTests" name="Decode_ValidInput_SourceStreamIsClosed" />
    </UnitTest>
    <UnitTest name="Decode_ValidInput_DestinationStreamIsClosed" storage="f:\etwork\bin\tests\unittests.icore.runtime.dll" id="c46f8d78-330b-1b22-69b1-d8e751a73318">
      <Execution id="14411e35-651e-431c-b8f3-c1f712de4ba9" />
      <TestMethod codeBase="F:\ETWork\bin\Tests\UnitTests.iCore.Runtime.dll" adapterTypeName="Microsoft.VisualStudio.TestTools.TestTypes.Unit.UnitTestAdapter" className="UnitTests.iCore.Runtime.Base64UtilityTests" name="Decode_ValidInput_DestinationStreamIsClosed" />
    </UnitTest>
    <UnitTest name="Decode_SourceStreamNotAtPosition0_DecodedFromCurrentPosition" storage="f:\etwork\bin\tests\unittests.icore.runtime.dll" id="5e1867ed-a7c9-af34-8943-43386ea998f6">
      <Execution id="7a625e37-336c-40c0-ac00-979f8be52c8c" />
      <TestMethod codeBase="F:\ETWork\bin\Tests\UnitTests.iCore.Runtime.dll" adapterTypeName="Microsoft.VisualStudio.TestTools.TestTypes.Unit.UnitTestAdapter" className="UnitTests.iCore.Runtime.Base64UtilityTests" name="Decode_SourceStreamNotAtPosition0_DecodedFromCurrentPosition" />
    </UnitTest>
    <UnitTest name="Decode_DestinationStreamNotAtPosition0_DataWrittenAtCurrentPosition" storage="f:\etwork\bin\tests\unittests.icore.runtime.dll" id="d4e59b67-415d-488a-304d-bf249a3ba165">
      <Execution id="141b1c85-3a68-495b-88ed-9283e925172e" />
      <TestMethod codeBase="F:\ETWork\bin\Tests\UnitTests.iCore.Runtime.dll" adapterTypeName="Microsoft.VisualStudio.TestTools.TestTypes.Unit.UnitTestAdapter" className="UnitTests.iCore.Runtime.Base64UtilityTests" name="Decode_DestinationStreamNotAtPosition0_DataWrittenAtCurrentPosition" />
    </UnitTest>
    <UnitTest name="Decode_NullSourceStream_ThrowsArgumentNullException" storage="f:\etwork\bin\tests\unittests.icore.runtime.dll" id="47e49403-ccd1-7e9c-578e-c3b728a1878a">
      <Execution id="ddf9a28a-2d48-4a85-aa7f-e0f302527d1d" />
      <TestMethod codeBase="F:\ETWork\bin\Tests\UnitTests.iCore.Runtime.dll" adapterTypeName="Microsoft.VisualStudio.TestTools.TestTypes.Unit.UnitTestAdapter" className="UnitTests.iCore.Runtime.Base64UtilityTests" name="Decode_NullSourceStream_ThrowsArgumentNullException" />
    </UnitTest>
    <UnitTest name="Decode_NullDestinationStream_ThrowsArgumentNullException" storage="f:\etwork\bin\tests\unittests.icore.runtime.dll" id="e0339d4a-a7f8-7a69-23a0-2a7a5138b910">
      <Execution id="ec769e37-179b-473c-a603-fff53b57f0cb" />
      <TestMethod codeBase="F:\ETWork\bin\Tests\UnitTests.iCore.Runtime.dll" adapterTypeName="Microsoft.VisualStudio.TestTools.TestTypes.Unit.UnitTestAdapter" className="UnitTests.iCore.Runtime.Base64UtilityTests" name="Decode_NullDestinationStream_ThrowsArgumentNullException" />
    </UnitTest>
    <UnitTest name="Decode_ClosedSourceStream_ThrowsObjectDisposedException" storage="f:\etwork\bin\tests\unittests.icore.runtime.dll" id="deba4e9f-6f05-375a-9b0f-dbdc49ef9afd">
      <Execution id="d18f177c-0d21-4a27-9982-e45bd4743964" />
      <TestMethod codeBase="F:\ETWork\bin\Tests\UnitTests.iCore.Runtime.dll" adapterTypeName="Microsoft.VisualStudio.TestTools.TestTypes.Unit.UnitTestAdapter" className="UnitTests.iCore.Runtime.Base64UtilityTests" name="Decode_ClosedSourceStream_ThrowsObjectDisposedException" />
    </UnitTest>
    <UnitTest name="Decode_ClosedDestinationStream_ThrowsObjectDisposedException" storage="f:\etwork\bin\tests\unittests.icore.runtime.dll" id="d71c0765-0527-17af-700c-68f0d3d924ec">
      <Execution id="528496a1-0a37-4f37-b30b-934aa9c2e6c3" />
      <TestMethod codeBase="F:\ETWork\bin\Tests\UnitTests.iCore.Runtime.dll" adapterTypeName="Microsoft.VisualStudio.TestTools.TestTypes.Unit.UnitTestAdapter" className="UnitTests.iCore.Runtime.Base64UtilityTests" name="Decode_ClosedDestinationStream_ThrowsObjectDisposedException" />
    </UnitTest>
    <UnitTest name="SendResponse_ValidArguments_CallsMessageQueueSendWithCorrectData" storage="f:\etwork\bin\tests\unittests.icore.runtime.dll" id="d8caf848-91d8-f22e-0868-33339064d0b5">
      <Execution id="b08fa249-2792-4311-b3e7-6ad8fa3ae476" />
      <TestMethod codeBase="F:\ETWork\bin\Tests\UnitTests.iCore.Runtime.dll" adapterTypeName="Microsoft.VisualStudio.TestTools.TestTypes.Unit.UnitTestAdapter" className="UnitTests.iCore.Runtime.iCoreApiConnectorTests" name="SendResponse_ValidArguments_CallsMessageQueueSendWithCorrectData" />
    </UnitTest>
    <UnitTest name="SendResponse_ValidArgumentsDataEnd_CallsMessageQueueSendWithCorrectData" storage="f:\etwork\bin\tests\unittests.icore.runtime.dll" id="616e39b6-2f2a-ed6f-20b6-7a3b53c69d33">
      <Execution id="8ac3fe4e-5b81-4ad2-a0da-8fcbcba714a6" />
      <TestMethod codeBase="F:\ETWork\bin\Tests\UnitTests.iCore.Runtime.dll" adapterTypeName="Microsoft.VisualStudio.TestTools.TestTypes.Unit.UnitTestAdapter" className="UnitTests.iCore.Runtime.iCoreApiConnectorTests" name="SendResponse_ValidArgumentsDataEnd_CallsMessageQueueSendWithCorrectData" />
    </UnitTest>
    <UnitTest name="SendResponse_ValidArgumentsErrorEnd_CallsMessageQueueSendWithCorrectData" storage="f:\etwork\bin\tests\unittests.icore.runtime.dll" id="381cfe71-b950-64ec-a8c4-206d2893e6dd">
      <Execution id="77a5e027-ea4d-4915-9f46-017fe9a9bfeb" />
      <TestMethod codeBase="F:\ETWork\bin\Tests\UnitTests.iCore.Runtime.dll" adapterTypeName="Microsoft.VisualStudio.TestTools.TestTypes.Unit.UnitTestAdapter" className="UnitTests.iCore.Runtime.iCoreApiConnectorTests" name="SendResponse_ValidArgumentsErrorEnd_CallsMessageQueueSendWithCorrectData" />
    </UnitTest>
    <UnitTest name="SendResponse_NullQueueName_ThrowsArgumentException" storage="f:\etwork\bin\tests\unittests.icore.runtime.dll" id="dbaded25-be02-fcf3-5453-a5ed0c337c72">
      <Execution id="6dece218-b6c6-4b93-93a7-aa41127949ec" />
      <TestMethod codeBase="F:\ETWork\bin\Tests\UnitTests.iCore.Runtime.dll" adapterTypeName="Microsoft.VisualStudio.TestTools.TestTypes.Unit.UnitTestAdapter" className="UnitTests.iCore.Runtime.iCoreApiConnectorTests" name="SendResponse_NullQueueName_ThrowsArgumentException" />
    </UnitTest>
    <UnitTest name="SendResponse_NullData_ThrowsArgumentException" storage="f:\etwork\bin\tests\unittests.icore.runtime.dll" id="ee520d78-f262-76b4-0434-e0df99431d67">
      <Execution id="bc7a74d6-a253-4c0b-bf2c-a8acccf03981" />
      <TestMethod codeBase="F:\ETWork\bin\Tests\UnitTests.iCore.Runtime.dll" adapterTypeName="Microsoft.VisualStudio.TestTools.TestTypes.Unit.UnitTestAdapter" className="UnitTests.iCore.Runtime.iCoreApiConnectorTests" name="SendResponse_NullData_ThrowsArgumentException" />
    </UnitTest>
    <UnitTest name="ParseInitDataFromParams_ValidFullyPopulatedData_ReturnsExpectedResult" storage="f:\etwork\bin\tests\unittests.icore.runtime.dll" id="bd469dc6-0166-03cf-988f-c9014a6fca8c">
      <Execution id="a65e9b44-6dd1-42ed-8852-090815753600" />
      <TestMethod codeBase="F:\ETWork\bin\Tests\UnitTests.iCore.Runtime.dll" adapterTypeName="Microsoft.VisualStudio.TestTools.TestTypes.Unit.UnitTestAdapter" className="UnitTests.iCore.Runtime.iCoreApiConnectorTests" name="ParseInitDataFromParams_ValidFullyPopulatedData_ReturnsExpectedResult" />
    </UnitTest>
    <UnitTest name="ParseInitDataFromParams_ValidPartiallyPopulatedData_ReturnsExpectedResult" storage="f:\etwork\bin\tests\unittests.icore.runtime.dll" id="f6bbcfc4-662a-87df-5163-11567faa5c96">
      <Execution id="1b96d77e-65fa-46b1-a32e-c9fa4621907d" />
      <TestMethod codeBase="F:\ETWork\bin\Tests\UnitTests.iCore.Runtime.dll" adapterTypeName="Microsoft.VisualStudio.TestTools.TestTypes.Unit.UnitTestAdapter" className="UnitTests.iCore.Runtime.iCoreApiConnectorTests" name="ParseInitDataFromParams_ValidPartiallyPopulatedData_ReturnsExpectedResult" />
    </UnitTest>
    <UnitTest name="ParseInitDataFromParams_InvalidData_ThrowsArgumentException" storage="f:\etwork\bin\tests\unittests.icore.runtime.dll" id="fd35b310-bfc9-2fb0-952c-09a3408e67e4">
      <Execution id="97336367-b32b-41a4-b522-327eff97f2b3" />
      <TestMethod codeBase="F:\ETWork\bin\Tests\UnitTests.iCore.Runtime.dll" adapterTypeName="Microsoft.VisualStudio.TestTools.TestTypes.Unit.UnitTestAdapter" className="UnitTests.iCore.Runtime.iCoreApiConnectorTests" name="ParseInitDataFromParams_InvalidData_ThrowsArgumentException" />
    </UnitTest>
    <UnitTest name="ParseInitDataFromParams_EmptyData_ThrowsArgumentException" storage="f:\etwork\bin\tests\unittests.icore.runtime.dll" id="484b33a0-53e2-f3ec-f03f-075af5bf289d">
      <Execution id="61ebc246-fc20-4a34-816f-3e4f708c3824" />
      <TestMethod codeBase="F:\ETWork\bin\Tests\UnitTests.iCore.Runtime.dll" adapterTypeName="Microsoft.VisualStudio.TestTools.TestTypes.Unit.UnitTestAdapter" className="UnitTests.iCore.Runtime.iCoreApiConnectorTests" name="ParseInitDataFromParams_EmptyData_ThrowsArgumentException" />
    </UnitTest>
    <UnitTest name="ParseInitDataFromParams_NullData_ThrowsArgumentException" storage="f:\etwork\bin\tests\unittests.icore.runtime.dll" id="9f0720fc-2bd9-301d-92fe-50ea4202cb14">
      <Execution id="fd62fbb7-0977-4507-844c-f1576b995e94" />
      <TestMethod codeBase="F:\ETWork\bin\Tests\UnitTests.iCore.Runtime.dll" adapterTypeName="Microsoft.VisualStudio.TestTools.TestTypes.Unit.UnitTestAdapter" className="UnitTests.iCore.Runtime.iCoreApiConnectorTests" name="ParseInitDataFromParams_NullData_ThrowsArgumentException" />
    </UnitTest>
    <UnitTest name="ParseInitDataFromFullMessage_ValidDataOnDefaultCall_ReturnsCorrectValue" storage="f:\etwork\bin\tests\unittests.icore.runtime.dll" id="2990053d-9ac6-5a67-66b8-28954adc2bab">
      <Execution id="becd2528-7ab2-4435-a93a-5191b1512bf5" />
      <TestMethod codeBase="F:\ETWork\bin\Tests\UnitTests.iCore.Runtime.dll" adapterTypeName="Microsoft.VisualStudio.TestTools.TestTypes.Unit.UnitTestAdapter" className="UnitTests.iCore.Runtime.iCoreApiConnectorTests" name="ParseInitDataFromFullMessage_ValidDataOnDefaultCall_ReturnsCorrectValue" />
    </UnitTest>
    <UnitTest name="ParseInitDataFromFullMessage_ValidDataOnExpressCall_ReturnsCorrectValue" storage="f:\etwork\bin\tests\unittests.icore.runtime.dll" id="a3abb3c4-c147-65ad-004f-3c4a898ee663">
      <Execution id="bac4d76d-52d8-4cfb-8d4f-c01d3be9df37" />
      <TestMethod codeBase="F:\ETWork\bin\Tests\UnitTests.iCore.Runtime.dll" adapterTypeName="Microsoft.VisualStudio.TestTools.TestTypes.Unit.UnitTestAdapter" className="UnitTests.iCore.Runtime.iCoreApiConnectorTests" name="ParseInitDataFromFullMessage_ValidDataOnExpressCall_ReturnsCorrectValue" />
    </UnitTest>
    <UnitTest name="Construction_NoArgs_Success" storage="f:\etwork\bin\tests\unittests.icore.runtime.dll" id="c7dd9ebe-23d8-a151-3d7b-afdfd2b1ad09">
      <Execution id="54f230f0-d41f-45c1-9a00-e3cc46fe796a" />
      <TestMethod codeBase="F:\ETWork\bin\Tests\UnitTests.iCore.Runtime.dll" adapterTypeName="Microsoft.VisualStudio.TestTools.TestTypes.Unit.UnitTestAdapter" className="UnitTests.iCore.Runtime.ZipReaderWriterTests" name="Construction_NoArgs_Success" />
    </UnitTest>
    <UnitTest name="ZipAsync_StreamIsNull_ThrowsException" storage="f:\etwork\bin\tests\unittests.icore.runtime.dll" id="1ef18961-90db-36d7-e6ac-72d06cf07631">
      <Execution id="e03391e3-40f2-4dc3-968f-272700af595a" />
      <TestMethod codeBase="F:\ETWork\bin\Tests\UnitTests.iCore.Runtime.dll" adapterTypeName="Microsoft.VisualStudio.TestTools.TestTypes.Unit.UnitTestAdapter" className="UnitTests.iCore.Runtime.ZipReaderWriterTests" name="ZipAsync_StreamIsNull_ThrowsException" />
    </UnitTest>
    <UnitTest name="ZipAsync_FilesToAddInvalid_ThrowsException" storage="f:\etwork\bin\tests\unittests.icore.runtime.dll" id="4e7bf584-4130-1028-ea85-680030d2b02c">
      <Execution id="4d1dfdb3-ee19-4a62-b1fc-bb2984adf48c" />
      <TestMethod codeBase="F:\ETWork\bin\Tests\UnitTests.iCore.Runtime.dll" adapterTypeName="Microsoft.VisualStudio.TestTools.TestTypes.Unit.UnitTestAdapter" className="UnitTests.iCore.Runtime.ZipReaderWriterTests" name="ZipAsync_FilesToAddInvalid_ThrowsException" />
    </UnitTest>
    <UnitTest name="ZipAsync_CompressionLevelIsOutOfRange_ThrowsException" storage="f:\etwork\bin\tests\unittests.icore.runtime.dll" id="895f168f-ef1f-dbaf-d3d5-7928b9c5e28c">
      <Execution id="133c9732-32d7-4d5f-89c4-4f2c133013df" />
      <TestMethod codeBase="F:\ETWork\bin\Tests\UnitTests.iCore.Runtime.dll" adapterTypeName="Microsoft.VisualStudio.TestTools.TestTypes.Unit.UnitTestAdapter" className="UnitTests.iCore.Runtime.ZipReaderWriterTests" name="ZipAsync_CompressionLevelIsOutOfRange_ThrowsException" />
    </UnitTest>
    <UnitTest name="Unzip_ArchiveIsNull_ThrowsException" storage="f:\etwork\bin\tests\unittests.icore.runtime.dll" id="5328f579-b86f-2de1-61ec-672d08d3d6da">
      <Execution id="32f51e36-490e-4f49-874a-4a435fca5673" />
      <TestMethod codeBase="F:\ETWork\bin\Tests\UnitTests.iCore.Runtime.dll" adapterTypeName="Microsoft.VisualStudio.TestTools.TestTypes.Unit.UnitTestAdapter" className="UnitTests.iCore.Runtime.ZipReaderWriterTests" name="Unzip_ArchiveIsNull_ThrowsException" />
    </UnitTest>
    <UnitTest name="Unzip_ToDirectoryIsNull_ThrowsException" storage="f:\etwork\bin\tests\unittests.icore.runtime.dll" id="bf725594-24e4-19b3-5d6f-e9eb8dca9cd6">
      <Execution id="38b91cc3-b5f7-45ea-a557-1ff8bdd523d4" />
      <TestMethod codeBase="F:\ETWork\bin\Tests\UnitTests.iCore.Runtime.dll" adapterTypeName="Microsoft.VisualStudio.TestTools.TestTypes.Unit.UnitTestAdapter" className="UnitTests.iCore.Runtime.ZipReaderWriterTests" name="Unzip_ToDirectoryIsNull_ThrowsException" />
    </UnitTest>
    <UnitTest name="Open_UsesFileSystemService" storage="f:\etwork\bin\tests\unittests.icore.runtime.dll" id="49aaa31a-7e02-ad21-dbbf-bc1af2481296">
      <TestCategory>
        <TestCategoryItem TestCategory="InFile" />
      </TestCategory>
      <Execution id="df29a971-699e-4068-81b7-7d05c7f8644f" />
      <TestMethod codeBase="F:\ETWork\bin\Tests\UnitTests.iCore.Runtime.dll" adapterTypeName="Microsoft.VisualStudio.TestTools.TestTypes.Unit.UnitTestAdapter" className="UnitTests.iCore.Runtime.Infile.InfileImplementationTests" name="Open_UsesFileSystemService" />
    </UnitTest>
    <UnitTest name="Open_CreatesReader" storage="f:\etwork\bin\tests\unittests.icore.runtime.dll" id="09d71c00-4a98-d651-b677-28f9b32e6ee4">
      <TestCategory>
        <TestCategoryItem TestCategory="InFile" />
      </TestCategory>
      <Execution id="b0ae4fdc-3aae-461e-bf59-e0c5b8b270f2" />
      <TestMethod codeBase="F:\ETWork\bin\Tests\UnitTests.iCore.Runtime.dll" adapterTypeName="Microsoft.VisualStudio.TestTools.TestTypes.Unit.UnitTestAdapter" className="UnitTests.iCore.Runtime.Infile.InfileImplementationTests" name="Open_CreatesReader" />
    </UnitTest>
    <UnitTest name="IsOpen_FileOpened_ReturnsTrue" storage="f:\etwork\bin\tests\unittests.icore.runtime.dll" id="d9a47dd2-a5a4-8a8b-bbd2-5e348fc0c833">
      <TestCategory>
        <TestCategoryItem TestCategory="InFile" />
      </TestCategory>
      <Execution id="aab983a3-cc5f-4f44-ae41-c1d4ad63f8d6" />
      <TestMethod codeBase="F:\ETWork\bin\Tests\UnitTests.iCore.Runtime.dll" adapterTypeName="Microsoft.VisualStudio.TestTools.TestTypes.Unit.UnitTestAdapter" className="UnitTests.iCore.Runtime.Infile.InfileImplementationTests" name="IsOpen_FileOpened_ReturnsTrue" />
    </UnitTest>
    <UnitTest name="IsOpen_FileNotOpened_ReturnsFalse" storage="f:\etwork\bin\tests\unittests.icore.runtime.dll" id="eb982e97-6910-41e8-8df6-26550f903ac5">
      <TestCategory>
        <TestCategoryItem TestCategory="InFile" />
      </TestCategory>
      <Execution id="ad27fc4c-4042-4734-a1fc-a8f0f9628723" />
      <TestMethod codeBase="F:\ETWork\bin\Tests\UnitTests.iCore.Runtime.dll" adapterTypeName="Microsoft.VisualStudio.TestTools.TestTypes.Unit.UnitTestAdapter" className="UnitTests.iCore.Runtime.Infile.InfileImplementationTests" name="IsOpen_FileNotOpened_ReturnsFalse" />
    </UnitTest>
    <UnitTest name="IsOpen_FileOpenedAndclosed_ReturnsFalse" storage="f:\etwork\bin\tests\unittests.icore.runtime.dll" id="1699779f-213c-c485-8662-cf7313edfa2d">
      <TestCategory>
        <TestCategoryItem TestCategory="InFile" />
      </TestCategory>
      <Execution id="7728f75b-01c5-489a-bcea-00af23de79c5" />
      <TestMethod codeBase="F:\ETWork\bin\Tests\UnitTests.iCore.Runtime.dll" adapterTypeName="Microsoft.VisualStudio.TestTools.TestTypes.Unit.UnitTestAdapter" className="UnitTests.iCore.Runtime.Infile.InfileImplementationTests" name="IsOpen_FileOpenedAndclosed_ReturnsFalse" />
    </UnitTest>
    <UnitTest name="SetFilePosition_NotOpened_ThrowsFileNotFoundException" storage="f:\etwork\bin\tests\unittests.icore.runtime.dll" id="c94ef27e-5ac5-aa2c-bed1-768401894118">
      <TestCategory>
        <TestCategoryItem TestCategory="InFile" />
      </TestCategory>
      <Execution id="418608e9-e1cf-4d1f-bae8-3500595369f1" />
      <TestMethod codeBase="F:\ETWork\bin\Tests\UnitTests.iCore.Runtime.dll" adapterTypeName="Microsoft.VisualStudio.TestTools.TestTypes.Unit.UnitTestAdapter" className="UnitTests.iCore.Runtime.Infile.InfileImplementationTests" name="SetFilePosition_NotOpened_ThrowsFileNotFoundException" />
    </UnitTest>
    <UnitTest name="SetFilePosition_SetsPositionOnRecordReader" storage="f:\etwork\bin\tests\unittests.icore.runtime.dll" id="45a8cfba-5adb-77af-529d-051bbac2455a">
      <TestCategory>
        <TestCategoryItem TestCategory="InFile" />
      </TestCategory>
      <Execution id="8cec6c9d-bfdd-4347-9d53-2fe5fe20c9fa" />
      <TestMethod codeBase="F:\ETWork\bin\Tests\UnitTests.iCore.Runtime.dll" adapterTypeName="Microsoft.VisualStudio.TestTools.TestTypes.Unit.UnitTestAdapter" className="UnitTests.iCore.Runtime.Infile.InfileImplementationTests" name="SetFilePosition_SetsPositionOnRecordReader" />
    </UnitTest>
    <UnitTest name="ReadRecord_NotOpened_ThrowsFileNotOpenedException" storage="f:\etwork\bin\tests\unittests.icore.runtime.dll" id="f1151323-5d26-26d7-61bf-ba14ccf1980b">
      <TestCategory>
        <TestCategoryItem TestCategory="InFile" />
      </TestCategory>
      <Execution id="752638e3-2bfe-4652-9092-76c5b4b3a9de" />
      <TestMethod codeBase="F:\ETWork\bin\Tests\UnitTests.iCore.Runtime.dll" adapterTypeName="Microsoft.VisualStudio.TestTools.TestTypes.Unit.UnitTestAdapter" className="UnitTests.iCore.Runtime.Infile.InfileImplementationTests" name="ReadRecord_NotOpened_ThrowsFileNotOpenedException" />
    </UnitTest>
    <UnitTest name="ReadRecord_CharacterConverterIsNull_ReturnsValueFromRecordReader" storage="f:\etwork\bin\tests\unittests.icore.runtime.dll" id="c2b8d244-3bd9-2838-7e6d-6080c80d4d51">
      <TestCategory>
        <TestCategoryItem TestCategory="InFile" />
      </TestCategory>
      <Execution id="c447df96-0fee-4277-9cb9-3a1ad4da914c" />
      <TestMethod codeBase="F:\ETWork\bin\Tests\UnitTests.iCore.Runtime.dll" adapterTypeName="Microsoft.VisualStudio.TestTools.TestTypes.Unit.UnitTestAdapter" className="UnitTests.iCore.Runtime.Infile.InfileImplementationTests" name="ReadRecord_CharacterConverterIsNull_ReturnsValueFromRecordReader" />
    </UnitTest>
    <UnitTest name="ReadRecord_CharacterConverterIsNotNull_ReturnsValueFromCharacterConverter" storage="f:\etwork\bin\tests\unittests.icore.runtime.dll" id="fa02f21c-bab0-c52d-eae0-21f368fd6383">
      <TestCategory>
        <TestCategoryItem TestCategory="InFile" />
      </TestCategory>
      <Execution id="2fa88e5c-c6e8-4a7a-a6b4-56b89a6b9779" />
      <TestMethod codeBase="F:\ETWork\bin\Tests\UnitTests.iCore.Runtime.dll" adapterTypeName="Microsoft.VisualStudio.TestTools.TestTypes.Unit.UnitTestAdapter" className="UnitTests.iCore.Runtime.Infile.InfileImplementationTests" name="ReadRecord_CharacterConverterIsNotNull_ReturnsValueFromCharacterConverter" />
    </UnitTest>
    <UnitTest name="ReadRecord_CharacterConverterIsNotNullAndFilterEmptyRecordsAndConverterCreatesEmtpyRecord_ReturnsValueFromCharacterConverter" storage="f:\etwork\bin\tests\unittests.icore.runtime.dll" id="038aa582-1099-ac34-f7ea-4a2954bfd64b">
      <TestCategory>
        <TestCategoryItem TestCategory="InFile" />
      </TestCategory>
      <Execution id="d5e359df-8ff1-4de8-b1bb-c3e4534bbc8a" />
      <TestMethod codeBase="F:\ETWork\bin\Tests\UnitTests.iCore.Runtime.dll" adapterTypeName="Microsoft.VisualStudio.TestTools.TestTypes.Unit.UnitTestAdapter" className="UnitTests.iCore.Runtime.Infile.InfileImplementationTests" name="ReadRecord_CharacterConverterIsNotNullAndFilterEmptyRecordsAndConverterCreatesEmtpyRecord_ReturnsValueFromCharacterConverter" />
    </UnitTest>
    <UnitTest name="Open_BufferModeIsAllDataAndExpectedIOIsLessThan10k_BufferSetToPageSize" storage="f:\etwork\bin\tests\unittests.icore.runtime.dll" id="d3b2808b-c92a-3227-4c18-1571a4819bff">
      <TestCategory>
        <TestCategoryItem TestCategory="InFile" />
      </TestCategory>
      <Execution id="51456b7a-45c6-48a0-8ac3-9aa0a76078f7" />
      <TestMethod codeBase="F:\ETWork\bin\Tests\UnitTests.iCore.Runtime.dll" adapterTypeName="Microsoft.VisualStudio.TestTools.TestTypes.Unit.UnitTestAdapter" className="UnitTests.iCore.Runtime.Infile.InfileImplementationTests" name="Open_BufferModeIsAllDataAndExpectedIOIsLessThan10k_BufferSetToPageSize" />
    </UnitTest>
    <UnitTest name="Open_BufferModeIsAllDataAndExpectedIOIsLargerThan10kButLessThan20k_BufferSetTo2xPageSize" storage="f:\etwork\bin\tests\unittests.icore.runtime.dll" id="da6148b7-6600-9872-8a4c-44bf99f72ce4">
      <TestCategory>
        <TestCategoryItem TestCategory="InFile" />
      </TestCategory>
      <Execution id="cd30f6d3-005f-4b13-b8cb-40d856187e39" />
      <TestMethod codeBase="F:\ETWork\bin\Tests\UnitTests.iCore.Runtime.dll" adapterTypeName="Microsoft.VisualStudio.TestTools.TestTypes.Unit.UnitTestAdapter" className="UnitTests.iCore.Runtime.Infile.InfileImplementationTests" name="Open_BufferModeIsAllDataAndExpectedIOIsLargerThan10kButLessThan20k_BufferSetTo2xPageSize" />
    </UnitTest>
    <UnitTest name="Open_BufferModeIsAllDataAndExpectedIOIsLargerThan20kButLessThan30k_BufferSetTo3xPageSize" storage="f:\etwork\bin\tests\unittests.icore.runtime.dll" id="0b120139-0a72-2136-21cb-38addb656507">
      <TestCategory>
        <TestCategoryItem TestCategory="InFile" />
      </TestCategory>
      <Execution id="7147e02d-0821-440e-9a02-6cec7b356c17" />
      <TestMethod codeBase="F:\ETWork\bin\Tests\UnitTests.iCore.Runtime.dll" adapterTypeName="Microsoft.VisualStudio.TestTools.TestTypes.Unit.UnitTestAdapter" className="UnitTests.iCore.Runtime.Infile.InfileImplementationTests" name="Open_BufferModeIsAllDataAndExpectedIOIsLargerThan20kButLessThan30k_BufferSetTo3xPageSize" />
    </UnitTest>
    <UnitTest name="Open_BufferModeIsAllDataAndSepIsMax_BufferSetTo4xPageSize" storage="f:\etwork\bin\tests\unittests.icore.runtime.dll" id="98d49f1a-e8d4-d1e6-b577-9bdf8e8d1bdf">
      <TestCategory>
        <TestCategoryItem TestCategory="InFile" />
      </TestCategory>
      <Execution id="4fdd048e-4db7-4ba5-9e45-e4f369e42ee8" />
      <TestMethod codeBase="F:\ETWork\bin\Tests\UnitTests.iCore.Runtime.dll" adapterTypeName="Microsoft.VisualStudio.TestTools.TestTypes.Unit.UnitTestAdapter" className="UnitTests.iCore.Runtime.Infile.InfileImplementationTests" name="Open_BufferModeIsAllDataAndSepIsMax_BufferSetTo4xPageSize" />
    </UnitTest>
    <UnitTest name="Open_BufferModeIsAutoAndMax_ReadAheadIs16TimesRecordLen" storage="f:\etwork\bin\tests\unittests.icore.runtime.dll" id="58e9059c-40d1-c76e-eea6-9b9f85e4059e">
      <TestCategory>
        <TestCategoryItem TestCategory="InFile" />
      </TestCategory>
      <Execution id="605f2964-04e0-466f-a077-0d6e5d91a3ff" />
      <TestMethod codeBase="F:\ETWork\bin\Tests\UnitTests.iCore.Runtime.dll" adapterTypeName="Microsoft.VisualStudio.TestTools.TestTypes.Unit.UnitTestAdapter" className="UnitTests.iCore.Runtime.Infile.InfileImplementationTests" name="Open_BufferModeIsAutoAndMax_ReadAheadIs16TimesRecordLen" />
    </UnitTest>
    <UnitTest name="Open_BufferModeIsAutoAndChr_ReadAheadIs16Kb" storage="f:\etwork\bin\tests\unittests.icore.runtime.dll" id="d58183f0-800d-b1f7-c9bf-6cff9846e850">
      <TestCategory>
        <TestCategoryItem TestCategory="InFile" />
      </TestCategory>
      <Execution id="38a96c20-2b32-4254-95d6-d7ad9051ecdc" />
      <TestMethod codeBase="F:\ETWork\bin\Tests\UnitTests.iCore.Runtime.dll" adapterTypeName="Microsoft.VisualStudio.TestTools.TestTypes.Unit.UnitTestAdapter" className="UnitTests.iCore.Runtime.Infile.InfileImplementationTests" name="Open_BufferModeIsAutoAndChr_ReadAheadIs16Kb" />
    </UnitTest>
    <UnitTest name="Open_CreateReaderThrowsOutOfMemory_RetriesWithSmallerBuffer" storage="f:\etwork\bin\tests\unittests.icore.runtime.dll" id="42cd2f00-c3ed-4fd2-d3b4-77f13a4aeaf1">
      <TestCategory>
        <TestCategoryItem TestCategory="InFile" />
      </TestCategory>
      <Execution id="e83c3682-cf98-4787-a623-a364d76db017" />
      <TestMethod codeBase="F:\ETWork\bin\Tests\UnitTests.iCore.Runtime.dll" adapterTypeName="Microsoft.VisualStudio.TestTools.TestTypes.Unit.UnitTestAdapter" className="UnitTests.iCore.Runtime.Infile.InfileImplementationTests" name="Open_CreateReaderThrowsOutOfMemory_RetriesWithSmallerBuffer" />
    </UnitTest>
    <UnitTest name="Open_CreateReaderThrowsOutOfMemory_ThrowsOutOfMemoryWhenBufferSizeSmallerThan128b" storage="f:\etwork\bin\tests\unittests.icore.runtime.dll" id="331ce389-6a43-6e86-6b4c-1f97efe9b797">
      <TestCategory>
        <TestCategoryItem TestCategory="InFile" />
      </TestCategory>
      <Execution id="76dd12a8-4750-40f7-aa2e-a33b6836eaef" />
      <TestMethod codeBase="F:\ETWork\bin\Tests\UnitTests.iCore.Runtime.dll" adapterTypeName="Microsoft.VisualStudio.TestTools.TestTypes.Unit.UnitTestAdapter" className="UnitTests.iCore.Runtime.Infile.InfileImplementationTests" name="Open_CreateReaderThrowsOutOfMemory_ThrowsOutOfMemoryWhenBufferSizeSmallerThan128b" />
    </UnitTest>
    <UnitTest name="Close_DisposesRecordReader" storage="f:\etwork\bin\tests\unittests.icore.runtime.dll" id="bb8052b9-0d7f-6cbb-5705-d84ce949bb3d">
      <TestCategory>
        <TestCategoryItem TestCategory="InFile" />
      </TestCategory>
      <Execution id="f220a5ec-7f8a-46ff-bbae-0cc3bef1b4a9" />
      <TestMethod codeBase="F:\ETWork\bin\Tests\UnitTests.iCore.Runtime.dll" adapterTypeName="Microsoft.VisualStudio.TestTools.TestTypes.Unit.UnitTestAdapter" className="UnitTests.iCore.Runtime.Infile.InfileImplementationTests" name="Close_DisposesRecordReader" />
    </UnitTest>
    <UnitTest name="Close_ClosesStream" storage="f:\etwork\bin\tests\unittests.icore.runtime.dll" id="6662bca0-15e1-c27d-061f-26f0e9d6513c">
      <TestCategory>
        <TestCategoryItem TestCategory="InFile" />
      </TestCategory>
      <Execution id="9a49cdd5-78e7-4ba0-9d78-65da983687cd" />
      <TestMethod codeBase="F:\ETWork\bin\Tests\UnitTests.iCore.Runtime.dll" adapterTypeName="Microsoft.VisualStudio.TestTools.TestTypes.Unit.UnitTestAdapter" className="UnitTests.iCore.Runtime.Infile.InfileImplementationTests" name="Close_ClosesStream" />
    </UnitTest>
    <UnitTest name="Constructor_DataIsNull_Throws" storage="f:\etwork\bin\tests\unittests.icore.runtime.dll" id="925e6ac4-6cf7-2335-5391-03d5a3b479a2">
      <TestCategory>
        <TestCategoryItem TestCategory="InFile" />
      </TestCategory>
      <Execution id="86a51f2b-3671-42f4-807a-c96002aaf0f3" />
      <TestMethod codeBase="F:\ETWork\bin\Tests\UnitTests.iCore.Runtime.dll" adapterTypeName="Microsoft.VisualStudio.TestTools.TestTypes.Unit.UnitTestAdapter" className="UnitTests.iCore.Runtime.Infile.CharacterSeparatedRecordReaderTests" name="Constructor_DataIsNull_Throws" />
    </UnitTest>
    <UnitTest name="Constructor_ConfigurationIsNull_Throws" storage="f:\etwork\bin\tests\unittests.icore.runtime.dll" id="fa82d116-66f4-bbda-4093-018abadffeae">
      <TestCategory>
        <TestCategoryItem TestCategory="InFile" />
      </TestCategory>
      <Execution id="d00b7557-2b77-47e2-8b3b-880a60b4bf56" />
      <TestMethod codeBase="F:\ETWork\bin\Tests\UnitTests.iCore.Runtime.dll" adapterTypeName="Microsoft.VisualStudio.TestTools.TestTypes.Unit.UnitTestAdapter" className="UnitTests.iCore.Runtime.Infile.CharacterSeparatedRecordReaderTests" name="Constructor_ConfigurationIsNull_Throws" />
    </UnitTest>
    <UnitTest name="Constructor_NoRecordSeparatorCharacter_Throws" storage="f:\etwork\bin\tests\unittests.icore.runtime.dll" id="fff74519-ae56-119f-73d3-46b327a3cc4d">
      <TestCategory>
        <TestCategoryItem TestCategory="InFile" />
      </TestCategory>
      <Execution id="e85d70c9-51c4-453a-b6d4-d930d64751f7" />
      <TestMethod codeBase="F:\ETWork\bin\Tests\UnitTests.iCore.Runtime.dll" adapterTypeName="Microsoft.VisualStudio.TestTools.TestTypes.Unit.UnitTestAdapter" className="UnitTests.iCore.Runtime.Infile.CharacterSeparatedRecordReaderTests" name="Constructor_NoRecordSeparatorCharacter_Throws" />
    </UnitTest>
    <UnitTest name="Constructor_ValidArgs_Success" storage="f:\etwork\bin\tests\unittests.icore.runtime.dll" id="f0d1829b-fa5d-ef90-c11d-0e6b1d062e08">
      <TestCategory>
        <TestCategoryItem TestCategory="InFile" />
      </TestCategory>
      <Execution id="3a15b641-2c3b-4a9d-9fa9-2e35633df79d" />
      <TestMethod codeBase="F:\ETWork\bin\Tests\UnitTests.iCore.Runtime.dll" adapterTypeName="Microsoft.VisualStudio.TestTools.TestTypes.Unit.UnitTestAdapter" className="UnitTests.iCore.Runtime.Infile.CharacterSeparatedRecordReaderTests" name="Constructor_ValidArgs_Success" />
    </UnitTest>
    <UnitTest name="ImplementsExpectedInterfaces" storage="f:\etwork\bin\tests\unittests.icore.runtime.dll" id="17137882-1b98-5dab-ab64-a3dc73184a59">
      <TestCategory>
        <TestCategoryItem TestCategory="InFile" />
      </TestCategory>
      <Execution id="81ca55da-7812-4ceb-828f-0b30b9772ac9" />
      <TestMethod codeBase="F:\ETWork\bin\Tests\UnitTests.iCore.Runtime.dll" adapterTypeName="Microsoft.VisualStudio.TestTools.TestTypes.Unit.UnitTestAdapter" className="UnitTests.iCore.Runtime.Infile.CharacterSeparatedRecordReaderTests" name="ImplementsExpectedInterfaces" />
    </UnitTest>
    <UnitTest name="Dispose_DoesNotCloseStream" storage="f:\etwork\bin\tests\unittests.icore.runtime.dll" id="400cab42-9c6a-5204-ccc8-4745849c9577">
      <TestCategory>
        <TestCategoryItem TestCategory="InFile" />
      </TestCategory>
      <Execution id="e9d11ac5-6fc1-4538-a194-613bf924ea01" />
      <TestMethod codeBase="F:\ETWork\bin\Tests\UnitTests.iCore.Runtime.dll" adapterTypeName="Microsoft.VisualStudio.TestTools.TestTypes.Unit.UnitTestAdapter" className="UnitTests.iCore.Runtime.Infile.CharacterSeparatedRecordReaderTests" name="Dispose_DoesNotCloseStream" />
    </UnitTest>
    <UnitTest name="Close_DoesNotCloseStream" storage="f:\etwork\bin\tests\unittests.icore.runtime.dll" id="814b44c3-1091-e445-8f3c-0a58954b27ff">
      <TestCategory>
        <TestCategoryItem TestCategory="InFile" />
      </TestCategory>
      <Execution id="64df637e-dccd-4638-b237-0350a00959f9" />
      <TestMethod codeBase="F:\ETWork\bin\Tests\UnitTests.iCore.Runtime.dll" adapterTypeName="Microsoft.VisualStudio.TestTools.TestTypes.Unit.UnitTestAdapter" className="UnitTests.iCore.Runtime.Infile.CharacterSeparatedRecordReaderTests" name="Close_DoesNotCloseStream" />
    </UnitTest>
    <UnitTest name="ReadRecord_NoIndata_ReturnsNull" storage="f:\etwork\bin\tests\unittests.icore.runtime.dll" id="eb271427-bf90-a11e-3833-adf130ec2b4e">
      <TestCategory>
        <TestCategoryItem TestCategory="InFile" />
      </TestCategory>
      <Execution id="8b7ab8c8-87f2-4f8d-abfb-ecbcdbdd0d28" />
      <TestMethod codeBase="F:\ETWork\bin\Tests\UnitTests.iCore.Runtime.dll" adapterTypeName="Microsoft.VisualStudio.TestTools.TestTypes.Unit.UnitTestAdapter" className="UnitTests.iCore.Runtime.Infile.CharacterSeparatedRecordReaderTests" name="ReadRecord_NoIndata_ReturnsNull" />
    </UnitTest>
    <UnitTest name="ReadRecord_RecordEndsWithSepAndKeepRecordSeparatorIsTrue_RecordSeparatorKept" storage="f:\etwork\bin\tests\unittests.icore.runtime.dll" id="a7c9a27c-9e2c-3ea8-44cb-263fe5896d2b">
      <TestCategory>
        <TestCategoryItem TestCategory="InFile" />
      </TestCategory>
      <Execution id="9e2acf3a-c548-4cd3-9306-9dc72ed12762" />
      <TestMethod codeBase="F:\ETWork\bin\Tests\UnitTests.iCore.Runtime.dll" adapterTypeName="Microsoft.VisualStudio.TestTools.TestTypes.Unit.UnitTestAdapter" className="UnitTests.iCore.Runtime.Infile.CharacterSeparatedRecordReaderTests" name="ReadRecord_RecordEndsWithSepAndKeepRecordSeparatorIsTrue_RecordSeparatorKept" />
    </UnitTest>
    <UnitTest name="ReadRecord_RecordEndsWithSepAndKeepRecordSeparatorIsFalse_RecordSeparatorNotKept" storage="f:\etwork\bin\tests\unittests.icore.runtime.dll" id="4bf138b3-0b83-1049-fc2c-be7e17bbb712">
      <TestCategory>
        <TestCategoryItem TestCategory="InFile" />
      </TestCategory>
      <Execution id="147c67df-17f7-4bcb-994a-f507a0676a2e" />
      <TestMethod codeBase="F:\ETWork\bin\Tests\UnitTests.iCore.Runtime.dll" adapterTypeName="Microsoft.VisualStudio.TestTools.TestTypes.Unit.UnitTestAdapter" className="UnitTests.iCore.Runtime.Infile.CharacterSeparatedRecordReaderTests" name="ReadRecord_RecordEndsWithSepAndKeepRecordSeparatorIsFalse_RecordSeparatorNotKept" />
    </UnitTest>
    <UnitTest name="ReadRecord_LastRecordDoesNotEndWithSep_ReturnsExpectedRecords" storage="f:\etwork\bin\tests\unittests.icore.runtime.dll" id="140d4636-d2ff-e640-e14b-da38214d9ea0">
      <TestCategory>
        <TestCategoryItem TestCategory="InFile" />
      </TestCategory>
      <Execution id="f054d0d1-19aa-44b5-962e-882683b0f0df" />
      <TestMethod codeBase="F:\ETWork\bin\Tests\UnitTests.iCore.Runtime.dll" adapterTypeName="Microsoft.VisualStudio.TestTools.TestTypes.Unit.UnitTestAdapter" className="UnitTests.iCore.Runtime.Infile.CharacterSeparatedRecordReaderTests" name="ReadRecord_LastRecordDoesNotEndWithSep_ReturnsExpectedRecords" />
    </UnitTest>
    <UnitTest name="ReadRecord_EmptyRecordsAndFilterEmptyRecordsIsTrue_ReturnsExpectedRecords" storage="f:\etwork\bin\tests\unittests.icore.runtime.dll" id="a939f8ad-9aff-4e94-88b0-7e15cdbff432">
      <TestCategory>
        <TestCategoryItem TestCategory="InFile" />
      </TestCategory>
      <Execution id="8fdef27e-e619-4b2b-b0d7-c4233c8d01cd" />
      <TestMethod codeBase="F:\ETWork\bin\Tests\UnitTests.iCore.Runtime.dll" adapterTypeName="Microsoft.VisualStudio.TestTools.TestTypes.Unit.UnitTestAdapter" className="UnitTests.iCore.Runtime.Infile.CharacterSeparatedRecordReaderTests" name="ReadRecord_EmptyRecordsAndFilterEmptyRecordsIsTrue_ReturnsExpectedRecords" />
    </UnitTest>
    <UnitTest name="ReadRecord_EmptyRecordsAndFilterEmptyRecordsIsFalse_ReturnsExpectedRecords" storage="f:\etwork\bin\tests\unittests.icore.runtime.dll" id="02eee52e-e8a1-fb69-0ee2-0572d163080f">
      <TestCategory>
        <TestCategoryItem TestCategory="InFile" />
      </TestCategory>
      <Execution id="9f2a90c1-3589-45b1-a93f-6cfa3667609f" />
      <TestMethod codeBase="F:\ETWork\bin\Tests\UnitTests.iCore.Runtime.dll" adapterTypeName="Microsoft.VisualStudio.TestTools.TestTypes.Unit.UnitTestAdapter" className="UnitTests.iCore.Runtime.Infile.CharacterSeparatedRecordReaderTests" name="ReadRecord_EmptyRecordsAndFilterEmptyRecordsIsFalse_ReturnsExpectedRecords" />
    </UnitTest>
    <UnitTest name="ReadRecord_NoMoreRecords_ReturnsNull" storage="f:\etwork\bin\tests\unittests.icore.runtime.dll" id="2300d5b4-215e-bb81-916f-9e8ec4a724a4">
      <TestCategory>
        <TestCategoryItem TestCategory="InFile" />
      </TestCategory>
      <Execution id="cf68514b-fc7f-4d6e-a39a-df2c1671fd69" />
      <TestMethod codeBase="F:\ETWork\bin\Tests\UnitTests.iCore.Runtime.dll" adapterTypeName="Microsoft.VisualStudio.TestTools.TestTypes.Unit.UnitTestAdapter" className="UnitTests.iCore.Runtime.Infile.CharacterSeparatedRecordReaderTests" name="ReadRecord_NoMoreRecords_ReturnsNull" />
    </UnitTest>
    <UnitTest name="ReadRecord_Unicode_ReturnsExpectedRecords" storage="f:\etwork\bin\tests\unittests.icore.runtime.dll" id="0060a7cf-7d6b-779a-6cbc-630821363ff4">
      <TestCategory>
        <TestCategoryItem TestCategory="InFile" />
      </TestCategory>
      <Execution id="25b690bf-471e-44b8-aed5-2e0a8b8e92fd" />
      <TestMethod codeBase="F:\ETWork\bin\Tests\UnitTests.iCore.Runtime.dll" adapterTypeName="Microsoft.VisualStudio.TestTools.TestTypes.Unit.UnitTestAdapter" className="UnitTests.iCore.Runtime.Infile.CharacterSeparatedRecordReaderTests" name="ReadRecord_Unicode_ReturnsExpectedRecords" />
    </UnitTest>
    <UnitTest name="ReadRecord_ConsumeReleaseCharactersIsConsumeAll_ExpectedRecordReturned" storage="f:\etwork\bin\tests\unittests.icore.runtime.dll" id="d91d563b-c573-c355-03d8-5056a742ce10">
      <TestCategory>
        <TestCategoryItem TestCategory="InFile" />
      </TestCategory>
      <Execution id="5c7abee5-dd73-4012-833f-a2bd71e63455" />
      <TestMethod codeBase="F:\ETWork\bin\Tests\UnitTests.iCore.Runtime.dll" adapterTypeName="Microsoft.VisualStudio.TestTools.TestTypes.Unit.UnitTestAdapter" className="UnitTests.iCore.Runtime.Infile.CharacterSeparatedRecordReaderTests" name="ReadRecord_ConsumeReleaseCharactersIsConsumeAll_ExpectedRecordReturned" />
    </UnitTest>
    <UnitTest name="ReadRecord_ConsumeReleaseCharactersIsConsumeReserved_ExpectedRecordReturned" storage="f:\etwork\bin\tests\unittests.icore.runtime.dll" id="701a9e94-fbfd-6f31-4d08-3ef302c0c448">
      <TestCategory>
        <TestCategoryItem TestCategory="InFile" />
      </TestCategory>
      <Execution id="892ea2c2-a5f4-4869-bb8f-d63a88e5c894" />
      <TestMethod codeBase="F:\ETWork\bin\Tests\UnitTests.iCore.Runtime.dll" adapterTypeName="Microsoft.VisualStudio.TestTools.TestTypes.Unit.UnitTestAdapter" className="UnitTests.iCore.Runtime.Infile.CharacterSeparatedRecordReaderTests" name="ReadRecord_ConsumeReleaseCharactersIsConsumeReserved_ExpectedRecordReturned" />
    </UnitTest>
    <UnitTest name="ReadRecord_EncodingSwitchedBetweenRecords_ReturnsExpectedRecords" storage="f:\etwork\bin\tests\unittests.icore.runtime.dll" id="f462a512-d459-a2b6-1811-9551c04aba5f">
      <TestCategory>
        <TestCategoryItem TestCategory="InFile" />
      </TestCategory>
      <Execution id="94a10840-38fe-439b-86de-a5d6865b5cbc" />
      <TestMethod codeBase="F:\ETWork\bin\Tests\UnitTests.iCore.Runtime.dll" adapterTypeName="Microsoft.VisualStudio.TestTools.TestTypes.Unit.UnitTestAdapter" className="UnitTests.iCore.Runtime.Infile.CharacterSeparatedRecordReaderTests" name="ReadRecord_EncodingSwitchedBetweenRecords_ReturnsExpectedRecords" />
    </UnitTest>
    <UnitTest name="StartPositionOfLastRecord_NoRecordsRead_ReturnsMinusOne" storage="f:\etwork\bin\tests\unittests.icore.runtime.dll" id="f3cfb75e-b395-af9f-fc39-5246c9ab9327">
      <TestCategory>
        <TestCategoryItem TestCategory="InFile" />
      </TestCategory>
      <Execution id="42b79350-dcc4-4805-8d06-162d39bc0f7d" />
      <TestMethod codeBase="F:\ETWork\bin\Tests\UnitTests.iCore.Runtime.dll" adapterTypeName="Microsoft.VisualStudio.TestTools.TestTypes.Unit.UnitTestAdapter" className="UnitTests.iCore.Runtime.Infile.CharacterSeparatedRecordReaderTests" name="StartPositionOfLastRecord_NoRecordsRead_ReturnsMinusOne" />
    </UnitTest>
    <UnitTest name="StartPositionOfLastRecord_OneRecordRead_ReturnsZero" storage="f:\etwork\bin\tests\unittests.icore.runtime.dll" id="92010c8f-e9b2-16e3-e5cc-439faa800bb9">
      <TestCategory>
        <TestCategoryItem TestCategory="InFile" />
      </TestCategory>
      <Execution id="bd59354f-7dd2-4288-a36f-57a316de1540" />
      <TestMethod codeBase="F:\ETWork\bin\Tests\UnitTests.iCore.Runtime.dll" adapterTypeName="Microsoft.VisualStudio.TestTools.TestTypes.Unit.UnitTestAdapter" className="UnitTests.iCore.Runtime.Infile.CharacterSeparatedRecordReaderTests" name="StartPositionOfLastRecord_OneRecordRead_ReturnsZero" />
    </UnitTest>
    <UnitTest name="StartPositionOfLastRecord_TwoRecordsRead_ReturnsStartPositionOfSecondRecord" storage="f:\etwork\bin\tests\unittests.icore.runtime.dll" id="6d21136e-0010-e3e0-0e61-d6a804d1df2f">
      <TestCategory>
        <TestCategoryItem TestCategory="InFile" />
      </TestCategory>
      <Execution id="3965a8ea-b25e-4156-99b8-2cde754f86d3" />
      <TestMethod codeBase="F:\ETWork\bin\Tests\UnitTests.iCore.Runtime.dll" adapterTypeName="Microsoft.VisualStudio.TestTools.TestTypes.Unit.UnitTestAdapter" className="UnitTests.iCore.Runtime.Infile.CharacterSeparatedRecordReaderTests" name="StartPositionOfLastRecord_TwoRecordsRead_ReturnsStartPositionOfSecondRecord" />
    </UnitTest>
    <UnitTest name="SetPosition_PositionChanged_ReturnsExpectedRecord" storage="f:\etwork\bin\tests\unittests.icore.runtime.dll" id="b09f5703-0164-517c-e12b-3ff36cb725c2">
      <TestCategory>
        <TestCategoryItem TestCategory="InFile" />
      </TestCategory>
      <Execution id="74e265af-1216-44e8-99df-3b07baf68dc7" />
      <TestMethod codeBase="F:\ETWork\bin\Tests\UnitTests.iCore.Runtime.dll" adapterTypeName="Microsoft.VisualStudio.TestTools.TestTypes.Unit.UnitTestAdapter" className="UnitTests.iCore.Runtime.Infile.CharacterSeparatedRecordReaderTests" name="SetPosition_PositionChanged_ReturnsExpectedRecord" />
    </UnitTest>
    <UnitTest name="SetPosition_InvalidValue_Throws" storage="f:\etwork\bin\tests\unittests.icore.runtime.dll" id="00de836f-6357-cdb7-23d7-22e6e30a206f">
      <TestCategory>
        <TestCategoryItem TestCategory="InFile" />
      </TestCategory>
      <Execution id="35d1e369-c193-4dde-b94e-3aa472630aae" />
      <TestMethod codeBase="F:\ETWork\bin\Tests\UnitTests.iCore.Runtime.dll" adapterTypeName="Microsoft.VisualStudio.TestTools.TestTypes.Unit.UnitTestAdapter" className="UnitTests.iCore.Runtime.Infile.CharacterSeparatedRecordReaderTests" name="SetPosition_InvalidValue_Throws" />
    </UnitTest>
    <UnitTest name="Construtor_DataIsNull_Throws" storage="f:\etwork\bin\tests\unittests.icore.runtime.dll" id="2f7d8c08-84f7-078b-8017-b8bd04cf742f">
      <TestCategory>
        <TestCategoryItem TestCategory="InFile" />
      </TestCategory>
      <Execution id="69f56400-99e3-4ff7-b9e6-e2a0fe586d03" />
      <TestMethod codeBase="F:\ETWork\bin\Tests\UnitTests.iCore.Runtime.dll" adapterTypeName="Microsoft.VisualStudio.TestTools.TestTypes.Unit.UnitTestAdapter" className="UnitTests.iCore.Runtime.Infile.LineRecordReaderTests" name="Construtor_DataIsNull_Throws" />
    </UnitTest>
    <UnitTest name="Construtor_ConfigurationIsNull_Throws" storage="f:\etwork\bin\tests\unittests.icore.runtime.dll" id="214f95bf-13f4-0c43-674f-c7094452466a">
      <TestCategory>
        <TestCategoryItem TestCategory="InFile" />
      </TestCategory>
      <Execution id="4e425f92-876e-46d3-a576-b20fe352d7ad" />
      <TestMethod codeBase="F:\ETWork\bin\Tests\UnitTests.iCore.Runtime.dll" adapterTypeName="Microsoft.VisualStudio.TestTools.TestTypes.Unit.UnitTestAdapter" className="UnitTests.iCore.Runtime.Infile.LineRecordReaderTests" name="Construtor_ConfigurationIsNull_Throws" />
    </UnitTest>
    <UnitTest name="Construtor_ValidArgs_Success" storage="f:\etwork\bin\tests\unittests.icore.runtime.dll" id="81152cfd-1838-0497-3f84-86a75c970167">
      <TestCategory>
        <TestCategoryItem TestCategory="InFile" />
      </TestCategory>
      <Execution id="6749d69d-b4b5-42dd-9c2d-5c91a95bdca6" />
      <TestMethod codeBase="F:\ETWork\bin\Tests\UnitTests.iCore.Runtime.dll" adapterTypeName="Microsoft.VisualStudio.TestTools.TestTypes.Unit.UnitTestAdapter" className="UnitTests.iCore.Runtime.Infile.LineRecordReaderTests" name="Construtor_ValidArgs_Success" />
    </UnitTest>
    <UnitTest name="ImplementsExpectedInterfaces" storage="f:\etwork\bin\tests\unittests.icore.runtime.dll" id="79845110-5028-bb72-b6a1-2fa941e17166">
      <TestCategory>
        <TestCategoryItem TestCategory="InFile" />
      </TestCategory>
      <Execution id="ed50539c-9b80-4eda-8895-7d3c59e21ddf" />
      <TestMethod codeBase="F:\ETWork\bin\Tests\UnitTests.iCore.Runtime.dll" adapterTypeName="Microsoft.VisualStudio.TestTools.TestTypes.Unit.UnitTestAdapter" className="UnitTests.iCore.Runtime.Infile.LineRecordReaderTests" name="ImplementsExpectedInterfaces" />
    </UnitTest>
    <UnitTest name="Dispose_DoesNotCloseStream" storage="f:\etwork\bin\tests\unittests.icore.runtime.dll" id="5ae55ba3-fa14-327b-6d01-305995344223">
      <TestCategory>
        <TestCategoryItem TestCategory="InFile" />
      </TestCategory>
      <Execution id="4e8111db-b791-4f84-9ed5-95754867eb5d" />
      <TestMethod codeBase="F:\ETWork\bin\Tests\UnitTests.iCore.Runtime.dll" adapterTypeName="Microsoft.VisualStudio.TestTools.TestTypes.Unit.UnitTestAdapter" className="UnitTests.iCore.Runtime.Infile.LineRecordReaderTests" name="Dispose_DoesNotCloseStream" />
    </UnitTest>
    <UnitTest name="Close_DoesNotCloseStream" storage="f:\etwork\bin\tests\unittests.icore.runtime.dll" id="da83b8bf-280b-8872-5283-8d4cff2d699b">
      <TestCategory>
        <TestCategoryItem TestCategory="InFile" />
      </TestCategory>
      <Execution id="4d724112-ce7c-4d47-b91c-3d4d47467873" />
      <TestMethod codeBase="F:\ETWork\bin\Tests\UnitTests.iCore.Runtime.dll" adapterTypeName="Microsoft.VisualStudio.TestTools.TestTypes.Unit.UnitTestAdapter" className="UnitTests.iCore.Runtime.Infile.LineRecordReaderTests" name="Close_DoesNotCloseStream" />
    </UnitTest>
    <UnitTest name="ReadRecord_NoIndata_ReturnsNull" storage="f:\etwork\bin\tests\unittests.icore.runtime.dll" id="cfa27c63-0f3d-dbc3-809c-0d6e7bb70d54">
      <TestCategory>
        <TestCategoryItem TestCategory="InFile" />
      </TestCategory>
      <Execution id="894fb34e-e70a-48e9-ad1e-d8c3c8bab1a1" />
      <TestMethod codeBase="F:\ETWork\bin\Tests\UnitTests.iCore.Runtime.dll" adapterTypeName="Microsoft.VisualStudio.TestTools.TestTypes.Unit.UnitTestAdapter" className="UnitTests.iCore.Runtime.Infile.LineRecordReaderTests" name="ReadRecord_NoIndata_ReturnsNull" />
    </UnitTest>
    <UnitTest name="ReadRecord_RecordEndsWithSepAndKeepRecordSeparatorIsTrue_RecordSeparatorKept" storage="f:\etwork\bin\tests\unittests.icore.runtime.dll" id="ecba7650-3975-5ae3-dec5-0e05f28719fa">
      <TestCategory>
        <TestCategoryItem TestCategory="InFile" />
      </TestCategory>
      <Execution id="3e754fed-37c1-4f61-a137-9d503ffa1f35" />
      <TestMethod codeBase="F:\ETWork\bin\Tests\UnitTests.iCore.Runtime.dll" adapterTypeName="Microsoft.VisualStudio.TestTools.TestTypes.Unit.UnitTestAdapter" className="UnitTests.iCore.Runtime.Infile.LineRecordReaderTests" name="ReadRecord_RecordEndsWithSepAndKeepRecordSeparatorIsTrue_RecordSeparatorKept" />
    </UnitTest>
    <UnitTest name="ReadRecord_RecordEndsWithSepAndKeepRecordSeparatorIsFalse_RecordSeparatorNotKept" storage="f:\etwork\bin\tests\unittests.icore.runtime.dll" id="848ba6bb-d733-d57d-1659-ea8432648540">
      <TestCategory>
        <TestCategoryItem TestCategory="InFile" />
      </TestCategory>
      <Execution id="77dbb2e5-d49d-41e4-a1e4-03f8a3d45c90" />
      <TestMethod codeBase="F:\ETWork\bin\Tests\UnitTests.iCore.Runtime.dll" adapterTypeName="Microsoft.VisualStudio.TestTools.TestTypes.Unit.UnitTestAdapter" className="UnitTests.iCore.Runtime.Infile.LineRecordReaderTests" name="ReadRecord_RecordEndsWithSepAndKeepRecordSeparatorIsFalse_RecordSeparatorNotKept" />
    </UnitTest>
    <UnitTest name="ReadRecord_RecordEndsWithSlashNAndKeepRecordSeparatorIsTrue_RecordSeparatorKept" storage="f:\etwork\bin\tests\unittests.icore.runtime.dll" id="f45f69b0-1964-9814-54b8-5b0c073054d9">
      <TestCategory>
        <TestCategoryItem TestCategory="InFile" />
      </TestCategory>
      <Execution id="5542e137-6d7d-45ca-9826-c77650632924" />
      <TestMethod codeBase="F:\ETWork\bin\Tests\UnitTests.iCore.Runtime.dll" adapterTypeName="Microsoft.VisualStudio.TestTools.TestTypes.Unit.UnitTestAdapter" className="UnitTests.iCore.Runtime.Infile.LineRecordReaderTests" name="ReadRecord_RecordEndsWithSlashNAndKeepRecordSeparatorIsTrue_RecordSeparatorKept" />
    </UnitTest>
    <UnitTest name="ReadRecord_RecordEndsWithSlashNAndKeepRecordSeparatorIsFalse_RecordSeparatorNotKept" storage="f:\etwork\bin\tests\unittests.icore.runtime.dll" id="84bc7f0b-0ce0-35e9-b40a-88fe24360290">
      <TestCategory>
        <TestCategoryItem TestCategory="InFile" />
      </TestCategory>
      <Execution id="62b49bc5-b1df-4224-9ac3-8043decfec3e" />
      <TestMethod codeBase="F:\ETWork\bin\Tests\UnitTests.iCore.Runtime.dll" adapterTypeName="Microsoft.VisualStudio.TestTools.TestTypes.Unit.UnitTestAdapter" className="UnitTests.iCore.Runtime.Infile.LineRecordReaderTests" name="ReadRecord_RecordEndsWithSlashNAndKeepRecordSeparatorIsFalse_RecordSeparatorNotKept" />
    </UnitTest>
    <UnitTest name="ReadRecord_MixOfSlashNAndSlashRN_ReturnsExpectedRecords" storage="f:\etwork\bin\tests\unittests.icore.runtime.dll" id="47f7042a-d532-1ea5-02a8-dda5cf12b733">
      <TestCategory>
        <TestCategoryItem TestCategory="InFile" />
      </TestCategory>
      <Execution id="f5b7a1ff-0e87-4343-b369-439c4e691cfe" />
      <TestMethod codeBase="F:\ETWork\bin\Tests\UnitTests.iCore.Runtime.dll" adapterTypeName="Microsoft.VisualStudio.TestTools.TestTypes.Unit.UnitTestAdapter" className="UnitTests.iCore.Runtime.Infile.LineRecordReaderTests" name="ReadRecord_MixOfSlashNAndSlashRN_ReturnsExpectedRecords" />
    </UnitTest>
    <UnitTest name="ReadRecord_LastRecordDoesNotEndWithSep_ReturnsExpectedRecords" storage="f:\etwork\bin\tests\unittests.icore.runtime.dll" id="8676e345-f316-11f2-2380-22c483a8bff8">
      <TestCategory>
        <TestCategoryItem TestCategory="InFile" />
      </TestCategory>
      <Execution id="2107a2fa-1015-4e1c-b961-5e9938b8a6dd" />
      <TestMethod codeBase="F:\ETWork\bin\Tests\UnitTests.iCore.Runtime.dll" adapterTypeName="Microsoft.VisualStudio.TestTools.TestTypes.Unit.UnitTestAdapter" className="UnitTests.iCore.Runtime.Infile.LineRecordReaderTests" name="ReadRecord_LastRecordDoesNotEndWithSep_ReturnsExpectedRecords" />
    </UnitTest>
    <UnitTest name="ReadRecord_EmptyRecordsAndFilterEmptyRecordsIsTrue_ReturnsExpectedRecords" storage="f:\etwork\bin\tests\unittests.icore.runtime.dll" id="bd1bf360-da2c-3231-5a9d-93d50c7c38ea">
      <TestCategory>
        <TestCategoryItem TestCategory="InFile" />
      </TestCategory>
      <Execution id="9fc6e263-41c7-4511-93ed-f5f1132e0b8d" />
      <TestMethod codeBase="F:\ETWork\bin\Tests\UnitTests.iCore.Runtime.dll" adapterTypeName="Microsoft.VisualStudio.TestTools.TestTypes.Unit.UnitTestAdapter" className="UnitTests.iCore.Runtime.Infile.LineRecordReaderTests" name="ReadRecord_EmptyRecordsAndFilterEmptyRecordsIsTrue_ReturnsExpectedRecords" />
    </UnitTest>
    <UnitTest name="ReadRecord_EmptyRecordsAndFilterEmptyRecordsIsFalse_ReturnsExpectedRecords" storage="f:\etwork\bin\tests\unittests.icore.runtime.dll" id="a637795e-87f7-9ac7-1e52-26a63ea9f19a">
      <TestCategory>
        <TestCategoryItem TestCategory="InFile" />
      </TestCategory>
      <Execution id="377b95ee-22ca-466c-abd4-a88090d8cf0d" />
      <TestMethod codeBase="F:\ETWork\bin\Tests\UnitTests.iCore.Runtime.dll" adapterTypeName="Microsoft.VisualStudio.TestTools.TestTypes.Unit.UnitTestAdapter" className="UnitTests.iCore.Runtime.Infile.LineRecordReaderTests" name="ReadRecord_EmptyRecordsAndFilterEmptyRecordsIsFalse_ReturnsExpectedRecords" />
    </UnitTest>
    <UnitTest name="ReadRecord_NoMoreRecords_ReturnsNull" storage="f:\etwork\bin\tests\unittests.icore.runtime.dll" id="9b4bc9fd-399c-e029-5c8e-7edf47a2e33b">
      <TestCategory>
        <TestCategoryItem TestCategory="InFile" />
      </TestCategory>
      <Execution id="291e73aa-fb22-4a78-9b89-340fcdccc385" />
      <TestMethod codeBase="F:\ETWork\bin\Tests\UnitTests.iCore.Runtime.dll" adapterTypeName="Microsoft.VisualStudio.TestTools.TestTypes.Unit.UnitTestAdapter" className="UnitTests.iCore.Runtime.Infile.LineRecordReaderTests" name="ReadRecord_NoMoreRecords_ReturnsNull" />
    </UnitTest>
    <UnitTest name="ReadRecord_Unicode_ReturnsExpectedRecords" storage="f:\etwork\bin\tests\unittests.icore.runtime.dll" id="6ba038e7-7aca-7c55-1d2f-1be78f27d5b9">
      <TestCategory>
        <TestCategoryItem TestCategory="InFile" />
      </TestCategory>
      <Execution id="550dcb14-ad9e-4f44-92d2-aae06a51be0e" />
      <TestMethod codeBase="F:\ETWork\bin\Tests\UnitTests.iCore.Runtime.dll" adapterTypeName="Microsoft.VisualStudio.TestTools.TestTypes.Unit.UnitTestAdapter" className="UnitTests.iCore.Runtime.Infile.LineRecordReaderTests" name="ReadRecord_Unicode_ReturnsExpectedRecords" />
    </UnitTest>
    <UnitTest name="ReadRecord_EncodingSwitchedBetweenRecords_ReturnsExpectedRecords" storage="f:\etwork\bin\tests\unittests.icore.runtime.dll" id="c9c110b8-ffd9-729f-afd2-f26652eff53b">
      <TestCategory>
        <TestCategoryItem TestCategory="InFile" />
      </TestCategory>
      <Execution id="a249bef4-01c6-42f7-9054-c00b635d08ab" />
      <TestMethod codeBase="F:\ETWork\bin\Tests\UnitTests.iCore.Runtime.dll" adapterTypeName="Microsoft.VisualStudio.TestTools.TestTypes.Unit.UnitTestAdapter" className="UnitTests.iCore.Runtime.Infile.LineRecordReaderTests" name="ReadRecord_EncodingSwitchedBetweenRecords_ReturnsExpectedRecords" />
    </UnitTest>
    <UnitTest name="StartPositionOfLastRecord_NoRecordsRead_ReturnsMinusOne" storage="f:\etwork\bin\tests\unittests.icore.runtime.dll" id="cae05cc4-3f2e-01e9-cce8-f063cb3ff389">
      <TestCategory>
        <TestCategoryItem TestCategory="InFile" />
      </TestCategory>
      <Execution id="0fa29e04-3e58-401f-a537-1e1c724bc260" />
      <TestMethod codeBase="F:\ETWork\bin\Tests\UnitTests.iCore.Runtime.dll" adapterTypeName="Microsoft.VisualStudio.TestTools.TestTypes.Unit.UnitTestAdapter" className="UnitTests.iCore.Runtime.Infile.LineRecordReaderTests" name="StartPositionOfLastRecord_NoRecordsRead_ReturnsMinusOne" />
    </UnitTest>
    <UnitTest name="StartPositionOfLastRecord_OneRecordRead_ReturnsZero" storage="f:\etwork\bin\tests\unittests.icore.runtime.dll" id="6e002333-4b26-32fe-8b4e-ab6c1f05d5c5">
      <TestCategory>
        <TestCategoryItem TestCategory="InFile" />
      </TestCategory>
      <Execution id="a2bf331d-c599-45c0-8b3b-0ad7a9423b77" />
      <TestMethod codeBase="F:\ETWork\bin\Tests\UnitTests.iCore.Runtime.dll" adapterTypeName="Microsoft.VisualStudio.TestTools.TestTypes.Unit.UnitTestAdapter" className="UnitTests.iCore.Runtime.Infile.LineRecordReaderTests" name="StartPositionOfLastRecord_OneRecordRead_ReturnsZero" />
    </UnitTest>
    <UnitTest name="StartPositionOfLastRecord_TwoRecordsRead_ReturnsStartPositionOfSecondRecord" storage="f:\etwork\bin\tests\unittests.icore.runtime.dll" id="b3715d6e-793d-a50d-d9fe-cd14979ba1a9">
      <TestCategory>
        <TestCategoryItem TestCategory="InFile" />
      </TestCategory>
      <Execution id="dc7eefa5-eea1-45f0-b08f-03a762191017" />
      <TestMethod codeBase="F:\ETWork\bin\Tests\UnitTests.iCore.Runtime.dll" adapterTypeName="Microsoft.VisualStudio.TestTools.TestTypes.Unit.UnitTestAdapter" className="UnitTests.iCore.Runtime.Infile.LineRecordReaderTests" name="StartPositionOfLastRecord_TwoRecordsRead_ReturnsStartPositionOfSecondRecord" />
    </UnitTest>
    <UnitTest name="SetPosition_PositionChanged_ReturnsExpectedRecord" storage="f:\etwork\bin\tests\unittests.icore.runtime.dll" id="44e293fe-7b3e-555e-34eb-40e67f4a20f6">
      <TestCategory>
        <TestCategoryItem TestCategory="InFile" />
      </TestCategory>
      <Execution id="87481708-a9c5-45e9-84ba-0232cbabc3da" />
      <TestMethod codeBase="F:\ETWork\bin\Tests\UnitTests.iCore.Runtime.dll" adapterTypeName="Microsoft.VisualStudio.TestTools.TestTypes.Unit.UnitTestAdapter" className="UnitTests.iCore.Runtime.Infile.LineRecordReaderTests" name="SetPosition_PositionChanged_ReturnsExpectedRecord" />
    </UnitTest>
    <UnitTest name="SetPosition_InvalidValue_Throws" storage="f:\etwork\bin\tests\unittests.icore.runtime.dll" id="e21ca624-4df1-1fa3-8ce2-d48dc503df76">
      <TestCategory>
        <TestCategoryItem TestCategory="InFile" />
      </TestCategory>
      <Execution id="1e0739cf-2751-4924-8adc-ca5a8e07dc10" />
      <TestMethod codeBase="F:\ETWork\bin\Tests\UnitTests.iCore.Runtime.dll" adapterTypeName="Microsoft.VisualStudio.TestTools.TestTypes.Unit.UnitTestAdapter" className="UnitTests.iCore.Runtime.Infile.LineRecordReaderTests" name="SetPosition_InvalidValue_Throws" />
    </UnitTest>
    <UnitTest name="Constructor_NullConfig_Throws" storage="f:\etwork\bin\tests\unittests.icore.runtime.dll" id="17dd0e35-d346-d941-c4e6-b9011d083ddb">
      <TestCategory>
        <TestCategoryItem TestCategory="InFile" />
      </TestCategory>
      <Execution id="f33d9335-4ce9-4b44-bbe1-8c2e85e39af6" />
      <TestMethod codeBase="F:\ETWork\bin\Tests\UnitTests.iCore.Runtime.dll" adapterTypeName="Microsoft.VisualStudio.TestTools.TestTypes.Unit.UnitTestAdapter" className="UnitTests.iCore.Runtime.Infile.RecordReaderBaseTests" name="Constructor_NullConfig_Throws" />
    </UnitTest>
    <UnitTest name="Constructor_GetsStartPositionOfLastRecordFromRecordStreamReader" storage="f:\etwork\bin\tests\unittests.icore.runtime.dll" id="180cef14-3429-35c0-623c-d094b3ddb8b6">
      <TestCategory>
        <TestCategoryItem TestCategory="InFile" />
      </TestCategory>
      <Execution id="aec19bfa-bcd7-4ada-b1d5-30b3e12f0c5b" />
      <TestMethod codeBase="F:\ETWork\bin\Tests\UnitTests.iCore.Runtime.dll" adapterTypeName="Microsoft.VisualStudio.TestTools.TestTypes.Unit.UnitTestAdapter" className="UnitTests.iCore.Runtime.Infile.RecordReaderBaseTests" name="Constructor_GetsStartPositionOfLastRecordFromRecordStreamReader" />
    </UnitTest>
    <UnitTest name="Constructor_StreamPosition0AndAutodetectEncoding_StreamReaderSetToDetectEncoding" storage="f:\etwork\bin\tests\unittests.icore.runtime.dll" id="020cd719-ead7-f9cf-bc60-400e1dc5d088">
      <TestCategory>
        <TestCategoryItem TestCategory="InFile" />
      </TestCategory>
      <Execution id="015862dd-3b0a-48f5-aad9-b1d1bba2f5f8" />
      <TestMethod codeBase="F:\ETWork\bin\Tests\UnitTests.iCore.Runtime.dll" adapterTypeName="Microsoft.VisualStudio.TestTools.TestTypes.Unit.UnitTestAdapter" className="UnitTests.iCore.Runtime.Infile.RecordReaderBaseTests" name="Constructor_StreamPosition0AndAutodetectEncoding_StreamReaderSetToDetectEncoding" />
    </UnitTest>
    <UnitTest name="Constructor_StreamPositionNot0AndAutodetectEncoding_StreamReaderNotSetToDetectEncoding" storage="f:\etwork\bin\tests\unittests.icore.runtime.dll" id="ddeea70f-4a9d-08f8-e149-06d080bf5942">
      <TestCategory>
        <TestCategoryItem TestCategory="InFile" />
      </TestCategory>
      <Execution id="8278d42d-c223-4538-8931-6c6a307cb4ab" />
      <TestMethod codeBase="F:\ETWork\bin\Tests\UnitTests.iCore.Runtime.dll" adapterTypeName="Microsoft.VisualStudio.TestTools.TestTypes.Unit.UnitTestAdapter" className="UnitTests.iCore.Runtime.Infile.RecordReaderBaseTests" name="Constructor_StreamPositionNot0AndAutodetectEncoding_StreamReaderNotSetToDetectEncoding" />
    </UnitTest>
    <UnitTest name="Constructor_StreamPositionNot0AndNotAutodetectEncoding_StreamReaderNotSetToDetectEncoding" storage="f:\etwork\bin\tests\unittests.icore.runtime.dll" id="5586f576-65aa-2ed0-923a-f23666eced7f">
      <TestCategory>
        <TestCategoryItem TestCategory="InFile" />
      </TestCategory>
      <Execution id="f2eda2e2-8ccd-4d5f-af30-4565118838dc" />
      <TestMethod codeBase="F:\ETWork\bin\Tests\UnitTests.iCore.Runtime.dll" adapterTypeName="Microsoft.VisualStudio.TestTools.TestTypes.Unit.UnitTestAdapter" className="UnitTests.iCore.Runtime.Infile.RecordReaderBaseTests" name="Constructor_StreamPositionNot0AndNotAutodetectEncoding_StreamReaderNotSetToDetectEncoding" />
    </UnitTest>
    <UnitTest name="Constructor_StreamPosition0AndNotAutodetectEncoding_StreamReaderNotSetToDetectEncoding" storage="f:\etwork\bin\tests\unittests.icore.runtime.dll" id="7903e838-fa94-02d9-63a6-ee25f27ba30f">
      <TestCategory>
        <TestCategoryItem TestCategory="InFile" />
      </TestCategory>
      <Execution id="02ea8495-3499-4244-91e9-75ebe634a136" />
      <TestMethod codeBase="F:\ETWork\bin\Tests\UnitTests.iCore.Runtime.dll" adapterTypeName="Microsoft.VisualStudio.TestTools.TestTypes.Unit.UnitTestAdapter" className="UnitTests.iCore.Runtime.Infile.RecordReaderBaseTests" name="Constructor_StreamPosition0AndNotAutodetectEncoding_StreamReaderNotSetToDetectEncoding" />
    </UnitTest>
    <UnitTest name="Constructor_ShouldDetectEncoding_ConfigurationEncodingUpdated" storage="f:\etwork\bin\tests\unittests.icore.runtime.dll" id="334d89bc-5c7d-5854-c072-ee0218f324c7">
      <TestCategory>
        <TestCategoryItem TestCategory="InFile" />
      </TestCategory>
      <Execution id="d7f2c95f-b8fb-4ce3-a5ac-94df8c036dc0" />
      <TestMethod codeBase="F:\ETWork\bin\Tests\UnitTests.iCore.Runtime.dll" adapterTypeName="Microsoft.VisualStudio.TestTools.TestTypes.Unit.UnitTestAdapter" className="UnitTests.iCore.Runtime.Infile.RecordReaderBaseTests" name="Constructor_ShouldDetectEncoding_ConfigurationEncodingUpdated" />
    </UnitTest>
    <UnitTest name="ConfigurationChanged_NewEncoding_RefreshesRecordStreamReader" storage="f:\etwork\bin\tests\unittests.icore.runtime.dll" id="44c92dfc-a7aa-14eb-1eef-4f5154cfa6ac">
      <TestCategory>
        <TestCategoryItem TestCategory="InFile" />
      </TestCategory>
      <Execution id="42cc131a-062a-4f5e-8a68-8ae394595904" />
      <TestMethod codeBase="F:\ETWork\bin\Tests\UnitTests.iCore.Runtime.dll" adapterTypeName="Microsoft.VisualStudio.TestTools.TestTypes.Unit.UnitTestAdapter" className="UnitTests.iCore.Runtime.Infile.RecordReaderBaseTests" name="ConfigurationChanged_NewEncoding_RefreshesRecordStreamReader" />
    </UnitTest>
    <UnitTest name="ConfigurationChanged_NewReadAheadBufferSize_RefreshesRecordStreamReader" storage="f:\etwork\bin\tests\unittests.icore.runtime.dll" id="48932418-1f62-7bdf-cc86-4126c16ef45c">
      <TestCategory>
        <TestCategoryItem TestCategory="InFile" />
      </TestCategory>
      <Execution id="edaf1a10-5968-4481-be7f-5f9b2409e578" />
      <TestMethod codeBase="F:\ETWork\bin\Tests\UnitTests.iCore.Runtime.dll" adapterTypeName="Microsoft.VisualStudio.TestTools.TestTypes.Unit.UnitTestAdapter" className="UnitTests.iCore.Runtime.Infile.RecordReaderBaseTests" name="ConfigurationChanged_NewReadAheadBufferSize_RefreshesRecordStreamReader" />
    </UnitTest>
    <UnitTest name="ReadRecord_DoReadRecordReturnsNullAndFilterEmptyRecordsIsFalse_ReturnsNull" storage="f:\etwork\bin\tests\unittests.icore.runtime.dll" id="8ae34df3-6643-e362-3022-1ef0bbe5ce9c">
      <TestCategory>
        <TestCategoryItem TestCategory="InFile" />
      </TestCategory>
      <Execution id="ef3a8467-b95a-4bd7-b21e-4905f99e734c" />
      <TestMethod codeBase="F:\ETWork\bin\Tests\UnitTests.iCore.Runtime.dll" adapterTypeName="Microsoft.VisualStudio.TestTools.TestTypes.Unit.UnitTestAdapter" className="UnitTests.iCore.Runtime.Infile.RecordReaderBaseTests" name="ReadRecord_DoReadRecordReturnsNullAndFilterEmptyRecordsIsFalse_ReturnsNull" />
    </UnitTest>
    <UnitTest name="ReadRecord_DoReadRecordReturnsNullAndFilterEmptyRecordsIsTrue_ReturnsNull" storage="f:\etwork\bin\tests\unittests.icore.runtime.dll" id="28d9bb16-6853-0e84-cd3f-4828ab22f246">
      <TestCategory>
        <TestCategoryItem TestCategory="InFile" />
      </TestCategory>
      <Execution id="b90fa954-6676-41ed-86d2-baed38f02dda" />
      <TestMethod codeBase="F:\ETWork\bin\Tests\UnitTests.iCore.Runtime.dll" adapterTypeName="Microsoft.VisualStudio.TestTools.TestTypes.Unit.UnitTestAdapter" className="UnitTests.iCore.Runtime.Infile.RecordReaderBaseTests" name="ReadRecord_DoReadRecordReturnsNullAndFilterEmptyRecordsIsTrue_ReturnsNull" />
    </UnitTest>
    <UnitTest name="ReadRecord_DoReadRecordReturnsEmptyStringAtFirstCallAndFilterEmptyRecordsIsTrue_ReturnsExpectedRecord" storage="f:\etwork\bin\tests\unittests.icore.runtime.dll" id="5a020242-8019-81df-e2e5-bfe3c1e6df00">
      <TestCategory>
        <TestCategoryItem TestCategory="InFile" />
      </TestCategory>
      <Execution id="fd9b07f6-bae4-4a15-8e90-cb9d9c328134" />
      <TestMethod codeBase="F:\ETWork\bin\Tests\UnitTests.iCore.Runtime.dll" adapterTypeName="Microsoft.VisualStudio.TestTools.TestTypes.Unit.UnitTestAdapter" className="UnitTests.iCore.Runtime.Infile.RecordReaderBaseTests" name="ReadRecord_DoReadRecordReturnsEmptyStringAtFirstCallAndFilterEmptyRecordsIsTrue_ReturnsExpectedRecord" />
    </UnitTest>
    <UnitTest name="ReadRecord_DoReadRecordReturnsEmptyStringAtFirstCallNullAtSecondAndFilterEmptyRecordsIsTrue_ReturnsNull" storage="f:\etwork\bin\tests\unittests.icore.runtime.dll" id="c9a7a3d2-f8b9-1d91-2c01-87f557892d7b">
      <TestCategory>
        <TestCategoryItem TestCategory="InFile" />
      </TestCategory>
      <Execution id="361e7046-046a-4e0b-84a9-a083058664bc" />
      <TestMethod codeBase="F:\ETWork\bin\Tests\UnitTests.iCore.Runtime.dll" adapterTypeName="Microsoft.VisualStudio.TestTools.TestTypes.Unit.UnitTestAdapter" className="UnitTests.iCore.Runtime.Infile.RecordReaderBaseTests" name="ReadRecord_DoReadRecordReturnsEmptyStringAtFirstCallNullAtSecondAndFilterEmptyRecordsIsTrue_ReturnsNull" />
    </UnitTest>
    <UnitTest name="ReadRecord_ConsumeReleaseCharactersIsConsumeAll_ExpectedRecordReturned" storage="f:\etwork\bin\tests\unittests.icore.runtime.dll" id="90a49eeb-f126-7113-49e0-aa632c039413">
      <TestCategory>
        <TestCategoryItem TestCategory="InFile" />
      </TestCategory>
      <Execution id="ebafd079-00d8-494b-8645-4fb0648940b2" />
      <TestMethod codeBase="F:\ETWork\bin\Tests\UnitTests.iCore.Runtime.dll" adapterTypeName="Microsoft.VisualStudio.TestTools.TestTypes.Unit.UnitTestAdapter" className="UnitTests.iCore.Runtime.Infile.RecordReaderBaseTests" name="ReadRecord_ConsumeReleaseCharactersIsConsumeAll_ExpectedRecordReturned" />
    </UnitTest>
    <UnitTest name="ReadRecord_ConsumeReleaseCharactersIsConsumeReserved_ExpectedRecordReturned" storage="f:\etwork\bin\tests\unittests.icore.runtime.dll" id="ce4e9a58-ef1f-1b7e-e609-74af80e4ab71">
      <TestCategory>
        <TestCategoryItem TestCategory="InFile" />
      </TestCategory>
      <Execution id="7b8cf1d0-6517-4bfc-9527-bc21e0a65a4f" />
      <TestMethod codeBase="F:\ETWork\bin\Tests\UnitTests.iCore.Runtime.dll" adapterTypeName="Microsoft.VisualStudio.TestTools.TestTypes.Unit.UnitTestAdapter" className="UnitTests.iCore.Runtime.Infile.RecordReaderBaseTests" name="ReadRecord_ConsumeReleaseCharactersIsConsumeReserved_ExpectedRecordReturned" />
    </UnitTest>
    <UnitTest name="Position_UsesRecordStreamReader" storage="f:\etwork\bin\tests\unittests.icore.runtime.dll" id="c5b7761b-3953-4283-a468-39e062f7e99d">
      <TestCategory>
        <TestCategoryItem TestCategory="InFile" />
      </TestCategory>
      <Execution id="a1bedc48-344f-49f3-8633-a7133f8cb92e" />
      <TestMethod codeBase="F:\ETWork\bin\Tests\UnitTests.iCore.Runtime.dll" adapterTypeName="Microsoft.VisualStudio.TestTools.TestTypes.Unit.UnitTestAdapter" className="UnitTests.iCore.Runtime.Infile.RecordReaderBaseTests" name="Position_UsesRecordStreamReader" />
    </UnitTest>
    <UnitTest name="SetPosition_SetsPositionOnRecordStreamReaderAndUpdatesStartPositionOfLastRecord" storage="f:\etwork\bin\tests\unittests.icore.runtime.dll" id="6b606b9e-f455-df15-1811-46f78bc2055c">
      <TestCategory>
        <TestCategoryItem TestCategory="InFile" />
      </TestCategory>
      <Execution id="d349a8c6-30ca-43f6-afce-80a9cfe5d996" />
      <TestMethod codeBase="F:\ETWork\bin\Tests\UnitTests.iCore.Runtime.dll" adapterTypeName="Microsoft.VisualStudio.TestTools.TestTypes.Unit.UnitTestAdapter" className="UnitTests.iCore.Runtime.Infile.RecordReaderBaseTests" name="SetPosition_SetsPositionOnRecordStreamReaderAndUpdatesStartPositionOfLastRecord" />
    </UnitTest>
    <UnitTest name="EndOfRecords_DependsOnRecordStreamReader" storage="f:\etwork\bin\tests\unittests.icore.runtime.dll" id="277fc6b6-5f58-c113-1d80-305cc3e5fd84">
      <TestCategory>
        <TestCategoryItem TestCategory="InFile" />
      </TestCategory>
      <Execution id="f98aa2ab-8a89-4ca7-8e58-7fc5d1773f82" />
      <TestMethod codeBase="F:\ETWork\bin\Tests\UnitTests.iCore.Runtime.dll" adapterTypeName="Microsoft.VisualStudio.TestTools.TestTypes.Unit.UnitTestAdapter" className="UnitTests.iCore.Runtime.Infile.RecordReaderBaseTests" name="EndOfRecords_DependsOnRecordStreamReader" />
    </UnitTest>
    <UnitTest name="Close_DisposesRecordStreamReader" storage="f:\etwork\bin\tests\unittests.icore.runtime.dll" id="228de8fd-f6b1-dba2-c494-f08096e8347b">
      <TestCategory>
        <TestCategoryItem TestCategory="InFile" />
      </TestCategory>
      <Execution id="fad59856-d769-4acd-8602-dd4e17a30afd" />
      <TestMethod codeBase="F:\ETWork\bin\Tests\UnitTests.iCore.Runtime.dll" adapterTypeName="Microsoft.VisualStudio.TestTools.TestTypes.Unit.UnitTestAdapter" className="UnitTests.iCore.Runtime.Infile.RecordReaderBaseTests" name="Close_DisposesRecordStreamReader" />
    </UnitTest>
    <UnitTest name="Dispose_DisposesRecordStreamReader" storage="f:\etwork\bin\tests\unittests.icore.runtime.dll" id="9bb8cd49-82fc-ebc8-007f-e3d78d9810ba">
      <TestCategory>
        <TestCategoryItem TestCategory="InFile" />
      </TestCategory>
      <Execution id="f3ba1621-afae-42cf-85cc-828a2159ab71" />
      <TestMethod codeBase="F:\ETWork\bin\Tests\UnitTests.iCore.Runtime.dll" adapterTypeName="Microsoft.VisualStudio.TestTools.TestTypes.Unit.UnitTestAdapter" className="UnitTests.iCore.Runtime.Infile.RecordReaderBaseTests" name="Dispose_DisposesRecordStreamReader" />
    </UnitTest>
    <UnitTest name="ReadLine_EmptyRecordSepIsLF_ReturnsDataWithSeparatorOnly" storage="f:\etwork\bin\tests\unittests.icore.runtime.dll" id="54dd153f-83e2-7365-ae02-eb6e488901f6">
      <TestCategory>
        <TestCategoryItem TestCategory="InFile" />
      </TestCategory>
      <Execution id="e621f958-98cc-44df-9ff1-3f6f1edcc11c" />
      <TestMethod codeBase="F:\ETWork\bin\Tests\UnitTests.iCore.Runtime.dll" adapterTypeName="Microsoft.VisualStudio.TestTools.TestTypes.Unit.UnitTestAdapter" className="UnitTests.iCore.Runtime.Infile.RecordReaderBufferTests" name="ReadLine_EmptyRecordSepIsLF_ReturnsDataWithSeparatorOnly" />
    </UnitTest>
    <UnitTest name="ReadLine_NoDataOnFirstReadFromStream_ReturnsNull" storage="f:\etwork\bin\tests\unittests.icore.runtime.dll" id="6fdd9ec5-ab0f-3e91-003d-606375197004">
      <TestCategory>
        <TestCategoryItem TestCategory="InFile" />
      </TestCategory>
      <Execution id="5f7ef3f1-2f7b-43f2-bb4f-a32e8bdc7df0" />
      <TestMethod codeBase="F:\ETWork\bin\Tests\UnitTests.iCore.Runtime.dll" adapterTypeName="Microsoft.VisualStudio.TestTools.TestTypes.Unit.UnitTestAdapter" className="UnitTests.iCore.Runtime.Infile.RecordReaderBufferTests" name="ReadLine_NoDataOnFirstReadFromStream_ReturnsNull" />
    </UnitTest>
    <UnitTest name="ReadLine_NoDataOnSecondReadFromStream_ReturnsDataFromFirstRead" storage="f:\etwork\bin\tests\unittests.icore.runtime.dll" id="1c81e1ad-40e6-cba0-c06b-656128934424">
      <TestCategory>
        <TestCategoryItem TestCategory="InFile" />
      </TestCategory>
      <Execution id="031ff77b-b2c4-4cde-8394-7a3cc3653b7c" />
      <TestMethod codeBase="F:\ETWork\bin\Tests\UnitTests.iCore.Runtime.dll" adapterTypeName="Microsoft.VisualStudio.TestTools.TestTypes.Unit.UnitTestAdapter" className="UnitTests.iCore.Runtime.Infile.RecordReaderBufferTests" name="ReadLine_NoDataOnSecondReadFromStream_ReturnsDataFromFirstRead" />
    </UnitTest>
    <UnitTest name="ReadLine_BEUnicode_ReturnsExpectedRecords" storage="f:\etwork\bin\tests\unittests.icore.runtime.dll" id="fd12b567-7270-f32a-f7fc-ac8806efce38">
      <TestCategory>
        <TestCategoryItem TestCategory="InFile" />
      </TestCategory>
      <Execution id="6c816041-9cdf-4330-b457-82ca3174bcaf" />
      <TestMethod codeBase="F:\ETWork\bin\Tests\UnitTests.iCore.Runtime.dll" adapterTypeName="Microsoft.VisualStudio.TestTools.TestTypes.Unit.UnitTestAdapter" className="UnitTests.iCore.Runtime.Infile.RecordReaderBufferTests" name="ReadLine_BEUnicode_ReturnsExpectedRecords" />
    </UnitTest>
    <UnitTest name="ReadLine_BEUTF32_ReturnsExpectedRecords" storage="f:\etwork\bin\tests\unittests.icore.runtime.dll" id="bbfdcd98-4a67-53c4-f63b-80149f0c30e9">
      <TestCategory>
        <TestCategoryItem TestCategory="InFile" />
      </TestCategory>
      <Execution id="5b53d7be-127b-43bd-b48e-4976c2ee7319" />
      <TestMethod codeBase="F:\ETWork\bin\Tests\UnitTests.iCore.Runtime.dll" adapterTypeName="Microsoft.VisualStudio.TestTools.TestTypes.Unit.UnitTestAdapter" className="UnitTests.iCore.Runtime.Infile.RecordReaderBufferTests" name="ReadLine_BEUTF32_ReturnsExpectedRecords" />
    </UnitTest>
    <UnitTest name="IsReleased_EmptyString_ReturnsFalse" storage="f:\etwork\bin\tests\unittests.icore.runtime.dll" id="c6fcd48b-ffd4-6bbd-9248-acfcbedde785">
      <TestCategory>
        <TestCategoryItem TestCategory="InFile" />
      </TestCategory>
      <Execution id="055dd858-71ef-402a-abf9-aaf1a9955411" />
      <TestMethod codeBase="F:\ETWork\bin\Tests\UnitTests.iCore.Runtime.dll" adapterTypeName="Microsoft.VisualStudio.TestTools.TestTypes.Unit.UnitTestAdapter" className="UnitTests.iCore.Runtime.Infile.RecordReaderBufferTests" name="IsReleased_EmptyString_ReturnsFalse" />
    </UnitTest>
    <UnitTest name="IsReleased_NullString_ReturnsFalse" storage="f:\etwork\bin\tests\unittests.icore.runtime.dll" id="7be1db44-4e67-7a3d-e0eb-083c81e8453f">
      <TestCategory>
        <TestCategoryItem TestCategory="InFile" />
      </TestCategory>
      <Execution id="ae63c6fd-305c-43ad-87f5-c8a9a52ed141" />
      <TestMethod codeBase="F:\ETWork\bin\Tests\UnitTests.iCore.Runtime.dll" adapterTypeName="Microsoft.VisualStudio.TestTools.TestTypes.Unit.UnitTestAdapter" className="UnitTests.iCore.Runtime.Infile.RecordReaderBufferTests" name="IsReleased_NullString_ReturnsFalse" />
    </UnitTest>
    <UnitTest name="IsReleased_NegativeIndex_Throws" storage="f:\etwork\bin\tests\unittests.icore.runtime.dll" id="0bc40597-d98c-c38f-6778-3a5fbf5c3ea4">
      <TestCategory>
        <TestCategoryItem TestCategory="InFile" />
      </TestCategory>
      <Execution id="c3bd2b25-4f05-427c-b464-2220f50639cb" />
      <TestMethod codeBase="F:\ETWork\bin\Tests\UnitTests.iCore.Runtime.dll" adapterTypeName="Microsoft.VisualStudio.TestTools.TestTypes.Unit.UnitTestAdapter" className="UnitTests.iCore.Runtime.Infile.RecordReaderBufferTests" name="IsReleased_NegativeIndex_Throws" />
    </UnitTest>
    <UnitTest name="IsReleased_IndexLargerThanData_Throws" storage="f:\etwork\bin\tests\unittests.icore.runtime.dll" id="cbf8ecc8-a66e-d32f-69d9-daba915c625d">
      <TestCategory>
        <TestCategoryItem TestCategory="InFile" />
      </TestCategory>
      <Execution id="55056455-3dcc-4de3-940e-941f611150a2" />
      <TestMethod codeBase="F:\ETWork\bin\Tests\UnitTests.iCore.Runtime.dll" adapterTypeName="Microsoft.VisualStudio.TestTools.TestTypes.Unit.UnitTestAdapter" className="UnitTests.iCore.Runtime.Infile.RecordReaderBufferTests" name="IsReleased_IndexLargerThanData_Throws" />
    </UnitTest>
    <UnitTest name="IsReleased_IndexZero_ReturnsFalse" storage="f:\etwork\bin\tests\unittests.icore.runtime.dll" id="56c2d4c3-d31e-bfd5-0acf-af3d1ca47eec">
      <TestCategory>
        <TestCategoryItem TestCategory="InFile" />
      </TestCategory>
      <Execution id="b536f6cf-fd96-4a7a-9faf-687ed7c2fec7" />
      <TestMethod codeBase="F:\ETWork\bin\Tests\UnitTests.iCore.Runtime.dll" adapterTypeName="Microsoft.VisualStudio.TestTools.TestTypes.Unit.UnitTestAdapter" className="UnitTests.iCore.Runtime.Infile.RecordReaderBufferTests" name="IsReleased_IndexZero_ReturnsFalse" />
    </UnitTest>
    <UnitTest name="IsReleased_SpecifiedCharacterNotReleased_ReturnsFalse" storage="f:\etwork\bin\tests\unittests.icore.runtime.dll" id="293550f9-f19a-dbc6-e9fd-7ac59010da22">
      <TestCategory>
        <TestCategoryItem TestCategory="InFile" />
      </TestCategory>
      <Execution id="a402a3ea-5f15-454e-b649-a7c419116d4d" />
      <TestMethod codeBase="F:\ETWork\bin\Tests\UnitTests.iCore.Runtime.dll" adapterTypeName="Microsoft.VisualStudio.TestTools.TestTypes.Unit.UnitTestAdapter" className="UnitTests.iCore.Runtime.Infile.RecordReaderBufferTests" name="IsReleased_SpecifiedCharacterNotReleased_ReturnsFalse" />
    </UnitTest>
    <UnitTest name="IsReleased_SpecifiedCharacterReleased_ReturnsTrue" storage="f:\etwork\bin\tests\unittests.icore.runtime.dll" id="b3e7bba7-ca67-32b0-b3b0-ecf1c505f518">
      <TestCategory>
        <TestCategoryItem TestCategory="InFile" />
      </TestCategory>
      <Execution id="b0461d40-cbda-47f0-ba99-cf51782b53a9" />
      <TestMethod codeBase="F:\ETWork\bin\Tests\UnitTests.iCore.Runtime.dll" adapterTypeName="Microsoft.VisualStudio.TestTools.TestTypes.Unit.UnitTestAdapter" className="UnitTests.iCore.Runtime.Infile.RecordReaderBufferTests" name="IsReleased_SpecifiedCharacterReleased_ReturnsTrue" />
    </UnitTest>
    <UnitTest name="IsReleased_SpecifiedCharacterDoubleReleased_ReturnsFalse" storage="f:\etwork\bin\tests\unittests.icore.runtime.dll" id="24dc7fee-cb09-a661-783b-128da58745e8">
      <TestCategory>
        <TestCategoryItem TestCategory="InFile" />
      </TestCategory>
      <Execution id="df20e630-29df-4fa0-a9d0-464951a93f71" />
      <TestMethod codeBase="F:\ETWork\bin\Tests\UnitTests.iCore.Runtime.dll" adapterTypeName="Microsoft.VisualStudio.TestTools.TestTypes.Unit.UnitTestAdapter" className="UnitTests.iCore.Runtime.Infile.RecordReaderBufferTests" name="IsReleased_SpecifiedCharacterDoubleReleased_ReturnsFalse" />
    </UnitTest>
    <UnitTest name="IsReleased_SpecifiedCharacterTrippleReleased_ReturnsTrue" storage="f:\etwork\bin\tests\unittests.icore.runtime.dll" id="fe6fe29a-db9d-cb84-cfdb-f9d726bdefb8">
      <TestCategory>
        <TestCategoryItem TestCategory="InFile" />
      </TestCategory>
      <Execution id="0670d4f5-77ab-400e-9065-a825f96e2292" />
      <TestMethod codeBase="F:\ETWork\bin\Tests\UnitTests.iCore.Runtime.dll" adapterTypeName="Microsoft.VisualStudio.TestTools.TestTypes.Unit.UnitTestAdapter" className="UnitTests.iCore.Runtime.Infile.RecordReaderBufferTests" name="IsReleased_SpecifiedCharacterTrippleReleased_ReturnsTrue" />
    </UnitTest>
    <UnitTest name="IsReleased_SpecifiedCharacterTrippleReleasedButStopCheckBeforeFirst_ReturnsFalse" storage="f:\etwork\bin\tests\unittests.icore.runtime.dll" id="8f3e1572-8992-38cc-ef41-2f1b72e46026">
      <TestCategory>
        <TestCategoryItem TestCategory="InFile" />
      </TestCategory>
      <Execution id="a2b22e96-bc02-4a77-bc70-a916eb68139e" />
      <TestMethod codeBase="F:\ETWork\bin\Tests\UnitTests.iCore.Runtime.dll" adapterTypeName="Microsoft.VisualStudio.TestTools.TestTypes.Unit.UnitTestAdapter" className="UnitTests.iCore.Runtime.Infile.RecordReaderBufferTests" name="IsReleased_SpecifiedCharacterTrippleReleasedButStopCheckBeforeFirst_ReturnsFalse" />
    </UnitTest>
    <UnitTest name="IsReleasedSB_EmptyString_ReturnsFalse" storage="f:\etwork\bin\tests\unittests.icore.runtime.dll" id="ac63dbb1-70b4-a8a7-db0d-6ec0adf44a32">
      <TestCategory>
        <TestCategoryItem TestCategory="InFile" />
      </TestCategory>
      <Execution id="a94980c1-a187-4d4f-9c92-e7ad5e1c5f0b" />
      <TestMethod codeBase="F:\ETWork\bin\Tests\UnitTests.iCore.Runtime.dll" adapterTypeName="Microsoft.VisualStudio.TestTools.TestTypes.Unit.UnitTestAdapter" className="UnitTests.iCore.Runtime.Infile.RecordReaderBufferTests" name="IsReleasedSB_EmptyString_ReturnsFalse" />
    </UnitTest>
    <UnitTest name="IsReleasedSB_NullString_ReturnsFalse" storage="f:\etwork\bin\tests\unittests.icore.runtime.dll" id="af8a1e01-f034-68f1-f5a8-1ff8fcf459ff">
      <TestCategory>
        <TestCategoryItem TestCategory="InFile" />
      </TestCategory>
      <Execution id="a946ecff-f5c3-4c97-9ef6-97d7a9920a26" />
      <TestMethod codeBase="F:\ETWork\bin\Tests\UnitTests.iCore.Runtime.dll" adapterTypeName="Microsoft.VisualStudio.TestTools.TestTypes.Unit.UnitTestAdapter" className="UnitTests.iCore.Runtime.Infile.RecordReaderBufferTests" name="IsReleasedSB_NullString_ReturnsFalse" />
    </UnitTest>
    <UnitTest name="IsReleasedSB_NegativeIndex_Throws" storage="f:\etwork\bin\tests\unittests.icore.runtime.dll" id="b729be7c-9f07-79de-8aba-c386f20e383f">
      <TestCategory>
        <TestCategoryItem TestCategory="InFile" />
      </TestCategory>
      <Execution id="07d56be1-5b8f-40e2-823b-39e899003a17" />
      <TestMethod codeBase="F:\ETWork\bin\Tests\UnitTests.iCore.Runtime.dll" adapterTypeName="Microsoft.VisualStudio.TestTools.TestTypes.Unit.UnitTestAdapter" className="UnitTests.iCore.Runtime.Infile.RecordReaderBufferTests" name="IsReleasedSB_NegativeIndex_Throws" />
    </UnitTest>
    <UnitTest name="IsReleasedSB_IndexLargerThanData_Throws" storage="f:\etwork\bin\tests\unittests.icore.runtime.dll" id="9bc0ca85-f551-4fd7-4da4-95bbafe79d0e">
      <TestCategory>
        <TestCategoryItem TestCategory="InFile" />
      </TestCategory>
      <Execution id="fcb6e616-5cda-4771-865f-194b0f12c8f3" />
      <TestMethod codeBase="F:\ETWork\bin\Tests\UnitTests.iCore.Runtime.dll" adapterTypeName="Microsoft.VisualStudio.TestTools.TestTypes.Unit.UnitTestAdapter" className="UnitTests.iCore.Runtime.Infile.RecordReaderBufferTests" name="IsReleasedSB_IndexLargerThanData_Throws" />
    </UnitTest>
    <UnitTest name="IsReleasedSB_IndexZero_ReturnsFalse" storage="f:\etwork\bin\tests\unittests.icore.runtime.dll" id="654c125e-0150-b681-13c3-3fc37ab6977d">
      <TestCategory>
        <TestCategoryItem TestCategory="InFile" />
      </TestCategory>
      <Execution id="5b5c9545-cf02-42aa-a0d5-254dd2622724" />
      <TestMethod codeBase="F:\ETWork\bin\Tests\UnitTests.iCore.Runtime.dll" adapterTypeName="Microsoft.VisualStudio.TestTools.TestTypes.Unit.UnitTestAdapter" className="UnitTests.iCore.Runtime.Infile.RecordReaderBufferTests" name="IsReleasedSB_IndexZero_ReturnsFalse" />
    </UnitTest>
    <UnitTest name="IsReleasedSB_SpecifiedCharacterNotReleased_ReturnsFalse" storage="f:\etwork\bin\tests\unittests.icore.runtime.dll" id="097186ba-6b5c-e24c-eb5c-4fadea31cac6">
      <TestCategory>
        <TestCategoryItem TestCategory="InFile" />
      </TestCategory>
      <Execution id="5a134bf2-97c7-4a22-97d5-a92ca3a5543f" />
      <TestMethod codeBase="F:\ETWork\bin\Tests\UnitTests.iCore.Runtime.dll" adapterTypeName="Microsoft.VisualStudio.TestTools.TestTypes.Unit.UnitTestAdapter" className="UnitTests.iCore.Runtime.Infile.RecordReaderBufferTests" name="IsReleasedSB_SpecifiedCharacterNotReleased_ReturnsFalse" />
    </UnitTest>
    <UnitTest name="IsReleasedSB_SpecifiedCharacterReleased_ReturnsTrue" storage="f:\etwork\bin\tests\unittests.icore.runtime.dll" id="5bd1fe62-72f9-9f16-7922-7d10de0b5f85">
      <TestCategory>
        <TestCategoryItem TestCategory="InFile" />
      </TestCategory>
      <Execution id="49f1bf62-5e01-46f3-a18d-b92c54dbf83f" />
      <TestMethod codeBase="F:\ETWork\bin\Tests\UnitTests.iCore.Runtime.dll" adapterTypeName="Microsoft.VisualStudio.TestTools.TestTypes.Unit.UnitTestAdapter" className="UnitTests.iCore.Runtime.Infile.RecordReaderBufferTests" name="IsReleasedSB_SpecifiedCharacterReleased_ReturnsTrue" />
    </UnitTest>
    <UnitTest name="IsReleasedSB_SpecifiedCharacterDoubleReleased_ReturnsFalse" storage="f:\etwork\bin\tests\unittests.icore.runtime.dll" id="870a78f5-02a3-2616-4daf-502bdbe47917">
      <TestCategory>
        <TestCategoryItem TestCategory="InFile" />
      </TestCategory>
      <Execution id="dfefe746-19b2-4cea-9b7d-83a8e19a21c9" />
      <TestMethod codeBase="F:\ETWork\bin\Tests\UnitTests.iCore.Runtime.dll" adapterTypeName="Microsoft.VisualStudio.TestTools.TestTypes.Unit.UnitTestAdapter" className="UnitTests.iCore.Runtime.Infile.RecordReaderBufferTests" name="IsReleasedSB_SpecifiedCharacterDoubleReleased_ReturnsFalse" />
    </UnitTest>
    <UnitTest name="IsReleasedSB_SpecifiedCharacterTrippleReleased_ReturnsTrue" storage="f:\etwork\bin\tests\unittests.icore.runtime.dll" id="51036b0c-ec3f-123f-d932-0b1e1a893e75">
      <TestCategory>
        <TestCategoryItem TestCategory="InFile" />
      </TestCategory>
      <Execution id="a83c363b-3fb2-471d-bc16-8958ca1371e6" />
      <TestMethod codeBase="F:\ETWork\bin\Tests\UnitTests.iCore.Runtime.dll" adapterTypeName="Microsoft.VisualStudio.TestTools.TestTypes.Unit.UnitTestAdapter" className="UnitTests.iCore.Runtime.Infile.RecordReaderBufferTests" name="IsReleasedSB_SpecifiedCharacterTrippleReleased_ReturnsTrue" />
    </UnitTest>
    <UnitTest name="CharacterIsReleased_SpecialCase1_ReturnsFalse" storage="f:\etwork\bin\tests\unittests.icore.runtime.dll" id="44b07eb3-bb0e-ea90-1468-fd78f313ba2e">
      <TestCategory>
        <TestCategoryItem TestCategory="InFile" />
      </TestCategory>
      <Execution id="21076e16-8afa-4728-a909-bb0b7772d18a" />
      <TestMethod codeBase="F:\ETWork\bin\Tests\UnitTests.iCore.Runtime.dll" adapterTypeName="Microsoft.VisualStudio.TestTools.TestTypes.Unit.UnitTestAdapter" className="UnitTests.iCore.Runtime.Infile.RecordReaderBufferTests" name="CharacterIsReleased_SpecialCase1_ReturnsFalse" />
    </UnitTest>
    <UnitTest name="CharacterIsReleased_SpecialCase2_ReturnsFalse" storage="f:\etwork\bin\tests\unittests.icore.runtime.dll" id="359220de-de31-b337-e4ce-bf47a1089a2a">
      <TestCategory>
        <TestCategoryItem TestCategory="InFile" />
      </TestCategory>
      <Execution id="5881ae91-84b3-45f6-8738-3e4c0e44651c" />
      <TestMethod codeBase="F:\ETWork\bin\Tests\UnitTests.iCore.Runtime.dll" adapterTypeName="Microsoft.VisualStudio.TestTools.TestTypes.Unit.UnitTestAdapter" className="UnitTests.iCore.Runtime.Infile.RecordReaderBufferTests" name="CharacterIsReleased_SpecialCase2_ReturnsFalse" />
    </UnitTest>
    <UnitTest name="CharacterIsReleased_SpecialCase3_ReturnsFalse" storage="f:\etwork\bin\tests\unittests.icore.runtime.dll" id="f07faaab-258c-a224-9ba9-f7dcb1338411">
      <TestCategory>
        <TestCategoryItem TestCategory="InFile" />
      </TestCategory>
      <Execution id="0487213e-6577-4d9e-894f-cbcc1f9e78e8" />
      <TestMethod codeBase="F:\ETWork\bin\Tests\UnitTests.iCore.Runtime.dll" adapterTypeName="Microsoft.VisualStudio.TestTools.TestTypes.Unit.UnitTestAdapter" className="UnitTests.iCore.Runtime.Infile.RecordReaderBufferTests" name="CharacterIsReleased_SpecialCase3_ReturnsFalse" />
    </UnitTest>
    <UnitTest name="CharacterIsReleased_SpecialCase4_ReturnsFalse" storage="f:\etwork\bin\tests\unittests.icore.runtime.dll" id="d1b8f26e-eed3-39ef-a4a9-7c1ce215beed">
      <TestCategory>
        <TestCategoryItem TestCategory="InFile" />
      </TestCategory>
      <Execution id="38af19c6-1a8a-4f27-b425-cbf06c4f29e3" />
      <TestMethod codeBase="F:\ETWork\bin\Tests\UnitTests.iCore.Runtime.dll" adapterTypeName="Microsoft.VisualStudio.TestTools.TestTypes.Unit.UnitTestAdapter" className="UnitTests.iCore.Runtime.Infile.RecordReaderBufferTests" name="CharacterIsReleased_SpecialCase4_ReturnsFalse" />
    </UnitTest>
    <UnitTest name="CharacterIsReleased_SpecialCase5_ReturnsFalse" storage="f:\etwork\bin\tests\unittests.icore.runtime.dll" id="d9fd3bb7-f763-98d5-19b8-c3236ddd0b76">
      <TestCategory>
        <TestCategoryItem TestCategory="InFile" />
      </TestCategory>
      <Execution id="7b9af0cf-26bd-42f6-9a9b-10003f4c343f" />
      <TestMethod codeBase="F:\ETWork\bin\Tests\UnitTests.iCore.Runtime.dll" adapterTypeName="Microsoft.VisualStudio.TestTools.TestTypes.Unit.UnitTestAdapter" className="UnitTests.iCore.Runtime.Infile.RecordReaderBufferTests" name="CharacterIsReleased_SpecialCase5_ReturnsFalse" />
    </UnitTest>
    <UnitTest name="CharacterIsReleased_SpecialCase6_ReturnsFalse" storage="f:\etwork\bin\tests\unittests.icore.runtime.dll" id="8176559a-9714-d7b5-5f32-2cad44158d0a">
      <TestCategory>
        <TestCategoryItem TestCategory="InFile" />
      </TestCategory>
      <Execution id="ff4578ed-40a8-4eaf-b14f-e7c87cd2c1f2" />
      <TestMethod codeBase="F:\ETWork\bin\Tests\UnitTests.iCore.Runtime.dll" adapterTypeName="Microsoft.VisualStudio.TestTools.TestTypes.Unit.UnitTestAdapter" className="UnitTests.iCore.Runtime.Infile.RecordReaderBufferTests" name="CharacterIsReleased_SpecialCase6_ReturnsFalse" />
    </UnitTest>
    <UnitTest name="CharacterIsReleased_BothBuffersEmpty_ReturnsFalse" storage="f:\etwork\bin\tests\unittests.icore.runtime.dll" id="41b25af7-0e4d-b825-4998-b4f4dc3fc034">
      <TestCategory>
        <TestCategoryItem TestCategory="InFile" />
      </TestCategory>
      <Execution id="e4e7487f-4cf9-4ad8-b574-5faf1ff7f9d2" />
      <TestMethod codeBase="F:\ETWork\bin\Tests\UnitTests.iCore.Runtime.dll" adapterTypeName="Microsoft.VisualStudio.TestTools.TestTypes.Unit.UnitTestAdapter" className="UnitTests.iCore.Runtime.Infile.RecordReaderBufferTests" name="CharacterIsReleased_BothBuffersEmpty_ReturnsFalse" />
    </UnitTest>
    <UnitTest name="CharacterIsReleased_CharBufferEmpty_ReturnsFalse" storage="f:\etwork\bin\tests\unittests.icore.runtime.dll" id="fdc8054a-9298-f432-baf0-87ecc3051c38">
      <TestCategory>
        <TestCategoryItem TestCategory="InFile" />
      </TestCategory>
      <Execution id="37f2a075-e5e0-4f11-bb0d-e38f83e25e77" />
      <TestMethod codeBase="F:\ETWork\bin\Tests\UnitTests.iCore.Runtime.dll" adapterTypeName="Microsoft.VisualStudio.TestTools.TestTypes.Unit.UnitTestAdapter" className="UnitTests.iCore.Runtime.Infile.RecordReaderBufferTests" name="CharacterIsReleased_CharBufferEmpty_ReturnsFalse" />
    </UnitTest>
    <UnitTest name="CharacterIsReleased_CharBufferEmptyLastInSBIsRelChar_ReturnsFalse" storage="f:\etwork\bin\tests\unittests.icore.runtime.dll" id="d4c7c9d0-514b-8d3c-486d-e47375b6e0b5">
      <TestCategory>
        <TestCategoryItem TestCategory="InFile" />
      </TestCategory>
      <Execution id="eb6a4ca8-0778-4240-be8e-4b69a5b96cb5" />
      <TestMethod codeBase="F:\ETWork\bin\Tests\UnitTests.iCore.Runtime.dll" adapterTypeName="Microsoft.VisualStudio.TestTools.TestTypes.Unit.UnitTestAdapter" className="UnitTests.iCore.Runtime.Infile.RecordReaderBufferTests" name="CharacterIsReleased_CharBufferEmptyLastInSBIsRelChar_ReturnsFalse" />
    </UnitTest>
    <UnitTest name="CharacterIsReleased_SBEmpty_ReturnsFalse" storage="f:\etwork\bin\tests\unittests.icore.runtime.dll" id="5e8be9ea-9c1e-b9a7-4a4e-902f22717681">
      <TestCategory>
        <TestCategoryItem TestCategory="InFile" />
      </TestCategory>
      <Execution id="5e4da52e-ad05-49ec-aae5-a3d4abe859a8" />
      <TestMethod codeBase="F:\ETWork\bin\Tests\UnitTests.iCore.Runtime.dll" adapterTypeName="Microsoft.VisualStudio.TestTools.TestTypes.Unit.UnitTestAdapter" className="UnitTests.iCore.Runtime.Infile.RecordReaderBufferTests" name="CharacterIsReleased_SBEmpty_ReturnsFalse" />
    </UnitTest>
    <UnitTest name="SetPosition_OutOfRange_Throws" storage="f:\etwork\bin\tests\unittests.icore.runtime.dll" id="0c2529dc-0555-fdfa-4449-a2f05006593e">
      <TestCategory>
        <TestCategoryItem TestCategory="InFile" />
      </TestCategory>
      <Execution id="c835b80a-df3d-4a90-9cd4-d98121f69de6" />
      <TestMethod codeBase="F:\ETWork\bin\Tests\UnitTests.iCore.Runtime.dll" adapterTypeName="Microsoft.VisualStudio.TestTools.TestTypes.Unit.UnitTestAdapter" className="UnitTests.iCore.Runtime.Infile.RecordReaderBufferTests" name="SetPosition_OutOfRange_Throws" />
    </UnitTest>
    <UnitTest name="SetPosition_WithinBOM_ThrowsButSetsPosition" storage="f:\etwork\bin\tests\unittests.icore.runtime.dll" id="fe44f84d-30aa-2d4d-2b56-13f619f4ab2c">
      <TestCategory>
        <TestCategoryItem TestCategory="InFile" />
      </TestCategory>
      <Execution id="44ea4dd9-3455-4a32-86e3-56efbf96a885" />
      <TestMethod codeBase="F:\ETWork\bin\Tests\UnitTests.iCore.Runtime.dll" adapterTypeName="Microsoft.VisualStudio.TestTools.TestTypes.Unit.UnitTestAdapter" className="UnitTests.iCore.Runtime.Infile.RecordReaderBufferTests" name="SetPosition_WithinBOM_ThrowsButSetsPosition" />
    </UnitTest>
    <UnitTest name="SetPosition_EncodingHasBOMAndSetTo0_MovesPastBOM" storage="f:\etwork\bin\tests\unittests.icore.runtime.dll" id="578fbd90-f4c3-8de4-d783-ce16ef77078b">
      <TestCategory>
        <TestCategoryItem TestCategory="InFile" />
      </TestCategory>
      <Execution id="b3a7d44f-e420-49bc-b0a4-9aed10e0f943" />
      <TestMethod codeBase="F:\ETWork\bin\Tests\UnitTests.iCore.Runtime.dll" adapterTypeName="Microsoft.VisualStudio.TestTools.TestTypes.Unit.UnitTestAdapter" className="UnitTests.iCore.Runtime.Infile.RecordReaderBufferTests" name="SetPosition_EncodingHasBOMAndSetTo0_MovesPastBOM" />
    </UnitTest>
    <UnitTest name="SetPosition_EncodingHasBOMAndSetToNot0_ReadsAtCorrectPosition" storage="f:\etwork\bin\tests\unittests.icore.runtime.dll" id="3268d9a5-6188-887b-f99a-7ca45da84d67">
      <TestCategory>
        <TestCategoryItem TestCategory="InFile" />
      </TestCategory>
      <Execution id="603926ca-52a2-4d60-ae0c-99acc16e361a" />
      <TestMethod codeBase="F:\ETWork\bin\Tests\UnitTests.iCore.Runtime.dll" adapterTypeName="Microsoft.VisualStudio.TestTools.TestTypes.Unit.UnitTestAdapter" className="UnitTests.iCore.Runtime.Infile.RecordReaderBufferTests" name="SetPosition_EncodingHasBOMAndSetToNot0_ReadsAtCorrectPosition" />
    </UnitTest>
    <UnitTest name="EndOfData_MoreToRead_ReturnsFalse" storage="f:\etwork\bin\tests\unittests.icore.runtime.dll" id="ae403006-4087-a77f-6b0b-96fea214b1e1">
      <TestCategory>
        <TestCategoryItem TestCategory="InFile" />
      </TestCategory>
      <Execution id="4b4f295f-0105-4e3a-b898-b872e4120e79" />
      <TestMethod codeBase="F:\ETWork\bin\Tests\UnitTests.iCore.Runtime.dll" adapterTypeName="Microsoft.VisualStudio.TestTools.TestTypes.Unit.UnitTestAdapter" className="UnitTests.iCore.Runtime.Infile.RecordReaderBufferTests" name="EndOfData_MoreToRead_ReturnsFalse" />
    </UnitTest>
    <UnitTest name="EndOfData_NoMoreToRead_ReturnsTrue" storage="f:\etwork\bin\tests\unittests.icore.runtime.dll" id="3172a508-3b20-8a09-1780-16bb924190d5">
      <TestCategory>
        <TestCategoryItem TestCategory="InFile" />
      </TestCategory>
      <Execution id="65e031cd-4c89-4ef4-9b79-0df869cc6a2a" />
      <TestMethod codeBase="F:\ETWork\bin\Tests\UnitTests.iCore.Runtime.dll" adapterTypeName="Microsoft.VisualStudio.TestTools.TestTypes.Unit.UnitTestAdapter" className="UnitTests.iCore.Runtime.Infile.RecordReaderBufferTests" name="EndOfData_NoMoreToRead_ReturnsTrue" />
    </UnitTest>
    <UnitTest name="BufferPosition_MoreToRead_ReturnsFalse" storage="f:\etwork\bin\tests\unittests.icore.runtime.dll" id="9b9502bb-e564-358f-f170-c2c5168360ad">
      <TestCategory>
        <TestCategoryItem TestCategory="InFile" />
      </TestCategory>
      <Execution id="ab430fa0-117f-471b-ad55-612548bfeedb" />
      <TestMethod codeBase="F:\ETWork\bin\Tests\UnitTests.iCore.Runtime.dll" adapterTypeName="Microsoft.VisualStudio.TestTools.TestTypes.Unit.UnitTestAdapter" className="UnitTests.iCore.Runtime.Infile.RecordReaderBufferTests" name="BufferPosition_MoreToRead_ReturnsFalse" />
    </UnitTest>
    <UnitTest name="BufferPosition_NoMoreToRead_ReturnsMinusOne" storage="f:\etwork\bin\tests\unittests.icore.runtime.dll" id="17e8a224-feaf-8dd3-5c7e-e39903517b50">
      <TestCategory>
        <TestCategoryItem TestCategory="InFile" />
      </TestCategory>
      <Execution id="e6604f4d-eada-48b6-b5eb-79950b02e302" />
      <TestMethod codeBase="F:\ETWork\bin\Tests\UnitTests.iCore.Runtime.dll" adapterTypeName="Microsoft.VisualStudio.TestTools.TestTypes.Unit.UnitTestAdapter" className="UnitTests.iCore.Runtime.Infile.RecordReaderBufferTests" name="BufferPosition_NoMoreToRead_ReturnsMinusOne" />
    </UnitTest>
    <UnitTest name="Dispose_ValidArgs_StreamIsNotClosed" storage="f:\etwork\bin\tests\unittests.icore.runtime.dll" id="04be2575-e268-472a-1395-bf60c6aa909d">
      <TestCategory>
        <TestCategoryItem TestCategory="InFile" />
      </TestCategory>
      <Execution id="8bc050be-d34f-416b-99b1-90792188736b" />
      <TestMethod codeBase="F:\ETWork\bin\Tests\UnitTests.iCore.Runtime.dll" adapterTypeName="Microsoft.VisualStudio.TestTools.TestTypes.Unit.UnitTestAdapter" className="UnitTests.iCore.Runtime.Infile.RecordReaderBufferTests" name="Dispose_ValidArgs_StreamIsNotClosed" />
    </UnitTest>
    <UnitTest name="Dispose_RecordsRead_StreamIsSetToPositionOfLastRead" storage="f:\etwork\bin\tests\unittests.icore.runtime.dll" id="0cfac06d-45ea-6650-24e5-9e00c243cffe">
      <TestCategory>
        <TestCategoryItem TestCategory="InFile" />
      </TestCategory>
      <Execution id="895038b8-daf7-473f-9588-5336b2ff42bd" />
      <TestMethod codeBase="F:\ETWork\bin\Tests\UnitTests.iCore.Runtime.dll" adapterTypeName="Microsoft.VisualStudio.TestTools.TestTypes.Unit.UnitTestAdapter" className="UnitTests.iCore.Runtime.Infile.RecordReaderBufferTests" name="Dispose_RecordsRead_StreamIsSetToPositionOfLastRead" />
    </UnitTest>
    <UnitTest name="Constructor_AllArgumentsAreValid_Success" storage="f:\etwork\bin\tests\unittests.icore.runtime.dll" id="4be67756-9f8c-4335-cce3-3736f7c995ce">
      <TestCategory>
        <TestCategoryItem TestCategory="InFile" />
      </TestCategory>
      <Execution id="23645308-a0bd-4a86-95fd-6def8d4edcfa" />
      <TestMethod codeBase="F:\ETWork\bin\Tests\UnitTests.iCore.Runtime.dll" adapterTypeName="Microsoft.VisualStudio.TestTools.TestTypes.Unit.UnitTestAdapter" className="UnitTests.iCore.Runtime.Infile.RecordReaderBufferTests" name="Constructor_AllArgumentsAreValid_Success" />
    </UnitTest>
    <UnitTest name="Constructor_DataIsNull_Throws" storage="f:\etwork\bin\tests\unittests.icore.runtime.dll" id="0b6cf8aa-8ffa-5e8b-5b41-96fa972b797f">
      <TestCategory>
        <TestCategoryItem TestCategory="InFile" />
      </TestCategory>
      <Execution id="0b8c6484-526e-4916-98e1-bc41702471d2" />
      <TestMethod codeBase="F:\ETWork\bin\Tests\UnitTests.iCore.Runtime.dll" adapterTypeName="Microsoft.VisualStudio.TestTools.TestTypes.Unit.UnitTestAdapter" className="UnitTests.iCore.Runtime.Infile.RecordReaderBufferTests" name="Constructor_DataIsNull_Throws" />
    </UnitTest>
    <UnitTest name="Constructor_EcodingIsNull_Throws" storage="f:\etwork\bin\tests\unittests.icore.runtime.dll" id="24e3866f-0937-3443-0a09-23a20b954971">
      <TestCategory>
        <TestCategoryItem TestCategory="InFile" />
      </TestCategory>
      <Execution id="cbbf38d8-6bcf-423a-98e2-4d63ce2800b1" />
      <TestMethod codeBase="F:\ETWork\bin\Tests\UnitTests.iCore.Runtime.dll" adapterTypeName="Microsoft.VisualStudio.TestTools.TestTypes.Unit.UnitTestAdapter" className="UnitTests.iCore.Runtime.Infile.RecordReaderBufferTests" name="Constructor_EcodingIsNull_Throws" />
    </UnitTest>
    <UnitTest name="Constructor_ReadAheadBufferSizeIsZero_Throws" storage="f:\etwork\bin\tests\unittests.icore.runtime.dll" id="4498977b-6f5f-b0a1-b810-2f67c0f8d285">
      <TestCategory>
        <TestCategoryItem TestCategory="InFile" />
      </TestCategory>
      <Execution id="bb6182ad-5826-4bfb-8c6f-9c83df60741c" />
      <TestMethod codeBase="F:\ETWork\bin\Tests\UnitTests.iCore.Runtime.dll" adapterTypeName="Microsoft.VisualStudio.TestTools.TestTypes.Unit.UnitTestAdapter" className="UnitTests.iCore.Runtime.Infile.RecordReaderBufferTests" name="Constructor_ReadAheadBufferSizeIsZero_Throws" />
    </UnitTest>
    <UnitTest name="Constructor_ReadAheadBufferSizeIsNegative_Throws" storage="f:\etwork\bin\tests\unittests.icore.runtime.dll" id="25fc2d6b-8a9d-88b5-28bd-5b8b45b10f51">
      <TestCategory>
        <TestCategoryItem TestCategory="InFile" />
      </TestCategory>
      <Execution id="c9675225-a88d-4292-89a9-3002b2b0abb9" />
      <TestMethod codeBase="F:\ETWork\bin\Tests\UnitTests.iCore.Runtime.dll" adapterTypeName="Microsoft.VisualStudio.TestTools.TestTypes.Unit.UnitTestAdapter" className="UnitTests.iCore.Runtime.Infile.RecordReaderBufferTests" name="Constructor_ReadAheadBufferSizeIsNegative_Throws" />
    </UnitTest>
    <UnitTest name="Constructor__StreamPositionIsNotZero_BufferPositionIsPreserved" storage="f:\etwork\bin\tests\unittests.icore.runtime.dll" id="bdffd39d-8faf-9311-007a-4ff4eb54208c">
      <TestCategory>
        <TestCategoryItem TestCategory="InFile" />
      </TestCategory>
      <Execution id="fa52e924-7641-4d60-9d52-c34e43799d85" />
      <TestMethod codeBase="F:\ETWork\bin\Tests\UnitTests.iCore.Runtime.dll" adapterTypeName="Microsoft.VisualStudio.TestTools.TestTypes.Unit.UnitTestAdapter" className="UnitTests.iCore.Runtime.Infile.RecordReaderBufferTests" name="Constructor__StreamPositionIsNotZero_BufferPositionIsPreserved" />
    </UnitTest>
    <UnitTest name="Constructor_DetectEncodingUnicodeWithBOM_ExpectedEncodingDetected" storage="f:\etwork\bin\tests\unittests.icore.runtime.dll" id="085c3d7d-6e1c-e793-bf30-c180528abe63">
      <TestCategory>
        <TestCategoryItem TestCategory="InFile" />
      </TestCategory>
      <Execution id="7a0a315a-c1b6-47c6-967b-0a868b7a1a4c" />
      <TestMethod codeBase="F:\ETWork\bin\Tests\UnitTests.iCore.Runtime.dll" adapterTypeName="Microsoft.VisualStudio.TestTools.TestTypes.Unit.UnitTestAdapter" className="UnitTests.iCore.Runtime.Infile.RecordReaderBufferTests" name="Constructor_DetectEncodingUnicodeWithBOM_ExpectedEncodingDetected" />
    </UnitTest>
    <UnitTest name="Constructor_DetectEncodingUnicodeWithoutBOM_ExpectedEncodingDetected" storage="f:\etwork\bin\tests\unittests.icore.runtime.dll" id="4fcefa30-ff2f-bc62-b521-4e9446aaa0c4">
      <TestCategory>
        <TestCategoryItem TestCategory="InFile" />
      </TestCategory>
      <Execution id="f5f114fa-e2b2-4f0b-9c51-d4ebfa915645" />
      <TestMethod codeBase="F:\ETWork\bin\Tests\UnitTests.iCore.Runtime.dll" adapterTypeName="Microsoft.VisualStudio.TestTools.TestTypes.Unit.UnitTestAdapter" className="UnitTests.iCore.Runtime.Infile.RecordReaderBufferTests" name="Constructor_DetectEncodingUnicodeWithoutBOM_ExpectedEncodingDetected" />
    </UnitTest>
    <UnitTest name="Constructor_DetectEncodingUTF32WithBOM_ExpectedEncodingDetected" storage="f:\etwork\bin\tests\unittests.icore.runtime.dll" id="892cf9bf-89fe-87d4-67e2-be504297f336">
      <TestCategory>
        <TestCategoryItem TestCategory="InFile" />
      </TestCategory>
      <Execution id="8bf04c03-0d5d-4444-a3d7-684f8badb0c3" />
      <TestMethod codeBase="F:\ETWork\bin\Tests\UnitTests.iCore.Runtime.dll" adapterTypeName="Microsoft.VisualStudio.TestTools.TestTypes.Unit.UnitTestAdapter" className="UnitTests.iCore.Runtime.Infile.RecordReaderBufferTests" name="Constructor_DetectEncodingUTF32WithBOM_ExpectedEncodingDetected" />
    </UnitTest>
    <UnitTest name="Constructor_DetectEncodingUTF8WithBOM_ExpectedEncodingDetected" storage="f:\etwork\bin\tests\unittests.icore.runtime.dll" id="f12ccb5b-8d1e-2103-3975-a81a06514bc1">
      <TestCategory>
        <TestCategoryItem TestCategory="InFile" />
      </TestCategory>
      <Execution id="a5116b4a-74e4-4cb7-bf72-e3fd57eb31be" />
      <TestMethod codeBase="F:\ETWork\bin\Tests\UnitTests.iCore.Runtime.dll" adapterTypeName="Microsoft.VisualStudio.TestTools.TestTypes.Unit.UnitTestAdapter" className="UnitTests.iCore.Runtime.Infile.RecordReaderBufferTests" name="Constructor_DetectEncodingUTF8WithBOM_ExpectedEncodingDetected" />
    </UnitTest>
    <UnitTest name="Constructor_DetectEncodingAscii_ExpectedEncodingDetected" storage="f:\etwork\bin\tests\unittests.icore.runtime.dll" id="1878fdc3-88e9-13e8-4994-3895d8df68b1">
      <TestCategory>
        <TestCategoryItem TestCategory="InFile" />
      </TestCategory>
      <Execution id="8ce1dc28-ad84-407c-ac69-6adb7fd2e00c" />
      <TestMethod codeBase="F:\ETWork\bin\Tests\UnitTests.iCore.Runtime.dll" adapterTypeName="Microsoft.VisualStudio.TestTools.TestTypes.Unit.UnitTestAdapter" className="UnitTests.iCore.Runtime.Infile.RecordReaderBufferTests" name="Constructor_DetectEncodingAscii_ExpectedEncodingDetected" />
    </UnitTest>
    <UnitTest name="Constructor_DetectEncodingUTF7_ExpectedEncodingDetected" storage="f:\etwork\bin\tests\unittests.icore.runtime.dll" id="9f715537-c981-69df-7c00-d57fbc784187">
      <TestCategory>
        <TestCategoryItem TestCategory="InFile" />
      </TestCategory>
      <Execution id="4ea8dfec-1dc7-4f9a-86e4-0c205d4ad53e" />
      <TestMethod codeBase="F:\ETWork\bin\Tests\UnitTests.iCore.Runtime.dll" adapterTypeName="Microsoft.VisualStudio.TestTools.TestTypes.Unit.UnitTestAdapter" className="UnitTests.iCore.Runtime.Infile.RecordReaderBufferTests" name="Constructor_DetectEncodingUTF7_ExpectedEncodingDetected" />
    </UnitTest>
    <UnitTest name="Constructor_DetectEncodingBEUnicode_ExpectedEncodingDetected" storage="f:\etwork\bin\tests\unittests.icore.runtime.dll" id="19e72e39-ad5e-4d7a-ab54-4085ade96b89">
      <TestCategory>
        <TestCategoryItem TestCategory="InFile" />
      </TestCategory>
      <Execution id="be4fb567-9cc3-40b2-9566-718486df1aab" />
      <TestMethod codeBase="F:\ETWork\bin\Tests\UnitTests.iCore.Runtime.dll" adapterTypeName="Microsoft.VisualStudio.TestTools.TestTypes.Unit.UnitTestAdapter" className="UnitTests.iCore.Runtime.Infile.RecordReaderBufferTests" name="Constructor_DetectEncodingBEUnicode_ExpectedEncodingDetected" />
    </UnitTest>
    <UnitTest name="Constructor_DetectEncodingBEUTF32_ExpectedEncodingDetected" storage="f:\etwork\bin\tests\unittests.icore.runtime.dll" id="8c622a3b-1116-4001-2a22-96ebe7130253">
      <TestCategory>
        <TestCategoryItem TestCategory="InFile" />
      </TestCategory>
      <Execution id="e208bbd7-672a-4657-874d-b6bac1e837cf" />
      <TestMethod codeBase="F:\ETWork\bin\Tests\UnitTests.iCore.Runtime.dll" adapterTypeName="Microsoft.VisualStudio.TestTools.TestTypes.Unit.UnitTestAdapter" className="UnitTests.iCore.Runtime.Infile.RecordReaderBufferTests" name="Constructor_DetectEncodingBEUTF32_ExpectedEncodingDetected" />
    </UnitTest>
    <UnitTest name="Constructor_DoNotDetectEncodingEncodingHasBom_MovedPastBOM" storage="f:\etwork\bin\tests\unittests.icore.runtime.dll" id="8eb6df06-849a-a716-93c4-65fa270b6ed4">
      <TestCategory>
        <TestCategoryItem TestCategory="InFile" />
      </TestCategory>
      <Execution id="ebd567d5-7578-444b-b0e0-822e5cf1580e" />
      <TestMethod codeBase="F:\ETWork\bin\Tests\UnitTests.iCore.Runtime.dll" adapterTypeName="Microsoft.VisualStudio.TestTools.TestTypes.Unit.UnitTestAdapter" className="UnitTests.iCore.Runtime.Infile.RecordReaderBufferTests" name="Constructor_DoNotDetectEncodingEncodingHasBom_MovedPastBOM" />
    </UnitTest>
    <UnitTest name="Constructor_DoNotDetectEncodingEncodingExpectedToHaveBOMButNotEnoughData_FillsBuffer" storage="f:\etwork\bin\tests\unittests.icore.runtime.dll" id="c5afa298-8f0d-9dbe-d316-550a5369aee1">
      <TestCategory>
        <TestCategoryItem TestCategory="InFile" />
      </TestCategory>
      <Execution id="8e60f68a-8011-499a-95f0-af0edcd0af1a" />
      <TestMethod codeBase="F:\ETWork\bin\Tests\UnitTests.iCore.Runtime.dll" adapterTypeName="Microsoft.VisualStudio.TestTools.TestTypes.Unit.UnitTestAdapter" className="UnitTests.iCore.Runtime.Infile.RecordReaderBufferTests" name="Constructor_DoNotDetectEncodingEncodingExpectedToHaveBOMButNotEnoughData_FillsBuffer" />
    </UnitTest>
    <UnitTest name="Constructor_DoNotDetectEncodingEncodingExpectedToHaveBOMButHasNone_DoesNotLooseBytes" storage="f:\etwork\bin\tests\unittests.icore.runtime.dll" id="7267d14a-905e-ed0b-3f59-357c304b6d03">
      <TestCategory>
        <TestCategoryItem TestCategory="InFile" />
      </TestCategory>
      <Execution id="a48a45ac-c7d7-4ec0-b253-5d8bc70be0e9" />
      <TestMethod codeBase="F:\ETWork\bin\Tests\UnitTests.iCore.Runtime.dll" adapterTypeName="Microsoft.VisualStudio.TestTools.TestTypes.Unit.UnitTestAdapter" className="UnitTests.iCore.Runtime.Infile.RecordReaderBufferTests" name="Constructor_DoNotDetectEncodingEncodingExpectedToHaveBOMButHasNone_DoesNotLooseBytes" />
    </UnitTest>
    <UnitTest name="RefreshProperties_EncodingChanged_Success" storage="f:\etwork\bin\tests\unittests.icore.runtime.dll" id="a2d22fb6-b833-1faf-20c3-af750a7bb5ed">
      <TestCategory>
        <TestCategoryItem TestCategory="InFile" />
      </TestCategory>
      <Execution id="b5ae8b65-42df-44dd-9c0b-1b6cdc999732" />
      <TestMethod codeBase="F:\ETWork\bin\Tests\UnitTests.iCore.Runtime.dll" adapterTypeName="Microsoft.VisualStudio.TestTools.TestTypes.Unit.UnitTestAdapter" className="UnitTests.iCore.Runtime.Infile.RecordReaderBufferTests" name="RefreshProperties_EncodingChanged_Success" />
    </UnitTest>
    <UnitTest name="RefreshProperties_ReadAheadBufferSizeChanged_Success" storage="f:\etwork\bin\tests\unittests.icore.runtime.dll" id="5c7e8275-277f-e711-c3ff-c39690c06e79">
      <TestCategory>
        <TestCategoryItem TestCategory="InFile" />
      </TestCategory>
      <Execution id="28b7f540-6eba-4a69-ace9-691005d821ac" />
      <TestMethod codeBase="F:\ETWork\bin\Tests\UnitTests.iCore.Runtime.dll" adapterTypeName="Microsoft.VisualStudio.TestTools.TestTypes.Unit.UnitTestAdapter" className="UnitTests.iCore.Runtime.Infile.RecordReaderBufferTests" name="RefreshProperties_ReadAheadBufferSizeChanged_Success" />
    </UnitTest>
    <UnitTest name="RefreshProperties_ValidArgs_BufferPositionIsPreserved" storage="f:\etwork\bin\tests\unittests.icore.runtime.dll" id="f9b48e21-1870-344f-0be9-56ea386d31b7">
      <TestCategory>
        <TestCategoryItem TestCategory="InFile" />
      </TestCategory>
      <Execution id="f2a86c59-21c7-419c-b557-39698f9e5dd5" />
      <TestMethod codeBase="F:\ETWork\bin\Tests\UnitTests.iCore.Runtime.dll" adapterTypeName="Microsoft.VisualStudio.TestTools.TestTypes.Unit.UnitTestAdapter" className="UnitTests.iCore.Runtime.Infile.RecordReaderBufferTests" name="RefreshProperties_ValidArgs_BufferPositionIsPreserved" />
    </UnitTest>
    <UnitTest name="RefreshProperties_EcodingIsNull_Throws" storage="f:\etwork\bin\tests\unittests.icore.runtime.dll" id="7a0efd68-13b5-bfe6-713a-3928a9a077ef">
      <TestCategory>
        <TestCategoryItem TestCategory="InFile" />
      </TestCategory>
      <Execution id="c42c5cd8-4e51-4ac7-9d59-6db623ad7afe" />
      <TestMethod codeBase="F:\ETWork\bin\Tests\UnitTests.iCore.Runtime.dll" adapterTypeName="Microsoft.VisualStudio.TestTools.TestTypes.Unit.UnitTestAdapter" className="UnitTests.iCore.Runtime.Infile.RecordReaderBufferTests" name="RefreshProperties_EcodingIsNull_Throws" />
    </UnitTest>
    <UnitTest name="RefreshProperties_FastForwardEnabled_Throws" storage="f:\etwork\bin\tests\unittests.icore.runtime.dll" id="59e81b3b-d639-f14a-a05b-61ecda44bb4d">
      <TestCategory>
        <TestCategoryItem TestCategory="InFile" />
      </TestCategory>
      <Execution id="0516efd4-09e8-4eb6-b70a-47ab338dda10" />
      <TestMethod codeBase="F:\ETWork\bin\Tests\UnitTests.iCore.Runtime.dll" adapterTypeName="Microsoft.VisualStudio.TestTools.TestTypes.Unit.UnitTestAdapter" className="UnitTests.iCore.Runtime.Infile.RecordReaderBufferTests" name="RefreshProperties_FastForwardEnabled_Throws" />
    </UnitTest>
    <UnitTest name="RefreshProperties_ReadAheadBufferSizeIsZero_Throws" storage="f:\etwork\bin\tests\unittests.icore.runtime.dll" id="bf83d4f0-8412-4bb4-a6fe-ae3c55442c13">
      <TestCategory>
        <TestCategoryItem TestCategory="InFile" />
      </TestCategory>
      <Execution id="e936321d-4428-4efd-bd97-a2288bf3ecc0" />
      <TestMethod codeBase="F:\ETWork\bin\Tests\UnitTests.iCore.Runtime.dll" adapterTypeName="Microsoft.VisualStudio.TestTools.TestTypes.Unit.UnitTestAdapter" className="UnitTests.iCore.Runtime.Infile.RecordReaderBufferTests" name="RefreshProperties_ReadAheadBufferSizeIsZero_Throws" />
    </UnitTest>
    <UnitTest name="RefreshProperties_ReadAheadBufferSizeIsNegative_Throws" storage="f:\etwork\bin\tests\unittests.icore.runtime.dll" id="9d029d60-e59b-5aa4-40ac-cf1b39f2dbb4">
      <TestCategory>
        <TestCategoryItem TestCategory="InFile" />
      </TestCategory>
      <Execution id="b260a590-4f4e-492b-8b98-4e7e96d002cc" />
      <TestMethod codeBase="F:\ETWork\bin\Tests\UnitTests.iCore.Runtime.dll" adapterTypeName="Microsoft.VisualStudio.TestTools.TestTypes.Unit.UnitTestAdapter" className="UnitTests.iCore.Runtime.Infile.RecordReaderBufferTests" name="RefreshProperties_ReadAheadBufferSizeIsNegative_Throws" />
    </UnitTest>
    <UnitTest name="RefreshProperties_ChangeCodepage_ReturnsExpectedRecords" storage="f:\etwork\bin\tests\unittests.icore.runtime.dll" id="6bd84278-5994-ed00-bd1b-862958dffbeb">
      <TestCategory>
        <TestCategoryItem TestCategory="InFile" />
      </TestCategory>
      <Execution id="d53f5f75-44d2-4f5c-9cf1-f8f376789e32" />
      <TestMethod codeBase="F:\ETWork\bin\Tests\UnitTests.iCore.Runtime.dll" adapterTypeName="Microsoft.VisualStudio.TestTools.TestTypes.Unit.UnitTestAdapter" className="UnitTests.iCore.Runtime.Infile.RecordReaderBufferTests" name="RefreshProperties_ChangeCodepage_ReturnsExpectedRecords" />
    </UnitTest>
    <UnitTest name="ReadMaxCharacters_StreamPositionIsZero_CorrectDataReturned" storage="f:\etwork\bin\tests\unittests.icore.runtime.dll" id="5172a60d-0f2d-a81d-73cd-e89023aa0792">
      <TestCategory>
        <TestCategoryItem TestCategory="InFile" />
      </TestCategory>
      <Execution id="a2d833c3-b0f7-4677-bbc3-6ba21ca5c369" />
      <TestMethod codeBase="F:\ETWork\bin\Tests\UnitTests.iCore.Runtime.dll" adapterTypeName="Microsoft.VisualStudio.TestTools.TestTypes.Unit.UnitTestAdapter" className="UnitTests.iCore.Runtime.Infile.RecordReaderBufferTests" name="ReadMaxCharacters_StreamPositionIsZero_CorrectDataReturned" />
    </UnitTest>
    <UnitTest name="ReadMaxCharacters_MoreCharactersRequestedThanAvailable_CorrectDataReturned" storage="f:\etwork\bin\tests\unittests.icore.runtime.dll" id="392465ce-e362-d70e-57c8-0dd695141541">
      <TestCategory>
        <TestCategoryItem TestCategory="InFile" />
      </TestCategory>
      <Execution id="103c6439-f529-4fdf-beab-2012de38e9c8" />
      <TestMethod codeBase="F:\ETWork\bin\Tests\UnitTests.iCore.Runtime.dll" adapterTypeName="Microsoft.VisualStudio.TestTools.TestTypes.Unit.UnitTestAdapter" className="UnitTests.iCore.Runtime.Infile.RecordReaderBufferTests" name="ReadMaxCharacters_MoreCharactersRequestedThanAvailable_CorrectDataReturned" />
    </UnitTest>
    <UnitTest name="ReadMaxCharacters_StreamIsEmpty_ReturnsNull" storage="f:\etwork\bin\tests\unittests.icore.runtime.dll" id="f7aaa866-7cdf-0a01-f929-b7c561999fce">
      <TestCategory>
        <TestCategoryItem TestCategory="InFile" />
      </TestCategory>
      <Execution id="70d1d469-593d-47af-ad66-1f8947c33536" />
      <TestMethod codeBase="F:\ETWork\bin\Tests\UnitTests.iCore.Runtime.dll" adapterTypeName="Microsoft.VisualStudio.TestTools.TestTypes.Unit.UnitTestAdapter" className="UnitTests.iCore.Runtime.Infile.RecordReaderBufferTests" name="ReadMaxCharacters_StreamIsEmpty_ReturnsNull" />
    </UnitTest>
    <UnitTest name="ReadMaxCharacters_EndOfDataReached_ReturnsNull" storage="f:\etwork\bin\tests\unittests.icore.runtime.dll" id="256c58d4-b7c8-9c73-fcf4-eae9d6ac058c">
      <TestCategory>
        <TestCategoryItem TestCategory="InFile" />
      </TestCategory>
      <Execution id="f3b21e6d-a218-4266-9ed6-33f3b450bc8c" />
      <TestMethod codeBase="F:\ETWork\bin\Tests\UnitTests.iCore.Runtime.dll" adapterTypeName="Microsoft.VisualStudio.TestTools.TestTypes.Unit.UnitTestAdapter" className="UnitTests.iCore.Runtime.Infile.RecordReaderBufferTests" name="ReadMaxCharacters_EndOfDataReached_ReturnsNull" />
    </UnitTest>
    <UnitTest name="ReadMaxCharacters_ReadAllCharacters_CharactersInBufferIsZero" storage="f:\etwork\bin\tests\unittests.icore.runtime.dll" id="3ed6fd7a-0a23-df9c-ce68-23c26c0bc58d">
      <TestCategory>
        <TestCategoryItem TestCategory="InFile" />
      </TestCategory>
      <Execution id="edb61631-51f6-4c51-8f04-c99a03d20771" />
      <TestMethod codeBase="F:\ETWork\bin\Tests\UnitTests.iCore.Runtime.dll" adapterTypeName="Microsoft.VisualStudio.TestTools.TestTypes.Unit.UnitTestAdapter" className="UnitTests.iCore.Runtime.Infile.RecordReaderBufferTests" name="ReadMaxCharacters_ReadAllCharacters_CharactersInBufferIsZero" />
    </UnitTest>
    <UnitTest name="ReadMaxCharacters_ReadAllButLastByte_CharactersInBufferIsOne" storage="f:\etwork\bin\tests\unittests.icore.runtime.dll" id="ca2f58d8-7d44-ccd3-1bbc-c71f67b4efe5">
      <TestCategory>
        <TestCategoryItem TestCategory="InFile" />
      </TestCategory>
      <Execution id="07266bb5-4b77-478e-b0d0-0221c682989f" />
      <TestMethod codeBase="F:\ETWork\bin\Tests\UnitTests.iCore.Runtime.dll" adapterTypeName="Microsoft.VisualStudio.TestTools.TestTypes.Unit.UnitTestAdapter" className="UnitTests.iCore.Runtime.Infile.RecordReaderBufferTests" name="ReadMaxCharacters_ReadAllButLastByte_CharactersInBufferIsOne" />
    </UnitTest>
    <UnitTest name="ReadMaxCharacters_MaxIsZero_Throws" storage="f:\etwork\bin\tests\unittests.icore.runtime.dll" id="922199a4-abb7-6612-d305-65be30b6a84b">
      <TestCategory>
        <TestCategoryItem TestCategory="InFile" />
      </TestCategory>
      <Execution id="2125fe71-0826-42ae-a6f1-0da68008f9e5" />
      <TestMethod codeBase="F:\ETWork\bin\Tests\UnitTests.iCore.Runtime.dll" adapterTypeName="Microsoft.VisualStudio.TestTools.TestTypes.Unit.UnitTestAdapter" className="UnitTests.iCore.Runtime.Infile.RecordReaderBufferTests" name="ReadMaxCharacters_MaxIsZero_Throws" />
    </UnitTest>
    <UnitTest name="ReadMaxCharacters_ReadExactlyAllCharacters_IsEmptyReturnsTrue" storage="f:\etwork\bin\tests\unittests.icore.runtime.dll" id="439735fe-3cea-0d38-7a98-1845127a96dd">
      <TestCategory>
        <TestCategoryItem TestCategory="InFile" />
      </TestCategory>
      <Execution id="92fb7644-a313-4106-b3dc-a168ea45c84a" />
      <TestMethod codeBase="F:\ETWork\bin\Tests\UnitTests.iCore.Runtime.dll" adapterTypeName="Microsoft.VisualStudio.TestTools.TestTypes.Unit.UnitTestAdapter" className="UnitTests.iCore.Runtime.Infile.RecordReaderBufferTests" name="ReadMaxCharacters_ReadExactlyAllCharacters_IsEmptyReturnsTrue" />
    </UnitTest>
    <UnitTest name="ReadMaxCharacters_ReadAllButLastByte_IsEmptyReturnsFalse" storage="f:\etwork\bin\tests\unittests.icore.runtime.dll" id="e801d28a-4b0f-14f9-07e3-71d81f556d62">
      <TestCategory>
        <TestCategoryItem TestCategory="InFile" />
      </TestCategory>
      <Execution id="be1acfc8-1565-458a-bec0-296aa3d8c044" />
      <TestMethod codeBase="F:\ETWork\bin\Tests\UnitTests.iCore.Runtime.dll" adapterTypeName="Microsoft.VisualStudio.TestTools.TestTypes.Unit.UnitTestAdapter" className="UnitTests.iCore.Runtime.Infile.RecordReaderBufferTests" name="ReadMaxCharacters_ReadAllButLastByte_IsEmptyReturnsFalse" />
    </UnitTest>
    <UnitTest name="ReadMaxCharacters_MaxCharactersAreNegative_Throws" storage="f:\etwork\bin\tests\unittests.icore.runtime.dll" id="9e469ce6-4255-8831-f854-13619cd46ed0">
      <TestCategory>
        <TestCategoryItem TestCategory="InFile" />
      </TestCategory>
      <Execution id="88cc57a3-8c10-4bff-abc9-f8fbd685a9f2" />
      <TestMethod codeBase="F:\ETWork\bin\Tests\UnitTests.iCore.Runtime.dll" adapterTypeName="Microsoft.VisualStudio.TestTools.TestTypes.Unit.UnitTestAdapter" className="UnitTests.iCore.Runtime.Infile.RecordReaderBufferTests" name="ReadMaxCharacters_MaxCharactersAreNegative_Throws" />
    </UnitTest>
    <UnitTest name="ReadMaxCharacters_ReadUntilEmpty_ReturnsCorrectData" storage="f:\etwork\bin\tests\unittests.icore.runtime.dll" id="3b28b394-aa59-dfba-53b0-b91ec7b9ebe7">
      <TestCategory>
        <TestCategoryItem TestCategory="InFile" />
      </TestCategory>
      <Execution id="66aa5d33-73f7-4db0-bb05-4071354f1755" />
      <TestMethod codeBase="F:\ETWork\bin\Tests\UnitTests.iCore.Runtime.dll" adapterTypeName="Microsoft.VisualStudio.TestTools.TestTypes.Unit.UnitTestAdapter" className="UnitTests.iCore.Runtime.Infile.RecordReaderBufferTests" name="ReadMaxCharacters_ReadUntilEmpty_ReturnsCorrectData" />
    </UnitTest>
    <UnitTest name="ReadMaxCharacters_NoDataOnFirstReadFromStream_ReturnsNull" storage="f:\etwork\bin\tests\unittests.icore.runtime.dll" id="8dc5891b-b1f0-a826-9e05-c035288bd8f4">
      <TestCategory>
        <TestCategoryItem TestCategory="InFile" />
      </TestCategory>
      <Execution id="d46241cf-a34c-4c22-9248-0cea0b62b17a" />
      <TestMethod codeBase="F:\ETWork\bin\Tests\UnitTests.iCore.Runtime.dll" adapterTypeName="Microsoft.VisualStudio.TestTools.TestTypes.Unit.UnitTestAdapter" className="UnitTests.iCore.Runtime.Infile.RecordReaderBufferTests" name="ReadMaxCharacters_NoDataOnFirstReadFromStream_ReturnsNull" />
    </UnitTest>
    <UnitTest name="ReadMaxCharacters_NoDataOnSecondReadFromStream_ReturnsDataFromFirstRead" storage="f:\etwork\bin\tests\unittests.icore.runtime.dll" id="6dcdd3b4-2124-6fd5-692f-4e5176cac37f">
      <TestCategory>
        <TestCategoryItem TestCategory="InFile" />
      </TestCategory>
      <Execution id="424b288b-48f6-436f-b381-8c0390e532c8" />
      <TestMethod codeBase="F:\ETWork\bin\Tests\UnitTests.iCore.Runtime.dll" adapterTypeName="Microsoft.VisualStudio.TestTools.TestTypes.Unit.UnitTestAdapter" className="UnitTests.iCore.Runtime.Infile.RecordReaderBufferTests" name="ReadMaxCharacters_NoDataOnSecondReadFromStream_ReturnsDataFromFirstRead" />
    </UnitTest>
    <UnitTest name="ReadMaxCharactersAppend_CharactersToReadIsZero_Throws" storage="f:\etwork\bin\tests\unittests.icore.runtime.dll" id="0179185d-0e76-2ac6-8ccd-26b2aa52be01">
      <TestCategory>
        <TestCategoryItem TestCategory="InFile" />
      </TestCategory>
      <Execution id="275de1e1-ef19-43bc-92af-3b9afe1768ca" />
      <TestMethod codeBase="F:\ETWork\bin\Tests\UnitTests.iCore.Runtime.dll" adapterTypeName="Microsoft.VisualStudio.TestTools.TestTypes.Unit.UnitTestAdapter" className="UnitTests.iCore.Runtime.Infile.RecordReaderBufferTests" name="ReadMaxCharactersAppend_CharactersToReadIsZero_Throws" />
    </UnitTest>
    <UnitTest name="ReadMaxCharactersAppend_DataIsNull_Throws" storage="f:\etwork\bin\tests\unittests.icore.runtime.dll" id="fe78a509-dc5c-69c5-d0e7-30132015bdf6">
      <TestCategory>
        <TestCategoryItem TestCategory="InFile" />
      </TestCategory>
      <Execution id="43196790-535e-42d3-9a85-4bfe60785977" />
      <TestMethod codeBase="F:\ETWork\bin\Tests\UnitTests.iCore.Runtime.dll" adapterTypeName="Microsoft.VisualStudio.TestTools.TestTypes.Unit.UnitTestAdapter" className="UnitTests.iCore.Runtime.Infile.RecordReaderBufferTests" name="ReadMaxCharactersAppend_DataIsNull_Throws" />
    </UnitTest>
    <UnitTest name="ReadMaxCharactersAppend_ValidArgs_DataIsCorrect" storage="f:\etwork\bin\tests\unittests.icore.runtime.dll" id="46285c06-5d8a-b9e7-804d-1b2399c46174">
      <TestCategory>
        <TestCategoryItem TestCategory="InFile" />
      </TestCategory>
      <Execution id="146f0fc3-2e8d-428a-be69-391401a35d8a" />
      <TestMethod codeBase="F:\ETWork\bin\Tests\UnitTests.iCore.Runtime.dll" adapterTypeName="Microsoft.VisualStudio.TestTools.TestTypes.Unit.UnitTestAdapter" className="UnitTests.iCore.Runtime.Infile.RecordReaderBufferTests" name="ReadMaxCharactersAppend_ValidArgs_DataIsCorrect" />
    </UnitTest>
    <UnitTest name="ReadMaxCharactersAppend_ValidArgs_DataIsAppended" storage="f:\etwork\bin\tests\unittests.icore.runtime.dll" id="beddb458-e2be-33a8-928b-5dce4b3ccb9b">
      <TestCategory>
        <TestCategoryItem TestCategory="InFile" />
      </TestCategory>
      <Execution id="ca523ea3-293c-4ee0-bad2-6616e1575643" />
      <TestMethod codeBase="F:\ETWork\bin\Tests\UnitTests.iCore.Runtime.dll" adapterTypeName="Microsoft.VisualStudio.TestTools.TestTypes.Unit.UnitTestAdapter" className="UnitTests.iCore.Runtime.Infile.RecordReaderBufferTests" name="ReadMaxCharactersAppend_ValidArgs_DataIsAppended" />
    </UnitTest>
    <UnitTest name="ReadMaxCharactersAppend_ValidArgsNoMoreData_ReturnsZero" storage="f:\etwork\bin\tests\unittests.icore.runtime.dll" id="71fcb95f-92fa-e4da-9a1e-2b133b5f0771">
      <TestCategory>
        <TestCategoryItem TestCategory="InFile" />
      </TestCategory>
      <Execution id="1d0513f7-acf4-444f-96ab-c91b5c752fe2" />
      <TestMethod codeBase="F:\ETWork\bin\Tests\UnitTests.iCore.Runtime.dll" adapterTypeName="Microsoft.VisualStudio.TestTools.TestTypes.Unit.UnitTestAdapter" className="UnitTests.iCore.Runtime.Infile.RecordReaderBufferTests" name="ReadMaxCharactersAppend_ValidArgsNoMoreData_ReturnsZero" />
    </UnitTest>
    <UnitTest name="ReadMaxCharactersAppend_ValidArgs_ReturnsCorrectCharsRead" storage="f:\etwork\bin\tests\unittests.icore.runtime.dll" id="5a7d8e2f-4b41-6c44-3c53-3d5ca38a40ad">
      <TestCategory>
        <TestCategoryItem TestCategory="InFile" />
      </TestCategory>
      <Execution id="ff24b700-e225-47a8-942b-7737c3e8d54f" />
      <TestMethod codeBase="F:\ETWork\bin\Tests\UnitTests.iCore.Runtime.dll" adapterTypeName="Microsoft.VisualStudio.TestTools.TestTypes.Unit.UnitTestAdapter" className="UnitTests.iCore.Runtime.Infile.RecordReaderBufferTests" name="ReadMaxCharactersAppend_ValidArgs_ReturnsCorrectCharsRead" />
    </UnitTest>
    <UnitTest name="ReadMaxCharactersAppend_NoDataOnFirstReadFromStream_ReturnsZeroAndDoesAlterArgument" storage="f:\etwork\bin\tests\unittests.icore.runtime.dll" id="caef139d-d0c0-c47a-22e0-3cedb93737c4">
      <TestCategory>
        <TestCategoryItem TestCategory="InFile" />
      </TestCategory>
      <Execution id="e9afa8a6-5d67-4652-b640-4e41a713835c" />
      <TestMethod codeBase="F:\ETWork\bin\Tests\UnitTests.iCore.Runtime.dll" adapterTypeName="Microsoft.VisualStudio.TestTools.TestTypes.Unit.UnitTestAdapter" className="UnitTests.iCore.Runtime.Infile.RecordReaderBufferTests" name="ReadMaxCharactersAppend_NoDataOnFirstReadFromStream_ReturnsZeroAndDoesAlterArgument" />
    </UnitTest>
    <UnitTest name="ReadUntil_StreamPositionIsZero_CorrectDataReturned" storage="f:\etwork\bin\tests\unittests.icore.runtime.dll" id="c1d9b767-7dbc-9a0f-c807-78cc5f3e221d">
      <TestCategory>
        <TestCategoryItem TestCategory="InFile" />
      </TestCategory>
      <Execution id="3ac15db3-5ab3-4d47-8af3-76188a23cf5b" />
      <TestMethod codeBase="F:\ETWork\bin\Tests\UnitTests.iCore.Runtime.dll" adapterTypeName="Microsoft.VisualStudio.TestTools.TestTypes.Unit.UnitTestAdapter" className="UnitTests.iCore.Runtime.Infile.RecordReaderBufferTests" name="ReadUntil_StreamPositionIsZero_CorrectDataReturned" />
    </UnitTest>
    <UnitTest name="ReadUntil_CharacterIsInLastPosition_CorrectDataReturned" storage="f:\etwork\bin\tests\unittests.icore.runtime.dll" id="815f0809-a1e1-52dd-ff35-a6d8893f236d">
      <TestCategory>
        <TestCategoryItem TestCategory="InFile" />
      </TestCategory>
      <Execution id="4be36504-e559-46e1-a0f5-b1f0618fe4f0" />
      <TestMethod codeBase="F:\ETWork\bin\Tests\UnitTests.iCore.Runtime.dll" adapterTypeName="Microsoft.VisualStudio.TestTools.TestTypes.Unit.UnitTestAdapter" className="UnitTests.iCore.Runtime.Infile.RecordReaderBufferTests" name="ReadUntil_CharacterIsInLastPosition_CorrectDataReturned" />
    </UnitTest>
    <UnitTest name="ReadUntil_CharacterNotInData_CorrectDataReturned" storage="f:\etwork\bin\tests\unittests.icore.runtime.dll" id="a6f74019-616e-de33-c90f-95c6c2b5a9ec">
      <TestCategory>
        <TestCategoryItem TestCategory="InFile" />
      </TestCategory>
      <Execution id="5e50a334-e714-44a1-89b9-06ba64f3460b" />
      <TestMethod codeBase="F:\ETWork\bin\Tests\UnitTests.iCore.Runtime.dll" adapterTypeName="Microsoft.VisualStudio.TestTools.TestTypes.Unit.UnitTestAdapter" className="UnitTests.iCore.Runtime.Infile.RecordReaderBufferTests" name="ReadUntil_CharacterNotInData_CorrectDataReturned" />
    </UnitTest>
    <UnitTest name="ReadUntil_StreamIsEmpty_ReturnsNull" storage="f:\etwork\bin\tests\unittests.icore.runtime.dll" id="a11f9426-6cd6-7a74-7db6-4a20787aa55f">
      <TestCategory>
        <TestCategoryItem TestCategory="InFile" />
      </TestCategory>
      <Execution id="28cfea40-2b30-4dd4-8440-f4873c9c7750" />
      <TestMethod codeBase="F:\ETWork\bin\Tests\UnitTests.iCore.Runtime.dll" adapterTypeName="Microsoft.VisualStudio.TestTools.TestTypes.Unit.UnitTestAdapter" className="UnitTests.iCore.Runtime.Infile.RecordReaderBufferTests" name="ReadUntil_StreamIsEmpty_ReturnsNull" />
    </UnitTest>
    <UnitTest name="ReadUntil_EndOfDataReached_ReturnsNull" storage="f:\etwork\bin\tests\unittests.icore.runtime.dll" id="434f1ed4-57be-ed2a-9937-c161bb7d6b39">
      <TestCategory>
        <TestCategoryItem TestCategory="InFile" />
      </TestCategory>
      <Execution id="3e110cdd-457e-43fe-b600-12f45c14bd5d" />
      <TestMethod codeBase="F:\ETWork\bin\Tests\UnitTests.iCore.Runtime.dll" adapterTypeName="Microsoft.VisualStudio.TestTools.TestTypes.Unit.UnitTestAdapter" className="UnitTests.iCore.Runtime.Infile.RecordReaderBufferTests" name="ReadUntil_EndOfDataReached_ReturnsNull" />
    </UnitTest>
    <UnitTest name="ReadUntil_ReadAllCharacters_CharactersInBufferIsZero" storage="f:\etwork\bin\tests\unittests.icore.runtime.dll" id="ee697482-e58d-4fd5-921e-69fc2cf9eabc">
      <TestCategory>
        <TestCategoryItem TestCategory="InFile" />
      </TestCategory>
      <Execution id="82acf687-1fb3-46f7-bba2-7d083f6ed5dc" />
      <TestMethod codeBase="F:\ETWork\bin\Tests\UnitTests.iCore.Runtime.dll" adapterTypeName="Microsoft.VisualStudio.TestTools.TestTypes.Unit.UnitTestAdapter" className="UnitTests.iCore.Runtime.Infile.RecordReaderBufferTests" name="ReadUntil_ReadAllCharacters_CharactersInBufferIsZero" />
    </UnitTest>
    <UnitTest name="ReadUntil_ReadAllButLastByte_CharactersInBufferIsOne" storage="f:\etwork\bin\tests\unittests.icore.runtime.dll" id="00b670ac-948f-9d5b-cf20-783fa01fc718">
      <TestCategory>
        <TestCategoryItem TestCategory="InFile" />
      </TestCategory>
      <Execution id="3436603e-0952-4e07-9a52-0a554775357f" />
      <TestMethod codeBase="F:\ETWork\bin\Tests\UnitTests.iCore.Runtime.dll" adapterTypeName="Microsoft.VisualStudio.TestTools.TestTypes.Unit.UnitTestAdapter" className="UnitTests.iCore.Runtime.Infile.RecordReaderBufferTests" name="ReadUntil_ReadAllButLastByte_CharactersInBufferIsOne" />
    </UnitTest>
    <UnitTest name="ReadUntil_ReadAllCharacters_IsEmptyReturnsTrue" storage="f:\etwork\bin\tests\unittests.icore.runtime.dll" id="c5d5cf5a-0d3a-2158-0a5c-fad67acf5529">
      <TestCategory>
        <TestCategoryItem TestCategory="InFile" />
      </TestCategory>
      <Execution id="375992f6-a919-440b-a9bc-6719dd8ec6c3" />
      <TestMethod codeBase="F:\ETWork\bin\Tests\UnitTests.iCore.Runtime.dll" adapterTypeName="Microsoft.VisualStudio.TestTools.TestTypes.Unit.UnitTestAdapter" className="UnitTests.iCore.Runtime.Infile.RecordReaderBufferTests" name="ReadUntil_ReadAllCharacters_IsEmptyReturnsTrue" />
    </UnitTest>
    <UnitTest name="ReadUntil_ReadExactlyAllCharacters_IsEmptyReturnsTrue" storage="f:\etwork\bin\tests\unittests.icore.runtime.dll" id="05d9a61b-d2c4-77e9-83cf-f10ade674148">
      <TestCategory>
        <TestCategoryItem TestCategory="InFile" />
      </TestCategory>
      <Execution id="d89095f5-fc10-4100-87e0-390779f75908" />
      <TestMethod codeBase="F:\ETWork\bin\Tests\UnitTests.iCore.Runtime.dll" adapterTypeName="Microsoft.VisualStudio.TestTools.TestTypes.Unit.UnitTestAdapter" className="UnitTests.iCore.Runtime.Infile.RecordReaderBufferTests" name="ReadUntil_ReadExactlyAllCharacters_IsEmptyReturnsTrue" />
    </UnitTest>
    <UnitTest name="ReadUntil_ReadAllButLastByte_IsEmptyReturnsFalse" storage="f:\etwork\bin\tests\unittests.icore.runtime.dll" id="af503b51-4c91-8b12-8f56-8dc16b707020">
      <TestCategory>
        <TestCategoryItem TestCategory="InFile" />
      </TestCategory>
      <Execution id="4a6bd4ec-43da-4acb-867b-f8e3decde628" />
      <TestMethod codeBase="F:\ETWork\bin\Tests\UnitTests.iCore.Runtime.dll" adapterTypeName="Microsoft.VisualStudio.TestTools.TestTypes.Unit.UnitTestAdapter" className="UnitTests.iCore.Runtime.Infile.RecordReaderBufferTests" name="ReadUntil_ReadAllButLastByte_IsEmptyReturnsFalse" />
    </UnitTest>
    <UnitTest name="ReadUntil_CharacterIsNullCharacter_ResturnsNull" storage="f:\etwork\bin\tests\unittests.icore.runtime.dll" id="d25dad95-b693-9332-fd8b-7c3131ed30fe">
      <TestCategory>
        <TestCategoryItem TestCategory="InFile" />
      </TestCategory>
      <Execution id="83ec45ed-6f2f-4ebf-8f45-768288844e01" />
      <TestMethod codeBase="F:\ETWork\bin\Tests\UnitTests.iCore.Runtime.dll" adapterTypeName="Microsoft.VisualStudio.TestTools.TestTypes.Unit.UnitTestAdapter" className="UnitTests.iCore.Runtime.Infile.RecordReaderBufferTests" name="ReadUntil_CharacterIsNullCharacter_ResturnsNull" />
    </UnitTest>
    <UnitTest name="ReadUntil_SepIsPrefixedWithDoubleRelCharOneInPreviousBuffer_ReturnsCorrectData" storage="f:\etwork\bin\tests\unittests.icore.runtime.dll" id="6234419f-a061-d5c2-83e5-b10d0983e12c">
      <TestCategory>
        <TestCategoryItem TestCategory="InFile" />
      </TestCategory>
      <Execution id="736799e4-6d0f-4050-b1bc-84f70a737bcb" />
      <TestMethod codeBase="F:\ETWork\bin\Tests\UnitTests.iCore.Runtime.dll" adapterTypeName="Microsoft.VisualStudio.TestTools.TestTypes.Unit.UnitTestAdapter" className="UnitTests.iCore.Runtime.Infile.RecordReaderBufferTests" name="ReadUntil_SepIsPrefixedWithDoubleRelCharOneInPreviousBuffer_ReturnsCorrectData" />
    </UnitTest>
    <UnitTest name="ReadUntil_SepIsPrefixedWithDoubleRelCharBothInPreviousBuffer_ReturnsCorrectData" storage="f:\etwork\bin\tests\unittests.icore.runtime.dll" id="5b86b05a-bb84-34bb-722e-930e753cfe1b">
      <TestCategory>
        <TestCategoryItem TestCategory="InFile" />
      </TestCategory>
      <Execution id="06639264-5a89-4f71-86c8-f1b777050ecb" />
      <TestMethod codeBase="F:\ETWork\bin\Tests\UnitTests.iCore.Runtime.dll" adapterTypeName="Microsoft.VisualStudio.TestTools.TestTypes.Unit.UnitTestAdapter" className="UnitTests.iCore.Runtime.Infile.RecordReaderBufferTests" name="ReadUntil_SepIsPrefixedWithDoubleRelCharBothInPreviousBuffer_ReturnsCorrectData" />
    </UnitTest>
    <UnitTest name="ReadUntil_SepIsPrefixedWithTripleRelCharTwoInPreviousBuffer_ReturnsCorrectData" storage="f:\etwork\bin\tests\unittests.icore.runtime.dll" id="5f8c0bd3-e38d-c17b-4e92-5233e5581156">
      <TestCategory>
        <TestCategoryItem TestCategory="InFile" />
      </TestCategory>
      <Execution id="843e297c-5cbf-4271-ba16-feb5c6e6a6fa" />
      <TestMethod codeBase="F:\ETWork\bin\Tests\UnitTests.iCore.Runtime.dll" adapterTypeName="Microsoft.VisualStudio.TestTools.TestTypes.Unit.UnitTestAdapter" className="UnitTests.iCore.Runtime.Infile.RecordReaderBufferTests" name="ReadUntil_SepIsPrefixedWithTripleRelCharTwoInPreviousBuffer_ReturnsCorrectData" />
    </UnitTest>
    <UnitTest name="ReadUntil_ReadUntilEmpty_ReturnsCorrectData" storage="f:\etwork\bin\tests\unittests.icore.runtime.dll" id="167930d6-310f-3ba1-8895-869583ad7869">
      <TestCategory>
        <TestCategoryItem TestCategory="InFile" />
      </TestCategory>
      <Execution id="3a3e2701-5826-48cf-b7a9-9d3a5cb28d6d" />
      <TestMethod codeBase="F:\ETWork\bin\Tests\UnitTests.iCore.Runtime.dll" adapterTypeName="Microsoft.VisualStudio.TestTools.TestTypes.Unit.UnitTestAdapter" className="UnitTests.iCore.Runtime.Infile.RecordReaderBufferTests" name="ReadUntil_ReadUntilEmpty_ReturnsCorrectData" />
    </UnitTest>
    <UnitTest name="ReadUntil_LastRead_ReturnsLastRecordInData" storage="f:\etwork\bin\tests\unittests.icore.runtime.dll" id="282a0ed0-dc8b-b2b0-b06b-2d62645a57cb">
      <TestCategory>
        <TestCategoryItem TestCategory="InFile" />
      </TestCategory>
      <Execution id="1de03200-a9f3-4b38-bd8d-53c2b0922527" />
      <TestMethod codeBase="F:\ETWork\bin\Tests\UnitTests.iCore.Runtime.dll" adapterTypeName="Microsoft.VisualStudio.TestTools.TestTypes.Unit.UnitTestAdapter" className="UnitTests.iCore.Runtime.Infile.RecordReaderBufferTests" name="ReadUntil_LastRead_ReturnsLastRecordInData" />
    </UnitTest>
    <UnitTest name="ReadUntil_RemoveSeparator_RetursDataWithoutSeparator" storage="f:\etwork\bin\tests\unittests.icore.runtime.dll" id="110e53b6-9491-2024-789c-b060e11fb64d">
      <TestCategory>
        <TestCategoryItem TestCategory="InFile" />
      </TestCategory>
      <Execution id="02ae5cd8-468d-42ea-b8e7-8cb4564ba3f2" />
      <TestMethod codeBase="F:\ETWork\bin\Tests\UnitTests.iCore.Runtime.dll" adapterTypeName="Microsoft.VisualStudio.TestTools.TestTypes.Unit.UnitTestAdapter" className="UnitTests.iCore.Runtime.Infile.RecordReaderBufferTests" name="ReadUntil_RemoveSeparator_RetursDataWithoutSeparator" />
    </UnitTest>
    <UnitTest name="ReadUntil_EmptyRecordRemoveSeparator_ReturnsEmptyString" storage="f:\etwork\bin\tests\unittests.icore.runtime.dll" id="88130576-72a8-5526-9119-49bfb3199c00">
      <TestCategory>
        <TestCategoryItem TestCategory="InFile" />
      </TestCategory>
      <Execution id="20ec9379-a4cc-4074-903d-9c9d5034540d" />
      <TestMethod codeBase="F:\ETWork\bin\Tests\UnitTests.iCore.Runtime.dll" adapterTypeName="Microsoft.VisualStudio.TestTools.TestTypes.Unit.UnitTestAdapter" className="UnitTests.iCore.Runtime.Infile.RecordReaderBufferTests" name="ReadUntil_EmptyRecordRemoveSeparator_ReturnsEmptyString" />
    </UnitTest>
    <UnitTest name="ReadUntil_EmptyRecordKeepSeparator_ReturnsDataWithSeparatorOnly" storage="f:\etwork\bin\tests\unittests.icore.runtime.dll" id="36c5d6f1-e7a7-671b-e056-9c070a40b2f3">
      <TestCategory>
        <TestCategoryItem TestCategory="InFile" />
      </TestCategory>
      <Execution id="348ec0ff-26c3-4562-8c31-311152788441" />
      <TestMethod codeBase="F:\ETWork\bin\Tests\UnitTests.iCore.Runtime.dll" adapterTypeName="Microsoft.VisualStudio.TestTools.TestTypes.Unit.UnitTestAdapter" className="UnitTests.iCore.Runtime.Infile.RecordReaderBufferTests" name="ReadUntil_EmptyRecordKeepSeparator_ReturnsDataWithSeparatorOnly" />
    </UnitTest>
    <UnitTest name="ReadUntil_EmptyRecordRemoveSeparatorLastRecordHasNoSeparator_LastRecordHasCorrectData" storage="f:\etwork\bin\tests\unittests.icore.runtime.dll" id="6d4639a5-3066-a0c9-83ac-b43c94ac297c">
      <TestCategory>
        <TestCategoryItem TestCategory="InFile" />
      </TestCategory>
      <Execution id="c98f5a81-51ee-4328-9866-98ac1a1674bc" />
      <TestMethod codeBase="F:\ETWork\bin\Tests\UnitTests.iCore.Runtime.dll" adapterTypeName="Microsoft.VisualStudio.TestTools.TestTypes.Unit.UnitTestAdapter" className="UnitTests.iCore.Runtime.Infile.RecordReaderBufferTests" name="ReadUntil_EmptyRecordRemoveSeparatorLastRecordHasNoSeparator_LastRecordHasCorrectData" />
    </UnitTest>
    <UnitTest name="ReadUntil_LastSeparatorReleased_LastRecordHasCorrectData" storage="f:\etwork\bin\tests\unittests.icore.runtime.dll" id="d9c004a1-5204-4064-dc82-d90ea59ce33d">
      <TestCategory>
        <TestCategoryItem TestCategory="InFile" />
      </TestCategory>
      <Execution id="50ee5267-e735-4f56-ae5d-ec55d2653c69" />
      <TestMethod codeBase="F:\ETWork\bin\Tests\UnitTests.iCore.Runtime.dll" adapterTypeName="Microsoft.VisualStudio.TestTools.TestTypes.Unit.UnitTestAdapter" className="UnitTests.iCore.Runtime.Infile.RecordReaderBufferTests" name="ReadUntil_LastSeparatorReleased_LastRecordHasCorrectData" />
    </UnitTest>
    <UnitTest name="ReadUntil_SeparatorReleasedInPrevoiusBufferReadSeparatorRemoved_LastRecordHasCorrectData" storage="f:\etwork\bin\tests\unittests.icore.runtime.dll" id="7123cc34-4cd2-7992-9bdb-4f9e7ef58a28">
      <TestCategory>
        <TestCategoryItem TestCategory="InFile" />
      </TestCategory>
      <Execution id="fc014c7b-35ae-4f1a-8d5a-f3de966f9d76" />
      <TestMethod codeBase="F:\ETWork\bin\Tests\UnitTests.iCore.Runtime.dll" adapterTypeName="Microsoft.VisualStudio.TestTools.TestTypes.Unit.UnitTestAdapter" className="UnitTests.iCore.Runtime.Infile.RecordReaderBufferTests" name="ReadUntil_SeparatorReleasedInPrevoiusBufferReadSeparatorRemoved_LastRecordHasCorrectData" />
    </UnitTest>
    <UnitTest name="ReadUntil_SeparatorReleasedInPrevoiusBufferReadSeparatorKept_LastRecordHasCorrectData" storage="f:\etwork\bin\tests\unittests.icore.runtime.dll" id="d2053c33-6ddf-dc14-103e-32c4edca6fe7">
      <TestCategory>
        <TestCategoryItem TestCategory="InFile" />
      </TestCategory>
      <Execution id="49f1358d-40d7-4df9-8e23-d92ddb24fa13" />
      <TestMethod codeBase="F:\ETWork\bin\Tests\UnitTests.iCore.Runtime.dll" adapterTypeName="Microsoft.VisualStudio.TestTools.TestTypes.Unit.UnitTestAdapter" className="UnitTests.iCore.Runtime.Infile.RecordReaderBufferTests" name="ReadUntil_SeparatorReleasedInPrevoiusBufferReadSeparatorKept_LastRecordHasCorrectData" />
    </UnitTest>
    <UnitTest name="ReadUntil_SeparatorReleasedInPrevoiusBufferRead_LastRecordHasCorrectData" storage="f:\etwork\bin\tests\unittests.icore.runtime.dll" id="37f03147-5c61-397a-411b-d578c25c5f13">
      <TestCategory>
        <TestCategoryItem TestCategory="InFile" />
      </TestCategory>
      <Execution id="a725e197-adb2-41e2-af08-48a0d661a954" />
      <TestMethod codeBase="F:\ETWork\bin\Tests\UnitTests.iCore.Runtime.dll" adapterTypeName="Microsoft.VisualStudio.TestTools.TestTypes.Unit.UnitTestAdapter" className="UnitTests.iCore.Runtime.Infile.RecordReaderBufferTests" name="ReadUntil_SeparatorReleasedInPrevoiusBufferRead_LastRecordHasCorrectData" />
    </UnitTest>
    <UnitTest name="ReadUntil_SeparatorDoubleReleased_TreatedAsSeparator" storage="f:\etwork\bin\tests\unittests.icore.runtime.dll" id="746f3e17-ba96-edf3-d6be-1a2e2ab6dde3">
      <TestCategory>
        <TestCategoryItem TestCategory="InFile" />
      </TestCategory>
      <Execution id="f6619a37-25b9-4716-92fb-9c911b687d6a" />
      <TestMethod codeBase="F:\ETWork\bin\Tests\UnitTests.iCore.Runtime.dll" adapterTypeName="Microsoft.VisualStudio.TestTools.TestTypes.Unit.UnitTestAdapter" className="UnitTests.iCore.Runtime.Infile.RecordReaderBufferTests" name="ReadUntil_SeparatorDoubleReleased_TreatedAsSeparator" />
    </UnitTest>
    <UnitTest name="ReadUntil_ReadAheadBufferSizeLargerThanData_Succeeds" storage="f:\etwork\bin\tests\unittests.icore.runtime.dll" id="9fe8da10-8aac-f0d0-c4d7-2104ce58e5c8">
      <TestCategory>
        <TestCategoryItem TestCategory="InFile" />
      </TestCategory>
      <Execution id="8cacc2e4-0272-4e05-a52a-0f1aef348ac4" />
      <TestMethod codeBase="F:\ETWork\bin\Tests\UnitTests.iCore.Runtime.dll" adapterTypeName="Microsoft.VisualStudio.TestTools.TestTypes.Unit.UnitTestAdapter" className="UnitTests.iCore.Runtime.Infile.RecordReaderBufferTests" name="ReadUntil_ReadAheadBufferSizeLargerThanData_Succeeds" />
    </UnitTest>
    <UnitTest name="ReadRecord_StreamPositionChangedRead_ReadsCorrectly" storage="f:\etwork\bin\tests\unittests.icore.runtime.dll" id="3c4441c2-9c61-d2e5-9bfd-b8000e98b4c3">
      <TestCategory>
        <TestCategoryItem TestCategory="InFile" />
      </TestCategory>
      <Execution id="901cb245-aee3-4813-b9bf-6944e5d95441" />
      <TestMethod codeBase="F:\ETWork\bin\Tests\UnitTests.iCore.Runtime.dll" adapterTypeName="Microsoft.VisualStudio.TestTools.TestTypes.Unit.UnitTestAdapter" className="UnitTests.iCore.Runtime.Infile.RecordReaderBufferTests" name="ReadRecord_StreamPositionChangedRead_ReadsCorrectly" />
    </UnitTest>
    <UnitTest name="ReadUntil_NoDataOnFirstReadFromStream_ReturnsNull" storage="f:\etwork\bin\tests\unittests.icore.runtime.dll" id="efd795d9-a5dc-20ba-8f86-46e3504243fc">
      <TestCategory>
        <TestCategoryItem TestCategory="InFile" />
      </TestCategory>
      <Execution id="0b10057f-29d1-4bcf-9097-7777ec3ac183" />
      <TestMethod codeBase="F:\ETWork\bin\Tests\UnitTests.iCore.Runtime.dll" adapterTypeName="Microsoft.VisualStudio.TestTools.TestTypes.Unit.UnitTestAdapter" className="UnitTests.iCore.Runtime.Infile.RecordReaderBufferTests" name="ReadUntil_NoDataOnFirstReadFromStream_ReturnsNull" />
    </UnitTest>
    <UnitTest name="ReadUntil_NoDataOnSecondReadFromStream_ReturnsDataFromFirstRead" storage="f:\etwork\bin\tests\unittests.icore.runtime.dll" id="26aa484b-9c90-53f6-6bcc-63e83a9fb3bb">
      <TestCategory>
        <TestCategoryItem TestCategory="InFile" />
      </TestCategory>
      <Execution id="c48c940f-d016-49f5-9cfd-2ff9a1d7320d" />
      <TestMethod codeBase="F:\ETWork\bin\Tests\UnitTests.iCore.Runtime.dll" adapterTypeName="Microsoft.VisualStudio.TestTools.TestTypes.Unit.UnitTestAdapter" className="UnitTests.iCore.Runtime.Infile.RecordReaderBufferTests" name="ReadUntil_NoDataOnSecondReadFromStream_ReturnsDataFromFirstRead" />
    </UnitTest>
    <UnitTest name="ReadLine_KeepSeparator_ValidRecorsReturned" storage="f:\etwork\bin\tests\unittests.icore.runtime.dll" id="e47679f1-aa6a-3902-838c-1a6b5f337574">
      <TestCategory>
        <TestCategoryItem TestCategory="InFile" />
      </TestCategory>
      <Execution id="c430272f-1178-4480-9687-7a5c0ebd1d3b" />
      <TestMethod codeBase="F:\ETWork\bin\Tests\UnitTests.iCore.Runtime.dll" adapterTypeName="Microsoft.VisualStudio.TestTools.TestTypes.Unit.UnitTestAdapter" className="UnitTests.iCore.Runtime.Infile.RecordReaderBufferTests" name="ReadLine_KeepSeparator_ValidRecorsReturned" />
    </UnitTest>
    <UnitTest name="ReadLine_NoMoreData_ReturnsNull" storage="f:\etwork\bin\tests\unittests.icore.runtime.dll" id="b8181481-573a-9f98-be00-c727e1911de5">
      <TestCategory>
        <TestCategoryItem TestCategory="InFile" />
      </TestCategory>
      <Execution id="447b6f97-6829-45f4-9f78-ee28ff1b4f56" />
      <TestMethod codeBase="F:\ETWork\bin\Tests\UnitTests.iCore.Runtime.dll" adapterTypeName="Microsoft.VisualStudio.TestTools.TestTypes.Unit.UnitTestAdapter" className="UnitTests.iCore.Runtime.Infile.RecordReaderBufferTests" name="ReadLine_NoMoreData_ReturnsNull" />
    </UnitTest>
    <UnitTest name="ReadLine_LastRecordHasNoSeparator_ReturnsData" storage="f:\etwork\bin\tests\unittests.icore.runtime.dll" id="c13397aa-9702-d18c-d487-cb8fabba724a">
      <TestCategory>
        <TestCategoryItem TestCategory="InFile" />
      </TestCategory>
      <Execution id="c89b1599-17dc-4025-893e-d99cce0d95a3" />
      <TestMethod codeBase="F:\ETWork\bin\Tests\UnitTests.iCore.Runtime.dll" adapterTypeName="Microsoft.VisualStudio.TestTools.TestTypes.Unit.UnitTestAdapter" className="UnitTests.iCore.Runtime.Infile.RecordReaderBufferTests" name="ReadLine_LastRecordHasNoSeparator_ReturnsData" />
    </UnitTest>
    <UnitTest name="ReadLine_LastRecordHasHalfChar_ReturnsExpectedData" storage="f:\etwork\bin\tests\unittests.icore.runtime.dll" id="97bedf67-88cb-c0b7-0b16-316e175fcd88">
      <TestCategory>
        <TestCategoryItem TestCategory="InFile" />
      </TestCategory>
      <Execution id="0ce5d6b4-55d5-489d-8bcf-27fab4679f18" />
      <TestMethod codeBase="F:\ETWork\bin\Tests\UnitTests.iCore.Runtime.dll" adapterTypeName="Microsoft.VisualStudio.TestTools.TestTypes.Unit.UnitTestAdapter" className="UnitTests.iCore.Runtime.Infile.RecordReaderBufferTests" name="ReadLine_LastRecordHasHalfChar_ReturnsExpectedData" />
    </UnitTest>
    <UnitTest name="ReadLine_RemoveSeparatorSepIsCRLF_RetursDataWithoutSeparator" storage="f:\etwork\bin\tests\unittests.icore.runtime.dll" id="2fedcdae-1fd3-4f11-ca07-0451346ba813">
      <TestCategory>
        <TestCategoryItem TestCategory="InFile" />
      </TestCategory>
      <Execution id="39e82240-14de-43d7-ab16-2664028e10a8" />
      <TestMethod codeBase="F:\ETWork\bin\Tests\UnitTests.iCore.Runtime.dll" adapterTypeName="Microsoft.VisualStudio.TestTools.TestTypes.Unit.UnitTestAdapter" className="UnitTests.iCore.Runtime.Infile.RecordReaderBufferTests" name="ReadLine_RemoveSeparatorSepIsCRLF_RetursDataWithoutSeparator" />
    </UnitTest>
    <UnitTest name="ReadLine_RemoveSeparatorSepIsLF_RetursDataWithoutSeparator" storage="f:\etwork\bin\tests\unittests.icore.runtime.dll" id="b30156a1-bc2e-e7b0-5f62-fc7e5acbc3ba">
      <TestCategory>
        <TestCategoryItem TestCategory="InFile" />
      </TestCategory>
      <Execution id="2d07af7b-3bee-49ea-8350-e5525187769f" />
      <TestMethod codeBase="F:\ETWork\bin\Tests\UnitTests.iCore.Runtime.dll" adapterTypeName="Microsoft.VisualStudio.TestTools.TestTypes.Unit.UnitTestAdapter" className="UnitTests.iCore.Runtime.Infile.RecordReaderBufferTests" name="ReadLine_RemoveSeparatorSepIsLF_RetursDataWithoutSeparator" />
    </UnitTest>
    <UnitTest name="ReadLine_EmptyRecordRemoveSeparatorSepIsCRLF_ReturnsEmptyString" storage="f:\etwork\bin\tests\unittests.icore.runtime.dll" id="cc398a1a-0bed-39bc-7579-b66776428f73">
      <TestCategory>
        <TestCategoryItem TestCategory="InFile" />
      </TestCategory>
      <Execution id="a9709e48-81be-4367-b3d0-2d652f2b4122" />
      <TestMethod codeBase="F:\ETWork\bin\Tests\UnitTests.iCore.Runtime.dll" adapterTypeName="Microsoft.VisualStudio.TestTools.TestTypes.Unit.UnitTestAdapter" className="UnitTests.iCore.Runtime.Infile.RecordReaderBufferTests" name="ReadLine_EmptyRecordRemoveSeparatorSepIsCRLF_ReturnsEmptyString" />
    </UnitTest>
    <UnitTest name="ReadLine_EmptyRecordRemoveSeparatorSepIsLF_ReturnsEmptyString" storage="f:\etwork\bin\tests\unittests.icore.runtime.dll" id="840e415b-43df-a808-4053-fc47aabdb180">
      <TestCategory>
        <TestCategoryItem TestCategory="InFile" />
      </TestCategory>
      <Execution id="eb355764-0a64-4f87-9346-b6f8d74b73e0" />
      <TestMethod codeBase="F:\ETWork\bin\Tests\UnitTests.iCore.Runtime.dll" adapterTypeName="Microsoft.VisualStudio.TestTools.TestTypes.Unit.UnitTestAdapter" className="UnitTests.iCore.Runtime.Infile.RecordReaderBufferTests" name="ReadLine_EmptyRecordRemoveSeparatorSepIsLF_ReturnsEmptyString" />
    </UnitTest>
    <UnitTest name="ReadLine_EmptyRecordKeepSeparatorSepIsCRLF_ReturnsDataWithSeparatorOnly" storage="f:\etwork\bin\tests\unittests.icore.runtime.dll" id="0ddf0d8f-f305-2dcc-9582-2e62b2ea7bff">
      <TestCategory>
        <TestCategoryItem TestCategory="InFile" />
      </TestCategory>
      <Execution id="7361cf4c-9f51-4657-b29a-f752b5b0b0b4" />
      <TestMethod codeBase="F:\ETWork\bin\Tests\UnitTests.iCore.Runtime.dll" adapterTypeName="Microsoft.VisualStudio.TestTools.TestTypes.Unit.UnitTestAdapter" className="UnitTests.iCore.Runtime.Infile.RecordReaderBufferTests" name="ReadLine_EmptyRecordKeepSeparatorSepIsCRLF_ReturnsDataWithSeparatorOnly" />
    </UnitTest>
    <UnitTest name="ReadLine_SepInAnotherBufferReadKeepSeparatorSepIsCRLF_ReturnsDataWithSeparatorOnly" storage="f:\etwork\bin\tests\unittests.icore.runtime.dll" id="a639fd89-e6c8-1863-5003-0452785586d2">
      <TestCategory>
        <TestCategoryItem TestCategory="InFile" />
      </TestCategory>
      <Execution id="15a8edf0-2e47-4eda-9169-fcc15659fc7e" />
      <TestMethod codeBase="F:\ETWork\bin\Tests\UnitTests.iCore.Runtime.dll" adapterTypeName="Microsoft.VisualStudio.TestTools.TestTypes.Unit.UnitTestAdapter" className="UnitTests.iCore.Runtime.Infile.RecordReaderBufferTests" name="ReadLine_SepInAnotherBufferReadKeepSeparatorSepIsCRLF_ReturnsDataWithSeparatorOnly" />
    </UnitTest>
    <UnitTest name="CreateReader_SEPARATION_VARIABLE_ReturnsCorrectReader" storage="f:\etwork\bin\tests\unittests.icore.runtime.dll" id="188aac04-2378-359a-6897-1c65fc811818">
      <TestCategory>
        <TestCategoryItem TestCategory="InFile" />
      </TestCategory>
      <Execution id="5528be15-e8cf-44e6-9b2d-282518e6eca1" />
      <TestMethod codeBase="F:\ETWork\bin\Tests\UnitTests.iCore.Runtime.dll" adapterTypeName="Microsoft.VisualStudio.TestTools.TestTypes.Unit.UnitTestAdapter" className="UnitTests.iCore.Runtime.Infile.RecordReaderFactoryTests" name="CreateReader_SEPARATION_VARIABLE_ReturnsCorrectReader" />
    </UnitTest>
    <UnitTest name="CreateReader_SEPARATION_CRLF_ReturnsCorrectReader" storage="f:\etwork\bin\tests\unittests.icore.runtime.dll" id="8996bb47-b8e8-8292-82f4-2b6ba000de7d">
      <TestCategory>
        <TestCategoryItem TestCategory="InFile" />
      </TestCategory>
      <Execution id="0ee1d870-f2fe-40e7-9b20-8e790b0e8700" />
      <TestMethod codeBase="F:\ETWork\bin\Tests\UnitTests.iCore.Runtime.dll" adapterTypeName="Microsoft.VisualStudio.TestTools.TestTypes.Unit.UnitTestAdapter" className="UnitTests.iCore.Runtime.Infile.RecordReaderFactoryTests" name="CreateReader_SEPARATION_CRLF_ReturnsCorrectReader" />
    </UnitTest>
    <UnitTest name="CreateReader_SEPARATION_TAB_ReturnsCorrectReader" storage="f:\etwork\bin\tests\unittests.icore.runtime.dll" id="563a4427-92e3-4255-d1b4-33d3b66becd2">
      <TestCategory>
        <TestCategoryItem TestCategory="InFile" />
      </TestCategory>
      <Execution id="9039c837-1657-4c49-910a-e721c01efa08" />
      <TestMethod codeBase="F:\ETWork\bin\Tests\UnitTests.iCore.Runtime.dll" adapterTypeName="Microsoft.VisualStudio.TestTools.TestTypes.Unit.UnitTestAdapter" className="UnitTests.iCore.Runtime.Infile.RecordReaderFactoryTests" name="CreateReader_SEPARATION_TAB_ReturnsCorrectReader" />
    </UnitTest>
    <UnitTest name="CreateReader_SEPARATION_CHR_ReturnsCorrectReader" storage="f:\etwork\bin\tests\unittests.icore.runtime.dll" id="aa7d3d44-6acf-2386-eee5-bdbd5c074d31">
      <TestCategory>
        <TestCategoryItem TestCategory="InFile" />
      </TestCategory>
      <Execution id="0c64aeef-0319-4437-a7f3-6221802b9552" />
      <TestMethod codeBase="F:\ETWork\bin\Tests\UnitTests.iCore.Runtime.dll" adapterTypeName="Microsoft.VisualStudio.TestTools.TestTypes.Unit.UnitTestAdapter" className="UnitTests.iCore.Runtime.Infile.RecordReaderFactoryTests" name="CreateReader_SEPARATION_CHR_ReturnsCorrectReader" />
    </UnitTest>
    <UnitTest name="CreateReader_SEPARATION_MAXLENGTH_ReturnsCorrectReader" storage="f:\etwork\bin\tests\unittests.icore.runtime.dll" id="7d8dd691-41c4-3577-27e5-2fa0f475ad50">
      <TestCategory>
        <TestCategoryItem TestCategory="InFile" />
      </TestCategory>
      <Execution id="165f9562-ee80-40c8-a04c-50fc4b5fd5c0" />
      <TestMethod codeBase="F:\ETWork\bin\Tests\UnitTests.iCore.Runtime.dll" adapterTypeName="Microsoft.VisualStudio.TestTools.TestTypes.Unit.UnitTestAdapter" className="UnitTests.iCore.Runtime.Infile.RecordReaderFactoryTests" name="CreateReader_SEPARATION_MAXLENGTH_ReturnsCorrectReader" />
    </UnitTest>
    <UnitTest name="CreateReader_SEPARATION_FIXED_ReturnsCorrectReader" storage="f:\etwork\bin\tests\unittests.icore.runtime.dll" id="007d9bc8-1abc-bb51-be83-01e9ea4153cf">
      <TestCategory>
        <TestCategoryItem TestCategory="InFile" />
      </TestCategory>
      <Execution id="84652b8d-0d2d-459e-ad48-7d1d0d29aa7e" />
      <TestMethod codeBase="F:\ETWork\bin\Tests\UnitTests.iCore.Runtime.dll" adapterTypeName="Microsoft.VisualStudio.TestTools.TestTypes.Unit.UnitTestAdapter" className="UnitTests.iCore.Runtime.Infile.RecordReaderFactoryTests" name="CreateReader_SEPARATION_FIXED_ReturnsCorrectReader" />
    </UnitTest>
    <UnitTest name="CreateReader_InvalidSeparator_Throws" storage="f:\etwork\bin\tests\unittests.icore.runtime.dll" id="b7af2352-ad18-35d7-8e62-547a02ef5f24">
      <TestCategory>
        <TestCategoryItem TestCategory="InFile" />
      </TestCategory>
      <Execution id="50252a3e-c101-42b8-9b1d-55e0c95ef379" />
      <TestMethod codeBase="F:\ETWork\bin\Tests\UnitTests.iCore.Runtime.dll" adapterTypeName="Microsoft.VisualStudio.TestTools.TestTypes.Unit.UnitTestAdapter" className="UnitTests.iCore.Runtime.Infile.RecordReaderFactoryTests" name="CreateReader_InvalidSeparator_Throws" />
    </UnitTest>
    <UnitTest name="Encoding_PropertySet_RaisesCorrectEvent" storage="f:\etwork\bin\tests\unittests.icore.runtime.dll" id="0820acf8-2f2e-99a7-b90a-840db9909bf9">
      <TestCategory>
        <TestCategoryItem TestCategory="InFile" />
      </TestCategory>
      <Execution id="035cd211-3aa0-4d98-bba1-48aa9d06c8f0" />
      <TestMethod codeBase="F:\ETWork\bin\Tests\UnitTests.iCore.Runtime.dll" adapterTypeName="Microsoft.VisualStudio.TestTools.TestTypes.Unit.UnitTestAdapter" className="UnitTests.iCore.Runtime.Infile.RecordReaderConfigurationTests" name="Encoding_PropertySet_RaisesCorrectEvent" />
    </UnitTest>
    <UnitTest name="ReadAheadBufferSize_PropertySet_RaisesCorrectEvent" storage="f:\etwork\bin\tests\unittests.icore.runtime.dll" id="295cee6b-709e-cab7-0043-8364f381a576">
      <TestCategory>
        <TestCategoryItem TestCategory="InFile" />
      </TestCategory>
      <Execution id="05433edc-fea3-429b-8e82-1f3e810f31c4" />
      <TestMethod codeBase="F:\ETWork\bin\Tests\UnitTests.iCore.Runtime.dll" adapterTypeName="Microsoft.VisualStudio.TestTools.TestTypes.Unit.UnitTestAdapter" className="UnitTests.iCore.Runtime.Infile.RecordReaderConfigurationTests" name="ReadAheadBufferSize_PropertySet_RaisesCorrectEvent" />
    </UnitTest>
    <UnitTest name="RecordLengthStartPosition_PropertySet_RaisesCorrectEvent" storage="f:\etwork\bin\tests\unittests.icore.runtime.dll" id="0faf2467-d921-0f06-47b8-554f38a45f5d">
      <TestCategory>
        <TestCategoryItem TestCategory="InFile" />
      </TestCategory>
      <Execution id="4cb641c0-66ea-40f9-a291-58e1ca3c40bc" />
      <TestMethod codeBase="F:\ETWork\bin\Tests\UnitTests.iCore.Runtime.dll" adapterTypeName="Microsoft.VisualStudio.TestTools.TestTypes.Unit.UnitTestAdapter" className="UnitTests.iCore.Runtime.Infile.RecordReaderConfigurationTests" name="RecordLengthStartPosition_PropertySet_RaisesCorrectEvent" />
    </UnitTest>
    <UnitTest name="RecordLengthEndPosition_PropertySet_RaisesCorrectEvent" storage="f:\etwork\bin\tests\unittests.icore.runtime.dll" id="feea940c-d019-7a3d-535a-843f2a7d332a">
      <TestCategory>
        <TestCategoryItem TestCategory="InFile" />
      </TestCategory>
      <Execution id="5f2ccfa3-ffd4-4e77-b460-291856b65e0a" />
      <TestMethod codeBase="F:\ETWork\bin\Tests\UnitTests.iCore.Runtime.dll" adapterTypeName="Microsoft.VisualStudio.TestTools.TestTypes.Unit.UnitTestAdapter" className="UnitTests.iCore.Runtime.Infile.RecordReaderConfigurationTests" name="RecordLengthEndPosition_PropertySet_RaisesCorrectEvent" />
    </UnitTest>
    <UnitTest name="ConsumeReleaseCharacter_PropertySet_RaisesCorrectEvent" storage="f:\etwork\bin\tests\unittests.icore.runtime.dll" id="e480fe3f-69e5-9340-7e23-5cf5eb1cd18c">
      <TestCategory>
        <TestCategoryItem TestCategory="InFile" />
      </TestCategory>
      <Execution id="89c5023a-c5fd-46fc-8a9b-f1bd4aaf9b1b" />
      <TestMethod codeBase="F:\ETWork\bin\Tests\UnitTests.iCore.Runtime.dll" adapterTypeName="Microsoft.VisualStudio.TestTools.TestTypes.Unit.UnitTestAdapter" className="UnitTests.iCore.Runtime.Infile.RecordReaderConfigurationTests" name="ConsumeReleaseCharacter_PropertySet_RaisesCorrectEvent" />
    </UnitTest>
    <UnitTest name="FilterEmptyRecords_PropertySet_RaisesCorrectEvent" storage="f:\etwork\bin\tests\unittests.icore.runtime.dll" id="d8f20222-91a2-d43e-250f-0e703e3acac6">
      <TestCategory>
        <TestCategoryItem TestCategory="InFile" />
      </TestCategory>
      <Execution id="824450c6-795d-496d-8d50-e1ec441fa447" />
      <TestMethod codeBase="F:\ETWork\bin\Tests\UnitTests.iCore.Runtime.dll" adapterTypeName="Microsoft.VisualStudio.TestTools.TestTypes.Unit.UnitTestAdapter" className="UnitTests.iCore.Runtime.Infile.RecordReaderConfigurationTests" name="FilterEmptyRecords_PropertySet_RaisesCorrectEvent" />
    </UnitTest>
    <UnitTest name="RecordLength_PropertySet_RaisesCorrectEvent" storage="f:\etwork\bin\tests\unittests.icore.runtime.dll" id="6735ec6d-c643-2180-df0c-697ba66d2168">
      <TestCategory>
        <TestCategoryItem TestCategory="InFile" />
      </TestCategory>
      <Execution id="2e5783e0-74ce-4da6-bb67-0f4881bad5b7" />
      <TestMethod codeBase="F:\ETWork\bin\Tests\UnitTests.iCore.Runtime.dll" adapterTypeName="Microsoft.VisualStudio.TestTools.TestTypes.Unit.UnitTestAdapter" className="UnitTests.iCore.Runtime.Infile.RecordReaderConfigurationTests" name="RecordLength_PropertySet_RaisesCorrectEvent" />
    </UnitTest>
    <UnitTest name="ReleaseCharacter_PropertySet_RaisesCorrectEvent" storage="f:\etwork\bin\tests\unittests.icore.runtime.dll" id="7ce2e47a-e675-1f61-3081-6c66fad05114">
      <TestCategory>
        <TestCategoryItem TestCategory="InFile" />
      </TestCategory>
      <Execution id="14454b5e-fce4-4774-9ba1-a1752f1c20c4" />
      <TestMethod codeBase="F:\ETWork\bin\Tests\UnitTests.iCore.Runtime.dll" adapterTypeName="Microsoft.VisualStudio.TestTools.TestTypes.Unit.UnitTestAdapter" className="UnitTests.iCore.Runtime.Infile.RecordReaderConfigurationTests" name="ReleaseCharacter_PropertySet_RaisesCorrectEvent" />
    </UnitTest>
    <UnitTest name="KeepRecordSeparator_PropertySet_RaisesCorrectEvent" storage="f:\etwork\bin\tests\unittests.icore.runtime.dll" id="f25687d0-8624-df29-3352-ecd84ed76272">
      <TestCategory>
        <TestCategoryItem TestCategory="InFile" />
      </TestCategory>
      <Execution id="17787848-3761-4924-b77f-875fc7bea870" />
      <TestMethod codeBase="F:\ETWork\bin\Tests\UnitTests.iCore.Runtime.dll" adapterTypeName="Microsoft.VisualStudio.TestTools.TestTypes.Unit.UnitTestAdapter" className="UnitTests.iCore.Runtime.Infile.RecordReaderConfigurationTests" name="KeepRecordSeparator_PropertySet_RaisesCorrectEvent" />
    </UnitTest>
    <UnitTest name="AutoDetectEncoding_PropertySet_RaisesCorrectEvent" storage="f:\etwork\bin\tests\unittests.icore.runtime.dll" id="6cde2c40-bf50-66b9-8d27-63139a26db80">
      <TestCategory>
        <TestCategoryItem TestCategory="InFile" />
      </TestCategory>
      <Execution id="1b051a46-6bf0-4016-a24e-38bd2285035e" />
      <TestMethod codeBase="F:\ETWork\bin\Tests\UnitTests.iCore.Runtime.dll" adapterTypeName="Microsoft.VisualStudio.TestTools.TestTypes.Unit.UnitTestAdapter" className="UnitTests.iCore.Runtime.Infile.RecordReaderConfigurationTests" name="AutoDetectEncoding_PropertySet_RaisesCorrectEvent" />
    </UnitTest>
    <UnitTest name="RecordConfiguration_IsTabConfiguration_RecordSeparationIsTAB" storage="f:\etwork\bin\tests\unittests.icore.runtime.dll" id="e723fdad-080d-12fd-6d07-21108f8a89f2">
      <TestCategory>
        <TestCategoryItem TestCategory="InFile" />
      </TestCategory>
      <Execution id="1299037e-5a2d-46f8-8541-fc5e6458dff8" />
      <TestMethod codeBase="F:\ETWork\bin\Tests\UnitTests.iCore.Runtime.dll" adapterTypeName="Microsoft.VisualStudio.TestTools.TestTypes.Unit.UnitTestAdapter" className="UnitTests.iCore.Runtime.Infile.RecordReaderConfigurationTests" name="RecordConfiguration_IsTabConfiguration_RecordSeparationIsTAB" />
    </UnitTest>
    <UnitTest name="RecordConfiguration_IsLineConfiguration_RecordSeparationIsCRLF" storage="f:\etwork\bin\tests\unittests.icore.runtime.dll" id="a8789e40-e481-6de9-b115-199cb1f80418">
      <TestCategory>
        <TestCategoryItem TestCategory="InFile" />
      </TestCategory>
      <Execution id="a203b7be-dcca-4f6f-8db2-7c550ff9c900" />
      <TestMethod codeBase="F:\ETWork\bin\Tests\UnitTests.iCore.Runtime.dll" adapterTypeName="Microsoft.VisualStudio.TestTools.TestTypes.Unit.UnitTestAdapter" className="UnitTests.iCore.Runtime.Infile.RecordReaderConfigurationTests" name="RecordConfiguration_IsLineConfiguration_RecordSeparationIsCRLF" />
    </UnitTest>
    <UnitTest name="RecordConfiguration_IsMaxLengthConfiguration_RecordSeparationIsMAXLENGTH" storage="f:\etwork\bin\tests\unittests.icore.runtime.dll" id="f3a5b247-3b24-0ea7-7255-f041d6039c09">
      <TestCategory>
        <TestCategoryItem TestCategory="InFile" />
      </TestCategory>
      <Execution id="f75f501c-7968-41f7-ba08-f732fee0a8de" />
      <TestMethod codeBase="F:\ETWork\bin\Tests\UnitTests.iCore.Runtime.dll" adapterTypeName="Microsoft.VisualStudio.TestTools.TestTypes.Unit.UnitTestAdapter" className="UnitTests.iCore.Runtime.Infile.RecordReaderConfigurationTests" name="RecordConfiguration_IsMaxLengthConfiguration_RecordSeparationIsMAXLENGTH" />
    </UnitTest>
    <UnitTest name="RecordConfiguration_IsFixedLengthConfiguration_RecordSeparationIsFIXED" storage="f:\etwork\bin\tests\unittests.icore.runtime.dll" id="348fe9e9-00d1-15e5-0ddd-f947d8606790">
      <TestCategory>
        <TestCategoryItem TestCategory="InFile" />
      </TestCategory>
      <Execution id="d21efa58-1686-425e-9249-d200a47b93e5" />
      <TestMethod codeBase="F:\ETWork\bin\Tests\UnitTests.iCore.Runtime.dll" adapterTypeName="Microsoft.VisualStudio.TestTools.TestTypes.Unit.UnitTestAdapter" className="UnitTests.iCore.Runtime.Infile.RecordReaderConfigurationTests" name="RecordConfiguration_IsFixedLengthConfiguration_RecordSeparationIsFIXED" />
    </UnitTest>
    <UnitTest name="RecordConfiguration_IsVariableRecordLengthConfiguration_RecordSeparationIsVARIABLE" storage="f:\etwork\bin\tests\unittests.icore.runtime.dll" id="f3839716-0401-bbea-24a2-e63c88af283e">
      <TestCategory>
        <TestCategoryItem TestCategory="InFile" />
      </TestCategory>
      <Execution id="b397d880-6cec-4eeb-ae16-c3569bf123bb" />
      <TestMethod codeBase="F:\ETWork\bin\Tests\UnitTests.iCore.Runtime.dll" adapterTypeName="Microsoft.VisualStudio.TestTools.TestTypes.Unit.UnitTestAdapter" className="UnitTests.iCore.Runtime.Infile.RecordReaderConfigurationTests" name="RecordConfiguration_IsVariableRecordLengthConfiguration_RecordSeparationIsVARIABLE" />
    </UnitTest>
    <UnitTest name="RecordConfiguration_IsCharacterSeparatedConfiguration_RecordSeparationIsCHR" storage="f:\etwork\bin\tests\unittests.icore.runtime.dll" id="14eda4ab-e113-4b78-3194-c96624416e8d">
      <TestCategory>
        <TestCategoryItem TestCategory="InFile" />
      </TestCategory>
      <Execution id="547bd031-eb3d-4e8e-aadb-eed3feb2b530" />
      <TestMethod codeBase="F:\ETWork\bin\Tests\UnitTests.iCore.Runtime.dll" adapterTypeName="Microsoft.VisualStudio.TestTools.TestTypes.Unit.UnitTestAdapter" className="UnitTests.iCore.Runtime.Infile.RecordReaderConfigurationTests" name="RecordConfiguration_IsCharacterSeparatedConfiguration_RecordSeparationIsCHR" />
    </UnitTest>
    <UnitTest name="Constructor_DataIsNull_Throws" storage="f:\etwork\bin\tests\unittests.icore.runtime.dll" id="68edb6a3-c0c2-a992-9265-1a503182c8f2">
      <TestCategory>
        <TestCategoryItem TestCategory="InFile" />
      </TestCategory>
      <Execution id="1eb02ff5-7ce7-4770-83d9-09bcd8edb89e" />
      <TestMethod codeBase="F:\ETWork\bin\Tests\UnitTests.iCore.Runtime.dll" adapterTypeName="Microsoft.VisualStudio.TestTools.TestTypes.Unit.UnitTestAdapter" className="UnitTests.iCore.Runtime.Infile.MaxLengthRecordReaderTests" name="Constructor_DataIsNull_Throws" />
    </UnitTest>
    <UnitTest name="Constructor_ConfigurationIsNull_Throws" storage="f:\etwork\bin\tests\unittests.icore.runtime.dll" id="59c5f839-eb10-60b5-38de-ae5d4550d7fc">
      <TestCategory>
        <TestCategoryItem TestCategory="InFile" />
      </TestCategory>
      <Execution id="181b03ad-f976-46d7-b054-bf49d5477ac1" />
      <TestMethod codeBase="F:\ETWork\bin\Tests\UnitTests.iCore.Runtime.dll" adapterTypeName="Microsoft.VisualStudio.TestTools.TestTypes.Unit.UnitTestAdapter" className="UnitTests.iCore.Runtime.Infile.MaxLengthRecordReaderTests" name="Constructor_ConfigurationIsNull_Throws" />
    </UnitTest>
    <UnitTest name="Constructor_ConfigurationIsValid_Succeeds" storage="f:\etwork\bin\tests\unittests.icore.runtime.dll" id="4bca29c8-0b3c-ae5d-aadc-61033fd6fd4b">
      <TestCategory>
        <TestCategoryItem TestCategory="InFile" />
      </TestCategory>
      <Execution id="3982e5f7-e903-4248-9132-a54f4344a181" />
      <TestMethod codeBase="F:\ETWork\bin\Tests\UnitTests.iCore.Runtime.dll" adapterTypeName="Microsoft.VisualStudio.TestTools.TestTypes.Unit.UnitTestAdapter" className="UnitTests.iCore.Runtime.Infile.MaxLengthRecordReaderTests" name="Constructor_ConfigurationIsValid_Succeeds" />
    </UnitTest>
    <UnitTest name="ReadRecord_FirstRead_ReturnsFirstRecordInStream" storage="f:\etwork\bin\tests\unittests.icore.runtime.dll" id="1ba3b175-f6b5-3e8e-b84e-f239d1943b12">
      <TestCategory>
        <TestCategoryItem TestCategory="InFile" />
      </TestCategory>
      <Execution id="53ce7d02-ecbc-4cda-9e03-3410b057dd93" />
      <TestMethod codeBase="F:\ETWork\bin\Tests\UnitTests.iCore.Runtime.dll" adapterTypeName="Microsoft.VisualStudio.TestTools.TestTypes.Unit.UnitTestAdapter" className="UnitTests.iCore.Runtime.Infile.MaxLengthRecordReaderTests" name="ReadRecord_FirstRead_ReturnsFirstRecordInStream" />
    </UnitTest>
    <UnitTest name="ReadRecord_SecondRead_ReturnsSecondRecordInStream" storage="f:\etwork\bin\tests\unittests.icore.runtime.dll" id="3c15de3c-9eaa-150e-9bd0-bb36e87746ee">
      <TestCategory>
        <TestCategoryItem TestCategory="InFile" />
      </TestCategory>
      <Execution id="e4a17d9d-fb1b-42c2-bde9-a548bd2bc1dc" />
      <TestMethod codeBase="F:\ETWork\bin\Tests\UnitTests.iCore.Runtime.dll" adapterTypeName="Microsoft.VisualStudio.TestTools.TestTypes.Unit.UnitTestAdapter" className="UnitTests.iCore.Runtime.Infile.MaxLengthRecordReaderTests" name="ReadRecord_SecondRead_ReturnsSecondRecordInStream" />
    </UnitTest>
    <UnitTest name="ReadRecord_TenthRead_ReturnsTenthRecordInStream" storage="f:\etwork\bin\tests\unittests.icore.runtime.dll" id="29014d64-471a-0563-129e-4602a5966404">
      <TestCategory>
        <TestCategoryItem TestCategory="InFile" />
      </TestCategory>
      <Execution id="5fcedaaa-a556-46b0-85d9-7c2d6d0763af" />
      <TestMethod codeBase="F:\ETWork\bin\Tests\UnitTests.iCore.Runtime.dll" adapterTypeName="Microsoft.VisualStudio.TestTools.TestTypes.Unit.UnitTestAdapter" className="UnitTests.iCore.Runtime.Infile.MaxLengthRecordReaderTests" name="ReadRecord_TenthRead_ReturnsTenthRecordInStream" />
    </UnitTest>
    <UnitTest name="ReadRecord_LastRecordShorterThanRecordLength_ReturnsRecord" storage="f:\etwork\bin\tests\unittests.icore.runtime.dll" id="5480c5eb-94b4-ea10-ff3c-b9f3ab143876">
      <TestCategory>
        <TestCategoryItem TestCategory="InFile" />
      </TestCategory>
      <Execution id="719c7b60-528d-4333-96b4-b031aa64438b" />
      <TestMethod codeBase="F:\ETWork\bin\Tests\UnitTests.iCore.Runtime.dll" adapterTypeName="Microsoft.VisualStudio.TestTools.TestTypes.Unit.UnitTestAdapter" className="UnitTests.iCore.Runtime.Infile.MaxLengthRecordReaderTests" name="ReadRecord_LastRecordShorterThanRecordLength_ReturnsRecord" />
    </UnitTest>
    <UnitTest name="ReadRecord_ChangingRecordLengthToZeroAfterFirstRead_Throws" storage="f:\etwork\bin\tests\unittests.icore.runtime.dll" id="55e347be-6a81-140d-0988-eb00e8fa429d">
      <TestCategory>
        <TestCategoryItem TestCategory="InFile" />
      </TestCategory>
      <Execution id="93f8ee65-1295-4692-b611-fe5b41cb813c" />
      <TestMethod codeBase="F:\ETWork\bin\Tests\UnitTests.iCore.Runtime.dll" adapterTypeName="Microsoft.VisualStudio.TestTools.TestTypes.Unit.UnitTestAdapter" className="UnitTests.iCore.Runtime.Infile.MaxLengthRecordReaderTests" name="ReadRecord_ChangingRecordLengthToZeroAfterFirstRead_Throws" />
    </UnitTest>
    <UnitTest name="ReadRecord_NoMoreRecords_ReturnsNull" storage="f:\etwork\bin\tests\unittests.icore.runtime.dll" id="893edf9a-eddd-bf3b-15c3-29db41cf3c2b">
      <TestCategory>
        <TestCategoryItem TestCategory="InFile" />
      </TestCategory>
      <Execution id="d8ad5e72-0f27-414e-8b0f-d732dd761115" />
      <TestMethod codeBase="F:\ETWork\bin\Tests\UnitTests.iCore.Runtime.dll" adapterTypeName="Microsoft.VisualStudio.TestTools.TestTypes.Unit.UnitTestAdapter" className="UnitTests.iCore.Runtime.Infile.MaxLengthRecordReaderTests" name="ReadRecord_NoMoreRecords_ReturnsNull" />
    </UnitTest>
    <UnitTest name="ReadRecord_ReadAheadBufferSizeLargerThanData_Succeeds" storage="f:\etwork\bin\tests\unittests.icore.runtime.dll" id="d95e54de-0c31-404f-ee57-38e99d7c3c38">
      <TestCategory>
        <TestCategoryItem TestCategory="InFile" />
      </TestCategory>
      <Execution id="0a621181-b76a-45a0-8698-f3631505e39e" />
      <TestMethod codeBase="F:\ETWork\bin\Tests\UnitTests.iCore.Runtime.dll" adapterTypeName="Microsoft.VisualStudio.TestTools.TestTypes.Unit.UnitTestAdapter" className="UnitTests.iCore.Runtime.Infile.MaxLengthRecordReaderTests" name="ReadRecord_ReadAheadBufferSizeLargerThanData_Succeeds" />
    </UnitTest>
    <UnitTest name="ReadRecord_SetPositionToMiddleOfFirstRecordAfterFirstRead_DoesAffectResult" storage="f:\etwork\bin\tests\unittests.icore.runtime.dll" id="1be6afb8-f968-a989-eae8-6a0808a7e55f">
      <TestCategory>
        <TestCategoryItem TestCategory="InFile" />
      </TestCategory>
      <Execution id="78337d99-3726-4372-8669-e7a40016fa28" />
      <TestMethod codeBase="F:\ETWork\bin\Tests\UnitTests.iCore.Runtime.dll" adapterTypeName="Microsoft.VisualStudio.TestTools.TestTypes.Unit.UnitTestAdapter" className="UnitTests.iCore.Runtime.Infile.MaxLengthRecordReaderTests" name="ReadRecord_SetPositionToMiddleOfFirstRecordAfterFirstRead_DoesAffectResult" />
    </UnitTest>
    <UnitTest name="ReadRecord_StreamPositionIsLargerThanZeroAtStart_Succeeds" storage="f:\etwork\bin\tests\unittests.icore.runtime.dll" id="ce4561b8-e284-7e86-d2e2-c6002129d32f">
      <TestCategory>
        <TestCategoryItem TestCategory="InFile" />
      </TestCategory>
      <Execution id="6c18789d-c0ee-407c-8a5a-d94dd44e3275" />
      <TestMethod codeBase="F:\ETWork\bin\Tests\UnitTests.iCore.Runtime.dll" adapterTypeName="Microsoft.VisualStudio.TestTools.TestTypes.Unit.UnitTestAdapter" className="UnitTests.iCore.Runtime.Infile.MaxLengthRecordReaderTests" name="ReadRecord_StreamPositionIsLargerThanZeroAtStart_Succeeds" />
    </UnitTest>
    <UnitTest name="Dispose_StreamIsNotClosed" storage="f:\etwork\bin\tests\unittests.icore.runtime.dll" id="7e8c2862-a291-8bb0-763f-1c9380632c18">
      <TestCategory>
        <TestCategoryItem TestCategory="InFile" />
      </TestCategory>
      <Execution id="373b7adf-7ff1-49a7-81ca-98b4a4c8224b" />
      <TestMethod codeBase="F:\ETWork\bin\Tests\UnitTests.iCore.Runtime.dll" adapterTypeName="Microsoft.VisualStudio.TestTools.TestTypes.Unit.UnitTestAdapter" className="UnitTests.iCore.Runtime.Infile.MaxLengthRecordReaderTests" name="Dispose_StreamIsNotClosed" />
    </UnitTest>
    <UnitTest name="Constructor_DataIsNull_Throws" storage="f:\etwork\bin\tests\unittests.icore.runtime.dll" id="4b15d047-fd20-b5a0-8d84-16c1612a9ee4">
      <TestCategory>
        <TestCategoryItem TestCategory="InFile" />
      </TestCategory>
      <Execution id="c8bce0d2-ccb8-4bf0-9dbe-db88cc890af4" />
      <TestMethod codeBase="F:\ETWork\bin\Tests\UnitTests.iCore.Runtime.dll" adapterTypeName="Microsoft.VisualStudio.TestTools.TestTypes.Unit.UnitTestAdapter" className="UnitTests.iCore.Runtime.Infile.FixedLengthRecordReaderTests" name="Constructor_DataIsNull_Throws" />
    </UnitTest>
    <UnitTest name="Constructor_ConfigurationIsNull_Throws" storage="f:\etwork\bin\tests\unittests.icore.runtime.dll" id="5712cebd-11cd-a52c-3868-1cefd238d8d1">
      <TestCategory>
        <TestCategoryItem TestCategory="InFile" />
      </TestCategory>
      <Execution id="3ca19ab8-475b-45e2-8925-7b0dba61ba57" />
      <TestMethod codeBase="F:\ETWork\bin\Tests\UnitTests.iCore.Runtime.dll" adapterTypeName="Microsoft.VisualStudio.TestTools.TestTypes.Unit.UnitTestAdapter" className="UnitTests.iCore.Runtime.Infile.FixedLengthRecordReaderTests" name="Constructor_ConfigurationIsNull_Throws" />
    </UnitTest>
    <UnitTest name="ReadRecord_FirstRead_ReturnsFirstRecordInStream" storage="f:\etwork\bin\tests\unittests.icore.runtime.dll" id="6cf378f4-37fc-78a2-0156-bb80e014b168">
      <TestCategory>
        <TestCategoryItem TestCategory="InFile" />
      </TestCategory>
      <Execution id="f3d3b5f5-563e-46a7-aeb9-56bc32607c38" />
      <TestMethod codeBase="F:\ETWork\bin\Tests\UnitTests.iCore.Runtime.dll" adapterTypeName="Microsoft.VisualStudio.TestTools.TestTypes.Unit.UnitTestAdapter" className="UnitTests.iCore.Runtime.Infile.FixedLengthRecordReaderTests" name="ReadRecord_FirstRead_ReturnsFirstRecordInStream" />
    </UnitTest>
    <UnitTest name="ReadRecord_SecondRead_ReturnsSecondRecordInStream" storage="f:\etwork\bin\tests\unittests.icore.runtime.dll" id="8a4d5b95-e3d1-89b6-6fba-4d4e49b6be66">
      <TestCategory>
        <TestCategoryItem TestCategory="InFile" />
      </TestCategory>
      <Execution id="f3fbdf14-6a13-47ef-ab70-e54fa9588c57" />
      <TestMethod codeBase="F:\ETWork\bin\Tests\UnitTests.iCore.Runtime.dll" adapterTypeName="Microsoft.VisualStudio.TestTools.TestTypes.Unit.UnitTestAdapter" className="UnitTests.iCore.Runtime.Infile.FixedLengthRecordReaderTests" name="ReadRecord_SecondRead_ReturnsSecondRecordInStream" />
    </UnitTest>
    <UnitTest name="ReadRecord_TenthRead_ReturnsTenthRecordInStream" storage="f:\etwork\bin\tests\unittests.icore.runtime.dll" id="b20e0bc4-f6c5-f299-1492-2aaf603a8d30">
      <TestCategory>
        <TestCategoryItem TestCategory="InFile" />
      </TestCategory>
      <Execution id="e826df5b-c502-4f64-a4e4-eeb456b6ef5d" />
      <TestMethod codeBase="F:\ETWork\bin\Tests\UnitTests.iCore.Runtime.dll" adapterTypeName="Microsoft.VisualStudio.TestTools.TestTypes.Unit.UnitTestAdapter" className="UnitTests.iCore.Runtime.Infile.FixedLengthRecordReaderTests" name="ReadRecord_TenthRead_ReturnsTenthRecordInStream" />
    </UnitTest>
    <UnitTest name="ReadRecord_LastRecordShorterThanRecordLength_Throws" storage="f:\etwork\bin\tests\unittests.icore.runtime.dll" id="30e18ed7-778b-9e3b-ae60-8ea427a77ec1">
      <TestCategory>
        <TestCategoryItem TestCategory="InFile" />
      </TestCategory>
      <Execution id="07e83bf1-5827-4764-acfc-130ef920b34a" />
      <TestMethod codeBase="F:\ETWork\bin\Tests\UnitTests.iCore.Runtime.dll" adapterTypeName="Microsoft.VisualStudio.TestTools.TestTypes.Unit.UnitTestAdapter" className="UnitTests.iCore.Runtime.Infile.FixedLengthRecordReaderTests" name="ReadRecord_LastRecordShorterThanRecordLength_Throws" />
    </UnitTest>
    <UnitTest name="ReadRecord_ChangingRecordLengthToZeroAfterFirstRead_Throws" storage="f:\etwork\bin\tests\unittests.icore.runtime.dll" id="13d2c050-a2d4-5974-eb74-bdda254aae3b">
      <TestCategory>
        <TestCategoryItem TestCategory="InFile" />
      </TestCategory>
      <Execution id="a542bd04-d8c0-48c7-bb99-326b7ca4cd33" />
      <TestMethod codeBase="F:\ETWork\bin\Tests\UnitTests.iCore.Runtime.dll" adapterTypeName="Microsoft.VisualStudio.TestTools.TestTypes.Unit.UnitTestAdapter" className="UnitTests.iCore.Runtime.Infile.FixedLengthRecordReaderTests" name="ReadRecord_ChangingRecordLengthToZeroAfterFirstRead_Throws" />
    </UnitTest>
    <UnitTest name="ReadRecord_NoMoreRecords_ReturnsNull" storage="f:\etwork\bin\tests\unittests.icore.runtime.dll" id="f3ed40a6-70d9-91fd-bbd1-04e7afca10d5">
      <TestCategory>
        <TestCategoryItem TestCategory="InFile" />
      </TestCategory>
      <Execution id="4283c06c-ef5d-429b-a7ce-095bb951ef91" />
      <TestMethod codeBase="F:\ETWork\bin\Tests\UnitTests.iCore.Runtime.dll" adapterTypeName="Microsoft.VisualStudio.TestTools.TestTypes.Unit.UnitTestAdapter" className="UnitTests.iCore.Runtime.Infile.FixedLengthRecordReaderTests" name="ReadRecord_NoMoreRecords_ReturnsNull" />
    </UnitTest>
    <UnitTest name="ReadRecord_ReadAheadBufferSizeLargerThanData_Succeeds" storage="f:\etwork\bin\tests\unittests.icore.runtime.dll" id="8a1d86bc-a1aa-b671-31b6-a0f0814f9ccc">
      <TestCategory>
        <TestCategoryItem TestCategory="InFile" />
      </TestCategory>
      <Execution id="75b7469a-05a8-41a4-99e9-189734a5b9e1" />
      <TestMethod codeBase="F:\ETWork\bin\Tests\UnitTests.iCore.Runtime.dll" adapterTypeName="Microsoft.VisualStudio.TestTools.TestTypes.Unit.UnitTestAdapter" className="UnitTests.iCore.Runtime.Infile.FixedLengthRecordReaderTests" name="ReadRecord_ReadAheadBufferSizeLargerThanData_Succeeds" />
    </UnitTest>
    <UnitTest name="ReadRecord_SetPositionToMiddleOfFirstRecordAfterFirstRead_DoesAffectResult" storage="f:\etwork\bin\tests\unittests.icore.runtime.dll" id="2534ff9f-0383-f92f-66a9-f7939b01bc93">
      <TestCategory>
        <TestCategoryItem TestCategory="InFile" />
      </TestCategory>
      <Execution id="022eed73-1ffd-47db-9c0c-35a05a3c4a34" />
      <TestMethod codeBase="F:\ETWork\bin\Tests\UnitTests.iCore.Runtime.dll" adapterTypeName="Microsoft.VisualStudio.TestTools.TestTypes.Unit.UnitTestAdapter" className="UnitTests.iCore.Runtime.Infile.FixedLengthRecordReaderTests" name="ReadRecord_SetPositionToMiddleOfFirstRecordAfterFirstRead_DoesAffectResult" />
    </UnitTest>
    <UnitTest name="ReadRecord_StreamPositionIsLargerThanZeroAtStart_Succeeds" storage="f:\etwork\bin\tests\unittests.icore.runtime.dll" id="b5527a09-e251-e496-ba64-760360da4d2e">
      <TestCategory>
        <TestCategoryItem TestCategory="InFile" />
      </TestCategory>
      <Execution id="97cd9ec1-b8da-4297-9e52-4965d8949f4f" />
      <TestMethod codeBase="F:\ETWork\bin\Tests\UnitTests.iCore.Runtime.dll" adapterTypeName="Microsoft.VisualStudio.TestTools.TestTypes.Unit.UnitTestAdapter" className="UnitTests.iCore.Runtime.Infile.FixedLengthRecordReaderTests" name="ReadRecord_StreamPositionIsLargerThanZeroAtStart_Succeeds" />
    </UnitTest>
    <UnitTest name="Dispose_StreamIsNotClosed" storage="f:\etwork\bin\tests\unittests.icore.runtime.dll" id="7973a6db-4608-245a-df79-c6669de02605">
      <TestCategory>
        <TestCategoryItem TestCategory="InFile" />
      </TestCategory>
      <Execution id="acd67775-fb6e-42e5-b2cf-a16b212e4640" />
      <TestMethod codeBase="F:\ETWork\bin\Tests\UnitTests.iCore.Runtime.dll" adapterTypeName="Microsoft.VisualStudio.TestTools.TestTypes.Unit.UnitTestAdapter" className="UnitTests.iCore.Runtime.Infile.FixedLengthRecordReaderTests" name="Dispose_StreamIsNotClosed" />
    </UnitTest>
    <UnitTest name="Constructor_DataIsNull_Throws" storage="f:\etwork\bin\tests\unittests.icore.runtime.dll" id="462b61f4-74e1-1e28-0dcb-59220eacedf9">
      <TestCategory>
        <TestCategoryItem TestCategory="InFile" />
      </TestCategory>
      <Execution id="1f6e02f9-98b3-409d-804a-2601525ca8a4" />
      <TestMethod codeBase="F:\ETWork\bin\Tests\UnitTests.iCore.Runtime.dll" adapterTypeName="Microsoft.VisualStudio.TestTools.TestTypes.Unit.UnitTestAdapter" className="UnitTests.iCore.Runtime.Infile.TabSeparatedRecordReaderTests" name="Constructor_DataIsNull_Throws" />
    </UnitTest>
    <UnitTest name="Constructor_ConfigurationIsNull_Throws" storage="f:\etwork\bin\tests\unittests.icore.runtime.dll" id="a2a46954-9d69-113f-78fb-dbe84cabc87f">
      <TestCategory>
        <TestCategoryItem TestCategory="InFile" />
      </TestCategory>
      <Execution id="ced903b5-8a2b-479b-b93d-45c28f56ec93" />
      <TestMethod codeBase="F:\ETWork\bin\Tests\UnitTests.iCore.Runtime.dll" adapterTypeName="Microsoft.VisualStudio.TestTools.TestTypes.Unit.UnitTestAdapter" className="UnitTests.iCore.Runtime.Infile.TabSeparatedRecordReaderTests" name="Constructor_ConfigurationIsNull_Throws" />
    </UnitTest>
    <UnitTest name="Constructor_ValidArgs_Success" storage="f:\etwork\bin\tests\unittests.icore.runtime.dll" id="8cf15049-d8f5-87cd-2704-3bee3466282a">
      <TestCategory>
        <TestCategoryItem TestCategory="InFile" />
      </TestCategory>
      <Execution id="f25be8a0-2d51-4bb1-8f98-d2ee64ff0a80" />
      <TestMethod codeBase="F:\ETWork\bin\Tests\UnitTests.iCore.Runtime.dll" adapterTypeName="Microsoft.VisualStudio.TestTools.TestTypes.Unit.UnitTestAdapter" className="UnitTests.iCore.Runtime.Infile.TabSeparatedRecordReaderTests" name="Constructor_ValidArgs_Success" />
    </UnitTest>
    <UnitTest name="ImplementsExpectedInterfaces" storage="f:\etwork\bin\tests\unittests.icore.runtime.dll" id="d564fe42-6ac2-c7ac-0ed5-d30696b45876">
      <TestCategory>
        <TestCategoryItem TestCategory="InFile" />
      </TestCategory>
      <Execution id="d6d13b76-823a-4d95-9413-91a86460589d" />
      <TestMethod codeBase="F:\ETWork\bin\Tests\UnitTests.iCore.Runtime.dll" adapterTypeName="Microsoft.VisualStudio.TestTools.TestTypes.Unit.UnitTestAdapter" className="UnitTests.iCore.Runtime.Infile.TabSeparatedRecordReaderTests" name="ImplementsExpectedInterfaces" />
    </UnitTest>
    <UnitTest name="Dispose_DoesNotCloseStream" storage="f:\etwork\bin\tests\unittests.icore.runtime.dll" id="3256d27c-27dd-a934-2c32-f41aac14d98f">
      <TestCategory>
        <TestCategoryItem TestCategory="InFile" />
      </TestCategory>
      <Execution id="6ef1fe43-229d-4d5b-ae48-f1b65cb7337f" />
      <TestMethod codeBase="F:\ETWork\bin\Tests\UnitTests.iCore.Runtime.dll" adapterTypeName="Microsoft.VisualStudio.TestTools.TestTypes.Unit.UnitTestAdapter" className="UnitTests.iCore.Runtime.Infile.TabSeparatedRecordReaderTests" name="Dispose_DoesNotCloseStream" />
    </UnitTest>
    <UnitTest name="Close_DoesNotCloseStream" storage="f:\etwork\bin\tests\unittests.icore.runtime.dll" id="fdc629ae-295d-5393-374e-a46ba09260da">
      <TestCategory>
        <TestCategoryItem TestCategory="InFile" />
      </TestCategory>
      <Execution id="49d93279-256b-41e8-83cd-f31f0def13fe" />
      <TestMethod codeBase="F:\ETWork\bin\Tests\UnitTests.iCore.Runtime.dll" adapterTypeName="Microsoft.VisualStudio.TestTools.TestTypes.Unit.UnitTestAdapter" className="UnitTests.iCore.Runtime.Infile.TabSeparatedRecordReaderTests" name="Close_DoesNotCloseStream" />
    </UnitTest>
    <UnitTest name="ReadRecord_NoIndata_ReturnsNull" storage="f:\etwork\bin\tests\unittests.icore.runtime.dll" id="f3c51439-6109-9dd5-b740-af6f720d2b71">
      <TestCategory>
        <TestCategoryItem TestCategory="InFile" />
      </TestCategory>
      <Execution id="d97a68f1-d477-49e4-88ae-8f55affff27f" />
      <TestMethod codeBase="F:\ETWork\bin\Tests\UnitTests.iCore.Runtime.dll" adapterTypeName="Microsoft.VisualStudio.TestTools.TestTypes.Unit.UnitTestAdapter" className="UnitTests.iCore.Runtime.Infile.TabSeparatedRecordReaderTests" name="ReadRecord_NoIndata_ReturnsNull" />
    </UnitTest>
    <UnitTest name="ReadRecord_RecordEndsWithSepAndKeepRecordSeparatorIsTrue_RecordSeparatorKept" storage="f:\etwork\bin\tests\unittests.icore.runtime.dll" id="4de499cd-aa35-0489-1675-b88c6d1e11eb">
      <TestCategory>
        <TestCategoryItem TestCategory="InFile" />
      </TestCategory>
      <Execution id="73398f69-b60a-4bd0-a23c-2f1206114976" />
      <TestMethod codeBase="F:\ETWork\bin\Tests\UnitTests.iCore.Runtime.dll" adapterTypeName="Microsoft.VisualStudio.TestTools.TestTypes.Unit.UnitTestAdapter" className="UnitTests.iCore.Runtime.Infile.TabSeparatedRecordReaderTests" name="ReadRecord_RecordEndsWithSepAndKeepRecordSeparatorIsTrue_RecordSeparatorKept" />
    </UnitTest>
    <UnitTest name="ReadRecord_RecordEndsWithSepAndKeepRecordSeparatorIsFalse_RecordSeparatorNotKept" storage="f:\etwork\bin\tests\unittests.icore.runtime.dll" id="9e29d60b-b14e-0952-27eb-9bbd56795a21">
      <TestCategory>
        <TestCategoryItem TestCategory="InFile" />
      </TestCategory>
      <Execution id="f121cb43-ddbd-4508-870f-3b805871930b" />
      <TestMethod codeBase="F:\ETWork\bin\Tests\UnitTests.iCore.Runtime.dll" adapterTypeName="Microsoft.VisualStudio.TestTools.TestTypes.Unit.UnitTestAdapter" className="UnitTests.iCore.Runtime.Infile.TabSeparatedRecordReaderTests" name="ReadRecord_RecordEndsWithSepAndKeepRecordSeparatorIsFalse_RecordSeparatorNotKept" />
    </UnitTest>
    <UnitTest name="ReadRecord_LastRecordDoesNotEndWithSep_ReturnsExpectedRecords" storage="f:\etwork\bin\tests\unittests.icore.runtime.dll" id="05dbfaf5-bacb-3838-442d-830ad3c0915f">
      <TestCategory>
        <TestCategoryItem TestCategory="InFile" />
      </TestCategory>
      <Execution id="9a0e407f-dae2-4857-8443-3c8f2ddab402" />
      <TestMethod codeBase="F:\ETWork\bin\Tests\UnitTests.iCore.Runtime.dll" adapterTypeName="Microsoft.VisualStudio.TestTools.TestTypes.Unit.UnitTestAdapter" className="UnitTests.iCore.Runtime.Infile.TabSeparatedRecordReaderTests" name="ReadRecord_LastRecordDoesNotEndWithSep_ReturnsExpectedRecords" />
    </UnitTest>
    <UnitTest name="ReadRecord_EmptyRecordsAndFilterEmptyRecordsIsTrue_ReturnsExpectedRecords" storage="f:\etwork\bin\tests\unittests.icore.runtime.dll" id="4ef59d07-7847-5c56-a333-fde4001123d6">
      <TestCategory>
        <TestCategoryItem TestCategory="InFile" />
      </TestCategory>
      <Execution id="43a7e261-279a-43b4-ad21-bac53109e497" />
      <TestMethod codeBase="F:\ETWork\bin\Tests\UnitTests.iCore.Runtime.dll" adapterTypeName="Microsoft.VisualStudio.TestTools.TestTypes.Unit.UnitTestAdapter" className="UnitTests.iCore.Runtime.Infile.TabSeparatedRecordReaderTests" name="ReadRecord_EmptyRecordsAndFilterEmptyRecordsIsTrue_ReturnsExpectedRecords" />
    </UnitTest>
    <UnitTest name="ReadRecord_EmptyRecordsAndFilterEmptyRecordsIsFalse_ReturnsExpectedRecords" storage="f:\etwork\bin\tests\unittests.icore.runtime.dll" id="7f7c0eea-8718-b9da-4e71-0a4faac6ea34">
      <TestCategory>
        <TestCategoryItem TestCategory="InFile" />
      </TestCategory>
      <Execution id="d70f30b3-25a6-4131-91ea-4adbb82f8dae" />
      <TestMethod codeBase="F:\ETWork\bin\Tests\UnitTests.iCore.Runtime.dll" adapterTypeName="Microsoft.VisualStudio.TestTools.TestTypes.Unit.UnitTestAdapter" className="UnitTests.iCore.Runtime.Infile.TabSeparatedRecordReaderTests" name="ReadRecord_EmptyRecordsAndFilterEmptyRecordsIsFalse_ReturnsExpectedRecords" />
    </UnitTest>
    <UnitTest name="ReadRecord_NoMoreRecords_ReturnsNull" storage="f:\etwork\bin\tests\unittests.icore.runtime.dll" id="6f95584f-0412-2527-6a16-3542045b71b4">
      <TestCategory>
        <TestCategoryItem TestCategory="InFile" />
      </TestCategory>
      <Execution id="1c3e7549-9721-40c9-8b2a-e86abe90da29" />
      <TestMethod codeBase="F:\ETWork\bin\Tests\UnitTests.iCore.Runtime.dll" adapterTypeName="Microsoft.VisualStudio.TestTools.TestTypes.Unit.UnitTestAdapter" className="UnitTests.iCore.Runtime.Infile.TabSeparatedRecordReaderTests" name="ReadRecord_NoMoreRecords_ReturnsNull" />
    </UnitTest>
    <UnitTest name="ReadRecord_Unicode_ReturnsExpectedRecords" storage="f:\etwork\bin\tests\unittests.icore.runtime.dll" id="0e291f5b-638a-ef4d-5602-a3c180bc9642">
      <TestCategory>
        <TestCategoryItem TestCategory="InFile" />
      </TestCategory>
      <Execution id="aa7d4130-822a-43a7-9b67-7c876928e9bc" />
      <TestMethod codeBase="F:\ETWork\bin\Tests\UnitTests.iCore.Runtime.dll" adapterTypeName="Microsoft.VisualStudio.TestTools.TestTypes.Unit.UnitTestAdapter" className="UnitTests.iCore.Runtime.Infile.TabSeparatedRecordReaderTests" name="ReadRecord_Unicode_ReturnsExpectedRecords" />
    </UnitTest>
    <UnitTest name="ReadRecord_EncodingSwitchedBetweenRecords_ReturnsExpectedRecords" storage="f:\etwork\bin\tests\unittests.icore.runtime.dll" id="f4984a84-4740-290a-0334-a53e8cccfd89">
      <TestCategory>
        <TestCategoryItem TestCategory="InFile" />
      </TestCategory>
      <Execution id="b2fa143a-e134-41ca-8c79-abeaf8ce8d21" />
      <TestMethod codeBase="F:\ETWork\bin\Tests\UnitTests.iCore.Runtime.dll" adapterTypeName="Microsoft.VisualStudio.TestTools.TestTypes.Unit.UnitTestAdapter" className="UnitTests.iCore.Runtime.Infile.TabSeparatedRecordReaderTests" name="ReadRecord_EncodingSwitchedBetweenRecords_ReturnsExpectedRecords" />
    </UnitTest>
    <UnitTest name="ReadRecord_ConsumeReleaseCharactersIsConsumeAll_ExpectedRecordReturned" storage="f:\etwork\bin\tests\unittests.icore.runtime.dll" id="cbfc7ebd-8ae2-fb4e-4668-88930c23ea8f">
      <TestCategory>
        <TestCategoryItem TestCategory="InFile" />
      </TestCategory>
      <Execution id="bb6d9096-5a04-4a38-aa47-24f33663aabc" />
      <TestMethod codeBase="F:\ETWork\bin\Tests\UnitTests.iCore.Runtime.dll" adapterTypeName="Microsoft.VisualStudio.TestTools.TestTypes.Unit.UnitTestAdapter" className="UnitTests.iCore.Runtime.Infile.TabSeparatedRecordReaderTests" name="ReadRecord_ConsumeReleaseCharactersIsConsumeAll_ExpectedRecordReturned" />
    </UnitTest>
    <UnitTest name="ReadRecord_ConsumeReleaseCharactersIsConsumeReserved_ExpectedRecordReturned" storage="f:\etwork\bin\tests\unittests.icore.runtime.dll" id="5a9511de-2274-5567-a38f-d539315f2104">
      <TestCategory>
        <TestCategoryItem TestCategory="InFile" />
      </TestCategory>
      <Execution id="a56c6607-a766-4e26-bbb7-2a63b0dd8d5c" />
      <TestMethod codeBase="F:\ETWork\bin\Tests\UnitTests.iCore.Runtime.dll" adapterTypeName="Microsoft.VisualStudio.TestTools.TestTypes.Unit.UnitTestAdapter" className="UnitTests.iCore.Runtime.Infile.TabSeparatedRecordReaderTests" name="ReadRecord_ConsumeReleaseCharactersIsConsumeReserved_ExpectedRecordReturned" />
    </UnitTest>
    <UnitTest name="StartPositionOfLastRecord_NoRecordsRead_ReturnsMinusOne" storage="f:\etwork\bin\tests\unittests.icore.runtime.dll" id="c938d5a4-0a3c-16e1-1da3-33c60fb017e4">
      <TestCategory>
        <TestCategoryItem TestCategory="InFile" />
      </TestCategory>
      <Execution id="362d6b52-dd97-46a6-ae00-6c8f2856a323" />
      <TestMethod codeBase="F:\ETWork\bin\Tests\UnitTests.iCore.Runtime.dll" adapterTypeName="Microsoft.VisualStudio.TestTools.TestTypes.Unit.UnitTestAdapter" className="UnitTests.iCore.Runtime.Infile.TabSeparatedRecordReaderTests" name="StartPositionOfLastRecord_NoRecordsRead_ReturnsMinusOne" />
    </UnitTest>
    <UnitTest name="StartPositionOfLastRecord_OneRecordRead_ReturnsZero" storage="f:\etwork\bin\tests\unittests.icore.runtime.dll" id="b783e15d-b8de-d3a3-d467-bea115711f1e">
      <TestCategory>
        <TestCategoryItem TestCategory="InFile" />
      </TestCategory>
      <Execution id="201a6091-6b4c-4fcf-bbcb-0656f30094f2" />
      <TestMethod codeBase="F:\ETWork\bin\Tests\UnitTests.iCore.Runtime.dll" adapterTypeName="Microsoft.VisualStudio.TestTools.TestTypes.Unit.UnitTestAdapter" className="UnitTests.iCore.Runtime.Infile.TabSeparatedRecordReaderTests" name="StartPositionOfLastRecord_OneRecordRead_ReturnsZero" />
    </UnitTest>
    <UnitTest name="StartPositionOfLastRecord_TwoRecordsRead_ReturnsStartPositionOfSecondRecord" storage="f:\etwork\bin\tests\unittests.icore.runtime.dll" id="0d2070aa-882b-8821-fdfc-6b3e1cd526a5">
      <TestCategory>
        <TestCategoryItem TestCategory="InFile" />
      </TestCategory>
      <Execution id="6e6839d3-584a-4343-b140-9eff3bb08906" />
      <TestMethod codeBase="F:\ETWork\bin\Tests\UnitTests.iCore.Runtime.dll" adapterTypeName="Microsoft.VisualStudio.TestTools.TestTypes.Unit.UnitTestAdapter" className="UnitTests.iCore.Runtime.Infile.TabSeparatedRecordReaderTests" name="StartPositionOfLastRecord_TwoRecordsRead_ReturnsStartPositionOfSecondRecord" />
    </UnitTest>
    <UnitTest name="SetPosition_PositionChanged_ReturnsExpectedRecord" storage="f:\etwork\bin\tests\unittests.icore.runtime.dll" id="55672007-1197-86a1-c129-921eb7ad77ca">
      <TestCategory>
        <TestCategoryItem TestCategory="InFile" />
      </TestCategory>
      <Execution id="1682101b-7598-4c07-8c47-8d1049d61f91" />
      <TestMethod codeBase="F:\ETWork\bin\Tests\UnitTests.iCore.Runtime.dll" adapterTypeName="Microsoft.VisualStudio.TestTools.TestTypes.Unit.UnitTestAdapter" className="UnitTests.iCore.Runtime.Infile.TabSeparatedRecordReaderTests" name="SetPosition_PositionChanged_ReturnsExpectedRecord" />
    </UnitTest>
    <UnitTest name="SetPosition_InvalidValue_Throws" storage="f:\etwork\bin\tests\unittests.icore.runtime.dll" id="8d96d6ba-997f-e1b4-422b-256ef6e4fb7f">
      <TestCategory>
        <TestCategoryItem TestCategory="InFile" />
      </TestCategory>
      <Execution id="abe41b3a-9789-420f-8233-53acbde323b6" />
      <TestMethod codeBase="F:\ETWork\bin\Tests\UnitTests.iCore.Runtime.dll" adapterTypeName="Microsoft.VisualStudio.TestTools.TestTypes.Unit.UnitTestAdapter" className="UnitTests.iCore.Runtime.Infile.TabSeparatedRecordReaderTests" name="SetPosition_InvalidValue_Throws" />
    </UnitTest>
    <UnitTest name="Dispose_DoesNotCloseStream" storage="f:\etwork\bin\tests\unittests.icore.runtime.dll" id="cdddecb0-e454-d589-d95b-4dbbfaf991a1">
      <TestCategory>
        <TestCategoryItem TestCategory="InFile" />
      </TestCategory>
      <Execution id="ec51742c-7073-46b3-8fce-27c8702c904b" />
      <TestMethod codeBase="F:\ETWork\bin\Tests\UnitTests.iCore.Runtime.dll" adapterTypeName="Microsoft.VisualStudio.TestTools.TestTypes.Unit.UnitTestAdapter" className="UnitTests.iCore.Runtime.Infile.VariableRecordLengthRecordReaderTests" name="Dispose_DoesNotCloseStream" />
    </UnitTest>
    <UnitTest name="ReadRecord_NoIndata_ReturnsNull" storage="f:\etwork\bin\tests\unittests.icore.runtime.dll" id="32b16d8d-629e-6c4d-568f-c924956be0a4">
      <TestCategory>
        <TestCategoryItem TestCategory="InFile" />
      </TestCategory>
      <Execution id="29e66ce6-8171-493a-9c7a-5ed29e3b36b0" />
      <TestMethod codeBase="F:\ETWork\bin\Tests\UnitTests.iCore.Runtime.dll" adapterTypeName="Microsoft.VisualStudio.TestTools.TestTypes.Unit.UnitTestAdapter" className="UnitTests.iCore.Runtime.Infile.VariableRecordLengthRecordReaderTests" name="ReadRecord_NoIndata_ReturnsNull" />
    </UnitTest>
    <UnitTest name="ReadRecord_InvalidDataAtRecLengthPos_Throws" storage="f:\etwork\bin\tests\unittests.icore.runtime.dll" id="509c4524-c062-4172-9236-85031a3bd5ed">
      <TestCategory>
        <TestCategoryItem TestCategory="InFile" />
      </TestCategory>
      <Execution id="c2a55609-d70c-4563-bee6-92fdf811c5bf" />
      <TestMethod codeBase="F:\ETWork\bin\Tests\UnitTests.iCore.Runtime.dll" adapterTypeName="Microsoft.VisualStudio.TestTools.TestTypes.Unit.UnitTestAdapter" className="UnitTests.iCore.Runtime.Infile.VariableRecordLengthRecordReaderTests" name="ReadRecord_InvalidDataAtRecLengthPos_Throws" />
    </UnitTest>
    <UnitTest name="ReadRecord_NegativeRecLength_Throws" storage="f:\etwork\bin\tests\unittests.icore.runtime.dll" id="a6e559d8-7980-b562-b63a-5bc53cb4c3c8">
      <TestCategory>
        <TestCategoryItem TestCategory="InFile" />
      </TestCategory>
      <Execution id="fc809dcd-9254-48dc-902c-12a2e1b2a7dd" />
      <TestMethod codeBase="F:\ETWork\bin\Tests\UnitTests.iCore.Runtime.dll" adapterTypeName="Microsoft.VisualStudio.TestTools.TestTypes.Unit.UnitTestAdapter" className="UnitTests.iCore.Runtime.Infile.VariableRecordLengthRecordReaderTests" name="ReadRecord_NegativeRecLength_Throws" />
    </UnitTest>
    <UnitTest name="ReadRecord_RecordLengthNotInBeginning_ReturnsExpectedRecord" storage="f:\etwork\bin\tests\unittests.icore.runtime.dll" id="144ecd4b-e196-04de-677b-1b5473c6cb69">
      <TestCategory>
        <TestCategoryItem TestCategory="InFile" />
      </TestCategory>
      <Execution id="c0dc48a2-d50d-46ab-8373-cf13d9588608" />
      <TestMethod codeBase="F:\ETWork\bin\Tests\UnitTests.iCore.Runtime.dll" adapterTypeName="Microsoft.VisualStudio.TestTools.TestTypes.Unit.UnitTestAdapter" className="UnitTests.iCore.Runtime.Infile.VariableRecordLengthRecordReaderTests" name="ReadRecord_RecordLengthNotInBeginning_ReturnsExpectedRecord" />
    </UnitTest>
    <UnitTest name="ReadRecord_KeepRecordSeparatorTrue_ReturnsExpectedRecord" storage="f:\etwork\bin\tests\unittests.icore.runtime.dll" id="d26ca062-0c07-f10c-b7ba-1da559e7a1f7">
      <TestCategory>
        <TestCategoryItem TestCategory="InFile" />
      </TestCategory>
      <Execution id="30298d7e-8d8f-4f6e-9c52-49b2ff41d18e" />
      <TestMethod codeBase="F:\ETWork\bin\Tests\UnitTests.iCore.Runtime.dll" adapterTypeName="Microsoft.VisualStudio.TestTools.TestTypes.Unit.UnitTestAdapter" className="UnitTests.iCore.Runtime.Infile.VariableRecordLengthRecordReaderTests" name="ReadRecord_KeepRecordSeparatorTrue_ReturnsExpectedRecord" />
    </UnitTest>
    <UnitTest name="ReadRecord_KeepRecordSeparatorFalse_ReturnsExpectedRecord" storage="f:\etwork\bin\tests\unittests.icore.runtime.dll" id="03d959ff-4c1f-bbf3-501a-805716ba6cd3">
      <TestCategory>
        <TestCategoryItem TestCategory="InFile" />
      </TestCategory>
      <Execution id="73433147-feec-4b04-a59d-7a0de5b5e197" />
      <TestMethod codeBase="F:\ETWork\bin\Tests\UnitTests.iCore.Runtime.dll" adapterTypeName="Microsoft.VisualStudio.TestTools.TestTypes.Unit.UnitTestAdapter" className="UnitTests.iCore.Runtime.Infile.VariableRecordLengthRecordReaderTests" name="ReadRecord_KeepRecordSeparatorFalse_ReturnsExpectedRecord" />
    </UnitTest>
    <UnitTest name="ReadRecord_Unicode_ReturnsExpectedRecord" storage="f:\etwork\bin\tests\unittests.icore.runtime.dll" id="fb7e3466-ce3d-aff6-c25f-b7b7bf37c03e">
      <TestCategory>
        <TestCategoryItem TestCategory="InFile" />
      </TestCategory>
      <Execution id="f5ade475-8e8b-46d7-88dd-1eac7c373786" />
      <TestMethod codeBase="F:\ETWork\bin\Tests\UnitTests.iCore.Runtime.dll" adapterTypeName="Microsoft.VisualStudio.TestTools.TestTypes.Unit.UnitTestAdapter" className="UnitTests.iCore.Runtime.Infile.VariableRecordLengthRecordReaderTests" name="ReadRecord_Unicode_ReturnsExpectedRecord" />
    </UnitTest>
    <UnitTest name="ReadRecord_NotEnoughData_Throws" storage="f:\etwork\bin\tests\unittests.icore.runtime.dll" id="7cb261fa-f928-042e-b323-91ac5dfd2ae1">
      <TestCategory>
        <TestCategoryItem TestCategory="InFile" />
      </TestCategory>
      <Execution id="ee3203c1-e731-4a17-84da-d462a4e47591" />
      <TestMethod codeBase="F:\ETWork\bin\Tests\UnitTests.iCore.Runtime.dll" adapterTypeName="Microsoft.VisualStudio.TestTools.TestTypes.Unit.UnitTestAdapter" className="UnitTests.iCore.Runtime.Infile.VariableRecordLengthRecordReaderTests" name="ReadRecord_NotEnoughData_Throws" />
    </UnitTest>
    <UnitTest name="ReadRecord_MultipleReadRecord_ReturnsExpectedRecords" storage="f:\etwork\bin\tests\unittests.icore.runtime.dll" id="68d592ce-6ef4-aa36-2ccb-050ad793d49f">
      <TestCategory>
        <TestCategoryItem TestCategory="InFile" />
      </TestCategory>
      <Execution id="65a781c5-4e18-4a28-b385-8a1b6c287f04" />
      <TestMethod codeBase="F:\ETWork\bin\Tests\UnitTests.iCore.Runtime.dll" adapterTypeName="Microsoft.VisualStudio.TestTools.TestTypes.Unit.UnitTestAdapter" className="UnitTests.iCore.Runtime.Infile.VariableRecordLengthRecordReaderTests" name="ReadRecord_MultipleReadRecord_ReturnsExpectedRecords" />
    </UnitTest>
    <UnitTest name="ReadRecord_NoMoreRecords_ReturnsNull" storage="f:\etwork\bin\tests\unittests.icore.runtime.dll" id="029c2469-0a60-be2d-b1f7-e99308d76256">
      <TestCategory>
        <TestCategoryItem TestCategory="InFile" />
      </TestCategory>
      <Execution id="18c500b4-e700-4ffc-8d9f-cc677ee83c63" />
      <TestMethod codeBase="F:\ETWork\bin\Tests\UnitTests.iCore.Runtime.dll" adapterTypeName="Microsoft.VisualStudio.TestTools.TestTypes.Unit.UnitTestAdapter" className="UnitTests.iCore.Runtime.Infile.VariableRecordLengthRecordReaderTests" name="ReadRecord_NoMoreRecords_ReturnsNull" />
    </UnitTest>
    <UnitTest name="ReadRecord_EncodingSwitchedBetweenRecords_ReturnsExpectedRecords" storage="f:\etwork\bin\tests\unittests.icore.runtime.dll" id="b8078f77-c439-bbf3-d10b-7aad66fad53f">
      <TestCategory>
        <TestCategoryItem TestCategory="InFile" />
      </TestCategory>
      <Execution id="edbbaa87-1782-4761-aebd-d87132023f7f" />
      <TestMethod codeBase="F:\ETWork\bin\Tests\UnitTests.iCore.Runtime.dll" adapterTypeName="Microsoft.VisualStudio.TestTools.TestTypes.Unit.UnitTestAdapter" className="UnitTests.iCore.Runtime.Infile.VariableRecordLengthRecordReaderTests" name="ReadRecord_EncodingSwitchedBetweenRecords_ReturnsExpectedRecords" />
    </UnitTest>
    <UnitTest name="ReadRecord_PositionChangedBetweenRecords_ReturnsExpectedRecords" storage="f:\etwork\bin\tests\unittests.icore.runtime.dll" id="23bfb31d-b15d-d5ce-3ebb-a53ddb4c27bc">
      <TestCategory>
        <TestCategoryItem TestCategory="InFile" />
      </TestCategory>
      <Execution id="acacc15e-b34e-43c0-b361-eabc825ff1fd" />
      <TestMethod codeBase="F:\ETWork\bin\Tests\UnitTests.iCore.Runtime.dll" adapterTypeName="Microsoft.VisualStudio.TestTools.TestTypes.Unit.UnitTestAdapter" className="UnitTests.iCore.Runtime.Infile.VariableRecordLengthRecordReaderTests" name="ReadRecord_PositionChangedBetweenRecords_ReturnsExpectedRecords" />
    </UnitTest>
    <UnitTest name="Read_CallbackNullAndBeginProcIdMinusOne_Throws" storage="f:\etwork\bin\tests\unittests.icore.runtime.dll" id="d40ccb35-dece-5fe1-f55c-fcd6bedc72be">
      <TestCategory>
        <TestCategoryItem TestCategory="DataStructure" />
      </TestCategory>
      <Execution id="d5e1a12e-d462-490f-9649-8bde02f36092" />
      <TestMethod codeBase="F:\ETWork\bin\Tests\UnitTests.iCore.Runtime.dll" adapterTypeName="Microsoft.VisualStudio.TestTools.TestTypes.Unit.UnitTestAdapter" className="UnitTests.iCore.Runtime.DataStructure.DataStructureTests" name="Read_CallbackNullAndBeginProcIdMinusOne_Throws" />
    </UnitTest>
    <UnitTest name="Read_CallbackNullBeginProcIdAndPreprocessProcIdMinusOne_Throws" storage="f:\etwork\bin\tests\unittests.icore.runtime.dll" id="97d27ebb-3165-5886-c70f-cc04177907b7">
      <TestCategory>
        <TestCategoryItem TestCategory="DataStructure" />
      </TestCategory>
      <Execution id="6ee6c50e-e862-42fc-aa40-8a2c67bdc2c2" />
      <TestMethod codeBase="F:\ETWork\bin\Tests\UnitTests.iCore.Runtime.dll" adapterTypeName="Microsoft.VisualStudio.TestTools.TestTypes.Unit.UnitTestAdapter" className="UnitTests.iCore.Runtime.DataStructure.DataStructureTests" name="Read_CallbackNullBeginProcIdAndPreprocessProcIdMinusOne_Throws" />
    </UnitTest>
    <UnitTest name="IsMatch_DefaultConstructor_ReturnsTrue" storage="f:\etwork\bin\tests\unittests.icore.runtime.dll" id="35cafeeb-8990-372a-f4a1-0b9b8110a419">
      <Execution id="7888a09c-d6ba-46b5-be2e-d74a161a3175" />
      <TestMethod codeBase="F:\ETWork\bin\Tests\UnitTests.iCore.Runtime.dll" adapterTypeName="Microsoft.VisualStudio.TestTools.TestTypes.Unit.UnitTestAdapter" className="UnitTests.iCore.Runtime.DataStructure.RecordMatchResultTests" name="IsMatch_DefaultConstructor_ReturnsTrue" />
    </UnitTest>
    <UnitTest name="IsMatch_ConstructorWithNull_ReturnsFalse" storage="f:\etwork\bin\tests\unittests.icore.runtime.dll" id="054764a1-acb6-cb5e-3435-5e27e4665a47">
      <Execution id="da434957-b70b-4854-8929-af5585652994" />
      <TestMethod codeBase="F:\ETWork\bin\Tests\UnitTests.iCore.Runtime.dll" adapterTypeName="Microsoft.VisualStudio.TestTools.TestTypes.Unit.UnitTestAdapter" className="UnitTests.iCore.Runtime.DataStructure.RecordMatchResultTests" name="IsMatch_ConstructorWithNull_ReturnsFalse" />
    </UnitTest>
    <UnitTest name="IsMatch_ConstructorWithEmptyString_ReturnsFalse" storage="f:\etwork\bin\tests\unittests.icore.runtime.dll" id="100e7e8b-6c5c-81f1-283b-ffb72153db43">
      <Execution id="22082bce-81a0-42e5-9d7f-1162ea4a160f" />
      <TestMethod codeBase="F:\ETWork\bin\Tests\UnitTests.iCore.Runtime.dll" adapterTypeName="Microsoft.VisualStudio.TestTools.TestTypes.Unit.UnitTestAdapter" className="UnitTests.iCore.Runtime.DataStructure.RecordMatchResultTests" name="IsMatch_ConstructorWithEmptyString_ReturnsFalse" />
    </UnitTest>
    <UnitTest name="IsMatch_ConstructorWithNonEmptyString_ReturnsFalse" storage="f:\etwork\bin\tests\unittests.icore.runtime.dll" id="9bd07c18-5d56-1fd9-80af-402412d9456b">
      <Execution id="7e57bf6f-fd3c-45c1-908d-ed62b8cb42fd" />
      <TestMethod codeBase="F:\ETWork\bin\Tests\UnitTests.iCore.Runtime.dll" adapterTypeName="Microsoft.VisualStudio.TestTools.TestTypes.Unit.UnitTestAdapter" className="UnitTests.iCore.Runtime.DataStructure.RecordMatchResultTests" name="IsMatch_ConstructorWithNonEmptyString_ReturnsFalse" />
    </UnitTest>
    <UnitTest name="MatchError_DefaultConstructor_ReturnsNull" storage="f:\etwork\bin\tests\unittests.icore.runtime.dll" id="f6fbf79d-b89f-ef98-fad2-ef88cfe75fc8">
      <Execution id="d1567ca9-ecf4-4c2b-b562-0f4d4c8376c1" />
      <TestMethod codeBase="F:\ETWork\bin\Tests\UnitTests.iCore.Runtime.dll" adapterTypeName="Microsoft.VisualStudio.TestTools.TestTypes.Unit.UnitTestAdapter" className="UnitTests.iCore.Runtime.DataStructure.RecordMatchResultTests" name="MatchError_DefaultConstructor_ReturnsNull" />
    </UnitTest>
    <UnitTest name="MatchError_ConstructorWithNull_ReturnsEmptyString" storage="f:\etwork\bin\tests\unittests.icore.runtime.dll" id="5d33a87f-adb5-8148-e98a-05422bf852a4">
      <Execution id="f48403eb-3aec-4cfe-8cf7-59c8b7dd2fdd" />
      <TestMethod codeBase="F:\ETWork\bin\Tests\UnitTests.iCore.Runtime.dll" adapterTypeName="Microsoft.VisualStudio.TestTools.TestTypes.Unit.UnitTestAdapter" className="UnitTests.iCore.Runtime.DataStructure.RecordMatchResultTests" name="MatchError_ConstructorWithNull_ReturnsEmptyString" />
    </UnitTest>
    <UnitTest name="MatchError_ConstructorWithEmptyString_ReturnsEmptyString" storage="f:\etwork\bin\tests\unittests.icore.runtime.dll" id="8779f6d5-349a-5680-2b08-4d744b053eb5">
      <Execution id="6e866d2f-d314-45d9-b887-046489f75802" />
      <TestMethod codeBase="F:\ETWork\bin\Tests\UnitTests.iCore.Runtime.dll" adapterTypeName="Microsoft.VisualStudio.TestTools.TestTypes.Unit.UnitTestAdapter" className="UnitTests.iCore.Runtime.DataStructure.RecordMatchResultTests" name="MatchError_ConstructorWithEmptyString_ReturnsEmptyString" />
    </UnitTest>
    <UnitTest name="MatchError_ConstructorWithNonEmptyString_ReturnsTheString" storage="f:\etwork\bin\tests\unittests.icore.runtime.dll" id="b86d0dcc-6438-d53f-30e8-fd4fc12ac7ee">
      <Execution id="8872eb18-1c89-401f-83b8-e41de7e08d53" />
      <TestMethod codeBase="F:\ETWork\bin\Tests\UnitTests.iCore.Runtime.dll" adapterTypeName="Microsoft.VisualStudio.TestTools.TestTypes.Unit.UnitTestAdapter" className="UnitTests.iCore.Runtime.DataStructure.RecordMatchResultTests" name="MatchError_ConstructorWithNonEmptyString_ReturnsTheString" />
    </UnitTest>
    <UnitTest name="AddGroup_CurrentIsGroup_GroupIsParent" storage="f:\etwork\bin\tests\unittests.icore.runtime.dll" id="d0098902-096f-ae6a-39d9-5f525cd344e8">
      <TestCategory>
        <TestCategoryItem TestCategory="DataStructure" />
      </TestCategory>
      <Execution id="086cbe1b-f2e4-4c7d-83e0-269a97d28f7b" />
      <TestMethod codeBase="F:\ETWork\bin\Tests\UnitTests.iCore.Runtime.dll" adapterTypeName="Microsoft.VisualStudio.TestTools.TestTypes.Unit.UnitTestAdapter" className="UnitTests.iCore.Runtime.DataStructure.StructureNodeTests" name="AddGroup_CurrentIsGroup_GroupIsParent" />
    </UnitTest>
    <UnitTest name="AddGroup_CurrentIsGroupWithinGroup_NodeAddedToBottomGroup" storage="f:\etwork\bin\tests\unittests.icore.runtime.dll" id="9fa5c7fc-ca18-1110-1568-58ed055905de">
      <TestCategory>
        <TestCategoryItem TestCategory="DataStructure" />
      </TestCategory>
      <Execution id="9eb0f162-15e4-4228-89b0-0ee35438c90c" />
      <TestMethod codeBase="F:\ETWork\bin\Tests\UnitTests.iCore.Runtime.dll" adapterTypeName="Microsoft.VisualStudio.TestTools.TestTypes.Unit.UnitTestAdapter" className="UnitTests.iCore.Runtime.DataStructure.StructureNodeTests" name="AddGroup_CurrentIsGroupWithinGroup_NodeAddedToBottomGroup" />
    </UnitTest>
    <UnitTest name="EndGroup_AfterEndGroup_NextAddHasStructureNodeAsParent" storage="f:\etwork\bin\tests\unittests.icore.runtime.dll" id="728b9d0a-c24d-64d7-669e-92f406e69169">
      <TestCategory>
        <TestCategoryItem TestCategory="DataStructure" />
        <TestCategoryItem TestCategory="FsCheck" />
      </TestCategory>
      <Execution id="832a41a4-aeb5-4765-9438-9ffc256118bf" />
      <TestMethod codeBase="F:\ETWork\bin\Tests\UnitTests.iCore.Runtime.dll" adapterTypeName="Microsoft.VisualStudio.TestTools.TestTypes.Unit.UnitTestAdapter" className="UnitTests.iCore.Runtime.DataStructure.StructureNodeTests" name="EndGroup_AfterEndGroup_NextAddHasStructureNodeAsParent" />
    </UnitTest>
    <UnitTest name="ReadRecord_TwoRecordsOnTopLevel_CallbacksCalled" storage="f:\etwork\bin\tests\unittests.icore.runtime.dll" id="97847163-83f7-e90b-56c8-5f285c454cd4">
      <TestCategory>
        <TestCategoryItem TestCategory="DataStructure" />
      </TestCategory>
      <Execution id="fafd8e7c-dace-45d0-8ca1-724f8e01c6a1" />
      <TestMethod codeBase="F:\ETWork\bin\Tests\UnitTests.iCore.Runtime.dll" adapterTypeName="Microsoft.VisualStudio.TestTools.TestTypes.Unit.UnitTestAdapter" className="UnitTests.iCore.Runtime.DataStructure.StructureNodeTests" name="ReadRecord_TwoRecordsOnTopLevel_CallbacksCalled" />
    </UnitTest>
    <UnitTest name="ReadRecord_TwoRecordsOnTopLevelSecondHasNoMatch_ThrowsException" storage="f:\etwork\bin\tests\unittests.icore.runtime.dll" id="d8c50de1-e2cb-b992-57e3-c9e22271ee1f">
      <TestCategory>
        <TestCategoryItem TestCategory="DataStructure" />
      </TestCategory>
      <Execution id="d0a82756-1f47-43ae-847d-2c049acf5b57" />
      <TestMethod codeBase="F:\ETWork\bin\Tests\UnitTests.iCore.Runtime.dll" adapterTypeName="Microsoft.VisualStudio.TestTools.TestTypes.Unit.UnitTestAdapter" className="UnitTests.iCore.Runtime.DataStructure.StructureNodeTests" name="ReadRecord_TwoRecordsOnTopLevelSecondHasNoMatch_ThrowsException" />
    </UnitTest>
    <UnitTest name="ReadRecord_MissingMandatoryRecord_ThrownExceptionContainsInfoFromValueMatchesRecord" storage="f:\etwork\bin\tests\unittests.icore.runtime.dll" id="5e31002a-13bd-7a62-d576-90b6b859ee7a">
      <TestCategory>
        <TestCategoryItem TestCategory="DataStructure" />
      </TestCategory>
      <Execution id="0cec86d5-ec4e-4e08-a8d0-b03b50526b35" />
      <TestMethod codeBase="F:\ETWork\bin\Tests\UnitTests.iCore.Runtime.dll" adapterTypeName="Microsoft.VisualStudio.TestTools.TestTypes.Unit.UnitTestAdapter" className="UnitTests.iCore.Runtime.DataStructure.StructureNodeTests" name="ReadRecord_MissingMandatoryRecord_ThrownExceptionContainsInfoFromValueMatchesRecord" />
    </UnitTest>
    <UnitTest name="ReadRecord_TwoRecordsOneInGroup_CallbacksCalled" storage="f:\etwork\bin\tests\unittests.icore.runtime.dll" id="a3ee7986-1766-2157-bce1-b5b39cda35de">
      <TestCategory>
        <TestCategoryItem TestCategory="DataStructure" />
      </TestCategory>
      <Execution id="f16fb5b6-f408-4bfc-bfea-83d341eb6bb4" />
      <TestMethod codeBase="F:\ETWork\bin\Tests\UnitTests.iCore.Runtime.dll" adapterTypeName="Microsoft.VisualStudio.TestTools.TestTypes.Unit.UnitTestAdapter" className="UnitTests.iCore.Runtime.DataStructure.StructureNodeTests" name="ReadRecord_TwoRecordsOneInGroup_CallbacksCalled" />
    </UnitTest>
    <UnitTest name="ReadRecord_TwoRecordsInAGroupInGroup_CallbacksCalled" storage="f:\etwork\bin\tests\unittests.icore.runtime.dll" id="819b98f0-e067-f006-cd5a-0a558b4acb2f">
      <TestCategory>
        <TestCategoryItem TestCategory="DataStructure" />
      </TestCategory>
      <Execution id="dd42a759-8397-461f-acca-e26357a1571f" />
      <TestMethod codeBase="F:\ETWork\bin\Tests\UnitTests.iCore.Runtime.dll" adapterTypeName="Microsoft.VisualStudio.TestTools.TestTypes.Unit.UnitTestAdapter" className="UnitTests.iCore.Runtime.DataStructure.StructureNodeTests" name="ReadRecord_TwoRecordsInAGroupInGroup_CallbacksCalled" />
    </UnitTest>
    <UnitTest name="ReadRecord_ThreeRecordsOneOptional_CallbacksCalledAndOptionalSkipped" storage="f:\etwork\bin\tests\unittests.icore.runtime.dll" id="86083a3d-faed-ef18-5cc9-1efa2f711982">
      <TestCategory>
        <TestCategoryItem TestCategory="DataStructure" />
      </TestCategory>
      <Execution id="bc9c3fba-0cc1-49a3-ae72-9ff8b1191e03" />
      <TestMethod codeBase="F:\ETWork\bin\Tests\UnitTests.iCore.Runtime.dll" adapterTypeName="Microsoft.VisualStudio.TestTools.TestTypes.Unit.UnitTestAdapter" className="UnitTests.iCore.Runtime.DataStructure.StructureNodeTests" name="ReadRecord_ThreeRecordsOneOptional_CallbacksCalledAndOptionalSkipped" />
    </UnitTest>
    <UnitTest name="ReadRecord_ThreeRecordsOneMandatoryMissing_ThrowsExceptionForMandatoryMissing" storage="f:\etwork\bin\tests\unittests.icore.runtime.dll" id="cc864a59-5a72-3ad7-dbc5-e29c3eb53df7">
      <TestCategory>
        <TestCategoryItem TestCategory="DataStructure" />
      </TestCategory>
      <Execution id="ebddcd02-14c5-4079-a4ed-e9a4623de6c6" />
      <TestMethod codeBase="F:\ETWork\bin\Tests\UnitTests.iCore.Runtime.dll" adapterTypeName="Microsoft.VisualStudio.TestTools.TestTypes.Unit.UnitTestAdapter" className="UnitTests.iCore.Runtime.DataStructure.StructureNodeTests" name="ReadRecord_ThreeRecordsOneMandatoryMissing_ThrowsExceptionForMandatoryMissing" />
    </UnitTest>
    <UnitTest name="ReadRecord_TwoRecordsInMandatoryGroupWhereSecondRecordNotMatching_SecondReadThrows" storage="f:\etwork\bin\tests\unittests.icore.runtime.dll" id="8b56703b-a5e8-82a3-7916-568daf1783a4">
      <TestCategory>
        <TestCategoryItem TestCategory="DataStructure" />
      </TestCategory>
      <Execution id="92ce2528-39c0-46ac-a8d0-c4e7fb551fcd" />
      <TestMethod codeBase="F:\ETWork\bin\Tests\UnitTests.iCore.Runtime.dll" adapterTypeName="Microsoft.VisualStudio.TestTools.TestTypes.Unit.UnitTestAdapter" className="UnitTests.iCore.Runtime.DataStructure.StructureNodeTests" name="ReadRecord_TwoRecordsInMandatoryGroupWhereSecondRecordNotMatching_SecondReadThrows" />
    </UnitTest>
    <UnitTest name="ReadRecord_MandatoryGroupThatIsNotFound_ThrowsException" storage="f:\etwork\bin\tests\unittests.icore.runtime.dll" id="0b96b045-2143-452f-9b8e-db55e27fec86">
      <TestCategory>
        <TestCategoryItem TestCategory="DataStructure" />
      </TestCategory>
      <Execution id="c5a6c51d-7851-4f6e-9df8-33917a6bea63" />
      <TestMethod codeBase="F:\ETWork\bin\Tests\UnitTests.iCore.Runtime.dll" adapterTypeName="Microsoft.VisualStudio.TestTools.TestTypes.Unit.UnitTestAdapter" className="UnitTests.iCore.Runtime.DataStructure.StructureNodeTests" name="ReadRecord_MandatoryGroupThatIsNotFound_ThrowsException" />
    </UnitTest>
    <UnitTest name="ReadFinished_MandatoryRecordNotRead_ThrowsException" storage="f:\etwork\bin\tests\unittests.icore.runtime.dll" id="531e6639-28f0-ccd9-71db-569e9b1b5737">
      <TestCategory>
        <TestCategoryItem TestCategory="DataStructure" />
      </TestCategory>
      <Execution id="193792fa-be64-427a-b085-1a450ef3e23d" />
      <TestMethod codeBase="F:\ETWork\bin\Tests\UnitTests.iCore.Runtime.dll" adapterTypeName="Microsoft.VisualStudio.TestTools.TestTypes.Unit.UnitTestAdapter" className="UnitTests.iCore.Runtime.DataStructure.StructureNodeTests" name="ReadFinished_MandatoryRecordNotRead_ThrowsException" />
    </UnitTest>
    <UnitTest name="ReadFinished_EndsWithVirtualRecords_OnVirtualRecordsCalled" storage="f:\etwork\bin\tests\unittests.icore.runtime.dll" id="4c51b0ef-71e8-70ff-a0cd-628dfcb7988d">
      <TestCategory>
        <TestCategoryItem TestCategory="DataStructure" />
      </TestCategory>
      <Execution id="83db49c0-5511-4c21-a789-8d9517974ea9" />
      <TestMethod codeBase="F:\ETWork\bin\Tests\UnitTests.iCore.Runtime.dll" adapterTypeName="Microsoft.VisualStudio.TestTools.TestTypes.Unit.UnitTestAdapter" className="UnitTests.iCore.Runtime.DataStructure.StructureNodeTests" name="ReadFinished_EndsWithVirtualRecords_OnVirtualRecordsCalled" />
    </UnitTest>
    <UnitTest name="ReadFinished_NestedGroupsOpenWithVirtualRecordsLeft_CallbacksCalled" storage="f:\etwork\bin\tests\unittests.icore.runtime.dll" id="891434d5-aa4d-c2af-27b5-75d73294e73a">
      <TestCategory>
        <TestCategoryItem TestCategory="DataStructure" />
      </TestCategory>
      <Execution id="fea33ccc-a130-424f-b067-e07a4bfe2e2c" />
      <TestMethod codeBase="F:\ETWork\bin\Tests\UnitTests.iCore.Runtime.dll" adapterTypeName="Microsoft.VisualStudio.TestTools.TestTypes.Unit.UnitTestAdapter" className="UnitTests.iCore.Runtime.DataStructure.StructureNodeTests" name="ReadFinished_NestedGroupsOpenWithVirtualRecordsLeft_CallbacksCalled" />
    </UnitTest>
    <UnitTest name="SetStringBeginChar_OneRecord_Success" storage="f:\etwork\bin\tests\unittests.icore.runtime.dll" id="45973ff9-7731-1b7a-8526-699958669b30">
      <TestCategory>
        <TestCategoryItem TestCategory="DataStructure" />
      </TestCategory>
      <Execution id="39f5a577-3690-4ec3-8522-0f559f78ef39" />
      <TestMethod codeBase="F:\ETWork\bin\Tests\UnitTests.iCore.Runtime.dll" adapterTypeName="Microsoft.VisualStudio.TestTools.TestTypes.Unit.UnitTestAdapter" className="UnitTests.iCore.Runtime.DataStructure.StructureNodeTests" name="SetStringBeginChar_OneRecord_Success" />
    </UnitTest>
    <UnitTest name="SetStringEndChar_OneRecord_Success" storage="f:\etwork\bin\tests\unittests.icore.runtime.dll" id="3491edb2-1f57-1594-e529-127c7d9a8d9c">
      <TestCategory>
        <TestCategoryItem TestCategory="DataStructure" />
      </TestCategory>
      <Execution id="8d98b878-5cfc-4d3a-b78d-6adf40c21f84" />
      <TestMethod codeBase="F:\ETWork\bin\Tests\UnitTests.iCore.Runtime.dll" adapterTypeName="Microsoft.VisualStudio.TestTools.TestTypes.Unit.UnitTestAdapter" className="UnitTests.iCore.Runtime.DataStructure.StructureNodeTests" name="SetStringEndChar_OneRecord_Success" />
    </UnitTest>
    <UnitTest name="SetReleaseChar_OneRecord_Success" storage="f:\etwork\bin\tests\unittests.icore.runtime.dll" id="239dec99-7c2e-dd2b-25ec-3fddba116dbb">
      <TestCategory>
        <TestCategoryItem TestCategory="DataStructure" />
      </TestCategory>
      <Execution id="b832d4d2-2734-443f-9b39-0f215d561c55" />
      <TestMethod codeBase="F:\ETWork\bin\Tests\UnitTests.iCore.Runtime.dll" adapterTypeName="Microsoft.VisualStudio.TestTools.TestTypes.Unit.UnitTestAdapter" className="UnitTests.iCore.Runtime.DataStructure.StructureNodeTests" name="SetReleaseChar_OneRecord_Success" />
    </UnitTest>
    <UnitTest name="SetDecimalSeparator_OneRecord_Success" storage="f:\etwork\bin\tests\unittests.icore.runtime.dll" id="ff9ddf62-d3e0-74ca-098a-0ac6a113820d">
      <TestCategory>
        <TestCategoryItem TestCategory="DataStructure" />
      </TestCategory>
      <Execution id="9d4c27c6-fa2d-4100-962e-3315ff4afa80" />
      <TestMethod codeBase="F:\ETWork\bin\Tests\UnitTests.iCore.Runtime.dll" adapterTypeName="Microsoft.VisualStudio.TestTools.TestTypes.Unit.UnitTestAdapter" className="UnitTests.iCore.Runtime.DataStructure.StructureNodeTests" name="SetDecimalSeparator_OneRecord_Success" />
    </UnitTest>
    <UnitTest name="SetCompositeElementSeparator_OneRecord_Success" storage="f:\etwork\bin\tests\unittests.icore.runtime.dll" id="fa542137-1a04-2172-0b38-06275ea8b242">
      <TestCategory>
        <TestCategoryItem TestCategory="DataStructure" />
      </TestCategory>
      <Execution id="f7a1287e-3da4-4320-ae1a-5efa8a06478d" />
      <TestMethod codeBase="F:\ETWork\bin\Tests\UnitTests.iCore.Runtime.dll" adapterTypeName="Microsoft.VisualStudio.TestTools.TestTypes.Unit.UnitTestAdapter" className="UnitTests.iCore.Runtime.DataStructure.StructureNodeTests" name="SetCompositeElementSeparator_OneRecord_Success" />
    </UnitTest>
    <UnitTest name="SetRecordElementSeparator_OneRecord_Success" storage="f:\etwork\bin\tests\unittests.icore.runtime.dll" id="e5b6d912-8f07-7852-8872-d1eaba23a87a">
      <TestCategory>
        <TestCategoryItem TestCategory="DataStructure" />
      </TestCategory>
      <Execution id="d8ed767b-995f-441f-bbb4-74c70cdff35f" />
      <TestMethod codeBase="F:\ETWork\bin\Tests\UnitTests.iCore.Runtime.dll" adapterTypeName="Microsoft.VisualStudio.TestTools.TestTypes.Unit.UnitTestAdapter" className="UnitTests.iCore.Runtime.DataStructure.StructureNodeTests" name="SetRecordElementSeparator_OneRecord_Success" />
    </UnitTest>
    <UnitTest name="SetRecordSeparator_OneRecord_Success" storage="f:\etwork\bin\tests\unittests.icore.runtime.dll" id="367c3b2b-1f13-7dba-de9f-abd2ab60ffc3">
      <TestCategory>
        <TestCategoryItem TestCategory="DataStructure" />
      </TestCategory>
      <Execution id="a252e366-b2c5-4be3-ac10-d4251b35f56f" />
      <TestMethod codeBase="F:\ETWork\bin\Tests\UnitTests.iCore.Runtime.dll" adapterTypeName="Microsoft.VisualStudio.TestTools.TestTypes.Unit.UnitTestAdapter" className="UnitTests.iCore.Runtime.DataStructure.StructureNodeTests" name="SetRecordSeparator_OneRecord_Success" />
    </UnitTest>
    <UnitTest name="SetStringBeginChar_ComplexStructure_Success" storage="f:\etwork\bin\tests\unittests.icore.runtime.dll" id="4d37622d-0687-9413-bc6b-39c056dbebc4">
      <TestCategory>
        <TestCategoryItem TestCategory="DataStructure" />
      </TestCategory>
      <Execution id="00d5359a-cfed-4db6-9627-980f80f478ae" />
      <TestMethod codeBase="F:\ETWork\bin\Tests\UnitTests.iCore.Runtime.dll" adapterTypeName="Microsoft.VisualStudio.TestTools.TestTypes.Unit.UnitTestAdapter" className="UnitTests.iCore.Runtime.DataStructure.StructureNodeTests" name="SetStringBeginChar_ComplexStructure_Success" />
    </UnitTest>
    <UnitTest name="SetStringEndChar_ComplexStructure_Success" storage="f:\etwork\bin\tests\unittests.icore.runtime.dll" id="659cd812-03e3-fd0d-e763-bd3931200757">
      <TestCategory>
        <TestCategoryItem TestCategory="DataStructure" />
      </TestCategory>
      <Execution id="fa7361e9-a877-4ee4-8a97-bf4ce50bd247" />
      <TestMethod codeBase="F:\ETWork\bin\Tests\UnitTests.iCore.Runtime.dll" adapterTypeName="Microsoft.VisualStudio.TestTools.TestTypes.Unit.UnitTestAdapter" className="UnitTests.iCore.Runtime.DataStructure.StructureNodeTests" name="SetStringEndChar_ComplexStructure_Success" />
    </UnitTest>
    <UnitTest name="SetReleaseChar_ComplexStructure_Success" storage="f:\etwork\bin\tests\unittests.icore.runtime.dll" id="0d336a4b-d53a-63be-f0ee-e3c7bd360c6a">
      <TestCategory>
        <TestCategoryItem TestCategory="DataStructure" />
      </TestCategory>
      <Execution id="048957f0-af97-4fba-9eed-7bbbfdc45a71" />
      <TestMethod codeBase="F:\ETWork\bin\Tests\UnitTests.iCore.Runtime.dll" adapterTypeName="Microsoft.VisualStudio.TestTools.TestTypes.Unit.UnitTestAdapter" className="UnitTests.iCore.Runtime.DataStructure.StructureNodeTests" name="SetReleaseChar_ComplexStructure_Success" />
    </UnitTest>
    <UnitTest name="SetDecimalSeparator_ComplexStructure_Success" storage="f:\etwork\bin\tests\unittests.icore.runtime.dll" id="37e35b56-34bb-808d-75b2-509ec2b3dd7d">
      <TestCategory>
        <TestCategoryItem TestCategory="DataStructure" />
      </TestCategory>
      <Execution id="b06e80c8-5289-44ec-92b7-076b623f4444" />
      <TestMethod codeBase="F:\ETWork\bin\Tests\UnitTests.iCore.Runtime.dll" adapterTypeName="Microsoft.VisualStudio.TestTools.TestTypes.Unit.UnitTestAdapter" className="UnitTests.iCore.Runtime.DataStructure.StructureNodeTests" name="SetDecimalSeparator_ComplexStructure_Success" />
    </UnitTest>
    <UnitTest name="SetCompositeElementSeparator_ComplexStructure_Success" storage="f:\etwork\bin\tests\unittests.icore.runtime.dll" id="b7052385-de09-1212-fd90-d680279472ee">
      <TestCategory>
        <TestCategoryItem TestCategory="DataStructure" />
      </TestCategory>
      <Execution id="97afac35-8aa2-4f80-969a-62e88a6a44ae" />
      <TestMethod codeBase="F:\ETWork\bin\Tests\UnitTests.iCore.Runtime.dll" adapterTypeName="Microsoft.VisualStudio.TestTools.TestTypes.Unit.UnitTestAdapter" className="UnitTests.iCore.Runtime.DataStructure.StructureNodeTests" name="SetCompositeElementSeparator_ComplexStructure_Success" />
    </UnitTest>
    <UnitTest name="SetRecordElementSeparator_ComplexStructure_Success" storage="f:\etwork\bin\tests\unittests.icore.runtime.dll" id="d27f4b8c-888a-a8b4-40e0-6745484cb5eb">
      <TestCategory>
        <TestCategoryItem TestCategory="DataStructure" />
      </TestCategory>
      <Execution id="6b945637-28c5-48a3-b9d6-a5690ef0bda1" />
      <TestMethod codeBase="F:\ETWork\bin\Tests\UnitTests.iCore.Runtime.dll" adapterTypeName="Microsoft.VisualStudio.TestTools.TestTypes.Unit.UnitTestAdapter" className="UnitTests.iCore.Runtime.DataStructure.StructureNodeTests" name="SetRecordElementSeparator_ComplexStructure_Success" />
    </UnitTest>
    <UnitTest name="SetRecordSeparator_ComplexStructure_Success" storage="f:\etwork\bin\tests\unittests.icore.runtime.dll" id="870e6f05-9066-332e-4fd0-ea796b5ed7d4">
      <TestCategory>
        <TestCategoryItem TestCategory="DataStructure" />
      </TestCategory>
      <Execution id="16e1a0c1-1fdb-466e-aaf7-6358b7eca1c4" />
      <TestMethod codeBase="F:\ETWork\bin\Tests\UnitTests.iCore.Runtime.dll" adapterTypeName="Microsoft.VisualStudio.TestTools.TestTypes.Unit.UnitTestAdapter" className="UnitTests.iCore.Runtime.DataStructure.StructureNodeTests" name="SetRecordSeparator_ComplexStructure_Success" />
    </UnitTest>
    <UnitTest name="ContainerBegin_GroupHasNoParent_ThrowsException" storage="f:\etwork\bin\tests\unittests.icore.runtime.dll" id="0c47a190-df4b-5db6-0c98-cb9675504e03">
      <TestCategory>
        <TestCategoryItem TestCategory="DataStructure" />
      </TestCategory>
      <Execution id="b992da7b-ab7f-453c-95f6-5db78ef2ffaa" />
      <TestMethod codeBase="F:\ETWork\bin\Tests\UnitTests.iCore.Runtime.dll" adapterTypeName="Microsoft.VisualStudio.TestTools.TestTypes.Unit.UnitTestAdapter" className="UnitTests.iCore.Runtime.DataStructure.GroupNodeTests" name="ContainerBegin_GroupHasNoParent_ThrowsException" />
    </UnitTest>
    <UnitTest name="ContainerBegin_NotPreviouslyInvoked_OnGroupBeginCalled" storage="f:\etwork\bin\tests\unittests.icore.runtime.dll" id="724ed55e-2159-e131-c4be-d80ced69f59a">
      <TestCategory>
        <TestCategoryItem TestCategory="DataStructure" />
      </TestCategory>
      <Execution id="e49a9298-bbb1-44fe-86de-4f86f8063668" />
      <TestMethod codeBase="F:\ETWork\bin\Tests\UnitTests.iCore.Runtime.dll" adapterTypeName="Microsoft.VisualStudio.TestTools.TestTypes.Unit.UnitTestAdapter" className="UnitTests.iCore.Runtime.DataStructure.GroupNodeTests" name="ContainerBegin_NotPreviouslyInvoked_OnGroupBeginCalled" />
    </UnitTest>
    <UnitTest name="ContainerBegin_NestedGroups_OnGroupBeginCalledWithNestedPath" storage="f:\etwork\bin\tests\unittests.icore.runtime.dll" id="1e05f1ac-b054-9647-9f39-d89a349ff76f">
      <TestCategory>
        <TestCategoryItem TestCategory="DataStructure" />
      </TestCategory>
      <Execution id="183e76d1-61b0-40da-8914-5d20d03c65d5" />
      <TestMethod codeBase="F:\ETWork\bin\Tests\UnitTests.iCore.Runtime.dll" adapterTypeName="Microsoft.VisualStudio.TestTools.TestTypes.Unit.UnitTestAdapter" className="UnitTests.iCore.Runtime.DataStructure.GroupNodeTests" name="ContainerBegin_NestedGroups_OnGroupBeginCalledWithNestedPath" />
    </UnitTest>
    <UnitTest name="ContainerEnd_NoNested_OnGroupEndCalled" storage="f:\etwork\bin\tests\unittests.icore.runtime.dll" id="6651e43f-8554-6333-4329-bfe3fc1194d7">
      <TestCategory>
        <TestCategoryItem TestCategory="DataStructure" />
      </TestCategory>
      <Execution id="a04982ae-a0e3-422b-9032-a5ac4ff5147d" />
      <TestMethod codeBase="F:\ETWork\bin\Tests\UnitTests.iCore.Runtime.dll" adapterTypeName="Microsoft.VisualStudio.TestTools.TestTypes.Unit.UnitTestAdapter" className="UnitTests.iCore.Runtime.DataStructure.GroupNodeTests" name="ContainerEnd_NoNested_OnGroupEndCalled" />
    </UnitTest>
    <UnitTest name="ContainerEnd_NestedGroups_OnGroupEndCalledWithNestedPath" storage="f:\etwork\bin\tests\unittests.icore.runtime.dll" id="f4dbfc63-23ae-cdb3-5fa6-68145c661cc7">
      <TestCategory>
        <TestCategoryItem TestCategory="DataStructure" />
      </TestCategory>
      <Execution id="7736eedd-e20e-42db-9036-844b9b252a74" />
      <TestMethod codeBase="F:\ETWork\bin\Tests\UnitTests.iCore.Runtime.dll" adapterTypeName="Microsoft.VisualStudio.TestTools.TestTypes.Unit.UnitTestAdapter" className="UnitTests.iCore.Runtime.DataStructure.GroupNodeTests" name="ContainerEnd_NestedGroups_OnGroupEndCalledWithNestedPath" />
    </UnitTest>
  </TestDefinitions>
  <TestEntries>
    <TestEntry testId="51a241a8-0f6b-0853-f07d-80cdefc07795" executionId="e371fbb2-af4c-485c-b89d-dd5be8e022a4" testListId="8c84fa94-04c1-424b-9868-57a2d4851a1d" />
    <TestEntry testId="02fed1cc-a46f-54a1-7c88-aea50843c383" executionId="4980a0df-8b6c-4850-a358-6b4bff85adc0" testListId="8c84fa94-04c1-424b-9868-57a2d4851a1d" />
    <TestEntry testId="f921e6dc-6be0-7d66-5a30-e82a7c9197ae" executionId="a31868e8-f304-4767-ad4f-bd9e5132c79e" testListId="8c84fa94-04c1-424b-9868-57a2d4851a1d" />
    <TestEntry testId="238eb0c7-e161-77c9-08b7-6bd2bafec151" executionId="2db2345f-0a78-4bd2-9905-1b919b9f381e" testListId="8c84fa94-04c1-424b-9868-57a2d4851a1d" />
    <TestEntry testId="95e8d09a-4e4f-b408-7b4b-3ed82bda514e" executionId="aafab7f4-3974-498f-a7a1-3070b972a788" testListId="8c84fa94-04c1-424b-9868-57a2d4851a1d" />
    <TestEntry testId="467bd3d9-e4a9-636f-b0c1-2600f9a52237" executionId="064cec42-544d-443f-a1f6-75ea5da3a36b" testListId="8c84fa94-04c1-424b-9868-57a2d4851a1d" />
    <TestEntry testId="70def52f-5940-cbbc-e67c-23f9f6bc421b" executionId="76be26cd-1738-4b87-862f-4f753fa37599" testListId="8c84fa94-04c1-424b-9868-57a2d4851a1d" />
    <TestEntry testId="589a86ad-522b-1d34-ae12-3f8aeb4300de" executionId="c8c05e1c-34d6-4300-9ca1-1c2c77c4676b" testListId="8c84fa94-04c1-424b-9868-57a2d4851a1d" />
    <TestEntry testId="ba226eb0-04f7-20e2-7db7-c2a114748f0f" executionId="29610d2a-7467-430c-90a6-7e54fb68ea5c" testListId="8c84fa94-04c1-424b-9868-57a2d4851a1d" />
    <TestEntry testId="724fd8f7-2560-80d7-f3d5-c7936745fd45" executionId="d37e23ee-258b-4cf9-aa46-5117ebf770db" testListId="8c84fa94-04c1-424b-9868-57a2d4851a1d" />
    <TestEntry testId="cf7e1112-f17e-f9d2-dea7-6c3778a44b71" executionId="3375a86a-0231-4d42-a69f-e3b3dc29ef2a" testListId="8c84fa94-04c1-424b-9868-57a2d4851a1d" />
    <TestEntry testId="b45d8d11-072a-aab8-8905-84aad693d83e" executionId="dc1053fe-4b29-4a00-a334-f9af39234ef8" testListId="8c84fa94-04c1-424b-9868-57a2d4851a1d" />
    <TestEntry testId="9043954b-c864-f62c-41bb-2024c44625c6" executionId="0ea2a1f6-41b4-46a5-8154-0773a8d238bc" testListId="8c84fa94-04c1-424b-9868-57a2d4851a1d" />
    <TestEntry testId="3c4fa8a6-f5c8-c581-3fc2-cce17b46e57e" executionId="f19dcf6d-9051-4390-b925-c148ff0eb8b2" testListId="8c84fa94-04c1-424b-9868-57a2d4851a1d" />
    <TestEntry testId="82ab54b0-21e1-a225-6171-be586d435efe" executionId="af533531-18d7-4b8f-adad-f26ce61164c8" testListId="8c84fa94-04c1-424b-9868-57a2d4851a1d" />
    <TestEntry testId="bafd684d-91ee-1512-77a1-547ffa15e4d7" executionId="b519c3cb-95e1-4f7d-a017-55c216adb5bc" testListId="8c84fa94-04c1-424b-9868-57a2d4851a1d" />
    <TestEntry testId="3a0c5144-2944-6741-122b-5d2ab600304b" executionId="1307526e-3418-4618-9c31-e04c2a5c23d2" testListId="8c84fa94-04c1-424b-9868-57a2d4851a1d" />
    <TestEntry testId="cea35d78-b51c-15d3-7c52-b501fecb8f98" executionId="32f4b8d6-3fc8-4157-a5d3-1dab8ff5a075" testListId="8c84fa94-04c1-424b-9868-57a2d4851a1d" />
    <TestEntry testId="120b3822-f097-6648-cf08-b0326a0bfa99" executionId="8b43c0d5-4549-45a8-8049-d8e51a63d047" testListId="8c84fa94-04c1-424b-9868-57a2d4851a1d" />
    <TestEntry testId="d745b19d-c934-69e1-e4cc-3b90620b525d" executionId="e020c5d2-eb7a-4572-9606-be180b7f9bf9" testListId="8c84fa94-04c1-424b-9868-57a2d4851a1d" />
    <TestEntry testId="f981029c-1017-d45e-cfa4-b761e825c1af" executionId="adb7a271-d32c-4cf2-aee2-57ea529a2826" testListId="8c84fa94-04c1-424b-9868-57a2d4851a1d" />
    <TestEntry testId="fd01b69e-5af2-5d46-45e8-e5e1780a3d7e" executionId="3aefb435-3afa-458c-93f5-383d8b1282dd" testListId="8c84fa94-04c1-424b-9868-57a2d4851a1d" />
    <TestEntry testId="e47093b1-fac3-fd76-c3ea-399bc9df0750" executionId="f9f690b0-54c8-4c0d-8b21-b265e58b4603" testListId="8c84fa94-04c1-424b-9868-57a2d4851a1d" />
    <TestEntry testId="bc91deae-7a8a-a7ef-437d-947e81cb6e0b" executionId="520f07e7-fae5-4b25-9488-a747993d7b13" testListId="8c84fa94-04c1-424b-9868-57a2d4851a1d" />
    <TestEntry testId="369c066c-ccd5-6b18-6783-63d2d006192d" executionId="df59cd76-069d-4131-8997-aa94cc83f4e4" testListId="8c84fa94-04c1-424b-9868-57a2d4851a1d" />
    <TestEntry testId="389fd767-e3bf-30d3-3bfe-96989cba86de" executionId="95b6a62d-cae2-4d39-b11c-bf42fe994c83" testListId="8c84fa94-04c1-424b-9868-57a2d4851a1d" />
    <TestEntry testId="5c5cd4cc-961e-fbc1-8729-03038edf188e" executionId="9e7f1cd4-2634-46c7-a39b-c6b2fc285df7" testListId="8c84fa94-04c1-424b-9868-57a2d4851a1d" />
    <TestEntry testId="6c20d61f-11d8-d508-d034-9c60b325e521" executionId="044b9bf0-9aee-47ba-ae77-5ad910877abc" testListId="8c84fa94-04c1-424b-9868-57a2d4851a1d" />
    <TestEntry testId="dfef231f-49eb-5d8d-0553-b97348b43775" executionId="77e0b2d3-e6b8-457e-a021-ad05aa03c981" testListId="8c84fa94-04c1-424b-9868-57a2d4851a1d" />
    <TestEntry testId="48d2e511-7d5f-bc9e-08c6-cec37e1359a9" executionId="5b712f9d-e0eb-49fd-b984-3c80f18ec442" testListId="8c84fa94-04c1-424b-9868-57a2d4851a1d" />
    <TestEntry testId="41be5af2-1181-db0b-739d-3d2142e37eff" executionId="648521e6-aff4-4ffd-9079-97f6e20236a6" testListId="8c84fa94-04c1-424b-9868-57a2d4851a1d" />
    <TestEntry testId="3e20a655-636e-72b6-01ee-017f506afa9a" executionId="d4ee8be9-7621-47bb-a769-4e17d05c9ef0" testListId="8c84fa94-04c1-424b-9868-57a2d4851a1d" />
    <TestEntry testId="31bd5273-a6e0-09dc-e5bc-648ccccb7d54" executionId="787d67f7-6bb9-4430-8cfb-51bcf062084f" testListId="8c84fa94-04c1-424b-9868-57a2d4851a1d" />
    <TestEntry testId="f6127126-d51d-235a-7e4c-4ba9e49fe609" executionId="80c64664-71e6-4b35-9ba1-4e382c5ffe2b" testListId="8c84fa94-04c1-424b-9868-57a2d4851a1d" />
    <TestEntry testId="051ef215-57fe-535a-8d57-284144019cd0" executionId="51af9cc3-5cfb-4f22-af88-2da3e9be0310" testListId="8c84fa94-04c1-424b-9868-57a2d4851a1d" />
    <TestEntry testId="c46f8d78-330b-1b22-69b1-d8e751a73318" executionId="14411e35-651e-431c-b8f3-c1f712de4ba9" testListId="8c84fa94-04c1-424b-9868-57a2d4851a1d" />
    <TestEntry testId="5e1867ed-a7c9-af34-8943-43386ea998f6" executionId="7a625e37-336c-40c0-ac00-979f8be52c8c" testListId="8c84fa94-04c1-424b-9868-57a2d4851a1d" />
    <TestEntry testId="d4e59b67-415d-488a-304d-bf249a3ba165" executionId="141b1c85-3a68-495b-88ed-9283e925172e" testListId="8c84fa94-04c1-424b-9868-57a2d4851a1d" />
    <TestEntry testId="47e49403-ccd1-7e9c-578e-c3b728a1878a" executionId="ddf9a28a-2d48-4a85-aa7f-e0f302527d1d" testListId="8c84fa94-04c1-424b-9868-57a2d4851a1d" />
    <TestEntry testId="e0339d4a-a7f8-7a69-23a0-2a7a5138b910" executionId="ec769e37-179b-473c-a603-fff53b57f0cb" testListId="8c84fa94-04c1-424b-9868-57a2d4851a1d" />
    <TestEntry testId="deba4e9f-6f05-375a-9b0f-dbdc49ef9afd" executionId="d18f177c-0d21-4a27-9982-e45bd4743964" testListId="8c84fa94-04c1-424b-9868-57a2d4851a1d" />
    <TestEntry testId="d71c0765-0527-17af-700c-68f0d3d924ec" executionId="528496a1-0a37-4f37-b30b-934aa9c2e6c3" testListId="8c84fa94-04c1-424b-9868-57a2d4851a1d" />
    <TestEntry testId="d8caf848-91d8-f22e-0868-33339064d0b5" executionId="b08fa249-2792-4311-b3e7-6ad8fa3ae476" testListId="8c84fa94-04c1-424b-9868-57a2d4851a1d" />
    <TestEntry testId="616e39b6-2f2a-ed6f-20b6-7a3b53c69d33" executionId="8ac3fe4e-5b81-4ad2-a0da-8fcbcba714a6" testListId="8c84fa94-04c1-424b-9868-57a2d4851a1d" />
    <TestEntry testId="381cfe71-b950-64ec-a8c4-206d2893e6dd" executionId="77a5e027-ea4d-4915-9f46-017fe9a9bfeb" testListId="8c84fa94-04c1-424b-9868-57a2d4851a1d" />
    <TestEntry testId="dbaded25-be02-fcf3-5453-a5ed0c337c72" executionId="6dece218-b6c6-4b93-93a7-aa41127949ec" testListId="8c84fa94-04c1-424b-9868-57a2d4851a1d" />
    <TestEntry testId="ee520d78-f262-76b4-0434-e0df99431d67" executionId="bc7a74d6-a253-4c0b-bf2c-a8acccf03981" testListId="8c84fa94-04c1-424b-9868-57a2d4851a1d" />
    <TestEntry testId="bd469dc6-0166-03cf-988f-c9014a6fca8c" executionId="a65e9b44-6dd1-42ed-8852-090815753600" testListId="8c84fa94-04c1-424b-9868-57a2d4851a1d" />
    <TestEntry testId="f6bbcfc4-662a-87df-5163-11567faa5c96" executionId="1b96d77e-65fa-46b1-a32e-c9fa4621907d" testListId="8c84fa94-04c1-424b-9868-57a2d4851a1d" />
    <TestEntry testId="fd35b310-bfc9-2fb0-952c-09a3408e67e4" executionId="97336367-b32b-41a4-b522-327eff97f2b3" testListId="8c84fa94-04c1-424b-9868-57a2d4851a1d" />
    <TestEntry testId="484b33a0-53e2-f3ec-f03f-075af5bf289d" executionId="61ebc246-fc20-4a34-816f-3e4f708c3824" testListId="8c84fa94-04c1-424b-9868-57a2d4851a1d" />
    <TestEntry testId="9f0720fc-2bd9-301d-92fe-50ea4202cb14" executionId="fd62fbb7-0977-4507-844c-f1576b995e94" testListId="8c84fa94-04c1-424b-9868-57a2d4851a1d" />
    <TestEntry testId="2990053d-9ac6-5a67-66b8-28954adc2bab" executionId="becd2528-7ab2-4435-a93a-5191b1512bf5" testListId="8c84fa94-04c1-424b-9868-57a2d4851a1d" />
    <TestEntry testId="a3abb3c4-c147-65ad-004f-3c4a898ee663" executionId="bac4d76d-52d8-4cfb-8d4f-c01d3be9df37" testListId="8c84fa94-04c1-424b-9868-57a2d4851a1d" />
    <TestEntry testId="c7dd9ebe-23d8-a151-3d7b-afdfd2b1ad09" executionId="54f230f0-d41f-45c1-9a00-e3cc46fe796a" testListId="8c84fa94-04c1-424b-9868-57a2d4851a1d" />
    <TestEntry testId="1ef18961-90db-36d7-e6ac-72d06cf07631" executionId="e03391e3-40f2-4dc3-968f-272700af595a" testListId="8c84fa94-04c1-424b-9868-57a2d4851a1d" />
    <TestEntry testId="4e7bf584-4130-1028-ea85-680030d2b02c" executionId="4d1dfdb3-ee19-4a62-b1fc-bb2984adf48c" testListId="8c84fa94-04c1-424b-9868-57a2d4851a1d" />
    <TestEntry testId="895f168f-ef1f-dbaf-d3d5-7928b9c5e28c" executionId="133c9732-32d7-4d5f-89c4-4f2c133013df" testListId="8c84fa94-04c1-424b-9868-57a2d4851a1d" />
    <TestEntry testId="5328f579-b86f-2de1-61ec-672d08d3d6da" executionId="32f51e36-490e-4f49-874a-4a435fca5673" testListId="8c84fa94-04c1-424b-9868-57a2d4851a1d" />
    <TestEntry testId="bf725594-24e4-19b3-5d6f-e9eb8dca9cd6" executionId="38b91cc3-b5f7-45ea-a557-1ff8bdd523d4" testListId="8c84fa94-04c1-424b-9868-57a2d4851a1d" />
    <TestEntry testId="49aaa31a-7e02-ad21-dbbf-bc1af2481296" executionId="df29a971-699e-4068-81b7-7d05c7f8644f" testListId="8c84fa94-04c1-424b-9868-57a2d4851a1d" />
    <TestEntry testId="09d71c00-4a98-d651-b677-28f9b32e6ee4" executionId="b0ae4fdc-3aae-461e-bf59-e0c5b8b270f2" testListId="8c84fa94-04c1-424b-9868-57a2d4851a1d" />
    <TestEntry testId="d9a47dd2-a5a4-8a8b-bbd2-5e348fc0c833" executionId="aab983a3-cc5f-4f44-ae41-c1d4ad63f8d6" testListId="8c84fa94-04c1-424b-9868-57a2d4851a1d" />
    <TestEntry testId="eb982e97-6910-41e8-8df6-26550f903ac5" executionId="ad27fc4c-4042-4734-a1fc-a8f0f9628723" testListId="8c84fa94-04c1-424b-9868-57a2d4851a1d" />
    <TestEntry testId="1699779f-213c-c485-8662-cf7313edfa2d" executionId="7728f75b-01c5-489a-bcea-00af23de79c5" testListId="8c84fa94-04c1-424b-9868-57a2d4851a1d" />
    <TestEntry testId="c94ef27e-5ac5-aa2c-bed1-768401894118" executionId="418608e9-e1cf-4d1f-bae8-3500595369f1" testListId="8c84fa94-04c1-424b-9868-57a2d4851a1d" />
    <TestEntry testId="45a8cfba-5adb-77af-529d-051bbac2455a" executionId="8cec6c9d-bfdd-4347-9d53-2fe5fe20c9fa" testListId="8c84fa94-04c1-424b-9868-57a2d4851a1d" />
    <TestEntry testId="f1151323-5d26-26d7-61bf-ba14ccf1980b" executionId="752638e3-2bfe-4652-9092-76c5b4b3a9de" testListId="8c84fa94-04c1-424b-9868-57a2d4851a1d" />
    <TestEntry testId="c2b8d244-3bd9-2838-7e6d-6080c80d4d51" executionId="c447df96-0fee-4277-9cb9-3a1ad4da914c" testListId="8c84fa94-04c1-424b-9868-57a2d4851a1d" />
    <TestEntry testId="fa02f21c-bab0-c52d-eae0-21f368fd6383" executionId="2fa88e5c-c6e8-4a7a-a6b4-56b89a6b9779" testListId="8c84fa94-04c1-424b-9868-57a2d4851a1d" />
    <TestEntry testId="038aa582-1099-ac34-f7ea-4a2954bfd64b" executionId="d5e359df-8ff1-4de8-b1bb-c3e4534bbc8a" testListId="8c84fa94-04c1-424b-9868-57a2d4851a1d" />
    <TestEntry testId="d3b2808b-c92a-3227-4c18-1571a4819bff" executionId="51456b7a-45c6-48a0-8ac3-9aa0a76078f7" testListId="8c84fa94-04c1-424b-9868-57a2d4851a1d" />
    <TestEntry testId="da6148b7-6600-9872-8a4c-44bf99f72ce4" executionId="cd30f6d3-005f-4b13-b8cb-40d856187e39" testListId="8c84fa94-04c1-424b-9868-57a2d4851a1d" />
    <TestEntry testId="0b120139-0a72-2136-21cb-38addb656507" executionId="7147e02d-0821-440e-9a02-6cec7b356c17" testListId="8c84fa94-04c1-424b-9868-57a2d4851a1d" />
    <TestEntry testId="98d49f1a-e8d4-d1e6-b577-9bdf8e8d1bdf" executionId="4fdd048e-4db7-4ba5-9e45-e4f369e42ee8" testListId="8c84fa94-04c1-424b-9868-57a2d4851a1d" />
    <TestEntry testId="58e9059c-40d1-c76e-eea6-9b9f85e4059e" executionId="605f2964-04e0-466f-a077-0d6e5d91a3ff" testListId="8c84fa94-04c1-424b-9868-57a2d4851a1d" />
    <TestEntry testId="d58183f0-800d-b1f7-c9bf-6cff9846e850" executionId="38a96c20-2b32-4254-95d6-d7ad9051ecdc" testListId="8c84fa94-04c1-424b-9868-57a2d4851a1d" />
    <TestEntry testId="42cd2f00-c3ed-4fd2-d3b4-77f13a4aeaf1" executionId="e83c3682-cf98-4787-a623-a364d76db017" testListId="8c84fa94-04c1-424b-9868-57a2d4851a1d" />
    <TestEntry testId="331ce389-6a43-6e86-6b4c-1f97efe9b797" executionId="76dd12a8-4750-40f7-aa2e-a33b6836eaef" testListId="8c84fa94-04c1-424b-9868-57a2d4851a1d" />
    <TestEntry testId="bb8052b9-0d7f-6cbb-5705-d84ce949bb3d" executionId="f220a5ec-7f8a-46ff-bbae-0cc3bef1b4a9" testListId="8c84fa94-04c1-424b-9868-57a2d4851a1d" />
    <TestEntry testId="6662bca0-15e1-c27d-061f-26f0e9d6513c" executionId="9a49cdd5-78e7-4ba0-9d78-65da983687cd" testListId="8c84fa94-04c1-424b-9868-57a2d4851a1d" />
    <TestEntry testId="925e6ac4-6cf7-2335-5391-03d5a3b479a2" executionId="86a51f2b-3671-42f4-807a-c96002aaf0f3" testListId="8c84fa94-04c1-424b-9868-57a2d4851a1d" />
    <TestEntry testId="fa82d116-66f4-bbda-4093-018abadffeae" executionId="d00b7557-2b77-47e2-8b3b-880a60b4bf56" testListId="8c84fa94-04c1-424b-9868-57a2d4851a1d" />
    <TestEntry testId="fff74519-ae56-119f-73d3-46b327a3cc4d" executionId="e85d70c9-51c4-453a-b6d4-d930d64751f7" testListId="8c84fa94-04c1-424b-9868-57a2d4851a1d" />
    <TestEntry testId="f0d1829b-fa5d-ef90-c11d-0e6b1d062e08" executionId="3a15b641-2c3b-4a9d-9fa9-2e35633df79d" testListId="8c84fa94-04c1-424b-9868-57a2d4851a1d" />
    <TestEntry testId="17137882-1b98-5dab-ab64-a3dc73184a59" executionId="81ca55da-7812-4ceb-828f-0b30b9772ac9" testListId="8c84fa94-04c1-424b-9868-57a2d4851a1d" />
    <TestEntry testId="400cab42-9c6a-5204-ccc8-4745849c9577" executionId="e9d11ac5-6fc1-4538-a194-613bf924ea01" testListId="8c84fa94-04c1-424b-9868-57a2d4851a1d" />
    <TestEntry testId="814b44c3-1091-e445-8f3c-0a58954b27ff" executionId="64df637e-dccd-4638-b237-0350a00959f9" testListId="8c84fa94-04c1-424b-9868-57a2d4851a1d" />
    <TestEntry testId="eb271427-bf90-a11e-3833-adf130ec2b4e" executionId="8b7ab8c8-87f2-4f8d-abfb-ecbcdbdd0d28" testListId="8c84fa94-04c1-424b-9868-57a2d4851a1d" />
    <TestEntry testId="a7c9a27c-9e2c-3ea8-44cb-263fe5896d2b" executionId="9e2acf3a-c548-4cd3-9306-9dc72ed12762" testListId="8c84fa94-04c1-424b-9868-57a2d4851a1d" />
    <TestEntry testId="4bf138b3-0b83-1049-fc2c-be7e17bbb712" executionId="147c67df-17f7-4bcb-994a-f507a0676a2e" testListId="8c84fa94-04c1-424b-9868-57a2d4851a1d" />
    <TestEntry testId="140d4636-d2ff-e640-e14b-da38214d9ea0" executionId="f054d0d1-19aa-44b5-962e-882683b0f0df" testListId="8c84fa94-04c1-424b-9868-57a2d4851a1d" />
    <TestEntry testId="a939f8ad-9aff-4e94-88b0-7e15cdbff432" executionId="8fdef27e-e619-4b2b-b0d7-c4233c8d01cd" testListId="8c84fa94-04c1-424b-9868-57a2d4851a1d" />
    <TestEntry testId="02eee52e-e8a1-fb69-0ee2-0572d163080f" executionId="9f2a90c1-3589-45b1-a93f-6cfa3667609f" testListId="8c84fa94-04c1-424b-9868-57a2d4851a1d" />
    <TestEntry testId="2300d5b4-215e-bb81-916f-9e8ec4a724a4" executionId="cf68514b-fc7f-4d6e-a39a-df2c1671fd69" testListId="8c84fa94-04c1-424b-9868-57a2d4851a1d" />
    <TestEntry testId="0060a7cf-7d6b-779a-6cbc-630821363ff4" executionId="25b690bf-471e-44b8-aed5-2e0a8b8e92fd" testListId="8c84fa94-04c1-424b-9868-57a2d4851a1d" />
    <TestEntry testId="d91d563b-c573-c355-03d8-5056a742ce10" executionId="5c7abee5-dd73-4012-833f-a2bd71e63455" testListId="8c84fa94-04c1-424b-9868-57a2d4851a1d" />
    <TestEntry testId="701a9e94-fbfd-6f31-4d08-3ef302c0c448" executionId="892ea2c2-a5f4-4869-bb8f-d63a88e5c894" testListId="8c84fa94-04c1-424b-9868-57a2d4851a1d" />
    <TestEntry testId="f462a512-d459-a2b6-1811-9551c04aba5f" executionId="94a10840-38fe-439b-86de-a5d6865b5cbc" testListId="8c84fa94-04c1-424b-9868-57a2d4851a1d" />
    <TestEntry testId="f3cfb75e-b395-af9f-fc39-5246c9ab9327" executionId="42b79350-dcc4-4805-8d06-162d39bc0f7d" testListId="8c84fa94-04c1-424b-9868-57a2d4851a1d" />
    <TestEntry testId="92010c8f-e9b2-16e3-e5cc-439faa800bb9" executionId="bd59354f-7dd2-4288-a36f-57a316de1540" testListId="8c84fa94-04c1-424b-9868-57a2d4851a1d" />
    <TestEntry testId="6d21136e-0010-e3e0-0e61-d6a804d1df2f" executionId="3965a8ea-b25e-4156-99b8-2cde754f86d3" testListId="8c84fa94-04c1-424b-9868-57a2d4851a1d" />
    <TestEntry testId="b09f5703-0164-517c-e12b-3ff36cb725c2" executionId="74e265af-1216-44e8-99df-3b07baf68dc7" testListId="8c84fa94-04c1-424b-9868-57a2d4851a1d" />
    <TestEntry testId="00de836f-6357-cdb7-23d7-22e6e30a206f" executionId="35d1e369-c193-4dde-b94e-3aa472630aae" testListId="8c84fa94-04c1-424b-9868-57a2d4851a1d" />
    <TestEntry testId="2f7d8c08-84f7-078b-8017-b8bd04cf742f" executionId="69f56400-99e3-4ff7-b9e6-e2a0fe586d03" testListId="8c84fa94-04c1-424b-9868-57a2d4851a1d" />
    <TestEntry testId="214f95bf-13f4-0c43-674f-c7094452466a" executionId="4e425f92-876e-46d3-a576-b20fe352d7ad" testListId="8c84fa94-04c1-424b-9868-57a2d4851a1d" />
    <TestEntry testId="81152cfd-1838-0497-3f84-86a75c970167" executionId="6749d69d-b4b5-42dd-9c2d-5c91a95bdca6" testListId="8c84fa94-04c1-424b-9868-57a2d4851a1d" />
    <TestEntry testId="79845110-5028-bb72-b6a1-2fa941e17166" executionId="ed50539c-9b80-4eda-8895-7d3c59e21ddf" testListId="8c84fa94-04c1-424b-9868-57a2d4851a1d" />
    <TestEntry testId="5ae55ba3-fa14-327b-6d01-305995344223" executionId="4e8111db-b791-4f84-9ed5-95754867eb5d" testListId="8c84fa94-04c1-424b-9868-57a2d4851a1d" />
    <TestEntry testId="da83b8bf-280b-8872-5283-8d4cff2d699b" executionId="4d724112-ce7c-4d47-b91c-3d4d47467873" testListId="8c84fa94-04c1-424b-9868-57a2d4851a1d" />
    <TestEntry testId="cfa27c63-0f3d-dbc3-809c-0d6e7bb70d54" executionId="894fb34e-e70a-48e9-ad1e-d8c3c8bab1a1" testListId="8c84fa94-04c1-424b-9868-57a2d4851a1d" />
    <TestEntry testId="ecba7650-3975-5ae3-dec5-0e05f28719fa" executionId="3e754fed-37c1-4f61-a137-9d503ffa1f35" testListId="8c84fa94-04c1-424b-9868-57a2d4851a1d" />
    <TestEntry testId="848ba6bb-d733-d57d-1659-ea8432648540" executionId="77dbb2e5-d49d-41e4-a1e4-03f8a3d45c90" testListId="8c84fa94-04c1-424b-9868-57a2d4851a1d" />
    <TestEntry testId="f45f69b0-1964-9814-54b8-5b0c073054d9" executionId="5542e137-6d7d-45ca-9826-c77650632924" testListId="8c84fa94-04c1-424b-9868-57a2d4851a1d" />
    <TestEntry testId="84bc7f0b-0ce0-35e9-b40a-88fe24360290" executionId="62b49bc5-b1df-4224-9ac3-8043decfec3e" testListId="8c84fa94-04c1-424b-9868-57a2d4851a1d" />
    <TestEntry testId="47f7042a-d532-1ea5-02a8-dda5cf12b733" executionId="f5b7a1ff-0e87-4343-b369-439c4e691cfe" testListId="8c84fa94-04c1-424b-9868-57a2d4851a1d" />
    <TestEntry testId="8676e345-f316-11f2-2380-22c483a8bff8" executionId="2107a2fa-1015-4e1c-b961-5e9938b8a6dd" testListId="8c84fa94-04c1-424b-9868-57a2d4851a1d" />
    <TestEntry testId="bd1bf360-da2c-3231-5a9d-93d50c7c38ea" executionId="9fc6e263-41c7-4511-93ed-f5f1132e0b8d" testListId="8c84fa94-04c1-424b-9868-57a2d4851a1d" />
    <TestEntry testId="a637795e-87f7-9ac7-1e52-26a63ea9f19a" executionId="377b95ee-22ca-466c-abd4-a88090d8cf0d" testListId="8c84fa94-04c1-424b-9868-57a2d4851a1d" />
    <TestEntry testId="9b4bc9fd-399c-e029-5c8e-7edf47a2e33b" executionId="291e73aa-fb22-4a78-9b89-340fcdccc385" testListId="8c84fa94-04c1-424b-9868-57a2d4851a1d" />
    <TestEntry testId="6ba038e7-7aca-7c55-1d2f-1be78f27d5b9" executionId="550dcb14-ad9e-4f44-92d2-aae06a51be0e" testListId="8c84fa94-04c1-424b-9868-57a2d4851a1d" />
    <TestEntry testId="c9c110b8-ffd9-729f-afd2-f26652eff53b" executionId="a249bef4-01c6-42f7-9054-c00b635d08ab" testListId="8c84fa94-04c1-424b-9868-57a2d4851a1d" />
    <TestEntry testId="cae05cc4-3f2e-01e9-cce8-f063cb3ff389" executionId="0fa29e04-3e58-401f-a537-1e1c724bc260" testListId="8c84fa94-04c1-424b-9868-57a2d4851a1d" />
    <TestEntry testId="6e002333-4b26-32fe-8b4e-ab6c1f05d5c5" executionId="a2bf331d-c599-45c0-8b3b-0ad7a9423b77" testListId="8c84fa94-04c1-424b-9868-57a2d4851a1d" />
    <TestEntry testId="b3715d6e-793d-a50d-d9fe-cd14979ba1a9" executionId="dc7eefa5-eea1-45f0-b08f-03a762191017" testListId="8c84fa94-04c1-424b-9868-57a2d4851a1d" />
    <TestEntry testId="44e293fe-7b3e-555e-34eb-40e67f4a20f6" executionId="87481708-a9c5-45e9-84ba-0232cbabc3da" testListId="8c84fa94-04c1-424b-9868-57a2d4851a1d" />
    <TestEntry testId="e21ca624-4df1-1fa3-8ce2-d48dc503df76" executionId="1e0739cf-2751-4924-8adc-ca5a8e07dc10" testListId="8c84fa94-04c1-424b-9868-57a2d4851a1d" />
    <TestEntry testId="17dd0e35-d346-d941-c4e6-b9011d083ddb" executionId="f33d9335-4ce9-4b44-bbe1-8c2e85e39af6" testListId="8c84fa94-04c1-424b-9868-57a2d4851a1d" />
    <TestEntry testId="180cef14-3429-35c0-623c-d094b3ddb8b6" executionId="aec19bfa-bcd7-4ada-b1d5-30b3e12f0c5b" testListId="8c84fa94-04c1-424b-9868-57a2d4851a1d" />
    <TestEntry testId="020cd719-ead7-f9cf-bc60-400e1dc5d088" executionId="015862dd-3b0a-48f5-aad9-b1d1bba2f5f8" testListId="8c84fa94-04c1-424b-9868-57a2d4851a1d" />
    <TestEntry testId="ddeea70f-4a9d-08f8-e149-06d080bf5942" executionId="8278d42d-c223-4538-8931-6c6a307cb4ab" testListId="8c84fa94-04c1-424b-9868-57a2d4851a1d" />
    <TestEntry testId="5586f576-65aa-2ed0-923a-f23666eced7f" executionId="f2eda2e2-8ccd-4d5f-af30-4565118838dc" testListId="8c84fa94-04c1-424b-9868-57a2d4851a1d" />
    <TestEntry testId="7903e838-fa94-02d9-63a6-ee25f27ba30f" executionId="02ea8495-3499-4244-91e9-75ebe634a136" testListId="8c84fa94-04c1-424b-9868-57a2d4851a1d" />
    <TestEntry testId="334d89bc-5c7d-5854-c072-ee0218f324c7" executionId="d7f2c95f-b8fb-4ce3-a5ac-94df8c036dc0" testListId="8c84fa94-04c1-424b-9868-57a2d4851a1d" />
    <TestEntry testId="44c92dfc-a7aa-14eb-1eef-4f5154cfa6ac" executionId="42cc131a-062a-4f5e-8a68-8ae394595904" testListId="8c84fa94-04c1-424b-9868-57a2d4851a1d" />
    <TestEntry testId="48932418-1f62-7bdf-cc86-4126c16ef45c" executionId="edaf1a10-5968-4481-be7f-5f9b2409e578" testListId="8c84fa94-04c1-424b-9868-57a2d4851a1d" />
    <TestEntry testId="8ae34df3-6643-e362-3022-1ef0bbe5ce9c" executionId="ef3a8467-b95a-4bd7-b21e-4905f99e734c" testListId="8c84fa94-04c1-424b-9868-57a2d4851a1d" />
    <TestEntry testId="28d9bb16-6853-0e84-cd3f-4828ab22f246" executionId="b90fa954-6676-41ed-86d2-baed38f02dda" testListId="8c84fa94-04c1-424b-9868-57a2d4851a1d" />
    <TestEntry testId="5a020242-8019-81df-e2e5-bfe3c1e6df00" executionId="fd9b07f6-bae4-4a15-8e90-cb9d9c328134" testListId="8c84fa94-04c1-424b-9868-57a2d4851a1d" />
    <TestEntry testId="c9a7a3d2-f8b9-1d91-2c01-87f557892d7b" executionId="361e7046-046a-4e0b-84a9-a083058664bc" testListId="8c84fa94-04c1-424b-9868-57a2d4851a1d" />
    <TestEntry testId="90a49eeb-f126-7113-49e0-aa632c039413" executionId="ebafd079-00d8-494b-8645-4fb0648940b2" testListId="8c84fa94-04c1-424b-9868-57a2d4851a1d" />
    <TestEntry testId="ce4e9a58-ef1f-1b7e-e609-74af80e4ab71" executionId="7b8cf1d0-6517-4bfc-9527-bc21e0a65a4f" testListId="8c84fa94-04c1-424b-9868-57a2d4851a1d" />
    <TestEntry testId="c5b7761b-3953-4283-a468-39e062f7e99d" executionId="a1bedc48-344f-49f3-8633-a7133f8cb92e" testListId="8c84fa94-04c1-424b-9868-57a2d4851a1d" />
    <TestEntry testId="6b606b9e-f455-df15-1811-46f78bc2055c" executionId="d349a8c6-30ca-43f6-afce-80a9cfe5d996" testListId="8c84fa94-04c1-424b-9868-57a2d4851a1d" />
    <TestEntry testId="277fc6b6-5f58-c113-1d80-305cc3e5fd84" executionId="f98aa2ab-8a89-4ca7-8e58-7fc5d1773f82" testListId="8c84fa94-04c1-424b-9868-57a2d4851a1d" />
    <TestEntry testId="228de8fd-f6b1-dba2-c494-f08096e8347b" executionId="fad59856-d769-4acd-8602-dd4e17a30afd" testListId="8c84fa94-04c1-424b-9868-57a2d4851a1d" />
    <TestEntry testId="9bb8cd49-82fc-ebc8-007f-e3d78d9810ba" executionId="f3ba1621-afae-42cf-85cc-828a2159ab71" testListId="8c84fa94-04c1-424b-9868-57a2d4851a1d" />
    <TestEntry testId="54dd153f-83e2-7365-ae02-eb6e488901f6" executionId="e621f958-98cc-44df-9ff1-3f6f1edcc11c" testListId="8c84fa94-04c1-424b-9868-57a2d4851a1d" />
    <TestEntry testId="6fdd9ec5-ab0f-3e91-003d-606375197004" executionId="5f7ef3f1-2f7b-43f2-bb4f-a32e8bdc7df0" testListId="8c84fa94-04c1-424b-9868-57a2d4851a1d" />
    <TestEntry testId="1c81e1ad-40e6-cba0-c06b-656128934424" executionId="031ff77b-b2c4-4cde-8394-7a3cc3653b7c" testListId="8c84fa94-04c1-424b-9868-57a2d4851a1d" />
    <TestEntry testId="fd12b567-7270-f32a-f7fc-ac8806efce38" executionId="6c816041-9cdf-4330-b457-82ca3174bcaf" testListId="8c84fa94-04c1-424b-9868-57a2d4851a1d" />
    <TestEntry testId="bbfdcd98-4a67-53c4-f63b-80149f0c30e9" executionId="5b53d7be-127b-43bd-b48e-4976c2ee7319" testListId="8c84fa94-04c1-424b-9868-57a2d4851a1d" />
    <TestEntry testId="c6fcd48b-ffd4-6bbd-9248-acfcbedde785" executionId="055dd858-71ef-402a-abf9-aaf1a9955411" testListId="8c84fa94-04c1-424b-9868-57a2d4851a1d" />
    <TestEntry testId="7be1db44-4e67-7a3d-e0eb-083c81e8453f" executionId="ae63c6fd-305c-43ad-87f5-c8a9a52ed141" testListId="8c84fa94-04c1-424b-9868-57a2d4851a1d" />
    <TestEntry testId="0bc40597-d98c-c38f-6778-3a5fbf5c3ea4" executionId="c3bd2b25-4f05-427c-b464-2220f50639cb" testListId="8c84fa94-04c1-424b-9868-57a2d4851a1d" />
    <TestEntry testId="cbf8ecc8-a66e-d32f-69d9-daba915c625d" executionId="55056455-3dcc-4de3-940e-941f611150a2" testListId="8c84fa94-04c1-424b-9868-57a2d4851a1d" />
    <TestEntry testId="56c2d4c3-d31e-bfd5-0acf-af3d1ca47eec" executionId="b536f6cf-fd96-4a7a-9faf-687ed7c2fec7" testListId="8c84fa94-04c1-424b-9868-57a2d4851a1d" />
    <TestEntry testId="293550f9-f19a-dbc6-e9fd-7ac59010da22" executionId="a402a3ea-5f15-454e-b649-a7c419116d4d" testListId="8c84fa94-04c1-424b-9868-57a2d4851a1d" />
    <TestEntry testId="b3e7bba7-ca67-32b0-b3b0-ecf1c505f518" executionId="b0461d40-cbda-47f0-ba99-cf51782b53a9" testListId="8c84fa94-04c1-424b-9868-57a2d4851a1d" />
    <TestEntry testId="24dc7fee-cb09-a661-783b-128da58745e8" executionId="df20e630-29df-4fa0-a9d0-464951a93f71" testListId="8c84fa94-04c1-424b-9868-57a2d4851a1d" />
    <TestEntry testId="fe6fe29a-db9d-cb84-cfdb-f9d726bdefb8" executionId="0670d4f5-77ab-400e-9065-a825f96e2292" testListId="8c84fa94-04c1-424b-9868-57a2d4851a1d" />
    <TestEntry testId="8f3e1572-8992-38cc-ef41-2f1b72e46026" executionId="a2b22e96-bc02-4a77-bc70-a916eb68139e" testListId="8c84fa94-04c1-424b-9868-57a2d4851a1d" />
    <TestEntry testId="ac63dbb1-70b4-a8a7-db0d-6ec0adf44a32" executionId="a94980c1-a187-4d4f-9c92-e7ad5e1c5f0b" testListId="8c84fa94-04c1-424b-9868-57a2d4851a1d" />
    <TestEntry testId="af8a1e01-f034-68f1-f5a8-1ff8fcf459ff" executionId="a946ecff-f5c3-4c97-9ef6-97d7a9920a26" testListId="8c84fa94-04c1-424b-9868-57a2d4851a1d" />
    <TestEntry testId="b729be7c-9f07-79de-8aba-c386f20e383f" executionId="07d56be1-5b8f-40e2-823b-39e899003a17" testListId="8c84fa94-04c1-424b-9868-57a2d4851a1d" />
    <TestEntry testId="9bc0ca85-f551-4fd7-4da4-95bbafe79d0e" executionId="fcb6e616-5cda-4771-865f-194b0f12c8f3" testListId="8c84fa94-04c1-424b-9868-57a2d4851a1d" />
    <TestEntry testId="654c125e-0150-b681-13c3-3fc37ab6977d" executionId="5b5c9545-cf02-42aa-a0d5-254dd2622724" testListId="8c84fa94-04c1-424b-9868-57a2d4851a1d" />
    <TestEntry testId="097186ba-6b5c-e24c-eb5c-4fadea31cac6" executionId="5a134bf2-97c7-4a22-97d5-a92ca3a5543f" testListId="8c84fa94-04c1-424b-9868-57a2d4851a1d" />
    <TestEntry testId="5bd1fe62-72f9-9f16-7922-7d10de0b5f85" executionId="49f1bf62-5e01-46f3-a18d-b92c54dbf83f" testListId="8c84fa94-04c1-424b-9868-57a2d4851a1d" />
    <TestEntry testId="870a78f5-02a3-2616-4daf-502bdbe47917" executionId="dfefe746-19b2-4cea-9b7d-83a8e19a21c9" testListId="8c84fa94-04c1-424b-9868-57a2d4851a1d" />
    <TestEntry testId="51036b0c-ec3f-123f-d932-0b1e1a893e75" executionId="a83c363b-3fb2-471d-bc16-8958ca1371e6" testListId="8c84fa94-04c1-424b-9868-57a2d4851a1d" />
    <TestEntry testId="44b07eb3-bb0e-ea90-1468-fd78f313ba2e" executionId="21076e16-8afa-4728-a909-bb0b7772d18a" testListId="8c84fa94-04c1-424b-9868-57a2d4851a1d" />
    <TestEntry testId="359220de-de31-b337-e4ce-bf47a1089a2a" executionId="5881ae91-84b3-45f6-8738-3e4c0e44651c" testListId="8c84fa94-04c1-424b-9868-57a2d4851a1d" />
    <TestEntry testId="f07faaab-258c-a224-9ba9-f7dcb1338411" executionId="0487213e-6577-4d9e-894f-cbcc1f9e78e8" testListId="8c84fa94-04c1-424b-9868-57a2d4851a1d" />
    <TestEntry testId="d1b8f26e-eed3-39ef-a4a9-7c1ce215beed" executionId="38af19c6-1a8a-4f27-b425-cbf06c4f29e3" testListId="8c84fa94-04c1-424b-9868-57a2d4851a1d" />
    <TestEntry testId="d9fd3bb7-f763-98d5-19b8-c3236ddd0b76" executionId="7b9af0cf-26bd-42f6-9a9b-10003f4c343f" testListId="8c84fa94-04c1-424b-9868-57a2d4851a1d" />
    <TestEntry testId="8176559a-9714-d7b5-5f32-2cad44158d0a" executionId="ff4578ed-40a8-4eaf-b14f-e7c87cd2c1f2" testListId="8c84fa94-04c1-424b-9868-57a2d4851a1d" />
    <TestEntry testId="41b25af7-0e4d-b825-4998-b4f4dc3fc034" executionId="e4e7487f-4cf9-4ad8-b574-5faf1ff7f9d2" testListId="8c84fa94-04c1-424b-9868-57a2d4851a1d" />
    <TestEntry testId="fdc8054a-9298-f432-baf0-87ecc3051c38" executionId="37f2a075-e5e0-4f11-bb0d-e38f83e25e77" testListId="8c84fa94-04c1-424b-9868-57a2d4851a1d" />
    <TestEntry testId="d4c7c9d0-514b-8d3c-486d-e47375b6e0b5" executionId="eb6a4ca8-0778-4240-be8e-4b69a5b96cb5" testListId="8c84fa94-04c1-424b-9868-57a2d4851a1d" />
    <TestEntry testId="5e8be9ea-9c1e-b9a7-4a4e-902f22717681" executionId="5e4da52e-ad05-49ec-aae5-a3d4abe859a8" testListId="8c84fa94-04c1-424b-9868-57a2d4851a1d" />
    <TestEntry testId="0c2529dc-0555-fdfa-4449-a2f05006593e" executionId="c835b80a-df3d-4a90-9cd4-d98121f69de6" testListId="8c84fa94-04c1-424b-9868-57a2d4851a1d" />
    <TestEntry testId="fe44f84d-30aa-2d4d-2b56-13f619f4ab2c" executionId="44ea4dd9-3455-4a32-86e3-56efbf96a885" testListId="8c84fa94-04c1-424b-9868-57a2d4851a1d" />
    <TestEntry testId="578fbd90-f4c3-8de4-d783-ce16ef77078b" executionId="b3a7d44f-e420-49bc-b0a4-9aed10e0f943" testListId="8c84fa94-04c1-424b-9868-57a2d4851a1d" />
    <TestEntry testId="3268d9a5-6188-887b-f99a-7ca45da84d67" executionId="603926ca-52a2-4d60-ae0c-99acc16e361a" testListId="8c84fa94-04c1-424b-9868-57a2d4851a1d" />
    <TestEntry testId="ae403006-4087-a77f-6b0b-96fea214b1e1" executionId="4b4f295f-0105-4e3a-b898-b872e4120e79" testListId="8c84fa94-04c1-424b-9868-57a2d4851a1d" />
    <TestEntry testId="3172a508-3b20-8a09-1780-16bb924190d5" executionId="65e031cd-4c89-4ef4-9b79-0df869cc6a2a" testListId="8c84fa94-04c1-424b-9868-57a2d4851a1d" />
    <TestEntry testId="9b9502bb-e564-358f-f170-c2c5168360ad" executionId="ab430fa0-117f-471b-ad55-612548bfeedb" testListId="8c84fa94-04c1-424b-9868-57a2d4851a1d" />
    <TestEntry testId="17e8a224-feaf-8dd3-5c7e-e39903517b50" executionId="e6604f4d-eada-48b6-b5eb-79950b02e302" testListId="8c84fa94-04c1-424b-9868-57a2d4851a1d" />
    <TestEntry testId="04be2575-e268-472a-1395-bf60c6aa909d" executionId="8bc050be-d34f-416b-99b1-90792188736b" testListId="8c84fa94-04c1-424b-9868-57a2d4851a1d" />
    <TestEntry testId="0cfac06d-45ea-6650-24e5-9e00c243cffe" executionId="895038b8-daf7-473f-9588-5336b2ff42bd" testListId="8c84fa94-04c1-424b-9868-57a2d4851a1d" />
    <TestEntry testId="4be67756-9f8c-4335-cce3-3736f7c995ce" executionId="23645308-a0bd-4a86-95fd-6def8d4edcfa" testListId="8c84fa94-04c1-424b-9868-57a2d4851a1d" />
    <TestEntry testId="0b6cf8aa-8ffa-5e8b-5b41-96fa972b797f" executionId="0b8c6484-526e-4916-98e1-bc41702471d2" testListId="8c84fa94-04c1-424b-9868-57a2d4851a1d" />
    <TestEntry testId="24e3866f-0937-3443-0a09-23a20b954971" executionId="cbbf38d8-6bcf-423a-98e2-4d63ce2800b1" testListId="8c84fa94-04c1-424b-9868-57a2d4851a1d" />
    <TestEntry testId="4498977b-6f5f-b0a1-b810-2f67c0f8d285" executionId="bb6182ad-5826-4bfb-8c6f-9c83df60741c" testListId="8c84fa94-04c1-424b-9868-57a2d4851a1d" />
    <TestEntry testId="25fc2d6b-8a9d-88b5-28bd-5b8b45b10f51" executionId="c9675225-a88d-4292-89a9-3002b2b0abb9" testListId="8c84fa94-04c1-424b-9868-57a2d4851a1d" />
    <TestEntry testId="bdffd39d-8faf-9311-007a-4ff4eb54208c" executionId="fa52e924-7641-4d60-9d52-c34e43799d85" testListId="8c84fa94-04c1-424b-9868-57a2d4851a1d" />
    <TestEntry testId="085c3d7d-6e1c-e793-bf30-c180528abe63" executionId="7a0a315a-c1b6-47c6-967b-0a868b7a1a4c" testListId="8c84fa94-04c1-424b-9868-57a2d4851a1d" />
    <TestEntry testId="4fcefa30-ff2f-bc62-b521-4e9446aaa0c4" executionId="f5f114fa-e2b2-4f0b-9c51-d4ebfa915645" testListId="8c84fa94-04c1-424b-9868-57a2d4851a1d" />
    <TestEntry testId="892cf9bf-89fe-87d4-67e2-be504297f336" executionId="8bf04c03-0d5d-4444-a3d7-684f8badb0c3" testListId="8c84fa94-04c1-424b-9868-57a2d4851a1d" />
    <TestEntry testId="f12ccb5b-8d1e-2103-3975-a81a06514bc1" executionId="a5116b4a-74e4-4cb7-bf72-e3fd57eb31be" testListId="8c84fa94-04c1-424b-9868-57a2d4851a1d" />
    <TestEntry testId="1878fdc3-88e9-13e8-4994-3895d8df68b1" executionId="8ce1dc28-ad84-407c-ac69-6adb7fd2e00c" testListId="8c84fa94-04c1-424b-9868-57a2d4851a1d" />
    <TestEntry testId="9f715537-c981-69df-7c00-d57fbc784187" executionId="4ea8dfec-1dc7-4f9a-86e4-0c205d4ad53e" testListId="8c84fa94-04c1-424b-9868-57a2d4851a1d" />
    <TestEntry testId="19e72e39-ad5e-4d7a-ab54-4085ade96b89" executionId="be4fb567-9cc3-40b2-9566-718486df1aab" testListId="8c84fa94-04c1-424b-9868-57a2d4851a1d" />
    <TestEntry testId="8c622a3b-1116-4001-2a22-96ebe7130253" executionId="e208bbd7-672a-4657-874d-b6bac1e837cf" testListId="8c84fa94-04c1-424b-9868-57a2d4851a1d" />
    <TestEntry testId="8eb6df06-849a-a716-93c4-65fa270b6ed4" executionId="ebd567d5-7578-444b-b0e0-822e5cf1580e" testListId="8c84fa94-04c1-424b-9868-57a2d4851a1d" />
    <TestEntry testId="c5afa298-8f0d-9dbe-d316-550a5369aee1" executionId="8e60f68a-8011-499a-95f0-af0edcd0af1a" testListId="8c84fa94-04c1-424b-9868-57a2d4851a1d" />
    <TestEntry testId="7267d14a-905e-ed0b-3f59-357c304b6d03" executionId="a48a45ac-c7d7-4ec0-b253-5d8bc70be0e9" testListId="8c84fa94-04c1-424b-9868-57a2d4851a1d" />
    <TestEntry testId="a2d22fb6-b833-1faf-20c3-af750a7bb5ed" executionId="b5ae8b65-42df-44dd-9c0b-1b6cdc999732" testListId="8c84fa94-04c1-424b-9868-57a2d4851a1d" />
    <TestEntry testId="5c7e8275-277f-e711-c3ff-c39690c06e79" executionId="28b7f540-6eba-4a69-ace9-691005d821ac" testListId="8c84fa94-04c1-424b-9868-57a2d4851a1d" />
    <TestEntry testId="f9b48e21-1870-344f-0be9-56ea386d31b7" executionId="f2a86c59-21c7-419c-b557-39698f9e5dd5" testListId="8c84fa94-04c1-424b-9868-57a2d4851a1d" />
    <TestEntry testId="7a0efd68-13b5-bfe6-713a-3928a9a077ef" executionId="c42c5cd8-4e51-4ac7-9d59-6db623ad7afe" testListId="8c84fa94-04c1-424b-9868-57a2d4851a1d" />
    <TestEntry testId="59e81b3b-d639-f14a-a05b-61ecda44bb4d" executionId="0516efd4-09e8-4eb6-b70a-47ab338dda10" testListId="8c84fa94-04c1-424b-9868-57a2d4851a1d" />
    <TestEntry testId="bf83d4f0-8412-4bb4-a6fe-ae3c55442c13" executionId="e936321d-4428-4efd-bd97-a2288bf3ecc0" testListId="8c84fa94-04c1-424b-9868-57a2d4851a1d" />
    <TestEntry testId="9d029d60-e59b-5aa4-40ac-cf1b39f2dbb4" executionId="b260a590-4f4e-492b-8b98-4e7e96d002cc" testListId="8c84fa94-04c1-424b-9868-57a2d4851a1d" />
    <TestEntry testId="6bd84278-5994-ed00-bd1b-862958dffbeb" executionId="d53f5f75-44d2-4f5c-9cf1-f8f376789e32" testListId="8c84fa94-04c1-424b-9868-57a2d4851a1d" />
    <TestEntry testId="5172a60d-0f2d-a81d-73cd-e89023aa0792" executionId="a2d833c3-b0f7-4677-bbc3-6ba21ca5c369" testListId="8c84fa94-04c1-424b-9868-57a2d4851a1d" />
    <TestEntry testId="392465ce-e362-d70e-57c8-0dd695141541" executionId="103c6439-f529-4fdf-beab-2012de38e9c8" testListId="8c84fa94-04c1-424b-9868-57a2d4851a1d" />
    <TestEntry testId="f7aaa866-7cdf-0a01-f929-b7c561999fce" executionId="70d1d469-593d-47af-ad66-1f8947c33536" testListId="8c84fa94-04c1-424b-9868-57a2d4851a1d" />
    <TestEntry testId="256c58d4-b7c8-9c73-fcf4-eae9d6ac058c" executionId="f3b21e6d-a218-4266-9ed6-33f3b450bc8c" testListId="8c84fa94-04c1-424b-9868-57a2d4851a1d" />
    <TestEntry testId="3ed6fd7a-0a23-df9c-ce68-23c26c0bc58d" executionId="edb61631-51f6-4c51-8f04-c99a03d20771" testListId="8c84fa94-04c1-424b-9868-57a2d4851a1d" />
    <TestEntry testId="ca2f58d8-7d44-ccd3-1bbc-c71f67b4efe5" executionId="07266bb5-4b77-478e-b0d0-0221c682989f" testListId="8c84fa94-04c1-424b-9868-57a2d4851a1d" />
    <TestEntry testId="922199a4-abb7-6612-d305-65be30b6a84b" executionId="2125fe71-0826-42ae-a6f1-0da68008f9e5" testListId="8c84fa94-04c1-424b-9868-57a2d4851a1d" />
    <TestEntry testId="439735fe-3cea-0d38-7a98-1845127a96dd" executionId="92fb7644-a313-4106-b3dc-a168ea45c84a" testListId="8c84fa94-04c1-424b-9868-57a2d4851a1d" />
    <TestEntry testId="e801d28a-4b0f-14f9-07e3-71d81f556d62" executionId="be1acfc8-1565-458a-bec0-296aa3d8c044" testListId="8c84fa94-04c1-424b-9868-57a2d4851a1d" />
    <TestEntry testId="9e469ce6-4255-8831-f854-13619cd46ed0" executionId="88cc57a3-8c10-4bff-abc9-f8fbd685a9f2" testListId="8c84fa94-04c1-424b-9868-57a2d4851a1d" />
    <TestEntry testId="3b28b394-aa59-dfba-53b0-b91ec7b9ebe7" executionId="66aa5d33-73f7-4db0-bb05-4071354f1755" testListId="8c84fa94-04c1-424b-9868-57a2d4851a1d" />
    <TestEntry testId="8dc5891b-b1f0-a826-9e05-c035288bd8f4" executionId="d46241cf-a34c-4c22-9248-0cea0b62b17a" testListId="8c84fa94-04c1-424b-9868-57a2d4851a1d" />
    <TestEntry testId="6dcdd3b4-2124-6fd5-692f-4e5176cac37f" executionId="424b288b-48f6-436f-b381-8c0390e532c8" testListId="8c84fa94-04c1-424b-9868-57a2d4851a1d" />
    <TestEntry testId="0179185d-0e76-2ac6-8ccd-26b2aa52be01" executionId="275de1e1-ef19-43bc-92af-3b9afe1768ca" testListId="8c84fa94-04c1-424b-9868-57a2d4851a1d" />
    <TestEntry testId="fe78a509-dc5c-69c5-d0e7-30132015bdf6" executionId="43196790-535e-42d3-9a85-4bfe60785977" testListId="8c84fa94-04c1-424b-9868-57a2d4851a1d" />
    <TestEntry testId="46285c06-5d8a-b9e7-804d-1b2399c46174" executionId="146f0fc3-2e8d-428a-be69-391401a35d8a" testListId="8c84fa94-04c1-424b-9868-57a2d4851a1d" />
    <TestEntry testId="beddb458-e2be-33a8-928b-5dce4b3ccb9b" executionId="ca523ea3-293c-4ee0-bad2-6616e1575643" testListId="8c84fa94-04c1-424b-9868-57a2d4851a1d" />
    <TestEntry testId="71fcb95f-92fa-e4da-9a1e-2b133b5f0771" executionId="1d0513f7-acf4-444f-96ab-c91b5c752fe2" testListId="8c84fa94-04c1-424b-9868-57a2d4851a1d" />
    <TestEntry testId="5a7d8e2f-4b41-6c44-3c53-3d5ca38a40ad" executionId="ff24b700-e225-47a8-942b-7737c3e8d54f" testListId="8c84fa94-04c1-424b-9868-57a2d4851a1d" />
    <TestEntry testId="caef139d-d0c0-c47a-22e0-3cedb93737c4" executionId="e9afa8a6-5d67-4652-b640-4e41a713835c" testListId="8c84fa94-04c1-424b-9868-57a2d4851a1d" />
    <TestEntry testId="c1d9b767-7dbc-9a0f-c807-78cc5f3e221d" executionId="3ac15db3-5ab3-4d47-8af3-76188a23cf5b" testListId="8c84fa94-04c1-424b-9868-57a2d4851a1d" />
    <TestEntry testId="815f0809-a1e1-52dd-ff35-a6d8893f236d" executionId="4be36504-e559-46e1-a0f5-b1f0618fe4f0" testListId="8c84fa94-04c1-424b-9868-57a2d4851a1d" />
    <TestEntry testId="a6f74019-616e-de33-c90f-95c6c2b5a9ec" executionId="5e50a334-e714-44a1-89b9-06ba64f3460b" testListId="8c84fa94-04c1-424b-9868-57a2d4851a1d" />
    <TestEntry testId="a11f9426-6cd6-7a74-7db6-4a20787aa55f" executionId="28cfea40-2b30-4dd4-8440-f4873c9c7750" testListId="8c84fa94-04c1-424b-9868-57a2d4851a1d" />
    <TestEntry testId="434f1ed4-57be-ed2a-9937-c161bb7d6b39" executionId="3e110cdd-457e-43fe-b600-12f45c14bd5d" testListId="8c84fa94-04c1-424b-9868-57a2d4851a1d" />
    <TestEntry testId="ee697482-e58d-4fd5-921e-69fc2cf9eabc" executionId="82acf687-1fb3-46f7-bba2-7d083f6ed5dc" testListId="8c84fa94-04c1-424b-9868-57a2d4851a1d" />
    <TestEntry testId="00b670ac-948f-9d5b-cf20-783fa01fc718" executionId="3436603e-0952-4e07-9a52-0a554775357f" testListId="8c84fa94-04c1-424b-9868-57a2d4851a1d" />
    <TestEntry testId="c5d5cf5a-0d3a-2158-0a5c-fad67acf5529" executionId="375992f6-a919-440b-a9bc-6719dd8ec6c3" testListId="8c84fa94-04c1-424b-9868-57a2d4851a1d" />
    <TestEntry testId="05d9a61b-d2c4-77e9-83cf-f10ade674148" executionId="d89095f5-fc10-4100-87e0-390779f75908" testListId="8c84fa94-04c1-424b-9868-57a2d4851a1d" />
    <TestEntry testId="af503b51-4c91-8b12-8f56-8dc16b707020" executionId="4a6bd4ec-43da-4acb-867b-f8e3decde628" testListId="8c84fa94-04c1-424b-9868-57a2d4851a1d" />
    <TestEntry testId="d25dad95-b693-9332-fd8b-7c3131ed30fe" executionId="83ec45ed-6f2f-4ebf-8f45-768288844e01" testListId="8c84fa94-04c1-424b-9868-57a2d4851a1d" />
    <TestEntry testId="6234419f-a061-d5c2-83e5-b10d0983e12c" executionId="736799e4-6d0f-4050-b1bc-84f70a737bcb" testListId="8c84fa94-04c1-424b-9868-57a2d4851a1d" />
    <TestEntry testId="5b86b05a-bb84-34bb-722e-930e753cfe1b" executionId="06639264-5a89-4f71-86c8-f1b777050ecb" testListId="8c84fa94-04c1-424b-9868-57a2d4851a1d" />
    <TestEntry testId="5f8c0bd3-e38d-c17b-4e92-5233e5581156" executionId="843e297c-5cbf-4271-ba16-feb5c6e6a6fa" testListId="8c84fa94-04c1-424b-9868-57a2d4851a1d" />
    <TestEntry testId="167930d6-310f-3ba1-8895-869583ad7869" executionId="3a3e2701-5826-48cf-b7a9-9d3a5cb28d6d" testListId="8c84fa94-04c1-424b-9868-57a2d4851a1d" />
    <TestEntry testId="282a0ed0-dc8b-b2b0-b06b-2d62645a57cb" executionId="1de03200-a9f3-4b38-bd8d-53c2b0922527" testListId="8c84fa94-04c1-424b-9868-57a2d4851a1d" />
    <TestEntry testId="110e53b6-9491-2024-789c-b060e11fb64d" executionId="02ae5cd8-468d-42ea-b8e7-8cb4564ba3f2" testListId="8c84fa94-04c1-424b-9868-57a2d4851a1d" />
    <TestEntry testId="88130576-72a8-5526-9119-49bfb3199c00" executionId="20ec9379-a4cc-4074-903d-9c9d5034540d" testListId="8c84fa94-04c1-424b-9868-57a2d4851a1d" />
    <TestEntry testId="36c5d6f1-e7a7-671b-e056-9c070a40b2f3" executionId="348ec0ff-26c3-4562-8c31-311152788441" testListId="8c84fa94-04c1-424b-9868-57a2d4851a1d" />
    <TestEntry testId="6d4639a5-3066-a0c9-83ac-b43c94ac297c" executionId="c98f5a81-51ee-4328-9866-98ac1a1674bc" testListId="8c84fa94-04c1-424b-9868-57a2d4851a1d" />
    <TestEntry testId="d9c004a1-5204-4064-dc82-d90ea59ce33d" executionId="50ee5267-e735-4f56-ae5d-ec55d2653c69" testListId="8c84fa94-04c1-424b-9868-57a2d4851a1d" />
    <TestEntry testId="7123cc34-4cd2-7992-9bdb-4f9e7ef58a28" executionId="fc014c7b-35ae-4f1a-8d5a-f3de966f9d76" testListId="8c84fa94-04c1-424b-9868-57a2d4851a1d" />
    <TestEntry testId="d2053c33-6ddf-dc14-103e-32c4edca6fe7" executionId="49f1358d-40d7-4df9-8e23-d92ddb24fa13" testListId="8c84fa94-04c1-424b-9868-57a2d4851a1d" />
    <TestEntry testId="37f03147-5c61-397a-411b-d578c25c5f13" executionId="a725e197-adb2-41e2-af08-48a0d661a954" testListId="8c84fa94-04c1-424b-9868-57a2d4851a1d" />
    <TestEntry testId="746f3e17-ba96-edf3-d6be-1a2e2ab6dde3" executionId="f6619a37-25b9-4716-92fb-9c911b687d6a" testListId="8c84fa94-04c1-424b-9868-57a2d4851a1d" />
    <TestEntry testId="9fe8da10-8aac-f0d0-c4d7-2104ce58e5c8" executionId="8cacc2e4-0272-4e05-a52a-0f1aef348ac4" testListId="8c84fa94-04c1-424b-9868-57a2d4851a1d" />
    <TestEntry testId="3c4441c2-9c61-d2e5-9bfd-b8000e98b4c3" executionId="901cb245-aee3-4813-b9bf-6944e5d95441" testListId="8c84fa94-04c1-424b-9868-57a2d4851a1d" />
    <TestEntry testId="efd795d9-a5dc-20ba-8f86-46e3504243fc" executionId="0b10057f-29d1-4bcf-9097-7777ec3ac183" testListId="8c84fa94-04c1-424b-9868-57a2d4851a1d" />
    <TestEntry testId="26aa484b-9c90-53f6-6bcc-63e83a9fb3bb" executionId="c48c940f-d016-49f5-9cfd-2ff9a1d7320d" testListId="8c84fa94-04c1-424b-9868-57a2d4851a1d" />
    <TestEntry testId="e47679f1-aa6a-3902-838c-1a6b5f337574" executionId="c430272f-1178-4480-9687-7a5c0ebd1d3b" testListId="8c84fa94-04c1-424b-9868-57a2d4851a1d" />
    <TestEntry testId="b8181481-573a-9f98-be00-c727e1911de5" executionId="447b6f97-6829-45f4-9f78-ee28ff1b4f56" testListId="8c84fa94-04c1-424b-9868-57a2d4851a1d" />
    <TestEntry testId="c13397aa-9702-d18c-d487-cb8fabba724a" executionId="c89b1599-17dc-4025-893e-d99cce0d95a3" testListId="8c84fa94-04c1-424b-9868-57a2d4851a1d" />
    <TestEntry testId="97bedf67-88cb-c0b7-0b16-316e175fcd88" executionId="0ce5d6b4-55d5-489d-8bcf-27fab4679f18" testListId="8c84fa94-04c1-424b-9868-57a2d4851a1d" />
    <TestEntry testId="2fedcdae-1fd3-4f11-ca07-0451346ba813" executionId="39e82240-14de-43d7-ab16-2664028e10a8" testListId="8c84fa94-04c1-424b-9868-57a2d4851a1d" />
    <TestEntry testId="b30156a1-bc2e-e7b0-5f62-fc7e5acbc3ba" executionId="2d07af7b-3bee-49ea-8350-e5525187769f" testListId="8c84fa94-04c1-424b-9868-57a2d4851a1d" />
    <TestEntry testId="cc398a1a-0bed-39bc-7579-b66776428f73" executionId="a9709e48-81be-4367-b3d0-2d652f2b4122" testListId="8c84fa94-04c1-424b-9868-57a2d4851a1d" />
    <TestEntry testId="840e415b-43df-a808-4053-fc47aabdb180" executionId="eb355764-0a64-4f87-9346-b6f8d74b73e0" testListId="8c84fa94-04c1-424b-9868-57a2d4851a1d" />
    <TestEntry testId="0ddf0d8f-f305-2dcc-9582-2e62b2ea7bff" executionId="7361cf4c-9f51-4657-b29a-f752b5b0b0b4" testListId="8c84fa94-04c1-424b-9868-57a2d4851a1d" />
    <TestEntry testId="a639fd89-e6c8-1863-5003-0452785586d2" executionId="15a8edf0-2e47-4eda-9169-fcc15659fc7e" testListId="8c84fa94-04c1-424b-9868-57a2d4851a1d" />
    <TestEntry testId="188aac04-2378-359a-6897-1c65fc811818" executionId="5528be15-e8cf-44e6-9b2d-282518e6eca1" testListId="8c84fa94-04c1-424b-9868-57a2d4851a1d" />
    <TestEntry testId="8996bb47-b8e8-8292-82f4-2b6ba000de7d" executionId="0ee1d870-f2fe-40e7-9b20-8e790b0e8700" testListId="8c84fa94-04c1-424b-9868-57a2d4851a1d" />
    <TestEntry testId="563a4427-92e3-4255-d1b4-33d3b66becd2" executionId="9039c837-1657-4c49-910a-e721c01efa08" testListId="8c84fa94-04c1-424b-9868-57a2d4851a1d" />
    <TestEntry testId="aa7d3d44-6acf-2386-eee5-bdbd5c074d31" executionId="0c64aeef-0319-4437-a7f3-6221802b9552" testListId="8c84fa94-04c1-424b-9868-57a2d4851a1d" />
    <TestEntry testId="7d8dd691-41c4-3577-27e5-2fa0f475ad50" executionId="165f9562-ee80-40c8-a04c-50fc4b5fd5c0" testListId="8c84fa94-04c1-424b-9868-57a2d4851a1d" />
    <TestEntry testId="007d9bc8-1abc-bb51-be83-01e9ea4153cf" executionId="84652b8d-0d2d-459e-ad48-7d1d0d29aa7e" testListId="8c84fa94-04c1-424b-9868-57a2d4851a1d" />
    <TestEntry testId="b7af2352-ad18-35d7-8e62-547a02ef5f24" executionId="50252a3e-c101-42b8-9b1d-55e0c95ef379" testListId="8c84fa94-04c1-424b-9868-57a2d4851a1d" />
    <TestEntry testId="0820acf8-2f2e-99a7-b90a-840db9909bf9" executionId="035cd211-3aa0-4d98-bba1-48aa9d06c8f0" testListId="8c84fa94-04c1-424b-9868-57a2d4851a1d" />
    <TestEntry testId="295cee6b-709e-cab7-0043-8364f381a576" executionId="05433edc-fea3-429b-8e82-1f3e810f31c4" testListId="8c84fa94-04c1-424b-9868-57a2d4851a1d" />
    <TestEntry testId="0faf2467-d921-0f06-47b8-554f38a45f5d" executionId="4cb641c0-66ea-40f9-a291-58e1ca3c40bc" testListId="8c84fa94-04c1-424b-9868-57a2d4851a1d" />
    <TestEntry testId="feea940c-d019-7a3d-535a-843f2a7d332a" executionId="5f2ccfa3-ffd4-4e77-b460-291856b65e0a" testListId="8c84fa94-04c1-424b-9868-57a2d4851a1d" />
    <TestEntry testId="e480fe3f-69e5-9340-7e23-5cf5eb1cd18c" executionId="89c5023a-c5fd-46fc-8a9b-f1bd4aaf9b1b" testListId="8c84fa94-04c1-424b-9868-57a2d4851a1d" />
    <TestEntry testId="d8f20222-91a2-d43e-250f-0e703e3acac6" executionId="824450c6-795d-496d-8d50-e1ec441fa447" testListId="8c84fa94-04c1-424b-9868-57a2d4851a1d" />
    <TestEntry testId="6735ec6d-c643-2180-df0c-697ba66d2168" executionId="2e5783e0-74ce-4da6-bb67-0f4881bad5b7" testListId="8c84fa94-04c1-424b-9868-57a2d4851a1d" />
    <TestEntry testId="7ce2e47a-e675-1f61-3081-6c66fad05114" executionId="14454b5e-fce4-4774-9ba1-a1752f1c20c4" testListId="8c84fa94-04c1-424b-9868-57a2d4851a1d" />
    <TestEntry testId="f25687d0-8624-df29-3352-ecd84ed76272" executionId="17787848-3761-4924-b77f-875fc7bea870" testListId="8c84fa94-04c1-424b-9868-57a2d4851a1d" />
    <TestEntry testId="6cde2c40-bf50-66b9-8d27-63139a26db80" executionId="1b051a46-6bf0-4016-a24e-38bd2285035e" testListId="8c84fa94-04c1-424b-9868-57a2d4851a1d" />
    <TestEntry testId="e723fdad-080d-12fd-6d07-21108f8a89f2" executionId="1299037e-5a2d-46f8-8541-fc5e6458dff8" testListId="8c84fa94-04c1-424b-9868-57a2d4851a1d" />
    <TestEntry testId="a8789e40-e481-6de9-b115-199cb1f80418" executionId="a203b7be-dcca-4f6f-8db2-7c550ff9c900" testListId="8c84fa94-04c1-424b-9868-57a2d4851a1d" />
    <TestEntry testId="f3a5b247-3b24-0ea7-7255-f041d6039c09" executionId="f75f501c-7968-41f7-ba08-f732fee0a8de" testListId="8c84fa94-04c1-424b-9868-57a2d4851a1d" />
    <TestEntry testId="348fe9e9-00d1-15e5-0ddd-f947d8606790" executionId="d21efa58-1686-425e-9249-d200a47b93e5" testListId="8c84fa94-04c1-424b-9868-57a2d4851a1d" />
    <TestEntry testId="f3839716-0401-bbea-24a2-e63c88af283e" executionId="b397d880-6cec-4eeb-ae16-c3569bf123bb" testListId="8c84fa94-04c1-424b-9868-57a2d4851a1d" />
    <TestEntry testId="14eda4ab-e113-4b78-3194-c96624416e8d" executionId="547bd031-eb3d-4e8e-aadb-eed3feb2b530" testListId="8c84fa94-04c1-424b-9868-57a2d4851a1d" />
    <TestEntry testId="68edb6a3-c0c2-a992-9265-1a503182c8f2" executionId="1eb02ff5-7ce7-4770-83d9-09bcd8edb89e" testListId="8c84fa94-04c1-424b-9868-57a2d4851a1d" />
    <TestEntry testId="59c5f839-eb10-60b5-38de-ae5d4550d7fc" executionId="181b03ad-f976-46d7-b054-bf49d5477ac1" testListId="8c84fa94-04c1-424b-9868-57a2d4851a1d" />
    <TestEntry testId="4bca29c8-0b3c-ae5d-aadc-61033fd6fd4b" executionId="3982e5f7-e903-4248-9132-a54f4344a181" testListId="8c84fa94-04c1-424b-9868-57a2d4851a1d" />
    <TestEntry testId="1ba3b175-f6b5-3e8e-b84e-f239d1943b12" executionId="53ce7d02-ecbc-4cda-9e03-3410b057dd93" testListId="8c84fa94-04c1-424b-9868-57a2d4851a1d" />
    <TestEntry testId="3c15de3c-9eaa-150e-9bd0-bb36e87746ee" executionId="e4a17d9d-fb1b-42c2-bde9-a548bd2bc1dc" testListId="8c84fa94-04c1-424b-9868-57a2d4851a1d" />
    <TestEntry testId="29014d64-471a-0563-129e-4602a5966404" executionId="5fcedaaa-a556-46b0-85d9-7c2d6d0763af" testListId="8c84fa94-04c1-424b-9868-57a2d4851a1d" />
    <TestEntry testId="5480c5eb-94b4-ea10-ff3c-b9f3ab143876" executionId="719c7b60-528d-4333-96b4-b031aa64438b" testListId="8c84fa94-04c1-424b-9868-57a2d4851a1d" />
    <TestEntry testId="55e347be-6a81-140d-0988-eb00e8fa429d" executionId="93f8ee65-1295-4692-b611-fe5b41cb813c" testListId="8c84fa94-04c1-424b-9868-57a2d4851a1d" />
    <TestEntry testId="893edf9a-eddd-bf3b-15c3-29db41cf3c2b" executionId="d8ad5e72-0f27-414e-8b0f-d732dd761115" testListId="8c84fa94-04c1-424b-9868-57a2d4851a1d" />
    <TestEntry testId="d95e54de-0c31-404f-ee57-38e99d7c3c38" executionId="0a621181-b76a-45a0-8698-f3631505e39e" testListId="8c84fa94-04c1-424b-9868-57a2d4851a1d" />
    <TestEntry testId="1be6afb8-f968-a989-eae8-6a0808a7e55f" executionId="78337d99-3726-4372-8669-e7a40016fa28" testListId="8c84fa94-04c1-424b-9868-57a2d4851a1d" />
    <TestEntry testId="ce4561b8-e284-7e86-d2e2-c6002129d32f" executionId="6c18789d-c0ee-407c-8a5a-d94dd44e3275" testListId="8c84fa94-04c1-424b-9868-57a2d4851a1d" />
    <TestEntry testId="7e8c2862-a291-8bb0-763f-1c9380632c18" executionId="373b7adf-7ff1-49a7-81ca-98b4a4c8224b" testListId="8c84fa94-04c1-424b-9868-57a2d4851a1d" />
    <TestEntry testId="4b15d047-fd20-b5a0-8d84-16c1612a9ee4" executionId="c8bce0d2-ccb8-4bf0-9dbe-db88cc890af4" testListId="8c84fa94-04c1-424b-9868-57a2d4851a1d" />
    <TestEntry testId="5712cebd-11cd-a52c-3868-1cefd238d8d1" executionId="3ca19ab8-475b-45e2-8925-7b0dba61ba57" testListId="8c84fa94-04c1-424b-9868-57a2d4851a1d" />
    <TestEntry testId="6cf378f4-37fc-78a2-0156-bb80e014b168" executionId="f3d3b5f5-563e-46a7-aeb9-56bc32607c38" testListId="8c84fa94-04c1-424b-9868-57a2d4851a1d" />
    <TestEntry testId="8a4d5b95-e3d1-89b6-6fba-4d4e49b6be66" executionId="f3fbdf14-6a13-47ef-ab70-e54fa9588c57" testListId="8c84fa94-04c1-424b-9868-57a2d4851a1d" />
    <TestEntry testId="b20e0bc4-f6c5-f299-1492-2aaf603a8d30" executionId="e826df5b-c502-4f64-a4e4-eeb456b6ef5d" testListId="8c84fa94-04c1-424b-9868-57a2d4851a1d" />
    <TestEntry testId="30e18ed7-778b-9e3b-ae60-8ea427a77ec1" executionId="07e83bf1-5827-4764-acfc-130ef920b34a" testListId="8c84fa94-04c1-424b-9868-57a2d4851a1d" />
    <TestEntry testId="13d2c050-a2d4-5974-eb74-bdda254aae3b" executionId="a542bd04-d8c0-48c7-bb99-326b7ca4cd33" testListId="8c84fa94-04c1-424b-9868-57a2d4851a1d" />
    <TestEntry testId="f3ed40a6-70d9-91fd-bbd1-04e7afca10d5" executionId="4283c06c-ef5d-429b-a7ce-095bb951ef91" testListId="8c84fa94-04c1-424b-9868-57a2d4851a1d" />
    <TestEntry testId="8a1d86bc-a1aa-b671-31b6-a0f0814f9ccc" executionId="75b7469a-05a8-41a4-99e9-189734a5b9e1" testListId="8c84fa94-04c1-424b-9868-57a2d4851a1d" />
    <TestEntry testId="2534ff9f-0383-f92f-66a9-f7939b01bc93" executionId="022eed73-1ffd-47db-9c0c-35a05a3c4a34" testListId="8c84fa94-04c1-424b-9868-57a2d4851a1d" />
    <TestEntry testId="b5527a09-e251-e496-ba64-760360da4d2e" executionId="97cd9ec1-b8da-4297-9e52-4965d8949f4f" testListId="8c84fa94-04c1-424b-9868-57a2d4851a1d" />
    <TestEntry testId="7973a6db-4608-245a-df79-c6669de02605" executionId="acd67775-fb6e-42e5-b2cf-a16b212e4640" testListId="8c84fa94-04c1-424b-9868-57a2d4851a1d" />
    <TestEntry testId="462b61f4-74e1-1e28-0dcb-59220eacedf9" executionId="1f6e02f9-98b3-409d-804a-2601525ca8a4" testListId="8c84fa94-04c1-424b-9868-57a2d4851a1d" />
    <TestEntry testId="a2a46954-9d69-113f-78fb-dbe84cabc87f" executionId="ced903b5-8a2b-479b-b93d-45c28f56ec93" testListId="8c84fa94-04c1-424b-9868-57a2d4851a1d" />
    <TestEntry testId="8cf15049-d8f5-87cd-2704-3bee3466282a" executionId="f25be8a0-2d51-4bb1-8f98-d2ee64ff0a80" testListId="8c84fa94-04c1-424b-9868-57a2d4851a1d" />
    <TestEntry testId="d564fe42-6ac2-c7ac-0ed5-d30696b45876" executionId="d6d13b76-823a-4d95-9413-91a86460589d" testListId="8c84fa94-04c1-424b-9868-57a2d4851a1d" />
    <TestEntry testId="3256d27c-27dd-a934-2c32-f41aac14d98f" executionId="6ef1fe43-229d-4d5b-ae48-f1b65cb7337f" testListId="8c84fa94-04c1-424b-9868-57a2d4851a1d" />
    <TestEntry testId="fdc629ae-295d-5393-374e-a46ba09260da" executionId="49d93279-256b-41e8-83cd-f31f0def13fe" testListId="8c84fa94-04c1-424b-9868-57a2d4851a1d" />
    <TestEntry testId="f3c51439-6109-9dd5-b740-af6f720d2b71" executionId="d97a68f1-d477-49e4-88ae-8f55affff27f" testListId="8c84fa94-04c1-424b-9868-57a2d4851a1d" />
    <TestEntry testId="4de499cd-aa35-0489-1675-b88c6d1e11eb" executionId="73398f69-b60a-4bd0-a23c-2f1206114976" testListId="8c84fa94-04c1-424b-9868-57a2d4851a1d" />
    <TestEntry testId="9e29d60b-b14e-0952-27eb-9bbd56795a21" executionId="f121cb43-ddbd-4508-870f-3b805871930b" testListId="8c84fa94-04c1-424b-9868-57a2d4851a1d" />
    <TestEntry testId="05dbfaf5-bacb-3838-442d-830ad3c0915f" executionId="9a0e407f-dae2-4857-8443-3c8f2ddab402" testListId="8c84fa94-04c1-424b-9868-57a2d4851a1d" />
    <TestEntry testId="4ef59d07-7847-5c56-a333-fde4001123d6" executionId="43a7e261-279a-43b4-ad21-bac53109e497" testListId="8c84fa94-04c1-424b-9868-57a2d4851a1d" />
    <TestEntry testId="7f7c0eea-8718-b9da-4e71-0a4faac6ea34" executionId="d70f30b3-25a6-4131-91ea-4adbb82f8dae" testListId="8c84fa94-04c1-424b-9868-57a2d4851a1d" />
    <TestEntry testId="6f95584f-0412-2527-6a16-3542045b71b4" executionId="1c3e7549-9721-40c9-8b2a-e86abe90da29" testListId="8c84fa94-04c1-424b-9868-57a2d4851a1d" />
    <TestEntry testId="0e291f5b-638a-ef4d-5602-a3c180bc9642" executionId="aa7d4130-822a-43a7-9b67-7c876928e9bc" testListId="8c84fa94-04c1-424b-9868-57a2d4851a1d" />
    <TestEntry testId="f4984a84-4740-290a-0334-a53e8cccfd89" executionId="b2fa143a-e134-41ca-8c79-abeaf8ce8d21" testListId="8c84fa94-04c1-424b-9868-57a2d4851a1d" />
    <TestEntry testId="cbfc7ebd-8ae2-fb4e-4668-88930c23ea8f" executionId="bb6d9096-5a04-4a38-aa47-24f33663aabc" testListId="8c84fa94-04c1-424b-9868-57a2d4851a1d" />
    <TestEntry testId="5a9511de-2274-5567-a38f-d539315f2104" executionId="a56c6607-a766-4e26-bbb7-2a63b0dd8d5c" testListId="8c84fa94-04c1-424b-9868-57a2d4851a1d" />
    <TestEntry testId="c938d5a4-0a3c-16e1-1da3-33c60fb017e4" executionId="362d6b52-dd97-46a6-ae00-6c8f2856a323" testListId="8c84fa94-04c1-424b-9868-57a2d4851a1d" />
    <TestEntry testId="b783e15d-b8de-d3a3-d467-bea115711f1e" executionId="201a6091-6b4c-4fcf-bbcb-0656f30094f2" testListId="8c84fa94-04c1-424b-9868-57a2d4851a1d" />
    <TestEntry testId="0d2070aa-882b-8821-fdfc-6b3e1cd526a5" executionId="6e6839d3-584a-4343-b140-9eff3bb08906" testListId="8c84fa94-04c1-424b-9868-57a2d4851a1d" />
    <TestEntry testId="55672007-1197-86a1-c129-921eb7ad77ca" executionId="1682101b-7598-4c07-8c47-8d1049d61f91" testListId="8c84fa94-04c1-424b-9868-57a2d4851a1d" />
    <TestEntry testId="8d96d6ba-997f-e1b4-422b-256ef6e4fb7f" executionId="abe41b3a-9789-420f-8233-53acbde323b6" testListId="8c84fa94-04c1-424b-9868-57a2d4851a1d" />
    <TestEntry testId="cdddecb0-e454-d589-d95b-4dbbfaf991a1" executionId="ec51742c-7073-46b3-8fce-27c8702c904b" testListId="8c84fa94-04c1-424b-9868-57a2d4851a1d" />
    <TestEntry testId="32b16d8d-629e-6c4d-568f-c924956be0a4" executionId="29e66ce6-8171-493a-9c7a-5ed29e3b36b0" testListId="8c84fa94-04c1-424b-9868-57a2d4851a1d" />
    <TestEntry testId="509c4524-c062-4172-9236-85031a3bd5ed" executionId="c2a55609-d70c-4563-bee6-92fdf811c5bf" testListId="8c84fa94-04c1-424b-9868-57a2d4851a1d" />
    <TestEntry testId="a6e559d8-7980-b562-b63a-5bc53cb4c3c8" executionId="fc809dcd-9254-48dc-902c-12a2e1b2a7dd" testListId="8c84fa94-04c1-424b-9868-57a2d4851a1d" />
    <TestEntry testId="144ecd4b-e196-04de-677b-1b5473c6cb69" executionId="c0dc48a2-d50d-46ab-8373-cf13d9588608" testListId="8c84fa94-04c1-424b-9868-57a2d4851a1d" />
    <TestEntry testId="d26ca062-0c07-f10c-b7ba-1da559e7a1f7" executionId="30298d7e-8d8f-4f6e-9c52-49b2ff41d18e" testListId="8c84fa94-04c1-424b-9868-57a2d4851a1d" />
    <TestEntry testId="03d959ff-4c1f-bbf3-501a-805716ba6cd3" executionId="73433147-feec-4b04-a59d-7a0de5b5e197" testListId="8c84fa94-04c1-424b-9868-57a2d4851a1d" />
    <TestEntry testId="fb7e3466-ce3d-aff6-c25f-b7b7bf37c03e" executionId="f5ade475-8e8b-46d7-88dd-1eac7c373786" testListId="8c84fa94-04c1-424b-9868-57a2d4851a1d" />
    <TestEntry testId="7cb261fa-f928-042e-b323-91ac5dfd2ae1" executionId="ee3203c1-e731-4a17-84da-d462a4e47591" testListId="8c84fa94-04c1-424b-9868-57a2d4851a1d" />
    <TestEntry testId="68d592ce-6ef4-aa36-2ccb-050ad793d49f" executionId="65a781c5-4e18-4a28-b385-8a1b6c287f04" testListId="8c84fa94-04c1-424b-9868-57a2d4851a1d" />
    <TestEntry testId="029c2469-0a60-be2d-b1f7-e99308d76256" executionId="18c500b4-e700-4ffc-8d9f-cc677ee83c63" testListId="8c84fa94-04c1-424b-9868-57a2d4851a1d" />
    <TestEntry testId="b8078f77-c439-bbf3-d10b-7aad66fad53f" executionId="edbbaa87-1782-4761-aebd-d87132023f7f" testListId="8c84fa94-04c1-424b-9868-57a2d4851a1d" />
    <TestEntry testId="23bfb31d-b15d-d5ce-3ebb-a53ddb4c27bc" executionId="acacc15e-b34e-43c0-b361-eabc825ff1fd" testListId="8c84fa94-04c1-424b-9868-57a2d4851a1d" />
    <TestEntry testId="d40ccb35-dece-5fe1-f55c-fcd6bedc72be" executionId="d5e1a12e-d462-490f-9649-8bde02f36092" testListId="8c84fa94-04c1-424b-9868-57a2d4851a1d" />
    <TestEntry testId="97d27ebb-3165-5886-c70f-cc04177907b7" executionId="6ee6c50e-e862-42fc-aa40-8a2c67bdc2c2" testListId="8c84fa94-04c1-424b-9868-57a2d4851a1d" />
    <TestEntry testId="35cafeeb-8990-372a-f4a1-0b9b8110a419" executionId="7888a09c-d6ba-46b5-be2e-d74a161a3175" testListId="8c84fa94-04c1-424b-9868-57a2d4851a1d" />
    <TestEntry testId="054764a1-acb6-cb5e-3435-5e27e4665a47" executionId="da434957-b70b-4854-8929-af5585652994" testListId="8c84fa94-04c1-424b-9868-57a2d4851a1d" />
    <TestEntry testId="100e7e8b-6c5c-81f1-283b-ffb72153db43" executionId="22082bce-81a0-42e5-9d7f-1162ea4a160f" testListId="8c84fa94-04c1-424b-9868-57a2d4851a1d" />
    <TestEntry testId="9bd07c18-5d56-1fd9-80af-402412d9456b" executionId="7e57bf6f-fd3c-45c1-908d-ed62b8cb42fd" testListId="8c84fa94-04c1-424b-9868-57a2d4851a1d" />
    <TestEntry testId="f6fbf79d-b89f-ef98-fad2-ef88cfe75fc8" executionId="d1567ca9-ecf4-4c2b-b562-0f4d4c8376c1" testListId="8c84fa94-04c1-424b-9868-57a2d4851a1d" />
    <TestEntry testId="5d33a87f-adb5-8148-e98a-05422bf852a4" executionId="f48403eb-3aec-4cfe-8cf7-59c8b7dd2fdd" testListId="8c84fa94-04c1-424b-9868-57a2d4851a1d" />
    <TestEntry testId="8779f6d5-349a-5680-2b08-4d744b053eb5" executionId="6e866d2f-d314-45d9-b887-046489f75802" testListId="8c84fa94-04c1-424b-9868-57a2d4851a1d" />
    <TestEntry testId="b86d0dcc-6438-d53f-30e8-fd4fc12ac7ee" executionId="8872eb18-1c89-401f-83b8-e41de7e08d53" testListId="8c84fa94-04c1-424b-9868-57a2d4851a1d" />
    <TestEntry testId="d0098902-096f-ae6a-39d9-5f525cd344e8" executionId="086cbe1b-f2e4-4c7d-83e0-269a97d28f7b" testListId="8c84fa94-04c1-424b-9868-57a2d4851a1d" />
    <TestEntry testId="9fa5c7fc-ca18-1110-1568-58ed055905de" executionId="9eb0f162-15e4-4228-89b0-0ee35438c90c" testListId="8c84fa94-04c1-424b-9868-57a2d4851a1d" />
    <TestEntry testId="728b9d0a-c24d-64d7-669e-92f406e69169" executionId="832a41a4-aeb5-4765-9438-9ffc256118bf" testListId="8c84fa94-04c1-424b-9868-57a2d4851a1d" />
    <TestEntry testId="97847163-83f7-e90b-56c8-5f285c454cd4" executionId="fafd8e7c-dace-45d0-8ca1-724f8e01c6a1" testListId="8c84fa94-04c1-424b-9868-57a2d4851a1d" />
    <TestEntry testId="d8c50de1-e2cb-b992-57e3-c9e22271ee1f" executionId="d0a82756-1f47-43ae-847d-2c049acf5b57" testListId="8c84fa94-04c1-424b-9868-57a2d4851a1d" />
    <TestEntry testId="5e31002a-13bd-7a62-d576-90b6b859ee7a" executionId="0cec86d5-ec4e-4e08-a8d0-b03b50526b35" testListId="8c84fa94-04c1-424b-9868-57a2d4851a1d" />
    <TestEntry testId="a3ee7986-1766-2157-bce1-b5b39cda35de" executionId="f16fb5b6-f408-4bfc-bfea-83d341eb6bb4" testListId="8c84fa94-04c1-424b-9868-57a2d4851a1d" />
    <TestEntry testId="819b98f0-e067-f006-cd5a-0a558b4acb2f" executionId="dd42a759-8397-461f-acca-e26357a1571f" testListId="8c84fa94-04c1-424b-9868-57a2d4851a1d" />
    <TestEntry testId="86083a3d-faed-ef18-5cc9-1efa2f711982" executionId="bc9c3fba-0cc1-49a3-ae72-9ff8b1191e03" testListId="8c84fa94-04c1-424b-9868-57a2d4851a1d" />
    <TestEntry testId="cc864a59-5a72-3ad7-dbc5-e29c3eb53df7" executionId="ebddcd02-14c5-4079-a4ed-e9a4623de6c6" testListId="8c84fa94-04c1-424b-9868-57a2d4851a1d" />
    <TestEntry testId="8b56703b-a5e8-82a3-7916-568daf1783a4" executionId="92ce2528-39c0-46ac-a8d0-c4e7fb551fcd" testListId="8c84fa94-04c1-424b-9868-57a2d4851a1d" />
    <TestEntry testId="0b96b045-2143-452f-9b8e-db55e27fec86" executionId="c5a6c51d-7851-4f6e-9df8-33917a6bea63" testListId="8c84fa94-04c1-424b-9868-57a2d4851a1d" />
    <TestEntry testId="531e6639-28f0-ccd9-71db-569e9b1b5737" executionId="193792fa-be64-427a-b085-1a450ef3e23d" testListId="8c84fa94-04c1-424b-9868-57a2d4851a1d" />
    <TestEntry testId="4c51b0ef-71e8-70ff-a0cd-628dfcb7988d" executionId="83db49c0-5511-4c21-a789-8d9517974ea9" testListId="8c84fa94-04c1-424b-9868-57a2d4851a1d" />
    <TestEntry testId="891434d5-aa4d-c2af-27b5-75d73294e73a" executionId="fea33ccc-a130-424f-b067-e07a4bfe2e2c" testListId="8c84fa94-04c1-424b-9868-57a2d4851a1d" />
    <TestEntry testId="45973ff9-7731-1b7a-8526-699958669b30" executionId="39f5a577-3690-4ec3-8522-0f559f78ef39" testListId="8c84fa94-04c1-424b-9868-57a2d4851a1d" />
    <TestEntry testId="3491edb2-1f57-1594-e529-127c7d9a8d9c" executionId="8d98b878-5cfc-4d3a-b78d-6adf40c21f84" testListId="8c84fa94-04c1-424b-9868-57a2d4851a1d" />
    <TestEntry testId="239dec99-7c2e-dd2b-25ec-3fddba116dbb" executionId="b832d4d2-2734-443f-9b39-0f215d561c55" testListId="8c84fa94-04c1-424b-9868-57a2d4851a1d" />
    <TestEntry testId="ff9ddf62-d3e0-74ca-098a-0ac6a113820d" executionId="9d4c27c6-fa2d-4100-962e-3315ff4afa80" testListId="8c84fa94-04c1-424b-9868-57a2d4851a1d" />
    <TestEntry testId="fa542137-1a04-2172-0b38-06275ea8b242" executionId="f7a1287e-3da4-4320-ae1a-5efa8a06478d" testListId="8c84fa94-04c1-424b-9868-57a2d4851a1d" />
    <TestEntry testId="e5b6d912-8f07-7852-8872-d1eaba23a87a" executionId="d8ed767b-995f-441f-bbb4-74c70cdff35f" testListId="8c84fa94-04c1-424b-9868-57a2d4851a1d" />
    <TestEntry testId="367c3b2b-1f13-7dba-de9f-abd2ab60ffc3" executionId="a252e366-b2c5-4be3-ac10-d4251b35f56f" testListId="8c84fa94-04c1-424b-9868-57a2d4851a1d" />
    <TestEntry testId="4d37622d-0687-9413-bc6b-39c056dbebc4" executionId="00d5359a-cfed-4db6-9627-980f80f478ae" testListId="8c84fa94-04c1-424b-9868-57a2d4851a1d" />
    <TestEntry testId="659cd812-03e3-fd0d-e763-bd3931200757" executionId="fa7361e9-a877-4ee4-8a97-bf4ce50bd247" testListId="8c84fa94-04c1-424b-9868-57a2d4851a1d" />
    <TestEntry testId="0d336a4b-d53a-63be-f0ee-e3c7bd360c6a" executionId="048957f0-af97-4fba-9eed-7bbbfdc45a71" testListId="8c84fa94-04c1-424b-9868-57a2d4851a1d" />
    <TestEntry testId="37e35b56-34bb-808d-75b2-509ec2b3dd7d" executionId="b06e80c8-5289-44ec-92b7-076b623f4444" testListId="8c84fa94-04c1-424b-9868-57a2d4851a1d" />
    <TestEntry testId="b7052385-de09-1212-fd90-d680279472ee" executionId="97afac35-8aa2-4f80-969a-62e88a6a44ae" testListId="8c84fa94-04c1-424b-9868-57a2d4851a1d" />
    <TestEntry testId="d27f4b8c-888a-a8b4-40e0-6745484cb5eb" executionId="6b945637-28c5-48a3-b9d6-a5690ef0bda1" testListId="8c84fa94-04c1-424b-9868-57a2d4851a1d" />
    <TestEntry testId="870e6f05-9066-332e-4fd0-ea796b5ed7d4" executionId="16e1a0c1-1fdb-466e-aaf7-6358b7eca1c4" testListId="8c84fa94-04c1-424b-9868-57a2d4851a1d" />
    <TestEntry testId="0c47a190-df4b-5db6-0c98-cb9675504e03" executionId="b992da7b-ab7f-453c-95f6-5db78ef2ffaa" testListId="8c84fa94-04c1-424b-9868-57a2d4851a1d" />
    <TestEntry testId="724ed55e-2159-e131-c4be-d80ced69f59a" executionId="e49a9298-bbb1-44fe-86de-4f86f8063668" testListId="8c84fa94-04c1-424b-9868-57a2d4851a1d" />
    <TestEntry testId="1e05f1ac-b054-9647-9f39-d89a349ff76f" executionId="183e76d1-61b0-40da-8914-5d20d03c65d5" testListId="8c84fa94-04c1-424b-9868-57a2d4851a1d" />
    <TestEntry testId="6651e43f-8554-6333-4329-bfe3fc1194d7" executionId="a04982ae-a0e3-422b-9032-a5ac4ff5147d" testListId="8c84fa94-04c1-424b-9868-57a2d4851a1d" />
    <TestEntry testId="f4dbfc63-23ae-cdb3-5fa6-68145c661cc7" executionId="7736eedd-e20e-42db-9036-844b9b252a74" testListId="8c84fa94-04c1-424b-9868-57a2d4851a1d" />
  </TestEntries>
  <TestLists>
    <TestList name="Results Not in a List" id="8c84fa94-04c1-424b-9868-57a2d4851a1d" />
    <TestList name="All Loaded Results" id="19431567-8539-422a-85d7-44ee4e166bda" />
  </TestLists>
  <ResultSummary outcome="Completed">
    <Counters total="402" executed="402" passed="402" failed="0" error="0" timeout="0" aborted="0" inconclusive="0" passedButRunAborted="0" notRunnable="0" notExecuted="0" disconnected="0" warning="0" completed="0" inProgress="0" pending="0" />
  </ResultSummary>
</TestRun>