<?xml version="1.0" encoding="UTF-8"?>
<TestRun id="d05e0460-639e-40e3-ba0f-807159d5b43b" name="bacemi@ICSWS068 2016-08-08 13:36:36" runUser="ICORE\bacemi" xmlns="http://microsoft.com/schemas/VisualStudio/TeamTest/2010">
  <Times creation="2016-08-08T13:36:36.5380498+02:00" queuing="2016-08-08T13:36:36.5380498+02:00" start="2016-08-08T13:36:30.1687686+02:00" finish="2016-08-08T13:38:33.2992393+02:00" />
  <TestSettings name="default" id="dfa7e9a3-3862-4605-a43a-e947e66eb095">
    <Execution>
      <TestTypeSpecific />
    </Execution>
    <Deployment runDeploymentRoot="bacemi_ICSWS068 2016-08-08 13_36_36" />
    <Properties />
  </TestSettings>
  <Results>
    <UnitTestResult executionId="058d8e04-6a97-4870-81e7-9c92171bf4c7" testId="e5e406f8-9494-100b-cafa-59a3a08649a8" testName="ActivateProtection_NotPreviouslyActivated_AttachedMachinesExceptCurrentMachineAreInvalidated" computerName="ICSWS068" duration="00:00:05.9604623" startTime="2016-08-08T13:36:30.1687686+02:00" endTime="2016-08-08T13:36:36.4843138+02:00" testType="13cdc9d9-ddb5-4fa4-a97d-d965ccfc6d4b" outcome="Passed" testListId="8c84fa94-04c1-424b-9868-57a2d4851a1d" relativeResultsDirectory="058d8e04-6a97-4870-81e7-9c92171bf4c7" />
    <UnitTestResult executionId="5ba5de51-33d8-49b9-9079-a48cc7083461" testId="94570a0f-9197-8bd3-2e74-45b35724d801" testName="ActivateProtection_NotPreviouslyActivated_EncryptedEncryptionKeySetOnSystemConfiguration" computerName="ICSWS068" duration="00:00:01.2982640" startTime="2016-08-08T13:36:36.4879625+02:00" endTime="2016-08-08T13:36:37.7875012+02:00" testType="13cdc9d9-ddb5-4fa4-a97d-d965ccfc6d4b" outcome="Passed" testListId="8c84fa94-04c1-424b-9868-57a2d4851a1d" relativeResultsDirectory="5ba5de51-33d8-49b9-9079-a48cc7083461" />
    <UnitTestResult executionId="6905ec7b-662f-4fbe-a2db-9c2f3576b0f5" testId="f1b18637-6258-7a2b-8105-6144aa21086e" testName="ActivateProtection_NotPreviouslyActivated_MasterKeyHashSetOnSystemConfiguration" computerName="ICSWS068" duration="00:00:01.3016842" startTime="2016-08-08T13:36:37.7911504+02:00" endTime="2016-08-08T13:36:39.0948655+02:00" testType="13cdc9d9-ddb5-4fa4-a97d-d965ccfc6d4b" outcome="Passed" testListId="8c84fa94-04c1-424b-9868-57a2d4851a1d" relativeResultsDirectory="6905ec7b-662f-4fbe-a2db-9c2f3576b0f5">
      <Output>
        <StdOut>Debug Trace:
YRW38fvPhBqdwK86XfcCLx/n3nml0u6WbuFMHbb3t4g=</StdOut>
      </Output>
    </UnitTestResult>
    <UnitTestResult executionId="c73ef191-e22c-4b9e-a45c-14bfcd51e355" testId="63c8ee96-fc2c-be4e-e900-0b86887102f4" testName="ActivateProtection_NotPreviouslyActivated_SaltPaddingGeneratedAndSetOnSystemConfiguration" computerName="ICSWS068" duration="00:00:01.3306100" startTime="2016-08-08T13:36:39.0976025+02:00" endTime="2016-08-08T13:36:40.4295369+02:00" testType="13cdc9d9-ddb5-4fa4-a97d-d965ccfc6d4b" outcome="Passed" testListId="8c84fa94-04c1-424b-9868-57a2d4851a1d" relativeResultsDirectory="c73ef191-e22c-4b9e-a45c-14bfcd51e355" />
    <UnitTestResult executionId="a4404451-ea2f-4c86-860a-e7f4c1cb17aa" testId="38f3e74f-5725-78be-dc80-d9a6a9cb7e61" testName="ActivateProtection_NotPreviouslyActivated_CurrentMachineIsReattached" computerName="ICSWS068" duration="00:00:01.3395764" startTime="2016-08-08T13:36:40.4331855+02:00" endTime="2016-08-08T13:36:41.7747620+02:00" testType="13cdc9d9-ddb5-4fa4-a97d-d965ccfc6d4b" outcome="Passed" testListId="8c84fa94-04c1-424b-9868-57a2d4851a1d" relativeResultsDirectory="a4404451-ea2f-4c86-860a-e7f4c1cb17aa" />
    <UnitTestResult executionId="2d062108-720d-420f-a35c-2e17487861ee" testId="73f96e50-adc4-b11a-47eb-6f63483031ef" testName="ActivateProtection_PreviouslyActivatedMasterKeyHashIsNull_MasterKeyHashAndEncryptedEncryptionKeyChanged" computerName="ICSWS068" duration="00:00:01.3044193" startTime="2016-08-08T13:36:41.7782799+02:00" endTime="2016-08-08T13:36:43.0838809+02:00" testType="13cdc9d9-ddb5-4fa4-a97d-d965ccfc6d4b" outcome="Passed" testListId="8c84fa94-04c1-424b-9868-57a2d4851a1d" relativeResultsDirectory="2d062108-720d-420f-a35c-2e17487861ee" />
    <UnitTestResult executionId="47ed48b5-828b-4690-9cb6-c553409c5c04" testId="600d4021-1dcd-5294-b48e-4181a435fc64" testName="ActivateProtection_PreviouslyActivatedEncryptedEncryptionKeyIsNull_Throws" computerName="ICSWS068" duration="00:00:01.3426402" startTime="2016-08-08T13:36:43.0867099+02:00" endTime="2016-08-08T13:36:44.4322923+02:00" testType="13cdc9d9-ddb5-4fa4-a97d-d965ccfc6d4b" outcome="Passed" testListId="8c84fa94-04c1-424b-9868-57a2d4851a1d" relativeResultsDirectory="47ed48b5-828b-4690-9cb6-c553409c5c04" />
    <UnitTestResult executionId="bfb928e4-e994-4739-af91-49155264cb9a" testId="ae0ae35c-34e4-547f-5424-b2c00b59e165" testName="ActivateProtection_UserNotAllowedToRunOperation_Throws" computerName="ICSWS068" duration="00:00:00.3108159" startTime="2016-08-08T13:36:44.4357954+02:00" endTime="2016-08-08T13:36:44.7485369+02:00" testType="13cdc9d9-ddb5-4fa4-a97d-d965ccfc6d4b" outcome="Passed" testListId="8c84fa94-04c1-424b-9868-57a2d4851a1d" relativeResultsDirectory="bfb928e4-e994-4739-af91-49155264cb9a" />
    <UnitTestResult executionId="19721b63-2ec8-45b2-92f8-d92fde2a52f4" testId="8d5a00f6-800e-bc9b-81e5-098bb426803a" testName="ActivateProtection_PreviouslyActivatedDifferentMasterKey_MasterKeyHashAndEncryptedEncryptionKeyChanged" computerName="ICSWS068" duration="00:00:01.3788656" startTime="2016-08-08T13:36:44.7513641+02:00" endTime="2016-08-08T13:36:46.1321433+02:00" testType="13cdc9d9-ddb5-4fa4-a97d-d965ccfc6d4b" outcome="Passed" testListId="8c84fa94-04c1-424b-9868-57a2d4851a1d" relativeResultsDirectory="19721b63-2ec8-45b2-92f8-d92fde2a52f4" />
    <UnitTestResult executionId="0c7cd2cc-472d-40c3-8527-f7e0b79e2672" testId="4bc189ef-2b3a-ba1c-780b-1b6350dde1cc" testName="ActivateProtection_PreviouslyActivatedDifferentMasterKey_AllButCurrentMachineAreInvalidated" computerName="ICSWS068" duration="00:00:01.3847925" startTime="2016-08-08T13:36:46.1351453+02:00" endTime="2016-08-08T13:36:47.5275572+02:00" testType="13cdc9d9-ddb5-4fa4-a97d-d965ccfc6d4b" outcome="Passed" testListId="8c84fa94-04c1-424b-9868-57a2d4851a1d" relativeResultsDirectory="0c7cd2cc-472d-40c3-8527-f7e0b79e2672" />
    <UnitTestResult executionId="67faa5a1-e5d6-4193-94a7-195111cd534a" testId="fe773de9-f099-4289-d513-5b714f46a69e" testName="ActivateProtection_PreviouslyActivatedDifferentMasterKey_CurrentMachineHasNewEncryptionKey" computerName="ICSWS068" duration="00:00:03.3634254" startTime="2016-08-08T13:36:47.5318331+02:00" endTime="2016-08-08T13:36:50.8960290+02:00" testType="13cdc9d9-ddb5-4fa4-a97d-d965ccfc6d4b" outcome="Passed" testListId="8c84fa94-04c1-424b-9868-57a2d4851a1d" relativeResultsDirectory="67faa5a1-e5d6-4193-94a7-195111cd534a" />
    <UnitTestResult executionId="50fb23f3-df91-4440-83a6-a343cb6dd90d" testId="9aa26c65-21c0-058e-7af7-e13276dee14c" testName="ActivateProtection_PreviouslyActivatedCorrectMasterKey_Success" computerName="ICSWS068" duration="00:00:01.2953559" startTime="2016-08-08T13:36:50.8988196+02:00" endTime="2016-08-08T13:36:52.1962216+02:00" testType="13cdc9d9-ddb5-4fa4-a97d-d965ccfc6d4b" outcome="Passed" testListId="8c84fa94-04c1-424b-9868-57a2d4851a1d" relativeResultsDirectory="50fb23f3-df91-4440-83a6-a343cb6dd90d" />
    <UnitTestResult executionId="52e36ebd-58cb-4506-9bab-280d125aeb25" testId="46491e0a-f4a4-56b8-c22c-c4c0dc888ebe" testName="ActivateProtection_PreviouslyActivatedAllAttachedMachinesAreValidButMissingEncryptionKey_AllButCurrentMachineInvalidated" computerName="ICSWS068" duration="00:00:01.3313358" startTime="2016-08-08T13:36:52.1997242+02:00" endTime="2016-08-08T13:36:53.5327630+02:00" testType="13cdc9d9-ddb5-4fa4-a97d-d965ccfc6d4b" outcome="Passed" testListId="8c84fa94-04c1-424b-9868-57a2d4851a1d" relativeResultsDirectory="52e36ebd-58cb-4506-9bab-280d125aeb25" />
    <UnitTestResult executionId="81bc694a-1875-4ce4-a136-85353eb67a4e" testId="b99ecc04-18e5-6d9f-68e9-f1d3824f5267" testName="ActivateProtection_PreviouslyActivatedAllAttachedMachinesAreValidAndHasEncryptionKey_AttachedMachinesAreStillValid" computerName="ICSWS068" duration="00:00:01.2998637" startTime="2016-08-08T13:36:53.5364987+02:00" endTime="2016-08-08T13:36:54.8377588+02:00" testType="13cdc9d9-ddb5-4fa4-a97d-d965ccfc6d4b" outcome="Passed" testListId="8c84fa94-04c1-424b-9868-57a2d4851a1d" relativeResultsDirectory="81bc694a-1875-4ce4-a136-85353eb67a4e" />
    <UnitTestResult executionId="0d0ce96a-50f5-4f29-a253-f2d3b0c176a6" testId="2707a08e-9251-3d85-942e-58ce1bce9a4d" testName="ActivateProtection_PreviouslyActivatedAllAttachedMachinesAreInvalid_AttachedMachinesExceptCurrentAreInvalid" computerName="ICSWS068" duration="00:00:01.2936796" startTime="2016-08-08T13:36:54.8405617+02:00" endTime="2016-08-08T13:36:56.1372978+02:00" testType="13cdc9d9-ddb5-4fa4-a97d-d965ccfc6d4b" outcome="Passed" testListId="8c84fa94-04c1-424b-9868-57a2d4851a1d" relativeResultsDirectory="0d0ce96a-50f5-4f29-a253-f2d3b0c176a6" />
    <UnitTestResult executionId="ff291547-16c6-4ebe-9c96-45627f3ffdb1" testId="b4091963-1fe2-6035-9ff2-e72bdfa25c7c" testName="ActivateProtection_WrongMasterKeyReturnedFromConfirmationDelegate_ConfirmDelegateCalledAgain" computerName="ICSWS068" duration="00:00:01.3044378" startTime="2016-08-08T13:36:56.1408001+02:00" endTime="2016-08-08T13:36:57.4471070+02:00" testType="13cdc9d9-ddb5-4fa4-a97d-d965ccfc6d4b" outcome="Passed" testListId="8c84fa94-04c1-424b-9868-57a2d4851a1d" relativeResultsDirectory="ff291547-16c6-4ebe-9c96-45627f3ffdb1" />
    <UnitTestResult executionId="08a1d22f-7b8c-4ca7-a702-a5f500c0df22" testId="ca638cbc-4440-2f3d-59d2-48fa8a29f162" testName="ActivateProtection_NullReturnedFromConfirmationDelegate_ActivationIsStopped" computerName="ICSWS068" duration="00:00:01.2411267" startTime="2016-08-08T13:36:57.4501087+02:00" endTime="2016-08-08T13:36:58.6924728+02:00" testType="13cdc9d9-ddb5-4fa4-a97d-d965ccfc6d4b" outcome="Passed" testListId="8c84fa94-04c1-424b-9868-57a2d4851a1d" relativeResultsDirectory="08a1d22f-7b8c-4ca7-a702-a5f500c0df22" />
    <UnitTestResult executionId="90df69d7-c322-4882-a758-84fc7fbb4a37" testId="9ec69a93-d93d-86af-39bc-9b59932a8ce2" testName="ActivateProtection_ProtectedValues_ValuesAreEncrypted" computerName="ICSWS068" duration="00:00:01.6357050" startTime="2016-08-08T13:36:58.6952763+02:00" endTime="2016-08-08T13:37:00.3334127+02:00" testType="13cdc9d9-ddb5-4fa4-a97d-d965ccfc6d4b" outcome="Passed" testListId="8c84fa94-04c1-424b-9868-57a2d4851a1d" relativeResultsDirectory="90df69d7-c322-4882-a758-84fc7fbb4a37" />
    <UnitTestResult executionId="4ee7d7cb-cbae-48ee-a454-fc778ca9787e" testId="82977d4d-03a4-84f3-757d-2811c9f90d4e" testName="ActivateProtection_ManyNodes_Success" computerName="ICSWS068" duration="00:00:00.3226409" startTime="2016-08-08T13:37:00.3359314+02:00" endTime="2016-08-08T13:37:00.6601932+02:00" testType="13cdc9d9-ddb5-4fa4-a97d-d965ccfc6d4b" outcome="NotExecuted" testListId="8c84fa94-04c1-424b-9868-57a2d4851a1d" relativeResultsDirectory="4ee7d7cb-cbae-48ee-a454-fc778ca9787e">
      <Output>
        <ErrorInfo>
          <Message>Assert.Inconclusive failed. Review the performance first.</Message>
          <StackTrace>   at SysIntgTests.iCore.Common.Entities.SystemProtectionServiceImplTests.ActivateProtection_ManyNodes_Success() in F:\ETWork\Main\Common\Assemblies\SysIntgTests.iCore.Common.Entities\Services\SystemProtectionServiceImplTests.cs:line 607
</StackTrace>
        </ErrorInfo>
      </Output>
    </UnitTestResult>
    <UnitTestResult executionId="7dcfbcde-cd0f-429c-802b-ed979716bad0" testId="884a9cac-0f7b-7904-2d29-936bbb6b36f3" testName="ActivateProtection_ManyNodesNonprotected_Success" computerName="ICSWS068" duration="00:00:00.3104673" startTime="2016-08-08T13:37:00.6630102+02:00" endTime="2016-08-08T13:37:00.9751470+02:00" testType="13cdc9d9-ddb5-4fa4-a97d-d965ccfc6d4b" outcome="NotExecuted" testListId="8c84fa94-04c1-424b-9868-57a2d4851a1d" relativeResultsDirectory="7dcfbcde-cd0f-429c-802b-ed979716bad0">
      <Output>
        <ErrorInfo>
          <Message>Assert.Inconclusive failed. Review the performance first.</Message>
          <StackTrace>   at SysIntgTests.iCore.Common.Entities.SystemProtectionServiceImplTests.ActivateProtection_ManyNodesNonprotected_Success() in F:\ETWork\Main\Common\Assemblies\SysIntgTests.iCore.Common.Entities\Services\SystemProtectionServiceImplTests.cs:line 639
</StackTrace>
        </ErrorInfo>
      </Output>
    </UnitTestResult>
    <UnitTestResult executionId="443d9079-a7e0-4a79-b3bf-df459c37ffc5" testId="92799294-00e3-b9e8-fccb-949b0e7696e2" testName="DeactivateProtection_WrongMasterKey_Throws" computerName="ICSWS068" duration="00:00:02.2213843" startTime="2016-08-08T13:37:00.9779472+02:00" endTime="2016-08-08T13:37:03.2011306+02:00" testType="13cdc9d9-ddb5-4fa4-a97d-d965ccfc6d4b" outcome="Passed" testListId="8c84fa94-04c1-424b-9868-57a2d4851a1d" relativeResultsDirectory="443d9079-a7e0-4a79-b3bf-df459c37ffc5" />
    <UnitTestResult executionId="ed6e6aa1-2865-40b4-9196-58668191f455" testId="81bdfd27-c381-9bd3-b334-544771d2f77c" testName="DeactivateProtection_UserNotAllowedToRunOperation_Throws" computerName="ICSWS068" duration="00:00:01.4686037" startTime="2016-08-08T13:37:03.2041327+02:00" endTime="2016-08-08T13:37:04.6742690+02:00" testType="13cdc9d9-ddb5-4fa4-a97d-d965ccfc6d4b" outcome="Passed" testListId="8c84fa94-04c1-424b-9868-57a2d4851a1d" relativeResultsDirectory="ed6e6aa1-2865-40b4-9196-58668191f455" />
    <UnitTestResult executionId="ae14cb71-1a44-4381-9617-4f2b401304ae" testId="4b6edfe0-b76f-58bc-c976-759afe6ff976" testName="DeactivateProtection_CorrectMasterKey_Success" computerName="ICSWS068" duration="00:00:02.7227557" startTime="2016-08-08T13:37:04.6770602+02:00" endTime="2016-08-08T13:37:07.4025669+02:00" testType="13cdc9d9-ddb5-4fa4-a97d-d965ccfc6d4b" outcome="Passed" testListId="8c84fa94-04c1-424b-9868-57a2d4851a1d" relativeResultsDirectory="ae14cb71-1a44-4381-9617-4f2b401304ae" />
    <UnitTestResult executionId="6f125c87-8534-429f-8eed-23677b379738" testId="69e2a0f8-95df-6c15-fedf-e702030720f4" testName="DeactivateProtection_CorrectMasterKey_DataProtectionIsSetToNone" computerName="ICSWS068" duration="00:00:02.6510284" startTime="2016-08-08T13:37:07.4053029+02:00" endTime="2016-08-08T13:37:10.0583329+02:00" testType="13cdc9d9-ddb5-4fa4-a97d-d965ccfc6d4b" outcome="Passed" testListId="8c84fa94-04c1-424b-9868-57a2d4851a1d" relativeResultsDirectory="6f125c87-8534-429f-8eed-23677b379738" />
    <UnitTestResult executionId="83730651-ce07-4393-bbc2-22f4760d6840" testId="aaf3fe7a-c189-1c63-14ef-fcb9738d3967" testName="DeactivateProtection_ProtectedValues_ValuesAreDecrypted" computerName="ICSWS068" duration="00:00:02.4889719" startTime="2016-08-08T13:37:10.0608513+02:00" endTime="2016-08-08T13:37:12.5518566+02:00" testType="13cdc9d9-ddb5-4fa4-a97d-d965ccfc6d4b" outcome="Passed" testListId="8c84fa94-04c1-424b-9868-57a2d4851a1d" relativeResultsDirectory="83730651-ce07-4393-bbc2-22f4760d6840" />
    <UnitTestResult executionId="c8c894eb-aa9e-4c3f-9437-b8766e00a7e2" testId="7009ef4c-58db-101a-e565-c30d829ed06c" testName="DeactivateProtection_ManyNodes_Success" computerName="ICSWS068" duration="00:00:00.3052199" startTime="2016-08-08T13:37:12.5545753+02:00" endTime="2016-08-08T13:37:12.8615905+02:00" testType="13cdc9d9-ddb5-4fa4-a97d-d965ccfc6d4b" outcome="NotExecuted" testListId="8c84fa94-04c1-424b-9868-57a2d4851a1d" relativeResultsDirectory="c8c894eb-aa9e-4c3f-9437-b8766e00a7e2">
      <Output>
        <ErrorInfo>
          <Message>Assert.Inconclusive failed. Review the performance first.</Message>
          <StackTrace>   at SysIntgTests.iCore.Common.Entities.SystemProtectionServiceImplTests.DeactivateProtection_ManyNodes_Success() in F:\ETWork\Main\Common\Assemblies\SysIntgTests.iCore.Common.Entities\Services\SystemProtectionServiceImplTests.cs:line 793
</StackTrace>
        </ErrorInfo>
      </Output>
    </UnitTestResult>
    <UnitTestResult executionId="ff8f3889-01d2-4e0e-94e2-e45078326581" testId="0263f43d-395e-4dd1-0b29-84361b3d89fe" testName="DeactivateProtection_ManyNodes2_Success" computerName="ICSWS068" duration="00:00:00.3019267" startTime="2016-08-08T13:37:12.8645910+02:00" endTime="2016-08-08T13:37:13.1678557+02:00" testType="13cdc9d9-ddb5-4fa4-a97d-d965ccfc6d4b" outcome="NotExecuted" testListId="8c84fa94-04c1-424b-9868-57a2d4851a1d" relativeResultsDirectory="ff8f3889-01d2-4e0e-94e2-e45078326581">
      <Output>
        <ErrorInfo>
          <Message>Assert.Inconclusive failed. Review the performance first.</Message>
          <StackTrace>   at SysIntgTests.iCore.Common.Entities.SystemProtectionServiceImplTests.DeactivateProtection_ManyNodes2_Success() in F:\ETWork\Main\Common\Assemblies\SysIntgTests.iCore.Common.Entities\Services\SystemProtectionServiceImplTests.cs:line 826
</StackTrace>
        </ErrorInfo>
      </Output>
    </UnitTestResult>
    <UnitTestResult executionId="d5f0ce45-47fb-4525-8f76-d7fb8dc9dbd4" testId="5c029b5d-0c4d-ce0c-cbd3-08281627b84e" testName="ReAttachMachine_MachineExists_MachineIsValid" computerName="ICSWS068" duration="00:00:02.2582153" startTime="2016-08-08T13:37:13.1708566+02:00" endTime="2016-08-08T13:37:15.4297530+02:00" testType="13cdc9d9-ddb5-4fa4-a97d-d965ccfc6d4b" outcome="Passed" testListId="8c84fa94-04c1-424b-9868-57a2d4851a1d" relativeResultsDirectory="d5f0ce45-47fb-4525-8f76-d7fb8dc9dbd4" />
    <UnitTestResult executionId="ff902c40-c129-4213-b767-b8c6b1fa923b" testId="bb7d5b92-b887-2028-3704-caa80584dad6" testName="ReAttachMachine_MachineExists_EEKIsUpdated" computerName="ICSWS068" duration="00:00:02.2600709" startTime="2016-08-08T13:37:15.4324908+02:00" endTime="2016-08-08T13:37:17.6944397+02:00" testType="13cdc9d9-ddb5-4fa4-a97d-d965ccfc6d4b" outcome="Passed" testListId="8c84fa94-04c1-424b-9868-57a2d4851a1d" relativeResultsDirectory="ff902c40-c129-4213-b767-b8c6b1fa923b" />
    <UnitTestResult executionId="c9081847-2f7c-4945-a23e-9c66daab48a6" testId="e98204d3-2df5-b213-0165-eb17587c0956" testName="ReAttachMachine_WrongMasterKey_Throws" computerName="ICSWS068" duration="00:00:02.3361999" startTime="2016-08-08T13:37:17.6971913+02:00" endTime="2016-08-08T13:37:20.0355960+02:00" testType="13cdc9d9-ddb5-4fa4-a97d-d965ccfc6d4b" outcome="Passed" testListId="8c84fa94-04c1-424b-9868-57a2d4851a1d" relativeResultsDirectory="c9081847-2f7c-4945-a23e-9c66daab48a6" />
    <UnitTestResult executionId="67079149-feef-429e-921b-ea2f6597ac5d" testId="d075bac2-417b-ead0-9069-eb19e54eb0cf" testName="ReAttachMachine_MasterKeyTooShort_Throws" computerName="ICSWS068" duration="00:00:00.3043205" startTime="2016-08-08T13:37:20.0383326+02:00" endTime="2016-08-08T13:37:20.3436604+02:00" testType="13cdc9d9-ddb5-4fa4-a97d-d965ccfc6d4b" outcome="Passed" testListId="8c84fa94-04c1-424b-9868-57a2d4851a1d" relativeResultsDirectory="67079149-feef-429e-921b-ea2f6597ac5d" />
    <UnitTestResult executionId="fc957cf0-49e7-45c1-878e-1eaced1d4562" testId="b464dfb7-faee-3601-2917-24bf8dbf07a8" testName="ReAttachMachine_EncryptedEncryptionKeyIsNull_Throws" computerName="ICSWS068" duration="00:00:02.3235260" startTime="2016-08-08T13:37:20.3463970+02:00" endTime="2016-08-08T13:37:22.6714280+02:00" testType="13cdc9d9-ddb5-4fa4-a97d-d965ccfc6d4b" outcome="Passed" testListId="8c84fa94-04c1-424b-9868-57a2d4851a1d" relativeResultsDirectory="fc957cf0-49e7-45c1-878e-1eaced1d4562" />
    <UnitTestResult executionId="e8f61260-3c3d-4b24-a92b-0284922e9735" testId="ea3a5513-40cf-c104-2787-9aed18a09758" testName="ReAttachMachine_ProtectionNotActive_Throws" computerName="ICSWS068" duration="00:00:01.2707766" startTime="2016-08-08T13:37:22.6741646+02:00" endTime="2016-08-08T13:37:23.9467702+02:00" testType="13cdc9d9-ddb5-4fa4-a97d-d965ccfc6d4b" outcome="Passed" testListId="8c84fa94-04c1-424b-9868-57a2d4851a1d" relativeResultsDirectory="e8f61260-3c3d-4b24-a92b-0284922e9735" />
    <UnitTestResult executionId="81395bdc-3ebb-4cba-becb-e7c8fd619aa5" testId="faf14748-3d5c-13c4-db1a-13f6288a7c9e" testName="RegenerateEncryptionKey_MasterKeyIsWrong_Throws" computerName="ICSWS068" duration="00:00:02.2358541" startTime="2016-08-08T13:37:23.9494904+02:00" endTime="2016-08-08T13:37:26.1870798+02:00" testType="13cdc9d9-ddb5-4fa4-a97d-d965ccfc6d4b" outcome="Passed" testListId="8c84fa94-04c1-424b-9868-57a2d4851a1d" relativeResultsDirectory="81395bdc-3ebb-4cba-becb-e7c8fd619aa5" />
    <UnitTestResult executionId="cbfc73fc-e138-499f-91de-633c868d7230" testId="db366558-3fc9-1c2c-cfde-24c12abe438f" testName="RegenerateEncryptionKey_CorrectMasterKey_EncryptedEncryptionKeyIsSetOnSystemConfiguration" computerName="ICSWS068" duration="00:00:02.3017088" startTime="2016-08-08T13:37:26.1897994+02:00" endTime="2016-08-08T13:37:28.4934043+02:00" testType="13cdc9d9-ddb5-4fa4-a97d-d965ccfc6d4b" outcome="Passed" testListId="8c84fa94-04c1-424b-9868-57a2d4851a1d" relativeResultsDirectory="cbfc73fc-e138-499f-91de-633c868d7230" />
    <UnitTestResult executionId="2be5616d-7716-44e7-8e4a-0eaf634bb82e" testId="68157e50-a2ea-da06-e214-a880236bd950" testName="RegenerateEncryptionKey_CorrectMasterKey_ValuesAreEncryptedWithNewKey" computerName="ICSWS068" duration="00:00:02.3717977" startTime="2016-08-08T13:37:28.4961295+02:00" endTime="2016-08-08T13:37:30.8702768+02:00" testType="13cdc9d9-ddb5-4fa4-a97d-d965ccfc6d4b" outcome="Passed" testListId="8c84fa94-04c1-424b-9868-57a2d4851a1d" relativeResultsDirectory="2be5616d-7716-44e7-8e4a-0eaf634bb82e" />
    <UnitTestResult executionId="d44681d8-537f-471a-8389-9245cb17ab89" testId="6399fd76-f94f-53e3-f32f-9a65d4c4c3b2" testName="RegenerateEncryptionKey_CorrectMasterKey_AttachedMachineExceptCurrentIsInvalidated" computerName="ICSWS068" duration="00:00:02.3438141" startTime="2016-08-08T13:37:30.8727821+02:00" endTime="2016-08-08T13:37:33.2180442+02:00" testType="13cdc9d9-ddb5-4fa4-a97d-d965ccfc6d4b" outcome="Passed" testListId="8c84fa94-04c1-424b-9868-57a2d4851a1d" relativeResultsDirectory="d44681d8-537f-471a-8389-9245cb17ab89" />
    <UnitTestResult executionId="bdaf2013-487d-44bc-a064-711235be02ef" testId="750613c5-4ef2-a8dc-d73d-ec6fae90797e" testName="RegenerateEncryptionKey_CorrectMasterKey_CurrentMachineIsValidAndHasNewEncryptedEncryptionKey" computerName="ICSWS068" duration="00:00:02.3124144" startTime="2016-08-08T13:37:33.2207870+02:00" endTime="2016-08-08T13:37:35.5352389+02:00" testType="13cdc9d9-ddb5-4fa4-a97d-d965ccfc6d4b" outcome="Passed" testListId="8c84fa94-04c1-424b-9868-57a2d4851a1d" relativeResultsDirectory="bdaf2013-487d-44bc-a064-711235be02ef" />
    <UnitTestResult executionId="a280df62-8c87-4ffc-aca5-e650342710ff" testId="1b9d187a-f81e-3027-1bee-491eb5b7a479" testName="RegenerateEncryptionKey_UserNotAllowedToRunOperation_Throws" computerName="ICSWS068" duration="00:00:01.2992030" startTime="2016-08-08T13:37:35.5382410+02:00" endTime="2016-08-08T13:37:36.8386855+02:00" testType="13cdc9d9-ddb5-4fa4-a97d-d965ccfc6d4b" outcome="Passed" testListId="8c84fa94-04c1-424b-9868-57a2d4851a1d" relativeResultsDirectory="a280df62-8c87-4ffc-aca5-e650342710ff" />
    <UnitTestResult executionId="8a9e9692-d631-4a26-bf10-b59a1df937ae" testId="a4f50494-bcc0-f89b-3907-f1a8d00cb06d" testName="ScenarioTest_NoFailingSteps_Succeeds" computerName="ICSWS068" duration="00:00:22.8011752" startTime="2016-08-08T13:37:36.8425168+02:00" endTime="2016-08-08T13:37:59.6463002+02:00" testType="13cdc9d9-ddb5-4fa4-a97d-d965ccfc6d4b" outcome="Passed" testListId="8c84fa94-04c1-424b-9868-57a2d4851a1d" relativeResultsDirectory="8a9e9692-d631-4a26-bf10-b59a1df937ae">
      <Output>
        <StdOut>Debug Trace:
ActivateProtection
ReAttachMachine
ChangeMasterKey
DeactivateProtection
ActivateProtection
RegenerateEncryptionKey
ReAttachMachine
DeactivateProtection</StdOut>
      </Output>
    </UnitTestResult>
    <UnitTestResult executionId="092d7d68-d3eb-4e64-81a8-098b03203e9f" testId="44639add-b2a7-e60b-7bd4-ef9427a3b211" testName="ScenarioTest_EncryptedValueChangedInDB_Fails" computerName="ICSWS068" duration="00:00:08.5638624" startTime="2016-08-08T13:37:59.6492872+02:00" endTime="2016-08-08T13:38:08.2142205+02:00" testType="13cdc9d9-ddb5-4fa4-a97d-d965ccfc6d4b" outcome="Passed" testListId="8c84fa94-04c1-424b-9868-57a2d4851a1d" relativeResultsDirectory="092d7d68-d3eb-4e64-81a8-098b03203e9f">
      <Output>
        <StdOut>Debug Trace:
ActivateProtection, current machine not in attached machines, fails
ActivateProtection, new key and valid current machine, succeeds
DeactivateProtection
ActivateProtection
Simulate that someone changes an encrypted value in the database
RegenerateEncryptionKey</StdOut>
      </Output>
    </UnitTestResult>
    <UnitTestResult executionId="c3dc67ba-4894-4ba2-a5f6-2a292cb808c1" testId="6657da10-53b0-6769-7dcf-2942c77ed7e3" testName="ScenarioTest_FailingSteps_Succeeds" computerName="ICSWS068" duration="00:00:16.4830433" startTime="2016-08-08T13:38:08.2178955+02:00" endTime="2016-08-08T13:38:24.7023756+02:00" testType="13cdc9d9-ddb5-4fa4-a97d-d965ccfc6d4b" outcome="Passed" testListId="8c84fa94-04c1-424b-9868-57a2d4851a1d" relativeResultsDirectory="c3dc67ba-4894-4ba2-a5f6-2a292cb808c1">
      <Output>
        <StdOut>Debug Trace:
ActivateProtection, current machine not in attached machines, fails
ActivateProtection, new key and valid current machine, succeeds
DeactivateProtection
ActivateProtection
RegenerateEncryptionKey wrong key
RegenerateEncryptionKey correct key
ReAttachMachine wrong key
DeactivateProtection when machine not reattached fails
ReAttachMachine correct key
ChangeMaster key, old is wrong
ChangeMaster key
DeactivateProtection when machine valid attach</StdOut>
      </Output>
    </UnitTestResult>
    <UnitTestResult executionId="5039bc16-cf92-4ba3-a5a4-fa3a3e821a16" testId="97ab4546-09ef-ee09-c649-725f7fb52772" testName="ScenarioTest_TwoProtectionServicesRegeneratingEncryptionKey_Succeeds" computerName="ICSWS068" duration="00:00:03.5570303" startTime="2016-08-08T13:38:24.7052366+02:00" endTime="2016-08-08T13:38:28.2643908+02:00" testType="13cdc9d9-ddb5-4fa4-a97d-d965ccfc6d4b" outcome="Passed" testListId="8c84fa94-04c1-424b-9868-57a2d4851a1d" relativeResultsDirectory="5039bc16-cf92-4ba3-a5a4-fa3a3e821a16">
      <Output>
        <StdOut>Debug Trace:
RegenerateEncryptionKey
RegenerateEncryptionKey</StdOut>
      </Output>
    </UnitTestResult>
    <UnitTestResult executionId="9ce197f6-de5d-44fe-91a5-d878a15f412e" testId="9d56e46f-4d89-0015-f0a8-ecccdfe34dae" testName="ScenarioTest_TwoProtectionServicesOneRuntimeRegeneratingEncryptionKey_Fails" computerName="ICSWS068" duration="00:00:03.3156018" startTime="2016-08-08T13:38:28.2669095+02:00" endTime="2016-08-08T13:38:31.5839210+02:00" testType="13cdc9d9-ddb5-4fa4-a97d-d965ccfc6d4b" outcome="Passed" testListId="8c84fa94-04c1-424b-9868-57a2d4851a1d" relativeResultsDirectory="9ce197f6-de5d-44fe-91a5-d878a15f412e">
      <Output>
        <StdOut>Debug Trace:
RegenerateEncryptionKey
RegenerateEncryptionKey</StdOut>
      </Output>
    </UnitTestResult>
  </Results>
  <TestDefinitions>
    <UnitTest name="ActivateProtection_NotPreviouslyActivated_AttachedMachinesExceptCurrentMachineAreInvalidated" storage="f:\etwork\bin\tests\sysintgtests.icore.common.entities.dll" id="e5e406f8-9494-100b-cafa-59a3a08649a8">
      <TestCategory>
        <TestCategoryItem TestCategory="SystemIntegration" />
      </TestCategory>
      <Execution id="058d8e04-6a97-4870-81e7-9c92171bf4c7" />
      <TestMethod codeBase="F:\ETWork\bin\Tests\SysIntgTests.iCore.Common.Entities.dll" adapterTypeName="Microsoft.VisualStudio.TestTools.TestTypes.Unit.UnitTestAdapter" className="SysIntgTests.iCore.Common.Entities.SystemProtectionServiceImplTests" name="ActivateProtection_NotPreviouslyActivated_AttachedMachinesExceptCurrentMachineAreInvalidated" />
    </UnitTest>
    <UnitTest name="ActivateProtection_NotPreviouslyActivated_EncryptedEncryptionKeySetOnSystemConfiguration" storage="f:\etwork\bin\tests\sysintgtests.icore.common.entities.dll" id="94570a0f-9197-8bd3-2e74-45b35724d801">
      <TestCategory>
        <TestCategoryItem TestCategory="SystemIntegration" />
      </TestCategory>
      <Execution id="5ba5de51-33d8-49b9-9079-a48cc7083461" />
      <TestMethod codeBase="F:\ETWork\bin\Tests\SysIntgTests.iCore.Common.Entities.dll" adapterTypeName="Microsoft.VisualStudio.TestTools.TestTypes.Unit.UnitTestAdapter" className="SysIntgTests.iCore.Common.Entities.SystemProtectionServiceImplTests" name="ActivateProtection_NotPreviouslyActivated_EncryptedEncryptionKeySetOnSystemConfiguration" />
    </UnitTest>
    <UnitTest name="ActivateProtection_NotPreviouslyActivated_MasterKeyHashSetOnSystemConfiguration" storage="f:\etwork\bin\tests\sysintgtests.icore.common.entities.dll" id="f1b18637-6258-7a2b-8105-6144aa21086e">
      <TestCategory>
        <TestCategoryItem TestCategory="SystemIntegration" />
      </TestCategory>
      <Execution id="6905ec7b-662f-4fbe-a2db-9c2f3576b0f5" />
      <TestMethod codeBase="F:\ETWork\bin\Tests\SysIntgTests.iCore.Common.Entities.dll" adapterTypeName="Microsoft.VisualStudio.TestTools.TestTypes.Unit.UnitTestAdapter" className="SysIntgTests.iCore.Common.Entities.SystemProtectionServiceImplTests" name="ActivateProtection_NotPreviouslyActivated_MasterKeyHashSetOnSystemConfiguration" />
    </UnitTest>
    <UnitTest name="ActivateProtection_NotPreviouslyActivated_SaltPaddingGeneratedAndSetOnSystemConfiguration" storage="f:\etwork\bin\tests\sysintgtests.icore.common.entities.dll" id="63c8ee96-fc2c-be4e-e900-0b86887102f4">
      <TestCategory>
        <TestCategoryItem TestCategory="SystemIntegration" />
      </TestCategory>
      <Execution id="c73ef191-e22c-4b9e-a45c-14bfcd51e355" />
      <TestMethod codeBase="F:\ETWork\bin\Tests\SysIntgTests.iCore.Common.Entities.dll" adapterTypeName="Microsoft.VisualStudio.TestTools.TestTypes.Unit.UnitTestAdapter" className="SysIntgTests.iCore.Common.Entities.SystemProtectionServiceImplTests" name="ActivateProtection_NotPreviouslyActivated_SaltPaddingGeneratedAndSetOnSystemConfiguration" />
    </UnitTest>
    <UnitTest name="ActivateProtection_NotPreviouslyActivated_CurrentMachineIsReattached" storage="f:\etwork\bin\tests\sysintgtests.icore.common.entities.dll" id="38f3e74f-5725-78be-dc80-d9a6a9cb7e61">
      <TestCategory>
        <TestCategoryItem TestCategory="SystemIntegration" />
      </TestCategory>
      <Execution id="a4404451-ea2f-4c86-860a-e7f4c1cb17aa" />
      <TestMethod codeBase="F:\ETWork\bin\Tests\SysIntgTests.iCore.Common.Entities.dll" adapterTypeName="Microsoft.VisualStudio.TestTools.TestTypes.Unit.UnitTestAdapter" className="SysIntgTests.iCore.Common.Entities.SystemProtectionServiceImplTests" name="ActivateProtection_NotPreviouslyActivated_CurrentMachineIsReattached" />
    </UnitTest>
    <UnitTest name="ActivateProtection_PreviouslyActivatedMasterKeyHashIsNull_MasterKeyHashAndEncryptedEncryptionKeyChanged" storage="f:\etwork\bin\tests\sysintgtests.icore.common.entities.dll" id="73f96e50-adc4-b11a-47eb-6f63483031ef">
      <TestCategory>
        <TestCategoryItem TestCategory="SystemIntegration" />
      </TestCategory>
      <Execution id="2d062108-720d-420f-a35c-2e17487861ee" />
      <TestMethod codeBase="F:\ETWork\bin\Tests\SysIntgTests.iCore.Common.Entities.dll" adapterTypeName="Microsoft.VisualStudio.TestTools.TestTypes.Unit.UnitTestAdapter" className="SysIntgTests.iCore.Common.Entities.SystemProtectionServiceImplTests" name="ActivateProtection_PreviouslyActivatedMasterKeyHashIsNull_MasterKeyHashAndEncryptedEncryptionKeyChanged" />
    </UnitTest>
    <UnitTest name="ActivateProtection_PreviouslyActivatedEncryptedEncryptionKeyIsNull_Throws" storage="f:\etwork\bin\tests\sysintgtests.icore.common.entities.dll" id="600d4021-1dcd-5294-b48e-4181a435fc64">
      <TestCategory>
        <TestCategoryItem TestCategory="SystemIntegration" />
      </TestCategory>
      <Execution id="47ed48b5-828b-4690-9cb6-c553409c5c04" />
      <TestMethod codeBase="F:\ETWork\bin\Tests\SysIntgTests.iCore.Common.Entities.dll" adapterTypeName="Microsoft.VisualStudio.TestTools.TestTypes.Unit.UnitTestAdapter" className="SysIntgTests.iCore.Common.Entities.SystemProtectionServiceImplTests" name="ActivateProtection_PreviouslyActivatedEncryptedEncryptionKeyIsNull_Throws" />
    </UnitTest>
    <UnitTest name="ActivateProtection_UserNotAllowedToRunOperation_Throws" storage="f:\etwork\bin\tests\sysintgtests.icore.common.entities.dll" id="ae0ae35c-34e4-547f-5424-b2c00b59e165">
      <TestCategory>
        <TestCategoryItem TestCategory="SystemIntegration" />
      </TestCategory>
      <Execution id="bfb928e4-e994-4739-af91-49155264cb9a" />
      <TestMethod codeBase="F:\ETWork\bin\Tests\SysIntgTests.iCore.Common.Entities.dll" adapterTypeName="Microsoft.VisualStudio.TestTools.TestTypes.Unit.UnitTestAdapter" className="SysIntgTests.iCore.Common.Entities.SystemProtectionServiceImplTests" name="ActivateProtection_UserNotAllowedToRunOperation_Throws" />
    </UnitTest>
    <UnitTest name="ActivateProtection_PreviouslyActivatedDifferentMasterKey_MasterKeyHashAndEncryptedEncryptionKeyChanged" storage="f:\etwork\bin\tests\sysintgtests.icore.common.entities.dll" id="8d5a00f6-800e-bc9b-81e5-098bb426803a">
      <TestCategory>
        <TestCategoryItem TestCategory="SystemIntegration" />
      </TestCategory>
      <Execution id="19721b63-2ec8-45b2-92f8-d92fde2a52f4" />
      <TestMethod codeBase="F:\ETWork\bin\Tests\SysIntgTests.iCore.Common.Entities.dll" adapterTypeName="Microsoft.VisualStudio.TestTools.TestTypes.Unit.UnitTestAdapter" className="SysIntgTests.iCore.Common.Entities.SystemProtectionServiceImplTests" name="ActivateProtection_PreviouslyActivatedDifferentMasterKey_MasterKeyHashAndEncryptedEncryptionKeyChanged" />
    </UnitTest>
    <UnitTest name="ActivateProtection_PreviouslyActivatedDifferentMasterKey_AllButCurrentMachineAreInvalidated" storage="f:\etwork\bin\tests\sysintgtests.icore.common.entities.dll" id="4bc189ef-2b3a-ba1c-780b-1b6350dde1cc">
      <TestCategory>
        <TestCategoryItem TestCategory="SystemIntegration" />
      </TestCategory>
      <Execution id="0c7cd2cc-472d-40c3-8527-f7e0b79e2672" />
      <TestMethod codeBase="F:\ETWork\bin\Tests\SysIntgTests.iCore.Common.Entities.dll" adapterTypeName="Microsoft.VisualStudio.TestTools.TestTypes.Unit.UnitTestAdapter" className="SysIntgTests.iCore.Common.Entities.SystemProtectionServiceImplTests" name="ActivateProtection_PreviouslyActivatedDifferentMasterKey_AllButCurrentMachineAreInvalidated" />
    </UnitTest>
    <UnitTest name="ActivateProtection_PreviouslyActivatedDifferentMasterKey_CurrentMachineHasNewEncryptionKey" storage="f:\etwork\bin\tests\sysintgtests.icore.common.entities.dll" id="fe773de9-f099-4289-d513-5b714f46a69e">
      <TestCategory>
        <TestCategoryItem TestCategory="SystemIntegration" />
      </TestCategory>
      <Execution id="67faa5a1-e5d6-4193-94a7-195111cd534a" />
      <TestMethod codeBase="F:\ETWork\bin\Tests\SysIntgTests.iCore.Common.Entities.dll" adapterTypeName="Microsoft.VisualStudio.TestTools.TestTypes.Unit.UnitTestAdapter" className="SysIntgTests.iCore.Common.Entities.SystemProtectionServiceImplTests" name="ActivateProtection_PreviouslyActivatedDifferentMasterKey_CurrentMachineHasNewEncryptionKey" />
    </UnitTest>
    <UnitTest name="ActivateProtection_PreviouslyActivatedCorrectMasterKey_Success" storage="f:\etwork\bin\tests\sysintgtests.icore.common.entities.dll" id="9aa26c65-21c0-058e-7af7-e13276dee14c">
      <TestCategory>
        <TestCategoryItem TestCategory="SystemIntegration" />
      </TestCategory>
      <Execution id="50fb23f3-df91-4440-83a6-a343cb6dd90d" />
      <TestMethod codeBase="F:\ETWork\bin\Tests\SysIntgTests.iCore.Common.Entities.dll" adapterTypeName="Microsoft.VisualStudio.TestTools.TestTypes.Unit.UnitTestAdapter" className="SysIntgTests.iCore.Common.Entities.SystemProtectionServiceImplTests" name="ActivateProtection_PreviouslyActivatedCorrectMasterKey_Success" />
    </UnitTest>
    <UnitTest name="ActivateProtection_PreviouslyActivatedAllAttachedMachinesAreValidButMissingEncryptionKey_AllButCurrentMachineInvalidated" storage="f:\etwork\bin\tests\sysintgtests.icore.common.entities.dll" id="46491e0a-f4a4-56b8-c22c-c4c0dc888ebe">
      <TestCategory>
        <TestCategoryItem TestCategory="SystemIntegration" />
      </TestCategory>
      <Execution id="52e36ebd-58cb-4506-9bab-280d125aeb25" />
      <TestMethod codeBase="F:\ETWork\bin\Tests\SysIntgTests.iCore.Common.Entities.dll" adapterTypeName="Microsoft.VisualStudio.TestTools.TestTypes.Unit.UnitTestAdapter" className="SysIntgTests.iCore.Common.Entities.SystemProtectionServiceImplTests" name="ActivateProtection_PreviouslyActivatedAllAttachedMachinesAreValidButMissingEncryptionKey_AllButCurrentMachineInvalidated" />
    </UnitTest>
    <UnitTest name="ActivateProtection_PreviouslyActivatedAllAttachedMachinesAreValidAndHasEncryptionKey_AttachedMachinesAreStillValid" storage="f:\etwork\bin\tests\sysintgtests.icore.common.entities.dll" id="b99ecc04-18e5-6d9f-68e9-f1d3824f5267">
      <TestCategory>
        <TestCategoryItem TestCategory="SystemIntegration" />
      </TestCategory>
      <Execution id="81bc694a-1875-4ce4-a136-85353eb67a4e" />
      <TestMethod codeBase="F:\ETWork\bin\Tests\SysIntgTests.iCore.Common.Entities.dll" adapterTypeName="Microsoft.VisualStudio.TestTools.TestTypes.Unit.UnitTestAdapter" className="SysIntgTests.iCore.Common.Entities.SystemProtectionServiceImplTests" name="ActivateProtection_PreviouslyActivatedAllAttachedMachinesAreValidAndHasEncryptionKey_AttachedMachinesAreStillValid" />
    </UnitTest>
    <UnitTest name="ActivateProtection_PreviouslyActivatedAllAttachedMachinesAreInvalid_AttachedMachinesExceptCurrentAreInvalid" storage="f:\etwork\bin\tests\sysintgtests.icore.common.entities.dll" id="2707a08e-9251-3d85-942e-58ce1bce9a4d">
      <TestCategory>
        <TestCategoryItem TestCategory="SystemIntegration" />
      </TestCategory>
      <Execution id="0d0ce96a-50f5-4f29-a253-f2d3b0c176a6" />
      <TestMethod codeBase="F:\ETWork\bin\Tests\SysIntgTests.iCore.Common.Entities.dll" adapterTypeName="Microsoft.VisualStudio.TestTools.TestTypes.Unit.UnitTestAdapter" className="SysIntgTests.iCore.Common.Entities.SystemProtectionServiceImplTests" name="ActivateProtection_PreviouslyActivatedAllAttachedMachinesAreInvalid_AttachedMachinesExceptCurrentAreInvalid" />
    </UnitTest>
    <UnitTest name="ActivateProtection_WrongMasterKeyReturnedFromConfirmationDelegate_ConfirmDelegateCalledAgain" storage="f:\etwork\bin\tests\sysintgtests.icore.common.entities.dll" id="b4091963-1fe2-6035-9ff2-e72bdfa25c7c">
      <TestCategory>
        <TestCategoryItem TestCategory="SystemIntegration" />
      </TestCategory>
      <Execution id="ff291547-16c6-4ebe-9c96-45627f3ffdb1" />
      <TestMethod codeBase="F:\ETWork\bin\Tests\SysIntgTests.iCore.Common.Entities.dll" adapterTypeName="Microsoft.VisualStudio.TestTools.TestTypes.Unit.UnitTestAdapter" className="SysIntgTests.iCore.Common.Entities.SystemProtectionServiceImplTests" name="ActivateProtection_WrongMasterKeyReturnedFromConfirmationDelegate_ConfirmDelegateCalledAgain" />
    </UnitTest>
    <UnitTest name="ActivateProtection_NullReturnedFromConfirmationDelegate_ActivationIsStopped" storage="f:\etwork\bin\tests\sysintgtests.icore.common.entities.dll" id="ca638cbc-4440-2f3d-59d2-48fa8a29f162">
      <TestCategory>
        <TestCategoryItem TestCategory="SystemIntegration" />
      </TestCategory>
      <Execution id="08a1d22f-7b8c-4ca7-a702-a5f500c0df22" />
      <TestMethod codeBase="F:\ETWork\bin\Tests\SysIntgTests.iCore.Common.Entities.dll" adapterTypeName="Microsoft.VisualStudio.TestTools.TestTypes.Unit.UnitTestAdapter" className="SysIntgTests.iCore.Common.Entities.SystemProtectionServiceImplTests" name="ActivateProtection_NullReturnedFromConfirmationDelegate_ActivationIsStopped" />
    </UnitTest>
    <UnitTest name="ActivateProtection_ProtectedValues_ValuesAreEncrypted" storage="f:\etwork\bin\tests\sysintgtests.icore.common.entities.dll" id="9ec69a93-d93d-86af-39bc-9b59932a8ce2">
      <TestCategory>
        <TestCategoryItem TestCategory="SystemIntegration" />
      </TestCategory>
      <Execution id="90df69d7-c322-4882-a758-84fc7fbb4a37" />
      <TestMethod codeBase="F:\ETWork\bin\Tests\SysIntgTests.iCore.Common.Entities.dll" adapterTypeName="Microsoft.VisualStudio.TestTools.TestTypes.Unit.UnitTestAdapter" className="SysIntgTests.iCore.Common.Entities.SystemProtectionServiceImplTests" name="ActivateProtection_ProtectedValues_ValuesAreEncrypted" />
    </UnitTest>
    <UnitTest name="ActivateProtection_ManyNodes_Success" storage="f:\etwork\bin\tests\sysintgtests.icore.common.entities.dll" id="82977d4d-03a4-84f3-757d-2811c9f90d4e">
      <TestCategory>
        <TestCategoryItem TestCategory="SystemIntegration" />
      </TestCategory>
      <Execution id="4ee7d7cb-cbae-48ee-a454-fc778ca9787e" />
      <TestMethod codeBase="F:\ETWork\bin\Tests\SysIntgTests.iCore.Common.Entities.dll" adapterTypeName="Microsoft.VisualStudio.TestTools.TestTypes.Unit.UnitTestAdapter" className="SysIntgTests.iCore.Common.Entities.SystemProtectionServiceImplTests" name="ActivateProtection_ManyNodes_Success" />
    </UnitTest>
    <UnitTest name="ActivateProtection_ManyNodesNonprotected_Success" storage="f:\etwork\bin\tests\sysintgtests.icore.common.entities.dll" id="884a9cac-0f7b-7904-2d29-936bbb6b36f3">
      <TestCategory>
        <TestCategoryItem TestCategory="SystemIntegration" />
      </TestCategory>
      <Execution id="7dcfbcde-cd0f-429c-802b-ed979716bad0" />
      <TestMethod codeBase="F:\ETWork\bin\Tests\SysIntgTests.iCore.Common.Entities.dll" adapterTypeName="Microsoft.VisualStudio.TestTools.TestTypes.Unit.UnitTestAdapter" className="SysIntgTests.iCore.Common.Entities.SystemProtectionServiceImplTests" name="ActivateProtection_ManyNodesNonprotected_Success" />
    </UnitTest>
    <UnitTest name="DeactivateProtection_WrongMasterKey_Throws" storage="f:\etwork\bin\tests\sysintgtests.icore.common.entities.dll" id="92799294-00e3-b9e8-fccb-949b0e7696e2">
      <TestCategory>
        <TestCategoryItem TestCategory="SystemIntegration" />
      </TestCategory>
      <Execution id="443d9079-a7e0-4a79-b3bf-df459c37ffc5" />
      <TestMethod codeBase="F:\ETWork\bin\Tests\SysIntgTests.iCore.Common.Entities.dll" adapterTypeName="Microsoft.VisualStudio.TestTools.TestTypes.Unit.UnitTestAdapter" className="SysIntgTests.iCore.Common.Entities.SystemProtectionServiceImplTests" name="DeactivateProtection_WrongMasterKey_Throws" />
    </UnitTest>
    <UnitTest name="DeactivateProtection_UserNotAllowedToRunOperation_Throws" storage="f:\etwork\bin\tests\sysintgtests.icore.common.entities.dll" id="81bdfd27-c381-9bd3-b334-544771d2f77c">
      <TestCategory>
        <TestCategoryItem TestCategory="SystemIntegration" />
      </TestCategory>
      <Execution id="ed6e6aa1-2865-40b4-9196-58668191f455" />
      <TestMethod codeBase="F:\ETWork\bin\Tests\SysIntgTests.iCore.Common.Entities.dll" adapterTypeName="Microsoft.VisualStudio.TestTools.TestTypes.Unit.UnitTestAdapter" className="SysIntgTests.iCore.Common.Entities.SystemProtectionServiceImplTests" name="DeactivateProtection_UserNotAllowedToRunOperation_Throws" />
    </UnitTest>
    <UnitTest name="DeactivateProtection_CorrectMasterKey_Success" storage="f:\etwork\bin\tests\sysintgtests.icore.common.entities.dll" id="4b6edfe0-b76f-58bc-c976-759afe6ff976">
      <TestCategory>
        <TestCategoryItem TestCategory="SystemIntegration" />
      </TestCategory>
      <Execution id="ae14cb71-1a44-4381-9617-4f2b401304ae" />
      <TestMethod codeBase="F:\ETWork\bin\Tests\SysIntgTests.iCore.Common.Entities.dll" adapterTypeName="Microsoft.VisualStudio.TestTools.TestTypes.Unit.UnitTestAdapter" className="SysIntgTests.iCore.Common.Entities.SystemProtectionServiceImplTests" name="DeactivateProtection_CorrectMasterKey_Success" />
    </UnitTest>
    <UnitTest name="DeactivateProtection_CorrectMasterKey_DataProtectionIsSetToNone" storage="f:\etwork\bin\tests\sysintgtests.icore.common.entities.dll" id="69e2a0f8-95df-6c15-fedf-e702030720f4">
      <TestCategory>
        <TestCategoryItem TestCategory="SystemIntegration" />
      </TestCategory>
      <Execution id="6f125c87-8534-429f-8eed-23677b379738" />
      <TestMethod codeBase="F:\ETWork\bin\Tests\SysIntgTests.iCore.Common.Entities.dll" adapterTypeName="Microsoft.VisualStudio.TestTools.TestTypes.Unit.UnitTestAdapter" className="SysIntgTests.iCore.Common.Entities.SystemProtectionServiceImplTests" name="DeactivateProtection_CorrectMasterKey_DataProtectionIsSetToNone" />
    </UnitTest>
    <UnitTest name="DeactivateProtection_ProtectedValues_ValuesAreDecrypted" storage="f:\etwork\bin\tests\sysintgtests.icore.common.entities.dll" id="aaf3fe7a-c189-1c63-14ef-fcb9738d3967">
      <TestCategory>
        <TestCategoryItem TestCategory="SystemIntegration" />
      </TestCategory>
      <Execution id="83730651-ce07-4393-bbc2-22f4760d6840" />
      <TestMethod codeBase="F:\ETWork\bin\Tests\SysIntgTests.iCore.Common.Entities.dll" adapterTypeName="Microsoft.VisualStudio.TestTools.TestTypes.Unit.UnitTestAdapter" className="SysIntgTests.iCore.Common.Entities.SystemProtectionServiceImplTests" name="DeactivateProtection_ProtectedValues_ValuesAreDecrypted" />
    </UnitTest>
    <UnitTest name="DeactivateProtection_ManyNodes_Success" storage="f:\etwork\bin\tests\sysintgtests.icore.common.entities.dll" id="7009ef4c-58db-101a-e565-c30d829ed06c">
      <TestCategory>
        <TestCategoryItem TestCategory="SystemIntegration" />
      </TestCategory>
      <Execution id="c8c894eb-aa9e-4c3f-9437-b8766e00a7e2" />
      <TestMethod codeBase="F:\ETWork\bin\Tests\SysIntgTests.iCore.Common.Entities.dll" adapterTypeName="Microsoft.VisualStudio.TestTools.TestTypes.Unit.UnitTestAdapter" className="SysIntgTests.iCore.Common.Entities.SystemProtectionServiceImplTests" name="DeactivateProtection_ManyNodes_Success" />
    </UnitTest>
    <UnitTest name="DeactivateProtection_ManyNodes2_Success" storage="f:\etwork\bin\tests\sysintgtests.icore.common.entities.dll" id="0263f43d-395e-4dd1-0b29-84361b3d89fe">
      <TestCategory>
        <TestCategoryItem TestCategory="SystemIntegration" />
      </TestCategory>
      <Execution id="ff8f3889-01d2-4e0e-94e2-e45078326581" />
      <TestMethod codeBase="F:\ETWork\bin\Tests\SysIntgTests.iCore.Common.Entities.dll" adapterTypeName="Microsoft.VisualStudio.TestTools.TestTypes.Unit.UnitTestAdapter" className="SysIntgTests.iCore.Common.Entities.SystemProtectionServiceImplTests" name="DeactivateProtection_ManyNodes2_Success" />
    </UnitTest>
    <UnitTest name="ReAttachMachine_MachineExists_MachineIsValid" storage="f:\etwork\bin\tests\sysintgtests.icore.common.entities.dll" id="5c029b5d-0c4d-ce0c-cbd3-08281627b84e">
      <TestCategory>
        <TestCategoryItem TestCategory="SystemIntegration" />
      </TestCategory>
      <Execution id="d5f0ce45-47fb-4525-8f76-d7fb8dc9dbd4" />
      <TestMethod codeBase="F:\ETWork\bin\Tests\SysIntgTests.iCore.Common.Entities.dll" adapterTypeName="Microsoft.VisualStudio.TestTools.TestTypes.Unit.UnitTestAdapter" className="SysIntgTests.iCore.Common.Entities.SystemProtectionServiceImplTests" name="ReAttachMachine_MachineExists_MachineIsValid" />
    </UnitTest>
    <UnitTest name="ReAttachMachine_MachineExists_EEKIsUpdated" storage="f:\etwork\bin\tests\sysintgtests.icore.common.entities.dll" id="bb7d5b92-b887-2028-3704-caa80584dad6">
      <TestCategory>
        <TestCategoryItem TestCategory="SystemIntegration" />
      </TestCategory>
      <Execution id="ff902c40-c129-4213-b767-b8c6b1fa923b" />
      <TestMethod codeBase="F:\ETWork\bin\Tests\SysIntgTests.iCore.Common.Entities.dll" adapterTypeName="Microsoft.VisualStudio.TestTools.TestTypes.Unit.UnitTestAdapter" className="SysIntgTests.iCore.Common.Entities.SystemProtectionServiceImplTests" name="ReAttachMachine_MachineExists_EEKIsUpdated" />
    </UnitTest>
    <UnitTest name="ReAttachMachine_WrongMasterKey_Throws" storage="f:\etwork\bin\tests\sysintgtests.icore.common.entities.dll" id="e98204d3-2df5-b213-0165-eb17587c0956">
      <TestCategory>
        <TestCategoryItem TestCategory="SystemIntegration" />
      </TestCategory>
      <Execution id="c9081847-2f7c-4945-a23e-9c66daab48a6" />
      <TestMethod codeBase="F:\ETWork\bin\Tests\SysIntgTests.iCore.Common.Entities.dll" adapterTypeName="Microsoft.VisualStudio.TestTools.TestTypes.Unit.UnitTestAdapter" className="SysIntgTests.iCore.Common.Entities.SystemProtectionServiceImplTests" name="ReAttachMachine_WrongMasterKey_Throws" />
    </UnitTest>
    <UnitTest name="ReAttachMachine_MasterKeyTooShort_Throws" storage="f:\etwork\bin\tests\sysintgtests.icore.common.entities.dll" id="d075bac2-417b-ead0-9069-eb19e54eb0cf">
      <TestCategory>
        <TestCategoryItem TestCategory="SystemIntegration" />
      </TestCategory>
      <Execution id="67079149-feef-429e-921b-ea2f6597ac5d" />
      <TestMethod codeBase="F:\ETWork\bin\Tests\SysIntgTests.iCore.Common.Entities.dll" adapterTypeName="Microsoft.VisualStudio.TestTools.TestTypes.Unit.UnitTestAdapter" className="SysIntgTests.iCore.Common.Entities.SystemProtectionServiceImplTests" name="ReAttachMachine_MasterKeyTooShort_Throws" />
    </UnitTest>
    <UnitTest name="ReAttachMachine_EncryptedEncryptionKeyIsNull_Throws" storage="f:\etwork\bin\tests\sysintgtests.icore.common.entities.dll" id="b464dfb7-faee-3601-2917-24bf8dbf07a8">
      <TestCategory>
        <TestCategoryItem TestCategory="SystemIntegration" />
      </TestCategory>
      <Execution id="fc957cf0-49e7-45c1-878e-1eaced1d4562" />
      <TestMethod codeBase="F:\ETWork\bin\Tests\SysIntgTests.iCore.Common.Entities.dll" adapterTypeName="Microsoft.VisualStudio.TestTools.TestTypes.Unit.UnitTestAdapter" className="SysIntgTests.iCore.Common.Entities.SystemProtectionServiceImplTests" name="ReAttachMachine_EncryptedEncryptionKeyIsNull_Throws" />
    </UnitTest>
    <UnitTest name="ReAttachMachine_ProtectionNotActive_Throws" storage="f:\etwork\bin\tests\sysintgtests.icore.common.entities.dll" id="ea3a5513-40cf-c104-2787-9aed18a09758">
      <TestCategory>
        <TestCategoryItem TestCategory="SystemIntegration" />
      </TestCategory>
      <Execution id="e8f61260-3c3d-4b24-a92b-0284922e9735" />
      <TestMethod codeBase="F:\ETWork\bin\Tests\SysIntgTests.iCore.Common.Entities.dll" adapterTypeName="Microsoft.VisualStudio.TestTools.TestTypes.Unit.UnitTestAdapter" className="SysIntgTests.iCore.Common.Entities.SystemProtectionServiceImplTests" name="ReAttachMachine_ProtectionNotActive_Throws" />
    </UnitTest>
    <UnitTest name="RegenerateEncryptionKey_MasterKeyIsWrong_Throws" storage="f:\etwork\bin\tests\sysintgtests.icore.common.entities.dll" id="faf14748-3d5c-13c4-db1a-13f6288a7c9e">
      <TestCategory>
        <TestCategoryItem TestCategory="SystemIntegration" />
      </TestCategory>
      <Execution id="81395bdc-3ebb-4cba-becb-e7c8fd619aa5" />
      <TestMethod codeBase="F:\ETWork\bin\Tests\SysIntgTests.iCore.Common.Entities.dll" adapterTypeName="Microsoft.VisualStudio.TestTools.TestTypes.Unit.UnitTestAdapter" className="SysIntgTests.iCore.Common.Entities.SystemProtectionServiceImplTests" name="RegenerateEncryptionKey_MasterKeyIsWrong_Throws" />
    </UnitTest>
    <UnitTest name="RegenerateEncryptionKey_CorrectMasterKey_EncryptedEncryptionKeyIsSetOnSystemConfiguration" storage="f:\etwork\bin\tests\sysintgtests.icore.common.entities.dll" id="db366558-3fc9-1c2c-cfde-24c12abe438f">
      <TestCategory>
        <TestCategoryItem TestCategory="SystemIntegration" />
      </TestCategory>
      <Execution id="cbfc73fc-e138-499f-91de-633c868d7230" />
      <TestMethod codeBase="F:\ETWork\bin\Tests\SysIntgTests.iCore.Common.Entities.dll" adapterTypeName="Microsoft.VisualStudio.TestTools.TestTypes.Unit.UnitTestAdapter" className="SysIntgTests.iCore.Common.Entities.SystemProtectionServiceImplTests" name="RegenerateEncryptionKey_CorrectMasterKey_EncryptedEncryptionKeyIsSetOnSystemConfiguration" />
    </UnitTest>
    <UnitTest name="RegenerateEncryptionKey_CorrectMasterKey_ValuesAreEncryptedWithNewKey" storage="f:\etwork\bin\tests\sysintgtests.icore.common.entities.dll" id="68157e50-a2ea-da06-e214-a880236bd950">
      <TestCategory>
        <TestCategoryItem TestCategory="SystemIntegration" />
      </TestCategory>
      <Execution id="2be5616d-7716-44e7-8e4a-0eaf634bb82e" />
      <TestMethod codeBase="F:\ETWork\bin\Tests\SysIntgTests.iCore.Common.Entities.dll" adapterTypeName="Microsoft.VisualStudio.TestTools.TestTypes.Unit.UnitTestAdapter" className="SysIntgTests.iCore.Common.Entities.SystemProtectionServiceImplTests" name="RegenerateEncryptionKey_CorrectMasterKey_ValuesAreEncryptedWithNewKey" />
    </UnitTest>
    <UnitTest name="RegenerateEncryptionKey_CorrectMasterKey_AttachedMachineExceptCurrentIsInvalidated" storage="f:\etwork\bin\tests\sysintgtests.icore.common.entities.dll" id="6399fd76-f94f-53e3-f32f-9a65d4c4c3b2">
      <TestCategory>
        <TestCategoryItem TestCategory="SystemIntegration" />
      </TestCategory>
      <Execution id="d44681d8-537f-471a-8389-9245cb17ab89" />
      <TestMethod codeBase="F:\ETWork\bin\Tests\SysIntgTests.iCore.Common.Entities.dll" adapterTypeName="Microsoft.VisualStudio.TestTools.TestTypes.Unit.UnitTestAdapter" className="SysIntgTests.iCore.Common.Entities.SystemProtectionServiceImplTests" name="RegenerateEncryptionKey_CorrectMasterKey_AttachedMachineExceptCurrentIsInvalidated" />
    </UnitTest>
    <UnitTest name="RegenerateEncryptionKey_CorrectMasterKey_CurrentMachineIsValidAndHasNewEncryptedEncryptionKey" storage="f:\etwork\bin\tests\sysintgtests.icore.common.entities.dll" id="750613c5-4ef2-a8dc-d73d-ec6fae90797e">
      <TestCategory>
        <TestCategoryItem TestCategory="SystemIntegration" />
      </TestCategory>
      <Execution id="bdaf2013-487d-44bc-a064-711235be02ef" />
      <TestMethod codeBase="F:\ETWork\bin\Tests\SysIntgTests.iCore.Common.Entities.dll" adapterTypeName="Microsoft.VisualStudio.TestTools.TestTypes.Unit.UnitTestAdapter" className="SysIntgTests.iCore.Common.Entities.SystemProtectionServiceImplTests" name="RegenerateEncryptionKey_CorrectMasterKey_CurrentMachineIsValidAndHasNewEncryptedEncryptionKey" />
    </UnitTest>
    <UnitTest name="RegenerateEncryptionKey_UserNotAllowedToRunOperation_Throws" storage="f:\etwork\bin\tests\sysintgtests.icore.common.entities.dll" id="1b9d187a-f81e-3027-1bee-491eb5b7a479">
      <TestCategory>
        <TestCategoryItem TestCategory="SystemIntegration" />
      </TestCategory>
      <Execution id="a280df62-8c87-4ffc-aca5-e650342710ff" />
      <TestMethod codeBase="F:\ETWork\bin\Tests\SysIntgTests.iCore.Common.Entities.dll" adapterTypeName="Microsoft.VisualStudio.TestTools.TestTypes.Unit.UnitTestAdapter" className="SysIntgTests.iCore.Common.Entities.SystemProtectionServiceImplTests" name="RegenerateEncryptionKey_UserNotAllowedToRunOperation_Throws" />
    </UnitTest>
    <UnitTest name="ScenarioTest_NoFailingSteps_Succeeds" storage="f:\etwork\bin\tests\sysintgtests.icore.common.entities.dll" id="a4f50494-bcc0-f89b-3907-f1a8d00cb06d">
      <TestCategory>
        <TestCategoryItem TestCategory="SystemIntegration" />
      </TestCategory>
      <Execution id="8a9e9692-d631-4a26-bf10-b59a1df937ae" />
      <TestMethod codeBase="F:\ETWork\bin\Tests\SysIntgTests.iCore.Common.Entities.dll" adapterTypeName="Microsoft.VisualStudio.TestTools.TestTypes.Unit.UnitTestAdapter" className="SysIntgTests.iCore.Common.Entities.SystemProtectionServiceImplTests" name="ScenarioTest_NoFailingSteps_Succeeds" />
    </UnitTest>
    <UnitTest name="ScenarioTest_EncryptedValueChangedInDB_Fails" storage="f:\etwork\bin\tests\sysintgtests.icore.common.entities.dll" id="44639add-b2a7-e60b-7bd4-ef9427a3b211">
      <TestCategory>
        <TestCategoryItem TestCategory="SystemIntegration" />
      </TestCategory>
      <Execution id="092d7d68-d3eb-4e64-81a8-098b03203e9f" />
      <TestMethod codeBase="F:\ETWork\bin\Tests\SysIntgTests.iCore.Common.Entities.dll" adapterTypeName="Microsoft.VisualStudio.TestTools.TestTypes.Unit.UnitTestAdapter" className="SysIntgTests.iCore.Common.Entities.SystemProtectionServiceImplTests" name="ScenarioTest_EncryptedValueChangedInDB_Fails" />
    </UnitTest>
    <UnitTest name="ScenarioTest_FailingSteps_Succeeds" storage="f:\etwork\bin\tests\sysintgtests.icore.common.entities.dll" id="6657da10-53b0-6769-7dcf-2942c77ed7e3">
      <TestCategory>
        <TestCategoryItem TestCategory="SystemIntegration" />
      </TestCategory>
      <Execution id="c3dc67ba-4894-4ba2-a5f6-2a292cb808c1" />
      <TestMethod codeBase="F:\ETWork\bin\Tests\SysIntgTests.iCore.Common.Entities.dll" adapterTypeName="Microsoft.VisualStudio.TestTools.TestTypes.Unit.UnitTestAdapter" className="SysIntgTests.iCore.Common.Entities.SystemProtectionServiceImplTests" name="ScenarioTest_FailingSteps_Succeeds" />
    </UnitTest>
    <UnitTest name="ScenarioTest_TwoProtectionServicesRegeneratingEncryptionKey_Succeeds" storage="f:\etwork\bin\tests\sysintgtests.icore.common.entities.dll" id="97ab4546-09ef-ee09-c649-725f7fb52772">
      <TestCategory>
        <TestCategoryItem TestCategory="SystemIntegration" />
      </TestCategory>
      <Execution id="5039bc16-cf92-4ba3-a5a4-fa3a3e821a16" />
      <TestMethod codeBase="F:\ETWork\bin\Tests\SysIntgTests.iCore.Common.Entities.dll" adapterTypeName="Microsoft.VisualStudio.TestTools.TestTypes.Unit.UnitTestAdapter" className="SysIntgTests.iCore.Common.Entities.SystemProtectionServiceImplTests" name="ScenarioTest_TwoProtectionServicesRegeneratingEncryptionKey_Succeeds" />
    </UnitTest>
    <UnitTest name="ScenarioTest_TwoProtectionServicesOneRuntimeRegeneratingEncryptionKey_Fails" storage="f:\etwork\bin\tests\sysintgtests.icore.common.entities.dll" id="9d56e46f-4d89-0015-f0a8-ecccdfe34dae">
      <TestCategory>
        <TestCategoryItem TestCategory="SystemIntegration" />
      </TestCategory>
      <Execution id="9ce197f6-de5d-44fe-91a5-d878a15f412e" />
      <TestMethod codeBase="F:\ETWork\bin\Tests\SysIntgTests.iCore.Common.Entities.dll" adapterTypeName="Microsoft.VisualStudio.TestTools.TestTypes.Unit.UnitTestAdapter" className="SysIntgTests.iCore.Common.Entities.SystemProtectionServiceImplTests" name="ScenarioTest_TwoProtectionServicesOneRuntimeRegeneratingEncryptionKey_Fails" />
    </UnitTest>
  </TestDefinitions>
  <TestEntries>
    <TestEntry testId="e5e406f8-9494-100b-cafa-59a3a08649a8" executionId="058d8e04-6a97-4870-81e7-9c92171bf4c7" testListId="8c84fa94-04c1-424b-9868-57a2d4851a1d" />
    <TestEntry testId="94570a0f-9197-8bd3-2e74-45b35724d801" executionId="5ba5de51-33d8-49b9-9079-a48cc7083461" testListId="8c84fa94-04c1-424b-9868-57a2d4851a1d" />
    <TestEntry testId="f1b18637-6258-7a2b-8105-6144aa21086e" executionId="6905ec7b-662f-4fbe-a2db-9c2f3576b0f5" testListId="8c84fa94-04c1-424b-9868-57a2d4851a1d" />
    <TestEntry testId="63c8ee96-fc2c-be4e-e900-0b86887102f4" executionId="c73ef191-e22c-4b9e-a45c-14bfcd51e355" testListId="8c84fa94-04c1-424b-9868-57a2d4851a1d" />
    <TestEntry testId="38f3e74f-5725-78be-dc80-d9a6a9cb7e61" executionId="a4404451-ea2f-4c86-860a-e7f4c1cb17aa" testListId="8c84fa94-04c1-424b-9868-57a2d4851a1d" />
    <TestEntry testId="73f96e50-adc4-b11a-47eb-6f63483031ef" executionId="2d062108-720d-420f-a35c-2e17487861ee" testListId="8c84fa94-04c1-424b-9868-57a2d4851a1d" />
    <TestEntry testId="600d4021-1dcd-5294-b48e-4181a435fc64" executionId="47ed48b5-828b-4690-9cb6-c553409c5c04" testListId="8c84fa94-04c1-424b-9868-57a2d4851a1d" />
    <TestEntry testId="ae0ae35c-34e4-547f-5424-b2c00b59e165" executionId="bfb928e4-e994-4739-af91-49155264cb9a" testListId="8c84fa94-04c1-424b-9868-57a2d4851a1d" />
    <TestEntry testId="8d5a00f6-800e-bc9b-81e5-098bb426803a" executionId="19721b63-2ec8-45b2-92f8-d92fde2a52f4" testListId="8c84fa94-04c1-424b-9868-57a2d4851a1d" />
    <TestEntry testId="4bc189ef-2b3a-ba1c-780b-1b6350dde1cc" executionId="0c7cd2cc-472d-40c3-8527-f7e0b79e2672" testListId="8c84fa94-04c1-424b-9868-57a2d4851a1d" />
    <TestEntry testId="fe773de9-f099-4289-d513-5b714f46a69e" executionId="67faa5a1-e5d6-4193-94a7-195111cd534a" testListId="8c84fa94-04c1-424b-9868-57a2d4851a1d" />
    <TestEntry testId="9aa26c65-21c0-058e-7af7-e13276dee14c" executionId="50fb23f3-df91-4440-83a6-a343cb6dd90d" testListId="8c84fa94-04c1-424b-9868-57a2d4851a1d" />
    <TestEntry testId="46491e0a-f4a4-56b8-c22c-c4c0dc888ebe" executionId="52e36ebd-58cb-4506-9bab-280d125aeb25" testListId="8c84fa94-04c1-424b-9868-57a2d4851a1d" />
    <TestEntry testId="b99ecc04-18e5-6d9f-68e9-f1d3824f5267" executionId="81bc694a-1875-4ce4-a136-85353eb67a4e" testListId="8c84fa94-04c1-424b-9868-57a2d4851a1d" />
    <TestEntry testId="2707a08e-9251-3d85-942e-58ce1bce9a4d" executionId="0d0ce96a-50f5-4f29-a253-f2d3b0c176a6" testListId="8c84fa94-04c1-424b-9868-57a2d4851a1d" />
    <TestEntry testId="b4091963-1fe2-6035-9ff2-e72bdfa25c7c" executionId="ff291547-16c6-4ebe-9c96-45627f3ffdb1" testListId="8c84fa94-04c1-424b-9868-57a2d4851a1d" />
    <TestEntry testId="ca638cbc-4440-2f3d-59d2-48fa8a29f162" executionId="08a1d22f-7b8c-4ca7-a702-a5f500c0df22" testListId="8c84fa94-04c1-424b-9868-57a2d4851a1d" />
    <TestEntry testId="9ec69a93-d93d-86af-39bc-9b59932a8ce2" executionId="90df69d7-c322-4882-a758-84fc7fbb4a37" testListId="8c84fa94-04c1-424b-9868-57a2d4851a1d" />
    <TestEntry testId="82977d4d-03a4-84f3-757d-2811c9f90d4e" executionId="4ee7d7cb-cbae-48ee-a454-fc778ca9787e" testListId="8c84fa94-04c1-424b-9868-57a2d4851a1d" />
    <TestEntry testId="884a9cac-0f7b-7904-2d29-936bbb6b36f3" executionId="7dcfbcde-cd0f-429c-802b-ed979716bad0" testListId="8c84fa94-04c1-424b-9868-57a2d4851a1d" />
    <TestEntry testId="92799294-00e3-b9e8-fccb-949b0e7696e2" executionId="443d9079-a7e0-4a79-b3bf-df459c37ffc5" testListId="8c84fa94-04c1-424b-9868-57a2d4851a1d" />
    <TestEntry testId="81bdfd27-c381-9bd3-b334-544771d2f77c" executionId="ed6e6aa1-2865-40b4-9196-58668191f455" testListId="8c84fa94-04c1-424b-9868-57a2d4851a1d" />
    <TestEntry testId="4b6edfe0-b76f-58bc-c976-759afe6ff976" executionId="ae14cb71-1a44-4381-9617-4f2b401304ae" testListId="8c84fa94-04c1-424b-9868-57a2d4851a1d" />
    <TestEntry testId="69e2a0f8-95df-6c15-fedf-e702030720f4" executionId="6f125c87-8534-429f-8eed-23677b379738" testListId="8c84fa94-04c1-424b-9868-57a2d4851a1d" />
    <TestEntry testId="aaf3fe7a-c189-1c63-14ef-fcb9738d3967" executionId="83730651-ce07-4393-bbc2-22f4760d6840" testListId="8c84fa94-04c1-424b-9868-57a2d4851a1d" />
    <TestEntry testId="7009ef4c-58db-101a-e565-c30d829ed06c" executionId="c8c894eb-aa9e-4c3f-9437-b8766e00a7e2" testListId="8c84fa94-04c1-424b-9868-57a2d4851a1d" />
    <TestEntry testId="0263f43d-395e-4dd1-0b29-84361b3d89fe" executionId="ff8f3889-01d2-4e0e-94e2-e45078326581" testListId="8c84fa94-04c1-424b-9868-57a2d4851a1d" />
    <TestEntry testId="5c029b5d-0c4d-ce0c-cbd3-08281627b84e" executionId="d5f0ce45-47fb-4525-8f76-d7fb8dc9dbd4" testListId="8c84fa94-04c1-424b-9868-57a2d4851a1d" />
    <TestEntry testId="bb7d5b92-b887-2028-3704-caa80584dad6" executionId="ff902c40-c129-4213-b767-b8c6b1fa923b" testListId="8c84fa94-04c1-424b-9868-57a2d4851a1d" />
    <TestEntry testId="e98204d3-2df5-b213-0165-eb17587c0956" executionId="c9081847-2f7c-4945-a23e-9c66daab48a6" testListId="8c84fa94-04c1-424b-9868-57a2d4851a1d" />
    <TestEntry testId="d075bac2-417b-ead0-9069-eb19e54eb0cf" executionId="67079149-feef-429e-921b-ea2f6597ac5d" testListId="8c84fa94-04c1-424b-9868-57a2d4851a1d" />
    <TestEntry testId="b464dfb7-faee-3601-2917-24bf8dbf07a8" executionId="fc957cf0-49e7-45c1-878e-1eaced1d4562" testListId="8c84fa94-04c1-424b-9868-57a2d4851a1d" />
    <TestEntry testId="ea3a5513-40cf-c104-2787-9aed18a09758" executionId="e8f61260-3c3d-4b24-a92b-0284922e9735" testListId="8c84fa94-04c1-424b-9868-57a2d4851a1d" />
    <TestEntry testId="faf14748-3d5c-13c4-db1a-13f6288a7c9e" executionId="81395bdc-3ebb-4cba-becb-e7c8fd619aa5" testListId="8c84fa94-04c1-424b-9868-57a2d4851a1d" />
    <TestEntry testId="db366558-3fc9-1c2c-cfde-24c12abe438f" executionId="cbfc73fc-e138-499f-91de-633c868d7230" testListId="8c84fa94-04c1-424b-9868-57a2d4851a1d" />
    <TestEntry testId="68157e50-a2ea-da06-e214-a880236bd950" executionId="2be5616d-7716-44e7-8e4a-0eaf634bb82e" testListId="8c84fa94-04c1-424b-9868-57a2d4851a1d" />
    <TestEntry testId="6399fd76-f94f-53e3-f32f-9a65d4c4c3b2" executionId="d44681d8-537f-471a-8389-9245cb17ab89" testListId="8c84fa94-04c1-424b-9868-57a2d4851a1d" />
    <TestEntry testId="750613c5-4ef2-a8dc-d73d-ec6fae90797e" executionId="bdaf2013-487d-44bc-a064-711235be02ef" testListId="8c84fa94-04c1-424b-9868-57a2d4851a1d" />
    <TestEntry testId="1b9d187a-f81e-3027-1bee-491eb5b7a479" executionId="a280df62-8c87-4ffc-aca5-e650342710ff" testListId="8c84fa94-04c1-424b-9868-57a2d4851a1d" />
    <TestEntry testId="a4f50494-bcc0-f89b-3907-f1a8d00cb06d" executionId="8a9e9692-d631-4a26-bf10-b59a1df937ae" testListId="8c84fa94-04c1-424b-9868-57a2d4851a1d" />
    <TestEntry testId="44639add-b2a7-e60b-7bd4-ef9427a3b211" executionId="092d7d68-d3eb-4e64-81a8-098b03203e9f" testListId="8c84fa94-04c1-424b-9868-57a2d4851a1d" />
    <TestEntry testId="6657da10-53b0-6769-7dcf-2942c77ed7e3" executionId="c3dc67ba-4894-4ba2-a5f6-2a292cb808c1" testListId="8c84fa94-04c1-424b-9868-57a2d4851a1d" />
    <TestEntry testId="97ab4546-09ef-ee09-c649-725f7fb52772" executionId="5039bc16-cf92-4ba3-a5a4-fa3a3e821a16" testListId="8c84fa94-04c1-424b-9868-57a2d4851a1d" />
    <TestEntry testId="9d56e46f-4d89-0015-f0a8-ecccdfe34dae" executionId="9ce197f6-de5d-44fe-91a5-d878a15f412e" testListId="8c84fa94-04c1-424b-9868-57a2d4851a1d" />
  </TestEntries>
  <TestLists>
    <TestList name="Results Not in a List" id="8c84fa94-04c1-424b-9868-57a2d4851a1d" />
    <TestList name="All Loaded Results" id="19431567-8539-422a-85d7-44ee4e166bda" />
  </TestLists>
  <ResultSummary outcome="Completed">
    <Counters total="44" executed="40" passed="40" failed="0" error="0" timeout="0" aborted="0" inconclusive="0" passedButRunAborted="0" notRunnable="0" notExecuted="0" disconnected="0" warning="0" completed="0" inProgress="0" pending="0" />
    <Output>
      <StdOut>Test 'ActivateProtection_ManyNodes_Success' was skipped in the test run.Test 'ActivateProtection_ManyNodesNonprotected_Success' was skipped in the test run.Test 'DeactivateProtection_ManyNodes_Success' was skipped in the test run.Test 'DeactivateProtection_ManyNodes2_Success' was skipped in the test run.</StdOut>
    </Output>
    <RunInfos>
      <RunInfo computerName="ICSWS068" outcome="Warning" timestamp="2016-08-08T13:38:33.2720522+02:00">
        <Text>Warning: Test Run deployment issue: The assembly or module 'Microsoft.IdentityModel.Clients.ActiveDirectory' directly or indirectly referenced by the test container 'f:\etwork\bin\tests\sysintgtests.icore.common.entities.dll' was not found.</Text>
      </RunInfo>
      <RunInfo computerName="ICSWS068" outcome="Warning" timestamp="2016-08-08T13:38:33.2747689+02:00">
        <Text>Warning: Test Run deployment issue: The assembly or module 'Microsoft.ServiceBus' directly or indirectly referenced by the test container 'f:\etwork\bin\tests\sysintgtests.icore.common.entities.dll' was not found.</Text>
      </RunInfo>
    </RunInfos>
  </ResultSummary>
</TestRun>