<?xml version="1.0" encoding="UTF-8"?>
<TestRun id="30644e5f-a858-4c02-8791-599d8e8f9eaf" name="bacemi@ICSWS068 2016-08-04 09:57:40" runUser="ICORE\bacemi" xmlns="http://microsoft.com/schemas/VisualStudio/TeamTest/2010">
  <Times creation="2016-08-04T09:57:40.0151917+02:00" queuing="2016-08-04T09:57:40.0151917+02:00" start="2016-08-04T09:57:39.5914226+02:00" finish="2016-08-04T09:57:42.2066978+02:00" />
  <TestSettings name="default" id="e3fcbddf-3b3a-4b3e-9bce-247bc774fe8a">
    <Execution>
      <TestTypeSpecific />
    </Execution>
    <Deployment runDeploymentRoot="bacemi_ICSWS068 2016-08-04 09_57_40" />
    <Properties />
  </TestSettings>
  <Results>
    <UnitTestResult executionId="3171d9df-032c-4711-af68-023b0dd9f135" testId="f6bb1877-2af6-7939-2118-78f3c9d32f51" testName="LoadFromStream_ValidData_Success" computerName="ICSWS068" duration="00:00:00.0162263" startTime="2016-08-04T09:57:39.5914226+02:00" endTime="2016-08-04T09:57:39.8542598+02:00" testType="13cdc9d9-ddb5-4fa4-a97d-d965ccfc6d4b" outcome="Passed" testListId="8c84fa94-04c1-424b-9868-57a2d4851a1d" relativeResultsDirectory="3171d9df-032c-4711-af68-023b0dd9f135" />
    <UnitTestResult executionId="c07f493a-1a4f-4b12-bbe1-92f9280b2f8e" testId="f67c8607-68b5-8baa-0a56-231adda4f857" testName="LoadFromStream_NotEnoughData_Throws" computerName="ICSWS068" duration="00:00:00.0019679" startTime="2016-08-04T09:57:39.8572606+02:00" endTime="2016-08-04T09:57:39.8607641+02:00" testType="13cdc9d9-ddb5-4fa4-a97d-d965ccfc6d4b" outcome="Passed" testListId="8c84fa94-04c1-424b-9868-57a2d4851a1d" relativeResultsDirectory="c07f493a-1a4f-4b12-bbe1-92f9280b2f8e" />
    <UnitTestResult executionId="8cbb4520-bd8e-41e7-9a24-298b6a89e9bb" testId="039d6565-01ba-0393-144e-ecff319cb6a8" testName="LoadFromStream_InvalidStrucId_Throws" computerName="ICSWS068" duration="00:00:00.0007419" startTime="2016-08-04T09:57:39.8634294+02:00" endTime="2016-08-04T09:57:39.8659312+02:00" testType="13cdc9d9-ddb5-4fa4-a97d-d965ccfc6d4b" outcome="Passed" testListId="8c84fa94-04c1-424b-9868-57a2d4851a1d" relativeResultsDirectory="8cbb4520-bd8e-41e7-9a24-298b6a89e9bb" />
    <UnitTestResult executionId="e116b641-74e4-4e82-827b-a44975e5caf9" testId="df2ad993-be6d-bcc8-6001-3b68ae43b09e" testName="LoadFromStream_InvalidVersion_Throws" computerName="ICSWS068" duration="00:00:00.0005574" startTime="2016-08-04T09:57:39.8689334+02:00" endTime="2016-08-04T09:57:39.8709361+02:00" testType="13cdc9d9-ddb5-4fa4-a97d-d965ccfc6d4b" outcome="Passed" testListId="8c84fa94-04c1-424b-9868-57a2d4851a1d" relativeResultsDirectory="e116b641-74e4-4e82-827b-a44975e5caf9" />
    <UnitTestResult executionId="a6213308-94a3-44bb-a63f-793edf80bdcc" testId="d7666987-5813-36be-52b1-7170d9f5b8d7" testName="LoadFromStream_InvalidStrucLength_Throws" computerName="ICSWS068" duration="00:00:00.0005137" startTime="2016-08-04T09:57:39.8739369+02:00" endTime="2016-08-04T09:57:39.8759395+02:00" testType="13cdc9d9-ddb5-4fa4-a97d-d965ccfc6d4b" outcome="Passed" testListId="8c84fa94-04c1-424b-9868-57a2d4851a1d" relativeResultsDirectory="a6213308-94a3-44bb-a63f-793edf80bdcc" />
    <UnitTestResult executionId="5e1e618d-3acb-479e-8d28-1875746ce140" testId="d63e9c42-5fe7-0484-74a3-0369ff832e3f" testName="LoadFromMessage_ValidData_Success" computerName="ICSWS068" duration="00:00:00.1985666" startTime="2016-08-04T09:57:39.8779409+02:00" endTime="2016-08-04T09:57:40.0781231+02:00" testType="13cdc9d9-ddb5-4fa4-a97d-d965ccfc6d4b" outcome="Passed" testListId="8c84fa94-04c1-424b-9868-57a2d4851a1d" relativeResultsDirectory="5e1e618d-3acb-479e-8d28-1875746ce140" />
    <UnitTestResult executionId="e1cd32f7-590b-4306-916a-5bd9013f3080" testId="b078127e-5c0e-e65d-3401-9581f917daae" testName="LoadFromMessage_NotEnoughData_Throws" computerName="ICSWS068" duration="00:00:00.0012958" startTime="2016-08-04T09:57:40.0806272+02:00" endTime="2016-08-04T09:57:40.0836327+02:00" testType="13cdc9d9-ddb5-4fa4-a97d-d965ccfc6d4b" outcome="Passed" testListId="8c84fa94-04c1-424b-9868-57a2d4851a1d" relativeResultsDirectory="e1cd32f7-590b-4306-916a-5bd9013f3080" />
    <UnitTestResult executionId="741dd346-0621-450f-a77a-373f2cd75dad" testId="44a26143-b76a-2050-7777-2f1eba23b99c" testName="LoadFromMessage_InvalidStrucId_Throws" computerName="ICSWS068" duration="00:00:00.0015976" startTime="2016-08-04T09:57:40.0861330+02:00" endTime="2016-08-04T09:57:40.0891347+02:00" testType="13cdc9d9-ddb5-4fa4-a97d-d965ccfc6d4b" outcome="Passed" testListId="8c84fa94-04c1-424b-9868-57a2d4851a1d" relativeResultsDirectory="741dd346-0621-450f-a77a-373f2cd75dad" />
    <UnitTestResult executionId="3fcb6b5f-3bb6-4c19-9945-5b9da1b03951" testId="c9adea36-3c10-ac4d-33ee-cc4a1cc45e72" testName="LoadFromMessage_InvalidVersion_Throws" computerName="ICSWS068" duration="00:00:00.0022893" startTime="2016-08-04T09:57:40.0916376+02:00" endTime="2016-08-04T09:57:40.0951748+02:00" testType="13cdc9d9-ddb5-4fa4-a97d-d965ccfc6d4b" outcome="Passed" testListId="8c84fa94-04c1-424b-9868-57a2d4851a1d" relativeResultsDirectory="3fcb6b5f-3bb6-4c19-9945-5b9da1b03951" />
    <UnitTestResult executionId="9dc744df-c1cc-48bb-9d60-9743fc860012" testId="8b1b3378-4c15-398d-7142-b389fcfd84c2" testName="LoadFromMessage_InvalidStrucLength_Throws" computerName="ICSWS068" duration="00:00:00.0040430" startTime="2016-08-04T09:57:40.0971601+02:00" endTime="2016-08-04T09:57:40.1031629+02:00" testType="13cdc9d9-ddb5-4fa4-a97d-d965ccfc6d4b" outcome="Passed" testListId="8c84fa94-04c1-424b-9868-57a2d4851a1d" relativeResultsDirectory="9dc744df-c1cc-48bb-9d60-9743fc860012" />
    <UnitTestResult executionId="d3d360ab-5a4d-48ed-90dc-c29bcc9a726f" testId="c2755188-c311-5fd2-dcba-9ce4d3d36fe7" testName="Serialize_FormatLessThan8Chars_ReturnsExpected" computerName="ICSWS068" duration="00:00:00.0013090" startTime="2016-08-04T09:57:40.1056661+02:00" endTime="2016-08-04T09:57:40.1081822+02:00" testType="13cdc9d9-ddb5-4fa4-a97d-d965ccfc6d4b" outcome="Passed" testListId="8c84fa94-04c1-424b-9868-57a2d4851a1d" relativeResultsDirectory="d3d360ab-5a4d-48ed-90dc-c29bcc9a726f" />
    <UnitTestResult executionId="d09628bb-ca10-4958-b3c9-96f427d1e371" testId="a3aba466-4801-e392-488b-9d6a0b7bc9e5" testName="Serialize_FormatMoreThan8Chars_ReturnsExpected" computerName="ICSWS068" duration="00:00:00.0003146" startTime="2016-08-04T09:57:40.1106683+02:00" endTime="2016-08-04T09:57:40.1121695+02:00" testType="13cdc9d9-ddb5-4fa4-a97d-d965ccfc6d4b" outcome="Passed" testListId="8c84fa94-04c1-424b-9868-57a2d4851a1d" relativeResultsDirectory="d09628bb-ca10-4958-b3c9-96f427d1e371" />
    <UnitTestResult executionId="a28ad59e-8c69-4735-a01d-f5522dbb10b1" testId="cc51f729-550b-dd7d-ad7b-c1ebff2f98aa" testName="Serialize_NVDLengthNotMultipleOf4AndEncodingIs1208_ReturnsExpected" computerName="ICSWS068" duration="00:00:00.0003205" startTime="2016-08-04T09:57:40.1156727+02:00" endTime="2016-08-04T09:57:40.1171735+02:00" testType="13cdc9d9-ddb5-4fa4-a97d-d965ccfc6d4b" outcome="Passed" testListId="8c84fa94-04c1-424b-9868-57a2d4851a1d" relativeResultsDirectory="a28ad59e-8c69-4735-a01d-f5522dbb10b1" />
    <UnitTestResult executionId="596cd982-ddb8-4527-933d-ca7205e257ea" testId="d1bc535a-c593-b279-47f8-5a8d888c4322" testName="Serialize_NVDLengthNotMultipleOf4AndEncodingIs1200_ReturnsExpected" computerName="ICSWS068" duration="00:00:00.0003046" startTime="2016-08-04T09:57:40.1201922+02:00" endTime="2016-08-04T09:57:40.1216937+02:00" testType="13cdc9d9-ddb5-4fa4-a97d-d965ccfc6d4b" outcome="Passed" testListId="8c84fa94-04c1-424b-9868-57a2d4851a1d" relativeResultsDirectory="596cd982-ddb8-4527-933d-ca7205e257ea" />
    <UnitTestResult executionId="fc1d19ff-3750-4d90-bbc2-be717d8e0931" testId="b73e270b-2aec-1de4-07d8-e12b31fc2b73" testName="Serialize_NVDEncodingIs1208_ReturnsExpected" computerName="ICSWS068" duration="00:00:00.0002715" startTime="2016-08-04T09:57:40.1243939+02:00" endTime="2016-08-04T09:57:40.1254106+02:00" testType="13cdc9d9-ddb5-4fa4-a97d-d965ccfc6d4b" outcome="Passed" testListId="8c84fa94-04c1-424b-9868-57a2d4851a1d" relativeResultsDirectory="fc1d19ff-3750-4d90-bbc2-be717d8e0931" />
    <UnitTestResult executionId="571bc105-56bc-494e-87ba-924a86d44fb4" testId="108bd1f0-7aa5-58b1-70e5-ddc98db86ab1" testName="Serialize_NVDEncodingIs1200_ReturnsExpected" computerName="ICSWS068" duration="00:00:00.0002909" startTime="2016-08-04T09:57:40.1278965+02:00" endTime="2016-08-04T09:57:40.1293973+02:00" testType="13cdc9d9-ddb5-4fa4-a97d-d965ccfc6d4b" outcome="Passed" testListId="8c84fa94-04c1-424b-9868-57a2d4851a1d" relativeResultsDirectory="571bc105-56bc-494e-87ba-924a86d44fb4" />
    <UnitTestResult executionId="708e5fcc-26a0-4249-89f2-216cf59a3fba" testId="37f2ad00-45c2-ae73-11e6-4884f14adad2" testName="NameValueDataAdded_AffectsLength" computerName="ICSWS068" duration="00:00:00.0002263" startTime="2016-08-04T09:57:40.1318985+02:00" endTime="2016-08-04T09:57:40.1333779+02:00" testType="13cdc9d9-ddb5-4fa4-a97d-d965ccfc6d4b" outcome="Passed" testListId="8c84fa94-04c1-424b-9868-57a2d4851a1d" relativeResultsDirectory="708e5fcc-26a0-4249-89f2-216cf59a3fba" />
    <UnitTestResult executionId="c7a8492b-8ffc-43d7-899a-3d73bebb3954" testId="0cec7de6-4475-bb86-aad2-44bc8da5045c" testName="NameValueDataAdded_CalledMultipleTimes_SerializeProducesExpectedBytes" computerName="ICSWS068" duration="00:00:00.0003023" startTime="2016-08-04T09:57:40.1363823+02:00" endTime="2016-08-04T09:57:40.1378995+02:00" testType="13cdc9d9-ddb5-4fa4-a97d-d965ccfc6d4b" outcome="Passed" testListId="8c84fa94-04c1-424b-9868-57a2d4851a1d" relativeResultsDirectory="c7a8492b-8ffc-43d7-899a-3d73bebb3954" />
    <UnitTestResult executionId="b43c023b-2e12-4721-9145-1bfd0925eb05" testId="3f1d7535-000a-ee5c-daa8-ded4ed066977" testName="NameValueDataAdded_NoAdds_AllFoldersStringEmpty" computerName="ICSWS068" duration="00:00:00.0005850" startTime="2016-08-04T09:57:40.1403846+02:00" endTime="2016-08-04T09:57:40.1419036+02:00" testType="13cdc9d9-ddb5-4fa4-a97d-d965ccfc6d4b" outcome="Passed" testListId="8c84fa94-04c1-424b-9868-57a2d4851a1d" relativeResultsDirectory="b43c023b-2e12-4721-9145-1bfd0925eb05" />
    <UnitTestResult executionId="56cbb3a5-bf91-45b2-ae0a-02ea2b3a62dc" testId="a567a094-5668-29bf-14bb-66e243ce8ffa" testName="NameValueDataAdded_jmsAdded_AddedToCorrectFolder" computerName="ICSWS068" duration="00:00:00.0001961" startTime="2016-08-04T09:57:40.1443613+02:00" endTime="2016-08-04T09:57:40.1458625+02:00" testType="13cdc9d9-ddb5-4fa4-a97d-d965ccfc6d4b" outcome="Passed" testListId="8c84fa94-04c1-424b-9868-57a2d4851a1d" relativeResultsDirectory="56cbb3a5-bf91-45b2-ae0a-02ea2b3a62dc" />
    <UnitTestResult executionId="dc150a25-064a-4f86-8195-7793064a51f5" testId="6edafbc9-e008-978b-00bf-05809fa80a4b" testName="NameValueDataAdded_pscAdded_AddedToCorrectFolder" computerName="ICSWS068" duration="00:00:00.0001973" startTime="2016-08-04T09:57:40.1488636+02:00" endTime="2016-08-04T09:57:40.1503812+02:00" testType="13cdc9d9-ddb5-4fa4-a97d-d965ccfc6d4b" outcome="Passed" testListId="8c84fa94-04c1-424b-9868-57a2d4851a1d" relativeResultsDirectory="dc150a25-064a-4f86-8195-7793064a51f5" />
    <UnitTestResult executionId="3ba05812-bcff-493b-b518-7cd5baf06462" testId="45f853e8-8dd9-db43-1258-af702427fa93" testName="NameValueDataAdded_pscrAdded_AddedToCorrectFolder" computerName="ICSWS068" duration="00:00:00.0002149" startTime="2016-08-04T09:57:40.1528852+02:00" endTime="2016-08-04T09:57:40.1543890+02:00" testType="13cdc9d9-ddb5-4fa4-a97d-d965ccfc6d4b" outcome="Passed" testListId="8c84fa94-04c1-424b-9868-57a2d4851a1d" relativeResultsDirectory="3ba05812-bcff-493b-b518-7cd5baf06462" />
    <UnitTestResult executionId="a146ddac-300a-441b-bba1-645a912ea007" testId="d3d2dec2-6064-5be2-bbb8-dba2653c36a5" testName="NameValueDataAdded_mcdAdded_AddedToCorrectFolder" computerName="ICSWS068" duration="00:00:00.0001991" startTime="2016-08-04T09:57:40.1569066+02:00" endTime="2016-08-04T09:57:40.1583922+02:00" testType="13cdc9d9-ddb5-4fa4-a97d-d965ccfc6d4b" outcome="Passed" testListId="8c84fa94-04c1-424b-9868-57a2d4851a1d" relativeResultsDirectory="a146ddac-300a-441b-bba1-645a912ea007" />
    <UnitTestResult executionId="a353d10e-4342-46d5-b65d-f5e3bd790931" testId="ed4913ee-bf48-4727-49cd-a5b5163627b3" testName="NameValueDataAdded_usrAdded_AddedToCorrectFolder" computerName="ICSWS068" duration="00:00:00.0002398" startTime="2016-08-04T09:57:40.1609106+02:00" endTime="2016-08-04T09:57:40.1629202+02:00" testType="13cdc9d9-ddb5-4fa4-a97d-d965ccfc6d4b" outcome="Passed" testListId="8c84fa94-04c1-424b-9868-57a2d4851a1d" relativeResultsDirectory="a353d10e-4342-46d5-b65d-f5e3bd790931" />
    <UnitTestResult executionId="2f0b48f6-2af0-4a3c-9592-f1cdc4722e17" testId="54cb8ae8-ed49-988d-2801-ab5a1b994b5a" testName="NameValueDataAdded_otherAdded_AddedToCorrectFolder" computerName="ICSWS068" duration="00:00:00.0002178" startTime="2016-08-04T09:57:40.1658988+02:00" endTime="2016-08-04T09:57:40.1674005+02:00" testType="13cdc9d9-ddb5-4fa4-a97d-d965ccfc6d4b" outcome="Passed" testListId="8c84fa94-04c1-424b-9868-57a2d4851a1d" relativeResultsDirectory="2f0b48f6-2af0-4a3c-9592-f1cdc4722e17" />
    <UnitTestResult executionId="df86570d-5eff-4c4a-9b88-5a2dacf2ea94" testId="b3cd54b5-9718-ed92-8f65-607e21a8e45d" testName="Constructor_EncodingIsMultiByteOtherThanUTF8_Throws" computerName="ICSWS068" duration="00:00:00.0007216" startTime="2016-08-04T09:57:40.1699195+02:00" endTime="2016-08-04T09:57:40.1719040+02:00" testType="13cdc9d9-ddb5-4fa4-a97d-d965ccfc6d4b" outcome="Passed" testListId="8c84fa94-04c1-424b-9868-57a2d4851a1d" relativeResultsDirectory="df86570d-5eff-4c4a-9b88-5a2dacf2ea94" />
    <UnitTestResult executionId="35529430-bd7f-4170-b6d7-71d2b17c84f2" testId="73cf1d06-ee8a-7e1a-2470-a36acee9e008" testName="Constructor_EncodingIsUTF8_NoError" computerName="ICSWS068" duration="00:00:00.0001894" startTime="2016-08-04T09:57:40.1744080+02:00" endTime="2016-08-04T09:57:40.1759244+02:00" testType="13cdc9d9-ddb5-4fa4-a97d-d965ccfc6d4b" outcome="Passed" testListId="8c84fa94-04c1-424b-9868-57a2d4851a1d" relativeResultsDirectory="35529430-bd7f-4170-b6d7-71d2b17c84f2" />
    <UnitTestResult executionId="a7acee33-13fa-40db-bb80-26527d5b8f0b" testId="0acf120a-fa3f-ba66-742d-29c7e6995d81" testName="LoadFromMessage_ValidData_Success" computerName="ICSWS068" duration="00:00:00.0042644" startTime="2016-08-04T09:57:40.1784097+02:00" endTime="2016-08-04T09:57:40.1837932+02:00" testType="13cdc9d9-ddb5-4fa4-a97d-d965ccfc6d4b" outcome="Passed" testListId="8c84fa94-04c1-424b-9868-57a2d4851a1d" relativeResultsDirectory="a7acee33-13fa-40db-bb80-26527d5b8f0b" />
    <UnitTestResult executionId="0277e1a7-34c9-40a9-aa7b-ca51d9ee4a92" testId="bd107a32-da38-dd5a-64fd-2731cc68a47f" testName="LoadFromMessage_NotEnoughData_Throws" computerName="ICSWS068" duration="00:00:00.0009307" startTime="2016-08-04T09:57:40.1862785+02:00" endTime="2016-08-04T09:57:40.1882805+02:00" testType="13cdc9d9-ddb5-4fa4-a97d-d965ccfc6d4b" outcome="Passed" testListId="8c84fa94-04c1-424b-9868-57a2d4851a1d" relativeResultsDirectory="0277e1a7-34c9-40a9-aa7b-ca51d9ee4a92" />
    <UnitTestResult executionId="8c0e50d0-80f9-4c83-939b-cd5f37b1650c" testId="43fc0bca-7f83-9c3e-fe4e-32622281aefc" testName="LoadFromMessage_InvalidStrucId_Throws" computerName="ICSWS068" duration="00:00:00.0031917" startTime="2016-08-04T09:57:40.1907819+02:00" endTime="2016-08-04T09:57:40.1952810+02:00" testType="13cdc9d9-ddb5-4fa4-a97d-d965ccfc6d4b" outcome="Passed" testListId="8c84fa94-04c1-424b-9868-57a2d4851a1d" relativeResultsDirectory="8c0e50d0-80f9-4c83-939b-cd5f37b1650c" />
    <UnitTestResult executionId="f3f04541-1ad8-44fc-9742-8fa793253b75" testId="0fec09da-5acc-f6de-fa54-87da167a4b4e" testName="LoadFromMessage_InvalidVersion_Throws" computerName="ICSWS068" duration="00:00:00.0033556" startTime="2016-08-04T09:57:40.1977651+02:00" endTime="2016-08-04T09:57:40.2022697+02:00" testType="13cdc9d9-ddb5-4fa4-a97d-d965ccfc6d4b" outcome="Passed" testListId="8c84fa94-04c1-424b-9868-57a2d4851a1d" relativeResultsDirectory="f3f04541-1ad8-44fc-9742-8fa793253b75" />
    <UnitTestResult executionId="ceffb6a5-add5-4b8c-84b7-43b02da56d23" testId="4cb788a5-90e6-186a-5eb8-9d2804074c1e" testName="LoadFromMessage_InvalidStrucLength_Throws" computerName="ICSWS068" duration="00:00:00.0032415" startTime="2016-08-04T09:57:40.2047708+02:00" endTime="2016-08-04T09:57:40.2092890+02:00" testType="13cdc9d9-ddb5-4fa4-a97d-d965ccfc6d4b" outcome="Passed" testListId="8c84fa94-04c1-424b-9868-57a2d4851a1d" relativeResultsDirectory="ceffb6a5-add5-4b8c-84b7-43b02da56d23" />
    <UnitTestResult executionId="2c7f8d42-cfa2-47f5-b00d-d3e6208c334b" testId="a79c53d2-ee5a-e6b0-7b92-399b5a672dd3" testName="LoadFromStream_ValidData_Success" computerName="ICSWS068" duration="00:00:00.0011703" startTime="2016-08-04T09:57:40.2117757+02:00" endTime="2016-08-04T09:57:40.2147774+02:00" testType="13cdc9d9-ddb5-4fa4-a97d-d965ccfc6d4b" outcome="Passed" testListId="8c84fa94-04c1-424b-9868-57a2d4851a1d" relativeResultsDirectory="2c7f8d42-cfa2-47f5-b00d-d3e6208c334b" />
    <UnitTestResult executionId="f1debce6-f822-4748-9263-de25c3943c47" testId="360a0fb5-47d4-7157-858f-bfe7fc5a9476" testName="LoadFromStream_NotEnoughData_Throws" computerName="ICSWS068" duration="00:00:00.0006167" startTime="2016-08-04T09:57:40.2182797+02:00" endTime="2016-08-04T09:57:40.2203023+02:00" testType="13cdc9d9-ddb5-4fa4-a97d-d965ccfc6d4b" outcome="Passed" testListId="8c84fa94-04c1-424b-9868-57a2d4851a1d" relativeResultsDirectory="f1debce6-f822-4748-9263-de25c3943c47" />
    <UnitTestResult executionId="56844ccb-fbe9-4e81-9025-29d63c4e3d44" testId="42c2401e-f333-ccad-6394-16e647980b7b" testName="LoadFromStream_InvalidStrucId_Throws" computerName="ICSWS068" duration="00:00:00.0005762" startTime="2016-08-04T09:57:40.2238186+02:00" endTime="2016-08-04T09:57:40.2263221+02:00" testType="13cdc9d9-ddb5-4fa4-a97d-d965ccfc6d4b" outcome="Passed" testListId="8c84fa94-04c1-424b-9868-57a2d4851a1d" relativeResultsDirectory="56844ccb-fbe9-4e81-9025-29d63c4e3d44" />
    <UnitTestResult executionId="c1642236-9877-4de8-8884-99bdb584c2bf" testId="10922115-c390-d52c-49f7-9706192e55f3" testName="LoadFromStream_InvalidVersion_Throws" computerName="ICSWS068" duration="00:00:00.0005712" startTime="2016-08-04T09:57:40.2288071+02:00" endTime="2016-08-04T09:57:40.2308079+02:00" testType="13cdc9d9-ddb5-4fa4-a97d-d965ccfc6d4b" outcome="Passed" testListId="8c84fa94-04c1-424b-9868-57a2d4851a1d" relativeResultsDirectory="c1642236-9877-4de8-8884-99bdb584c2bf" />
    <UnitTestResult executionId="e80d7c39-91ed-446d-ac62-b632f33334d8" testId="ce160634-4a7e-d732-3d40-4a404a1cc021" testName="LoadFromStream_InvalidStrucLength_Throws" computerName="ICSWS068" duration="00:00:00.0005533" startTime="2016-08-04T09:57:40.2333126+02:00" endTime="2016-08-04T09:57:40.2348302+02:00" testType="13cdc9d9-ddb5-4fa4-a97d-d965ccfc6d4b" outcome="Passed" testListId="8c84fa94-04c1-424b-9868-57a2d4851a1d" relativeResultsDirectory="e80d7c39-91ed-446d-ac62-b632f33334d8" />
    <UnitTestResult executionId="fa59f8c0-a6bf-43a6-b101-e790dca6584f" testId="88a53492-bde7-09c5-e680-5af36e1c0448" testName="Serialize_FormatLessThan8Chars_ReturnsExpected" computerName="ICSWS068" duration="00:00:00.0007213" startTime="2016-08-04T09:57:40.2378152+02:00" endTime="2016-08-04T09:57:40.2398330+02:00" testType="13cdc9d9-ddb5-4fa4-a97d-d965ccfc6d4b" outcome="Passed" testListId="8c84fa94-04c1-424b-9868-57a2d4851a1d" relativeResultsDirectory="fa59f8c0-a6bf-43a6-b101-e790dca6584f" />
    <UnitTestResult executionId="b4d13d76-f1fb-456b-8cef-931da3aa9e1a" testId="3e109a97-589e-88b4-27d3-a7db14cb6986" testName="Serialize_FormatMoreThan8Chars_ReturnsExpected" computerName="ICSWS068" duration="00:00:00.0002472" startTime="2016-08-04T09:57:40.2418339+02:00" endTime="2016-08-04T09:57:40.2432614+02:00" testType="13cdc9d9-ddb5-4fa4-a97d-d965ccfc6d4b" outcome="Passed" testListId="8c84fa94-04c1-424b-9868-57a2d4851a1d" relativeResultsDirectory="b4d13d76-f1fb-456b-8cef-931da3aa9e1a" />
    <UnitTestResult executionId="a54a66cf-066c-47da-aa96-71c17c018f9b" testId="f6f8fba3-ce51-95f0-e9af-de2cb02b233f" testName="NameValueData_NewValueSet_AffectsLength" computerName="ICSWS068" duration="00:00:00.0001944" startTime="2016-08-04T09:57:40.2457646+02:00" endTime="2016-08-04T09:57:40.2472657+02:00" testType="13cdc9d9-ddb5-4fa4-a97d-d965ccfc6d4b" outcome="Passed" testListId="8c84fa94-04c1-424b-9868-57a2d4851a1d" relativeResultsDirectory="a54a66cf-066c-47da-aa96-71c17c018f9b" />
    <UnitTestResult executionId="6bc2841b-4e7a-4d5a-9285-9fead47a4d26" testId="60d979f3-55ab-3e83-13ca-7e07d666b212" testName="Convert_SetThenUnsetWithOptionsSet_OptionsAreAlwaysSameAsBefore" computerName="ICSWS068" duration="00:00:00.2710569" startTime="2016-08-04T09:57:40.2497677+02:00" endTime="2016-08-04T09:57:40.5219789+02:00" testType="13cdc9d9-ddb5-4fa4-a97d-d965ccfc6d4b" outcome="Passed" testListId="8c84fa94-04c1-424b-9868-57a2d4851a1d" relativeResultsDirectory="6bc2841b-4e7a-4d5a-9285-9fead47a4d26">
      <Output>
        <StdOut>0:
MQGMO_NO_WAIT
&lt;null&gt;
1:
MQGMO_NONE, MQGMO_NO_SYNCPOINT, MQGMO_BROWSE_FIRST, MQGMO_BROWSE_NEXT, MQGMO_MSG_UNDER_CURSOR
&lt;null&gt;
2:
MQGMO_NONE, MQGMO_SYNCPOINT, MQGMO_LOCK, MQGMO_FAIL_IF_QUIESCING
&lt;null&gt;
3:
MQGMO_NONE, MQGMO_SYNCPOINT
&lt;null&gt;
4:
MQGMO_NONE, MQGMO_ACCEPT_TRUNCATED_MSG, MQGMO_COMPLETE_MSG
&lt;null&gt;
5:
MQGMO_NONE, MQGMO_NO_SYNCPOINT, MQGMO_ALL_SEGMENTS_AVAILABLE
&lt;null&gt;
6:
MQGMO_NONE, MQGMO_SYNCPOINT, MQGMO_MARK_SKIP_BACKOUT, MQGMO_UNLOCK, MQGMO_BROWSE_MSG_UNDER_CURSOR, MQGMO_FAIL_IF_QUIESCING, MQGMO_CONVERT
6:
MQGMO_NO_WAIT
&lt;null&gt;
7:
MQGMO_NO_WAIT
&lt;null&gt;
8:
MQGMO_NONE, MQGMO_UNLOCK, MQGMO_FAIL_IF_QUIESCING
&lt;null&gt;
9:
MQGMO_NONE, MQGMO_SET_SIGNAL, MQGMO_LOCK, MQGMO_BROWSE_MSG_UNDER_CURSOR, MQGMO_CONVERT
9:
MQGMO_NONE, MQGMO_SYNCPOINT, MQGMO_BROWSE_NEXT, MQGMO_FAIL_IF_QUIESCING, MQGMO_CONVERT
9:
MQGMO_NO_WAIT
&lt;null&gt;
10:
MQGMO_NO_WAIT
&lt;null&gt;
11:
MQGMO_NONE, MQGMO_WAIT, MQGMO_NO_SYNCPOINT, MQGMO_SET_SIGNAL, MQGMO_BROWSE_FIRST, MQGMO_MARK_SKIP_BACKOUT, MQGMO_SYNCPOINT_IF_PERSISTENT, MQGMO_LOGICAL_ORDER
&lt;null&gt;
12:
MQGMO_NONE, MQGMO_WAIT, MQGMO_SYNCPOINT, MQGMO_NO_SYNCPOINT, MQGMO_SET_SIGNAL, MQGMO_MSG_UNDER_CURSOR, MQGMO_BROWSE_MSG_UNDER_CURSOR, MQGMO_SYNCPOINT_IF_PERSISTENT, MQGMO_FAIL_IF_QUIESCING, MQGMO_CONVERT, MQGMO_LOGICAL_ORDER
12:
MQGMO_NONE, MQGMO_BROWSE_NEXT, MQGMO_LOCK, MQGMO_UNLOCK, MQGMO_ALL_SEGMENTS_AVAILABLE
&lt;null&gt;
13:
MQGMO_NONE, MQGMO_SET_SIGNAL, MQGMO_BROWSE_NEXT, MQGMO_CONVERT, MQGMO_COMPLETE_MSG, MQGMO_ALL_SEGMENTS_AVAILABLE
13:
MQGMO_NONE, MQGMO_BROWSE_MSG_UNDER_CURSOR
&lt;null&gt;
14:
MQGMO_NO_WAIT
&lt;null&gt;
15:
MQGMO_NONE, MQGMO_SYNCPOINT, MQGMO_NO_SYNCPOINT, MQGMO_SET_SIGNAL, MQGMO_BROWSE_FIRST, MQGMO_LOCK, MQGMO_UNLOCK, MQGMO_BROWSE_MSG_UNDER_CURSOR, MQGMO_SYNCPOINT_IF_PERSISTENT, MQGMO_FAIL_IF_QUIESCING, MQGMO_CONVERT
15:
MQGMO_NONE, MQGMO_SYNCPOINT_IF_PERSISTENT
&lt;null&gt;
16:
MQGMO_NONE, MQGMO_WAIT, MQGMO_SYNCPOINT, MQGMO_NO_SYNCPOINT, MQGMO_SET_SIGNAL, MQGMO_BROWSE_FIRST, MQGMO_LOCK, MQGMO_BROWSE_MSG_UNDER_CURSOR, MQGMO_SYNCPOINT_IF_PERSISTENT, MQGMO_FAIL_IF_QUIESCING, MQGMO_CONVERT, MQGMO_LOGICAL_ORDER
16:
MQGMO_NONE, MQGMO_SYNCPOINT_IF_PERSISTENT
&lt;null&gt;
17:
MQGMO_NONE, MQGMO_BROWSE_FIRST
&lt;null&gt;
18:
MQGMO_NO_WAIT
&lt;null&gt;
19:
MQGMO_NONE, MQGMO_SYNCPOINT, MQGMO_LOCK
&lt;null&gt;
20:
MQGMO_NONE, MQGMO_SYNCPOINT, MQGMO_BROWSE_NEXT, MQGMO_ACCEPT_TRUNCATED_MSG, MQGMO_BROWSE_MSG_UNDER_CURSOR
&lt;null&gt;
21:
MQGMO_NONE, MQGMO_WAIT, MQGMO_ACCEPT_TRUNCATED_MSG, MQGMO_MARK_SKIP_BACKOUT, MQGMO_MSG_UNDER_CURSOR, MQGMO_LOCK, MQGMO_UNLOCK, MQGMO_FAIL_IF_QUIESCING, MQGMO_LOGICAL_ORDER, MQGMO_COMPLETE_MSG, MQGMO_ALL_MSGS_AVAILABLE, MQGMO_ALL_SEGMENTS_AVAILABLE
&lt;null&gt;
22:
MQGMO_NONE, MQGMO_BROWSE_NEXT, MQGMO_MARK_SKIP_BACKOUT, MQGMO_ALL_MSGS_AVAILABLE, MQGMO_ALL_SEGMENTS_AVAILABLE
&lt;null&gt;
23:
MQGMO_NONE, MQGMO_BROWSE_FIRST, MQGMO_ACCEPT_TRUNCATED_MSG, MQGMO_LOGICAL_ORDER, MQGMO_ALL_SEGMENTS_AVAILABLE
&lt;null&gt;
24:
MQGMO_NONE, MQGMO_WAIT, MQGMO_SYNCPOINT, MQGMO_SET_SIGNAL, MQGMO_BROWSE_FIRST, MQGMO_UNLOCK, MQGMO_FAIL_IF_QUIESCING, MQGMO_CONVERT, MQGMO_LOGICAL_ORDER
24:
MQGMO_NONE, MQGMO_BROWSE_FIRST, MQGMO_BROWSE_NEXT, MQGMO_ACCEPT_TRUNCATED_MSG, MQGMO_MARK_SKIP_BACKOUT, MQGMO_LOCK, MQGMO_LOGICAL_ORDER, MQGMO_COMPLETE_MSG, MQGMO_ALL_MSGS_AVAILABLE, MQGMO_ALL_SEGMENTS_AVAILABLE
&lt;null&gt;
25:
MQGMO_NONE, MQGMO_BROWSE_FIRST
&lt;null&gt;
26:
MQGMO_NONE, MQGMO_MSG_UNDER_CURSOR
&lt;null&gt;
27:
MQGMO_NONE, MQGMO_SET_SIGNAL, MQGMO_BROWSE_FIRST, MQGMO_LOCK, MQGMO_BROWSE_MSG_UNDER_CURSOR, MQGMO_SYNCPOINT_IF_PERSISTENT, MQGMO_FAIL_IF_QUIESCING, MQGMO_ALL_SEGMENTS_AVAILABLE
&lt;null&gt;
28:
MQGMO_NONE, MQGMO_SYNCPOINT, MQGMO_NO_SYNCPOINT, MQGMO_SET_SIGNAL, MQGMO_BROWSE_FIRST, MQGMO_BROWSE_NEXT, MQGMO_ACCEPT_TRUNCATED_MSG, MQGMO_MARK_SKIP_BACKOUT, MQGMO_LOCK, MQGMO_SYNCPOINT_IF_PERSISTENT, MQGMO_FAIL_IF_QUIESCING, MQGMO_LOGICAL_ORDER, MQGMO_COMPLETE_MSG, MQGMO_ALL_MSGS_AVAILABLE, MQGMO_ALL_SEGMENTS_AVAILABLE
&lt;null&gt;
29:
MQGMO_NONE, MQGMO_WAIT, MQGMO_ALL_SEGMENTS_AVAILABLE
&lt;null&gt;
30:
MQGMO_NONE, MQGMO_WAIT, MQGMO_SYNCPOINT, MQGMO_BROWSE_FIRST, MQGMO_MARK_SKIP_BACKOUT, MQGMO_MSG_UNDER_CURSOR, MQGMO_LOCK, MQGMO_UNLOCK, MQGMO_BROWSE_MSG_UNDER_CURSOR, MQGMO_SYNCPOINT_IF_PERSISTENT, MQGMO_CONVERT, MQGMO_COMPLETE_MSG, MQGMO_ALL_MSGS_AVAILABLE, MQGMO_ALL_SEGMENTS_AVAILABLE
30:
MQGMO_NONE, MQGMO_WAIT, MQGMO_SYNCPOINT, MQGMO_SET_SIGNAL, MQGMO_BROWSE_FIRST, MQGMO_BROWSE_NEXT, MQGMO_ACCEPT_TRUNCATED_MSG, MQGMO_MARK_SKIP_BACKOUT, MQGMO_MSG_UNDER_CURSOR, MQGMO_LOCK, MQGMO_UNLOCK, MQGMO_BROWSE_MSG_UNDER_CURSOR, MQGMO_FAIL_IF_QUIESCING, MQGMO_CONVERT, MQGMO_LOGICAL_ORDER, MQGMO_ALL_MSGS_AVAILABLE, MQGMO_ALL_SEGMENTS_AVAILABLE
30:
MQGMO_NONE, MQGMO_SYNCPOINT, MQGMO_NO_SYNCPOINT, MQGMO_SET_SIGNAL, MQGMO_BROWSE_FIRST, MQGMO_MSG_UNDER_CURSOR, MQGMO_LOCK, MQGMO_UNLOCK, MQGMO_BROWSE_MSG_UNDER_CURSOR, MQGMO_COMPLETE_MSG, MQGMO_ALL_MSGS_AVAILABLE, MQGMO_ALL_SEGMENTS_AVAILABLE
&lt;null&gt;
31:
MQGMO_NONE, MQGMO_WAIT, MQGMO_SET_SIGNAL, MQGMO_BROWSE_FIRST, MQGMO_LOCK, MQGMO_BROWSE_MSG_UNDER_CURSOR, MQGMO_SYNCPOINT_IF_PERSISTENT, MQGMO_ALL_MSGS_AVAILABLE, MQGMO_ALL_SEGMENTS_AVAILABLE
&lt;null&gt;
32:
MQGMO_NONE, MQGMO_WAIT, MQGMO_SYNCPOINT, MQGMO_NO_SYNCPOINT, MQGMO_SET_SIGNAL, MQGMO_ACCEPT_TRUNCATED_MSG, MQGMO_LOCK, MQGMO_UNLOCK, MQGMO_BROWSE_MSG_UNDER_CURSOR, MQGMO_SYNCPOINT_IF_PERSISTENT, MQGMO_FAIL_IF_QUIESCING, MQGMO_LOGICAL_ORDER, MQGMO_COMPLETE_MSG, MQGMO_ALL_MSGS_AVAILABLE, MQGMO_ALL_SEGMENTS_AVAILABLE
&lt;null&gt;
33:
MQGMO_NONE, MQGMO_WAIT, MQGMO_SYNCPOINT, MQGMO_BROWSE_NEXT, MQGMO_ACCEPT_TRUNCATED_MSG, MQGMO_MARK_SKIP_BACKOUT, MQGMO_LOCK, MQGMO_BROWSE_MSG_UNDER_CURSOR, MQGMO_FAIL_IF_QUIESCING, MQGMO_CONVERT, MQGMO_LOGICAL_ORDER, MQGMO_COMPLETE_MSG, MQGMO_ALL_SEGMENTS_AVAILABLE
33:
MQGMO_NO_WAIT
&lt;null&gt;
34:
MQGMO_NONE, MQGMO_SET_SIGNAL, MQGMO_MARK_SKIP_BACKOUT, MQGMO_LOCK, MQGMO_UNLOCK, MQGMO_FAIL_IF_QUIESCING, MQGMO_ALL_SEGMENTS_AVAILABLE
&lt;null&gt;
35:
MQGMO_NONE, MQGMO_NO_SYNCPOINT, MQGMO_SYNCPOINT_IF_PERSISTENT
&lt;null&gt;
36:
MQGMO_NONE, MQGMO_WAIT, MQGMO_SYNCPOINT, MQGMO_NO_SYNCPOINT, MQGMO_SET_SIGNAL, MQGMO_BROWSE_FIRST, MQGMO_BROWSE_NEXT, MQGMO_ACCEPT_TRUNCATED_MSG, MQGMO_MARK_SKIP_BACKOUT, MQGMO_MSG_UNDER_CURSOR, MQGMO_LOCK, MQGMO_UNLOCK, MQGMO_BROWSE_MSG_UNDER_CURSOR, MQGMO_SYNCPOINT_IF_PERSISTENT, MQGMO_FAIL_IF_QUIESCING, MQGMO_CONVERT, MQGMO_LOGICAL_ORDER, MQGMO_COMPLETE_MSG, MQGMO_ALL_MSGS_AVAILABLE, MQGMO_ALL_SEGMENTS_AVAILABLE
36:
MQGMO_NONE, MQGMO_SET_SIGNAL, MQGMO_MSG_UNDER_CURSOR, MQGMO_LOCK, MQGMO_UNLOCK, MQGMO_CONVERT, MQGMO_COMPLETE_MSG
36:
MQGMO_NONE, MQGMO_WAIT, MQGMO_SYNCPOINT, MQGMO_NO_SYNCPOINT, MQGMO_SET_SIGNAL, MQGMO_BROWSE_FIRST, MQGMO_BROWSE_NEXT, MQGMO_ACCEPT_TRUNCATED_MSG, MQGMO_MARK_SKIP_BACKOUT, MQGMO_MSG_UNDER_CURSOR, MQGMO_LOCK, MQGMO_UNLOCK, MQGMO_BROWSE_MSG_UNDER_CURSOR, MQGMO_SYNCPOINT_IF_PERSISTENT, MQGMO_FAIL_IF_QUIESCING, MQGMO_CONVERT, MQGMO_LOGICAL_ORDER, MQGMO_COMPLETE_MSG, MQGMO_ALL_MSGS_AVAILABLE
36:
MQGMO_NONE, MQGMO_WAIT, MQGMO_SET_SIGNAL, MQGMO_BROWSE_FIRST, MQGMO_BROWSE_NEXT, MQGMO_ACCEPT_TRUNCATED_MSG, MQGMO_MARK_SKIP_BACKOUT, MQGMO_LOCK, MQGMO_BROWSE_MSG_UNDER_CURSOR, MQGMO_LOGICAL_ORDER, MQGMO_COMPLETE_MSG, MQGMO_ALL_MSGS_AVAILABLE, MQGMO_ALL_SEGMENTS_AVAILABLE
&lt;null&gt;
37:
MQGMO_NONE, MQGMO_WAIT, MQGMO_NO_SYNCPOINT, MQGMO_SET_SIGNAL, MQGMO_BROWSE_FIRST, MQGMO_ACCEPT_TRUNCATED_MSG, MQGMO_MARK_SKIP_BACKOUT, MQGMO_MSG_UNDER_CURSOR, MQGMO_LOCK, MQGMO_UNLOCK, MQGMO_BROWSE_MSG_UNDER_CURSOR, MQGMO_SYNCPOINT_IF_PERSISTENT, MQGMO_COMPLETE_MSG, MQGMO_ALL_MSGS_AVAILABLE, MQGMO_ALL_SEGMENTS_AVAILABLE
&lt;null&gt;
38:
MQGMO_NONE, MQGMO_SYNCPOINT, MQGMO_BROWSE_FIRST, MQGMO_UNLOCK
&lt;null&gt;
39:
MQGMO_NONE, MQGMO_SYNCPOINT, MQGMO_NO_SYNCPOINT, MQGMO_SET_SIGNAL, MQGMO_BROWSE_FIRST, MQGMO_BROWSE_NEXT, MQGMO_BROWSE_MSG_UNDER_CURSOR, MQGMO_SYNCPOINT_IF_PERSISTENT, MQGMO_FAIL_IF_QUIESCING, MQGMO_CONVERT, MQGMO_LOGICAL_ORDER, MQGMO_COMPLETE_MSG, MQGMO_ALL_SEGMENTS_AVAILABLE
39:
MQGMO_NONE, MQGMO_SYNCPOINT, MQGMO_NO_SYNCPOINT, MQGMO_SET_SIGNAL, MQGMO_BROWSE_FIRST, MQGMO_BROWSE_NEXT, MQGMO_ACCEPT_TRUNCATED_MSG, MQGMO_MARK_SKIP_BACKOUT, MQGMO_UNLOCK, MQGMO_SYNCPOINT_IF_PERSISTENT, MQGMO_FAIL_IF_QUIESCING, MQGMO_CONVERT, MQGMO_LOGICAL_ORDER, MQGMO_COMPLETE_MSG, MQGMO_ALL_MSGS_AVAILABLE, MQGMO_ALL_SEGMENTS_AVAILABLE
39:
MQGMO_NONE, MQGMO_MARK_SKIP_BACKOUT
&lt;null&gt;
40:
MQGMO_NONE, MQGMO_ACCEPT_TRUNCATED_MSG, MQGMO_COMPLETE_MSG
&lt;null&gt;
41:
MQGMO_NONE, MQGMO_MSG_UNDER_CURSOR, MQGMO_SYNCPOINT_IF_PERSISTENT, MQGMO_COMPLETE_MSG, MQGMO_ALL_MSGS_AVAILABLE, MQGMO_ALL_SEGMENTS_AVAILABLE
&lt;null&gt;
42:
MQGMO_NONE, MQGMO_SYNCPOINT, MQGMO_NO_SYNCPOINT, MQGMO_MSG_UNDER_CURSOR
&lt;null&gt;
43:
MQGMO_NONE, MQGMO_WAIT, MQGMO_SYNCPOINT, MQGMO_NO_SYNCPOINT, MQGMO_SET_SIGNAL, MQGMO_BROWSE_FIRST, MQGMO_LOCK, MQGMO_UNLOCK, MQGMO_BROWSE_MSG_UNDER_CURSOR, MQGMO_SYNCPOINT_IF_PERSISTENT, MQGMO_FAIL_IF_QUIESCING, MQGMO_CONVERT
43:
MQGMO_NONE, MQGMO_WAIT, MQGMO_BROWSE_FIRST
&lt;null&gt;
44:
MQGMO_NONE, MQGMO_WAIT, MQGMO_SYNCPOINT, MQGMO_NO_SYNCPOINT, MQGMO_SET_SIGNAL, MQGMO_BROWSE_FIRST, MQGMO_BROWSE_NEXT, MQGMO_ACCEPT_TRUNCATED_MSG, MQGMO_MARK_SKIP_BACKOUT, MQGMO_MSG_UNDER_CURSOR, MQGMO_LOCK, MQGMO_UNLOCK, MQGMO_BROWSE_MSG_UNDER_CURSOR, MQGMO_SYNCPOINT_IF_PERSISTENT, MQGMO_FAIL_IF_QUIESCING, MQGMO_CONVERT, MQGMO_LOGICAL_ORDER, MQGMO_COMPLETE_MSG, MQGMO_ALL_MSGS_AVAILABLE, MQGMO_ALL_SEGMENTS_AVAILABLE
44:
MQGMO_NONE, MQGMO_NO_SYNCPOINT
&lt;null&gt;
45:
MQGMO_NONE, MQGMO_WAIT, MQGMO_MARK_SKIP_BACKOUT, MQGMO_LOCK
&lt;null&gt;
46:
MQGMO_NONE, MQGMO_WAIT, MQGMO_SYNCPOINT, MQGMO_NO_SYNCPOINT, MQGMO_SET_SIGNAL, MQGMO_BROWSE_FIRST, MQGMO_BROWSE_NEXT, MQGMO_ACCEPT_TRUNCATED_MSG, MQGMO_MARK_SKIP_BACKOUT, MQGMO_MSG_UNDER_CURSOR, MQGMO_LOCK, MQGMO_UNLOCK, MQGMO_BROWSE_MSG_UNDER_CURSOR, MQGMO_SYNCPOINT_IF_PERSISTENT, MQGMO_FAIL_IF_QUIESCING, MQGMO_CONVERT, MQGMO_LOGICAL_ORDER, MQGMO_COMPLETE_MSG, MQGMO_ALL_MSGS_AVAILABLE, MQGMO_ALL_SEGMENTS_AVAILABLE
46:
MQGMO_NONE, MQGMO_SYNCPOINT, MQGMO_BROWSE_FIRST, MQGMO_MARK_SKIP_BACKOUT, MQGMO_LOCK, MQGMO_BROWSE_MSG_UNDER_CURSOR, MQGMO_SYNCPOINT_IF_PERSISTENT, MQGMO_ALL_MSGS_AVAILABLE, MQGMO_ALL_SEGMENTS_AVAILABLE
&lt;null&gt;
47:
MQGMO_NONE, MQGMO_WAIT, MQGMO_SYNCPOINT, MQGMO_NO_SYNCPOINT, MQGMO_SET_SIGNAL, MQGMO_BROWSE_FIRST, MQGMO_BROWSE_NEXT, MQGMO_UNLOCK, MQGMO_BROWSE_MSG_UNDER_CURSOR, MQGMO_FAIL_IF_QUIESCING, MQGMO_CONVERT, MQGMO_LOGICAL_ORDER, MQGMO_ALL_SEGMENTS_AVAILABLE
47:
MQGMO_NONE, MQGMO_WAIT, MQGMO_SET_SIGNAL, MQGMO_BROWSE_FIRST, MQGMO_BROWSE_NEXT, MQGMO_ACCEPT_TRUNCATED_MSG, MQGMO_MARK_SKIP_BACKOUT, MQGMO_MSG_UNDER_CURSOR, MQGMO_LOCK, MQGMO_UNLOCK, MQGMO_SYNCPOINT_IF_PERSISTENT, MQGMO_FAIL_IF_QUIESCING, MQGMO_CONVERT, MQGMO_LOGICAL_ORDER, MQGMO_COMPLETE_MSG, MQGMO_ALL_MSGS_AVAILABLE, MQGMO_ALL_SEGMENTS_AVAILABLE
47:
MQGMO_NONE, MQGMO_WAIT, MQGMO_SET_SIGNAL, MQGMO_BROWSE_FIRST, MQGMO_BROWSE_NEXT, MQGMO_ACCEPT_TRUNCATED_MSG, MQGMO_MSG_UNDER_CURSOR, MQGMO_LOCK, MQGMO_CONVERT, MQGMO_ALL_MSGS_AVAILABLE
47:
MQGMO_NONE, MQGMO_WAIT, MQGMO_SYNCPOINT, MQGMO_NO_SYNCPOINT, MQGMO_SET_SIGNAL, MQGMO_BROWSE_FIRST, MQGMO_BROWSE_NEXT, MQGMO_ACCEPT_TRUNCATED_MSG, MQGMO_MARK_SKIP_BACKOUT, MQGMO_MSG_UNDER_CURSOR, MQGMO_LOCK, MQGMO_UNLOCK, MQGMO_BROWSE_MSG_UNDER_CURSOR, MQGMO_SYNCPOINT_IF_PERSISTENT, MQGMO_FAIL_IF_QUIESCING, MQGMO_CONVERT, MQGMO_LOGICAL_ORDER, MQGMO_COMPLETE_MSG, MQGMO_ALL_MSGS_AVAILABLE, MQGMO_ALL_SEGMENTS_AVAILABLE
47:
MQGMO_NO_WAIT
&lt;null&gt;
48:
MQGMO_NONE, MQGMO_WAIT, MQGMO_SYNCPOINT, MQGMO_NO_SYNCPOINT, MQGMO_SET_SIGNAL, MQGMO_BROWSE_FIRST, MQGMO_MSG_UNDER_CURSOR, MQGMO_LOCK, MQGMO_UNLOCK, MQGMO_BROWSE_MSG_UNDER_CURSOR, MQGMO_SYNCPOINT_IF_PERSISTENT, MQGMO_FAIL_IF_QUIESCING, MQGMO_CONVERT, MQGMO_LOGICAL_ORDER, MQGMO_COMPLETE_MSG, MQGMO_ALL_MSGS_AVAILABLE, MQGMO_ALL_SEGMENTS_AVAILABLE
48:
MQGMO_NONE, MQGMO_NO_SYNCPOINT, MQGMO_UNLOCK, MQGMO_COMPLETE_MSG, MQGMO_ALL_MSGS_AVAILABLE
&lt;null&gt;
49:
MQGMO_NONE, MQGMO_WAIT, MQGMO_SYNCPOINT, MQGMO_NO_SYNCPOINT, MQGMO_SET_SIGNAL, MQGMO_BROWSE_FIRST, MQGMO_BROWSE_NEXT, MQGMO_ACCEPT_TRUNCATED_MSG, MQGMO_MARK_SKIP_BACKOUT, MQGMO_MSG_UNDER_CURSOR, MQGMO_LOCK, MQGMO_UNLOCK, MQGMO_BROWSE_MSG_UNDER_CURSOR, MQGMO_SYNCPOINT_IF_PERSISTENT, MQGMO_FAIL_IF_QUIESCING, MQGMO_CONVERT, MQGMO_LOGICAL_ORDER, MQGMO_COMPLETE_MSG, MQGMO_ALL_MSGS_AVAILABLE, MQGMO_ALL_SEGMENTS_AVAILABLE
49:
MQGMO_NONE, MQGMO_SYNCPOINT, MQGMO_NO_SYNCPOINT, MQGMO_SET_SIGNAL, MQGMO_BROWSE_FIRST, MQGMO_BROWSE_NEXT, MQGMO_ACCEPT_TRUNCATED_MSG, MQGMO_MARK_SKIP_BACKOUT, MQGMO_MSG_UNDER_CURSOR, MQGMO_LOCK, MQGMO_BROWSE_MSG_UNDER_CURSOR, MQGMO_SYNCPOINT_IF_PERSISTENT, MQGMO_FAIL_IF_QUIESCING, MQGMO_CONVERT, MQGMO_COMPLETE_MSG, MQGMO_ALL_MSGS_AVAILABLE, MQGMO_ALL_SEGMENTS_AVAILABLE
49:
MQGMO_NONE, MQGMO_WAIT, MQGMO_SYNCPOINT, MQGMO_NO_SYNCPOINT, MQGMO_SET_SIGNAL, MQGMO_BROWSE_FIRST, MQGMO_BROWSE_NEXT, MQGMO_ACCEPT_TRUNCATED_MSG, MQGMO_MARK_SKIP_BACKOUT, MQGMO_MSG_UNDER_CURSOR, MQGMO_LOCK, MQGMO_UNLOCK, MQGMO_BROWSE_MSG_UNDER_CURSOR, MQGMO_SYNCPOINT_IF_PERSISTENT, MQGMO_FAIL_IF_QUIESCING, MQGMO_CONVERT, MQGMO_LOGICAL_ORDER, MQGMO_COMPLETE_MSG, MQGMO_ALL_MSGS_AVAILABLE, MQGMO_ALL_SEGMENTS_AVAILABLE
49:
MQGMO_NONE, MQGMO_WAIT, MQGMO_NO_SYNCPOINT, MQGMO_SET_SIGNAL, MQGMO_BROWSE_FIRST, MQGMO_BROWSE_NEXT, MQGMO_ACCEPT_TRUNCATED_MSG, MQGMO_MARK_SKIP_BACKOUT, MQGMO_MSG_UNDER_CURSOR, MQGMO_LOCK, MQGMO_UNLOCK, MQGMO_BROWSE_MSG_UNDER_CURSOR, MQGMO_SYNCPOINT_IF_PERSISTENT, MQGMO_FAIL_IF_QUIESCING, MQGMO_CONVERT, MQGMO_LOGICAL_ORDER, MQGMO_COMPLETE_MSG, MQGMO_ALL_MSGS_AVAILABLE, MQGMO_ALL_SEGMENTS_AVAILABLE
49:
MQGMO_NONE, MQGMO_WAIT, MQGMO_SYNCPOINT, MQGMO_NO_SYNCPOINT, MQGMO_BROWSE_NEXT, MQGMO_ACCEPT_TRUNCATED_MSG, MQGMO_MARK_SKIP_BACKOUT, MQGMO_MSG_UNDER_CURSOR, MQGMO_LOCK, MQGMO_UNLOCK, MQGMO_BROWSE_MSG_UNDER_CURSOR, MQGMO_SYNCPOINT_IF_PERSISTENT, MQGMO_FAIL_IF_QUIESCING, MQGMO_LOGICAL_ORDER, MQGMO_COMPLETE_MSG, MQGMO_ALL_MSGS_AVAILABLE, MQGMO_ALL_SEGMENTS_AVAILABLE
&lt;null&gt;
50:
MQGMO_NONE, MQGMO_WAIT, MQGMO_NO_SYNCPOINT, MQGMO_BROWSE_NEXT, MQGMO_ACCEPT_TRUNCATED_MSG, MQGMO_MSG_UNDER_CURSOR, MQGMO_LOCK, MQGMO_CONVERT, MQGMO_LOGICAL_ORDER, MQGMO_COMPLETE_MSG
50:
MQGMO_NONE, MQGMO_WAIT, MQGMO_SYNCPOINT, MQGMO_NO_SYNCPOINT, MQGMO_SET_SIGNAL, MQGMO_BROWSE_FIRST, MQGMO_BROWSE_NEXT, MQGMO_ACCEPT_TRUNCATED_MSG, MQGMO_MARK_SKIP_BACKOUT, MQGMO_MSG_UNDER_CURSOR, MQGMO_LOCK, MQGMO_UNLOCK, MQGMO_BROWSE_MSG_UNDER_CURSOR, MQGMO_FAIL_IF_QUIESCING, MQGMO_CONVERT, MQGMO_LOGICAL_ORDER, MQGMO_COMPLETE_MSG, MQGMO_ALL_MSGS_AVAILABLE, MQGMO_ALL_SEGMENTS_AVAILABLE
50:
MQGMO_NONE, MQGMO_WAIT, MQGMO_SYNCPOINT, MQGMO_NO_SYNCPOINT, MQGMO_MSG_UNDER_CURSOR, MQGMO_LOCK, MQGMO_UNLOCK, MQGMO_BROWSE_MSG_UNDER_CURSOR, MQGMO_SYNCPOINT_IF_PERSISTENT, MQGMO_LOGICAL_ORDER
&lt;null&gt;
51:
MQGMO_NONE, MQGMO_MARK_SKIP_BACKOUT
&lt;null&gt;
52:
MQGMO_NONE, MQGMO_SYNCPOINT, MQGMO_NO_SYNCPOINT, MQGMO_SET_SIGNAL, MQGMO_BROWSE_FIRST, MQGMO_BROWSE_NEXT, MQGMO_ACCEPT_TRUNCATED_MSG, MQGMO_MARK_SKIP_BACKOUT, MQGMO_MSG_UNDER_CURSOR, MQGMO_LOCK, MQGMO_UNLOCK, MQGMO_BROWSE_MSG_UNDER_CURSOR, MQGMO_SYNCPOINT_IF_PERSISTENT, MQGMO_FAIL_IF_QUIESCING, MQGMO_CONVERT, MQGMO_LOGICAL_ORDER, MQGMO_COMPLETE_MSG, MQGMO_ALL_MSGS_AVAILABLE, MQGMO_ALL_SEGMENTS_AVAILABLE
52:
MQGMO_NONE, MQGMO_WAIT, MQGMO_SYNCPOINT, MQGMO_NO_SYNCPOINT, MQGMO_SET_SIGNAL, MQGMO_BROWSE_FIRST, MQGMO_BROWSE_NEXT, MQGMO_ACCEPT_TRUNCATED_MSG, MQGMO_MSG_UNDER_CURSOR, MQGMO_LOCK, MQGMO_UNLOCK, MQGMO_BROWSE_MSG_UNDER_CURSOR, MQGMO_SYNCPOINT_IF_PERSISTENT, MQGMO_FAIL_IF_QUIESCING, MQGMO_CONVERT, MQGMO_LOGICAL_ORDER, MQGMO_ALL_MSGS_AVAILABLE, MQGMO_ALL_SEGMENTS_AVAILABLE
52:
MQGMO_NONE, MQGMO_BROWSE_MSG_UNDER_CURSOR
&lt;null&gt;
53:
MQGMO_NONE, MQGMO_WAIT, MQGMO_SYNCPOINT, MQGMO_NO_SYNCPOINT, MQGMO_SET_SIGNAL, MQGMO_BROWSE_FIRST, MQGMO_BROWSE_NEXT, MQGMO_ACCEPT_TRUNCATED_MSG, MQGMO_MARK_SKIP_BACKOUT, MQGMO_MSG_UNDER_CURSOR, MQGMO_LOCK, MQGMO_UNLOCK, MQGMO_BROWSE_MSG_UNDER_CURSOR, MQGMO_SYNCPOINT_IF_PERSISTENT, MQGMO_FAIL_IF_QUIESCING, MQGMO_CONVERT, MQGMO_LOGICAL_ORDER, MQGMO_COMPLETE_MSG, MQGMO_ALL_MSGS_AVAILABLE, MQGMO_ALL_SEGMENTS_AVAILABLE
53:
MQGMO_NONE, MQGMO_WAIT, MQGMO_NO_SYNCPOINT, MQGMO_MARK_SKIP_BACKOUT, MQGMO_MSG_UNDER_CURSOR, MQGMO_LOCK, MQGMO_UNLOCK, MQGMO_BROWSE_MSG_UNDER_CURSOR, MQGMO_COMPLETE_MSG, MQGMO_ALL_MSGS_AVAILABLE, MQGMO_ALL_SEGMENTS_AVAILABLE
&lt;null&gt;
54:
MQGMO_NONE, MQGMO_WAIT, MQGMO_SYNCPOINT, MQGMO_NO_SYNCPOINT, MQGMO_SET_SIGNAL, MQGMO_BROWSE_FIRST, MQGMO_BROWSE_NEXT, MQGMO_MARK_SKIP_BACKOUT, MQGMO_LOCK, MQGMO_UNLOCK, MQGMO_BROWSE_MSG_UNDER_CURSOR, MQGMO_SYNCPOINT_IF_PERSISTENT, MQGMO_FAIL_IF_QUIESCING, MQGMO_CONVERT, MQGMO_LOGICAL_ORDER, MQGMO_COMPLETE_MSG
54:
MQGMO_NONE, MQGMO_WAIT, MQGMO_SET_SIGNAL, MQGMO_BROWSE_NEXT, MQGMO_ACCEPT_TRUNCATED_MSG, MQGMO_MARK_SKIP_BACKOUT, MQGMO_MSG_UNDER_CURSOR, MQGMO_LOCK, MQGMO_UNLOCK, MQGMO_BROWSE_MSG_UNDER_CURSOR, MQGMO_CONVERT, MQGMO_LOGICAL_ORDER, MQGMO_COMPLETE_MSG, MQGMO_ALL_MSGS_AVAILABLE, MQGMO_ALL_SEGMENTS_AVAILABLE
54:
MQGMO_NONE, MQGMO_NO_SYNCPOINT, MQGMO_BROWSE_NEXT, MQGMO_ACCEPT_TRUNCATED_MSG, MQGMO_MARK_SKIP_BACKOUT, MQGMO_SYNCPOINT_IF_PERSISTENT, MQGMO_FAIL_IF_QUIESCING, MQGMO_LOGICAL_ORDER, MQGMO_COMPLETE_MSG, MQGMO_ALL_MSGS_AVAILABLE
&lt;null&gt;
55:
MQGMO_NONE, MQGMO_WAIT, MQGMO_SYNCPOINT, MQGMO_NO_SYNCPOINT, MQGMO_SET_SIGNAL, MQGMO_BROWSE_FIRST, MQGMO_BROWSE_NEXT, MQGMO_MARK_SKIP_BACKOUT, MQGMO_MSG_UNDER_CURSOR, MQGMO_LOCK, MQGMO_UNLOCK, MQGMO_BROWSE_MSG_UNDER_CURSOR, MQGMO_SYNCPOINT_IF_PERSISTENT, MQGMO_FAIL_IF_QUIESCING, MQGMO_CONVERT, MQGMO_LOGICAL_ORDER, MQGMO_COMPLETE_MSG, MQGMO_ALL_MSGS_AVAILABLE, MQGMO_ALL_SEGMENTS_AVAILABLE
55:
MQGMO_NONE, MQGMO_BROWSE_NEXT, MQGMO_MARK_SKIP_BACKOUT, MQGMO_MSG_UNDER_CURSOR, MQGMO_LOCK, MQGMO_LOGICAL_ORDER, MQGMO_COMPLETE_MSG, MQGMO_ALL_SEGMENTS_AVAILABLE
&lt;null&gt;
56:
MQGMO_NONE, MQGMO_WAIT, MQGMO_SYNCPOINT, MQGMO_NO_SYNCPOINT, MQGMO_SET_SIGNAL, MQGMO_BROWSE_FIRST, MQGMO_BROWSE_NEXT, MQGMO_ACCEPT_TRUNCATED_MSG, MQGMO_MARK_SKIP_BACKOUT, MQGMO_MSG_UNDER_CURSOR, MQGMO_LOCK, MQGMO_UNLOCK, MQGMO_BROWSE_MSG_UNDER_CURSOR, MQGMO_SYNCPOINT_IF_PERSISTENT, MQGMO_FAIL_IF_QUIESCING, MQGMO_CONVERT, MQGMO_LOGICAL_ORDER, MQGMO_COMPLETE_MSG, MQGMO_ALL_MSGS_AVAILABLE, MQGMO_ALL_SEGMENTS_AVAILABLE
56:
MQGMO_NONE, MQGMO_WAIT, MQGMO_SYNCPOINT, MQGMO_NO_SYNCPOINT, MQGMO_SET_SIGNAL, MQGMO_BROWSE_FIRST, MQGMO_BROWSE_NEXT, MQGMO_ACCEPT_TRUNCATED_MSG, MQGMO_MARK_SKIP_BACKOUT, MQGMO_MSG_UNDER_CURSOR, MQGMO_LOCK, MQGMO_UNLOCK, MQGMO_SYNCPOINT_IF_PERSISTENT, MQGMO_FAIL_IF_QUIESCING, MQGMO_CONVERT, MQGMO_LOGICAL_ORDER, MQGMO_COMPLETE_MSG, MQGMO_ALL_MSGS_AVAILABLE, MQGMO_ALL_SEGMENTS_AVAILABLE
56:
MQGMO_NONE, MQGMO_WAIT, MQGMO_SYNCPOINT, MQGMO_NO_SYNCPOINT, MQGMO_SET_SIGNAL, MQGMO_BROWSE_FIRST, MQGMO_BROWSE_NEXT, MQGMO_ACCEPT_TRUNCATED_MSG, MQGMO_MARK_SKIP_BACKOUT, MQGMO_MSG_UNDER_CURSOR, MQGMO_LOCK, MQGMO_UNLOCK, MQGMO_BROWSE_MSG_UNDER_CURSOR, MQGMO_SYNCPOINT_IF_PERSISTENT, MQGMO_FAIL_IF_QUIESCING, MQGMO_CONVERT, MQGMO_LOGICAL_ORDER, MQGMO_COMPLETE_MSG, MQGMO_ALL_MSGS_AVAILABLE, MQGMO_ALL_SEGMENTS_AVAILABLE
56:
MQGMO_NO_WAIT
&lt;null&gt;
57:
MQGMO_NONE, MQGMO_WAIT, MQGMO_SET_SIGNAL, MQGMO_BROWSE_FIRST, MQGMO_ACCEPT_TRUNCATED_MSG, MQGMO_MARK_SKIP_BACKOUT, MQGMO_LOCK, MQGMO_UNLOCK, MQGMO_BROWSE_MSG_UNDER_CURSOR, MQGMO_FAIL_IF_QUIESCING, MQGMO_CONVERT, MQGMO_ALL_SEGMENTS_AVAILABLE
57:
MQGMO_NONE, MQGMO_WAIT, MQGMO_SYNCPOINT, MQGMO_SET_SIGNAL, MQGMO_BROWSE_FIRST, MQGMO_BROWSE_NEXT, MQGMO_ACCEPT_TRUNCATED_MSG, MQGMO_MARK_SKIP_BACKOUT, MQGMO_MSG_UNDER_CURSOR, MQGMO_LOCK, MQGMO_UNLOCK, MQGMO_BROWSE_MSG_UNDER_CURSOR, MQGMO_SYNCPOINT_IF_PERSISTENT, MQGMO_CONVERT, MQGMO_LOGICAL_ORDER, MQGMO_COMPLETE_MSG, MQGMO_ALL_MSGS_AVAILABLE, MQGMO_ALL_SEGMENTS_AVAILABLE
57:
MQGMO_NONE, MQGMO_WAIT, MQGMO_SYNCPOINT, MQGMO_NO_SYNCPOINT, MQGMO_SET_SIGNAL, MQGMO_BROWSE_FIRST, MQGMO_ACCEPT_TRUNCATED_MSG, MQGMO_MARK_SKIP_BACKOUT, MQGMO_MSG_UNDER_CURSOR, MQGMO_LOCK, MQGMO_UNLOCK, MQGMO_BROWSE_MSG_UNDER_CURSOR, MQGMO_SYNCPOINT_IF_PERSISTENT, MQGMO_FAIL_IF_QUIESCING, MQGMO_CONVERT, MQGMO_LOGICAL_ORDER, MQGMO_COMPLETE_MSG, MQGMO_ALL_MSGS_AVAILABLE, MQGMO_ALL_SEGMENTS_AVAILABLE
57:
MQGMO_NONE, MQGMO_WAIT, MQGMO_SYNCPOINT, MQGMO_NO_SYNCPOINT, MQGMO_SET_SIGNAL, MQGMO_ACCEPT_TRUNCATED_MSG, MQGMO_MARK_SKIP_BACKOUT, MQGMO_MSG_UNDER_CURSOR, MQGMO_LOCK, MQGMO_UNLOCK, MQGMO_BROWSE_MSG_UNDER_CURSOR, MQGMO_LOGICAL_ORDER, MQGMO_ALL_MSGS_AVAILABLE, MQGMO_ALL_SEGMENTS_AVAILABLE
&lt;null&gt;
58:
MQGMO_NONE, MQGMO_SET_SIGNAL, MQGMO_MARK_SKIP_BACKOUT, MQGMO_LOCK, MQGMO_ALL_SEGMENTS_AVAILABLE
&lt;null&gt;
59:
MQGMO_NONE, MQGMO_WAIT, MQGMO_SYNCPOINT, MQGMO_NO_SYNCPOINT, MQGMO_SET_SIGNAL, MQGMO_BROWSE_FIRST, MQGMO_BROWSE_NEXT, MQGMO_ACCEPT_TRUNCATED_MSG, MQGMO_MARK_SKIP_BACKOUT, MQGMO_MSG_UNDER_CURSOR, MQGMO_LOCK, MQGMO_UNLOCK, MQGMO_BROWSE_MSG_UNDER_CURSOR, MQGMO_SYNCPOINT_IF_PERSISTENT, MQGMO_FAIL_IF_QUIESCING, MQGMO_CONVERT, MQGMO_LOGICAL_ORDER, MQGMO_COMPLETE_MSG, MQGMO_ALL_MSGS_AVAILABLE, MQGMO_ALL_SEGMENTS_AVAILABLE
59:
MQGMO_NO_WAIT
&lt;null&gt;
60:
MQGMO_NONE, MQGMO_ACCEPT_TRUNCATED_MSG, MQGMO_COMPLETE_MSG
&lt;null&gt;
61:
MQGMO_NONE, MQGMO_SYNCPOINT, MQGMO_ACCEPT_TRUNCATED_MSG, MQGMO_UNLOCK, MQGMO_BROWSE_MSG_UNDER_CURSOR, MQGMO_SYNCPOINT_IF_PERSISTENT, MQGMO_FAIL_IF_QUIESCING, MQGMO_CONVERT, MQGMO_ALL_MSGS_AVAILABLE, MQGMO_ALL_SEGMENTS_AVAILABLE
61:
MQGMO_NONE, MQGMO_BROWSE_FIRST, MQGMO_BROWSE_NEXT, MQGMO_ACCEPT_TRUNCATED_MSG, MQGMO_MARK_SKIP_BACKOUT, MQGMO_LOCK, MQGMO_SYNCPOINT_IF_PERSISTENT, MQGMO_FAIL_IF_QUIESCING, MQGMO_LOGICAL_ORDER, MQGMO_COMPLETE_MSG, MQGMO_ALL_MSGS_AVAILABLE, MQGMO_ALL_SEGMENTS_AVAILABLE
&lt;null&gt;
62:
MQGMO_NONE, MQGMO_WAIT, MQGMO_SYNCPOINT, MQGMO_NO_SYNCPOINT, MQGMO_SET_SIGNAL, MQGMO_BROWSE_FIRST, MQGMO_BROWSE_NEXT, MQGMO_ACCEPT_TRUNCATED_MSG, MQGMO_MSG_UNDER_CURSOR, MQGMO_LOCK, MQGMO_UNLOCK, MQGMO_BROWSE_MSG_UNDER_CURSOR, MQGMO_SYNCPOINT_IF_PERSISTENT, MQGMO_FAIL_IF_QUIESCING, MQGMO_CONVERT, MQGMO_LOGICAL_ORDER, MQGMO_COMPLETE_MSG, MQGMO_ALL_MSGS_AVAILABLE, MQGMO_ALL_SEGMENTS_AVAILABLE
62:
MQGMO_NONE, MQGMO_WAIT, MQGMO_SYNCPOINT, MQGMO_NO_SYNCPOINT, MQGMO_SET_SIGNAL, MQGMO_BROWSE_FIRST, MQGMO_BROWSE_NEXT, MQGMO_ACCEPT_TRUNCATED_MSG, MQGMO_MARK_SKIP_BACKOUT, MQGMO_MSG_UNDER_CURSOR, MQGMO_LOCK, MQGMO_UNLOCK, MQGMO_BROWSE_MSG_UNDER_CURSOR, MQGMO_SYNCPOINT_IF_PERSISTENT, MQGMO_FAIL_IF_QUIESCING, MQGMO_CONVERT, MQGMO_LOGICAL_ORDER, MQGMO_COMPLETE_MSG, MQGMO_ALL_MSGS_AVAILABLE, MQGMO_ALL_SEGMENTS_AVAILABLE
62:
MQGMO_NONE, MQGMO_MSG_UNDER_CURSOR
&lt;null&gt;
63:
MQGMO_NONE, MQGMO_WAIT, MQGMO_SYNCPOINT, MQGMO_NO_SYNCPOINT, MQGMO_BROWSE_FIRST, MQGMO_BROWSE_NEXT, MQGMO_ACCEPT_TRUNCATED_MSG, MQGMO_MARK_SKIP_BACKOUT, MQGMO_MSG_UNDER_CURSOR, MQGMO_LOCK, MQGMO_UNLOCK, MQGMO_CONVERT, MQGMO_LOGICAL_ORDER, MQGMO_COMPLETE_MSG, MQGMO_ALL_MSGS_AVAILABLE, MQGMO_ALL_SEGMENTS_AVAILABLE
63:
MQGMO_NONE, MQGMO_WAIT, MQGMO_SET_SIGNAL, MQGMO_BROWSE_MSG_UNDER_CURSOR, MQGMO_CONVERT
63:
MQGMO_NONE, MQGMO_WAIT, MQGMO_SYNCPOINT, MQGMO_NO_SYNCPOINT, MQGMO_SET_SIGNAL, MQGMO_BROWSE_FIRST, MQGMO_MARK_SKIP_BACKOUT, MQGMO_MSG_UNDER_CURSOR, MQGMO_LOCK, MQGMO_UNLOCK, MQGMO_BROWSE_MSG_UNDER_CURSOR, MQGMO_SYNCPOINT_IF_PERSISTENT, MQGMO_FAIL_IF_QUIESCING, MQGMO_CONVERT, MQGMO_LOGICAL_ORDER, MQGMO_ALL_MSGS_AVAILABLE
63:
MQGMO_NONE, MQGMO_BROWSE_MSG_UNDER_CURSOR, MQGMO_COMPLETE_MSG
&lt;null&gt;
64:
MQGMO_NONE, MQGMO_WAIT, MQGMO_SYNCPOINT, MQGMO_NO_SYNCPOINT, MQGMO_SET_SIGNAL, MQGMO_BROWSE_FIRST, MQGMO_BROWSE_NEXT, MQGMO_ACCEPT_TRUNCATED_MSG, MQGMO_MARK_SKIP_BACKOUT, MQGMO_MSG_UNDER_CURSOR, MQGMO_LOCK, MQGMO_UNLOCK, MQGMO_BROWSE_MSG_UNDER_CURSOR, MQGMO_SYNCPOINT_IF_PERSISTENT, MQGMO_FAIL_IF_QUIESCING, MQGMO_CONVERT, MQGMO_LOGICAL_ORDER, MQGMO_COMPLETE_MSG, MQGMO_ALL_MSGS_AVAILABLE, MQGMO_ALL_SEGMENTS_AVAILABLE
64:
MQGMO_NONE, MQGMO_WAIT, MQGMO_SYNCPOINT, MQGMO_NO_SYNCPOINT, MQGMO_BROWSE_NEXT, MQGMO_ACCEPT_TRUNCATED_MSG, MQGMO_MARK_SKIP_BACKOUT, MQGMO_MSG_UNDER_CURSOR, MQGMO_LOCK, MQGMO_BROWSE_MSG_UNDER_CURSOR, MQGMO_SYNCPOINT_IF_PERSISTENT, MQGMO_FAIL_IF_QUIESCING, MQGMO_ALL_MSGS_AVAILABLE, MQGMO_ALL_SEGMENTS_AVAILABLE
&lt;null&gt;
65:
MQGMO_NONE, MQGMO_ACCEPT_TRUNCATED_MSG
&lt;null&gt;
66:
MQGMO_NONE, MQGMO_WAIT, MQGMO_NO_SYNCPOINT, MQGMO_ACCEPT_TRUNCATED_MSG, MQGMO_MARK_SKIP_BACKOUT, MQGMO_MSG_UNDER_CURSOR, MQGMO_LOCK, MQGMO_UNLOCK, MQGMO_BROWSE_MSG_UNDER_CURSOR, MQGMO_ALL_MSGS_AVAILABLE, MQGMO_ALL_SEGMENTS_AVAILABLE
&lt;null&gt;
67:
MQGMO_NONE, MQGMO_BROWSE_NEXT, MQGMO_ACCEPT_TRUNCATED_MSG
&lt;null&gt;
68:
MQGMO_NONE, MQGMO_WAIT, MQGMO_SYNCPOINT, MQGMO_NO_SYNCPOINT, MQGMO_SET_SIGNAL, MQGMO_BROWSE_FIRST, MQGMO_BROWSE_NEXT, MQGMO_ACCEPT_TRUNCATED_MSG, MQGMO_MARK_SKIP_BACKOUT, MQGMO_MSG_UNDER_CURSOR, MQGMO_LOCK, MQGMO_UNLOCK, MQGMO_BROWSE_MSG_UNDER_CURSOR, MQGMO_SYNCPOINT_IF_PERSISTENT, MQGMO_FAIL_IF_QUIESCING, MQGMO_CONVERT, MQGMO_LOGICAL_ORDER, MQGMO_COMPLETE_MSG, MQGMO_ALL_MSGS_AVAILABLE, MQGMO_ALL_SEGMENTS_AVAILABLE
68:
MQGMO_NONE, MQGMO_WAIT, MQGMO_NO_SYNCPOINT, MQGMO_SET_SIGNAL, MQGMO_BROWSE_FIRST, MQGMO_BROWSE_NEXT, MQGMO_ACCEPT_TRUNCATED_MSG, MQGMO_MSG_UNDER_CURSOR, MQGMO_LOCK, MQGMO_UNLOCK, MQGMO_BROWSE_MSG_UNDER_CURSOR, MQGMO_SYNCPOINT_IF_PERSISTENT, MQGMO_FAIL_IF_QUIESCING, MQGMO_CONVERT, MQGMO_LOGICAL_ORDER, MQGMO_COMPLETE_MSG, MQGMO_ALL_MSGS_AVAILABLE, MQGMO_ALL_SEGMENTS_AVAILABLE
68:
MQGMO_NONE, MQGMO_WAIT, MQGMO_SYNCPOINT, MQGMO_NO_SYNCPOINT, MQGMO_MSG_UNDER_CURSOR, MQGMO_LOCK, MQGMO_UNLOCK, MQGMO_SYNCPOINT_IF_PERSISTENT, MQGMO_FAIL_IF_QUIESCING
&lt;null&gt;
69:
MQGMO_NONE, MQGMO_WAIT, MQGMO_SYNCPOINT, MQGMO_NO_SYNCPOINT, MQGMO_SET_SIGNAL, MQGMO_BROWSE_FIRST, MQGMO_BROWSE_NEXT, MQGMO_ACCEPT_TRUNCATED_MSG, MQGMO_MARK_SKIP_BACKOUT, MQGMO_MSG_UNDER_CURSOR, MQGMO_LOCK, MQGMO_UNLOCK, MQGMO_BROWSE_MSG_UNDER_CURSOR, MQGMO_SYNCPOINT_IF_PERSISTENT, MQGMO_FAIL_IF_QUIESCING, MQGMO_CONVERT, MQGMO_LOGICAL_ORDER, MQGMO_COMPLETE_MSG, MQGMO_ALL_MSGS_AVAILABLE, MQGMO_ALL_SEGMENTS_AVAILABLE
69:
MQGMO_NO_WAIT
&lt;null&gt;
70:
MQGMO_NONE, MQGMO_WAIT, MQGMO_SYNCPOINT, MQGMO_NO_SYNCPOINT, MQGMO_SET_SIGNAL, MQGMO_BROWSE_FIRST, MQGMO_BROWSE_NEXT, MQGMO_ACCEPT_TRUNCATED_MSG, MQGMO_MARK_SKIP_BACKOUT, MQGMO_MSG_UNDER_CURSOR, MQGMO_LOCK, MQGMO_UNLOCK, MQGMO_BROWSE_MSG_UNDER_CURSOR, MQGMO_SYNCPOINT_IF_PERSISTENT, MQGMO_FAIL_IF_QUIESCING, MQGMO_CONVERT, MQGMO_COMPLETE_MSG, MQGMO_ALL_MSGS_AVAILABLE, MQGMO_ALL_SEGMENTS_AVAILABLE
70:
MQGMO_NONE, MQGMO_WAIT, MQGMO_SYNCPOINT, MQGMO_NO_SYNCPOINT, MQGMO_SET_SIGNAL, MQGMO_BROWSE_FIRST, MQGMO_BROWSE_NEXT, MQGMO_ACCEPT_TRUNCATED_MSG, MQGMO_MARK_SKIP_BACKOUT, MQGMO_MSG_UNDER_CURSOR, MQGMO_LOCK, MQGMO_UNLOCK, MQGMO_BROWSE_MSG_UNDER_CURSOR, MQGMO_SYNCPOINT_IF_PERSISTENT, MQGMO_FAIL_IF_QUIESCING, MQGMO_CONVERT, MQGMO_COMPLETE_MSG, MQGMO_ALL_MSGS_AVAILABLE, MQGMO_ALL_SEGMENTS_AVAILABLE
70:
MQGMO_NONE, MQGMO_WAIT, MQGMO_SET_SIGNAL, MQGMO_BROWSE_FIRST, MQGMO_BROWSE_NEXT, MQGMO_ACCEPT_TRUNCATED_MSG, MQGMO_MARK_SKIP_BACKOUT, MQGMO_MSG_UNDER_CURSOR, MQGMO_LOCK, MQGMO_FAIL_IF_QUIESCING, MQGMO_CONVERT, MQGMO_COMPLETE_MSG, MQGMO_ALL_MSGS_AVAILABLE, MQGMO_ALL_SEGMENTS_AVAILABLE
70:
MQGMO_NONE, MQGMO_WAIT, MQGMO_BROWSE_NEXT, MQGMO_ACCEPT_TRUNCATED_MSG, MQGMO_MARK_SKIP_BACKOUT, MQGMO_MSG_UNDER_CURSOR, MQGMO_UNLOCK, MQGMO_BROWSE_MSG_UNDER_CURSOR, MQGMO_COMPLETE_MSG, MQGMO_ALL_MSGS_AVAILABLE, MQGMO_ALL_SEGMENTS_AVAILABLE
&lt;null&gt;
71:
MQGMO_NONE, MQGMO_WAIT, MQGMO_SYNCPOINT, MQGMO_NO_SYNCPOINT, MQGMO_SET_SIGNAL, MQGMO_BROWSE_FIRST, MQGMO_BROWSE_NEXT, MQGMO_ACCEPT_TRUNCATED_MSG, MQGMO_MARK_SKIP_BACKOUT, MQGMO_LOCK, MQGMO_UNLOCK, MQGMO_BROWSE_MSG_UNDER_CURSOR, MQGMO_SYNCPOINT_IF_PERSISTENT, MQGMO_FAIL_IF_QUIESCING, MQGMO_CONVERT, MQGMO_LOGICAL_ORDER, MQGMO_COMPLETE_MSG, MQGMO_ALL_MSGS_AVAILABLE
71:
MQGMO_NONE, MQGMO_SYNCPOINT, MQGMO_MARK_SKIP_BACKOUT
&lt;null&gt;
72:
MQGMO_NONE, MQGMO_WAIT, MQGMO_SET_SIGNAL, MQGMO_MARK_SKIP_BACKOUT, MQGMO_MSG_UNDER_CURSOR, MQGMO_UNLOCK, MQGMO_BROWSE_MSG_UNDER_CURSOR, MQGMO_SYNCPOINT_IF_PERSISTENT, MQGMO_CONVERT, MQGMO_ALL_MSGS_AVAILABLE
72:
MQGMO_NONE, MQGMO_WAIT, MQGMO_SYNCPOINT, MQGMO_NO_SYNCPOINT, MQGMO_SET_SIGNAL, MQGMO_BROWSE_FIRST, MQGMO_BROWSE_NEXT, MQGMO_ACCEPT_TRUNCATED_MSG, MQGMO_MARK_SKIP_BACKOUT, MQGMO_MSG_UNDER_CURSOR, MQGMO_LOCK, MQGMO_UNLOCK, MQGMO_BROWSE_MSG_UNDER_CURSOR, MQGMO_SYNCPOINT_IF_PERSISTENT, MQGMO_FAIL_IF_QUIESCING, MQGMO_CONVERT, MQGMO_LOGICAL_ORDER, MQGMO_COMPLETE_MSG, MQGMO_ALL_MSGS_AVAILABLE, MQGMO_ALL_SEGMENTS_AVAILABLE
72:
MQGMO_NONE, MQGMO_WAIT, MQGMO_SYNCPOINT, MQGMO_NO_SYNCPOINT, MQGMO_SET_SIGNAL, MQGMO_BROWSE_FIRST, MQGMO_BROWSE_NEXT, MQGMO_ACCEPT_TRUNCATED_MSG, MQGMO_MARK_SKIP_BACKOUT, MQGMO_MSG_UNDER_CURSOR, MQGMO_LOCK, MQGMO_UNLOCK, MQGMO_BROWSE_MSG_UNDER_CURSOR, MQGMO_SYNCPOINT_IF_PERSISTENT, MQGMO_FAIL_IF_QUIESCING, MQGMO_CONVERT, MQGMO_LOGICAL_ORDER, MQGMO_COMPLETE_MSG, MQGMO_ALL_MSGS_AVAILABLE, MQGMO_ALL_SEGMENTS_AVAILABLE
72:
MQGMO_NONE, MQGMO_WAIT, MQGMO_SYNCPOINT, MQGMO_NO_SYNCPOINT, MQGMO_SET_SIGNAL, MQGMO_BROWSE_FIRST, MQGMO_BROWSE_NEXT, MQGMO_ACCEPT_TRUNCATED_MSG, MQGMO_MARK_SKIP_BACKOUT, MQGMO_MSG_UNDER_CURSOR, MQGMO_LOCK, MQGMO_UNLOCK, MQGMO_BROWSE_MSG_UNDER_CURSOR, MQGMO_SYNCPOINT_IF_PERSISTENT, MQGMO_FAIL_IF_QUIESCING, MQGMO_CONVERT, MQGMO_LOGICAL_ORDER, MQGMO_COMPLETE_MSG, MQGMO_ALL_MSGS_AVAILABLE, MQGMO_ALL_SEGMENTS_AVAILABLE
72:
MQGMO_NONE, MQGMO_WAIT, MQGMO_SYNCPOINT, MQGMO_NO_SYNCPOINT, MQGMO_SET_SIGNAL, MQGMO_BROWSE_FIRST, MQGMO_BROWSE_NEXT, MQGMO_ACCEPT_TRUNCATED_MSG, MQGMO_MARK_SKIP_BACKOUT, MQGMO_MSG_UNDER_CURSOR, MQGMO_LOCK, MQGMO_UNLOCK, MQGMO_BROWSE_MSG_UNDER_CURSOR, MQGMO_SYNCPOINT_IF_PERSISTENT, MQGMO_FAIL_IF_QUIESCING, MQGMO_CONVERT, MQGMO_LOGICAL_ORDER, MQGMO_COMPLETE_MSG, MQGMO_ALL_MSGS_AVAILABLE, MQGMO_ALL_SEGMENTS_AVAILABLE
72:
MQGMO_NONE, MQGMO_WAIT, MQGMO_BROWSE_FIRST, MQGMO_BROWSE_NEXT, MQGMO_ACCEPT_TRUNCATED_MSG, MQGMO_MARK_SKIP_BACKOUT, MQGMO_MSG_UNDER_CURSOR, MQGMO_LOCK, MQGMO_UNLOCK, MQGMO_FAIL_IF_QUIESCING, MQGMO_CONVERT, MQGMO_COMPLETE_MSG, MQGMO_ALL_MSGS_AVAILABLE, MQGMO_ALL_SEGMENTS_AVAILABLE
72:
MQGMO_NONE, MQGMO_WAIT, MQGMO_SET_SIGNAL, MQGMO_BROWSE_FIRST, MQGMO_BROWSE_NEXT, MQGMO_MARK_SKIP_BACKOUT
&lt;null&gt;
73:
MQGMO_NONE, MQGMO_WAIT, MQGMO_SYNCPOINT, MQGMO_NO_SYNCPOINT, MQGMO_SET_SIGNAL, MQGMO_BROWSE_FIRST, MQGMO_BROWSE_NEXT, MQGMO_MARK_SKIP_BACKOUT, MQGMO_MSG_UNDER_CURSOR, MQGMO_LOCK, MQGMO_UNLOCK, MQGMO_BROWSE_MSG_UNDER_CURSOR, MQGMO_SYNCPOINT_IF_PERSISTENT, MQGMO_FAIL_IF_QUIESCING, MQGMO_CONVERT, MQGMO_LOGICAL_ORDER, MQGMO_COMPLETE_MSG, MQGMO_ALL_MSGS_AVAILABLE, MQGMO_ALL_SEGMENTS_AVAILABLE
73:
MQGMO_NONE, MQGMO_WAIT, MQGMO_SYNCPOINT, MQGMO_NO_SYNCPOINT, MQGMO_SET_SIGNAL, MQGMO_BROWSE_FIRST, MQGMO_BROWSE_NEXT, MQGMO_ACCEPT_TRUNCATED_MSG, MQGMO_MSG_UNDER_CURSOR, MQGMO_LOCK, MQGMO_UNLOCK, MQGMO_BROWSE_MSG_UNDER_CURSOR, MQGMO_SYNCPOINT_IF_PERSISTENT, MQGMO_FAIL_IF_QUIESCING, MQGMO_CONVERT, MQGMO_LOGICAL_ORDER, MQGMO_COMPLETE_MSG, MQGMO_ALL_MSGS_AVAILABLE, MQGMO_ALL_SEGMENTS_AVAILABLE
73:
MQGMO_NONE, MQGMO_SYNCPOINT, MQGMO_CONVERT
73:
MQGMO_NO_WAIT
&lt;null&gt;
74:
MQGMO_NONE, MQGMO_SYNCPOINT_IF_PERSISTENT
&lt;null&gt;
75:
MQGMO_NONE, MQGMO_WAIT, MQGMO_SYNCPOINT, MQGMO_NO_SYNCPOINT, MQGMO_SET_SIGNAL, MQGMO_BROWSE_FIRST, MQGMO_BROWSE_NEXT, MQGMO_ACCEPT_TRUNCATED_MSG, MQGMO_MARK_SKIP_BACKOUT, MQGMO_MSG_UNDER_CURSOR, MQGMO_LOCK, MQGMO_UNLOCK, MQGMO_BROWSE_MSG_UNDER_CURSOR, MQGMO_SYNCPOINT_IF_PERSISTENT, MQGMO_FAIL_IF_QUIESCING, MQGMO_CONVERT, MQGMO_LOGICAL_ORDER, MQGMO_COMPLETE_MSG, MQGMO_ALL_MSGS_AVAILABLE, MQGMO_ALL_SEGMENTS_AVAILABLE
75:
MQGMO_NONE, MQGMO_SYNCPOINT, MQGMO_BROWSE_FIRST, MQGMO_MSG_UNDER_CURSOR, MQGMO_UNLOCK, MQGMO_BROWSE_MSG_UNDER_CURSOR, MQGMO_ALL_SEGMENTS_AVAILABLE
&lt;null&gt;
76:
MQGMO_NONE, MQGMO_WAIT, MQGMO_SYNCPOINT, MQGMO_SET_SIGNAL, MQGMO_BROWSE_FIRST, MQGMO_BROWSE_NEXT, MQGMO_ACCEPT_TRUNCATED_MSG, MQGMO_MARK_SKIP_BACKOUT, MQGMO_MSG_UNDER_CURSOR, MQGMO_LOCK, MQGMO_UNLOCK, MQGMO_BROWSE_MSG_UNDER_CURSOR, MQGMO_SYNCPOINT_IF_PERSISTENT, MQGMO_FAIL_IF_QUIESCING, MQGMO_CONVERT, MQGMO_LOGICAL_ORDER, MQGMO_COMPLETE_MSG, MQGMO_ALL_MSGS_AVAILABLE, MQGMO_ALL_SEGMENTS_AVAILABLE
76:
MQGMO_NO_WAIT
&lt;null&gt;
77:
MQGMO_NONE, MQGMO_WAIT, MQGMO_SYNCPOINT, MQGMO_NO_SYNCPOINT, MQGMO_SET_SIGNAL, MQGMO_BROWSE_FIRST, MQGMO_BROWSE_NEXT, MQGMO_ACCEPT_TRUNCATED_MSG, MQGMO_MARK_SKIP_BACKOUT, MQGMO_MSG_UNDER_CURSOR, MQGMO_LOCK, MQGMO_UNLOCK, MQGMO_BROWSE_MSG_UNDER_CURSOR, MQGMO_SYNCPOINT_IF_PERSISTENT, MQGMO_FAIL_IF_QUIESCING, MQGMO_CONVERT, MQGMO_LOGICAL_ORDER, MQGMO_COMPLETE_MSG, MQGMO_ALL_MSGS_AVAILABLE, MQGMO_ALL_SEGMENTS_AVAILABLE
77:
MQGMO_NONE, MQGMO_WAIT, MQGMO_SYNCPOINT, MQGMO_NO_SYNCPOINT, MQGMO_SET_SIGNAL, MQGMO_BROWSE_FIRST, MQGMO_BROWSE_NEXT, MQGMO_ACCEPT_TRUNCATED_MSG, MQGMO_MARK_SKIP_BACKOUT, MQGMO_MSG_UNDER_CURSOR, MQGMO_LOCK, MQGMO_UNLOCK, MQGMO_BROWSE_MSG_UNDER_CURSOR, MQGMO_SYNCPOINT_IF_PERSISTENT, MQGMO_FAIL_IF_QUIESCING, MQGMO_CONVERT, MQGMO_LOGICAL_ORDER, MQGMO_COMPLETE_MSG, MQGMO_ALL_MSGS_AVAILABLE, MQGMO_ALL_SEGMENTS_AVAILABLE
77:
MQGMO_NONE, MQGMO_WAIT, MQGMO_SYNCPOINT, MQGMO_NO_SYNCPOINT, MQGMO_BROWSE_FIRST, MQGMO_BROWSE_NEXT, MQGMO_ACCEPT_TRUNCATED_MSG, MQGMO_MARK_SKIP_BACKOUT, MQGMO_MSG_UNDER_CURSOR, MQGMO_LOCK, MQGMO_UNLOCK, MQGMO_BROWSE_MSG_UNDER_CURSOR, MQGMO_SYNCPOINT_IF_PERSISTENT, MQGMO_FAIL_IF_QUIESCING, MQGMO_CONVERT, MQGMO_LOGICAL_ORDER, MQGMO_COMPLETE_MSG, MQGMO_ALL_MSGS_AVAILABLE, MQGMO_ALL_SEGMENTS_AVAILABLE
77:
MQGMO_NONE, MQGMO_WAIT, MQGMO_SYNCPOINT, MQGMO_UNLOCK, MQGMO_BROWSE_MSG_UNDER_CURSOR, MQGMO_SYNCPOINT_IF_PERSISTENT, MQGMO_FAIL_IF_QUIESCING, MQGMO_CONVERT
77:
MQGMO_NONE, MQGMO_ACCEPT_TRUNCATED_MSG, MQGMO_MSG_UNDER_CURSOR, MQGMO_UNLOCK, MQGMO_SYNCPOINT_IF_PERSISTENT, MQGMO_ALL_MSGS_AVAILABLE
&lt;null&gt;
78:
MQGMO_NONE, MQGMO_WAIT, MQGMO_SYNCPOINT, MQGMO_NO_SYNCPOINT, MQGMO_SET_SIGNAL, MQGMO_BROWSE_FIRST, MQGMO_BROWSE_NEXT, MQGMO_ACCEPT_TRUNCATED_MSG, MQGMO_MARK_SKIP_BACKOUT, MQGMO_MSG_UNDER_CURSOR, MQGMO_LOCK, MQGMO_UNLOCK, MQGMO_BROWSE_MSG_UNDER_CURSOR, MQGMO_SYNCPOINT_IF_PERSISTENT, MQGMO_FAIL_IF_QUIESCING, MQGMO_CONVERT, MQGMO_LOGICAL_ORDER, MQGMO_COMPLETE_MSG, MQGMO_ALL_MSGS_AVAILABLE, MQGMO_ALL_SEGMENTS_AVAILABLE
78:
MQGMO_NO_WAIT
&lt;null&gt;
79:
MQGMO_NONE, MQGMO_WAIT, MQGMO_SYNCPOINT, MQGMO_NO_SYNCPOINT, MQGMO_SET_SIGNAL, MQGMO_BROWSE_FIRST, MQGMO_BROWSE_NEXT, MQGMO_ACCEPT_TRUNCATED_MSG, MQGMO_MARK_SKIP_BACKOUT, MQGMO_MSG_UNDER_CURSOR, MQGMO_LOCK, MQGMO_BROWSE_MSG_UNDER_CURSOR, MQGMO_SYNCPOINT_IF_PERSISTENT, MQGMO_FAIL_IF_QUIESCING, MQGMO_CONVERT, MQGMO_LOGICAL_ORDER, MQGMO_COMPLETE_MSG, MQGMO_ALL_MSGS_AVAILABLE, MQGMO_ALL_SEGMENTS_AVAILABLE
79:
MQGMO_NONE, MQGMO_WAIT, MQGMO_SYNCPOINT, MQGMO_NO_SYNCPOINT, MQGMO_SET_SIGNAL, MQGMO_BROWSE_FIRST, MQGMO_ACCEPT_TRUNCATED_MSG, MQGMO_MARK_SKIP_BACKOUT, MQGMO_MSG_UNDER_CURSOR, MQGMO_LOCK, MQGMO_UNLOCK, MQGMO_BROWSE_MSG_UNDER_CURSOR, MQGMO_SYNCPOINT_IF_PERSISTENT, MQGMO_FAIL_IF_QUIESCING, MQGMO_CONVERT, MQGMO_LOGICAL_ORDER, MQGMO_COMPLETE_MSG, MQGMO_ALL_MSGS_AVAILABLE, MQGMO_ALL_SEGMENTS_AVAILABLE
79:
MQGMO_NONE, MQGMO_SET_SIGNAL, MQGMO_BROWSE_FIRST, MQGMO_BROWSE_MSG_UNDER_CURSOR, MQGMO_FAIL_IF_QUIESCING
&lt;null&gt;
80:
MQGMO_NONE, MQGMO_WAIT, MQGMO_SYNCPOINT, MQGMO_NO_SYNCPOINT, MQGMO_SET_SIGNAL, MQGMO_BROWSE_FIRST, MQGMO_BROWSE_NEXT, MQGMO_ACCEPT_TRUNCATED_MSG, MQGMO_MARK_SKIP_BACKOUT, MQGMO_MSG_UNDER_CURSOR, MQGMO_LOCK, MQGMO_UNLOCK, MQGMO_BROWSE_MSG_UNDER_CURSOR, MQGMO_SYNCPOINT_IF_PERSISTENT, MQGMO_FAIL_IF_QUIESCING, MQGMO_CONVERT, MQGMO_LOGICAL_ORDER, MQGMO_COMPLETE_MSG, MQGMO_ALL_MSGS_AVAILABLE, MQGMO_ALL_SEGMENTS_AVAILABLE
80:
MQGMO_NONE, MQGMO_WAIT, MQGMO_SYNCPOINT, MQGMO_NO_SYNCPOINT, MQGMO_SET_SIGNAL, MQGMO_BROWSE_FIRST, MQGMO_BROWSE_NEXT, MQGMO_ACCEPT_TRUNCATED_MSG, MQGMO_MARK_SKIP_BACKOUT, MQGMO_MSG_UNDER_CURSOR, MQGMO_LOCK, MQGMO_UNLOCK, MQGMO_BROWSE_MSG_UNDER_CURSOR, MQGMO_SYNCPOINT_IF_PERSISTENT, MQGMO_FAIL_IF_QUIESCING, MQGMO_CONVERT, MQGMO_LOGICAL_ORDER, MQGMO_COMPLETE_MSG, MQGMO_ALL_MSGS_AVAILABLE, MQGMO_ALL_SEGMENTS_AVAILABLE
80:
MQGMO_NONE, MQGMO_WAIT, MQGMO_SYNCPOINT, MQGMO_ACCEPT_TRUNCATED_MSG, MQGMO_MSG_UNDER_CURSOR, MQGMO_LOCK, MQGMO_UNLOCK, MQGMO_SYNCPOINT_IF_PERSISTENT, MQGMO_FAIL_IF_QUIESCING, MQGMO_ALL_SEGMENTS_AVAILABLE
&lt;null&gt;
81:
MQGMO_NONE, MQGMO_WAIT, MQGMO_SYNCPOINT, MQGMO_ACCEPT_TRUNCATED_MSG, MQGMO_MARK_SKIP_BACKOUT, MQGMO_LOCK, MQGMO_UNLOCK, MQGMO_BROWSE_MSG_UNDER_CURSOR, MQGMO_SYNCPOINT_IF_PERSISTENT, MQGMO_COMPLETE_MSG, MQGMO_ALL_MSGS_AVAILABLE, MQGMO_ALL_SEGMENTS_AVAILABLE
&lt;null&gt;
82:
MQGMO_NONE, MQGMO_SYNCPOINT, MQGMO_NO_SYNCPOINT, MQGMO_SET_SIGNAL, MQGMO_BROWSE_FIRST, MQGMO_BROWSE_NEXT, MQGMO_MSG_UNDER_CURSOR, MQGMO_LOCK, MQGMO_UNLOCK, MQGMO_BROWSE_MSG_UNDER_CURSOR, MQGMO_SYNCPOINT_IF_PERSISTENT, MQGMO_FAIL_IF_QUIESCING, MQGMO_LOGICAL_ORDER, MQGMO_COMPLETE_MSG, MQGMO_ALL_SEGMENTS_AVAILABLE
&lt;null&gt;
83:
MQGMO_NONE, MQGMO_WAIT, MQGMO_SYNCPOINT, MQGMO_NO_SYNCPOINT, MQGMO_SET_SIGNAL, MQGMO_BROWSE_FIRST, MQGMO_BROWSE_NEXT, MQGMO_ACCEPT_TRUNCATED_MSG, MQGMO_MARK_SKIP_BACKOUT, MQGMO_MSG_UNDER_CURSOR, MQGMO_LOCK, MQGMO_UNLOCK, MQGMO_BROWSE_MSG_UNDER_CURSOR, MQGMO_SYNCPOINT_IF_PERSISTENT, MQGMO_FAIL_IF_QUIESCING, MQGMO_CONVERT, MQGMO_LOGICAL_ORDER, MQGMO_COMPLETE_MSG, MQGMO_ALL_MSGS_AVAILABLE, MQGMO_ALL_SEGMENTS_AVAILABLE
83:
MQGMO_NONE, MQGMO_WAIT, MQGMO_SYNCPOINT, MQGMO_NO_SYNCPOINT, MQGMO_SET_SIGNAL, MQGMO_BROWSE_FIRST, MQGMO_BROWSE_NEXT, MQGMO_ACCEPT_TRUNCATED_MSG, MQGMO_MARK_SKIP_BACKOUT, MQGMO_MSG_UNDER_CURSOR, MQGMO_LOCK, MQGMO_UNLOCK, MQGMO_BROWSE_MSG_UNDER_CURSOR, MQGMO_SYNCPOINT_IF_PERSISTENT, MQGMO_FAIL_IF_QUIESCING, MQGMO_CONVERT, MQGMO_LOGICAL_ORDER, MQGMO_COMPLETE_MSG, MQGMO_ALL_MSGS_AVAILABLE, MQGMO_ALL_SEGMENTS_AVAILABLE
83:
MQGMO_NONE, MQGMO_WAIT, MQGMO_SYNCPOINT, MQGMO_NO_SYNCPOINT, MQGMO_SET_SIGNAL, MQGMO_BROWSE_FIRST, MQGMO_BROWSE_NEXT, MQGMO_ACCEPT_TRUNCATED_MSG, MQGMO_MARK_SKIP_BACKOUT, MQGMO_MSG_UNDER_CURSOR, MQGMO_LOCK, MQGMO_BROWSE_MSG_UNDER_CURSOR, MQGMO_SYNCPOINT_IF_PERSISTENT, MQGMO_FAIL_IF_QUIESCING, MQGMO_CONVERT, MQGMO_LOGICAL_ORDER, MQGMO_COMPLETE_MSG, MQGMO_ALL_MSGS_AVAILABLE, MQGMO_ALL_SEGMENTS_AVAILABLE
83:
MQGMO_NONE, MQGMO_UNLOCK, MQGMO_COMPLETE_MSG
&lt;null&gt;
84:
MQGMO_NONE, MQGMO_SYNCPOINT, MQGMO_MSG_UNDER_CURSOR, MQGMO_BROWSE_MSG_UNDER_CURSOR
&lt;null&gt;
85:
MQGMO_NONE, MQGMO_MARK_SKIP_BACKOUT, MQGMO_ALL_SEGMENTS_AVAILABLE
&lt;null&gt;
86:
MQGMO_NONE, MQGMO_WAIT, MQGMO_SYNCPOINT, MQGMO_NO_SYNCPOINT, MQGMO_SET_SIGNAL, MQGMO_BROWSE_FIRST, MQGMO_BROWSE_NEXT, MQGMO_ACCEPT_TRUNCATED_MSG, MQGMO_MARK_SKIP_BACKOUT, MQGMO_MSG_UNDER_CURSOR, MQGMO_LOCK, MQGMO_UNLOCK, MQGMO_BROWSE_MSG_UNDER_CURSOR, MQGMO_SYNCPOINT_IF_PERSISTENT, MQGMO_FAIL_IF_QUIESCING, MQGMO_CONVERT, MQGMO_LOGICAL_ORDER, MQGMO_COMPLETE_MSG, MQGMO_ALL_MSGS_AVAILABLE, MQGMO_ALL_SEGMENTS_AVAILABLE
86:
MQGMO_NONE, MQGMO_WAIT, MQGMO_NO_SYNCPOINT, MQGMO_SET_SIGNAL, MQGMO_BROWSE_FIRST, MQGMO_BROWSE_NEXT, MQGMO_ACCEPT_TRUNCATED_MSG, MQGMO_MARK_SKIP_BACKOUT, MQGMO_LOCK, MQGMO_UNLOCK, MQGMO_BROWSE_MSG_UNDER_CURSOR, MQGMO_SYNCPOINT_IF_PERSISTENT, MQGMO_FAIL_IF_QUIESCING, MQGMO_COMPLETE_MSG, MQGMO_ALL_MSGS_AVAILABLE, MQGMO_ALL_SEGMENTS_AVAILABLE
&lt;null&gt;
87:
MQGMO_NONE, MQGMO_SYNCPOINT, MQGMO_SET_SIGNAL, MQGMO_BROWSE_NEXT, MQGMO_ACCEPT_TRUNCATED_MSG, MQGMO_MSG_UNDER_CURSOR, MQGMO_UNLOCK, MQGMO_SYNCPOINT_IF_PERSISTENT, MQGMO_FAIL_IF_QUIESCING, MQGMO_CONVERT, MQGMO_LOGICAL_ORDER
87:
MQGMO_NO_WAIT
&lt;null&gt;
88:
MQGMO_NONE, MQGMO_WAIT, MQGMO_SYNCPOINT, MQGMO_NO_SYNCPOINT, MQGMO_SET_SIGNAL, MQGMO_BROWSE_FIRST, MQGMO_BROWSE_NEXT, MQGMO_ACCEPT_TRUNCATED_MSG, MQGMO_MARK_SKIP_BACKOUT, MQGMO_MSG_UNDER_CURSOR, MQGMO_LOCK, MQGMO_UNLOCK, MQGMO_BROWSE_MSG_UNDER_CURSOR, MQGMO_SYNCPOINT_IF_PERSISTENT, MQGMO_FAIL_IF_QUIESCING, MQGMO_CONVERT, MQGMO_LOGICAL_ORDER, MQGMO_COMPLETE_MSG, MQGMO_ALL_MSGS_AVAILABLE, MQGMO_ALL_SEGMENTS_AVAILABLE
88:
MQGMO_NONE, MQGMO_WAIT, MQGMO_SYNCPOINT, MQGMO_NO_SYNCPOINT, MQGMO_SET_SIGNAL, MQGMO_BROWSE_FIRST, MQGMO_BROWSE_NEXT, MQGMO_ACCEPT_TRUNCATED_MSG, MQGMO_MARK_SKIP_BACKOUT, MQGMO_MSG_UNDER_CURSOR, MQGMO_LOCK, MQGMO_UNLOCK, MQGMO_BROWSE_MSG_UNDER_CURSOR, MQGMO_SYNCPOINT_IF_PERSISTENT, MQGMO_FAIL_IF_QUIESCING, MQGMO_CONVERT, MQGMO_LOGICAL_ORDER, MQGMO_COMPLETE_MSG, MQGMO_ALL_MSGS_AVAILABLE, MQGMO_ALL_SEGMENTS_AVAILABLE
88:
MQGMO_NONE, MQGMO_WAIT, MQGMO_SYNCPOINT, MQGMO_NO_SYNCPOINT, MQGMO_SET_SIGNAL, MQGMO_BROWSE_FIRST, MQGMO_BROWSE_NEXT, MQGMO_ACCEPT_TRUNCATED_MSG, MQGMO_MARK_SKIP_BACKOUT, MQGMO_MSG_UNDER_CURSOR, MQGMO_LOCK, MQGMO_UNLOCK, MQGMO_BROWSE_MSG_UNDER_CURSOR, MQGMO_SYNCPOINT_IF_PERSISTENT, MQGMO_FAIL_IF_QUIESCING, MQGMO_CONVERT, MQGMO_LOGICAL_ORDER, MQGMO_COMPLETE_MSG, MQGMO_ALL_MSGS_AVAILABLE
88:
MQGMO_NONE, MQGMO_MSG_UNDER_CURSOR, MQGMO_UNLOCK, MQGMO_ALL_SEGMENTS_AVAILABLE
&lt;null&gt;
89:
MQGMO_NONE, MQGMO_NO_SYNCPOINT, MQGMO_BROWSE_FIRST, MQGMO_BROWSE_NEXT, MQGMO_MARK_SKIP_BACKOUT, MQGMO_SYNCPOINT_IF_PERSISTENT, MQGMO_LOGICAL_ORDER, MQGMO_ALL_MSGS_AVAILABLE
&lt;null&gt;
90:
MQGMO_NONE, MQGMO_WAIT, MQGMO_SYNCPOINT, MQGMO_NO_SYNCPOINT, MQGMO_SET_SIGNAL, MQGMO_BROWSE_FIRST, MQGMO_BROWSE_NEXT, MQGMO_ACCEPT_TRUNCATED_MSG, MQGMO_MARK_SKIP_BACKOUT, MQGMO_BROWSE_MSG_UNDER_CURSOR, MQGMO_SYNCPOINT_IF_PERSISTENT, MQGMO_FAIL_IF_QUIESCING, MQGMO_CONVERT, MQGMO_LOGICAL_ORDER, MQGMO_COMPLETE_MSG, MQGMO_ALL_MSGS_AVAILABLE, MQGMO_ALL_SEGMENTS_AVAILABLE
90:
MQGMO_NONE, MQGMO_WAIT, MQGMO_SYNCPOINT, MQGMO_NO_SYNCPOINT, MQGMO_SET_SIGNAL, MQGMO_BROWSE_FIRST, MQGMO_BROWSE_NEXT, MQGMO_ACCEPT_TRUNCATED_MSG, MQGMO_MARK_SKIP_BACKOUT, MQGMO_MSG_UNDER_CURSOR, MQGMO_LOCK, MQGMO_UNLOCK, MQGMO_BROWSE_MSG_UNDER_CURSOR, MQGMO_SYNCPOINT_IF_PERSISTENT, MQGMO_FAIL_IF_QUIESCING, MQGMO_CONVERT, MQGMO_LOGICAL_ORDER, MQGMO_COMPLETE_MSG, MQGMO_ALL_MSGS_AVAILABLE, MQGMO_ALL_SEGMENTS_AVAILABLE
90:
MQGMO_NONE, MQGMO_WAIT, MQGMO_SYNCPOINT, MQGMO_NO_SYNCPOINT, MQGMO_SET_SIGNAL, MQGMO_BROWSE_FIRST, MQGMO_BROWSE_NEXT, MQGMO_ACCEPT_TRUNCATED_MSG, MQGMO_MARK_SKIP_BACKOUT, MQGMO_MSG_UNDER_CURSOR, MQGMO_LOCK, MQGMO_UNLOCK, MQGMO_BROWSE_MSG_UNDER_CURSOR, MQGMO_SYNCPOINT_IF_PERSISTENT, MQGMO_FAIL_IF_QUIESCING, MQGMO_CONVERT, MQGMO_LOGICAL_ORDER, MQGMO_COMPLETE_MSG, MQGMO_ALL_MSGS_AVAILABLE, MQGMO_ALL_SEGMENTS_AVAILABLE
90:
MQGMO_NONE, MQGMO_WAIT, MQGMO_SYNCPOINT, MQGMO_NO_SYNCPOINT, MQGMO_SET_SIGNAL, MQGMO_BROWSE_FIRST, MQGMO_BROWSE_NEXT, MQGMO_ACCEPT_TRUNCATED_MSG, MQGMO_MARK_SKIP_BACKOUT, MQGMO_MSG_UNDER_CURSOR, MQGMO_LOCK, MQGMO_UNLOCK, MQGMO_BROWSE_MSG_UNDER_CURSOR, MQGMO_SYNCPOINT_IF_PERSISTENT, MQGMO_FAIL_IF_QUIESCING, MQGMO_CONVERT, MQGMO_LOGICAL_ORDER, MQGMO_COMPLETE_MSG, MQGMO_ALL_MSGS_AVAILABLE, MQGMO_ALL_SEGMENTS_AVAILABLE
90:
MQGMO_NONE, MQGMO_WAIT, MQGMO_SYNCPOINT, MQGMO_NO_SYNCPOINT, MQGMO_BROWSE_FIRST, MQGMO_ACCEPT_TRUNCATED_MSG, MQGMO_MARK_SKIP_BACKOUT, MQGMO_MSG_UNDER_CURSOR, MQGMO_LOCK, MQGMO_UNLOCK, MQGMO_BROWSE_MSG_UNDER_CURSOR, MQGMO_COMPLETE_MSG, MQGMO_ALL_MSGS_AVAILABLE, MQGMO_ALL_SEGMENTS_AVAILABLE
&lt;null&gt;
91:
MQGMO_NONE, MQGMO_WAIT, MQGMO_MSG_UNDER_CURSOR, MQGMO_LOCK, MQGMO_UNLOCK, MQGMO_BROWSE_MSG_UNDER_CURSOR, MQGMO_SYNCPOINT_IF_PERSISTENT, MQGMO_FAIL_IF_QUIESCING, MQGMO_ALL_SEGMENTS_AVAILABLE
&lt;null&gt;
92:
MQGMO_NONE, MQGMO_SYNCPOINT, MQGMO_NO_SYNCPOINT, MQGMO_SET_SIGNAL, MQGMO_BROWSE_FIRST, MQGMO_FAIL_IF_QUIESCING, MQGMO_LOGICAL_ORDER, MQGMO_COMPLETE_MSG
&lt;null&gt;
93:
MQGMO_NONE, MQGMO_WAIT, MQGMO_SYNCPOINT, MQGMO_NO_SYNCPOINT, MQGMO_SET_SIGNAL, MQGMO_BROWSE_FIRST, MQGMO_BROWSE_NEXT, MQGMO_ACCEPT_TRUNCATED_MSG, MQGMO_MARK_SKIP_BACKOUT, MQGMO_MSG_UNDER_CURSOR, MQGMO_LOCK, MQGMO_UNLOCK, MQGMO_BROWSE_MSG_UNDER_CURSOR, MQGMO_SYNCPOINT_IF_PERSISTENT, MQGMO_FAIL_IF_QUIESCING, MQGMO_CONVERT, MQGMO_LOGICAL_ORDER, MQGMO_COMPLETE_MSG, MQGMO_ALL_SEGMENTS_AVAILABLE
93:
MQGMO_NONE, MQGMO_WAIT, MQGMO_SYNCPOINT, MQGMO_NO_SYNCPOINT, MQGMO_SET_SIGNAL, MQGMO_BROWSE_FIRST, MQGMO_BROWSE_NEXT, MQGMO_ACCEPT_TRUNCATED_MSG, MQGMO_MARK_SKIP_BACKOUT, MQGMO_MSG_UNDER_CURSOR, MQGMO_LOCK, MQGMO_UNLOCK, MQGMO_BROWSE_MSG_UNDER_CURSOR, MQGMO_SYNCPOINT_IF_PERSISTENT, MQGMO_FAIL_IF_QUIESCING, MQGMO_CONVERT, MQGMO_LOGICAL_ORDER, MQGMO_COMPLETE_MSG, MQGMO_ALL_MSGS_AVAILABLE, MQGMO_ALL_SEGMENTS_AVAILABLE
93:
MQGMO_NONE, MQGMO_SYNCPOINT_IF_PERSISTENT
&lt;null&gt;
94:
MQGMO_NONE, MQGMO_WAIT, MQGMO_SYNCPOINT, MQGMO_NO_SYNCPOINT, MQGMO_SET_SIGNAL, MQGMO_BROWSE_FIRST, MQGMO_BROWSE_NEXT, MQGMO_ACCEPT_TRUNCATED_MSG, MQGMO_MARK_SKIP_BACKOUT, MQGMO_MSG_UNDER_CURSOR, MQGMO_LOCK, MQGMO_UNLOCK, MQGMO_BROWSE_MSG_UNDER_CURSOR, MQGMO_SYNCPOINT_IF_PERSISTENT, MQGMO_FAIL_IF_QUIESCING, MQGMO_CONVERT, MQGMO_LOGICAL_ORDER, MQGMO_COMPLETE_MSG, MQGMO_ALL_MSGS_AVAILABLE, MQGMO_ALL_SEGMENTS_AVAILABLE
94:
MQGMO_NONE, MQGMO_WAIT, MQGMO_SYNCPOINT, MQGMO_NO_SYNCPOINT, MQGMO_SET_SIGNAL, MQGMO_BROWSE_FIRST, MQGMO_BROWSE_NEXT, MQGMO_ACCEPT_TRUNCATED_MSG, MQGMO_MARK_SKIP_BACKOUT, MQGMO_MSG_UNDER_CURSOR, MQGMO_LOCK, MQGMO_UNLOCK, MQGMO_BROWSE_MSG_UNDER_CURSOR, MQGMO_SYNCPOINT_IF_PERSISTENT, MQGMO_FAIL_IF_QUIESCING, MQGMO_CONVERT, MQGMO_LOGICAL_ORDER, MQGMO_COMPLETE_MSG, MQGMO_ALL_MSGS_AVAILABLE, MQGMO_ALL_SEGMENTS_AVAILABLE
94:
MQGMO_NONE, MQGMO_WAIT, MQGMO_SYNCPOINT, MQGMO_NO_SYNCPOINT, MQGMO_SET_SIGNAL, MQGMO_BROWSE_FIRST, MQGMO_BROWSE_NEXT, MQGMO_ACCEPT_TRUNCATED_MSG, MQGMO_MARK_SKIP_BACKOUT, MQGMO_MSG_UNDER_CURSOR, MQGMO_LOCK, MQGMO_UNLOCK, MQGMO_BROWSE_MSG_UNDER_CURSOR, MQGMO_SYNCPOINT_IF_PERSISTENT, MQGMO_FAIL_IF_QUIESCING, MQGMO_CONVERT, MQGMO_LOGICAL_ORDER, MQGMO_COMPLETE_MSG, MQGMO_ALL_MSGS_AVAILABLE, MQGMO_ALL_SEGMENTS_AVAILABLE
94:
MQGMO_NONE, MQGMO_BROWSE_FIRST, MQGMO_BROWSE_NEXT, MQGMO_MARK_SKIP_BACKOUT, MQGMO_LOGICAL_ORDER, MQGMO_COMPLETE_MSG, MQGMO_ALL_SEGMENTS_AVAILABLE
&lt;null&gt;
95:
MQGMO_NONE, MQGMO_NO_SYNCPOINT, MQGMO_SET_SIGNAL, MQGMO_ACCEPT_TRUNCATED_MSG, MQGMO_FAIL_IF_QUIESCING, MQGMO_COMPLETE_MSG
&lt;null&gt;
96:
MQGMO_NONE, MQGMO_WAIT, MQGMO_SYNCPOINT, MQGMO_NO_SYNCPOINT, MQGMO_SET_SIGNAL, MQGMO_BROWSE_FIRST, MQGMO_BROWSE_NEXT, MQGMO_MARK_SKIP_BACKOUT, MQGMO_UNLOCK, MQGMO_BROWSE_MSG_UNDER_CURSOR, MQGMO_SYNCPOINT_IF_PERSISTENT, MQGMO_FAIL_IF_QUIESCING, MQGMO_LOGICAL_ORDER, MQGMO_ALL_MSGS_AVAILABLE, MQGMO_ALL_SEGMENTS_AVAILABLE
&lt;null&gt;
97:
MQGMO_NONE, MQGMO_SET_SIGNAL, MQGMO_BROWSE_FIRST, MQGMO_BROWSE_NEXT, MQGMO_ACCEPT_TRUNCATED_MSG, MQGMO_MARK_SKIP_BACKOUT, MQGMO_MSG_UNDER_CURSOR, MQGMO_FAIL_IF_QUIESCING, MQGMO_CONVERT, MQGMO_LOGICAL_ORDER, MQGMO_COMPLETE_MSG, MQGMO_ALL_MSGS_AVAILABLE
97:
MQGMO_NONE, MQGMO_WAIT, MQGMO_SYNCPOINT, MQGMO_NO_SYNCPOINT, MQGMO_SET_SIGNAL, MQGMO_BROWSE_FIRST, MQGMO_BROWSE_NEXT, MQGMO_ACCEPT_TRUNCATED_MSG, MQGMO_MARK_SKIP_BACKOUT, MQGMO_MSG_UNDER_CURSOR, MQGMO_LOCK, MQGMO_UNLOCK, MQGMO_BROWSE_MSG_UNDER_CURSOR, MQGMO_SYNCPOINT_IF_PERSISTENT, MQGMO_FAIL_IF_QUIESCING, MQGMO_CONVERT, MQGMO_LOGICAL_ORDER, MQGMO_COMPLETE_MSG, MQGMO_ALL_MSGS_AVAILABLE, MQGMO_ALL_SEGMENTS_AVAILABLE
97:
MQGMO_NONE, MQGMO_WAIT, MQGMO_SYNCPOINT, MQGMO_NO_SYNCPOINT, MQGMO_SET_SIGNAL, MQGMO_BROWSE_FIRST, MQGMO_BROWSE_NEXT, MQGMO_ACCEPT_TRUNCATED_MSG, MQGMO_MARK_SKIP_BACKOUT, MQGMO_MSG_UNDER_CURSOR, MQGMO_LOCK, MQGMO_UNLOCK, MQGMO_BROWSE_MSG_UNDER_CURSOR, MQGMO_SYNCPOINT_IF_PERSISTENT, MQGMO_FAIL_IF_QUIESCING, MQGMO_CONVERT, MQGMO_LOGICAL_ORDER, MQGMO_COMPLETE_MSG, MQGMO_ALL_MSGS_AVAILABLE, MQGMO_ALL_SEGMENTS_AVAILABLE
97:
MQGMO_NONE, MQGMO_WAIT, MQGMO_SYNCPOINT, MQGMO_BROWSE_FIRST, MQGMO_ACCEPT_TRUNCATED_MSG, MQGMO_MSG_UNDER_CURSOR, MQGMO_LOCK, MQGMO_UNLOCK
&lt;null&gt;
98:
MQGMO_NONE, MQGMO_WAIT, MQGMO_SYNCPOINT, MQGMO_NO_SYNCPOINT, MQGMO_SET_SIGNAL, MQGMO_BROWSE_FIRST, MQGMO_BROWSE_NEXT, MQGMO_ACCEPT_TRUNCATED_MSG, MQGMO_MARK_SKIP_BACKOUT, MQGMO_MSG_UNDER_CURSOR, MQGMO_LOCK, MQGMO_UNLOCK, MQGMO_BROWSE_MSG_UNDER_CURSOR, MQGMO_SYNCPOINT_IF_PERSISTENT, MQGMO_FAIL_IF_QUIESCING, MQGMO_CONVERT, MQGMO_LOGICAL_ORDER, MQGMO_COMPLETE_MSG, MQGMO_ALL_MSGS_AVAILABLE, MQGMO_ALL_SEGMENTS_AVAILABLE
98:
MQGMO_NONE, MQGMO_WAIT, MQGMO_SYNCPOINT, MQGMO_NO_SYNCPOINT, MQGMO_SET_SIGNAL, MQGMO_BROWSE_FIRST, MQGMO_BROWSE_NEXT, MQGMO_ACCEPT_TRUNCATED_MSG, MQGMO_MARK_SKIP_BACKOUT, MQGMO_MSG_UNDER_CURSOR, MQGMO_LOCK, MQGMO_UNLOCK, MQGMO_BROWSE_MSG_UNDER_CURSOR, MQGMO_SYNCPOINT_IF_PERSISTENT, MQGMO_FAIL_IF_QUIESCING, MQGMO_CONVERT, MQGMO_LOGICAL_ORDER, MQGMO_COMPLETE_MSG, MQGMO_ALL_MSGS_AVAILABLE, MQGMO_ALL_SEGMENTS_AVAILABLE
98:
MQGMO_NONE, MQGMO_WAIT, MQGMO_SYNCPOINT, MQGMO_NO_SYNCPOINT, MQGMO_SET_SIGNAL, MQGMO_BROWSE_FIRST, MQGMO_BROWSE_NEXT, MQGMO_ACCEPT_TRUNCATED_MSG, MQGMO_MARK_SKIP_BACKOUT, MQGMO_MSG_UNDER_CURSOR, MQGMO_LOCK, MQGMO_UNLOCK, MQGMO_BROWSE_MSG_UNDER_CURSOR, MQGMO_SYNCPOINT_IF_PERSISTENT, MQGMO_FAIL_IF_QUIESCING, MQGMO_CONVERT, MQGMO_LOGICAL_ORDER, MQGMO_COMPLETE_MSG, MQGMO_ALL_MSGS_AVAILABLE, MQGMO_ALL_SEGMENTS_AVAILABLE
98:
MQGMO_NONE, MQGMO_WAIT, MQGMO_SYNCPOINT, MQGMO_NO_SYNCPOINT, MQGMO_SET_SIGNAL, MQGMO_BROWSE_FIRST, MQGMO_BROWSE_NEXT, MQGMO_MARK_SKIP_BACKOUT, MQGMO_MSG_UNDER_CURSOR, MQGMO_UNLOCK, MQGMO_BROWSE_MSG_UNDER_CURSOR, MQGMO_SYNCPOINT_IF_PERSISTENT, MQGMO_FAIL_IF_QUIESCING, MQGMO_CONVERT, MQGMO_LOGICAL_ORDER, MQGMO_COMPLETE_MSG, MQGMO_ALL_MSGS_AVAILABLE, MQGMO_ALL_SEGMENTS_AVAILABLE
98:
MQGMO_NONE, MQGMO_WAIT, MQGMO_SYNCPOINT, MQGMO_NO_SYNCPOINT, MQGMO_SET_SIGNAL, MQGMO_BROWSE_FIRST, MQGMO_BROWSE_NEXT, MQGMO_ACCEPT_TRUNCATED_MSG, MQGMO_MARK_SKIP_BACKOUT, MQGMO_MSG_UNDER_CURSOR, MQGMO_LOCK, MQGMO_UNLOCK, MQGMO_BROWSE_MSG_UNDER_CURSOR, MQGMO_SYNCPOINT_IF_PERSISTENT, MQGMO_FAIL_IF_QUIESCING, MQGMO_CONVERT, MQGMO_LOGICAL_ORDER, MQGMO_COMPLETE_MSG, MQGMO_ALL_MSGS_AVAILABLE, MQGMO_ALL_SEGMENTS_AVAILABLE
98:
MQGMO_NONE, MQGMO_WAIT, MQGMO_SYNCPOINT, MQGMO_NO_SYNCPOINT, MQGMO_SET_SIGNAL, MQGMO_BROWSE_FIRST, MQGMO_BROWSE_NEXT, MQGMO_ACCEPT_TRUNCATED_MSG, MQGMO_MARK_SKIP_BACKOUT, MQGMO_MSG_UNDER_CURSOR, MQGMO_LOCK, MQGMO_UNLOCK, MQGMO_BROWSE_MSG_UNDER_CURSOR, MQGMO_SYNCPOINT_IF_PERSISTENT, MQGMO_FAIL_IF_QUIESCING, MQGMO_CONVERT, MQGMO_LOGICAL_ORDER, MQGMO_COMPLETE_MSG, MQGMO_ALL_MSGS_AVAILABLE, MQGMO_ALL_SEGMENTS_AVAILABLE
98:
MQGMO_NONE, MQGMO_WAIT, MQGMO_SYNCPOINT, MQGMO_NO_SYNCPOINT, MQGMO_SET_SIGNAL, MQGMO_BROWSE_FIRST, MQGMO_BROWSE_NEXT, MQGMO_ACCEPT_TRUNCATED_MSG, MQGMO_MARK_SKIP_BACKOUT, MQGMO_MSG_UNDER_CURSOR, MQGMO_LOCK, MQGMO_UNLOCK, MQGMO_BROWSE_MSG_UNDER_CURSOR, MQGMO_SYNCPOINT_IF_PERSISTENT, MQGMO_FAIL_IF_QUIESCING, MQGMO_CONVERT, MQGMO_LOGICAL_ORDER, MQGMO_COMPLETE_MSG, MQGMO_ALL_MSGS_AVAILABLE, MQGMO_ALL_SEGMENTS_AVAILABLE
98:
MQGMO_NO_WAIT
&lt;null&gt;
99:
MQGMO_NONE, MQGMO_WAIT, MQGMO_SYNCPOINT, MQGMO_NO_SYNCPOINT, MQGMO_SET_SIGNAL, MQGMO_BROWSE_FIRST, MQGMO_BROWSE_NEXT, MQGMO_ACCEPT_TRUNCATED_MSG, MQGMO_MARK_SKIP_BACKOUT, MQGMO_MSG_UNDER_CURSOR, MQGMO_LOCK, MQGMO_UNLOCK, MQGMO_BROWSE_MSG_UNDER_CURSOR, MQGMO_SYNCPOINT_IF_PERSISTENT, MQGMO_FAIL_IF_QUIESCING, MQGMO_CONVERT, MQGMO_LOGICAL_ORDER, MQGMO_COMPLETE_MSG, MQGMO_ALL_MSGS_AVAILABLE, MQGMO_ALL_SEGMENTS_AVAILABLE
99:
MQGMO_NONE, MQGMO_WAIT, MQGMO_SYNCPOINT, MQGMO_NO_SYNCPOINT, MQGMO_SET_SIGNAL, MQGMO_BROWSE_FIRST, MQGMO_BROWSE_NEXT, MQGMO_ACCEPT_TRUNCATED_MSG, MQGMO_MARK_SKIP_BACKOUT, MQGMO_MSG_UNDER_CURSOR, MQGMO_LOCK, MQGMO_UNLOCK, MQGMO_BROWSE_MSG_UNDER_CURSOR, MQGMO_SYNCPOINT_IF_PERSISTENT, MQGMO_FAIL_IF_QUIESCING, MQGMO_CONVERT, MQGMO_LOGICAL_ORDER, MQGMO_COMPLETE_MSG, MQGMO_ALL_MSGS_AVAILABLE, MQGMO_ALL_SEGMENTS_AVAILABLE
99:
MQGMO_NONE, MQGMO_WAIT, MQGMO_SYNCPOINT, MQGMO_NO_SYNCPOINT, MQGMO_SET_SIGNAL, MQGMO_BROWSE_FIRST, MQGMO_ACCEPT_TRUNCATED_MSG, MQGMO_MARK_SKIP_BACKOUT, MQGMO_MSG_UNDER_CURSOR, MQGMO_LOCK, MQGMO_UNLOCK, MQGMO_BROWSE_MSG_UNDER_CURSOR, MQGMO_SYNCPOINT_IF_PERSISTENT, MQGMO_FAIL_IF_QUIESCING, MQGMO_CONVERT, MQGMO_LOGICAL_ORDER, MQGMO_COMPLETE_MSG, MQGMO_ALL_MSGS_AVAILABLE, MQGMO_ALL_SEGMENTS_AVAILABLE
99:
MQGMO_NONE, MQGMO_BROWSE_NEXT, MQGMO_UNLOCK, MQGMO_FAIL_IF_QUIESCING
&lt;null&gt;
Ok, passed 100 tests.



Debug Trace:
0 : 0
308 : 308
8706 : 8706
2 : 2
65600 : 65600
262148 : 262148
0 : 0
0 : 0
9216 : 9216
0 : 0
0 : 0
37021 : 37021
263712 : 263712
2048 : 2048
0 : 0
4096 : 4096
4096 : 4096
16 : 16
0 : 0
514 : 514
2146 : 2146
501697 : 501697
393376 : 393376
294992 : 294992
492272 : 492272
16 : 16
256 : 256
277016 : 277016
504574 : 504574
262145 : 262145
462622 : 462622
399897 : 399897
507471 : 507471
0 : 0
272008 : 272008
4100 : 4100
494329 : 494329
466909 : 466909
1042 : 1042
128 : 128
65600 : 65600
463104 : 463104
262 : 262
17 : 17
4 : 4
641 : 641
400018 : 400018
0 : 0
197636 : 197636
507879 : 507879
40711 : 40711
128 : 128
2048 : 2048
462725 : 462725
241892 : 241892
361376 : 361376
0 : 0
430031 : 430031
262792 : 262792
0 : 0
65600 : 65600
504560 : 504560
256 : 256
67584 : 67584
408551 : 408551
64 : 64
397253 : 397253
96 : 96
14087 : 14087
0 : 0
462305 : 462305
130 : 130
185 : 185
0 : 0
4096 : 4096
265490 : 265490
0 : 0
136512 : 136512
0 : 0
10264 : 10264
276291 : 276291
466627 : 466627
376638 : 376638
66560 : 66560
2306 : 2306
262272 : 262272
474877 : 474877
0 : 0
263424 : 263424
168116 : 168116
462807 : 462807
278273 : 278273
106526 : 106526
4096 : 4096
360624 : 360624
73804 : 73804
441535 : 441535
1875 : 1875
0 : 0
9248 : 9248</StdOut>
      </Output>
    </UnitTestResult>
    <UnitTestResult executionId="70474586-7094-48fc-bfd9-2f5ee4cd419c" testId="66c3bcd8-e034-2b9c-9fd9-8dfd9cb91c00" testName="WaitInterval_SetWithZeroAndOptionsHaveWait_WaitIsRemoved" computerName="ICSWS068" duration="00:00:00.0400365" startTime="2016-08-04T09:57:40.5257144+02:00" endTime="2016-08-04T09:57:40.5672488+02:00" testType="13cdc9d9-ddb5-4fa4-a97d-d965ccfc6d4b" outcome="Passed" testListId="8c84fa94-04c1-424b-9868-57a2d4851a1d" relativeResultsDirectory="70474586-7094-48fc-bfd9-2f5ee4cd419c">
      <Output>
        <StdOut>0:
MQGMO_NO_WAIT
0:
MQGMO_NO_WAIT
0:
MQGMO_NONE, MQGMO_BROWSE_FIRST
0:
MQGMO_NO_WAIT
0:
MQGMO_NO_WAIT
0:
MQGMO_NO_WAIT
0:
MQGMO_NONE, MQGMO_UNLOCK
0:
MQGMO_NO_WAIT
0:
MQGMO_NO_WAIT
0:
MQGMO_NONE, MQGMO_COMPLETE_MSG
0:
MQGMO_NONE, MQGMO_MSG_UNDER_CURSOR, MQGMO_SYNCPOINT_IF_PERSISTENT
0:
MQGMO_NONE, MQGMO_NO_SYNCPOINT, MQGMO_FAIL_IF_QUIESCING
0:
MQGMO_NONE, MQGMO_BROWSE_FIRST, MQGMO_LOCK, MQGMO_UNLOCK, MQGMO_COMPLETE_MSG, MQGMO_ALL_MSGS_AVAILABLE
0:
MQGMO_NONE, MQGMO_SYNCPOINT, MQGMO_BROWSE_MSG_UNDER_CURSOR, MQGMO_SYNCPOINT_IF_PERSISTENT
0:
MQGMO_NONE, MQGMO_WAIT, MQGMO_NO_SYNCPOINT, MQGMO_SET_SIGNAL, MQGMO_LOCK, MQGMO_UNLOCK, MQGMO_BROWSE_MSG_UNDER_CURSOR, MQGMO_SYNCPOINT_IF_PERSISTENT, MQGMO_FAIL_IF_QUIESCING
&lt;null&gt;
1:
MQGMO_NONE, MQGMO_BROWSE_FIRST, MQGMO_CONVERT
1:
MQGMO_NONE, MQGMO_SYNCPOINT, MQGMO_SET_SIGNAL, MQGMO_BROWSE_FIRST, MQGMO_BROWSE_NEXT, MQGMO_MARK_SKIP_BACKOUT, MQGMO_UNLOCK, MQGMO_BROWSE_MSG_UNDER_CURSOR, MQGMO_FAIL_IF_QUIESCING, MQGMO_CONVERT, MQGMO_LOGICAL_ORDER, MQGMO_COMPLETE_MSG
1:
MQGMO_NONE, MQGMO_WAIT, MQGMO_SYNCPOINT, MQGMO_SET_SIGNAL, MQGMO_LOCK, MQGMO_UNLOCK, MQGMO_BROWSE_MSG_UNDER_CURSOR, MQGMO_SYNCPOINT_IF_PERSISTENT, MQGMO_FAIL_IF_QUIESCING, MQGMO_CONVERT, MQGMO_COMPLETE_MSG, MQGMO_ALL_SEGMENTS_AVAILABLE
&lt;null&gt;
2:
MQGMO_NONE, MQGMO_WAIT, MQGMO_NO_SYNCPOINT, MQGMO_ACCEPT_TRUNCATED_MSG, MQGMO_MARK_SKIP_BACKOUT, MQGMO_MSG_UNDER_CURSOR, MQGMO_LOCK, MQGMO_CONVERT, MQGMO_LOGICAL_ORDER
&lt;null&gt;
3:
MQGMO_NONE, MQGMO_WAIT, MQGMO_SET_SIGNAL, MQGMO_BROWSE_FIRST, MQGMO_ACCEPT_TRUNCATED_MSG, MQGMO_MARK_SKIP_BACKOUT, MQGMO_CONVERT, MQGMO_COMPLETE_MSG, MQGMO_ALL_MSGS_AVAILABLE, MQGMO_ALL_SEGMENTS_AVAILABLE
&lt;null&gt;
4:
MQGMO_NONE, MQGMO_ACCEPT_TRUNCATED_MSG, MQGMO_MARK_SKIP_BACKOUT, MQGMO_LOCK, MQGMO_ALL_MSGS_AVAILABLE, MQGMO_ALL_SEGMENTS_AVAILABLE
4:
MQGMO_NONE, MQGMO_WAIT, MQGMO_SYNCPOINT, MQGMO_NO_SYNCPOINT, MQGMO_SET_SIGNAL, MQGMO_ACCEPT_TRUNCATED_MSG, MQGMO_MARK_SKIP_BACKOUT, MQGMO_MSG_UNDER_CURSOR, MQGMO_LOCK, MQGMO_UNLOCK, MQGMO_BROWSE_MSG_UNDER_CURSOR, MQGMO_SYNCPOINT_IF_PERSISTENT, MQGMO_ALL_SEGMENTS_AVAILABLE
&lt;null&gt;
5:
MQGMO_NONE, MQGMO_BROWSE_NEXT
5:
MQGMO_NONE, MQGMO_LOGICAL_ORDER
5:
MQGMO_NONE, MQGMO_SET_SIGNAL, MQGMO_BROWSE_FIRST, MQGMO_BROWSE_NEXT, MQGMO_CONVERT, MQGMO_LOGICAL_ORDER, MQGMO_ALL_MSGS_AVAILABLE
5:
MQGMO_NONE, MQGMO_BROWSE_FIRST, MQGMO_MARK_SKIP_BACKOUT, MQGMO_UNLOCK, MQGMO_BROWSE_MSG_UNDER_CURSOR, MQGMO_SYNCPOINT_IF_PERSISTENT, MQGMO_CONVERT, MQGMO_COMPLETE_MSG
5:
MQGMO_NONE, MQGMO_SYNCPOINT, MQGMO_NO_SYNCPOINT, MQGMO_MARK_SKIP_BACKOUT, MQGMO_SYNCPOINT_IF_PERSISTENT
5:
MQGMO_NONE, MQGMO_WAIT, MQGMO_SYNCPOINT, MQGMO_NO_SYNCPOINT, MQGMO_MARK_SKIP_BACKOUT, MQGMO_MSG_UNDER_CURSOR, MQGMO_LOCK, MQGMO_UNLOCK, MQGMO_BROWSE_MSG_UNDER_CURSOR, MQGMO_ALL_MSGS_AVAILABLE, MQGMO_ALL_SEGMENTS_AVAILABLE
&lt;null&gt;
6:
MQGMO_NONE, MQGMO_FAIL_IF_QUIESCING, MQGMO_ALL_SEGMENTS_AVAILABLE
6:
MQGMO_NONE, MQGMO_WAIT, MQGMO_SYNCPOINT, MQGMO_NO_SYNCPOINT, MQGMO_SET_SIGNAL, MQGMO_BROWSE_FIRST, MQGMO_BROWSE_NEXT, MQGMO_ACCEPT_TRUNCATED_MSG, MQGMO_LOCK, MQGMO_UNLOCK, MQGMO_BROWSE_MSG_UNDER_CURSOR, MQGMO_SYNCPOINT_IF_PERSISTENT, MQGMO_FAIL_IF_QUIESCING, MQGMO_CONVERT, MQGMO_COMPLETE_MSG, MQGMO_ALL_MSGS_AVAILABLE, MQGMO_ALL_SEGMENTS_AVAILABLE
&lt;null&gt;
7:
MQGMO_NONE, MQGMO_NO_SYNCPOINT, MQGMO_BROWSE_FIRST, MQGMO_BROWSE_NEXT, MQGMO_ACCEPT_TRUNCATED_MSG, MQGMO_BROWSE_MSG_UNDER_CURSOR, MQGMO_ALL_MSGS_AVAILABLE
7:
MQGMO_NONE, MQGMO_SYNCPOINT, MQGMO_BROWSE_FIRST, MQGMO_BROWSE_NEXT, MQGMO_ACCEPT_TRUNCATED_MSG, MQGMO_MARK_SKIP_BACKOUT, MQGMO_FAIL_IF_QUIESCING, MQGMO_CONVERT, MQGMO_LOGICAL_ORDER, MQGMO_COMPLETE_MSG
7:
MQGMO_NONE, MQGMO_SYNCPOINT, MQGMO_FAIL_IF_QUIESCING
7:
MQGMO_NONE, MQGMO_MARK_SKIP_BACKOUT, MQGMO_LOCK, MQGMO_CONVERT, MQGMO_COMPLETE_MSG, MQGMO_ALL_MSGS_AVAILABLE
7:
MQGMO_NONE, MQGMO_SYNCPOINT, MQGMO_SET_SIGNAL, MQGMO_MARK_SKIP_BACKOUT, MQGMO_MSG_UNDER_CURSOR, MQGMO_LOCK, MQGMO_CONVERT, MQGMO_ALL_MSGS_AVAILABLE
7:
MQGMO_NONE, MQGMO_SET_SIGNAL, MQGMO_BROWSE_NEXT, MQGMO_SYNCPOINT_IF_PERSISTENT, MQGMO_CONVERT, MQGMO_ALL_MSGS_AVAILABLE
7:
MQGMO_NONE, MQGMO_WAIT, MQGMO_SYNCPOINT, MQGMO_BROWSE_FIRST, MQGMO_ACCEPT_TRUNCATED_MSG
&lt;null&gt;
8:
MQGMO_NONE, MQGMO_WAIT, MQGMO_NO_SYNCPOINT, MQGMO_SET_SIGNAL, MQGMO_SYNCPOINT_IF_PERSISTENT, MQGMO_CONVERT
&lt;null&gt;
9:
MQGMO_NONE, MQGMO_SYNCPOINT, MQGMO_SET_SIGNAL, MQGMO_BROWSE_FIRST, MQGMO_BROWSE_NEXT, MQGMO_MARK_SKIP_BACKOUT, MQGMO_MSG_UNDER_CURSOR, MQGMO_BROWSE_MSG_UNDER_CURSOR, MQGMO_SYNCPOINT_IF_PERSISTENT, MQGMO_CONVERT
9:
MQGMO_NONE, MQGMO_WAIT, MQGMO_SET_SIGNAL, MQGMO_BROWSE_FIRST, MQGMO_BROWSE_NEXT, MQGMO_ACCEPT_TRUNCATED_MSG, MQGMO_MARK_SKIP_BACKOUT, MQGMO_SYNCPOINT_IF_PERSISTENT, MQGMO_FAIL_IF_QUIESCING, MQGMO_CONVERT, MQGMO_LOGICAL_ORDER, MQGMO_COMPLETE_MSG
&lt;null&gt;
10:
MQGMO_NONE, MQGMO_WAIT, MQGMO_NO_SYNCPOINT, MQGMO_SET_SIGNAL, MQGMO_UNLOCK, MQGMO_SYNCPOINT_IF_PERSISTENT, MQGMO_FAIL_IF_QUIESCING
&lt;null&gt;
11:
MQGMO_NONE, MQGMO_WAIT, MQGMO_SYNCPOINT, MQGMO_NO_SYNCPOINT, MQGMO_SET_SIGNAL, MQGMO_BROWSE_FIRST, MQGMO_ACCEPT_TRUNCATED_MSG, MQGMO_MARK_SKIP_BACKOUT, MQGMO_MSG_UNDER_CURSOR, MQGMO_LOCK, MQGMO_UNLOCK, MQGMO_BROWSE_MSG_UNDER_CURSOR, MQGMO_SYNCPOINT_IF_PERSISTENT, MQGMO_COMPLETE_MSG, MQGMO_ALL_MSGS_AVAILABLE, MQGMO_ALL_SEGMENTS_AVAILABLE
&lt;null&gt;
12:
MQGMO_NONE, MQGMO_WAIT, MQGMO_SYNCPOINT, MQGMO_NO_SYNCPOINT, MQGMO_SET_SIGNAL, MQGMO_BROWSE_FIRST, MQGMO_BROWSE_NEXT, MQGMO_ACCEPT_TRUNCATED_MSG, MQGMO_MARK_SKIP_BACKOUT, MQGMO_MSG_UNDER_CURSOR, MQGMO_LOCK, MQGMO_UNLOCK, MQGMO_BROWSE_MSG_UNDER_CURSOR, MQGMO_SYNCPOINT_IF_PERSISTENT, MQGMO_FAIL_IF_QUIESCING, MQGMO_CONVERT, MQGMO_LOGICAL_ORDER, MQGMO_COMPLETE_MSG, MQGMO_ALL_SEGMENTS_AVAILABLE
&lt;null&gt;
13:
MQGMO_NONE, MQGMO_NO_SYNCPOINT
13:
MQGMO_NONE, MQGMO_MARK_SKIP_BACKOUT, MQGMO_SYNCPOINT_IF_PERSISTENT, MQGMO_FAIL_IF_QUIESCING, MQGMO_COMPLETE_MSG
13:
MQGMO_NO_WAIT
13:
MQGMO_NONE, MQGMO_LOCK
13:
MQGMO_NONE, MQGMO_WAIT, MQGMO_SYNCPOINT, MQGMO_NO_SYNCPOINT, MQGMO_SET_SIGNAL, MQGMO_BROWSE_FIRST, MQGMO_BROWSE_NEXT, MQGMO_ACCEPT_TRUNCATED_MSG, MQGMO_MARK_SKIP_BACKOUT, MQGMO_MSG_UNDER_CURSOR, MQGMO_LOCK, MQGMO_SYNCPOINT_IF_PERSISTENT, MQGMO_FAIL_IF_QUIESCING, MQGMO_CONVERT, MQGMO_LOGICAL_ORDER, MQGMO_COMPLETE_MSG, MQGMO_ALL_MSGS_AVAILABLE, MQGMO_ALL_SEGMENTS_AVAILABLE
&lt;null&gt;
14:
MQGMO_NONE, MQGMO_WAIT, MQGMO_NO_SYNCPOINT, MQGMO_SET_SIGNAL, MQGMO_BROWSE_FIRST, MQGMO_BROWSE_NEXT, MQGMO_ACCEPT_TRUNCATED_MSG, MQGMO_MARK_SKIP_BACKOUT, MQGMO_MSG_UNDER_CURSOR, MQGMO_UNLOCK, MQGMO_CONVERT, MQGMO_LOGICAL_ORDER, MQGMO_COMPLETE_MSG, MQGMO_ALL_MSGS_AVAILABLE, MQGMO_ALL_SEGMENTS_AVAILABLE
&lt;null&gt;
15:
MQGMO_NONE, MQGMO_WAIT, MQGMO_SYNCPOINT, MQGMO_NO_SYNCPOINT, MQGMO_SET_SIGNAL, MQGMO_BROWSE_FIRST, MQGMO_BROWSE_NEXT, MQGMO_ACCEPT_TRUNCATED_MSG, MQGMO_MARK_SKIP_BACKOUT, MQGMO_MSG_UNDER_CURSOR, MQGMO_LOCK, MQGMO_UNLOCK, MQGMO_BROWSE_MSG_UNDER_CURSOR, MQGMO_SYNCPOINT_IF_PERSISTENT, MQGMO_FAIL_IF_QUIESCING, MQGMO_CONVERT, MQGMO_LOGICAL_ORDER, MQGMO_COMPLETE_MSG, MQGMO_ALL_MSGS_AVAILABLE, MQGMO_ALL_SEGMENTS_AVAILABLE
&lt;null&gt;
16:
MQGMO_NONE, MQGMO_SET_SIGNAL, MQGMO_BROWSE_FIRST, MQGMO_BROWSE_NEXT, MQGMO_ALL_SEGMENTS_AVAILABLE
16:
MQGMO_NONE, MQGMO_SYNCPOINT_IF_PERSISTENT
16:
MQGMO_NONE, MQGMO_WAIT, MQGMO_SYNCPOINT, MQGMO_SET_SIGNAL, MQGMO_BROWSE_FIRST, MQGMO_ACCEPT_TRUNCATED_MSG, MQGMO_MARK_SKIP_BACKOUT, MQGMO_LOCK, MQGMO_UNLOCK, MQGMO_BROWSE_MSG_UNDER_CURSOR, MQGMO_SYNCPOINT_IF_PERSISTENT, MQGMO_FAIL_IF_QUIESCING, MQGMO_CONVERT, MQGMO_LOGICAL_ORDER, MQGMO_ALL_SEGMENTS_AVAILABLE
&lt;null&gt;
17:
MQGMO_NONE, MQGMO_BROWSE_NEXT, MQGMO_MARK_SKIP_BACKOUT, MQGMO_MSG_UNDER_CURSOR, MQGMO_LOCK, MQGMO_LOGICAL_ORDER, MQGMO_COMPLETE_MSG, MQGMO_ALL_MSGS_AVAILABLE, MQGMO_ALL_SEGMENTS_AVAILABLE
17:
MQGMO_NONE, MQGMO_WAIT, MQGMO_SYNCPOINT, MQGMO_NO_SYNCPOINT, MQGMO_SET_SIGNAL, MQGMO_BROWSE_FIRST, MQGMO_ACCEPT_TRUNCATED_MSG, MQGMO_MARK_SKIP_BACKOUT, MQGMO_MSG_UNDER_CURSOR, MQGMO_UNLOCK, MQGMO_BROWSE_MSG_UNDER_CURSOR, MQGMO_SYNCPOINT_IF_PERSISTENT, MQGMO_FAIL_IF_QUIESCING, MQGMO_CONVERT, MQGMO_LOGICAL_ORDER, MQGMO_COMPLETE_MSG, MQGMO_ALL_MSGS_AVAILABLE, MQGMO_ALL_SEGMENTS_AVAILABLE
&lt;null&gt;
18:
MQGMO_NONE, MQGMO_WAIT, MQGMO_SYNCPOINT, MQGMO_NO_SYNCPOINT, MQGMO_SET_SIGNAL, MQGMO_BROWSE_NEXT, MQGMO_ACCEPT_TRUNCATED_MSG, MQGMO_MARK_SKIP_BACKOUT, MQGMO_MSG_UNDER_CURSOR, MQGMO_LOCK, MQGMO_UNLOCK, MQGMO_BROWSE_MSG_UNDER_CURSOR, MQGMO_SYNCPOINT_IF_PERSISTENT, MQGMO_FAIL_IF_QUIESCING, MQGMO_CONVERT, MQGMO_LOGICAL_ORDER, MQGMO_COMPLETE_MSG, MQGMO_ALL_MSGS_AVAILABLE, MQGMO_ALL_SEGMENTS_AVAILABLE
&lt;null&gt;
19:
MQGMO_NONE, MQGMO_LOGICAL_ORDER
19:
MQGMO_NONE, MQGMO_WAIT, MQGMO_SYNCPOINT, MQGMO_BROWSE_FIRST, MQGMO_ALL_MSGS_AVAILABLE
&lt;null&gt;
20:
MQGMO_NONE, MQGMO_NO_SYNCPOINT, MQGMO_BROWSE_FIRST, MQGMO_BROWSE_NEXT, MQGMO_BROWSE_MSG_UNDER_CURSOR
20:
MQGMO_NONE, MQGMO_WAIT, MQGMO_SYNCPOINT, MQGMO_NO_SYNCPOINT, MQGMO_SET_SIGNAL, MQGMO_BROWSE_NEXT, MQGMO_ACCEPT_TRUNCATED_MSG, MQGMO_MARK_SKIP_BACKOUT, MQGMO_MSG_UNDER_CURSOR, MQGMO_LOCK, MQGMO_UNLOCK, MQGMO_BROWSE_MSG_UNDER_CURSOR, MQGMO_SYNCPOINT_IF_PERSISTENT, MQGMO_LOGICAL_ORDER, MQGMO_COMPLETE_MSG, MQGMO_ALL_MSGS_AVAILABLE, MQGMO_ALL_SEGMENTS_AVAILABLE
&lt;null&gt;
21:
MQGMO_NONE, MQGMO_WAIT, MQGMO_SYNCPOINT, MQGMO_NO_SYNCPOINT, MQGMO_SET_SIGNAL, MQGMO_BROWSE_FIRST, MQGMO_LOCK, MQGMO_UNLOCK, MQGMO_SYNCPOINT_IF_PERSISTENT, MQGMO_FAIL_IF_QUIESCING, MQGMO_CONVERT, MQGMO_COMPLETE_MSG
&lt;null&gt;
22:
MQGMO_NONE, MQGMO_BROWSE_FIRST, MQGMO_BROWSE_NEXT, MQGMO_ACCEPT_TRUNCATED_MSG, MQGMO_MARK_SKIP_BACKOUT, MQGMO_COMPLETE_MSG, MQGMO_ALL_SEGMENTS_AVAILABLE
22:
MQGMO_NONE, MQGMO_BROWSE_FIRST, MQGMO_BROWSE_NEXT, MQGMO_ACCEPT_TRUNCATED_MSG, MQGMO_MSG_UNDER_CURSOR, MQGMO_UNLOCK, MQGMO_BROWSE_MSG_UNDER_CURSOR, MQGMO_ALL_MSGS_AVAILABLE, MQGMO_ALL_SEGMENTS_AVAILABLE
22:
MQGMO_NONE, MQGMO_NO_SYNCPOINT, MQGMO_BROWSE_NEXT, MQGMO_ACCEPT_TRUNCATED_MSG, MQGMO_LOCK, MQGMO_BROWSE_MSG_UNDER_CURSOR
22:
MQGMO_NONE, MQGMO_WAIT, MQGMO_SYNCPOINT, MQGMO_NO_SYNCPOINT, MQGMO_SET_SIGNAL, MQGMO_BROWSE_FIRST, MQGMO_BROWSE_NEXT, MQGMO_ACCEPT_TRUNCATED_MSG, MQGMO_MARK_SKIP_BACKOUT, MQGMO_MSG_UNDER_CURSOR, MQGMO_LOCK, MQGMO_UNLOCK, MQGMO_BROWSE_MSG_UNDER_CURSOR, MQGMO_SYNCPOINT_IF_PERSISTENT, MQGMO_FAIL_IF_QUIESCING, MQGMO_CONVERT, MQGMO_LOGICAL_ORDER, MQGMO_COMPLETE_MSG, MQGMO_ALL_MSGS_AVAILABLE, MQGMO_ALL_SEGMENTS_AVAILABLE
&lt;null&gt;
23:
MQGMO_NONE, MQGMO_WAIT, MQGMO_SYNCPOINT, MQGMO_NO_SYNCPOINT, MQGMO_SET_SIGNAL, MQGMO_BROWSE_FIRST, MQGMO_BROWSE_NEXT, MQGMO_ACCEPT_TRUNCATED_MSG, MQGMO_MARK_SKIP_BACKOUT, MQGMO_MSG_UNDER_CURSOR, MQGMO_LOCK, MQGMO_UNLOCK, MQGMO_BROWSE_MSG_UNDER_CURSOR, MQGMO_SYNCPOINT_IF_PERSISTENT, MQGMO_FAIL_IF_QUIESCING, MQGMO_CONVERT, MQGMO_LOGICAL_ORDER, MQGMO_COMPLETE_MSG, MQGMO_ALL_MSGS_AVAILABLE, MQGMO_ALL_SEGMENTS_AVAILABLE
&lt;null&gt;
24:
MQGMO_NONE, MQGMO_WAIT, MQGMO_BROWSE_NEXT, MQGMO_ACCEPT_TRUNCATED_MSG, MQGMO_MARK_SKIP_BACKOUT, MQGMO_MSG_UNDER_CURSOR, MQGMO_LOCK, MQGMO_BROWSE_MSG_UNDER_CURSOR, MQGMO_FAIL_IF_QUIESCING, MQGMO_CONVERT, MQGMO_COMPLETE_MSG, MQGMO_ALL_MSGS_AVAILABLE, MQGMO_ALL_SEGMENTS_AVAILABLE
&lt;null&gt;
25:
MQGMO_NONE, MQGMO_WAIT, MQGMO_BROWSE_NEXT, MQGMO_MSG_UNDER_CURSOR, MQGMO_BROWSE_MSG_UNDER_CURSOR, MQGMO_FAIL_IF_QUIESCING, MQGMO_LOGICAL_ORDER
&lt;null&gt;
26:
MQGMO_NONE, MQGMO_WAIT, MQGMO_SYNCPOINT, MQGMO_NO_SYNCPOINT, MQGMO_SET_SIGNAL, MQGMO_BROWSE_FIRST, MQGMO_BROWSE_NEXT, MQGMO_ACCEPT_TRUNCATED_MSG, MQGMO_MARK_SKIP_BACKOUT, MQGMO_MSG_UNDER_CURSOR, MQGMO_LOCK, MQGMO_UNLOCK, MQGMO_BROWSE_MSG_UNDER_CURSOR, MQGMO_SYNCPOINT_IF_PERSISTENT, MQGMO_FAIL_IF_QUIESCING, MQGMO_CONVERT, MQGMO_LOGICAL_ORDER, MQGMO_COMPLETE_MSG, MQGMO_ALL_MSGS_AVAILABLE, MQGMO_ALL_SEGMENTS_AVAILABLE
&lt;null&gt;
27:
MQGMO_NONE, MQGMO_BROWSE_FIRST, MQGMO_FAIL_IF_QUIESCING
27:
MQGMO_NONE, MQGMO_WAIT, MQGMO_SYNCPOINT, MQGMO_NO_SYNCPOINT, MQGMO_SET_SIGNAL, MQGMO_BROWSE_FIRST, MQGMO_BROWSE_NEXT, MQGMO_MARK_SKIP_BACKOUT, MQGMO_MSG_UNDER_CURSOR, MQGMO_LOCK, MQGMO_UNLOCK, MQGMO_SYNCPOINT_IF_PERSISTENT, MQGMO_FAIL_IF_QUIESCING, MQGMO_CONVERT, MQGMO_LOGICAL_ORDER, MQGMO_COMPLETE_MSG, MQGMO_ALL_MSGS_AVAILABLE, MQGMO_ALL_SEGMENTS_AVAILABLE
&lt;null&gt;
28:
MQGMO_NONE, MQGMO_ACCEPT_TRUNCATED_MSG, MQGMO_ALL_SEGMENTS_AVAILABLE
28:
MQGMO_NONE, MQGMO_SYNCPOINT, MQGMO_NO_SYNCPOINT, MQGMO_SET_SIGNAL, MQGMO_BROWSE_FIRST, MQGMO_BROWSE_NEXT, MQGMO_ACCEPT_TRUNCATED_MSG, MQGMO_MARK_SKIP_BACKOUT, MQGMO_MSG_UNDER_CURSOR, MQGMO_LOCK, MQGMO_UNLOCK, MQGMO_SYNCPOINT_IF_PERSISTENT, MQGMO_FAIL_IF_QUIESCING, MQGMO_CONVERT, MQGMO_LOGICAL_ORDER, MQGMO_COMPLETE_MSG, MQGMO_ALL_MSGS_AVAILABLE, MQGMO_ALL_SEGMENTS_AVAILABLE
28:
MQGMO_NONE, MQGMO_WAIT, MQGMO_SYNCPOINT, MQGMO_NO_SYNCPOINT, MQGMO_BROWSE_NEXT, MQGMO_UNLOCK, MQGMO_SYNCPOINT_IF_PERSISTENT, MQGMO_LOGICAL_ORDER, MQGMO_COMPLETE_MSG
&lt;null&gt;
29:
MQGMO_NONE, MQGMO_WAIT, MQGMO_SYNCPOINT, MQGMO_NO_SYNCPOINT, MQGMO_BROWSE_FIRST, MQGMO_ACCEPT_TRUNCATED_MSG, MQGMO_MSG_UNDER_CURSOR, MQGMO_UNLOCK, MQGMO_BROWSE_MSG_UNDER_CURSOR, MQGMO_FAIL_IF_QUIESCING, MQGMO_CONVERT, MQGMO_LOGICAL_ORDER, MQGMO_COMPLETE_MSG, MQGMO_ALL_MSGS_AVAILABLE, MQGMO_ALL_SEGMENTS_AVAILABLE
&lt;null&gt;
30:
MQGMO_NONE, MQGMO_WAIT, MQGMO_SYNCPOINT, MQGMO_MARK_SKIP_BACKOUT, MQGMO_MSG_UNDER_CURSOR, MQGMO_LOCK, MQGMO_UNLOCK, MQGMO_BROWSE_MSG_UNDER_CURSOR, MQGMO_SYNCPOINT_IF_PERSISTENT, MQGMO_ALL_MSGS_AVAILABLE, MQGMO_ALL_SEGMENTS_AVAILABLE
&lt;null&gt;
31:
MQGMO_NO_WAIT
31:
MQGMO_NONE, MQGMO_SYNCPOINT, MQGMO_BROWSE_NEXT, MQGMO_ACCEPT_TRUNCATED_MSG, MQGMO_MARK_SKIP_BACKOUT, MQGMO_MSG_UNDER_CURSOR, MQGMO_LOCK, MQGMO_UNLOCK, MQGMO_SYNCPOINT_IF_PERSISTENT, MQGMO_FAIL_IF_QUIESCING, MQGMO_COMPLETE_MSG, MQGMO_ALL_MSGS_AVAILABLE, MQGMO_ALL_SEGMENTS_AVAILABLE
31:
MQGMO_NONE, MQGMO_WAIT, MQGMO_SYNCPOINT, MQGMO_NO_SYNCPOINT, MQGMO_SET_SIGNAL, MQGMO_BROWSE_FIRST, MQGMO_BROWSE_NEXT, MQGMO_ACCEPT_TRUNCATED_MSG, MQGMO_MARK_SKIP_BACKOUT, MQGMO_MSG_UNDER_CURSOR, MQGMO_LOCK, MQGMO_UNLOCK, MQGMO_BROWSE_MSG_UNDER_CURSOR, MQGMO_SYNCPOINT_IF_PERSISTENT, MQGMO_FAIL_IF_QUIESCING, MQGMO_CONVERT, MQGMO_LOGICAL_ORDER, MQGMO_COMPLETE_MSG, MQGMO_ALL_MSGS_AVAILABLE, MQGMO_ALL_SEGMENTS_AVAILABLE
&lt;null&gt;
32:
MQGMO_NONE, MQGMO_SET_SIGNAL, MQGMO_BROWSE_NEXT, MQGMO_CONVERT
32:
MQGMO_NONE, MQGMO_SYNCPOINT, MQGMO_NO_SYNCPOINT, MQGMO_SET_SIGNAL, MQGMO_BROWSE_FIRST, MQGMO_BROWSE_NEXT, MQGMO_ACCEPT_TRUNCATED_MSG, MQGMO_MARK_SKIP_BACKOUT, MQGMO_LOCK, MQGMO_SYNCPOINT_IF_PERSISTENT, MQGMO_FAIL_IF_QUIESCING, MQGMO_CONVERT, MQGMO_LOGICAL_ORDER, MQGMO_COMPLETE_MSG, MQGMO_ALL_MSGS_AVAILABLE
32:
MQGMO_NONE, MQGMO_BROWSE_FIRST, MQGMO_BROWSE_NEXT, MQGMO_ACCEPT_TRUNCATED_MSG, MQGMO_MARK_SKIP_BACKOUT, MQGMO_MSG_UNDER_CURSOR, MQGMO_UNLOCK, MQGMO_LOGICAL_ORDER, MQGMO_COMPLETE_MSG, MQGMO_ALL_MSGS_AVAILABLE, MQGMO_ALL_SEGMENTS_AVAILABLE
32:
MQGMO_NONE, MQGMO_MSG_UNDER_CURSOR, MQGMO_SYNCPOINT_IF_PERSISTENT, MQGMO_FAIL_IF_QUIESCING, MQGMO_ALL_SEGMENTS_AVAILABLE
32:
MQGMO_NONE, MQGMO_WAIT, MQGMO_SYNCPOINT, MQGMO_NO_SYNCPOINT, MQGMO_SET_SIGNAL, MQGMO_BROWSE_FIRST, MQGMO_BROWSE_NEXT, MQGMO_ACCEPT_TRUNCATED_MSG, MQGMO_MARK_SKIP_BACKOUT, MQGMO_MSG_UNDER_CURSOR, MQGMO_LOCK, MQGMO_UNLOCK, MQGMO_BROWSE_MSG_UNDER_CURSOR, MQGMO_SYNCPOINT_IF_PERSISTENT, MQGMO_FAIL_IF_QUIESCING, MQGMO_CONVERT, MQGMO_COMPLETE_MSG, MQGMO_ALL_MSGS_AVAILABLE, MQGMO_ALL_SEGMENTS_AVAILABLE
&lt;null&gt;
33:
MQGMO_NONE, MQGMO_SYNCPOINT, MQGMO_SET_SIGNAL, MQGMO_BROWSE_FIRST, MQGMO_FAIL_IF_QUIESCING, MQGMO_CONVERT, MQGMO_LOGICAL_ORDER, MQGMO_ALL_MSGS_AVAILABLE
33:
MQGMO_NONE, MQGMO_WAIT, MQGMO_SYNCPOINT, MQGMO_NO_SYNCPOINT, MQGMO_SET_SIGNAL, MQGMO_BROWSE_FIRST, MQGMO_BROWSE_NEXT, MQGMO_ACCEPT_TRUNCATED_MSG, MQGMO_MARK_SKIP_BACKOUT, MQGMO_MSG_UNDER_CURSOR, MQGMO_LOCK, MQGMO_BROWSE_MSG_UNDER_CURSOR, MQGMO_FAIL_IF_QUIESCING, MQGMO_CONVERT, MQGMO_LOGICAL_ORDER, MQGMO_COMPLETE_MSG, MQGMO_ALL_MSGS_AVAILABLE, MQGMO_ALL_SEGMENTS_AVAILABLE
&lt;null&gt;
34:
MQGMO_NONE, MQGMO_SYNCPOINT, MQGMO_NO_SYNCPOINT, MQGMO_SET_SIGNAL, MQGMO_BROWSE_FIRST, MQGMO_ACCEPT_TRUNCATED_MSG, MQGMO_MSG_UNDER_CURSOR, MQGMO_FAIL_IF_QUIESCING, MQGMO_CONVERT, MQGMO_LOGICAL_ORDER, MQGMO_COMPLETE_MSG, MQGMO_ALL_MSGS_AVAILABLE, MQGMO_ALL_SEGMENTS_AVAILABLE
34:
MQGMO_NONE, MQGMO_WAIT, MQGMO_SYNCPOINT, MQGMO_NO_SYNCPOINT, MQGMO_SET_SIGNAL, MQGMO_BROWSE_FIRST, MQGMO_BROWSE_NEXT, MQGMO_ACCEPT_TRUNCATED_MSG, MQGMO_MARK_SKIP_BACKOUT, MQGMO_MSG_UNDER_CURSOR, MQGMO_LOCK, MQGMO_UNLOCK, MQGMO_BROWSE_MSG_UNDER_CURSOR, MQGMO_SYNCPOINT_IF_PERSISTENT, MQGMO_FAIL_IF_QUIESCING, MQGMO_CONVERT, MQGMO_LOGICAL_ORDER, MQGMO_COMPLETE_MSG, MQGMO_ALL_MSGS_AVAILABLE, MQGMO_ALL_SEGMENTS_AVAILABLE
&lt;null&gt;
35:
MQGMO_NONE, MQGMO_WAIT, MQGMO_SYNCPOINT, MQGMO_NO_SYNCPOINT, MQGMO_SET_SIGNAL, MQGMO_BROWSE_FIRST, MQGMO_BROWSE_NEXT, MQGMO_ACCEPT_TRUNCATED_MSG, MQGMO_MARK_SKIP_BACKOUT, MQGMO_MSG_UNDER_CURSOR, MQGMO_LOCK, MQGMO_UNLOCK, MQGMO_BROWSE_MSG_UNDER_CURSOR, MQGMO_SYNCPOINT_IF_PERSISTENT, MQGMO_FAIL_IF_QUIESCING, MQGMO_CONVERT, MQGMO_LOGICAL_ORDER, MQGMO_COMPLETE_MSG, MQGMO_ALL_MSGS_AVAILABLE, MQGMO_ALL_SEGMENTS_AVAILABLE
&lt;null&gt;
36:
MQGMO_NONE, MQGMO_WAIT, MQGMO_SYNCPOINT, MQGMO_NO_SYNCPOINT, MQGMO_SET_SIGNAL, MQGMO_BROWSE_FIRST, MQGMO_BROWSE_NEXT, MQGMO_ACCEPT_TRUNCATED_MSG, MQGMO_MARK_SKIP_BACKOUT, MQGMO_MSG_UNDER_CURSOR, MQGMO_LOCK, MQGMO_UNLOCK, MQGMO_BROWSE_MSG_UNDER_CURSOR, MQGMO_SYNCPOINT_IF_PERSISTENT, MQGMO_FAIL_IF_QUIESCING, MQGMO_CONVERT, MQGMO_LOGICAL_ORDER, MQGMO_COMPLETE_MSG, MQGMO_ALL_MSGS_AVAILABLE, MQGMO_ALL_SEGMENTS_AVAILABLE
&lt;null&gt;
37:
MQGMO_NONE, MQGMO_WAIT, MQGMO_SYNCPOINT, MQGMO_NO_SYNCPOINT, MQGMO_SYNCPOINT_IF_PERSISTENT, MQGMO_FAIL_IF_QUIESCING
&lt;null&gt;
38:
MQGMO_NONE, MQGMO_WAIT, MQGMO_SYNCPOINT, MQGMO_NO_SYNCPOINT, MQGMO_SET_SIGNAL, MQGMO_BROWSE_FIRST, MQGMO_BROWSE_MSG_UNDER_CURSOR, MQGMO_FAIL_IF_QUIESCING, MQGMO_CONVERT, MQGMO_LOGICAL_ORDER
&lt;null&gt;
39:
MQGMO_NONE, MQGMO_WAIT, MQGMO_NO_SYNCPOINT, MQGMO_SET_SIGNAL, MQGMO_BROWSE_FIRST, MQGMO_BROWSE_NEXT, MQGMO_LOCK, MQGMO_UNLOCK, MQGMO_BROWSE_MSG_UNDER_CURSOR, MQGMO_SYNCPOINT_IF_PERSISTENT, MQGMO_FAIL_IF_QUIESCING, MQGMO_CONVERT, MQGMO_ALL_SEGMENTS_AVAILABLE
&lt;null&gt;
40:
MQGMO_NONE, MQGMO_WAIT, MQGMO_SYNCPOINT, MQGMO_NO_SYNCPOINT, MQGMO_SET_SIGNAL, MQGMO_BROWSE_FIRST, MQGMO_BROWSE_NEXT, MQGMO_ACCEPT_TRUNCATED_MSG, MQGMO_MARK_SKIP_BACKOUT, MQGMO_MSG_UNDER_CURSOR, MQGMO_LOCK, MQGMO_UNLOCK, MQGMO_BROWSE_MSG_UNDER_CURSOR, MQGMO_SYNCPOINT_IF_PERSISTENT, MQGMO_FAIL_IF_QUIESCING, MQGMO_CONVERT, MQGMO_LOGICAL_ORDER, MQGMO_COMPLETE_MSG, MQGMO_ALL_MSGS_AVAILABLE, MQGMO_ALL_SEGMENTS_AVAILABLE
&lt;null&gt;
41:
MQGMO_NONE, MQGMO_WAIT, MQGMO_SYNCPOINT, MQGMO_NO_SYNCPOINT, MQGMO_SET_SIGNAL, MQGMO_BROWSE_FIRST, MQGMO_BROWSE_NEXT, MQGMO_ACCEPT_TRUNCATED_MSG, MQGMO_MARK_SKIP_BACKOUT, MQGMO_MSG_UNDER_CURSOR, MQGMO_LOCK, MQGMO_UNLOCK, MQGMO_BROWSE_MSG_UNDER_CURSOR, MQGMO_SYNCPOINT_IF_PERSISTENT, MQGMO_FAIL_IF_QUIESCING, MQGMO_CONVERT, MQGMO_LOGICAL_ORDER, MQGMO_COMPLETE_MSG, MQGMO_ALL_MSGS_AVAILABLE, MQGMO_ALL_SEGMENTS_AVAILABLE
&lt;null&gt;
42:
MQGMO_NONE, MQGMO_BROWSE_NEXT, MQGMO_MARK_SKIP_BACKOUT, MQGMO_MSG_UNDER_CURSOR, MQGMO_UNLOCK, MQGMO_BROWSE_MSG_UNDER_CURSOR, MQGMO_CONVERT, MQGMO_LOGICAL_ORDER, MQGMO_ALL_MSGS_AVAILABLE
42:
MQGMO_NONE, MQGMO_WAIT, MQGMO_SYNCPOINT, MQGMO_NO_SYNCPOINT, MQGMO_SET_SIGNAL, MQGMO_BROWSE_FIRST, MQGMO_BROWSE_NEXT, MQGMO_ACCEPT_TRUNCATED_MSG, MQGMO_MARK_SKIP_BACKOUT, MQGMO_MSG_UNDER_CURSOR, MQGMO_LOCK, MQGMO_UNLOCK, MQGMO_BROWSE_MSG_UNDER_CURSOR, MQGMO_SYNCPOINT_IF_PERSISTENT, MQGMO_FAIL_IF_QUIESCING, MQGMO_CONVERT, MQGMO_LOGICAL_ORDER, MQGMO_COMPLETE_MSG, MQGMO_ALL_MSGS_AVAILABLE, MQGMO_ALL_SEGMENTS_AVAILABLE
&lt;null&gt;
43:
MQGMO_NONE, MQGMO_BROWSE_NEXT, MQGMO_FAIL_IF_QUIESCING, MQGMO_CONVERT
43:
MQGMO_NONE, MQGMO_WAIT, MQGMO_SYNCPOINT, MQGMO_NO_SYNCPOINT, MQGMO_SET_SIGNAL, MQGMO_BROWSE_FIRST, MQGMO_BROWSE_NEXT, MQGMO_ACCEPT_TRUNCATED_MSG, MQGMO_MARK_SKIP_BACKOUT, MQGMO_MSG_UNDER_CURSOR, MQGMO_LOCK, MQGMO_UNLOCK, MQGMO_BROWSE_MSG_UNDER_CURSOR, MQGMO_SYNCPOINT_IF_PERSISTENT, MQGMO_FAIL_IF_QUIESCING, MQGMO_CONVERT, MQGMO_LOGICAL_ORDER, MQGMO_COMPLETE_MSG, MQGMO_ALL_MSGS_AVAILABLE, MQGMO_ALL_SEGMENTS_AVAILABLE
&lt;null&gt;
44:
MQGMO_NONE, MQGMO_NO_SYNCPOINT, MQGMO_SET_SIGNAL, MQGMO_BROWSE_FIRST, MQGMO_BROWSE_NEXT, MQGMO_ACCEPT_TRUNCATED_MSG, MQGMO_MARK_SKIP_BACKOUT, MQGMO_LOCK, MQGMO_UNLOCK, MQGMO_BROWSE_MSG_UNDER_CURSOR, MQGMO_SYNCPOINT_IF_PERSISTENT, MQGMO_FAIL_IF_QUIESCING, MQGMO_CONVERT, MQGMO_ALL_MSGS_AVAILABLE
44:
MQGMO_NONE, MQGMO_WAIT, MQGMO_MARK_SKIP_BACKOUT, MQGMO_LOCK, MQGMO_BROWSE_MSG_UNDER_CURSOR, MQGMO_CONVERT, MQGMO_COMPLETE_MSG
&lt;null&gt;
45:
MQGMO_NONE, MQGMO_WAIT, MQGMO_SYNCPOINT, MQGMO_NO_SYNCPOINT, MQGMO_SET_SIGNAL, MQGMO_BROWSE_FIRST, MQGMO_BROWSE_NEXT, MQGMO_ACCEPT_TRUNCATED_MSG, MQGMO_MARK_SKIP_BACKOUT, MQGMO_MSG_UNDER_CURSOR, MQGMO_LOCK, MQGMO_UNLOCK, MQGMO_BROWSE_MSG_UNDER_CURSOR, MQGMO_SYNCPOINT_IF_PERSISTENT, MQGMO_FAIL_IF_QUIESCING, MQGMO_CONVERT, MQGMO_LOGICAL_ORDER, MQGMO_COMPLETE_MSG, MQGMO_ALL_MSGS_AVAILABLE, MQGMO_ALL_SEGMENTS_AVAILABLE
&lt;null&gt;
46:
MQGMO_NONE, MQGMO_WAIT, MQGMO_SYNCPOINT, MQGMO_NO_SYNCPOINT, MQGMO_SET_SIGNAL, MQGMO_BROWSE_FIRST, MQGMO_BROWSE_NEXT, MQGMO_ACCEPT_TRUNCATED_MSG, MQGMO_MARK_SKIP_BACKOUT, MQGMO_MSG_UNDER_CURSOR, MQGMO_LOCK, MQGMO_UNLOCK, MQGMO_BROWSE_MSG_UNDER_CURSOR, MQGMO_SYNCPOINT_IF_PERSISTENT, MQGMO_FAIL_IF_QUIESCING, MQGMO_CONVERT, MQGMO_LOGICAL_ORDER, MQGMO_ALL_MSGS_AVAILABLE, MQGMO_ALL_SEGMENTS_AVAILABLE
&lt;null&gt;
47:
MQGMO_NONE, MQGMO_MARK_SKIP_BACKOUT, MQGMO_UNLOCK, MQGMO_CONVERT, MQGMO_COMPLETE_MSG, MQGMO_ALL_MSGS_AVAILABLE
47:
MQGMO_NONE, MQGMO_WAIT, MQGMO_SYNCPOINT, MQGMO_NO_SYNCPOINT, MQGMO_SET_SIGNAL, MQGMO_BROWSE_FIRST, MQGMO_BROWSE_NEXT, MQGMO_ACCEPT_TRUNCATED_MSG, MQGMO_LOCK, MQGMO_UNLOCK, MQGMO_BROWSE_MSG_UNDER_CURSOR, MQGMO_SYNCPOINT_IF_PERSISTENT, MQGMO_FAIL_IF_QUIESCING, MQGMO_CONVERT, MQGMO_LOGICAL_ORDER, MQGMO_ALL_SEGMENTS_AVAILABLE
&lt;null&gt;
48:
MQGMO_NONE, MQGMO_WAIT, MQGMO_SYNCPOINT, MQGMO_SET_SIGNAL, MQGMO_LOCK, MQGMO_UNLOCK, MQGMO_BROWSE_MSG_UNDER_CURSOR, MQGMO_SYNCPOINT_IF_PERSISTENT, MQGMO_FAIL_IF_QUIESCING, MQGMO_COMPLETE_MSG
&lt;null&gt;
49:
MQGMO_NONE, MQGMO_SYNCPOINT, MQGMO_BROWSE_FIRST, MQGMO_BROWSE_NEXT, MQGMO_MARK_SKIP_BACKOUT, MQGMO_MSG_UNDER_CURSOR, MQGMO_LOCK, MQGMO_UNLOCK, MQGMO_BROWSE_MSG_UNDER_CURSOR, MQGMO_SYNCPOINT_IF_PERSISTENT, MQGMO_COMPLETE_MSG, MQGMO_ALL_MSGS_AVAILABLE, MQGMO_ALL_SEGMENTS_AVAILABLE
49:
MQGMO_NONE, MQGMO_WAIT, MQGMO_SYNCPOINT, MQGMO_NO_SYNCPOINT, MQGMO_SET_SIGNAL, MQGMO_BROWSE_FIRST, MQGMO_BROWSE_NEXT, MQGMO_ACCEPT_TRUNCATED_MSG, MQGMO_MARK_SKIP_BACKOUT, MQGMO_MSG_UNDER_CURSOR, MQGMO_LOCK, MQGMO_UNLOCK, MQGMO_BROWSE_MSG_UNDER_CURSOR, MQGMO_SYNCPOINT_IF_PERSISTENT, MQGMO_FAIL_IF_QUIESCING, MQGMO_CONVERT, MQGMO_LOGICAL_ORDER, MQGMO_COMPLETE_MSG, MQGMO_ALL_MSGS_AVAILABLE, MQGMO_ALL_SEGMENTS_AVAILABLE
&lt;null&gt;
50:
MQGMO_NONE, MQGMO_WAIT, MQGMO_SYNCPOINT, MQGMO_NO_SYNCPOINT, MQGMO_SET_SIGNAL, MQGMO_BROWSE_FIRST, MQGMO_ACCEPT_TRUNCATED_MSG, MQGMO_MARK_SKIP_BACKOUT, MQGMO_MSG_UNDER_CURSOR, MQGMO_LOCK, MQGMO_BROWSE_MSG_UNDER_CURSOR, MQGMO_SYNCPOINT_IF_PERSISTENT, MQGMO_CONVERT, MQGMO_COMPLETE_MSG, MQGMO_ALL_SEGMENTS_AVAILABLE
&lt;null&gt;
51:
MQGMO_NONE, MQGMO_WAIT, MQGMO_ACCEPT_TRUNCATED_MSG, MQGMO_MARK_SKIP_BACKOUT, MQGMO_MSG_UNDER_CURSOR, MQGMO_LOCK, MQGMO_LOGICAL_ORDER, MQGMO_ALL_MSGS_AVAILABLE, MQGMO_ALL_SEGMENTS_AVAILABLE
&lt;null&gt;
52:
MQGMO_NONE, MQGMO_SYNCPOINT, MQGMO_NO_SYNCPOINT, MQGMO_SET_SIGNAL, MQGMO_BROWSE_NEXT, MQGMO_ACCEPT_TRUNCATED_MSG, MQGMO_MSG_UNDER_CURSOR, MQGMO_LOCK, MQGMO_FAIL_IF_QUIESCING, MQGMO_ALL_MSGS_AVAILABLE
52:
MQGMO_NONE, MQGMO_WAIT, MQGMO_SYNCPOINT, MQGMO_NO_SYNCPOINT, MQGMO_BROWSE_FIRST, MQGMO_BROWSE_NEXT, MQGMO_ACCEPT_TRUNCATED_MSG, MQGMO_MARK_SKIP_BACKOUT, MQGMO_MSG_UNDER_CURSOR, MQGMO_LOCK, MQGMO_UNLOCK, MQGMO_BROWSE_MSG_UNDER_CURSOR, MQGMO_SYNCPOINT_IF_PERSISTENT, MQGMO_FAIL_IF_QUIESCING, MQGMO_CONVERT, MQGMO_COMPLETE_MSG, MQGMO_ALL_MSGS_AVAILABLE, MQGMO_ALL_SEGMENTS_AVAILABLE
&lt;null&gt;
53:
MQGMO_NONE, MQGMO_WAIT, MQGMO_SYNCPOINT, MQGMO_ACCEPT_TRUNCATED_MSG, MQGMO_MARK_SKIP_BACKOUT, MQGMO_MSG_UNDER_CURSOR, MQGMO_LOCK, MQGMO_UNLOCK, MQGMO_BROWSE_MSG_UNDER_CURSOR, MQGMO_COMPLETE_MSG, MQGMO_ALL_SEGMENTS_AVAILABLE
&lt;null&gt;
54:
MQGMO_NONE, MQGMO_WAIT, MQGMO_SYNCPOINT, MQGMO_NO_SYNCPOINT, MQGMO_SET_SIGNAL, MQGMO_BROWSE_FIRST, MQGMO_BROWSE_NEXT, MQGMO_ACCEPT_TRUNCATED_MSG, MQGMO_MARK_SKIP_BACKOUT, MQGMO_MSG_UNDER_CURSOR, MQGMO_LOCK, MQGMO_UNLOCK, MQGMO_BROWSE_MSG_UNDER_CURSOR, MQGMO_SYNCPOINT_IF_PERSISTENT, MQGMO_FAIL_IF_QUIESCING, MQGMO_CONVERT, MQGMO_LOGICAL_ORDER, MQGMO_COMPLETE_MSG, MQGMO_ALL_MSGS_AVAILABLE, MQGMO_ALL_SEGMENTS_AVAILABLE
&lt;null&gt;
55:
MQGMO_NONE, MQGMO_WAIT, MQGMO_NO_SYNCPOINT, MQGMO_BROWSE_NEXT, MQGMO_MARK_SKIP_BACKOUT, MQGMO_MSG_UNDER_CURSOR, MQGMO_UNLOCK, MQGMO_BROWSE_MSG_UNDER_CURSOR, MQGMO_FAIL_IF_QUIESCING, MQGMO_CONVERT, MQGMO_ALL_MSGS_AVAILABLE, MQGMO_ALL_SEGMENTS_AVAILABLE
&lt;null&gt;
56:
MQGMO_NONE, MQGMO_WAIT, MQGMO_SYNCPOINT, MQGMO_NO_SYNCPOINT, MQGMO_SET_SIGNAL, MQGMO_BROWSE_FIRST, MQGMO_BROWSE_NEXT, MQGMO_ACCEPT_TRUNCATED_MSG, MQGMO_MARK_SKIP_BACKOUT, MQGMO_MSG_UNDER_CURSOR, MQGMO_LOCK, MQGMO_UNLOCK, MQGMO_BROWSE_MSG_UNDER_CURSOR, MQGMO_SYNCPOINT_IF_PERSISTENT, MQGMO_FAIL_IF_QUIESCING, MQGMO_CONVERT, MQGMO_LOGICAL_ORDER, MQGMO_COMPLETE_MSG, MQGMO_ALL_MSGS_AVAILABLE, MQGMO_ALL_SEGMENTS_AVAILABLE
&lt;null&gt;
57:
MQGMO_NONE, MQGMO_WAIT, MQGMO_NO_SYNCPOINT, MQGMO_BROWSE_NEXT, MQGMO_LOCK, MQGMO_UNLOCK, MQGMO_BROWSE_MSG_UNDER_CURSOR, MQGMO_SYNCPOINT_IF_PERSISTENT
&lt;null&gt;
58:
MQGMO_NONE, MQGMO_WAIT, MQGMO_SYNCPOINT, MQGMO_NO_SYNCPOINT, MQGMO_SET_SIGNAL, MQGMO_BROWSE_FIRST, MQGMO_BROWSE_NEXT, MQGMO_ACCEPT_TRUNCATED_MSG, MQGMO_MARK_SKIP_BACKOUT, MQGMO_MSG_UNDER_CURSOR, MQGMO_LOCK, MQGMO_UNLOCK, MQGMO_BROWSE_MSG_UNDER_CURSOR, MQGMO_FAIL_IF_QUIESCING, MQGMO_CONVERT, MQGMO_LOGICAL_ORDER, MQGMO_COMPLETE_MSG, MQGMO_ALL_MSGS_AVAILABLE, MQGMO_ALL_SEGMENTS_AVAILABLE
&lt;null&gt;
59:
MQGMO_NONE, MQGMO_WAIT, MQGMO_MSG_UNDER_CURSOR, MQGMO_UNLOCK, MQGMO_BROWSE_MSG_UNDER_CURSOR, MQGMO_ALL_SEGMENTS_AVAILABLE
&lt;null&gt;
60:
MQGMO_NONE, MQGMO_WAIT, MQGMO_SYNCPOINT, MQGMO_NO_SYNCPOINT, MQGMO_SET_SIGNAL, MQGMO_BROWSE_FIRST, MQGMO_BROWSE_NEXT, MQGMO_ACCEPT_TRUNCATED_MSG, MQGMO_MARK_SKIP_BACKOUT, MQGMO_MSG_UNDER_CURSOR, MQGMO_LOCK, MQGMO_UNLOCK, MQGMO_BROWSE_MSG_UNDER_CURSOR, MQGMO_SYNCPOINT_IF_PERSISTENT, MQGMO_FAIL_IF_QUIESCING, MQGMO_CONVERT, MQGMO_LOGICAL_ORDER, MQGMO_COMPLETE_MSG, MQGMO_ALL_MSGS_AVAILABLE, MQGMO_ALL_SEGMENTS_AVAILABLE
&lt;null&gt;
61:
MQGMO_NONE, MQGMO_WAIT, MQGMO_SYNCPOINT, MQGMO_NO_SYNCPOINT, MQGMO_BROWSE_FIRST, MQGMO_BROWSE_NEXT, MQGMO_ACCEPT_TRUNCATED_MSG, MQGMO_MARK_SKIP_BACKOUT, MQGMO_MSG_UNDER_CURSOR, MQGMO_LOCK, MQGMO_UNLOCK, MQGMO_BROWSE_MSG_UNDER_CURSOR, MQGMO_SYNCPOINT_IF_PERSISTENT, MQGMO_FAIL_IF_QUIESCING, MQGMO_CONVERT, MQGMO_LOGICAL_ORDER, MQGMO_COMPLETE_MSG, MQGMO_ALL_MSGS_AVAILABLE, MQGMO_ALL_SEGMENTS_AVAILABLE
&lt;null&gt;
62:
MQGMO_NONE, MQGMO_MARK_SKIP_BACKOUT
62:
MQGMO_NONE, MQGMO_WAIT, MQGMO_SYNCPOINT, MQGMO_NO_SYNCPOINT, MQGMO_SET_SIGNAL, MQGMO_BROWSE_FIRST, MQGMO_BROWSE_NEXT, MQGMO_ACCEPT_TRUNCATED_MSG, MQGMO_MARK_SKIP_BACKOUT, MQGMO_MSG_UNDER_CURSOR, MQGMO_LOCK, MQGMO_UNLOCK, MQGMO_BROWSE_MSG_UNDER_CURSOR, MQGMO_SYNCPOINT_IF_PERSISTENT, MQGMO_FAIL_IF_QUIESCING, MQGMO_CONVERT, MQGMO_COMPLETE_MSG, MQGMO_ALL_MSGS_AVAILABLE, MQGMO_ALL_SEGMENTS_AVAILABLE
&lt;null&gt;
63:
MQGMO_NONE, MQGMO_SYNCPOINT, MQGMO_NO_SYNCPOINT, MQGMO_BROWSE_FIRST, MQGMO_FAIL_IF_QUIESCING, MQGMO_LOGICAL_ORDER
63:
MQGMO_NONE, MQGMO_WAIT, MQGMO_SYNCPOINT, MQGMO_NO_SYNCPOINT, MQGMO_SET_SIGNAL, MQGMO_BROWSE_FIRST, MQGMO_BROWSE_NEXT, MQGMO_ACCEPT_TRUNCATED_MSG, MQGMO_MARK_SKIP_BACKOUT, MQGMO_MSG_UNDER_CURSOR, MQGMO_LOCK, MQGMO_UNLOCK, MQGMO_BROWSE_MSG_UNDER_CURSOR, MQGMO_SYNCPOINT_IF_PERSISTENT, MQGMO_FAIL_IF_QUIESCING, MQGMO_CONVERT, MQGMO_LOGICAL_ORDER, MQGMO_COMPLETE_MSG, MQGMO_ALL_MSGS_AVAILABLE, MQGMO_ALL_SEGMENTS_AVAILABLE
&lt;null&gt;
64:
MQGMO_NONE, MQGMO_SYNCPOINT, MQGMO_NO_SYNCPOINT, MQGMO_SET_SIGNAL, MQGMO_BROWSE_FIRST, MQGMO_LOCK, MQGMO_SYNCPOINT_IF_PERSISTENT, MQGMO_FAIL_IF_QUIESCING, MQGMO_CONVERT, MQGMO_LOGICAL_ORDER, MQGMO_COMPLETE_MSG, MQGMO_ALL_MSGS_AVAILABLE
64:
MQGMO_NONE, MQGMO_WAIT, MQGMO_SYNCPOINT, MQGMO_NO_SYNCPOINT, MQGMO_SET_SIGNAL, MQGMO_MARK_SKIP_BACKOUT, MQGMO_MSG_UNDER_CURSOR, MQGMO_LOCK, MQGMO_UNLOCK, MQGMO_SYNCPOINT_IF_PERSISTENT, MQGMO_FAIL_IF_QUIESCING, MQGMO_CONVERT, MQGMO_LOGICAL_ORDER, MQGMO_COMPLETE_MSG, MQGMO_ALL_MSGS_AVAILABLE, MQGMO_ALL_SEGMENTS_AVAILABLE
&lt;null&gt;
65:
MQGMO_NONE, MQGMO_LOCK, MQGMO_SYNCPOINT_IF_PERSISTENT
65:
MQGMO_NONE, MQGMO_SYNCPOINT, MQGMO_NO_SYNCPOINT, MQGMO_SET_SIGNAL, MQGMO_BROWSE_FIRST, MQGMO_BROWSE_NEXT, MQGMO_ACCEPT_TRUNCATED_MSG, MQGMO_MARK_SKIP_BACKOUT, MQGMO_MSG_UNDER_CURSOR, MQGMO_SYNCPOINT_IF_PERSISTENT, MQGMO_FAIL_IF_QUIESCING, MQGMO_CONVERT, MQGMO_LOGICAL_ORDER, MQGMO_COMPLETE_MSG, MQGMO_ALL_MSGS_AVAILABLE
65:
MQGMO_NONE, MQGMO_WAIT, MQGMO_SYNCPOINT, MQGMO_NO_SYNCPOINT, MQGMO_SET_SIGNAL, MQGMO_BROWSE_FIRST, MQGMO_BROWSE_NEXT, MQGMO_ACCEPT_TRUNCATED_MSG, MQGMO_MARK_SKIP_BACKOUT, MQGMO_MSG_UNDER_CURSOR, MQGMO_LOCK, MQGMO_UNLOCK, MQGMO_BROWSE_MSG_UNDER_CURSOR, MQGMO_SYNCPOINT_IF_PERSISTENT, MQGMO_FAIL_IF_QUIESCING, MQGMO_CONVERT, MQGMO_LOGICAL_ORDER, MQGMO_COMPLETE_MSG, MQGMO_ALL_MSGS_AVAILABLE, MQGMO_ALL_SEGMENTS_AVAILABLE
&lt;null&gt;
66:
MQGMO_NONE, MQGMO_BROWSE_FIRST, MQGMO_BROWSE_NEXT, MQGMO_ACCEPT_TRUNCATED_MSG, MQGMO_MARK_SKIP_BACKOUT, MQGMO_MSG_UNDER_CURSOR, MQGMO_FAIL_IF_QUIESCING, MQGMO_CONVERT, MQGMO_LOGICAL_ORDER, MQGMO_COMPLETE_MSG
66:
MQGMO_NONE, MQGMO_WAIT, MQGMO_SYNCPOINT, MQGMO_NO_SYNCPOINT, MQGMO_SET_SIGNAL, MQGMO_BROWSE_FIRST, MQGMO_BROWSE_NEXT, MQGMO_ACCEPT_TRUNCATED_MSG, MQGMO_MARK_SKIP_BACKOUT, MQGMO_MSG_UNDER_CURSOR, MQGMO_LOCK, MQGMO_UNLOCK, MQGMO_BROWSE_MSG_UNDER_CURSOR, MQGMO_SYNCPOINT_IF_PERSISTENT, MQGMO_FAIL_IF_QUIESCING, MQGMO_CONVERT, MQGMO_LOGICAL_ORDER, MQGMO_COMPLETE_MSG, MQGMO_ALL_MSGS_AVAILABLE, MQGMO_ALL_SEGMENTS_AVAILABLE
&lt;null&gt;
67:
MQGMO_NO_WAIT
67:
MQGMO_NONE, MQGMO_NO_SYNCPOINT, MQGMO_MSG_UNDER_CURSOR, MQGMO_LOCK
67:
MQGMO_NONE, MQGMO_NO_SYNCPOINT, MQGMO_SET_SIGNAL, MQGMO_BROWSE_FIRST, MQGMO_BROWSE_NEXT, MQGMO_ACCEPT_TRUNCATED_MSG, MQGMO_MARK_SKIP_BACKOUT, MQGMO_MSG_UNDER_CURSOR, MQGMO_LOCK, MQGMO_UNLOCK, MQGMO_BROWSE_MSG_UNDER_CURSOR, MQGMO_SYNCPOINT_IF_PERSISTENT, MQGMO_CONVERT, MQGMO_LOGICAL_ORDER, MQGMO_COMPLETE_MSG, MQGMO_ALL_MSGS_AVAILABLE, MQGMO_ALL_SEGMENTS_AVAILABLE
67:
MQGMO_NONE, MQGMO_WAIT, MQGMO_SYNCPOINT, MQGMO_NO_SYNCPOINT, MQGMO_SET_SIGNAL, MQGMO_BROWSE_FIRST, MQGMO_BROWSE_NEXT, MQGMO_ACCEPT_TRUNCATED_MSG, MQGMO_MARK_SKIP_BACKOUT, MQGMO_LOCK, MQGMO_UNLOCK, MQGMO_BROWSE_MSG_UNDER_CURSOR, MQGMO_SYNCPOINT_IF_PERSISTENT, MQGMO_FAIL_IF_QUIESCING, MQGMO_CONVERT, MQGMO_LOGICAL_ORDER, MQGMO_COMPLETE_MSG, MQGMO_ALL_MSGS_AVAILABLE, MQGMO_ALL_SEGMENTS_AVAILABLE
&lt;null&gt;
68:
MQGMO_NONE, MQGMO_SET_SIGNAL, MQGMO_ACCEPT_TRUNCATED_MSG, MQGMO_BROWSE_MSG_UNDER_CURSOR, MQGMO_CONVERT, MQGMO_ALL_MSGS_AVAILABLE, MQGMO_ALL_SEGMENTS_AVAILABLE
68:
MQGMO_NONE, MQGMO_WAIT, MQGMO_SYNCPOINT, MQGMO_NO_SYNCPOINT, MQGMO_SET_SIGNAL, MQGMO_BROWSE_FIRST, MQGMO_BROWSE_NEXT, MQGMO_ACCEPT_TRUNCATED_MSG, MQGMO_MARK_SKIP_BACKOUT, MQGMO_MSG_UNDER_CURSOR, MQGMO_LOCK, MQGMO_UNLOCK, MQGMO_BROWSE_MSG_UNDER_CURSOR, MQGMO_SYNCPOINT_IF_PERSISTENT, MQGMO_FAIL_IF_QUIESCING, MQGMO_CONVERT, MQGMO_LOGICAL_ORDER, MQGMO_COMPLETE_MSG, MQGMO_ALL_MSGS_AVAILABLE, MQGMO_ALL_SEGMENTS_AVAILABLE
&lt;null&gt;
69:
MQGMO_NONE, MQGMO_WAIT, MQGMO_BROWSE_FIRST, MQGMO_BROWSE_NEXT, MQGMO_ACCEPT_TRUNCATED_MSG, MQGMO_MARK_SKIP_BACKOUT, MQGMO_MSG_UNDER_CURSOR, MQGMO_LOCK, MQGMO_UNLOCK, MQGMO_LOGICAL_ORDER, MQGMO_COMPLETE_MSG, MQGMO_ALL_MSGS_AVAILABLE, MQGMO_ALL_SEGMENTS_AVAILABLE
&lt;null&gt;
70:
MQGMO_NONE, MQGMO_WAIT, MQGMO_SYNCPOINT, MQGMO_NO_SYNCPOINT, MQGMO_SET_SIGNAL, MQGMO_BROWSE_FIRST, MQGMO_BROWSE_NEXT, MQGMO_ACCEPT_TRUNCATED_MSG, MQGMO_MARK_SKIP_BACKOUT, MQGMO_MSG_UNDER_CURSOR, MQGMO_LOCK, MQGMO_UNLOCK, MQGMO_BROWSE_MSG_UNDER_CURSOR, MQGMO_SYNCPOINT_IF_PERSISTENT, MQGMO_FAIL_IF_QUIESCING, MQGMO_CONVERT, MQGMO_LOGICAL_ORDER, MQGMO_COMPLETE_MSG, MQGMO_ALL_MSGS_AVAILABLE, MQGMO_ALL_SEGMENTS_AVAILABLE
&lt;null&gt;
71:
MQGMO_NONE, MQGMO_WAIT, MQGMO_SYNCPOINT, MQGMO_NO_SYNCPOINT, MQGMO_SET_SIGNAL, MQGMO_BROWSE_FIRST, MQGMO_BROWSE_NEXT, MQGMO_ACCEPT_TRUNCATED_MSG, MQGMO_MARK_SKIP_BACKOUT, MQGMO_MSG_UNDER_CURSOR, MQGMO_LOCK, MQGMO_UNLOCK, MQGMO_BROWSE_MSG_UNDER_CURSOR, MQGMO_SYNCPOINT_IF_PERSISTENT, MQGMO_FAIL_IF_QUIESCING, MQGMO_CONVERT, MQGMO_LOGICAL_ORDER, MQGMO_COMPLETE_MSG, MQGMO_ALL_MSGS_AVAILABLE, MQGMO_ALL_SEGMENTS_AVAILABLE
&lt;null&gt;
72:
MQGMO_NONE, MQGMO_BROWSE_MSG_UNDER_CURSOR, MQGMO_CONVERT
72:
MQGMO_NONE, MQGMO_WAIT, MQGMO_SYNCPOINT, MQGMO_NO_SYNCPOINT, MQGMO_SET_SIGNAL, MQGMO_BROWSE_FIRST, MQGMO_BROWSE_NEXT, MQGMO_ACCEPT_TRUNCATED_MSG, MQGMO_MARK_SKIP_BACKOUT, MQGMO_LOCK, MQGMO_UNLOCK, MQGMO_BROWSE_MSG_UNDER_CURSOR, MQGMO_SYNCPOINT_IF_PERSISTENT, MQGMO_FAIL_IF_QUIESCING, MQGMO_CONVERT, MQGMO_LOGICAL_ORDER, MQGMO_COMPLETE_MSG, MQGMO_ALL_MSGS_AVAILABLE
&lt;null&gt;
73:
MQGMO_NONE, MQGMO_WAIT, MQGMO_SYNCPOINT, MQGMO_NO_SYNCPOINT, MQGMO_SET_SIGNAL, MQGMO_BROWSE_FIRST, MQGMO_BROWSE_NEXT, MQGMO_MARK_SKIP_BACKOUT, MQGMO_MSG_UNDER_CURSOR, MQGMO_LOCK, MQGMO_UNLOCK, MQGMO_BROWSE_MSG_UNDER_CURSOR, MQGMO_SYNCPOINT_IF_PERSISTENT, MQGMO_FAIL_IF_QUIESCING, MQGMO_CONVERT, MQGMO_LOGICAL_ORDER, MQGMO_COMPLETE_MSG, MQGMO_ALL_MSGS_AVAILABLE, MQGMO_ALL_SEGMENTS_AVAILABLE
&lt;null&gt;
74:
MQGMO_NONE, MQGMO_WAIT, MQGMO_SYNCPOINT, MQGMO_NO_SYNCPOINT, MQGMO_SET_SIGNAL, MQGMO_BROWSE_FIRST, MQGMO_BROWSE_NEXT, MQGMO_ACCEPT_TRUNCATED_MSG, MQGMO_MARK_SKIP_BACKOUT, MQGMO_MSG_UNDER_CURSOR, MQGMO_LOCK, MQGMO_UNLOCK, MQGMO_BROWSE_MSG_UNDER_CURSOR, MQGMO_SYNCPOINT_IF_PERSISTENT, MQGMO_FAIL_IF_QUIESCING, MQGMO_CONVERT, MQGMO_LOGICAL_ORDER, MQGMO_COMPLETE_MSG, MQGMO_ALL_MSGS_AVAILABLE, MQGMO_ALL_SEGMENTS_AVAILABLE
&lt;null&gt;
75:
MQGMO_NONE, MQGMO_WAIT, MQGMO_SYNCPOINT, MQGMO_NO_SYNCPOINT, MQGMO_SET_SIGNAL, MQGMO_BROWSE_FIRST, MQGMO_BROWSE_NEXT, MQGMO_ACCEPT_TRUNCATED_MSG, MQGMO_MARK_SKIP_BACKOUT, MQGMO_MSG_UNDER_CURSOR, MQGMO_LOCK, MQGMO_UNLOCK, MQGMO_BROWSE_MSG_UNDER_CURSOR, MQGMO_SYNCPOINT_IF_PERSISTENT, MQGMO_FAIL_IF_QUIESCING, MQGMO_CONVERT, MQGMO_LOGICAL_ORDER, MQGMO_COMPLETE_MSG, MQGMO_ALL_MSGS_AVAILABLE, MQGMO_ALL_SEGMENTS_AVAILABLE
&lt;null&gt;
76:
MQGMO_NONE, MQGMO_SYNCPOINT, MQGMO_NO_SYNCPOINT, MQGMO_MARK_SKIP_BACKOUT, MQGMO_MSG_UNDER_CURSOR, MQGMO_LOCK, MQGMO_UNLOCK, MQGMO_BROWSE_MSG_UNDER_CURSOR, MQGMO_COMPLETE_MSG
76:
MQGMO_NONE, MQGMO_NO_SYNCPOINT, MQGMO_ACCEPT_TRUNCATED_MSG, MQGMO_MARK_SKIP_BACKOUT, MQGMO_MSG_UNDER_CURSOR, MQGMO_LOCK, MQGMO_UNLOCK, MQGMO_LOGICAL_ORDER, MQGMO_COMPLETE_MSG, MQGMO_ALL_MSGS_AVAILABLE, MQGMO_ALL_SEGMENTS_AVAILABLE
76:
MQGMO_NONE, MQGMO_SYNCPOINT, MQGMO_NO_SYNCPOINT, MQGMO_SET_SIGNAL, MQGMO_BROWSE_FIRST, MQGMO_BROWSE_NEXT, MQGMO_ACCEPT_TRUNCATED_MSG, MQGMO_MARK_SKIP_BACKOUT, MQGMO_MSG_UNDER_CURSOR, MQGMO_UNLOCK, MQGMO_BROWSE_MSG_UNDER_CURSOR, MQGMO_SYNCPOINT_IF_PERSISTENT, MQGMO_FAIL_IF_QUIESCING, MQGMO_CONVERT, MQGMO_LOGICAL_ORDER, MQGMO_COMPLETE_MSG, MQGMO_ALL_MSGS_AVAILABLE, MQGMO_ALL_SEGMENTS_AVAILABLE
76:
MQGMO_NONE, MQGMO_WAIT, MQGMO_SYNCPOINT, MQGMO_NO_SYNCPOINT, MQGMO_SET_SIGNAL, MQGMO_BROWSE_FIRST, MQGMO_BROWSE_NEXT, MQGMO_ACCEPT_TRUNCATED_MSG, MQGMO_MARK_SKIP_BACKOUT, MQGMO_MSG_UNDER_CURSOR, MQGMO_LOCK, MQGMO_UNLOCK, MQGMO_BROWSE_MSG_UNDER_CURSOR, MQGMO_SYNCPOINT_IF_PERSISTENT, MQGMO_FAIL_IF_QUIESCING, MQGMO_CONVERT, MQGMO_LOGICAL_ORDER, MQGMO_COMPLETE_MSG, MQGMO_ALL_MSGS_AVAILABLE, MQGMO_ALL_SEGMENTS_AVAILABLE
&lt;null&gt;
77:
MQGMO_NONE, MQGMO_WAIT, MQGMO_SYNCPOINT, MQGMO_NO_SYNCPOINT, MQGMO_SET_SIGNAL, MQGMO_BROWSE_FIRST, MQGMO_BROWSE_NEXT, MQGMO_ACCEPT_TRUNCATED_MSG, MQGMO_MARK_SKIP_BACKOUT, MQGMO_MSG_UNDER_CURSOR, MQGMO_LOCK, MQGMO_UNLOCK, MQGMO_BROWSE_MSG_UNDER_CURSOR, MQGMO_SYNCPOINT_IF_PERSISTENT, MQGMO_FAIL_IF_QUIESCING, MQGMO_CONVERT, MQGMO_LOGICAL_ORDER, MQGMO_COMPLETE_MSG, MQGMO_ALL_MSGS_AVAILABLE, MQGMO_ALL_SEGMENTS_AVAILABLE
&lt;null&gt;
78:
MQGMO_NONE, MQGMO_WAIT, MQGMO_SYNCPOINT, MQGMO_NO_SYNCPOINT, MQGMO_SET_SIGNAL, MQGMO_BROWSE_FIRST, MQGMO_BROWSE_NEXT, MQGMO_ACCEPT_TRUNCATED_MSG, MQGMO_MARK_SKIP_BACKOUT, MQGMO_MSG_UNDER_CURSOR, MQGMO_LOCK, MQGMO_UNLOCK, MQGMO_BROWSE_MSG_UNDER_CURSOR, MQGMO_SYNCPOINT_IF_PERSISTENT, MQGMO_FAIL_IF_QUIESCING, MQGMO_CONVERT, MQGMO_LOGICAL_ORDER, MQGMO_COMPLETE_MSG, MQGMO_ALL_MSGS_AVAILABLE, MQGMO_ALL_SEGMENTS_AVAILABLE
&lt;null&gt;
79:
MQGMO_NONE, MQGMO_WAIT, MQGMO_SYNCPOINT, MQGMO_NO_SYNCPOINT, MQGMO_BROWSE_FIRST, MQGMO_BROWSE_NEXT, MQGMO_ACCEPT_TRUNCATED_MSG, MQGMO_MARK_SKIP_BACKOUT, MQGMO_MSG_UNDER_CURSOR, MQGMO_LOCK, MQGMO_BROWSE_MSG_UNDER_CURSOR, MQGMO_SYNCPOINT_IF_PERSISTENT, MQGMO_LOGICAL_ORDER, MQGMO_ALL_MSGS_AVAILABLE, MQGMO_ALL_SEGMENTS_AVAILABLE
&lt;null&gt;
80:
MQGMO_NONE, MQGMO_WAIT, MQGMO_SYNCPOINT, MQGMO_NO_SYNCPOINT, MQGMO_SET_SIGNAL, MQGMO_BROWSE_FIRST, MQGMO_BROWSE_NEXT, MQGMO_ACCEPT_TRUNCATED_MSG, MQGMO_MARK_SKIP_BACKOUT, MQGMO_MSG_UNDER_CURSOR, MQGMO_LOCK, MQGMO_UNLOCK, MQGMO_BROWSE_MSG_UNDER_CURSOR, MQGMO_SYNCPOINT_IF_PERSISTENT, MQGMO_FAIL_IF_QUIESCING, MQGMO_CONVERT, MQGMO_LOGICAL_ORDER, MQGMO_COMPLETE_MSG, MQGMO_ALL_MSGS_AVAILABLE, MQGMO_ALL_SEGMENTS_AVAILABLE
&lt;null&gt;
81:
MQGMO_NONE, MQGMO_WAIT, MQGMO_SYNCPOINT, MQGMO_NO_SYNCPOINT, MQGMO_SET_SIGNAL, MQGMO_BROWSE_FIRST, MQGMO_BROWSE_NEXT, MQGMO_ACCEPT_TRUNCATED_MSG, MQGMO_MARK_SKIP_BACKOUT, MQGMO_MSG_UNDER_CURSOR, MQGMO_LOCK, MQGMO_UNLOCK, MQGMO_BROWSE_MSG_UNDER_CURSOR, MQGMO_SYNCPOINT_IF_PERSISTENT, MQGMO_FAIL_IF_QUIESCING, MQGMO_CONVERT, MQGMO_LOGICAL_ORDER, MQGMO_COMPLETE_MSG, MQGMO_ALL_MSGS_AVAILABLE, MQGMO_ALL_SEGMENTS_AVAILABLE
&lt;null&gt;
82:
MQGMO_NONE, MQGMO_WAIT, MQGMO_SYNCPOINT, MQGMO_NO_SYNCPOINT, MQGMO_SET_SIGNAL, MQGMO_BROWSE_FIRST, MQGMO_BROWSE_NEXT, MQGMO_ACCEPT_TRUNCATED_MSG, MQGMO_MARK_SKIP_BACKOUT, MQGMO_MSG_UNDER_CURSOR, MQGMO_LOCK, MQGMO_UNLOCK, MQGMO_BROWSE_MSG_UNDER_CURSOR, MQGMO_SYNCPOINT_IF_PERSISTENT, MQGMO_FAIL_IF_QUIESCING, MQGMO_CONVERT, MQGMO_LOGICAL_ORDER, MQGMO_COMPLETE_MSG, MQGMO_ALL_MSGS_AVAILABLE, MQGMO_ALL_SEGMENTS_AVAILABLE
&lt;null&gt;
83:
MQGMO_NONE, MQGMO_WAIT, MQGMO_SYNCPOINT, MQGMO_NO_SYNCPOINT, MQGMO_SET_SIGNAL, MQGMO_BROWSE_FIRST, MQGMO_BROWSE_NEXT, MQGMO_ACCEPT_TRUNCATED_MSG, MQGMO_MARK_SKIP_BACKOUT, MQGMO_MSG_UNDER_CURSOR, MQGMO_LOCK, MQGMO_UNLOCK, MQGMO_BROWSE_MSG_UNDER_CURSOR, MQGMO_FAIL_IF_QUIESCING, MQGMO_LOGICAL_ORDER, MQGMO_COMPLETE_MSG, MQGMO_ALL_MSGS_AVAILABLE, MQGMO_ALL_SEGMENTS_AVAILABLE
&lt;null&gt;
84:
MQGMO_NONE, MQGMO_WAIT, MQGMO_SYNCPOINT, MQGMO_NO_SYNCPOINT, MQGMO_SET_SIGNAL, MQGMO_BROWSE_NEXT, MQGMO_ACCEPT_TRUNCATED_MSG, MQGMO_MARK_SKIP_BACKOUT, MQGMO_MSG_UNDER_CURSOR, MQGMO_LOCK, MQGMO_UNLOCK, MQGMO_BROWSE_MSG_UNDER_CURSOR, MQGMO_SYNCPOINT_IF_PERSISTENT, MQGMO_FAIL_IF_QUIESCING, MQGMO_CONVERT, MQGMO_LOGICAL_ORDER, MQGMO_COMPLETE_MSG, MQGMO_ALL_MSGS_AVAILABLE, MQGMO_ALL_SEGMENTS_AVAILABLE
&lt;null&gt;
85:
MQGMO_NONE, MQGMO_SYNCPOINT, MQGMO_NO_SYNCPOINT, MQGMO_SET_SIGNAL, MQGMO_BROWSE_FIRST, MQGMO_BROWSE_NEXT, MQGMO_MSG_UNDER_CURSOR, MQGMO_BROWSE_MSG_UNDER_CURSOR, MQGMO_SYNCPOINT_IF_PERSISTENT, MQGMO_FAIL_IF_QUIESCING, MQGMO_CONVERT, MQGMO_LOGICAL_ORDER, MQGMO_ALL_MSGS_AVAILABLE
85:
MQGMO_NONE, MQGMO_WAIT, MQGMO_SYNCPOINT, MQGMO_NO_SYNCPOINT, MQGMO_SET_SIGNAL, MQGMO_BROWSE_FIRST, MQGMO_BROWSE_NEXT, MQGMO_ACCEPT_TRUNCATED_MSG, MQGMO_MARK_SKIP_BACKOUT, MQGMO_MSG_UNDER_CURSOR, MQGMO_LOCK, MQGMO_UNLOCK, MQGMO_BROWSE_MSG_UNDER_CURSOR, MQGMO_SYNCPOINT_IF_PERSISTENT, MQGMO_FAIL_IF_QUIESCING, MQGMO_CONVERT, MQGMO_LOGICAL_ORDER, MQGMO_COMPLETE_MSG, MQGMO_ALL_MSGS_AVAILABLE, MQGMO_ALL_SEGMENTS_AVAILABLE
&lt;null&gt;
86:
MQGMO_NONE, MQGMO_WAIT, MQGMO_NO_SYNCPOINT, MQGMO_SET_SIGNAL, MQGMO_BROWSE_FIRST, MQGMO_BROWSE_NEXT, MQGMO_ACCEPT_TRUNCATED_MSG, MQGMO_MARK_SKIP_BACKOUT, MQGMO_MSG_UNDER_CURSOR, MQGMO_LOCK, MQGMO_BROWSE_MSG_UNDER_CURSOR, MQGMO_SYNCPOINT_IF_PERSISTENT, MQGMO_FAIL_IF_QUIESCING, MQGMO_CONVERT, MQGMO_LOGICAL_ORDER, MQGMO_COMPLETE_MSG, MQGMO_ALL_MSGS_AVAILABLE, MQGMO_ALL_SEGMENTS_AVAILABLE
&lt;null&gt;
87:
MQGMO_NONE, MQGMO_WAIT, MQGMO_SYNCPOINT, MQGMO_NO_SYNCPOINT, MQGMO_SET_SIGNAL, MQGMO_BROWSE_FIRST, MQGMO_BROWSE_NEXT, MQGMO_ACCEPT_TRUNCATED_MSG, MQGMO_MARK_SKIP_BACKOUT, MQGMO_MSG_UNDER_CURSOR, MQGMO_LOCK, MQGMO_BROWSE_MSG_UNDER_CURSOR, MQGMO_SYNCPOINT_IF_PERSISTENT, MQGMO_CONVERT, MQGMO_LOGICAL_ORDER, MQGMO_COMPLETE_MSG, MQGMO_ALL_MSGS_AVAILABLE, MQGMO_ALL_SEGMENTS_AVAILABLE
&lt;null&gt;
88:
MQGMO_NONE, MQGMO_WAIT, MQGMO_SYNCPOINT, MQGMO_NO_SYNCPOINT, MQGMO_SET_SIGNAL, MQGMO_BROWSE_FIRST, MQGMO_BROWSE_NEXT, MQGMO_MARK_SKIP_BACKOUT, MQGMO_MSG_UNDER_CURSOR, MQGMO_UNLOCK, MQGMO_BROWSE_MSG_UNDER_CURSOR, MQGMO_FAIL_IF_QUIESCING, MQGMO_CONVERT, MQGMO_LOGICAL_ORDER, MQGMO_ALL_MSGS_AVAILABLE, MQGMO_ALL_SEGMENTS_AVAILABLE
&lt;null&gt;
89:
MQGMO_NONE, MQGMO_SET_SIGNAL, MQGMO_BROWSE_FIRST, MQGMO_BROWSE_NEXT, MQGMO_ACCEPT_TRUNCATED_MSG, MQGMO_MARK_SKIP_BACKOUT, MQGMO_FAIL_IF_QUIESCING, MQGMO_CONVERT, MQGMO_LOGICAL_ORDER, MQGMO_COMPLETE_MSG, MQGMO_ALL_SEGMENTS_AVAILABLE
89:
MQGMO_NONE, MQGMO_SET_SIGNAL, MQGMO_CONVERT
89:
MQGMO_NONE, MQGMO_WAIT, MQGMO_SYNCPOINT, MQGMO_NO_SYNCPOINT, MQGMO_SET_SIGNAL, MQGMO_BROWSE_FIRST, MQGMO_BROWSE_NEXT, MQGMO_ACCEPT_TRUNCATED_MSG, MQGMO_MARK_SKIP_BACKOUT, MQGMO_MSG_UNDER_CURSOR, MQGMO_LOCK, MQGMO_UNLOCK, MQGMO_BROWSE_MSG_UNDER_CURSOR, MQGMO_SYNCPOINT_IF_PERSISTENT, MQGMO_FAIL_IF_QUIESCING, MQGMO_CONVERT, MQGMO_LOGICAL_ORDER, MQGMO_COMPLETE_MSG, MQGMO_ALL_MSGS_AVAILABLE, MQGMO_ALL_SEGMENTS_AVAILABLE
&lt;null&gt;
90:
MQGMO_NONE, MQGMO_BROWSE_FIRST, MQGMO_BROWSE_NEXT, MQGMO_ACCEPT_TRUNCATED_MSG, MQGMO_MARK_SKIP_BACKOUT, MQGMO_MSG_UNDER_CURSOR, MQGMO_COMPLETE_MSG, MQGMO_ALL_MSGS_AVAILABLE, MQGMO_ALL_SEGMENTS_AVAILABLE
90:
MQGMO_NONE, MQGMO_WAIT, MQGMO_SYNCPOINT, MQGMO_NO_SYNCPOINT, MQGMO_SET_SIGNAL, MQGMO_ACCEPT_TRUNCATED_MSG, MQGMO_MARK_SKIP_BACKOUT, MQGMO_MSG_UNDER_CURSOR, MQGMO_LOCK, MQGMO_UNLOCK, MQGMO_BROWSE_MSG_UNDER_CURSOR, MQGMO_SYNCPOINT_IF_PERSISTENT, MQGMO_FAIL_IF_QUIESCING, MQGMO_CONVERT, MQGMO_ALL_SEGMENTS_AVAILABLE
&lt;null&gt;
91:
MQGMO_NONE, MQGMO_BROWSE_NEXT, MQGMO_ACCEPT_TRUNCATED_MSG, MQGMO_MARK_SKIP_BACKOUT, MQGMO_MSG_UNDER_CURSOR, MQGMO_UNLOCK, MQGMO_BROWSE_MSG_UNDER_CURSOR, MQGMO_FAIL_IF_QUIESCING, MQGMO_CONVERT, MQGMO_COMPLETE_MSG, MQGMO_ALL_MSGS_AVAILABLE
91:
MQGMO_NONE, MQGMO_WAIT, MQGMO_SYNCPOINT, MQGMO_NO_SYNCPOINT, MQGMO_SET_SIGNAL, MQGMO_BROWSE_FIRST, MQGMO_BROWSE_NEXT, MQGMO_ACCEPT_TRUNCATED_MSG, MQGMO_MARK_SKIP_BACKOUT, MQGMO_MSG_UNDER_CURSOR, MQGMO_LOCK, MQGMO_UNLOCK, MQGMO_BROWSE_MSG_UNDER_CURSOR, MQGMO_SYNCPOINT_IF_PERSISTENT, MQGMO_FAIL_IF_QUIESCING, MQGMO_CONVERT, MQGMO_LOGICAL_ORDER, MQGMO_COMPLETE_MSG, MQGMO_ALL_MSGS_AVAILABLE, MQGMO_ALL_SEGMENTS_AVAILABLE
&lt;null&gt;
92:
MQGMO_NONE, MQGMO_SET_SIGNAL, MQGMO_BROWSE_FIRST, MQGMO_BROWSE_NEXT, MQGMO_ACCEPT_TRUNCATED_MSG, MQGMO_MARK_SKIP_BACKOUT, MQGMO_MSG_UNDER_CURSOR, MQGMO_LOCK, MQGMO_UNLOCK, MQGMO_SYNCPOINT_IF_PERSISTENT, MQGMO_CONVERT, MQGMO_LOGICAL_ORDER, MQGMO_COMPLETE_MSG, MQGMO_ALL_MSGS_AVAILABLE, MQGMO_ALL_SEGMENTS_AVAILABLE
92:
MQGMO_NONE, MQGMO_MARK_SKIP_BACKOUT, MQGMO_UNLOCK, MQGMO_ALL_MSGS_AVAILABLE
92:
MQGMO_NONE, MQGMO_WAIT, MQGMO_SYNCPOINT, MQGMO_NO_SYNCPOINT, MQGMO_SET_SIGNAL, MQGMO_BROWSE_FIRST, MQGMO_BROWSE_NEXT, MQGMO_ACCEPT_TRUNCATED_MSG, MQGMO_MARK_SKIP_BACKOUT, MQGMO_MSG_UNDER_CURSOR, MQGMO_LOCK, MQGMO_UNLOCK, MQGMO_BROWSE_MSG_UNDER_CURSOR, MQGMO_SYNCPOINT_IF_PERSISTENT, MQGMO_FAIL_IF_QUIESCING, MQGMO_CONVERT, MQGMO_LOGICAL_ORDER, MQGMO_COMPLETE_MSG, MQGMO_ALL_MSGS_AVAILABLE
&lt;null&gt;
93:
MQGMO_NONE, MQGMO_WAIT, MQGMO_SYNCPOINT, MQGMO_SET_SIGNAL, MQGMO_BROWSE_FIRST, MQGMO_ACCEPT_TRUNCATED_MSG, MQGMO_MSG_UNDER_CURSOR, MQGMO_LOCK, MQGMO_UNLOCK, MQGMO_BROWSE_MSG_UNDER_CURSOR, MQGMO_FAIL_IF_QUIESCING, MQGMO_CONVERT, MQGMO_ALL_MSGS_AVAILABLE, MQGMO_ALL_SEGMENTS_AVAILABLE
&lt;null&gt;
94:
MQGMO_NONE, MQGMO_WAIT, MQGMO_SYNCPOINT, MQGMO_NO_SYNCPOINT, MQGMO_SET_SIGNAL, MQGMO_BROWSE_FIRST, MQGMO_BROWSE_NEXT, MQGMO_ACCEPT_TRUNCATED_MSG, MQGMO_MARK_SKIP_BACKOUT, MQGMO_LOCK, MQGMO_UNLOCK, MQGMO_BROWSE_MSG_UNDER_CURSOR, MQGMO_SYNCPOINT_IF_PERSISTENT, MQGMO_FAIL_IF_QUIESCING, MQGMO_CONVERT, MQGMO_LOGICAL_ORDER, MQGMO_COMPLETE_MSG, MQGMO_ALL_MSGS_AVAILABLE, MQGMO_ALL_SEGMENTS_AVAILABLE
&lt;null&gt;
95:
MQGMO_NONE, MQGMO_WAIT, MQGMO_SYNCPOINT, MQGMO_NO_SYNCPOINT, MQGMO_SET_SIGNAL, MQGMO_BROWSE_FIRST, MQGMO_BROWSE_NEXT, MQGMO_ACCEPT_TRUNCATED_MSG, MQGMO_MARK_SKIP_BACKOUT, MQGMO_MSG_UNDER_CURSOR, MQGMO_LOCK, MQGMO_UNLOCK, MQGMO_BROWSE_MSG_UNDER_CURSOR, MQGMO_SYNCPOINT_IF_PERSISTENT, MQGMO_FAIL_IF_QUIESCING, MQGMO_CONVERT, MQGMO_LOGICAL_ORDER, MQGMO_COMPLETE_MSG, MQGMO_ALL_MSGS_AVAILABLE
&lt;null&gt;
96:
MQGMO_NONE, MQGMO_WAIT, MQGMO_NO_SYNCPOINT, MQGMO_SET_SIGNAL, MQGMO_BROWSE_FIRST, MQGMO_BROWSE_NEXT, MQGMO_ACCEPT_TRUNCATED_MSG, MQGMO_MARK_SKIP_BACKOUT, MQGMO_MSG_UNDER_CURSOR, MQGMO_LOCK, MQGMO_UNLOCK, MQGMO_BROWSE_MSG_UNDER_CURSOR, MQGMO_SYNCPOINT_IF_PERSISTENT, MQGMO_FAIL_IF_QUIESCING, MQGMO_CONVERT, MQGMO_LOGICAL_ORDER, MQGMO_COMPLETE_MSG, MQGMO_ALL_MSGS_AVAILABLE, MQGMO_ALL_SEGMENTS_AVAILABLE
&lt;null&gt;
97:
MQGMO_NONE, MQGMO_WAIT, MQGMO_SYNCPOINT, MQGMO_NO_SYNCPOINT, MQGMO_SET_SIGNAL, MQGMO_BROWSE_FIRST, MQGMO_BROWSE_NEXT, MQGMO_ACCEPT_TRUNCATED_MSG, MQGMO_MARK_SKIP_BACKOUT, MQGMO_MSG_UNDER_CURSOR, MQGMO_LOCK, MQGMO_UNLOCK, MQGMO_BROWSE_MSG_UNDER_CURSOR, MQGMO_SYNCPOINT_IF_PERSISTENT, MQGMO_FAIL_IF_QUIESCING, MQGMO_CONVERT, MQGMO_LOGICAL_ORDER, MQGMO_COMPLETE_MSG, MQGMO_ALL_MSGS_AVAILABLE, MQGMO_ALL_SEGMENTS_AVAILABLE
&lt;null&gt;
98:
MQGMO_NONE, MQGMO_WAIT, MQGMO_SYNCPOINT, MQGMO_SET_SIGNAL, MQGMO_BROWSE_FIRST, MQGMO_BROWSE_NEXT, MQGMO_ACCEPT_TRUNCATED_MSG, MQGMO_MARK_SKIP_BACKOUT, MQGMO_MSG_UNDER_CURSOR, MQGMO_LOCK, MQGMO_UNLOCK, MQGMO_BROWSE_MSG_UNDER_CURSOR, MQGMO_SYNCPOINT_IF_PERSISTENT, MQGMO_FAIL_IF_QUIESCING, MQGMO_CONVERT, MQGMO_LOGICAL_ORDER, MQGMO_COMPLETE_MSG, MQGMO_ALL_MSGS_AVAILABLE, MQGMO_ALL_SEGMENTS_AVAILABLE
&lt;null&gt;
99:
MQGMO_NONE, MQGMO_WAIT, MQGMO_SYNCPOINT, MQGMO_NO_SYNCPOINT, MQGMO_SET_SIGNAL, MQGMO_BROWSE_FIRST, MQGMO_BROWSE_NEXT, MQGMO_ACCEPT_TRUNCATED_MSG, MQGMO_MARK_SKIP_BACKOUT, MQGMO_MSG_UNDER_CURSOR, MQGMO_LOCK, MQGMO_UNLOCK, MQGMO_BROWSE_MSG_UNDER_CURSOR, MQGMO_SYNCPOINT_IF_PERSISTENT, MQGMO_FAIL_IF_QUIESCING, MQGMO_CONVERT, MQGMO_LOGICAL_ORDER, MQGMO_COMPLETE_MSG, MQGMO_ALL_MSGS_AVAILABLE, MQGMO_ALL_SEGMENTS_AVAILABLE
&lt;null&gt;
Ok, passed 100 tests.



Debug Trace:
15885 : 15884
359947 : 359946
50117 : 50116
475353 : 475352
270287 : 270286
397191 : 397190
491135 : 491134
83 : 82
20493 : 20492
127225 : 127224
13325 : 13324
466911 : 466910
393215 : 393214
521215 : 521214
509437 : 509436
524287 : 524286
327387 : 327386
523743 : 523742
524271 : 524270
131091 : 131090
499695 : 499694
95775 : 95774
524287 : 524286
524287 : 524286
486369 : 486368
43297 : 43296
524287 : 524286
522175 : 522174
103463 : 103462
519511 : 519510
401283 : 401282
524287 : 524286
491519 : 491518
519167 : 519166
524287 : 524286
524287 : 524286
524287 : 524286
12295 : 12294
59423 : 59422
294461 : 294460
524287 : 524286
524287 : 524286
524287 : 524286
524287 : 524286
84609 : 84608
524287 : 524286
458751 : 458750
327295 : 327294
81419 : 81418
524287 : 524286
351199 : 351198
426945 : 426944
491511 : 491510
331715 : 331714
524287 : 524286
421285 : 421284
524287 : 524286
7717 : 7716
520191 : 520190
265473 : 265472
524287 : 524286
524279 : 524278
491519 : 491518
524287 : 524286
522127 : 522126
524287 : 524286
524287 : 524286
524031 : 524030
524287 : 524286
493553 : 493552
524287 : 524286
524287 : 524286
261887 : 261886
524223 : 524222
524287 : 524286
524287 : 524286
524287 : 524286
524287 : 524286
524287 : 524286
433143 : 433142
524287 : 524286
524287 : 524286
524287 : 524286
503807 : 503806
524271 : 524270
524287 : 524286
523261 : 523260
515071 : 515070
454079 : 454078
524287 : 524286
294863 : 294862
524287 : 524286
262143 : 262142
421723 : 421722
524031 : 524030
262143 : 262142
524285 : 524284
524287 : 524286
524283 : 524282
524287 : 524286</StdOut>
      </Output>
    </UnitTestResult>
    <UnitTestResult executionId="e9afd318-4a60-4179-b018-4f7e1c86a138" testId="b0766167-ac56-78b5-33b1-17aa6a719b35" testName="WaitInterval_SetWithZeroAndOptionsHaveWait_AllOtherOptionsAreIntact" computerName="ICSWS068" duration="00:00:00.0307951" startTime="2016-08-04T09:57:40.5702500+02:00" endTime="2016-08-04T09:57:40.6032550+02:00" testType="13cdc9d9-ddb5-4fa4-a97d-d965ccfc6d4b" outcome="Passed" testListId="8c84fa94-04c1-424b-9868-57a2d4851a1d" relativeResultsDirectory="e9afd318-4a60-4179-b018-4f7e1c86a138">
      <Output>
        <StdOut>0:
MQGMO_NONE, MQGMO_LOCK
0:
MQGMO_NONE, MQGMO_NO_SYNCPOINT
0:
MQGMO_NONE, MQGMO_WAIT, MQGMO_MARK_SKIP_BACKOUT, MQGMO_COMPLETE_MSG
&lt;null&gt;
1:
MQGMO_NO_WAIT
1:
MQGMO_NO_WAIT
1:
MQGMO_NONE, MQGMO_ACCEPT_TRUNCATED_MSG, MQGMO_MARK_SKIP_BACKOUT, MQGMO_CONVERT, MQGMO_ALL_MSGS_AVAILABLE
1:
MQGMO_NONE, MQGMO_MARK_SKIP_BACKOUT, MQGMO_CONVERT
1:
MQGMO_NONE, MQGMO_SET_SIGNAL, MQGMO_LOCK
1:
MQGMO_NONE, MQGMO_WAIT, MQGMO_NO_SYNCPOINT, MQGMO_ACCEPT_TRUNCATED_MSG, MQGMO_MSG_UNDER_CURSOR, MQGMO_BROWSE_MSG_UNDER_CURSOR, MQGMO_SYNCPOINT_IF_PERSISTENT
&lt;null&gt;
2:
MQGMO_NONE, MQGMO_NO_SYNCPOINT, MQGMO_SYNCPOINT_IF_PERSISTENT, MQGMO_CONVERT, MQGMO_ALL_MSGS_AVAILABLE
2:
MQGMO_NONE, MQGMO_WAIT, MQGMO_MSG_UNDER_CURSOR, MQGMO_ALL_SEGMENTS_AVAILABLE
&lt;null&gt;
3:
MQGMO_NO_WAIT
3:
MQGMO_NONE, MQGMO_ACCEPT_TRUNCATED_MSG
3:
MQGMO_NONE, MQGMO_BROWSE_NEXT, MQGMO_ACCEPT_TRUNCATED_MSG, MQGMO_MSG_UNDER_CURSOR, MQGMO_LOCK, MQGMO_SYNCPOINT_IF_PERSISTENT, MQGMO_ALL_SEGMENTS_AVAILABLE
3:
MQGMO_NO_WAIT
3:
MQGMO_NONE, MQGMO_WAIT, MQGMO_UNLOCK, MQGMO_CONVERT, MQGMO_ALL_SEGMENTS_AVAILABLE
&lt;null&gt;
4:
MQGMO_NONE, MQGMO_SYNCPOINT, MQGMO_NO_SYNCPOINT, MQGMO_SET_SIGNAL, MQGMO_UNLOCK, MQGMO_SYNCPOINT_IF_PERSISTENT, MQGMO_FAIL_IF_QUIESCING
4:
MQGMO_NONE, MQGMO_ALL_MSGS_AVAILABLE
4:
MQGMO_NO_WAIT
4:
MQGMO_NO_WAIT
4:
MQGMO_NONE, MQGMO_UNLOCK
4:
MQGMO_NONE, MQGMO_NO_SYNCPOINT, MQGMO_BROWSE_FIRST, MQGMO_FAIL_IF_QUIESCING, MQGMO_COMPLETE_MSG
4:
MQGMO_NONE, MQGMO_SYNCPOINT
4:
MQGMO_NONE, MQGMO_BROWSE_MSG_UNDER_CURSOR
4:
MQGMO_NONE, MQGMO_SYNCPOINT, MQGMO_SET_SIGNAL, MQGMO_MARK_SKIP_BACKOUT, MQGMO_COMPLETE_MSG
4:
MQGMO_NONE, MQGMO_WAIT, MQGMO_SYNCPOINT, MQGMO_LOCK, MQGMO_ALL_MSGS_AVAILABLE
&lt;null&gt;
5:
MQGMO_NONE, MQGMO_MSG_UNDER_CURSOR, MQGMO_COMPLETE_MSG
5:
MQGMO_NONE, MQGMO_MSG_UNDER_CURSOR
5:
MQGMO_NONE, MQGMO_NO_SYNCPOINT, MQGMO_SET_SIGNAL, MQGMO_BROWSE_FIRST, MQGMO_BROWSE_NEXT, MQGMO_ACCEPT_TRUNCATED_MSG, MQGMO_SYNCPOINT_IF_PERSISTENT, MQGMO_FAIL_IF_QUIESCING, MQGMO_CONVERT, MQGMO_LOGICAL_ORDER, MQGMO_COMPLETE_MSG, MQGMO_ALL_MSGS_AVAILABLE
5:
MQGMO_NONE, MQGMO_SET_SIGNAL, MQGMO_BROWSE_FIRST, MQGMO_ACCEPT_TRUNCATED_MSG, MQGMO_COMPLETE_MSG, MQGMO_ALL_MSGS_AVAILABLE, MQGMO_ALL_SEGMENTS_AVAILABLE
5:
MQGMO_NONE, MQGMO_WAIT, MQGMO_SYNCPOINT, MQGMO_NO_SYNCPOINT, MQGMO_SET_SIGNAL, MQGMO_ACCEPT_TRUNCATED_MSG, MQGMO_MARK_SKIP_BACKOUT, MQGMO_LOCK, MQGMO_UNLOCK, MQGMO_BROWSE_MSG_UNDER_CURSOR, MQGMO_SYNCPOINT_IF_PERSISTENT, MQGMO_FAIL_IF_QUIESCING
&lt;null&gt;
6:
MQGMO_NO_WAIT
6:
MQGMO_NONE, MQGMO_WAIT, MQGMO_SYNCPOINT, MQGMO_NO_SYNCPOINT, MQGMO_BROWSE_FIRST, MQGMO_BROWSE_NEXT, MQGMO_ACCEPT_TRUNCATED_MSG, MQGMO_MSG_UNDER_CURSOR, MQGMO_LOCK, MQGMO_UNLOCK, MQGMO_BROWSE_MSG_UNDER_CURSOR, MQGMO_SYNCPOINT_IF_PERSISTENT, MQGMO_FAIL_IF_QUIESCING, MQGMO_CONVERT, MQGMO_LOGICAL_ORDER, MQGMO_COMPLETE_MSG, MQGMO_ALL_SEGMENTS_AVAILABLE
&lt;null&gt;
7:
MQGMO_NONE, MQGMO_SET_SIGNAL, MQGMO_ACCEPT_TRUNCATED_MSG, MQGMO_BROWSE_MSG_UNDER_CURSOR, MQGMO_CONVERT, MQGMO_COMPLETE_MSG
7:
MQGMO_NONE, MQGMO_WAIT, MQGMO_SYNCPOINT, MQGMO_NO_SYNCPOINT, MQGMO_SET_SIGNAL, MQGMO_BROWSE_FIRST, MQGMO_BROWSE_NEXT, MQGMO_ACCEPT_TRUNCATED_MSG, MQGMO_UNLOCK, MQGMO_BROWSE_MSG_UNDER_CURSOR, MQGMO_SYNCPOINT_IF_PERSISTENT, MQGMO_FAIL_IF_QUIESCING, MQGMO_CONVERT, MQGMO_LOGICAL_ORDER, MQGMO_COMPLETE_MSG, MQGMO_ALL_MSGS_AVAILABLE, MQGMO_ALL_SEGMENTS_AVAILABLE
&lt;null&gt;
8:
MQGMO_NO_WAIT
8:
MQGMO_NONE, MQGMO_WAIT, MQGMO_SYNCPOINT, MQGMO_NO_SYNCPOINT, MQGMO_BROWSE_NEXT, MQGMO_MARK_SKIP_BACKOUT, MQGMO_LOCK, MQGMO_BROWSE_MSG_UNDER_CURSOR, MQGMO_COMPLETE_MSG, MQGMO_ALL_SEGMENTS_AVAILABLE
&lt;null&gt;
9:
MQGMO_NONE, MQGMO_WAIT, MQGMO_SYNCPOINT, MQGMO_MARK_SKIP_BACKOUT, MQGMO_MSG_UNDER_CURSOR, MQGMO_LOCK, MQGMO_UNLOCK, MQGMO_BROWSE_MSG_UNDER_CURSOR
&lt;null&gt;
10:
MQGMO_NONE, MQGMO_SET_SIGNAL, MQGMO_BROWSE_FIRST, MQGMO_BROWSE_NEXT, MQGMO_ACCEPT_TRUNCATED_MSG, MQGMO_LOGICAL_ORDER, MQGMO_COMPLETE_MSG, MQGMO_ALL_MSGS_AVAILABLE
10:
MQGMO_NONE, MQGMO_SET_SIGNAL, MQGMO_BROWSE_FIRST, MQGMO_BROWSE_NEXT, MQGMO_LOGICAL_ORDER, MQGMO_ALL_MSGS_AVAILABLE, MQGMO_ALL_SEGMENTS_AVAILABLE
10:
MQGMO_NONE, MQGMO_WAIT, MQGMO_SYNCPOINT, MQGMO_NO_SYNCPOINT, MQGMO_SET_SIGNAL, MQGMO_BROWSE_FIRST, MQGMO_BROWSE_NEXT, MQGMO_ACCEPT_TRUNCATED_MSG, MQGMO_LOCK, MQGMO_UNLOCK, MQGMO_BROWSE_MSG_UNDER_CURSOR, MQGMO_SYNCPOINT_IF_PERSISTENT, MQGMO_FAIL_IF_QUIESCING, MQGMO_CONVERT, MQGMO_LOGICAL_ORDER, MQGMO_COMPLETE_MSG
&lt;null&gt;
11:
MQGMO_NONE, MQGMO_SYNCPOINT, MQGMO_NO_SYNCPOINT, MQGMO_SET_SIGNAL, MQGMO_BROWSE_FIRST, MQGMO_BROWSE_NEXT, MQGMO_UNLOCK, MQGMO_BROWSE_MSG_UNDER_CURSOR, MQGMO_SYNCPOINT_IF_PERSISTENT, MQGMO_FAIL_IF_QUIESCING, MQGMO_CONVERT, MQGMO_LOGICAL_ORDER, MQGMO_COMPLETE_MSG, MQGMO_ALL_SEGMENTS_AVAILABLE
11:
MQGMO_NONE, MQGMO_NO_SYNCPOINT, MQGMO_BROWSE_NEXT, MQGMO_ACCEPT_TRUNCATED_MSG, MQGMO_MARK_SKIP_BACKOUT, MQGMO_MSG_UNDER_CURSOR, MQGMO_LOCK, MQGMO_UNLOCK, MQGMO_LOGICAL_ORDER, MQGMO_COMPLETE_MSG, MQGMO_ALL_MSGS_AVAILABLE, MQGMO_ALL_SEGMENTS_AVAILABLE
11:
MQGMO_NO_WAIT
11:
MQGMO_NONE, MQGMO_WAIT, MQGMO_SYNCPOINT, MQGMO_NO_SYNCPOINT, MQGMO_BROWSE_FIRST, MQGMO_BROWSE_NEXT, MQGMO_ACCEPT_TRUNCATED_MSG, MQGMO_MARK_SKIP_BACKOUT, MQGMO_MSG_UNDER_CURSOR, MQGMO_LOCK, MQGMO_UNLOCK, MQGMO_SYNCPOINT_IF_PERSISTENT, MQGMO_LOGICAL_ORDER, MQGMO_ALL_SEGMENTS_AVAILABLE
&lt;null&gt;
12:
MQGMO_NONE, MQGMO_BROWSE_FIRST, MQGMO_LOGICAL_ORDER
12:
MQGMO_NONE, MQGMO_SET_SIGNAL, MQGMO_BROWSE_NEXT, MQGMO_SYNCPOINT_IF_PERSISTENT, MQGMO_FAIL_IF_QUIESCING, MQGMO_CONVERT
12:
MQGMO_NONE, MQGMO_BROWSE_NEXT, MQGMO_SYNCPOINT_IF_PERSISTENT, MQGMO_CONVERT
12:
MQGMO_NONE, MQGMO_SYNCPOINT, MQGMO_MSG_UNDER_CURSOR, MQGMO_LOCK, MQGMO_UNLOCK, MQGMO_FAIL_IF_QUIESCING
12:
MQGMO_NONE, MQGMO_BROWSE_NEXT, MQGMO_MSG_UNDER_CURSOR, MQGMO_CONVERT, MQGMO_ALL_MSGS_AVAILABLE
12:
MQGMO_NONE, MQGMO_SET_SIGNAL, MQGMO_LOCK, MQGMO_FAIL_IF_QUIESCING, MQGMO_CONVERT, MQGMO_LOGICAL_ORDER
12:
MQGMO_NONE, MQGMO_ACCEPT_TRUNCATED_MSG, MQGMO_ALL_MSGS_AVAILABLE
12:
MQGMO_NONE, MQGMO_WAIT, MQGMO_SYNCPOINT, MQGMO_NO_SYNCPOINT, MQGMO_SET_SIGNAL, MQGMO_BROWSE_FIRST, MQGMO_LOCK, MQGMO_UNLOCK, MQGMO_BROWSE_MSG_UNDER_CURSOR, MQGMO_SYNCPOINT_IF_PERSISTENT, MQGMO_FAIL_IF_QUIESCING, MQGMO_CONVERT
&lt;null&gt;
13:
MQGMO_NONE, MQGMO_SYNCPOINT, MQGMO_NO_SYNCPOINT, MQGMO_SET_SIGNAL, MQGMO_BROWSE_FIRST, MQGMO_BROWSE_NEXT, MQGMO_ACCEPT_TRUNCATED_MSG, MQGMO_BROWSE_MSG_UNDER_CURSOR, MQGMO_SYNCPOINT_IF_PERSISTENT, MQGMO_CONVERT, MQGMO_LOGICAL_ORDER, MQGMO_COMPLETE_MSG, MQGMO_ALL_MSGS_AVAILABLE, MQGMO_ALL_SEGMENTS_AVAILABLE
13:
MQGMO_NONE, MQGMO_SYNCPOINT, MQGMO_LOCK
13:
MQGMO_NONE, MQGMO_ACCEPT_TRUNCATED_MSG, MQGMO_MARK_SKIP_BACKOUT, MQGMO_MSG_UNDER_CURSOR, MQGMO_LOCK, MQGMO_LOGICAL_ORDER, MQGMO_COMPLETE_MSG, MQGMO_ALL_MSGS_AVAILABLE, MQGMO_ALL_SEGMENTS_AVAILABLE
13:
MQGMO_NONE, MQGMO_SYNCPOINT, MQGMO_BROWSE_FIRST, MQGMO_LOGICAL_ORDER
13:
MQGMO_NONE, MQGMO_WAIT, MQGMO_NO_SYNCPOINT, MQGMO_BROWSE_NEXT, MQGMO_ACCEPT_TRUNCATED_MSG, MQGMO_UNLOCK, MQGMO_BROWSE_MSG_UNDER_CURSOR, MQGMO_CONVERT, MQGMO_LOGICAL_ORDER, MQGMO_ALL_MSGS_AVAILABLE
&lt;null&gt;
14:
MQGMO_NONE, MQGMO_WAIT, MQGMO_SYNCPOINT, MQGMO_NO_SYNCPOINT, MQGMO_MARK_SKIP_BACKOUT, MQGMO_MSG_UNDER_CURSOR, MQGMO_LOCK, MQGMO_UNLOCK, MQGMO_BROWSE_MSG_UNDER_CURSOR, MQGMO_SYNCPOINT_IF_PERSISTENT, MQGMO_FAIL_IF_QUIESCING, MQGMO_CONVERT, MQGMO_COMPLETE_MSG, MQGMO_ALL_MSGS_AVAILABLE
&lt;null&gt;
15:
MQGMO_NONE, MQGMO_NO_SYNCPOINT, MQGMO_SET_SIGNAL, MQGMO_BROWSE_FIRST, MQGMO_BROWSE_NEXT, MQGMO_MARK_SKIP_BACKOUT, MQGMO_BROWSE_MSG_UNDER_CURSOR, MQGMO_SYNCPOINT_IF_PERSISTENT, MQGMO_CONVERT, MQGMO_LOGICAL_ORDER, MQGMO_ALL_SEGMENTS_AVAILABLE
15:
MQGMO_NONE, MQGMO_WAIT, MQGMO_SYNCPOINT, MQGMO_BROWSE_FIRST, MQGMO_BROWSE_NEXT, MQGMO_ACCEPT_TRUNCATED_MSG, MQGMO_MARK_SKIP_BACKOUT, MQGMO_MSG_UNDER_CURSOR, MQGMO_LOCK, MQGMO_FAIL_IF_QUIESCING, MQGMO_CONVERT, MQGMO_COMPLETE_MSG, MQGMO_ALL_MSGS_AVAILABLE, MQGMO_ALL_SEGMENTS_AVAILABLE
&lt;null&gt;
16:
MQGMO_NONE, MQGMO_WAIT, MQGMO_SYNCPOINT, MQGMO_NO_SYNCPOINT, MQGMO_SET_SIGNAL, MQGMO_BROWSE_MSG_UNDER_CURSOR, MQGMO_SYNCPOINT_IF_PERSISTENT, MQGMO_CONVERT, MQGMO_LOGICAL_ORDER
&lt;null&gt;
17:
MQGMO_NONE, MQGMO_SYNCPOINT, MQGMO_NO_SYNCPOINT, MQGMO_BROWSE_NEXT, MQGMO_UNLOCK, MQGMO_BROWSE_MSG_UNDER_CURSOR, MQGMO_FAIL_IF_QUIESCING, MQGMO_CONVERT
17:
MQGMO_NONE, MQGMO_SYNCPOINT, MQGMO_NO_SYNCPOINT, MQGMO_SET_SIGNAL, MQGMO_BROWSE_FIRST, MQGMO_MARK_SKIP_BACKOUT, MQGMO_BROWSE_MSG_UNDER_CURSOR, MQGMO_SYNCPOINT_IF_PERSISTENT, MQGMO_FAIL_IF_QUIESCING, MQGMO_CONVERT, MQGMO_LOGICAL_ORDER, MQGMO_COMPLETE_MSG, MQGMO_ALL_MSGS_AVAILABLE, MQGMO_ALL_SEGMENTS_AVAILABLE
17:
MQGMO_NONE, MQGMO_BROWSE_NEXT, MQGMO_MSG_UNDER_CURSOR, MQGMO_LOGICAL_ORDER, MQGMO_ALL_MSGS_AVAILABLE, MQGMO_ALL_SEGMENTS_AVAILABLE
17:
MQGMO_NONE, MQGMO_WAIT, MQGMO_SYNCPOINT, MQGMO_NO_SYNCPOINT, MQGMO_BROWSE_FIRST, MQGMO_BROWSE_NEXT, MQGMO_ACCEPT_TRUNCATED_MSG, MQGMO_MARK_SKIP_BACKOUT, MQGMO_MSG_UNDER_CURSOR, MQGMO_LOCK, MQGMO_BROWSE_MSG_UNDER_CURSOR, MQGMO_FAIL_IF_QUIESCING, MQGMO_COMPLETE_MSG
&lt;null&gt;
18:
MQGMO_NONE, MQGMO_SYNCPOINT, MQGMO_FAIL_IF_QUIESCING, MQGMO_CONVERT, MQGMO_COMPLETE_MSG, MQGMO_ALL_SEGMENTS_AVAILABLE
18:
MQGMO_NONE, MQGMO_WAIT, MQGMO_SYNCPOINT, MQGMO_NO_SYNCPOINT, MQGMO_SET_SIGNAL, MQGMO_BROWSE_FIRST, MQGMO_BROWSE_NEXT, MQGMO_ACCEPT_TRUNCATED_MSG, MQGMO_MARK_SKIP_BACKOUT, MQGMO_MSG_UNDER_CURSOR, MQGMO_LOCK, MQGMO_UNLOCK, MQGMO_BROWSE_MSG_UNDER_CURSOR, MQGMO_SYNCPOINT_IF_PERSISTENT, MQGMO_FAIL_IF_QUIESCING, MQGMO_CONVERT, MQGMO_LOGICAL_ORDER, MQGMO_COMPLETE_MSG, MQGMO_ALL_SEGMENTS_AVAILABLE
&lt;null&gt;
19:
MQGMO_NONE, MQGMO_SYNCPOINT, MQGMO_NO_SYNCPOINT, MQGMO_SET_SIGNAL, MQGMO_BROWSE_FIRST, MQGMO_BROWSE_NEXT, MQGMO_ACCEPT_TRUNCATED_MSG, MQGMO_MARK_SKIP_BACKOUT, MQGMO_MSG_UNDER_CURSOR, MQGMO_LOCK, MQGMO_BROWSE_MSG_UNDER_CURSOR, MQGMO_SYNCPOINT_IF_PERSISTENT, MQGMO_FAIL_IF_QUIESCING, MQGMO_CONVERT, MQGMO_COMPLETE_MSG, MQGMO_ALL_MSGS_AVAILABLE, MQGMO_ALL_SEGMENTS_AVAILABLE
19:
MQGMO_NONE, MQGMO_WAIT, MQGMO_NO_SYNCPOINT
&lt;null&gt;
20:
MQGMO_NONE, MQGMO_WAIT, MQGMO_SET_SIGNAL, MQGMO_BROWSE_NEXT, MQGMO_ACCEPT_TRUNCATED_MSG, MQGMO_MARK_SKIP_BACKOUT, MQGMO_MSG_UNDER_CURSOR, MQGMO_LOCK, MQGMO_FAIL_IF_QUIESCING, MQGMO_CONVERT, MQGMO_COMPLETE_MSG, MQGMO_ALL_MSGS_AVAILABLE, MQGMO_ALL_SEGMENTS_AVAILABLE
&lt;null&gt;
21:
MQGMO_NONE, MQGMO_WAIT, MQGMO_SYNCPOINT, MQGMO_NO_SYNCPOINT, MQGMO_SET_SIGNAL, MQGMO_BROWSE_FIRST, MQGMO_BROWSE_NEXT, MQGMO_ACCEPT_TRUNCATED_MSG, MQGMO_MARK_SKIP_BACKOUT, MQGMO_UNLOCK, MQGMO_BROWSE_MSG_UNDER_CURSOR, MQGMO_SYNCPOINT_IF_PERSISTENT, MQGMO_FAIL_IF_QUIESCING, MQGMO_CONVERT, MQGMO_LOGICAL_ORDER, MQGMO_COMPLETE_MSG, MQGMO_ALL_MSGS_AVAILABLE, MQGMO_ALL_SEGMENTS_AVAILABLE
&lt;null&gt;
22:
MQGMO_NONE, MQGMO_SYNCPOINT, MQGMO_MSG_UNDER_CURSOR, MQGMO_UNLOCK
22:
MQGMO_NONE, MQGMO_WAIT, MQGMO_SYNCPOINT, MQGMO_NO_SYNCPOINT, MQGMO_SET_SIGNAL, MQGMO_BROWSE_FIRST, MQGMO_BROWSE_NEXT, MQGMO_ACCEPT_TRUNCATED_MSG, MQGMO_MARK_SKIP_BACKOUT, MQGMO_MSG_UNDER_CURSOR, MQGMO_LOCK, MQGMO_UNLOCK, MQGMO_BROWSE_MSG_UNDER_CURSOR, MQGMO_SYNCPOINT_IF_PERSISTENT, MQGMO_FAIL_IF_QUIESCING, MQGMO_CONVERT, MQGMO_LOGICAL_ORDER, MQGMO_COMPLETE_MSG, MQGMO_ALL_MSGS_AVAILABLE, MQGMO_ALL_SEGMENTS_AVAILABLE
&lt;null&gt;
23:
MQGMO_NONE, MQGMO_BROWSE_FIRST, MQGMO_ACCEPT_TRUNCATED_MSG, MQGMO_UNLOCK, MQGMO_SYNCPOINT_IF_PERSISTENT, MQGMO_CONVERT, MQGMO_LOGICAL_ORDER, MQGMO_ALL_MSGS_AVAILABLE
23:
MQGMO_NONE, MQGMO_WAIT, MQGMO_NO_SYNCPOINT, MQGMO_SET_SIGNAL, MQGMO_BROWSE_FIRST, MQGMO_BROWSE_NEXT, MQGMO_ACCEPT_TRUNCATED_MSG, MQGMO_MARK_SKIP_BACKOUT, MQGMO_MSG_UNDER_CURSOR, MQGMO_LOCK, MQGMO_UNLOCK, MQGMO_BROWSE_MSG_UNDER_CURSOR, MQGMO_SYNCPOINT_IF_PERSISTENT, MQGMO_CONVERT, MQGMO_LOGICAL_ORDER, MQGMO_COMPLETE_MSG, MQGMO_ALL_MSGS_AVAILABLE, MQGMO_ALL_SEGMENTS_AVAILABLE
&lt;null&gt;
24:
MQGMO_NONE, MQGMO_WAIT, MQGMO_SYNCPOINT, MQGMO_SET_SIGNAL, MQGMO_BROWSE_FIRST, MQGMO_ACCEPT_TRUNCATED_MSG, MQGMO_MSG_UNDER_CURSOR, MQGMO_LOCK, MQGMO_BROWSE_MSG_UNDER_CURSOR, MQGMO_FAIL_IF_QUIESCING, MQGMO_CONVERT, MQGMO_COMPLETE_MSG, MQGMO_ALL_MSGS_AVAILABLE, MQGMO_ALL_SEGMENTS_AVAILABLE
&lt;null&gt;
25:
MQGMO_NONE, MQGMO_WAIT, MQGMO_NO_SYNCPOINT, MQGMO_SET_SIGNAL, MQGMO_BROWSE_MSG_UNDER_CURSOR, MQGMO_FAIL_IF_QUIESCING, MQGMO_CONVERT, MQGMO_ALL_SEGMENTS_AVAILABLE
&lt;null&gt;
26:
MQGMO_NONE, MQGMO_WAIT, MQGMO_ACCEPT_TRUNCATED_MSG, MQGMO_MARK_SKIP_BACKOUT, MQGMO_LOCK, MQGMO_LOGICAL_ORDER, MQGMO_ALL_MSGS_AVAILABLE
&lt;null&gt;
27:
MQGMO_NONE, MQGMO_BROWSE_FIRST, MQGMO_BROWSE_NEXT, MQGMO_MARK_SKIP_BACKOUT, MQGMO_MSG_UNDER_CURSOR, MQGMO_CONVERT, MQGMO_LOGICAL_ORDER, MQGMO_ALL_MSGS_AVAILABLE, MQGMO_ALL_SEGMENTS_AVAILABLE
27:
MQGMO_NO_WAIT
27:
MQGMO_NONE, MQGMO_BROWSE_NEXT, MQGMO_ACCEPT_TRUNCATED_MSG
27:
MQGMO_NONE, MQGMO_SYNCPOINT, MQGMO_NO_SYNCPOINT, MQGMO_SET_SIGNAL, MQGMO_BROWSE_FIRST, MQGMO_BROWSE_NEXT, MQGMO_ACCEPT_TRUNCATED_MSG, MQGMO_MARK_SKIP_BACKOUT, MQGMO_MSG_UNDER_CURSOR, MQGMO_LOCK, MQGMO_UNLOCK, MQGMO_BROWSE_MSG_UNDER_CURSOR, MQGMO_SYNCPOINT_IF_PERSISTENT, MQGMO_FAIL_IF_QUIESCING, MQGMO_CONVERT, MQGMO_LOGICAL_ORDER, MQGMO_COMPLETE_MSG, MQGMO_ALL_MSGS_AVAILABLE, MQGMO_ALL_SEGMENTS_AVAILABLE
27:
MQGMO_NONE, MQGMO_MARK_SKIP_BACKOUT
27:
MQGMO_NONE, MQGMO_WAIT, MQGMO_SYNCPOINT, MQGMO_NO_SYNCPOINT, MQGMO_SET_SIGNAL, MQGMO_BROWSE_FIRST, MQGMO_BROWSE_NEXT, MQGMO_ACCEPT_TRUNCATED_MSG, MQGMO_MARK_SKIP_BACKOUT, MQGMO_MSG_UNDER_CURSOR, MQGMO_LOCK, MQGMO_UNLOCK, MQGMO_BROWSE_MSG_UNDER_CURSOR, MQGMO_SYNCPOINT_IF_PERSISTENT, MQGMO_FAIL_IF_QUIESCING, MQGMO_CONVERT, MQGMO_LOGICAL_ORDER, MQGMO_COMPLETE_MSG, MQGMO_ALL_MSGS_AVAILABLE, MQGMO_ALL_SEGMENTS_AVAILABLE
&lt;null&gt;
28:
MQGMO_NONE, MQGMO_BROWSE_FIRST, MQGMO_MARK_SKIP_BACKOUT
28:
MQGMO_NONE, MQGMO_SYNCPOINT, MQGMO_NO_SYNCPOINT, MQGMO_BROWSE_NEXT, MQGMO_MSG_UNDER_CURSOR, MQGMO_SYNCPOINT_IF_PERSISTENT, MQGMO_CONVERT, MQGMO_COMPLETE_MSG, MQGMO_ALL_SEGMENTS_AVAILABLE
28:
MQGMO_NONE, MQGMO_WAIT, MQGMO_SYNCPOINT, MQGMO_BROWSE_FIRST, MQGMO_MSG_UNDER_CURSOR, MQGMO_LOCK, MQGMO_UNLOCK, MQGMO_BROWSE_MSG_UNDER_CURSOR, MQGMO_SYNCPOINT_IF_PERSISTENT, MQGMO_LOGICAL_ORDER, MQGMO_ALL_MSGS_AVAILABLE, MQGMO_ALL_SEGMENTS_AVAILABLE
&lt;null&gt;
29:
MQGMO_NONE, MQGMO_WAIT, MQGMO_SYNCPOINT, MQGMO_NO_SYNCPOINT, MQGMO_SET_SIGNAL, MQGMO_LOCK, MQGMO_UNLOCK, MQGMO_BROWSE_MSG_UNDER_CURSOR, MQGMO_FAIL_IF_QUIESCING, MQGMO_CONVERT
&lt;null&gt;
30:
MQGMO_NONE, MQGMO_WAIT, MQGMO_SYNCPOINT, MQGMO_NO_SYNCPOINT, MQGMO_SET_SIGNAL, MQGMO_BROWSE_FIRST, MQGMO_BROWSE_NEXT, MQGMO_ACCEPT_TRUNCATED_MSG, MQGMO_MARK_SKIP_BACKOUT, MQGMO_MSG_UNDER_CURSOR, MQGMO_LOCK, MQGMO_UNLOCK, MQGMO_BROWSE_MSG_UNDER_CURSOR, MQGMO_SYNCPOINT_IF_PERSISTENT, MQGMO_FAIL_IF_QUIESCING, MQGMO_CONVERT, MQGMO_COMPLETE_MSG, MQGMO_ALL_MSGS_AVAILABLE, MQGMO_ALL_SEGMENTS_AVAILABLE
&lt;null&gt;
31:
MQGMO_NONE, MQGMO_WAIT, MQGMO_SYNCPOINT, MQGMO_NO_SYNCPOINT, MQGMO_SET_SIGNAL, MQGMO_BROWSE_FIRST, MQGMO_BROWSE_NEXT, MQGMO_ACCEPT_TRUNCATED_MSG, MQGMO_MARK_SKIP_BACKOUT, MQGMO_MSG_UNDER_CURSOR, MQGMO_LOCK, MQGMO_UNLOCK, MQGMO_BROWSE_MSG_UNDER_CURSOR, MQGMO_SYNCPOINT_IF_PERSISTENT, MQGMO_FAIL_IF_QUIESCING, MQGMO_LOGICAL_ORDER, MQGMO_COMPLETE_MSG, MQGMO_ALL_MSGS_AVAILABLE, MQGMO_ALL_SEGMENTS_AVAILABLE
&lt;null&gt;
32:
MQGMO_NONE, MQGMO_WAIT, MQGMO_SYNCPOINT, MQGMO_NO_SYNCPOINT, MQGMO_SET_SIGNAL, MQGMO_BROWSE_FIRST, MQGMO_BROWSE_NEXT, MQGMO_ACCEPT_TRUNCATED_MSG, MQGMO_MARK_SKIP_BACKOUT, MQGMO_MSG_UNDER_CURSOR, MQGMO_LOCK, MQGMO_UNLOCK, MQGMO_BROWSE_MSG_UNDER_CURSOR, MQGMO_SYNCPOINT_IF_PERSISTENT, MQGMO_FAIL_IF_QUIESCING, MQGMO_CONVERT, MQGMO_LOGICAL_ORDER, MQGMO_COMPLETE_MSG, MQGMO_ALL_MSGS_AVAILABLE
&lt;null&gt;
33:
MQGMO_NONE, MQGMO_SYNCPOINT, MQGMO_NO_SYNCPOINT, MQGMO_SET_SIGNAL, MQGMO_BROWSE_FIRST, MQGMO_BROWSE_NEXT, MQGMO_MARK_SKIP_BACKOUT, MQGMO_UNLOCK, MQGMO_BROWSE_MSG_UNDER_CURSOR, MQGMO_FAIL_IF_QUIESCING, MQGMO_CONVERT, MQGMO_LOGICAL_ORDER, MQGMO_COMPLETE_MSG, MQGMO_ALL_MSGS_AVAILABLE, MQGMO_ALL_SEGMENTS_AVAILABLE
33:
MQGMO_NONE, MQGMO_WAIT, MQGMO_NO_SYNCPOINT, MQGMO_SET_SIGNAL, MQGMO_BROWSE_NEXT, MQGMO_ACCEPT_TRUNCATED_MSG, MQGMO_MARK_SKIP_BACKOUT, MQGMO_MSG_UNDER_CURSOR, MQGMO_LOCK, MQGMO_UNLOCK, MQGMO_SYNCPOINT_IF_PERSISTENT, MQGMO_FAIL_IF_QUIESCING, MQGMO_CONVERT, MQGMO_LOGICAL_ORDER, MQGMO_COMPLETE_MSG, MQGMO_ALL_MSGS_AVAILABLE, MQGMO_ALL_SEGMENTS_AVAILABLE
&lt;null&gt;
34:
MQGMO_NONE, MQGMO_WAIT, MQGMO_SET_SIGNAL, MQGMO_BROWSE_FIRST, MQGMO_BROWSE_NEXT, MQGMO_MARK_SKIP_BACKOUT, MQGMO_MSG_UNDER_CURSOR, MQGMO_LOCK, MQGMO_UNLOCK, MQGMO_BROWSE_MSG_UNDER_CURSOR, MQGMO_SYNCPOINT_IF_PERSISTENT, MQGMO_LOGICAL_ORDER, MQGMO_COMPLETE_MSG, MQGMO_ALL_MSGS_AVAILABLE, MQGMO_ALL_SEGMENTS_AVAILABLE
&lt;null&gt;
35:
MQGMO_NONE, MQGMO_WAIT, MQGMO_SYNCPOINT_IF_PERSISTENT, MQGMO_FAIL_IF_QUIESCING
&lt;null&gt;
36:
MQGMO_NONE, MQGMO_WAIT, MQGMO_SYNCPOINT, MQGMO_NO_SYNCPOINT, MQGMO_SET_SIGNAL, MQGMO_BROWSE_FIRST, MQGMO_BROWSE_NEXT, MQGMO_ACCEPT_TRUNCATED_MSG, MQGMO_MARK_SKIP_BACKOUT, MQGMO_MSG_UNDER_CURSOR, MQGMO_LOCK, MQGMO_UNLOCK, MQGMO_BROWSE_MSG_UNDER_CURSOR, MQGMO_SYNCPOINT_IF_PERSISTENT, MQGMO_FAIL_IF_QUIESCING, MQGMO_CONVERT, MQGMO_LOGICAL_ORDER, MQGMO_COMPLETE_MSG, MQGMO_ALL_MSGS_AVAILABLE, MQGMO_ALL_SEGMENTS_AVAILABLE
&lt;null&gt;
37:
MQGMO_NONE, MQGMO_LOGICAL_ORDER, MQGMO_COMPLETE_MSG
37:
MQGMO_NONE, MQGMO_SET_SIGNAL, MQGMO_BROWSE_FIRST, MQGMO_BROWSE_NEXT, MQGMO_SYNCPOINT_IF_PERSISTENT, MQGMO_CONVERT, MQGMO_LOGICAL_ORDER
37:
MQGMO_NONE, MQGMO_WAIT, MQGMO_SYNCPOINT, MQGMO_NO_SYNCPOINT, MQGMO_SET_SIGNAL, MQGMO_BROWSE_FIRST, MQGMO_BROWSE_NEXT, MQGMO_ACCEPT_TRUNCATED_MSG, MQGMO_MARK_SKIP_BACKOUT, MQGMO_MSG_UNDER_CURSOR, MQGMO_LOCK, MQGMO_UNLOCK, MQGMO_BROWSE_MSG_UNDER_CURSOR, MQGMO_SYNCPOINT_IF_PERSISTENT, MQGMO_FAIL_IF_QUIESCING, MQGMO_CONVERT, MQGMO_LOGICAL_ORDER, MQGMO_COMPLETE_MSG, MQGMO_ALL_MSGS_AVAILABLE, MQGMO_ALL_SEGMENTS_AVAILABLE
&lt;null&gt;
38:
MQGMO_NONE, MQGMO_WAIT, MQGMO_SYNCPOINT, MQGMO_NO_SYNCPOINT, MQGMO_SET_SIGNAL, MQGMO_BROWSE_FIRST, MQGMO_BROWSE_NEXT, MQGMO_ACCEPT_TRUNCATED_MSG, MQGMO_MARK_SKIP_BACKOUT, MQGMO_MSG_UNDER_CURSOR, MQGMO_LOCK, MQGMO_UNLOCK, MQGMO_BROWSE_MSG_UNDER_CURSOR, MQGMO_SYNCPOINT_IF_PERSISTENT, MQGMO_FAIL_IF_QUIESCING, MQGMO_CONVERT, MQGMO_LOGICAL_ORDER, MQGMO_COMPLETE_MSG, MQGMO_ALL_MSGS_AVAILABLE, MQGMO_ALL_SEGMENTS_AVAILABLE
&lt;null&gt;
39:
MQGMO_NONE, MQGMO_WAIT, MQGMO_SYNCPOINT, MQGMO_NO_SYNCPOINT, MQGMO_SET_SIGNAL, MQGMO_BROWSE_FIRST, MQGMO_BROWSE_NEXT, MQGMO_ACCEPT_TRUNCATED_MSG, MQGMO_MARK_SKIP_BACKOUT, MQGMO_MSG_UNDER_CURSOR, MQGMO_LOCK, MQGMO_UNLOCK, MQGMO_BROWSE_MSG_UNDER_CURSOR, MQGMO_SYNCPOINT_IF_PERSISTENT, MQGMO_FAIL_IF_QUIESCING, MQGMO_CONVERT, MQGMO_LOGICAL_ORDER, MQGMO_COMPLETE_MSG, MQGMO_ALL_MSGS_AVAILABLE, MQGMO_ALL_SEGMENTS_AVAILABLE
&lt;null&gt;
40:
MQGMO_NO_WAIT
40:
MQGMO_NONE, MQGMO_WAIT, MQGMO_NO_SYNCPOINT, MQGMO_ACCEPT_TRUNCATED_MSG, MQGMO_LOGICAL_ORDER, MQGMO_COMPLETE_MSG, MQGMO_ALL_MSGS_AVAILABLE
&lt;null&gt;
41:
MQGMO_NONE, MQGMO_WAIT, MQGMO_SYNCPOINT, MQGMO_BROWSE_FIRST, MQGMO_BROWSE_NEXT, MQGMO_ACCEPT_TRUNCATED_MSG, MQGMO_MARK_SKIP_BACKOUT, MQGMO_MSG_UNDER_CURSOR, MQGMO_LOCK, MQGMO_UNLOCK, MQGMO_BROWSE_MSG_UNDER_CURSOR, MQGMO_SYNCPOINT_IF_PERSISTENT, MQGMO_FAIL_IF_QUIESCING, MQGMO_CONVERT, MQGMO_COMPLETE_MSG, MQGMO_ALL_MSGS_AVAILABLE, MQGMO_ALL_SEGMENTS_AVAILABLE
&lt;null&gt;
42:
MQGMO_NONE, MQGMO_WAIT, MQGMO_SYNCPOINT, MQGMO_NO_SYNCPOINT, MQGMO_SET_SIGNAL, MQGMO_BROWSE_FIRST, MQGMO_BROWSE_NEXT, MQGMO_ACCEPT_TRUNCATED_MSG, MQGMO_MARK_SKIP_BACKOUT, MQGMO_MSG_UNDER_CURSOR, MQGMO_LOCK, MQGMO_UNLOCK, MQGMO_BROWSE_MSG_UNDER_CURSOR, MQGMO_SYNCPOINT_IF_PERSISTENT, MQGMO_FAIL_IF_QUIESCING, MQGMO_CONVERT, MQGMO_LOGICAL_ORDER, MQGMO_COMPLETE_MSG, MQGMO_ALL_MSGS_AVAILABLE, MQGMO_ALL_SEGMENTS_AVAILABLE
&lt;null&gt;
43:
MQGMO_NO_WAIT
43:
MQGMO_NONE, MQGMO_WAIT
&lt;null&gt;
44:
MQGMO_NONE, MQGMO_WAIT, MQGMO_SYNCPOINT, MQGMO_NO_SYNCPOINT, MQGMO_SET_SIGNAL, MQGMO_BROWSE_NEXT, MQGMO_UNLOCK, MQGMO_SYNCPOINT_IF_PERSISTENT, MQGMO_FAIL_IF_QUIESCING, MQGMO_CONVERT, MQGMO_LOGICAL_ORDER
&lt;null&gt;
45:
MQGMO_NONE, MQGMO_NO_SYNCPOINT, MQGMO_BROWSE_NEXT, MQGMO_ACCEPT_TRUNCATED_MSG, MQGMO_MARK_SKIP_BACKOUT, MQGMO_MSG_UNDER_CURSOR, MQGMO_LOCK, MQGMO_BROWSE_MSG_UNDER_CURSOR, MQGMO_FAIL_IF_QUIESCING, MQGMO_COMPLETE_MSG, MQGMO_ALL_MSGS_AVAILABLE, MQGMO_ALL_SEGMENTS_AVAILABLE
45:
MQGMO_NONE, MQGMO_WAIT, MQGMO_SET_SIGNAL, MQGMO_UNLOCK, MQGMO_BROWSE_MSG_UNDER_CURSOR
&lt;null&gt;
46:
MQGMO_NO_WAIT
46:
MQGMO_NONE, MQGMO_WAIT, MQGMO_SYNCPOINT, MQGMO_NO_SYNCPOINT, MQGMO_SET_SIGNAL, MQGMO_BROWSE_FIRST, MQGMO_BROWSE_NEXT, MQGMO_MARK_SKIP_BACKOUT, MQGMO_MSG_UNDER_CURSOR, MQGMO_LOCK, MQGMO_UNLOCK, MQGMO_BROWSE_MSG_UNDER_CURSOR, MQGMO_SYNCPOINT_IF_PERSISTENT, MQGMO_FAIL_IF_QUIESCING, MQGMO_CONVERT, MQGMO_LOGICAL_ORDER, MQGMO_COMPLETE_MSG, MQGMO_ALL_MSGS_AVAILABLE, MQGMO_ALL_SEGMENTS_AVAILABLE
&lt;null&gt;
47:
MQGMO_NONE, MQGMO_WAIT, MQGMO_NO_SYNCPOINT, MQGMO_SET_SIGNAL, MQGMO_BROWSE_FIRST, MQGMO_BROWSE_NEXT, MQGMO_ACCEPT_TRUNCATED_MSG, MQGMO_MARK_SKIP_BACKOUT, MQGMO_MSG_UNDER_CURSOR, MQGMO_LOCK, MQGMO_UNLOCK, MQGMO_BROWSE_MSG_UNDER_CURSOR, MQGMO_SYNCPOINT_IF_PERSISTENT, MQGMO_FAIL_IF_QUIESCING, MQGMO_CONVERT, MQGMO_LOGICAL_ORDER, MQGMO_COMPLETE_MSG, MQGMO_ALL_MSGS_AVAILABLE, MQGMO_ALL_SEGMENTS_AVAILABLE
&lt;null&gt;
48:
MQGMO_NONE, MQGMO_BROWSE_FIRST, MQGMO_BROWSE_NEXT, MQGMO_LOCK, MQGMO_CONVERT
48:
MQGMO_NONE, MQGMO_WAIT, MQGMO_SYNCPOINT, MQGMO_NO_SYNCPOINT, MQGMO_SET_SIGNAL, MQGMO_BROWSE_FIRST, MQGMO_BROWSE_NEXT, MQGMO_ACCEPT_TRUNCATED_MSG, MQGMO_MSG_UNDER_CURSOR, MQGMO_LOCK, MQGMO_UNLOCK, MQGMO_BROWSE_MSG_UNDER_CURSOR, MQGMO_SYNCPOINT_IF_PERSISTENT, MQGMO_FAIL_IF_QUIESCING, MQGMO_CONVERT, MQGMO_LOGICAL_ORDER, MQGMO_COMPLETE_MSG, MQGMO_ALL_MSGS_AVAILABLE, MQGMO_ALL_SEGMENTS_AVAILABLE
&lt;null&gt;
49:
MQGMO_NONE, MQGMO_WAIT, MQGMO_SYNCPOINT, MQGMO_NO_SYNCPOINT, MQGMO_SET_SIGNAL, MQGMO_BROWSE_FIRST, MQGMO_BROWSE_NEXT, MQGMO_ACCEPT_TRUNCATED_MSG, MQGMO_MARK_SKIP_BACKOUT, MQGMO_MSG_UNDER_CURSOR, MQGMO_LOCK, MQGMO_UNLOCK, MQGMO_SYNCPOINT_IF_PERSISTENT, MQGMO_FAIL_IF_QUIESCING, MQGMO_CONVERT, MQGMO_LOGICAL_ORDER, MQGMO_COMPLETE_MSG, MQGMO_ALL_MSGS_AVAILABLE, MQGMO_ALL_SEGMENTS_AVAILABLE
&lt;null&gt;
50:
MQGMO_NO_WAIT
50:
MQGMO_NONE, MQGMO_SYNCPOINT, MQGMO_NO_SYNCPOINT, MQGMO_BROWSE_FIRST, MQGMO_SYNCPOINT_IF_PERSISTENT, MQGMO_CONVERT, MQGMO_LOGICAL_ORDER
50:
MQGMO_NONE, MQGMO_WAIT, MQGMO_SYNCPOINT, MQGMO_NO_SYNCPOINT, MQGMO_SET_SIGNAL, MQGMO_BROWSE_FIRST, MQGMO_BROWSE_NEXT, MQGMO_ACCEPT_TRUNCATED_MSG, MQGMO_MARK_SKIP_BACKOUT, MQGMO_MSG_UNDER_CURSOR, MQGMO_LOCK, MQGMO_UNLOCK, MQGMO_BROWSE_MSG_UNDER_CURSOR, MQGMO_SYNCPOINT_IF_PERSISTENT, MQGMO_FAIL_IF_QUIESCING, MQGMO_CONVERT, MQGMO_LOGICAL_ORDER, MQGMO_COMPLETE_MSG, MQGMO_ALL_MSGS_AVAILABLE, MQGMO_ALL_SEGMENTS_AVAILABLE
&lt;null&gt;
51:
MQGMO_NONE, MQGMO_WAIT, MQGMO_SYNCPOINT, MQGMO_NO_SYNCPOINT, MQGMO_MARK_SKIP_BACKOUT, MQGMO_MSG_UNDER_CURSOR, MQGMO_LOCK, MQGMO_BROWSE_MSG_UNDER_CURSOR, MQGMO_SYNCPOINT_IF_PERSISTENT, MQGMO_ALL_SEGMENTS_AVAILABLE
&lt;null&gt;
52:
MQGMO_NONE, MQGMO_WAIT, MQGMO_SYNCPOINT, MQGMO_SET_SIGNAL, MQGMO_FAIL_IF_QUIESCING
&lt;null&gt;
53:
MQGMO_NONE, MQGMO_SYNCPOINT, MQGMO_SET_SIGNAL, MQGMO_BROWSE_FIRST, MQGMO_BROWSE_NEXT, MQGMO_ACCEPT_TRUNCATED_MSG, MQGMO_MARK_SKIP_BACKOUT, MQGMO_MSG_UNDER_CURSOR, MQGMO_UNLOCK, MQGMO_BROWSE_MSG_UNDER_CURSOR, MQGMO_CONVERT, MQGMO_LOGICAL_ORDER, MQGMO_COMPLETE_MSG, MQGMO_ALL_MSGS_AVAILABLE
53:
MQGMO_NONE, MQGMO_WAIT, MQGMO_SYNCPOINT, MQGMO_NO_SYNCPOINT, MQGMO_SET_SIGNAL, MQGMO_BROWSE_FIRST, MQGMO_BROWSE_NEXT, MQGMO_ACCEPT_TRUNCATED_MSG, MQGMO_MARK_SKIP_BACKOUT, MQGMO_MSG_UNDER_CURSOR, MQGMO_LOCK, MQGMO_UNLOCK, MQGMO_BROWSE_MSG_UNDER_CURSOR, MQGMO_SYNCPOINT_IF_PERSISTENT, MQGMO_FAIL_IF_QUIESCING, MQGMO_CONVERT, MQGMO_LOGICAL_ORDER, MQGMO_COMPLETE_MSG, MQGMO_ALL_MSGS_AVAILABLE, MQGMO_ALL_SEGMENTS_AVAILABLE
&lt;null&gt;
54:
MQGMO_NONE, MQGMO_SET_SIGNAL, MQGMO_SYNCPOINT_IF_PERSISTENT, MQGMO_FAIL_IF_QUIESCING, MQGMO_LOGICAL_ORDER, MQGMO_ALL_MSGS_AVAILABLE
54:
MQGMO_NONE, MQGMO_SET_SIGNAL, MQGMO_BROWSE_FIRST, MQGMO_BROWSE_NEXT, MQGMO_MARK_SKIP_BACKOUT, MQGMO_MSG_UNDER_CURSOR, MQGMO_LOCK, MQGMO_UNLOCK, MQGMO_SYNCPOINT_IF_PERSISTENT, MQGMO_CONVERT, MQGMO_LOGICAL_ORDER, MQGMO_COMPLETE_MSG, MQGMO_ALL_SEGMENTS_AVAILABLE
54:
MQGMO_NONE, MQGMO_WAIT, MQGMO_SYNCPOINT, MQGMO_NO_SYNCPOINT, MQGMO_SET_SIGNAL, MQGMO_BROWSE_FIRST, MQGMO_BROWSE_NEXT, MQGMO_ACCEPT_TRUNCATED_MSG, MQGMO_MARK_SKIP_BACKOUT, MQGMO_MSG_UNDER_CURSOR, MQGMO_LOCK, MQGMO_UNLOCK, MQGMO_BROWSE_MSG_UNDER_CURSOR, MQGMO_SYNCPOINT_IF_PERSISTENT, MQGMO_FAIL_IF_QUIESCING, MQGMO_CONVERT, MQGMO_LOGICAL_ORDER, MQGMO_COMPLETE_MSG, MQGMO_ALL_MSGS_AVAILABLE, MQGMO_ALL_SEGMENTS_AVAILABLE
&lt;null&gt;
55:
MQGMO_NONE, MQGMO_WAIT, MQGMO_SYNCPOINT, MQGMO_NO_SYNCPOINT, MQGMO_SET_SIGNAL, MQGMO_BROWSE_FIRST, MQGMO_BROWSE_NEXT, MQGMO_ACCEPT_TRUNCATED_MSG, MQGMO_MARK_SKIP_BACKOUT, MQGMO_MSG_UNDER_CURSOR, MQGMO_LOCK, MQGMO_UNLOCK, MQGMO_BROWSE_MSG_UNDER_CURSOR, MQGMO_SYNCPOINT_IF_PERSISTENT, MQGMO_FAIL_IF_QUIESCING, MQGMO_CONVERT, MQGMO_LOGICAL_ORDER, MQGMO_COMPLETE_MSG, MQGMO_ALL_MSGS_AVAILABLE, MQGMO_ALL_SEGMENTS_AVAILABLE
&lt;null&gt;
56:
MQGMO_NONE, MQGMO_SET_SIGNAL, MQGMO_BROWSE_FIRST, MQGMO_BROWSE_NEXT, MQGMO_ACCEPT_TRUNCATED_MSG, MQGMO_MARK_SKIP_BACKOUT, MQGMO_BROWSE_MSG_UNDER_CURSOR, MQGMO_CONVERT, MQGMO_LOGICAL_ORDER, MQGMO_COMPLETE_MSG, MQGMO_ALL_MSGS_AVAILABLE, MQGMO_ALL_SEGMENTS_AVAILABLE
56:
MQGMO_NONE, MQGMO_WAIT, MQGMO_SYNCPOINT, MQGMO_NO_SYNCPOINT, MQGMO_SET_SIGNAL, MQGMO_BROWSE_FIRST, MQGMO_BROWSE_NEXT, MQGMO_ACCEPT_TRUNCATED_MSG, MQGMO_MARK_SKIP_BACKOUT, MQGMO_MSG_UNDER_CURSOR, MQGMO_LOCK, MQGMO_UNLOCK, MQGMO_BROWSE_MSG_UNDER_CURSOR, MQGMO_SYNCPOINT_IF_PERSISTENT, MQGMO_FAIL_IF_QUIESCING, MQGMO_CONVERT, MQGMO_LOGICAL_ORDER, MQGMO_COMPLETE_MSG, MQGMO_ALL_MSGS_AVAILABLE, MQGMO_ALL_SEGMENTS_AVAILABLE
&lt;null&gt;
57:
MQGMO_NONE, MQGMO_WAIT, MQGMO_SYNCPOINT, MQGMO_BROWSE_FIRST, MQGMO_MARK_SKIP_BACKOUT, MQGMO_MSG_UNDER_CURSOR, MQGMO_LOCK, MQGMO_UNLOCK, MQGMO_BROWSE_MSG_UNDER_CURSOR, MQGMO_SYNCPOINT_IF_PERSISTENT, MQGMO_LOGICAL_ORDER, MQGMO_COMPLETE_MSG, MQGMO_ALL_MSGS_AVAILABLE
&lt;null&gt;
58:
MQGMO_NONE, MQGMO_WAIT, MQGMO_SYNCPOINT, MQGMO_NO_SYNCPOINT, MQGMO_SET_SIGNAL, MQGMO_BROWSE_NEXT, MQGMO_ACCEPT_TRUNCATED_MSG, MQGMO_MARK_SKIP_BACKOUT, MQGMO_MSG_UNDER_CURSOR, MQGMO_LOCK, MQGMO_UNLOCK, MQGMO_BROWSE_MSG_UNDER_CURSOR, MQGMO_SYNCPOINT_IF_PERSISTENT, MQGMO_FAIL_IF_QUIESCING, MQGMO_CONVERT, MQGMO_ALL_MSGS_AVAILABLE, MQGMO_ALL_SEGMENTS_AVAILABLE
&lt;null&gt;
59:
MQGMO_NO_WAIT
59:
MQGMO_NONE, MQGMO_WAIT, MQGMO_SYNCPOINT, MQGMO_NO_SYNCPOINT, MQGMO_SET_SIGNAL, MQGMO_BROWSE_FIRST, MQGMO_BROWSE_NEXT, MQGMO_MARK_SKIP_BACKOUT, MQGMO_MSG_UNDER_CURSOR, MQGMO_LOCK, MQGMO_UNLOCK, MQGMO_SYNCPOINT_IF_PERSISTENT, MQGMO_FAIL_IF_QUIESCING, MQGMO_CONVERT, MQGMO_LOGICAL_ORDER, MQGMO_COMPLETE_MSG
&lt;null&gt;
60:
MQGMO_NONE, MQGMO_WAIT, MQGMO_SYNCPOINT, MQGMO_SET_SIGNAL, MQGMO_BROWSE_FIRST, MQGMO_BROWSE_NEXT, MQGMO_ACCEPT_TRUNCATED_MSG, MQGMO_MARK_SKIP_BACKOUT, MQGMO_MSG_UNDER_CURSOR, MQGMO_LOCK, MQGMO_UNLOCK, MQGMO_BROWSE_MSG_UNDER_CURSOR, MQGMO_SYNCPOINT_IF_PERSISTENT, MQGMO_FAIL_IF_QUIESCING, MQGMO_LOGICAL_ORDER, MQGMO_COMPLETE_MSG, MQGMO_ALL_MSGS_AVAILABLE, MQGMO_ALL_SEGMENTS_AVAILABLE
&lt;null&gt;
61:
MQGMO_NONE, MQGMO_WAIT, MQGMO_SYNCPOINT, MQGMO_SET_SIGNAL, MQGMO_BROWSE_FIRST, MQGMO_BROWSE_NEXT, MQGMO_MARK_SKIP_BACKOUT, MQGMO_MSG_UNDER_CURSOR, MQGMO_LOCK, MQGMO_UNLOCK, MQGMO_BROWSE_MSG_UNDER_CURSOR, MQGMO_FAIL_IF_QUIESCING, MQGMO_CONVERT, MQGMO_ALL_MSGS_AVAILABLE, MQGMO_ALL_SEGMENTS_AVAILABLE
&lt;null&gt;
62:
MQGMO_NONE, MQGMO_SYNCPOINT, MQGMO_NO_SYNCPOINT, MQGMO_SET_SIGNAL, MQGMO_BROWSE_FIRST, MQGMO_FAIL_IF_QUIESCING, MQGMO_LOGICAL_ORDER
62:
MQGMO_NONE, MQGMO_SYNCPOINT
62:
MQGMO_NONE, MQGMO_WAIT, MQGMO_SYNCPOINT, MQGMO_NO_SYNCPOINT, MQGMO_SET_SIGNAL, MQGMO_BROWSE_FIRST, MQGMO_BROWSE_NEXT, MQGMO_ACCEPT_TRUNCATED_MSG, MQGMO_MARK_SKIP_BACKOUT, MQGMO_MSG_UNDER_CURSOR, MQGMO_LOCK, MQGMO_UNLOCK, MQGMO_BROWSE_MSG_UNDER_CURSOR, MQGMO_SYNCPOINT_IF_PERSISTENT, MQGMO_FAIL_IF_QUIESCING, MQGMO_CONVERT, MQGMO_LOGICAL_ORDER, MQGMO_COMPLETE_MSG, MQGMO_ALL_MSGS_AVAILABLE, MQGMO_ALL_SEGMENTS_AVAILABLE
&lt;null&gt;
63:
MQGMO_NONE, MQGMO_SET_SIGNAL, MQGMO_BROWSE_FIRST, MQGMO_BROWSE_NEXT, MQGMO_ACCEPT_TRUNCATED_MSG, MQGMO_MARK_SKIP_BACKOUT, MQGMO_MSG_UNDER_CURSOR, MQGMO_LOCK, MQGMO_FAIL_IF_QUIESCING, MQGMO_CONVERT, MQGMO_LOGICAL_ORDER, MQGMO_COMPLETE_MSG, MQGMO_ALL_MSGS_AVAILABLE, MQGMO_ALL_SEGMENTS_AVAILABLE
63:
MQGMO_NONE, MQGMO_WAIT, MQGMO_SYNCPOINT, MQGMO_NO_SYNCPOINT, MQGMO_BROWSE_FIRST, MQGMO_BROWSE_NEXT, MQGMO_ACCEPT_TRUNCATED_MSG, MQGMO_MARK_SKIP_BACKOUT, MQGMO_MSG_UNDER_CURSOR, MQGMO_LOCK, MQGMO_UNLOCK, MQGMO_BROWSE_MSG_UNDER_CURSOR, MQGMO_SYNCPOINT_IF_PERSISTENT, MQGMO_FAIL_IF_QUIESCING, MQGMO_CONVERT, MQGMO_COMPLETE_MSG, MQGMO_ALL_SEGMENTS_AVAILABLE
&lt;null&gt;
64:
MQGMO_NONE, MQGMO_WAIT, MQGMO_SYNCPOINT, MQGMO_NO_SYNCPOINT, MQGMO_SET_SIGNAL, MQGMO_BROWSE_FIRST, MQGMO_BROWSE_NEXT, MQGMO_ACCEPT_TRUNCATED_MSG, MQGMO_MARK_SKIP_BACKOUT, MQGMO_MSG_UNDER_CURSOR, MQGMO_LOCK, MQGMO_UNLOCK, MQGMO_BROWSE_MSG_UNDER_CURSOR, MQGMO_SYNCPOINT_IF_PERSISTENT, MQGMO_FAIL_IF_QUIESCING, MQGMO_CONVERT, MQGMO_LOGICAL_ORDER, MQGMO_COMPLETE_MSG, MQGMO_ALL_MSGS_AVAILABLE, MQGMO_ALL_SEGMENTS_AVAILABLE
&lt;null&gt;
65:
MQGMO_NONE, MQGMO_WAIT, MQGMO_SYNCPOINT, MQGMO_NO_SYNCPOINT, MQGMO_BROWSE_FIRST, MQGMO_BROWSE_NEXT, MQGMO_MARK_SKIP_BACKOUT, MQGMO_MSG_UNDER_CURSOR, MQGMO_LOCK, MQGMO_UNLOCK, MQGMO_BROWSE_MSG_UNDER_CURSOR, MQGMO_CONVERT, MQGMO_LOGICAL_ORDER, MQGMO_ALL_MSGS_AVAILABLE, MQGMO_ALL_SEGMENTS_AVAILABLE
&lt;null&gt;
66:
MQGMO_NONE, MQGMO_SET_SIGNAL, MQGMO_BROWSE_NEXT, MQGMO_SYNCPOINT_IF_PERSISTENT
66:
MQGMO_NONE, MQGMO_SET_SIGNAL, MQGMO_BROWSE_FIRST, MQGMO_ACCEPT_TRUNCATED_MSG, MQGMO_MARK_SKIP_BACKOUT, MQGMO_SYNCPOINT_IF_PERSISTENT, MQGMO_FAIL_IF_QUIESCING, MQGMO_LOGICAL_ORDER, MQGMO_ALL_MSGS_AVAILABLE, MQGMO_ALL_SEGMENTS_AVAILABLE
66:
MQGMO_NONE, MQGMO_WAIT, MQGMO_SYNCPOINT, MQGMO_NO_SYNCPOINT, MQGMO_SET_SIGNAL, MQGMO_BROWSE_FIRST, MQGMO_BROWSE_NEXT, MQGMO_LOCK, MQGMO_UNLOCK, MQGMO_BROWSE_MSG_UNDER_CURSOR, MQGMO_SYNCPOINT_IF_PERSISTENT, MQGMO_FAIL_IF_QUIESCING, MQGMO_LOGICAL_ORDER, MQGMO_ALL_SEGMENTS_AVAILABLE
&lt;null&gt;
67:
MQGMO_NONE, MQGMO_WAIT, MQGMO_BROWSE_FIRST, MQGMO_BROWSE_NEXT, MQGMO_ACCEPT_TRUNCATED_MSG, MQGMO_MARK_SKIP_BACKOUT, MQGMO_MSG_UNDER_CURSOR, MQGMO_LOCK, MQGMO_FAIL_IF_QUIESCING, MQGMO_CONVERT, MQGMO_LOGICAL_ORDER, MQGMO_ALL_SEGMENTS_AVAILABLE
&lt;null&gt;
68:
MQGMO_NONE, MQGMO_SYNCPOINT, MQGMO_NO_SYNCPOINT, MQGMO_SET_SIGNAL, MQGMO_BROWSE_FIRST, MQGMO_BROWSE_NEXT, MQGMO_FAIL_IF_QUIESCING, MQGMO_CONVERT, MQGMO_LOGICAL_ORDER, MQGMO_COMPLETE_MSG
68:
MQGMO_NONE, MQGMO_WAIT, MQGMO_SYNCPOINT, MQGMO_NO_SYNCPOINT, MQGMO_SET_SIGNAL, MQGMO_BROWSE_FIRST, MQGMO_BROWSE_NEXT, MQGMO_ACCEPT_TRUNCATED_MSG, MQGMO_MARK_SKIP_BACKOUT, MQGMO_MSG_UNDER_CURSOR, MQGMO_LOCK, MQGMO_UNLOCK, MQGMO_BROWSE_MSG_UNDER_CURSOR, MQGMO_SYNCPOINT_IF_PERSISTENT, MQGMO_FAIL_IF_QUIESCING, MQGMO_CONVERT, MQGMO_LOGICAL_ORDER, MQGMO_COMPLETE_MSG, MQGMO_ALL_MSGS_AVAILABLE, MQGMO_ALL_SEGMENTS_AVAILABLE
&lt;null&gt;
69:
MQGMO_NONE, MQGMO_WAIT, MQGMO_SYNCPOINT, MQGMO_NO_SYNCPOINT, MQGMO_ACCEPT_TRUNCATED_MSG, MQGMO_MARK_SKIP_BACKOUT, MQGMO_MSG_UNDER_CURSOR, MQGMO_LOCK, MQGMO_UNLOCK, MQGMO_BROWSE_MSG_UNDER_CURSOR, MQGMO_SYNCPOINT_IF_PERSISTENT, MQGMO_CONVERT, MQGMO_ALL_SEGMENTS_AVAILABLE
&lt;null&gt;
70:
MQGMO_NONE, MQGMO_SYNCPOINT, MQGMO_SET_SIGNAL, MQGMO_BROWSE_FIRST, MQGMO_ACCEPT_TRUNCATED_MSG, MQGMO_SYNCPOINT_IF_PERSISTENT, MQGMO_FAIL_IF_QUIESCING, MQGMO_LOGICAL_ORDER
70:
MQGMO_NONE, MQGMO_WAIT, MQGMO_SYNCPOINT, MQGMO_NO_SYNCPOINT, MQGMO_SET_SIGNAL, MQGMO_BROWSE_FIRST, MQGMO_LOCK, MQGMO_UNLOCK, MQGMO_BROWSE_MSG_UNDER_CURSOR, MQGMO_SYNCPOINT_IF_PERSISTENT, MQGMO_FAIL_IF_QUIESCING, MQGMO_ALL_SEGMENTS_AVAILABLE
&lt;null&gt;
71:
MQGMO_NONE, MQGMO_WAIT, MQGMO_SYNCPOINT, MQGMO_NO_SYNCPOINT, MQGMO_SET_SIGNAL, MQGMO_BROWSE_FIRST, MQGMO_BROWSE_NEXT, MQGMO_ACCEPT_TRUNCATED_MSG, MQGMO_MARK_SKIP_BACKOUT, MQGMO_MSG_UNDER_CURSOR, MQGMO_LOCK, MQGMO_UNLOCK, MQGMO_SYNCPOINT_IF_PERSISTENT, MQGMO_CONVERT, MQGMO_LOGICAL_ORDER, MQGMO_COMPLETE_MSG, MQGMO_ALL_MSGS_AVAILABLE, MQGMO_ALL_SEGMENTS_AVAILABLE
&lt;null&gt;
72:
MQGMO_NONE, MQGMO_NO_SYNCPOINT, MQGMO_BROWSE_FIRST, MQGMO_MARK_SKIP_BACKOUT, MQGMO_MSG_UNDER_CURSOR, MQGMO_LOCK, MQGMO_UNLOCK, MQGMO_BROWSE_MSG_UNDER_CURSOR, MQGMO_COMPLETE_MSG, MQGMO_ALL_MSGS_AVAILABLE, MQGMO_ALL_SEGMENTS_AVAILABLE
72:
MQGMO_NONE, MQGMO_WAIT, MQGMO_SYNCPOINT, MQGMO_NO_SYNCPOINT, MQGMO_SET_SIGNAL, MQGMO_BROWSE_FIRST, MQGMO_BROWSE_NEXT, MQGMO_ACCEPT_TRUNCATED_MSG, MQGMO_MARK_SKIP_BACKOUT, MQGMO_MSG_UNDER_CURSOR, MQGMO_LOCK, MQGMO_UNLOCK, MQGMO_BROWSE_MSG_UNDER_CURSOR, MQGMO_FAIL_IF_QUIESCING, MQGMO_CONVERT, MQGMO_LOGICAL_ORDER, MQGMO_COMPLETE_MSG, MQGMO_ALL_MSGS_AVAILABLE, MQGMO_ALL_SEGMENTS_AVAILABLE
&lt;null&gt;
73:
MQGMO_NONE, MQGMO_WAIT, MQGMO_SYNCPOINT, MQGMO_NO_SYNCPOINT, MQGMO_SET_SIGNAL, MQGMO_BROWSE_FIRST, MQGMO_MARK_SKIP_BACKOUT, MQGMO_MSG_UNDER_CURSOR, MQGMO_LOCK, MQGMO_UNLOCK, MQGMO_BROWSE_MSG_UNDER_CURSOR, MQGMO_SYNCPOINT_IF_PERSISTENT, MQGMO_FAIL_IF_QUIESCING, MQGMO_COMPLETE_MSG, MQGMO_ALL_MSGS_AVAILABLE, MQGMO_ALL_SEGMENTS_AVAILABLE
&lt;null&gt;
74:
MQGMO_NONE, MQGMO_WAIT, MQGMO_ACCEPT_TRUNCATED_MSG, MQGMO_MSG_UNDER_CURSOR, MQGMO_UNLOCK, MQGMO_BROWSE_MSG_UNDER_CURSOR, MQGMO_FAIL_IF_QUIESCING, MQGMO_CONVERT, MQGMO_ALL_MSGS_AVAILABLE, MQGMO_ALL_SEGMENTS_AVAILABLE
&lt;null&gt;
75:
MQGMO_NONE, MQGMO_WAIT, MQGMO_SYNCPOINT, MQGMO_NO_SYNCPOINT, MQGMO_BROWSE_FIRST, MQGMO_BROWSE_NEXT, MQGMO_ACCEPT_TRUNCATED_MSG, MQGMO_MARK_SKIP_BACKOUT, MQGMO_MSG_UNDER_CURSOR, MQGMO_LOCK, MQGMO_UNLOCK, MQGMO_BROWSE_MSG_UNDER_CURSOR, MQGMO_SYNCPOINT_IF_PERSISTENT, MQGMO_FAIL_IF_QUIESCING, MQGMO_CONVERT, MQGMO_LOGICAL_ORDER, MQGMO_COMPLETE_MSG, MQGMO_ALL_MSGS_AVAILABLE, MQGMO_ALL_SEGMENTS_AVAILABLE
&lt;null&gt;
76:
MQGMO_NONE, MQGMO_WAIT, MQGMO_SYNCPOINT, MQGMO_NO_SYNCPOINT, MQGMO_SET_SIGNAL, MQGMO_BROWSE_FIRST, MQGMO_BROWSE_NEXT, MQGMO_ACCEPT_TRUNCATED_MSG, MQGMO_MARK_SKIP_BACKOUT, MQGMO_MSG_UNDER_CURSOR, MQGMO_LOCK, MQGMO_UNLOCK, MQGMO_BROWSE_MSG_UNDER_CURSOR, MQGMO_SYNCPOINT_IF_PERSISTENT, MQGMO_FAIL_IF_QUIESCING, MQGMO_CONVERT, MQGMO_LOGICAL_ORDER, MQGMO_COMPLETE_MSG, MQGMO_ALL_MSGS_AVAILABLE, MQGMO_ALL_SEGMENTS_AVAILABLE
&lt;null&gt;
77:
MQGMO_NONE, MQGMO_UNLOCK, MQGMO_BROWSE_MSG_UNDER_CURSOR
77:
MQGMO_NONE, MQGMO_WAIT, MQGMO_SYNCPOINT, MQGMO_NO_SYNCPOINT, MQGMO_SET_SIGNAL, MQGMO_BROWSE_FIRST, MQGMO_BROWSE_NEXT, MQGMO_ACCEPT_TRUNCATED_MSG, MQGMO_MARK_SKIP_BACKOUT, MQGMO_MSG_UNDER_CURSOR, MQGMO_LOCK, MQGMO_UNLOCK, MQGMO_BROWSE_MSG_UNDER_CURSOR, MQGMO_SYNCPOINT_IF_PERSISTENT, MQGMO_FAIL_IF_QUIESCING, MQGMO_CONVERT, MQGMO_LOGICAL_ORDER, MQGMO_COMPLETE_MSG, MQGMO_ALL_MSGS_AVAILABLE, MQGMO_ALL_SEGMENTS_AVAILABLE
&lt;null&gt;
78:
MQGMO_NONE, MQGMO_WAIT, MQGMO_SYNCPOINT, MQGMO_NO_SYNCPOINT, MQGMO_SET_SIGNAL, MQGMO_BROWSE_FIRST, MQGMO_BROWSE_NEXT, MQGMO_ACCEPT_TRUNCATED_MSG, MQGMO_MARK_SKIP_BACKOUT, MQGMO_MSG_UNDER_CURSOR, MQGMO_LOCK, MQGMO_UNLOCK, MQGMO_BROWSE_MSG_UNDER_CURSOR, MQGMO_SYNCPOINT_IF_PERSISTENT, MQGMO_FAIL_IF_QUIESCING, MQGMO_CONVERT, MQGMO_LOGICAL_ORDER, MQGMO_COMPLETE_MSG, MQGMO_ALL_MSGS_AVAILABLE, MQGMO_ALL_SEGMENTS_AVAILABLE
&lt;null&gt;
79:
MQGMO_NO_WAIT
79:
MQGMO_NONE, MQGMO_WAIT, MQGMO_SYNCPOINT, MQGMO_NO_SYNCPOINT, MQGMO_BROWSE_FIRST, MQGMO_BROWSE_NEXT, MQGMO_ACCEPT_TRUNCATED_MSG, MQGMO_MARK_SKIP_BACKOUT, MQGMO_MSG_UNDER_CURSOR, MQGMO_UNLOCK, MQGMO_BROWSE_MSG_UNDER_CURSOR, MQGMO_SYNCPOINT_IF_PERSISTENT, MQGMO_FAIL_IF_QUIESCING, MQGMO_CONVERT, MQGMO_LOGICAL_ORDER, MQGMO_COMPLETE_MSG, MQGMO_ALL_MSGS_AVAILABLE, MQGMO_ALL_SEGMENTS_AVAILABLE
&lt;null&gt;
80:
MQGMO_NO_WAIT
80:
MQGMO_NONE, MQGMO_WAIT, MQGMO_SYNCPOINT, MQGMO_NO_SYNCPOINT, MQGMO_SET_SIGNAL, MQGMO_BROWSE_FIRST, MQGMO_BROWSE_NEXT, MQGMO_ACCEPT_TRUNCATED_MSG, MQGMO_MARK_SKIP_BACKOUT, MQGMO_MSG_UNDER_CURSOR, MQGMO_LOCK, MQGMO_UNLOCK, MQGMO_BROWSE_MSG_UNDER_CURSOR, MQGMO_SYNCPOINT_IF_PERSISTENT, MQGMO_FAIL_IF_QUIESCING, MQGMO_CONVERT, MQGMO_LOGICAL_ORDER, MQGMO_COMPLETE_MSG, MQGMO_ALL_MSGS_AVAILABLE, MQGMO_ALL_SEGMENTS_AVAILABLE
&lt;null&gt;
81:
MQGMO_NONE, MQGMO_WAIT, MQGMO_SYNCPOINT, MQGMO_NO_SYNCPOINT, MQGMO_SET_SIGNAL, MQGMO_BROWSE_NEXT, MQGMO_ACCEPT_TRUNCATED_MSG, MQGMO_MARK_SKIP_BACKOUT, MQGMO_LOCK, MQGMO_SYNCPOINT_IF_PERSISTENT, MQGMO_COMPLETE_MSG
&lt;null&gt;
82:
MQGMO_NONE, MQGMO_SET_SIGNAL, MQGMO_BROWSE_NEXT, MQGMO_LOCK, MQGMO_BROWSE_MSG_UNDER_CURSOR, MQGMO_SYNCPOINT_IF_PERSISTENT, MQGMO_FAIL_IF_QUIESCING, MQGMO_CONVERT
82:
MQGMO_NONE, MQGMO_WAIT, MQGMO_SYNCPOINT, MQGMO_NO_SYNCPOINT, MQGMO_SET_SIGNAL, MQGMO_BROWSE_NEXT, MQGMO_ACCEPT_TRUNCATED_MSG, MQGMO_MARK_SKIP_BACKOUT, MQGMO_MSG_UNDER_CURSOR, MQGMO_LOCK, MQGMO_UNLOCK, MQGMO_SYNCPOINT_IF_PERSISTENT, MQGMO_FAIL_IF_QUIESCING, MQGMO_CONVERT, MQGMO_LOGICAL_ORDER, MQGMO_COMPLETE_MSG, MQGMO_ALL_MSGS_AVAILABLE, MQGMO_ALL_SEGMENTS_AVAILABLE
&lt;null&gt;
83:
MQGMO_NONE, MQGMO_WAIT, MQGMO_SYNCPOINT, MQGMO_NO_SYNCPOINT, MQGMO_SET_SIGNAL, MQGMO_BROWSE_FIRST, MQGMO_BROWSE_NEXT, MQGMO_ACCEPT_TRUNCATED_MSG, MQGMO_MARK_SKIP_BACKOUT, MQGMO_MSG_UNDER_CURSOR, MQGMO_LOCK, MQGMO_UNLOCK, MQGMO_BROWSE_MSG_UNDER_CURSOR, MQGMO_SYNCPOINT_IF_PERSISTENT, MQGMO_FAIL_IF_QUIESCING, MQGMO_CONVERT, MQGMO_LOGICAL_ORDER, MQGMO_COMPLETE_MSG, MQGMO_ALL_MSGS_AVAILABLE, MQGMO_ALL_SEGMENTS_AVAILABLE
&lt;null&gt;
84:
MQGMO_NONE, MQGMO_SYNCPOINT, MQGMO_BROWSE_FIRST, MQGMO_FAIL_IF_QUIESCING, MQGMO_CONVERT, MQGMO_LOGICAL_ORDER, MQGMO_COMPLETE_MSG
84:
MQGMO_NONE, MQGMO_WAIT, MQGMO_SYNCPOINT, MQGMO_NO_SYNCPOINT, MQGMO_SET_SIGNAL, MQGMO_BROWSE_FIRST, MQGMO_BROWSE_NEXT, MQGMO_ACCEPT_TRUNCATED_MSG, MQGMO_MARK_SKIP_BACKOUT, MQGMO_MSG_UNDER_CURSOR, MQGMO_LOCK, MQGMO_UNLOCK, MQGMO_BROWSE_MSG_UNDER_CURSOR, MQGMO_SYNCPOINT_IF_PERSISTENT, MQGMO_FAIL_IF_QUIESCING, MQGMO_CONVERT, MQGMO_LOGICAL_ORDER, MQGMO_COMPLETE_MSG, MQGMO_ALL_MSGS_AVAILABLE, MQGMO_ALL_SEGMENTS_AVAILABLE
&lt;null&gt;
85:
MQGMO_NONE, MQGMO_ACCEPT_TRUNCATED_MSG, MQGMO_COMPLETE_MSG, MQGMO_ALL_MSGS_AVAILABLE
85:
MQGMO_NONE, MQGMO_WAIT, MQGMO_SYNCPOINT, MQGMO_NO_SYNCPOINT, MQGMO_SET_SIGNAL, MQGMO_BROWSE_NEXT, MQGMO_ACCEPT_TRUNCATED_MSG, MQGMO_MARK_SKIP_BACKOUT, MQGMO_MSG_UNDER_CURSOR, MQGMO_LOCK, MQGMO_UNLOCK, MQGMO_BROWSE_MSG_UNDER_CURSOR, MQGMO_CONVERT, MQGMO_COMPLETE_MSG
&lt;null&gt;
86:
MQGMO_NONE, MQGMO_WAIT, MQGMO_SYNCPOINT, MQGMO_NO_SYNCPOINT, MQGMO_SET_SIGNAL, MQGMO_BROWSE_FIRST, MQGMO_BROWSE_NEXT, MQGMO_ACCEPT_TRUNCATED_MSG, MQGMO_MARK_SKIP_BACKOUT, MQGMO_MSG_UNDER_CURSOR, MQGMO_LOCK, MQGMO_UNLOCK, MQGMO_BROWSE_MSG_UNDER_CURSOR, MQGMO_SYNCPOINT_IF_PERSISTENT, MQGMO_FAIL_IF_QUIESCING, MQGMO_CONVERT, MQGMO_LOGICAL_ORDER, MQGMO_COMPLETE_MSG, MQGMO_ALL_MSGS_AVAILABLE, MQGMO_ALL_SEGMENTS_AVAILABLE
&lt;null&gt;
87:
MQGMO_NONE, MQGMO_SET_SIGNAL, MQGMO_BROWSE_FIRST, MQGMO_MARK_SKIP_BACKOUT, MQGMO_LOCK, MQGMO_BROWSE_MSG_UNDER_CURSOR, MQGMO_LOGICAL_ORDER, MQGMO_ALL_SEGMENTS_AVAILABLE
87:
MQGMO_NONE, MQGMO_WAIT, MQGMO_SYNCPOINT, MQGMO_NO_SYNCPOINT, MQGMO_SET_SIGNAL, MQGMO_BROWSE_FIRST, MQGMO_BROWSE_NEXT, MQGMO_ACCEPT_TRUNCATED_MSG, MQGMO_MARK_SKIP_BACKOUT, MQGMO_MSG_UNDER_CURSOR, MQGMO_LOCK, MQGMO_UNLOCK, MQGMO_BROWSE_MSG_UNDER_CURSOR, MQGMO_SYNCPOINT_IF_PERSISTENT, MQGMO_FAIL_IF_QUIESCING, MQGMO_CONVERT, MQGMO_LOGICAL_ORDER, MQGMO_COMPLETE_MSG, MQGMO_ALL_MSGS_AVAILABLE, MQGMO_ALL_SEGMENTS_AVAILABLE
&lt;null&gt;
88:
MQGMO_NONE, MQGMO_WAIT, MQGMO_SYNCPOINT, MQGMO_NO_SYNCPOINT, MQGMO_SET_SIGNAL, MQGMO_BROWSE_FIRST, MQGMO_BROWSE_NEXT, MQGMO_ACCEPT_TRUNCATED_MSG, MQGMO_MARK_SKIP_BACKOUT, MQGMO_MSG_UNDER_CURSOR, MQGMO_LOCK, MQGMO_UNLOCK, MQGMO_BROWSE_MSG_UNDER_CURSOR, MQGMO_SYNCPOINT_IF_PERSISTENT, MQGMO_FAIL_IF_QUIESCING, MQGMO_CONVERT, MQGMO_LOGICAL_ORDER, MQGMO_COMPLETE_MSG, MQGMO_ALL_MSGS_AVAILABLE, MQGMO_ALL_SEGMENTS_AVAILABLE
&lt;null&gt;
89:
MQGMO_NONE, MQGMO_BROWSE_FIRST, MQGMO_BROWSE_NEXT, MQGMO_UNLOCK, MQGMO_SYNCPOINT_IF_PERSISTENT, MQGMO_LOGICAL_ORDER
89:
MQGMO_NONE, MQGMO_WAIT, MQGMO_SYNCPOINT, MQGMO_NO_SYNCPOINT, MQGMO_SET_SIGNAL, MQGMO_BROWSE_FIRST, MQGMO_BROWSE_NEXT, MQGMO_ACCEPT_TRUNCATED_MSG, MQGMO_MARK_SKIP_BACKOUT, MQGMO_MSG_UNDER_CURSOR, MQGMO_LOCK, MQGMO_UNLOCK, MQGMO_BROWSE_MSG_UNDER_CURSOR, MQGMO_SYNCPOINT_IF_PERSISTENT, MQGMO_FAIL_IF_QUIESCING, MQGMO_CONVERT, MQGMO_LOGICAL_ORDER, MQGMO_COMPLETE_MSG, MQGMO_ALL_MSGS_AVAILABLE, MQGMO_ALL_SEGMENTS_AVAILABLE
&lt;null&gt;
90:
MQGMO_NONE, MQGMO_NO_SYNCPOINT, MQGMO_BROWSE_FIRST, MQGMO_LOCK, MQGMO_UNLOCK
90:
MQGMO_NONE, MQGMO_SET_SIGNAL, MQGMO_ACCEPT_TRUNCATED_MSG, MQGMO_MARK_SKIP_BACKOUT, MQGMO_MSG_UNDER_CURSOR, MQGMO_LOCK, MQGMO_UNLOCK, MQGMO_BROWSE_MSG_UNDER_CURSOR, MQGMO_FAIL_IF_QUIESCING, MQGMO_COMPLETE_MSG, MQGMO_ALL_MSGS_AVAILABLE, MQGMO_ALL_SEGMENTS_AVAILABLE
90:
MQGMO_NONE, MQGMO_BROWSE_FIRST, MQGMO_CONVERT
90:
MQGMO_NONE, MQGMO_WAIT, MQGMO_SYNCPOINT, MQGMO_NO_SYNCPOINT, MQGMO_SET_SIGNAL, MQGMO_BROWSE_FIRST, MQGMO_BROWSE_NEXT, MQGMO_ACCEPT_TRUNCATED_MSG, MQGMO_MARK_SKIP_BACKOUT, MQGMO_MSG_UNDER_CURSOR, MQGMO_LOCK, MQGMO_BROWSE_MSG_UNDER_CURSOR, MQGMO_SYNCPOINT_IF_PERSISTENT, MQGMO_FAIL_IF_QUIESCING, MQGMO_CONVERT, MQGMO_LOGICAL_ORDER, MQGMO_COMPLETE_MSG, MQGMO_ALL_MSGS_AVAILABLE, MQGMO_ALL_SEGMENTS_AVAILABLE
&lt;null&gt;
91:
MQGMO_NONE, MQGMO_WAIT, MQGMO_SYNCPOINT, MQGMO_NO_SYNCPOINT, MQGMO_SET_SIGNAL, MQGMO_BROWSE_FIRST, MQGMO_BROWSE_NEXT, MQGMO_ACCEPT_TRUNCATED_MSG, MQGMO_MARK_SKIP_BACKOUT, MQGMO_MSG_UNDER_CURSOR, MQGMO_LOCK, MQGMO_UNLOCK, MQGMO_BROWSE_MSG_UNDER_CURSOR, MQGMO_SYNCPOINT_IF_PERSISTENT, MQGMO_FAIL_IF_QUIESCING, MQGMO_CONVERT, MQGMO_LOGICAL_ORDER, MQGMO_COMPLETE_MSG, MQGMO_ALL_MSGS_AVAILABLE, MQGMO_ALL_SEGMENTS_AVAILABLE
&lt;null&gt;
92:
MQGMO_NONE, MQGMO_WAIT, MQGMO_SYNCPOINT, MQGMO_NO_SYNCPOINT, MQGMO_SET_SIGNAL, MQGMO_BROWSE_FIRST, MQGMO_BROWSE_NEXT, MQGMO_ACCEPT_TRUNCATED_MSG, MQGMO_MARK_SKIP_BACKOUT, MQGMO_MSG_UNDER_CURSOR, MQGMO_LOCK, MQGMO_UNLOCK, MQGMO_BROWSE_MSG_UNDER_CURSOR, MQGMO_SYNCPOINT_IF_PERSISTENT, MQGMO_FAIL_IF_QUIESCING, MQGMO_CONVERT, MQGMO_LOGICAL_ORDER, MQGMO_COMPLETE_MSG, MQGMO_ALL_MSGS_AVAILABLE, MQGMO_ALL_SEGMENTS_AVAILABLE
&lt;null&gt;
93:
MQGMO_NONE, MQGMO_SYNCPOINT, MQGMO_NO_SYNCPOINT, MQGMO_SET_SIGNAL, MQGMO_BROWSE_FIRST, MQGMO_BROWSE_NEXT, MQGMO_ACCEPT_TRUNCATED_MSG, MQGMO_MARK_SKIP_BACKOUT, MQGMO_MSG_UNDER_CURSOR, MQGMO_LOCK, MQGMO_UNLOCK, MQGMO_BROWSE_MSG_UNDER_CURSOR, MQGMO_SYNCPOINT_IF_PERSISTENT, MQGMO_FAIL_IF_QUIESCING, MQGMO_CONVERT, MQGMO_LOGICAL_ORDER, MQGMO_COMPLETE_MSG, MQGMO_ALL_MSGS_AVAILABLE, MQGMO_ALL_SEGMENTS_AVAILABLE
93:
MQGMO_NONE, MQGMO_WAIT, MQGMO_SYNCPOINT, MQGMO_NO_SYNCPOINT, MQGMO_SET_SIGNAL, MQGMO_BROWSE_FIRST, MQGMO_BROWSE_NEXT, MQGMO_ACCEPT_TRUNCATED_MSG, MQGMO_MARK_SKIP_BACKOUT, MQGMO_MSG_UNDER_CURSOR, MQGMO_LOCK, MQGMO_UNLOCK, MQGMO_BROWSE_MSG_UNDER_CURSOR, MQGMO_SYNCPOINT_IF_PERSISTENT, MQGMO_FAIL_IF_QUIESCING, MQGMO_CONVERT, MQGMO_LOGICAL_ORDER, MQGMO_COMPLETE_MSG, MQGMO_ALL_MSGS_AVAILABLE, MQGMO_ALL_SEGMENTS_AVAILABLE
&lt;null&gt;
94:
MQGMO_NONE, MQGMO_WAIT, MQGMO_SYNCPOINT, MQGMO_NO_SYNCPOINT, MQGMO_SET_SIGNAL, MQGMO_BROWSE_FIRST, MQGMO_BROWSE_NEXT, MQGMO_ACCEPT_TRUNCATED_MSG, MQGMO_MARK_SKIP_BACKOUT, MQGMO_MSG_UNDER_CURSOR, MQGMO_UNLOCK, MQGMO_BROWSE_MSG_UNDER_CURSOR, MQGMO_SYNCPOINT_IF_PERSISTENT, MQGMO_LOGICAL_ORDER, MQGMO_COMPLETE_MSG, MQGMO_ALL_MSGS_AVAILABLE, MQGMO_ALL_SEGMENTS_AVAILABLE
&lt;null&gt;
95:
MQGMO_NONE, MQGMO_SYNCPOINT, MQGMO_SET_SIGNAL, MQGMO_BROWSE_FIRST, MQGMO_BROWSE_NEXT, MQGMO_MSG_UNDER_CURSOR, MQGMO_UNLOCK, MQGMO_FAIL_IF_QUIESCING, MQGMO_CONVERT, MQGMO_ALL_MSGS_AVAILABLE
95:
MQGMO_NONE, MQGMO_WAIT, MQGMO_SYNCPOINT, MQGMO_NO_SYNCPOINT, MQGMO_SET_SIGNAL, MQGMO_BROWSE_FIRST, MQGMO_BROWSE_NEXT, MQGMO_MSG_UNDER_CURSOR, MQGMO_LOCK, MQGMO_UNLOCK, MQGMO_BROWSE_MSG_UNDER_CURSOR, MQGMO_SYNCPOINT_IF_PERSISTENT, MQGMO_FAIL_IF_QUIESCING, MQGMO_CONVERT, MQGMO_LOGICAL_ORDER, MQGMO_COMPLETE_MSG, MQGMO_ALL_SEGMENTS_AVAILABLE
&lt;null&gt;
96:
MQGMO_NONE, MQGMO_WAIT, MQGMO_SYNCPOINT, MQGMO_NO_SYNCPOINT, MQGMO_SET_SIGNAL, MQGMO_BROWSE_FIRST, MQGMO_ACCEPT_TRUNCATED_MSG, MQGMO_MARK_SKIP_BACKOUT, MQGMO_MSG_UNDER_CURSOR, MQGMO_LOCK, MQGMO_UNLOCK, MQGMO_BROWSE_MSG_UNDER_CURSOR, MQGMO_SYNCPOINT_IF_PERSISTENT, MQGMO_FAIL_IF_QUIESCING, MQGMO_CONVERT, MQGMO_LOGICAL_ORDER, MQGMO_COMPLETE_MSG, MQGMO_ALL_MSGS_AVAILABLE, MQGMO_ALL_SEGMENTS_AVAILABLE
&lt;null&gt;
97:
MQGMO_NONE, MQGMO_WAIT, MQGMO_SYNCPOINT, MQGMO_SET_SIGNAL, MQGMO_ACCEPT_TRUNCATED_MSG, MQGMO_MARK_SKIP_BACKOUT, MQGMO_UNLOCK, MQGMO_FAIL_IF_QUIESCING, MQGMO_CONVERT, MQGMO_LOGICAL_ORDER, MQGMO_COMPLETE_MSG, MQGMO_ALL_MSGS_AVAILABLE, MQGMO_ALL_SEGMENTS_AVAILABLE
&lt;null&gt;
98:
MQGMO_NONE, MQGMO_WAIT, MQGMO_SYNCPOINT, MQGMO_NO_SYNCPOINT, MQGMO_SET_SIGNAL, MQGMO_BROWSE_FIRST, MQGMO_BROWSE_NEXT, MQGMO_ACCEPT_TRUNCATED_MSG, MQGMO_MARK_SKIP_BACKOUT, MQGMO_MSG_UNDER_CURSOR, MQGMO_LOCK, MQGMO_UNLOCK, MQGMO_BROWSE_MSG_UNDER_CURSOR, MQGMO_SYNCPOINT_IF_PERSISTENT, MQGMO_FAIL_IF_QUIESCING, MQGMO_CONVERT, MQGMO_LOGICAL_ORDER, MQGMO_COMPLETE_MSG, MQGMO_ALL_MSGS_AVAILABLE, MQGMO_ALL_SEGMENTS_AVAILABLE
&lt;null&gt;
99:
MQGMO_NONE, MQGMO_WAIT, MQGMO_SYNCPOINT, MQGMO_NO_SYNCPOINT, MQGMO_SET_SIGNAL, MQGMO_BROWSE_FIRST, MQGMO_BROWSE_NEXT, MQGMO_ACCEPT_TRUNCATED_MSG, MQGMO_MARK_SKIP_BACKOUT, MQGMO_MSG_UNDER_CURSOR, MQGMO_LOCK, MQGMO_UNLOCK, MQGMO_BROWSE_MSG_UNDER_CURSOR, MQGMO_SYNCPOINT_IF_PERSISTENT, MQGMO_FAIL_IF_QUIESCING, MQGMO_CONVERT, MQGMO_LOGICAL_ORDER, MQGMO_COMPLETE_MSG, MQGMO_ALL_MSGS_AVAILABLE, MQGMO_ALL_SEGMENTS_AVAILABLE
&lt;null&gt;
Ok, passed 100 tests.



Debug Trace:
65665 : 65664
6469 : 6468
262401 : 262400
279553 : 279552
131587 : 131586
16079 : 16078
393079 : 393078
523391 : 523390
330407 : 330406
3971 : 3970
130687 : 130686
301047 : 301046
32287 : 32286
183397 : 183396
229255 : 229254
484339 : 484338
55311 : 55310
76791 : 76790
393215 : 393214
5 : 4
484329 : 484328
523519 : 523518
524287 : 524286
516093 : 516092
486235 : 486234
288781 : 288780
164545 : 164544
524287 : 524286
433939 : 433938
28175 : 28174
491519 : 491518
507903 : 507902
262143 : 262142
522221 : 522220
499641 : 499640
12289 : 12288
524287 : 524286
524287 : 524286
524287 : 524286
524287 : 524286
229445 : 229444
491507 : 491506
524287 : 524286
1 : 0
62511 : 62510
3081 : 3080
524223 : 524222
524285 : 524284
524159 : 524158
522239 : 522238
524287 : 524286
269191 : 269190
8203 : 8202
524287 : 524286
524287 : 524286
524287 : 524286
524287 : 524286
237459 : 237458
425967 : 425966
128959 : 128958
507899 : 507898
421819 : 421818
524287 : 524286
360439 : 360438
524287 : 524286
446391 : 446390
310847 : 310846
320497 : 320496
524287 : 524286
286663 : 286662
278047 : 278046
514047 : 514046
520191 : 520190
475039 : 475038
421185 : 421184
524279 : 524278
524287 : 524286
524287 : 524286
524287 : 524286
523767 : 523766
524287 : 524286
70383 : 70382
522223 : 522222
524287 : 524286
524287 : 524286
85999 : 85998
524287 : 524286
524287 : 524286
524287 : 524286
524287 : 524286
523263 : 523262
524287 : 524286
524287 : 524286
524287 : 524286
499199 : 499198
393023 : 393022
524255 : 524254
517323 : 517322
524287 : 524286
524287 : 524286</StdOut>
      </Output>
    </UnitTestResult>
    <UnitTestResult executionId="3b8fec2e-e525-44aa-9f74-559cf0c8d906" testId="4dc4850c-0eb1-ba61-5d3e-f2078bc236c4" testName="WaitInterval_SetWithPositiveValueAndOptionsDoesNotHaveWait_WaitIsAdded" computerName="ICSWS068" duration="00:00:00.0568347" startTime="2016-08-04T09:57:40.6072564+02:00" endTime="2016-08-04T09:57:40.6652791+02:00" testType="13cdc9d9-ddb5-4fa4-a97d-d965ccfc6d4b" outcome="Passed" testListId="8c84fa94-04c1-424b-9868-57a2d4851a1d" relativeResultsDirectory="3b8fec2e-e525-44aa-9f74-559cf0c8d906">
      <Output>
        <StdOut>Ok, passed 100 tests.



Debug Trace:
0 : 1
262400 : 262401
11264 : 11265
4160 : 4161
0 : 1
36872 : 36873
0 : 1
32 : 33
0 : 1
4160 : 4161
0 : 1
69892 : 69893
50212 : 50213
5120 : 5121
36900 : 36901
140036 : 140037
30724 : 30725
63550 : 63551
30772 : 30773
4354 : 4355
131144 : 131145
360448 : 360449
491640 : 491641
0 : 1
33832 : 33833
0 : 1
17920 : 17921
0 : 1
229480 : 229481
32768 : 32769
67600 : 67601
131264 : 131265
51716 : 51717
33024 : 33025
214320 : 214321
8200 : 8201
521214 : 521215
402 : 403
16384 : 16385
241790 : 241791
4100 : 4101
256 : 257
65600 : 65601
55358 : 55359
522494 : 522495
189698 : 189699
505824 : 505825
131840 : 131841
505798 : 505799
288 : 289
1024 : 1025
69860 : 69861
25282 : 25283
522210 : 522211
2050 : 2051
250988 : 250989
32776 : 32777
53354 : 53355
307732 : 307733
0 : 1
517116 : 517117
73816 : 73817
31870 : 31871
568 : 569
245210 : 245211
4 : 5
495574 : 495575
0 : 1
147584 : 147585
82852 : 82853
7202 : 7203
254200 : 254201
0 : 1
524266 : 524267
32832 : 32833
152992 : 152993
459184 : 459185
452056 : 452057
12 : 13
26624 : 26625
392444 : 392445
100352 : 100353
274 : 275
219756 : 219757
4144 : 4145
3330 : 3331
229728 : 229729
365536 : 365537
0 : 1
508400 : 508401
256 : 257
127228 : 127229
425886 : 425887
524158 : 524159
227746 : 227747
38914 : 38915
11268 : 11269
96 : 97
0 : 1
42052 : 42053</StdOut>
      </Output>
    </UnitTestResult>
    <UnitTestResult executionId="dbd8c03d-8600-4683-a699-ef36b7f1a270" testId="50db88c4-9b7a-3576-3f1e-51b18a3866db" testName="SyncPoint_SettingSyncPoint_AllOtherOptionsAreIntact" computerName="ICSWS068" duration="00:00:00.0163884" startTime="2016-08-04T09:57:40.6682814+02:00" endTime="2016-08-04T09:57:40.6862937+02:00" testType="13cdc9d9-ddb5-4fa4-a97d-d965ccfc6d4b" outcome="Passed" testListId="8c84fa94-04c1-424b-9868-57a2d4851a1d" relativeResultsDirectory="dbd8c03d-8600-4683-a699-ef36b7f1a270">
      <Output>
        <StdOut>0:
MQGMO_NO_WAIT
1:
MQGMO_NO_WAIT
2:
MQGMO_NO_WAIT
3:
MQGMO_NONE, MQGMO_SET_SIGNAL
4:
MQGMO_NO_WAIT
5:
MQGMO_NONE, MQGMO_BROWSE_NEXT, MQGMO_SYNCPOINT_IF_PERSISTENT
6:
MQGMO_NONE, MQGMO_NO_SYNCPOINT
7:
MQGMO_NONE, MQGMO_WAIT
8:
MQGMO_NONE, MQGMO_SYNCPOINT, MQGMO_NO_SYNCPOINT, MQGMO_SET_SIGNAL, MQGMO_BROWSE_FIRST, MQGMO_BROWSE_MSG_UNDER_CURSOR, MQGMO_SYNCPOINT_IF_PERSISTENT, MQGMO_CONVERT, MQGMO_COMPLETE_MSG
9:
MQGMO_NONE, MQGMO_LOCK, MQGMO_UNLOCK, MQGMO_ALL_MSGS_AVAILABLE
10:
MQGMO_NONE, MQGMO_LOCK, MQGMO_UNLOCK, MQGMO_ALL_MSGS_AVAILABLE
11:
MQGMO_NONE, MQGMO_SET_SIGNAL, MQGMO_FAIL_IF_QUIESCING
12:
MQGMO_NO_WAIT
13:
MQGMO_NONE, MQGMO_WAIT, MQGMO_SYNCPOINT, MQGMO_MARK_SKIP_BACKOUT, MQGMO_MSG_UNDER_CURSOR, MQGMO_UNLOCK
14:
MQGMO_NO_WAIT
15:
MQGMO_NONE, MQGMO_ALL_MSGS_AVAILABLE
16:
MQGMO_NO_WAIT
17:
MQGMO_NO_WAIT
18:
MQGMO_NONE, MQGMO_SYNCPOINT, MQGMO_BROWSE_NEXT, MQGMO_ACCEPT_TRUNCATED_MSG, MQGMO_MARK_SKIP_BACKOUT, MQGMO_MSG_UNDER_CURSOR, MQGMO_LOCK, MQGMO_UNLOCK, MQGMO_LOGICAL_ORDER, MQGMO_COMPLETE_MSG, MQGMO_ALL_MSGS_AVAILABLE
19:
MQGMO_NONE, MQGMO_WAIT, MQGMO_BROWSE_MSG_UNDER_CURSOR, MQGMO_ALL_SEGMENTS_AVAILABLE
20:
MQGMO_NONE, MQGMO_MSG_UNDER_CURSOR, MQGMO_LOGICAL_ORDER
21:
MQGMO_NONE, MQGMO_MSG_UNDER_CURSOR
22:
MQGMO_NONE, MQGMO_WAIT, MQGMO_SYNCPOINT, MQGMO_NO_SYNCPOINT, MQGMO_BROWSE_FIRST, MQGMO_BROWSE_NEXT, MQGMO_BROWSE_MSG_UNDER_CURSOR, MQGMO_SYNCPOINT_IF_PERSISTENT, MQGMO_FAIL_IF_QUIESCING, MQGMO_CONVERT, MQGMO_LOGICAL_ORDER, MQGMO_COMPLETE_MSG
23:
MQGMO_NO_WAIT
24:
MQGMO_NONE, MQGMO_NO_SYNCPOINT, MQGMO_COMPLETE_MSG
25:
MQGMO_NONE, MQGMO_SYNCPOINT, MQGMO_SET_SIGNAL, MQGMO_BROWSE_FIRST, MQGMO_BROWSE_MSG_UNDER_CURSOR, MQGMO_SYNCPOINT_IF_PERSISTENT, MQGMO_CONVERT
26:
MQGMO_NONE, MQGMO_NO_SYNCPOINT, MQGMO_CONVERT
27:
MQGMO_NO_WAIT
28:
MQGMO_NONE, MQGMO_WAIT, MQGMO_NO_SYNCPOINT, MQGMO_SET_SIGNAL, MQGMO_BROWSE_NEXT, MQGMO_MARK_SKIP_BACKOUT, MQGMO_MSG_UNDER_CURSOR, MQGMO_LOCK, MQGMO_UNLOCK, MQGMO_BROWSE_MSG_UNDER_CURSOR, MQGMO_SYNCPOINT_IF_PERSISTENT, MQGMO_FAIL_IF_QUIESCING, MQGMO_CONVERT, MQGMO_LOGICAL_ORDER, MQGMO_ALL_MSGS_AVAILABLE, MQGMO_ALL_SEGMENTS_AVAILABLE
29:
MQGMO_NONE, MQGMO_FAIL_IF_QUIESCING
30:
MQGMO_NONE, MQGMO_WAIT, MQGMO_NO_SYNCPOINT, MQGMO_SET_SIGNAL, MQGMO_BROWSE_FIRST, MQGMO_MSG_UNDER_CURSOR, MQGMO_LOCK, MQGMO_UNLOCK, MQGMO_BROWSE_MSG_UNDER_CURSOR, MQGMO_SYNCPOINT_IF_PERSISTENT, MQGMO_FAIL_IF_QUIESCING, MQGMO_CONVERT, MQGMO_ALL_SEGMENTS_AVAILABLE
31:
MQGMO_NONE, MQGMO_WAIT, MQGMO_SYNCPOINT, MQGMO_NO_SYNCPOINT, MQGMO_SET_SIGNAL, MQGMO_LOCK, MQGMO_UNLOCK, MQGMO_BROWSE_MSG_UNDER_CURSOR, MQGMO_SYNCPOINT_IF_PERSISTENT
32:
MQGMO_NONE, MQGMO_SET_SIGNAL, MQGMO_BROWSE_FIRST, MQGMO_BROWSE_NEXT, MQGMO_ACCEPT_TRUNCATED_MSG, MQGMO_MSG_UNDER_CURSOR, MQGMO_LOCK, MQGMO_UNLOCK, MQGMO_CONVERT, MQGMO_LOGICAL_ORDER, MQGMO_COMPLETE_MSG, MQGMO_ALL_MSGS_AVAILABLE, MQGMO_ALL_SEGMENTS_AVAILABLE
33:
MQGMO_NONE, MQGMO_NO_SYNCPOINT, MQGMO_SET_SIGNAL, MQGMO_BROWSE_FIRST, MQGMO_BROWSE_NEXT, MQGMO_MARK_SKIP_BACKOUT, MQGMO_FAIL_IF_QUIESCING, MQGMO_CONVERT, MQGMO_LOGICAL_ORDER, MQGMO_COMPLETE_MSG, MQGMO_ALL_MSGS_AVAILABLE, MQGMO_ALL_SEGMENTS_AVAILABLE
34:
MQGMO_NO_WAIT
35:
MQGMO_NO_WAIT
36:
MQGMO_NONE, MQGMO_NO_SYNCPOINT, MQGMO_SET_SIGNAL, MQGMO_BROWSE_NEXT, MQGMO_ACCEPT_TRUNCATED_MSG, MQGMO_SYNCPOINT_IF_PERSISTENT, MQGMO_FAIL_IF_QUIESCING, MQGMO_CONVERT
37:
MQGMO_NONE, MQGMO_WAIT, MQGMO_SYNCPOINT, MQGMO_NO_SYNCPOINT, MQGMO_SET_SIGNAL, MQGMO_BROWSE_FIRST, MQGMO_BROWSE_NEXT, MQGMO_UNLOCK, MQGMO_SYNCPOINT_IF_PERSISTENT, MQGMO_FAIL_IF_QUIESCING, MQGMO_CONVERT, MQGMO_LOGICAL_ORDER, MQGMO_COMPLETE_MSG
38:
MQGMO_NONE, MQGMO_BROWSE_FIRST, MQGMO_BROWSE_NEXT, MQGMO_MARK_SKIP_BACKOUT, MQGMO_CONVERT, MQGMO_ALL_MSGS_AVAILABLE
39:
MQGMO_NO_WAIT
40:
MQGMO_NONE, MQGMO_ACCEPT_TRUNCATED_MSG, MQGMO_MARK_SKIP_BACKOUT, MQGMO_ALL_MSGS_AVAILABLE
41:
MQGMO_NONE, MQGMO_COMPLETE_MSG
42:
MQGMO_NONE, MQGMO_WAIT, MQGMO_SYNCPOINT, MQGMO_NO_SYNCPOINT, MQGMO_BROWSE_FIRST, MQGMO_BROWSE_NEXT, MQGMO_ACCEPT_TRUNCATED_MSG, MQGMO_MARK_SKIP_BACKOUT, MQGMO_MSG_UNDER_CURSOR, MQGMO_LOCK, MQGMO_UNLOCK, MQGMO_BROWSE_MSG_UNDER_CURSOR, MQGMO_SYNCPOINT_IF_PERSISTENT, MQGMO_FAIL_IF_QUIESCING, MQGMO_CONVERT, MQGMO_LOGICAL_ORDER, MQGMO_ALL_MSGS_AVAILABLE, MQGMO_ALL_SEGMENTS_AVAILABLE
43:
MQGMO_NONE, MQGMO_WAIT, MQGMO_SYNCPOINT, MQGMO_ACCEPT_TRUNCATED_MSG, MQGMO_LOCK, MQGMO_UNLOCK, MQGMO_BROWSE_MSG_UNDER_CURSOR, MQGMO_SYNCPOINT_IF_PERSISTENT, MQGMO_FAIL_IF_QUIESCING, MQGMO_CONVERT
44:
MQGMO_NONE, MQGMO_SET_SIGNAL, MQGMO_BROWSE_FIRST, MQGMO_ACCEPT_TRUNCATED_MSG, MQGMO_MARK_SKIP_BACKOUT, MQGMO_FAIL_IF_QUIESCING, MQGMO_CONVERT, MQGMO_LOGICAL_ORDER
45:
MQGMO_NONE, MQGMO_WAIT, MQGMO_SYNCPOINT, MQGMO_NO_SYNCPOINT, MQGMO_SET_SIGNAL, MQGMO_BROWSE_FIRST, MQGMO_BROWSE_NEXT, MQGMO_ACCEPT_TRUNCATED_MSG, MQGMO_MSG_UNDER_CURSOR, MQGMO_LOCK, MQGMO_UNLOCK, MQGMO_BROWSE_MSG_UNDER_CURSOR, MQGMO_SYNCPOINT_IF_PERSISTENT, MQGMO_FAIL_IF_QUIESCING, MQGMO_CONVERT, MQGMO_LOGICAL_ORDER, MQGMO_COMPLETE_MSG, MQGMO_ALL_MSGS_AVAILABLE, MQGMO_ALL_SEGMENTS_AVAILABLE
46:
MQGMO_NONE, MQGMO_SET_SIGNAL, MQGMO_BROWSE_FIRST, MQGMO_ACCEPT_TRUNCATED_MSG, MQGMO_MARK_SKIP_BACKOUT, MQGMO_MSG_UNDER_CURSOR, MQGMO_UNLOCK, MQGMO_COMPLETE_MSG, MQGMO_ALL_MSGS_AVAILABLE, MQGMO_ALL_SEGMENTS_AVAILABLE
47:
MQGMO_NONE, MQGMO_NO_SYNCPOINT, MQGMO_SET_SIGNAL, MQGMO_BROWSE_FIRST, MQGMO_BROWSE_NEXT, MQGMO_BROWSE_MSG_UNDER_CURSOR, MQGMO_SYNCPOINT_IF_PERSISTENT, MQGMO_FAIL_IF_QUIESCING, MQGMO_CONVERT, MQGMO_LOGICAL_ORDER
48:
MQGMO_NONE, MQGMO_WAIT, MQGMO_SYNCPOINT, MQGMO_NO_SYNCPOINT, MQGMO_SET_SIGNAL, MQGMO_BROWSE_FIRST, MQGMO_BROWSE_NEXT, MQGMO_ACCEPT_TRUNCATED_MSG, MQGMO_MARK_SKIP_BACKOUT, MQGMO_MSG_UNDER_CURSOR, MQGMO_LOCK, MQGMO_UNLOCK, MQGMO_BROWSE_MSG_UNDER_CURSOR, MQGMO_FAIL_IF_QUIESCING, MQGMO_CONVERT, MQGMO_LOGICAL_ORDER, MQGMO_COMPLETE_MSG, MQGMO_ALL_MSGS_AVAILABLE, MQGMO_ALL_SEGMENTS_AVAILABLE
49:
MQGMO_NONE, MQGMO_WAIT, MQGMO_SYNCPOINT, MQGMO_NO_SYNCPOINT, MQGMO_SET_SIGNAL, MQGMO_BROWSE_FIRST, MQGMO_BROWSE_NEXT, MQGMO_ACCEPT_TRUNCATED_MSG, MQGMO_MARK_SKIP_BACKOUT, MQGMO_MSG_UNDER_CURSOR, MQGMO_LOCK, MQGMO_UNLOCK, MQGMO_BROWSE_MSG_UNDER_CURSOR, MQGMO_SYNCPOINT_IF_PERSISTENT, MQGMO_FAIL_IF_QUIESCING, MQGMO_CONVERT, MQGMO_LOGICAL_ORDER, MQGMO_COMPLETE_MSG, MQGMO_ALL_MSGS_AVAILABLE, MQGMO_ALL_SEGMENTS_AVAILABLE
50:
MQGMO_NONE, MQGMO_SYNCPOINT, MQGMO_NO_SYNCPOINT, MQGMO_SET_SIGNAL, MQGMO_BROWSE_FIRST, MQGMO_BROWSE_NEXT, MQGMO_MSG_UNDER_CURSOR, MQGMO_LOCK, MQGMO_UNLOCK, MQGMO_BROWSE_MSG_UNDER_CURSOR, MQGMO_SYNCPOINT_IF_PERSISTENT, MQGMO_FAIL_IF_QUIESCING, MQGMO_CONVERT, MQGMO_LOGICAL_ORDER, MQGMO_ALL_SEGMENTS_AVAILABLE
51:
MQGMO_NONE, MQGMO_BROWSE_FIRST, MQGMO_BROWSE_NEXT, MQGMO_ACCEPT_TRUNCATED_MSG, MQGMO_MARK_SKIP_BACKOUT, MQGMO_MSG_UNDER_CURSOR, MQGMO_CONVERT, MQGMO_LOGICAL_ORDER, MQGMO_COMPLETE_MSG, MQGMO_ALL_SEGMENTS_AVAILABLE
52:
MQGMO_NONE, MQGMO_WAIT, MQGMO_SYNCPOINT, MQGMO_NO_SYNCPOINT, MQGMO_SET_SIGNAL, MQGMO_BROWSE_FIRST, MQGMO_MARK_SKIP_BACKOUT, MQGMO_MSG_UNDER_CURSOR, MQGMO_LOCK, MQGMO_UNLOCK, MQGMO_BROWSE_MSG_UNDER_CURSOR, MQGMO_SYNCPOINT_IF_PERSISTENT, MQGMO_FAIL_IF_QUIESCING, MQGMO_COMPLETE_MSG, MQGMO_ALL_MSGS_AVAILABLE, MQGMO_ALL_SEGMENTS_AVAILABLE
53:
MQGMO_NONE, MQGMO_NO_SYNCPOINT, MQGMO_SET_SIGNAL, MQGMO_BROWSE_FIRST, MQGMO_BROWSE_NEXT, MQGMO_ACCEPT_TRUNCATED_MSG, MQGMO_SYNCPOINT_IF_PERSISTENT, MQGMO_FAIL_IF_QUIESCING, MQGMO_LOGICAL_ORDER, MQGMO_COMPLETE_MSG, MQGMO_ALL_SEGMENTS_AVAILABLE
54:
MQGMO_NONE, MQGMO_ACCEPT_TRUNCATED_MSG, MQGMO_ALL_MSGS_AVAILABLE
55:
MQGMO_NONE, MQGMO_BROWSE_NEXT, MQGMO_ACCEPT_TRUNCATED_MSG, MQGMO_MSG_UNDER_CURSOR, MQGMO_LOGICAL_ORDER, MQGMO_COMPLETE_MSG, MQGMO_ALL_MSGS_AVAILABLE
56:
MQGMO_NONE, MQGMO_SYNCPOINT, MQGMO_NO_SYNCPOINT, MQGMO_SET_SIGNAL, MQGMO_BROWSE_FIRST, MQGMO_BROWSE_NEXT, MQGMO_LOCK, MQGMO_UNLOCK, MQGMO_BROWSE_MSG_UNDER_CURSOR, MQGMO_SYNCPOINT_IF_PERSISTENT, MQGMO_FAIL_IF_QUIESCING, MQGMO_CONVERT, MQGMO_LOGICAL_ORDER
57:
MQGMO_NONE, MQGMO_MSG_UNDER_CURSOR, MQGMO_LOGICAL_ORDER
58:
MQGMO_NONE, MQGMO_WAIT, MQGMO_SYNCPOINT, MQGMO_NO_SYNCPOINT, MQGMO_SET_SIGNAL, MQGMO_BROWSE_FIRST, MQGMO_BROWSE_NEXT, MQGMO_ACCEPT_TRUNCATED_MSG, MQGMO_MARK_SKIP_BACKOUT, MQGMO_MSG_UNDER_CURSOR, MQGMO_LOCK, MQGMO_UNLOCK, MQGMO_BROWSE_MSG_UNDER_CURSOR, MQGMO_SYNCPOINT_IF_PERSISTENT, MQGMO_FAIL_IF_QUIESCING, MQGMO_CONVERT, MQGMO_LOGICAL_ORDER, MQGMO_COMPLETE_MSG, MQGMO_ALL_MSGS_AVAILABLE, MQGMO_ALL_SEGMENTS_AVAILABLE
59:
MQGMO_NONE, MQGMO_WAIT, MQGMO_SYNCPOINT, MQGMO_NO_SYNCPOINT, MQGMO_SET_SIGNAL, MQGMO_BROWSE_NEXT, MQGMO_ACCEPT_TRUNCATED_MSG, MQGMO_MARK_SKIP_BACKOUT, MQGMO_MSG_UNDER_CURSOR, MQGMO_LOCK, MQGMO_BROWSE_MSG_UNDER_CURSOR, MQGMO_SYNCPOINT_IF_PERSISTENT, MQGMO_FAIL_IF_QUIESCING, MQGMO_CONVERT, MQGMO_LOGICAL_ORDER, MQGMO_COMPLETE_MSG, MQGMO_ALL_MSGS_AVAILABLE, MQGMO_ALL_SEGMENTS_AVAILABLE
60:
MQGMO_NONE, MQGMO_WAIT, MQGMO_SYNCPOINT, MQGMO_NO_SYNCPOINT, MQGMO_SET_SIGNAL, MQGMO_BROWSE_FIRST, MQGMO_BROWSE_NEXT, MQGMO_ACCEPT_TRUNCATED_MSG, MQGMO_MARK_SKIP_BACKOUT, MQGMO_MSG_UNDER_CURSOR, MQGMO_LOCK, MQGMO_UNLOCK, MQGMO_BROWSE_MSG_UNDER_CURSOR, MQGMO_SYNCPOINT_IF_PERSISTENT, MQGMO_FAIL_IF_QUIESCING, MQGMO_CONVERT, MQGMO_LOGICAL_ORDER, MQGMO_COMPLETE_MSG, MQGMO_ALL_MSGS_AVAILABLE, MQGMO_ALL_SEGMENTS_AVAILABLE
61:
MQGMO_NONE, MQGMO_WAIT, MQGMO_SYNCPOINT, MQGMO_BROWSE_NEXT, MQGMO_ACCEPT_TRUNCATED_MSG, MQGMO_MARK_SKIP_BACKOUT, MQGMO_MSG_UNDER_CURSOR, MQGMO_UNLOCK, MQGMO_COMPLETE_MSG, MQGMO_ALL_MSGS_AVAILABLE, MQGMO_ALL_SEGMENTS_AVAILABLE
62:
MQGMO_NONE, MQGMO_MARK_SKIP_BACKOUT, MQGMO_COMPLETE_MSG, MQGMO_ALL_SEGMENTS_AVAILABLE
63:
MQGMO_NONE, MQGMO_WAIT, MQGMO_SYNCPOINT, MQGMO_NO_SYNCPOINT, MQGMO_SET_SIGNAL, MQGMO_BROWSE_FIRST, MQGMO_BROWSE_NEXT, MQGMO_ACCEPT_TRUNCATED_MSG, MQGMO_MARK_SKIP_BACKOUT, MQGMO_MSG_UNDER_CURSOR, MQGMO_LOCK, MQGMO_UNLOCK, MQGMO_SYNCPOINT_IF_PERSISTENT, MQGMO_FAIL_IF_QUIESCING, MQGMO_CONVERT, MQGMO_LOGICAL_ORDER, MQGMO_COMPLETE_MSG, MQGMO_ALL_MSGS_AVAILABLE, MQGMO_ALL_SEGMENTS_AVAILABLE
64:
MQGMO_NONE, MQGMO_ACCEPT_TRUNCATED_MSG, MQGMO_MSG_UNDER_CURSOR, MQGMO_ALL_MSGS_AVAILABLE
65:
MQGMO_NONE, MQGMO_WAIT, MQGMO_NO_SYNCPOINT, MQGMO_SET_SIGNAL, MQGMO_ACCEPT_TRUNCATED_MSG, MQGMO_SYNCPOINT_IF_PERSISTENT, MQGMO_FAIL_IF_QUIESCING, MQGMO_CONVERT, MQGMO_LOGICAL_ORDER
66:
MQGMO_NONE, MQGMO_WAIT, MQGMO_SET_SIGNAL, MQGMO_BROWSE_FIRST, MQGMO_BROWSE_NEXT, MQGMO_ACCEPT_TRUNCATED_MSG, MQGMO_MARK_SKIP_BACKOUT, MQGMO_MSG_UNDER_CURSOR, MQGMO_LOCK, MQGMO_UNLOCK, MQGMO_SYNCPOINT_IF_PERSISTENT, MQGMO_FAIL_IF_QUIESCING, MQGMO_CONVERT, MQGMO_COMPLETE_MSG, MQGMO_ALL_MSGS_AVAILABLE, MQGMO_ALL_SEGMENTS_AVAILABLE
67:
MQGMO_NONE, MQGMO_SET_SIGNAL
68:
MQGMO_NONE, MQGMO_WAIT, MQGMO_SYNCPOINT, MQGMO_NO_SYNCPOINT, MQGMO_SET_SIGNAL, MQGMO_BROWSE_FIRST, MQGMO_BROWSE_NEXT, MQGMO_ACCEPT_TRUNCATED_MSG, MQGMO_MARK_SKIP_BACKOUT, MQGMO_MSG_UNDER_CURSOR, MQGMO_LOCK, MQGMO_UNLOCK, MQGMO_BROWSE_MSG_UNDER_CURSOR, MQGMO_SYNCPOINT_IF_PERSISTENT, MQGMO_CONVERT, MQGMO_LOGICAL_ORDER, MQGMO_COMPLETE_MSG, MQGMO_ALL_MSGS_AVAILABLE, MQGMO_ALL_SEGMENTS_AVAILABLE
69:
MQGMO_NONE, MQGMO_WAIT, MQGMO_SYNCPOINT, MQGMO_NO_SYNCPOINT, MQGMO_SET_SIGNAL, MQGMO_BROWSE_FIRST, MQGMO_BROWSE_NEXT, MQGMO_ACCEPT_TRUNCATED_MSG, MQGMO_MARK_SKIP_BACKOUT, MQGMO_MSG_UNDER_CURSOR, MQGMO_LOCK, MQGMO_UNLOCK, MQGMO_BROWSE_MSG_UNDER_CURSOR, MQGMO_FAIL_IF_QUIESCING, MQGMO_CONVERT, MQGMO_LOGICAL_ORDER, MQGMO_COMPLETE_MSG, MQGMO_ALL_MSGS_AVAILABLE, MQGMO_ALL_SEGMENTS_AVAILABLE
70:
MQGMO_NONE, MQGMO_WAIT, MQGMO_SYNCPOINT, MQGMO_NO_SYNCPOINT, MQGMO_SET_SIGNAL, MQGMO_BROWSE_FIRST, MQGMO_BROWSE_NEXT, MQGMO_ACCEPT_TRUNCATED_MSG, MQGMO_MARK_SKIP_BACKOUT, MQGMO_LOCK, MQGMO_UNLOCK, MQGMO_BROWSE_MSG_UNDER_CURSOR, MQGMO_FAIL_IF_QUIESCING, MQGMO_CONVERT, MQGMO_LOGICAL_ORDER, MQGMO_COMPLETE_MSG, MQGMO_ALL_MSGS_AVAILABLE, MQGMO_ALL_SEGMENTS_AVAILABLE
71:
MQGMO_NONE, MQGMO_WAIT, MQGMO_NO_SYNCPOINT, MQGMO_SET_SIGNAL, MQGMO_BROWSE_FIRST, MQGMO_BROWSE_NEXT, MQGMO_ACCEPT_TRUNCATED_MSG, MQGMO_MARK_SKIP_BACKOUT, MQGMO_MSG_UNDER_CURSOR, MQGMO_LOCK, MQGMO_UNLOCK, MQGMO_BROWSE_MSG_UNDER_CURSOR, MQGMO_SYNCPOINT_IF_PERSISTENT, MQGMO_FAIL_IF_QUIESCING, MQGMO_LOGICAL_ORDER, MQGMO_COMPLETE_MSG, MQGMO_ALL_MSGS_AVAILABLE, MQGMO_ALL_SEGMENTS_AVAILABLE
72:
MQGMO_NONE, MQGMO_SET_SIGNAL, MQGMO_BROWSE_FIRST, MQGMO_BROWSE_NEXT, MQGMO_ACCEPT_TRUNCATED_MSG, MQGMO_CONVERT, MQGMO_LOGICAL_ORDER, MQGMO_COMPLETE_MSG, MQGMO_ALL_MSGS_AVAILABLE, MQGMO_ALL_SEGMENTS_AVAILABLE
73:
MQGMO_NONE, MQGMO_BROWSE_NEXT, MQGMO_MARK_SKIP_BACKOUT, MQGMO_MSG_UNDER_CURSOR, MQGMO_COMPLETE_MSG, MQGMO_ALL_SEGMENTS_AVAILABLE
74:
MQGMO_NONE, MQGMO_ACCEPT_TRUNCATED_MSG, MQGMO_MARK_SKIP_BACKOUT, MQGMO_LOCK, MQGMO_COMPLETE_MSG
75:
MQGMO_NO_WAIT
76:
MQGMO_NONE, MQGMO_WAIT, MQGMO_SYNCPOINT, MQGMO_NO_SYNCPOINT, MQGMO_SET_SIGNAL, MQGMO_BROWSE_FIRST, MQGMO_UNLOCK, MQGMO_SYNCPOINT_IF_PERSISTENT, MQGMO_FAIL_IF_QUIESCING, MQGMO_CONVERT, MQGMO_LOGICAL_ORDER
77:
MQGMO_NONE, MQGMO_BROWSE_FIRST, MQGMO_MARK_SKIP_BACKOUT, MQGMO_MSG_UNDER_CURSOR, MQGMO_UNLOCK, MQGMO_BROWSE_MSG_UNDER_CURSOR, MQGMO_ALL_MSGS_AVAILABLE, MQGMO_ALL_SEGMENTS_AVAILABLE
78:
MQGMO_NONE, MQGMO_NO_SYNCPOINT, MQGMO_BROWSE_FIRST, MQGMO_FAIL_IF_QUIESCING, MQGMO_COMPLETE_MSG
79:
MQGMO_NONE, MQGMO_WAIT, MQGMO_SYNCPOINT, MQGMO_BROWSE_FIRST, MQGMO_BROWSE_NEXT, MQGMO_ACCEPT_TRUNCATED_MSG, MQGMO_MARK_SKIP_BACKOUT, MQGMO_MSG_UNDER_CURSOR, MQGMO_LOCK, MQGMO_UNLOCK, MQGMO_BROWSE_MSG_UNDER_CURSOR, MQGMO_FAIL_IF_QUIESCING, MQGMO_CONVERT, MQGMO_LOGICAL_ORDER, MQGMO_COMPLETE_MSG, MQGMO_ALL_SEGMENTS_AVAILABLE
80:
MQGMO_NONE, MQGMO_WAIT, MQGMO_SYNCPOINT, MQGMO_NO_SYNCPOINT, MQGMO_SET_SIGNAL, MQGMO_BROWSE_FIRST, MQGMO_MARK_SKIP_BACKOUT, MQGMO_MSG_UNDER_CURSOR, MQGMO_LOCK, MQGMO_UNLOCK, MQGMO_BROWSE_MSG_UNDER_CURSOR, MQGMO_FAIL_IF_QUIESCING, MQGMO_CONVERT, MQGMO_LOGICAL_ORDER, MQGMO_ALL_SEGMENTS_AVAILABLE
81:
MQGMO_NONE, MQGMO_WAIT, MQGMO_SYNCPOINT, MQGMO_NO_SYNCPOINT, MQGMO_SET_SIGNAL, MQGMO_BROWSE_FIRST, MQGMO_BROWSE_NEXT, MQGMO_ACCEPT_TRUNCATED_MSG, MQGMO_MARK_SKIP_BACKOUT, MQGMO_MSG_UNDER_CURSOR, MQGMO_UNLOCK, MQGMO_BROWSE_MSG_UNDER_CURSOR, MQGMO_SYNCPOINT_IF_PERSISTENT, MQGMO_FAIL_IF_QUIESCING, MQGMO_CONVERT, MQGMO_LOGICAL_ORDER, MQGMO_COMPLETE_MSG, MQGMO_ALL_MSGS_AVAILABLE, MQGMO_ALL_SEGMENTS_AVAILABLE
82:
MQGMO_NONE, MQGMO_WAIT, MQGMO_SET_SIGNAL, MQGMO_BROWSE_FIRST, MQGMO_ACCEPT_TRUNCATED_MSG, MQGMO_MARK_SKIP_BACKOUT, MQGMO_MSG_UNDER_CURSOR, MQGMO_LOCK, MQGMO_UNLOCK, MQGMO_BROWSE_MSG_UNDER_CURSOR, MQGMO_SYNCPOINT_IF_PERSISTENT, MQGMO_COMPLETE_MSG, MQGMO_ALL_MSGS_AVAILABLE, MQGMO_ALL_SEGMENTS_AVAILABLE
83:
MQGMO_NO_WAIT
84:
MQGMO_NONE, MQGMO_WAIT, MQGMO_SYNCPOINT, MQGMO_NO_SYNCPOINT, MQGMO_BROWSE_FIRST, MQGMO_BROWSE_NEXT, MQGMO_ACCEPT_TRUNCATED_MSG, MQGMO_MARK_SKIP_BACKOUT, MQGMO_MSG_UNDER_CURSOR, MQGMO_LOCK, MQGMO_UNLOCK, MQGMO_BROWSE_MSG_UNDER_CURSOR, MQGMO_SYNCPOINT_IF_PERSISTENT, MQGMO_FAIL_IF_QUIESCING, MQGMO_CONVERT, MQGMO_LOGICAL_ORDER, MQGMO_COMPLETE_MSG, MQGMO_ALL_MSGS_AVAILABLE, MQGMO_ALL_SEGMENTS_AVAILABLE
85:
MQGMO_NONE, MQGMO_ACCEPT_TRUNCATED_MSG, MQGMO_MARK_SKIP_BACKOUT, MQGMO_LOCK, MQGMO_UNLOCK, MQGMO_COMPLETE_MSG, MQGMO_ALL_MSGS_AVAILABLE
86:
MQGMO_NONE, MQGMO_WAIT, MQGMO_SYNCPOINT, MQGMO_NO_SYNCPOINT, MQGMO_SET_SIGNAL, MQGMO_BROWSE_FIRST, MQGMO_BROWSE_NEXT, MQGMO_ACCEPT_TRUNCATED_MSG, MQGMO_MARK_SKIP_BACKOUT, MQGMO_MSG_UNDER_CURSOR, MQGMO_LOCK, MQGMO_UNLOCK, MQGMO_BROWSE_MSG_UNDER_CURSOR, MQGMO_SYNCPOINT_IF_PERSISTENT, MQGMO_FAIL_IF_QUIESCING, MQGMO_CONVERT, MQGMO_LOGICAL_ORDER, MQGMO_COMPLETE_MSG, MQGMO_ALL_MSGS_AVAILABLE
87:
MQGMO_NONE, MQGMO_WAIT, MQGMO_SYNCPOINT, MQGMO_NO_SYNCPOINT, MQGMO_BROWSE_NEXT, MQGMO_ACCEPT_TRUNCATED_MSG, MQGMO_MARK_SKIP_BACKOUT, MQGMO_MSG_UNDER_CURSOR, MQGMO_LOCK, MQGMO_UNLOCK, MQGMO_BROWSE_MSG_UNDER_CURSOR, MQGMO_CONVERT, MQGMO_LOGICAL_ORDER, MQGMO_COMPLETE_MSG, MQGMO_ALL_MSGS_AVAILABLE
88:
MQGMO_NONE, MQGMO_WAIT, MQGMO_SYNCPOINT, MQGMO_NO_SYNCPOINT, MQGMO_SET_SIGNAL, MQGMO_BROWSE_FIRST, MQGMO_BROWSE_NEXT, MQGMO_ACCEPT_TRUNCATED_MSG, MQGMO_MARK_SKIP_BACKOUT, MQGMO_MSG_UNDER_CURSOR, MQGMO_LOCK, MQGMO_UNLOCK, MQGMO_BROWSE_MSG_UNDER_CURSOR, MQGMO_SYNCPOINT_IF_PERSISTENT, MQGMO_FAIL_IF_QUIESCING, MQGMO_CONVERT, MQGMO_LOGICAL_ORDER, MQGMO_COMPLETE_MSG, MQGMO_ALL_MSGS_AVAILABLE, MQGMO_ALL_SEGMENTS_AVAILABLE
89:
MQGMO_NONE, MQGMO_WAIT, MQGMO_SYNCPOINT, MQGMO_NO_SYNCPOINT, MQGMO_SET_SIGNAL, MQGMO_BROWSE_NEXT, MQGMO_ACCEPT_TRUNCATED_MSG, MQGMO_MARK_SKIP_BACKOUT, MQGMO_MSG_UNDER_CURSOR, MQGMO_LOCK, MQGMO_UNLOCK, MQGMO_BROWSE_MSG_UNDER_CURSOR, MQGMO_SYNCPOINT_IF_PERSISTENT, MQGMO_FAIL_IF_QUIESCING, MQGMO_CONVERT, MQGMO_LOGICAL_ORDER, MQGMO_COMPLETE_MSG, MQGMO_ALL_MSGS_AVAILABLE, MQGMO_ALL_SEGMENTS_AVAILABLE
90:
MQGMO_NONE, MQGMO_WAIT, MQGMO_SYNCPOINT, MQGMO_NO_SYNCPOINT, MQGMO_SET_SIGNAL, MQGMO_BROWSE_FIRST, MQGMO_BROWSE_NEXT, MQGMO_ACCEPT_TRUNCATED_MSG, MQGMO_MARK_SKIP_BACKOUT, MQGMO_MSG_UNDER_CURSOR, MQGMO_LOCK, MQGMO_UNLOCK, MQGMO_BROWSE_MSG_UNDER_CURSOR, MQGMO_SYNCPOINT_IF_PERSISTENT, MQGMO_FAIL_IF_QUIESCING, MQGMO_CONVERT, MQGMO_LOGICAL_ORDER, MQGMO_COMPLETE_MSG, MQGMO_ALL_MSGS_AVAILABLE, MQGMO_ALL_SEGMENTS_AVAILABLE
91:
MQGMO_NONE, MQGMO_WAIT, MQGMO_SYNCPOINT, MQGMO_NO_SYNCPOINT, MQGMO_SET_SIGNAL, MQGMO_BROWSE_FIRST, MQGMO_BROWSE_NEXT, MQGMO_ACCEPT_TRUNCATED_MSG, MQGMO_MARK_SKIP_BACKOUT, MQGMO_MSG_UNDER_CURSOR, MQGMO_LOCK, MQGMO_UNLOCK, MQGMO_BROWSE_MSG_UNDER_CURSOR, MQGMO_SYNCPOINT_IF_PERSISTENT, MQGMO_FAIL_IF_QUIESCING, MQGMO_CONVERT, MQGMO_LOGICAL_ORDER, MQGMO_COMPLETE_MSG, MQGMO_ALL_MSGS_AVAILABLE, MQGMO_ALL_SEGMENTS_AVAILABLE
92:
MQGMO_NO_WAIT
93:
MQGMO_NONE, MQGMO_BROWSE_NEXT, MQGMO_ACCEPT_TRUNCATED_MSG, MQGMO_MSG_UNDER_CURSOR, MQGMO_LOGICAL_ORDER, MQGMO_COMPLETE_MSG, MQGMO_ALL_MSGS_AVAILABLE
94:
MQGMO_NONE, MQGMO_WAIT, MQGMO_SYNCPOINT, MQGMO_NO_SYNCPOINT, MQGMO_SET_SIGNAL, MQGMO_BROWSE_FIRST, MQGMO_BROWSE_NEXT, MQGMO_ACCEPT_TRUNCATED_MSG, MQGMO_MARK_SKIP_BACKOUT, MQGMO_MSG_UNDER_CURSOR, MQGMO_LOCK, MQGMO_UNLOCK, MQGMO_BROWSE_MSG_UNDER_CURSOR, MQGMO_SYNCPOINT_IF_PERSISTENT, MQGMO_FAIL_IF_QUIESCING, MQGMO_CONVERT, MQGMO_LOGICAL_ORDER, MQGMO_COMPLETE_MSG, MQGMO_ALL_MSGS_AVAILABLE, MQGMO_ALL_SEGMENTS_AVAILABLE
95:
MQGMO_NONE, MQGMO_WAIT, MQGMO_SYNCPOINT, MQGMO_SET_SIGNAL, MQGMO_BROWSE_FIRST, MQGMO_BROWSE_NEXT, MQGMO_MSG_UNDER_CURSOR, MQGMO_LOCK, MQGMO_UNLOCK, MQGMO_BROWSE_MSG_UNDER_CURSOR, MQGMO_SYNCPOINT_IF_PERSISTENT, MQGMO_FAIL_IF_QUIESCING, MQGMO_CONVERT, MQGMO_LOGICAL_ORDER, MQGMO_ALL_SEGMENTS_AVAILABLE
96:
MQGMO_NONE, MQGMO_WAIT, MQGMO_SYNCPOINT, MQGMO_NO_SYNCPOINT, MQGMO_SET_SIGNAL, MQGMO_BROWSE_FIRST, MQGMO_BROWSE_NEXT, MQGMO_ACCEPT_TRUNCATED_MSG, MQGMO_MARK_SKIP_BACKOUT, MQGMO_MSG_UNDER_CURSOR, MQGMO_LOCK, MQGMO_UNLOCK, MQGMO_BROWSE_MSG_UNDER_CURSOR, MQGMO_SYNCPOINT_IF_PERSISTENT, MQGMO_FAIL_IF_QUIESCING, MQGMO_CONVERT, MQGMO_LOGICAL_ORDER, MQGMO_COMPLETE_MSG, MQGMO_ALL_MSGS_AVAILABLE, MQGMO_ALL_SEGMENTS_AVAILABLE
97:
MQGMO_NONE, MQGMO_ACCEPT_TRUNCATED_MSG, MQGMO_MARK_SKIP_BACKOUT, MQGMO_MSG_UNDER_CURSOR, MQGMO_ALL_MSGS_AVAILABLE, MQGMO_ALL_SEGMENTS_AVAILABLE
98:
MQGMO_NONE, MQGMO_WAIT, MQGMO_SYNCPOINT, MQGMO_NO_SYNCPOINT, MQGMO_UNLOCK, MQGMO_BROWSE_MSG_UNDER_CURSOR, MQGMO_SYNCPOINT_IF_PERSISTENT, MQGMO_FAIL_IF_QUIESCING, MQGMO_CONVERT
99:
MQGMO_NONE, MQGMO_WAIT, MQGMO_SYNCPOINT, MQGMO_NO_SYNCPOINT, MQGMO_SET_SIGNAL, MQGMO_BROWSE_FIRST, MQGMO_BROWSE_NEXT, MQGMO_ACCEPT_TRUNCATED_MSG, MQGMO_MSG_UNDER_CURSOR, MQGMO_LOCK, MQGMO_UNLOCK, MQGMO_BROWSE_MSG_UNDER_CURSOR, MQGMO_SYNCPOINT_IF_PERSISTENT, MQGMO_FAIL_IF_QUIESCING, MQGMO_CONVERT, MQGMO_LOGICAL_ORDER, MQGMO_COMPLETE_MSG, MQGMO_ALL_MSGS_AVAILABLE, MQGMO_ALL_SEGMENTS_AVAILABLE
Ok, passed 100 tests.



Debug Trace:
0 : 2
0 : 2
0 : 2
8 : 10
0 : 2
4128 : 34
4 : 2
1 : 3
88094 : 83994
132608 : 132610
132608 : 132610
8200 : 8202
0 : 2
1411 : 1411
0 : 2
131072 : 131074
0 : 2
0 : 2
231394 : 231394
264193 : 264195
33024 : 33026
256 : 258
129079 : 124979
0 : 2
65540 : 65538
22554 : 18458
16388 : 16386
0 : 2
458669 : 454571
8192 : 8194
294685 : 290587
7695 : 3595
509816 : 509818
516284 : 516282
0 : 2
0 : 2
28780 : 24682
128063 : 123963
147632 : 147634
0 : 2
131264 : 131266
65536 : 65538
458743 : 454643
32323 : 28227
57560 : 57562
524159 : 520059
460248 : 460250
63548 : 59450
520191 : 520187
524287 : 520187
327486 : 323386
377328 : 377330
475039 : 470939
372860 : 368762
131136 : 131138
229728 : 229730
65086 : 60986
33024 : 33026
524287 : 520187
523247 : 519147
524287 : 520187
460259 : 460259
327808 : 327810
522239 : 518139
131392 : 131394
61517 : 57419
489465 : 485371
8 : 10
516095 : 511995
520191 : 520187
519935 : 519931
507901 : 503803
508024 : 508026
328096 : 328098
66240 : 66242
0 : 2
62495 : 58395
396688 : 396690
73748 : 73746
389107 : 389107
323487 : 323483
523775 : 519675
466905 : 462811
0 : 2
524279 : 520179
198336 : 198338
262143 : 258043
249831 : 249827
524287 : 520187
524271 : 520171
524287 : 520187
524287 : 520187
0 : 2
229728 : 229730
524287 : 520187
327483 : 323387
524287 : 520187
393664 : 393666
31751 : 27651
524159 : 520059</StdOut>
      </Output>
    </UnitTestResult>
    <UnitTestResult executionId="058cbd1c-45fc-41cd-a672-7ef02ce0f582" testId="a669f73d-75ed-e727-40e1-42b7c7542b1d" testName="CreateNewMsgId_SetUnsetWithOptionsSet_OptionsSameAsBefore" computerName="ICSWS068" duration="00:00:00.0234402" startTime="2016-08-04T09:57:40.6907969+02:00" endTime="2016-08-04T09:57:40.7158152+02:00" testType="13cdc9d9-ddb5-4fa4-a97d-d965ccfc6d4b" outcome="Passed" testListId="8c84fa94-04c1-424b-9868-57a2d4851a1d" relativeResultsDirectory="058cbd1c-45fc-41cd-a672-7ef02ce0f582">
      <Output>
        <StdOut>0:
MQPMO_SYNCPOINT
&lt;null&gt;
1:
MQPMO_ALTERNATE_USER_AUTHORITY
&lt;null&gt;
2:
MQPMO_DEFAULT_CONTEXT
&lt;null&gt;
3:
MQPMO_ALTERNATE_USER_AUTHORITY
&lt;null&gt;
4:
MQPMO_NO_SYNCPOINT
&lt;null&gt;
5:
MQPMO_NEW_CORREL_ID
&lt;null&gt;
6:
MQPMO_SYNCPOINT
&lt;null&gt;
7:
MQPMO_ALTERNATE_USER_AUTHORITY
&lt;null&gt;
8:
MQPMO_NO_SYNCPOINT
&lt;null&gt;
9:
MQPMO_NONE
&lt;null&gt;
10:
MQPMO_NO_CONTEXT
&lt;null&gt;
11:
MQPMO_FAIL_IF_QUIESCING
&lt;null&gt;
12:
MQPMO_LOGICAL_ORDER
&lt;null&gt;
13:
MQPMO_NO_SYNCPOINT
&lt;null&gt;
14:
MQPMO_PASS_ALL_CONTEXT
&lt;null&gt;
15:
MQPMO_SET_ALL_CONTEXT
&lt;null&gt;
16:
MQPMO_NEW_MSG_ID
16:
MQPMO_PASS_IDENTITY_CONTEXT
&lt;null&gt;
17:
MQPMO_PASS_ALL_CONTEXT
&lt;null&gt;
18:
MQPMO_PASS_ALL_CONTEXT
&lt;null&gt;
19:
MQPMO_SET_ALL_CONTEXT
&lt;null&gt;
20:
MQPMO_LOGICAL_ORDER
&lt;null&gt;
21:
MQPMO_NEW_MSG_ID
21:
MQPMO_NEW_CORREL_ID
&lt;null&gt;
22:
MQPMO_SET_ALL_CONTEXT
&lt;null&gt;
23:
MQPMO_ALTERNATE_USER_AUTHORITY
&lt;null&gt;
24:
MQPMO_ALTERNATE_USER_AUTHORITY
&lt;null&gt;
25:
MQPMO_NEW_MSG_ID
25:
MQPMO_NO_CONTEXT
&lt;null&gt;
26:
MQPMO_DEFAULT_CONTEXT
&lt;null&gt;
27:
MQPMO_NONE
&lt;null&gt;
28:
MQPMO_FAIL_IF_QUIESCING
&lt;null&gt;
29:
MQPMO_ALTERNATE_USER_AUTHORITY
&lt;null&gt;
30:
MQPMO_FAIL_IF_QUIESCING
&lt;null&gt;
31:
MQPMO_FAIL_IF_QUIESCING
&lt;null&gt;
32:
MQPMO_NONE
&lt;null&gt;
33:
MQPMO_NO_SYNCPOINT
&lt;null&gt;
34:
MQPMO_NO_SYNCPOINT
&lt;null&gt;
35:
MQPMO_NO_SYNCPOINT
&lt;null&gt;
36:
MQPMO_NO_SYNCPOINT
&lt;null&gt;
37:
MQPMO_SET_ALL_CONTEXT
&lt;null&gt;
38:
MQPMO_NEW_MSG_ID
38:
MQPMO_SYNCPOINT
&lt;null&gt;
39:
MQPMO_FAIL_IF_QUIESCING
&lt;null&gt;
40:
MQPMO_SET_ALL_CONTEXT
&lt;null&gt;
41:
MQPMO_NONE
&lt;null&gt;
42:
MQPMO_NO_SYNCPOINT
&lt;null&gt;
43:
MQPMO_NEW_CORREL_ID
&lt;null&gt;
44:
MQPMO_SET_ALL_CONTEXT
&lt;null&gt;
45:
MQPMO_FAIL_IF_QUIESCING
&lt;null&gt;
46:
MQPMO_SET_IDENTITY_CONTEXT
&lt;null&gt;
47:
MQPMO_ALTERNATE_USER_AUTHORITY
&lt;null&gt;
48:
MQPMO_LOGICAL_ORDER
&lt;null&gt;
49:
MQPMO_NEW_MSG_ID
49:
MQPMO_NEW_CORREL_ID
&lt;null&gt;
50:
MQPMO_NEW_MSG_ID
50:
MQPMO_NEW_CORREL_ID
&lt;null&gt;
51:
MQPMO_NONE
&lt;null&gt;
52:
MQPMO_NONE
&lt;null&gt;
53:
MQPMO_SET_ALL_CONTEXT
&lt;null&gt;
54:
MQPMO_NEW_CORREL_ID
&lt;null&gt;
55:
MQPMO_ALTERNATE_USER_AUTHORITY
&lt;null&gt;
56:
MQPMO_NONE
&lt;null&gt;
57:
MQPMO_SET_ALL_CONTEXT
&lt;null&gt;
58:
MQPMO_NO_SYNCPOINT
&lt;null&gt;
59:
MQPMO_NO_CONTEXT
&lt;null&gt;
60:
MQPMO_ALTERNATE_USER_AUTHORITY
&lt;null&gt;
61:
MQPMO_NEW_MSG_ID
61:
MQPMO_ALTERNATE_USER_AUTHORITY
&lt;null&gt;
62:
MQPMO_NEW_CORREL_ID
&lt;null&gt;
63:
MQPMO_FAIL_IF_QUIESCING
&lt;null&gt;
64:
MQPMO_PASS_ALL_CONTEXT
&lt;null&gt;
65:
MQPMO_NO_CONTEXT
&lt;null&gt;
66:
MQPMO_SYNCPOINT
&lt;null&gt;
67:
MQPMO_SET_IDENTITY_CONTEXT
&lt;null&gt;
68:
MQPMO_NEW_MSG_ID
68:
MQPMO_DEFAULT_CONTEXT
&lt;null&gt;
69:
MQPMO_LOGICAL_ORDER
&lt;null&gt;
70:
MQPMO_SYNCPOINT
&lt;null&gt;
71:
MQPMO_NEW_CORREL_ID
&lt;null&gt;
72:
MQPMO_ALTERNATE_USER_AUTHORITY
&lt;null&gt;
73:
MQPMO_FAIL_IF_QUIESCING
&lt;null&gt;
74:
MQPMO_NEW_CORREL_ID
&lt;null&gt;
75:
MQPMO_NO_CONTEXT
&lt;null&gt;
76:
MQPMO_SET_IDENTITY_CONTEXT
&lt;null&gt;
77:
MQPMO_PASS_IDENTITY_CONTEXT
&lt;null&gt;
78:
MQPMO_NONE
&lt;null&gt;
79:
MQPMO_LOGICAL_ORDER
&lt;null&gt;
80:
MQPMO_NO_CONTEXT
&lt;null&gt;
81:
MQPMO_LOGICAL_ORDER
&lt;null&gt;
82:
MQPMO_NEW_MSG_ID
82:
MQPMO_SET_ALL_CONTEXT
&lt;null&gt;
83:
MQPMO_DEFAULT_CONTEXT
&lt;null&gt;
84:
MQPMO_FAIL_IF_QUIESCING
&lt;null&gt;
85:
MQPMO_NEW_CORREL_ID
&lt;null&gt;
86:
MQPMO_NEW_CORREL_ID
&lt;null&gt;
87:
MQPMO_PASS_ALL_CONTEXT
&lt;null&gt;
88:
MQPMO_NEW_MSG_ID
88:
MQPMO_FAIL_IF_QUIESCING
&lt;null&gt;
89:
MQPMO_SET_IDENTITY_CONTEXT
&lt;null&gt;
90:
MQPMO_NO_CONTEXT
&lt;null&gt;
91:
MQPMO_NO_SYNCPOINT
&lt;null&gt;
92:
MQPMO_FAIL_IF_QUIESCING
&lt;null&gt;
93:
MQPMO_NEW_CORREL_ID
&lt;null&gt;
94:
MQPMO_PASS_ALL_CONTEXT
&lt;null&gt;
95:
MQPMO_PASS_IDENTITY_CONTEXT
&lt;null&gt;
96:
MQPMO_PASS_ALL_CONTEXT
&lt;null&gt;
97:
MQPMO_SET_IDENTITY_CONTEXT
&lt;null&gt;
98:
MQPMO_LOGICAL_ORDER
&lt;null&gt;
99:
MQPMO_FAIL_IF_QUIESCING
&lt;null&gt;
Ok, passed 100 tests.



Debug Trace:
2 : 2
4096 : 4096
32 : 32
4096 : 4096
4 : 4
128 : 128
2 : 2
4096 : 4096
4 : 4
0 : 0
16384 : 16384
8192 : 8192
32768 : 32768
4 : 4
512 : 512
2048 : 2048
256 : 256
512 : 512
512 : 512
2048 : 2048
32768 : 32768
128 : 128
2048 : 2048
4096 : 4096
4096 : 4096
16384 : 16384
32 : 32
0 : 0
8192 : 8192
4096 : 4096
8192 : 8192
8192 : 8192
0 : 0
4 : 4
4 : 4
4 : 4
4 : 4
2048 : 2048
2 : 2
8192 : 8192
2048 : 2048
0 : 0
4 : 4
128 : 128
2048 : 2048
8192 : 8192
1024 : 1024
4096 : 4096
32768 : 32768
128 : 128
128 : 128
0 : 0
0 : 0
2048 : 2048
128 : 128
4096 : 4096
0 : 0
2048 : 2048
4 : 4
16384 : 16384
4096 : 4096
4096 : 4096
128 : 128
8192 : 8192
512 : 512
16384 : 16384
2 : 2
1024 : 1024
32 : 32
32768 : 32768
2 : 2
128 : 128
4096 : 4096
8192 : 8192
128 : 128
16384 : 16384
1024 : 1024
256 : 256
0 : 0
32768 : 32768
16384 : 16384
32768 : 32768
2048 : 2048
32 : 32
8192 : 8192
128 : 128
128 : 128
512 : 512
8192 : 8192
1024 : 1024
16384 : 16384
4 : 4
8192 : 8192
128 : 128
512 : 512
256 : 256
512 : 512
1024 : 1024
32768 : 32768
8192 : 8192</StdOut>
      </Output>
    </UnitTestResult>
    <UnitTestResult executionId="25533c25-8532-44f9-a0df-88b27b8ebca9" testId="f6dbdb6a-b41f-31a5-e91f-0af82b02f7d6" testName="CreateNewCorrelId_SetUnsetWithOptionsSet_OptionsSameAsBefore" computerName="ICSWS068" duration="00:00:00.0118328" startTime="2016-08-04T09:57:40.7183164+02:00" endTime="2016-08-04T09:57:40.7313261+02:00" testType="13cdc9d9-ddb5-4fa4-a97d-d965ccfc6d4b" outcome="Passed" testListId="8c84fa94-04c1-424b-9868-57a2d4851a1d" relativeResultsDirectory="25533c25-8532-44f9-a0df-88b27b8ebca9">
      <Output>
        <StdOut>0:
MQPMO_SYNCPOINT
&lt;null&gt;
1:
MQPMO_NEW_CORREL_ID
1:
MQPMO_NONE
&lt;null&gt;
2:
MQPMO_NEW_CORREL_ID
2:
MQPMO_FAIL_IF_QUIESCING
&lt;null&gt;
3:
MQPMO_LOGICAL_ORDER
&lt;null&gt;
4:
MQPMO_ALTERNATE_USER_AUTHORITY
&lt;null&gt;
5:
MQPMO_SET_ALL_CONTEXT
&lt;null&gt;
6:
MQPMO_FAIL_IF_QUIESCING
&lt;null&gt;
7:
MQPMO_SET_ALL_CONTEXT
&lt;null&gt;
8:
MQPMO_NONE
&lt;null&gt;
9:
MQPMO_PASS_IDENTITY_CONTEXT
&lt;null&gt;
10:
MQPMO_SET_IDENTITY_CONTEXT
&lt;null&gt;
11:
MQPMO_PASS_IDENTITY_CONTEXT
&lt;null&gt;
12:
MQPMO_NO_SYNCPOINT
&lt;null&gt;
13:
MQPMO_LOGICAL_ORDER
&lt;null&gt;
14:
MQPMO_NO_SYNCPOINT
&lt;null&gt;
15:
MQPMO_NO_CONTEXT
&lt;null&gt;
16:
MQPMO_PASS_IDENTITY_CONTEXT
&lt;null&gt;
17:
MQPMO_NO_SYNCPOINT
&lt;null&gt;
18:
MQPMO_NEW_MSG_ID
&lt;null&gt;
19:
MQPMO_SET_IDENTITY_CONTEXT
&lt;null&gt;
20:
MQPMO_LOGICAL_ORDER
&lt;null&gt;
21:
MQPMO_NONE
&lt;null&gt;
22:
MQPMO_NO_SYNCPOINT
&lt;null&gt;
23:
MQPMO_PASS_ALL_CONTEXT
&lt;null&gt;
24:
MQPMO_ALTERNATE_USER_AUTHORITY
&lt;null&gt;
25:
MQPMO_LOGICAL_ORDER
&lt;null&gt;
26:
MQPMO_PASS_ALL_CONTEXT
&lt;null&gt;
27:
MQPMO_LOGICAL_ORDER
&lt;null&gt;
28:
MQPMO_SET_ALL_CONTEXT
&lt;null&gt;
29:
MQPMO_PASS_IDENTITY_CONTEXT
&lt;null&gt;
30:
MQPMO_PASS_IDENTITY_CONTEXT
&lt;null&gt;
31:
MQPMO_PASS_IDENTITY_CONTEXT
&lt;null&gt;
32:
MQPMO_NO_CONTEXT
&lt;null&gt;
33:
MQPMO_SET_ALL_CONTEXT
&lt;null&gt;
34:
MQPMO_FAIL_IF_QUIESCING
&lt;null&gt;
35:
MQPMO_NO_CONTEXT
&lt;null&gt;
36:
MQPMO_FAIL_IF_QUIESCING
&lt;null&gt;
37:
MQPMO_FAIL_IF_QUIESCING
&lt;null&gt;
38:
MQPMO_NEW_MSG_ID
&lt;null&gt;
39:
MQPMO_LOGICAL_ORDER
&lt;null&gt;
40:
MQPMO_DEFAULT_CONTEXT
&lt;null&gt;
41:
MQPMO_PASS_IDENTITY_CONTEXT
&lt;null&gt;
42:
MQPMO_NEW_MSG_ID
&lt;null&gt;
43:
MQPMO_ALTERNATE_USER_AUTHORITY
&lt;null&gt;
44:
MQPMO_FAIL_IF_QUIESCING
&lt;null&gt;
45:
MQPMO_ALTERNATE_USER_AUTHORITY
&lt;null&gt;
46:
MQPMO_DEFAULT_CONTEXT
&lt;null&gt;
47:
MQPMO_PASS_IDENTITY_CONTEXT
&lt;null&gt;
48:
MQPMO_FAIL_IF_QUIESCING
&lt;null&gt;
49:
MQPMO_NEW_CORREL_ID
49:
MQPMO_SET_IDENTITY_CONTEXT
&lt;null&gt;
50:
MQPMO_PASS_IDENTITY_CONTEXT
&lt;null&gt;
51:
MQPMO_NONE
&lt;null&gt;
52:
MQPMO_LOGICAL_ORDER
&lt;null&gt;
53:
MQPMO_NO_CONTEXT
&lt;null&gt;
54:
MQPMO_SET_ALL_CONTEXT
&lt;null&gt;
55:
MQPMO_SET_IDENTITY_CONTEXT
&lt;null&gt;
56:
MQPMO_DEFAULT_CONTEXT
&lt;null&gt;
57:
MQPMO_NONE
&lt;null&gt;
58:
MQPMO_LOGICAL_ORDER
&lt;null&gt;
59:
MQPMO_SET_ALL_CONTEXT
&lt;null&gt;
60:
MQPMO_NEW_MSG_ID
&lt;null&gt;
61:
MQPMO_SET_IDENTITY_CONTEXT
&lt;null&gt;
62:
MQPMO_PASS_ALL_CONTEXT
&lt;null&gt;
63:
MQPMO_SYNCPOINT
&lt;null&gt;
64:
MQPMO_PASS_ALL_CONTEXT
&lt;null&gt;
65:
MQPMO_LOGICAL_ORDER
&lt;null&gt;
66:
MQPMO_SET_ALL_CONTEXT
&lt;null&gt;
67:
MQPMO_PASS_IDENTITY_CONTEXT
&lt;null&gt;
68:
MQPMO_NO_SYNCPOINT
&lt;null&gt;
69:
MQPMO_NEW_MSG_ID
&lt;null&gt;
70:
MQPMO_ALTERNATE_USER_AUTHORITY
&lt;null&gt;
71:
MQPMO_NONE
&lt;null&gt;
72:
MQPMO_PASS_IDENTITY_CONTEXT
&lt;null&gt;
73:
MQPMO_FAIL_IF_QUIESCING
&lt;null&gt;
74:
MQPMO_NEW_MSG_ID
&lt;null&gt;
75:
MQPMO_ALTERNATE_USER_AUTHORITY
&lt;null&gt;
76:
MQPMO_NONE
&lt;null&gt;
77:
MQPMO_PASS_ALL_CONTEXT
&lt;null&gt;
78:
MQPMO_PASS_IDENTITY_CONTEXT
&lt;null&gt;
79:
MQPMO_NO_SYNCPOINT
&lt;null&gt;
80:
MQPMO_DEFAULT_CONTEXT
&lt;null&gt;
81:
MQPMO_DEFAULT_CONTEXT
&lt;null&gt;
82:
MQPMO_NO_SYNCPOINT
&lt;null&gt;
83:
MQPMO_SET_ALL_CONTEXT
&lt;null&gt;
84:
MQPMO_SET_IDENTITY_CONTEXT
&lt;null&gt;
85:
MQPMO_SET_IDENTITY_CONTEXT
&lt;null&gt;
86:
MQPMO_SET_IDENTITY_CONTEXT
&lt;null&gt;
87:
MQPMO_LOGICAL_ORDER
&lt;null&gt;
88:
MQPMO_LOGICAL_ORDER
&lt;null&gt;
89:
MQPMO_NO_CONTEXT
&lt;null&gt;
90:
MQPMO_NEW_MSG_ID
&lt;null&gt;
91:
MQPMO_NONE
&lt;null&gt;
92:
MQPMO_NONE
&lt;null&gt;
93:
MQPMO_DEFAULT_CONTEXT
&lt;null&gt;
94:
MQPMO_LOGICAL_ORDER
&lt;null&gt;
95:
MQPMO_PASS_IDENTITY_CONTEXT
&lt;null&gt;
96:
MQPMO_FAIL_IF_QUIESCING
&lt;null&gt;
97:
MQPMO_PASS_ALL_CONTEXT
&lt;null&gt;
98:
MQPMO_ALTERNATE_USER_AUTHORITY
&lt;null&gt;
99:
MQPMO_DEFAULT_CONTEXT
&lt;null&gt;
Ok, passed 100 tests.



Debug Trace:
2 : 2
0 : 0
8192 : 8192
32768 : 32768
4096 : 4096
2048 : 2048
8192 : 8192
2048 : 2048
0 : 0
256 : 256
1024 : 1024
256 : 256
4 : 4
32768 : 32768
4 : 4
16384 : 16384
256 : 256
4 : 4
64 : 64
1024 : 1024
32768 : 32768
0 : 0
4 : 4
512 : 512
4096 : 4096
32768 : 32768
512 : 512
32768 : 32768
2048 : 2048
256 : 256
256 : 256
256 : 256
16384 : 16384
2048 : 2048
8192 : 8192
16384 : 16384
8192 : 8192
8192 : 8192
64 : 64
32768 : 32768
32 : 32
256 : 256
64 : 64
4096 : 4096
8192 : 8192
4096 : 4096
32 : 32
256 : 256
8192 : 8192
1024 : 1024
256 : 256
0 : 0
32768 : 32768
16384 : 16384
2048 : 2048
1024 : 1024
32 : 32
0 : 0
32768 : 32768
2048 : 2048
64 : 64
1024 : 1024
512 : 512
2 : 2
512 : 512
32768 : 32768
2048 : 2048
256 : 256
4 : 4
64 : 64
4096 : 4096
0 : 0
256 : 256
8192 : 8192
64 : 64
4096 : 4096
0 : 0
512 : 512
256 : 256
4 : 4
32 : 32
32 : 32
4 : 4
2048 : 2048
1024 : 1024
1024 : 1024
1024 : 1024
32768 : 32768
32768 : 32768
16384 : 16384
64 : 64
0 : 0
0 : 0
32 : 32
32768 : 32768
256 : 256
8192 : 8192
512 : 512
4096 : 4096
32 : 32</StdOut>
      </Output>
    </UnitTestResult>
    <UnitTestResult executionId="ce067cb3-827c-473a-a63b-4e5f6efc2c7d" testId="ec35ffcd-3f65-e422-af67-eda76502f4e3" testName="SyncPoint_SettingSyncPoint_AllOtherOptionsAreIntact" computerName="ICSWS068" duration="00:00:00.0132237" startTime="2016-08-04T09:57:40.7343281+02:00" endTime="2016-08-04T09:57:40.7488384+02:00" testType="13cdc9d9-ddb5-4fa4-a97d-d965ccfc6d4b" outcome="Passed" testListId="8c84fa94-04c1-424b-9868-57a2d4851a1d" relativeResultsDirectory="ce067cb3-827c-473a-a63b-4e5f6efc2c7d">
      <Output>
        <StdOut>0:
MQPMO_PASS_IDENTITY_CONTEXT
1:
MQPMO_NONE
2:
MQPMO_SET_IDENTITY_CONTEXT
3:
MQPMO_NONE
4:
MQPMO_NEW_MSG_ID
5:
MQPMO_SET_ALL_CONTEXT
6:
MQPMO_NEW_CORREL_ID
7:
MQPMO_DEFAULT_CONTEXT
8:
MQPMO_PASS_IDENTITY_CONTEXT
9:
MQPMO_NEW_MSG_ID
10:
MQPMO_SET_IDENTITY_CONTEXT
11:
MQPMO_SYNCPOINT
12:
MQPMO_PASS_IDENTITY_CONTEXT
13:
MQPMO_NONE
14:
MQPMO_FAIL_IF_QUIESCING
15:
MQPMO_PASS_ALL_CONTEXT
16:
MQPMO_SET_IDENTITY_CONTEXT
17:
MQPMO_PASS_ALL_CONTEXT
18:
MQPMO_NONE
19:
MQPMO_FAIL_IF_QUIESCING
20:
MQPMO_SYNCPOINT
21:
MQPMO_NO_SYNCPOINT
22:
MQPMO_SET_IDENTITY_CONTEXT
23:
MQPMO_SET_IDENTITY_CONTEXT
24:
MQPMO_LOGICAL_ORDER
25:
MQPMO_NO_SYNCPOINT
26:
MQPMO_NEW_MSG_ID
27:
MQPMO_SET_IDENTITY_CONTEXT
28:
MQPMO_DEFAULT_CONTEXT
29:
MQPMO_PASS_ALL_CONTEXT
30:
MQPMO_NEW_MSG_ID
31:
MQPMO_NONE
32:
MQPMO_NONE
33:
MQPMO_SYNCPOINT
34:
MQPMO_PASS_IDENTITY_CONTEXT
35:
MQPMO_NEW_MSG_ID
36:
MQPMO_PASS_IDENTITY_CONTEXT
37:
MQPMO_PASS_IDENTITY_CONTEXT
38:
MQPMO_PASS_IDENTITY_CONTEXT
39:
MQPMO_NEW_CORREL_ID
40:
MQPMO_LOGICAL_ORDER
41:
MQPMO_SET_IDENTITY_CONTEXT
42:
MQPMO_FAIL_IF_QUIESCING
43:
MQPMO_SYNCPOINT
44:
MQPMO_LOGICAL_ORDER
45:
MQPMO_NEW_MSG_ID
46:
MQPMO_PASS_IDENTITY_CONTEXT
47:
MQPMO_SET_IDENTITY_CONTEXT
48:
MQPMO_LOGICAL_ORDER
49:
MQPMO_SYNCPOINT
50:
MQPMO_NEW_CORREL_ID
51:
MQPMO_NEW_MSG_ID
52:
MQPMO_DEFAULT_CONTEXT
53:
MQPMO_NONE
54:
MQPMO_SET_ALL_CONTEXT
55:
MQPMO_SET_ALL_CONTEXT
56:
MQPMO_SET_ALL_CONTEXT
57:
MQPMO_NEW_MSG_ID
58:
MQPMO_NO_SYNCPOINT
59:
MQPMO_NO_CONTEXT
60:
MQPMO_SET_ALL_CONTEXT
61:
MQPMO_PASS_ALL_CONTEXT
62:
MQPMO_NEW_MSG_ID
63:
MQPMO_SET_ALL_CONTEXT
64:
MQPMO_PASS_IDENTITY_CONTEXT
65:
MQPMO_NO_SYNCPOINT
66:
MQPMO_SET_ALL_CONTEXT
67:
MQPMO_SET_IDENTITY_CONTEXT
68:
MQPMO_SET_IDENTITY_CONTEXT
69:
MQPMO_DEFAULT_CONTEXT
70:
MQPMO_SYNCPOINT
71:
MQPMO_NEW_MSG_ID
72:
MQPMO_NO_CONTEXT
73:
MQPMO_NEW_CORREL_ID
74:
MQPMO_SET_IDENTITY_CONTEXT
75:
MQPMO_SET_IDENTITY_CONTEXT
76:
MQPMO_PASS_IDENTITY_CONTEXT
77:
MQPMO_NO_CONTEXT
78:
MQPMO_NEW_CORREL_ID
79:
MQPMO_NEW_CORREL_ID
80:
MQPMO_SYNCPOINT
81:
MQPMO_SYNCPOINT
82:
MQPMO_ALTERNATE_USER_AUTHORITY
83:
MQPMO_NO_SYNCPOINT
84:
MQPMO_NO_CONTEXT
85:
MQPMO_ALTERNATE_USER_AUTHORITY
86:
MQPMO_NEW_MSG_ID
87:
MQPMO_SET_IDENTITY_CONTEXT
88:
MQPMO_NO_SYNCPOINT
89:
MQPMO_DEFAULT_CONTEXT
90:
MQPMO_PASS_ALL_CONTEXT
91:
MQPMO_LOGICAL_ORDER
92:
MQPMO_PASS_ALL_CONTEXT
93:
MQPMO_NO_CONTEXT
94:
MQPMO_SET_ALL_CONTEXT
95:
MQPMO_DEFAULT_CONTEXT
96:
MQPMO_FAIL_IF_QUIESCING
97:
MQPMO_SET_IDENTITY_CONTEXT
98:
MQPMO_NONE
99:
MQPMO_NO_CONTEXT
Ok, passed 100 tests.



Debug Trace:
256 : 258
0 : 2
1024 : 1026
0 : 2
64 : 66
2048 : 2050
128 : 130
32 : 34
256 : 258
64 : 66
1024 : 1026
2 : 2
256 : 258
0 : 2
8192 : 8194
512 : 514
1024 : 1026
512 : 514
0 : 2
8192 : 8194
2 : 2
4 : 2
1024 : 1026
1024 : 1026
32768 : 32770
4 : 2
64 : 66
1024 : 1026
32 : 34
512 : 514
64 : 66
0 : 2
0 : 2
2 : 2
256 : 258
64 : 66
256 : 258
256 : 258
256 : 258
128 : 130
32768 : 32770
1024 : 1026
8192 : 8194
2 : 2
32768 : 32770
64 : 66
256 : 258
1024 : 1026
32768 : 32770
2 : 2
128 : 130
64 : 66
32 : 34
0 : 2
2048 : 2050
2048 : 2050
2048 : 2050
64 : 66
4 : 2
16384 : 16386
2048 : 2050
512 : 514
64 : 66
2048 : 2050
256 : 258
4 : 2
2048 : 2050
1024 : 1026
1024 : 1026
32 : 34
2 : 2
64 : 66
16384 : 16386
128 : 130
1024 : 1026
1024 : 1026
256 : 258
16384 : 16386
128 : 130
128 : 130
2 : 2
2 : 2
4096 : 4098
4 : 2
16384 : 16386
4096 : 4098
64 : 66
1024 : 1026
4 : 2
32 : 34
512 : 514
32768 : 32770
512 : 514
16384 : 16386
2048 : 2050
32 : 34
8192 : 8194
1024 : 1026
0 : 2
16384 : 16386</StdOut>
      </Output>
    </UnitTestResult>
    <UnitTestResult executionId="b18949cd-3dfa-4a91-919b-724253bfcef3" testId="0200c49c-5d09-2f99-5a65-5e9ebd9d15cf" testName="Deserialize_ValidV1Data_Success" computerName="ICSWS068" duration="00:00:00.0022166" startTime="2016-08-04T09:57:40.7518410+02:00" endTime="2016-08-04T09:57:40.7553430+02:00" testType="13cdc9d9-ddb5-4fa4-a97d-d965ccfc6d4b" outcome="Passed" testListId="8c84fa94-04c1-424b-9868-57a2d4851a1d" relativeResultsDirectory="b18949cd-3dfa-4a91-919b-724253bfcef3" />
    <UnitTestResult executionId="7c52e394-63e8-4874-b0a7-9f70d85ddd8b" testId="d0fcbb03-b1f1-ead5-f9f3-3e1b4b22dd7f" testName="Deserialize_ValidV2Data_Success" computerName="ICSWS068" duration="00:00:00.0006169" startTime="2016-08-04T09:57:40.7573444+02:00" endTime="2016-08-04T09:57:40.7593459+02:00" testType="13cdc9d9-ddb5-4fa4-a97d-d965ccfc6d4b" outcome="Passed" testListId="8c84fa94-04c1-424b-9868-57a2d4851a1d" relativeResultsDirectory="7c52e394-63e8-4874-b0a7-9f70d85ddd8b" />
    <UnitTestResult executionId="7adab283-020e-4ce4-b8eb-a9c86933f5a8" testId="ff2f19de-63c7-858e-b85c-317b4fd88a7c" testName="Deserialize_NotTMHeader_Throws" computerName="ICSWS068" duration="00:00:00.0183558" startTime="2016-08-04T09:57:40.7618479+02:00" endTime="2016-08-04T09:57:40.7813619+02:00" testType="13cdc9d9-ddb5-4fa4-a97d-d965ccfc6d4b" outcome="Passed" testListId="8c84fa94-04c1-424b-9868-57a2d4851a1d" relativeResultsDirectory="7adab283-020e-4ce4-b8eb-a9c86933f5a8" />
    <UnitTestResult executionId="75a371a5-0582-4f27-928a-6b384cadaac7" testId="f335011f-fa87-9433-1dc5-57253b31b40f" testName="CreateFromMessage_ValidV1Data_Success" computerName="ICSWS068" duration="00:00:00.0060532" startTime="2016-08-04T09:57:40.7848827+02:00" endTime="2016-08-04T09:57:40.7923696+02:00" testType="13cdc9d9-ddb5-4fa4-a97d-d965ccfc6d4b" outcome="Passed" testListId="8c84fa94-04c1-424b-9868-57a2d4851a1d" relativeResultsDirectory="75a371a5-0582-4f27-928a-6b384cadaac7" />
    <UnitTestResult executionId="38dbe4b9-6427-429d-9116-9195711f09fe" testId="43a05540-28c1-c974-c112-66d33e318ff3" testName="CreateFromMessage_ValidV2Data_Success" computerName="ICSWS068" duration="00:00:00.0051013" startTime="2016-08-04T09:57:40.7948887+02:00" endTime="2016-08-04T09:57:40.8013777+02:00" testType="13cdc9d9-ddb5-4fa4-a97d-d965ccfc6d4b" outcome="Passed" testListId="8c84fa94-04c1-424b-9868-57a2d4851a1d" relativeResultsDirectory="38dbe4b9-6427-429d-9116-9195711f09fe" />
    <UnitTestResult executionId="1c3151b3-2193-4f15-a153-ed719ea1a5e0" testId="0de698cb-d1f6-47db-fb9b-31ffca57e60c" testName="Get_MessageIsNull_ThrowsException" computerName="ICSWS068" duration="00:00:00.0014325" startTime="2016-08-04T09:57:40.8043794+02:00" endTime="2016-08-04T09:57:40.8068803+02:00" testType="13cdc9d9-ddb5-4fa4-a97d-d965ccfc6d4b" outcome="Passed" testListId="8c84fa94-04c1-424b-9868-57a2d4851a1d" relativeResultsDirectory="1c3151b3-2193-4f15-a153-ed719ea1a5e0" />
    <UnitTestResult executionId="307e1ce4-0692-437b-866d-3773aa00f33c" testId="3823a78d-b9e8-0ab2-c61f-626fd782e4bf" testName="Get_MessageOptionsIsNull_ThrowsException" computerName="ICSWS068" duration="00:00:00.0005753" startTime="2016-08-04T09:57:40.8098823+02:00" endTime="2016-08-04T09:57:40.8113834+02:00" testType="13cdc9d9-ddb5-4fa4-a97d-d965ccfc6d4b" outcome="Passed" testListId="8c84fa94-04c1-424b-9868-57a2d4851a1d" relativeResultsDirectory="307e1ce4-0692-437b-866d-3773aa00f33c" />
    <UnitTestResult executionId="fffc9732-9042-4728-a4bc-b8fc85c14fc6" testId="91dafb3b-b5b4-5ecd-2491-1c4ded735e8e" testName="Get_MessageDoesNotImplementInteralWsmqMessageInterface_ThrowsException" computerName="ICSWS068" duration="00:00:00.0006533" startTime="2016-08-04T09:57:40.8138866+02:00" endTime="2016-08-04T09:57:40.8163874+02:00" testType="13cdc9d9-ddb5-4fa4-a97d-d965ccfc6d4b" outcome="Passed" testListId="8c84fa94-04c1-424b-9868-57a2d4851a1d" relativeResultsDirectory="fffc9732-9042-4728-a4bc-b8fc85c14fc6" />
    <UnitTestResult executionId="99766a5d-f0e1-4e32-a347-f1580bbc9e00" testId="25c4c5e1-e43f-9f51-81a6-60d02e5a502b" testName="Put_MessageIsNull_ThrowsException" computerName="ICSWS068" duration="00:00:00.0007803" startTime="2016-08-04T09:57:40.8188888+02:00" endTime="2016-08-04T09:57:40.8208900+02:00" testType="13cdc9d9-ddb5-4fa4-a97d-d965ccfc6d4b" outcome="Passed" testListId="8c84fa94-04c1-424b-9868-57a2d4851a1d" relativeResultsDirectory="99766a5d-f0e1-4e32-a347-f1580bbc9e00" />
    <UnitTestResult executionId="7293c8ad-9ac4-4237-92fa-884f9fe75b5d" testId="3c4b19ae-fdf6-5dec-cf31-11f78d4ac0f8" testName="Put_MessageOptionsIsNull_ThrowsException" computerName="ICSWS068" duration="00:00:00.0006081" startTime="2016-08-04T09:57:40.8238967+02:00" endTime="2016-08-04T09:57:40.8258984+02:00" testType="13cdc9d9-ddb5-4fa4-a97d-d965ccfc6d4b" outcome="Passed" testListId="8c84fa94-04c1-424b-9868-57a2d4851a1d" relativeResultsDirectory="7293c8ad-9ac4-4237-92fa-884f9fe75b5d" />
    <UnitTestResult executionId="39ebad5e-ca16-4375-9ac3-fe567b8d2ce5" testId="4026a591-ad9e-c0dd-3288-5d34d03c2373" testName="Put_MessageDoesNotImplementInteralWsmqMessageInterface_ThrowsException" computerName="ICSWS068" duration="00:00:00.0005812" startTime="2016-08-04T09:57:40.8284010+02:00" endTime="2016-08-04T09:57:40.8304203+02:00" testType="13cdc9d9-ddb5-4fa4-a97d-d965ccfc6d4b" outcome="Passed" testListId="8c84fa94-04c1-424b-9868-57a2d4851a1d" relativeResultsDirectory="39ebad5e-ca16-4375-9ac3-fe567b8d2ce5" />
    <UnitTestResult executionId="f795b4ca-343b-4c8b-87b3-f5c5e9036284" testId="67dc48a0-2955-4e8d-c248-0416a26a3901" testName="WriteRFH2_ValidInput_WritesHeaderToMessage" computerName="ICSWS068" duration="00:00:00.0387812" startTime="2016-08-04T09:57:40.8324042+02:00" endTime="2016-08-04T09:57:40.8735178+02:00" testType="13cdc9d9-ddb5-4fa4-a97d-d965ccfc6d4b" outcome="Passed" testListId="8c84fa94-04c1-424b-9868-57a2d4851a1d" relativeResultsDirectory="f795b4ca-343b-4c8b-87b3-f5c5e9036284" />
    <UnitTestResult executionId="1d6109a9-d604-4374-ad44-18bb5dfe1a75" testId="77760405-bff6-b87e-6a9f-1ef60ee384c3" testName="WriteRFH2_ValidInputNoNameValueData_WritesOnlyHeaderToMessage" computerName="ICSWS068" duration="00:00:00.0009747" startTime="2016-08-04T09:57:40.8760351+02:00" endTime="2016-08-04T09:57:40.8785198+02:00" testType="13cdc9d9-ddb5-4fa4-a97d-d965ccfc6d4b" outcome="Passed" testListId="8c84fa94-04c1-424b-9868-57a2d4851a1d" relativeResultsDirectory="1d6109a9-d604-4374-ad44-18bb5dfe1a75" />
    <UnitTestResult executionId="f3a70ef5-602d-434f-a1d3-567824984ea5" testId="ad8df1d1-8b50-e129-cf86-69e26c443969" testName="WriteRFH2_ValidInputWithNameValueData_NameValueDataIsSetWithInput" computerName="ICSWS068" duration="00:00:00.0073567" startTime="2016-08-04T09:57:40.8805394+02:00" endTime="2016-08-04T09:57:40.8894786+02:00" testType="13cdc9d9-ddb5-4fa4-a97d-d965ccfc6d4b" outcome="Passed" testListId="8c84fa94-04c1-424b-9868-57a2d4851a1d" relativeResultsDirectory="f3a70ef5-602d-434f-a1d3-567824984ea5" />
    <UnitTestResult executionId="8706de19-ffdf-45b1-ac1b-31f6d06a2ccf" testId="0e1fbd52-49ed-e081-9e61-380482e64e78" testName="AppendRFH2NameValueData_HaveNotWrittenRFH2Header_ThrowsException" computerName="ICSWS068" duration="00:00:00.0007911" startTime="2016-08-04T09:57:40.8924829+02:00" endTime="2016-08-04T09:57:40.8944852+02:00" testType="13cdc9d9-ddb5-4fa4-a97d-d965ccfc6d4b" outcome="Passed" testListId="8c84fa94-04c1-424b-9868-57a2d4851a1d" relativeResultsDirectory="8706de19-ffdf-45b1-ac1b-31f6d06a2ccf" />
    <UnitTestResult executionId="77dabbb9-0d89-4450-8e6e-dcc71613fab2" testId="bd0f68b9-5598-dae0-231c-b16bcaa71bec" testName="AppendRFH2NameValueData_NameValueDataIsEmpty_ThrowException" computerName="ICSWS068" duration="00:00:00.0010747" startTime="2016-08-04T09:57:40.8969881+02:00" endTime="2016-08-04T09:57:40.8989887+02:00" testType="13cdc9d9-ddb5-4fa4-a97d-d965ccfc6d4b" outcome="Passed" testListId="8c84fa94-04c1-424b-9868-57a2d4851a1d" relativeResultsDirectory="77dabbb9-0d89-4450-8e6e-dcc71613fab2" />
    <UnitTestResult executionId="6d19c63e-cea0-40b9-8c12-bbd76e8662be" testId="7c6e47ba-3488-c49d-1f01-4a966ff8462d" testName="AppendRFH2NameValueData_NameValueDataIsNull_ThrowException" computerName="ICSWS068" duration="00:00:00.0009976" startTime="2016-08-04T09:57:40.9019901+02:00" endTime="2016-08-04T09:57:40.9044924+02:00" testType="13cdc9d9-ddb5-4fa4-a97d-d965ccfc6d4b" outcome="Passed" testListId="8c84fa94-04c1-424b-9868-57a2d4851a1d" relativeResultsDirectory="6d19c63e-cea0-40b9-8c12-bbd76e8662be" />
    <UnitTestResult executionId="fa069d8d-2853-4642-8cde-36076fbd7da9" testId="e6633424-7046-94c0-0484-38a5e633f99c" testName="AppendRFH2NameValueData_ValidDataCodePageNotProvided_UsesNameValueCodePageFromHeader" computerName="ICSWS068" duration="00:00:00.0024685" startTime="2016-08-04T09:57:40.9070105+02:00" endTime="2016-08-04T09:57:40.9110119+02:00" testType="13cdc9d9-ddb5-4fa4-a97d-d965ccfc6d4b" outcome="Passed" testListId="8c84fa94-04c1-424b-9868-57a2d4851a1d" relativeResultsDirectory="fa069d8d-2853-4642-8cde-36076fbd7da9" />
    <UnitTestResult executionId="68755576-52aa-4b1f-8ce0-5f616042f2b2" testId="5cc16190-dcef-e6f4-97b5-77d63e450c90" testName="AppendRFH2NameValueData_ValidDataCodePageProvided_UsesNameValueCodePageFromHeader" computerName="ICSWS068" duration="00:00:00.0018392" startTime="2016-08-04T09:57:40.9134993+02:00" endTime="2016-08-04T09:57:40.9165010+02:00" testType="13cdc9d9-ddb5-4fa4-a97d-d965ccfc6d4b" outcome="Passed" testListId="8c84fa94-04c1-424b-9868-57a2d4851a1d" relativeResultsDirectory="68755576-52aa-4b1f-8ce0-5f616042f2b2" />
    <UnitTestResult executionId="cd9b9736-c821-4a20-b8c4-3cea2f06c2ea" testId="6e3e30da-a011-419b-37ec-06264c1e37d2" testName="AppendRFH2NameValueData_ValidData_StructureLengthIsSet" computerName="ICSWS068" duration="00:00:00.0006964" startTime="2016-08-04T09:57:40.9190021+02:00" endTime="2016-08-04T09:57:40.9215211+02:00" testType="13cdc9d9-ddb5-4fa4-a97d-d965ccfc6d4b" outcome="Passed" testListId="8c84fa94-04c1-424b-9868-57a2d4851a1d" relativeResultsDirectory="cd9b9736-c821-4a20-b8c4-3cea2f06c2ea" />
    <UnitTestResult executionId="01a486b8-b5c0-4dc7-9315-0d5da488ee95" testId="482aaa4f-7122-e09f-9edf-48542ca86b94" testName="AppendRFH2NameValueData_ValidData_PositionIsCorrectAfterAppend" computerName="ICSWS068" duration="00:00:00.0003038" startTime="2016-08-04T09:57:40.9238387+02:00" endTime="2016-08-04T09:57:40.9253257+02:00" testType="13cdc9d9-ddb5-4fa4-a97d-d965ccfc6d4b" outcome="Passed" testListId="8c84fa94-04c1-424b-9868-57a2d4851a1d" relativeResultsDirectory="01a486b8-b5c0-4dc7-9315-0d5da488ee95" />
    <UnitTestResult executionId="5528303a-c875-4aae-b44e-d3894daf3611" testId="0d5fc1a4-a94b-a6e7-7fe3-7d48025c0ed3" testName="AppendRFH2NameValueData_ValidDataRequiresPadding_PaddingIsAdded" computerName="ICSWS068" duration="00:00:00.0014633" startTime="2016-08-04T09:57:40.9278266+02:00" endTime="2016-08-04T09:57:40.9308441+02:00" testType="13cdc9d9-ddb5-4fa4-a97d-d965ccfc6d4b" outcome="Passed" testListId="8c84fa94-04c1-424b-9868-57a2d4851a1d" relativeResultsDirectory="5528303a-c875-4aae-b44e-d3894daf3611" />
    <UnitTestResult executionId="d6db8ac7-2379-4e28-841f-e926d7fa46eb" testId="0964dff6-4933-ebe2-b6cf-3d99fb3eb96b" testName="AppendRFH2NameValueData_ValidDataRequiresPadding_StructLengthIsCorrect" computerName="ICSWS068" duration="00:00:00.0003862" startTime="2016-08-04T09:57:40.9340848+02:00" endTime="2016-08-04T09:57:40.9356012+02:00" testType="13cdc9d9-ddb5-4fa4-a97d-d965ccfc6d4b" outcome="Passed" testListId="8c84fa94-04c1-424b-9868-57a2d4851a1d" relativeResultsDirectory="d6db8ac7-2379-4e28-841f-e926d7fa46eb" />
    <UnitTestResult executionId="fb7ecd9a-3f18-4d2e-848a-5936ce9357bf" testId="6698173b-3dc6-d9c4-54ba-81ca5f03ca14" testName="Priority_Default_ReturnsMinusOne" computerName="ICSWS068" duration="00:00:00.0003307" startTime="2016-08-04T09:57:40.9385868+02:00" endTime="2016-08-04T09:57:40.9401047+02:00" testType="13cdc9d9-ddb5-4fa4-a97d-d965ccfc6d4b" outcome="Passed" testListId="8c84fa94-04c1-424b-9868-57a2d4851a1d" relativeResultsDirectory="fb7ecd9a-3f18-4d2e-848a-5936ce9357bf" />
    <UnitTestResult executionId="23078ba4-230b-4b3b-86de-5814155ac64b" testId="e1d18f05-3ded-b7d6-da67-07e228a7738a" testName="Priority_Set1_Return1" computerName="ICSWS068" duration="00:00:00.0002774" startTime="2016-08-04T09:57:40.9420888+02:00" endTime="2016-08-04T09:57:40.9436055+02:00" testType="13cdc9d9-ddb5-4fa4-a97d-d965ccfc6d4b" outcome="Passed" testListId="8c84fa94-04c1-424b-9868-57a2d4851a1d" relativeResultsDirectory="23078ba4-230b-4b3b-86de-5814155ac64b" />
    <UnitTestResult executionId="cd1187e6-7901-4a32-9e8c-527bcd0f41b0" testId="e7a50084-2dfe-bcb1-c13a-bc0222a0b2d8" testName="ReasonCode_Default_ReturnsZero" computerName="ICSWS068" duration="00:00:00.0002697" startTime="2016-08-04T09:57:40.9455911+02:00" endTime="2016-08-04T09:57:40.9470934+02:00" testType="13cdc9d9-ddb5-4fa4-a97d-d965ccfc6d4b" outcome="Passed" testListId="8c84fa94-04c1-424b-9868-57a2d4851a1d" relativeResultsDirectory="cd1187e6-7901-4a32-9e8c-527bcd0f41b0" />
    <UnitTestResult executionId="50231692-2cb5-4a31-888b-dcdc833f3ab3" testId="8dc2acb9-f6a6-4ebc-e56f-576856c03658" testName="ReplyToQueueManagerName_Default_ReturnsEmptyString" computerName="ICSWS068" duration="00:00:00.0003841" startTime="2016-08-04T09:57:40.9505954+02:00" endTime="2016-08-04T09:57:40.9520968+02:00" testType="13cdc9d9-ddb5-4fa4-a97d-d965ccfc6d4b" outcome="Passed" testListId="8c84fa94-04c1-424b-9868-57a2d4851a1d" relativeResultsDirectory="50231692-2cb5-4a31-888b-dcdc833f3ab3" />
    <UnitTestResult executionId="60fb0667-afb9-4c38-967b-4b074e2973ac" testId="d729a70a-f183-3145-7355-f75871b3a663" testName="ReplyToQueueManagerName_SetNonEmptyString_ReturnsString" computerName="ICSWS068" duration="00:00:00.0004354" startTime="2016-08-04T09:57:40.9546009+02:00" endTime="2016-08-04T09:57:40.9561185+02:00" testType="13cdc9d9-ddb5-4fa4-a97d-d965ccfc6d4b" outcome="Passed" testListId="8c84fa94-04c1-424b-9868-57a2d4851a1d" relativeResultsDirectory="60fb0667-afb9-4c38-967b-4b074e2973ac" />
    <UnitTestResult executionId="732b8abd-1070-475f-b318-9acffa5a8e26" testId="94ba660e-a7db-7767-4c82-3d2cd8b12d0b" testName="ReplyToQueueName_Default_ReturnsEmptyString" computerName="ICSWS068" duration="00:00:00.0003345" startTime="2016-08-04T09:57:40.9586161+02:00" endTime="2016-08-04T09:57:40.9601208+02:00" testType="13cdc9d9-ddb5-4fa4-a97d-d965ccfc6d4b" outcome="Passed" testListId="8c84fa94-04c1-424b-9868-57a2d4851a1d" relativeResultsDirectory="732b8abd-1070-475f-b318-9acffa5a8e26" />
    <UnitTestResult executionId="9a524224-ae65-4d36-9058-288bf26c45ec" testId="3246624b-ce2d-a0fd-a956-f020ccca954b" testName="ReplyToQueueName_SetNonEmptyString_ReturnsEmptyString" computerName="ICSWS068" duration="00:00:00.0003518" startTime="2016-08-04T09:57:40.9616219+02:00" endTime="2016-08-04T09:57:40.9645336+02:00" testType="13cdc9d9-ddb5-4fa4-a97d-d965ccfc6d4b" outcome="Passed" testListId="8c84fa94-04c1-424b-9868-57a2d4851a1d" relativeResultsDirectory="9a524224-ae65-4d36-9058-288bf26c45ec" />
    <UnitTestResult executionId="cf206cec-70e0-4af0-9c08-5d4879a956d5" testId="7c2c4350-a684-f79c-b0c6-58ef728d6529" testName="Report_Default_ReturnsDefaultWsmqSetup" computerName="ICSWS068" duration="00:00:00.0007445" startTime="2016-08-04T09:57:40.9675341+02:00" endTime="2016-08-04T09:57:40.9695455+02:00" testType="13cdc9d9-ddb5-4fa4-a97d-d965ccfc6d4b" outcome="Passed" testListId="8c84fa94-04c1-424b-9868-57a2d4851a1d" relativeResultsDirectory="cf206cec-70e0-4af0-9c08-5d4879a956d5" />
    <UnitTestResult executionId="2311af2b-be82-4444-b526-df2d2655b114" testId="aabe955f-5122-5ed1-3a61-afd4eddaec8c" testName="Report_SettingFlags_ReturnsFlags" computerName="ICSWS068" duration="00:00:00.0149949" startTime="2016-08-04T09:57:40.9720379+02:00" endTime="2016-08-04T09:57:40.9886135+02:00" testType="13cdc9d9-ddb5-4fa4-a97d-d965ccfc6d4b" outcome="Passed" testListId="8c84fa94-04c1-424b-9868-57a2d4851a1d" relativeResultsDirectory="2311af2b-be82-4444-b526-df2d2655b114">
      <Output>
        <StdOut>Ok, passed 100 tests.</StdOut>
      </Output>
    </UnitTestResult>
    <UnitTestResult executionId="8485a454-347b-4331-a63c-89d5d327a0e0" testId="f370abf9-7ef1-15d5-c249-0aada5ec8495" testName="ReportMessageId_Default_ReturnsZero" computerName="ICSWS068" duration="00:00:00.0002486" startTime="2016-08-04T09:57:40.9910982+02:00" endTime="2016-08-04T09:57:40.9926155+02:00" testType="13cdc9d9-ddb5-4fa4-a97d-d965ccfc6d4b" outcome="Passed" testListId="8c84fa94-04c1-424b-9868-57a2d4851a1d" relativeResultsDirectory="8485a454-347b-4331-a63c-89d5d327a0e0" />
    <UnitTestResult executionId="9d0983f7-ea59-41d3-8a2a-0ac0d8d9b499" testId="f24829ef-8b74-2e3e-8054-231512055ed6" testName="ReportMessageId_ForAllReport_ReturnsZeroIfNotInReport" computerName="ICSWS068" duration="00:00:00.0331822" startTime="2016-08-04T09:57:40.9946187+02:00" endTime="2016-08-04T09:57:41.0296005+02:00" testType="13cdc9d9-ddb5-4fa4-a97d-d965ccfc6d4b" outcome="Passed" testListId="8c84fa94-04c1-424b-9868-57a2d4851a1d" relativeResultsDirectory="9d0983f7-ea59-41d3-8a2a-0ac0d8d9b499">
      <Output>
        <StdOut>0:
Default, MQRO_COPY_MSG_ID_TO_CORREL_ID, MQRO_NEW_MSG_ID, MQRO_NONE, MQRO_COA_WITH_FULL_DATA
&lt;null&gt;
1:
MQRO_DEAD_LETTER_Q
&lt;null&gt;
2:
Default, MQRO_COPY_MSG_ID_TO_CORREL_ID, MQRO_NEW_MSG_ID, MQRO_NONE, MQRO_COA, MQRO_COD_WITH_DATA
&lt;null&gt;
3:
MQRO_DEAD_LETTER_Q
&lt;null&gt;
4:
MQRO_DEAD_LETTER_Q
&lt;null&gt;
5:
MQRO_DEAD_LETTER_Q
&lt;null&gt;
6:
Default, MQRO_COPY_MSG_ID_TO_CORREL_ID, MQRO_NEW_MSG_ID, MQRO_NONE, MQRO_COA
&lt;null&gt;
7:
Default, MQRO_COPY_MSG_ID_TO_CORREL_ID, MQRO_NEW_MSG_ID, MQRO_NONE, MQRO_EXPIRATION_WITH_DATA
&lt;null&gt;
8:
Default, MQRO_COPY_MSG_ID_TO_CORREL_ID, MQRO_NEW_MSG_ID, MQRO_NONE, MQRO_NAN, MQRO_PASS_MSG_ID, MQRO_COA_WITH_DATA, MQRO_EXPIRATION_WITH_DATA
8:
MQRO_DEAD_LETTER_Q
&lt;null&gt;
9:
MQRO_DEAD_LETTER_Q
&lt;null&gt;
10:
Default, MQRO_COPY_MSG_ID_TO_CORREL_ID, MQRO_NEW_MSG_ID, MQRO_NONE, MQRO_PAN, MQRO_NAN, MQRO_COD_WITH_DATA, MQRO_EXPIRATION_WITH_FULL_DATA
&lt;null&gt;
11:
Default, MQRO_COPY_MSG_ID_TO_CORREL_ID, MQRO_NEW_MSG_ID, MQRO_NONE, MQRO_COA_WITH_FULL_DATA, MQRO_COD_WITH_DATA, MQRO_EXCEPTION_WITH_DATA
&lt;null&gt;
12:
Default, MQRO_COPY_MSG_ID_TO_CORREL_ID, MQRO_NEW_MSG_ID, MQRO_NONE, MQRO_COA_WITH_FULL_DATA, MQRO_COD_WITH_FULL_DATA, MQRO_EXPIRATION_WITH_FULL_DATA, MQRO_EXCEPTION_WITH_FULL_DATA
&lt;null&gt;
13:
MQRO_DEAD_LETTER_Q
&lt;null&gt;
14:
Default, MQRO_COPY_MSG_ID_TO_CORREL_ID, MQRO_NEW_MSG_ID, MQRO_NONE, MQRO_PAN, MQRO_PASS_MSG_ID, MQRO_COA, MQRO_EXPIRATION_WITH_FULL_DATA, MQRO_EXCEPTION_WITH_DATA, MQRO_DISCARD_MSG
14:
Default, MQRO_COPY_MSG_ID_TO_CORREL_ID, MQRO_NEW_MSG_ID, MQRO_NONE, MQRO_COA_WITH_DATA
&lt;null&gt;
15:
Default, MQRO_COPY_MSG_ID_TO_CORREL_ID, MQRO_NEW_MSG_ID, MQRO_NONE, MQRO_COA_WITH_FULL_DATA, MQRO_EXCEPTION_WITH_DATA
&lt;null&gt;
16:
Default, MQRO_COPY_MSG_ID_TO_CORREL_ID, MQRO_NEW_MSG_ID, MQRO_NONE, MQRO_PAN, MQRO_NAN, MQRO_PASS_MSG_ID, MQRO_EXPIRATION_WITH_DATA, MQRO_EXCEPTION_WITH_FULL_DATA
16:
MQRO_DEAD_LETTER_Q
&lt;null&gt;
17:
MQRO_DEAD_LETTER_Q
&lt;null&gt;
18:
Default, MQRO_COPY_MSG_ID_TO_CORREL_ID, MQRO_NEW_MSG_ID, MQRO_NONE, MQRO_PASS_CORREL_ID, MQRO_EXPIRATION_WITH_FULL_DATA, MQRO_EXCEPTION
&lt;null&gt;
19:
Default, MQRO_COPY_MSG_ID_TO_CORREL_ID, MQRO_NEW_MSG_ID, MQRO_NONE, MQRO_COD
&lt;null&gt;
20:
Default, MQRO_COPY_MSG_ID_TO_CORREL_ID, MQRO_NEW_MSG_ID, MQRO_NONE, MQRO_PASS_MSG_ID, MQRO_COA_WITH_FULL_DATA, MQRO_COD_WITH_DATA
20:
MQRO_DEAD_LETTER_Q
&lt;null&gt;
21:
Default, MQRO_COPY_MSG_ID_TO_CORREL_ID, MQRO_NEW_MSG_ID, MQRO_NONE, MQRO_NAN, MQRO_PASS_MSG_ID, MQRO_COA_WITH_FULL_DATA, MQRO_EXPIRATION_WITH_DATA, MQRO_EXCEPTION_WITH_FULL_DATA, MQRO_DISCARD_MSG
21:
Default, MQRO_COPY_MSG_ID_TO_CORREL_ID, MQRO_NEW_MSG_ID, MQRO_NONE, MQRO_COA_WITH_FULL_DATA, MQRO_COD
&lt;null&gt;
22:
Default, MQRO_COPY_MSG_ID_TO_CORREL_ID, MQRO_NEW_MSG_ID, MQRO_NONE, MQRO_NAN, MQRO_PASS_MSG_ID, MQRO_DISCARD_MSG
22:
Default, MQRO_COPY_MSG_ID_TO_CORREL_ID, MQRO_NEW_MSG_ID, MQRO_NONE, MQRO_COA, MQRO_COD_WITH_DATA, MQRO_EXCEPTION_WITH_FULL_DATA
&lt;null&gt;
23:
Default, MQRO_COPY_MSG_ID_TO_CORREL_ID, MQRO_NEW_MSG_ID, MQRO_NONE, MQRO_COD_WITH_FULL_DATA
&lt;null&gt;
24:
Default, MQRO_COPY_MSG_ID_TO_CORREL_ID, MQRO_NEW_MSG_ID, MQRO_NONE, MQRO_PASS_CORREL_ID, MQRO_COA_WITH_FULL_DATA, MQRO_COD, MQRO_EXPIRATION, MQRO_EXCEPTION_WITH_FULL_DATA
&lt;null&gt;
25:
MQRO_DEAD_LETTER_Q
&lt;null&gt;
26:
Default, MQRO_COPY_MSG_ID_TO_CORREL_ID, MQRO_NEW_MSG_ID, MQRO_NONE, MQRO_NAN, MQRO_PASS_MSG_ID, MQRO_COA_WITH_FULL_DATA, MQRO_COD_WITH_FULL_DATA, MQRO_EXCEPTION_WITH_FULL_DATA
26:
MQRO_DEAD_LETTER_Q
&lt;null&gt;
27:
Default, MQRO_COPY_MSG_ID_TO_CORREL_ID, MQRO_NEW_MSG_ID, MQRO_NONE, MQRO_PAN, MQRO_PASS_CORREL_ID, MQRO_COD_WITH_DATA, MQRO_EXCEPTION_WITH_DATA
&lt;null&gt;
28:
Default, MQRO_COPY_MSG_ID_TO_CORREL_ID, MQRO_NEW_MSG_ID, MQRO_NONE, MQRO_COA_WITH_DATA, MQRO_COD, MQRO_EXPIRATION_WITH_FULL_DATA, MQRO_EXCEPTION_WITH_FULL_DATA
&lt;null&gt;
29:
Default, MQRO_COPY_MSG_ID_TO_CORREL_ID, MQRO_NEW_MSG_ID, MQRO_NONE, MQRO_NAN, MQRO_COA_WITH_DATA, MQRO_EXPIRATION_WITH_FULL_DATA, MQRO_EXCEPTION_WITH_DATA, MQRO_DISCARD_MSG
&lt;null&gt;
30:
MQRO_DEAD_LETTER_Q
&lt;null&gt;
31:
Default, MQRO_COPY_MSG_ID_TO_CORREL_ID, MQRO_NEW_MSG_ID, MQRO_NONE, MQRO_PAN, MQRO_NAN, MQRO_COA_WITH_DATA, MQRO_COD_WITH_FULL_DATA, MQRO_EXPIRATION, MQRO_EXCEPTION_WITH_FULL_DATA
&lt;null&gt;
32:
Default, MQRO_COPY_MSG_ID_TO_CORREL_ID, MQRO_NEW_MSG_ID, MQRO_NONE, MQRO_PASS_CORREL_ID, MQRO_PASS_MSG_ID, MQRO_COD_WITH_DATA, MQRO_EXPIRATION_WITH_DATA, MQRO_EXCEPTION
32:
Default, MQRO_COPY_MSG_ID_TO_CORREL_ID, MQRO_NEW_MSG_ID, MQRO_NONE, MQRO_COA, MQRO_EXPIRATION_WITH_FULL_DATA
&lt;null&gt;
33:
Default, MQRO_COPY_MSG_ID_TO_CORREL_ID, MQRO_NEW_MSG_ID, MQRO_NONE, MQRO_COD, MQRO_EXCEPTION
&lt;null&gt;
34:
Default, MQRO_COPY_MSG_ID_TO_CORREL_ID, MQRO_NEW_MSG_ID, MQRO_NONE, MQRO_PAN, MQRO_PASS_CORREL_ID, MQRO_PASS_MSG_ID, MQRO_COA_WITH_FULL_DATA, MQRO_COD_WITH_FULL_DATA, MQRO_EXPIRATION_WITH_DATA, MQRO_EXCEPTION_WITH_DATA
34:
Default, MQRO_COPY_MSG_ID_TO_CORREL_ID, MQRO_NEW_MSG_ID, MQRO_NONE, MQRO_COA_WITH_DATA, MQRO_COD_WITH_FULL_DATA
&lt;null&gt;
35:
Default, MQRO_COPY_MSG_ID_TO_CORREL_ID, MQRO_NEW_MSG_ID, MQRO_NONE, MQRO_PAN, MQRO_PASS_MSG_ID, MQRO_EXPIRATION_WITH_DATA
35:
Default, MQRO_COPY_MSG_ID_TO_CORREL_ID, MQRO_NEW_MSG_ID, MQRO_NONE, MQRO_COA, MQRO_COD_WITH_DATA, MQRO_EXPIRATION_WITH_DATA, MQRO_EXCEPTION_WITH_FULL_DATA
&lt;null&gt;
36:
Default, MQRO_COPY_MSG_ID_TO_CORREL_ID, MQRO_NEW_MSG_ID, MQRO_NONE, MQRO_PAN, MQRO_NAN, MQRO_COA_WITH_FULL_DATA, MQRO_COD_WITH_FULL_DATA, MQRO_EXPIRATION_WITH_FULL_DATA, MQRO_EXCEPTION_WITH_FULL_DATA, MQRO_DISCARD_MSG
&lt;null&gt;
37:
Default, MQRO_COPY_MSG_ID_TO_CORREL_ID, MQRO_NEW_MSG_ID, MQRO_NONE, MQRO_PASS_MSG_ID, MQRO_EXPIRATION_WITH_FULL_DATA, MQRO_EXCEPTION_WITH_DATA
37:
Default, MQRO_COPY_MSG_ID_TO_CORREL_ID, MQRO_NEW_MSG_ID, MQRO_NONE, MQRO_NAN, MQRO_PASS_MSG_ID, MQRO_COA_WITH_FULL_DATA, MQRO_COD_WITH_FULL_DATA, MQRO_EXPIRATION_WITH_FULL_DATA, MQRO_EXCEPTION_WITH_FULL_DATA
37:
Default, MQRO_COPY_MSG_ID_TO_CORREL_ID, MQRO_NEW_MSG_ID, MQRO_NONE, MQRO_PAN, MQRO_NAN, MQRO_PASS_CORREL_ID, MQRO_COA_WITH_FULL_DATA, MQRO_COD_WITH_FULL_DATA, MQRO_EXPIRATION_WITH_FULL_DATA, MQRO_EXCEPTION_WITH_FULL_DATA, MQRO_DISCARD_MSG
&lt;null&gt;
38:
Default, MQRO_COPY_MSG_ID_TO_CORREL_ID, MQRO_NEW_MSG_ID, MQRO_NONE, MQRO_EXCEPTION_WITH_DATA
&lt;null&gt;
39:
Default, MQRO_COPY_MSG_ID_TO_CORREL_ID, MQRO_NEW_MSG_ID, MQRO_NONE, MQRO_PAN, MQRO_PASS_CORREL_ID, MQRO_PASS_MSG_ID, MQRO_COA_WITH_FULL_DATA, MQRO_COD_WITH_FULL_DATA, MQRO_EXPIRATION_WITH_DATA, MQRO_EXCEPTION_WITH_FULL_DATA, MQRO_DISCARD_MSG
39:
Default, MQRO_COPY_MSG_ID_TO_CORREL_ID, MQRO_NEW_MSG_ID, MQRO_NONE, MQRO_COD, MQRO_EXPIRATION_WITH_DATA, MQRO_EXCEPTION_WITH_FULL_DATA
&lt;null&gt;
40:
Default, MQRO_COPY_MSG_ID_TO_CORREL_ID, MQRO_NEW_MSG_ID, MQRO_NONE, MQRO_NAN, MQRO_PASS_CORREL_ID, MQRO_PASS_MSG_ID, MQRO_COA_WITH_FULL_DATA, MQRO_COD_WITH_FULL_DATA, MQRO_EXPIRATION_WITH_FULL_DATA, MQRO_EXCEPTION_WITH_FULL_DATA
40:
Default, MQRO_COPY_MSG_ID_TO_CORREL_ID, MQRO_NEW_MSG_ID, MQRO_NONE, MQRO_PAN, MQRO_PASS_CORREL_ID, MQRO_PASS_MSG_ID, MQRO_COA_WITH_FULL_DATA, MQRO_COD_WITH_FULL_DATA, MQRO_EXPIRATION_WITH_FULL_DATA, MQRO_EXCEPTION_WITH_FULL_DATA, MQRO_DISCARD_MSG
40:
Default, MQRO_COPY_MSG_ID_TO_CORREL_ID, MQRO_NEW_MSG_ID, MQRO_NONE, MQRO_PASS_CORREL_ID, MQRO_EXPIRATION_WITH_FULL_DATA, MQRO_EXCEPTION_WITH_DATA
&lt;null&gt;
41:
MQRO_DEAD_LETTER_Q
&lt;null&gt;
42:
Default, MQRO_COPY_MSG_ID_TO_CORREL_ID, MQRO_NEW_MSG_ID, MQRO_NONE, MQRO_EXPIRATION_WITH_DATA
&lt;null&gt;
43:
Default, MQRO_COPY_MSG_ID_TO_CORREL_ID, MQRO_NEW_MSG_ID, MQRO_NONE, MQRO_PAN, MQRO_PASS_CORREL_ID, MQRO_PASS_MSG_ID, MQRO_COA_WITH_FULL_DATA, MQRO_COD_WITH_FULL_DATA, MQRO_EXPIRATION_WITH_FULL_DATA, MQRO_EXCEPTION_WITH_FULL_DATA, MQRO_DISCARD_MSG
43:
Default, MQRO_COPY_MSG_ID_TO_CORREL_ID, MQRO_NEW_MSG_ID, MQRO_NONE, MQRO_PAN, MQRO_NAN, MQRO_PASS_CORREL_ID, MQRO_PASS_MSG_ID, MQRO_COA, MQRO_COD_WITH_FULL_DATA, MQRO_EXPIRATION, MQRO_EXCEPTION_WITH_FULL_DATA, MQRO_DISCARD_MSG
43:
Default, MQRO_COPY_MSG_ID_TO_CORREL_ID, MQRO_NEW_MSG_ID, MQRO_NONE, MQRO_PAN, MQRO_NAN, MQRO_PASS_CORREL_ID, MQRO_PASS_MSG_ID, MQRO_COA_WITH_FULL_DATA, MQRO_COD_WITH_FULL_DATA, MQRO_EXPIRATION_WITH_FULL_DATA, MQRO_EXCEPTION_WITH_FULL_DATA, MQRO_DISCARD_MSG
43:
Default, MQRO_COPY_MSG_ID_TO_CORREL_ID, MQRO_NEW_MSG_ID, MQRO_NONE, MQRO_PASS_MSG_ID, MQRO_COA_WITH_FULL_DATA, MQRO_COD, MQRO_EXPIRATION
43:
Default, MQRO_COPY_MSG_ID_TO_CORREL_ID, MQRO_NEW_MSG_ID, MQRO_NONE, MQRO_PAN, MQRO_NAN, MQRO_PASS_MSG_ID, MQRO_COD_WITH_FULL_DATA, MQRO_EXPIRATION_WITH_FULL_DATA, MQRO_EXCEPTION_WITH_DATA
43:
Default, MQRO_COPY_MSG_ID_TO_CORREL_ID, MQRO_NEW_MSG_ID, MQRO_NONE, MQRO_COA
&lt;null&gt;
44:
Default, MQRO_COPY_MSG_ID_TO_CORREL_ID, MQRO_NEW_MSG_ID, MQRO_NONE, MQRO_PAN, MQRO_NAN, MQRO_PASS_MSG_ID, MQRO_COA_WITH_FULL_DATA, MQRO_COD_WITH_FULL_DATA, MQRO_EXPIRATION_WITH_FULL_DATA, MQRO_EXCEPTION_WITH_FULL_DATA, MQRO_DISCARD_MSG
44:
MQRO_DEAD_LETTER_Q
&lt;null&gt;
45:
Default, MQRO_COPY_MSG_ID_TO_CORREL_ID, MQRO_NEW_MSG_ID, MQRO_NONE, MQRO_PAN, MQRO_NAN, MQRO_COD_WITH_FULL_DATA
&lt;null&gt;
46:
Default, MQRO_COPY_MSG_ID_TO_CORREL_ID, MQRO_NEW_MSG_ID, MQRO_NONE, MQRO_PAN, MQRO_PASS_CORREL_ID, MQRO_PASS_MSG_ID, MQRO_COA_WITH_FULL_DATA, MQRO_COD_WITH_FULL_DATA, MQRO_EXPIRATION_WITH_FULL_DATA, MQRO_EXCEPTION_WITH_FULL_DATA, MQRO_DISCARD_MSG
46:
Default, MQRO_COPY_MSG_ID_TO_CORREL_ID, MQRO_NEW_MSG_ID, MQRO_NONE, MQRO_PASS_CORREL_ID, MQRO_PASS_MSG_ID, MQRO_EXPIRATION, MQRO_EXCEPTION_WITH_DATA, MQRO_DISCARD_MSG
46:
Default, MQRO_COPY_MSG_ID_TO_CORREL_ID, MQRO_NEW_MSG_ID, MQRO_NONE, MQRO_NAN, MQRO_PASS_CORREL_ID, MQRO_COA_WITH_DATA, MQRO_COD_WITH_DATA, MQRO_EXPIRATION_WITH_DATA, MQRO_EXCEPTION_WITH_FULL_DATA, MQRO_DISCARD_MSG
&lt;null&gt;
47:
Default, MQRO_COPY_MSG_ID_TO_CORREL_ID, MQRO_NEW_MSG_ID, MQRO_NONE, MQRO_PAN, MQRO_PASS_CORREL_ID, MQRO_PASS_MSG_ID, MQRO_COA_WITH_FULL_DATA, MQRO_COD_WITH_FULL_DATA, MQRO_EXPIRATION_WITH_FULL_DATA, MQRO_EXCEPTION_WITH_DATA, MQRO_DISCARD_MSG
47:
Default, MQRO_COPY_MSG_ID_TO_CORREL_ID, MQRO_NEW_MSG_ID, MQRO_NONE, MQRO_PAN, MQRO_PASS_CORREL_ID, MQRO_PASS_MSG_ID, MQRO_COA_WITH_FULL_DATA, MQRO_COD_WITH_FULL_DATA, MQRO_EXPIRATION_WITH_FULL_DATA, MQRO_EXCEPTION_WITH_FULL_DATA, MQRO_DISCARD_MSG
47:
Default, MQRO_COPY_MSG_ID_TO_CORREL_ID, MQRO_NEW_MSG_ID, MQRO_NONE, MQRO_PAN, MQRO_EXPIRATION_WITH_FULL_DATA, MQRO_EXCEPTION_WITH_FULL_DATA
&lt;null&gt;
48:
Default, MQRO_COPY_MSG_ID_TO_CORREL_ID, MQRO_NEW_MSG_ID, MQRO_NONE, MQRO_PAN, MQRO_PASS_CORREL_ID, MQRO_PASS_MSG_ID, MQRO_COA_WITH_FULL_DATA, MQRO_COD_WITH_FULL_DATA, MQRO_EXPIRATION_WITH_DATA, MQRO_EXCEPTION_WITH_FULL_DATA
48:
Default, MQRO_COPY_MSG_ID_TO_CORREL_ID, MQRO_NEW_MSG_ID, MQRO_NONE, MQRO_PAN, MQRO_NAN, MQRO_PASS_MSG_ID, MQRO_COA_WITH_FULL_DATA, MQRO_COD_WITH_FULL_DATA, MQRO_EXPIRATION_WITH_FULL_DATA, MQRO_EXCEPTION_WITH_FULL_DATA, MQRO_DISCARD_MSG
48:
Default, MQRO_COPY_MSG_ID_TO_CORREL_ID, MQRO_NEW_MSG_ID, MQRO_NONE, MQRO_EXPIRATION
&lt;null&gt;
49:
Default, MQRO_COPY_MSG_ID_TO_CORREL_ID, MQRO_NEW_MSG_ID, MQRO_NONE, MQRO_PAN, MQRO_NAN, MQRO_PASS_CORREL_ID, MQRO_PASS_MSG_ID, MQRO_COA_WITH_FULL_DATA, MQRO_COD_WITH_FULL_DATA, MQRO_EXPIRATION_WITH_FULL_DATA, MQRO_EXCEPTION_WITH_FULL_DATA, MQRO_DISCARD_MSG
49:
Default, MQRO_COPY_MSG_ID_TO_CORREL_ID, MQRO_NEW_MSG_ID, MQRO_NONE, MQRO_PAN, MQRO_NAN, MQRO_PASS_CORREL_ID, MQRO_PASS_MSG_ID, MQRO_COA_WITH_FULL_DATA, MQRO_COD_WITH_FULL_DATA, MQRO_EXPIRATION_WITH_FULL_DATA, MQRO_EXCEPTION_WITH_FULL_DATA, MQRO_DISCARD_MSG
49:
Default, MQRO_COPY_MSG_ID_TO_CORREL_ID, MQRO_NEW_MSG_ID, MQRO_NONE, MQRO_COA_WITH_FULL_DATA, MQRO_COD_WITH_FULL_DATA, MQRO_EXPIRATION_WITH_FULL_DATA, MQRO_EXCEPTION
&lt;null&gt;
50:
Default, MQRO_COPY_MSG_ID_TO_CORREL_ID, MQRO_NEW_MSG_ID, MQRO_NONE, MQRO_EXPIRATION
&lt;null&gt;
51:
Default, MQRO_COPY_MSG_ID_TO_CORREL_ID, MQRO_NEW_MSG_ID, MQRO_NONE, MQRO_PAN, MQRO_NAN, MQRO_PASS_CORREL_ID, MQRO_PASS_MSG_ID, MQRO_COA_WITH_DATA, MQRO_COD_WITH_FULL_DATA, MQRO_EXPIRATION_WITH_FULL_DATA, MQRO_EXCEPTION_WITH_FULL_DATA, MQRO_DISCARD_MSG
51:
Default, MQRO_COPY_MSG_ID_TO_CORREL_ID, MQRO_NEW_MSG_ID, MQRO_NONE, MQRO_NAN, MQRO_PASS_CORREL_ID, MQRO_COA_WITH_FULL_DATA, MQRO_COD_WITH_FULL_DATA, MQRO_EXPIRATION_WITH_FULL_DATA, MQRO_EXCEPTION_WITH_FULL_DATA, MQRO_DISCARD_MSG
&lt;null&gt;
52:
Default, MQRO_COPY_MSG_ID_TO_CORREL_ID, MQRO_NEW_MSG_ID, MQRO_NONE, MQRO_NAN, MQRO_PASS_CORREL_ID, MQRO_COA_WITH_DATA, MQRO_COD_WITH_DATA, MQRO_EXPIRATION_WITH_FULL_DATA, MQRO_EXCEPTION_WITH_FULL_DATA, MQRO_DISCARD_MSG
&lt;null&gt;
53:
Default, MQRO_COPY_MSG_ID_TO_CORREL_ID, MQRO_NEW_MSG_ID, MQRO_NONE, MQRO_COA_WITH_FULL_DATA, MQRO_COD, MQRO_EXCEPTION_WITH_DATA
&lt;null&gt;
54:
Default, MQRO_COPY_MSG_ID_TO_CORREL_ID, MQRO_NEW_MSG_ID, MQRO_NONE, MQRO_PAN, MQRO_NAN, MQRO_PASS_MSG_ID, MQRO_COA_WITH_FULL_DATA, MQRO_COD_WITH_FULL_DATA, MQRO_EXPIRATION_WITH_FULL_DATA, MQRO_EXCEPTION_WITH_FULL_DATA, MQRO_DISCARD_MSG
54:
Default, MQRO_COPY_MSG_ID_TO_CORREL_ID, MQRO_NEW_MSG_ID, MQRO_NONE, MQRO_PAN, MQRO_NAN, MQRO_PASS_CORREL_ID, MQRO_PASS_MSG_ID, MQRO_COA_WITH_FULL_DATA, MQRO_COD_WITH_FULL_DATA, MQRO_EXPIRATION_WITH_DATA, MQRO_EXCEPTION_WITH_DATA, MQRO_DISCARD_MSG
54:
Default, MQRO_COPY_MSG_ID_TO_CORREL_ID, MQRO_NEW_MSG_ID, MQRO_NONE, MQRO_PAN, MQRO_PASS_CORREL_ID, MQRO_PASS_MSG_ID, MQRO_COA_WITH_DATA, MQRO_COD_WITH_FULL_DATA, MQRO_EXPIRATION_WITH_FULL_DATA, MQRO_EXCEPTION_WITH_FULL_DATA, MQRO_DISCARD_MSG
54:
Default, MQRO_COPY_MSG_ID_TO_CORREL_ID, MQRO_NEW_MSG_ID, MQRO_NONE, MQRO_PAN, MQRO_PASS_CORREL_ID, MQRO_PASS_MSG_ID, MQRO_COA_WITH_DATA, MQRO_COD_WITH_DATA, MQRO_EXPIRATION_WITH_DATA, MQRO_EXCEPTION_WITH_FULL_DATA, MQRO_DISCARD_MSG
54:
Default, MQRO_COPY_MSG_ID_TO_CORREL_ID, MQRO_NEW_MSG_ID, MQRO_NONE, MQRO_PAN, MQRO_NAN, MQRO_PASS_CORREL_ID, MQRO_PASS_MSG_ID, MQRO_COA_WITH_FULL_DATA, MQRO_COD_WITH_FULL_DATA, MQRO_EXPIRATION_WITH_FULL_DATA, MQRO_EXCEPTION_WITH_FULL_DATA, MQRO_DISCARD_MSG
54:
Default, MQRO_COPY_MSG_ID_TO_CORREL_ID, MQRO_NEW_MSG_ID, MQRO_NONE, MQRO_PAN, MQRO_NAN, MQRO_PASS_CORREL_ID, MQRO_PASS_MSG_ID, MQRO_COA_WITH_FULL_DATA, MQRO_COD_WITH_FULL_DATA, MQRO_EXPIRATION_WITH_FULL_DATA, MQRO_EXCEPTION_WITH_FULL_DATA, MQRO_DISCARD_MSG
54:
Default, MQRO_COPY_MSG_ID_TO_CORREL_ID, MQRO_NEW_MSG_ID, MQRO_NONE, MQRO_PAN, MQRO_NAN, MQRO_PASS_CORREL_ID, MQRO_PASS_MSG_ID, MQRO_COA_WITH_FULL_DATA, MQRO_COD_WITH_DATA, MQRO_EXPIRATION_WITH_DATA, MQRO_EXCEPTION_WITH_FULL_DATA, MQRO_DISCARD_MSG
54:
Default, MQRO_COPY_MSG_ID_TO_CORREL_ID, MQRO_NEW_MSG_ID, MQRO_NONE, MQRO_NAN, MQRO_COA_WITH_FULL_DATA, MQRO_COD_WITH_DATA, MQRO_EXPIRATION
&lt;null&gt;
55:
Default, MQRO_COPY_MSG_ID_TO_CORREL_ID, MQRO_NEW_MSG_ID, MQRO_NONE, MQRO_PAN, MQRO_NAN, MQRO_PASS_CORREL_ID, MQRO_PASS_MSG_ID, MQRO_COA_WITH_FULL_DATA, MQRO_COD_WITH_FULL_DATA, MQRO_EXPIRATION_WITH_FULL_DATA, MQRO_EXCEPTION_WITH_FULL_DATA, MQRO_DISCARD_MSG
55:
Default, MQRO_COPY_MSG_ID_TO_CORREL_ID, MQRO_NEW_MSG_ID, MQRO_NONE, MQRO_PAN, MQRO_NAN, MQRO_PASS_CORREL_ID, MQRO_COA_WITH_DATA, MQRO_COD_WITH_DATA, MQRO_EXPIRATION_WITH_FULL_DATA, MQRO_EXCEPTION_WITH_FULL_DATA, MQRO_DISCARD_MSG
&lt;null&gt;
56:
Default, MQRO_COPY_MSG_ID_TO_CORREL_ID, MQRO_NEW_MSG_ID, MQRO_NONE, MQRO_PAN, MQRO_COA_WITH_DATA, MQRO_COD_WITH_FULL_DATA, MQRO_EXPIRATION_WITH_DATA
&lt;null&gt;
57:
Default, MQRO_COPY_MSG_ID_TO_CORREL_ID, MQRO_NEW_MSG_ID, MQRO_NONE, MQRO_NAN, MQRO_PASS_CORREL_ID, MQRO_COA_WITH_DATA, MQRO_COD_WITH_FULL_DATA, MQRO_EXPIRATION_WITH_FULL_DATA, MQRO_EXCEPTION_WITH_FULL_DATA
&lt;null&gt;
58:
Default, MQRO_COPY_MSG_ID_TO_CORREL_ID, MQRO_NEW_MSG_ID, MQRO_NONE, MQRO_PASS_MSG_ID, MQRO_COA_WITH_FULL_DATA, MQRO_COD_WITH_FULL_DATA, MQRO_EXPIRATION_WITH_FULL_DATA, MQRO_EXCEPTION_WITH_DATA
58:
Default, MQRO_COPY_MSG_ID_TO_CORREL_ID, MQRO_NEW_MSG_ID, MQRO_NONE, MQRO_PAN, MQRO_NAN, MQRO_PASS_CORREL_ID, MQRO_PASS_MSG_ID, MQRO_COA_WITH_FULL_DATA, MQRO_COD_WITH_FULL_DATA, MQRO_EXPIRATION_WITH_FULL_DATA, MQRO_EXCEPTION_WITH_FULL_DATA
58:
Default, MQRO_COPY_MSG_ID_TO_CORREL_ID, MQRO_NEW_MSG_ID, MQRO_NONE, MQRO_NAN, MQRO_PASS_MSG_ID, MQRO_COA_WITH_DATA, MQRO_COD_WITH_FULL_DATA, MQRO_EXPIRATION_WITH_FULL_DATA, MQRO_EXCEPTION_WITH_FULL_DATA
58:
Default, MQRO_COPY_MSG_ID_TO_CORREL_ID, MQRO_NEW_MSG_ID, MQRO_NONE, MQRO_PAN, MQRO_PASS_CORREL_ID, MQRO_PASS_MSG_ID, MQRO_COA_WITH_FULL_DATA, MQRO_COD_WITH_FULL_DATA, MQRO_EXPIRATION_WITH_FULL_DATA, MQRO_EXCEPTION, MQRO_DISCARD_MSG
58:
Default, MQRO_COPY_MSG_ID_TO_CORREL_ID, MQRO_NEW_MSG_ID, MQRO_NONE, MQRO_EXPIRATION
&lt;null&gt;
59:
Default, MQRO_COPY_MSG_ID_TO_CORREL_ID, MQRO_NEW_MSG_ID, MQRO_NONE, MQRO_PAN, MQRO_NAN, MQRO_PASS_CORREL_ID, MQRO_PASS_MSG_ID, MQRO_COA_WITH_FULL_DATA, MQRO_COD, MQRO_EXPIRATION_WITH_FULL_DATA, MQRO_EXCEPTION, MQRO_DISCARD_MSG
59:
Default, MQRO_COPY_MSG_ID_TO_CORREL_ID, MQRO_NEW_MSG_ID, MQRO_NONE, MQRO_NAN, MQRO_PASS_CORREL_ID, MQRO_COA_WITH_FULL_DATA, MQRO_COD_WITH_FULL_DATA, MQRO_EXPIRATION_WITH_FULL_DATA, MQRO_EXCEPTION_WITH_FULL_DATA
&lt;null&gt;
60:
Default, MQRO_COPY_MSG_ID_TO_CORREL_ID, MQRO_NEW_MSG_ID, MQRO_NONE, MQRO_NAN, MQRO_PASS_CORREL_ID, MQRO_PASS_MSG_ID, MQRO_COA_WITH_DATA, MQRO_EXPIRATION, MQRO_EXCEPTION_WITH_FULL_DATA, MQRO_DISCARD_MSG
60:
Default, MQRO_COPY_MSG_ID_TO_CORREL_ID, MQRO_NEW_MSG_ID, MQRO_NONE, MQRO_PAN, MQRO_NAN, MQRO_PASS_CORREL_ID, MQRO_PASS_MSG_ID, MQRO_COA_WITH_FULL_DATA, MQRO_COD_WITH_FULL_DATA, MQRO_EXPIRATION_WITH_FULL_DATA, MQRO_EXCEPTION_WITH_DATA
60:
Default, MQRO_COPY_MSG_ID_TO_CORREL_ID, MQRO_NEW_MSG_ID, MQRO_NONE, MQRO_PAN, MQRO_PASS_CORREL_ID, MQRO_PASS_MSG_ID, MQRO_COA_WITH_FULL_DATA, MQRO_COD_WITH_FULL_DATA, MQRO_EXPIRATION_WITH_FULL_DATA, MQRO_EXCEPTION_WITH_FULL_DATA, MQRO_DISCARD_MSG
60:
MQRO_DEAD_LETTER_Q
&lt;null&gt;
61:
Default, MQRO_COPY_MSG_ID_TO_CORREL_ID, MQRO_NEW_MSG_ID, MQRO_NONE, MQRO_NAN, MQRO_COD_WITH_DATA
&lt;null&gt;
62:
Default, MQRO_COPY_MSG_ID_TO_CORREL_ID, MQRO_NEW_MSG_ID, MQRO_NONE, MQRO_PAN, MQRO_NAN, MQRO_PASS_MSG_ID, MQRO_COA_WITH_FULL_DATA, MQRO_COD_WITH_FULL_DATA, MQRO_EXPIRATION_WITH_FULL_DATA, MQRO_EXCEPTION_WITH_FULL_DATA, MQRO_DISCARD_MSG
62:
Default, MQRO_COPY_MSG_ID_TO_CORREL_ID, MQRO_NEW_MSG_ID, MQRO_NONE, MQRO_PAN, MQRO_NAN, MQRO_PASS_CORREL_ID, MQRO_PASS_MSG_ID, MQRO_COD_WITH_DATA, MQRO_EXPIRATION_WITH_FULL_DATA, MQRO_EXCEPTION_WITH_FULL_DATA
62:
Default, MQRO_COPY_MSG_ID_TO_CORREL_ID, MQRO_NEW_MSG_ID, MQRO_NONE, MQRO_NAN, MQRO_COA_WITH_FULL_DATA
&lt;null&gt;
63:
Default, MQRO_COPY_MSG_ID_TO_CORREL_ID, MQRO_NEW_MSG_ID, MQRO_NONE, MQRO_EXCEPTION_WITH_FULL_DATA
&lt;null&gt;
64:
Default, MQRO_COPY_MSG_ID_TO_CORREL_ID, MQRO_NEW_MSG_ID, MQRO_NONE, MQRO_PAN, MQRO_PASS_CORREL_ID, MQRO_PASS_MSG_ID, MQRO_COA_WITH_FULL_DATA, MQRO_COD_WITH_FULL_DATA, MQRO_EXPIRATION_WITH_FULL_DATA, MQRO_EXCEPTION_WITH_FULL_DATA, MQRO_DISCARD_MSG
64:
Default, MQRO_COPY_MSG_ID_TO_CORREL_ID, MQRO_NEW_MSG_ID, MQRO_NONE, MQRO_PAN, MQRO_PASS_CORREL_ID, MQRO_PASS_MSG_ID, MQRO_COA_WITH_FULL_DATA, MQRO_COD_WITH_FULL_DATA, MQRO_EXPIRATION_WITH_FULL_DATA, MQRO_EXCEPTION_WITH_DATA, MQRO_DISCARD_MSG
64:
Default, MQRO_COPY_MSG_ID_TO_CORREL_ID, MQRO_NEW_MSG_ID, MQRO_NONE, MQRO_PAN, MQRO_NAN, MQRO_PASS_MSG_ID, MQRO_COA, MQRO_COD_WITH_FULL_DATA, MQRO_EXPIRATION_WITH_FULL_DATA, MQRO_EXCEPTION_WITH_FULL_DATA, MQRO_DISCARD_MSG
64:
Default, MQRO_COPY_MSG_ID_TO_CORREL_ID, MQRO_NEW_MSG_ID, MQRO_NONE, MQRO_PAN, MQRO_PASS_CORREL_ID, MQRO_COA_WITH_FULL_DATA, MQRO_COD_WITH_DATA, MQRO_EXPIRATION_WITH_FULL_DATA, MQRO_EXCEPTION
&lt;null&gt;
65:
MQRO_DEAD_LETTER_Q
&lt;null&gt;
66:
Default, MQRO_COPY_MSG_ID_TO_CORREL_ID, MQRO_NEW_MSG_ID, MQRO_NONE, MQRO_PAN, MQRO_NAN, MQRO_PASS_CORREL_ID, MQRO_PASS_MSG_ID, MQRO_COA_WITH_FULL_DATA, MQRO_COD_WITH_FULL_DATA, MQRO_EXPIRATION_WITH_FULL_DATA, MQRO_EXCEPTION_WITH_FULL_DATA, MQRO_DISCARD_MSG
66:
Default, MQRO_COPY_MSG_ID_TO_CORREL_ID, MQRO_NEW_MSG_ID, MQRO_NONE, MQRO_PAN, MQRO_NAN, MQRO_PASS_MSG_ID, MQRO_COA_WITH_DATA, MQRO_COD_WITH_FULL_DATA, MQRO_EXPIRATION_WITH_FULL_DATA, MQRO_EXCEPTION_WITH_FULL_DATA
66:
Default, MQRO_COPY_MSG_ID_TO_CORREL_ID, MQRO_NEW_MSG_ID, MQRO_NONE, MQRO_PAN, MQRO_PASS_CORREL_ID, MQRO_PASS_MSG_ID, MQRO_COA_WITH_FULL_DATA, MQRO_COD_WITH_FULL_DATA, MQRO_EXPIRATION_WITH_DATA, MQRO_EXCEPTION_WITH_FULL_DATA, MQRO_DISCARD_MSG
66:
Default, MQRO_COPY_MSG_ID_TO_CORREL_ID, MQRO_NEW_MSG_ID, MQRO_NONE, MQRO_COD_WITH_DATA
&lt;null&gt;
67:
Default, MQRO_COPY_MSG_ID_TO_CORREL_ID, MQRO_NEW_MSG_ID, MQRO_NONE, MQRO_PAN, MQRO_NAN, MQRO_PASS_CORREL_ID, MQRO_PASS_MSG_ID, MQRO_COA_WITH_DATA, MQRO_COD_WITH_DATA, MQRO_EXPIRATION_WITH_FULL_DATA, MQRO_EXCEPTION_WITH_FULL_DATA, MQRO_DISCARD_MSG
67:
Default, MQRO_COPY_MSG_ID_TO_CORREL_ID, MQRO_NEW_MSG_ID, MQRO_NONE, MQRO_PAN, MQRO_PASS_CORREL_ID, MQRO_COA_WITH_FULL_DATA, MQRO_COD_WITH_DATA, MQRO_EXCEPTION_WITH_DATA, MQRO_DISCARD_MSG
&lt;null&gt;
68:
Default, MQRO_COPY_MSG_ID_TO_CORREL_ID, MQRO_NEW_MSG_ID, MQRO_NONE, MQRO_NAN, MQRO_PASS_CORREL_ID, MQRO_COA_WITH_DATA, MQRO_COD_WITH_FULL_DATA, MQRO_EXPIRATION_WITH_FULL_DATA, MQRO_EXCEPTION_WITH_FULL_DATA, MQRO_DISCARD_MSG
&lt;null&gt;
69:
Default, MQRO_COPY_MSG_ID_TO_CORREL_ID, MQRO_NEW_MSG_ID, MQRO_NONE, MQRO_PAN, MQRO_NAN, MQRO_EXCEPTION_WITH_FULL_DATA
&lt;null&gt;
70:
Default, MQRO_COPY_MSG_ID_TO_CORREL_ID, MQRO_NEW_MSG_ID, MQRO_NONE, MQRO_NAN, MQRO_PASS_CORREL_ID, MQRO_PASS_MSG_ID, MQRO_COA_WITH_FULL_DATA, MQRO_COD_WITH_FULL_DATA, MQRO_EXPIRATION_WITH_FULL_DATA, MQRO_EXCEPTION_WITH_FULL_DATA, MQRO_DISCARD_MSG
70:
Default, MQRO_COPY_MSG_ID_TO_CORREL_ID, MQRO_NEW_MSG_ID, MQRO_NONE, MQRO_PAN, MQRO_NAN, MQRO_PASS_CORREL_ID, MQRO_PASS_MSG_ID, MQRO_COA_WITH_FULL_DATA, MQRO_COD_WITH_DATA, MQRO_EXPIRATION_WITH_FULL_DATA, MQRO_EXCEPTION_WITH_FULL_DATA, MQRO_DISCARD_MSG
70:
Default, MQRO_COPY_MSG_ID_TO_CORREL_ID, MQRO_NEW_MSG_ID, MQRO_NONE, MQRO_PAN, MQRO_NAN, MQRO_PASS_CORREL_ID, MQRO_PASS_MSG_ID, MQRO_COA_WITH_FULL_DATA, MQRO_COD_WITH_FULL_DATA, MQRO_EXPIRATION_WITH_FULL_DATA, MQRO_EXCEPTION_WITH_FULL_DATA, MQRO_DISCARD_MSG
70:
Default, MQRO_COPY_MSG_ID_TO_CORREL_ID, MQRO_NEW_MSG_ID, MQRO_NONE, MQRO_PAN, MQRO_NAN, MQRO_PASS_CORREL_ID, MQRO_PASS_MSG_ID, MQRO_COA_WITH_FULL_DATA, MQRO_COD_WITH_FULL_DATA, MQRO_EXPIRATION_WITH_DATA, MQRO_EXCEPTION_WITH_FULL_DATA, MQRO_DISCARD_MSG
70:
Default, MQRO_COPY_MSG_ID_TO_CORREL_ID, MQRO_NEW_MSG_ID, MQRO_NONE, MQRO_PAN, MQRO_NAN, MQRO_PASS_CORREL_ID, MQRO_PASS_MSG_ID, MQRO_COA_WITH_FULL_DATA, MQRO_COD_WITH_FULL_DATA, MQRO_EXPIRATION_WITH_FULL_DATA, MQRO_EXCEPTION_WITH_FULL_DATA, MQRO_DISCARD_MSG
70:
Default, MQRO_COPY_MSG_ID_TO_CORREL_ID, MQRO_NEW_MSG_ID, MQRO_NONE, MQRO_EXCEPTION_WITH_DATA
&lt;null&gt;
71:
Default, MQRO_COPY_MSG_ID_TO_CORREL_ID, MQRO_NEW_MSG_ID, MQRO_NONE, MQRO_PAN, MQRO_NAN, MQRO_PASS_CORREL_ID, MQRO_PASS_MSG_ID, MQRO_COA_WITH_FULL_DATA, MQRO_COD_WITH_FULL_DATA, MQRO_EXPIRATION_WITH_DATA, MQRO_EXCEPTION_WITH_FULL_DATA, MQRO_DISCARD_MSG
71:
Default, MQRO_COPY_MSG_ID_TO_CORREL_ID, MQRO_NEW_MSG_ID, MQRO_NONE, MQRO_PAN, MQRO_NAN, MQRO_PASS_CORREL_ID, MQRO_PASS_MSG_ID, MQRO_COA_WITH_FULL_DATA, MQRO_COD_WITH_FULL_DATA, MQRO_EXPIRATION_WITH_FULL_DATA, MQRO_EXCEPTION_WITH_FULL_DATA
71:
Default, MQRO_COPY_MSG_ID_TO_CORREL_ID, MQRO_NEW_MSG_ID, MQRO_NONE, MQRO_PAN, MQRO_NAN, MQRO_PASS_CORREL_ID, MQRO_PASS_MSG_ID, MQRO_COA_WITH_FULL_DATA, MQRO_COD_WITH_FULL_DATA, MQRO_EXPIRATION_WITH_FULL_DATA, MQRO_EXCEPTION_WITH_FULL_DATA, MQRO_DISCARD_MSG
71:
Default, MQRO_COPY_MSG_ID_TO_CORREL_ID, MQRO_NEW_MSG_ID, MQRO_NONE, MQRO_NAN, MQRO_PASS_CORREL_ID, MQRO_COA_WITH_FULL_DATA, MQRO_COD_WITH_FULL_DATA, MQRO_EXPIRATION_WITH_FULL_DATA, MQRO_EXCEPTION_WITH_FULL_DATA
&lt;null&gt;
72:
Default, MQRO_COPY_MSG_ID_TO_CORREL_ID, MQRO_NEW_MSG_ID, MQRO_NONE, MQRO_PAN, MQRO_NAN, MQRO_PASS_CORREL_ID, MQRO_COA_WITH_FULL_DATA
&lt;null&gt;
73:
Default, MQRO_COPY_MSG_ID_TO_CORREL_ID, MQRO_NEW_MSG_ID, MQRO_NONE, MQRO_PAN, MQRO_NAN, MQRO_PASS_CORREL_ID, MQRO_PASS_MSG_ID, MQRO_COA_WITH_FULL_DATA, MQRO_COD_WITH_FULL_DATA, MQRO_EXPIRATION_WITH_FULL_DATA, MQRO_EXCEPTION_WITH_FULL_DATA, MQRO_DISCARD_MSG
73:
Default, MQRO_COPY_MSG_ID_TO_CORREL_ID, MQRO_NEW_MSG_ID, MQRO_NONE, MQRO_PAN, MQRO_NAN, MQRO_PASS_CORREL_ID, MQRO_PASS_MSG_ID, MQRO_COA_WITH_FULL_DATA, MQRO_COD_WITH_FULL_DATA, MQRO_EXPIRATION_WITH_DATA, MQRO_EXCEPTION_WITH_DATA, MQRO_DISCARD_MSG
73:
Default, MQRO_COPY_MSG_ID_TO_CORREL_ID, MQRO_NEW_MSG_ID, MQRO_NONE, MQRO_COA_WITH_FULL_DATA, MQRO_COD
&lt;null&gt;
74:
Default, MQRO_COPY_MSG_ID_TO_CORREL_ID, MQRO_NEW_MSG_ID, MQRO_NONE, MQRO_PAN, MQRO_PASS_MSG_ID, MQRO_COA_WITH_DATA, MQRO_COD_WITH_FULL_DATA, MQRO_EXPIRATION_WITH_DATA, MQRO_EXCEPTION_WITH_FULL_DATA, MQRO_DISCARD_MSG
74:
Default, MQRO_COPY_MSG_ID_TO_CORREL_ID, MQRO_NEW_MSG_ID, MQRO_NONE, MQRO_COA_WITH_DATA, MQRO_EXCEPTION_WITH_DATA
&lt;null&gt;
75:
Default, MQRO_COPY_MSG_ID_TO_CORREL_ID, MQRO_NEW_MSG_ID, MQRO_NONE, MQRO_PAN, MQRO_NAN, MQRO_PASS_CORREL_ID, MQRO_PASS_MSG_ID, MQRO_COA_WITH_FULL_DATA, MQRO_COD_WITH_FULL_DATA, MQRO_EXPIRATION_WITH_DATA, MQRO_EXCEPTION_WITH_DATA, MQRO_DISCARD_MSG
75:
Default, MQRO_COPY_MSG_ID_TO_CORREL_ID, MQRO_NEW_MSG_ID, MQRO_NONE, MQRO_PAN, MQRO_PASS_CORREL_ID, MQRO_COA_WITH_DATA, MQRO_COD_WITH_DATA, MQRO_EXPIRATION_WITH_FULL_DATA, MQRO_EXCEPTION_WITH_FULL_DATA, MQRO_DISCARD_MSG
&lt;null&gt;
76:
Default, MQRO_COPY_MSG_ID_TO_CORREL_ID, MQRO_NEW_MSG_ID, MQRO_NONE, MQRO_PAN, MQRO_NAN, MQRO_PASS_CORREL_ID, MQRO_PASS_MSG_ID, MQRO_COA_WITH_FULL_DATA, MQRO_COD_WITH_FULL_DATA, MQRO_EXPIRATION_WITH_FULL_DATA, MQRO_EXCEPTION_WITH_FULL_DATA, MQRO_DISCARD_MSG
76:
Default, MQRO_COPY_MSG_ID_TO_CORREL_ID, MQRO_NEW_MSG_ID, MQRO_NONE, MQRO_PAN, MQRO_NAN, MQRO_PASS_CORREL_ID, MQRO_COA_WITH_FULL_DATA, MQRO_COD_WITH_DATA, MQRO_EXPIRATION_WITH_FULL_DATA, MQRO_EXCEPTION
&lt;null&gt;
77:
Default, MQRO_COPY_MSG_ID_TO_CORREL_ID, MQRO_NEW_MSG_ID, MQRO_NONE, MQRO_NAN, MQRO_PASS_CORREL_ID, MQRO_PASS_MSG_ID, MQRO_COA_WITH_FULL_DATA, MQRO_COD_WITH_FULL_DATA, MQRO_EXPIRATION_WITH_FULL_DATA, MQRO_EXCEPTION_WITH_FULL_DATA
77:
Default, MQRO_COPY_MSG_ID_TO_CORREL_ID, MQRO_NEW_MSG_ID, MQRO_NONE, MQRO_PAN, MQRO_NAN, MQRO_PASS_CORREL_ID, MQRO_PASS_MSG_ID, MQRO_COA_WITH_FULL_DATA, MQRO_COD_WITH_FULL_DATA, MQRO_EXPIRATION_WITH_FULL_DATA, MQRO_EXCEPTION_WITH_FULL_DATA, MQRO_DISCARD_MSG
77:
Default, MQRO_COPY_MSG_ID_TO_CORREL_ID, MQRO_NEW_MSG_ID, MQRO_NONE, MQRO_NAN, MQRO_PASS_CORREL_ID, MQRO_PASS_MSG_ID, MQRO_COA_WITH_FULL_DATA, MQRO_COD_WITH_FULL_DATA, MQRO_EXPIRATION_WITH_FULL_DATA, MQRO_EXCEPTION_WITH_FULL_DATA
77:
Default, MQRO_COPY_MSG_ID_TO_CORREL_ID, MQRO_NEW_MSG_ID, MQRO_NONE, MQRO_COA, MQRO_COD_WITH_DATA, MQRO_EXCEPTION_WITH_FULL_DATA, MQRO_DISCARD_MSG
&lt;null&gt;
78:
Default, MQRO_COPY_MSG_ID_TO_CORREL_ID, MQRO_NEW_MSG_ID, MQRO_NONE, MQRO_NAN, MQRO_PASS_MSG_ID, MQRO_COD, MQRO_EXPIRATION_WITH_DATA, MQRO_EXCEPTION_WITH_FULL_DATA
78:
Default, MQRO_COPY_MSG_ID_TO_CORREL_ID, MQRO_NEW_MSG_ID, MQRO_NONE, MQRO_NAN, MQRO_PASS_CORREL_ID, MQRO_PASS_MSG_ID, MQRO_COA_WITH_DATA, MQRO_COD_WITH_FULL_DATA, MQRO_EXPIRATION_WITH_FULL_DATA, MQRO_EXCEPTION_WITH_FULL_DATA, MQRO_DISCARD_MSG
78:
Default, MQRO_COPY_MSG_ID_TO_CORREL_ID, MQRO_NEW_MSG_ID, MQRO_NONE, MQRO_PAN, MQRO_NAN, MQRO_PASS_CORREL_ID, MQRO_PASS_MSG_ID, MQRO_COA_WITH_FULL_DATA, MQRO_COD_WITH_FULL_DATA, MQRO_EXPIRATION_WITH_FULL_DATA, MQRO_EXCEPTION_WITH_FULL_DATA, MQRO_DISCARD_MSG
78:
Default, MQRO_COPY_MSG_ID_TO_CORREL_ID, MQRO_NEW_MSG_ID, MQRO_NONE, MQRO_PAN, MQRO_PASS_MSG_ID, MQRO_COA_WITH_FULL_DATA, MQRO_COD_WITH_DATA, MQRO_EXCEPTION_WITH_DATA
78:
Default, MQRO_COPY_MSG_ID_TO_CORREL_ID, MQRO_NEW_MSG_ID, MQRO_NONE, MQRO_PAN, MQRO_COD_WITH_DATA
&lt;null&gt;
79:
Default, MQRO_COPY_MSG_ID_TO_CORREL_ID, MQRO_NEW_MSG_ID, MQRO_NONE, MQRO_PAN, MQRO_NAN, MQRO_PASS_CORREL_ID, MQRO_PASS_MSG_ID, MQRO_COA_WITH_FULL_DATA, MQRO_COD_WITH_FULL_DATA, MQRO_EXPIRATION_WITH_FULL_DATA, MQRO_EXCEPTION_WITH_DATA, MQRO_DISCARD_MSG
79:
Default, MQRO_COPY_MSG_ID_TO_CORREL_ID, MQRO_NEW_MSG_ID, MQRO_NONE, MQRO_PASS_MSG_ID, MQRO_COA_WITH_FULL_DATA, MQRO_COD_WITH_FULL_DATA, MQRO_EXPIRATION_WITH_FULL_DATA, MQRO_DISCARD_MSG
79:
Default, MQRO_COPY_MSG_ID_TO_CORREL_ID, MQRO_NEW_MSG_ID, MQRO_NONE, MQRO_PAN, MQRO_PASS_CORREL_ID, MQRO_PASS_MSG_ID, MQRO_COA_WITH_FULL_DATA, MQRO_COD_WITH_DATA, MQRO_EXPIRATION_WITH_FULL_DATA, MQRO_EXCEPTION_WITH_FULL_DATA, MQRO_DISCARD_MSG
79:
Default, MQRO_COPY_MSG_ID_TO_CORREL_ID, MQRO_NEW_MSG_ID, MQRO_NONE, MQRO_PAN, MQRO_NAN, MQRO_PASS_CORREL_ID, MQRO_PASS_MSG_ID, MQRO_COA_WITH_FULL_DATA, MQRO_COD_WITH_FULL_DATA, MQRO_EXPIRATION_WITH_FULL_DATA, MQRO_EXCEPTION_WITH_FULL_DATA, MQRO_DISCARD_MSG
79:
Default, MQRO_COPY_MSG_ID_TO_CORREL_ID, MQRO_NEW_MSG_ID, MQRO_NONE, MQRO_NAN, MQRO_PASS_MSG_ID, MQRO_COA_WITH_FULL_DATA, MQRO_COD_WITH_FULL_DATA, MQRO_EXPIRATION_WITH_FULL_DATA, MQRO_EXCEPTION_WITH_FULL_DATA
79:
Default, MQRO_COPY_MSG_ID_TO_CORREL_ID, MQRO_NEW_MSG_ID, MQRO_NONE, MQRO_PAN, MQRO_NAN, MQRO_PASS_CORREL_ID, MQRO_PASS_MSG_ID, MQRO_COA_WITH_FULL_DATA, MQRO_COD_WITH_FULL_DATA, MQRO_EXPIRATION_WITH_FULL_DATA, MQRO_EXCEPTION_WITH_FULL_DATA, MQRO_DISCARD_MSG
79:
Default, MQRO_COPY_MSG_ID_TO_CORREL_ID, MQRO_NEW_MSG_ID, MQRO_NONE, MQRO_PASS_MSG_ID, MQRO_COA_WITH_FULL_DATA, MQRO_COD_WITH_FULL_DATA, MQRO_EXPIRATION_WITH_DATA, MQRO_EXCEPTION
79:
Default, MQRO_COPY_MSG_ID_TO_CORREL_ID, MQRO_NEW_MSG_ID, MQRO_NONE, MQRO_PAN, MQRO_NAN, MQRO_PASS_CORREL_ID, MQRO_COA_WITH_DATA, MQRO_COD_WITH_FULL_DATA, MQRO_EXPIRATION_WITH_FULL_DATA, MQRO_EXCEPTION_WITH_FULL_DATA, MQRO_DISCARD_MSG
&lt;null&gt;
80:
Default, MQRO_COPY_MSG_ID_TO_CORREL_ID, MQRO_NEW_MSG_ID, MQRO_NONE, MQRO_PAN, MQRO_NAN, MQRO_PASS_CORREL_ID, MQRO_PASS_MSG_ID, MQRO_COA_WITH_FULL_DATA, MQRO_COD_WITH_FULL_DATA, MQRO_EXPIRATION_WITH_FULL_DATA, MQRO_EXCEPTION_WITH_FULL_DATA, MQRO_DISCARD_MSG
80:
Default, MQRO_COPY_MSG_ID_TO_CORREL_ID, MQRO_NEW_MSG_ID, MQRO_NONE, MQRO_PAN, MQRO_NAN, MQRO_PASS_CORREL_ID, MQRO_PASS_MSG_ID, MQRO_COA_WITH_FULL_DATA, MQRO_COD_WITH_FULL_DATA, MQRO_EXPIRATION_WITH_FULL_DATA, MQRO_EXCEPTION_WITH_FULL_DATA
80:
Default, MQRO_COPY_MSG_ID_TO_CORREL_ID, MQRO_NEW_MSG_ID, MQRO_NONE, MQRO_PASS_MSG_ID, MQRO_COA_WITH_FULL_DATA, MQRO_COD_WITH_DATA, MQRO_EXPIRATION_WITH_FULL_DATA, MQRO_EXCEPTION_WITH_FULL_DATA
80:
Default, MQRO_COPY_MSG_ID_TO_CORREL_ID, MQRO_NEW_MSG_ID, MQRO_NONE, MQRO_PAN, MQRO_NAN, MQRO_PASS_CORREL_ID, MQRO_PASS_MSG_ID, MQRO_COA_WITH_FULL_DATA, MQRO_COD_WITH_FULL_DATA, MQRO_EXPIRATION_WITH_FULL_DATA, MQRO_EXCEPTION_WITH_FULL_DATA, MQRO_DISCARD_MSG
80:
Default, MQRO_COPY_MSG_ID_TO_CORREL_ID, MQRO_NEW_MSG_ID, MQRO_NONE, MQRO_PASS_MSG_ID
80:
Default, MQRO_COPY_MSG_ID_TO_CORREL_ID, MQRO_NEW_MSG_ID, MQRO_NONE, MQRO_NAN, MQRO_PASS_CORREL_ID, MQRO_COA_WITH_DATA, MQRO_COD_WITH_DATA, MQRO_EXPIRATION_WITH_FULL_DATA, MQRO_EXCEPTION_WITH_FULL_DATA, MQRO_DISCARD_MSG
&lt;null&gt;
81:
Default, MQRO_COPY_MSG_ID_TO_CORREL_ID, MQRO_NEW_MSG_ID, MQRO_NONE, MQRO_PAN, MQRO_PASS_CORREL_ID, MQRO_PASS_MSG_ID, MQRO_COA_WITH_FULL_DATA, MQRO_COD_WITH_FULL_DATA, MQRO_EXPIRATION_WITH_FULL_DATA, MQRO_EXCEPTION_WITH_FULL_DATA, MQRO_DISCARD_MSG
81:
Default, MQRO_COPY_MSG_ID_TO_CORREL_ID, MQRO_NEW_MSG_ID, MQRO_NONE, MQRO_COA_WITH_DATA, MQRO_COD_WITH_FULL_DATA
&lt;null&gt;
82:
Default, MQRO_COPY_MSG_ID_TO_CORREL_ID, MQRO_NEW_MSG_ID, MQRO_NONE, MQRO_PAN, MQRO_NAN, MQRO_PASS_CORREL_ID, MQRO_PASS_MSG_ID, MQRO_COA_WITH_FULL_DATA, MQRO_COD_WITH_FULL_DATA, MQRO_EXPIRATION_WITH_FULL_DATA, MQRO_EXCEPTION_WITH_FULL_DATA, MQRO_DISCARD_MSG
82:
Default, MQRO_COPY_MSG_ID_TO_CORREL_ID, MQRO_NEW_MSG_ID, MQRO_NONE, MQRO_EXCEPTION_WITH_DATA
&lt;null&gt;
83:
Default, MQRO_COPY_MSG_ID_TO_CORREL_ID, MQRO_NEW_MSG_ID, MQRO_NONE, MQRO_PAN, MQRO_NAN, MQRO_PASS_CORREL_ID, MQRO_COA_WITH_FULL_DATA, MQRO_COD_WITH_FULL_DATA, MQRO_EXPIRATION_WITH_FULL_DATA, MQRO_EXCEPTION_WITH_FULL_DATA, MQRO_DISCARD_MSG
&lt;null&gt;
84:
Default, MQRO_COPY_MSG_ID_TO_CORREL_ID, MQRO_NEW_MSG_ID, MQRO_NONE, MQRO_PAN, MQRO_NAN, MQRO_PASS_CORREL_ID, MQRO_PASS_MSG_ID, MQRO_COA_WITH_FULL_DATA, MQRO_COD_WITH_FULL_DATA, MQRO_EXPIRATION_WITH_FULL_DATA, MQRO_EXCEPTION_WITH_FULL_DATA, MQRO_DISCARD_MSG
84:
Default, MQRO_COPY_MSG_ID_TO_CORREL_ID, MQRO_NEW_MSG_ID, MQRO_NONE, MQRO_PAN, MQRO_PASS_MSG_ID, MQRO_COD_WITH_DATA, MQRO_EXPIRATION_WITH_DATA, MQRO_EXCEPTION_WITH_DATA
84:
Default, MQRO_COPY_MSG_ID_TO_CORREL_ID, MQRO_NEW_MSG_ID, MQRO_NONE, MQRO_PAN, MQRO_NAN, MQRO_PASS_CORREL_ID, MQRO_PASS_MSG_ID, MQRO_COA_WITH_FULL_DATA, MQRO_COD_WITH_FULL_DATA, MQRO_EXPIRATION_WITH_FULL_DATA, MQRO_EXCEPTION_WITH_FULL_DATA, MQRO_DISCARD_MSG
84:
Default, MQRO_COPY_MSG_ID_TO_CORREL_ID, MQRO_NEW_MSG_ID, MQRO_NONE, MQRO_PASS_MSG_ID, MQRO_EXCEPTION_WITH_DATA
84:
Default, MQRO_COPY_MSG_ID_TO_CORREL_ID, MQRO_NEW_MSG_ID, MQRO_NONE, MQRO_PAN, MQRO_NAN, MQRO_PASS_CORREL_ID, MQRO_PASS_MSG_ID, MQRO_COA_WITH_FULL_DATA, MQRO_COD_WITH_FULL_DATA, MQRO_EXPIRATION_WITH_FULL_DATA, MQRO_EXCEPTION_WITH_FULL_DATA
84:
Default, MQRO_COPY_MSG_ID_TO_CORREL_ID, MQRO_NEW_MSG_ID, MQRO_NONE, MQRO_PAN, MQRO_NAN, MQRO_PASS_CORREL_ID, MQRO_COA_WITH_DATA, MQRO_COD_WITH_FULL_DATA, MQRO_EXPIRATION_WITH_DATA, MQRO_EXCEPTION_WITH_FULL_DATA, MQRO_DISCARD_MSG
&lt;null&gt;
85:
Default, MQRO_COPY_MSG_ID_TO_CORREL_ID, MQRO_NEW_MSG_ID, MQRO_NONE, MQRO_PAN, MQRO_NAN, MQRO_PASS_CORREL_ID, MQRO_PASS_MSG_ID, MQRO_COA_WITH_FULL_DATA, MQRO_COD_WITH_FULL_DATA, MQRO_EXPIRATION_WITH_FULL_DATA, MQRO_EXCEPTION_WITH_FULL_DATA, MQRO_DISCARD_MSG
85:
Default, MQRO_COPY_MSG_ID_TO_CORREL_ID, MQRO_NEW_MSG_ID, MQRO_NONE, MQRO_PAN, MQRO_NAN, MQRO_PASS_CORREL_ID, MQRO_PASS_MSG_ID, MQRO_COA_WITH_FULL_DATA, MQRO_COD_WITH_FULL_DATA, MQRO_EXPIRATION_WITH_FULL_DATA, MQRO_EXCEPTION_WITH_FULL_DATA, MQRO_DISCARD_MSG
85:
Default, MQRO_COPY_MSG_ID_TO_CORREL_ID, MQRO_NEW_MSG_ID, MQRO_NONE, MQRO_PAN, MQRO_NAN, MQRO_PASS_CORREL_ID, MQRO_PASS_MSG_ID, MQRO_COA_WITH_FULL_DATA, MQRO_COD_WITH_FULL_DATA, MQRO_EXPIRATION_WITH_FULL_DATA, MQRO_EXCEPTION_WITH_FULL_DATA, MQRO_DISCARD_MSG
85:
Default, MQRO_COPY_MSG_ID_TO_CORREL_ID, MQRO_NEW_MSG_ID, MQRO_NONE, MQRO_PAN, MQRO_PASS_MSG_ID, MQRO_COA_WITH_FULL_DATA, MQRO_COD_WITH_FULL_DATA, MQRO_EXPIRATION_WITH_FULL_DATA, MQRO_EXCEPTION_WITH_FULL_DATA
85:
Default, MQRO_COPY_MSG_ID_TO_CORREL_ID, MQRO_NEW_MSG_ID, MQRO_NONE, MQRO_PAN, MQRO_NAN, MQRO_PASS_CORREL_ID, MQRO_PASS_MSG_ID, MQRO_COA_WITH_FULL_DATA, MQRO_COD_WITH_DATA, MQRO_EXPIRATION_WITH_DATA, MQRO_EXCEPTION_WITH_DATA, MQRO_DISCARD_MSG
85:
Default, MQRO_COPY_MSG_ID_TO_CORREL_ID, MQRO_NEW_MSG_ID, MQRO_NONE, MQRO_NAN, MQRO_PASS_CORREL_ID, MQRO_COA, MQRO_COD_WITH_FULL_DATA, MQRO_EXPIRATION_WITH_FULL_DATA, MQRO_EXCEPTION_WITH_FULL_DATA, MQRO_DISCARD_MSG
&lt;null&gt;
86:
Default, MQRO_COPY_MSG_ID_TO_CORREL_ID, MQRO_NEW_MSG_ID, MQRO_NONE, MQRO_PAN, MQRO_NAN, MQRO_PASS_CORREL_ID, MQRO_PASS_MSG_ID, MQRO_COA_WITH_FULL_DATA, MQRO_COD_WITH_FULL_DATA, MQRO_EXPIRATION_WITH_DATA, MQRO_EXCEPTION_WITH_FULL_DATA, MQRO_DISCARD_MSG
86:
Default, MQRO_COPY_MSG_ID_TO_CORREL_ID, MQRO_NEW_MSG_ID, MQRO_NONE, MQRO_PAN, MQRO_NAN, MQRO_PASS_CORREL_ID, MQRO_PASS_MSG_ID, MQRO_COA_WITH_FULL_DATA, MQRO_COD_WITH_FULL_DATA, MQRO_EXPIRATION_WITH_FULL_DATA, MQRO_EXCEPTION_WITH_FULL_DATA, MQRO_DISCARD_MSG
86:
Default, MQRO_COPY_MSG_ID_TO_CORREL_ID, MQRO_NEW_MSG_ID, MQRO_NONE, MQRO_PAN, MQRO_PASS_MSG_ID, MQRO_COA_WITH_FULL_DATA, MQRO_COD_WITH_FULL_DATA, MQRO_EXPIRATION_WITH_FULL_DATA, MQRO_EXCEPTION_WITH_FULL_DATA
86:
Default, MQRO_COPY_MSG_ID_TO_CORREL_ID, MQRO_NEW_MSG_ID, MQRO_NONE, MQRO_PAN, MQRO_NAN, MQRO_PASS_CORREL_ID, MQRO_PASS_MSG_ID, MQRO_COA_WITH_FULL_DATA, MQRO_COD_WITH_FULL_DATA, MQRO_EXPIRATION_WITH_FULL_DATA, MQRO_EXCEPTION_WITH_FULL_DATA, MQRO_DISCARD_MSG
86:
Default, MQRO_COPY_MSG_ID_TO_CORREL_ID, MQRO_NEW_MSG_ID, MQRO_NONE, MQRO_NAN, MQRO_COA, MQRO_COD_WITH_DATA, MQRO_EXPIRATION_WITH_DATA
&lt;null&gt;
87:
Default, MQRO_COPY_MSG_ID_TO_CORREL_ID, MQRO_NEW_MSG_ID, MQRO_NONE, MQRO_PAN, MQRO_NAN, MQRO_PASS_CORREL_ID, MQRO_PASS_MSG_ID, MQRO_COA_WITH_FULL_DATA, MQRO_COD_WITH_FULL_DATA, MQRO_EXPIRATION_WITH_FULL_DATA, MQRO_EXCEPTION_WITH_FULL_DATA, MQRO_DISCARD_MSG
87:
Default, MQRO_COPY_MSG_ID_TO_CORREL_ID, MQRO_NEW_MSG_ID, MQRO_NONE, MQRO_PAN, MQRO_NAN, MQRO_PASS_CORREL_ID, MQRO_PASS_MSG_ID, MQRO_COA_WITH_FULL_DATA, MQRO_COD_WITH_FULL_DATA, MQRO_EXPIRATION_WITH_FULL_DATA, MQRO_EXCEPTION_WITH_FULL_DATA, MQRO_DISCARD_MSG
87:
MQRO_DEAD_LETTER_Q
&lt;null&gt;
88:
Default, MQRO_COPY_MSG_ID_TO_CORREL_ID, MQRO_NEW_MSG_ID, MQRO_NONE, MQRO_COD_WITH_FULL_DATA, MQRO_EXPIRATION_WITH_FULL_DATA
&lt;null&gt;
89:
Default, MQRO_COPY_MSG_ID_TO_CORREL_ID, MQRO_NEW_MSG_ID, MQRO_NONE, MQRO_PAN, MQRO_NAN, MQRO_PASS_CORREL_ID, MQRO_PASS_MSG_ID, MQRO_COA_WITH_FULL_DATA, MQRO_COD_WITH_FULL_DATA, MQRO_EXPIRATION_WITH_FULL_DATA, MQRO_EXCEPTION_WITH_FULL_DATA, MQRO_DISCARD_MSG
89:
Default, MQRO_COPY_MSG_ID_TO_CORREL_ID, MQRO_NEW_MSG_ID, MQRO_NONE, MQRO_PAN, MQRO_NAN, MQRO_PASS_CORREL_ID, MQRO_PASS_MSG_ID, MQRO_COA_WITH_FULL_DATA, MQRO_COD_WITH_FULL_DATA, MQRO_EXPIRATION_WITH_FULL_DATA, MQRO_EXCEPTION_WITH_FULL_DATA, MQRO_DISCARD_MSG
89:
Default, MQRO_COPY_MSG_ID_TO_CORREL_ID, MQRO_NEW_MSG_ID, MQRO_NONE, MQRO_PAN, MQRO_NAN, MQRO_PASS_CORREL_ID, MQRO_PASS_MSG_ID, MQRO_COA_WITH_FULL_DATA, MQRO_COD_WITH_FULL_DATA, MQRO_EXPIRATION_WITH_FULL_DATA, MQRO_EXCEPTION_WITH_FULL_DATA, MQRO_DISCARD_MSG
89:
Default, MQRO_COPY_MSG_ID_TO_CORREL_ID, MQRO_NEW_MSG_ID, MQRO_NONE, MQRO_PASS_MSG_ID, MQRO_COA, MQRO_EXPIRATION_WITH_DATA
89:
Default, MQRO_COPY_MSG_ID_TO_CORREL_ID, MQRO_NEW_MSG_ID, MQRO_NONE, MQRO_PAN, MQRO_NAN, MQRO_PASS_CORREL_ID, MQRO_PASS_MSG_ID, MQRO_COA_WITH_FULL_DATA, MQRO_COD_WITH_FULL_DATA, MQRO_EXPIRATION_WITH_FULL_DATA, MQRO_EXCEPTION_WITH_FULL_DATA, MQRO_DISCARD_MSG
89:
Default, MQRO_COPY_MSG_ID_TO_CORREL_ID, MQRO_NEW_MSG_ID, MQRO_NONE, MQRO_PAN, MQRO_PASS_CORREL_ID, MQRO_PASS_MSG_ID, MQRO_COA_WITH_FULL_DATA, MQRO_COD_WITH_FULL_DATA, MQRO_EXPIRATION_WITH_FULL_DATA, MQRO_EXCEPTION_WITH_FULL_DATA, MQRO_DISCARD_MSG
89:
Default, MQRO_COPY_MSG_ID_TO_CORREL_ID, MQRO_NEW_MSG_ID, MQRO_NONE, MQRO_PAN, MQRO_NAN, MQRO_PASS_CORREL_ID, MQRO_PASS_MSG_ID, MQRO_COA_WITH_FULL_DATA, MQRO_COD_WITH_FULL_DATA, MQRO_EXPIRATION_WITH_FULL_DATA, MQRO_EXCEPTION_WITH_FULL_DATA, MQRO_DISCARD_MSG
89:
Default, MQRO_COPY_MSG_ID_TO_CORREL_ID, MQRO_NEW_MSG_ID, MQRO_NONE, MQRO_NAN, MQRO_PASS_MSG_ID, MQRO_COA_WITH_FULL_DATA, MQRO_COD_WITH_DATA, MQRO_EXPIRATION_WITH_FULL_DATA, MQRO_EXCEPTION_WITH_FULL_DATA
89:
Default, MQRO_COPY_MSG_ID_TO_CORREL_ID, MQRO_NEW_MSG_ID, MQRO_NONE, MQRO_PAN, MQRO_NAN, MQRO_PASS_CORREL_ID, MQRO_PASS_MSG_ID, MQRO_COA_WITH_FULL_DATA, MQRO_COD_WITH_FULL_DATA, MQRO_EXPIRATION_WITH_FULL_DATA, MQRO_EXCEPTION_WITH_FULL_DATA, MQRO_DISCARD_MSG
89:
Default, MQRO_COPY_MSG_ID_TO_CORREL_ID, MQRO_NEW_MSG_ID, MQRO_NONE, MQRO_PAN, MQRO_NAN, MQRO_PASS_CORREL_ID, MQRO_PASS_MSG_ID, MQRO_COA_WITH_FULL_DATA, MQRO_COD_WITH_FULL_DATA, MQRO_EXPIRATION_WITH_FULL_DATA, MQRO_EXCEPTION_WITH_FULL_DATA, MQRO_DISCARD_MSG
89:
Default, MQRO_COPY_MSG_ID_TO_CORREL_ID, MQRO_NEW_MSG_ID, MQRO_NONE, MQRO_PAN, MQRO_NAN, MQRO_PASS_CORREL_ID, MQRO_COA_WITH_DATA, MQRO_COD_WITH_DATA, MQRO_EXPIRATION_WITH_DATA, MQRO_EXCEPTION_WITH_DATA, MQRO_DISCARD_MSG
&lt;null&gt;
90:
Default, MQRO_COPY_MSG_ID_TO_CORREL_ID, MQRO_NEW_MSG_ID, MQRO_NONE, MQRO_PAN, MQRO_NAN, MQRO_PASS_CORREL_ID, MQRO_PASS_MSG_ID, MQRO_COA_WITH_FULL_DATA, MQRO_COD_WITH_FULL_DATA, MQRO_EXPIRATION_WITH_FULL_DATA, MQRO_EXCEPTION_WITH_FULL_DATA, MQRO_DISCARD_MSG
90:
Default, MQRO_COPY_MSG_ID_TO_CORREL_ID, MQRO_NEW_MSG_ID, MQRO_NONE, MQRO_PAN, MQRO_NAN, MQRO_PASS_CORREL_ID, MQRO_PASS_MSG_ID, MQRO_COA_WITH_FULL_DATA, MQRO_COD_WITH_DATA, MQRO_EXPIRATION_WITH_FULL_DATA, MQRO_EXCEPTION_WITH_FULL_DATA, MQRO_DISCARD_MSG
90:
Default, MQRO_COPY_MSG_ID_TO_CORREL_ID, MQRO_NEW_MSG_ID, MQRO_NONE, MQRO_NAN, MQRO_PASS_CORREL_ID, MQRO_PASS_MSG_ID, MQRO_COA_WITH_FULL_DATA, MQRO_COD_WITH_FULL_DATA, MQRO_EXPIRATION_WITH_FULL_DATA, MQRO_EXCEPTION_WITH_FULL_DATA
90:
Default, MQRO_COPY_MSG_ID_TO_CORREL_ID, MQRO_NEW_MSG_ID, MQRO_NONE, MQRO_PAN, MQRO_NAN, MQRO_PASS_CORREL_ID, MQRO_PASS_MSG_ID, MQRO_COA_WITH_FULL_DATA, MQRO_COD_WITH_FULL_DATA, MQRO_EXPIRATION_WITH_FULL_DATA, MQRO_EXCEPTION_WITH_FULL_DATA, MQRO_DISCARD_MSG
90:
Default, MQRO_COPY_MSG_ID_TO_CORREL_ID, MQRO_NEW_MSG_ID, MQRO_NONE, MQRO_PAN, MQRO_COA_WITH_FULL_DATA, MQRO_COD_WITH_FULL_DATA, MQRO_EXPIRATION_WITH_DATA, MQRO_EXCEPTION, MQRO_DISCARD_MSG
&lt;null&gt;
91:
Default, MQRO_COPY_MSG_ID_TO_CORREL_ID, MQRO_NEW_MSG_ID, MQRO_NONE, MQRO_PAN, MQRO_NAN, MQRO_PASS_CORREL_ID, MQRO_PASS_MSG_ID, MQRO_COA_WITH_FULL_DATA, MQRO_COD_WITH_FULL_DATA, MQRO_EXPIRATION_WITH_FULL_DATA, MQRO_EXCEPTION_WITH_FULL_DATA, MQRO_DISCARD_MSG
91:
Default, MQRO_COPY_MSG_ID_TO_CORREL_ID, MQRO_NEW_MSG_ID, MQRO_NONE, MQRO_PASS_MSG_ID, MQRO_COA_WITH_FULL_DATA, MQRO_COD_WITH_FULL_DATA, MQRO_EXPIRATION_WITH_DATA, MQRO_EXCEPTION_WITH_FULL_DATA, MQRO_DISCARD_MSG
91:
Default, MQRO_COPY_MSG_ID_TO_CORREL_ID, MQRO_NEW_MSG_ID, MQRO_NONE, MQRO_NAN, MQRO_PASS_CORREL_ID, MQRO_PASS_MSG_ID, MQRO_COA_WITH_FULL_DATA, MQRO_COD_WITH_FULL_DATA, MQRO_EXPIRATION_WITH_FULL_DATA, MQRO_EXCEPTION_WITH_FULL_DATA, MQRO_DISCARD_MSG
91:
Default, MQRO_COPY_MSG_ID_TO_CORREL_ID, MQRO_NEW_MSG_ID, MQRO_NONE, MQRO_EXCEPTION_WITH_FULL_DATA
&lt;null&gt;
92:
Default, MQRO_COPY_MSG_ID_TO_CORREL_ID, MQRO_NEW_MSG_ID, MQRO_NONE, MQRO_NAN, MQRO_COD_WITH_FULL_DATA, MQRO_EXPIRATION_WITH_DATA, MQRO_EXCEPTION
&lt;null&gt;
93:
Default, MQRO_COPY_MSG_ID_TO_CORREL_ID, MQRO_NEW_MSG_ID, MQRO_NONE, MQRO_PAN, MQRO_NAN, MQRO_PASS_CORREL_ID, MQRO_PASS_MSG_ID, MQRO_COA_WITH_FULL_DATA, MQRO_COD_WITH_FULL_DATA, MQRO_EXPIRATION_WITH_FULL_DATA, MQRO_EXCEPTION_WITH_FULL_DATA, MQRO_DISCARD_MSG
93:
Default, MQRO_COPY_MSG_ID_TO_CORREL_ID, MQRO_NEW_MSG_ID, MQRO_NONE, MQRO_PAN, MQRO_NAN, MQRO_PASS_CORREL_ID, MQRO_PASS_MSG_ID, MQRO_COA_WITH_FULL_DATA, MQRO_COD_WITH_FULL_DATA, MQRO_EXPIRATION_WITH_FULL_DATA, MQRO_EXCEPTION_WITH_FULL_DATA, MQRO_DISCARD_MSG
93:
Default, MQRO_COPY_MSG_ID_TO_CORREL_ID, MQRO_NEW_MSG_ID, MQRO_NONE, MQRO_PAN, MQRO_NAN, MQRO_PASS_CORREL_ID, MQRO_PASS_MSG_ID, MQRO_COA_WITH_FULL_DATA, MQRO_COD_WITH_FULL_DATA, MQRO_EXPIRATION_WITH_FULL_DATA, MQRO_EXCEPTION_WITH_FULL_DATA, MQRO_DISCARD_MSG
93:
Default, MQRO_COPY_MSG_ID_TO_CORREL_ID, MQRO_NEW_MSG_ID, MQRO_NONE, MQRO_PAN, MQRO_NAN, MQRO_PASS_CORREL_ID, MQRO_PASS_MSG_ID, MQRO_COA_WITH_FULL_DATA, MQRO_COD_WITH_DATA, MQRO_EXPIRATION_WITH_DATA, MQRO_EXCEPTION_WITH_DATA, MQRO_DISCARD_MSG
93:
Default, MQRO_COPY_MSG_ID_TO_CORREL_ID, MQRO_NEW_MSG_ID, MQRO_NONE, MQRO_PAN, MQRO_NAN, MQRO_PASS_MSG_ID, MQRO_COA_WITH_FULL_DATA, MQRO_COD_WITH_FULL_DATA, MQRO_EXPIRATION_WITH_FULL_DATA, MQRO_EXCEPTION_WITH_FULL_DATA
93:
Default, MQRO_COPY_MSG_ID_TO_CORREL_ID, MQRO_NEW_MSG_ID, MQRO_NONE, MQRO_NAN, MQRO_COA_WITH_FULL_DATA, MQRO_COD, MQRO_EXCEPTION_WITH_FULL_DATA
&lt;null&gt;
94:
Default, MQRO_COPY_MSG_ID_TO_CORREL_ID, MQRO_NEW_MSG_ID, MQRO_NONE, MQRO_PAN, MQRO_NAN, MQRO_PASS_CORREL_ID, MQRO_PASS_MSG_ID, MQRO_COA_WITH_FULL_DATA, MQRO_COD_WITH_FULL_DATA, MQRO_EXPIRATION_WITH_FULL_DATA, MQRO_EXCEPTION_WITH_FULL_DATA, MQRO_DISCARD_MSG
94:
Default, MQRO_COPY_MSG_ID_TO_CORREL_ID, MQRO_NEW_MSG_ID, MQRO_NONE, MQRO_PAN, MQRO_NAN, MQRO_PASS_MSG_ID, MQRO_COA_WITH_FULL_DATA, MQRO_COD_WITH_FULL_DATA, MQRO_EXPIRATION_WITH_FULL_DATA, MQRO_EXCEPTION_WITH_DATA, MQRO_DISCARD_MSG
94:
Default, MQRO_COPY_MSG_ID_TO_CORREL_ID, MQRO_NEW_MSG_ID, MQRO_NONE, MQRO_EXPIRATION, MQRO_EXCEPTION, MQRO_DISCARD_MSG
&lt;null&gt;
95:
Default, MQRO_COPY_MSG_ID_TO_CORREL_ID, MQRO_NEW_MSG_ID, MQRO_NONE, MQRO_PAN, MQRO_NAN, MQRO_PASS_CORREL_ID, MQRO_PASS_MSG_ID, MQRO_COA_WITH_FULL_DATA, MQRO_COD_WITH_FULL_DATA, MQRO_EXPIRATION_WITH_FULL_DATA, MQRO_EXCEPTION_WITH_DATA, MQRO_DISCARD_MSG
95:
Default, MQRO_COPY_MSG_ID_TO_CORREL_ID, MQRO_NEW_MSG_ID, MQRO_NONE, MQRO_PAN, MQRO_NAN, MQRO_PASS_CORREL_ID, MQRO_PASS_MSG_ID, MQRO_COA_WITH_FULL_DATA, MQRO_COD_WITH_DATA, MQRO_EXPIRATION_WITH_DATA, MQRO_EXCEPTION_WITH_DATA, MQRO_DISCARD_MSG
95:
Default, MQRO_COPY_MSG_ID_TO_CORREL_ID, MQRO_NEW_MSG_ID, MQRO_NONE, MQRO_PAN, MQRO_NAN, MQRO_PASS_CORREL_ID, MQRO_PASS_MSG_ID, MQRO_COA_WITH_FULL_DATA, MQRO_COD_WITH_FULL_DATA, MQRO_EXPIRATION_WITH_FULL_DATA, MQRO_EXCEPTION_WITH_FULL_DATA, MQRO_DISCARD_MSG
95:
Default, MQRO_COPY_MSG_ID_TO_CORREL_ID, MQRO_NEW_MSG_ID, MQRO_NONE, MQRO_PAN, MQRO_NAN, MQRO_PASS_MSG_ID, MQRO_COA_WITH_FULL_DATA, MQRO_COD_WITH_FULL_DATA, MQRO_EXPIRATION_WITH_FULL_DATA, MQRO_EXCEPTION_WITH_FULL_DATA, MQRO_DISCARD_MSG
95:
Default, MQRO_COPY_MSG_ID_TO_CORREL_ID, MQRO_NEW_MSG_ID, MQRO_NONE, MQRO_COA_WITH_FULL_DATA, MQRO_EXCEPTION_WITH_FULL_DATA
&lt;null&gt;
96:
Default, MQRO_COPY_MSG_ID_TO_CORREL_ID, MQRO_NEW_MSG_ID, MQRO_NONE, MQRO_NAN, MQRO_PASS_MSG_ID, MQRO_COA_WITH_FULL_DATA, MQRO_COD_WITH_DATA, MQRO_EXPIRATION_WITH_FULL_DATA, MQRO_EXCEPTION_WITH_FULL_DATA, MQRO_DISCARD_MSG
96:
Default, MQRO_COPY_MSG_ID_TO_CORREL_ID, MQRO_NEW_MSG_ID, MQRO_NONE, MQRO_NAN, MQRO_PASS_CORREL_ID, MQRO_COA_WITH_DATA, MQRO_COD_WITH_DATA, MQRO_EXPIRATION_WITH_FULL_DATA, MQRO_EXCEPTION_WITH_FULL_DATA, MQRO_DISCARD_MSG
&lt;null&gt;
97:
Default, MQRO_COPY_MSG_ID_TO_CORREL_ID, MQRO_NEW_MSG_ID, MQRO_NONE, MQRO_PAN, MQRO_NAN, MQRO_PASS_CORREL_ID, MQRO_PASS_MSG_ID, MQRO_COA_WITH_DATA, MQRO_EXPIRATION_WITH_FULL_DATA, MQRO_EXCEPTION_WITH_FULL_DATA, MQRO_DISCARD_MSG
97:
Default, MQRO_COPY_MSG_ID_TO_CORREL_ID, MQRO_NEW_MSG_ID, MQRO_NONE, MQRO_PAN, MQRO_NAN, MQRO_PASS_CORREL_ID, MQRO_PASS_MSG_ID, MQRO_COA_WITH_FULL_DATA, MQRO_COD_WITH_FULL_DATA, MQRO_EXPIRATION_WITH_FULL_DATA, MQRO_EXCEPTION_WITH_FULL_DATA, MQRO_DISCARD_MSG
97:
Default, MQRO_COPY_MSG_ID_TO_CORREL_ID, MQRO_NEW_MSG_ID, MQRO_NONE, MQRO_NAN, MQRO_PASS_MSG_ID, MQRO_COD_WITH_FULL_DATA, MQRO_EXPIRATION_WITH_FULL_DATA, MQRO_EXCEPTION_WITH_DATA, MQRO_DISCARD_MSG
97:
Default, MQRO_COPY_MSG_ID_TO_CORREL_ID, MQRO_NEW_MSG_ID, MQRO_NONE, MQRO_EXCEPTION_WITH_DATA
&lt;null&gt;
98:
Default, MQRO_COPY_MSG_ID_TO_CORREL_ID, MQRO_NEW_MSG_ID, MQRO_NONE, MQRO_PAN, MQRO_NAN, MQRO_PASS_CORREL_ID, MQRO_PASS_MSG_ID, MQRO_COA_WITH_DATA, MQRO_COD_WITH_FULL_DATA, MQRO_EXPIRATION_WITH_FULL_DATA, MQRO_EXCEPTION_WITH_FULL_DATA, MQRO_DISCARD_MSG
98:
Default, MQRO_COPY_MSG_ID_TO_CORREL_ID, MQRO_NEW_MSG_ID, MQRO_NONE, MQRO_PAN, MQRO_NAN, MQRO_PASS_CORREL_ID, MQRO_PASS_MSG_ID, MQRO_COA_WITH_FULL_DATA, MQRO_COD_WITH_FULL_DATA, MQRO_EXPIRATION_WITH_FULL_DATA, MQRO_EXCEPTION_WITH_FULL_DATA, MQRO_DISCARD_MSG
98:
Default, MQRO_COPY_MSG_ID_TO_CORREL_ID, MQRO_NEW_MSG_ID, MQRO_NONE, MQRO_NAN, MQRO_PASS_CORREL_ID, MQRO_PASS_MSG_ID, MQRO_COA_WITH_FULL_DATA, MQRO_COD_WITH_FULL_DATA, MQRO_EXPIRATION_WITH_FULL_DATA, MQRO_EXCEPTION_WITH_FULL_DATA, MQRO_DISCARD_MSG
98:
Default, MQRO_COPY_MSG_ID_TO_CORREL_ID, MQRO_NEW_MSG_ID, MQRO_NONE, MQRO_PAN, MQRO_NAN, MQRO_PASS_CORREL_ID, MQRO_PASS_MSG_ID, MQRO_COA_WITH_FULL_DATA, MQRO_COD_WITH_FULL_DATA, MQRO_EXPIRATION_WITH_FULL_DATA, MQRO_EXCEPTION_WITH_FULL_DATA, MQRO_DISCARD_MSG
98:
Default, MQRO_COPY_MSG_ID_TO_CORREL_ID, MQRO_NEW_MSG_ID, MQRO_NONE, MQRO_PASS_MSG_ID, MQRO_COD, MQRO_EXPIRATION_WITH_DATA
98:
Default, MQRO_COPY_MSG_ID_TO_CORREL_ID, MQRO_NEW_MSG_ID, MQRO_NONE, MQRO_PAN, MQRO_PASS_CORREL_ID, MQRO_PASS_MSG_ID, MQRO_COA_WITH_FULL_DATA, MQRO_COD_WITH_FULL_DATA, MQRO_EXPIRATION_WITH_FULL_DATA, MQRO_EXCEPTION_WITH_FULL_DATA, MQRO_DISCARD_MSG
98:
Default, MQRO_COPY_MSG_ID_TO_CORREL_ID, MQRO_NEW_MSG_ID, MQRO_NONE, MQRO_PAN, MQRO_NAN, MQRO_PASS_CORREL_ID, MQRO_PASS_MSG_ID, MQRO_COA_WITH_FULL_DATA, MQRO_COD_WITH_FULL_DATA, MQRO_EXPIRATION_WITH_FULL_DATA, MQRO_EXCEPTION_WITH_FULL_DATA, MQRO_DISCARD_MSG
98:
Default, MQRO_COPY_MSG_ID_TO_CORREL_ID, MQRO_NEW_MSG_ID, MQRO_NONE, MQRO_NAN, MQRO_COA_WITH_DATA, MQRO_EXCEPTION_WITH_FULL_DATA, MQRO_DISCARD_MSG
&lt;null&gt;
99:
Default, MQRO_COPY_MSG_ID_TO_CORREL_ID, MQRO_NEW_MSG_ID, MQRO_NONE, MQRO_NAN, MQRO_PASS_CORREL_ID, MQRO_PASS_MSG_ID, MQRO_COA_WITH_FULL_DATA, MQRO_COD_WITH_FULL_DATA, MQRO_EXPIRATION_WITH_FULL_DATA, MQRO_EXCEPTION_WITH_FULL_DATA, MQRO_DISCARD_MSG
99:
MQRO_DEAD_LETTER_Q
&lt;null&gt;
Ok, passed 100 tests.</StdOut>
      </Output>
    </UnitTestResult>
    <UnitTestResult executionId="5458fb00-1967-4b25-81e4-349f0ef16cd6" testId="48b2c9a0-3ab7-3a2a-ea34-60c5b83f98e6" testName="ReportMessageId_ForAllReport_Returns128IfInReport" computerName="ICSWS068" duration="00:00:00.0252164" startTime="2016-08-04T09:57:41.0325896+02:00" endTime="2016-08-04T09:57:41.0591164+02:00" testType="13cdc9d9-ddb5-4fa4-a97d-d965ccfc6d4b" outcome="Passed" testListId="8c84fa94-04c1-424b-9868-57a2d4851a1d" relativeResultsDirectory="5458fb00-1967-4b25-81e4-349f0ef16cd6">
      <Output>
        <StdOut>0:
Default, MQRO_COPY_MSG_ID_TO_CORREL_ID, MQRO_NEW_MSG_ID, MQRO_NONE, MQRO_COA_WITH_DATA
0:
Default, MQRO_COPY_MSG_ID_TO_CORREL_ID, MQRO_NEW_MSG_ID, MQRO_NONE, MQRO_COA_WITH_DATA, MQRO_EXPIRATION
0:
Default, MQRO_COPY_MSG_ID_TO_CORREL_ID, MQRO_NEW_MSG_ID, MQRO_NONE, MQRO_NAN
0:
Default, MQRO_COPY_MSG_ID_TO_CORREL_ID, MQRO_NEW_MSG_ID, MQRO_NONE, MQRO_NAN
0:
MQRO_DEAD_LETTER_Q
0:
Default, MQRO_COPY_MSG_ID_TO_CORREL_ID, MQRO_NEW_MSG_ID, MQRO_NONE, MQRO_PASS_MSG_ID, MQRO_EXCEPTION
&lt;null&gt;
1:
MQRO_DEAD_LETTER_Q
1:
MQRO_DEAD_LETTER_Q
1:
Default, MQRO_COPY_MSG_ID_TO_CORREL_ID, MQRO_NEW_MSG_ID, MQRO_NONE, MQRO_NAN, MQRO_PASS_CORREL_ID, MQRO_EXPIRATION, MQRO_EXCEPTION_WITH_FULL_DATA
1:
Default, MQRO_COPY_MSG_ID_TO_CORREL_ID, MQRO_NEW_MSG_ID, MQRO_NONE, MQRO_PASS_CORREL_ID, MQRO_EXPIRATION, MQRO_EXCEPTION_WITH_DATA, MQRO_DISCARD_MSG
1:
Default, MQRO_COPY_MSG_ID_TO_CORREL_ID, MQRO_NEW_MSG_ID, MQRO_NONE, MQRO_COA
1:
Default, MQRO_COPY_MSG_ID_TO_CORREL_ID, MQRO_NEW_MSG_ID, MQRO_NONE, MQRO_PAN, MQRO_NAN, MQRO_COD_WITH_FULL_DATA
1:
MQRO_DEAD_LETTER_Q
1:
Default, MQRO_COPY_MSG_ID_TO_CORREL_ID, MQRO_NEW_MSG_ID, MQRO_NONE, MQRO_PAN
1:
Default, MQRO_COPY_MSG_ID_TO_CORREL_ID, MQRO_NEW_MSG_ID, MQRO_NONE, MQRO_COA_WITH_DATA
1:
Default, MQRO_COPY_MSG_ID_TO_CORREL_ID, MQRO_NEW_MSG_ID, MQRO_NONE, MQRO_EXPIRATION_WITH_DATA
1:
Default, MQRO_COPY_MSG_ID_TO_CORREL_ID, MQRO_NEW_MSG_ID, MQRO_NONE, MQRO_DISCARD_MSG
1:
Default, MQRO_COPY_MSG_ID_TO_CORREL_ID, MQRO_NEW_MSG_ID, MQRO_NONE, MQRO_COD_WITH_DATA
1:
Default, MQRO_COPY_MSG_ID_TO_CORREL_ID, MQRO_NEW_MSG_ID, MQRO_NONE, MQRO_PAN, MQRO_EXCEPTION
1:
Default, MQRO_COPY_MSG_ID_TO_CORREL_ID, MQRO_NEW_MSG_ID, MQRO_NONE, MQRO_PASS_MSG_ID, MQRO_COA, MQRO_EXPIRATION_WITH_FULL_DATA
&lt;null&gt;
2:
Default, MQRO_COPY_MSG_ID_TO_CORREL_ID, MQRO_NEW_MSG_ID, MQRO_NONE, MQRO_COA_WITH_FULL_DATA, MQRO_EXPIRATION
2:
Default, MQRO_COPY_MSG_ID_TO_CORREL_ID, MQRO_NEW_MSG_ID, MQRO_NONE, MQRO_NAN, MQRO_EXPIRATION_WITH_FULL_DATA, MQRO_EXCEPTION_WITH_FULL_DATA
2:
Default, MQRO_COPY_MSG_ID_TO_CORREL_ID, MQRO_NEW_MSG_ID, MQRO_NONE, MQRO_NAN, MQRO_COA_WITH_FULL_DATA, MQRO_COD_WITH_DATA, MQRO_EXPIRATION, MQRO_EXCEPTION_WITH_FULL_DATA
2:
MQRO_DEAD_LETTER_Q
2:
Default, MQRO_COPY_MSG_ID_TO_CORREL_ID, MQRO_NEW_MSG_ID, MQRO_NONE, MQRO_COA_WITH_DATA, MQRO_COD, MQRO_EXPIRATION_WITH_FULL_DATA, MQRO_DISCARD_MSG
2:
MQRO_DEAD_LETTER_Q
2:
Default, MQRO_COPY_MSG_ID_TO_CORREL_ID, MQRO_NEW_MSG_ID, MQRO_NONE, MQRO_NAN, MQRO_PASS_MSG_ID, MQRO_COA_WITH_FULL_DATA, MQRO_COD_WITH_DATA, MQRO_EXPIRATION_WITH_FULL_DATA, MQRO_EXCEPTION_WITH_DATA
&lt;null&gt;
3:
Default, MQRO_COPY_MSG_ID_TO_CORREL_ID, MQRO_NEW_MSG_ID, MQRO_NONE, MQRO_COA, MQRO_EXCEPTION_WITH_FULL_DATA
3:
MQRO_DEAD_LETTER_Q
3:
Default, MQRO_COPY_MSG_ID_TO_CORREL_ID, MQRO_NEW_MSG_ID, MQRO_NONE, MQRO_PASS_CORREL_ID, MQRO_COA_WITH_DATA, MQRO_COD_WITH_DATA, MQRO_EXPIRATION_WITH_DATA, MQRO_EXCEPTION_WITH_FULL_DATA, MQRO_DISCARD_MSG
3:
MQRO_DEAD_LETTER_Q
3:
Default, MQRO_COPY_MSG_ID_TO_CORREL_ID, MQRO_NEW_MSG_ID, MQRO_NONE, MQRO_COA_WITH_DATA, MQRO_EXCEPTION_WITH_DATA
3:
Default, MQRO_COPY_MSG_ID_TO_CORREL_ID, MQRO_NEW_MSG_ID, MQRO_NONE, MQRO_NAN, MQRO_PASS_CORREL_ID, MQRO_PASS_MSG_ID, MQRO_COA_WITH_FULL_DATA, MQRO_COD_WITH_DATA, MQRO_EXPIRATION_WITH_FULL_DATA, MQRO_EXCEPTION_WITH_FULL_DATA, MQRO_DISCARD_MSG
&lt;null&gt;
4:
Default, MQRO_COPY_MSG_ID_TO_CORREL_ID, MQRO_NEW_MSG_ID, MQRO_NONE, MQRO_PAN, MQRO_NAN, MQRO_EXCEPTION_WITH_FULL_DATA
4:
Default, MQRO_COPY_MSG_ID_TO_CORREL_ID, MQRO_NEW_MSG_ID, MQRO_NONE, MQRO_COA, MQRO_COD_WITH_FULL_DATA, MQRO_EXCEPTION, MQRO_DISCARD_MSG
4:
Default, MQRO_COPY_MSG_ID_TO_CORREL_ID, MQRO_NEW_MSG_ID, MQRO_NONE, MQRO_EXCEPTION_WITH_DATA
4:
Default, MQRO_COPY_MSG_ID_TO_CORREL_ID, MQRO_NEW_MSG_ID, MQRO_NONE, MQRO_PAN, MQRO_PASS_CORREL_ID, MQRO_PASS_MSG_ID, MQRO_COD_WITH_DATA, MQRO_EXPIRATION_WITH_DATA, MQRO_EXCEPTION_WITH_FULL_DATA
&lt;null&gt;
5:
Default, MQRO_COPY_MSG_ID_TO_CORREL_ID, MQRO_NEW_MSG_ID, MQRO_NONE, MQRO_COA_WITH_DATA, MQRO_EXPIRATION, MQRO_EXCEPTION
5:
MQRO_DEAD_LETTER_Q
5:
Default, MQRO_COPY_MSG_ID_TO_CORREL_ID, MQRO_NEW_MSG_ID, MQRO_NONE, MQRO_PASS_CORREL_ID, MQRO_PASS_MSG_ID, MQRO_COA_WITH_FULL_DATA, MQRO_COD, MQRO_EXPIRATION_WITH_FULL_DATA, MQRO_EXCEPTION
&lt;null&gt;
6:
MQRO_DEAD_LETTER_Q
6:
Default, MQRO_COPY_MSG_ID_TO_CORREL_ID, MQRO_NEW_MSG_ID, MQRO_NONE, MQRO_PAN, MQRO_NAN, MQRO_PASS_MSG_ID, MQRO_COA_WITH_FULL_DATA, MQRO_COD_WITH_FULL_DATA, MQRO_EXPIRATION_WITH_DATA, MQRO_EXCEPTION_WITH_DATA, MQRO_DISCARD_MSG
&lt;null&gt;
7:
MQRO_DEAD_LETTER_Q
7:
MQRO_DEAD_LETTER_Q
7:
Default, MQRO_COPY_MSG_ID_TO_CORREL_ID, MQRO_NEW_MSG_ID, MQRO_NONE, MQRO_COA_WITH_DATA, MQRO_EXCEPTION
7:
Default, MQRO_COPY_MSG_ID_TO_CORREL_ID, MQRO_NEW_MSG_ID, MQRO_NONE, MQRO_NAN, MQRO_PASS_CORREL_ID, MQRO_COD_WITH_DATA, MQRO_DISCARD_MSG
7:
Default, MQRO_COPY_MSG_ID_TO_CORREL_ID, MQRO_NEW_MSG_ID, MQRO_NONE, MQRO_PASS_MSG_ID, MQRO_COA_WITH_DATA, MQRO_COD_WITH_FULL_DATA, MQRO_EXPIRATION_WITH_DATA, MQRO_EXCEPTION, MQRO_DISCARD_MSG
&lt;null&gt;
8:
Default, MQRO_COPY_MSG_ID_TO_CORREL_ID, MQRO_NEW_MSG_ID, MQRO_NONE, MQRO_PASS_CORREL_ID, MQRO_EXCEPTION_WITH_FULL_DATA
8:
Default, MQRO_COPY_MSG_ID_TO_CORREL_ID, MQRO_NEW_MSG_ID, MQRO_NONE, MQRO_COD, MQRO_EXPIRATION_WITH_DATA, MQRO_EXCEPTION_WITH_DATA
8:
Default, MQRO_COPY_MSG_ID_TO_CORREL_ID, MQRO_NEW_MSG_ID, MQRO_NONE, MQRO_PASS_MSG_ID, MQRO_EXPIRATION_WITH_DATA
&lt;null&gt;
9:
Default, MQRO_COPY_MSG_ID_TO_CORREL_ID, MQRO_NEW_MSG_ID, MQRO_NONE, MQRO_PASS_CORREL_ID
9:
Default, MQRO_COPY_MSG_ID_TO_CORREL_ID, MQRO_NEW_MSG_ID, MQRO_NONE, MQRO_PAN, MQRO_NAN, MQRO_PASS_CORREL_ID, MQRO_COA_WITH_DATA, MQRO_COD_WITH_DATA, MQRO_EXPIRATION_WITH_FULL_DATA, MQRO_EXCEPTION_WITH_FULL_DATA, MQRO_DISCARD_MSG
9:
Default, MQRO_COPY_MSG_ID_TO_CORREL_ID, MQRO_NEW_MSG_ID, MQRO_NONE, MQRO_PASS_MSG_ID
&lt;null&gt;
10:
Default, MQRO_COPY_MSG_ID_TO_CORREL_ID, MQRO_NEW_MSG_ID, MQRO_NONE, MQRO_NAN, MQRO_COA, MQRO_EXPIRATION_WITH_FULL_DATA, MQRO_EXCEPTION_WITH_FULL_DATA
10:
Default, MQRO_COPY_MSG_ID_TO_CORREL_ID, MQRO_NEW_MSG_ID, MQRO_NONE, MQRO_PAN, MQRO_PASS_CORREL_ID, MQRO_PASS_MSG_ID, MQRO_COD, MQRO_EXPIRATION_WITH_FULL_DATA, MQRO_EXCEPTION_WITH_FULL_DATA, MQRO_DISCARD_MSG
&lt;null&gt;
11:
Default, MQRO_COPY_MSG_ID_TO_CORREL_ID, MQRO_NEW_MSG_ID, MQRO_NONE, MQRO_PAN, MQRO_NAN, MQRO_PASS_MSG_ID, MQRO_COA_WITH_FULL_DATA, MQRO_COD_WITH_DATA, MQRO_EXPIRATION_WITH_FULL_DATA, MQRO_EXCEPTION_WITH_FULL_DATA
&lt;null&gt;
12:
MQRO_DEAD_LETTER_Q
12:
Default, MQRO_COPY_MSG_ID_TO_CORREL_ID, MQRO_NEW_MSG_ID, MQRO_NONE, MQRO_PAN, MQRO_PASS_CORREL_ID, MQRO_PASS_MSG_ID, MQRO_COA_WITH_FULL_DATA, MQRO_COD_WITH_FULL_DATA, MQRO_EXPIRATION_WITH_FULL_DATA, MQRO_EXCEPTION_WITH_FULL_DATA, MQRO_DISCARD_MSG
&lt;null&gt;
13:
Default, MQRO_COPY_MSG_ID_TO_CORREL_ID, MQRO_NEW_MSG_ID, MQRO_NONE, MQRO_COA_WITH_FULL_DATA, MQRO_EXCEPTION
13:
Default, MQRO_COPY_MSG_ID_TO_CORREL_ID, MQRO_NEW_MSG_ID, MQRO_NONE, MQRO_PAN, MQRO_NAN, MQRO_PASS_CORREL_ID, MQRO_PASS_MSG_ID, MQRO_COA_WITH_FULL_DATA, MQRO_COD_WITH_FULL_DATA, MQRO_EXPIRATION_WITH_DATA, MQRO_EXCEPTION_WITH_DATA, MQRO_DISCARD_MSG
&lt;null&gt;
14:
MQRO_DEAD_LETTER_Q
14:
Default, MQRO_COPY_MSG_ID_TO_CORREL_ID, MQRO_NEW_MSG_ID, MQRO_NONE, MQRO_PASS_CORREL_ID, MQRO_PASS_MSG_ID, MQRO_COA_WITH_FULL_DATA, MQRO_COD_WITH_FULL_DATA, MQRO_EXPIRATION_WITH_FULL_DATA, MQRO_EXCEPTION_WITH_DATA, MQRO_DISCARD_MSG
&lt;null&gt;
15:
MQRO_DEAD_LETTER_Q
15:
Default, MQRO_COPY_MSG_ID_TO_CORREL_ID, MQRO_NEW_MSG_ID, MQRO_NONE, MQRO_PAN, MQRO_PASS_CORREL_ID, MQRO_PASS_MSG_ID, MQRO_COD_WITH_FULL_DATA, MQRO_EXPIRATION_WITH_FULL_DATA, MQRO_EXCEPTION_WITH_DATA, MQRO_DISCARD_MSG
&lt;null&gt;
16:
Default, MQRO_COPY_MSG_ID_TO_CORREL_ID, MQRO_NEW_MSG_ID, MQRO_NONE, MQRO_COA, MQRO_COD_WITH_DATA, MQRO_EXPIRATION_WITH_DATA, MQRO_EXCEPTION_WITH_FULL_DATA, MQRO_DISCARD_MSG
16:
Default, MQRO_COPY_MSG_ID_TO_CORREL_ID, MQRO_NEW_MSG_ID, MQRO_NONE, MQRO_PASS_CORREL_ID, MQRO_COA_WITH_FULL_DATA, MQRO_EXCEPTION_WITH_DATA
16:
Default, MQRO_COPY_MSG_ID_TO_CORREL_ID, MQRO_NEW_MSG_ID, MQRO_NONE, MQRO_PAN, MQRO_NAN, MQRO_PASS_CORREL_ID, MQRO_PASS_MSG_ID, MQRO_COA_WITH_FULL_DATA, MQRO_COD_WITH_DATA, MQRO_EXPIRATION_WITH_DATA, MQRO_EXCEPTION_WITH_DATA, MQRO_DISCARD_MSG
&lt;null&gt;
17:
MQRO_DEAD_LETTER_Q
17:
Default, MQRO_COPY_MSG_ID_TO_CORREL_ID, MQRO_NEW_MSG_ID, MQRO_NONE, MQRO_EXPIRATION_WITH_FULL_DATA, MQRO_EXCEPTION
17:
Default, MQRO_COPY_MSG_ID_TO_CORREL_ID, MQRO_NEW_MSG_ID, MQRO_NONE, MQRO_COA_WITH_FULL_DATA, MQRO_COD
17:
Default, MQRO_COPY_MSG_ID_TO_CORREL_ID, MQRO_NEW_MSG_ID, MQRO_NONE, MQRO_PAN, MQRO_PASS_CORREL_ID, MQRO_PASS_MSG_ID, MQRO_COA_WITH_FULL_DATA, MQRO_EXPIRATION_WITH_DATA, MQRO_EXCEPTION, MQRO_DISCARD_MSG
&lt;null&gt;
18:
Default, MQRO_COPY_MSG_ID_TO_CORREL_ID, MQRO_NEW_MSG_ID, MQRO_NONE, MQRO_PAN, MQRO_COA, MQRO_COD_WITH_DATA, MQRO_EXPIRATION_WITH_FULL_DATA, MQRO_EXCEPTION_WITH_FULL_DATA, MQRO_DISCARD_MSG
18:
Default, MQRO_COPY_MSG_ID_TO_CORREL_ID, MQRO_NEW_MSG_ID, MQRO_NONE, MQRO_PAN, MQRO_NAN, MQRO_PASS_MSG_ID, MQRO_COA_WITH_FULL_DATA, MQRO_COD_WITH_FULL_DATA, MQRO_EXPIRATION_WITH_DATA, MQRO_EXCEPTION_WITH_DATA, MQRO_DISCARD_MSG
&lt;null&gt;
19:
Default, MQRO_COPY_MSG_ID_TO_CORREL_ID, MQRO_NEW_MSG_ID, MQRO_NONE, MQRO_PAN, MQRO_NAN, MQRO_PASS_CORREL_ID, MQRO_PASS_MSG_ID, MQRO_COA_WITH_FULL_DATA, MQRO_COD_WITH_DATA, MQRO_EXPIRATION_WITH_DATA, MQRO_EXCEPTION_WITH_DATA, MQRO_DISCARD_MSG
&lt;null&gt;
20:
Default, MQRO_COPY_MSG_ID_TO_CORREL_ID, MQRO_NEW_MSG_ID, MQRO_NONE, MQRO_PAN, MQRO_PASS_CORREL_ID, MQRO_COA, MQRO_COD, MQRO_EXPIRATION_WITH_FULL_DATA, MQRO_EXCEPTION_WITH_FULL_DATA, MQRO_DISCARD_MSG
20:
MQRO_DEAD_LETTER_Q
20:
Default, MQRO_COPY_MSG_ID_TO_CORREL_ID, MQRO_NEW_MSG_ID, MQRO_NONE, MQRO_PAN, MQRO_NAN, MQRO_PASS_CORREL_ID, MQRO_PASS_MSG_ID, MQRO_COA_WITH_FULL_DATA, MQRO_COD_WITH_FULL_DATA, MQRO_EXPIRATION_WITH_FULL_DATA, MQRO_EXCEPTION_WITH_DATA, MQRO_DISCARD_MSG
&lt;null&gt;
21:
Default, MQRO_COPY_MSG_ID_TO_CORREL_ID, MQRO_NEW_MSG_ID, MQRO_NONE, MQRO_PAN, MQRO_NAN, MQRO_PASS_CORREL_ID, MQRO_PASS_MSG_ID, MQRO_COA_WITH_FULL_DATA, MQRO_COD_WITH_DATA, MQRO_EXPIRATION_WITH_DATA, MQRO_EXCEPTION_WITH_FULL_DATA, MQRO_DISCARD_MSG
&lt;null&gt;
22:
Default, MQRO_COPY_MSG_ID_TO_CORREL_ID, MQRO_NEW_MSG_ID, MQRO_NONE, MQRO_NAN, MQRO_PASS_CORREL_ID, MQRO_COA_WITH_DATA, MQRO_COD_WITH_FULL_DATA, MQRO_EXCEPTION_WITH_FULL_DATA, MQRO_DISCARD_MSG
22:
Default, MQRO_COPY_MSG_ID_TO_CORREL_ID, MQRO_NEW_MSG_ID, MQRO_NONE, MQRO_PAN, MQRO_NAN, MQRO_PASS_CORREL_ID, MQRO_PASS_MSG_ID, MQRO_COA_WITH_FULL_DATA, MQRO_COD_WITH_FULL_DATA, MQRO_EXPIRATION_WITH_FULL_DATA, MQRO_EXCEPTION_WITH_DATA
&lt;null&gt;
23:
Default, MQRO_COPY_MSG_ID_TO_CORREL_ID, MQRO_NEW_MSG_ID, MQRO_NONE, MQRO_COA_WITH_DATA, MQRO_EXCEPTION
23:
Default, MQRO_COPY_MSG_ID_TO_CORREL_ID, MQRO_NEW_MSG_ID, MQRO_NONE, MQRO_PAN, MQRO_PASS_CORREL_ID, MQRO_COD, MQRO_EXPIRATION_WITH_DATA, MQRO_EXCEPTION_WITH_DATA, MQRO_DISCARD_MSG
23:
Default, MQRO_COPY_MSG_ID_TO_CORREL_ID, MQRO_NEW_MSG_ID, MQRO_NONE, MQRO_COA_WITH_DATA, MQRO_COD_WITH_FULL_DATA, MQRO_EXCEPTION_WITH_FULL_DATA
23:
Default, MQRO_COPY_MSG_ID_TO_CORREL_ID, MQRO_NEW_MSG_ID, MQRO_NONE, MQRO_PAN, MQRO_PASS_CORREL_ID, MQRO_PASS_MSG_ID, MQRO_COA_WITH_FULL_DATA, MQRO_COD_WITH_DATA, MQRO_EXPIRATION_WITH_DATA, MQRO_EXCEPTION_WITH_FULL_DATA, MQRO_DISCARD_MSG
&lt;null&gt;
24:
Default, MQRO_COPY_MSG_ID_TO_CORREL_ID, MQRO_NEW_MSG_ID, MQRO_NONE, MQRO_PAN, MQRO_NAN, MQRO_PASS_CORREL_ID, MQRO_PASS_MSG_ID, MQRO_COA_WITH_DATA, MQRO_COD_WITH_DATA, MQRO_EXPIRATION_WITH_FULL_DATA, MQRO_EXCEPTION_WITH_FULL_DATA, MQRO_DISCARD_MSG
&lt;null&gt;
25:
Default, MQRO_COPY_MSG_ID_TO_CORREL_ID, MQRO_NEW_MSG_ID, MQRO_NONE, MQRO_PAN, MQRO_NAN, MQRO_PASS_CORREL_ID, MQRO_PASS_MSG_ID, MQRO_COA_WITH_FULL_DATA, MQRO_COD_WITH_FULL_DATA, MQRO_EXPIRATION_WITH_FULL_DATA, MQRO_EXCEPTION_WITH_FULL_DATA, MQRO_DISCARD_MSG
&lt;null&gt;
26:
Default, MQRO_COPY_MSG_ID_TO_CORREL_ID, MQRO_NEW_MSG_ID, MQRO_NONE, MQRO_PAN, MQRO_NAN, MQRO_PASS_CORREL_ID, MQRO_PASS_MSG_ID, MQRO_COA_WITH_FULL_DATA, MQRO_COD_WITH_FULL_DATA, MQRO_EXPIRATION_WITH_FULL_DATA, MQRO_EXCEPTION_WITH_FULL_DATA
&lt;null&gt;
27:
Default, MQRO_COPY_MSG_ID_TO_CORREL_ID, MQRO_NEW_MSG_ID, MQRO_NONE, MQRO_NAN, MQRO_DISCARD_MSG
27:
Default, MQRO_COPY_MSG_ID_TO_CORREL_ID, MQRO_NEW_MSG_ID, MQRO_NONE, MQRO_PAN, MQRO_NAN, MQRO_PASS_CORREL_ID, MQRO_PASS_MSG_ID, MQRO_COA_WITH_DATA, MQRO_COD_WITH_FULL_DATA, MQRO_EXPIRATION_WITH_FULL_DATA, MQRO_EXCEPTION_WITH_FULL_DATA, MQRO_DISCARD_MSG
&lt;null&gt;
28:
Default, MQRO_COPY_MSG_ID_TO_CORREL_ID, MQRO_NEW_MSG_ID, MQRO_NONE, MQRO_PASS_CORREL_ID, MQRO_COA_WITH_FULL_DATA, MQRO_COD_WITH_FULL_DATA, MQRO_EXPIRATION_WITH_FULL_DATA
28:
MQRO_DEAD_LETTER_Q
28:
Default, MQRO_COPY_MSG_ID_TO_CORREL_ID, MQRO_NEW_MSG_ID, MQRO_NONE, MQRO_EXCEPTION_WITH_FULL_DATA
28:
Default, MQRO_COPY_MSG_ID_TO_CORREL_ID, MQRO_NEW_MSG_ID, MQRO_NONE, MQRO_COA_WITH_FULL_DATA
28:
Default, MQRO_COPY_MSG_ID_TO_CORREL_ID, MQRO_NEW_MSG_ID, MQRO_NONE, MQRO_PAN
28:
Default, MQRO_COPY_MSG_ID_TO_CORREL_ID, MQRO_NEW_MSG_ID, MQRO_NONE, MQRO_PAN, MQRO_NAN, MQRO_PASS_CORREL_ID, MQRO_PASS_MSG_ID, MQRO_COA_WITH_FULL_DATA, MQRO_COD_WITH_FULL_DATA, MQRO_EXPIRATION_WITH_FULL_DATA, MQRO_EXCEPTION_WITH_FULL_DATA, MQRO_DISCARD_MSG
&lt;null&gt;
29:
Default, MQRO_COPY_MSG_ID_TO_CORREL_ID, MQRO_NEW_MSG_ID, MQRO_NONE, MQRO_PAN, MQRO_NAN, MQRO_PASS_CORREL_ID, MQRO_PASS_MSG_ID, MQRO_COA_WITH_FULL_DATA, MQRO_COD_WITH_DATA, MQRO_EXPIRATION_WITH_FULL_DATA, MQRO_EXCEPTION_WITH_FULL_DATA, MQRO_DISCARD_MSG
&lt;null&gt;
30:
Default, MQRO_COPY_MSG_ID_TO_CORREL_ID, MQRO_NEW_MSG_ID, MQRO_NONE, MQRO_EXPIRATION_WITH_FULL_DATA
30:
Default, MQRO_COPY_MSG_ID_TO_CORREL_ID, MQRO_NEW_MSG_ID, MQRO_NONE, MQRO_NAN, MQRO_PASS_CORREL_ID, MQRO_COA_WITH_DATA, MQRO_EXCEPTION_WITH_FULL_DATA
30:
Default, MQRO_COPY_MSG_ID_TO_CORREL_ID, MQRO_NEW_MSG_ID, MQRO_NONE, MQRO_NAN, MQRO_PASS_CORREL_ID, MQRO_PASS_MSG_ID, MQRO_COA_WITH_FULL_DATA, MQRO_COD_WITH_FULL_DATA, MQRO_EXPIRATION_WITH_FULL_DATA, MQRO_EXCEPTION_WITH_FULL_DATA
&lt;null&gt;
31:
Default, MQRO_COPY_MSG_ID_TO_CORREL_ID, MQRO_NEW_MSG_ID, MQRO_NONE, MQRO_PAN
31:
Default, MQRO_COPY_MSG_ID_TO_CORREL_ID, MQRO_NEW_MSG_ID, MQRO_NONE, MQRO_NAN, MQRO_PASS_CORREL_ID, MQRO_COA_WITH_DATA, MQRO_COD_WITH_FULL_DATA, MQRO_EXPIRATION_WITH_FULL_DATA, MQRO_EXCEPTION_WITH_FULL_DATA, MQRO_DISCARD_MSG
31:
Default, MQRO_COPY_MSG_ID_TO_CORREL_ID, MQRO_NEW_MSG_ID, MQRO_NONE, MQRO_COA, MQRO_COD_WITH_FULL_DATA, MQRO_DISCARD_MSG
31:
Default, MQRO_COPY_MSG_ID_TO_CORREL_ID, MQRO_NEW_MSG_ID, MQRO_NONE, MQRO_PAN, MQRO_NAN, MQRO_PASS_CORREL_ID, MQRO_PASS_MSG_ID, MQRO_COA_WITH_FULL_DATA, MQRO_COD_WITH_FULL_DATA, MQRO_EXPIRATION_WITH_DATA, MQRO_EXCEPTION_WITH_DATA, MQRO_DISCARD_MSG
&lt;null&gt;
32:
MQRO_DEAD_LETTER_Q
32:
Default, MQRO_COPY_MSG_ID_TO_CORREL_ID, MQRO_NEW_MSG_ID, MQRO_NONE, MQRO_PAN, MQRO_NAN, MQRO_PASS_CORREL_ID, MQRO_PASS_MSG_ID, MQRO_COA_WITH_FULL_DATA, MQRO_COD_WITH_FULL_DATA, MQRO_EXPIRATION_WITH_FULL_DATA, MQRO_EXCEPTION_WITH_FULL_DATA
&lt;null&gt;
33:
Default, MQRO_COPY_MSG_ID_TO_CORREL_ID, MQRO_NEW_MSG_ID, MQRO_NONE, MQRO_PAN, MQRO_NAN, MQRO_PASS_CORREL_ID, MQRO_PASS_MSG_ID, MQRO_COA_WITH_FULL_DATA, MQRO_COD_WITH_FULL_DATA, MQRO_EXPIRATION_WITH_FULL_DATA, MQRO_EXCEPTION_WITH_FULL_DATA, MQRO_DISCARD_MSG
&lt;null&gt;
34:
Default, MQRO_COPY_MSG_ID_TO_CORREL_ID, MQRO_NEW_MSG_ID, MQRO_NONE, MQRO_PAN, MQRO_NAN, MQRO_COA_WITH_FULL_DATA, MQRO_COD_WITH_DATA, MQRO_EXPIRATION, MQRO_EXCEPTION_WITH_FULL_DATA, MQRO_DISCARD_MSG
34:
Default, MQRO_COPY_MSG_ID_TO_CORREL_ID, MQRO_NEW_MSG_ID, MQRO_NONE, MQRO_PAN, MQRO_EXPIRATION_WITH_FULL_DATA, MQRO_EXCEPTION_WITH_DATA
34:
Default, MQRO_COPY_MSG_ID_TO_CORREL_ID, MQRO_NEW_MSG_ID, MQRO_NONE, MQRO_NAN, MQRO_COA_WITH_DATA, MQRO_EXCEPTION
34:
Default, MQRO_COPY_MSG_ID_TO_CORREL_ID, MQRO_NEW_MSG_ID, MQRO_NONE, MQRO_PAN, MQRO_NAN, MQRO_PASS_CORREL_ID, MQRO_PASS_MSG_ID, MQRO_COA_WITH_DATA, MQRO_COD_WITH_FULL_DATA, MQRO_EXPIRATION_WITH_FULL_DATA, MQRO_EXCEPTION_WITH_FULL_DATA, MQRO_DISCARD_MSG
&lt;null&gt;
35:
Default, MQRO_COPY_MSG_ID_TO_CORREL_ID, MQRO_NEW_MSG_ID, MQRO_NONE, MQRO_COA_WITH_DATA, MQRO_EXCEPTION_WITH_FULL_DATA
35:
Default, MQRO_COPY_MSG_ID_TO_CORREL_ID, MQRO_NEW_MSG_ID, MQRO_NONE, MQRO_NAN, MQRO_PASS_CORREL_ID, MQRO_PASS_MSG_ID, MQRO_COA_WITH_FULL_DATA, MQRO_COD_WITH_FULL_DATA, MQRO_EXPIRATION_WITH_FULL_DATA, MQRO_EXCEPTION_WITH_FULL_DATA, MQRO_DISCARD_MSG
&lt;null&gt;
36:
Default, MQRO_COPY_MSG_ID_TO_CORREL_ID, MQRO_NEW_MSG_ID, MQRO_NONE, MQRO_PAN, MQRO_NAN, MQRO_PASS_CORREL_ID, MQRO_PASS_MSG_ID, MQRO_COA_WITH_FULL_DATA, MQRO_COD_WITH_FULL_DATA, MQRO_EXPIRATION_WITH_FULL_DATA, MQRO_EXCEPTION_WITH_DATA, MQRO_DISCARD_MSG
&lt;null&gt;
37:
Default, MQRO_COPY_MSG_ID_TO_CORREL_ID, MQRO_NEW_MSG_ID, MQRO_NONE, MQRO_COA_WITH_FULL_DATA
37:
Default, MQRO_COPY_MSG_ID_TO_CORREL_ID, MQRO_NEW_MSG_ID, MQRO_NONE, MQRO_PAN, MQRO_NAN, MQRO_PASS_CORREL_ID, MQRO_PASS_MSG_ID, MQRO_COA_WITH_DATA, MQRO_COD_WITH_DATA, MQRO_EXPIRATION_WITH_FULL_DATA, MQRO_EXCEPTION_WITH_FULL_DATA, MQRO_DISCARD_MSG
&lt;null&gt;
38:
Default, MQRO_COPY_MSG_ID_TO_CORREL_ID, MQRO_NEW_MSG_ID, MQRO_NONE, MQRO_PAN, MQRO_NAN, MQRO_PASS_CORREL_ID, MQRO_PASS_MSG_ID, MQRO_COA_WITH_FULL_DATA, MQRO_COD_WITH_FULL_DATA, MQRO_EXPIRATION_WITH_FULL_DATA, MQRO_EXCEPTION_WITH_FULL_DATA, MQRO_DISCARD_MSG
&lt;null&gt;
39:
Default, MQRO_COPY_MSG_ID_TO_CORREL_ID, MQRO_NEW_MSG_ID, MQRO_NONE, MQRO_PAN, MQRO_NAN, MQRO_PASS_MSG_ID, MQRO_COA_WITH_FULL_DATA, MQRO_COD_WITH_FULL_DATA, MQRO_EXPIRATION_WITH_FULL_DATA, MQRO_EXCEPTION_WITH_FULL_DATA, MQRO_DISCARD_MSG
&lt;null&gt;
40:
Default, MQRO_COPY_MSG_ID_TO_CORREL_ID, MQRO_NEW_MSG_ID, MQRO_NONE, MQRO_PAN, MQRO_NAN, MQRO_PASS_MSG_ID, MQRO_COA_WITH_FULL_DATA, MQRO_COD_WITH_FULL_DATA, MQRO_EXPIRATION_WITH_FULL_DATA, MQRO_EXCEPTION_WITH_FULL_DATA, MQRO_DISCARD_MSG
&lt;null&gt;
41:
Default, MQRO_COPY_MSG_ID_TO_CORREL_ID, MQRO_NEW_MSG_ID, MQRO_NONE, MQRO_PAN, MQRO_NAN, MQRO_PASS_MSG_ID, MQRO_COA_WITH_FULL_DATA, MQRO_COD_WITH_FULL_DATA, MQRO_EXPIRATION_WITH_FULL_DATA, MQRO_EXCEPTION_WITH_FULL_DATA, MQRO_DISCARD_MSG
&lt;null&gt;
42:
Default, MQRO_COPY_MSG_ID_TO_CORREL_ID, MQRO_NEW_MSG_ID, MQRO_NONE, MQRO_PASS_MSG_ID, MQRO_EXCEPTION
&lt;null&gt;
43:
Default, MQRO_COPY_MSG_ID_TO_CORREL_ID, MQRO_NEW_MSG_ID, MQRO_NONE, MQRO_PAN, MQRO_NAN, MQRO_PASS_CORREL_ID, MQRO_PASS_MSG_ID, MQRO_COA_WITH_FULL_DATA, MQRO_COD_WITH_FULL_DATA, MQRO_EXPIRATION_WITH_FULL_DATA, MQRO_EXCEPTION_WITH_FULL_DATA, MQRO_DISCARD_MSG
&lt;null&gt;
44:
Default, MQRO_COPY_MSG_ID_TO_CORREL_ID, MQRO_NEW_MSG_ID, MQRO_NONE, MQRO_PAN, MQRO_NAN, MQRO_PASS_CORREL_ID, MQRO_PASS_MSG_ID, MQRO_COA_WITH_FULL_DATA, MQRO_COD_WITH_FULL_DATA, MQRO_EXPIRATION_WITH_FULL_DATA, MQRO_EXCEPTION_WITH_FULL_DATA
&lt;null&gt;
45:
Default, MQRO_COPY_MSG_ID_TO_CORREL_ID, MQRO_NEW_MSG_ID, MQRO_NONE, MQRO_PAN, MQRO_NAN, MQRO_PASS_MSG_ID, MQRO_COA, MQRO_COD_WITH_FULL_DATA, MQRO_EXPIRATION_WITH_DATA, MQRO_EXCEPTION_WITH_DATA
&lt;null&gt;
46:
Default, MQRO_COPY_MSG_ID_TO_CORREL_ID, MQRO_NEW_MSG_ID, MQRO_NONE, MQRO_PAN, MQRO_NAN, MQRO_PASS_CORREL_ID, MQRO_PASS_MSG_ID, MQRO_COA_WITH_FULL_DATA, MQRO_COD, MQRO_EXPIRATION_WITH_FULL_DATA, MQRO_EXCEPTION_WITH_FULL_DATA, MQRO_DISCARD_MSG
&lt;null&gt;
47:
MQRO_DEAD_LETTER_Q
47:
Default, MQRO_COPY_MSG_ID_TO_CORREL_ID, MQRO_NEW_MSG_ID, MQRO_NONE, MQRO_NAN, MQRO_PASS_CORREL_ID, MQRO_COD_WITH_FULL_DATA
47:
Default, MQRO_COPY_MSG_ID_TO_CORREL_ID, MQRO_NEW_MSG_ID, MQRO_NONE, MQRO_PAN, MQRO_NAN, MQRO_PASS_MSG_ID, MQRO_COA_WITH_FULL_DATA, MQRO_COD_WITH_FULL_DATA, MQRO_EXPIRATION_WITH_FULL_DATA, MQRO_EXCEPTION_WITH_FULL_DATA, MQRO_DISCARD_MSG
&lt;null&gt;
48:
Default, MQRO_COPY_MSG_ID_TO_CORREL_ID, MQRO_NEW_MSG_ID, MQRO_NONE, MQRO_NAN, MQRO_COD_WITH_FULL_DATA, MQRO_EXPIRATION_WITH_FULL_DATA, MQRO_EXCEPTION_WITH_FULL_DATA, MQRO_DISCARD_MSG
48:
Default, MQRO_COPY_MSG_ID_TO_CORREL_ID, MQRO_NEW_MSG_ID, MQRO_NONE, MQRO_NAN, MQRO_COA_WITH_FULL_DATA
48:
Default, MQRO_COPY_MSG_ID_TO_CORREL_ID, MQRO_NEW_MSG_ID, MQRO_NONE, MQRO_PAN, MQRO_NAN, MQRO_PASS_CORREL_ID, MQRO_PASS_MSG_ID, MQRO_COA_WITH_FULL_DATA, MQRO_COD_WITH_FULL_DATA, MQRO_EXPIRATION_WITH_FULL_DATA, MQRO_EXCEPTION_WITH_FULL_DATA, MQRO_DISCARD_MSG
&lt;null&gt;
49:
Default, MQRO_COPY_MSG_ID_TO_CORREL_ID, MQRO_NEW_MSG_ID, MQRO_NONE, MQRO_PAN, MQRO_PASS_CORREL_ID, MQRO_PASS_MSG_ID, MQRO_COA_WITH_FULL_DATA, MQRO_COD_WITH_FULL_DATA, MQRO_EXPIRATION_WITH_DATA, MQRO_EXCEPTION_WITH_FULL_DATA, MQRO_DISCARD_MSG
&lt;null&gt;
50:
Default, MQRO_COPY_MSG_ID_TO_CORREL_ID, MQRO_NEW_MSG_ID, MQRO_NONE, MQRO_NAN, MQRO_PASS_MSG_ID, MQRO_COA_WITH_FULL_DATA, MQRO_COD, MQRO_EXPIRATION_WITH_FULL_DATA, MQRO_EXCEPTION_WITH_FULL_DATA, MQRO_DISCARD_MSG
&lt;null&gt;
51:
Default, MQRO_COPY_MSG_ID_TO_CORREL_ID, MQRO_NEW_MSG_ID, MQRO_NONE, MQRO_PAN, MQRO_NAN, MQRO_PASS_CORREL_ID, MQRO_PASS_MSG_ID, MQRO_COA_WITH_FULL_DATA, MQRO_COD_WITH_DATA, MQRO_EXPIRATION, MQRO_EXCEPTION, MQRO_DISCARD_MSG
&lt;null&gt;
52:
Default, MQRO_COPY_MSG_ID_TO_CORREL_ID, MQRO_NEW_MSG_ID, MQRO_NONE, MQRO_PAN, MQRO_NAN, MQRO_PASS_CORREL_ID, MQRO_PASS_MSG_ID, MQRO_COA_WITH_FULL_DATA, MQRO_COD_WITH_FULL_DATA, MQRO_EXPIRATION_WITH_FULL_DATA, MQRO_EXCEPTION_WITH_FULL_DATA, MQRO_DISCARD_MSG
&lt;null&gt;
53:
Default, MQRO_COPY_MSG_ID_TO_CORREL_ID, MQRO_NEW_MSG_ID, MQRO_NONE, MQRO_PAN, MQRO_NAN, MQRO_PASS_MSG_ID, MQRO_COA_WITH_FULL_DATA, MQRO_COD_WITH_FULL_DATA, MQRO_EXPIRATION_WITH_FULL_DATA, MQRO_EXCEPTION_WITH_FULL_DATA, MQRO_DISCARD_MSG
&lt;null&gt;
54:
Default, MQRO_COPY_MSG_ID_TO_CORREL_ID, MQRO_NEW_MSG_ID, MQRO_NONE, MQRO_PAN, MQRO_NAN, MQRO_PASS_CORREL_ID, MQRO_PASS_MSG_ID, MQRO_COA_WITH_FULL_DATA, MQRO_COD_WITH_FULL_DATA, MQRO_EXPIRATION_WITH_FULL_DATA, MQRO_EXCEPTION_WITH_FULL_DATA, MQRO_DISCARD_MSG
&lt;null&gt;
55:
Default, MQRO_COPY_MSG_ID_TO_CORREL_ID, MQRO_NEW_MSG_ID, MQRO_NONE, MQRO_PAN, MQRO_NAN, MQRO_PASS_CORREL_ID, MQRO_PASS_MSG_ID, MQRO_COA_WITH_FULL_DATA, MQRO_COD_WITH_FULL_DATA, MQRO_EXPIRATION_WITH_FULL_DATA, MQRO_EXCEPTION_WITH_FULL_DATA, MQRO_DISCARD_MSG
&lt;null&gt;
56:
Default, MQRO_COPY_MSG_ID_TO_CORREL_ID, MQRO_NEW_MSG_ID, MQRO_NONE, MQRO_PAN, MQRO_NAN, MQRO_PASS_CORREL_ID, MQRO_PASS_MSG_ID, MQRO_COA_WITH_FULL_DATA, MQRO_COD_WITH_FULL_DATA, MQRO_EXPIRATION_WITH_FULL_DATA, MQRO_EXCEPTION_WITH_FULL_DATA, MQRO_DISCARD_MSG
&lt;null&gt;
57:
Default, MQRO_COPY_MSG_ID_TO_CORREL_ID, MQRO_NEW_MSG_ID, MQRO_NONE, MQRO_PAN, MQRO_NAN, MQRO_PASS_CORREL_ID, MQRO_PASS_MSG_ID, MQRO_COA_WITH_FULL_DATA, MQRO_COD_WITH_FULL_DATA, MQRO_EXPIRATION_WITH_FULL_DATA, MQRO_EXCEPTION_WITH_FULL_DATA, MQRO_DISCARD_MSG
&lt;null&gt;
58:
Default, MQRO_COPY_MSG_ID_TO_CORREL_ID, MQRO_NEW_MSG_ID, MQRO_NONE, MQRO_PAN, MQRO_NAN, MQRO_PASS_CORREL_ID, MQRO_COA_WITH_FULL_DATA, MQRO_COD_WITH_FULL_DATA, MQRO_EXPIRATION_WITH_FULL_DATA, MQRO_EXCEPTION_WITH_FULL_DATA, MQRO_DISCARD_MSG
58:
Default, MQRO_COPY_MSG_ID_TO_CORREL_ID, MQRO_NEW_MSG_ID, MQRO_NONE, MQRO_EXCEPTION, MQRO_DISCARD_MSG
58:
Default, MQRO_COPY_MSG_ID_TO_CORREL_ID, MQRO_NEW_MSG_ID, MQRO_NONE, MQRO_PAN, MQRO_NAN, MQRO_PASS_CORREL_ID, MQRO_PASS_MSG_ID, MQRO_COA_WITH_DATA, MQRO_COD_WITH_FULL_DATA, MQRO_EXPIRATION_WITH_FULL_DATA, MQRO_EXCEPTION_WITH_FULL_DATA, MQRO_DISCARD_MSG
&lt;null&gt;
59:
Default, MQRO_COPY_MSG_ID_TO_CORREL_ID, MQRO_NEW_MSG_ID, MQRO_NONE, MQRO_PAN, MQRO_NAN, MQRO_PASS_CORREL_ID, MQRO_PASS_MSG_ID, MQRO_COA_WITH_FULL_DATA, MQRO_COD_WITH_FULL_DATA, MQRO_EXPIRATION_WITH_FULL_DATA, MQRO_EXCEPTION_WITH_FULL_DATA, MQRO_DISCARD_MSG
&lt;null&gt;
60:
Default, MQRO_COPY_MSG_ID_TO_CORREL_ID, MQRO_NEW_MSG_ID, MQRO_NONE, MQRO_PAN, MQRO_NAN, MQRO_PASS_CORREL_ID, MQRO_PASS_MSG_ID, MQRO_COA_WITH_FULL_DATA, MQRO_COD_WITH_FULL_DATA, MQRO_EXPIRATION_WITH_FULL_DATA, MQRO_EXCEPTION_WITH_FULL_DATA, MQRO_DISCARD_MSG
&lt;null&gt;
61:
Default, MQRO_COPY_MSG_ID_TO_CORREL_ID, MQRO_NEW_MSG_ID, MQRO_NONE, MQRO_COA_WITH_FULL_DATA, MQRO_COD_WITH_FULL_DATA, MQRO_EXPIRATION_WITH_DATA, MQRO_EXCEPTION_WITH_FULL_DATA
61:
Default, MQRO_COPY_MSG_ID_TO_CORREL_ID, MQRO_NEW_MSG_ID, MQRO_NONE, MQRO_NAN, MQRO_COD_WITH_DATA, MQRO_EXCEPTION_WITH_FULL_DATA
61:
Default, MQRO_COPY_MSG_ID_TO_CORREL_ID, MQRO_NEW_MSG_ID, MQRO_NONE, MQRO_PAN
61:
Default, MQRO_COPY_MSG_ID_TO_CORREL_ID, MQRO_NEW_MSG_ID, MQRO_NONE, MQRO_PAN, MQRO_PASS_CORREL_ID, MQRO_PASS_MSG_ID, MQRO_COA_WITH_DATA, MQRO_COD_WITH_FULL_DATA, MQRO_EXPIRATION_WITH_DATA, MQRO_EXCEPTION, MQRO_DISCARD_MSG
&lt;null&gt;
62:
Default, MQRO_COPY_MSG_ID_TO_CORREL_ID, MQRO_NEW_MSG_ID, MQRO_NONE, MQRO_PAN, MQRO_NAN, MQRO_PASS_CORREL_ID, MQRO_PASS_MSG_ID, MQRO_COA_WITH_FULL_DATA, MQRO_COD_WITH_FULL_DATA, MQRO_EXPIRATION_WITH_DATA, MQRO_EXCEPTION_WITH_DATA, MQRO_DISCARD_MSG
&lt;null&gt;
63:
Default, MQRO_COPY_MSG_ID_TO_CORREL_ID, MQRO_NEW_MSG_ID, MQRO_NONE, MQRO_NAN, MQRO_COA_WITH_FULL_DATA, MQRO_COD_WITH_FULL_DATA, MQRO_EXPIRATION_WITH_FULL_DATA, MQRO_EXCEPTION_WITH_FULL_DATA, MQRO_DISCARD_MSG
63:
Default, MQRO_COPY_MSG_ID_TO_CORREL_ID, MQRO_NEW_MSG_ID, MQRO_NONE, MQRO_PASS_MSG_ID, MQRO_EXPIRATION_WITH_FULL_DATA, MQRO_EXCEPTION_WITH_FULL_DATA
&lt;null&gt;
64:
Default, MQRO_COPY_MSG_ID_TO_CORREL_ID, MQRO_NEW_MSG_ID, MQRO_NONE, MQRO_PAN, MQRO_NAN, MQRO_PASS_CORREL_ID, MQRO_PASS_MSG_ID, MQRO_COA_WITH_FULL_DATA, MQRO_COD_WITH_FULL_DATA, MQRO_EXPIRATION_WITH_FULL_DATA, MQRO_EXCEPTION_WITH_FULL_DATA, MQRO_DISCARD_MSG
&lt;null&gt;
65:
Default, MQRO_COPY_MSG_ID_TO_CORREL_ID, MQRO_NEW_MSG_ID, MQRO_NONE, MQRO_PAN, MQRO_NAN, MQRO_PASS_MSG_ID, MQRO_COA_WITH_FULL_DATA, MQRO_COD_WITH_FULL_DATA, MQRO_EXPIRATION_WITH_FULL_DATA, MQRO_EXCEPTION_WITH_DATA
&lt;null&gt;
66:
Default, MQRO_COPY_MSG_ID_TO_CORREL_ID, MQRO_NEW_MSG_ID, MQRO_NONE, MQRO_NAN, MQRO_COA, MQRO_COD_WITH_DATA
66:
MQRO_DEAD_LETTER_Q
66:
Default, MQRO_COPY_MSG_ID_TO_CORREL_ID, MQRO_NEW_MSG_ID, MQRO_NONE, MQRO_NAN, MQRO_COA_WITH_FULL_DATA, MQRO_COD, MQRO_EXPIRATION_WITH_DATA, MQRO_EXCEPTION_WITH_FULL_DATA, MQRO_DISCARD_MSG
66:
Default, MQRO_COPY_MSG_ID_TO_CORREL_ID, MQRO_NEW_MSG_ID, MQRO_NONE, MQRO_NAN, MQRO_PASS_CORREL_ID, MQRO_COA_WITH_DATA, MQRO_COD_WITH_DATA, MQRO_EXPIRATION_WITH_FULL_DATA, MQRO_EXCEPTION_WITH_FULL_DATA, MQRO_DISCARD_MSG
66:
Default, MQRO_COPY_MSG_ID_TO_CORREL_ID, MQRO_NEW_MSG_ID, MQRO_NONE, MQRO_PAN, MQRO_NAN, MQRO_PASS_CORREL_ID, MQRO_PASS_MSG_ID, MQRO_COA_WITH_FULL_DATA, MQRO_COD_WITH_FULL_DATA, MQRO_EXPIRATION_WITH_FULL_DATA, MQRO_EXCEPTION_WITH_FULL_DATA, MQRO_DISCARD_MSG
&lt;null&gt;
67:
Default, MQRO_COPY_MSG_ID_TO_CORREL_ID, MQRO_NEW_MSG_ID, MQRO_NONE, MQRO_PAN, MQRO_NAN, MQRO_PASS_CORREL_ID, MQRO_PASS_MSG_ID, MQRO_COA_WITH_FULL_DATA, MQRO_COD_WITH_FULL_DATA, MQRO_EXPIRATION_WITH_FULL_DATA, MQRO_EXCEPTION_WITH_FULL_DATA, MQRO_DISCARD_MSG
&lt;null&gt;
68:
Default, MQRO_COPY_MSG_ID_TO_CORREL_ID, MQRO_NEW_MSG_ID, MQRO_NONE, MQRO_EXCEPTION_WITH_DATA
68:
Default, MQRO_COPY_MSG_ID_TO_CORREL_ID, MQRO_NEW_MSG_ID, MQRO_NONE, MQRO_NAN, MQRO_COA_WITH_DATA, MQRO_COD_WITH_FULL_DATA
68:
Default, MQRO_COPY_MSG_ID_TO_CORREL_ID, MQRO_NEW_MSG_ID, MQRO_NONE, MQRO_PASS_CORREL_ID, MQRO_PASS_MSG_ID, MQRO_COA_WITH_FULL_DATA, MQRO_COD_WITH_FULL_DATA, MQRO_EXPIRATION, MQRO_EXCEPTION_WITH_FULL_DATA
&lt;null&gt;
69:
Default, MQRO_COPY_MSG_ID_TO_CORREL_ID, MQRO_NEW_MSG_ID, MQRO_NONE, MQRO_PASS_MSG_ID
&lt;null&gt;
70:
Default, MQRO_COPY_MSG_ID_TO_CORREL_ID, MQRO_NEW_MSG_ID, MQRO_NONE, MQRO_NAN, MQRO_PASS_CORREL_ID, MQRO_COA_WITH_FULL_DATA, MQRO_COD_WITH_FULL_DATA, MQRO_EXPIRATION_WITH_FULL_DATA, MQRO_EXCEPTION_WITH_FULL_DATA, MQRO_DISCARD_MSG
70:
Default, MQRO_COPY_MSG_ID_TO_CORREL_ID, MQRO_NEW_MSG_ID, MQRO_NONE, MQRO_PAN, MQRO_NAN, MQRO_PASS_CORREL_ID, MQRO_COA_WITH_DATA, MQRO_COD_WITH_FULL_DATA, MQRO_EXPIRATION_WITH_FULL_DATA, MQRO_EXCEPTION_WITH_FULL_DATA, MQRO_DISCARD_MSG
70:
Default, MQRO_COPY_MSG_ID_TO_CORREL_ID, MQRO_NEW_MSG_ID, MQRO_NONE, MQRO_PAN, MQRO_NAN, MQRO_PASS_MSG_ID, MQRO_COA_WITH_FULL_DATA, MQRO_COD_WITH_FULL_DATA, MQRO_EXPIRATION_WITH_FULL_DATA, MQRO_EXCEPTION_WITH_FULL_DATA, MQRO_DISCARD_MSG
&lt;null&gt;
71:
Default, MQRO_COPY_MSG_ID_TO_CORREL_ID, MQRO_NEW_MSG_ID, MQRO_NONE, MQRO_PAN, MQRO_NAN, MQRO_PASS_CORREL_ID, MQRO_PASS_MSG_ID, MQRO_COA_WITH_FULL_DATA, MQRO_COD_WITH_FULL_DATA, MQRO_EXPIRATION_WITH_FULL_DATA, MQRO_EXCEPTION_WITH_FULL_DATA, MQRO_DISCARD_MSG
&lt;null&gt;
72:
MQRO_DEAD_LETTER_Q
72:
Default, MQRO_COPY_MSG_ID_TO_CORREL_ID, MQRO_NEW_MSG_ID, MQRO_NONE, MQRO_NAN, MQRO_PASS_CORREL_ID, MQRO_PASS_MSG_ID, MQRO_COA_WITH_FULL_DATA, MQRO_COD_WITH_FULL_DATA, MQRO_EXPIRATION_WITH_FULL_DATA, MQRO_EXCEPTION_WITH_FULL_DATA
&lt;null&gt;
73:
Default, MQRO_COPY_MSG_ID_TO_CORREL_ID, MQRO_NEW_MSG_ID, MQRO_NONE, MQRO_PAN, MQRO_PASS_CORREL_ID, MQRO_PASS_MSG_ID, MQRO_COA_WITH_FULL_DATA, MQRO_COD_WITH_DATA, MQRO_EXPIRATION_WITH_DATA, MQRO_EXCEPTION_WITH_FULL_DATA, MQRO_DISCARD_MSG
&lt;null&gt;
74:
Default, MQRO_COPY_MSG_ID_TO_CORREL_ID, MQRO_NEW_MSG_ID, MQRO_NONE, MQRO_PAN, MQRO_NAN, MQRO_PASS_CORREL_ID, MQRO_PASS_MSG_ID, MQRO_COA_WITH_FULL_DATA, MQRO_COD_WITH_DATA, MQRO_EXPIRATION_WITH_DATA, MQRO_EXCEPTION_WITH_FULL_DATA, MQRO_DISCARD_MSG
&lt;null&gt;
75:
Default, MQRO_COPY_MSG_ID_TO_CORREL_ID, MQRO_NEW_MSG_ID, MQRO_NONE, MQRO_PAN, MQRO_NAN, MQRO_PASS_CORREL_ID, MQRO_PASS_MSG_ID, MQRO_COA_WITH_FULL_DATA, MQRO_COD_WITH_FULL_DATA, MQRO_EXPIRATION_WITH_FULL_DATA, MQRO_EXCEPTION_WITH_FULL_DATA
&lt;null&gt;
76:
Default, MQRO_COPY_MSG_ID_TO_CORREL_ID, MQRO_NEW_MSG_ID, MQRO_NONE, MQRO_PAN, MQRO_NAN, MQRO_PASS_CORREL_ID, MQRO_PASS_MSG_ID, MQRO_COA_WITH_FULL_DATA, MQRO_COD_WITH_FULL_DATA, MQRO_EXPIRATION_WITH_FULL_DATA, MQRO_EXCEPTION_WITH_FULL_DATA, MQRO_DISCARD_MSG
&lt;null&gt;
77:
Default, MQRO_COPY_MSG_ID_TO_CORREL_ID, MQRO_NEW_MSG_ID, MQRO_NONE, MQRO_COA_WITH_FULL_DATA, MQRO_COD_WITH_DATA, MQRO_EXPIRATION_WITH_FULL_DATA, MQRO_EXCEPTION_WITH_FULL_DATA, MQRO_DISCARD_MSG
77:
Default, MQRO_COPY_MSG_ID_TO_CORREL_ID, MQRO_NEW_MSG_ID, MQRO_NONE, MQRO_NAN, MQRO_PASS_CORREL_ID, MQRO_COA_WITH_DATA, MQRO_COD_WITH_DATA, MQRO_EXPIRATION_WITH_FULL_DATA, MQRO_EXCEPTION_WITH_FULL_DATA, MQRO_DISCARD_MSG
77:
Default, MQRO_COPY_MSG_ID_TO_CORREL_ID, MQRO_NEW_MSG_ID, MQRO_NONE, MQRO_PAN, MQRO_NAN, MQRO_PASS_MSG_ID, MQRO_COA_WITH_FULL_DATA, MQRO_COD_WITH_FULL_DATA, MQRO_EXPIRATION_WITH_FULL_DATA, MQRO_EXCEPTION_WITH_FULL_DATA, MQRO_DISCARD_MSG
&lt;null&gt;
78:
Default, MQRO_COPY_MSG_ID_TO_CORREL_ID, MQRO_NEW_MSG_ID, MQRO_NONE, MQRO_COA_WITH_DATA
78:
Default, MQRO_COPY_MSG_ID_TO_CORREL_ID, MQRO_NEW_MSG_ID, MQRO_NONE, MQRO_NAN, MQRO_PASS_CORREL_ID, MQRO_COA_WITH_DATA, MQRO_COD_WITH_DATA, MQRO_EXCEPTION_WITH_FULL_DATA, MQRO_DISCARD_MSG
78:
Default, MQRO_COPY_MSG_ID_TO_CORREL_ID, MQRO_NEW_MSG_ID, MQRO_NONE, MQRO_PAN, MQRO_NAN, MQRO_PASS_MSG_ID, MQRO_COA_WITH_FULL_DATA, MQRO_COD_WITH_DATA, MQRO_EXPIRATION_WITH_DATA, MQRO_EXCEPTION_WITH_DATA, MQRO_DISCARD_MSG
&lt;null&gt;
79:
Default, MQRO_COPY_MSG_ID_TO_CORREL_ID, MQRO_NEW_MSG_ID, MQRO_NONE, MQRO_PAN, MQRO_NAN, MQRO_PASS_CORREL_ID, MQRO_PASS_MSG_ID, MQRO_COA_WITH_FULL_DATA, MQRO_COD_WITH_DATA, MQRO_EXPIRATION_WITH_FULL_DATA, MQRO_EXCEPTION_WITH_FULL_DATA, MQRO_DISCARD_MSG
&lt;null&gt;
80:
Default, MQRO_COPY_MSG_ID_TO_CORREL_ID, MQRO_NEW_MSG_ID, MQRO_NONE, MQRO_PAN, MQRO_NAN, MQRO_PASS_CORREL_ID, MQRO_PASS_MSG_ID, MQRO_COA_WITH_DATA, MQRO_COD_WITH_FULL_DATA, MQRO_EXPIRATION_WITH_FULL_DATA, MQRO_EXCEPTION_WITH_FULL_DATA, MQRO_DISCARD_MSG
&lt;null&gt;
81:
Default, MQRO_COPY_MSG_ID_TO_CORREL_ID, MQRO_NEW_MSG_ID, MQRO_NONE, MQRO_PAN, MQRO_NAN, MQRO_PASS_CORREL_ID, MQRO_PASS_MSG_ID, MQRO_COA_WITH_FULL_DATA, MQRO_COD_WITH_DATA, MQRO_EXPIRATION_WITH_DATA, MQRO_EXCEPTION_WITH_DATA, MQRO_DISCARD_MSG
&lt;null&gt;
82:
Default, MQRO_COPY_MSG_ID_TO_CORREL_ID, MQRO_NEW_MSG_ID, MQRO_NONE, MQRO_PAN, MQRO_NAN, MQRO_PASS_CORREL_ID, MQRO_PASS_MSG_ID, MQRO_COA_WITH_FULL_DATA, MQRO_COD_WITH_FULL_DATA, MQRO_EXPIRATION_WITH_FULL_DATA, MQRO_EXCEPTION_WITH_FULL_DATA, MQRO_DISCARD_MSG
&lt;null&gt;
83:
Default, MQRO_COPY_MSG_ID_TO_CORREL_ID, MQRO_NEW_MSG_ID, MQRO_NONE, MQRO_PAN, MQRO_NAN, MQRO_PASS_CORREL_ID, MQRO_PASS_MSG_ID, MQRO_COA_WITH_FULL_DATA, MQRO_COD_WITH_DATA, MQRO_EXPIRATION_WITH_FULL_DATA, MQRO_EXCEPTION_WITH_FULL_DATA, MQRO_DISCARD_MSG
&lt;null&gt;
84:
Default, MQRO_COPY_MSG_ID_TO_CORREL_ID, MQRO_NEW_MSG_ID, MQRO_NONE, MQRO_PAN, MQRO_NAN, MQRO_PASS_CORREL_ID, MQRO_PASS_MSG_ID, MQRO_COA_WITH_FULL_DATA, MQRO_COD_WITH_FULL_DATA, MQRO_EXPIRATION_WITH_FULL_DATA, MQRO_EXCEPTION_WITH_FULL_DATA, MQRO_DISCARD_MSG
&lt;null&gt;
85:
Default, MQRO_COPY_MSG_ID_TO_CORREL_ID, MQRO_NEW_MSG_ID, MQRO_NONE, MQRO_EXCEPTION_WITH_FULL_DATA
85:
MQRO_DEAD_LETTER_Q
85:
Default, MQRO_COPY_MSG_ID_TO_CORREL_ID, MQRO_NEW_MSG_ID, MQRO_NONE, MQRO_COA, MQRO_COD_WITH_FULL_DATA, MQRO_EXCEPTION_WITH_FULL_DATA, MQRO_DISCARD_MSG
85:
Default, MQRO_COPY_MSG_ID_TO_CORREL_ID, MQRO_NEW_MSG_ID, MQRO_NONE, MQRO_PAN, MQRO_NAN, MQRO_PASS_CORREL_ID, MQRO_PASS_MSG_ID, MQRO_COA_WITH_FULL_DATA, MQRO_COD_WITH_FULL_DATA, MQRO_EXPIRATION_WITH_FULL_DATA, MQRO_EXCEPTION_WITH_FULL_DATA, MQRO_DISCARD_MSG
&lt;null&gt;
86:
Default, MQRO_COPY_MSG_ID_TO_CORREL_ID, MQRO_NEW_MSG_ID, MQRO_NONE, MQRO_COA_WITH_FULL_DATA
86:
Default, MQRO_COPY_MSG_ID_TO_CORREL_ID, MQRO_NEW_MSG_ID, MQRO_NONE, MQRO_NAN, MQRO_PASS_CORREL_ID, MQRO_COA_WITH_DATA, MQRO_COD_WITH_FULL_DATA, MQRO_EXPIRATION_WITH_FULL_DATA, MQRO_EXCEPTION_WITH_FULL_DATA
86:
Default, MQRO_COPY_MSG_ID_TO_CORREL_ID, MQRO_NEW_MSG_ID, MQRO_NONE, MQRO_PAN, MQRO_COA_WITH_FULL_DATA, MQRO_COD_WITH_FULL_DATA, MQRO_EXPIRATION_WITH_FULL_DATA, MQRO_EXCEPTION_WITH_DATA, MQRO_DISCARD_MSG
86:
Default, MQRO_COPY_MSG_ID_TO_CORREL_ID, MQRO_NEW_MSG_ID, MQRO_NONE, MQRO_EXPIRATION
86:
Default, MQRO_COPY_MSG_ID_TO_CORREL_ID, MQRO_NEW_MSG_ID, MQRO_NONE, MQRO_PAN, MQRO_NAN, MQRO_PASS_CORREL_ID, MQRO_COA_WITH_DATA, MQRO_COD_WITH_FULL_DATA, MQRO_EXPIRATION_WITH_FULL_DATA, MQRO_EXCEPTION_WITH_FULL_DATA
86:
Default, MQRO_COPY_MSG_ID_TO_CORREL_ID, MQRO_NEW_MSG_ID, MQRO_NONE, MQRO_PAN, MQRO_NAN, MQRO_PASS_CORREL_ID, MQRO_PASS_MSG_ID, MQRO_COA_WITH_FULL_DATA, MQRO_COD_WITH_FULL_DATA, MQRO_EXPIRATION_WITH_FULL_DATA, MQRO_EXCEPTION_WITH_FULL_DATA
&lt;null&gt;
87:
Default, MQRO_COPY_MSG_ID_TO_CORREL_ID, MQRO_NEW_MSG_ID, MQRO_NONE, MQRO_NAN, MQRO_PASS_CORREL_ID, MQRO_COA_WITH_FULL_DATA, MQRO_COD_WITH_FULL_DATA, MQRO_EXPIRATION_WITH_FULL_DATA, MQRO_EXCEPTION_WITH_FULL_DATA, MQRO_DISCARD_MSG
87:
MQRO_DEAD_LETTER_Q
87:
Default, MQRO_COPY_MSG_ID_TO_CORREL_ID, MQRO_NEW_MSG_ID, MQRO_NONE, MQRO_NAN, MQRO_COA_WITH_DATA, MQRO_COD_WITH_FULL_DATA, MQRO_EXPIRATION, MQRO_EXCEPTION_WITH_FULL_DATA, MQRO_DISCARD_MSG
87:
Default, MQRO_COPY_MSG_ID_TO_CORREL_ID, MQRO_NEW_MSG_ID, MQRO_NONE, MQRO_PAN, MQRO_NAN, MQRO_PASS_CORREL_ID, MQRO_PASS_MSG_ID, MQRO_COA_WITH_FULL_DATA, MQRO_COD_WITH_FULL_DATA, MQRO_EXPIRATION_WITH_FULL_DATA, MQRO_EXCEPTION_WITH_FULL_DATA, MQRO_DISCARD_MSG
&lt;null&gt;
88:
Default, MQRO_COPY_MSG_ID_TO_CORREL_ID, MQRO_NEW_MSG_ID, MQRO_NONE, MQRO_PAN, MQRO_NAN, MQRO_PASS_CORREL_ID, MQRO_PASS_MSG_ID, MQRO_COA_WITH_DATA, MQRO_COD_WITH_FULL_DATA, MQRO_EXPIRATION_WITH_FULL_DATA, MQRO_EXCEPTION_WITH_FULL_DATA, MQRO_DISCARD_MSG
&lt;null&gt;
89:
Default, MQRO_COPY_MSG_ID_TO_CORREL_ID, MQRO_NEW_MSG_ID, MQRO_NONE, MQRO_PAN, MQRO_NAN, MQRO_PASS_CORREL_ID, MQRO_PASS_MSG_ID, MQRO_COA_WITH_FULL_DATA, MQRO_COD_WITH_FULL_DATA, MQRO_EXPIRATION_WITH_FULL_DATA, MQRO_EXCEPTION_WITH_FULL_DATA, MQRO_DISCARD_MSG
&lt;null&gt;
90:
Default, MQRO_COPY_MSG_ID_TO_CORREL_ID, MQRO_NEW_MSG_ID, MQRO_NONE, MQRO_PAN, MQRO_NAN, MQRO_PASS_CORREL_ID, MQRO_PASS_MSG_ID, MQRO_COA_WITH_FULL_DATA, MQRO_COD_WITH_FULL_DATA, MQRO_EXPIRATION_WITH_FULL_DATA, MQRO_EXCEPTION_WITH_FULL_DATA, MQRO_DISCARD_MSG
&lt;null&gt;
91:
Default, MQRO_COPY_MSG_ID_TO_CORREL_ID, MQRO_NEW_MSG_ID, MQRO_NONE, MQRO_PAN, MQRO_NAN, MQRO_PASS_CORREL_ID, MQRO_PASS_MSG_ID, MQRO_COA_WITH_FULL_DATA, MQRO_COD_WITH_FULL_DATA, MQRO_EXPIRATION_WITH_FULL_DATA, MQRO_EXCEPTION_WITH_FULL_DATA, MQRO_DISCARD_MSG
&lt;null&gt;
92:
Default, MQRO_COPY_MSG_ID_TO_CORREL_ID, MQRO_NEW_MSG_ID, MQRO_NONE, MQRO_PASS_MSG_ID, MQRO_COA_WITH_FULL_DATA, MQRO_COD, MQRO_EXPIRATION, MQRO_EXCEPTION_WITH_FULL_DATA
&lt;null&gt;
93:
Default, MQRO_COPY_MSG_ID_TO_CORREL_ID, MQRO_NEW_MSG_ID, MQRO_NONE, MQRO_PAN, MQRO_NAN, MQRO_PASS_CORREL_ID, MQRO_COA_WITH_FULL_DATA, MQRO_COD_WITH_FULL_DATA, MQRO_EXPIRATION_WITH_FULL_DATA, MQRO_EXCEPTION_WITH_FULL_DATA, MQRO_DISCARD_MSG
93:
Default, MQRO_COPY_MSG_ID_TO_CORREL_ID, MQRO_NEW_MSG_ID, MQRO_NONE, MQRO_PAN, MQRO_NAN, MQRO_PASS_CORREL_ID, MQRO_PASS_MSG_ID, MQRO_COA_WITH_FULL_DATA, MQRO_COD_WITH_FULL_DATA, MQRO_EXPIRATION_WITH_FULL_DATA, MQRO_EXCEPTION_WITH_FULL_DATA, MQRO_DISCARD_MSG
&lt;null&gt;
94:
Default, MQRO_COPY_MSG_ID_TO_CORREL_ID, MQRO_NEW_MSG_ID, MQRO_NONE, MQRO_COD_WITH_FULL_DATA
94:
Default, MQRO_COPY_MSG_ID_TO_CORREL_ID, MQRO_NEW_MSG_ID, MQRO_NONE, MQRO_PAN, MQRO_NAN, MQRO_PASS_CORREL_ID, MQRO_PASS_MSG_ID, MQRO_COA_WITH_FULL_DATA, MQRO_COD_WITH_FULL_DATA, MQRO_EXPIRATION_WITH_FULL_DATA, MQRO_EXCEPTION_WITH_FULL_DATA, MQRO_DISCARD_MSG
&lt;null&gt;
95:
Default, MQRO_COPY_MSG_ID_TO_CORREL_ID, MQRO_NEW_MSG_ID, MQRO_NONE, MQRO_PAN, MQRO_NAN, MQRO_PASS_CORREL_ID, MQRO_PASS_MSG_ID, MQRO_COA_WITH_FULL_DATA, MQRO_COD_WITH_FULL_DATA, MQRO_EXPIRATION_WITH_FULL_DATA, MQRO_EXCEPTION_WITH_FULL_DATA, MQRO_DISCARD_MSG
&lt;null&gt;
96:
Default, MQRO_COPY_MSG_ID_TO_CORREL_ID, MQRO_NEW_MSG_ID, MQRO_NONE, MQRO_PAN, MQRO_NAN, MQRO_PASS_CORREL_ID, MQRO_PASS_MSG_ID, MQRO_COA_WITH_FULL_DATA, MQRO_COD_WITH_FULL_DATA, MQRO_EXPIRATION_WITH_FULL_DATA, MQRO_EXCEPTION_WITH_FULL_DATA, MQRO_DISCARD_MSG
&lt;null&gt;
97:
Default, MQRO_COPY_MSG_ID_TO_CORREL_ID, MQRO_NEW_MSG_ID, MQRO_NONE, MQRO_PAN, MQRO_NAN, MQRO_PASS_CORREL_ID, MQRO_PASS_MSG_ID, MQRO_COA_WITH_FULL_DATA, MQRO_COD_WITH_FULL_DATA, MQRO_EXPIRATION_WITH_FULL_DATA, MQRO_EXCEPTION_WITH_FULL_DATA, MQRO_DISCARD_MSG
&lt;null&gt;
98:
Default, MQRO_COPY_MSG_ID_TO_CORREL_ID, MQRO_NEW_MSG_ID, MQRO_NONE, MQRO_PAN, MQRO_NAN, MQRO_PASS_CORREL_ID, MQRO_PASS_MSG_ID, MQRO_COA_WITH_FULL_DATA, MQRO_COD_WITH_FULL_DATA, MQRO_EXPIRATION_WITH_FULL_DATA, MQRO_EXCEPTION_WITH_FULL_DATA, MQRO_DISCARD_MSG
&lt;null&gt;
99:
Default, MQRO_COPY_MSG_ID_TO_CORREL_ID, MQRO_NEW_MSG_ID, MQRO_NONE, MQRO_PAN, MQRO_NAN, MQRO_PASS_CORREL_ID, MQRO_PASS_MSG_ID, MQRO_COA_WITH_FULL_DATA, MQRO_COD_WITH_DATA, MQRO_EXPIRATION_WITH_FULL_DATA, MQRO_EXCEPTION_WITH_FULL_DATA
&lt;null&gt;
Ok, passed 100 tests.</StdOut>
      </Output>
    </UnitTestResult>
    <UnitTestResult executionId="ba5f1044-0d27-4174-ada8-bbfcdf842490" testId="b9185f94-7fb8-adf8-ffd1-fda34110fb4d" testName="ReportCorrelationId_Default_ReturnsZero" computerName="ICSWS068" duration="00:00:00.0002519" startTime="2016-08-04T09:57:41.0621176+02:00" endTime="2016-08-04T09:57:41.0638078+02:00" testType="13cdc9d9-ddb5-4fa4-a97d-d965ccfc6d4b" outcome="Passed" testListId="8c84fa94-04c1-424b-9868-57a2d4851a1d" relativeResultsDirectory="ba5f1044-0d27-4174-ada8-bbfcdf842490" />
    <UnitTestResult executionId="23efb597-cf83-41b4-807b-08259f0b4ae6" testId="b1200cfc-0585-4d02-a099-1b19926c2157" testName="ReportCorrelationId_ForAllReport_ReturnsZeroIfNotInReport" computerName="ICSWS068" duration="00:00:00.0271512" startTime="2016-08-04T09:57:41.0663081+02:00" endTime="2016-08-04T09:57:41.0952724+02:00" testType="13cdc9d9-ddb5-4fa4-a97d-d965ccfc6d4b" outcome="Passed" testListId="8c84fa94-04c1-424b-9868-57a2d4851a1d" relativeResultsDirectory="23efb597-cf83-41b4-807b-08259f0b4ae6">
      <Output>
        <StdOut>0:
MQRO_DEAD_LETTER_Q
&lt;null&gt;
1:
MQRO_DEAD_LETTER_Q
&lt;null&gt;
2:
Default, MQRO_COPY_MSG_ID_TO_CORREL_ID, MQRO_NEW_MSG_ID, MQRO_NONE, MQRO_EXCEPTION
&lt;null&gt;
3:
Default, MQRO_COPY_MSG_ID_TO_CORREL_ID, MQRO_NEW_MSG_ID, MQRO_NONE, MQRO_COD, MQRO_EXPIRATION_WITH_DATA
&lt;null&gt;
4:
Default, MQRO_COPY_MSG_ID_TO_CORREL_ID, MQRO_NEW_MSG_ID, MQRO_NONE, MQRO_COD, MQRO_EXCEPTION_WITH_FULL_DATA
&lt;null&gt;
5:
Default, MQRO_COPY_MSG_ID_TO_CORREL_ID, MQRO_NEW_MSG_ID, MQRO_NONE, MQRO_EXPIRATION_WITH_FULL_DATA
&lt;null&gt;
6:
Default, MQRO_COPY_MSG_ID_TO_CORREL_ID, MQRO_NEW_MSG_ID, MQRO_NONE, MQRO_COD
&lt;null&gt;
7:
Default, MQRO_COPY_MSG_ID_TO_CORREL_ID, MQRO_NEW_MSG_ID, MQRO_NONE, MQRO_PAN
&lt;null&gt;
8:
Default, MQRO_COPY_MSG_ID_TO_CORREL_ID, MQRO_NEW_MSG_ID, MQRO_NONE, MQRO_COD, MQRO_EXPIRATION_WITH_DATA
&lt;null&gt;
9:
Default, MQRO_COPY_MSG_ID_TO_CORREL_ID, MQRO_NEW_MSG_ID, MQRO_NONE, MQRO_PASS_MSG_ID, MQRO_EXPIRATION_WITH_DATA, MQRO_EXCEPTION
&lt;null&gt;
10:
Default, MQRO_COPY_MSG_ID_TO_CORREL_ID, MQRO_NEW_MSG_ID, MQRO_NONE, MQRO_NAN, MQRO_COD_WITH_FULL_DATA
&lt;null&gt;
11:
MQRO_DEAD_LETTER_Q
&lt;null&gt;
12:
Default, MQRO_COPY_MSG_ID_TO_CORREL_ID, MQRO_NEW_MSG_ID, MQRO_NONE, MQRO_PAN, MQRO_NAN, MQRO_EXPIRATION_WITH_DATA, MQRO_EXCEPTION_WITH_FULL_DATA
&lt;null&gt;
13:
Default, MQRO_COPY_MSG_ID_TO_CORREL_ID, MQRO_NEW_MSG_ID, MQRO_NONE, MQRO_NAN, MQRO_PASS_CORREL_ID, MQRO_COA_WITH_DATA, MQRO_COD_WITH_DATA, MQRO_EXCEPTION, MQRO_DISCARD_MSG
13:
Default, MQRO_COPY_MSG_ID_TO_CORREL_ID, MQRO_NEW_MSG_ID, MQRO_NONE, MQRO_COA_WITH_DATA, MQRO_EXCEPTION, MQRO_DISCARD_MSG
&lt;null&gt;
14:
Default, MQRO_COPY_MSG_ID_TO_CORREL_ID, MQRO_NEW_MSG_ID, MQRO_NONE, MQRO_PASS_MSG_ID, MQRO_COA_WITH_FULL_DATA, MQRO_COD
&lt;null&gt;
15:
Default, MQRO_COPY_MSG_ID_TO_CORREL_ID, MQRO_NEW_MSG_ID, MQRO_NONE, MQRO_NAN, MQRO_PASS_MSG_ID, MQRO_COA_WITH_FULL_DATA, MQRO_COD_WITH_FULL_DATA, MQRO_EXPIRATION_WITH_FULL_DATA, MQRO_EXCEPTION_WITH_DATA, MQRO_DISCARD_MSG
&lt;null&gt;
16:
Default, MQRO_COPY_MSG_ID_TO_CORREL_ID, MQRO_NEW_MSG_ID, MQRO_NONE, MQRO_NAN, MQRO_COA_WITH_DATA, MQRO_COD_WITH_DATA, MQRO_EXCEPTION_WITH_FULL_DATA, MQRO_DISCARD_MSG
&lt;null&gt;
17:
Default, MQRO_COPY_MSG_ID_TO_CORREL_ID, MQRO_NEW_MSG_ID, MQRO_NONE, MQRO_COA_WITH_FULL_DATA, MQRO_COD_WITH_FULL_DATA, MQRO_EXPIRATION
&lt;null&gt;
18:
MQRO_DEAD_LETTER_Q
&lt;null&gt;
19:
MQRO_DEAD_LETTER_Q
&lt;null&gt;
20:
Default, MQRO_COPY_MSG_ID_TO_CORREL_ID, MQRO_NEW_MSG_ID, MQRO_NONE, MQRO_PAN, MQRO_COD, MQRO_EXPIRATION_WITH_DATA
&lt;null&gt;
21:
Default, MQRO_COPY_MSG_ID_TO_CORREL_ID, MQRO_NEW_MSG_ID, MQRO_NONE, MQRO_PAN, MQRO_PASS_CORREL_ID, MQRO_COD, MQRO_EXPIRATION, MQRO_EXCEPTION_WITH_FULL_DATA
21:
Default, MQRO_COPY_MSG_ID_TO_CORREL_ID, MQRO_NEW_MSG_ID, MQRO_NONE, MQRO_PASS_MSG_ID, MQRO_COA_WITH_FULL_DATA, MQRO_EXPIRATION_WITH_DATA, MQRO_EXCEPTION_WITH_DATA
&lt;null&gt;
22:
Default, MQRO_COPY_MSG_ID_TO_CORREL_ID, MQRO_NEW_MSG_ID, MQRO_NONE, MQRO_NAN, MQRO_PASS_CORREL_ID, MQRO_COA_WITH_DATA, MQRO_COD_WITH_DATA, MQRO_EXCEPTION, MQRO_DISCARD_MSG
22:
MQRO_DEAD_LETTER_Q
&lt;null&gt;
23:
MQRO_DEAD_LETTER_Q
&lt;null&gt;
24:
MQRO_DEAD_LETTER_Q
&lt;null&gt;
25:
Default, MQRO_COPY_MSG_ID_TO_CORREL_ID, MQRO_NEW_MSG_ID, MQRO_NONE, MQRO_PAN, MQRO_PASS_CORREL_ID, MQRO_COD_WITH_DATA, MQRO_EXPIRATION_WITH_FULL_DATA, MQRO_EXCEPTION_WITH_FULL_DATA, MQRO_DISCARD_MSG
25:
MQRO_DEAD_LETTER_Q
&lt;null&gt;
26:
Default, MQRO_COPY_MSG_ID_TO_CORREL_ID, MQRO_NEW_MSG_ID, MQRO_NONE, MQRO_NAN, MQRO_COA_WITH_DATA, MQRO_EXPIRATION_WITH_FULL_DATA, MQRO_EXCEPTION_WITH_FULL_DATA, MQRO_DISCARD_MSG
&lt;null&gt;
27:
Default, MQRO_COPY_MSG_ID_TO_CORREL_ID, MQRO_NEW_MSG_ID, MQRO_NONE, MQRO_PASS_CORREL_ID, MQRO_COA_WITH_DATA, MQRO_COD_WITH_FULL_DATA, MQRO_EXPIRATION_WITH_DATA, MQRO_EXCEPTION_WITH_FULL_DATA, MQRO_DISCARD_MSG
27:
Default, MQRO_COPY_MSG_ID_TO_CORREL_ID, MQRO_NEW_MSG_ID, MQRO_NONE, MQRO_COA_WITH_DATA, MQRO_EXPIRATION_WITH_FULL_DATA, MQRO_EXCEPTION
&lt;null&gt;
28:
Default, MQRO_COPY_MSG_ID_TO_CORREL_ID, MQRO_NEW_MSG_ID, MQRO_NONE, MQRO_PAN, MQRO_PASS_CORREL_ID, MQRO_PASS_MSG_ID, MQRO_COA_WITH_FULL_DATA, MQRO_COD_WITH_FULL_DATA, MQRO_EXPIRATION_WITH_FULL_DATA, MQRO_EXCEPTION_WITH_DATA, MQRO_DISCARD_MSG
28:
Default, MQRO_COPY_MSG_ID_TO_CORREL_ID, MQRO_NEW_MSG_ID, MQRO_NONE, MQRO_PASS_CORREL_ID, MQRO_COD, MQRO_EXPIRATION, MQRO_EXCEPTION_WITH_FULL_DATA
28:
Default, MQRO_COPY_MSG_ID_TO_CORREL_ID, MQRO_NEW_MSG_ID, MQRO_NONE, MQRO_PAN, MQRO_PASS_CORREL_ID, MQRO_PASS_MSG_ID, MQRO_COA_WITH_FULL_DATA, MQRO_COD_WITH_FULL_DATA, MQRO_EXPIRATION_WITH_FULL_DATA, MQRO_EXCEPTION_WITH_DATA
28:
Default, MQRO_COPY_MSG_ID_TO_CORREL_ID, MQRO_NEW_MSG_ID, MQRO_NONE, MQRO_PASS_CORREL_ID, MQRO_COD_WITH_FULL_DATA, MQRO_EXPIRATION_WITH_FULL_DATA, MQRO_EXCEPTION
28:
Default, MQRO_COPY_MSG_ID_TO_CORREL_ID, MQRO_NEW_MSG_ID, MQRO_NONE, MQRO_DISCARD_MSG
&lt;null&gt;
29:
Default, MQRO_COPY_MSG_ID_TO_CORREL_ID, MQRO_NEW_MSG_ID, MQRO_NONE, MQRO_COA, MQRO_COD, MQRO_EXPIRATION_WITH_FULL_DATA, MQRO_EXCEPTION_WITH_FULL_DATA
&lt;null&gt;
30:
Default, MQRO_COPY_MSG_ID_TO_CORREL_ID, MQRO_NEW_MSG_ID, MQRO_NONE, MQRO_NAN, MQRO_PASS_MSG_ID, MQRO_COA_WITH_FULL_DATA, MQRO_COD_WITH_FULL_DATA, MQRO_EXPIRATION_WITH_FULL_DATA, MQRO_EXCEPTION_WITH_FULL_DATA, MQRO_DISCARD_MSG
&lt;null&gt;
31:
Default, MQRO_COPY_MSG_ID_TO_CORREL_ID, MQRO_NEW_MSG_ID, MQRO_NONE, MQRO_PASS_CORREL_ID, MQRO_COD, MQRO_EXPIRATION, MQRO_EXCEPTION_WITH_FULL_DATA
31:
Default, MQRO_COPY_MSG_ID_TO_CORREL_ID, MQRO_NEW_MSG_ID, MQRO_NONE, MQRO_NAN, MQRO_PASS_CORREL_ID, MQRO_COA_WITH_DATA, MQRO_EXPIRATION_WITH_FULL_DATA, MQRO_EXCEPTION_WITH_FULL_DATA, MQRO_DISCARD_MSG
31:
Default, MQRO_COPY_MSG_ID_TO_CORREL_ID, MQRO_NEW_MSG_ID, MQRO_NONE, MQRO_PASS_CORREL_ID, MQRO_COD_WITH_FULL_DATA, MQRO_EXPIRATION_WITH_DATA, MQRO_EXCEPTION
31:
MQRO_DEAD_LETTER_Q
&lt;null&gt;
32:
Default, MQRO_COPY_MSG_ID_TO_CORREL_ID, MQRO_NEW_MSG_ID, MQRO_NONE, MQRO_PAN, MQRO_COD_WITH_DATA, MQRO_EXCEPTION_WITH_DATA
&lt;null&gt;
33:
Default, MQRO_COPY_MSG_ID_TO_CORREL_ID, MQRO_NEW_MSG_ID, MQRO_NONE, MQRO_PASS_CORREL_ID, MQRO_EXPIRATION
33:
Default, MQRO_COPY_MSG_ID_TO_CORREL_ID, MQRO_NEW_MSG_ID, MQRO_NONE, MQRO_PAN, MQRO_NAN, MQRO_PASS_CORREL_ID, MQRO_PASS_MSG_ID, MQRO_COA_WITH_FULL_DATA, MQRO_COD_WITH_FULL_DATA, MQRO_EXPIRATION_WITH_DATA, MQRO_EXCEPTION_WITH_DATA, MQRO_DISCARD_MSG
33:
MQRO_DEAD_LETTER_Q
&lt;null&gt;
34:
Default, MQRO_COPY_MSG_ID_TO_CORREL_ID, MQRO_NEW_MSG_ID, MQRO_NONE, MQRO_NAN, MQRO_PASS_MSG_ID, MQRO_COA_WITH_FULL_DATA, MQRO_COD_WITH_FULL_DATA, MQRO_EXPIRATION_WITH_DATA, MQRO_EXCEPTION_WITH_DATA, MQRO_DISCARD_MSG
&lt;null&gt;
35:
Default, MQRO_COPY_MSG_ID_TO_CORREL_ID, MQRO_NEW_MSG_ID, MQRO_NONE, MQRO_PASS_MSG_ID, MQRO_COA_WITH_FULL_DATA, MQRO_COD_WITH_FULL_DATA, MQRO_EXPIRATION_WITH_FULL_DATA, MQRO_EXCEPTION_WITH_DATA
&lt;null&gt;
36:
Default, MQRO_COPY_MSG_ID_TO_CORREL_ID, MQRO_NEW_MSG_ID, MQRO_NONE, MQRO_COA, MQRO_COD, MQRO_EXPIRATION_WITH_DATA
&lt;null&gt;
37:
Default, MQRO_COPY_MSG_ID_TO_CORREL_ID, MQRO_NEW_MSG_ID, MQRO_NONE, MQRO_COA_WITH_DATA, MQRO_EXPIRATION_WITH_FULL_DATA
&lt;null&gt;
38:
Default, MQRO_COPY_MSG_ID_TO_CORREL_ID, MQRO_NEW_MSG_ID, MQRO_NONE, MQRO_PAN, MQRO_PASS_CORREL_ID, MQRO_PASS_MSG_ID, MQRO_COA_WITH_FULL_DATA, MQRO_COD_WITH_DATA, MQRO_EXPIRATION_WITH_DATA, MQRO_EXCEPTION_WITH_DATA, MQRO_DISCARD_MSG
38:
Default, MQRO_COPY_MSG_ID_TO_CORREL_ID, MQRO_NEW_MSG_ID, MQRO_NONE, MQRO_PASS_CORREL_ID, MQRO_EXPIRATION_WITH_FULL_DATA, MQRO_EXCEPTION_WITH_DATA, MQRO_DISCARD_MSG
38:
Default, MQRO_COPY_MSG_ID_TO_CORREL_ID, MQRO_NEW_MSG_ID, MQRO_NONE, MQRO_PAN, MQRO_PASS_MSG_ID, MQRO_COA_WITH_FULL_DATA, MQRO_COD_WITH_FULL_DATA, MQRO_EXPIRATION_WITH_FULL_DATA, MQRO_EXCEPTION_WITH_FULL_DATA
&lt;null&gt;
39:
Default, MQRO_COPY_MSG_ID_TO_CORREL_ID, MQRO_NEW_MSG_ID, MQRO_NONE, MQRO_PASS_CORREL_ID, MQRO_COA_WITH_FULL_DATA, MQRO_COD_WITH_FULL_DATA, MQRO_DISCARD_MSG
39:
MQRO_DEAD_LETTER_Q
&lt;null&gt;
40:
Default, MQRO_COPY_MSG_ID_TO_CORREL_ID, MQRO_NEW_MSG_ID, MQRO_NONE, MQRO_PAN, MQRO_COA_WITH_DATA, MQRO_COD, MQRO_EXPIRATION_WITH_DATA
&lt;null&gt;
41:
Default, MQRO_COPY_MSG_ID_TO_CORREL_ID, MQRO_NEW_MSG_ID, MQRO_NONE, MQRO_COA_WITH_DATA, MQRO_COD_WITH_DATA, MQRO_EXPIRATION_WITH_DATA
&lt;null&gt;
42:
Default, MQRO_COPY_MSG_ID_TO_CORREL_ID, MQRO_NEW_MSG_ID, MQRO_NONE, MQRO_PAN, MQRO_PASS_CORREL_ID, MQRO_PASS_MSG_ID, MQRO_COA_WITH_FULL_DATA, MQRO_COD_WITH_FULL_DATA, MQRO_EXPIRATION_WITH_FULL_DATA, MQRO_EXCEPTION_WITH_FULL_DATA, MQRO_DISCARD_MSG
42:
Default, MQRO_COPY_MSG_ID_TO_CORREL_ID, MQRO_NEW_MSG_ID, MQRO_NONE, MQRO_NAN, MQRO_PASS_CORREL_ID, MQRO_COA_WITH_FULL_DATA, MQRO_COD_WITH_FULL_DATA, MQRO_EXPIRATION_WITH_FULL_DATA, MQRO_EXCEPTION_WITH_FULL_DATA
42:
MQRO_DEAD_LETTER_Q
&lt;null&gt;
43:
Default, MQRO_COPY_MSG_ID_TO_CORREL_ID, MQRO_NEW_MSG_ID, MQRO_NONE, MQRO_NAN, MQRO_PASS_CORREL_ID, MQRO_COA_WITH_DATA, MQRO_EXPIRATION, MQRO_EXCEPTION_WITH_FULL_DATA
43:
Default, MQRO_COPY_MSG_ID_TO_CORREL_ID, MQRO_NEW_MSG_ID, MQRO_NONE, MQRO_NAN, MQRO_PASS_CORREL_ID, MQRO_PASS_MSG_ID, MQRO_COA_WITH_FULL_DATA, MQRO_COD_WITH_FULL_DATA, MQRO_EXPIRATION_WITH_FULL_DATA, MQRO_EXCEPTION_WITH_FULL_DATA, MQRO_DISCARD_MSG
43:
Default, MQRO_COPY_MSG_ID_TO_CORREL_ID, MQRO_NEW_MSG_ID, MQRO_NONE, MQRO_COD_WITH_DATA, MQRO_DISCARD_MSG
&lt;null&gt;
44:
Default, MQRO_COPY_MSG_ID_TO_CORREL_ID, MQRO_NEW_MSG_ID, MQRO_NONE, MQRO_PAN, MQRO_NAN, MQRO_PASS_CORREL_ID, MQRO_PASS_MSG_ID, MQRO_COA_WITH_FULL_DATA, MQRO_COD_WITH_FULL_DATA, MQRO_EXPIRATION_WITH_FULL_DATA, MQRO_EXCEPTION_WITH_FULL_DATA, MQRO_DISCARD_MSG
44:
Default, MQRO_COPY_MSG_ID_TO_CORREL_ID, MQRO_NEW_MSG_ID, MQRO_NONE, MQRO_PAN, MQRO_NAN, MQRO_COA, MQRO_COD_WITH_FULL_DATA, MQRO_EXPIRATION_WITH_FULL_DATA, MQRO_EXCEPTION_WITH_FULL_DATA
&lt;null&gt;
45:
Default, MQRO_COPY_MSG_ID_TO_CORREL_ID, MQRO_NEW_MSG_ID, MQRO_NONE, MQRO_PAN, MQRO_NAN, MQRO_PASS_CORREL_ID, MQRO_PASS_MSG_ID, MQRO_COA_WITH_FULL_DATA, MQRO_COD_WITH_FULL_DATA, MQRO_EXPIRATION_WITH_DATA, MQRO_EXCEPTION_WITH_DATA, MQRO_DISCARD_MSG
45:
Default, MQRO_COPY_MSG_ID_TO_CORREL_ID, MQRO_NEW_MSG_ID, MQRO_NONE, MQRO_PAN, MQRO_NAN, MQRO_PASS_MSG_ID, MQRO_COA_WITH_FULL_DATA, MQRO_COD, MQRO_EXPIRATION, MQRO_EXCEPTION_WITH_FULL_DATA
&lt;null&gt;
46:
Default, MQRO_COPY_MSG_ID_TO_CORREL_ID, MQRO_NEW_MSG_ID, MQRO_NONE, MQRO_PAN, MQRO_NAN, MQRO_PASS_MSG_ID, MQRO_COA_WITH_FULL_DATA, MQRO_COD_WITH_FULL_DATA, MQRO_EXPIRATION_WITH_FULL_DATA, MQRO_EXCEPTION_WITH_FULL_DATA, MQRO_DISCARD_MSG
&lt;null&gt;
47:
Default, MQRO_COPY_MSG_ID_TO_CORREL_ID, MQRO_NEW_MSG_ID, MQRO_NONE, MQRO_PASS_MSG_ID, MQRO_EXPIRATION_WITH_DATA
&lt;null&gt;
48:
Default, MQRO_COPY_MSG_ID_TO_CORREL_ID, MQRO_NEW_MSG_ID, MQRO_NONE, MQRO_NAN, MQRO_PASS_CORREL_ID, MQRO_COA_WITH_DATA, MQRO_COD_WITH_DATA, MQRO_EXPIRATION, MQRO_EXCEPTION, MQRO_DISCARD_MSG
48:
Default, MQRO_COPY_MSG_ID_TO_CORREL_ID, MQRO_NEW_MSG_ID, MQRO_NONE, MQRO_PAN, MQRO_NAN, MQRO_PASS_CORREL_ID, MQRO_PASS_MSG_ID, MQRO_COA_WITH_FULL_DATA, MQRO_COD_WITH_FULL_DATA, MQRO_EXPIRATION_WITH_FULL_DATA, MQRO_EXCEPTION_WITH_FULL_DATA, MQRO_DISCARD_MSG
48:
Default, MQRO_COPY_MSG_ID_TO_CORREL_ID, MQRO_NEW_MSG_ID, MQRO_NONE, MQRO_NAN, MQRO_COA, MQRO_COD_WITH_FULL_DATA, MQRO_EXPIRATION_WITH_FULL_DATA, MQRO_DISCARD_MSG
&lt;null&gt;
49:
Default, MQRO_COPY_MSG_ID_TO_CORREL_ID, MQRO_NEW_MSG_ID, MQRO_NONE, MQRO_PAN, MQRO_NAN, MQRO_PASS_CORREL_ID, MQRO_PASS_MSG_ID, MQRO_COA_WITH_FULL_DATA, MQRO_COD_WITH_FULL_DATA, MQRO_EXPIRATION_WITH_FULL_DATA, MQRO_EXCEPTION_WITH_FULL_DATA, MQRO_DISCARD_MSG
49:
Default, MQRO_COPY_MSG_ID_TO_CORREL_ID, MQRO_NEW_MSG_ID, MQRO_NONE, MQRO_PAN, MQRO_NAN, MQRO_PASS_CORREL_ID, MQRO_PASS_MSG_ID, MQRO_COA_WITH_DATA, MQRO_COD_WITH_DATA, MQRO_EXPIRATION_WITH_DATA, MQRO_EXCEPTION, MQRO_DISCARD_MSG
49:
Default, MQRO_COPY_MSG_ID_TO_CORREL_ID, MQRO_NEW_MSG_ID, MQRO_NONE, MQRO_EXPIRATION_WITH_FULL_DATA
&lt;null&gt;
50:
Default, MQRO_COPY_MSG_ID_TO_CORREL_ID, MQRO_NEW_MSG_ID, MQRO_NONE, MQRO_PAN, MQRO_NAN, MQRO_PASS_MSG_ID, MQRO_COA_WITH_FULL_DATA, MQRO_COD_WITH_FULL_DATA, MQRO_EXPIRATION_WITH_DATA, MQRO_EXCEPTION_WITH_FULL_DATA
&lt;null&gt;
51:
Default, MQRO_COPY_MSG_ID_TO_CORREL_ID, MQRO_NEW_MSG_ID, MQRO_NONE, MQRO_NAN, MQRO_PASS_MSG_ID, MQRO_COA_WITH_FULL_DATA, MQRO_COD_WITH_FULL_DATA, MQRO_EXPIRATION_WITH_FULL_DATA, MQRO_EXCEPTION_WITH_FULL_DATA
&lt;null&gt;
52:
Default, MQRO_COPY_MSG_ID_TO_CORREL_ID, MQRO_NEW_MSG_ID, MQRO_NONE, MQRO_NAN, MQRO_PASS_CORREL_ID, MQRO_PASS_MSG_ID, MQRO_COA_WITH_FULL_DATA, MQRO_COD_WITH_FULL_DATA, MQRO_EXPIRATION_WITH_FULL_DATA, MQRO_EXCEPTION_WITH_FULL_DATA, MQRO_DISCARD_MSG
52:
Default, MQRO_COPY_MSG_ID_TO_CORREL_ID, MQRO_NEW_MSG_ID, MQRO_NONE, MQRO_EXPIRATION_WITH_DATA
&lt;null&gt;
53:
Default, MQRO_COPY_MSG_ID_TO_CORREL_ID, MQRO_NEW_MSG_ID, MQRO_NONE, MQRO_DISCARD_MSG
&lt;null&gt;
54:
Default, MQRO_COPY_MSG_ID_TO_CORREL_ID, MQRO_NEW_MSG_ID, MQRO_NONE, MQRO_PASS_CORREL_ID, MQRO_COA_WITH_DATA, MQRO_COD_WITH_FULL_DATA, MQRO_EXPIRATION_WITH_FULL_DATA, MQRO_EXCEPTION_WITH_FULL_DATA, MQRO_DISCARD_MSG
54:
Default, MQRO_COPY_MSG_ID_TO_CORREL_ID, MQRO_NEW_MSG_ID, MQRO_NONE, MQRO_PAN, MQRO_NAN, MQRO_PASS_CORREL_ID, MQRO_PASS_MSG_ID, MQRO_COA_WITH_FULL_DATA, MQRO_COD_WITH_FULL_DATA, MQRO_EXPIRATION_WITH_FULL_DATA, MQRO_EXCEPTION_WITH_FULL_DATA, MQRO_DISCARD_MSG
54:
Default, MQRO_COPY_MSG_ID_TO_CORREL_ID, MQRO_NEW_MSG_ID, MQRO_NONE, MQRO_PAN, MQRO_NAN, MQRO_PASS_CORREL_ID, MQRO_PASS_MSG_ID, MQRO_COA_WITH_DATA, MQRO_COD_WITH_DATA, MQRO_EXPIRATION_WITH_FULL_DATA, MQRO_EXCEPTION_WITH_FULL_DATA, MQRO_DISCARD_MSG
54:
Default, MQRO_COPY_MSG_ID_TO_CORREL_ID, MQRO_NEW_MSG_ID, MQRO_NONE, MQRO_PAN, MQRO_NAN, MQRO_PASS_CORREL_ID, MQRO_COA, MQRO_COD_WITH_FULL_DATA, MQRO_EXPIRATION_WITH_FULL_DATA, MQRO_EXCEPTION_WITH_FULL_DATA, MQRO_DISCARD_MSG
54:
Default, MQRO_COPY_MSG_ID_TO_CORREL_ID, MQRO_NEW_MSG_ID, MQRO_NONE, MQRO_PAN, MQRO_NAN, MQRO_PASS_CORREL_ID, MQRO_PASS_MSG_ID, MQRO_COA_WITH_FULL_DATA, MQRO_COD_WITH_FULL_DATA, MQRO_EXPIRATION_WITH_FULL_DATA, MQRO_EXCEPTION_WITH_DATA
54:
Default, MQRO_COPY_MSG_ID_TO_CORREL_ID, MQRO_NEW_MSG_ID, MQRO_NONE, MQRO_PAN, MQRO_NAN, MQRO_PASS_MSG_ID, MQRO_COA_WITH_FULL_DATA, MQRO_COD_WITH_FULL_DATA, MQRO_EXPIRATION_WITH_FULL_DATA, MQRO_EXCEPTION_WITH_FULL_DATA
&lt;null&gt;
55:
Default, MQRO_COPY_MSG_ID_TO_CORREL_ID, MQRO_NEW_MSG_ID, MQRO_NONE, MQRO_PAN, MQRO_PASS_MSG_ID, MQRO_COA, MQRO_EXCEPTION_WITH_DATA
&lt;null&gt;
56:
MQRO_DEAD_LETTER_Q
&lt;null&gt;
57:
Default, MQRO_COPY_MSG_ID_TO_CORREL_ID, MQRO_NEW_MSG_ID, MQRO_NONE, MQRO_PAN, MQRO_PASS_CORREL_ID, MQRO_PASS_MSG_ID, MQRO_COA_WITH_FULL_DATA, MQRO_COD_WITH_FULL_DATA, MQRO_EXPIRATION_WITH_DATA, MQRO_EXCEPTION_WITH_DATA, MQRO_DISCARD_MSG
57:
Default, MQRO_COPY_MSG_ID_TO_CORREL_ID, MQRO_NEW_MSG_ID, MQRO_NONE, MQRO_NAN, MQRO_COA_WITH_FULL_DATA, MQRO_COD_WITH_DATA, MQRO_EXPIRATION, MQRO_EXCEPTION_WITH_FULL_DATA
&lt;null&gt;
58:
Default, MQRO_COPY_MSG_ID_TO_CORREL_ID, MQRO_NEW_MSG_ID, MQRO_NONE, MQRO_NAN, MQRO_PASS_CORREL_ID, MQRO_COA_WITH_DATA, MQRO_EXCEPTION, MQRO_DISCARD_MSG
58:
Default, MQRO_COPY_MSG_ID_TO_CORREL_ID, MQRO_NEW_MSG_ID, MQRO_NONE, MQRO_COA
&lt;null&gt;
59:
Default, MQRO_COPY_MSG_ID_TO_CORREL_ID, MQRO_NEW_MSG_ID, MQRO_NONE, MQRO_PAN, MQRO_PASS_CORREL_ID, MQRO_PASS_MSG_ID, MQRO_COA_WITH_FULL_DATA, MQRO_COD_WITH_FULL_DATA, MQRO_EXPIRATION_WITH_FULL_DATA, MQRO_EXCEPTION_WITH_FULL_DATA, MQRO_DISCARD_MSG
59:
Default, MQRO_COPY_MSG_ID_TO_CORREL_ID, MQRO_NEW_MSG_ID, MQRO_NONE, MQRO_PAN, MQRO_NAN, MQRO_PASS_MSG_ID, MQRO_COA_WITH_FULL_DATA, MQRO_COD_WITH_FULL_DATA, MQRO_EXPIRATION_WITH_FULL_DATA, MQRO_EXCEPTION_WITH_FULL_DATA, MQRO_DISCARD_MSG
&lt;null&gt;
60:
Default, MQRO_COPY_MSG_ID_TO_CORREL_ID, MQRO_NEW_MSG_ID, MQRO_NONE, MQRO_PAN, MQRO_NAN, MQRO_PASS_MSG_ID, MQRO_COA_WITH_FULL_DATA, MQRO_COD_WITH_FULL_DATA, MQRO_EXPIRATION_WITH_FULL_DATA, MQRO_EXCEPTION_WITH_FULL_DATA, MQRO_DISCARD_MSG
&lt;null&gt;
61:
Default, MQRO_COPY_MSG_ID_TO_CORREL_ID, MQRO_NEW_MSG_ID, MQRO_NONE, MQRO_PASS_CORREL_ID, MQRO_COA_WITH_FULL_DATA, MQRO_COD_WITH_FULL_DATA, MQRO_DISCARD_MSG
61:
Default, MQRO_COPY_MSG_ID_TO_CORREL_ID, MQRO_NEW_MSG_ID, MQRO_NONE, MQRO_PAN, MQRO_NAN, MQRO_PASS_CORREL_ID, MQRO_PASS_MSG_ID, MQRO_COA_WITH_FULL_DATA, MQRO_COD_WITH_FULL_DATA, MQRO_EXPIRATION_WITH_FULL_DATA, MQRO_EXCEPTION_WITH_DATA
61:
Default, MQRO_COPY_MSG_ID_TO_CORREL_ID, MQRO_NEW_MSG_ID, MQRO_NONE, MQRO_PAN, MQRO_PASS_MSG_ID, MQRO_COA_WITH_FULL_DATA, MQRO_COD_WITH_FULL_DATA, MQRO_EXPIRATION_WITH_DATA, MQRO_EXCEPTION_WITH_DATA, MQRO_DISCARD_MSG
&lt;null&gt;
62:
Default, MQRO_COPY_MSG_ID_TO_CORREL_ID, MQRO_NEW_MSG_ID, MQRO_NONE, MQRO_PAN, MQRO_NAN, MQRO_PASS_CORREL_ID, MQRO_PASS_MSG_ID, MQRO_COA_WITH_DATA, MQRO_COD_WITH_DATA, MQRO_EXPIRATION_WITH_DATA, MQRO_EXCEPTION_WITH_DATA, MQRO_DISCARD_MSG
62:
Default, MQRO_COPY_MSG_ID_TO_CORREL_ID, MQRO_NEW_MSG_ID, MQRO_NONE, MQRO_PAN, MQRO_NAN, MQRO_PASS_CORREL_ID, MQRO_PASS_MSG_ID, MQRO_COA_WITH_FULL_DATA, MQRO_COD_WITH_FULL_DATA, MQRO_EXPIRATION_WITH_FULL_DATA, MQRO_EXCEPTION_WITH_FULL_DATA, MQRO_DISCARD_MSG
62:
Default, MQRO_COPY_MSG_ID_TO_CORREL_ID, MQRO_NEW_MSG_ID, MQRO_NONE, MQRO_DISCARD_MSG
&lt;null&gt;
63:
Default, MQRO_COPY_MSG_ID_TO_CORREL_ID, MQRO_NEW_MSG_ID, MQRO_NONE, MQRO_COA, MQRO_COD, MQRO_EXPIRATION_WITH_DATA
&lt;null&gt;
64:
Default, MQRO_COPY_MSG_ID_TO_CORREL_ID, MQRO_NEW_MSG_ID, MQRO_NONE, MQRO_PAN, MQRO_PASS_CORREL_ID, MQRO_PASS_MSG_ID, MQRO_COA_WITH_FULL_DATA, MQRO_COD_WITH_FULL_DATA, MQRO_EXPIRATION_WITH_DATA, MQRO_EXCEPTION_WITH_DATA
64:
Default, MQRO_COPY_MSG_ID_TO_CORREL_ID, MQRO_NEW_MSG_ID, MQRO_NONE, MQRO_PAN, MQRO_NAN, MQRO_PASS_CORREL_ID, MQRO_PASS_MSG_ID, MQRO_COA_WITH_FULL_DATA, MQRO_COD_WITH_FULL_DATA, MQRO_EXPIRATION_WITH_FULL_DATA, MQRO_EXCEPTION_WITH_DATA, MQRO_DISCARD_MSG
64:
Default, MQRO_COPY_MSG_ID_TO_CORREL_ID, MQRO_NEW_MSG_ID, MQRO_NONE, MQRO_PAN, MQRO_NAN, MQRO_PASS_MSG_ID, MQRO_COA_WITH_FULL_DATA, MQRO_COD_WITH_FULL_DATA, MQRO_EXPIRATION_WITH_FULL_DATA, MQRO_EXCEPTION_WITH_FULL_DATA, MQRO_DISCARD_MSG
&lt;null&gt;
65:
Default, MQRO_COPY_MSG_ID_TO_CORREL_ID, MQRO_NEW_MSG_ID, MQRO_NONE, MQRO_PAN, MQRO_COD_WITH_DATA, MQRO_DISCARD_MSG
&lt;null&gt;
66:
Default, MQRO_COPY_MSG_ID_TO_CORREL_ID, MQRO_NEW_MSG_ID, MQRO_NONE, MQRO_PAN, MQRO_NAN, MQRO_PASS_CORREL_ID, MQRO_PASS_MSG_ID, MQRO_COA_WITH_FULL_DATA, MQRO_COD_WITH_FULL_DATA, MQRO_EXPIRATION_WITH_FULL_DATA, MQRO_EXCEPTION_WITH_FULL_DATA, MQRO_DISCARD_MSG
66:
Default, MQRO_COPY_MSG_ID_TO_CORREL_ID, MQRO_NEW_MSG_ID, MQRO_NONE, MQRO_PAN, MQRO_NAN, MQRO_PASS_CORREL_ID, MQRO_PASS_MSG_ID, MQRO_COA_WITH_FULL_DATA, MQRO_COD_WITH_FULL_DATA, MQRO_EXPIRATION_WITH_FULL_DATA, MQRO_EXCEPTION_WITH_FULL_DATA, MQRO_DISCARD_MSG
66:
Default, MQRO_COPY_MSG_ID_TO_CORREL_ID, MQRO_NEW_MSG_ID, MQRO_NONE, MQRO_NAN, MQRO_PASS_MSG_ID, MQRO_COA_WITH_FULL_DATA, MQRO_COD_WITH_FULL_DATA, MQRO_EXPIRATION_WITH_FULL_DATA, MQRO_EXCEPTION_WITH_FULL_DATA
&lt;null&gt;
67:
Default, MQRO_COPY_MSG_ID_TO_CORREL_ID, MQRO_NEW_MSG_ID, MQRO_NONE, MQRO_COA_WITH_FULL_DATA, MQRO_EXCEPTION_WITH_DATA
&lt;null&gt;
68:
Default, MQRO_COPY_MSG_ID_TO_CORREL_ID, MQRO_NEW_MSG_ID, MQRO_NONE, MQRO_PASS_MSG_ID, MQRO_COD
&lt;null&gt;
69:
Default, MQRO_COPY_MSG_ID_TO_CORREL_ID, MQRO_NEW_MSG_ID, MQRO_NONE, MQRO_PAN, MQRO_PASS_CORREL_ID, MQRO_PASS_MSG_ID, MQRO_COA_WITH_DATA, MQRO_COD_WITH_DATA, MQRO_EXPIRATION_WITH_DATA, MQRO_EXCEPTION_WITH_FULL_DATA, MQRO_DISCARD_MSG
69:
Default, MQRO_COPY_MSG_ID_TO_CORREL_ID, MQRO_NEW_MSG_ID, MQRO_NONE, MQRO_PAN, MQRO_NAN, MQRO_PASS_MSG_ID, MQRO_COA_WITH_FULL_DATA, MQRO_COD_WITH_FULL_DATA, MQRO_EXPIRATION_WITH_FULL_DATA, MQRO_EXCEPTION_WITH_FULL_DATA, MQRO_DISCARD_MSG
&lt;null&gt;
70:
Default, MQRO_COPY_MSG_ID_TO_CORREL_ID, MQRO_NEW_MSG_ID, MQRO_NONE, MQRO_PAN, MQRO_PASS_CORREL_ID, MQRO_PASS_MSG_ID, MQRO_COA_WITH_FULL_DATA, MQRO_COD_WITH_FULL_DATA, MQRO_EXPIRATION_WITH_DATA, MQRO_EXCEPTION_WITH_DATA, MQRO_DISCARD_MSG
70:
Default, MQRO_COPY_MSG_ID_TO_CORREL_ID, MQRO_NEW_MSG_ID, MQRO_NONE, MQRO_PAN, MQRO_NAN, MQRO_PASS_CORREL_ID, MQRO_PASS_MSG_ID, MQRO_COA_WITH_FULL_DATA, MQRO_COD_WITH_DATA, MQRO_EXPIRATION_WITH_DATA, MQRO_EXCEPTION_WITH_DATA, MQRO_DISCARD_MSG
70:
Default, MQRO_COPY_MSG_ID_TO_CORREL_ID, MQRO_NEW_MSG_ID, MQRO_NONE, MQRO_PAN, MQRO_PASS_CORREL_ID, MQRO_PASS_MSG_ID, MQRO_COA_WITH_DATA, MQRO_COD_WITH_DATA, MQRO_EXPIRATION_WITH_DATA, MQRO_EXCEPTION_WITH_FULL_DATA, MQRO_DISCARD_MSG
70:
Default, MQRO_COPY_MSG_ID_TO_CORREL_ID, MQRO_NEW_MSG_ID, MQRO_NONE, MQRO_PAN, MQRO_NAN, MQRO_PASS_CORREL_ID, MQRO_PASS_MSG_ID, MQRO_COA_WITH_FULL_DATA, MQRO_COD_WITH_FULL_DATA, MQRO_EXPIRATION_WITH_FULL_DATA, MQRO_EXCEPTION_WITH_FULL_DATA, MQRO_DISCARD_MSG
70:
Default, MQRO_COPY_MSG_ID_TO_CORREL_ID, MQRO_NEW_MSG_ID, MQRO_NONE, MQRO_PAN, MQRO_PASS_MSG_ID, MQRO_COA_WITH_FULL_DATA, MQRO_COD_WITH_FULL_DATA, MQRO_EXPIRATION_WITH_FULL_DATA, MQRO_EXCEPTION_WITH_DATA
&lt;null&gt;
71:
Default, MQRO_COPY_MSG_ID_TO_CORREL_ID, MQRO_NEW_MSG_ID, MQRO_NONE, MQRO_PASS_CORREL_ID, MQRO_COA_WITH_DATA, MQRO_EXPIRATION, MQRO_EXCEPTION_WITH_DATA, MQRO_DISCARD_MSG
71:
Default, MQRO_COPY_MSG_ID_TO_CORREL_ID, MQRO_NEW_MSG_ID, MQRO_NONE, MQRO_NAN, MQRO_PASS_CORREL_ID, MQRO_PASS_MSG_ID, MQRO_COA_WITH_FULL_DATA, MQRO_COD_WITH_FULL_DATA, MQRO_EXPIRATION_WITH_FULL_DATA, MQRO_EXCEPTION_WITH_FULL_DATA, MQRO_DISCARD_MSG
71:
Default, MQRO_COPY_MSG_ID_TO_CORREL_ID, MQRO_NEW_MSG_ID, MQRO_NONE, MQRO_PAN, MQRO_NAN, MQRO_PASS_CORREL_ID, MQRO_PASS_MSG_ID, MQRO_COA_WITH_FULL_DATA, MQRO_COD_WITH_FULL_DATA, MQRO_EXPIRATION_WITH_FULL_DATA, MQRO_EXCEPTION_WITH_FULL_DATA, MQRO_DISCARD_MSG
71:
Default, MQRO_COPY_MSG_ID_TO_CORREL_ID, MQRO_NEW_MSG_ID, MQRO_NONE, MQRO_PAN, MQRO_NAN, MQRO_PASS_CORREL_ID, MQRO_COA_WITH_FULL_DATA, MQRO_COD_WITH_FULL_DATA, MQRO_EXPIRATION_WITH_FULL_DATA, MQRO_EXCEPTION_WITH_FULL_DATA, MQRO_DISCARD_MSG
71:
Default, MQRO_COPY_MSG_ID_TO_CORREL_ID, MQRO_NEW_MSG_ID, MQRO_NONE, MQRO_COA, MQRO_COD_WITH_DATA, MQRO_EXPIRATION
&lt;null&gt;
72:
Default, MQRO_COPY_MSG_ID_TO_CORREL_ID, MQRO_NEW_MSG_ID, MQRO_NONE, MQRO_PAN, MQRO_NAN, MQRO_PASS_CORREL_ID, MQRO_PASS_MSG_ID, MQRO_COA_WITH_FULL_DATA, MQRO_COD_WITH_FULL_DATA, MQRO_EXPIRATION_WITH_FULL_DATA, MQRO_EXCEPTION_WITH_DATA, MQRO_DISCARD_MSG
72:
Default, MQRO_COPY_MSG_ID_TO_CORREL_ID, MQRO_NEW_MSG_ID, MQRO_NONE, MQRO_PAN, MQRO_PASS_MSG_ID, MQRO_COA_WITH_FULL_DATA, MQRO_COD_WITH_FULL_DATA, MQRO_EXPIRATION_WITH_FULL_DATA, MQRO_EXCEPTION_WITH_FULL_DATA, MQRO_DISCARD_MSG
&lt;null&gt;
73:
Default, MQRO_COPY_MSG_ID_TO_CORREL_ID, MQRO_NEW_MSG_ID, MQRO_NONE, MQRO_COA_WITH_FULL_DATA, MQRO_EXCEPTION_WITH_DATA
&lt;null&gt;
74:
Default, MQRO_COPY_MSG_ID_TO_CORREL_ID, MQRO_NEW_MSG_ID, MQRO_NONE, MQRO_PAN, MQRO_NAN, MQRO_PASS_CORREL_ID, MQRO_PASS_MSG_ID, MQRO_COA_WITH_FULL_DATA, MQRO_COD_WITH_FULL_DATA, MQRO_EXPIRATION_WITH_FULL_DATA, MQRO_EXCEPTION_WITH_FULL_DATA, MQRO_DISCARD_MSG
74:
Default, MQRO_COPY_MSG_ID_TO_CORREL_ID, MQRO_NEW_MSG_ID, MQRO_NONE, MQRO_COD, MQRO_EXPIRATION_WITH_DATA, MQRO_EXCEPTION
&lt;null&gt;
75:
Default, MQRO_COPY_MSG_ID_TO_CORREL_ID, MQRO_NEW_MSG_ID, MQRO_NONE, MQRO_NAN, MQRO_PASS_CORREL_ID, MQRO_COA_WITH_DATA, MQRO_EXCEPTION
75:
Default, MQRO_COPY_MSG_ID_TO_CORREL_ID, MQRO_NEW_MSG_ID, MQRO_NONE, MQRO_PAN, MQRO_PASS_MSG_ID, MQRO_EXPIRATION_WITH_DATA, MQRO_EXCEPTION
&lt;null&gt;
76:
Default, MQRO_COPY_MSG_ID_TO_CORREL_ID, MQRO_NEW_MSG_ID, MQRO_NONE, MQRO_PAN, MQRO_NAN, MQRO_PASS_CORREL_ID, MQRO_PASS_MSG_ID, MQRO_COA_WITH_FULL_DATA, MQRO_COD_WITH_FULL_DATA, MQRO_EXPIRATION_WITH_FULL_DATA
76:
Default, MQRO_COPY_MSG_ID_TO_CORREL_ID, MQRO_NEW_MSG_ID, MQRO_NONE, MQRO_PAN, MQRO_PASS_CORREL_ID, MQRO_PASS_MSG_ID, MQRO_COA_WITH_FULL_DATA, MQRO_COD_WITH_FULL_DATA, MQRO_EXPIRATION_WITH_FULL_DATA, MQRO_EXCEPTION_WITH_DATA, MQRO_DISCARD_MSG
76:
Default, MQRO_COPY_MSG_ID_TO_CORREL_ID, MQRO_NEW_MSG_ID, MQRO_NONE, MQRO_PASS_CORREL_ID, MQRO_COA_WITH_FULL_DATA, MQRO_COD_WITH_DATA, MQRO_EXCEPTION, MQRO_DISCARD_MSG
76:
Default, MQRO_COPY_MSG_ID_TO_CORREL_ID, MQRO_NEW_MSG_ID, MQRO_NONE, MQRO_PASS_CORREL_ID, MQRO_PASS_MSG_ID, MQRO_COA_WITH_FULL_DATA, MQRO_EXPIRATION, MQRO_EXCEPTION_WITH_DATA
76:
Default, MQRO_COPY_MSG_ID_TO_CORREL_ID, MQRO_NEW_MSG_ID, MQRO_NONE, MQRO_PAN, MQRO_NAN, MQRO_PASS_CORREL_ID, MQRO_PASS_MSG_ID, MQRO_COA_WITH_FULL_DATA, MQRO_COD_WITH_FULL_DATA, MQRO_EXPIRATION_WITH_FULL_DATA, MQRO_EXCEPTION_WITH_FULL_DATA, MQRO_DISCARD_MSG
76:
Default, MQRO_COPY_MSG_ID_TO_CORREL_ID, MQRO_NEW_MSG_ID, MQRO_NONE, MQRO_NAN, MQRO_PASS_CORREL_ID, MQRO_PASS_MSG_ID, MQRO_COA_WITH_FULL_DATA, MQRO_COD_WITH_FULL_DATA, MQRO_EXPIRATION_WITH_FULL_DATA, MQRO_EXCEPTION_WITH_FULL_DATA, MQRO_DISCARD_MSG
76:
Default, MQRO_COPY_MSG_ID_TO_CORREL_ID, MQRO_NEW_MSG_ID, MQRO_NONE, MQRO_NAN, MQRO_PASS_CORREL_ID, MQRO_COA_WITH_FULL_DATA, MQRO_COD_WITH_FULL_DATA, MQRO_EXPIRATION_WITH_FULL_DATA, MQRO_EXCEPTION_WITH_FULL_DATA, MQRO_DISCARD_MSG
76:
Default, MQRO_COPY_MSG_ID_TO_CORREL_ID, MQRO_NEW_MSG_ID, MQRO_NONE, MQRO_PAN, MQRO_NAN, MQRO_PASS_CORREL_ID, MQRO_PASS_MSG_ID, MQRO_COA_WITH_FULL_DATA, MQRO_COD_WITH_FULL_DATA, MQRO_EXPIRATION_WITH_FULL_DATA, MQRO_EXCEPTION_WITH_FULL_DATA
76:
Default, MQRO_COPY_MSG_ID_TO_CORREL_ID, MQRO_NEW_MSG_ID, MQRO_NONE, MQRO_PAN, MQRO_NAN, MQRO_PASS_CORREL_ID, MQRO_PASS_MSG_ID, MQRO_COA_WITH_DATA, MQRO_COD_WITH_DATA, MQRO_EXPIRATION, MQRO_EXCEPTION_WITH_FULL_DATA, MQRO_DISCARD_MSG
76:
Default, MQRO_COPY_MSG_ID_TO_CORREL_ID, MQRO_NEW_MSG_ID, MQRO_NONE, MQRO_PAN, MQRO_NAN, MQRO_PASS_CORREL_ID, MQRO_PASS_MSG_ID, MQRO_COA_WITH_FULL_DATA, MQRO_COD_WITH_FULL_DATA, MQRO_EXPIRATION_WITH_FULL_DATA, MQRO_EXCEPTION_WITH_FULL_DATA, MQRO_DISCARD_MSG
76:
Default, MQRO_COPY_MSG_ID_TO_CORREL_ID, MQRO_NEW_MSG_ID, MQRO_NONE, MQRO_PAN, MQRO_NAN, MQRO_PASS_CORREL_ID, MQRO_PASS_MSG_ID, MQRO_COA_WITH_FULL_DATA, MQRO_COD_WITH_FULL_DATA, MQRO_EXPIRATION_WITH_FULL_DATA, MQRO_EXCEPTION_WITH_FULL_DATA, MQRO_DISCARD_MSG
76:
Default, MQRO_COPY_MSG_ID_TO_CORREL_ID, MQRO_NEW_MSG_ID, MQRO_NONE, MQRO_PASS_CORREL_ID, MQRO_PASS_MSG_ID, MQRO_COA_WITH_FULL_DATA, MQRO_EXCEPTION
76:
Default, MQRO_COPY_MSG_ID_TO_CORREL_ID, MQRO_NEW_MSG_ID, MQRO_NONE, MQRO_NAN, MQRO_PASS_CORREL_ID, MQRO_COA_WITH_DATA, MQRO_COD, MQRO_EXPIRATION_WITH_FULL_DATA, MQRO_EXCEPTION_WITH_FULL_DATA, MQRO_DISCARD_MSG
76:
Default, MQRO_COPY_MSG_ID_TO_CORREL_ID, MQRO_NEW_MSG_ID, MQRO_NONE, MQRO_PAN, MQRO_NAN, MQRO_PASS_CORREL_ID, MQRO_PASS_MSG_ID, MQRO_COA_WITH_FULL_DATA, MQRO_COD_WITH_FULL_DATA, MQRO_EXPIRATION_WITH_FULL_DATA, MQRO_EXCEPTION_WITH_FULL_DATA, MQRO_DISCARD_MSG
76:
Default, MQRO_COPY_MSG_ID_TO_CORREL_ID, MQRO_NEW_MSG_ID, MQRO_NONE, MQRO_COA, MQRO_EXPIRATION_WITH_FULL_DATA, MQRO_EXCEPTION_WITH_FULL_DATA
&lt;null&gt;
77:
Default, MQRO_COPY_MSG_ID_TO_CORREL_ID, MQRO_NEW_MSG_ID, MQRO_NONE, MQRO_PAN, MQRO_NAN, MQRO_COA_WITH_FULL_DATA, MQRO_COD_WITH_FULL_DATA, MQRO_EXPIRATION_WITH_FULL_DATA, MQRO_EXCEPTION_WITH_FULL_DATA
&lt;null&gt;
78:
Default, MQRO_COPY_MSG_ID_TO_CORREL_ID, MQRO_NEW_MSG_ID, MQRO_NONE, MQRO_PAN, MQRO_NAN, MQRO_PASS_CORREL_ID, MQRO_PASS_MSG_ID, MQRO_COA_WITH_FULL_DATA, MQRO_COD_WITH_FULL_DATA, MQRO_EXPIRATION_WITH_FULL_DATA, MQRO_EXCEPTION_WITH_FULL_DATA
78:
Default, MQRO_COPY_MSG_ID_TO_CORREL_ID, MQRO_NEW_MSG_ID, MQRO_NONE, MQRO_PAN, MQRO_NAN, MQRO_PASS_CORREL_ID, MQRO_PASS_MSG_ID, MQRO_COA_WITH_FULL_DATA, MQRO_COD_WITH_FULL_DATA, MQRO_EXPIRATION_WITH_FULL_DATA, MQRO_EXCEPTION_WITH_FULL_DATA, MQRO_DISCARD_MSG
78:
Default, MQRO_COPY_MSG_ID_TO_CORREL_ID, MQRO_NEW_MSG_ID, MQRO_NONE, MQRO_PAN, MQRO_NAN, MQRO_PASS_CORREL_ID, MQRO_PASS_MSG_ID, MQRO_COA_WITH_FULL_DATA, MQRO_COD_WITH_FULL_DATA, MQRO_EXPIRATION_WITH_FULL_DATA, MQRO_EXCEPTION_WITH_FULL_DATA, MQRO_DISCARD_MSG
78:
Default, MQRO_COPY_MSG_ID_TO_CORREL_ID, MQRO_NEW_MSG_ID, MQRO_NONE, MQRO_PAN, MQRO_NAN, MQRO_PASS_CORREL_ID, MQRO_PASS_MSG_ID, MQRO_COA_WITH_FULL_DATA, MQRO_COD_WITH_FULL_DATA, MQRO_EXPIRATION_WITH_FULL_DATA, MQRO_EXCEPTION_WITH_FULL_DATA, MQRO_DISCARD_MSG
78:
Default, MQRO_COPY_MSG_ID_TO_CORREL_ID, MQRO_NEW_MSG_ID, MQRO_NONE, MQRO_NAN, MQRO_COA, MQRO_COD_WITH_FULL_DATA, MQRO_EXPIRATION_WITH_FULL_DATA, MQRO_EXCEPTION_WITH_FULL_DATA
&lt;null&gt;
79:
Default, MQRO_COPY_MSG_ID_TO_CORREL_ID, MQRO_NEW_MSG_ID, MQRO_NONE, MQRO_PAN, MQRO_PASS_CORREL_ID, MQRO_EXPIRATION
79:
Default, MQRO_COPY_MSG_ID_TO_CORREL_ID, MQRO_NEW_MSG_ID, MQRO_NONE, MQRO_PASS_CORREL_ID, MQRO_COA_WITH_DATA, MQRO_COD_WITH_FULL_DATA, MQRO_EXPIRATION_WITH_FULL_DATA, MQRO_EXCEPTION_WITH_FULL_DATA, MQRO_DISCARD_MSG
79:
Default, MQRO_COPY_MSG_ID_TO_CORREL_ID, MQRO_NEW_MSG_ID, MQRO_NONE, MQRO_PAN, MQRO_NAN, MQRO_PASS_MSG_ID, MQRO_COA_WITH_FULL_DATA, MQRO_COD_WITH_FULL_DATA, MQRO_EXPIRATION_WITH_FULL_DATA, MQRO_EXCEPTION_WITH_FULL_DATA
&lt;null&gt;
80:
Default, MQRO_COPY_MSG_ID_TO_CORREL_ID, MQRO_NEW_MSG_ID, MQRO_NONE, MQRO_PAN, MQRO_PASS_CORREL_ID, MQRO_PASS_MSG_ID, MQRO_COA_WITH_FULL_DATA, MQRO_COD_WITH_DATA, MQRO_EXPIRATION_WITH_DATA, MQRO_EXCEPTION_WITH_DATA, MQRO_DISCARD_MSG
80:
Default, MQRO_COPY_MSG_ID_TO_CORREL_ID, MQRO_NEW_MSG_ID, MQRO_NONE, MQRO_PASS_CORREL_ID, MQRO_COD_WITH_DATA, MQRO_DISCARD_MSG
80:
Default, MQRO_COPY_MSG_ID_TO_CORREL_ID, MQRO_NEW_MSG_ID, MQRO_NONE, MQRO_PAN, MQRO_NAN, MQRO_PASS_CORREL_ID, MQRO_PASS_MSG_ID, MQRO_COA_WITH_FULL_DATA, MQRO_COD_WITH_FULL_DATA, MQRO_EXPIRATION_WITH_FULL_DATA, MQRO_EXCEPTION_WITH_FULL_DATA, MQRO_DISCARD_MSG
80:
Default, MQRO_COPY_MSG_ID_TO_CORREL_ID, MQRO_NEW_MSG_ID, MQRO_NONE, MQRO_PASS_CORREL_ID, MQRO_COA_WITH_FULL_DATA, MQRO_COD_WITH_FULL_DATA, MQRO_EXPIRATION_WITH_FULL_DATA, MQRO_EXCEPTION_WITH_FULL_DATA, MQRO_DISCARD_MSG
80:
Default, MQRO_COPY_MSG_ID_TO_CORREL_ID, MQRO_NEW_MSG_ID, MQRO_NONE, MQRO_COA, MQRO_COD_WITH_DATA, MQRO_EXCEPTION_WITH_FULL_DATA, MQRO_DISCARD_MSG
&lt;null&gt;
81:
Default, MQRO_COPY_MSG_ID_TO_CORREL_ID, MQRO_NEW_MSG_ID, MQRO_NONE, MQRO_PAN, MQRO_NAN, MQRO_PASS_CORREL_ID, MQRO_PASS_MSG_ID, MQRO_COA_WITH_FULL_DATA, MQRO_COD_WITH_DATA, MQRO_EXPIRATION_WITH_DATA, MQRO_EXCEPTION_WITH_FULL_DATA, MQRO_DISCARD_MSG
81:
Default, MQRO_COPY_MSG_ID_TO_CORREL_ID, MQRO_NEW_MSG_ID, MQRO_NONE, MQRO_PAN, MQRO_NAN, MQRO_PASS_CORREL_ID, MQRO_PASS_MSG_ID, MQRO_COA_WITH_FULL_DATA, MQRO_COD_WITH_FULL_DATA, MQRO_EXPIRATION_WITH_FULL_DATA, MQRO_EXCEPTION_WITH_FULL_DATA, MQRO_DISCARD_MSG
81:
Default, MQRO_COPY_MSG_ID_TO_CORREL_ID, MQRO_NEW_MSG_ID, MQRO_NONE, MQRO_PASS_CORREL_ID, MQRO_PASS_MSG_ID, MQRO_COA_WITH_DATA, MQRO_EXPIRATION_WITH_DATA, MQRO_EXCEPTION_WITH_DATA, MQRO_DISCARD_MSG
81:
Default, MQRO_COPY_MSG_ID_TO_CORREL_ID, MQRO_NEW_MSG_ID, MQRO_NONE, MQRO_PAN, MQRO_NAN, MQRO_PASS_CORREL_ID, MQRO_PASS_MSG_ID, MQRO_COA_WITH_FULL_DATA, MQRO_COD_WITH_DATA, MQRO_EXPIRATION_WITH_DATA, MQRO_EXCEPTION_WITH_FULL_DATA, MQRO_DISCARD_MSG
81:
Default, MQRO_COPY_MSG_ID_TO_CORREL_ID, MQRO_NEW_MSG_ID, MQRO_NONE, MQRO_PAN, MQRO_NAN, MQRO_PASS_CORREL_ID, MQRO_PASS_MSG_ID, MQRO_COA_WITH_FULL_DATA, MQRO_COD_WITH_DATA, MQRO_EXPIRATION_WITH_DATA, MQRO_EXCEPTION_WITH_FULL_DATA, MQRO_DISCARD_MSG
81:
Default, MQRO_COPY_MSG_ID_TO_CORREL_ID, MQRO_NEW_MSG_ID, MQRO_NONE, MQRO_PAN, MQRO_NAN, MQRO_PASS_MSG_ID, MQRO_COD_WITH_DATA, MQRO_EXPIRATION_WITH_FULL_DATA, MQRO_EXCEPTION_WITH_FULL_DATA
&lt;null&gt;
82:
Default, MQRO_COPY_MSG_ID_TO_CORREL_ID, MQRO_NEW_MSG_ID, MQRO_NONE, MQRO_PAN, MQRO_NAN, MQRO_PASS_CORREL_ID, MQRO_PASS_MSG_ID, MQRO_COA_WITH_FULL_DATA, MQRO_COD_WITH_FULL_DATA, MQRO_EXPIRATION_WITH_FULL_DATA, MQRO_EXCEPTION_WITH_FULL_DATA, MQRO_DISCARD_MSG
82:
Default, MQRO_COPY_MSG_ID_TO_CORREL_ID, MQRO_NEW_MSG_ID, MQRO_NONE, MQRO_PAN, MQRO_NAN, MQRO_PASS_CORREL_ID, MQRO_PASS_MSG_ID, MQRO_COA_WITH_FULL_DATA, MQRO_COD_WITH_DATA, MQRO_EXPIRATION_WITH_FULL_DATA, MQRO_EXCEPTION_WITH_FULL_DATA, MQRO_DISCARD_MSG
82:
Default, MQRO_COPY_MSG_ID_TO_CORREL_ID, MQRO_NEW_MSG_ID, MQRO_NONE, MQRO_PAN, MQRO_NAN, MQRO_PASS_CORREL_ID, MQRO_PASS_MSG_ID, MQRO_COA_WITH_FULL_DATA, MQRO_COD_WITH_FULL_DATA, MQRO_EXPIRATION_WITH_FULL_DATA, MQRO_EXCEPTION_WITH_FULL_DATA, MQRO_DISCARD_MSG
82:
Default, MQRO_COPY_MSG_ID_TO_CORREL_ID, MQRO_NEW_MSG_ID, MQRO_NONE, MQRO_PAN, MQRO_NAN, MQRO_PASS_CORREL_ID, MQRO_PASS_MSG_ID, MQRO_COA_WITH_FULL_DATA, MQRO_COD_WITH_FULL_DATA, MQRO_EXPIRATION_WITH_FULL_DATA, MQRO_EXCEPTION_WITH_FULL_DATA
82:
Default, MQRO_COPY_MSG_ID_TO_CORREL_ID, MQRO_NEW_MSG_ID, MQRO_NONE, MQRO_COA_WITH_FULL_DATA
&lt;null&gt;
83:
Default, MQRO_COPY_MSG_ID_TO_CORREL_ID, MQRO_NEW_MSG_ID, MQRO_NONE, MQRO_PAN, MQRO_NAN, MQRO_PASS_CORREL_ID, MQRO_PASS_MSG_ID, MQRO_COA_WITH_FULL_DATA, MQRO_COD_WITH_FULL_DATA, MQRO_EXPIRATION_WITH_FULL_DATA, MQRO_EXCEPTION_WITH_FULL_DATA, MQRO_DISCARD_MSG
83:
Default, MQRO_COPY_MSG_ID_TO_CORREL_ID, MQRO_NEW_MSG_ID, MQRO_NONE, MQRO_COA_WITH_FULL_DATA, MQRO_EXCEPTION_WITH_DATA, MQRO_DISCARD_MSG
&lt;null&gt;
84:
MQRO_DEAD_LETTER_Q
&lt;null&gt;
85:
Default, MQRO_COPY_MSG_ID_TO_CORREL_ID, MQRO_NEW_MSG_ID, MQRO_NONE, MQRO_PAN, MQRO_NAN, MQRO_PASS_CORREL_ID, MQRO_PASS_MSG_ID, MQRO_COA_WITH_FULL_DATA, MQRO_COD_WITH_FULL_DATA, MQRO_EXPIRATION_WITH_FULL_DATA, MQRO_EXCEPTION_WITH_FULL_DATA, MQRO_DISCARD_MSG
85:
Default, MQRO_COPY_MSG_ID_TO_CORREL_ID, MQRO_NEW_MSG_ID, MQRO_NONE, MQRO_PAN, MQRO_NAN, MQRO_PASS_CORREL_ID, MQRO_PASS_MSG_ID, MQRO_COA_WITH_FULL_DATA, MQRO_COD_WITH_FULL_DATA, MQRO_EXPIRATION_WITH_FULL_DATA, MQRO_EXCEPTION_WITH_FULL_DATA, MQRO_DISCARD_MSG
85:
Default, MQRO_COPY_MSG_ID_TO_CORREL_ID, MQRO_NEW_MSG_ID, MQRO_NONE, MQRO_PAN, MQRO_NAN, MQRO_PASS_CORREL_ID, MQRO_PASS_MSG_ID, MQRO_COA_WITH_FULL_DATA, MQRO_COD_WITH_FULL_DATA, MQRO_EXPIRATION_WITH_FULL_DATA, MQRO_EXCEPTION_WITH_DATA
85:
Default, MQRO_COPY_MSG_ID_TO_CORREL_ID, MQRO_NEW_MSG_ID, MQRO_NONE, MQRO_PAN, MQRO_NAN, MQRO_PASS_MSG_ID, MQRO_COA_WITH_FULL_DATA, MQRO_COD_WITH_FULL_DATA, MQRO_EXPIRATION_WITH_FULL_DATA, MQRO_EXCEPTION_WITH_DATA, MQRO_DISCARD_MSG
&lt;null&gt;
86:
Default, MQRO_COPY_MSG_ID_TO_CORREL_ID, MQRO_NEW_MSG_ID, MQRO_NONE, MQRO_COA, MQRO_EXPIRATION_WITH_FULL_DATA, MQRO_EXCEPTION_WITH_DATA
&lt;null&gt;
87:
Default, MQRO_COPY_MSG_ID_TO_CORREL_ID, MQRO_NEW_MSG_ID, MQRO_NONE, MQRO_NAN, MQRO_PASS_CORREL_ID, MQRO_COA, MQRO_COD_WITH_FULL_DATA, MQRO_EXPIRATION_WITH_FULL_DATA, MQRO_EXCEPTION_WITH_FULL_DATA, MQRO_DISCARD_MSG
87:
Default, MQRO_COPY_MSG_ID_TO_CORREL_ID, MQRO_NEW_MSG_ID, MQRO_NONE, MQRO_PAN, MQRO_NAN, MQRO_PASS_CORREL_ID, MQRO_PASS_MSG_ID, MQRO_COA_WITH_FULL_DATA, MQRO_COD_WITH_FULL_DATA, MQRO_EXPIRATION_WITH_FULL_DATA, MQRO_EXCEPTION_WITH_FULL_DATA
87:
Default, MQRO_COPY_MSG_ID_TO_CORREL_ID, MQRO_NEW_MSG_ID, MQRO_NONE, MQRO_PAN, MQRO_NAN, MQRO_PASS_CORREL_ID, MQRO_PASS_MSG_ID, MQRO_COA_WITH_FULL_DATA, MQRO_COD_WITH_FULL_DATA, MQRO_EXPIRATION_WITH_FULL_DATA, MQRO_EXCEPTION_WITH_FULL_DATA, MQRO_DISCARD_MSG
87:
Default, MQRO_COPY_MSG_ID_TO_CORREL_ID, MQRO_NEW_MSG_ID, MQRO_NONE, MQRO_PAN, MQRO_NAN, MQRO_PASS_CORREL_ID, MQRO_PASS_MSG_ID, MQRO_COA_WITH_FULL_DATA, MQRO_COD_WITH_FULL_DATA, MQRO_EXPIRATION_WITH_FULL_DATA, MQRO_EXCEPTION_WITH_DATA
87:
Default, MQRO_COPY_MSG_ID_TO_CORREL_ID, MQRO_NEW_MSG_ID, MQRO_NONE, MQRO_NAN, MQRO_PASS_CORREL_ID, MQRO_COA_WITH_DATA, MQRO_COD, MQRO_EXPIRATION_WITH_FULL_DATA, MQRO_EXCEPTION_WITH_FULL_DATA, MQRO_DISCARD_MSG
87:
Default, MQRO_COPY_MSG_ID_TO_CORREL_ID, MQRO_NEW_MSG_ID, MQRO_NONE, MQRO_PAN, MQRO_NAN, MQRO_PASS_CORREL_ID, MQRO_PASS_MSG_ID, MQRO_COA_WITH_FULL_DATA, MQRO_COD_WITH_FULL_DATA, MQRO_EXPIRATION_WITH_FULL_DATA, MQRO_EXCEPTION_WITH_FULL_DATA, MQRO_DISCARD_MSG
87:
Default, MQRO_COPY_MSG_ID_TO_CORREL_ID, MQRO_NEW_MSG_ID, MQRO_NONE, MQRO_COA_WITH_FULL_DATA, MQRO_COD_WITH_DATA, MQRO_EXPIRATION
&lt;null&gt;
88:
Default, MQRO_COPY_MSG_ID_TO_CORREL_ID, MQRO_NEW_MSG_ID, MQRO_NONE, MQRO_PAN, MQRO_NAN, MQRO_PASS_MSG_ID, MQRO_COA_WITH_FULL_DATA, MQRO_COD_WITH_FULL_DATA, MQRO_EXPIRATION_WITH_FULL_DATA, MQRO_EXCEPTION_WITH_FULL_DATA, MQRO_DISCARD_MSG
&lt;null&gt;
89:
Default, MQRO_COPY_MSG_ID_TO_CORREL_ID, MQRO_NEW_MSG_ID, MQRO_NONE, MQRO_PAN, MQRO_NAN, MQRO_PASS_CORREL_ID, MQRO_PASS_MSG_ID, MQRO_COA_WITH_FULL_DATA, MQRO_COD_WITH_FULL_DATA, MQRO_EXPIRATION_WITH_FULL_DATA, MQRO_EXCEPTION_WITH_FULL_DATA, MQRO_DISCARD_MSG
89:
Default, MQRO_COPY_MSG_ID_TO_CORREL_ID, MQRO_NEW_MSG_ID, MQRO_NONE, MQRO_NAN, MQRO_PASS_MSG_ID, MQRO_COA_WITH_FULL_DATA, MQRO_COD_WITH_FULL_DATA, MQRO_EXPIRATION, MQRO_EXCEPTION_WITH_FULL_DATA
&lt;null&gt;
90:
Default, MQRO_COPY_MSG_ID_TO_CORREL_ID, MQRO_NEW_MSG_ID, MQRO_NONE, MQRO_PAN, MQRO_NAN, MQRO_PASS_CORREL_ID, MQRO_PASS_MSG_ID, MQRO_COA_WITH_FULL_DATA, MQRO_COD_WITH_FULL_DATA, MQRO_EXPIRATION_WITH_FULL_DATA, MQRO_EXCEPTION_WITH_FULL_DATA, MQRO_DISCARD_MSG
90:
Default, MQRO_COPY_MSG_ID_TO_CORREL_ID, MQRO_NEW_MSG_ID, MQRO_NONE, MQRO_PAN, MQRO_NAN, MQRO_PASS_CORREL_ID, MQRO_PASS_MSG_ID, MQRO_COA_WITH_FULL_DATA, MQRO_COD_WITH_FULL_DATA, MQRO_EXPIRATION_WITH_FULL_DATA, MQRO_EXCEPTION_WITH_FULL_DATA, MQRO_DISCARD_MSG
90:
Default, MQRO_COPY_MSG_ID_TO_CORREL_ID, MQRO_NEW_MSG_ID, MQRO_NONE, MQRO_PAN, MQRO_NAN, MQRO_PASS_CORREL_ID, MQRO_PASS_MSG_ID, MQRO_COA_WITH_FULL_DATA, MQRO_COD_WITH_FULL_DATA, MQRO_EXPIRATION_WITH_FULL_DATA, MQRO_EXCEPTION_WITH_FULL_DATA, MQRO_DISCARD_MSG
90:
Default, MQRO_COPY_MSG_ID_TO_CORREL_ID, MQRO_NEW_MSG_ID, MQRO_NONE, MQRO_PAN, MQRO_NAN, MQRO_PASS_CORREL_ID, MQRO_PASS_MSG_ID, MQRO_COA_WITH_FULL_DATA, MQRO_COD_WITH_FULL_DATA, MQRO_EXPIRATION_WITH_FULL_DATA, MQRO_EXCEPTION_WITH_FULL_DATA
90:
Default, MQRO_COPY_MSG_ID_TO_CORREL_ID, MQRO_NEW_MSG_ID, MQRO_NONE, MQRO_PAN, MQRO_NAN, MQRO_PASS_MSG_ID, MQRO_COA_WITH_FULL_DATA, MQRO_COD_WITH_FULL_DATA, MQRO_EXPIRATION_WITH_FULL_DATA, MQRO_EXCEPTION_WITH_FULL_DATA, MQRO_DISCARD_MSG
&lt;null&gt;
91:
Default, MQRO_COPY_MSG_ID_TO_CORREL_ID, MQRO_NEW_MSG_ID, MQRO_NONE, MQRO_PAN, MQRO_PASS_CORREL_ID, MQRO_PASS_MSG_ID, MQRO_COA_WITH_FULL_DATA, MQRO_COD_WITH_FULL_DATA, MQRO_EXPIRATION_WITH_DATA, MQRO_EXCEPTION_WITH_DATA, MQRO_DISCARD_MSG
91:
Default, MQRO_COPY_MSG_ID_TO_CORREL_ID, MQRO_NEW_MSG_ID, MQRO_NONE, MQRO_PAN, MQRO_NAN, MQRO_PASS_CORREL_ID, MQRO_PASS_MSG_ID, MQRO_COA_WITH_FULL_DATA, MQRO_COD_WITH_FULL_DATA, MQRO_EXPIRATION_WITH_FULL_DATA, MQRO_EXCEPTION_WITH_FULL_DATA, MQRO_DISCARD_MSG
91:
Default, MQRO_COPY_MSG_ID_TO_CORREL_ID, MQRO_NEW_MSG_ID, MQRO_NONE, MQRO_NAN, MQRO_PASS_CORREL_ID, MQRO_PASS_MSG_ID, MQRO_COA_WITH_FULL_DATA, MQRO_COD_WITH_FULL_DATA, MQRO_EXPIRATION_WITH_FULL_DATA, MQRO_EXCEPTION_WITH_FULL_DATA
91:
Default, MQRO_COPY_MSG_ID_TO_CORREL_ID, MQRO_NEW_MSG_ID, MQRO_NONE, MQRO_PAN, MQRO_NAN, MQRO_PASS_CORREL_ID, MQRO_PASS_MSG_ID, MQRO_COA_WITH_FULL_DATA, MQRO_COD_WITH_FULL_DATA, MQRO_EXPIRATION_WITH_FULL_DATA, MQRO_EXCEPTION_WITH_FULL_DATA, MQRO_DISCARD_MSG
91:
Default, MQRO_COPY_MSG_ID_TO_CORREL_ID, MQRO_NEW_MSG_ID, MQRO_NONE, MQRO_PAN, MQRO_NAN, MQRO_PASS_CORREL_ID, MQRO_PASS_MSG_ID, MQRO_COA_WITH_FULL_DATA, MQRO_COD_WITH_FULL_DATA, MQRO_EXPIRATION_WITH_FULL_DATA, MQRO_EXCEPTION_WITH_FULL_DATA
91:
Default, MQRO_COPY_MSG_ID_TO_CORREL_ID, MQRO_NEW_MSG_ID, MQRO_NONE, MQRO_PAN, MQRO_NAN, MQRO_PASS_CORREL_ID, MQRO_PASS_MSG_ID, MQRO_COA_WITH_FULL_DATA, MQRO_COD_WITH_FULL_DATA, MQRO_EXPIRATION_WITH_FULL_DATA, MQRO_EXCEPTION_WITH_FULL_DATA, MQRO_DISCARD_MSG
91:
Default, MQRO_COPY_MSG_ID_TO_CORREL_ID, MQRO_NEW_MSG_ID, MQRO_NONE, MQRO_PAN, MQRO_NAN, MQRO_PASS_CORREL_ID, MQRO_PASS_MSG_ID, MQRO_COA_WITH_FULL_DATA, MQRO_COD_WITH_FULL_DATA, MQRO_EXPIRATION_WITH_FULL_DATA, MQRO_EXCEPTION_WITH_FULL_DATA, MQRO_DISCARD_MSG
91:
Default, MQRO_COPY_MSG_ID_TO_CORREL_ID, MQRO_NEW_MSG_ID, MQRO_NONE, MQRO_PAN, MQRO_NAN, MQRO_PASS_MSG_ID, MQRO_COA_WITH_FULL_DATA, MQRO_COD_WITH_FULL_DATA, MQRO_EXPIRATION_WITH_FULL_DATA, MQRO_EXCEPTION_WITH_FULL_DATA, MQRO_DISCARD_MSG
&lt;null&gt;
92:
Default, MQRO_COPY_MSG_ID_TO_CORREL_ID, MQRO_NEW_MSG_ID, MQRO_NONE, MQRO_PAN, MQRO_PASS_CORREL_ID, MQRO_PASS_MSG_ID, MQRO_COA_WITH_FULL_DATA, MQRO_COD_WITH_DATA, MQRO_EXPIRATION_WITH_DATA, MQRO_EXCEPTION_WITH_DATA, MQRO_DISCARD_MSG
92:
Default, MQRO_COPY_MSG_ID_TO_CORREL_ID, MQRO_NEW_MSG_ID, MQRO_NONE, MQRO_PAN, MQRO_NAN, MQRO_PASS_CORREL_ID, MQRO_PASS_MSG_ID, MQRO_COA_WITH_FULL_DATA, MQRO_COD_WITH_FULL_DATA, MQRO_EXPIRATION_WITH_FULL_DATA, MQRO_EXCEPTION_WITH_FULL_DATA, MQRO_DISCARD_MSG
92:
Default, MQRO_COPY_MSG_ID_TO_CORREL_ID, MQRO_NEW_MSG_ID, MQRO_NONE, MQRO_PAN, MQRO_NAN, MQRO_PASS_CORREL_ID, MQRO_PASS_MSG_ID, MQRO_COA_WITH_FULL_DATA, MQRO_COD_WITH_FULL_DATA, MQRO_EXPIRATION_WITH_FULL_DATA, MQRO_EXCEPTION_WITH_FULL_DATA, MQRO_DISCARD_MSG
92:
Default, MQRO_COPY_MSG_ID_TO_CORREL_ID, MQRO_NEW_MSG_ID, MQRO_NONE, MQRO_PAN, MQRO_NAN, MQRO_PASS_CORREL_ID, MQRO_PASS_MSG_ID, MQRO_COA_WITH_FULL_DATA, MQRO_COD_WITH_FULL_DATA, MQRO_EXPIRATION_WITH_FULL_DATA, MQRO_EXCEPTION_WITH_FULL_DATA, MQRO_DISCARD_MSG
92:
MQRO_DEAD_LETTER_Q
&lt;null&gt;
93:
Default, MQRO_COPY_MSG_ID_TO_CORREL_ID, MQRO_NEW_MSG_ID, MQRO_NONE, MQRO_PAN, MQRO_NAN, MQRO_PASS_CORREL_ID, MQRO_PASS_MSG_ID, MQRO_COA_WITH_FULL_DATA, MQRO_COD_WITH_FULL_DATA, MQRO_EXPIRATION_WITH_DATA, MQRO_EXCEPTION_WITH_FULL_DATA, MQRO_DISCARD_MSG
93:
Default, MQRO_COPY_MSG_ID_TO_CORREL_ID, MQRO_NEW_MSG_ID, MQRO_NONE, MQRO_PASS_MSG_ID, MQRO_EXPIRATION_WITH_DATA, MQRO_EXCEPTION_WITH_DATA
&lt;null&gt;
94:
Default, MQRO_COPY_MSG_ID_TO_CORREL_ID, MQRO_NEW_MSG_ID, MQRO_NONE, MQRO_PAN, MQRO_NAN, MQRO_PASS_MSG_ID, MQRO_COA_WITH_FULL_DATA, MQRO_COD_WITH_FULL_DATA, MQRO_EXPIRATION_WITH_FULL_DATA, MQRO_EXCEPTION_WITH_FULL_DATA
&lt;null&gt;
95:
Default, MQRO_COPY_MSG_ID_TO_CORREL_ID, MQRO_NEW_MSG_ID, MQRO_NONE, MQRO_PAN, MQRO_NAN, MQRO_PASS_CORREL_ID, MQRO_PASS_MSG_ID, MQRO_COA_WITH_FULL_DATA, MQRO_COD_WITH_FULL_DATA, MQRO_EXPIRATION_WITH_FULL_DATA, MQRO_EXCEPTION_WITH_FULL_DATA, MQRO_DISCARD_MSG
95:
Default, MQRO_COPY_MSG_ID_TO_CORREL_ID, MQRO_NEW_MSG_ID, MQRO_NONE, MQRO_PAN, MQRO_NAN, MQRO_PASS_CORREL_ID, MQRO_PASS_MSG_ID, MQRO_COA_WITH_FULL_DATA, MQRO_COD_WITH_FULL_DATA, MQRO_EXPIRATION_WITH_FULL_DATA, MQRO_EXCEPTION_WITH_FULL_DATA
95:
Default, MQRO_COPY_MSG_ID_TO_CORREL_ID, MQRO_NEW_MSG_ID, MQRO_NONE, MQRO_PAN, MQRO_NAN, MQRO_PASS_CORREL_ID, MQRO_PASS_MSG_ID, MQRO_COA_WITH_FULL_DATA, MQRO_COD_WITH_FULL_DATA, MQRO_EXPIRATION_WITH_FULL_DATA, MQRO_EXCEPTION_WITH_DATA, MQRO_DISCARD_MSG
95:
Default, MQRO_COPY_MSG_ID_TO_CORREL_ID, MQRO_NEW_MSG_ID, MQRO_NONE, MQRO_COA_WITH_FULL_DATA, MQRO_COD_WITH_FULL_DATA, MQRO_EXCEPTION_WITH_DATA, MQRO_DISCARD_MSG
&lt;null&gt;
96:
Default, MQRO_COPY_MSG_ID_TO_CORREL_ID, MQRO_NEW_MSG_ID, MQRO_NONE, MQRO_NAN, MQRO_PASS_CORREL_ID, MQRO_COA_WITH_DATA, MQRO_COD_WITH_FULL_DATA, MQRO_EXPIRATION_WITH_FULL_DATA, MQRO_EXCEPTION_WITH_FULL_DATA, MQRO_DISCARD_MSG
96:
Default, MQRO_COPY_MSG_ID_TO_CORREL_ID, MQRO_NEW_MSG_ID, MQRO_NONE, MQRO_PAN, MQRO_NAN, MQRO_PASS_CORREL_ID, MQRO_PASS_MSG_ID, MQRO_COA_WITH_FULL_DATA, MQRO_COD_WITH_FULL_DATA, MQRO_EXPIRATION_WITH_FULL_DATA, MQRO_EXCEPTION_WITH_FULL_DATA, MQRO_DISCARD_MSG
96:
Default, MQRO_COPY_MSG_ID_TO_CORREL_ID, MQRO_NEW_MSG_ID, MQRO_NONE, MQRO_PAN, MQRO_NAN, MQRO_PASS_CORREL_ID, MQRO_PASS_MSG_ID, MQRO_COA_WITH_FULL_DATA, MQRO_COD_WITH_FULL_DATA, MQRO_EXPIRATION_WITH_FULL_DATA, MQRO_EXCEPTION_WITH_FULL_DATA, MQRO_DISCARD_MSG
96:
Default, MQRO_COPY_MSG_ID_TO_CORREL_ID, MQRO_NEW_MSG_ID, MQRO_NONE, MQRO_PAN, MQRO_NAN, MQRO_PASS_CORREL_ID, MQRO_PASS_MSG_ID, MQRO_COA_WITH_FULL_DATA, MQRO_COD_WITH_FULL_DATA, MQRO_EXPIRATION_WITH_FULL_DATA, MQRO_EXCEPTION_WITH_FULL_DATA, MQRO_DISCARD_MSG
96:
Default, MQRO_COPY_MSG_ID_TO_CORREL_ID, MQRO_NEW_MSG_ID, MQRO_NONE, MQRO_PAN, MQRO_NAN, MQRO_PASS_CORREL_ID, MQRO_PASS_MSG_ID, MQRO_COA_WITH_FULL_DATA, MQRO_COD_WITH_FULL_DATA, MQRO_EXPIRATION_WITH_FULL_DATA, MQRO_EXCEPTION_WITH_FULL_DATA, MQRO_DISCARD_MSG
96:
Default, MQRO_COPY_MSG_ID_TO_CORREL_ID, MQRO_NEW_MSG_ID, MQRO_NONE, MQRO_PAN, MQRO_NAN, MQRO_PASS_CORREL_ID, MQRO_PASS_MSG_ID, MQRO_COA_WITH_DATA, MQRO_COD_WITH_DATA, MQRO_EXPIRATION_WITH_DATA, MQRO_EXCEPTION, MQRO_DISCARD_MSG
96:
Default, MQRO_COPY_MSG_ID_TO_CORREL_ID, MQRO_NEW_MSG_ID, MQRO_NONE, MQRO_PAN, MQRO_NAN, MQRO_PASS_CORREL_ID, MQRO_PASS_MSG_ID, MQRO_COA_WITH_FULL_DATA, MQRO_COD_WITH_FULL_DATA, MQRO_EXPIRATION_WITH_FULL_DATA, MQRO_EXCEPTION_WITH_FULL_DATA, MQRO_DISCARD_MSG
96:
Default, MQRO_COPY_MSG_ID_TO_CORREL_ID, MQRO_NEW_MSG_ID, MQRO_NONE, MQRO_PAN, MQRO_NAN, MQRO_PASS_CORREL_ID, MQRO_PASS_MSG_ID, MQRO_COA_WITH_FULL_DATA, MQRO_COD_WITH_FULL_DATA, MQRO_EXPIRATION_WITH_FULL_DATA, MQRO_EXCEPTION_WITH_FULL_DATA, MQRO_DISCARD_MSG
96:
Default, MQRO_COPY_MSG_ID_TO_CORREL_ID, MQRO_NEW_MSG_ID, MQRO_NONE, MQRO_COA_WITH_FULL_DATA, MQRO_EXPIRATION
&lt;null&gt;
97:
Default, MQRO_COPY_MSG_ID_TO_CORREL_ID, MQRO_NEW_MSG_ID, MQRO_NONE, MQRO_PAN, MQRO_NAN, MQRO_PASS_MSG_ID, MQRO_COA_WITH_FULL_DATA, MQRO_COD_WITH_FULL_DATA, MQRO_EXPIRATION_WITH_FULL_DATA, MQRO_EXCEPTION_WITH_FULL_DATA, MQRO_DISCARD_MSG
&lt;null&gt;
98:
Default, MQRO_COPY_MSG_ID_TO_CORREL_ID, MQRO_NEW_MSG_ID, MQRO_NONE, MQRO_PAN, MQRO_NAN, MQRO_PASS_CORREL_ID, MQRO_PASS_MSG_ID, MQRO_COA_WITH_FULL_DATA, MQRO_COD_WITH_FULL_DATA, MQRO_EXPIRATION_WITH_FULL_DATA, MQRO_EXCEPTION_WITH_FULL_DATA, MQRO_DISCARD_MSG
98:
Default, MQRO_COPY_MSG_ID_TO_CORREL_ID, MQRO_NEW_MSG_ID, MQRO_NONE, MQRO_PAN, MQRO_NAN, MQRO_PASS_CORREL_ID, MQRO_PASS_MSG_ID, MQRO_COA_WITH_FULL_DATA, MQRO_COD_WITH_FULL_DATA, MQRO_EXPIRATION_WITH_FULL_DATA, MQRO_EXCEPTION_WITH_FULL_DATA, MQRO_DISCARD_MSG
98:
Default, MQRO_COPY_MSG_ID_TO_CORREL_ID, MQRO_NEW_MSG_ID, MQRO_NONE, MQRO_PAN, MQRO_PASS_CORREL_ID, MQRO_PASS_MSG_ID, MQRO_COA_WITH_FULL_DATA, MQRO_COD_WITH_FULL_DATA, MQRO_EXPIRATION_WITH_DATA, MQRO_EXCEPTION_WITH_FULL_DATA, MQRO_DISCARD_MSG
98:
Default, MQRO_COPY_MSG_ID_TO_CORREL_ID, MQRO_NEW_MSG_ID, MQRO_NONE, MQRO_COA, MQRO_COD, MQRO_EXPIRATION_WITH_FULL_DATA, MQRO_EXCEPTION_WITH_FULL_DATA
&lt;null&gt;
99:
Default, MQRO_COPY_MSG_ID_TO_CORREL_ID, MQRO_NEW_MSG_ID, MQRO_NONE, MQRO_NAN, MQRO_COA, MQRO_COD_WITH_DATA, MQRO_EXCEPTION_WITH_FULL_DATA
&lt;null&gt;
Ok, passed 100 tests.</StdOut>
      </Output>
    </UnitTestResult>
    <UnitTestResult executionId="c4c50754-0824-4b26-a0cd-9b345eb21dfa" testId="1aae5dbb-3465-3f98-a900-eb9255cc3026" testName="ReportCorrelationId_ForAllReport_Returns64IfInReport" computerName="ICSWS068" duration="00:00:00.0269187" startTime="2016-08-04T09:57:41.0977738+02:00" endTime="2016-08-04T09:57:41.1267950+02:00" testType="13cdc9d9-ddb5-4fa4-a97d-d965ccfc6d4b" outcome="Passed" testListId="8c84fa94-04c1-424b-9868-57a2d4851a1d" relativeResultsDirectory="c4c50754-0824-4b26-a0cd-9b345eb21dfa">
      <Output>
        <StdOut>0:
Default, MQRO_COPY_MSG_ID_TO_CORREL_ID, MQRO_NEW_MSG_ID, MQRO_NONE, MQRO_EXCEPTION_WITH_FULL_DATA
0:
Default, MQRO_COPY_MSG_ID_TO_CORREL_ID, MQRO_NEW_MSG_ID, MQRO_NONE, MQRO_COA_WITH_DATA, MQRO_COD_WITH_DATA
0:
MQRO_DEAD_LETTER_Q
0:
Default, MQRO_COPY_MSG_ID_TO_CORREL_ID, MQRO_NEW_MSG_ID, MQRO_NONE, MQRO_PAN
0:
Default, MQRO_COPY_MSG_ID_TO_CORREL_ID, MQRO_NEW_MSG_ID, MQRO_NONE, MQRO_COA, MQRO_EXPIRATION
0:
Default, MQRO_COPY_MSG_ID_TO_CORREL_ID, MQRO_NEW_MSG_ID, MQRO_NONE, MQRO_NAN, MQRO_COD_WITH_FULL_DATA, MQRO_EXCEPTION_WITH_FULL_DATA
0:
MQRO_DEAD_LETTER_Q
0:
Default, MQRO_COPY_MSG_ID_TO_CORREL_ID, MQRO_NEW_MSG_ID, MQRO_NONE, MQRO_PASS_MSG_ID, MQRO_EXPIRATION_WITH_DATA
0:
Default, MQRO_COPY_MSG_ID_TO_CORREL_ID, MQRO_NEW_MSG_ID, MQRO_NONE, MQRO_PAN
0:
MQRO_DEAD_LETTER_Q
0:
Default, MQRO_COPY_MSG_ID_TO_CORREL_ID, MQRO_NEW_MSG_ID, MQRO_NONE, MQRO_COA_WITH_FULL_DATA
0:
Default, MQRO_COPY_MSG_ID_TO_CORREL_ID, MQRO_NEW_MSG_ID, MQRO_NONE, MQRO_COA, MQRO_COD_WITH_DATA, MQRO_EXPIRATION_WITH_FULL_DATA, MQRO_DISCARD_MSG
0:
Default, MQRO_COPY_MSG_ID_TO_CORREL_ID, MQRO_NEW_MSG_ID, MQRO_NONE, MQRO_COA, MQRO_COD_WITH_DATA, MQRO_EXPIRATION_WITH_FULL_DATA
0:
Default, MQRO_COPY_MSG_ID_TO_CORREL_ID, MQRO_NEW_MSG_ID, MQRO_NONE, MQRO_EXPIRATION
0:
Default, MQRO_COPY_MSG_ID_TO_CORREL_ID, MQRO_NEW_MSG_ID, MQRO_NONE, MQRO_COA_WITH_FULL_DATA
0:
Default, MQRO_COPY_MSG_ID_TO_CORREL_ID, MQRO_NEW_MSG_ID, MQRO_NONE, MQRO_EXPIRATION_WITH_DATA, MQRO_EXCEPTION_WITH_DATA
0:
Default, MQRO_COPY_MSG_ID_TO_CORREL_ID, MQRO_NEW_MSG_ID, MQRO_NONE, MQRO_PAN, MQRO_COA_WITH_FULL_DATA, MQRO_EXCEPTION_WITH_DATA, MQRO_DISCARD_MSG
0:
MQRO_DEAD_LETTER_Q
0:
Default, MQRO_COPY_MSG_ID_TO_CORREL_ID, MQRO_NEW_MSG_ID, MQRO_NONE, MQRO_COA_WITH_FULL_DATA, MQRO_EXCEPTION
0:
MQRO_DEAD_LETTER_Q
0:
Default, MQRO_COPY_MSG_ID_TO_CORREL_ID, MQRO_NEW_MSG_ID, MQRO_NONE, MQRO_COD, MQRO_EXCEPTION
0:
MQRO_DEAD_LETTER_Q
0:
Default, MQRO_COPY_MSG_ID_TO_CORREL_ID, MQRO_NEW_MSG_ID, MQRO_NONE, MQRO_PASS_MSG_ID, MQRO_COA, MQRO_COD_WITH_DATA, MQRO_EXPIRATION_WITH_DATA, MQRO_EXCEPTION_WITH_DATA
0:
Default, MQRO_COPY_MSG_ID_TO_CORREL_ID, MQRO_NEW_MSG_ID, MQRO_NONE, MQRO_PAN, MQRO_PASS_CORREL_ID, MQRO_COA_WITH_FULL_DATA, MQRO_EXCEPTION_WITH_DATA
&lt;null&gt;
1:
Default, MQRO_COPY_MSG_ID_TO_CORREL_ID, MQRO_NEW_MSG_ID, MQRO_NONE, MQRO_PASS_CORREL_ID, MQRO_EXPIRATION
&lt;null&gt;
2:
Default, MQRO_COPY_MSG_ID_TO_CORREL_ID, MQRO_NEW_MSG_ID, MQRO_NONE, MQRO_PAN, MQRO_PASS_CORREL_ID, MQRO_COA_WITH_FULL_DATA, MQRO_COD_WITH_DATA, MQRO_EXPIRATION_WITH_FULL_DATA
&lt;null&gt;
3:
Default, MQRO_COPY_MSG_ID_TO_CORREL_ID, MQRO_NEW_MSG_ID, MQRO_NONE, MQRO_PAN, MQRO_NAN, MQRO_PASS_MSG_ID, MQRO_COA_WITH_FULL_DATA, MQRO_COD_WITH_FULL_DATA, MQRO_EXPIRATION_WITH_FULL_DATA
3:
Default, MQRO_COPY_MSG_ID_TO_CORREL_ID, MQRO_NEW_MSG_ID, MQRO_NONE, MQRO_COD
3:
Default, MQRO_COPY_MSG_ID_TO_CORREL_ID, MQRO_NEW_MSG_ID, MQRO_NONE, MQRO_PAN, MQRO_NAN, MQRO_PASS_MSG_ID, MQRO_COA_WITH_DATA, MQRO_COD_WITH_FULL_DATA, MQRO_EXPIRATION_WITH_FULL_DATA, MQRO_EXCEPTION_WITH_FULL_DATA, MQRO_DISCARD_MSG
3:
Default, MQRO_COPY_MSG_ID_TO_CORREL_ID, MQRO_NEW_MSG_ID, MQRO_NONE, MQRO_NAN, MQRO_COD_WITH_FULL_DATA, MQRO_EXPIRATION_WITH_FULL_DATA, MQRO_EXCEPTION_WITH_FULL_DATA
3:
Default, MQRO_COPY_MSG_ID_TO_CORREL_ID, MQRO_NEW_MSG_ID, MQRO_NONE, MQRO_NAN, MQRO_PASS_MSG_ID, MQRO_COA_WITH_DATA, MQRO_COD_WITH_FULL_DATA, MQRO_EXPIRATION_WITH_FULL_DATA, MQRO_EXCEPTION_WITH_FULL_DATA, MQRO_DISCARD_MSG
3:
MQRO_DEAD_LETTER_Q
3:
Default, MQRO_COPY_MSG_ID_TO_CORREL_ID, MQRO_NEW_MSG_ID, MQRO_NONE, MQRO_NAN, MQRO_PASS_CORREL_ID, MQRO_COA_WITH_FULL_DATA, MQRO_COD, MQRO_EXCEPTION_WITH_DATA, MQRO_DISCARD_MSG
&lt;null&gt;
4:
Default, MQRO_COPY_MSG_ID_TO_CORREL_ID, MQRO_NEW_MSG_ID, MQRO_NONE, MQRO_NAN, MQRO_COA_WITH_FULL_DATA, MQRO_COD_WITH_FULL_DATA, MQRO_EXPIRATION_WITH_DATA, MQRO_EXCEPTION_WITH_FULL_DATA, MQRO_DISCARD_MSG
4:
MQRO_DEAD_LETTER_Q
4:
Default, MQRO_COPY_MSG_ID_TO_CORREL_ID, MQRO_NEW_MSG_ID, MQRO_NONE, MQRO_EXPIRATION, MQRO_EXCEPTION_WITH_DATA
4:
Default, MQRO_COPY_MSG_ID_TO_CORREL_ID, MQRO_NEW_MSG_ID, MQRO_NONE, MQRO_COA_WITH_FULL_DATA, MQRO_EXPIRATION
4:
Default, MQRO_COPY_MSG_ID_TO_CORREL_ID, MQRO_NEW_MSG_ID, MQRO_NONE, MQRO_PASS_CORREL_ID, MQRO_PASS_MSG_ID, MQRO_COA_WITH_FULL_DATA, MQRO_COD_WITH_FULL_DATA, MQRO_EXPIRATION_WITH_DATA
&lt;null&gt;
5:
Default, MQRO_COPY_MSG_ID_TO_CORREL_ID, MQRO_NEW_MSG_ID, MQRO_NONE, MQRO_PAN, MQRO_NAN, MQRO_PASS_CORREL_ID, MQRO_COD_WITH_DATA, MQRO_EXPIRATION_WITH_DATA, MQRO_EXCEPTION_WITH_FULL_DATA, MQRO_DISCARD_MSG
&lt;null&gt;
6:
Default, MQRO_COPY_MSG_ID_TO_CORREL_ID, MQRO_NEW_MSG_ID, MQRO_NONE, MQRO_PAN, MQRO_NAN, MQRO_PASS_CORREL_ID, MQRO_PASS_MSG_ID, MQRO_COA_WITH_FULL_DATA, MQRO_COD_WITH_FULL_DATA, MQRO_EXPIRATION_WITH_FULL_DATA, MQRO_EXCEPTION_WITH_FULL_DATA, MQRO_DISCARD_MSG
&lt;null&gt;
7:
Default, MQRO_COPY_MSG_ID_TO_CORREL_ID, MQRO_NEW_MSG_ID, MQRO_NONE, MQRO_PAN, MQRO_PASS_MSG_ID, MQRO_COA_WITH_FULL_DATA, MQRO_COD_WITH_DATA, MQRO_EXPIRATION_WITH_FULL_DATA, MQRO_EXCEPTION_WITH_FULL_DATA, MQRO_DISCARD_MSG
7:
Default, MQRO_COPY_MSG_ID_TO_CORREL_ID, MQRO_NEW_MSG_ID, MQRO_NONE, MQRO_COA_WITH_FULL_DATA, MQRO_COD, MQRO_EXPIRATION
7:
Default, MQRO_COPY_MSG_ID_TO_CORREL_ID, MQRO_NEW_MSG_ID, MQRO_NONE, MQRO_PAN, MQRO_COA, MQRO_COD, MQRO_EXPIRATION_WITH_FULL_DATA, MQRO_EXCEPTION_WITH_DATA
7:
Default, MQRO_COPY_MSG_ID_TO_CORREL_ID, MQRO_NEW_MSG_ID, MQRO_NONE, MQRO_PAN, MQRO_NAN, MQRO_COA, MQRO_COD_WITH_FULL_DATA, MQRO_EXPIRATION_WITH_FULL_DATA, MQRO_EXCEPTION
7:
Default, MQRO_COPY_MSG_ID_TO_CORREL_ID, MQRO_NEW_MSG_ID, MQRO_NONE, MQRO_NAN, MQRO_PASS_CORREL_ID, MQRO_PASS_MSG_ID, MQRO_COA_WITH_FULL_DATA, MQRO_COD_WITH_FULL_DATA, MQRO_EXPIRATION_WITH_FULL_DATA, MQRO_EXCEPTION_WITH_FULL_DATA
&lt;null&gt;
8:
Default, MQRO_COPY_MSG_ID_TO_CORREL_ID, MQRO_NEW_MSG_ID, MQRO_NONE, MQRO_EXPIRATION
8:
Default, MQRO_COPY_MSG_ID_TO_CORREL_ID, MQRO_NEW_MSG_ID, MQRO_NONE, MQRO_PAN, MQRO_NAN, MQRO_PASS_CORREL_ID, MQRO_PASS_MSG_ID, MQRO_COD_WITH_DATA, MQRO_EXPIRATION_WITH_DATA, MQRO_EXCEPTION_WITH_DATA, MQRO_DISCARD_MSG
&lt;null&gt;
9:
Default, MQRO_COPY_MSG_ID_TO_CORREL_ID, MQRO_NEW_MSG_ID, MQRO_NONE, MQRO_PAN, MQRO_NAN, MQRO_PASS_CORREL_ID, MQRO_PASS_MSG_ID, MQRO_COA_WITH_FULL_DATA, MQRO_COD_WITH_DATA, MQRO_EXPIRATION_WITH_FULL_DATA, MQRO_EXCEPTION_WITH_FULL_DATA, MQRO_DISCARD_MSG
&lt;null&gt;
10:
Default, MQRO_COPY_MSG_ID_TO_CORREL_ID, MQRO_NEW_MSG_ID, MQRO_NONE, MQRO_PAN, MQRO_NAN, MQRO_PASS_CORREL_ID, MQRO_PASS_MSG_ID, MQRO_COA, MQRO_COD_WITH_FULL_DATA, MQRO_EXPIRATION_WITH_FULL_DATA, MQRO_EXCEPTION_WITH_FULL_DATA
&lt;null&gt;
11:
Default, MQRO_COPY_MSG_ID_TO_CORREL_ID, MQRO_NEW_MSG_ID, MQRO_NONE, MQRO_PASS_MSG_ID, MQRO_COD
11:
Default, MQRO_COPY_MSG_ID_TO_CORREL_ID, MQRO_NEW_MSG_ID, MQRO_NONE, MQRO_PAN, MQRO_NAN, MQRO_PASS_MSG_ID, MQRO_COA_WITH_FULL_DATA, MQRO_COD_WITH_FULL_DATA, MQRO_EXPIRATION_WITH_FULL_DATA, MQRO_EXCEPTION_WITH_FULL_DATA, MQRO_DISCARD_MSG
11:
Default, MQRO_COPY_MSG_ID_TO_CORREL_ID, MQRO_NEW_MSG_ID, MQRO_NONE, MQRO_PAN, MQRO_NAN, MQRO_PASS_CORREL_ID, MQRO_PASS_MSG_ID, MQRO_COA_WITH_DATA, MQRO_COD_WITH_FULL_DATA, MQRO_EXPIRATION_WITH_DATA, MQRO_EXCEPTION_WITH_FULL_DATA, MQRO_DISCARD_MSG
&lt;null&gt;
12:
Default, MQRO_COPY_MSG_ID_TO_CORREL_ID, MQRO_NEW_MSG_ID, MQRO_NONE, MQRO_PAN, MQRO_NAN, MQRO_COA_WITH_DATA, MQRO_COD_WITH_FULL_DATA, MQRO_EXPIRATION, MQRO_DISCARD_MSG
12:
Default, MQRO_COPY_MSG_ID_TO_CORREL_ID, MQRO_NEW_MSG_ID, MQRO_NONE, MQRO_PAN, MQRO_NAN, MQRO_PASS_CORREL_ID, MQRO_PASS_MSG_ID, MQRO_COA_WITH_FULL_DATA, MQRO_COD_WITH_FULL_DATA, MQRO_EXPIRATION_WITH_FULL_DATA, MQRO_EXCEPTION_WITH_FULL_DATA, MQRO_DISCARD_MSG
&lt;null&gt;
13:
Default, MQRO_COPY_MSG_ID_TO_CORREL_ID, MQRO_NEW_MSG_ID, MQRO_NONE, MQRO_PAN, MQRO_COA, MQRO_COD_WITH_DATA, MQRO_EXPIRATION_WITH_FULL_DATA, MQRO_EXCEPTION_WITH_DATA, MQRO_DISCARD_MSG
13:
Default, MQRO_COPY_MSG_ID_TO_CORREL_ID, MQRO_NEW_MSG_ID, MQRO_NONE, MQRO_PASS_CORREL_ID, MQRO_COA_WITH_DATA, MQRO_EXPIRATION_WITH_FULL_DATA, MQRO_EXCEPTION, MQRO_DISCARD_MSG
&lt;null&gt;
14:
Default, MQRO_COPY_MSG_ID_TO_CORREL_ID, MQRO_NEW_MSG_ID, MQRO_NONE, MQRO_PAN, MQRO_COD_WITH_DATA, MQRO_EXCEPTION_WITH_FULL_DATA
14:
MQRO_DEAD_LETTER_Q
14:
MQRO_DEAD_LETTER_Q
14:
Default, MQRO_COPY_MSG_ID_TO_CORREL_ID, MQRO_NEW_MSG_ID, MQRO_NONE, MQRO_PAN, MQRO_NAN, MQRO_PASS_CORREL_ID, MQRO_PASS_MSG_ID, MQRO_COA_WITH_FULL_DATA, MQRO_COD_WITH_FULL_DATA, MQRO_EXPIRATION_WITH_FULL_DATA, MQRO_EXCEPTION_WITH_FULL_DATA
&lt;null&gt;
15:
Default, MQRO_COPY_MSG_ID_TO_CORREL_ID, MQRO_NEW_MSG_ID, MQRO_NONE, MQRO_COA, MQRO_COD, MQRO_EXPIRATION_WITH_FULL_DATA, MQRO_EXCEPTION
15:
Default, MQRO_COPY_MSG_ID_TO_CORREL_ID, MQRO_NEW_MSG_ID, MQRO_NONE, MQRO_PAN, MQRO_NAN, MQRO_PASS_MSG_ID, MQRO_COA_WITH_FULL_DATA, MQRO_COD_WITH_FULL_DATA, MQRO_EXPIRATION_WITH_FULL_DATA, MQRO_EXCEPTION_WITH_FULL_DATA, MQRO_DISCARD_MSG
15:
Default, MQRO_COPY_MSG_ID_TO_CORREL_ID, MQRO_NEW_MSG_ID, MQRO_NONE, MQRO_PAN, MQRO_NAN, MQRO_PASS_CORREL_ID, MQRO_PASS_MSG_ID, MQRO_COA_WITH_FULL_DATA, MQRO_COD_WITH_DATA, MQRO_EXPIRATION_WITH_DATA, MQRO_EXCEPTION_WITH_DATA, MQRO_DISCARD_MSG
&lt;null&gt;
16:
Default, MQRO_COPY_MSG_ID_TO_CORREL_ID, MQRO_NEW_MSG_ID, MQRO_NONE, MQRO_PAN, MQRO_NAN, MQRO_PASS_CORREL_ID, MQRO_COA_WITH_FULL_DATA, MQRO_COD_WITH_FULL_DATA, MQRO_EXPIRATION_WITH_DATA, MQRO_EXCEPTION_WITH_FULL_DATA, MQRO_DISCARD_MSG
&lt;null&gt;
17:
Default, MQRO_COPY_MSG_ID_TO_CORREL_ID, MQRO_NEW_MSG_ID, MQRO_NONE, MQRO_COA_WITH_DATA, MQRO_COD_WITH_FULL_DATA, MQRO_EXPIRATION_WITH_FULL_DATA, MQRO_EXCEPTION
17:
Default, MQRO_COPY_MSG_ID_TO_CORREL_ID, MQRO_NEW_MSG_ID, MQRO_NONE, MQRO_PAN
17:
Default, MQRO_COPY_MSG_ID_TO_CORREL_ID, MQRO_NEW_MSG_ID, MQRO_NONE, MQRO_NAN, MQRO_COA_WITH_FULL_DATA, MQRO_COD_WITH_DATA, MQRO_EXPIRATION_WITH_FULL_DATA, MQRO_EXCEPTION, MQRO_DISCARD_MSG
17:
Default, MQRO_COPY_MSG_ID_TO_CORREL_ID, MQRO_NEW_MSG_ID, MQRO_NONE, MQRO_NAN, MQRO_PASS_CORREL_ID, MQRO_PASS_MSG_ID, MQRO_COA_WITH_FULL_DATA, MQRO_COD_WITH_FULL_DATA, MQRO_EXPIRATION_WITH_FULL_DATA, MQRO_EXCEPTION_WITH_FULL_DATA
&lt;null&gt;
18:
Default, MQRO_COPY_MSG_ID_TO_CORREL_ID, MQRO_NEW_MSG_ID, MQRO_NONE, MQRO_EXPIRATION_WITH_DATA, MQRO_EXCEPTION_WITH_FULL_DATA
18:
Default, MQRO_COPY_MSG_ID_TO_CORREL_ID, MQRO_NEW_MSG_ID, MQRO_NONE, MQRO_PAN, MQRO_NAN, MQRO_DISCARD_MSG
18:
Default, MQRO_COPY_MSG_ID_TO_CORREL_ID, MQRO_NEW_MSG_ID, MQRO_NONE, MQRO_PAN, MQRO_COD_WITH_DATA, MQRO_EXCEPTION_WITH_DATA
18:
Default, MQRO_COPY_MSG_ID_TO_CORREL_ID, MQRO_NEW_MSG_ID, MQRO_NONE, MQRO_PASS_MSG_ID, MQRO_COD, MQRO_EXCEPTION, MQRO_DISCARD_MSG
18:
Default, MQRO_COPY_MSG_ID_TO_CORREL_ID, MQRO_NEW_MSG_ID, MQRO_NONE, MQRO_PAN, MQRO_PASS_CORREL_ID, MQRO_PASS_MSG_ID, MQRO_COA_WITH_FULL_DATA, MQRO_COD_WITH_FULL_DATA, MQRO_EXPIRATION_WITH_FULL_DATA, MQRO_EXCEPTION_WITH_FULL_DATA, MQRO_DISCARD_MSG
&lt;null&gt;
19:
Default, MQRO_COPY_MSG_ID_TO_CORREL_ID, MQRO_NEW_MSG_ID, MQRO_NONE, MQRO_PASS_CORREL_ID, MQRO_COA_WITH_FULL_DATA, MQRO_COD_WITH_FULL_DATA
&lt;null&gt;
20:
Default, MQRO_COPY_MSG_ID_TO_CORREL_ID, MQRO_NEW_MSG_ID, MQRO_NONE, MQRO_NAN, MQRO_PASS_CORREL_ID, MQRO_COA_WITH_DATA, MQRO_COD_WITH_FULL_DATA, MQRO_EXPIRATION_WITH_FULL_DATA, MQRO_EXCEPTION_WITH_FULL_DATA, MQRO_DISCARD_MSG
&lt;null&gt;
21:
Default, MQRO_COPY_MSG_ID_TO_CORREL_ID, MQRO_NEW_MSG_ID, MQRO_NONE, MQRO_PAN, MQRO_NAN, MQRO_PASS_CORREL_ID, MQRO_PASS_MSG_ID, MQRO_COA_WITH_FULL_DATA, MQRO_COD_WITH_FULL_DATA, MQRO_EXPIRATION_WITH_FULL_DATA, MQRO_EXCEPTION_WITH_FULL_DATA, MQRO_DISCARD_MSG
&lt;null&gt;
22:
MQRO_DEAD_LETTER_Q
22:
Default, MQRO_COPY_MSG_ID_TO_CORREL_ID, MQRO_NEW_MSG_ID, MQRO_NONE, MQRO_PAN, MQRO_NAN, MQRO_PASS_CORREL_ID, MQRO_PASS_MSG_ID, MQRO_COA_WITH_FULL_DATA, MQRO_COD, MQRO_EXPIRATION_WITH_FULL_DATA, MQRO_EXCEPTION_WITH_FULL_DATA, MQRO_DISCARD_MSG
&lt;null&gt;
23:
Default, MQRO_COPY_MSG_ID_TO_CORREL_ID, MQRO_NEW_MSG_ID, MQRO_NONE, MQRO_PAN, MQRO_PASS_CORREL_ID, MQRO_PASS_MSG_ID, MQRO_COA_WITH_FULL_DATA, MQRO_COD_WITH_FULL_DATA, MQRO_EXPIRATION, MQRO_EXCEPTION_WITH_FULL_DATA
&lt;null&gt;
24:
Default, MQRO_COPY_MSG_ID_TO_CORREL_ID, MQRO_NEW_MSG_ID, MQRO_NONE, MQRO_COD_WITH_FULL_DATA, MQRO_EXPIRATION_WITH_FULL_DATA, MQRO_EXCEPTION
24:
Default, MQRO_COPY_MSG_ID_TO_CORREL_ID, MQRO_NEW_MSG_ID, MQRO_NONE, MQRO_PAN, MQRO_NAN, MQRO_COA_WITH_FULL_DATA, MQRO_EXCEPTION_WITH_DATA
24:
Default, MQRO_COPY_MSG_ID_TO_CORREL_ID, MQRO_NEW_MSG_ID, MQRO_NONE, MQRO_PAN, MQRO_NAN, MQRO_PASS_CORREL_ID, MQRO_PASS_MSG_ID, MQRO_COA_WITH_FULL_DATA, MQRO_COD_WITH_FULL_DATA, MQRO_EXPIRATION_WITH_FULL_DATA, MQRO_EXCEPTION_WITH_FULL_DATA, MQRO_DISCARD_MSG
&lt;null&gt;
25:
MQRO_DEAD_LETTER_Q
25:
Default, MQRO_COPY_MSG_ID_TO_CORREL_ID, MQRO_NEW_MSG_ID, MQRO_NONE, MQRO_PAN, MQRO_PASS_CORREL_ID, MQRO_PASS_MSG_ID, MQRO_COA, MQRO_COD_WITH_FULL_DATA, MQRO_EXPIRATION_WITH_DATA, MQRO_EXCEPTION_WITH_FULL_DATA
&lt;null&gt;
26:
Default, MQRO_COPY_MSG_ID_TO_CORREL_ID, MQRO_NEW_MSG_ID, MQRO_NONE, MQRO_PAN, MQRO_NAN, MQRO_PASS_CORREL_ID, MQRO_PASS_MSG_ID, MQRO_COA_WITH_FULL_DATA, MQRO_COD_WITH_FULL_DATA, MQRO_EXPIRATION_WITH_FULL_DATA, MQRO_EXCEPTION_WITH_DATA
&lt;null&gt;
27:
Default, MQRO_COPY_MSG_ID_TO_CORREL_ID, MQRO_NEW_MSG_ID, MQRO_NONE, MQRO_COA_WITH_FULL_DATA, MQRO_EXPIRATION_WITH_FULL_DATA
27:
Default, MQRO_COPY_MSG_ID_TO_CORREL_ID, MQRO_NEW_MSG_ID, MQRO_NONE, MQRO_PAN, MQRO_COD_WITH_DATA, MQRO_EXCEPTION_WITH_DATA
27:
Default, MQRO_COPY_MSG_ID_TO_CORREL_ID, MQRO_NEW_MSG_ID, MQRO_NONE, MQRO_PAN, MQRO_NAN, MQRO_PASS_CORREL_ID, MQRO_PASS_MSG_ID, MQRO_COA_WITH_FULL_DATA, MQRO_COD_WITH_FULL_DATA, MQRO_EXPIRATION_WITH_DATA, MQRO_EXCEPTION_WITH_FULL_DATA, MQRO_DISCARD_MSG
&lt;null&gt;
28:
Default, MQRO_COPY_MSG_ID_TO_CORREL_ID, MQRO_NEW_MSG_ID, MQRO_NONE, MQRO_COA_WITH_DATA, MQRO_COD_WITH_FULL_DATA, MQRO_EXPIRATION_WITH_DATA, MQRO_EXCEPTION_WITH_FULL_DATA
28:
Default, MQRO_COPY_MSG_ID_TO_CORREL_ID, MQRO_NEW_MSG_ID, MQRO_NONE, MQRO_PAN, MQRO_NAN, MQRO_PASS_CORREL_ID, MQRO_PASS_MSG_ID, MQRO_COA_WITH_FULL_DATA, MQRO_COD_WITH_FULL_DATA, MQRO_EXPIRATION_WITH_FULL_DATA, MQRO_EXCEPTION_WITH_FULL_DATA, MQRO_DISCARD_MSG
&lt;null&gt;
29:
Default, MQRO_COPY_MSG_ID_TO_CORREL_ID, MQRO_NEW_MSG_ID, MQRO_NONE, MQRO_EXCEPTION_WITH_DATA
29:
Default, MQRO_COPY_MSG_ID_TO_CORREL_ID, MQRO_NEW_MSG_ID, MQRO_NONE, MQRO_NAN, MQRO_PASS_CORREL_ID, MQRO_COA_WITH_DATA, MQRO_COD_WITH_FULL_DATA, MQRO_EXPIRATION_WITH_FULL_DATA, MQRO_EXCEPTION_WITH_FULL_DATA, MQRO_DISCARD_MSG
&lt;null&gt;
30:
Default, MQRO_COPY_MSG_ID_TO_CORREL_ID, MQRO_NEW_MSG_ID, MQRO_NONE, MQRO_PAN, MQRO_PASS_CORREL_ID, MQRO_PASS_MSG_ID, MQRO_COA_WITH_FULL_DATA, MQRO_COD_WITH_FULL_DATA, MQRO_EXPIRATION_WITH_FULL_DATA, MQRO_EXCEPTION_WITH_DATA, MQRO_DISCARD_MSG
&lt;null&gt;
31:
Default, MQRO_COPY_MSG_ID_TO_CORREL_ID, MQRO_NEW_MSG_ID, MQRO_NONE, MQRO_PAN, MQRO_NAN, MQRO_COA_WITH_FULL_DATA, MQRO_COD_WITH_FULL_DATA, MQRO_EXPIRATION_WITH_FULL_DATA, MQRO_EXCEPTION_WITH_FULL_DATA, MQRO_DISCARD_MSG
31:
Default, MQRO_COPY_MSG_ID_TO_CORREL_ID, MQRO_NEW_MSG_ID, MQRO_NONE, MQRO_PAN, MQRO_NAN, MQRO_PASS_CORREL_ID, MQRO_PASS_MSG_ID, MQRO_COA_WITH_FULL_DATA, MQRO_COD_WITH_FULL_DATA, MQRO_EXPIRATION_WITH_FULL_DATA, MQRO_EXCEPTION_WITH_FULL_DATA, MQRO_DISCARD_MSG
&lt;null&gt;
32:
Default, MQRO_COPY_MSG_ID_TO_CORREL_ID, MQRO_NEW_MSG_ID, MQRO_NONE, MQRO_PAN, MQRO_NAN, MQRO_PASS_CORREL_ID, MQRO_PASS_MSG_ID, MQRO_COA_WITH_FULL_DATA, MQRO_COD_WITH_FULL_DATA, MQRO_EXPIRATION_WITH_FULL_DATA, MQRO_EXCEPTION_WITH_FULL_DATA
&lt;null&gt;
33:
Default, MQRO_COPY_MSG_ID_TO_CORREL_ID, MQRO_NEW_MSG_ID, MQRO_NONE, MQRO_PAN, MQRO_COD_WITH_FULL_DATA, MQRO_EXPIRATION_WITH_FULL_DATA, MQRO_EXCEPTION_WITH_FULL_DATA
33:
Default, MQRO_COPY_MSG_ID_TO_CORREL_ID, MQRO_NEW_MSG_ID, MQRO_NONE, MQRO_PAN, MQRO_NAN, MQRO_PASS_CORREL_ID, MQRO_PASS_MSG_ID, MQRO_COA_WITH_FULL_DATA, MQRO_COD_WITH_FULL_DATA, MQRO_EXPIRATION_WITH_FULL_DATA, MQRO_EXCEPTION_WITH_FULL_DATA, MQRO_DISCARD_MSG
&lt;null&gt;
34:
Default, MQRO_COPY_MSG_ID_TO_CORREL_ID, MQRO_NEW_MSG_ID, MQRO_NONE, MQRO_PAN, MQRO_NAN, MQRO_PASS_CORREL_ID, MQRO_PASS_MSG_ID, MQRO_COA_WITH_FULL_DATA, MQRO_COD_WITH_FULL_DATA, MQRO_EXPIRATION_WITH_FULL_DATA, MQRO_EXCEPTION_WITH_FULL_DATA, MQRO_DISCARD_MSG
&lt;null&gt;
35:
Default, MQRO_COPY_MSG_ID_TO_CORREL_ID, MQRO_NEW_MSG_ID, MQRO_NONE, MQRO_PAN, MQRO_NAN, MQRO_PASS_MSG_ID, MQRO_COA_WITH_FULL_DATA, MQRO_COD_WITH_FULL_DATA, MQRO_EXPIRATION_WITH_DATA, MQRO_EXCEPTION_WITH_FULL_DATA, MQRO_DISCARD_MSG
35:
Default, MQRO_COPY_MSG_ID_TO_CORREL_ID, MQRO_NEW_MSG_ID, MQRO_NONE, MQRO_PAN, MQRO_NAN, MQRO_PASS_MSG_ID, MQRO_COA_WITH_DATA, MQRO_COD_WITH_FULL_DATA, MQRO_EXPIRATION_WITH_FULL_DATA, MQRO_EXCEPTION_WITH_FULL_DATA, MQRO_DISCARD_MSG
35:
Default, MQRO_COPY_MSG_ID_TO_CORREL_ID, MQRO_NEW_MSG_ID, MQRO_NONE, MQRO_PAN, MQRO_PASS_CORREL_ID, MQRO_PASS_MSG_ID, MQRO_COA_WITH_FULL_DATA, MQRO_COD_WITH_FULL_DATA, MQRO_EXPIRATION_WITH_DATA, MQRO_EXCEPTION_WITH_FULL_DATA, MQRO_DISCARD_MSG
&lt;null&gt;
36:
MQRO_DEAD_LETTER_Q
36:
Default, MQRO_COPY_MSG_ID_TO_CORREL_ID, MQRO_NEW_MSG_ID, MQRO_NONE, MQRO_PAN, MQRO_PASS_MSG_ID, MQRO_COA_WITH_FULL_DATA, MQRO_COD_WITH_FULL_DATA, MQRO_EXPIRATION_WITH_FULL_DATA, MQRO_EXCEPTION_WITH_FULL_DATA, MQRO_DISCARD_MSG
36:
Default, MQRO_COPY_MSG_ID_TO_CORREL_ID, MQRO_NEW_MSG_ID, MQRO_NONE, MQRO_PAN, MQRO_NAN, MQRO_PASS_MSG_ID, MQRO_COA_WITH_FULL_DATA, MQRO_COD_WITH_FULL_DATA, MQRO_EXPIRATION_WITH_FULL_DATA, MQRO_EXCEPTION_WITH_FULL_DATA
36:
Default, MQRO_COPY_MSG_ID_TO_CORREL_ID, MQRO_NEW_MSG_ID, MQRO_NONE, MQRO_PAN, MQRO_NAN, MQRO_PASS_CORREL_ID, MQRO_PASS_MSG_ID, MQRO_COA_WITH_FULL_DATA, MQRO_COD_WITH_FULL_DATA, MQRO_EXPIRATION_WITH_FULL_DATA, MQRO_EXCEPTION_WITH_FULL_DATA, MQRO_DISCARD_MSG
&lt;null&gt;
37:
Default, MQRO_COPY_MSG_ID_TO_CORREL_ID, MQRO_NEW_MSG_ID, MQRO_NONE, MQRO_PASS_CORREL_ID, MQRO_PASS_MSG_ID, MQRO_COA_WITH_FULL_DATA, MQRO_COD_WITH_FULL_DATA, MQRO_EXPIRATION_WITH_DATA, MQRO_EXCEPTION_WITH_DATA
&lt;null&gt;
38:
Default, MQRO_COPY_MSG_ID_TO_CORREL_ID, MQRO_NEW_MSG_ID, MQRO_NONE, MQRO_COA_WITH_DATA, MQRO_COD_WITH_FULL_DATA, MQRO_EXPIRATION_WITH_DATA
38:
Default, MQRO_COPY_MSG_ID_TO_CORREL_ID, MQRO_NEW_MSG_ID, MQRO_NONE, MQRO_PAN, MQRO_NAN, MQRO_PASS_CORREL_ID, MQRO_PASS_MSG_ID, MQRO_COA_WITH_FULL_DATA, MQRO_COD_WITH_FULL_DATA, MQRO_EXPIRATION_WITH_FULL_DATA, MQRO_EXCEPTION_WITH_DATA, MQRO_DISCARD_MSG
&lt;null&gt;
39:
Default, MQRO_COPY_MSG_ID_TO_CORREL_ID, MQRO_NEW_MSG_ID, MQRO_NONE, MQRO_PAN, MQRO_PASS_MSG_ID, MQRO_COA_WITH_FULL_DATA, MQRO_COD_WITH_FULL_DATA, MQRO_EXPIRATION_WITH_FULL_DATA, MQRO_EXCEPTION_WITH_FULL_DATA, MQRO_DISCARD_MSG
39:
Default, MQRO_COPY_MSG_ID_TO_CORREL_ID, MQRO_NEW_MSG_ID, MQRO_NONE, MQRO_PAN, MQRO_NAN, MQRO_COA, MQRO_EXPIRATION_WITH_FULL_DATA, MQRO_EXCEPTION_WITH_DATA, MQRO_DISCARD_MSG
39:
Default, MQRO_COPY_MSG_ID_TO_CORREL_ID, MQRO_NEW_MSG_ID, MQRO_NONE, MQRO_PASS_CORREL_ID, MQRO_PASS_MSG_ID, MQRO_COA_WITH_FULL_DATA, MQRO_EXCEPTION
&lt;null&gt;
40:
Default, MQRO_COPY_MSG_ID_TO_CORREL_ID, MQRO_NEW_MSG_ID, MQRO_NONE, MQRO_COA_WITH_FULL_DATA, MQRO_EXPIRATION_WITH_FULL_DATA, MQRO_EXCEPTION_WITH_DATA
40:
Default, MQRO_COPY_MSG_ID_TO_CORREL_ID, MQRO_NEW_MSG_ID, MQRO_NONE, MQRO_PAN, MQRO_PASS_CORREL_ID, MQRO_PASS_MSG_ID, MQRO_COA_WITH_FULL_DATA, MQRO_COD_WITH_FULL_DATA, MQRO_EXPIRATION_WITH_FULL_DATA, MQRO_EXCEPTION_WITH_FULL_DATA, MQRO_DISCARD_MSG
&lt;null&gt;
41:
Default, MQRO_COPY_MSG_ID_TO_CORREL_ID, MQRO_NEW_MSG_ID, MQRO_NONE, MQRO_PASS_MSG_ID, MQRO_COA_WITH_FULL_DATA, MQRO_COD_WITH_FULL_DATA, MQRO_EXPIRATION, MQRO_EXCEPTION_WITH_FULL_DATA
41:
Default, MQRO_COPY_MSG_ID_TO_CORREL_ID, MQRO_NEW_MSG_ID, MQRO_NONE, MQRO_PAN, MQRO_NAN, MQRO_PASS_CORREL_ID, MQRO_COD_WITH_DATA, MQRO_EXPIRATION, MQRO_EXCEPTION_WITH_DATA
&lt;null&gt;
42:
Default, MQRO_COPY_MSG_ID_TO_CORREL_ID, MQRO_NEW_MSG_ID, MQRO_NONE, MQRO_PAN, MQRO_NAN, MQRO_PASS_CORREL_ID, MQRO_COA_WITH_FULL_DATA, MQRO_COD_WITH_FULL_DATA, MQRO_EXPIRATION_WITH_FULL_DATA, MQRO_EXCEPTION_WITH_FULL_DATA, MQRO_DISCARD_MSG
&lt;null&gt;
43:
Default, MQRO_COPY_MSG_ID_TO_CORREL_ID, MQRO_NEW_MSG_ID, MQRO_NONE, MQRO_PASS_CORREL_ID, MQRO_PASS_MSG_ID, MQRO_COA_WITH_DATA, MQRO_EXPIRATION_WITH_DATA, MQRO_EXCEPTION_WITH_FULL_DATA
&lt;null&gt;
44:
Default, MQRO_COPY_MSG_ID_TO_CORREL_ID, MQRO_NEW_MSG_ID, MQRO_NONE, MQRO_PAN, MQRO_NAN, MQRO_PASS_MSG_ID, MQRO_COA_WITH_FULL_DATA, MQRO_COD_WITH_FULL_DATA, MQRO_EXPIRATION_WITH_FULL_DATA, MQRO_EXCEPTION_WITH_FULL_DATA, MQRO_DISCARD_MSG
44:
Default, MQRO_COPY_MSG_ID_TO_CORREL_ID, MQRO_NEW_MSG_ID, MQRO_NONE, MQRO_PASS_MSG_ID, MQRO_COA_WITH_FULL_DATA, MQRO_EXPIRATION_WITH_FULL_DATA, MQRO_EXCEPTION_WITH_DATA
44:
Default, MQRO_COPY_MSG_ID_TO_CORREL_ID, MQRO_NEW_MSG_ID, MQRO_NONE, MQRO_PASS_CORREL_ID, MQRO_PASS_MSG_ID, MQRO_COD_WITH_FULL_DATA, MQRO_EXPIRATION_WITH_DATA, MQRO_EXCEPTION_WITH_FULL_DATA
&lt;null&gt;
45:
Default, MQRO_COPY_MSG_ID_TO_CORREL_ID, MQRO_NEW_MSG_ID, MQRO_NONE, MQRO_NAN, MQRO_COD_WITH_FULL_DATA, MQRO_EXCEPTION
45:
Default, MQRO_COPY_MSG_ID_TO_CORREL_ID, MQRO_NEW_MSG_ID, MQRO_NONE, MQRO_PAN, MQRO_NAN, MQRO_PASS_CORREL_ID, MQRO_PASS_MSG_ID, MQRO_COA_WITH_FULL_DATA, MQRO_COD_WITH_FULL_DATA, MQRO_EXPIRATION_WITH_FULL_DATA, MQRO_EXCEPTION_WITH_FULL_DATA, MQRO_DISCARD_MSG
&lt;null&gt;
46:
Default, MQRO_COPY_MSG_ID_TO_CORREL_ID, MQRO_NEW_MSG_ID, MQRO_NONE, MQRO_PASS_CORREL_ID, MQRO_COD, MQRO_EXCEPTION_WITH_FULL_DATA
&lt;null&gt;
47:
Default, MQRO_COPY_MSG_ID_TO_CORREL_ID, MQRO_NEW_MSG_ID, MQRO_NONE, MQRO_COA_WITH_FULL_DATA, MQRO_COD_WITH_DATA, MQRO_EXPIRATION_WITH_FULL_DATA, MQRO_EXCEPTION_WITH_FULL_DATA
47:
Default, MQRO_COPY_MSG_ID_TO_CORREL_ID, MQRO_NEW_MSG_ID, MQRO_NONE, MQRO_PAN, MQRO_NAN, MQRO_PASS_MSG_ID, MQRO_COA_WITH_DATA, MQRO_COD_WITH_DATA, MQRO_EXPIRATION_WITH_DATA, MQRO_EXCEPTION_WITH_FULL_DATA, MQRO_DISCARD_MSG
47:
Default, MQRO_COPY_MSG_ID_TO_CORREL_ID, MQRO_NEW_MSG_ID, MQRO_NONE, MQRO_PAN, MQRO_PASS_CORREL_ID, MQRO_PASS_MSG_ID, MQRO_COA_WITH_FULL_DATA, MQRO_COD_WITH_FULL_DATA, MQRO_EXPIRATION_WITH_FULL_DATA, MQRO_EXCEPTION_WITH_FULL_DATA, MQRO_DISCARD_MSG
&lt;null&gt;
48:
Default, MQRO_COPY_MSG_ID_TO_CORREL_ID, MQRO_NEW_MSG_ID, MQRO_NONE, MQRO_PAN, MQRO_NAN, MQRO_PASS_CORREL_ID, MQRO_PASS_MSG_ID, MQRO_COA_WITH_FULL_DATA, MQRO_COD_WITH_FULL_DATA, MQRO_EXPIRATION_WITH_FULL_DATA, MQRO_EXCEPTION_WITH_FULL_DATA, MQRO_DISCARD_MSG
&lt;null&gt;
49:
Default, MQRO_COPY_MSG_ID_TO_CORREL_ID, MQRO_NEW_MSG_ID, MQRO_NONE, MQRO_PASS_CORREL_ID, MQRO_PASS_MSG_ID, MQRO_COA_WITH_DATA, MQRO_COD_WITH_FULL_DATA, MQRO_EXCEPTION_WITH_DATA
&lt;null&gt;
50:
Default, MQRO_COPY_MSG_ID_TO_CORREL_ID, MQRO_NEW_MSG_ID, MQRO_NONE, MQRO_PAN, MQRO_NAN, MQRO_PASS_CORREL_ID, MQRO_PASS_MSG_ID, MQRO_COA_WITH_FULL_DATA, MQRO_COD_WITH_FULL_DATA, MQRO_EXPIRATION_WITH_FULL_DATA, MQRO_EXCEPTION_WITH_FULL_DATA, MQRO_DISCARD_MSG
&lt;null&gt;
51:
Default, MQRO_COPY_MSG_ID_TO_CORREL_ID, MQRO_NEW_MSG_ID, MQRO_NONE, MQRO_PAN, MQRO_PASS_CORREL_ID, MQRO_PASS_MSG_ID, MQRO_COA_WITH_FULL_DATA, MQRO_COD_WITH_FULL_DATA, MQRO_EXPIRATION_WITH_FULL_DATA, MQRO_EXCEPTION_WITH_FULL_DATA, MQRO_DISCARD_MSG
&lt;null&gt;
52:
Default, MQRO_COPY_MSG_ID_TO_CORREL_ID, MQRO_NEW_MSG_ID, MQRO_NONE, MQRO_COD_WITH_DATA, MQRO_EXPIRATION_WITH_FULL_DATA
52:
Default, MQRO_COPY_MSG_ID_TO_CORREL_ID, MQRO_NEW_MSG_ID, MQRO_NONE, MQRO_PAN, MQRO_NAN, MQRO_PASS_CORREL_ID, MQRO_PASS_MSG_ID, MQRO_COA_WITH_FULL_DATA, MQRO_COD_WITH_FULL_DATA, MQRO_EXPIRATION_WITH_FULL_DATA, MQRO_EXCEPTION_WITH_FULL_DATA
&lt;null&gt;
53:
Default, MQRO_COPY_MSG_ID_TO_CORREL_ID, MQRO_NEW_MSG_ID, MQRO_NONE, MQRO_PAN, MQRO_NAN, MQRO_PASS_MSG_ID, MQRO_COA, MQRO_COD_WITH_FULL_DATA, MQRO_EXPIRATION_WITH_FULL_DATA, MQRO_EXCEPTION_WITH_FULL_DATA
53:
Default, MQRO_COPY_MSG_ID_TO_CORREL_ID, MQRO_NEW_MSG_ID, MQRO_NONE, MQRO_PAN, MQRO_NAN, MQRO_PASS_CORREL_ID, MQRO_PASS_MSG_ID, MQRO_COA_WITH_FULL_DATA, MQRO_COD_WITH_FULL_DATA, MQRO_EXPIRATION_WITH_DATA, MQRO_EXCEPTION_WITH_DATA, MQRO_DISCARD_MSG
&lt;null&gt;
54:
Default, MQRO_COPY_MSG_ID_TO_CORREL_ID, MQRO_NEW_MSG_ID, MQRO_NONE, MQRO_PAN, MQRO_NAN, MQRO_PASS_CORREL_ID, MQRO_PASS_MSG_ID, MQRO_COA_WITH_FULL_DATA, MQRO_COD_WITH_FULL_DATA, MQRO_EXPIRATION_WITH_FULL_DATA, MQRO_EXCEPTION_WITH_FULL_DATA, MQRO_DISCARD_MSG
&lt;null&gt;
55:
Default, MQRO_COPY_MSG_ID_TO_CORREL_ID, MQRO_NEW_MSG_ID, MQRO_NONE, MQRO_PAN, MQRO_NAN
55:
Default, MQRO_COPY_MSG_ID_TO_CORREL_ID, MQRO_NEW_MSG_ID, MQRO_NONE, MQRO_PASS_MSG_ID, MQRO_COA_WITH_DATA, MQRO_COD_WITH_DATA, MQRO_EXPIRATION_WITH_FULL_DATA, MQRO_EXCEPTION_WITH_DATA
55:
Default, MQRO_COPY_MSG_ID_TO_CORREL_ID, MQRO_NEW_MSG_ID, MQRO_NONE, MQRO_PAN, MQRO_NAN, MQRO_PASS_CORREL_ID, MQRO_PASS_MSG_ID, MQRO_COA_WITH_FULL_DATA, MQRO_COD_WITH_FULL_DATA, MQRO_EXPIRATION_WITH_FULL_DATA, MQRO_EXCEPTION_WITH_FULL_DATA, MQRO_DISCARD_MSG
&lt;null&gt;
56:
Default, MQRO_COPY_MSG_ID_TO_CORREL_ID, MQRO_NEW_MSG_ID, MQRO_NONE, MQRO_EXPIRATION_WITH_FULL_DATA
56:
Default, MQRO_COPY_MSG_ID_TO_CORREL_ID, MQRO_NEW_MSG_ID, MQRO_NONE, MQRO_PAN, MQRO_NAN, MQRO_PASS_MSG_ID, MQRO_COA_WITH_FULL_DATA, MQRO_COD_WITH_FULL_DATA, MQRO_EXPIRATION_WITH_FULL_DATA, MQRO_EXCEPTION_WITH_FULL_DATA, MQRO_DISCARD_MSG
56:
Default, MQRO_COPY_MSG_ID_TO_CORREL_ID, MQRO_NEW_MSG_ID, MQRO_NONE, MQRO_PAN, MQRO_NAN, MQRO_PASS_CORREL_ID, MQRO_PASS_MSG_ID, MQRO_COA_WITH_FULL_DATA, MQRO_COD_WITH_FULL_DATA, MQRO_EXPIRATION_WITH_DATA, MQRO_EXCEPTION_WITH_FULL_DATA
&lt;null&gt;
57:
Default, MQRO_COPY_MSG_ID_TO_CORREL_ID, MQRO_NEW_MSG_ID, MQRO_NONE, MQRO_PAN, MQRO_NAN, MQRO_PASS_CORREL_ID, MQRO_PASS_MSG_ID, MQRO_COA_WITH_DATA, MQRO_COD_WITH_FULL_DATA, MQRO_EXPIRATION_WITH_DATA, MQRO_EXCEPTION_WITH_DATA, MQRO_DISCARD_MSG
&lt;null&gt;
58:
Default, MQRO_COPY_MSG_ID_TO_CORREL_ID, MQRO_NEW_MSG_ID, MQRO_NONE, MQRO_NAN, MQRO_PASS_CORREL_ID, MQRO_PASS_MSG_ID, MQRO_COA_WITH_FULL_DATA, MQRO_COD_WITH_FULL_DATA, MQRO_EXPIRATION_WITH_FULL_DATA, MQRO_EXCEPTION_WITH_FULL_DATA, MQRO_DISCARD_MSG
&lt;null&gt;
59:
Default, MQRO_COPY_MSG_ID_TO_CORREL_ID, MQRO_NEW_MSG_ID, MQRO_NONE, MQRO_PAN, MQRO_NAN, MQRO_PASS_CORREL_ID, MQRO_PASS_MSG_ID, MQRO_COA_WITH_FULL_DATA, MQRO_COD_WITH_FULL_DATA, MQRO_EXPIRATION_WITH_FULL_DATA, MQRO_EXCEPTION_WITH_FULL_DATA, MQRO_DISCARD_MSG
&lt;null&gt;
60:
MQRO_DEAD_LETTER_Q
60:
Default, MQRO_COPY_MSG_ID_TO_CORREL_ID, MQRO_NEW_MSG_ID, MQRO_NONE, MQRO_PAN, MQRO_NAN, MQRO_PASS_MSG_ID, MQRO_COA_WITH_FULL_DATA, MQRO_COD_WITH_DATA, MQRO_EXPIRATION_WITH_FULL_DATA, MQRO_EXCEPTION_WITH_FULL_DATA
60:
Default, MQRO_COPY_MSG_ID_TO_CORREL_ID, MQRO_NEW_MSG_ID, MQRO_NONE, MQRO_PAN, MQRO_NAN, MQRO_PASS_CORREL_ID, MQRO_PASS_MSG_ID, MQRO_COA_WITH_FULL_DATA, MQRO_COD_WITH_FULL_DATA, MQRO_EXPIRATION_WITH_FULL_DATA, MQRO_EXCEPTION_WITH_FULL_DATA, MQRO_DISCARD_MSG
&lt;null&gt;
61:
Default, MQRO_COPY_MSG_ID_TO_CORREL_ID, MQRO_NEW_MSG_ID, MQRO_NONE, MQRO_PAN, MQRO_NAN, MQRO_PASS_CORREL_ID, MQRO_PASS_MSG_ID, MQRO_COA_WITH_FULL_DATA, MQRO_COD_WITH_FULL_DATA, MQRO_EXPIRATION_WITH_FULL_DATA, MQRO_EXCEPTION_WITH_FULL_DATA, MQRO_DISCARD_MSG
&lt;null&gt;
62:
Default, MQRO_COPY_MSG_ID_TO_CORREL_ID, MQRO_NEW_MSG_ID, MQRO_NONE, MQRO_PAN, MQRO_NAN, MQRO_PASS_CORREL_ID, MQRO_PASS_MSG_ID, MQRO_COA_WITH_FULL_DATA, MQRO_COD_WITH_FULL_DATA, MQRO_EXPIRATION_WITH_DATA, MQRO_EXCEPTION_WITH_FULL_DATA, MQRO_DISCARD_MSG
&lt;null&gt;
63:
Default, MQRO_COPY_MSG_ID_TO_CORREL_ID, MQRO_NEW_MSG_ID, MQRO_NONE, MQRO_PAN, MQRO_PASS_CORREL_ID, MQRO_COA_WITH_FULL_DATA, MQRO_COD_WITH_DATA, MQRO_EXPIRATION_WITH_FULL_DATA, MQRO_EXCEPTION_WITH_FULL_DATA, MQRO_DISCARD_MSG
&lt;null&gt;
64:
Default, MQRO_COPY_MSG_ID_TO_CORREL_ID, MQRO_NEW_MSG_ID, MQRO_NONE, MQRO_PAN, MQRO_PASS_CORREL_ID, MQRO_PASS_MSG_ID, MQRO_COA_WITH_FULL_DATA, MQRO_COD_WITH_FULL_DATA, MQRO_EXPIRATION_WITH_FULL_DATA, MQRO_EXCEPTION_WITH_FULL_DATA, MQRO_DISCARD_MSG
&lt;null&gt;
65:
Default, MQRO_COPY_MSG_ID_TO_CORREL_ID, MQRO_NEW_MSG_ID, MQRO_NONE, MQRO_NAN, MQRO_PASS_CORREL_ID, MQRO_COA, MQRO_EXPIRATION_WITH_FULL_DATA, MQRO_EXCEPTION
&lt;null&gt;
66:
Default, MQRO_COPY_MSG_ID_TO_CORREL_ID, MQRO_NEW_MSG_ID, MQRO_NONE, MQRO_PAN, MQRO_NAN, MQRO_PASS_MSG_ID, MQRO_COA_WITH_FULL_DATA, MQRO_COD_WITH_FULL_DATA, MQRO_EXPIRATION_WITH_FULL_DATA, MQRO_EXCEPTION_WITH_FULL_DATA, MQRO_DISCARD_MSG
66:
Default, MQRO_COPY_MSG_ID_TO_CORREL_ID, MQRO_NEW_MSG_ID, MQRO_NONE, MQRO_PAN, MQRO_NAN, MQRO_PASS_MSG_ID, MQRO_COA_WITH_DATA, MQRO_COD_WITH_FULL_DATA, MQRO_EXPIRATION_WITH_FULL_DATA, MQRO_EXCEPTION_WITH_FULL_DATA, MQRO_DISCARD_MSG
66:
Default, MQRO_COPY_MSG_ID_TO_CORREL_ID, MQRO_NEW_MSG_ID, MQRO_NONE, MQRO_COA_WITH_FULL_DATA
66:
Default, MQRO_COPY_MSG_ID_TO_CORREL_ID, MQRO_NEW_MSG_ID, MQRO_NONE, MQRO_PAN, MQRO_PASS_CORREL_ID, MQRO_PASS_MSG_ID, MQRO_COA_WITH_FULL_DATA, MQRO_COD_WITH_DATA, MQRO_EXPIRATION_WITH_DATA, MQRO_EXCEPTION_WITH_DATA, MQRO_DISCARD_MSG
&lt;null&gt;
67:
Default, MQRO_COPY_MSG_ID_TO_CORREL_ID, MQRO_NEW_MSG_ID, MQRO_NONE, MQRO_PAN, MQRO_NAN, MQRO_PASS_CORREL_ID, MQRO_PASS_MSG_ID, MQRO_COA_WITH_FULL_DATA, MQRO_COD_WITH_FULL_DATA, MQRO_EXPIRATION_WITH_DATA, MQRO_EXCEPTION_WITH_DATA, MQRO_DISCARD_MSG
&lt;null&gt;
68:
Default, MQRO_COPY_MSG_ID_TO_CORREL_ID, MQRO_NEW_MSG_ID, MQRO_NONE, MQRO_PAN, MQRO_PASS_MSG_ID, MQRO_COA_WITH_FULL_DATA, MQRO_COD_WITH_FULL_DATA, MQRO_EXPIRATION_WITH_FULL_DATA, MQRO_EXCEPTION_WITH_FULL_DATA, MQRO_DISCARD_MSG
68:
Default, MQRO_COPY_MSG_ID_TO_CORREL_ID, MQRO_NEW_MSG_ID, MQRO_NONE, MQRO_PAN, MQRO_NAN, MQRO_PASS_CORREL_ID, MQRO_PASS_MSG_ID, MQRO_COA_WITH_FULL_DATA, MQRO_COD_WITH_DATA, MQRO_EXPIRATION_WITH_FULL_DATA, MQRO_EXCEPTION_WITH_FULL_DATA, MQRO_DISCARD_MSG
&lt;null&gt;
69:
Default, MQRO_COPY_MSG_ID_TO_CORREL_ID, MQRO_NEW_MSG_ID, MQRO_NONE, MQRO_COA_WITH_DATA
69:
Default, MQRO_COPY_MSG_ID_TO_CORREL_ID, MQRO_NEW_MSG_ID, MQRO_NONE, MQRO_PAN, MQRO_PASS_MSG_ID, MQRO_COA_WITH_FULL_DATA, MQRO_COD, MQRO_EXPIRATION_WITH_DATA, MQRO_EXCEPTION, MQRO_DISCARD_MSG
69:
Default, MQRO_COPY_MSG_ID_TO_CORREL_ID, MQRO_NEW_MSG_ID, MQRO_NONE, MQRO_PAN, MQRO_NAN, MQRO_PASS_CORREL_ID, MQRO_PASS_MSG_ID, MQRO_COA_WITH_FULL_DATA, MQRO_COD_WITH_FULL_DATA, MQRO_EXPIRATION_WITH_FULL_DATA, MQRO_EXCEPTION_WITH_FULL_DATA, MQRO_DISCARD_MSG
&lt;null&gt;
70:
Default, MQRO_COPY_MSG_ID_TO_CORREL_ID, MQRO_NEW_MSG_ID, MQRO_NONE, MQRO_PAN
70:
Default, MQRO_COPY_MSG_ID_TO_CORREL_ID, MQRO_NEW_MSG_ID, MQRO_NONE, MQRO_PAN, MQRO_NAN, MQRO_PASS_CORREL_ID, MQRO_COA_WITH_DATA, MQRO_COD_WITH_DATA, MQRO_EXPIRATION, MQRO_EXCEPTION_WITH_FULL_DATA, MQRO_DISCARD_MSG
&lt;null&gt;
71:
Default, MQRO_COPY_MSG_ID_TO_CORREL_ID, MQRO_NEW_MSG_ID, MQRO_NONE, MQRO_PAN, MQRO_NAN, MQRO_PASS_CORREL_ID, MQRO_PASS_MSG_ID, MQRO_COA_WITH_DATA, MQRO_COD_WITH_FULL_DATA, MQRO_EXPIRATION_WITH_FULL_DATA, MQRO_EXCEPTION_WITH_FULL_DATA, MQRO_DISCARD_MSG
&lt;null&gt;
72:
Default, MQRO_COPY_MSG_ID_TO_CORREL_ID, MQRO_NEW_MSG_ID, MQRO_NONE, MQRO_PAN, MQRO_NAN, MQRO_PASS_CORREL_ID, MQRO_PASS_MSG_ID, MQRO_COA_WITH_FULL_DATA, MQRO_COD_WITH_FULL_DATA, MQRO_EXPIRATION_WITH_FULL_DATA, MQRO_EXCEPTION_WITH_FULL_DATA, MQRO_DISCARD_MSG
&lt;null&gt;
73:
Default, MQRO_COPY_MSG_ID_TO_CORREL_ID, MQRO_NEW_MSG_ID, MQRO_NONE, MQRO_PAN
73:
Default, MQRO_COPY_MSG_ID_TO_CORREL_ID, MQRO_NEW_MSG_ID, MQRO_NONE, MQRO_PAN, MQRO_NAN, MQRO_PASS_CORREL_ID, MQRO_PASS_MSG_ID, MQRO_COA_WITH_FULL_DATA, MQRO_COD_WITH_FULL_DATA, MQRO_EXPIRATION_WITH_FULL_DATA, MQRO_EXCEPTION_WITH_FULL_DATA, MQRO_DISCARD_MSG
&lt;null&gt;
74:
Default, MQRO_COPY_MSG_ID_TO_CORREL_ID, MQRO_NEW_MSG_ID, MQRO_NONE, MQRO_PAN, MQRO_NAN, MQRO_PASS_CORREL_ID, MQRO_PASS_MSG_ID, MQRO_COA_WITH_FULL_DATA, MQRO_COD_WITH_FULL_DATA, MQRO_EXPIRATION_WITH_FULL_DATA, MQRO_EXCEPTION_WITH_FULL_DATA, MQRO_DISCARD_MSG
&lt;null&gt;
75:
Default, MQRO_COPY_MSG_ID_TO_CORREL_ID, MQRO_NEW_MSG_ID, MQRO_NONE, MQRO_EXCEPTION
75:
Default, MQRO_COPY_MSG_ID_TO_CORREL_ID, MQRO_NEW_MSG_ID, MQRO_NONE, MQRO_COA_WITH_FULL_DATA, MQRO_EXCEPTION, MQRO_DISCARD_MSG
75:
Default, MQRO_COPY_MSG_ID_TO_CORREL_ID, MQRO_NEW_MSG_ID, MQRO_NONE, MQRO_PAN, MQRO_NAN, MQRO_PASS_CORREL_ID, MQRO_PASS_MSG_ID, MQRO_COA_WITH_FULL_DATA, MQRO_COD_WITH_FULL_DATA, MQRO_EXPIRATION_WITH_FULL_DATA, MQRO_EXCEPTION_WITH_FULL_DATA, MQRO_DISCARD_MSG
&lt;null&gt;
76:
Default, MQRO_COPY_MSG_ID_TO_CORREL_ID, MQRO_NEW_MSG_ID, MQRO_NONE, MQRO_PASS_CORREL_ID, MQRO_PASS_MSG_ID, MQRO_COA_WITH_FULL_DATA, MQRO_COD_WITH_FULL_DATA, MQRO_EXCEPTION_WITH_FULL_DATA
&lt;null&gt;
77:
Default, MQRO_COPY_MSG_ID_TO_CORREL_ID, MQRO_NEW_MSG_ID, MQRO_NONE, MQRO_PASS_MSG_ID, MQRO_COA_WITH_FULL_DATA, MQRO_COD_WITH_FULL_DATA, MQRO_EXPIRATION_WITH_FULL_DATA, MQRO_EXCEPTION_WITH_DATA, MQRO_DISCARD_MSG
77:
Default, MQRO_COPY_MSG_ID_TO_CORREL_ID, MQRO_NEW_MSG_ID, MQRO_NONE, MQRO_PAN, MQRO_NAN, MQRO_PASS_CORREL_ID, MQRO_PASS_MSG_ID, MQRO_COA_WITH_FULL_DATA, MQRO_COD_WITH_FULL_DATA, MQRO_EXPIRATION_WITH_FULL_DATA, MQRO_EXCEPTION_WITH_FULL_DATA, MQRO_DISCARD_MSG
&lt;null&gt;
78:
Default, MQRO_COPY_MSG_ID_TO_CORREL_ID, MQRO_NEW_MSG_ID, MQRO_NONE, MQRO_PAN, MQRO_NAN, MQRO_PASS_CORREL_ID, MQRO_PASS_MSG_ID, MQRO_COA_WITH_FULL_DATA, MQRO_COD_WITH_FULL_DATA, MQRO_EXPIRATION_WITH_FULL_DATA, MQRO_EXCEPTION_WITH_FULL_DATA, MQRO_DISCARD_MSG
&lt;null&gt;
79:
Default, MQRO_COPY_MSG_ID_TO_CORREL_ID, MQRO_NEW_MSG_ID, MQRO_NONE, MQRO_PAN, MQRO_NAN, MQRO_PASS_MSG_ID, MQRO_COA_WITH_FULL_DATA, MQRO_COD_WITH_FULL_DATA, MQRO_EXPIRATION_WITH_FULL_DATA, MQRO_EXCEPTION_WITH_FULL_DATA
79:
Default, MQRO_COPY_MSG_ID_TO_CORREL_ID, MQRO_NEW_MSG_ID, MQRO_NONE, MQRO_PAN, MQRO_PASS_MSG_ID, MQRO_COA_WITH_DATA, MQRO_EXPIRATION_WITH_DATA
79:
Default, MQRO_COPY_MSG_ID_TO_CORREL_ID, MQRO_NEW_MSG_ID, MQRO_NONE, MQRO_PAN, MQRO_NAN, MQRO_PASS_MSG_ID, MQRO_COA, MQRO_COD_WITH_DATA, MQRO_EXPIRATION_WITH_FULL_DATA, MQRO_EXCEPTION_WITH_FULL_DATA, MQRO_DISCARD_MSG
79:
Default, MQRO_COPY_MSG_ID_TO_CORREL_ID, MQRO_NEW_MSG_ID, MQRO_NONE, MQRO_PAN, MQRO_NAN, MQRO_COA, MQRO_COD_WITH_DATA, MQRO_EXPIRATION_WITH_DATA, MQRO_EXCEPTION_WITH_FULL_DATA, MQRO_DISCARD_MSG
79:
Default, MQRO_COPY_MSG_ID_TO_CORREL_ID, MQRO_NEW_MSG_ID, MQRO_NONE, MQRO_PAN, MQRO_NAN, MQRO_PASS_CORREL_ID, MQRO_PASS_MSG_ID, MQRO_COA_WITH_FULL_DATA, MQRO_COD_WITH_FULL_DATA, MQRO_EXPIRATION_WITH_FULL_DATA, MQRO_EXCEPTION_WITH_FULL_DATA, MQRO_DISCARD_MSG
&lt;null&gt;
80:
Default, MQRO_COPY_MSG_ID_TO_CORREL_ID, MQRO_NEW_MSG_ID, MQRO_NONE, MQRO_PAN, MQRO_NAN, MQRO_PASS_CORREL_ID, MQRO_COA_WITH_DATA, MQRO_COD_WITH_FULL_DATA, MQRO_EXPIRATION_WITH_FULL_DATA, MQRO_EXCEPTION_WITH_FULL_DATA, MQRO_DISCARD_MSG
&lt;null&gt;
81:
Default, MQRO_COPY_MSG_ID_TO_CORREL_ID, MQRO_NEW_MSG_ID, MQRO_NONE, MQRO_PAN, MQRO_PASS_MSG_ID, MQRO_COA_WITH_FULL_DATA, MQRO_COD_WITH_FULL_DATA, MQRO_EXPIRATION_WITH_FULL_DATA, MQRO_EXCEPTION_WITH_FULL_DATA, MQRO_DISCARD_MSG
81:
Default, MQRO_COPY_MSG_ID_TO_CORREL_ID, MQRO_NEW_MSG_ID, MQRO_NONE, MQRO_PAN, MQRO_NAN, MQRO_PASS_CORREL_ID, MQRO_PASS_MSG_ID, MQRO_COA_WITH_FULL_DATA, MQRO_COD_WITH_DATA, MQRO_EXPIRATION_WITH_FULL_DATA, MQRO_EXCEPTION_WITH_DATA, MQRO_DISCARD_MSG
&lt;null&gt;
82:
Default, MQRO_COPY_MSG_ID_TO_CORREL_ID, MQRO_NEW_MSG_ID, MQRO_NONE, MQRO_NAN, MQRO_PASS_CORREL_ID, MQRO_PASS_MSG_ID, MQRO_COA_WITH_FULL_DATA, MQRO_COD, MQRO_EXPIRATION, MQRO_EXCEPTION
&lt;null&gt;
83:
Default, MQRO_COPY_MSG_ID_TO_CORREL_ID, MQRO_NEW_MSG_ID, MQRO_NONE, MQRO_EXCEPTION_WITH_FULL_DATA
83:
Default, MQRO_COPY_MSG_ID_TO_CORREL_ID, MQRO_NEW_MSG_ID, MQRO_NONE, MQRO_PAN, MQRO_NAN, MQRO_PASS_CORREL_ID, MQRO_PASS_MSG_ID, MQRO_COA_WITH_DATA, MQRO_COD_WITH_FULL_DATA, MQRO_EXPIRATION_WITH_FULL_DATA, MQRO_DISCARD_MSG
&lt;null&gt;
84:
Default, MQRO_COPY_MSG_ID_TO_CORREL_ID, MQRO_NEW_MSG_ID, MQRO_NONE, MQRO_PAN, MQRO_NAN, MQRO_PASS_CORREL_ID, MQRO_PASS_MSG_ID, MQRO_COA_WITH_FULL_DATA, MQRO_COD_WITH_FULL_DATA, MQRO_EXPIRATION_WITH_FULL_DATA, MQRO_EXCEPTION_WITH_FULL_DATA, MQRO_DISCARD_MSG
&lt;null&gt;
85:
Default, MQRO_COPY_MSG_ID_TO_CORREL_ID, MQRO_NEW_MSG_ID, MQRO_NONE, MQRO_NAN, MQRO_PASS_CORREL_ID, MQRO_COA_WITH_DATA, MQRO_COD_WITH_DATA, MQRO_EXPIRATION_WITH_FULL_DATA, MQRO_EXCEPTION_WITH_FULL_DATA, MQRO_DISCARD_MSG
&lt;null&gt;
86:
Default, MQRO_COPY_MSG_ID_TO_CORREL_ID, MQRO_NEW_MSG_ID, MQRO_NONE, MQRO_EXPIRATION
86:
Default, MQRO_COPY_MSG_ID_TO_CORREL_ID, MQRO_NEW_MSG_ID, MQRO_NONE, MQRO_PAN, MQRO_NAN, MQRO_PASS_CORREL_ID, MQRO_PASS_MSG_ID, MQRO_COA_WITH_FULL_DATA, MQRO_COD_WITH_FULL_DATA, MQRO_EXPIRATION_WITH_FULL_DATA, MQRO_EXCEPTION_WITH_FULL_DATA, MQRO_DISCARD_MSG
&lt;null&gt;
87:
Default, MQRO_COPY_MSG_ID_TO_CORREL_ID, MQRO_NEW_MSG_ID, MQRO_NONE, MQRO_PAN, MQRO_NAN, MQRO_PASS_CORREL_ID, MQRO_PASS_MSG_ID, MQRO_COA_WITH_FULL_DATA, MQRO_COD_WITH_FULL_DATA, MQRO_EXPIRATION_WITH_FULL_DATA, MQRO_EXCEPTION_WITH_FULL_DATA, MQRO_DISCARD_MSG
&lt;null&gt;
88:
Default, MQRO_COPY_MSG_ID_TO_CORREL_ID, MQRO_NEW_MSG_ID, MQRO_NONE, MQRO_PAN, MQRO_PASS_CORREL_ID, MQRO_PASS_MSG_ID, MQRO_COA_WITH_FULL_DATA, MQRO_COD_WITH_FULL_DATA, MQRO_EXPIRATION_WITH_FULL_DATA, MQRO_EXCEPTION_WITH_FULL_DATA, MQRO_DISCARD_MSG
&lt;null&gt;
89:
Default, MQRO_COPY_MSG_ID_TO_CORREL_ID, MQRO_NEW_MSG_ID, MQRO_NONE, MQRO_PAN, MQRO_NAN, MQRO_PASS_CORREL_ID, MQRO_PASS_MSG_ID, MQRO_COA_WITH_FULL_DATA, MQRO_COD_WITH_DATA, MQRO_EXPIRATION_WITH_FULL_DATA, MQRO_EXCEPTION_WITH_DATA
&lt;null&gt;
90:
Default, MQRO_COPY_MSG_ID_TO_CORREL_ID, MQRO_NEW_MSG_ID, MQRO_NONE, MQRO_PAN, MQRO_COD_WITH_DATA, MQRO_DISCARD_MSG
90:
Default, MQRO_COPY_MSG_ID_TO_CORREL_ID, MQRO_NEW_MSG_ID, MQRO_NONE, MQRO_NAN, MQRO_PASS_MSG_ID, MQRO_COA_WITH_FULL_DATA, MQRO_COD, MQRO_EXPIRATION, MQRO_EXCEPTION_WITH_DATA, MQRO_DISCARD_MSG
90:
Default, MQRO_COPY_MSG_ID_TO_CORREL_ID, MQRO_NEW_MSG_ID, MQRO_NONE, MQRO_PAN, MQRO_NAN, MQRO_PASS_CORREL_ID, MQRO_PASS_MSG_ID, MQRO_COA_WITH_FULL_DATA, MQRO_COD_WITH_FULL_DATA, MQRO_EXPIRATION_WITH_FULL_DATA, MQRO_EXCEPTION_WITH_FULL_DATA, MQRO_DISCARD_MSG
&lt;null&gt;
91:
Default, MQRO_COPY_MSG_ID_TO_CORREL_ID, MQRO_NEW_MSG_ID, MQRO_NONE, MQRO_PAN, MQRO_NAN, MQRO_PASS_CORREL_ID, MQRO_PASS_MSG_ID, MQRO_COA_WITH_FULL_DATA, MQRO_COD_WITH_FULL_DATA, MQRO_EXPIRATION_WITH_FULL_DATA, MQRO_EXCEPTION_WITH_FULL_DATA, MQRO_DISCARD_MSG
&lt;null&gt;
92:
Default, MQRO_COPY_MSG_ID_TO_CORREL_ID, MQRO_NEW_MSG_ID, MQRO_NONE, MQRO_NAN, MQRO_PASS_MSG_ID, MQRO_COD_WITH_FULL_DATA, MQRO_EXPIRATION_WITH_FULL_DATA, MQRO_EXCEPTION_WITH_FULL_DATA
92:
Default, MQRO_COPY_MSG_ID_TO_CORREL_ID, MQRO_NEW_MSG_ID, MQRO_NONE, MQRO_PAN, MQRO_NAN, MQRO_PASS_CORREL_ID, MQRO_COA, MQRO_COD_WITH_FULL_DATA, MQRO_EXPIRATION_WITH_FULL_DATA, MQRO_EXCEPTION_WITH_FULL_DATA, MQRO_DISCARD_MSG
&lt;null&gt;
93:
Default, MQRO_COPY_MSG_ID_TO_CORREL_ID, MQRO_NEW_MSG_ID, MQRO_NONE, MQRO_PAN, MQRO_NAN, MQRO_PASS_CORREL_ID, MQRO_PASS_MSG_ID, MQRO_COA_WITH_FULL_DATA, MQRO_COD_WITH_FULL_DATA, MQRO_EXPIRATION_WITH_FULL_DATA, MQRO_EXCEPTION_WITH_FULL_DATA, MQRO_DISCARD_MSG
&lt;null&gt;
94:
Default, MQRO_COPY_MSG_ID_TO_CORREL_ID, MQRO_NEW_MSG_ID, MQRO_NONE, MQRO_PAN, MQRO_NAN, MQRO_PASS_CORREL_ID, MQRO_PASS_MSG_ID, MQRO_COA_WITH_FULL_DATA, MQRO_COD_WITH_FULL_DATA, MQRO_EXPIRATION_WITH_FULL_DATA, MQRO_EXCEPTION_WITH_FULL_DATA, MQRO_DISCARD_MSG
&lt;null&gt;
95:
Default, MQRO_COPY_MSG_ID_TO_CORREL_ID, MQRO_NEW_MSG_ID, MQRO_NONE, MQRO_PAN, MQRO_NAN, MQRO_PASS_CORREL_ID, MQRO_PASS_MSG_ID, MQRO_COA_WITH_DATA, MQRO_COD_WITH_FULL_DATA, MQRO_EXPIRATION_WITH_FULL_DATA, MQRO_EXCEPTION_WITH_FULL_DATA, MQRO_DISCARD_MSG
&lt;null&gt;
96:
Default, MQRO_COPY_MSG_ID_TO_CORREL_ID, MQRO_NEW_MSG_ID, MQRO_NONE, MQRO_PAN, MQRO_NAN, MQRO_PASS_CORREL_ID, MQRO_PASS_MSG_ID, MQRO_COA_WITH_FULL_DATA, MQRO_COD_WITH_FULL_DATA, MQRO_EXPIRATION_WITH_FULL_DATA, MQRO_EXCEPTION_WITH_FULL_DATA, MQRO_DISCARD_MSG
&lt;null&gt;
97:
Default, MQRO_COPY_MSG_ID_TO_CORREL_ID, MQRO_NEW_MSG_ID, MQRO_NONE, MQRO_NAN, MQRO_PASS_CORREL_ID, MQRO_COA_WITH_DATA, MQRO_COD_WITH_DATA, MQRO_EXPIRATION_WITH_DATA, MQRO_EXCEPTION_WITH_FULL_DATA, MQRO_DISCARD_MSG
&lt;null&gt;
98:
Default, MQRO_COPY_MSG_ID_TO_CORREL_ID, MQRO_NEW_MSG_ID, MQRO_NONE, MQRO_PAN, MQRO_NAN, MQRO_PASS_CORREL_ID, MQRO_PASS_MSG_ID, MQRO_COA_WITH_FULL_DATA, MQRO_COD_WITH_FULL_DATA, MQRO_EXPIRATION_WITH_FULL_DATA, MQRO_EXCEPTION_WITH_FULL_DATA
&lt;null&gt;
99:
Default, MQRO_COPY_MSG_ID_TO_CORREL_ID, MQRO_NEW_MSG_ID, MQRO_NONE, MQRO_PAN, MQRO_PASS_CORREL_ID, MQRO_PASS_MSG_ID, MQRO_COA_WITH_FULL_DATA, MQRO_EXPIRATION_WITH_DATA, MQRO_EXCEPTION_WITH_DATA
&lt;null&gt;
Ok, passed 100 tests.</StdOut>
      </Output>
    </UnitTestResult>
    <UnitTestResult executionId="a7368fdc-e14b-4820-9149-d6db0baea7aa" testId="052c60c7-b564-ae70-68ad-01fbb30d4336" testName="ReportNegativeAcknolegdementNotification_ForAllReport_ReturnsZero" computerName="ICSWS068" duration="00:00:00.0002747" startTime="2016-08-04T09:57:41.1292979+02:00" endTime="2016-08-04T09:57:41.1312982+02:00" testType="13cdc9d9-ddb5-4fa4-a97d-d965ccfc6d4b" outcome="Passed" testListId="8c84fa94-04c1-424b-9868-57a2d4851a1d" relativeResultsDirectory="a7368fdc-e14b-4820-9149-d6db0baea7aa" />
    <UnitTestResult executionId="e3c177c1-91b1-4dc0-8e2d-a38ddfeaf72b" testId="2608907d-8ba5-c417-1b7f-6b5ce5436f00" testName="ReportNegativeAcknolegdementNotification_ForAllReport_ReturnsZeroIfNotInReport" computerName="ICSWS068" duration="00:00:00.0227604" startTime="2016-08-04T09:57:41.1343052+02:00" endTime="2016-08-04T09:57:41.1587622+02:00" testType="13cdc9d9-ddb5-4fa4-a97d-d965ccfc6d4b" outcome="Passed" testListId="8c84fa94-04c1-424b-9868-57a2d4851a1d" relativeResultsDirectory="e3c177c1-91b1-4dc0-8e2d-a38ddfeaf72b">
      <Output>
        <StdOut>0:
Default, MQRO_COPY_MSG_ID_TO_CORREL_ID, MQRO_NEW_MSG_ID, MQRO_NONE, MQRO_EXCEPTION
&lt;null&gt;
1:
MQRO_DEAD_LETTER_Q
&lt;null&gt;
2:
Default, MQRO_COPY_MSG_ID_TO_CORREL_ID, MQRO_NEW_MSG_ID, MQRO_NONE, MQRO_PASS_MSG_ID, MQRO_COA
&lt;null&gt;
3:
Default, MQRO_COPY_MSG_ID_TO_CORREL_ID, MQRO_NEW_MSG_ID, MQRO_NONE, MQRO_COD_WITH_DATA
&lt;null&gt;
4:
Default, MQRO_COPY_MSG_ID_TO_CORREL_ID, MQRO_NEW_MSG_ID, MQRO_NONE, MQRO_NAN, MQRO_COD, MQRO_EXPIRATION_WITH_DATA, MQRO_EXCEPTION_WITH_DATA
4:
Default, MQRO_COPY_MSG_ID_TO_CORREL_ID, MQRO_NEW_MSG_ID, MQRO_NONE, MQRO_PAN, MQRO_EXPIRATION
&lt;null&gt;
5:
Default, MQRO_COPY_MSG_ID_TO_CORREL_ID, MQRO_NEW_MSG_ID, MQRO_NONE, MQRO_EXPIRATION_WITH_DATA
&lt;null&gt;
6:
Default, MQRO_COPY_MSG_ID_TO_CORREL_ID, MQRO_NEW_MSG_ID, MQRO_NONE, MQRO_COA_WITH_FULL_DATA
&lt;null&gt;
7:
Default, MQRO_COPY_MSG_ID_TO_CORREL_ID, MQRO_NEW_MSG_ID, MQRO_NONE, MQRO_PAN, MQRO_COD_WITH_FULL_DATA
&lt;null&gt;
8:
Default, MQRO_COPY_MSG_ID_TO_CORREL_ID, MQRO_NEW_MSG_ID, MQRO_NONE, MQRO_PASS_MSG_ID, MQRO_EXPIRATION_WITH_DATA
&lt;null&gt;
9:
Default, MQRO_COPY_MSG_ID_TO_CORREL_ID, MQRO_NEW_MSG_ID, MQRO_NONE, MQRO_EXPIRATION_WITH_FULL_DATA
&lt;null&gt;
10:
Default, MQRO_COPY_MSG_ID_TO_CORREL_ID, MQRO_NEW_MSG_ID, MQRO_NONE, MQRO_PASS_CORREL_ID, MQRO_COA_WITH_FULL_DATA, MQRO_EXPIRATION_WITH_DATA, MQRO_EXCEPTION_WITH_DATA
&lt;null&gt;
11:
MQRO_DEAD_LETTER_Q
&lt;null&gt;
12:
MQRO_DEAD_LETTER_Q
&lt;null&gt;
13:
Default, MQRO_COPY_MSG_ID_TO_CORREL_ID, MQRO_NEW_MSG_ID, MQRO_NONE, MQRO_PASS_CORREL_ID, MQRO_COA_WITH_DATA, MQRO_EXCEPTION_WITH_FULL_DATA
&lt;null&gt;
14:
Default, MQRO_COPY_MSG_ID_TO_CORREL_ID, MQRO_NEW_MSG_ID, MQRO_NONE, MQRO_PASS_MSG_ID, MQRO_EXPIRATION_WITH_DATA, MQRO_EXCEPTION_WITH_DATA, MQRO_DISCARD_MSG
&lt;null&gt;
15:
Default, MQRO_COPY_MSG_ID_TO_CORREL_ID, MQRO_NEW_MSG_ID, MQRO_NONE, MQRO_PAN, MQRO_NAN, MQRO_PASS_MSG_ID, MQRO_COA_WITH_FULL_DATA, MQRO_COD_WITH_FULL_DATA, MQRO_EXPIRATION
15:
Default, MQRO_COPY_MSG_ID_TO_CORREL_ID, MQRO_NEW_MSG_ID, MQRO_NONE, MQRO_PASS_CORREL_ID, MQRO_PASS_MSG_ID, MQRO_COA_WITH_FULL_DATA, MQRO_COD_WITH_FULL_DATA, MQRO_EXCEPTION_WITH_DATA, MQRO_DISCARD_MSG
&lt;null&gt;
16:
Default, MQRO_COPY_MSG_ID_TO_CORREL_ID, MQRO_NEW_MSG_ID, MQRO_NONE, MQRO_PAN, MQRO_NAN
16:
Default, MQRO_COPY_MSG_ID_TO_CORREL_ID, MQRO_NEW_MSG_ID, MQRO_NONE, MQRO_PASS_MSG_ID, MQRO_EXPIRATION_WITH_FULL_DATA, MQRO_DISCARD_MSG
&lt;null&gt;
17:
Default, MQRO_COPY_MSG_ID_TO_CORREL_ID, MQRO_NEW_MSG_ID, MQRO_NONE, MQRO_COD_WITH_DATA
&lt;null&gt;
18:
Default, MQRO_COPY_MSG_ID_TO_CORREL_ID, MQRO_NEW_MSG_ID, MQRO_NONE, MQRO_PASS_CORREL_ID, MQRO_COD_WITH_FULL_DATA, MQRO_EXPIRATION_WITH_DATA, MQRO_EXCEPTION_WITH_DATA, MQRO_DISCARD_MSG
&lt;null&gt;
19:
MQRO_DEAD_LETTER_Q
&lt;null&gt;
20:
Default, MQRO_COPY_MSG_ID_TO_CORREL_ID, MQRO_NEW_MSG_ID, MQRO_NONE, MQRO_EXPIRATION_WITH_DATA
&lt;null&gt;
21:
Default, MQRO_COPY_MSG_ID_TO_CORREL_ID, MQRO_NEW_MSG_ID, MQRO_NONE, MQRO_PASS_CORREL_ID, MQRO_EXCEPTION_WITH_FULL_DATA
&lt;null&gt;
22:
Default, MQRO_COPY_MSG_ID_TO_CORREL_ID, MQRO_NEW_MSG_ID, MQRO_NONE, MQRO_COA, MQRO_EXCEPTION_WITH_DATA
&lt;null&gt;
23:
Default, MQRO_COPY_MSG_ID_TO_CORREL_ID, MQRO_NEW_MSG_ID, MQRO_NONE, MQRO_PAN, MQRO_NAN, MQRO_PASS_CORREL_ID, MQRO_COA, MQRO_COD_WITH_FULL_DATA, MQRO_EXPIRATION_WITH_FULL_DATA, MQRO_EXCEPTION_WITH_FULL_DATA, MQRO_DISCARD_MSG
23:
Default, MQRO_COPY_MSG_ID_TO_CORREL_ID, MQRO_NEW_MSG_ID, MQRO_NONE, MQRO_COA_WITH_DATA
&lt;null&gt;
24:
MQRO_DEAD_LETTER_Q
&lt;null&gt;
25:
Default, MQRO_COPY_MSG_ID_TO_CORREL_ID, MQRO_NEW_MSG_ID, MQRO_NONE, MQRO_COA_WITH_FULL_DATA, MQRO_COD_WITH_FULL_DATA, MQRO_EXPIRATION_WITH_DATA, MQRO_EXCEPTION
&lt;null&gt;
26:
Default, MQRO_COPY_MSG_ID_TO_CORREL_ID, MQRO_NEW_MSG_ID, MQRO_NONE, MQRO_COA
&lt;null&gt;
27:
Default, MQRO_COPY_MSG_ID_TO_CORREL_ID, MQRO_NEW_MSG_ID, MQRO_NONE, MQRO_PASS_CORREL_ID, MQRO_COA_WITH_DATA, MQRO_COD_WITH_DATA, MQRO_EXPIRATION_WITH_FULL_DATA
&lt;null&gt;
28:
Default, MQRO_COPY_MSG_ID_TO_CORREL_ID, MQRO_NEW_MSG_ID, MQRO_NONE, MQRO_PASS_CORREL_ID, MQRO_PASS_MSG_ID, MQRO_COA_WITH_DATA, MQRO_COD_WITH_DATA, MQRO_EXPIRATION_WITH_DATA
&lt;null&gt;
29:
Default, MQRO_COPY_MSG_ID_TO_CORREL_ID, MQRO_NEW_MSG_ID, MQRO_NONE, MQRO_PAN, MQRO_PASS_CORREL_ID, MQRO_PASS_MSG_ID, MQRO_COA_WITH_FULL_DATA, MQRO_COD_WITH_FULL_DATA, MQRO_EXPIRATION_WITH_DATA, MQRO_EXCEPTION_WITH_FULL_DATA, MQRO_DISCARD_MSG
&lt;null&gt;
30:
Default, MQRO_COPY_MSG_ID_TO_CORREL_ID, MQRO_NEW_MSG_ID, MQRO_NONE, MQRO_COA, MQRO_COD_WITH_DATA, MQRO_EXPIRATION, MQRO_EXCEPTION_WITH_FULL_DATA
&lt;null&gt;
31:
Default, MQRO_COPY_MSG_ID_TO_CORREL_ID, MQRO_NEW_MSG_ID, MQRO_NONE, MQRO_PAN, MQRO_PASS_CORREL_ID, MQRO_PASS_MSG_ID, MQRO_COA_WITH_DATA, MQRO_COD_WITH_FULL_DATA, MQRO_EXPIRATION, MQRO_EXCEPTION_WITH_FULL_DATA
&lt;null&gt;
32:
Default, MQRO_COPY_MSG_ID_TO_CORREL_ID, MQRO_NEW_MSG_ID, MQRO_NONE, MQRO_PASS_CORREL_ID, MQRO_PASS_MSG_ID, MQRO_COA, MQRO_EXCEPTION_WITH_DATA, MQRO_DISCARD_MSG
&lt;null&gt;
33:
Default, MQRO_COPY_MSG_ID_TO_CORREL_ID, MQRO_NEW_MSG_ID, MQRO_NONE, MQRO_PAN, MQRO_NAN, MQRO_COA_WITH_DATA, MQRO_COD_WITH_FULL_DATA, MQRO_EXPIRATION_WITH_FULL_DATA, MQRO_EXCEPTION
33:
Default, MQRO_COPY_MSG_ID_TO_CORREL_ID, MQRO_NEW_MSG_ID, MQRO_NONE, MQRO_PAN, MQRO_PASS_CORREL_ID, MQRO_PASS_MSG_ID, MQRO_COA_WITH_FULL_DATA, MQRO_COD_WITH_FULL_DATA, MQRO_EXPIRATION_WITH_FULL_DATA, MQRO_EXCEPTION_WITH_DATA, MQRO_DISCARD_MSG
&lt;null&gt;
34:
Default, MQRO_COPY_MSG_ID_TO_CORREL_ID, MQRO_NEW_MSG_ID, MQRO_NONE, MQRO_COD
&lt;null&gt;
35:
Default, MQRO_COPY_MSG_ID_TO_CORREL_ID, MQRO_NEW_MSG_ID, MQRO_NONE, MQRO_EXCEPTION_WITH_FULL_DATA
&lt;null&gt;
36:
Default, MQRO_COPY_MSG_ID_TO_CORREL_ID, MQRO_NEW_MSG_ID, MQRO_NONE, MQRO_PAN, MQRO_PASS_CORREL_ID, MQRO_COA_WITH_FULL_DATA, MQRO_COD_WITH_FULL_DATA, MQRO_EXPIRATION_WITH_FULL_DATA, MQRO_DISCARD_MSG
&lt;null&gt;
37:
Default, MQRO_COPY_MSG_ID_TO_CORREL_ID, MQRO_NEW_MSG_ID, MQRO_NONE, MQRO_PASS_MSG_ID, MQRO_COA_WITH_FULL_DATA, MQRO_EXCEPTION_WITH_DATA
&lt;null&gt;
38:
Default, MQRO_COPY_MSG_ID_TO_CORREL_ID, MQRO_NEW_MSG_ID, MQRO_NONE, MQRO_PAN, MQRO_COA, MQRO_COD_WITH_DATA
&lt;null&gt;
39:
Default, MQRO_COPY_MSG_ID_TO_CORREL_ID, MQRO_NEW_MSG_ID, MQRO_NONE, MQRO_NAN, MQRO_COD_WITH_FULL_DATA, MQRO_EXCEPTION_WITH_FULL_DATA, MQRO_DISCARD_MSG
39:
MQRO_DEAD_LETTER_Q
&lt;null&gt;
40:
Default, MQRO_COPY_MSG_ID_TO_CORREL_ID, MQRO_NEW_MSG_ID, MQRO_NONE, MQRO_PAN, MQRO_PASS_CORREL_ID, MQRO_PASS_MSG_ID, MQRO_COA_WITH_FULL_DATA, MQRO_COD_WITH_FULL_DATA, MQRO_EXPIRATION_WITH_FULL_DATA, MQRO_EXCEPTION_WITH_DATA, MQRO_DISCARD_MSG
&lt;null&gt;
41:
Default, MQRO_COPY_MSG_ID_TO_CORREL_ID, MQRO_NEW_MSG_ID, MQRO_NONE, MQRO_PASS_CORREL_ID, MQRO_PASS_MSG_ID, MQRO_COA_WITH_FULL_DATA, MQRO_COD_WITH_FULL_DATA, MQRO_EXPIRATION_WITH_FULL_DATA, MQRO_EXCEPTION, MQRO_DISCARD_MSG
&lt;null&gt;
42:
Default, MQRO_COPY_MSG_ID_TO_CORREL_ID, MQRO_NEW_MSG_ID, MQRO_NONE, MQRO_PAN, MQRO_NAN, MQRO_PASS_CORREL_ID, MQRO_COA_WITH_FULL_DATA, MQRO_COD_WITH_FULL_DATA, MQRO_EXCEPTION_WITH_FULL_DATA
42:
Default, MQRO_COPY_MSG_ID_TO_CORREL_ID, MQRO_NEW_MSG_ID, MQRO_NONE, MQRO_PASS_MSG_ID, MQRO_COA_WITH_FULL_DATA
&lt;null&gt;
43:
Default, MQRO_COPY_MSG_ID_TO_CORREL_ID, MQRO_NEW_MSG_ID, MQRO_NONE, MQRO_COD, MQRO_EXPIRATION_WITH_DATA
&lt;null&gt;
44:
Default, MQRO_COPY_MSG_ID_TO_CORREL_ID, MQRO_NEW_MSG_ID, MQRO_NONE, MQRO_PAN, MQRO_NAN, MQRO_PASS_CORREL_ID, MQRO_PASS_MSG_ID, MQRO_COA_WITH_FULL_DATA, MQRO_COD_WITH_FULL_DATA, MQRO_EXPIRATION_WITH_FULL_DATA, MQRO_EXCEPTION_WITH_FULL_DATA, MQRO_DISCARD_MSG
44:
Default, MQRO_COPY_MSG_ID_TO_CORREL_ID, MQRO_NEW_MSG_ID, MQRO_NONE, MQRO_COD, MQRO_EXCEPTION_WITH_FULL_DATA
&lt;null&gt;
45:
Default, MQRO_COPY_MSG_ID_TO_CORREL_ID, MQRO_NEW_MSG_ID, MQRO_NONE, MQRO_NAN, MQRO_PASS_CORREL_ID, MQRO_COA_WITH_FULL_DATA, MQRO_COD_WITH_FULL_DATA, MQRO_EXPIRATION_WITH_FULL_DATA, MQRO_EXCEPTION_WITH_FULL_DATA
45:
Default, MQRO_COPY_MSG_ID_TO_CORREL_ID, MQRO_NEW_MSG_ID, MQRO_NONE, MQRO_PAN, MQRO_NAN, MQRO_PASS_CORREL_ID, MQRO_PASS_MSG_ID, MQRO_COA_WITH_FULL_DATA, MQRO_COD_WITH_FULL_DATA, MQRO_EXPIRATION_WITH_FULL_DATA, MQRO_EXCEPTION_WITH_FULL_DATA, MQRO_DISCARD_MSG
45:
Default, MQRO_COPY_MSG_ID_TO_CORREL_ID, MQRO_NEW_MSG_ID, MQRO_NONE, MQRO_PASS_MSG_ID, MQRO_COA_WITH_DATA, MQRO_COD_WITH_DATA, MQRO_EXPIRATION_WITH_DATA
&lt;null&gt;
46:
Default, MQRO_COPY_MSG_ID_TO_CORREL_ID, MQRO_NEW_MSG_ID, MQRO_NONE, MQRO_PASS_CORREL_ID, MQRO_COA_WITH_FULL_DATA, MQRO_DISCARD_MSG
&lt;null&gt;
47:
Default, MQRO_COPY_MSG_ID_TO_CORREL_ID, MQRO_NEW_MSG_ID, MQRO_NONE, MQRO_PASS_CORREL_ID, MQRO_COA_WITH_FULL_DATA, MQRO_COD_WITH_FULL_DATA, MQRO_EXPIRATION_WITH_DATA, MQRO_EXCEPTION_WITH_DATA
&lt;null&gt;
48:
MQRO_DEAD_LETTER_Q
&lt;null&gt;
49:
MQRO_DEAD_LETTER_Q
&lt;null&gt;
50:
Default, MQRO_COPY_MSG_ID_TO_CORREL_ID, MQRO_NEW_MSG_ID, MQRO_NONE, MQRO_PAN, MQRO_NAN, MQRO_PASS_CORREL_ID, MQRO_PASS_MSG_ID, MQRO_COA_WITH_FULL_DATA, MQRO_COD_WITH_FULL_DATA, MQRO_EXPIRATION_WITH_FULL_DATA, MQRO_EXCEPTION_WITH_FULL_DATA, MQRO_DISCARD_MSG
50:
MQRO_DEAD_LETTER_Q
&lt;null&gt;
51:
Default, MQRO_COPY_MSG_ID_TO_CORREL_ID, MQRO_NEW_MSG_ID, MQRO_NONE, MQRO_PAN, MQRO_NAN, MQRO_PASS_CORREL_ID, MQRO_PASS_MSG_ID, MQRO_COA_WITH_FULL_DATA, MQRO_COD_WITH_DATA, MQRO_EXPIRATION_WITH_FULL_DATA, MQRO_EXCEPTION_WITH_FULL_DATA, MQRO_DISCARD_MSG
51:
Default, MQRO_COPY_MSG_ID_TO_CORREL_ID, MQRO_NEW_MSG_ID, MQRO_NONE, MQRO_PASS_CORREL_ID, MQRO_COD_WITH_FULL_DATA, MQRO_DISCARD_MSG
&lt;null&gt;
52:
Default, MQRO_COPY_MSG_ID_TO_CORREL_ID, MQRO_NEW_MSG_ID, MQRO_NONE, MQRO_PAN, MQRO_NAN, MQRO_PASS_CORREL_ID, MQRO_COA_WITH_DATA, MQRO_COD_WITH_DATA, MQRO_EXPIRATION, MQRO_EXCEPTION_WITH_DATA, MQRO_DISCARD_MSG
52:
MQRO_DEAD_LETTER_Q
&lt;null&gt;
53:
Default, MQRO_COPY_MSG_ID_TO_CORREL_ID, MQRO_NEW_MSG_ID, MQRO_NONE, MQRO_PAN, MQRO_NAN, MQRO_PASS_MSG_ID, MQRO_COA_WITH_FULL_DATA, MQRO_COD_WITH_FULL_DATA, MQRO_EXPIRATION_WITH_FULL_DATA, MQRO_EXCEPTION_WITH_FULL_DATA
53:
Default, MQRO_COPY_MSG_ID_TO_CORREL_ID, MQRO_NEW_MSG_ID, MQRO_NONE, MQRO_PASS_CORREL_ID, MQRO_COA_WITH_DATA, MQRO_COD_WITH_DATA, MQRO_EXPIRATION_WITH_FULL_DATA, MQRO_EXCEPTION_WITH_FULL_DATA, MQRO_DISCARD_MSG
&lt;null&gt;
54:
Default, MQRO_COPY_MSG_ID_TO_CORREL_ID, MQRO_NEW_MSG_ID, MQRO_NONE, MQRO_PAN, MQRO_NAN, MQRO_PASS_CORREL_ID, MQRO_COA_WITH_FULL_DATA, MQRO_COD_WITH_FULL_DATA, MQRO_EXPIRATION_WITH_DATA, MQRO_EXCEPTION_WITH_FULL_DATA, MQRO_DISCARD_MSG
54:
Default, MQRO_COPY_MSG_ID_TO_CORREL_ID, MQRO_NEW_MSG_ID, MQRO_NONE, MQRO_COA_WITH_FULL_DATA, MQRO_COD_WITH_DATA
&lt;null&gt;
55:
Default, MQRO_COPY_MSG_ID_TO_CORREL_ID, MQRO_NEW_MSG_ID, MQRO_NONE, MQRO_PAN, MQRO_COA, MQRO_EXPIRATION, MQRO_EXCEPTION_WITH_FULL_DATA
&lt;null&gt;
56:
Default, MQRO_COPY_MSG_ID_TO_CORREL_ID, MQRO_NEW_MSG_ID, MQRO_NONE, MQRO_PAN, MQRO_PASS_MSG_ID, MQRO_COA_WITH_FULL_DATA, MQRO_COD_WITH_DATA, MQRO_EXPIRATION_WITH_FULL_DATA, MQRO_EXCEPTION_WITH_FULL_DATA, MQRO_DISCARD_MSG
&lt;null&gt;
57:
Default, MQRO_COPY_MSG_ID_TO_CORREL_ID, MQRO_NEW_MSG_ID, MQRO_NONE, MQRO_PAN, MQRO_NAN, MQRO_PASS_CORREL_ID, MQRO_PASS_MSG_ID, MQRO_COA_WITH_FULL_DATA, MQRO_COD_WITH_FULL_DATA, MQRO_EXPIRATION_WITH_FULL_DATA, MQRO_EXCEPTION_WITH_FULL_DATA
57:
Default, MQRO_COPY_MSG_ID_TO_CORREL_ID, MQRO_NEW_MSG_ID, MQRO_NONE, MQRO_COD_WITH_DATA
&lt;null&gt;
58:
Default, MQRO_COPY_MSG_ID_TO_CORREL_ID, MQRO_NEW_MSG_ID, MQRO_NONE, MQRO_PASS_CORREL_ID, MQRO_PASS_MSG_ID, MQRO_COA_WITH_FULL_DATA, MQRO_COD_WITH_FULL_DATA, MQRO_EXCEPTION_WITH_FULL_DATA
&lt;null&gt;
59:
Default, MQRO_COPY_MSG_ID_TO_CORREL_ID, MQRO_NEW_MSG_ID, MQRO_NONE, MQRO_PAN, MQRO_PASS_CORREL_ID, MQRO_PASS_MSG_ID, MQRO_COA, MQRO_COD_WITH_FULL_DATA, MQRO_EXPIRATION_WITH_FULL_DATA, MQRO_EXCEPTION, MQRO_DISCARD_MSG
&lt;null&gt;
60:
Default, MQRO_COPY_MSG_ID_TO_CORREL_ID, MQRO_NEW_MSG_ID, MQRO_NONE, MQRO_PAN, MQRO_NAN, MQRO_PASS_CORREL_ID, MQRO_PASS_MSG_ID, MQRO_COA_WITH_DATA, MQRO_COD_WITH_DATA, MQRO_EXPIRATION_WITH_DATA, MQRO_EXCEPTION_WITH_DATA, MQRO_DISCARD_MSG
60:
Default, MQRO_COPY_MSG_ID_TO_CORREL_ID, MQRO_NEW_MSG_ID, MQRO_NONE, MQRO_PAN, MQRO_PASS_CORREL_ID, MQRO_PASS_MSG_ID, MQRO_COA_WITH_FULL_DATA, MQRO_COD_WITH_FULL_DATA, MQRO_EXPIRATION, MQRO_EXCEPTION_WITH_DATA, MQRO_DISCARD_MSG
&lt;null&gt;
61:
Default, MQRO_COPY_MSG_ID_TO_CORREL_ID, MQRO_NEW_MSG_ID, MQRO_NONE, MQRO_PASS_CORREL_ID, MQRO_COD, MQRO_EXPIRATION, MQRO_EXCEPTION_WITH_FULL_DATA
&lt;null&gt;
62:
Default, MQRO_COPY_MSG_ID_TO_CORREL_ID, MQRO_NEW_MSG_ID, MQRO_NONE, MQRO_PAN, MQRO_PASS_CORREL_ID, MQRO_COA_WITH_FULL_DATA, MQRO_COD_WITH_FULL_DATA, MQRO_EXPIRATION_WITH_DATA, MQRO_DISCARD_MSG
&lt;null&gt;
63:
Default, MQRO_COPY_MSG_ID_TO_CORREL_ID, MQRO_NEW_MSG_ID, MQRO_NONE, MQRO_PAN, MQRO_PASS_CORREL_ID, MQRO_PASS_MSG_ID, MQRO_COA_WITH_FULL_DATA, MQRO_EXPIRATION_WITH_FULL_DATA, MQRO_EXCEPTION, MQRO_DISCARD_MSG
&lt;null&gt;
64:
Default, MQRO_COPY_MSG_ID_TO_CORREL_ID, MQRO_NEW_MSG_ID, MQRO_NONE, MQRO_NAN, MQRO_PASS_CORREL_ID, MQRO_PASS_MSG_ID, MQRO_COA_WITH_FULL_DATA, MQRO_COD_WITH_FULL_DATA, MQRO_EXPIRATION_WITH_FULL_DATA, MQRO_EXCEPTION_WITH_FULL_DATA
64:
Default, MQRO_COPY_MSG_ID_TO_CORREL_ID, MQRO_NEW_MSG_ID, MQRO_NONE, MQRO_PAN, MQRO_PASS_CORREL_ID, MQRO_PASS_MSG_ID, MQRO_COA_WITH_FULL_DATA, MQRO_COD_WITH_FULL_DATA, MQRO_EXPIRATION, MQRO_EXCEPTION, MQRO_DISCARD_MSG
&lt;null&gt;
65:
Default, MQRO_COPY_MSG_ID_TO_CORREL_ID, MQRO_NEW_MSG_ID, MQRO_NONE, MQRO_PAN, MQRO_NAN, MQRO_PASS_CORREL_ID, MQRO_COA_WITH_FULL_DATA, MQRO_COD_WITH_FULL_DATA, MQRO_EXPIRATION_WITH_FULL_DATA, MQRO_EXCEPTION_WITH_FULL_DATA, MQRO_DISCARD_MSG
65:
Default, MQRO_COPY_MSG_ID_TO_CORREL_ID, MQRO_NEW_MSG_ID, MQRO_NONE, MQRO_NAN, MQRO_COD_WITH_FULL_DATA, MQRO_EXCEPTION_WITH_FULL_DATA
65:
Default, MQRO_COPY_MSG_ID_TO_CORREL_ID, MQRO_NEW_MSG_ID, MQRO_NONE, MQRO_PAN, MQRO_NAN, MQRO_PASS_CORREL_ID, MQRO_PASS_MSG_ID, MQRO_COA_WITH_FULL_DATA, MQRO_COD_WITH_FULL_DATA, MQRO_EXPIRATION_WITH_FULL_DATA, MQRO_EXCEPTION_WITH_FULL_DATA
65:
Default, MQRO_COPY_MSG_ID_TO_CORREL_ID, MQRO_NEW_MSG_ID, MQRO_NONE, MQRO_PAN, MQRO_NAN, MQRO_PASS_CORREL_ID, MQRO_PASS_MSG_ID, MQRO_COA_WITH_FULL_DATA, MQRO_COD_WITH_FULL_DATA, MQRO_EXPIRATION_WITH_FULL_DATA, MQRO_EXCEPTION_WITH_FULL_DATA, MQRO_DISCARD_MSG
65:
Default, MQRO_COPY_MSG_ID_TO_CORREL_ID, MQRO_NEW_MSG_ID, MQRO_NONE, MQRO_NAN, MQRO_PASS_CORREL_ID, MQRO_COA_WITH_FULL_DATA, MQRO_COD_WITH_FULL_DATA, MQRO_EXPIRATION_WITH_FULL_DATA, MQRO_EXCEPTION_WITH_FULL_DATA, MQRO_DISCARD_MSG
65:
Default, MQRO_COPY_MSG_ID_TO_CORREL_ID, MQRO_NEW_MSG_ID, MQRO_NONE, MQRO_COA_WITH_FULL_DATA, MQRO_COD_WITH_DATA, MQRO_EXPIRATION_WITH_DATA, MQRO_EXCEPTION_WITH_DATA, MQRO_DISCARD_MSG
&lt;null&gt;
66:
Default, MQRO_COPY_MSG_ID_TO_CORREL_ID, MQRO_NEW_MSG_ID, MQRO_NONE, MQRO_PAN, MQRO_NAN, MQRO_COA_WITH_FULL_DATA, MQRO_COD_WITH_FULL_DATA, MQRO_EXPIRATION_WITH_FULL_DATA, MQRO_EXCEPTION_WITH_FULL_DATA
66:
Default, MQRO_COPY_MSG_ID_TO_CORREL_ID, MQRO_NEW_MSG_ID, MQRO_NONE, MQRO_PAN, MQRO_NAN, MQRO_PASS_CORREL_ID, MQRO_PASS_MSG_ID, MQRO_COA_WITH_FULL_DATA, MQRO_COD_WITH_FULL_DATA, MQRO_EXPIRATION_WITH_FULL_DATA, MQRO_EXCEPTION_WITH_FULL_DATA, MQRO_DISCARD_MSG
66:
Default, MQRO_COPY_MSG_ID_TO_CORREL_ID, MQRO_NEW_MSG_ID, MQRO_NONE, MQRO_NAN, MQRO_COA_WITH_DATA, MQRO_DISCARD_MSG
66:
Default, MQRO_COPY_MSG_ID_TO_CORREL_ID, MQRO_NEW_MSG_ID, MQRO_NONE, MQRO_COA
&lt;null&gt;
67:
Default, MQRO_COPY_MSG_ID_TO_CORREL_ID, MQRO_NEW_MSG_ID, MQRO_NONE, MQRO_PASS_CORREL_ID, MQRO_COA_WITH_FULL_DATA, MQRO_COD_WITH_FULL_DATA, MQRO_EXPIRATION_WITH_FULL_DATA, MQRO_DISCARD_MSG
&lt;null&gt;
68:
Default, MQRO_COPY_MSG_ID_TO_CORREL_ID, MQRO_NEW_MSG_ID, MQRO_NONE, MQRO_NAN, MQRO_PASS_CORREL_ID, MQRO_PASS_MSG_ID, MQRO_COA_WITH_FULL_DATA, MQRO_COD_WITH_FULL_DATA, MQRO_EXPIRATION_WITH_FULL_DATA, MQRO_EXCEPTION_WITH_FULL_DATA, MQRO_DISCARD_MSG
68:
Default, MQRO_COPY_MSG_ID_TO_CORREL_ID, MQRO_NEW_MSG_ID, MQRO_NONE, MQRO_EXCEPTION_WITH_FULL_DATA
&lt;null&gt;
69:
Default, MQRO_COPY_MSG_ID_TO_CORREL_ID, MQRO_NEW_MSG_ID, MQRO_NONE, MQRO_PAN, MQRO_NAN, MQRO_PASS_CORREL_ID, MQRO_COA_WITH_DATA, MQRO_COD_WITH_FULL_DATA, MQRO_EXPIRATION_WITH_FULL_DATA, MQRO_EXCEPTION_WITH_FULL_DATA, MQRO_DISCARD_MSG
69:
Default, MQRO_COPY_MSG_ID_TO_CORREL_ID, MQRO_NEW_MSG_ID, MQRO_NONE, MQRO_PASS_CORREL_ID, MQRO_COD_WITH_FULL_DATA, MQRO_EXPIRATION_WITH_FULL_DATA
&lt;null&gt;
70:
Default, MQRO_COPY_MSG_ID_TO_CORREL_ID, MQRO_NEW_MSG_ID, MQRO_NONE, MQRO_COA_WITH_FULL_DATA, MQRO_COD_WITH_FULL_DATA, MQRO_EXPIRATION_WITH_DATA
&lt;null&gt;
71:
Default, MQRO_COPY_MSG_ID_TO_CORREL_ID, MQRO_NEW_MSG_ID, MQRO_NONE, MQRO_PAN, MQRO_NAN, MQRO_PASS_CORREL_ID, MQRO_PASS_MSG_ID, MQRO_COA_WITH_FULL_DATA, MQRO_COD_WITH_FULL_DATA, MQRO_EXPIRATION_WITH_FULL_DATA, MQRO_EXCEPTION_WITH_DATA, MQRO_DISCARD_MSG
71:
Default, MQRO_COPY_MSG_ID_TO_CORREL_ID, MQRO_NEW_MSG_ID, MQRO_NONE, MQRO_PAN, MQRO_NAN, MQRO_PASS_MSG_ID, MQRO_COA, MQRO_COD_WITH_DATA, MQRO_EXPIRATION_WITH_FULL_DATA, MQRO_EXCEPTION_WITH_FULL_DATA
71:
Default, MQRO_COPY_MSG_ID_TO_CORREL_ID, MQRO_NEW_MSG_ID, MQRO_NONE, MQRO_NAN, MQRO_PASS_CORREL_ID, MQRO_COA_WITH_DATA, MQRO_EXPIRATION_WITH_FULL_DATA, MQRO_EXCEPTION_WITH_FULL_DATA
71:
Default, MQRO_COPY_MSG_ID_TO_CORREL_ID, MQRO_NEW_MSG_ID, MQRO_NONE, MQRO_COA_WITH_FULL_DATA, MQRO_COD_WITH_DATA, MQRO_EXCEPTION_WITH_DATA
&lt;null&gt;
72:
Default, MQRO_COPY_MSG_ID_TO_CORREL_ID, MQRO_NEW_MSG_ID, MQRO_NONE, MQRO_NAN, MQRO_PASS_MSG_ID, MQRO_COA_WITH_FULL_DATA, MQRO_COD_WITH_DATA, MQRO_EXPIRATION_WITH_FULL_DATA, MQRO_DISCARD_MSG
72:
Default, MQRO_COPY_MSG_ID_TO_CORREL_ID, MQRO_NEW_MSG_ID, MQRO_NONE, MQRO_PAN, MQRO_COA_WITH_FULL_DATA, MQRO_COD_WITH_FULL_DATA, MQRO_EXCEPTION_WITH_DATA
&lt;null&gt;
73:
Default, MQRO_COPY_MSG_ID_TO_CORREL_ID, MQRO_NEW_MSG_ID, MQRO_NONE, MQRO_PAN, MQRO_NAN, MQRO_PASS_CORREL_ID, MQRO_PASS_MSG_ID, MQRO_COA_WITH_FULL_DATA, MQRO_COD_WITH_FULL_DATA, MQRO_EXPIRATION_WITH_FULL_DATA, MQRO_EXCEPTION_WITH_FULL_DATA, MQRO_DISCARD_MSG
73:
Default, MQRO_COPY_MSG_ID_TO_CORREL_ID, MQRO_NEW_MSG_ID, MQRO_NONE, MQRO_PAN, MQRO_NAN, MQRO_PASS_CORREL_ID, MQRO_PASS_MSG_ID, MQRO_COA_WITH_FULL_DATA, MQRO_COD_WITH_FULL_DATA, MQRO_EXPIRATION_WITH_FULL_DATA, MQRO_EXCEPTION_WITH_FULL_DATA, MQRO_DISCARD_MSG
73:
Default, MQRO_COPY_MSG_ID_TO_CORREL_ID, MQRO_NEW_MSG_ID, MQRO_NONE, MQRO_PAN, MQRO_NAN, MQRO_PASS_CORREL_ID, MQRO_PASS_MSG_ID, MQRO_COA_WITH_FULL_DATA, MQRO_COD, MQRO_EXPIRATION_WITH_FULL_DATA, MQRO_EXCEPTION_WITH_FULL_DATA, MQRO_DISCARD_MSG
73:
Default, MQRO_COPY_MSG_ID_TO_CORREL_ID, MQRO_NEW_MSG_ID, MQRO_NONE, MQRO_PASS_CORREL_ID, MQRO_PASS_MSG_ID, MQRO_COA_WITH_FULL_DATA, MQRO_COD_WITH_DATA, MQRO_EXPIRATION_WITH_FULL_DATA, MQRO_EXCEPTION_WITH_FULL_DATA, MQRO_DISCARD_MSG
&lt;null&gt;
74:
Default, MQRO_COPY_MSG_ID_TO_CORREL_ID, MQRO_NEW_MSG_ID, MQRO_NONE, MQRO_PAN, MQRO_NAN, MQRO_PASS_CORREL_ID, MQRO_COA_WITH_DATA, MQRO_COD_WITH_FULL_DATA, MQRO_EXPIRATION_WITH_FULL_DATA, MQRO_EXCEPTION_WITH_FULL_DATA, MQRO_DISCARD_MSG
74:
Default, MQRO_COPY_MSG_ID_TO_CORREL_ID, MQRO_NEW_MSG_ID, MQRO_NONE, MQRO_PAN, MQRO_NAN, MQRO_PASS_CORREL_ID, MQRO_PASS_MSG_ID, MQRO_COA_WITH_FULL_DATA, MQRO_COD_WITH_FULL_DATA, MQRO_EXPIRATION_WITH_DATA, MQRO_EXCEPTION_WITH_DATA, MQRO_DISCARD_MSG
74:
Default, MQRO_COPY_MSG_ID_TO_CORREL_ID, MQRO_NEW_MSG_ID, MQRO_NONE, MQRO_PAN, MQRO_NAN, MQRO_PASS_CORREL_ID, MQRO_COA_WITH_DATA, MQRO_COD_WITH_DATA, MQRO_EXPIRATION_WITH_DATA, MQRO_EXCEPTION_WITH_FULL_DATA, MQRO_DISCARD_MSG
74:
Default, MQRO_COPY_MSG_ID_TO_CORREL_ID, MQRO_NEW_MSG_ID, MQRO_NONE, MQRO_NAN, MQRO_PASS_MSG_ID, MQRO_COA, MQRO_COD_WITH_FULL_DATA, MQRO_EXPIRATION_WITH_FULL_DATA, MQRO_DISCARD_MSG
74:
Default, MQRO_COPY_MSG_ID_TO_CORREL_ID, MQRO_NEW_MSG_ID, MQRO_NONE, MQRO_PASS_CORREL_ID, MQRO_COA_WITH_FULL_DATA, MQRO_COD_WITH_FULL_DATA, MQRO_EXPIRATION_WITH_FULL_DATA, MQRO_EXCEPTION_WITH_DATA, MQRO_DISCARD_MSG
&lt;null&gt;
75:
Default, MQRO_COPY_MSG_ID_TO_CORREL_ID, MQRO_NEW_MSG_ID, MQRO_NONE, MQRO_PAN, MQRO_PASS_CORREL_ID, MQRO_PASS_MSG_ID, MQRO_COA_WITH_FULL_DATA, MQRO_COD_WITH_FULL_DATA, MQRO_EXPIRATION_WITH_FULL_DATA, MQRO_EXCEPTION_WITH_FULL_DATA, MQRO_DISCARD_MSG
&lt;null&gt;
76:
Default, MQRO_COPY_MSG_ID_TO_CORREL_ID, MQRO_NEW_MSG_ID, MQRO_NONE, MQRO_PAN, MQRO_PASS_CORREL_ID, MQRO_COA, MQRO_COD_WITH_DATA, MQRO_EXPIRATION_WITH_DATA, MQRO_EXCEPTION_WITH_DATA, MQRO_DISCARD_MSG
&lt;null&gt;
77:
Default, MQRO_COPY_MSG_ID_TO_CORREL_ID, MQRO_NEW_MSG_ID, MQRO_NONE, MQRO_PAN, MQRO_NAN, MQRO_PASS_MSG_ID, MQRO_COD_WITH_FULL_DATA, MQRO_EXPIRATION_WITH_DATA, MQRO_EXCEPTION_WITH_DATA
77:
Default, MQRO_COPY_MSG_ID_TO_CORREL_ID, MQRO_NEW_MSG_ID, MQRO_NONE, MQRO_PAN, MQRO_NAN, MQRO_PASS_CORREL_ID, MQRO_PASS_MSG_ID, MQRO_COA_WITH_FULL_DATA, MQRO_COD_WITH_FULL_DATA, MQRO_EXPIRATION_WITH_FULL_DATA, MQRO_EXCEPTION_WITH_FULL_DATA, MQRO_DISCARD_MSG
77:
Default, MQRO_COPY_MSG_ID_TO_CORREL_ID, MQRO_NEW_MSG_ID, MQRO_NONE, MQRO_PAN, MQRO_COA, MQRO_COD_WITH_FULL_DATA, MQRO_EXPIRATION_WITH_FULL_DATA, MQRO_EXCEPTION_WITH_FULL_DATA
&lt;null&gt;
78:
MQRO_DEAD_LETTER_Q
&lt;null&gt;
79:
Default, MQRO_COPY_MSG_ID_TO_CORREL_ID, MQRO_NEW_MSG_ID, MQRO_NONE, MQRO_PAN, MQRO_NAN, MQRO_PASS_CORREL_ID, MQRO_PASS_MSG_ID, MQRO_COA_WITH_FULL_DATA, MQRO_COD_WITH_FULL_DATA, MQRO_EXPIRATION_WITH_FULL_DATA, MQRO_EXCEPTION_WITH_FULL_DATA, MQRO_DISCARD_MSG
79:
Default, MQRO_COPY_MSG_ID_TO_CORREL_ID, MQRO_NEW_MSG_ID, MQRO_NONE, MQRO_PASS_CORREL_ID, MQRO_COA_WITH_FULL_DATA, MQRO_EXPIRATION, MQRO_EXCEPTION_WITH_FULL_DATA
&lt;null&gt;
80:
Default, MQRO_COPY_MSG_ID_TO_CORREL_ID, MQRO_NEW_MSG_ID, MQRO_NONE, MQRO_PAN, MQRO_NAN, MQRO_PASS_MSG_ID, MQRO_COA_WITH_FULL_DATA, MQRO_COD_WITH_FULL_DATA, MQRO_EXPIRATION_WITH_FULL_DATA, MQRO_EXCEPTION_WITH_DATA, MQRO_DISCARD_MSG
80:
Default, MQRO_COPY_MSG_ID_TO_CORREL_ID, MQRO_NEW_MSG_ID, MQRO_NONE, MQRO_PAN, MQRO_NAN, MQRO_PASS_CORREL_ID, MQRO_PASS_MSG_ID, MQRO_COA_WITH_FULL_DATA, MQRO_COD_WITH_FULL_DATA, MQRO_EXPIRATION_WITH_FULL_DATA, MQRO_EXCEPTION_WITH_FULL_DATA
80:
Default, MQRO_COPY_MSG_ID_TO_CORREL_ID, MQRO_NEW_MSG_ID, MQRO_NONE, MQRO_NAN, MQRO_PASS_CORREL_ID, MQRO_COA, MQRO_COD_WITH_FULL_DATA, MQRO_EXPIRATION_WITH_FULL_DATA, MQRO_EXCEPTION_WITH_FULL_DATA, MQRO_DISCARD_MSG
80:
Default, MQRO_COPY_MSG_ID_TO_CORREL_ID, MQRO_NEW_MSG_ID, MQRO_NONE, MQRO_NAN, MQRO_COD_WITH_FULL_DATA, MQRO_EXPIRATION_WITH_FULL_DATA, MQRO_EXCEPTION
80:
Default, MQRO_COPY_MSG_ID_TO_CORREL_ID, MQRO_NEW_MSG_ID, MQRO_NONE, MQRO_COA, MQRO_COD, MQRO_EXPIRATION_WITH_FULL_DATA, MQRO_DISCARD_MSG
&lt;null&gt;
81:
MQRO_DEAD_LETTER_Q
&lt;null&gt;
82:
Default, MQRO_COPY_MSG_ID_TO_CORREL_ID, MQRO_NEW_MSG_ID, MQRO_NONE, MQRO_COA_WITH_DATA, MQRO_COD_WITH_FULL_DATA, MQRO_EXCEPTION
&lt;null&gt;
83:
Default, MQRO_COPY_MSG_ID_TO_CORREL_ID, MQRO_NEW_MSG_ID, MQRO_NONE, MQRO_PAN, MQRO_NAN, MQRO_PASS_CORREL_ID, MQRO_PASS_MSG_ID, MQRO_COA_WITH_FULL_DATA, MQRO_COD_WITH_FULL_DATA, MQRO_EXPIRATION_WITH_FULL_DATA, MQRO_EXCEPTION_WITH_FULL_DATA, MQRO_DISCARD_MSG
83:
Default, MQRO_COPY_MSG_ID_TO_CORREL_ID, MQRO_NEW_MSG_ID, MQRO_NONE, MQRO_PAN, MQRO_NAN, MQRO_PASS_CORREL_ID, MQRO_COA_WITH_DATA, MQRO_COD_WITH_DATA, MQRO_EXPIRATION_WITH_DATA, MQRO_EXCEPTION_WITH_FULL_DATA, MQRO_DISCARD_MSG
83:
Default, MQRO_COPY_MSG_ID_TO_CORREL_ID, MQRO_NEW_MSG_ID, MQRO_NONE, MQRO_PAN, MQRO_NAN, MQRO_PASS_MSG_ID, MQRO_COA_WITH_FULL_DATA, MQRO_COD_WITH_FULL_DATA, MQRO_EXPIRATION_WITH_FULL_DATA, MQRO_EXCEPTION_WITH_FULL_DATA, MQRO_DISCARD_MSG
83:
Default, MQRO_COPY_MSG_ID_TO_CORREL_ID, MQRO_NEW_MSG_ID, MQRO_NONE, MQRO_PAN, MQRO_NAN, MQRO_PASS_CORREL_ID, MQRO_PASS_MSG_ID, MQRO_COA_WITH_FULL_DATA, MQRO_COD_WITH_FULL_DATA, MQRO_EXPIRATION_WITH_FULL_DATA, MQRO_EXCEPTION_WITH_DATA, MQRO_DISCARD_MSG
83:
Default, MQRO_COPY_MSG_ID_TO_CORREL_ID, MQRO_NEW_MSG_ID, MQRO_NONE, MQRO_PAN, MQRO_COA, MQRO_COD_WITH_FULL_DATA, MQRO_EXPIRATION_WITH_DATA, MQRO_EXCEPTION_WITH_DATA
&lt;null&gt;
84:
Default, MQRO_COPY_MSG_ID_TO_CORREL_ID, MQRO_NEW_MSG_ID, MQRO_NONE, MQRO_PAN, MQRO_NAN, MQRO_PASS_MSG_ID, MQRO_COA_WITH_FULL_DATA, MQRO_COD_WITH_FULL_DATA, MQRO_EXPIRATION_WITH_FULL_DATA, MQRO_EXCEPTION_WITH_FULL_DATA, MQRO_DISCARD_MSG
84:
Default, MQRO_COPY_MSG_ID_TO_CORREL_ID, MQRO_NEW_MSG_ID, MQRO_NONE, MQRO_NAN, MQRO_PASS_CORREL_ID, MQRO_PASS_MSG_ID, MQRO_COA_WITH_DATA, MQRO_COD_WITH_DATA, MQRO_EXPIRATION_WITH_FULL_DATA, MQRO_EXCEPTION_WITH_FULL_DATA, MQRO_DISCARD_MSG
84:
Default, MQRO_COPY_MSG_ID_TO_CORREL_ID, MQRO_NEW_MSG_ID, MQRO_NONE, MQRO_PAN, MQRO_NAN, MQRO_PASS_CORREL_ID, MQRO_PASS_MSG_ID, MQRO_COA_WITH_FULL_DATA, MQRO_COD_WITH_FULL_DATA, MQRO_EXPIRATION_WITH_FULL_DATA, MQRO_EXCEPTION_WITH_FULL_DATA
84:
Default, MQRO_COPY_MSG_ID_TO_CORREL_ID, MQRO_NEW_MSG_ID, MQRO_NONE, MQRO_NAN, MQRO_COA, MQRO_COD, MQRO_EXPIRATION_WITH_DATA, MQRO_EXCEPTION
84:
Default, MQRO_COPY_MSG_ID_TO_CORREL_ID, MQRO_NEW_MSG_ID, MQRO_NONE, MQRO_PAN, MQRO_NAN, MQRO_PASS_CORREL_ID, MQRO_PASS_MSG_ID, MQRO_COA_WITH_DATA, MQRO_COD_WITH_FULL_DATA, MQRO_EXPIRATION_WITH_FULL_DATA, MQRO_EXCEPTION_WITH_FULL_DATA
84:
Default, MQRO_COPY_MSG_ID_TO_CORREL_ID, MQRO_NEW_MSG_ID, MQRO_NONE, MQRO_EXPIRATION, MQRO_EXCEPTION_WITH_DATA
&lt;null&gt;
85:
Default, MQRO_COPY_MSG_ID_TO_CORREL_ID, MQRO_NEW_MSG_ID, MQRO_NONE, MQRO_NAN, MQRO_PASS_CORREL_ID, MQRO_COD_WITH_FULL_DATA, MQRO_EXPIRATION, MQRO_EXCEPTION
85:
Default, MQRO_COPY_MSG_ID_TO_CORREL_ID, MQRO_NEW_MSG_ID, MQRO_NONE, MQRO_PAN, MQRO_NAN, MQRO_PASS_CORREL_ID, MQRO_PASS_MSG_ID, MQRO_COA_WITH_FULL_DATA, MQRO_COD_WITH_FULL_DATA, MQRO_EXPIRATION_WITH_FULL_DATA, MQRO_EXCEPTION_WITH_FULL_DATA
85:
Default, MQRO_COPY_MSG_ID_TO_CORREL_ID, MQRO_NEW_MSG_ID, MQRO_NONE, MQRO_NAN, MQRO_COA_WITH_FULL_DATA, MQRO_COD, MQRO_EXPIRATION_WITH_FULL_DATA, MQRO_EXCEPTION_WITH_FULL_DATA, MQRO_DISCARD_MSG
85:
Default, MQRO_COPY_MSG_ID_TO_CORREL_ID, MQRO_NEW_MSG_ID, MQRO_NONE, MQRO_PAN, MQRO_PASS_CORREL_ID, MQRO_PASS_MSG_ID, MQRO_COA_WITH_FULL_DATA, MQRO_COD_WITH_DATA, MQRO_EXPIRATION_WITH_FULL_DATA, MQRO_EXCEPTION_WITH_FULL_DATA, MQRO_DISCARD_MSG
&lt;null&gt;
86:
Default, MQRO_COPY_MSG_ID_TO_CORREL_ID, MQRO_NEW_MSG_ID, MQRO_NONE, MQRO_PASS_CORREL_ID, MQRO_COA, MQRO_COD_WITH_DATA, MQRO_EXPIRATION_WITH_FULL_DATA, MQRO_EXCEPTION_WITH_DATA, MQRO_DISCARD_MSG
&lt;null&gt;
87:
Default, MQRO_COPY_MSG_ID_TO_CORREL_ID, MQRO_NEW_MSG_ID, MQRO_NONE, MQRO_NAN, MQRO_COD_WITH_FULL_DATA
87:
Default, MQRO_COPY_MSG_ID_TO_CORREL_ID, MQRO_NEW_MSG_ID, MQRO_NONE, MQRO_COA
&lt;null&gt;
88:
Default, MQRO_COPY_MSG_ID_TO_CORREL_ID, MQRO_NEW_MSG_ID, MQRO_NONE, MQRO_PAN, MQRO_NAN, MQRO_PASS_CORREL_ID, MQRO_PASS_MSG_ID, MQRO_COA_WITH_FULL_DATA, MQRO_COD_WITH_FULL_DATA, MQRO_EXPIRATION_WITH_FULL_DATA, MQRO_EXCEPTION_WITH_FULL_DATA, MQRO_DISCARD_MSG
88:
Default, MQRO_COPY_MSG_ID_TO_CORREL_ID, MQRO_NEW_MSG_ID, MQRO_NONE, MQRO_PAN, MQRO_NAN, MQRO_PASS_CORREL_ID, MQRO_COA_WITH_DATA, MQRO_COD_WITH_DATA, MQRO_EXPIRATION_WITH_DATA, MQRO_EXCEPTION_WITH_FULL_DATA, MQRO_DISCARD_MSG
88:
Default, MQRO_COPY_MSG_ID_TO_CORREL_ID, MQRO_NEW_MSG_ID, MQRO_NONE, MQRO_PAN, MQRO_COA, MQRO_COD_WITH_FULL_DATA, MQRO_EXCEPTION_WITH_FULL_DATA
&lt;null&gt;
89:
Default, MQRO_COPY_MSG_ID_TO_CORREL_ID, MQRO_NEW_MSG_ID, MQRO_NONE, MQRO_PAN, MQRO_NAN, MQRO_PASS_CORREL_ID, MQRO_PASS_MSG_ID, MQRO_COA_WITH_FULL_DATA, MQRO_COD_WITH_FULL_DATA, MQRO_EXPIRATION_WITH_FULL_DATA, MQRO_EXCEPTION_WITH_FULL_DATA, MQRO_DISCARD_MSG
89:
Default, MQRO_COPY_MSG_ID_TO_CORREL_ID, MQRO_NEW_MSG_ID, MQRO_NONE, MQRO_PAN, MQRO_NAN, MQRO_PASS_CORREL_ID, MQRO_PASS_MSG_ID, MQRO_COA_WITH_FULL_DATA, MQRO_COD_WITH_FULL_DATA, MQRO_EXPIRATION_WITH_FULL_DATA, MQRO_EXCEPTION_WITH_FULL_DATA, MQRO_DISCARD_MSG
89:
Default, MQRO_COPY_MSG_ID_TO_CORREL_ID, MQRO_NEW_MSG_ID, MQRO_NONE, MQRO_PAN, MQRO_NAN, MQRO_PASS_MSG_ID, MQRO_COA_WITH_FULL_DATA, MQRO_COD_WITH_FULL_DATA, MQRO_EXPIRATION_WITH_DATA, MQRO_EXCEPTION_WITH_DATA, MQRO_DISCARD_MSG
89:
Default, MQRO_COPY_MSG_ID_TO_CORREL_ID, MQRO_NEW_MSG_ID, MQRO_NONE, MQRO_PAN, MQRO_NAN, MQRO_PASS_CORREL_ID, MQRO_PASS_MSG_ID, MQRO_COA_WITH_FULL_DATA, MQRO_COD_WITH_DATA, MQRO_EXPIRATION_WITH_DATA, MQRO_EXCEPTION_WITH_FULL_DATA, MQRO_DISCARD_MSG
89:
Default, MQRO_COPY_MSG_ID_TO_CORREL_ID, MQRO_NEW_MSG_ID, MQRO_NONE, MQRO_PAN, MQRO_NAN, MQRO_PASS_CORREL_ID, MQRO_PASS_MSG_ID, MQRO_COA_WITH_FULL_DATA, MQRO_COD_WITH_FULL_DATA, MQRO_EXPIRATION_WITH_FULL_DATA, MQRO_EXCEPTION_WITH_FULL_DATA, MQRO_DISCARD_MSG
89:
Default, MQRO_COPY_MSG_ID_TO_CORREL_ID, MQRO_NEW_MSG_ID, MQRO_NONE, MQRO_PAN, MQRO_PASS_CORREL_ID, MQRO_PASS_MSG_ID, MQRO_COA_WITH_FULL_DATA, MQRO_COD_WITH_FULL_DATA, MQRO_EXPIRATION_WITH_FULL_DATA, MQRO_EXCEPTION_WITH_DATA, MQRO_DISCARD_MSG
&lt;null&gt;
90:
Default, MQRO_COPY_MSG_ID_TO_CORREL_ID, MQRO_NEW_MSG_ID, MQRO_NONE, MQRO_PAN, MQRO_NAN, MQRO_PASS_CORREL_ID, MQRO_PASS_MSG_ID, MQRO_COA_WITH_FULL_DATA, MQRO_COD_WITH_FULL_DATA, MQRO_EXPIRATION_WITH_FULL_DATA, MQRO_EXCEPTION_WITH_DATA, MQRO_DISCARD_MSG
90:
Default, MQRO_COPY_MSG_ID_TO_CORREL_ID, MQRO_NEW_MSG_ID, MQRO_NONE, MQRO_NAN, MQRO_PASS_CORREL_ID, MQRO_PASS_MSG_ID, MQRO_COA_WITH_FULL_DATA, MQRO_COD_WITH_FULL_DATA, MQRO_EXPIRATION_WITH_FULL_DATA, MQRO_EXCEPTION_WITH_FULL_DATA, MQRO_DISCARD_MSG
90:
Default, MQRO_COPY_MSG_ID_TO_CORREL_ID, MQRO_NEW_MSG_ID, MQRO_NONE, MQRO_PAN, MQRO_EXPIRATION, MQRO_EXCEPTION_WITH_FULL_DATA, MQRO_DISCARD_MSG
&lt;null&gt;
91:
Default, MQRO_COPY_MSG_ID_TO_CORREL_ID, MQRO_NEW_MSG_ID, MQRO_NONE, MQRO_PASS_CORREL_ID, MQRO_COA_WITH_FULL_DATA, MQRO_EXCEPTION_WITH_DATA
&lt;null&gt;
92:
Default, MQRO_COPY_MSG_ID_TO_CORREL_ID, MQRO_NEW_MSG_ID, MQRO_NONE, MQRO_PAN, MQRO_NAN, MQRO_PASS_CORREL_ID, MQRO_PASS_MSG_ID, MQRO_COA_WITH_FULL_DATA, MQRO_COD_WITH_FULL_DATA, MQRO_EXPIRATION_WITH_FULL_DATA, MQRO_EXCEPTION_WITH_FULL_DATA, MQRO_DISCARD_MSG
92:
Default, MQRO_COPY_MSG_ID_TO_CORREL_ID, MQRO_NEW_MSG_ID, MQRO_NONE, MQRO_PAN, MQRO_NAN, MQRO_PASS_CORREL_ID, MQRO_PASS_MSG_ID, MQRO_COA_WITH_FULL_DATA, MQRO_COD_WITH_FULL_DATA, MQRO_EXPIRATION_WITH_FULL_DATA, MQRO_EXCEPTION_WITH_FULL_DATA, MQRO_DISCARD_MSG
92:
Default, MQRO_COPY_MSG_ID_TO_CORREL_ID, MQRO_NEW_MSG_ID, MQRO_NONE, MQRO_PAN, MQRO_NAN, MQRO_PASS_CORREL_ID, MQRO_PASS_MSG_ID, MQRO_COA_WITH_FULL_DATA, MQRO_COD_WITH_FULL_DATA, MQRO_EXPIRATION_WITH_FULL_DATA, MQRO_EXCEPTION_WITH_FULL_DATA
92:
Default, MQRO_COPY_MSG_ID_TO_CORREL_ID, MQRO_NEW_MSG_ID, MQRO_NONE, MQRO_PAN, MQRO_NAN, MQRO_PASS_CORREL_ID, MQRO_PASS_MSG_ID, MQRO_COA_WITH_FULL_DATA, MQRO_COD_WITH_FULL_DATA, MQRO_EXPIRATION_WITH_FULL_DATA, MQRO_EXCEPTION_WITH_FULL_DATA, MQRO_DISCARD_MSG
92:
Default, MQRO_COPY_MSG_ID_TO_CORREL_ID, MQRO_NEW_MSG_ID, MQRO_NONE, MQRO_PAN, MQRO_NAN, MQRO_PASS_CORREL_ID, MQRO_PASS_MSG_ID, MQRO_COA_WITH_FULL_DATA, MQRO_COD_WITH_FULL_DATA, MQRO_EXPIRATION_WITH_FULL_DATA, MQRO_EXCEPTION_WITH_FULL_DATA, MQRO_DISCARD_MSG
92:
Default, MQRO_COPY_MSG_ID_TO_CORREL_ID, MQRO_NEW_MSG_ID, MQRO_NONE, MQRO_PAN, MQRO_NAN, MQRO_PASS_CORREL_ID, MQRO_PASS_MSG_ID, MQRO_COA_WITH_FULL_DATA, MQRO_COD_WITH_FULL_DATA, MQRO_EXPIRATION_WITH_FULL_DATA, MQRO_EXCEPTION_WITH_FULL_DATA, MQRO_DISCARD_MSG
92:
Default, MQRO_COPY_MSG_ID_TO_CORREL_ID, MQRO_NEW_MSG_ID, MQRO_NONE, MQRO_DISCARD_MSG
&lt;null&gt;
93:
Default, MQRO_COPY_MSG_ID_TO_CORREL_ID, MQRO_NEW_MSG_ID, MQRO_NONE, MQRO_PAN, MQRO_NAN, MQRO_PASS_CORREL_ID, MQRO_PASS_MSG_ID, MQRO_COA_WITH_FULL_DATA, MQRO_COD_WITH_FULL_DATA, MQRO_EXPIRATION_WITH_FULL_DATA, MQRO_EXCEPTION_WITH_FULL_DATA
93:
Default, MQRO_COPY_MSG_ID_TO_CORREL_ID, MQRO_NEW_MSG_ID, MQRO_NONE, MQRO_COD_WITH_FULL_DATA, MQRO_EXPIRATION
&lt;null&gt;
94:
Default, MQRO_COPY_MSG_ID_TO_CORREL_ID, MQRO_NEW_MSG_ID, MQRO_NONE, MQRO_PAN, MQRO_NAN, MQRO_PASS_CORREL_ID, MQRO_PASS_MSG_ID, MQRO_COA_WITH_FULL_DATA, MQRO_COD_WITH_FULL_DATA, MQRO_EXPIRATION_WITH_FULL_DATA, MQRO_EXCEPTION_WITH_FULL_DATA, MQRO_DISCARD_MSG
94:
Default, MQRO_COPY_MSG_ID_TO_CORREL_ID, MQRO_NEW_MSG_ID, MQRO_NONE, MQRO_PAN, MQRO_NAN, MQRO_PASS_CORREL_ID, MQRO_COD, MQRO_EXCEPTION_WITH_FULL_DATA
94:
Default, MQRO_COPY_MSG_ID_TO_CORREL_ID, MQRO_NEW_MSG_ID, MQRO_NONE, MQRO_COA
&lt;null&gt;
95:
Default, MQRO_COPY_MSG_ID_TO_CORREL_ID, MQRO_NEW_MSG_ID, MQRO_NONE, MQRO_PAN, MQRO_NAN, MQRO_PASS_CORREL_ID, MQRO_PASS_MSG_ID, MQRO_COA_WITH_FULL_DATA, MQRO_COD_WITH_FULL_DATA, MQRO_EXPIRATION_WITH_FULL_DATA, MQRO_EXCEPTION_WITH_FULL_DATA, MQRO_DISCARD_MSG
95:
Default, MQRO_COPY_MSG_ID_TO_CORREL_ID, MQRO_NEW_MSG_ID, MQRO_NONE, MQRO_PAN, MQRO_NAN, MQRO_PASS_CORREL_ID, MQRO_PASS_MSG_ID, MQRO_COA_WITH_FULL_DATA, MQRO_COD_WITH_FULL_DATA, MQRO_EXPIRATION_WITH_FULL_DATA, MQRO_EXCEPTION_WITH_FULL_DATA, MQRO_DISCARD_MSG
95:
MQRO_DEAD_LETTER_Q
&lt;null&gt;
96:
Default, MQRO_COPY_MSG_ID_TO_CORREL_ID, MQRO_NEW_MSG_ID, MQRO_NONE, MQRO_NAN, MQRO_COD_WITH_DATA
96:
Default, MQRO_COPY_MSG_ID_TO_CORREL_ID, MQRO_NEW_MSG_ID, MQRO_NONE, MQRO_NAN, MQRO_PASS_CORREL_ID, MQRO_COA_WITH_DATA, MQRO_COD_WITH_FULL_DATA, MQRO_EXPIRATION_WITH_FULL_DATA, MQRO_EXCEPTION_WITH_FULL_DATA
96:
Default, MQRO_COPY_MSG_ID_TO_CORREL_ID, MQRO_NEW_MSG_ID, MQRO_NONE, MQRO_PAN, MQRO_NAN, MQRO_PASS_CORREL_ID, MQRO_PASS_MSG_ID, MQRO_COA_WITH_FULL_DATA, MQRO_COD_WITH_FULL_DATA, MQRO_EXPIRATION_WITH_FULL_DATA, MQRO_EXCEPTION_WITH_DATA, MQRO_DISCARD_MSG
96:
Default, MQRO_COPY_MSG_ID_TO_CORREL_ID, MQRO_NEW_MSG_ID, MQRO_NONE, MQRO_PAN, MQRO_NAN, MQRO_PASS_CORREL_ID, MQRO_COA_WITH_FULL_DATA, MQRO_COD_WITH_FULL_DATA, MQRO_EXPIRATION_WITH_FULL_DATA, MQRO_EXCEPTION_WITH_FULL_DATA
96:
Default, MQRO_COPY_MSG_ID_TO_CORREL_ID, MQRO_NEW_MSG_ID, MQRO_NONE, MQRO_PAN, MQRO_NAN, MQRO_PASS_MSG_ID, MQRO_COA_WITH_FULL_DATA, MQRO_COD_WITH_FULL_DATA, MQRO_EXPIRATION_WITH_FULL_DATA, MQRO_EXCEPTION_WITH_FULL_DATA
96:
Default, MQRO_COPY_MSG_ID_TO_CORREL_ID, MQRO_NEW_MSG_ID, MQRO_NONE, MQRO_PAN, MQRO_NAN, MQRO_PASS_CORREL_ID, MQRO_PASS_MSG_ID, MQRO_COA_WITH_FULL_DATA, MQRO_COD_WITH_FULL_DATA, MQRO_EXPIRATION_WITH_FULL_DATA, MQRO_EXCEPTION_WITH_FULL_DATA, MQRO_DISCARD_MSG
96:
Default, MQRO_COPY_MSG_ID_TO_CORREL_ID, MQRO_NEW_MSG_ID, MQRO_NONE, MQRO_PAN, MQRO_NAN, MQRO_PASS_CORREL_ID, MQRO_PASS_MSG_ID, MQRO_COA_WITH_FULL_DATA, MQRO_COD_WITH_FULL_DATA, MQRO_EXPIRATION_WITH_FULL_DATA, MQRO_EXCEPTION_WITH_FULL_DATA, MQRO_DISCARD_MSG
96:
Default, MQRO_COPY_MSG_ID_TO_CORREL_ID, MQRO_NEW_MSG_ID, MQRO_NONE, MQRO_NAN, MQRO_PASS_CORREL_ID, MQRO_PASS_MSG_ID, MQRO_COA_WITH_DATA, MQRO_COD_WITH_DATA, MQRO_EXPIRATION_WITH_DATA, MQRO_EXCEPTION_WITH_DATA
96:
Default, MQRO_COPY_MSG_ID_TO_CORREL_ID, MQRO_NEW_MSG_ID, MQRO_NONE, MQRO_PAN, MQRO_COA_WITH_DATA, MQRO_COD_WITH_FULL_DATA, MQRO_EXPIRATION
&lt;null&gt;
97:
Default, MQRO_COPY_MSG_ID_TO_CORREL_ID, MQRO_NEW_MSG_ID, MQRO_NONE, MQRO_PAN, MQRO_NAN, MQRO_PASS_CORREL_ID, MQRO_PASS_MSG_ID, MQRO_COA_WITH_FULL_DATA, MQRO_COD_WITH_FULL_DATA, MQRO_EXPIRATION_WITH_FULL_DATA, MQRO_EXCEPTION_WITH_FULL_DATA, MQRO_DISCARD_MSG
97:
Default, MQRO_COPY_MSG_ID_TO_CORREL_ID, MQRO_NEW_MSG_ID, MQRO_NONE, MQRO_PAN, MQRO_NAN, MQRO_PASS_CORREL_ID, MQRO_PASS_MSG_ID, MQRO_COA_WITH_FULL_DATA, MQRO_COD_WITH_FULL_DATA, MQRO_EXPIRATION_WITH_FULL_DATA, MQRO_EXCEPTION_WITH_FULL_DATA, MQRO_DISCARD_MSG
97:
Default, MQRO_COPY_MSG_ID_TO_CORREL_ID, MQRO_NEW_MSG_ID, MQRO_NONE, MQRO_PAN, MQRO_NAN, MQRO_PASS_MSG_ID, MQRO_COA_WITH_FULL_DATA, MQRO_COD_WITH_FULL_DATA, MQRO_EXPIRATION_WITH_FULL_DATA, MQRO_EXCEPTION_WITH_FULL_DATA, MQRO_DISCARD_MSG
97:
Default, MQRO_COPY_MSG_ID_TO_CORREL_ID, MQRO_NEW_MSG_ID, MQRO_NONE, MQRO_PAN, MQRO_NAN, MQRO_PASS_CORREL_ID, MQRO_PASS_MSG_ID, MQRO_COA_WITH_DATA, MQRO_COD_WITH_FULL_DATA, MQRO_EXPIRATION_WITH_FULL_DATA, MQRO_EXCEPTION_WITH_FULL_DATA, MQRO_DISCARD_MSG
97:
Default, MQRO_COPY_MSG_ID_TO_CORREL_ID, MQRO_NEW_MSG_ID, MQRO_NONE, MQRO_NAN, MQRO_PASS_CORREL_ID, MQRO_COA_WITH_FULL_DATA, MQRO_COD_WITH_FULL_DATA, MQRO_EXPIRATION_WITH_FULL_DATA, MQRO_EXCEPTION_WITH_FULL_DATA, MQRO_DISCARD_MSG
97:
Default, MQRO_COPY_MSG_ID_TO_CORREL_ID, MQRO_NEW_MSG_ID, MQRO_NONE, MQRO_PAN, MQRO_PASS_CORREL_ID, MQRO_PASS_MSG_ID, MQRO_COA_WITH_FULL_DATA, MQRO_COD_WITH_FULL_DATA, MQRO_EXPIRATION_WITH_FULL_DATA, MQRO_EXCEPTION_WITH_FULL_DATA, MQRO_DISCARD_MSG
&lt;null&gt;
98:
Default, MQRO_COPY_MSG_ID_TO_CORREL_ID, MQRO_NEW_MSG_ID, MQRO_NONE, MQRO_PAN, MQRO_NAN, MQRO_PASS_CORREL_ID, MQRO_PASS_MSG_ID, MQRO_COA_WITH_FULL_DATA, MQRO_COD_WITH_FULL_DATA, MQRO_EXPIRATION_WITH_FULL_DATA, MQRO_EXCEPTION_WITH_FULL_DATA, MQRO_DISCARD_MSG
98:
Default, MQRO_COPY_MSG_ID_TO_CORREL_ID, MQRO_NEW_MSG_ID, MQRO_NONE, MQRO_PAN, MQRO_NAN, MQRO_PASS_CORREL_ID, MQRO_PASS_MSG_ID, MQRO_COA_WITH_FULL_DATA, MQRO_COD_WITH_FULL_DATA, MQRO_EXPIRATION_WITH_FULL_DATA, MQRO_EXCEPTION_WITH_FULL_DATA, MQRO_DISCARD_MSG
98:
Default, MQRO_COPY_MSG_ID_TO_CORREL_ID, MQRO_NEW_MSG_ID, MQRO_NONE, MQRO_PAN, MQRO_PASS_MSG_ID
&lt;null&gt;
99:
Default, MQRO_COPY_MSG_ID_TO_CORREL_ID, MQRO_NEW_MSG_ID, MQRO_NONE, MQRO_PAN, MQRO_NAN, MQRO_PASS_CORREL_ID, MQRO_PASS_MSG_ID, MQRO_COA_WITH_FULL_DATA, MQRO_COD_WITH_FULL_DATA, MQRO_EXPIRATION_WITH_FULL_DATA, MQRO_EXCEPTION_WITH_FULL_DATA, MQRO_DISCARD_MSG
99:
Default, MQRO_COPY_MSG_ID_TO_CORREL_ID, MQRO_NEW_MSG_ID, MQRO_NONE, MQRO_PAN, MQRO_NAN, MQRO_PASS_CORREL_ID, MQRO_PASS_MSG_ID, MQRO_COA_WITH_FULL_DATA, MQRO_COD_WITH_FULL_DATA, MQRO_EXPIRATION_WITH_FULL_DATA, MQRO_EXCEPTION_WITH_FULL_DATA, MQRO_DISCARD_MSG
99:
Default, MQRO_COPY_MSG_ID_TO_CORREL_ID, MQRO_NEW_MSG_ID, MQRO_NONE, MQRO_PAN, MQRO_NAN, MQRO_PASS_CORREL_ID, MQRO_PASS_MSG_ID, MQRO_COA_WITH_DATA, MQRO_COD_WITH_DATA, MQRO_EXPIRATION_WITH_FULL_DATA, MQRO_EXCEPTION_WITH_FULL_DATA, MQRO_DISCARD_MSG
99:
Default, MQRO_COPY_MSG_ID_TO_CORREL_ID, MQRO_NEW_MSG_ID, MQRO_NONE, MQRO_PAN, MQRO_NAN, MQRO_PASS_CORREL_ID, MQRO_PASS_MSG_ID, MQRO_COA_WITH_FULL_DATA, MQRO_COD_WITH_FULL_DATA, MQRO_EXPIRATION_WITH_FULL_DATA, MQRO_EXCEPTION_WITH_DATA, MQRO_DISCARD_MSG
99:
Default, MQRO_COPY_MSG_ID_TO_CORREL_ID, MQRO_NEW_MSG_ID, MQRO_NONE, MQRO_PAN, MQRO_PASS_CORREL_ID, MQRO_PASS_MSG_ID, MQRO_COA_WITH_FULL_DATA, MQRO_COD_WITH_FULL_DATA, MQRO_EXPIRATION_WITH_DATA, MQRO_EXCEPTION_WITH_DATA, MQRO_DISCARD_MSG
&lt;null&gt;
Ok, passed 100 tests.</StdOut>
      </Output>
    </UnitTestResult>
    <UnitTestResult executionId="58e7dda4-6a41-4d22-8d33-b80f365558a3" testId="2bc79cea-b81b-1aa2-8d51-cd137815dcd6" testName="ReportNegativeAcknolegdementNotification_ForAllReport_Returns2IfInReport" computerName="ICSWS068" duration="00:00:00.0241806" startTime="2016-08-04T09:57:41.1617487+02:00" endTime="2016-08-04T09:57:41.1868181+02:00" testType="13cdc9d9-ddb5-4fa4-a97d-d965ccfc6d4b" outcome="Passed" testListId="8c84fa94-04c1-424b-9868-57a2d4851a1d" relativeResultsDirectory="58e7dda4-6a41-4d22-8d33-b80f365558a3">
      <Output>
        <StdOut>0:
MQRO_DEAD_LETTER_Q
0:
Default, MQRO_COPY_MSG_ID_TO_CORREL_ID, MQRO_NEW_MSG_ID, MQRO_NONE, MQRO_PAN, MQRO_COD_WITH_DATA
0:
Default, MQRO_COPY_MSG_ID_TO_CORREL_ID, MQRO_NEW_MSG_ID, MQRO_NONE, MQRO_PAN, MQRO_NAN, MQRO_EXCEPTION_WITH_FULL_DATA
&lt;null&gt;
1:
MQRO_DEAD_LETTER_Q
1:
Default, MQRO_COPY_MSG_ID_TO_CORREL_ID, MQRO_NEW_MSG_ID, MQRO_NONE, MQRO_EXPIRATION
1:
Default, MQRO_COPY_MSG_ID_TO_CORREL_ID, MQRO_NEW_MSG_ID, MQRO_NONE, MQRO_PAN, MQRO_NAN, MQRO_COD_WITH_DATA, MQRO_EXPIRATION_WITH_DATA
&lt;null&gt;
2:
Default, MQRO_COPY_MSG_ID_TO_CORREL_ID, MQRO_NEW_MSG_ID, MQRO_NONE, MQRO_NAN, MQRO_PASS_CORREL_ID, MQRO_COD_WITH_FULL_DATA, MQRO_DISCARD_MSG
&lt;null&gt;
3:
Default, MQRO_COPY_MSG_ID_TO_CORREL_ID, MQRO_NEW_MSG_ID, MQRO_NONE, MQRO_PASS_CORREL_ID
3:
MQRO_DEAD_LETTER_Q
3:
Default, MQRO_COPY_MSG_ID_TO_CORREL_ID, MQRO_NEW_MSG_ID, MQRO_NONE, MQRO_PAN, MQRO_COD_WITH_DATA, MQRO_EXPIRATION_WITH_FULL_DATA, MQRO_EXCEPTION_WITH_DATA
3:
Default, MQRO_COPY_MSG_ID_TO_CORREL_ID, MQRO_NEW_MSG_ID, MQRO_NONE, MQRO_PASS_MSG_ID, MQRO_COA_WITH_DATA, MQRO_COD_WITH_DATA, MQRO_EXPIRATION_WITH_FULL_DATA
3:
Default, MQRO_COPY_MSG_ID_TO_CORREL_ID, MQRO_NEW_MSG_ID, MQRO_NONE, MQRO_PAN, MQRO_NAN, MQRO_COD_WITH_DATA, MQRO_EXPIRATION_WITH_FULL_DATA
&lt;null&gt;
4:
Default, MQRO_COPY_MSG_ID_TO_CORREL_ID, MQRO_NEW_MSG_ID, MQRO_NONE, MQRO_PASS_CORREL_ID
4:
MQRO_DEAD_LETTER_Q
4:
Default, MQRO_COPY_MSG_ID_TO_CORREL_ID, MQRO_NEW_MSG_ID, MQRO_NONE, MQRO_NAN, MQRO_PASS_CORREL_ID, MQRO_COA, MQRO_COD_WITH_FULL_DATA, MQRO_EXPIRATION_WITH_FULL_DATA, MQRO_EXCEPTION, MQRO_DISCARD_MSG
&lt;null&gt;
5:
Default, MQRO_COPY_MSG_ID_TO_CORREL_ID, MQRO_NEW_MSG_ID, MQRO_NONE, MQRO_PASS_CORREL_ID, MQRO_PASS_MSG_ID, MQRO_COA_WITH_DATA, MQRO_EXPIRATION_WITH_FULL_DATA, MQRO_EXCEPTION_WITH_DATA
5:
MQRO_DEAD_LETTER_Q
5:
Default, MQRO_COPY_MSG_ID_TO_CORREL_ID, MQRO_NEW_MSG_ID, MQRO_NONE, MQRO_NAN, MQRO_COA_WITH_FULL_DATA, MQRO_COD_WITH_FULL_DATA, MQRO_DISCARD_MSG
&lt;null&gt;
6:
Default, MQRO_COPY_MSG_ID_TO_CORREL_ID, MQRO_NEW_MSG_ID, MQRO_NONE, MQRO_PASS_MSG_ID, MQRO_COA_WITH_FULL_DATA, MQRO_COD_WITH_FULL_DATA, MQRO_EXPIRATION_WITH_DATA, MQRO_EXCEPTION, MQRO_DISCARD_MSG
6:
Default, MQRO_COPY_MSG_ID_TO_CORREL_ID, MQRO_NEW_MSG_ID, MQRO_NONE, MQRO_EXCEPTION
6:
MQRO_DEAD_LETTER_Q
6:
MQRO_DEAD_LETTER_Q
6:
Default, MQRO_COPY_MSG_ID_TO_CORREL_ID, MQRO_NEW_MSG_ID, MQRO_NONE, MQRO_PASS_MSG_ID, MQRO_COA, MQRO_COD_WITH_DATA, MQRO_EXCEPTION_WITH_FULL_DATA
6:
Default, MQRO_COPY_MSG_ID_TO_CORREL_ID, MQRO_NEW_MSG_ID, MQRO_NONE, MQRO_PASS_CORREL_ID, MQRO_COA_WITH_FULL_DATA, MQRO_EXPIRATION_WITH_FULL_DATA
6:
Default, MQRO_COPY_MSG_ID_TO_CORREL_ID, MQRO_NEW_MSG_ID, MQRO_NONE, MQRO_COA, MQRO_EXPIRATION_WITH_FULL_DATA, MQRO_EXCEPTION_WITH_DATA
6:
Default, MQRO_COPY_MSG_ID_TO_CORREL_ID, MQRO_NEW_MSG_ID, MQRO_NONE, MQRO_PASS_CORREL_ID, MQRO_COA, MQRO_COD_WITH_DATA, MQRO_EXPIRATION_WITH_DATA, MQRO_EXCEPTION_WITH_FULL_DATA, MQRO_DISCARD_MSG
6:
Default, MQRO_COPY_MSG_ID_TO_CORREL_ID, MQRO_NEW_MSG_ID, MQRO_NONE, MQRO_COA_WITH_DATA, MQRO_COD_WITH_DATA, MQRO_EXPIRATION_WITH_FULL_DATA, MQRO_EXCEPTION_WITH_FULL_DATA, MQRO_DISCARD_MSG
6:
Default, MQRO_COPY_MSG_ID_TO_CORREL_ID, MQRO_NEW_MSG_ID, MQRO_NONE, MQRO_EXPIRATION_WITH_DATA, MQRO_EXCEPTION_WITH_DATA
6:
Default, MQRO_COPY_MSG_ID_TO_CORREL_ID, MQRO_NEW_MSG_ID, MQRO_NONE, MQRO_PASS_MSG_ID, MQRO_COA_WITH_DATA, MQRO_COD_WITH_FULL_DATA, MQRO_EXCEPTION_WITH_FULL_DATA, MQRO_DISCARD_MSG
6:
Default, MQRO_COPY_MSG_ID_TO_CORREL_ID, MQRO_NEW_MSG_ID, MQRO_NONE, MQRO_COA_WITH_DATA, MQRO_COD_WITH_FULL_DATA, MQRO_EXPIRATION_WITH_FULL_DATA
6:
Default, MQRO_COPY_MSG_ID_TO_CORREL_ID, MQRO_NEW_MSG_ID, MQRO_NONE, MQRO_PASS_CORREL_ID, MQRO_EXCEPTION_WITH_FULL_DATA
6:
MQRO_DEAD_LETTER_Q
6:
Default, MQRO_COPY_MSG_ID_TO_CORREL_ID, MQRO_NEW_MSG_ID, MQRO_NONE, MQRO_PAN, MQRO_NAN, MQRO_PASS_MSG_ID, MQRO_COA_WITH_FULL_DATA, MQRO_COD_WITH_DATA, MQRO_EXPIRATION_WITH_DATA, MQRO_EXCEPTION_WITH_DATA
&lt;null&gt;
7:
Default, MQRO_COPY_MSG_ID_TO_CORREL_ID, MQRO_NEW_MSG_ID, MQRO_NONE, MQRO_EXCEPTION
7:
Default, MQRO_COPY_MSG_ID_TO_CORREL_ID, MQRO_NEW_MSG_ID, MQRO_NONE, MQRO_PAN, MQRO_PASS_MSG_ID, MQRO_COA_WITH_FULL_DATA, MQRO_COD_WITH_FULL_DATA, MQRO_EXPIRATION_WITH_DATA, MQRO_EXCEPTION_WITH_FULL_DATA
7:
Default, MQRO_COPY_MSG_ID_TO_CORREL_ID, MQRO_NEW_MSG_ID, MQRO_NONE, MQRO_COA_WITH_FULL_DATA, MQRO_COD_WITH_DATA, MQRO_EXCEPTION_WITH_FULL_DATA, MQRO_DISCARD_MSG
7:
Default, MQRO_COPY_MSG_ID_TO_CORREL_ID, MQRO_NEW_MSG_ID, MQRO_NONE, MQRO_NAN, MQRO_PASS_CORREL_ID, MQRO_COA_WITH_FULL_DATA, MQRO_COD_WITH_FULL_DATA, MQRO_EXPIRATION_WITH_FULL_DATA, MQRO_EXCEPTION_WITH_FULL_DATA
&lt;null&gt;
8:
Default, MQRO_COPY_MSG_ID_TO_CORREL_ID, MQRO_NEW_MSG_ID, MQRO_NONE, MQRO_PAN, MQRO_NAN, MQRO_PASS_CORREL_ID, MQRO_PASS_MSG_ID, MQRO_COA_WITH_FULL_DATA, MQRO_COD_WITH_FULL_DATA, MQRO_EXPIRATION_WITH_FULL_DATA, MQRO_EXCEPTION_WITH_FULL_DATA, MQRO_DISCARD_MSG
&lt;null&gt;
9:
Default, MQRO_COPY_MSG_ID_TO_CORREL_ID, MQRO_NEW_MSG_ID, MQRO_NONE, MQRO_PAN
9:
Default, MQRO_COPY_MSG_ID_TO_CORREL_ID, MQRO_NEW_MSG_ID, MQRO_NONE, MQRO_PASS_CORREL_ID, MQRO_COD_WITH_FULL_DATA, MQRO_EXCEPTION
9:
Default, MQRO_COPY_MSG_ID_TO_CORREL_ID, MQRO_NEW_MSG_ID, MQRO_NONE, MQRO_PAN, MQRO_NAN, MQRO_PASS_CORREL_ID, MQRO_PASS_MSG_ID, MQRO_COA_WITH_FULL_DATA, MQRO_COD_WITH_FULL_DATA, MQRO_EXPIRATION_WITH_FULL_DATA, MQRO_EXCEPTION_WITH_FULL_DATA
&lt;null&gt;
10:
Default, MQRO_COPY_MSG_ID_TO_CORREL_ID, MQRO_NEW_MSG_ID, MQRO_NONE, MQRO_PAN, MQRO_PASS_CORREL_ID, MQRO_PASS_MSG_ID, MQRO_COA_WITH_FULL_DATA, MQRO_COD_WITH_FULL_DATA, MQRO_EXPIRATION_WITH_FULL_DATA, MQRO_EXCEPTION_WITH_FULL_DATA, MQRO_DISCARD_MSG
10:
Default, MQRO_COPY_MSG_ID_TO_CORREL_ID, MQRO_NEW_MSG_ID, MQRO_NONE, MQRO_EXPIRATION_WITH_DATA
10:
Default, MQRO_COPY_MSG_ID_TO_CORREL_ID, MQRO_NEW_MSG_ID, MQRO_NONE, MQRO_COA_WITH_FULL_DATA
10:
Default, MQRO_COPY_MSG_ID_TO_CORREL_ID, MQRO_NEW_MSG_ID, MQRO_NONE, MQRO_PAN, MQRO_PASS_MSG_ID, MQRO_EXPIRATION_WITH_DATA, MQRO_EXCEPTION_WITH_FULL_DATA
10:
Default, MQRO_COPY_MSG_ID_TO_CORREL_ID, MQRO_NEW_MSG_ID, MQRO_NONE, MQRO_EXPIRATION
10:
Default, MQRO_COPY_MSG_ID_TO_CORREL_ID, MQRO_NEW_MSG_ID, MQRO_NONE, MQRO_EXPIRATION
10:
Default, MQRO_COPY_MSG_ID_TO_CORREL_ID, MQRO_NEW_MSG_ID, MQRO_NONE, MQRO_COA_WITH_DATA
10:
Default, MQRO_COPY_MSG_ID_TO_CORREL_ID, MQRO_NEW_MSG_ID, MQRO_NONE, MQRO_EXPIRATION
10:
Default, MQRO_COPY_MSG_ID_TO_CORREL_ID, MQRO_NEW_MSG_ID, MQRO_NONE, MQRO_PASS_MSG_ID, MQRO_COA, MQRO_EXPIRATION_WITH_DATA
10:
Default, MQRO_COPY_MSG_ID_TO_CORREL_ID, MQRO_NEW_MSG_ID, MQRO_NONE, MQRO_PAN, MQRO_COA_WITH_FULL_DATA, MQRO_COD, MQRO_EXPIRATION_WITH_DATA, MQRO_EXCEPTION_WITH_FULL_DATA, MQRO_DISCARD_MSG
10:
Default, MQRO_COPY_MSG_ID_TO_CORREL_ID, MQRO_NEW_MSG_ID, MQRO_NONE, MQRO_NAN
&lt;null&gt;
11:
Default, MQRO_COPY_MSG_ID_TO_CORREL_ID, MQRO_NEW_MSG_ID, MQRO_NONE, MQRO_PASS_MSG_ID, MQRO_COA_WITH_FULL_DATA, MQRO_COD, MQRO_EXCEPTION_WITH_FULL_DATA, MQRO_DISCARD_MSG
11:
Default, MQRO_COPY_MSG_ID_TO_CORREL_ID, MQRO_NEW_MSG_ID, MQRO_NONE, MQRO_PASS_CORREL_ID, MQRO_EXCEPTION_WITH_DATA
11:
Default, MQRO_COPY_MSG_ID_TO_CORREL_ID, MQRO_NEW_MSG_ID, MQRO_NONE, MQRO_PAN, MQRO_NAN, MQRO_PASS_CORREL_ID, MQRO_PASS_MSG_ID, MQRO_COA_WITH_FULL_DATA, MQRO_COD_WITH_FULL_DATA, MQRO_EXPIRATION_WITH_FULL_DATA, MQRO_EXCEPTION_WITH_DATA, MQRO_DISCARD_MSG
&lt;null&gt;
12:
Default, MQRO_COPY_MSG_ID_TO_CORREL_ID, MQRO_NEW_MSG_ID, MQRO_NONE, MQRO_COD
12:
Default, MQRO_COPY_MSG_ID_TO_CORREL_ID, MQRO_NEW_MSG_ID, MQRO_NONE, MQRO_PASS_CORREL_ID, MQRO_COA_WITH_DATA, MQRO_EXCEPTION_WITH_FULL_DATA
12:
Default, MQRO_COPY_MSG_ID_TO_CORREL_ID, MQRO_NEW_MSG_ID, MQRO_NONE, MQRO_PAN, MQRO_NAN, MQRO_PASS_CORREL_ID, MQRO_PASS_MSG_ID, MQRO_COA_WITH_DATA, MQRO_COD_WITH_DATA, MQRO_EXPIRATION_WITH_DATA, MQRO_EXCEPTION_WITH_DATA, MQRO_DISCARD_MSG
&lt;null&gt;
13:
Default, MQRO_COPY_MSG_ID_TO_CORREL_ID, MQRO_NEW_MSG_ID, MQRO_NONE, MQRO_COA_WITH_FULL_DATA, MQRO_COD_WITH_DATA, MQRO_EXPIRATION_WITH_FULL_DATA, MQRO_EXCEPTION_WITH_FULL_DATA, MQRO_DISCARD_MSG
13:
Default, MQRO_COPY_MSG_ID_TO_CORREL_ID, MQRO_NEW_MSG_ID, MQRO_NONE, MQRO_COA_WITH_DATA, MQRO_EXPIRATION
13:
Default, MQRO_COPY_MSG_ID_TO_CORREL_ID, MQRO_NEW_MSG_ID, MQRO_NONE, MQRO_PAN, MQRO_NAN, MQRO_PASS_CORREL_ID, MQRO_COA_WITH_FULL_DATA, MQRO_COD, MQRO_EXPIRATION_WITH_FULL_DATA, MQRO_EXCEPTION_WITH_FULL_DATA, MQRO_DISCARD_MSG
&lt;null&gt;
14:
Default, MQRO_COPY_MSG_ID_TO_CORREL_ID, MQRO_NEW_MSG_ID, MQRO_NONE, MQRO_NAN, MQRO_EXCEPTION_WITH_DATA, MQRO_DISCARD_MSG
&lt;null&gt;
15:
Default, MQRO_COPY_MSG_ID_TO_CORREL_ID, MQRO_NEW_MSG_ID, MQRO_NONE, MQRO_COA_WITH_DATA, MQRO_COD_WITH_DATA, MQRO_EXCEPTION, MQRO_DISCARD_MSG
15:
Default, MQRO_COPY_MSG_ID_TO_CORREL_ID, MQRO_NEW_MSG_ID, MQRO_NONE, MQRO_PASS_CORREL_ID, MQRO_PASS_MSG_ID, MQRO_COA_WITH_DATA, MQRO_EXCEPTION
15:
Default, MQRO_COPY_MSG_ID_TO_CORREL_ID, MQRO_NEW_MSG_ID, MQRO_NONE, MQRO_PAN, MQRO_PASS_CORREL_ID, MQRO_PASS_MSG_ID, MQRO_COA_WITH_FULL_DATA, MQRO_COD_WITH_FULL_DATA, MQRO_EXPIRATION_WITH_FULL_DATA, MQRO_EXCEPTION_WITH_FULL_DATA, MQRO_DISCARD_MSG
15:
Default, MQRO_COPY_MSG_ID_TO_CORREL_ID, MQRO_NEW_MSG_ID, MQRO_NONE, MQRO_PAN, MQRO_PASS_CORREL_ID, MQRO_COD, MQRO_EXPIRATION, MQRO_EXCEPTION_WITH_DATA, MQRO_DISCARD_MSG
15:
Default, MQRO_COPY_MSG_ID_TO_CORREL_ID, MQRO_NEW_MSG_ID, MQRO_NONE, MQRO_COA_WITH_FULL_DATA, MQRO_EXPIRATION
15:
Default, MQRO_COPY_MSG_ID_TO_CORREL_ID, MQRO_NEW_MSG_ID, MQRO_NONE, MQRO_PAN, MQRO_NAN, MQRO_PASS_CORREL_ID, MQRO_PASS_MSG_ID, MQRO_COA_WITH_FULL_DATA, MQRO_COD_WITH_FULL_DATA, MQRO_EXPIRATION_WITH_FULL_DATA, MQRO_EXCEPTION_WITH_FULL_DATA, MQRO_DISCARD_MSG
&lt;null&gt;
16:
Default, MQRO_COPY_MSG_ID_TO_CORREL_ID, MQRO_NEW_MSG_ID, MQRO_NONE, MQRO_NAN, MQRO_PASS_CORREL_ID, MQRO_COA_WITH_DATA, MQRO_COD_WITH_DATA, MQRO_EXPIRATION_WITH_FULL_DATA, MQRO_EXCEPTION_WITH_FULL_DATA, MQRO_DISCARD_MSG
&lt;null&gt;
17:
Default, MQRO_COPY_MSG_ID_TO_CORREL_ID, MQRO_NEW_MSG_ID, MQRO_NONE, MQRO_PASS_MSG_ID
17:
Default, MQRO_COPY_MSG_ID_TO_CORREL_ID, MQRO_NEW_MSG_ID, MQRO_NONE, MQRO_PAN, MQRO_PASS_CORREL_ID, MQRO_PASS_MSG_ID, MQRO_COA_WITH_FULL_DATA, MQRO_COD_WITH_FULL_DATA, MQRO_EXPIRATION_WITH_FULL_DATA, MQRO_EXCEPTION_WITH_FULL_DATA, MQRO_DISCARD_MSG
17:
Default, MQRO_COPY_MSG_ID_TO_CORREL_ID, MQRO_NEW_MSG_ID, MQRO_NONE, MQRO_PAN, MQRO_NAN, MQRO_PASS_MSG_ID, MQRO_COA_WITH_FULL_DATA, MQRO_COD_WITH_FULL_DATA, MQRO_EXPIRATION_WITH_FULL_DATA, MQRO_EXCEPTION_WITH_FULL_DATA, MQRO_DISCARD_MSG
&lt;null&gt;
18:
Default, MQRO_COPY_MSG_ID_TO_CORREL_ID, MQRO_NEW_MSG_ID, MQRO_NONE, MQRO_PASS_MSG_ID, MQRO_COA_WITH_FULL_DATA, MQRO_COD, MQRO_EXPIRATION_WITH_DATA, MQRO_EXCEPTION_WITH_FULL_DATA
18:
Default, MQRO_COPY_MSG_ID_TO_CORREL_ID, MQRO_NEW_MSG_ID, MQRO_NONE, MQRO_PAN, MQRO_PASS_CORREL_ID, MQRO_PASS_MSG_ID, MQRO_COA_WITH_FULL_DATA, MQRO_COD_WITH_FULL_DATA, MQRO_EXPIRATION_WITH_FULL_DATA, MQRO_EXCEPTION_WITH_DATA, MQRO_DISCARD_MSG
18:
MQRO_DEAD_LETTER_Q
18:
Default, MQRO_COPY_MSG_ID_TO_CORREL_ID, MQRO_NEW_MSG_ID, MQRO_NONE, MQRO_PASS_MSG_ID, MQRO_EXPIRATION_WITH_DATA, MQRO_EXCEPTION_WITH_DATA
18:
Default, MQRO_COPY_MSG_ID_TO_CORREL_ID, MQRO_NEW_MSG_ID, MQRO_NONE, MQRO_PAN
18:
Default, MQRO_COPY_MSG_ID_TO_CORREL_ID, MQRO_NEW_MSG_ID, MQRO_NONE, MQRO_PAN, MQRO_COA_WITH_DATA, MQRO_COD_WITH_FULL_DATA, MQRO_EXPIRATION_WITH_DATA, MQRO_EXCEPTION_WITH_DATA
18:
Default, MQRO_COPY_MSG_ID_TO_CORREL_ID, MQRO_NEW_MSG_ID, MQRO_NONE, MQRO_PAN, MQRO_NAN, MQRO_COA_WITH_DATA, MQRO_COD_WITH_DATA, MQRO_DISCARD_MSG
&lt;null&gt;
19:
Default, MQRO_COPY_MSG_ID_TO_CORREL_ID, MQRO_NEW_MSG_ID, MQRO_NONE, MQRO_NAN, MQRO_COD, MQRO_EXCEPTION_WITH_FULL_DATA
&lt;null&gt;
20:
Default, MQRO_COPY_MSG_ID_TO_CORREL_ID, MQRO_NEW_MSG_ID, MQRO_NONE, MQRO_PAN, MQRO_NAN, MQRO_PASS_MSG_ID, MQRO_COA_WITH_FULL_DATA, MQRO_COD_WITH_FULL_DATA, MQRO_EXPIRATION_WITH_FULL_DATA, MQRO_EXCEPTION_WITH_FULL_DATA, MQRO_DISCARD_MSG
&lt;null&gt;
21:
Default, MQRO_COPY_MSG_ID_TO_CORREL_ID, MQRO_NEW_MSG_ID, MQRO_NONE, MQRO_PAN, MQRO_NAN, MQRO_PASS_MSG_ID, MQRO_COD_WITH_FULL_DATA, MQRO_EXCEPTION_WITH_FULL_DATA, MQRO_DISCARD_MSG
&lt;null&gt;
22:
Default, MQRO_COPY_MSG_ID_TO_CORREL_ID, MQRO_NEW_MSG_ID, MQRO_NONE, MQRO_PAN, MQRO_NAN, MQRO_PASS_MSG_ID, MQRO_COA_WITH_FULL_DATA, MQRO_COD_WITH_FULL_DATA, MQRO_EXPIRATION_WITH_FULL_DATA, MQRO_EXCEPTION_WITH_FULL_DATA, MQRO_DISCARD_MSG
&lt;null&gt;
23:
MQRO_DEAD_LETTER_Q
23:
Default, MQRO_COPY_MSG_ID_TO_CORREL_ID, MQRO_NEW_MSG_ID, MQRO_NONE, MQRO_PAN, MQRO_COD_WITH_DATA, MQRO_DISCARD_MSG
23:
Default, MQRO_COPY_MSG_ID_TO_CORREL_ID, MQRO_NEW_MSG_ID, MQRO_NONE, MQRO_PASS_MSG_ID, MQRO_COA_WITH_FULL_DATA, MQRO_COD_WITH_DATA, MQRO_EXPIRATION_WITH_FULL_DATA, MQRO_EXCEPTION_WITH_FULL_DATA
23:
MQRO_DEAD_LETTER_Q
23:
Default, MQRO_COPY_MSG_ID_TO_CORREL_ID, MQRO_NEW_MSG_ID, MQRO_NONE, MQRO_NAN, MQRO_PASS_CORREL_ID, MQRO_COA_WITH_FULL_DATA, MQRO_COD_WITH_FULL_DATA, MQRO_EXPIRATION_WITH_FULL_DATA, MQRO_EXCEPTION_WITH_FULL_DATA, MQRO_DISCARD_MSG
&lt;null&gt;
24:
Default, MQRO_COPY_MSG_ID_TO_CORREL_ID, MQRO_NEW_MSG_ID, MQRO_NONE, MQRO_PAN, MQRO_PASS_CORREL_ID, MQRO_PASS_MSG_ID, MQRO_COA_WITH_FULL_DATA, MQRO_COD_WITH_DATA, MQRO_EXPIRATION_WITH_DATA, MQRO_EXCEPTION, MQRO_DISCARD_MSG
24:
Default, MQRO_COPY_MSG_ID_TO_CORREL_ID, MQRO_NEW_MSG_ID, MQRO_NONE, MQRO_PAN, MQRO_PASS_CORREL_ID, MQRO_PASS_MSG_ID, MQRO_COA_WITH_FULL_DATA, MQRO_COD_WITH_FULL_DATA, MQRO_EXPIRATION_WITH_FULL_DATA, MQRO_EXCEPTION_WITH_FULL_DATA
24:
Default, MQRO_COPY_MSG_ID_TO_CORREL_ID, MQRO_NEW_MSG_ID, MQRO_NONE, MQRO_PAN, MQRO_NAN, MQRO_COA_WITH_DATA, MQRO_COD_WITH_FULL_DATA, MQRO_EXPIRATION_WITH_FULL_DATA, MQRO_EXCEPTION_WITH_FULL_DATA
&lt;null&gt;
25:
Default, MQRO_COPY_MSG_ID_TO_CORREL_ID, MQRO_NEW_MSG_ID, MQRO_NONE, MQRO_COA_WITH_DATA, MQRO_EXCEPTION_WITH_DATA
25:
Default, MQRO_COPY_MSG_ID_TO_CORREL_ID, MQRO_NEW_MSG_ID, MQRO_NONE, MQRO_PAN, MQRO_PASS_CORREL_ID, MQRO_PASS_MSG_ID, MQRO_COA_WITH_DATA, MQRO_COD_WITH_FULL_DATA, MQRO_EXPIRATION, MQRO_EXCEPTION_WITH_FULL_DATA
25:
Default, MQRO_COPY_MSG_ID_TO_CORREL_ID, MQRO_NEW_MSG_ID, MQRO_NONE, MQRO_NAN, MQRO_PASS_MSG_ID, MQRO_COA_WITH_FULL_DATA, MQRO_COD_WITH_FULL_DATA, MQRO_EXPIRATION_WITH_FULL_DATA, MQRO_EXCEPTION
&lt;null&gt;
26:
Default, MQRO_COPY_MSG_ID_TO_CORREL_ID, MQRO_NEW_MSG_ID, MQRO_NONE, MQRO_PAN, MQRO_COA_WITH_FULL_DATA, MQRO_COD_WITH_FULL_DATA, MQRO_EXPIRATION_WITH_DATA, MQRO_EXCEPTION_WITH_FULL_DATA, MQRO_DISCARD_MSG
26:
Default, MQRO_COPY_MSG_ID_TO_CORREL_ID, MQRO_NEW_MSG_ID, MQRO_NONE, MQRO_PAN, MQRO_NAN, MQRO_PASS_CORREL_ID, MQRO_PASS_MSG_ID, MQRO_COA_WITH_FULL_DATA, MQRO_COD_WITH_FULL_DATA, MQRO_EXPIRATION_WITH_FULL_DATA, MQRO_EXCEPTION_WITH_FULL_DATA, MQRO_DISCARD_MSG
&lt;null&gt;
27:
Default, MQRO_COPY_MSG_ID_TO_CORREL_ID, MQRO_NEW_MSG_ID, MQRO_NONE, MQRO_NAN, MQRO_EXPIRATION, MQRO_EXCEPTION_WITH_FULL_DATA
&lt;null&gt;
28:
Default, MQRO_COPY_MSG_ID_TO_CORREL_ID, MQRO_NEW_MSG_ID, MQRO_NONE, MQRO_PASS_CORREL_ID, MQRO_PASS_MSG_ID, MQRO_COA_WITH_FULL_DATA, MQRO_EXCEPTION_WITH_DATA
28:
Default, MQRO_COPY_MSG_ID_TO_CORREL_ID, MQRO_NEW_MSG_ID, MQRO_NONE, MQRO_PAN, MQRO_NAN, MQRO_PASS_CORREL_ID, MQRO_PASS_MSG_ID, MQRO_COA_WITH_FULL_DATA, MQRO_COD_WITH_FULL_DATA, MQRO_EXPIRATION_WITH_FULL_DATA, MQRO_EXCEPTION_WITH_FULL_DATA, MQRO_DISCARD_MSG
&lt;null&gt;
29:
Default, MQRO_COPY_MSG_ID_TO_CORREL_ID, MQRO_NEW_MSG_ID, MQRO_NONE, MQRO_PASS_CORREL_ID, MQRO_COA_WITH_DATA, MQRO_COD_WITH_DATA, MQRO_EXPIRATION_WITH_FULL_DATA
29:
Default, MQRO_COPY_MSG_ID_TO_CORREL_ID, MQRO_NEW_MSG_ID, MQRO_NONE, MQRO_PAN, MQRO_NAN, MQRO_PASS_CORREL_ID, MQRO_PASS_MSG_ID, MQRO_COA_WITH_FULL_DATA, MQRO_COD_WITH_FULL_DATA, MQRO_EXPIRATION_WITH_FULL_DATA, MQRO_EXCEPTION_WITH_FULL_DATA, MQRO_DISCARD_MSG
&lt;null&gt;
30:
Default, MQRO_COPY_MSG_ID_TO_CORREL_ID, MQRO_NEW_MSG_ID, MQRO_NONE, MQRO_PAN, MQRO_NAN, MQRO_PASS_MSG_ID, MQRO_COA_WITH_FULL_DATA, MQRO_COD_WITH_FULL_DATA, MQRO_EXPIRATION_WITH_FULL_DATA, MQRO_EXCEPTION_WITH_DATA, MQRO_DISCARD_MSG
&lt;null&gt;
31:
Default, MQRO_COPY_MSG_ID_TO_CORREL_ID, MQRO_NEW_MSG_ID, MQRO_NONE, MQRO_PASS_MSG_ID, MQRO_EXCEPTION_WITH_DATA
31:
Default, MQRO_COPY_MSG_ID_TO_CORREL_ID, MQRO_NEW_MSG_ID, MQRO_NONE, MQRO_PASS_CORREL_ID, MQRO_COA_WITH_FULL_DATA, MQRO_COD_WITH_DATA, MQRO_EXPIRATION_WITH_FULL_DATA, MQRO_EXCEPTION_WITH_FULL_DATA
31:
Default, MQRO_COPY_MSG_ID_TO_CORREL_ID, MQRO_NEW_MSG_ID, MQRO_NONE, MQRO_PAN, MQRO_COD, MQRO_EXPIRATION_WITH_FULL_DATA, MQRO_EXCEPTION_WITH_FULL_DATA
31:
Default, MQRO_COPY_MSG_ID_TO_CORREL_ID, MQRO_NEW_MSG_ID, MQRO_NONE, MQRO_PAN, MQRO_NAN, MQRO_PASS_CORREL_ID, MQRO_PASS_MSG_ID, MQRO_COA_WITH_FULL_DATA, MQRO_COD_WITH_FULL_DATA, MQRO_EXPIRATION_WITH_FULL_DATA, MQRO_EXCEPTION_WITH_FULL_DATA, MQRO_DISCARD_MSG
&lt;null&gt;
32:
Default, MQRO_COPY_MSG_ID_TO_CORREL_ID, MQRO_NEW_MSG_ID, MQRO_NONE, MQRO_NAN, MQRO_PASS_CORREL_ID, MQRO_PASS_MSG_ID, MQRO_COA_WITH_FULL_DATA, MQRO_EXPIRATION_WITH_FULL_DATA, MQRO_EXCEPTION
&lt;null&gt;
33:
Default, MQRO_COPY_MSG_ID_TO_CORREL_ID, MQRO_NEW_MSG_ID, MQRO_NONE, MQRO_PAN, MQRO_NAN, MQRO_PASS_CORREL_ID, MQRO_PASS_MSG_ID, MQRO_COA_WITH_FULL_DATA, MQRO_COD_WITH_FULL_DATA, MQRO_EXPIRATION_WITH_FULL_DATA, MQRO_EXCEPTION_WITH_FULL_DATA
&lt;null&gt;
34:
Default, MQRO_COPY_MSG_ID_TO_CORREL_ID, MQRO_NEW_MSG_ID, MQRO_NONE, MQRO_PAN, MQRO_NAN, MQRO_PASS_CORREL_ID, MQRO_PASS_MSG_ID, MQRO_COA_WITH_FULL_DATA, MQRO_COD_WITH_FULL_DATA, MQRO_EXPIRATION_WITH_FULL_DATA, MQRO_EXCEPTION_WITH_FULL_DATA, MQRO_DISCARD_MSG
&lt;null&gt;
35:
Default, MQRO_COPY_MSG_ID_TO_CORREL_ID, MQRO_NEW_MSG_ID, MQRO_NONE, MQRO_PAN, MQRO_PASS_CORREL_ID, MQRO_PASS_MSG_ID, MQRO_COA_WITH_FULL_DATA, MQRO_COD_WITH_FULL_DATA, MQRO_EXPIRATION_WITH_FULL_DATA, MQRO_EXCEPTION_WITH_FULL_DATA, MQRO_DISCARD_MSG
35:
Default, MQRO_COPY_MSG_ID_TO_CORREL_ID, MQRO_NEW_MSG_ID, MQRO_NONE, MQRO_PASS_CORREL_ID, MQRO_COA_WITH_DATA, MQRO_EXCEPTION_WITH_FULL_DATA, MQRO_DISCARD_MSG
35:
Default, MQRO_COPY_MSG_ID_TO_CORREL_ID, MQRO_NEW_MSG_ID, MQRO_NONE, MQRO_PAN, MQRO_NAN, MQRO_PASS_MSG_ID, MQRO_COA_WITH_FULL_DATA, MQRO_COD_WITH_FULL_DATA, MQRO_EXPIRATION_WITH_FULL_DATA, MQRO_EXCEPTION_WITH_FULL_DATA, MQRO_DISCARD_MSG
&lt;null&gt;
36:
Default, MQRO_COPY_MSG_ID_TO_CORREL_ID, MQRO_NEW_MSG_ID, MQRO_NONE, MQRO_PAN, MQRO_PASS_CORREL_ID, MQRO_PASS_MSG_ID, MQRO_COA_WITH_FULL_DATA, MQRO_COD_WITH_FULL_DATA, MQRO_EXPIRATION_WITH_FULL_DATA, MQRO_EXCEPTION_WITH_FULL_DATA, MQRO_DISCARD_MSG
36:
Default, MQRO_COPY_MSG_ID_TO_CORREL_ID, MQRO_NEW_MSG_ID, MQRO_NONE, MQRO_PAN, MQRO_NAN, MQRO_PASS_CORREL_ID, MQRO_PASS_MSG_ID, MQRO_COA_WITH_FULL_DATA, MQRO_COD_WITH_FULL_DATA, MQRO_EXPIRATION_WITH_FULL_DATA, MQRO_EXCEPTION_WITH_FULL_DATA
&lt;null&gt;
37:
Default, MQRO_COPY_MSG_ID_TO_CORREL_ID, MQRO_NEW_MSG_ID, MQRO_NONE, MQRO_PAN, MQRO_PASS_CORREL_ID, MQRO_COA_WITH_DATA, MQRO_COD_WITH_DATA, MQRO_EXCEPTION, MQRO_DISCARD_MSG
37:
Default, MQRO_COPY_MSG_ID_TO_CORREL_ID, MQRO_NEW_MSG_ID, MQRO_NONE, MQRO_PAN, MQRO_NAN, MQRO_PASS_CORREL_ID, MQRO_PASS_MSG_ID, MQRO_COA_WITH_FULL_DATA, MQRO_COD_WITH_FULL_DATA, MQRO_EXPIRATION_WITH_FULL_DATA, MQRO_EXCEPTION_WITH_FULL_DATA, MQRO_DISCARD_MSG
&lt;null&gt;
38:
Default, MQRO_COPY_MSG_ID_TO_CORREL_ID, MQRO_NEW_MSG_ID, MQRO_NONE, MQRO_PAN, MQRO_PASS_CORREL_ID, MQRO_PASS_MSG_ID, MQRO_COA_WITH_FULL_DATA, MQRO_COD_WITH_FULL_DATA, MQRO_EXPIRATION_WITH_FULL_DATA, MQRO_EXCEPTION_WITH_FULL_DATA, MQRO_DISCARD_MSG
38:
Default, MQRO_COPY_MSG_ID_TO_CORREL_ID, MQRO_NEW_MSG_ID, MQRO_NONE, MQRO_PAN
38:
Default, MQRO_COPY_MSG_ID_TO_CORREL_ID, MQRO_NEW_MSG_ID, MQRO_NONE, MQRO_PAN, MQRO_NAN, MQRO_PASS_CORREL_ID, MQRO_PASS_MSG_ID, MQRO_COA_WITH_FULL_DATA, MQRO_COD_WITH_FULL_DATA, MQRO_EXPIRATION_WITH_FULL_DATA, MQRO_EXCEPTION_WITH_FULL_DATA, MQRO_DISCARD_MSG
&lt;null&gt;
39:
Default, MQRO_COPY_MSG_ID_TO_CORREL_ID, MQRO_NEW_MSG_ID, MQRO_NONE, MQRO_PAN, MQRO_NAN, MQRO_PASS_CORREL_ID, MQRO_PASS_MSG_ID, MQRO_COA_WITH_FULL_DATA, MQRO_COD_WITH_FULL_DATA, MQRO_EXPIRATION_WITH_FULL_DATA, MQRO_EXCEPTION_WITH_FULL_DATA, MQRO_DISCARD_MSG
&lt;null&gt;
40:
Default, MQRO_COPY_MSG_ID_TO_CORREL_ID, MQRO_NEW_MSG_ID, MQRO_NONE, MQRO_PAN, MQRO_NAN, MQRO_PASS_CORREL_ID, MQRO_PASS_MSG_ID, MQRO_COA_WITH_FULL_DATA, MQRO_COD_WITH_FULL_DATA, MQRO_EXPIRATION_WITH_FULL_DATA, MQRO_EXCEPTION_WITH_FULL_DATA, MQRO_DISCARD_MSG
&lt;null&gt;
41:
Default, MQRO_COPY_MSG_ID_TO_CORREL_ID, MQRO_NEW_MSG_ID, MQRO_NONE, MQRO_PASS_CORREL_ID, MQRO_PASS_MSG_ID, MQRO_COA_WITH_DATA
41:
Default, MQRO_COPY_MSG_ID_TO_CORREL_ID, MQRO_NEW_MSG_ID, MQRO_NONE, MQRO_PAN, MQRO_PASS_CORREL_ID, MQRO_PASS_MSG_ID, MQRO_COA, MQRO_COD, MQRO_EXPIRATION_WITH_DATA, MQRO_EXCEPTION_WITH_FULL_DATA
41:
Default, MQRO_COPY_MSG_ID_TO_CORREL_ID, MQRO_NEW_MSG_ID, MQRO_NONE, MQRO_PAN, MQRO_NAN, MQRO_PASS_CORREL_ID, MQRO_PASS_MSG_ID, MQRO_COA_WITH_FULL_DATA, MQRO_COD_WITH_FULL_DATA, MQRO_EXPIRATION_WITH_DATA, MQRO_EXCEPTION_WITH_DATA, MQRO_DISCARD_MSG
&lt;null&gt;
42:
Default, MQRO_COPY_MSG_ID_TO_CORREL_ID, MQRO_NEW_MSG_ID, MQRO_NONE, MQRO_PAN, MQRO_NAN, MQRO_PASS_CORREL_ID, MQRO_PASS_MSG_ID, MQRO_COA_WITH_FULL_DATA, MQRO_COD_WITH_FULL_DATA, MQRO_EXPIRATION_WITH_FULL_DATA, MQRO_EXCEPTION_WITH_FULL_DATA, MQRO_DISCARD_MSG
&lt;null&gt;
43:
Default, MQRO_COPY_MSG_ID_TO_CORREL_ID, MQRO_NEW_MSG_ID, MQRO_NONE, MQRO_PASS_CORREL_ID, MQRO_COD, MQRO_EXPIRATION_WITH_DATA
43:
Default, MQRO_COPY_MSG_ID_TO_CORREL_ID, MQRO_NEW_MSG_ID, MQRO_NONE, MQRO_PASS_CORREL_ID, MQRO_COD, MQRO_EXPIRATION
43:
Default, MQRO_COPY_MSG_ID_TO_CORREL_ID, MQRO_NEW_MSG_ID, MQRO_NONE, MQRO_COD, MQRO_EXPIRATION_WITH_DATA, MQRO_EXCEPTION_WITH_DATA
43:
Default, MQRO_COPY_MSG_ID_TO_CORREL_ID, MQRO_NEW_MSG_ID, MQRO_NONE, MQRO_PAN, MQRO_NAN, MQRO_COA_WITH_FULL_DATA, MQRO_COD_WITH_DATA, MQRO_EXPIRATION, MQRO_EXCEPTION_WITH_FULL_DATA
&lt;null&gt;
44:
Default, MQRO_COPY_MSG_ID_TO_CORREL_ID, MQRO_NEW_MSG_ID, MQRO_NONE, MQRO_NAN, MQRO_PASS_CORREL_ID, MQRO_PASS_MSG_ID, MQRO_COA_WITH_FULL_DATA, MQRO_COD_WITH_DATA, MQRO_EXPIRATION_WITH_FULL_DATA, MQRO_EXCEPTION_WITH_FULL_DATA, MQRO_DISCARD_MSG
&lt;null&gt;
45:
MQRO_DEAD_LETTER_Q
45:
Default, MQRO_COPY_MSG_ID_TO_CORREL_ID, MQRO_NEW_MSG_ID, MQRO_NONE, MQRO_PAN, MQRO_NAN, MQRO_PASS_CORREL_ID, MQRO_PASS_MSG_ID, MQRO_COA_WITH_FULL_DATA, MQRO_COD_WITH_FULL_DATA, MQRO_EXPIRATION_WITH_FULL_DATA, MQRO_EXCEPTION_WITH_FULL_DATA, MQRO_DISCARD_MSG
&lt;null&gt;
46:
MQRO_DEAD_LETTER_Q
46:
Default, MQRO_COPY_MSG_ID_TO_CORREL_ID, MQRO_NEW_MSG_ID, MQRO_NONE, MQRO_PAN, MQRO_NAN, MQRO_PASS_CORREL_ID, MQRO_PASS_MSG_ID, MQRO_COA_WITH_FULL_DATA, MQRO_COD_WITH_FULL_DATA, MQRO_EXPIRATION_WITH_FULL_DATA, MQRO_EXCEPTION_WITH_FULL_DATA, MQRO_DISCARD_MSG
&lt;null&gt;
47:
Default, MQRO_COPY_MSG_ID_TO_CORREL_ID, MQRO_NEW_MSG_ID, MQRO_NONE, MQRO_PAN, MQRO_PASS_MSG_ID, MQRO_COA_WITH_DATA, MQRO_COD_WITH_FULL_DATA, MQRO_EXPIRATION_WITH_DATA, MQRO_EXCEPTION_WITH_FULL_DATA, MQRO_DISCARD_MSG
47:
Default, MQRO_COPY_MSG_ID_TO_CORREL_ID, MQRO_NEW_MSG_ID, MQRO_NONE, MQRO_PAN, MQRO_NAN, MQRO_PASS_CORREL_ID, MQRO_PASS_MSG_ID, MQRO_COA_WITH_FULL_DATA, MQRO_COD_WITH_FULL_DATA, MQRO_EXPIRATION_WITH_FULL_DATA, MQRO_EXCEPTION_WITH_FULL_DATA, MQRO_DISCARD_MSG
&lt;null&gt;
48:
Default, MQRO_COPY_MSG_ID_TO_CORREL_ID, MQRO_NEW_MSG_ID, MQRO_NONE, MQRO_PAN, MQRO_NAN, MQRO_PASS_CORREL_ID, MQRO_PASS_MSG_ID, MQRO_COA_WITH_FULL_DATA, MQRO_COD_WITH_FULL_DATA, MQRO_EXPIRATION_WITH_FULL_DATA, MQRO_EXCEPTION_WITH_FULL_DATA, MQRO_DISCARD_MSG
&lt;null&gt;
49:
Default, MQRO_COPY_MSG_ID_TO_CORREL_ID, MQRO_NEW_MSG_ID, MQRO_NONE, MQRO_PAN, MQRO_PASS_CORREL_ID, MQRO_PASS_MSG_ID, MQRO_COA_WITH_FULL_DATA, MQRO_COD_WITH_FULL_DATA, MQRO_EXPIRATION_WITH_FULL_DATA, MQRO_EXCEPTION_WITH_DATA, MQRO_DISCARD_MSG
49:
Default, MQRO_COPY_MSG_ID_TO_CORREL_ID, MQRO_NEW_MSG_ID, MQRO_NONE, MQRO_PAN, MQRO_NAN, MQRO_COA, MQRO_COD_WITH_FULL_DATA, MQRO_EXPIRATION_WITH_FULL_DATA, MQRO_EXCEPTION_WITH_DATA
&lt;null&gt;
50:
Default, MQRO_COPY_MSG_ID_TO_CORREL_ID, MQRO_NEW_MSG_ID, MQRO_NONE, MQRO_PAN, MQRO_PASS_CORREL_ID, MQRO_PASS_MSG_ID, MQRO_COA_WITH_DATA, MQRO_COD_WITH_DATA, MQRO_EXPIRATION_WITH_DATA, MQRO_EXCEPTION_WITH_DATA, MQRO_DISCARD_MSG
50:
Default, MQRO_COPY_MSG_ID_TO_CORREL_ID, MQRO_NEW_MSG_ID, MQRO_NONE, MQRO_PASS_MSG_ID, MQRO_COD, MQRO_EXPIRATION_WITH_DATA
50:
Default, MQRO_COPY_MSG_ID_TO_CORREL_ID, MQRO_NEW_MSG_ID, MQRO_NONE, MQRO_PAN, MQRO_NAN, MQRO_PASS_CORREL_ID, MQRO_PASS_MSG_ID, MQRO_COA_WITH_FULL_DATA, MQRO_COD_WITH_FULL_DATA, MQRO_EXPIRATION_WITH_FULL_DATA, MQRO_EXCEPTION_WITH_FULL_DATA, MQRO_DISCARD_MSG
&lt;null&gt;
51:
Default, MQRO_COPY_MSG_ID_TO_CORREL_ID, MQRO_NEW_MSG_ID, MQRO_NONE, MQRO_PAN, MQRO_NAN, MQRO_PASS_CORREL_ID, MQRO_PASS_MSG_ID, MQRO_COA_WITH_FULL_DATA, MQRO_COD_WITH_FULL_DATA, MQRO_EXPIRATION_WITH_FULL_DATA, MQRO_EXCEPTION_WITH_FULL_DATA, MQRO_DISCARD_MSG
&lt;null&gt;
52:
Default, MQRO_COPY_MSG_ID_TO_CORREL_ID, MQRO_NEW_MSG_ID, MQRO_NONE, MQRO_PAN, MQRO_NAN, MQRO_PASS_CORREL_ID, MQRO_PASS_MSG_ID, MQRO_COA_WITH_FULL_DATA, MQRO_COD_WITH_FULL_DATA, MQRO_EXPIRATION_WITH_FULL_DATA, MQRO_EXCEPTION_WITH_FULL_DATA, MQRO_DISCARD_MSG
&lt;null&gt;
53:
Default, MQRO_COPY_MSG_ID_TO_CORREL_ID, MQRO_NEW_MSG_ID, MQRO_NONE, MQRO_NAN, MQRO_PASS_CORREL_ID, MQRO_PASS_MSG_ID, MQRO_COA_WITH_DATA, MQRO_COD_WITH_FULL_DATA, MQRO_EXPIRATION_WITH_DATA, MQRO_EXCEPTION_WITH_DATA
&lt;null&gt;
54:
Default, MQRO_COPY_MSG_ID_TO_CORREL_ID, MQRO_NEW_MSG_ID, MQRO_NONE, MQRO_PAN, MQRO_NAN, MQRO_PASS_CORREL_ID, MQRO_PASS_MSG_ID, MQRO_COA_WITH_FULL_DATA, MQRO_COD_WITH_FULL_DATA, MQRO_EXPIRATION_WITH_FULL_DATA, MQRO_EXCEPTION_WITH_FULL_DATA, MQRO_DISCARD_MSG
&lt;null&gt;
55:
Default, MQRO_COPY_MSG_ID_TO_CORREL_ID, MQRO_NEW_MSG_ID, MQRO_NONE, MQRO_PAN, MQRO_NAN, MQRO_PASS_MSG_ID, MQRO_COA_WITH_FULL_DATA, MQRO_COD_WITH_DATA, MQRO_EXPIRATION_WITH_FULL_DATA, MQRO_EXCEPTION_WITH_FULL_DATA, MQRO_DISCARD_MSG
&lt;null&gt;
56:
Default, MQRO_COPY_MSG_ID_TO_CORREL_ID, MQRO_NEW_MSG_ID, MQRO_NONE, MQRO_PAN, MQRO_NAN, MQRO_PASS_CORREL_ID, MQRO_PASS_MSG_ID, MQRO_COA_WITH_FULL_DATA, MQRO_COD_WITH_FULL_DATA, MQRO_EXPIRATION_WITH_FULL_DATA, MQRO_EXCEPTION_WITH_FULL_DATA, MQRO_DISCARD_MSG
&lt;null&gt;
57:
Default, MQRO_COPY_MSG_ID_TO_CORREL_ID, MQRO_NEW_MSG_ID, MQRO_NONE, MQRO_PAN, MQRO_NAN, MQRO_PASS_CORREL_ID, MQRO_PASS_MSG_ID, MQRO_COA_WITH_FULL_DATA, MQRO_COD_WITH_FULL_DATA, MQRO_EXPIRATION_WITH_FULL_DATA, MQRO_EXCEPTION_WITH_FULL_DATA, MQRO_DISCARD_MSG
&lt;null&gt;
58:
Default, MQRO_COPY_MSG_ID_TO_CORREL_ID, MQRO_NEW_MSG_ID, MQRO_NONE, MQRO_PASS_CORREL_ID, MQRO_COA
58:
Default, MQRO_COPY_MSG_ID_TO_CORREL_ID, MQRO_NEW_MSG_ID, MQRO_NONE, MQRO_PAN, MQRO_NAN, MQRO_PASS_CORREL_ID, MQRO_PASS_MSG_ID, MQRO_COA_WITH_FULL_DATA, MQRO_COD_WITH_FULL_DATA, MQRO_EXPIRATION_WITH_FULL_DATA, MQRO_EXCEPTION_WITH_FULL_DATA, MQRO_DISCARD_MSG
&lt;null&gt;
59:
Default, MQRO_COPY_MSG_ID_TO_CORREL_ID, MQRO_NEW_MSG_ID, MQRO_NONE, MQRO_PAN, MQRO_NAN, MQRO_PASS_CORREL_ID, MQRO_PASS_MSG_ID, MQRO_COA_WITH_DATA, MQRO_COD_WITH_FULL_DATA, MQRO_EXPIRATION_WITH_FULL_DATA, MQRO_EXCEPTION_WITH_FULL_DATA, MQRO_DISCARD_MSG
&lt;null&gt;
60:
Default, MQRO_COPY_MSG_ID_TO_CORREL_ID, MQRO_NEW_MSG_ID, MQRO_NONE, MQRO_PAN, MQRO_NAN, MQRO_PASS_MSG_ID, MQRO_COA_WITH_FULL_DATA, MQRO_COD_WITH_FULL_DATA, MQRO_EXPIRATION_WITH_FULL_DATA, MQRO_EXCEPTION_WITH_FULL_DATA, MQRO_DISCARD_MSG
&lt;null&gt;
61:
Default, MQRO_COPY_MSG_ID_TO_CORREL_ID, MQRO_NEW_MSG_ID, MQRO_NONE, MQRO_PAN, MQRO_NAN, MQRO_PASS_CORREL_ID, MQRO_PASS_MSG_ID, MQRO_COA_WITH_FULL_DATA, MQRO_EXPIRATION, MQRO_EXCEPTION_WITH_FULL_DATA, MQRO_DISCARD_MSG
&lt;null&gt;
62:
Default, MQRO_COPY_MSG_ID_TO_CORREL_ID, MQRO_NEW_MSG_ID, MQRO_NONE, MQRO_PAN, MQRO_PASS_CORREL_ID, MQRO_PASS_MSG_ID, MQRO_COA_WITH_FULL_DATA, MQRO_COD_WITH_FULL_DATA, MQRO_EXPIRATION, MQRO_EXCEPTION_WITH_FULL_DATA, MQRO_DISCARD_MSG
62:
Default, MQRO_COPY_MSG_ID_TO_CORREL_ID, MQRO_NEW_MSG_ID, MQRO_NONE, MQRO_PAN, MQRO_NAN, MQRO_PASS_MSG_ID, MQRO_COA_WITH_DATA, MQRO_COD, MQRO_EXPIRATION_WITH_FULL_DATA, MQRO_EXCEPTION_WITH_FULL_DATA
&lt;null&gt;
63:
Default, MQRO_COPY_MSG_ID_TO_CORREL_ID, MQRO_NEW_MSG_ID, MQRO_NONE, MQRO_PAN, MQRO_NAN, MQRO_PASS_CORREL_ID, MQRO_PASS_MSG_ID, MQRO_COA_WITH_DATA, MQRO_COD_WITH_DATA, MQRO_EXPIRATION_WITH_FULL_DATA, MQRO_EXCEPTION_WITH_FULL_DATA, MQRO_DISCARD_MSG
&lt;null&gt;
64:
Default, MQRO_COPY_MSG_ID_TO_CORREL_ID, MQRO_NEW_MSG_ID, MQRO_NONE, MQRO_PAN, MQRO_NAN, MQRO_PASS_CORREL_ID, MQRO_PASS_MSG_ID, MQRO_COA_WITH_FULL_DATA, MQRO_COD_WITH_FULL_DATA, MQRO_EXPIRATION_WITH_FULL_DATA, MQRO_EXCEPTION_WITH_FULL_DATA, MQRO_DISCARD_MSG
&lt;null&gt;
65:
Default, MQRO_COPY_MSG_ID_TO_CORREL_ID, MQRO_NEW_MSG_ID, MQRO_NONE, MQRO_PAN, MQRO_NAN, MQRO_PASS_CORREL_ID, MQRO_PASS_MSG_ID, MQRO_COA_WITH_FULL_DATA, MQRO_COD_WITH_FULL_DATA, MQRO_EXPIRATION_WITH_FULL_DATA, MQRO_EXCEPTION_WITH_FULL_DATA, MQRO_DISCARD_MSG
&lt;null&gt;
66:
Default, MQRO_COPY_MSG_ID_TO_CORREL_ID, MQRO_NEW_MSG_ID, MQRO_NONE, MQRO_PAN, MQRO_PASS_MSG_ID, MQRO_COA_WITH_FULL_DATA, MQRO_COD, MQRO_EXPIRATION, MQRO_EXCEPTION_WITH_FULL_DATA
66:
Default, MQRO_COPY_MSG_ID_TO_CORREL_ID, MQRO_NEW_MSG_ID, MQRO_NONE, MQRO_PAN, MQRO_NAN, MQRO_PASS_CORREL_ID, MQRO_PASS_MSG_ID, MQRO_COA_WITH_FULL_DATA, MQRO_COD_WITH_FULL_DATA, MQRO_EXPIRATION_WITH_FULL_DATA, MQRO_EXCEPTION_WITH_FULL_DATA, MQRO_DISCARD_MSG
&lt;null&gt;
67:
Default, MQRO_COPY_MSG_ID_TO_CORREL_ID, MQRO_NEW_MSG_ID, MQRO_NONE, MQRO_PAN, MQRO_NAN, MQRO_PASS_CORREL_ID, MQRO_PASS_MSG_ID, MQRO_COA, MQRO_COD_WITH_FULL_DATA, MQRO_EXPIRATION_WITH_FULL_DATA, MQRO_EXCEPTION_WITH_FULL_DATA, MQRO_DISCARD_MSG
&lt;null&gt;
68:
Default, MQRO_COPY_MSG_ID_TO_CORREL_ID, MQRO_NEW_MSG_ID, MQRO_NONE, MQRO_PASS_CORREL_ID, MQRO_COA_WITH_FULL_DATA, MQRO_EXCEPTION, MQRO_DISCARD_MSG
68:
Default, MQRO_COPY_MSG_ID_TO_CORREL_ID, MQRO_NEW_MSG_ID, MQRO_NONE, MQRO_NAN, MQRO_COA_WITH_FULL_DATA, MQRO_COD_WITH_FULL_DATA, MQRO_EXPIRATION_WITH_FULL_DATA, MQRO_EXCEPTION_WITH_DATA, MQRO_DISCARD_MSG
&lt;null&gt;
69:
Default, MQRO_COPY_MSG_ID_TO_CORREL_ID, MQRO_NEW_MSG_ID, MQRO_NONE, MQRO_PAN, MQRO_NAN, MQRO_PASS_CORREL_ID, MQRO_PASS_MSG_ID, MQRO_COA_WITH_FULL_DATA, MQRO_COD_WITH_FULL_DATA, MQRO_EXPIRATION_WITH_FULL_DATA, MQRO_EXCEPTION_WITH_FULL_DATA, MQRO_DISCARD_MSG
&lt;null&gt;
70:
Default, MQRO_COPY_MSG_ID_TO_CORREL_ID, MQRO_NEW_MSG_ID, MQRO_NONE, MQRO_PAN, MQRO_NAN, MQRO_PASS_CORREL_ID, MQRO_PASS_MSG_ID, MQRO_COA_WITH_FULL_DATA, MQRO_COD_WITH_FULL_DATA, MQRO_EXPIRATION_WITH_FULL_DATA, MQRO_EXCEPTION_WITH_FULL_DATA, MQRO_DISCARD_MSG
&lt;null&gt;
71:
Default, MQRO_COPY_MSG_ID_TO_CORREL_ID, MQRO_NEW_MSG_ID, MQRO_NONE, MQRO_NAN, MQRO_COA_WITH_FULL_DATA, MQRO_COD_WITH_FULL_DATA, MQRO_EXPIRATION_WITH_FULL_DATA, MQRO_EXCEPTION_WITH_FULL_DATA, MQRO_DISCARD_MSG
&lt;null&gt;
72:
Default, MQRO_COPY_MSG_ID_TO_CORREL_ID, MQRO_NEW_MSG_ID, MQRO_NONE, MQRO_PAN, MQRO_NAN, MQRO_PASS_CORREL_ID, MQRO_PASS_MSG_ID, MQRO_COA_WITH_FULL_DATA, MQRO_COD_WITH_FULL_DATA, MQRO_EXPIRATION_WITH_FULL_DATA, MQRO_EXCEPTION_WITH_FULL_DATA, MQRO_DISCARD_MSG
&lt;null&gt;
73:
MQRO_DEAD_LETTER_Q
73:
Default, MQRO_COPY_MSG_ID_TO_CORREL_ID, MQRO_NEW_MSG_ID, MQRO_NONE, MQRO_PAN, MQRO_NAN, MQRO_PASS_CORREL_ID, MQRO_PASS_MSG_ID, MQRO_COA_WITH_FULL_DATA, MQRO_COD_WITH_FULL_DATA, MQRO_EXPIRATION_WITH_FULL_DATA, MQRO_EXCEPTION_WITH_FULL_DATA
&lt;null&gt;
74:
Default, MQRO_COPY_MSG_ID_TO_CORREL_ID, MQRO_NEW_MSG_ID, MQRO_NONE, MQRO_NAN, MQRO_PASS_CORREL_ID, MQRO_PASS_MSG_ID, MQRO_COA_WITH_FULL_DATA, MQRO_COD_WITH_FULL_DATA, MQRO_EXPIRATION_WITH_FULL_DATA, MQRO_EXCEPTION_WITH_FULL_DATA, MQRO_DISCARD_MSG
&lt;null&gt;
75:
Default, MQRO_COPY_MSG_ID_TO_CORREL_ID, MQRO_NEW_MSG_ID, MQRO_NONE, MQRO_NAN, MQRO_PASS_MSG_ID, MQRO_COA_WITH_DATA, MQRO_COD_WITH_DATA, MQRO_EXPIRATION_WITH_FULL_DATA, MQRO_EXCEPTION
&lt;null&gt;
76:
Default, MQRO_COPY_MSG_ID_TO_CORREL_ID, MQRO_NEW_MSG_ID, MQRO_NONE, MQRO_PAN, MQRO_PASS_CORREL_ID, MQRO_PASS_MSG_ID, MQRO_COA_WITH_FULL_DATA, MQRO_COD_WITH_DATA, MQRO_EXPIRATION_WITH_DATA, MQRO_EXCEPTION_WITH_FULL_DATA, MQRO_DISCARD_MSG
76:
Default, MQRO_COPY_MSG_ID_TO_CORREL_ID, MQRO_NEW_MSG_ID, MQRO_NONE, MQRO_PAN, MQRO_NAN, MQRO_PASS_CORREL_ID, MQRO_PASS_MSG_ID, MQRO_COA_WITH_FULL_DATA, MQRO_COD_WITH_FULL_DATA, MQRO_EXPIRATION_WITH_FULL_DATA, MQRO_EXCEPTION_WITH_FULL_DATA, MQRO_DISCARD_MSG
&lt;null&gt;
77:
Default, MQRO_COPY_MSG_ID_TO_CORREL_ID, MQRO_NEW_MSG_ID, MQRO_NONE, MQRO_PAN, MQRO_NAN, MQRO_PASS_CORREL_ID, MQRO_PASS_MSG_ID, MQRO_COA_WITH_FULL_DATA, MQRO_COD_WITH_FULL_DATA, MQRO_EXPIRATION_WITH_FULL_DATA, MQRO_EXCEPTION_WITH_FULL_DATA, MQRO_DISCARD_MSG
&lt;null&gt;
78:
Default, MQRO_COPY_MSG_ID_TO_CORREL_ID, MQRO_NEW_MSG_ID, MQRO_NONE, MQRO_PAN, MQRO_NAN, MQRO_PASS_CORREL_ID, MQRO_PASS_MSG_ID, MQRO_COA_WITH_FULL_DATA, MQRO_COD_WITH_FULL_DATA, MQRO_EXPIRATION_WITH_FULL_DATA, MQRO_EXCEPTION_WITH_FULL_DATA, MQRO_DISCARD_MSG
&lt;null&gt;
79:
Default, MQRO_COPY_MSG_ID_TO_CORREL_ID, MQRO_NEW_MSG_ID, MQRO_NONE, MQRO_PAN, MQRO_COD_WITH_DATA, MQRO_EXPIRATION_WITH_FULL_DATA, MQRO_EXCEPTION_WITH_FULL_DATA, MQRO_DISCARD_MSG
79:
MQRO_DEAD_LETTER_Q
79:
Default, MQRO_COPY_MSG_ID_TO_CORREL_ID, MQRO_NEW_MSG_ID, MQRO_NONE, MQRO_NAN, MQRO_PASS_CORREL_ID, MQRO_PASS_MSG_ID, MQRO_COA_WITH_FULL_DATA, MQRO_COD_WITH_FULL_DATA, MQRO_EXPIRATION_WITH_FULL_DATA, MQRO_EXCEPTION_WITH_FULL_DATA
&lt;null&gt;
80:
Default, MQRO_COPY_MSG_ID_TO_CORREL_ID, MQRO_NEW_MSG_ID, MQRO_NONE, MQRO_COA_WITH_FULL_DATA, MQRO_COD_WITH_FULL_DATA, MQRO_EXPIRATION, MQRO_EXCEPTION
80:
Default, MQRO_COPY_MSG_ID_TO_CORREL_ID, MQRO_NEW_MSG_ID, MQRO_NONE, MQRO_PAN, MQRO_NAN, MQRO_PASS_CORREL_ID, MQRO_PASS_MSG_ID, MQRO_COA_WITH_FULL_DATA, MQRO_COD_WITH_FULL_DATA, MQRO_EXPIRATION_WITH_FULL_DATA, MQRO_EXCEPTION_WITH_FULL_DATA, MQRO_DISCARD_MSG
&lt;null&gt;
81:
Default, MQRO_COPY_MSG_ID_TO_CORREL_ID, MQRO_NEW_MSG_ID, MQRO_NONE, MQRO_PASS_CORREL_ID, MQRO_COA, MQRO_COD, MQRO_EXCEPTION_WITH_FULL_DATA, MQRO_DISCARD_MSG
81:
Default, MQRO_COPY_MSG_ID_TO_CORREL_ID, MQRO_NEW_MSG_ID, MQRO_NONE, MQRO_PAN, MQRO_NAN, MQRO_PASS_CORREL_ID, MQRO_COA_WITH_DATA, MQRO_COD_WITH_DATA, MQRO_EXPIRATION_WITH_FULL_DATA, MQRO_EXCEPTION_WITH_FULL_DATA, MQRO_DISCARD_MSG
&lt;null&gt;
82:
Default, MQRO_COPY_MSG_ID_TO_CORREL_ID, MQRO_NEW_MSG_ID, MQRO_NONE, MQRO_PAN, MQRO_PASS_CORREL_ID, MQRO_PASS_MSG_ID, MQRO_COA_WITH_FULL_DATA, MQRO_COD_WITH_FULL_DATA, MQRO_EXPIRATION_WITH_FULL_DATA, MQRO_EXCEPTION_WITH_FULL_DATA, MQRO_DISCARD_MSG
82:
Default, MQRO_COPY_MSG_ID_TO_CORREL_ID, MQRO_NEW_MSG_ID, MQRO_NONE, MQRO_PAN, MQRO_NAN, MQRO_PASS_CORREL_ID, MQRO_PASS_MSG_ID, MQRO_COA_WITH_FULL_DATA, MQRO_COD_WITH_FULL_DATA, MQRO_EXPIRATION_WITH_FULL_DATA, MQRO_EXCEPTION_WITH_FULL_DATA, MQRO_DISCARD_MSG
&lt;null&gt;
83:
Default, MQRO_COPY_MSG_ID_TO_CORREL_ID, MQRO_NEW_MSG_ID, MQRO_NONE, MQRO_PAN, MQRO_NAN, MQRO_PASS_CORREL_ID, MQRO_PASS_MSG_ID, MQRO_COA_WITH_FULL_DATA, MQRO_COD_WITH_FULL_DATA, MQRO_EXPIRATION_WITH_FULL_DATA, MQRO_EXCEPTION_WITH_FULL_DATA, MQRO_DISCARD_MSG
&lt;null&gt;
84:
Default, MQRO_COPY_MSG_ID_TO_CORREL_ID, MQRO_NEW_MSG_ID, MQRO_NONE, MQRO_NAN, MQRO_COA_WITH_FULL_DATA, MQRO_COD_WITH_FULL_DATA, MQRO_EXPIRATION_WITH_FULL_DATA, MQRO_EXCEPTION_WITH_FULL_DATA
&lt;null&gt;
85:
Default, MQRO_COPY_MSG_ID_TO_CORREL_ID, MQRO_NEW_MSG_ID, MQRO_NONE, MQRO_NAN, MQRO_PASS_CORREL_ID, MQRO_PASS_MSG_ID, MQRO_COA_WITH_FULL_DATA, MQRO_COD_WITH_FULL_DATA, MQRO_EXPIRATION_WITH_FULL_DATA, MQRO_EXCEPTION_WITH_FULL_DATA, MQRO_DISCARD_MSG
&lt;null&gt;
86:
Default, MQRO_COPY_MSG_ID_TO_CORREL_ID, MQRO_NEW_MSG_ID, MQRO_NONE, MQRO_COA_WITH_FULL_DATA, MQRO_COD_WITH_FULL_DATA, MQRO_EXPIRATION_WITH_FULL_DATA, MQRO_EXCEPTION
86:
Default, MQRO_COPY_MSG_ID_TO_CORREL_ID, MQRO_NEW_MSG_ID, MQRO_NONE, MQRO_PAN, MQRO_NAN, MQRO_PASS_CORREL_ID, MQRO_COA_WITH_DATA, MQRO_COD_WITH_FULL_DATA, MQRO_EXPIRATION_WITH_DATA, MQRO_EXCEPTION_WITH_FULL_DATA, MQRO_DISCARD_MSG
&lt;null&gt;
87:
Default, MQRO_COPY_MSG_ID_TO_CORREL_ID, MQRO_NEW_MSG_ID, MQRO_NONE, MQRO_PAN, MQRO_NAN, MQRO_PASS_CORREL_ID, MQRO_PASS_MSG_ID, MQRO_COA_WITH_FULL_DATA, MQRO_COD_WITH_FULL_DATA, MQRO_EXPIRATION_WITH_FULL_DATA, MQRO_EXCEPTION_WITH_FULL_DATA, MQRO_DISCARD_MSG
&lt;null&gt;
88:
Default, MQRO_COPY_MSG_ID_TO_CORREL_ID, MQRO_NEW_MSG_ID, MQRO_NONE, MQRO_PAN, MQRO_PASS_CORREL_ID, MQRO_PASS_MSG_ID, MQRO_COA_WITH_FULL_DATA, MQRO_COD_WITH_DATA, MQRO_EXPIRATION, MQRO_EXCEPTION_WITH_DATA, MQRO_DISCARD_MSG
88:
Default, MQRO_COPY_MSG_ID_TO_CORREL_ID, MQRO_NEW_MSG_ID, MQRO_NONE, MQRO_PAN, MQRO_NAN, MQRO_PASS_CORREL_ID, MQRO_PASS_MSG_ID, MQRO_COA_WITH_FULL_DATA, MQRO_COD_WITH_FULL_DATA, MQRO_EXPIRATION_WITH_FULL_DATA, MQRO_EXCEPTION_WITH_FULL_DATA, MQRO_DISCARD_MSG
&lt;null&gt;
89:
Default, MQRO_COPY_MSG_ID_TO_CORREL_ID, MQRO_NEW_MSG_ID, MQRO_NONE, MQRO_PAN, MQRO_NAN, MQRO_PASS_CORREL_ID, MQRO_PASS_MSG_ID, MQRO_COA_WITH_FULL_DATA, MQRO_COD_WITH_FULL_DATA, MQRO_EXPIRATION_WITH_FULL_DATA, MQRO_EXCEPTION_WITH_FULL_DATA, MQRO_DISCARD_MSG
&lt;null&gt;
90:
Default, MQRO_COPY_MSG_ID_TO_CORREL_ID, MQRO_NEW_MSG_ID, MQRO_NONE, MQRO_PAN, MQRO_NAN, MQRO_PASS_CORREL_ID, MQRO_PASS_MSG_ID, MQRO_COA_WITH_FULL_DATA, MQRO_COD_WITH_FULL_DATA, MQRO_EXPIRATION_WITH_FULL_DATA, MQRO_EXCEPTION_WITH_FULL_DATA, MQRO_DISCARD_MSG
&lt;null&gt;
91:
Default, MQRO_COPY_MSG_ID_TO_CORREL_ID, MQRO_NEW_MSG_ID, MQRO_NONE, MQRO_PAN, MQRO_NAN, MQRO_PASS_CORREL_ID, MQRO_PASS_MSG_ID, MQRO_COA_WITH_FULL_DATA, MQRO_COD_WITH_FULL_DATA, MQRO_EXPIRATION_WITH_FULL_DATA, MQRO_EXCEPTION_WITH_FULL_DATA, MQRO_DISCARD_MSG
&lt;null&gt;
92:
Default, MQRO_COPY_MSG_ID_TO_CORREL_ID, MQRO_NEW_MSG_ID, MQRO_NONE, MQRO_PAN, MQRO_NAN, MQRO_PASS_CORREL_ID, MQRO_PASS_MSG_ID, MQRO_COA_WITH_FULL_DATA, MQRO_COD_WITH_FULL_DATA, MQRO_EXPIRATION_WITH_FULL_DATA, MQRO_EXCEPTION_WITH_FULL_DATA, MQRO_DISCARD_MSG
&lt;null&gt;
93:
Default, MQRO_COPY_MSG_ID_TO_CORREL_ID, MQRO_NEW_MSG_ID, MQRO_NONE, MQRO_PAN, MQRO_NAN, MQRO_PASS_CORREL_ID, MQRO_PASS_MSG_ID, MQRO_COA_WITH_FULL_DATA, MQRO_COD_WITH_FULL_DATA, MQRO_EXPIRATION_WITH_FULL_DATA, MQRO_EXCEPTION_WITH_FULL_DATA
&lt;null&gt;
94:
Default, MQRO_COPY_MSG_ID_TO_CORREL_ID, MQRO_NEW_MSG_ID, MQRO_NONE, MQRO_PAN, MQRO_NAN, MQRO_PASS_CORREL_ID, MQRO_PASS_MSG_ID, MQRO_COA_WITH_DATA, MQRO_COD_WITH_FULL_DATA, MQRO_EXPIRATION_WITH_FULL_DATA, MQRO_EXCEPTION_WITH_FULL_DATA, MQRO_DISCARD_MSG
&lt;null&gt;
95:
Default, MQRO_COPY_MSG_ID_TO_CORREL_ID, MQRO_NEW_MSG_ID, MQRO_NONE, MQRO_NAN, MQRO_COD_WITH_FULL_DATA, MQRO_EXCEPTION_WITH_FULL_DATA
&lt;null&gt;
96:
Default, MQRO_COPY_MSG_ID_TO_CORREL_ID, MQRO_NEW_MSG_ID, MQRO_NONE, MQRO_PAN, MQRO_NAN, MQRO_COA, MQRO_COD_WITH_FULL_DATA, MQRO_EXCEPTION
&lt;null&gt;
97:
MQRO_DEAD_LETTER_Q
97:
Default, MQRO_COPY_MSG_ID_TO_CORREL_ID, MQRO_NEW_MSG_ID, MQRO_NONE, MQRO_PAN, MQRO_NAN, MQRO_PASS_CORREL_ID, MQRO_PASS_MSG_ID, MQRO_COA_WITH_FULL_DATA, MQRO_COD_WITH_FULL_DATA, MQRO_EXPIRATION_WITH_FULL_DATA, MQRO_EXCEPTION_WITH_FULL_DATA, MQRO_DISCARD_MSG
&lt;null&gt;
98:
Default, MQRO_COPY_MSG_ID_TO_CORREL_ID, MQRO_NEW_MSG_ID, MQRO_NONE, MQRO_NAN, MQRO_COA_WITH_FULL_DATA, MQRO_COD_WITH_FULL_DATA, MQRO_EXPIRATION_WITH_FULL_DATA, MQRO_EXCEPTION_WITH_DATA, MQRO_DISCARD_MSG
&lt;null&gt;
99:
Default, MQRO_COPY_MSG_ID_TO_CORREL_ID, MQRO_NEW_MSG_ID, MQRO_NONE, MQRO_PAN, MQRO_NAN, MQRO_PASS_MSG_ID, MQRO_COA_WITH_FULL_DATA, MQRO_COD_WITH_FULL_DATA, MQRO_EXPIRATION_WITH_FULL_DATA, MQRO_EXCEPTION_WITH_FULL_DATA, MQRO_DISCARD_MSG
&lt;null&gt;
Ok, passed 100 tests.</StdOut>
      </Output>
    </UnitTestResult>
    <UnitTestResult executionId="dd217338-feb4-41f4-af92-10aefca39491" testId="2e1fd9e7-ae4d-bb3d-7348-6ec5e6393dbe" testName="ReportPositiveAcknolegdementNotification_Default_ReturnsZero" computerName="ICSWS068" duration="00:00:00.0002580" startTime="2016-08-04T09:57:41.1898048+02:00" endTime="2016-08-04T09:57:41.1913215+02:00" testType="13cdc9d9-ddb5-4fa4-a97d-d965ccfc6d4b" outcome="Passed" testListId="8c84fa94-04c1-424b-9868-57a2d4851a1d" relativeResultsDirectory="dd217338-feb4-41f4-af92-10aefca39491" />
    <UnitTestResult executionId="03cf25f6-500c-4cf0-a631-99cc356cd0e6" testId="c98b09dd-8763-eec1-1e38-ec3e8ba34fbc" testName="ReportPositiveAcknolegdementNotification_ForAllReport_ReturnsZeroIfNotInReport" computerName="ICSWS068" duration="00:00:00.0279917" startTime="2016-08-04T09:57:41.1938329+02:00" endTime="2016-08-04T09:57:41.2230175+02:00" testType="13cdc9d9-ddb5-4fa4-a97d-d965ccfc6d4b" outcome="Passed" testListId="8c84fa94-04c1-424b-9868-57a2d4851a1d" relativeResultsDirectory="03cf25f6-500c-4cf0-a631-99cc356cd0e6">
      <Output>
        <StdOut>0:
MQRO_DEAD_LETTER_Q
&lt;null&gt;
1:
Default, MQRO_COPY_MSG_ID_TO_CORREL_ID, MQRO_NEW_MSG_ID, MQRO_NONE, MQRO_EXCEPTION
&lt;null&gt;
2:
MQRO_DEAD_LETTER_Q
&lt;null&gt;
3:
Default, MQRO_COPY_MSG_ID_TO_CORREL_ID, MQRO_NEW_MSG_ID, MQRO_NONE, MQRO_EXPIRATION, MQRO_DISCARD_MSG
&lt;null&gt;
4:
MQRO_DEAD_LETTER_Q
&lt;null&gt;
5:
Default, MQRO_COPY_MSG_ID_TO_CORREL_ID, MQRO_NEW_MSG_ID, MQRO_NONE, MQRO_NAN, MQRO_COA_WITH_FULL_DATA, MQRO_EXPIRATION_WITH_FULL_DATA, MQRO_DISCARD_MSG
&lt;null&gt;
6:
Default, MQRO_COPY_MSG_ID_TO_CORREL_ID, MQRO_NEW_MSG_ID, MQRO_NONE, MQRO_COA_WITH_FULL_DATA, MQRO_COD_WITH_FULL_DATA, MQRO_EXPIRATION_WITH_FULL_DATA, MQRO_EXCEPTION
&lt;null&gt;
7:
Default, MQRO_COPY_MSG_ID_TO_CORREL_ID, MQRO_NEW_MSG_ID, MQRO_NONE, MQRO_COD_WITH_DATA, MQRO_EXPIRATION, MQRO_DISCARD_MSG
&lt;null&gt;
8:
Default, MQRO_COPY_MSG_ID_TO_CORREL_ID, MQRO_NEW_MSG_ID, MQRO_NONE, MQRO_COD, MQRO_EXCEPTION_WITH_FULL_DATA
&lt;null&gt;
9:
Default, MQRO_COPY_MSG_ID_TO_CORREL_ID, MQRO_NEW_MSG_ID, MQRO_NONE, MQRO_COA_WITH_DATA, MQRO_COD, MQRO_EXPIRATION_WITH_FULL_DATA, MQRO_EXCEPTION_WITH_FULL_DATA, MQRO_DISCARD_MSG
&lt;null&gt;
10:
Default, MQRO_COPY_MSG_ID_TO_CORREL_ID, MQRO_NEW_MSG_ID, MQRO_NONE, MQRO_NAN, MQRO_PASS_CORREL_ID, MQRO_COD_WITH_FULL_DATA
&lt;null&gt;
11:
Default, MQRO_COPY_MSG_ID_TO_CORREL_ID, MQRO_NEW_MSG_ID, MQRO_NONE, MQRO_PASS_MSG_ID, MQRO_COD
&lt;null&gt;
12:
Default, MQRO_COPY_MSG_ID_TO_CORREL_ID, MQRO_NEW_MSG_ID, MQRO_NONE, MQRO_COA_WITH_DATA, MQRO_EXCEPTION_WITH_DATA
&lt;null&gt;
13:
Default, MQRO_COPY_MSG_ID_TO_CORREL_ID, MQRO_NEW_MSG_ID, MQRO_NONE, MQRO_COA_WITH_FULL_DATA
&lt;null&gt;
14:
Default, MQRO_COPY_MSG_ID_TO_CORREL_ID, MQRO_NEW_MSG_ID, MQRO_NONE, MQRO_PAN, MQRO_NAN, MQRO_PASS_MSG_ID, MQRO_COA_WITH_FULL_DATA, MQRO_COD_WITH_FULL_DATA, MQRO_EXPIRATION_WITH_DATA, MQRO_EXCEPTION_WITH_FULL_DATA
14:
MQRO_DEAD_LETTER_Q
&lt;null&gt;
15:
Default, MQRO_COPY_MSG_ID_TO_CORREL_ID, MQRO_NEW_MSG_ID, MQRO_NONE, MQRO_PAN, MQRO_NAN, MQRO_PASS_CORREL_ID, MQRO_PASS_MSG_ID, MQRO_COA, MQRO_COD_WITH_FULL_DATA, MQRO_EXPIRATION_WITH_FULL_DATA
15:
Default, MQRO_COPY_MSG_ID_TO_CORREL_ID, MQRO_NEW_MSG_ID, MQRO_NONE, MQRO_PASS_MSG_ID, MQRO_COA_WITH_DATA
&lt;null&gt;
16:
Default, MQRO_COPY_MSG_ID_TO_CORREL_ID, MQRO_NEW_MSG_ID, MQRO_NONE, MQRO_PASS_CORREL_ID, MQRO_COA_WITH_FULL_DATA, MQRO_COD_WITH_FULL_DATA, MQRO_EXCEPTION_WITH_DATA, MQRO_DISCARD_MSG
&lt;null&gt;
17:
Default, MQRO_COPY_MSG_ID_TO_CORREL_ID, MQRO_NEW_MSG_ID, MQRO_NONE, MQRO_PAN, MQRO_NAN, MQRO_COA_WITH_FULL_DATA, MQRO_COD, MQRO_EXPIRATION_WITH_DATA, MQRO_EXCEPTION_WITH_FULL_DATA
17:
Default, MQRO_COPY_MSG_ID_TO_CORREL_ID, MQRO_NEW_MSG_ID, MQRO_NONE, MQRO_PAN
17:
Default, MQRO_COPY_MSG_ID_TO_CORREL_ID, MQRO_NEW_MSG_ID, MQRO_NONE, MQRO_EXPIRATION_WITH_DATA
&lt;null&gt;
18:
Default, MQRO_COPY_MSG_ID_TO_CORREL_ID, MQRO_NEW_MSG_ID, MQRO_NONE, MQRO_NAN, MQRO_PASS_CORREL_ID, MQRO_COA, MQRO_COD_WITH_FULL_DATA, MQRO_EXPIRATION_WITH_FULL_DATA, MQRO_EXCEPTION_WITH_FULL_DATA, MQRO_DISCARD_MSG
&lt;null&gt;
19:
Default, MQRO_COPY_MSG_ID_TO_CORREL_ID, MQRO_NEW_MSG_ID, MQRO_NONE, MQRO_PASS_MSG_ID, MQRO_COA_WITH_DATA, MQRO_EXCEPTION
&lt;null&gt;
20:
Default, MQRO_COPY_MSG_ID_TO_CORREL_ID, MQRO_NEW_MSG_ID, MQRO_NONE, MQRO_PASS_MSG_ID
&lt;null&gt;
21:
Default, MQRO_COPY_MSG_ID_TO_CORREL_ID, MQRO_NEW_MSG_ID, MQRO_NONE, MQRO_PAN, MQRO_NAN, MQRO_PASS_MSG_ID, MQRO_COA_WITH_FULL_DATA, MQRO_COD_WITH_FULL_DATA, MQRO_EXPIRATION_WITH_FULL_DATA, MQRO_EXCEPTION_WITH_FULL_DATA
21:
Default, MQRO_COPY_MSG_ID_TO_CORREL_ID, MQRO_NEW_MSG_ID, MQRO_NONE, MQRO_PAN, MQRO_NAN, MQRO_COD_WITH_DATA, MQRO_EXPIRATION_WITH_FULL_DATA
21:
MQRO_DEAD_LETTER_Q
&lt;null&gt;
22:
Default, MQRO_COPY_MSG_ID_TO_CORREL_ID, MQRO_NEW_MSG_ID, MQRO_NONE, MQRO_COA_WITH_DATA
&lt;null&gt;
23:
Default, MQRO_COPY_MSG_ID_TO_CORREL_ID, MQRO_NEW_MSG_ID, MQRO_NONE, MQRO_NAN, MQRO_PASS_CORREL_ID, MQRO_COA_WITH_FULL_DATA, MQRO_EXPIRATION_WITH_FULL_DATA, MQRO_EXCEPTION_WITH_DATA
&lt;null&gt;
24:
Default, MQRO_COPY_MSG_ID_TO_CORREL_ID, MQRO_NEW_MSG_ID, MQRO_NONE, MQRO_PASS_CORREL_ID, MQRO_PASS_MSG_ID, MQRO_COA_WITH_FULL_DATA, MQRO_COD_WITH_DATA, MQRO_EXCEPTION_WITH_DATA, MQRO_DISCARD_MSG
&lt;null&gt;
25:
Default, MQRO_COPY_MSG_ID_TO_CORREL_ID, MQRO_NEW_MSG_ID, MQRO_NONE, MQRO_PAN, MQRO_NAN, MQRO_PASS_MSG_ID, MQRO_COA, MQRO_COD, MQRO_EXPIRATION_WITH_FULL_DATA, MQRO_EXCEPTION_WITH_FULL_DATA
25:
Default, MQRO_COPY_MSG_ID_TO_CORREL_ID, MQRO_NEW_MSG_ID, MQRO_NONE, MQRO_COD, MQRO_EXCEPTION_WITH_FULL_DATA
&lt;null&gt;
26:
Default, MQRO_COPY_MSG_ID_TO_CORREL_ID, MQRO_NEW_MSG_ID, MQRO_NONE, MQRO_PASS_CORREL_ID, MQRO_COA_WITH_FULL_DATA, MQRO_DISCARD_MSG
&lt;null&gt;
27:
Default, MQRO_COPY_MSG_ID_TO_CORREL_ID, MQRO_NEW_MSG_ID, MQRO_NONE, MQRO_PAN, MQRO_NAN, MQRO_PASS_CORREL_ID, MQRO_COA_WITH_DATA, MQRO_COD_WITH_DATA, MQRO_EXPIRATION_WITH_FULL_DATA, MQRO_EXCEPTION_WITH_FULL_DATA, MQRO_DISCARD_MSG
27:
Default, MQRO_COPY_MSG_ID_TO_CORREL_ID, MQRO_NEW_MSG_ID, MQRO_NONE, MQRO_PAN, MQRO_PASS_CORREL_ID, MQRO_PASS_MSG_ID, MQRO_COA_WITH_FULL_DATA, MQRO_EXPIRATION_WITH_FULL_DATA, MQRO_EXCEPTION_WITH_DATA
27:
Default, MQRO_COPY_MSG_ID_TO_CORREL_ID, MQRO_NEW_MSG_ID, MQRO_NONE, MQRO_PAN, MQRO_PASS_MSG_ID, MQRO_COA_WITH_DATA, MQRO_COD_WITH_DATA, MQRO_EXPIRATION_WITH_DATA, MQRO_EXCEPTION_WITH_FULL_DATA, MQRO_DISCARD_MSG
27:
Default, MQRO_COPY_MSG_ID_TO_CORREL_ID, MQRO_NEW_MSG_ID, MQRO_NONE, MQRO_EXPIRATION_WITH_FULL_DATA
&lt;null&gt;
28:
Default, MQRO_COPY_MSG_ID_TO_CORREL_ID, MQRO_NEW_MSG_ID, MQRO_NONE, MQRO_PAN, MQRO_NAN, MQRO_PASS_MSG_ID, MQRO_COA_WITH_FULL_DATA, MQRO_COD_WITH_FULL_DATA, MQRO_EXPIRATION_WITH_FULL_DATA, MQRO_EXCEPTION_WITH_FULL_DATA, MQRO_DISCARD_MSG
28:
Default, MQRO_COPY_MSG_ID_TO_CORREL_ID, MQRO_NEW_MSG_ID, MQRO_NONE, MQRO_PAN, MQRO_PASS_CORREL_ID, MQRO_COD_WITH_DATA, MQRO_EXPIRATION_WITH_FULL_DATA, MQRO_EXCEPTION_WITH_DATA
28:
Default, MQRO_COPY_MSG_ID_TO_CORREL_ID, MQRO_NEW_MSG_ID, MQRO_NONE, MQRO_PAN, MQRO_NAN, MQRO_PASS_CORREL_ID, MQRO_COA_WITH_DATA, MQRO_COD_WITH_DATA, MQRO_EXPIRATION_WITH_DATA, MQRO_EXCEPTION_WITH_FULL_DATA, MQRO_DISCARD_MSG
28:
Default, MQRO_COPY_MSG_ID_TO_CORREL_ID, MQRO_NEW_MSG_ID, MQRO_NONE, MQRO_PASS_CORREL_ID, MQRO_PASS_MSG_ID, MQRO_COA_WITH_FULL_DATA, MQRO_COD_WITH_FULL_DATA, MQRO_EXPIRATION_WITH_FULL_DATA, MQRO_EXCEPTION
&lt;null&gt;
29:
Default, MQRO_COPY_MSG_ID_TO_CORREL_ID, MQRO_NEW_MSG_ID, MQRO_NONE, MQRO_NAN, MQRO_PASS_MSG_ID, MQRO_COA_WITH_FULL_DATA, MQRO_COD_WITH_DATA, MQRO_EXCEPTION_WITH_FULL_DATA, MQRO_DISCARD_MSG
&lt;null&gt;
30:
Default, MQRO_COPY_MSG_ID_TO_CORREL_ID, MQRO_NEW_MSG_ID, MQRO_NONE, MQRO_NAN, MQRO_COA_WITH_DATA, MQRO_COD_WITH_DATA
&lt;null&gt;
31:
MQRO_DEAD_LETTER_Q
&lt;null&gt;
32:
Default, MQRO_COPY_MSG_ID_TO_CORREL_ID, MQRO_NEW_MSG_ID, MQRO_NONE, MQRO_COD_WITH_FULL_DATA, MQRO_EXCEPTION_WITH_DATA, MQRO_DISCARD_MSG
&lt;null&gt;
33:
Default, MQRO_COPY_MSG_ID_TO_CORREL_ID, MQRO_NEW_MSG_ID, MQRO_NONE, MQRO_NAN, MQRO_EXCEPTION_WITH_FULL_DATA, MQRO_DISCARD_MSG
&lt;null&gt;
34:
Default, MQRO_COPY_MSG_ID_TO_CORREL_ID, MQRO_NEW_MSG_ID, MQRO_NONE, MQRO_PASS_MSG_ID, MQRO_EXPIRATION_WITH_DATA
&lt;null&gt;
35:
Default, MQRO_COPY_MSG_ID_TO_CORREL_ID, MQRO_NEW_MSG_ID, MQRO_NONE, MQRO_NAN, MQRO_PASS_CORREL_ID, MQRO_PASS_MSG_ID, MQRO_COA_WITH_FULL_DATA, MQRO_COD_WITH_FULL_DATA, MQRO_EXPIRATION_WITH_FULL_DATA, MQRO_EXCEPTION_WITH_FULL_DATA, MQRO_DISCARD_MSG
&lt;null&gt;
36:
Default, MQRO_COPY_MSG_ID_TO_CORREL_ID, MQRO_NEW_MSG_ID, MQRO_NONE, MQRO_PASS_CORREL_ID, MQRO_PASS_MSG_ID, MQRO_COA_WITH_FULL_DATA, MQRO_COD_WITH_FULL_DATA, MQRO_EXPIRATION_WITH_FULL_DATA, MQRO_EXCEPTION_WITH_FULL_DATA, MQRO_DISCARD_MSG
&lt;null&gt;
37:
Default, MQRO_COPY_MSG_ID_TO_CORREL_ID, MQRO_NEW_MSG_ID, MQRO_NONE, MQRO_PAN, MQRO_NAN, MQRO_PASS_CORREL_ID, MQRO_PASS_MSG_ID, MQRO_COA_WITH_FULL_DATA, MQRO_COD_WITH_FULL_DATA, MQRO_EXPIRATION_WITH_FULL_DATA, MQRO_EXCEPTION_WITH_FULL_DATA, MQRO_DISCARD_MSG
37:
Default, MQRO_COPY_MSG_ID_TO_CORREL_ID, MQRO_NEW_MSG_ID, MQRO_NONE, MQRO_COD
&lt;null&gt;
38:
Default, MQRO_COPY_MSG_ID_TO_CORREL_ID, MQRO_NEW_MSG_ID, MQRO_NONE, MQRO_PAN, MQRO_COD, MQRO_EXPIRATION_WITH_FULL_DATA, MQRO_EXCEPTION_WITH_DATA
38:
Default, MQRO_COPY_MSG_ID_TO_CORREL_ID, MQRO_NEW_MSG_ID, MQRO_NONE, MQRO_DISCARD_MSG
&lt;null&gt;
39:
Default, MQRO_COPY_MSG_ID_TO_CORREL_ID, MQRO_NEW_MSG_ID, MQRO_NONE, MQRO_PAN, MQRO_NAN, MQRO_PASS_MSG_ID, MQRO_COA_WITH_FULL_DATA, MQRO_COD_WITH_FULL_DATA, MQRO_EXPIRATION_WITH_FULL_DATA, MQRO_EXCEPTION_WITH_FULL_DATA, MQRO_DISCARD_MSG
39:
Default, MQRO_COPY_MSG_ID_TO_CORREL_ID, MQRO_NEW_MSG_ID, MQRO_NONE, MQRO_NAN, MQRO_PASS_MSG_ID, MQRO_COA_WITH_FULL_DATA, MQRO_COD_WITH_FULL_DATA, MQRO_EXPIRATION_WITH_FULL_DATA, MQRO_EXCEPTION_WITH_FULL_DATA, MQRO_DISCARD_MSG
&lt;null&gt;
40:
Default, MQRO_COPY_MSG_ID_TO_CORREL_ID, MQRO_NEW_MSG_ID, MQRO_NONE, MQRO_PASS_CORREL_ID, MQRO_COD_WITH_FULL_DATA, MQRO_EXPIRATION_WITH_DATA
&lt;null&gt;
41:
Default, MQRO_COPY_MSG_ID_TO_CORREL_ID, MQRO_NEW_MSG_ID, MQRO_NONE, MQRO_PAN, MQRO_NAN, MQRO_PASS_CORREL_ID, MQRO_COD_WITH_DATA, MQRO_EXPIRATION_WITH_FULL_DATA
41:
MQRO_DEAD_LETTER_Q
&lt;null&gt;
42:
Default, MQRO_COPY_MSG_ID_TO_CORREL_ID, MQRO_NEW_MSG_ID, MQRO_NONE, MQRO_PAN, MQRO_NAN, MQRO_PASS_CORREL_ID, MQRO_PASS_MSG_ID, MQRO_COA_WITH_FULL_DATA, MQRO_COD_WITH_FULL_DATA, MQRO_EXPIRATION_WITH_DATA, MQRO_EXCEPTION_WITH_DATA, MQRO_DISCARD_MSG
42:
Default, MQRO_COPY_MSG_ID_TO_CORREL_ID, MQRO_NEW_MSG_ID, MQRO_NONE, MQRO_EXPIRATION_WITH_DATA
&lt;null&gt;
43:
Default, MQRO_COPY_MSG_ID_TO_CORREL_ID, MQRO_NEW_MSG_ID, MQRO_NONE, MQRO_PAN, MQRO_NAN, MQRO_PASS_MSG_ID, MQRO_COA_WITH_FULL_DATA, MQRO_COD_WITH_FULL_DATA, MQRO_EXPIRATION_WITH_FULL_DATA, MQRO_EXCEPTION_WITH_FULL_DATA, MQRO_DISCARD_MSG
43:
Default, MQRO_COPY_MSG_ID_TO_CORREL_ID, MQRO_NEW_MSG_ID, MQRO_NONE, MQRO_PAN
43:
Default, MQRO_COPY_MSG_ID_TO_CORREL_ID, MQRO_NEW_MSG_ID, MQRO_NONE, MQRO_NAN, MQRO_PASS_CORREL_ID, MQRO_PASS_MSG_ID, MQRO_COA_WITH_FULL_DATA, MQRO_COD_WITH_FULL_DATA, MQRO_EXPIRATION_WITH_FULL_DATA, MQRO_EXCEPTION_WITH_FULL_DATA
&lt;null&gt;
44:
Default, MQRO_COPY_MSG_ID_TO_CORREL_ID, MQRO_NEW_MSG_ID, MQRO_NONE, MQRO_NAN, MQRO_PASS_CORREL_ID, MQRO_PASS_MSG_ID, MQRO_COA_WITH_DATA, MQRO_COD_WITH_FULL_DATA, MQRO_EXPIRATION_WITH_FULL_DATA, MQRO_EXCEPTION_WITH_DATA
&lt;null&gt;
45:
Default, MQRO_COPY_MSG_ID_TO_CORREL_ID, MQRO_NEW_MSG_ID, MQRO_NONE, MQRO_PAN, MQRO_NAN, MQRO_PASS_CORREL_ID, MQRO_PASS_MSG_ID, MQRO_COA_WITH_FULL_DATA, MQRO_COD_WITH_FULL_DATA, MQRO_EXPIRATION_WITH_FULL_DATA, MQRO_EXCEPTION_WITH_FULL_DATA, MQRO_DISCARD_MSG
45:
MQRO_DEAD_LETTER_Q
&lt;null&gt;
46:
Default, MQRO_COPY_MSG_ID_TO_CORREL_ID, MQRO_NEW_MSG_ID, MQRO_NONE, MQRO_PASS_CORREL_ID, MQRO_PASS_MSG_ID, MQRO_COA_WITH_DATA, MQRO_COD_WITH_FULL_DATA, MQRO_EXPIRATION_WITH_DATA
&lt;null&gt;
47:
Default, MQRO_COPY_MSG_ID_TO_CORREL_ID, MQRO_NEW_MSG_ID, MQRO_NONE, MQRO_PAN, MQRO_PASS_CORREL_ID, MQRO_COA_WITH_FULL_DATA, MQRO_COD_WITH_FULL_DATA, MQRO_EXPIRATION_WITH_FULL_DATA, MQRO_EXCEPTION_WITH_FULL_DATA, MQRO_DISCARD_MSG
47:
Default, MQRO_COPY_MSG_ID_TO_CORREL_ID, MQRO_NEW_MSG_ID, MQRO_NONE, MQRO_NAN, MQRO_PASS_CORREL_ID, MQRO_COA_WITH_FULL_DATA, MQRO_COD_WITH_FULL_DATA, MQRO_EXPIRATION_WITH_FULL_DATA
&lt;null&gt;
48:
Default, MQRO_COPY_MSG_ID_TO_CORREL_ID, MQRO_NEW_MSG_ID, MQRO_NONE, MQRO_PAN, MQRO_NAN, MQRO_PASS_MSG_ID, MQRO_COA_WITH_FULL_DATA, MQRO_COD_WITH_FULL_DATA, MQRO_EXPIRATION_WITH_FULL_DATA, MQRO_EXCEPTION_WITH_DATA, MQRO_DISCARD_MSG
48:
Default, MQRO_COPY_MSG_ID_TO_CORREL_ID, MQRO_NEW_MSG_ID, MQRO_NONE, MQRO_PAN, MQRO_NAN, MQRO_PASS_CORREL_ID, MQRO_COA_WITH_FULL_DATA, MQRO_COD_WITH_FULL_DATA, MQRO_EXPIRATION_WITH_FULL_DATA, MQRO_EXCEPTION_WITH_FULL_DATA
48:
Default, MQRO_COPY_MSG_ID_TO_CORREL_ID, MQRO_NEW_MSG_ID, MQRO_NONE, MQRO_PAN, MQRO_NAN, MQRO_PASS_CORREL_ID, MQRO_PASS_MSG_ID, MQRO_COA_WITH_FULL_DATA, MQRO_COD_WITH_FULL_DATA, MQRO_EXPIRATION_WITH_FULL_DATA, MQRO_EXCEPTION_WITH_DATA, MQRO_DISCARD_MSG
48:
Default, MQRO_COPY_MSG_ID_TO_CORREL_ID, MQRO_NEW_MSG_ID, MQRO_NONE, MQRO_PASS_CORREL_ID, MQRO_COA_WITH_FULL_DATA, MQRO_EXCEPTION
&lt;null&gt;
49:
Default, MQRO_COPY_MSG_ID_TO_CORREL_ID, MQRO_NEW_MSG_ID, MQRO_NONE, MQRO_PAN, MQRO_NAN, MQRO_PASS_MSG_ID, MQRO_COA_WITH_FULL_DATA, MQRO_COD_WITH_FULL_DATA, MQRO_EXPIRATION_WITH_FULL_DATA, MQRO_EXCEPTION_WITH_FULL_DATA
49:
Default, MQRO_COPY_MSG_ID_TO_CORREL_ID, MQRO_NEW_MSG_ID, MQRO_NONE, MQRO_PAN, MQRO_PASS_CORREL_ID, MQRO_EXPIRATION_WITH_FULL_DATA, MQRO_EXCEPTION
49:
Default, MQRO_COPY_MSG_ID_TO_CORREL_ID, MQRO_NEW_MSG_ID, MQRO_NONE, MQRO_PAN, MQRO_NAN, MQRO_COA_WITH_FULL_DATA, MQRO_COD_WITH_FULL_DATA, MQRO_EXPIRATION_WITH_FULL_DATA, MQRO_EXCEPTION_WITH_FULL_DATA
49:
Default, MQRO_COPY_MSG_ID_TO_CORREL_ID, MQRO_NEW_MSG_ID, MQRO_NONE, MQRO_PAN, MQRO_NAN, MQRO_PASS_CORREL_ID, MQRO_PASS_MSG_ID, MQRO_COA_WITH_FULL_DATA, MQRO_COD_WITH_FULL_DATA, MQRO_EXPIRATION_WITH_FULL_DATA, MQRO_EXCEPTION_WITH_FULL_DATA, MQRO_DISCARD_MSG
49:
Default, MQRO_COPY_MSG_ID_TO_CORREL_ID, MQRO_NEW_MSG_ID, MQRO_NONE, MQRO_PAN, MQRO_NAN, MQRO_PASS_CORREL_ID, MQRO_COA_WITH_FULL_DATA, MQRO_COD_WITH_FULL_DATA, MQRO_EXPIRATION_WITH_FULL_DATA, MQRO_EXCEPTION, MQRO_DISCARD_MSG
49:
Default, MQRO_COPY_MSG_ID_TO_CORREL_ID, MQRO_NEW_MSG_ID, MQRO_NONE, MQRO_COD
&lt;null&gt;
50:
Default, MQRO_COPY_MSG_ID_TO_CORREL_ID, MQRO_NEW_MSG_ID, MQRO_NONE, MQRO_PAN, MQRO_NAN, MQRO_PASS_CORREL_ID, MQRO_PASS_MSG_ID, MQRO_COA_WITH_FULL_DATA, MQRO_COD_WITH_FULL_DATA, MQRO_EXPIRATION_WITH_FULL_DATA, MQRO_EXCEPTION_WITH_DATA, MQRO_DISCARD_MSG
50:
Default, MQRO_COPY_MSG_ID_TO_CORREL_ID, MQRO_NEW_MSG_ID, MQRO_NONE, MQRO_PAN, MQRO_NAN, MQRO_PASS_CORREL_ID, MQRO_PASS_MSG_ID, MQRO_COA_WITH_FULL_DATA, MQRO_COD_WITH_FULL_DATA, MQRO_EXPIRATION_WITH_FULL_DATA, MQRO_EXCEPTION_WITH_FULL_DATA, MQRO_DISCARD_MSG
50:
Default, MQRO_COPY_MSG_ID_TO_CORREL_ID, MQRO_NEW_MSG_ID, MQRO_NONE, MQRO_PAN, MQRO_PASS_CORREL_ID, MQRO_COD_WITH_FULL_DATA, MQRO_EXPIRATION_WITH_FULL_DATA, MQRO_EXCEPTION_WITH_FULL_DATA, MQRO_DISCARD_MSG
50:
Default, MQRO_COPY_MSG_ID_TO_CORREL_ID, MQRO_NEW_MSG_ID, MQRO_NONE, MQRO_COA_WITH_DATA, MQRO_COD, MQRO_EXCEPTION_WITH_FULL_DATA
&lt;null&gt;
51:
Default, MQRO_COPY_MSG_ID_TO_CORREL_ID, MQRO_NEW_MSG_ID, MQRO_NONE, MQRO_COA_WITH_FULL_DATA, MQRO_COD_WITH_DATA, MQRO_EXCEPTION_WITH_FULL_DATA
&lt;null&gt;
52:
Default, MQRO_COPY_MSG_ID_TO_CORREL_ID, MQRO_NEW_MSG_ID, MQRO_NONE, MQRO_PAN, MQRO_NAN, MQRO_PASS_CORREL_ID, MQRO_PASS_MSG_ID, MQRO_COA_WITH_FULL_DATA, MQRO_COD_WITH_FULL_DATA, MQRO_EXPIRATION_WITH_FULL_DATA, MQRO_EXCEPTION_WITH_FULL_DATA, MQRO_DISCARD_MSG
52:
Default, MQRO_COPY_MSG_ID_TO_CORREL_ID, MQRO_NEW_MSG_ID, MQRO_NONE, MQRO_PAN, MQRO_NAN, MQRO_PASS_CORREL_ID, MQRO_PASS_MSG_ID, MQRO_COA_WITH_FULL_DATA, MQRO_COD_WITH_DATA, MQRO_EXPIRATION_WITH_FULL_DATA, MQRO_EXCEPTION_WITH_FULL_DATA, MQRO_DISCARD_MSG
52:
Default, MQRO_COPY_MSG_ID_TO_CORREL_ID, MQRO_NEW_MSG_ID, MQRO_NONE, MQRO_COA_WITH_FULL_DATA, MQRO_EXPIRATION_WITH_FULL_DATA
&lt;null&gt;
53:
Default, MQRO_COPY_MSG_ID_TO_CORREL_ID, MQRO_NEW_MSG_ID, MQRO_NONE, MQRO_EXCEPTION_WITH_FULL_DATA
&lt;null&gt;
54:
Default, MQRO_COPY_MSG_ID_TO_CORREL_ID, MQRO_NEW_MSG_ID, MQRO_NONE, MQRO_PASS_CORREL_ID, MQRO_PASS_MSG_ID, MQRO_COA_WITH_DATA, MQRO_COD_WITH_DATA, MQRO_EXPIRATION, MQRO_EXCEPTION_WITH_DATA, MQRO_DISCARD_MSG
&lt;null&gt;
55:
Default, MQRO_COPY_MSG_ID_TO_CORREL_ID, MQRO_NEW_MSG_ID, MQRO_NONE, MQRO_PAN, MQRO_NAN, MQRO_PASS_CORREL_ID, MQRO_PASS_MSG_ID, MQRO_COA_WITH_FULL_DATA, MQRO_COD_WITH_FULL_DATA, MQRO_EXPIRATION_WITH_DATA, MQRO_EXCEPTION_WITH_DATA, MQRO_DISCARD_MSG
55:
Default, MQRO_COPY_MSG_ID_TO_CORREL_ID, MQRO_NEW_MSG_ID, MQRO_NONE, MQRO_PAN, MQRO_NAN, MQRO_PASS_MSG_ID, MQRO_COA_WITH_DATA, MQRO_COD_WITH_DATA, MQRO_EXPIRATION_WITH_FULL_DATA, MQRO_EXCEPTION_WITH_FULL_DATA, MQRO_DISCARD_MSG
55:
Default, MQRO_COPY_MSG_ID_TO_CORREL_ID, MQRO_NEW_MSG_ID, MQRO_NONE, MQRO_PAN, MQRO_NAN, MQRO_PASS_CORREL_ID, MQRO_PASS_MSG_ID, MQRO_COA_WITH_FULL_DATA, MQRO_COD_WITH_FULL_DATA, MQRO_EXPIRATION_WITH_FULL_DATA, MQRO_EXCEPTION_WITH_FULL_DATA
55:
Default, MQRO_COPY_MSG_ID_TO_CORREL_ID, MQRO_NEW_MSG_ID, MQRO_NONE, MQRO_PAN, MQRO_NAN, MQRO_PASS_CORREL_ID, MQRO_PASS_MSG_ID, MQRO_COA_WITH_FULL_DATA, MQRO_COD_WITH_FULL_DATA, MQRO_EXPIRATION_WITH_FULL_DATA, MQRO_EXCEPTION_WITH_FULL_DATA, MQRO_DISCARD_MSG
55:
Default, MQRO_COPY_MSG_ID_TO_CORREL_ID, MQRO_NEW_MSG_ID, MQRO_NONE, MQRO_PAN, MQRO_NAN, MQRO_PASS_CORREL_ID, MQRO_PASS_MSG_ID, MQRO_COA_WITH_FULL_DATA, MQRO_COD_WITH_FULL_DATA, MQRO_EXPIRATION_WITH_DATA, MQRO_EXCEPTION_WITH_DATA, MQRO_DISCARD_MSG
55:
Default, MQRO_COPY_MSG_ID_TO_CORREL_ID, MQRO_NEW_MSG_ID, MQRO_NONE, MQRO_PAN, MQRO_PASS_CORREL_ID, MQRO_PASS_MSG_ID, MQRO_COA_WITH_FULL_DATA, MQRO_EXPIRATION_WITH_DATA, MQRO_EXCEPTION_WITH_FULL_DATA, MQRO_DISCARD_MSG
55:
Default, MQRO_COPY_MSG_ID_TO_CORREL_ID, MQRO_NEW_MSG_ID, MQRO_NONE, MQRO_PASS_CORREL_ID, MQRO_PASS_MSG_ID, MQRO_COA_WITH_FULL_DATA, MQRO_EXPIRATION_WITH_DATA, MQRO_EXCEPTION_WITH_DATA
&lt;null&gt;
56:
Default, MQRO_COPY_MSG_ID_TO_CORREL_ID, MQRO_NEW_MSG_ID, MQRO_NONE, MQRO_NAN, MQRO_PASS_CORREL_ID, MQRO_COA_WITH_FULL_DATA, MQRO_COD_WITH_FULL_DATA, MQRO_EXPIRATION_WITH_FULL_DATA, MQRO_EXCEPTION_WITH_FULL_DATA, MQRO_DISCARD_MSG
&lt;null&gt;
57:
Default, MQRO_COPY_MSG_ID_TO_CORREL_ID, MQRO_NEW_MSG_ID, MQRO_NONE, MQRO_COA_WITH_DATA, MQRO_COD_WITH_FULL_DATA, MQRO_EXPIRATION_WITH_FULL_DATA, MQRO_EXCEPTION_WITH_DATA, MQRO_DISCARD_MSG
&lt;null&gt;
58:
Default, MQRO_COPY_MSG_ID_TO_CORREL_ID, MQRO_NEW_MSG_ID, MQRO_NONE, MQRO_PAN, MQRO_NAN, MQRO_PASS_CORREL_ID, MQRO_PASS_MSG_ID, MQRO_COA_WITH_FULL_DATA, MQRO_COD_WITH_FULL_DATA, MQRO_EXPIRATION_WITH_FULL_DATA, MQRO_EXCEPTION_WITH_FULL_DATA, MQRO_DISCARD_MSG
58:
Default, MQRO_COPY_MSG_ID_TO_CORREL_ID, MQRO_NEW_MSG_ID, MQRO_NONE, MQRO_NAN, MQRO_PASS_CORREL_ID, MQRO_COA_WITH_FULL_DATA, MQRO_EXPIRATION_WITH_FULL_DATA, MQRO_EXCEPTION_WITH_FULL_DATA
&lt;null&gt;
59:
Default, MQRO_COPY_MSG_ID_TO_CORREL_ID, MQRO_NEW_MSG_ID, MQRO_NONE, MQRO_PASS_CORREL_ID, MQRO_COA, MQRO_COD_WITH_DATA, MQRO_EXPIRATION_WITH_FULL_DATA, MQRO_EXCEPTION_WITH_FULL_DATA, MQRO_DISCARD_MSG
&lt;null&gt;
60:
Default, MQRO_COPY_MSG_ID_TO_CORREL_ID, MQRO_NEW_MSG_ID, MQRO_NONE, MQRO_COA_WITH_FULL_DATA, MQRO_COD_WITH_FULL_DATA, MQRO_EXCEPTION_WITH_FULL_DATA
&lt;null&gt;
61:
Default, MQRO_COPY_MSG_ID_TO_CORREL_ID, MQRO_NEW_MSG_ID, MQRO_NONE, MQRO_PAN, MQRO_NAN, MQRO_PASS_CORREL_ID, MQRO_COA_WITH_FULL_DATA, MQRO_COD_WITH_FULL_DATA, MQRO_EXCEPTION_WITH_FULL_DATA, MQRO_DISCARD_MSG
61:
Default, MQRO_COPY_MSG_ID_TO_CORREL_ID, MQRO_NEW_MSG_ID, MQRO_NONE, MQRO_PAN, MQRO_NAN, MQRO_PASS_CORREL_ID, MQRO_COA_WITH_DATA, MQRO_COD_WITH_FULL_DATA, MQRO_EXPIRATION_WITH_DATA, MQRO_EXCEPTION_WITH_DATA, MQRO_DISCARD_MSG
61:
Default, MQRO_COPY_MSG_ID_TO_CORREL_ID, MQRO_NEW_MSG_ID, MQRO_NONE, MQRO_PAN, MQRO_NAN, MQRO_PASS_CORREL_ID, MQRO_PASS_MSG_ID, MQRO_COA_WITH_FULL_DATA, MQRO_COD_WITH_DATA, MQRO_EXPIRATION_WITH_FULL_DATA, MQRO_EXCEPTION_WITH_FULL_DATA, MQRO_DISCARD_MSG
61:
Default, MQRO_COPY_MSG_ID_TO_CORREL_ID, MQRO_NEW_MSG_ID, MQRO_NONE, MQRO_COA_WITH_FULL_DATA, MQRO_COD_WITH_DATA, MQRO_EXCEPTION, MQRO_DISCARD_MSG
&lt;null&gt;
62:
Default, MQRO_COPY_MSG_ID_TO_CORREL_ID, MQRO_NEW_MSG_ID, MQRO_NONE, MQRO_NAN, MQRO_COD_WITH_FULL_DATA, MQRO_EXPIRATION_WITH_FULL_DATA, MQRO_EXCEPTION_WITH_FULL_DATA
&lt;null&gt;
63:
Default, MQRO_COPY_MSG_ID_TO_CORREL_ID, MQRO_NEW_MSG_ID, MQRO_NONE, MQRO_EXCEPTION
&lt;null&gt;
64:
Default, MQRO_COPY_MSG_ID_TO_CORREL_ID, MQRO_NEW_MSG_ID, MQRO_NONE, MQRO_COA_WITH_DATA, MQRO_EXCEPTION_WITH_DATA
&lt;null&gt;
65:
Default, MQRO_COPY_MSG_ID_TO_CORREL_ID, MQRO_NEW_MSG_ID, MQRO_NONE, MQRO_PAN, MQRO_NAN, MQRO_PASS_CORREL_ID, MQRO_PASS_MSG_ID, MQRO_COA_WITH_FULL_DATA, MQRO_COD_WITH_FULL_DATA, MQRO_EXPIRATION_WITH_FULL_DATA, MQRO_EXCEPTION_WITH_FULL_DATA, MQRO_DISCARD_MSG
65:
Default, MQRO_COPY_MSG_ID_TO_CORREL_ID, MQRO_NEW_MSG_ID, MQRO_NONE, MQRO_NAN, MQRO_PASS_MSG_ID, MQRO_COA_WITH_DATA, MQRO_COD_WITH_FULL_DATA, MQRO_EXPIRATION_WITH_FULL_DATA, MQRO_EXCEPTION_WITH_FULL_DATA, MQRO_DISCARD_MSG
&lt;null&gt;
66:
Default, MQRO_COPY_MSG_ID_TO_CORREL_ID, MQRO_NEW_MSG_ID, MQRO_NONE, MQRO_PAN, MQRO_PASS_CORREL_ID, MQRO_PASS_MSG_ID, MQRO_COA_WITH_FULL_DATA, MQRO_COD_WITH_DATA, MQRO_EXPIRATION_WITH_DATA, MQRO_EXCEPTION_WITH_FULL_DATA
66:
Default, MQRO_COPY_MSG_ID_TO_CORREL_ID, MQRO_NEW_MSG_ID, MQRO_NONE, MQRO_PAN, MQRO_PASS_MSG_ID, MQRO_COD_WITH_FULL_DATA, MQRO_EXPIRATION_WITH_DATA, MQRO_EXCEPTION_WITH_FULL_DATA
66:
Default, MQRO_COPY_MSG_ID_TO_CORREL_ID, MQRO_NEW_MSG_ID, MQRO_NONE, MQRO_NAN, MQRO_PASS_MSG_ID, MQRO_COA_WITH_FULL_DATA, MQRO_COD_WITH_FULL_DATA, MQRO_EXPIRATION_WITH_FULL_DATA, MQRO_EXCEPTION_WITH_FULL_DATA
&lt;null&gt;
67:
Default, MQRO_COPY_MSG_ID_TO_CORREL_ID, MQRO_NEW_MSG_ID, MQRO_NONE, MQRO_PAN, MQRO_NAN, MQRO_PASS_CORREL_ID, MQRO_PASS_MSG_ID, MQRO_COA_WITH_FULL_DATA, MQRO_COD_WITH_FULL_DATA, MQRO_EXPIRATION_WITH_FULL_DATA, MQRO_EXCEPTION_WITH_FULL_DATA, MQRO_DISCARD_MSG
67:
Default, MQRO_COPY_MSG_ID_TO_CORREL_ID, MQRO_NEW_MSG_ID, MQRO_NONE, MQRO_PAN, MQRO_NAN, MQRO_PASS_CORREL_ID, MQRO_COA_WITH_DATA, MQRO_COD_WITH_DATA, MQRO_EXPIRATION_WITH_FULL_DATA, MQRO_EXCEPTION_WITH_FULL_DATA, MQRO_DISCARD_MSG
67:
Default, MQRO_COPY_MSG_ID_TO_CORREL_ID, MQRO_NEW_MSG_ID, MQRO_NONE, MQRO_NAN, MQRO_PASS_CORREL_ID, MQRO_PASS_MSG_ID, MQRO_COA_WITH_FULL_DATA, MQRO_COD_WITH_FULL_DATA, MQRO_EXPIRATION_WITH_DATA, MQRO_EXCEPTION_WITH_FULL_DATA, MQRO_DISCARD_MSG
&lt;null&gt;
68:
Default, MQRO_COPY_MSG_ID_TO_CORREL_ID, MQRO_NEW_MSG_ID, MQRO_NONE, MQRO_NAN, MQRO_PASS_MSG_ID, MQRO_COA_WITH_FULL_DATA, MQRO_COD_WITH_FULL_DATA, MQRO_EXPIRATION_WITH_FULL_DATA, MQRO_EXCEPTION_WITH_FULL_DATA, MQRO_DISCARD_MSG
&lt;null&gt;
69:
Default, MQRO_COPY_MSG_ID_TO_CORREL_ID, MQRO_NEW_MSG_ID, MQRO_NONE, MQRO_PAN, MQRO_EXPIRATION_WITH_DATA, MQRO_EXCEPTION_WITH_DATA
69:
Default, MQRO_COPY_MSG_ID_TO_CORREL_ID, MQRO_NEW_MSG_ID, MQRO_NONE, MQRO_PAN, MQRO_NAN, MQRO_PASS_CORREL_ID, MQRO_PASS_MSG_ID, MQRO_COA_WITH_DATA, MQRO_COD_WITH_DATA, MQRO_EXPIRATION_WITH_DATA, MQRO_EXCEPTION_WITH_DATA, MQRO_DISCARD_MSG
69:
Default, MQRO_COPY_MSG_ID_TO_CORREL_ID, MQRO_NEW_MSG_ID, MQRO_NONE, MQRO_PAN, MQRO_NAN, MQRO_PASS_CORREL_ID, MQRO_PASS_MSG_ID, MQRO_COA_WITH_FULL_DATA, MQRO_COD_WITH_FULL_DATA, MQRO_EXPIRATION_WITH_FULL_DATA, MQRO_EXCEPTION_WITH_FULL_DATA, MQRO_DISCARD_MSG
69:
Default, MQRO_COPY_MSG_ID_TO_CORREL_ID, MQRO_NEW_MSG_ID, MQRO_NONE, MQRO_PAN, MQRO_NAN, MQRO_PASS_CORREL_ID, MQRO_PASS_MSG_ID, MQRO_COA_WITH_FULL_DATA, MQRO_COD_WITH_FULL_DATA, MQRO_EXPIRATION_WITH_DATA, MQRO_EXCEPTION_WITH_DATA, MQRO_DISCARD_MSG
69:
Default, MQRO_COPY_MSG_ID_TO_CORREL_ID, MQRO_NEW_MSG_ID, MQRO_NONE, MQRO_PAN, MQRO_NAN, MQRO_PASS_CORREL_ID, MQRO_PASS_MSG_ID, MQRO_COA_WITH_FULL_DATA, MQRO_COD_WITH_FULL_DATA, MQRO_EXPIRATION_WITH_DATA, MQRO_EXCEPTION_WITH_FULL_DATA, MQRO_DISCARD_MSG
69:
Default, MQRO_COPY_MSG_ID_TO_CORREL_ID, MQRO_NEW_MSG_ID, MQRO_NONE, MQRO_PAN, MQRO_PASS_CORREL_ID, MQRO_COA_WITH_FULL_DATA, MQRO_COD_WITH_FULL_DATA, MQRO_EXPIRATION_WITH_FULL_DATA, MQRO_EXCEPTION_WITH_DATA, MQRO_DISCARD_MSG
69:
Default, MQRO_COPY_MSG_ID_TO_CORREL_ID, MQRO_NEW_MSG_ID, MQRO_NONE, MQRO_PAN, MQRO_PASS_CORREL_ID, MQRO_COA, MQRO_COD_WITH_FULL_DATA, MQRO_EXPIRATION_WITH_DATA
69:
Default, MQRO_COPY_MSG_ID_TO_CORREL_ID, MQRO_NEW_MSG_ID, MQRO_NONE, MQRO_COA
&lt;null&gt;
70:
Default, MQRO_COPY_MSG_ID_TO_CORREL_ID, MQRO_NEW_MSG_ID, MQRO_NONE, MQRO_PAN, MQRO_NAN, MQRO_PASS_CORREL_ID, MQRO_COA_WITH_DATA, MQRO_COD_WITH_FULL_DATA, MQRO_EXPIRATION_WITH_FULL_DATA, MQRO_EXCEPTION_WITH_FULL_DATA
70:
Default, MQRO_COPY_MSG_ID_TO_CORREL_ID, MQRO_NEW_MSG_ID, MQRO_NONE, MQRO_PAN, MQRO_NAN, MQRO_PASS_CORREL_ID, MQRO_COA_WITH_DATA, MQRO_COD_WITH_DATA, MQRO_EXPIRATION_WITH_FULL_DATA, MQRO_EXCEPTION_WITH_FULL_DATA, MQRO_DISCARD_MSG
70:
Default, MQRO_COPY_MSG_ID_TO_CORREL_ID, MQRO_NEW_MSG_ID, MQRO_NONE, MQRO_PAN, MQRO_PASS_CORREL_ID, MQRO_COA_WITH_FULL_DATA, MQRO_COD_WITH_FULL_DATA, MQRO_EXPIRATION_WITH_FULL_DATA, MQRO_EXCEPTION_WITH_DATA
70:
Default, MQRO_COPY_MSG_ID_TO_CORREL_ID, MQRO_NEW_MSG_ID, MQRO_NONE, MQRO_PAN, MQRO_NAN, MQRO_PASS_CORREL_ID, MQRO_PASS_MSG_ID, MQRO_COA_WITH_FULL_DATA, MQRO_COD_WITH_DATA, MQRO_EXPIRATION_WITH_DATA, MQRO_EXCEPTION_WITH_FULL_DATA, MQRO_DISCARD_MSG
70:
Default, MQRO_COPY_MSG_ID_TO_CORREL_ID, MQRO_NEW_MSG_ID, MQRO_NONE, MQRO_PAN, MQRO_NAN, MQRO_PASS_CORREL_ID, MQRO_PASS_MSG_ID, MQRO_COA_WITH_FULL_DATA, MQRO_COD_WITH_FULL_DATA, MQRO_EXPIRATION_WITH_FULL_DATA, MQRO_EXCEPTION_WITH_FULL_DATA, MQRO_DISCARD_MSG
70:
Default, MQRO_COPY_MSG_ID_TO_CORREL_ID, MQRO_NEW_MSG_ID, MQRO_NONE, MQRO_PAN, MQRO_NAN, MQRO_PASS_CORREL_ID, MQRO_PASS_MSG_ID, MQRO_COA_WITH_FULL_DATA, MQRO_COD_WITH_DATA, MQRO_EXPIRATION_WITH_DATA, MQRO_EXCEPTION_WITH_DATA, MQRO_DISCARD_MSG
70:
Default, MQRO_COPY_MSG_ID_TO_CORREL_ID, MQRO_NEW_MSG_ID, MQRO_NONE, MQRO_NAN, MQRO_COA_WITH_DATA, MQRO_COD_WITH_FULL_DATA, MQRO_EXPIRATION, MQRO_EXCEPTION_WITH_DATA, MQRO_DISCARD_MSG
&lt;null&gt;
71:
Default, MQRO_COPY_MSG_ID_TO_CORREL_ID, MQRO_NEW_MSG_ID, MQRO_NONE, MQRO_PAN, MQRO_NAN, MQRO_PASS_CORREL_ID, MQRO_PASS_MSG_ID, MQRO_COA_WITH_FULL_DATA, MQRO_COD_WITH_DATA, MQRO_EXPIRATION_WITH_DATA, MQRO_EXCEPTION_WITH_FULL_DATA, MQRO_DISCARD_MSG
71:
Default, MQRO_COPY_MSG_ID_TO_CORREL_ID, MQRO_NEW_MSG_ID, MQRO_NONE, MQRO_PAN, MQRO_NAN, MQRO_PASS_CORREL_ID, MQRO_COA_WITH_FULL_DATA, MQRO_COD_WITH_FULL_DATA, MQRO_EXPIRATION_WITH_DATA, MQRO_EXCEPTION_WITH_FULL_DATA, MQRO_DISCARD_MSG
71:
Default, MQRO_COPY_MSG_ID_TO_CORREL_ID, MQRO_NEW_MSG_ID, MQRO_NONE, MQRO_PAN, MQRO_NAN, MQRO_PASS_CORREL_ID, MQRO_PASS_MSG_ID, MQRO_COA_WITH_FULL_DATA, MQRO_COD_WITH_FULL_DATA, MQRO_EXPIRATION_WITH_FULL_DATA, MQRO_EXCEPTION_WITH_FULL_DATA
71:
Default, MQRO_COPY_MSG_ID_TO_CORREL_ID, MQRO_NEW_MSG_ID, MQRO_NONE, MQRO_PAN, MQRO_NAN, MQRO_PASS_CORREL_ID, MQRO_PASS_MSG_ID, MQRO_COA_WITH_FULL_DATA, MQRO_COD_WITH_FULL_DATA, MQRO_EXPIRATION_WITH_FULL_DATA, MQRO_EXCEPTION_WITH_FULL_DATA, MQRO_DISCARD_MSG
71:
Default, MQRO_COPY_MSG_ID_TO_CORREL_ID, MQRO_NEW_MSG_ID, MQRO_NONE, MQRO_COA_WITH_FULL_DATA, MQRO_EXPIRATION_WITH_FULL_DATA, MQRO_DISCARD_MSG
&lt;null&gt;
72:
Default, MQRO_COPY_MSG_ID_TO_CORREL_ID, MQRO_NEW_MSG_ID, MQRO_NONE, MQRO_PAN, MQRO_NAN, MQRO_PASS_MSG_ID, MQRO_COA, MQRO_EXPIRATION_WITH_FULL_DATA, MQRO_EXCEPTION_WITH_FULL_DATA, MQRO_DISCARD_MSG
72:
Default, MQRO_COPY_MSG_ID_TO_CORREL_ID, MQRO_NEW_MSG_ID, MQRO_NONE, MQRO_COA_WITH_DATA, MQRO_COD_WITH_FULL_DATA, MQRO_EXPIRATION_WITH_FULL_DATA, MQRO_DISCARD_MSG
&lt;null&gt;
73:
Default, MQRO_COPY_MSG_ID_TO_CORREL_ID, MQRO_NEW_MSG_ID, MQRO_NONE, MQRO_PASS_CORREL_ID, MQRO_PASS_MSG_ID, MQRO_COA_WITH_FULL_DATA, MQRO_COD_WITH_FULL_DATA, MQRO_EXCEPTION_WITH_DATA, MQRO_DISCARD_MSG
&lt;null&gt;
74:
Default, MQRO_COPY_MSG_ID_TO_CORREL_ID, MQRO_NEW_MSG_ID, MQRO_NONE, MQRO_PAN, MQRO_PASS_CORREL_ID, MQRO_PASS_MSG_ID, MQRO_COA_WITH_FULL_DATA, MQRO_COD_WITH_DATA, MQRO_EXPIRATION_WITH_DATA, MQRO_EXCEPTION_WITH_DATA, MQRO_DISCARD_MSG
74:
Default, MQRO_COPY_MSG_ID_TO_CORREL_ID, MQRO_NEW_MSG_ID, MQRO_NONE, MQRO_PAN, MQRO_NAN, MQRO_PASS_CORREL_ID, MQRO_PASS_MSG_ID, MQRO_COA_WITH_DATA, MQRO_COD_WITH_DATA, MQRO_EXPIRATION, MQRO_EXCEPTION_WITH_FULL_DATA, MQRO_DISCARD_MSG
74:
Default, MQRO_COPY_MSG_ID_TO_CORREL_ID, MQRO_NEW_MSG_ID, MQRO_NONE, MQRO_PAN, MQRO_NAN, MQRO_PASS_CORREL_ID, MQRO_PASS_MSG_ID, MQRO_COA_WITH_FULL_DATA, MQRO_COD_WITH_FULL_DATA, MQRO_EXPIRATION_WITH_FULL_DATA, MQRO_EXCEPTION_WITH_FULL_DATA, MQRO_DISCARD_MSG
74:
Default, MQRO_COPY_MSG_ID_TO_CORREL_ID, MQRO_NEW_MSG_ID, MQRO_NONE, MQRO_PAN
74:
Default, MQRO_COPY_MSG_ID_TO_CORREL_ID, MQRO_NEW_MSG_ID, MQRO_NONE, MQRO_COA_WITH_DATA, MQRO_COD_WITH_FULL_DATA, MQRO_EXPIRATION_WITH_FULL_DATA, MQRO_EXCEPTION_WITH_FULL_DATA, MQRO_DISCARD_MSG
&lt;null&gt;
75:
Default, MQRO_COPY_MSG_ID_TO_CORREL_ID, MQRO_NEW_MSG_ID, MQRO_NONE, MQRO_PAN, MQRO_NAN, MQRO_PASS_CORREL_ID, MQRO_PASS_MSG_ID, MQRO_COA_WITH_FULL_DATA, MQRO_COD_WITH_FULL_DATA, MQRO_EXPIRATION_WITH_FULL_DATA, MQRO_EXCEPTION_WITH_FULL_DATA
75:
Default, MQRO_COPY_MSG_ID_TO_CORREL_ID, MQRO_NEW_MSG_ID, MQRO_NONE, MQRO_PAN, MQRO_PASS_CORREL_ID, MQRO_PASS_MSG_ID, MQRO_COA_WITH_FULL_DATA, MQRO_COD_WITH_FULL_DATA, MQRO_EXPIRATION_WITH_FULL_DATA, MQRO_EXCEPTION_WITH_FULL_DATA, MQRO_DISCARD_MSG
75:
Default, MQRO_COPY_MSG_ID_TO_CORREL_ID, MQRO_NEW_MSG_ID, MQRO_NONE, MQRO_PAN, MQRO_NAN, MQRO_PASS_CORREL_ID, MQRO_PASS_MSG_ID, MQRO_COA_WITH_FULL_DATA, MQRO_COD_WITH_FULL_DATA, MQRO_EXPIRATION_WITH_FULL_DATA, MQRO_EXCEPTION_WITH_FULL_DATA, MQRO_DISCARD_MSG
75:
Default, MQRO_COPY_MSG_ID_TO_CORREL_ID, MQRO_NEW_MSG_ID, MQRO_NONE, MQRO_COA_WITH_DATA, MQRO_COD_WITH_FULL_DATA, MQRO_EXPIRATION_WITH_FULL_DATA
&lt;null&gt;
76:
Default, MQRO_COPY_MSG_ID_TO_CORREL_ID, MQRO_NEW_MSG_ID, MQRO_NONE, MQRO_PAN, MQRO_NAN, MQRO_PASS_CORREL_ID, MQRO_PASS_MSG_ID, MQRO_COA_WITH_FULL_DATA, MQRO_COD_WITH_FULL_DATA, MQRO_EXPIRATION_WITH_FULL_DATA, MQRO_EXCEPTION_WITH_FULL_DATA, MQRO_DISCARD_MSG
76:
Default, MQRO_COPY_MSG_ID_TO_CORREL_ID, MQRO_NEW_MSG_ID, MQRO_NONE, MQRO_COA_WITH_FULL_DATA, MQRO_EXPIRATION_WITH_FULL_DATA, MQRO_EXCEPTION_WITH_FULL_DATA
&lt;null&gt;
77:
Default, MQRO_COPY_MSG_ID_TO_CORREL_ID, MQRO_NEW_MSG_ID, MQRO_NONE, MQRO_PAN, MQRO_NAN, MQRO_PASS_CORREL_ID, MQRO_PASS_MSG_ID, MQRO_COA_WITH_FULL_DATA, MQRO_COD_WITH_FULL_DATA, MQRO_EXPIRATION_WITH_FULL_DATA, MQRO_EXCEPTION_WITH_FULL_DATA, MQRO_DISCARD_MSG
77:
Default, MQRO_COPY_MSG_ID_TO_CORREL_ID, MQRO_NEW_MSG_ID, MQRO_NONE, MQRO_PAN, MQRO_NAN, MQRO_PASS_CORREL_ID, MQRO_PASS_MSG_ID, MQRO_COA_WITH_FULL_DATA, MQRO_COD_WITH_FULL_DATA, MQRO_EXPIRATION_WITH_FULL_DATA, MQRO_EXCEPTION_WITH_FULL_DATA, MQRO_DISCARD_MSG
77:
Default, MQRO_COPY_MSG_ID_TO_CORREL_ID, MQRO_NEW_MSG_ID, MQRO_NONE, MQRO_NAN, MQRO_COA, MQRO_COD_WITH_DATA, MQRO_EXPIRATION_WITH_FULL_DATA, MQRO_EXCEPTION_WITH_FULL_DATA
&lt;null&gt;
78:
Default, MQRO_COPY_MSG_ID_TO_CORREL_ID, MQRO_NEW_MSG_ID, MQRO_NONE, MQRO_NAN, MQRO_EXPIRATION_WITH_FULL_DATA, MQRO_EXCEPTION_WITH_FULL_DATA
&lt;null&gt;
79:
Default, MQRO_COPY_MSG_ID_TO_CORREL_ID, MQRO_NEW_MSG_ID, MQRO_NONE, MQRO_PAN, MQRO_NAN, MQRO_PASS_CORREL_ID, MQRO_PASS_MSG_ID, MQRO_COA_WITH_FULL_DATA, MQRO_COD_WITH_FULL_DATA, MQRO_EXPIRATION_WITH_FULL_DATA, MQRO_EXCEPTION_WITH_FULL_DATA, MQRO_DISCARD_MSG
79:
Default, MQRO_COPY_MSG_ID_TO_CORREL_ID, MQRO_NEW_MSG_ID, MQRO_NONE, MQRO_PAN, MQRO_PASS_CORREL_ID, MQRO_PASS_MSG_ID, MQRO_COA_WITH_FULL_DATA, MQRO_COD_WITH_FULL_DATA, MQRO_EXPIRATION_WITH_DATA, MQRO_EXCEPTION_WITH_FULL_DATA
79:
Default, MQRO_COPY_MSG_ID_TO_CORREL_ID, MQRO_NEW_MSG_ID, MQRO_NONE, MQRO_PAN, MQRO_NAN, MQRO_PASS_CORREL_ID, MQRO_PASS_MSG_ID, MQRO_COA_WITH_FULL_DATA, MQRO_COD_WITH_FULL_DATA, MQRO_EXPIRATION_WITH_FULL_DATA, MQRO_EXCEPTION_WITH_FULL_DATA, MQRO_DISCARD_MSG
79:
Default, MQRO_COPY_MSG_ID_TO_CORREL_ID, MQRO_NEW_MSG_ID, MQRO_NONE, MQRO_NAN, MQRO_PASS_CORREL_ID, MQRO_COA, MQRO_COD_WITH_FULL_DATA, MQRO_EXPIRATION_WITH_FULL_DATA, MQRO_EXCEPTION, MQRO_DISCARD_MSG
&lt;null&gt;
80:
Default, MQRO_COPY_MSG_ID_TO_CORREL_ID, MQRO_NEW_MSG_ID, MQRO_NONE, MQRO_PAN, MQRO_NAN, MQRO_PASS_CORREL_ID, MQRO_PASS_MSG_ID, MQRO_COA_WITH_FULL_DATA, MQRO_COD_WITH_FULL_DATA, MQRO_EXPIRATION_WITH_FULL_DATA, MQRO_EXCEPTION_WITH_FULL_DATA, MQRO_DISCARD_MSG
80:
Default, MQRO_COPY_MSG_ID_TO_CORREL_ID, MQRO_NEW_MSG_ID, MQRO_NONE, MQRO_NAN, MQRO_PASS_MSG_ID, MQRO_COA, MQRO_COD_WITH_FULL_DATA, MQRO_EXPIRATION_WITH_DATA, MQRO_DISCARD_MSG
&lt;null&gt;
81:
Default, MQRO_COPY_MSG_ID_TO_CORREL_ID, MQRO_NEW_MSG_ID, MQRO_NONE, MQRO_PAN, MQRO_NAN, MQRO_PASS_CORREL_ID, MQRO_PASS_MSG_ID, MQRO_COA_WITH_FULL_DATA, MQRO_COD_WITH_FULL_DATA, MQRO_EXPIRATION_WITH_FULL_DATA, MQRO_EXCEPTION_WITH_FULL_DATA
81:
Default, MQRO_COPY_MSG_ID_TO_CORREL_ID, MQRO_NEW_MSG_ID, MQRO_NONE, MQRO_PAN, MQRO_NAN, MQRO_PASS_CORREL_ID, MQRO_PASS_MSG_ID, MQRO_COA_WITH_FULL_DATA, MQRO_COD_WITH_FULL_DATA, MQRO_EXPIRATION_WITH_FULL_DATA, MQRO_EXCEPTION_WITH_FULL_DATA, MQRO_DISCARD_MSG
81:
Default, MQRO_COPY_MSG_ID_TO_CORREL_ID, MQRO_NEW_MSG_ID, MQRO_NONE, MQRO_NAN, MQRO_PASS_CORREL_ID, MQRO_COA_WITH_DATA, MQRO_COD, MQRO_EXPIRATION_WITH_FULL_DATA, MQRO_EXCEPTION_WITH_FULL_DATA, MQRO_DISCARD_MSG
&lt;null&gt;
82:
Default, MQRO_COPY_MSG_ID_TO_CORREL_ID, MQRO_NEW_MSG_ID, MQRO_NONE, MQRO_PAN, MQRO_PASS_CORREL_ID, MQRO_PASS_MSG_ID, MQRO_COA_WITH_FULL_DATA, MQRO_COD_WITH_FULL_DATA, MQRO_EXPIRATION_WITH_DATA, MQRO_EXCEPTION_WITH_FULL_DATA, MQRO_DISCARD_MSG
82:
Default, MQRO_COPY_MSG_ID_TO_CORREL_ID, MQRO_NEW_MSG_ID, MQRO_NONE, MQRO_PAN, MQRO_NAN, MQRO_PASS_CORREL_ID, MQRO_PASS_MSG_ID, MQRO_COA_WITH_FULL_DATA, MQRO_COD_WITH_FULL_DATA, MQRO_EXPIRATION_WITH_FULL_DATA, MQRO_EXCEPTION_WITH_FULL_DATA, MQRO_DISCARD_MSG
82:
Default, MQRO_COPY_MSG_ID_TO_CORREL_ID, MQRO_NEW_MSG_ID, MQRO_NONE, MQRO_PAN, MQRO_NAN, MQRO_PASS_CORREL_ID, MQRO_PASS_MSG_ID, MQRO_COA_WITH_FULL_DATA, MQRO_COD_WITH_FULL_DATA, MQRO_EXPIRATION_WITH_FULL_DATA, MQRO_EXCEPTION_WITH_FULL_DATA, MQRO_DISCARD_MSG
82:
Default, MQRO_COPY_MSG_ID_TO_CORREL_ID, MQRO_NEW_MSG_ID, MQRO_NONE, MQRO_PASS_CORREL_ID, MQRO_COA_WITH_FULL_DATA, MQRO_EXPIRATION, MQRO_EXCEPTION, MQRO_DISCARD_MSG
&lt;null&gt;
83:
Default, MQRO_COPY_MSG_ID_TO_CORREL_ID, MQRO_NEW_MSG_ID, MQRO_NONE, MQRO_NAN, MQRO_PASS_CORREL_ID, MQRO_PASS_MSG_ID, MQRO_COA_WITH_FULL_DATA, MQRO_COD_WITH_DATA, MQRO_EXPIRATION_WITH_FULL_DATA, MQRO_EXCEPTION_WITH_DATA
&lt;null&gt;
84:
Default, MQRO_COPY_MSG_ID_TO_CORREL_ID, MQRO_NEW_MSG_ID, MQRO_NONE, MQRO_PAN, MQRO_NAN, MQRO_PASS_CORREL_ID, MQRO_PASS_MSG_ID, MQRO_COA_WITH_DATA, MQRO_COD_WITH_DATA, MQRO_EXPIRATION_WITH_DATA, MQRO_EXCEPTION_WITH_FULL_DATA, MQRO_DISCARD_MSG
84:
Default, MQRO_COPY_MSG_ID_TO_CORREL_ID, MQRO_NEW_MSG_ID, MQRO_NONE, MQRO_COA_WITH_DATA, MQRO_EXPIRATION_WITH_FULL_DATA, MQRO_DISCARD_MSG
&lt;null&gt;
85:
Default, MQRO_COPY_MSG_ID_TO_CORREL_ID, MQRO_NEW_MSG_ID, MQRO_NONE, MQRO_PAN, MQRO_NAN, MQRO_PASS_CORREL_ID, MQRO_PASS_MSG_ID, MQRO_COA_WITH_FULL_DATA, MQRO_COD_WITH_FULL_DATA, MQRO_EXPIRATION_WITH_FULL_DATA, MQRO_EXCEPTION_WITH_FULL_DATA, MQRO_DISCARD_MSG
85:
Default, MQRO_COPY_MSG_ID_TO_CORREL_ID, MQRO_NEW_MSG_ID, MQRO_NONE, MQRO_PAN, MQRO_NAN, MQRO_PASS_CORREL_ID, MQRO_PASS_MSG_ID, MQRO_COA_WITH_FULL_DATA, MQRO_COD_WITH_FULL_DATA, MQRO_EXPIRATION_WITH_FULL_DATA, MQRO_EXCEPTION_WITH_DATA, MQRO_DISCARD_MSG
85:
Default, MQRO_COPY_MSG_ID_TO_CORREL_ID, MQRO_NEW_MSG_ID, MQRO_NONE, MQRO_PAN, MQRO_PASS_CORREL_ID, MQRO_PASS_MSG_ID, MQRO_COA_WITH_FULL_DATA, MQRO_COD_WITH_FULL_DATA, MQRO_EXPIRATION_WITH_FULL_DATA, MQRO_EXCEPTION_WITH_FULL_DATA, MQRO_DISCARD_MSG
85:
Default, MQRO_COPY_MSG_ID_TO_CORREL_ID, MQRO_NEW_MSG_ID, MQRO_NONE, MQRO_PAN, MQRO_EXCEPTION_WITH_DATA
85:
Default, MQRO_COPY_MSG_ID_TO_CORREL_ID, MQRO_NEW_MSG_ID, MQRO_NONE, MQRO_PAN, MQRO_NAN, MQRO_PASS_CORREL_ID, MQRO_PASS_MSG_ID, MQRO_COA_WITH_FULL_DATA, MQRO_COD_WITH_FULL_DATA, MQRO_EXPIRATION_WITH_FULL_DATA, MQRO_EXCEPTION_WITH_FULL_DATA, MQRO_DISCARD_MSG
85:
Default, MQRO_COPY_MSG_ID_TO_CORREL_ID, MQRO_NEW_MSG_ID, MQRO_NONE, MQRO_PAN, MQRO_NAN, MQRO_PASS_CORREL_ID, MQRO_PASS_MSG_ID, MQRO_COA_WITH_DATA, MQRO_COD, MQRO_EXPIRATION_WITH_FULL_DATA, MQRO_EXCEPTION_WITH_DATA, MQRO_DISCARD_MSG
85:
Default, MQRO_COPY_MSG_ID_TO_CORREL_ID, MQRO_NEW_MSG_ID, MQRO_NONE, MQRO_PAN, MQRO_NAN, MQRO_PASS_CORREL_ID, MQRO_PASS_MSG_ID, MQRO_COA_WITH_FULL_DATA, MQRO_COD_WITH_FULL_DATA, MQRO_EXPIRATION_WITH_FULL_DATA, MQRO_EXCEPTION_WITH_FULL_DATA, MQRO_DISCARD_MSG
85:
Default, MQRO_COPY_MSG_ID_TO_CORREL_ID, MQRO_NEW_MSG_ID, MQRO_NONE, MQRO_PASS_CORREL_ID, MQRO_COA_WITH_FULL_DATA, MQRO_COD_WITH_FULL_DATA, MQRO_EXPIRATION_WITH_FULL_DATA, MQRO_EXCEPTION_WITH_FULL_DATA, MQRO_DISCARD_MSG
&lt;null&gt;
86:
MQRO_DEAD_LETTER_Q
&lt;null&gt;
87:
Default, MQRO_COPY_MSG_ID_TO_CORREL_ID, MQRO_NEW_MSG_ID, MQRO_NONE, MQRO_NAN, MQRO_PASS_CORREL_ID, MQRO_PASS_MSG_ID, MQRO_COA_WITH_FULL_DATA, MQRO_COD_WITH_FULL_DATA, MQRO_EXPIRATION_WITH_FULL_DATA, MQRO_EXCEPTION_WITH_FULL_DATA, MQRO_DISCARD_MSG
&lt;null&gt;
88:
Default, MQRO_COPY_MSG_ID_TO_CORREL_ID, MQRO_NEW_MSG_ID, MQRO_NONE, MQRO_PAN, MQRO_NAN, MQRO_PASS_CORREL_ID, MQRO_PASS_MSG_ID, MQRO_COA_WITH_FULL_DATA, MQRO_COD_WITH_FULL_DATA, MQRO_EXPIRATION_WITH_FULL_DATA, MQRO_EXCEPTION_WITH_FULL_DATA, MQRO_DISCARD_MSG
88:
Default, MQRO_COPY_MSG_ID_TO_CORREL_ID, MQRO_NEW_MSG_ID, MQRO_NONE, MQRO_PAN, MQRO_NAN, MQRO_PASS_CORREL_ID, MQRO_PASS_MSG_ID, MQRO_COA_WITH_FULL_DATA, MQRO_COD_WITH_FULL_DATA, MQRO_EXPIRATION_WITH_FULL_DATA, MQRO_EXCEPTION_WITH_FULL_DATA, MQRO_DISCARD_MSG
88:
MQRO_DEAD_LETTER_Q
&lt;null&gt;
89:
Default, MQRO_COPY_MSG_ID_TO_CORREL_ID, MQRO_NEW_MSG_ID, MQRO_NONE, MQRO_PAN, MQRO_NAN, MQRO_PASS_CORREL_ID, MQRO_PASS_MSG_ID, MQRO_COA_WITH_FULL_DATA, MQRO_COD_WITH_FULL_DATA, MQRO_EXPIRATION_WITH_FULL_DATA, MQRO_EXCEPTION_WITH_FULL_DATA, MQRO_DISCARD_MSG
89:
Default, MQRO_COPY_MSG_ID_TO_CORREL_ID, MQRO_NEW_MSG_ID, MQRO_NONE, MQRO_PAN, MQRO_NAN, MQRO_PASS_CORREL_ID, MQRO_PASS_MSG_ID, MQRO_COA_WITH_FULL_DATA, MQRO_COD_WITH_DATA, MQRO_EXCEPTION, MQRO_DISCARD_MSG
89:
Default, MQRO_COPY_MSG_ID_TO_CORREL_ID, MQRO_NEW_MSG_ID, MQRO_NONE, MQRO_PASS_MSG_ID, MQRO_COA, MQRO_COD, MQRO_EXPIRATION_WITH_FULL_DATA, MQRO_EXCEPTION_WITH_DATA
&lt;null&gt;
90:
Default, MQRO_COPY_MSG_ID_TO_CORREL_ID, MQRO_NEW_MSG_ID, MQRO_NONE, MQRO_PAN, MQRO_NAN, MQRO_PASS_CORREL_ID, MQRO_PASS_MSG_ID, MQRO_COA_WITH_FULL_DATA, MQRO_COD_WITH_FULL_DATA, MQRO_EXPIRATION_WITH_FULL_DATA, MQRO_EXCEPTION_WITH_FULL_DATA, MQRO_DISCARD_MSG
90:
Default, MQRO_COPY_MSG_ID_TO_CORREL_ID, MQRO_NEW_MSG_ID, MQRO_NONE, MQRO_PAN, MQRO_NAN, MQRO_PASS_CORREL_ID, MQRO_PASS_MSG_ID, MQRO_COA_WITH_FULL_DATA, MQRO_COD_WITH_DATA, MQRO_EXPIRATION_WITH_FULL_DATA, MQRO_EXCEPTION_WITH_FULL_DATA, MQRO_DISCARD_MSG
90:
MQRO_DEAD_LETTER_Q
&lt;null&gt;
91:
Default, MQRO_COPY_MSG_ID_TO_CORREL_ID, MQRO_NEW_MSG_ID, MQRO_NONE, MQRO_NAN, MQRO_PASS_CORREL_ID, MQRO_PASS_MSG_ID, MQRO_COA_WITH_DATA, MQRO_COD_WITH_DATA, MQRO_EXPIRATION_WITH_FULL_DATA, MQRO_EXCEPTION_WITH_FULL_DATA, MQRO_DISCARD_MSG
&lt;null&gt;
92:
Default, MQRO_COPY_MSG_ID_TO_CORREL_ID, MQRO_NEW_MSG_ID, MQRO_NONE, MQRO_PAN, MQRO_NAN, MQRO_PASS_CORREL_ID, MQRO_PASS_MSG_ID, MQRO_COA_WITH_FULL_DATA, MQRO_COD_WITH_FULL_DATA, MQRO_EXPIRATION_WITH_FULL_DATA, MQRO_EXCEPTION_WITH_FULL_DATA, MQRO_DISCARD_MSG
92:
Default, MQRO_COPY_MSG_ID_TO_CORREL_ID, MQRO_NEW_MSG_ID, MQRO_NONE, MQRO_PASS_MSG_ID, MQRO_COA_WITH_FULL_DATA, MQRO_COD_WITH_FULL_DATA, MQRO_EXPIRATION_WITH_FULL_DATA, MQRO_EXCEPTION_WITH_FULL_DATA
&lt;null&gt;
93:
Default, MQRO_COPY_MSG_ID_TO_CORREL_ID, MQRO_NEW_MSG_ID, MQRO_NONE, MQRO_PAN, MQRO_NAN, MQRO_PASS_MSG_ID, MQRO_COA_WITH_FULL_DATA, MQRO_COD_WITH_FULL_DATA, MQRO_EXPIRATION_WITH_FULL_DATA, MQRO_EXCEPTION_WITH_FULL_DATA, MQRO_DISCARD_MSG
93:
Default, MQRO_COPY_MSG_ID_TO_CORREL_ID, MQRO_NEW_MSG_ID, MQRO_NONE, MQRO_PAN, MQRO_PASS_CORREL_ID, MQRO_PASS_MSG_ID, MQRO_COA_WITH_FULL_DATA, MQRO_COD_WITH_DATA, MQRO_EXPIRATION_WITH_DATA, MQRO_EXCEPTION, MQRO_DISCARD_MSG
93:
Default, MQRO_COPY_MSG_ID_TO_CORREL_ID, MQRO_NEW_MSG_ID, MQRO_NONE, MQRO_PAN, MQRO_NAN, MQRO_PASS_CORREL_ID, MQRO_PASS_MSG_ID, MQRO_COA_WITH_FULL_DATA, MQRO_COD_WITH_FULL_DATA, MQRO_EXPIRATION_WITH_FULL_DATA, MQRO_EXCEPTION_WITH_FULL_DATA, MQRO_DISCARD_MSG
93:
Default, MQRO_COPY_MSG_ID_TO_CORREL_ID, MQRO_NEW_MSG_ID, MQRO_NONE, MQRO_PAN, MQRO_NAN, MQRO_PASS_CORREL_ID, MQRO_PASS_MSG_ID, MQRO_COA_WITH_FULL_DATA, MQRO_COD_WITH_FULL_DATA, MQRO_EXPIRATION_WITH_DATA, MQRO_EXCEPTION_WITH_FULL_DATA, MQRO_DISCARD_MSG
93:
Default, MQRO_COPY_MSG_ID_TO_CORREL_ID, MQRO_NEW_MSG_ID, MQRO_NONE, MQRO_PAN, MQRO_NAN, MQRO_PASS_CORREL_ID, MQRO_PASS_MSG_ID, MQRO_COA_WITH_DATA, MQRO_COD_WITH_DATA, MQRO_EXPIRATION_WITH_DATA, MQRO_EXCEPTION_WITH_FULL_DATA, MQRO_DISCARD_MSG
93:
Default, MQRO_COPY_MSG_ID_TO_CORREL_ID, MQRO_NEW_MSG_ID, MQRO_NONE, MQRO_PAN, MQRO_NAN, MQRO_PASS_CORREL_ID, MQRO_PASS_MSG_ID, MQRO_COA_WITH_FULL_DATA, MQRO_COD_WITH_FULL_DATA, MQRO_EXPIRATION_WITH_FULL_DATA, MQRO_EXCEPTION_WITH_FULL_DATA, MQRO_DISCARD_MSG
93:
Default, MQRO_COPY_MSG_ID_TO_CORREL_ID, MQRO_NEW_MSG_ID, MQRO_NONE, MQRO_PAN, MQRO_PASS_CORREL_ID, MQRO_PASS_MSG_ID, MQRO_EXPIRATION_WITH_FULL_DATA, MQRO_EXCEPTION_WITH_FULL_DATA, MQRO_DISCARD_MSG
93:
Default, MQRO_COPY_MSG_ID_TO_CORREL_ID, MQRO_NEW_MSG_ID, MQRO_NONE, MQRO_EXCEPTION
&lt;null&gt;
94:
Default, MQRO_COPY_MSG_ID_TO_CORREL_ID, MQRO_NEW_MSG_ID, MQRO_NONE, MQRO_PAN, MQRO_NAN, MQRO_PASS_CORREL_ID, MQRO_PASS_MSG_ID, MQRO_COA_WITH_FULL_DATA, MQRO_COD_WITH_FULL_DATA, MQRO_EXPIRATION_WITH_FULL_DATA, MQRO_EXCEPTION_WITH_DATA, MQRO_DISCARD_MSG
94:
Default, MQRO_COPY_MSG_ID_TO_CORREL_ID, MQRO_NEW_MSG_ID, MQRO_NONE, MQRO_NAN, MQRO_COA_WITH_FULL_DATA, MQRO_COD_WITH_DATA, MQRO_EXPIRATION_WITH_DATA, MQRO_EXCEPTION_WITH_DATA, MQRO_DISCARD_MSG
&lt;null&gt;
95:
Default, MQRO_COPY_MSG_ID_TO_CORREL_ID, MQRO_NEW_MSG_ID, MQRO_NONE, MQRO_PAN, MQRO_NAN, MQRO_PASS_MSG_ID, MQRO_COA_WITH_FULL_DATA, MQRO_COD_WITH_FULL_DATA, MQRO_EXPIRATION_WITH_FULL_DATA, MQRO_EXCEPTION_WITH_FULL_DATA, MQRO_DISCARD_MSG
95:
Default, MQRO_COPY_MSG_ID_TO_CORREL_ID, MQRO_NEW_MSG_ID, MQRO_NONE, MQRO_PAN, MQRO_PASS_MSG_ID, MQRO_COA_WITH_FULL_DATA, MQRO_COD, MQRO_EXPIRATION, MQRO_EXCEPTION_WITH_FULL_DATA
95:
Default, MQRO_COPY_MSG_ID_TO_CORREL_ID, MQRO_NEW_MSG_ID, MQRO_NONE, MQRO_PAN, MQRO_NAN, MQRO_PASS_CORREL_ID, MQRO_PASS_MSG_ID, MQRO_COA_WITH_FULL_DATA, MQRO_COD_WITH_FULL_DATA, MQRO_EXPIRATION_WITH_FULL_DATA, MQRO_EXCEPTION_WITH_FULL_DATA
95:
Default, MQRO_COPY_MSG_ID_TO_CORREL_ID, MQRO_NEW_MSG_ID, MQRO_NONE, MQRO_PAN, MQRO_NAN, MQRO_PASS_CORREL_ID, MQRO_PASS_MSG_ID, MQRO_COA_WITH_FULL_DATA, MQRO_COD_WITH_FULL_DATA, MQRO_EXPIRATION_WITH_FULL_DATA, MQRO_EXCEPTION_WITH_FULL_DATA, MQRO_DISCARD_MSG
95:
Default, MQRO_COPY_MSG_ID_TO_CORREL_ID, MQRO_NEW_MSG_ID, MQRO_NONE, MQRO_PAN, MQRO_NAN, MQRO_PASS_CORREL_ID, MQRO_PASS_MSG_ID, MQRO_COA_WITH_FULL_DATA, MQRO_COD_WITH_FULL_DATA, MQRO_EXPIRATION_WITH_FULL_DATA, MQRO_EXCEPTION_WITH_DATA, MQRO_DISCARD_MSG
95:
Default, MQRO_COPY_MSG_ID_TO_CORREL_ID, MQRO_NEW_MSG_ID, MQRO_NONE, MQRO_PAN, MQRO_NAN, MQRO_PASS_CORREL_ID, MQRO_PASS_MSG_ID, MQRO_COA_WITH_FULL_DATA, MQRO_COD_WITH_FULL_DATA, MQRO_EXPIRATION_WITH_FULL_DATA, MQRO_EXCEPTION_WITH_FULL_DATA, MQRO_DISCARD_MSG
95:
Default, MQRO_COPY_MSG_ID_TO_CORREL_ID, MQRO_NEW_MSG_ID, MQRO_NONE, MQRO_PAN, MQRO_PASS_CORREL_ID, MQRO_PASS_MSG_ID, MQRO_COA_WITH_FULL_DATA, MQRO_COD_WITH_FULL_DATA, MQRO_EXPIRATION_WITH_FULL_DATA, MQRO_EXCEPTION_WITH_FULL_DATA
95:
Default, MQRO_COPY_MSG_ID_TO_CORREL_ID, MQRO_NEW_MSG_ID, MQRO_NONE, MQRO_NAN, MQRO_PASS_CORREL_ID, MQRO_PASS_MSG_ID, MQRO_COA_WITH_DATA, MQRO_COD_WITH_FULL_DATA, MQRO_EXPIRATION_WITH_DATA, MQRO_EXCEPTION, MQRO_DISCARD_MSG
&lt;null&gt;
96:
Default, MQRO_COPY_MSG_ID_TO_CORREL_ID, MQRO_NEW_MSG_ID, MQRO_NONE, MQRO_NAN, MQRO_PASS_CORREL_ID, MQRO_PASS_MSG_ID, MQRO_COA_WITH_DATA, MQRO_COD_WITH_FULL_DATA, MQRO_EXPIRATION_WITH_FULL_DATA, MQRO_EXCEPTION_WITH_FULL_DATA, MQRO_DISCARD_MSG
&lt;null&gt;
97:
Default, MQRO_COPY_MSG_ID_TO_CORREL_ID, MQRO_NEW_MSG_ID, MQRO_NONE, MQRO_PAN, MQRO_NAN, MQRO_PASS_CORREL_ID, MQRO_PASS_MSG_ID, MQRO_COA_WITH_FULL_DATA, MQRO_COD_WITH_FULL_DATA, MQRO_EXPIRATION_WITH_FULL_DATA, MQRO_EXCEPTION_WITH_FULL_DATA, MQRO_DISCARD_MSG
97:
Default, MQRO_COPY_MSG_ID_TO_CORREL_ID, MQRO_NEW_MSG_ID, MQRO_NONE, MQRO_PAN, MQRO_NAN, MQRO_PASS_CORREL_ID, MQRO_PASS_MSG_ID, MQRO_COA_WITH_FULL_DATA, MQRO_COD_WITH_FULL_DATA, MQRO_EXPIRATION_WITH_FULL_DATA, MQRO_EXCEPTION_WITH_FULL_DATA, MQRO_DISCARD_MSG
97:
Default, MQRO_COPY_MSG_ID_TO_CORREL_ID, MQRO_NEW_MSG_ID, MQRO_NONE, MQRO_PAN, MQRO_PASS_CORREL_ID, MQRO_COA_WITH_FULL_DATA, MQRO_COD_WITH_DATA, MQRO_EXPIRATION_WITH_DATA, MQRO_EXCEPTION
97:
Default, MQRO_COPY_MSG_ID_TO_CORREL_ID, MQRO_NEW_MSG_ID, MQRO_NONE, MQRO_PAN, MQRO_NAN, MQRO_PASS_CORREL_ID, MQRO_PASS_MSG_ID, MQRO_COA_WITH_DATA, MQRO_COD_WITH_FULL_DATA, MQRO_EXPIRATION_WITH_FULL_DATA, MQRO_EXCEPTION_WITH_FULL_DATA, MQRO_DISCARD_MSG
97:
Default, MQRO_COPY_MSG_ID_TO_CORREL_ID, MQRO_NEW_MSG_ID, MQRO_NONE, MQRO_PAN, MQRO_PASS_CORREL_ID, MQRO_COA_WITH_FULL_DATA, MQRO_COD, MQRO_EXPIRATION_WITH_FULL_DATA, MQRO_EXCEPTION_WITH_FULL_DATA, MQRO_DISCARD_MSG
97:
Default, MQRO_COPY_MSG_ID_TO_CORREL_ID, MQRO_NEW_MSG_ID, MQRO_NONE, MQRO_PAN, MQRO_NAN, MQRO_PASS_CORREL_ID, MQRO_PASS_MSG_ID, MQRO_COA_WITH_FULL_DATA, MQRO_COD_WITH_FULL_DATA, MQRO_EXPIRATION_WITH_FULL_DATA, MQRO_EXCEPTION_WITH_FULL_DATA, MQRO_DISCARD_MSG
97:
Default, MQRO_COPY_MSG_ID_TO_CORREL_ID, MQRO_NEW_MSG_ID, MQRO_NONE, MQRO_PAN, MQRO_COD_WITH_FULL_DATA, MQRO_EXCEPTION_WITH_DATA
97:
Default, MQRO_COPY_MSG_ID_TO_CORREL_ID, MQRO_NEW_MSG_ID, MQRO_NONE, MQRO_PAN, MQRO_PASS_CORREL_ID, MQRO_PASS_MSG_ID, MQRO_COA_WITH_FULL_DATA, MQRO_COD_WITH_FULL_DATA, MQRO_EXPIRATION_WITH_FULL_DATA, MQRO_EXCEPTION_WITH_FULL_DATA, MQRO_DISCARD_MSG
97:
Default, MQRO_COPY_MSG_ID_TO_CORREL_ID, MQRO_NEW_MSG_ID, MQRO_NONE, MQRO_PASS_CORREL_ID, MQRO_COD_WITH_DATA, MQRO_EXCEPTION_WITH_FULL_DATA
&lt;null&gt;
98:
Default, MQRO_COPY_MSG_ID_TO_CORREL_ID, MQRO_NEW_MSG_ID, MQRO_NONE, MQRO_PAN, MQRO_NAN, MQRO_PASS_CORREL_ID, MQRO_PASS_MSG_ID, MQRO_COA_WITH_FULL_DATA, MQRO_COD_WITH_FULL_DATA, MQRO_EXPIRATION_WITH_FULL_DATA, MQRO_EXCEPTION_WITH_FULL_DATA, MQRO_DISCARD_MSG
98:
Default, MQRO_COPY_MSG_ID_TO_CORREL_ID, MQRO_NEW_MSG_ID, MQRO_NONE, MQRO_PAN, MQRO_PASS_CORREL_ID, MQRO_COA, MQRO_COD_WITH_FULL_DATA, MQRO_EXPIRATION_WITH_FULL_DATA, MQRO_EXCEPTION_WITH_DATA, MQRO_DISCARD_MSG
98:
Default, MQRO_COPY_MSG_ID_TO_CORREL_ID, MQRO_NEW_MSG_ID, MQRO_NONE, MQRO_PAN, MQRO_NAN, MQRO_PASS_CORREL_ID, MQRO_COD, MQRO_EXPIRATION_WITH_DATA, MQRO_EXCEPTION_WITH_FULL_DATA
98:
MQRO_DEAD_LETTER_Q
&lt;null&gt;
99:
Default, MQRO_COPY_MSG_ID_TO_CORREL_ID, MQRO_NEW_MSG_ID, MQRO_NONE, MQRO_PAN, MQRO_NAN, MQRO_PASS_MSG_ID, MQRO_COA_WITH_FULL_DATA, MQRO_COD_WITH_FULL_DATA, MQRO_EXPIRATION_WITH_FULL_DATA, MQRO_EXCEPTION_WITH_FULL_DATA, MQRO_DISCARD_MSG
99:
Default, MQRO_COPY_MSG_ID_TO_CORREL_ID, MQRO_NEW_MSG_ID, MQRO_NONE, MQRO_PAN, MQRO_NAN, MQRO_PASS_CORREL_ID, MQRO_PASS_MSG_ID, MQRO_COA_WITH_FULL_DATA, MQRO_COD_WITH_FULL_DATA, MQRO_EXPIRATION_WITH_FULL_DATA, MQRO_EXCEPTION_WITH_FULL_DATA, MQRO_DISCARD_MSG
99:
Default, MQRO_COPY_MSG_ID_TO_CORREL_ID, MQRO_NEW_MSG_ID, MQRO_NONE, MQRO_PAN, MQRO_PASS_CORREL_ID, MQRO_COA_WITH_FULL_DATA, MQRO_COD_WITH_FULL_DATA, MQRO_EXCEPTION_WITH_DATA, MQRO_DISCARD_MSG
99:
Default, MQRO_COPY_MSG_ID_TO_CORREL_ID, MQRO_NEW_MSG_ID, MQRO_NONE, MQRO_NAN, MQRO_PASS_CORREL_ID, MQRO_PASS_MSG_ID, MQRO_COA_WITH_FULL_DATA, MQRO_COD_WITH_FULL_DATA, MQRO_EXPIRATION_WITH_FULL_DATA, MQRO_EXCEPTION_WITH_FULL_DATA
&lt;null&gt;
Ok, passed 100 tests.</StdOut>
      </Output>
    </UnitTestResult>
    <UnitTestResult executionId="1cdfdf7a-f2de-4f09-b87a-e6b3d0fa22fb" testId="f668879a-374b-4262-b665-916bdc526f6f" testName="ReportPositiveAcknolegdementNotification_ForAllReport_Returns1IfInReport" computerName="ICSWS068" duration="00:00:00.0229449" startTime="2016-08-04T09:57:41.2260221+02:00" endTime="2016-08-04T09:57:41.2505651+02:00" testType="13cdc9d9-ddb5-4fa4-a97d-d965ccfc6d4b" outcome="Passed" testListId="8c84fa94-04c1-424b-9868-57a2d4851a1d" relativeResultsDirectory="1cdfdf7a-f2de-4f09-b87a-e6b3d0fa22fb">
      <Output>
        <StdOut>0:
MQRO_DEAD_LETTER_Q
0:
Default, MQRO_COPY_MSG_ID_TO_CORREL_ID, MQRO_NEW_MSG_ID, MQRO_NONE, MQRO_EXPIRATION
0:
Default, MQRO_COPY_MSG_ID_TO_CORREL_ID, MQRO_NEW_MSG_ID, MQRO_NONE, MQRO_PASS_MSG_ID, MQRO_COA_WITH_FULL_DATA
0:
Default, MQRO_COPY_MSG_ID_TO_CORREL_ID, MQRO_NEW_MSG_ID, MQRO_NONE, MQRO_COA_WITH_FULL_DATA
0:
Default, MQRO_COPY_MSG_ID_TO_CORREL_ID, MQRO_NEW_MSG_ID, MQRO_NONE, MQRO_NAN
0:
Default, MQRO_COPY_MSG_ID_TO_CORREL_ID, MQRO_NEW_MSG_ID, MQRO_NONE, MQRO_PASS_CORREL_ID
0:
Default, MQRO_COPY_MSG_ID_TO_CORREL_ID, MQRO_NEW_MSG_ID, MQRO_NONE, MQRO_NAN, MQRO_PASS_MSG_ID, MQRO_COA, MQRO_COD_WITH_FULL_DATA, MQRO_EXCEPTION_WITH_DATA
0:
Default, MQRO_COPY_MSG_ID_TO_CORREL_ID, MQRO_NEW_MSG_ID, MQRO_NONE, MQRO_COA_WITH_FULL_DATA, MQRO_COD_WITH_FULL_DATA, MQRO_EXPIRATION_WITH_FULL_DATA
0:
MQRO_DEAD_LETTER_Q
0:
MQRO_DEAD_LETTER_Q
0:
Default, MQRO_COPY_MSG_ID_TO_CORREL_ID, MQRO_NEW_MSG_ID, MQRO_NONE, MQRO_EXCEPTION_WITH_DATA
0:
Default, MQRO_COPY_MSG_ID_TO_CORREL_ID, MQRO_NEW_MSG_ID, MQRO_NONE, MQRO_PASS_MSG_ID, MQRO_COD_WITH_FULL_DATA, MQRO_EXPIRATION_WITH_FULL_DATA, MQRO_DISCARD_MSG
0:
Default, MQRO_COPY_MSG_ID_TO_CORREL_ID, MQRO_NEW_MSG_ID, MQRO_NONE, MQRO_PAN, MQRO_NAN, MQRO_PASS_MSG_ID, MQRO_COA, MQRO_COD_WITH_FULL_DATA, MQRO_EXPIRATION_WITH_FULL_DATA, MQRO_EXCEPTION_WITH_FULL_DATA
&lt;null&gt;
1:
Default, MQRO_COPY_MSG_ID_TO_CORREL_ID, MQRO_NEW_MSG_ID, MQRO_NONE, MQRO_PAN, MQRO_PASS_CORREL_ID, MQRO_COD, MQRO_EXPIRATION_WITH_DATA, MQRO_EXCEPTION_WITH_DATA, MQRO_DISCARD_MSG
&lt;null&gt;
2:
Default, MQRO_COPY_MSG_ID_TO_CORREL_ID, MQRO_NEW_MSG_ID, MQRO_NONE, MQRO_PASS_CORREL_ID, MQRO_COD_WITH_FULL_DATA, MQRO_EXPIRATION_WITH_FULL_DATA
2:
Default, MQRO_COPY_MSG_ID_TO_CORREL_ID, MQRO_NEW_MSG_ID, MQRO_NONE, MQRO_PAN
&lt;null&gt;
3:
MQRO_DEAD_LETTER_Q
3:
Default, MQRO_COPY_MSG_ID_TO_CORREL_ID, MQRO_NEW_MSG_ID, MQRO_NONE, MQRO_PASS_CORREL_ID, MQRO_PASS_MSG_ID, MQRO_COA, MQRO_COD_WITH_FULL_DATA
3:
Default, MQRO_COPY_MSG_ID_TO_CORREL_ID, MQRO_NEW_MSG_ID, MQRO_NONE, MQRO_PAN, MQRO_PASS_CORREL_ID, MQRO_PASS_MSG_ID, MQRO_COA_WITH_DATA, MQRO_COD_WITH_FULL_DATA, MQRO_EXPIRATION_WITH_FULL_DATA, MQRO_EXCEPTION
&lt;null&gt;
4:
Default, MQRO_COPY_MSG_ID_TO_CORREL_ID, MQRO_NEW_MSG_ID, MQRO_NONE, MQRO_PAN, MQRO_PASS_MSG_ID, MQRO_COD, MQRO_EXCEPTION_WITH_FULL_DATA
&lt;null&gt;
5:
MQRO_DEAD_LETTER_Q
5:
Default, MQRO_COPY_MSG_ID_TO_CORREL_ID, MQRO_NEW_MSG_ID, MQRO_NONE, MQRO_NAN, MQRO_PASS_MSG_ID, MQRO_COA_WITH_FULL_DATA, MQRO_COD, MQRO_EXPIRATION_WITH_FULL_DATA
5:
Default, MQRO_COPY_MSG_ID_TO_CORREL_ID, MQRO_NEW_MSG_ID, MQRO_NONE, MQRO_COA_WITH_DATA
5:
Default, MQRO_COPY_MSG_ID_TO_CORREL_ID, MQRO_NEW_MSG_ID, MQRO_NONE, MQRO_PAN, MQRO_NAN, MQRO_PASS_MSG_ID, MQRO_COA_WITH_FULL_DATA, MQRO_EXCEPTION_WITH_FULL_DATA
&lt;null&gt;
6:
Default, MQRO_COPY_MSG_ID_TO_CORREL_ID, MQRO_NEW_MSG_ID, MQRO_NONE, MQRO_PAN, MQRO_PASS_MSG_ID, MQRO_COD_WITH_DATA, MQRO_EXPIRATION_WITH_DATA, MQRO_EXCEPTION
&lt;null&gt;
7:
Default, MQRO_COPY_MSG_ID_TO_CORREL_ID, MQRO_NEW_MSG_ID, MQRO_NONE, MQRO_NAN, MQRO_PASS_CORREL_ID, MQRO_COA_WITH_FULL_DATA, MQRO_COD_WITH_DATA, MQRO_EXCEPTION_WITH_DATA, MQRO_DISCARD_MSG
7:
Default, MQRO_COPY_MSG_ID_TO_CORREL_ID, MQRO_NEW_MSG_ID, MQRO_NONE, MQRO_PAN, MQRO_PASS_CORREL_ID, MQRO_COA_WITH_FULL_DATA, MQRO_COD_WITH_DATA, MQRO_EXCEPTION, MQRO_DISCARD_MSG
&lt;null&gt;
8:
Default, MQRO_COPY_MSG_ID_TO_CORREL_ID, MQRO_NEW_MSG_ID, MQRO_NONE, MQRO_PASS_MSG_ID, MQRO_COD
8:
Default, MQRO_COPY_MSG_ID_TO_CORREL_ID, MQRO_NEW_MSG_ID, MQRO_NONE, MQRO_PAN, MQRO_COA_WITH_DATA, MQRO_EXPIRATION_WITH_DATA, MQRO_DISCARD_MSG
&lt;null&gt;
9:
Default, MQRO_COPY_MSG_ID_TO_CORREL_ID, MQRO_NEW_MSG_ID, MQRO_NONE, MQRO_PASS_MSG_ID, MQRO_COD_WITH_DATA
9:
Default, MQRO_COPY_MSG_ID_TO_CORREL_ID, MQRO_NEW_MSG_ID, MQRO_NONE, MQRO_PAN, MQRO_PASS_MSG_ID, MQRO_COA_WITH_FULL_DATA, MQRO_COD, MQRO_EXPIRATION_WITH_FULL_DATA, MQRO_EXCEPTION_WITH_FULL_DATA, MQRO_DISCARD_MSG
&lt;null&gt;
10:
Default, MQRO_COPY_MSG_ID_TO_CORREL_ID, MQRO_NEW_MSG_ID, MQRO_NONE, MQRO_PASS_CORREL_ID, MQRO_COA, MQRO_EXPIRATION_WITH_FULL_DATA
10:
Default, MQRO_COPY_MSG_ID_TO_CORREL_ID, MQRO_NEW_MSG_ID, MQRO_NONE, MQRO_PAN, MQRO_NAN, MQRO_PASS_MSG_ID, MQRO_COA, MQRO_COD_WITH_DATA, MQRO_EXPIRATION_WITH_DATA, MQRO_DISCARD_MSG
&lt;null&gt;
11:
Default, MQRO_COPY_MSG_ID_TO_CORREL_ID, MQRO_NEW_MSG_ID, MQRO_NONE, MQRO_PAN, MQRO_PASS_CORREL_ID, MQRO_COA_WITH_FULL_DATA, MQRO_EXCEPTION, MQRO_DISCARD_MSG
&lt;null&gt;
12:
Default, MQRO_COPY_MSG_ID_TO_CORREL_ID, MQRO_NEW_MSG_ID, MQRO_NONE, MQRO_PAN, MQRO_NAN, MQRO_PASS_CORREL_ID, MQRO_COA, MQRO_COD_WITH_FULL_DATA, MQRO_EXPIRATION_WITH_FULL_DATA, MQRO_EXCEPTION_WITH_FULL_DATA
&lt;null&gt;
13:
Default, MQRO_COPY_MSG_ID_TO_CORREL_ID, MQRO_NEW_MSG_ID, MQRO_NONE, MQRO_COD_WITH_FULL_DATA
13:
Default, MQRO_COPY_MSG_ID_TO_CORREL_ID, MQRO_NEW_MSG_ID, MQRO_NONE, MQRO_COD
13:
Default, MQRO_COPY_MSG_ID_TO_CORREL_ID, MQRO_NEW_MSG_ID, MQRO_NONE, MQRO_NAN, MQRO_PASS_MSG_ID, MQRO_COD_WITH_DATA, MQRO_EXCEPTION, MQRO_DISCARD_MSG
13:
Default, MQRO_COPY_MSG_ID_TO_CORREL_ID, MQRO_NEW_MSG_ID, MQRO_NONE, MQRO_PAN, MQRO_NAN, MQRO_PASS_CORREL_ID, MQRO_PASS_MSG_ID, MQRO_COA_WITH_FULL_DATA, MQRO_COD_WITH_FULL_DATA, MQRO_EXPIRATION_WITH_FULL_DATA, MQRO_EXCEPTION_WITH_FULL_DATA
&lt;null&gt;
14:
Default, MQRO_COPY_MSG_ID_TO_CORREL_ID, MQRO_NEW_MSG_ID, MQRO_NONE, MQRO_NAN, MQRO_COA, MQRO_EXPIRATION_WITH_FULL_DATA, MQRO_EXCEPTION_WITH_FULL_DATA, MQRO_DISCARD_MSG
14:
MQRO_DEAD_LETTER_Q
14:
Default, MQRO_COPY_MSG_ID_TO_CORREL_ID, MQRO_NEW_MSG_ID, MQRO_NONE, MQRO_PAN
&lt;null&gt;
15:
Default, MQRO_COPY_MSG_ID_TO_CORREL_ID, MQRO_NEW_MSG_ID, MQRO_NONE, MQRO_COA, MQRO_EXCEPTION
15:
Default, MQRO_COPY_MSG_ID_TO_CORREL_ID, MQRO_NEW_MSG_ID, MQRO_NONE, MQRO_PAN, MQRO_NAN, MQRO_PASS_CORREL_ID, MQRO_PASS_MSG_ID, MQRO_COA_WITH_FULL_DATA, MQRO_COD_WITH_DATA, MQRO_EXPIRATION_WITH_DATA, MQRO_EXCEPTION_WITH_DATA, MQRO_DISCARD_MSG
&lt;null&gt;
16:
Default, MQRO_COPY_MSG_ID_TO_CORREL_ID, MQRO_NEW_MSG_ID, MQRO_NONE, MQRO_PAN, MQRO_COA, MQRO_COD, MQRO_EXCEPTION_WITH_FULL_DATA, MQRO_DISCARD_MSG
&lt;null&gt;
17:
Default, MQRO_COPY_MSG_ID_TO_CORREL_ID, MQRO_NEW_MSG_ID, MQRO_NONE, MQRO_PASS_CORREL_ID, MQRO_COA_WITH_FULL_DATA, MQRO_EXCEPTION
17:
Default, MQRO_COPY_MSG_ID_TO_CORREL_ID, MQRO_NEW_MSG_ID, MQRO_NONE, MQRO_PAN, MQRO_PASS_MSG_ID, MQRO_COA, MQRO_COD_WITH_FULL_DATA, MQRO_EXPIRATION_WITH_FULL_DATA, MQRO_EXCEPTION_WITH_FULL_DATA, MQRO_DISCARD_MSG
&lt;null&gt;
18:
Default, MQRO_COPY_MSG_ID_TO_CORREL_ID, MQRO_NEW_MSG_ID, MQRO_NONE, MQRO_NAN, MQRO_PASS_CORREL_ID, MQRO_COA_WITH_DATA, MQRO_COD_WITH_DATA, MQRO_EXPIRATION_WITH_FULL_DATA, MQRO_EXCEPTION_WITH_FULL_DATA, MQRO_DISCARD_MSG
18:
Default, MQRO_COPY_MSG_ID_TO_CORREL_ID, MQRO_NEW_MSG_ID, MQRO_NONE, MQRO_PASS_CORREL_ID, MQRO_COA_WITH_FULL_DATA, MQRO_COD_WITH_FULL_DATA, MQRO_EXCEPTION_WITH_DATA, MQRO_DISCARD_MSG
18:
Default, MQRO_COPY_MSG_ID_TO_CORREL_ID, MQRO_NEW_MSG_ID, MQRO_NONE, MQRO_NAN, MQRO_PASS_CORREL_ID, MQRO_COA_WITH_FULL_DATA, MQRO_COD_WITH_FULL_DATA, MQRO_EXPIRATION_WITH_FULL_DATA
18:
Default, MQRO_COPY_MSG_ID_TO_CORREL_ID, MQRO_NEW_MSG_ID, MQRO_NONE, MQRO_COA, MQRO_COD, MQRO_EXPIRATION, MQRO_DISCARD_MSG
18:
Default, MQRO_COPY_MSG_ID_TO_CORREL_ID, MQRO_NEW_MSG_ID, MQRO_NONE, MQRO_NAN, MQRO_PASS_CORREL_ID, MQRO_COA_WITH_DATA, MQRO_COD_WITH_FULL_DATA, MQRO_EXPIRATION_WITH_FULL_DATA, MQRO_EXCEPTION_WITH_FULL_DATA
18:
Default, MQRO_COPY_MSG_ID_TO_CORREL_ID, MQRO_NEW_MSG_ID, MQRO_NONE, MQRO_PASS_CORREL_ID, MQRO_COD_WITH_FULL_DATA, MQRO_EXCEPTION_WITH_FULL_DATA
18:
Default, MQRO_COPY_MSG_ID_TO_CORREL_ID, MQRO_NEW_MSG_ID, MQRO_NONE, MQRO_NAN, MQRO_COA_WITH_DATA, MQRO_COD_WITH_FULL_DATA, MQRO_EXPIRATION_WITH_DATA, MQRO_EXCEPTION_WITH_FULL_DATA, MQRO_DISCARD_MSG
18:
Default, MQRO_COPY_MSG_ID_TO_CORREL_ID, MQRO_NEW_MSG_ID, MQRO_NONE, MQRO_PASS_MSG_ID, MQRO_COA_WITH_DATA, MQRO_EXCEPTION
18:
MQRO_DEAD_LETTER_Q
18:
Default, MQRO_COPY_MSG_ID_TO_CORREL_ID, MQRO_NEW_MSG_ID, MQRO_NONE, MQRO_COA, MQRO_EXPIRATION_WITH_FULL_DATA
18:
Default, MQRO_COPY_MSG_ID_TO_CORREL_ID, MQRO_NEW_MSG_ID, MQRO_NONE, MQRO_COA_WITH_FULL_DATA, MQRO_COD_WITH_FULL_DATA, MQRO_EXCEPTION_WITH_DATA
18:
Default, MQRO_COPY_MSG_ID_TO_CORREL_ID, MQRO_NEW_MSG_ID, MQRO_NONE, MQRO_PAN, MQRO_NAN, MQRO_PASS_CORREL_ID, MQRO_PASS_MSG_ID, MQRO_COA_WITH_FULL_DATA, MQRO_COD_WITH_FULL_DATA, MQRO_EXPIRATION_WITH_FULL_DATA, MQRO_EXCEPTION_WITH_FULL_DATA, MQRO_DISCARD_MSG
&lt;null&gt;
19:
Default, MQRO_COPY_MSG_ID_TO_CORREL_ID, MQRO_NEW_MSG_ID, MQRO_NONE, MQRO_PAN, MQRO_NAN, MQRO_EXCEPTION_WITH_FULL_DATA
&lt;null&gt;
20:
Default, MQRO_COPY_MSG_ID_TO_CORREL_ID, MQRO_NEW_MSG_ID, MQRO_NONE, MQRO_PAN, MQRO_NAN, MQRO_PASS_CORREL_ID, MQRO_PASS_MSG_ID, MQRO_COA_WITH_FULL_DATA, MQRO_COD_WITH_FULL_DATA, MQRO_EXPIRATION_WITH_FULL_DATA, MQRO_EXCEPTION_WITH_DATA, MQRO_DISCARD_MSG
&lt;null&gt;
21:
Default, MQRO_COPY_MSG_ID_TO_CORREL_ID, MQRO_NEW_MSG_ID, MQRO_NONE, MQRO_NAN, MQRO_PASS_CORREL_ID, MQRO_PASS_MSG_ID, MQRO_COA_WITH_FULL_DATA, MQRO_COD_WITH_FULL_DATA, MQRO_EXPIRATION_WITH_FULL_DATA, MQRO_EXCEPTION
21:
Default, MQRO_COPY_MSG_ID_TO_CORREL_ID, MQRO_NEW_MSG_ID, MQRO_NONE, MQRO_PAN, MQRO_EXCEPTION_WITH_FULL_DATA
&lt;null&gt;
22:
Default, MQRO_COPY_MSG_ID_TO_CORREL_ID, MQRO_NEW_MSG_ID, MQRO_NONE, MQRO_PASS_MSG_ID, MQRO_COA_WITH_FULL_DATA, MQRO_EXPIRATION_WITH_DATA, MQRO_EXCEPTION_WITH_FULL_DATA
22:
Default, MQRO_COPY_MSG_ID_TO_CORREL_ID, MQRO_NEW_MSG_ID, MQRO_NONE, MQRO_NAN, MQRO_PASS_CORREL_ID, MQRO_PASS_MSG_ID, MQRO_COA_WITH_FULL_DATA, MQRO_COD_WITH_FULL_DATA, MQRO_EXPIRATION_WITH_DATA, MQRO_DISCARD_MSG
22:
Default, MQRO_COPY_MSG_ID_TO_CORREL_ID, MQRO_NEW_MSG_ID, MQRO_NONE, MQRO_COA
22:
Default, MQRO_COPY_MSG_ID_TO_CORREL_ID, MQRO_NEW_MSG_ID, MQRO_NONE, MQRO_PASS_MSG_ID, MQRO_COA_WITH_DATA, MQRO_COD_WITH_FULL_DATA, MQRO_EXPIRATION_WITH_DATA, MQRO_EXCEPTION
22:
Default, MQRO_COPY_MSG_ID_TO_CORREL_ID, MQRO_NEW_MSG_ID, MQRO_NONE, MQRO_PAN, MQRO_NAN, MQRO_PASS_CORREL_ID, MQRO_PASS_MSG_ID, MQRO_COA_WITH_FULL_DATA, MQRO_COD_WITH_FULL_DATA, MQRO_EXPIRATION_WITH_FULL_DATA, MQRO_EXCEPTION_WITH_FULL_DATA, MQRO_DISCARD_MSG
&lt;null&gt;
23:
Default, MQRO_COPY_MSG_ID_TO_CORREL_ID, MQRO_NEW_MSG_ID, MQRO_NONE, MQRO_PAN, MQRO_NAN, MQRO_PASS_MSG_ID, MQRO_COA_WITH_FULL_DATA, MQRO_COD_WITH_FULL_DATA, MQRO_EXPIRATION_WITH_FULL_DATA, MQRO_EXCEPTION_WITH_FULL_DATA, MQRO_DISCARD_MSG
&lt;null&gt;
24:
Default, MQRO_COPY_MSG_ID_TO_CORREL_ID, MQRO_NEW_MSG_ID, MQRO_NONE, MQRO_PASS_MSG_ID, MQRO_COA_WITH_FULL_DATA, MQRO_EXPIRATION
24:
Default, MQRO_COPY_MSG_ID_TO_CORREL_ID, MQRO_NEW_MSG_ID, MQRO_NONE, MQRO_PAN, MQRO_PASS_CORREL_ID, MQRO_PASS_MSG_ID, MQRO_COA_WITH_FULL_DATA, MQRO_COD_WITH_FULL_DATA, MQRO_EXPIRATION_WITH_FULL_DATA, MQRO_EXCEPTION_WITH_FULL_DATA, MQRO_DISCARD_MSG
&lt;null&gt;
25:
Default, MQRO_COPY_MSG_ID_TO_CORREL_ID, MQRO_NEW_MSG_ID, MQRO_NONE, MQRO_PAN, MQRO_NAN, MQRO_PASS_CORREL_ID, MQRO_PASS_MSG_ID, MQRO_COA_WITH_DATA, MQRO_COD_WITH_FULL_DATA, MQRO_EXPIRATION_WITH_FULL_DATA, MQRO_EXCEPTION_WITH_FULL_DATA
&lt;null&gt;
26:
Default, MQRO_COPY_MSG_ID_TO_CORREL_ID, MQRO_NEW_MSG_ID, MQRO_NONE, MQRO_COA_WITH_FULL_DATA, MQRO_EXPIRATION_WITH_FULL_DATA, MQRO_EXCEPTION_WITH_FULL_DATA
26:
Default, MQRO_COPY_MSG_ID_TO_CORREL_ID, MQRO_NEW_MSG_ID, MQRO_NONE, MQRO_PAN, MQRO_NAN, MQRO_PASS_CORREL_ID, MQRO_PASS_MSG_ID, MQRO_COA_WITH_FULL_DATA, MQRO_COD_WITH_DATA, MQRO_EXPIRATION_WITH_DATA, MQRO_EXCEPTION_WITH_DATA, MQRO_DISCARD_MSG
&lt;null&gt;
27:
Default, MQRO_COPY_MSG_ID_TO_CORREL_ID, MQRO_NEW_MSG_ID, MQRO_NONE, MQRO_COA_WITH_FULL_DATA, MQRO_COD, MQRO_EXCEPTION_WITH_FULL_DATA
27:
Default, MQRO_COPY_MSG_ID_TO_CORREL_ID, MQRO_NEW_MSG_ID, MQRO_NONE, MQRO_PAN, MQRO_NAN, MQRO_PASS_CORREL_ID, MQRO_PASS_MSG_ID, MQRO_COA_WITH_FULL_DATA, MQRO_COD_WITH_FULL_DATA, MQRO_EXPIRATION_WITH_FULL_DATA, MQRO_EXCEPTION_WITH_FULL_DATA, MQRO_DISCARD_MSG
&lt;null&gt;
28:
Default, MQRO_COPY_MSG_ID_TO_CORREL_ID, MQRO_NEW_MSG_ID, MQRO_NONE, MQRO_PAN, MQRO_PASS_CORREL_ID, MQRO_PASS_MSG_ID, MQRO_COA_WITH_DATA, MQRO_COD_WITH_DATA, MQRO_EXPIRATION_WITH_DATA, MQRO_EXCEPTION_WITH_FULL_DATA, MQRO_DISCARD_MSG
&lt;null&gt;
29:
Default, MQRO_COPY_MSG_ID_TO_CORREL_ID, MQRO_NEW_MSG_ID, MQRO_NONE, MQRO_PASS_MSG_ID, MQRO_COD, MQRO_EXPIRATION_WITH_FULL_DATA
29:
Default, MQRO_COPY_MSG_ID_TO_CORREL_ID, MQRO_NEW_MSG_ID, MQRO_NONE, MQRO_PAN, MQRO_COA, MQRO_EXPIRATION_WITH_DATA, MQRO_EXCEPTION
&lt;null&gt;
30:
Default, MQRO_COPY_MSG_ID_TO_CORREL_ID, MQRO_NEW_MSG_ID, MQRO_NONE, MQRO_PAN, MQRO_PASS_CORREL_ID, MQRO_PASS_MSG_ID, MQRO_COA_WITH_FULL_DATA, MQRO_COD_WITH_FULL_DATA, MQRO_EXPIRATION_WITH_DATA, MQRO_EXCEPTION_WITH_DATA, MQRO_DISCARD_MSG
&lt;null&gt;
31:
Default, MQRO_COPY_MSG_ID_TO_CORREL_ID, MQRO_NEW_MSG_ID, MQRO_NONE, MQRO_PASS_CORREL_ID, MQRO_PASS_MSG_ID, MQRO_COA_WITH_FULL_DATA, MQRO_EXPIRATION, MQRO_EXCEPTION_WITH_DATA
31:
Default, MQRO_COPY_MSG_ID_TO_CORREL_ID, MQRO_NEW_MSG_ID, MQRO_NONE, MQRO_PAN, MQRO_NAN, MQRO_PASS_CORREL_ID, MQRO_PASS_MSG_ID, MQRO_COA_WITH_FULL_DATA, MQRO_COD_WITH_FULL_DATA, MQRO_EXPIRATION_WITH_FULL_DATA, MQRO_EXCEPTION_WITH_FULL_DATA
&lt;null&gt;
32:
Default, MQRO_COPY_MSG_ID_TO_CORREL_ID, MQRO_NEW_MSG_ID, MQRO_NONE, MQRO_PASS_CORREL_ID, MQRO_COA_WITH_FULL_DATA, MQRO_COD_WITH_DATA, MQRO_EXPIRATION_WITH_FULL_DATA, MQRO_EXCEPTION_WITH_FULL_DATA, MQRO_DISCARD_MSG
32:
Default, MQRO_COPY_MSG_ID_TO_CORREL_ID, MQRO_NEW_MSG_ID, MQRO_NONE, MQRO_COA_WITH_FULL_DATA, MQRO_EXPIRATION
32:
Default, MQRO_COPY_MSG_ID_TO_CORREL_ID, MQRO_NEW_MSG_ID, MQRO_NONE, MQRO_COA_WITH_DATA, MQRO_COD_WITH_FULL_DATA, MQRO_DISCARD_MSG
32:
Default, MQRO_COPY_MSG_ID_TO_CORREL_ID, MQRO_NEW_MSG_ID, MQRO_NONE, MQRO_PASS_CORREL_ID, MQRO_PASS_MSG_ID, MQRO_COA_WITH_FULL_DATA, MQRO_COD_WITH_FULL_DATA, MQRO_EXPIRATION_WITH_FULL_DATA, MQRO_EXCEPTION_WITH_FULL_DATA, MQRO_DISCARD_MSG
32:
Default, MQRO_COPY_MSG_ID_TO_CORREL_ID, MQRO_NEW_MSG_ID, MQRO_NONE, MQRO_PAN, MQRO_NAN, MQRO_PASS_MSG_ID, MQRO_COA_WITH_FULL_DATA, MQRO_COD_WITH_DATA, MQRO_EXPIRATION_WITH_FULL_DATA, MQRO_EXCEPTION_WITH_FULL_DATA
&lt;null&gt;
33:
Default, MQRO_COPY_MSG_ID_TO_CORREL_ID, MQRO_NEW_MSG_ID, MQRO_NONE, MQRO_PAN, MQRO_COA_WITH_DATA, MQRO_COD_WITH_DATA, MQRO_EXCEPTION_WITH_FULL_DATA, MQRO_DISCARD_MSG
&lt;null&gt;
34:
Default, MQRO_COPY_MSG_ID_TO_CORREL_ID, MQRO_NEW_MSG_ID, MQRO_NONE, MQRO_PASS_MSG_ID, MQRO_COA, MQRO_EXPIRATION, MQRO_EXCEPTION_WITH_FULL_DATA, MQRO_DISCARD_MSG
34:
Default, MQRO_COPY_MSG_ID_TO_CORREL_ID, MQRO_NEW_MSG_ID, MQRO_NONE, MQRO_PAN, MQRO_NAN, MQRO_PASS_CORREL_ID, MQRO_PASS_MSG_ID, MQRO_COA_WITH_FULL_DATA, MQRO_COD_WITH_FULL_DATA, MQRO_EXPIRATION_WITH_FULL_DATA, MQRO_EXCEPTION_WITH_FULL_DATA, MQRO_DISCARD_MSG
&lt;null&gt;
35:
Default, MQRO_COPY_MSG_ID_TO_CORREL_ID, MQRO_NEW_MSG_ID, MQRO_NONE, MQRO_PASS_CORREL_ID, MQRO_PASS_MSG_ID, MQRO_COA_WITH_FULL_DATA, MQRO_COD_WITH_FULL_DATA, MQRO_EXPIRATION, MQRO_EXCEPTION_WITH_FULL_DATA
35:
MQRO_DEAD_LETTER_Q
35:
Default, MQRO_COPY_MSG_ID_TO_CORREL_ID, MQRO_NEW_MSG_ID, MQRO_NONE, MQRO_PAN, MQRO_NAN, MQRO_PASS_CORREL_ID, MQRO_PASS_MSG_ID, MQRO_COA_WITH_FULL_DATA, MQRO_COD_WITH_FULL_DATA, MQRO_EXPIRATION_WITH_DATA, MQRO_EXCEPTION_WITH_DATA, MQRO_DISCARD_MSG
&lt;null&gt;
36:
Default, MQRO_COPY_MSG_ID_TO_CORREL_ID, MQRO_NEW_MSG_ID, MQRO_NONE, MQRO_PASS_CORREL_ID, MQRO_COA_WITH_FULL_DATA, MQRO_EXPIRATION_WITH_FULL_DATA, MQRO_EXCEPTION_WITH_FULL_DATA, MQRO_DISCARD_MSG
36:
Default, MQRO_COPY_MSG_ID_TO_CORREL_ID, MQRO_NEW_MSG_ID, MQRO_NONE, MQRO_PAN, MQRO_PASS_CORREL_ID, MQRO_COA_WITH_FULL_DATA, MQRO_COD_WITH_FULL_DATA, MQRO_EXPIRATION_WITH_FULL_DATA, MQRO_EXCEPTION_WITH_FULL_DATA, MQRO_DISCARD_MSG
&lt;null&gt;
37:
Default, MQRO_COPY_MSG_ID_TO_CORREL_ID, MQRO_NEW_MSG_ID, MQRO_NONE, MQRO_PASS_CORREL_ID, MQRO_EXCEPTION_WITH_FULL_DATA, MQRO_DISCARD_MSG
37:
Default, MQRO_COPY_MSG_ID_TO_CORREL_ID, MQRO_NEW_MSG_ID, MQRO_NONE, MQRO_NAN, MQRO_PASS_CORREL_ID, MQRO_COA_WITH_DATA, MQRO_COD_WITH_DATA, MQRO_EXPIRATION_WITH_DATA, MQRO_EXCEPTION_WITH_FULL_DATA, MQRO_DISCARD_MSG
37:
Default, MQRO_COPY_MSG_ID_TO_CORREL_ID, MQRO_NEW_MSG_ID, MQRO_NONE, MQRO_PAN, MQRO_NAN, MQRO_PASS_CORREL_ID, MQRO_PASS_MSG_ID, MQRO_COA_WITH_DATA, MQRO_COD_WITH_DATA, MQRO_EXPIRATION_WITH_DATA, MQRO_EXCEPTION_WITH_DATA, MQRO_DISCARD_MSG
&lt;null&gt;
38:
Default, MQRO_COPY_MSG_ID_TO_CORREL_ID, MQRO_NEW_MSG_ID, MQRO_NONE, MQRO_COA_WITH_FULL_DATA, MQRO_COD_WITH_FULL_DATA, MQRO_EXPIRATION, MQRO_EXCEPTION
38:
Default, MQRO_COPY_MSG_ID_TO_CORREL_ID, MQRO_NEW_MSG_ID, MQRO_NONE, MQRO_PAN, MQRO_PASS_CORREL_ID, MQRO_PASS_MSG_ID, MQRO_COA_WITH_FULL_DATA, MQRO_COD_WITH_DATA, MQRO_EXPIRATION_WITH_DATA, MQRO_EXCEPTION_WITH_DATA, MQRO_DISCARD_MSG
&lt;null&gt;
39:
Default, MQRO_COPY_MSG_ID_TO_CORREL_ID, MQRO_NEW_MSG_ID, MQRO_NONE, MQRO_COD_WITH_FULL_DATA, MQRO_EXPIRATION_WITH_DATA
39:
Default, MQRO_COPY_MSG_ID_TO_CORREL_ID, MQRO_NEW_MSG_ID, MQRO_NONE, MQRO_NAN, MQRO_PASS_CORREL_ID, MQRO_COA_WITH_FULL_DATA, MQRO_COD_WITH_FULL_DATA, MQRO_EXPIRATION_WITH_FULL_DATA, MQRO_EXCEPTION_WITH_DATA
39:
Default, MQRO_COPY_MSG_ID_TO_CORREL_ID, MQRO_NEW_MSG_ID, MQRO_NONE, MQRO_PAN, MQRO_PASS_CORREL_ID, MQRO_PASS_MSG_ID, MQRO_COA_WITH_FULL_DATA, MQRO_COD_WITH_FULL_DATA, MQRO_EXPIRATION_WITH_FULL_DATA, MQRO_EXCEPTION_WITH_FULL_DATA, MQRO_DISCARD_MSG
&lt;null&gt;
40:
Default, MQRO_COPY_MSG_ID_TO_CORREL_ID, MQRO_NEW_MSG_ID, MQRO_NONE, MQRO_NAN, MQRO_COA, MQRO_COD, MQRO_EXPIRATION_WITH_FULL_DATA, MQRO_EXCEPTION_WITH_DATA
40:
Default, MQRO_COPY_MSG_ID_TO_CORREL_ID, MQRO_NEW_MSG_ID, MQRO_NONE, MQRO_PAN, MQRO_PASS_MSG_ID, MQRO_COA_WITH_FULL_DATA, MQRO_COD_WITH_DATA, MQRO_EXPIRATION_WITH_DATA, MQRO_EXCEPTION_WITH_DATA, MQRO_DISCARD_MSG
&lt;null&gt;
41:
Default, MQRO_COPY_MSG_ID_TO_CORREL_ID, MQRO_NEW_MSG_ID, MQRO_NONE, MQRO_PAN, MQRO_COA_WITH_FULL_DATA, MQRO_EXPIRATION_WITH_FULL_DATA, MQRO_EXCEPTION_WITH_FULL_DATA, MQRO_DISCARD_MSG
&lt;null&gt;
42:
Default, MQRO_COPY_MSG_ID_TO_CORREL_ID, MQRO_NEW_MSG_ID, MQRO_NONE, MQRO_PAN, MQRO_PASS_MSG_ID, MQRO_COA_WITH_FULL_DATA, MQRO_COD_WITH_FULL_DATA, MQRO_EXPIRATION_WITH_DATA, MQRO_EXCEPTION_WITH_DATA
&lt;null&gt;
43:
Default, MQRO_COPY_MSG_ID_TO_CORREL_ID, MQRO_NEW_MSG_ID, MQRO_NONE, MQRO_PAN, MQRO_NAN, MQRO_PASS_CORREL_ID, MQRO_PASS_MSG_ID, MQRO_COA_WITH_FULL_DATA, MQRO_COD_WITH_FULL_DATA, MQRO_EXPIRATION_WITH_FULL_DATA, MQRO_EXCEPTION_WITH_FULL_DATA, MQRO_DISCARD_MSG
&lt;null&gt;
44:
Default, MQRO_COPY_MSG_ID_TO_CORREL_ID, MQRO_NEW_MSG_ID, MQRO_NONE, MQRO_NAN, MQRO_COA_WITH_FULL_DATA, MQRO_COD_WITH_FULL_DATA, MQRO_EXPIRATION, MQRO_EXCEPTION_WITH_FULL_DATA, MQRO_DISCARD_MSG
44:
Default, MQRO_COPY_MSG_ID_TO_CORREL_ID, MQRO_NEW_MSG_ID, MQRO_NONE, MQRO_COA_WITH_FULL_DATA
44:
Default, MQRO_COPY_MSG_ID_TO_CORREL_ID, MQRO_NEW_MSG_ID, MQRO_NONE, MQRO_PAN, MQRO_NAN, MQRO_PASS_CORREL_ID, MQRO_PASS_MSG_ID, MQRO_COA_WITH_FULL_DATA, MQRO_COD_WITH_FULL_DATA, MQRO_EXPIRATION_WITH_FULL_DATA, MQRO_EXCEPTION_WITH_FULL_DATA, MQRO_DISCARD_MSG
&lt;null&gt;
45:
Default, MQRO_COPY_MSG_ID_TO_CORREL_ID, MQRO_NEW_MSG_ID, MQRO_NONE, MQRO_PAN, MQRO_PASS_CORREL_ID, MQRO_PASS_MSG_ID, MQRO_COA_WITH_FULL_DATA, MQRO_COD_WITH_DATA, MQRO_EXPIRATION_WITH_FULL_DATA, MQRO_EXCEPTION_WITH_FULL_DATA, MQRO_DISCARD_MSG
&lt;null&gt;
46:
Default, MQRO_COPY_MSG_ID_TO_CORREL_ID, MQRO_NEW_MSG_ID, MQRO_NONE, MQRO_PAN, MQRO_PASS_CORREL_ID, MQRO_COA_WITH_DATA, MQRO_COD_WITH_DATA, MQRO_EXPIRATION_WITH_FULL_DATA, MQRO_EXCEPTION_WITH_FULL_DATA, MQRO_DISCARD_MSG
&lt;null&gt;
47:
Default, MQRO_COPY_MSG_ID_TO_CORREL_ID, MQRO_NEW_MSG_ID, MQRO_NONE, MQRO_PAN, MQRO_COD_WITH_DATA, MQRO_EXPIRATION_WITH_DATA, MQRO_EXCEPTION_WITH_DATA, MQRO_DISCARD_MSG
&lt;null&gt;
48:
Default, MQRO_COPY_MSG_ID_TO_CORREL_ID, MQRO_NEW_MSG_ID, MQRO_NONE, MQRO_PAN, MQRO_PASS_CORREL_ID, MQRO_PASS_MSG_ID, MQRO_COA_WITH_FULL_DATA, MQRO_COD_WITH_FULL_DATA, MQRO_EXPIRATION_WITH_DATA, MQRO_EXCEPTION_WITH_FULL_DATA, MQRO_DISCARD_MSG
&lt;null&gt;
49:
Default, MQRO_COPY_MSG_ID_TO_CORREL_ID, MQRO_NEW_MSG_ID, MQRO_NONE, MQRO_PAN, MQRO_NAN, MQRO_PASS_CORREL_ID, MQRO_PASS_MSG_ID, MQRO_COA_WITH_FULL_DATA, MQRO_COD_WITH_FULL_DATA, MQRO_EXPIRATION_WITH_FULL_DATA, MQRO_EXCEPTION_WITH_FULL_DATA, MQRO_DISCARD_MSG
&lt;null&gt;
50:
MQRO_DEAD_LETTER_Q
50:
Default, MQRO_COPY_MSG_ID_TO_CORREL_ID, MQRO_NEW_MSG_ID, MQRO_NONE, MQRO_PAN, MQRO_NAN, MQRO_PASS_CORREL_ID, MQRO_PASS_MSG_ID, MQRO_COA_WITH_FULL_DATA, MQRO_COD_WITH_FULL_DATA, MQRO_EXPIRATION_WITH_FULL_DATA, MQRO_EXCEPTION_WITH_FULL_DATA, MQRO_DISCARD_MSG
&lt;null&gt;
51:
Default, MQRO_COPY_MSG_ID_TO_CORREL_ID, MQRO_NEW_MSG_ID, MQRO_NONE, MQRO_PASS_CORREL_ID, MQRO_PASS_MSG_ID, MQRO_COA_WITH_FULL_DATA, MQRO_COD_WITH_FULL_DATA, MQRO_EXPIRATION_WITH_DATA, MQRO_EXCEPTION_WITH_FULL_DATA, MQRO_DISCARD_MSG
51:
Default, MQRO_COPY_MSG_ID_TO_CORREL_ID, MQRO_NEW_MSG_ID, MQRO_NONE, MQRO_PAN, MQRO_NAN, MQRO_PASS_CORREL_ID, MQRO_PASS_MSG_ID, MQRO_COA_WITH_FULL_DATA, MQRO_COD_WITH_FULL_DATA, MQRO_EXPIRATION_WITH_FULL_DATA, MQRO_EXCEPTION_WITH_DATA
&lt;null&gt;
52:
Default, MQRO_COPY_MSG_ID_TO_CORREL_ID, MQRO_NEW_MSG_ID, MQRO_NONE, MQRO_COD, MQRO_EXPIRATION_WITH_FULL_DATA
52:
Default, MQRO_COPY_MSG_ID_TO_CORREL_ID, MQRO_NEW_MSG_ID, MQRO_NONE, MQRO_NAN, MQRO_COA_WITH_FULL_DATA, MQRO_COD_WITH_FULL_DATA, MQRO_EXPIRATION_WITH_FULL_DATA, MQRO_EXCEPTION_WITH_FULL_DATA, MQRO_DISCARD_MSG
52:
Default, MQRO_COPY_MSG_ID_TO_CORREL_ID, MQRO_NEW_MSG_ID, MQRO_NONE, MQRO_PAN, MQRO_NAN, MQRO_PASS_CORREL_ID, MQRO_PASS_MSG_ID, MQRO_COA_WITH_FULL_DATA, MQRO_COD_WITH_FULL_DATA, MQRO_EXPIRATION_WITH_FULL_DATA, MQRO_EXCEPTION_WITH_FULL_DATA, MQRO_DISCARD_MSG
&lt;null&gt;
53:
Default, MQRO_COPY_MSG_ID_TO_CORREL_ID, MQRO_NEW_MSG_ID, MQRO_NONE, MQRO_NAN, MQRO_COA_WITH_FULL_DATA, MQRO_COD_WITH_FULL_DATA, MQRO_EXPIRATION_WITH_FULL_DATA, MQRO_EXCEPTION_WITH_FULL_DATA, MQRO_DISCARD_MSG
53:
Default, MQRO_COPY_MSG_ID_TO_CORREL_ID, MQRO_NEW_MSG_ID, MQRO_NONE, MQRO_NAN, MQRO_PASS_CORREL_ID, MQRO_PASS_MSG_ID, MQRO_COA_WITH_DATA, MQRO_EXPIRATION_WITH_FULL_DATA, MQRO_EXCEPTION_WITH_FULL_DATA
53:
Default, MQRO_COPY_MSG_ID_TO_CORREL_ID, MQRO_NEW_MSG_ID, MQRO_NONE, MQRO_PAN, MQRO_NAN, MQRO_PASS_CORREL_ID, MQRO_PASS_MSG_ID, MQRO_COA_WITH_FULL_DATA, MQRO_COD_WITH_FULL_DATA, MQRO_EXPIRATION_WITH_FULL_DATA, MQRO_EXCEPTION_WITH_FULL_DATA, MQRO_DISCARD_MSG
&lt;null&gt;
54:
Default, MQRO_COPY_MSG_ID_TO_CORREL_ID, MQRO_NEW_MSG_ID, MQRO_NONE, MQRO_PAN, MQRO_NAN, MQRO_PASS_MSG_ID, MQRO_COA_WITH_FULL_DATA, MQRO_COD_WITH_FULL_DATA, MQRO_EXPIRATION_WITH_FULL_DATA, MQRO_EXCEPTION_WITH_FULL_DATA, MQRO_DISCARD_MSG
&lt;null&gt;
55:
Default, MQRO_COPY_MSG_ID_TO_CORREL_ID, MQRO_NEW_MSG_ID, MQRO_NONE, MQRO_PAN, MQRO_PASS_CORREL_ID, MQRO_PASS_MSG_ID, MQRO_COA_WITH_FULL_DATA, MQRO_COD_WITH_FULL_DATA, MQRO_EXPIRATION_WITH_FULL_DATA, MQRO_EXCEPTION_WITH_FULL_DATA, MQRO_DISCARD_MSG
&lt;null&gt;
56:
Default, MQRO_COPY_MSG_ID_TO_CORREL_ID, MQRO_NEW_MSG_ID, MQRO_NONE, MQRO_PAN, MQRO_NAN, MQRO_PASS_CORREL_ID, MQRO_PASS_MSG_ID, MQRO_COA_WITH_DATA, MQRO_COD_WITH_FULL_DATA, MQRO_EXPIRATION_WITH_FULL_DATA, MQRO_EXCEPTION_WITH_FULL_DATA, MQRO_DISCARD_MSG
&lt;null&gt;
57:
Default, MQRO_COPY_MSG_ID_TO_CORREL_ID, MQRO_NEW_MSG_ID, MQRO_NONE, MQRO_PAN, MQRO_NAN, MQRO_PASS_CORREL_ID, MQRO_PASS_MSG_ID, MQRO_COA_WITH_FULL_DATA, MQRO_COD_WITH_FULL_DATA, MQRO_EXPIRATION_WITH_FULL_DATA, MQRO_EXCEPTION_WITH_FULL_DATA, MQRO_DISCARD_MSG
&lt;null&gt;
58:
Default, MQRO_COPY_MSG_ID_TO_CORREL_ID, MQRO_NEW_MSG_ID, MQRO_NONE, MQRO_PAN, MQRO_NAN, MQRO_PASS_CORREL_ID, MQRO_PASS_MSG_ID, MQRO_COA_WITH_FULL_DATA, MQRO_COD_WITH_FULL_DATA, MQRO_EXPIRATION_WITH_FULL_DATA, MQRO_EXCEPTION_WITH_FULL_DATA, MQRO_DISCARD_MSG
&lt;null&gt;
59:
Default, MQRO_COPY_MSG_ID_TO_CORREL_ID, MQRO_NEW_MSG_ID, MQRO_NONE, MQRO_PAN, MQRO_PASS_CORREL_ID, MQRO_COA_WITH_FULL_DATA, MQRO_COD_WITH_FULL_DATA, MQRO_EXPIRATION_WITH_FULL_DATA, MQRO_EXCEPTION_WITH_FULL_DATA, MQRO_DISCARD_MSG
&lt;null&gt;
60:
Default, MQRO_COPY_MSG_ID_TO_CORREL_ID, MQRO_NEW_MSG_ID, MQRO_NONE, MQRO_PAN, MQRO_NAN, MQRO_PASS_CORREL_ID, MQRO_PASS_MSG_ID, MQRO_COA_WITH_FULL_DATA, MQRO_COD_WITH_FULL_DATA, MQRO_EXPIRATION_WITH_FULL_DATA, MQRO_EXCEPTION_WITH_FULL_DATA, MQRO_DISCARD_MSG
&lt;null&gt;
61:
Default, MQRO_COPY_MSG_ID_TO_CORREL_ID, MQRO_NEW_MSG_ID, MQRO_NONE, MQRO_PASS_CORREL_ID, MQRO_COA_WITH_FULL_DATA, MQRO_COD_WITH_DATA, MQRO_EXPIRATION_WITH_FULL_DATA, MQRO_EXCEPTION_WITH_DATA
61:
Default, MQRO_COPY_MSG_ID_TO_CORREL_ID, MQRO_NEW_MSG_ID, MQRO_NONE, MQRO_PAN, MQRO_NAN, MQRO_PASS_MSG_ID, MQRO_COA_WITH_FULL_DATA, MQRO_COD_WITH_FULL_DATA, MQRO_EXPIRATION_WITH_FULL_DATA, MQRO_EXCEPTION_WITH_DATA, MQRO_DISCARD_MSG
&lt;null&gt;
62:
Default, MQRO_COPY_MSG_ID_TO_CORREL_ID, MQRO_NEW_MSG_ID, MQRO_NONE, MQRO_COA, MQRO_EXPIRATION_WITH_FULL_DATA, MQRO_DISCARD_MSG
62:
Default, MQRO_COPY_MSG_ID_TO_CORREL_ID, MQRO_NEW_MSG_ID, MQRO_NONE, MQRO_PAN, MQRO_NAN, MQRO_PASS_MSG_ID, MQRO_COA_WITH_FULL_DATA, MQRO_COD_WITH_FULL_DATA, MQRO_EXPIRATION_WITH_FULL_DATA, MQRO_EXCEPTION_WITH_FULL_DATA, MQRO_DISCARD_MSG
&lt;null&gt;
63:
Default, MQRO_COPY_MSG_ID_TO_CORREL_ID, MQRO_NEW_MSG_ID, MQRO_NONE, MQRO_PAN, MQRO_NAN, MQRO_PASS_CORREL_ID, MQRO_PASS_MSG_ID, MQRO_COA_WITH_FULL_DATA, MQRO_COD_WITH_FULL_DATA, MQRO_EXPIRATION_WITH_FULL_DATA, MQRO_EXCEPTION_WITH_FULL_DATA, MQRO_DISCARD_MSG
&lt;null&gt;
64:
Default, MQRO_COPY_MSG_ID_TO_CORREL_ID, MQRO_NEW_MSG_ID, MQRO_NONE, MQRO_PAN, MQRO_PASS_CORREL_ID, MQRO_PASS_MSG_ID, MQRO_COA_WITH_FULL_DATA, MQRO_COD_WITH_FULL_DATA, MQRO_EXPIRATION_WITH_FULL_DATA, MQRO_EXCEPTION_WITH_FULL_DATA, MQRO_DISCARD_MSG
&lt;null&gt;
65:
Default, MQRO_COPY_MSG_ID_TO_CORREL_ID, MQRO_NEW_MSG_ID, MQRO_NONE, MQRO_NAN, MQRO_PASS_CORREL_ID, MQRO_COA_WITH_FULL_DATA, MQRO_COD_WITH_FULL_DATA, MQRO_EXPIRATION_WITH_FULL_DATA, MQRO_EXCEPTION_WITH_FULL_DATA, MQRO_DISCARD_MSG
65:
Default, MQRO_COPY_MSG_ID_TO_CORREL_ID, MQRO_NEW_MSG_ID, MQRO_NONE, MQRO_PAN, MQRO_NAN, MQRO_COA_WITH_FULL_DATA, MQRO_COD_WITH_FULL_DATA, MQRO_EXPIRATION_WITH_DATA, MQRO_EXCEPTION_WITH_FULL_DATA
&lt;null&gt;
66:
MQRO_DEAD_LETTER_Q
66:
Default, MQRO_COPY_MSG_ID_TO_CORREL_ID, MQRO_NEW_MSG_ID, MQRO_NONE, MQRO_PAN, MQRO_NAN, MQRO_PASS_CORREL_ID, MQRO_PASS_MSG_ID, MQRO_COA_WITH_FULL_DATA, MQRO_COD_WITH_FULL_DATA, MQRO_EXPIRATION_WITH_FULL_DATA, MQRO_EXCEPTION_WITH_FULL_DATA, MQRO_DISCARD_MSG
&lt;null&gt;
67:
Default, MQRO_COPY_MSG_ID_TO_CORREL_ID, MQRO_NEW_MSG_ID, MQRO_NONE, MQRO_PAN, MQRO_PASS_CORREL_ID, MQRO_COA_WITH_DATA, MQRO_COD_WITH_FULL_DATA, MQRO_EXPIRATION_WITH_FULL_DATA, MQRO_EXCEPTION_WITH_DATA, MQRO_DISCARD_MSG
&lt;null&gt;
68:
Default, MQRO_COPY_MSG_ID_TO_CORREL_ID, MQRO_NEW_MSG_ID, MQRO_NONE, MQRO_NAN, MQRO_COA_WITH_DATA, MQRO_COD_WITH_DATA, MQRO_EXPIRATION_WITH_DATA, MQRO_EXCEPTION_WITH_FULL_DATA
68:
Default, MQRO_COPY_MSG_ID_TO_CORREL_ID, MQRO_NEW_MSG_ID, MQRO_NONE, MQRO_PAN, MQRO_NAN, MQRO_PASS_CORREL_ID, MQRO_PASS_MSG_ID, MQRO_COA_WITH_FULL_DATA, MQRO_COD_WITH_FULL_DATA, MQRO_EXPIRATION_WITH_FULL_DATA, MQRO_EXCEPTION_WITH_FULL_DATA, MQRO_DISCARD_MSG
&lt;null&gt;
69:
Default, MQRO_COPY_MSG_ID_TO_CORREL_ID, MQRO_NEW_MSG_ID, MQRO_NONE, MQRO_COA_WITH_FULL_DATA, MQRO_EXPIRATION_WITH_DATA, MQRO_EXCEPTION_WITH_FULL_DATA
69:
Default, MQRO_COPY_MSG_ID_TO_CORREL_ID, MQRO_NEW_MSG_ID, MQRO_NONE, MQRO_PAN, MQRO_NAN, MQRO_PASS_CORREL_ID, MQRO_PASS_MSG_ID, MQRO_COA_WITH_FULL_DATA, MQRO_COD_WITH_FULL_DATA, MQRO_EXPIRATION_WITH_FULL_DATA, MQRO_EXCEPTION_WITH_FULL_DATA, MQRO_DISCARD_MSG
&lt;null&gt;
70:
Default, MQRO_COPY_MSG_ID_TO_CORREL_ID, MQRO_NEW_MSG_ID, MQRO_NONE, MQRO_PAN, MQRO_PASS_CORREL_ID, MQRO_PASS_MSG_ID, MQRO_COA_WITH_FULL_DATA, MQRO_COD_WITH_FULL_DATA, MQRO_EXPIRATION_WITH_FULL_DATA, MQRO_EXCEPTION_WITH_FULL_DATA, MQRO_DISCARD_MSG
&lt;null&gt;
71:
Default, MQRO_COPY_MSG_ID_TO_CORREL_ID, MQRO_NEW_MSG_ID, MQRO_NONE, MQRO_PAN, MQRO_PASS_CORREL_ID, MQRO_PASS_MSG_ID, MQRO_COA_WITH_FULL_DATA, MQRO_COD_WITH_FULL_DATA, MQRO_EXPIRATION_WITH_FULL_DATA, MQRO_EXCEPTION_WITH_FULL_DATA, MQRO_DISCARD_MSG
&lt;null&gt;
72:
Default, MQRO_COPY_MSG_ID_TO_CORREL_ID, MQRO_NEW_MSG_ID, MQRO_NONE, MQRO_PAN, MQRO_PASS_CORREL_ID, MQRO_PASS_MSG_ID, MQRO_COA_WITH_FULL_DATA, MQRO_COD_WITH_FULL_DATA, MQRO_EXPIRATION_WITH_FULL_DATA, MQRO_EXCEPTION_WITH_FULL_DATA, MQRO_DISCARD_MSG
&lt;null&gt;
73:
Default, MQRO_COPY_MSG_ID_TO_CORREL_ID, MQRO_NEW_MSG_ID, MQRO_NONE, MQRO_PAN, MQRO_NAN, MQRO_PASS_CORREL_ID, MQRO_PASS_MSG_ID, MQRO_COA_WITH_FULL_DATA, MQRO_COD_WITH_FULL_DATA, MQRO_EXPIRATION_WITH_FULL_DATA, MQRO_EXCEPTION_WITH_FULL_DATA, MQRO_DISCARD_MSG
&lt;null&gt;
74:
Default, MQRO_COPY_MSG_ID_TO_CORREL_ID, MQRO_NEW_MSG_ID, MQRO_NONE, MQRO_PAN, MQRO_NAN, MQRO_PASS_CORREL_ID, MQRO_PASS_MSG_ID, MQRO_COA_WITH_FULL_DATA, MQRO_COD_WITH_FULL_DATA, MQRO_EXPIRATION_WITH_FULL_DATA, MQRO_EXCEPTION_WITH_FULL_DATA, MQRO_DISCARD_MSG
&lt;null&gt;
75:
Default, MQRO_COPY_MSG_ID_TO_CORREL_ID, MQRO_NEW_MSG_ID, MQRO_NONE, MQRO_PAN, MQRO_NAN, MQRO_PASS_MSG_ID, MQRO_COA_WITH_FULL_DATA, MQRO_COD_WITH_FULL_DATA, MQRO_EXPIRATION_WITH_FULL_DATA, MQRO_EXCEPTION_WITH_FULL_DATA, MQRO_DISCARD_MSG
&lt;null&gt;
76:
Default, MQRO_COPY_MSG_ID_TO_CORREL_ID, MQRO_NEW_MSG_ID, MQRO_NONE, MQRO_PAN, MQRO_NAN, MQRO_PASS_CORREL_ID, MQRO_PASS_MSG_ID, MQRO_COA_WITH_FULL_DATA, MQRO_COD_WITH_FULL_DATA, MQRO_EXPIRATION_WITH_FULL_DATA, MQRO_EXCEPTION_WITH_FULL_DATA, MQRO_DISCARD_MSG
&lt;null&gt;
77:
Default, MQRO_COPY_MSG_ID_TO_CORREL_ID, MQRO_NEW_MSG_ID, MQRO_NONE, MQRO_PAN, MQRO_NAN, MQRO_PASS_CORREL_ID, MQRO_PASS_MSG_ID, MQRO_COA_WITH_FULL_DATA, MQRO_COD_WITH_FULL_DATA, MQRO_EXPIRATION_WITH_FULL_DATA, MQRO_EXCEPTION_WITH_FULL_DATA, MQRO_DISCARD_MSG
&lt;null&gt;
78:
Default, MQRO_COPY_MSG_ID_TO_CORREL_ID, MQRO_NEW_MSG_ID, MQRO_NONE, MQRO_PAN, MQRO_COA_WITH_FULL_DATA, MQRO_EXPIRATION_WITH_DATA, MQRO_EXCEPTION_WITH_FULL_DATA, MQRO_DISCARD_MSG
&lt;null&gt;
79:
Default, MQRO_COPY_MSG_ID_TO_CORREL_ID, MQRO_NEW_MSG_ID, MQRO_NONE, MQRO_NAN, MQRO_PASS_CORREL_ID, MQRO_COA_WITH_DATA, MQRO_COD_WITH_DATA, MQRO_EXPIRATION_WITH_DATA, MQRO_EXCEPTION_WITH_FULL_DATA, MQRO_DISCARD_MSG
79:
Default, MQRO_COPY_MSG_ID_TO_CORREL_ID, MQRO_NEW_MSG_ID, MQRO_NONE, MQRO_NAN, MQRO_PASS_CORREL_ID, MQRO_COA_WITH_DATA, MQRO_COD_WITH_DATA, MQRO_EXPIRATION_WITH_FULL_DATA, MQRO_EXCEPTION_WITH_FULL_DATA
79:
Default, MQRO_COPY_MSG_ID_TO_CORREL_ID, MQRO_NEW_MSG_ID, MQRO_NONE, MQRO_PAN, MQRO_NAN, MQRO_PASS_MSG_ID, MQRO_COA_WITH_FULL_DATA, MQRO_COD, MQRO_EXPIRATION_WITH_FULL_DATA, MQRO_EXCEPTION_WITH_FULL_DATA
&lt;null&gt;
80:
Default, MQRO_COPY_MSG_ID_TO_CORREL_ID, MQRO_NEW_MSG_ID, MQRO_NONE, MQRO_PAN, MQRO_NAN, MQRO_PASS_CORREL_ID, MQRO_PASS_MSG_ID, MQRO_COA_WITH_FULL_DATA, MQRO_COD_WITH_FULL_DATA, MQRO_EXPIRATION_WITH_FULL_DATA, MQRO_EXCEPTION_WITH_FULL_DATA, MQRO_DISCARD_MSG
&lt;null&gt;
81:
Default, MQRO_COPY_MSG_ID_TO_CORREL_ID, MQRO_NEW_MSG_ID, MQRO_NONE, MQRO_COA_WITH_DATA, MQRO_EXCEPTION_WITH_FULL_DATA, MQRO_DISCARD_MSG
81:
Default, MQRO_COPY_MSG_ID_TO_CORREL_ID, MQRO_NEW_MSG_ID, MQRO_NONE, MQRO_PAN, MQRO_NAN, MQRO_PASS_CORREL_ID, MQRO_PASS_MSG_ID, MQRO_COA_WITH_FULL_DATA, MQRO_COD_WITH_FULL_DATA, MQRO_EXPIRATION_WITH_FULL_DATA, MQRO_EXCEPTION_WITH_FULL_DATA, MQRO_DISCARD_MSG
&lt;null&gt;
82:
MQRO_DEAD_LETTER_Q
82:
Default, MQRO_COPY_MSG_ID_TO_CORREL_ID, MQRO_NEW_MSG_ID, MQRO_NONE, MQRO_PAN, MQRO_NAN, MQRO_PASS_CORREL_ID, MQRO_PASS_MSG_ID, MQRO_COA_WITH_FULL_DATA, MQRO_COD_WITH_FULL_DATA, MQRO_EXPIRATION_WITH_FULL_DATA, MQRO_EXCEPTION_WITH_FULL_DATA, MQRO_DISCARD_MSG
&lt;null&gt;
83:
Default, MQRO_COPY_MSG_ID_TO_CORREL_ID, MQRO_NEW_MSG_ID, MQRO_NONE, MQRO_PAN, MQRO_COD_WITH_DATA, MQRO_EXPIRATION_WITH_FULL_DATA, MQRO_EXCEPTION_WITH_FULL_DATA
&lt;null&gt;
84:
Default, MQRO_COPY_MSG_ID_TO_CORREL_ID, MQRO_NEW_MSG_ID, MQRO_NONE, MQRO_NAN, MQRO_COA, MQRO_COD_WITH_FULL_DATA, MQRO_EXPIRATION_WITH_FULL_DATA, MQRO_EXCEPTION_WITH_FULL_DATA, MQRO_DISCARD_MSG
84:
Default, MQRO_COPY_MSG_ID_TO_CORREL_ID, MQRO_NEW_MSG_ID, MQRO_NONE, MQRO_NAN, MQRO_PASS_CORREL_ID, MQRO_PASS_MSG_ID, MQRO_COA_WITH_FULL_DATA, MQRO_COD_WITH_FULL_DATA, MQRO_EXPIRATION_WITH_FULL_DATA, MQRO_EXCEPTION_WITH_FULL_DATA, MQRO_DISCARD_MSG
84:
Default, MQRO_COPY_MSG_ID_TO_CORREL_ID, MQRO_NEW_MSG_ID, MQRO_NONE, MQRO_NAN, MQRO_PASS_CORREL_ID, MQRO_COA_WITH_FULL_DATA, MQRO_COD_WITH_FULL_DATA, MQRO_EXPIRATION_WITH_FULL_DATA, MQRO_EXCEPTION_WITH_FULL_DATA, MQRO_DISCARD_MSG
84:
Default, MQRO_COPY_MSG_ID_TO_CORREL_ID, MQRO_NEW_MSG_ID, MQRO_NONE, MQRO_NAN, MQRO_PASS_CORREL_ID, MQRO_COA_WITH_DATA, MQRO_COD_WITH_FULL_DATA, MQRO_EXPIRATION_WITH_FULL_DATA, MQRO_EXCEPTION_WITH_FULL_DATA, MQRO_DISCARD_MSG
84:
Default, MQRO_COPY_MSG_ID_TO_CORREL_ID, MQRO_NEW_MSG_ID, MQRO_NONE, MQRO_PAN, MQRO_PASS_CORREL_ID, MQRO_COA_WITH_FULL_DATA, MQRO_COD_WITH_FULL_DATA, MQRO_EXPIRATION_WITH_DATA, MQRO_EXCEPTION, MQRO_DISCARD_MSG
&lt;null&gt;
85:
Default, MQRO_COPY_MSG_ID_TO_CORREL_ID, MQRO_NEW_MSG_ID, MQRO_NONE, MQRO_PAN, MQRO_PASS_CORREL_ID, MQRO_COA_WITH_FULL_DATA, MQRO_COD_WITH_DATA, MQRO_EXPIRATION_WITH_FULL_DATA, MQRO_EXCEPTION_WITH_DATA, MQRO_DISCARD_MSG
&lt;null&gt;
86:
Default, MQRO_COPY_MSG_ID_TO_CORREL_ID, MQRO_NEW_MSG_ID, MQRO_NONE, MQRO_PAN, MQRO_PASS_CORREL_ID, MQRO_PASS_MSG_ID, MQRO_COA_WITH_FULL_DATA, MQRO_COD_WITH_DATA, MQRO_EXPIRATION_WITH_DATA, MQRO_EXCEPTION_WITH_DATA, MQRO_DISCARD_MSG
&lt;null&gt;
87:
Default, MQRO_COPY_MSG_ID_TO_CORREL_ID, MQRO_NEW_MSG_ID, MQRO_NONE, MQRO_PAN, MQRO_PASS_CORREL_ID, MQRO_PASS_MSG_ID, MQRO_COA_WITH_FULL_DATA, MQRO_COD_WITH_FULL_DATA, MQRO_EXPIRATION_WITH_FULL_DATA, MQRO_EXCEPTION_WITH_FULL_DATA, MQRO_DISCARD_MSG
&lt;null&gt;
88:
Default, MQRO_COPY_MSG_ID_TO_CORREL_ID, MQRO_NEW_MSG_ID, MQRO_NONE, MQRO_PAN, MQRO_NAN, MQRO_PASS_CORREL_ID, MQRO_COA_WITH_DATA, MQRO_COD_WITH_DATA, MQRO_EXPIRATION_WITH_FULL_DATA, MQRO_EXCEPTION_WITH_FULL_DATA, MQRO_DISCARD_MSG
&lt;null&gt;
89:
MQRO_DEAD_LETTER_Q
89:
Default, MQRO_COPY_MSG_ID_TO_CORREL_ID, MQRO_NEW_MSG_ID, MQRO_NONE, MQRO_PAN, MQRO_NAN, MQRO_PASS_CORREL_ID, MQRO_PASS_MSG_ID, MQRO_COA_WITH_FULL_DATA, MQRO_COD_WITH_FULL_DATA, MQRO_EXPIRATION_WITH_FULL_DATA, MQRO_EXCEPTION_WITH_FULL_DATA, MQRO_DISCARD_MSG
&lt;null&gt;
90:
Default, MQRO_COPY_MSG_ID_TO_CORREL_ID, MQRO_NEW_MSG_ID, MQRO_NONE, MQRO_PAN, MQRO_NAN, MQRO_PASS_CORREL_ID, MQRO_PASS_MSG_ID, MQRO_COA_WITH_FULL_DATA, MQRO_COD_WITH_FULL_DATA, MQRO_EXPIRATION_WITH_FULL_DATA, MQRO_EXCEPTION_WITH_FULL_DATA, MQRO_DISCARD_MSG
&lt;null&gt;
91:
Default, MQRO_COPY_MSG_ID_TO_CORREL_ID, MQRO_NEW_MSG_ID, MQRO_NONE, MQRO_PASS_CORREL_ID, MQRO_PASS_MSG_ID, MQRO_COA_WITH_DATA, MQRO_COD_WITH_FULL_DATA, MQRO_EXPIRATION_WITH_FULL_DATA
91:
Default, MQRO_COPY_MSG_ID_TO_CORREL_ID, MQRO_NEW_MSG_ID, MQRO_NONE, MQRO_NAN, MQRO_PASS_CORREL_ID, MQRO_COA_WITH_FULL_DATA, MQRO_COD_WITH_FULL_DATA, MQRO_EXPIRATION_WITH_FULL_DATA, MQRO_EXCEPTION_WITH_FULL_DATA, MQRO_DISCARD_MSG
91:
Default, MQRO_COPY_MSG_ID_TO_CORREL_ID, MQRO_NEW_MSG_ID, MQRO_NONE, MQRO_PAN, MQRO_NAN, MQRO_PASS_CORREL_ID, MQRO_PASS_MSG_ID, MQRO_COA_WITH_FULL_DATA, MQRO_COD_WITH_FULL_DATA, MQRO_EXPIRATION_WITH_FULL_DATA, MQRO_EXCEPTION_WITH_FULL_DATA, MQRO_DISCARD_MSG
&lt;null&gt;
92:
Default, MQRO_COPY_MSG_ID_TO_CORREL_ID, MQRO_NEW_MSG_ID, MQRO_NONE, MQRO_PAN, MQRO_PASS_CORREL_ID, MQRO_PASS_MSG_ID, MQRO_COA_WITH_FULL_DATA, MQRO_COD_WITH_FULL_DATA, MQRO_EXPIRATION_WITH_FULL_DATA, MQRO_EXCEPTION_WITH_FULL_DATA, MQRO_DISCARD_MSG
&lt;null&gt;
93:
Default, MQRO_COPY_MSG_ID_TO_CORREL_ID, MQRO_NEW_MSG_ID, MQRO_NONE, MQRO_PAN, MQRO_COD_WITH_DATA
&lt;null&gt;
94:
Default, MQRO_COPY_MSG_ID_TO_CORREL_ID, MQRO_NEW_MSG_ID, MQRO_NONE, MQRO_COA, MQRO_COD_WITH_DATA, MQRO_EXPIRATION_WITH_FULL_DATA
94:
Default, MQRO_COPY_MSG_ID_TO_CORREL_ID, MQRO_NEW_MSG_ID, MQRO_NONE, MQRO_PAN, MQRO_COA, MQRO_EXPIRATION, MQRO_EXCEPTION_WITH_DATA
&lt;null&gt;
95:
Default, MQRO_COPY_MSG_ID_TO_CORREL_ID, MQRO_NEW_MSG_ID, MQRO_NONE, MQRO_PAN, MQRO_NAN, MQRO_PASS_CORREL_ID, MQRO_PASS_MSG_ID, MQRO_COA_WITH_FULL_DATA, MQRO_COD_WITH_FULL_DATA, MQRO_EXPIRATION_WITH_FULL_DATA, MQRO_EXCEPTION_WITH_FULL_DATA, MQRO_DISCARD_MSG
&lt;null&gt;
96:
Default, MQRO_COPY_MSG_ID_TO_CORREL_ID, MQRO_NEW_MSG_ID, MQRO_NONE, MQRO_PAN, MQRO_NAN, MQRO_PASS_CORREL_ID, MQRO_PASS_MSG_ID, MQRO_COA_WITH_FULL_DATA, MQRO_COD_WITH_FULL_DATA, MQRO_EXPIRATION_WITH_FULL_DATA, MQRO_EXCEPTION_WITH_FULL_DATA
&lt;null&gt;
97:
Default, MQRO_COPY_MSG_ID_TO_CORREL_ID, MQRO_NEW_MSG_ID, MQRO_NONE, MQRO_PAN, MQRO_PASS_CORREL_ID, MQRO_COA_WITH_FULL_DATA, MQRO_EXPIRATION_WITH_DATA, MQRO_EXCEPTION_WITH_FULL_DATA
&lt;null&gt;
98:
Default, MQRO_COPY_MSG_ID_TO_CORREL_ID, MQRO_NEW_MSG_ID, MQRO_NONE, MQRO_PAN, MQRO_NAN, MQRO_PASS_MSG_ID, MQRO_COA_WITH_FULL_DATA, MQRO_COD_WITH_FULL_DATA, MQRO_EXPIRATION_WITH_FULL_DATA, MQRO_EXCEPTION_WITH_FULL_DATA, MQRO_DISCARD_MSG
&lt;null&gt;
99:
Default, MQRO_COPY_MSG_ID_TO_CORREL_ID, MQRO_NEW_MSG_ID, MQRO_NONE, MQRO_PAN, MQRO_NAN, MQRO_PASS_CORREL_ID, MQRO_PASS_MSG_ID, MQRO_COA_WITH_FULL_DATA, MQRO_COD_WITH_FULL_DATA, MQRO_EXPIRATION_WITH_FULL_DATA, MQRO_EXCEPTION_WITH_FULL_DATA, MQRO_DISCARD_MSG
&lt;null&gt;
Ok, passed 100 tests.</StdOut>
      </Output>
    </UnitTestResult>
    <UnitTestResult executionId="07c9563c-5a01-4732-a4e3-34d99ef0a202" testId="83623543-e950-25db-9fed-f4622c3f8d8a" testName="Version_Default_ReturnZero" computerName="ICSWS068" duration="00:00:00.0003005" startTime="2016-08-04T09:57:41.2530900+02:00" endTime="2016-08-04T09:57:41.2545935+02:00" testType="13cdc9d9-ddb5-4fa4-a97d-d965ccfc6d4b" outcome="Passed" testListId="8c84fa94-04c1-424b-9868-57a2d4851a1d" relativeResultsDirectory="07c9563c-5a01-4732-a4e3-34d99ef0a202" />
    <UnitTestResult executionId="bc58c3c4-c5ed-4ffd-9f4a-9515901f5eb5" testId="e3353721-e604-6764-0181-f6db4ebfbfc7" testName="Version_SetPositiveValue_ReturnsValue" computerName="ICSWS068" duration="00:00:00.0003416" startTime="2016-08-04T09:57:41.2570958+02:00" endTime="2016-08-04T09:57:41.2586130+02:00" testType="13cdc9d9-ddb5-4fa4-a97d-d965ccfc6d4b" outcome="Passed" testListId="8c84fa94-04c1-424b-9868-57a2d4851a1d" relativeResultsDirectory="bc58c3c4-c5ed-4ffd-9f4a-9515901f5eb5" />
    <UnitTestResult executionId="6d052fc3-b3e0-4a6c-b49c-4a746328d8ef" testId="f51139a8-79d7-a645-4119-50e025f7b205" testName="Version_SetNegativeValue_ThrowsException" computerName="ICSWS068" duration="00:00:00.0005445" startTime="2016-08-04T09:57:41.2605983+02:00" endTime="2016-08-04T09:57:41.2620983+02:00" testType="13cdc9d9-ddb5-4fa4-a97d-d965ccfc6d4b" outcome="Passed" testListId="8c84fa94-04c1-424b-9868-57a2d4851a1d" relativeResultsDirectory="6d052fc3-b3e0-4a6c-b49c-4a746328d8ef" />
    <UnitTestResult executionId="2ad24217-16d1-4c39-847b-e161d4713fc1" testId="b96ab11e-65fe-0521-7fd0-c41457acaaa6" testName="Version_SetZero_ThrowsException" computerName="ICSWS068" duration="00:00:00.0006087" startTime="2016-08-04T09:57:41.2647235+02:00" endTime="2016-08-04T09:57:41.2672267+02:00" testType="13cdc9d9-ddb5-4fa4-a97d-d965ccfc6d4b" outcome="Passed" testListId="8c84fa94-04c1-424b-9868-57a2d4851a1d" relativeResultsDirectory="2ad24217-16d1-4c39-847b-e161d4713fc1" />
    <UnitTestResult executionId="48c885ff-3081-4592-8115-570139d0665b" testId="814ab7ba-3be1-6c05-f39f-b6c95636aafa" testName="ClearMessage_NoData_StillNoData" computerName="ICSWS068" duration="00:00:00.0002636" startTime="2016-08-04T09:57:41.2702275+02:00" endTime="2016-08-04T09:57:41.2717284+02:00" testType="13cdc9d9-ddb5-4fa4-a97d-d965ccfc6d4b" outcome="Passed" testListId="8c84fa94-04c1-424b-9868-57a2d4851a1d" relativeResultsDirectory="48c885ff-3081-4592-8115-570139d0665b" />
    <UnitTestResult executionId="2e4bcf45-bf52-46d5-8a68-cb083110fded" testId="fc5baafd-ce06-0461-84a6-5dad1c2c3fda" testName="ClearMessage_MessageHasData_NoDataAfterClear" computerName="ICSWS068" duration="00:00:00.0010559" startTime="2016-08-04T09:57:41.2743914+02:00" endTime="2016-08-04T09:57:41.2774083+02:00" testType="13cdc9d9-ddb5-4fa4-a97d-d965ccfc6d4b" outcome="Passed" testListId="8c84fa94-04c1-424b-9868-57a2d4851a1d" relativeResultsDirectory="2e4bcf45-bf52-46d5-8a68-cb083110fded" />
    <UnitTestResult executionId="956e12ab-9c88-499a-948c-4bd8453c5061" testId="a9c3a608-39c1-1dc2-5519-c16b2e96e33a" testName="ReadBytes_NoData_ReturnsEmptyArray" computerName="ICSWS068" duration="00:00:00.0002771" startTime="2016-08-04T09:57:41.2798942+02:00" endTime="2016-08-04T09:57:41.2813945+02:00" testType="13cdc9d9-ddb5-4fa4-a97d-d965ccfc6d4b" outcome="Passed" testListId="8c84fa94-04c1-424b-9868-57a2d4851a1d" relativeResultsDirectory="956e12ab-9c88-499a-948c-4bd8453c5061" />
    <UnitTestResult executionId="f00bbf41-9dff-41ae-90d7-a41e47a004f9" testId="370caaba-1a28-20a7-9f57-6694fe76e82f" testName="ReadBytes_MaxBytesToReadIsZero_ReturnsData" computerName="ICSWS068" duration="00:00:00.0002791" startTime="2016-08-04T09:57:41.2848970+02:00" endTime="2016-08-04T09:57:41.2868982+02:00" testType="13cdc9d9-ddb5-4fa4-a97d-d965ccfc6d4b" outcome="Passed" testListId="8c84fa94-04c1-424b-9868-57a2d4851a1d" relativeResultsDirectory="f00bbf41-9dff-41ae-90d7-a41e47a004f9" />
    <UnitTestResult executionId="df746be8-fc58-468d-95e8-e7c765f6b003" testId="75fce3fa-cedc-dc19-4ef1-d4b3b19b6bb5" testName="ReadBytes_MaxBytesToReadIsMinusOne_ThrowsException" computerName="ICSWS068" duration="00:00:00.0003486" startTime="2016-08-04T09:57:41.2894172+02:00" endTime="2016-08-04T09:57:41.2909172+02:00" testType="13cdc9d9-ddb5-4fa4-a97d-d965ccfc6d4b" outcome="Passed" testListId="8c84fa94-04c1-424b-9868-57a2d4851a1d" relativeResultsDirectory="df746be8-fc58-468d-95e8-e7c765f6b003" />
    <UnitTestResult executionId="1b7efb4b-38b4-4ac0-a89f-873f9a6177d1" testId="1377ad7f-1ba6-4af4-64cb-9d26da6aa7ac" testName="ReadBytes_MaxBytesToReadIsHalfLengthOfData_ReturnsHalfOfData" computerName="ICSWS068" duration="00:00:00.0002395" startTime="2016-08-04T09:57:41.2934034+02:00" endTime="2016-08-04T09:57:41.2949200+02:00" testType="13cdc9d9-ddb5-4fa4-a97d-d965ccfc6d4b" outcome="Passed" testListId="8c84fa94-04c1-424b-9868-57a2d4851a1d" relativeResultsDirectory="1b7efb4b-38b4-4ac0-a89f-873f9a6177d1" />
    <UnitTestResult executionId="6f37a2d7-529c-4963-9866-bc1b7a0ebc60" testId="366f806d-2838-580d-2f61-5321c1046897" testName="ReadBytes_PositionIsAtHalfLengthOfDataAndBytesToReadIsZero_ReturnsHalfOfData" computerName="ICSWS068" duration="00:00:00.0002662" startTime="2016-08-04T09:57:41.2974062+02:00" endTime="2016-08-04T09:57:41.2989068+02:00" testType="13cdc9d9-ddb5-4fa4-a97d-d965ccfc6d4b" outcome="Passed" testListId="8c84fa94-04c1-424b-9868-57a2d4851a1d" relativeResultsDirectory="6f37a2d7-529c-4963-9866-bc1b7a0ebc60" />
    <UnitTestResult executionId="752d4e13-3ebc-4ec1-9519-f70456d38b28" testId="9df40513-2213-e2f9-645f-b4e114e100dd" testName="ReadInt4_NoData_ThrowsException" computerName="ICSWS068" duration="00:00:00.0005105" startTime="2016-08-04T09:57:41.3019097+02:00" endTime="2016-08-04T09:57:41.3034102+02:00" testType="13cdc9d9-ddb5-4fa4-a97d-d965ccfc6d4b" outcome="Passed" testListId="8c84fa94-04c1-424b-9868-57a2d4851a1d" relativeResultsDirectory="752d4e13-3ebc-4ec1-9519-f70456d38b28" />
    <UnitTestResult executionId="9cebe3e6-ad3b-46ad-a8f4-0fc1811151ba" testId="3527acae-2477-9a4c-bb68-c55bee35e773" testName="ReadInt4_Data_ReturnsIntValue" computerName="ICSWS068" duration="00:00:00.0003618" startTime="2016-08-04T09:57:41.3064125+02:00" endTime="2016-08-04T09:57:41.3079143+02:00" testType="13cdc9d9-ddb5-4fa4-a97d-d965ccfc6d4b" outcome="Passed" testListId="8c84fa94-04c1-424b-9868-57a2d4851a1d" relativeResultsDirectory="9cebe3e6-ad3b-46ad-a8f4-0fc1811151ba" />
    <UnitTestResult executionId="aeff6e0c-7a98-417c-a3f6-d3acfe826963" testId="9f03aba6-1587-25ce-4e61-53ea9c44d62d" testName="ReadStream_NoData_ReturnStreamWithZeroLength" computerName="ICSWS068" duration="00:00:00.0007316" startTime="2016-08-04T09:57:41.3104154+02:00" endTime="2016-08-04T09:57:41.3124177+02:00" testType="13cdc9d9-ddb5-4fa4-a97d-d965ccfc6d4b" outcome="Passed" testListId="8c84fa94-04c1-424b-9868-57a2d4851a1d" relativeResultsDirectory="aeff6e0c-7a98-417c-a3f6-d3acfe826963" />
    <UnitTestResult executionId="dad72722-1a19-49f9-b834-a60f8dc102cc" testId="2b1d4e98-e45b-5812-3928-8dc876262ba4" testName="ReadStream_HasData_ReturnStreamWithZeroLength" computerName="ICSWS068" duration="00:00:00.0003686" startTime="2016-08-04T09:57:41.3144191+02:00" endTime="2016-08-04T09:57:41.3164197+02:00" testType="13cdc9d9-ddb5-4fa4-a97d-d965ccfc6d4b" outcome="Passed" testListId="8c84fa94-04c1-424b-9868-57a2d4851a1d" relativeResultsDirectory="dad72722-1a19-49f9-b834-a60f8dc102cc" />
    <UnitTestResult executionId="7704e6f9-1683-4700-ab46-e6d9a5c38abd" testId="885b749a-d887-a45c-ae4e-bb37542e83f6" testName="ReadChar_NoData_ThrowsException" computerName="ICSWS068" duration="00:00:00.0006583" startTime="2016-08-04T09:57:41.3189229+02:00" endTime="2016-08-04T09:57:41.3209234+02:00" testType="13cdc9d9-ddb5-4fa4-a97d-d965ccfc6d4b" outcome="Passed" testListId="8c84fa94-04c1-424b-9868-57a2d4851a1d" relativeResultsDirectory="7704e6f9-1683-4700-ab46-e6d9a5c38abd" />
    <UnitTestResult executionId="dba6a86b-18c3-4ebf-9c3e-2cb906c6d42d" testId="bbbab46f-8715-295c-6347-7408df175e35" testName="ReadChar_DataExists_ReturnsExpectedChar" computerName="ICSWS068" duration="00:00:00.0006694" startTime="2016-08-04T09:57:41.3234284+02:00" endTime="2016-08-04T09:57:41.3254486+02:00" testType="13cdc9d9-ddb5-4fa4-a97d-d965ccfc6d4b" outcome="Passed" testListId="8c84fa94-04c1-424b-9868-57a2d4851a1d" relativeResultsDirectory="dba6a86b-18c3-4ebf-9c3e-2cb906c6d42d" />
    <UnitTestResult executionId="b52376b6-d2d3-4f97-a78d-55736d77f0e2" testId="5b86e1cc-98a6-d8b8-5eab-a8aa9e519ec8" testName="ReadChars_NoData_ThrowsException" computerName="ICSWS068" duration="00:00:00.0005225" startTime="2016-08-04T09:57:41.3279347+02:00" endTime="2016-08-04T09:57:41.3294359+02:00" testType="13cdc9d9-ddb5-4fa4-a97d-d965ccfc6d4b" outcome="Passed" testListId="8c84fa94-04c1-424b-9868-57a2d4851a1d" relativeResultsDirectory="b52376b6-d2d3-4f97-a78d-55736d77f0e2" />
    <UnitTestResult executionId="55f7789a-54b5-4c04-b28a-722b95a24260" testId="d56150dd-50a2-e53a-05fe-db4a07a8443c" testName="ReadChars_NegativeCount_ThrowsException" computerName="ICSWS068" duration="00:00:00.0005967" startTime="2016-08-04T09:57:41.3319385+02:00" endTime="2016-08-04T09:57:41.3339431+02:00" testType="13cdc9d9-ddb5-4fa4-a97d-d965ccfc6d4b" outcome="Passed" testListId="8c84fa94-04c1-424b-9868-57a2d4851a1d" relativeResultsDirectory="55f7789a-54b5-4c04-b28a-722b95a24260" />
    <UnitTestResult executionId="2981dc07-1641-4e02-83af-cd121424b6da" testId="167e6bb8-7102-31c2-2c4d-cd3ad70f9c84" testName="ReadChars_NotEnoughData_ThrowsException" computerName="ICSWS068" duration="00:00:00.0005938" startTime="2016-08-04T09:57:41.3364507+02:00" endTime="2016-08-04T09:57:41.3384463+02:00" testType="13cdc9d9-ddb5-4fa4-a97d-d965ccfc6d4b" outcome="Passed" testListId="8c84fa94-04c1-424b-9868-57a2d4851a1d" relativeResultsDirectory="2981dc07-1641-4e02-83af-cd121424b6da" />
    <UnitTestResult executionId="103c9620-e0da-4351-93dd-456de0ba415c" testId="903688c7-2a97-3a3a-c79c-a3fb8b8af309" testName="ReadChars_HasEnoughData_ReturnsExpectedChars" computerName="ICSWS068" duration="00:00:00.0002574" startTime="2016-08-04T09:57:41.3414477+02:00" endTime="2016-08-04T09:57:41.3426761+02:00" testType="13cdc9d9-ddb5-4fa4-a97d-d965ccfc6d4b" outcome="Passed" testListId="8c84fa94-04c1-424b-9868-57a2d4851a1d" relativeResultsDirectory="103c9620-e0da-4351-93dd-456de0ba415c" />
    <UnitTestResult executionId="09a414f0-ad2c-4d4d-851f-2fe49e3e631f" testId="f32e2eae-63c4-1717-2da1-7837c6d658ca" testName="ReadString_HasNotData_ReturnsEmptyString" computerName="ICSWS068" duration="00:00:00.0004345" startTime="2016-08-04T09:57:41.3451793+02:00" endTime="2016-08-04T09:57:41.3466810+02:00" testType="13cdc9d9-ddb5-4fa4-a97d-d965ccfc6d4b" outcome="Passed" testListId="8c84fa94-04c1-424b-9868-57a2d4851a1d" relativeResultsDirectory="09a414f0-ad2c-4d4d-851f-2fe49e3e631f" />
    <UnitTestResult executionId="f28acb3b-ac96-4491-9590-1ac0c34c8755" testId="cce3e222-0d64-d0ea-6103-bd0c70cd560a" testName="ReadString_HasDataAndMaxBytesZero_ReturnsEmptyString" computerName="ICSWS068" duration="00:00:00.0002475" startTime="2016-08-04T09:57:41.3491831+02:00" endTime="2016-08-04T09:57:41.3511854+02:00" testType="13cdc9d9-ddb5-4fa4-a97d-d965ccfc6d4b" outcome="Passed" testListId="8c84fa94-04c1-424b-9868-57a2d4851a1d" relativeResultsDirectory="f28acb3b-ac96-4491-9590-1ac0c34c8755" />
    <UnitTestResult executionId="36a694d1-4ce1-44d8-9b5e-b150c4908fa3" testId="fbd9affd-05fe-f5e6-f8c5-6a7bf514e5a3" testName="ReadString_HasDataAndMaxBytesLargerThanDataSize_ReturnsString" computerName="ICSWS068" duration="00:00:00.0002480" startTime="2016-08-04T09:57:41.3537023+02:00" endTime="2016-08-04T09:57:41.3557049+02:00" testType="13cdc9d9-ddb5-4fa4-a97d-d965ccfc6d4b" outcome="Passed" testListId="8c84fa94-04c1-424b-9868-57a2d4851a1d" relativeResultsDirectory="36a694d1-4ce1-44d8-9b5e-b150c4908fa3" />
    <UnitTestResult executionId="90f11a94-ea61-487e-89c1-0fc7af309dee" testId="51205705-8603-e058-0805-10627b38417c" testName="Seek_NoData_ThrowsArgumentOutOfRangeException" computerName="ICSWS068" duration="00:00:00.0006571" startTime="2016-08-04T09:57:41.3586899+02:00" endTime="2016-08-04T09:57:41.3602060+02:00" testType="13cdc9d9-ddb5-4fa4-a97d-d965ccfc6d4b" outcome="Passed" testListId="8c84fa94-04c1-424b-9868-57a2d4851a1d" relativeResultsDirectory="90f11a94-ea61-487e-89c1-0fc7af309dee" />
    <UnitTestResult executionId="f4dc81c3-9009-4624-9e87-9bc2d1d00912" testId="124359d7-e55a-c1d3-e635-a28e73a72cb1" testName="Seek_HasDataAndPositionWithinData_SetsPosition" computerName="ICSWS068" duration="00:00:00.0007049" startTime="2016-08-04T09:57:41.3626775+02:00" endTime="2016-08-04T09:57:41.3646816+02:00" testType="13cdc9d9-ddb5-4fa4-a97d-d965ccfc6d4b" outcome="Passed" testListId="8c84fa94-04c1-424b-9868-57a2d4851a1d" relativeResultsDirectory="f4dc81c3-9009-4624-9e87-9bc2d1d00912" />
    <UnitTestResult executionId="afff290a-38c3-4897-a72f-df8f6422e254" testId="a17e84ef-b8a2-1ebc-6e9e-848cc6228497" testName="Seek_HasDataAndPositionZero_SetsPosition" computerName="ICSWS068" duration="00:00:00.0002489" startTime="2016-08-04T09:57:41.3671842+02:00" endTime="2016-08-04T09:57:41.3691842+02:00" testType="13cdc9d9-ddb5-4fa4-a97d-d965ccfc6d4b" outcome="Passed" testListId="8c84fa94-04c1-424b-9868-57a2d4851a1d" relativeResultsDirectory="afff290a-38c3-4897-a72f-df8f6422e254" />
    <UnitTestResult executionId="81a05658-e145-4522-94d9-9bccca23fae3" testId="5229aa05-8801-d23f-49c5-27106879c676" testName="Seek_NegativePosition_ThrowsArgumentOutOfRangeException" computerName="ICSWS068" duration="00:00:00.0006055" startTime="2016-08-04T09:57:41.3716862+02:00" endTime="2016-08-04T09:57:41.3735653+02:00" testType="13cdc9d9-ddb5-4fa4-a97d-d965ccfc6d4b" outcome="Passed" testListId="8c84fa94-04c1-424b-9868-57a2d4851a1d" relativeResultsDirectory="81a05658-e145-4522-94d9-9bccca23fae3" />
    <UnitTestResult executionId="1683ef9e-757e-4d1a-a142-aa5bb72c9981" testId="83908ad5-30c4-2a6d-980a-e86eecf836b1" testName="Seek_HasDataAndPositionLargerThanSizeOfData_ThrowsArgumentOutOfRangeException" computerName="ICSWS068" duration="00:00:00.0003208" startTime="2016-08-04T09:57:41.3760697+02:00" endTime="2016-08-04T09:57:41.3775691+02:00" testType="13cdc9d9-ddb5-4fa4-a97d-d965ccfc6d4b" outcome="Passed" testListId="8c84fa94-04c1-424b-9868-57a2d4851a1d" relativeResultsDirectory="1683ef9e-757e-4d1a-a142-aa5bb72c9981" />
    <UnitTestResult executionId="31910d3a-b848-4e28-82e1-c3786d629df7" testId="e35dfb3a-d9e1-8b0a-84d6-124ff49f48cd" testName="WriteBytes_SourceStartPosIsNegative_ThrowsException" computerName="ICSWS068" duration="00:00:00.0004911" startTime="2016-08-04T09:57:41.3800550+02:00" endTime="2016-08-04T09:57:41.3815555+02:00" testType="13cdc9d9-ddb5-4fa4-a97d-d965ccfc6d4b" outcome="Passed" testListId="8c84fa94-04c1-424b-9868-57a2d4851a1d" relativeResultsDirectory="31910d3a-b848-4e28-82e1-c3786d629df7" />
    <UnitTestResult executionId="712d2423-181c-447c-9244-4eb6a3a31104" testId="f66cfa31-b812-fb74-30ba-02e8fe4f2d95" testName="WriteBytes_PosistionIsZeroAndBytesToWriteIsDataLength_WriteAllData" computerName="ICSWS068" duration="00:00:00.0002524" startTime="2016-08-04T09:57:41.3840569+02:00" endTime="2016-08-04T09:57:41.3855751+02:00" testType="13cdc9d9-ddb5-4fa4-a97d-d965ccfc6d4b" outcome="Passed" testListId="8c84fa94-04c1-424b-9868-57a2d4851a1d" relativeResultsDirectory="712d2423-181c-447c-9244-4eb6a3a31104" />
    <UnitTestResult executionId="11a2983d-5074-4962-b5b0-87799741c54c" testId="a051a8f0-be0f-b57a-ef46-f493055d73a4" testName="WriteBytes_PosistionIsHalfOfDataSizeAndBytesToWriteIsDataLength_WriteSecondHalfOfData" computerName="ICSWS068" duration="00:00:00.0002642" startTime="2016-08-04T09:57:41.3885610+02:00" endTime="2016-08-04T09:57:41.3900780+02:00" testType="13cdc9d9-ddb5-4fa4-a97d-d965ccfc6d4b" outcome="Passed" testListId="8c84fa94-04c1-424b-9868-57a2d4851a1d" relativeResultsDirectory="11a2983d-5074-4962-b5b0-87799741c54c" />
    <UnitTestResult executionId="812b3271-5232-48a3-adf1-8a2ce13c592b" testId="0537904e-6714-8bcc-02fd-6e75c4beb198" testName="WriteBytes_PosistionIsZeroAndBytesToWriteIsHalfOfDataLength_WriteFirstHalfOfData" computerName="ICSWS068" duration="00:00:00.0002595" startTime="2016-08-04T09:57:41.3915776+02:00" endTime="2016-08-04T09:57:41.3939785+02:00" testType="13cdc9d9-ddb5-4fa4-a97d-d965ccfc6d4b" outcome="Passed" testListId="8c84fa94-04c1-424b-9868-57a2d4851a1d" relativeResultsDirectory="812b3271-5232-48a3-adf1-8a2ce13c592b" />
    <UnitTestResult executionId="48edff4e-1967-4409-b120-bd65c049c9e3" testId="2510c6ac-660c-4b9b-6b83-6251d2bcbda2" testName="WriteStream_StreamIsNull_ThrowsArgumentNullException" computerName="ICSWS068" duration="00:00:00.0008029" startTime="2016-08-04T09:57:41.3964629+02:00" endTime="2016-08-04T09:57:41.3984643+02:00" testType="13cdc9d9-ddb5-4fa4-a97d-d965ccfc6d4b" outcome="Passed" testListId="8c84fa94-04c1-424b-9868-57a2d4851a1d" relativeResultsDirectory="48edff4e-1967-4409-b120-bd65c049c9e3" />
    <UnitTestResult executionId="aed73ad2-d7e2-4f13-a22f-d4b8519b6afb" testId="41b7f7ac-bdc8-bba9-d0a0-fb7bd14c908b" testName="WriteStream_StreamHasData_DataWrittenToMessage" computerName="ICSWS068" duration="00:00:00.0002724" startTime="2016-08-04T09:57:41.4009660+02:00" endTime="2016-08-04T09:57:41.4029689+02:00" testType="13cdc9d9-ddb5-4fa4-a97d-d965ccfc6d4b" outcome="Passed" testListId="8c84fa94-04c1-424b-9868-57a2d4851a1d" relativeResultsDirectory="aed73ad2-d7e2-4f13-a22f-d4b8519b6afb" />
    <UnitTestResult executionId="de2a215e-5979-40c9-9e37-d604bfe49f6f" testId="c0fdf030-ae28-c27c-8aec-e92ae855b730" testName="WriteString_NullString_ThrowsException" computerName="ICSWS068" duration="00:00:00.0006823" startTime="2016-08-04T09:57:41.4059695+02:00" endTime="2016-08-04T09:57:41.4079876+02:00" testType="13cdc9d9-ddb5-4fa4-a97d-d965ccfc6d4b" outcome="Passed" testListId="8c84fa94-04c1-424b-9868-57a2d4851a1d" relativeResultsDirectory="de2a215e-5979-40c9-9e37-d604bfe49f6f" />
    <UnitTestResult executionId="bc45ca3b-5335-429a-8fb3-83355d2cace6" testId="ad07453c-2706-9025-4237-9bccbe6abc8d" testName="WriteString_ValidStringAndIncludeNullTrue_IncludesNullCharacterInString" computerName="ICSWS068" duration="00:00:00.0002533" startTime="2016-08-04T09:57:41.4104917+02:00" endTime="2016-08-04T09:57:41.4119744+02:00" testType="13cdc9d9-ddb5-4fa4-a97d-d965ccfc6d4b" outcome="Passed" testListId="8c84fa94-04c1-424b-9868-57a2d4851a1d" relativeResultsDirectory="bc45ca3b-5335-429a-8fb3-83355d2cace6" />
    <UnitTestResult executionId="5cfe9a5b-0822-4824-bcd2-75ca4fdab860" testId="d33f2829-c35e-069b-fd35-d268adac2eca" testName="WriteString_ValidStringAndIncludeNullFalse_WritesStringWithoutNullCharacter" computerName="ICSWS068" duration="00:00:00.0003694" startTime="2016-08-04T09:57:41.4139907+02:00" endTime="2016-08-04T09:57:41.4159778+02:00" testType="13cdc9d9-ddb5-4fa4-a97d-d965ccfc6d4b" outcome="Passed" testListId="8c84fa94-04c1-424b-9868-57a2d4851a1d" relativeResultsDirectory="5cfe9a5b-0822-4824-bcd2-75ca4fdab860" />
    <UnitTestResult executionId="e94063cc-25da-4f31-9e87-b50b73f6b555" testId="e365c34e-42b5-8620-bb78-8f52c7c066cd" testName="ReadRFHHeader_NoData_ThrowsException" computerName="ICSWS068" duration="00:00:00.0006955" startTime="2016-08-04T09:57:41.4189786+02:00" endTime="2016-08-04T09:57:41.4209974+02:00" testType="13cdc9d9-ddb5-4fa4-a97d-d965ccfc6d4b" outcome="Passed" testListId="8c84fa94-04c1-424b-9868-57a2d4851a1d" relativeResultsDirectory="e94063cc-25da-4f31-9e87-b50b73f6b555" />
    <UnitTestResult executionId="f4848f29-e98d-423d-8e19-edf9b12cb77f" testId="fc871cfa-cc66-d746-1d85-1911eaaa1b04" testName="ReadRFHHeader_NoEnoughDataLeftForHeader_ThrowsException" computerName="ICSWS068" duration="00:00:00.0003982" startTime="2016-08-04T09:57:41.4237331+02:00" endTime="2016-08-04T09:57:41.4257331+02:00" testType="13cdc9d9-ddb5-4fa4-a97d-d965ccfc6d4b" outcome="Passed" testListId="8c84fa94-04c1-424b-9868-57a2d4851a1d" relativeResultsDirectory="f4848f29-e98d-423d-8e19-edf9b12cb77f" />
    <UnitTestResult executionId="1cf7f74f-2248-4ecd-8801-d1548b97fbf8" testId="e2eb2d5b-42b1-2945-0d05-e68c7606954a" testName="ReadRFHHeader_HasEnoughDataForHeader_ReturnsHeader" computerName="ICSWS068" duration="00:00:00.0018908" startTime="2016-08-04T09:57:41.4277175+02:00" endTime="2016-08-04T09:57:41.4312356+02:00" testType="13cdc9d9-ddb5-4fa4-a97d-d965ccfc6d4b" outcome="Passed" testListId="8c84fa94-04c1-424b-9868-57a2d4851a1d" relativeResultsDirectory="1cf7f74f-2248-4ecd-8801-d1548b97fbf8" />
    <UnitTestResult executionId="852d39fc-d911-4ff8-9800-40e398270810" testId="0a3cd2e7-f7de-d1ce-ede2-f86bb53939cf" testName="ReadRFH2Header_NoData_ThrowsException" computerName="ICSWS068" duration="00:00:00.0005917" startTime="2016-08-04T09:57:41.4342221+02:00" endTime="2016-08-04T09:57:41.4357391+02:00" testType="13cdc9d9-ddb5-4fa4-a97d-d965ccfc6d4b" outcome="Passed" testListId="8c84fa94-04c1-424b-9868-57a2d4851a1d" relativeResultsDirectory="852d39fc-d911-4ff8-9800-40e398270810" />
    <UnitTestResult executionId="6902c68b-b5e2-4cc7-bbf1-961cb20231e1" testId="175f4366-12a6-ed41-1936-0fd233feed8b" testName="ReadRFH2Header_NoEnoughDataLeftForHeader_ThrowsException" computerName="ICSWS068" duration="00:00:00.0003818" startTime="2016-08-04T09:57:41.4387255+02:00" endTime="2016-08-04T09:57:41.4402278+02:00" testType="13cdc9d9-ddb5-4fa4-a97d-d965ccfc6d4b" outcome="Passed" testListId="8c84fa94-04c1-424b-9868-57a2d4851a1d" relativeResultsDirectory="6902c68b-b5e2-4cc7-bbf1-961cb20231e1" />
    <UnitTestResult executionId="8cd481b7-c023-4e90-b9ae-e4af0f51d449" testId="aff983e4-b114-b059-db72-80b41581c470" testName="ReadRFH2Header_HasEnoughDataForHeader_ReturnsHeader" computerName="ICSWS068" duration="00:00:00.0026398" startTime="2016-08-04T09:57:41.4422445+02:00" endTime="2016-08-04T09:57:41.4463359+02:00" testType="13cdc9d9-ddb5-4fa4-a97d-d965ccfc6d4b" outcome="Passed" testListId="8c84fa94-04c1-424b-9868-57a2d4851a1d" relativeResultsDirectory="8cd481b7-c023-4e90-b9ae-e4af0f51d449" />
    <UnitTestResult executionId="a5168a83-14b1-4347-acc3-9fd4451589fe" testId="afe123c6-4538-2941-3bd4-095fd8c264ca" testName="ReadRFH2NameValueData_HaveNotReadRFH2Header_ThrowsException" computerName="ICSWS068" duration="00:00:00.0005820" startTime="2016-08-04T09:57:41.4488204+02:00" endTime="2016-08-04T09:57:41.4508403+02:00" testType="13cdc9d9-ddb5-4fa4-a97d-d965ccfc6d4b" outcome="Passed" testListId="8c84fa94-04c1-424b-9868-57a2d4851a1d" relativeResultsDirectory="a5168a83-14b1-4347-acc3-9fd4451589fe" />
    <UnitTestResult executionId="8e758c63-3087-4a20-b688-2cfd59e6d3ca" testId="cd831ef2-0c4d-f4da-3ff2-46e627bb1148" testName="ReadRFH2NameValueData_HaveReadRFHHeader_ThrowsException" computerName="ICSWS068" duration="00:00:00.0024732" startTime="2016-08-04T09:57:41.4533514+02:00" endTime="2016-08-04T09:57:41.4573712+02:00" testType="13cdc9d9-ddb5-4fa4-a97d-d965ccfc6d4b" outcome="Passed" testListId="8c84fa94-04c1-424b-9868-57a2d4851a1d" relativeResultsDirectory="8e758c63-3087-4a20-b688-2cfd59e6d3ca" />
    <UnitTestResult executionId="c1b7ab09-75cd-4aea-8304-412d317a600b" testId="5054b331-eec9-95db-411f-59b78f5be04c" testName="ReadRFH2NameValueData_HaveReadRFH2HeaderButNoMoreDataExists_ThrowsException" computerName="ICSWS068" duration="00:00:00.0014653" startTime="2016-08-04T09:57:41.4598595+02:00" endTime="2016-08-04T09:57:41.4623594+02:00" testType="13cdc9d9-ddb5-4fa4-a97d-d965ccfc6d4b" outcome="Passed" testListId="8c84fa94-04c1-424b-9868-57a2d4851a1d" relativeResultsDirectory="c1b7ab09-75cd-4aea-8304-412d317a600b" />
    <UnitTestResult executionId="ad0ac6ee-b2a8-4f23-8e75-873229d1d4af" testId="c7fb8d92-3836-d2cc-ae93-7bf3703d8daa" testName="ReadRFH2NameValueData_HaveReadRFH2HeaderMoreDataExistsButStructLengthIsOnlyForHeader_ThrowsException" computerName="ICSWS068" duration="00:00:00.0016662" startTime="2016-08-04T09:57:41.4649764+02:00" endTime="2016-08-04T09:57:41.4679966+02:00" testType="13cdc9d9-ddb5-4fa4-a97d-d965ccfc6d4b" outcome="Passed" testListId="8c84fa94-04c1-424b-9868-57a2d4851a1d" relativeResultsDirectory="ad0ac6ee-b2a8-4f23-8e75-873229d1d4af" />
    <UnitTestResult executionId="ad53a4b8-0058-4ebf-901c-a3307a18381c" testId="047bd362-df27-1e4a-af4b-eac305cc5d6d" testName="ReadRFH2NameValueData_HaveReadRFH2HeaderMoreDataExistsAndStructLengthIsLongerThanHeader_ReturnsNameValueData" computerName="ICSWS068" duration="00:00:00.0031230" startTime="2016-08-04T09:57:41.4709810+02:00" endTime="2016-08-04T09:57:41.4759850+02:00" testType="13cdc9d9-ddb5-4fa4-a97d-d965ccfc6d4b" outcome="Passed" testListId="8c84fa94-04c1-424b-9868-57a2d4851a1d" relativeResultsDirectory="ad53a4b8-0058-4ebf-901c-a3307a18381c" />
    <UnitTestResult executionId="d95efff4-d9f5-4eb4-bb85-024df688b59a" testId="165b45f6-5de6-8ee2-564e-bbd7e1cc2619" testName="ReadRFH2NameValueData_ValidNameValueDataHeaderStartPositionIsNotZero_ReturnsNameValueData" computerName="ICSWS068" duration="00:00:00.0020838" startTime="2016-08-04T09:57:41.4784926+02:00" endTime="2016-08-04T09:57:41.4819914+02:00" testType="13cdc9d9-ddb5-4fa4-a97d-d965ccfc6d4b" outcome="Passed" testListId="8c84fa94-04c1-424b-9868-57a2d4851a1d" relativeResultsDirectory="d95efff4-d9f5-4eb4-bb85-024df688b59a" />
    <UnitTestResult executionId="1c2fc05e-4261-407f-93d8-5ef183c09a14" testId="93079dd7-6b97-b0c4-0a98-5077c1c09770" testName="ReadRFH2NameValueData_OneSuccessfulReadButNotMoreNameValueData_HasMoreNameValueDataIsFalse" computerName="ICSWS068" duration="00:00:00.0023594" startTime="2016-08-04T09:57:41.4849954+02:00" endTime="2016-08-04T09:57:41.4885209+02:00" testType="13cdc9d9-ddb5-4fa4-a97d-d965ccfc6d4b" outcome="Passed" testListId="8c84fa94-04c1-424b-9868-57a2d4851a1d" relativeResultsDirectory="1c2fc05e-4261-407f-93d8-5ef183c09a14" />
    <UnitTestResult executionId="72c77bce-b76a-4b81-bb1f-fd7a7a7e8e53" testId="8fbf530d-c7b4-fba0-c88d-c3f6e4d939d7" testName="ReadRFH2NameValueData_OneSuccessfulReadAndHasMoreNameValueData_HasMoreNameValueDataIsTrue" computerName="ICSWS068" duration="00:00:00.0013665" startTime="2016-08-04T09:57:41.4910009+02:00" endTime="2016-08-04T09:57:41.4935196+02:00" testType="13cdc9d9-ddb5-4fa4-a97d-d965ccfc6d4b" outcome="Passed" testListId="8c84fa94-04c1-424b-9868-57a2d4851a1d" relativeResultsDirectory="72c77bce-b76a-4b81-bb1f-fd7a7a7e8e53" />
    <UnitTestResult executionId="ff673e74-9952-4b84-a63d-bff85446e01a" testId="20cb159b-4192-0926-f8da-63c9e67526b0" testName="ReadRFH2NameValueData_NameValueDataHasPadding_PaddingIsNotTrimmed" computerName="ICSWS068" duration="00:00:00.0003381" startTime="2016-08-04T09:57:41.4960058+02:00" endTime="2016-08-04T09:57:41.4975233+02:00" testType="13cdc9d9-ddb5-4fa4-a97d-d965ccfc6d4b" outcome="Passed" testListId="8c84fa94-04c1-424b-9868-57a2d4851a1d" relativeResultsDirectory="ff673e74-9952-4b84-a63d-bff85446e01a" />
    <UnitTestResult executionId="c322bc3a-be4d-4287-9d4c-81285bbd5056" testId="b4ee73de-b47f-3cae-26e1-9cf17c48c6ec" testName="WriteRFH_ValidInput_FlagsIsSetToNone" computerName="ICSWS068" duration="00:00:00.0016984" startTime="2016-08-04T09:57:41.5000089+02:00" endTime="2016-08-04T09:57:41.5035118+02:00" testType="13cdc9d9-ddb5-4fa4-a97d-d965ccfc6d4b" outcome="Passed" testListId="8c84fa94-04c1-424b-9868-57a2d4851a1d" relativeResultsDirectory="c322bc3a-be4d-4287-9d4c-81285bbd5056" />
    <UnitTestResult executionId="028fafff-89fe-4541-a441-2ebe1c0932d1" testId="69ce65ee-0561-7059-4057-5877f3977e57" testName="WriteRFH_ValidInput_CodedCharSetIdIsSetToDataCodePage" computerName="ICSWS068" duration="00:00:00.0011284" startTime="2016-08-04T09:57:41.5060147+02:00" endTime="2016-08-04T09:57:41.5085147+02:00" testType="13cdc9d9-ddb5-4fa4-a97d-d965ccfc6d4b" outcome="Passed" testListId="8c84fa94-04c1-424b-9868-57a2d4851a1d" relativeResultsDirectory="028fafff-89fe-4541-a441-2ebe1c0932d1" />
    <UnitTestResult executionId="47fa8a1d-d9ec-49f7-a860-55bd3b19b422" testId="60a2658c-ca95-72f4-55fe-8591421f2f3c" testName="WriteRFH_ValidInput_FormatIsSetToDataFormat" computerName="ICSWS068" duration="00:00:00.0011078" startTime="2016-08-04T09:57:41.5110164+02:00" endTime="2016-08-04T09:57:41.5130336+02:00" testType="13cdc9d9-ddb5-4fa4-a97d-d965ccfc6d4b" outcome="Passed" testListId="8c84fa94-04c1-424b-9868-57a2d4851a1d" relativeResultsDirectory="47fa8a1d-d9ec-49f7-a860-55bd3b19b422" />
    <UnitTestResult executionId="a4dcc45c-19ad-4548-9c44-e4c37b477b1f" testId="196669da-bbfa-8322-7bde-96b9ca77ebfd" testName="WriteRFH_ValidInput_SerializesWithRFH2CodePage" computerName="ICSWS068" duration="00:00:00.0007210" startTime="2016-08-04T09:57:41.5155198+02:00" endTime="2016-08-04T09:57:41.5175227+02:00" testType="13cdc9d9-ddb5-4fa4-a97d-d965ccfc6d4b" outcome="Passed" testListId="8c84fa94-04c1-424b-9868-57a2d4851a1d" relativeResultsDirectory="a4dcc45c-19ad-4548-9c44-e4c37b477b1f" />
    <UnitTestResult executionId="d48d22e0-166a-4b7e-8f66-d5c68a606452" testId="fc2167d6-14bd-facb-0a35-da9a244cc117" testName="WriteRFH_ValidInput_NameValueDataIsSetToNameValueDataInput" computerName="ICSWS068" duration="00:00:00.0011471" startTime="2016-08-04T09:57:41.5205235+02:00" endTime="2016-08-04T09:57:41.5230481+02:00" testType="13cdc9d9-ddb5-4fa4-a97d-d965ccfc6d4b" outcome="Passed" testListId="8c84fa94-04c1-424b-9868-57a2d4851a1d" relativeResultsDirectory="d48d22e0-166a-4b7e-8f66-d5c68a606452" />
    <UnitTestResult executionId="94309e8e-bdfe-4bb2-ae1f-524f38a9fa5d" testId="00075fa3-a71f-0182-430e-2a1f579dc758" testName="WriteRFH_ValidInput_WritesHeaderToMessage" computerName="ICSWS068" duration="00:00:00.0008510" startTime="2016-08-04T09:57:41.5255302+02:00" endTime="2016-08-04T09:57:41.5280319+02:00" testType="13cdc9d9-ddb5-4fa4-a97d-d965ccfc6d4b" outcome="Passed" testListId="8c84fa94-04c1-424b-9868-57a2d4851a1d" relativeResultsDirectory="94309e8e-bdfe-4bb2-ae1f-524f38a9fa5d" />
    <UnitTestResult executionId="1d5f4e68-98a4-45b5-a5a4-7ad94232a795" testId="fe17ef24-bb57-69f1-d79a-351b684a2f9f" testName="WriteRFH2_ValidInput_FlagsIsSetToNone" computerName="ICSWS068" duration="00:00:00.0009864" startTime="2016-08-04T09:57:41.5304424+02:00" endTime="2016-08-04T09:57:41.5329289+02:00" testType="13cdc9d9-ddb5-4fa4-a97d-d965ccfc6d4b" outcome="Passed" testListId="8c84fa94-04c1-424b-9868-57a2d4851a1d" relativeResultsDirectory="1d5f4e68-98a4-45b5-a5a4-7ad94232a795" />
    <UnitTestResult executionId="df0d7d0d-9db4-42ab-90b6-27f79d1e4cbe" testId="afc5059a-3990-da36-edf0-07c70537947b" testName="WriteRFH2_ValidInput_NameValueCCSIDIsSetToNameValueCodePage" computerName="ICSWS068" duration="00:00:00.0011580" startTime="2016-08-04T09:57:41.5354294+02:00" endTime="2016-08-04T09:57:41.5379317+02:00" testType="13cdc9d9-ddb5-4fa4-a97d-d965ccfc6d4b" outcome="Passed" testListId="8c84fa94-04c1-424b-9868-57a2d4851a1d" relativeResultsDirectory="df0d7d0d-9db4-42ab-90b6-27f79d1e4cbe" />
    <UnitTestResult executionId="3b60df83-e263-4b42-9193-05bb36a405b2" testId="d1e39889-059a-6c68-59c8-9133d236708f" testName="WriteRFH2_ValidInput_CodedCharSetIdIsSetToDataCodePage" computerName="ICSWS068" duration="00:00:00.0011495" startTime="2016-08-04T09:57:41.5414340+02:00" endTime="2016-08-04T09:57:41.5439349+02:00" testType="13cdc9d9-ddb5-4fa4-a97d-d965ccfc6d4b" outcome="Passed" testListId="8c84fa94-04c1-424b-9868-57a2d4851a1d" relativeResultsDirectory="3b60df83-e263-4b42-9193-05bb36a405b2" />
    <UnitTestResult executionId="bcd80d60-a2e9-48c7-afa3-27546ef31524" testId="cb34b246-bcb4-c8bb-f673-4cd8f90fac71" testName="WriteRFH2_ValidInput_FormatIsSetToDataFormat" computerName="ICSWS068" duration="00:00:00.0011803" startTime="2016-08-04T09:57:41.5469372+02:00" endTime="2016-08-04T09:57:41.5494403+02:00" testType="13cdc9d9-ddb5-4fa4-a97d-d965ccfc6d4b" outcome="Passed" testListId="8c84fa94-04c1-424b-9868-57a2d4851a1d" relativeResultsDirectory="bcd80d60-a2e9-48c7-afa3-27546ef31524" />
    <UnitTestResult executionId="07108f89-a8c3-4951-a6bf-f7e161685d6f" testId="fd4bb68f-397b-0c69-fed5-dd129268d5cf" testName="WriteRFH2_ValidInput_SerializesWithRFH2CodePage" computerName="ICSWS068" duration="00:00:00.0011647" startTime="2016-08-04T09:57:41.5519424+02:00" endTime="2016-08-04T09:57:41.5546288+02:00" testType="13cdc9d9-ddb5-4fa4-a97d-d965ccfc6d4b" outcome="Passed" testListId="8c84fa94-04c1-424b-9868-57a2d4851a1d" relativeResultsDirectory="07108f89-a8c3-4951-a6bf-f7e161685d6f" />
    <UnitTestResult executionId="022d2748-ae34-405e-9f63-e108bf31312a" testId="48550114-7d9e-5892-8f8f-3020a8e23fa3" testName="CharacterSet_Default_ReturnsUnicode" computerName="ICSWS068" duration="00:00:00.0002950" startTime="2016-08-04T09:57:41.5571478+02:00" endTime="2016-08-04T09:57:41.5586311+02:00" testType="13cdc9d9-ddb5-4fa4-a97d-d965ccfc6d4b" outcome="Passed" testListId="8c84fa94-04c1-424b-9868-57a2d4851a1d" relativeResultsDirectory="022d2748-ae34-405e-9f63-e108bf31312a" />
    <UnitTestResult executionId="c2e5e884-26b7-4579-bbf2-dee7edb413a6" testId="1f505d5d-b023-d069-ab33-37d0831dc012" testName="CharacterSet_NotValidCodePage_GetReturnsValue" computerName="ICSWS068" duration="00:00:00.0001809" startTime="2016-08-04T09:57:41.5611492+02:00" endTime="2016-08-04T09:57:41.5626521+02:00" testType="13cdc9d9-ddb5-4fa4-a97d-d965ccfc6d4b" outcome="Passed" testListId="8c84fa94-04c1-424b-9868-57a2d4851a1d" relativeResultsDirectory="c2e5e884-26b7-4579-bbf2-dee7edb413a6" />
    <UnitTestResult executionId="246d158b-ddd7-4d97-a9b0-4c6c0503420b" testId="5e343290-79d0-15fd-af65-dded0098cc3e" testName="CharacterSet_ValidCodePage_GetReutrnsValue" computerName="ICSWS068" duration="00:00:00.0002002" startTime="2016-08-04T09:57:41.5651380+02:00" endTime="2016-08-04T09:57:41.5671400+02:00" testType="13cdc9d9-ddb5-4fa4-a97d-d965ccfc6d4b" outcome="Passed" testListId="8c84fa94-04c1-424b-9868-57a2d4851a1d" relativeResultsDirectory="246d158b-ddd7-4d97-a9b0-4c6c0503420b" />
    <UnitTestResult executionId="adc3633e-ff87-40f4-95ff-5025e9ad0484" testId="f6890201-f3fe-41e3-72a7-fcde7cee8a03" testName="CharacterSet_NegativeValue_ThrowsException" computerName="ICSWS068" duration="00:00:00.0002140" startTime="2016-08-04T09:57:41.5701426+02:00" endTime="2016-08-04T09:57:41.5716432+02:00" testType="13cdc9d9-ddb5-4fa4-a97d-d965ccfc6d4b" outcome="Passed" testListId="8c84fa94-04c1-424b-9868-57a2d4851a1d" relativeResultsDirectory="adc3633e-ff87-40f4-95ff-5025e9ad0484" />
    <UnitTestResult executionId="800fbeb0-07b4-447d-8264-794873c3886c" testId="5629b724-590a-0650-1f22-cae1746c7973" testName="CompletionCode_Default_ReturnsZero" computerName="ICSWS068" duration="00:00:00.0002838" startTime="2016-08-04T09:57:41.5746449+02:00" endTime="2016-08-04T09:57:41.5761651+02:00" testType="13cdc9d9-ddb5-4fa4-a97d-d965ccfc6d4b" outcome="Passed" testListId="8c84fa94-04c1-424b-9868-57a2d4851a1d" relativeResultsDirectory="800fbeb0-07b4-447d-8264-794873c3886c" />
    <UnitTestResult executionId="c0359806-093e-4fb5-909d-f5dd474f2338" testId="1b0a93e7-667c-3c90-8e7c-a94523027f57" testName="CorrelationId_Default_ReturnsByteArrayOfLength24" computerName="ICSWS068" duration="00:00:00.0003363" startTime="2016-08-04T09:57:41.5786487+02:00" endTime="2016-08-04T09:57:41.5801501+02:00" testType="13cdc9d9-ddb5-4fa4-a97d-d965ccfc6d4b" outcome="Passed" testListId="8c84fa94-04c1-424b-9868-57a2d4851a1d" relativeResultsDirectory="c0359806-093e-4fb5-909d-f5dd474f2338" />
    <UnitTestResult executionId="ea8d2df7-870f-4248-ad10-0ed4866dceec" testId="b9de18dd-5d63-105c-5e44-d47df573459b" testName="CorrelationId_SettingEmptyByteArray_ReturnsByteArrayOfLength24" computerName="ICSWS068" duration="00:00:00.0003498" startTime="2016-08-04T09:57:41.5821504+02:00" endTime="2016-08-04T09:57:41.5841749+02:00" testType="13cdc9d9-ddb5-4fa4-a97d-d965ccfc6d4b" outcome="Passed" testListId="8c84fa94-04c1-424b-9868-57a2d4851a1d" relativeResultsDirectory="ea8d2df7-870f-4248-ad10-0ed4866dceec" />
    <UnitTestResult executionId="76198e8a-8f2d-463d-9ec3-be9b8eeb5b5f" testId="8414477e-817c-284a-dc2d-d35898f1c772" testName="CorrelationId_SettingNull_ThrowsException" computerName="ICSWS068" duration="00:00:00.0006677" startTime="2016-08-04T09:57:41.5871588+02:00" endTime="2016-08-04T09:57:41.5891599+02:00" testType="13cdc9d9-ddb5-4fa4-a97d-d965ccfc6d4b" outcome="Passed" testListId="8c84fa94-04c1-424b-9868-57a2d4851a1d" relativeResultsDirectory="76198e8a-8f2d-463d-9ec3-be9b8eeb5b5f" />
    <UnitTestResult executionId="944fcc60-579d-4e5f-880e-b22379377228" testId="5724a0eb-9cf0-5e2e-aeb5-bedd6664c43e" testName="CorrelationId_SettingByteArrayShorterThan24Bytes_ReturnArrayPlusPadding" computerName="ICSWS068" duration="00:00:00.0002788" startTime="2016-08-04T09:57:41.5936683+02:00" endTime="2016-08-04T09:57:41.5956695+02:00" testType="13cdc9d9-ddb5-4fa4-a97d-d965ccfc6d4b" outcome="Passed" testListId="8c84fa94-04c1-424b-9868-57a2d4851a1d" relativeResultsDirectory="944fcc60-579d-4e5f-880e-b22379377228" />
    <UnitTestResult executionId="bb077283-7988-401b-bdb7-ec30c48857b0" testId="01029a4d-06f1-06b6-874e-ebd578c6e58f" testName="CorrelationId_SettingByteArrayExtactly24Bytes_ReturnsArrayWithoutPadding" computerName="ICSWS068" duration="00:00:00.0002715" startTime="2016-08-04T09:57:41.5996726+02:00" endTime="2016-08-04T09:57:41.6016738+02:00" testType="13cdc9d9-ddb5-4fa4-a97d-d965ccfc6d4b" outcome="Passed" testListId="8c84fa94-04c1-424b-9868-57a2d4851a1d" relativeResultsDirectory="bb077283-7988-401b-bdb7-ec30c48857b0" />
    <UnitTestResult executionId="6ca1d91e-7c90-40a9-ab1d-3c369d2f56c4" testId="97f29ff8-493e-9938-446f-16e1974f4ebd" testName="CorrelationId_SettingByteArrayLongerThan24Bytes_ThrowsArgumentException" computerName="ICSWS068" duration="00:00:00.0014483" startTime="2016-08-04T09:57:41.6056769+02:00" endTime="2016-08-04T09:57:41.6096798+02:00" testType="13cdc9d9-ddb5-4fa4-a97d-d965ccfc6d4b" outcome="Passed" testListId="8c84fa94-04c1-424b-9868-57a2d4851a1d" relativeResultsDirectory="6ca1d91e-7c90-40a9-ab1d-3c369d2f56c4" />
    <UnitTestResult executionId="ab96f8f7-37d5-4355-b85d-6f1a04519285" testId="f885d56c-d3de-9435-08f3-15887f4e9ba7" testName="Expiry_Default_ReturnsZero" computerName="ICSWS068" duration="00:00:00.0004043" startTime="2016-08-04T09:57:41.6126824+02:00" endTime="2016-08-04T09:57:41.6146835+02:00" testType="13cdc9d9-ddb5-4fa4-a97d-d965ccfc6d4b" outcome="Passed" testListId="8c84fa94-04c1-424b-9868-57a2d4851a1d" relativeResultsDirectory="ab96f8f7-37d5-4355-b85d-6f1a04519285" />
    <UnitTestResult executionId="35413dd6-e689-41fa-a4c8-3a41fac204ad" testId="f7546399-2638-e3e9-1ebf-c4918cba8a48" testName="Feedback_Default_ReturnsZero" computerName="ICSWS068" duration="00:00:00.0003114" startTime="2016-08-04T09:57:41.6186873+02:00" endTime="2016-08-04T09:57:41.6201878+02:00" testType="13cdc9d9-ddb5-4fa4-a97d-d965ccfc6d4b" outcome="Passed" testListId="8c84fa94-04c1-424b-9868-57a2d4851a1d" relativeResultsDirectory="35413dd6-e689-41fa-a4c8-3a41fac204ad" />
    <UnitTestResult executionId="a46397e7-0d5e-40cd-8dee-258780fbc510" testId="86aef52f-0bf6-8785-b333-e383dd321ae5" testName="Flags_Default_ReturnsNone" computerName="ICSWS068" duration="00:00:00.0010747" startTime="2016-08-04T09:57:41.6236895+02:00" endTime="2016-08-04T09:57:41.6266918+02:00" testType="13cdc9d9-ddb5-4fa4-a97d-d965ccfc6d4b" outcome="Passed" testListId="8c84fa94-04c1-424b-9868-57a2d4851a1d" relativeResultsDirectory="a46397e7-0d5e-40cd-8dee-258780fbc510" />
    <UnitTestResult executionId="95cd8f73-8d9d-45c5-a2c2-6ed12f294e61" testId="7c5d16ac-c770-2255-f4df-342867940741" testName="Flags_SegmentationInhibitedSet_ReturnsSetValue" computerName="ICSWS068" duration="00:00:00.0003128" startTime="2016-08-04T09:57:41.6291935+02:00" endTime="2016-08-04T09:57:41.6306953+02:00" testType="13cdc9d9-ddb5-4fa4-a97d-d965ccfc6d4b" outcome="Passed" testListId="8c84fa94-04c1-424b-9868-57a2d4851a1d" relativeResultsDirectory="95cd8f73-8d9d-45c5-a2c2-6ed12f294e61" />
    <UnitTestResult executionId="ebeb1541-6bd2-4639-bf05-147def885f35" testId="cf77eba4-7244-d956-d467-5e2a99528f18" testName="Flags_SegmentationAllowedSet_ReturnsSetValue" computerName="ICSWS068" duration="00:00:00.0002392" startTime="2016-08-04T09:57:41.6341976+02:00" endTime="2016-08-04T09:57:41.6361987+02:00" testType="13cdc9d9-ddb5-4fa4-a97d-d965ccfc6d4b" outcome="Passed" testListId="8c84fa94-04c1-424b-9868-57a2d4851a1d" relativeResultsDirectory="ebeb1541-6bd2-4639-bf05-147def885f35" />
    <UnitTestResult executionId="cadc6a98-1e2e-4e18-922c-5c70cbf8324a" testId="65e29663-71a8-c16a-40b7-0d684d259f3b" testName="Flags_SegmentSet_ReturnsSetValue" computerName="ICSWS068" duration="00:00:00.0002202" startTime="2016-08-04T09:57:41.6392013+02:00" endTime="2016-08-04T09:57:41.6407018+02:00" testType="13cdc9d9-ddb5-4fa4-a97d-d965ccfc6d4b" outcome="Passed" testListId="8c84fa94-04c1-424b-9868-57a2d4851a1d" relativeResultsDirectory="cadc6a98-1e2e-4e18-922c-5c70cbf8324a" />
    <UnitTestResult executionId="e2d77a71-2dcc-4c73-ab98-e9d6e89bfc56" testId="dd3f13ce-ca29-6f06-cfa9-dad41be45c32" testName="Flags_LastSegmentSet_ReturnsSetValue" computerName="ICSWS068" duration="00:00:00.0002055" startTime="2016-08-04T09:57:41.6432033+02:00" endTime="2016-08-04T09:57:41.6452050+02:00" testType="13cdc9d9-ddb5-4fa4-a97d-d965ccfc6d4b" outcome="Passed" testListId="8c84fa94-04c1-424b-9868-57a2d4851a1d" relativeResultsDirectory="e2d77a71-2dcc-4c73-ab98-e9d6e89bfc56" />
    <UnitTestResult executionId="60aecf39-d95b-4b15-b5b9-ff9862275b4e" testId="38aa743d-c7a4-c3fe-b172-cbfe805c6555" testName="Flags_MessageInGroupSet_ReturnsSetValue" computerName="ICSWS068" duration="00:00:00.0003255" startTime="2016-08-04T09:57:41.6472070+02:00" endTime="2016-08-04T09:57:41.6492082+02:00" testType="13cdc9d9-ddb5-4fa4-a97d-d965ccfc6d4b" outcome="Passed" testListId="8c84fa94-04c1-424b-9868-57a2d4851a1d" relativeResultsDirectory="60aecf39-d95b-4b15-b5b9-ff9862275b4e" />
    <UnitTestResult executionId="d3ca9c91-a823-4d70-944d-82409e160bba" testId="3e4c8175-53c2-7511-d553-dc9ecf22ea20" testName="Flags_LastMessageInGroupSet_ReturnsSetValue" computerName="ICSWS068" duration="00:00:00.0002061" startTime="2016-08-04T09:57:41.6527104+02:00" endTime="2016-08-04T09:57:41.6542113+02:00" testType="13cdc9d9-ddb5-4fa4-a97d-d965ccfc6d4b" outcome="Passed" testListId="8c84fa94-04c1-424b-9868-57a2d4851a1d" relativeResultsDirectory="d3ca9c91-a823-4d70-944d-82409e160bba" />
    <UnitTestResult executionId="49663acf-0094-4fc2-9c26-84a91ea015fe" testId="ce9a4d25-d632-5295-5b02-c828d0a815ce" testName="Flags_CombiningTwoFlags_ReturnsSetValue" computerName="ICSWS068" duration="00:00:00.0002662" startTime="2016-08-04T09:57:41.6577142+02:00" endTime="2016-08-04T09:57:41.6592150+02:00" testType="13cdc9d9-ddb5-4fa4-a97d-d965ccfc6d4b" outcome="Passed" testListId="8c84fa94-04c1-424b-9868-57a2d4851a1d" relativeResultsDirectory="49663acf-0094-4fc2-9c26-84a91ea015fe" />
    <UnitTestResult executionId="a5061f25-a7af-4ea2-a865-4471c8fef944" testId="0287002e-1f46-3e63-127b-6a78b017b315" testName="Flags_SetTwice_ReturnsLastSetValue" computerName="ICSWS068" duration="00:00:00.0002126" startTime="2016-08-04T09:57:41.6627176+02:00" endTime="2016-08-04T09:57:41.6642187+02:00" testType="13cdc9d9-ddb5-4fa4-a97d-d965ccfc6d4b" outcome="Passed" testListId="8c84fa94-04c1-424b-9868-57a2d4851a1d" relativeResultsDirectory="a5061f25-a7af-4ea2-a865-4471c8fef944" />
    <UnitTestResult executionId="7061f812-dacd-45fa-82cd-8240083b4478" testId="3ddbde29-5c85-2106-0858-f517afa126f6" testName="Format_Default_ReturnsEmptyStringOfLength8" computerName="ICSWS068" duration="00:00:00.0004513" startTime="2016-08-04T09:57:41.6677210+02:00" endTime="2016-08-04T09:57:41.6697225+02:00" testType="13cdc9d9-ddb5-4fa4-a97d-d965ccfc6d4b" outcome="Passed" testListId="8c84fa94-04c1-424b-9868-57a2d4851a1d" relativeResultsDirectory="7061f812-dacd-45fa-82cd-8240083b4478" />
    <UnitTestResult executionId="f2f47158-a200-4360-9045-7ee2c3ea680d" testId="18576cbc-9418-0385-f1e2-bf250174e22b" testName="Format_SetValueWith7Characters_ReturnsValueWithPadding" computerName="ICSWS068" duration="00:00:00.0004536" startTime="2016-08-04T09:57:41.6732253+02:00" endTime="2016-08-04T09:57:41.6747262+02:00" testType="13cdc9d9-ddb5-4fa4-a97d-d965ccfc6d4b" outcome="Passed" testListId="8c84fa94-04c1-424b-9868-57a2d4851a1d" relativeResultsDirectory="f2f47158-a200-4360-9045-7ee2c3ea680d" />
    <UnitTestResult executionId="18b77b4e-3ebe-4fbd-b696-503330eb70b6" testId="e28a3298-a0dd-3594-f2dc-2a278a11a432" testName="Format_SetValueWith8Characters_ReturnsValue" computerName="ICSWS068" duration="00:00:00.0001961" startTime="2016-08-04T09:57:41.6782291+02:00" endTime="2016-08-04T09:57:41.6797299+02:00" testType="13cdc9d9-ddb5-4fa4-a97d-d965ccfc6d4b" outcome="Passed" testListId="8c84fa94-04c1-424b-9868-57a2d4851a1d" relativeResultsDirectory="18b77b4e-3ebe-4fbd-b696-503330eb70b6" />
    <UnitTestResult executionId="4d3e105f-3df7-4d0f-b581-77712d709db1" testId="872012e6-b745-1d90-e216-9f915e6814ba" testName="Format_SetValueWith9Characters_ThrowsArgumentOutOfRangeException" computerName="ICSWS068" duration="00:00:00.0006445" startTime="2016-08-04T09:57:41.6832325+02:00" endTime="2016-08-04T09:57:41.6852336+02:00" testType="13cdc9d9-ddb5-4fa4-a97d-d965ccfc6d4b" outcome="Passed" testListId="8c84fa94-04c1-424b-9868-57a2d4851a1d" relativeResultsDirectory="4d3e105f-3df7-4d0f-b581-77712d709db1" />
    <UnitTestResult executionId="950438ca-4959-44f1-b505-e1988d300528" testId="dd004544-eb24-a6c7-4120-3a985ce2a529" testName="GroupId_Default_ReturnsByteArrayOfLength24" computerName="ICSWS068" duration="00:00:00.0003606" startTime="2016-08-04T09:57:41.6887362+02:00" endTime="2016-08-04T09:57:41.6907377+02:00" testType="13cdc9d9-ddb5-4fa4-a97d-d965ccfc6d4b" outcome="Passed" testListId="8c84fa94-04c1-424b-9868-57a2d4851a1d" relativeResultsDirectory="950438ca-4959-44f1-b505-e1988d300528" />
    <UnitTestResult executionId="db8af5ff-b9bc-4940-857b-4a04d8cad508" testId="a21e398d-e396-da78-da70-16f3f9247e9f" testName="GroupId_SettingEmptyByteArray_ReturnsByteArrayOfLength24" computerName="ICSWS068" duration="00:00:00.0004489" startTime="2016-08-04T09:57:41.6927394+02:00" endTime="2016-08-04T09:57:41.6952405+02:00" testType="13cdc9d9-ddb5-4fa4-a97d-d965ccfc6d4b" outcome="Passed" testListId="8c84fa94-04c1-424b-9868-57a2d4851a1d" relativeResultsDirectory="db8af5ff-b9bc-4940-857b-4a04d8cad508" />
    <UnitTestResult executionId="d21983d1-b185-4cd5-9e7c-0c94eb75dd92" testId="6e0b0fa7-a28a-5051-fcfc-0ed66a8b7485" testName="GroupId_SettingNull_ThrowsException" computerName="ICSWS068" duration="00:00:00.0008164" startTime="2016-08-04T09:57:41.6982434+02:00" endTime="2016-08-04T09:57:41.7007448+02:00" testType="13cdc9d9-ddb5-4fa4-a97d-d965ccfc6d4b" outcome="Passed" testListId="8c84fa94-04c1-424b-9868-57a2d4851a1d" relativeResultsDirectory="d21983d1-b185-4cd5-9e7c-0c94eb75dd92" />
    <UnitTestResult executionId="b8272151-55c9-45d2-af26-27c80c5c2c70" testId="6596df47-1373-7f49-4bab-82d0573d4353" testName="GroupId_SettingByteArrayShorterThan24Bytes_ReturnArrayPlusPadding" computerName="ICSWS068" duration="00:00:00.0003932" startTime="2016-08-04T09:57:41.7037471+02:00" endTime="2016-08-04T09:57:41.7062488+02:00" testType="13cdc9d9-ddb5-4fa4-a97d-d965ccfc6d4b" outcome="Passed" testListId="8c84fa94-04c1-424b-9868-57a2d4851a1d" relativeResultsDirectory="b8272151-55c9-45d2-af26-27c80c5c2c70" />
    <UnitTestResult executionId="e68953fe-ea87-44b6-b2a2-143e2affd933" testId="f7a0a6f2-4a3b-f568-929b-b9805b73bdf7" testName="GroupId_SettingByteArrayExtactly24Bytes_ReturnsArrayWithoutPadding" computerName="ICSWS068" duration="00:00:00.0002521" startTime="2016-08-04T09:57:41.7092514+02:00" endTime="2016-08-04T09:57:41.7112523+02:00" testType="13cdc9d9-ddb5-4fa4-a97d-d965ccfc6d4b" outcome="Passed" testListId="8c84fa94-04c1-424b-9868-57a2d4851a1d" relativeResultsDirectory="e68953fe-ea87-44b6-b2a2-143e2affd933" />
    <UnitTestResult executionId="c72a163c-5f4e-43fe-8388-960762cd3e25" testId="a5db4204-a1cf-db20-d289-be5f67386096" testName="GroupId_SettingByteArrayLongerThan24Bytes_ThrowsArgumentException" computerName="ICSWS068" duration="00:00:00.0007788" startTime="2016-08-04T09:57:41.7142546+02:00" endTime="2016-08-04T09:57:41.7167566+02:00" testType="13cdc9d9-ddb5-4fa4-a97d-d965ccfc6d4b" outcome="Passed" testListId="8c84fa94-04c1-424b-9868-57a2d4851a1d" relativeResultsDirectory="c72a163c-5f4e-43fe-8388-960762cd3e25" />
    <UnitTestResult executionId="acfcfd2b-7c86-4de3-a117-8b451e36794d" testId="31600567-ec43-5eef-e1b8-932fff18f80e" testName="MessageInGroup_Default_ReturnsFalse" computerName="ICSWS068" duration="00:00:00.0003363" startTime="2016-08-04T09:57:41.7197583+02:00" endTime="2016-08-04T09:57:41.7217600+02:00" testType="13cdc9d9-ddb5-4fa4-a97d-d965ccfc6d4b" outcome="Passed" testListId="8c84fa94-04c1-424b-9868-57a2d4851a1d" relativeResultsDirectory="acfcfd2b-7c86-4de3-a117-8b451e36794d" />
    <UnitTestResult executionId="95fa48a3-f30e-489d-a1b0-ccbaba9252cf" testId="94b669fc-353e-3c22-77e4-1f3a9f4302f5" testName="MessageInGroup_SetFalseAndWasTrue_GetReturnsFalse" computerName="ICSWS068" duration="00:00:00.0002736" startTime="2016-08-04T09:57:41.7247617+02:00" endTime="2016-08-04T09:57:41.7262631+02:00" testType="13cdc9d9-ddb5-4fa4-a97d-d965ccfc6d4b" outcome="Passed" testListId="8c84fa94-04c1-424b-9868-57a2d4851a1d" relativeResultsDirectory="95fa48a3-f30e-489d-a1b0-ccbaba9252cf" />
    <UnitTestResult executionId="4351879f-b3e6-41d1-ba20-c9be4cb4ee9b" testId="4da4bd80-8a6f-ed94-a82d-b2239c0af6ae" testName="MessageInGroup_SetFalseAndWasFalse_GetReturnsFalse" computerName="ICSWS068" duration="00:00:00.0001865" startTime="2016-08-04T09:57:41.7297660+02:00" endTime="2016-08-04T09:57:41.7312666+02:00" testType="13cdc9d9-ddb5-4fa4-a97d-d965ccfc6d4b" outcome="Passed" testListId="8c84fa94-04c1-424b-9868-57a2d4851a1d" relativeResultsDirectory="4351879f-b3e6-41d1-ba20-c9be4cb4ee9b" />
    <UnitTestResult executionId="c7c8f20d-641b-43d5-a205-247f0c54b3cb" testId="2e0fd8e5-c836-c743-7cac-8a68b638e404" testName="MessageInGroup_SetTrueAndWasFalse_GetReturnsTrue" computerName="ICSWS068" duration="00:00:00.0001867" startTime="2016-08-04T09:57:41.7342686+02:00" endTime="2016-08-04T09:57:41.7357700+02:00" testType="13cdc9d9-ddb5-4fa4-a97d-d965ccfc6d4b" outcome="Passed" testListId="8c84fa94-04c1-424b-9868-57a2d4851a1d" relativeResultsDirectory="c7c8f20d-641b-43d5-a205-247f0c54b3cb" />
    <UnitTestResult executionId="e49163ff-c61d-4a0f-b322-0079372e4dbe" testId="ba505ad2-f112-8c71-877b-b6606b7c4591" testName="MessageInGroup_SetTrueAndWasTrue_GetReturnTrue" computerName="ICSWS068" duration="00:00:00.0001862" startTime="2016-08-04T09:57:41.7392723+02:00" endTime="2016-08-04T09:57:41.7407740+02:00" testType="13cdc9d9-ddb5-4fa4-a97d-d965ccfc6d4b" outcome="Passed" testListId="8c84fa94-04c1-424b-9868-57a2d4851a1d" relativeResultsDirectory="e49163ff-c61d-4a0f-b322-0079372e4dbe" />
    <UnitTestResult executionId="73064e72-9910-4650-b4d4-8a6a73673245" testId="f21c19ea-b2f1-08aa-1abc-ef8111a52a30" testName="MessageInGroup_ForAllMessageFlagsSetToFalseWhenBeingTrue_OtherFlagsAreNotChanged" computerName="ICSWS068" duration="00:00:00.0015735" startTime="2016-08-04T09:57:41.7442760+02:00" endTime="2016-08-04T09:57:41.7472786+02:00" testType="13cdc9d9-ddb5-4fa4-a97d-d965ccfc6d4b" outcome="Passed" testListId="8c84fa94-04c1-424b-9868-57a2d4851a1d" relativeResultsDirectory="73064e72-9910-4650-b4d4-8a6a73673245" />
    <UnitTestResult executionId="bb8d64d4-02ba-4e4b-bcb6-f34a4d9ef051" testId="48d71aaa-b9b4-77cb-6777-9a44a53135df" testName="MessageInGroup_ForAllMessageFlagsSetToTrueWhenBeingFalse_OtherFlagsAreNotChanged" computerName="ICSWS068" duration="00:00:00.0002821" startTime="2016-08-04T09:57:41.7512809+02:00" endTime="2016-08-04T09:57:41.7532823+02:00" testType="13cdc9d9-ddb5-4fa4-a97d-d965ccfc6d4b" outcome="Passed" testListId="8c84fa94-04c1-424b-9868-57a2d4851a1d" relativeResultsDirectory="bb8d64d4-02ba-4e4b-bcb6-f34a4d9ef051" />
    <UnitTestResult executionId="75560f05-748e-4c49-a583-dcf922fa970c" testId="3c5d8266-f4d9-42a3-e80e-9858c0a78229" testName="MessageInGroup_SetFalseWasTrue_DoesNotAffectOtherFlags" computerName="ICSWS068" duration="00:00:00.0002061" startTime="2016-08-04T09:57:41.7572852+02:00" endTime="2016-08-04T09:57:41.7587863+02:00" testType="13cdc9d9-ddb5-4fa4-a97d-d965ccfc6d4b" outcome="Passed" testListId="8c84fa94-04c1-424b-9868-57a2d4851a1d" relativeResultsDirectory="75560f05-748e-4c49-a583-dcf922fa970c" />
    <UnitTestResult executionId="c78857e3-67e5-4e4c-b2dc-0391c798d3ff" testId="c1a3da5c-b2cb-2d1a-3641-d150fedfc0b0" testName="MessageLastInGroup_Default_ReturnsFalse" computerName="ICSWS068" duration="00:00:00.0002460" startTime="2016-08-04T09:57:41.7612887+02:00" endTime="2016-08-04T09:57:41.7627892+02:00" testType="13cdc9d9-ddb5-4fa4-a97d-d965ccfc6d4b" outcome="Passed" testListId="8c84fa94-04c1-424b-9868-57a2d4851a1d" relativeResultsDirectory="c78857e3-67e5-4e4c-b2dc-0391c798d3ff" />
    <UnitTestResult executionId="8f73ebd9-2a67-410f-9d6d-0d1972471f0f" testId="4858921a-c217-fb9a-930a-2bb9ceb5c35b" testName="MessageLastInGroup_SetFalseAndWasTrue_GetReturnsFalse" computerName="ICSWS068" duration="00:00:00.0003914" startTime="2016-08-04T09:57:41.7652909+02:00" endTime="2016-08-04T09:57:41.7672932+02:00" testType="13cdc9d9-ddb5-4fa4-a97d-d965ccfc6d4b" outcome="Passed" testListId="8c84fa94-04c1-424b-9868-57a2d4851a1d" relativeResultsDirectory="8f73ebd9-2a67-410f-9d6d-0d1972471f0f" />
    <UnitTestResult executionId="c9827794-0cb3-45a8-af47-b76a142ebaa3" testId="a3fbadb2-b3d0-987f-6f04-cfea0f713744" testName="MessageLastInGroup_SetFalseAndWasFalse_GetReturnsFalse" computerName="ICSWS068" duration="00:00:00.0001747" startTime="2016-08-04T09:57:41.7697944+02:00" endTime="2016-08-04T09:57:41.7712949+02:00" testType="13cdc9d9-ddb5-4fa4-a97d-d965ccfc6d4b" outcome="Passed" testListId="8c84fa94-04c1-424b-9868-57a2d4851a1d" relativeResultsDirectory="c9827794-0cb3-45a8-af47-b76a142ebaa3" />
    <UnitTestResult executionId="7b9192d5-1211-46e8-8f23-bb476307d8d6" testId="c32b0b9c-a3d3-1bd9-c803-7980e09827b4" testName="MessageLastInGroup_SetTrueAndWasFalse_GetReturnsTrue" computerName="ICSWS068" duration="00:00:00.0001888" startTime="2016-08-04T09:57:41.7742975+02:00" endTime="2016-08-04T09:57:41.7757984+02:00" testType="13cdc9d9-ddb5-4fa4-a97d-d965ccfc6d4b" outcome="Passed" testListId="8c84fa94-04c1-424b-9868-57a2d4851a1d" relativeResultsDirectory="7b9192d5-1211-46e8-8f23-bb476307d8d6" />
    <UnitTestResult executionId="cd25c9e9-ebaa-49b5-9cd4-8190433e9649" testId="f33a5fd8-eac5-884e-5f2a-df8374d5176b" testName="MessageLastInGroup_SetTrueAndWasTrue_GetReturnTrue" computerName="ICSWS068" duration="00:00:00.0001785" startTime="2016-08-04T09:57:41.7783007+02:00" endTime="2016-08-04T09:57:41.7798012+02:00" testType="13cdc9d9-ddb5-4fa4-a97d-d965ccfc6d4b" outcome="Passed" testListId="8c84fa94-04c1-424b-9868-57a2d4851a1d" relativeResultsDirectory="cd25c9e9-ebaa-49b5-9cd4-8190433e9649" />
    <UnitTestResult executionId="2ad829b3-9162-4fa7-8ee0-2d70cae17051" testId="88506aee-ec74-94ab-64f0-1d5d69f7c93a" testName="MessageLastInGroup_ForAllMessageFlagsSetToFalseWhenBeingTrue_OtherFlagsAreNotChanged" computerName="ICSWS068" duration="00:00:00.0002237" startTime="2016-08-04T09:57:41.7818030+02:00" endTime="2016-08-04T09:57:41.7838044+02:00" testType="13cdc9d9-ddb5-4fa4-a97d-d965ccfc6d4b" outcome="Passed" testListId="8c84fa94-04c1-424b-9868-57a2d4851a1d" relativeResultsDirectory="2ad829b3-9162-4fa7-8ee0-2d70cae17051" />
    <UnitTestResult executionId="a495d581-5aa1-43cf-b52d-ae92e5bc4fa1" testId="1e8647f0-cb11-389c-3ceb-38ed136a3023" testName="MessageLastInGroup_ForAllMessageFlagsSetToTrueWhenBeingFalse_OtherFlagsAreNotChanged" computerName="ICSWS068" duration="00:00:00.0002014" startTime="2016-08-04T09:57:41.7863061+02:00" endTime="2016-08-04T09:57:41.7878073+02:00" testType="13cdc9d9-ddb5-4fa4-a97d-d965ccfc6d4b" outcome="Passed" testListId="8c84fa94-04c1-424b-9868-57a2d4851a1d" relativeResultsDirectory="a495d581-5aa1-43cf-b52d-ae92e5bc4fa1" />
    <UnitTestResult executionId="f0f3e61f-5d38-43f3-a469-c1a241e1a1c4" testId="e87d4a24-f3a6-ac15-d7a7-db6ff9fc8246" testName="MessageIsLastSegment_Default_ReturnsFalse" computerName="ICSWS068" duration="00:00:00.0001785" startTime="2016-08-04T09:57:41.7903087+02:00" endTime="2016-08-04T09:57:41.7918104+02:00" testType="13cdc9d9-ddb5-4fa4-a97d-d965ccfc6d4b" outcome="Passed" testListId="8c84fa94-04c1-424b-9868-57a2d4851a1d" relativeResultsDirectory="f0f3e61f-5d38-43f3-a469-c1a241e1a1c4" />
    <UnitTestResult executionId="e5167b73-5115-4fe0-b261-6329a7a75736" testId="62337d35-bbe9-8bcf-3211-e06ba2c63a81" testName="MessageIsLastSegment_SetFalseAndWasTrue_GetReturnsFalse" computerName="ICSWS068" duration="00:00:00.0002818" startTime="2016-08-04T09:57:41.7943121+02:00" endTime="2016-08-04T09:57:41.7958130+02:00" testType="13cdc9d9-ddb5-4fa4-a97d-d965ccfc6d4b" outcome="Passed" testListId="8c84fa94-04c1-424b-9868-57a2d4851a1d" relativeResultsDirectory="e5167b73-5115-4fe0-b261-6329a7a75736" />
    <UnitTestResult executionId="c3e81ab7-6d32-4c2f-a911-6f3f3ac665d3" testId="b3dc5a54-ce15-10b9-487e-a8ab96ea294d" testName="MessageIsLastSegment_SetFalseAndWasFalse_GetReturnsFalse" computerName="ICSWS068" duration="00:00:00.0001970" startTime="2016-08-04T09:57:41.7983147+02:00" endTime="2016-08-04T09:57:41.7998156+02:00" testType="13cdc9d9-ddb5-4fa4-a97d-d965ccfc6d4b" outcome="Passed" testListId="8c84fa94-04c1-424b-9868-57a2d4851a1d" relativeResultsDirectory="c3e81ab7-6d32-4c2f-a911-6f3f3ac665d3" />
    <UnitTestResult executionId="d05c5f57-b6ee-4724-94b2-6136d86bd7c0" testId="c43009f6-00ef-f6ac-330d-25499fe25b75" testName="MessageIsLastSegment_SetTrueAndWasFalse_GetReturnsTrue" computerName="ICSWS068" duration="00:00:00.0001900" startTime="2016-08-04T09:57:41.8028179+02:00" endTime="2016-08-04T09:57:41.8048193+02:00" testType="13cdc9d9-ddb5-4fa4-a97d-d965ccfc6d4b" outcome="Passed" testListId="8c84fa94-04c1-424b-9868-57a2d4851a1d" relativeResultsDirectory="d05c5f57-b6ee-4724-94b2-6136d86bd7c0" />
    <UnitTestResult executionId="8ad6646a-a8c4-4801-bda8-9943f0783398" testId="18f83302-bdc8-4213-99b2-84b0dc8b1ae2" testName="MessageIsLastSegment_SetTrueAndWasTrue_GetReturnTrue" computerName="ICSWS068" duration="00:00:00.0001826" startTime="2016-08-04T09:57:41.8073210+02:00" endTime="2016-08-04T09:57:41.8088222+02:00" testType="13cdc9d9-ddb5-4fa4-a97d-d965ccfc6d4b" outcome="Passed" testListId="8c84fa94-04c1-424b-9868-57a2d4851a1d" relativeResultsDirectory="8ad6646a-a8c4-4801-bda8-9943f0783398" />
    <UnitTestResult executionId="09e20eca-bb9f-4d54-b3ea-3e1b1481a085" testId="c96a6142-bca6-2171-b886-85eedca6169c" testName="MessageIsLastSegment_ForAllMessageFlagsSetToFalseWhenBeingTrue_OtherFlagsAreNotChanged" computerName="ICSWS068" duration="00:00:00.0002008" startTime="2016-08-04T09:57:41.8113239+02:00" endTime="2016-08-04T09:57:41.8128253+02:00" testType="13cdc9d9-ddb5-4fa4-a97d-d965ccfc6d4b" outcome="Passed" testListId="8c84fa94-04c1-424b-9868-57a2d4851a1d" relativeResultsDirectory="09e20eca-bb9f-4d54-b3ea-3e1b1481a085" />
    <UnitTestResult executionId="05080efc-68f8-4dc7-8382-782c8dc5b851" testId="efceb4da-329e-ba4d-bf85-6bada4ee5542" testName="MessageIsLastSegment_ForAllMessageFlagsSetToTrueWhenBeingFalse_OtherFlagsAreNotChanged" computerName="ICSWS068" duration="00:00:00.0002568" startTime="2016-08-04T09:57:41.8148265+02:00" endTime="2016-08-04T09:57:41.8168282+02:00" testType="13cdc9d9-ddb5-4fa4-a97d-d965ccfc6d4b" outcome="Passed" testListId="8c84fa94-04c1-424b-9868-57a2d4851a1d" relativeResultsDirectory="05080efc-68f8-4dc7-8382-782c8dc5b851" />
    <UnitTestResult executionId="6309bb57-fe2c-45dc-a155-6b00a20b5cd4" testId="b2dee506-a994-1bed-08f1-ae45b65ccad7" testName="MessageIsSegment_Default_ReturnsFalse" computerName="ICSWS068" duration="00:00:00.0002812" startTime="2016-08-04T09:57:41.8208307+02:00" endTime="2016-08-04T09:57:41.8223319+02:00" testType="13cdc9d9-ddb5-4fa4-a97d-d965ccfc6d4b" outcome="Passed" testListId="8c84fa94-04c1-424b-9868-57a2d4851a1d" relativeResultsDirectory="6309bb57-fe2c-45dc-a155-6b00a20b5cd4" />
    <UnitTestResult executionId="2cf4c1e1-f761-4f15-9841-605e4fb7ec00" testId="18399c1b-029f-4ab9-7f07-bf2946ef64d4" testName="MessageIsSegment_SetFalseAndWasTrue_GetReturnsFalse" computerName="ICSWS068" duration="00:00:00.0002788" startTime="2016-08-04T09:57:41.8248339+02:00" endTime="2016-08-04T09:57:41.8263351+02:00" testType="13cdc9d9-ddb5-4fa4-a97d-d965ccfc6d4b" outcome="Passed" testListId="8c84fa94-04c1-424b-9868-57a2d4851a1d" relativeResultsDirectory="2cf4c1e1-f761-4f15-9841-605e4fb7ec00" />
    <UnitTestResult executionId="5b358ea6-abb8-4697-9e83-7a487118e77a" testId="f1b81f2b-416b-96f9-c0fc-53949054780e" testName="MessageIsSegment_SetFalseAndWasFalse_GetReturnsFalse" computerName="ICSWS068" duration="00:00:00.0001715" startTime="2016-08-04T09:57:41.8288368+02:00" endTime="2016-08-04T09:57:41.8303388+02:00" testType="13cdc9d9-ddb5-4fa4-a97d-d965ccfc6d4b" outcome="Passed" testListId="8c84fa94-04c1-424b-9868-57a2d4851a1d" relativeResultsDirectory="5b358ea6-abb8-4697-9e83-7a487118e77a" />
    <UnitTestResult executionId="6bec6c50-7abc-4acc-8989-8252411d585a" testId="0d0435cb-f9fb-518a-e90b-8f76192ba73a" testName="MessageIsSegment_SetTrueAndWasFalse_GetReturnsTrue" computerName="ICSWS068" duration="00:00:00.0001856" startTime="2016-08-04T09:57:41.8332238+02:00" endTime="2016-08-04T09:57:41.8347252+02:00" testType="13cdc9d9-ddb5-4fa4-a97d-d965ccfc6d4b" outcome="Passed" testListId="8c84fa94-04c1-424b-9868-57a2d4851a1d" relativeResultsDirectory="6bec6c50-7abc-4acc-8989-8252411d585a" />
    <UnitTestResult executionId="8bef4261-859e-497c-8cd0-a7c540643e66" testId="c9d51975-6f81-fb3e-ab56-42d807bfc7b1" testName="MessageIsSegment_SetTrueAndWasTrue_GetReturnTrue" computerName="ICSWS068" duration="00:00:00.0001911" startTime="2016-08-04T09:57:41.8377281+02:00" endTime="2016-08-04T09:57:41.8392284+02:00" testType="13cdc9d9-ddb5-4fa4-a97d-d965ccfc6d4b" outcome="Passed" testListId="8c84fa94-04c1-424b-9868-57a2d4851a1d" relativeResultsDirectory="8bef4261-859e-497c-8cd0-a7c540643e66" />
    <UnitTestResult executionId="71b8e714-b5ee-4ab4-97c6-6f5771699216" testId="0a5a242b-0518-b5bd-7865-39d02006349d" testName="MessageIsSegment_ForAllMessageFlagsSetToFalseWhenBeingTrue_OtherFlagsAreNotChanged" computerName="ICSWS068" duration="00:00:00.0001932" startTime="2016-08-04T09:57:41.8417322+02:00" endTime="2016-08-04T09:57:41.8432348+02:00" testType="13cdc9d9-ddb5-4fa4-a97d-d965ccfc6d4b" outcome="Passed" testListId="8c84fa94-04c1-424b-9868-57a2d4851a1d" relativeResultsDirectory="71b8e714-b5ee-4ab4-97c6-6f5771699216" />
    <UnitTestResult executionId="5ab41c58-5b05-4b07-92a0-310dadcaab45" testId="bf6f4fa1-99f2-92dc-50d8-af47e5932ee5" testName="MessageIsSegment_ForAllMessageFlagsSetToTrueWhenBeingFalse_OtherFlagsAreNotChanged" computerName="ICSWS068" duration="00:00:00.0001788" startTime="2016-08-04T09:57:41.8452362+02:00" endTime="2016-08-04T09:57:41.8467373+02:00" testType="13cdc9d9-ddb5-4fa4-a97d-d965ccfc6d4b" outcome="Passed" testListId="8c84fa94-04c1-424b-9868-57a2d4851a1d" relativeResultsDirectory="5ab41c58-5b05-4b07-92a0-310dadcaab45" />
    <UnitTestResult executionId="be8e8568-d9db-4ed7-add7-f64e449827fe" testId="626ce4b8-ae2f-5371-3c02-af9c0519804f" testName="MessageId_Default_ReturnsByteArrayOfLength24" computerName="ICSWS068" duration="00:00:00.0003428" startTime="2016-08-04T09:57:41.8492396+02:00" endTime="2016-08-04T09:57:41.8507405+02:00" testType="13cdc9d9-ddb5-4fa4-a97d-d965ccfc6d4b" outcome="Passed" testListId="8c84fa94-04c1-424b-9868-57a2d4851a1d" relativeResultsDirectory="be8e8568-d9db-4ed7-add7-f64e449827fe" />
    <UnitTestResult executionId="32e9bc9d-6762-43f6-97e4-6b218f6898b5" testId="696b1b58-88b9-48b0-32ba-f992179b1dde" testName="MessageId_SettingEmptyByteArray_ReturnsByteArrayOfLength24" computerName="ICSWS068" duration="00:00:00.0003457" startTime="2016-08-04T09:57:41.8532434+02:00" endTime="2016-08-04T09:57:41.8552448+02:00" testType="13cdc9d9-ddb5-4fa4-a97d-d965ccfc6d4b" outcome="Passed" testListId="8c84fa94-04c1-424b-9868-57a2d4851a1d" relativeResultsDirectory="32e9bc9d-6762-43f6-97e4-6b218f6898b5" />
    <UnitTestResult executionId="c33ece61-8aca-4023-ae7b-4d274761bf52" testId="9c9f5221-0ae6-cc8c-f16f-5076ead70741" testName="MessageId_SettingNull_ThrowsException" computerName="ICSWS068" duration="00:00:00.0005357" startTime="2016-08-04T09:57:41.8577609+02:00" endTime="2016-08-04T09:57:41.8597629+02:00" testType="13cdc9d9-ddb5-4fa4-a97d-d965ccfc6d4b" outcome="Passed" testListId="8c84fa94-04c1-424b-9868-57a2d4851a1d" relativeResultsDirectory="c33ece61-8aca-4023-ae7b-4d274761bf52" />
    <UnitTestResult executionId="a653029d-e57a-47b9-9aeb-a9aa91db2e92" testId="12ec1d9a-783c-46da-51ad-e762c4ab6de5" testName="MessageId_SettingByteArrayShorterThan24Bytes_ReturnArrayPlusPadding" computerName="ICSWS068" duration="00:00:00.0002263" startTime="2016-08-04T09:57:41.8617479+02:00" endTime="2016-08-04T09:57:41.8632655+02:00" testType="13cdc9d9-ddb5-4fa4-a97d-d965ccfc6d4b" outcome="Passed" testListId="8c84fa94-04c1-424b-9868-57a2d4851a1d" relativeResultsDirectory="a653029d-e57a-47b9-9aeb-a9aa91db2e92" />
    <UnitTestResult executionId="bc652379-c3fd-4c97-81e0-626ad41eece0" testId="efc4b989-3fc2-7c25-ed73-4664eac9b7a8" testName="MessageId_SettingByteArrayExtactly24Bytes_ReturnsArrayWithoutPadding" computerName="ICSWS068" duration="00:00:00.0003234" startTime="2016-08-04T09:57:41.8657514+02:00" endTime="2016-08-04T09:57:41.8672522+02:00" testType="13cdc9d9-ddb5-4fa4-a97d-d965ccfc6d4b" outcome="Passed" testListId="8c84fa94-04c1-424b-9868-57a2d4851a1d" relativeResultsDirectory="bc652379-c3fd-4c97-81e0-626ad41eece0" />
    <UnitTestResult executionId="fe6a9613-ee73-4a5e-8431-01cdfda74ce2" testId="937bf5e3-83b2-ca6f-8df1-80776f39f2e1" testName="MessageId_SettingByteArrayLongerThan24Bytes_ThrowsArgumentException" computerName="ICSWS068" duration="00:00:00.0004489" startTime="2016-08-04T09:57:41.8702540+02:00" endTime="2016-08-04T09:57:41.8717551+02:00" testType="13cdc9d9-ddb5-4fa4-a97d-d965ccfc6d4b" outcome="Passed" testListId="8c84fa94-04c1-424b-9868-57a2d4851a1d" relativeResultsDirectory="fe6a9613-ee73-4a5e-8431-01cdfda74ce2" />
    <UnitTestResult executionId="0d0a8e1a-b329-4cd6-b576-0a3bb7c78924" testId="89aaae79-920b-1c37-f3ef-8d343634b3bd" testName="MessageLength_Default_ReturnsZero" computerName="ICSWS068" duration="00:00:00.0001806" startTime="2016-08-04T09:57:41.8742768+02:00" endTime="2016-08-04T09:57:41.8757767+02:00" testType="13cdc9d9-ddb5-4fa4-a97d-d965ccfc6d4b" outcome="Passed" testListId="8c84fa94-04c1-424b-9868-57a2d4851a1d" relativeResultsDirectory="0d0a8e1a-b329-4cd6-b576-0a3bb7c78924" />
    <UnitTestResult executionId="7d329e6f-3399-43b5-84fc-bc31dc585011" testId="6dc0b353-074b-ce43-a5ff-9087dbe645bf" testName="MessageSequenceNumber_Default_GetReturnOne" computerName="ICSWS068" duration="00:00:00.0002999" startTime="2016-08-04T09:57:41.8782617+02:00" endTime="2016-08-04T09:57:41.8797805+02:00" testType="13cdc9d9-ddb5-4fa4-a97d-d965ccfc6d4b" outcome="Passed" testListId="8c84fa94-04c1-424b-9868-57a2d4851a1d" relativeResultsDirectory="7d329e6f-3399-43b5-84fc-bc31dc585011" />
    <UnitTestResult executionId="176ea16b-dcc7-48e5-adb0-70965c740af5" testId="65bae656-cabe-8c0b-cd68-f3fdad15abf0" testName="MessageSequenceNumber_SetTwo_GetReturnsTwo" computerName="ICSWS068" duration="00:00:00.0003211" startTime="2016-08-04T09:57:41.8817857+02:00" endTime="2016-08-04T09:57:41.8844795+02:00" testType="13cdc9d9-ddb5-4fa4-a97d-d965ccfc6d4b" outcome="Passed" testListId="8c84fa94-04c1-424b-9868-57a2d4851a1d" relativeResultsDirectory="176ea16b-dcc7-48e5-adb0-70965c740af5" />
    <UnitTestResult executionId="ac06e432-47cd-4196-ac19-685d4a441618" testId="e95d9205-c718-fcac-539c-2d5739cfde75" testName="MessageSequenceNumber_SetMinusOne_GetReturnsMinusOne" computerName="ICSWS068" duration="00:00:00.0001844" startTime="2016-08-04T09:57:41.8869812+02:00" endTime="2016-08-04T09:57:41.8884979+02:00" testType="13cdc9d9-ddb5-4fa4-a97d-d965ccfc6d4b" outcome="Passed" testListId="8c84fa94-04c1-424b-9868-57a2d4851a1d" relativeResultsDirectory="ac06e432-47cd-4196-ac19-685d4a441618" />
    <UnitTestResult executionId="da539a1b-29b0-41c5-bb05-6628c6f6ca40" testId="abf6eb28-73ed-808f-a59e-32f36303e91f" testName="MessageType_Default_ReturnsDataGram" computerName="ICSWS068" duration="00:00:00.0007254" startTime="2016-08-04T09:57:41.8909832+02:00" endTime="2016-08-04T09:57:41.8928248+02:00" testType="13cdc9d9-ddb5-4fa4-a97d-d965ccfc6d4b" outcome="Passed" testListId="8c84fa94-04c1-424b-9868-57a2d4851a1d" relativeResultsDirectory="da539a1b-29b0-41c5-bb05-6628c6f6ca40" />
    <UnitTestResult executionId="b5628674-7b43-4505-bfa5-daebd32ec116" testId="f6cc3ef6-21b7-73ea-89db-4de585d4b1b7" testName="MessageType_SetReply_ReturnsReply" computerName="ICSWS068" duration="00:00:00.0002721" startTime="2016-08-04T09:57:41.8953283+02:00" endTime="2016-08-04T09:57:41.8968450+02:00" testType="13cdc9d9-ddb5-4fa4-a97d-d965ccfc6d4b" outcome="Passed" testListId="8c84fa94-04c1-424b-9868-57a2d4851a1d" relativeResultsDirectory="b5628674-7b43-4505-bfa5-daebd32ec116" />
    <UnitTestResult executionId="f9c1e4cf-f9da-46b0-8a8f-053d23fd9423" testId="4bc0fd62-eaf5-322b-3493-8aea9210c3ba" testName="MessageType_SetApplyFirst_ReturnsApplyFirst" computerName="ICSWS068" duration="00:00:00.0002041" startTime="2016-08-04T09:57:41.8988309+02:00" endTime="2016-08-04T09:57:41.9008320+02:00" testType="13cdc9d9-ddb5-4fa4-a97d-d965ccfc6d4b" outcome="Passed" testListId="8c84fa94-04c1-424b-9868-57a2d4851a1d" relativeResultsDirectory="f9c1e4cf-f9da-46b0-8a8f-053d23fd9423" />
    <UnitTestResult executionId="1d89dbe9-38c2-422f-9217-5d30dacc14bf" testId="6804e348-ffa3-5ac0-e728-793a61497cb2" testName="MessageType_SetApplyLast_ReturnsApplyLast" computerName="ICSWS068" duration="00:00:00.0001920" startTime="2016-08-04T09:57:41.9038358+02:00" endTime="2016-08-04T09:57:41.9053363+02:00" testType="13cdc9d9-ddb5-4fa4-a97d-d965ccfc6d4b" outcome="Passed" testListId="8c84fa94-04c1-424b-9868-57a2d4851a1d" relativeResultsDirectory="1d89dbe9-38c2-422f-9217-5d30dacc14bf" />
    <UnitTestResult executionId="acd3b026-dd0b-4bd5-97c8-aa668a283994" testId="f22cdb57-e5ca-2628-b4eb-24062746e0bb" testName="MessageType_SetReport_ReturnsReport" computerName="ICSWS068" duration="00:00:00.0001938" startTime="2016-08-04T09:57:41.9078384+02:00" endTime="2016-08-04T09:57:41.9093389+02:00" testType="13cdc9d9-ddb5-4fa4-a97d-d965ccfc6d4b" outcome="Passed" testListId="8c84fa94-04c1-424b-9868-57a2d4851a1d" relativeResultsDirectory="acd3b026-dd0b-4bd5-97c8-aa668a283994" />
    <UnitTestResult executionId="5268876d-5895-4a8d-aa89-fbc2184961fe" testId="6856b2cd-32b4-d8d9-cfe9-507bd56544ea" testName="MessageType_SetRequest_ReturnsRequest" computerName="ICSWS068" duration="00:00:00.0001777" startTime="2016-08-04T09:57:41.9113565+02:00" endTime="2016-08-04T09:57:41.9128579+02:00" testType="13cdc9d9-ddb5-4fa4-a97d-d965ccfc6d4b" outcome="Passed" testListId="8c84fa94-04c1-424b-9868-57a2d4851a1d" relativeResultsDirectory="5268876d-5895-4a8d-aa89-fbc2184961fe" />
    <UnitTestResult executionId="24a02dac-70cf-4b77-9fa5-f26368225b04" testId="a2f5754f-accc-86c8-2282-a4978b787b5a" testName="MoreDataAvailable_Default_ReturnsFalse" computerName="ICSWS068" duration="00:00:00.0007923" startTime="2016-08-04T09:57:41.9153441+02:00" endTime="2016-08-04T09:57:41.9178443+02:00" testType="13cdc9d9-ddb5-4fa4-a97d-d965ccfc6d4b" outcome="Passed" testListId="8c84fa94-04c1-424b-9868-57a2d4851a1d" relativeResultsDirectory="24a02dac-70cf-4b77-9fa5-f26368225b04" />
    <UnitTestResult executionId="b9216317-3562-48d5-812e-dbab54ae4825" testId="44232f0b-d1bb-ce31-63a3-bd4d292620d2" testName="Persistance_Default_ReturnsQueueDefault" computerName="ICSWS068" duration="00:00:00.0007457" startTime="2016-08-04T09:57:41.9208466+02:00" endTime="2016-08-04T09:57:41.9228539+02:00" testType="13cdc9d9-ddb5-4fa4-a97d-d965ccfc6d4b" outcome="Passed" testListId="8c84fa94-04c1-424b-9868-57a2d4851a1d" relativeResultsDirectory="b9216317-3562-48d5-812e-dbab54ae4825" />
    <UnitTestResult executionId="3e260b72-c8cf-424b-a42b-9d695f07e034" testId="efd05e0e-40d1-d772-2b34-b363ffef5a97" testName="Persitance_SetPersistent_ReturnsPersistent" computerName="ICSWS068" duration="00:00:00.0002897" startTime="2016-08-04T09:57:41.9253574+02:00" endTime="2016-08-04T09:57:41.9268600+02:00" testType="13cdc9d9-ddb5-4fa4-a97d-d965ccfc6d4b" outcome="Passed" testListId="8c84fa94-04c1-424b-9868-57a2d4851a1d" relativeResultsDirectory="3e260b72-c8cf-424b-a42b-9d695f07e034" />
    <UnitTestResult executionId="adb12e47-553a-4fcc-8ea9-6d135c120f36" testId="384a4edf-3606-1596-fc80-217875c1e803" testName="Persistance_SetNonPersistent_ReturnsNotPersistent" computerName="ICSWS068" duration="00:00:00.0001565" startTime="2016-08-04T09:57:41.9288773+02:00" endTime="2016-08-04T09:57:41.9303779+02:00" testType="13cdc9d9-ddb5-4fa4-a97d-d965ccfc6d4b" outcome="Passed" testListId="8c84fa94-04c1-424b-9868-57a2d4851a1d" relativeResultsDirectory="adb12e47-553a-4fcc-8ea9-6d135c120f36" />
    <UnitTestResult executionId="f41be1f9-45aa-4f25-ae3c-210c529c5db4" testId="cbf90bef-17ea-f583-75d9-bcf8f118390d" testName="Position_Default_ReturnZero" computerName="ICSWS068" duration="00:00:00.0002334" startTime="2016-08-04T09:57:41.9338634+02:00" endTime="2016-08-04T09:57:41.9353819+02:00" testType="13cdc9d9-ddb5-4fa4-a97d-d965ccfc6d4b" outcome="Passed" testListId="8c84fa94-04c1-424b-9868-57a2d4851a1d" relativeResultsDirectory="f41be1f9-45aa-4f25-ae3c-210c529c5db4" />
    <UnitTestResult executionId="37678bd5-3763-49fe-ab69-b1843a56b640" testId="4e5016bb-6fab-bf9e-bfbd-730177922ec6" testName="Position_Set1_Returns1" computerName="ICSWS068" duration="00:00:00.0001888" startTime="2016-08-04T09:57:41.9378663+02:00" endTime="2016-08-04T09:57:41.9393674+02:00" testType="13cdc9d9-ddb5-4fa4-a97d-d965ccfc6d4b" outcome="Passed" testListId="8c84fa94-04c1-424b-9868-57a2d4851a1d" relativeResultsDirectory="37678bd5-3763-49fe-ab69-b1843a56b640" />
    <UnitTestResult executionId="c4bbb8ed-4613-4993-988d-d17c126622a7" testId="344d520e-b89e-3d3b-c080-dd8b5bf74bec" testName="Position_SetMinus1_ThrowsException" computerName="ICSWS068" duration="00:00:00.0004161" startTime="2016-08-04T09:57:41.9418692+02:00" endTime="2016-08-04T09:57:41.9435463+02:00" testType="13cdc9d9-ddb5-4fa4-a97d-d965ccfc6d4b" outcome="Passed" testListId="8c84fa94-04c1-424b-9868-57a2d4851a1d" relativeResultsDirectory="c4bbb8ed-4613-4993-988d-d17c126622a7" />
    <UnitTestResult executionId="a4599762-a5d0-4d2c-be1b-eeafe5f26964" testId="a78918e5-3d17-8476-0b33-0673e51cc0c7" testName="Close_QueueOpened_DisconnectsQueueManager" computerName="ICSWS068" duration="00:00:00.0161867" startTime="2016-08-04T09:57:41.9460486+02:00" endTime="2016-08-04T09:57:41.9636949+02:00" testType="13cdc9d9-ddb5-4fa4-a97d-d965ccfc6d4b" outcome="Passed" testListId="8c84fa94-04c1-424b-9868-57a2d4851a1d" relativeResultsDirectory="a4599762-a5d0-4d2c-be1b-eeafe5f26964" />
    <UnitTestResult executionId="9056bfd7-9177-4cb0-9e16-c3f876773e5b" testId="c991f0a7-2767-8911-3252-62d8f8fa625c" testName="Close_QueueOpened_ClosesQueue" computerName="ICSWS068" duration="00:00:00.0011944" startTime="2016-08-04T09:57:41.9671816+02:00" endTime="2016-08-04T09:57:41.9696992+02:00" testType="13cdc9d9-ddb5-4fa4-a97d-d965ccfc6d4b" outcome="Passed" testListId="8c84fa94-04c1-424b-9868-57a2d4851a1d" relativeResultsDirectory="9056bfd7-9177-4cb0-9e16-c3f876773e5b" />
    <UnitTestResult executionId="91a6396b-006c-47ac-8b30-ad581aa05a74" testId="ffa1858c-5c0e-c4da-b0c4-05bf781807b5" testName="Recieve_QueueNotOpened_ThrowsException" computerName="ICSWS068" duration="00:00:00.0013471" startTime="2016-08-04T09:57:41.9721851+02:00" endTime="2016-08-04T09:57:41.9747880+02:00" testType="13cdc9d9-ddb5-4fa4-a97d-d965ccfc6d4b" outcome="Passed" testListId="8c84fa94-04c1-424b-9868-57a2d4851a1d" relativeResultsDirectory="91a6396b-006c-47ac-8b30-ad581aa05a74" />
    <UnitTestResult executionId="9be3da21-ceb1-42ed-b476-3281b51b4b75" testId="ed99d86b-045c-bcef-4f00-135f088ec51a" testName="Recieve_QueueOpenedThenClosed_ThrowsException" computerName="ICSWS068" duration="00:00:00.0010272" startTime="2016-08-04T09:57:41.9773067+02:00" endTime="2016-08-04T09:57:41.9798081+02:00" testType="13cdc9d9-ddb5-4fa4-a97d-d965ccfc6d4b" outcome="Passed" testListId="8c84fa94-04c1-424b-9868-57a2d4851a1d" relativeResultsDirectory="9be3da21-ceb1-42ed-b476-3281b51b4b75" />
    <UnitTestResult executionId="0fa5fd72-f53b-4ed0-b7d2-9dd96dca79f9" testId="3dd5cf38-6267-4230-df18-88f06548e95f" testName="Recieve_RecieveFails_ThrowsException" computerName="ICSWS068" duration="00:00:00.0070382" startTime="2016-08-04T09:57:41.9822952+02:00" endTime="2016-08-04T09:57:41.9908188+02:00" testType="13cdc9d9-ddb5-4fa4-a97d-d965ccfc6d4b" outcome="Passed" testListId="8c84fa94-04c1-424b-9868-57a2d4851a1d" relativeResultsDirectory="0fa5fd72-f53b-4ed0-b7d2-9dd96dca79f9" />
    <UnitTestResult executionId="f5273e50-c1ad-4036-94fc-eaee70f8c7a7" testId="13fde01d-d04d-31f1-5cc4-10b03ea60706" testName="Recieve_RecieveFailsWithWsmqExceptionWhereReasonCodeIsMsgNotAvailable_ReturnsNull" computerName="ICSWS068" duration="00:00:00.0020706" startTime="2016-08-04T09:57:41.9932727+02:00" endTime="2016-08-04T09:57:41.9967773+02:00" testType="13cdc9d9-ddb5-4fa4-a97d-d965ccfc6d4b" outcome="Passed" testListId="8c84fa94-04c1-424b-9868-57a2d4851a1d" relativeResultsDirectory="f5273e50-c1ad-4036-94fc-eaee70f8c7a7" />
    <UnitTestResult executionId="bcbf6ce4-ae2a-47c9-a61a-b9e914c5e225" testId="f123c0bc-4ed3-bf94-d61f-8dde6cb9fc65" testName="Send_QueueNotOpened_ThrowsException" computerName="ICSWS068" duration="00:00:00.0013263" startTime="2016-08-04T09:57:41.9997787+02:00" endTime="2016-08-04T09:57:42.0022807+02:00" testType="13cdc9d9-ddb5-4fa4-a97d-d965ccfc6d4b" outcome="Passed" testListId="8c84fa94-04c1-424b-9868-57a2d4851a1d" relativeResultsDirectory="bcbf6ce4-ae2a-47c9-a61a-b9e914c5e225" />
    <UnitTestResult executionId="9a8451cc-e72f-45d9-99e5-7903ca0d760d" testId="84a6bebc-6139-b45a-4682-761224c9e7ab" testName="Send_QueueOpenedThenClosed_ThrowsException" computerName="ICSWS068" duration="00:00:00.0010773" startTime="2016-08-04T09:57:42.0052830+02:00" endTime="2016-08-04T09:57:42.0077859+02:00" testType="13cdc9d9-ddb5-4fa4-a97d-d965ccfc6d4b" outcome="Passed" testListId="8c84fa94-04c1-424b-9868-57a2d4851a1d" relativeResultsDirectory="9a8451cc-e72f-45d9-99e5-7903ca0d760d" />
    <UnitTestResult executionId="f6415a72-ef57-49a3-9795-fc6aa6c7c84d" testId="3e20cae9-c096-7606-c798-a2a4dfbc3a86" testName="Send_SendFails_ThrowsException" computerName="ICSWS068" duration="00:00:00.0025119" startTime="2016-08-04T09:57:42.0118389+02:00" endTime="2016-08-04T09:57:42.0158433+02:00" testType="13cdc9d9-ddb5-4fa4-a97d-d965ccfc6d4b" outcome="Passed" testListId="8c84fa94-04c1-424b-9868-57a2d4851a1d" relativeResultsDirectory="f6415a72-ef57-49a3-9795-fc6aa6c7c84d" />
  </Results>
  <TestDefinitions>
    <UnitTest name="LoadFromStream_ValidData_Success" storage="f:\etwork\bin\tests\unittests.icore.runtime.wsmq.dll" id="f6bb1877-2af6-7939-2118-78f3c9d32f51">
      <TestCategory>
        <TestCategoryItem TestCategory="WSMQ" />
      </TestCategory>
      <Execution id="3171d9df-032c-4711-af68-023b0dd9f135" />
      <TestMethod codeBase="F:\ETWork\bin\Tests\UnitTests.iCore.Runtime.Wsmq.dll" adapterTypeName="Microsoft.VisualStudio.TestTools.TestTypes.Unit.UnitTestAdapter" className="UnitTests.iCore.Runtime.Wsmq.RFH2HeaderTests" name="LoadFromStream_ValidData_Success" />
    </UnitTest>
    <UnitTest name="LoadFromStream_NotEnoughData_Throws" storage="f:\etwork\bin\tests\unittests.icore.runtime.wsmq.dll" id="f67c8607-68b5-8baa-0a56-231adda4f857">
      <TestCategory>
        <TestCategoryItem TestCategory="WSMQ" />
      </TestCategory>
      <Execution id="c07f493a-1a4f-4b12-bbe1-92f9280b2f8e" />
      <TestMethod codeBase="F:\ETWork\bin\Tests\UnitTests.iCore.Runtime.Wsmq.dll" adapterTypeName="Microsoft.VisualStudio.TestTools.TestTypes.Unit.UnitTestAdapter" className="UnitTests.iCore.Runtime.Wsmq.RFH2HeaderTests" name="LoadFromStream_NotEnoughData_Throws" />
    </UnitTest>
    <UnitTest name="LoadFromStream_InvalidStrucId_Throws" storage="f:\etwork\bin\tests\unittests.icore.runtime.wsmq.dll" id="039d6565-01ba-0393-144e-ecff319cb6a8">
      <TestCategory>
        <TestCategoryItem TestCategory="WSMQ" />
      </TestCategory>
      <Execution id="8cbb4520-bd8e-41e7-9a24-298b6a89e9bb" />
      <TestMethod codeBase="F:\ETWork\bin\Tests\UnitTests.iCore.Runtime.Wsmq.dll" adapterTypeName="Microsoft.VisualStudio.TestTools.TestTypes.Unit.UnitTestAdapter" className="UnitTests.iCore.Runtime.Wsmq.RFH2HeaderTests" name="LoadFromStream_InvalidStrucId_Throws" />
    </UnitTest>
    <UnitTest name="LoadFromStream_InvalidVersion_Throws" storage="f:\etwork\bin\tests\unittests.icore.runtime.wsmq.dll" id="df2ad993-be6d-bcc8-6001-3b68ae43b09e">
      <TestCategory>
        <TestCategoryItem TestCategory="WSMQ" />
      </TestCategory>
      <Execution id="e116b641-74e4-4e82-827b-a44975e5caf9" />
      <TestMethod codeBase="F:\ETWork\bin\Tests\UnitTests.iCore.Runtime.Wsmq.dll" adapterTypeName="Microsoft.VisualStudio.TestTools.TestTypes.Unit.UnitTestAdapter" className="UnitTests.iCore.Runtime.Wsmq.RFH2HeaderTests" name="LoadFromStream_InvalidVersion_Throws" />
    </UnitTest>
    <UnitTest name="LoadFromStream_InvalidStrucLength_Throws" storage="f:\etwork\bin\tests\unittests.icore.runtime.wsmq.dll" id="d7666987-5813-36be-52b1-7170d9f5b8d7">
      <TestCategory>
        <TestCategoryItem TestCategory="WSMQ" />
      </TestCategory>
      <Execution id="a6213308-94a3-44bb-a63f-793edf80bdcc" />
      <TestMethod codeBase="F:\ETWork\bin\Tests\UnitTests.iCore.Runtime.Wsmq.dll" adapterTypeName="Microsoft.VisualStudio.TestTools.TestTypes.Unit.UnitTestAdapter" className="UnitTests.iCore.Runtime.Wsmq.RFH2HeaderTests" name="LoadFromStream_InvalidStrucLength_Throws" />
    </UnitTest>
    <UnitTest name="LoadFromMessage_ValidData_Success" storage="f:\etwork\bin\tests\unittests.icore.runtime.wsmq.dll" id="d63e9c42-5fe7-0484-74a3-0369ff832e3f">
      <TestCategory>
        <TestCategoryItem TestCategory="WSMQ" />
      </TestCategory>
      <Execution id="5e1e618d-3acb-479e-8d28-1875746ce140" />
      <TestMethod codeBase="F:\ETWork\bin\Tests\UnitTests.iCore.Runtime.Wsmq.dll" adapterTypeName="Microsoft.VisualStudio.TestTools.TestTypes.Unit.UnitTestAdapter" className="UnitTests.iCore.Runtime.Wsmq.RFH2HeaderTests" name="LoadFromMessage_ValidData_Success" />
    </UnitTest>
    <UnitTest name="LoadFromMessage_NotEnoughData_Throws" storage="f:\etwork\bin\tests\unittests.icore.runtime.wsmq.dll" id="b078127e-5c0e-e65d-3401-9581f917daae">
      <TestCategory>
        <TestCategoryItem TestCategory="WSMQ" />
      </TestCategory>
      <Execution id="e1cd32f7-590b-4306-916a-5bd9013f3080" />
      <TestMethod codeBase="F:\ETWork\bin\Tests\UnitTests.iCore.Runtime.Wsmq.dll" adapterTypeName="Microsoft.VisualStudio.TestTools.TestTypes.Unit.UnitTestAdapter" className="UnitTests.iCore.Runtime.Wsmq.RFH2HeaderTests" name="LoadFromMessage_NotEnoughData_Throws" />
    </UnitTest>
    <UnitTest name="LoadFromMessage_InvalidStrucId_Throws" storage="f:\etwork\bin\tests\unittests.icore.runtime.wsmq.dll" id="44a26143-b76a-2050-7777-2f1eba23b99c">
      <TestCategory>
        <TestCategoryItem TestCategory="WSMQ" />
      </TestCategory>
      <Execution id="741dd346-0621-450f-a77a-373f2cd75dad" />
      <TestMethod codeBase="F:\ETWork\bin\Tests\UnitTests.iCore.Runtime.Wsmq.dll" adapterTypeName="Microsoft.VisualStudio.TestTools.TestTypes.Unit.UnitTestAdapter" className="UnitTests.iCore.Runtime.Wsmq.RFH2HeaderTests" name="LoadFromMessage_InvalidStrucId_Throws" />
    </UnitTest>
    <UnitTest name="LoadFromMessage_InvalidVersion_Throws" storage="f:\etwork\bin\tests\unittests.icore.runtime.wsmq.dll" id="c9adea36-3c10-ac4d-33ee-cc4a1cc45e72">
      <TestCategory>
        <TestCategoryItem TestCategory="WSMQ" />
      </TestCategory>
      <Execution id="3fcb6b5f-3bb6-4c19-9945-5b9da1b03951" />
      <TestMethod codeBase="F:\ETWork\bin\Tests\UnitTests.iCore.Runtime.Wsmq.dll" adapterTypeName="Microsoft.VisualStudio.TestTools.TestTypes.Unit.UnitTestAdapter" className="UnitTests.iCore.Runtime.Wsmq.RFH2HeaderTests" name="LoadFromMessage_InvalidVersion_Throws" />
    </UnitTest>
    <UnitTest name="LoadFromMessage_InvalidStrucLength_Throws" storage="f:\etwork\bin\tests\unittests.icore.runtime.wsmq.dll" id="8b1b3378-4c15-398d-7142-b389fcfd84c2">
      <TestCategory>
        <TestCategoryItem TestCategory="WSMQ" />
      </TestCategory>
      <Execution id="9dc744df-c1cc-48bb-9d60-9743fc860012" />
      <TestMethod codeBase="F:\ETWork\bin\Tests\UnitTests.iCore.Runtime.Wsmq.dll" adapterTypeName="Microsoft.VisualStudio.TestTools.TestTypes.Unit.UnitTestAdapter" className="UnitTests.iCore.Runtime.Wsmq.RFH2HeaderTests" name="LoadFromMessage_InvalidStrucLength_Throws" />
    </UnitTest>
    <UnitTest name="Serialize_FormatLessThan8Chars_ReturnsExpected" storage="f:\etwork\bin\tests\unittests.icore.runtime.wsmq.dll" id="c2755188-c311-5fd2-dcba-9ce4d3d36fe7">
      <TestCategory>
        <TestCategoryItem TestCategory="WSMQ" />
      </TestCategory>
      <Execution id="d3d360ab-5a4d-48ed-90dc-c29bcc9a726f" />
      <TestMethod codeBase="F:\ETWork\bin\Tests\UnitTests.iCore.Runtime.Wsmq.dll" adapterTypeName="Microsoft.VisualStudio.TestTools.TestTypes.Unit.UnitTestAdapter" className="UnitTests.iCore.Runtime.Wsmq.RFH2HeaderTests" name="Serialize_FormatLessThan8Chars_ReturnsExpected" />
    </UnitTest>
    <UnitTest name="Serialize_FormatMoreThan8Chars_ReturnsExpected" storage="f:\etwork\bin\tests\unittests.icore.runtime.wsmq.dll" id="a3aba466-4801-e392-488b-9d6a0b7bc9e5">
      <TestCategory>
        <TestCategoryItem TestCategory="WSMQ" />
      </TestCategory>
      <Execution id="d09628bb-ca10-4958-b3c9-96f427d1e371" />
      <TestMethod codeBase="F:\ETWork\bin\Tests\UnitTests.iCore.Runtime.Wsmq.dll" adapterTypeName="Microsoft.VisualStudio.TestTools.TestTypes.Unit.UnitTestAdapter" className="UnitTests.iCore.Runtime.Wsmq.RFH2HeaderTests" name="Serialize_FormatMoreThan8Chars_ReturnsExpected" />
    </UnitTest>
    <UnitTest name="Serialize_NVDLengthNotMultipleOf4AndEncodingIs1208_ReturnsExpected" storage="f:\etwork\bin\tests\unittests.icore.runtime.wsmq.dll" id="cc51f729-550b-dd7d-ad7b-c1ebff2f98aa">
      <TestCategory>
        <TestCategoryItem TestCategory="WSMQ" />
      </TestCategory>
      <Execution id="a28ad59e-8c69-4735-a01d-f5522dbb10b1" />
      <TestMethod codeBase="F:\ETWork\bin\Tests\UnitTests.iCore.Runtime.Wsmq.dll" adapterTypeName="Microsoft.VisualStudio.TestTools.TestTypes.Unit.UnitTestAdapter" className="UnitTests.iCore.Runtime.Wsmq.RFH2HeaderTests" name="Serialize_NVDLengthNotMultipleOf4AndEncodingIs1208_ReturnsExpected" />
    </UnitTest>
    <UnitTest name="Serialize_NVDLengthNotMultipleOf4AndEncodingIs1200_ReturnsExpected" storage="f:\etwork\bin\tests\unittests.icore.runtime.wsmq.dll" id="d1bc535a-c593-b279-47f8-5a8d888c4322">
      <TestCategory>
        <TestCategoryItem TestCategory="WSMQ" />
      </TestCategory>
      <Execution id="596cd982-ddb8-4527-933d-ca7205e257ea" />
      <TestMethod codeBase="F:\ETWork\bin\Tests\UnitTests.iCore.Runtime.Wsmq.dll" adapterTypeName="Microsoft.VisualStudio.TestTools.TestTypes.Unit.UnitTestAdapter" className="UnitTests.iCore.Runtime.Wsmq.RFH2HeaderTests" name="Serialize_NVDLengthNotMultipleOf4AndEncodingIs1200_ReturnsExpected" />
    </UnitTest>
    <UnitTest name="Serialize_NVDEncodingIs1208_ReturnsExpected" storage="f:\etwork\bin\tests\unittests.icore.runtime.wsmq.dll" id="b73e270b-2aec-1de4-07d8-e12b31fc2b73">
      <TestCategory>
        <TestCategoryItem TestCategory="WSMQ" />
      </TestCategory>
      <Execution id="fc1d19ff-3750-4d90-bbc2-be717d8e0931" />
      <TestMethod codeBase="F:\ETWork\bin\Tests\UnitTests.iCore.Runtime.Wsmq.dll" adapterTypeName="Microsoft.VisualStudio.TestTools.TestTypes.Unit.UnitTestAdapter" className="UnitTests.iCore.Runtime.Wsmq.RFH2HeaderTests" name="Serialize_NVDEncodingIs1208_ReturnsExpected" />
    </UnitTest>
    <UnitTest name="Serialize_NVDEncodingIs1200_ReturnsExpected" storage="f:\etwork\bin\tests\unittests.icore.runtime.wsmq.dll" id="108bd1f0-7aa5-58b1-70e5-ddc98db86ab1">
      <TestCategory>
        <TestCategoryItem TestCategory="WSMQ" />
      </TestCategory>
      <Execution id="571bc105-56bc-494e-87ba-924a86d44fb4" />
      <TestMethod codeBase="F:\ETWork\bin\Tests\UnitTests.iCore.Runtime.Wsmq.dll" adapterTypeName="Microsoft.VisualStudio.TestTools.TestTypes.Unit.UnitTestAdapter" className="UnitTests.iCore.Runtime.Wsmq.RFH2HeaderTests" name="Serialize_NVDEncodingIs1200_ReturnsExpected" />
    </UnitTest>
    <UnitTest name="NameValueDataAdded_AffectsLength" storage="f:\etwork\bin\tests\unittests.icore.runtime.wsmq.dll" id="37f2ad00-45c2-ae73-11e6-4884f14adad2">
      <TestCategory>
        <TestCategoryItem TestCategory="WSMQ" />
      </TestCategory>
      <Execution id="708e5fcc-26a0-4249-89f2-216cf59a3fba" />
      <TestMethod codeBase="F:\ETWork\bin\Tests\UnitTests.iCore.Runtime.Wsmq.dll" adapterTypeName="Microsoft.VisualStudio.TestTools.TestTypes.Unit.UnitTestAdapter" className="UnitTests.iCore.Runtime.Wsmq.RFH2HeaderTests" name="NameValueDataAdded_AffectsLength" />
    </UnitTest>
    <UnitTest name="NameValueDataAdded_CalledMultipleTimes_SerializeProducesExpectedBytes" storage="f:\etwork\bin\tests\unittests.icore.runtime.wsmq.dll" id="0cec7de6-4475-bb86-aad2-44bc8da5045c">
      <TestCategory>
        <TestCategoryItem TestCategory="WSMQ" />
      </TestCategory>
      <Execution id="c7a8492b-8ffc-43d7-899a-3d73bebb3954" />
      <TestMethod codeBase="F:\ETWork\bin\Tests\UnitTests.iCore.Runtime.Wsmq.dll" adapterTypeName="Microsoft.VisualStudio.TestTools.TestTypes.Unit.UnitTestAdapter" className="UnitTests.iCore.Runtime.Wsmq.RFH2HeaderTests" name="NameValueDataAdded_CalledMultipleTimes_SerializeProducesExpectedBytes" />
    </UnitTest>
    <UnitTest name="NameValueDataAdded_NoAdds_AllFoldersStringEmpty" storage="f:\etwork\bin\tests\unittests.icore.runtime.wsmq.dll" id="3f1d7535-000a-ee5c-daa8-ded4ed066977">
      <TestCategory>
        <TestCategoryItem TestCategory="WSMQ" />
      </TestCategory>
      <Execution id="b43c023b-2e12-4721-9145-1bfd0925eb05" />
      <TestMethod codeBase="F:\ETWork\bin\Tests\UnitTests.iCore.Runtime.Wsmq.dll" adapterTypeName="Microsoft.VisualStudio.TestTools.TestTypes.Unit.UnitTestAdapter" className="UnitTests.iCore.Runtime.Wsmq.RFH2HeaderTests" name="NameValueDataAdded_NoAdds_AllFoldersStringEmpty" />
    </UnitTest>
    <UnitTest name="NameValueDataAdded_jmsAdded_AddedToCorrectFolder" storage="f:\etwork\bin\tests\unittests.icore.runtime.wsmq.dll" id="a567a094-5668-29bf-14bb-66e243ce8ffa">
      <TestCategory>
        <TestCategoryItem TestCategory="WSMQ" />
      </TestCategory>
      <Execution id="56cbb3a5-bf91-45b2-ae0a-02ea2b3a62dc" />
      <TestMethod codeBase="F:\ETWork\bin\Tests\UnitTests.iCore.Runtime.Wsmq.dll" adapterTypeName="Microsoft.VisualStudio.TestTools.TestTypes.Unit.UnitTestAdapter" className="UnitTests.iCore.Runtime.Wsmq.RFH2HeaderTests" name="NameValueDataAdded_jmsAdded_AddedToCorrectFolder" />
    </UnitTest>
    <UnitTest name="NameValueDataAdded_pscAdded_AddedToCorrectFolder" storage="f:\etwork\bin\tests\unittests.icore.runtime.wsmq.dll" id="6edafbc9-e008-978b-00bf-05809fa80a4b">
      <TestCategory>
        <TestCategoryItem TestCategory="WSMQ" />
      </TestCategory>
      <Execution id="dc150a25-064a-4f86-8195-7793064a51f5" />
      <TestMethod codeBase="F:\ETWork\bin\Tests\UnitTests.iCore.Runtime.Wsmq.dll" adapterTypeName="Microsoft.VisualStudio.TestTools.TestTypes.Unit.UnitTestAdapter" className="UnitTests.iCore.Runtime.Wsmq.RFH2HeaderTests" name="NameValueDataAdded_pscAdded_AddedToCorrectFolder" />
    </UnitTest>
    <UnitTest name="NameValueDataAdded_pscrAdded_AddedToCorrectFolder" storage="f:\etwork\bin\tests\unittests.icore.runtime.wsmq.dll" id="45f853e8-8dd9-db43-1258-af702427fa93">
      <TestCategory>
        <TestCategoryItem TestCategory="WSMQ" />
      </TestCategory>
      <Execution id="3ba05812-bcff-493b-b518-7cd5baf06462" />
      <TestMethod codeBase="F:\ETWork\bin\Tests\UnitTests.iCore.Runtime.Wsmq.dll" adapterTypeName="Microsoft.VisualStudio.TestTools.TestTypes.Unit.UnitTestAdapter" className="UnitTests.iCore.Runtime.Wsmq.RFH2HeaderTests" name="NameValueDataAdded_pscrAdded_AddedToCorrectFolder" />
    </UnitTest>
    <UnitTest name="NameValueDataAdded_mcdAdded_AddedToCorrectFolder" storage="f:\etwork\bin\tests\unittests.icore.runtime.wsmq.dll" id="d3d2dec2-6064-5be2-bbb8-dba2653c36a5">
      <TestCategory>
        <TestCategoryItem TestCategory="WSMQ" />
      </TestCategory>
      <Execution id="a146ddac-300a-441b-bba1-645a912ea007" />
      <TestMethod codeBase="F:\ETWork\bin\Tests\UnitTests.iCore.Runtime.Wsmq.dll" adapterTypeName="Microsoft.VisualStudio.TestTools.TestTypes.Unit.UnitTestAdapter" className="UnitTests.iCore.Runtime.Wsmq.RFH2HeaderTests" name="NameValueDataAdded_mcdAdded_AddedToCorrectFolder" />
    </UnitTest>
    <UnitTest name="NameValueDataAdded_usrAdded_AddedToCorrectFolder" storage="f:\etwork\bin\tests\unittests.icore.runtime.wsmq.dll" id="ed4913ee-bf48-4727-49cd-a5b5163627b3">
      <TestCategory>
        <TestCategoryItem TestCategory="WSMQ" />
      </TestCategory>
      <Execution id="a353d10e-4342-46d5-b65d-f5e3bd790931" />
      <TestMethod codeBase="F:\ETWork\bin\Tests\UnitTests.iCore.Runtime.Wsmq.dll" adapterTypeName="Microsoft.VisualStudio.TestTools.TestTypes.Unit.UnitTestAdapter" className="UnitTests.iCore.Runtime.Wsmq.RFH2HeaderTests" name="NameValueDataAdded_usrAdded_AddedToCorrectFolder" />
    </UnitTest>
    <UnitTest name="NameValueDataAdded_otherAdded_AddedToCorrectFolder" storage="f:\etwork\bin\tests\unittests.icore.runtime.wsmq.dll" id="54cb8ae8-ed49-988d-2801-ab5a1b994b5a">
      <TestCategory>
        <TestCategoryItem TestCategory="WSMQ" />
      </TestCategory>
      <Execution id="2f0b48f6-2af0-4a3c-9592-f1cdc4722e17" />
      <TestMethod codeBase="F:\ETWork\bin\Tests\UnitTests.iCore.Runtime.Wsmq.dll" adapterTypeName="Microsoft.VisualStudio.TestTools.TestTypes.Unit.UnitTestAdapter" className="UnitTests.iCore.Runtime.Wsmq.RFH2HeaderTests" name="NameValueDataAdded_otherAdded_AddedToCorrectFolder" />
    </UnitTest>
    <UnitTest name="Constructor_EncodingIsMultiByteOtherThanUTF8_Throws" storage="f:\etwork\bin\tests\unittests.icore.runtime.wsmq.dll" id="b3cd54b5-9718-ed92-8f65-607e21a8e45d">
      <TestCategory>
        <TestCategoryItem TestCategory="WSMQ" />
      </TestCategory>
      <Execution id="df86570d-5eff-4c4a-9b88-5a2dacf2ea94" />
      <TestMethod codeBase="F:\ETWork\bin\Tests\UnitTests.iCore.Runtime.Wsmq.dll" adapterTypeName="Microsoft.VisualStudio.TestTools.TestTypes.Unit.UnitTestAdapter" className="UnitTests.iCore.Runtime.Wsmq.RFHHeaderTests" name="Constructor_EncodingIsMultiByteOtherThanUTF8_Throws" />
    </UnitTest>
    <UnitTest name="Constructor_EncodingIsUTF8_NoError" storage="f:\etwork\bin\tests\unittests.icore.runtime.wsmq.dll" id="73cf1d06-ee8a-7e1a-2470-a36acee9e008">
      <TestCategory>
        <TestCategoryItem TestCategory="WSMQ" />
      </TestCategory>
      <Execution id="35529430-bd7f-4170-b6d7-71d2b17c84f2" />
      <TestMethod codeBase="F:\ETWork\bin\Tests\UnitTests.iCore.Runtime.Wsmq.dll" adapterTypeName="Microsoft.VisualStudio.TestTools.TestTypes.Unit.UnitTestAdapter" className="UnitTests.iCore.Runtime.Wsmq.RFHHeaderTests" name="Constructor_EncodingIsUTF8_NoError" />
    </UnitTest>
    <UnitTest name="LoadFromMessage_ValidData_Success" storage="f:\etwork\bin\tests\unittests.icore.runtime.wsmq.dll" id="0acf120a-fa3f-ba66-742d-29c7e6995d81">
      <TestCategory>
        <TestCategoryItem TestCategory="WSMQ" />
      </TestCategory>
      <Execution id="a7acee33-13fa-40db-bb80-26527d5b8f0b" />
      <TestMethod codeBase="F:\ETWork\bin\Tests\UnitTests.iCore.Runtime.Wsmq.dll" adapterTypeName="Microsoft.VisualStudio.TestTools.TestTypes.Unit.UnitTestAdapter" className="UnitTests.iCore.Runtime.Wsmq.RFHHeaderTests" name="LoadFromMessage_ValidData_Success" />
    </UnitTest>
    <UnitTest name="LoadFromMessage_NotEnoughData_Throws" storage="f:\etwork\bin\tests\unittests.icore.runtime.wsmq.dll" id="bd107a32-da38-dd5a-64fd-2731cc68a47f">
      <TestCategory>
        <TestCategoryItem TestCategory="WSMQ" />
      </TestCategory>
      <Execution id="0277e1a7-34c9-40a9-aa7b-ca51d9ee4a92" />
      <TestMethod codeBase="F:\ETWork\bin\Tests\UnitTests.iCore.Runtime.Wsmq.dll" adapterTypeName="Microsoft.VisualStudio.TestTools.TestTypes.Unit.UnitTestAdapter" className="UnitTests.iCore.Runtime.Wsmq.RFHHeaderTests" name="LoadFromMessage_NotEnoughData_Throws" />
    </UnitTest>
    <UnitTest name="LoadFromMessage_InvalidStrucId_Throws" storage="f:\etwork\bin\tests\unittests.icore.runtime.wsmq.dll" id="43fc0bca-7f83-9c3e-fe4e-32622281aefc">
      <TestCategory>
        <TestCategoryItem TestCategory="WSMQ" />
      </TestCategory>
      <Execution id="8c0e50d0-80f9-4c83-939b-cd5f37b1650c" />
      <TestMethod codeBase="F:\ETWork\bin\Tests\UnitTests.iCore.Runtime.Wsmq.dll" adapterTypeName="Microsoft.VisualStudio.TestTools.TestTypes.Unit.UnitTestAdapter" className="UnitTests.iCore.Runtime.Wsmq.RFHHeaderTests" name="LoadFromMessage_InvalidStrucId_Throws" />
    </UnitTest>
    <UnitTest name="LoadFromMessage_InvalidVersion_Throws" storage="f:\etwork\bin\tests\unittests.icore.runtime.wsmq.dll" id="0fec09da-5acc-f6de-fa54-87da167a4b4e">
      <TestCategory>
        <TestCategoryItem TestCategory="WSMQ" />
      </TestCategory>
      <Execution id="f3f04541-1ad8-44fc-9742-8fa793253b75" />
      <TestMethod codeBase="F:\ETWork\bin\Tests\UnitTests.iCore.Runtime.Wsmq.dll" adapterTypeName="Microsoft.VisualStudio.TestTools.TestTypes.Unit.UnitTestAdapter" className="UnitTests.iCore.Runtime.Wsmq.RFHHeaderTests" name="LoadFromMessage_InvalidVersion_Throws" />
    </UnitTest>
    <UnitTest name="LoadFromMessage_InvalidStrucLength_Throws" storage="f:\etwork\bin\tests\unittests.icore.runtime.wsmq.dll" id="4cb788a5-90e6-186a-5eb8-9d2804074c1e">
      <TestCategory>
        <TestCategoryItem TestCategory="WSMQ" />
      </TestCategory>
      <Execution id="ceffb6a5-add5-4b8c-84b7-43b02da56d23" />
      <TestMethod codeBase="F:\ETWork\bin\Tests\UnitTests.iCore.Runtime.Wsmq.dll" adapterTypeName="Microsoft.VisualStudio.TestTools.TestTypes.Unit.UnitTestAdapter" className="UnitTests.iCore.Runtime.Wsmq.RFHHeaderTests" name="LoadFromMessage_InvalidStrucLength_Throws" />
    </UnitTest>
    <UnitTest name="LoadFromStream_ValidData_Success" storage="f:\etwork\bin\tests\unittests.icore.runtime.wsmq.dll" id="a79c53d2-ee5a-e6b0-7b92-399b5a672dd3">
      <TestCategory>
        <TestCategoryItem TestCategory="WSMQ" />
      </TestCategory>
      <Execution id="2c7f8d42-cfa2-47f5-b00d-d3e6208c334b" />
      <TestMethod codeBase="F:\ETWork\bin\Tests\UnitTests.iCore.Runtime.Wsmq.dll" adapterTypeName="Microsoft.VisualStudio.TestTools.TestTypes.Unit.UnitTestAdapter" className="UnitTests.iCore.Runtime.Wsmq.RFHHeaderTests" name="LoadFromStream_ValidData_Success" />
    </UnitTest>
    <UnitTest name="LoadFromStream_NotEnoughData_Throws" storage="f:\etwork\bin\tests\unittests.icore.runtime.wsmq.dll" id="360a0fb5-47d4-7157-858f-bfe7fc5a9476">
      <TestCategory>
        <TestCategoryItem TestCategory="WSMQ" />
      </TestCategory>
      <Execution id="f1debce6-f822-4748-9263-de25c3943c47" />
      <TestMethod codeBase="F:\ETWork\bin\Tests\UnitTests.iCore.Runtime.Wsmq.dll" adapterTypeName="Microsoft.VisualStudio.TestTools.TestTypes.Unit.UnitTestAdapter" className="UnitTests.iCore.Runtime.Wsmq.RFHHeaderTests" name="LoadFromStream_NotEnoughData_Throws" />
    </UnitTest>
    <UnitTest name="LoadFromStream_InvalidStrucId_Throws" storage="f:\etwork\bin\tests\unittests.icore.runtime.wsmq.dll" id="42c2401e-f333-ccad-6394-16e647980b7b">
      <TestCategory>
        <TestCategoryItem TestCategory="WSMQ" />
      </TestCategory>
      <Execution id="56844ccb-fbe9-4e81-9025-29d63c4e3d44" />
      <TestMethod codeBase="F:\ETWork\bin\Tests\UnitTests.iCore.Runtime.Wsmq.dll" adapterTypeName="Microsoft.VisualStudio.TestTools.TestTypes.Unit.UnitTestAdapter" className="UnitTests.iCore.Runtime.Wsmq.RFHHeaderTests" name="LoadFromStream_InvalidStrucId_Throws" />
    </UnitTest>
    <UnitTest name="LoadFromStream_InvalidVersion_Throws" storage="f:\etwork\bin\tests\unittests.icore.runtime.wsmq.dll" id="10922115-c390-d52c-49f7-9706192e55f3">
      <TestCategory>
        <TestCategoryItem TestCategory="WSMQ" />
      </TestCategory>
      <Execution id="c1642236-9877-4de8-8884-99bdb584c2bf" />
      <TestMethod codeBase="F:\ETWork\bin\Tests\UnitTests.iCore.Runtime.Wsmq.dll" adapterTypeName="Microsoft.VisualStudio.TestTools.TestTypes.Unit.UnitTestAdapter" className="UnitTests.iCore.Runtime.Wsmq.RFHHeaderTests" name="LoadFromStream_InvalidVersion_Throws" />
    </UnitTest>
    <UnitTest name="LoadFromStream_InvalidStrucLength_Throws" storage="f:\etwork\bin\tests\unittests.icore.runtime.wsmq.dll" id="ce160634-4a7e-d732-3d40-4a404a1cc021">
      <TestCategory>
        <TestCategoryItem TestCategory="WSMQ" />
      </TestCategory>
      <Execution id="e80d7c39-91ed-446d-ac62-b632f33334d8" />
      <TestMethod codeBase="F:\ETWork\bin\Tests\UnitTests.iCore.Runtime.Wsmq.dll" adapterTypeName="Microsoft.VisualStudio.TestTools.TestTypes.Unit.UnitTestAdapter" className="UnitTests.iCore.Runtime.Wsmq.RFHHeaderTests" name="LoadFromStream_InvalidStrucLength_Throws" />
    </UnitTest>
    <UnitTest name="Serialize_FormatLessThan8Chars_ReturnsExpected" storage="f:\etwork\bin\tests\unittests.icore.runtime.wsmq.dll" id="88a53492-bde7-09c5-e680-5af36e1c0448">
      <TestCategory>
        <TestCategoryItem TestCategory="WSMQ" />
      </TestCategory>
      <Execution id="fa59f8c0-a6bf-43a6-b101-e790dca6584f" />
      <TestMethod codeBase="F:\ETWork\bin\Tests\UnitTests.iCore.Runtime.Wsmq.dll" adapterTypeName="Microsoft.VisualStudio.TestTools.TestTypes.Unit.UnitTestAdapter" className="UnitTests.iCore.Runtime.Wsmq.RFHHeaderTests" name="Serialize_FormatLessThan8Chars_ReturnsExpected" />
    </UnitTest>
    <UnitTest name="Serialize_FormatMoreThan8Chars_ReturnsExpected" storage="f:\etwork\bin\tests\unittests.icore.runtime.wsmq.dll" id="3e109a97-589e-88b4-27d3-a7db14cb6986">
      <TestCategory>
        <TestCategoryItem TestCategory="WSMQ" />
      </TestCategory>
      <Execution id="b4d13d76-f1fb-456b-8cef-931da3aa9e1a" />
      <TestMethod codeBase="F:\ETWork\bin\Tests\UnitTests.iCore.Runtime.Wsmq.dll" adapterTypeName="Microsoft.VisualStudio.TestTools.TestTypes.Unit.UnitTestAdapter" className="UnitTests.iCore.Runtime.Wsmq.RFHHeaderTests" name="Serialize_FormatMoreThan8Chars_ReturnsExpected" />
    </UnitTest>
    <UnitTest name="NameValueData_NewValueSet_AffectsLength" storage="f:\etwork\bin\tests\unittests.icore.runtime.wsmq.dll" id="f6f8fba3-ce51-95f0-e9af-de2cb02b233f">
      <TestCategory>
        <TestCategoryItem TestCategory="WSMQ" />
      </TestCategory>
      <Execution id="a54a66cf-066c-47da-aa96-71c17c018f9b" />
      <TestMethod codeBase="F:\ETWork\bin\Tests\UnitTests.iCore.Runtime.Wsmq.dll" adapterTypeName="Microsoft.VisualStudio.TestTools.TestTypes.Unit.UnitTestAdapter" className="UnitTests.iCore.Runtime.Wsmq.RFHHeaderTests" name="NameValueData_NewValueSet_AffectsLength" />
    </UnitTest>
    <UnitTest name="Convert_SetThenUnsetWithOptionsSet_OptionsAreAlwaysSameAsBefore" storage="f:\etwork\bin\tests\unittests.icore.runtime.wsmq.dll" id="60d979f3-55ab-3e83-13ca-7e07d666b212">
      <TestCategory>
        <TestCategoryItem TestCategory="WSMQ" />
        <TestCategoryItem TestCategory="FsCheck" />
      </TestCategory>
      <Execution id="6bc2841b-4e7a-4d5a-9285-9fead47a4d26" />
      <TestMethod codeBase="F:\ETWork\bin\Tests\UnitTests.iCore.Runtime.Wsmq.dll" adapterTypeName="Microsoft.VisualStudio.TestTools.TestTypes.Unit.UnitTestAdapter" className="UnitTests.iCore.Runtime.Wsmq.GetMessageOptionsTests" name="Convert_SetThenUnsetWithOptionsSet_OptionsAreAlwaysSameAsBefore" />
    </UnitTest>
    <UnitTest name="WaitInterval_SetWithZeroAndOptionsHaveWait_WaitIsRemoved" storage="f:\etwork\bin\tests\unittests.icore.runtime.wsmq.dll" id="66c3bcd8-e034-2b9c-9fd9-8dfd9cb91c00">
      <TestCategory>
        <TestCategoryItem TestCategory="WSMQ" />
        <TestCategoryItem TestCategory="FsCheck" />
      </TestCategory>
      <Execution id="70474586-7094-48fc-bfd9-2f5ee4cd419c" />
      <TestMethod codeBase="F:\ETWork\bin\Tests\UnitTests.iCore.Runtime.Wsmq.dll" adapterTypeName="Microsoft.VisualStudio.TestTools.TestTypes.Unit.UnitTestAdapter" className="UnitTests.iCore.Runtime.Wsmq.GetMessageOptionsTests" name="WaitInterval_SetWithZeroAndOptionsHaveWait_WaitIsRemoved" />
    </UnitTest>
    <UnitTest name="WaitInterval_SetWithZeroAndOptionsHaveWait_AllOtherOptionsAreIntact" storage="f:\etwork\bin\tests\unittests.icore.runtime.wsmq.dll" id="b0766167-ac56-78b5-33b1-17aa6a719b35">
      <TestCategory>
        <TestCategoryItem TestCategory="WSMQ" />
        <TestCategoryItem TestCategory="FsCheck" />
      </TestCategory>
      <Execution id="e9afd318-4a60-4179-b018-4f7e1c86a138" />
      <TestMethod codeBase="F:\ETWork\bin\Tests\UnitTests.iCore.Runtime.Wsmq.dll" adapterTypeName="Microsoft.VisualStudio.TestTools.TestTypes.Unit.UnitTestAdapter" className="UnitTests.iCore.Runtime.Wsmq.GetMessageOptionsTests" name="WaitInterval_SetWithZeroAndOptionsHaveWait_AllOtherOptionsAreIntact" />
    </UnitTest>
    <UnitTest name="WaitInterval_SetWithPositiveValueAndOptionsDoesNotHaveWait_WaitIsAdded" storage="f:\etwork\bin\tests\unittests.icore.runtime.wsmq.dll" id="4dc4850c-0eb1-ba61-5d3e-f2078bc236c4">
      <TestCategory>
        <TestCategoryItem TestCategory="WSMQ" />
        <TestCategoryItem TestCategory="FsCheck" />
      </TestCategory>
      <Execution id="3b8fec2e-e525-44aa-9f74-559cf0c8d906" />
      <TestMethod codeBase="F:\ETWork\bin\Tests\UnitTests.iCore.Runtime.Wsmq.dll" adapterTypeName="Microsoft.VisualStudio.TestTools.TestTypes.Unit.UnitTestAdapter" className="UnitTests.iCore.Runtime.Wsmq.GetMessageOptionsTests" name="WaitInterval_SetWithPositiveValueAndOptionsDoesNotHaveWait_WaitIsAdded" />
    </UnitTest>
    <UnitTest name="SyncPoint_SettingSyncPoint_AllOtherOptionsAreIntact" storage="f:\etwork\bin\tests\unittests.icore.runtime.wsmq.dll" id="50db88c4-9b7a-3576-3f1e-51b18a3866db">
      <TestCategory>
        <TestCategoryItem TestCategory="WSMQ" />
        <TestCategoryItem TestCategory="FsCheck" />
      </TestCategory>
      <Execution id="dbd8c03d-8600-4683-a699-ef36b7f1a270" />
      <TestMethod codeBase="F:\ETWork\bin\Tests\UnitTests.iCore.Runtime.Wsmq.dll" adapterTypeName="Microsoft.VisualStudio.TestTools.TestTypes.Unit.UnitTestAdapter" className="UnitTests.iCore.Runtime.Wsmq.GetMessageOptionsTests" name="SyncPoint_SettingSyncPoint_AllOtherOptionsAreIntact" />
    </UnitTest>
    <UnitTest name="CreateNewMsgId_SetUnsetWithOptionsSet_OptionsSameAsBefore" storage="f:\etwork\bin\tests\unittests.icore.runtime.wsmq.dll" id="a669f73d-75ed-e727-40e1-42b7c7542b1d">
      <TestCategory>
        <TestCategoryItem TestCategory="WSMQ" />
        <TestCategoryItem TestCategory="FsCheck" />
      </TestCategory>
      <Execution id="058cbd1c-45fc-41cd-a672-7ef02ce0f582" />
      <TestMethod codeBase="F:\ETWork\bin\Tests\UnitTests.iCore.Runtime.Wsmq.dll" adapterTypeName="Microsoft.VisualStudio.TestTools.TestTypes.Unit.UnitTestAdapter" className="UnitTests.iCore.Runtime.Wsmq.PutMessageOptionsTests" name="CreateNewMsgId_SetUnsetWithOptionsSet_OptionsSameAsBefore" />
    </UnitTest>
    <UnitTest name="CreateNewCorrelId_SetUnsetWithOptionsSet_OptionsSameAsBefore" storage="f:\etwork\bin\tests\unittests.icore.runtime.wsmq.dll" id="f6dbdb6a-b41f-31a5-e91f-0af82b02f7d6">
      <TestCategory>
        <TestCategoryItem TestCategory="WSMQ" />
        <TestCategoryItem TestCategory="FsCheck" />
      </TestCategory>
      <Execution id="25533c25-8532-44f9-a0df-88b27b8ebca9" />
      <TestMethod codeBase="F:\ETWork\bin\Tests\UnitTests.iCore.Runtime.Wsmq.dll" adapterTypeName="Microsoft.VisualStudio.TestTools.TestTypes.Unit.UnitTestAdapter" className="UnitTests.iCore.Runtime.Wsmq.PutMessageOptionsTests" name="CreateNewCorrelId_SetUnsetWithOptionsSet_OptionsSameAsBefore" />
    </UnitTest>
    <UnitTest name="SyncPoint_SettingSyncPoint_AllOtherOptionsAreIntact" storage="f:\etwork\bin\tests\unittests.icore.runtime.wsmq.dll" id="ec35ffcd-3f65-e422-af67-eda76502f4e3">
      <TestCategory>
        <TestCategoryItem TestCategory="WSMQ" />
        <TestCategoryItem TestCategory="FsCheck" />
      </TestCategory>
      <Execution id="ce067cb3-827c-473a-a63b-4e5f6efc2c7d" />
      <TestMethod codeBase="F:\ETWork\bin\Tests\UnitTests.iCore.Runtime.Wsmq.dll" adapterTypeName="Microsoft.VisualStudio.TestTools.TestTypes.Unit.UnitTestAdapter" className="UnitTests.iCore.Runtime.Wsmq.PutMessageOptionsTests" name="SyncPoint_SettingSyncPoint_AllOtherOptionsAreIntact" />
    </UnitTest>
    <UnitTest name="Deserialize_ValidV1Data_Success" storage="f:\etwork\bin\tests\unittests.icore.runtime.wsmq.dll" id="0200c49c-5d09-2f99-5a65-5e9ebd9d15cf">
      <TestCategory>
        <TestCategoryItem TestCategory="WSMQ" />
      </TestCategory>
      <Execution id="b18949cd-3dfa-4a91-919b-724253bfcef3" />
      <TestMethod codeBase="F:\ETWork\bin\Tests\UnitTests.iCore.Runtime.Wsmq.dll" adapterTypeName="Microsoft.VisualStudio.TestTools.TestTypes.Unit.UnitTestAdapter" className="UnitTests.iCore.Runtime.Wsmq.TMHeaderTests" name="Deserialize_ValidV1Data_Success" />
    </UnitTest>
    <UnitTest name="Deserialize_ValidV2Data_Success" storage="f:\etwork\bin\tests\unittests.icore.runtime.wsmq.dll" id="d0fcbb03-b1f1-ead5-f9f3-3e1b4b22dd7f">
      <TestCategory>
        <TestCategoryItem TestCategory="WSMQ" />
      </TestCategory>
      <Execution id="7c52e394-63e8-4874-b0a7-9f70d85ddd8b" />
      <TestMethod codeBase="F:\ETWork\bin\Tests\UnitTests.iCore.Runtime.Wsmq.dll" adapterTypeName="Microsoft.VisualStudio.TestTools.TestTypes.Unit.UnitTestAdapter" className="UnitTests.iCore.Runtime.Wsmq.TMHeaderTests" name="Deserialize_ValidV2Data_Success" />
    </UnitTest>
    <UnitTest name="Deserialize_NotTMHeader_Throws" storage="f:\etwork\bin\tests\unittests.icore.runtime.wsmq.dll" id="ff2f19de-63c7-858e-b85c-317b4fd88a7c">
      <TestCategory>
        <TestCategoryItem TestCategory="WSMQ" />
      </TestCategory>
      <Execution id="7adab283-020e-4ce4-b8eb-a9c86933f5a8" />
      <TestMethod codeBase="F:\ETWork\bin\Tests\UnitTests.iCore.Runtime.Wsmq.dll" adapterTypeName="Microsoft.VisualStudio.TestTools.TestTypes.Unit.UnitTestAdapter" className="UnitTests.iCore.Runtime.Wsmq.TMHeaderTests" name="Deserialize_NotTMHeader_Throws" />
    </UnitTest>
    <UnitTest name="CreateFromMessage_ValidV1Data_Success" storage="f:\etwork\bin\tests\unittests.icore.runtime.wsmq.dll" id="f335011f-fa87-9433-1dc5-57253b31b40f">
      <TestCategory>
        <TestCategoryItem TestCategory="WSMQ" />
      </TestCategory>
      <Execution id="75a371a5-0582-4f27-928a-6b384cadaac7" />
      <TestMethod codeBase="F:\ETWork\bin\Tests\UnitTests.iCore.Runtime.Wsmq.dll" adapterTypeName="Microsoft.VisualStudio.TestTools.TestTypes.Unit.UnitTestAdapter" className="UnitTests.iCore.Runtime.Wsmq.TMHeaderTests" name="CreateFromMessage_ValidV1Data_Success" />
    </UnitTest>
    <UnitTest name="CreateFromMessage_ValidV2Data_Success" storage="f:\etwork\bin\tests\unittests.icore.runtime.wsmq.dll" id="43a05540-28c1-c974-c112-66d33e318ff3">
      <TestCategory>
        <TestCategoryItem TestCategory="WSMQ" />
      </TestCategory>
      <Execution id="38dbe4b9-6427-429d-9116-9195711f09fe" />
      <TestMethod codeBase="F:\ETWork\bin\Tests\UnitTests.iCore.Runtime.Wsmq.dll" adapterTypeName="Microsoft.VisualStudio.TestTools.TestTypes.Unit.UnitTestAdapter" className="UnitTests.iCore.Runtime.Wsmq.TMHeaderTests" name="CreateFromMessage_ValidV2Data_Success" />
    </UnitTest>
    <UnitTest name="Get_MessageIsNull_ThrowsException" storage="f:\etwork\bin\tests\unittests.icore.runtime.wsmq.dll" id="0de698cb-d1f6-47db-fb9b-31ffca57e60c">
      <TestCategory>
        <TestCategoryItem TestCategory="WSMQ" />
      </TestCategory>
      <Execution id="1c3151b3-2193-4f15-a153-ed719ea1a5e0" />
      <TestMethod codeBase="F:\ETWork\bin\Tests\UnitTests.iCore.Runtime.Wsmq.dll" adapterTypeName="Microsoft.VisualStudio.TestTools.TestTypes.Unit.UnitTestAdapter" className="UnitTests.iCore.Runtime.Wsmq.WsmqQueueTests" name="Get_MessageIsNull_ThrowsException" />
    </UnitTest>
    <UnitTest name="Get_MessageOptionsIsNull_ThrowsException" storage="f:\etwork\bin\tests\unittests.icore.runtime.wsmq.dll" id="3823a78d-b9e8-0ab2-c61f-626fd782e4bf">
      <TestCategory>
        <TestCategoryItem TestCategory="WSMQ" />
      </TestCategory>
      <Execution id="307e1ce4-0692-437b-866d-3773aa00f33c" />
      <TestMethod codeBase="F:\ETWork\bin\Tests\UnitTests.iCore.Runtime.Wsmq.dll" adapterTypeName="Microsoft.VisualStudio.TestTools.TestTypes.Unit.UnitTestAdapter" className="UnitTests.iCore.Runtime.Wsmq.WsmqQueueTests" name="Get_MessageOptionsIsNull_ThrowsException" />
    </UnitTest>
    <UnitTest name="Get_MessageDoesNotImplementInteralWsmqMessageInterface_ThrowsException" storage="f:\etwork\bin\tests\unittests.icore.runtime.wsmq.dll" id="91dafb3b-b5b4-5ecd-2491-1c4ded735e8e">
      <TestCategory>
        <TestCategoryItem TestCategory="WSMQ" />
      </TestCategory>
      <Execution id="fffc9732-9042-4728-a4bc-b8fc85c14fc6" />
      <TestMethod codeBase="F:\ETWork\bin\Tests\UnitTests.iCore.Runtime.Wsmq.dll" adapterTypeName="Microsoft.VisualStudio.TestTools.TestTypes.Unit.UnitTestAdapter" className="UnitTests.iCore.Runtime.Wsmq.WsmqQueueTests" name="Get_MessageDoesNotImplementInteralWsmqMessageInterface_ThrowsException" />
    </UnitTest>
    <UnitTest name="Put_MessageIsNull_ThrowsException" storage="f:\etwork\bin\tests\unittests.icore.runtime.wsmq.dll" id="25c4c5e1-e43f-9f51-81a6-60d02e5a502b">
      <TestCategory>
        <TestCategoryItem TestCategory="WSMQ" />
      </TestCategory>
      <Execution id="99766a5d-f0e1-4e32-a347-f1580bbc9e00" />
      <TestMethod codeBase="F:\ETWork\bin\Tests\UnitTests.iCore.Runtime.Wsmq.dll" adapterTypeName="Microsoft.VisualStudio.TestTools.TestTypes.Unit.UnitTestAdapter" className="UnitTests.iCore.Runtime.Wsmq.WsmqQueueTests" name="Put_MessageIsNull_ThrowsException" />
    </UnitTest>
    <UnitTest name="Put_MessageOptionsIsNull_ThrowsException" storage="f:\etwork\bin\tests\unittests.icore.runtime.wsmq.dll" id="3c4b19ae-fdf6-5dec-cf31-11f78d4ac0f8">
      <TestCategory>
        <TestCategoryItem TestCategory="WSMQ" />
      </TestCategory>
      <Execution id="7293c8ad-9ac4-4237-92fa-884f9fe75b5d" />
      <TestMethod codeBase="F:\ETWork\bin\Tests\UnitTests.iCore.Runtime.Wsmq.dll" adapterTypeName="Microsoft.VisualStudio.TestTools.TestTypes.Unit.UnitTestAdapter" className="UnitTests.iCore.Runtime.Wsmq.WsmqQueueTests" name="Put_MessageOptionsIsNull_ThrowsException" />
    </UnitTest>
    <UnitTest name="Put_MessageDoesNotImplementInteralWsmqMessageInterface_ThrowsException" storage="f:\etwork\bin\tests\unittests.icore.runtime.wsmq.dll" id="4026a591-ad9e-c0dd-3288-5d34d03c2373">
      <TestCategory>
        <TestCategoryItem TestCategory="WSMQ" />
      </TestCategory>
      <Execution id="39ebad5e-ca16-4375-9ac3-fe567b8d2ce5" />
      <TestMethod codeBase="F:\ETWork\bin\Tests\UnitTests.iCore.Runtime.Wsmq.dll" adapterTypeName="Microsoft.VisualStudio.TestTools.TestTypes.Unit.UnitTestAdapter" className="UnitTests.iCore.Runtime.Wsmq.WsmqQueueTests" name="Put_MessageDoesNotImplementInteralWsmqMessageInterface_ThrowsException" />
    </UnitTest>
    <UnitTest name="WriteRFH2_ValidInput_WritesHeaderToMessage" storage="f:\etwork\bin\tests\unittests.icore.runtime.wsmq.dll" id="67dc48a0-2955-4e8d-c248-0416a26a3901">
      <TestCategory>
        <TestCategoryItem TestCategory="WSMQ" />
      </TestCategory>
      <Execution id="f795b4ca-343b-4c8b-87b3-f5c5e9036284" />
      <TestMethod codeBase="F:\ETWork\bin\Tests\UnitTests.iCore.Runtime.Wsmq.dll" adapterTypeName="Microsoft.VisualStudio.TestTools.TestTypes.Unit.UnitTestAdapter" className="UnitTests.iCore.Runtime.Wsmq.WsmqMessageTests" name="WriteRFH2_ValidInput_WritesHeaderToMessage" />
    </UnitTest>
    <UnitTest name="WriteRFH2_ValidInputNoNameValueData_WritesOnlyHeaderToMessage" storage="f:\etwork\bin\tests\unittests.icore.runtime.wsmq.dll" id="77760405-bff6-b87e-6a9f-1ef60ee384c3">
      <TestCategory>
        <TestCategoryItem TestCategory="WSMQ" />
      </TestCategory>
      <Execution id="1d6109a9-d604-4374-ad44-18bb5dfe1a75" />
      <TestMethod codeBase="F:\ETWork\bin\Tests\UnitTests.iCore.Runtime.Wsmq.dll" adapterTypeName="Microsoft.VisualStudio.TestTools.TestTypes.Unit.UnitTestAdapter" className="UnitTests.iCore.Runtime.Wsmq.WsmqMessageTests" name="WriteRFH2_ValidInputNoNameValueData_WritesOnlyHeaderToMessage" />
    </UnitTest>
    <UnitTest name="WriteRFH2_ValidInputWithNameValueData_NameValueDataIsSetWithInput" storage="f:\etwork\bin\tests\unittests.icore.runtime.wsmq.dll" id="ad8df1d1-8b50-e129-cf86-69e26c443969">
      <TestCategory>
        <TestCategoryItem TestCategory="WSMQ" />
      </TestCategory>
      <Execution id="f3a70ef5-602d-434f-a1d3-567824984ea5" />
      <TestMethod codeBase="F:\ETWork\bin\Tests\UnitTests.iCore.Runtime.Wsmq.dll" adapterTypeName="Microsoft.VisualStudio.TestTools.TestTypes.Unit.UnitTestAdapter" className="UnitTests.iCore.Runtime.Wsmq.WsmqMessageTests" name="WriteRFH2_ValidInputWithNameValueData_NameValueDataIsSetWithInput" />
    </UnitTest>
    <UnitTest name="AppendRFH2NameValueData_HaveNotWrittenRFH2Header_ThrowsException" storage="f:\etwork\bin\tests\unittests.icore.runtime.wsmq.dll" id="0e1fbd52-49ed-e081-9e61-380482e64e78">
      <TestCategory>
        <TestCategoryItem TestCategory="WSMQ" />
      </TestCategory>
      <Execution id="8706de19-ffdf-45b1-ac1b-31f6d06a2ccf" />
      <TestMethod codeBase="F:\ETWork\bin\Tests\UnitTests.iCore.Runtime.Wsmq.dll" adapterTypeName="Microsoft.VisualStudio.TestTools.TestTypes.Unit.UnitTestAdapter" className="UnitTests.iCore.Runtime.Wsmq.WsmqMessageTests" name="AppendRFH2NameValueData_HaveNotWrittenRFH2Header_ThrowsException" />
    </UnitTest>
    <UnitTest name="AppendRFH2NameValueData_NameValueDataIsEmpty_ThrowException" storage="f:\etwork\bin\tests\unittests.icore.runtime.wsmq.dll" id="bd0f68b9-5598-dae0-231c-b16bcaa71bec">
      <TestCategory>
        <TestCategoryItem TestCategory="WSMQ" />
      </TestCategory>
      <Execution id="77dabbb9-0d89-4450-8e6e-dcc71613fab2" />
      <TestMethod codeBase="F:\ETWork\bin\Tests\UnitTests.iCore.Runtime.Wsmq.dll" adapterTypeName="Microsoft.VisualStudio.TestTools.TestTypes.Unit.UnitTestAdapter" className="UnitTests.iCore.Runtime.Wsmq.WsmqMessageTests" name="AppendRFH2NameValueData_NameValueDataIsEmpty_ThrowException" />
    </UnitTest>
    <UnitTest name="AppendRFH2NameValueData_NameValueDataIsNull_ThrowException" storage="f:\etwork\bin\tests\unittests.icore.runtime.wsmq.dll" id="7c6e47ba-3488-c49d-1f01-4a966ff8462d">
      <TestCategory>
        <TestCategoryItem TestCategory="WSMQ" />
      </TestCategory>
      <Execution id="6d19c63e-cea0-40b9-8c12-bbd76e8662be" />
      <TestMethod codeBase="F:\ETWork\bin\Tests\UnitTests.iCore.Runtime.Wsmq.dll" adapterTypeName="Microsoft.VisualStudio.TestTools.TestTypes.Unit.UnitTestAdapter" className="UnitTests.iCore.Runtime.Wsmq.WsmqMessageTests" name="AppendRFH2NameValueData_NameValueDataIsNull_ThrowException" />
    </UnitTest>
    <UnitTest name="AppendRFH2NameValueData_ValidDataCodePageNotProvided_UsesNameValueCodePageFromHeader" storage="f:\etwork\bin\tests\unittests.icore.runtime.wsmq.dll" id="e6633424-7046-94c0-0484-38a5e633f99c">
      <TestCategory>
        <TestCategoryItem TestCategory="WSMQ" />
      </TestCategory>
      <Execution id="fa069d8d-2853-4642-8cde-36076fbd7da9" />
      <TestMethod codeBase="F:\ETWork\bin\Tests\UnitTests.iCore.Runtime.Wsmq.dll" adapterTypeName="Microsoft.VisualStudio.TestTools.TestTypes.Unit.UnitTestAdapter" className="UnitTests.iCore.Runtime.Wsmq.WsmqMessageTests" name="AppendRFH2NameValueData_ValidDataCodePageNotProvided_UsesNameValueCodePageFromHeader" />
    </UnitTest>
    <UnitTest name="AppendRFH2NameValueData_ValidDataCodePageProvided_UsesNameValueCodePageFromHeader" storage="f:\etwork\bin\tests\unittests.icore.runtime.wsmq.dll" id="5cc16190-dcef-e6f4-97b5-77d63e450c90">
      <TestCategory>
        <TestCategoryItem TestCategory="WSMQ" />
      </TestCategory>
      <Execution id="68755576-52aa-4b1f-8ce0-5f616042f2b2" />
      <TestMethod codeBase="F:\ETWork\bin\Tests\UnitTests.iCore.Runtime.Wsmq.dll" adapterTypeName="Microsoft.VisualStudio.TestTools.TestTypes.Unit.UnitTestAdapter" className="UnitTests.iCore.Runtime.Wsmq.WsmqMessageTests" name="AppendRFH2NameValueData_ValidDataCodePageProvided_UsesNameValueCodePageFromHeader" />
    </UnitTest>
    <UnitTest name="AppendRFH2NameValueData_ValidData_StructureLengthIsSet" storage="f:\etwork\bin\tests\unittests.icore.runtime.wsmq.dll" id="6e3e30da-a011-419b-37ec-06264c1e37d2">
      <TestCategory>
        <TestCategoryItem TestCategory="WSMQ" />
      </TestCategory>
      <Execution id="cd9b9736-c821-4a20-b8c4-3cea2f06c2ea" />
      <TestMethod codeBase="F:\ETWork\bin\Tests\UnitTests.iCore.Runtime.Wsmq.dll" adapterTypeName="Microsoft.VisualStudio.TestTools.TestTypes.Unit.UnitTestAdapter" className="UnitTests.iCore.Runtime.Wsmq.WsmqMessageTests" name="AppendRFH2NameValueData_ValidData_StructureLengthIsSet" />
    </UnitTest>
    <UnitTest name="AppendRFH2NameValueData_ValidData_PositionIsCorrectAfterAppend" storage="f:\etwork\bin\tests\unittests.icore.runtime.wsmq.dll" id="482aaa4f-7122-e09f-9edf-48542ca86b94">
      <TestCategory>
        <TestCategoryItem TestCategory="WSMQ" />
      </TestCategory>
      <Execution id="01a486b8-b5c0-4dc7-9315-0d5da488ee95" />
      <TestMethod codeBase="F:\ETWork\bin\Tests\UnitTests.iCore.Runtime.Wsmq.dll" adapterTypeName="Microsoft.VisualStudio.TestTools.TestTypes.Unit.UnitTestAdapter" className="UnitTests.iCore.Runtime.Wsmq.WsmqMessageTests" name="AppendRFH2NameValueData_ValidData_PositionIsCorrectAfterAppend" />
    </UnitTest>
    <UnitTest name="AppendRFH2NameValueData_ValidDataRequiresPadding_PaddingIsAdded" storage="f:\etwork\bin\tests\unittests.icore.runtime.wsmq.dll" id="0d5fc1a4-a94b-a6e7-7fe3-7d48025c0ed3">
      <TestCategory>
        <TestCategoryItem TestCategory="WSMQ" />
      </TestCategory>
      <Execution id="5528303a-c875-4aae-b44e-d3894daf3611" />
      <TestMethod codeBase="F:\ETWork\bin\Tests\UnitTests.iCore.Runtime.Wsmq.dll" adapterTypeName="Microsoft.VisualStudio.TestTools.TestTypes.Unit.UnitTestAdapter" className="UnitTests.iCore.Runtime.Wsmq.WsmqMessageTests" name="AppendRFH2NameValueData_ValidDataRequiresPadding_PaddingIsAdded" />
    </UnitTest>
    <UnitTest name="AppendRFH2NameValueData_ValidDataRequiresPadding_StructLengthIsCorrect" storage="f:\etwork\bin\tests\unittests.icore.runtime.wsmq.dll" id="0964dff6-4933-ebe2-b6cf-3d99fb3eb96b">
      <TestCategory>
        <TestCategoryItem TestCategory="WSMQ" />
      </TestCategory>
      <Execution id="d6db8ac7-2379-4e28-841f-e926d7fa46eb" />
      <TestMethod codeBase="F:\ETWork\bin\Tests\UnitTests.iCore.Runtime.Wsmq.dll" adapterTypeName="Microsoft.VisualStudio.TestTools.TestTypes.Unit.UnitTestAdapter" className="UnitTests.iCore.Runtime.Wsmq.WsmqMessageTests" name="AppendRFH2NameValueData_ValidDataRequiresPadding_StructLengthIsCorrect" />
    </UnitTest>
    <UnitTest name="Priority_Default_ReturnsMinusOne" storage="f:\etwork\bin\tests\unittests.icore.runtime.wsmq.dll" id="6698173b-3dc6-d9c4-54ba-81ca5f03ca14">
      <TestCategory>
        <TestCategoryItem TestCategory="WSMQ" />
      </TestCategory>
      <Execution id="fb7ecd9a-3f18-4d2e-848a-5936ce9357bf" />
      <TestMethod codeBase="F:\ETWork\bin\Tests\UnitTests.iCore.Runtime.Wsmq.dll" adapterTypeName="Microsoft.VisualStudio.TestTools.TestTypes.Unit.UnitTestAdapter" className="UnitTests.iCore.Runtime.Wsmq.WsmqMessageTests" name="Priority_Default_ReturnsMinusOne" />
    </UnitTest>
    <UnitTest name="Priority_Set1_Return1" storage="f:\etwork\bin\tests\unittests.icore.runtime.wsmq.dll" id="e1d18f05-3ded-b7d6-da67-07e228a7738a">
      <TestCategory>
        <TestCategoryItem TestCategory="WSMQ" />
      </TestCategory>
      <Execution id="23078ba4-230b-4b3b-86de-5814155ac64b" />
      <TestMethod codeBase="F:\ETWork\bin\Tests\UnitTests.iCore.Runtime.Wsmq.dll" adapterTypeName="Microsoft.VisualStudio.TestTools.TestTypes.Unit.UnitTestAdapter" className="UnitTests.iCore.Runtime.Wsmq.WsmqMessageTests" name="Priority_Set1_Return1" />
    </UnitTest>
    <UnitTest name="ReasonCode_Default_ReturnsZero" storage="f:\etwork\bin\tests\unittests.icore.runtime.wsmq.dll" id="e7a50084-2dfe-bcb1-c13a-bc0222a0b2d8">
      <TestCategory>
        <TestCategoryItem TestCategory="WSMQ" />
      </TestCategory>
      <Execution id="cd1187e6-7901-4a32-9e8c-527bcd0f41b0" />
      <TestMethod codeBase="F:\ETWork\bin\Tests\UnitTests.iCore.Runtime.Wsmq.dll" adapterTypeName="Microsoft.VisualStudio.TestTools.TestTypes.Unit.UnitTestAdapter" className="UnitTests.iCore.Runtime.Wsmq.WsmqMessageTests" name="ReasonCode_Default_ReturnsZero" />
    </UnitTest>
    <UnitTest name="ReplyToQueueManagerName_Default_ReturnsEmptyString" storage="f:\etwork\bin\tests\unittests.icore.runtime.wsmq.dll" id="8dc2acb9-f6a6-4ebc-e56f-576856c03658">
      <TestCategory>
        <TestCategoryItem TestCategory="WSMQ" />
      </TestCategory>
      <Execution id="50231692-2cb5-4a31-888b-dcdc833f3ab3" />
      <TestMethod codeBase="F:\ETWork\bin\Tests\UnitTests.iCore.Runtime.Wsmq.dll" adapterTypeName="Microsoft.VisualStudio.TestTools.TestTypes.Unit.UnitTestAdapter" className="UnitTests.iCore.Runtime.Wsmq.WsmqMessageTests" name="ReplyToQueueManagerName_Default_ReturnsEmptyString" />
    </UnitTest>
    <UnitTest name="ReplyToQueueManagerName_SetNonEmptyString_ReturnsString" storage="f:\etwork\bin\tests\unittests.icore.runtime.wsmq.dll" id="d729a70a-f183-3145-7355-f75871b3a663">
      <TestCategory>
        <TestCategoryItem TestCategory="WSMQ" />
      </TestCategory>
      <Execution id="60fb0667-afb9-4c38-967b-4b074e2973ac" />
      <TestMethod codeBase="F:\ETWork\bin\Tests\UnitTests.iCore.Runtime.Wsmq.dll" adapterTypeName="Microsoft.VisualStudio.TestTools.TestTypes.Unit.UnitTestAdapter" className="UnitTests.iCore.Runtime.Wsmq.WsmqMessageTests" name="ReplyToQueueManagerName_SetNonEmptyString_ReturnsString" />
    </UnitTest>
    <UnitTest name="ReplyToQueueName_Default_ReturnsEmptyString" storage="f:\etwork\bin\tests\unittests.icore.runtime.wsmq.dll" id="94ba660e-a7db-7767-4c82-3d2cd8b12d0b">
      <TestCategory>
        <TestCategoryItem TestCategory="WSMQ" />
      </TestCategory>
      <Execution id="732b8abd-1070-475f-b318-9acffa5a8e26" />
      <TestMethod codeBase="F:\ETWork\bin\Tests\UnitTests.iCore.Runtime.Wsmq.dll" adapterTypeName="Microsoft.VisualStudio.TestTools.TestTypes.Unit.UnitTestAdapter" className="UnitTests.iCore.Runtime.Wsmq.WsmqMessageTests" name="ReplyToQueueName_Default_ReturnsEmptyString" />
    </UnitTest>
    <UnitTest name="ReplyToQueueName_SetNonEmptyString_ReturnsEmptyString" storage="f:\etwork\bin\tests\unittests.icore.runtime.wsmq.dll" id="3246624b-ce2d-a0fd-a956-f020ccca954b">
      <TestCategory>
        <TestCategoryItem TestCategory="WSMQ" />
      </TestCategory>
      <Execution id="9a524224-ae65-4d36-9058-288bf26c45ec" />
      <TestMethod codeBase="F:\ETWork\bin\Tests\UnitTests.iCore.Runtime.Wsmq.dll" adapterTypeName="Microsoft.VisualStudio.TestTools.TestTypes.Unit.UnitTestAdapter" className="UnitTests.iCore.Runtime.Wsmq.WsmqMessageTests" name="ReplyToQueueName_SetNonEmptyString_ReturnsEmptyString" />
    </UnitTest>
    <UnitTest name="Report_Default_ReturnsDefaultWsmqSetup" storage="f:\etwork\bin\tests\unittests.icore.runtime.wsmq.dll" id="7c2c4350-a684-f79c-b0c6-58ef728d6529">
      <TestCategory>
        <TestCategoryItem TestCategory="WSMQ" />
      </TestCategory>
      <Execution id="cf206cec-70e0-4af0-9c08-5d4879a956d5" />
      <TestMethod codeBase="F:\ETWork\bin\Tests\UnitTests.iCore.Runtime.Wsmq.dll" adapterTypeName="Microsoft.VisualStudio.TestTools.TestTypes.Unit.UnitTestAdapter" className="UnitTests.iCore.Runtime.Wsmq.WsmqMessageTests" name="Report_Default_ReturnsDefaultWsmqSetup" />
    </UnitTest>
    <UnitTest name="Report_SettingFlags_ReturnsFlags" storage="f:\etwork\bin\tests\unittests.icore.runtime.wsmq.dll" id="aabe955f-5122-5ed1-3a61-afd4eddaec8c">
      <TestCategory>
        <TestCategoryItem TestCategory="WSMQ" />
      </TestCategory>
      <Execution id="2311af2b-be82-4444-b526-df2d2655b114" />
      <TestMethod codeBase="F:\ETWork\bin\Tests\UnitTests.iCore.Runtime.Wsmq.dll" adapterTypeName="Microsoft.VisualStudio.TestTools.TestTypes.Unit.UnitTestAdapter" className="UnitTests.iCore.Runtime.Wsmq.WsmqMessageTests" name="Report_SettingFlags_ReturnsFlags" />
    </UnitTest>
    <UnitTest name="ReportMessageId_Default_ReturnsZero" storage="f:\etwork\bin\tests\unittests.icore.runtime.wsmq.dll" id="f370abf9-7ef1-15d5-c249-0aada5ec8495">
      <TestCategory>
        <TestCategoryItem TestCategory="WSMQ" />
      </TestCategory>
      <Execution id="8485a454-347b-4331-a63c-89d5d327a0e0" />
      <TestMethod codeBase="F:\ETWork\bin\Tests\UnitTests.iCore.Runtime.Wsmq.dll" adapterTypeName="Microsoft.VisualStudio.TestTools.TestTypes.Unit.UnitTestAdapter" className="UnitTests.iCore.Runtime.Wsmq.WsmqMessageTests" name="ReportMessageId_Default_ReturnsZero" />
    </UnitTest>
    <UnitTest name="ReportMessageId_ForAllReport_ReturnsZeroIfNotInReport" storage="f:\etwork\bin\tests\unittests.icore.runtime.wsmq.dll" id="f24829ef-8b74-2e3e-8054-231512055ed6">
      <TestCategory>
        <TestCategoryItem TestCategory="WSMQ" />
        <TestCategoryItem TestCategory="FsCheck" />
      </TestCategory>
      <Execution id="9d0983f7-ea59-41d3-8a2a-0ac0d8d9b499" />
      <TestMethod codeBase="F:\ETWork\bin\Tests\UnitTests.iCore.Runtime.Wsmq.dll" adapterTypeName="Microsoft.VisualStudio.TestTools.TestTypes.Unit.UnitTestAdapter" className="UnitTests.iCore.Runtime.Wsmq.WsmqMessageTests" name="ReportMessageId_ForAllReport_ReturnsZeroIfNotInReport" />
    </UnitTest>
    <UnitTest name="ReportMessageId_ForAllReport_Returns128IfInReport" storage="f:\etwork\bin\tests\unittests.icore.runtime.wsmq.dll" id="48b2c9a0-3ab7-3a2a-ea34-60c5b83f98e6">
      <TestCategory>
        <TestCategoryItem TestCategory="WSMQ" />
        <TestCategoryItem TestCategory="FsCheck" />
      </TestCategory>
      <Execution id="5458fb00-1967-4b25-81e4-349f0ef16cd6" />
      <TestMethod codeBase="F:\ETWork\bin\Tests\UnitTests.iCore.Runtime.Wsmq.dll" adapterTypeName="Microsoft.VisualStudio.TestTools.TestTypes.Unit.UnitTestAdapter" className="UnitTests.iCore.Runtime.Wsmq.WsmqMessageTests" name="ReportMessageId_ForAllReport_Returns128IfInReport" />
    </UnitTest>
    <UnitTest name="ReportCorrelationId_Default_ReturnsZero" storage="f:\etwork\bin\tests\unittests.icore.runtime.wsmq.dll" id="b9185f94-7fb8-adf8-ffd1-fda34110fb4d">
      <TestCategory>
        <TestCategoryItem TestCategory="WSMQ" />
      </TestCategory>
      <Execution id="ba5f1044-0d27-4174-ada8-bbfcdf842490" />
      <TestMethod codeBase="F:\ETWork\bin\Tests\UnitTests.iCore.Runtime.Wsmq.dll" adapterTypeName="Microsoft.VisualStudio.TestTools.TestTypes.Unit.UnitTestAdapter" className="UnitTests.iCore.Runtime.Wsmq.WsmqMessageTests" name="ReportCorrelationId_Default_ReturnsZero" />
    </UnitTest>
    <UnitTest name="ReportCorrelationId_ForAllReport_ReturnsZeroIfNotInReport" storage="f:\etwork\bin\tests\unittests.icore.runtime.wsmq.dll" id="b1200cfc-0585-4d02-a099-1b19926c2157">
      <TestCategory>
        <TestCategoryItem TestCategory="WSMQ" />
        <TestCategoryItem TestCategory="FsCheck" />
      </TestCategory>
      <Execution id="23efb597-cf83-41b4-807b-08259f0b4ae6" />
      <TestMethod codeBase="F:\ETWork\bin\Tests\UnitTests.iCore.Runtime.Wsmq.dll" adapterTypeName="Microsoft.VisualStudio.TestTools.TestTypes.Unit.UnitTestAdapter" className="UnitTests.iCore.Runtime.Wsmq.WsmqMessageTests" name="ReportCorrelationId_ForAllReport_ReturnsZeroIfNotInReport" />
    </UnitTest>
    <UnitTest name="ReportCorrelationId_ForAllReport_Returns64IfInReport" storage="f:\etwork\bin\tests\unittests.icore.runtime.wsmq.dll" id="1aae5dbb-3465-3f98-a900-eb9255cc3026">
      <TestCategory>
        <TestCategoryItem TestCategory="WSMQ" />
        <TestCategoryItem TestCategory="FsCheck" />
      </TestCategory>
      <Execution id="c4c50754-0824-4b26-a0cd-9b345eb21dfa" />
      <TestMethod codeBase="F:\ETWork\bin\Tests\UnitTests.iCore.Runtime.Wsmq.dll" adapterTypeName="Microsoft.VisualStudio.TestTools.TestTypes.Unit.UnitTestAdapter" className="UnitTests.iCore.Runtime.Wsmq.WsmqMessageTests" name="ReportCorrelationId_ForAllReport_Returns64IfInReport" />
    </UnitTest>
    <UnitTest name="ReportNegativeAcknolegdementNotification_ForAllReport_ReturnsZero" storage="f:\etwork\bin\tests\unittests.icore.runtime.wsmq.dll" id="052c60c7-b564-ae70-68ad-01fbb30d4336">
      <TestCategory>
        <TestCategoryItem TestCategory="WSMQ" />
      </TestCategory>
      <Execution id="a7368fdc-e14b-4820-9149-d6db0baea7aa" />
      <TestMethod codeBase="F:\ETWork\bin\Tests\UnitTests.iCore.Runtime.Wsmq.dll" adapterTypeName="Microsoft.VisualStudio.TestTools.TestTypes.Unit.UnitTestAdapter" className="UnitTests.iCore.Runtime.Wsmq.WsmqMessageTests" name="ReportNegativeAcknolegdementNotification_ForAllReport_ReturnsZero" />
    </UnitTest>
    <UnitTest name="ReportNegativeAcknolegdementNotification_ForAllReport_ReturnsZeroIfNotInReport" storage="f:\etwork\bin\tests\unittests.icore.runtime.wsmq.dll" id="2608907d-8ba5-c417-1b7f-6b5ce5436f00">
      <TestCategory>
        <TestCategoryItem TestCategory="WSMQ" />
        <TestCategoryItem TestCategory="FsCheck" />
      </TestCategory>
      <Execution id="e3c177c1-91b1-4dc0-8e2d-a38ddfeaf72b" />
      <TestMethod codeBase="F:\ETWork\bin\Tests\UnitTests.iCore.Runtime.Wsmq.dll" adapterTypeName="Microsoft.VisualStudio.TestTools.TestTypes.Unit.UnitTestAdapter" className="UnitTests.iCore.Runtime.Wsmq.WsmqMessageTests" name="ReportNegativeAcknolegdementNotification_ForAllReport_ReturnsZeroIfNotInReport" />
    </UnitTest>
    <UnitTest name="ReportNegativeAcknolegdementNotification_ForAllReport_Returns2IfInReport" storage="f:\etwork\bin\tests\unittests.icore.runtime.wsmq.dll" id="2bc79cea-b81b-1aa2-8d51-cd137815dcd6">
      <TestCategory>
        <TestCategoryItem TestCategory="WSMQ" />
        <TestCategoryItem TestCategory="FsCheck" />
      </TestCategory>
      <Execution id="58e7dda4-6a41-4d22-8d33-b80f365558a3" />
      <TestMethod codeBase="F:\ETWork\bin\Tests\UnitTests.iCore.Runtime.Wsmq.dll" adapterTypeName="Microsoft.VisualStudio.TestTools.TestTypes.Unit.UnitTestAdapter" className="UnitTests.iCore.Runtime.Wsmq.WsmqMessageTests" name="ReportNegativeAcknolegdementNotification_ForAllReport_Returns2IfInReport" />
    </UnitTest>
    <UnitTest name="ReportPositiveAcknolegdementNotification_Default_ReturnsZero" storage="f:\etwork\bin\tests\unittests.icore.runtime.wsmq.dll" id="2e1fd9e7-ae4d-bb3d-7348-6ec5e6393dbe">
      <TestCategory>
        <TestCategoryItem TestCategory="WSMQ" />
      </TestCategory>
      <Execution id="dd217338-feb4-41f4-af92-10aefca39491" />
      <TestMethod codeBase="F:\ETWork\bin\Tests\UnitTests.iCore.Runtime.Wsmq.dll" adapterTypeName="Microsoft.VisualStudio.TestTools.TestTypes.Unit.UnitTestAdapter" className="UnitTests.iCore.Runtime.Wsmq.WsmqMessageTests" name="ReportPositiveAcknolegdementNotification_Default_ReturnsZero" />
    </UnitTest>
    <UnitTest name="ReportPositiveAcknolegdementNotification_ForAllReport_ReturnsZeroIfNotInReport" storage="f:\etwork\bin\tests\unittests.icore.runtime.wsmq.dll" id="c98b09dd-8763-eec1-1e38-ec3e8ba34fbc">
      <TestCategory>
        <TestCategoryItem TestCategory="WSMQ" />
        <TestCategoryItem TestCategory="FsCheck" />
      </TestCategory>
      <Execution id="03cf25f6-500c-4cf0-a631-99cc356cd0e6" />
      <TestMethod codeBase="F:\ETWork\bin\Tests\UnitTests.iCore.Runtime.Wsmq.dll" adapterTypeName="Microsoft.VisualStudio.TestTools.TestTypes.Unit.UnitTestAdapter" className="UnitTests.iCore.Runtime.Wsmq.WsmqMessageTests" name="ReportPositiveAcknolegdementNotification_ForAllReport_ReturnsZeroIfNotInReport" />
    </UnitTest>
    <UnitTest name="ReportPositiveAcknolegdementNotification_ForAllReport_Returns1IfInReport" storage="f:\etwork\bin\tests\unittests.icore.runtime.wsmq.dll" id="f668879a-374b-4262-b665-916bdc526f6f">
      <TestCategory>
        <TestCategoryItem TestCategory="WSMQ" />
        <TestCategoryItem TestCategory="FsCheck" />
      </TestCategory>
      <Execution id="1cdfdf7a-f2de-4f09-b87a-e6b3d0fa22fb" />
      <TestMethod codeBase="F:\ETWork\bin\Tests\UnitTests.iCore.Runtime.Wsmq.dll" adapterTypeName="Microsoft.VisualStudio.TestTools.TestTypes.Unit.UnitTestAdapter" className="UnitTests.iCore.Runtime.Wsmq.WsmqMessageTests" name="ReportPositiveAcknolegdementNotification_ForAllReport_Returns1IfInReport" />
    </UnitTest>
    <UnitTest name="Version_Default_ReturnZero" storage="f:\etwork\bin\tests\unittests.icore.runtime.wsmq.dll" id="83623543-e950-25db-9fed-f4622c3f8d8a">
      <TestCategory>
        <TestCategoryItem TestCategory="WSMQ" />
      </TestCategory>
      <Execution id="07c9563c-5a01-4732-a4e3-34d99ef0a202" />
      <TestMethod codeBase="F:\ETWork\bin\Tests\UnitTests.iCore.Runtime.Wsmq.dll" adapterTypeName="Microsoft.VisualStudio.TestTools.TestTypes.Unit.UnitTestAdapter" className="UnitTests.iCore.Runtime.Wsmq.WsmqMessageTests" name="Version_Default_ReturnZero" />
    </UnitTest>
    <UnitTest name="Version_SetPositiveValue_ReturnsValue" storage="f:\etwork\bin\tests\unittests.icore.runtime.wsmq.dll" id="e3353721-e604-6764-0181-f6db4ebfbfc7">
      <TestCategory>
        <TestCategoryItem TestCategory="WSMQ" />
      </TestCategory>
      <Execution id="bc58c3c4-c5ed-4ffd-9f4a-9515901f5eb5" />
      <TestMethod codeBase="F:\ETWork\bin\Tests\UnitTests.iCore.Runtime.Wsmq.dll" adapterTypeName="Microsoft.VisualStudio.TestTools.TestTypes.Unit.UnitTestAdapter" className="UnitTests.iCore.Runtime.Wsmq.WsmqMessageTests" name="Version_SetPositiveValue_ReturnsValue" />
    </UnitTest>
    <UnitTest name="Version_SetNegativeValue_ThrowsException" storage="f:\etwork\bin\tests\unittests.icore.runtime.wsmq.dll" id="f51139a8-79d7-a645-4119-50e025f7b205">
      <TestCategory>
        <TestCategoryItem TestCategory="WSMQ" />
      </TestCategory>
      <Execution id="6d052fc3-b3e0-4a6c-b49c-4a746328d8ef" />
      <TestMethod codeBase="F:\ETWork\bin\Tests\UnitTests.iCore.Runtime.Wsmq.dll" adapterTypeName="Microsoft.VisualStudio.TestTools.TestTypes.Unit.UnitTestAdapter" className="UnitTests.iCore.Runtime.Wsmq.WsmqMessageTests" name="Version_SetNegativeValue_ThrowsException" />
    </UnitTest>
    <UnitTest name="Version_SetZero_ThrowsException" storage="f:\etwork\bin\tests\unittests.icore.runtime.wsmq.dll" id="b96ab11e-65fe-0521-7fd0-c41457acaaa6">
      <TestCategory>
        <TestCategoryItem TestCategory="WSMQ" />
      </TestCategory>
      <Execution id="2ad24217-16d1-4c39-847b-e161d4713fc1" />
      <TestMethod codeBase="F:\ETWork\bin\Tests\UnitTests.iCore.Runtime.Wsmq.dll" adapterTypeName="Microsoft.VisualStudio.TestTools.TestTypes.Unit.UnitTestAdapter" className="UnitTests.iCore.Runtime.Wsmq.WsmqMessageTests" name="Version_SetZero_ThrowsException" />
    </UnitTest>
    <UnitTest name="ClearMessage_NoData_StillNoData" storage="f:\etwork\bin\tests\unittests.icore.runtime.wsmq.dll" id="814ab7ba-3be1-6c05-f39f-b6c95636aafa">
      <TestCategory>
        <TestCategoryItem TestCategory="WSMQ" />
      </TestCategory>
      <Execution id="48c885ff-3081-4592-8115-570139d0665b" />
      <TestMethod codeBase="F:\ETWork\bin\Tests\UnitTests.iCore.Runtime.Wsmq.dll" adapterTypeName="Microsoft.VisualStudio.TestTools.TestTypes.Unit.UnitTestAdapter" className="UnitTests.iCore.Runtime.Wsmq.WsmqMessageTests" name="ClearMessage_NoData_StillNoData" />
    </UnitTest>
    <UnitTest name="ClearMessage_MessageHasData_NoDataAfterClear" storage="f:\etwork\bin\tests\unittests.icore.runtime.wsmq.dll" id="fc5baafd-ce06-0461-84a6-5dad1c2c3fda">
      <TestCategory>
        <TestCategoryItem TestCategory="WSMQ" />
      </TestCategory>
      <Execution id="2e4bcf45-bf52-46d5-8a68-cb083110fded" />
      <TestMethod codeBase="F:\ETWork\bin\Tests\UnitTests.iCore.Runtime.Wsmq.dll" adapterTypeName="Microsoft.VisualStudio.TestTools.TestTypes.Unit.UnitTestAdapter" className="UnitTests.iCore.Runtime.Wsmq.WsmqMessageTests" name="ClearMessage_MessageHasData_NoDataAfterClear" />
    </UnitTest>
    <UnitTest name="ReadBytes_NoData_ReturnsEmptyArray" storage="f:\etwork\bin\tests\unittests.icore.runtime.wsmq.dll" id="a9c3a608-39c1-1dc2-5519-c16b2e96e33a">
      <TestCategory>
        <TestCategoryItem TestCategory="WSMQ" />
      </TestCategory>
      <Execution id="956e12ab-9c88-499a-948c-4bd8453c5061" />
      <TestMethod codeBase="F:\ETWork\bin\Tests\UnitTests.iCore.Runtime.Wsmq.dll" adapterTypeName="Microsoft.VisualStudio.TestTools.TestTypes.Unit.UnitTestAdapter" className="UnitTests.iCore.Runtime.Wsmq.WsmqMessageTests" name="ReadBytes_NoData_ReturnsEmptyArray" />
    </UnitTest>
    <UnitTest name="ReadBytes_MaxBytesToReadIsZero_ReturnsData" storage="f:\etwork\bin\tests\unittests.icore.runtime.wsmq.dll" id="370caaba-1a28-20a7-9f57-6694fe76e82f">
      <TestCategory>
        <TestCategoryItem TestCategory="WSMQ" />
      </TestCategory>
      <Execution id="f00bbf41-9dff-41ae-90d7-a41e47a004f9" />
      <TestMethod codeBase="F:\ETWork\bin\Tests\UnitTests.iCore.Runtime.Wsmq.dll" adapterTypeName="Microsoft.VisualStudio.TestTools.TestTypes.Unit.UnitTestAdapter" className="UnitTests.iCore.Runtime.Wsmq.WsmqMessageTests" name="ReadBytes_MaxBytesToReadIsZero_ReturnsData" />
    </UnitTest>
    <UnitTest name="ReadBytes_MaxBytesToReadIsMinusOne_ThrowsException" storage="f:\etwork\bin\tests\unittests.icore.runtime.wsmq.dll" id="75fce3fa-cedc-dc19-4ef1-d4b3b19b6bb5">
      <TestCategory>
        <TestCategoryItem TestCategory="WSMQ" />
      </TestCategory>
      <Execution id="df746be8-fc58-468d-95e8-e7c765f6b003" />
      <TestMethod codeBase="F:\ETWork\bin\Tests\UnitTests.iCore.Runtime.Wsmq.dll" adapterTypeName="Microsoft.VisualStudio.TestTools.TestTypes.Unit.UnitTestAdapter" className="UnitTests.iCore.Runtime.Wsmq.WsmqMessageTests" name="ReadBytes_MaxBytesToReadIsMinusOne_ThrowsException" />
    </UnitTest>
    <UnitTest name="ReadBytes_MaxBytesToReadIsHalfLengthOfData_ReturnsHalfOfData" storage="f:\etwork\bin\tests\unittests.icore.runtime.wsmq.dll" id="1377ad7f-1ba6-4af4-64cb-9d26da6aa7ac">
      <TestCategory>
        <TestCategoryItem TestCategory="WSMQ" />
      </TestCategory>
      <Execution id="1b7efb4b-38b4-4ac0-a89f-873f9a6177d1" />
      <TestMethod codeBase="F:\ETWork\bin\Tests\UnitTests.iCore.Runtime.Wsmq.dll" adapterTypeName="Microsoft.VisualStudio.TestTools.TestTypes.Unit.UnitTestAdapter" className="UnitTests.iCore.Runtime.Wsmq.WsmqMessageTests" name="ReadBytes_MaxBytesToReadIsHalfLengthOfData_ReturnsHalfOfData" />
    </UnitTest>
    <UnitTest name="ReadBytes_PositionIsAtHalfLengthOfDataAndBytesToReadIsZero_ReturnsHalfOfData" storage="f:\etwork\bin\tests\unittests.icore.runtime.wsmq.dll" id="366f806d-2838-580d-2f61-5321c1046897">
      <TestCategory>
        <TestCategoryItem TestCategory="WSMQ" />
      </TestCategory>
      <Execution id="6f37a2d7-529c-4963-9866-bc1b7a0ebc60" />
      <TestMethod codeBase="F:\ETWork\bin\Tests\UnitTests.iCore.Runtime.Wsmq.dll" adapterTypeName="Microsoft.VisualStudio.TestTools.TestTypes.Unit.UnitTestAdapter" className="UnitTests.iCore.Runtime.Wsmq.WsmqMessageTests" name="ReadBytes_PositionIsAtHalfLengthOfDataAndBytesToReadIsZero_ReturnsHalfOfData" />
    </UnitTest>
    <UnitTest name="ReadInt4_NoData_ThrowsException" storage="f:\etwork\bin\tests\unittests.icore.runtime.wsmq.dll" id="9df40513-2213-e2f9-645f-b4e114e100dd">
      <TestCategory>
        <TestCategoryItem TestCategory="WSMQ" />
      </TestCategory>
      <Execution id="752d4e13-3ebc-4ec1-9519-f70456d38b28" />
      <TestMethod codeBase="F:\ETWork\bin\Tests\UnitTests.iCore.Runtime.Wsmq.dll" adapterTypeName="Microsoft.VisualStudio.TestTools.TestTypes.Unit.UnitTestAdapter" className="UnitTests.iCore.Runtime.Wsmq.WsmqMessageTests" name="ReadInt4_NoData_ThrowsException" />
    </UnitTest>
    <UnitTest name="ReadInt4_Data_ReturnsIntValue" storage="f:\etwork\bin\tests\unittests.icore.runtime.wsmq.dll" id="3527acae-2477-9a4c-bb68-c55bee35e773">
      <TestCategory>
        <TestCategoryItem TestCategory="WSMQ" />
      </TestCategory>
      <Execution id="9cebe3e6-ad3b-46ad-a8f4-0fc1811151ba" />
      <TestMethod codeBase="F:\ETWork\bin\Tests\UnitTests.iCore.Runtime.Wsmq.dll" adapterTypeName="Microsoft.VisualStudio.TestTools.TestTypes.Unit.UnitTestAdapter" className="UnitTests.iCore.Runtime.Wsmq.WsmqMessageTests" name="ReadInt4_Data_ReturnsIntValue" />
    </UnitTest>
    <UnitTest name="ReadStream_NoData_ReturnStreamWithZeroLength" storage="f:\etwork\bin\tests\unittests.icore.runtime.wsmq.dll" id="9f03aba6-1587-25ce-4e61-53ea9c44d62d">
      <TestCategory>
        <TestCategoryItem TestCategory="WSMQ" />
      </TestCategory>
      <Execution id="aeff6e0c-7a98-417c-a3f6-d3acfe826963" />
      <TestMethod codeBase="F:\ETWork\bin\Tests\UnitTests.iCore.Runtime.Wsmq.dll" adapterTypeName="Microsoft.VisualStudio.TestTools.TestTypes.Unit.UnitTestAdapter" className="UnitTests.iCore.Runtime.Wsmq.WsmqMessageTests" name="ReadStream_NoData_ReturnStreamWithZeroLength" />
    </UnitTest>
    <UnitTest name="ReadStream_HasData_ReturnStreamWithZeroLength" storage="f:\etwork\bin\tests\unittests.icore.runtime.wsmq.dll" id="2b1d4e98-e45b-5812-3928-8dc876262ba4">
      <TestCategory>
        <TestCategoryItem TestCategory="WSMQ" />
      </TestCategory>
      <Execution id="dad72722-1a19-49f9-b834-a60f8dc102cc" />
      <TestMethod codeBase="F:\ETWork\bin\Tests\UnitTests.iCore.Runtime.Wsmq.dll" adapterTypeName="Microsoft.VisualStudio.TestTools.TestTypes.Unit.UnitTestAdapter" className="UnitTests.iCore.Runtime.Wsmq.WsmqMessageTests" name="ReadStream_HasData_ReturnStreamWithZeroLength" />
    </UnitTest>
    <UnitTest name="ReadChar_NoData_ThrowsException" storage="f:\etwork\bin\tests\unittests.icore.runtime.wsmq.dll" id="885b749a-d887-a45c-ae4e-bb37542e83f6">
      <TestCategory>
        <TestCategoryItem TestCategory="WSMQ" />
      </TestCategory>
      <Execution id="7704e6f9-1683-4700-ab46-e6d9a5c38abd" />
      <TestMethod codeBase="F:\ETWork\bin\Tests\UnitTests.iCore.Runtime.Wsmq.dll" adapterTypeName="Microsoft.VisualStudio.TestTools.TestTypes.Unit.UnitTestAdapter" className="UnitTests.iCore.Runtime.Wsmq.WsmqMessageTests" name="ReadChar_NoData_ThrowsException" />
    </UnitTest>
    <UnitTest name="ReadChar_DataExists_ReturnsExpectedChar" storage="f:\etwork\bin\tests\unittests.icore.runtime.wsmq.dll" id="bbbab46f-8715-295c-6347-7408df175e35">
      <TestCategory>
        <TestCategoryItem TestCategory="WSMQ" />
      </TestCategory>
      <Execution id="dba6a86b-18c3-4ebf-9c3e-2cb906c6d42d" />
      <TestMethod codeBase="F:\ETWork\bin\Tests\UnitTests.iCore.Runtime.Wsmq.dll" adapterTypeName="Microsoft.VisualStudio.TestTools.TestTypes.Unit.UnitTestAdapter" className="UnitTests.iCore.Runtime.Wsmq.WsmqMessageTests" name="ReadChar_DataExists_ReturnsExpectedChar" />
    </UnitTest>
    <UnitTest name="ReadChars_NoData_ThrowsException" storage="f:\etwork\bin\tests\unittests.icore.runtime.wsmq.dll" id="5b86e1cc-98a6-d8b8-5eab-a8aa9e519ec8">
      <TestCategory>
        <TestCategoryItem TestCategory="WSMQ" />
      </TestCategory>
      <Execution id="b52376b6-d2d3-4f97-a78d-55736d77f0e2" />
      <TestMethod codeBase="F:\ETWork\bin\Tests\UnitTests.iCore.Runtime.Wsmq.dll" adapterTypeName="Microsoft.VisualStudio.TestTools.TestTypes.Unit.UnitTestAdapter" className="UnitTests.iCore.Runtime.Wsmq.WsmqMessageTests" name="ReadChars_NoData_ThrowsException" />
    </UnitTest>
    <UnitTest name="ReadChars_NegativeCount_ThrowsException" storage="f:\etwork\bin\tests\unittests.icore.runtime.wsmq.dll" id="d56150dd-50a2-e53a-05fe-db4a07a8443c">
      <TestCategory>
        <TestCategoryItem TestCategory="WSMQ" />
      </TestCategory>
      <Execution id="55f7789a-54b5-4c04-b28a-722b95a24260" />
      <TestMethod codeBase="F:\ETWork\bin\Tests\UnitTests.iCore.Runtime.Wsmq.dll" adapterTypeName="Microsoft.VisualStudio.TestTools.TestTypes.Unit.UnitTestAdapter" className="UnitTests.iCore.Runtime.Wsmq.WsmqMessageTests" name="ReadChars_NegativeCount_ThrowsException" />
    </UnitTest>
    <UnitTest name="ReadChars_NotEnoughData_ThrowsException" storage="f:\etwork\bin\tests\unittests.icore.runtime.wsmq.dll" id="167e6bb8-7102-31c2-2c4d-cd3ad70f9c84">
      <TestCategory>
        <TestCategoryItem TestCategory="WSMQ" />
      </TestCategory>
      <Execution id="2981dc07-1641-4e02-83af-cd121424b6da" />
      <TestMethod codeBase="F:\ETWork\bin\Tests\UnitTests.iCore.Runtime.Wsmq.dll" adapterTypeName="Microsoft.VisualStudio.TestTools.TestTypes.Unit.UnitTestAdapter" className="UnitTests.iCore.Runtime.Wsmq.WsmqMessageTests" name="ReadChars_NotEnoughData_ThrowsException" />
    </UnitTest>
    <UnitTest name="ReadChars_HasEnoughData_ReturnsExpectedChars" storage="f:\etwork\bin\tests\unittests.icore.runtime.wsmq.dll" id="903688c7-2a97-3a3a-c79c-a3fb8b8af309">
      <TestCategory>
        <TestCategoryItem TestCategory="WSMQ" />
      </TestCategory>
      <Execution id="103c9620-e0da-4351-93dd-456de0ba415c" />
      <TestMethod codeBase="F:\ETWork\bin\Tests\UnitTests.iCore.Runtime.Wsmq.dll" adapterTypeName="Microsoft.VisualStudio.TestTools.TestTypes.Unit.UnitTestAdapter" className="UnitTests.iCore.Runtime.Wsmq.WsmqMessageTests" name="ReadChars_HasEnoughData_ReturnsExpectedChars" />
    </UnitTest>
    <UnitTest name="ReadString_HasNotData_ReturnsEmptyString" storage="f:\etwork\bin\tests\unittests.icore.runtime.wsmq.dll" id="f32e2eae-63c4-1717-2da1-7837c6d658ca">
      <TestCategory>
        <TestCategoryItem TestCategory="WSMQ" />
      </TestCategory>
      <Execution id="09a414f0-ad2c-4d4d-851f-2fe49e3e631f" />
      <TestMethod codeBase="F:\ETWork\bin\Tests\UnitTests.iCore.Runtime.Wsmq.dll" adapterTypeName="Microsoft.VisualStudio.TestTools.TestTypes.Unit.UnitTestAdapter" className="UnitTests.iCore.Runtime.Wsmq.WsmqMessageTests" name="ReadString_HasNotData_ReturnsEmptyString" />
    </UnitTest>
    <UnitTest name="ReadString_HasDataAndMaxBytesZero_ReturnsEmptyString" storage="f:\etwork\bin\tests\unittests.icore.runtime.wsmq.dll" id="cce3e222-0d64-d0ea-6103-bd0c70cd560a">
      <TestCategory>
        <TestCategoryItem TestCategory="WSMQ" />
      </TestCategory>
      <Execution id="f28acb3b-ac96-4491-9590-1ac0c34c8755" />
      <TestMethod codeBase="F:\ETWork\bin\Tests\UnitTests.iCore.Runtime.Wsmq.dll" adapterTypeName="Microsoft.VisualStudio.TestTools.TestTypes.Unit.UnitTestAdapter" className="UnitTests.iCore.Runtime.Wsmq.WsmqMessageTests" name="ReadString_HasDataAndMaxBytesZero_ReturnsEmptyString" />
    </UnitTest>
    <UnitTest name="ReadString_HasDataAndMaxBytesLargerThanDataSize_ReturnsString" storage="f:\etwork\bin\tests\unittests.icore.runtime.wsmq.dll" id="fbd9affd-05fe-f5e6-f8c5-6a7bf514e5a3">
      <TestCategory>
        <TestCategoryItem TestCategory="WSMQ" />
      </TestCategory>
      <Execution id="36a694d1-4ce1-44d8-9b5e-b150c4908fa3" />
      <TestMethod codeBase="F:\ETWork\bin\Tests\UnitTests.iCore.Runtime.Wsmq.dll" adapterTypeName="Microsoft.VisualStudio.TestTools.TestTypes.Unit.UnitTestAdapter" className="UnitTests.iCore.Runtime.Wsmq.WsmqMessageTests" name="ReadString_HasDataAndMaxBytesLargerThanDataSize_ReturnsString" />
    </UnitTest>
    <UnitTest name="Seek_NoData_ThrowsArgumentOutOfRangeException" storage="f:\etwork\bin\tests\unittests.icore.runtime.wsmq.dll" id="51205705-8603-e058-0805-10627b38417c">
      <TestCategory>
        <TestCategoryItem TestCategory="WSMQ" />
      </TestCategory>
      <Execution id="90f11a94-ea61-487e-89c1-0fc7af309dee" />
      <TestMethod codeBase="F:\ETWork\bin\Tests\UnitTests.iCore.Runtime.Wsmq.dll" adapterTypeName="Microsoft.VisualStudio.TestTools.TestTypes.Unit.UnitTestAdapter" className="UnitTests.iCore.Runtime.Wsmq.WsmqMessageTests" name="Seek_NoData_ThrowsArgumentOutOfRangeException" />
    </UnitTest>
    <UnitTest name="Seek_HasDataAndPositionWithinData_SetsPosition" storage="f:\etwork\bin\tests\unittests.icore.runtime.wsmq.dll" id="124359d7-e55a-c1d3-e635-a28e73a72cb1">
      <TestCategory>
        <TestCategoryItem TestCategory="WSMQ" />
      </TestCategory>
      <Execution id="f4dc81c3-9009-4624-9e87-9bc2d1d00912" />
      <TestMethod codeBase="F:\ETWork\bin\Tests\UnitTests.iCore.Runtime.Wsmq.dll" adapterTypeName="Microsoft.VisualStudio.TestTools.TestTypes.Unit.UnitTestAdapter" className="UnitTests.iCore.Runtime.Wsmq.WsmqMessageTests" name="Seek_HasDataAndPositionWithinData_SetsPosition" />
    </UnitTest>
    <UnitTest name="Seek_HasDataAndPositionZero_SetsPosition" storage="f:\etwork\bin\tests\unittests.icore.runtime.wsmq.dll" id="a17e84ef-b8a2-1ebc-6e9e-848cc6228497">
      <TestCategory>
        <TestCategoryItem TestCategory="WSMQ" />
      </TestCategory>
      <Execution id="afff290a-38c3-4897-a72f-df8f6422e254" />
      <TestMethod codeBase="F:\ETWork\bin\Tests\UnitTests.iCore.Runtime.Wsmq.dll" adapterTypeName="Microsoft.VisualStudio.TestTools.TestTypes.Unit.UnitTestAdapter" className="UnitTests.iCore.Runtime.Wsmq.WsmqMessageTests" name="Seek_HasDataAndPositionZero_SetsPosition" />
    </UnitTest>
    <UnitTest name="Seek_NegativePosition_ThrowsArgumentOutOfRangeException" storage="f:\etwork\bin\tests\unittests.icore.runtime.wsmq.dll" id="5229aa05-8801-d23f-49c5-27106879c676">
      <TestCategory>
        <TestCategoryItem TestCategory="WSMQ" />
      </TestCategory>
      <Execution id="81a05658-e145-4522-94d9-9bccca23fae3" />
      <TestMethod codeBase="F:\ETWork\bin\Tests\UnitTests.iCore.Runtime.Wsmq.dll" adapterTypeName="Microsoft.VisualStudio.TestTools.TestTypes.Unit.UnitTestAdapter" className="UnitTests.iCore.Runtime.Wsmq.WsmqMessageTests" name="Seek_NegativePosition_ThrowsArgumentOutOfRangeException" />
    </UnitTest>
    <UnitTest name="Seek_HasDataAndPositionLargerThanSizeOfData_ThrowsArgumentOutOfRangeException" storage="f:\etwork\bin\tests\unittests.icore.runtime.wsmq.dll" id="83908ad5-30c4-2a6d-980a-e86eecf836b1">
      <TestCategory>
        <TestCategoryItem TestCategory="WSMQ" />
      </TestCategory>
      <Execution id="1683ef9e-757e-4d1a-a142-aa5bb72c9981" />
      <TestMethod codeBase="F:\ETWork\bin\Tests\UnitTests.iCore.Runtime.Wsmq.dll" adapterTypeName="Microsoft.VisualStudio.TestTools.TestTypes.Unit.UnitTestAdapter" className="UnitTests.iCore.Runtime.Wsmq.WsmqMessageTests" name="Seek_HasDataAndPositionLargerThanSizeOfData_ThrowsArgumentOutOfRangeException" />
    </UnitTest>
    <UnitTest name="WriteBytes_SourceStartPosIsNegative_ThrowsException" storage="f:\etwork\bin\tests\unittests.icore.runtime.wsmq.dll" id="e35dfb3a-d9e1-8b0a-84d6-124ff49f48cd">
      <TestCategory>
        <TestCategoryItem TestCategory="WSMQ" />
      </TestCategory>
      <Execution id="31910d3a-b848-4e28-82e1-c3786d629df7" />
      <TestMethod codeBase="F:\ETWork\bin\Tests\UnitTests.iCore.Runtime.Wsmq.dll" adapterTypeName="Microsoft.VisualStudio.TestTools.TestTypes.Unit.UnitTestAdapter" className="UnitTests.iCore.Runtime.Wsmq.WsmqMessageTests" name="WriteBytes_SourceStartPosIsNegative_ThrowsException" />
    </UnitTest>
    <UnitTest name="WriteBytes_PosistionIsZeroAndBytesToWriteIsDataLength_WriteAllData" storage="f:\etwork\bin\tests\unittests.icore.runtime.wsmq.dll" id="f66cfa31-b812-fb74-30ba-02e8fe4f2d95">
      <TestCategory>
        <TestCategoryItem TestCategory="WSMQ" />
      </TestCategory>
      <Execution id="712d2423-181c-447c-9244-4eb6a3a31104" />
      <TestMethod codeBase="F:\ETWork\bin\Tests\UnitTests.iCore.Runtime.Wsmq.dll" adapterTypeName="Microsoft.VisualStudio.TestTools.TestTypes.Unit.UnitTestAdapter" className="UnitTests.iCore.Runtime.Wsmq.WsmqMessageTests" name="WriteBytes_PosistionIsZeroAndBytesToWriteIsDataLength_WriteAllData" />
    </UnitTest>
    <UnitTest name="WriteBytes_PosistionIsHalfOfDataSizeAndBytesToWriteIsDataLength_WriteSecondHalfOfData" storage="f:\etwork\bin\tests\unittests.icore.runtime.wsmq.dll" id="a051a8f0-be0f-b57a-ef46-f493055d73a4">
      <TestCategory>
        <TestCategoryItem TestCategory="WSMQ" />
      </TestCategory>
      <Execution id="11a2983d-5074-4962-b5b0-87799741c54c" />
      <TestMethod codeBase="F:\ETWork\bin\Tests\UnitTests.iCore.Runtime.Wsmq.dll" adapterTypeName="Microsoft.VisualStudio.TestTools.TestTypes.Unit.UnitTestAdapter" className="UnitTests.iCore.Runtime.Wsmq.WsmqMessageTests" name="WriteBytes_PosistionIsHalfOfDataSizeAndBytesToWriteIsDataLength_WriteSecondHalfOfData" />
    </UnitTest>
    <UnitTest name="WriteBytes_PosistionIsZeroAndBytesToWriteIsHalfOfDataLength_WriteFirstHalfOfData" storage="f:\etwork\bin\tests\unittests.icore.runtime.wsmq.dll" id="0537904e-6714-8bcc-02fd-6e75c4beb198">
      <TestCategory>
        <TestCategoryItem TestCategory="WSMQ" />
      </TestCategory>
      <Execution id="812b3271-5232-48a3-adf1-8a2ce13c592b" />
      <TestMethod codeBase="F:\ETWork\bin\Tests\UnitTests.iCore.Runtime.Wsmq.dll" adapterTypeName="Microsoft.VisualStudio.TestTools.TestTypes.Unit.UnitTestAdapter" className="UnitTests.iCore.Runtime.Wsmq.WsmqMessageTests" name="WriteBytes_PosistionIsZeroAndBytesToWriteIsHalfOfDataLength_WriteFirstHalfOfData" />
    </UnitTest>
    <UnitTest name="WriteStream_StreamIsNull_ThrowsArgumentNullException" storage="f:\etwork\bin\tests\unittests.icore.runtime.wsmq.dll" id="2510c6ac-660c-4b9b-6b83-6251d2bcbda2">
      <TestCategory>
        <TestCategoryItem TestCategory="WSMQ" />
      </TestCategory>
      <Execution id="48edff4e-1967-4409-b120-bd65c049c9e3" />
      <TestMethod codeBase="F:\ETWork\bin\Tests\UnitTests.iCore.Runtime.Wsmq.dll" adapterTypeName="Microsoft.VisualStudio.TestTools.TestTypes.Unit.UnitTestAdapter" className="UnitTests.iCore.Runtime.Wsmq.WsmqMessageTests" name="WriteStream_StreamIsNull_ThrowsArgumentNullException" />
    </UnitTest>
    <UnitTest name="WriteStream_StreamHasData_DataWrittenToMessage" storage="f:\etwork\bin\tests\unittests.icore.runtime.wsmq.dll" id="41b7f7ac-bdc8-bba9-d0a0-fb7bd14c908b">
      <TestCategory>
        <TestCategoryItem TestCategory="WSMQ" />
      </TestCategory>
      <Execution id="aed73ad2-d7e2-4f13-a22f-d4b8519b6afb" />
      <TestMethod codeBase="F:\ETWork\bin\Tests\UnitTests.iCore.Runtime.Wsmq.dll" adapterTypeName="Microsoft.VisualStudio.TestTools.TestTypes.Unit.UnitTestAdapter" className="UnitTests.iCore.Runtime.Wsmq.WsmqMessageTests" name="WriteStream_StreamHasData_DataWrittenToMessage" />
    </UnitTest>
    <UnitTest name="WriteString_NullString_ThrowsException" storage="f:\etwork\bin\tests\unittests.icore.runtime.wsmq.dll" id="c0fdf030-ae28-c27c-8aec-e92ae855b730">
      <TestCategory>
        <TestCategoryItem TestCategory="WSMQ" />
      </TestCategory>
      <Execution id="de2a215e-5979-40c9-9e37-d604bfe49f6f" />
      <TestMethod codeBase="F:\ETWork\bin\Tests\UnitTests.iCore.Runtime.Wsmq.dll" adapterTypeName="Microsoft.VisualStudio.TestTools.TestTypes.Unit.UnitTestAdapter" className="UnitTests.iCore.Runtime.Wsmq.WsmqMessageTests" name="WriteString_NullString_ThrowsException" />
    </UnitTest>
    <UnitTest name="WriteString_ValidStringAndIncludeNullTrue_IncludesNullCharacterInString" storage="f:\etwork\bin\tests\unittests.icore.runtime.wsmq.dll" id="ad07453c-2706-9025-4237-9bccbe6abc8d">
      <TestCategory>
        <TestCategoryItem TestCategory="WSMQ" />
      </TestCategory>
      <Execution id="bc45ca3b-5335-429a-8fb3-83355d2cace6" />
      <TestMethod codeBase="F:\ETWork\bin\Tests\UnitTests.iCore.Runtime.Wsmq.dll" adapterTypeName="Microsoft.VisualStudio.TestTools.TestTypes.Unit.UnitTestAdapter" className="UnitTests.iCore.Runtime.Wsmq.WsmqMessageTests" name="WriteString_ValidStringAndIncludeNullTrue_IncludesNullCharacterInString" />
    </UnitTest>
    <UnitTest name="WriteString_ValidStringAndIncludeNullFalse_WritesStringWithoutNullCharacter" storage="f:\etwork\bin\tests\unittests.icore.runtime.wsmq.dll" id="d33f2829-c35e-069b-fd35-d268adac2eca">
      <TestCategory>
        <TestCategoryItem TestCategory="WSMQ" />
      </TestCategory>
      <Execution id="5cfe9a5b-0822-4824-bcd2-75ca4fdab860" />
      <TestMethod codeBase="F:\ETWork\bin\Tests\UnitTests.iCore.Runtime.Wsmq.dll" adapterTypeName="Microsoft.VisualStudio.TestTools.TestTypes.Unit.UnitTestAdapter" className="UnitTests.iCore.Runtime.Wsmq.WsmqMessageTests" name="WriteString_ValidStringAndIncludeNullFalse_WritesStringWithoutNullCharacter" />
    </UnitTest>
    <UnitTest name="ReadRFHHeader_NoData_ThrowsException" storage="f:\etwork\bin\tests\unittests.icore.runtime.wsmq.dll" id="e365c34e-42b5-8620-bb78-8f52c7c066cd">
      <TestCategory>
        <TestCategoryItem TestCategory="WSMQ" />
      </TestCategory>
      <Execution id="e94063cc-25da-4f31-9e87-b50b73f6b555" />
      <TestMethod codeBase="F:\ETWork\bin\Tests\UnitTests.iCore.Runtime.Wsmq.dll" adapterTypeName="Microsoft.VisualStudio.TestTools.TestTypes.Unit.UnitTestAdapter" className="UnitTests.iCore.Runtime.Wsmq.WsmqMessageTests" name="ReadRFHHeader_NoData_ThrowsException" />
    </UnitTest>
    <UnitTest name="ReadRFHHeader_NoEnoughDataLeftForHeader_ThrowsException" storage="f:\etwork\bin\tests\unittests.icore.runtime.wsmq.dll" id="fc871cfa-cc66-d746-1d85-1911eaaa1b04">
      <TestCategory>
        <TestCategoryItem TestCategory="WSMQ" />
      </TestCategory>
      <Execution id="f4848f29-e98d-423d-8e19-edf9b12cb77f" />
      <TestMethod codeBase="F:\ETWork\bin\Tests\UnitTests.iCore.Runtime.Wsmq.dll" adapterTypeName="Microsoft.VisualStudio.TestTools.TestTypes.Unit.UnitTestAdapter" className="UnitTests.iCore.Runtime.Wsmq.WsmqMessageTests" name="ReadRFHHeader_NoEnoughDataLeftForHeader_ThrowsException" />
    </UnitTest>
    <UnitTest name="ReadRFHHeader_HasEnoughDataForHeader_ReturnsHeader" storage="f:\etwork\bin\tests\unittests.icore.runtime.wsmq.dll" id="e2eb2d5b-42b1-2945-0d05-e68c7606954a">
      <TestCategory>
        <TestCategoryItem TestCategory="WSMQ" />
      </TestCategory>
      <Execution id="1cf7f74f-2248-4ecd-8801-d1548b97fbf8" />
      <TestMethod codeBase="F:\ETWork\bin\Tests\UnitTests.iCore.Runtime.Wsmq.dll" adapterTypeName="Microsoft.VisualStudio.TestTools.TestTypes.Unit.UnitTestAdapter" className="UnitTests.iCore.Runtime.Wsmq.WsmqMessageTests" name="ReadRFHHeader_HasEnoughDataForHeader_ReturnsHeader" />
    </UnitTest>
    <UnitTest name="ReadRFH2Header_NoData_ThrowsException" storage="f:\etwork\bin\tests\unittests.icore.runtime.wsmq.dll" id="0a3cd2e7-f7de-d1ce-ede2-f86bb53939cf">
      <TestCategory>
        <TestCategoryItem TestCategory="WSMQ" />
      </TestCategory>
      <Execution id="852d39fc-d911-4ff8-9800-40e398270810" />
      <TestMethod codeBase="F:\ETWork\bin\Tests\UnitTests.iCore.Runtime.Wsmq.dll" adapterTypeName="Microsoft.VisualStudio.TestTools.TestTypes.Unit.UnitTestAdapter" className="UnitTests.iCore.Runtime.Wsmq.WsmqMessageTests" name="ReadRFH2Header_NoData_ThrowsException" />
    </UnitTest>
    <UnitTest name="ReadRFH2Header_NoEnoughDataLeftForHeader_ThrowsException" storage="f:\etwork\bin\tests\unittests.icore.runtime.wsmq.dll" id="175f4366-12a6-ed41-1936-0fd233feed8b">
      <TestCategory>
        <TestCategoryItem TestCategory="WSMQ" />
      </TestCategory>
      <Execution id="6902c68b-b5e2-4cc7-bbf1-961cb20231e1" />
      <TestMethod codeBase="F:\ETWork\bin\Tests\UnitTests.iCore.Runtime.Wsmq.dll" adapterTypeName="Microsoft.VisualStudio.TestTools.TestTypes.Unit.UnitTestAdapter" className="UnitTests.iCore.Runtime.Wsmq.WsmqMessageTests" name="ReadRFH2Header_NoEnoughDataLeftForHeader_ThrowsException" />
    </UnitTest>
    <UnitTest name="ReadRFH2Header_HasEnoughDataForHeader_ReturnsHeader" storage="f:\etwork\bin\tests\unittests.icore.runtime.wsmq.dll" id="aff983e4-b114-b059-db72-80b41581c470">
      <TestCategory>
        <TestCategoryItem TestCategory="WSMQ" />
      </TestCategory>
      <Execution id="8cd481b7-c023-4e90-b9ae-e4af0f51d449" />
      <TestMethod codeBase="F:\ETWork\bin\Tests\UnitTests.iCore.Runtime.Wsmq.dll" adapterTypeName="Microsoft.VisualStudio.TestTools.TestTypes.Unit.UnitTestAdapter" className="UnitTests.iCore.Runtime.Wsmq.WsmqMessageTests" name="ReadRFH2Header_HasEnoughDataForHeader_ReturnsHeader" />
    </UnitTest>
    <UnitTest name="ReadRFH2NameValueData_HaveNotReadRFH2Header_ThrowsException" storage="f:\etwork\bin\tests\unittests.icore.runtime.wsmq.dll" id="afe123c6-4538-2941-3bd4-095fd8c264ca">
      <TestCategory>
        <TestCategoryItem TestCategory="WSMQ" />
      </TestCategory>
      <Execution id="a5168a83-14b1-4347-acc3-9fd4451589fe" />
      <TestMethod codeBase="F:\ETWork\bin\Tests\UnitTests.iCore.Runtime.Wsmq.dll" adapterTypeName="Microsoft.VisualStudio.TestTools.TestTypes.Unit.UnitTestAdapter" className="UnitTests.iCore.Runtime.Wsmq.WsmqMessageTests" name="ReadRFH2NameValueData_HaveNotReadRFH2Header_ThrowsException" />
    </UnitTest>
    <UnitTest name="ReadRFH2NameValueData_HaveReadRFHHeader_ThrowsException" storage="f:\etwork\bin\tests\unittests.icore.runtime.wsmq.dll" id="cd831ef2-0c4d-f4da-3ff2-46e627bb1148">
      <TestCategory>
        <TestCategoryItem TestCategory="WSMQ" />
      </TestCategory>
      <Execution id="8e758c63-3087-4a20-b688-2cfd59e6d3ca" />
      <TestMethod codeBase="F:\ETWork\bin\Tests\UnitTests.iCore.Runtime.Wsmq.dll" adapterTypeName="Microsoft.VisualStudio.TestTools.TestTypes.Unit.UnitTestAdapter" className="UnitTests.iCore.Runtime.Wsmq.WsmqMessageTests" name="ReadRFH2NameValueData_HaveReadRFHHeader_ThrowsException" />
    </UnitTest>
    <UnitTest name="ReadRFH2NameValueData_HaveReadRFH2HeaderButNoMoreDataExists_ThrowsException" storage="f:\etwork\bin\tests\unittests.icore.runtime.wsmq.dll" id="5054b331-eec9-95db-411f-59b78f5be04c">
      <TestCategory>
        <TestCategoryItem TestCategory="WSMQ" />
      </TestCategory>
      <Execution id="c1b7ab09-75cd-4aea-8304-412d317a600b" />
      <TestMethod codeBase="F:\ETWork\bin\Tests\UnitTests.iCore.Runtime.Wsmq.dll" adapterTypeName="Microsoft.VisualStudio.TestTools.TestTypes.Unit.UnitTestAdapter" className="UnitTests.iCore.Runtime.Wsmq.WsmqMessageTests" name="ReadRFH2NameValueData_HaveReadRFH2HeaderButNoMoreDataExists_ThrowsException" />
    </UnitTest>
    <UnitTest name="ReadRFH2NameValueData_HaveReadRFH2HeaderMoreDataExistsButStructLengthIsOnlyForHeader_ThrowsException" storage="f:\etwork\bin\tests\unittests.icore.runtime.wsmq.dll" id="c7fb8d92-3836-d2cc-ae93-7bf3703d8daa">
      <TestCategory>
        <TestCategoryItem TestCategory="WSMQ" />
      </TestCategory>
      <Execution id="ad0ac6ee-b2a8-4f23-8e75-873229d1d4af" />
      <TestMethod codeBase="F:\ETWork\bin\Tests\UnitTests.iCore.Runtime.Wsmq.dll" adapterTypeName="Microsoft.VisualStudio.TestTools.TestTypes.Unit.UnitTestAdapter" className="UnitTests.iCore.Runtime.Wsmq.WsmqMessageTests" name="ReadRFH2NameValueData_HaveReadRFH2HeaderMoreDataExistsButStructLengthIsOnlyForHeader_ThrowsException" />
    </UnitTest>
    <UnitTest name="ReadRFH2NameValueData_HaveReadRFH2HeaderMoreDataExistsAndStructLengthIsLongerThanHeader_ReturnsNameValueData" storage="f:\etwork\bin\tests\unittests.icore.runtime.wsmq.dll" id="047bd362-df27-1e4a-af4b-eac305cc5d6d">
      <TestCategory>
        <TestCategoryItem TestCategory="WSMQ" />
      </TestCategory>
      <Execution id="ad53a4b8-0058-4ebf-901c-a3307a18381c" />
      <TestMethod codeBase="F:\ETWork\bin\Tests\UnitTests.iCore.Runtime.Wsmq.dll" adapterTypeName="Microsoft.VisualStudio.TestTools.TestTypes.Unit.UnitTestAdapter" className="UnitTests.iCore.Runtime.Wsmq.WsmqMessageTests" name="ReadRFH2NameValueData_HaveReadRFH2HeaderMoreDataExistsAndStructLengthIsLongerThanHeader_ReturnsNameValueData" />
    </UnitTest>
    <UnitTest name="ReadRFH2NameValueData_ValidNameValueDataHeaderStartPositionIsNotZero_ReturnsNameValueData" storage="f:\etwork\bin\tests\unittests.icore.runtime.wsmq.dll" id="165b45f6-5de6-8ee2-564e-bbd7e1cc2619">
      <TestCategory>
        <TestCategoryItem TestCategory="WSMQ" />
      </TestCategory>
      <Execution id="d95efff4-d9f5-4eb4-bb85-024df688b59a" />
      <TestMethod codeBase="F:\ETWork\bin\Tests\UnitTests.iCore.Runtime.Wsmq.dll" adapterTypeName="Microsoft.VisualStudio.TestTools.TestTypes.Unit.UnitTestAdapter" className="UnitTests.iCore.Runtime.Wsmq.WsmqMessageTests" name="ReadRFH2NameValueData_ValidNameValueDataHeaderStartPositionIsNotZero_ReturnsNameValueData" />
    </UnitTest>
    <UnitTest name="ReadRFH2NameValueData_OneSuccessfulReadButNotMoreNameValueData_HasMoreNameValueDataIsFalse" storage="f:\etwork\bin\tests\unittests.icore.runtime.wsmq.dll" id="93079dd7-6b97-b0c4-0a98-5077c1c09770">
      <TestCategory>
        <TestCategoryItem TestCategory="WSMQ" />
      </TestCategory>
      <Execution id="1c2fc05e-4261-407f-93d8-5ef183c09a14" />
      <TestMethod codeBase="F:\ETWork\bin\Tests\UnitTests.iCore.Runtime.Wsmq.dll" adapterTypeName="Microsoft.VisualStudio.TestTools.TestTypes.Unit.UnitTestAdapter" className="UnitTests.iCore.Runtime.Wsmq.WsmqMessageTests" name="ReadRFH2NameValueData_OneSuccessfulReadButNotMoreNameValueData_HasMoreNameValueDataIsFalse" />
    </UnitTest>
    <UnitTest name="ReadRFH2NameValueData_OneSuccessfulReadAndHasMoreNameValueData_HasMoreNameValueDataIsTrue" storage="f:\etwork\bin\tests\unittests.icore.runtime.wsmq.dll" id="8fbf530d-c7b4-fba0-c88d-c3f6e4d939d7">
      <TestCategory>
        <TestCategoryItem TestCategory="WSMQ" />
      </TestCategory>
      <Execution id="72c77bce-b76a-4b81-bb1f-fd7a7a7e8e53" />
      <TestMethod codeBase="F:\ETWork\bin\Tests\UnitTests.iCore.Runtime.Wsmq.dll" adapterTypeName="Microsoft.VisualStudio.TestTools.TestTypes.Unit.UnitTestAdapter" className="UnitTests.iCore.Runtime.Wsmq.WsmqMessageTests" name="ReadRFH2NameValueData_OneSuccessfulReadAndHasMoreNameValueData_HasMoreNameValueDataIsTrue" />
    </UnitTest>
    <UnitTest name="ReadRFH2NameValueData_NameValueDataHasPadding_PaddingIsNotTrimmed" storage="f:\etwork\bin\tests\unittests.icore.runtime.wsmq.dll" id="20cb159b-4192-0926-f8da-63c9e67526b0">
      <TestCategory>
        <TestCategoryItem TestCategory="WSMQ" />
      </TestCategory>
      <Execution id="ff673e74-9952-4b84-a63d-bff85446e01a" />
      <TestMethod codeBase="F:\ETWork\bin\Tests\UnitTests.iCore.Runtime.Wsmq.dll" adapterTypeName="Microsoft.VisualStudio.TestTools.TestTypes.Unit.UnitTestAdapter" className="UnitTests.iCore.Runtime.Wsmq.WsmqMessageTests" name="ReadRFH2NameValueData_NameValueDataHasPadding_PaddingIsNotTrimmed" />
    </UnitTest>
    <UnitTest name="WriteRFH_ValidInput_FlagsIsSetToNone" storage="f:\etwork\bin\tests\unittests.icore.runtime.wsmq.dll" id="b4ee73de-b47f-3cae-26e1-9cf17c48c6ec">
      <TestCategory>
        <TestCategoryItem TestCategory="WSMQ" />
      </TestCategory>
      <Execution id="c322bc3a-be4d-4287-9d4c-81285bbd5056" />
      <TestMethod codeBase="F:\ETWork\bin\Tests\UnitTests.iCore.Runtime.Wsmq.dll" adapterTypeName="Microsoft.VisualStudio.TestTools.TestTypes.Unit.UnitTestAdapter" className="UnitTests.iCore.Runtime.Wsmq.WsmqMessageTests" name="WriteRFH_ValidInput_FlagsIsSetToNone" />
    </UnitTest>
    <UnitTest name="WriteRFH_ValidInput_CodedCharSetIdIsSetToDataCodePage" storage="f:\etwork\bin\tests\unittests.icore.runtime.wsmq.dll" id="69ce65ee-0561-7059-4057-5877f3977e57">
      <TestCategory>
        <TestCategoryItem TestCategory="WSMQ" />
      </TestCategory>
      <Execution id="028fafff-89fe-4541-a441-2ebe1c0932d1" />
      <TestMethod codeBase="F:\ETWork\bin\Tests\UnitTests.iCore.Runtime.Wsmq.dll" adapterTypeName="Microsoft.VisualStudio.TestTools.TestTypes.Unit.UnitTestAdapter" className="UnitTests.iCore.Runtime.Wsmq.WsmqMessageTests" name="WriteRFH_ValidInput_CodedCharSetIdIsSetToDataCodePage" />
    </UnitTest>
    <UnitTest name="WriteRFH_ValidInput_FormatIsSetToDataFormat" storage="f:\etwork\bin\tests\unittests.icore.runtime.wsmq.dll" id="60a2658c-ca95-72f4-55fe-8591421f2f3c">
      <TestCategory>
        <TestCategoryItem TestCategory="WSMQ" />
      </TestCategory>
      <Execution id="47fa8a1d-d9ec-49f7-a860-55bd3b19b422" />
      <TestMethod codeBase="F:\ETWork\bin\Tests\UnitTests.iCore.Runtime.Wsmq.dll" adapterTypeName="Microsoft.VisualStudio.TestTools.TestTypes.Unit.UnitTestAdapter" className="UnitTests.iCore.Runtime.Wsmq.WsmqMessageTests" name="WriteRFH_ValidInput_FormatIsSetToDataFormat" />
    </UnitTest>
    <UnitTest name="WriteRFH_ValidInput_SerializesWithRFH2CodePage" storage="f:\etwork\bin\tests\unittests.icore.runtime.wsmq.dll" id="196669da-bbfa-8322-7bde-96b9ca77ebfd">
      <TestCategory>
        <TestCategoryItem TestCategory="WSMQ" />
      </TestCategory>
      <Execution id="a4dcc45c-19ad-4548-9c44-e4c37b477b1f" />
      <TestMethod codeBase="F:\ETWork\bin\Tests\UnitTests.iCore.Runtime.Wsmq.dll" adapterTypeName="Microsoft.VisualStudio.TestTools.TestTypes.Unit.UnitTestAdapter" className="UnitTests.iCore.Runtime.Wsmq.WsmqMessageTests" name="WriteRFH_ValidInput_SerializesWithRFH2CodePage" />
    </UnitTest>
    <UnitTest name="WriteRFH_ValidInput_NameValueDataIsSetToNameValueDataInput" storage="f:\etwork\bin\tests\unittests.icore.runtime.wsmq.dll" id="fc2167d6-14bd-facb-0a35-da9a244cc117">
      <TestCategory>
        <TestCategoryItem TestCategory="WSMQ" />
      </TestCategory>
      <Execution id="d48d22e0-166a-4b7e-8f66-d5c68a606452" />
      <TestMethod codeBase="F:\ETWork\bin\Tests\UnitTests.iCore.Runtime.Wsmq.dll" adapterTypeName="Microsoft.VisualStudio.TestTools.TestTypes.Unit.UnitTestAdapter" className="UnitTests.iCore.Runtime.Wsmq.WsmqMessageTests" name="WriteRFH_ValidInput_NameValueDataIsSetToNameValueDataInput" />
    </UnitTest>
    <UnitTest name="WriteRFH_ValidInput_WritesHeaderToMessage" storage="f:\etwork\bin\tests\unittests.icore.runtime.wsmq.dll" id="00075fa3-a71f-0182-430e-2a1f579dc758">
      <TestCategory>
        <TestCategoryItem TestCategory="WSMQ" />
      </TestCategory>
      <Execution id="94309e8e-bdfe-4bb2-ae1f-524f38a9fa5d" />
      <TestMethod codeBase="F:\ETWork\bin\Tests\UnitTests.iCore.Runtime.Wsmq.dll" adapterTypeName="Microsoft.VisualStudio.TestTools.TestTypes.Unit.UnitTestAdapter" className="UnitTests.iCore.Runtime.Wsmq.WsmqMessageTests" name="WriteRFH_ValidInput_WritesHeaderToMessage" />
    </UnitTest>
    <UnitTest name="WriteRFH2_ValidInput_FlagsIsSetToNone" storage="f:\etwork\bin\tests\unittests.icore.runtime.wsmq.dll" id="fe17ef24-bb57-69f1-d79a-351b684a2f9f">
      <TestCategory>
        <TestCategoryItem TestCategory="WSMQ" />
      </TestCategory>
      <Execution id="1d5f4e68-98a4-45b5-a5a4-7ad94232a795" />
      <TestMethod codeBase="F:\ETWork\bin\Tests\UnitTests.iCore.Runtime.Wsmq.dll" adapterTypeName="Microsoft.VisualStudio.TestTools.TestTypes.Unit.UnitTestAdapter" className="UnitTests.iCore.Runtime.Wsmq.WsmqMessageTests" name="WriteRFH2_ValidInput_FlagsIsSetToNone" />
    </UnitTest>
    <UnitTest name="WriteRFH2_ValidInput_NameValueCCSIDIsSetToNameValueCodePage" storage="f:\etwork\bin\tests\unittests.icore.runtime.wsmq.dll" id="afc5059a-3990-da36-edf0-07c70537947b">
      <TestCategory>
        <TestCategoryItem TestCategory="WSMQ" />
      </TestCategory>
      <Execution id="df0d7d0d-9db4-42ab-90b6-27f79d1e4cbe" />
      <TestMethod codeBase="F:\ETWork\bin\Tests\UnitTests.iCore.Runtime.Wsmq.dll" adapterTypeName="Microsoft.VisualStudio.TestTools.TestTypes.Unit.UnitTestAdapter" className="UnitTests.iCore.Runtime.Wsmq.WsmqMessageTests" name="WriteRFH2_ValidInput_NameValueCCSIDIsSetToNameValueCodePage" />
    </UnitTest>
    <UnitTest name="WriteRFH2_ValidInput_CodedCharSetIdIsSetToDataCodePage" storage="f:\etwork\bin\tests\unittests.icore.runtime.wsmq.dll" id="d1e39889-059a-6c68-59c8-9133d236708f">
      <TestCategory>
        <TestCategoryItem TestCategory="WSMQ" />
      </TestCategory>
      <Execution id="3b60df83-e263-4b42-9193-05bb36a405b2" />
      <TestMethod codeBase="F:\ETWork\bin\Tests\UnitTests.iCore.Runtime.Wsmq.dll" adapterTypeName="Microsoft.VisualStudio.TestTools.TestTypes.Unit.UnitTestAdapter" className="UnitTests.iCore.Runtime.Wsmq.WsmqMessageTests" name="WriteRFH2_ValidInput_CodedCharSetIdIsSetToDataCodePage" />
    </UnitTest>
    <UnitTest name="WriteRFH2_ValidInput_FormatIsSetToDataFormat" storage="f:\etwork\bin\tests\unittests.icore.runtime.wsmq.dll" id="cb34b246-bcb4-c8bb-f673-4cd8f90fac71">
      <TestCategory>
        <TestCategoryItem TestCategory="WSMQ" />
      </TestCategory>
      <Execution id="bcd80d60-a2e9-48c7-afa3-27546ef31524" />
      <TestMethod codeBase="F:\ETWork\bin\Tests\UnitTests.iCore.Runtime.Wsmq.dll" adapterTypeName="Microsoft.VisualStudio.TestTools.TestTypes.Unit.UnitTestAdapter" className="UnitTests.iCore.Runtime.Wsmq.WsmqMessageTests" name="WriteRFH2_ValidInput_FormatIsSetToDataFormat" />
    </UnitTest>
    <UnitTest name="WriteRFH2_ValidInput_SerializesWithRFH2CodePage" storage="f:\etwork\bin\tests\unittests.icore.runtime.wsmq.dll" id="fd4bb68f-397b-0c69-fed5-dd129268d5cf">
      <TestCategory>
        <TestCategoryItem TestCategory="WSMQ" />
      </TestCategory>
      <Execution id="07108f89-a8c3-4951-a6bf-f7e161685d6f" />
      <TestMethod codeBase="F:\ETWork\bin\Tests\UnitTests.iCore.Runtime.Wsmq.dll" adapterTypeName="Microsoft.VisualStudio.TestTools.TestTypes.Unit.UnitTestAdapter" className="UnitTests.iCore.Runtime.Wsmq.WsmqMessageTests" name="WriteRFH2_ValidInput_SerializesWithRFH2CodePage" />
    </UnitTest>
    <UnitTest name="CharacterSet_Default_ReturnsUnicode" storage="f:\etwork\bin\tests\unittests.icore.runtime.wsmq.dll" id="48550114-7d9e-5892-8f8f-3020a8e23fa3">
      <TestCategory>
        <TestCategoryItem TestCategory="WSMQ" />
      </TestCategory>
      <Execution id="022d2748-ae34-405e-9f63-e108bf31312a" />
      <TestMethod codeBase="F:\ETWork\bin\Tests\UnitTests.iCore.Runtime.Wsmq.dll" adapterTypeName="Microsoft.VisualStudio.TestTools.TestTypes.Unit.UnitTestAdapter" className="UnitTests.iCore.Runtime.Wsmq.WsmqMessageTests" name="CharacterSet_Default_ReturnsUnicode" />
    </UnitTest>
    <UnitTest name="CharacterSet_NotValidCodePage_GetReturnsValue" storage="f:\etwork\bin\tests\unittests.icore.runtime.wsmq.dll" id="1f505d5d-b023-d069-ab33-37d0831dc012">
      <TestCategory>
        <TestCategoryItem TestCategory="WSMQ" />
      </TestCategory>
      <Execution id="c2e5e884-26b7-4579-bbf2-dee7edb413a6" />
      <TestMethod codeBase="F:\ETWork\bin\Tests\UnitTests.iCore.Runtime.Wsmq.dll" adapterTypeName="Microsoft.VisualStudio.TestTools.TestTypes.Unit.UnitTestAdapter" className="UnitTests.iCore.Runtime.Wsmq.WsmqMessageTests" name="CharacterSet_NotValidCodePage_GetReturnsValue" />
    </UnitTest>
    <UnitTest name="CharacterSet_ValidCodePage_GetReutrnsValue" storage="f:\etwork\bin\tests\unittests.icore.runtime.wsmq.dll" id="5e343290-79d0-15fd-af65-dded0098cc3e">
      <TestCategory>
        <TestCategoryItem TestCategory="WSMQ" />
      </TestCategory>
      <Execution id="246d158b-ddd7-4d97-a9b0-4c6c0503420b" />
      <TestMethod codeBase="F:\ETWork\bin\Tests\UnitTests.iCore.Runtime.Wsmq.dll" adapterTypeName="Microsoft.VisualStudio.TestTools.TestTypes.Unit.UnitTestAdapter" className="UnitTests.iCore.Runtime.Wsmq.WsmqMessageTests" name="CharacterSet_ValidCodePage_GetReutrnsValue" />
    </UnitTest>
    <UnitTest name="CharacterSet_NegativeValue_ThrowsException" storage="f:\etwork\bin\tests\unittests.icore.runtime.wsmq.dll" id="f6890201-f3fe-41e3-72a7-fcde7cee8a03">
      <TestCategory>
        <TestCategoryItem TestCategory="WSMQ" />
      </TestCategory>
      <Execution id="adc3633e-ff87-40f4-95ff-5025e9ad0484" />
      <TestMethod codeBase="F:\ETWork\bin\Tests\UnitTests.iCore.Runtime.Wsmq.dll" adapterTypeName="Microsoft.VisualStudio.TestTools.TestTypes.Unit.UnitTestAdapter" className="UnitTests.iCore.Runtime.Wsmq.WsmqMessageTests" name="CharacterSet_NegativeValue_ThrowsException" />
    </UnitTest>
    <UnitTest name="CompletionCode_Default_ReturnsZero" storage="f:\etwork\bin\tests\unittests.icore.runtime.wsmq.dll" id="5629b724-590a-0650-1f22-cae1746c7973">
      <TestCategory>
        <TestCategoryItem TestCategory="WSMQ" />
      </TestCategory>
      <Execution id="800fbeb0-07b4-447d-8264-794873c3886c" />
      <TestMethod codeBase="F:\ETWork\bin\Tests\UnitTests.iCore.Runtime.Wsmq.dll" adapterTypeName="Microsoft.VisualStudio.TestTools.TestTypes.Unit.UnitTestAdapter" className="UnitTests.iCore.Runtime.Wsmq.WsmqMessageTests" name="CompletionCode_Default_ReturnsZero" />
    </UnitTest>
    <UnitTest name="CorrelationId_Default_ReturnsByteArrayOfLength24" storage="f:\etwork\bin\tests\unittests.icore.runtime.wsmq.dll" id="1b0a93e7-667c-3c90-8e7c-a94523027f57">
      <TestCategory>
        <TestCategoryItem TestCategory="WSMQ" />
      </TestCategory>
      <Execution id="c0359806-093e-4fb5-909d-f5dd474f2338" />
      <TestMethod codeBase="F:\ETWork\bin\Tests\UnitTests.iCore.Runtime.Wsmq.dll" adapterTypeName="Microsoft.VisualStudio.TestTools.TestTypes.Unit.UnitTestAdapter" className="UnitTests.iCore.Runtime.Wsmq.WsmqMessageTests" name="CorrelationId_Default_ReturnsByteArrayOfLength24" />
    </UnitTest>
    <UnitTest name="CorrelationId_SettingEmptyByteArray_ReturnsByteArrayOfLength24" storage="f:\etwork\bin\tests\unittests.icore.runtime.wsmq.dll" id="b9de18dd-5d63-105c-5e44-d47df573459b">
      <TestCategory>
        <TestCategoryItem TestCategory="WSMQ" />
      </TestCategory>
      <Execution id="ea8d2df7-870f-4248-ad10-0ed4866dceec" />
      <TestMethod codeBase="F:\ETWork\bin\Tests\UnitTests.iCore.Runtime.Wsmq.dll" adapterTypeName="Microsoft.VisualStudio.TestTools.TestTypes.Unit.UnitTestAdapter" className="UnitTests.iCore.Runtime.Wsmq.WsmqMessageTests" name="CorrelationId_SettingEmptyByteArray_ReturnsByteArrayOfLength24" />
    </UnitTest>
    <UnitTest name="CorrelationId_SettingNull_ThrowsException" storage="f:\etwork\bin\tests\unittests.icore.runtime.wsmq.dll" id="8414477e-817c-284a-dc2d-d35898f1c772">
      <TestCategory>
        <TestCategoryItem TestCategory="WSMQ" />
      </TestCategory>
      <Execution id="76198e8a-8f2d-463d-9ec3-be9b8eeb5b5f" />
      <TestMethod codeBase="F:\ETWork\bin\Tests\UnitTests.iCore.Runtime.Wsmq.dll" adapterTypeName="Microsoft.VisualStudio.TestTools.TestTypes.Unit.UnitTestAdapter" className="UnitTests.iCore.Runtime.Wsmq.WsmqMessageTests" name="CorrelationId_SettingNull_ThrowsException" />
    </UnitTest>
    <UnitTest name="CorrelationId_SettingByteArrayShorterThan24Bytes_ReturnArrayPlusPadding" storage="f:\etwork\bin\tests\unittests.icore.runtime.wsmq.dll" id="5724a0eb-9cf0-5e2e-aeb5-bedd6664c43e">
      <TestCategory>
        <TestCategoryItem TestCategory="WSMQ" />
      </TestCategory>
      <Execution id="944fcc60-579d-4e5f-880e-b22379377228" />
      <TestMethod codeBase="F:\ETWork\bin\Tests\UnitTests.iCore.Runtime.Wsmq.dll" adapterTypeName="Microsoft.VisualStudio.TestTools.TestTypes.Unit.UnitTestAdapter" className="UnitTests.iCore.Runtime.Wsmq.WsmqMessageTests" name="CorrelationId_SettingByteArrayShorterThan24Bytes_ReturnArrayPlusPadding" />
    </UnitTest>
    <UnitTest name="CorrelationId_SettingByteArrayExtactly24Bytes_ReturnsArrayWithoutPadding" storage="f:\etwork\bin\tests\unittests.icore.runtime.wsmq.dll" id="01029a4d-06f1-06b6-874e-ebd578c6e58f">
      <TestCategory>
        <TestCategoryItem TestCategory="WSMQ" />
      </TestCategory>
      <Execution id="bb077283-7988-401b-bdb7-ec30c48857b0" />
      <TestMethod codeBase="F:\ETWork\bin\Tests\UnitTests.iCore.Runtime.Wsmq.dll" adapterTypeName="Microsoft.VisualStudio.TestTools.TestTypes.Unit.UnitTestAdapter" className="UnitTests.iCore.Runtime.Wsmq.WsmqMessageTests" name="CorrelationId_SettingByteArrayExtactly24Bytes_ReturnsArrayWithoutPadding" />
    </UnitTest>
    <UnitTest name="CorrelationId_SettingByteArrayLongerThan24Bytes_ThrowsArgumentException" storage="f:\etwork\bin\tests\unittests.icore.runtime.wsmq.dll" id="97f29ff8-493e-9938-446f-16e1974f4ebd">
      <TestCategory>
        <TestCategoryItem TestCategory="WSMQ" />
      </TestCategory>
      <Execution id="6ca1d91e-7c90-40a9-ab1d-3c369d2f56c4" />
      <TestMethod codeBase="F:\ETWork\bin\Tests\UnitTests.iCore.Runtime.Wsmq.dll" adapterTypeName="Microsoft.VisualStudio.TestTools.TestTypes.Unit.UnitTestAdapter" className="UnitTests.iCore.Runtime.Wsmq.WsmqMessageTests" name="CorrelationId_SettingByteArrayLongerThan24Bytes_ThrowsArgumentException" />
    </UnitTest>
    <UnitTest name="Expiry_Default_ReturnsZero" storage="f:\etwork\bin\tests\unittests.icore.runtime.wsmq.dll" id="f885d56c-d3de-9435-08f3-15887f4e9ba7">
      <TestCategory>
        <TestCategoryItem TestCategory="WSMQ" />
      </TestCategory>
      <Execution id="ab96f8f7-37d5-4355-b85d-6f1a04519285" />
      <TestMethod codeBase="F:\ETWork\bin\Tests\UnitTests.iCore.Runtime.Wsmq.dll" adapterTypeName="Microsoft.VisualStudio.TestTools.TestTypes.Unit.UnitTestAdapter" className="UnitTests.iCore.Runtime.Wsmq.WsmqMessageTests" name="Expiry_Default_ReturnsZero" />
    </UnitTest>
    <UnitTest name="Feedback_Default_ReturnsZero" storage="f:\etwork\bin\tests\unittests.icore.runtime.wsmq.dll" id="f7546399-2638-e3e9-1ebf-c4918cba8a48">
      <TestCategory>
        <TestCategoryItem TestCategory="WSMQ" />
      </TestCategory>
      <Execution id="35413dd6-e689-41fa-a4c8-3a41fac204ad" />
      <TestMethod codeBase="F:\ETWork\bin\Tests\UnitTests.iCore.Runtime.Wsmq.dll" adapterTypeName="Microsoft.VisualStudio.TestTools.TestTypes.Unit.UnitTestAdapter" className="UnitTests.iCore.Runtime.Wsmq.WsmqMessageTests" name="Feedback_Default_ReturnsZero" />
    </UnitTest>
    <UnitTest name="Flags_Default_ReturnsNone" storage="f:\etwork\bin\tests\unittests.icore.runtime.wsmq.dll" id="86aef52f-0bf6-8785-b333-e383dd321ae5">
      <TestCategory>
        <TestCategoryItem TestCategory="WSMQ" />
      </TestCategory>
      <Execution id="a46397e7-0d5e-40cd-8dee-258780fbc510" />
      <TestMethod codeBase="F:\ETWork\bin\Tests\UnitTests.iCore.Runtime.Wsmq.dll" adapterTypeName="Microsoft.VisualStudio.TestTools.TestTypes.Unit.UnitTestAdapter" className="UnitTests.iCore.Runtime.Wsmq.WsmqMessageTests" name="Flags_Default_ReturnsNone" />
    </UnitTest>
    <UnitTest name="Flags_SegmentationInhibitedSet_ReturnsSetValue" storage="f:\etwork\bin\tests\unittests.icore.runtime.wsmq.dll" id="7c5d16ac-c770-2255-f4df-342867940741">
      <TestCategory>
        <TestCategoryItem TestCategory="WSMQ" />
      </TestCategory>
      <Execution id="95cd8f73-8d9d-45c5-a2c2-6ed12f294e61" />
      <TestMethod codeBase="F:\ETWork\bin\Tests\UnitTests.iCore.Runtime.Wsmq.dll" adapterTypeName="Microsoft.VisualStudio.TestTools.TestTypes.Unit.UnitTestAdapter" className="UnitTests.iCore.Runtime.Wsmq.WsmqMessageTests" name="Flags_SegmentationInhibitedSet_ReturnsSetValue" />
    </UnitTest>
    <UnitTest name="Flags_SegmentationAllowedSet_ReturnsSetValue" storage="f:\etwork\bin\tests\unittests.icore.runtime.wsmq.dll" id="cf77eba4-7244-d956-d467-5e2a99528f18">
      <TestCategory>
        <TestCategoryItem TestCategory="WSMQ" />
      </TestCategory>
      <Execution id="ebeb1541-6bd2-4639-bf05-147def885f35" />
      <TestMethod codeBase="F:\ETWork\bin\Tests\UnitTests.iCore.Runtime.Wsmq.dll" adapterTypeName="Microsoft.VisualStudio.TestTools.TestTypes.Unit.UnitTestAdapter" className="UnitTests.iCore.Runtime.Wsmq.WsmqMessageTests" name="Flags_SegmentationAllowedSet_ReturnsSetValue" />
    </UnitTest>
    <UnitTest name="Flags_SegmentSet_ReturnsSetValue" storage="f:\etwork\bin\tests\unittests.icore.runtime.wsmq.dll" id="65e29663-71a8-c16a-40b7-0d684d259f3b">
      <TestCategory>
        <TestCategoryItem TestCategory="WSMQ" />
      </TestCategory>
      <Execution id="cadc6a98-1e2e-4e18-922c-5c70cbf8324a" />
      <TestMethod codeBase="F:\ETWork\bin\Tests\UnitTests.iCore.Runtime.Wsmq.dll" adapterTypeName="Microsoft.VisualStudio.TestTools.TestTypes.Unit.UnitTestAdapter" className="UnitTests.iCore.Runtime.Wsmq.WsmqMessageTests" name="Flags_SegmentSet_ReturnsSetValue" />
    </UnitTest>
    <UnitTest name="Flags_LastSegmentSet_ReturnsSetValue" storage="f:\etwork\bin\tests\unittests.icore.runtime.wsmq.dll" id="dd3f13ce-ca29-6f06-cfa9-dad41be45c32">
      <TestCategory>
        <TestCategoryItem TestCategory="WSMQ" />
      </TestCategory>
      <Execution id="e2d77a71-2dcc-4c73-ab98-e9d6e89bfc56" />
      <TestMethod codeBase="F:\ETWork\bin\Tests\UnitTests.iCore.Runtime.Wsmq.dll" adapterTypeName="Microsoft.VisualStudio.TestTools.TestTypes.Unit.UnitTestAdapter" className="UnitTests.iCore.Runtime.Wsmq.WsmqMessageTests" name="Flags_LastSegmentSet_ReturnsSetValue" />
    </UnitTest>
    <UnitTest name="Flags_MessageInGroupSet_ReturnsSetValue" storage="f:\etwork\bin\tests\unittests.icore.runtime.wsmq.dll" id="38aa743d-c7a4-c3fe-b172-cbfe805c6555">
      <TestCategory>
        <TestCategoryItem TestCategory="WSMQ" />
      </TestCategory>
      <Execution id="60aecf39-d95b-4b15-b5b9-ff9862275b4e" />
      <TestMethod codeBase="F:\ETWork\bin\Tests\UnitTests.iCore.Runtime.Wsmq.dll" adapterTypeName="Microsoft.VisualStudio.TestTools.TestTypes.Unit.UnitTestAdapter" className="UnitTests.iCore.Runtime.Wsmq.WsmqMessageTests" name="Flags_MessageInGroupSet_ReturnsSetValue" />
    </UnitTest>
    <UnitTest name="Flags_LastMessageInGroupSet_ReturnsSetValue" storage="f:\etwork\bin\tests\unittests.icore.runtime.wsmq.dll" id="3e4c8175-53c2-7511-d553-dc9ecf22ea20">
      <TestCategory>
        <TestCategoryItem TestCategory="WSMQ" />
      </TestCategory>
      <Execution id="d3ca9c91-a823-4d70-944d-82409e160bba" />
      <TestMethod codeBase="F:\ETWork\bin\Tests\UnitTests.iCore.Runtime.Wsmq.dll" adapterTypeName="Microsoft.VisualStudio.TestTools.TestTypes.Unit.UnitTestAdapter" className="UnitTests.iCore.Runtime.Wsmq.WsmqMessageTests" name="Flags_LastMessageInGroupSet_ReturnsSetValue" />
    </UnitTest>
    <UnitTest name="Flags_CombiningTwoFlags_ReturnsSetValue" storage="f:\etwork\bin\tests\unittests.icore.runtime.wsmq.dll" id="ce9a4d25-d632-5295-5b02-c828d0a815ce">
      <TestCategory>
        <TestCategoryItem TestCategory="WSMQ" />
      </TestCategory>
      <Execution id="49663acf-0094-4fc2-9c26-84a91ea015fe" />
      <TestMethod codeBase="F:\ETWork\bin\Tests\UnitTests.iCore.Runtime.Wsmq.dll" adapterTypeName="Microsoft.VisualStudio.TestTools.TestTypes.Unit.UnitTestAdapter" className="UnitTests.iCore.Runtime.Wsmq.WsmqMessageTests" name="Flags_CombiningTwoFlags_ReturnsSetValue" />
    </UnitTest>
    <UnitTest name="Flags_SetTwice_ReturnsLastSetValue" storage="f:\etwork\bin\tests\unittests.icore.runtime.wsmq.dll" id="0287002e-1f46-3e63-127b-6a78b017b315">
      <TestCategory>
        <TestCategoryItem TestCategory="WSMQ" />
      </TestCategory>
      <Execution id="a5061f25-a7af-4ea2-a865-4471c8fef944" />
      <TestMethod codeBase="F:\ETWork\bin\Tests\UnitTests.iCore.Runtime.Wsmq.dll" adapterTypeName="Microsoft.VisualStudio.TestTools.TestTypes.Unit.UnitTestAdapter" className="UnitTests.iCore.Runtime.Wsmq.WsmqMessageTests" name="Flags_SetTwice_ReturnsLastSetValue" />
    </UnitTest>
    <UnitTest name="Format_Default_ReturnsEmptyStringOfLength8" storage="f:\etwork\bin\tests\unittests.icore.runtime.wsmq.dll" id="3ddbde29-5c85-2106-0858-f517afa126f6">
      <TestCategory>
        <TestCategoryItem TestCategory="WSMQ" />
      </TestCategory>
      <Execution id="7061f812-dacd-45fa-82cd-8240083b4478" />
      <TestMethod codeBase="F:\ETWork\bin\Tests\UnitTests.iCore.Runtime.Wsmq.dll" adapterTypeName="Microsoft.VisualStudio.TestTools.TestTypes.Unit.UnitTestAdapter" className="UnitTests.iCore.Runtime.Wsmq.WsmqMessageTests" name="Format_Default_ReturnsEmptyStringOfLength8" />
    </UnitTest>
    <UnitTest name="Format_SetValueWith7Characters_ReturnsValueWithPadding" storage="f:\etwork\bin\tests\unittests.icore.runtime.wsmq.dll" id="18576cbc-9418-0385-f1e2-bf250174e22b">
      <TestCategory>
        <TestCategoryItem TestCategory="WSMQ" />
      </TestCategory>
      <Execution id="f2f47158-a200-4360-9045-7ee2c3ea680d" />
      <TestMethod codeBase="F:\ETWork\bin\Tests\UnitTests.iCore.Runtime.Wsmq.dll" adapterTypeName="Microsoft.VisualStudio.TestTools.TestTypes.Unit.UnitTestAdapter" className="UnitTests.iCore.Runtime.Wsmq.WsmqMessageTests" name="Format_SetValueWith7Characters_ReturnsValueWithPadding" />
    </UnitTest>
    <UnitTest name="Format_SetValueWith8Characters_ReturnsValue" storage="f:\etwork\bin\tests\unittests.icore.runtime.wsmq.dll" id="e28a3298-a0dd-3594-f2dc-2a278a11a432">
      <TestCategory>
        <TestCategoryItem TestCategory="WSMQ" />
      </TestCategory>
      <Execution id="18b77b4e-3ebe-4fbd-b696-503330eb70b6" />
      <TestMethod codeBase="F:\ETWork\bin\Tests\UnitTests.iCore.Runtime.Wsmq.dll" adapterTypeName="Microsoft.VisualStudio.TestTools.TestTypes.Unit.UnitTestAdapter" className="UnitTests.iCore.Runtime.Wsmq.WsmqMessageTests" name="Format_SetValueWith8Characters_ReturnsValue" />
    </UnitTest>
    <UnitTest name="Format_SetValueWith9Characters_ThrowsArgumentOutOfRangeException" storage="f:\etwork\bin\tests\unittests.icore.runtime.wsmq.dll" id="872012e6-b745-1d90-e216-9f915e6814ba">
      <TestCategory>
        <TestCategoryItem TestCategory="WSMQ" />
      </TestCategory>
      <Execution id="4d3e105f-3df7-4d0f-b581-77712d709db1" />
      <TestMethod codeBase="F:\ETWork\bin\Tests\UnitTests.iCore.Runtime.Wsmq.dll" adapterTypeName="Microsoft.VisualStudio.TestTools.TestTypes.Unit.UnitTestAdapter" className="UnitTests.iCore.Runtime.Wsmq.WsmqMessageTests" name="Format_SetValueWith9Characters_ThrowsArgumentOutOfRangeException" />
    </UnitTest>
    <UnitTest name="GroupId_Default_ReturnsByteArrayOfLength24" storage="f:\etwork\bin\tests\unittests.icore.runtime.wsmq.dll" id="dd004544-eb24-a6c7-4120-3a985ce2a529">
      <TestCategory>
        <TestCategoryItem TestCategory="WSMQ" />
      </TestCategory>
      <Execution id="950438ca-4959-44f1-b505-e1988d300528" />
      <TestMethod codeBase="F:\ETWork\bin\Tests\UnitTests.iCore.Runtime.Wsmq.dll" adapterTypeName="Microsoft.VisualStudio.TestTools.TestTypes.Unit.UnitTestAdapter" className="UnitTests.iCore.Runtime.Wsmq.WsmqMessageTests" name="GroupId_Default_ReturnsByteArrayOfLength24" />
    </UnitTest>
    <UnitTest name="GroupId_SettingEmptyByteArray_ReturnsByteArrayOfLength24" storage="f:\etwork\bin\tests\unittests.icore.runtime.wsmq.dll" id="a21e398d-e396-da78-da70-16f3f9247e9f">
      <TestCategory>
        <TestCategoryItem TestCategory="WSMQ" />
      </TestCategory>
      <Execution id="db8af5ff-b9bc-4940-857b-4a04d8cad508" />
      <TestMethod codeBase="F:\ETWork\bin\Tests\UnitTests.iCore.Runtime.Wsmq.dll" adapterTypeName="Microsoft.VisualStudio.TestTools.TestTypes.Unit.UnitTestAdapter" className="UnitTests.iCore.Runtime.Wsmq.WsmqMessageTests" name="GroupId_SettingEmptyByteArray_ReturnsByteArrayOfLength24" />
    </UnitTest>
    <UnitTest name="GroupId_SettingNull_ThrowsException" storage="f:\etwork\bin\tests\unittests.icore.runtime.wsmq.dll" id="6e0b0fa7-a28a-5051-fcfc-0ed66a8b7485">
      <TestCategory>
        <TestCategoryItem TestCategory="WSMQ" />
      </TestCategory>
      <Execution id="d21983d1-b185-4cd5-9e7c-0c94eb75dd92" />
      <TestMethod codeBase="F:\ETWork\bin\Tests\UnitTests.iCore.Runtime.Wsmq.dll" adapterTypeName="Microsoft.VisualStudio.TestTools.TestTypes.Unit.UnitTestAdapter" className="UnitTests.iCore.Runtime.Wsmq.WsmqMessageTests" name="GroupId_SettingNull_ThrowsException" />
    </UnitTest>
    <UnitTest name="GroupId_SettingByteArrayShorterThan24Bytes_ReturnArrayPlusPadding" storage="f:\etwork\bin\tests\unittests.icore.runtime.wsmq.dll" id="6596df47-1373-7f49-4bab-82d0573d4353">
      <TestCategory>
        <TestCategoryItem TestCategory="WSMQ" />
      </TestCategory>
      <Execution id="b8272151-55c9-45d2-af26-27c80c5c2c70" />
      <TestMethod codeBase="F:\ETWork\bin\Tests\UnitTests.iCore.Runtime.Wsmq.dll" adapterTypeName="Microsoft.VisualStudio.TestTools.TestTypes.Unit.UnitTestAdapter" className="UnitTests.iCore.Runtime.Wsmq.WsmqMessageTests" name="GroupId_SettingByteArrayShorterThan24Bytes_ReturnArrayPlusPadding" />
    </UnitTest>
    <UnitTest name="GroupId_SettingByteArrayExtactly24Bytes_ReturnsArrayWithoutPadding" storage="f:\etwork\bin\tests\unittests.icore.runtime.wsmq.dll" id="f7a0a6f2-4a3b-f568-929b-b9805b73bdf7">
      <TestCategory>
        <TestCategoryItem TestCategory="WSMQ" />
      </TestCategory>
      <Execution id="e68953fe-ea87-44b6-b2a2-143e2affd933" />
      <TestMethod codeBase="F:\ETWork\bin\Tests\UnitTests.iCore.Runtime.Wsmq.dll" adapterTypeName="Microsoft.VisualStudio.TestTools.TestTypes.Unit.UnitTestAdapter" className="UnitTests.iCore.Runtime.Wsmq.WsmqMessageTests" name="GroupId_SettingByteArrayExtactly24Bytes_ReturnsArrayWithoutPadding" />
    </UnitTest>
    <UnitTest name="GroupId_SettingByteArrayLongerThan24Bytes_ThrowsArgumentException" storage="f:\etwork\bin\tests\unittests.icore.runtime.wsmq.dll" id="a5db4204-a1cf-db20-d289-be5f67386096">
      <TestCategory>
        <TestCategoryItem TestCategory="WSMQ" />
      </TestCategory>
      <Execution id="c72a163c-5f4e-43fe-8388-960762cd3e25" />
      <TestMethod codeBase="F:\ETWork\bin\Tests\UnitTests.iCore.Runtime.Wsmq.dll" adapterTypeName="Microsoft.VisualStudio.TestTools.TestTypes.Unit.UnitTestAdapter" className="UnitTests.iCore.Runtime.Wsmq.WsmqMessageTests" name="GroupId_SettingByteArrayLongerThan24Bytes_ThrowsArgumentException" />
    </UnitTest>
    <UnitTest name="MessageInGroup_Default_ReturnsFalse" storage="f:\etwork\bin\tests\unittests.icore.runtime.wsmq.dll" id="31600567-ec43-5eef-e1b8-932fff18f80e">
      <TestCategory>
        <TestCategoryItem TestCategory="WSMQ" />
      </TestCategory>
      <Execution id="acfcfd2b-7c86-4de3-a117-8b451e36794d" />
      <TestMethod codeBase="F:\ETWork\bin\Tests\UnitTests.iCore.Runtime.Wsmq.dll" adapterTypeName="Microsoft.VisualStudio.TestTools.TestTypes.Unit.UnitTestAdapter" className="UnitTests.iCore.Runtime.Wsmq.WsmqMessageTests" name="MessageInGroup_Default_ReturnsFalse" />
    </UnitTest>
    <UnitTest name="MessageInGroup_SetFalseAndWasTrue_GetReturnsFalse" storage="f:\etwork\bin\tests\unittests.icore.runtime.wsmq.dll" id="94b669fc-353e-3c22-77e4-1f3a9f4302f5">
      <TestCategory>
        <TestCategoryItem TestCategory="WSMQ" />
      </TestCategory>
      <Execution id="95fa48a3-f30e-489d-a1b0-ccbaba9252cf" />
      <TestMethod codeBase="F:\ETWork\bin\Tests\UnitTests.iCore.Runtime.Wsmq.dll" adapterTypeName="Microsoft.VisualStudio.TestTools.TestTypes.Unit.UnitTestAdapter" className="UnitTests.iCore.Runtime.Wsmq.WsmqMessageTests" name="MessageInGroup_SetFalseAndWasTrue_GetReturnsFalse" />
    </UnitTest>
    <UnitTest name="MessageInGroup_SetFalseAndWasFalse_GetReturnsFalse" storage="f:\etwork\bin\tests\unittests.icore.runtime.wsmq.dll" id="4da4bd80-8a6f-ed94-a82d-b2239c0af6ae">
      <TestCategory>
        <TestCategoryItem TestCategory="WSMQ" />
      </TestCategory>
      <Execution id="4351879f-b3e6-41d1-ba20-c9be4cb4ee9b" />
      <TestMethod codeBase="F:\ETWork\bin\Tests\UnitTests.iCore.Runtime.Wsmq.dll" adapterTypeName="Microsoft.VisualStudio.TestTools.TestTypes.Unit.UnitTestAdapter" className="UnitTests.iCore.Runtime.Wsmq.WsmqMessageTests" name="MessageInGroup_SetFalseAndWasFalse_GetReturnsFalse" />
    </UnitTest>
    <UnitTest name="MessageInGroup_SetTrueAndWasFalse_GetReturnsTrue" storage="f:\etwork\bin\tests\unittests.icore.runtime.wsmq.dll" id="2e0fd8e5-c836-c743-7cac-8a68b638e404">
      <TestCategory>
        <TestCategoryItem TestCategory="WSMQ" />
      </TestCategory>
      <Execution id="c7c8f20d-641b-43d5-a205-247f0c54b3cb" />
      <TestMethod codeBase="F:\ETWork\bin\Tests\UnitTests.iCore.Runtime.Wsmq.dll" adapterTypeName="Microsoft.VisualStudio.TestTools.TestTypes.Unit.UnitTestAdapter" className="UnitTests.iCore.Runtime.Wsmq.WsmqMessageTests" name="MessageInGroup_SetTrueAndWasFalse_GetReturnsTrue" />
    </UnitTest>
    <UnitTest name="MessageInGroup_SetTrueAndWasTrue_GetReturnTrue" storage="f:\etwork\bin\tests\unittests.icore.runtime.wsmq.dll" id="ba505ad2-f112-8c71-877b-b6606b7c4591">
      <TestCategory>
        <TestCategoryItem TestCategory="WSMQ" />
      </TestCategory>
      <Execution id="e49163ff-c61d-4a0f-b322-0079372e4dbe" />
      <TestMethod codeBase="F:\ETWork\bin\Tests\UnitTests.iCore.Runtime.Wsmq.dll" adapterTypeName="Microsoft.VisualStudio.TestTools.TestTypes.Unit.UnitTestAdapter" className="UnitTests.iCore.Runtime.Wsmq.WsmqMessageTests" name="MessageInGroup_SetTrueAndWasTrue_GetReturnTrue" />
    </UnitTest>
    <UnitTest name="MessageInGroup_ForAllMessageFlagsSetToFalseWhenBeingTrue_OtherFlagsAreNotChanged" storage="f:\etwork\bin\tests\unittests.icore.runtime.wsmq.dll" id="f21c19ea-b2f1-08aa-1abc-ef8111a52a30">
      <TestCategory>
        <TestCategoryItem TestCategory="WSMQ" />
      </TestCategory>
      <Execution id="73064e72-9910-4650-b4d4-8a6a73673245" />
      <TestMethod codeBase="F:\ETWork\bin\Tests\UnitTests.iCore.Runtime.Wsmq.dll" adapterTypeName="Microsoft.VisualStudio.TestTools.TestTypes.Unit.UnitTestAdapter" className="UnitTests.iCore.Runtime.Wsmq.WsmqMessageTests" name="MessageInGroup_ForAllMessageFlagsSetToFalseWhenBeingTrue_OtherFlagsAreNotChanged" />
    </UnitTest>
    <UnitTest name="MessageInGroup_ForAllMessageFlagsSetToTrueWhenBeingFalse_OtherFlagsAreNotChanged" storage="f:\etwork\bin\tests\unittests.icore.runtime.wsmq.dll" id="48d71aaa-b9b4-77cb-6777-9a44a53135df">
      <TestCategory>
        <TestCategoryItem TestCategory="WSMQ" />
      </TestCategory>
      <Execution id="bb8d64d4-02ba-4e4b-bcb6-f34a4d9ef051" />
      <TestMethod codeBase="F:\ETWork\bin\Tests\UnitTests.iCore.Runtime.Wsmq.dll" adapterTypeName="Microsoft.VisualStudio.TestTools.TestTypes.Unit.UnitTestAdapter" className="UnitTests.iCore.Runtime.Wsmq.WsmqMessageTests" name="MessageInGroup_ForAllMessageFlagsSetToTrueWhenBeingFalse_OtherFlagsAreNotChanged" />
    </UnitTest>
    <UnitTest name="MessageInGroup_SetFalseWasTrue_DoesNotAffectOtherFlags" storage="f:\etwork\bin\tests\unittests.icore.runtime.wsmq.dll" id="3c5d8266-f4d9-42a3-e80e-9858c0a78229">
      <TestCategory>
        <TestCategoryItem TestCategory="WSMQ" />
      </TestCategory>
      <Execution id="75560f05-748e-4c49-a583-dcf922fa970c" />
      <TestMethod codeBase="F:\ETWork\bin\Tests\UnitTests.iCore.Runtime.Wsmq.dll" adapterTypeName="Microsoft.VisualStudio.TestTools.TestTypes.Unit.UnitTestAdapter" className="UnitTests.iCore.Runtime.Wsmq.WsmqMessageTests" name="MessageInGroup_SetFalseWasTrue_DoesNotAffectOtherFlags" />
    </UnitTest>
    <UnitTest name="MessageLastInGroup_Default_ReturnsFalse" storage="f:\etwork\bin\tests\unittests.icore.runtime.wsmq.dll" id="c1a3da5c-b2cb-2d1a-3641-d150fedfc0b0">
      <TestCategory>
        <TestCategoryItem TestCategory="WSMQ" />
      </TestCategory>
      <Execution id="c78857e3-67e5-4e4c-b2dc-0391c798d3ff" />
      <TestMethod codeBase="F:\ETWork\bin\Tests\UnitTests.iCore.Runtime.Wsmq.dll" adapterTypeName="Microsoft.VisualStudio.TestTools.TestTypes.Unit.UnitTestAdapter" className="UnitTests.iCore.Runtime.Wsmq.WsmqMessageTests" name="MessageLastInGroup_Default_ReturnsFalse" />
    </UnitTest>
    <UnitTest name="MessageLastInGroup_SetFalseAndWasTrue_GetReturnsFalse" storage="f:\etwork\bin\tests\unittests.icore.runtime.wsmq.dll" id="4858921a-c217-fb9a-930a-2bb9ceb5c35b">
      <TestCategory>
        <TestCategoryItem TestCategory="WSMQ" />
      </TestCategory>
      <Execution id="8f73ebd9-2a67-410f-9d6d-0d1972471f0f" />
      <TestMethod codeBase="F:\ETWork\bin\Tests\UnitTests.iCore.Runtime.Wsmq.dll" adapterTypeName="Microsoft.VisualStudio.TestTools.TestTypes.Unit.UnitTestAdapter" className="UnitTests.iCore.Runtime.Wsmq.WsmqMessageTests" name="MessageLastInGroup_SetFalseAndWasTrue_GetReturnsFalse" />
    </UnitTest>
    <UnitTest name="MessageLastInGroup_SetFalseAndWasFalse_GetReturnsFalse" storage="f:\etwork\bin\tests\unittests.icore.runtime.wsmq.dll" id="a3fbadb2-b3d0-987f-6f04-cfea0f713744">
      <TestCategory>
        <TestCategoryItem TestCategory="WSMQ" />
      </TestCategory>
      <Execution id="c9827794-0cb3-45a8-af47-b76a142ebaa3" />
      <TestMethod codeBase="F:\ETWork\bin\Tests\UnitTests.iCore.Runtime.Wsmq.dll" adapterTypeName="Microsoft.VisualStudio.TestTools.TestTypes.Unit.UnitTestAdapter" className="UnitTests.iCore.Runtime.Wsmq.WsmqMessageTests" name="MessageLastInGroup_SetFalseAndWasFalse_GetReturnsFalse" />
    </UnitTest>
    <UnitTest name="MessageLastInGroup_SetTrueAndWasFalse_GetReturnsTrue" storage="f:\etwork\bin\tests\unittests.icore.runtime.wsmq.dll" id="c32b0b9c-a3d3-1bd9-c803-7980e09827b4">
      <TestCategory>
        <TestCategoryItem TestCategory="WSMQ" />
      </TestCategory>
      <Execution id="7b9192d5-1211-46e8-8f23-bb476307d8d6" />
      <TestMethod codeBase="F:\ETWork\bin\Tests\UnitTests.iCore.Runtime.Wsmq.dll" adapterTypeName="Microsoft.VisualStudio.TestTools.TestTypes.Unit.UnitTestAdapter" className="UnitTests.iCore.Runtime.Wsmq.WsmqMessageTests" name="MessageLastInGroup_SetTrueAndWasFalse_GetReturnsTrue" />
    </UnitTest>
    <UnitTest name="MessageLastInGroup_SetTrueAndWasTrue_GetReturnTrue" storage="f:\etwork\bin\tests\unittests.icore.runtime.wsmq.dll" id="f33a5fd8-eac5-884e-5f2a-df8374d5176b">
      <TestCategory>
        <TestCategoryItem TestCategory="WSMQ" />
      </TestCategory>
      <Execution id="cd25c9e9-ebaa-49b5-9cd4-8190433e9649" />
      <TestMethod codeBase="F:\ETWork\bin\Tests\UnitTests.iCore.Runtime.Wsmq.dll" adapterTypeName="Microsoft.VisualStudio.TestTools.TestTypes.Unit.UnitTestAdapter" className="UnitTests.iCore.Runtime.Wsmq.WsmqMessageTests" name="MessageLastInGroup_SetTrueAndWasTrue_GetReturnTrue" />
    </UnitTest>
    <UnitTest name="MessageLastInGroup_ForAllMessageFlagsSetToFalseWhenBeingTrue_OtherFlagsAreNotChanged" storage="f:\etwork\bin\tests\unittests.icore.runtime.wsmq.dll" id="88506aee-ec74-94ab-64f0-1d5d69f7c93a">
      <TestCategory>
        <TestCategoryItem TestCategory="WSMQ" />
      </TestCategory>
      <Execution id="2ad829b3-9162-4fa7-8ee0-2d70cae17051" />
      <TestMethod codeBase="F:\ETWork\bin\Tests\UnitTests.iCore.Runtime.Wsmq.dll" adapterTypeName="Microsoft.VisualStudio.TestTools.TestTypes.Unit.UnitTestAdapter" className="UnitTests.iCore.Runtime.Wsmq.WsmqMessageTests" name="MessageLastInGroup_ForAllMessageFlagsSetToFalseWhenBeingTrue_OtherFlagsAreNotChanged" />
    </UnitTest>
    <UnitTest name="MessageLastInGroup_ForAllMessageFlagsSetToTrueWhenBeingFalse_OtherFlagsAreNotChanged" storage="f:\etwork\bin\tests\unittests.icore.runtime.wsmq.dll" id="1e8647f0-cb11-389c-3ceb-38ed136a3023">
      <TestCategory>
        <TestCategoryItem TestCategory="WSMQ" />
      </TestCategory>
      <Execution id="a495d581-5aa1-43cf-b52d-ae92e5bc4fa1" />
      <TestMethod codeBase="F:\ETWork\bin\Tests\UnitTests.iCore.Runtime.Wsmq.dll" adapterTypeName="Microsoft.VisualStudio.TestTools.TestTypes.Unit.UnitTestAdapter" className="UnitTests.iCore.Runtime.Wsmq.WsmqMessageTests" name="MessageLastInGroup_ForAllMessageFlagsSetToTrueWhenBeingFalse_OtherFlagsAreNotChanged" />
    </UnitTest>
    <UnitTest name="MessageIsLastSegment_Default_ReturnsFalse" storage="f:\etwork\bin\tests\unittests.icore.runtime.wsmq.dll" id="e87d4a24-f3a6-ac15-d7a7-db6ff9fc8246">
      <TestCategory>
        <TestCategoryItem TestCategory="WSMQ" />
      </TestCategory>
      <Execution id="f0f3e61f-5d38-43f3-a469-c1a241e1a1c4" />
      <TestMethod codeBase="F:\ETWork\bin\Tests\UnitTests.iCore.Runtime.Wsmq.dll" adapterTypeName="Microsoft.VisualStudio.TestTools.TestTypes.Unit.UnitTestAdapter" className="UnitTests.iCore.Runtime.Wsmq.WsmqMessageTests" name="MessageIsLastSegment_Default_ReturnsFalse" />
    </UnitTest>
    <UnitTest name="MessageIsLastSegment_SetFalseAndWasTrue_GetReturnsFalse" storage="f:\etwork\bin\tests\unittests.icore.runtime.wsmq.dll" id="62337d35-bbe9-8bcf-3211-e06ba2c63a81">
      <TestCategory>
        <TestCategoryItem TestCategory="WSMQ" />
      </TestCategory>
      <Execution id="e5167b73-5115-4fe0-b261-6329a7a75736" />
      <TestMethod codeBase="F:\ETWork\bin\Tests\UnitTests.iCore.Runtime.Wsmq.dll" adapterTypeName="Microsoft.VisualStudio.TestTools.TestTypes.Unit.UnitTestAdapter" className="UnitTests.iCore.Runtime.Wsmq.WsmqMessageTests" name="MessageIsLastSegment_SetFalseAndWasTrue_GetReturnsFalse" />
    </UnitTest>
    <UnitTest name="MessageIsLastSegment_SetFalseAndWasFalse_GetReturnsFalse" storage="f:\etwork\bin\tests\unittests.icore.runtime.wsmq.dll" id="b3dc5a54-ce15-10b9-487e-a8ab96ea294d">
      <TestCategory>
        <TestCategoryItem TestCategory="WSMQ" />
      </TestCategory>
      <Execution id="c3e81ab7-6d32-4c2f-a911-6f3f3ac665d3" />
      <TestMethod codeBase="F:\ETWork\bin\Tests\UnitTests.iCore.Runtime.Wsmq.dll" adapterTypeName="Microsoft.VisualStudio.TestTools.TestTypes.Unit.UnitTestAdapter" className="UnitTests.iCore.Runtime.Wsmq.WsmqMessageTests" name="MessageIsLastSegment_SetFalseAndWasFalse_GetReturnsFalse" />
    </UnitTest>
    <UnitTest name="MessageIsLastSegment_SetTrueAndWasFalse_GetReturnsTrue" storage="f:\etwork\bin\tests\unittests.icore.runtime.wsmq.dll" id="c43009f6-00ef-f6ac-330d-25499fe25b75">
      <TestCategory>
        <TestCategoryItem TestCategory="WSMQ" />
      </TestCategory>
      <Execution id="d05c5f57-b6ee-4724-94b2-6136d86bd7c0" />
      <TestMethod codeBase="F:\ETWork\bin\Tests\UnitTests.iCore.Runtime.Wsmq.dll" adapterTypeName="Microsoft.VisualStudio.TestTools.TestTypes.Unit.UnitTestAdapter" className="UnitTests.iCore.Runtime.Wsmq.WsmqMessageTests" name="MessageIsLastSegment_SetTrueAndWasFalse_GetReturnsTrue" />
    </UnitTest>
    <UnitTest name="MessageIsLastSegment_SetTrueAndWasTrue_GetReturnTrue" storage="f:\etwork\bin\tests\unittests.icore.runtime.wsmq.dll" id="18f83302-bdc8-4213-99b2-84b0dc8b1ae2">
      <TestCategory>
        <TestCategoryItem TestCategory="WSMQ" />
      </TestCategory>
      <Execution id="8ad6646a-a8c4-4801-bda8-9943f0783398" />
      <TestMethod codeBase="F:\ETWork\bin\Tests\UnitTests.iCore.Runtime.Wsmq.dll" adapterTypeName="Microsoft.VisualStudio.TestTools.TestTypes.Unit.UnitTestAdapter" className="UnitTests.iCore.Runtime.Wsmq.WsmqMessageTests" name="MessageIsLastSegment_SetTrueAndWasTrue_GetReturnTrue" />
    </UnitTest>
    <UnitTest name="MessageIsLastSegment_ForAllMessageFlagsSetToFalseWhenBeingTrue_OtherFlagsAreNotChanged" storage="f:\etwork\bin\tests\unittests.icore.runtime.wsmq.dll" id="c96a6142-bca6-2171-b886-85eedca6169c">
      <TestCategory>
        <TestCategoryItem TestCategory="WSMQ" />
      </TestCategory>
      <Execution id="09e20eca-bb9f-4d54-b3ea-3e1b1481a085" />
      <TestMethod codeBase="F:\ETWork\bin\Tests\UnitTests.iCore.Runtime.Wsmq.dll" adapterTypeName="Microsoft.VisualStudio.TestTools.TestTypes.Unit.UnitTestAdapter" className="UnitTests.iCore.Runtime.Wsmq.WsmqMessageTests" name="MessageIsLastSegment_ForAllMessageFlagsSetToFalseWhenBeingTrue_OtherFlagsAreNotChanged" />
    </UnitTest>
    <UnitTest name="MessageIsLastSegment_ForAllMessageFlagsSetToTrueWhenBeingFalse_OtherFlagsAreNotChanged" storage="f:\etwork\bin\tests\unittests.icore.runtime.wsmq.dll" id="efceb4da-329e-ba4d-bf85-6bada4ee5542">
      <TestCategory>
        <TestCategoryItem TestCategory="WSMQ" />
      </TestCategory>
      <Execution id="05080efc-68f8-4dc7-8382-782c8dc5b851" />
      <TestMethod codeBase="F:\ETWork\bin\Tests\UnitTests.iCore.Runtime.Wsmq.dll" adapterTypeName="Microsoft.VisualStudio.TestTools.TestTypes.Unit.UnitTestAdapter" className="UnitTests.iCore.Runtime.Wsmq.WsmqMessageTests" name="MessageIsLastSegment_ForAllMessageFlagsSetToTrueWhenBeingFalse_OtherFlagsAreNotChanged" />
    </UnitTest>
    <UnitTest name="MessageIsSegment_Default_ReturnsFalse" storage="f:\etwork\bin\tests\unittests.icore.runtime.wsmq.dll" id="b2dee506-a994-1bed-08f1-ae45b65ccad7">
      <TestCategory>
        <TestCategoryItem TestCategory="WSMQ" />
      </TestCategory>
      <Execution id="6309bb57-fe2c-45dc-a155-6b00a20b5cd4" />
      <TestMethod codeBase="F:\ETWork\bin\Tests\UnitTests.iCore.Runtime.Wsmq.dll" adapterTypeName="Microsoft.VisualStudio.TestTools.TestTypes.Unit.UnitTestAdapter" className="UnitTests.iCore.Runtime.Wsmq.WsmqMessageTests" name="MessageIsSegment_Default_ReturnsFalse" />
    </UnitTest>
    <UnitTest name="MessageIsSegment_SetFalseAndWasTrue_GetReturnsFalse" storage="f:\etwork\bin\tests\unittests.icore.runtime.wsmq.dll" id="18399c1b-029f-4ab9-7f07-bf2946ef64d4">
      <TestCategory>
        <TestCategoryItem TestCategory="WSMQ" />
      </TestCategory>
      <Execution id="2cf4c1e1-f761-4f15-9841-605e4fb7ec00" />
      <TestMethod codeBase="F:\ETWork\bin\Tests\UnitTests.iCore.Runtime.Wsmq.dll" adapterTypeName="Microsoft.VisualStudio.TestTools.TestTypes.Unit.UnitTestAdapter" className="UnitTests.iCore.Runtime.Wsmq.WsmqMessageTests" name="MessageIsSegment_SetFalseAndWasTrue_GetReturnsFalse" />
    </UnitTest>
    <UnitTest name="MessageIsSegment_SetFalseAndWasFalse_GetReturnsFalse" storage="f:\etwork\bin\tests\unittests.icore.runtime.wsmq.dll" id="f1b81f2b-416b-96f9-c0fc-53949054780e">
      <TestCategory>
        <TestCategoryItem TestCategory="WSMQ" />
      </TestCategory>
      <Execution id="5b358ea6-abb8-4697-9e83-7a487118e77a" />
      <TestMethod codeBase="F:\ETWork\bin\Tests\UnitTests.iCore.Runtime.Wsmq.dll" adapterTypeName="Microsoft.VisualStudio.TestTools.TestTypes.Unit.UnitTestAdapter" className="UnitTests.iCore.Runtime.Wsmq.WsmqMessageTests" name="MessageIsSegment_SetFalseAndWasFalse_GetReturnsFalse" />
    </UnitTest>
    <UnitTest name="MessageIsSegment_SetTrueAndWasFalse_GetReturnsTrue" storage="f:\etwork\bin\tests\unittests.icore.runtime.wsmq.dll" id="0d0435cb-f9fb-518a-e90b-8f76192ba73a">
      <TestCategory>
        <TestCategoryItem TestCategory="WSMQ" />
      </TestCategory>
      <Execution id="6bec6c50-7abc-4acc-8989-8252411d585a" />
      <TestMethod codeBase="F:\ETWork\bin\Tests\UnitTests.iCore.Runtime.Wsmq.dll" adapterTypeName="Microsoft.VisualStudio.TestTools.TestTypes.Unit.UnitTestAdapter" className="UnitTests.iCore.Runtime.Wsmq.WsmqMessageTests" name="MessageIsSegment_SetTrueAndWasFalse_GetReturnsTrue" />
    </UnitTest>
    <UnitTest name="MessageIsSegment_SetTrueAndWasTrue_GetReturnTrue" storage="f:\etwork\bin\tests\unittests.icore.runtime.wsmq.dll" id="c9d51975-6f81-fb3e-ab56-42d807bfc7b1">
      <TestCategory>
        <TestCategoryItem TestCategory="WSMQ" />
      </TestCategory>
      <Execution id="8bef4261-859e-497c-8cd0-a7c540643e66" />
      <TestMethod codeBase="F:\ETWork\bin\Tests\UnitTests.iCore.Runtime.Wsmq.dll" adapterTypeName="Microsoft.VisualStudio.TestTools.TestTypes.Unit.UnitTestAdapter" className="UnitTests.iCore.Runtime.Wsmq.WsmqMessageTests" name="MessageIsSegment_SetTrueAndWasTrue_GetReturnTrue" />
    </UnitTest>
    <UnitTest name="MessageIsSegment_ForAllMessageFlagsSetToFalseWhenBeingTrue_OtherFlagsAreNotChanged" storage="f:\etwork\bin\tests\unittests.icore.runtime.wsmq.dll" id="0a5a242b-0518-b5bd-7865-39d02006349d">
      <TestCategory>
        <TestCategoryItem TestCategory="WSMQ" />
      </TestCategory>
      <Execution id="71b8e714-b5ee-4ab4-97c6-6f5771699216" />
      <TestMethod codeBase="F:\ETWork\bin\Tests\UnitTests.iCore.Runtime.Wsmq.dll" adapterTypeName="Microsoft.VisualStudio.TestTools.TestTypes.Unit.UnitTestAdapter" className="UnitTests.iCore.Runtime.Wsmq.WsmqMessageTests" name="MessageIsSegment_ForAllMessageFlagsSetToFalseWhenBeingTrue_OtherFlagsAreNotChanged" />
    </UnitTest>
    <UnitTest name="MessageIsSegment_ForAllMessageFlagsSetToTrueWhenBeingFalse_OtherFlagsAreNotChanged" storage="f:\etwork\bin\tests\unittests.icore.runtime.wsmq.dll" id="bf6f4fa1-99f2-92dc-50d8-af47e5932ee5">
      <TestCategory>
        <TestCategoryItem TestCategory="WSMQ" />
      </TestCategory>
      <Execution id="5ab41c58-5b05-4b07-92a0-310dadcaab45" />
      <TestMethod codeBase="F:\ETWork\bin\Tests\UnitTests.iCore.Runtime.Wsmq.dll" adapterTypeName="Microsoft.VisualStudio.TestTools.TestTypes.Unit.UnitTestAdapter" className="UnitTests.iCore.Runtime.Wsmq.WsmqMessageTests" name="MessageIsSegment_ForAllMessageFlagsSetToTrueWhenBeingFalse_OtherFlagsAreNotChanged" />
    </UnitTest>
    <UnitTest name="MessageId_Default_ReturnsByteArrayOfLength24" storage="f:\etwork\bin\tests\unittests.icore.runtime.wsmq.dll" id="626ce4b8-ae2f-5371-3c02-af9c0519804f">
      <TestCategory>
        <TestCategoryItem TestCategory="WSMQ" />
      </TestCategory>
      <Execution id="be8e8568-d9db-4ed7-add7-f64e449827fe" />
      <TestMethod codeBase="F:\ETWork\bin\Tests\UnitTests.iCore.Runtime.Wsmq.dll" adapterTypeName="Microsoft.VisualStudio.TestTools.TestTypes.Unit.UnitTestAdapter" className="UnitTests.iCore.Runtime.Wsmq.WsmqMessageTests" name="MessageId_Default_ReturnsByteArrayOfLength24" />
    </UnitTest>
    <UnitTest name="MessageId_SettingEmptyByteArray_ReturnsByteArrayOfLength24" storage="f:\etwork\bin\tests\unittests.icore.runtime.wsmq.dll" id="696b1b58-88b9-48b0-32ba-f992179b1dde">
      <TestCategory>
        <TestCategoryItem TestCategory="WSMQ" />
      </TestCategory>
      <Execution id="32e9bc9d-6762-43f6-97e4-6b218f6898b5" />
      <TestMethod codeBase="F:\ETWork\bin\Tests\UnitTests.iCore.Runtime.Wsmq.dll" adapterTypeName="Microsoft.VisualStudio.TestTools.TestTypes.Unit.UnitTestAdapter" className="UnitTests.iCore.Runtime.Wsmq.WsmqMessageTests" name="MessageId_SettingEmptyByteArray_ReturnsByteArrayOfLength24" />
    </UnitTest>
    <UnitTest name="MessageId_SettingNull_ThrowsException" storage="f:\etwork\bin\tests\unittests.icore.runtime.wsmq.dll" id="9c9f5221-0ae6-cc8c-f16f-5076ead70741">
      <TestCategory>
        <TestCategoryItem TestCategory="WSMQ" />
      </TestCategory>
      <Execution id="c33ece61-8aca-4023-ae7b-4d274761bf52" />
      <TestMethod codeBase="F:\ETWork\bin\Tests\UnitTests.iCore.Runtime.Wsmq.dll" adapterTypeName="Microsoft.VisualStudio.TestTools.TestTypes.Unit.UnitTestAdapter" className="UnitTests.iCore.Runtime.Wsmq.WsmqMessageTests" name="MessageId_SettingNull_ThrowsException" />
    </UnitTest>
    <UnitTest name="MessageId_SettingByteArrayShorterThan24Bytes_ReturnArrayPlusPadding" storage="f:\etwork\bin\tests\unittests.icore.runtime.wsmq.dll" id="12ec1d9a-783c-46da-51ad-e762c4ab6de5">
      <TestCategory>
        <TestCategoryItem TestCategory="WSMQ" />
      </TestCategory>
      <Execution id="a653029d-e57a-47b9-9aeb-a9aa91db2e92" />
      <TestMethod codeBase="F:\ETWork\bin\Tests\UnitTests.iCore.Runtime.Wsmq.dll" adapterTypeName="Microsoft.VisualStudio.TestTools.TestTypes.Unit.UnitTestAdapter" className="UnitTests.iCore.Runtime.Wsmq.WsmqMessageTests" name="MessageId_SettingByteArrayShorterThan24Bytes_ReturnArrayPlusPadding" />
    </UnitTest>
    <UnitTest name="MessageId_SettingByteArrayExtactly24Bytes_ReturnsArrayWithoutPadding" storage="f:\etwork\bin\tests\unittests.icore.runtime.wsmq.dll" id="efc4b989-3fc2-7c25-ed73-4664eac9b7a8">
      <TestCategory>
        <TestCategoryItem TestCategory="WSMQ" />
      </TestCategory>
      <Execution id="bc652379-c3fd-4c97-81e0-626ad41eece0" />
      <TestMethod codeBase="F:\ETWork\bin\Tests\UnitTests.iCore.Runtime.Wsmq.dll" adapterTypeName="Microsoft.VisualStudio.TestTools.TestTypes.Unit.UnitTestAdapter" className="UnitTests.iCore.Runtime.Wsmq.WsmqMessageTests" name="MessageId_SettingByteArrayExtactly24Bytes_ReturnsArrayWithoutPadding" />
    </UnitTest>
    <UnitTest name="MessageId_SettingByteArrayLongerThan24Bytes_ThrowsArgumentException" storage="f:\etwork\bin\tests\unittests.icore.runtime.wsmq.dll" id="937bf5e3-83b2-ca6f-8df1-80776f39f2e1">
      <TestCategory>
        <TestCategoryItem TestCategory="WSMQ" />
      </TestCategory>
      <Execution id="fe6a9613-ee73-4a5e-8431-01cdfda74ce2" />
      <TestMethod codeBase="F:\ETWork\bin\Tests\UnitTests.iCore.Runtime.Wsmq.dll" adapterTypeName="Microsoft.VisualStudio.TestTools.TestTypes.Unit.UnitTestAdapter" className="UnitTests.iCore.Runtime.Wsmq.WsmqMessageTests" name="MessageId_SettingByteArrayLongerThan24Bytes_ThrowsArgumentException" />
    </UnitTest>
    <UnitTest name="MessageLength_Default_ReturnsZero" storage="f:\etwork\bin\tests\unittests.icore.runtime.wsmq.dll" id="89aaae79-920b-1c37-f3ef-8d343634b3bd">
      <TestCategory>
        <TestCategoryItem TestCategory="WSMQ" />
      </TestCategory>
      <Execution id="0d0a8e1a-b329-4cd6-b576-0a3bb7c78924" />
      <TestMethod codeBase="F:\ETWork\bin\Tests\UnitTests.iCore.Runtime.Wsmq.dll" adapterTypeName="Microsoft.VisualStudio.TestTools.TestTypes.Unit.UnitTestAdapter" className="UnitTests.iCore.Runtime.Wsmq.WsmqMessageTests" name="MessageLength_Default_ReturnsZero" />
    </UnitTest>
    <UnitTest name="MessageSequenceNumber_Default_GetReturnOne" storage="f:\etwork\bin\tests\unittests.icore.runtime.wsmq.dll" id="6dc0b353-074b-ce43-a5ff-9087dbe645bf">
      <TestCategory>
        <TestCategoryItem TestCategory="WSMQ" />
      </TestCategory>
      <Execution id="7d329e6f-3399-43b5-84fc-bc31dc585011" />
      <TestMethod codeBase="F:\ETWork\bin\Tests\UnitTests.iCore.Runtime.Wsmq.dll" adapterTypeName="Microsoft.VisualStudio.TestTools.TestTypes.Unit.UnitTestAdapter" className="UnitTests.iCore.Runtime.Wsmq.WsmqMessageTests" name="MessageSequenceNumber_Default_GetReturnOne" />
    </UnitTest>
    <UnitTest name="MessageSequenceNumber_SetTwo_GetReturnsTwo" storage="f:\etwork\bin\tests\unittests.icore.runtime.wsmq.dll" id="65bae656-cabe-8c0b-cd68-f3fdad15abf0">
      <TestCategory>
        <TestCategoryItem TestCategory="WSMQ" />
      </TestCategory>
      <Execution id="176ea16b-dcc7-48e5-adb0-70965c740af5" />
      <TestMethod codeBase="F:\ETWork\bin\Tests\UnitTests.iCore.Runtime.Wsmq.dll" adapterTypeName="Microsoft.VisualStudio.TestTools.TestTypes.Unit.UnitTestAdapter" className="UnitTests.iCore.Runtime.Wsmq.WsmqMessageTests" name="MessageSequenceNumber_SetTwo_GetReturnsTwo" />
    </UnitTest>
    <UnitTest name="MessageSequenceNumber_SetMinusOne_GetReturnsMinusOne" storage="f:\etwork\bin\tests\unittests.icore.runtime.wsmq.dll" id="e95d9205-c718-fcac-539c-2d5739cfde75">
      <TestCategory>
        <TestCategoryItem TestCategory="WSMQ" />
      </TestCategory>
      <Execution id="ac06e432-47cd-4196-ac19-685d4a441618" />
      <TestMethod codeBase="F:\ETWork\bin\Tests\UnitTests.iCore.Runtime.Wsmq.dll" adapterTypeName="Microsoft.VisualStudio.TestTools.TestTypes.Unit.UnitTestAdapter" className="UnitTests.iCore.Runtime.Wsmq.WsmqMessageTests" name="MessageSequenceNumber_SetMinusOne_GetReturnsMinusOne" />
    </UnitTest>
    <UnitTest name="MessageType_Default_ReturnsDataGram" storage="f:\etwork\bin\tests\unittests.icore.runtime.wsmq.dll" id="abf6eb28-73ed-808f-a59e-32f36303e91f">
      <TestCategory>
        <TestCategoryItem TestCategory="WSMQ" />
      </TestCategory>
      <Execution id="da539a1b-29b0-41c5-bb05-6628c6f6ca40" />
      <TestMethod codeBase="F:\ETWork\bin\Tests\UnitTests.iCore.Runtime.Wsmq.dll" adapterTypeName="Microsoft.VisualStudio.TestTools.TestTypes.Unit.UnitTestAdapter" className="UnitTests.iCore.Runtime.Wsmq.WsmqMessageTests" name="MessageType_Default_ReturnsDataGram" />
    </UnitTest>
    <UnitTest name="MessageType_SetReply_ReturnsReply" storage="f:\etwork\bin\tests\unittests.icore.runtime.wsmq.dll" id="f6cc3ef6-21b7-73ea-89db-4de585d4b1b7">
      <TestCategory>
        <TestCategoryItem TestCategory="WSMQ" />
      </TestCategory>
      <Execution id="b5628674-7b43-4505-bfa5-daebd32ec116" />
      <TestMethod codeBase="F:\ETWork\bin\Tests\UnitTests.iCore.Runtime.Wsmq.dll" adapterTypeName="Microsoft.VisualStudio.TestTools.TestTypes.Unit.UnitTestAdapter" className="UnitTests.iCore.Runtime.Wsmq.WsmqMessageTests" name="MessageType_SetReply_ReturnsReply" />
    </UnitTest>
    <UnitTest name="MessageType_SetApplyFirst_ReturnsApplyFirst" storage="f:\etwork\bin\tests\unittests.icore.runtime.wsmq.dll" id="4bc0fd62-eaf5-322b-3493-8aea9210c3ba">
      <TestCategory>
        <TestCategoryItem TestCategory="WSMQ" />
      </TestCategory>
      <Execution id="f9c1e4cf-f9da-46b0-8a8f-053d23fd9423" />
      <TestMethod codeBase="F:\ETWork\bin\Tests\UnitTests.iCore.Runtime.Wsmq.dll" adapterTypeName="Microsoft.VisualStudio.TestTools.TestTypes.Unit.UnitTestAdapter" className="UnitTests.iCore.Runtime.Wsmq.WsmqMessageTests" name="MessageType_SetApplyFirst_ReturnsApplyFirst" />
    </UnitTest>
    <UnitTest name="MessageType_SetApplyLast_ReturnsApplyLast" storage="f:\etwork\bin\tests\unittests.icore.runtime.wsmq.dll" id="6804e348-ffa3-5ac0-e728-793a61497cb2">
      <TestCategory>
        <TestCategoryItem TestCategory="WSMQ" />
      </TestCategory>
      <Execution id="1d89dbe9-38c2-422f-9217-5d30dacc14bf" />
      <TestMethod codeBase="F:\ETWork\bin\Tests\UnitTests.iCore.Runtime.Wsmq.dll" adapterTypeName="Microsoft.VisualStudio.TestTools.TestTypes.Unit.UnitTestAdapter" className="UnitTests.iCore.Runtime.Wsmq.WsmqMessageTests" name="MessageType_SetApplyLast_ReturnsApplyLast" />
    </UnitTest>
    <UnitTest name="MessageType_SetReport_ReturnsReport" storage="f:\etwork\bin\tests\unittests.icore.runtime.wsmq.dll" id="f22cdb57-e5ca-2628-b4eb-24062746e0bb">
      <TestCategory>
        <TestCategoryItem TestCategory="WSMQ" />
      </TestCategory>
      <Execution id="acd3b026-dd0b-4bd5-97c8-aa668a283994" />
      <TestMethod codeBase="F:\ETWork\bin\Tests\UnitTests.iCore.Runtime.Wsmq.dll" adapterTypeName="Microsoft.VisualStudio.TestTools.TestTypes.Unit.UnitTestAdapter" className="UnitTests.iCore.Runtime.Wsmq.WsmqMessageTests" name="MessageType_SetReport_ReturnsReport" />
    </UnitTest>
    <UnitTest name="MessageType_SetRequest_ReturnsRequest" storage="f:\etwork\bin\tests\unittests.icore.runtime.wsmq.dll" id="6856b2cd-32b4-d8d9-cfe9-507bd56544ea">
      <TestCategory>
        <TestCategoryItem TestCategory="WSMQ" />
      </TestCategory>
      <Execution id="5268876d-5895-4a8d-aa89-fbc2184961fe" />
      <TestMethod codeBase="F:\ETWork\bin\Tests\UnitTests.iCore.Runtime.Wsmq.dll" adapterTypeName="Microsoft.VisualStudio.TestTools.TestTypes.Unit.UnitTestAdapter" className="UnitTests.iCore.Runtime.Wsmq.WsmqMessageTests" name="MessageType_SetRequest_ReturnsRequest" />
    </UnitTest>
    <UnitTest name="MoreDataAvailable_Default_ReturnsFalse" storage="f:\etwork\bin\tests\unittests.icore.runtime.wsmq.dll" id="a2f5754f-accc-86c8-2282-a4978b787b5a">
      <TestCategory>
        <TestCategoryItem TestCategory="WSMQ" />
      </TestCategory>
      <Execution id="24a02dac-70cf-4b77-9fa5-f26368225b04" />
      <TestMethod codeBase="F:\ETWork\bin\Tests\UnitTests.iCore.Runtime.Wsmq.dll" adapterTypeName="Microsoft.VisualStudio.TestTools.TestTypes.Unit.UnitTestAdapter" className="UnitTests.iCore.Runtime.Wsmq.WsmqMessageTests" name="MoreDataAvailable_Default_ReturnsFalse" />
    </UnitTest>
    <UnitTest name="Persistance_Default_ReturnsQueueDefault" storage="f:\etwork\bin\tests\unittests.icore.runtime.wsmq.dll" id="44232f0b-d1bb-ce31-63a3-bd4d292620d2">
      <TestCategory>
        <TestCategoryItem TestCategory="WSMQ" />
      </TestCategory>
      <Execution id="b9216317-3562-48d5-812e-dbab54ae4825" />
      <TestMethod codeBase="F:\ETWork\bin\Tests\UnitTests.iCore.Runtime.Wsmq.dll" adapterTypeName="Microsoft.VisualStudio.TestTools.TestTypes.Unit.UnitTestAdapter" className="UnitTests.iCore.Runtime.Wsmq.WsmqMessageTests" name="Persistance_Default_ReturnsQueueDefault" />
    </UnitTest>
    <UnitTest name="Persitance_SetPersistent_ReturnsPersistent" storage="f:\etwork\bin\tests\unittests.icore.runtime.wsmq.dll" id="efd05e0e-40d1-d772-2b34-b363ffef5a97">
      <TestCategory>
        <TestCategoryItem TestCategory="WSMQ" />
      </TestCategory>
      <Execution id="3e260b72-c8cf-424b-a42b-9d695f07e034" />
      <TestMethod codeBase="F:\ETWork\bin\Tests\UnitTests.iCore.Runtime.Wsmq.dll" adapterTypeName="Microsoft.VisualStudio.TestTools.TestTypes.Unit.UnitTestAdapter" className="UnitTests.iCore.Runtime.Wsmq.WsmqMessageTests" name="Persitance_SetPersistent_ReturnsPersistent" />
    </UnitTest>
    <UnitTest name="Persistance_SetNonPersistent_ReturnsNotPersistent" storage="f:\etwork\bin\tests\unittests.icore.runtime.wsmq.dll" id="384a4edf-3606-1596-fc80-217875c1e803">
      <TestCategory>
        <TestCategoryItem TestCategory="WSMQ" />
      </TestCategory>
      <Execution id="adb12e47-553a-4fcc-8ea9-6d135c120f36" />
      <TestMethod codeBase="F:\ETWork\bin\Tests\UnitTests.iCore.Runtime.Wsmq.dll" adapterTypeName="Microsoft.VisualStudio.TestTools.TestTypes.Unit.UnitTestAdapter" className="UnitTests.iCore.Runtime.Wsmq.WsmqMessageTests" name="Persistance_SetNonPersistent_ReturnsNotPersistent" />
    </UnitTest>
    <UnitTest name="Position_Default_ReturnZero" storage="f:\etwork\bin\tests\unittests.icore.runtime.wsmq.dll" id="cbf90bef-17ea-f583-75d9-bcf8f118390d">
      <TestCategory>
        <TestCategoryItem TestCategory="WSMQ" />
      </TestCategory>
      <Execution id="f41be1f9-45aa-4f25-ae3c-210c529c5db4" />
      <TestMethod codeBase="F:\ETWork\bin\Tests\UnitTests.iCore.Runtime.Wsmq.dll" adapterTypeName="Microsoft.VisualStudio.TestTools.TestTypes.Unit.UnitTestAdapter" className="UnitTests.iCore.Runtime.Wsmq.WsmqMessageTests" name="Position_Default_ReturnZero" />
    </UnitTest>
    <UnitTest name="Position_Set1_Returns1" storage="f:\etwork\bin\tests\unittests.icore.runtime.wsmq.dll" id="4e5016bb-6fab-bf9e-bfbd-730177922ec6">
      <TestCategory>
        <TestCategoryItem TestCategory="WSMQ" />
      </TestCategory>
      <Execution id="37678bd5-3763-49fe-ab69-b1843a56b640" />
      <TestMethod codeBase="F:\ETWork\bin\Tests\UnitTests.iCore.Runtime.Wsmq.dll" adapterTypeName="Microsoft.VisualStudio.TestTools.TestTypes.Unit.UnitTestAdapter" className="UnitTests.iCore.Runtime.Wsmq.WsmqMessageTests" name="Position_Set1_Returns1" />
    </UnitTest>
    <UnitTest name="Position_SetMinus1_ThrowsException" storage="f:\etwork\bin\tests\unittests.icore.runtime.wsmq.dll" id="344d520e-b89e-3d3b-c080-dd8b5bf74bec">
      <TestCategory>
        <TestCategoryItem TestCategory="WSMQ" />
      </TestCategory>
      <Execution id="c4bbb8ed-4613-4993-988d-d17c126622a7" />
      <TestMethod codeBase="F:\ETWork\bin\Tests\UnitTests.iCore.Runtime.Wsmq.dll" adapterTypeName="Microsoft.VisualStudio.TestTools.TestTypes.Unit.UnitTestAdapter" className="UnitTests.iCore.Runtime.Wsmq.WsmqMessageTests" name="Position_SetMinus1_ThrowsException" />
    </UnitTest>
    <UnitTest name="Close_QueueOpened_DisconnectsQueueManager" storage="f:\etwork\bin\tests\unittests.icore.runtime.wsmq.dll" id="a78918e5-3d17-8476-0b33-0673e51cc0c7">
      <TestCategory>
        <TestCategoryItem TestCategory="WSMQ" />
      </TestCategory>
      <Execution id="a4599762-a5d0-4d2c-be1b-eeafe5f26964" />
      <TestMethod codeBase="F:\ETWork\bin\Tests\UnitTests.iCore.Runtime.Wsmq.dll" adapterTypeName="Microsoft.VisualStudio.TestTools.TestTypes.Unit.UnitTestAdapter" className="UnitTests.iCore.Runtime.Wsmq.WsmqSimpleQueueTests" name="Close_QueueOpened_DisconnectsQueueManager" />
    </UnitTest>
    <UnitTest name="Close_QueueOpened_ClosesQueue" storage="f:\etwork\bin\tests\unittests.icore.runtime.wsmq.dll" id="c991f0a7-2767-8911-3252-62d8f8fa625c">
      <TestCategory>
        <TestCategoryItem TestCategory="WSMQ" />
      </TestCategory>
      <Execution id="9056bfd7-9177-4cb0-9e16-c3f876773e5b" />
      <TestMethod codeBase="F:\ETWork\bin\Tests\UnitTests.iCore.Runtime.Wsmq.dll" adapterTypeName="Microsoft.VisualStudio.TestTools.TestTypes.Unit.UnitTestAdapter" className="UnitTests.iCore.Runtime.Wsmq.WsmqSimpleQueueTests" name="Close_QueueOpened_ClosesQueue" />
    </UnitTest>
    <UnitTest name="Recieve_QueueNotOpened_ThrowsException" storage="f:\etwork\bin\tests\unittests.icore.runtime.wsmq.dll" id="ffa1858c-5c0e-c4da-b0c4-05bf781807b5">
      <TestCategory>
        <TestCategoryItem TestCategory="WSMQ" />
      </TestCategory>
      <Execution id="91a6396b-006c-47ac-8b30-ad581aa05a74" />
      <TestMethod codeBase="F:\ETWork\bin\Tests\UnitTests.iCore.Runtime.Wsmq.dll" adapterTypeName="Microsoft.VisualStudio.TestTools.TestTypes.Unit.UnitTestAdapter" className="UnitTests.iCore.Runtime.Wsmq.WsmqSimpleQueueTests" name="Recieve_QueueNotOpened_ThrowsException" />
    </UnitTest>
    <UnitTest name="Recieve_QueueOpenedThenClosed_ThrowsException" storage="f:\etwork\bin\tests\unittests.icore.runtime.wsmq.dll" id="ed99d86b-045c-bcef-4f00-135f088ec51a">
      <TestCategory>
        <TestCategoryItem TestCategory="WSMQ" />
      </TestCategory>
      <Execution id="9be3da21-ceb1-42ed-b476-3281b51b4b75" />
      <TestMethod codeBase="F:\ETWork\bin\Tests\UnitTests.iCore.Runtime.Wsmq.dll" adapterTypeName="Microsoft.VisualStudio.TestTools.TestTypes.Unit.UnitTestAdapter" className="UnitTests.iCore.Runtime.Wsmq.WsmqSimpleQueueTests" name="Recieve_QueueOpenedThenClosed_ThrowsException" />
    </UnitTest>
    <UnitTest name="Recieve_RecieveFails_ThrowsException" storage="f:\etwork\bin\tests\unittests.icore.runtime.wsmq.dll" id="3dd5cf38-6267-4230-df18-88f06548e95f">
      <TestCategory>
        <TestCategoryItem TestCategory="WSMQ" />
      </TestCategory>
      <Execution id="0fa5fd72-f53b-4ed0-b7d2-9dd96dca79f9" />
      <TestMethod codeBase="F:\ETWork\bin\Tests\UnitTests.iCore.Runtime.Wsmq.dll" adapterTypeName="Microsoft.VisualStudio.TestTools.TestTypes.Unit.UnitTestAdapter" className="UnitTests.iCore.Runtime.Wsmq.WsmqSimpleQueueTests" name="Recieve_RecieveFails_ThrowsException" />
    </UnitTest>
    <UnitTest name="Recieve_RecieveFailsWithWsmqExceptionWhereReasonCodeIsMsgNotAvailable_ReturnsNull" storage="f:\etwork\bin\tests\unittests.icore.runtime.wsmq.dll" id="13fde01d-d04d-31f1-5cc4-10b03ea60706">
      <TestCategory>
        <TestCategoryItem TestCategory="WSMQ" />
      </TestCategory>
      <Execution id="f5273e50-c1ad-4036-94fc-eaee70f8c7a7" />
      <TestMethod codeBase="F:\ETWork\bin\Tests\UnitTests.iCore.Runtime.Wsmq.dll" adapterTypeName="Microsoft.VisualStudio.TestTools.TestTypes.Unit.UnitTestAdapter" className="UnitTests.iCore.Runtime.Wsmq.WsmqSimpleQueueTests" name="Recieve_RecieveFailsWithWsmqExceptionWhereReasonCodeIsMsgNotAvailable_ReturnsNull" />
    </UnitTest>
    <UnitTest name="Send_QueueNotOpened_ThrowsException" storage="f:\etwork\bin\tests\unittests.icore.runtime.wsmq.dll" id="f123c0bc-4ed3-bf94-d61f-8dde6cb9fc65">
      <TestCategory>
        <TestCategoryItem TestCategory="WSMQ" />
      </TestCategory>
      <Execution id="bcbf6ce4-ae2a-47c9-a61a-b9e914c5e225" />
      <TestMethod codeBase="F:\ETWork\bin\Tests\UnitTests.iCore.Runtime.Wsmq.dll" adapterTypeName="Microsoft.VisualStudio.TestTools.TestTypes.Unit.UnitTestAdapter" className="UnitTests.iCore.Runtime.Wsmq.WsmqSimpleQueueTests" name="Send_QueueNotOpened_ThrowsException" />
    </UnitTest>
    <UnitTest name="Send_QueueOpenedThenClosed_ThrowsException" storage="f:\etwork\bin\tests\unittests.icore.runtime.wsmq.dll" id="84a6bebc-6139-b45a-4682-761224c9e7ab">
      <TestCategory>
        <TestCategoryItem TestCategory="WSMQ" />
      </TestCategory>
      <Execution id="9a8451cc-e72f-45d9-99e5-7903ca0d760d" />
      <TestMethod codeBase="F:\ETWork\bin\Tests\UnitTests.iCore.Runtime.Wsmq.dll" adapterTypeName="Microsoft.VisualStudio.TestTools.TestTypes.Unit.UnitTestAdapter" className="UnitTests.iCore.Runtime.Wsmq.WsmqSimpleQueueTests" name="Send_QueueOpenedThenClosed_ThrowsException" />
    </UnitTest>
    <UnitTest name="Send_SendFails_ThrowsException" storage="f:\etwork\bin\tests\unittests.icore.runtime.wsmq.dll" id="3e20cae9-c096-7606-c798-a2a4dfbc3a86">
      <TestCategory>
        <TestCategoryItem TestCategory="WSMQ" />
      </TestCategory>
      <Execution id="f6415a72-ef57-49a3-9795-fc6aa6c7c84d" />
      <TestMethod codeBase="F:\ETWork\bin\Tests\UnitTests.iCore.Runtime.Wsmq.dll" adapterTypeName="Microsoft.VisualStudio.TestTools.TestTypes.Unit.UnitTestAdapter" className="UnitTests.iCore.Runtime.Wsmq.WsmqSimpleQueueTests" name="Send_SendFails_ThrowsException" />
    </UnitTest>
  </TestDefinitions>
  <TestEntries>
    <TestEntry testId="f6bb1877-2af6-7939-2118-78f3c9d32f51" executionId="3171d9df-032c-4711-af68-023b0dd9f135" testListId="8c84fa94-04c1-424b-9868-57a2d4851a1d" />
    <TestEntry testId="f67c8607-68b5-8baa-0a56-231adda4f857" executionId="c07f493a-1a4f-4b12-bbe1-92f9280b2f8e" testListId="8c84fa94-04c1-424b-9868-57a2d4851a1d" />
    <TestEntry testId="039d6565-01ba-0393-144e-ecff319cb6a8" executionId="8cbb4520-bd8e-41e7-9a24-298b6a89e9bb" testListId="8c84fa94-04c1-424b-9868-57a2d4851a1d" />
    <TestEntry testId="df2ad993-be6d-bcc8-6001-3b68ae43b09e" executionId="e116b641-74e4-4e82-827b-a44975e5caf9" testListId="8c84fa94-04c1-424b-9868-57a2d4851a1d" />
    <TestEntry testId="d7666987-5813-36be-52b1-7170d9f5b8d7" executionId="a6213308-94a3-44bb-a63f-793edf80bdcc" testListId="8c84fa94-04c1-424b-9868-57a2d4851a1d" />
    <TestEntry testId="d63e9c42-5fe7-0484-74a3-0369ff832e3f" executionId="5e1e618d-3acb-479e-8d28-1875746ce140" testListId="8c84fa94-04c1-424b-9868-57a2d4851a1d" />
    <TestEntry testId="b078127e-5c0e-e65d-3401-9581f917daae" executionId="e1cd32f7-590b-4306-916a-5bd9013f3080" testListId="8c84fa94-04c1-424b-9868-57a2d4851a1d" />
    <TestEntry testId="44a26143-b76a-2050-7777-2f1eba23b99c" executionId="741dd346-0621-450f-a77a-373f2cd75dad" testListId="8c84fa94-04c1-424b-9868-57a2d4851a1d" />
    <TestEntry testId="c9adea36-3c10-ac4d-33ee-cc4a1cc45e72" executionId="3fcb6b5f-3bb6-4c19-9945-5b9da1b03951" testListId="8c84fa94-04c1-424b-9868-57a2d4851a1d" />
    <TestEntry testId="8b1b3378-4c15-398d-7142-b389fcfd84c2" executionId="9dc744df-c1cc-48bb-9d60-9743fc860012" testListId="8c84fa94-04c1-424b-9868-57a2d4851a1d" />
    <TestEntry testId="c2755188-c311-5fd2-dcba-9ce4d3d36fe7" executionId="d3d360ab-5a4d-48ed-90dc-c29bcc9a726f" testListId="8c84fa94-04c1-424b-9868-57a2d4851a1d" />
    <TestEntry testId="a3aba466-4801-e392-488b-9d6a0b7bc9e5" executionId="d09628bb-ca10-4958-b3c9-96f427d1e371" testListId="8c84fa94-04c1-424b-9868-57a2d4851a1d" />
    <TestEntry testId="cc51f729-550b-dd7d-ad7b-c1ebff2f98aa" executionId="a28ad59e-8c69-4735-a01d-f5522dbb10b1" testListId="8c84fa94-04c1-424b-9868-57a2d4851a1d" />
    <TestEntry testId="d1bc535a-c593-b279-47f8-5a8d888c4322" executionId="596cd982-ddb8-4527-933d-ca7205e257ea" testListId="8c84fa94-04c1-424b-9868-57a2d4851a1d" />
    <TestEntry testId="b73e270b-2aec-1de4-07d8-e12b31fc2b73" executionId="fc1d19ff-3750-4d90-bbc2-be717d8e0931" testListId="8c84fa94-04c1-424b-9868-57a2d4851a1d" />
    <TestEntry testId="108bd1f0-7aa5-58b1-70e5-ddc98db86ab1" executionId="571bc105-56bc-494e-87ba-924a86d44fb4" testListId="8c84fa94-04c1-424b-9868-57a2d4851a1d" />
    <TestEntry testId="37f2ad00-45c2-ae73-11e6-4884f14adad2" executionId="708e5fcc-26a0-4249-89f2-216cf59a3fba" testListId="8c84fa94-04c1-424b-9868-57a2d4851a1d" />
    <TestEntry testId="0cec7de6-4475-bb86-aad2-44bc8da5045c" executionId="c7a8492b-8ffc-43d7-899a-3d73bebb3954" testListId="8c84fa94-04c1-424b-9868-57a2d4851a1d" />
    <TestEntry testId="3f1d7535-000a-ee5c-daa8-ded4ed066977" executionId="b43c023b-2e12-4721-9145-1bfd0925eb05" testListId="8c84fa94-04c1-424b-9868-57a2d4851a1d" />
    <TestEntry testId="a567a094-5668-29bf-14bb-66e243ce8ffa" executionId="56cbb3a5-bf91-45b2-ae0a-02ea2b3a62dc" testListId="8c84fa94-04c1-424b-9868-57a2d4851a1d" />
    <TestEntry testId="6edafbc9-e008-978b-00bf-05809fa80a4b" executionId="dc150a25-064a-4f86-8195-7793064a51f5" testListId="8c84fa94-04c1-424b-9868-57a2d4851a1d" />
    <TestEntry testId="45f853e8-8dd9-db43-1258-af702427fa93" executionId="3ba05812-bcff-493b-b518-7cd5baf06462" testListId="8c84fa94-04c1-424b-9868-57a2d4851a1d" />
    <TestEntry testId="d3d2dec2-6064-5be2-bbb8-dba2653c36a5" executionId="a146ddac-300a-441b-bba1-645a912ea007" testListId="8c84fa94-04c1-424b-9868-57a2d4851a1d" />
    <TestEntry testId="ed4913ee-bf48-4727-49cd-a5b5163627b3" executionId="a353d10e-4342-46d5-b65d-f5e3bd790931" testListId="8c84fa94-04c1-424b-9868-57a2d4851a1d" />
    <TestEntry testId="54cb8ae8-ed49-988d-2801-ab5a1b994b5a" executionId="2f0b48f6-2af0-4a3c-9592-f1cdc4722e17" testListId="8c84fa94-04c1-424b-9868-57a2d4851a1d" />
    <TestEntry testId="b3cd54b5-9718-ed92-8f65-607e21a8e45d" executionId="df86570d-5eff-4c4a-9b88-5a2dacf2ea94" testListId="8c84fa94-04c1-424b-9868-57a2d4851a1d" />
    <TestEntry testId="73cf1d06-ee8a-7e1a-2470-a36acee9e008" executionId="35529430-bd7f-4170-b6d7-71d2b17c84f2" testListId="8c84fa94-04c1-424b-9868-57a2d4851a1d" />
    <TestEntry testId="0acf120a-fa3f-ba66-742d-29c7e6995d81" executionId="a7acee33-13fa-40db-bb80-26527d5b8f0b" testListId="8c84fa94-04c1-424b-9868-57a2d4851a1d" />
    <TestEntry testId="bd107a32-da38-dd5a-64fd-2731cc68a47f" executionId="0277e1a7-34c9-40a9-aa7b-ca51d9ee4a92" testListId="8c84fa94-04c1-424b-9868-57a2d4851a1d" />
    <TestEntry testId="43fc0bca-7f83-9c3e-fe4e-32622281aefc" executionId="8c0e50d0-80f9-4c83-939b-cd5f37b1650c" testListId="8c84fa94-04c1-424b-9868-57a2d4851a1d" />
    <TestEntry testId="0fec09da-5acc-f6de-fa54-87da167a4b4e" executionId="f3f04541-1ad8-44fc-9742-8fa793253b75" testListId="8c84fa94-04c1-424b-9868-57a2d4851a1d" />
    <TestEntry testId="4cb788a5-90e6-186a-5eb8-9d2804074c1e" executionId="ceffb6a5-add5-4b8c-84b7-43b02da56d23" testListId="8c84fa94-04c1-424b-9868-57a2d4851a1d" />
    <TestEntry testId="a79c53d2-ee5a-e6b0-7b92-399b5a672dd3" executionId="2c7f8d42-cfa2-47f5-b00d-d3e6208c334b" testListId="8c84fa94-04c1-424b-9868-57a2d4851a1d" />
    <TestEntry testId="360a0fb5-47d4-7157-858f-bfe7fc5a9476" executionId="f1debce6-f822-4748-9263-de25c3943c47" testListId="8c84fa94-04c1-424b-9868-57a2d4851a1d" />
    <TestEntry testId="42c2401e-f333-ccad-6394-16e647980b7b" executionId="56844ccb-fbe9-4e81-9025-29d63c4e3d44" testListId="8c84fa94-04c1-424b-9868-57a2d4851a1d" />
    <TestEntry testId="10922115-c390-d52c-49f7-9706192e55f3" executionId="c1642236-9877-4de8-8884-99bdb584c2bf" testListId="8c84fa94-04c1-424b-9868-57a2d4851a1d" />
    <TestEntry testId="ce160634-4a7e-d732-3d40-4a404a1cc021" executionId="e80d7c39-91ed-446d-ac62-b632f33334d8" testListId="8c84fa94-04c1-424b-9868-57a2d4851a1d" />
    <TestEntry testId="88a53492-bde7-09c5-e680-5af36e1c0448" executionId="fa59f8c0-a6bf-43a6-b101-e790dca6584f" testListId="8c84fa94-04c1-424b-9868-57a2d4851a1d" />
    <TestEntry testId="3e109a97-589e-88b4-27d3-a7db14cb6986" executionId="b4d13d76-f1fb-456b-8cef-931da3aa9e1a" testListId="8c84fa94-04c1-424b-9868-57a2d4851a1d" />
    <TestEntry testId="f6f8fba3-ce51-95f0-e9af-de2cb02b233f" executionId="a54a66cf-066c-47da-aa96-71c17c018f9b" testListId="8c84fa94-04c1-424b-9868-57a2d4851a1d" />
    <TestEntry testId="60d979f3-55ab-3e83-13ca-7e07d666b212" executionId="6bc2841b-4e7a-4d5a-9285-9fead47a4d26" testListId="8c84fa94-04c1-424b-9868-57a2d4851a1d" />
    <TestEntry testId="66c3bcd8-e034-2b9c-9fd9-8dfd9cb91c00" executionId="70474586-7094-48fc-bfd9-2f5ee4cd419c" testListId="8c84fa94-04c1-424b-9868-57a2d4851a1d" />
    <TestEntry testId="b0766167-ac56-78b5-33b1-17aa6a719b35" executionId="e9afd318-4a60-4179-b018-4f7e1c86a138" testListId="8c84fa94-04c1-424b-9868-57a2d4851a1d" />
    <TestEntry testId="4dc4850c-0eb1-ba61-5d3e-f2078bc236c4" executionId="3b8fec2e-e525-44aa-9f74-559cf0c8d906" testListId="8c84fa94-04c1-424b-9868-57a2d4851a1d" />
    <TestEntry testId="50db88c4-9b7a-3576-3f1e-51b18a3866db" executionId="dbd8c03d-8600-4683-a699-ef36b7f1a270" testListId="8c84fa94-04c1-424b-9868-57a2d4851a1d" />
    <TestEntry testId="a669f73d-75ed-e727-40e1-42b7c7542b1d" executionId="058cbd1c-45fc-41cd-a672-7ef02ce0f582" testListId="8c84fa94-04c1-424b-9868-57a2d4851a1d" />
    <TestEntry testId="f6dbdb6a-b41f-31a5-e91f-0af82b02f7d6" executionId="25533c25-8532-44f9-a0df-88b27b8ebca9" testListId="8c84fa94-04c1-424b-9868-57a2d4851a1d" />
    <TestEntry testId="ec35ffcd-3f65-e422-af67-eda76502f4e3" executionId="ce067cb3-827c-473a-a63b-4e5f6efc2c7d" testListId="8c84fa94-04c1-424b-9868-57a2d4851a1d" />
    <TestEntry testId="0200c49c-5d09-2f99-5a65-5e9ebd9d15cf" executionId="b18949cd-3dfa-4a91-919b-724253bfcef3" testListId="8c84fa94-04c1-424b-9868-57a2d4851a1d" />
    <TestEntry testId="d0fcbb03-b1f1-ead5-f9f3-3e1b4b22dd7f" executionId="7c52e394-63e8-4874-b0a7-9f70d85ddd8b" testListId="8c84fa94-04c1-424b-9868-57a2d4851a1d" />
    <TestEntry testId="ff2f19de-63c7-858e-b85c-317b4fd88a7c" executionId="7adab283-020e-4ce4-b8eb-a9c86933f5a8" testListId="8c84fa94-04c1-424b-9868-57a2d4851a1d" />
    <TestEntry testId="f335011f-fa87-9433-1dc5-57253b31b40f" executionId="75a371a5-0582-4f27-928a-6b384cadaac7" testListId="8c84fa94-04c1-424b-9868-57a2d4851a1d" />
    <TestEntry testId="43a05540-28c1-c974-c112-66d33e318ff3" executionId="38dbe4b9-6427-429d-9116-9195711f09fe" testListId="8c84fa94-04c1-424b-9868-57a2d4851a1d" />
    <TestEntry testId="0de698cb-d1f6-47db-fb9b-31ffca57e60c" executionId="1c3151b3-2193-4f15-a153-ed719ea1a5e0" testListId="8c84fa94-04c1-424b-9868-57a2d4851a1d" />
    <TestEntry testId="3823a78d-b9e8-0ab2-c61f-626fd782e4bf" executionId="307e1ce4-0692-437b-866d-3773aa00f33c" testListId="8c84fa94-04c1-424b-9868-57a2d4851a1d" />
    <TestEntry testId="91dafb3b-b5b4-5ecd-2491-1c4ded735e8e" executionId="fffc9732-9042-4728-a4bc-b8fc85c14fc6" testListId="8c84fa94-04c1-424b-9868-57a2d4851a1d" />
    <TestEntry testId="25c4c5e1-e43f-9f51-81a6-60d02e5a502b" executionId="99766a5d-f0e1-4e32-a347-f1580bbc9e00" testListId="8c84fa94-04c1-424b-9868-57a2d4851a1d" />
    <TestEntry testId="3c4b19ae-fdf6-5dec-cf31-11f78d4ac0f8" executionId="7293c8ad-9ac4-4237-92fa-884f9fe75b5d" testListId="8c84fa94-04c1-424b-9868-57a2d4851a1d" />
    <TestEntry testId="4026a591-ad9e-c0dd-3288-5d34d03c2373" executionId="39ebad5e-ca16-4375-9ac3-fe567b8d2ce5" testListId="8c84fa94-04c1-424b-9868-57a2d4851a1d" />
    <TestEntry testId="67dc48a0-2955-4e8d-c248-0416a26a3901" executionId="f795b4ca-343b-4c8b-87b3-f5c5e9036284" testListId="8c84fa94-04c1-424b-9868-57a2d4851a1d" />
    <TestEntry testId="77760405-bff6-b87e-6a9f-1ef60ee384c3" executionId="1d6109a9-d604-4374-ad44-18bb5dfe1a75" testListId="8c84fa94-04c1-424b-9868-57a2d4851a1d" />
    <TestEntry testId="ad8df1d1-8b50-e129-cf86-69e26c443969" executionId="f3a70ef5-602d-434f-a1d3-567824984ea5" testListId="8c84fa94-04c1-424b-9868-57a2d4851a1d" />
    <TestEntry testId="0e1fbd52-49ed-e081-9e61-380482e64e78" executionId="8706de19-ffdf-45b1-ac1b-31f6d06a2ccf" testListId="8c84fa94-04c1-424b-9868-57a2d4851a1d" />
    <TestEntry testId="bd0f68b9-5598-dae0-231c-b16bcaa71bec" executionId="77dabbb9-0d89-4450-8e6e-dcc71613fab2" testListId="8c84fa94-04c1-424b-9868-57a2d4851a1d" />
    <TestEntry testId="7c6e47ba-3488-c49d-1f01-4a966ff8462d" executionId="6d19c63e-cea0-40b9-8c12-bbd76e8662be" testListId="8c84fa94-04c1-424b-9868-57a2d4851a1d" />
    <TestEntry testId="e6633424-7046-94c0-0484-38a5e633f99c" executionId="fa069d8d-2853-4642-8cde-36076fbd7da9" testListId="8c84fa94-04c1-424b-9868-57a2d4851a1d" />
    <TestEntry testId="5cc16190-dcef-e6f4-97b5-77d63e450c90" executionId="68755576-52aa-4b1f-8ce0-5f616042f2b2" testListId="8c84fa94-04c1-424b-9868-57a2d4851a1d" />
    <TestEntry testId="6e3e30da-a011-419b-37ec-06264c1e37d2" executionId="cd9b9736-c821-4a20-b8c4-3cea2f06c2ea" testListId="8c84fa94-04c1-424b-9868-57a2d4851a1d" />
    <TestEntry testId="482aaa4f-7122-e09f-9edf-48542ca86b94" executionId="01a486b8-b5c0-4dc7-9315-0d5da488ee95" testListId="8c84fa94-04c1-424b-9868-57a2d4851a1d" />
    <TestEntry testId="0d5fc1a4-a94b-a6e7-7fe3-7d48025c0ed3" executionId="5528303a-c875-4aae-b44e-d3894daf3611" testListId="8c84fa94-04c1-424b-9868-57a2d4851a1d" />
    <TestEntry testId="0964dff6-4933-ebe2-b6cf-3d99fb3eb96b" executionId="d6db8ac7-2379-4e28-841f-e926d7fa46eb" testListId="8c84fa94-04c1-424b-9868-57a2d4851a1d" />
    <TestEntry testId="6698173b-3dc6-d9c4-54ba-81ca5f03ca14" executionId="fb7ecd9a-3f18-4d2e-848a-5936ce9357bf" testListId="8c84fa94-04c1-424b-9868-57a2d4851a1d" />
    <TestEntry testId="e1d18f05-3ded-b7d6-da67-07e228a7738a" executionId="23078ba4-230b-4b3b-86de-5814155ac64b" testListId="8c84fa94-04c1-424b-9868-57a2d4851a1d" />
    <TestEntry testId="e7a50084-2dfe-bcb1-c13a-bc0222a0b2d8" executionId="cd1187e6-7901-4a32-9e8c-527bcd0f41b0" testListId="8c84fa94-04c1-424b-9868-57a2d4851a1d" />
    <TestEntry testId="8dc2acb9-f6a6-4ebc-e56f-576856c03658" executionId="50231692-2cb5-4a31-888b-dcdc833f3ab3" testListId="8c84fa94-04c1-424b-9868-57a2d4851a1d" />
    <TestEntry testId="d729a70a-f183-3145-7355-f75871b3a663" executionId="60fb0667-afb9-4c38-967b-4b074e2973ac" testListId="8c84fa94-04c1-424b-9868-57a2d4851a1d" />
    <TestEntry testId="94ba660e-a7db-7767-4c82-3d2cd8b12d0b" executionId="732b8abd-1070-475f-b318-9acffa5a8e26" testListId="8c84fa94-04c1-424b-9868-57a2d4851a1d" />
    <TestEntry testId="3246624b-ce2d-a0fd-a956-f020ccca954b" executionId="9a524224-ae65-4d36-9058-288bf26c45ec" testListId="8c84fa94-04c1-424b-9868-57a2d4851a1d" />
    <TestEntry testId="7c2c4350-a684-f79c-b0c6-58ef728d6529" executionId="cf206cec-70e0-4af0-9c08-5d4879a956d5" testListId="8c84fa94-04c1-424b-9868-57a2d4851a1d" />
    <TestEntry testId="aabe955f-5122-5ed1-3a61-afd4eddaec8c" executionId="2311af2b-be82-4444-b526-df2d2655b114" testListId="8c84fa94-04c1-424b-9868-57a2d4851a1d" />
    <TestEntry testId="f370abf9-7ef1-15d5-c249-0aada5ec8495" executionId="8485a454-347b-4331-a63c-89d5d327a0e0" testListId="8c84fa94-04c1-424b-9868-57a2d4851a1d" />
    <TestEntry testId="f24829ef-8b74-2e3e-8054-231512055ed6" executionId="9d0983f7-ea59-41d3-8a2a-0ac0d8d9b499" testListId="8c84fa94-04c1-424b-9868-57a2d4851a1d" />
    <TestEntry testId="48b2c9a0-3ab7-3a2a-ea34-60c5b83f98e6" executionId="5458fb00-1967-4b25-81e4-349f0ef16cd6" testListId="8c84fa94-04c1-424b-9868-57a2d4851a1d" />
    <TestEntry testId="b9185f94-7fb8-adf8-ffd1-fda34110fb4d" executionId="ba5f1044-0d27-4174-ada8-bbfcdf842490" testListId="8c84fa94-04c1-424b-9868-57a2d4851a1d" />
    <TestEntry testId="b1200cfc-0585-4d02-a099-1b19926c2157" executionId="23efb597-cf83-41b4-807b-08259f0b4ae6" testListId="8c84fa94-04c1-424b-9868-57a2d4851a1d" />
    <TestEntry testId="1aae5dbb-3465-3f98-a900-eb9255cc3026" executionId="c4c50754-0824-4b26-a0cd-9b345eb21dfa" testListId="8c84fa94-04c1-424b-9868-57a2d4851a1d" />
    <TestEntry testId="052c60c7-b564-ae70-68ad-01fbb30d4336" executionId="a7368fdc-e14b-4820-9149-d6db0baea7aa" testListId="8c84fa94-04c1-424b-9868-57a2d4851a1d" />
    <TestEntry testId="2608907d-8ba5-c417-1b7f-6b5ce5436f00" executionId="e3c177c1-91b1-4dc0-8e2d-a38ddfeaf72b" testListId="8c84fa94-04c1-424b-9868-57a2d4851a1d" />
    <TestEntry testId="2bc79cea-b81b-1aa2-8d51-cd137815dcd6" executionId="58e7dda4-6a41-4d22-8d33-b80f365558a3" testListId="8c84fa94-04c1-424b-9868-57a2d4851a1d" />
    <TestEntry testId="2e1fd9e7-ae4d-bb3d-7348-6ec5e6393dbe" executionId="dd217338-feb4-41f4-af92-10aefca39491" testListId="8c84fa94-04c1-424b-9868-57a2d4851a1d" />
    <TestEntry testId="c98b09dd-8763-eec1-1e38-ec3e8ba34fbc" executionId="03cf25f6-500c-4cf0-a631-99cc356cd0e6" testListId="8c84fa94-04c1-424b-9868-57a2d4851a1d" />
    <TestEntry testId="f668879a-374b-4262-b665-916bdc526f6f" executionId="1cdfdf7a-f2de-4f09-b87a-e6b3d0fa22fb" testListId="8c84fa94-04c1-424b-9868-57a2d4851a1d" />
    <TestEntry testId="83623543-e950-25db-9fed-f4622c3f8d8a" executionId="07c9563c-5a01-4732-a4e3-34d99ef0a202" testListId="8c84fa94-04c1-424b-9868-57a2d4851a1d" />
    <TestEntry testId="e3353721-e604-6764-0181-f6db4ebfbfc7" executionId="bc58c3c4-c5ed-4ffd-9f4a-9515901f5eb5" testListId="8c84fa94-04c1-424b-9868-57a2d4851a1d" />
    <TestEntry testId="f51139a8-79d7-a645-4119-50e025f7b205" executionId="6d052fc3-b3e0-4a6c-b49c-4a746328d8ef" testListId="8c84fa94-04c1-424b-9868-57a2d4851a1d" />
    <TestEntry testId="b96ab11e-65fe-0521-7fd0-c41457acaaa6" executionId="2ad24217-16d1-4c39-847b-e161d4713fc1" testListId="8c84fa94-04c1-424b-9868-57a2d4851a1d" />
    <TestEntry testId="814ab7ba-3be1-6c05-f39f-b6c95636aafa" executionId="48c885ff-3081-4592-8115-570139d0665b" testListId="8c84fa94-04c1-424b-9868-57a2d4851a1d" />
    <TestEntry testId="fc5baafd-ce06-0461-84a6-5dad1c2c3fda" executionId="2e4bcf45-bf52-46d5-8a68-cb083110fded" testListId="8c84fa94-04c1-424b-9868-57a2d4851a1d" />
    <TestEntry testId="a9c3a608-39c1-1dc2-5519-c16b2e96e33a" executionId="956e12ab-9c88-499a-948c-4bd8453c5061" testListId="8c84fa94-04c1-424b-9868-57a2d4851a1d" />
    <TestEntry testId="370caaba-1a28-20a7-9f57-6694fe76e82f" executionId="f00bbf41-9dff-41ae-90d7-a41e47a004f9" testListId="8c84fa94-04c1-424b-9868-57a2d4851a1d" />
    <TestEntry testId="75fce3fa-cedc-dc19-4ef1-d4b3b19b6bb5" executionId="df746be8-fc58-468d-95e8-e7c765f6b003" testListId="8c84fa94-04c1-424b-9868-57a2d4851a1d" />
    <TestEntry testId="1377ad7f-1ba6-4af4-64cb-9d26da6aa7ac" executionId="1b7efb4b-38b4-4ac0-a89f-873f9a6177d1" testListId="8c84fa94-04c1-424b-9868-57a2d4851a1d" />
    <TestEntry testId="366f806d-2838-580d-2f61-5321c1046897" executionId="6f37a2d7-529c-4963-9866-bc1b7a0ebc60" testListId="8c84fa94-04c1-424b-9868-57a2d4851a1d" />
    <TestEntry testId="9df40513-2213-e2f9-645f-b4e114e100dd" executionId="752d4e13-3ebc-4ec1-9519-f70456d38b28" testListId="8c84fa94-04c1-424b-9868-57a2d4851a1d" />
    <TestEntry testId="3527acae-2477-9a4c-bb68-c55bee35e773" executionId="9cebe3e6-ad3b-46ad-a8f4-0fc1811151ba" testListId="8c84fa94-04c1-424b-9868-57a2d4851a1d" />
    <TestEntry testId="9f03aba6-1587-25ce-4e61-53ea9c44d62d" executionId="aeff6e0c-7a98-417c-a3f6-d3acfe826963" testListId="8c84fa94-04c1-424b-9868-57a2d4851a1d" />
    <TestEntry testId="2b1d4e98-e45b-5812-3928-8dc876262ba4" executionId="dad72722-1a19-49f9-b834-a60f8dc102cc" testListId="8c84fa94-04c1-424b-9868-57a2d4851a1d" />
    <TestEntry testId="885b749a-d887-a45c-ae4e-bb37542e83f6" executionId="7704e6f9-1683-4700-ab46-e6d9a5c38abd" testListId="8c84fa94-04c1-424b-9868-57a2d4851a1d" />
    <TestEntry testId="bbbab46f-8715-295c-6347-7408df175e35" executionId="dba6a86b-18c3-4ebf-9c3e-2cb906c6d42d" testListId="8c84fa94-04c1-424b-9868-57a2d4851a1d" />
    <TestEntry testId="5b86e1cc-98a6-d8b8-5eab-a8aa9e519ec8" executionId="b52376b6-d2d3-4f97-a78d-55736d77f0e2" testListId="8c84fa94-04c1-424b-9868-57a2d4851a1d" />
    <TestEntry testId="d56150dd-50a2-e53a-05fe-db4a07a8443c" executionId="55f7789a-54b5-4c04-b28a-722b95a24260" testListId="8c84fa94-04c1-424b-9868-57a2d4851a1d" />
    <TestEntry testId="167e6bb8-7102-31c2-2c4d-cd3ad70f9c84" executionId="2981dc07-1641-4e02-83af-cd121424b6da" testListId="8c84fa94-04c1-424b-9868-57a2d4851a1d" />
    <TestEntry testId="903688c7-2a97-3a3a-c79c-a3fb8b8af309" executionId="103c9620-e0da-4351-93dd-456de0ba415c" testListId="8c84fa94-04c1-424b-9868-57a2d4851a1d" />
    <TestEntry testId="f32e2eae-63c4-1717-2da1-7837c6d658ca" executionId="09a414f0-ad2c-4d4d-851f-2fe49e3e631f" testListId="8c84fa94-04c1-424b-9868-57a2d4851a1d" />
    <TestEntry testId="cce3e222-0d64-d0ea-6103-bd0c70cd560a" executionId="f28acb3b-ac96-4491-9590-1ac0c34c8755" testListId="8c84fa94-04c1-424b-9868-57a2d4851a1d" />
    <TestEntry testId="fbd9affd-05fe-f5e6-f8c5-6a7bf514e5a3" executionId="36a694d1-4ce1-44d8-9b5e-b150c4908fa3" testListId="8c84fa94-04c1-424b-9868-57a2d4851a1d" />
    <TestEntry testId="51205705-8603-e058-0805-10627b38417c" executionId="90f11a94-ea61-487e-89c1-0fc7af309dee" testListId="8c84fa94-04c1-424b-9868-57a2d4851a1d" />
    <TestEntry testId="124359d7-e55a-c1d3-e635-a28e73a72cb1" executionId="f4dc81c3-9009-4624-9e87-9bc2d1d00912" testListId="8c84fa94-04c1-424b-9868-57a2d4851a1d" />
    <TestEntry testId="a17e84ef-b8a2-1ebc-6e9e-848cc6228497" executionId="afff290a-38c3-4897-a72f-df8f6422e254" testListId="8c84fa94-04c1-424b-9868-57a2d4851a1d" />
    <TestEntry testId="5229aa05-8801-d23f-49c5-27106879c676" executionId="81a05658-e145-4522-94d9-9bccca23fae3" testListId="8c84fa94-04c1-424b-9868-57a2d4851a1d" />
    <TestEntry testId="83908ad5-30c4-2a6d-980a-e86eecf836b1" executionId="1683ef9e-757e-4d1a-a142-aa5bb72c9981" testListId="8c84fa94-04c1-424b-9868-57a2d4851a1d" />
    <TestEntry testId="e35dfb3a-d9e1-8b0a-84d6-124ff49f48cd" executionId="31910d3a-b848-4e28-82e1-c3786d629df7" testListId="8c84fa94-04c1-424b-9868-57a2d4851a1d" />
    <TestEntry testId="f66cfa31-b812-fb74-30ba-02e8fe4f2d95" executionId="712d2423-181c-447c-9244-4eb6a3a31104" testListId="8c84fa94-04c1-424b-9868-57a2d4851a1d" />
    <TestEntry testId="a051a8f0-be0f-b57a-ef46-f493055d73a4" executionId="11a2983d-5074-4962-b5b0-87799741c54c" testListId="8c84fa94-04c1-424b-9868-57a2d4851a1d" />
    <TestEntry testId="0537904e-6714-8bcc-02fd-6e75c4beb198" executionId="812b3271-5232-48a3-adf1-8a2ce13c592b" testListId="8c84fa94-04c1-424b-9868-57a2d4851a1d" />
    <TestEntry testId="2510c6ac-660c-4b9b-6b83-6251d2bcbda2" executionId="48edff4e-1967-4409-b120-bd65c049c9e3" testListId="8c84fa94-04c1-424b-9868-57a2d4851a1d" />
    <TestEntry testId="41b7f7ac-bdc8-bba9-d0a0-fb7bd14c908b" executionId="aed73ad2-d7e2-4f13-a22f-d4b8519b6afb" testListId="8c84fa94-04c1-424b-9868-57a2d4851a1d" />
    <TestEntry testId="c0fdf030-ae28-c27c-8aec-e92ae855b730" executionId="de2a215e-5979-40c9-9e37-d604bfe49f6f" testListId="8c84fa94-04c1-424b-9868-57a2d4851a1d" />
    <TestEntry testId="ad07453c-2706-9025-4237-9bccbe6abc8d" executionId="bc45ca3b-5335-429a-8fb3-83355d2cace6" testListId="8c84fa94-04c1-424b-9868-57a2d4851a1d" />
    <TestEntry testId="d33f2829-c35e-069b-fd35-d268adac2eca" executionId="5cfe9a5b-0822-4824-bcd2-75ca4fdab860" testListId="8c84fa94-04c1-424b-9868-57a2d4851a1d" />
    <TestEntry testId="e365c34e-42b5-8620-bb78-8f52c7c066cd" executionId="e94063cc-25da-4f31-9e87-b50b73f6b555" testListId="8c84fa94-04c1-424b-9868-57a2d4851a1d" />
    <TestEntry testId="fc871cfa-cc66-d746-1d85-1911eaaa1b04" executionId="f4848f29-e98d-423d-8e19-edf9b12cb77f" testListId="8c84fa94-04c1-424b-9868-57a2d4851a1d" />
    <TestEntry testId="e2eb2d5b-42b1-2945-0d05-e68c7606954a" executionId="1cf7f74f-2248-4ecd-8801-d1548b97fbf8" testListId="8c84fa94-04c1-424b-9868-57a2d4851a1d" />
    <TestEntry testId="0a3cd2e7-f7de-d1ce-ede2-f86bb53939cf" executionId="852d39fc-d911-4ff8-9800-40e398270810" testListId="8c84fa94-04c1-424b-9868-57a2d4851a1d" />
    <TestEntry testId="175f4366-12a6-ed41-1936-0fd233feed8b" executionId="6902c68b-b5e2-4cc7-bbf1-961cb20231e1" testListId="8c84fa94-04c1-424b-9868-57a2d4851a1d" />
    <TestEntry testId="aff983e4-b114-b059-db72-80b41581c470" executionId="8cd481b7-c023-4e90-b9ae-e4af0f51d449" testListId="8c84fa94-04c1-424b-9868-57a2d4851a1d" />
    <TestEntry testId="afe123c6-4538-2941-3bd4-095fd8c264ca" executionId="a5168a83-14b1-4347-acc3-9fd4451589fe" testListId="8c84fa94-04c1-424b-9868-57a2d4851a1d" />
    <TestEntry testId="cd831ef2-0c4d-f4da-3ff2-46e627bb1148" executionId="8e758c63-3087-4a20-b688-2cfd59e6d3ca" testListId="8c84fa94-04c1-424b-9868-57a2d4851a1d" />
    <TestEntry testId="5054b331-eec9-95db-411f-59b78f5be04c" executionId="c1b7ab09-75cd-4aea-8304-412d317a600b" testListId="8c84fa94-04c1-424b-9868-57a2d4851a1d" />
    <TestEntry testId="c7fb8d92-3836-d2cc-ae93-7bf3703d8daa" executionId="ad0ac6ee-b2a8-4f23-8e75-873229d1d4af" testListId="8c84fa94-04c1-424b-9868-57a2d4851a1d" />
    <TestEntry testId="047bd362-df27-1e4a-af4b-eac305cc5d6d" executionId="ad53a4b8-0058-4ebf-901c-a3307a18381c" testListId="8c84fa94-04c1-424b-9868-57a2d4851a1d" />
    <TestEntry testId="165b45f6-5de6-8ee2-564e-bbd7e1cc2619" executionId="d95efff4-d9f5-4eb4-bb85-024df688b59a" testListId="8c84fa94-04c1-424b-9868-57a2d4851a1d" />
    <TestEntry testId="93079dd7-6b97-b0c4-0a98-5077c1c09770" executionId="1c2fc05e-4261-407f-93d8-5ef183c09a14" testListId="8c84fa94-04c1-424b-9868-57a2d4851a1d" />
    <TestEntry testId="8fbf530d-c7b4-fba0-c88d-c3f6e4d939d7" executionId="72c77bce-b76a-4b81-bb1f-fd7a7a7e8e53" testListId="8c84fa94-04c1-424b-9868-57a2d4851a1d" />
    <TestEntry testId="20cb159b-4192-0926-f8da-63c9e67526b0" executionId="ff673e74-9952-4b84-a63d-bff85446e01a" testListId="8c84fa94-04c1-424b-9868-57a2d4851a1d" />
    <TestEntry testId="b4ee73de-b47f-3cae-26e1-9cf17c48c6ec" executionId="c322bc3a-be4d-4287-9d4c-81285bbd5056" testListId="8c84fa94-04c1-424b-9868-57a2d4851a1d" />
    <TestEntry testId="69ce65ee-0561-7059-4057-5877f3977e57" executionId="028fafff-89fe-4541-a441-2ebe1c0932d1" testListId="8c84fa94-04c1-424b-9868-57a2d4851a1d" />
    <TestEntry testId="60a2658c-ca95-72f4-55fe-8591421f2f3c" executionId="47fa8a1d-d9ec-49f7-a860-55bd3b19b422" testListId="8c84fa94-04c1-424b-9868-57a2d4851a1d" />
    <TestEntry testId="196669da-bbfa-8322-7bde-96b9ca77ebfd" executionId="a4dcc45c-19ad-4548-9c44-e4c37b477b1f" testListId="8c84fa94-04c1-424b-9868-57a2d4851a1d" />
    <TestEntry testId="fc2167d6-14bd-facb-0a35-da9a244cc117" executionId="d48d22e0-166a-4b7e-8f66-d5c68a606452" testListId="8c84fa94-04c1-424b-9868-57a2d4851a1d" />
    <TestEntry testId="00075fa3-a71f-0182-430e-2a1f579dc758" executionId="94309e8e-bdfe-4bb2-ae1f-524f38a9fa5d" testListId="8c84fa94-04c1-424b-9868-57a2d4851a1d" />
    <TestEntry testId="fe17ef24-bb57-69f1-d79a-351b684a2f9f" executionId="1d5f4e68-98a4-45b5-a5a4-7ad94232a795" testListId="8c84fa94-04c1-424b-9868-57a2d4851a1d" />
    <TestEntry testId="afc5059a-3990-da36-edf0-07c70537947b" executionId="df0d7d0d-9db4-42ab-90b6-27f79d1e4cbe" testListId="8c84fa94-04c1-424b-9868-57a2d4851a1d" />
    <TestEntry testId="d1e39889-059a-6c68-59c8-9133d236708f" executionId="3b60df83-e263-4b42-9193-05bb36a405b2" testListId="8c84fa94-04c1-424b-9868-57a2d4851a1d" />
    <TestEntry testId="cb34b246-bcb4-c8bb-f673-4cd8f90fac71" executionId="bcd80d60-a2e9-48c7-afa3-27546ef31524" testListId="8c84fa94-04c1-424b-9868-57a2d4851a1d" />
    <TestEntry testId="fd4bb68f-397b-0c69-fed5-dd129268d5cf" executionId="07108f89-a8c3-4951-a6bf-f7e161685d6f" testListId="8c84fa94-04c1-424b-9868-57a2d4851a1d" />
    <TestEntry testId="48550114-7d9e-5892-8f8f-3020a8e23fa3" executionId="022d2748-ae34-405e-9f63-e108bf31312a" testListId="8c84fa94-04c1-424b-9868-57a2d4851a1d" />
    <TestEntry testId="1f505d5d-b023-d069-ab33-37d0831dc012" executionId="c2e5e884-26b7-4579-bbf2-dee7edb413a6" testListId="8c84fa94-04c1-424b-9868-57a2d4851a1d" />
    <TestEntry testId="5e343290-79d0-15fd-af65-dded0098cc3e" executionId="246d158b-ddd7-4d97-a9b0-4c6c0503420b" testListId="8c84fa94-04c1-424b-9868-57a2d4851a1d" />
    <TestEntry testId="f6890201-f3fe-41e3-72a7-fcde7cee8a03" executionId="adc3633e-ff87-40f4-95ff-5025e9ad0484" testListId="8c84fa94-04c1-424b-9868-57a2d4851a1d" />
    <TestEntry testId="5629b724-590a-0650-1f22-cae1746c7973" executionId="800fbeb0-07b4-447d-8264-794873c3886c" testListId="8c84fa94-04c1-424b-9868-57a2d4851a1d" />
    <TestEntry testId="1b0a93e7-667c-3c90-8e7c-a94523027f57" executionId="c0359806-093e-4fb5-909d-f5dd474f2338" testListId="8c84fa94-04c1-424b-9868-57a2d4851a1d" />
    <TestEntry testId="b9de18dd-5d63-105c-5e44-d47df573459b" executionId="ea8d2df7-870f-4248-ad10-0ed4866dceec" testListId="8c84fa94-04c1-424b-9868-57a2d4851a1d" />
    <TestEntry testId="8414477e-817c-284a-dc2d-d35898f1c772" executionId="76198e8a-8f2d-463d-9ec3-be9b8eeb5b5f" testListId="8c84fa94-04c1-424b-9868-57a2d4851a1d" />
    <TestEntry testId="5724a0eb-9cf0-5e2e-aeb5-bedd6664c43e" executionId="944fcc60-579d-4e5f-880e-b22379377228" testListId="8c84fa94-04c1-424b-9868-57a2d4851a1d" />
    <TestEntry testId="01029a4d-06f1-06b6-874e-ebd578c6e58f" executionId="bb077283-7988-401b-bdb7-ec30c48857b0" testListId="8c84fa94-04c1-424b-9868-57a2d4851a1d" />
    <TestEntry testId="97f29ff8-493e-9938-446f-16e1974f4ebd" executionId="6ca1d91e-7c90-40a9-ab1d-3c369d2f56c4" testListId="8c84fa94-04c1-424b-9868-57a2d4851a1d" />
    <TestEntry testId="f885d56c-d3de-9435-08f3-15887f4e9ba7" executionId="ab96f8f7-37d5-4355-b85d-6f1a04519285" testListId="8c84fa94-04c1-424b-9868-57a2d4851a1d" />
    <TestEntry testId="f7546399-2638-e3e9-1ebf-c4918cba8a48" executionId="35413dd6-e689-41fa-a4c8-3a41fac204ad" testListId="8c84fa94-04c1-424b-9868-57a2d4851a1d" />
    <TestEntry testId="86aef52f-0bf6-8785-b333-e383dd321ae5" executionId="a46397e7-0d5e-40cd-8dee-258780fbc510" testListId="8c84fa94-04c1-424b-9868-57a2d4851a1d" />
    <TestEntry testId="7c5d16ac-c770-2255-f4df-342867940741" executionId="95cd8f73-8d9d-45c5-a2c2-6ed12f294e61" testListId="8c84fa94-04c1-424b-9868-57a2d4851a1d" />
    <TestEntry testId="cf77eba4-7244-d956-d467-5e2a99528f18" executionId="ebeb1541-6bd2-4639-bf05-147def885f35" testListId="8c84fa94-04c1-424b-9868-57a2d4851a1d" />
    <TestEntry testId="65e29663-71a8-c16a-40b7-0d684d259f3b" executionId="cadc6a98-1e2e-4e18-922c-5c70cbf8324a" testListId="8c84fa94-04c1-424b-9868-57a2d4851a1d" />
    <TestEntry testId="dd3f13ce-ca29-6f06-cfa9-dad41be45c32" executionId="e2d77a71-2dcc-4c73-ab98-e9d6e89bfc56" testListId="8c84fa94-04c1-424b-9868-57a2d4851a1d" />
    <TestEntry testId="38aa743d-c7a4-c3fe-b172-cbfe805c6555" executionId="60aecf39-d95b-4b15-b5b9-ff9862275b4e" testListId="8c84fa94-04c1-424b-9868-57a2d4851a1d" />
    <TestEntry testId="3e4c8175-53c2-7511-d553-dc9ecf22ea20" executionId="d3ca9c91-a823-4d70-944d-82409e160bba" testListId="8c84fa94-04c1-424b-9868-57a2d4851a1d" />
    <TestEntry testId="ce9a4d25-d632-5295-5b02-c828d0a815ce" executionId="49663acf-0094-4fc2-9c26-84a91ea015fe" testListId="8c84fa94-04c1-424b-9868-57a2d4851a1d" />
    <TestEntry testId="0287002e-1f46-3e63-127b-6a78b017b315" executionId="a5061f25-a7af-4ea2-a865-4471c8fef944" testListId="8c84fa94-04c1-424b-9868-57a2d4851a1d" />
    <TestEntry testId="3ddbde29-5c85-2106-0858-f517afa126f6" executionId="7061f812-dacd-45fa-82cd-8240083b4478" testListId="8c84fa94-04c1-424b-9868-57a2d4851a1d" />
    <TestEntry testId="18576cbc-9418-0385-f1e2-bf250174e22b" executionId="f2f47158-a200-4360-9045-7ee2c3ea680d" testListId="8c84fa94-04c1-424b-9868-57a2d4851a1d" />
    <TestEntry testId="e28a3298-a0dd-3594-f2dc-2a278a11a432" executionId="18b77b4e-3ebe-4fbd-b696-503330eb70b6" testListId="8c84fa94-04c1-424b-9868-57a2d4851a1d" />
    <TestEntry testId="872012e6-b745-1d90-e216-9f915e6814ba" executionId="4d3e105f-3df7-4d0f-b581-77712d709db1" testListId="8c84fa94-04c1-424b-9868-57a2d4851a1d" />
    <TestEntry testId="dd004544-eb24-a6c7-4120-3a985ce2a529" executionId="950438ca-4959-44f1-b505-e1988d300528" testListId="8c84fa94-04c1-424b-9868-57a2d4851a1d" />
    <TestEntry testId="a21e398d-e396-da78-da70-16f3f9247e9f" executionId="db8af5ff-b9bc-4940-857b-4a04d8cad508" testListId="8c84fa94-04c1-424b-9868-57a2d4851a1d" />
    <TestEntry testId="6e0b0fa7-a28a-5051-fcfc-0ed66a8b7485" executionId="d21983d1-b185-4cd5-9e7c-0c94eb75dd92" testListId="8c84fa94-04c1-424b-9868-57a2d4851a1d" />
    <TestEntry testId="6596df47-1373-7f49-4bab-82d0573d4353" executionId="b8272151-55c9-45d2-af26-27c80c5c2c70" testListId="8c84fa94-04c1-424b-9868-57a2d4851a1d" />
    <TestEntry testId="f7a0a6f2-4a3b-f568-929b-b9805b73bdf7" executionId="e68953fe-ea87-44b6-b2a2-143e2affd933" testListId="8c84fa94-04c1-424b-9868-57a2d4851a1d" />
    <TestEntry testId="a5db4204-a1cf-db20-d289-be5f67386096" executionId="c72a163c-5f4e-43fe-8388-960762cd3e25" testListId="8c84fa94-04c1-424b-9868-57a2d4851a1d" />
    <TestEntry testId="31600567-ec43-5eef-e1b8-932fff18f80e" executionId="acfcfd2b-7c86-4de3-a117-8b451e36794d" testListId="8c84fa94-04c1-424b-9868-57a2d4851a1d" />
    <TestEntry testId="94b669fc-353e-3c22-77e4-1f3a9f4302f5" executionId="95fa48a3-f30e-489d-a1b0-ccbaba9252cf" testListId="8c84fa94-04c1-424b-9868-57a2d4851a1d" />
    <TestEntry testId="4da4bd80-8a6f-ed94-a82d-b2239c0af6ae" executionId="4351879f-b3e6-41d1-ba20-c9be4cb4ee9b" testListId="8c84fa94-04c1-424b-9868-57a2d4851a1d" />
    <TestEntry testId="2e0fd8e5-c836-c743-7cac-8a68b638e404" executionId="c7c8f20d-641b-43d5-a205-247f0c54b3cb" testListId="8c84fa94-04c1-424b-9868-57a2d4851a1d" />
    <TestEntry testId="ba505ad2-f112-8c71-877b-b6606b7c4591" executionId="e49163ff-c61d-4a0f-b322-0079372e4dbe" testListId="8c84fa94-04c1-424b-9868-57a2d4851a1d" />
    <TestEntry testId="f21c19ea-b2f1-08aa-1abc-ef8111a52a30" executionId="73064e72-9910-4650-b4d4-8a6a73673245" testListId="8c84fa94-04c1-424b-9868-57a2d4851a1d" />
    <TestEntry testId="48d71aaa-b9b4-77cb-6777-9a44a53135df" executionId="bb8d64d4-02ba-4e4b-bcb6-f34a4d9ef051" testListId="8c84fa94-04c1-424b-9868-57a2d4851a1d" />
    <TestEntry testId="3c5d8266-f4d9-42a3-e80e-9858c0a78229" executionId="75560f05-748e-4c49-a583-dcf922fa970c" testListId="8c84fa94-04c1-424b-9868-57a2d4851a1d" />
    <TestEntry testId="c1a3da5c-b2cb-2d1a-3641-d150fedfc0b0" executionId="c78857e3-67e5-4e4c-b2dc-0391c798d3ff" testListId="8c84fa94-04c1-424b-9868-57a2d4851a1d" />
    <TestEntry testId="4858921a-c217-fb9a-930a-2bb9ceb5c35b" executionId="8f73ebd9-2a67-410f-9d6d-0d1972471f0f" testListId="8c84fa94-04c1-424b-9868-57a2d4851a1d" />
    <TestEntry testId="a3fbadb2-b3d0-987f-6f04-cfea0f713744" executionId="c9827794-0cb3-45a8-af47-b76a142ebaa3" testListId="8c84fa94-04c1-424b-9868-57a2d4851a1d" />
    <TestEntry testId="c32b0b9c-a3d3-1bd9-c803-7980e09827b4" executionId="7b9192d5-1211-46e8-8f23-bb476307d8d6" testListId="8c84fa94-04c1-424b-9868-57a2d4851a1d" />
    <TestEntry testId="f33a5fd8-eac5-884e-5f2a-df8374d5176b" executionId="cd25c9e9-ebaa-49b5-9cd4-8190433e9649" testListId="8c84fa94-04c1-424b-9868-57a2d4851a1d" />
    <TestEntry testId="88506aee-ec74-94ab-64f0-1d5d69f7c93a" executionId="2ad829b3-9162-4fa7-8ee0-2d70cae17051" testListId="8c84fa94-04c1-424b-9868-57a2d4851a1d" />
    <TestEntry testId="1e8647f0-cb11-389c-3ceb-38ed136a3023" executionId="a495d581-5aa1-43cf-b52d-ae92e5bc4fa1" testListId="8c84fa94-04c1-424b-9868-57a2d4851a1d" />
    <TestEntry testId="e87d4a24-f3a6-ac15-d7a7-db6ff9fc8246" executionId="f0f3e61f-5d38-43f3-a469-c1a241e1a1c4" testListId="8c84fa94-04c1-424b-9868-57a2d4851a1d" />
    <TestEntry testId="62337d35-bbe9-8bcf-3211-e06ba2c63a81" executionId="e5167b73-5115-4fe0-b261-6329a7a75736" testListId="8c84fa94-04c1-424b-9868-57a2d4851a1d" />
    <TestEntry testId="b3dc5a54-ce15-10b9-487e-a8ab96ea294d" executionId="c3e81ab7-6d32-4c2f-a911-6f3f3ac665d3" testListId="8c84fa94-04c1-424b-9868-57a2d4851a1d" />
    <TestEntry testId="c43009f6-00ef-f6ac-330d-25499fe25b75" executionId="d05c5f57-b6ee-4724-94b2-6136d86bd7c0" testListId="8c84fa94-04c1-424b-9868-57a2d4851a1d" />
    <TestEntry testId="18f83302-bdc8-4213-99b2-84b0dc8b1ae2" executionId="8ad6646a-a8c4-4801-bda8-9943f0783398" testListId="8c84fa94-04c1-424b-9868-57a2d4851a1d" />
    <TestEntry testId="c96a6142-bca6-2171-b886-85eedca6169c" executionId="09e20eca-bb9f-4d54-b3ea-3e1b1481a085" testListId="8c84fa94-04c1-424b-9868-57a2d4851a1d" />
    <TestEntry testId="efceb4da-329e-ba4d-bf85-6bada4ee5542" executionId="05080efc-68f8-4dc7-8382-782c8dc5b851" testListId="8c84fa94-04c1-424b-9868-57a2d4851a1d" />
    <TestEntry testId="b2dee506-a994-1bed-08f1-ae45b65ccad7" executionId="6309bb57-fe2c-45dc-a155-6b00a20b5cd4" testListId="8c84fa94-04c1-424b-9868-57a2d4851a1d" />
    <TestEntry testId="18399c1b-029f-4ab9-7f07-bf2946ef64d4" executionId="2cf4c1e1-f761-4f15-9841-605e4fb7ec00" testListId="8c84fa94-04c1-424b-9868-57a2d4851a1d" />
    <TestEntry testId="f1b81f2b-416b-96f9-c0fc-53949054780e" executionId="5b358ea6-abb8-4697-9e83-7a487118e77a" testListId="8c84fa94-04c1-424b-9868-57a2d4851a1d" />
    <TestEntry testId="0d0435cb-f9fb-518a-e90b-8f76192ba73a" executionId="6bec6c50-7abc-4acc-8989-8252411d585a" testListId="8c84fa94-04c1-424b-9868-57a2d4851a1d" />
    <TestEntry testId="c9d51975-6f81-fb3e-ab56-42d807bfc7b1" executionId="8bef4261-859e-497c-8cd0-a7c540643e66" testListId="8c84fa94-04c1-424b-9868-57a2d4851a1d" />
    <TestEntry testId="0a5a242b-0518-b5bd-7865-39d02006349d" executionId="71b8e714-b5ee-4ab4-97c6-6f5771699216" testListId="8c84fa94-04c1-424b-9868-57a2d4851a1d" />
    <TestEntry testId="bf6f4fa1-99f2-92dc-50d8-af47e5932ee5" executionId="5ab41c58-5b05-4b07-92a0-310dadcaab45" testListId="8c84fa94-04c1-424b-9868-57a2d4851a1d" />
    <TestEntry testId="626ce4b8-ae2f-5371-3c02-af9c0519804f" executionId="be8e8568-d9db-4ed7-add7-f64e449827fe" testListId="8c84fa94-04c1-424b-9868-57a2d4851a1d" />
    <TestEntry testId="696b1b58-88b9-48b0-32ba-f992179b1dde" executionId="32e9bc9d-6762-43f6-97e4-6b218f6898b5" testListId="8c84fa94-04c1-424b-9868-57a2d4851a1d" />
    <TestEntry testId="9c9f5221-0ae6-cc8c-f16f-5076ead70741" executionId="c33ece61-8aca-4023-ae7b-4d274761bf52" testListId="8c84fa94-04c1-424b-9868-57a2d4851a1d" />
    <TestEntry testId="12ec1d9a-783c-46da-51ad-e762c4ab6de5" executionId="a653029d-e57a-47b9-9aeb-a9aa91db2e92" testListId="8c84fa94-04c1-424b-9868-57a2d4851a1d" />
    <TestEntry testId="efc4b989-3fc2-7c25-ed73-4664eac9b7a8" executionId="bc652379-c3fd-4c97-81e0-626ad41eece0" testListId="8c84fa94-04c1-424b-9868-57a2d4851a1d" />
    <TestEntry testId="937bf5e3-83b2-ca6f-8df1-80776f39f2e1" executionId="fe6a9613-ee73-4a5e-8431-01cdfda74ce2" testListId="8c84fa94-04c1-424b-9868-57a2d4851a1d" />
    <TestEntry testId="89aaae79-920b-1c37-f3ef-8d343634b3bd" executionId="0d0a8e1a-b329-4cd6-b576-0a3bb7c78924" testListId="8c84fa94-04c1-424b-9868-57a2d4851a1d" />
    <TestEntry testId="6dc0b353-074b-ce43-a5ff-9087dbe645bf" executionId="7d329e6f-3399-43b5-84fc-bc31dc585011" testListId="8c84fa94-04c1-424b-9868-57a2d4851a1d" />
    <TestEntry testId="65bae656-cabe-8c0b-cd68-f3fdad15abf0" executionId="176ea16b-dcc7-48e5-adb0-70965c740af5" testListId="8c84fa94-04c1-424b-9868-57a2d4851a1d" />
    <TestEntry testId="e95d9205-c718-fcac-539c-2d5739cfde75" executionId="ac06e432-47cd-4196-ac19-685d4a441618" testListId="8c84fa94-04c1-424b-9868-57a2d4851a1d" />
    <TestEntry testId="abf6eb28-73ed-808f-a59e-32f36303e91f" executionId="da539a1b-29b0-41c5-bb05-6628c6f6ca40" testListId="8c84fa94-04c1-424b-9868-57a2d4851a1d" />
    <TestEntry testId="f6cc3ef6-21b7-73ea-89db-4de585d4b1b7" executionId="b5628674-7b43-4505-bfa5-daebd32ec116" testListId="8c84fa94-04c1-424b-9868-57a2d4851a1d" />
    <TestEntry testId="4bc0fd62-eaf5-322b-3493-8aea9210c3ba" executionId="f9c1e4cf-f9da-46b0-8a8f-053d23fd9423" testListId="8c84fa94-04c1-424b-9868-57a2d4851a1d" />
    <TestEntry testId="6804e348-ffa3-5ac0-e728-793a61497cb2" executionId="1d89dbe9-38c2-422f-9217-5d30dacc14bf" testListId="8c84fa94-04c1-424b-9868-57a2d4851a1d" />
    <TestEntry testId="f22cdb57-e5ca-2628-b4eb-24062746e0bb" executionId="acd3b026-dd0b-4bd5-97c8-aa668a283994" testListId="8c84fa94-04c1-424b-9868-57a2d4851a1d" />
    <TestEntry testId="6856b2cd-32b4-d8d9-cfe9-507bd56544ea" executionId="5268876d-5895-4a8d-aa89-fbc2184961fe" testListId="8c84fa94-04c1-424b-9868-57a2d4851a1d" />
    <TestEntry testId="a2f5754f-accc-86c8-2282-a4978b787b5a" executionId="24a02dac-70cf-4b77-9fa5-f26368225b04" testListId="8c84fa94-04c1-424b-9868-57a2d4851a1d" />
    <TestEntry testId="44232f0b-d1bb-ce31-63a3-bd4d292620d2" executionId="b9216317-3562-48d5-812e-dbab54ae4825" testListId="8c84fa94-04c1-424b-9868-57a2d4851a1d" />
    <TestEntry testId="efd05e0e-40d1-d772-2b34-b363ffef5a97" executionId="3e260b72-c8cf-424b-a42b-9d695f07e034" testListId="8c84fa94-04c1-424b-9868-57a2d4851a1d" />
    <TestEntry testId="384a4edf-3606-1596-fc80-217875c1e803" executionId="adb12e47-553a-4fcc-8ea9-6d135c120f36" testListId="8c84fa94-04c1-424b-9868-57a2d4851a1d" />
    <TestEntry testId="cbf90bef-17ea-f583-75d9-bcf8f118390d" executionId="f41be1f9-45aa-4f25-ae3c-210c529c5db4" testListId="8c84fa94-04c1-424b-9868-57a2d4851a1d" />
    <TestEntry testId="4e5016bb-6fab-bf9e-bfbd-730177922ec6" executionId="37678bd5-3763-49fe-ab69-b1843a56b640" testListId="8c84fa94-04c1-424b-9868-57a2d4851a1d" />
    <TestEntry testId="344d520e-b89e-3d3b-c080-dd8b5bf74bec" executionId="c4bbb8ed-4613-4993-988d-d17c126622a7" testListId="8c84fa94-04c1-424b-9868-57a2d4851a1d" />
    <TestEntry testId="a78918e5-3d17-8476-0b33-0673e51cc0c7" executionId="a4599762-a5d0-4d2c-be1b-eeafe5f26964" testListId="8c84fa94-04c1-424b-9868-57a2d4851a1d" />
    <TestEntry testId="c991f0a7-2767-8911-3252-62d8f8fa625c" executionId="9056bfd7-9177-4cb0-9e16-c3f876773e5b" testListId="8c84fa94-04c1-424b-9868-57a2d4851a1d" />
    <TestEntry testId="ffa1858c-5c0e-c4da-b0c4-05bf781807b5" executionId="91a6396b-006c-47ac-8b30-ad581aa05a74" testListId="8c84fa94-04c1-424b-9868-57a2d4851a1d" />
    <TestEntry testId="ed99d86b-045c-bcef-4f00-135f088ec51a" executionId="9be3da21-ceb1-42ed-b476-3281b51b4b75" testListId="8c84fa94-04c1-424b-9868-57a2d4851a1d" />
    <TestEntry testId="3dd5cf38-6267-4230-df18-88f06548e95f" executionId="0fa5fd72-f53b-4ed0-b7d2-9dd96dca79f9" testListId="8c84fa94-04c1-424b-9868-57a2d4851a1d" />
    <TestEntry testId="13fde01d-d04d-31f1-5cc4-10b03ea60706" executionId="f5273e50-c1ad-4036-94fc-eaee70f8c7a7" testListId="8c84fa94-04c1-424b-9868-57a2d4851a1d" />
    <TestEntry testId="f123c0bc-4ed3-bf94-d61f-8dde6cb9fc65" executionId="bcbf6ce4-ae2a-47c9-a61a-b9e914c5e225" testListId="8c84fa94-04c1-424b-9868-57a2d4851a1d" />
    <TestEntry testId="84a6bebc-6139-b45a-4682-761224c9e7ab" executionId="9a8451cc-e72f-45d9-99e5-7903ca0d760d" testListId="8c84fa94-04c1-424b-9868-57a2d4851a1d" />
    <TestEntry testId="3e20cae9-c096-7606-c798-a2a4dfbc3a86" executionId="f6415a72-ef57-49a3-9795-fc6aa6c7c84d" testListId="8c84fa94-04c1-424b-9868-57a2d4851a1d" />
  </TestEntries>
  <TestLists>
    <TestList name="Results Not in a List" id="8c84fa94-04c1-424b-9868-57a2d4851a1d" />
    <TestList name="All Loaded Results" id="19431567-8539-422a-85d7-44ee4e166bda" />
  </TestLists>
  <ResultSummary outcome="Completed">
    <Counters total="249" executed="249" passed="249" failed="0" error="0" timeout="0" aborted="0" inconclusive="0" passedButRunAborted="0" notRunnable="0" notExecuted="0" disconnected="0" warning="0" completed="0" inProgress="0" pending="0" />
  </ResultSummary>
</TestRun>