<?xml version="1.0" encoding="UTF-8"?>
<TestRun id="3e3c60f4-c1c8-4b23-be76-9665fad222e9" name="bacemi@ICSWS068 2016-08-04 09:59:20" runUser="ICORE\bacemi" xmlns="http://microsoft.com/schemas/VisualStudio/TeamTest/2010">
  <Times creation="2016-08-04T09:59:20.2380360+02:00" queuing="2016-08-04T09:59:20.2380360+02:00" start="2016-08-04T09:59:19.7284622+02:00" finish="2016-08-04T09:59:34.9754357+02:00" />
  <TestSettings name="default" id="2649bf1b-b74f-4cba-9295-da753721f7e4">
    <Execution>
      <TestTypeSpecific />
    </Execution>
    <Deployment runDeploymentRoot="bacemi_ICSWS068 2016-08-04 09_59_20" />
    <Properties />
  </TestSettings>
  <Results>
    <UnitTestResult executionId="5545c137-8b77-4fdf-969a-73436789ff3c" testId="7d8af94c-d133-d414-bb7e-c9a091e82b4e" testName="Constructor_TotalCountIsSetCorrectly" computerName="ICSWS068" duration="00:00:00.0156805" startTime="2016-08-04T09:59:19.7284622+02:00" endTime="2016-08-04T09:59:20.0597191+02:00" testType="13cdc9d9-ddb5-4fa4-a97d-d965ccfc6d4b" outcome="Passed" testListId="8c84fa94-04c1-424b-9868-57a2d4851a1d" relativeResultsDirectory="5545c137-8b77-4fdf-969a-73436789ff3c" />
    <UnitTestResult executionId="7ba4a3f9-068e-4127-bd99-873aacd663fb" testId="6781a93a-65f0-9714-b72d-6a8ced0e5844" testName="ExpandNode_FirstChildOfRoot_UpdatesTotalCountCorrectly" computerName="ICSWS068" duration="00:00:00.0076945" startTime="2016-08-04T09:59:20.0627055+02:00" endTime="2016-08-04T09:59:20.0727121+02:00" testType="13cdc9d9-ddb5-4fa4-a97d-d965ccfc6d4b" outcome="Passed" testListId="8c84fa94-04c1-424b-9868-57a2d4851a1d" relativeResultsDirectory="7ba4a3f9-068e-4127-bd99-873aacd663fb" />
    <UnitTestResult executionId="fee97ba4-947d-4b8a-9caa-5e5d4cb760b3" testId="a241e5b9-589c-3a2f-5be0-a3f7cbe92c6c" testName="ExpandNode_MiddleChildOfRoot_UpdatesTotalCountCorrectly" computerName="ICSWS068" duration="00:00:00.0003243" startTime="2016-08-04T09:59:20.0767144+02:00" endTime="2016-08-04T09:59:20.0782311+02:00" testType="13cdc9d9-ddb5-4fa4-a97d-d965ccfc6d4b" outcome="Passed" testListId="8c84fa94-04c1-424b-9868-57a2d4851a1d" relativeResultsDirectory="fee97ba4-947d-4b8a-9caa-5e5d4cb760b3" />
    <UnitTestResult executionId="6da9762b-39c9-4194-b0f7-8ae53bd8552f" testId="a204492b-9a91-e21b-f86b-2d61263ef4fb" testName="ExpandNode_LastChildOfRoot_UpdatesTotalCountCorrectly" computerName="ICSWS068" duration="00:00:00.0002996" startTime="2016-08-04T09:59:20.0812178+02:00" endTime="2016-08-04T09:59:20.0827187+02:00" testType="13cdc9d9-ddb5-4fa4-a97d-d965ccfc6d4b" outcome="Passed" testListId="8c84fa94-04c1-424b-9868-57a2d4851a1d" relativeResultsDirectory="6da9762b-39c9-4194-b0f7-8ae53bd8552f" />
    <UnitTestResult executionId="3f2d9f7d-1527-4d83-90e5-f214d8dc801e" testId="03fc0139-4e57-629e-0f9d-d1b970562f5b" testName="ExpandNode_NonExistingNode_ThrowsArgumentOufOfRangeException" computerName="ICSWS068" duration="00:00:00.0025937" startTime="2016-08-04T09:59:20.0852412+02:00" endTime="2016-08-04T09:59:20.0897294+02:00" testType="13cdc9d9-ddb5-4fa4-a97d-d965ccfc6d4b" outcome="Passed" testListId="8c84fa94-04c1-424b-9868-57a2d4851a1d" relativeResultsDirectory="3f2d9f7d-1527-4d83-90e5-f214d8dc801e" />
    <UnitTestResult executionId="bb25cabb-26fe-4806-a72d-79b85349f733" testId="e52ce2bf-1443-98cb-ccd4-03d73a8047f4" testName="GetRange_FullRange_Level0NodesOnly_ReturnsCorrectRange" computerName="ICSWS068" duration="00:00:00.0502389" startTime="2016-08-04T09:59:20.0927308+02:00" endTime="2016-08-04T09:59:20.1440839+02:00" testType="13cdc9d9-ddb5-4fa4-a97d-d965ccfc6d4b" outcome="Passed" testListId="8c84fa94-04c1-424b-9868-57a2d4851a1d" relativeResultsDirectory="bb25cabb-26fe-4806-a72d-79b85349f733" />
    <UnitTestResult executionId="34674f59-be55-4e25-bb6b-6de79f115e2a" testId="ea311f00-3efa-b188-1c72-971fa5adb733" testName="GetRange_InitialRange_Level0NodesOnly_ReturnsCorrectRange" computerName="ICSWS068" duration="00:00:00.0021398" startTime="2016-08-04T09:59:20.1475859+02:00" endTime="2016-08-04T09:59:20.1510885+02:00" testType="13cdc9d9-ddb5-4fa4-a97d-d965ccfc6d4b" outcome="Passed" testListId="8c84fa94-04c1-424b-9868-57a2d4851a1d" relativeResultsDirectory="34674f59-be55-4e25-bb6b-6de79f115e2a" />
    <UnitTestResult executionId="c7f61954-dc54-4565-a6bc-4d519b9521b8" testId="8156a715-d9e7-f163-b3b7-0637a34a4870" testName="GetRange_TailRange_Level0NodesOnly_ReturnsCorrectRange" computerName="ICSWS068" duration="00:00:00.0020283" startTime="2016-08-04T09:59:20.1535911+02:00" endTime="2016-08-04T09:59:20.1570928+02:00" testType="13cdc9d9-ddb5-4fa4-a97d-d965ccfc6d4b" outcome="Passed" testListId="8c84fa94-04c1-424b-9868-57a2d4851a1d" relativeResultsDirectory="c7f61954-dc54-4565-a6bc-4d519b9521b8" />
    <UnitTestResult executionId="3d187f9d-8a23-431f-817c-6a3eb6a0380c" testId="13786215-02c0-7560-007c-9fd7c860b0ce" testName="GetRange_AllRangesFromMixedTree1_ReturnsCorrectRange" computerName="ICSWS068" duration="00:00:00.0384621" startTime="2016-08-04T09:59:20.1595954+02:00" endTime="2016-08-04T09:59:20.1991322+02:00" testType="13cdc9d9-ddb5-4fa4-a97d-d965ccfc6d4b" outcome="Passed" testListId="8c84fa94-04c1-424b-9868-57a2d4851a1d" relativeResultsDirectory="3d187f9d-8a23-431f-817c-6a3eb6a0380c" />
    <UnitTestResult executionId="6a3acfaa-7280-49bb-8e13-f52912ba9ee1" testId="702e554e-1927-ee16-731d-8c36d57bc93d" testName="GetRange_AllRangesFromMixedTree2_ReturnsCorrectRange" computerName="ICSWS068" duration="00:00:00.0457320" startTime="2016-08-04T09:59:20.2016339+02:00" endTime="2016-08-04T09:59:20.2490352+02:00" testType="13cdc9d9-ddb5-4fa4-a97d-d965ccfc6d4b" outcome="Passed" testListId="8c84fa94-04c1-424b-9868-57a2d4851a1d" relativeResultsDirectory="6a3acfaa-7280-49bb-8e13-f52912ba9ee1" />
    <UnitTestResult executionId="ee68fc22-297c-4119-aa1c-4be68e757214" testId="5135c4db-b7b8-797c-5309-b5cd293e5851" testName="GetRange_AllRangesFromMixedTree3_ReturnsCorrectRange" computerName="ICSWS068" duration="00:00:00.0450754" startTime="2016-08-04T09:59:20.2525387+02:00" endTime="2016-08-04T09:59:20.2987209+02:00" testType="13cdc9d9-ddb5-4fa4-a97d-d965ccfc6d4b" outcome="Passed" testListId="8c84fa94-04c1-424b-9868-57a2d4851a1d" relativeResultsDirectory="ee68fc22-297c-4119-aa1c-4be68e757214" />
    <UnitTestResult executionId="3db8800b-2ed1-4474-88c0-6d327a761a14" testId="7e8c1cd8-f9ef-144e-369c-1a45c8b73f8a" testName="CollapseNode_AllRangesFromMixedTree_ReturnsCorrectRange" computerName="ICSWS068" duration="00:00:00.0115586" startTime="2016-08-04T09:59:20.3017076+02:00" endTime="2016-08-04T09:59:20.3144288+02:00" testType="13cdc9d9-ddb5-4fa4-a97d-d965ccfc6d4b" outcome="Passed" testListId="8c84fa94-04c1-424b-9868-57a2d4851a1d" relativeResultsDirectory="3db8800b-2ed1-4474-88c0-6d327a761a14" />
    <UnitTestResult executionId="7289a559-81be-4c11-b625-ba159e1b2d3c" testId="f5baab99-6ea3-602b-1ad5-b488e1fdb89a" testName="CollapseNode_AllRangesFromMixedTree_ReturnsCorrectOrphanedDataSetKeys" computerName="ICSWS068" duration="00:00:00.0062866" startTime="2016-08-04T09:59:20.3169147+02:00" endTime="2016-08-04T09:59:20.3248260+02:00" testType="13cdc9d9-ddb5-4fa4-a97d-d965ccfc6d4b" outcome="Passed" testListId="8c84fa94-04c1-424b-9868-57a2d4851a1d" relativeResultsDirectory="7289a559-81be-4c11-b625-ba159e1b2d3c" />
    <UnitTestResult executionId="828b7fa6-7c4e-410c-89c3-a501c8647950" testId="bcc58c5d-259b-5f44-4caf-c41cfd24e5df" testName="GetRange_AllAfterSingleExpandedRow_ReturnsCorrectResult" computerName="ICSWS068" duration="00:00:00.0010477" startTime="2016-08-04T09:59:20.3273435+02:00" endTime="2016-08-04T09:59:20.3298456+02:00" testType="13cdc9d9-ddb5-4fa4-a97d-d965ccfc6d4b" outcome="Passed" testListId="8c84fa94-04c1-424b-9868-57a2d4851a1d" relativeResultsDirectory="828b7fa6-7c4e-410c-89c3-a501c8647950" />
    <UnitTestResult executionId="e2b70ff3-a8c1-4764-b2d0-b16c6d3b2fba" testId="26e09a63-765c-90d8-38ff-cf9bd4347e20" testName="ParameterInfoModel_Constructor_AllWhiteSpaceAreRemovedFromName" computerName="ICSWS068" duration="00:00:00.0009278" startTime="2016-08-04T09:59:20.3318311+02:00" endTime="2016-08-04T09:59:20.3338335+02:00" testType="13cdc9d9-ddb5-4fa4-a97d-d965ccfc6d4b" outcome="Passed" testListId="8c84fa94-04c1-424b-9868-57a2d4851a1d" relativeResultsDirectory="e2b70ff3-a8c1-4764-b2d0-b16c6d3b2fba" />
    <UnitTestResult executionId="f20d8d9c-d1d1-4348-baba-030e3d039407" testId="7f7d8238-4f3f-9478-cf1f-408b5ab9ef20" testName="GetSlotAsync_NewPool_ReturnsNonStartedProcessSlot" computerName="ICSWS068" duration="00:00:00.0162025" startTime="2016-08-04T09:59:20.3368384+02:00" endTime="2016-08-04T09:59:20.3543888+02:00" testType="13cdc9d9-ddb5-4fa4-a97d-d965ccfc6d4b" outcome="Passed" testListId="8c84fa94-04c1-424b-9868-57a2d4851a1d" relativeResultsDirectory="f20d8d9c-d1d1-4348-baba-030e3d039407" />
    <UnitTestResult executionId="f80f63d0-d060-4259-81e3-62ef752e5a5e" testId="27a5ae31-8350-621f-a00c-1130763eef3a" testName="GetSlotAsync_NewPool_ReturnsAllEmptySlotsAndNoMore" computerName="ICSWS068" duration="00:00:00.3091601" startTime="2016-08-04T09:59:20.3588761+02:00" endTime="2016-08-04T09:59:20.6691568+02:00" testType="13cdc9d9-ddb5-4fa4-a97d-d965ccfc6d4b" outcome="Passed" testListId="8c84fa94-04c1-424b-9868-57a2d4851a1d" relativeResultsDirectory="f80f63d0-d060-4259-81e3-62ef752e5a5e" />
    <UnitTestResult executionId="7c0d1a5b-30af-4cea-8c21-eec93f8c6e6d" testId="d1eb526a-9644-2d0e-7569-339e89b99649" testName="GetSlotAsync_OneSlotWithMatchingDomainAvailable_ReturnsExpectedSlot" computerName="ICSWS068" duration="00:00:00.1454056" startTime="2016-08-04T09:59:20.6721585+02:00" endTime="2016-08-04T09:59:20.8185293+02:00" testType="13cdc9d9-ddb5-4fa4-a97d-d965ccfc6d4b" outcome="Passed" testListId="8c84fa94-04c1-424b-9868-57a2d4851a1d" relativeResultsDirectory="7c0d1a5b-30af-4cea-8c21-eec93f8c6e6d" />
    <UnitTestResult executionId="aa66558e-cb64-4d7b-8b8b-62c8144678e5" testId="f1237f1f-fe83-1d6f-1fe3-248aadd69758" testName="GetSlotAsync_NoSlotWithMatchingDomainAvailableAndOneNonCreatedDomain_ReturnsFreeSlot" computerName="ICSWS068" duration="00:00:00.0051992" startTime="2016-08-04T09:59:20.8210454+02:00" endTime="2016-08-04T09:59:20.8277212+02:00" testType="13cdc9d9-ddb5-4fa4-a97d-d965ccfc6d4b" outcome="Passed" testListId="8c84fa94-04c1-424b-9868-57a2d4851a1d" relativeResultsDirectory="aa66558e-cb64-4d7b-8b8b-62c8144678e5" />
    <UnitTestResult executionId="959b6f5e-9cd7-4b16-b999-73579b5861ee" testId="64f927e9-2b57-785f-4e90-91af5b29a579" testName="GetSlotAsync_NoSlotWithMatchingDomainAvailableAndNoMoreDomainsAvailable_ReturnsSlotForNewProcess" computerName="ICSWS068" duration="00:00:00.0041295" startTime="2016-08-04T09:59:20.8302385+02:00" endTime="2016-08-04T09:59:20.8357267+02:00" testType="13cdc9d9-ddb5-4fa4-a97d-d965ccfc6d4b" outcome="Passed" testListId="8c84fa94-04c1-424b-9868-57a2d4851a1d" relativeResultsDirectory="959b6f5e-9cd7-4b16-b999-73579b5861ee" />
    <UnitTestResult executionId="142f74ef-ec89-4a0a-b152-b62f1ab00099" testId="c4d46dcf-78e7-30cb-e9db-0f6a64217239" testName="GetSlotAsync_NoSlotWithMatchingDomainAvailableAndNoMoreDomainsOrProcessesAvailable_ReturnsAReferenceToASlotWithDifferentDomainSettings" computerName="ICSWS068" duration="00:00:00.0047136" startTime="2016-08-04T09:59:20.8382293+02:00" endTime="2016-08-04T09:59:20.8449283+02:00" testType="13cdc9d9-ddb5-4fa4-a97d-d965ccfc6d4b" outcome="Passed" testListId="8c84fa94-04c1-424b-9868-57a2d4851a1d" relativeResultsDirectory="142f74ef-ec89-4a0a-b152-b62f1ab00099" />
    <UnitTestResult executionId="68b2f9fe-ea2d-4d6a-9850-530cd0a65a5d" testId="98d875e5-c1a3-824e-5782-c1e4588a3675" testName="GetSlotAsync_NoSlotsAvailable_JobCompleted_SlotIsReturned" computerName="ICSWS068" duration="00:00:00.0048383" startTime="2016-08-04T09:59:20.8474109+02:00" endTime="2016-08-04T09:59:20.8529164+02:00" testType="13cdc9d9-ddb5-4fa4-a97d-d965ccfc6d4b" outcome="Passed" testListId="8c84fa94-04c1-424b-9868-57a2d4851a1d" relativeResultsDirectory="68b2f9fe-ea2d-4d6a-9850-530cd0a65a5d" />
    <UnitTestResult executionId="5ec4cbaf-ebfe-44e1-9c39-045d88afacf3" testId="1b88d6fd-5562-9583-f9d0-89a5b61e0b4e" testName="GetSlotAsync_SlotIsDisposedWithoutAssigningAJob_SlotIsReturnedToPool" computerName="ICSWS068" duration="00:00:00.0046866" startTime="2016-08-04T09:59:20.8559369+02:00" endTime="2016-08-04T09:59:20.8619412+02:00" testType="13cdc9d9-ddb5-4fa4-a97d-d965ccfc6d4b" outcome="Passed" testListId="8c84fa94-04c1-424b-9868-57a2d4851a1d" relativeResultsDirectory="5ec4cbaf-ebfe-44e1-9c39-045d88afacf3" />
    <UnitTestResult executionId="e4092c6f-8b93-44a7-9b92-b081e872dea8" testId="ef884663-a7b5-9712-61c1-c26f312d9e9c" testName="GetSlotAsync_SlotIsDisposedAfterAssigningAJob_SlotIsNotReturnedToPool" computerName="ICSWS068" duration="00:00:00.5055379" startTime="2016-08-04T09:59:20.8649268+02:00" endTime="2016-08-04T09:59:21.3715009+02:00" testType="13cdc9d9-ddb5-4fa4-a97d-d965ccfc6d4b" outcome="Passed" testListId="8c84fa94-04c1-424b-9868-57a2d4851a1d" relativeResultsDirectory="e4092c6f-8b93-44a7-9b92-b081e872dea8" />
    <UnitTestResult executionId="c665a696-0661-4d88-9c86-03a0fee59741" testId="c9d723b5-29c8-5011-22e8-3d157df237bb" testName="CompleteJob_JobRunning_SlotIsReturned" computerName="ICSWS068" duration="00:00:00.0053300" startTime="2016-08-04T09:59:21.3745034+02:00" endTime="2016-08-04T09:59:21.3815241+02:00" testType="13cdc9d9-ddb5-4fa4-a97d-d965ccfc6d4b" outcome="Passed" testListId="8c84fa94-04c1-424b-9868-57a2d4851a1d" relativeResultsDirectory="c665a696-0661-4d88-9c86-03a0fee59741" />
    <UnitTestResult executionId="c41d9a9d-62af-487c-a230-339e7ff6188e" testId="5eab0227-ed42-3466-58f9-ca80a1a0c49a" testName="AssignProcess_NewProcess_AdditionalSlotsAreAdded" computerName="ICSWS068" duration="00:00:00.5075367" startTime="2016-08-04T09:59:21.3839622+02:00" endTime="2016-08-04T09:59:21.8926788+02:00" testType="13cdc9d9-ddb5-4fa4-a97d-d965ccfc6d4b" outcome="Passed" testListId="8c84fa94-04c1-424b-9868-57a2d4851a1d" relativeResultsDirectory="c41d9a9d-62af-487c-a230-339e7ff6188e" />
    <UnitTestResult executionId="d882dc23-d3f6-407d-a280-ee5702b9c17d" testId="4ccacc80-21dd-04f7-5c0c-2f7887f20e2c" testName="AssignProcess_NewProcess_AdditionalSlotsAreAdded2" computerName="ICSWS068" duration="00:00:00.0041784" startTime="2016-08-04T09:59:21.8961846+02:00" endTime="2016-08-04T09:59:21.9016886+02:00" testType="13cdc9d9-ddb5-4fa4-a97d-d965ccfc6d4b" outcome="Passed" testListId="8c84fa94-04c1-424b-9868-57a2d4851a1d" relativeResultsDirectory="d882dc23-d3f6-407d-a280-ee5702b9c17d" />
    <UnitTestResult executionId="758660be-cf76-40e0-b61c-576c167a0ee6" testId="343c547e-08fb-03bb-8cba-ae14b8944b81" testName="GetSlotAsync_OneSlotWithMatchingDomainAndNoTimeAvailable_ReturnsExpectedSlot" computerName="ICSWS068" duration="00:00:00.0055511" startTime="2016-08-04T09:59:21.9041950+02:00" endTime="2016-08-04T09:59:21.9111984+02:00" testType="13cdc9d9-ddb5-4fa4-a97d-d965ccfc6d4b" outcome="Passed" testListId="8c84fa94-04c1-424b-9868-57a2d4851a1d" relativeResultsDirectory="758660be-cf76-40e0-b61c-576c167a0ee6" />
    <UnitTestResult executionId="e9308709-8a72-447b-96c2-6b7d1bcd06b9" testId="65d9b275-8c19-280a-b252-294c73d9eb9c" testName="ExecuteCommand_InvokingProviderMethodWithInvalidNumberOfParameters_ExceptionIsThrown" computerName="ICSWS068" duration="00:00:02.6373038" startTime="2016-08-04T09:59:21.9137060+02:00" endTime="2016-08-04T09:59:24.5529476+02:00" testType="13cdc9d9-ddb5-4fa4-a97d-d965ccfc6d4b" outcome="Passed" testListId="8c84fa94-04c1-424b-9868-57a2d4851a1d" relativeResultsDirectory="e9308709-8a72-447b-96c2-6b7d1bcd06b9">
      <Output>
        <StdOut>Debug Trace:
iCore.Common.Entities.IEntity
iCore.Common.Entities.EntityKey
iCore.Common.Entities.EntityTypeId
iCore.Common.Entities.IComponentDefinition
System.String
System.DateTime
iCore.Common.Entities.IEventHistory
iCore.Common.Entities.ILazyLoadedEntity`1[[iCore.Common.Entities.IJob, iCore.Common.Entities, Version=3.40.0.0, Culture=neutral, PublicKeyToken=fe44b4a6e7c933aa]]
iCore.Common.Entities.IJob
iCore.Common.Entities.EntityKey
iCore.Common.Entities.EArgument
System.Boolean
System.Int64
iCore.Common.Entities.EventState
iCore.Common.Entities.EventReason
iCore.Common.Entities.EArgument[]
iCore.Common.Entities.ILazyLoadedEntity`1[[iCore.Common.Entities.IComponentConfiguration, iCore.Common.Entities, Version=3.40.0.0, Culture=neutral, PublicKeyToken=fe44b4a6e7c933aa]]
iCore.Common.Entities.IComponentConfiguration
iCore.Common.Entities.ILazyLoadedEntity`1[[iCore.Common.Entities.ICategoryMembership, iCore.Common.Entities, Version=3.40.0.0, Culture=neutral, PublicKeyToken=fe44b4a6e7c933aa]][]
iCore.Common.Entities.ILazyLoadedEntity`1[[iCore.Common.Entities.ICategoryMembership, iCore.Common.Entities, Version=3.40.0.0, Culture=neutral, PublicKeyToken=fe44b4a6e7c933aa]]
iCore.Common.Entities.ICategoryMembership
iCore.Common.Entities.ICategory
iCore.Common.Entities.ICategory
iCore.Common.Entities.ILazyLoadedEntity`1[[iCore.Common.Entities.ICategory, iCore.Common.Entities, Version=3.40.0.0, Culture=neutral, PublicKeyToken=fe44b4a6e7c933aa]]
System.Nullable`1[[System.Guid, mscorlib, Version=4.0.0.0, Culture=neutral, PublicKeyToken=b77a5c561934e089]]
System.TimeSpan
System.Guid
iCore.Common.Entities.IComponentConfiguration
iCore.Common.Entities.ILazyLoadedEntity`1[[iCore.Common.Entities.IApplicationPool, iCore.Common.Entities, Version=3.40.0.0, Culture=neutral, PublicKeyToken=fe44b4a6e7c933aa]]
iCore.Common.Entities.IApplicationPool
iCore.Common.Entities.IApplicationPool
iCore.Common.Entities.ILazyLoadedEntity`1[[iCore.Common.Entities.IServer, iCore.Common.Entities, Version=3.40.0.0, Culture=neutral, PublicKeyToken=fe44b4a6e7c933aa]]
iCore.Common.Entities.IServer
iCore.Common.Entities.ServerStartupSpecialTask
System.Nullable`1[[System.UInt16, mscorlib, Version=4.0.0.0, Culture=neutral, PublicKeyToken=b77a5c561934e089]]
System.UInt16
System.Int16
iCore.Common.Entities.IUser
iCore.Common.Entities.IUserGroup
iCore.Common.Entities.UserDisplayOptions
iCore.Common.Entities.MainTreeDisplayOptions
iCore.Common.Entities.NodeContent
iCore.Common.Entities.ILazyLoadedEntity`1[[iCore.Common.Entities.IUserGroup, iCore.Common.Entities, Version=3.40.0.0, Culture=neutral, PublicKeyToken=fe44b4a6e7c933aa]]
iCore.Common.Entities.ViewMode
iCore.Common.Entities.ILazyLoadedEntity`1[[iCore.Common.Entities.IUser, iCore.Common.Entities, Version=3.40.0.0, Culture=neutral, PublicKeyToken=fe44b4a6e7c933aa]]
iCore.Common.Entities.ILazyLoadedEntity`1[[iCore.Common.Entities.IApplicationPoolImplementation, iCore.Common.Entities, Version=3.40.0.0, Culture=neutral, PublicKeyToken=fe44b4a6e7c933aa]][]
iCore.Common.Entities.ILazyLoadedEntity`1[[iCore.Common.Entities.IApplicationPoolImplementation, iCore.Common.Entities, Version=3.40.0.0, Culture=neutral, PublicKeyToken=fe44b4a6e7c933aa]]
iCore.Common.Entities.IApplicationPoolImplementation
iCore.SAS.Administration.ILazySubEntity`1[[iCore.Common.Entities.IApplicationPoolImplementation, iCore.Common.Entities, Version=3.40.0.0, Culture=neutral, PublicKeyToken=fe44b4a6e7c933aa]]
iCore.Common.Entities.IServer
iCore.Common.Entities.ILazyLoadedEntity`1[[iCore.Common.Entities.INode, iCore.Common.Entities, Version=3.40.0.0, Culture=neutral, PublicKeyToken=fe44b4a6e7c933aa]]
iCore.Common.Entities.INode
iCore.Common.Entities.INode
System.String
iCore.Common.Entities.ILazyLoadedEntity`1[[iCore.Common.Entities.INodeAttributeValue, iCore.Common.Entities, Version=3.40.0.0, Culture=neutral, PublicKeyToken=fe44b4a6e7c933aa]][]
iCore.Common.Entities.ILazyLoadedEntity`1[[iCore.Common.Entities.INodeAttributeValue, iCore.Common.Entities, Version=3.40.0.0, Culture=neutral, PublicKeyToken=fe44b4a6e7c933aa]]
iCore.Common.Entities.INodeAttributeValue
iCore.SAS.Administration.ILazySubEntity`1[[iCore.Common.Entities.INodeAttributeValue, iCore.Common.Entities, Version=3.40.0.0, Culture=neutral, PublicKeyToken=fe44b4a6e7c933aa]]
System.Object
iCore.Public.Types.ScriptVarType
iCore.Common.Entities.INodeAttributeType
iCore.Common.Entities.INodeAttributeType
iCore.Common.Entities.INode
iCore.Common.Entities.ILazyLoadedEntity`1[[iCore.Common.Entities.INodeAttributeType, iCore.Common.Entities, Version=3.40.0.0, Culture=neutral, PublicKeyToken=fe44b4a6e7c933aa]]
iCore.Common.Entities.IPartner
System.String
iCore.Common.Entities.IEntityImage
iCore.Common.Entities.SizedEntityImage[]
iCore.Common.Entities.SizedEntityImage
System.Drawing.Size
iCore.Common.Entities.ILazyLoadedEntity`1[[iCore.Common.Entities.IPartnerAttributeGroupInstance, iCore.Common.Entities, Version=3.40.0.0, Culture=neutral, PublicKeyToken=fe44b4a6e7c933aa]][]
iCore.Common.Entities.ILazyLoadedEntity`1[[iCore.Common.Entities.IPartnerAttributeGroupInstance, iCore.Common.Entities, Version=3.40.0.0, Culture=neutral, PublicKeyToken=fe44b4a6e7c933aa]]
iCore.Common.Entities.IPartnerAttributeGroupInstance
iCore.Common.Entities.IPartnerAttributeGroupType
iCore.Common.Entities.IPartnerAttributeGroupType
iCore.Common.Entities.ILazyLoadedEntity`1[[iCore.Common.Entities.IPartnerAttributeValue, iCore.Common.Entities, Version=3.40.0.0, Culture=neutral, PublicKeyToken=fe44b4a6e7c933aa]]
iCore.Common.Entities.IPartnerAttributeValue
iCore.SAS.Administration.ILazySubEntity`1[[iCore.Common.Entities.IPartnerAttributeValue, iCore.Common.Entities, Version=3.40.0.0, Culture=neutral, PublicKeyToken=fe44b4a6e7c933aa]]
iCore.Common.Entities.ILazyLoadedEntity`1[[iCore.Common.Entities.IPartnerAttributeValue, iCore.Common.Entities, Version=3.40.0.0, Culture=neutral, PublicKeyToken=fe44b4a6e7c933aa]][]
iCore.SAS.Administration.ILazySubEntity`1[[iCore.Common.Entities.IPartnerAttributeGroupInstance, iCore.Common.Entities, Version=3.40.0.0, Culture=neutral, PublicKeyToken=fe44b4a6e7c933aa]]
iCore.Common.Entities.ILazyLoadedEntity`1[[iCore.Common.Entities.IPartnerAttributeGroupType, iCore.Common.Entities, Version=3.40.0.0, Culture=neutral, PublicKeyToken=fe44b4a6e7c933aa]]
iCore.Common.Entities.ILazyLoadedEntity`1[[iCore.Common.Entities.IPartnerIdentity, iCore.Common.Entities, Version=3.40.0.0, Culture=neutral, PublicKeyToken=fe44b4a6e7c933aa]][]
iCore.Common.Entities.ILazyLoadedEntity`1[[iCore.Common.Entities.IPartnerIdentity, iCore.Common.Entities, Version=3.40.0.0, Culture=neutral, PublicKeyToken=fe44b4a6e7c933aa]]
iCore.Common.Entities.IPartnerIdentity
iCore.Common.Entities.IPartner
iCore.Common.Entities.ILazyLoadedEntity`1[[iCore.Common.Entities.IPartner, iCore.Common.Entities, Version=3.40.0.0, Culture=neutral, PublicKeyToken=fe44b4a6e7c933aa]]
iCore.Common.Entities.INodeTypeVersion
iCore.Common.Entities.INodeTypeVersion
iCore.Common.Entities.INodeType
iCore.Common.Entities.INodeTypeStyleSheet
iCore.Common.Entities.INodeType
iCore.Common.Entities.ILazyLoadedEntity`1[[iCore.Common.Entities.INodeTypeVersion, iCore.Common.Entities, Version=3.40.0.0, Culture=neutral, PublicKeyToken=fe44b4a6e7c933aa]]
iCore.Common.Entities.IEventType
iCore.Common.Entities.SelectionRule
iCore.Common.Entities.EventTypes
iCore.Common.Entities.EventTrackingCleanupRole
iCore.Common.Entities.IEventType
iCore.Common.Entities.ILazyLoadedEntity`1[[iCore.Common.Entities.INodeType, iCore.Common.Entities, Version=3.40.0.0, Culture=neutral, PublicKeyToken=fe44b4a6e7c933aa]]
iCore.Common.Entities.ILazyLoadedEntity`1[[iCore.Common.Entities.IEvent, iCore.Common.Entities, Version=3.40.0.0, Culture=neutral, PublicKeyToken=fe44b4a6e7c933aa]]
iCore.Common.Entities.IEvent
iCore.Common.Entities.MatchedStatus
iCore.Common.Entities.EventSourceType
iCore.Common.Entities.ILazyLoadedEntity`1[[iCore.Common.Entities.IEventType, iCore.Common.Entities, Version=3.40.0.0, Culture=neutral, PublicKeyToken=fe44b4a6e7c933aa]]
iCore.Common.Entities.ILazyLoadedEntity`1[[iCore.Common.Entities.IEventHandler, iCore.Common.Entities, Version=3.40.0.0, Culture=neutral, PublicKeyToken=fe44b4a6e7c933aa]]
iCore.Common.Entities.IEventHandler
iCore.Common.Entities.EventHandlerStatus
iCore.Common.Entities.IEventHandler
iCore.Common.Entities.ILazyLoadedEntity`1[[iCore.Common.Entities.IComponentDefinition, iCore.Common.Entities, Version=3.40.0.0, Culture=neutral, PublicKeyToken=fe44b4a6e7c933aa]]
System.Nullable`1[[System.DateTime, mscorlib, Version=4.0.0.0, Culture=neutral, PublicKeyToken=b77a5c561934e089]]
iCore.Common.Entities.JobState
iCore.Common.Entities.JobHistoryReason
iCore.Common.Entities.JobType
System.Byte
System.Int32
iCore.Public.Types.JobLifetime
iCore.Common.Entities.EntityKey[]
System.Collections.Generic.IEnumerable`1[[iCore.Common.Entities.EntityKey, iCore.Common.Entities, Version=3.40.0.0, Culture=neutral, PublicKeyToken=fe44b4a6e7c933aa]]
iCore.Common.Entities.ILazyLoadedEntity`1[[iCore.Common.Entities.IPartnerAttributeType, iCore.Common.Entities, Version=3.40.0.0, Culture=neutral, PublicKeyToken=fe44b4a6e7c933aa]]
iCore.Common.Entities.IPartnerAttributeType
System.Collections.Generic.IEnumerable`1[[iCore.Common.Entities.EntityKey, iCore.Common.Entities, Version=3.40.0.0, Culture=neutral, PublicKeyToken=fe44b4a6e7c933aa]]
iCore.Common.Entities.IPartnerAttributeGroupType
iCore.SAS.Administration.ILazySubEntity`1[[iCore.Common.Entities.IPartnerAttributeType, iCore.Common.Entities, Version=3.40.0.0, Culture=neutral, PublicKeyToken=fe44b4a6e7c933aa]]
iCore.Common.Entities.ILazyLoadedEntity`1[[iCore.Common.Entities.IPartnerAttributeType, iCore.Common.Entities, Version=3.40.0.0, Culture=neutral, PublicKeyToken=fe44b4a6e7c933aa]][]
iCore.Common.Entities.INode
iCore.Common.Entities.IEvent
iCore.Common.Entities.IJob
iCore.Common.Entities.ILogEntry
iCore.Public.Types.LogLevel
iCore.Common.LogMessageTypeID
iCore.Common.Entities.IWorkflow
System.Collections.Generic.IEnumerable`1[[iCore.Common.Entities.EntityKey, iCore.Common.Entities, Version=3.40.0.0, Culture=neutral, PublicKeyToken=fe44b4a6e7c933aa]]
iCore.Common.Entities.WorkflowClassification
iCore.Common.Entities.IWorkflow
iCore.Common.Entities.IAdapterFlow
iCore.Common.Entities.IAdapterFlow
iCore.Common.Types.LogLevelFilter
iCore.Common.Types.EntryPointNameValue
iCore.Common.Entities.IScript
iCore.Common.Entities.IScript
iCore.Common.Entities.ITimer
iCore.Common.Entities.ITimer
iCore.Common.Types.TimerFrequency
iCore.Common.Types.TimerInterval+TimerIntervalType
iCore.Common.Entities.ILazyLoadedEntity`1[[iCore.Common.Entities.ITimerEvent, iCore.Common.Entities, Version=3.40.0.0, Culture=neutral, PublicKeyToken=fe44b4a6e7c933aa]]
iCore.Common.Entities.ITimerEvent
iCore.Common.Entities.ITimer
iCore.SAS.Administration.ILazySubEntity`1[[iCore.Common.Entities.ITimerEvent, iCore.Common.Entities, Version=3.40.0.0, Culture=neutral, PublicKeyToken=fe44b4a6e7c933aa]]
iCore.Common.Entities.TimerEventPriority
iCore.Common.Entities.ILazyLoadedEntity`1[[iCore.Common.Entities.ITimerEvent, iCore.Common.Entities, Version=3.40.0.0, Culture=neutral, PublicKeyToken=fe44b4a6e7c933aa]][]
System.Int32[]
iCore.SAS.Interfaces.WeekDay
iCore.SAS.Interfaces.WeekDay[]
System.Collections.Generic.IEnumerable`1[[iCore.Common.Entities.EntityKey, iCore.Common.Entities, Version=3.40.0.0, Culture=neutral, PublicKeyToken=fe44b4a6e7c933aa]]
iCore.Common.Entities.ISettingAttributeGroupType
iCore.Common.Entities.ISettingAttributeGroupType
iCore.Common.Entities.ILazyLoadedEntity`1[[iCore.Common.Entities.ISettingAttributeType, iCore.Common.Entities, Version=3.40.0.0, Culture=neutral, PublicKeyToken=fe44b4a6e7c933aa]]
iCore.Common.Entities.ISettingAttributeType
iCore.Common.Entities.ISettingAttributeGroupType
iCore.SAS.Administration.ILazySubEntity`1[[iCore.Common.Entities.ISettingAttributeType, iCore.Common.Entities, Version=3.40.0.0, Culture=neutral, PublicKeyToken=fe44b4a6e7c933aa]]
iCore.Common.Entities.ILazyLoadedEntity`1[[iCore.Common.Entities.ISettingAttributeType, iCore.Common.Entities, Version=3.40.0.0, Culture=neutral, PublicKeyToken=fe44b4a6e7c933aa]][]
System.Collections.Generic.IEnumerable`1[[iCore.Common.Entities.EntityKey, iCore.Common.Entities, Version=3.40.0.0, Culture=neutral, PublicKeyToken=fe44b4a6e7c933aa]]
iCore.Common.Entities.ISetting
iCore.Common.Entities.ISetting
iCore.Common.Entities.ILazyLoadedEntity`1[[iCore.Common.Entities.ISettingIdentity, iCore.Common.Entities, Version=3.40.0.0, Culture=neutral, PublicKeyToken=fe44b4a6e7c933aa]]
iCore.Common.Entities.ISettingIdentity
iCore.Common.Entities.ILazyLoadedEntity`1[[iCore.Common.Entities.ISettingIdentity, iCore.Common.Entities, Version=3.40.0.0, Culture=neutral, PublicKeyToken=fe44b4a6e7c933aa]][]
iCore.Common.Entities.ILazyLoadedEntity`1[[iCore.Common.Entities.ISettingAttributeGroupInstance, iCore.Common.Entities, Version=3.40.0.0, Culture=neutral, PublicKeyToken=fe44b4a6e7c933aa]]
iCore.Common.Entities.ISettingAttributeGroupInstance
iCore.Common.Entities.ILazyLoadedEntity`1[[iCore.Common.Entities.ISettingAttributeValue, iCore.Common.Entities, Version=3.40.0.0, Culture=neutral, PublicKeyToken=fe44b4a6e7c933aa]]
iCore.Common.Entities.ILazyLoadedEntity`1[[iCore.Common.Entities.ISettingAttributeValue, iCore.Common.Entities, Version=3.40.0.0, Culture=neutral, PublicKeyToken=fe44b4a6e7c933aa]][]
iCore.Common.Entities.ISetting
iCore.Common.Entities.ILazyLoadedEntity`1[[iCore.Common.Entities.ISettingAttributeGroupType, iCore.Common.Entities, Version=3.40.0.0, Culture=neutral, PublicKeyToken=fe44b4a6e7c933aa]]
iCore.Common.Entities.ILazyLoadedEntity`1[[iCore.Common.Entities.ISettingAttributeGroupInstance, iCore.Common.Entities, Version=3.40.0.0, Culture=neutral, PublicKeyToken=fe44b4a6e7c933aa]][]
System.String
iCore.SAS.Administration.ILazySubEntity`1[[iCore.Common.Entities.ISettingAttributeGroupInstance, iCore.Common.Entities, Version=3.40.0.0, Culture=neutral, PublicKeyToken=fe44b4a6e7c933aa]]
System.Collections.Generic.IEnumerable`1[[iCore.Common.Entities.EntityKey, iCore.Common.Entities, Version=3.40.0.0, Culture=neutral, PublicKeyToken=fe44b4a6e7c933aa]]
iCore.Common.Entities.ISettingAttributeValue
iCore.Common.Entities.ISetting
iCore.SAS.Administration.ILazySubEntity`1[[iCore.Common.Entities.ISettingAttributeGroupInstance, iCore.Common.Entities, Version=3.40.0.0, Culture=neutral, PublicKeyToken=fe44b4a6e7c933aa]]
iCore.SAS.Administration.ILazySubEntity`1[[iCore.Common.Entities.ISettingAttributeValue, iCore.Common.Entities, Version=3.40.0.0, Culture=neutral, PublicKeyToken=fe44b4a6e7c933aa]]
iCore.Common.Entities.IWebServiceDefinition
iCore.Common.Entities.IWebServiceDefinition
iCore.Common.Entities.ILazyKeyedCollection`2[[System.String, mscorlib, Version=4.0.0.0, Culture=neutral, PublicKeyToken=b77a5c561934e089],[iCore.Common.Entities.WebServiceActivityTypeInfo, iCore.Common.Entities, Version=3.40.0.0, Culture=neutral, PublicKeyToken=fe44b4a6e7c933aa]]
iCore.Common.Entities.WebServiceActivityTypeInfo
iCore.Common.Entities.ILazyKeyedCollection`2[[System.String, mscorlib, Version=4.0.0.0, Culture=neutral, PublicKeyToken=b77a5c561934e089],[iCore.Common.Entities.CategorizedNamedItem, iCore.Common.Entities, Version=3.40.0.0, Culture=neutral, PublicKeyToken=fe44b4a6e7c933aa]]
iCore.Common.Entities.CategorizedNamedItem
iCore.Common.Entities.ILazyKeyedCollection`2[[System.String, mscorlib, Version=4.0.0.0, Culture=neutral, PublicKeyToken=b77a5c561934e089],[iCore.Common.Entities.WebServiceAssemblyInfo, iCore.Common.Entities, Version=3.40.0.0, Culture=neutral, PublicKeyToken=fe44b4a6e7c933aa]]
iCore.Common.Entities.WebServiceAssemblyInfo
iCore.Common.Entities.ILazyKeyedCollection`2[[System.String, mscorlib, Version=4.0.0.0, Culture=neutral, PublicKeyToken=b77a5c561934e089],[iCore.Common.Entities.WebServiceSchemaInfo, iCore.Common.Entities, Version=3.40.0.0, Culture=neutral, PublicKeyToken=fe44b4a6e7c933aa]]
iCore.Common.Entities.WebServiceSchemaInfo
iCore.Common.Entities.SchemaType[]
iCore.Common.Entities.SchemaType
System.Uri
System.Version
iCore.Common.Entities.WebServiceGenerationOptions
iCore.Common.Entities.ICrossReferenceTable
iCore.Common.Entities.ICrossReferenceTable
iCore.Common.Entities.ILazyLoadedEntity`1[[iCore.Common.Entities.ICrossReferenceEntry, iCore.Common.Entities, Version=3.40.0.0, Culture=neutral, PublicKeyToken=fe44b4a6e7c933aa]]
iCore.Common.Entities.ICrossReferenceEntry
iCore.Common.Entities.ICrossReferenceTable
iCore.SAS.Administration.ILazySubEntity`1[[iCore.Common.Entities.ICrossReferenceEntry, iCore.Common.Entities, Version=3.40.0.0, Culture=neutral, PublicKeyToken=fe44b4a6e7c933aa]]
iCore.Common.Entities.ILazyLoadedEntity`1[[iCore.Common.Entities.ICrossReferenceEntry, iCore.Common.Entities, Version=3.40.0.0, Culture=neutral, PublicKeyToken=fe44b4a6e7c933aa]][]
System.Collections.Generic.IEnumerable`1[[iCore.Common.Entities.EntityKey, iCore.Common.Entities, Version=3.40.0.0, Culture=neutral, PublicKeyToken=fe44b4a6e7c933aa]]
iCore.Common.Entities.ICounter
iCore.Common.Entities.ICounter
iCore.Common.Entities.CounterCheckType
iCore.Common.Entities.AppendDateTimePosition
iCore.Common.Entities.IEntityFilter
iCore.Common.Entities.IEntityFilter
iCore.Common.Entities.ICompositeEntity
iCore.Common.Entities.CorrelatedActive
iCore.Common.IconEntity
iCore.Common.Entities.IServer
iCore.Common.Entities.ISystemQueue
iCore.Management.Monitoring.FailoverServerPartState
iCore.Public.Types.ServerPartType
iCore.Management.Monitoring.ServerPartStatus
System.Nullable`1[[System.Int64, mscorlib, Version=4.0.0.0, Culture=neutral, PublicKeyToken=b77a5c561934e089]]
iCore.Management.Monitoring.EventListenerState
iCore.Management.Monitoring.EventListenerStatistics
iCore.Management.Monitoring.TimeOfLastOperationTrackingStatisticsCounter
iCore.Management.Monitoring.EventProcessorState
iCore.Management.Monitoring.EventProcessorStatistics
iCore.Management.Monitoring.JobManagerState
iCore.Management.Monitoring.JobManagerStatistics
iCore.Management.Monitoring.StatisticsCounter
iCore.Management.Monitoring.EventGeneratorState+TimerDetails
iCore.Management.Monitoring.TimerType
iCore.Management.Monitoring.EventGeneratorState
iCore.Management.Monitoring.EventGeneratorState+TimerDetails[]
iCore.Management.Monitoring.DetailedServerPartState
iCore.SAS.Administration.Models.ServerStatusModel
iCore.SAS.Administration.Models.ServerPartDataModel
iCore.SAS.Administration.Models.ServerPartDataModel[]
iCore.Management.Monitoring.ServiceStatus
iCore.Management.Monitoring.SystemEventProcessorState
iCore.Management.Monitoring.SystemEventProcessorStatistics
iCore.Management.Monitoring.WorkerHostProcessBaseInfo
System.Int64[]
iCore.Management.Monitoring.WorkerHostProcessBaseInfo[]
iCore.Management.Monitoring.SystemMonitorServerConnectionInfo
iCore.Management.Monitoring.ServerConnectionStatus
iCore.Management.Monitoring.SystemMonitorServerInfo
iCore.Management.Monitoring.SystemMonitorServerPartInfo[]
iCore.Management.Monitoring.SystemMonitorServerPartInfo
iCore.Management.Monitoring.WorkerHostProcessInfo
iCore.Management.Monitoring.WorkerHostStatistics
iCore.SAS.Administration.Models.SystemMonitorDataModel
iCore.SAS.Administration.Models.ServerStatusModel[]
iCore.SAS.Administration.Models.ServerPartDataModel
iCore.SAS.Administration.Models.SystemEventProcessorDataModel
iCore.SAS.Administration.Models.SystemEventProcessDataModel
iCore.SAS.Administration.Models.SystemEventProcessDataModel[]
iCore.SAS.Administration.Models.WorkerHostManagerDataModel
iCore.SAS.Administration.Models.WorkerHostManagerProcessDataModel
System.Double
iCore.SAS.Administration.Models.WorkerHostManagerProcessDataModel[]
iCore.SAS.Administration.Models.WorkerHostManagerJobDataModel
iCore.SAS.Administration.Models.WorkerHostManagerJobDataModel[]
iCore.SAS.Administration.Models.EventGeneratorDataModel
iCore.SAS.Administration.Models.TimerDetailsDataModel
iCore.SAS.Administration.Models.TimerDetailsDataModel[]
iCore.SAS.Administration.Models.ServerMonitorDataModel
iCore.SAS.Administration.Models.SerializableServerDataModel
iCore.SAS.Administration.Models.SerializableServerDataModel[]
iCore.SAS.Administration.Models.EventListenerDataModel
iCore.SAS.Administration.Models.JobManagerDataModel
iCore.SAS.Administration.Models.EventProcessorDataModel
System.Char
System.Guid
System.String
System.Boolean
System.Collections.Generic.IEnumerable`1[[iCore.Common.Entities.EntityKey, iCore.Common.Entities, Version=3.40.0.0, Culture=neutral, PublicKeyToken=fe44b4a6e7c933aa]]
UnitTests_SAS.FakeType
System.Boolean</StdOut>
      </Output>
    </UnitTestResult>
    <UnitTestResult executionId="ac0fcce9-8f2a-46db-a6e3-36724b51fd7d" testId="935d43fb-cd63-c8c1-e612-7986a1b34845" testName="ExecuteCommand_InvokingProviderMethodWithValidNumberOfParameters_SuccessResultIsReturned" computerName="ICSWS068" duration="00:00:00.3647753" startTime="2016-08-04T09:59:24.5554520+02:00" endTime="2016-08-04T09:59:24.9218452+02:00" testType="13cdc9d9-ddb5-4fa4-a97d-d965ccfc6d4b" outcome="Passed" testListId="8c84fa94-04c1-424b-9868-57a2d4851a1d" relativeResultsDirectory="ac0fcce9-8f2a-46db-a6e3-36724b51fd7d">
      <Output>
        <StdOut>Debug Trace:
iCore.Common.Entities.IEntity
iCore.Common.Entities.EntityKey
iCore.Common.Entities.EntityTypeId
iCore.Common.Entities.IComponentDefinition
System.String
System.DateTime
iCore.Common.Entities.IEventHistory
iCore.Common.Entities.ILazyLoadedEntity`1[[iCore.Common.Entities.IJob, iCore.Common.Entities, Version=3.40.0.0, Culture=neutral, PublicKeyToken=fe44b4a6e7c933aa]]
iCore.Common.Entities.IJob
iCore.Common.Entities.EntityKey
iCore.Common.Entities.EArgument
System.Boolean
System.Int64
iCore.Common.Entities.EventState
iCore.Common.Entities.EventReason
iCore.Common.Entities.EArgument[]
iCore.Common.Entities.ILazyLoadedEntity`1[[iCore.Common.Entities.IComponentConfiguration, iCore.Common.Entities, Version=3.40.0.0, Culture=neutral, PublicKeyToken=fe44b4a6e7c933aa]]
iCore.Common.Entities.IComponentConfiguration
iCore.Common.Entities.ILazyLoadedEntity`1[[iCore.Common.Entities.ICategoryMembership, iCore.Common.Entities, Version=3.40.0.0, Culture=neutral, PublicKeyToken=fe44b4a6e7c933aa]][]
iCore.Common.Entities.ILazyLoadedEntity`1[[iCore.Common.Entities.ICategoryMembership, iCore.Common.Entities, Version=3.40.0.0, Culture=neutral, PublicKeyToken=fe44b4a6e7c933aa]]
iCore.Common.Entities.ICategoryMembership
iCore.Common.Entities.ICategory
iCore.Common.Entities.ICategory
iCore.Common.Entities.ILazyLoadedEntity`1[[iCore.Common.Entities.ICategory, iCore.Common.Entities, Version=3.40.0.0, Culture=neutral, PublicKeyToken=fe44b4a6e7c933aa]]
System.Nullable`1[[System.Guid, mscorlib, Version=4.0.0.0, Culture=neutral, PublicKeyToken=b77a5c561934e089]]
System.TimeSpan
System.Guid
iCore.Common.Entities.IComponentConfiguration
iCore.Common.Entities.ILazyLoadedEntity`1[[iCore.Common.Entities.IApplicationPool, iCore.Common.Entities, Version=3.40.0.0, Culture=neutral, PublicKeyToken=fe44b4a6e7c933aa]]
iCore.Common.Entities.IApplicationPool
iCore.Common.Entities.IApplicationPool
iCore.Common.Entities.ILazyLoadedEntity`1[[iCore.Common.Entities.IServer, iCore.Common.Entities, Version=3.40.0.0, Culture=neutral, PublicKeyToken=fe44b4a6e7c933aa]]
iCore.Common.Entities.IServer
iCore.Common.Entities.ServerStartupSpecialTask
System.Nullable`1[[System.UInt16, mscorlib, Version=4.0.0.0, Culture=neutral, PublicKeyToken=b77a5c561934e089]]
System.UInt16
System.Int16
iCore.Common.Entities.IUser
iCore.Common.Entities.IUserGroup
iCore.Common.Entities.UserDisplayOptions
iCore.Common.Entities.MainTreeDisplayOptions
iCore.Common.Entities.NodeContent
iCore.Common.Entities.ILazyLoadedEntity`1[[iCore.Common.Entities.IUserGroup, iCore.Common.Entities, Version=3.40.0.0, Culture=neutral, PublicKeyToken=fe44b4a6e7c933aa]]
iCore.Common.Entities.ViewMode
iCore.Common.Entities.ILazyLoadedEntity`1[[iCore.Common.Entities.IUser, iCore.Common.Entities, Version=3.40.0.0, Culture=neutral, PublicKeyToken=fe44b4a6e7c933aa]]
iCore.Common.Entities.ILazyLoadedEntity`1[[iCore.Common.Entities.IApplicationPoolImplementation, iCore.Common.Entities, Version=3.40.0.0, Culture=neutral, PublicKeyToken=fe44b4a6e7c933aa]][]
iCore.Common.Entities.ILazyLoadedEntity`1[[iCore.Common.Entities.IApplicationPoolImplementation, iCore.Common.Entities, Version=3.40.0.0, Culture=neutral, PublicKeyToken=fe44b4a6e7c933aa]]
iCore.Common.Entities.IApplicationPoolImplementation
iCore.SAS.Administration.ILazySubEntity`1[[iCore.Common.Entities.IApplicationPoolImplementation, iCore.Common.Entities, Version=3.40.0.0, Culture=neutral, PublicKeyToken=fe44b4a6e7c933aa]]
iCore.Common.Entities.IServer
iCore.Common.Entities.ILazyLoadedEntity`1[[iCore.Common.Entities.INode, iCore.Common.Entities, Version=3.40.0.0, Culture=neutral, PublicKeyToken=fe44b4a6e7c933aa]]
iCore.Common.Entities.INode
iCore.Common.Entities.INode
System.String
iCore.Common.Entities.ILazyLoadedEntity`1[[iCore.Common.Entities.INodeAttributeValue, iCore.Common.Entities, Version=3.40.0.0, Culture=neutral, PublicKeyToken=fe44b4a6e7c933aa]][]
iCore.Common.Entities.ILazyLoadedEntity`1[[iCore.Common.Entities.INodeAttributeValue, iCore.Common.Entities, Version=3.40.0.0, Culture=neutral, PublicKeyToken=fe44b4a6e7c933aa]]
iCore.Common.Entities.INodeAttributeValue
iCore.SAS.Administration.ILazySubEntity`1[[iCore.Common.Entities.INodeAttributeValue, iCore.Common.Entities, Version=3.40.0.0, Culture=neutral, PublicKeyToken=fe44b4a6e7c933aa]]
System.Object
iCore.Public.Types.ScriptVarType
iCore.Common.Entities.INodeAttributeType
iCore.Common.Entities.INodeAttributeType
iCore.Common.Entities.INode
iCore.Common.Entities.ILazyLoadedEntity`1[[iCore.Common.Entities.INodeAttributeType, iCore.Common.Entities, Version=3.40.0.0, Culture=neutral, PublicKeyToken=fe44b4a6e7c933aa]]
iCore.Common.Entities.IPartner
System.String
iCore.Common.Entities.IEntityImage
iCore.Common.Entities.SizedEntityImage[]
iCore.Common.Entities.SizedEntityImage
System.Drawing.Size
iCore.Common.Entities.ILazyLoadedEntity`1[[iCore.Common.Entities.IPartnerAttributeGroupInstance, iCore.Common.Entities, Version=3.40.0.0, Culture=neutral, PublicKeyToken=fe44b4a6e7c933aa]][]
iCore.Common.Entities.ILazyLoadedEntity`1[[iCore.Common.Entities.IPartnerAttributeGroupInstance, iCore.Common.Entities, Version=3.40.0.0, Culture=neutral, PublicKeyToken=fe44b4a6e7c933aa]]
iCore.Common.Entities.IPartnerAttributeGroupInstance
iCore.Common.Entities.IPartnerAttributeGroupType
iCore.Common.Entities.IPartnerAttributeGroupType
iCore.Common.Entities.ILazyLoadedEntity`1[[iCore.Common.Entities.IPartnerAttributeValue, iCore.Common.Entities, Version=3.40.0.0, Culture=neutral, PublicKeyToken=fe44b4a6e7c933aa]]
iCore.Common.Entities.IPartnerAttributeValue
iCore.SAS.Administration.ILazySubEntity`1[[iCore.Common.Entities.IPartnerAttributeValue, iCore.Common.Entities, Version=3.40.0.0, Culture=neutral, PublicKeyToken=fe44b4a6e7c933aa]]
iCore.Common.Entities.ILazyLoadedEntity`1[[iCore.Common.Entities.IPartnerAttributeValue, iCore.Common.Entities, Version=3.40.0.0, Culture=neutral, PublicKeyToken=fe44b4a6e7c933aa]][]
iCore.SAS.Administration.ILazySubEntity`1[[iCore.Common.Entities.IPartnerAttributeGroupInstance, iCore.Common.Entities, Version=3.40.0.0, Culture=neutral, PublicKeyToken=fe44b4a6e7c933aa]]
iCore.Common.Entities.ILazyLoadedEntity`1[[iCore.Common.Entities.IPartnerAttributeGroupType, iCore.Common.Entities, Version=3.40.0.0, Culture=neutral, PublicKeyToken=fe44b4a6e7c933aa]]
iCore.Common.Entities.ILazyLoadedEntity`1[[iCore.Common.Entities.IPartnerIdentity, iCore.Common.Entities, Version=3.40.0.0, Culture=neutral, PublicKeyToken=fe44b4a6e7c933aa]][]
iCore.Common.Entities.ILazyLoadedEntity`1[[iCore.Common.Entities.IPartnerIdentity, iCore.Common.Entities, Version=3.40.0.0, Culture=neutral, PublicKeyToken=fe44b4a6e7c933aa]]
iCore.Common.Entities.IPartnerIdentity
iCore.Common.Entities.IPartner
iCore.Common.Entities.ILazyLoadedEntity`1[[iCore.Common.Entities.IPartner, iCore.Common.Entities, Version=3.40.0.0, Culture=neutral, PublicKeyToken=fe44b4a6e7c933aa]]
iCore.Common.Entities.INodeTypeVersion
iCore.Common.Entities.INodeTypeVersion
iCore.Common.Entities.INodeType
iCore.Common.Entities.INodeTypeStyleSheet
iCore.Common.Entities.INodeType
iCore.Common.Entities.ILazyLoadedEntity`1[[iCore.Common.Entities.INodeTypeVersion, iCore.Common.Entities, Version=3.40.0.0, Culture=neutral, PublicKeyToken=fe44b4a6e7c933aa]]
iCore.Common.Entities.IEventType
iCore.Common.Entities.SelectionRule
iCore.Common.Entities.EventTypes
iCore.Common.Entities.EventTrackingCleanupRole
iCore.Common.Entities.IEventType
iCore.Common.Entities.ILazyLoadedEntity`1[[iCore.Common.Entities.INodeType, iCore.Common.Entities, Version=3.40.0.0, Culture=neutral, PublicKeyToken=fe44b4a6e7c933aa]]
iCore.Common.Entities.ILazyLoadedEntity`1[[iCore.Common.Entities.IEvent, iCore.Common.Entities, Version=3.40.0.0, Culture=neutral, PublicKeyToken=fe44b4a6e7c933aa]]
iCore.Common.Entities.IEvent
iCore.Common.Entities.MatchedStatus
iCore.Common.Entities.EventSourceType
iCore.Common.Entities.ILazyLoadedEntity`1[[iCore.Common.Entities.IEventType, iCore.Common.Entities, Version=3.40.0.0, Culture=neutral, PublicKeyToken=fe44b4a6e7c933aa]]
iCore.Common.Entities.ILazyLoadedEntity`1[[iCore.Common.Entities.IEventHandler, iCore.Common.Entities, Version=3.40.0.0, Culture=neutral, PublicKeyToken=fe44b4a6e7c933aa]]
iCore.Common.Entities.IEventHandler
iCore.Common.Entities.EventHandlerStatus
iCore.Common.Entities.IEventHandler
iCore.Common.Entities.ILazyLoadedEntity`1[[iCore.Common.Entities.IComponentDefinition, iCore.Common.Entities, Version=3.40.0.0, Culture=neutral, PublicKeyToken=fe44b4a6e7c933aa]]
System.Nullable`1[[System.DateTime, mscorlib, Version=4.0.0.0, Culture=neutral, PublicKeyToken=b77a5c561934e089]]
iCore.Common.Entities.JobState
iCore.Common.Entities.JobHistoryReason
iCore.Common.Entities.JobType
System.Byte
System.Int32
iCore.Public.Types.JobLifetime
iCore.Common.Entities.EntityKey[]
System.Collections.Generic.IEnumerable`1[[iCore.Common.Entities.EntityKey, iCore.Common.Entities, Version=3.40.0.0, Culture=neutral, PublicKeyToken=fe44b4a6e7c933aa]]
iCore.Common.Entities.ILazyLoadedEntity`1[[iCore.Common.Entities.IPartnerAttributeType, iCore.Common.Entities, Version=3.40.0.0, Culture=neutral, PublicKeyToken=fe44b4a6e7c933aa]]
iCore.Common.Entities.IPartnerAttributeType
System.Collections.Generic.IEnumerable`1[[iCore.Common.Entities.EntityKey, iCore.Common.Entities, Version=3.40.0.0, Culture=neutral, PublicKeyToken=fe44b4a6e7c933aa]]
iCore.Common.Entities.IPartnerAttributeGroupType
iCore.SAS.Administration.ILazySubEntity`1[[iCore.Common.Entities.IPartnerAttributeType, iCore.Common.Entities, Version=3.40.0.0, Culture=neutral, PublicKeyToken=fe44b4a6e7c933aa]]
iCore.Common.Entities.ILazyLoadedEntity`1[[iCore.Common.Entities.IPartnerAttributeType, iCore.Common.Entities, Version=3.40.0.0, Culture=neutral, PublicKeyToken=fe44b4a6e7c933aa]][]
iCore.Common.Entities.INode
iCore.Common.Entities.IEvent
iCore.Common.Entities.IJob
iCore.Common.Entities.ILogEntry
iCore.Public.Types.LogLevel
iCore.Common.LogMessageTypeID
iCore.Common.Entities.IWorkflow
System.Collections.Generic.IEnumerable`1[[iCore.Common.Entities.EntityKey, iCore.Common.Entities, Version=3.40.0.0, Culture=neutral, PublicKeyToken=fe44b4a6e7c933aa]]
iCore.Common.Entities.WorkflowClassification
iCore.Common.Entities.IWorkflow
iCore.Common.Entities.IAdapterFlow
iCore.Common.Entities.IAdapterFlow
iCore.Common.Types.LogLevelFilter
iCore.Common.Types.EntryPointNameValue
iCore.Common.Entities.IScript
iCore.Common.Entities.IScript
iCore.Common.Entities.ITimer
iCore.Common.Entities.ITimer
iCore.Common.Types.TimerFrequency
iCore.Common.Types.TimerInterval+TimerIntervalType
iCore.Common.Entities.ILazyLoadedEntity`1[[iCore.Common.Entities.ITimerEvent, iCore.Common.Entities, Version=3.40.0.0, Culture=neutral, PublicKeyToken=fe44b4a6e7c933aa]]
iCore.Common.Entities.ITimerEvent
iCore.Common.Entities.ITimer
iCore.SAS.Administration.ILazySubEntity`1[[iCore.Common.Entities.ITimerEvent, iCore.Common.Entities, Version=3.40.0.0, Culture=neutral, PublicKeyToken=fe44b4a6e7c933aa]]
iCore.Common.Entities.TimerEventPriority
iCore.Common.Entities.ILazyLoadedEntity`1[[iCore.Common.Entities.ITimerEvent, iCore.Common.Entities, Version=3.40.0.0, Culture=neutral, PublicKeyToken=fe44b4a6e7c933aa]][]
System.Int32[]
iCore.SAS.Interfaces.WeekDay
iCore.SAS.Interfaces.WeekDay[]
System.Collections.Generic.IEnumerable`1[[iCore.Common.Entities.EntityKey, iCore.Common.Entities, Version=3.40.0.0, Culture=neutral, PublicKeyToken=fe44b4a6e7c933aa]]
iCore.Common.Entities.ISettingAttributeGroupType
iCore.Common.Entities.ISettingAttributeGroupType
iCore.Common.Entities.ILazyLoadedEntity`1[[iCore.Common.Entities.ISettingAttributeType, iCore.Common.Entities, Version=3.40.0.0, Culture=neutral, PublicKeyToken=fe44b4a6e7c933aa]]
iCore.Common.Entities.ISettingAttributeType
iCore.Common.Entities.ISettingAttributeGroupType
iCore.SAS.Administration.ILazySubEntity`1[[iCore.Common.Entities.ISettingAttributeType, iCore.Common.Entities, Version=3.40.0.0, Culture=neutral, PublicKeyToken=fe44b4a6e7c933aa]]
iCore.Common.Entities.ILazyLoadedEntity`1[[iCore.Common.Entities.ISettingAttributeType, iCore.Common.Entities, Version=3.40.0.0, Culture=neutral, PublicKeyToken=fe44b4a6e7c933aa]][]
System.Collections.Generic.IEnumerable`1[[iCore.Common.Entities.EntityKey, iCore.Common.Entities, Version=3.40.0.0, Culture=neutral, PublicKeyToken=fe44b4a6e7c933aa]]
iCore.Common.Entities.ISetting
iCore.Common.Entities.ISetting
iCore.Common.Entities.ILazyLoadedEntity`1[[iCore.Common.Entities.ISettingIdentity, iCore.Common.Entities, Version=3.40.0.0, Culture=neutral, PublicKeyToken=fe44b4a6e7c933aa]]
iCore.Common.Entities.ISettingIdentity
iCore.Common.Entities.ILazyLoadedEntity`1[[iCore.Common.Entities.ISettingIdentity, iCore.Common.Entities, Version=3.40.0.0, Culture=neutral, PublicKeyToken=fe44b4a6e7c933aa]][]
iCore.Common.Entities.ILazyLoadedEntity`1[[iCore.Common.Entities.ISettingAttributeGroupInstance, iCore.Common.Entities, Version=3.40.0.0, Culture=neutral, PublicKeyToken=fe44b4a6e7c933aa]]
iCore.Common.Entities.ISettingAttributeGroupInstance
iCore.Common.Entities.ILazyLoadedEntity`1[[iCore.Common.Entities.ISettingAttributeValue, iCore.Common.Entities, Version=3.40.0.0, Culture=neutral, PublicKeyToken=fe44b4a6e7c933aa]]
iCore.Common.Entities.ILazyLoadedEntity`1[[iCore.Common.Entities.ISettingAttributeValue, iCore.Common.Entities, Version=3.40.0.0, Culture=neutral, PublicKeyToken=fe44b4a6e7c933aa]][]
iCore.Common.Entities.ISetting
iCore.Common.Entities.ILazyLoadedEntity`1[[iCore.Common.Entities.ISettingAttributeGroupType, iCore.Common.Entities, Version=3.40.0.0, Culture=neutral, PublicKeyToken=fe44b4a6e7c933aa]]
iCore.Common.Entities.ILazyLoadedEntity`1[[iCore.Common.Entities.ISettingAttributeGroupInstance, iCore.Common.Entities, Version=3.40.0.0, Culture=neutral, PublicKeyToken=fe44b4a6e7c933aa]][]
System.String
iCore.SAS.Administration.ILazySubEntity`1[[iCore.Common.Entities.ISettingAttributeGroupInstance, iCore.Common.Entities, Version=3.40.0.0, Culture=neutral, PublicKeyToken=fe44b4a6e7c933aa]]
System.Collections.Generic.IEnumerable`1[[iCore.Common.Entities.EntityKey, iCore.Common.Entities, Version=3.40.0.0, Culture=neutral, PublicKeyToken=fe44b4a6e7c933aa]]
iCore.Common.Entities.ISettingAttributeValue
iCore.Common.Entities.ISetting
iCore.SAS.Administration.ILazySubEntity`1[[iCore.Common.Entities.ISettingAttributeGroupInstance, iCore.Common.Entities, Version=3.40.0.0, Culture=neutral, PublicKeyToken=fe44b4a6e7c933aa]]
iCore.SAS.Administration.ILazySubEntity`1[[iCore.Common.Entities.ISettingAttributeValue, iCore.Common.Entities, Version=3.40.0.0, Culture=neutral, PublicKeyToken=fe44b4a6e7c933aa]]
iCore.Common.Entities.IWebServiceDefinition
iCore.Common.Entities.IWebServiceDefinition
iCore.Common.Entities.ILazyKeyedCollection`2[[System.String, mscorlib, Version=4.0.0.0, Culture=neutral, PublicKeyToken=b77a5c561934e089],[iCore.Common.Entities.WebServiceActivityTypeInfo, iCore.Common.Entities, Version=3.40.0.0, Culture=neutral, PublicKeyToken=fe44b4a6e7c933aa]]
iCore.Common.Entities.WebServiceActivityTypeInfo
iCore.Common.Entities.ILazyKeyedCollection`2[[System.String, mscorlib, Version=4.0.0.0, Culture=neutral, PublicKeyToken=b77a5c561934e089],[iCore.Common.Entities.CategorizedNamedItem, iCore.Common.Entities, Version=3.40.0.0, Culture=neutral, PublicKeyToken=fe44b4a6e7c933aa]]
iCore.Common.Entities.CategorizedNamedItem
iCore.Common.Entities.ILazyKeyedCollection`2[[System.String, mscorlib, Version=4.0.0.0, Culture=neutral, PublicKeyToken=b77a5c561934e089],[iCore.Common.Entities.WebServiceAssemblyInfo, iCore.Common.Entities, Version=3.40.0.0, Culture=neutral, PublicKeyToken=fe44b4a6e7c933aa]]
iCore.Common.Entities.WebServiceAssemblyInfo
iCore.Common.Entities.ILazyKeyedCollection`2[[System.String, mscorlib, Version=4.0.0.0, Culture=neutral, PublicKeyToken=b77a5c561934e089],[iCore.Common.Entities.WebServiceSchemaInfo, iCore.Common.Entities, Version=3.40.0.0, Culture=neutral, PublicKeyToken=fe44b4a6e7c933aa]]
iCore.Common.Entities.WebServiceSchemaInfo
iCore.Common.Entities.SchemaType[]
iCore.Common.Entities.SchemaType
System.Uri
System.Version
iCore.Common.Entities.WebServiceGenerationOptions
iCore.Common.Entities.ICrossReferenceTable
iCore.Common.Entities.ICrossReferenceTable
iCore.Common.Entities.ILazyLoadedEntity`1[[iCore.Common.Entities.ICrossReferenceEntry, iCore.Common.Entities, Version=3.40.0.0, Culture=neutral, PublicKeyToken=fe44b4a6e7c933aa]]
iCore.Common.Entities.ICrossReferenceEntry
iCore.Common.Entities.ICrossReferenceTable
iCore.SAS.Administration.ILazySubEntity`1[[iCore.Common.Entities.ICrossReferenceEntry, iCore.Common.Entities, Version=3.40.0.0, Culture=neutral, PublicKeyToken=fe44b4a6e7c933aa]]
iCore.Common.Entities.ILazyLoadedEntity`1[[iCore.Common.Entities.ICrossReferenceEntry, iCore.Common.Entities, Version=3.40.0.0, Culture=neutral, PublicKeyToken=fe44b4a6e7c933aa]][]
System.Collections.Generic.IEnumerable`1[[iCore.Common.Entities.EntityKey, iCore.Common.Entities, Version=3.40.0.0, Culture=neutral, PublicKeyToken=fe44b4a6e7c933aa]]
iCore.Common.Entities.ICounter
iCore.Common.Entities.ICounter
iCore.Common.Entities.CounterCheckType
iCore.Common.Entities.AppendDateTimePosition
iCore.Common.Entities.IEntityFilter
iCore.Common.Entities.IEntityFilter
iCore.Common.Entities.ICompositeEntity
iCore.Common.Entities.CorrelatedActive
iCore.Common.IconEntity
iCore.Common.Entities.IServer
iCore.Common.Entities.ISystemQueue
iCore.Management.Monitoring.FailoverServerPartState
iCore.Public.Types.ServerPartType
iCore.Management.Monitoring.ServerPartStatus
System.Nullable`1[[System.Int64, mscorlib, Version=4.0.0.0, Culture=neutral, PublicKeyToken=b77a5c561934e089]]
iCore.Management.Monitoring.EventListenerState
iCore.Management.Monitoring.EventListenerStatistics
iCore.Management.Monitoring.TimeOfLastOperationTrackingStatisticsCounter
iCore.Management.Monitoring.EventProcessorState
iCore.Management.Monitoring.EventProcessorStatistics
iCore.Management.Monitoring.JobManagerState
iCore.Management.Monitoring.JobManagerStatistics
iCore.Management.Monitoring.StatisticsCounter
iCore.Management.Monitoring.EventGeneratorState+TimerDetails
iCore.Management.Monitoring.TimerType
iCore.Management.Monitoring.EventGeneratorState
iCore.Management.Monitoring.EventGeneratorState+TimerDetails[]
iCore.Management.Monitoring.DetailedServerPartState
iCore.SAS.Administration.Models.ServerStatusModel
iCore.SAS.Administration.Models.ServerPartDataModel
iCore.SAS.Administration.Models.ServerPartDataModel[]
iCore.Management.Monitoring.ServiceStatus
iCore.Management.Monitoring.SystemEventProcessorState
iCore.Management.Monitoring.SystemEventProcessorStatistics
iCore.Management.Monitoring.WorkerHostProcessBaseInfo
System.Int64[]
iCore.Management.Monitoring.WorkerHostProcessBaseInfo[]
iCore.Management.Monitoring.SystemMonitorServerConnectionInfo
iCore.Management.Monitoring.ServerConnectionStatus
iCore.Management.Monitoring.SystemMonitorServerInfo
iCore.Management.Monitoring.SystemMonitorServerPartInfo[]
iCore.Management.Monitoring.SystemMonitorServerPartInfo
iCore.Management.Monitoring.WorkerHostProcessInfo
iCore.Management.Monitoring.WorkerHostStatistics
iCore.SAS.Administration.Models.SystemMonitorDataModel
iCore.SAS.Administration.Models.ServerStatusModel[]
iCore.SAS.Administration.Models.ServerPartDataModel
iCore.SAS.Administration.Models.SystemEventProcessorDataModel
iCore.SAS.Administration.Models.SystemEventProcessDataModel
iCore.SAS.Administration.Models.SystemEventProcessDataModel[]
iCore.SAS.Administration.Models.WorkerHostManagerDataModel
iCore.SAS.Administration.Models.WorkerHostManagerProcessDataModel
System.Double
iCore.SAS.Administration.Models.WorkerHostManagerProcessDataModel[]
iCore.SAS.Administration.Models.WorkerHostManagerJobDataModel
iCore.SAS.Administration.Models.WorkerHostManagerJobDataModel[]
iCore.SAS.Administration.Models.EventGeneratorDataModel
iCore.SAS.Administration.Models.TimerDetailsDataModel
iCore.SAS.Administration.Models.TimerDetailsDataModel[]
iCore.SAS.Administration.Models.ServerMonitorDataModel
iCore.SAS.Administration.Models.SerializableServerDataModel
iCore.SAS.Administration.Models.SerializableServerDataModel[]
iCore.SAS.Administration.Models.EventListenerDataModel
iCore.SAS.Administration.Models.JobManagerDataModel
iCore.SAS.Administration.Models.EventProcessorDataModel
System.Char
System.Guid
System.String
System.Boolean
System.Collections.Generic.IEnumerable`1[[iCore.Common.Entities.EntityKey, iCore.Common.Entities, Version=3.40.0.0, Culture=neutral, PublicKeyToken=fe44b4a6e7c933aa]]
UnitTests_SAS.FakeType
System.Boolean</StdOut>
      </Output>
    </UnitTestResult>
    <UnitTestResult executionId="4b1ddebe-e043-46ad-a484-cb3d29478f9f" testId="4436e9e9-2bcc-4ce9-8140-5a2032dbc157" testName="ExecuteCommand_InvokedProviderCommandThrowsException_ErrorResultIsReturned" computerName="ICSWS068" duration="00:00:00.2388718" startTime="2016-08-04T09:59:24.9248477+02:00" endTime="2016-08-04T09:59:25.1652463+02:00" testType="13cdc9d9-ddb5-4fa4-a97d-d965ccfc6d4b" outcome="Passed" testListId="8c84fa94-04c1-424b-9868-57a2d4851a1d" relativeResultsDirectory="4b1ddebe-e043-46ad-a484-cb3d29478f9f">
      <Output>
        <StdOut>Debug Trace:
iCore.Common.Entities.IEntity
iCore.Common.Entities.EntityKey
iCore.Common.Entities.EntityTypeId
iCore.Common.Entities.IComponentDefinition
System.String
System.DateTime
iCore.Common.Entities.IEventHistory
iCore.Common.Entities.ILazyLoadedEntity`1[[iCore.Common.Entities.IJob, iCore.Common.Entities, Version=3.40.0.0, Culture=neutral, PublicKeyToken=fe44b4a6e7c933aa]]
iCore.Common.Entities.IJob
iCore.Common.Entities.EntityKey
iCore.Common.Entities.EArgument
System.Boolean
System.Int64
iCore.Common.Entities.EventState
iCore.Common.Entities.EventReason
iCore.Common.Entities.EArgument[]
iCore.Common.Entities.ILazyLoadedEntity`1[[iCore.Common.Entities.IComponentConfiguration, iCore.Common.Entities, Version=3.40.0.0, Culture=neutral, PublicKeyToken=fe44b4a6e7c933aa]]
iCore.Common.Entities.IComponentConfiguration
iCore.Common.Entities.ILazyLoadedEntity`1[[iCore.Common.Entities.ICategoryMembership, iCore.Common.Entities, Version=3.40.0.0, Culture=neutral, PublicKeyToken=fe44b4a6e7c933aa]][]
iCore.Common.Entities.ILazyLoadedEntity`1[[iCore.Common.Entities.ICategoryMembership, iCore.Common.Entities, Version=3.40.0.0, Culture=neutral, PublicKeyToken=fe44b4a6e7c933aa]]
iCore.Common.Entities.ICategoryMembership
iCore.Common.Entities.ICategory
iCore.Common.Entities.ICategory
iCore.Common.Entities.ILazyLoadedEntity`1[[iCore.Common.Entities.ICategory, iCore.Common.Entities, Version=3.40.0.0, Culture=neutral, PublicKeyToken=fe44b4a6e7c933aa]]
System.Nullable`1[[System.Guid, mscorlib, Version=4.0.0.0, Culture=neutral, PublicKeyToken=b77a5c561934e089]]
System.TimeSpan
System.Guid
iCore.Common.Entities.IComponentConfiguration
iCore.Common.Entities.ILazyLoadedEntity`1[[iCore.Common.Entities.IApplicationPool, iCore.Common.Entities, Version=3.40.0.0, Culture=neutral, PublicKeyToken=fe44b4a6e7c933aa]]
iCore.Common.Entities.IApplicationPool
iCore.Common.Entities.IApplicationPool
iCore.Common.Entities.ILazyLoadedEntity`1[[iCore.Common.Entities.IServer, iCore.Common.Entities, Version=3.40.0.0, Culture=neutral, PublicKeyToken=fe44b4a6e7c933aa]]
iCore.Common.Entities.IServer
iCore.Common.Entities.ServerStartupSpecialTask
System.Nullable`1[[System.UInt16, mscorlib, Version=4.0.0.0, Culture=neutral, PublicKeyToken=b77a5c561934e089]]
System.UInt16
System.Int16
iCore.Common.Entities.IUser
iCore.Common.Entities.IUserGroup
iCore.Common.Entities.UserDisplayOptions
iCore.Common.Entities.MainTreeDisplayOptions
iCore.Common.Entities.NodeContent
iCore.Common.Entities.ILazyLoadedEntity`1[[iCore.Common.Entities.IUserGroup, iCore.Common.Entities, Version=3.40.0.0, Culture=neutral, PublicKeyToken=fe44b4a6e7c933aa]]
iCore.Common.Entities.ViewMode
iCore.Common.Entities.ILazyLoadedEntity`1[[iCore.Common.Entities.IUser, iCore.Common.Entities, Version=3.40.0.0, Culture=neutral, PublicKeyToken=fe44b4a6e7c933aa]]
iCore.Common.Entities.ILazyLoadedEntity`1[[iCore.Common.Entities.IApplicationPoolImplementation, iCore.Common.Entities, Version=3.40.0.0, Culture=neutral, PublicKeyToken=fe44b4a6e7c933aa]][]
iCore.Common.Entities.ILazyLoadedEntity`1[[iCore.Common.Entities.IApplicationPoolImplementation, iCore.Common.Entities, Version=3.40.0.0, Culture=neutral, PublicKeyToken=fe44b4a6e7c933aa]]
iCore.Common.Entities.IApplicationPoolImplementation
iCore.SAS.Administration.ILazySubEntity`1[[iCore.Common.Entities.IApplicationPoolImplementation, iCore.Common.Entities, Version=3.40.0.0, Culture=neutral, PublicKeyToken=fe44b4a6e7c933aa]]
iCore.Common.Entities.IServer
iCore.Common.Entities.ILazyLoadedEntity`1[[iCore.Common.Entities.INode, iCore.Common.Entities, Version=3.40.0.0, Culture=neutral, PublicKeyToken=fe44b4a6e7c933aa]]
iCore.Common.Entities.INode
iCore.Common.Entities.INode
System.String
iCore.Common.Entities.ILazyLoadedEntity`1[[iCore.Common.Entities.INodeAttributeValue, iCore.Common.Entities, Version=3.40.0.0, Culture=neutral, PublicKeyToken=fe44b4a6e7c933aa]][]
iCore.Common.Entities.ILazyLoadedEntity`1[[iCore.Common.Entities.INodeAttributeValue, iCore.Common.Entities, Version=3.40.0.0, Culture=neutral, PublicKeyToken=fe44b4a6e7c933aa]]
iCore.Common.Entities.INodeAttributeValue
iCore.SAS.Administration.ILazySubEntity`1[[iCore.Common.Entities.INodeAttributeValue, iCore.Common.Entities, Version=3.40.0.0, Culture=neutral, PublicKeyToken=fe44b4a6e7c933aa]]
System.Object
iCore.Public.Types.ScriptVarType
iCore.Common.Entities.INodeAttributeType
iCore.Common.Entities.INodeAttributeType
iCore.Common.Entities.INode
iCore.Common.Entities.ILazyLoadedEntity`1[[iCore.Common.Entities.INodeAttributeType, iCore.Common.Entities, Version=3.40.0.0, Culture=neutral, PublicKeyToken=fe44b4a6e7c933aa]]
iCore.Common.Entities.IPartner
System.String
iCore.Common.Entities.IEntityImage
iCore.Common.Entities.SizedEntityImage[]
iCore.Common.Entities.SizedEntityImage
System.Drawing.Size
iCore.Common.Entities.ILazyLoadedEntity`1[[iCore.Common.Entities.IPartnerAttributeGroupInstance, iCore.Common.Entities, Version=3.40.0.0, Culture=neutral, PublicKeyToken=fe44b4a6e7c933aa]][]
iCore.Common.Entities.ILazyLoadedEntity`1[[iCore.Common.Entities.IPartnerAttributeGroupInstance, iCore.Common.Entities, Version=3.40.0.0, Culture=neutral, PublicKeyToken=fe44b4a6e7c933aa]]
iCore.Common.Entities.IPartnerAttributeGroupInstance
iCore.Common.Entities.IPartnerAttributeGroupType
iCore.Common.Entities.IPartnerAttributeGroupType
iCore.Common.Entities.ILazyLoadedEntity`1[[iCore.Common.Entities.IPartnerAttributeValue, iCore.Common.Entities, Version=3.40.0.0, Culture=neutral, PublicKeyToken=fe44b4a6e7c933aa]]
iCore.Common.Entities.IPartnerAttributeValue
iCore.SAS.Administration.ILazySubEntity`1[[iCore.Common.Entities.IPartnerAttributeValue, iCore.Common.Entities, Version=3.40.0.0, Culture=neutral, PublicKeyToken=fe44b4a6e7c933aa]]
iCore.Common.Entities.ILazyLoadedEntity`1[[iCore.Common.Entities.IPartnerAttributeValue, iCore.Common.Entities, Version=3.40.0.0, Culture=neutral, PublicKeyToken=fe44b4a6e7c933aa]][]
iCore.SAS.Administration.ILazySubEntity`1[[iCore.Common.Entities.IPartnerAttributeGroupInstance, iCore.Common.Entities, Version=3.40.0.0, Culture=neutral, PublicKeyToken=fe44b4a6e7c933aa]]
iCore.Common.Entities.ILazyLoadedEntity`1[[iCore.Common.Entities.IPartnerAttributeGroupType, iCore.Common.Entities, Version=3.40.0.0, Culture=neutral, PublicKeyToken=fe44b4a6e7c933aa]]
iCore.Common.Entities.ILazyLoadedEntity`1[[iCore.Common.Entities.IPartnerIdentity, iCore.Common.Entities, Version=3.40.0.0, Culture=neutral, PublicKeyToken=fe44b4a6e7c933aa]][]
iCore.Common.Entities.ILazyLoadedEntity`1[[iCore.Common.Entities.IPartnerIdentity, iCore.Common.Entities, Version=3.40.0.0, Culture=neutral, PublicKeyToken=fe44b4a6e7c933aa]]
iCore.Common.Entities.IPartnerIdentity
iCore.Common.Entities.IPartner
iCore.Common.Entities.ILazyLoadedEntity`1[[iCore.Common.Entities.IPartner, iCore.Common.Entities, Version=3.40.0.0, Culture=neutral, PublicKeyToken=fe44b4a6e7c933aa]]
iCore.Common.Entities.INodeTypeVersion
iCore.Common.Entities.INodeTypeVersion
iCore.Common.Entities.INodeType
iCore.Common.Entities.INodeTypeStyleSheet
iCore.Common.Entities.INodeType
iCore.Common.Entities.ILazyLoadedEntity`1[[iCore.Common.Entities.INodeTypeVersion, iCore.Common.Entities, Version=3.40.0.0, Culture=neutral, PublicKeyToken=fe44b4a6e7c933aa]]
iCore.Common.Entities.IEventType
iCore.Common.Entities.SelectionRule
iCore.Common.Entities.EventTypes
iCore.Common.Entities.EventTrackingCleanupRole
iCore.Common.Entities.IEventType
iCore.Common.Entities.ILazyLoadedEntity`1[[iCore.Common.Entities.INodeType, iCore.Common.Entities, Version=3.40.0.0, Culture=neutral, PublicKeyToken=fe44b4a6e7c933aa]]
iCore.Common.Entities.ILazyLoadedEntity`1[[iCore.Common.Entities.IEvent, iCore.Common.Entities, Version=3.40.0.0, Culture=neutral, PublicKeyToken=fe44b4a6e7c933aa]]
iCore.Common.Entities.IEvent
iCore.Common.Entities.MatchedStatus
iCore.Common.Entities.EventSourceType
iCore.Common.Entities.ILazyLoadedEntity`1[[iCore.Common.Entities.IEventType, iCore.Common.Entities, Version=3.40.0.0, Culture=neutral, PublicKeyToken=fe44b4a6e7c933aa]]
iCore.Common.Entities.ILazyLoadedEntity`1[[iCore.Common.Entities.IEventHandler, iCore.Common.Entities, Version=3.40.0.0, Culture=neutral, PublicKeyToken=fe44b4a6e7c933aa]]
iCore.Common.Entities.IEventHandler
iCore.Common.Entities.EventHandlerStatus
iCore.Common.Entities.IEventHandler
iCore.Common.Entities.ILazyLoadedEntity`1[[iCore.Common.Entities.IComponentDefinition, iCore.Common.Entities, Version=3.40.0.0, Culture=neutral, PublicKeyToken=fe44b4a6e7c933aa]]
System.Nullable`1[[System.DateTime, mscorlib, Version=4.0.0.0, Culture=neutral, PublicKeyToken=b77a5c561934e089]]
iCore.Common.Entities.JobState
iCore.Common.Entities.JobHistoryReason
iCore.Common.Entities.JobType
System.Byte
System.Int32
iCore.Public.Types.JobLifetime
iCore.Common.Entities.EntityKey[]
System.Collections.Generic.IEnumerable`1[[iCore.Common.Entities.EntityKey, iCore.Common.Entities, Version=3.40.0.0, Culture=neutral, PublicKeyToken=fe44b4a6e7c933aa]]
iCore.Common.Entities.ILazyLoadedEntity`1[[iCore.Common.Entities.IPartnerAttributeType, iCore.Common.Entities, Version=3.40.0.0, Culture=neutral, PublicKeyToken=fe44b4a6e7c933aa]]
iCore.Common.Entities.IPartnerAttributeType
System.Collections.Generic.IEnumerable`1[[iCore.Common.Entities.EntityKey, iCore.Common.Entities, Version=3.40.0.0, Culture=neutral, PublicKeyToken=fe44b4a6e7c933aa]]
iCore.Common.Entities.IPartnerAttributeGroupType
iCore.SAS.Administration.ILazySubEntity`1[[iCore.Common.Entities.IPartnerAttributeType, iCore.Common.Entities, Version=3.40.0.0, Culture=neutral, PublicKeyToken=fe44b4a6e7c933aa]]
iCore.Common.Entities.ILazyLoadedEntity`1[[iCore.Common.Entities.IPartnerAttributeType, iCore.Common.Entities, Version=3.40.0.0, Culture=neutral, PublicKeyToken=fe44b4a6e7c933aa]][]
iCore.Common.Entities.INode
iCore.Common.Entities.IEvent
iCore.Common.Entities.IJob
iCore.Common.Entities.ILogEntry
iCore.Public.Types.LogLevel
iCore.Common.LogMessageTypeID
iCore.Common.Entities.IWorkflow
System.Collections.Generic.IEnumerable`1[[iCore.Common.Entities.EntityKey, iCore.Common.Entities, Version=3.40.0.0, Culture=neutral, PublicKeyToken=fe44b4a6e7c933aa]]
iCore.Common.Entities.WorkflowClassification
iCore.Common.Entities.IWorkflow
iCore.Common.Entities.IAdapterFlow
iCore.Common.Entities.IAdapterFlow
iCore.Common.Types.LogLevelFilter
iCore.Common.Types.EntryPointNameValue
iCore.Common.Entities.IScript
iCore.Common.Entities.IScript
iCore.Common.Entities.ITimer
iCore.Common.Entities.ITimer
iCore.Common.Types.TimerFrequency
iCore.Common.Types.TimerInterval+TimerIntervalType
iCore.Common.Entities.ILazyLoadedEntity`1[[iCore.Common.Entities.ITimerEvent, iCore.Common.Entities, Version=3.40.0.0, Culture=neutral, PublicKeyToken=fe44b4a6e7c933aa]]
iCore.Common.Entities.ITimerEvent
iCore.Common.Entities.ITimer
iCore.SAS.Administration.ILazySubEntity`1[[iCore.Common.Entities.ITimerEvent, iCore.Common.Entities, Version=3.40.0.0, Culture=neutral, PublicKeyToken=fe44b4a6e7c933aa]]
iCore.Common.Entities.TimerEventPriority
iCore.Common.Entities.ILazyLoadedEntity`1[[iCore.Common.Entities.ITimerEvent, iCore.Common.Entities, Version=3.40.0.0, Culture=neutral, PublicKeyToken=fe44b4a6e7c933aa]][]
System.Int32[]
iCore.SAS.Interfaces.WeekDay
iCore.SAS.Interfaces.WeekDay[]
System.Collections.Generic.IEnumerable`1[[iCore.Common.Entities.EntityKey, iCore.Common.Entities, Version=3.40.0.0, Culture=neutral, PublicKeyToken=fe44b4a6e7c933aa]]
iCore.Common.Entities.ISettingAttributeGroupType
iCore.Common.Entities.ISettingAttributeGroupType
iCore.Common.Entities.ILazyLoadedEntity`1[[iCore.Common.Entities.ISettingAttributeType, iCore.Common.Entities, Version=3.40.0.0, Culture=neutral, PublicKeyToken=fe44b4a6e7c933aa]]
iCore.Common.Entities.ISettingAttributeType
iCore.Common.Entities.ISettingAttributeGroupType
iCore.SAS.Administration.ILazySubEntity`1[[iCore.Common.Entities.ISettingAttributeType, iCore.Common.Entities, Version=3.40.0.0, Culture=neutral, PublicKeyToken=fe44b4a6e7c933aa]]
iCore.Common.Entities.ILazyLoadedEntity`1[[iCore.Common.Entities.ISettingAttributeType, iCore.Common.Entities, Version=3.40.0.0, Culture=neutral, PublicKeyToken=fe44b4a6e7c933aa]][]
System.Collections.Generic.IEnumerable`1[[iCore.Common.Entities.EntityKey, iCore.Common.Entities, Version=3.40.0.0, Culture=neutral, PublicKeyToken=fe44b4a6e7c933aa]]
iCore.Common.Entities.ISetting
iCore.Common.Entities.ISetting
iCore.Common.Entities.ILazyLoadedEntity`1[[iCore.Common.Entities.ISettingIdentity, iCore.Common.Entities, Version=3.40.0.0, Culture=neutral, PublicKeyToken=fe44b4a6e7c933aa]]
iCore.Common.Entities.ISettingIdentity
iCore.Common.Entities.ILazyLoadedEntity`1[[iCore.Common.Entities.ISettingIdentity, iCore.Common.Entities, Version=3.40.0.0, Culture=neutral, PublicKeyToken=fe44b4a6e7c933aa]][]
iCore.Common.Entities.ILazyLoadedEntity`1[[iCore.Common.Entities.ISettingAttributeGroupInstance, iCore.Common.Entities, Version=3.40.0.0, Culture=neutral, PublicKeyToken=fe44b4a6e7c933aa]]
iCore.Common.Entities.ISettingAttributeGroupInstance
iCore.Common.Entities.ILazyLoadedEntity`1[[iCore.Common.Entities.ISettingAttributeValue, iCore.Common.Entities, Version=3.40.0.0, Culture=neutral, PublicKeyToken=fe44b4a6e7c933aa]]
iCore.Common.Entities.ILazyLoadedEntity`1[[iCore.Common.Entities.ISettingAttributeValue, iCore.Common.Entities, Version=3.40.0.0, Culture=neutral, PublicKeyToken=fe44b4a6e7c933aa]][]
iCore.Common.Entities.ISetting
iCore.Common.Entities.ILazyLoadedEntity`1[[iCore.Common.Entities.ISettingAttributeGroupType, iCore.Common.Entities, Version=3.40.0.0, Culture=neutral, PublicKeyToken=fe44b4a6e7c933aa]]
iCore.Common.Entities.ILazyLoadedEntity`1[[iCore.Common.Entities.ISettingAttributeGroupInstance, iCore.Common.Entities, Version=3.40.0.0, Culture=neutral, PublicKeyToken=fe44b4a6e7c933aa]][]
System.String
iCore.SAS.Administration.ILazySubEntity`1[[iCore.Common.Entities.ISettingAttributeGroupInstance, iCore.Common.Entities, Version=3.40.0.0, Culture=neutral, PublicKeyToken=fe44b4a6e7c933aa]]
System.Collections.Generic.IEnumerable`1[[iCore.Common.Entities.EntityKey, iCore.Common.Entities, Version=3.40.0.0, Culture=neutral, PublicKeyToken=fe44b4a6e7c933aa]]
iCore.Common.Entities.ISettingAttributeValue
iCore.Common.Entities.ISetting
iCore.SAS.Administration.ILazySubEntity`1[[iCore.Common.Entities.ISettingAttributeGroupInstance, iCore.Common.Entities, Version=3.40.0.0, Culture=neutral, PublicKeyToken=fe44b4a6e7c933aa]]
iCore.SAS.Administration.ILazySubEntity`1[[iCore.Common.Entities.ISettingAttributeValue, iCore.Common.Entities, Version=3.40.0.0, Culture=neutral, PublicKeyToken=fe44b4a6e7c933aa]]
iCore.Common.Entities.IWebServiceDefinition
iCore.Common.Entities.IWebServiceDefinition
iCore.Common.Entities.ILazyKeyedCollection`2[[System.String, mscorlib, Version=4.0.0.0, Culture=neutral, PublicKeyToken=b77a5c561934e089],[iCore.Common.Entities.WebServiceActivityTypeInfo, iCore.Common.Entities, Version=3.40.0.0, Culture=neutral, PublicKeyToken=fe44b4a6e7c933aa]]
iCore.Common.Entities.WebServiceActivityTypeInfo
iCore.Common.Entities.ILazyKeyedCollection`2[[System.String, mscorlib, Version=4.0.0.0, Culture=neutral, PublicKeyToken=b77a5c561934e089],[iCore.Common.Entities.CategorizedNamedItem, iCore.Common.Entities, Version=3.40.0.0, Culture=neutral, PublicKeyToken=fe44b4a6e7c933aa]]
iCore.Common.Entities.CategorizedNamedItem
iCore.Common.Entities.ILazyKeyedCollection`2[[System.String, mscorlib, Version=4.0.0.0, Culture=neutral, PublicKeyToken=b77a5c561934e089],[iCore.Common.Entities.WebServiceAssemblyInfo, iCore.Common.Entities, Version=3.40.0.0, Culture=neutral, PublicKeyToken=fe44b4a6e7c933aa]]
iCore.Common.Entities.WebServiceAssemblyInfo
iCore.Common.Entities.ILazyKeyedCollection`2[[System.String, mscorlib, Version=4.0.0.0, Culture=neutral, PublicKeyToken=b77a5c561934e089],[iCore.Common.Entities.WebServiceSchemaInfo, iCore.Common.Entities, Version=3.40.0.0, Culture=neutral, PublicKeyToken=fe44b4a6e7c933aa]]
iCore.Common.Entities.WebServiceSchemaInfo
iCore.Common.Entities.SchemaType[]
iCore.Common.Entities.SchemaType
System.Uri
System.Version
iCore.Common.Entities.WebServiceGenerationOptions
iCore.Common.Entities.ICrossReferenceTable
iCore.Common.Entities.ICrossReferenceTable
iCore.Common.Entities.ILazyLoadedEntity`1[[iCore.Common.Entities.ICrossReferenceEntry, iCore.Common.Entities, Version=3.40.0.0, Culture=neutral, PublicKeyToken=fe44b4a6e7c933aa]]
iCore.Common.Entities.ICrossReferenceEntry
iCore.Common.Entities.ICrossReferenceTable
iCore.SAS.Administration.ILazySubEntity`1[[iCore.Common.Entities.ICrossReferenceEntry, iCore.Common.Entities, Version=3.40.0.0, Culture=neutral, PublicKeyToken=fe44b4a6e7c933aa]]
iCore.Common.Entities.ILazyLoadedEntity`1[[iCore.Common.Entities.ICrossReferenceEntry, iCore.Common.Entities, Version=3.40.0.0, Culture=neutral, PublicKeyToken=fe44b4a6e7c933aa]][]
System.Collections.Generic.IEnumerable`1[[iCore.Common.Entities.EntityKey, iCore.Common.Entities, Version=3.40.0.0, Culture=neutral, PublicKeyToken=fe44b4a6e7c933aa]]
iCore.Common.Entities.ICounter
iCore.Common.Entities.ICounter
iCore.Common.Entities.CounterCheckType
iCore.Common.Entities.AppendDateTimePosition
iCore.Common.Entities.IEntityFilter
iCore.Common.Entities.IEntityFilter
iCore.Common.Entities.ICompositeEntity
iCore.Common.Entities.CorrelatedActive
iCore.Common.IconEntity
iCore.Common.Entities.IServer
iCore.Common.Entities.ISystemQueue
iCore.Management.Monitoring.FailoverServerPartState
iCore.Public.Types.ServerPartType
iCore.Management.Monitoring.ServerPartStatus
System.Nullable`1[[System.Int64, mscorlib, Version=4.0.0.0, Culture=neutral, PublicKeyToken=b77a5c561934e089]]
iCore.Management.Monitoring.EventListenerState
iCore.Management.Monitoring.EventListenerStatistics
iCore.Management.Monitoring.TimeOfLastOperationTrackingStatisticsCounter
iCore.Management.Monitoring.EventProcessorState
iCore.Management.Monitoring.EventProcessorStatistics
iCore.Management.Monitoring.JobManagerState
iCore.Management.Monitoring.JobManagerStatistics
iCore.Management.Monitoring.StatisticsCounter
iCore.Management.Monitoring.EventGeneratorState+TimerDetails
iCore.Management.Monitoring.TimerType
iCore.Management.Monitoring.EventGeneratorState
iCore.Management.Monitoring.EventGeneratorState+TimerDetails[]
iCore.Management.Monitoring.DetailedServerPartState
iCore.SAS.Administration.Models.ServerStatusModel
iCore.SAS.Administration.Models.ServerPartDataModel
iCore.SAS.Administration.Models.ServerPartDataModel[]
iCore.Management.Monitoring.ServiceStatus
iCore.Management.Monitoring.SystemEventProcessorState
iCore.Management.Monitoring.SystemEventProcessorStatistics
iCore.Management.Monitoring.WorkerHostProcessBaseInfo
System.Int64[]
iCore.Management.Monitoring.WorkerHostProcessBaseInfo[]
iCore.Management.Monitoring.SystemMonitorServerConnectionInfo
iCore.Management.Monitoring.ServerConnectionStatus
iCore.Management.Monitoring.SystemMonitorServerInfo
iCore.Management.Monitoring.SystemMonitorServerPartInfo[]
iCore.Management.Monitoring.SystemMonitorServerPartInfo
iCore.Management.Monitoring.WorkerHostProcessInfo
iCore.Management.Monitoring.WorkerHostStatistics
iCore.SAS.Administration.Models.SystemMonitorDataModel
iCore.SAS.Administration.Models.ServerStatusModel[]
iCore.SAS.Administration.Models.ServerPartDataModel
iCore.SAS.Administration.Models.SystemEventProcessorDataModel
iCore.SAS.Administration.Models.SystemEventProcessDataModel
iCore.SAS.Administration.Models.SystemEventProcessDataModel[]
iCore.SAS.Administration.Models.WorkerHostManagerDataModel
iCore.SAS.Administration.Models.WorkerHostManagerProcessDataModel
System.Double
iCore.SAS.Administration.Models.WorkerHostManagerProcessDataModel[]
iCore.SAS.Administration.Models.WorkerHostManagerJobDataModel
iCore.SAS.Administration.Models.WorkerHostManagerJobDataModel[]
iCore.SAS.Administration.Models.EventGeneratorDataModel
iCore.SAS.Administration.Models.TimerDetailsDataModel
iCore.SAS.Administration.Models.TimerDetailsDataModel[]
iCore.SAS.Administration.Models.ServerMonitorDataModel
iCore.SAS.Administration.Models.SerializableServerDataModel
iCore.SAS.Administration.Models.SerializableServerDataModel[]
iCore.SAS.Administration.Models.EventListenerDataModel
iCore.SAS.Administration.Models.JobManagerDataModel
iCore.SAS.Administration.Models.EventProcessorDataModel
System.Char
System.Guid
System.String
System.Boolean
System.Collections.Generic.IEnumerable`1[[iCore.Common.Entities.EntityKey, iCore.Common.Entities, Version=3.40.0.0, Culture=neutral, PublicKeyToken=fe44b4a6e7c933aa]]
UnitTests_SAS.FakeType
System.Boolean</StdOut>
      </Output>
    </UnitTestResult>
    <UnitTestResult executionId="843658cd-1eac-4578-86ad-8f2165794541" testId="572c3544-26c6-68ab-0e11-ed27b6e1feff" testName="ExecuteCommand_InvokedProviderCommandWhichReturnsStreamContent_StreamResult" computerName="ICSWS068" duration="00:00:00.2727845" startTime="2016-08-04T09:59:25.1682495+02:00" endTime="2016-08-04T09:59:25.4421064+02:00" testType="13cdc9d9-ddb5-4fa4-a97d-d965ccfc6d4b" outcome="Passed" testListId="8c84fa94-04c1-424b-9868-57a2d4851a1d" relativeResultsDirectory="843658cd-1eac-4578-86ad-8f2165794541">
      <Output>
        <StdOut>Debug Trace:
iCore.Common.Entities.IEntity
iCore.Common.Entities.EntityKey
iCore.Common.Entities.EntityTypeId
iCore.Common.Entities.IComponentDefinition
System.String
System.DateTime
iCore.Common.Entities.IEventHistory
iCore.Common.Entities.ILazyLoadedEntity`1[[iCore.Common.Entities.IJob, iCore.Common.Entities, Version=3.40.0.0, Culture=neutral, PublicKeyToken=fe44b4a6e7c933aa]]
iCore.Common.Entities.IJob
iCore.Common.Entities.EntityKey
iCore.Common.Entities.EArgument
System.Boolean
System.Int64
iCore.Common.Entities.EventState
iCore.Common.Entities.EventReason
iCore.Common.Entities.EArgument[]
iCore.Common.Entities.ILazyLoadedEntity`1[[iCore.Common.Entities.IComponentConfiguration, iCore.Common.Entities, Version=3.40.0.0, Culture=neutral, PublicKeyToken=fe44b4a6e7c933aa]]
iCore.Common.Entities.IComponentConfiguration
iCore.Common.Entities.ILazyLoadedEntity`1[[iCore.Common.Entities.ICategoryMembership, iCore.Common.Entities, Version=3.40.0.0, Culture=neutral, PublicKeyToken=fe44b4a6e7c933aa]][]
iCore.Common.Entities.ILazyLoadedEntity`1[[iCore.Common.Entities.ICategoryMembership, iCore.Common.Entities, Version=3.40.0.0, Culture=neutral, PublicKeyToken=fe44b4a6e7c933aa]]
iCore.Common.Entities.ICategoryMembership
iCore.Common.Entities.ICategory
iCore.Common.Entities.ICategory
iCore.Common.Entities.ILazyLoadedEntity`1[[iCore.Common.Entities.ICategory, iCore.Common.Entities, Version=3.40.0.0, Culture=neutral, PublicKeyToken=fe44b4a6e7c933aa]]
System.Nullable`1[[System.Guid, mscorlib, Version=4.0.0.0, Culture=neutral, PublicKeyToken=b77a5c561934e089]]
System.TimeSpan
System.Guid
iCore.Common.Entities.IComponentConfiguration
iCore.Common.Entities.ILazyLoadedEntity`1[[iCore.Common.Entities.IApplicationPool, iCore.Common.Entities, Version=3.40.0.0, Culture=neutral, PublicKeyToken=fe44b4a6e7c933aa]]
iCore.Common.Entities.IApplicationPool
iCore.Common.Entities.IApplicationPool
iCore.Common.Entities.ILazyLoadedEntity`1[[iCore.Common.Entities.IServer, iCore.Common.Entities, Version=3.40.0.0, Culture=neutral, PublicKeyToken=fe44b4a6e7c933aa]]
iCore.Common.Entities.IServer
iCore.Common.Entities.ServerStartupSpecialTask
System.Nullable`1[[System.UInt16, mscorlib, Version=4.0.0.0, Culture=neutral, PublicKeyToken=b77a5c561934e089]]
System.UInt16
System.Int16
iCore.Common.Entities.IUser
iCore.Common.Entities.IUserGroup
iCore.Common.Entities.UserDisplayOptions
iCore.Common.Entities.MainTreeDisplayOptions
iCore.Common.Entities.NodeContent
iCore.Common.Entities.ILazyLoadedEntity`1[[iCore.Common.Entities.IUserGroup, iCore.Common.Entities, Version=3.40.0.0, Culture=neutral, PublicKeyToken=fe44b4a6e7c933aa]]
iCore.Common.Entities.ViewMode
iCore.Common.Entities.ILazyLoadedEntity`1[[iCore.Common.Entities.IUser, iCore.Common.Entities, Version=3.40.0.0, Culture=neutral, PublicKeyToken=fe44b4a6e7c933aa]]
iCore.Common.Entities.ILazyLoadedEntity`1[[iCore.Common.Entities.IApplicationPoolImplementation, iCore.Common.Entities, Version=3.40.0.0, Culture=neutral, PublicKeyToken=fe44b4a6e7c933aa]][]
iCore.Common.Entities.ILazyLoadedEntity`1[[iCore.Common.Entities.IApplicationPoolImplementation, iCore.Common.Entities, Version=3.40.0.0, Culture=neutral, PublicKeyToken=fe44b4a6e7c933aa]]
iCore.Common.Entities.IApplicationPoolImplementation
iCore.SAS.Administration.ILazySubEntity`1[[iCore.Common.Entities.IApplicationPoolImplementation, iCore.Common.Entities, Version=3.40.0.0, Culture=neutral, PublicKeyToken=fe44b4a6e7c933aa]]
iCore.Common.Entities.IServer
iCore.Common.Entities.ILazyLoadedEntity`1[[iCore.Common.Entities.INode, iCore.Common.Entities, Version=3.40.0.0, Culture=neutral, PublicKeyToken=fe44b4a6e7c933aa]]
iCore.Common.Entities.INode
iCore.Common.Entities.INode
System.String
iCore.Common.Entities.ILazyLoadedEntity`1[[iCore.Common.Entities.INodeAttributeValue, iCore.Common.Entities, Version=3.40.0.0, Culture=neutral, PublicKeyToken=fe44b4a6e7c933aa]][]
iCore.Common.Entities.ILazyLoadedEntity`1[[iCore.Common.Entities.INodeAttributeValue, iCore.Common.Entities, Version=3.40.0.0, Culture=neutral, PublicKeyToken=fe44b4a6e7c933aa]]
iCore.Common.Entities.INodeAttributeValue
iCore.SAS.Administration.ILazySubEntity`1[[iCore.Common.Entities.INodeAttributeValue, iCore.Common.Entities, Version=3.40.0.0, Culture=neutral, PublicKeyToken=fe44b4a6e7c933aa]]
System.Object
iCore.Public.Types.ScriptVarType
iCore.Common.Entities.INodeAttributeType
iCore.Common.Entities.INodeAttributeType
iCore.Common.Entities.INode
iCore.Common.Entities.ILazyLoadedEntity`1[[iCore.Common.Entities.INodeAttributeType, iCore.Common.Entities, Version=3.40.0.0, Culture=neutral, PublicKeyToken=fe44b4a6e7c933aa]]
iCore.Common.Entities.IPartner
System.String
iCore.Common.Entities.IEntityImage
iCore.Common.Entities.SizedEntityImage[]
iCore.Common.Entities.SizedEntityImage
System.Drawing.Size
iCore.Common.Entities.ILazyLoadedEntity`1[[iCore.Common.Entities.IPartnerAttributeGroupInstance, iCore.Common.Entities, Version=3.40.0.0, Culture=neutral, PublicKeyToken=fe44b4a6e7c933aa]][]
iCore.Common.Entities.ILazyLoadedEntity`1[[iCore.Common.Entities.IPartnerAttributeGroupInstance, iCore.Common.Entities, Version=3.40.0.0, Culture=neutral, PublicKeyToken=fe44b4a6e7c933aa]]
iCore.Common.Entities.IPartnerAttributeGroupInstance
iCore.Common.Entities.IPartnerAttributeGroupType
iCore.Common.Entities.IPartnerAttributeGroupType
iCore.Common.Entities.ILazyLoadedEntity`1[[iCore.Common.Entities.IPartnerAttributeValue, iCore.Common.Entities, Version=3.40.0.0, Culture=neutral, PublicKeyToken=fe44b4a6e7c933aa]]
iCore.Common.Entities.IPartnerAttributeValue
iCore.SAS.Administration.ILazySubEntity`1[[iCore.Common.Entities.IPartnerAttributeValue, iCore.Common.Entities, Version=3.40.0.0, Culture=neutral, PublicKeyToken=fe44b4a6e7c933aa]]
iCore.Common.Entities.ILazyLoadedEntity`1[[iCore.Common.Entities.IPartnerAttributeValue, iCore.Common.Entities, Version=3.40.0.0, Culture=neutral, PublicKeyToken=fe44b4a6e7c933aa]][]
iCore.SAS.Administration.ILazySubEntity`1[[iCore.Common.Entities.IPartnerAttributeGroupInstance, iCore.Common.Entities, Version=3.40.0.0, Culture=neutral, PublicKeyToken=fe44b4a6e7c933aa]]
iCore.Common.Entities.ILazyLoadedEntity`1[[iCore.Common.Entities.IPartnerAttributeGroupType, iCore.Common.Entities, Version=3.40.0.0, Culture=neutral, PublicKeyToken=fe44b4a6e7c933aa]]
iCore.Common.Entities.ILazyLoadedEntity`1[[iCore.Common.Entities.IPartnerIdentity, iCore.Common.Entities, Version=3.40.0.0, Culture=neutral, PublicKeyToken=fe44b4a6e7c933aa]][]
iCore.Common.Entities.ILazyLoadedEntity`1[[iCore.Common.Entities.IPartnerIdentity, iCore.Common.Entities, Version=3.40.0.0, Culture=neutral, PublicKeyToken=fe44b4a6e7c933aa]]
iCore.Common.Entities.IPartnerIdentity
iCore.Common.Entities.IPartner
iCore.Common.Entities.ILazyLoadedEntity`1[[iCore.Common.Entities.IPartner, iCore.Common.Entities, Version=3.40.0.0, Culture=neutral, PublicKeyToken=fe44b4a6e7c933aa]]
iCore.Common.Entities.INodeTypeVersion
iCore.Common.Entities.INodeTypeVersion
iCore.Common.Entities.INodeType
iCore.Common.Entities.INodeTypeStyleSheet
iCore.Common.Entities.INodeType
iCore.Common.Entities.ILazyLoadedEntity`1[[iCore.Common.Entities.INodeTypeVersion, iCore.Common.Entities, Version=3.40.0.0, Culture=neutral, PublicKeyToken=fe44b4a6e7c933aa]]
iCore.Common.Entities.IEventType
iCore.Common.Entities.SelectionRule
iCore.Common.Entities.EventTypes
iCore.Common.Entities.EventTrackingCleanupRole
iCore.Common.Entities.IEventType
iCore.Common.Entities.ILazyLoadedEntity`1[[iCore.Common.Entities.INodeType, iCore.Common.Entities, Version=3.40.0.0, Culture=neutral, PublicKeyToken=fe44b4a6e7c933aa]]
iCore.Common.Entities.ILazyLoadedEntity`1[[iCore.Common.Entities.IEvent, iCore.Common.Entities, Version=3.40.0.0, Culture=neutral, PublicKeyToken=fe44b4a6e7c933aa]]
iCore.Common.Entities.IEvent
iCore.Common.Entities.MatchedStatus
iCore.Common.Entities.EventSourceType
iCore.Common.Entities.ILazyLoadedEntity`1[[iCore.Common.Entities.IEventType, iCore.Common.Entities, Version=3.40.0.0, Culture=neutral, PublicKeyToken=fe44b4a6e7c933aa]]
iCore.Common.Entities.ILazyLoadedEntity`1[[iCore.Common.Entities.IEventHandler, iCore.Common.Entities, Version=3.40.0.0, Culture=neutral, PublicKeyToken=fe44b4a6e7c933aa]]
iCore.Common.Entities.IEventHandler
iCore.Common.Entities.EventHandlerStatus
iCore.Common.Entities.IEventHandler
iCore.Common.Entities.ILazyLoadedEntity`1[[iCore.Common.Entities.IComponentDefinition, iCore.Common.Entities, Version=3.40.0.0, Culture=neutral, PublicKeyToken=fe44b4a6e7c933aa]]
System.Nullable`1[[System.DateTime, mscorlib, Version=4.0.0.0, Culture=neutral, PublicKeyToken=b77a5c561934e089]]
iCore.Common.Entities.JobState
iCore.Common.Entities.JobHistoryReason
iCore.Common.Entities.JobType
System.Byte
System.Int32
iCore.Public.Types.JobLifetime
iCore.Common.Entities.EntityKey[]
System.Collections.Generic.IEnumerable`1[[iCore.Common.Entities.EntityKey, iCore.Common.Entities, Version=3.40.0.0, Culture=neutral, PublicKeyToken=fe44b4a6e7c933aa]]
iCore.Common.Entities.ILazyLoadedEntity`1[[iCore.Common.Entities.IPartnerAttributeType, iCore.Common.Entities, Version=3.40.0.0, Culture=neutral, PublicKeyToken=fe44b4a6e7c933aa]]
iCore.Common.Entities.IPartnerAttributeType
System.Collections.Generic.IEnumerable`1[[iCore.Common.Entities.EntityKey, iCore.Common.Entities, Version=3.40.0.0, Culture=neutral, PublicKeyToken=fe44b4a6e7c933aa]]
iCore.Common.Entities.IPartnerAttributeGroupType
iCore.SAS.Administration.ILazySubEntity`1[[iCore.Common.Entities.IPartnerAttributeType, iCore.Common.Entities, Version=3.40.0.0, Culture=neutral, PublicKeyToken=fe44b4a6e7c933aa]]
iCore.Common.Entities.ILazyLoadedEntity`1[[iCore.Common.Entities.IPartnerAttributeType, iCore.Common.Entities, Version=3.40.0.0, Culture=neutral, PublicKeyToken=fe44b4a6e7c933aa]][]
iCore.Common.Entities.INode
iCore.Common.Entities.IEvent
iCore.Common.Entities.IJob
iCore.Common.Entities.ILogEntry
iCore.Public.Types.LogLevel
iCore.Common.LogMessageTypeID
iCore.Common.Entities.IWorkflow
System.Collections.Generic.IEnumerable`1[[iCore.Common.Entities.EntityKey, iCore.Common.Entities, Version=3.40.0.0, Culture=neutral, PublicKeyToken=fe44b4a6e7c933aa]]
iCore.Common.Entities.WorkflowClassification
iCore.Common.Entities.IWorkflow
iCore.Common.Entities.IAdapterFlow
iCore.Common.Entities.IAdapterFlow
iCore.Common.Types.LogLevelFilter
iCore.Common.Types.EntryPointNameValue
iCore.Common.Entities.IScript
iCore.Common.Entities.IScript
iCore.Common.Entities.ITimer
iCore.Common.Entities.ITimer
iCore.Common.Types.TimerFrequency
iCore.Common.Types.TimerInterval+TimerIntervalType
iCore.Common.Entities.ILazyLoadedEntity`1[[iCore.Common.Entities.ITimerEvent, iCore.Common.Entities, Version=3.40.0.0, Culture=neutral, PublicKeyToken=fe44b4a6e7c933aa]]
iCore.Common.Entities.ITimerEvent
iCore.Common.Entities.ITimer
iCore.SAS.Administration.ILazySubEntity`1[[iCore.Common.Entities.ITimerEvent, iCore.Common.Entities, Version=3.40.0.0, Culture=neutral, PublicKeyToken=fe44b4a6e7c933aa]]
iCore.Common.Entities.TimerEventPriority
iCore.Common.Entities.ILazyLoadedEntity`1[[iCore.Common.Entities.ITimerEvent, iCore.Common.Entities, Version=3.40.0.0, Culture=neutral, PublicKeyToken=fe44b4a6e7c933aa]][]
System.Int32[]
iCore.SAS.Interfaces.WeekDay
iCore.SAS.Interfaces.WeekDay[]
System.Collections.Generic.IEnumerable`1[[iCore.Common.Entities.EntityKey, iCore.Common.Entities, Version=3.40.0.0, Culture=neutral, PublicKeyToken=fe44b4a6e7c933aa]]
iCore.Common.Entities.ISettingAttributeGroupType
iCore.Common.Entities.ISettingAttributeGroupType
iCore.Common.Entities.ILazyLoadedEntity`1[[iCore.Common.Entities.ISettingAttributeType, iCore.Common.Entities, Version=3.40.0.0, Culture=neutral, PublicKeyToken=fe44b4a6e7c933aa]]
iCore.Common.Entities.ISettingAttributeType
iCore.Common.Entities.ISettingAttributeGroupType
iCore.SAS.Administration.ILazySubEntity`1[[iCore.Common.Entities.ISettingAttributeType, iCore.Common.Entities, Version=3.40.0.0, Culture=neutral, PublicKeyToken=fe44b4a6e7c933aa]]
iCore.Common.Entities.ILazyLoadedEntity`1[[iCore.Common.Entities.ISettingAttributeType, iCore.Common.Entities, Version=3.40.0.0, Culture=neutral, PublicKeyToken=fe44b4a6e7c933aa]][]
System.Collections.Generic.IEnumerable`1[[iCore.Common.Entities.EntityKey, iCore.Common.Entities, Version=3.40.0.0, Culture=neutral, PublicKeyToken=fe44b4a6e7c933aa]]
iCore.Common.Entities.ISetting
iCore.Common.Entities.ISetting
iCore.Common.Entities.ILazyLoadedEntity`1[[iCore.Common.Entities.ISettingIdentity, iCore.Common.Entities, Version=3.40.0.0, Culture=neutral, PublicKeyToken=fe44b4a6e7c933aa]]
iCore.Common.Entities.ISettingIdentity
iCore.Common.Entities.ILazyLoadedEntity`1[[iCore.Common.Entities.ISettingIdentity, iCore.Common.Entities, Version=3.40.0.0, Culture=neutral, PublicKeyToken=fe44b4a6e7c933aa]][]
iCore.Common.Entities.ILazyLoadedEntity`1[[iCore.Common.Entities.ISettingAttributeGroupInstance, iCore.Common.Entities, Version=3.40.0.0, Culture=neutral, PublicKeyToken=fe44b4a6e7c933aa]]
iCore.Common.Entities.ISettingAttributeGroupInstance
iCore.Common.Entities.ILazyLoadedEntity`1[[iCore.Common.Entities.ISettingAttributeValue, iCore.Common.Entities, Version=3.40.0.0, Culture=neutral, PublicKeyToken=fe44b4a6e7c933aa]]
iCore.Common.Entities.ILazyLoadedEntity`1[[iCore.Common.Entities.ISettingAttributeValue, iCore.Common.Entities, Version=3.40.0.0, Culture=neutral, PublicKeyToken=fe44b4a6e7c933aa]][]
iCore.Common.Entities.ISetting
iCore.Common.Entities.ILazyLoadedEntity`1[[iCore.Common.Entities.ISettingAttributeGroupType, iCore.Common.Entities, Version=3.40.0.0, Culture=neutral, PublicKeyToken=fe44b4a6e7c933aa]]
iCore.Common.Entities.ILazyLoadedEntity`1[[iCore.Common.Entities.ISettingAttributeGroupInstance, iCore.Common.Entities, Version=3.40.0.0, Culture=neutral, PublicKeyToken=fe44b4a6e7c933aa]][]
System.String
iCore.SAS.Administration.ILazySubEntity`1[[iCore.Common.Entities.ISettingAttributeGroupInstance, iCore.Common.Entities, Version=3.40.0.0, Culture=neutral, PublicKeyToken=fe44b4a6e7c933aa]]
System.Collections.Generic.IEnumerable`1[[iCore.Common.Entities.EntityKey, iCore.Common.Entities, Version=3.40.0.0, Culture=neutral, PublicKeyToken=fe44b4a6e7c933aa]]
iCore.Common.Entities.ISettingAttributeValue
iCore.Common.Entities.ISetting
iCore.SAS.Administration.ILazySubEntity`1[[iCore.Common.Entities.ISettingAttributeGroupInstance, iCore.Common.Entities, Version=3.40.0.0, Culture=neutral, PublicKeyToken=fe44b4a6e7c933aa]]
iCore.SAS.Administration.ILazySubEntity`1[[iCore.Common.Entities.ISettingAttributeValue, iCore.Common.Entities, Version=3.40.0.0, Culture=neutral, PublicKeyToken=fe44b4a6e7c933aa]]
iCore.Common.Entities.IWebServiceDefinition
iCore.Common.Entities.IWebServiceDefinition
iCore.Common.Entities.ILazyKeyedCollection`2[[System.String, mscorlib, Version=4.0.0.0, Culture=neutral, PublicKeyToken=b77a5c561934e089],[iCore.Common.Entities.WebServiceActivityTypeInfo, iCore.Common.Entities, Version=3.40.0.0, Culture=neutral, PublicKeyToken=fe44b4a6e7c933aa]]
iCore.Common.Entities.WebServiceActivityTypeInfo
iCore.Common.Entities.ILazyKeyedCollection`2[[System.String, mscorlib, Version=4.0.0.0, Culture=neutral, PublicKeyToken=b77a5c561934e089],[iCore.Common.Entities.CategorizedNamedItem, iCore.Common.Entities, Version=3.40.0.0, Culture=neutral, PublicKeyToken=fe44b4a6e7c933aa]]
iCore.Common.Entities.CategorizedNamedItem
iCore.Common.Entities.ILazyKeyedCollection`2[[System.String, mscorlib, Version=4.0.0.0, Culture=neutral, PublicKeyToken=b77a5c561934e089],[iCore.Common.Entities.WebServiceAssemblyInfo, iCore.Common.Entities, Version=3.40.0.0, Culture=neutral, PublicKeyToken=fe44b4a6e7c933aa]]
iCore.Common.Entities.WebServiceAssemblyInfo
iCore.Common.Entities.ILazyKeyedCollection`2[[System.String, mscorlib, Version=4.0.0.0, Culture=neutral, PublicKeyToken=b77a5c561934e089],[iCore.Common.Entities.WebServiceSchemaInfo, iCore.Common.Entities, Version=3.40.0.0, Culture=neutral, PublicKeyToken=fe44b4a6e7c933aa]]
iCore.Common.Entities.WebServiceSchemaInfo
iCore.Common.Entities.SchemaType[]
iCore.Common.Entities.SchemaType
System.Uri
System.Version
iCore.Common.Entities.WebServiceGenerationOptions
iCore.Common.Entities.ICrossReferenceTable
iCore.Common.Entities.ICrossReferenceTable
iCore.Common.Entities.ILazyLoadedEntity`1[[iCore.Common.Entities.ICrossReferenceEntry, iCore.Common.Entities, Version=3.40.0.0, Culture=neutral, PublicKeyToken=fe44b4a6e7c933aa]]
iCore.Common.Entities.ICrossReferenceEntry
iCore.Common.Entities.ICrossReferenceTable
iCore.SAS.Administration.ILazySubEntity`1[[iCore.Common.Entities.ICrossReferenceEntry, iCore.Common.Entities, Version=3.40.0.0, Culture=neutral, PublicKeyToken=fe44b4a6e7c933aa]]
iCore.Common.Entities.ILazyLoadedEntity`1[[iCore.Common.Entities.ICrossReferenceEntry, iCore.Common.Entities, Version=3.40.0.0, Culture=neutral, PublicKeyToken=fe44b4a6e7c933aa]][]
System.Collections.Generic.IEnumerable`1[[iCore.Common.Entities.EntityKey, iCore.Common.Entities, Version=3.40.0.0, Culture=neutral, PublicKeyToken=fe44b4a6e7c933aa]]
iCore.Common.Entities.ICounter
iCore.Common.Entities.ICounter
iCore.Common.Entities.CounterCheckType
iCore.Common.Entities.AppendDateTimePosition
iCore.Common.Entities.IEntityFilter
iCore.Common.Entities.IEntityFilter
iCore.Common.Entities.ICompositeEntity
iCore.Common.Entities.CorrelatedActive
iCore.Common.IconEntity
iCore.Common.Entities.IServer
iCore.Common.Entities.ISystemQueue
iCore.Management.Monitoring.FailoverServerPartState
iCore.Public.Types.ServerPartType
iCore.Management.Monitoring.ServerPartStatus
System.Nullable`1[[System.Int64, mscorlib, Version=4.0.0.0, Culture=neutral, PublicKeyToken=b77a5c561934e089]]
iCore.Management.Monitoring.EventListenerState
iCore.Management.Monitoring.EventListenerStatistics
iCore.Management.Monitoring.TimeOfLastOperationTrackingStatisticsCounter
iCore.Management.Monitoring.EventProcessorState
iCore.Management.Monitoring.EventProcessorStatistics
iCore.Management.Monitoring.JobManagerState
iCore.Management.Monitoring.JobManagerStatistics
iCore.Management.Monitoring.StatisticsCounter
iCore.Management.Monitoring.EventGeneratorState+TimerDetails
iCore.Management.Monitoring.TimerType
iCore.Management.Monitoring.EventGeneratorState
iCore.Management.Monitoring.EventGeneratorState+TimerDetails[]
iCore.Management.Monitoring.DetailedServerPartState
iCore.SAS.Administration.Models.ServerStatusModel
iCore.SAS.Administration.Models.ServerPartDataModel
iCore.SAS.Administration.Models.ServerPartDataModel[]
iCore.Management.Monitoring.ServiceStatus
iCore.Management.Monitoring.SystemEventProcessorState
iCore.Management.Monitoring.SystemEventProcessorStatistics
iCore.Management.Monitoring.WorkerHostProcessBaseInfo
System.Int64[]
iCore.Management.Monitoring.WorkerHostProcessBaseInfo[]
iCore.Management.Monitoring.SystemMonitorServerConnectionInfo
iCore.Management.Monitoring.ServerConnectionStatus
iCore.Management.Monitoring.SystemMonitorServerInfo
iCore.Management.Monitoring.SystemMonitorServerPartInfo[]
iCore.Management.Monitoring.SystemMonitorServerPartInfo
iCore.Management.Monitoring.WorkerHostProcessInfo
iCore.Management.Monitoring.WorkerHostStatistics
iCore.SAS.Administration.Models.SystemMonitorDataModel
iCore.SAS.Administration.Models.ServerStatusModel[]
iCore.SAS.Administration.Models.ServerPartDataModel
iCore.SAS.Administration.Models.SystemEventProcessorDataModel
iCore.SAS.Administration.Models.SystemEventProcessDataModel
iCore.SAS.Administration.Models.SystemEventProcessDataModel[]
iCore.SAS.Administration.Models.WorkerHostManagerDataModel
iCore.SAS.Administration.Models.WorkerHostManagerProcessDataModel
System.Double
iCore.SAS.Administration.Models.WorkerHostManagerProcessDataModel[]
iCore.SAS.Administration.Models.WorkerHostManagerJobDataModel
iCore.SAS.Administration.Models.WorkerHostManagerJobDataModel[]
iCore.SAS.Administration.Models.EventGeneratorDataModel
iCore.SAS.Administration.Models.TimerDetailsDataModel
iCore.SAS.Administration.Models.TimerDetailsDataModel[]
iCore.SAS.Administration.Models.ServerMonitorDataModel
iCore.SAS.Administration.Models.SerializableServerDataModel
iCore.SAS.Administration.Models.SerializableServerDataModel[]
iCore.SAS.Administration.Models.EventListenerDataModel
iCore.SAS.Administration.Models.JobManagerDataModel
iCore.SAS.Administration.Models.EventProcessorDataModel
System.Char
System.Guid
System.String
System.Boolean
System.Collections.Generic.IEnumerable`1[[iCore.Common.Entities.EntityKey, iCore.Common.Entities, Version=3.40.0.0, Culture=neutral, PublicKeyToken=fe44b4a6e7c933aa]]
UnitTests_SAS.FakeTypeWithStreamContentProvider
System.Boolean</StdOut>
      </Output>
    </UnitTestResult>
    <UnitTestResult executionId="a37208d6-36c0-42f6-82a3-491ec5601b30" testId="b46a86e3-39cb-77cb-d986-6182f64a631a" testName="ExecuteCommand_DownloadingCommandStream_EntireStreamContentIsDownloaded" computerName="ICSWS068" duration="00:00:00.2596417" startTime="2016-08-04T09:59:25.4457530+02:00" endTime="2016-08-04T09:59:25.7075846+02:00" testType="13cdc9d9-ddb5-4fa4-a97d-d965ccfc6d4b" outcome="Passed" testListId="8c84fa94-04c1-424b-9868-57a2d4851a1d" relativeResultsDirectory="a37208d6-36c0-42f6-82a3-491ec5601b30">
      <Output>
        <StdOut>Debug Trace:
iCore.Common.Entities.IEntity
iCore.Common.Entities.EntityKey
iCore.Common.Entities.EntityTypeId
iCore.Common.Entities.IComponentDefinition
System.String
System.DateTime
iCore.Common.Entities.IEventHistory
iCore.Common.Entities.ILazyLoadedEntity`1[[iCore.Common.Entities.IJob, iCore.Common.Entities, Version=3.40.0.0, Culture=neutral, PublicKeyToken=fe44b4a6e7c933aa]]
iCore.Common.Entities.IJob
iCore.Common.Entities.EntityKey
iCore.Common.Entities.EArgument
System.Boolean
System.Int64
iCore.Common.Entities.EventState
iCore.Common.Entities.EventReason
iCore.Common.Entities.EArgument[]
iCore.Common.Entities.ILazyLoadedEntity`1[[iCore.Common.Entities.IComponentConfiguration, iCore.Common.Entities, Version=3.40.0.0, Culture=neutral, PublicKeyToken=fe44b4a6e7c933aa]]
iCore.Common.Entities.IComponentConfiguration
iCore.Common.Entities.ILazyLoadedEntity`1[[iCore.Common.Entities.ICategoryMembership, iCore.Common.Entities, Version=3.40.0.0, Culture=neutral, PublicKeyToken=fe44b4a6e7c933aa]][]
iCore.Common.Entities.ILazyLoadedEntity`1[[iCore.Common.Entities.ICategoryMembership, iCore.Common.Entities, Version=3.40.0.0, Culture=neutral, PublicKeyToken=fe44b4a6e7c933aa]]
iCore.Common.Entities.ICategoryMembership
iCore.Common.Entities.ICategory
iCore.Common.Entities.ICategory
iCore.Common.Entities.ILazyLoadedEntity`1[[iCore.Common.Entities.ICategory, iCore.Common.Entities, Version=3.40.0.0, Culture=neutral, PublicKeyToken=fe44b4a6e7c933aa]]
System.Nullable`1[[System.Guid, mscorlib, Version=4.0.0.0, Culture=neutral, PublicKeyToken=b77a5c561934e089]]
System.TimeSpan
System.Guid
iCore.Common.Entities.IComponentConfiguration
iCore.Common.Entities.ILazyLoadedEntity`1[[iCore.Common.Entities.IApplicationPool, iCore.Common.Entities, Version=3.40.0.0, Culture=neutral, PublicKeyToken=fe44b4a6e7c933aa]]
iCore.Common.Entities.IApplicationPool
iCore.Common.Entities.IApplicationPool
iCore.Common.Entities.ILazyLoadedEntity`1[[iCore.Common.Entities.IServer, iCore.Common.Entities, Version=3.40.0.0, Culture=neutral, PublicKeyToken=fe44b4a6e7c933aa]]
iCore.Common.Entities.IServer
iCore.Common.Entities.ServerStartupSpecialTask
System.Nullable`1[[System.UInt16, mscorlib, Version=4.0.0.0, Culture=neutral, PublicKeyToken=b77a5c561934e089]]
System.UInt16
System.Int16
iCore.Common.Entities.IUser
iCore.Common.Entities.IUserGroup
iCore.Common.Entities.UserDisplayOptions
iCore.Common.Entities.MainTreeDisplayOptions
iCore.Common.Entities.NodeContent
iCore.Common.Entities.ILazyLoadedEntity`1[[iCore.Common.Entities.IUserGroup, iCore.Common.Entities, Version=3.40.0.0, Culture=neutral, PublicKeyToken=fe44b4a6e7c933aa]]
iCore.Common.Entities.ViewMode
iCore.Common.Entities.ILazyLoadedEntity`1[[iCore.Common.Entities.IUser, iCore.Common.Entities, Version=3.40.0.0, Culture=neutral, PublicKeyToken=fe44b4a6e7c933aa]]
iCore.Common.Entities.ILazyLoadedEntity`1[[iCore.Common.Entities.IApplicationPoolImplementation, iCore.Common.Entities, Version=3.40.0.0, Culture=neutral, PublicKeyToken=fe44b4a6e7c933aa]][]
iCore.Common.Entities.ILazyLoadedEntity`1[[iCore.Common.Entities.IApplicationPoolImplementation, iCore.Common.Entities, Version=3.40.0.0, Culture=neutral, PublicKeyToken=fe44b4a6e7c933aa]]
iCore.Common.Entities.IApplicationPoolImplementation
iCore.SAS.Administration.ILazySubEntity`1[[iCore.Common.Entities.IApplicationPoolImplementation, iCore.Common.Entities, Version=3.40.0.0, Culture=neutral, PublicKeyToken=fe44b4a6e7c933aa]]
iCore.Common.Entities.IServer
iCore.Common.Entities.ILazyLoadedEntity`1[[iCore.Common.Entities.INode, iCore.Common.Entities, Version=3.40.0.0, Culture=neutral, PublicKeyToken=fe44b4a6e7c933aa]]
iCore.Common.Entities.INode
iCore.Common.Entities.INode
System.String
iCore.Common.Entities.ILazyLoadedEntity`1[[iCore.Common.Entities.INodeAttributeValue, iCore.Common.Entities, Version=3.40.0.0, Culture=neutral, PublicKeyToken=fe44b4a6e7c933aa]][]
iCore.Common.Entities.ILazyLoadedEntity`1[[iCore.Common.Entities.INodeAttributeValue, iCore.Common.Entities, Version=3.40.0.0, Culture=neutral, PublicKeyToken=fe44b4a6e7c933aa]]
iCore.Common.Entities.INodeAttributeValue
iCore.SAS.Administration.ILazySubEntity`1[[iCore.Common.Entities.INodeAttributeValue, iCore.Common.Entities, Version=3.40.0.0, Culture=neutral, PublicKeyToken=fe44b4a6e7c933aa]]
System.Object
iCore.Public.Types.ScriptVarType
iCore.Common.Entities.INodeAttributeType
iCore.Common.Entities.INodeAttributeType
iCore.Common.Entities.INode
iCore.Common.Entities.ILazyLoadedEntity`1[[iCore.Common.Entities.INodeAttributeType, iCore.Common.Entities, Version=3.40.0.0, Culture=neutral, PublicKeyToken=fe44b4a6e7c933aa]]
iCore.Common.Entities.IPartner
System.String
iCore.Common.Entities.IEntityImage
iCore.Common.Entities.SizedEntityImage[]
iCore.Common.Entities.SizedEntityImage
System.Drawing.Size
iCore.Common.Entities.ILazyLoadedEntity`1[[iCore.Common.Entities.IPartnerAttributeGroupInstance, iCore.Common.Entities, Version=3.40.0.0, Culture=neutral, PublicKeyToken=fe44b4a6e7c933aa]][]
iCore.Common.Entities.ILazyLoadedEntity`1[[iCore.Common.Entities.IPartnerAttributeGroupInstance, iCore.Common.Entities, Version=3.40.0.0, Culture=neutral, PublicKeyToken=fe44b4a6e7c933aa]]
iCore.Common.Entities.IPartnerAttributeGroupInstance
iCore.Common.Entities.IPartnerAttributeGroupType
iCore.Common.Entities.IPartnerAttributeGroupType
iCore.Common.Entities.ILazyLoadedEntity`1[[iCore.Common.Entities.IPartnerAttributeValue, iCore.Common.Entities, Version=3.40.0.0, Culture=neutral, PublicKeyToken=fe44b4a6e7c933aa]]
iCore.Common.Entities.IPartnerAttributeValue
iCore.SAS.Administration.ILazySubEntity`1[[iCore.Common.Entities.IPartnerAttributeValue, iCore.Common.Entities, Version=3.40.0.0, Culture=neutral, PublicKeyToken=fe44b4a6e7c933aa]]
iCore.Common.Entities.ILazyLoadedEntity`1[[iCore.Common.Entities.IPartnerAttributeValue, iCore.Common.Entities, Version=3.40.0.0, Culture=neutral, PublicKeyToken=fe44b4a6e7c933aa]][]
iCore.SAS.Administration.ILazySubEntity`1[[iCore.Common.Entities.IPartnerAttributeGroupInstance, iCore.Common.Entities, Version=3.40.0.0, Culture=neutral, PublicKeyToken=fe44b4a6e7c933aa]]
iCore.Common.Entities.ILazyLoadedEntity`1[[iCore.Common.Entities.IPartnerAttributeGroupType, iCore.Common.Entities, Version=3.40.0.0, Culture=neutral, PublicKeyToken=fe44b4a6e7c933aa]]
iCore.Common.Entities.ILazyLoadedEntity`1[[iCore.Common.Entities.IPartnerIdentity, iCore.Common.Entities, Version=3.40.0.0, Culture=neutral, PublicKeyToken=fe44b4a6e7c933aa]][]
iCore.Common.Entities.ILazyLoadedEntity`1[[iCore.Common.Entities.IPartnerIdentity, iCore.Common.Entities, Version=3.40.0.0, Culture=neutral, PublicKeyToken=fe44b4a6e7c933aa]]
iCore.Common.Entities.IPartnerIdentity
iCore.Common.Entities.IPartner
iCore.Common.Entities.ILazyLoadedEntity`1[[iCore.Common.Entities.IPartner, iCore.Common.Entities, Version=3.40.0.0, Culture=neutral, PublicKeyToken=fe44b4a6e7c933aa]]
iCore.Common.Entities.INodeTypeVersion
iCore.Common.Entities.INodeTypeVersion
iCore.Common.Entities.INodeType
iCore.Common.Entities.INodeTypeStyleSheet
iCore.Common.Entities.INodeType
iCore.Common.Entities.ILazyLoadedEntity`1[[iCore.Common.Entities.INodeTypeVersion, iCore.Common.Entities, Version=3.40.0.0, Culture=neutral, PublicKeyToken=fe44b4a6e7c933aa]]
iCore.Common.Entities.IEventType
iCore.Common.Entities.SelectionRule
iCore.Common.Entities.EventTypes
iCore.Common.Entities.EventTrackingCleanupRole
iCore.Common.Entities.IEventType
iCore.Common.Entities.ILazyLoadedEntity`1[[iCore.Common.Entities.INodeType, iCore.Common.Entities, Version=3.40.0.0, Culture=neutral, PublicKeyToken=fe44b4a6e7c933aa]]
iCore.Common.Entities.ILazyLoadedEntity`1[[iCore.Common.Entities.IEvent, iCore.Common.Entities, Version=3.40.0.0, Culture=neutral, PublicKeyToken=fe44b4a6e7c933aa]]
iCore.Common.Entities.IEvent
iCore.Common.Entities.MatchedStatus
iCore.Common.Entities.EventSourceType
iCore.Common.Entities.ILazyLoadedEntity`1[[iCore.Common.Entities.IEventType, iCore.Common.Entities, Version=3.40.0.0, Culture=neutral, PublicKeyToken=fe44b4a6e7c933aa]]
iCore.Common.Entities.ILazyLoadedEntity`1[[iCore.Common.Entities.IEventHandler, iCore.Common.Entities, Version=3.40.0.0, Culture=neutral, PublicKeyToken=fe44b4a6e7c933aa]]
iCore.Common.Entities.IEventHandler
iCore.Common.Entities.EventHandlerStatus
iCore.Common.Entities.IEventHandler
iCore.Common.Entities.ILazyLoadedEntity`1[[iCore.Common.Entities.IComponentDefinition, iCore.Common.Entities, Version=3.40.0.0, Culture=neutral, PublicKeyToken=fe44b4a6e7c933aa]]
System.Nullable`1[[System.DateTime, mscorlib, Version=4.0.0.0, Culture=neutral, PublicKeyToken=b77a5c561934e089]]
iCore.Common.Entities.JobState
iCore.Common.Entities.JobHistoryReason
iCore.Common.Entities.JobType
System.Byte
System.Int32
iCore.Public.Types.JobLifetime
iCore.Common.Entities.EntityKey[]
System.Collections.Generic.IEnumerable`1[[iCore.Common.Entities.EntityKey, iCore.Common.Entities, Version=3.40.0.0, Culture=neutral, PublicKeyToken=fe44b4a6e7c933aa]]
iCore.Common.Entities.ILazyLoadedEntity`1[[iCore.Common.Entities.IPartnerAttributeType, iCore.Common.Entities, Version=3.40.0.0, Culture=neutral, PublicKeyToken=fe44b4a6e7c933aa]]
iCore.Common.Entities.IPartnerAttributeType
System.Collections.Generic.IEnumerable`1[[iCore.Common.Entities.EntityKey, iCore.Common.Entities, Version=3.40.0.0, Culture=neutral, PublicKeyToken=fe44b4a6e7c933aa]]
iCore.Common.Entities.IPartnerAttributeGroupType
iCore.SAS.Administration.ILazySubEntity`1[[iCore.Common.Entities.IPartnerAttributeType, iCore.Common.Entities, Version=3.40.0.0, Culture=neutral, PublicKeyToken=fe44b4a6e7c933aa]]
iCore.Common.Entities.ILazyLoadedEntity`1[[iCore.Common.Entities.IPartnerAttributeType, iCore.Common.Entities, Version=3.40.0.0, Culture=neutral, PublicKeyToken=fe44b4a6e7c933aa]][]
iCore.Common.Entities.INode
iCore.Common.Entities.IEvent
iCore.Common.Entities.IJob
iCore.Common.Entities.ILogEntry
iCore.Public.Types.LogLevel
iCore.Common.LogMessageTypeID
iCore.Common.Entities.IWorkflow
System.Collections.Generic.IEnumerable`1[[iCore.Common.Entities.EntityKey, iCore.Common.Entities, Version=3.40.0.0, Culture=neutral, PublicKeyToken=fe44b4a6e7c933aa]]
iCore.Common.Entities.WorkflowClassification
iCore.Common.Entities.IWorkflow
iCore.Common.Entities.IAdapterFlow
iCore.Common.Entities.IAdapterFlow
iCore.Common.Types.LogLevelFilter
iCore.Common.Types.EntryPointNameValue
iCore.Common.Entities.IScript
iCore.Common.Entities.IScript
iCore.Common.Entities.ITimer
iCore.Common.Entities.ITimer
iCore.Common.Types.TimerFrequency
iCore.Common.Types.TimerInterval+TimerIntervalType
iCore.Common.Entities.ILazyLoadedEntity`1[[iCore.Common.Entities.ITimerEvent, iCore.Common.Entities, Version=3.40.0.0, Culture=neutral, PublicKeyToken=fe44b4a6e7c933aa]]
iCore.Common.Entities.ITimerEvent
iCore.Common.Entities.ITimer
iCore.SAS.Administration.ILazySubEntity`1[[iCore.Common.Entities.ITimerEvent, iCore.Common.Entities, Version=3.40.0.0, Culture=neutral, PublicKeyToken=fe44b4a6e7c933aa]]
iCore.Common.Entities.TimerEventPriority
iCore.Common.Entities.ILazyLoadedEntity`1[[iCore.Common.Entities.ITimerEvent, iCore.Common.Entities, Version=3.40.0.0, Culture=neutral, PublicKeyToken=fe44b4a6e7c933aa]][]
System.Int32[]
iCore.SAS.Interfaces.WeekDay
iCore.SAS.Interfaces.WeekDay[]
System.Collections.Generic.IEnumerable`1[[iCore.Common.Entities.EntityKey, iCore.Common.Entities, Version=3.40.0.0, Culture=neutral, PublicKeyToken=fe44b4a6e7c933aa]]
iCore.Common.Entities.ISettingAttributeGroupType
iCore.Common.Entities.ISettingAttributeGroupType
iCore.Common.Entities.ILazyLoadedEntity`1[[iCore.Common.Entities.ISettingAttributeType, iCore.Common.Entities, Version=3.40.0.0, Culture=neutral, PublicKeyToken=fe44b4a6e7c933aa]]
iCore.Common.Entities.ISettingAttributeType
iCore.Common.Entities.ISettingAttributeGroupType
iCore.SAS.Administration.ILazySubEntity`1[[iCore.Common.Entities.ISettingAttributeType, iCore.Common.Entities, Version=3.40.0.0, Culture=neutral, PublicKeyToken=fe44b4a6e7c933aa]]
iCore.Common.Entities.ILazyLoadedEntity`1[[iCore.Common.Entities.ISettingAttributeType, iCore.Common.Entities, Version=3.40.0.0, Culture=neutral, PublicKeyToken=fe44b4a6e7c933aa]][]
System.Collections.Generic.IEnumerable`1[[iCore.Common.Entities.EntityKey, iCore.Common.Entities, Version=3.40.0.0, Culture=neutral, PublicKeyToken=fe44b4a6e7c933aa]]
iCore.Common.Entities.ISetting
iCore.Common.Entities.ISetting
iCore.Common.Entities.ILazyLoadedEntity`1[[iCore.Common.Entities.ISettingIdentity, iCore.Common.Entities, Version=3.40.0.0, Culture=neutral, PublicKeyToken=fe44b4a6e7c933aa]]
iCore.Common.Entities.ISettingIdentity
iCore.Common.Entities.ILazyLoadedEntity`1[[iCore.Common.Entities.ISettingIdentity, iCore.Common.Entities, Version=3.40.0.0, Culture=neutral, PublicKeyToken=fe44b4a6e7c933aa]][]
iCore.Common.Entities.ILazyLoadedEntity`1[[iCore.Common.Entities.ISettingAttributeGroupInstance, iCore.Common.Entities, Version=3.40.0.0, Culture=neutral, PublicKeyToken=fe44b4a6e7c933aa]]
iCore.Common.Entities.ISettingAttributeGroupInstance
iCore.Common.Entities.ILazyLoadedEntity`1[[iCore.Common.Entities.ISettingAttributeValue, iCore.Common.Entities, Version=3.40.0.0, Culture=neutral, PublicKeyToken=fe44b4a6e7c933aa]]
iCore.Common.Entities.ILazyLoadedEntity`1[[iCore.Common.Entities.ISettingAttributeValue, iCore.Common.Entities, Version=3.40.0.0, Culture=neutral, PublicKeyToken=fe44b4a6e7c933aa]][]
iCore.Common.Entities.ISetting
iCore.Common.Entities.ILazyLoadedEntity`1[[iCore.Common.Entities.ISettingAttributeGroupType, iCore.Common.Entities, Version=3.40.0.0, Culture=neutral, PublicKeyToken=fe44b4a6e7c933aa]]
iCore.Common.Entities.ILazyLoadedEntity`1[[iCore.Common.Entities.ISettingAttributeGroupInstance, iCore.Common.Entities, Version=3.40.0.0, Culture=neutral, PublicKeyToken=fe44b4a6e7c933aa]][]
System.String
iCore.SAS.Administration.ILazySubEntity`1[[iCore.Common.Entities.ISettingAttributeGroupInstance, iCore.Common.Entities, Version=3.40.0.0, Culture=neutral, PublicKeyToken=fe44b4a6e7c933aa]]
System.Collections.Generic.IEnumerable`1[[iCore.Common.Entities.EntityKey, iCore.Common.Entities, Version=3.40.0.0, Culture=neutral, PublicKeyToken=fe44b4a6e7c933aa]]
iCore.Common.Entities.ISettingAttributeValue
iCore.Common.Entities.ISetting
iCore.SAS.Administration.ILazySubEntity`1[[iCore.Common.Entities.ISettingAttributeGroupInstance, iCore.Common.Entities, Version=3.40.0.0, Culture=neutral, PublicKeyToken=fe44b4a6e7c933aa]]
iCore.SAS.Administration.ILazySubEntity`1[[iCore.Common.Entities.ISettingAttributeValue, iCore.Common.Entities, Version=3.40.0.0, Culture=neutral, PublicKeyToken=fe44b4a6e7c933aa]]
iCore.Common.Entities.IWebServiceDefinition
iCore.Common.Entities.IWebServiceDefinition
iCore.Common.Entities.ILazyKeyedCollection`2[[System.String, mscorlib, Version=4.0.0.0, Culture=neutral, PublicKeyToken=b77a5c561934e089],[iCore.Common.Entities.WebServiceActivityTypeInfo, iCore.Common.Entities, Version=3.40.0.0, Culture=neutral, PublicKeyToken=fe44b4a6e7c933aa]]
iCore.Common.Entities.WebServiceActivityTypeInfo
iCore.Common.Entities.ILazyKeyedCollection`2[[System.String, mscorlib, Version=4.0.0.0, Culture=neutral, PublicKeyToken=b77a5c561934e089],[iCore.Common.Entities.CategorizedNamedItem, iCore.Common.Entities, Version=3.40.0.0, Culture=neutral, PublicKeyToken=fe44b4a6e7c933aa]]
iCore.Common.Entities.CategorizedNamedItem
iCore.Common.Entities.ILazyKeyedCollection`2[[System.String, mscorlib, Version=4.0.0.0, Culture=neutral, PublicKeyToken=b77a5c561934e089],[iCore.Common.Entities.WebServiceAssemblyInfo, iCore.Common.Entities, Version=3.40.0.0, Culture=neutral, PublicKeyToken=fe44b4a6e7c933aa]]
iCore.Common.Entities.WebServiceAssemblyInfo
iCore.Common.Entities.ILazyKeyedCollection`2[[System.String, mscorlib, Version=4.0.0.0, Culture=neutral, PublicKeyToken=b77a5c561934e089],[iCore.Common.Entities.WebServiceSchemaInfo, iCore.Common.Entities, Version=3.40.0.0, Culture=neutral, PublicKeyToken=fe44b4a6e7c933aa]]
iCore.Common.Entities.WebServiceSchemaInfo
iCore.Common.Entities.SchemaType[]
iCore.Common.Entities.SchemaType
System.Uri
System.Version
iCore.Common.Entities.WebServiceGenerationOptions
iCore.Common.Entities.ICrossReferenceTable
iCore.Common.Entities.ICrossReferenceTable
iCore.Common.Entities.ILazyLoadedEntity`1[[iCore.Common.Entities.ICrossReferenceEntry, iCore.Common.Entities, Version=3.40.0.0, Culture=neutral, PublicKeyToken=fe44b4a6e7c933aa]]
iCore.Common.Entities.ICrossReferenceEntry
iCore.Common.Entities.ICrossReferenceTable
iCore.SAS.Administration.ILazySubEntity`1[[iCore.Common.Entities.ICrossReferenceEntry, iCore.Common.Entities, Version=3.40.0.0, Culture=neutral, PublicKeyToken=fe44b4a6e7c933aa]]
iCore.Common.Entities.ILazyLoadedEntity`1[[iCore.Common.Entities.ICrossReferenceEntry, iCore.Common.Entities, Version=3.40.0.0, Culture=neutral, PublicKeyToken=fe44b4a6e7c933aa]][]
System.Collections.Generic.IEnumerable`1[[iCore.Common.Entities.EntityKey, iCore.Common.Entities, Version=3.40.0.0, Culture=neutral, PublicKeyToken=fe44b4a6e7c933aa]]
iCore.Common.Entities.ICounter
iCore.Common.Entities.ICounter
iCore.Common.Entities.CounterCheckType
iCore.Common.Entities.AppendDateTimePosition
iCore.Common.Entities.IEntityFilter
iCore.Common.Entities.IEntityFilter
iCore.Common.Entities.ICompositeEntity
iCore.Common.Entities.CorrelatedActive
iCore.Common.IconEntity
iCore.Common.Entities.IServer
iCore.Common.Entities.ISystemQueue
iCore.Management.Monitoring.FailoverServerPartState
iCore.Public.Types.ServerPartType
iCore.Management.Monitoring.ServerPartStatus
System.Nullable`1[[System.Int64, mscorlib, Version=4.0.0.0, Culture=neutral, PublicKeyToken=b77a5c561934e089]]
iCore.Management.Monitoring.EventListenerState
iCore.Management.Monitoring.EventListenerStatistics
iCore.Management.Monitoring.TimeOfLastOperationTrackingStatisticsCounter
iCore.Management.Monitoring.EventProcessorState
iCore.Management.Monitoring.EventProcessorStatistics
iCore.Management.Monitoring.JobManagerState
iCore.Management.Monitoring.JobManagerStatistics
iCore.Management.Monitoring.StatisticsCounter
iCore.Management.Monitoring.EventGeneratorState+TimerDetails
iCore.Management.Monitoring.TimerType
iCore.Management.Monitoring.EventGeneratorState
iCore.Management.Monitoring.EventGeneratorState+TimerDetails[]
iCore.Management.Monitoring.DetailedServerPartState
iCore.SAS.Administration.Models.ServerStatusModel
iCore.SAS.Administration.Models.ServerPartDataModel
iCore.SAS.Administration.Models.ServerPartDataModel[]
iCore.Management.Monitoring.ServiceStatus
iCore.Management.Monitoring.SystemEventProcessorState
iCore.Management.Monitoring.SystemEventProcessorStatistics
iCore.Management.Monitoring.WorkerHostProcessBaseInfo
System.Int64[]
iCore.Management.Monitoring.WorkerHostProcessBaseInfo[]
iCore.Management.Monitoring.SystemMonitorServerConnectionInfo
iCore.Management.Monitoring.ServerConnectionStatus
iCore.Management.Monitoring.SystemMonitorServerInfo
iCore.Management.Monitoring.SystemMonitorServerPartInfo[]
iCore.Management.Monitoring.SystemMonitorServerPartInfo
iCore.Management.Monitoring.WorkerHostProcessInfo
iCore.Management.Monitoring.WorkerHostStatistics
iCore.SAS.Administration.Models.SystemMonitorDataModel
iCore.SAS.Administration.Models.ServerStatusModel[]
iCore.SAS.Administration.Models.ServerPartDataModel
iCore.SAS.Administration.Models.SystemEventProcessorDataModel
iCore.SAS.Administration.Models.SystemEventProcessDataModel
iCore.SAS.Administration.Models.SystemEventProcessDataModel[]
iCore.SAS.Administration.Models.WorkerHostManagerDataModel
iCore.SAS.Administration.Models.WorkerHostManagerProcessDataModel
System.Double
iCore.SAS.Administration.Models.WorkerHostManagerProcessDataModel[]
iCore.SAS.Administration.Models.WorkerHostManagerJobDataModel
iCore.SAS.Administration.Models.WorkerHostManagerJobDataModel[]
iCore.SAS.Administration.Models.EventGeneratorDataModel
iCore.SAS.Administration.Models.TimerDetailsDataModel
iCore.SAS.Administration.Models.TimerDetailsDataModel[]
iCore.SAS.Administration.Models.ServerMonitorDataModel
iCore.SAS.Administration.Models.SerializableServerDataModel
iCore.SAS.Administration.Models.SerializableServerDataModel[]
iCore.SAS.Administration.Models.EventListenerDataModel
iCore.SAS.Administration.Models.JobManagerDataModel
iCore.SAS.Administration.Models.EventProcessorDataModel
System.Char
System.Guid
System.String
System.Boolean
System.Collections.Generic.IEnumerable`1[[iCore.Common.Entities.EntityKey, iCore.Common.Entities, Version=3.40.0.0, Culture=neutral, PublicKeyToken=fe44b4a6e7c933aa]]
UnitTests_SAS.FakeTypeWithStreamContentProvider
System.Boolean</StdOut>
      </Output>
    </UnitTestResult>
    <UnitTestResult executionId="c19dafec-7ff0-4de3-a2a7-1328936e65c6" testId="200537b6-3009-7dc4-53f4-80a8ec548e29" testName="ExecuteCommand_ExceptionWhenDownloadingCommandStream_ErrorResultReturnedWhenQueryingStreamStatus" computerName="ICSWS068" duration="00:00:02.2336250" startTime="2016-08-04T09:59:25.7101027+02:00" endTime="2016-08-04T09:59:27.9454600+02:00" testType="13cdc9d9-ddb5-4fa4-a97d-d965ccfc6d4b" outcome="Passed" testListId="8c84fa94-04c1-424b-9868-57a2d4851a1d" relativeResultsDirectory="c19dafec-7ff0-4de3-a2a7-1328936e65c6">
      <Output>
        <StdOut>Debug Trace:
iCore.Common.Entities.IEntity
iCore.Common.Entities.EntityKey
iCore.Common.Entities.EntityTypeId
iCore.Common.Entities.IComponentDefinition
System.String
System.DateTime
iCore.Common.Entities.IEventHistory
iCore.Common.Entities.ILazyLoadedEntity`1[[iCore.Common.Entities.IJob, iCore.Common.Entities, Version=3.40.0.0, Culture=neutral, PublicKeyToken=fe44b4a6e7c933aa]]
iCore.Common.Entities.IJob
iCore.Common.Entities.EntityKey
iCore.Common.Entities.EArgument
System.Boolean
System.Int64
iCore.Common.Entities.EventState
iCore.Common.Entities.EventReason
iCore.Common.Entities.EArgument[]
iCore.Common.Entities.ILazyLoadedEntity`1[[iCore.Common.Entities.IComponentConfiguration, iCore.Common.Entities, Version=3.40.0.0, Culture=neutral, PublicKeyToken=fe44b4a6e7c933aa]]
iCore.Common.Entities.IComponentConfiguration
iCore.Common.Entities.ILazyLoadedEntity`1[[iCore.Common.Entities.ICategoryMembership, iCore.Common.Entities, Version=3.40.0.0, Culture=neutral, PublicKeyToken=fe44b4a6e7c933aa]][]
iCore.Common.Entities.ILazyLoadedEntity`1[[iCore.Common.Entities.ICategoryMembership, iCore.Common.Entities, Version=3.40.0.0, Culture=neutral, PublicKeyToken=fe44b4a6e7c933aa]]
iCore.Common.Entities.ICategoryMembership
iCore.Common.Entities.ICategory
iCore.Common.Entities.ICategory
iCore.Common.Entities.ILazyLoadedEntity`1[[iCore.Common.Entities.ICategory, iCore.Common.Entities, Version=3.40.0.0, Culture=neutral, PublicKeyToken=fe44b4a6e7c933aa]]
System.Nullable`1[[System.Guid, mscorlib, Version=4.0.0.0, Culture=neutral, PublicKeyToken=b77a5c561934e089]]
System.TimeSpan
System.Guid
iCore.Common.Entities.IComponentConfiguration
iCore.Common.Entities.ILazyLoadedEntity`1[[iCore.Common.Entities.IApplicationPool, iCore.Common.Entities, Version=3.40.0.0, Culture=neutral, PublicKeyToken=fe44b4a6e7c933aa]]
iCore.Common.Entities.IApplicationPool
iCore.Common.Entities.IApplicationPool
iCore.Common.Entities.ILazyLoadedEntity`1[[iCore.Common.Entities.IServer, iCore.Common.Entities, Version=3.40.0.0, Culture=neutral, PublicKeyToken=fe44b4a6e7c933aa]]
iCore.Common.Entities.IServer
iCore.Common.Entities.ServerStartupSpecialTask
System.Nullable`1[[System.UInt16, mscorlib, Version=4.0.0.0, Culture=neutral, PublicKeyToken=b77a5c561934e089]]
System.UInt16
System.Int16
iCore.Common.Entities.IUser
iCore.Common.Entities.IUserGroup
iCore.Common.Entities.UserDisplayOptions
iCore.Common.Entities.MainTreeDisplayOptions
iCore.Common.Entities.NodeContent
iCore.Common.Entities.ILazyLoadedEntity`1[[iCore.Common.Entities.IUserGroup, iCore.Common.Entities, Version=3.40.0.0, Culture=neutral, PublicKeyToken=fe44b4a6e7c933aa]]
iCore.Common.Entities.ViewMode
iCore.Common.Entities.ILazyLoadedEntity`1[[iCore.Common.Entities.IUser, iCore.Common.Entities, Version=3.40.0.0, Culture=neutral, PublicKeyToken=fe44b4a6e7c933aa]]
iCore.Common.Entities.ILazyLoadedEntity`1[[iCore.Common.Entities.IApplicationPoolImplementation, iCore.Common.Entities, Version=3.40.0.0, Culture=neutral, PublicKeyToken=fe44b4a6e7c933aa]][]
iCore.Common.Entities.ILazyLoadedEntity`1[[iCore.Common.Entities.IApplicationPoolImplementation, iCore.Common.Entities, Version=3.40.0.0, Culture=neutral, PublicKeyToken=fe44b4a6e7c933aa]]
iCore.Common.Entities.IApplicationPoolImplementation
iCore.SAS.Administration.ILazySubEntity`1[[iCore.Common.Entities.IApplicationPoolImplementation, iCore.Common.Entities, Version=3.40.0.0, Culture=neutral, PublicKeyToken=fe44b4a6e7c933aa]]
iCore.Common.Entities.IServer
iCore.Common.Entities.ILazyLoadedEntity`1[[iCore.Common.Entities.INode, iCore.Common.Entities, Version=3.40.0.0, Culture=neutral, PublicKeyToken=fe44b4a6e7c933aa]]
iCore.Common.Entities.INode
iCore.Common.Entities.INode
System.String
iCore.Common.Entities.ILazyLoadedEntity`1[[iCore.Common.Entities.INodeAttributeValue, iCore.Common.Entities, Version=3.40.0.0, Culture=neutral, PublicKeyToken=fe44b4a6e7c933aa]][]
iCore.Common.Entities.ILazyLoadedEntity`1[[iCore.Common.Entities.INodeAttributeValue, iCore.Common.Entities, Version=3.40.0.0, Culture=neutral, PublicKeyToken=fe44b4a6e7c933aa]]
iCore.Common.Entities.INodeAttributeValue
iCore.SAS.Administration.ILazySubEntity`1[[iCore.Common.Entities.INodeAttributeValue, iCore.Common.Entities, Version=3.40.0.0, Culture=neutral, PublicKeyToken=fe44b4a6e7c933aa]]
System.Object
iCore.Public.Types.ScriptVarType
iCore.Common.Entities.INodeAttributeType
iCore.Common.Entities.INodeAttributeType
iCore.Common.Entities.INode
iCore.Common.Entities.ILazyLoadedEntity`1[[iCore.Common.Entities.INodeAttributeType, iCore.Common.Entities, Version=3.40.0.0, Culture=neutral, PublicKeyToken=fe44b4a6e7c933aa]]
iCore.Common.Entities.IPartner
System.String
iCore.Common.Entities.IEntityImage
iCore.Common.Entities.SizedEntityImage[]
iCore.Common.Entities.SizedEntityImage
System.Drawing.Size
iCore.Common.Entities.ILazyLoadedEntity`1[[iCore.Common.Entities.IPartnerAttributeGroupInstance, iCore.Common.Entities, Version=3.40.0.0, Culture=neutral, PublicKeyToken=fe44b4a6e7c933aa]][]
iCore.Common.Entities.ILazyLoadedEntity`1[[iCore.Common.Entities.IPartnerAttributeGroupInstance, iCore.Common.Entities, Version=3.40.0.0, Culture=neutral, PublicKeyToken=fe44b4a6e7c933aa]]
iCore.Common.Entities.IPartnerAttributeGroupInstance
iCore.Common.Entities.IPartnerAttributeGroupType
iCore.Common.Entities.IPartnerAttributeGroupType
iCore.Common.Entities.ILazyLoadedEntity`1[[iCore.Common.Entities.IPartnerAttributeValue, iCore.Common.Entities, Version=3.40.0.0, Culture=neutral, PublicKeyToken=fe44b4a6e7c933aa]]
iCore.Common.Entities.IPartnerAttributeValue
iCore.SAS.Administration.ILazySubEntity`1[[iCore.Common.Entities.IPartnerAttributeValue, iCore.Common.Entities, Version=3.40.0.0, Culture=neutral, PublicKeyToken=fe44b4a6e7c933aa]]
iCore.Common.Entities.ILazyLoadedEntity`1[[iCore.Common.Entities.IPartnerAttributeValue, iCore.Common.Entities, Version=3.40.0.0, Culture=neutral, PublicKeyToken=fe44b4a6e7c933aa]][]
iCore.SAS.Administration.ILazySubEntity`1[[iCore.Common.Entities.IPartnerAttributeGroupInstance, iCore.Common.Entities, Version=3.40.0.0, Culture=neutral, PublicKeyToken=fe44b4a6e7c933aa]]
iCore.Common.Entities.ILazyLoadedEntity`1[[iCore.Common.Entities.IPartnerAttributeGroupType, iCore.Common.Entities, Version=3.40.0.0, Culture=neutral, PublicKeyToken=fe44b4a6e7c933aa]]
iCore.Common.Entities.ILazyLoadedEntity`1[[iCore.Common.Entities.IPartnerIdentity, iCore.Common.Entities, Version=3.40.0.0, Culture=neutral, PublicKeyToken=fe44b4a6e7c933aa]][]
iCore.Common.Entities.ILazyLoadedEntity`1[[iCore.Common.Entities.IPartnerIdentity, iCore.Common.Entities, Version=3.40.0.0, Culture=neutral, PublicKeyToken=fe44b4a6e7c933aa]]
iCore.Common.Entities.IPartnerIdentity
iCore.Common.Entities.IPartner
iCore.Common.Entities.ILazyLoadedEntity`1[[iCore.Common.Entities.IPartner, iCore.Common.Entities, Version=3.40.0.0, Culture=neutral, PublicKeyToken=fe44b4a6e7c933aa]]
iCore.Common.Entities.INodeTypeVersion
iCore.Common.Entities.INodeTypeVersion
iCore.Common.Entities.INodeType
iCore.Common.Entities.INodeTypeStyleSheet
iCore.Common.Entities.INodeType
iCore.Common.Entities.ILazyLoadedEntity`1[[iCore.Common.Entities.INodeTypeVersion, iCore.Common.Entities, Version=3.40.0.0, Culture=neutral, PublicKeyToken=fe44b4a6e7c933aa]]
iCore.Common.Entities.IEventType
iCore.Common.Entities.SelectionRule
iCore.Common.Entities.EventTypes
iCore.Common.Entities.EventTrackingCleanupRole
iCore.Common.Entities.IEventType
iCore.Common.Entities.ILazyLoadedEntity`1[[iCore.Common.Entities.INodeType, iCore.Common.Entities, Version=3.40.0.0, Culture=neutral, PublicKeyToken=fe44b4a6e7c933aa]]
iCore.Common.Entities.ILazyLoadedEntity`1[[iCore.Common.Entities.IEvent, iCore.Common.Entities, Version=3.40.0.0, Culture=neutral, PublicKeyToken=fe44b4a6e7c933aa]]
iCore.Common.Entities.IEvent
iCore.Common.Entities.MatchedStatus
iCore.Common.Entities.EventSourceType
iCore.Common.Entities.ILazyLoadedEntity`1[[iCore.Common.Entities.IEventType, iCore.Common.Entities, Version=3.40.0.0, Culture=neutral, PublicKeyToken=fe44b4a6e7c933aa]]
iCore.Common.Entities.ILazyLoadedEntity`1[[iCore.Common.Entities.IEventHandler, iCore.Common.Entities, Version=3.40.0.0, Culture=neutral, PublicKeyToken=fe44b4a6e7c933aa]]
iCore.Common.Entities.IEventHandler
iCore.Common.Entities.EventHandlerStatus
iCore.Common.Entities.IEventHandler
iCore.Common.Entities.ILazyLoadedEntity`1[[iCore.Common.Entities.IComponentDefinition, iCore.Common.Entities, Version=3.40.0.0, Culture=neutral, PublicKeyToken=fe44b4a6e7c933aa]]
System.Nullable`1[[System.DateTime, mscorlib, Version=4.0.0.0, Culture=neutral, PublicKeyToken=b77a5c561934e089]]
iCore.Common.Entities.JobState
iCore.Common.Entities.JobHistoryReason
iCore.Common.Entities.JobType
System.Byte
System.Int32
iCore.Public.Types.JobLifetime
iCore.Common.Entities.EntityKey[]
System.Collections.Generic.IEnumerable`1[[iCore.Common.Entities.EntityKey, iCore.Common.Entities, Version=3.40.0.0, Culture=neutral, PublicKeyToken=fe44b4a6e7c933aa]]
iCore.Common.Entities.ILazyLoadedEntity`1[[iCore.Common.Entities.IPartnerAttributeType, iCore.Common.Entities, Version=3.40.0.0, Culture=neutral, PublicKeyToken=fe44b4a6e7c933aa]]
iCore.Common.Entities.IPartnerAttributeType
System.Collections.Generic.IEnumerable`1[[iCore.Common.Entities.EntityKey, iCore.Common.Entities, Version=3.40.0.0, Culture=neutral, PublicKeyToken=fe44b4a6e7c933aa]]
iCore.Common.Entities.IPartnerAttributeGroupType
iCore.SAS.Administration.ILazySubEntity`1[[iCore.Common.Entities.IPartnerAttributeType, iCore.Common.Entities, Version=3.40.0.0, Culture=neutral, PublicKeyToken=fe44b4a6e7c933aa]]
iCore.Common.Entities.ILazyLoadedEntity`1[[iCore.Common.Entities.IPartnerAttributeType, iCore.Common.Entities, Version=3.40.0.0, Culture=neutral, PublicKeyToken=fe44b4a6e7c933aa]][]
iCore.Common.Entities.INode
iCore.Common.Entities.IEvent
iCore.Common.Entities.IJob
iCore.Common.Entities.ILogEntry
iCore.Public.Types.LogLevel
iCore.Common.LogMessageTypeID
iCore.Common.Entities.IWorkflow
System.Collections.Generic.IEnumerable`1[[iCore.Common.Entities.EntityKey, iCore.Common.Entities, Version=3.40.0.0, Culture=neutral, PublicKeyToken=fe44b4a6e7c933aa]]
iCore.Common.Entities.WorkflowClassification
iCore.Common.Entities.IWorkflow
iCore.Common.Entities.IAdapterFlow
iCore.Common.Entities.IAdapterFlow
iCore.Common.Types.LogLevelFilter
iCore.Common.Types.EntryPointNameValue
iCore.Common.Entities.IScript
iCore.Common.Entities.IScript
iCore.Common.Entities.ITimer
iCore.Common.Entities.ITimer
iCore.Common.Types.TimerFrequency
iCore.Common.Types.TimerInterval+TimerIntervalType
iCore.Common.Entities.ILazyLoadedEntity`1[[iCore.Common.Entities.ITimerEvent, iCore.Common.Entities, Version=3.40.0.0, Culture=neutral, PublicKeyToken=fe44b4a6e7c933aa]]
iCore.Common.Entities.ITimerEvent
iCore.Common.Entities.ITimer
iCore.SAS.Administration.ILazySubEntity`1[[iCore.Common.Entities.ITimerEvent, iCore.Common.Entities, Version=3.40.0.0, Culture=neutral, PublicKeyToken=fe44b4a6e7c933aa]]
iCore.Common.Entities.TimerEventPriority
iCore.Common.Entities.ILazyLoadedEntity`1[[iCore.Common.Entities.ITimerEvent, iCore.Common.Entities, Version=3.40.0.0, Culture=neutral, PublicKeyToken=fe44b4a6e7c933aa]][]
System.Int32[]
iCore.SAS.Interfaces.WeekDay
iCore.SAS.Interfaces.WeekDay[]
System.Collections.Generic.IEnumerable`1[[iCore.Common.Entities.EntityKey, iCore.Common.Entities, Version=3.40.0.0, Culture=neutral, PublicKeyToken=fe44b4a6e7c933aa]]
iCore.Common.Entities.ISettingAttributeGroupType
iCore.Common.Entities.ISettingAttributeGroupType
iCore.Common.Entities.ILazyLoadedEntity`1[[iCore.Common.Entities.ISettingAttributeType, iCore.Common.Entities, Version=3.40.0.0, Culture=neutral, PublicKeyToken=fe44b4a6e7c933aa]]
iCore.Common.Entities.ISettingAttributeType
iCore.Common.Entities.ISettingAttributeGroupType
iCore.SAS.Administration.ILazySubEntity`1[[iCore.Common.Entities.ISettingAttributeType, iCore.Common.Entities, Version=3.40.0.0, Culture=neutral, PublicKeyToken=fe44b4a6e7c933aa]]
iCore.Common.Entities.ILazyLoadedEntity`1[[iCore.Common.Entities.ISettingAttributeType, iCore.Common.Entities, Version=3.40.0.0, Culture=neutral, PublicKeyToken=fe44b4a6e7c933aa]][]
System.Collections.Generic.IEnumerable`1[[iCore.Common.Entities.EntityKey, iCore.Common.Entities, Version=3.40.0.0, Culture=neutral, PublicKeyToken=fe44b4a6e7c933aa]]
iCore.Common.Entities.ISetting
iCore.Common.Entities.ISetting
iCore.Common.Entities.ILazyLoadedEntity`1[[iCore.Common.Entities.ISettingIdentity, iCore.Common.Entities, Version=3.40.0.0, Culture=neutral, PublicKeyToken=fe44b4a6e7c933aa]]
iCore.Common.Entities.ISettingIdentity
iCore.Common.Entities.ILazyLoadedEntity`1[[iCore.Common.Entities.ISettingIdentity, iCore.Common.Entities, Version=3.40.0.0, Culture=neutral, PublicKeyToken=fe44b4a6e7c933aa]][]
iCore.Common.Entities.ILazyLoadedEntity`1[[iCore.Common.Entities.ISettingAttributeGroupInstance, iCore.Common.Entities, Version=3.40.0.0, Culture=neutral, PublicKeyToken=fe44b4a6e7c933aa]]
iCore.Common.Entities.ISettingAttributeGroupInstance
iCore.Common.Entities.ILazyLoadedEntity`1[[iCore.Common.Entities.ISettingAttributeValue, iCore.Common.Entities, Version=3.40.0.0, Culture=neutral, PublicKeyToken=fe44b4a6e7c933aa]]
iCore.Common.Entities.ILazyLoadedEntity`1[[iCore.Common.Entities.ISettingAttributeValue, iCore.Common.Entities, Version=3.40.0.0, Culture=neutral, PublicKeyToken=fe44b4a6e7c933aa]][]
iCore.Common.Entities.ISetting
iCore.Common.Entities.ILazyLoadedEntity`1[[iCore.Common.Entities.ISettingAttributeGroupType, iCore.Common.Entities, Version=3.40.0.0, Culture=neutral, PublicKeyToken=fe44b4a6e7c933aa]]
iCore.Common.Entities.ILazyLoadedEntity`1[[iCore.Common.Entities.ISettingAttributeGroupInstance, iCore.Common.Entities, Version=3.40.0.0, Culture=neutral, PublicKeyToken=fe44b4a6e7c933aa]][]
System.String
iCore.SAS.Administration.ILazySubEntity`1[[iCore.Common.Entities.ISettingAttributeGroupInstance, iCore.Common.Entities, Version=3.40.0.0, Culture=neutral, PublicKeyToken=fe44b4a6e7c933aa]]
System.Collections.Generic.IEnumerable`1[[iCore.Common.Entities.EntityKey, iCore.Common.Entities, Version=3.40.0.0, Culture=neutral, PublicKeyToken=fe44b4a6e7c933aa]]
iCore.Common.Entities.ISettingAttributeValue
iCore.Common.Entities.ISetting
iCore.SAS.Administration.ILazySubEntity`1[[iCore.Common.Entities.ISettingAttributeGroupInstance, iCore.Common.Entities, Version=3.40.0.0, Culture=neutral, PublicKeyToken=fe44b4a6e7c933aa]]
iCore.SAS.Administration.ILazySubEntity`1[[iCore.Common.Entities.ISettingAttributeValue, iCore.Common.Entities, Version=3.40.0.0, Culture=neutral, PublicKeyToken=fe44b4a6e7c933aa]]
iCore.Common.Entities.IWebServiceDefinition
iCore.Common.Entities.IWebServiceDefinition
iCore.Common.Entities.ILazyKeyedCollection`2[[System.String, mscorlib, Version=4.0.0.0, Culture=neutral, PublicKeyToken=b77a5c561934e089],[iCore.Common.Entities.WebServiceActivityTypeInfo, iCore.Common.Entities, Version=3.40.0.0, Culture=neutral, PublicKeyToken=fe44b4a6e7c933aa]]
iCore.Common.Entities.WebServiceActivityTypeInfo
iCore.Common.Entities.ILazyKeyedCollection`2[[System.String, mscorlib, Version=4.0.0.0, Culture=neutral, PublicKeyToken=b77a5c561934e089],[iCore.Common.Entities.CategorizedNamedItem, iCore.Common.Entities, Version=3.40.0.0, Culture=neutral, PublicKeyToken=fe44b4a6e7c933aa]]
iCore.Common.Entities.CategorizedNamedItem
iCore.Common.Entities.ILazyKeyedCollection`2[[System.String, mscorlib, Version=4.0.0.0, Culture=neutral, PublicKeyToken=b77a5c561934e089],[iCore.Common.Entities.WebServiceAssemblyInfo, iCore.Common.Entities, Version=3.40.0.0, Culture=neutral, PublicKeyToken=fe44b4a6e7c933aa]]
iCore.Common.Entities.WebServiceAssemblyInfo
iCore.Common.Entities.ILazyKeyedCollection`2[[System.String, mscorlib, Version=4.0.0.0, Culture=neutral, PublicKeyToken=b77a5c561934e089],[iCore.Common.Entities.WebServiceSchemaInfo, iCore.Common.Entities, Version=3.40.0.0, Culture=neutral, PublicKeyToken=fe44b4a6e7c933aa]]
iCore.Common.Entities.WebServiceSchemaInfo
iCore.Common.Entities.SchemaType[]
iCore.Common.Entities.SchemaType
System.Uri
System.Version
iCore.Common.Entities.WebServiceGenerationOptions
iCore.Common.Entities.ICrossReferenceTable
iCore.Common.Entities.ICrossReferenceTable
iCore.Common.Entities.ILazyLoadedEntity`1[[iCore.Common.Entities.ICrossReferenceEntry, iCore.Common.Entities, Version=3.40.0.0, Culture=neutral, PublicKeyToken=fe44b4a6e7c933aa]]
iCore.Common.Entities.ICrossReferenceEntry
iCore.Common.Entities.ICrossReferenceTable
iCore.SAS.Administration.ILazySubEntity`1[[iCore.Common.Entities.ICrossReferenceEntry, iCore.Common.Entities, Version=3.40.0.0, Culture=neutral, PublicKeyToken=fe44b4a6e7c933aa]]
iCore.Common.Entities.ILazyLoadedEntity`1[[iCore.Common.Entities.ICrossReferenceEntry, iCore.Common.Entities, Version=3.40.0.0, Culture=neutral, PublicKeyToken=fe44b4a6e7c933aa]][]
System.Collections.Generic.IEnumerable`1[[iCore.Common.Entities.EntityKey, iCore.Common.Entities, Version=3.40.0.0, Culture=neutral, PublicKeyToken=fe44b4a6e7c933aa]]
iCore.Common.Entities.ICounter
iCore.Common.Entities.ICounter
iCore.Common.Entities.CounterCheckType
iCore.Common.Entities.AppendDateTimePosition
iCore.Common.Entities.IEntityFilter
iCore.Common.Entities.IEntityFilter
iCore.Common.Entities.ICompositeEntity
iCore.Common.Entities.CorrelatedActive
iCore.Common.IconEntity
iCore.Common.Entities.IServer
iCore.Common.Entities.ISystemQueue
iCore.Management.Monitoring.FailoverServerPartState
iCore.Public.Types.ServerPartType
iCore.Management.Monitoring.ServerPartStatus
System.Nullable`1[[System.Int64, mscorlib, Version=4.0.0.0, Culture=neutral, PublicKeyToken=b77a5c561934e089]]
iCore.Management.Monitoring.EventListenerState
iCore.Management.Monitoring.EventListenerStatistics
iCore.Management.Monitoring.TimeOfLastOperationTrackingStatisticsCounter
iCore.Management.Monitoring.EventProcessorState
iCore.Management.Monitoring.EventProcessorStatistics
iCore.Management.Monitoring.JobManagerState
iCore.Management.Monitoring.JobManagerStatistics
iCore.Management.Monitoring.StatisticsCounter
iCore.Management.Monitoring.EventGeneratorState+TimerDetails
iCore.Management.Monitoring.TimerType
iCore.Management.Monitoring.EventGeneratorState
iCore.Management.Monitoring.EventGeneratorState+TimerDetails[]
iCore.Management.Monitoring.DetailedServerPartState
iCore.SAS.Administration.Models.ServerStatusModel
iCore.SAS.Administration.Models.ServerPartDataModel
iCore.SAS.Administration.Models.ServerPartDataModel[]
iCore.Management.Monitoring.ServiceStatus
iCore.Management.Monitoring.SystemEventProcessorState
iCore.Management.Monitoring.SystemEventProcessorStatistics
iCore.Management.Monitoring.WorkerHostProcessBaseInfo
System.Int64[]
iCore.Management.Monitoring.WorkerHostProcessBaseInfo[]
iCore.Management.Monitoring.SystemMonitorServerConnectionInfo
iCore.Management.Monitoring.ServerConnectionStatus
iCore.Management.Monitoring.SystemMonitorServerInfo
iCore.Management.Monitoring.SystemMonitorServerPartInfo[]
iCore.Management.Monitoring.SystemMonitorServerPartInfo
iCore.Management.Monitoring.WorkerHostProcessInfo
iCore.Management.Monitoring.WorkerHostStatistics
iCore.SAS.Administration.Models.SystemMonitorDataModel
iCore.SAS.Administration.Models.ServerStatusModel[]
iCore.SAS.Administration.Models.ServerPartDataModel
iCore.SAS.Administration.Models.SystemEventProcessorDataModel
iCore.SAS.Administration.Models.SystemEventProcessDataModel
iCore.SAS.Administration.Models.SystemEventProcessDataModel[]
iCore.SAS.Administration.Models.WorkerHostManagerDataModel
iCore.SAS.Administration.Models.WorkerHostManagerProcessDataModel
System.Double
iCore.SAS.Administration.Models.WorkerHostManagerProcessDataModel[]
iCore.SAS.Administration.Models.WorkerHostManagerJobDataModel
iCore.SAS.Administration.Models.WorkerHostManagerJobDataModel[]
iCore.SAS.Administration.Models.EventGeneratorDataModel
iCore.SAS.Administration.Models.TimerDetailsDataModel
iCore.SAS.Administration.Models.TimerDetailsDataModel[]
iCore.SAS.Administration.Models.ServerMonitorDataModel
iCore.SAS.Administration.Models.SerializableServerDataModel
iCore.SAS.Administration.Models.SerializableServerDataModel[]
iCore.SAS.Administration.Models.EventListenerDataModel
iCore.SAS.Administration.Models.JobManagerDataModel
iCore.SAS.Administration.Models.EventProcessorDataModel
System.Char
System.Guid
System.String
System.Boolean
System.Collections.Generic.IEnumerable`1[[iCore.Common.Entities.EntityKey, iCore.Common.Entities, Version=3.40.0.0, Culture=neutral, PublicKeyToken=fe44b4a6e7c933aa]]
UnitTests_SAS.FakeTypeWithStreamContentProvider
System.Boolean</StdOut>
      </Output>
    </UnitTestResult>
    <UnitTestResult executionId="1ce27850-fb8a-401f-af8e-d0dce50d2f63" testId="5aeb70f9-c3b3-455d-48d3-c265f70a6a38" testName="ExecuteCommand_ValidatingProgressInformation_ProgressReportInfoIsCorrect" computerName="ICSWS068" duration="00:00:00.2459531" startTime="2016-08-04T09:59:27.9484793+02:00" endTime="2016-08-04T09:59:28.1962167+02:00" testType="13cdc9d9-ddb5-4fa4-a97d-d965ccfc6d4b" outcome="Passed" testListId="8c84fa94-04c1-424b-9868-57a2d4851a1d" relativeResultsDirectory="1ce27850-fb8a-401f-af8e-d0dce50d2f63">
      <Output>
        <StdOut>Debug Trace:
iCore.Common.Entities.IEntity
iCore.Common.Entities.EntityKey
iCore.Common.Entities.EntityTypeId
iCore.Common.Entities.IComponentDefinition
System.String
System.DateTime
iCore.Common.Entities.IEventHistory
iCore.Common.Entities.ILazyLoadedEntity`1[[iCore.Common.Entities.IJob, iCore.Common.Entities, Version=3.40.0.0, Culture=neutral, PublicKeyToken=fe44b4a6e7c933aa]]
iCore.Common.Entities.IJob
iCore.Common.Entities.EntityKey
iCore.Common.Entities.EArgument
System.Boolean
System.Int64
iCore.Common.Entities.EventState
iCore.Common.Entities.EventReason
iCore.Common.Entities.EArgument[]
iCore.Common.Entities.ILazyLoadedEntity`1[[iCore.Common.Entities.IComponentConfiguration, iCore.Common.Entities, Version=3.40.0.0, Culture=neutral, PublicKeyToken=fe44b4a6e7c933aa]]
iCore.Common.Entities.IComponentConfiguration
iCore.Common.Entities.ILazyLoadedEntity`1[[iCore.Common.Entities.ICategoryMembership, iCore.Common.Entities, Version=3.40.0.0, Culture=neutral, PublicKeyToken=fe44b4a6e7c933aa]][]
iCore.Common.Entities.ILazyLoadedEntity`1[[iCore.Common.Entities.ICategoryMembership, iCore.Common.Entities, Version=3.40.0.0, Culture=neutral, PublicKeyToken=fe44b4a6e7c933aa]]
iCore.Common.Entities.ICategoryMembership
iCore.Common.Entities.ICategory
iCore.Common.Entities.ICategory
iCore.Common.Entities.ILazyLoadedEntity`1[[iCore.Common.Entities.ICategory, iCore.Common.Entities, Version=3.40.0.0, Culture=neutral, PublicKeyToken=fe44b4a6e7c933aa]]
System.Nullable`1[[System.Guid, mscorlib, Version=4.0.0.0, Culture=neutral, PublicKeyToken=b77a5c561934e089]]
System.TimeSpan
System.Guid
iCore.Common.Entities.IComponentConfiguration
iCore.Common.Entities.ILazyLoadedEntity`1[[iCore.Common.Entities.IApplicationPool, iCore.Common.Entities, Version=3.40.0.0, Culture=neutral, PublicKeyToken=fe44b4a6e7c933aa]]
iCore.Common.Entities.IApplicationPool
iCore.Common.Entities.IApplicationPool
iCore.Common.Entities.ILazyLoadedEntity`1[[iCore.Common.Entities.IServer, iCore.Common.Entities, Version=3.40.0.0, Culture=neutral, PublicKeyToken=fe44b4a6e7c933aa]]
iCore.Common.Entities.IServer
iCore.Common.Entities.ServerStartupSpecialTask
System.Nullable`1[[System.UInt16, mscorlib, Version=4.0.0.0, Culture=neutral, PublicKeyToken=b77a5c561934e089]]
System.UInt16
System.Int16
iCore.Common.Entities.IUser
iCore.Common.Entities.IUserGroup
iCore.Common.Entities.UserDisplayOptions
iCore.Common.Entities.MainTreeDisplayOptions
iCore.Common.Entities.NodeContent
iCore.Common.Entities.ILazyLoadedEntity`1[[iCore.Common.Entities.IUserGroup, iCore.Common.Entities, Version=3.40.0.0, Culture=neutral, PublicKeyToken=fe44b4a6e7c933aa]]
iCore.Common.Entities.ViewMode
iCore.Common.Entities.ILazyLoadedEntity`1[[iCore.Common.Entities.IUser, iCore.Common.Entities, Version=3.40.0.0, Culture=neutral, PublicKeyToken=fe44b4a6e7c933aa]]
iCore.Common.Entities.ILazyLoadedEntity`1[[iCore.Common.Entities.IApplicationPoolImplementation, iCore.Common.Entities, Version=3.40.0.0, Culture=neutral, PublicKeyToken=fe44b4a6e7c933aa]][]
iCore.Common.Entities.ILazyLoadedEntity`1[[iCore.Common.Entities.IApplicationPoolImplementation, iCore.Common.Entities, Version=3.40.0.0, Culture=neutral, PublicKeyToken=fe44b4a6e7c933aa]]
iCore.Common.Entities.IApplicationPoolImplementation
iCore.SAS.Administration.ILazySubEntity`1[[iCore.Common.Entities.IApplicationPoolImplementation, iCore.Common.Entities, Version=3.40.0.0, Culture=neutral, PublicKeyToken=fe44b4a6e7c933aa]]
iCore.Common.Entities.IServer
iCore.Common.Entities.ILazyLoadedEntity`1[[iCore.Common.Entities.INode, iCore.Common.Entities, Version=3.40.0.0, Culture=neutral, PublicKeyToken=fe44b4a6e7c933aa]]
iCore.Common.Entities.INode
iCore.Common.Entities.INode
System.String
iCore.Common.Entities.ILazyLoadedEntity`1[[iCore.Common.Entities.INodeAttributeValue, iCore.Common.Entities, Version=3.40.0.0, Culture=neutral, PublicKeyToken=fe44b4a6e7c933aa]][]
iCore.Common.Entities.ILazyLoadedEntity`1[[iCore.Common.Entities.INodeAttributeValue, iCore.Common.Entities, Version=3.40.0.0, Culture=neutral, PublicKeyToken=fe44b4a6e7c933aa]]
iCore.Common.Entities.INodeAttributeValue
iCore.SAS.Administration.ILazySubEntity`1[[iCore.Common.Entities.INodeAttributeValue, iCore.Common.Entities, Version=3.40.0.0, Culture=neutral, PublicKeyToken=fe44b4a6e7c933aa]]
System.Object
iCore.Public.Types.ScriptVarType
iCore.Common.Entities.INodeAttributeType
iCore.Common.Entities.INodeAttributeType
iCore.Common.Entities.INode
iCore.Common.Entities.ILazyLoadedEntity`1[[iCore.Common.Entities.INodeAttributeType, iCore.Common.Entities, Version=3.40.0.0, Culture=neutral, PublicKeyToken=fe44b4a6e7c933aa]]
iCore.Common.Entities.IPartner
System.String
iCore.Common.Entities.IEntityImage
iCore.Common.Entities.SizedEntityImage[]
iCore.Common.Entities.SizedEntityImage
System.Drawing.Size
iCore.Common.Entities.ILazyLoadedEntity`1[[iCore.Common.Entities.IPartnerAttributeGroupInstance, iCore.Common.Entities, Version=3.40.0.0, Culture=neutral, PublicKeyToken=fe44b4a6e7c933aa]][]
iCore.Common.Entities.ILazyLoadedEntity`1[[iCore.Common.Entities.IPartnerAttributeGroupInstance, iCore.Common.Entities, Version=3.40.0.0, Culture=neutral, PublicKeyToken=fe44b4a6e7c933aa]]
iCore.Common.Entities.IPartnerAttributeGroupInstance
iCore.Common.Entities.IPartnerAttributeGroupType
iCore.Common.Entities.IPartnerAttributeGroupType
iCore.Common.Entities.ILazyLoadedEntity`1[[iCore.Common.Entities.IPartnerAttributeValue, iCore.Common.Entities, Version=3.40.0.0, Culture=neutral, PublicKeyToken=fe44b4a6e7c933aa]]
iCore.Common.Entities.IPartnerAttributeValue
iCore.SAS.Administration.ILazySubEntity`1[[iCore.Common.Entities.IPartnerAttributeValue, iCore.Common.Entities, Version=3.40.0.0, Culture=neutral, PublicKeyToken=fe44b4a6e7c933aa]]
iCore.Common.Entities.ILazyLoadedEntity`1[[iCore.Common.Entities.IPartnerAttributeValue, iCore.Common.Entities, Version=3.40.0.0, Culture=neutral, PublicKeyToken=fe44b4a6e7c933aa]][]
iCore.SAS.Administration.ILazySubEntity`1[[iCore.Common.Entities.IPartnerAttributeGroupInstance, iCore.Common.Entities, Version=3.40.0.0, Culture=neutral, PublicKeyToken=fe44b4a6e7c933aa]]
iCore.Common.Entities.ILazyLoadedEntity`1[[iCore.Common.Entities.IPartnerAttributeGroupType, iCore.Common.Entities, Version=3.40.0.0, Culture=neutral, PublicKeyToken=fe44b4a6e7c933aa]]
iCore.Common.Entities.ILazyLoadedEntity`1[[iCore.Common.Entities.IPartnerIdentity, iCore.Common.Entities, Version=3.40.0.0, Culture=neutral, PublicKeyToken=fe44b4a6e7c933aa]][]
iCore.Common.Entities.ILazyLoadedEntity`1[[iCore.Common.Entities.IPartnerIdentity, iCore.Common.Entities, Version=3.40.0.0, Culture=neutral, PublicKeyToken=fe44b4a6e7c933aa]]
iCore.Common.Entities.IPartnerIdentity
iCore.Common.Entities.IPartner
iCore.Common.Entities.ILazyLoadedEntity`1[[iCore.Common.Entities.IPartner, iCore.Common.Entities, Version=3.40.0.0, Culture=neutral, PublicKeyToken=fe44b4a6e7c933aa]]
iCore.Common.Entities.INodeTypeVersion
iCore.Common.Entities.INodeTypeVersion
iCore.Common.Entities.INodeType
iCore.Common.Entities.INodeTypeStyleSheet
iCore.Common.Entities.INodeType
iCore.Common.Entities.ILazyLoadedEntity`1[[iCore.Common.Entities.INodeTypeVersion, iCore.Common.Entities, Version=3.40.0.0, Culture=neutral, PublicKeyToken=fe44b4a6e7c933aa]]
iCore.Common.Entities.IEventType
iCore.Common.Entities.SelectionRule
iCore.Common.Entities.EventTypes
iCore.Common.Entities.EventTrackingCleanupRole
iCore.Common.Entities.IEventType
iCore.Common.Entities.ILazyLoadedEntity`1[[iCore.Common.Entities.INodeType, iCore.Common.Entities, Version=3.40.0.0, Culture=neutral, PublicKeyToken=fe44b4a6e7c933aa]]
iCore.Common.Entities.ILazyLoadedEntity`1[[iCore.Common.Entities.IEvent, iCore.Common.Entities, Version=3.40.0.0, Culture=neutral, PublicKeyToken=fe44b4a6e7c933aa]]
iCore.Common.Entities.IEvent
iCore.Common.Entities.MatchedStatus
iCore.Common.Entities.EventSourceType
iCore.Common.Entities.ILazyLoadedEntity`1[[iCore.Common.Entities.IEventType, iCore.Common.Entities, Version=3.40.0.0, Culture=neutral, PublicKeyToken=fe44b4a6e7c933aa]]
iCore.Common.Entities.ILazyLoadedEntity`1[[iCore.Common.Entities.IEventHandler, iCore.Common.Entities, Version=3.40.0.0, Culture=neutral, PublicKeyToken=fe44b4a6e7c933aa]]
iCore.Common.Entities.IEventHandler
iCore.Common.Entities.EventHandlerStatus
iCore.Common.Entities.IEventHandler
iCore.Common.Entities.ILazyLoadedEntity`1[[iCore.Common.Entities.IComponentDefinition, iCore.Common.Entities, Version=3.40.0.0, Culture=neutral, PublicKeyToken=fe44b4a6e7c933aa]]
System.Nullable`1[[System.DateTime, mscorlib, Version=4.0.0.0, Culture=neutral, PublicKeyToken=b77a5c561934e089]]
iCore.Common.Entities.JobState
iCore.Common.Entities.JobHistoryReason
iCore.Common.Entities.JobType
System.Byte
System.Int32
iCore.Public.Types.JobLifetime
iCore.Common.Entities.EntityKey[]
System.Collections.Generic.IEnumerable`1[[iCore.Common.Entities.EntityKey, iCore.Common.Entities, Version=3.40.0.0, Culture=neutral, PublicKeyToken=fe44b4a6e7c933aa]]
iCore.Common.Entities.ILazyLoadedEntity`1[[iCore.Common.Entities.IPartnerAttributeType, iCore.Common.Entities, Version=3.40.0.0, Culture=neutral, PublicKeyToken=fe44b4a6e7c933aa]]
iCore.Common.Entities.IPartnerAttributeType
System.Collections.Generic.IEnumerable`1[[iCore.Common.Entities.EntityKey, iCore.Common.Entities, Version=3.40.0.0, Culture=neutral, PublicKeyToken=fe44b4a6e7c933aa]]
iCore.Common.Entities.IPartnerAttributeGroupType
iCore.SAS.Administration.ILazySubEntity`1[[iCore.Common.Entities.IPartnerAttributeType, iCore.Common.Entities, Version=3.40.0.0, Culture=neutral, PublicKeyToken=fe44b4a6e7c933aa]]
iCore.Common.Entities.ILazyLoadedEntity`1[[iCore.Common.Entities.IPartnerAttributeType, iCore.Common.Entities, Version=3.40.0.0, Culture=neutral, PublicKeyToken=fe44b4a6e7c933aa]][]
iCore.Common.Entities.INode
iCore.Common.Entities.IEvent
iCore.Common.Entities.IJob
iCore.Common.Entities.ILogEntry
iCore.Public.Types.LogLevel
iCore.Common.LogMessageTypeID
iCore.Common.Entities.IWorkflow
System.Collections.Generic.IEnumerable`1[[iCore.Common.Entities.EntityKey, iCore.Common.Entities, Version=3.40.0.0, Culture=neutral, PublicKeyToken=fe44b4a6e7c933aa]]
iCore.Common.Entities.WorkflowClassification
iCore.Common.Entities.IWorkflow
iCore.Common.Entities.IAdapterFlow
iCore.Common.Entities.IAdapterFlow
iCore.Common.Types.LogLevelFilter
iCore.Common.Types.EntryPointNameValue
iCore.Common.Entities.IScript
iCore.Common.Entities.IScript
iCore.Common.Entities.ITimer
iCore.Common.Entities.ITimer
iCore.Common.Types.TimerFrequency
iCore.Common.Types.TimerInterval+TimerIntervalType
iCore.Common.Entities.ILazyLoadedEntity`1[[iCore.Common.Entities.ITimerEvent, iCore.Common.Entities, Version=3.40.0.0, Culture=neutral, PublicKeyToken=fe44b4a6e7c933aa]]
iCore.Common.Entities.ITimerEvent
iCore.Common.Entities.ITimer
iCore.SAS.Administration.ILazySubEntity`1[[iCore.Common.Entities.ITimerEvent, iCore.Common.Entities, Version=3.40.0.0, Culture=neutral, PublicKeyToken=fe44b4a6e7c933aa]]
iCore.Common.Entities.TimerEventPriority
iCore.Common.Entities.ILazyLoadedEntity`1[[iCore.Common.Entities.ITimerEvent, iCore.Common.Entities, Version=3.40.0.0, Culture=neutral, PublicKeyToken=fe44b4a6e7c933aa]][]
System.Int32[]
iCore.SAS.Interfaces.WeekDay
iCore.SAS.Interfaces.WeekDay[]
System.Collections.Generic.IEnumerable`1[[iCore.Common.Entities.EntityKey, iCore.Common.Entities, Version=3.40.0.0, Culture=neutral, PublicKeyToken=fe44b4a6e7c933aa]]
iCore.Common.Entities.ISettingAttributeGroupType
iCore.Common.Entities.ISettingAttributeGroupType
iCore.Common.Entities.ILazyLoadedEntity`1[[iCore.Common.Entities.ISettingAttributeType, iCore.Common.Entities, Version=3.40.0.0, Culture=neutral, PublicKeyToken=fe44b4a6e7c933aa]]
iCore.Common.Entities.ISettingAttributeType
iCore.Common.Entities.ISettingAttributeGroupType
iCore.SAS.Administration.ILazySubEntity`1[[iCore.Common.Entities.ISettingAttributeType, iCore.Common.Entities, Version=3.40.0.0, Culture=neutral, PublicKeyToken=fe44b4a6e7c933aa]]
iCore.Common.Entities.ILazyLoadedEntity`1[[iCore.Common.Entities.ISettingAttributeType, iCore.Common.Entities, Version=3.40.0.0, Culture=neutral, PublicKeyToken=fe44b4a6e7c933aa]][]
System.Collections.Generic.IEnumerable`1[[iCore.Common.Entities.EntityKey, iCore.Common.Entities, Version=3.40.0.0, Culture=neutral, PublicKeyToken=fe44b4a6e7c933aa]]
iCore.Common.Entities.ISetting
iCore.Common.Entities.ISetting
iCore.Common.Entities.ILazyLoadedEntity`1[[iCore.Common.Entities.ISettingIdentity, iCore.Common.Entities, Version=3.40.0.0, Culture=neutral, PublicKeyToken=fe44b4a6e7c933aa]]
iCore.Common.Entities.ISettingIdentity
iCore.Common.Entities.ILazyLoadedEntity`1[[iCore.Common.Entities.ISettingIdentity, iCore.Common.Entities, Version=3.40.0.0, Culture=neutral, PublicKeyToken=fe44b4a6e7c933aa]][]
iCore.Common.Entities.ILazyLoadedEntity`1[[iCore.Common.Entities.ISettingAttributeGroupInstance, iCore.Common.Entities, Version=3.40.0.0, Culture=neutral, PublicKeyToken=fe44b4a6e7c933aa]]
iCore.Common.Entities.ISettingAttributeGroupInstance
iCore.Common.Entities.ILazyLoadedEntity`1[[iCore.Common.Entities.ISettingAttributeValue, iCore.Common.Entities, Version=3.40.0.0, Culture=neutral, PublicKeyToken=fe44b4a6e7c933aa]]
iCore.Common.Entities.ILazyLoadedEntity`1[[iCore.Common.Entities.ISettingAttributeValue, iCore.Common.Entities, Version=3.40.0.0, Culture=neutral, PublicKeyToken=fe44b4a6e7c933aa]][]
iCore.Common.Entities.ISetting
iCore.Common.Entities.ILazyLoadedEntity`1[[iCore.Common.Entities.ISettingAttributeGroupType, iCore.Common.Entities, Version=3.40.0.0, Culture=neutral, PublicKeyToken=fe44b4a6e7c933aa]]
iCore.Common.Entities.ILazyLoadedEntity`1[[iCore.Common.Entities.ISettingAttributeGroupInstance, iCore.Common.Entities, Version=3.40.0.0, Culture=neutral, PublicKeyToken=fe44b4a6e7c933aa]][]
System.String
iCore.SAS.Administration.ILazySubEntity`1[[iCore.Common.Entities.ISettingAttributeGroupInstance, iCore.Common.Entities, Version=3.40.0.0, Culture=neutral, PublicKeyToken=fe44b4a6e7c933aa]]
System.Collections.Generic.IEnumerable`1[[iCore.Common.Entities.EntityKey, iCore.Common.Entities, Version=3.40.0.0, Culture=neutral, PublicKeyToken=fe44b4a6e7c933aa]]
iCore.Common.Entities.ISettingAttributeValue
iCore.Common.Entities.ISetting
iCore.SAS.Administration.ILazySubEntity`1[[iCore.Common.Entities.ISettingAttributeGroupInstance, iCore.Common.Entities, Version=3.40.0.0, Culture=neutral, PublicKeyToken=fe44b4a6e7c933aa]]
iCore.SAS.Administration.ILazySubEntity`1[[iCore.Common.Entities.ISettingAttributeValue, iCore.Common.Entities, Version=3.40.0.0, Culture=neutral, PublicKeyToken=fe44b4a6e7c933aa]]
iCore.Common.Entities.IWebServiceDefinition
iCore.Common.Entities.IWebServiceDefinition
iCore.Common.Entities.ILazyKeyedCollection`2[[System.String, mscorlib, Version=4.0.0.0, Culture=neutral, PublicKeyToken=b77a5c561934e089],[iCore.Common.Entities.WebServiceActivityTypeInfo, iCore.Common.Entities, Version=3.40.0.0, Culture=neutral, PublicKeyToken=fe44b4a6e7c933aa]]
iCore.Common.Entities.WebServiceActivityTypeInfo
iCore.Common.Entities.ILazyKeyedCollection`2[[System.String, mscorlib, Version=4.0.0.0, Culture=neutral, PublicKeyToken=b77a5c561934e089],[iCore.Common.Entities.CategorizedNamedItem, iCore.Common.Entities, Version=3.40.0.0, Culture=neutral, PublicKeyToken=fe44b4a6e7c933aa]]
iCore.Common.Entities.CategorizedNamedItem
iCore.Common.Entities.ILazyKeyedCollection`2[[System.String, mscorlib, Version=4.0.0.0, Culture=neutral, PublicKeyToken=b77a5c561934e089],[iCore.Common.Entities.WebServiceAssemblyInfo, iCore.Common.Entities, Version=3.40.0.0, Culture=neutral, PublicKeyToken=fe44b4a6e7c933aa]]
iCore.Common.Entities.WebServiceAssemblyInfo
iCore.Common.Entities.ILazyKeyedCollection`2[[System.String, mscorlib, Version=4.0.0.0, Culture=neutral, PublicKeyToken=b77a5c561934e089],[iCore.Common.Entities.WebServiceSchemaInfo, iCore.Common.Entities, Version=3.40.0.0, Culture=neutral, PublicKeyToken=fe44b4a6e7c933aa]]
iCore.Common.Entities.WebServiceSchemaInfo
iCore.Common.Entities.SchemaType[]
iCore.Common.Entities.SchemaType
System.Uri
System.Version
iCore.Common.Entities.WebServiceGenerationOptions
iCore.Common.Entities.ICrossReferenceTable
iCore.Common.Entities.ICrossReferenceTable
iCore.Common.Entities.ILazyLoadedEntity`1[[iCore.Common.Entities.ICrossReferenceEntry, iCore.Common.Entities, Version=3.40.0.0, Culture=neutral, PublicKeyToken=fe44b4a6e7c933aa]]
iCore.Common.Entities.ICrossReferenceEntry
iCore.Common.Entities.ICrossReferenceTable
iCore.SAS.Administration.ILazySubEntity`1[[iCore.Common.Entities.ICrossReferenceEntry, iCore.Common.Entities, Version=3.40.0.0, Culture=neutral, PublicKeyToken=fe44b4a6e7c933aa]]
iCore.Common.Entities.ILazyLoadedEntity`1[[iCore.Common.Entities.ICrossReferenceEntry, iCore.Common.Entities, Version=3.40.0.0, Culture=neutral, PublicKeyToken=fe44b4a6e7c933aa]][]
System.Collections.Generic.IEnumerable`1[[iCore.Common.Entities.EntityKey, iCore.Common.Entities, Version=3.40.0.0, Culture=neutral, PublicKeyToken=fe44b4a6e7c933aa]]
iCore.Common.Entities.ICounter
iCore.Common.Entities.ICounter
iCore.Common.Entities.CounterCheckType
iCore.Common.Entities.AppendDateTimePosition
iCore.Common.Entities.IEntityFilter
iCore.Common.Entities.IEntityFilter
iCore.Common.Entities.ICompositeEntity
iCore.Common.Entities.CorrelatedActive
iCore.Common.IconEntity
iCore.Common.Entities.IServer
iCore.Common.Entities.ISystemQueue
iCore.Management.Monitoring.FailoverServerPartState
iCore.Public.Types.ServerPartType
iCore.Management.Monitoring.ServerPartStatus
System.Nullable`1[[System.Int64, mscorlib, Version=4.0.0.0, Culture=neutral, PublicKeyToken=b77a5c561934e089]]
iCore.Management.Monitoring.EventListenerState
iCore.Management.Monitoring.EventListenerStatistics
iCore.Management.Monitoring.TimeOfLastOperationTrackingStatisticsCounter
iCore.Management.Monitoring.EventProcessorState
iCore.Management.Monitoring.EventProcessorStatistics
iCore.Management.Monitoring.JobManagerState
iCore.Management.Monitoring.JobManagerStatistics
iCore.Management.Monitoring.StatisticsCounter
iCore.Management.Monitoring.EventGeneratorState+TimerDetails
iCore.Management.Monitoring.TimerType
iCore.Management.Monitoring.EventGeneratorState
iCore.Management.Monitoring.EventGeneratorState+TimerDetails[]
iCore.Management.Monitoring.DetailedServerPartState
iCore.SAS.Administration.Models.ServerStatusModel
iCore.SAS.Administration.Models.ServerPartDataModel
iCore.SAS.Administration.Models.ServerPartDataModel[]
iCore.Management.Monitoring.ServiceStatus
iCore.Management.Monitoring.SystemEventProcessorState
iCore.Management.Monitoring.SystemEventProcessorStatistics
iCore.Management.Monitoring.WorkerHostProcessBaseInfo
System.Int64[]
iCore.Management.Monitoring.WorkerHostProcessBaseInfo[]
iCore.Management.Monitoring.SystemMonitorServerConnectionInfo
iCore.Management.Monitoring.ServerConnectionStatus
iCore.Management.Monitoring.SystemMonitorServerInfo
iCore.Management.Monitoring.SystemMonitorServerPartInfo[]
iCore.Management.Monitoring.SystemMonitorServerPartInfo
iCore.Management.Monitoring.WorkerHostProcessInfo
iCore.Management.Monitoring.WorkerHostStatistics
iCore.SAS.Administration.Models.SystemMonitorDataModel
iCore.SAS.Administration.Models.ServerStatusModel[]
iCore.SAS.Administration.Models.ServerPartDataModel
iCore.SAS.Administration.Models.SystemEventProcessorDataModel
iCore.SAS.Administration.Models.SystemEventProcessDataModel
iCore.SAS.Administration.Models.SystemEventProcessDataModel[]
iCore.SAS.Administration.Models.WorkerHostManagerDataModel
iCore.SAS.Administration.Models.WorkerHostManagerProcessDataModel
System.Double
iCore.SAS.Administration.Models.WorkerHostManagerProcessDataModel[]
iCore.SAS.Administration.Models.WorkerHostManagerJobDataModel
iCore.SAS.Administration.Models.WorkerHostManagerJobDataModel[]
iCore.SAS.Administration.Models.EventGeneratorDataModel
iCore.SAS.Administration.Models.TimerDetailsDataModel
iCore.SAS.Administration.Models.TimerDetailsDataModel[]
iCore.SAS.Administration.Models.ServerMonitorDataModel
iCore.SAS.Administration.Models.SerializableServerDataModel
iCore.SAS.Administration.Models.SerializableServerDataModel[]
iCore.SAS.Administration.Models.EventListenerDataModel
iCore.SAS.Administration.Models.JobManagerDataModel
iCore.SAS.Administration.Models.EventProcessorDataModel
System.Char
System.Guid
System.String
System.Boolean
System.Collections.Generic.IEnumerable`1[[iCore.Common.Entities.EntityKey, iCore.Common.Entities, Version=3.40.0.0, Culture=neutral, PublicKeyToken=fe44b4a6e7c933aa]]
UnitTests_SAS.FakeTypeWithProgressReportingCommandProvider</StdOut>
      </Output>
    </UnitTestResult>
    <UnitTestResult executionId="3c13d9c5-2e17-4bcc-92b9-557ddaa016b7" testId="05061250-39a5-1fb9-8243-a4ca08fa3dd4" testName="ExecuteCommand_ProgressReportingDuringCommandExecution_ExpectedProgressStatusesIsReceived" computerName="ICSWS068" duration="00:00:00.2379178" startTime="2016-08-04T09:59:28.1992190+02:00" endTime="2016-08-04T09:59:28.4386595+02:00" testType="13cdc9d9-ddb5-4fa4-a97d-d965ccfc6d4b" outcome="Passed" testListId="8c84fa94-04c1-424b-9868-57a2d4851a1d" relativeResultsDirectory="3c13d9c5-2e17-4bcc-92b9-557ddaa016b7">
      <Output>
        <StdOut>Debug Trace:
iCore.Common.Entities.IEntity
iCore.Common.Entities.EntityKey
iCore.Common.Entities.EntityTypeId
iCore.Common.Entities.IComponentDefinition
System.String
System.DateTime
iCore.Common.Entities.IEventHistory
iCore.Common.Entities.ILazyLoadedEntity`1[[iCore.Common.Entities.IJob, iCore.Common.Entities, Version=3.40.0.0, Culture=neutral, PublicKeyToken=fe44b4a6e7c933aa]]
iCore.Common.Entities.IJob
iCore.Common.Entities.EntityKey
iCore.Common.Entities.EArgument
System.Boolean
System.Int64
iCore.Common.Entities.EventState
iCore.Common.Entities.EventReason
iCore.Common.Entities.EArgument[]
iCore.Common.Entities.ILazyLoadedEntity`1[[iCore.Common.Entities.IComponentConfiguration, iCore.Common.Entities, Version=3.40.0.0, Culture=neutral, PublicKeyToken=fe44b4a6e7c933aa]]
iCore.Common.Entities.IComponentConfiguration
iCore.Common.Entities.ILazyLoadedEntity`1[[iCore.Common.Entities.ICategoryMembership, iCore.Common.Entities, Version=3.40.0.0, Culture=neutral, PublicKeyToken=fe44b4a6e7c933aa]][]
iCore.Common.Entities.ILazyLoadedEntity`1[[iCore.Common.Entities.ICategoryMembership, iCore.Common.Entities, Version=3.40.0.0, Culture=neutral, PublicKeyToken=fe44b4a6e7c933aa]]
iCore.Common.Entities.ICategoryMembership
iCore.Common.Entities.ICategory
iCore.Common.Entities.ICategory
iCore.Common.Entities.ILazyLoadedEntity`1[[iCore.Common.Entities.ICategory, iCore.Common.Entities, Version=3.40.0.0, Culture=neutral, PublicKeyToken=fe44b4a6e7c933aa]]
System.Nullable`1[[System.Guid, mscorlib, Version=4.0.0.0, Culture=neutral, PublicKeyToken=b77a5c561934e089]]
System.TimeSpan
System.Guid
iCore.Common.Entities.IComponentConfiguration
iCore.Common.Entities.ILazyLoadedEntity`1[[iCore.Common.Entities.IApplicationPool, iCore.Common.Entities, Version=3.40.0.0, Culture=neutral, PublicKeyToken=fe44b4a6e7c933aa]]
iCore.Common.Entities.IApplicationPool
iCore.Common.Entities.IApplicationPool
iCore.Common.Entities.ILazyLoadedEntity`1[[iCore.Common.Entities.IServer, iCore.Common.Entities, Version=3.40.0.0, Culture=neutral, PublicKeyToken=fe44b4a6e7c933aa]]
iCore.Common.Entities.IServer
iCore.Common.Entities.ServerStartupSpecialTask
System.Nullable`1[[System.UInt16, mscorlib, Version=4.0.0.0, Culture=neutral, PublicKeyToken=b77a5c561934e089]]
System.UInt16
System.Int16
iCore.Common.Entities.IUser
iCore.Common.Entities.IUserGroup
iCore.Common.Entities.UserDisplayOptions
iCore.Common.Entities.MainTreeDisplayOptions
iCore.Common.Entities.NodeContent
iCore.Common.Entities.ILazyLoadedEntity`1[[iCore.Common.Entities.IUserGroup, iCore.Common.Entities, Version=3.40.0.0, Culture=neutral, PublicKeyToken=fe44b4a6e7c933aa]]
iCore.Common.Entities.ViewMode
iCore.Common.Entities.ILazyLoadedEntity`1[[iCore.Common.Entities.IUser, iCore.Common.Entities, Version=3.40.0.0, Culture=neutral, PublicKeyToken=fe44b4a6e7c933aa]]
iCore.Common.Entities.ILazyLoadedEntity`1[[iCore.Common.Entities.IApplicationPoolImplementation, iCore.Common.Entities, Version=3.40.0.0, Culture=neutral, PublicKeyToken=fe44b4a6e7c933aa]][]
iCore.Common.Entities.ILazyLoadedEntity`1[[iCore.Common.Entities.IApplicationPoolImplementation, iCore.Common.Entities, Version=3.40.0.0, Culture=neutral, PublicKeyToken=fe44b4a6e7c933aa]]
iCore.Common.Entities.IApplicationPoolImplementation
iCore.SAS.Administration.ILazySubEntity`1[[iCore.Common.Entities.IApplicationPoolImplementation, iCore.Common.Entities, Version=3.40.0.0, Culture=neutral, PublicKeyToken=fe44b4a6e7c933aa]]
iCore.Common.Entities.IServer
iCore.Common.Entities.ILazyLoadedEntity`1[[iCore.Common.Entities.INode, iCore.Common.Entities, Version=3.40.0.0, Culture=neutral, PublicKeyToken=fe44b4a6e7c933aa]]
iCore.Common.Entities.INode
iCore.Common.Entities.INode
System.String
iCore.Common.Entities.ILazyLoadedEntity`1[[iCore.Common.Entities.INodeAttributeValue, iCore.Common.Entities, Version=3.40.0.0, Culture=neutral, PublicKeyToken=fe44b4a6e7c933aa]][]
iCore.Common.Entities.ILazyLoadedEntity`1[[iCore.Common.Entities.INodeAttributeValue, iCore.Common.Entities, Version=3.40.0.0, Culture=neutral, PublicKeyToken=fe44b4a6e7c933aa]]
iCore.Common.Entities.INodeAttributeValue
iCore.SAS.Administration.ILazySubEntity`1[[iCore.Common.Entities.INodeAttributeValue, iCore.Common.Entities, Version=3.40.0.0, Culture=neutral, PublicKeyToken=fe44b4a6e7c933aa]]
System.Object
iCore.Public.Types.ScriptVarType
iCore.Common.Entities.INodeAttributeType
iCore.Common.Entities.INodeAttributeType
iCore.Common.Entities.INode
iCore.Common.Entities.ILazyLoadedEntity`1[[iCore.Common.Entities.INodeAttributeType, iCore.Common.Entities, Version=3.40.0.0, Culture=neutral, PublicKeyToken=fe44b4a6e7c933aa]]
iCore.Common.Entities.IPartner
System.String
iCore.Common.Entities.IEntityImage
iCore.Common.Entities.SizedEntityImage[]
iCore.Common.Entities.SizedEntityImage
System.Drawing.Size
iCore.Common.Entities.ILazyLoadedEntity`1[[iCore.Common.Entities.IPartnerAttributeGroupInstance, iCore.Common.Entities, Version=3.40.0.0, Culture=neutral, PublicKeyToken=fe44b4a6e7c933aa]][]
iCore.Common.Entities.ILazyLoadedEntity`1[[iCore.Common.Entities.IPartnerAttributeGroupInstance, iCore.Common.Entities, Version=3.40.0.0, Culture=neutral, PublicKeyToken=fe44b4a6e7c933aa]]
iCore.Common.Entities.IPartnerAttributeGroupInstance
iCore.Common.Entities.IPartnerAttributeGroupType
iCore.Common.Entities.IPartnerAttributeGroupType
iCore.Common.Entities.ILazyLoadedEntity`1[[iCore.Common.Entities.IPartnerAttributeValue, iCore.Common.Entities, Version=3.40.0.0, Culture=neutral, PublicKeyToken=fe44b4a6e7c933aa]]
iCore.Common.Entities.IPartnerAttributeValue
iCore.SAS.Administration.ILazySubEntity`1[[iCore.Common.Entities.IPartnerAttributeValue, iCore.Common.Entities, Version=3.40.0.0, Culture=neutral, PublicKeyToken=fe44b4a6e7c933aa]]
iCore.Common.Entities.ILazyLoadedEntity`1[[iCore.Common.Entities.IPartnerAttributeValue, iCore.Common.Entities, Version=3.40.0.0, Culture=neutral, PublicKeyToken=fe44b4a6e7c933aa]][]
iCore.SAS.Administration.ILazySubEntity`1[[iCore.Common.Entities.IPartnerAttributeGroupInstance, iCore.Common.Entities, Version=3.40.0.0, Culture=neutral, PublicKeyToken=fe44b4a6e7c933aa]]
iCore.Common.Entities.ILazyLoadedEntity`1[[iCore.Common.Entities.IPartnerAttributeGroupType, iCore.Common.Entities, Version=3.40.0.0, Culture=neutral, PublicKeyToken=fe44b4a6e7c933aa]]
iCore.Common.Entities.ILazyLoadedEntity`1[[iCore.Common.Entities.IPartnerIdentity, iCore.Common.Entities, Version=3.40.0.0, Culture=neutral, PublicKeyToken=fe44b4a6e7c933aa]][]
iCore.Common.Entities.ILazyLoadedEntity`1[[iCore.Common.Entities.IPartnerIdentity, iCore.Common.Entities, Version=3.40.0.0, Culture=neutral, PublicKeyToken=fe44b4a6e7c933aa]]
iCore.Common.Entities.IPartnerIdentity
iCore.Common.Entities.IPartner
iCore.Common.Entities.ILazyLoadedEntity`1[[iCore.Common.Entities.IPartner, iCore.Common.Entities, Version=3.40.0.0, Culture=neutral, PublicKeyToken=fe44b4a6e7c933aa]]
iCore.Common.Entities.INodeTypeVersion
iCore.Common.Entities.INodeTypeVersion
iCore.Common.Entities.INodeType
iCore.Common.Entities.INodeTypeStyleSheet
iCore.Common.Entities.INodeType
iCore.Common.Entities.ILazyLoadedEntity`1[[iCore.Common.Entities.INodeTypeVersion, iCore.Common.Entities, Version=3.40.0.0, Culture=neutral, PublicKeyToken=fe44b4a6e7c933aa]]
iCore.Common.Entities.IEventType
iCore.Common.Entities.SelectionRule
iCore.Common.Entities.EventTypes
iCore.Common.Entities.EventTrackingCleanupRole
iCore.Common.Entities.IEventType
iCore.Common.Entities.ILazyLoadedEntity`1[[iCore.Common.Entities.INodeType, iCore.Common.Entities, Version=3.40.0.0, Culture=neutral, PublicKeyToken=fe44b4a6e7c933aa]]
iCore.Common.Entities.ILazyLoadedEntity`1[[iCore.Common.Entities.IEvent, iCore.Common.Entities, Version=3.40.0.0, Culture=neutral, PublicKeyToken=fe44b4a6e7c933aa]]
iCore.Common.Entities.IEvent
iCore.Common.Entities.MatchedStatus
iCore.Common.Entities.EventSourceType
iCore.Common.Entities.ILazyLoadedEntity`1[[iCore.Common.Entities.IEventType, iCore.Common.Entities, Version=3.40.0.0, Culture=neutral, PublicKeyToken=fe44b4a6e7c933aa]]
iCore.Common.Entities.ILazyLoadedEntity`1[[iCore.Common.Entities.IEventHandler, iCore.Common.Entities, Version=3.40.0.0, Culture=neutral, PublicKeyToken=fe44b4a6e7c933aa]]
iCore.Common.Entities.IEventHandler
iCore.Common.Entities.EventHandlerStatus
iCore.Common.Entities.IEventHandler
iCore.Common.Entities.ILazyLoadedEntity`1[[iCore.Common.Entities.IComponentDefinition, iCore.Common.Entities, Version=3.40.0.0, Culture=neutral, PublicKeyToken=fe44b4a6e7c933aa]]
System.Nullable`1[[System.DateTime, mscorlib, Version=4.0.0.0, Culture=neutral, PublicKeyToken=b77a5c561934e089]]
iCore.Common.Entities.JobState
iCore.Common.Entities.JobHistoryReason
iCore.Common.Entities.JobType
System.Byte
System.Int32
iCore.Public.Types.JobLifetime
iCore.Common.Entities.EntityKey[]
System.Collections.Generic.IEnumerable`1[[iCore.Common.Entities.EntityKey, iCore.Common.Entities, Version=3.40.0.0, Culture=neutral, PublicKeyToken=fe44b4a6e7c933aa]]
iCore.Common.Entities.ILazyLoadedEntity`1[[iCore.Common.Entities.IPartnerAttributeType, iCore.Common.Entities, Version=3.40.0.0, Culture=neutral, PublicKeyToken=fe44b4a6e7c933aa]]
iCore.Common.Entities.IPartnerAttributeType
System.Collections.Generic.IEnumerable`1[[iCore.Common.Entities.EntityKey, iCore.Common.Entities, Version=3.40.0.0, Culture=neutral, PublicKeyToken=fe44b4a6e7c933aa]]
iCore.Common.Entities.IPartnerAttributeGroupType
iCore.SAS.Administration.ILazySubEntity`1[[iCore.Common.Entities.IPartnerAttributeType, iCore.Common.Entities, Version=3.40.0.0, Culture=neutral, PublicKeyToken=fe44b4a6e7c933aa]]
iCore.Common.Entities.ILazyLoadedEntity`1[[iCore.Common.Entities.IPartnerAttributeType, iCore.Common.Entities, Version=3.40.0.0, Culture=neutral, PublicKeyToken=fe44b4a6e7c933aa]][]
iCore.Common.Entities.INode
iCore.Common.Entities.IEvent
iCore.Common.Entities.IJob
iCore.Common.Entities.ILogEntry
iCore.Public.Types.LogLevel
iCore.Common.LogMessageTypeID
iCore.Common.Entities.IWorkflow
System.Collections.Generic.IEnumerable`1[[iCore.Common.Entities.EntityKey, iCore.Common.Entities, Version=3.40.0.0, Culture=neutral, PublicKeyToken=fe44b4a6e7c933aa]]
iCore.Common.Entities.WorkflowClassification
iCore.Common.Entities.IWorkflow
iCore.Common.Entities.IAdapterFlow
iCore.Common.Entities.IAdapterFlow
iCore.Common.Types.LogLevelFilter
iCore.Common.Types.EntryPointNameValue
iCore.Common.Entities.IScript
iCore.Common.Entities.IScript
iCore.Common.Entities.ITimer
iCore.Common.Entities.ITimer
iCore.Common.Types.TimerFrequency
iCore.Common.Types.TimerInterval+TimerIntervalType
iCore.Common.Entities.ILazyLoadedEntity`1[[iCore.Common.Entities.ITimerEvent, iCore.Common.Entities, Version=3.40.0.0, Culture=neutral, PublicKeyToken=fe44b4a6e7c933aa]]
iCore.Common.Entities.ITimerEvent
iCore.Common.Entities.ITimer
iCore.SAS.Administration.ILazySubEntity`1[[iCore.Common.Entities.ITimerEvent, iCore.Common.Entities, Version=3.40.0.0, Culture=neutral, PublicKeyToken=fe44b4a6e7c933aa]]
iCore.Common.Entities.TimerEventPriority
iCore.Common.Entities.ILazyLoadedEntity`1[[iCore.Common.Entities.ITimerEvent, iCore.Common.Entities, Version=3.40.0.0, Culture=neutral, PublicKeyToken=fe44b4a6e7c933aa]][]
System.Int32[]
iCore.SAS.Interfaces.WeekDay
iCore.SAS.Interfaces.WeekDay[]
System.Collections.Generic.IEnumerable`1[[iCore.Common.Entities.EntityKey, iCore.Common.Entities, Version=3.40.0.0, Culture=neutral, PublicKeyToken=fe44b4a6e7c933aa]]
iCore.Common.Entities.ISettingAttributeGroupType
iCore.Common.Entities.ISettingAttributeGroupType
iCore.Common.Entities.ILazyLoadedEntity`1[[iCore.Common.Entities.ISettingAttributeType, iCore.Common.Entities, Version=3.40.0.0, Culture=neutral, PublicKeyToken=fe44b4a6e7c933aa]]
iCore.Common.Entities.ISettingAttributeType
iCore.Common.Entities.ISettingAttributeGroupType
iCore.SAS.Administration.ILazySubEntity`1[[iCore.Common.Entities.ISettingAttributeType, iCore.Common.Entities, Version=3.40.0.0, Culture=neutral, PublicKeyToken=fe44b4a6e7c933aa]]
iCore.Common.Entities.ILazyLoadedEntity`1[[iCore.Common.Entities.ISettingAttributeType, iCore.Common.Entities, Version=3.40.0.0, Culture=neutral, PublicKeyToken=fe44b4a6e7c933aa]][]
System.Collections.Generic.IEnumerable`1[[iCore.Common.Entities.EntityKey, iCore.Common.Entities, Version=3.40.0.0, Culture=neutral, PublicKeyToken=fe44b4a6e7c933aa]]
iCore.Common.Entities.ISetting
iCore.Common.Entities.ISetting
iCore.Common.Entities.ILazyLoadedEntity`1[[iCore.Common.Entities.ISettingIdentity, iCore.Common.Entities, Version=3.40.0.0, Culture=neutral, PublicKeyToken=fe44b4a6e7c933aa]]
iCore.Common.Entities.ISettingIdentity
iCore.Common.Entities.ILazyLoadedEntity`1[[iCore.Common.Entities.ISettingIdentity, iCore.Common.Entities, Version=3.40.0.0, Culture=neutral, PublicKeyToken=fe44b4a6e7c933aa]][]
iCore.Common.Entities.ILazyLoadedEntity`1[[iCore.Common.Entities.ISettingAttributeGroupInstance, iCore.Common.Entities, Version=3.40.0.0, Culture=neutral, PublicKeyToken=fe44b4a6e7c933aa]]
iCore.Common.Entities.ISettingAttributeGroupInstance
iCore.Common.Entities.ILazyLoadedEntity`1[[iCore.Common.Entities.ISettingAttributeValue, iCore.Common.Entities, Version=3.40.0.0, Culture=neutral, PublicKeyToken=fe44b4a6e7c933aa]]
iCore.Common.Entities.ILazyLoadedEntity`1[[iCore.Common.Entities.ISettingAttributeValue, iCore.Common.Entities, Version=3.40.0.0, Culture=neutral, PublicKeyToken=fe44b4a6e7c933aa]][]
iCore.Common.Entities.ISetting
iCore.Common.Entities.ILazyLoadedEntity`1[[iCore.Common.Entities.ISettingAttributeGroupType, iCore.Common.Entities, Version=3.40.0.0, Culture=neutral, PublicKeyToken=fe44b4a6e7c933aa]]
iCore.Common.Entities.ILazyLoadedEntity`1[[iCore.Common.Entities.ISettingAttributeGroupInstance, iCore.Common.Entities, Version=3.40.0.0, Culture=neutral, PublicKeyToken=fe44b4a6e7c933aa]][]
System.String
iCore.SAS.Administration.ILazySubEntity`1[[iCore.Common.Entities.ISettingAttributeGroupInstance, iCore.Common.Entities, Version=3.40.0.0, Culture=neutral, PublicKeyToken=fe44b4a6e7c933aa]]
System.Collections.Generic.IEnumerable`1[[iCore.Common.Entities.EntityKey, iCore.Common.Entities, Version=3.40.0.0, Culture=neutral, PublicKeyToken=fe44b4a6e7c933aa]]
iCore.Common.Entities.ISettingAttributeValue
iCore.Common.Entities.ISetting
iCore.SAS.Administration.ILazySubEntity`1[[iCore.Common.Entities.ISettingAttributeGroupInstance, iCore.Common.Entities, Version=3.40.0.0, Culture=neutral, PublicKeyToken=fe44b4a6e7c933aa]]
iCore.SAS.Administration.ILazySubEntity`1[[iCore.Common.Entities.ISettingAttributeValue, iCore.Common.Entities, Version=3.40.0.0, Culture=neutral, PublicKeyToken=fe44b4a6e7c933aa]]
iCore.Common.Entities.IWebServiceDefinition
iCore.Common.Entities.IWebServiceDefinition
iCore.Common.Entities.ILazyKeyedCollection`2[[System.String, mscorlib, Version=4.0.0.0, Culture=neutral, PublicKeyToken=b77a5c561934e089],[iCore.Common.Entities.WebServiceActivityTypeInfo, iCore.Common.Entities, Version=3.40.0.0, Culture=neutral, PublicKeyToken=fe44b4a6e7c933aa]]
iCore.Common.Entities.WebServiceActivityTypeInfo
iCore.Common.Entities.ILazyKeyedCollection`2[[System.String, mscorlib, Version=4.0.0.0, Culture=neutral, PublicKeyToken=b77a5c561934e089],[iCore.Common.Entities.CategorizedNamedItem, iCore.Common.Entities, Version=3.40.0.0, Culture=neutral, PublicKeyToken=fe44b4a6e7c933aa]]
iCore.Common.Entities.CategorizedNamedItem
iCore.Common.Entities.ILazyKeyedCollection`2[[System.String, mscorlib, Version=4.0.0.0, Culture=neutral, PublicKeyToken=b77a5c561934e089],[iCore.Common.Entities.WebServiceAssemblyInfo, iCore.Common.Entities, Version=3.40.0.0, Culture=neutral, PublicKeyToken=fe44b4a6e7c933aa]]
iCore.Common.Entities.WebServiceAssemblyInfo
iCore.Common.Entities.ILazyKeyedCollection`2[[System.String, mscorlib, Version=4.0.0.0, Culture=neutral, PublicKeyToken=b77a5c561934e089],[iCore.Common.Entities.WebServiceSchemaInfo, iCore.Common.Entities, Version=3.40.0.0, Culture=neutral, PublicKeyToken=fe44b4a6e7c933aa]]
iCore.Common.Entities.WebServiceSchemaInfo
iCore.Common.Entities.SchemaType[]
iCore.Common.Entities.SchemaType
System.Uri
System.Version
iCore.Common.Entities.WebServiceGenerationOptions
iCore.Common.Entities.ICrossReferenceTable
iCore.Common.Entities.ICrossReferenceTable
iCore.Common.Entities.ILazyLoadedEntity`1[[iCore.Common.Entities.ICrossReferenceEntry, iCore.Common.Entities, Version=3.40.0.0, Culture=neutral, PublicKeyToken=fe44b4a6e7c933aa]]
iCore.Common.Entities.ICrossReferenceEntry
iCore.Common.Entities.ICrossReferenceTable
iCore.SAS.Administration.ILazySubEntity`1[[iCore.Common.Entities.ICrossReferenceEntry, iCore.Common.Entities, Version=3.40.0.0, Culture=neutral, PublicKeyToken=fe44b4a6e7c933aa]]
iCore.Common.Entities.ILazyLoadedEntity`1[[iCore.Common.Entities.ICrossReferenceEntry, iCore.Common.Entities, Version=3.40.0.0, Culture=neutral, PublicKeyToken=fe44b4a6e7c933aa]][]
System.Collections.Generic.IEnumerable`1[[iCore.Common.Entities.EntityKey, iCore.Common.Entities, Version=3.40.0.0, Culture=neutral, PublicKeyToken=fe44b4a6e7c933aa]]
iCore.Common.Entities.ICounter
iCore.Common.Entities.ICounter
iCore.Common.Entities.CounterCheckType
iCore.Common.Entities.AppendDateTimePosition
iCore.Common.Entities.IEntityFilter
iCore.Common.Entities.IEntityFilter
iCore.Common.Entities.ICompositeEntity
iCore.Common.Entities.CorrelatedActive
iCore.Common.IconEntity
iCore.Common.Entities.IServer
iCore.Common.Entities.ISystemQueue
iCore.Management.Monitoring.FailoverServerPartState
iCore.Public.Types.ServerPartType
iCore.Management.Monitoring.ServerPartStatus
System.Nullable`1[[System.Int64, mscorlib, Version=4.0.0.0, Culture=neutral, PublicKeyToken=b77a5c561934e089]]
iCore.Management.Monitoring.EventListenerState
iCore.Management.Monitoring.EventListenerStatistics
iCore.Management.Monitoring.TimeOfLastOperationTrackingStatisticsCounter
iCore.Management.Monitoring.EventProcessorState
iCore.Management.Monitoring.EventProcessorStatistics
iCore.Management.Monitoring.JobManagerState
iCore.Management.Monitoring.JobManagerStatistics
iCore.Management.Monitoring.StatisticsCounter
iCore.Management.Monitoring.EventGeneratorState+TimerDetails
iCore.Management.Monitoring.TimerType
iCore.Management.Monitoring.EventGeneratorState
iCore.Management.Monitoring.EventGeneratorState+TimerDetails[]
iCore.Management.Monitoring.DetailedServerPartState
iCore.SAS.Administration.Models.ServerStatusModel
iCore.SAS.Administration.Models.ServerPartDataModel
iCore.SAS.Administration.Models.ServerPartDataModel[]
iCore.Management.Monitoring.ServiceStatus
iCore.Management.Monitoring.SystemEventProcessorState
iCore.Management.Monitoring.SystemEventProcessorStatistics
iCore.Management.Monitoring.WorkerHostProcessBaseInfo
System.Int64[]
iCore.Management.Monitoring.WorkerHostProcessBaseInfo[]
iCore.Management.Monitoring.SystemMonitorServerConnectionInfo
iCore.Management.Monitoring.ServerConnectionStatus
iCore.Management.Monitoring.SystemMonitorServerInfo
iCore.Management.Monitoring.SystemMonitorServerPartInfo[]
iCore.Management.Monitoring.SystemMonitorServerPartInfo
iCore.Management.Monitoring.WorkerHostProcessInfo
iCore.Management.Monitoring.WorkerHostStatistics
iCore.SAS.Administration.Models.SystemMonitorDataModel
iCore.SAS.Administration.Models.ServerStatusModel[]
iCore.SAS.Administration.Models.ServerPartDataModel
iCore.SAS.Administration.Models.SystemEventProcessorDataModel
iCore.SAS.Administration.Models.SystemEventProcessDataModel
iCore.SAS.Administration.Models.SystemEventProcessDataModel[]
iCore.SAS.Administration.Models.WorkerHostManagerDataModel
iCore.SAS.Administration.Models.WorkerHostManagerProcessDataModel
System.Double
iCore.SAS.Administration.Models.WorkerHostManagerProcessDataModel[]
iCore.SAS.Administration.Models.WorkerHostManagerJobDataModel
iCore.SAS.Administration.Models.WorkerHostManagerJobDataModel[]
iCore.SAS.Administration.Models.EventGeneratorDataModel
iCore.SAS.Administration.Models.TimerDetailsDataModel
iCore.SAS.Administration.Models.TimerDetailsDataModel[]
iCore.SAS.Administration.Models.ServerMonitorDataModel
iCore.SAS.Administration.Models.SerializableServerDataModel
iCore.SAS.Administration.Models.SerializableServerDataModel[]
iCore.SAS.Administration.Models.EventListenerDataModel
iCore.SAS.Administration.Models.JobManagerDataModel
iCore.SAS.Administration.Models.EventProcessorDataModel
System.Char
System.Guid
System.String
System.Boolean
System.Collections.Generic.IEnumerable`1[[iCore.Common.Entities.EntityKey, iCore.Common.Entities, Version=3.40.0.0, Culture=neutral, PublicKeyToken=fe44b4a6e7c933aa]]
UnitTests_SAS.FakeTypeWithProgressReportingCommandProvider</StdOut>
      </Output>
    </UnitTestResult>
    <UnitTestResult executionId="f9666c38-268b-48fd-a5ea-38aa64672b8c" testId="04252baf-1cb9-bcbd-5507-7274a0fe1f6d" testName="ExecuteCommand_ProgressReportingWithMessageConfirmationDuringCommandExecution" computerName="ICSWS068" duration="00:00:00.2891949" startTime="2016-08-04T09:59:28.4426454+02:00" endTime="2016-08-04T09:59:28.7333551+02:00" testType="13cdc9d9-ddb5-4fa4-a97d-d965ccfc6d4b" outcome="Passed" testListId="8c84fa94-04c1-424b-9868-57a2d4851a1d" relativeResultsDirectory="f9666c38-268b-48fd-a5ea-38aa64672b8c">
      <Output>
        <StdOut>Debug Trace:
iCore.Common.Entities.IEntity
iCore.Common.Entities.EntityKey
iCore.Common.Entities.EntityTypeId
iCore.Common.Entities.IComponentDefinition
System.String
System.DateTime
iCore.Common.Entities.IEventHistory
iCore.Common.Entities.ILazyLoadedEntity`1[[iCore.Common.Entities.IJob, iCore.Common.Entities, Version=3.40.0.0, Culture=neutral, PublicKeyToken=fe44b4a6e7c933aa]]
iCore.Common.Entities.IJob
iCore.Common.Entities.EntityKey
iCore.Common.Entities.EArgument
System.Boolean
System.Int64
iCore.Common.Entities.EventState
iCore.Common.Entities.EventReason
iCore.Common.Entities.EArgument[]
iCore.Common.Entities.ILazyLoadedEntity`1[[iCore.Common.Entities.IComponentConfiguration, iCore.Common.Entities, Version=3.40.0.0, Culture=neutral, PublicKeyToken=fe44b4a6e7c933aa]]
iCore.Common.Entities.IComponentConfiguration
iCore.Common.Entities.ILazyLoadedEntity`1[[iCore.Common.Entities.ICategoryMembership, iCore.Common.Entities, Version=3.40.0.0, Culture=neutral, PublicKeyToken=fe44b4a6e7c933aa]][]
iCore.Common.Entities.ILazyLoadedEntity`1[[iCore.Common.Entities.ICategoryMembership, iCore.Common.Entities, Version=3.40.0.0, Culture=neutral, PublicKeyToken=fe44b4a6e7c933aa]]
iCore.Common.Entities.ICategoryMembership
iCore.Common.Entities.ICategory
iCore.Common.Entities.ICategory
iCore.Common.Entities.ILazyLoadedEntity`1[[iCore.Common.Entities.ICategory, iCore.Common.Entities, Version=3.40.0.0, Culture=neutral, PublicKeyToken=fe44b4a6e7c933aa]]
System.Nullable`1[[System.Guid, mscorlib, Version=4.0.0.0, Culture=neutral, PublicKeyToken=b77a5c561934e089]]
System.TimeSpan
System.Guid
iCore.Common.Entities.IComponentConfiguration
iCore.Common.Entities.ILazyLoadedEntity`1[[iCore.Common.Entities.IApplicationPool, iCore.Common.Entities, Version=3.40.0.0, Culture=neutral, PublicKeyToken=fe44b4a6e7c933aa]]
iCore.Common.Entities.IApplicationPool
iCore.Common.Entities.IApplicationPool
iCore.Common.Entities.ILazyLoadedEntity`1[[iCore.Common.Entities.IServer, iCore.Common.Entities, Version=3.40.0.0, Culture=neutral, PublicKeyToken=fe44b4a6e7c933aa]]
iCore.Common.Entities.IServer
iCore.Common.Entities.ServerStartupSpecialTask
System.Nullable`1[[System.UInt16, mscorlib, Version=4.0.0.0, Culture=neutral, PublicKeyToken=b77a5c561934e089]]
System.UInt16
System.Int16
iCore.Common.Entities.IUser
iCore.Common.Entities.IUserGroup
iCore.Common.Entities.UserDisplayOptions
iCore.Common.Entities.MainTreeDisplayOptions
iCore.Common.Entities.NodeContent
iCore.Common.Entities.ILazyLoadedEntity`1[[iCore.Common.Entities.IUserGroup, iCore.Common.Entities, Version=3.40.0.0, Culture=neutral, PublicKeyToken=fe44b4a6e7c933aa]]
iCore.Common.Entities.ViewMode
iCore.Common.Entities.ILazyLoadedEntity`1[[iCore.Common.Entities.IUser, iCore.Common.Entities, Version=3.40.0.0, Culture=neutral, PublicKeyToken=fe44b4a6e7c933aa]]
iCore.Common.Entities.ILazyLoadedEntity`1[[iCore.Common.Entities.IApplicationPoolImplementation, iCore.Common.Entities, Version=3.40.0.0, Culture=neutral, PublicKeyToken=fe44b4a6e7c933aa]][]
iCore.Common.Entities.ILazyLoadedEntity`1[[iCore.Common.Entities.IApplicationPoolImplementation, iCore.Common.Entities, Version=3.40.0.0, Culture=neutral, PublicKeyToken=fe44b4a6e7c933aa]]
iCore.Common.Entities.IApplicationPoolImplementation
iCore.SAS.Administration.ILazySubEntity`1[[iCore.Common.Entities.IApplicationPoolImplementation, iCore.Common.Entities, Version=3.40.0.0, Culture=neutral, PublicKeyToken=fe44b4a6e7c933aa]]
iCore.Common.Entities.IServer
iCore.Common.Entities.ILazyLoadedEntity`1[[iCore.Common.Entities.INode, iCore.Common.Entities, Version=3.40.0.0, Culture=neutral, PublicKeyToken=fe44b4a6e7c933aa]]
iCore.Common.Entities.INode
iCore.Common.Entities.INode
System.String
iCore.Common.Entities.ILazyLoadedEntity`1[[iCore.Common.Entities.INodeAttributeValue, iCore.Common.Entities, Version=3.40.0.0, Culture=neutral, PublicKeyToken=fe44b4a6e7c933aa]][]
iCore.Common.Entities.ILazyLoadedEntity`1[[iCore.Common.Entities.INodeAttributeValue, iCore.Common.Entities, Version=3.40.0.0, Culture=neutral, PublicKeyToken=fe44b4a6e7c933aa]]
iCore.Common.Entities.INodeAttributeValue
iCore.SAS.Administration.ILazySubEntity`1[[iCore.Common.Entities.INodeAttributeValue, iCore.Common.Entities, Version=3.40.0.0, Culture=neutral, PublicKeyToken=fe44b4a6e7c933aa]]
System.Object
iCore.Public.Types.ScriptVarType
iCore.Common.Entities.INodeAttributeType
iCore.Common.Entities.INodeAttributeType
iCore.Common.Entities.INode
iCore.Common.Entities.ILazyLoadedEntity`1[[iCore.Common.Entities.INodeAttributeType, iCore.Common.Entities, Version=3.40.0.0, Culture=neutral, PublicKeyToken=fe44b4a6e7c933aa]]
iCore.Common.Entities.IPartner
System.String
iCore.Common.Entities.IEntityImage
iCore.Common.Entities.SizedEntityImage[]
iCore.Common.Entities.SizedEntityImage
System.Drawing.Size
iCore.Common.Entities.ILazyLoadedEntity`1[[iCore.Common.Entities.IPartnerAttributeGroupInstance, iCore.Common.Entities, Version=3.40.0.0, Culture=neutral, PublicKeyToken=fe44b4a6e7c933aa]][]
iCore.Common.Entities.ILazyLoadedEntity`1[[iCore.Common.Entities.IPartnerAttributeGroupInstance, iCore.Common.Entities, Version=3.40.0.0, Culture=neutral, PublicKeyToken=fe44b4a6e7c933aa]]
iCore.Common.Entities.IPartnerAttributeGroupInstance
iCore.Common.Entities.IPartnerAttributeGroupType
iCore.Common.Entities.IPartnerAttributeGroupType
iCore.Common.Entities.ILazyLoadedEntity`1[[iCore.Common.Entities.IPartnerAttributeValue, iCore.Common.Entities, Version=3.40.0.0, Culture=neutral, PublicKeyToken=fe44b4a6e7c933aa]]
iCore.Common.Entities.IPartnerAttributeValue
iCore.SAS.Administration.ILazySubEntity`1[[iCore.Common.Entities.IPartnerAttributeValue, iCore.Common.Entities, Version=3.40.0.0, Culture=neutral, PublicKeyToken=fe44b4a6e7c933aa]]
iCore.Common.Entities.ILazyLoadedEntity`1[[iCore.Common.Entities.IPartnerAttributeValue, iCore.Common.Entities, Version=3.40.0.0, Culture=neutral, PublicKeyToken=fe44b4a6e7c933aa]][]
iCore.SAS.Administration.ILazySubEntity`1[[iCore.Common.Entities.IPartnerAttributeGroupInstance, iCore.Common.Entities, Version=3.40.0.0, Culture=neutral, PublicKeyToken=fe44b4a6e7c933aa]]
iCore.Common.Entities.ILazyLoadedEntity`1[[iCore.Common.Entities.IPartnerAttributeGroupType, iCore.Common.Entities, Version=3.40.0.0, Culture=neutral, PublicKeyToken=fe44b4a6e7c933aa]]
iCore.Common.Entities.ILazyLoadedEntity`1[[iCore.Common.Entities.IPartnerIdentity, iCore.Common.Entities, Version=3.40.0.0, Culture=neutral, PublicKeyToken=fe44b4a6e7c933aa]][]
iCore.Common.Entities.ILazyLoadedEntity`1[[iCore.Common.Entities.IPartnerIdentity, iCore.Common.Entities, Version=3.40.0.0, Culture=neutral, PublicKeyToken=fe44b4a6e7c933aa]]
iCore.Common.Entities.IPartnerIdentity
iCore.Common.Entities.IPartner
iCore.Common.Entities.ILazyLoadedEntity`1[[iCore.Common.Entities.IPartner, iCore.Common.Entities, Version=3.40.0.0, Culture=neutral, PublicKeyToken=fe44b4a6e7c933aa]]
iCore.Common.Entities.INodeTypeVersion
iCore.Common.Entities.INodeTypeVersion
iCore.Common.Entities.INodeType
iCore.Common.Entities.INodeTypeStyleSheet
iCore.Common.Entities.INodeType
iCore.Common.Entities.ILazyLoadedEntity`1[[iCore.Common.Entities.INodeTypeVersion, iCore.Common.Entities, Version=3.40.0.0, Culture=neutral, PublicKeyToken=fe44b4a6e7c933aa]]
iCore.Common.Entities.IEventType
iCore.Common.Entities.SelectionRule
iCore.Common.Entities.EventTypes
iCore.Common.Entities.EventTrackingCleanupRole
iCore.Common.Entities.IEventType
iCore.Common.Entities.ILazyLoadedEntity`1[[iCore.Common.Entities.INodeType, iCore.Common.Entities, Version=3.40.0.0, Culture=neutral, PublicKeyToken=fe44b4a6e7c933aa]]
iCore.Common.Entities.ILazyLoadedEntity`1[[iCore.Common.Entities.IEvent, iCore.Common.Entities, Version=3.40.0.0, Culture=neutral, PublicKeyToken=fe44b4a6e7c933aa]]
iCore.Common.Entities.IEvent
iCore.Common.Entities.MatchedStatus
iCore.Common.Entities.EventSourceType
iCore.Common.Entities.ILazyLoadedEntity`1[[iCore.Common.Entities.IEventType, iCore.Common.Entities, Version=3.40.0.0, Culture=neutral, PublicKeyToken=fe44b4a6e7c933aa]]
iCore.Common.Entities.ILazyLoadedEntity`1[[iCore.Common.Entities.IEventHandler, iCore.Common.Entities, Version=3.40.0.0, Culture=neutral, PublicKeyToken=fe44b4a6e7c933aa]]
iCore.Common.Entities.IEventHandler
iCore.Common.Entities.EventHandlerStatus
iCore.Common.Entities.IEventHandler
iCore.Common.Entities.ILazyLoadedEntity`1[[iCore.Common.Entities.IComponentDefinition, iCore.Common.Entities, Version=3.40.0.0, Culture=neutral, PublicKeyToken=fe44b4a6e7c933aa]]
System.Nullable`1[[System.DateTime, mscorlib, Version=4.0.0.0, Culture=neutral, PublicKeyToken=b77a5c561934e089]]
iCore.Common.Entities.JobState
iCore.Common.Entities.JobHistoryReason
iCore.Common.Entities.JobType
System.Byte
System.Int32
iCore.Public.Types.JobLifetime
iCore.Common.Entities.EntityKey[]
System.Collections.Generic.IEnumerable`1[[iCore.Common.Entities.EntityKey, iCore.Common.Entities, Version=3.40.0.0, Culture=neutral, PublicKeyToken=fe44b4a6e7c933aa]]
iCore.Common.Entities.ILazyLoadedEntity`1[[iCore.Common.Entities.IPartnerAttributeType, iCore.Common.Entities, Version=3.40.0.0, Culture=neutral, PublicKeyToken=fe44b4a6e7c933aa]]
iCore.Common.Entities.IPartnerAttributeType
System.Collections.Generic.IEnumerable`1[[iCore.Common.Entities.EntityKey, iCore.Common.Entities, Version=3.40.0.0, Culture=neutral, PublicKeyToken=fe44b4a6e7c933aa]]
iCore.Common.Entities.IPartnerAttributeGroupType
iCore.SAS.Administration.ILazySubEntity`1[[iCore.Common.Entities.IPartnerAttributeType, iCore.Common.Entities, Version=3.40.0.0, Culture=neutral, PublicKeyToken=fe44b4a6e7c933aa]]
iCore.Common.Entities.ILazyLoadedEntity`1[[iCore.Common.Entities.IPartnerAttributeType, iCore.Common.Entities, Version=3.40.0.0, Culture=neutral, PublicKeyToken=fe44b4a6e7c933aa]][]
iCore.Common.Entities.INode
iCore.Common.Entities.IEvent
iCore.Common.Entities.IJob
iCore.Common.Entities.ILogEntry
iCore.Public.Types.LogLevel
iCore.Common.LogMessageTypeID
iCore.Common.Entities.IWorkflow
System.Collections.Generic.IEnumerable`1[[iCore.Common.Entities.EntityKey, iCore.Common.Entities, Version=3.40.0.0, Culture=neutral, PublicKeyToken=fe44b4a6e7c933aa]]
iCore.Common.Entities.WorkflowClassification
iCore.Common.Entities.IWorkflow
iCore.Common.Entities.IAdapterFlow
iCore.Common.Entities.IAdapterFlow
iCore.Common.Types.LogLevelFilter
iCore.Common.Types.EntryPointNameValue
iCore.Common.Entities.IScript
iCore.Common.Entities.IScript
iCore.Common.Entities.ITimer
iCore.Common.Entities.ITimer
iCore.Common.Types.TimerFrequency
iCore.Common.Types.TimerInterval+TimerIntervalType
iCore.Common.Entities.ILazyLoadedEntity`1[[iCore.Common.Entities.ITimerEvent, iCore.Common.Entities, Version=3.40.0.0, Culture=neutral, PublicKeyToken=fe44b4a6e7c933aa]]
iCore.Common.Entities.ITimerEvent
iCore.Common.Entities.ITimer
iCore.SAS.Administration.ILazySubEntity`1[[iCore.Common.Entities.ITimerEvent, iCore.Common.Entities, Version=3.40.0.0, Culture=neutral, PublicKeyToken=fe44b4a6e7c933aa]]
iCore.Common.Entities.TimerEventPriority
iCore.Common.Entities.ILazyLoadedEntity`1[[iCore.Common.Entities.ITimerEvent, iCore.Common.Entities, Version=3.40.0.0, Culture=neutral, PublicKeyToken=fe44b4a6e7c933aa]][]
System.Int32[]
iCore.SAS.Interfaces.WeekDay
iCore.SAS.Interfaces.WeekDay[]
System.Collections.Generic.IEnumerable`1[[iCore.Common.Entities.EntityKey, iCore.Common.Entities, Version=3.40.0.0, Culture=neutral, PublicKeyToken=fe44b4a6e7c933aa]]
iCore.Common.Entities.ISettingAttributeGroupType
iCore.Common.Entities.ISettingAttributeGroupType
iCore.Common.Entities.ILazyLoadedEntity`1[[iCore.Common.Entities.ISettingAttributeType, iCore.Common.Entities, Version=3.40.0.0, Culture=neutral, PublicKeyToken=fe44b4a6e7c933aa]]
iCore.Common.Entities.ISettingAttributeType
iCore.Common.Entities.ISettingAttributeGroupType
iCore.SAS.Administration.ILazySubEntity`1[[iCore.Common.Entities.ISettingAttributeType, iCore.Common.Entities, Version=3.40.0.0, Culture=neutral, PublicKeyToken=fe44b4a6e7c933aa]]
iCore.Common.Entities.ILazyLoadedEntity`1[[iCore.Common.Entities.ISettingAttributeType, iCore.Common.Entities, Version=3.40.0.0, Culture=neutral, PublicKeyToken=fe44b4a6e7c933aa]][]
System.Collections.Generic.IEnumerable`1[[iCore.Common.Entities.EntityKey, iCore.Common.Entities, Version=3.40.0.0, Culture=neutral, PublicKeyToken=fe44b4a6e7c933aa]]
iCore.Common.Entities.ISetting
iCore.Common.Entities.ISetting
iCore.Common.Entities.ILazyLoadedEntity`1[[iCore.Common.Entities.ISettingIdentity, iCore.Common.Entities, Version=3.40.0.0, Culture=neutral, PublicKeyToken=fe44b4a6e7c933aa]]
iCore.Common.Entities.ISettingIdentity
iCore.Common.Entities.ILazyLoadedEntity`1[[iCore.Common.Entities.ISettingIdentity, iCore.Common.Entities, Version=3.40.0.0, Culture=neutral, PublicKeyToken=fe44b4a6e7c933aa]][]
iCore.Common.Entities.ILazyLoadedEntity`1[[iCore.Common.Entities.ISettingAttributeGroupInstance, iCore.Common.Entities, Version=3.40.0.0, Culture=neutral, PublicKeyToken=fe44b4a6e7c933aa]]
iCore.Common.Entities.ISettingAttributeGroupInstance
iCore.Common.Entities.ILazyLoadedEntity`1[[iCore.Common.Entities.ISettingAttributeValue, iCore.Common.Entities, Version=3.40.0.0, Culture=neutral, PublicKeyToken=fe44b4a6e7c933aa]]
iCore.Common.Entities.ILazyLoadedEntity`1[[iCore.Common.Entities.ISettingAttributeValue, iCore.Common.Entities, Version=3.40.0.0, Culture=neutral, PublicKeyToken=fe44b4a6e7c933aa]][]
iCore.Common.Entities.ISetting
iCore.Common.Entities.ILazyLoadedEntity`1[[iCore.Common.Entities.ISettingAttributeGroupType, iCore.Common.Entities, Version=3.40.0.0, Culture=neutral, PublicKeyToken=fe44b4a6e7c933aa]]
iCore.Common.Entities.ILazyLoadedEntity`1[[iCore.Common.Entities.ISettingAttributeGroupInstance, iCore.Common.Entities, Version=3.40.0.0, Culture=neutral, PublicKeyToken=fe44b4a6e7c933aa]][]
System.String
iCore.SAS.Administration.ILazySubEntity`1[[iCore.Common.Entities.ISettingAttributeGroupInstance, iCore.Common.Entities, Version=3.40.0.0, Culture=neutral, PublicKeyToken=fe44b4a6e7c933aa]]
System.Collections.Generic.IEnumerable`1[[iCore.Common.Entities.EntityKey, iCore.Common.Entities, Version=3.40.0.0, Culture=neutral, PublicKeyToken=fe44b4a6e7c933aa]]
iCore.Common.Entities.ISettingAttributeValue
iCore.Common.Entities.ISetting
iCore.SAS.Administration.ILazySubEntity`1[[iCore.Common.Entities.ISettingAttributeGroupInstance, iCore.Common.Entities, Version=3.40.0.0, Culture=neutral, PublicKeyToken=fe44b4a6e7c933aa]]
iCore.SAS.Administration.ILazySubEntity`1[[iCore.Common.Entities.ISettingAttributeValue, iCore.Common.Entities, Version=3.40.0.0, Culture=neutral, PublicKeyToken=fe44b4a6e7c933aa]]
iCore.Common.Entities.IWebServiceDefinition
iCore.Common.Entities.IWebServiceDefinition
iCore.Common.Entities.ILazyKeyedCollection`2[[System.String, mscorlib, Version=4.0.0.0, Culture=neutral, PublicKeyToken=b77a5c561934e089],[iCore.Common.Entities.WebServiceActivityTypeInfo, iCore.Common.Entities, Version=3.40.0.0, Culture=neutral, PublicKeyToken=fe44b4a6e7c933aa]]
iCore.Common.Entities.WebServiceActivityTypeInfo
iCore.Common.Entities.ILazyKeyedCollection`2[[System.String, mscorlib, Version=4.0.0.0, Culture=neutral, PublicKeyToken=b77a5c561934e089],[iCore.Common.Entities.CategorizedNamedItem, iCore.Common.Entities, Version=3.40.0.0, Culture=neutral, PublicKeyToken=fe44b4a6e7c933aa]]
iCore.Common.Entities.CategorizedNamedItem
iCore.Common.Entities.ILazyKeyedCollection`2[[System.String, mscorlib, Version=4.0.0.0, Culture=neutral, PublicKeyToken=b77a5c561934e089],[iCore.Common.Entities.WebServiceAssemblyInfo, iCore.Common.Entities, Version=3.40.0.0, Culture=neutral, PublicKeyToken=fe44b4a6e7c933aa]]
iCore.Common.Entities.WebServiceAssemblyInfo
iCore.Common.Entities.ILazyKeyedCollection`2[[System.String, mscorlib, Version=4.0.0.0, Culture=neutral, PublicKeyToken=b77a5c561934e089],[iCore.Common.Entities.WebServiceSchemaInfo, iCore.Common.Entities, Version=3.40.0.0, Culture=neutral, PublicKeyToken=fe44b4a6e7c933aa]]
iCore.Common.Entities.WebServiceSchemaInfo
iCore.Common.Entities.SchemaType[]
iCore.Common.Entities.SchemaType
System.Uri
System.Version
iCore.Common.Entities.WebServiceGenerationOptions
iCore.Common.Entities.ICrossReferenceTable
iCore.Common.Entities.ICrossReferenceTable
iCore.Common.Entities.ILazyLoadedEntity`1[[iCore.Common.Entities.ICrossReferenceEntry, iCore.Common.Entities, Version=3.40.0.0, Culture=neutral, PublicKeyToken=fe44b4a6e7c933aa]]
iCore.Common.Entities.ICrossReferenceEntry
iCore.Common.Entities.ICrossReferenceTable
iCore.SAS.Administration.ILazySubEntity`1[[iCore.Common.Entities.ICrossReferenceEntry, iCore.Common.Entities, Version=3.40.0.0, Culture=neutral, PublicKeyToken=fe44b4a6e7c933aa]]
iCore.Common.Entities.ILazyLoadedEntity`1[[iCore.Common.Entities.ICrossReferenceEntry, iCore.Common.Entities, Version=3.40.0.0, Culture=neutral, PublicKeyToken=fe44b4a6e7c933aa]][]
System.Collections.Generic.IEnumerable`1[[iCore.Common.Entities.EntityKey, iCore.Common.Entities, Version=3.40.0.0, Culture=neutral, PublicKeyToken=fe44b4a6e7c933aa]]
iCore.Common.Entities.ICounter
iCore.Common.Entities.ICounter
iCore.Common.Entities.CounterCheckType
iCore.Common.Entities.AppendDateTimePosition
iCore.Common.Entities.IEntityFilter
iCore.Common.Entities.IEntityFilter
iCore.Common.Entities.ICompositeEntity
iCore.Common.Entities.CorrelatedActive
iCore.Common.IconEntity
iCore.Common.Entities.IServer
iCore.Common.Entities.ISystemQueue
iCore.Management.Monitoring.FailoverServerPartState
iCore.Public.Types.ServerPartType
iCore.Management.Monitoring.ServerPartStatus
System.Nullable`1[[System.Int64, mscorlib, Version=4.0.0.0, Culture=neutral, PublicKeyToken=b77a5c561934e089]]
iCore.Management.Monitoring.EventListenerState
iCore.Management.Monitoring.EventListenerStatistics
iCore.Management.Monitoring.TimeOfLastOperationTrackingStatisticsCounter
iCore.Management.Monitoring.EventProcessorState
iCore.Management.Monitoring.EventProcessorStatistics
iCore.Management.Monitoring.JobManagerState
iCore.Management.Monitoring.JobManagerStatistics
iCore.Management.Monitoring.StatisticsCounter
iCore.Management.Monitoring.EventGeneratorState+TimerDetails
iCore.Management.Monitoring.TimerType
iCore.Management.Monitoring.EventGeneratorState
iCore.Management.Monitoring.EventGeneratorState+TimerDetails[]
iCore.Management.Monitoring.DetailedServerPartState
iCore.SAS.Administration.Models.ServerStatusModel
iCore.SAS.Administration.Models.ServerPartDataModel
iCore.SAS.Administration.Models.ServerPartDataModel[]
iCore.Management.Monitoring.ServiceStatus
iCore.Management.Monitoring.SystemEventProcessorState
iCore.Management.Monitoring.SystemEventProcessorStatistics
iCore.Management.Monitoring.WorkerHostProcessBaseInfo
System.Int64[]
iCore.Management.Monitoring.WorkerHostProcessBaseInfo[]
iCore.Management.Monitoring.SystemMonitorServerConnectionInfo
iCore.Management.Monitoring.ServerConnectionStatus
iCore.Management.Monitoring.SystemMonitorServerInfo
iCore.Management.Monitoring.SystemMonitorServerPartInfo[]
iCore.Management.Monitoring.SystemMonitorServerPartInfo
iCore.Management.Monitoring.WorkerHostProcessInfo
iCore.Management.Monitoring.WorkerHostStatistics
iCore.SAS.Administration.Models.SystemMonitorDataModel
iCore.SAS.Administration.Models.ServerStatusModel[]
iCore.SAS.Administration.Models.ServerPartDataModel
iCore.SAS.Administration.Models.SystemEventProcessorDataModel
iCore.SAS.Administration.Models.SystemEventProcessDataModel
iCore.SAS.Administration.Models.SystemEventProcessDataModel[]
iCore.SAS.Administration.Models.WorkerHostManagerDataModel
iCore.SAS.Administration.Models.WorkerHostManagerProcessDataModel
System.Double
iCore.SAS.Administration.Models.WorkerHostManagerProcessDataModel[]
iCore.SAS.Administration.Models.WorkerHostManagerJobDataModel
iCore.SAS.Administration.Models.WorkerHostManagerJobDataModel[]
iCore.SAS.Administration.Models.EventGeneratorDataModel
iCore.SAS.Administration.Models.TimerDetailsDataModel
iCore.SAS.Administration.Models.TimerDetailsDataModel[]
iCore.SAS.Administration.Models.ServerMonitorDataModel
iCore.SAS.Administration.Models.SerializableServerDataModel
iCore.SAS.Administration.Models.SerializableServerDataModel[]
iCore.SAS.Administration.Models.EventListenerDataModel
iCore.SAS.Administration.Models.JobManagerDataModel
iCore.SAS.Administration.Models.EventProcessorDataModel
System.Char
System.Guid
System.String
System.Boolean
System.Collections.Generic.IEnumerable`1[[iCore.Common.Entities.EntityKey, iCore.Common.Entities, Version=3.40.0.0, Culture=neutral, PublicKeyToken=fe44b4a6e7c933aa]]
UnitTests_SAS.FakeTypeWithProgressReportingCommandProvider</StdOut>
      </Output>
    </UnitTestResult>
    <UnitTestResult executionId="fce3be8e-7446-4c18-814c-963c364ca801" testId="04cd3f16-d2a5-1a49-a392-382e6857baa8" testName="ExecuteCommand_ProgressReportingLateException_ProgressInfoAndErrorResultIsReceived" computerName="ICSWS068" duration="00:00:00.2443502" startTime="2016-08-04T09:59:28.7358562+02:00" endTime="2016-08-04T09:59:28.9815981+02:00" testType="13cdc9d9-ddb5-4fa4-a97d-d965ccfc6d4b" outcome="Passed" testListId="8c84fa94-04c1-424b-9868-57a2d4851a1d" relativeResultsDirectory="fce3be8e-7446-4c18-814c-963c364ca801">
      <Output>
        <StdOut>Debug Trace:
iCore.Common.Entities.IEntity
iCore.Common.Entities.EntityKey
iCore.Common.Entities.EntityTypeId
iCore.Common.Entities.IComponentDefinition
System.String
System.DateTime
iCore.Common.Entities.IEventHistory
iCore.Common.Entities.ILazyLoadedEntity`1[[iCore.Common.Entities.IJob, iCore.Common.Entities, Version=3.40.0.0, Culture=neutral, PublicKeyToken=fe44b4a6e7c933aa]]
iCore.Common.Entities.IJob
iCore.Common.Entities.EntityKey
iCore.Common.Entities.EArgument
System.Boolean
System.Int64
iCore.Common.Entities.EventState
iCore.Common.Entities.EventReason
iCore.Common.Entities.EArgument[]
iCore.Common.Entities.ILazyLoadedEntity`1[[iCore.Common.Entities.IComponentConfiguration, iCore.Common.Entities, Version=3.40.0.0, Culture=neutral, PublicKeyToken=fe44b4a6e7c933aa]]
iCore.Common.Entities.IComponentConfiguration
iCore.Common.Entities.ILazyLoadedEntity`1[[iCore.Common.Entities.ICategoryMembership, iCore.Common.Entities, Version=3.40.0.0, Culture=neutral, PublicKeyToken=fe44b4a6e7c933aa]][]
iCore.Common.Entities.ILazyLoadedEntity`1[[iCore.Common.Entities.ICategoryMembership, iCore.Common.Entities, Version=3.40.0.0, Culture=neutral, PublicKeyToken=fe44b4a6e7c933aa]]
iCore.Common.Entities.ICategoryMembership
iCore.Common.Entities.ICategory
iCore.Common.Entities.ICategory
iCore.Common.Entities.ILazyLoadedEntity`1[[iCore.Common.Entities.ICategory, iCore.Common.Entities, Version=3.40.0.0, Culture=neutral, PublicKeyToken=fe44b4a6e7c933aa]]
System.Nullable`1[[System.Guid, mscorlib, Version=4.0.0.0, Culture=neutral, PublicKeyToken=b77a5c561934e089]]
System.TimeSpan
System.Guid
iCore.Common.Entities.IComponentConfiguration
iCore.Common.Entities.ILazyLoadedEntity`1[[iCore.Common.Entities.IApplicationPool, iCore.Common.Entities, Version=3.40.0.0, Culture=neutral, PublicKeyToken=fe44b4a6e7c933aa]]
iCore.Common.Entities.IApplicationPool
iCore.Common.Entities.IApplicationPool
iCore.Common.Entities.ILazyLoadedEntity`1[[iCore.Common.Entities.IServer, iCore.Common.Entities, Version=3.40.0.0, Culture=neutral, PublicKeyToken=fe44b4a6e7c933aa]]
iCore.Common.Entities.IServer
iCore.Common.Entities.ServerStartupSpecialTask
System.Nullable`1[[System.UInt16, mscorlib, Version=4.0.0.0, Culture=neutral, PublicKeyToken=b77a5c561934e089]]
System.UInt16
System.Int16
iCore.Common.Entities.IUser
iCore.Common.Entities.IUserGroup
iCore.Common.Entities.UserDisplayOptions
iCore.Common.Entities.MainTreeDisplayOptions
iCore.Common.Entities.NodeContent
iCore.Common.Entities.ILazyLoadedEntity`1[[iCore.Common.Entities.IUserGroup, iCore.Common.Entities, Version=3.40.0.0, Culture=neutral, PublicKeyToken=fe44b4a6e7c933aa]]
iCore.Common.Entities.ViewMode
iCore.Common.Entities.ILazyLoadedEntity`1[[iCore.Common.Entities.IUser, iCore.Common.Entities, Version=3.40.0.0, Culture=neutral, PublicKeyToken=fe44b4a6e7c933aa]]
iCore.Common.Entities.ILazyLoadedEntity`1[[iCore.Common.Entities.IApplicationPoolImplementation, iCore.Common.Entities, Version=3.40.0.0, Culture=neutral, PublicKeyToken=fe44b4a6e7c933aa]][]
iCore.Common.Entities.ILazyLoadedEntity`1[[iCore.Common.Entities.IApplicationPoolImplementation, iCore.Common.Entities, Version=3.40.0.0, Culture=neutral, PublicKeyToken=fe44b4a6e7c933aa]]
iCore.Common.Entities.IApplicationPoolImplementation
iCore.SAS.Administration.ILazySubEntity`1[[iCore.Common.Entities.IApplicationPoolImplementation, iCore.Common.Entities, Version=3.40.0.0, Culture=neutral, PublicKeyToken=fe44b4a6e7c933aa]]
iCore.Common.Entities.IServer
iCore.Common.Entities.ILazyLoadedEntity`1[[iCore.Common.Entities.INode, iCore.Common.Entities, Version=3.40.0.0, Culture=neutral, PublicKeyToken=fe44b4a6e7c933aa]]
iCore.Common.Entities.INode
iCore.Common.Entities.INode
System.String
iCore.Common.Entities.ILazyLoadedEntity`1[[iCore.Common.Entities.INodeAttributeValue, iCore.Common.Entities, Version=3.40.0.0, Culture=neutral, PublicKeyToken=fe44b4a6e7c933aa]][]
iCore.Common.Entities.ILazyLoadedEntity`1[[iCore.Common.Entities.INodeAttributeValue, iCore.Common.Entities, Version=3.40.0.0, Culture=neutral, PublicKeyToken=fe44b4a6e7c933aa]]
iCore.Common.Entities.INodeAttributeValue
iCore.SAS.Administration.ILazySubEntity`1[[iCore.Common.Entities.INodeAttributeValue, iCore.Common.Entities, Version=3.40.0.0, Culture=neutral, PublicKeyToken=fe44b4a6e7c933aa]]
System.Object
iCore.Public.Types.ScriptVarType
iCore.Common.Entities.INodeAttributeType
iCore.Common.Entities.INodeAttributeType
iCore.Common.Entities.INode
iCore.Common.Entities.ILazyLoadedEntity`1[[iCore.Common.Entities.INodeAttributeType, iCore.Common.Entities, Version=3.40.0.0, Culture=neutral, PublicKeyToken=fe44b4a6e7c933aa]]
iCore.Common.Entities.IPartner
System.String
iCore.Common.Entities.IEntityImage
iCore.Common.Entities.SizedEntityImage[]
iCore.Common.Entities.SizedEntityImage
System.Drawing.Size
iCore.Common.Entities.ILazyLoadedEntity`1[[iCore.Common.Entities.IPartnerAttributeGroupInstance, iCore.Common.Entities, Version=3.40.0.0, Culture=neutral, PublicKeyToken=fe44b4a6e7c933aa]][]
iCore.Common.Entities.ILazyLoadedEntity`1[[iCore.Common.Entities.IPartnerAttributeGroupInstance, iCore.Common.Entities, Version=3.40.0.0, Culture=neutral, PublicKeyToken=fe44b4a6e7c933aa]]
iCore.Common.Entities.IPartnerAttributeGroupInstance
iCore.Common.Entities.IPartnerAttributeGroupType
iCore.Common.Entities.IPartnerAttributeGroupType
iCore.Common.Entities.ILazyLoadedEntity`1[[iCore.Common.Entities.IPartnerAttributeValue, iCore.Common.Entities, Version=3.40.0.0, Culture=neutral, PublicKeyToken=fe44b4a6e7c933aa]]
iCore.Common.Entities.IPartnerAttributeValue
iCore.SAS.Administration.ILazySubEntity`1[[iCore.Common.Entities.IPartnerAttributeValue, iCore.Common.Entities, Version=3.40.0.0, Culture=neutral, PublicKeyToken=fe44b4a6e7c933aa]]
iCore.Common.Entities.ILazyLoadedEntity`1[[iCore.Common.Entities.IPartnerAttributeValue, iCore.Common.Entities, Version=3.40.0.0, Culture=neutral, PublicKeyToken=fe44b4a6e7c933aa]][]
iCore.SAS.Administration.ILazySubEntity`1[[iCore.Common.Entities.IPartnerAttributeGroupInstance, iCore.Common.Entities, Version=3.40.0.0, Culture=neutral, PublicKeyToken=fe44b4a6e7c933aa]]
iCore.Common.Entities.ILazyLoadedEntity`1[[iCore.Common.Entities.IPartnerAttributeGroupType, iCore.Common.Entities, Version=3.40.0.0, Culture=neutral, PublicKeyToken=fe44b4a6e7c933aa]]
iCore.Common.Entities.ILazyLoadedEntity`1[[iCore.Common.Entities.IPartnerIdentity, iCore.Common.Entities, Version=3.40.0.0, Culture=neutral, PublicKeyToken=fe44b4a6e7c933aa]][]
iCore.Common.Entities.ILazyLoadedEntity`1[[iCore.Common.Entities.IPartnerIdentity, iCore.Common.Entities, Version=3.40.0.0, Culture=neutral, PublicKeyToken=fe44b4a6e7c933aa]]
iCore.Common.Entities.IPartnerIdentity
iCore.Common.Entities.IPartner
iCore.Common.Entities.ILazyLoadedEntity`1[[iCore.Common.Entities.IPartner, iCore.Common.Entities, Version=3.40.0.0, Culture=neutral, PublicKeyToken=fe44b4a6e7c933aa]]
iCore.Common.Entities.INodeTypeVersion
iCore.Common.Entities.INodeTypeVersion
iCore.Common.Entities.INodeType
iCore.Common.Entities.INodeTypeStyleSheet
iCore.Common.Entities.INodeType
iCore.Common.Entities.ILazyLoadedEntity`1[[iCore.Common.Entities.INodeTypeVersion, iCore.Common.Entities, Version=3.40.0.0, Culture=neutral, PublicKeyToken=fe44b4a6e7c933aa]]
iCore.Common.Entities.IEventType
iCore.Common.Entities.SelectionRule
iCore.Common.Entities.EventTypes
iCore.Common.Entities.EventTrackingCleanupRole
iCore.Common.Entities.IEventType
iCore.Common.Entities.ILazyLoadedEntity`1[[iCore.Common.Entities.INodeType, iCore.Common.Entities, Version=3.40.0.0, Culture=neutral, PublicKeyToken=fe44b4a6e7c933aa]]
iCore.Common.Entities.ILazyLoadedEntity`1[[iCore.Common.Entities.IEvent, iCore.Common.Entities, Version=3.40.0.0, Culture=neutral, PublicKeyToken=fe44b4a6e7c933aa]]
iCore.Common.Entities.IEvent
iCore.Common.Entities.MatchedStatus
iCore.Common.Entities.EventSourceType
iCore.Common.Entities.ILazyLoadedEntity`1[[iCore.Common.Entities.IEventType, iCore.Common.Entities, Version=3.40.0.0, Culture=neutral, PublicKeyToken=fe44b4a6e7c933aa]]
iCore.Common.Entities.ILazyLoadedEntity`1[[iCore.Common.Entities.IEventHandler, iCore.Common.Entities, Version=3.40.0.0, Culture=neutral, PublicKeyToken=fe44b4a6e7c933aa]]
iCore.Common.Entities.IEventHandler
iCore.Common.Entities.EventHandlerStatus
iCore.Common.Entities.IEventHandler
iCore.Common.Entities.ILazyLoadedEntity`1[[iCore.Common.Entities.IComponentDefinition, iCore.Common.Entities, Version=3.40.0.0, Culture=neutral, PublicKeyToken=fe44b4a6e7c933aa]]
System.Nullable`1[[System.DateTime, mscorlib, Version=4.0.0.0, Culture=neutral, PublicKeyToken=b77a5c561934e089]]
iCore.Common.Entities.JobState
iCore.Common.Entities.JobHistoryReason
iCore.Common.Entities.JobType
System.Byte
System.Int32
iCore.Public.Types.JobLifetime
iCore.Common.Entities.EntityKey[]
System.Collections.Generic.IEnumerable`1[[iCore.Common.Entities.EntityKey, iCore.Common.Entities, Version=3.40.0.0, Culture=neutral, PublicKeyToken=fe44b4a6e7c933aa]]
iCore.Common.Entities.ILazyLoadedEntity`1[[iCore.Common.Entities.IPartnerAttributeType, iCore.Common.Entities, Version=3.40.0.0, Culture=neutral, PublicKeyToken=fe44b4a6e7c933aa]]
iCore.Common.Entities.IPartnerAttributeType
System.Collections.Generic.IEnumerable`1[[iCore.Common.Entities.EntityKey, iCore.Common.Entities, Version=3.40.0.0, Culture=neutral, PublicKeyToken=fe44b4a6e7c933aa]]
iCore.Common.Entities.IPartnerAttributeGroupType
iCore.SAS.Administration.ILazySubEntity`1[[iCore.Common.Entities.IPartnerAttributeType, iCore.Common.Entities, Version=3.40.0.0, Culture=neutral, PublicKeyToken=fe44b4a6e7c933aa]]
iCore.Common.Entities.ILazyLoadedEntity`1[[iCore.Common.Entities.IPartnerAttributeType, iCore.Common.Entities, Version=3.40.0.0, Culture=neutral, PublicKeyToken=fe44b4a6e7c933aa]][]
iCore.Common.Entities.INode
iCore.Common.Entities.IEvent
iCore.Common.Entities.IJob
iCore.Common.Entities.ILogEntry
iCore.Public.Types.LogLevel
iCore.Common.LogMessageTypeID
iCore.Common.Entities.IWorkflow
System.Collections.Generic.IEnumerable`1[[iCore.Common.Entities.EntityKey, iCore.Common.Entities, Version=3.40.0.0, Culture=neutral, PublicKeyToken=fe44b4a6e7c933aa]]
iCore.Common.Entities.WorkflowClassification
iCore.Common.Entities.IWorkflow
iCore.Common.Entities.IAdapterFlow
iCore.Common.Entities.IAdapterFlow
iCore.Common.Types.LogLevelFilter
iCore.Common.Types.EntryPointNameValue
iCore.Common.Entities.IScript
iCore.Common.Entities.IScript
iCore.Common.Entities.ITimer
iCore.Common.Entities.ITimer
iCore.Common.Types.TimerFrequency
iCore.Common.Types.TimerInterval+TimerIntervalType
iCore.Common.Entities.ILazyLoadedEntity`1[[iCore.Common.Entities.ITimerEvent, iCore.Common.Entities, Version=3.40.0.0, Culture=neutral, PublicKeyToken=fe44b4a6e7c933aa]]
iCore.Common.Entities.ITimerEvent
iCore.Common.Entities.ITimer
iCore.SAS.Administration.ILazySubEntity`1[[iCore.Common.Entities.ITimerEvent, iCore.Common.Entities, Version=3.40.0.0, Culture=neutral, PublicKeyToken=fe44b4a6e7c933aa]]
iCore.Common.Entities.TimerEventPriority
iCore.Common.Entities.ILazyLoadedEntity`1[[iCore.Common.Entities.ITimerEvent, iCore.Common.Entities, Version=3.40.0.0, Culture=neutral, PublicKeyToken=fe44b4a6e7c933aa]][]
System.Int32[]
iCore.SAS.Interfaces.WeekDay
iCore.SAS.Interfaces.WeekDay[]
System.Collections.Generic.IEnumerable`1[[iCore.Common.Entities.EntityKey, iCore.Common.Entities, Version=3.40.0.0, Culture=neutral, PublicKeyToken=fe44b4a6e7c933aa]]
iCore.Common.Entities.ISettingAttributeGroupType
iCore.Common.Entities.ISettingAttributeGroupType
iCore.Common.Entities.ILazyLoadedEntity`1[[iCore.Common.Entities.ISettingAttributeType, iCore.Common.Entities, Version=3.40.0.0, Culture=neutral, PublicKeyToken=fe44b4a6e7c933aa]]
iCore.Common.Entities.ISettingAttributeType
iCore.Common.Entities.ISettingAttributeGroupType
iCore.SAS.Administration.ILazySubEntity`1[[iCore.Common.Entities.ISettingAttributeType, iCore.Common.Entities, Version=3.40.0.0, Culture=neutral, PublicKeyToken=fe44b4a6e7c933aa]]
iCore.Common.Entities.ILazyLoadedEntity`1[[iCore.Common.Entities.ISettingAttributeType, iCore.Common.Entities, Version=3.40.0.0, Culture=neutral, PublicKeyToken=fe44b4a6e7c933aa]][]
System.Collections.Generic.IEnumerable`1[[iCore.Common.Entities.EntityKey, iCore.Common.Entities, Version=3.40.0.0, Culture=neutral, PublicKeyToken=fe44b4a6e7c933aa]]
iCore.Common.Entities.ISetting
iCore.Common.Entities.ISetting
iCore.Common.Entities.ILazyLoadedEntity`1[[iCore.Common.Entities.ISettingIdentity, iCore.Common.Entities, Version=3.40.0.0, Culture=neutral, PublicKeyToken=fe44b4a6e7c933aa]]
iCore.Common.Entities.ISettingIdentity
iCore.Common.Entities.ILazyLoadedEntity`1[[iCore.Common.Entities.ISettingIdentity, iCore.Common.Entities, Version=3.40.0.0, Culture=neutral, PublicKeyToken=fe44b4a6e7c933aa]][]
iCore.Common.Entities.ILazyLoadedEntity`1[[iCore.Common.Entities.ISettingAttributeGroupInstance, iCore.Common.Entities, Version=3.40.0.0, Culture=neutral, PublicKeyToken=fe44b4a6e7c933aa]]
iCore.Common.Entities.ISettingAttributeGroupInstance
iCore.Common.Entities.ILazyLoadedEntity`1[[iCore.Common.Entities.ISettingAttributeValue, iCore.Common.Entities, Version=3.40.0.0, Culture=neutral, PublicKeyToken=fe44b4a6e7c933aa]]
iCore.Common.Entities.ILazyLoadedEntity`1[[iCore.Common.Entities.ISettingAttributeValue, iCore.Common.Entities, Version=3.40.0.0, Culture=neutral, PublicKeyToken=fe44b4a6e7c933aa]][]
iCore.Common.Entities.ISetting
iCore.Common.Entities.ILazyLoadedEntity`1[[iCore.Common.Entities.ISettingAttributeGroupType, iCore.Common.Entities, Version=3.40.0.0, Culture=neutral, PublicKeyToken=fe44b4a6e7c933aa]]
iCore.Common.Entities.ILazyLoadedEntity`1[[iCore.Common.Entities.ISettingAttributeGroupInstance, iCore.Common.Entities, Version=3.40.0.0, Culture=neutral, PublicKeyToken=fe44b4a6e7c933aa]][]
System.String
iCore.SAS.Administration.ILazySubEntity`1[[iCore.Common.Entities.ISettingAttributeGroupInstance, iCore.Common.Entities, Version=3.40.0.0, Culture=neutral, PublicKeyToken=fe44b4a6e7c933aa]]
System.Collections.Generic.IEnumerable`1[[iCore.Common.Entities.EntityKey, iCore.Common.Entities, Version=3.40.0.0, Culture=neutral, PublicKeyToken=fe44b4a6e7c933aa]]
iCore.Common.Entities.ISettingAttributeValue
iCore.Common.Entities.ISetting
iCore.SAS.Administration.ILazySubEntity`1[[iCore.Common.Entities.ISettingAttributeGroupInstance, iCore.Common.Entities, Version=3.40.0.0, Culture=neutral, PublicKeyToken=fe44b4a6e7c933aa]]
iCore.SAS.Administration.ILazySubEntity`1[[iCore.Common.Entities.ISettingAttributeValue, iCore.Common.Entities, Version=3.40.0.0, Culture=neutral, PublicKeyToken=fe44b4a6e7c933aa]]
iCore.Common.Entities.IWebServiceDefinition
iCore.Common.Entities.IWebServiceDefinition
iCore.Common.Entities.ILazyKeyedCollection`2[[System.String, mscorlib, Version=4.0.0.0, Culture=neutral, PublicKeyToken=b77a5c561934e089],[iCore.Common.Entities.WebServiceActivityTypeInfo, iCore.Common.Entities, Version=3.40.0.0, Culture=neutral, PublicKeyToken=fe44b4a6e7c933aa]]
iCore.Common.Entities.WebServiceActivityTypeInfo
iCore.Common.Entities.ILazyKeyedCollection`2[[System.String, mscorlib, Version=4.0.0.0, Culture=neutral, PublicKeyToken=b77a5c561934e089],[iCore.Common.Entities.CategorizedNamedItem, iCore.Common.Entities, Version=3.40.0.0, Culture=neutral, PublicKeyToken=fe44b4a6e7c933aa]]
iCore.Common.Entities.CategorizedNamedItem
iCore.Common.Entities.ILazyKeyedCollection`2[[System.String, mscorlib, Version=4.0.0.0, Culture=neutral, PublicKeyToken=b77a5c561934e089],[iCore.Common.Entities.WebServiceAssemblyInfo, iCore.Common.Entities, Version=3.40.0.0, Culture=neutral, PublicKeyToken=fe44b4a6e7c933aa]]
iCore.Common.Entities.WebServiceAssemblyInfo
iCore.Common.Entities.ILazyKeyedCollection`2[[System.String, mscorlib, Version=4.0.0.0, Culture=neutral, PublicKeyToken=b77a5c561934e089],[iCore.Common.Entities.WebServiceSchemaInfo, iCore.Common.Entities, Version=3.40.0.0, Culture=neutral, PublicKeyToken=fe44b4a6e7c933aa]]
iCore.Common.Entities.WebServiceSchemaInfo
iCore.Common.Entities.SchemaType[]
iCore.Common.Entities.SchemaType
System.Uri
System.Version
iCore.Common.Entities.WebServiceGenerationOptions
iCore.Common.Entities.ICrossReferenceTable
iCore.Common.Entities.ICrossReferenceTable
iCore.Common.Entities.ILazyLoadedEntity`1[[iCore.Common.Entities.ICrossReferenceEntry, iCore.Common.Entities, Version=3.40.0.0, Culture=neutral, PublicKeyToken=fe44b4a6e7c933aa]]
iCore.Common.Entities.ICrossReferenceEntry
iCore.Common.Entities.ICrossReferenceTable
iCore.SAS.Administration.ILazySubEntity`1[[iCore.Common.Entities.ICrossReferenceEntry, iCore.Common.Entities, Version=3.40.0.0, Culture=neutral, PublicKeyToken=fe44b4a6e7c933aa]]
iCore.Common.Entities.ILazyLoadedEntity`1[[iCore.Common.Entities.ICrossReferenceEntry, iCore.Common.Entities, Version=3.40.0.0, Culture=neutral, PublicKeyToken=fe44b4a6e7c933aa]][]
System.Collections.Generic.IEnumerable`1[[iCore.Common.Entities.EntityKey, iCore.Common.Entities, Version=3.40.0.0, Culture=neutral, PublicKeyToken=fe44b4a6e7c933aa]]
iCore.Common.Entities.ICounter
iCore.Common.Entities.ICounter
iCore.Common.Entities.CounterCheckType
iCore.Common.Entities.AppendDateTimePosition
iCore.Common.Entities.IEntityFilter
iCore.Common.Entities.IEntityFilter
iCore.Common.Entities.ICompositeEntity
iCore.Common.Entities.CorrelatedActive
iCore.Common.IconEntity
iCore.Common.Entities.IServer
iCore.Common.Entities.ISystemQueue
iCore.Management.Monitoring.FailoverServerPartState
iCore.Public.Types.ServerPartType
iCore.Management.Monitoring.ServerPartStatus
System.Nullable`1[[System.Int64, mscorlib, Version=4.0.0.0, Culture=neutral, PublicKeyToken=b77a5c561934e089]]
iCore.Management.Monitoring.EventListenerState
iCore.Management.Monitoring.EventListenerStatistics
iCore.Management.Monitoring.TimeOfLastOperationTrackingStatisticsCounter
iCore.Management.Monitoring.EventProcessorState
iCore.Management.Monitoring.EventProcessorStatistics
iCore.Management.Monitoring.JobManagerState
iCore.Management.Monitoring.JobManagerStatistics
iCore.Management.Monitoring.StatisticsCounter
iCore.Management.Monitoring.EventGeneratorState+TimerDetails
iCore.Management.Monitoring.TimerType
iCore.Management.Monitoring.EventGeneratorState
iCore.Management.Monitoring.EventGeneratorState+TimerDetails[]
iCore.Management.Monitoring.DetailedServerPartState
iCore.SAS.Administration.Models.ServerStatusModel
iCore.SAS.Administration.Models.ServerPartDataModel
iCore.SAS.Administration.Models.ServerPartDataModel[]
iCore.Management.Monitoring.ServiceStatus
iCore.Management.Monitoring.SystemEventProcessorState
iCore.Management.Monitoring.SystemEventProcessorStatistics
iCore.Management.Monitoring.WorkerHostProcessBaseInfo
System.Int64[]
iCore.Management.Monitoring.WorkerHostProcessBaseInfo[]
iCore.Management.Monitoring.SystemMonitorServerConnectionInfo
iCore.Management.Monitoring.ServerConnectionStatus
iCore.Management.Monitoring.SystemMonitorServerInfo
iCore.Management.Monitoring.SystemMonitorServerPartInfo[]
iCore.Management.Monitoring.SystemMonitorServerPartInfo
iCore.Management.Monitoring.WorkerHostProcessInfo
iCore.Management.Monitoring.WorkerHostStatistics
iCore.SAS.Administration.Models.SystemMonitorDataModel
iCore.SAS.Administration.Models.ServerStatusModel[]
iCore.SAS.Administration.Models.ServerPartDataModel
iCore.SAS.Administration.Models.SystemEventProcessorDataModel
iCore.SAS.Administration.Models.SystemEventProcessDataModel
iCore.SAS.Administration.Models.SystemEventProcessDataModel[]
iCore.SAS.Administration.Models.WorkerHostManagerDataModel
iCore.SAS.Administration.Models.WorkerHostManagerProcessDataModel
System.Double
iCore.SAS.Administration.Models.WorkerHostManagerProcessDataModel[]
iCore.SAS.Administration.Models.WorkerHostManagerJobDataModel
iCore.SAS.Administration.Models.WorkerHostManagerJobDataModel[]
iCore.SAS.Administration.Models.EventGeneratorDataModel
iCore.SAS.Administration.Models.TimerDetailsDataModel
iCore.SAS.Administration.Models.TimerDetailsDataModel[]
iCore.SAS.Administration.Models.ServerMonitorDataModel
iCore.SAS.Administration.Models.SerializableServerDataModel
iCore.SAS.Administration.Models.SerializableServerDataModel[]
iCore.SAS.Administration.Models.EventListenerDataModel
iCore.SAS.Administration.Models.JobManagerDataModel
iCore.SAS.Administration.Models.EventProcessorDataModel
System.Char
System.Guid
System.String
System.Boolean
System.Collections.Generic.IEnumerable`1[[iCore.Common.Entities.EntityKey, iCore.Common.Entities, Version=3.40.0.0, Culture=neutral, PublicKeyToken=fe44b4a6e7c933aa]]
UnitTests_SAS.FakeTypeWithProgressReportingCommandProvider</StdOut>
      </Output>
    </UnitTestResult>
    <UnitTestResult executionId="574129b5-10f3-4122-bf0a-a35b4929856f" testId="83a0385b-730a-88b9-2efc-76ba87f166ad" testName="ExecuteCommand_ProgressReportingEarlyException_ErrorResultIsReceived" computerName="ICSWS068" duration="00:00:00.2453259" startTime="2016-08-04T09:59:28.9842629+02:00" endTime="2016-08-04T09:59:29.2314918+02:00" testType="13cdc9d9-ddb5-4fa4-a97d-d965ccfc6d4b" outcome="Passed" testListId="8c84fa94-04c1-424b-9868-57a2d4851a1d" relativeResultsDirectory="574129b5-10f3-4122-bf0a-a35b4929856f">
      <Output>
        <StdOut>Debug Trace:
iCore.Common.Entities.IEntity
iCore.Common.Entities.EntityKey
iCore.Common.Entities.EntityTypeId
iCore.Common.Entities.IComponentDefinition
System.String
System.DateTime
iCore.Common.Entities.IEventHistory
iCore.Common.Entities.ILazyLoadedEntity`1[[iCore.Common.Entities.IJob, iCore.Common.Entities, Version=3.40.0.0, Culture=neutral, PublicKeyToken=fe44b4a6e7c933aa]]
iCore.Common.Entities.IJob
iCore.Common.Entities.EntityKey
iCore.Common.Entities.EArgument
System.Boolean
System.Int64
iCore.Common.Entities.EventState
iCore.Common.Entities.EventReason
iCore.Common.Entities.EArgument[]
iCore.Common.Entities.ILazyLoadedEntity`1[[iCore.Common.Entities.IComponentConfiguration, iCore.Common.Entities, Version=3.40.0.0, Culture=neutral, PublicKeyToken=fe44b4a6e7c933aa]]
iCore.Common.Entities.IComponentConfiguration
iCore.Common.Entities.ILazyLoadedEntity`1[[iCore.Common.Entities.ICategoryMembership, iCore.Common.Entities, Version=3.40.0.0, Culture=neutral, PublicKeyToken=fe44b4a6e7c933aa]][]
iCore.Common.Entities.ILazyLoadedEntity`1[[iCore.Common.Entities.ICategoryMembership, iCore.Common.Entities, Version=3.40.0.0, Culture=neutral, PublicKeyToken=fe44b4a6e7c933aa]]
iCore.Common.Entities.ICategoryMembership
iCore.Common.Entities.ICategory
iCore.Common.Entities.ICategory
iCore.Common.Entities.ILazyLoadedEntity`1[[iCore.Common.Entities.ICategory, iCore.Common.Entities, Version=3.40.0.0, Culture=neutral, PublicKeyToken=fe44b4a6e7c933aa]]
System.Nullable`1[[System.Guid, mscorlib, Version=4.0.0.0, Culture=neutral, PublicKeyToken=b77a5c561934e089]]
System.TimeSpan
System.Guid
iCore.Common.Entities.IComponentConfiguration
iCore.Common.Entities.ILazyLoadedEntity`1[[iCore.Common.Entities.IApplicationPool, iCore.Common.Entities, Version=3.40.0.0, Culture=neutral, PublicKeyToken=fe44b4a6e7c933aa]]
iCore.Common.Entities.IApplicationPool
iCore.Common.Entities.IApplicationPool
iCore.Common.Entities.ILazyLoadedEntity`1[[iCore.Common.Entities.IServer, iCore.Common.Entities, Version=3.40.0.0, Culture=neutral, PublicKeyToken=fe44b4a6e7c933aa]]
iCore.Common.Entities.IServer
iCore.Common.Entities.ServerStartupSpecialTask
System.Nullable`1[[System.UInt16, mscorlib, Version=4.0.0.0, Culture=neutral, PublicKeyToken=b77a5c561934e089]]
System.UInt16
System.Int16
iCore.Common.Entities.IUser
iCore.Common.Entities.IUserGroup
iCore.Common.Entities.UserDisplayOptions
iCore.Common.Entities.MainTreeDisplayOptions
iCore.Common.Entities.NodeContent
iCore.Common.Entities.ILazyLoadedEntity`1[[iCore.Common.Entities.IUserGroup, iCore.Common.Entities, Version=3.40.0.0, Culture=neutral, PublicKeyToken=fe44b4a6e7c933aa]]
iCore.Common.Entities.ViewMode
iCore.Common.Entities.ILazyLoadedEntity`1[[iCore.Common.Entities.IUser, iCore.Common.Entities, Version=3.40.0.0, Culture=neutral, PublicKeyToken=fe44b4a6e7c933aa]]
iCore.Common.Entities.ILazyLoadedEntity`1[[iCore.Common.Entities.IApplicationPoolImplementation, iCore.Common.Entities, Version=3.40.0.0, Culture=neutral, PublicKeyToken=fe44b4a6e7c933aa]][]
iCore.Common.Entities.ILazyLoadedEntity`1[[iCore.Common.Entities.IApplicationPoolImplementation, iCore.Common.Entities, Version=3.40.0.0, Culture=neutral, PublicKeyToken=fe44b4a6e7c933aa]]
iCore.Common.Entities.IApplicationPoolImplementation
iCore.SAS.Administration.ILazySubEntity`1[[iCore.Common.Entities.IApplicationPoolImplementation, iCore.Common.Entities, Version=3.40.0.0, Culture=neutral, PublicKeyToken=fe44b4a6e7c933aa]]
iCore.Common.Entities.IServer
iCore.Common.Entities.ILazyLoadedEntity`1[[iCore.Common.Entities.INode, iCore.Common.Entities, Version=3.40.0.0, Culture=neutral, PublicKeyToken=fe44b4a6e7c933aa]]
iCore.Common.Entities.INode
iCore.Common.Entities.INode
System.String
iCore.Common.Entities.ILazyLoadedEntity`1[[iCore.Common.Entities.INodeAttributeValue, iCore.Common.Entities, Version=3.40.0.0, Culture=neutral, PublicKeyToken=fe44b4a6e7c933aa]][]
iCore.Common.Entities.ILazyLoadedEntity`1[[iCore.Common.Entities.INodeAttributeValue, iCore.Common.Entities, Version=3.40.0.0, Culture=neutral, PublicKeyToken=fe44b4a6e7c933aa]]
iCore.Common.Entities.INodeAttributeValue
iCore.SAS.Administration.ILazySubEntity`1[[iCore.Common.Entities.INodeAttributeValue, iCore.Common.Entities, Version=3.40.0.0, Culture=neutral, PublicKeyToken=fe44b4a6e7c933aa]]
System.Object
iCore.Public.Types.ScriptVarType
iCore.Common.Entities.INodeAttributeType
iCore.Common.Entities.INodeAttributeType
iCore.Common.Entities.INode
iCore.Common.Entities.ILazyLoadedEntity`1[[iCore.Common.Entities.INodeAttributeType, iCore.Common.Entities, Version=3.40.0.0, Culture=neutral, PublicKeyToken=fe44b4a6e7c933aa]]
iCore.Common.Entities.IPartner
System.String
iCore.Common.Entities.IEntityImage
iCore.Common.Entities.SizedEntityImage[]
iCore.Common.Entities.SizedEntityImage
System.Drawing.Size
iCore.Common.Entities.ILazyLoadedEntity`1[[iCore.Common.Entities.IPartnerAttributeGroupInstance, iCore.Common.Entities, Version=3.40.0.0, Culture=neutral, PublicKeyToken=fe44b4a6e7c933aa]][]
iCore.Common.Entities.ILazyLoadedEntity`1[[iCore.Common.Entities.IPartnerAttributeGroupInstance, iCore.Common.Entities, Version=3.40.0.0, Culture=neutral, PublicKeyToken=fe44b4a6e7c933aa]]
iCore.Common.Entities.IPartnerAttributeGroupInstance
iCore.Common.Entities.IPartnerAttributeGroupType
iCore.Common.Entities.IPartnerAttributeGroupType
iCore.Common.Entities.ILazyLoadedEntity`1[[iCore.Common.Entities.IPartnerAttributeValue, iCore.Common.Entities, Version=3.40.0.0, Culture=neutral, PublicKeyToken=fe44b4a6e7c933aa]]
iCore.Common.Entities.IPartnerAttributeValue
iCore.SAS.Administration.ILazySubEntity`1[[iCore.Common.Entities.IPartnerAttributeValue, iCore.Common.Entities, Version=3.40.0.0, Culture=neutral, PublicKeyToken=fe44b4a6e7c933aa]]
iCore.Common.Entities.ILazyLoadedEntity`1[[iCore.Common.Entities.IPartnerAttributeValue, iCore.Common.Entities, Version=3.40.0.0, Culture=neutral, PublicKeyToken=fe44b4a6e7c933aa]][]
iCore.SAS.Administration.ILazySubEntity`1[[iCore.Common.Entities.IPartnerAttributeGroupInstance, iCore.Common.Entities, Version=3.40.0.0, Culture=neutral, PublicKeyToken=fe44b4a6e7c933aa]]
iCore.Common.Entities.ILazyLoadedEntity`1[[iCore.Common.Entities.IPartnerAttributeGroupType, iCore.Common.Entities, Version=3.40.0.0, Culture=neutral, PublicKeyToken=fe44b4a6e7c933aa]]
iCore.Common.Entities.ILazyLoadedEntity`1[[iCore.Common.Entities.IPartnerIdentity, iCore.Common.Entities, Version=3.40.0.0, Culture=neutral, PublicKeyToken=fe44b4a6e7c933aa]][]
iCore.Common.Entities.ILazyLoadedEntity`1[[iCore.Common.Entities.IPartnerIdentity, iCore.Common.Entities, Version=3.40.0.0, Culture=neutral, PublicKeyToken=fe44b4a6e7c933aa]]
iCore.Common.Entities.IPartnerIdentity
iCore.Common.Entities.IPartner
iCore.Common.Entities.ILazyLoadedEntity`1[[iCore.Common.Entities.IPartner, iCore.Common.Entities, Version=3.40.0.0, Culture=neutral, PublicKeyToken=fe44b4a6e7c933aa]]
iCore.Common.Entities.INodeTypeVersion
iCore.Common.Entities.INodeTypeVersion
iCore.Common.Entities.INodeType
iCore.Common.Entities.INodeTypeStyleSheet
iCore.Common.Entities.INodeType
iCore.Common.Entities.ILazyLoadedEntity`1[[iCore.Common.Entities.INodeTypeVersion, iCore.Common.Entities, Version=3.40.0.0, Culture=neutral, PublicKeyToken=fe44b4a6e7c933aa]]
iCore.Common.Entities.IEventType
iCore.Common.Entities.SelectionRule
iCore.Common.Entities.EventTypes
iCore.Common.Entities.EventTrackingCleanupRole
iCore.Common.Entities.IEventType
iCore.Common.Entities.ILazyLoadedEntity`1[[iCore.Common.Entities.INodeType, iCore.Common.Entities, Version=3.40.0.0, Culture=neutral, PublicKeyToken=fe44b4a6e7c933aa]]
iCore.Common.Entities.ILazyLoadedEntity`1[[iCore.Common.Entities.IEvent, iCore.Common.Entities, Version=3.40.0.0, Culture=neutral, PublicKeyToken=fe44b4a6e7c933aa]]
iCore.Common.Entities.IEvent
iCore.Common.Entities.MatchedStatus
iCore.Common.Entities.EventSourceType
iCore.Common.Entities.ILazyLoadedEntity`1[[iCore.Common.Entities.IEventType, iCore.Common.Entities, Version=3.40.0.0, Culture=neutral, PublicKeyToken=fe44b4a6e7c933aa]]
iCore.Common.Entities.ILazyLoadedEntity`1[[iCore.Common.Entities.IEventHandler, iCore.Common.Entities, Version=3.40.0.0, Culture=neutral, PublicKeyToken=fe44b4a6e7c933aa]]
iCore.Common.Entities.IEventHandler
iCore.Common.Entities.EventHandlerStatus
iCore.Common.Entities.IEventHandler
iCore.Common.Entities.ILazyLoadedEntity`1[[iCore.Common.Entities.IComponentDefinition, iCore.Common.Entities, Version=3.40.0.0, Culture=neutral, PublicKeyToken=fe44b4a6e7c933aa]]
System.Nullable`1[[System.DateTime, mscorlib, Version=4.0.0.0, Culture=neutral, PublicKeyToken=b77a5c561934e089]]
iCore.Common.Entities.JobState
iCore.Common.Entities.JobHistoryReason
iCore.Common.Entities.JobType
System.Byte
System.Int32
iCore.Public.Types.JobLifetime
iCore.Common.Entities.EntityKey[]
System.Collections.Generic.IEnumerable`1[[iCore.Common.Entities.EntityKey, iCore.Common.Entities, Version=3.40.0.0, Culture=neutral, PublicKeyToken=fe44b4a6e7c933aa]]
iCore.Common.Entities.ILazyLoadedEntity`1[[iCore.Common.Entities.IPartnerAttributeType, iCore.Common.Entities, Version=3.40.0.0, Culture=neutral, PublicKeyToken=fe44b4a6e7c933aa]]
iCore.Common.Entities.IPartnerAttributeType
System.Collections.Generic.IEnumerable`1[[iCore.Common.Entities.EntityKey, iCore.Common.Entities, Version=3.40.0.0, Culture=neutral, PublicKeyToken=fe44b4a6e7c933aa]]
iCore.Common.Entities.IPartnerAttributeGroupType
iCore.SAS.Administration.ILazySubEntity`1[[iCore.Common.Entities.IPartnerAttributeType, iCore.Common.Entities, Version=3.40.0.0, Culture=neutral, PublicKeyToken=fe44b4a6e7c933aa]]
iCore.Common.Entities.ILazyLoadedEntity`1[[iCore.Common.Entities.IPartnerAttributeType, iCore.Common.Entities, Version=3.40.0.0, Culture=neutral, PublicKeyToken=fe44b4a6e7c933aa]][]
iCore.Common.Entities.INode
iCore.Common.Entities.IEvent
iCore.Common.Entities.IJob
iCore.Common.Entities.ILogEntry
iCore.Public.Types.LogLevel
iCore.Common.LogMessageTypeID
iCore.Common.Entities.IWorkflow
System.Collections.Generic.IEnumerable`1[[iCore.Common.Entities.EntityKey, iCore.Common.Entities, Version=3.40.0.0, Culture=neutral, PublicKeyToken=fe44b4a6e7c933aa]]
iCore.Common.Entities.WorkflowClassification
iCore.Common.Entities.IWorkflow
iCore.Common.Entities.IAdapterFlow
iCore.Common.Entities.IAdapterFlow
iCore.Common.Types.LogLevelFilter
iCore.Common.Types.EntryPointNameValue
iCore.Common.Entities.IScript
iCore.Common.Entities.IScript
iCore.Common.Entities.ITimer
iCore.Common.Entities.ITimer
iCore.Common.Types.TimerFrequency
iCore.Common.Types.TimerInterval+TimerIntervalType
iCore.Common.Entities.ILazyLoadedEntity`1[[iCore.Common.Entities.ITimerEvent, iCore.Common.Entities, Version=3.40.0.0, Culture=neutral, PublicKeyToken=fe44b4a6e7c933aa]]
iCore.Common.Entities.ITimerEvent
iCore.Common.Entities.ITimer
iCore.SAS.Administration.ILazySubEntity`1[[iCore.Common.Entities.ITimerEvent, iCore.Common.Entities, Version=3.40.0.0, Culture=neutral, PublicKeyToken=fe44b4a6e7c933aa]]
iCore.Common.Entities.TimerEventPriority
iCore.Common.Entities.ILazyLoadedEntity`1[[iCore.Common.Entities.ITimerEvent, iCore.Common.Entities, Version=3.40.0.0, Culture=neutral, PublicKeyToken=fe44b4a6e7c933aa]][]
System.Int32[]
iCore.SAS.Interfaces.WeekDay
iCore.SAS.Interfaces.WeekDay[]
System.Collections.Generic.IEnumerable`1[[iCore.Common.Entities.EntityKey, iCore.Common.Entities, Version=3.40.0.0, Culture=neutral, PublicKeyToken=fe44b4a6e7c933aa]]
iCore.Common.Entities.ISettingAttributeGroupType
iCore.Common.Entities.ISettingAttributeGroupType
iCore.Common.Entities.ILazyLoadedEntity`1[[iCore.Common.Entities.ISettingAttributeType, iCore.Common.Entities, Version=3.40.0.0, Culture=neutral, PublicKeyToken=fe44b4a6e7c933aa]]
iCore.Common.Entities.ISettingAttributeType
iCore.Common.Entities.ISettingAttributeGroupType
iCore.SAS.Administration.ILazySubEntity`1[[iCore.Common.Entities.ISettingAttributeType, iCore.Common.Entities, Version=3.40.0.0, Culture=neutral, PublicKeyToken=fe44b4a6e7c933aa]]
iCore.Common.Entities.ILazyLoadedEntity`1[[iCore.Common.Entities.ISettingAttributeType, iCore.Common.Entities, Version=3.40.0.0, Culture=neutral, PublicKeyToken=fe44b4a6e7c933aa]][]
System.Collections.Generic.IEnumerable`1[[iCore.Common.Entities.EntityKey, iCore.Common.Entities, Version=3.40.0.0, Culture=neutral, PublicKeyToken=fe44b4a6e7c933aa]]
iCore.Common.Entities.ISetting
iCore.Common.Entities.ISetting
iCore.Common.Entities.ILazyLoadedEntity`1[[iCore.Common.Entities.ISettingIdentity, iCore.Common.Entities, Version=3.40.0.0, Culture=neutral, PublicKeyToken=fe44b4a6e7c933aa]]
iCore.Common.Entities.ISettingIdentity
iCore.Common.Entities.ILazyLoadedEntity`1[[iCore.Common.Entities.ISettingIdentity, iCore.Common.Entities, Version=3.40.0.0, Culture=neutral, PublicKeyToken=fe44b4a6e7c933aa]][]
iCore.Common.Entities.ILazyLoadedEntity`1[[iCore.Common.Entities.ISettingAttributeGroupInstance, iCore.Common.Entities, Version=3.40.0.0, Culture=neutral, PublicKeyToken=fe44b4a6e7c933aa]]
iCore.Common.Entities.ISettingAttributeGroupInstance
iCore.Common.Entities.ILazyLoadedEntity`1[[iCore.Common.Entities.ISettingAttributeValue, iCore.Common.Entities, Version=3.40.0.0, Culture=neutral, PublicKeyToken=fe44b4a6e7c933aa]]
iCore.Common.Entities.ILazyLoadedEntity`1[[iCore.Common.Entities.ISettingAttributeValue, iCore.Common.Entities, Version=3.40.0.0, Culture=neutral, PublicKeyToken=fe44b4a6e7c933aa]][]
iCore.Common.Entities.ISetting
iCore.Common.Entities.ILazyLoadedEntity`1[[iCore.Common.Entities.ISettingAttributeGroupType, iCore.Common.Entities, Version=3.40.0.0, Culture=neutral, PublicKeyToken=fe44b4a6e7c933aa]]
iCore.Common.Entities.ILazyLoadedEntity`1[[iCore.Common.Entities.ISettingAttributeGroupInstance, iCore.Common.Entities, Version=3.40.0.0, Culture=neutral, PublicKeyToken=fe44b4a6e7c933aa]][]
System.String
iCore.SAS.Administration.ILazySubEntity`1[[iCore.Common.Entities.ISettingAttributeGroupInstance, iCore.Common.Entities, Version=3.40.0.0, Culture=neutral, PublicKeyToken=fe44b4a6e7c933aa]]
System.Collections.Generic.IEnumerable`1[[iCore.Common.Entities.EntityKey, iCore.Common.Entities, Version=3.40.0.0, Culture=neutral, PublicKeyToken=fe44b4a6e7c933aa]]
iCore.Common.Entities.ISettingAttributeValue
iCore.Common.Entities.ISetting
iCore.SAS.Administration.ILazySubEntity`1[[iCore.Common.Entities.ISettingAttributeGroupInstance, iCore.Common.Entities, Version=3.40.0.0, Culture=neutral, PublicKeyToken=fe44b4a6e7c933aa]]
iCore.SAS.Administration.ILazySubEntity`1[[iCore.Common.Entities.ISettingAttributeValue, iCore.Common.Entities, Version=3.40.0.0, Culture=neutral, PublicKeyToken=fe44b4a6e7c933aa]]
iCore.Common.Entities.IWebServiceDefinition
iCore.Common.Entities.IWebServiceDefinition
iCore.Common.Entities.ILazyKeyedCollection`2[[System.String, mscorlib, Version=4.0.0.0, Culture=neutral, PublicKeyToken=b77a5c561934e089],[iCore.Common.Entities.WebServiceActivityTypeInfo, iCore.Common.Entities, Version=3.40.0.0, Culture=neutral, PublicKeyToken=fe44b4a6e7c933aa]]
iCore.Common.Entities.WebServiceActivityTypeInfo
iCore.Common.Entities.ILazyKeyedCollection`2[[System.String, mscorlib, Version=4.0.0.0, Culture=neutral, PublicKeyToken=b77a5c561934e089],[iCore.Common.Entities.CategorizedNamedItem, iCore.Common.Entities, Version=3.40.0.0, Culture=neutral, PublicKeyToken=fe44b4a6e7c933aa]]
iCore.Common.Entities.CategorizedNamedItem
iCore.Common.Entities.ILazyKeyedCollection`2[[System.String, mscorlib, Version=4.0.0.0, Culture=neutral, PublicKeyToken=b77a5c561934e089],[iCore.Common.Entities.WebServiceAssemblyInfo, iCore.Common.Entities, Version=3.40.0.0, Culture=neutral, PublicKeyToken=fe44b4a6e7c933aa]]
iCore.Common.Entities.WebServiceAssemblyInfo
iCore.Common.Entities.ILazyKeyedCollection`2[[System.String, mscorlib, Version=4.0.0.0, Culture=neutral, PublicKeyToken=b77a5c561934e089],[iCore.Common.Entities.WebServiceSchemaInfo, iCore.Common.Entities, Version=3.40.0.0, Culture=neutral, PublicKeyToken=fe44b4a6e7c933aa]]
iCore.Common.Entities.WebServiceSchemaInfo
iCore.Common.Entities.SchemaType[]
iCore.Common.Entities.SchemaType
System.Uri
System.Version
iCore.Common.Entities.WebServiceGenerationOptions
iCore.Common.Entities.ICrossReferenceTable
iCore.Common.Entities.ICrossReferenceTable
iCore.Common.Entities.ILazyLoadedEntity`1[[iCore.Common.Entities.ICrossReferenceEntry, iCore.Common.Entities, Version=3.40.0.0, Culture=neutral, PublicKeyToken=fe44b4a6e7c933aa]]
iCore.Common.Entities.ICrossReferenceEntry
iCore.Common.Entities.ICrossReferenceTable
iCore.SAS.Administration.ILazySubEntity`1[[iCore.Common.Entities.ICrossReferenceEntry, iCore.Common.Entities, Version=3.40.0.0, Culture=neutral, PublicKeyToken=fe44b4a6e7c933aa]]
iCore.Common.Entities.ILazyLoadedEntity`1[[iCore.Common.Entities.ICrossReferenceEntry, iCore.Common.Entities, Version=3.40.0.0, Culture=neutral, PublicKeyToken=fe44b4a6e7c933aa]][]
System.Collections.Generic.IEnumerable`1[[iCore.Common.Entities.EntityKey, iCore.Common.Entities, Version=3.40.0.0, Culture=neutral, PublicKeyToken=fe44b4a6e7c933aa]]
iCore.Common.Entities.ICounter
iCore.Common.Entities.ICounter
iCore.Common.Entities.CounterCheckType
iCore.Common.Entities.AppendDateTimePosition
iCore.Common.Entities.IEntityFilter
iCore.Common.Entities.IEntityFilter
iCore.Common.Entities.ICompositeEntity
iCore.Common.Entities.CorrelatedActive
iCore.Common.IconEntity
iCore.Common.Entities.IServer
iCore.Common.Entities.ISystemQueue
iCore.Management.Monitoring.FailoverServerPartState
iCore.Public.Types.ServerPartType
iCore.Management.Monitoring.ServerPartStatus
System.Nullable`1[[System.Int64, mscorlib, Version=4.0.0.0, Culture=neutral, PublicKeyToken=b77a5c561934e089]]
iCore.Management.Monitoring.EventListenerState
iCore.Management.Monitoring.EventListenerStatistics
iCore.Management.Monitoring.TimeOfLastOperationTrackingStatisticsCounter
iCore.Management.Monitoring.EventProcessorState
iCore.Management.Monitoring.EventProcessorStatistics
iCore.Management.Monitoring.JobManagerState
iCore.Management.Monitoring.JobManagerStatistics
iCore.Management.Monitoring.StatisticsCounter
iCore.Management.Monitoring.EventGeneratorState+TimerDetails
iCore.Management.Monitoring.TimerType
iCore.Management.Monitoring.EventGeneratorState
iCore.Management.Monitoring.EventGeneratorState+TimerDetails[]
iCore.Management.Monitoring.DetailedServerPartState
iCore.SAS.Administration.Models.ServerStatusModel
iCore.SAS.Administration.Models.ServerPartDataModel
iCore.SAS.Administration.Models.ServerPartDataModel[]
iCore.Management.Monitoring.ServiceStatus
iCore.Management.Monitoring.SystemEventProcessorState
iCore.Management.Monitoring.SystemEventProcessorStatistics
iCore.Management.Monitoring.WorkerHostProcessBaseInfo
System.Int64[]
iCore.Management.Monitoring.WorkerHostProcessBaseInfo[]
iCore.Management.Monitoring.SystemMonitorServerConnectionInfo
iCore.Management.Monitoring.ServerConnectionStatus
iCore.Management.Monitoring.SystemMonitorServerInfo
iCore.Management.Monitoring.SystemMonitorServerPartInfo[]
iCore.Management.Monitoring.SystemMonitorServerPartInfo
iCore.Management.Monitoring.WorkerHostProcessInfo
iCore.Management.Monitoring.WorkerHostStatistics
iCore.SAS.Administration.Models.SystemMonitorDataModel
iCore.SAS.Administration.Models.ServerStatusModel[]
iCore.SAS.Administration.Models.ServerPartDataModel
iCore.SAS.Administration.Models.SystemEventProcessorDataModel
iCore.SAS.Administration.Models.SystemEventProcessDataModel
iCore.SAS.Administration.Models.SystemEventProcessDataModel[]
iCore.SAS.Administration.Models.WorkerHostManagerDataModel
iCore.SAS.Administration.Models.WorkerHostManagerProcessDataModel
System.Double
iCore.SAS.Administration.Models.WorkerHostManagerProcessDataModel[]
iCore.SAS.Administration.Models.WorkerHostManagerJobDataModel
iCore.SAS.Administration.Models.WorkerHostManagerJobDataModel[]
iCore.SAS.Administration.Models.EventGeneratorDataModel
iCore.SAS.Administration.Models.TimerDetailsDataModel
iCore.SAS.Administration.Models.TimerDetailsDataModel[]
iCore.SAS.Administration.Models.ServerMonitorDataModel
iCore.SAS.Administration.Models.SerializableServerDataModel
iCore.SAS.Administration.Models.SerializableServerDataModel[]
iCore.SAS.Administration.Models.EventListenerDataModel
iCore.SAS.Administration.Models.JobManagerDataModel
iCore.SAS.Administration.Models.EventProcessorDataModel
System.Char
System.Guid
System.String
System.Boolean
System.Collections.Generic.IEnumerable`1[[iCore.Common.Entities.EntityKey, iCore.Common.Entities, Version=3.40.0.0, Culture=neutral, PublicKeyToken=fe44b4a6e7c933aa]]
UnitTests_SAS.FakeTypeWithProgressReportingCommandProvider</StdOut>
      </Output>
    </UnitTestResult>
    <UnitTestResult executionId="0ae47633-5540-4854-9874-788baeba6455" testId="0abd71ca-ff15-d09a-284f-9ed6d275d33d" testName="GetAllSystems_NoSacl_ListsAllSystems" computerName="ICSWS068" duration="00:00:00.2697825" startTime="2016-08-04T09:59:29.2345164+02:00" endTime="2016-08-04T09:59:29.5058792+02:00" testType="13cdc9d9-ddb5-4fa4-a97d-d965ccfc6d4b" outcome="Passed" testListId="8c84fa94-04c1-424b-9868-57a2d4851a1d" relativeResultsDirectory="0ae47633-5540-4854-9874-788baeba6455">
      <Output>
        <StdOut>Debug Trace:
iCore.Common.Entities.IEntity
iCore.Common.Entities.EntityKey
iCore.Common.Entities.EntityTypeId
iCore.Common.Entities.IComponentDefinition
System.String
System.DateTime
iCore.Common.Entities.IEventHistory
iCore.Common.Entities.ILazyLoadedEntity`1[[iCore.Common.Entities.IJob, iCore.Common.Entities, Version=3.40.0.0, Culture=neutral, PublicKeyToken=fe44b4a6e7c933aa]]
iCore.Common.Entities.IJob
iCore.Common.Entities.EntityKey
iCore.Common.Entities.EArgument
System.Boolean
System.Int64
iCore.Common.Entities.EventState
iCore.Common.Entities.EventReason
iCore.Common.Entities.EArgument[]
iCore.Common.Entities.ILazyLoadedEntity`1[[iCore.Common.Entities.IComponentConfiguration, iCore.Common.Entities, Version=3.40.0.0, Culture=neutral, PublicKeyToken=fe44b4a6e7c933aa]]
iCore.Common.Entities.IComponentConfiguration
iCore.Common.Entities.ILazyLoadedEntity`1[[iCore.Common.Entities.ICategoryMembership, iCore.Common.Entities, Version=3.40.0.0, Culture=neutral, PublicKeyToken=fe44b4a6e7c933aa]][]
iCore.Common.Entities.ILazyLoadedEntity`1[[iCore.Common.Entities.ICategoryMembership, iCore.Common.Entities, Version=3.40.0.0, Culture=neutral, PublicKeyToken=fe44b4a6e7c933aa]]
iCore.Common.Entities.ICategoryMembership
iCore.Common.Entities.ICategory
iCore.Common.Entities.ICategory
iCore.Common.Entities.ILazyLoadedEntity`1[[iCore.Common.Entities.ICategory, iCore.Common.Entities, Version=3.40.0.0, Culture=neutral, PublicKeyToken=fe44b4a6e7c933aa]]
System.Nullable`1[[System.Guid, mscorlib, Version=4.0.0.0, Culture=neutral, PublicKeyToken=b77a5c561934e089]]
System.TimeSpan
System.Guid
iCore.Common.Entities.IComponentConfiguration
iCore.Common.Entities.ILazyLoadedEntity`1[[iCore.Common.Entities.IApplicationPool, iCore.Common.Entities, Version=3.40.0.0, Culture=neutral, PublicKeyToken=fe44b4a6e7c933aa]]
iCore.Common.Entities.IApplicationPool
iCore.Common.Entities.IApplicationPool
iCore.Common.Entities.ILazyLoadedEntity`1[[iCore.Common.Entities.IServer, iCore.Common.Entities, Version=3.40.0.0, Culture=neutral, PublicKeyToken=fe44b4a6e7c933aa]]
iCore.Common.Entities.IServer
iCore.Common.Entities.ServerStartupSpecialTask
System.Nullable`1[[System.UInt16, mscorlib, Version=4.0.0.0, Culture=neutral, PublicKeyToken=b77a5c561934e089]]
System.UInt16
System.Int16
iCore.Common.Entities.IUser
iCore.Common.Entities.IUserGroup
iCore.Common.Entities.UserDisplayOptions
iCore.Common.Entities.MainTreeDisplayOptions
iCore.Common.Entities.NodeContent
iCore.Common.Entities.ILazyLoadedEntity`1[[iCore.Common.Entities.IUserGroup, iCore.Common.Entities, Version=3.40.0.0, Culture=neutral, PublicKeyToken=fe44b4a6e7c933aa]]
iCore.Common.Entities.ViewMode
iCore.Common.Entities.ILazyLoadedEntity`1[[iCore.Common.Entities.IUser, iCore.Common.Entities, Version=3.40.0.0, Culture=neutral, PublicKeyToken=fe44b4a6e7c933aa]]
iCore.Common.Entities.ILazyLoadedEntity`1[[iCore.Common.Entities.IApplicationPoolImplementation, iCore.Common.Entities, Version=3.40.0.0, Culture=neutral, PublicKeyToken=fe44b4a6e7c933aa]][]
iCore.Common.Entities.ILazyLoadedEntity`1[[iCore.Common.Entities.IApplicationPoolImplementation, iCore.Common.Entities, Version=3.40.0.0, Culture=neutral, PublicKeyToken=fe44b4a6e7c933aa]]
iCore.Common.Entities.IApplicationPoolImplementation
iCore.SAS.Administration.ILazySubEntity`1[[iCore.Common.Entities.IApplicationPoolImplementation, iCore.Common.Entities, Version=3.40.0.0, Culture=neutral, PublicKeyToken=fe44b4a6e7c933aa]]
iCore.Common.Entities.IServer
iCore.Common.Entities.ILazyLoadedEntity`1[[iCore.Common.Entities.INode, iCore.Common.Entities, Version=3.40.0.0, Culture=neutral, PublicKeyToken=fe44b4a6e7c933aa]]
iCore.Common.Entities.INode
iCore.Common.Entities.INode
System.String
iCore.Common.Entities.ILazyLoadedEntity`1[[iCore.Common.Entities.INodeAttributeValue, iCore.Common.Entities, Version=3.40.0.0, Culture=neutral, PublicKeyToken=fe44b4a6e7c933aa]][]
iCore.Common.Entities.ILazyLoadedEntity`1[[iCore.Common.Entities.INodeAttributeValue, iCore.Common.Entities, Version=3.40.0.0, Culture=neutral, PublicKeyToken=fe44b4a6e7c933aa]]
iCore.Common.Entities.INodeAttributeValue
iCore.SAS.Administration.ILazySubEntity`1[[iCore.Common.Entities.INodeAttributeValue, iCore.Common.Entities, Version=3.40.0.0, Culture=neutral, PublicKeyToken=fe44b4a6e7c933aa]]
System.Object
iCore.Public.Types.ScriptVarType
iCore.Common.Entities.INodeAttributeType
iCore.Common.Entities.INodeAttributeType
iCore.Common.Entities.INode
iCore.Common.Entities.ILazyLoadedEntity`1[[iCore.Common.Entities.INodeAttributeType, iCore.Common.Entities, Version=3.40.0.0, Culture=neutral, PublicKeyToken=fe44b4a6e7c933aa]]
iCore.Common.Entities.IPartner
System.String
iCore.Common.Entities.IEntityImage
iCore.Common.Entities.SizedEntityImage[]
iCore.Common.Entities.SizedEntityImage
System.Drawing.Size
iCore.Common.Entities.ILazyLoadedEntity`1[[iCore.Common.Entities.IPartnerAttributeGroupInstance, iCore.Common.Entities, Version=3.40.0.0, Culture=neutral, PublicKeyToken=fe44b4a6e7c933aa]][]
iCore.Common.Entities.ILazyLoadedEntity`1[[iCore.Common.Entities.IPartnerAttributeGroupInstance, iCore.Common.Entities, Version=3.40.0.0, Culture=neutral, PublicKeyToken=fe44b4a6e7c933aa]]
iCore.Common.Entities.IPartnerAttributeGroupInstance
iCore.Common.Entities.IPartnerAttributeGroupType
iCore.Common.Entities.IPartnerAttributeGroupType
iCore.Common.Entities.ILazyLoadedEntity`1[[iCore.Common.Entities.IPartnerAttributeValue, iCore.Common.Entities, Version=3.40.0.0, Culture=neutral, PublicKeyToken=fe44b4a6e7c933aa]]
iCore.Common.Entities.IPartnerAttributeValue
iCore.SAS.Administration.ILazySubEntity`1[[iCore.Common.Entities.IPartnerAttributeValue, iCore.Common.Entities, Version=3.40.0.0, Culture=neutral, PublicKeyToken=fe44b4a6e7c933aa]]
iCore.Common.Entities.ILazyLoadedEntity`1[[iCore.Common.Entities.IPartnerAttributeValue, iCore.Common.Entities, Version=3.40.0.0, Culture=neutral, PublicKeyToken=fe44b4a6e7c933aa]][]
iCore.SAS.Administration.ILazySubEntity`1[[iCore.Common.Entities.IPartnerAttributeGroupInstance, iCore.Common.Entities, Version=3.40.0.0, Culture=neutral, PublicKeyToken=fe44b4a6e7c933aa]]
iCore.Common.Entities.ILazyLoadedEntity`1[[iCore.Common.Entities.IPartnerAttributeGroupType, iCore.Common.Entities, Version=3.40.0.0, Culture=neutral, PublicKeyToken=fe44b4a6e7c933aa]]
iCore.Common.Entities.ILazyLoadedEntity`1[[iCore.Common.Entities.IPartnerIdentity, iCore.Common.Entities, Version=3.40.0.0, Culture=neutral, PublicKeyToken=fe44b4a6e7c933aa]][]
iCore.Common.Entities.ILazyLoadedEntity`1[[iCore.Common.Entities.IPartnerIdentity, iCore.Common.Entities, Version=3.40.0.0, Culture=neutral, PublicKeyToken=fe44b4a6e7c933aa]]
iCore.Common.Entities.IPartnerIdentity
iCore.Common.Entities.IPartner
iCore.Common.Entities.ILazyLoadedEntity`1[[iCore.Common.Entities.IPartner, iCore.Common.Entities, Version=3.40.0.0, Culture=neutral, PublicKeyToken=fe44b4a6e7c933aa]]
iCore.Common.Entities.INodeTypeVersion
iCore.Common.Entities.INodeTypeVersion
iCore.Common.Entities.INodeType
iCore.Common.Entities.INodeTypeStyleSheet
iCore.Common.Entities.INodeType
iCore.Common.Entities.ILazyLoadedEntity`1[[iCore.Common.Entities.INodeTypeVersion, iCore.Common.Entities, Version=3.40.0.0, Culture=neutral, PublicKeyToken=fe44b4a6e7c933aa]]
iCore.Common.Entities.IEventType
iCore.Common.Entities.SelectionRule
iCore.Common.Entities.EventTypes
iCore.Common.Entities.EventTrackingCleanupRole
iCore.Common.Entities.IEventType
iCore.Common.Entities.ILazyLoadedEntity`1[[iCore.Common.Entities.INodeType, iCore.Common.Entities, Version=3.40.0.0, Culture=neutral, PublicKeyToken=fe44b4a6e7c933aa]]
iCore.Common.Entities.ILazyLoadedEntity`1[[iCore.Common.Entities.IEvent, iCore.Common.Entities, Version=3.40.0.0, Culture=neutral, PublicKeyToken=fe44b4a6e7c933aa]]
iCore.Common.Entities.IEvent
iCore.Common.Entities.MatchedStatus
iCore.Common.Entities.EventSourceType
iCore.Common.Entities.ILazyLoadedEntity`1[[iCore.Common.Entities.IEventType, iCore.Common.Entities, Version=3.40.0.0, Culture=neutral, PublicKeyToken=fe44b4a6e7c933aa]]
iCore.Common.Entities.ILazyLoadedEntity`1[[iCore.Common.Entities.IEventHandler, iCore.Common.Entities, Version=3.40.0.0, Culture=neutral, PublicKeyToken=fe44b4a6e7c933aa]]
iCore.Common.Entities.IEventHandler
iCore.Common.Entities.EventHandlerStatus
iCore.Common.Entities.IEventHandler
iCore.Common.Entities.ILazyLoadedEntity`1[[iCore.Common.Entities.IComponentDefinition, iCore.Common.Entities, Version=3.40.0.0, Culture=neutral, PublicKeyToken=fe44b4a6e7c933aa]]
System.Nullable`1[[System.DateTime, mscorlib, Version=4.0.0.0, Culture=neutral, PublicKeyToken=b77a5c561934e089]]
iCore.Common.Entities.JobState
iCore.Common.Entities.JobHistoryReason
iCore.Common.Entities.JobType
System.Byte
System.Int32
iCore.Public.Types.JobLifetime
iCore.Common.Entities.EntityKey[]
System.Collections.Generic.IEnumerable`1[[iCore.Common.Entities.EntityKey, iCore.Common.Entities, Version=3.40.0.0, Culture=neutral, PublicKeyToken=fe44b4a6e7c933aa]]
iCore.Common.Entities.ILazyLoadedEntity`1[[iCore.Common.Entities.IPartnerAttributeType, iCore.Common.Entities, Version=3.40.0.0, Culture=neutral, PublicKeyToken=fe44b4a6e7c933aa]]
iCore.Common.Entities.IPartnerAttributeType
System.Collections.Generic.IEnumerable`1[[iCore.Common.Entities.EntityKey, iCore.Common.Entities, Version=3.40.0.0, Culture=neutral, PublicKeyToken=fe44b4a6e7c933aa]]
iCore.Common.Entities.IPartnerAttributeGroupType
iCore.SAS.Administration.ILazySubEntity`1[[iCore.Common.Entities.IPartnerAttributeType, iCore.Common.Entities, Version=3.40.0.0, Culture=neutral, PublicKeyToken=fe44b4a6e7c933aa]]
iCore.Common.Entities.ILazyLoadedEntity`1[[iCore.Common.Entities.IPartnerAttributeType, iCore.Common.Entities, Version=3.40.0.0, Culture=neutral, PublicKeyToken=fe44b4a6e7c933aa]][]
iCore.Common.Entities.INode
iCore.Common.Entities.IEvent
iCore.Common.Entities.IJob
iCore.Common.Entities.ILogEntry
iCore.Public.Types.LogLevel
iCore.Common.LogMessageTypeID
iCore.Common.Entities.IWorkflow
System.Collections.Generic.IEnumerable`1[[iCore.Common.Entities.EntityKey, iCore.Common.Entities, Version=3.40.0.0, Culture=neutral, PublicKeyToken=fe44b4a6e7c933aa]]
iCore.Common.Entities.WorkflowClassification
iCore.Common.Entities.IWorkflow
iCore.Common.Entities.IAdapterFlow
iCore.Common.Entities.IAdapterFlow
iCore.Common.Types.LogLevelFilter
iCore.Common.Types.EntryPointNameValue
iCore.Common.Entities.IScript
iCore.Common.Entities.IScript
iCore.Common.Entities.ITimer
iCore.Common.Entities.ITimer
iCore.Common.Types.TimerFrequency
iCore.Common.Types.TimerInterval+TimerIntervalType
iCore.Common.Entities.ILazyLoadedEntity`1[[iCore.Common.Entities.ITimerEvent, iCore.Common.Entities, Version=3.40.0.0, Culture=neutral, PublicKeyToken=fe44b4a6e7c933aa]]
iCore.Common.Entities.ITimerEvent
iCore.Common.Entities.ITimer
iCore.SAS.Administration.ILazySubEntity`1[[iCore.Common.Entities.ITimerEvent, iCore.Common.Entities, Version=3.40.0.0, Culture=neutral, PublicKeyToken=fe44b4a6e7c933aa]]
iCore.Common.Entities.TimerEventPriority
iCore.Common.Entities.ILazyLoadedEntity`1[[iCore.Common.Entities.ITimerEvent, iCore.Common.Entities, Version=3.40.0.0, Culture=neutral, PublicKeyToken=fe44b4a6e7c933aa]][]
System.Int32[]
iCore.SAS.Interfaces.WeekDay
iCore.SAS.Interfaces.WeekDay[]
System.Collections.Generic.IEnumerable`1[[iCore.Common.Entities.EntityKey, iCore.Common.Entities, Version=3.40.0.0, Culture=neutral, PublicKeyToken=fe44b4a6e7c933aa]]
iCore.Common.Entities.ISettingAttributeGroupType
iCore.Common.Entities.ISettingAttributeGroupType
iCore.Common.Entities.ILazyLoadedEntity`1[[iCore.Common.Entities.ISettingAttributeType, iCore.Common.Entities, Version=3.40.0.0, Culture=neutral, PublicKeyToken=fe44b4a6e7c933aa]]
iCore.Common.Entities.ISettingAttributeType
iCore.Common.Entities.ISettingAttributeGroupType
iCore.SAS.Administration.ILazySubEntity`1[[iCore.Common.Entities.ISettingAttributeType, iCore.Common.Entities, Version=3.40.0.0, Culture=neutral, PublicKeyToken=fe44b4a6e7c933aa]]
iCore.Common.Entities.ILazyLoadedEntity`1[[iCore.Common.Entities.ISettingAttributeType, iCore.Common.Entities, Version=3.40.0.0, Culture=neutral, PublicKeyToken=fe44b4a6e7c933aa]][]
System.Collections.Generic.IEnumerable`1[[iCore.Common.Entities.EntityKey, iCore.Common.Entities, Version=3.40.0.0, Culture=neutral, PublicKeyToken=fe44b4a6e7c933aa]]
iCore.Common.Entities.ISetting
iCore.Common.Entities.ISetting
iCore.Common.Entities.ILazyLoadedEntity`1[[iCore.Common.Entities.ISettingIdentity, iCore.Common.Entities, Version=3.40.0.0, Culture=neutral, PublicKeyToken=fe44b4a6e7c933aa]]
iCore.Common.Entities.ISettingIdentity
iCore.Common.Entities.ILazyLoadedEntity`1[[iCore.Common.Entities.ISettingIdentity, iCore.Common.Entities, Version=3.40.0.0, Culture=neutral, PublicKeyToken=fe44b4a6e7c933aa]][]
iCore.Common.Entities.ILazyLoadedEntity`1[[iCore.Common.Entities.ISettingAttributeGroupInstance, iCore.Common.Entities, Version=3.40.0.0, Culture=neutral, PublicKeyToken=fe44b4a6e7c933aa]]
iCore.Common.Entities.ISettingAttributeGroupInstance
iCore.Common.Entities.ILazyLoadedEntity`1[[iCore.Common.Entities.ISettingAttributeValue, iCore.Common.Entities, Version=3.40.0.0, Culture=neutral, PublicKeyToken=fe44b4a6e7c933aa]]
iCore.Common.Entities.ILazyLoadedEntity`1[[iCore.Common.Entities.ISettingAttributeValue, iCore.Common.Entities, Version=3.40.0.0, Culture=neutral, PublicKeyToken=fe44b4a6e7c933aa]][]
iCore.Common.Entities.ISetting
iCore.Common.Entities.ILazyLoadedEntity`1[[iCore.Common.Entities.ISettingAttributeGroupType, iCore.Common.Entities, Version=3.40.0.0, Culture=neutral, PublicKeyToken=fe44b4a6e7c933aa]]
iCore.Common.Entities.ILazyLoadedEntity`1[[iCore.Common.Entities.ISettingAttributeGroupInstance, iCore.Common.Entities, Version=3.40.0.0, Culture=neutral, PublicKeyToken=fe44b4a6e7c933aa]][]
System.String
iCore.SAS.Administration.ILazySubEntity`1[[iCore.Common.Entities.ISettingAttributeGroupInstance, iCore.Common.Entities, Version=3.40.0.0, Culture=neutral, PublicKeyToken=fe44b4a6e7c933aa]]
System.Collections.Generic.IEnumerable`1[[iCore.Common.Entities.EntityKey, iCore.Common.Entities, Version=3.40.0.0, Culture=neutral, PublicKeyToken=fe44b4a6e7c933aa]]
iCore.Common.Entities.ISettingAttributeValue
iCore.Common.Entities.ISetting
iCore.SAS.Administration.ILazySubEntity`1[[iCore.Common.Entities.ISettingAttributeGroupInstance, iCore.Common.Entities, Version=3.40.0.0, Culture=neutral, PublicKeyToken=fe44b4a6e7c933aa]]
iCore.SAS.Administration.ILazySubEntity`1[[iCore.Common.Entities.ISettingAttributeValue, iCore.Common.Entities, Version=3.40.0.0, Culture=neutral, PublicKeyToken=fe44b4a6e7c933aa]]
iCore.Common.Entities.IWebServiceDefinition
iCore.Common.Entities.IWebServiceDefinition
iCore.Common.Entities.ILazyKeyedCollection`2[[System.String, mscorlib, Version=4.0.0.0, Culture=neutral, PublicKeyToken=b77a5c561934e089],[iCore.Common.Entities.WebServiceActivityTypeInfo, iCore.Common.Entities, Version=3.40.0.0, Culture=neutral, PublicKeyToken=fe44b4a6e7c933aa]]
iCore.Common.Entities.WebServiceActivityTypeInfo
iCore.Common.Entities.ILazyKeyedCollection`2[[System.String, mscorlib, Version=4.0.0.0, Culture=neutral, PublicKeyToken=b77a5c561934e089],[iCore.Common.Entities.CategorizedNamedItem, iCore.Common.Entities, Version=3.40.0.0, Culture=neutral, PublicKeyToken=fe44b4a6e7c933aa]]
iCore.Common.Entities.CategorizedNamedItem
iCore.Common.Entities.ILazyKeyedCollection`2[[System.String, mscorlib, Version=4.0.0.0, Culture=neutral, PublicKeyToken=b77a5c561934e089],[iCore.Common.Entities.WebServiceAssemblyInfo, iCore.Common.Entities, Version=3.40.0.0, Culture=neutral, PublicKeyToken=fe44b4a6e7c933aa]]
iCore.Common.Entities.WebServiceAssemblyInfo
iCore.Common.Entities.ILazyKeyedCollection`2[[System.String, mscorlib, Version=4.0.0.0, Culture=neutral, PublicKeyToken=b77a5c561934e089],[iCore.Common.Entities.WebServiceSchemaInfo, iCore.Common.Entities, Version=3.40.0.0, Culture=neutral, PublicKeyToken=fe44b4a6e7c933aa]]
iCore.Common.Entities.WebServiceSchemaInfo
iCore.Common.Entities.SchemaType[]
iCore.Common.Entities.SchemaType
System.Uri
System.Version
iCore.Common.Entities.WebServiceGenerationOptions
iCore.Common.Entities.ICrossReferenceTable
iCore.Common.Entities.ICrossReferenceTable
iCore.Common.Entities.ILazyLoadedEntity`1[[iCore.Common.Entities.ICrossReferenceEntry, iCore.Common.Entities, Version=3.40.0.0, Culture=neutral, PublicKeyToken=fe44b4a6e7c933aa]]
iCore.Common.Entities.ICrossReferenceEntry
iCore.Common.Entities.ICrossReferenceTable
iCore.SAS.Administration.ILazySubEntity`1[[iCore.Common.Entities.ICrossReferenceEntry, iCore.Common.Entities, Version=3.40.0.0, Culture=neutral, PublicKeyToken=fe44b4a6e7c933aa]]
iCore.Common.Entities.ILazyLoadedEntity`1[[iCore.Common.Entities.ICrossReferenceEntry, iCore.Common.Entities, Version=3.40.0.0, Culture=neutral, PublicKeyToken=fe44b4a6e7c933aa]][]
System.Collections.Generic.IEnumerable`1[[iCore.Common.Entities.EntityKey, iCore.Common.Entities, Version=3.40.0.0, Culture=neutral, PublicKeyToken=fe44b4a6e7c933aa]]
iCore.Common.Entities.ICounter
iCore.Common.Entities.ICounter
iCore.Common.Entities.CounterCheckType
iCore.Common.Entities.AppendDateTimePosition
iCore.Common.Entities.IEntityFilter
iCore.Common.Entities.IEntityFilter
iCore.Common.Entities.ICompositeEntity
iCore.Common.Entities.CorrelatedActive
iCore.Common.IconEntity
iCore.Common.Entities.IServer
iCore.Common.Entities.ISystemQueue
iCore.Management.Monitoring.FailoverServerPartState
iCore.Public.Types.ServerPartType
iCore.Management.Monitoring.ServerPartStatus
System.Nullable`1[[System.Int64, mscorlib, Version=4.0.0.0, Culture=neutral, PublicKeyToken=b77a5c561934e089]]
iCore.Management.Monitoring.EventListenerState
iCore.Management.Monitoring.EventListenerStatistics
iCore.Management.Monitoring.TimeOfLastOperationTrackingStatisticsCounter
iCore.Management.Monitoring.EventProcessorState
iCore.Management.Monitoring.EventProcessorStatistics
iCore.Management.Monitoring.JobManagerState
iCore.Management.Monitoring.JobManagerStatistics
iCore.Management.Monitoring.StatisticsCounter
iCore.Management.Monitoring.EventGeneratorState+TimerDetails
iCore.Management.Monitoring.TimerType
iCore.Management.Monitoring.EventGeneratorState
iCore.Management.Monitoring.EventGeneratorState+TimerDetails[]
iCore.Management.Monitoring.DetailedServerPartState
iCore.SAS.Administration.Models.ServerStatusModel
iCore.SAS.Administration.Models.ServerPartDataModel
iCore.SAS.Administration.Models.ServerPartDataModel[]
iCore.Management.Monitoring.ServiceStatus
iCore.Management.Monitoring.SystemEventProcessorState
iCore.Management.Monitoring.SystemEventProcessorStatistics
iCore.Management.Monitoring.WorkerHostProcessBaseInfo
System.Int64[]
iCore.Management.Monitoring.WorkerHostProcessBaseInfo[]
iCore.Management.Monitoring.SystemMonitorServerConnectionInfo
iCore.Management.Monitoring.ServerConnectionStatus
iCore.Management.Monitoring.SystemMonitorServerInfo
iCore.Management.Monitoring.SystemMonitorServerPartInfo[]
iCore.Management.Monitoring.SystemMonitorServerPartInfo
iCore.Management.Monitoring.WorkerHostProcessInfo
iCore.Management.Monitoring.WorkerHostStatistics
iCore.SAS.Administration.Models.SystemMonitorDataModel
iCore.SAS.Administration.Models.ServerStatusModel[]
iCore.SAS.Administration.Models.ServerPartDataModel
iCore.SAS.Administration.Models.SystemEventProcessorDataModel
iCore.SAS.Administration.Models.SystemEventProcessDataModel
iCore.SAS.Administration.Models.SystemEventProcessDataModel[]
iCore.SAS.Administration.Models.WorkerHostManagerDataModel
iCore.SAS.Administration.Models.WorkerHostManagerProcessDataModel
System.Double
iCore.SAS.Administration.Models.WorkerHostManagerProcessDataModel[]
iCore.SAS.Administration.Models.WorkerHostManagerJobDataModel
iCore.SAS.Administration.Models.WorkerHostManagerJobDataModel[]
iCore.SAS.Administration.Models.EventGeneratorDataModel
iCore.SAS.Administration.Models.TimerDetailsDataModel
iCore.SAS.Administration.Models.TimerDetailsDataModel[]
iCore.SAS.Administration.Models.ServerMonitorDataModel
iCore.SAS.Administration.Models.SerializableServerDataModel
iCore.SAS.Administration.Models.SerializableServerDataModel[]
iCore.SAS.Administration.Models.EventListenerDataModel
iCore.SAS.Administration.Models.JobManagerDataModel
iCore.SAS.Administration.Models.EventProcessorDataModel
System.Char
System.Guid
System.String
System.Boolean
System.Collections.Generic.IEnumerable`1[[iCore.Common.Entities.EntityKey, iCore.Common.Entities, Version=3.40.0.0, Culture=neutral, PublicKeyToken=fe44b4a6e7c933aa]]</StdOut>
      </Output>
    </UnitTestResult>
    <UnitTestResult executionId="a064a7db-d02e-479c-9e5c-d059928cef70" testId="448d194e-8f6e-0913-3eb2-7c7bebf82bbd" testName="GetAllSystems_AllowDefault_SingleDeny_ListsAllSystemsExceptDenied" computerName="ICSWS068" duration="00:00:00.2805130" startTime="2016-08-04T09:59:29.5093803+02:00" endTime="2016-08-04T09:59:29.7915823+02:00" testType="13cdc9d9-ddb5-4fa4-a97d-d965ccfc6d4b" outcome="Passed" testListId="8c84fa94-04c1-424b-9868-57a2d4851a1d" relativeResultsDirectory="a064a7db-d02e-479c-9e5c-d059928cef70">
      <Output>
        <StdOut>Debug Trace:
iCore.Common.Entities.IEntity
iCore.Common.Entities.EntityKey
iCore.Common.Entities.EntityTypeId
iCore.Common.Entities.IComponentDefinition
System.String
System.DateTime
iCore.Common.Entities.IEventHistory
iCore.Common.Entities.ILazyLoadedEntity`1[[iCore.Common.Entities.IJob, iCore.Common.Entities, Version=3.40.0.0, Culture=neutral, PublicKeyToken=fe44b4a6e7c933aa]]
iCore.Common.Entities.IJob
iCore.Common.Entities.EntityKey
iCore.Common.Entities.EArgument
System.Boolean
System.Int64
iCore.Common.Entities.EventState
iCore.Common.Entities.EventReason
iCore.Common.Entities.EArgument[]
iCore.Common.Entities.ILazyLoadedEntity`1[[iCore.Common.Entities.IComponentConfiguration, iCore.Common.Entities, Version=3.40.0.0, Culture=neutral, PublicKeyToken=fe44b4a6e7c933aa]]
iCore.Common.Entities.IComponentConfiguration
iCore.Common.Entities.ILazyLoadedEntity`1[[iCore.Common.Entities.ICategoryMembership, iCore.Common.Entities, Version=3.40.0.0, Culture=neutral, PublicKeyToken=fe44b4a6e7c933aa]][]
iCore.Common.Entities.ILazyLoadedEntity`1[[iCore.Common.Entities.ICategoryMembership, iCore.Common.Entities, Version=3.40.0.0, Culture=neutral, PublicKeyToken=fe44b4a6e7c933aa]]
iCore.Common.Entities.ICategoryMembership
iCore.Common.Entities.ICategory
iCore.Common.Entities.ICategory
iCore.Common.Entities.ILazyLoadedEntity`1[[iCore.Common.Entities.ICategory, iCore.Common.Entities, Version=3.40.0.0, Culture=neutral, PublicKeyToken=fe44b4a6e7c933aa]]
System.Nullable`1[[System.Guid, mscorlib, Version=4.0.0.0, Culture=neutral, PublicKeyToken=b77a5c561934e089]]
System.TimeSpan
System.Guid
iCore.Common.Entities.IComponentConfiguration
iCore.Common.Entities.ILazyLoadedEntity`1[[iCore.Common.Entities.IApplicationPool, iCore.Common.Entities, Version=3.40.0.0, Culture=neutral, PublicKeyToken=fe44b4a6e7c933aa]]
iCore.Common.Entities.IApplicationPool
iCore.Common.Entities.IApplicationPool
iCore.Common.Entities.ILazyLoadedEntity`1[[iCore.Common.Entities.IServer, iCore.Common.Entities, Version=3.40.0.0, Culture=neutral, PublicKeyToken=fe44b4a6e7c933aa]]
iCore.Common.Entities.IServer
iCore.Common.Entities.ServerStartupSpecialTask
System.Nullable`1[[System.UInt16, mscorlib, Version=4.0.0.0, Culture=neutral, PublicKeyToken=b77a5c561934e089]]
System.UInt16
System.Int16
iCore.Common.Entities.IUser
iCore.Common.Entities.IUserGroup
iCore.Common.Entities.UserDisplayOptions
iCore.Common.Entities.MainTreeDisplayOptions
iCore.Common.Entities.NodeContent
iCore.Common.Entities.ILazyLoadedEntity`1[[iCore.Common.Entities.IUserGroup, iCore.Common.Entities, Version=3.40.0.0, Culture=neutral, PublicKeyToken=fe44b4a6e7c933aa]]
iCore.Common.Entities.ViewMode
iCore.Common.Entities.ILazyLoadedEntity`1[[iCore.Common.Entities.IUser, iCore.Common.Entities, Version=3.40.0.0, Culture=neutral, PublicKeyToken=fe44b4a6e7c933aa]]
iCore.Common.Entities.ILazyLoadedEntity`1[[iCore.Common.Entities.IApplicationPoolImplementation, iCore.Common.Entities, Version=3.40.0.0, Culture=neutral, PublicKeyToken=fe44b4a6e7c933aa]][]
iCore.Common.Entities.ILazyLoadedEntity`1[[iCore.Common.Entities.IApplicationPoolImplementation, iCore.Common.Entities, Version=3.40.0.0, Culture=neutral, PublicKeyToken=fe44b4a6e7c933aa]]
iCore.Common.Entities.IApplicationPoolImplementation
iCore.SAS.Administration.ILazySubEntity`1[[iCore.Common.Entities.IApplicationPoolImplementation, iCore.Common.Entities, Version=3.40.0.0, Culture=neutral, PublicKeyToken=fe44b4a6e7c933aa]]
iCore.Common.Entities.IServer
iCore.Common.Entities.ILazyLoadedEntity`1[[iCore.Common.Entities.INode, iCore.Common.Entities, Version=3.40.0.0, Culture=neutral, PublicKeyToken=fe44b4a6e7c933aa]]
iCore.Common.Entities.INode
iCore.Common.Entities.INode
System.String
iCore.Common.Entities.ILazyLoadedEntity`1[[iCore.Common.Entities.INodeAttributeValue, iCore.Common.Entities, Version=3.40.0.0, Culture=neutral, PublicKeyToken=fe44b4a6e7c933aa]][]
iCore.Common.Entities.ILazyLoadedEntity`1[[iCore.Common.Entities.INodeAttributeValue, iCore.Common.Entities, Version=3.40.0.0, Culture=neutral, PublicKeyToken=fe44b4a6e7c933aa]]
iCore.Common.Entities.INodeAttributeValue
iCore.SAS.Administration.ILazySubEntity`1[[iCore.Common.Entities.INodeAttributeValue, iCore.Common.Entities, Version=3.40.0.0, Culture=neutral, PublicKeyToken=fe44b4a6e7c933aa]]
System.Object
iCore.Public.Types.ScriptVarType
iCore.Common.Entities.INodeAttributeType
iCore.Common.Entities.INodeAttributeType
iCore.Common.Entities.INode
iCore.Common.Entities.ILazyLoadedEntity`1[[iCore.Common.Entities.INodeAttributeType, iCore.Common.Entities, Version=3.40.0.0, Culture=neutral, PublicKeyToken=fe44b4a6e7c933aa]]
iCore.Common.Entities.IPartner
System.String
iCore.Common.Entities.IEntityImage
iCore.Common.Entities.SizedEntityImage[]
iCore.Common.Entities.SizedEntityImage
System.Drawing.Size
iCore.Common.Entities.ILazyLoadedEntity`1[[iCore.Common.Entities.IPartnerAttributeGroupInstance, iCore.Common.Entities, Version=3.40.0.0, Culture=neutral, PublicKeyToken=fe44b4a6e7c933aa]][]
iCore.Common.Entities.ILazyLoadedEntity`1[[iCore.Common.Entities.IPartnerAttributeGroupInstance, iCore.Common.Entities, Version=3.40.0.0, Culture=neutral, PublicKeyToken=fe44b4a6e7c933aa]]
iCore.Common.Entities.IPartnerAttributeGroupInstance
iCore.Common.Entities.IPartnerAttributeGroupType
iCore.Common.Entities.IPartnerAttributeGroupType
iCore.Common.Entities.ILazyLoadedEntity`1[[iCore.Common.Entities.IPartnerAttributeValue, iCore.Common.Entities, Version=3.40.0.0, Culture=neutral, PublicKeyToken=fe44b4a6e7c933aa]]
iCore.Common.Entities.IPartnerAttributeValue
iCore.SAS.Administration.ILazySubEntity`1[[iCore.Common.Entities.IPartnerAttributeValue, iCore.Common.Entities, Version=3.40.0.0, Culture=neutral, PublicKeyToken=fe44b4a6e7c933aa]]
iCore.Common.Entities.ILazyLoadedEntity`1[[iCore.Common.Entities.IPartnerAttributeValue, iCore.Common.Entities, Version=3.40.0.0, Culture=neutral, PublicKeyToken=fe44b4a6e7c933aa]][]
iCore.SAS.Administration.ILazySubEntity`1[[iCore.Common.Entities.IPartnerAttributeGroupInstance, iCore.Common.Entities, Version=3.40.0.0, Culture=neutral, PublicKeyToken=fe44b4a6e7c933aa]]
iCore.Common.Entities.ILazyLoadedEntity`1[[iCore.Common.Entities.IPartnerAttributeGroupType, iCore.Common.Entities, Version=3.40.0.0, Culture=neutral, PublicKeyToken=fe44b4a6e7c933aa]]
iCore.Common.Entities.ILazyLoadedEntity`1[[iCore.Common.Entities.IPartnerIdentity, iCore.Common.Entities, Version=3.40.0.0, Culture=neutral, PublicKeyToken=fe44b4a6e7c933aa]][]
iCore.Common.Entities.ILazyLoadedEntity`1[[iCore.Common.Entities.IPartnerIdentity, iCore.Common.Entities, Version=3.40.0.0, Culture=neutral, PublicKeyToken=fe44b4a6e7c933aa]]
iCore.Common.Entities.IPartnerIdentity
iCore.Common.Entities.IPartner
iCore.Common.Entities.ILazyLoadedEntity`1[[iCore.Common.Entities.IPartner, iCore.Common.Entities, Version=3.40.0.0, Culture=neutral, PublicKeyToken=fe44b4a6e7c933aa]]
iCore.Common.Entities.INodeTypeVersion
iCore.Common.Entities.INodeTypeVersion
iCore.Common.Entities.INodeType
iCore.Common.Entities.INodeTypeStyleSheet
iCore.Common.Entities.INodeType
iCore.Common.Entities.ILazyLoadedEntity`1[[iCore.Common.Entities.INodeTypeVersion, iCore.Common.Entities, Version=3.40.0.0, Culture=neutral, PublicKeyToken=fe44b4a6e7c933aa]]
iCore.Common.Entities.IEventType
iCore.Common.Entities.SelectionRule
iCore.Common.Entities.EventTypes
iCore.Common.Entities.EventTrackingCleanupRole
iCore.Common.Entities.IEventType
iCore.Common.Entities.ILazyLoadedEntity`1[[iCore.Common.Entities.INodeType, iCore.Common.Entities, Version=3.40.0.0, Culture=neutral, PublicKeyToken=fe44b4a6e7c933aa]]
iCore.Common.Entities.ILazyLoadedEntity`1[[iCore.Common.Entities.IEvent, iCore.Common.Entities, Version=3.40.0.0, Culture=neutral, PublicKeyToken=fe44b4a6e7c933aa]]
iCore.Common.Entities.IEvent
iCore.Common.Entities.MatchedStatus
iCore.Common.Entities.EventSourceType
iCore.Common.Entities.ILazyLoadedEntity`1[[iCore.Common.Entities.IEventType, iCore.Common.Entities, Version=3.40.0.0, Culture=neutral, PublicKeyToken=fe44b4a6e7c933aa]]
iCore.Common.Entities.ILazyLoadedEntity`1[[iCore.Common.Entities.IEventHandler, iCore.Common.Entities, Version=3.40.0.0, Culture=neutral, PublicKeyToken=fe44b4a6e7c933aa]]
iCore.Common.Entities.IEventHandler
iCore.Common.Entities.EventHandlerStatus
iCore.Common.Entities.IEventHandler
iCore.Common.Entities.ILazyLoadedEntity`1[[iCore.Common.Entities.IComponentDefinition, iCore.Common.Entities, Version=3.40.0.0, Culture=neutral, PublicKeyToken=fe44b4a6e7c933aa]]
System.Nullable`1[[System.DateTime, mscorlib, Version=4.0.0.0, Culture=neutral, PublicKeyToken=b77a5c561934e089]]
iCore.Common.Entities.JobState
iCore.Common.Entities.JobHistoryReason
iCore.Common.Entities.JobType
System.Byte
System.Int32
iCore.Public.Types.JobLifetime
iCore.Common.Entities.EntityKey[]
System.Collections.Generic.IEnumerable`1[[iCore.Common.Entities.EntityKey, iCore.Common.Entities, Version=3.40.0.0, Culture=neutral, PublicKeyToken=fe44b4a6e7c933aa]]
iCore.Common.Entities.ILazyLoadedEntity`1[[iCore.Common.Entities.IPartnerAttributeType, iCore.Common.Entities, Version=3.40.0.0, Culture=neutral, PublicKeyToken=fe44b4a6e7c933aa]]
iCore.Common.Entities.IPartnerAttributeType
System.Collections.Generic.IEnumerable`1[[iCore.Common.Entities.EntityKey, iCore.Common.Entities, Version=3.40.0.0, Culture=neutral, PublicKeyToken=fe44b4a6e7c933aa]]
iCore.Common.Entities.IPartnerAttributeGroupType
iCore.SAS.Administration.ILazySubEntity`1[[iCore.Common.Entities.IPartnerAttributeType, iCore.Common.Entities, Version=3.40.0.0, Culture=neutral, PublicKeyToken=fe44b4a6e7c933aa]]
iCore.Common.Entities.ILazyLoadedEntity`1[[iCore.Common.Entities.IPartnerAttributeType, iCore.Common.Entities, Version=3.40.0.0, Culture=neutral, PublicKeyToken=fe44b4a6e7c933aa]][]
iCore.Common.Entities.INode
iCore.Common.Entities.IEvent
iCore.Common.Entities.IJob
iCore.Common.Entities.ILogEntry
iCore.Public.Types.LogLevel
iCore.Common.LogMessageTypeID
iCore.Common.Entities.IWorkflow
System.Collections.Generic.IEnumerable`1[[iCore.Common.Entities.EntityKey, iCore.Common.Entities, Version=3.40.0.0, Culture=neutral, PublicKeyToken=fe44b4a6e7c933aa]]
iCore.Common.Entities.WorkflowClassification
iCore.Common.Entities.IWorkflow
iCore.Common.Entities.IAdapterFlow
iCore.Common.Entities.IAdapterFlow
iCore.Common.Types.LogLevelFilter
iCore.Common.Types.EntryPointNameValue
iCore.Common.Entities.IScript
iCore.Common.Entities.IScript
iCore.Common.Entities.ITimer
iCore.Common.Entities.ITimer
iCore.Common.Types.TimerFrequency
iCore.Common.Types.TimerInterval+TimerIntervalType
iCore.Common.Entities.ILazyLoadedEntity`1[[iCore.Common.Entities.ITimerEvent, iCore.Common.Entities, Version=3.40.0.0, Culture=neutral, PublicKeyToken=fe44b4a6e7c933aa]]
iCore.Common.Entities.ITimerEvent
iCore.Common.Entities.ITimer
iCore.SAS.Administration.ILazySubEntity`1[[iCore.Common.Entities.ITimerEvent, iCore.Common.Entities, Version=3.40.0.0, Culture=neutral, PublicKeyToken=fe44b4a6e7c933aa]]
iCore.Common.Entities.TimerEventPriority
iCore.Common.Entities.ILazyLoadedEntity`1[[iCore.Common.Entities.ITimerEvent, iCore.Common.Entities, Version=3.40.0.0, Culture=neutral, PublicKeyToken=fe44b4a6e7c933aa]][]
System.Int32[]
iCore.SAS.Interfaces.WeekDay
iCore.SAS.Interfaces.WeekDay[]
System.Collections.Generic.IEnumerable`1[[iCore.Common.Entities.EntityKey, iCore.Common.Entities, Version=3.40.0.0, Culture=neutral, PublicKeyToken=fe44b4a6e7c933aa]]
iCore.Common.Entities.ISettingAttributeGroupType
iCore.Common.Entities.ISettingAttributeGroupType
iCore.Common.Entities.ILazyLoadedEntity`1[[iCore.Common.Entities.ISettingAttributeType, iCore.Common.Entities, Version=3.40.0.0, Culture=neutral, PublicKeyToken=fe44b4a6e7c933aa]]
iCore.Common.Entities.ISettingAttributeType
iCore.Common.Entities.ISettingAttributeGroupType
iCore.SAS.Administration.ILazySubEntity`1[[iCore.Common.Entities.ISettingAttributeType, iCore.Common.Entities, Version=3.40.0.0, Culture=neutral, PublicKeyToken=fe44b4a6e7c933aa]]
iCore.Common.Entities.ILazyLoadedEntity`1[[iCore.Common.Entities.ISettingAttributeType, iCore.Common.Entities, Version=3.40.0.0, Culture=neutral, PublicKeyToken=fe44b4a6e7c933aa]][]
System.Collections.Generic.IEnumerable`1[[iCore.Common.Entities.EntityKey, iCore.Common.Entities, Version=3.40.0.0, Culture=neutral, PublicKeyToken=fe44b4a6e7c933aa]]
iCore.Common.Entities.ISetting
iCore.Common.Entities.ISetting
iCore.Common.Entities.ILazyLoadedEntity`1[[iCore.Common.Entities.ISettingIdentity, iCore.Common.Entities, Version=3.40.0.0, Culture=neutral, PublicKeyToken=fe44b4a6e7c933aa]]
iCore.Common.Entities.ISettingIdentity
iCore.Common.Entities.ILazyLoadedEntity`1[[iCore.Common.Entities.ISettingIdentity, iCore.Common.Entities, Version=3.40.0.0, Culture=neutral, PublicKeyToken=fe44b4a6e7c933aa]][]
iCore.Common.Entities.ILazyLoadedEntity`1[[iCore.Common.Entities.ISettingAttributeGroupInstance, iCore.Common.Entities, Version=3.40.0.0, Culture=neutral, PublicKeyToken=fe44b4a6e7c933aa]]
iCore.Common.Entities.ISettingAttributeGroupInstance
iCore.Common.Entities.ILazyLoadedEntity`1[[iCore.Common.Entities.ISettingAttributeValue, iCore.Common.Entities, Version=3.40.0.0, Culture=neutral, PublicKeyToken=fe44b4a6e7c933aa]]
iCore.Common.Entities.ILazyLoadedEntity`1[[iCore.Common.Entities.ISettingAttributeValue, iCore.Common.Entities, Version=3.40.0.0, Culture=neutral, PublicKeyToken=fe44b4a6e7c933aa]][]
iCore.Common.Entities.ISetting
iCore.Common.Entities.ILazyLoadedEntity`1[[iCore.Common.Entities.ISettingAttributeGroupType, iCore.Common.Entities, Version=3.40.0.0, Culture=neutral, PublicKeyToken=fe44b4a6e7c933aa]]
iCore.Common.Entities.ILazyLoadedEntity`1[[iCore.Common.Entities.ISettingAttributeGroupInstance, iCore.Common.Entities, Version=3.40.0.0, Culture=neutral, PublicKeyToken=fe44b4a6e7c933aa]][]
System.String
iCore.SAS.Administration.ILazySubEntity`1[[iCore.Common.Entities.ISettingAttributeGroupInstance, iCore.Common.Entities, Version=3.40.0.0, Culture=neutral, PublicKeyToken=fe44b4a6e7c933aa]]
System.Collections.Generic.IEnumerable`1[[iCore.Common.Entities.EntityKey, iCore.Common.Entities, Version=3.40.0.0, Culture=neutral, PublicKeyToken=fe44b4a6e7c933aa]]
iCore.Common.Entities.ISettingAttributeValue
iCore.Common.Entities.ISetting
iCore.SAS.Administration.ILazySubEntity`1[[iCore.Common.Entities.ISettingAttributeGroupInstance, iCore.Common.Entities, Version=3.40.0.0, Culture=neutral, PublicKeyToken=fe44b4a6e7c933aa]]
iCore.SAS.Administration.ILazySubEntity`1[[iCore.Common.Entities.ISettingAttributeValue, iCore.Common.Entities, Version=3.40.0.0, Culture=neutral, PublicKeyToken=fe44b4a6e7c933aa]]
iCore.Common.Entities.IWebServiceDefinition
iCore.Common.Entities.IWebServiceDefinition
iCore.Common.Entities.ILazyKeyedCollection`2[[System.String, mscorlib, Version=4.0.0.0, Culture=neutral, PublicKeyToken=b77a5c561934e089],[iCore.Common.Entities.WebServiceActivityTypeInfo, iCore.Common.Entities, Version=3.40.0.0, Culture=neutral, PublicKeyToken=fe44b4a6e7c933aa]]
iCore.Common.Entities.WebServiceActivityTypeInfo
iCore.Common.Entities.ILazyKeyedCollection`2[[System.String, mscorlib, Version=4.0.0.0, Culture=neutral, PublicKeyToken=b77a5c561934e089],[iCore.Common.Entities.CategorizedNamedItem, iCore.Common.Entities, Version=3.40.0.0, Culture=neutral, PublicKeyToken=fe44b4a6e7c933aa]]
iCore.Common.Entities.CategorizedNamedItem
iCore.Common.Entities.ILazyKeyedCollection`2[[System.String, mscorlib, Version=4.0.0.0, Culture=neutral, PublicKeyToken=b77a5c561934e089],[iCore.Common.Entities.WebServiceAssemblyInfo, iCore.Common.Entities, Version=3.40.0.0, Culture=neutral, PublicKeyToken=fe44b4a6e7c933aa]]
iCore.Common.Entities.WebServiceAssemblyInfo
iCore.Common.Entities.ILazyKeyedCollection`2[[System.String, mscorlib, Version=4.0.0.0, Culture=neutral, PublicKeyToken=b77a5c561934e089],[iCore.Common.Entities.WebServiceSchemaInfo, iCore.Common.Entities, Version=3.40.0.0, Culture=neutral, PublicKeyToken=fe44b4a6e7c933aa]]
iCore.Common.Entities.WebServiceSchemaInfo
iCore.Common.Entities.SchemaType[]
iCore.Common.Entities.SchemaType
System.Uri
System.Version
iCore.Common.Entities.WebServiceGenerationOptions
iCore.Common.Entities.ICrossReferenceTable
iCore.Common.Entities.ICrossReferenceTable
iCore.Common.Entities.ILazyLoadedEntity`1[[iCore.Common.Entities.ICrossReferenceEntry, iCore.Common.Entities, Version=3.40.0.0, Culture=neutral, PublicKeyToken=fe44b4a6e7c933aa]]
iCore.Common.Entities.ICrossReferenceEntry
iCore.Common.Entities.ICrossReferenceTable
iCore.SAS.Administration.ILazySubEntity`1[[iCore.Common.Entities.ICrossReferenceEntry, iCore.Common.Entities, Version=3.40.0.0, Culture=neutral, PublicKeyToken=fe44b4a6e7c933aa]]
iCore.Common.Entities.ILazyLoadedEntity`1[[iCore.Common.Entities.ICrossReferenceEntry, iCore.Common.Entities, Version=3.40.0.0, Culture=neutral, PublicKeyToken=fe44b4a6e7c933aa]][]
System.Collections.Generic.IEnumerable`1[[iCore.Common.Entities.EntityKey, iCore.Common.Entities, Version=3.40.0.0, Culture=neutral, PublicKeyToken=fe44b4a6e7c933aa]]
iCore.Common.Entities.ICounter
iCore.Common.Entities.ICounter
iCore.Common.Entities.CounterCheckType
iCore.Common.Entities.AppendDateTimePosition
iCore.Common.Entities.IEntityFilter
iCore.Common.Entities.IEntityFilter
iCore.Common.Entities.ICompositeEntity
iCore.Common.Entities.CorrelatedActive
iCore.Common.IconEntity
iCore.Common.Entities.IServer
iCore.Common.Entities.ISystemQueue
iCore.Management.Monitoring.FailoverServerPartState
iCore.Public.Types.ServerPartType
iCore.Management.Monitoring.ServerPartStatus
System.Nullable`1[[System.Int64, mscorlib, Version=4.0.0.0, Culture=neutral, PublicKeyToken=b77a5c561934e089]]
iCore.Management.Monitoring.EventListenerState
iCore.Management.Monitoring.EventListenerStatistics
iCore.Management.Monitoring.TimeOfLastOperationTrackingStatisticsCounter
iCore.Management.Monitoring.EventProcessorState
iCore.Management.Monitoring.EventProcessorStatistics
iCore.Management.Monitoring.JobManagerState
iCore.Management.Monitoring.JobManagerStatistics
iCore.Management.Monitoring.StatisticsCounter
iCore.Management.Monitoring.EventGeneratorState+TimerDetails
iCore.Management.Monitoring.TimerType
iCore.Management.Monitoring.EventGeneratorState
iCore.Management.Monitoring.EventGeneratorState+TimerDetails[]
iCore.Management.Monitoring.DetailedServerPartState
iCore.SAS.Administration.Models.ServerStatusModel
iCore.SAS.Administration.Models.ServerPartDataModel
iCore.SAS.Administration.Models.ServerPartDataModel[]
iCore.Management.Monitoring.ServiceStatus
iCore.Management.Monitoring.SystemEventProcessorState
iCore.Management.Monitoring.SystemEventProcessorStatistics
iCore.Management.Monitoring.WorkerHostProcessBaseInfo
System.Int64[]
iCore.Management.Monitoring.WorkerHostProcessBaseInfo[]
iCore.Management.Monitoring.SystemMonitorServerConnectionInfo
iCore.Management.Monitoring.ServerConnectionStatus
iCore.Management.Monitoring.SystemMonitorServerInfo
iCore.Management.Monitoring.SystemMonitorServerPartInfo[]
iCore.Management.Monitoring.SystemMonitorServerPartInfo
iCore.Management.Monitoring.WorkerHostProcessInfo
iCore.Management.Monitoring.WorkerHostStatistics
iCore.SAS.Administration.Models.SystemMonitorDataModel
iCore.SAS.Administration.Models.ServerStatusModel[]
iCore.SAS.Administration.Models.ServerPartDataModel
iCore.SAS.Administration.Models.SystemEventProcessorDataModel
iCore.SAS.Administration.Models.SystemEventProcessDataModel
iCore.SAS.Administration.Models.SystemEventProcessDataModel[]
iCore.SAS.Administration.Models.WorkerHostManagerDataModel
iCore.SAS.Administration.Models.WorkerHostManagerProcessDataModel
System.Double
iCore.SAS.Administration.Models.WorkerHostManagerProcessDataModel[]
iCore.SAS.Administration.Models.WorkerHostManagerJobDataModel
iCore.SAS.Administration.Models.WorkerHostManagerJobDataModel[]
iCore.SAS.Administration.Models.EventGeneratorDataModel
iCore.SAS.Administration.Models.TimerDetailsDataModel
iCore.SAS.Administration.Models.TimerDetailsDataModel[]
iCore.SAS.Administration.Models.ServerMonitorDataModel
iCore.SAS.Administration.Models.SerializableServerDataModel
iCore.SAS.Administration.Models.SerializableServerDataModel[]
iCore.SAS.Administration.Models.EventListenerDataModel
iCore.SAS.Administration.Models.JobManagerDataModel
iCore.SAS.Administration.Models.EventProcessorDataModel
System.Char
System.Guid
System.String
System.Boolean
System.Collections.Generic.IEnumerable`1[[iCore.Common.Entities.EntityKey, iCore.Common.Entities, Version=3.40.0.0, Culture=neutral, PublicKeyToken=fe44b4a6e7c933aa]]</StdOut>
      </Output>
    </UnitTestResult>
    <UnitTestResult executionId="1069687c-01d8-4a97-b379-7cb7b0ca585a" testId="1f104d32-6e9f-be26-b8d1-47fc1f1ec55c" testName="GetAllSystems_DenyDefault_NoSacl_ListsNoSystems" computerName="ICSWS068" duration="00:00:00.0387671" startTime="2016-08-04T09:59:29.7945875+02:00" endTime="2016-08-04T09:59:29.8346411+02:00" testType="13cdc9d9-ddb5-4fa4-a97d-d965ccfc6d4b" outcome="Passed" testListId="8c84fa94-04c1-424b-9868-57a2d4851a1d" relativeResultsDirectory="1069687c-01d8-4a97-b379-7cb7b0ca585a" />
    <UnitTestResult executionId="7661c815-b3ac-4c47-9282-fd46315dac2b" testId="94cce4c8-14fe-6908-41ce-e44eb63792b2" testName="GetAllSystems_DenyDefault_SingleAllow_ListsNoSystems" computerName="ICSWS068" duration="00:00:00.2590599" startTime="2016-08-04T09:59:29.8371419+02:00" endTime="2016-08-04T09:59:30.0974929+02:00" testType="13cdc9d9-ddb5-4fa4-a97d-d965ccfc6d4b" outcome="Passed" testListId="8c84fa94-04c1-424b-9868-57a2d4851a1d" relativeResultsDirectory="7661c815-b3ac-4c47-9282-fd46315dac2b">
      <Output>
        <StdOut>Debug Trace:
iCore.Common.Entities.IEntity
iCore.Common.Entities.EntityKey
iCore.Common.Entities.EntityTypeId
iCore.Common.Entities.IComponentDefinition
System.String
System.DateTime
iCore.Common.Entities.IEventHistory
iCore.Common.Entities.ILazyLoadedEntity`1[[iCore.Common.Entities.IJob, iCore.Common.Entities, Version=3.40.0.0, Culture=neutral, PublicKeyToken=fe44b4a6e7c933aa]]
iCore.Common.Entities.IJob
iCore.Common.Entities.EntityKey
iCore.Common.Entities.EArgument
System.Boolean
System.Int64
iCore.Common.Entities.EventState
iCore.Common.Entities.EventReason
iCore.Common.Entities.EArgument[]
iCore.Common.Entities.ILazyLoadedEntity`1[[iCore.Common.Entities.IComponentConfiguration, iCore.Common.Entities, Version=3.40.0.0, Culture=neutral, PublicKeyToken=fe44b4a6e7c933aa]]
iCore.Common.Entities.IComponentConfiguration
iCore.Common.Entities.ILazyLoadedEntity`1[[iCore.Common.Entities.ICategoryMembership, iCore.Common.Entities, Version=3.40.0.0, Culture=neutral, PublicKeyToken=fe44b4a6e7c933aa]][]
iCore.Common.Entities.ILazyLoadedEntity`1[[iCore.Common.Entities.ICategoryMembership, iCore.Common.Entities, Version=3.40.0.0, Culture=neutral, PublicKeyToken=fe44b4a6e7c933aa]]
iCore.Common.Entities.ICategoryMembership
iCore.Common.Entities.ICategory
iCore.Common.Entities.ICategory
iCore.Common.Entities.ILazyLoadedEntity`1[[iCore.Common.Entities.ICategory, iCore.Common.Entities, Version=3.40.0.0, Culture=neutral, PublicKeyToken=fe44b4a6e7c933aa]]
System.Nullable`1[[System.Guid, mscorlib, Version=4.0.0.0, Culture=neutral, PublicKeyToken=b77a5c561934e089]]
System.TimeSpan
System.Guid
iCore.Common.Entities.IComponentConfiguration
iCore.Common.Entities.ILazyLoadedEntity`1[[iCore.Common.Entities.IApplicationPool, iCore.Common.Entities, Version=3.40.0.0, Culture=neutral, PublicKeyToken=fe44b4a6e7c933aa]]
iCore.Common.Entities.IApplicationPool
iCore.Common.Entities.IApplicationPool
iCore.Common.Entities.ILazyLoadedEntity`1[[iCore.Common.Entities.IServer, iCore.Common.Entities, Version=3.40.0.0, Culture=neutral, PublicKeyToken=fe44b4a6e7c933aa]]
iCore.Common.Entities.IServer
iCore.Common.Entities.ServerStartupSpecialTask
System.Nullable`1[[System.UInt16, mscorlib, Version=4.0.0.0, Culture=neutral, PublicKeyToken=b77a5c561934e089]]
System.UInt16
System.Int16
iCore.Common.Entities.IUser
iCore.Common.Entities.IUserGroup
iCore.Common.Entities.UserDisplayOptions
iCore.Common.Entities.MainTreeDisplayOptions
iCore.Common.Entities.NodeContent
iCore.Common.Entities.ILazyLoadedEntity`1[[iCore.Common.Entities.IUserGroup, iCore.Common.Entities, Version=3.40.0.0, Culture=neutral, PublicKeyToken=fe44b4a6e7c933aa]]
iCore.Common.Entities.ViewMode
iCore.Common.Entities.ILazyLoadedEntity`1[[iCore.Common.Entities.IUser, iCore.Common.Entities, Version=3.40.0.0, Culture=neutral, PublicKeyToken=fe44b4a6e7c933aa]]
iCore.Common.Entities.ILazyLoadedEntity`1[[iCore.Common.Entities.IApplicationPoolImplementation, iCore.Common.Entities, Version=3.40.0.0, Culture=neutral, PublicKeyToken=fe44b4a6e7c933aa]][]
iCore.Common.Entities.ILazyLoadedEntity`1[[iCore.Common.Entities.IApplicationPoolImplementation, iCore.Common.Entities, Version=3.40.0.0, Culture=neutral, PublicKeyToken=fe44b4a6e7c933aa]]
iCore.Common.Entities.IApplicationPoolImplementation
iCore.SAS.Administration.ILazySubEntity`1[[iCore.Common.Entities.IApplicationPoolImplementation, iCore.Common.Entities, Version=3.40.0.0, Culture=neutral, PublicKeyToken=fe44b4a6e7c933aa]]
iCore.Common.Entities.IServer
iCore.Common.Entities.ILazyLoadedEntity`1[[iCore.Common.Entities.INode, iCore.Common.Entities, Version=3.40.0.0, Culture=neutral, PublicKeyToken=fe44b4a6e7c933aa]]
iCore.Common.Entities.INode
iCore.Common.Entities.INode
System.String
iCore.Common.Entities.ILazyLoadedEntity`1[[iCore.Common.Entities.INodeAttributeValue, iCore.Common.Entities, Version=3.40.0.0, Culture=neutral, PublicKeyToken=fe44b4a6e7c933aa]][]
iCore.Common.Entities.ILazyLoadedEntity`1[[iCore.Common.Entities.INodeAttributeValue, iCore.Common.Entities, Version=3.40.0.0, Culture=neutral, PublicKeyToken=fe44b4a6e7c933aa]]
iCore.Common.Entities.INodeAttributeValue
iCore.SAS.Administration.ILazySubEntity`1[[iCore.Common.Entities.INodeAttributeValue, iCore.Common.Entities, Version=3.40.0.0, Culture=neutral, PublicKeyToken=fe44b4a6e7c933aa]]
System.Object
iCore.Public.Types.ScriptVarType
iCore.Common.Entities.INodeAttributeType
iCore.Common.Entities.INodeAttributeType
iCore.Common.Entities.INode
iCore.Common.Entities.ILazyLoadedEntity`1[[iCore.Common.Entities.INodeAttributeType, iCore.Common.Entities, Version=3.40.0.0, Culture=neutral, PublicKeyToken=fe44b4a6e7c933aa]]
iCore.Common.Entities.IPartner
System.String
iCore.Common.Entities.IEntityImage
iCore.Common.Entities.SizedEntityImage[]
iCore.Common.Entities.SizedEntityImage
System.Drawing.Size
iCore.Common.Entities.ILazyLoadedEntity`1[[iCore.Common.Entities.IPartnerAttributeGroupInstance, iCore.Common.Entities, Version=3.40.0.0, Culture=neutral, PublicKeyToken=fe44b4a6e7c933aa]][]
iCore.Common.Entities.ILazyLoadedEntity`1[[iCore.Common.Entities.IPartnerAttributeGroupInstance, iCore.Common.Entities, Version=3.40.0.0, Culture=neutral, PublicKeyToken=fe44b4a6e7c933aa]]
iCore.Common.Entities.IPartnerAttributeGroupInstance
iCore.Common.Entities.IPartnerAttributeGroupType
iCore.Common.Entities.IPartnerAttributeGroupType
iCore.Common.Entities.ILazyLoadedEntity`1[[iCore.Common.Entities.IPartnerAttributeValue, iCore.Common.Entities, Version=3.40.0.0, Culture=neutral, PublicKeyToken=fe44b4a6e7c933aa]]
iCore.Common.Entities.IPartnerAttributeValue
iCore.SAS.Administration.ILazySubEntity`1[[iCore.Common.Entities.IPartnerAttributeValue, iCore.Common.Entities, Version=3.40.0.0, Culture=neutral, PublicKeyToken=fe44b4a6e7c933aa]]
iCore.Common.Entities.ILazyLoadedEntity`1[[iCore.Common.Entities.IPartnerAttributeValue, iCore.Common.Entities, Version=3.40.0.0, Culture=neutral, PublicKeyToken=fe44b4a6e7c933aa]][]
iCore.SAS.Administration.ILazySubEntity`1[[iCore.Common.Entities.IPartnerAttributeGroupInstance, iCore.Common.Entities, Version=3.40.0.0, Culture=neutral, PublicKeyToken=fe44b4a6e7c933aa]]
iCore.Common.Entities.ILazyLoadedEntity`1[[iCore.Common.Entities.IPartnerAttributeGroupType, iCore.Common.Entities, Version=3.40.0.0, Culture=neutral, PublicKeyToken=fe44b4a6e7c933aa]]
iCore.Common.Entities.ILazyLoadedEntity`1[[iCore.Common.Entities.IPartnerIdentity, iCore.Common.Entities, Version=3.40.0.0, Culture=neutral, PublicKeyToken=fe44b4a6e7c933aa]][]
iCore.Common.Entities.ILazyLoadedEntity`1[[iCore.Common.Entities.IPartnerIdentity, iCore.Common.Entities, Version=3.40.0.0, Culture=neutral, PublicKeyToken=fe44b4a6e7c933aa]]
iCore.Common.Entities.IPartnerIdentity
iCore.Common.Entities.IPartner
iCore.Common.Entities.ILazyLoadedEntity`1[[iCore.Common.Entities.IPartner, iCore.Common.Entities, Version=3.40.0.0, Culture=neutral, PublicKeyToken=fe44b4a6e7c933aa]]
iCore.Common.Entities.INodeTypeVersion
iCore.Common.Entities.INodeTypeVersion
iCore.Common.Entities.INodeType
iCore.Common.Entities.INodeTypeStyleSheet
iCore.Common.Entities.INodeType
iCore.Common.Entities.ILazyLoadedEntity`1[[iCore.Common.Entities.INodeTypeVersion, iCore.Common.Entities, Version=3.40.0.0, Culture=neutral, PublicKeyToken=fe44b4a6e7c933aa]]
iCore.Common.Entities.IEventType
iCore.Common.Entities.SelectionRule
iCore.Common.Entities.EventTypes
iCore.Common.Entities.EventTrackingCleanupRole
iCore.Common.Entities.IEventType
iCore.Common.Entities.ILazyLoadedEntity`1[[iCore.Common.Entities.INodeType, iCore.Common.Entities, Version=3.40.0.0, Culture=neutral, PublicKeyToken=fe44b4a6e7c933aa]]
iCore.Common.Entities.ILazyLoadedEntity`1[[iCore.Common.Entities.IEvent, iCore.Common.Entities, Version=3.40.0.0, Culture=neutral, PublicKeyToken=fe44b4a6e7c933aa]]
iCore.Common.Entities.IEvent
iCore.Common.Entities.MatchedStatus
iCore.Common.Entities.EventSourceType
iCore.Common.Entities.ILazyLoadedEntity`1[[iCore.Common.Entities.IEventType, iCore.Common.Entities, Version=3.40.0.0, Culture=neutral, PublicKeyToken=fe44b4a6e7c933aa]]
iCore.Common.Entities.ILazyLoadedEntity`1[[iCore.Common.Entities.IEventHandler, iCore.Common.Entities, Version=3.40.0.0, Culture=neutral, PublicKeyToken=fe44b4a6e7c933aa]]
iCore.Common.Entities.IEventHandler
iCore.Common.Entities.EventHandlerStatus
iCore.Common.Entities.IEventHandler
iCore.Common.Entities.ILazyLoadedEntity`1[[iCore.Common.Entities.IComponentDefinition, iCore.Common.Entities, Version=3.40.0.0, Culture=neutral, PublicKeyToken=fe44b4a6e7c933aa]]
System.Nullable`1[[System.DateTime, mscorlib, Version=4.0.0.0, Culture=neutral, PublicKeyToken=b77a5c561934e089]]
iCore.Common.Entities.JobState
iCore.Common.Entities.JobHistoryReason
iCore.Common.Entities.JobType
System.Byte
System.Int32
iCore.Public.Types.JobLifetime
iCore.Common.Entities.EntityKey[]
System.Collections.Generic.IEnumerable`1[[iCore.Common.Entities.EntityKey, iCore.Common.Entities, Version=3.40.0.0, Culture=neutral, PublicKeyToken=fe44b4a6e7c933aa]]
iCore.Common.Entities.ILazyLoadedEntity`1[[iCore.Common.Entities.IPartnerAttributeType, iCore.Common.Entities, Version=3.40.0.0, Culture=neutral, PublicKeyToken=fe44b4a6e7c933aa]]
iCore.Common.Entities.IPartnerAttributeType
System.Collections.Generic.IEnumerable`1[[iCore.Common.Entities.EntityKey, iCore.Common.Entities, Version=3.40.0.0, Culture=neutral, PublicKeyToken=fe44b4a6e7c933aa]]
iCore.Common.Entities.IPartnerAttributeGroupType
iCore.SAS.Administration.ILazySubEntity`1[[iCore.Common.Entities.IPartnerAttributeType, iCore.Common.Entities, Version=3.40.0.0, Culture=neutral, PublicKeyToken=fe44b4a6e7c933aa]]
iCore.Common.Entities.ILazyLoadedEntity`1[[iCore.Common.Entities.IPartnerAttributeType, iCore.Common.Entities, Version=3.40.0.0, Culture=neutral, PublicKeyToken=fe44b4a6e7c933aa]][]
iCore.Common.Entities.INode
iCore.Common.Entities.IEvent
iCore.Common.Entities.IJob
iCore.Common.Entities.ILogEntry
iCore.Public.Types.LogLevel
iCore.Common.LogMessageTypeID
iCore.Common.Entities.IWorkflow
System.Collections.Generic.IEnumerable`1[[iCore.Common.Entities.EntityKey, iCore.Common.Entities, Version=3.40.0.0, Culture=neutral, PublicKeyToken=fe44b4a6e7c933aa]]
iCore.Common.Entities.WorkflowClassification
iCore.Common.Entities.IWorkflow
iCore.Common.Entities.IAdapterFlow
iCore.Common.Entities.IAdapterFlow
iCore.Common.Types.LogLevelFilter
iCore.Common.Types.EntryPointNameValue
iCore.Common.Entities.IScript
iCore.Common.Entities.IScript
iCore.Common.Entities.ITimer
iCore.Common.Entities.ITimer
iCore.Common.Types.TimerFrequency
iCore.Common.Types.TimerInterval+TimerIntervalType
iCore.Common.Entities.ILazyLoadedEntity`1[[iCore.Common.Entities.ITimerEvent, iCore.Common.Entities, Version=3.40.0.0, Culture=neutral, PublicKeyToken=fe44b4a6e7c933aa]]
iCore.Common.Entities.ITimerEvent
iCore.Common.Entities.ITimer
iCore.SAS.Administration.ILazySubEntity`1[[iCore.Common.Entities.ITimerEvent, iCore.Common.Entities, Version=3.40.0.0, Culture=neutral, PublicKeyToken=fe44b4a6e7c933aa]]
iCore.Common.Entities.TimerEventPriority
iCore.Common.Entities.ILazyLoadedEntity`1[[iCore.Common.Entities.ITimerEvent, iCore.Common.Entities, Version=3.40.0.0, Culture=neutral, PublicKeyToken=fe44b4a6e7c933aa]][]
System.Int32[]
iCore.SAS.Interfaces.WeekDay
iCore.SAS.Interfaces.WeekDay[]
System.Collections.Generic.IEnumerable`1[[iCore.Common.Entities.EntityKey, iCore.Common.Entities, Version=3.40.0.0, Culture=neutral, PublicKeyToken=fe44b4a6e7c933aa]]
iCore.Common.Entities.ISettingAttributeGroupType
iCore.Common.Entities.ISettingAttributeGroupType
iCore.Common.Entities.ILazyLoadedEntity`1[[iCore.Common.Entities.ISettingAttributeType, iCore.Common.Entities, Version=3.40.0.0, Culture=neutral, PublicKeyToken=fe44b4a6e7c933aa]]
iCore.Common.Entities.ISettingAttributeType
iCore.Common.Entities.ISettingAttributeGroupType
iCore.SAS.Administration.ILazySubEntity`1[[iCore.Common.Entities.ISettingAttributeType, iCore.Common.Entities, Version=3.40.0.0, Culture=neutral, PublicKeyToken=fe44b4a6e7c933aa]]
iCore.Common.Entities.ILazyLoadedEntity`1[[iCore.Common.Entities.ISettingAttributeType, iCore.Common.Entities, Version=3.40.0.0, Culture=neutral, PublicKeyToken=fe44b4a6e7c933aa]][]
System.Collections.Generic.IEnumerable`1[[iCore.Common.Entities.EntityKey, iCore.Common.Entities, Version=3.40.0.0, Culture=neutral, PublicKeyToken=fe44b4a6e7c933aa]]
iCore.Common.Entities.ISetting
iCore.Common.Entities.ISetting
iCore.Common.Entities.ILazyLoadedEntity`1[[iCore.Common.Entities.ISettingIdentity, iCore.Common.Entities, Version=3.40.0.0, Culture=neutral, PublicKeyToken=fe44b4a6e7c933aa]]
iCore.Common.Entities.ISettingIdentity
iCore.Common.Entities.ILazyLoadedEntity`1[[iCore.Common.Entities.ISettingIdentity, iCore.Common.Entities, Version=3.40.0.0, Culture=neutral, PublicKeyToken=fe44b4a6e7c933aa]][]
iCore.Common.Entities.ILazyLoadedEntity`1[[iCore.Common.Entities.ISettingAttributeGroupInstance, iCore.Common.Entities, Version=3.40.0.0, Culture=neutral, PublicKeyToken=fe44b4a6e7c933aa]]
iCore.Common.Entities.ISettingAttributeGroupInstance
iCore.Common.Entities.ILazyLoadedEntity`1[[iCore.Common.Entities.ISettingAttributeValue, iCore.Common.Entities, Version=3.40.0.0, Culture=neutral, PublicKeyToken=fe44b4a6e7c933aa]]
iCore.Common.Entities.ILazyLoadedEntity`1[[iCore.Common.Entities.ISettingAttributeValue, iCore.Common.Entities, Version=3.40.0.0, Culture=neutral, PublicKeyToken=fe44b4a6e7c933aa]][]
iCore.Common.Entities.ISetting
iCore.Common.Entities.ILazyLoadedEntity`1[[iCore.Common.Entities.ISettingAttributeGroupType, iCore.Common.Entities, Version=3.40.0.0, Culture=neutral, PublicKeyToken=fe44b4a6e7c933aa]]
iCore.Common.Entities.ILazyLoadedEntity`1[[iCore.Common.Entities.ISettingAttributeGroupInstance, iCore.Common.Entities, Version=3.40.0.0, Culture=neutral, PublicKeyToken=fe44b4a6e7c933aa]][]
System.String
iCore.SAS.Administration.ILazySubEntity`1[[iCore.Common.Entities.ISettingAttributeGroupInstance, iCore.Common.Entities, Version=3.40.0.0, Culture=neutral, PublicKeyToken=fe44b4a6e7c933aa]]
System.Collections.Generic.IEnumerable`1[[iCore.Common.Entities.EntityKey, iCore.Common.Entities, Version=3.40.0.0, Culture=neutral, PublicKeyToken=fe44b4a6e7c933aa]]
iCore.Common.Entities.ISettingAttributeValue
iCore.Common.Entities.ISetting
iCore.SAS.Administration.ILazySubEntity`1[[iCore.Common.Entities.ISettingAttributeGroupInstance, iCore.Common.Entities, Version=3.40.0.0, Culture=neutral, PublicKeyToken=fe44b4a6e7c933aa]]
iCore.SAS.Administration.ILazySubEntity`1[[iCore.Common.Entities.ISettingAttributeValue, iCore.Common.Entities, Version=3.40.0.0, Culture=neutral, PublicKeyToken=fe44b4a6e7c933aa]]
iCore.Common.Entities.IWebServiceDefinition
iCore.Common.Entities.IWebServiceDefinition
iCore.Common.Entities.ILazyKeyedCollection`2[[System.String, mscorlib, Version=4.0.0.0, Culture=neutral, PublicKeyToken=b77a5c561934e089],[iCore.Common.Entities.WebServiceActivityTypeInfo, iCore.Common.Entities, Version=3.40.0.0, Culture=neutral, PublicKeyToken=fe44b4a6e7c933aa]]
iCore.Common.Entities.WebServiceActivityTypeInfo
iCore.Common.Entities.ILazyKeyedCollection`2[[System.String, mscorlib, Version=4.0.0.0, Culture=neutral, PublicKeyToken=b77a5c561934e089],[iCore.Common.Entities.CategorizedNamedItem, iCore.Common.Entities, Version=3.40.0.0, Culture=neutral, PublicKeyToken=fe44b4a6e7c933aa]]
iCore.Common.Entities.CategorizedNamedItem
iCore.Common.Entities.ILazyKeyedCollection`2[[System.String, mscorlib, Version=4.0.0.0, Culture=neutral, PublicKeyToken=b77a5c561934e089],[iCore.Common.Entities.WebServiceAssemblyInfo, iCore.Common.Entities, Version=3.40.0.0, Culture=neutral, PublicKeyToken=fe44b4a6e7c933aa]]
iCore.Common.Entities.WebServiceAssemblyInfo
iCore.Common.Entities.ILazyKeyedCollection`2[[System.String, mscorlib, Version=4.0.0.0, Culture=neutral, PublicKeyToken=b77a5c561934e089],[iCore.Common.Entities.WebServiceSchemaInfo, iCore.Common.Entities, Version=3.40.0.0, Culture=neutral, PublicKeyToken=fe44b4a6e7c933aa]]
iCore.Common.Entities.WebServiceSchemaInfo
iCore.Common.Entities.SchemaType[]
iCore.Common.Entities.SchemaType
System.Uri
System.Version
iCore.Common.Entities.WebServiceGenerationOptions
iCore.Common.Entities.ICrossReferenceTable
iCore.Common.Entities.ICrossReferenceTable
iCore.Common.Entities.ILazyLoadedEntity`1[[iCore.Common.Entities.ICrossReferenceEntry, iCore.Common.Entities, Version=3.40.0.0, Culture=neutral, PublicKeyToken=fe44b4a6e7c933aa]]
iCore.Common.Entities.ICrossReferenceEntry
iCore.Common.Entities.ICrossReferenceTable
iCore.SAS.Administration.ILazySubEntity`1[[iCore.Common.Entities.ICrossReferenceEntry, iCore.Common.Entities, Version=3.40.0.0, Culture=neutral, PublicKeyToken=fe44b4a6e7c933aa]]
iCore.Common.Entities.ILazyLoadedEntity`1[[iCore.Common.Entities.ICrossReferenceEntry, iCore.Common.Entities, Version=3.40.0.0, Culture=neutral, PublicKeyToken=fe44b4a6e7c933aa]][]
System.Collections.Generic.IEnumerable`1[[iCore.Common.Entities.EntityKey, iCore.Common.Entities, Version=3.40.0.0, Culture=neutral, PublicKeyToken=fe44b4a6e7c933aa]]
iCore.Common.Entities.ICounter
iCore.Common.Entities.ICounter
iCore.Common.Entities.CounterCheckType
iCore.Common.Entities.AppendDateTimePosition
iCore.Common.Entities.IEntityFilter
iCore.Common.Entities.IEntityFilter
iCore.Common.Entities.ICompositeEntity
iCore.Common.Entities.CorrelatedActive
iCore.Common.IconEntity
iCore.Common.Entities.IServer
iCore.Common.Entities.ISystemQueue
iCore.Management.Monitoring.FailoverServerPartState
iCore.Public.Types.ServerPartType
iCore.Management.Monitoring.ServerPartStatus
System.Nullable`1[[System.Int64, mscorlib, Version=4.0.0.0, Culture=neutral, PublicKeyToken=b77a5c561934e089]]
iCore.Management.Monitoring.EventListenerState
iCore.Management.Monitoring.EventListenerStatistics
iCore.Management.Monitoring.TimeOfLastOperationTrackingStatisticsCounter
iCore.Management.Monitoring.EventProcessorState
iCore.Management.Monitoring.EventProcessorStatistics
iCore.Management.Monitoring.JobManagerState
iCore.Management.Monitoring.JobManagerStatistics
iCore.Management.Monitoring.StatisticsCounter
iCore.Management.Monitoring.EventGeneratorState+TimerDetails
iCore.Management.Monitoring.TimerType
iCore.Management.Monitoring.EventGeneratorState
iCore.Management.Monitoring.EventGeneratorState+TimerDetails[]
iCore.Management.Monitoring.DetailedServerPartState
iCore.SAS.Administration.Models.ServerStatusModel
iCore.SAS.Administration.Models.ServerPartDataModel
iCore.SAS.Administration.Models.ServerPartDataModel[]
iCore.Management.Monitoring.ServiceStatus
iCore.Management.Monitoring.SystemEventProcessorState
iCore.Management.Monitoring.SystemEventProcessorStatistics
iCore.Management.Monitoring.WorkerHostProcessBaseInfo
System.Int64[]
iCore.Management.Monitoring.WorkerHostProcessBaseInfo[]
iCore.Management.Monitoring.SystemMonitorServerConnectionInfo
iCore.Management.Monitoring.ServerConnectionStatus
iCore.Management.Monitoring.SystemMonitorServerInfo
iCore.Management.Monitoring.SystemMonitorServerPartInfo[]
iCore.Management.Monitoring.SystemMonitorServerPartInfo
iCore.Management.Monitoring.WorkerHostProcessInfo
iCore.Management.Monitoring.WorkerHostStatistics
iCore.SAS.Administration.Models.SystemMonitorDataModel
iCore.SAS.Administration.Models.ServerStatusModel[]
iCore.SAS.Administration.Models.ServerPartDataModel
iCore.SAS.Administration.Models.SystemEventProcessorDataModel
iCore.SAS.Administration.Models.SystemEventProcessDataModel
iCore.SAS.Administration.Models.SystemEventProcessDataModel[]
iCore.SAS.Administration.Models.WorkerHostManagerDataModel
iCore.SAS.Administration.Models.WorkerHostManagerProcessDataModel
System.Double
iCore.SAS.Administration.Models.WorkerHostManagerProcessDataModel[]
iCore.SAS.Administration.Models.WorkerHostManagerJobDataModel
iCore.SAS.Administration.Models.WorkerHostManagerJobDataModel[]
iCore.SAS.Administration.Models.EventGeneratorDataModel
iCore.SAS.Administration.Models.TimerDetailsDataModel
iCore.SAS.Administration.Models.TimerDetailsDataModel[]
iCore.SAS.Administration.Models.ServerMonitorDataModel
iCore.SAS.Administration.Models.SerializableServerDataModel
iCore.SAS.Administration.Models.SerializableServerDataModel[]
iCore.SAS.Administration.Models.EventListenerDataModel
iCore.SAS.Administration.Models.JobManagerDataModel
iCore.SAS.Administration.Models.EventProcessorDataModel
System.Char
System.Guid
System.String
System.Boolean
System.Collections.Generic.IEnumerable`1[[iCore.Common.Entities.EntityKey, iCore.Common.Entities, Version=3.40.0.0, Culture=neutral, PublicKeyToken=fe44b4a6e7c933aa]]</StdOut>
      </Output>
    </UnitTestResult>
    <UnitTestResult executionId="dcc81d53-98a0-4d59-9026-1b0c26da757c" testId="f12d4e5d-40e4-d199-1cc3-d2fd2f38e362" testName="GetAllSystems_DenyDefault_StarAllow_ListsExpectedSystems" computerName="ICSWS068" duration="00:00:00.2724484" startTime="2016-08-04T09:59:30.1009955+02:00" endTime="2016-08-04T09:59:30.3746891+02:00" testType="13cdc9d9-ddb5-4fa4-a97d-d965ccfc6d4b" outcome="Passed" testListId="8c84fa94-04c1-424b-9868-57a2d4851a1d" relativeResultsDirectory="dcc81d53-98a0-4d59-9026-1b0c26da757c">
      <Output>
        <StdOut>Debug Trace:
iCore.Common.Entities.IEntity
iCore.Common.Entities.EntityKey
iCore.Common.Entities.EntityTypeId
iCore.Common.Entities.IComponentDefinition
System.String
System.DateTime
iCore.Common.Entities.IEventHistory
iCore.Common.Entities.ILazyLoadedEntity`1[[iCore.Common.Entities.IJob, iCore.Common.Entities, Version=3.40.0.0, Culture=neutral, PublicKeyToken=fe44b4a6e7c933aa]]
iCore.Common.Entities.IJob
iCore.Common.Entities.EntityKey
iCore.Common.Entities.EArgument
System.Boolean
System.Int64
iCore.Common.Entities.EventState
iCore.Common.Entities.EventReason
iCore.Common.Entities.EArgument[]
iCore.Common.Entities.ILazyLoadedEntity`1[[iCore.Common.Entities.IComponentConfiguration, iCore.Common.Entities, Version=3.40.0.0, Culture=neutral, PublicKeyToken=fe44b4a6e7c933aa]]
iCore.Common.Entities.IComponentConfiguration
iCore.Common.Entities.ILazyLoadedEntity`1[[iCore.Common.Entities.ICategoryMembership, iCore.Common.Entities, Version=3.40.0.0, Culture=neutral, PublicKeyToken=fe44b4a6e7c933aa]][]
iCore.Common.Entities.ILazyLoadedEntity`1[[iCore.Common.Entities.ICategoryMembership, iCore.Common.Entities, Version=3.40.0.0, Culture=neutral, PublicKeyToken=fe44b4a6e7c933aa]]
iCore.Common.Entities.ICategoryMembership
iCore.Common.Entities.ICategory
iCore.Common.Entities.ICategory
iCore.Common.Entities.ILazyLoadedEntity`1[[iCore.Common.Entities.ICategory, iCore.Common.Entities, Version=3.40.0.0, Culture=neutral, PublicKeyToken=fe44b4a6e7c933aa]]
System.Nullable`1[[System.Guid, mscorlib, Version=4.0.0.0, Culture=neutral, PublicKeyToken=b77a5c561934e089]]
System.TimeSpan
System.Guid
iCore.Common.Entities.IComponentConfiguration
iCore.Common.Entities.ILazyLoadedEntity`1[[iCore.Common.Entities.IApplicationPool, iCore.Common.Entities, Version=3.40.0.0, Culture=neutral, PublicKeyToken=fe44b4a6e7c933aa]]
iCore.Common.Entities.IApplicationPool
iCore.Common.Entities.IApplicationPool
iCore.Common.Entities.ILazyLoadedEntity`1[[iCore.Common.Entities.IServer, iCore.Common.Entities, Version=3.40.0.0, Culture=neutral, PublicKeyToken=fe44b4a6e7c933aa]]
iCore.Common.Entities.IServer
iCore.Common.Entities.ServerStartupSpecialTask
System.Nullable`1[[System.UInt16, mscorlib, Version=4.0.0.0, Culture=neutral, PublicKeyToken=b77a5c561934e089]]
System.UInt16
System.Int16
iCore.Common.Entities.IUser
iCore.Common.Entities.IUserGroup
iCore.Common.Entities.UserDisplayOptions
iCore.Common.Entities.MainTreeDisplayOptions
iCore.Common.Entities.NodeContent
iCore.Common.Entities.ILazyLoadedEntity`1[[iCore.Common.Entities.IUserGroup, iCore.Common.Entities, Version=3.40.0.0, Culture=neutral, PublicKeyToken=fe44b4a6e7c933aa]]
iCore.Common.Entities.ViewMode
iCore.Common.Entities.ILazyLoadedEntity`1[[iCore.Common.Entities.IUser, iCore.Common.Entities, Version=3.40.0.0, Culture=neutral, PublicKeyToken=fe44b4a6e7c933aa]]
iCore.Common.Entities.ILazyLoadedEntity`1[[iCore.Common.Entities.IApplicationPoolImplementation, iCore.Common.Entities, Version=3.40.0.0, Culture=neutral, PublicKeyToken=fe44b4a6e7c933aa]][]
iCore.Common.Entities.ILazyLoadedEntity`1[[iCore.Common.Entities.IApplicationPoolImplementation, iCore.Common.Entities, Version=3.40.0.0, Culture=neutral, PublicKeyToken=fe44b4a6e7c933aa]]
iCore.Common.Entities.IApplicationPoolImplementation
iCore.SAS.Administration.ILazySubEntity`1[[iCore.Common.Entities.IApplicationPoolImplementation, iCore.Common.Entities, Version=3.40.0.0, Culture=neutral, PublicKeyToken=fe44b4a6e7c933aa]]
iCore.Common.Entities.IServer
iCore.Common.Entities.ILazyLoadedEntity`1[[iCore.Common.Entities.INode, iCore.Common.Entities, Version=3.40.0.0, Culture=neutral, PublicKeyToken=fe44b4a6e7c933aa]]
iCore.Common.Entities.INode
iCore.Common.Entities.INode
System.String
iCore.Common.Entities.ILazyLoadedEntity`1[[iCore.Common.Entities.INodeAttributeValue, iCore.Common.Entities, Version=3.40.0.0, Culture=neutral, PublicKeyToken=fe44b4a6e7c933aa]][]
iCore.Common.Entities.ILazyLoadedEntity`1[[iCore.Common.Entities.INodeAttributeValue, iCore.Common.Entities, Version=3.40.0.0, Culture=neutral, PublicKeyToken=fe44b4a6e7c933aa]]
iCore.Common.Entities.INodeAttributeValue
iCore.SAS.Administration.ILazySubEntity`1[[iCore.Common.Entities.INodeAttributeValue, iCore.Common.Entities, Version=3.40.0.0, Culture=neutral, PublicKeyToken=fe44b4a6e7c933aa]]
System.Object
iCore.Public.Types.ScriptVarType
iCore.Common.Entities.INodeAttributeType
iCore.Common.Entities.INodeAttributeType
iCore.Common.Entities.INode
iCore.Common.Entities.ILazyLoadedEntity`1[[iCore.Common.Entities.INodeAttributeType, iCore.Common.Entities, Version=3.40.0.0, Culture=neutral, PublicKeyToken=fe44b4a6e7c933aa]]
iCore.Common.Entities.IPartner
System.String
iCore.Common.Entities.IEntityImage
iCore.Common.Entities.SizedEntityImage[]
iCore.Common.Entities.SizedEntityImage
System.Drawing.Size
iCore.Common.Entities.ILazyLoadedEntity`1[[iCore.Common.Entities.IPartnerAttributeGroupInstance, iCore.Common.Entities, Version=3.40.0.0, Culture=neutral, PublicKeyToken=fe44b4a6e7c933aa]][]
iCore.Common.Entities.ILazyLoadedEntity`1[[iCore.Common.Entities.IPartnerAttributeGroupInstance, iCore.Common.Entities, Version=3.40.0.0, Culture=neutral, PublicKeyToken=fe44b4a6e7c933aa]]
iCore.Common.Entities.IPartnerAttributeGroupInstance
iCore.Common.Entities.IPartnerAttributeGroupType
iCore.Common.Entities.IPartnerAttributeGroupType
iCore.Common.Entities.ILazyLoadedEntity`1[[iCore.Common.Entities.IPartnerAttributeValue, iCore.Common.Entities, Version=3.40.0.0, Culture=neutral, PublicKeyToken=fe44b4a6e7c933aa]]
iCore.Common.Entities.IPartnerAttributeValue
iCore.SAS.Administration.ILazySubEntity`1[[iCore.Common.Entities.IPartnerAttributeValue, iCore.Common.Entities, Version=3.40.0.0, Culture=neutral, PublicKeyToken=fe44b4a6e7c933aa]]
iCore.Common.Entities.ILazyLoadedEntity`1[[iCore.Common.Entities.IPartnerAttributeValue, iCore.Common.Entities, Version=3.40.0.0, Culture=neutral, PublicKeyToken=fe44b4a6e7c933aa]][]
iCore.SAS.Administration.ILazySubEntity`1[[iCore.Common.Entities.IPartnerAttributeGroupInstance, iCore.Common.Entities, Version=3.40.0.0, Culture=neutral, PublicKeyToken=fe44b4a6e7c933aa]]
iCore.Common.Entities.ILazyLoadedEntity`1[[iCore.Common.Entities.IPartnerAttributeGroupType, iCore.Common.Entities, Version=3.40.0.0, Culture=neutral, PublicKeyToken=fe44b4a6e7c933aa]]
iCore.Common.Entities.ILazyLoadedEntity`1[[iCore.Common.Entities.IPartnerIdentity, iCore.Common.Entities, Version=3.40.0.0, Culture=neutral, PublicKeyToken=fe44b4a6e7c933aa]][]
iCore.Common.Entities.ILazyLoadedEntity`1[[iCore.Common.Entities.IPartnerIdentity, iCore.Common.Entities, Version=3.40.0.0, Culture=neutral, PublicKeyToken=fe44b4a6e7c933aa]]
iCore.Common.Entities.IPartnerIdentity
iCore.Common.Entities.IPartner
iCore.Common.Entities.ILazyLoadedEntity`1[[iCore.Common.Entities.IPartner, iCore.Common.Entities, Version=3.40.0.0, Culture=neutral, PublicKeyToken=fe44b4a6e7c933aa]]
iCore.Common.Entities.INodeTypeVersion
iCore.Common.Entities.INodeTypeVersion
iCore.Common.Entities.INodeType
iCore.Common.Entities.INodeTypeStyleSheet
iCore.Common.Entities.INodeType
iCore.Common.Entities.ILazyLoadedEntity`1[[iCore.Common.Entities.INodeTypeVersion, iCore.Common.Entities, Version=3.40.0.0, Culture=neutral, PublicKeyToken=fe44b4a6e7c933aa]]
iCore.Common.Entities.IEventType
iCore.Common.Entities.SelectionRule
iCore.Common.Entities.EventTypes
iCore.Common.Entities.EventTrackingCleanupRole
iCore.Common.Entities.IEventType
iCore.Common.Entities.ILazyLoadedEntity`1[[iCore.Common.Entities.INodeType, iCore.Common.Entities, Version=3.40.0.0, Culture=neutral, PublicKeyToken=fe44b4a6e7c933aa]]
iCore.Common.Entities.ILazyLoadedEntity`1[[iCore.Common.Entities.IEvent, iCore.Common.Entities, Version=3.40.0.0, Culture=neutral, PublicKeyToken=fe44b4a6e7c933aa]]
iCore.Common.Entities.IEvent
iCore.Common.Entities.MatchedStatus
iCore.Common.Entities.EventSourceType
iCore.Common.Entities.ILazyLoadedEntity`1[[iCore.Common.Entities.IEventType, iCore.Common.Entities, Version=3.40.0.0, Culture=neutral, PublicKeyToken=fe44b4a6e7c933aa]]
iCore.Common.Entities.ILazyLoadedEntity`1[[iCore.Common.Entities.IEventHandler, iCore.Common.Entities, Version=3.40.0.0, Culture=neutral, PublicKeyToken=fe44b4a6e7c933aa]]
iCore.Common.Entities.IEventHandler
iCore.Common.Entities.EventHandlerStatus
iCore.Common.Entities.IEventHandler
iCore.Common.Entities.ILazyLoadedEntity`1[[iCore.Common.Entities.IComponentDefinition, iCore.Common.Entities, Version=3.40.0.0, Culture=neutral, PublicKeyToken=fe44b4a6e7c933aa]]
System.Nullable`1[[System.DateTime, mscorlib, Version=4.0.0.0, Culture=neutral, PublicKeyToken=b77a5c561934e089]]
iCore.Common.Entities.JobState
iCore.Common.Entities.JobHistoryReason
iCore.Common.Entities.JobType
System.Byte
System.Int32
iCore.Public.Types.JobLifetime
iCore.Common.Entities.EntityKey[]
System.Collections.Generic.IEnumerable`1[[iCore.Common.Entities.EntityKey, iCore.Common.Entities, Version=3.40.0.0, Culture=neutral, PublicKeyToken=fe44b4a6e7c933aa]]
iCore.Common.Entities.ILazyLoadedEntity`1[[iCore.Common.Entities.IPartnerAttributeType, iCore.Common.Entities, Version=3.40.0.0, Culture=neutral, PublicKeyToken=fe44b4a6e7c933aa]]
iCore.Common.Entities.IPartnerAttributeType
System.Collections.Generic.IEnumerable`1[[iCore.Common.Entities.EntityKey, iCore.Common.Entities, Version=3.40.0.0, Culture=neutral, PublicKeyToken=fe44b4a6e7c933aa]]
iCore.Common.Entities.IPartnerAttributeGroupType
iCore.SAS.Administration.ILazySubEntity`1[[iCore.Common.Entities.IPartnerAttributeType, iCore.Common.Entities, Version=3.40.0.0, Culture=neutral, PublicKeyToken=fe44b4a6e7c933aa]]
iCore.Common.Entities.ILazyLoadedEntity`1[[iCore.Common.Entities.IPartnerAttributeType, iCore.Common.Entities, Version=3.40.0.0, Culture=neutral, PublicKeyToken=fe44b4a6e7c933aa]][]
iCore.Common.Entities.INode
iCore.Common.Entities.IEvent
iCore.Common.Entities.IJob
iCore.Common.Entities.ILogEntry
iCore.Public.Types.LogLevel
iCore.Common.LogMessageTypeID
iCore.Common.Entities.IWorkflow
System.Collections.Generic.IEnumerable`1[[iCore.Common.Entities.EntityKey, iCore.Common.Entities, Version=3.40.0.0, Culture=neutral, PublicKeyToken=fe44b4a6e7c933aa]]
iCore.Common.Entities.WorkflowClassification
iCore.Common.Entities.IWorkflow
iCore.Common.Entities.IAdapterFlow
iCore.Common.Entities.IAdapterFlow
iCore.Common.Types.LogLevelFilter
iCore.Common.Types.EntryPointNameValue
iCore.Common.Entities.IScript
iCore.Common.Entities.IScript
iCore.Common.Entities.ITimer
iCore.Common.Entities.ITimer
iCore.Common.Types.TimerFrequency
iCore.Common.Types.TimerInterval+TimerIntervalType
iCore.Common.Entities.ILazyLoadedEntity`1[[iCore.Common.Entities.ITimerEvent, iCore.Common.Entities, Version=3.40.0.0, Culture=neutral, PublicKeyToken=fe44b4a6e7c933aa]]
iCore.Common.Entities.ITimerEvent
iCore.Common.Entities.ITimer
iCore.SAS.Administration.ILazySubEntity`1[[iCore.Common.Entities.ITimerEvent, iCore.Common.Entities, Version=3.40.0.0, Culture=neutral, PublicKeyToken=fe44b4a6e7c933aa]]
iCore.Common.Entities.TimerEventPriority
iCore.Common.Entities.ILazyLoadedEntity`1[[iCore.Common.Entities.ITimerEvent, iCore.Common.Entities, Version=3.40.0.0, Culture=neutral, PublicKeyToken=fe44b4a6e7c933aa]][]
System.Int32[]
iCore.SAS.Interfaces.WeekDay
iCore.SAS.Interfaces.WeekDay[]
System.Collections.Generic.IEnumerable`1[[iCore.Common.Entities.EntityKey, iCore.Common.Entities, Version=3.40.0.0, Culture=neutral, PublicKeyToken=fe44b4a6e7c933aa]]
iCore.Common.Entities.ISettingAttributeGroupType
iCore.Common.Entities.ISettingAttributeGroupType
iCore.Common.Entities.ILazyLoadedEntity`1[[iCore.Common.Entities.ISettingAttributeType, iCore.Common.Entities, Version=3.40.0.0, Culture=neutral, PublicKeyToken=fe44b4a6e7c933aa]]
iCore.Common.Entities.ISettingAttributeType
iCore.Common.Entities.ISettingAttributeGroupType
iCore.SAS.Administration.ILazySubEntity`1[[iCore.Common.Entities.ISettingAttributeType, iCore.Common.Entities, Version=3.40.0.0, Culture=neutral, PublicKeyToken=fe44b4a6e7c933aa]]
iCore.Common.Entities.ILazyLoadedEntity`1[[iCore.Common.Entities.ISettingAttributeType, iCore.Common.Entities, Version=3.40.0.0, Culture=neutral, PublicKeyToken=fe44b4a6e7c933aa]][]
System.Collections.Generic.IEnumerable`1[[iCore.Common.Entities.EntityKey, iCore.Common.Entities, Version=3.40.0.0, Culture=neutral, PublicKeyToken=fe44b4a6e7c933aa]]
iCore.Common.Entities.ISetting
iCore.Common.Entities.ISetting
iCore.Common.Entities.ILazyLoadedEntity`1[[iCore.Common.Entities.ISettingIdentity, iCore.Common.Entities, Version=3.40.0.0, Culture=neutral, PublicKeyToken=fe44b4a6e7c933aa]]
iCore.Common.Entities.ISettingIdentity
iCore.Common.Entities.ILazyLoadedEntity`1[[iCore.Common.Entities.ISettingIdentity, iCore.Common.Entities, Version=3.40.0.0, Culture=neutral, PublicKeyToken=fe44b4a6e7c933aa]][]
iCore.Common.Entities.ILazyLoadedEntity`1[[iCore.Common.Entities.ISettingAttributeGroupInstance, iCore.Common.Entities, Version=3.40.0.0, Culture=neutral, PublicKeyToken=fe44b4a6e7c933aa]]
iCore.Common.Entities.ISettingAttributeGroupInstance
iCore.Common.Entities.ILazyLoadedEntity`1[[iCore.Common.Entities.ISettingAttributeValue, iCore.Common.Entities, Version=3.40.0.0, Culture=neutral, PublicKeyToken=fe44b4a6e7c933aa]]
iCore.Common.Entities.ILazyLoadedEntity`1[[iCore.Common.Entities.ISettingAttributeValue, iCore.Common.Entities, Version=3.40.0.0, Culture=neutral, PublicKeyToken=fe44b4a6e7c933aa]][]
iCore.Common.Entities.ISetting
iCore.Common.Entities.ILazyLoadedEntity`1[[iCore.Common.Entities.ISettingAttributeGroupType, iCore.Common.Entities, Version=3.40.0.0, Culture=neutral, PublicKeyToken=fe44b4a6e7c933aa]]
iCore.Common.Entities.ILazyLoadedEntity`1[[iCore.Common.Entities.ISettingAttributeGroupInstance, iCore.Common.Entities, Version=3.40.0.0, Culture=neutral, PublicKeyToken=fe44b4a6e7c933aa]][]
System.String
iCore.SAS.Administration.ILazySubEntity`1[[iCore.Common.Entities.ISettingAttributeGroupInstance, iCore.Common.Entities, Version=3.40.0.0, Culture=neutral, PublicKeyToken=fe44b4a6e7c933aa]]
System.Collections.Generic.IEnumerable`1[[iCore.Common.Entities.EntityKey, iCore.Common.Entities, Version=3.40.0.0, Culture=neutral, PublicKeyToken=fe44b4a6e7c933aa]]
iCore.Common.Entities.ISettingAttributeValue
iCore.Common.Entities.ISetting
iCore.SAS.Administration.ILazySubEntity`1[[iCore.Common.Entities.ISettingAttributeGroupInstance, iCore.Common.Entities, Version=3.40.0.0, Culture=neutral, PublicKeyToken=fe44b4a6e7c933aa]]
iCore.SAS.Administration.ILazySubEntity`1[[iCore.Common.Entities.ISettingAttributeValue, iCore.Common.Entities, Version=3.40.0.0, Culture=neutral, PublicKeyToken=fe44b4a6e7c933aa]]
iCore.Common.Entities.IWebServiceDefinition
iCore.Common.Entities.IWebServiceDefinition
iCore.Common.Entities.ILazyKeyedCollection`2[[System.String, mscorlib, Version=4.0.0.0, Culture=neutral, PublicKeyToken=b77a5c561934e089],[iCore.Common.Entities.WebServiceActivityTypeInfo, iCore.Common.Entities, Version=3.40.0.0, Culture=neutral, PublicKeyToken=fe44b4a6e7c933aa]]
iCore.Common.Entities.WebServiceActivityTypeInfo
iCore.Common.Entities.ILazyKeyedCollection`2[[System.String, mscorlib, Version=4.0.0.0, Culture=neutral, PublicKeyToken=b77a5c561934e089],[iCore.Common.Entities.CategorizedNamedItem, iCore.Common.Entities, Version=3.40.0.0, Culture=neutral, PublicKeyToken=fe44b4a6e7c933aa]]
iCore.Common.Entities.CategorizedNamedItem
iCore.Common.Entities.ILazyKeyedCollection`2[[System.String, mscorlib, Version=4.0.0.0, Culture=neutral, PublicKeyToken=b77a5c561934e089],[iCore.Common.Entities.WebServiceAssemblyInfo, iCore.Common.Entities, Version=3.40.0.0, Culture=neutral, PublicKeyToken=fe44b4a6e7c933aa]]
iCore.Common.Entities.WebServiceAssemblyInfo
iCore.Common.Entities.ILazyKeyedCollection`2[[System.String, mscorlib, Version=4.0.0.0, Culture=neutral, PublicKeyToken=b77a5c561934e089],[iCore.Common.Entities.WebServiceSchemaInfo, iCore.Common.Entities, Version=3.40.0.0, Culture=neutral, PublicKeyToken=fe44b4a6e7c933aa]]
iCore.Common.Entities.WebServiceSchemaInfo
iCore.Common.Entities.SchemaType[]
iCore.Common.Entities.SchemaType
System.Uri
System.Version
iCore.Common.Entities.WebServiceGenerationOptions
iCore.Common.Entities.ICrossReferenceTable
iCore.Common.Entities.ICrossReferenceTable
iCore.Common.Entities.ILazyLoadedEntity`1[[iCore.Common.Entities.ICrossReferenceEntry, iCore.Common.Entities, Version=3.40.0.0, Culture=neutral, PublicKeyToken=fe44b4a6e7c933aa]]
iCore.Common.Entities.ICrossReferenceEntry
iCore.Common.Entities.ICrossReferenceTable
iCore.SAS.Administration.ILazySubEntity`1[[iCore.Common.Entities.ICrossReferenceEntry, iCore.Common.Entities, Version=3.40.0.0, Culture=neutral, PublicKeyToken=fe44b4a6e7c933aa]]
iCore.Common.Entities.ILazyLoadedEntity`1[[iCore.Common.Entities.ICrossReferenceEntry, iCore.Common.Entities, Version=3.40.0.0, Culture=neutral, PublicKeyToken=fe44b4a6e7c933aa]][]
System.Collections.Generic.IEnumerable`1[[iCore.Common.Entities.EntityKey, iCore.Common.Entities, Version=3.40.0.0, Culture=neutral, PublicKeyToken=fe44b4a6e7c933aa]]
iCore.Common.Entities.ICounter
iCore.Common.Entities.ICounter
iCore.Common.Entities.CounterCheckType
iCore.Common.Entities.AppendDateTimePosition
iCore.Common.Entities.IEntityFilter
iCore.Common.Entities.IEntityFilter
iCore.Common.Entities.ICompositeEntity
iCore.Common.Entities.CorrelatedActive
iCore.Common.IconEntity
iCore.Common.Entities.IServer
iCore.Common.Entities.ISystemQueue
iCore.Management.Monitoring.FailoverServerPartState
iCore.Public.Types.ServerPartType
iCore.Management.Monitoring.ServerPartStatus
System.Nullable`1[[System.Int64, mscorlib, Version=4.0.0.0, Culture=neutral, PublicKeyToken=b77a5c561934e089]]
iCore.Management.Monitoring.EventListenerState
iCore.Management.Monitoring.EventListenerStatistics
iCore.Management.Monitoring.TimeOfLastOperationTrackingStatisticsCounter
iCore.Management.Monitoring.EventProcessorState
iCore.Management.Monitoring.EventProcessorStatistics
iCore.Management.Monitoring.JobManagerState
iCore.Management.Monitoring.JobManagerStatistics
iCore.Management.Monitoring.StatisticsCounter
iCore.Management.Monitoring.EventGeneratorState+TimerDetails
iCore.Management.Monitoring.TimerType
iCore.Management.Monitoring.EventGeneratorState
iCore.Management.Monitoring.EventGeneratorState+TimerDetails[]
iCore.Management.Monitoring.DetailedServerPartState
iCore.SAS.Administration.Models.ServerStatusModel
iCore.SAS.Administration.Models.ServerPartDataModel
iCore.SAS.Administration.Models.ServerPartDataModel[]
iCore.Management.Monitoring.ServiceStatus
iCore.Management.Monitoring.SystemEventProcessorState
iCore.Management.Monitoring.SystemEventProcessorStatistics
iCore.Management.Monitoring.WorkerHostProcessBaseInfo
System.Int64[]
iCore.Management.Monitoring.WorkerHostProcessBaseInfo[]
iCore.Management.Monitoring.SystemMonitorServerConnectionInfo
iCore.Management.Monitoring.ServerConnectionStatus
iCore.Management.Monitoring.SystemMonitorServerInfo
iCore.Management.Monitoring.SystemMonitorServerPartInfo[]
iCore.Management.Monitoring.SystemMonitorServerPartInfo
iCore.Management.Monitoring.WorkerHostProcessInfo
iCore.Management.Monitoring.WorkerHostStatistics
iCore.SAS.Administration.Models.SystemMonitorDataModel
iCore.SAS.Administration.Models.ServerStatusModel[]
iCore.SAS.Administration.Models.ServerPartDataModel
iCore.SAS.Administration.Models.SystemEventProcessorDataModel
iCore.SAS.Administration.Models.SystemEventProcessDataModel
iCore.SAS.Administration.Models.SystemEventProcessDataModel[]
iCore.SAS.Administration.Models.WorkerHostManagerDataModel
iCore.SAS.Administration.Models.WorkerHostManagerProcessDataModel
System.Double
iCore.SAS.Administration.Models.WorkerHostManagerProcessDataModel[]
iCore.SAS.Administration.Models.WorkerHostManagerJobDataModel
iCore.SAS.Administration.Models.WorkerHostManagerJobDataModel[]
iCore.SAS.Administration.Models.EventGeneratorDataModel
iCore.SAS.Administration.Models.TimerDetailsDataModel
iCore.SAS.Administration.Models.TimerDetailsDataModel[]
iCore.SAS.Administration.Models.ServerMonitorDataModel
iCore.SAS.Administration.Models.SerializableServerDataModel
iCore.SAS.Administration.Models.SerializableServerDataModel[]
iCore.SAS.Administration.Models.EventListenerDataModel
iCore.SAS.Administration.Models.JobManagerDataModel
iCore.SAS.Administration.Models.EventProcessorDataModel
System.Char
System.Guid
System.String
System.Boolean
System.Collections.Generic.IEnumerable`1[[iCore.Common.Entities.EntityKey, iCore.Common.Entities, Version=3.40.0.0, Culture=neutral, PublicKeyToken=fe44b4a6e7c933aa]]</StdOut>
      </Output>
    </UnitTestResult>
    <UnitTestResult executionId="4a3be737-0a80-40cc-aef6-9b0722d6ad42" testId="34689331-be49-9dbc-f8a1-d95802801f83" testName="LogInToSystem_Success" computerName="ICSWS068" duration="00:00:00.2446089" startTime="2016-08-04T09:59:30.3776899+02:00" endTime="2016-08-04T09:59:30.6237640+02:00" testType="13cdc9d9-ddb5-4fa4-a97d-d965ccfc6d4b" outcome="Passed" testListId="8c84fa94-04c1-424b-9868-57a2d4851a1d" relativeResultsDirectory="4a3be737-0a80-40cc-aef6-9b0722d6ad42">
      <Output>
        <StdOut>Debug Trace:
iCore.Common.Entities.IEntity
iCore.Common.Entities.EntityKey
iCore.Common.Entities.EntityTypeId
iCore.Common.Entities.IComponentDefinition
System.String
System.DateTime
iCore.Common.Entities.IEventHistory
iCore.Common.Entities.ILazyLoadedEntity`1[[iCore.Common.Entities.IJob, iCore.Common.Entities, Version=3.40.0.0, Culture=neutral, PublicKeyToken=fe44b4a6e7c933aa]]
iCore.Common.Entities.IJob
iCore.Common.Entities.EntityKey
iCore.Common.Entities.EArgument
System.Boolean
System.Int64
iCore.Common.Entities.EventState
iCore.Common.Entities.EventReason
iCore.Common.Entities.EArgument[]
iCore.Common.Entities.ILazyLoadedEntity`1[[iCore.Common.Entities.IComponentConfiguration, iCore.Common.Entities, Version=3.40.0.0, Culture=neutral, PublicKeyToken=fe44b4a6e7c933aa]]
iCore.Common.Entities.IComponentConfiguration
iCore.Common.Entities.ILazyLoadedEntity`1[[iCore.Common.Entities.ICategoryMembership, iCore.Common.Entities, Version=3.40.0.0, Culture=neutral, PublicKeyToken=fe44b4a6e7c933aa]][]
iCore.Common.Entities.ILazyLoadedEntity`1[[iCore.Common.Entities.ICategoryMembership, iCore.Common.Entities, Version=3.40.0.0, Culture=neutral, PublicKeyToken=fe44b4a6e7c933aa]]
iCore.Common.Entities.ICategoryMembership
iCore.Common.Entities.ICategory
iCore.Common.Entities.ICategory
iCore.Common.Entities.ILazyLoadedEntity`1[[iCore.Common.Entities.ICategory, iCore.Common.Entities, Version=3.40.0.0, Culture=neutral, PublicKeyToken=fe44b4a6e7c933aa]]
System.Nullable`1[[System.Guid, mscorlib, Version=4.0.0.0, Culture=neutral, PublicKeyToken=b77a5c561934e089]]
System.TimeSpan
System.Guid
iCore.Common.Entities.IComponentConfiguration
iCore.Common.Entities.ILazyLoadedEntity`1[[iCore.Common.Entities.IApplicationPool, iCore.Common.Entities, Version=3.40.0.0, Culture=neutral, PublicKeyToken=fe44b4a6e7c933aa]]
iCore.Common.Entities.IApplicationPool
iCore.Common.Entities.IApplicationPool
iCore.Common.Entities.ILazyLoadedEntity`1[[iCore.Common.Entities.IServer, iCore.Common.Entities, Version=3.40.0.0, Culture=neutral, PublicKeyToken=fe44b4a6e7c933aa]]
iCore.Common.Entities.IServer
iCore.Common.Entities.ServerStartupSpecialTask
System.Nullable`1[[System.UInt16, mscorlib, Version=4.0.0.0, Culture=neutral, PublicKeyToken=b77a5c561934e089]]
System.UInt16
System.Int16
iCore.Common.Entities.IUser
iCore.Common.Entities.IUserGroup
iCore.Common.Entities.UserDisplayOptions
iCore.Common.Entities.MainTreeDisplayOptions
iCore.Common.Entities.NodeContent
iCore.Common.Entities.ILazyLoadedEntity`1[[iCore.Common.Entities.IUserGroup, iCore.Common.Entities, Version=3.40.0.0, Culture=neutral, PublicKeyToken=fe44b4a6e7c933aa]]
iCore.Common.Entities.ViewMode
iCore.Common.Entities.ILazyLoadedEntity`1[[iCore.Common.Entities.IUser, iCore.Common.Entities, Version=3.40.0.0, Culture=neutral, PublicKeyToken=fe44b4a6e7c933aa]]
iCore.Common.Entities.ILazyLoadedEntity`1[[iCore.Common.Entities.IApplicationPoolImplementation, iCore.Common.Entities, Version=3.40.0.0, Culture=neutral, PublicKeyToken=fe44b4a6e7c933aa]][]
iCore.Common.Entities.ILazyLoadedEntity`1[[iCore.Common.Entities.IApplicationPoolImplementation, iCore.Common.Entities, Version=3.40.0.0, Culture=neutral, PublicKeyToken=fe44b4a6e7c933aa]]
iCore.Common.Entities.IApplicationPoolImplementation
iCore.SAS.Administration.ILazySubEntity`1[[iCore.Common.Entities.IApplicationPoolImplementation, iCore.Common.Entities, Version=3.40.0.0, Culture=neutral, PublicKeyToken=fe44b4a6e7c933aa]]
iCore.Common.Entities.IServer
iCore.Common.Entities.ILazyLoadedEntity`1[[iCore.Common.Entities.INode, iCore.Common.Entities, Version=3.40.0.0, Culture=neutral, PublicKeyToken=fe44b4a6e7c933aa]]
iCore.Common.Entities.INode
iCore.Common.Entities.INode
System.String
iCore.Common.Entities.ILazyLoadedEntity`1[[iCore.Common.Entities.INodeAttributeValue, iCore.Common.Entities, Version=3.40.0.0, Culture=neutral, PublicKeyToken=fe44b4a6e7c933aa]][]
iCore.Common.Entities.ILazyLoadedEntity`1[[iCore.Common.Entities.INodeAttributeValue, iCore.Common.Entities, Version=3.40.0.0, Culture=neutral, PublicKeyToken=fe44b4a6e7c933aa]]
iCore.Common.Entities.INodeAttributeValue
iCore.SAS.Administration.ILazySubEntity`1[[iCore.Common.Entities.INodeAttributeValue, iCore.Common.Entities, Version=3.40.0.0, Culture=neutral, PublicKeyToken=fe44b4a6e7c933aa]]
System.Object
iCore.Public.Types.ScriptVarType
iCore.Common.Entities.INodeAttributeType
iCore.Common.Entities.INodeAttributeType
iCore.Common.Entities.INode
iCore.Common.Entities.ILazyLoadedEntity`1[[iCore.Common.Entities.INodeAttributeType, iCore.Common.Entities, Version=3.40.0.0, Culture=neutral, PublicKeyToken=fe44b4a6e7c933aa]]
iCore.Common.Entities.IPartner
System.String
iCore.Common.Entities.IEntityImage
iCore.Common.Entities.SizedEntityImage[]
iCore.Common.Entities.SizedEntityImage
System.Drawing.Size
iCore.Common.Entities.ILazyLoadedEntity`1[[iCore.Common.Entities.IPartnerAttributeGroupInstance, iCore.Common.Entities, Version=3.40.0.0, Culture=neutral, PublicKeyToken=fe44b4a6e7c933aa]][]
iCore.Common.Entities.ILazyLoadedEntity`1[[iCore.Common.Entities.IPartnerAttributeGroupInstance, iCore.Common.Entities, Version=3.40.0.0, Culture=neutral, PublicKeyToken=fe44b4a6e7c933aa]]
iCore.Common.Entities.IPartnerAttributeGroupInstance
iCore.Common.Entities.IPartnerAttributeGroupType
iCore.Common.Entities.IPartnerAttributeGroupType
iCore.Common.Entities.ILazyLoadedEntity`1[[iCore.Common.Entities.IPartnerAttributeValue, iCore.Common.Entities, Version=3.40.0.0, Culture=neutral, PublicKeyToken=fe44b4a6e7c933aa]]
iCore.Common.Entities.IPartnerAttributeValue
iCore.SAS.Administration.ILazySubEntity`1[[iCore.Common.Entities.IPartnerAttributeValue, iCore.Common.Entities, Version=3.40.0.0, Culture=neutral, PublicKeyToken=fe44b4a6e7c933aa]]
iCore.Common.Entities.ILazyLoadedEntity`1[[iCore.Common.Entities.IPartnerAttributeValue, iCore.Common.Entities, Version=3.40.0.0, Culture=neutral, PublicKeyToken=fe44b4a6e7c933aa]][]
iCore.SAS.Administration.ILazySubEntity`1[[iCore.Common.Entities.IPartnerAttributeGroupInstance, iCore.Common.Entities, Version=3.40.0.0, Culture=neutral, PublicKeyToken=fe44b4a6e7c933aa]]
iCore.Common.Entities.ILazyLoadedEntity`1[[iCore.Common.Entities.IPartnerAttributeGroupType, iCore.Common.Entities, Version=3.40.0.0, Culture=neutral, PublicKeyToken=fe44b4a6e7c933aa]]
iCore.Common.Entities.ILazyLoadedEntity`1[[iCore.Common.Entities.IPartnerIdentity, iCore.Common.Entities, Version=3.40.0.0, Culture=neutral, PublicKeyToken=fe44b4a6e7c933aa]][]
iCore.Common.Entities.ILazyLoadedEntity`1[[iCore.Common.Entities.IPartnerIdentity, iCore.Common.Entities, Version=3.40.0.0, Culture=neutral, PublicKeyToken=fe44b4a6e7c933aa]]
iCore.Common.Entities.IPartnerIdentity
iCore.Common.Entities.IPartner
iCore.Common.Entities.ILazyLoadedEntity`1[[iCore.Common.Entities.IPartner, iCore.Common.Entities, Version=3.40.0.0, Culture=neutral, PublicKeyToken=fe44b4a6e7c933aa]]
iCore.Common.Entities.INodeTypeVersion
iCore.Common.Entities.INodeTypeVersion
iCore.Common.Entities.INodeType
iCore.Common.Entities.INodeTypeStyleSheet
iCore.Common.Entities.INodeType
iCore.Common.Entities.ILazyLoadedEntity`1[[iCore.Common.Entities.INodeTypeVersion, iCore.Common.Entities, Version=3.40.0.0, Culture=neutral, PublicKeyToken=fe44b4a6e7c933aa]]
iCore.Common.Entities.IEventType
iCore.Common.Entities.SelectionRule
iCore.Common.Entities.EventTypes
iCore.Common.Entities.EventTrackingCleanupRole
iCore.Common.Entities.IEventType
iCore.Common.Entities.ILazyLoadedEntity`1[[iCore.Common.Entities.INodeType, iCore.Common.Entities, Version=3.40.0.0, Culture=neutral, PublicKeyToken=fe44b4a6e7c933aa]]
iCore.Common.Entities.ILazyLoadedEntity`1[[iCore.Common.Entities.IEvent, iCore.Common.Entities, Version=3.40.0.0, Culture=neutral, PublicKeyToken=fe44b4a6e7c933aa]]
iCore.Common.Entities.IEvent
iCore.Common.Entities.MatchedStatus
iCore.Common.Entities.EventSourceType
iCore.Common.Entities.ILazyLoadedEntity`1[[iCore.Common.Entities.IEventType, iCore.Common.Entities, Version=3.40.0.0, Culture=neutral, PublicKeyToken=fe44b4a6e7c933aa]]
iCore.Common.Entities.ILazyLoadedEntity`1[[iCore.Common.Entities.IEventHandler, iCore.Common.Entities, Version=3.40.0.0, Culture=neutral, PublicKeyToken=fe44b4a6e7c933aa]]
iCore.Common.Entities.IEventHandler
iCore.Common.Entities.EventHandlerStatus
iCore.Common.Entities.IEventHandler
iCore.Common.Entities.ILazyLoadedEntity`1[[iCore.Common.Entities.IComponentDefinition, iCore.Common.Entities, Version=3.40.0.0, Culture=neutral, PublicKeyToken=fe44b4a6e7c933aa]]
System.Nullable`1[[System.DateTime, mscorlib, Version=4.0.0.0, Culture=neutral, PublicKeyToken=b77a5c561934e089]]
iCore.Common.Entities.JobState
iCore.Common.Entities.JobHistoryReason
iCore.Common.Entities.JobType
System.Byte
System.Int32
iCore.Public.Types.JobLifetime
iCore.Common.Entities.EntityKey[]
System.Collections.Generic.IEnumerable`1[[iCore.Common.Entities.EntityKey, iCore.Common.Entities, Version=3.40.0.0, Culture=neutral, PublicKeyToken=fe44b4a6e7c933aa]]
iCore.Common.Entities.ILazyLoadedEntity`1[[iCore.Common.Entities.IPartnerAttributeType, iCore.Common.Entities, Version=3.40.0.0, Culture=neutral, PublicKeyToken=fe44b4a6e7c933aa]]
iCore.Common.Entities.IPartnerAttributeType
System.Collections.Generic.IEnumerable`1[[iCore.Common.Entities.EntityKey, iCore.Common.Entities, Version=3.40.0.0, Culture=neutral, PublicKeyToken=fe44b4a6e7c933aa]]
iCore.Common.Entities.IPartnerAttributeGroupType
iCore.SAS.Administration.ILazySubEntity`1[[iCore.Common.Entities.IPartnerAttributeType, iCore.Common.Entities, Version=3.40.0.0, Culture=neutral, PublicKeyToken=fe44b4a6e7c933aa]]
iCore.Common.Entities.ILazyLoadedEntity`1[[iCore.Common.Entities.IPartnerAttributeType, iCore.Common.Entities, Version=3.40.0.0, Culture=neutral, PublicKeyToken=fe44b4a6e7c933aa]][]
iCore.Common.Entities.INode
iCore.Common.Entities.IEvent
iCore.Common.Entities.IJob
iCore.Common.Entities.ILogEntry
iCore.Public.Types.LogLevel
iCore.Common.LogMessageTypeID
iCore.Common.Entities.IWorkflow
System.Collections.Generic.IEnumerable`1[[iCore.Common.Entities.EntityKey, iCore.Common.Entities, Version=3.40.0.0, Culture=neutral, PublicKeyToken=fe44b4a6e7c933aa]]
iCore.Common.Entities.WorkflowClassification
iCore.Common.Entities.IWorkflow
iCore.Common.Entities.IAdapterFlow
iCore.Common.Entities.IAdapterFlow
iCore.Common.Types.LogLevelFilter
iCore.Common.Types.EntryPointNameValue
iCore.Common.Entities.IScript
iCore.Common.Entities.IScript
iCore.Common.Entities.ITimer
iCore.Common.Entities.ITimer
iCore.Common.Types.TimerFrequency
iCore.Common.Types.TimerInterval+TimerIntervalType
iCore.Common.Entities.ILazyLoadedEntity`1[[iCore.Common.Entities.ITimerEvent, iCore.Common.Entities, Version=3.40.0.0, Culture=neutral, PublicKeyToken=fe44b4a6e7c933aa]]
iCore.Common.Entities.ITimerEvent
iCore.Common.Entities.ITimer
iCore.SAS.Administration.ILazySubEntity`1[[iCore.Common.Entities.ITimerEvent, iCore.Common.Entities, Version=3.40.0.0, Culture=neutral, PublicKeyToken=fe44b4a6e7c933aa]]
iCore.Common.Entities.TimerEventPriority
iCore.Common.Entities.ILazyLoadedEntity`1[[iCore.Common.Entities.ITimerEvent, iCore.Common.Entities, Version=3.40.0.0, Culture=neutral, PublicKeyToken=fe44b4a6e7c933aa]][]
System.Int32[]
iCore.SAS.Interfaces.WeekDay
iCore.SAS.Interfaces.WeekDay[]
System.Collections.Generic.IEnumerable`1[[iCore.Common.Entities.EntityKey, iCore.Common.Entities, Version=3.40.0.0, Culture=neutral, PublicKeyToken=fe44b4a6e7c933aa]]
iCore.Common.Entities.ISettingAttributeGroupType
iCore.Common.Entities.ISettingAttributeGroupType
iCore.Common.Entities.ILazyLoadedEntity`1[[iCore.Common.Entities.ISettingAttributeType, iCore.Common.Entities, Version=3.40.0.0, Culture=neutral, PublicKeyToken=fe44b4a6e7c933aa]]
iCore.Common.Entities.ISettingAttributeType
iCore.Common.Entities.ISettingAttributeGroupType
iCore.SAS.Administration.ILazySubEntity`1[[iCore.Common.Entities.ISettingAttributeType, iCore.Common.Entities, Version=3.40.0.0, Culture=neutral, PublicKeyToken=fe44b4a6e7c933aa]]
iCore.Common.Entities.ILazyLoadedEntity`1[[iCore.Common.Entities.ISettingAttributeType, iCore.Common.Entities, Version=3.40.0.0, Culture=neutral, PublicKeyToken=fe44b4a6e7c933aa]][]
System.Collections.Generic.IEnumerable`1[[iCore.Common.Entities.EntityKey, iCore.Common.Entities, Version=3.40.0.0, Culture=neutral, PublicKeyToken=fe44b4a6e7c933aa]]
iCore.Common.Entities.ISetting
iCore.Common.Entities.ISetting
iCore.Common.Entities.ILazyLoadedEntity`1[[iCore.Common.Entities.ISettingIdentity, iCore.Common.Entities, Version=3.40.0.0, Culture=neutral, PublicKeyToken=fe44b4a6e7c933aa]]
iCore.Common.Entities.ISettingIdentity
iCore.Common.Entities.ILazyLoadedEntity`1[[iCore.Common.Entities.ISettingIdentity, iCore.Common.Entities, Version=3.40.0.0, Culture=neutral, PublicKeyToken=fe44b4a6e7c933aa]][]
iCore.Common.Entities.ILazyLoadedEntity`1[[iCore.Common.Entities.ISettingAttributeGroupInstance, iCore.Common.Entities, Version=3.40.0.0, Culture=neutral, PublicKeyToken=fe44b4a6e7c933aa]]
iCore.Common.Entities.ISettingAttributeGroupInstance
iCore.Common.Entities.ILazyLoadedEntity`1[[iCore.Common.Entities.ISettingAttributeValue, iCore.Common.Entities, Version=3.40.0.0, Culture=neutral, PublicKeyToken=fe44b4a6e7c933aa]]
iCore.Common.Entities.ILazyLoadedEntity`1[[iCore.Common.Entities.ISettingAttributeValue, iCore.Common.Entities, Version=3.40.0.0, Culture=neutral, PublicKeyToken=fe44b4a6e7c933aa]][]
iCore.Common.Entities.ISetting
iCore.Common.Entities.ILazyLoadedEntity`1[[iCore.Common.Entities.ISettingAttributeGroupType, iCore.Common.Entities, Version=3.40.0.0, Culture=neutral, PublicKeyToken=fe44b4a6e7c933aa]]
iCore.Common.Entities.ILazyLoadedEntity`1[[iCore.Common.Entities.ISettingAttributeGroupInstance, iCore.Common.Entities, Version=3.40.0.0, Culture=neutral, PublicKeyToken=fe44b4a6e7c933aa]][]
System.String
iCore.SAS.Administration.ILazySubEntity`1[[iCore.Common.Entities.ISettingAttributeGroupInstance, iCore.Common.Entities, Version=3.40.0.0, Culture=neutral, PublicKeyToken=fe44b4a6e7c933aa]]
System.Collections.Generic.IEnumerable`1[[iCore.Common.Entities.EntityKey, iCore.Common.Entities, Version=3.40.0.0, Culture=neutral, PublicKeyToken=fe44b4a6e7c933aa]]
iCore.Common.Entities.ISettingAttributeValue
iCore.Common.Entities.ISetting
iCore.SAS.Administration.ILazySubEntity`1[[iCore.Common.Entities.ISettingAttributeGroupInstance, iCore.Common.Entities, Version=3.40.0.0, Culture=neutral, PublicKeyToken=fe44b4a6e7c933aa]]
iCore.SAS.Administration.ILazySubEntity`1[[iCore.Common.Entities.ISettingAttributeValue, iCore.Common.Entities, Version=3.40.0.0, Culture=neutral, PublicKeyToken=fe44b4a6e7c933aa]]
iCore.Common.Entities.IWebServiceDefinition
iCore.Common.Entities.IWebServiceDefinition
iCore.Common.Entities.ILazyKeyedCollection`2[[System.String, mscorlib, Version=4.0.0.0, Culture=neutral, PublicKeyToken=b77a5c561934e089],[iCore.Common.Entities.WebServiceActivityTypeInfo, iCore.Common.Entities, Version=3.40.0.0, Culture=neutral, PublicKeyToken=fe44b4a6e7c933aa]]
iCore.Common.Entities.WebServiceActivityTypeInfo
iCore.Common.Entities.ILazyKeyedCollection`2[[System.String, mscorlib, Version=4.0.0.0, Culture=neutral, PublicKeyToken=b77a5c561934e089],[iCore.Common.Entities.CategorizedNamedItem, iCore.Common.Entities, Version=3.40.0.0, Culture=neutral, PublicKeyToken=fe44b4a6e7c933aa]]
iCore.Common.Entities.CategorizedNamedItem
iCore.Common.Entities.ILazyKeyedCollection`2[[System.String, mscorlib, Version=4.0.0.0, Culture=neutral, PublicKeyToken=b77a5c561934e089],[iCore.Common.Entities.WebServiceAssemblyInfo, iCore.Common.Entities, Version=3.40.0.0, Culture=neutral, PublicKeyToken=fe44b4a6e7c933aa]]
iCore.Common.Entities.WebServiceAssemblyInfo
iCore.Common.Entities.ILazyKeyedCollection`2[[System.String, mscorlib, Version=4.0.0.0, Culture=neutral, PublicKeyToken=b77a5c561934e089],[iCore.Common.Entities.WebServiceSchemaInfo, iCore.Common.Entities, Version=3.40.0.0, Culture=neutral, PublicKeyToken=fe44b4a6e7c933aa]]
iCore.Common.Entities.WebServiceSchemaInfo
iCore.Common.Entities.SchemaType[]
iCore.Common.Entities.SchemaType
System.Uri
System.Version
iCore.Common.Entities.WebServiceGenerationOptions
iCore.Common.Entities.ICrossReferenceTable
iCore.Common.Entities.ICrossReferenceTable
iCore.Common.Entities.ILazyLoadedEntity`1[[iCore.Common.Entities.ICrossReferenceEntry, iCore.Common.Entities, Version=3.40.0.0, Culture=neutral, PublicKeyToken=fe44b4a6e7c933aa]]
iCore.Common.Entities.ICrossReferenceEntry
iCore.Common.Entities.ICrossReferenceTable
iCore.SAS.Administration.ILazySubEntity`1[[iCore.Common.Entities.ICrossReferenceEntry, iCore.Common.Entities, Version=3.40.0.0, Culture=neutral, PublicKeyToken=fe44b4a6e7c933aa]]
iCore.Common.Entities.ILazyLoadedEntity`1[[iCore.Common.Entities.ICrossReferenceEntry, iCore.Common.Entities, Version=3.40.0.0, Culture=neutral, PublicKeyToken=fe44b4a6e7c933aa]][]
System.Collections.Generic.IEnumerable`1[[iCore.Common.Entities.EntityKey, iCore.Common.Entities, Version=3.40.0.0, Culture=neutral, PublicKeyToken=fe44b4a6e7c933aa]]
iCore.Common.Entities.ICounter
iCore.Common.Entities.ICounter
iCore.Common.Entities.CounterCheckType
iCore.Common.Entities.AppendDateTimePosition
iCore.Common.Entities.IEntityFilter
iCore.Common.Entities.IEntityFilter
iCore.Common.Entities.ICompositeEntity
iCore.Common.Entities.CorrelatedActive
iCore.Common.IconEntity
iCore.Common.Entities.IServer
iCore.Common.Entities.ISystemQueue
iCore.Management.Monitoring.FailoverServerPartState
iCore.Public.Types.ServerPartType
iCore.Management.Monitoring.ServerPartStatus
System.Nullable`1[[System.Int64, mscorlib, Version=4.0.0.0, Culture=neutral, PublicKeyToken=b77a5c561934e089]]
iCore.Management.Monitoring.EventListenerState
iCore.Management.Monitoring.EventListenerStatistics
iCore.Management.Monitoring.TimeOfLastOperationTrackingStatisticsCounter
iCore.Management.Monitoring.EventProcessorState
iCore.Management.Monitoring.EventProcessorStatistics
iCore.Management.Monitoring.JobManagerState
iCore.Management.Monitoring.JobManagerStatistics
iCore.Management.Monitoring.StatisticsCounter
iCore.Management.Monitoring.EventGeneratorState+TimerDetails
iCore.Management.Monitoring.TimerType
iCore.Management.Monitoring.EventGeneratorState
iCore.Management.Monitoring.EventGeneratorState+TimerDetails[]
iCore.Management.Monitoring.DetailedServerPartState
iCore.SAS.Administration.Models.ServerStatusModel
iCore.SAS.Administration.Models.ServerPartDataModel
iCore.SAS.Administration.Models.ServerPartDataModel[]
iCore.Management.Monitoring.ServiceStatus
iCore.Management.Monitoring.SystemEventProcessorState
iCore.Management.Monitoring.SystemEventProcessorStatistics
iCore.Management.Monitoring.WorkerHostProcessBaseInfo
System.Int64[]
iCore.Management.Monitoring.WorkerHostProcessBaseInfo[]
iCore.Management.Monitoring.SystemMonitorServerConnectionInfo
iCore.Management.Monitoring.ServerConnectionStatus
iCore.Management.Monitoring.SystemMonitorServerInfo
iCore.Management.Monitoring.SystemMonitorServerPartInfo[]
iCore.Management.Monitoring.SystemMonitorServerPartInfo
iCore.Management.Monitoring.WorkerHostProcessInfo
iCore.Management.Monitoring.WorkerHostStatistics
iCore.SAS.Administration.Models.SystemMonitorDataModel
iCore.SAS.Administration.Models.ServerStatusModel[]
iCore.SAS.Administration.Models.ServerPartDataModel
iCore.SAS.Administration.Models.SystemEventProcessorDataModel
iCore.SAS.Administration.Models.SystemEventProcessDataModel
iCore.SAS.Administration.Models.SystemEventProcessDataModel[]
iCore.SAS.Administration.Models.WorkerHostManagerDataModel
iCore.SAS.Administration.Models.WorkerHostManagerProcessDataModel
System.Double
iCore.SAS.Administration.Models.WorkerHostManagerProcessDataModel[]
iCore.SAS.Administration.Models.WorkerHostManagerJobDataModel
iCore.SAS.Administration.Models.WorkerHostManagerJobDataModel[]
iCore.SAS.Administration.Models.EventGeneratorDataModel
iCore.SAS.Administration.Models.TimerDetailsDataModel
iCore.SAS.Administration.Models.TimerDetailsDataModel[]
iCore.SAS.Administration.Models.ServerMonitorDataModel
iCore.SAS.Administration.Models.SerializableServerDataModel
iCore.SAS.Administration.Models.SerializableServerDataModel[]
iCore.SAS.Administration.Models.EventListenerDataModel
iCore.SAS.Administration.Models.JobManagerDataModel
iCore.SAS.Administration.Models.EventProcessorDataModel
System.Char
System.Guid
System.String
System.Boolean
System.Collections.Generic.IEnumerable`1[[iCore.Common.Entities.EntityKey, iCore.Common.Entities, Version=3.40.0.0, Culture=neutral, PublicKeyToken=fe44b4a6e7c933aa]]</StdOut>
      </Output>
    </UnitTestResult>
    <UnitTestResult executionId="c5a4c693-6d0e-4dab-bfed-791435a792fb" testId="07c2f487-d3b1-13bd-ab1d-c942ee888810" testName="LogInToSystem_UnauthorizedExceptionThrown_ExceptionIsRethrownAsFaultException" computerName="ICSWS068" duration="00:00:00.0148653" startTime="2016-08-04T09:59:30.6262651+02:00" endTime="2016-08-04T09:59:30.6422766+02:00" testType="13cdc9d9-ddb5-4fa4-a97d-d965ccfc6d4b" outcome="Passed" testListId="8c84fa94-04c1-424b-9868-57a2d4851a1d" relativeResultsDirectory="c5a4c693-6d0e-4dab-bfed-791435a792fb" />
    <UnitTestResult executionId="2f45883b-bfb9-4cc0-88ff-326f4939fe31" testId="bff4532c-9a80-ab07-2c61-f767e41965fb" testName="GetAllSystems_ListsSystemsWhenLoggedIn" computerName="ICSWS068" duration="00:00:00.2439376" startTime="2016-08-04T09:59:30.6454015+02:00" endTime="2016-08-04T09:59:30.8907809+02:00" testType="13cdc9d9-ddb5-4fa4-a97d-d965ccfc6d4b" outcome="Passed" testListId="8c84fa94-04c1-424b-9868-57a2d4851a1d" relativeResultsDirectory="2f45883b-bfb9-4cc0-88ff-326f4939fe31">
      <Output>
        <StdOut>Debug Trace:
iCore.Common.Entities.IEntity
iCore.Common.Entities.EntityKey
iCore.Common.Entities.EntityTypeId
iCore.Common.Entities.IComponentDefinition
System.String
System.DateTime
iCore.Common.Entities.IEventHistory
iCore.Common.Entities.ILazyLoadedEntity`1[[iCore.Common.Entities.IJob, iCore.Common.Entities, Version=3.40.0.0, Culture=neutral, PublicKeyToken=fe44b4a6e7c933aa]]
iCore.Common.Entities.IJob
iCore.Common.Entities.EntityKey
iCore.Common.Entities.EArgument
System.Boolean
System.Int64
iCore.Common.Entities.EventState
iCore.Common.Entities.EventReason
iCore.Common.Entities.EArgument[]
iCore.Common.Entities.ILazyLoadedEntity`1[[iCore.Common.Entities.IComponentConfiguration, iCore.Common.Entities, Version=3.40.0.0, Culture=neutral, PublicKeyToken=fe44b4a6e7c933aa]]
iCore.Common.Entities.IComponentConfiguration
iCore.Common.Entities.ILazyLoadedEntity`1[[iCore.Common.Entities.ICategoryMembership, iCore.Common.Entities, Version=3.40.0.0, Culture=neutral, PublicKeyToken=fe44b4a6e7c933aa]][]
iCore.Common.Entities.ILazyLoadedEntity`1[[iCore.Common.Entities.ICategoryMembership, iCore.Common.Entities, Version=3.40.0.0, Culture=neutral, PublicKeyToken=fe44b4a6e7c933aa]]
iCore.Common.Entities.ICategoryMembership
iCore.Common.Entities.ICategory
iCore.Common.Entities.ICategory
iCore.Common.Entities.ILazyLoadedEntity`1[[iCore.Common.Entities.ICategory, iCore.Common.Entities, Version=3.40.0.0, Culture=neutral, PublicKeyToken=fe44b4a6e7c933aa]]
System.Nullable`1[[System.Guid, mscorlib, Version=4.0.0.0, Culture=neutral, PublicKeyToken=b77a5c561934e089]]
System.TimeSpan
System.Guid
iCore.Common.Entities.IComponentConfiguration
iCore.Common.Entities.ILazyLoadedEntity`1[[iCore.Common.Entities.IApplicationPool, iCore.Common.Entities, Version=3.40.0.0, Culture=neutral, PublicKeyToken=fe44b4a6e7c933aa]]
iCore.Common.Entities.IApplicationPool
iCore.Common.Entities.IApplicationPool
iCore.Common.Entities.ILazyLoadedEntity`1[[iCore.Common.Entities.IServer, iCore.Common.Entities, Version=3.40.0.0, Culture=neutral, PublicKeyToken=fe44b4a6e7c933aa]]
iCore.Common.Entities.IServer
iCore.Common.Entities.ServerStartupSpecialTask
System.Nullable`1[[System.UInt16, mscorlib, Version=4.0.0.0, Culture=neutral, PublicKeyToken=b77a5c561934e089]]
System.UInt16
System.Int16
iCore.Common.Entities.IUser
iCore.Common.Entities.IUserGroup
iCore.Common.Entities.UserDisplayOptions
iCore.Common.Entities.MainTreeDisplayOptions
iCore.Common.Entities.NodeContent
iCore.Common.Entities.ILazyLoadedEntity`1[[iCore.Common.Entities.IUserGroup, iCore.Common.Entities, Version=3.40.0.0, Culture=neutral, PublicKeyToken=fe44b4a6e7c933aa]]
iCore.Common.Entities.ViewMode
iCore.Common.Entities.ILazyLoadedEntity`1[[iCore.Common.Entities.IUser, iCore.Common.Entities, Version=3.40.0.0, Culture=neutral, PublicKeyToken=fe44b4a6e7c933aa]]
iCore.Common.Entities.ILazyLoadedEntity`1[[iCore.Common.Entities.IApplicationPoolImplementation, iCore.Common.Entities, Version=3.40.0.0, Culture=neutral, PublicKeyToken=fe44b4a6e7c933aa]][]
iCore.Common.Entities.ILazyLoadedEntity`1[[iCore.Common.Entities.IApplicationPoolImplementation, iCore.Common.Entities, Version=3.40.0.0, Culture=neutral, PublicKeyToken=fe44b4a6e7c933aa]]
iCore.Common.Entities.IApplicationPoolImplementation
iCore.SAS.Administration.ILazySubEntity`1[[iCore.Common.Entities.IApplicationPoolImplementation, iCore.Common.Entities, Version=3.40.0.0, Culture=neutral, PublicKeyToken=fe44b4a6e7c933aa]]
iCore.Common.Entities.IServer
iCore.Common.Entities.ILazyLoadedEntity`1[[iCore.Common.Entities.INode, iCore.Common.Entities, Version=3.40.0.0, Culture=neutral, PublicKeyToken=fe44b4a6e7c933aa]]
iCore.Common.Entities.INode
iCore.Common.Entities.INode
System.String
iCore.Common.Entities.ILazyLoadedEntity`1[[iCore.Common.Entities.INodeAttributeValue, iCore.Common.Entities, Version=3.40.0.0, Culture=neutral, PublicKeyToken=fe44b4a6e7c933aa]][]
iCore.Common.Entities.ILazyLoadedEntity`1[[iCore.Common.Entities.INodeAttributeValue, iCore.Common.Entities, Version=3.40.0.0, Culture=neutral, PublicKeyToken=fe44b4a6e7c933aa]]
iCore.Common.Entities.INodeAttributeValue
iCore.SAS.Administration.ILazySubEntity`1[[iCore.Common.Entities.INodeAttributeValue, iCore.Common.Entities, Version=3.40.0.0, Culture=neutral, PublicKeyToken=fe44b4a6e7c933aa]]
System.Object
iCore.Public.Types.ScriptVarType
iCore.Common.Entities.INodeAttributeType
iCore.Common.Entities.INodeAttributeType
iCore.Common.Entities.INode
iCore.Common.Entities.ILazyLoadedEntity`1[[iCore.Common.Entities.INodeAttributeType, iCore.Common.Entities, Version=3.40.0.0, Culture=neutral, PublicKeyToken=fe44b4a6e7c933aa]]
iCore.Common.Entities.IPartner
System.String
iCore.Common.Entities.IEntityImage
iCore.Common.Entities.SizedEntityImage[]
iCore.Common.Entities.SizedEntityImage
System.Drawing.Size
iCore.Common.Entities.ILazyLoadedEntity`1[[iCore.Common.Entities.IPartnerAttributeGroupInstance, iCore.Common.Entities, Version=3.40.0.0, Culture=neutral, PublicKeyToken=fe44b4a6e7c933aa]][]
iCore.Common.Entities.ILazyLoadedEntity`1[[iCore.Common.Entities.IPartnerAttributeGroupInstance, iCore.Common.Entities, Version=3.40.0.0, Culture=neutral, PublicKeyToken=fe44b4a6e7c933aa]]
iCore.Common.Entities.IPartnerAttributeGroupInstance
iCore.Common.Entities.IPartnerAttributeGroupType
iCore.Common.Entities.IPartnerAttributeGroupType
iCore.Common.Entities.ILazyLoadedEntity`1[[iCore.Common.Entities.IPartnerAttributeValue, iCore.Common.Entities, Version=3.40.0.0, Culture=neutral, PublicKeyToken=fe44b4a6e7c933aa]]
iCore.Common.Entities.IPartnerAttributeValue
iCore.SAS.Administration.ILazySubEntity`1[[iCore.Common.Entities.IPartnerAttributeValue, iCore.Common.Entities, Version=3.40.0.0, Culture=neutral, PublicKeyToken=fe44b4a6e7c933aa]]
iCore.Common.Entities.ILazyLoadedEntity`1[[iCore.Common.Entities.IPartnerAttributeValue, iCore.Common.Entities, Version=3.40.0.0, Culture=neutral, PublicKeyToken=fe44b4a6e7c933aa]][]
iCore.SAS.Administration.ILazySubEntity`1[[iCore.Common.Entities.IPartnerAttributeGroupInstance, iCore.Common.Entities, Version=3.40.0.0, Culture=neutral, PublicKeyToken=fe44b4a6e7c933aa]]
iCore.Common.Entities.ILazyLoadedEntity`1[[iCore.Common.Entities.IPartnerAttributeGroupType, iCore.Common.Entities, Version=3.40.0.0, Culture=neutral, PublicKeyToken=fe44b4a6e7c933aa]]
iCore.Common.Entities.ILazyLoadedEntity`1[[iCore.Common.Entities.IPartnerIdentity, iCore.Common.Entities, Version=3.40.0.0, Culture=neutral, PublicKeyToken=fe44b4a6e7c933aa]][]
iCore.Common.Entities.ILazyLoadedEntity`1[[iCore.Common.Entities.IPartnerIdentity, iCore.Common.Entities, Version=3.40.0.0, Culture=neutral, PublicKeyToken=fe44b4a6e7c933aa]]
iCore.Common.Entities.IPartnerIdentity
iCore.Common.Entities.IPartner
iCore.Common.Entities.ILazyLoadedEntity`1[[iCore.Common.Entities.IPartner, iCore.Common.Entities, Version=3.40.0.0, Culture=neutral, PublicKeyToken=fe44b4a6e7c933aa]]
iCore.Common.Entities.INodeTypeVersion
iCore.Common.Entities.INodeTypeVersion
iCore.Common.Entities.INodeType
iCore.Common.Entities.INodeTypeStyleSheet
iCore.Common.Entities.INodeType
iCore.Common.Entities.ILazyLoadedEntity`1[[iCore.Common.Entities.INodeTypeVersion, iCore.Common.Entities, Version=3.40.0.0, Culture=neutral, PublicKeyToken=fe44b4a6e7c933aa]]
iCore.Common.Entities.IEventType
iCore.Common.Entities.SelectionRule
iCore.Common.Entities.EventTypes
iCore.Common.Entities.EventTrackingCleanupRole
iCore.Common.Entities.IEventType
iCore.Common.Entities.ILazyLoadedEntity`1[[iCore.Common.Entities.INodeType, iCore.Common.Entities, Version=3.40.0.0, Culture=neutral, PublicKeyToken=fe44b4a6e7c933aa]]
iCore.Common.Entities.ILazyLoadedEntity`1[[iCore.Common.Entities.IEvent, iCore.Common.Entities, Version=3.40.0.0, Culture=neutral, PublicKeyToken=fe44b4a6e7c933aa]]
iCore.Common.Entities.IEvent
iCore.Common.Entities.MatchedStatus
iCore.Common.Entities.EventSourceType
iCore.Common.Entities.ILazyLoadedEntity`1[[iCore.Common.Entities.IEventType, iCore.Common.Entities, Version=3.40.0.0, Culture=neutral, PublicKeyToken=fe44b4a6e7c933aa]]
iCore.Common.Entities.ILazyLoadedEntity`1[[iCore.Common.Entities.IEventHandler, iCore.Common.Entities, Version=3.40.0.0, Culture=neutral, PublicKeyToken=fe44b4a6e7c933aa]]
iCore.Common.Entities.IEventHandler
iCore.Common.Entities.EventHandlerStatus
iCore.Common.Entities.IEventHandler
iCore.Common.Entities.ILazyLoadedEntity`1[[iCore.Common.Entities.IComponentDefinition, iCore.Common.Entities, Version=3.40.0.0, Culture=neutral, PublicKeyToken=fe44b4a6e7c933aa]]
System.Nullable`1[[System.DateTime, mscorlib, Version=4.0.0.0, Culture=neutral, PublicKeyToken=b77a5c561934e089]]
iCore.Common.Entities.JobState
iCore.Common.Entities.JobHistoryReason
iCore.Common.Entities.JobType
System.Byte
System.Int32
iCore.Public.Types.JobLifetime
iCore.Common.Entities.EntityKey[]
System.Collections.Generic.IEnumerable`1[[iCore.Common.Entities.EntityKey, iCore.Common.Entities, Version=3.40.0.0, Culture=neutral, PublicKeyToken=fe44b4a6e7c933aa]]
iCore.Common.Entities.ILazyLoadedEntity`1[[iCore.Common.Entities.IPartnerAttributeType, iCore.Common.Entities, Version=3.40.0.0, Culture=neutral, PublicKeyToken=fe44b4a6e7c933aa]]
iCore.Common.Entities.IPartnerAttributeType
System.Collections.Generic.IEnumerable`1[[iCore.Common.Entities.EntityKey, iCore.Common.Entities, Version=3.40.0.0, Culture=neutral, PublicKeyToken=fe44b4a6e7c933aa]]
iCore.Common.Entities.IPartnerAttributeGroupType
iCore.SAS.Administration.ILazySubEntity`1[[iCore.Common.Entities.IPartnerAttributeType, iCore.Common.Entities, Version=3.40.0.0, Culture=neutral, PublicKeyToken=fe44b4a6e7c933aa]]
iCore.Common.Entities.ILazyLoadedEntity`1[[iCore.Common.Entities.IPartnerAttributeType, iCore.Common.Entities, Version=3.40.0.0, Culture=neutral, PublicKeyToken=fe44b4a6e7c933aa]][]
iCore.Common.Entities.INode
iCore.Common.Entities.IEvent
iCore.Common.Entities.IJob
iCore.Common.Entities.ILogEntry
iCore.Public.Types.LogLevel
iCore.Common.LogMessageTypeID
iCore.Common.Entities.IWorkflow
System.Collections.Generic.IEnumerable`1[[iCore.Common.Entities.EntityKey, iCore.Common.Entities, Version=3.40.0.0, Culture=neutral, PublicKeyToken=fe44b4a6e7c933aa]]
iCore.Common.Entities.WorkflowClassification
iCore.Common.Entities.IWorkflow
iCore.Common.Entities.IAdapterFlow
iCore.Common.Entities.IAdapterFlow
iCore.Common.Types.LogLevelFilter
iCore.Common.Types.EntryPointNameValue
iCore.Common.Entities.IScript
iCore.Common.Entities.IScript
iCore.Common.Entities.ITimer
iCore.Common.Entities.ITimer
iCore.Common.Types.TimerFrequency
iCore.Common.Types.TimerInterval+TimerIntervalType
iCore.Common.Entities.ILazyLoadedEntity`1[[iCore.Common.Entities.ITimerEvent, iCore.Common.Entities, Version=3.40.0.0, Culture=neutral, PublicKeyToken=fe44b4a6e7c933aa]]
iCore.Common.Entities.ITimerEvent
iCore.Common.Entities.ITimer
iCore.SAS.Administration.ILazySubEntity`1[[iCore.Common.Entities.ITimerEvent, iCore.Common.Entities, Version=3.40.0.0, Culture=neutral, PublicKeyToken=fe44b4a6e7c933aa]]
iCore.Common.Entities.TimerEventPriority
iCore.Common.Entities.ILazyLoadedEntity`1[[iCore.Common.Entities.ITimerEvent, iCore.Common.Entities, Version=3.40.0.0, Culture=neutral, PublicKeyToken=fe44b4a6e7c933aa]][]
System.Int32[]
iCore.SAS.Interfaces.WeekDay
iCore.SAS.Interfaces.WeekDay[]
System.Collections.Generic.IEnumerable`1[[iCore.Common.Entities.EntityKey, iCore.Common.Entities, Version=3.40.0.0, Culture=neutral, PublicKeyToken=fe44b4a6e7c933aa]]
iCore.Common.Entities.ISettingAttributeGroupType
iCore.Common.Entities.ISettingAttributeGroupType
iCore.Common.Entities.ILazyLoadedEntity`1[[iCore.Common.Entities.ISettingAttributeType, iCore.Common.Entities, Version=3.40.0.0, Culture=neutral, PublicKeyToken=fe44b4a6e7c933aa]]
iCore.Common.Entities.ISettingAttributeType
iCore.Common.Entities.ISettingAttributeGroupType
iCore.SAS.Administration.ILazySubEntity`1[[iCore.Common.Entities.ISettingAttributeType, iCore.Common.Entities, Version=3.40.0.0, Culture=neutral, PublicKeyToken=fe44b4a6e7c933aa]]
iCore.Common.Entities.ILazyLoadedEntity`1[[iCore.Common.Entities.ISettingAttributeType, iCore.Common.Entities, Version=3.40.0.0, Culture=neutral, PublicKeyToken=fe44b4a6e7c933aa]][]
System.Collections.Generic.IEnumerable`1[[iCore.Common.Entities.EntityKey, iCore.Common.Entities, Version=3.40.0.0, Culture=neutral, PublicKeyToken=fe44b4a6e7c933aa]]
iCore.Common.Entities.ISetting
iCore.Common.Entities.ISetting
iCore.Common.Entities.ILazyLoadedEntity`1[[iCore.Common.Entities.ISettingIdentity, iCore.Common.Entities, Version=3.40.0.0, Culture=neutral, PublicKeyToken=fe44b4a6e7c933aa]]
iCore.Common.Entities.ISettingIdentity
iCore.Common.Entities.ILazyLoadedEntity`1[[iCore.Common.Entities.ISettingIdentity, iCore.Common.Entities, Version=3.40.0.0, Culture=neutral, PublicKeyToken=fe44b4a6e7c933aa]][]
iCore.Common.Entities.ILazyLoadedEntity`1[[iCore.Common.Entities.ISettingAttributeGroupInstance, iCore.Common.Entities, Version=3.40.0.0, Culture=neutral, PublicKeyToken=fe44b4a6e7c933aa]]
iCore.Common.Entities.ISettingAttributeGroupInstance
iCore.Common.Entities.ILazyLoadedEntity`1[[iCore.Common.Entities.ISettingAttributeValue, iCore.Common.Entities, Version=3.40.0.0, Culture=neutral, PublicKeyToken=fe44b4a6e7c933aa]]
iCore.Common.Entities.ILazyLoadedEntity`1[[iCore.Common.Entities.ISettingAttributeValue, iCore.Common.Entities, Version=3.40.0.0, Culture=neutral, PublicKeyToken=fe44b4a6e7c933aa]][]
iCore.Common.Entities.ISetting
iCore.Common.Entities.ILazyLoadedEntity`1[[iCore.Common.Entities.ISettingAttributeGroupType, iCore.Common.Entities, Version=3.40.0.0, Culture=neutral, PublicKeyToken=fe44b4a6e7c933aa]]
iCore.Common.Entities.ILazyLoadedEntity`1[[iCore.Common.Entities.ISettingAttributeGroupInstance, iCore.Common.Entities, Version=3.40.0.0, Culture=neutral, PublicKeyToken=fe44b4a6e7c933aa]][]
System.String
iCore.SAS.Administration.ILazySubEntity`1[[iCore.Common.Entities.ISettingAttributeGroupInstance, iCore.Common.Entities, Version=3.40.0.0, Culture=neutral, PublicKeyToken=fe44b4a6e7c933aa]]
System.Collections.Generic.IEnumerable`1[[iCore.Common.Entities.EntityKey, iCore.Common.Entities, Version=3.40.0.0, Culture=neutral, PublicKeyToken=fe44b4a6e7c933aa]]
iCore.Common.Entities.ISettingAttributeValue
iCore.Common.Entities.ISetting
iCore.SAS.Administration.ILazySubEntity`1[[iCore.Common.Entities.ISettingAttributeGroupInstance, iCore.Common.Entities, Version=3.40.0.0, Culture=neutral, PublicKeyToken=fe44b4a6e7c933aa]]
iCore.SAS.Administration.ILazySubEntity`1[[iCore.Common.Entities.ISettingAttributeValue, iCore.Common.Entities, Version=3.40.0.0, Culture=neutral, PublicKeyToken=fe44b4a6e7c933aa]]
iCore.Common.Entities.IWebServiceDefinition
iCore.Common.Entities.IWebServiceDefinition
iCore.Common.Entities.ILazyKeyedCollection`2[[System.String, mscorlib, Version=4.0.0.0, Culture=neutral, PublicKeyToken=b77a5c561934e089],[iCore.Common.Entities.WebServiceActivityTypeInfo, iCore.Common.Entities, Version=3.40.0.0, Culture=neutral, PublicKeyToken=fe44b4a6e7c933aa]]
iCore.Common.Entities.WebServiceActivityTypeInfo
iCore.Common.Entities.ILazyKeyedCollection`2[[System.String, mscorlib, Version=4.0.0.0, Culture=neutral, PublicKeyToken=b77a5c561934e089],[iCore.Common.Entities.CategorizedNamedItem, iCore.Common.Entities, Version=3.40.0.0, Culture=neutral, PublicKeyToken=fe44b4a6e7c933aa]]
iCore.Common.Entities.CategorizedNamedItem
iCore.Common.Entities.ILazyKeyedCollection`2[[System.String, mscorlib, Version=4.0.0.0, Culture=neutral, PublicKeyToken=b77a5c561934e089],[iCore.Common.Entities.WebServiceAssemblyInfo, iCore.Common.Entities, Version=3.40.0.0, Culture=neutral, PublicKeyToken=fe44b4a6e7c933aa]]
iCore.Common.Entities.WebServiceAssemblyInfo
iCore.Common.Entities.ILazyKeyedCollection`2[[System.String, mscorlib, Version=4.0.0.0, Culture=neutral, PublicKeyToken=b77a5c561934e089],[iCore.Common.Entities.WebServiceSchemaInfo, iCore.Common.Entities, Version=3.40.0.0, Culture=neutral, PublicKeyToken=fe44b4a6e7c933aa]]
iCore.Common.Entities.WebServiceSchemaInfo
iCore.Common.Entities.SchemaType[]
iCore.Common.Entities.SchemaType
System.Uri
System.Version
iCore.Common.Entities.WebServiceGenerationOptions
iCore.Common.Entities.ICrossReferenceTable
iCore.Common.Entities.ICrossReferenceTable
iCore.Common.Entities.ILazyLoadedEntity`1[[iCore.Common.Entities.ICrossReferenceEntry, iCore.Common.Entities, Version=3.40.0.0, Culture=neutral, PublicKeyToken=fe44b4a6e7c933aa]]
iCore.Common.Entities.ICrossReferenceEntry
iCore.Common.Entities.ICrossReferenceTable
iCore.SAS.Administration.ILazySubEntity`1[[iCore.Common.Entities.ICrossReferenceEntry, iCore.Common.Entities, Version=3.40.0.0, Culture=neutral, PublicKeyToken=fe44b4a6e7c933aa]]
iCore.Common.Entities.ILazyLoadedEntity`1[[iCore.Common.Entities.ICrossReferenceEntry, iCore.Common.Entities, Version=3.40.0.0, Culture=neutral, PublicKeyToken=fe44b4a6e7c933aa]][]
System.Collections.Generic.IEnumerable`1[[iCore.Common.Entities.EntityKey, iCore.Common.Entities, Version=3.40.0.0, Culture=neutral, PublicKeyToken=fe44b4a6e7c933aa]]
iCore.Common.Entities.ICounter
iCore.Common.Entities.ICounter
iCore.Common.Entities.CounterCheckType
iCore.Common.Entities.AppendDateTimePosition
iCore.Common.Entities.IEntityFilter
iCore.Common.Entities.IEntityFilter
iCore.Common.Entities.ICompositeEntity
iCore.Common.Entities.CorrelatedActive
iCore.Common.IconEntity
iCore.Common.Entities.IServer
iCore.Common.Entities.ISystemQueue
iCore.Management.Monitoring.FailoverServerPartState
iCore.Public.Types.ServerPartType
iCore.Management.Monitoring.ServerPartStatus
System.Nullable`1[[System.Int64, mscorlib, Version=4.0.0.0, Culture=neutral, PublicKeyToken=b77a5c561934e089]]
iCore.Management.Monitoring.EventListenerState
iCore.Management.Monitoring.EventListenerStatistics
iCore.Management.Monitoring.TimeOfLastOperationTrackingStatisticsCounter
iCore.Management.Monitoring.EventProcessorState
iCore.Management.Monitoring.EventProcessorStatistics
iCore.Management.Monitoring.JobManagerState
iCore.Management.Monitoring.JobManagerStatistics
iCore.Management.Monitoring.StatisticsCounter
iCore.Management.Monitoring.EventGeneratorState+TimerDetails
iCore.Management.Monitoring.TimerType
iCore.Management.Monitoring.EventGeneratorState
iCore.Management.Monitoring.EventGeneratorState+TimerDetails[]
iCore.Management.Monitoring.DetailedServerPartState
iCore.SAS.Administration.Models.ServerStatusModel
iCore.SAS.Administration.Models.ServerPartDataModel
iCore.SAS.Administration.Models.ServerPartDataModel[]
iCore.Management.Monitoring.ServiceStatus
iCore.Management.Monitoring.SystemEventProcessorState
iCore.Management.Monitoring.SystemEventProcessorStatistics
iCore.Management.Monitoring.WorkerHostProcessBaseInfo
System.Int64[]
iCore.Management.Monitoring.WorkerHostProcessBaseInfo[]
iCore.Management.Monitoring.SystemMonitorServerConnectionInfo
iCore.Management.Monitoring.ServerConnectionStatus
iCore.Management.Monitoring.SystemMonitorServerInfo
iCore.Management.Monitoring.SystemMonitorServerPartInfo[]
iCore.Management.Monitoring.SystemMonitorServerPartInfo
iCore.Management.Monitoring.WorkerHostProcessInfo
iCore.Management.Monitoring.WorkerHostStatistics
iCore.SAS.Administration.Models.SystemMonitorDataModel
iCore.SAS.Administration.Models.ServerStatusModel[]
iCore.SAS.Administration.Models.ServerPartDataModel
iCore.SAS.Administration.Models.SystemEventProcessorDataModel
iCore.SAS.Administration.Models.SystemEventProcessDataModel
iCore.SAS.Administration.Models.SystemEventProcessDataModel[]
iCore.SAS.Administration.Models.WorkerHostManagerDataModel
iCore.SAS.Administration.Models.WorkerHostManagerProcessDataModel
System.Double
iCore.SAS.Administration.Models.WorkerHostManagerProcessDataModel[]
iCore.SAS.Administration.Models.WorkerHostManagerJobDataModel
iCore.SAS.Administration.Models.WorkerHostManagerJobDataModel[]
iCore.SAS.Administration.Models.EventGeneratorDataModel
iCore.SAS.Administration.Models.TimerDetailsDataModel
iCore.SAS.Administration.Models.TimerDetailsDataModel[]
iCore.SAS.Administration.Models.ServerMonitorDataModel
iCore.SAS.Administration.Models.SerializableServerDataModel
iCore.SAS.Administration.Models.SerializableServerDataModel[]
iCore.SAS.Administration.Models.EventListenerDataModel
iCore.SAS.Administration.Models.JobManagerDataModel
iCore.SAS.Administration.Models.EventProcessorDataModel
System.Char
System.Guid
System.String
System.Boolean
System.Collections.Generic.IEnumerable`1[[iCore.Common.Entities.EntityKey, iCore.Common.Entities, Version=3.40.0.0, Culture=neutral, PublicKeyToken=fe44b4a6e7c933aa]]</StdOut>
      </Output>
    </UnitTestResult>
    <UnitTestResult executionId="8f296ef4-63af-4ad6-a805-e3c7c28c4b53" testId="ff6469ee-3bf1-a801-f4ba-25d61c806065" testName="LogInToSystem_Fail" computerName="ICSWS068" duration="00:00:00.0146700" startTime="2016-08-04T09:59:30.8933116+02:00" endTime="2016-08-04T09:59:30.9093307+02:00" testType="13cdc9d9-ddb5-4fa4-a97d-d965ccfc6d4b" outcome="Passed" testListId="8c84fa94-04c1-424b-9868-57a2d4851a1d" relativeResultsDirectory="8f296ef4-63af-4ad6-a805-e3c7c28c4b53" />
    <UnitTestResult executionId="1e9eef1a-ecfc-4ef6-b9e8-2a19048a328a" testId="f139e829-28c9-5790-fd1c-a0da0734d076" testName="LogOffSystem" computerName="ICSWS068" duration="00:00:00.2457725" startTime="2016-08-04T09:59:30.9118324+02:00" endTime="2016-08-04T09:59:31.1589971+02:00" testType="13cdc9d9-ddb5-4fa4-a97d-d965ccfc6d4b" outcome="Passed" testListId="8c84fa94-04c1-424b-9868-57a2d4851a1d" relativeResultsDirectory="1e9eef1a-ecfc-4ef6-b9e8-2a19048a328a">
      <Output>
        <StdOut>Debug Trace:
iCore.Common.Entities.IEntity
iCore.Common.Entities.EntityKey
iCore.Common.Entities.EntityTypeId
iCore.Common.Entities.IComponentDefinition
System.String
System.DateTime
iCore.Common.Entities.IEventHistory
iCore.Common.Entities.ILazyLoadedEntity`1[[iCore.Common.Entities.IJob, iCore.Common.Entities, Version=3.40.0.0, Culture=neutral, PublicKeyToken=fe44b4a6e7c933aa]]
iCore.Common.Entities.IJob
iCore.Common.Entities.EntityKey
iCore.Common.Entities.EArgument
System.Boolean
System.Int64
iCore.Common.Entities.EventState
iCore.Common.Entities.EventReason
iCore.Common.Entities.EArgument[]
iCore.Common.Entities.ILazyLoadedEntity`1[[iCore.Common.Entities.IComponentConfiguration, iCore.Common.Entities, Version=3.40.0.0, Culture=neutral, PublicKeyToken=fe44b4a6e7c933aa]]
iCore.Common.Entities.IComponentConfiguration
iCore.Common.Entities.ILazyLoadedEntity`1[[iCore.Common.Entities.ICategoryMembership, iCore.Common.Entities, Version=3.40.0.0, Culture=neutral, PublicKeyToken=fe44b4a6e7c933aa]][]
iCore.Common.Entities.ILazyLoadedEntity`1[[iCore.Common.Entities.ICategoryMembership, iCore.Common.Entities, Version=3.40.0.0, Culture=neutral, PublicKeyToken=fe44b4a6e7c933aa]]
iCore.Common.Entities.ICategoryMembership
iCore.Common.Entities.ICategory
iCore.Common.Entities.ICategory
iCore.Common.Entities.ILazyLoadedEntity`1[[iCore.Common.Entities.ICategory, iCore.Common.Entities, Version=3.40.0.0, Culture=neutral, PublicKeyToken=fe44b4a6e7c933aa]]
System.Nullable`1[[System.Guid, mscorlib, Version=4.0.0.0, Culture=neutral, PublicKeyToken=b77a5c561934e089]]
System.TimeSpan
System.Guid
iCore.Common.Entities.IComponentConfiguration
iCore.Common.Entities.ILazyLoadedEntity`1[[iCore.Common.Entities.IApplicationPool, iCore.Common.Entities, Version=3.40.0.0, Culture=neutral, PublicKeyToken=fe44b4a6e7c933aa]]
iCore.Common.Entities.IApplicationPool
iCore.Common.Entities.IApplicationPool
iCore.Common.Entities.ILazyLoadedEntity`1[[iCore.Common.Entities.IServer, iCore.Common.Entities, Version=3.40.0.0, Culture=neutral, PublicKeyToken=fe44b4a6e7c933aa]]
iCore.Common.Entities.IServer
iCore.Common.Entities.ServerStartupSpecialTask
System.Nullable`1[[System.UInt16, mscorlib, Version=4.0.0.0, Culture=neutral, PublicKeyToken=b77a5c561934e089]]
System.UInt16
System.Int16
iCore.Common.Entities.IUser
iCore.Common.Entities.IUserGroup
iCore.Common.Entities.UserDisplayOptions
iCore.Common.Entities.MainTreeDisplayOptions
iCore.Common.Entities.NodeContent
iCore.Common.Entities.ILazyLoadedEntity`1[[iCore.Common.Entities.IUserGroup, iCore.Common.Entities, Version=3.40.0.0, Culture=neutral, PublicKeyToken=fe44b4a6e7c933aa]]
iCore.Common.Entities.ViewMode
iCore.Common.Entities.ILazyLoadedEntity`1[[iCore.Common.Entities.IUser, iCore.Common.Entities, Version=3.40.0.0, Culture=neutral, PublicKeyToken=fe44b4a6e7c933aa]]
iCore.Common.Entities.ILazyLoadedEntity`1[[iCore.Common.Entities.IApplicationPoolImplementation, iCore.Common.Entities, Version=3.40.0.0, Culture=neutral, PublicKeyToken=fe44b4a6e7c933aa]][]
iCore.Common.Entities.ILazyLoadedEntity`1[[iCore.Common.Entities.IApplicationPoolImplementation, iCore.Common.Entities, Version=3.40.0.0, Culture=neutral, PublicKeyToken=fe44b4a6e7c933aa]]
iCore.Common.Entities.IApplicationPoolImplementation
iCore.SAS.Administration.ILazySubEntity`1[[iCore.Common.Entities.IApplicationPoolImplementation, iCore.Common.Entities, Version=3.40.0.0, Culture=neutral, PublicKeyToken=fe44b4a6e7c933aa]]
iCore.Common.Entities.IServer
iCore.Common.Entities.ILazyLoadedEntity`1[[iCore.Common.Entities.INode, iCore.Common.Entities, Version=3.40.0.0, Culture=neutral, PublicKeyToken=fe44b4a6e7c933aa]]
iCore.Common.Entities.INode
iCore.Common.Entities.INode
System.String
iCore.Common.Entities.ILazyLoadedEntity`1[[iCore.Common.Entities.INodeAttributeValue, iCore.Common.Entities, Version=3.40.0.0, Culture=neutral, PublicKeyToken=fe44b4a6e7c933aa]][]
iCore.Common.Entities.ILazyLoadedEntity`1[[iCore.Common.Entities.INodeAttributeValue, iCore.Common.Entities, Version=3.40.0.0, Culture=neutral, PublicKeyToken=fe44b4a6e7c933aa]]
iCore.Common.Entities.INodeAttributeValue
iCore.SAS.Administration.ILazySubEntity`1[[iCore.Common.Entities.INodeAttributeValue, iCore.Common.Entities, Version=3.40.0.0, Culture=neutral, PublicKeyToken=fe44b4a6e7c933aa]]
System.Object
iCore.Public.Types.ScriptVarType
iCore.Common.Entities.INodeAttributeType
iCore.Common.Entities.INodeAttributeType
iCore.Common.Entities.INode
iCore.Common.Entities.ILazyLoadedEntity`1[[iCore.Common.Entities.INodeAttributeType, iCore.Common.Entities, Version=3.40.0.0, Culture=neutral, PublicKeyToken=fe44b4a6e7c933aa]]
iCore.Common.Entities.IPartner
System.String
iCore.Common.Entities.IEntityImage
iCore.Common.Entities.SizedEntityImage[]
iCore.Common.Entities.SizedEntityImage
System.Drawing.Size
iCore.Common.Entities.ILazyLoadedEntity`1[[iCore.Common.Entities.IPartnerAttributeGroupInstance, iCore.Common.Entities, Version=3.40.0.0, Culture=neutral, PublicKeyToken=fe44b4a6e7c933aa]][]
iCore.Common.Entities.ILazyLoadedEntity`1[[iCore.Common.Entities.IPartnerAttributeGroupInstance, iCore.Common.Entities, Version=3.40.0.0, Culture=neutral, PublicKeyToken=fe44b4a6e7c933aa]]
iCore.Common.Entities.IPartnerAttributeGroupInstance
iCore.Common.Entities.IPartnerAttributeGroupType
iCore.Common.Entities.IPartnerAttributeGroupType
iCore.Common.Entities.ILazyLoadedEntity`1[[iCore.Common.Entities.IPartnerAttributeValue, iCore.Common.Entities, Version=3.40.0.0, Culture=neutral, PublicKeyToken=fe44b4a6e7c933aa]]
iCore.Common.Entities.IPartnerAttributeValue
iCore.SAS.Administration.ILazySubEntity`1[[iCore.Common.Entities.IPartnerAttributeValue, iCore.Common.Entities, Version=3.40.0.0, Culture=neutral, PublicKeyToken=fe44b4a6e7c933aa]]
iCore.Common.Entities.ILazyLoadedEntity`1[[iCore.Common.Entities.IPartnerAttributeValue, iCore.Common.Entities, Version=3.40.0.0, Culture=neutral, PublicKeyToken=fe44b4a6e7c933aa]][]
iCore.SAS.Administration.ILazySubEntity`1[[iCore.Common.Entities.IPartnerAttributeGroupInstance, iCore.Common.Entities, Version=3.40.0.0, Culture=neutral, PublicKeyToken=fe44b4a6e7c933aa]]
iCore.Common.Entities.ILazyLoadedEntity`1[[iCore.Common.Entities.IPartnerAttributeGroupType, iCore.Common.Entities, Version=3.40.0.0, Culture=neutral, PublicKeyToken=fe44b4a6e7c933aa]]
iCore.Common.Entities.ILazyLoadedEntity`1[[iCore.Common.Entities.IPartnerIdentity, iCore.Common.Entities, Version=3.40.0.0, Culture=neutral, PublicKeyToken=fe44b4a6e7c933aa]][]
iCore.Common.Entities.ILazyLoadedEntity`1[[iCore.Common.Entities.IPartnerIdentity, iCore.Common.Entities, Version=3.40.0.0, Culture=neutral, PublicKeyToken=fe44b4a6e7c933aa]]
iCore.Common.Entities.IPartnerIdentity
iCore.Common.Entities.IPartner
iCore.Common.Entities.ILazyLoadedEntity`1[[iCore.Common.Entities.IPartner, iCore.Common.Entities, Version=3.40.0.0, Culture=neutral, PublicKeyToken=fe44b4a6e7c933aa]]
iCore.Common.Entities.INodeTypeVersion
iCore.Common.Entities.INodeTypeVersion
iCore.Common.Entities.INodeType
iCore.Common.Entities.INodeTypeStyleSheet
iCore.Common.Entities.INodeType
iCore.Common.Entities.ILazyLoadedEntity`1[[iCore.Common.Entities.INodeTypeVersion, iCore.Common.Entities, Version=3.40.0.0, Culture=neutral, PublicKeyToken=fe44b4a6e7c933aa]]
iCore.Common.Entities.IEventType
iCore.Common.Entities.SelectionRule
iCore.Common.Entities.EventTypes
iCore.Common.Entities.EventTrackingCleanupRole
iCore.Common.Entities.IEventType
iCore.Common.Entities.ILazyLoadedEntity`1[[iCore.Common.Entities.INodeType, iCore.Common.Entities, Version=3.40.0.0, Culture=neutral, PublicKeyToken=fe44b4a6e7c933aa]]
iCore.Common.Entities.ILazyLoadedEntity`1[[iCore.Common.Entities.IEvent, iCore.Common.Entities, Version=3.40.0.0, Culture=neutral, PublicKeyToken=fe44b4a6e7c933aa]]
iCore.Common.Entities.IEvent
iCore.Common.Entities.MatchedStatus
iCore.Common.Entities.EventSourceType
iCore.Common.Entities.ILazyLoadedEntity`1[[iCore.Common.Entities.IEventType, iCore.Common.Entities, Version=3.40.0.0, Culture=neutral, PublicKeyToken=fe44b4a6e7c933aa]]
iCore.Common.Entities.ILazyLoadedEntity`1[[iCore.Common.Entities.IEventHandler, iCore.Common.Entities, Version=3.40.0.0, Culture=neutral, PublicKeyToken=fe44b4a6e7c933aa]]
iCore.Common.Entities.IEventHandler
iCore.Common.Entities.EventHandlerStatus
iCore.Common.Entities.IEventHandler
iCore.Common.Entities.ILazyLoadedEntity`1[[iCore.Common.Entities.IComponentDefinition, iCore.Common.Entities, Version=3.40.0.0, Culture=neutral, PublicKeyToken=fe44b4a6e7c933aa]]
System.Nullable`1[[System.DateTime, mscorlib, Version=4.0.0.0, Culture=neutral, PublicKeyToken=b77a5c561934e089]]
iCore.Common.Entities.JobState
iCore.Common.Entities.JobHistoryReason
iCore.Common.Entities.JobType
System.Byte
System.Int32
iCore.Public.Types.JobLifetime
iCore.Common.Entities.EntityKey[]
System.Collections.Generic.IEnumerable`1[[iCore.Common.Entities.EntityKey, iCore.Common.Entities, Version=3.40.0.0, Culture=neutral, PublicKeyToken=fe44b4a6e7c933aa]]
iCore.Common.Entities.ILazyLoadedEntity`1[[iCore.Common.Entities.IPartnerAttributeType, iCore.Common.Entities, Version=3.40.0.0, Culture=neutral, PublicKeyToken=fe44b4a6e7c933aa]]
iCore.Common.Entities.IPartnerAttributeType
System.Collections.Generic.IEnumerable`1[[iCore.Common.Entities.EntityKey, iCore.Common.Entities, Version=3.40.0.0, Culture=neutral, PublicKeyToken=fe44b4a6e7c933aa]]
iCore.Common.Entities.IPartnerAttributeGroupType
iCore.SAS.Administration.ILazySubEntity`1[[iCore.Common.Entities.IPartnerAttributeType, iCore.Common.Entities, Version=3.40.0.0, Culture=neutral, PublicKeyToken=fe44b4a6e7c933aa]]
iCore.Common.Entities.ILazyLoadedEntity`1[[iCore.Common.Entities.IPartnerAttributeType, iCore.Common.Entities, Version=3.40.0.0, Culture=neutral, PublicKeyToken=fe44b4a6e7c933aa]][]
iCore.Common.Entities.INode
iCore.Common.Entities.IEvent
iCore.Common.Entities.IJob
iCore.Common.Entities.ILogEntry
iCore.Public.Types.LogLevel
iCore.Common.LogMessageTypeID
iCore.Common.Entities.IWorkflow
System.Collections.Generic.IEnumerable`1[[iCore.Common.Entities.EntityKey, iCore.Common.Entities, Version=3.40.0.0, Culture=neutral, PublicKeyToken=fe44b4a6e7c933aa]]
iCore.Common.Entities.WorkflowClassification
iCore.Common.Entities.IWorkflow
iCore.Common.Entities.IAdapterFlow
iCore.Common.Entities.IAdapterFlow
iCore.Common.Types.LogLevelFilter
iCore.Common.Types.EntryPointNameValue
iCore.Common.Entities.IScript
iCore.Common.Entities.IScript
iCore.Common.Entities.ITimer
iCore.Common.Entities.ITimer
iCore.Common.Types.TimerFrequency
iCore.Common.Types.TimerInterval+TimerIntervalType
iCore.Common.Entities.ILazyLoadedEntity`1[[iCore.Common.Entities.ITimerEvent, iCore.Common.Entities, Version=3.40.0.0, Culture=neutral, PublicKeyToken=fe44b4a6e7c933aa]]
iCore.Common.Entities.ITimerEvent
iCore.Common.Entities.ITimer
iCore.SAS.Administration.ILazySubEntity`1[[iCore.Common.Entities.ITimerEvent, iCore.Common.Entities, Version=3.40.0.0, Culture=neutral, PublicKeyToken=fe44b4a6e7c933aa]]
iCore.Common.Entities.TimerEventPriority
iCore.Common.Entities.ILazyLoadedEntity`1[[iCore.Common.Entities.ITimerEvent, iCore.Common.Entities, Version=3.40.0.0, Culture=neutral, PublicKeyToken=fe44b4a6e7c933aa]][]
System.Int32[]
iCore.SAS.Interfaces.WeekDay
iCore.SAS.Interfaces.WeekDay[]
System.Collections.Generic.IEnumerable`1[[iCore.Common.Entities.EntityKey, iCore.Common.Entities, Version=3.40.0.0, Culture=neutral, PublicKeyToken=fe44b4a6e7c933aa]]
iCore.Common.Entities.ISettingAttributeGroupType
iCore.Common.Entities.ISettingAttributeGroupType
iCore.Common.Entities.ILazyLoadedEntity`1[[iCore.Common.Entities.ISettingAttributeType, iCore.Common.Entities, Version=3.40.0.0, Culture=neutral, PublicKeyToken=fe44b4a6e7c933aa]]
iCore.Common.Entities.ISettingAttributeType
iCore.Common.Entities.ISettingAttributeGroupType
iCore.SAS.Administration.ILazySubEntity`1[[iCore.Common.Entities.ISettingAttributeType, iCore.Common.Entities, Version=3.40.0.0, Culture=neutral, PublicKeyToken=fe44b4a6e7c933aa]]
iCore.Common.Entities.ILazyLoadedEntity`1[[iCore.Common.Entities.ISettingAttributeType, iCore.Common.Entities, Version=3.40.0.0, Culture=neutral, PublicKeyToken=fe44b4a6e7c933aa]][]
System.Collections.Generic.IEnumerable`1[[iCore.Common.Entities.EntityKey, iCore.Common.Entities, Version=3.40.0.0, Culture=neutral, PublicKeyToken=fe44b4a6e7c933aa]]
iCore.Common.Entities.ISetting
iCore.Common.Entities.ISetting
iCore.Common.Entities.ILazyLoadedEntity`1[[iCore.Common.Entities.ISettingIdentity, iCore.Common.Entities, Version=3.40.0.0, Culture=neutral, PublicKeyToken=fe44b4a6e7c933aa]]
iCore.Common.Entities.ISettingIdentity
iCore.Common.Entities.ILazyLoadedEntity`1[[iCore.Common.Entities.ISettingIdentity, iCore.Common.Entities, Version=3.40.0.0, Culture=neutral, PublicKeyToken=fe44b4a6e7c933aa]][]
iCore.Common.Entities.ILazyLoadedEntity`1[[iCore.Common.Entities.ISettingAttributeGroupInstance, iCore.Common.Entities, Version=3.40.0.0, Culture=neutral, PublicKeyToken=fe44b4a6e7c933aa]]
iCore.Common.Entities.ISettingAttributeGroupInstance
iCore.Common.Entities.ILazyLoadedEntity`1[[iCore.Common.Entities.ISettingAttributeValue, iCore.Common.Entities, Version=3.40.0.0, Culture=neutral, PublicKeyToken=fe44b4a6e7c933aa]]
iCore.Common.Entities.ILazyLoadedEntity`1[[iCore.Common.Entities.ISettingAttributeValue, iCore.Common.Entities, Version=3.40.0.0, Culture=neutral, PublicKeyToken=fe44b4a6e7c933aa]][]
iCore.Common.Entities.ISetting
iCore.Common.Entities.ILazyLoadedEntity`1[[iCore.Common.Entities.ISettingAttributeGroupType, iCore.Common.Entities, Version=3.40.0.0, Culture=neutral, PublicKeyToken=fe44b4a6e7c933aa]]
iCore.Common.Entities.ILazyLoadedEntity`1[[iCore.Common.Entities.ISettingAttributeGroupInstance, iCore.Common.Entities, Version=3.40.0.0, Culture=neutral, PublicKeyToken=fe44b4a6e7c933aa]][]
System.String
iCore.SAS.Administration.ILazySubEntity`1[[iCore.Common.Entities.ISettingAttributeGroupInstance, iCore.Common.Entities, Version=3.40.0.0, Culture=neutral, PublicKeyToken=fe44b4a6e7c933aa]]
System.Collections.Generic.IEnumerable`1[[iCore.Common.Entities.EntityKey, iCore.Common.Entities, Version=3.40.0.0, Culture=neutral, PublicKeyToken=fe44b4a6e7c933aa]]
iCore.Common.Entities.ISettingAttributeValue
iCore.Common.Entities.ISetting
iCore.SAS.Administration.ILazySubEntity`1[[iCore.Common.Entities.ISettingAttributeGroupInstance, iCore.Common.Entities, Version=3.40.0.0, Culture=neutral, PublicKeyToken=fe44b4a6e7c933aa]]
iCore.SAS.Administration.ILazySubEntity`1[[iCore.Common.Entities.ISettingAttributeValue, iCore.Common.Entities, Version=3.40.0.0, Culture=neutral, PublicKeyToken=fe44b4a6e7c933aa]]
iCore.Common.Entities.IWebServiceDefinition
iCore.Common.Entities.IWebServiceDefinition
iCore.Common.Entities.ILazyKeyedCollection`2[[System.String, mscorlib, Version=4.0.0.0, Culture=neutral, PublicKeyToken=b77a5c561934e089],[iCore.Common.Entities.WebServiceActivityTypeInfo, iCore.Common.Entities, Version=3.40.0.0, Culture=neutral, PublicKeyToken=fe44b4a6e7c933aa]]
iCore.Common.Entities.WebServiceActivityTypeInfo
iCore.Common.Entities.ILazyKeyedCollection`2[[System.String, mscorlib, Version=4.0.0.0, Culture=neutral, PublicKeyToken=b77a5c561934e089],[iCore.Common.Entities.CategorizedNamedItem, iCore.Common.Entities, Version=3.40.0.0, Culture=neutral, PublicKeyToken=fe44b4a6e7c933aa]]
iCore.Common.Entities.CategorizedNamedItem
iCore.Common.Entities.ILazyKeyedCollection`2[[System.String, mscorlib, Version=4.0.0.0, Culture=neutral, PublicKeyToken=b77a5c561934e089],[iCore.Common.Entities.WebServiceAssemblyInfo, iCore.Common.Entities, Version=3.40.0.0, Culture=neutral, PublicKeyToken=fe44b4a6e7c933aa]]
iCore.Common.Entities.WebServiceAssemblyInfo
iCore.Common.Entities.ILazyKeyedCollection`2[[System.String, mscorlib, Version=4.0.0.0, Culture=neutral, PublicKeyToken=b77a5c561934e089],[iCore.Common.Entities.WebServiceSchemaInfo, iCore.Common.Entities, Version=3.40.0.0, Culture=neutral, PublicKeyToken=fe44b4a6e7c933aa]]
iCore.Common.Entities.WebServiceSchemaInfo
iCore.Common.Entities.SchemaType[]
iCore.Common.Entities.SchemaType
System.Uri
System.Version
iCore.Common.Entities.WebServiceGenerationOptions
iCore.Common.Entities.ICrossReferenceTable
iCore.Common.Entities.ICrossReferenceTable
iCore.Common.Entities.ILazyLoadedEntity`1[[iCore.Common.Entities.ICrossReferenceEntry, iCore.Common.Entities, Version=3.40.0.0, Culture=neutral, PublicKeyToken=fe44b4a6e7c933aa]]
iCore.Common.Entities.ICrossReferenceEntry
iCore.Common.Entities.ICrossReferenceTable
iCore.SAS.Administration.ILazySubEntity`1[[iCore.Common.Entities.ICrossReferenceEntry, iCore.Common.Entities, Version=3.40.0.0, Culture=neutral, PublicKeyToken=fe44b4a6e7c933aa]]
iCore.Common.Entities.ILazyLoadedEntity`1[[iCore.Common.Entities.ICrossReferenceEntry, iCore.Common.Entities, Version=3.40.0.0, Culture=neutral, PublicKeyToken=fe44b4a6e7c933aa]][]
System.Collections.Generic.IEnumerable`1[[iCore.Common.Entities.EntityKey, iCore.Common.Entities, Version=3.40.0.0, Culture=neutral, PublicKeyToken=fe44b4a6e7c933aa]]
iCore.Common.Entities.ICounter
iCore.Common.Entities.ICounter
iCore.Common.Entities.CounterCheckType
iCore.Common.Entities.AppendDateTimePosition
iCore.Common.Entities.IEntityFilter
iCore.Common.Entities.IEntityFilter
iCore.Common.Entities.ICompositeEntity
iCore.Common.Entities.CorrelatedActive
iCore.Common.IconEntity
iCore.Common.Entities.IServer
iCore.Common.Entities.ISystemQueue
iCore.Management.Monitoring.FailoverServerPartState
iCore.Public.Types.ServerPartType
iCore.Management.Monitoring.ServerPartStatus
System.Nullable`1[[System.Int64, mscorlib, Version=4.0.0.0, Culture=neutral, PublicKeyToken=b77a5c561934e089]]
iCore.Management.Monitoring.EventListenerState
iCore.Management.Monitoring.EventListenerStatistics
iCore.Management.Monitoring.TimeOfLastOperationTrackingStatisticsCounter
iCore.Management.Monitoring.EventProcessorState
iCore.Management.Monitoring.EventProcessorStatistics
iCore.Management.Monitoring.JobManagerState
iCore.Management.Monitoring.JobManagerStatistics
iCore.Management.Monitoring.StatisticsCounter
iCore.Management.Monitoring.EventGeneratorState+TimerDetails
iCore.Management.Monitoring.TimerType
iCore.Management.Monitoring.EventGeneratorState
iCore.Management.Monitoring.EventGeneratorState+TimerDetails[]
iCore.Management.Monitoring.DetailedServerPartState
iCore.SAS.Administration.Models.ServerStatusModel
iCore.SAS.Administration.Models.ServerPartDataModel
iCore.SAS.Administration.Models.ServerPartDataModel[]
iCore.Management.Monitoring.ServiceStatus
iCore.Management.Monitoring.SystemEventProcessorState
iCore.Management.Monitoring.SystemEventProcessorStatistics
iCore.Management.Monitoring.WorkerHostProcessBaseInfo
System.Int64[]
iCore.Management.Monitoring.WorkerHostProcessBaseInfo[]
iCore.Management.Monitoring.SystemMonitorServerConnectionInfo
iCore.Management.Monitoring.ServerConnectionStatus
iCore.Management.Monitoring.SystemMonitorServerInfo
iCore.Management.Monitoring.SystemMonitorServerPartInfo[]
iCore.Management.Monitoring.SystemMonitorServerPartInfo
iCore.Management.Monitoring.WorkerHostProcessInfo
iCore.Management.Monitoring.WorkerHostStatistics
iCore.SAS.Administration.Models.SystemMonitorDataModel
iCore.SAS.Administration.Models.ServerStatusModel[]
iCore.SAS.Administration.Models.ServerPartDataModel
iCore.SAS.Administration.Models.SystemEventProcessorDataModel
iCore.SAS.Administration.Models.SystemEventProcessDataModel
iCore.SAS.Administration.Models.SystemEventProcessDataModel[]
iCore.SAS.Administration.Models.WorkerHostManagerDataModel
iCore.SAS.Administration.Models.WorkerHostManagerProcessDataModel
System.Double
iCore.SAS.Administration.Models.WorkerHostManagerProcessDataModel[]
iCore.SAS.Administration.Models.WorkerHostManagerJobDataModel
iCore.SAS.Administration.Models.WorkerHostManagerJobDataModel[]
iCore.SAS.Administration.Models.EventGeneratorDataModel
iCore.SAS.Administration.Models.TimerDetailsDataModel
iCore.SAS.Administration.Models.TimerDetailsDataModel[]
iCore.SAS.Administration.Models.ServerMonitorDataModel
iCore.SAS.Administration.Models.SerializableServerDataModel
iCore.SAS.Administration.Models.SerializableServerDataModel[]
iCore.SAS.Administration.Models.EventListenerDataModel
iCore.SAS.Administration.Models.JobManagerDataModel
iCore.SAS.Administration.Models.EventProcessorDataModel
System.Char
System.Guid
System.String
System.Boolean
System.Collections.Generic.IEnumerable`1[[iCore.Common.Entities.EntityKey, iCore.Common.Entities, Version=3.40.0.0, Culture=neutral, PublicKeyToken=fe44b4a6e7c933aa]]</StdOut>
      </Output>
    </UnitTestResult>
    <UnitTestResult executionId="f9971201-e646-409c-98ca-ed80f1514c59" testId="9e0eb17c-96cc-cbd1-b27b-f6f187406f35" testName="GetChildNodes_GetEntityTypeNodes" computerName="ICSWS068" duration="00:00:00.2431585" startTime="2016-08-04T09:59:31.1619830+02:00" endTime="2016-08-04T09:59:31.4068985+02:00" testType="13cdc9d9-ddb5-4fa4-a97d-d965ccfc6d4b" outcome="Passed" testListId="8c84fa94-04c1-424b-9868-57a2d4851a1d" relativeResultsDirectory="f9971201-e646-409c-98ca-ed80f1514c59">
      <Output>
        <StdOut>Debug Trace:
iCore.Common.Entities.IEntity
iCore.Common.Entities.EntityKey
iCore.Common.Entities.EntityTypeId
iCore.Common.Entities.IComponentDefinition
System.String
System.DateTime
iCore.Common.Entities.IEventHistory
iCore.Common.Entities.ILazyLoadedEntity`1[[iCore.Common.Entities.IJob, iCore.Common.Entities, Version=3.40.0.0, Culture=neutral, PublicKeyToken=fe44b4a6e7c933aa]]
iCore.Common.Entities.IJob
iCore.Common.Entities.EntityKey
iCore.Common.Entities.EArgument
System.Boolean
System.Int64
iCore.Common.Entities.EventState
iCore.Common.Entities.EventReason
iCore.Common.Entities.EArgument[]
iCore.Common.Entities.ILazyLoadedEntity`1[[iCore.Common.Entities.IComponentConfiguration, iCore.Common.Entities, Version=3.40.0.0, Culture=neutral, PublicKeyToken=fe44b4a6e7c933aa]]
iCore.Common.Entities.IComponentConfiguration
iCore.Common.Entities.ILazyLoadedEntity`1[[iCore.Common.Entities.ICategoryMembership, iCore.Common.Entities, Version=3.40.0.0, Culture=neutral, PublicKeyToken=fe44b4a6e7c933aa]][]
iCore.Common.Entities.ILazyLoadedEntity`1[[iCore.Common.Entities.ICategoryMembership, iCore.Common.Entities, Version=3.40.0.0, Culture=neutral, PublicKeyToken=fe44b4a6e7c933aa]]
iCore.Common.Entities.ICategoryMembership
iCore.Common.Entities.ICategory
iCore.Common.Entities.ICategory
iCore.Common.Entities.ILazyLoadedEntity`1[[iCore.Common.Entities.ICategory, iCore.Common.Entities, Version=3.40.0.0, Culture=neutral, PublicKeyToken=fe44b4a6e7c933aa]]
System.Nullable`1[[System.Guid, mscorlib, Version=4.0.0.0, Culture=neutral, PublicKeyToken=b77a5c561934e089]]
System.TimeSpan
System.Guid
iCore.Common.Entities.IComponentConfiguration
iCore.Common.Entities.ILazyLoadedEntity`1[[iCore.Common.Entities.IApplicationPool, iCore.Common.Entities, Version=3.40.0.0, Culture=neutral, PublicKeyToken=fe44b4a6e7c933aa]]
iCore.Common.Entities.IApplicationPool
iCore.Common.Entities.IApplicationPool
iCore.Common.Entities.ILazyLoadedEntity`1[[iCore.Common.Entities.IServer, iCore.Common.Entities, Version=3.40.0.0, Culture=neutral, PublicKeyToken=fe44b4a6e7c933aa]]
iCore.Common.Entities.IServer
iCore.Common.Entities.ServerStartupSpecialTask
System.Nullable`1[[System.UInt16, mscorlib, Version=4.0.0.0, Culture=neutral, PublicKeyToken=b77a5c561934e089]]
System.UInt16
System.Int16
iCore.Common.Entities.IUser
iCore.Common.Entities.IUserGroup
iCore.Common.Entities.UserDisplayOptions
iCore.Common.Entities.MainTreeDisplayOptions
iCore.Common.Entities.NodeContent
iCore.Common.Entities.ILazyLoadedEntity`1[[iCore.Common.Entities.IUserGroup, iCore.Common.Entities, Version=3.40.0.0, Culture=neutral, PublicKeyToken=fe44b4a6e7c933aa]]
iCore.Common.Entities.ViewMode
iCore.Common.Entities.ILazyLoadedEntity`1[[iCore.Common.Entities.IUser, iCore.Common.Entities, Version=3.40.0.0, Culture=neutral, PublicKeyToken=fe44b4a6e7c933aa]]
iCore.Common.Entities.ILazyLoadedEntity`1[[iCore.Common.Entities.IApplicationPoolImplementation, iCore.Common.Entities, Version=3.40.0.0, Culture=neutral, PublicKeyToken=fe44b4a6e7c933aa]][]
iCore.Common.Entities.ILazyLoadedEntity`1[[iCore.Common.Entities.IApplicationPoolImplementation, iCore.Common.Entities, Version=3.40.0.0, Culture=neutral, PublicKeyToken=fe44b4a6e7c933aa]]
iCore.Common.Entities.IApplicationPoolImplementation
iCore.SAS.Administration.ILazySubEntity`1[[iCore.Common.Entities.IApplicationPoolImplementation, iCore.Common.Entities, Version=3.40.0.0, Culture=neutral, PublicKeyToken=fe44b4a6e7c933aa]]
iCore.Common.Entities.IServer
iCore.Common.Entities.ILazyLoadedEntity`1[[iCore.Common.Entities.INode, iCore.Common.Entities, Version=3.40.0.0, Culture=neutral, PublicKeyToken=fe44b4a6e7c933aa]]
iCore.Common.Entities.INode
iCore.Common.Entities.INode
System.String
iCore.Common.Entities.ILazyLoadedEntity`1[[iCore.Common.Entities.INodeAttributeValue, iCore.Common.Entities, Version=3.40.0.0, Culture=neutral, PublicKeyToken=fe44b4a6e7c933aa]][]
iCore.Common.Entities.ILazyLoadedEntity`1[[iCore.Common.Entities.INodeAttributeValue, iCore.Common.Entities, Version=3.40.0.0, Culture=neutral, PublicKeyToken=fe44b4a6e7c933aa]]
iCore.Common.Entities.INodeAttributeValue
iCore.SAS.Administration.ILazySubEntity`1[[iCore.Common.Entities.INodeAttributeValue, iCore.Common.Entities, Version=3.40.0.0, Culture=neutral, PublicKeyToken=fe44b4a6e7c933aa]]
System.Object
iCore.Public.Types.ScriptVarType
iCore.Common.Entities.INodeAttributeType
iCore.Common.Entities.INodeAttributeType
iCore.Common.Entities.INode
iCore.Common.Entities.ILazyLoadedEntity`1[[iCore.Common.Entities.INodeAttributeType, iCore.Common.Entities, Version=3.40.0.0, Culture=neutral, PublicKeyToken=fe44b4a6e7c933aa]]
iCore.Common.Entities.IPartner
System.String
iCore.Common.Entities.IEntityImage
iCore.Common.Entities.SizedEntityImage[]
iCore.Common.Entities.SizedEntityImage
System.Drawing.Size
iCore.Common.Entities.ILazyLoadedEntity`1[[iCore.Common.Entities.IPartnerAttributeGroupInstance, iCore.Common.Entities, Version=3.40.0.0, Culture=neutral, PublicKeyToken=fe44b4a6e7c933aa]][]
iCore.Common.Entities.ILazyLoadedEntity`1[[iCore.Common.Entities.IPartnerAttributeGroupInstance, iCore.Common.Entities, Version=3.40.0.0, Culture=neutral, PublicKeyToken=fe44b4a6e7c933aa]]
iCore.Common.Entities.IPartnerAttributeGroupInstance
iCore.Common.Entities.IPartnerAttributeGroupType
iCore.Common.Entities.IPartnerAttributeGroupType
iCore.Common.Entities.ILazyLoadedEntity`1[[iCore.Common.Entities.IPartnerAttributeValue, iCore.Common.Entities, Version=3.40.0.0, Culture=neutral, PublicKeyToken=fe44b4a6e7c933aa]]
iCore.Common.Entities.IPartnerAttributeValue
iCore.SAS.Administration.ILazySubEntity`1[[iCore.Common.Entities.IPartnerAttributeValue, iCore.Common.Entities, Version=3.40.0.0, Culture=neutral, PublicKeyToken=fe44b4a6e7c933aa]]
iCore.Common.Entities.ILazyLoadedEntity`1[[iCore.Common.Entities.IPartnerAttributeValue, iCore.Common.Entities, Version=3.40.0.0, Culture=neutral, PublicKeyToken=fe44b4a6e7c933aa]][]
iCore.SAS.Administration.ILazySubEntity`1[[iCore.Common.Entities.IPartnerAttributeGroupInstance, iCore.Common.Entities, Version=3.40.0.0, Culture=neutral, PublicKeyToken=fe44b4a6e7c933aa]]
iCore.Common.Entities.ILazyLoadedEntity`1[[iCore.Common.Entities.IPartnerAttributeGroupType, iCore.Common.Entities, Version=3.40.0.0, Culture=neutral, PublicKeyToken=fe44b4a6e7c933aa]]
iCore.Common.Entities.ILazyLoadedEntity`1[[iCore.Common.Entities.IPartnerIdentity, iCore.Common.Entities, Version=3.40.0.0, Culture=neutral, PublicKeyToken=fe44b4a6e7c933aa]][]
iCore.Common.Entities.ILazyLoadedEntity`1[[iCore.Common.Entities.IPartnerIdentity, iCore.Common.Entities, Version=3.40.0.0, Culture=neutral, PublicKeyToken=fe44b4a6e7c933aa]]
iCore.Common.Entities.IPartnerIdentity
iCore.Common.Entities.IPartner
iCore.Common.Entities.ILazyLoadedEntity`1[[iCore.Common.Entities.IPartner, iCore.Common.Entities, Version=3.40.0.0, Culture=neutral, PublicKeyToken=fe44b4a6e7c933aa]]
iCore.Common.Entities.INodeTypeVersion
iCore.Common.Entities.INodeTypeVersion
iCore.Common.Entities.INodeType
iCore.Common.Entities.INodeTypeStyleSheet
iCore.Common.Entities.INodeType
iCore.Common.Entities.ILazyLoadedEntity`1[[iCore.Common.Entities.INodeTypeVersion, iCore.Common.Entities, Version=3.40.0.0, Culture=neutral, PublicKeyToken=fe44b4a6e7c933aa]]
iCore.Common.Entities.IEventType
iCore.Common.Entities.SelectionRule
iCore.Common.Entities.EventTypes
iCore.Common.Entities.EventTrackingCleanupRole
iCore.Common.Entities.IEventType
iCore.Common.Entities.ILazyLoadedEntity`1[[iCore.Common.Entities.INodeType, iCore.Common.Entities, Version=3.40.0.0, Culture=neutral, PublicKeyToken=fe44b4a6e7c933aa]]
iCore.Common.Entities.ILazyLoadedEntity`1[[iCore.Common.Entities.IEvent, iCore.Common.Entities, Version=3.40.0.0, Culture=neutral, PublicKeyToken=fe44b4a6e7c933aa]]
iCore.Common.Entities.IEvent
iCore.Common.Entities.MatchedStatus
iCore.Common.Entities.EventSourceType
iCore.Common.Entities.ILazyLoadedEntity`1[[iCore.Common.Entities.IEventType, iCore.Common.Entities, Version=3.40.0.0, Culture=neutral, PublicKeyToken=fe44b4a6e7c933aa]]
iCore.Common.Entities.ILazyLoadedEntity`1[[iCore.Common.Entities.IEventHandler, iCore.Common.Entities, Version=3.40.0.0, Culture=neutral, PublicKeyToken=fe44b4a6e7c933aa]]
iCore.Common.Entities.IEventHandler
iCore.Common.Entities.EventHandlerStatus
iCore.Common.Entities.IEventHandler
iCore.Common.Entities.ILazyLoadedEntity`1[[iCore.Common.Entities.IComponentDefinition, iCore.Common.Entities, Version=3.40.0.0, Culture=neutral, PublicKeyToken=fe44b4a6e7c933aa]]
System.Nullable`1[[System.DateTime, mscorlib, Version=4.0.0.0, Culture=neutral, PublicKeyToken=b77a5c561934e089]]
iCore.Common.Entities.JobState
iCore.Common.Entities.JobHistoryReason
iCore.Common.Entities.JobType
System.Byte
System.Int32
iCore.Public.Types.JobLifetime
iCore.Common.Entities.EntityKey[]
System.Collections.Generic.IEnumerable`1[[iCore.Common.Entities.EntityKey, iCore.Common.Entities, Version=3.40.0.0, Culture=neutral, PublicKeyToken=fe44b4a6e7c933aa]]
iCore.Common.Entities.ILazyLoadedEntity`1[[iCore.Common.Entities.IPartnerAttributeType, iCore.Common.Entities, Version=3.40.0.0, Culture=neutral, PublicKeyToken=fe44b4a6e7c933aa]]
iCore.Common.Entities.IPartnerAttributeType
System.Collections.Generic.IEnumerable`1[[iCore.Common.Entities.EntityKey, iCore.Common.Entities, Version=3.40.0.0, Culture=neutral, PublicKeyToken=fe44b4a6e7c933aa]]
iCore.Common.Entities.IPartnerAttributeGroupType
iCore.SAS.Administration.ILazySubEntity`1[[iCore.Common.Entities.IPartnerAttributeType, iCore.Common.Entities, Version=3.40.0.0, Culture=neutral, PublicKeyToken=fe44b4a6e7c933aa]]
iCore.Common.Entities.ILazyLoadedEntity`1[[iCore.Common.Entities.IPartnerAttributeType, iCore.Common.Entities, Version=3.40.0.0, Culture=neutral, PublicKeyToken=fe44b4a6e7c933aa]][]
iCore.Common.Entities.INode
iCore.Common.Entities.IEvent
iCore.Common.Entities.IJob
iCore.Common.Entities.ILogEntry
iCore.Public.Types.LogLevel
iCore.Common.LogMessageTypeID
iCore.Common.Entities.IWorkflow
System.Collections.Generic.IEnumerable`1[[iCore.Common.Entities.EntityKey, iCore.Common.Entities, Version=3.40.0.0, Culture=neutral, PublicKeyToken=fe44b4a6e7c933aa]]
iCore.Common.Entities.WorkflowClassification
iCore.Common.Entities.IWorkflow
iCore.Common.Entities.IAdapterFlow
iCore.Common.Entities.IAdapterFlow
iCore.Common.Types.LogLevelFilter
iCore.Common.Types.EntryPointNameValue
iCore.Common.Entities.IScript
iCore.Common.Entities.IScript
iCore.Common.Entities.ITimer
iCore.Common.Entities.ITimer
iCore.Common.Types.TimerFrequency
iCore.Common.Types.TimerInterval+TimerIntervalType
iCore.Common.Entities.ILazyLoadedEntity`1[[iCore.Common.Entities.ITimerEvent, iCore.Common.Entities, Version=3.40.0.0, Culture=neutral, PublicKeyToken=fe44b4a6e7c933aa]]
iCore.Common.Entities.ITimerEvent
iCore.Common.Entities.ITimer
iCore.SAS.Administration.ILazySubEntity`1[[iCore.Common.Entities.ITimerEvent, iCore.Common.Entities, Version=3.40.0.0, Culture=neutral, PublicKeyToken=fe44b4a6e7c933aa]]
iCore.Common.Entities.TimerEventPriority
iCore.Common.Entities.ILazyLoadedEntity`1[[iCore.Common.Entities.ITimerEvent, iCore.Common.Entities, Version=3.40.0.0, Culture=neutral, PublicKeyToken=fe44b4a6e7c933aa]][]
System.Int32[]
iCore.SAS.Interfaces.WeekDay
iCore.SAS.Interfaces.WeekDay[]
System.Collections.Generic.IEnumerable`1[[iCore.Common.Entities.EntityKey, iCore.Common.Entities, Version=3.40.0.0, Culture=neutral, PublicKeyToken=fe44b4a6e7c933aa]]
iCore.Common.Entities.ISettingAttributeGroupType
iCore.Common.Entities.ISettingAttributeGroupType
iCore.Common.Entities.ILazyLoadedEntity`1[[iCore.Common.Entities.ISettingAttributeType, iCore.Common.Entities, Version=3.40.0.0, Culture=neutral, PublicKeyToken=fe44b4a6e7c933aa]]
iCore.Common.Entities.ISettingAttributeType
iCore.Common.Entities.ISettingAttributeGroupType
iCore.SAS.Administration.ILazySubEntity`1[[iCore.Common.Entities.ISettingAttributeType, iCore.Common.Entities, Version=3.40.0.0, Culture=neutral, PublicKeyToken=fe44b4a6e7c933aa]]
iCore.Common.Entities.ILazyLoadedEntity`1[[iCore.Common.Entities.ISettingAttributeType, iCore.Common.Entities, Version=3.40.0.0, Culture=neutral, PublicKeyToken=fe44b4a6e7c933aa]][]
System.Collections.Generic.IEnumerable`1[[iCore.Common.Entities.EntityKey, iCore.Common.Entities, Version=3.40.0.0, Culture=neutral, PublicKeyToken=fe44b4a6e7c933aa]]
iCore.Common.Entities.ISetting
iCore.Common.Entities.ISetting
iCore.Common.Entities.ILazyLoadedEntity`1[[iCore.Common.Entities.ISettingIdentity, iCore.Common.Entities, Version=3.40.0.0, Culture=neutral, PublicKeyToken=fe44b4a6e7c933aa]]
iCore.Common.Entities.ISettingIdentity
iCore.Common.Entities.ILazyLoadedEntity`1[[iCore.Common.Entities.ISettingIdentity, iCore.Common.Entities, Version=3.40.0.0, Culture=neutral, PublicKeyToken=fe44b4a6e7c933aa]][]
iCore.Common.Entities.ILazyLoadedEntity`1[[iCore.Common.Entities.ISettingAttributeGroupInstance, iCore.Common.Entities, Version=3.40.0.0, Culture=neutral, PublicKeyToken=fe44b4a6e7c933aa]]
iCore.Common.Entities.ISettingAttributeGroupInstance
iCore.Common.Entities.ILazyLoadedEntity`1[[iCore.Common.Entities.ISettingAttributeValue, iCore.Common.Entities, Version=3.40.0.0, Culture=neutral, PublicKeyToken=fe44b4a6e7c933aa]]
iCore.Common.Entities.ILazyLoadedEntity`1[[iCore.Common.Entities.ISettingAttributeValue, iCore.Common.Entities, Version=3.40.0.0, Culture=neutral, PublicKeyToken=fe44b4a6e7c933aa]][]
iCore.Common.Entities.ISetting
iCore.Common.Entities.ILazyLoadedEntity`1[[iCore.Common.Entities.ISettingAttributeGroupType, iCore.Common.Entities, Version=3.40.0.0, Culture=neutral, PublicKeyToken=fe44b4a6e7c933aa]]
iCore.Common.Entities.ILazyLoadedEntity`1[[iCore.Common.Entities.ISettingAttributeGroupInstance, iCore.Common.Entities, Version=3.40.0.0, Culture=neutral, PublicKeyToken=fe44b4a6e7c933aa]][]
System.String
iCore.SAS.Administration.ILazySubEntity`1[[iCore.Common.Entities.ISettingAttributeGroupInstance, iCore.Common.Entities, Version=3.40.0.0, Culture=neutral, PublicKeyToken=fe44b4a6e7c933aa]]
System.Collections.Generic.IEnumerable`1[[iCore.Common.Entities.EntityKey, iCore.Common.Entities, Version=3.40.0.0, Culture=neutral, PublicKeyToken=fe44b4a6e7c933aa]]
iCore.Common.Entities.ISettingAttributeValue
iCore.Common.Entities.ISetting
iCore.SAS.Administration.ILazySubEntity`1[[iCore.Common.Entities.ISettingAttributeGroupInstance, iCore.Common.Entities, Version=3.40.0.0, Culture=neutral, PublicKeyToken=fe44b4a6e7c933aa]]
iCore.SAS.Administration.ILazySubEntity`1[[iCore.Common.Entities.ISettingAttributeValue, iCore.Common.Entities, Version=3.40.0.0, Culture=neutral, PublicKeyToken=fe44b4a6e7c933aa]]
iCore.Common.Entities.IWebServiceDefinition
iCore.Common.Entities.IWebServiceDefinition
iCore.Common.Entities.ILazyKeyedCollection`2[[System.String, mscorlib, Version=4.0.0.0, Culture=neutral, PublicKeyToken=b77a5c561934e089],[iCore.Common.Entities.WebServiceActivityTypeInfo, iCore.Common.Entities, Version=3.40.0.0, Culture=neutral, PublicKeyToken=fe44b4a6e7c933aa]]
iCore.Common.Entities.WebServiceActivityTypeInfo
iCore.Common.Entities.ILazyKeyedCollection`2[[System.String, mscorlib, Version=4.0.0.0, Culture=neutral, PublicKeyToken=b77a5c561934e089],[iCore.Common.Entities.CategorizedNamedItem, iCore.Common.Entities, Version=3.40.0.0, Culture=neutral, PublicKeyToken=fe44b4a6e7c933aa]]
iCore.Common.Entities.CategorizedNamedItem
iCore.Common.Entities.ILazyKeyedCollection`2[[System.String, mscorlib, Version=4.0.0.0, Culture=neutral, PublicKeyToken=b77a5c561934e089],[iCore.Common.Entities.WebServiceAssemblyInfo, iCore.Common.Entities, Version=3.40.0.0, Culture=neutral, PublicKeyToken=fe44b4a6e7c933aa]]
iCore.Common.Entities.WebServiceAssemblyInfo
iCore.Common.Entities.ILazyKeyedCollection`2[[System.String, mscorlib, Version=4.0.0.0, Culture=neutral, PublicKeyToken=b77a5c561934e089],[iCore.Common.Entities.WebServiceSchemaInfo, iCore.Common.Entities, Version=3.40.0.0, Culture=neutral, PublicKeyToken=fe44b4a6e7c933aa]]
iCore.Common.Entities.WebServiceSchemaInfo
iCore.Common.Entities.SchemaType[]
iCore.Common.Entities.SchemaType
System.Uri
System.Version
iCore.Common.Entities.WebServiceGenerationOptions
iCore.Common.Entities.ICrossReferenceTable
iCore.Common.Entities.ICrossReferenceTable
iCore.Common.Entities.ILazyLoadedEntity`1[[iCore.Common.Entities.ICrossReferenceEntry, iCore.Common.Entities, Version=3.40.0.0, Culture=neutral, PublicKeyToken=fe44b4a6e7c933aa]]
iCore.Common.Entities.ICrossReferenceEntry
iCore.Common.Entities.ICrossReferenceTable
iCore.SAS.Administration.ILazySubEntity`1[[iCore.Common.Entities.ICrossReferenceEntry, iCore.Common.Entities, Version=3.40.0.0, Culture=neutral, PublicKeyToken=fe44b4a6e7c933aa]]
iCore.Common.Entities.ILazyLoadedEntity`1[[iCore.Common.Entities.ICrossReferenceEntry, iCore.Common.Entities, Version=3.40.0.0, Culture=neutral, PublicKeyToken=fe44b4a6e7c933aa]][]
System.Collections.Generic.IEnumerable`1[[iCore.Common.Entities.EntityKey, iCore.Common.Entities, Version=3.40.0.0, Culture=neutral, PublicKeyToken=fe44b4a6e7c933aa]]
iCore.Common.Entities.ICounter
iCore.Common.Entities.ICounter
iCore.Common.Entities.CounterCheckType
iCore.Common.Entities.AppendDateTimePosition
iCore.Common.Entities.IEntityFilter
iCore.Common.Entities.IEntityFilter
iCore.Common.Entities.ICompositeEntity
iCore.Common.Entities.CorrelatedActive
iCore.Common.IconEntity
iCore.Common.Entities.IServer
iCore.Common.Entities.ISystemQueue
iCore.Management.Monitoring.FailoverServerPartState
iCore.Public.Types.ServerPartType
iCore.Management.Monitoring.ServerPartStatus
System.Nullable`1[[System.Int64, mscorlib, Version=4.0.0.0, Culture=neutral, PublicKeyToken=b77a5c561934e089]]
iCore.Management.Monitoring.EventListenerState
iCore.Management.Monitoring.EventListenerStatistics
iCore.Management.Monitoring.TimeOfLastOperationTrackingStatisticsCounter
iCore.Management.Monitoring.EventProcessorState
iCore.Management.Monitoring.EventProcessorStatistics
iCore.Management.Monitoring.JobManagerState
iCore.Management.Monitoring.JobManagerStatistics
iCore.Management.Monitoring.StatisticsCounter
iCore.Management.Monitoring.EventGeneratorState+TimerDetails
iCore.Management.Monitoring.TimerType
iCore.Management.Monitoring.EventGeneratorState
iCore.Management.Monitoring.EventGeneratorState+TimerDetails[]
iCore.Management.Monitoring.DetailedServerPartState
iCore.SAS.Administration.Models.ServerStatusModel
iCore.SAS.Administration.Models.ServerPartDataModel
iCore.SAS.Administration.Models.ServerPartDataModel[]
iCore.Management.Monitoring.ServiceStatus
iCore.Management.Monitoring.SystemEventProcessorState
iCore.Management.Monitoring.SystemEventProcessorStatistics
iCore.Management.Monitoring.WorkerHostProcessBaseInfo
System.Int64[]
iCore.Management.Monitoring.WorkerHostProcessBaseInfo[]
iCore.Management.Monitoring.SystemMonitorServerConnectionInfo
iCore.Management.Monitoring.ServerConnectionStatus
iCore.Management.Monitoring.SystemMonitorServerInfo
iCore.Management.Monitoring.SystemMonitorServerPartInfo[]
iCore.Management.Monitoring.SystemMonitorServerPartInfo
iCore.Management.Monitoring.WorkerHostProcessInfo
iCore.Management.Monitoring.WorkerHostStatistics
iCore.SAS.Administration.Models.SystemMonitorDataModel
iCore.SAS.Administration.Models.ServerStatusModel[]
iCore.SAS.Administration.Models.ServerPartDataModel
iCore.SAS.Administration.Models.SystemEventProcessorDataModel
iCore.SAS.Administration.Models.SystemEventProcessDataModel
iCore.SAS.Administration.Models.SystemEventProcessDataModel[]
iCore.SAS.Administration.Models.WorkerHostManagerDataModel
iCore.SAS.Administration.Models.WorkerHostManagerProcessDataModel
System.Double
iCore.SAS.Administration.Models.WorkerHostManagerProcessDataModel[]
iCore.SAS.Administration.Models.WorkerHostManagerJobDataModel
iCore.SAS.Administration.Models.WorkerHostManagerJobDataModel[]
iCore.SAS.Administration.Models.EventGeneratorDataModel
iCore.SAS.Administration.Models.TimerDetailsDataModel
iCore.SAS.Administration.Models.TimerDetailsDataModel[]
iCore.SAS.Administration.Models.ServerMonitorDataModel
iCore.SAS.Administration.Models.SerializableServerDataModel
iCore.SAS.Administration.Models.SerializableServerDataModel[]
iCore.SAS.Administration.Models.EventListenerDataModel
iCore.SAS.Administration.Models.JobManagerDataModel
iCore.SAS.Administration.Models.EventProcessorDataModel
System.Char
System.Guid
System.String
System.Boolean
System.Collections.Generic.IEnumerable`1[[iCore.Common.Entities.EntityKey, iCore.Common.Entities, Version=3.40.0.0, Culture=neutral, PublicKeyToken=fe44b4a6e7c933aa]]</StdOut>
      </Output>
    </UnitTestResult>
    <UnitTestResult executionId="817121fb-53f6-4bbd-8256-56c037003708" testId="a650b3ac-d445-0576-4fd7-f5ec52ee4c5f" testName="GetChildNodes_GetFilterNodes" computerName="ICSWS068" duration="00:00:00.2459346" startTime="2016-08-04T09:59:31.4093984+02:00" endTime="2016-08-04T09:59:31.6572338+02:00" testType="13cdc9d9-ddb5-4fa4-a97d-d965ccfc6d4b" outcome="Passed" testListId="8c84fa94-04c1-424b-9868-57a2d4851a1d" relativeResultsDirectory="817121fb-53f6-4bbd-8256-56c037003708">
      <Output>
        <StdOut>Debug Trace:
iCore.Common.Entities.IEntity
iCore.Common.Entities.EntityKey
iCore.Common.Entities.EntityTypeId
iCore.Common.Entities.IComponentDefinition
System.String
System.DateTime
iCore.Common.Entities.IEventHistory
iCore.Common.Entities.ILazyLoadedEntity`1[[iCore.Common.Entities.IJob, iCore.Common.Entities, Version=3.40.0.0, Culture=neutral, PublicKeyToken=fe44b4a6e7c933aa]]
iCore.Common.Entities.IJob
iCore.Common.Entities.EntityKey
iCore.Common.Entities.EArgument
System.Boolean
System.Int64
iCore.Common.Entities.EventState
iCore.Common.Entities.EventReason
iCore.Common.Entities.EArgument[]
iCore.Common.Entities.ILazyLoadedEntity`1[[iCore.Common.Entities.IComponentConfiguration, iCore.Common.Entities, Version=3.40.0.0, Culture=neutral, PublicKeyToken=fe44b4a6e7c933aa]]
iCore.Common.Entities.IComponentConfiguration
iCore.Common.Entities.ILazyLoadedEntity`1[[iCore.Common.Entities.ICategoryMembership, iCore.Common.Entities, Version=3.40.0.0, Culture=neutral, PublicKeyToken=fe44b4a6e7c933aa]][]
iCore.Common.Entities.ILazyLoadedEntity`1[[iCore.Common.Entities.ICategoryMembership, iCore.Common.Entities, Version=3.40.0.0, Culture=neutral, PublicKeyToken=fe44b4a6e7c933aa]]
iCore.Common.Entities.ICategoryMembership
iCore.Common.Entities.ICategory
iCore.Common.Entities.ICategory
iCore.Common.Entities.ILazyLoadedEntity`1[[iCore.Common.Entities.ICategory, iCore.Common.Entities, Version=3.40.0.0, Culture=neutral, PublicKeyToken=fe44b4a6e7c933aa]]
System.Nullable`1[[System.Guid, mscorlib, Version=4.0.0.0, Culture=neutral, PublicKeyToken=b77a5c561934e089]]
System.TimeSpan
System.Guid
iCore.Common.Entities.IComponentConfiguration
iCore.Common.Entities.ILazyLoadedEntity`1[[iCore.Common.Entities.IApplicationPool, iCore.Common.Entities, Version=3.40.0.0, Culture=neutral, PublicKeyToken=fe44b4a6e7c933aa]]
iCore.Common.Entities.IApplicationPool
iCore.Common.Entities.IApplicationPool
iCore.Common.Entities.ILazyLoadedEntity`1[[iCore.Common.Entities.IServer, iCore.Common.Entities, Version=3.40.0.0, Culture=neutral, PublicKeyToken=fe44b4a6e7c933aa]]
iCore.Common.Entities.IServer
iCore.Common.Entities.ServerStartupSpecialTask
System.Nullable`1[[System.UInt16, mscorlib, Version=4.0.0.0, Culture=neutral, PublicKeyToken=b77a5c561934e089]]
System.UInt16
System.Int16
iCore.Common.Entities.IUser
iCore.Common.Entities.IUserGroup
iCore.Common.Entities.UserDisplayOptions
iCore.Common.Entities.MainTreeDisplayOptions
iCore.Common.Entities.NodeContent
iCore.Common.Entities.ILazyLoadedEntity`1[[iCore.Common.Entities.IUserGroup, iCore.Common.Entities, Version=3.40.0.0, Culture=neutral, PublicKeyToken=fe44b4a6e7c933aa]]
iCore.Common.Entities.ViewMode
iCore.Common.Entities.ILazyLoadedEntity`1[[iCore.Common.Entities.IUser, iCore.Common.Entities, Version=3.40.0.0, Culture=neutral, PublicKeyToken=fe44b4a6e7c933aa]]
iCore.Common.Entities.ILazyLoadedEntity`1[[iCore.Common.Entities.IApplicationPoolImplementation, iCore.Common.Entities, Version=3.40.0.0, Culture=neutral, PublicKeyToken=fe44b4a6e7c933aa]][]
iCore.Common.Entities.ILazyLoadedEntity`1[[iCore.Common.Entities.IApplicationPoolImplementation, iCore.Common.Entities, Version=3.40.0.0, Culture=neutral, PublicKeyToken=fe44b4a6e7c933aa]]
iCore.Common.Entities.IApplicationPoolImplementation
iCore.SAS.Administration.ILazySubEntity`1[[iCore.Common.Entities.IApplicationPoolImplementation, iCore.Common.Entities, Version=3.40.0.0, Culture=neutral, PublicKeyToken=fe44b4a6e7c933aa]]
iCore.Common.Entities.IServer
iCore.Common.Entities.ILazyLoadedEntity`1[[iCore.Common.Entities.INode, iCore.Common.Entities, Version=3.40.0.0, Culture=neutral, PublicKeyToken=fe44b4a6e7c933aa]]
iCore.Common.Entities.INode
iCore.Common.Entities.INode
System.String
iCore.Common.Entities.ILazyLoadedEntity`1[[iCore.Common.Entities.INodeAttributeValue, iCore.Common.Entities, Version=3.40.0.0, Culture=neutral, PublicKeyToken=fe44b4a6e7c933aa]][]
iCore.Common.Entities.ILazyLoadedEntity`1[[iCore.Common.Entities.INodeAttributeValue, iCore.Common.Entities, Version=3.40.0.0, Culture=neutral, PublicKeyToken=fe44b4a6e7c933aa]]
iCore.Common.Entities.INodeAttributeValue
iCore.SAS.Administration.ILazySubEntity`1[[iCore.Common.Entities.INodeAttributeValue, iCore.Common.Entities, Version=3.40.0.0, Culture=neutral, PublicKeyToken=fe44b4a6e7c933aa]]
System.Object
iCore.Public.Types.ScriptVarType
iCore.Common.Entities.INodeAttributeType
iCore.Common.Entities.INodeAttributeType
iCore.Common.Entities.INode
iCore.Common.Entities.ILazyLoadedEntity`1[[iCore.Common.Entities.INodeAttributeType, iCore.Common.Entities, Version=3.40.0.0, Culture=neutral, PublicKeyToken=fe44b4a6e7c933aa]]
iCore.Common.Entities.IPartner
System.String
iCore.Common.Entities.IEntityImage
iCore.Common.Entities.SizedEntityImage[]
iCore.Common.Entities.SizedEntityImage
System.Drawing.Size
iCore.Common.Entities.ILazyLoadedEntity`1[[iCore.Common.Entities.IPartnerAttributeGroupInstance, iCore.Common.Entities, Version=3.40.0.0, Culture=neutral, PublicKeyToken=fe44b4a6e7c933aa]][]
iCore.Common.Entities.ILazyLoadedEntity`1[[iCore.Common.Entities.IPartnerAttributeGroupInstance, iCore.Common.Entities, Version=3.40.0.0, Culture=neutral, PublicKeyToken=fe44b4a6e7c933aa]]
iCore.Common.Entities.IPartnerAttributeGroupInstance
iCore.Common.Entities.IPartnerAttributeGroupType
iCore.Common.Entities.IPartnerAttributeGroupType
iCore.Common.Entities.ILazyLoadedEntity`1[[iCore.Common.Entities.IPartnerAttributeValue, iCore.Common.Entities, Version=3.40.0.0, Culture=neutral, PublicKeyToken=fe44b4a6e7c933aa]]
iCore.Common.Entities.IPartnerAttributeValue
iCore.SAS.Administration.ILazySubEntity`1[[iCore.Common.Entities.IPartnerAttributeValue, iCore.Common.Entities, Version=3.40.0.0, Culture=neutral, PublicKeyToken=fe44b4a6e7c933aa]]
iCore.Common.Entities.ILazyLoadedEntity`1[[iCore.Common.Entities.IPartnerAttributeValue, iCore.Common.Entities, Version=3.40.0.0, Culture=neutral, PublicKeyToken=fe44b4a6e7c933aa]][]
iCore.SAS.Administration.ILazySubEntity`1[[iCore.Common.Entities.IPartnerAttributeGroupInstance, iCore.Common.Entities, Version=3.40.0.0, Culture=neutral, PublicKeyToken=fe44b4a6e7c933aa]]
iCore.Common.Entities.ILazyLoadedEntity`1[[iCore.Common.Entities.IPartnerAttributeGroupType, iCore.Common.Entities, Version=3.40.0.0, Culture=neutral, PublicKeyToken=fe44b4a6e7c933aa]]
iCore.Common.Entities.ILazyLoadedEntity`1[[iCore.Common.Entities.IPartnerIdentity, iCore.Common.Entities, Version=3.40.0.0, Culture=neutral, PublicKeyToken=fe44b4a6e7c933aa]][]
iCore.Common.Entities.ILazyLoadedEntity`1[[iCore.Common.Entities.IPartnerIdentity, iCore.Common.Entities, Version=3.40.0.0, Culture=neutral, PublicKeyToken=fe44b4a6e7c933aa]]
iCore.Common.Entities.IPartnerIdentity
iCore.Common.Entities.IPartner
iCore.Common.Entities.ILazyLoadedEntity`1[[iCore.Common.Entities.IPartner, iCore.Common.Entities, Version=3.40.0.0, Culture=neutral, PublicKeyToken=fe44b4a6e7c933aa]]
iCore.Common.Entities.INodeTypeVersion
iCore.Common.Entities.INodeTypeVersion
iCore.Common.Entities.INodeType
iCore.Common.Entities.INodeTypeStyleSheet
iCore.Common.Entities.INodeType
iCore.Common.Entities.ILazyLoadedEntity`1[[iCore.Common.Entities.INodeTypeVersion, iCore.Common.Entities, Version=3.40.0.0, Culture=neutral, PublicKeyToken=fe44b4a6e7c933aa]]
iCore.Common.Entities.IEventType
iCore.Common.Entities.SelectionRule
iCore.Common.Entities.EventTypes
iCore.Common.Entities.EventTrackingCleanupRole
iCore.Common.Entities.IEventType
iCore.Common.Entities.ILazyLoadedEntity`1[[iCore.Common.Entities.INodeType, iCore.Common.Entities, Version=3.40.0.0, Culture=neutral, PublicKeyToken=fe44b4a6e7c933aa]]
iCore.Common.Entities.ILazyLoadedEntity`1[[iCore.Common.Entities.IEvent, iCore.Common.Entities, Version=3.40.0.0, Culture=neutral, PublicKeyToken=fe44b4a6e7c933aa]]
iCore.Common.Entities.IEvent
iCore.Common.Entities.MatchedStatus
iCore.Common.Entities.EventSourceType
iCore.Common.Entities.ILazyLoadedEntity`1[[iCore.Common.Entities.IEventType, iCore.Common.Entities, Version=3.40.0.0, Culture=neutral, PublicKeyToken=fe44b4a6e7c933aa]]
iCore.Common.Entities.ILazyLoadedEntity`1[[iCore.Common.Entities.IEventHandler, iCore.Common.Entities, Version=3.40.0.0, Culture=neutral, PublicKeyToken=fe44b4a6e7c933aa]]
iCore.Common.Entities.IEventHandler
iCore.Common.Entities.EventHandlerStatus
iCore.Common.Entities.IEventHandler
iCore.Common.Entities.ILazyLoadedEntity`1[[iCore.Common.Entities.IComponentDefinition, iCore.Common.Entities, Version=3.40.0.0, Culture=neutral, PublicKeyToken=fe44b4a6e7c933aa]]
System.Nullable`1[[System.DateTime, mscorlib, Version=4.0.0.0, Culture=neutral, PublicKeyToken=b77a5c561934e089]]
iCore.Common.Entities.JobState
iCore.Common.Entities.JobHistoryReason
iCore.Common.Entities.JobType
System.Byte
System.Int32
iCore.Public.Types.JobLifetime
iCore.Common.Entities.EntityKey[]
System.Collections.Generic.IEnumerable`1[[iCore.Common.Entities.EntityKey, iCore.Common.Entities, Version=3.40.0.0, Culture=neutral, PublicKeyToken=fe44b4a6e7c933aa]]
iCore.Common.Entities.ILazyLoadedEntity`1[[iCore.Common.Entities.IPartnerAttributeType, iCore.Common.Entities, Version=3.40.0.0, Culture=neutral, PublicKeyToken=fe44b4a6e7c933aa]]
iCore.Common.Entities.IPartnerAttributeType
System.Collections.Generic.IEnumerable`1[[iCore.Common.Entities.EntityKey, iCore.Common.Entities, Version=3.40.0.0, Culture=neutral, PublicKeyToken=fe44b4a6e7c933aa]]
iCore.Common.Entities.IPartnerAttributeGroupType
iCore.SAS.Administration.ILazySubEntity`1[[iCore.Common.Entities.IPartnerAttributeType, iCore.Common.Entities, Version=3.40.0.0, Culture=neutral, PublicKeyToken=fe44b4a6e7c933aa]]
iCore.Common.Entities.ILazyLoadedEntity`1[[iCore.Common.Entities.IPartnerAttributeType, iCore.Common.Entities, Version=3.40.0.0, Culture=neutral, PublicKeyToken=fe44b4a6e7c933aa]][]
iCore.Common.Entities.INode
iCore.Common.Entities.IEvent
iCore.Common.Entities.IJob
iCore.Common.Entities.ILogEntry
iCore.Public.Types.LogLevel
iCore.Common.LogMessageTypeID
iCore.Common.Entities.IWorkflow
System.Collections.Generic.IEnumerable`1[[iCore.Common.Entities.EntityKey, iCore.Common.Entities, Version=3.40.0.0, Culture=neutral, PublicKeyToken=fe44b4a6e7c933aa]]
iCore.Common.Entities.WorkflowClassification
iCore.Common.Entities.IWorkflow
iCore.Common.Entities.IAdapterFlow
iCore.Common.Entities.IAdapterFlow
iCore.Common.Types.LogLevelFilter
iCore.Common.Types.EntryPointNameValue
iCore.Common.Entities.IScript
iCore.Common.Entities.IScript
iCore.Common.Entities.ITimer
iCore.Common.Entities.ITimer
iCore.Common.Types.TimerFrequency
iCore.Common.Types.TimerInterval+TimerIntervalType
iCore.Common.Entities.ILazyLoadedEntity`1[[iCore.Common.Entities.ITimerEvent, iCore.Common.Entities, Version=3.40.0.0, Culture=neutral, PublicKeyToken=fe44b4a6e7c933aa]]
iCore.Common.Entities.ITimerEvent
iCore.Common.Entities.ITimer
iCore.SAS.Administration.ILazySubEntity`1[[iCore.Common.Entities.ITimerEvent, iCore.Common.Entities, Version=3.40.0.0, Culture=neutral, PublicKeyToken=fe44b4a6e7c933aa]]
iCore.Common.Entities.TimerEventPriority
iCore.Common.Entities.ILazyLoadedEntity`1[[iCore.Common.Entities.ITimerEvent, iCore.Common.Entities, Version=3.40.0.0, Culture=neutral, PublicKeyToken=fe44b4a6e7c933aa]][]
System.Int32[]
iCore.SAS.Interfaces.WeekDay
iCore.SAS.Interfaces.WeekDay[]
System.Collections.Generic.IEnumerable`1[[iCore.Common.Entities.EntityKey, iCore.Common.Entities, Version=3.40.0.0, Culture=neutral, PublicKeyToken=fe44b4a6e7c933aa]]
iCore.Common.Entities.ISettingAttributeGroupType
iCore.Common.Entities.ISettingAttributeGroupType
iCore.Common.Entities.ILazyLoadedEntity`1[[iCore.Common.Entities.ISettingAttributeType, iCore.Common.Entities, Version=3.40.0.0, Culture=neutral, PublicKeyToken=fe44b4a6e7c933aa]]
iCore.Common.Entities.ISettingAttributeType
iCore.Common.Entities.ISettingAttributeGroupType
iCore.SAS.Administration.ILazySubEntity`1[[iCore.Common.Entities.ISettingAttributeType, iCore.Common.Entities, Version=3.40.0.0, Culture=neutral, PublicKeyToken=fe44b4a6e7c933aa]]
iCore.Common.Entities.ILazyLoadedEntity`1[[iCore.Common.Entities.ISettingAttributeType, iCore.Common.Entities, Version=3.40.0.0, Culture=neutral, PublicKeyToken=fe44b4a6e7c933aa]][]
System.Collections.Generic.IEnumerable`1[[iCore.Common.Entities.EntityKey, iCore.Common.Entities, Version=3.40.0.0, Culture=neutral, PublicKeyToken=fe44b4a6e7c933aa]]
iCore.Common.Entities.ISetting
iCore.Common.Entities.ISetting
iCore.Common.Entities.ILazyLoadedEntity`1[[iCore.Common.Entities.ISettingIdentity, iCore.Common.Entities, Version=3.40.0.0, Culture=neutral, PublicKeyToken=fe44b4a6e7c933aa]]
iCore.Common.Entities.ISettingIdentity
iCore.Common.Entities.ILazyLoadedEntity`1[[iCore.Common.Entities.ISettingIdentity, iCore.Common.Entities, Version=3.40.0.0, Culture=neutral, PublicKeyToken=fe44b4a6e7c933aa]][]
iCore.Common.Entities.ILazyLoadedEntity`1[[iCore.Common.Entities.ISettingAttributeGroupInstance, iCore.Common.Entities, Version=3.40.0.0, Culture=neutral, PublicKeyToken=fe44b4a6e7c933aa]]
iCore.Common.Entities.ISettingAttributeGroupInstance
iCore.Common.Entities.ILazyLoadedEntity`1[[iCore.Common.Entities.ISettingAttributeValue, iCore.Common.Entities, Version=3.40.0.0, Culture=neutral, PublicKeyToken=fe44b4a6e7c933aa]]
iCore.Common.Entities.ILazyLoadedEntity`1[[iCore.Common.Entities.ISettingAttributeValue, iCore.Common.Entities, Version=3.40.0.0, Culture=neutral, PublicKeyToken=fe44b4a6e7c933aa]][]
iCore.Common.Entities.ISetting
iCore.Common.Entities.ILazyLoadedEntity`1[[iCore.Common.Entities.ISettingAttributeGroupType, iCore.Common.Entities, Version=3.40.0.0, Culture=neutral, PublicKeyToken=fe44b4a6e7c933aa]]
iCore.Common.Entities.ILazyLoadedEntity`1[[iCore.Common.Entities.ISettingAttributeGroupInstance, iCore.Common.Entities, Version=3.40.0.0, Culture=neutral, PublicKeyToken=fe44b4a6e7c933aa]][]
System.String
iCore.SAS.Administration.ILazySubEntity`1[[iCore.Common.Entities.ISettingAttributeGroupInstance, iCore.Common.Entities, Version=3.40.0.0, Culture=neutral, PublicKeyToken=fe44b4a6e7c933aa]]
System.Collections.Generic.IEnumerable`1[[iCore.Common.Entities.EntityKey, iCore.Common.Entities, Version=3.40.0.0, Culture=neutral, PublicKeyToken=fe44b4a6e7c933aa]]
iCore.Common.Entities.ISettingAttributeValue
iCore.Common.Entities.ISetting
iCore.SAS.Administration.ILazySubEntity`1[[iCore.Common.Entities.ISettingAttributeGroupInstance, iCore.Common.Entities, Version=3.40.0.0, Culture=neutral, PublicKeyToken=fe44b4a6e7c933aa]]
iCore.SAS.Administration.ILazySubEntity`1[[iCore.Common.Entities.ISettingAttributeValue, iCore.Common.Entities, Version=3.40.0.0, Culture=neutral, PublicKeyToken=fe44b4a6e7c933aa]]
iCore.Common.Entities.IWebServiceDefinition
iCore.Common.Entities.IWebServiceDefinition
iCore.Common.Entities.ILazyKeyedCollection`2[[System.String, mscorlib, Version=4.0.0.0, Culture=neutral, PublicKeyToken=b77a5c561934e089],[iCore.Common.Entities.WebServiceActivityTypeInfo, iCore.Common.Entities, Version=3.40.0.0, Culture=neutral, PublicKeyToken=fe44b4a6e7c933aa]]
iCore.Common.Entities.WebServiceActivityTypeInfo
iCore.Common.Entities.ILazyKeyedCollection`2[[System.String, mscorlib, Version=4.0.0.0, Culture=neutral, PublicKeyToken=b77a5c561934e089],[iCore.Common.Entities.CategorizedNamedItem, iCore.Common.Entities, Version=3.40.0.0, Culture=neutral, PublicKeyToken=fe44b4a6e7c933aa]]
iCore.Common.Entities.CategorizedNamedItem
iCore.Common.Entities.ILazyKeyedCollection`2[[System.String, mscorlib, Version=4.0.0.0, Culture=neutral, PublicKeyToken=b77a5c561934e089],[iCore.Common.Entities.WebServiceAssemblyInfo, iCore.Common.Entities, Version=3.40.0.0, Culture=neutral, PublicKeyToken=fe44b4a6e7c933aa]]
iCore.Common.Entities.WebServiceAssemblyInfo
iCore.Common.Entities.ILazyKeyedCollection`2[[System.String, mscorlib, Version=4.0.0.0, Culture=neutral, PublicKeyToken=b77a5c561934e089],[iCore.Common.Entities.WebServiceSchemaInfo, iCore.Common.Entities, Version=3.40.0.0, Culture=neutral, PublicKeyToken=fe44b4a6e7c933aa]]
iCore.Common.Entities.WebServiceSchemaInfo
iCore.Common.Entities.SchemaType[]
iCore.Common.Entities.SchemaType
System.Uri
System.Version
iCore.Common.Entities.WebServiceGenerationOptions
iCore.Common.Entities.ICrossReferenceTable
iCore.Common.Entities.ICrossReferenceTable
iCore.Common.Entities.ILazyLoadedEntity`1[[iCore.Common.Entities.ICrossReferenceEntry, iCore.Common.Entities, Version=3.40.0.0, Culture=neutral, PublicKeyToken=fe44b4a6e7c933aa]]
iCore.Common.Entities.ICrossReferenceEntry
iCore.Common.Entities.ICrossReferenceTable
iCore.SAS.Administration.ILazySubEntity`1[[iCore.Common.Entities.ICrossReferenceEntry, iCore.Common.Entities, Version=3.40.0.0, Culture=neutral, PublicKeyToken=fe44b4a6e7c933aa]]
iCore.Common.Entities.ILazyLoadedEntity`1[[iCore.Common.Entities.ICrossReferenceEntry, iCore.Common.Entities, Version=3.40.0.0, Culture=neutral, PublicKeyToken=fe44b4a6e7c933aa]][]
System.Collections.Generic.IEnumerable`1[[iCore.Common.Entities.EntityKey, iCore.Common.Entities, Version=3.40.0.0, Culture=neutral, PublicKeyToken=fe44b4a6e7c933aa]]
iCore.Common.Entities.ICounter
iCore.Common.Entities.ICounter
iCore.Common.Entities.CounterCheckType
iCore.Common.Entities.AppendDateTimePosition
iCore.Common.Entities.IEntityFilter
iCore.Common.Entities.IEntityFilter
iCore.Common.Entities.ICompositeEntity
iCore.Common.Entities.CorrelatedActive
iCore.Common.IconEntity
iCore.Common.Entities.IServer
iCore.Common.Entities.ISystemQueue
iCore.Management.Monitoring.FailoverServerPartState
iCore.Public.Types.ServerPartType
iCore.Management.Monitoring.ServerPartStatus
System.Nullable`1[[System.Int64, mscorlib, Version=4.0.0.0, Culture=neutral, PublicKeyToken=b77a5c561934e089]]
iCore.Management.Monitoring.EventListenerState
iCore.Management.Monitoring.EventListenerStatistics
iCore.Management.Monitoring.TimeOfLastOperationTrackingStatisticsCounter
iCore.Management.Monitoring.EventProcessorState
iCore.Management.Monitoring.EventProcessorStatistics
iCore.Management.Monitoring.JobManagerState
iCore.Management.Monitoring.JobManagerStatistics
iCore.Management.Monitoring.StatisticsCounter
iCore.Management.Monitoring.EventGeneratorState+TimerDetails
iCore.Management.Monitoring.TimerType
iCore.Management.Monitoring.EventGeneratorState
iCore.Management.Monitoring.EventGeneratorState+TimerDetails[]
iCore.Management.Monitoring.DetailedServerPartState
iCore.SAS.Administration.Models.ServerStatusModel
iCore.SAS.Administration.Models.ServerPartDataModel
iCore.SAS.Administration.Models.ServerPartDataModel[]
iCore.Management.Monitoring.ServiceStatus
iCore.Management.Monitoring.SystemEventProcessorState
iCore.Management.Monitoring.SystemEventProcessorStatistics
iCore.Management.Monitoring.WorkerHostProcessBaseInfo
System.Int64[]
iCore.Management.Monitoring.WorkerHostProcessBaseInfo[]
iCore.Management.Monitoring.SystemMonitorServerConnectionInfo
iCore.Management.Monitoring.ServerConnectionStatus
iCore.Management.Monitoring.SystemMonitorServerInfo
iCore.Management.Monitoring.SystemMonitorServerPartInfo[]
iCore.Management.Monitoring.SystemMonitorServerPartInfo
iCore.Management.Monitoring.WorkerHostProcessInfo
iCore.Management.Monitoring.WorkerHostStatistics
iCore.SAS.Administration.Models.SystemMonitorDataModel
iCore.SAS.Administration.Models.ServerStatusModel[]
iCore.SAS.Administration.Models.ServerPartDataModel
iCore.SAS.Administration.Models.SystemEventProcessorDataModel
iCore.SAS.Administration.Models.SystemEventProcessDataModel
iCore.SAS.Administration.Models.SystemEventProcessDataModel[]
iCore.SAS.Administration.Models.WorkerHostManagerDataModel
iCore.SAS.Administration.Models.WorkerHostManagerProcessDataModel
System.Double
iCore.SAS.Administration.Models.WorkerHostManagerProcessDataModel[]
iCore.SAS.Administration.Models.WorkerHostManagerJobDataModel
iCore.SAS.Administration.Models.WorkerHostManagerJobDataModel[]
iCore.SAS.Administration.Models.EventGeneratorDataModel
iCore.SAS.Administration.Models.TimerDetailsDataModel
iCore.SAS.Administration.Models.TimerDetailsDataModel[]
iCore.SAS.Administration.Models.ServerMonitorDataModel
iCore.SAS.Administration.Models.SerializableServerDataModel
iCore.SAS.Administration.Models.SerializableServerDataModel[]
iCore.SAS.Administration.Models.EventListenerDataModel
iCore.SAS.Administration.Models.JobManagerDataModel
iCore.SAS.Administration.Models.EventProcessorDataModel
System.Char
System.Guid
System.String
System.Boolean
System.Collections.Generic.IEnumerable`1[[iCore.Common.Entities.EntityKey, iCore.Common.Entities, Version=3.40.0.0, Culture=neutral, PublicKeyToken=fe44b4a6e7c933aa]]</StdOut>
      </Output>
    </UnitTestResult>
    <UnitTestResult executionId="b48c3dd6-abba-4797-a8eb-2c8506edfaa1" testId="0ca1503d-b491-6246-88d0-0baa3504045d" testName="GetSystemServiceStateResultAsync_GetsCalled_CorrectServiceStatusIsReturned" computerName="ICSWS068" duration="00:00:00.4294374" startTime="2016-08-04T09:59:31.6597358+02:00" endTime="2016-08-04T09:59:32.0903115+02:00" testType="13cdc9d9-ddb5-4fa4-a97d-d965ccfc6d4b" outcome="Passed" testListId="8c84fa94-04c1-424b-9868-57a2d4851a1d" relativeResultsDirectory="b48c3dd6-abba-4797-a8eb-2c8506edfaa1">
      <Output>
        <StdOut>Debug Trace:
iCore.Common.Entities.IEntity
iCore.Common.Entities.EntityKey
iCore.Common.Entities.EntityTypeId
iCore.Common.Entities.IComponentDefinition
System.String
System.DateTime
iCore.Common.Entities.IEventHistory
iCore.Common.Entities.ILazyLoadedEntity`1[[iCore.Common.Entities.IJob, iCore.Common.Entities, Version=3.40.0.0, Culture=neutral, PublicKeyToken=fe44b4a6e7c933aa]]
iCore.Common.Entities.IJob
iCore.Common.Entities.EntityKey
iCore.Common.Entities.EArgument
System.Boolean
System.Int64
iCore.Common.Entities.EventState
iCore.Common.Entities.EventReason
iCore.Common.Entities.EArgument[]
iCore.Common.Entities.ILazyLoadedEntity`1[[iCore.Common.Entities.IComponentConfiguration, iCore.Common.Entities, Version=3.40.0.0, Culture=neutral, PublicKeyToken=fe44b4a6e7c933aa]]
iCore.Common.Entities.IComponentConfiguration
iCore.Common.Entities.ILazyLoadedEntity`1[[iCore.Common.Entities.ICategoryMembership, iCore.Common.Entities, Version=3.40.0.0, Culture=neutral, PublicKeyToken=fe44b4a6e7c933aa]][]
iCore.Common.Entities.ILazyLoadedEntity`1[[iCore.Common.Entities.ICategoryMembership, iCore.Common.Entities, Version=3.40.0.0, Culture=neutral, PublicKeyToken=fe44b4a6e7c933aa]]
iCore.Common.Entities.ICategoryMembership
iCore.Common.Entities.ICategory
iCore.Common.Entities.ICategory
iCore.Common.Entities.ILazyLoadedEntity`1[[iCore.Common.Entities.ICategory, iCore.Common.Entities, Version=3.40.0.0, Culture=neutral, PublicKeyToken=fe44b4a6e7c933aa]]
System.Nullable`1[[System.Guid, mscorlib, Version=4.0.0.0, Culture=neutral, PublicKeyToken=b77a5c561934e089]]
System.TimeSpan
System.Guid
iCore.Common.Entities.IComponentConfiguration
iCore.Common.Entities.ILazyLoadedEntity`1[[iCore.Common.Entities.IApplicationPool, iCore.Common.Entities, Version=3.40.0.0, Culture=neutral, PublicKeyToken=fe44b4a6e7c933aa]]
iCore.Common.Entities.IApplicationPool
iCore.Common.Entities.IApplicationPool
iCore.Common.Entities.ILazyLoadedEntity`1[[iCore.Common.Entities.IServer, iCore.Common.Entities, Version=3.40.0.0, Culture=neutral, PublicKeyToken=fe44b4a6e7c933aa]]
iCore.Common.Entities.IServer
iCore.Common.Entities.ServerStartupSpecialTask
System.Nullable`1[[System.UInt16, mscorlib, Version=4.0.0.0, Culture=neutral, PublicKeyToken=b77a5c561934e089]]
System.UInt16
System.Int16
iCore.Common.Entities.IUser
iCore.Common.Entities.IUserGroup
iCore.Common.Entities.UserDisplayOptions
iCore.Common.Entities.MainTreeDisplayOptions
iCore.Common.Entities.NodeContent
iCore.Common.Entities.ILazyLoadedEntity`1[[iCore.Common.Entities.IUserGroup, iCore.Common.Entities, Version=3.40.0.0, Culture=neutral, PublicKeyToken=fe44b4a6e7c933aa]]
iCore.Common.Entities.ViewMode
iCore.Common.Entities.ILazyLoadedEntity`1[[iCore.Common.Entities.IUser, iCore.Common.Entities, Version=3.40.0.0, Culture=neutral, PublicKeyToken=fe44b4a6e7c933aa]]
iCore.Common.Entities.ILazyLoadedEntity`1[[iCore.Common.Entities.IApplicationPoolImplementation, iCore.Common.Entities, Version=3.40.0.0, Culture=neutral, PublicKeyToken=fe44b4a6e7c933aa]][]
iCore.Common.Entities.ILazyLoadedEntity`1[[iCore.Common.Entities.IApplicationPoolImplementation, iCore.Common.Entities, Version=3.40.0.0, Culture=neutral, PublicKeyToken=fe44b4a6e7c933aa]]
iCore.Common.Entities.IApplicationPoolImplementation
iCore.SAS.Administration.ILazySubEntity`1[[iCore.Common.Entities.IApplicationPoolImplementation, iCore.Common.Entities, Version=3.40.0.0, Culture=neutral, PublicKeyToken=fe44b4a6e7c933aa]]
iCore.Common.Entities.IServer
iCore.Common.Entities.ILazyLoadedEntity`1[[iCore.Common.Entities.INode, iCore.Common.Entities, Version=3.40.0.0, Culture=neutral, PublicKeyToken=fe44b4a6e7c933aa]]
iCore.Common.Entities.INode
iCore.Common.Entities.INode
System.String
iCore.Common.Entities.ILazyLoadedEntity`1[[iCore.Common.Entities.INodeAttributeValue, iCore.Common.Entities, Version=3.40.0.0, Culture=neutral, PublicKeyToken=fe44b4a6e7c933aa]][]
iCore.Common.Entities.ILazyLoadedEntity`1[[iCore.Common.Entities.INodeAttributeValue, iCore.Common.Entities, Version=3.40.0.0, Culture=neutral, PublicKeyToken=fe44b4a6e7c933aa]]
iCore.Common.Entities.INodeAttributeValue
iCore.SAS.Administration.ILazySubEntity`1[[iCore.Common.Entities.INodeAttributeValue, iCore.Common.Entities, Version=3.40.0.0, Culture=neutral, PublicKeyToken=fe44b4a6e7c933aa]]
System.Object
iCore.Public.Types.ScriptVarType
iCore.Common.Entities.INodeAttributeType
iCore.Common.Entities.INodeAttributeType
iCore.Common.Entities.INode
iCore.Common.Entities.ILazyLoadedEntity`1[[iCore.Common.Entities.INodeAttributeType, iCore.Common.Entities, Version=3.40.0.0, Culture=neutral, PublicKeyToken=fe44b4a6e7c933aa]]
iCore.Common.Entities.IPartner
System.String
iCore.Common.Entities.IEntityImage
iCore.Common.Entities.SizedEntityImage[]
iCore.Common.Entities.SizedEntityImage
System.Drawing.Size
iCore.Common.Entities.ILazyLoadedEntity`1[[iCore.Common.Entities.IPartnerAttributeGroupInstance, iCore.Common.Entities, Version=3.40.0.0, Culture=neutral, PublicKeyToken=fe44b4a6e7c933aa]][]
iCore.Common.Entities.ILazyLoadedEntity`1[[iCore.Common.Entities.IPartnerAttributeGroupInstance, iCore.Common.Entities, Version=3.40.0.0, Culture=neutral, PublicKeyToken=fe44b4a6e7c933aa]]
iCore.Common.Entities.IPartnerAttributeGroupInstance
iCore.Common.Entities.IPartnerAttributeGroupType
iCore.Common.Entities.IPartnerAttributeGroupType
iCore.Common.Entities.ILazyLoadedEntity`1[[iCore.Common.Entities.IPartnerAttributeValue, iCore.Common.Entities, Version=3.40.0.0, Culture=neutral, PublicKeyToken=fe44b4a6e7c933aa]]
iCore.Common.Entities.IPartnerAttributeValue
iCore.SAS.Administration.ILazySubEntity`1[[iCore.Common.Entities.IPartnerAttributeValue, iCore.Common.Entities, Version=3.40.0.0, Culture=neutral, PublicKeyToken=fe44b4a6e7c933aa]]
iCore.Common.Entities.ILazyLoadedEntity`1[[iCore.Common.Entities.IPartnerAttributeValue, iCore.Common.Entities, Version=3.40.0.0, Culture=neutral, PublicKeyToken=fe44b4a6e7c933aa]][]
iCore.SAS.Administration.ILazySubEntity`1[[iCore.Common.Entities.IPartnerAttributeGroupInstance, iCore.Common.Entities, Version=3.40.0.0, Culture=neutral, PublicKeyToken=fe44b4a6e7c933aa]]
iCore.Common.Entities.ILazyLoadedEntity`1[[iCore.Common.Entities.IPartnerAttributeGroupType, iCore.Common.Entities, Version=3.40.0.0, Culture=neutral, PublicKeyToken=fe44b4a6e7c933aa]]
iCore.Common.Entities.ILazyLoadedEntity`1[[iCore.Common.Entities.IPartnerIdentity, iCore.Common.Entities, Version=3.40.0.0, Culture=neutral, PublicKeyToken=fe44b4a6e7c933aa]][]
iCore.Common.Entities.ILazyLoadedEntity`1[[iCore.Common.Entities.IPartnerIdentity, iCore.Common.Entities, Version=3.40.0.0, Culture=neutral, PublicKeyToken=fe44b4a6e7c933aa]]
iCore.Common.Entities.IPartnerIdentity
iCore.Common.Entities.IPartner
iCore.Common.Entities.ILazyLoadedEntity`1[[iCore.Common.Entities.IPartner, iCore.Common.Entities, Version=3.40.0.0, Culture=neutral, PublicKeyToken=fe44b4a6e7c933aa]]
iCore.Common.Entities.INodeTypeVersion
iCore.Common.Entities.INodeTypeVersion
iCore.Common.Entities.INodeType
iCore.Common.Entities.INodeTypeStyleSheet
iCore.Common.Entities.INodeType
iCore.Common.Entities.ILazyLoadedEntity`1[[iCore.Common.Entities.INodeTypeVersion, iCore.Common.Entities, Version=3.40.0.0, Culture=neutral, PublicKeyToken=fe44b4a6e7c933aa]]
iCore.Common.Entities.IEventType
iCore.Common.Entities.SelectionRule
iCore.Common.Entities.EventTypes
iCore.Common.Entities.EventTrackingCleanupRole
iCore.Common.Entities.IEventType
iCore.Common.Entities.ILazyLoadedEntity`1[[iCore.Common.Entities.INodeType, iCore.Common.Entities, Version=3.40.0.0, Culture=neutral, PublicKeyToken=fe44b4a6e7c933aa]]
iCore.Common.Entities.ILazyLoadedEntity`1[[iCore.Common.Entities.IEvent, iCore.Common.Entities, Version=3.40.0.0, Culture=neutral, PublicKeyToken=fe44b4a6e7c933aa]]
iCore.Common.Entities.IEvent
iCore.Common.Entities.MatchedStatus
iCore.Common.Entities.EventSourceType
iCore.Common.Entities.ILazyLoadedEntity`1[[iCore.Common.Entities.IEventType, iCore.Common.Entities, Version=3.40.0.0, Culture=neutral, PublicKeyToken=fe44b4a6e7c933aa]]
iCore.Common.Entities.ILazyLoadedEntity`1[[iCore.Common.Entities.IEventHandler, iCore.Common.Entities, Version=3.40.0.0, Culture=neutral, PublicKeyToken=fe44b4a6e7c933aa]]
iCore.Common.Entities.IEventHandler
iCore.Common.Entities.EventHandlerStatus
iCore.Common.Entities.IEventHandler
iCore.Common.Entities.ILazyLoadedEntity`1[[iCore.Common.Entities.IComponentDefinition, iCore.Common.Entities, Version=3.40.0.0, Culture=neutral, PublicKeyToken=fe44b4a6e7c933aa]]
System.Nullable`1[[System.DateTime, mscorlib, Version=4.0.0.0, Culture=neutral, PublicKeyToken=b77a5c561934e089]]
iCore.Common.Entities.JobState
iCore.Common.Entities.JobHistoryReason
iCore.Common.Entities.JobType
System.Byte
System.Int32
iCore.Public.Types.JobLifetime
iCore.Common.Entities.EntityKey[]
System.Collections.Generic.IEnumerable`1[[iCore.Common.Entities.EntityKey, iCore.Common.Entities, Version=3.40.0.0, Culture=neutral, PublicKeyToken=fe44b4a6e7c933aa]]
iCore.Common.Entities.ILazyLoadedEntity`1[[iCore.Common.Entities.IPartnerAttributeType, iCore.Common.Entities, Version=3.40.0.0, Culture=neutral, PublicKeyToken=fe44b4a6e7c933aa]]
iCore.Common.Entities.IPartnerAttributeType
System.Collections.Generic.IEnumerable`1[[iCore.Common.Entities.EntityKey, iCore.Common.Entities, Version=3.40.0.0, Culture=neutral, PublicKeyToken=fe44b4a6e7c933aa]]
iCore.Common.Entities.IPartnerAttributeGroupType
iCore.SAS.Administration.ILazySubEntity`1[[iCore.Common.Entities.IPartnerAttributeType, iCore.Common.Entities, Version=3.40.0.0, Culture=neutral, PublicKeyToken=fe44b4a6e7c933aa]]
iCore.Common.Entities.ILazyLoadedEntity`1[[iCore.Common.Entities.IPartnerAttributeType, iCore.Common.Entities, Version=3.40.0.0, Culture=neutral, PublicKeyToken=fe44b4a6e7c933aa]][]
iCore.Common.Entities.INode
iCore.Common.Entities.IEvent
iCore.Common.Entities.IJob
iCore.Common.Entities.ILogEntry
iCore.Public.Types.LogLevel
iCore.Common.LogMessageTypeID
iCore.Common.Entities.IWorkflow
System.Collections.Generic.IEnumerable`1[[iCore.Common.Entities.EntityKey, iCore.Common.Entities, Version=3.40.0.0, Culture=neutral, PublicKeyToken=fe44b4a6e7c933aa]]
iCore.Common.Entities.WorkflowClassification
iCore.Common.Entities.IWorkflow
iCore.Common.Entities.IAdapterFlow
iCore.Common.Entities.IAdapterFlow
iCore.Common.Types.LogLevelFilter
iCore.Common.Types.EntryPointNameValue
iCore.Common.Entities.IScript
iCore.Common.Entities.IScript
iCore.Common.Entities.ITimer
iCore.Common.Entities.ITimer
iCore.Common.Types.TimerFrequency
iCore.Common.Types.TimerInterval+TimerIntervalType
iCore.Common.Entities.ILazyLoadedEntity`1[[iCore.Common.Entities.ITimerEvent, iCore.Common.Entities, Version=3.40.0.0, Culture=neutral, PublicKeyToken=fe44b4a6e7c933aa]]
iCore.Common.Entities.ITimerEvent
iCore.Common.Entities.ITimer
iCore.SAS.Administration.ILazySubEntity`1[[iCore.Common.Entities.ITimerEvent, iCore.Common.Entities, Version=3.40.0.0, Culture=neutral, PublicKeyToken=fe44b4a6e7c933aa]]
iCore.Common.Entities.TimerEventPriority
iCore.Common.Entities.ILazyLoadedEntity`1[[iCore.Common.Entities.ITimerEvent, iCore.Common.Entities, Version=3.40.0.0, Culture=neutral, PublicKeyToken=fe44b4a6e7c933aa]][]
System.Int32[]
iCore.SAS.Interfaces.WeekDay
iCore.SAS.Interfaces.WeekDay[]
System.Collections.Generic.IEnumerable`1[[iCore.Common.Entities.EntityKey, iCore.Common.Entities, Version=3.40.0.0, Culture=neutral, PublicKeyToken=fe44b4a6e7c933aa]]
iCore.Common.Entities.ISettingAttributeGroupType
iCore.Common.Entities.ISettingAttributeGroupType
iCore.Common.Entities.ILazyLoadedEntity`1[[iCore.Common.Entities.ISettingAttributeType, iCore.Common.Entities, Version=3.40.0.0, Culture=neutral, PublicKeyToken=fe44b4a6e7c933aa]]
iCore.Common.Entities.ISettingAttributeType
iCore.Common.Entities.ISettingAttributeGroupType
iCore.SAS.Administration.ILazySubEntity`1[[iCore.Common.Entities.ISettingAttributeType, iCore.Common.Entities, Version=3.40.0.0, Culture=neutral, PublicKeyToken=fe44b4a6e7c933aa]]
iCore.Common.Entities.ILazyLoadedEntity`1[[iCore.Common.Entities.ISettingAttributeType, iCore.Common.Entities, Version=3.40.0.0, Culture=neutral, PublicKeyToken=fe44b4a6e7c933aa]][]
System.Collections.Generic.IEnumerable`1[[iCore.Common.Entities.EntityKey, iCore.Common.Entities, Version=3.40.0.0, Culture=neutral, PublicKeyToken=fe44b4a6e7c933aa]]
iCore.Common.Entities.ISetting
iCore.Common.Entities.ISetting
iCore.Common.Entities.ILazyLoadedEntity`1[[iCore.Common.Entities.ISettingIdentity, iCore.Common.Entities, Version=3.40.0.0, Culture=neutral, PublicKeyToken=fe44b4a6e7c933aa]]
iCore.Common.Entities.ISettingIdentity
iCore.Common.Entities.ILazyLoadedEntity`1[[iCore.Common.Entities.ISettingIdentity, iCore.Common.Entities, Version=3.40.0.0, Culture=neutral, PublicKeyToken=fe44b4a6e7c933aa]][]
iCore.Common.Entities.ILazyLoadedEntity`1[[iCore.Common.Entities.ISettingAttributeGroupInstance, iCore.Common.Entities, Version=3.40.0.0, Culture=neutral, PublicKeyToken=fe44b4a6e7c933aa]]
iCore.Common.Entities.ISettingAttributeGroupInstance
iCore.Common.Entities.ILazyLoadedEntity`1[[iCore.Common.Entities.ISettingAttributeValue, iCore.Common.Entities, Version=3.40.0.0, Culture=neutral, PublicKeyToken=fe44b4a6e7c933aa]]
iCore.Common.Entities.ILazyLoadedEntity`1[[iCore.Common.Entities.ISettingAttributeValue, iCore.Common.Entities, Version=3.40.0.0, Culture=neutral, PublicKeyToken=fe44b4a6e7c933aa]][]
iCore.Common.Entities.ISetting
iCore.Common.Entities.ILazyLoadedEntity`1[[iCore.Common.Entities.ISettingAttributeGroupType, iCore.Common.Entities, Version=3.40.0.0, Culture=neutral, PublicKeyToken=fe44b4a6e7c933aa]]
iCore.Common.Entities.ILazyLoadedEntity`1[[iCore.Common.Entities.ISettingAttributeGroupInstance, iCore.Common.Entities, Version=3.40.0.0, Culture=neutral, PublicKeyToken=fe44b4a6e7c933aa]][]
System.String
iCore.SAS.Administration.ILazySubEntity`1[[iCore.Common.Entities.ISettingAttributeGroupInstance, iCore.Common.Entities, Version=3.40.0.0, Culture=neutral, PublicKeyToken=fe44b4a6e7c933aa]]
System.Collections.Generic.IEnumerable`1[[iCore.Common.Entities.EntityKey, iCore.Common.Entities, Version=3.40.0.0, Culture=neutral, PublicKeyToken=fe44b4a6e7c933aa]]
iCore.Common.Entities.ISettingAttributeValue
iCore.Common.Entities.ISetting
iCore.SAS.Administration.ILazySubEntity`1[[iCore.Common.Entities.ISettingAttributeGroupInstance, iCore.Common.Entities, Version=3.40.0.0, Culture=neutral, PublicKeyToken=fe44b4a6e7c933aa]]
iCore.SAS.Administration.ILazySubEntity`1[[iCore.Common.Entities.ISettingAttributeValue, iCore.Common.Entities, Version=3.40.0.0, Culture=neutral, PublicKeyToken=fe44b4a6e7c933aa]]
iCore.Common.Entities.IWebServiceDefinition
iCore.Common.Entities.IWebServiceDefinition
iCore.Common.Entities.ILazyKeyedCollection`2[[System.String, mscorlib, Version=4.0.0.0, Culture=neutral, PublicKeyToken=b77a5c561934e089],[iCore.Common.Entities.WebServiceActivityTypeInfo, iCore.Common.Entities, Version=3.40.0.0, Culture=neutral, PublicKeyToken=fe44b4a6e7c933aa]]
iCore.Common.Entities.WebServiceActivityTypeInfo
iCore.Common.Entities.ILazyKeyedCollection`2[[System.String, mscorlib, Version=4.0.0.0, Culture=neutral, PublicKeyToken=b77a5c561934e089],[iCore.Common.Entities.CategorizedNamedItem, iCore.Common.Entities, Version=3.40.0.0, Culture=neutral, PublicKeyToken=fe44b4a6e7c933aa]]
iCore.Common.Entities.CategorizedNamedItem
iCore.Common.Entities.ILazyKeyedCollection`2[[System.String, mscorlib, Version=4.0.0.0, Culture=neutral, PublicKeyToken=b77a5c561934e089],[iCore.Common.Entities.WebServiceAssemblyInfo, iCore.Common.Entities, Version=3.40.0.0, Culture=neutral, PublicKeyToken=fe44b4a6e7c933aa]]
iCore.Common.Entities.WebServiceAssemblyInfo
iCore.Common.Entities.ILazyKeyedCollection`2[[System.String, mscorlib, Version=4.0.0.0, Culture=neutral, PublicKeyToken=b77a5c561934e089],[iCore.Common.Entities.WebServiceSchemaInfo, iCore.Common.Entities, Version=3.40.0.0, Culture=neutral, PublicKeyToken=fe44b4a6e7c933aa]]
iCore.Common.Entities.WebServiceSchemaInfo
iCore.Common.Entities.SchemaType[]
iCore.Common.Entities.SchemaType
System.Uri
System.Version
iCore.Common.Entities.WebServiceGenerationOptions
iCore.Common.Entities.ICrossReferenceTable
iCore.Common.Entities.ICrossReferenceTable
iCore.Common.Entities.ILazyLoadedEntity`1[[iCore.Common.Entities.ICrossReferenceEntry, iCore.Common.Entities, Version=3.40.0.0, Culture=neutral, PublicKeyToken=fe44b4a6e7c933aa]]
iCore.Common.Entities.ICrossReferenceEntry
iCore.Common.Entities.ICrossReferenceTable
iCore.SAS.Administration.ILazySubEntity`1[[iCore.Common.Entities.ICrossReferenceEntry, iCore.Common.Entities, Version=3.40.0.0, Culture=neutral, PublicKeyToken=fe44b4a6e7c933aa]]
iCore.Common.Entities.ILazyLoadedEntity`1[[iCore.Common.Entities.ICrossReferenceEntry, iCore.Common.Entities, Version=3.40.0.0, Culture=neutral, PublicKeyToken=fe44b4a6e7c933aa]][]
System.Collections.Generic.IEnumerable`1[[iCore.Common.Entities.EntityKey, iCore.Common.Entities, Version=3.40.0.0, Culture=neutral, PublicKeyToken=fe44b4a6e7c933aa]]
iCore.Common.Entities.ICounter
iCore.Common.Entities.ICounter
iCore.Common.Entities.CounterCheckType
iCore.Common.Entities.AppendDateTimePosition
iCore.Common.Entities.IEntityFilter
iCore.Common.Entities.IEntityFilter
iCore.Common.Entities.ICompositeEntity
iCore.Common.Entities.CorrelatedActive
iCore.Common.IconEntity
iCore.Common.Entities.IServer
iCore.Common.Entities.ISystemQueue
iCore.Management.Monitoring.FailoverServerPartState
iCore.Public.Types.ServerPartType
iCore.Management.Monitoring.ServerPartStatus
System.Nullable`1[[System.Int64, mscorlib, Version=4.0.0.0, Culture=neutral, PublicKeyToken=b77a5c561934e089]]
iCore.Management.Monitoring.EventListenerState
iCore.Management.Monitoring.EventListenerStatistics
iCore.Management.Monitoring.TimeOfLastOperationTrackingStatisticsCounter
iCore.Management.Monitoring.EventProcessorState
iCore.Management.Monitoring.EventProcessorStatistics
iCore.Management.Monitoring.JobManagerState
iCore.Management.Monitoring.JobManagerStatistics
iCore.Management.Monitoring.StatisticsCounter
iCore.Management.Monitoring.EventGeneratorState+TimerDetails
iCore.Management.Monitoring.TimerType
iCore.Management.Monitoring.EventGeneratorState
iCore.Management.Monitoring.EventGeneratorState+TimerDetails[]
iCore.Management.Monitoring.DetailedServerPartState
iCore.SAS.Administration.Models.ServerStatusModel
iCore.SAS.Administration.Models.ServerPartDataModel
iCore.SAS.Administration.Models.ServerPartDataModel[]
iCore.Management.Monitoring.ServiceStatus
iCore.Management.Monitoring.SystemEventProcessorState
iCore.Management.Monitoring.SystemEventProcessorStatistics
iCore.Management.Monitoring.WorkerHostProcessBaseInfo
System.Int64[]
iCore.Management.Monitoring.WorkerHostProcessBaseInfo[]
iCore.Management.Monitoring.SystemMonitorServerConnectionInfo
iCore.Management.Monitoring.ServerConnectionStatus
iCore.Management.Monitoring.SystemMonitorServerInfo
iCore.Management.Monitoring.SystemMonitorServerPartInfo[]
iCore.Management.Monitoring.SystemMonitorServerPartInfo
iCore.Management.Monitoring.WorkerHostProcessInfo
iCore.Management.Monitoring.WorkerHostStatistics
iCore.SAS.Administration.Models.SystemMonitorDataModel
iCore.SAS.Administration.Models.ServerStatusModel[]
iCore.SAS.Administration.Models.ServerPartDataModel
iCore.SAS.Administration.Models.SystemEventProcessorDataModel
iCore.SAS.Administration.Models.SystemEventProcessDataModel
iCore.SAS.Administration.Models.SystemEventProcessDataModel[]
iCore.SAS.Administration.Models.WorkerHostManagerDataModel
iCore.SAS.Administration.Models.WorkerHostManagerProcessDataModel
System.Double
iCore.SAS.Administration.Models.WorkerHostManagerProcessDataModel[]
iCore.SAS.Administration.Models.WorkerHostManagerJobDataModel
iCore.SAS.Administration.Models.WorkerHostManagerJobDataModel[]
iCore.SAS.Administration.Models.EventGeneratorDataModel
iCore.SAS.Administration.Models.TimerDetailsDataModel
iCore.SAS.Administration.Models.TimerDetailsDataModel[]
iCore.SAS.Administration.Models.ServerMonitorDataModel
iCore.SAS.Administration.Models.SerializableServerDataModel
iCore.SAS.Administration.Models.SerializableServerDataModel[]
iCore.SAS.Administration.Models.EventListenerDataModel
iCore.SAS.Administration.Models.JobManagerDataModel
iCore.SAS.Administration.Models.EventProcessorDataModel
System.Char
System.Guid
System.String
System.Boolean
System.Collections.Generic.IEnumerable`1[[iCore.Common.Entities.EntityKey, iCore.Common.Entities, Version=3.40.0.0, Culture=neutral, PublicKeyToken=fe44b4a6e7c933aa]]</StdOut>
      </Output>
    </UnitTestResult>
    <UnitTestResult executionId="8ef3433d-8ae2-4c33-a419-d41ba5e1d80d" testId="d41e45f5-c37f-5651-d291-b546fa5370a3" testName="GetSystemServiceStateResultAsync_GetsCalledWithNonExistingServerName_UnknownServiceStatusIsReturned" computerName="ICSWS068" duration="00:00:00.2296928" startTime="2016-08-04T09:59:32.0932968+02:00" endTime="2016-08-04T09:59:32.3245316+02:00" testType="13cdc9d9-ddb5-4fa4-a97d-d965ccfc6d4b" outcome="Passed" testListId="8c84fa94-04c1-424b-9868-57a2d4851a1d" relativeResultsDirectory="8ef3433d-8ae2-4c33-a419-d41ba5e1d80d">
      <Output>
        <StdOut>Debug Trace:
iCore.Common.Entities.IEntity
iCore.Common.Entities.EntityKey
iCore.Common.Entities.EntityTypeId
iCore.Common.Entities.IComponentDefinition
System.String
System.DateTime
iCore.Common.Entities.IEventHistory
iCore.Common.Entities.ILazyLoadedEntity`1[[iCore.Common.Entities.IJob, iCore.Common.Entities, Version=3.40.0.0, Culture=neutral, PublicKeyToken=fe44b4a6e7c933aa]]
iCore.Common.Entities.IJob
iCore.Common.Entities.EntityKey
iCore.Common.Entities.EArgument
System.Boolean
System.Int64
iCore.Common.Entities.EventState
iCore.Common.Entities.EventReason
iCore.Common.Entities.EArgument[]
iCore.Common.Entities.ILazyLoadedEntity`1[[iCore.Common.Entities.IComponentConfiguration, iCore.Common.Entities, Version=3.40.0.0, Culture=neutral, PublicKeyToken=fe44b4a6e7c933aa]]
iCore.Common.Entities.IComponentConfiguration
iCore.Common.Entities.ILazyLoadedEntity`1[[iCore.Common.Entities.ICategoryMembership, iCore.Common.Entities, Version=3.40.0.0, Culture=neutral, PublicKeyToken=fe44b4a6e7c933aa]][]
iCore.Common.Entities.ILazyLoadedEntity`1[[iCore.Common.Entities.ICategoryMembership, iCore.Common.Entities, Version=3.40.0.0, Culture=neutral, PublicKeyToken=fe44b4a6e7c933aa]]
iCore.Common.Entities.ICategoryMembership
iCore.Common.Entities.ICategory
iCore.Common.Entities.ICategory
iCore.Common.Entities.ILazyLoadedEntity`1[[iCore.Common.Entities.ICategory, iCore.Common.Entities, Version=3.40.0.0, Culture=neutral, PublicKeyToken=fe44b4a6e7c933aa]]
System.Nullable`1[[System.Guid, mscorlib, Version=4.0.0.0, Culture=neutral, PublicKeyToken=b77a5c561934e089]]
System.TimeSpan
System.Guid
iCore.Common.Entities.IComponentConfiguration
iCore.Common.Entities.ILazyLoadedEntity`1[[iCore.Common.Entities.IApplicationPool, iCore.Common.Entities, Version=3.40.0.0, Culture=neutral, PublicKeyToken=fe44b4a6e7c933aa]]
iCore.Common.Entities.IApplicationPool
iCore.Common.Entities.IApplicationPool
iCore.Common.Entities.ILazyLoadedEntity`1[[iCore.Common.Entities.IServer, iCore.Common.Entities, Version=3.40.0.0, Culture=neutral, PublicKeyToken=fe44b4a6e7c933aa]]
iCore.Common.Entities.IServer
iCore.Common.Entities.ServerStartupSpecialTask
System.Nullable`1[[System.UInt16, mscorlib, Version=4.0.0.0, Culture=neutral, PublicKeyToken=b77a5c561934e089]]
System.UInt16
System.Int16
iCore.Common.Entities.IUser
iCore.Common.Entities.IUserGroup
iCore.Common.Entities.UserDisplayOptions
iCore.Common.Entities.MainTreeDisplayOptions
iCore.Common.Entities.NodeContent
iCore.Common.Entities.ILazyLoadedEntity`1[[iCore.Common.Entities.IUserGroup, iCore.Common.Entities, Version=3.40.0.0, Culture=neutral, PublicKeyToken=fe44b4a6e7c933aa]]
iCore.Common.Entities.ViewMode
iCore.Common.Entities.ILazyLoadedEntity`1[[iCore.Common.Entities.IUser, iCore.Common.Entities, Version=3.40.0.0, Culture=neutral, PublicKeyToken=fe44b4a6e7c933aa]]
iCore.Common.Entities.ILazyLoadedEntity`1[[iCore.Common.Entities.IApplicationPoolImplementation, iCore.Common.Entities, Version=3.40.0.0, Culture=neutral, PublicKeyToken=fe44b4a6e7c933aa]][]
iCore.Common.Entities.ILazyLoadedEntity`1[[iCore.Common.Entities.IApplicationPoolImplementation, iCore.Common.Entities, Version=3.40.0.0, Culture=neutral, PublicKeyToken=fe44b4a6e7c933aa]]
iCore.Common.Entities.IApplicationPoolImplementation
iCore.SAS.Administration.ILazySubEntity`1[[iCore.Common.Entities.IApplicationPoolImplementation, iCore.Common.Entities, Version=3.40.0.0, Culture=neutral, PublicKeyToken=fe44b4a6e7c933aa]]
iCore.Common.Entities.IServer
iCore.Common.Entities.ILazyLoadedEntity`1[[iCore.Common.Entities.INode, iCore.Common.Entities, Version=3.40.0.0, Culture=neutral, PublicKeyToken=fe44b4a6e7c933aa]]
iCore.Common.Entities.INode
iCore.Common.Entities.INode
System.String
iCore.Common.Entities.ILazyLoadedEntity`1[[iCore.Common.Entities.INodeAttributeValue, iCore.Common.Entities, Version=3.40.0.0, Culture=neutral, PublicKeyToken=fe44b4a6e7c933aa]][]
iCore.Common.Entities.ILazyLoadedEntity`1[[iCore.Common.Entities.INodeAttributeValue, iCore.Common.Entities, Version=3.40.0.0, Culture=neutral, PublicKeyToken=fe44b4a6e7c933aa]]
iCore.Common.Entities.INodeAttributeValue
iCore.SAS.Administration.ILazySubEntity`1[[iCore.Common.Entities.INodeAttributeValue, iCore.Common.Entities, Version=3.40.0.0, Culture=neutral, PublicKeyToken=fe44b4a6e7c933aa]]
System.Object
iCore.Public.Types.ScriptVarType
iCore.Common.Entities.INodeAttributeType
iCore.Common.Entities.INodeAttributeType
iCore.Common.Entities.INode
iCore.Common.Entities.ILazyLoadedEntity`1[[iCore.Common.Entities.INodeAttributeType, iCore.Common.Entities, Version=3.40.0.0, Culture=neutral, PublicKeyToken=fe44b4a6e7c933aa]]
iCore.Common.Entities.IPartner
System.String
iCore.Common.Entities.IEntityImage
iCore.Common.Entities.SizedEntityImage[]
iCore.Common.Entities.SizedEntityImage
System.Drawing.Size
iCore.Common.Entities.ILazyLoadedEntity`1[[iCore.Common.Entities.IPartnerAttributeGroupInstance, iCore.Common.Entities, Version=3.40.0.0, Culture=neutral, PublicKeyToken=fe44b4a6e7c933aa]][]
iCore.Common.Entities.ILazyLoadedEntity`1[[iCore.Common.Entities.IPartnerAttributeGroupInstance, iCore.Common.Entities, Version=3.40.0.0, Culture=neutral, PublicKeyToken=fe44b4a6e7c933aa]]
iCore.Common.Entities.IPartnerAttributeGroupInstance
iCore.Common.Entities.IPartnerAttributeGroupType
iCore.Common.Entities.IPartnerAttributeGroupType
iCore.Common.Entities.ILazyLoadedEntity`1[[iCore.Common.Entities.IPartnerAttributeValue, iCore.Common.Entities, Version=3.40.0.0, Culture=neutral, PublicKeyToken=fe44b4a6e7c933aa]]
iCore.Common.Entities.IPartnerAttributeValue
iCore.SAS.Administration.ILazySubEntity`1[[iCore.Common.Entities.IPartnerAttributeValue, iCore.Common.Entities, Version=3.40.0.0, Culture=neutral, PublicKeyToken=fe44b4a6e7c933aa]]
iCore.Common.Entities.ILazyLoadedEntity`1[[iCore.Common.Entities.IPartnerAttributeValue, iCore.Common.Entities, Version=3.40.0.0, Culture=neutral, PublicKeyToken=fe44b4a6e7c933aa]][]
iCore.SAS.Administration.ILazySubEntity`1[[iCore.Common.Entities.IPartnerAttributeGroupInstance, iCore.Common.Entities, Version=3.40.0.0, Culture=neutral, PublicKeyToken=fe44b4a6e7c933aa]]
iCore.Common.Entities.ILazyLoadedEntity`1[[iCore.Common.Entities.IPartnerAttributeGroupType, iCore.Common.Entities, Version=3.40.0.0, Culture=neutral, PublicKeyToken=fe44b4a6e7c933aa]]
iCore.Common.Entities.ILazyLoadedEntity`1[[iCore.Common.Entities.IPartnerIdentity, iCore.Common.Entities, Version=3.40.0.0, Culture=neutral, PublicKeyToken=fe44b4a6e7c933aa]][]
iCore.Common.Entities.ILazyLoadedEntity`1[[iCore.Common.Entities.IPartnerIdentity, iCore.Common.Entities, Version=3.40.0.0, Culture=neutral, PublicKeyToken=fe44b4a6e7c933aa]]
iCore.Common.Entities.IPartnerIdentity
iCore.Common.Entities.IPartner
iCore.Common.Entities.ILazyLoadedEntity`1[[iCore.Common.Entities.IPartner, iCore.Common.Entities, Version=3.40.0.0, Culture=neutral, PublicKeyToken=fe44b4a6e7c933aa]]
iCore.Common.Entities.INodeTypeVersion
iCore.Common.Entities.INodeTypeVersion
iCore.Common.Entities.INodeType
iCore.Common.Entities.INodeTypeStyleSheet
iCore.Common.Entities.INodeType
iCore.Common.Entities.ILazyLoadedEntity`1[[iCore.Common.Entities.INodeTypeVersion, iCore.Common.Entities, Version=3.40.0.0, Culture=neutral, PublicKeyToken=fe44b4a6e7c933aa]]
iCore.Common.Entities.IEventType
iCore.Common.Entities.SelectionRule
iCore.Common.Entities.EventTypes
iCore.Common.Entities.EventTrackingCleanupRole
iCore.Common.Entities.IEventType
iCore.Common.Entities.ILazyLoadedEntity`1[[iCore.Common.Entities.INodeType, iCore.Common.Entities, Version=3.40.0.0, Culture=neutral, PublicKeyToken=fe44b4a6e7c933aa]]
iCore.Common.Entities.ILazyLoadedEntity`1[[iCore.Common.Entities.IEvent, iCore.Common.Entities, Version=3.40.0.0, Culture=neutral, PublicKeyToken=fe44b4a6e7c933aa]]
iCore.Common.Entities.IEvent
iCore.Common.Entities.MatchedStatus
iCore.Common.Entities.EventSourceType
iCore.Common.Entities.ILazyLoadedEntity`1[[iCore.Common.Entities.IEventType, iCore.Common.Entities, Version=3.40.0.0, Culture=neutral, PublicKeyToken=fe44b4a6e7c933aa]]
iCore.Common.Entities.ILazyLoadedEntity`1[[iCore.Common.Entities.IEventHandler, iCore.Common.Entities, Version=3.40.0.0, Culture=neutral, PublicKeyToken=fe44b4a6e7c933aa]]
iCore.Common.Entities.IEventHandler
iCore.Common.Entities.EventHandlerStatus
iCore.Common.Entities.IEventHandler
iCore.Common.Entities.ILazyLoadedEntity`1[[iCore.Common.Entities.IComponentDefinition, iCore.Common.Entities, Version=3.40.0.0, Culture=neutral, PublicKeyToken=fe44b4a6e7c933aa]]
System.Nullable`1[[System.DateTime, mscorlib, Version=4.0.0.0, Culture=neutral, PublicKeyToken=b77a5c561934e089]]
iCore.Common.Entities.JobState
iCore.Common.Entities.JobHistoryReason
iCore.Common.Entities.JobType
System.Byte
System.Int32
iCore.Public.Types.JobLifetime
iCore.Common.Entities.EntityKey[]
System.Collections.Generic.IEnumerable`1[[iCore.Common.Entities.EntityKey, iCore.Common.Entities, Version=3.40.0.0, Culture=neutral, PublicKeyToken=fe44b4a6e7c933aa]]
iCore.Common.Entities.ILazyLoadedEntity`1[[iCore.Common.Entities.IPartnerAttributeType, iCore.Common.Entities, Version=3.40.0.0, Culture=neutral, PublicKeyToken=fe44b4a6e7c933aa]]
iCore.Common.Entities.IPartnerAttributeType
System.Collections.Generic.IEnumerable`1[[iCore.Common.Entities.EntityKey, iCore.Common.Entities, Version=3.40.0.0, Culture=neutral, PublicKeyToken=fe44b4a6e7c933aa]]
iCore.Common.Entities.IPartnerAttributeGroupType
iCore.SAS.Administration.ILazySubEntity`1[[iCore.Common.Entities.IPartnerAttributeType, iCore.Common.Entities, Version=3.40.0.0, Culture=neutral, PublicKeyToken=fe44b4a6e7c933aa]]
iCore.Common.Entities.ILazyLoadedEntity`1[[iCore.Common.Entities.IPartnerAttributeType, iCore.Common.Entities, Version=3.40.0.0, Culture=neutral, PublicKeyToken=fe44b4a6e7c933aa]][]
iCore.Common.Entities.INode
iCore.Common.Entities.IEvent
iCore.Common.Entities.IJob
iCore.Common.Entities.ILogEntry
iCore.Public.Types.LogLevel
iCore.Common.LogMessageTypeID
iCore.Common.Entities.IWorkflow
System.Collections.Generic.IEnumerable`1[[iCore.Common.Entities.EntityKey, iCore.Common.Entities, Version=3.40.0.0, Culture=neutral, PublicKeyToken=fe44b4a6e7c933aa]]
iCore.Common.Entities.WorkflowClassification
iCore.Common.Entities.IWorkflow
iCore.Common.Entities.IAdapterFlow
iCore.Common.Entities.IAdapterFlow
iCore.Common.Types.LogLevelFilter
iCore.Common.Types.EntryPointNameValue
iCore.Common.Entities.IScript
iCore.Common.Entities.IScript
iCore.Common.Entities.ITimer
iCore.Common.Entities.ITimer
iCore.Common.Types.TimerFrequency
iCore.Common.Types.TimerInterval+TimerIntervalType
iCore.Common.Entities.ILazyLoadedEntity`1[[iCore.Common.Entities.ITimerEvent, iCore.Common.Entities, Version=3.40.0.0, Culture=neutral, PublicKeyToken=fe44b4a6e7c933aa]]
iCore.Common.Entities.ITimerEvent
iCore.Common.Entities.ITimer
iCore.SAS.Administration.ILazySubEntity`1[[iCore.Common.Entities.ITimerEvent, iCore.Common.Entities, Version=3.40.0.0, Culture=neutral, PublicKeyToken=fe44b4a6e7c933aa]]
iCore.Common.Entities.TimerEventPriority
iCore.Common.Entities.ILazyLoadedEntity`1[[iCore.Common.Entities.ITimerEvent, iCore.Common.Entities, Version=3.40.0.0, Culture=neutral, PublicKeyToken=fe44b4a6e7c933aa]][]
System.Int32[]
iCore.SAS.Interfaces.WeekDay
iCore.SAS.Interfaces.WeekDay[]
System.Collections.Generic.IEnumerable`1[[iCore.Common.Entities.EntityKey, iCore.Common.Entities, Version=3.40.0.0, Culture=neutral, PublicKeyToken=fe44b4a6e7c933aa]]
iCore.Common.Entities.ISettingAttributeGroupType
iCore.Common.Entities.ISettingAttributeGroupType
iCore.Common.Entities.ILazyLoadedEntity`1[[iCore.Common.Entities.ISettingAttributeType, iCore.Common.Entities, Version=3.40.0.0, Culture=neutral, PublicKeyToken=fe44b4a6e7c933aa]]
iCore.Common.Entities.ISettingAttributeType
iCore.Common.Entities.ISettingAttributeGroupType
iCore.SAS.Administration.ILazySubEntity`1[[iCore.Common.Entities.ISettingAttributeType, iCore.Common.Entities, Version=3.40.0.0, Culture=neutral, PublicKeyToken=fe44b4a6e7c933aa]]
iCore.Common.Entities.ILazyLoadedEntity`1[[iCore.Common.Entities.ISettingAttributeType, iCore.Common.Entities, Version=3.40.0.0, Culture=neutral, PublicKeyToken=fe44b4a6e7c933aa]][]
System.Collections.Generic.IEnumerable`1[[iCore.Common.Entities.EntityKey, iCore.Common.Entities, Version=3.40.0.0, Culture=neutral, PublicKeyToken=fe44b4a6e7c933aa]]
iCore.Common.Entities.ISetting
iCore.Common.Entities.ISetting
iCore.Common.Entities.ILazyLoadedEntity`1[[iCore.Common.Entities.ISettingIdentity, iCore.Common.Entities, Version=3.40.0.0, Culture=neutral, PublicKeyToken=fe44b4a6e7c933aa]]
iCore.Common.Entities.ISettingIdentity
iCore.Common.Entities.ILazyLoadedEntity`1[[iCore.Common.Entities.ISettingIdentity, iCore.Common.Entities, Version=3.40.0.0, Culture=neutral, PublicKeyToken=fe44b4a6e7c933aa]][]
iCore.Common.Entities.ILazyLoadedEntity`1[[iCore.Common.Entities.ISettingAttributeGroupInstance, iCore.Common.Entities, Version=3.40.0.0, Culture=neutral, PublicKeyToken=fe44b4a6e7c933aa]]
iCore.Common.Entities.ISettingAttributeGroupInstance
iCore.Common.Entities.ILazyLoadedEntity`1[[iCore.Common.Entities.ISettingAttributeValue, iCore.Common.Entities, Version=3.40.0.0, Culture=neutral, PublicKeyToken=fe44b4a6e7c933aa]]
iCore.Common.Entities.ILazyLoadedEntity`1[[iCore.Common.Entities.ISettingAttributeValue, iCore.Common.Entities, Version=3.40.0.0, Culture=neutral, PublicKeyToken=fe44b4a6e7c933aa]][]
iCore.Common.Entities.ISetting
iCore.Common.Entities.ILazyLoadedEntity`1[[iCore.Common.Entities.ISettingAttributeGroupType, iCore.Common.Entities, Version=3.40.0.0, Culture=neutral, PublicKeyToken=fe44b4a6e7c933aa]]
iCore.Common.Entities.ILazyLoadedEntity`1[[iCore.Common.Entities.ISettingAttributeGroupInstance, iCore.Common.Entities, Version=3.40.0.0, Culture=neutral, PublicKeyToken=fe44b4a6e7c933aa]][]
System.String
iCore.SAS.Administration.ILazySubEntity`1[[iCore.Common.Entities.ISettingAttributeGroupInstance, iCore.Common.Entities, Version=3.40.0.0, Culture=neutral, PublicKeyToken=fe44b4a6e7c933aa]]
System.Collections.Generic.IEnumerable`1[[iCore.Common.Entities.EntityKey, iCore.Common.Entities, Version=3.40.0.0, Culture=neutral, PublicKeyToken=fe44b4a6e7c933aa]]
iCore.Common.Entities.ISettingAttributeValue
iCore.Common.Entities.ISetting
iCore.SAS.Administration.ILazySubEntity`1[[iCore.Common.Entities.ISettingAttributeGroupInstance, iCore.Common.Entities, Version=3.40.0.0, Culture=neutral, PublicKeyToken=fe44b4a6e7c933aa]]
iCore.SAS.Administration.ILazySubEntity`1[[iCore.Common.Entities.ISettingAttributeValue, iCore.Common.Entities, Version=3.40.0.0, Culture=neutral, PublicKeyToken=fe44b4a6e7c933aa]]
iCore.Common.Entities.IWebServiceDefinition
iCore.Common.Entities.IWebServiceDefinition
iCore.Common.Entities.ILazyKeyedCollection`2[[System.String, mscorlib, Version=4.0.0.0, Culture=neutral, PublicKeyToken=b77a5c561934e089],[iCore.Common.Entities.WebServiceActivityTypeInfo, iCore.Common.Entities, Version=3.40.0.0, Culture=neutral, PublicKeyToken=fe44b4a6e7c933aa]]
iCore.Common.Entities.WebServiceActivityTypeInfo
iCore.Common.Entities.ILazyKeyedCollection`2[[System.String, mscorlib, Version=4.0.0.0, Culture=neutral, PublicKeyToken=b77a5c561934e089],[iCore.Common.Entities.CategorizedNamedItem, iCore.Common.Entities, Version=3.40.0.0, Culture=neutral, PublicKeyToken=fe44b4a6e7c933aa]]
iCore.Common.Entities.CategorizedNamedItem
iCore.Common.Entities.ILazyKeyedCollection`2[[System.String, mscorlib, Version=4.0.0.0, Culture=neutral, PublicKeyToken=b77a5c561934e089],[iCore.Common.Entities.WebServiceAssemblyInfo, iCore.Common.Entities, Version=3.40.0.0, Culture=neutral, PublicKeyToken=fe44b4a6e7c933aa]]
iCore.Common.Entities.WebServiceAssemblyInfo
iCore.Common.Entities.ILazyKeyedCollection`2[[System.String, mscorlib, Version=4.0.0.0, Culture=neutral, PublicKeyToken=b77a5c561934e089],[iCore.Common.Entities.WebServiceSchemaInfo, iCore.Common.Entities, Version=3.40.0.0, Culture=neutral, PublicKeyToken=fe44b4a6e7c933aa]]
iCore.Common.Entities.WebServiceSchemaInfo
iCore.Common.Entities.SchemaType[]
iCore.Common.Entities.SchemaType
System.Uri
System.Version
iCore.Common.Entities.WebServiceGenerationOptions
iCore.Common.Entities.ICrossReferenceTable
iCore.Common.Entities.ICrossReferenceTable
iCore.Common.Entities.ILazyLoadedEntity`1[[iCore.Common.Entities.ICrossReferenceEntry, iCore.Common.Entities, Version=3.40.0.0, Culture=neutral, PublicKeyToken=fe44b4a6e7c933aa]]
iCore.Common.Entities.ICrossReferenceEntry
iCore.Common.Entities.ICrossReferenceTable
iCore.SAS.Administration.ILazySubEntity`1[[iCore.Common.Entities.ICrossReferenceEntry, iCore.Common.Entities, Version=3.40.0.0, Culture=neutral, PublicKeyToken=fe44b4a6e7c933aa]]
iCore.Common.Entities.ILazyLoadedEntity`1[[iCore.Common.Entities.ICrossReferenceEntry, iCore.Common.Entities, Version=3.40.0.0, Culture=neutral, PublicKeyToken=fe44b4a6e7c933aa]][]
System.Collections.Generic.IEnumerable`1[[iCore.Common.Entities.EntityKey, iCore.Common.Entities, Version=3.40.0.0, Culture=neutral, PublicKeyToken=fe44b4a6e7c933aa]]
iCore.Common.Entities.ICounter
iCore.Common.Entities.ICounter
iCore.Common.Entities.CounterCheckType
iCore.Common.Entities.AppendDateTimePosition
iCore.Common.Entities.IEntityFilter
iCore.Common.Entities.IEntityFilter
iCore.Common.Entities.ICompositeEntity
iCore.Common.Entities.CorrelatedActive
iCore.Common.IconEntity
iCore.Common.Entities.IServer
iCore.Common.Entities.ISystemQueue
iCore.Management.Monitoring.FailoverServerPartState
iCore.Public.Types.ServerPartType
iCore.Management.Monitoring.ServerPartStatus
System.Nullable`1[[System.Int64, mscorlib, Version=4.0.0.0, Culture=neutral, PublicKeyToken=b77a5c561934e089]]
iCore.Management.Monitoring.EventListenerState
iCore.Management.Monitoring.EventListenerStatistics
iCore.Management.Monitoring.TimeOfLastOperationTrackingStatisticsCounter
iCore.Management.Monitoring.EventProcessorState
iCore.Management.Monitoring.EventProcessorStatistics
iCore.Management.Monitoring.JobManagerState
iCore.Management.Monitoring.JobManagerStatistics
iCore.Management.Monitoring.StatisticsCounter
iCore.Management.Monitoring.EventGeneratorState+TimerDetails
iCore.Management.Monitoring.TimerType
iCore.Management.Monitoring.EventGeneratorState
iCore.Management.Monitoring.EventGeneratorState+TimerDetails[]
iCore.Management.Monitoring.DetailedServerPartState
iCore.SAS.Administration.Models.ServerStatusModel
iCore.SAS.Administration.Models.ServerPartDataModel
iCore.SAS.Administration.Models.ServerPartDataModel[]
iCore.Management.Monitoring.ServiceStatus
iCore.Management.Monitoring.SystemEventProcessorState
iCore.Management.Monitoring.SystemEventProcessorStatistics
iCore.Management.Monitoring.WorkerHostProcessBaseInfo
System.Int64[]
iCore.Management.Monitoring.WorkerHostProcessBaseInfo[]
iCore.Management.Monitoring.SystemMonitorServerConnectionInfo
iCore.Management.Monitoring.ServerConnectionStatus
iCore.Management.Monitoring.SystemMonitorServerInfo
iCore.Management.Monitoring.SystemMonitorServerPartInfo[]
iCore.Management.Monitoring.SystemMonitorServerPartInfo
iCore.Management.Monitoring.WorkerHostProcessInfo
iCore.Management.Monitoring.WorkerHostStatistics
iCore.SAS.Administration.Models.SystemMonitorDataModel
iCore.SAS.Administration.Models.ServerStatusModel[]
iCore.SAS.Administration.Models.ServerPartDataModel
iCore.SAS.Administration.Models.SystemEventProcessorDataModel
iCore.SAS.Administration.Models.SystemEventProcessDataModel
iCore.SAS.Administration.Models.SystemEventProcessDataModel[]
iCore.SAS.Administration.Models.WorkerHostManagerDataModel
iCore.SAS.Administration.Models.WorkerHostManagerProcessDataModel
System.Double
iCore.SAS.Administration.Models.WorkerHostManagerProcessDataModel[]
iCore.SAS.Administration.Models.WorkerHostManagerJobDataModel
iCore.SAS.Administration.Models.WorkerHostManagerJobDataModel[]
iCore.SAS.Administration.Models.EventGeneratorDataModel
iCore.SAS.Administration.Models.TimerDetailsDataModel
iCore.SAS.Administration.Models.TimerDetailsDataModel[]
iCore.SAS.Administration.Models.ServerMonitorDataModel
iCore.SAS.Administration.Models.SerializableServerDataModel
iCore.SAS.Administration.Models.SerializableServerDataModel[]
iCore.SAS.Administration.Models.EventListenerDataModel
iCore.SAS.Administration.Models.JobManagerDataModel
iCore.SAS.Administration.Models.EventProcessorDataModel
System.Char
System.Guid
System.String
System.Boolean
System.Collections.Generic.IEnumerable`1[[iCore.Common.Entities.EntityKey, iCore.Common.Entities, Version=3.40.0.0, Culture=neutral, PublicKeyToken=fe44b4a6e7c933aa]]</StdOut>
      </Output>
    </UnitTestResult>
    <UnitTestResult executionId="8b4dbccd-e45a-40f4-9fe3-ee1f6eb251e6" testId="f3a5c60c-5ecc-142b-0027-bef31b1f7d32" testName="GetWebServiceDefinitonData_SingleWSDLRequested_ReturnsCorrectData" computerName="ICSWS068" duration="00:00:00.3881897" startTime="2016-08-04T09:59:32.3275336+02:00" endTime="2016-08-04T09:59:32.7179055+02:00" testType="13cdc9d9-ddb5-4fa4-a97d-d965ccfc6d4b" outcome="Passed" testListId="8c84fa94-04c1-424b-9868-57a2d4851a1d" relativeResultsDirectory="8b4dbccd-e45a-40f4-9fe3-ee1f6eb251e6">
      <Output>
        <StdOut>Debug Trace:
iCore.Common.Entities.IEntity
iCore.Common.Entities.EntityKey
iCore.Common.Entities.EntityTypeId
iCore.Common.Entities.IComponentDefinition
System.String
System.DateTime
iCore.Common.Entities.IEventHistory
iCore.Common.Entities.ILazyLoadedEntity`1[[iCore.Common.Entities.IJob, iCore.Common.Entities, Version=3.40.0.0, Culture=neutral, PublicKeyToken=fe44b4a6e7c933aa]]
iCore.Common.Entities.IJob
iCore.Common.Entities.EntityKey
iCore.Common.Entities.EArgument
System.Boolean
System.Int64
iCore.Common.Entities.EventState
iCore.Common.Entities.EventReason
iCore.Common.Entities.EArgument[]
iCore.Common.Entities.ILazyLoadedEntity`1[[iCore.Common.Entities.IComponentConfiguration, iCore.Common.Entities, Version=3.40.0.0, Culture=neutral, PublicKeyToken=fe44b4a6e7c933aa]]
iCore.Common.Entities.IComponentConfiguration
iCore.Common.Entities.ILazyLoadedEntity`1[[iCore.Common.Entities.ICategoryMembership, iCore.Common.Entities, Version=3.40.0.0, Culture=neutral, PublicKeyToken=fe44b4a6e7c933aa]][]
iCore.Common.Entities.ILazyLoadedEntity`1[[iCore.Common.Entities.ICategoryMembership, iCore.Common.Entities, Version=3.40.0.0, Culture=neutral, PublicKeyToken=fe44b4a6e7c933aa]]
iCore.Common.Entities.ICategoryMembership
iCore.Common.Entities.ICategory
iCore.Common.Entities.ICategory
iCore.Common.Entities.ILazyLoadedEntity`1[[iCore.Common.Entities.ICategory, iCore.Common.Entities, Version=3.40.0.0, Culture=neutral, PublicKeyToken=fe44b4a6e7c933aa]]
System.Nullable`1[[System.Guid, mscorlib, Version=4.0.0.0, Culture=neutral, PublicKeyToken=b77a5c561934e089]]
System.TimeSpan
System.Guid
iCore.Common.Entities.IComponentConfiguration
iCore.Common.Entities.ILazyLoadedEntity`1[[iCore.Common.Entities.IApplicationPool, iCore.Common.Entities, Version=3.40.0.0, Culture=neutral, PublicKeyToken=fe44b4a6e7c933aa]]
iCore.Common.Entities.IApplicationPool
iCore.Common.Entities.IApplicationPool
iCore.Common.Entities.ILazyLoadedEntity`1[[iCore.Common.Entities.IServer, iCore.Common.Entities, Version=3.40.0.0, Culture=neutral, PublicKeyToken=fe44b4a6e7c933aa]]
iCore.Common.Entities.IServer
iCore.Common.Entities.ServerStartupSpecialTask
System.Nullable`1[[System.UInt16, mscorlib, Version=4.0.0.0, Culture=neutral, PublicKeyToken=b77a5c561934e089]]
System.UInt16
System.Int16
iCore.Common.Entities.IUser
iCore.Common.Entities.IUserGroup
iCore.Common.Entities.UserDisplayOptions
iCore.Common.Entities.MainTreeDisplayOptions
iCore.Common.Entities.NodeContent
iCore.Common.Entities.ILazyLoadedEntity`1[[iCore.Common.Entities.IUserGroup, iCore.Common.Entities, Version=3.40.0.0, Culture=neutral, PublicKeyToken=fe44b4a6e7c933aa]]
iCore.Common.Entities.ViewMode
iCore.Common.Entities.ILazyLoadedEntity`1[[iCore.Common.Entities.IUser, iCore.Common.Entities, Version=3.40.0.0, Culture=neutral, PublicKeyToken=fe44b4a6e7c933aa]]
iCore.Common.Entities.ILazyLoadedEntity`1[[iCore.Common.Entities.IApplicationPoolImplementation, iCore.Common.Entities, Version=3.40.0.0, Culture=neutral, PublicKeyToken=fe44b4a6e7c933aa]][]
iCore.Common.Entities.ILazyLoadedEntity`1[[iCore.Common.Entities.IApplicationPoolImplementation, iCore.Common.Entities, Version=3.40.0.0, Culture=neutral, PublicKeyToken=fe44b4a6e7c933aa]]
iCore.Common.Entities.IApplicationPoolImplementation
iCore.SAS.Administration.ILazySubEntity`1[[iCore.Common.Entities.IApplicationPoolImplementation, iCore.Common.Entities, Version=3.40.0.0, Culture=neutral, PublicKeyToken=fe44b4a6e7c933aa]]
iCore.Common.Entities.IServer
iCore.Common.Entities.ILazyLoadedEntity`1[[iCore.Common.Entities.INode, iCore.Common.Entities, Version=3.40.0.0, Culture=neutral, PublicKeyToken=fe44b4a6e7c933aa]]
iCore.Common.Entities.INode
iCore.Common.Entities.INode
System.String
iCore.Common.Entities.ILazyLoadedEntity`1[[iCore.Common.Entities.INodeAttributeValue, iCore.Common.Entities, Version=3.40.0.0, Culture=neutral, PublicKeyToken=fe44b4a6e7c933aa]][]
iCore.Common.Entities.ILazyLoadedEntity`1[[iCore.Common.Entities.INodeAttributeValue, iCore.Common.Entities, Version=3.40.0.0, Culture=neutral, PublicKeyToken=fe44b4a6e7c933aa]]
iCore.Common.Entities.INodeAttributeValue
iCore.SAS.Administration.ILazySubEntity`1[[iCore.Common.Entities.INodeAttributeValue, iCore.Common.Entities, Version=3.40.0.0, Culture=neutral, PublicKeyToken=fe44b4a6e7c933aa]]
System.Object
iCore.Public.Types.ScriptVarType
iCore.Common.Entities.INodeAttributeType
iCore.Common.Entities.INodeAttributeType
iCore.Common.Entities.INode
iCore.Common.Entities.ILazyLoadedEntity`1[[iCore.Common.Entities.INodeAttributeType, iCore.Common.Entities, Version=3.40.0.0, Culture=neutral, PublicKeyToken=fe44b4a6e7c933aa]]
iCore.Common.Entities.IPartner
System.String
iCore.Common.Entities.IEntityImage
iCore.Common.Entities.SizedEntityImage[]
iCore.Common.Entities.SizedEntityImage
System.Drawing.Size
iCore.Common.Entities.ILazyLoadedEntity`1[[iCore.Common.Entities.IPartnerAttributeGroupInstance, iCore.Common.Entities, Version=3.40.0.0, Culture=neutral, PublicKeyToken=fe44b4a6e7c933aa]][]
iCore.Common.Entities.ILazyLoadedEntity`1[[iCore.Common.Entities.IPartnerAttributeGroupInstance, iCore.Common.Entities, Version=3.40.0.0, Culture=neutral, PublicKeyToken=fe44b4a6e7c933aa]]
iCore.Common.Entities.IPartnerAttributeGroupInstance
iCore.Common.Entities.IPartnerAttributeGroupType
iCore.Common.Entities.IPartnerAttributeGroupType
iCore.Common.Entities.ILazyLoadedEntity`1[[iCore.Common.Entities.IPartnerAttributeValue, iCore.Common.Entities, Version=3.40.0.0, Culture=neutral, PublicKeyToken=fe44b4a6e7c933aa]]
iCore.Common.Entities.IPartnerAttributeValue
iCore.SAS.Administration.ILazySubEntity`1[[iCore.Common.Entities.IPartnerAttributeValue, iCore.Common.Entities, Version=3.40.0.0, Culture=neutral, PublicKeyToken=fe44b4a6e7c933aa]]
iCore.Common.Entities.ILazyLoadedEntity`1[[iCore.Common.Entities.IPartnerAttributeValue, iCore.Common.Entities, Version=3.40.0.0, Culture=neutral, PublicKeyToken=fe44b4a6e7c933aa]][]
iCore.SAS.Administration.ILazySubEntity`1[[iCore.Common.Entities.IPartnerAttributeGroupInstance, iCore.Common.Entities, Version=3.40.0.0, Culture=neutral, PublicKeyToken=fe44b4a6e7c933aa]]
iCore.Common.Entities.ILazyLoadedEntity`1[[iCore.Common.Entities.IPartnerAttributeGroupType, iCore.Common.Entities, Version=3.40.0.0, Culture=neutral, PublicKeyToken=fe44b4a6e7c933aa]]
iCore.Common.Entities.ILazyLoadedEntity`1[[iCore.Common.Entities.IPartnerIdentity, iCore.Common.Entities, Version=3.40.0.0, Culture=neutral, PublicKeyToken=fe44b4a6e7c933aa]][]
iCore.Common.Entities.ILazyLoadedEntity`1[[iCore.Common.Entities.IPartnerIdentity, iCore.Common.Entities, Version=3.40.0.0, Culture=neutral, PublicKeyToken=fe44b4a6e7c933aa]]
iCore.Common.Entities.IPartnerIdentity
iCore.Common.Entities.IPartner
iCore.Common.Entities.ILazyLoadedEntity`1[[iCore.Common.Entities.IPartner, iCore.Common.Entities, Version=3.40.0.0, Culture=neutral, PublicKeyToken=fe44b4a6e7c933aa]]
iCore.Common.Entities.INodeTypeVersion
iCore.Common.Entities.INodeTypeVersion
iCore.Common.Entities.INodeType
iCore.Common.Entities.INodeTypeStyleSheet
iCore.Common.Entities.INodeType
iCore.Common.Entities.ILazyLoadedEntity`1[[iCore.Common.Entities.INodeTypeVersion, iCore.Common.Entities, Version=3.40.0.0, Culture=neutral, PublicKeyToken=fe44b4a6e7c933aa]]
iCore.Common.Entities.IEventType
iCore.Common.Entities.SelectionRule
iCore.Common.Entities.EventTypes
iCore.Common.Entities.EventTrackingCleanupRole
iCore.Common.Entities.IEventType
iCore.Common.Entities.ILazyLoadedEntity`1[[iCore.Common.Entities.INodeType, iCore.Common.Entities, Version=3.40.0.0, Culture=neutral, PublicKeyToken=fe44b4a6e7c933aa]]
iCore.Common.Entities.ILazyLoadedEntity`1[[iCore.Common.Entities.IEvent, iCore.Common.Entities, Version=3.40.0.0, Culture=neutral, PublicKeyToken=fe44b4a6e7c933aa]]
iCore.Common.Entities.IEvent
iCore.Common.Entities.MatchedStatus
iCore.Common.Entities.EventSourceType
iCore.Common.Entities.ILazyLoadedEntity`1[[iCore.Common.Entities.IEventType, iCore.Common.Entities, Version=3.40.0.0, Culture=neutral, PublicKeyToken=fe44b4a6e7c933aa]]
iCore.Common.Entities.ILazyLoadedEntity`1[[iCore.Common.Entities.IEventHandler, iCore.Common.Entities, Version=3.40.0.0, Culture=neutral, PublicKeyToken=fe44b4a6e7c933aa]]
iCore.Common.Entities.IEventHandler
iCore.Common.Entities.EventHandlerStatus
iCore.Common.Entities.IEventHandler
iCore.Common.Entities.ILazyLoadedEntity`1[[iCore.Common.Entities.IComponentDefinition, iCore.Common.Entities, Version=3.40.0.0, Culture=neutral, PublicKeyToken=fe44b4a6e7c933aa]]
System.Nullable`1[[System.DateTime, mscorlib, Version=4.0.0.0, Culture=neutral, PublicKeyToken=b77a5c561934e089]]
iCore.Common.Entities.JobState
iCore.Common.Entities.JobHistoryReason
iCore.Common.Entities.JobType
System.Byte
System.Int32
iCore.Public.Types.JobLifetime
iCore.Common.Entities.EntityKey[]
System.Collections.Generic.IEnumerable`1[[iCore.Common.Entities.EntityKey, iCore.Common.Entities, Version=3.40.0.0, Culture=neutral, PublicKeyToken=fe44b4a6e7c933aa]]
iCore.Common.Entities.ILazyLoadedEntity`1[[iCore.Common.Entities.IPartnerAttributeType, iCore.Common.Entities, Version=3.40.0.0, Culture=neutral, PublicKeyToken=fe44b4a6e7c933aa]]
iCore.Common.Entities.IPartnerAttributeType
System.Collections.Generic.IEnumerable`1[[iCore.Common.Entities.EntityKey, iCore.Common.Entities, Version=3.40.0.0, Culture=neutral, PublicKeyToken=fe44b4a6e7c933aa]]
iCore.Common.Entities.IPartnerAttributeGroupType
iCore.SAS.Administration.ILazySubEntity`1[[iCore.Common.Entities.IPartnerAttributeType, iCore.Common.Entities, Version=3.40.0.0, Culture=neutral, PublicKeyToken=fe44b4a6e7c933aa]]
iCore.Common.Entities.ILazyLoadedEntity`1[[iCore.Common.Entities.IPartnerAttributeType, iCore.Common.Entities, Version=3.40.0.0, Culture=neutral, PublicKeyToken=fe44b4a6e7c933aa]][]
iCore.Common.Entities.INode
iCore.Common.Entities.IEvent
iCore.Common.Entities.IJob
iCore.Common.Entities.ILogEntry
iCore.Public.Types.LogLevel
iCore.Common.LogMessageTypeID
iCore.Common.Entities.IWorkflow
System.Collections.Generic.IEnumerable`1[[iCore.Common.Entities.EntityKey, iCore.Common.Entities, Version=3.40.0.0, Culture=neutral, PublicKeyToken=fe44b4a6e7c933aa]]
iCore.Common.Entities.WorkflowClassification
iCore.Common.Entities.IWorkflow
iCore.Common.Entities.IAdapterFlow
iCore.Common.Entities.IAdapterFlow
iCore.Common.Types.LogLevelFilter
iCore.Common.Types.EntryPointNameValue
iCore.Common.Entities.IScript
iCore.Common.Entities.IScript
iCore.Common.Entities.ITimer
iCore.Common.Entities.ITimer
iCore.Common.Types.TimerFrequency
iCore.Common.Types.TimerInterval+TimerIntervalType
iCore.Common.Entities.ILazyLoadedEntity`1[[iCore.Common.Entities.ITimerEvent, iCore.Common.Entities, Version=3.40.0.0, Culture=neutral, PublicKeyToken=fe44b4a6e7c933aa]]
iCore.Common.Entities.ITimerEvent
iCore.Common.Entities.ITimer
iCore.SAS.Administration.ILazySubEntity`1[[iCore.Common.Entities.ITimerEvent, iCore.Common.Entities, Version=3.40.0.0, Culture=neutral, PublicKeyToken=fe44b4a6e7c933aa]]
iCore.Common.Entities.TimerEventPriority
iCore.Common.Entities.ILazyLoadedEntity`1[[iCore.Common.Entities.ITimerEvent, iCore.Common.Entities, Version=3.40.0.0, Culture=neutral, PublicKeyToken=fe44b4a6e7c933aa]][]
System.Int32[]
iCore.SAS.Interfaces.WeekDay
iCore.SAS.Interfaces.WeekDay[]
System.Collections.Generic.IEnumerable`1[[iCore.Common.Entities.EntityKey, iCore.Common.Entities, Version=3.40.0.0, Culture=neutral, PublicKeyToken=fe44b4a6e7c933aa]]
iCore.Common.Entities.ISettingAttributeGroupType
iCore.Common.Entities.ISettingAttributeGroupType
iCore.Common.Entities.ILazyLoadedEntity`1[[iCore.Common.Entities.ISettingAttributeType, iCore.Common.Entities, Version=3.40.0.0, Culture=neutral, PublicKeyToken=fe44b4a6e7c933aa]]
iCore.Common.Entities.ISettingAttributeType
iCore.Common.Entities.ISettingAttributeGroupType
iCore.SAS.Administration.ILazySubEntity`1[[iCore.Common.Entities.ISettingAttributeType, iCore.Common.Entities, Version=3.40.0.0, Culture=neutral, PublicKeyToken=fe44b4a6e7c933aa]]
iCore.Common.Entities.ILazyLoadedEntity`1[[iCore.Common.Entities.ISettingAttributeType, iCore.Common.Entities, Version=3.40.0.0, Culture=neutral, PublicKeyToken=fe44b4a6e7c933aa]][]
System.Collections.Generic.IEnumerable`1[[iCore.Common.Entities.EntityKey, iCore.Common.Entities, Version=3.40.0.0, Culture=neutral, PublicKeyToken=fe44b4a6e7c933aa]]
iCore.Common.Entities.ISetting
iCore.Common.Entities.ISetting
iCore.Common.Entities.ILazyLoadedEntity`1[[iCore.Common.Entities.ISettingIdentity, iCore.Common.Entities, Version=3.40.0.0, Culture=neutral, PublicKeyToken=fe44b4a6e7c933aa]]
iCore.Common.Entities.ISettingIdentity
iCore.Common.Entities.ILazyLoadedEntity`1[[iCore.Common.Entities.ISettingIdentity, iCore.Common.Entities, Version=3.40.0.0, Culture=neutral, PublicKeyToken=fe44b4a6e7c933aa]][]
iCore.Common.Entities.ILazyLoadedEntity`1[[iCore.Common.Entities.ISettingAttributeGroupInstance, iCore.Common.Entities, Version=3.40.0.0, Culture=neutral, PublicKeyToken=fe44b4a6e7c933aa]]
iCore.Common.Entities.ISettingAttributeGroupInstance
iCore.Common.Entities.ILazyLoadedEntity`1[[iCore.Common.Entities.ISettingAttributeValue, iCore.Common.Entities, Version=3.40.0.0, Culture=neutral, PublicKeyToken=fe44b4a6e7c933aa]]
iCore.Common.Entities.ILazyLoadedEntity`1[[iCore.Common.Entities.ISettingAttributeValue, iCore.Common.Entities, Version=3.40.0.0, Culture=neutral, PublicKeyToken=fe44b4a6e7c933aa]][]
iCore.Common.Entities.ISetting
iCore.Common.Entities.ILazyLoadedEntity`1[[iCore.Common.Entities.ISettingAttributeGroupType, iCore.Common.Entities, Version=3.40.0.0, Culture=neutral, PublicKeyToken=fe44b4a6e7c933aa]]
iCore.Common.Entities.ILazyLoadedEntity`1[[iCore.Common.Entities.ISettingAttributeGroupInstance, iCore.Common.Entities, Version=3.40.0.0, Culture=neutral, PublicKeyToken=fe44b4a6e7c933aa]][]
System.String
iCore.SAS.Administration.ILazySubEntity`1[[iCore.Common.Entities.ISettingAttributeGroupInstance, iCore.Common.Entities, Version=3.40.0.0, Culture=neutral, PublicKeyToken=fe44b4a6e7c933aa]]
System.Collections.Generic.IEnumerable`1[[iCore.Common.Entities.EntityKey, iCore.Common.Entities, Version=3.40.0.0, Culture=neutral, PublicKeyToken=fe44b4a6e7c933aa]]
iCore.Common.Entities.ISettingAttributeValue
iCore.Common.Entities.ISetting
iCore.SAS.Administration.ILazySubEntity`1[[iCore.Common.Entities.ISettingAttributeGroupInstance, iCore.Common.Entities, Version=3.40.0.0, Culture=neutral, PublicKeyToken=fe44b4a6e7c933aa]]
iCore.SAS.Administration.ILazySubEntity`1[[iCore.Common.Entities.ISettingAttributeValue, iCore.Common.Entities, Version=3.40.0.0, Culture=neutral, PublicKeyToken=fe44b4a6e7c933aa]]
iCore.Common.Entities.IWebServiceDefinition
iCore.Common.Entities.IWebServiceDefinition
iCore.Common.Entities.ILazyKeyedCollection`2[[System.String, mscorlib, Version=4.0.0.0, Culture=neutral, PublicKeyToken=b77a5c561934e089],[iCore.Common.Entities.WebServiceActivityTypeInfo, iCore.Common.Entities, Version=3.40.0.0, Culture=neutral, PublicKeyToken=fe44b4a6e7c933aa]]
iCore.Common.Entities.WebServiceActivityTypeInfo
iCore.Common.Entities.ILazyKeyedCollection`2[[System.String, mscorlib, Version=4.0.0.0, Culture=neutral, PublicKeyToken=b77a5c561934e089],[iCore.Common.Entities.CategorizedNamedItem, iCore.Common.Entities, Version=3.40.0.0, Culture=neutral, PublicKeyToken=fe44b4a6e7c933aa]]
iCore.Common.Entities.CategorizedNamedItem
iCore.Common.Entities.ILazyKeyedCollection`2[[System.String, mscorlib, Version=4.0.0.0, Culture=neutral, PublicKeyToken=b77a5c561934e089],[iCore.Common.Entities.WebServiceAssemblyInfo, iCore.Common.Entities, Version=3.40.0.0, Culture=neutral, PublicKeyToken=fe44b4a6e7c933aa]]
iCore.Common.Entities.WebServiceAssemblyInfo
iCore.Common.Entities.ILazyKeyedCollection`2[[System.String, mscorlib, Version=4.0.0.0, Culture=neutral, PublicKeyToken=b77a5c561934e089],[iCore.Common.Entities.WebServiceSchemaInfo, iCore.Common.Entities, Version=3.40.0.0, Culture=neutral, PublicKeyToken=fe44b4a6e7c933aa]]
iCore.Common.Entities.WebServiceSchemaInfo
iCore.Common.Entities.SchemaType[]
iCore.Common.Entities.SchemaType
System.Uri
System.Version
iCore.Common.Entities.WebServiceGenerationOptions
iCore.Common.Entities.ICrossReferenceTable
iCore.Common.Entities.ICrossReferenceTable
iCore.Common.Entities.ILazyLoadedEntity`1[[iCore.Common.Entities.ICrossReferenceEntry, iCore.Common.Entities, Version=3.40.0.0, Culture=neutral, PublicKeyToken=fe44b4a6e7c933aa]]
iCore.Common.Entities.ICrossReferenceEntry
iCore.Common.Entities.ICrossReferenceTable
iCore.SAS.Administration.ILazySubEntity`1[[iCore.Common.Entities.ICrossReferenceEntry, iCore.Common.Entities, Version=3.40.0.0, Culture=neutral, PublicKeyToken=fe44b4a6e7c933aa]]
iCore.Common.Entities.ILazyLoadedEntity`1[[iCore.Common.Entities.ICrossReferenceEntry, iCore.Common.Entities, Version=3.40.0.0, Culture=neutral, PublicKeyToken=fe44b4a6e7c933aa]][]
System.Collections.Generic.IEnumerable`1[[iCore.Common.Entities.EntityKey, iCore.Common.Entities, Version=3.40.0.0, Culture=neutral, PublicKeyToken=fe44b4a6e7c933aa]]
iCore.Common.Entities.ICounter
iCore.Common.Entities.ICounter
iCore.Common.Entities.CounterCheckType
iCore.Common.Entities.AppendDateTimePosition
iCore.Common.Entities.IEntityFilter
iCore.Common.Entities.IEntityFilter
iCore.Common.Entities.ICompositeEntity
iCore.Common.Entities.CorrelatedActive
iCore.Common.IconEntity
iCore.Common.Entities.IServer
iCore.Common.Entities.ISystemQueue
iCore.Management.Monitoring.FailoverServerPartState
iCore.Public.Types.ServerPartType
iCore.Management.Monitoring.ServerPartStatus
System.Nullable`1[[System.Int64, mscorlib, Version=4.0.0.0, Culture=neutral, PublicKeyToken=b77a5c561934e089]]
iCore.Management.Monitoring.EventListenerState
iCore.Management.Monitoring.EventListenerStatistics
iCore.Management.Monitoring.TimeOfLastOperationTrackingStatisticsCounter
iCore.Management.Monitoring.EventProcessorState
iCore.Management.Monitoring.EventProcessorStatistics
iCore.Management.Monitoring.JobManagerState
iCore.Management.Monitoring.JobManagerStatistics
iCore.Management.Monitoring.StatisticsCounter
iCore.Management.Monitoring.EventGeneratorState+TimerDetails
iCore.Management.Monitoring.TimerType
iCore.Management.Monitoring.EventGeneratorState
iCore.Management.Monitoring.EventGeneratorState+TimerDetails[]
iCore.Management.Monitoring.DetailedServerPartState
iCore.SAS.Administration.Models.ServerStatusModel
iCore.SAS.Administration.Models.ServerPartDataModel
iCore.SAS.Administration.Models.ServerPartDataModel[]
iCore.Management.Monitoring.ServiceStatus
iCore.Management.Monitoring.SystemEventProcessorState
iCore.Management.Monitoring.SystemEventProcessorStatistics
iCore.Management.Monitoring.WorkerHostProcessBaseInfo
System.Int64[]
iCore.Management.Monitoring.WorkerHostProcessBaseInfo[]
iCore.Management.Monitoring.SystemMonitorServerConnectionInfo
iCore.Management.Monitoring.ServerConnectionStatus
iCore.Management.Monitoring.SystemMonitorServerInfo
iCore.Management.Monitoring.SystemMonitorServerPartInfo[]
iCore.Management.Monitoring.SystemMonitorServerPartInfo
iCore.Management.Monitoring.WorkerHostProcessInfo
iCore.Management.Monitoring.WorkerHostStatistics
iCore.SAS.Administration.Models.SystemMonitorDataModel
iCore.SAS.Administration.Models.ServerStatusModel[]
iCore.SAS.Administration.Models.ServerPartDataModel
iCore.SAS.Administration.Models.SystemEventProcessorDataModel
iCore.SAS.Administration.Models.SystemEventProcessDataModel
iCore.SAS.Administration.Models.SystemEventProcessDataModel[]
iCore.SAS.Administration.Models.WorkerHostManagerDataModel
iCore.SAS.Administration.Models.WorkerHostManagerProcessDataModel
System.Double
iCore.SAS.Administration.Models.WorkerHostManagerProcessDataModel[]
iCore.SAS.Administration.Models.WorkerHostManagerJobDataModel
iCore.SAS.Administration.Models.WorkerHostManagerJobDataModel[]
iCore.SAS.Administration.Models.EventGeneratorDataModel
iCore.SAS.Administration.Models.TimerDetailsDataModel
iCore.SAS.Administration.Models.TimerDetailsDataModel[]
iCore.SAS.Administration.Models.ServerMonitorDataModel
iCore.SAS.Administration.Models.SerializableServerDataModel
iCore.SAS.Administration.Models.SerializableServerDataModel[]
iCore.SAS.Administration.Models.EventListenerDataModel
iCore.SAS.Administration.Models.JobManagerDataModel
iCore.SAS.Administration.Models.EventProcessorDataModel
System.Char
System.Guid
System.String
System.Boolean
System.Collections.Generic.IEnumerable`1[[iCore.Common.Entities.EntityKey, iCore.Common.Entities, Version=3.40.0.0, Culture=neutral, PublicKeyToken=fe44b4a6e7c933aa]]</StdOut>
      </Output>
    </UnitTestResult>
    <UnitTestResult executionId="e00bcc01-cc7c-442d-bb4b-bbce15f9855a" testId="0c3e4f26-508d-69ff-a9b2-17aaa84cbd86" testName="GetWebServiceDefinitonData_MultipleWSDLsRequested_ReturnsZipArchive" computerName="ICSWS068" duration="00:00:00.2743838" startTime="2016-08-04T09:59:32.7204081+02:00" endTime="2016-08-04T09:59:32.9964776+02:00" testType="13cdc9d9-ddb5-4fa4-a97d-d965ccfc6d4b" outcome="Passed" testListId="8c84fa94-04c1-424b-9868-57a2d4851a1d" relativeResultsDirectory="e00bcc01-cc7c-442d-bb4b-bbce15f9855a">
      <Output>
        <StdOut>Debug Trace:
iCore.Common.Entities.IEntity
iCore.Common.Entities.EntityKey
iCore.Common.Entities.EntityTypeId
iCore.Common.Entities.IComponentDefinition
System.String
System.DateTime
iCore.Common.Entities.IEventHistory
iCore.Common.Entities.ILazyLoadedEntity`1[[iCore.Common.Entities.IJob, iCore.Common.Entities, Version=3.40.0.0, Culture=neutral, PublicKeyToken=fe44b4a6e7c933aa]]
iCore.Common.Entities.IJob
iCore.Common.Entities.EntityKey
iCore.Common.Entities.EArgument
System.Boolean
System.Int64
iCore.Common.Entities.EventState
iCore.Common.Entities.EventReason
iCore.Common.Entities.EArgument[]
iCore.Common.Entities.ILazyLoadedEntity`1[[iCore.Common.Entities.IComponentConfiguration, iCore.Common.Entities, Version=3.40.0.0, Culture=neutral, PublicKeyToken=fe44b4a6e7c933aa]]
iCore.Common.Entities.IComponentConfiguration
iCore.Common.Entities.ILazyLoadedEntity`1[[iCore.Common.Entities.ICategoryMembership, iCore.Common.Entities, Version=3.40.0.0, Culture=neutral, PublicKeyToken=fe44b4a6e7c933aa]][]
iCore.Common.Entities.ILazyLoadedEntity`1[[iCore.Common.Entities.ICategoryMembership, iCore.Common.Entities, Version=3.40.0.0, Culture=neutral, PublicKeyToken=fe44b4a6e7c933aa]]
iCore.Common.Entities.ICategoryMembership
iCore.Common.Entities.ICategory
iCore.Common.Entities.ICategory
iCore.Common.Entities.ILazyLoadedEntity`1[[iCore.Common.Entities.ICategory, iCore.Common.Entities, Version=3.40.0.0, Culture=neutral, PublicKeyToken=fe44b4a6e7c933aa]]
System.Nullable`1[[System.Guid, mscorlib, Version=4.0.0.0, Culture=neutral, PublicKeyToken=b77a5c561934e089]]
System.TimeSpan
System.Guid
iCore.Common.Entities.IComponentConfiguration
iCore.Common.Entities.ILazyLoadedEntity`1[[iCore.Common.Entities.IApplicationPool, iCore.Common.Entities, Version=3.40.0.0, Culture=neutral, PublicKeyToken=fe44b4a6e7c933aa]]
iCore.Common.Entities.IApplicationPool
iCore.Common.Entities.IApplicationPool
iCore.Common.Entities.ILazyLoadedEntity`1[[iCore.Common.Entities.IServer, iCore.Common.Entities, Version=3.40.0.0, Culture=neutral, PublicKeyToken=fe44b4a6e7c933aa]]
iCore.Common.Entities.IServer
iCore.Common.Entities.ServerStartupSpecialTask
System.Nullable`1[[System.UInt16, mscorlib, Version=4.0.0.0, Culture=neutral, PublicKeyToken=b77a5c561934e089]]
System.UInt16
System.Int16
iCore.Common.Entities.IUser
iCore.Common.Entities.IUserGroup
iCore.Common.Entities.UserDisplayOptions
iCore.Common.Entities.MainTreeDisplayOptions
iCore.Common.Entities.NodeContent
iCore.Common.Entities.ILazyLoadedEntity`1[[iCore.Common.Entities.IUserGroup, iCore.Common.Entities, Version=3.40.0.0, Culture=neutral, PublicKeyToken=fe44b4a6e7c933aa]]
iCore.Common.Entities.ViewMode
iCore.Common.Entities.ILazyLoadedEntity`1[[iCore.Common.Entities.IUser, iCore.Common.Entities, Version=3.40.0.0, Culture=neutral, PublicKeyToken=fe44b4a6e7c933aa]]
iCore.Common.Entities.ILazyLoadedEntity`1[[iCore.Common.Entities.IApplicationPoolImplementation, iCore.Common.Entities, Version=3.40.0.0, Culture=neutral, PublicKeyToken=fe44b4a6e7c933aa]][]
iCore.Common.Entities.ILazyLoadedEntity`1[[iCore.Common.Entities.IApplicationPoolImplementation, iCore.Common.Entities, Version=3.40.0.0, Culture=neutral, PublicKeyToken=fe44b4a6e7c933aa]]
iCore.Common.Entities.IApplicationPoolImplementation
iCore.SAS.Administration.ILazySubEntity`1[[iCore.Common.Entities.IApplicationPoolImplementation, iCore.Common.Entities, Version=3.40.0.0, Culture=neutral, PublicKeyToken=fe44b4a6e7c933aa]]
iCore.Common.Entities.IServer
iCore.Common.Entities.ILazyLoadedEntity`1[[iCore.Common.Entities.INode, iCore.Common.Entities, Version=3.40.0.0, Culture=neutral, PublicKeyToken=fe44b4a6e7c933aa]]
iCore.Common.Entities.INode
iCore.Common.Entities.INode
System.String
iCore.Common.Entities.ILazyLoadedEntity`1[[iCore.Common.Entities.INodeAttributeValue, iCore.Common.Entities, Version=3.40.0.0, Culture=neutral, PublicKeyToken=fe44b4a6e7c933aa]][]
iCore.Common.Entities.ILazyLoadedEntity`1[[iCore.Common.Entities.INodeAttributeValue, iCore.Common.Entities, Version=3.40.0.0, Culture=neutral, PublicKeyToken=fe44b4a6e7c933aa]]
iCore.Common.Entities.INodeAttributeValue
iCore.SAS.Administration.ILazySubEntity`1[[iCore.Common.Entities.INodeAttributeValue, iCore.Common.Entities, Version=3.40.0.0, Culture=neutral, PublicKeyToken=fe44b4a6e7c933aa]]
System.Object
iCore.Public.Types.ScriptVarType
iCore.Common.Entities.INodeAttributeType
iCore.Common.Entities.INodeAttributeType
iCore.Common.Entities.INode
iCore.Common.Entities.ILazyLoadedEntity`1[[iCore.Common.Entities.INodeAttributeType, iCore.Common.Entities, Version=3.40.0.0, Culture=neutral, PublicKeyToken=fe44b4a6e7c933aa]]
iCore.Common.Entities.IPartner
System.String
iCore.Common.Entities.IEntityImage
iCore.Common.Entities.SizedEntityImage[]
iCore.Common.Entities.SizedEntityImage
System.Drawing.Size
iCore.Common.Entities.ILazyLoadedEntity`1[[iCore.Common.Entities.IPartnerAttributeGroupInstance, iCore.Common.Entities, Version=3.40.0.0, Culture=neutral, PublicKeyToken=fe44b4a6e7c933aa]][]
iCore.Common.Entities.ILazyLoadedEntity`1[[iCore.Common.Entities.IPartnerAttributeGroupInstance, iCore.Common.Entities, Version=3.40.0.0, Culture=neutral, PublicKeyToken=fe44b4a6e7c933aa]]
iCore.Common.Entities.IPartnerAttributeGroupInstance
iCore.Common.Entities.IPartnerAttributeGroupType
iCore.Common.Entities.IPartnerAttributeGroupType
iCore.Common.Entities.ILazyLoadedEntity`1[[iCore.Common.Entities.IPartnerAttributeValue, iCore.Common.Entities, Version=3.40.0.0, Culture=neutral, PublicKeyToken=fe44b4a6e7c933aa]]
iCore.Common.Entities.IPartnerAttributeValue
iCore.SAS.Administration.ILazySubEntity`1[[iCore.Common.Entities.IPartnerAttributeValue, iCore.Common.Entities, Version=3.40.0.0, Culture=neutral, PublicKeyToken=fe44b4a6e7c933aa]]
iCore.Common.Entities.ILazyLoadedEntity`1[[iCore.Common.Entities.IPartnerAttributeValue, iCore.Common.Entities, Version=3.40.0.0, Culture=neutral, PublicKeyToken=fe44b4a6e7c933aa]][]
iCore.SAS.Administration.ILazySubEntity`1[[iCore.Common.Entities.IPartnerAttributeGroupInstance, iCore.Common.Entities, Version=3.40.0.0, Culture=neutral, PublicKeyToken=fe44b4a6e7c933aa]]
iCore.Common.Entities.ILazyLoadedEntity`1[[iCore.Common.Entities.IPartnerAttributeGroupType, iCore.Common.Entities, Version=3.40.0.0, Culture=neutral, PublicKeyToken=fe44b4a6e7c933aa]]
iCore.Common.Entities.ILazyLoadedEntity`1[[iCore.Common.Entities.IPartnerIdentity, iCore.Common.Entities, Version=3.40.0.0, Culture=neutral, PublicKeyToken=fe44b4a6e7c933aa]][]
iCore.Common.Entities.ILazyLoadedEntity`1[[iCore.Common.Entities.IPartnerIdentity, iCore.Common.Entities, Version=3.40.0.0, Culture=neutral, PublicKeyToken=fe44b4a6e7c933aa]]
iCore.Common.Entities.IPartnerIdentity
iCore.Common.Entities.IPartner
iCore.Common.Entities.ILazyLoadedEntity`1[[iCore.Common.Entities.IPartner, iCore.Common.Entities, Version=3.40.0.0, Culture=neutral, PublicKeyToken=fe44b4a6e7c933aa]]
iCore.Common.Entities.INodeTypeVersion
iCore.Common.Entities.INodeTypeVersion
iCore.Common.Entities.INodeType
iCore.Common.Entities.INodeTypeStyleSheet
iCore.Common.Entities.INodeType
iCore.Common.Entities.ILazyLoadedEntity`1[[iCore.Common.Entities.INodeTypeVersion, iCore.Common.Entities, Version=3.40.0.0, Culture=neutral, PublicKeyToken=fe44b4a6e7c933aa]]
iCore.Common.Entities.IEventType
iCore.Common.Entities.SelectionRule
iCore.Common.Entities.EventTypes
iCore.Common.Entities.EventTrackingCleanupRole
iCore.Common.Entities.IEventType
iCore.Common.Entities.ILazyLoadedEntity`1[[iCore.Common.Entities.INodeType, iCore.Common.Entities, Version=3.40.0.0, Culture=neutral, PublicKeyToken=fe44b4a6e7c933aa]]
iCore.Common.Entities.ILazyLoadedEntity`1[[iCore.Common.Entities.IEvent, iCore.Common.Entities, Version=3.40.0.0, Culture=neutral, PublicKeyToken=fe44b4a6e7c933aa]]
iCore.Common.Entities.IEvent
iCore.Common.Entities.MatchedStatus
iCore.Common.Entities.EventSourceType
iCore.Common.Entities.ILazyLoadedEntity`1[[iCore.Common.Entities.IEventType, iCore.Common.Entities, Version=3.40.0.0, Culture=neutral, PublicKeyToken=fe44b4a6e7c933aa]]
iCore.Common.Entities.ILazyLoadedEntity`1[[iCore.Common.Entities.IEventHandler, iCore.Common.Entities, Version=3.40.0.0, Culture=neutral, PublicKeyToken=fe44b4a6e7c933aa]]
iCore.Common.Entities.IEventHandler
iCore.Common.Entities.EventHandlerStatus
iCore.Common.Entities.IEventHandler
iCore.Common.Entities.ILazyLoadedEntity`1[[iCore.Common.Entities.IComponentDefinition, iCore.Common.Entities, Version=3.40.0.0, Culture=neutral, PublicKeyToken=fe44b4a6e7c933aa]]
System.Nullable`1[[System.DateTime, mscorlib, Version=4.0.0.0, Culture=neutral, PublicKeyToken=b77a5c561934e089]]
iCore.Common.Entities.JobState
iCore.Common.Entities.JobHistoryReason
iCore.Common.Entities.JobType
System.Byte
System.Int32
iCore.Public.Types.JobLifetime
iCore.Common.Entities.EntityKey[]
System.Collections.Generic.IEnumerable`1[[iCore.Common.Entities.EntityKey, iCore.Common.Entities, Version=3.40.0.0, Culture=neutral, PublicKeyToken=fe44b4a6e7c933aa]]
iCore.Common.Entities.ILazyLoadedEntity`1[[iCore.Common.Entities.IPartnerAttributeType, iCore.Common.Entities, Version=3.40.0.0, Culture=neutral, PublicKeyToken=fe44b4a6e7c933aa]]
iCore.Common.Entities.IPartnerAttributeType
System.Collections.Generic.IEnumerable`1[[iCore.Common.Entities.EntityKey, iCore.Common.Entities, Version=3.40.0.0, Culture=neutral, PublicKeyToken=fe44b4a6e7c933aa]]
iCore.Common.Entities.IPartnerAttributeGroupType
iCore.SAS.Administration.ILazySubEntity`1[[iCore.Common.Entities.IPartnerAttributeType, iCore.Common.Entities, Version=3.40.0.0, Culture=neutral, PublicKeyToken=fe44b4a6e7c933aa]]
iCore.Common.Entities.ILazyLoadedEntity`1[[iCore.Common.Entities.IPartnerAttributeType, iCore.Common.Entities, Version=3.40.0.0, Culture=neutral, PublicKeyToken=fe44b4a6e7c933aa]][]
iCore.Common.Entities.INode
iCore.Common.Entities.IEvent
iCore.Common.Entities.IJob
iCore.Common.Entities.ILogEntry
iCore.Public.Types.LogLevel
iCore.Common.LogMessageTypeID
iCore.Common.Entities.IWorkflow
System.Collections.Generic.IEnumerable`1[[iCore.Common.Entities.EntityKey, iCore.Common.Entities, Version=3.40.0.0, Culture=neutral, PublicKeyToken=fe44b4a6e7c933aa]]
iCore.Common.Entities.WorkflowClassification
iCore.Common.Entities.IWorkflow
iCore.Common.Entities.IAdapterFlow
iCore.Common.Entities.IAdapterFlow
iCore.Common.Types.LogLevelFilter
iCore.Common.Types.EntryPointNameValue
iCore.Common.Entities.IScript
iCore.Common.Entities.IScript
iCore.Common.Entities.ITimer
iCore.Common.Entities.ITimer
iCore.Common.Types.TimerFrequency
iCore.Common.Types.TimerInterval+TimerIntervalType
iCore.Common.Entities.ILazyLoadedEntity`1[[iCore.Common.Entities.ITimerEvent, iCore.Common.Entities, Version=3.40.0.0, Culture=neutral, PublicKeyToken=fe44b4a6e7c933aa]]
iCore.Common.Entities.ITimerEvent
iCore.Common.Entities.ITimer
iCore.SAS.Administration.ILazySubEntity`1[[iCore.Common.Entities.ITimerEvent, iCore.Common.Entities, Version=3.40.0.0, Culture=neutral, PublicKeyToken=fe44b4a6e7c933aa]]
iCore.Common.Entities.TimerEventPriority
iCore.Common.Entities.ILazyLoadedEntity`1[[iCore.Common.Entities.ITimerEvent, iCore.Common.Entities, Version=3.40.0.0, Culture=neutral, PublicKeyToken=fe44b4a6e7c933aa]][]
System.Int32[]
iCore.SAS.Interfaces.WeekDay
iCore.SAS.Interfaces.WeekDay[]
System.Collections.Generic.IEnumerable`1[[iCore.Common.Entities.EntityKey, iCore.Common.Entities, Version=3.40.0.0, Culture=neutral, PublicKeyToken=fe44b4a6e7c933aa]]
iCore.Common.Entities.ISettingAttributeGroupType
iCore.Common.Entities.ISettingAttributeGroupType
iCore.Common.Entities.ILazyLoadedEntity`1[[iCore.Common.Entities.ISettingAttributeType, iCore.Common.Entities, Version=3.40.0.0, Culture=neutral, PublicKeyToken=fe44b4a6e7c933aa]]
iCore.Common.Entities.ISettingAttributeType
iCore.Common.Entities.ISettingAttributeGroupType
iCore.SAS.Administration.ILazySubEntity`1[[iCore.Common.Entities.ISettingAttributeType, iCore.Common.Entities, Version=3.40.0.0, Culture=neutral, PublicKeyToken=fe44b4a6e7c933aa]]
iCore.Common.Entities.ILazyLoadedEntity`1[[iCore.Common.Entities.ISettingAttributeType, iCore.Common.Entities, Version=3.40.0.0, Culture=neutral, PublicKeyToken=fe44b4a6e7c933aa]][]
System.Collections.Generic.IEnumerable`1[[iCore.Common.Entities.EntityKey, iCore.Common.Entities, Version=3.40.0.0, Culture=neutral, PublicKeyToken=fe44b4a6e7c933aa]]
iCore.Common.Entities.ISetting
iCore.Common.Entities.ISetting
iCore.Common.Entities.ILazyLoadedEntity`1[[iCore.Common.Entities.ISettingIdentity, iCore.Common.Entities, Version=3.40.0.0, Culture=neutral, PublicKeyToken=fe44b4a6e7c933aa]]
iCore.Common.Entities.ISettingIdentity
iCore.Common.Entities.ILazyLoadedEntity`1[[iCore.Common.Entities.ISettingIdentity, iCore.Common.Entities, Version=3.40.0.0, Culture=neutral, PublicKeyToken=fe44b4a6e7c933aa]][]
iCore.Common.Entities.ILazyLoadedEntity`1[[iCore.Common.Entities.ISettingAttributeGroupInstance, iCore.Common.Entities, Version=3.40.0.0, Culture=neutral, PublicKeyToken=fe44b4a6e7c933aa]]
iCore.Common.Entities.ISettingAttributeGroupInstance
iCore.Common.Entities.ILazyLoadedEntity`1[[iCore.Common.Entities.ISettingAttributeValue, iCore.Common.Entities, Version=3.40.0.0, Culture=neutral, PublicKeyToken=fe44b4a6e7c933aa]]
iCore.Common.Entities.ILazyLoadedEntity`1[[iCore.Common.Entities.ISettingAttributeValue, iCore.Common.Entities, Version=3.40.0.0, Culture=neutral, PublicKeyToken=fe44b4a6e7c933aa]][]
iCore.Common.Entities.ISetting
iCore.Common.Entities.ILazyLoadedEntity`1[[iCore.Common.Entities.ISettingAttributeGroupType, iCore.Common.Entities, Version=3.40.0.0, Culture=neutral, PublicKeyToken=fe44b4a6e7c933aa]]
iCore.Common.Entities.ILazyLoadedEntity`1[[iCore.Common.Entities.ISettingAttributeGroupInstance, iCore.Common.Entities, Version=3.40.0.0, Culture=neutral, PublicKeyToken=fe44b4a6e7c933aa]][]
System.String
iCore.SAS.Administration.ILazySubEntity`1[[iCore.Common.Entities.ISettingAttributeGroupInstance, iCore.Common.Entities, Version=3.40.0.0, Culture=neutral, PublicKeyToken=fe44b4a6e7c933aa]]
System.Collections.Generic.IEnumerable`1[[iCore.Common.Entities.EntityKey, iCore.Common.Entities, Version=3.40.0.0, Culture=neutral, PublicKeyToken=fe44b4a6e7c933aa]]
iCore.Common.Entities.ISettingAttributeValue
iCore.Common.Entities.ISetting
iCore.SAS.Administration.ILazySubEntity`1[[iCore.Common.Entities.ISettingAttributeGroupInstance, iCore.Common.Entities, Version=3.40.0.0, Culture=neutral, PublicKeyToken=fe44b4a6e7c933aa]]
iCore.SAS.Administration.ILazySubEntity`1[[iCore.Common.Entities.ISettingAttributeValue, iCore.Common.Entities, Version=3.40.0.0, Culture=neutral, PublicKeyToken=fe44b4a6e7c933aa]]
iCore.Common.Entities.IWebServiceDefinition
iCore.Common.Entities.IWebServiceDefinition
iCore.Common.Entities.ILazyKeyedCollection`2[[System.String, mscorlib, Version=4.0.0.0, Culture=neutral, PublicKeyToken=b77a5c561934e089],[iCore.Common.Entities.WebServiceActivityTypeInfo, iCore.Common.Entities, Version=3.40.0.0, Culture=neutral, PublicKeyToken=fe44b4a6e7c933aa]]
iCore.Common.Entities.WebServiceActivityTypeInfo
iCore.Common.Entities.ILazyKeyedCollection`2[[System.String, mscorlib, Version=4.0.0.0, Culture=neutral, PublicKeyToken=b77a5c561934e089],[iCore.Common.Entities.CategorizedNamedItem, iCore.Common.Entities, Version=3.40.0.0, Culture=neutral, PublicKeyToken=fe44b4a6e7c933aa]]
iCore.Common.Entities.CategorizedNamedItem
iCore.Common.Entities.ILazyKeyedCollection`2[[System.String, mscorlib, Version=4.0.0.0, Culture=neutral, PublicKeyToken=b77a5c561934e089],[iCore.Common.Entities.WebServiceAssemblyInfo, iCore.Common.Entities, Version=3.40.0.0, Culture=neutral, PublicKeyToken=fe44b4a6e7c933aa]]
iCore.Common.Entities.WebServiceAssemblyInfo
iCore.Common.Entities.ILazyKeyedCollection`2[[System.String, mscorlib, Version=4.0.0.0, Culture=neutral, PublicKeyToken=b77a5c561934e089],[iCore.Common.Entities.WebServiceSchemaInfo, iCore.Common.Entities, Version=3.40.0.0, Culture=neutral, PublicKeyToken=fe44b4a6e7c933aa]]
iCore.Common.Entities.WebServiceSchemaInfo
iCore.Common.Entities.SchemaType[]
iCore.Common.Entities.SchemaType
System.Uri
System.Version
iCore.Common.Entities.WebServiceGenerationOptions
iCore.Common.Entities.ICrossReferenceTable
iCore.Common.Entities.ICrossReferenceTable
iCore.Common.Entities.ILazyLoadedEntity`1[[iCore.Common.Entities.ICrossReferenceEntry, iCore.Common.Entities, Version=3.40.0.0, Culture=neutral, PublicKeyToken=fe44b4a6e7c933aa]]
iCore.Common.Entities.ICrossReferenceEntry
iCore.Common.Entities.ICrossReferenceTable
iCore.SAS.Administration.ILazySubEntity`1[[iCore.Common.Entities.ICrossReferenceEntry, iCore.Common.Entities, Version=3.40.0.0, Culture=neutral, PublicKeyToken=fe44b4a6e7c933aa]]
iCore.Common.Entities.ILazyLoadedEntity`1[[iCore.Common.Entities.ICrossReferenceEntry, iCore.Common.Entities, Version=3.40.0.0, Culture=neutral, PublicKeyToken=fe44b4a6e7c933aa]][]
System.Collections.Generic.IEnumerable`1[[iCore.Common.Entities.EntityKey, iCore.Common.Entities, Version=3.40.0.0, Culture=neutral, PublicKeyToken=fe44b4a6e7c933aa]]
iCore.Common.Entities.ICounter
iCore.Common.Entities.ICounter
iCore.Common.Entities.CounterCheckType
iCore.Common.Entities.AppendDateTimePosition
iCore.Common.Entities.IEntityFilter
iCore.Common.Entities.IEntityFilter
iCore.Common.Entities.ICompositeEntity
iCore.Common.Entities.CorrelatedActive
iCore.Common.IconEntity
iCore.Common.Entities.IServer
iCore.Common.Entities.ISystemQueue
iCore.Management.Monitoring.FailoverServerPartState
iCore.Public.Types.ServerPartType
iCore.Management.Monitoring.ServerPartStatus
System.Nullable`1[[System.Int64, mscorlib, Version=4.0.0.0, Culture=neutral, PublicKeyToken=b77a5c561934e089]]
iCore.Management.Monitoring.EventListenerState
iCore.Management.Monitoring.EventListenerStatistics
iCore.Management.Monitoring.TimeOfLastOperationTrackingStatisticsCounter
iCore.Management.Monitoring.EventProcessorState
iCore.Management.Monitoring.EventProcessorStatistics
iCore.Management.Monitoring.JobManagerState
iCore.Management.Monitoring.JobManagerStatistics
iCore.Management.Monitoring.StatisticsCounter
iCore.Management.Monitoring.EventGeneratorState+TimerDetails
iCore.Management.Monitoring.TimerType
iCore.Management.Monitoring.EventGeneratorState
iCore.Management.Monitoring.EventGeneratorState+TimerDetails[]
iCore.Management.Monitoring.DetailedServerPartState
iCore.SAS.Administration.Models.ServerStatusModel
iCore.SAS.Administration.Models.ServerPartDataModel
iCore.SAS.Administration.Models.ServerPartDataModel[]
iCore.Management.Monitoring.ServiceStatus
iCore.Management.Monitoring.SystemEventProcessorState
iCore.Management.Monitoring.SystemEventProcessorStatistics
iCore.Management.Monitoring.WorkerHostProcessBaseInfo
System.Int64[]
iCore.Management.Monitoring.WorkerHostProcessBaseInfo[]
iCore.Management.Monitoring.SystemMonitorServerConnectionInfo
iCore.Management.Monitoring.ServerConnectionStatus
iCore.Management.Monitoring.SystemMonitorServerInfo
iCore.Management.Monitoring.SystemMonitorServerPartInfo[]
iCore.Management.Monitoring.SystemMonitorServerPartInfo
iCore.Management.Monitoring.WorkerHostProcessInfo
iCore.Management.Monitoring.WorkerHostStatistics
iCore.SAS.Administration.Models.SystemMonitorDataModel
iCore.SAS.Administration.Models.ServerStatusModel[]
iCore.SAS.Administration.Models.ServerPartDataModel
iCore.SAS.Administration.Models.SystemEventProcessorDataModel
iCore.SAS.Administration.Models.SystemEventProcessDataModel
iCore.SAS.Administration.Models.SystemEventProcessDataModel[]
iCore.SAS.Administration.Models.WorkerHostManagerDataModel
iCore.SAS.Administration.Models.WorkerHostManagerProcessDataModel
System.Double
iCore.SAS.Administration.Models.WorkerHostManagerProcessDataModel[]
iCore.SAS.Administration.Models.WorkerHostManagerJobDataModel
iCore.SAS.Administration.Models.WorkerHostManagerJobDataModel[]
iCore.SAS.Administration.Models.EventGeneratorDataModel
iCore.SAS.Administration.Models.TimerDetailsDataModel
iCore.SAS.Administration.Models.TimerDetailsDataModel[]
iCore.SAS.Administration.Models.ServerMonitorDataModel
iCore.SAS.Administration.Models.SerializableServerDataModel
iCore.SAS.Administration.Models.SerializableServerDataModel[]
iCore.SAS.Administration.Models.EventListenerDataModel
iCore.SAS.Administration.Models.JobManagerDataModel
iCore.SAS.Administration.Models.EventProcessorDataModel
System.Char
System.Guid
System.String
System.Boolean
System.Collections.Generic.IEnumerable`1[[iCore.Common.Entities.EntityKey, iCore.Common.Entities, Version=3.40.0.0, Culture=neutral, PublicKeyToken=fe44b4a6e7c933aa]]</StdOut>
      </Output>
    </UnitTestResult>
    <UnitTestResult executionId="51a6dd44-93cc-4837-92f7-99d0276e7937" testId="efc8f21b-aebe-a733-e825-b10f5cc2bfd2" testName="GetWebServiceDefinitonData_SingleSchemaRequested_ReturnsCorrectData" computerName="ICSWS068" duration="00:00:00.3450270" startTime="2016-08-04T09:59:32.9994632+02:00" endTime="2016-08-04T09:59:33.3458338+02:00" testType="13cdc9d9-ddb5-4fa4-a97d-d965ccfc6d4b" outcome="Passed" testListId="8c84fa94-04c1-424b-9868-57a2d4851a1d" relativeResultsDirectory="51a6dd44-93cc-4837-92f7-99d0276e7937">
      <Output>
        <StdOut>Debug Trace:
iCore.Common.Entities.IEntity
iCore.Common.Entities.EntityKey
iCore.Common.Entities.EntityTypeId
iCore.Common.Entities.IComponentDefinition
System.String
System.DateTime
iCore.Common.Entities.IEventHistory
iCore.Common.Entities.ILazyLoadedEntity`1[[iCore.Common.Entities.IJob, iCore.Common.Entities, Version=3.40.0.0, Culture=neutral, PublicKeyToken=fe44b4a6e7c933aa]]
iCore.Common.Entities.IJob
iCore.Common.Entities.EntityKey
iCore.Common.Entities.EArgument
System.Boolean
System.Int64
iCore.Common.Entities.EventState
iCore.Common.Entities.EventReason
iCore.Common.Entities.EArgument[]
iCore.Common.Entities.ILazyLoadedEntity`1[[iCore.Common.Entities.IComponentConfiguration, iCore.Common.Entities, Version=3.40.0.0, Culture=neutral, PublicKeyToken=fe44b4a6e7c933aa]]
iCore.Common.Entities.IComponentConfiguration
iCore.Common.Entities.ILazyLoadedEntity`1[[iCore.Common.Entities.ICategoryMembership, iCore.Common.Entities, Version=3.40.0.0, Culture=neutral, PublicKeyToken=fe44b4a6e7c933aa]][]
iCore.Common.Entities.ILazyLoadedEntity`1[[iCore.Common.Entities.ICategoryMembership, iCore.Common.Entities, Version=3.40.0.0, Culture=neutral, PublicKeyToken=fe44b4a6e7c933aa]]
iCore.Common.Entities.ICategoryMembership
iCore.Common.Entities.ICategory
iCore.Common.Entities.ICategory
iCore.Common.Entities.ILazyLoadedEntity`1[[iCore.Common.Entities.ICategory, iCore.Common.Entities, Version=3.40.0.0, Culture=neutral, PublicKeyToken=fe44b4a6e7c933aa]]
System.Nullable`1[[System.Guid, mscorlib, Version=4.0.0.0, Culture=neutral, PublicKeyToken=b77a5c561934e089]]
System.TimeSpan
System.Guid
iCore.Common.Entities.IComponentConfiguration
iCore.Common.Entities.ILazyLoadedEntity`1[[iCore.Common.Entities.IApplicationPool, iCore.Common.Entities, Version=3.40.0.0, Culture=neutral, PublicKeyToken=fe44b4a6e7c933aa]]
iCore.Common.Entities.IApplicationPool
iCore.Common.Entities.IApplicationPool
iCore.Common.Entities.ILazyLoadedEntity`1[[iCore.Common.Entities.IServer, iCore.Common.Entities, Version=3.40.0.0, Culture=neutral, PublicKeyToken=fe44b4a6e7c933aa]]
iCore.Common.Entities.IServer
iCore.Common.Entities.ServerStartupSpecialTask
System.Nullable`1[[System.UInt16, mscorlib, Version=4.0.0.0, Culture=neutral, PublicKeyToken=b77a5c561934e089]]
System.UInt16
System.Int16
iCore.Common.Entities.IUser
iCore.Common.Entities.IUserGroup
iCore.Common.Entities.UserDisplayOptions
iCore.Common.Entities.MainTreeDisplayOptions
iCore.Common.Entities.NodeContent
iCore.Common.Entities.ILazyLoadedEntity`1[[iCore.Common.Entities.IUserGroup, iCore.Common.Entities, Version=3.40.0.0, Culture=neutral, PublicKeyToken=fe44b4a6e7c933aa]]
iCore.Common.Entities.ViewMode
iCore.Common.Entities.ILazyLoadedEntity`1[[iCore.Common.Entities.IUser, iCore.Common.Entities, Version=3.40.0.0, Culture=neutral, PublicKeyToken=fe44b4a6e7c933aa]]
iCore.Common.Entities.ILazyLoadedEntity`1[[iCore.Common.Entities.IApplicationPoolImplementation, iCore.Common.Entities, Version=3.40.0.0, Culture=neutral, PublicKeyToken=fe44b4a6e7c933aa]][]
iCore.Common.Entities.ILazyLoadedEntity`1[[iCore.Common.Entities.IApplicationPoolImplementation, iCore.Common.Entities, Version=3.40.0.0, Culture=neutral, PublicKeyToken=fe44b4a6e7c933aa]]
iCore.Common.Entities.IApplicationPoolImplementation
iCore.SAS.Administration.ILazySubEntity`1[[iCore.Common.Entities.IApplicationPoolImplementation, iCore.Common.Entities, Version=3.40.0.0, Culture=neutral, PublicKeyToken=fe44b4a6e7c933aa]]
iCore.Common.Entities.IServer
iCore.Common.Entities.ILazyLoadedEntity`1[[iCore.Common.Entities.INode, iCore.Common.Entities, Version=3.40.0.0, Culture=neutral, PublicKeyToken=fe44b4a6e7c933aa]]
iCore.Common.Entities.INode
iCore.Common.Entities.INode
System.String
iCore.Common.Entities.ILazyLoadedEntity`1[[iCore.Common.Entities.INodeAttributeValue, iCore.Common.Entities, Version=3.40.0.0, Culture=neutral, PublicKeyToken=fe44b4a6e7c933aa]][]
iCore.Common.Entities.ILazyLoadedEntity`1[[iCore.Common.Entities.INodeAttributeValue, iCore.Common.Entities, Version=3.40.0.0, Culture=neutral, PublicKeyToken=fe44b4a6e7c933aa]]
iCore.Common.Entities.INodeAttributeValue
iCore.SAS.Administration.ILazySubEntity`1[[iCore.Common.Entities.INodeAttributeValue, iCore.Common.Entities, Version=3.40.0.0, Culture=neutral, PublicKeyToken=fe44b4a6e7c933aa]]
System.Object
iCore.Public.Types.ScriptVarType
iCore.Common.Entities.INodeAttributeType
iCore.Common.Entities.INodeAttributeType
iCore.Common.Entities.INode
iCore.Common.Entities.ILazyLoadedEntity`1[[iCore.Common.Entities.INodeAttributeType, iCore.Common.Entities, Version=3.40.0.0, Culture=neutral, PublicKeyToken=fe44b4a6e7c933aa]]
iCore.Common.Entities.IPartner
System.String
iCore.Common.Entities.IEntityImage
iCore.Common.Entities.SizedEntityImage[]
iCore.Common.Entities.SizedEntityImage
System.Drawing.Size
iCore.Common.Entities.ILazyLoadedEntity`1[[iCore.Common.Entities.IPartnerAttributeGroupInstance, iCore.Common.Entities, Version=3.40.0.0, Culture=neutral, PublicKeyToken=fe44b4a6e7c933aa]][]
iCore.Common.Entities.ILazyLoadedEntity`1[[iCore.Common.Entities.IPartnerAttributeGroupInstance, iCore.Common.Entities, Version=3.40.0.0, Culture=neutral, PublicKeyToken=fe44b4a6e7c933aa]]
iCore.Common.Entities.IPartnerAttributeGroupInstance
iCore.Common.Entities.IPartnerAttributeGroupType
iCore.Common.Entities.IPartnerAttributeGroupType
iCore.Common.Entities.ILazyLoadedEntity`1[[iCore.Common.Entities.IPartnerAttributeValue, iCore.Common.Entities, Version=3.40.0.0, Culture=neutral, PublicKeyToken=fe44b4a6e7c933aa]]
iCore.Common.Entities.IPartnerAttributeValue
iCore.SAS.Administration.ILazySubEntity`1[[iCore.Common.Entities.IPartnerAttributeValue, iCore.Common.Entities, Version=3.40.0.0, Culture=neutral, PublicKeyToken=fe44b4a6e7c933aa]]
iCore.Common.Entities.ILazyLoadedEntity`1[[iCore.Common.Entities.IPartnerAttributeValue, iCore.Common.Entities, Version=3.40.0.0, Culture=neutral, PublicKeyToken=fe44b4a6e7c933aa]][]
iCore.SAS.Administration.ILazySubEntity`1[[iCore.Common.Entities.IPartnerAttributeGroupInstance, iCore.Common.Entities, Version=3.40.0.0, Culture=neutral, PublicKeyToken=fe44b4a6e7c933aa]]
iCore.Common.Entities.ILazyLoadedEntity`1[[iCore.Common.Entities.IPartnerAttributeGroupType, iCore.Common.Entities, Version=3.40.0.0, Culture=neutral, PublicKeyToken=fe44b4a6e7c933aa]]
iCore.Common.Entities.ILazyLoadedEntity`1[[iCore.Common.Entities.IPartnerIdentity, iCore.Common.Entities, Version=3.40.0.0, Culture=neutral, PublicKeyToken=fe44b4a6e7c933aa]][]
iCore.Common.Entities.ILazyLoadedEntity`1[[iCore.Common.Entities.IPartnerIdentity, iCore.Common.Entities, Version=3.40.0.0, Culture=neutral, PublicKeyToken=fe44b4a6e7c933aa]]
iCore.Common.Entities.IPartnerIdentity
iCore.Common.Entities.IPartner
iCore.Common.Entities.ILazyLoadedEntity`1[[iCore.Common.Entities.IPartner, iCore.Common.Entities, Version=3.40.0.0, Culture=neutral, PublicKeyToken=fe44b4a6e7c933aa]]
iCore.Common.Entities.INodeTypeVersion
iCore.Common.Entities.INodeTypeVersion
iCore.Common.Entities.INodeType
iCore.Common.Entities.INodeTypeStyleSheet
iCore.Common.Entities.INodeType
iCore.Common.Entities.ILazyLoadedEntity`1[[iCore.Common.Entities.INodeTypeVersion, iCore.Common.Entities, Version=3.40.0.0, Culture=neutral, PublicKeyToken=fe44b4a6e7c933aa]]
iCore.Common.Entities.IEventType
iCore.Common.Entities.SelectionRule
iCore.Common.Entities.EventTypes
iCore.Common.Entities.EventTrackingCleanupRole
iCore.Common.Entities.IEventType
iCore.Common.Entities.ILazyLoadedEntity`1[[iCore.Common.Entities.INodeType, iCore.Common.Entities, Version=3.40.0.0, Culture=neutral, PublicKeyToken=fe44b4a6e7c933aa]]
iCore.Common.Entities.ILazyLoadedEntity`1[[iCore.Common.Entities.IEvent, iCore.Common.Entities, Version=3.40.0.0, Culture=neutral, PublicKeyToken=fe44b4a6e7c933aa]]
iCore.Common.Entities.IEvent
iCore.Common.Entities.MatchedStatus
iCore.Common.Entities.EventSourceType
iCore.Common.Entities.ILazyLoadedEntity`1[[iCore.Common.Entities.IEventType, iCore.Common.Entities, Version=3.40.0.0, Culture=neutral, PublicKeyToken=fe44b4a6e7c933aa]]
iCore.Common.Entities.ILazyLoadedEntity`1[[iCore.Common.Entities.IEventHandler, iCore.Common.Entities, Version=3.40.0.0, Culture=neutral, PublicKeyToken=fe44b4a6e7c933aa]]
iCore.Common.Entities.IEventHandler
iCore.Common.Entities.EventHandlerStatus
iCore.Common.Entities.IEventHandler
iCore.Common.Entities.ILazyLoadedEntity`1[[iCore.Common.Entities.IComponentDefinition, iCore.Common.Entities, Version=3.40.0.0, Culture=neutral, PublicKeyToken=fe44b4a6e7c933aa]]
System.Nullable`1[[System.DateTime, mscorlib, Version=4.0.0.0, Culture=neutral, PublicKeyToken=b77a5c561934e089]]
iCore.Common.Entities.JobState
iCore.Common.Entities.JobHistoryReason
iCore.Common.Entities.JobType
System.Byte
System.Int32
iCore.Public.Types.JobLifetime
iCore.Common.Entities.EntityKey[]
System.Collections.Generic.IEnumerable`1[[iCore.Common.Entities.EntityKey, iCore.Common.Entities, Version=3.40.0.0, Culture=neutral, PublicKeyToken=fe44b4a6e7c933aa]]
iCore.Common.Entities.ILazyLoadedEntity`1[[iCore.Common.Entities.IPartnerAttributeType, iCore.Common.Entities, Version=3.40.0.0, Culture=neutral, PublicKeyToken=fe44b4a6e7c933aa]]
iCore.Common.Entities.IPartnerAttributeType
System.Collections.Generic.IEnumerable`1[[iCore.Common.Entities.EntityKey, iCore.Common.Entities, Version=3.40.0.0, Culture=neutral, PublicKeyToken=fe44b4a6e7c933aa]]
iCore.Common.Entities.IPartnerAttributeGroupType
iCore.SAS.Administration.ILazySubEntity`1[[iCore.Common.Entities.IPartnerAttributeType, iCore.Common.Entities, Version=3.40.0.0, Culture=neutral, PublicKeyToken=fe44b4a6e7c933aa]]
iCore.Common.Entities.ILazyLoadedEntity`1[[iCore.Common.Entities.IPartnerAttributeType, iCore.Common.Entities, Version=3.40.0.0, Culture=neutral, PublicKeyToken=fe44b4a6e7c933aa]][]
iCore.Common.Entities.INode
iCore.Common.Entities.IEvent
iCore.Common.Entities.IJob
iCore.Common.Entities.ILogEntry
iCore.Public.Types.LogLevel
iCore.Common.LogMessageTypeID
iCore.Common.Entities.IWorkflow
System.Collections.Generic.IEnumerable`1[[iCore.Common.Entities.EntityKey, iCore.Common.Entities, Version=3.40.0.0, Culture=neutral, PublicKeyToken=fe44b4a6e7c933aa]]
iCore.Common.Entities.WorkflowClassification
iCore.Common.Entities.IWorkflow
iCore.Common.Entities.IAdapterFlow
iCore.Common.Entities.IAdapterFlow
iCore.Common.Types.LogLevelFilter
iCore.Common.Types.EntryPointNameValue
iCore.Common.Entities.IScript
iCore.Common.Entities.IScript
iCore.Common.Entities.ITimer
iCore.Common.Entities.ITimer
iCore.Common.Types.TimerFrequency
iCore.Common.Types.TimerInterval+TimerIntervalType
iCore.Common.Entities.ILazyLoadedEntity`1[[iCore.Common.Entities.ITimerEvent, iCore.Common.Entities, Version=3.40.0.0, Culture=neutral, PublicKeyToken=fe44b4a6e7c933aa]]
iCore.Common.Entities.ITimerEvent
iCore.Common.Entities.ITimer
iCore.SAS.Administration.ILazySubEntity`1[[iCore.Common.Entities.ITimerEvent, iCore.Common.Entities, Version=3.40.0.0, Culture=neutral, PublicKeyToken=fe44b4a6e7c933aa]]
iCore.Common.Entities.TimerEventPriority
iCore.Common.Entities.ILazyLoadedEntity`1[[iCore.Common.Entities.ITimerEvent, iCore.Common.Entities, Version=3.40.0.0, Culture=neutral, PublicKeyToken=fe44b4a6e7c933aa]][]
System.Int32[]
iCore.SAS.Interfaces.WeekDay
iCore.SAS.Interfaces.WeekDay[]
System.Collections.Generic.IEnumerable`1[[iCore.Common.Entities.EntityKey, iCore.Common.Entities, Version=3.40.0.0, Culture=neutral, PublicKeyToken=fe44b4a6e7c933aa]]
iCore.Common.Entities.ISettingAttributeGroupType
iCore.Common.Entities.ISettingAttributeGroupType
iCore.Common.Entities.ILazyLoadedEntity`1[[iCore.Common.Entities.ISettingAttributeType, iCore.Common.Entities, Version=3.40.0.0, Culture=neutral, PublicKeyToken=fe44b4a6e7c933aa]]
iCore.Common.Entities.ISettingAttributeType
iCore.Common.Entities.ISettingAttributeGroupType
iCore.SAS.Administration.ILazySubEntity`1[[iCore.Common.Entities.ISettingAttributeType, iCore.Common.Entities, Version=3.40.0.0, Culture=neutral, PublicKeyToken=fe44b4a6e7c933aa]]
iCore.Common.Entities.ILazyLoadedEntity`1[[iCore.Common.Entities.ISettingAttributeType, iCore.Common.Entities, Version=3.40.0.0, Culture=neutral, PublicKeyToken=fe44b4a6e7c933aa]][]
System.Collections.Generic.IEnumerable`1[[iCore.Common.Entities.EntityKey, iCore.Common.Entities, Version=3.40.0.0, Culture=neutral, PublicKeyToken=fe44b4a6e7c933aa]]
iCore.Common.Entities.ISetting
iCore.Common.Entities.ISetting
iCore.Common.Entities.ILazyLoadedEntity`1[[iCore.Common.Entities.ISettingIdentity, iCore.Common.Entities, Version=3.40.0.0, Culture=neutral, PublicKeyToken=fe44b4a6e7c933aa]]
iCore.Common.Entities.ISettingIdentity
iCore.Common.Entities.ILazyLoadedEntity`1[[iCore.Common.Entities.ISettingIdentity, iCore.Common.Entities, Version=3.40.0.0, Culture=neutral, PublicKeyToken=fe44b4a6e7c933aa]][]
iCore.Common.Entities.ILazyLoadedEntity`1[[iCore.Common.Entities.ISettingAttributeGroupInstance, iCore.Common.Entities, Version=3.40.0.0, Culture=neutral, PublicKeyToken=fe44b4a6e7c933aa]]
iCore.Common.Entities.ISettingAttributeGroupInstance
iCore.Common.Entities.ILazyLoadedEntity`1[[iCore.Common.Entities.ISettingAttributeValue, iCore.Common.Entities, Version=3.40.0.0, Culture=neutral, PublicKeyToken=fe44b4a6e7c933aa]]
iCore.Common.Entities.ILazyLoadedEntity`1[[iCore.Common.Entities.ISettingAttributeValue, iCore.Common.Entities, Version=3.40.0.0, Culture=neutral, PublicKeyToken=fe44b4a6e7c933aa]][]
iCore.Common.Entities.ISetting
iCore.Common.Entities.ILazyLoadedEntity`1[[iCore.Common.Entities.ISettingAttributeGroupType, iCore.Common.Entities, Version=3.40.0.0, Culture=neutral, PublicKeyToken=fe44b4a6e7c933aa]]
iCore.Common.Entities.ILazyLoadedEntity`1[[iCore.Common.Entities.ISettingAttributeGroupInstance, iCore.Common.Entities, Version=3.40.0.0, Culture=neutral, PublicKeyToken=fe44b4a6e7c933aa]][]
System.String
iCore.SAS.Administration.ILazySubEntity`1[[iCore.Common.Entities.ISettingAttributeGroupInstance, iCore.Common.Entities, Version=3.40.0.0, Culture=neutral, PublicKeyToken=fe44b4a6e7c933aa]]
System.Collections.Generic.IEnumerable`1[[iCore.Common.Entities.EntityKey, iCore.Common.Entities, Version=3.40.0.0, Culture=neutral, PublicKeyToken=fe44b4a6e7c933aa]]
iCore.Common.Entities.ISettingAttributeValue
iCore.Common.Entities.ISetting
iCore.SAS.Administration.ILazySubEntity`1[[iCore.Common.Entities.ISettingAttributeGroupInstance, iCore.Common.Entities, Version=3.40.0.0, Culture=neutral, PublicKeyToken=fe44b4a6e7c933aa]]
iCore.SAS.Administration.ILazySubEntity`1[[iCore.Common.Entities.ISettingAttributeValue, iCore.Common.Entities, Version=3.40.0.0, Culture=neutral, PublicKeyToken=fe44b4a6e7c933aa]]
iCore.Common.Entities.IWebServiceDefinition
iCore.Common.Entities.IWebServiceDefinition
iCore.Common.Entities.ILazyKeyedCollection`2[[System.String, mscorlib, Version=4.0.0.0, Culture=neutral, PublicKeyToken=b77a5c561934e089],[iCore.Common.Entities.WebServiceActivityTypeInfo, iCore.Common.Entities, Version=3.40.0.0, Culture=neutral, PublicKeyToken=fe44b4a6e7c933aa]]
iCore.Common.Entities.WebServiceActivityTypeInfo
iCore.Common.Entities.ILazyKeyedCollection`2[[System.String, mscorlib, Version=4.0.0.0, Culture=neutral, PublicKeyToken=b77a5c561934e089],[iCore.Common.Entities.CategorizedNamedItem, iCore.Common.Entities, Version=3.40.0.0, Culture=neutral, PublicKeyToken=fe44b4a6e7c933aa]]
iCore.Common.Entities.CategorizedNamedItem
iCore.Common.Entities.ILazyKeyedCollection`2[[System.String, mscorlib, Version=4.0.0.0, Culture=neutral, PublicKeyToken=b77a5c561934e089],[iCore.Common.Entities.WebServiceAssemblyInfo, iCore.Common.Entities, Version=3.40.0.0, Culture=neutral, PublicKeyToken=fe44b4a6e7c933aa]]
iCore.Common.Entities.WebServiceAssemblyInfo
iCore.Common.Entities.ILazyKeyedCollection`2[[System.String, mscorlib, Version=4.0.0.0, Culture=neutral, PublicKeyToken=b77a5c561934e089],[iCore.Common.Entities.WebServiceSchemaInfo, iCore.Common.Entities, Version=3.40.0.0, Culture=neutral, PublicKeyToken=fe44b4a6e7c933aa]]
iCore.Common.Entities.WebServiceSchemaInfo
iCore.Common.Entities.SchemaType[]
iCore.Common.Entities.SchemaType
System.Uri
System.Version
iCore.Common.Entities.WebServiceGenerationOptions
iCore.Common.Entities.ICrossReferenceTable
iCore.Common.Entities.ICrossReferenceTable
iCore.Common.Entities.ILazyLoadedEntity`1[[iCore.Common.Entities.ICrossReferenceEntry, iCore.Common.Entities, Version=3.40.0.0, Culture=neutral, PublicKeyToken=fe44b4a6e7c933aa]]
iCore.Common.Entities.ICrossReferenceEntry
iCore.Common.Entities.ICrossReferenceTable
iCore.SAS.Administration.ILazySubEntity`1[[iCore.Common.Entities.ICrossReferenceEntry, iCore.Common.Entities, Version=3.40.0.0, Culture=neutral, PublicKeyToken=fe44b4a6e7c933aa]]
iCore.Common.Entities.ILazyLoadedEntity`1[[iCore.Common.Entities.ICrossReferenceEntry, iCore.Common.Entities, Version=3.40.0.0, Culture=neutral, PublicKeyToken=fe44b4a6e7c933aa]][]
System.Collections.Generic.IEnumerable`1[[iCore.Common.Entities.EntityKey, iCore.Common.Entities, Version=3.40.0.0, Culture=neutral, PublicKeyToken=fe44b4a6e7c933aa]]
iCore.Common.Entities.ICounter
iCore.Common.Entities.ICounter
iCore.Common.Entities.CounterCheckType
iCore.Common.Entities.AppendDateTimePosition
iCore.Common.Entities.IEntityFilter
iCore.Common.Entities.IEntityFilter
iCore.Common.Entities.ICompositeEntity
iCore.Common.Entities.CorrelatedActive
iCore.Common.IconEntity
iCore.Common.Entities.IServer
iCore.Common.Entities.ISystemQueue
iCore.Management.Monitoring.FailoverServerPartState
iCore.Public.Types.ServerPartType
iCore.Management.Monitoring.ServerPartStatus
System.Nullable`1[[System.Int64, mscorlib, Version=4.0.0.0, Culture=neutral, PublicKeyToken=b77a5c561934e089]]
iCore.Management.Monitoring.EventListenerState
iCore.Management.Monitoring.EventListenerStatistics
iCore.Management.Monitoring.TimeOfLastOperationTrackingStatisticsCounter
iCore.Management.Monitoring.EventProcessorState
iCore.Management.Monitoring.EventProcessorStatistics
iCore.Management.Monitoring.JobManagerState
iCore.Management.Monitoring.JobManagerStatistics
iCore.Management.Monitoring.StatisticsCounter
iCore.Management.Monitoring.EventGeneratorState+TimerDetails
iCore.Management.Monitoring.TimerType
iCore.Management.Monitoring.EventGeneratorState
iCore.Management.Monitoring.EventGeneratorState+TimerDetails[]
iCore.Management.Monitoring.DetailedServerPartState
iCore.SAS.Administration.Models.ServerStatusModel
iCore.SAS.Administration.Models.ServerPartDataModel
iCore.SAS.Administration.Models.ServerPartDataModel[]
iCore.Management.Monitoring.ServiceStatus
iCore.Management.Monitoring.SystemEventProcessorState
iCore.Management.Monitoring.SystemEventProcessorStatistics
iCore.Management.Monitoring.WorkerHostProcessBaseInfo
System.Int64[]
iCore.Management.Monitoring.WorkerHostProcessBaseInfo[]
iCore.Management.Monitoring.SystemMonitorServerConnectionInfo
iCore.Management.Monitoring.ServerConnectionStatus
iCore.Management.Monitoring.SystemMonitorServerInfo
iCore.Management.Monitoring.SystemMonitorServerPartInfo[]
iCore.Management.Monitoring.SystemMonitorServerPartInfo
iCore.Management.Monitoring.WorkerHostProcessInfo
iCore.Management.Monitoring.WorkerHostStatistics
iCore.SAS.Administration.Models.SystemMonitorDataModel
iCore.SAS.Administration.Models.ServerStatusModel[]
iCore.SAS.Administration.Models.ServerPartDataModel
iCore.SAS.Administration.Models.SystemEventProcessorDataModel
iCore.SAS.Administration.Models.SystemEventProcessDataModel
iCore.SAS.Administration.Models.SystemEventProcessDataModel[]
iCore.SAS.Administration.Models.WorkerHostManagerDataModel
iCore.SAS.Administration.Models.WorkerHostManagerProcessDataModel
System.Double
iCore.SAS.Administration.Models.WorkerHostManagerProcessDataModel[]
iCore.SAS.Administration.Models.WorkerHostManagerJobDataModel
iCore.SAS.Administration.Models.WorkerHostManagerJobDataModel[]
iCore.SAS.Administration.Models.EventGeneratorDataModel
iCore.SAS.Administration.Models.TimerDetailsDataModel
iCore.SAS.Administration.Models.TimerDetailsDataModel[]
iCore.SAS.Administration.Models.ServerMonitorDataModel
iCore.SAS.Administration.Models.SerializableServerDataModel
iCore.SAS.Administration.Models.SerializableServerDataModel[]
iCore.SAS.Administration.Models.EventListenerDataModel
iCore.SAS.Administration.Models.JobManagerDataModel
iCore.SAS.Administration.Models.EventProcessorDataModel
System.Char
System.Guid
System.String
System.Boolean
System.Collections.Generic.IEnumerable`1[[iCore.Common.Entities.EntityKey, iCore.Common.Entities, Version=3.40.0.0, Culture=neutral, PublicKeyToken=fe44b4a6e7c933aa]]</StdOut>
      </Output>
    </UnitTestResult>
    <UnitTestResult executionId="54fa3b62-e70b-43e6-aeb2-fb349d59cfbf" testId="04917752-769d-fb0d-36f0-021c39fd91b1" testName="GetWebServiceDefinitonData_MultipleSchemasRequested_ReturnsZipArchive" computerName="ICSWS068" duration="00:00:00.2493199" startTime="2016-08-04T09:59:33.3488329+02:00" endTime="2016-08-04T09:59:33.5998286+02:00" testType="13cdc9d9-ddb5-4fa4-a97d-d965ccfc6d4b" outcome="Passed" testListId="8c84fa94-04c1-424b-9868-57a2d4851a1d" relativeResultsDirectory="54fa3b62-e70b-43e6-aeb2-fb349d59cfbf">
      <Output>
        <StdOut>Debug Trace:
iCore.Common.Entities.IEntity
iCore.Common.Entities.EntityKey
iCore.Common.Entities.EntityTypeId
iCore.Common.Entities.IComponentDefinition
System.String
System.DateTime
iCore.Common.Entities.IEventHistory
iCore.Common.Entities.ILazyLoadedEntity`1[[iCore.Common.Entities.IJob, iCore.Common.Entities, Version=3.40.0.0, Culture=neutral, PublicKeyToken=fe44b4a6e7c933aa]]
iCore.Common.Entities.IJob
iCore.Common.Entities.EntityKey
iCore.Common.Entities.EArgument
System.Boolean
System.Int64
iCore.Common.Entities.EventState
iCore.Common.Entities.EventReason
iCore.Common.Entities.EArgument[]
iCore.Common.Entities.ILazyLoadedEntity`1[[iCore.Common.Entities.IComponentConfiguration, iCore.Common.Entities, Version=3.40.0.0, Culture=neutral, PublicKeyToken=fe44b4a6e7c933aa]]
iCore.Common.Entities.IComponentConfiguration
iCore.Common.Entities.ILazyLoadedEntity`1[[iCore.Common.Entities.ICategoryMembership, iCore.Common.Entities, Version=3.40.0.0, Culture=neutral, PublicKeyToken=fe44b4a6e7c933aa]][]
iCore.Common.Entities.ILazyLoadedEntity`1[[iCore.Common.Entities.ICategoryMembership, iCore.Common.Entities, Version=3.40.0.0, Culture=neutral, PublicKeyToken=fe44b4a6e7c933aa]]
iCore.Common.Entities.ICategoryMembership
iCore.Common.Entities.ICategory
iCore.Common.Entities.ICategory
iCore.Common.Entities.ILazyLoadedEntity`1[[iCore.Common.Entities.ICategory, iCore.Common.Entities, Version=3.40.0.0, Culture=neutral, PublicKeyToken=fe44b4a6e7c933aa]]
System.Nullable`1[[System.Guid, mscorlib, Version=4.0.0.0, Culture=neutral, PublicKeyToken=b77a5c561934e089]]
System.TimeSpan
System.Guid
iCore.Common.Entities.IComponentConfiguration
iCore.Common.Entities.ILazyLoadedEntity`1[[iCore.Common.Entities.IApplicationPool, iCore.Common.Entities, Version=3.40.0.0, Culture=neutral, PublicKeyToken=fe44b4a6e7c933aa]]
iCore.Common.Entities.IApplicationPool
iCore.Common.Entities.IApplicationPool
iCore.Common.Entities.ILazyLoadedEntity`1[[iCore.Common.Entities.IServer, iCore.Common.Entities, Version=3.40.0.0, Culture=neutral, PublicKeyToken=fe44b4a6e7c933aa]]
iCore.Common.Entities.IServer
iCore.Common.Entities.ServerStartupSpecialTask
System.Nullable`1[[System.UInt16, mscorlib, Version=4.0.0.0, Culture=neutral, PublicKeyToken=b77a5c561934e089]]
System.UInt16
System.Int16
iCore.Common.Entities.IUser
iCore.Common.Entities.IUserGroup
iCore.Common.Entities.UserDisplayOptions
iCore.Common.Entities.MainTreeDisplayOptions
iCore.Common.Entities.NodeContent
iCore.Common.Entities.ILazyLoadedEntity`1[[iCore.Common.Entities.IUserGroup, iCore.Common.Entities, Version=3.40.0.0, Culture=neutral, PublicKeyToken=fe44b4a6e7c933aa]]
iCore.Common.Entities.ViewMode
iCore.Common.Entities.ILazyLoadedEntity`1[[iCore.Common.Entities.IUser, iCore.Common.Entities, Version=3.40.0.0, Culture=neutral, PublicKeyToken=fe44b4a6e7c933aa]]
iCore.Common.Entities.ILazyLoadedEntity`1[[iCore.Common.Entities.IApplicationPoolImplementation, iCore.Common.Entities, Version=3.40.0.0, Culture=neutral, PublicKeyToken=fe44b4a6e7c933aa]][]
iCore.Common.Entities.ILazyLoadedEntity`1[[iCore.Common.Entities.IApplicationPoolImplementation, iCore.Common.Entities, Version=3.40.0.0, Culture=neutral, PublicKeyToken=fe44b4a6e7c933aa]]
iCore.Common.Entities.IApplicationPoolImplementation
iCore.SAS.Administration.ILazySubEntity`1[[iCore.Common.Entities.IApplicationPoolImplementation, iCore.Common.Entities, Version=3.40.0.0, Culture=neutral, PublicKeyToken=fe44b4a6e7c933aa]]
iCore.Common.Entities.IServer
iCore.Common.Entities.ILazyLoadedEntity`1[[iCore.Common.Entities.INode, iCore.Common.Entities, Version=3.40.0.0, Culture=neutral, PublicKeyToken=fe44b4a6e7c933aa]]
iCore.Common.Entities.INode
iCore.Common.Entities.INode
System.String
iCore.Common.Entities.ILazyLoadedEntity`1[[iCore.Common.Entities.INodeAttributeValue, iCore.Common.Entities, Version=3.40.0.0, Culture=neutral, PublicKeyToken=fe44b4a6e7c933aa]][]
iCore.Common.Entities.ILazyLoadedEntity`1[[iCore.Common.Entities.INodeAttributeValue, iCore.Common.Entities, Version=3.40.0.0, Culture=neutral, PublicKeyToken=fe44b4a6e7c933aa]]
iCore.Common.Entities.INodeAttributeValue
iCore.SAS.Administration.ILazySubEntity`1[[iCore.Common.Entities.INodeAttributeValue, iCore.Common.Entities, Version=3.40.0.0, Culture=neutral, PublicKeyToken=fe44b4a6e7c933aa]]
System.Object
iCore.Public.Types.ScriptVarType
iCore.Common.Entities.INodeAttributeType
iCore.Common.Entities.INodeAttributeType
iCore.Common.Entities.INode
iCore.Common.Entities.ILazyLoadedEntity`1[[iCore.Common.Entities.INodeAttributeType, iCore.Common.Entities, Version=3.40.0.0, Culture=neutral, PublicKeyToken=fe44b4a6e7c933aa]]
iCore.Common.Entities.IPartner
System.String
iCore.Common.Entities.IEntityImage
iCore.Common.Entities.SizedEntityImage[]
iCore.Common.Entities.SizedEntityImage
System.Drawing.Size
iCore.Common.Entities.ILazyLoadedEntity`1[[iCore.Common.Entities.IPartnerAttributeGroupInstance, iCore.Common.Entities, Version=3.40.0.0, Culture=neutral, PublicKeyToken=fe44b4a6e7c933aa]][]
iCore.Common.Entities.ILazyLoadedEntity`1[[iCore.Common.Entities.IPartnerAttributeGroupInstance, iCore.Common.Entities, Version=3.40.0.0, Culture=neutral, PublicKeyToken=fe44b4a6e7c933aa]]
iCore.Common.Entities.IPartnerAttributeGroupInstance
iCore.Common.Entities.IPartnerAttributeGroupType
iCore.Common.Entities.IPartnerAttributeGroupType
iCore.Common.Entities.ILazyLoadedEntity`1[[iCore.Common.Entities.IPartnerAttributeValue, iCore.Common.Entities, Version=3.40.0.0, Culture=neutral, PublicKeyToken=fe44b4a6e7c933aa]]
iCore.Common.Entities.IPartnerAttributeValue
iCore.SAS.Administration.ILazySubEntity`1[[iCore.Common.Entities.IPartnerAttributeValue, iCore.Common.Entities, Version=3.40.0.0, Culture=neutral, PublicKeyToken=fe44b4a6e7c933aa]]
iCore.Common.Entities.ILazyLoadedEntity`1[[iCore.Common.Entities.IPartnerAttributeValue, iCore.Common.Entities, Version=3.40.0.0, Culture=neutral, PublicKeyToken=fe44b4a6e7c933aa]][]
iCore.SAS.Administration.ILazySubEntity`1[[iCore.Common.Entities.IPartnerAttributeGroupInstance, iCore.Common.Entities, Version=3.40.0.0, Culture=neutral, PublicKeyToken=fe44b4a6e7c933aa]]
iCore.Common.Entities.ILazyLoadedEntity`1[[iCore.Common.Entities.IPartnerAttributeGroupType, iCore.Common.Entities, Version=3.40.0.0, Culture=neutral, PublicKeyToken=fe44b4a6e7c933aa]]
iCore.Common.Entities.ILazyLoadedEntity`1[[iCore.Common.Entities.IPartnerIdentity, iCore.Common.Entities, Version=3.40.0.0, Culture=neutral, PublicKeyToken=fe44b4a6e7c933aa]][]
iCore.Common.Entities.ILazyLoadedEntity`1[[iCore.Common.Entities.IPartnerIdentity, iCore.Common.Entities, Version=3.40.0.0, Culture=neutral, PublicKeyToken=fe44b4a6e7c933aa]]
iCore.Common.Entities.IPartnerIdentity
iCore.Common.Entities.IPartner
iCore.Common.Entities.ILazyLoadedEntity`1[[iCore.Common.Entities.IPartner, iCore.Common.Entities, Version=3.40.0.0, Culture=neutral, PublicKeyToken=fe44b4a6e7c933aa]]
iCore.Common.Entities.INodeTypeVersion
iCore.Common.Entities.INodeTypeVersion
iCore.Common.Entities.INodeType
iCore.Common.Entities.INodeTypeStyleSheet
iCore.Common.Entities.INodeType
iCore.Common.Entities.ILazyLoadedEntity`1[[iCore.Common.Entities.INodeTypeVersion, iCore.Common.Entities, Version=3.40.0.0, Culture=neutral, PublicKeyToken=fe44b4a6e7c933aa]]
iCore.Common.Entities.IEventType
iCore.Common.Entities.SelectionRule
iCore.Common.Entities.EventTypes
iCore.Common.Entities.EventTrackingCleanupRole
iCore.Common.Entities.IEventType
iCore.Common.Entities.ILazyLoadedEntity`1[[iCore.Common.Entities.INodeType, iCore.Common.Entities, Version=3.40.0.0, Culture=neutral, PublicKeyToken=fe44b4a6e7c933aa]]
iCore.Common.Entities.ILazyLoadedEntity`1[[iCore.Common.Entities.IEvent, iCore.Common.Entities, Version=3.40.0.0, Culture=neutral, PublicKeyToken=fe44b4a6e7c933aa]]
iCore.Common.Entities.IEvent
iCore.Common.Entities.MatchedStatus
iCore.Common.Entities.EventSourceType
iCore.Common.Entities.ILazyLoadedEntity`1[[iCore.Common.Entities.IEventType, iCore.Common.Entities, Version=3.40.0.0, Culture=neutral, PublicKeyToken=fe44b4a6e7c933aa]]
iCore.Common.Entities.ILazyLoadedEntity`1[[iCore.Common.Entities.IEventHandler, iCore.Common.Entities, Version=3.40.0.0, Culture=neutral, PublicKeyToken=fe44b4a6e7c933aa]]
iCore.Common.Entities.IEventHandler
iCore.Common.Entities.EventHandlerStatus
iCore.Common.Entities.IEventHandler
iCore.Common.Entities.ILazyLoadedEntity`1[[iCore.Common.Entities.IComponentDefinition, iCore.Common.Entities, Version=3.40.0.0, Culture=neutral, PublicKeyToken=fe44b4a6e7c933aa]]
System.Nullable`1[[System.DateTime, mscorlib, Version=4.0.0.0, Culture=neutral, PublicKeyToken=b77a5c561934e089]]
iCore.Common.Entities.JobState
iCore.Common.Entities.JobHistoryReason
iCore.Common.Entities.JobType
System.Byte
System.Int32
iCore.Public.Types.JobLifetime
iCore.Common.Entities.EntityKey[]
System.Collections.Generic.IEnumerable`1[[iCore.Common.Entities.EntityKey, iCore.Common.Entities, Version=3.40.0.0, Culture=neutral, PublicKeyToken=fe44b4a6e7c933aa]]
iCore.Common.Entities.ILazyLoadedEntity`1[[iCore.Common.Entities.IPartnerAttributeType, iCore.Common.Entities, Version=3.40.0.0, Culture=neutral, PublicKeyToken=fe44b4a6e7c933aa]]
iCore.Common.Entities.IPartnerAttributeType
System.Collections.Generic.IEnumerable`1[[iCore.Common.Entities.EntityKey, iCore.Common.Entities, Version=3.40.0.0, Culture=neutral, PublicKeyToken=fe44b4a6e7c933aa]]
iCore.Common.Entities.IPartnerAttributeGroupType
iCore.SAS.Administration.ILazySubEntity`1[[iCore.Common.Entities.IPartnerAttributeType, iCore.Common.Entities, Version=3.40.0.0, Culture=neutral, PublicKeyToken=fe44b4a6e7c933aa]]
iCore.Common.Entities.ILazyLoadedEntity`1[[iCore.Common.Entities.IPartnerAttributeType, iCore.Common.Entities, Version=3.40.0.0, Culture=neutral, PublicKeyToken=fe44b4a6e7c933aa]][]
iCore.Common.Entities.INode
iCore.Common.Entities.IEvent
iCore.Common.Entities.IJob
iCore.Common.Entities.ILogEntry
iCore.Public.Types.LogLevel
iCore.Common.LogMessageTypeID
iCore.Common.Entities.IWorkflow
System.Collections.Generic.IEnumerable`1[[iCore.Common.Entities.EntityKey, iCore.Common.Entities, Version=3.40.0.0, Culture=neutral, PublicKeyToken=fe44b4a6e7c933aa]]
iCore.Common.Entities.WorkflowClassification
iCore.Common.Entities.IWorkflow
iCore.Common.Entities.IAdapterFlow
iCore.Common.Entities.IAdapterFlow
iCore.Common.Types.LogLevelFilter
iCore.Common.Types.EntryPointNameValue
iCore.Common.Entities.IScript
iCore.Common.Entities.IScript
iCore.Common.Entities.ITimer
iCore.Common.Entities.ITimer
iCore.Common.Types.TimerFrequency
iCore.Common.Types.TimerInterval+TimerIntervalType
iCore.Common.Entities.ILazyLoadedEntity`1[[iCore.Common.Entities.ITimerEvent, iCore.Common.Entities, Version=3.40.0.0, Culture=neutral, PublicKeyToken=fe44b4a6e7c933aa]]
iCore.Common.Entities.ITimerEvent
iCore.Common.Entities.ITimer
iCore.SAS.Administration.ILazySubEntity`1[[iCore.Common.Entities.ITimerEvent, iCore.Common.Entities, Version=3.40.0.0, Culture=neutral, PublicKeyToken=fe44b4a6e7c933aa]]
iCore.Common.Entities.TimerEventPriority
iCore.Common.Entities.ILazyLoadedEntity`1[[iCore.Common.Entities.ITimerEvent, iCore.Common.Entities, Version=3.40.0.0, Culture=neutral, PublicKeyToken=fe44b4a6e7c933aa]][]
System.Int32[]
iCore.SAS.Interfaces.WeekDay
iCore.SAS.Interfaces.WeekDay[]
System.Collections.Generic.IEnumerable`1[[iCore.Common.Entities.EntityKey, iCore.Common.Entities, Version=3.40.0.0, Culture=neutral, PublicKeyToken=fe44b4a6e7c933aa]]
iCore.Common.Entities.ISettingAttributeGroupType
iCore.Common.Entities.ISettingAttributeGroupType
iCore.Common.Entities.ILazyLoadedEntity`1[[iCore.Common.Entities.ISettingAttributeType, iCore.Common.Entities, Version=3.40.0.0, Culture=neutral, PublicKeyToken=fe44b4a6e7c933aa]]
iCore.Common.Entities.ISettingAttributeType
iCore.Common.Entities.ISettingAttributeGroupType
iCore.SAS.Administration.ILazySubEntity`1[[iCore.Common.Entities.ISettingAttributeType, iCore.Common.Entities, Version=3.40.0.0, Culture=neutral, PublicKeyToken=fe44b4a6e7c933aa]]
iCore.Common.Entities.ILazyLoadedEntity`1[[iCore.Common.Entities.ISettingAttributeType, iCore.Common.Entities, Version=3.40.0.0, Culture=neutral, PublicKeyToken=fe44b4a6e7c933aa]][]
System.Collections.Generic.IEnumerable`1[[iCore.Common.Entities.EntityKey, iCore.Common.Entities, Version=3.40.0.0, Culture=neutral, PublicKeyToken=fe44b4a6e7c933aa]]
iCore.Common.Entities.ISetting
iCore.Common.Entities.ISetting
iCore.Common.Entities.ILazyLoadedEntity`1[[iCore.Common.Entities.ISettingIdentity, iCore.Common.Entities, Version=3.40.0.0, Culture=neutral, PublicKeyToken=fe44b4a6e7c933aa]]
iCore.Common.Entities.ISettingIdentity
iCore.Common.Entities.ILazyLoadedEntity`1[[iCore.Common.Entities.ISettingIdentity, iCore.Common.Entities, Version=3.40.0.0, Culture=neutral, PublicKeyToken=fe44b4a6e7c933aa]][]
iCore.Common.Entities.ILazyLoadedEntity`1[[iCore.Common.Entities.ISettingAttributeGroupInstance, iCore.Common.Entities, Version=3.40.0.0, Culture=neutral, PublicKeyToken=fe44b4a6e7c933aa]]
iCore.Common.Entities.ISettingAttributeGroupInstance
iCore.Common.Entities.ILazyLoadedEntity`1[[iCore.Common.Entities.ISettingAttributeValue, iCore.Common.Entities, Version=3.40.0.0, Culture=neutral, PublicKeyToken=fe44b4a6e7c933aa]]
iCore.Common.Entities.ILazyLoadedEntity`1[[iCore.Common.Entities.ISettingAttributeValue, iCore.Common.Entities, Version=3.40.0.0, Culture=neutral, PublicKeyToken=fe44b4a6e7c933aa]][]
iCore.Common.Entities.ISetting
iCore.Common.Entities.ILazyLoadedEntity`1[[iCore.Common.Entities.ISettingAttributeGroupType, iCore.Common.Entities, Version=3.40.0.0, Culture=neutral, PublicKeyToken=fe44b4a6e7c933aa]]
iCore.Common.Entities.ILazyLoadedEntity`1[[iCore.Common.Entities.ISettingAttributeGroupInstance, iCore.Common.Entities, Version=3.40.0.0, Culture=neutral, PublicKeyToken=fe44b4a6e7c933aa]][]
System.String
iCore.SAS.Administration.ILazySubEntity`1[[iCore.Common.Entities.ISettingAttributeGroupInstance, iCore.Common.Entities, Version=3.40.0.0, Culture=neutral, PublicKeyToken=fe44b4a6e7c933aa]]
System.Collections.Generic.IEnumerable`1[[iCore.Common.Entities.EntityKey, iCore.Common.Entities, Version=3.40.0.0, Culture=neutral, PublicKeyToken=fe44b4a6e7c933aa]]
iCore.Common.Entities.ISettingAttributeValue
iCore.Common.Entities.ISetting
iCore.SAS.Administration.ILazySubEntity`1[[iCore.Common.Entities.ISettingAttributeGroupInstance, iCore.Common.Entities, Version=3.40.0.0, Culture=neutral, PublicKeyToken=fe44b4a6e7c933aa]]
iCore.SAS.Administration.ILazySubEntity`1[[iCore.Common.Entities.ISettingAttributeValue, iCore.Common.Entities, Version=3.40.0.0, Culture=neutral, PublicKeyToken=fe44b4a6e7c933aa]]
iCore.Common.Entities.IWebServiceDefinition
iCore.Common.Entities.IWebServiceDefinition
iCore.Common.Entities.ILazyKeyedCollection`2[[System.String, mscorlib, Version=4.0.0.0, Culture=neutral, PublicKeyToken=b77a5c561934e089],[iCore.Common.Entities.WebServiceActivityTypeInfo, iCore.Common.Entities, Version=3.40.0.0, Culture=neutral, PublicKeyToken=fe44b4a6e7c933aa]]
iCore.Common.Entities.WebServiceActivityTypeInfo
iCore.Common.Entities.ILazyKeyedCollection`2[[System.String, mscorlib, Version=4.0.0.0, Culture=neutral, PublicKeyToken=b77a5c561934e089],[iCore.Common.Entities.CategorizedNamedItem, iCore.Common.Entities, Version=3.40.0.0, Culture=neutral, PublicKeyToken=fe44b4a6e7c933aa]]
iCore.Common.Entities.CategorizedNamedItem
iCore.Common.Entities.ILazyKeyedCollection`2[[System.String, mscorlib, Version=4.0.0.0, Culture=neutral, PublicKeyToken=b77a5c561934e089],[iCore.Common.Entities.WebServiceAssemblyInfo, iCore.Common.Entities, Version=3.40.0.0, Culture=neutral, PublicKeyToken=fe44b4a6e7c933aa]]
iCore.Common.Entities.WebServiceAssemblyInfo
iCore.Common.Entities.ILazyKeyedCollection`2[[System.String, mscorlib, Version=4.0.0.0, Culture=neutral, PublicKeyToken=b77a5c561934e089],[iCore.Common.Entities.WebServiceSchemaInfo, iCore.Common.Entities, Version=3.40.0.0, Culture=neutral, PublicKeyToken=fe44b4a6e7c933aa]]
iCore.Common.Entities.WebServiceSchemaInfo
iCore.Common.Entities.SchemaType[]
iCore.Common.Entities.SchemaType
System.Uri
System.Version
iCore.Common.Entities.WebServiceGenerationOptions
iCore.Common.Entities.ICrossReferenceTable
iCore.Common.Entities.ICrossReferenceTable
iCore.Common.Entities.ILazyLoadedEntity`1[[iCore.Common.Entities.ICrossReferenceEntry, iCore.Common.Entities, Version=3.40.0.0, Culture=neutral, PublicKeyToken=fe44b4a6e7c933aa]]
iCore.Common.Entities.ICrossReferenceEntry
iCore.Common.Entities.ICrossReferenceTable
iCore.SAS.Administration.ILazySubEntity`1[[iCore.Common.Entities.ICrossReferenceEntry, iCore.Common.Entities, Version=3.40.0.0, Culture=neutral, PublicKeyToken=fe44b4a6e7c933aa]]
iCore.Common.Entities.ILazyLoadedEntity`1[[iCore.Common.Entities.ICrossReferenceEntry, iCore.Common.Entities, Version=3.40.0.0, Culture=neutral, PublicKeyToken=fe44b4a6e7c933aa]][]
System.Collections.Generic.IEnumerable`1[[iCore.Common.Entities.EntityKey, iCore.Common.Entities, Version=3.40.0.0, Culture=neutral, PublicKeyToken=fe44b4a6e7c933aa]]
iCore.Common.Entities.ICounter
iCore.Common.Entities.ICounter
iCore.Common.Entities.CounterCheckType
iCore.Common.Entities.AppendDateTimePosition
iCore.Common.Entities.IEntityFilter
iCore.Common.Entities.IEntityFilter
iCore.Common.Entities.ICompositeEntity
iCore.Common.Entities.CorrelatedActive
iCore.Common.IconEntity
iCore.Common.Entities.IServer
iCore.Common.Entities.ISystemQueue
iCore.Management.Monitoring.FailoverServerPartState
iCore.Public.Types.ServerPartType
iCore.Management.Monitoring.ServerPartStatus
System.Nullable`1[[System.Int64, mscorlib, Version=4.0.0.0, Culture=neutral, PublicKeyToken=b77a5c561934e089]]
iCore.Management.Monitoring.EventListenerState
iCore.Management.Monitoring.EventListenerStatistics
iCore.Management.Monitoring.TimeOfLastOperationTrackingStatisticsCounter
iCore.Management.Monitoring.EventProcessorState
iCore.Management.Monitoring.EventProcessorStatistics
iCore.Management.Monitoring.JobManagerState
iCore.Management.Monitoring.JobManagerStatistics
iCore.Management.Monitoring.StatisticsCounter
iCore.Management.Monitoring.EventGeneratorState+TimerDetails
iCore.Management.Monitoring.TimerType
iCore.Management.Monitoring.EventGeneratorState
iCore.Management.Monitoring.EventGeneratorState+TimerDetails[]
iCore.Management.Monitoring.DetailedServerPartState
iCore.SAS.Administration.Models.ServerStatusModel
iCore.SAS.Administration.Models.ServerPartDataModel
iCore.SAS.Administration.Models.ServerPartDataModel[]
iCore.Management.Monitoring.ServiceStatus
iCore.Management.Monitoring.SystemEventProcessorState
iCore.Management.Monitoring.SystemEventProcessorStatistics
iCore.Management.Monitoring.WorkerHostProcessBaseInfo
System.Int64[]
iCore.Management.Monitoring.WorkerHostProcessBaseInfo[]
iCore.Management.Monitoring.SystemMonitorServerConnectionInfo
iCore.Management.Monitoring.ServerConnectionStatus
iCore.Management.Monitoring.SystemMonitorServerInfo
iCore.Management.Monitoring.SystemMonitorServerPartInfo[]
iCore.Management.Monitoring.SystemMonitorServerPartInfo
iCore.Management.Monitoring.WorkerHostProcessInfo
iCore.Management.Monitoring.WorkerHostStatistics
iCore.SAS.Administration.Models.SystemMonitorDataModel
iCore.SAS.Administration.Models.ServerStatusModel[]
iCore.SAS.Administration.Models.ServerPartDataModel
iCore.SAS.Administration.Models.SystemEventProcessorDataModel
iCore.SAS.Administration.Models.SystemEventProcessDataModel
iCore.SAS.Administration.Models.SystemEventProcessDataModel[]
iCore.SAS.Administration.Models.WorkerHostManagerDataModel
iCore.SAS.Administration.Models.WorkerHostManagerProcessDataModel
System.Double
iCore.SAS.Administration.Models.WorkerHostManagerProcessDataModel[]
iCore.SAS.Administration.Models.WorkerHostManagerJobDataModel
iCore.SAS.Administration.Models.WorkerHostManagerJobDataModel[]
iCore.SAS.Administration.Models.EventGeneratorDataModel
iCore.SAS.Administration.Models.TimerDetailsDataModel
iCore.SAS.Administration.Models.TimerDetailsDataModel[]
iCore.SAS.Administration.Models.ServerMonitorDataModel
iCore.SAS.Administration.Models.SerializableServerDataModel
iCore.SAS.Administration.Models.SerializableServerDataModel[]
iCore.SAS.Administration.Models.EventListenerDataModel
iCore.SAS.Administration.Models.JobManagerDataModel
iCore.SAS.Administration.Models.EventProcessorDataModel
System.Char
System.Guid
System.String
System.Boolean
System.Collections.Generic.IEnumerable`1[[iCore.Common.Entities.EntityKey, iCore.Common.Entities, Version=3.40.0.0, Culture=neutral, PublicKeyToken=fe44b4a6e7c933aa]]</StdOut>
      </Output>
    </UnitTestResult>
    <UnitTestResult executionId="a4369e6d-cc4d-4564-8638-9016f8c73e43" testId="d932bf3a-55ad-b0e0-b8d6-5da2df5d3afc" testName="GetWebServiceDefinitonData_SingleAssemblyRequested_ReturnsCorrectData" computerName="ICSWS068" duration="00:00:00.3653817" startTime="2016-08-04T09:59:33.6023312+02:00" endTime="2016-08-04T09:59:33.9698813+02:00" testType="13cdc9d9-ddb5-4fa4-a97d-d965ccfc6d4b" outcome="Passed" testListId="8c84fa94-04c1-424b-9868-57a2d4851a1d" relativeResultsDirectory="a4369e6d-cc4d-4564-8638-9016f8c73e43">
      <Output>
        <StdOut>Debug Trace:
iCore.Common.Entities.IEntity
iCore.Common.Entities.EntityKey
iCore.Common.Entities.EntityTypeId
iCore.Common.Entities.IComponentDefinition
System.String
System.DateTime
iCore.Common.Entities.IEventHistory
iCore.Common.Entities.ILazyLoadedEntity`1[[iCore.Common.Entities.IJob, iCore.Common.Entities, Version=3.40.0.0, Culture=neutral, PublicKeyToken=fe44b4a6e7c933aa]]
iCore.Common.Entities.IJob
iCore.Common.Entities.EntityKey
iCore.Common.Entities.EArgument
System.Boolean
System.Int64
iCore.Common.Entities.EventState
iCore.Common.Entities.EventReason
iCore.Common.Entities.EArgument[]
iCore.Common.Entities.ILazyLoadedEntity`1[[iCore.Common.Entities.IComponentConfiguration, iCore.Common.Entities, Version=3.40.0.0, Culture=neutral, PublicKeyToken=fe44b4a6e7c933aa]]
iCore.Common.Entities.IComponentConfiguration
iCore.Common.Entities.ILazyLoadedEntity`1[[iCore.Common.Entities.ICategoryMembership, iCore.Common.Entities, Version=3.40.0.0, Culture=neutral, PublicKeyToken=fe44b4a6e7c933aa]][]
iCore.Common.Entities.ILazyLoadedEntity`1[[iCore.Common.Entities.ICategoryMembership, iCore.Common.Entities, Version=3.40.0.0, Culture=neutral, PublicKeyToken=fe44b4a6e7c933aa]]
iCore.Common.Entities.ICategoryMembership
iCore.Common.Entities.ICategory
iCore.Common.Entities.ICategory
iCore.Common.Entities.ILazyLoadedEntity`1[[iCore.Common.Entities.ICategory, iCore.Common.Entities, Version=3.40.0.0, Culture=neutral, PublicKeyToken=fe44b4a6e7c933aa]]
System.Nullable`1[[System.Guid, mscorlib, Version=4.0.0.0, Culture=neutral, PublicKeyToken=b77a5c561934e089]]
System.TimeSpan
System.Guid
iCore.Common.Entities.IComponentConfiguration
iCore.Common.Entities.ILazyLoadedEntity`1[[iCore.Common.Entities.IApplicationPool, iCore.Common.Entities, Version=3.40.0.0, Culture=neutral, PublicKeyToken=fe44b4a6e7c933aa]]
iCore.Common.Entities.IApplicationPool
iCore.Common.Entities.IApplicationPool
iCore.Common.Entities.ILazyLoadedEntity`1[[iCore.Common.Entities.IServer, iCore.Common.Entities, Version=3.40.0.0, Culture=neutral, PublicKeyToken=fe44b4a6e7c933aa]]
iCore.Common.Entities.IServer
iCore.Common.Entities.ServerStartupSpecialTask
System.Nullable`1[[System.UInt16, mscorlib, Version=4.0.0.0, Culture=neutral, PublicKeyToken=b77a5c561934e089]]
System.UInt16
System.Int16
iCore.Common.Entities.IUser
iCore.Common.Entities.IUserGroup
iCore.Common.Entities.UserDisplayOptions
iCore.Common.Entities.MainTreeDisplayOptions
iCore.Common.Entities.NodeContent
iCore.Common.Entities.ILazyLoadedEntity`1[[iCore.Common.Entities.IUserGroup, iCore.Common.Entities, Version=3.40.0.0, Culture=neutral, PublicKeyToken=fe44b4a6e7c933aa]]
iCore.Common.Entities.ViewMode
iCore.Common.Entities.ILazyLoadedEntity`1[[iCore.Common.Entities.IUser, iCore.Common.Entities, Version=3.40.0.0, Culture=neutral, PublicKeyToken=fe44b4a6e7c933aa]]
iCore.Common.Entities.ILazyLoadedEntity`1[[iCore.Common.Entities.IApplicationPoolImplementation, iCore.Common.Entities, Version=3.40.0.0, Culture=neutral, PublicKeyToken=fe44b4a6e7c933aa]][]
iCore.Common.Entities.ILazyLoadedEntity`1[[iCore.Common.Entities.IApplicationPoolImplementation, iCore.Common.Entities, Version=3.40.0.0, Culture=neutral, PublicKeyToken=fe44b4a6e7c933aa]]
iCore.Common.Entities.IApplicationPoolImplementation
iCore.SAS.Administration.ILazySubEntity`1[[iCore.Common.Entities.IApplicationPoolImplementation, iCore.Common.Entities, Version=3.40.0.0, Culture=neutral, PublicKeyToken=fe44b4a6e7c933aa]]
iCore.Common.Entities.IServer
iCore.Common.Entities.ILazyLoadedEntity`1[[iCore.Common.Entities.INode, iCore.Common.Entities, Version=3.40.0.0, Culture=neutral, PublicKeyToken=fe44b4a6e7c933aa]]
iCore.Common.Entities.INode
iCore.Common.Entities.INode
System.String
iCore.Common.Entities.ILazyLoadedEntity`1[[iCore.Common.Entities.INodeAttributeValue, iCore.Common.Entities, Version=3.40.0.0, Culture=neutral, PublicKeyToken=fe44b4a6e7c933aa]][]
iCore.Common.Entities.ILazyLoadedEntity`1[[iCore.Common.Entities.INodeAttributeValue, iCore.Common.Entities, Version=3.40.0.0, Culture=neutral, PublicKeyToken=fe44b4a6e7c933aa]]
iCore.Common.Entities.INodeAttributeValue
iCore.SAS.Administration.ILazySubEntity`1[[iCore.Common.Entities.INodeAttributeValue, iCore.Common.Entities, Version=3.40.0.0, Culture=neutral, PublicKeyToken=fe44b4a6e7c933aa]]
System.Object
iCore.Public.Types.ScriptVarType
iCore.Common.Entities.INodeAttributeType
iCore.Common.Entities.INodeAttributeType
iCore.Common.Entities.INode
iCore.Common.Entities.ILazyLoadedEntity`1[[iCore.Common.Entities.INodeAttributeType, iCore.Common.Entities, Version=3.40.0.0, Culture=neutral, PublicKeyToken=fe44b4a6e7c933aa]]
iCore.Common.Entities.IPartner
System.String
iCore.Common.Entities.IEntityImage
iCore.Common.Entities.SizedEntityImage[]
iCore.Common.Entities.SizedEntityImage
System.Drawing.Size
iCore.Common.Entities.ILazyLoadedEntity`1[[iCore.Common.Entities.IPartnerAttributeGroupInstance, iCore.Common.Entities, Version=3.40.0.0, Culture=neutral, PublicKeyToken=fe44b4a6e7c933aa]][]
iCore.Common.Entities.ILazyLoadedEntity`1[[iCore.Common.Entities.IPartnerAttributeGroupInstance, iCore.Common.Entities, Version=3.40.0.0, Culture=neutral, PublicKeyToken=fe44b4a6e7c933aa]]
iCore.Common.Entities.IPartnerAttributeGroupInstance
iCore.Common.Entities.IPartnerAttributeGroupType
iCore.Common.Entities.IPartnerAttributeGroupType
iCore.Common.Entities.ILazyLoadedEntity`1[[iCore.Common.Entities.IPartnerAttributeValue, iCore.Common.Entities, Version=3.40.0.0, Culture=neutral, PublicKeyToken=fe44b4a6e7c933aa]]
iCore.Common.Entities.IPartnerAttributeValue
iCore.SAS.Administration.ILazySubEntity`1[[iCore.Common.Entities.IPartnerAttributeValue, iCore.Common.Entities, Version=3.40.0.0, Culture=neutral, PublicKeyToken=fe44b4a6e7c933aa]]
iCore.Common.Entities.ILazyLoadedEntity`1[[iCore.Common.Entities.IPartnerAttributeValue, iCore.Common.Entities, Version=3.40.0.0, Culture=neutral, PublicKeyToken=fe44b4a6e7c933aa]][]
iCore.SAS.Administration.ILazySubEntity`1[[iCore.Common.Entities.IPartnerAttributeGroupInstance, iCore.Common.Entities, Version=3.40.0.0, Culture=neutral, PublicKeyToken=fe44b4a6e7c933aa]]
iCore.Common.Entities.ILazyLoadedEntity`1[[iCore.Common.Entities.IPartnerAttributeGroupType, iCore.Common.Entities, Version=3.40.0.0, Culture=neutral, PublicKeyToken=fe44b4a6e7c933aa]]
iCore.Common.Entities.ILazyLoadedEntity`1[[iCore.Common.Entities.IPartnerIdentity, iCore.Common.Entities, Version=3.40.0.0, Culture=neutral, PublicKeyToken=fe44b4a6e7c933aa]][]
iCore.Common.Entities.ILazyLoadedEntity`1[[iCore.Common.Entities.IPartnerIdentity, iCore.Common.Entities, Version=3.40.0.0, Culture=neutral, PublicKeyToken=fe44b4a6e7c933aa]]
iCore.Common.Entities.IPartnerIdentity
iCore.Common.Entities.IPartner
iCore.Common.Entities.ILazyLoadedEntity`1[[iCore.Common.Entities.IPartner, iCore.Common.Entities, Version=3.40.0.0, Culture=neutral, PublicKeyToken=fe44b4a6e7c933aa]]
iCore.Common.Entities.INodeTypeVersion
iCore.Common.Entities.INodeTypeVersion
iCore.Common.Entities.INodeType
iCore.Common.Entities.INodeTypeStyleSheet
iCore.Common.Entities.INodeType
iCore.Common.Entities.ILazyLoadedEntity`1[[iCore.Common.Entities.INodeTypeVersion, iCore.Common.Entities, Version=3.40.0.0, Culture=neutral, PublicKeyToken=fe44b4a6e7c933aa]]
iCore.Common.Entities.IEventType
iCore.Common.Entities.SelectionRule
iCore.Common.Entities.EventTypes
iCore.Common.Entities.EventTrackingCleanupRole
iCore.Common.Entities.IEventType
iCore.Common.Entities.ILazyLoadedEntity`1[[iCore.Common.Entities.INodeType, iCore.Common.Entities, Version=3.40.0.0, Culture=neutral, PublicKeyToken=fe44b4a6e7c933aa]]
iCore.Common.Entities.ILazyLoadedEntity`1[[iCore.Common.Entities.IEvent, iCore.Common.Entities, Version=3.40.0.0, Culture=neutral, PublicKeyToken=fe44b4a6e7c933aa]]
iCore.Common.Entities.IEvent
iCore.Common.Entities.MatchedStatus
iCore.Common.Entities.EventSourceType
iCore.Common.Entities.ILazyLoadedEntity`1[[iCore.Common.Entities.IEventType, iCore.Common.Entities, Version=3.40.0.0, Culture=neutral, PublicKeyToken=fe44b4a6e7c933aa]]
iCore.Common.Entities.ILazyLoadedEntity`1[[iCore.Common.Entities.IEventHandler, iCore.Common.Entities, Version=3.40.0.0, Culture=neutral, PublicKeyToken=fe44b4a6e7c933aa]]
iCore.Common.Entities.IEventHandler
iCore.Common.Entities.EventHandlerStatus
iCore.Common.Entities.IEventHandler
iCore.Common.Entities.ILazyLoadedEntity`1[[iCore.Common.Entities.IComponentDefinition, iCore.Common.Entities, Version=3.40.0.0, Culture=neutral, PublicKeyToken=fe44b4a6e7c933aa]]
System.Nullable`1[[System.DateTime, mscorlib, Version=4.0.0.0, Culture=neutral, PublicKeyToken=b77a5c561934e089]]
iCore.Common.Entities.JobState
iCore.Common.Entities.JobHistoryReason
iCore.Common.Entities.JobType
System.Byte
System.Int32
iCore.Public.Types.JobLifetime
iCore.Common.Entities.EntityKey[]
System.Collections.Generic.IEnumerable`1[[iCore.Common.Entities.EntityKey, iCore.Common.Entities, Version=3.40.0.0, Culture=neutral, PublicKeyToken=fe44b4a6e7c933aa]]
iCore.Common.Entities.ILazyLoadedEntity`1[[iCore.Common.Entities.IPartnerAttributeType, iCore.Common.Entities, Version=3.40.0.0, Culture=neutral, PublicKeyToken=fe44b4a6e7c933aa]]
iCore.Common.Entities.IPartnerAttributeType
System.Collections.Generic.IEnumerable`1[[iCore.Common.Entities.EntityKey, iCore.Common.Entities, Version=3.40.0.0, Culture=neutral, PublicKeyToken=fe44b4a6e7c933aa]]
iCore.Common.Entities.IPartnerAttributeGroupType
iCore.SAS.Administration.ILazySubEntity`1[[iCore.Common.Entities.IPartnerAttributeType, iCore.Common.Entities, Version=3.40.0.0, Culture=neutral, PublicKeyToken=fe44b4a6e7c933aa]]
iCore.Common.Entities.ILazyLoadedEntity`1[[iCore.Common.Entities.IPartnerAttributeType, iCore.Common.Entities, Version=3.40.0.0, Culture=neutral, PublicKeyToken=fe44b4a6e7c933aa]][]
iCore.Common.Entities.INode
iCore.Common.Entities.IEvent
iCore.Common.Entities.IJob
iCore.Common.Entities.ILogEntry
iCore.Public.Types.LogLevel
iCore.Common.LogMessageTypeID
iCore.Common.Entities.IWorkflow
System.Collections.Generic.IEnumerable`1[[iCore.Common.Entities.EntityKey, iCore.Common.Entities, Version=3.40.0.0, Culture=neutral, PublicKeyToken=fe44b4a6e7c933aa]]
iCore.Common.Entities.WorkflowClassification
iCore.Common.Entities.IWorkflow
iCore.Common.Entities.IAdapterFlow
iCore.Common.Entities.IAdapterFlow
iCore.Common.Types.LogLevelFilter
iCore.Common.Types.EntryPointNameValue
iCore.Common.Entities.IScript
iCore.Common.Entities.IScript
iCore.Common.Entities.ITimer
iCore.Common.Entities.ITimer
iCore.Common.Types.TimerFrequency
iCore.Common.Types.TimerInterval+TimerIntervalType
iCore.Common.Entities.ILazyLoadedEntity`1[[iCore.Common.Entities.ITimerEvent, iCore.Common.Entities, Version=3.40.0.0, Culture=neutral, PublicKeyToken=fe44b4a6e7c933aa]]
iCore.Common.Entities.ITimerEvent
iCore.Common.Entities.ITimer
iCore.SAS.Administration.ILazySubEntity`1[[iCore.Common.Entities.ITimerEvent, iCore.Common.Entities, Version=3.40.0.0, Culture=neutral, PublicKeyToken=fe44b4a6e7c933aa]]
iCore.Common.Entities.TimerEventPriority
iCore.Common.Entities.ILazyLoadedEntity`1[[iCore.Common.Entities.ITimerEvent, iCore.Common.Entities, Version=3.40.0.0, Culture=neutral, PublicKeyToken=fe44b4a6e7c933aa]][]
System.Int32[]
iCore.SAS.Interfaces.WeekDay
iCore.SAS.Interfaces.WeekDay[]
System.Collections.Generic.IEnumerable`1[[iCore.Common.Entities.EntityKey, iCore.Common.Entities, Version=3.40.0.0, Culture=neutral, PublicKeyToken=fe44b4a6e7c933aa]]
iCore.Common.Entities.ISettingAttributeGroupType
iCore.Common.Entities.ISettingAttributeGroupType
iCore.Common.Entities.ILazyLoadedEntity`1[[iCore.Common.Entities.ISettingAttributeType, iCore.Common.Entities, Version=3.40.0.0, Culture=neutral, PublicKeyToken=fe44b4a6e7c933aa]]
iCore.Common.Entities.ISettingAttributeType
iCore.Common.Entities.ISettingAttributeGroupType
iCore.SAS.Administration.ILazySubEntity`1[[iCore.Common.Entities.ISettingAttributeType, iCore.Common.Entities, Version=3.40.0.0, Culture=neutral, PublicKeyToken=fe44b4a6e7c933aa]]
iCore.Common.Entities.ILazyLoadedEntity`1[[iCore.Common.Entities.ISettingAttributeType, iCore.Common.Entities, Version=3.40.0.0, Culture=neutral, PublicKeyToken=fe44b4a6e7c933aa]][]
System.Collections.Generic.IEnumerable`1[[iCore.Common.Entities.EntityKey, iCore.Common.Entities, Version=3.40.0.0, Culture=neutral, PublicKeyToken=fe44b4a6e7c933aa]]
iCore.Common.Entities.ISetting
iCore.Common.Entities.ISetting
iCore.Common.Entities.ILazyLoadedEntity`1[[iCore.Common.Entities.ISettingIdentity, iCore.Common.Entities, Version=3.40.0.0, Culture=neutral, PublicKeyToken=fe44b4a6e7c933aa]]
iCore.Common.Entities.ISettingIdentity
iCore.Common.Entities.ILazyLoadedEntity`1[[iCore.Common.Entities.ISettingIdentity, iCore.Common.Entities, Version=3.40.0.0, Culture=neutral, PublicKeyToken=fe44b4a6e7c933aa]][]
iCore.Common.Entities.ILazyLoadedEntity`1[[iCore.Common.Entities.ISettingAttributeGroupInstance, iCore.Common.Entities, Version=3.40.0.0, Culture=neutral, PublicKeyToken=fe44b4a6e7c933aa]]
iCore.Common.Entities.ISettingAttributeGroupInstance
iCore.Common.Entities.ILazyLoadedEntity`1[[iCore.Common.Entities.ISettingAttributeValue, iCore.Common.Entities, Version=3.40.0.0, Culture=neutral, PublicKeyToken=fe44b4a6e7c933aa]]
iCore.Common.Entities.ILazyLoadedEntity`1[[iCore.Common.Entities.ISettingAttributeValue, iCore.Common.Entities, Version=3.40.0.0, Culture=neutral, PublicKeyToken=fe44b4a6e7c933aa]][]
iCore.Common.Entities.ISetting
iCore.Common.Entities.ILazyLoadedEntity`1[[iCore.Common.Entities.ISettingAttributeGroupType, iCore.Common.Entities, Version=3.40.0.0, Culture=neutral, PublicKeyToken=fe44b4a6e7c933aa]]
iCore.Common.Entities.ILazyLoadedEntity`1[[iCore.Common.Entities.ISettingAttributeGroupInstance, iCore.Common.Entities, Version=3.40.0.0, Culture=neutral, PublicKeyToken=fe44b4a6e7c933aa]][]
System.String
iCore.SAS.Administration.ILazySubEntity`1[[iCore.Common.Entities.ISettingAttributeGroupInstance, iCore.Common.Entities, Version=3.40.0.0, Culture=neutral, PublicKeyToken=fe44b4a6e7c933aa]]
System.Collections.Generic.IEnumerable`1[[iCore.Common.Entities.EntityKey, iCore.Common.Entities, Version=3.40.0.0, Culture=neutral, PublicKeyToken=fe44b4a6e7c933aa]]
iCore.Common.Entities.ISettingAttributeValue
iCore.Common.Entities.ISetting
iCore.SAS.Administration.ILazySubEntity`1[[iCore.Common.Entities.ISettingAttributeGroupInstance, iCore.Common.Entities, Version=3.40.0.0, Culture=neutral, PublicKeyToken=fe44b4a6e7c933aa]]
iCore.SAS.Administration.ILazySubEntity`1[[iCore.Common.Entities.ISettingAttributeValue, iCore.Common.Entities, Version=3.40.0.0, Culture=neutral, PublicKeyToken=fe44b4a6e7c933aa]]
iCore.Common.Entities.IWebServiceDefinition
iCore.Common.Entities.IWebServiceDefinition
iCore.Common.Entities.ILazyKeyedCollection`2[[System.String, mscorlib, Version=4.0.0.0, Culture=neutral, PublicKeyToken=b77a5c561934e089],[iCore.Common.Entities.WebServiceActivityTypeInfo, iCore.Common.Entities, Version=3.40.0.0, Culture=neutral, PublicKeyToken=fe44b4a6e7c933aa]]
iCore.Common.Entities.WebServiceActivityTypeInfo
iCore.Common.Entities.ILazyKeyedCollection`2[[System.String, mscorlib, Version=4.0.0.0, Culture=neutral, PublicKeyToken=b77a5c561934e089],[iCore.Common.Entities.CategorizedNamedItem, iCore.Common.Entities, Version=3.40.0.0, Culture=neutral, PublicKeyToken=fe44b4a6e7c933aa]]
iCore.Common.Entities.CategorizedNamedItem
iCore.Common.Entities.ILazyKeyedCollection`2[[System.String, mscorlib, Version=4.0.0.0, Culture=neutral, PublicKeyToken=b77a5c561934e089],[iCore.Common.Entities.WebServiceAssemblyInfo, iCore.Common.Entities, Version=3.40.0.0, Culture=neutral, PublicKeyToken=fe44b4a6e7c933aa]]
iCore.Common.Entities.WebServiceAssemblyInfo
iCore.Common.Entities.ILazyKeyedCollection`2[[System.String, mscorlib, Version=4.0.0.0, Culture=neutral, PublicKeyToken=b77a5c561934e089],[iCore.Common.Entities.WebServiceSchemaInfo, iCore.Common.Entities, Version=3.40.0.0, Culture=neutral, PublicKeyToken=fe44b4a6e7c933aa]]
iCore.Common.Entities.WebServiceSchemaInfo
iCore.Common.Entities.SchemaType[]
iCore.Common.Entities.SchemaType
System.Uri
System.Version
iCore.Common.Entities.WebServiceGenerationOptions
iCore.Common.Entities.ICrossReferenceTable
iCore.Common.Entities.ICrossReferenceTable
iCore.Common.Entities.ILazyLoadedEntity`1[[iCore.Common.Entities.ICrossReferenceEntry, iCore.Common.Entities, Version=3.40.0.0, Culture=neutral, PublicKeyToken=fe44b4a6e7c933aa]]
iCore.Common.Entities.ICrossReferenceEntry
iCore.Common.Entities.ICrossReferenceTable
iCore.SAS.Administration.ILazySubEntity`1[[iCore.Common.Entities.ICrossReferenceEntry, iCore.Common.Entities, Version=3.40.0.0, Culture=neutral, PublicKeyToken=fe44b4a6e7c933aa]]
iCore.Common.Entities.ILazyLoadedEntity`1[[iCore.Common.Entities.ICrossReferenceEntry, iCore.Common.Entities, Version=3.40.0.0, Culture=neutral, PublicKeyToken=fe44b4a6e7c933aa]][]
System.Collections.Generic.IEnumerable`1[[iCore.Common.Entities.EntityKey, iCore.Common.Entities, Version=3.40.0.0, Culture=neutral, PublicKeyToken=fe44b4a6e7c933aa]]
iCore.Common.Entities.ICounter
iCore.Common.Entities.ICounter
iCore.Common.Entities.CounterCheckType
iCore.Common.Entities.AppendDateTimePosition
iCore.Common.Entities.IEntityFilter
iCore.Common.Entities.IEntityFilter
iCore.Common.Entities.ICompositeEntity
iCore.Common.Entities.CorrelatedActive
iCore.Common.IconEntity
iCore.Common.Entities.IServer
iCore.Common.Entities.ISystemQueue
iCore.Management.Monitoring.FailoverServerPartState
iCore.Public.Types.ServerPartType
iCore.Management.Monitoring.ServerPartStatus
System.Nullable`1[[System.Int64, mscorlib, Version=4.0.0.0, Culture=neutral, PublicKeyToken=b77a5c561934e089]]
iCore.Management.Monitoring.EventListenerState
iCore.Management.Monitoring.EventListenerStatistics
iCore.Management.Monitoring.TimeOfLastOperationTrackingStatisticsCounter
iCore.Management.Monitoring.EventProcessorState
iCore.Management.Monitoring.EventProcessorStatistics
iCore.Management.Monitoring.JobManagerState
iCore.Management.Monitoring.JobManagerStatistics
iCore.Management.Monitoring.StatisticsCounter
iCore.Management.Monitoring.EventGeneratorState+TimerDetails
iCore.Management.Monitoring.TimerType
iCore.Management.Monitoring.EventGeneratorState
iCore.Management.Monitoring.EventGeneratorState+TimerDetails[]
iCore.Management.Monitoring.DetailedServerPartState
iCore.SAS.Administration.Models.ServerStatusModel
iCore.SAS.Administration.Models.ServerPartDataModel
iCore.SAS.Administration.Models.ServerPartDataModel[]
iCore.Management.Monitoring.ServiceStatus
iCore.Management.Monitoring.SystemEventProcessorState
iCore.Management.Monitoring.SystemEventProcessorStatistics
iCore.Management.Monitoring.WorkerHostProcessBaseInfo
System.Int64[]
iCore.Management.Monitoring.WorkerHostProcessBaseInfo[]
iCore.Management.Monitoring.SystemMonitorServerConnectionInfo
iCore.Management.Monitoring.ServerConnectionStatus
iCore.Management.Monitoring.SystemMonitorServerInfo
iCore.Management.Monitoring.SystemMonitorServerPartInfo[]
iCore.Management.Monitoring.SystemMonitorServerPartInfo
iCore.Management.Monitoring.WorkerHostProcessInfo
iCore.Management.Monitoring.WorkerHostStatistics
iCore.SAS.Administration.Models.SystemMonitorDataModel
iCore.SAS.Administration.Models.ServerStatusModel[]
iCore.SAS.Administration.Models.ServerPartDataModel
iCore.SAS.Administration.Models.SystemEventProcessorDataModel
iCore.SAS.Administration.Models.SystemEventProcessDataModel
iCore.SAS.Administration.Models.SystemEventProcessDataModel[]
iCore.SAS.Administration.Models.WorkerHostManagerDataModel
iCore.SAS.Administration.Models.WorkerHostManagerProcessDataModel
System.Double
iCore.SAS.Administration.Models.WorkerHostManagerProcessDataModel[]
iCore.SAS.Administration.Models.WorkerHostManagerJobDataModel
iCore.SAS.Administration.Models.WorkerHostManagerJobDataModel[]
iCore.SAS.Administration.Models.EventGeneratorDataModel
iCore.SAS.Administration.Models.TimerDetailsDataModel
iCore.SAS.Administration.Models.TimerDetailsDataModel[]
iCore.SAS.Administration.Models.ServerMonitorDataModel
iCore.SAS.Administration.Models.SerializableServerDataModel
iCore.SAS.Administration.Models.SerializableServerDataModel[]
iCore.SAS.Administration.Models.EventListenerDataModel
iCore.SAS.Administration.Models.JobManagerDataModel
iCore.SAS.Administration.Models.EventProcessorDataModel
System.Char
System.Guid
System.String
System.Boolean
System.Collections.Generic.IEnumerable`1[[iCore.Common.Entities.EntityKey, iCore.Common.Entities, Version=3.40.0.0, Culture=neutral, PublicKeyToken=fe44b4a6e7c933aa]]</StdOut>
      </Output>
    </UnitTestResult>
    <UnitTestResult executionId="cb105f9f-74bc-4e37-9a43-e270086e618b" testId="56bd0aa4-9d53-e997-7470-f2276bdf26ef" testName="GetWebServiceDefinitonData_MultipleAssembliesRequested_ReturnsZipArchive" computerName="ICSWS068" duration="00:00:00.2990102" startTime="2016-08-04T09:59:33.9728836+02:00" endTime="2016-08-04T09:59:34.2736799+02:00" testType="13cdc9d9-ddb5-4fa4-a97d-d965ccfc6d4b" outcome="Passed" testListId="8c84fa94-04c1-424b-9868-57a2d4851a1d" relativeResultsDirectory="cb105f9f-74bc-4e37-9a43-e270086e618b">
      <Output>
        <StdOut>Debug Trace:
iCore.Common.Entities.IEntity
iCore.Common.Entities.EntityKey
iCore.Common.Entities.EntityTypeId
iCore.Common.Entities.IComponentDefinition
System.String
System.DateTime
iCore.Common.Entities.IEventHistory
iCore.Common.Entities.ILazyLoadedEntity`1[[iCore.Common.Entities.IJob, iCore.Common.Entities, Version=3.40.0.0, Culture=neutral, PublicKeyToken=fe44b4a6e7c933aa]]
iCore.Common.Entities.IJob
iCore.Common.Entities.EntityKey
iCore.Common.Entities.EArgument
System.Boolean
System.Int64
iCore.Common.Entities.EventState
iCore.Common.Entities.EventReason
iCore.Common.Entities.EArgument[]
iCore.Common.Entities.ILazyLoadedEntity`1[[iCore.Common.Entities.IComponentConfiguration, iCore.Common.Entities, Version=3.40.0.0, Culture=neutral, PublicKeyToken=fe44b4a6e7c933aa]]
iCore.Common.Entities.IComponentConfiguration
iCore.Common.Entities.ILazyLoadedEntity`1[[iCore.Common.Entities.ICategoryMembership, iCore.Common.Entities, Version=3.40.0.0, Culture=neutral, PublicKeyToken=fe44b4a6e7c933aa]][]
iCore.Common.Entities.ILazyLoadedEntity`1[[iCore.Common.Entities.ICategoryMembership, iCore.Common.Entities, Version=3.40.0.0, Culture=neutral, PublicKeyToken=fe44b4a6e7c933aa]]
iCore.Common.Entities.ICategoryMembership
iCore.Common.Entities.ICategory
iCore.Common.Entities.ICategory
iCore.Common.Entities.ILazyLoadedEntity`1[[iCore.Common.Entities.ICategory, iCore.Common.Entities, Version=3.40.0.0, Culture=neutral, PublicKeyToken=fe44b4a6e7c933aa]]
System.Nullable`1[[System.Guid, mscorlib, Version=4.0.0.0, Culture=neutral, PublicKeyToken=b77a5c561934e089]]
System.TimeSpan
System.Guid
iCore.Common.Entities.IComponentConfiguration
iCore.Common.Entities.ILazyLoadedEntity`1[[iCore.Common.Entities.IApplicationPool, iCore.Common.Entities, Version=3.40.0.0, Culture=neutral, PublicKeyToken=fe44b4a6e7c933aa]]
iCore.Common.Entities.IApplicationPool
iCore.Common.Entities.IApplicationPool
iCore.Common.Entities.ILazyLoadedEntity`1[[iCore.Common.Entities.IServer, iCore.Common.Entities, Version=3.40.0.0, Culture=neutral, PublicKeyToken=fe44b4a6e7c933aa]]
iCore.Common.Entities.IServer
iCore.Common.Entities.ServerStartupSpecialTask
System.Nullable`1[[System.UInt16, mscorlib, Version=4.0.0.0, Culture=neutral, PublicKeyToken=b77a5c561934e089]]
System.UInt16
System.Int16
iCore.Common.Entities.IUser
iCore.Common.Entities.IUserGroup
iCore.Common.Entities.UserDisplayOptions
iCore.Common.Entities.MainTreeDisplayOptions
iCore.Common.Entities.NodeContent
iCore.Common.Entities.ILazyLoadedEntity`1[[iCore.Common.Entities.IUserGroup, iCore.Common.Entities, Version=3.40.0.0, Culture=neutral, PublicKeyToken=fe44b4a6e7c933aa]]
iCore.Common.Entities.ViewMode
iCore.Common.Entities.ILazyLoadedEntity`1[[iCore.Common.Entities.IUser, iCore.Common.Entities, Version=3.40.0.0, Culture=neutral, PublicKeyToken=fe44b4a6e7c933aa]]
iCore.Common.Entities.ILazyLoadedEntity`1[[iCore.Common.Entities.IApplicationPoolImplementation, iCore.Common.Entities, Version=3.40.0.0, Culture=neutral, PublicKeyToken=fe44b4a6e7c933aa]][]
iCore.Common.Entities.ILazyLoadedEntity`1[[iCore.Common.Entities.IApplicationPoolImplementation, iCore.Common.Entities, Version=3.40.0.0, Culture=neutral, PublicKeyToken=fe44b4a6e7c933aa]]
iCore.Common.Entities.IApplicationPoolImplementation
iCore.SAS.Administration.ILazySubEntity`1[[iCore.Common.Entities.IApplicationPoolImplementation, iCore.Common.Entities, Version=3.40.0.0, Culture=neutral, PublicKeyToken=fe44b4a6e7c933aa]]
iCore.Common.Entities.IServer
iCore.Common.Entities.ILazyLoadedEntity`1[[iCore.Common.Entities.INode, iCore.Common.Entities, Version=3.40.0.0, Culture=neutral, PublicKeyToken=fe44b4a6e7c933aa]]
iCore.Common.Entities.INode
iCore.Common.Entities.INode
System.String
iCore.Common.Entities.ILazyLoadedEntity`1[[iCore.Common.Entities.INodeAttributeValue, iCore.Common.Entities, Version=3.40.0.0, Culture=neutral, PublicKeyToken=fe44b4a6e7c933aa]][]
iCore.Common.Entities.ILazyLoadedEntity`1[[iCore.Common.Entities.INodeAttributeValue, iCore.Common.Entities, Version=3.40.0.0, Culture=neutral, PublicKeyToken=fe44b4a6e7c933aa]]
iCore.Common.Entities.INodeAttributeValue
iCore.SAS.Administration.ILazySubEntity`1[[iCore.Common.Entities.INodeAttributeValue, iCore.Common.Entities, Version=3.40.0.0, Culture=neutral, PublicKeyToken=fe44b4a6e7c933aa]]
System.Object
iCore.Public.Types.ScriptVarType
iCore.Common.Entities.INodeAttributeType
iCore.Common.Entities.INodeAttributeType
iCore.Common.Entities.INode
iCore.Common.Entities.ILazyLoadedEntity`1[[iCore.Common.Entities.INodeAttributeType, iCore.Common.Entities, Version=3.40.0.0, Culture=neutral, PublicKeyToken=fe44b4a6e7c933aa]]
iCore.Common.Entities.IPartner
System.String
iCore.Common.Entities.IEntityImage
iCore.Common.Entities.SizedEntityImage[]
iCore.Common.Entities.SizedEntityImage
System.Drawing.Size
iCore.Common.Entities.ILazyLoadedEntity`1[[iCore.Common.Entities.IPartnerAttributeGroupInstance, iCore.Common.Entities, Version=3.40.0.0, Culture=neutral, PublicKeyToken=fe44b4a6e7c933aa]][]
iCore.Common.Entities.ILazyLoadedEntity`1[[iCore.Common.Entities.IPartnerAttributeGroupInstance, iCore.Common.Entities, Version=3.40.0.0, Culture=neutral, PublicKeyToken=fe44b4a6e7c933aa]]
iCore.Common.Entities.IPartnerAttributeGroupInstance
iCore.Common.Entities.IPartnerAttributeGroupType
iCore.Common.Entities.IPartnerAttributeGroupType
iCore.Common.Entities.ILazyLoadedEntity`1[[iCore.Common.Entities.IPartnerAttributeValue, iCore.Common.Entities, Version=3.40.0.0, Culture=neutral, PublicKeyToken=fe44b4a6e7c933aa]]
iCore.Common.Entities.IPartnerAttributeValue
iCore.SAS.Administration.ILazySubEntity`1[[iCore.Common.Entities.IPartnerAttributeValue, iCore.Common.Entities, Version=3.40.0.0, Culture=neutral, PublicKeyToken=fe44b4a6e7c933aa]]
iCore.Common.Entities.ILazyLoadedEntity`1[[iCore.Common.Entities.IPartnerAttributeValue, iCore.Common.Entities, Version=3.40.0.0, Culture=neutral, PublicKeyToken=fe44b4a6e7c933aa]][]
iCore.SAS.Administration.ILazySubEntity`1[[iCore.Common.Entities.IPartnerAttributeGroupInstance, iCore.Common.Entities, Version=3.40.0.0, Culture=neutral, PublicKeyToken=fe44b4a6e7c933aa]]
iCore.Common.Entities.ILazyLoadedEntity`1[[iCore.Common.Entities.IPartnerAttributeGroupType, iCore.Common.Entities, Version=3.40.0.0, Culture=neutral, PublicKeyToken=fe44b4a6e7c933aa]]
iCore.Common.Entities.ILazyLoadedEntity`1[[iCore.Common.Entities.IPartnerIdentity, iCore.Common.Entities, Version=3.40.0.0, Culture=neutral, PublicKeyToken=fe44b4a6e7c933aa]][]
iCore.Common.Entities.ILazyLoadedEntity`1[[iCore.Common.Entities.IPartnerIdentity, iCore.Common.Entities, Version=3.40.0.0, Culture=neutral, PublicKeyToken=fe44b4a6e7c933aa]]
iCore.Common.Entities.IPartnerIdentity
iCore.Common.Entities.IPartner
iCore.Common.Entities.ILazyLoadedEntity`1[[iCore.Common.Entities.IPartner, iCore.Common.Entities, Version=3.40.0.0, Culture=neutral, PublicKeyToken=fe44b4a6e7c933aa]]
iCore.Common.Entities.INodeTypeVersion
iCore.Common.Entities.INodeTypeVersion
iCore.Common.Entities.INodeType
iCore.Common.Entities.INodeTypeStyleSheet
iCore.Common.Entities.INodeType
iCore.Common.Entities.ILazyLoadedEntity`1[[iCore.Common.Entities.INodeTypeVersion, iCore.Common.Entities, Version=3.40.0.0, Culture=neutral, PublicKeyToken=fe44b4a6e7c933aa]]
iCore.Common.Entities.IEventType
iCore.Common.Entities.SelectionRule
iCore.Common.Entities.EventTypes
iCore.Common.Entities.EventTrackingCleanupRole
iCore.Common.Entities.IEventType
iCore.Common.Entities.ILazyLoadedEntity`1[[iCore.Common.Entities.INodeType, iCore.Common.Entities, Version=3.40.0.0, Culture=neutral, PublicKeyToken=fe44b4a6e7c933aa]]
iCore.Common.Entities.ILazyLoadedEntity`1[[iCore.Common.Entities.IEvent, iCore.Common.Entities, Version=3.40.0.0, Culture=neutral, PublicKeyToken=fe44b4a6e7c933aa]]
iCore.Common.Entities.IEvent
iCore.Common.Entities.MatchedStatus
iCore.Common.Entities.EventSourceType
iCore.Common.Entities.ILazyLoadedEntity`1[[iCore.Common.Entities.IEventType, iCore.Common.Entities, Version=3.40.0.0, Culture=neutral, PublicKeyToken=fe44b4a6e7c933aa]]
iCore.Common.Entities.ILazyLoadedEntity`1[[iCore.Common.Entities.IEventHandler, iCore.Common.Entities, Version=3.40.0.0, Culture=neutral, PublicKeyToken=fe44b4a6e7c933aa]]
iCore.Common.Entities.IEventHandler
iCore.Common.Entities.EventHandlerStatus
iCore.Common.Entities.IEventHandler
iCore.Common.Entities.ILazyLoadedEntity`1[[iCore.Common.Entities.IComponentDefinition, iCore.Common.Entities, Version=3.40.0.0, Culture=neutral, PublicKeyToken=fe44b4a6e7c933aa]]
System.Nullable`1[[System.DateTime, mscorlib, Version=4.0.0.0, Culture=neutral, PublicKeyToken=b77a5c561934e089]]
iCore.Common.Entities.JobState
iCore.Common.Entities.JobHistoryReason
iCore.Common.Entities.JobType
System.Byte
System.Int32
iCore.Public.Types.JobLifetime
iCore.Common.Entities.EntityKey[]
System.Collections.Generic.IEnumerable`1[[iCore.Common.Entities.EntityKey, iCore.Common.Entities, Version=3.40.0.0, Culture=neutral, PublicKeyToken=fe44b4a6e7c933aa]]
iCore.Common.Entities.ILazyLoadedEntity`1[[iCore.Common.Entities.IPartnerAttributeType, iCore.Common.Entities, Version=3.40.0.0, Culture=neutral, PublicKeyToken=fe44b4a6e7c933aa]]
iCore.Common.Entities.IPartnerAttributeType
System.Collections.Generic.IEnumerable`1[[iCore.Common.Entities.EntityKey, iCore.Common.Entities, Version=3.40.0.0, Culture=neutral, PublicKeyToken=fe44b4a6e7c933aa]]
iCore.Common.Entities.IPartnerAttributeGroupType
iCore.SAS.Administration.ILazySubEntity`1[[iCore.Common.Entities.IPartnerAttributeType, iCore.Common.Entities, Version=3.40.0.0, Culture=neutral, PublicKeyToken=fe44b4a6e7c933aa]]
iCore.Common.Entities.ILazyLoadedEntity`1[[iCore.Common.Entities.IPartnerAttributeType, iCore.Common.Entities, Version=3.40.0.0, Culture=neutral, PublicKeyToken=fe44b4a6e7c933aa]][]
iCore.Common.Entities.INode
iCore.Common.Entities.IEvent
iCore.Common.Entities.IJob
iCore.Common.Entities.ILogEntry
iCore.Public.Types.LogLevel
iCore.Common.LogMessageTypeID
iCore.Common.Entities.IWorkflow
System.Collections.Generic.IEnumerable`1[[iCore.Common.Entities.EntityKey, iCore.Common.Entities, Version=3.40.0.0, Culture=neutral, PublicKeyToken=fe44b4a6e7c933aa]]
iCore.Common.Entities.WorkflowClassification
iCore.Common.Entities.IWorkflow
iCore.Common.Entities.IAdapterFlow
iCore.Common.Entities.IAdapterFlow
iCore.Common.Types.LogLevelFilter
iCore.Common.Types.EntryPointNameValue
iCore.Common.Entities.IScript
iCore.Common.Entities.IScript
iCore.Common.Entities.ITimer
iCore.Common.Entities.ITimer
iCore.Common.Types.TimerFrequency
iCore.Common.Types.TimerInterval+TimerIntervalType
iCore.Common.Entities.ILazyLoadedEntity`1[[iCore.Common.Entities.ITimerEvent, iCore.Common.Entities, Version=3.40.0.0, Culture=neutral, PublicKeyToken=fe44b4a6e7c933aa]]
iCore.Common.Entities.ITimerEvent
iCore.Common.Entities.ITimer
iCore.SAS.Administration.ILazySubEntity`1[[iCore.Common.Entities.ITimerEvent, iCore.Common.Entities, Version=3.40.0.0, Culture=neutral, PublicKeyToken=fe44b4a6e7c933aa]]
iCore.Common.Entities.TimerEventPriority
iCore.Common.Entities.ILazyLoadedEntity`1[[iCore.Common.Entities.ITimerEvent, iCore.Common.Entities, Version=3.40.0.0, Culture=neutral, PublicKeyToken=fe44b4a6e7c933aa]][]
System.Int32[]
iCore.SAS.Interfaces.WeekDay
iCore.SAS.Interfaces.WeekDay[]
System.Collections.Generic.IEnumerable`1[[iCore.Common.Entities.EntityKey, iCore.Common.Entities, Version=3.40.0.0, Culture=neutral, PublicKeyToken=fe44b4a6e7c933aa]]
iCore.Common.Entities.ISettingAttributeGroupType
iCore.Common.Entities.ISettingAttributeGroupType
iCore.Common.Entities.ILazyLoadedEntity`1[[iCore.Common.Entities.ISettingAttributeType, iCore.Common.Entities, Version=3.40.0.0, Culture=neutral, PublicKeyToken=fe44b4a6e7c933aa]]
iCore.Common.Entities.ISettingAttributeType
iCore.Common.Entities.ISettingAttributeGroupType
iCore.SAS.Administration.ILazySubEntity`1[[iCore.Common.Entities.ISettingAttributeType, iCore.Common.Entities, Version=3.40.0.0, Culture=neutral, PublicKeyToken=fe44b4a6e7c933aa]]
iCore.Common.Entities.ILazyLoadedEntity`1[[iCore.Common.Entities.ISettingAttributeType, iCore.Common.Entities, Version=3.40.0.0, Culture=neutral, PublicKeyToken=fe44b4a6e7c933aa]][]
System.Collections.Generic.IEnumerable`1[[iCore.Common.Entities.EntityKey, iCore.Common.Entities, Version=3.40.0.0, Culture=neutral, PublicKeyToken=fe44b4a6e7c933aa]]
iCore.Common.Entities.ISetting
iCore.Common.Entities.ISetting
iCore.Common.Entities.ILazyLoadedEntity`1[[iCore.Common.Entities.ISettingIdentity, iCore.Common.Entities, Version=3.40.0.0, Culture=neutral, PublicKeyToken=fe44b4a6e7c933aa]]
iCore.Common.Entities.ISettingIdentity
iCore.Common.Entities.ILazyLoadedEntity`1[[iCore.Common.Entities.ISettingIdentity, iCore.Common.Entities, Version=3.40.0.0, Culture=neutral, PublicKeyToken=fe44b4a6e7c933aa]][]
iCore.Common.Entities.ILazyLoadedEntity`1[[iCore.Common.Entities.ISettingAttributeGroupInstance, iCore.Common.Entities, Version=3.40.0.0, Culture=neutral, PublicKeyToken=fe44b4a6e7c933aa]]
iCore.Common.Entities.ISettingAttributeGroupInstance
iCore.Common.Entities.ILazyLoadedEntity`1[[iCore.Common.Entities.ISettingAttributeValue, iCore.Common.Entities, Version=3.40.0.0, Culture=neutral, PublicKeyToken=fe44b4a6e7c933aa]]
iCore.Common.Entities.ILazyLoadedEntity`1[[iCore.Common.Entities.ISettingAttributeValue, iCore.Common.Entities, Version=3.40.0.0, Culture=neutral, PublicKeyToken=fe44b4a6e7c933aa]][]
iCore.Common.Entities.ISetting
iCore.Common.Entities.ILazyLoadedEntity`1[[iCore.Common.Entities.ISettingAttributeGroupType, iCore.Common.Entities, Version=3.40.0.0, Culture=neutral, PublicKeyToken=fe44b4a6e7c933aa]]
iCore.Common.Entities.ILazyLoadedEntity`1[[iCore.Common.Entities.ISettingAttributeGroupInstance, iCore.Common.Entities, Version=3.40.0.0, Culture=neutral, PublicKeyToken=fe44b4a6e7c933aa]][]
System.String
iCore.SAS.Administration.ILazySubEntity`1[[iCore.Common.Entities.ISettingAttributeGroupInstance, iCore.Common.Entities, Version=3.40.0.0, Culture=neutral, PublicKeyToken=fe44b4a6e7c933aa]]
System.Collections.Generic.IEnumerable`1[[iCore.Common.Entities.EntityKey, iCore.Common.Entities, Version=3.40.0.0, Culture=neutral, PublicKeyToken=fe44b4a6e7c933aa]]
iCore.Common.Entities.ISettingAttributeValue
iCore.Common.Entities.ISetting
iCore.SAS.Administration.ILazySubEntity`1[[iCore.Common.Entities.ISettingAttributeGroupInstance, iCore.Common.Entities, Version=3.40.0.0, Culture=neutral, PublicKeyToken=fe44b4a6e7c933aa]]
iCore.SAS.Administration.ILazySubEntity`1[[iCore.Common.Entities.ISettingAttributeValue, iCore.Common.Entities, Version=3.40.0.0, Culture=neutral, PublicKeyToken=fe44b4a6e7c933aa]]
iCore.Common.Entities.IWebServiceDefinition
iCore.Common.Entities.IWebServiceDefinition
iCore.Common.Entities.ILazyKeyedCollection`2[[System.String, mscorlib, Version=4.0.0.0, Culture=neutral, PublicKeyToken=b77a5c561934e089],[iCore.Common.Entities.WebServiceActivityTypeInfo, iCore.Common.Entities, Version=3.40.0.0, Culture=neutral, PublicKeyToken=fe44b4a6e7c933aa]]
iCore.Common.Entities.WebServiceActivityTypeInfo
iCore.Common.Entities.ILazyKeyedCollection`2[[System.String, mscorlib, Version=4.0.0.0, Culture=neutral, PublicKeyToken=b77a5c561934e089],[iCore.Common.Entities.CategorizedNamedItem, iCore.Common.Entities, Version=3.40.0.0, Culture=neutral, PublicKeyToken=fe44b4a6e7c933aa]]
iCore.Common.Entities.CategorizedNamedItem
iCore.Common.Entities.ILazyKeyedCollection`2[[System.String, mscorlib, Version=4.0.0.0, Culture=neutral, PublicKeyToken=b77a5c561934e089],[iCore.Common.Entities.WebServiceAssemblyInfo, iCore.Common.Entities, Version=3.40.0.0, Culture=neutral, PublicKeyToken=fe44b4a6e7c933aa]]
iCore.Common.Entities.WebServiceAssemblyInfo
iCore.Common.Entities.ILazyKeyedCollection`2[[System.String, mscorlib, Version=4.0.0.0, Culture=neutral, PublicKeyToken=b77a5c561934e089],[iCore.Common.Entities.WebServiceSchemaInfo, iCore.Common.Entities, Version=3.40.0.0, Culture=neutral, PublicKeyToken=fe44b4a6e7c933aa]]
iCore.Common.Entities.WebServiceSchemaInfo
iCore.Common.Entities.SchemaType[]
iCore.Common.Entities.SchemaType
System.Uri
System.Version
iCore.Common.Entities.WebServiceGenerationOptions
iCore.Common.Entities.ICrossReferenceTable
iCore.Common.Entities.ICrossReferenceTable
iCore.Common.Entities.ILazyLoadedEntity`1[[iCore.Common.Entities.ICrossReferenceEntry, iCore.Common.Entities, Version=3.40.0.0, Culture=neutral, PublicKeyToken=fe44b4a6e7c933aa]]
iCore.Common.Entities.ICrossReferenceEntry
iCore.Common.Entities.ICrossReferenceTable
iCore.SAS.Administration.ILazySubEntity`1[[iCore.Common.Entities.ICrossReferenceEntry, iCore.Common.Entities, Version=3.40.0.0, Culture=neutral, PublicKeyToken=fe44b4a6e7c933aa]]
iCore.Common.Entities.ILazyLoadedEntity`1[[iCore.Common.Entities.ICrossReferenceEntry, iCore.Common.Entities, Version=3.40.0.0, Culture=neutral, PublicKeyToken=fe44b4a6e7c933aa]][]
System.Collections.Generic.IEnumerable`1[[iCore.Common.Entities.EntityKey, iCore.Common.Entities, Version=3.40.0.0, Culture=neutral, PublicKeyToken=fe44b4a6e7c933aa]]
iCore.Common.Entities.ICounter
iCore.Common.Entities.ICounter
iCore.Common.Entities.CounterCheckType
iCore.Common.Entities.AppendDateTimePosition
iCore.Common.Entities.IEntityFilter
iCore.Common.Entities.IEntityFilter
iCore.Common.Entities.ICompositeEntity
iCore.Common.Entities.CorrelatedActive
iCore.Common.IconEntity
iCore.Common.Entities.IServer
iCore.Common.Entities.ISystemQueue
iCore.Management.Monitoring.FailoverServerPartState
iCore.Public.Types.ServerPartType
iCore.Management.Monitoring.ServerPartStatus
System.Nullable`1[[System.Int64, mscorlib, Version=4.0.0.0, Culture=neutral, PublicKeyToken=b77a5c561934e089]]
iCore.Management.Monitoring.EventListenerState
iCore.Management.Monitoring.EventListenerStatistics
iCore.Management.Monitoring.TimeOfLastOperationTrackingStatisticsCounter
iCore.Management.Monitoring.EventProcessorState
iCore.Management.Monitoring.EventProcessorStatistics
iCore.Management.Monitoring.JobManagerState
iCore.Management.Monitoring.JobManagerStatistics
iCore.Management.Monitoring.StatisticsCounter
iCore.Management.Monitoring.EventGeneratorState+TimerDetails
iCore.Management.Monitoring.TimerType
iCore.Management.Monitoring.EventGeneratorState
iCore.Management.Monitoring.EventGeneratorState+TimerDetails[]
iCore.Management.Monitoring.DetailedServerPartState
iCore.SAS.Administration.Models.ServerStatusModel
iCore.SAS.Administration.Models.ServerPartDataModel
iCore.SAS.Administration.Models.ServerPartDataModel[]
iCore.Management.Monitoring.ServiceStatus
iCore.Management.Monitoring.SystemEventProcessorState
iCore.Management.Monitoring.SystemEventProcessorStatistics
iCore.Management.Monitoring.WorkerHostProcessBaseInfo
System.Int64[]
iCore.Management.Monitoring.WorkerHostProcessBaseInfo[]
iCore.Management.Monitoring.SystemMonitorServerConnectionInfo
iCore.Management.Monitoring.ServerConnectionStatus
iCore.Management.Monitoring.SystemMonitorServerInfo
iCore.Management.Monitoring.SystemMonitorServerPartInfo[]
iCore.Management.Monitoring.SystemMonitorServerPartInfo
iCore.Management.Monitoring.WorkerHostProcessInfo
iCore.Management.Monitoring.WorkerHostStatistics
iCore.SAS.Administration.Models.SystemMonitorDataModel
iCore.SAS.Administration.Models.ServerStatusModel[]
iCore.SAS.Administration.Models.ServerPartDataModel
iCore.SAS.Administration.Models.SystemEventProcessorDataModel
iCore.SAS.Administration.Models.SystemEventProcessDataModel
iCore.SAS.Administration.Models.SystemEventProcessDataModel[]
iCore.SAS.Administration.Models.WorkerHostManagerDataModel
iCore.SAS.Administration.Models.WorkerHostManagerProcessDataModel
System.Double
iCore.SAS.Administration.Models.WorkerHostManagerProcessDataModel[]
iCore.SAS.Administration.Models.WorkerHostManagerJobDataModel
iCore.SAS.Administration.Models.WorkerHostManagerJobDataModel[]
iCore.SAS.Administration.Models.EventGeneratorDataModel
iCore.SAS.Administration.Models.TimerDetailsDataModel
iCore.SAS.Administration.Models.TimerDetailsDataModel[]
iCore.SAS.Administration.Models.ServerMonitorDataModel
iCore.SAS.Administration.Models.SerializableServerDataModel
iCore.SAS.Administration.Models.SerializableServerDataModel[]
iCore.SAS.Administration.Models.EventListenerDataModel
iCore.SAS.Administration.Models.JobManagerDataModel
iCore.SAS.Administration.Models.EventProcessorDataModel
System.Char
System.Guid
System.String
System.Boolean
System.Collections.Generic.IEnumerable`1[[iCore.Common.Entities.EntityKey, iCore.Common.Entities, Version=3.40.0.0, Culture=neutral, PublicKeyToken=fe44b4a6e7c933aa]]</StdOut>
      </Output>
    </UnitTestResult>
    <UnitTestResult executionId="4c770639-82eb-4dc4-a98a-5f836a8b9e8c" testId="1098e39c-2bf0-9bce-feb0-4aa84d700387" testName="GetNodeData_ReturnsCorrectData" computerName="ICSWS068" duration="00:00:00.4083347" startTime="2016-08-04T09:59:34.2766816+02:00" endTime="2016-08-04T09:59:34.6864794+02:00" testType="13cdc9d9-ddb5-4fa4-a97d-d965ccfc6d4b" outcome="Passed" testListId="8c84fa94-04c1-424b-9868-57a2d4851a1d" relativeResultsDirectory="4c770639-82eb-4dc4-a98a-5f836a8b9e8c">
      <Output>
        <StdOut>Debug Trace:
iCore.Common.Entities.IEntity
iCore.Common.Entities.EntityKey
iCore.Common.Entities.EntityTypeId
iCore.Common.Entities.IComponentDefinition
System.String
System.DateTime
iCore.Common.Entities.IEventHistory
iCore.Common.Entities.ILazyLoadedEntity`1[[iCore.Common.Entities.IJob, iCore.Common.Entities, Version=3.40.0.0, Culture=neutral, PublicKeyToken=fe44b4a6e7c933aa]]
iCore.Common.Entities.IJob
iCore.Common.Entities.EntityKey
iCore.Common.Entities.EArgument
System.Boolean
System.Int64
iCore.Common.Entities.EventState
iCore.Common.Entities.EventReason
iCore.Common.Entities.EArgument[]
iCore.Common.Entities.ILazyLoadedEntity`1[[iCore.Common.Entities.IComponentConfiguration, iCore.Common.Entities, Version=3.40.0.0, Culture=neutral, PublicKeyToken=fe44b4a6e7c933aa]]
iCore.Common.Entities.IComponentConfiguration
iCore.Common.Entities.ILazyLoadedEntity`1[[iCore.Common.Entities.ICategoryMembership, iCore.Common.Entities, Version=3.40.0.0, Culture=neutral, PublicKeyToken=fe44b4a6e7c933aa]][]
iCore.Common.Entities.ILazyLoadedEntity`1[[iCore.Common.Entities.ICategoryMembership, iCore.Common.Entities, Version=3.40.0.0, Culture=neutral, PublicKeyToken=fe44b4a6e7c933aa]]
iCore.Common.Entities.ICategoryMembership
iCore.Common.Entities.ICategory
iCore.Common.Entities.ICategory
iCore.Common.Entities.ILazyLoadedEntity`1[[iCore.Common.Entities.ICategory, iCore.Common.Entities, Version=3.40.0.0, Culture=neutral, PublicKeyToken=fe44b4a6e7c933aa]]
System.Nullable`1[[System.Guid, mscorlib, Version=4.0.0.0, Culture=neutral, PublicKeyToken=b77a5c561934e089]]
System.TimeSpan
System.Guid
iCore.Common.Entities.IComponentConfiguration
iCore.Common.Entities.ILazyLoadedEntity`1[[iCore.Common.Entities.IApplicationPool, iCore.Common.Entities, Version=3.40.0.0, Culture=neutral, PublicKeyToken=fe44b4a6e7c933aa]]
iCore.Common.Entities.IApplicationPool
iCore.Common.Entities.IApplicationPool
iCore.Common.Entities.ILazyLoadedEntity`1[[iCore.Common.Entities.IServer, iCore.Common.Entities, Version=3.40.0.0, Culture=neutral, PublicKeyToken=fe44b4a6e7c933aa]]
iCore.Common.Entities.IServer
iCore.Common.Entities.ServerStartupSpecialTask
System.Nullable`1[[System.UInt16, mscorlib, Version=4.0.0.0, Culture=neutral, PublicKeyToken=b77a5c561934e089]]
System.UInt16
System.Int16
iCore.Common.Entities.IUser
iCore.Common.Entities.IUserGroup
iCore.Common.Entities.UserDisplayOptions
iCore.Common.Entities.MainTreeDisplayOptions
iCore.Common.Entities.NodeContent
iCore.Common.Entities.ILazyLoadedEntity`1[[iCore.Common.Entities.IUserGroup, iCore.Common.Entities, Version=3.40.0.0, Culture=neutral, PublicKeyToken=fe44b4a6e7c933aa]]
iCore.Common.Entities.ViewMode
iCore.Common.Entities.ILazyLoadedEntity`1[[iCore.Common.Entities.IUser, iCore.Common.Entities, Version=3.40.0.0, Culture=neutral, PublicKeyToken=fe44b4a6e7c933aa]]
iCore.Common.Entities.ILazyLoadedEntity`1[[iCore.Common.Entities.IApplicationPoolImplementation, iCore.Common.Entities, Version=3.40.0.0, Culture=neutral, PublicKeyToken=fe44b4a6e7c933aa]][]
iCore.Common.Entities.ILazyLoadedEntity`1[[iCore.Common.Entities.IApplicationPoolImplementation, iCore.Common.Entities, Version=3.40.0.0, Culture=neutral, PublicKeyToken=fe44b4a6e7c933aa]]
iCore.Common.Entities.IApplicationPoolImplementation
iCore.SAS.Administration.ILazySubEntity`1[[iCore.Common.Entities.IApplicationPoolImplementation, iCore.Common.Entities, Version=3.40.0.0, Culture=neutral, PublicKeyToken=fe44b4a6e7c933aa]]
iCore.Common.Entities.IServer
iCore.Common.Entities.ILazyLoadedEntity`1[[iCore.Common.Entities.INode, iCore.Common.Entities, Version=3.40.0.0, Culture=neutral, PublicKeyToken=fe44b4a6e7c933aa]]
iCore.Common.Entities.INode
iCore.Common.Entities.INode
System.String
iCore.Common.Entities.ILazyLoadedEntity`1[[iCore.Common.Entities.INodeAttributeValue, iCore.Common.Entities, Version=3.40.0.0, Culture=neutral, PublicKeyToken=fe44b4a6e7c933aa]][]
iCore.Common.Entities.ILazyLoadedEntity`1[[iCore.Common.Entities.INodeAttributeValue, iCore.Common.Entities, Version=3.40.0.0, Culture=neutral, PublicKeyToken=fe44b4a6e7c933aa]]
iCore.Common.Entities.INodeAttributeValue
iCore.SAS.Administration.ILazySubEntity`1[[iCore.Common.Entities.INodeAttributeValue, iCore.Common.Entities, Version=3.40.0.0, Culture=neutral, PublicKeyToken=fe44b4a6e7c933aa]]
System.Object
iCore.Public.Types.ScriptVarType
iCore.Common.Entities.INodeAttributeType
iCore.Common.Entities.INodeAttributeType
iCore.Common.Entities.INode
iCore.Common.Entities.ILazyLoadedEntity`1[[iCore.Common.Entities.INodeAttributeType, iCore.Common.Entities, Version=3.40.0.0, Culture=neutral, PublicKeyToken=fe44b4a6e7c933aa]]
iCore.Common.Entities.IPartner
System.String
iCore.Common.Entities.IEntityImage
iCore.Common.Entities.SizedEntityImage[]
iCore.Common.Entities.SizedEntityImage
System.Drawing.Size
iCore.Common.Entities.ILazyLoadedEntity`1[[iCore.Common.Entities.IPartnerAttributeGroupInstance, iCore.Common.Entities, Version=3.40.0.0, Culture=neutral, PublicKeyToken=fe44b4a6e7c933aa]][]
iCore.Common.Entities.ILazyLoadedEntity`1[[iCore.Common.Entities.IPartnerAttributeGroupInstance, iCore.Common.Entities, Version=3.40.0.0, Culture=neutral, PublicKeyToken=fe44b4a6e7c933aa]]
iCore.Common.Entities.IPartnerAttributeGroupInstance
iCore.Common.Entities.IPartnerAttributeGroupType
iCore.Common.Entities.IPartnerAttributeGroupType
iCore.Common.Entities.ILazyLoadedEntity`1[[iCore.Common.Entities.IPartnerAttributeValue, iCore.Common.Entities, Version=3.40.0.0, Culture=neutral, PublicKeyToken=fe44b4a6e7c933aa]]
iCore.Common.Entities.IPartnerAttributeValue
iCore.SAS.Administration.ILazySubEntity`1[[iCore.Common.Entities.IPartnerAttributeValue, iCore.Common.Entities, Version=3.40.0.0, Culture=neutral, PublicKeyToken=fe44b4a6e7c933aa]]
iCore.Common.Entities.ILazyLoadedEntity`1[[iCore.Common.Entities.IPartnerAttributeValue, iCore.Common.Entities, Version=3.40.0.0, Culture=neutral, PublicKeyToken=fe44b4a6e7c933aa]][]
iCore.SAS.Administration.ILazySubEntity`1[[iCore.Common.Entities.IPartnerAttributeGroupInstance, iCore.Common.Entities, Version=3.40.0.0, Culture=neutral, PublicKeyToken=fe44b4a6e7c933aa]]
iCore.Common.Entities.ILazyLoadedEntity`1[[iCore.Common.Entities.IPartnerAttributeGroupType, iCore.Common.Entities, Version=3.40.0.0, Culture=neutral, PublicKeyToken=fe44b4a6e7c933aa]]
iCore.Common.Entities.ILazyLoadedEntity`1[[iCore.Common.Entities.IPartnerIdentity, iCore.Common.Entities, Version=3.40.0.0, Culture=neutral, PublicKeyToken=fe44b4a6e7c933aa]][]
iCore.Common.Entities.ILazyLoadedEntity`1[[iCore.Common.Entities.IPartnerIdentity, iCore.Common.Entities, Version=3.40.0.0, Culture=neutral, PublicKeyToken=fe44b4a6e7c933aa]]
iCore.Common.Entities.IPartnerIdentity
iCore.Common.Entities.IPartner
iCore.Common.Entities.ILazyLoadedEntity`1[[iCore.Common.Entities.IPartner, iCore.Common.Entities, Version=3.40.0.0, Culture=neutral, PublicKeyToken=fe44b4a6e7c933aa]]
iCore.Common.Entities.INodeTypeVersion
iCore.Common.Entities.INodeTypeVersion
iCore.Common.Entities.INodeType
iCore.Common.Entities.INodeTypeStyleSheet
iCore.Common.Entities.INodeType
iCore.Common.Entities.ILazyLoadedEntity`1[[iCore.Common.Entities.INodeTypeVersion, iCore.Common.Entities, Version=3.40.0.0, Culture=neutral, PublicKeyToken=fe44b4a6e7c933aa]]
iCore.Common.Entities.IEventType
iCore.Common.Entities.SelectionRule
iCore.Common.Entities.EventTypes
iCore.Common.Entities.EventTrackingCleanupRole
iCore.Common.Entities.IEventType
iCore.Common.Entities.ILazyLoadedEntity`1[[iCore.Common.Entities.INodeType, iCore.Common.Entities, Version=3.40.0.0, Culture=neutral, PublicKeyToken=fe44b4a6e7c933aa]]
iCore.Common.Entities.ILazyLoadedEntity`1[[iCore.Common.Entities.IEvent, iCore.Common.Entities, Version=3.40.0.0, Culture=neutral, PublicKeyToken=fe44b4a6e7c933aa]]
iCore.Common.Entities.IEvent
iCore.Common.Entities.MatchedStatus
iCore.Common.Entities.EventSourceType
iCore.Common.Entities.ILazyLoadedEntity`1[[iCore.Common.Entities.IEventType, iCore.Common.Entities, Version=3.40.0.0, Culture=neutral, PublicKeyToken=fe44b4a6e7c933aa]]
iCore.Common.Entities.ILazyLoadedEntity`1[[iCore.Common.Entities.IEventHandler, iCore.Common.Entities, Version=3.40.0.0, Culture=neutral, PublicKeyToken=fe44b4a6e7c933aa]]
iCore.Common.Entities.IEventHandler
iCore.Common.Entities.EventHandlerStatus
iCore.Common.Entities.IEventHandler
iCore.Common.Entities.ILazyLoadedEntity`1[[iCore.Common.Entities.IComponentDefinition, iCore.Common.Entities, Version=3.40.0.0, Culture=neutral, PublicKeyToken=fe44b4a6e7c933aa]]
System.Nullable`1[[System.DateTime, mscorlib, Version=4.0.0.0, Culture=neutral, PublicKeyToken=b77a5c561934e089]]
iCore.Common.Entities.JobState
iCore.Common.Entities.JobHistoryReason
iCore.Common.Entities.JobType
System.Byte
System.Int32
iCore.Public.Types.JobLifetime
iCore.Common.Entities.EntityKey[]
System.Collections.Generic.IEnumerable`1[[iCore.Common.Entities.EntityKey, iCore.Common.Entities, Version=3.40.0.0, Culture=neutral, PublicKeyToken=fe44b4a6e7c933aa]]
iCore.Common.Entities.ILazyLoadedEntity`1[[iCore.Common.Entities.IPartnerAttributeType, iCore.Common.Entities, Version=3.40.0.0, Culture=neutral, PublicKeyToken=fe44b4a6e7c933aa]]
iCore.Common.Entities.IPartnerAttributeType
System.Collections.Generic.IEnumerable`1[[iCore.Common.Entities.EntityKey, iCore.Common.Entities, Version=3.40.0.0, Culture=neutral, PublicKeyToken=fe44b4a6e7c933aa]]
iCore.Common.Entities.IPartnerAttributeGroupType
iCore.SAS.Administration.ILazySubEntity`1[[iCore.Common.Entities.IPartnerAttributeType, iCore.Common.Entities, Version=3.40.0.0, Culture=neutral, PublicKeyToken=fe44b4a6e7c933aa]]
iCore.Common.Entities.ILazyLoadedEntity`1[[iCore.Common.Entities.IPartnerAttributeType, iCore.Common.Entities, Version=3.40.0.0, Culture=neutral, PublicKeyToken=fe44b4a6e7c933aa]][]
iCore.Common.Entities.INode
iCore.Common.Entities.IEvent
iCore.Common.Entities.IJob
iCore.Common.Entities.ILogEntry
iCore.Public.Types.LogLevel
iCore.Common.LogMessageTypeID
iCore.Common.Entities.IWorkflow
System.Collections.Generic.IEnumerable`1[[iCore.Common.Entities.EntityKey, iCore.Common.Entities, Version=3.40.0.0, Culture=neutral, PublicKeyToken=fe44b4a6e7c933aa]]
iCore.Common.Entities.WorkflowClassification
iCore.Common.Entities.IWorkflow
iCore.Common.Entities.IAdapterFlow
iCore.Common.Entities.IAdapterFlow
iCore.Common.Types.LogLevelFilter
iCore.Common.Types.EntryPointNameValue
iCore.Common.Entities.IScript
iCore.Common.Entities.IScript
iCore.Common.Entities.ITimer
iCore.Common.Entities.ITimer
iCore.Common.Types.TimerFrequency
iCore.Common.Types.TimerInterval+TimerIntervalType
iCore.Common.Entities.ILazyLoadedEntity`1[[iCore.Common.Entities.ITimerEvent, iCore.Common.Entities, Version=3.40.0.0, Culture=neutral, PublicKeyToken=fe44b4a6e7c933aa]]
iCore.Common.Entities.ITimerEvent
iCore.Common.Entities.ITimer
iCore.SAS.Administration.ILazySubEntity`1[[iCore.Common.Entities.ITimerEvent, iCore.Common.Entities, Version=3.40.0.0, Culture=neutral, PublicKeyToken=fe44b4a6e7c933aa]]
iCore.Common.Entities.TimerEventPriority
iCore.Common.Entities.ILazyLoadedEntity`1[[iCore.Common.Entities.ITimerEvent, iCore.Common.Entities, Version=3.40.0.0, Culture=neutral, PublicKeyToken=fe44b4a6e7c933aa]][]
System.Int32[]
iCore.SAS.Interfaces.WeekDay
iCore.SAS.Interfaces.WeekDay[]
System.Collections.Generic.IEnumerable`1[[iCore.Common.Entities.EntityKey, iCore.Common.Entities, Version=3.40.0.0, Culture=neutral, PublicKeyToken=fe44b4a6e7c933aa]]
iCore.Common.Entities.ISettingAttributeGroupType
iCore.Common.Entities.ISettingAttributeGroupType
iCore.Common.Entities.ILazyLoadedEntity`1[[iCore.Common.Entities.ISettingAttributeType, iCore.Common.Entities, Version=3.40.0.0, Culture=neutral, PublicKeyToken=fe44b4a6e7c933aa]]
iCore.Common.Entities.ISettingAttributeType
iCore.Common.Entities.ISettingAttributeGroupType
iCore.SAS.Administration.ILazySubEntity`1[[iCore.Common.Entities.ISettingAttributeType, iCore.Common.Entities, Version=3.40.0.0, Culture=neutral, PublicKeyToken=fe44b4a6e7c933aa]]
iCore.Common.Entities.ILazyLoadedEntity`1[[iCore.Common.Entities.ISettingAttributeType, iCore.Common.Entities, Version=3.40.0.0, Culture=neutral, PublicKeyToken=fe44b4a6e7c933aa]][]
System.Collections.Generic.IEnumerable`1[[iCore.Common.Entities.EntityKey, iCore.Common.Entities, Version=3.40.0.0, Culture=neutral, PublicKeyToken=fe44b4a6e7c933aa]]
iCore.Common.Entities.ISetting
iCore.Common.Entities.ISetting
iCore.Common.Entities.ILazyLoadedEntity`1[[iCore.Common.Entities.ISettingIdentity, iCore.Common.Entities, Version=3.40.0.0, Culture=neutral, PublicKeyToken=fe44b4a6e7c933aa]]
iCore.Common.Entities.ISettingIdentity
iCore.Common.Entities.ILazyLoadedEntity`1[[iCore.Common.Entities.ISettingIdentity, iCore.Common.Entities, Version=3.40.0.0, Culture=neutral, PublicKeyToken=fe44b4a6e7c933aa]][]
iCore.Common.Entities.ILazyLoadedEntity`1[[iCore.Common.Entities.ISettingAttributeGroupInstance, iCore.Common.Entities, Version=3.40.0.0, Culture=neutral, PublicKeyToken=fe44b4a6e7c933aa]]
iCore.Common.Entities.ISettingAttributeGroupInstance
iCore.Common.Entities.ILazyLoadedEntity`1[[iCore.Common.Entities.ISettingAttributeValue, iCore.Common.Entities, Version=3.40.0.0, Culture=neutral, PublicKeyToken=fe44b4a6e7c933aa]]
iCore.Common.Entities.ILazyLoadedEntity`1[[iCore.Common.Entities.ISettingAttributeValue, iCore.Common.Entities, Version=3.40.0.0, Culture=neutral, PublicKeyToken=fe44b4a6e7c933aa]][]
iCore.Common.Entities.ISetting
iCore.Common.Entities.ILazyLoadedEntity`1[[iCore.Common.Entities.ISettingAttributeGroupType, iCore.Common.Entities, Version=3.40.0.0, Culture=neutral, PublicKeyToken=fe44b4a6e7c933aa]]
iCore.Common.Entities.ILazyLoadedEntity`1[[iCore.Common.Entities.ISettingAttributeGroupInstance, iCore.Common.Entities, Version=3.40.0.0, Culture=neutral, PublicKeyToken=fe44b4a6e7c933aa]][]
System.String
iCore.SAS.Administration.ILazySubEntity`1[[iCore.Common.Entities.ISettingAttributeGroupInstance, iCore.Common.Entities, Version=3.40.0.0, Culture=neutral, PublicKeyToken=fe44b4a6e7c933aa]]
System.Collections.Generic.IEnumerable`1[[iCore.Common.Entities.EntityKey, iCore.Common.Entities, Version=3.40.0.0, Culture=neutral, PublicKeyToken=fe44b4a6e7c933aa]]
iCore.Common.Entities.ISettingAttributeValue
iCore.Common.Entities.ISetting
iCore.SAS.Administration.ILazySubEntity`1[[iCore.Common.Entities.ISettingAttributeGroupInstance, iCore.Common.Entities, Version=3.40.0.0, Culture=neutral, PublicKeyToken=fe44b4a6e7c933aa]]
iCore.SAS.Administration.ILazySubEntity`1[[iCore.Common.Entities.ISettingAttributeValue, iCore.Common.Entities, Version=3.40.0.0, Culture=neutral, PublicKeyToken=fe44b4a6e7c933aa]]
iCore.Common.Entities.IWebServiceDefinition
iCore.Common.Entities.IWebServiceDefinition
iCore.Common.Entities.ILazyKeyedCollection`2[[System.String, mscorlib, Version=4.0.0.0, Culture=neutral, PublicKeyToken=b77a5c561934e089],[iCore.Common.Entities.WebServiceActivityTypeInfo, iCore.Common.Entities, Version=3.40.0.0, Culture=neutral, PublicKeyToken=fe44b4a6e7c933aa]]
iCore.Common.Entities.WebServiceActivityTypeInfo
iCore.Common.Entities.ILazyKeyedCollection`2[[System.String, mscorlib, Version=4.0.0.0, Culture=neutral, PublicKeyToken=b77a5c561934e089],[iCore.Common.Entities.CategorizedNamedItem, iCore.Common.Entities, Version=3.40.0.0, Culture=neutral, PublicKeyToken=fe44b4a6e7c933aa]]
iCore.Common.Entities.CategorizedNamedItem
iCore.Common.Entities.ILazyKeyedCollection`2[[System.String, mscorlib, Version=4.0.0.0, Culture=neutral, PublicKeyToken=b77a5c561934e089],[iCore.Common.Entities.WebServiceAssemblyInfo, iCore.Common.Entities, Version=3.40.0.0, Culture=neutral, PublicKeyToken=fe44b4a6e7c933aa]]
iCore.Common.Entities.WebServiceAssemblyInfo
iCore.Common.Entities.ILazyKeyedCollection`2[[System.String, mscorlib, Version=4.0.0.0, Culture=neutral, PublicKeyToken=b77a5c561934e089],[iCore.Common.Entities.WebServiceSchemaInfo, iCore.Common.Entities, Version=3.40.0.0, Culture=neutral, PublicKeyToken=fe44b4a6e7c933aa]]
iCore.Common.Entities.WebServiceSchemaInfo
iCore.Common.Entities.SchemaType[]
iCore.Common.Entities.SchemaType
System.Uri
System.Version
iCore.Common.Entities.WebServiceGenerationOptions
iCore.Common.Entities.ICrossReferenceTable
iCore.Common.Entities.ICrossReferenceTable
iCore.Common.Entities.ILazyLoadedEntity`1[[iCore.Common.Entities.ICrossReferenceEntry, iCore.Common.Entities, Version=3.40.0.0, Culture=neutral, PublicKeyToken=fe44b4a6e7c933aa]]
iCore.Common.Entities.ICrossReferenceEntry
iCore.Common.Entities.ICrossReferenceTable
iCore.SAS.Administration.ILazySubEntity`1[[iCore.Common.Entities.ICrossReferenceEntry, iCore.Common.Entities, Version=3.40.0.0, Culture=neutral, PublicKeyToken=fe44b4a6e7c933aa]]
iCore.Common.Entities.ILazyLoadedEntity`1[[iCore.Common.Entities.ICrossReferenceEntry, iCore.Common.Entities, Version=3.40.0.0, Culture=neutral, PublicKeyToken=fe44b4a6e7c933aa]][]
System.Collections.Generic.IEnumerable`1[[iCore.Common.Entities.EntityKey, iCore.Common.Entities, Version=3.40.0.0, Culture=neutral, PublicKeyToken=fe44b4a6e7c933aa]]
iCore.Common.Entities.ICounter
iCore.Common.Entities.ICounter
iCore.Common.Entities.CounterCheckType
iCore.Common.Entities.AppendDateTimePosition
iCore.Common.Entities.IEntityFilter
iCore.Common.Entities.IEntityFilter
iCore.Common.Entities.ICompositeEntity
iCore.Common.Entities.CorrelatedActive
iCore.Common.IconEntity
iCore.Common.Entities.IServer
iCore.Common.Entities.ISystemQueue
iCore.Management.Monitoring.FailoverServerPartState
iCore.Public.Types.ServerPartType
iCore.Management.Monitoring.ServerPartStatus
System.Nullable`1[[System.Int64, mscorlib, Version=4.0.0.0, Culture=neutral, PublicKeyToken=b77a5c561934e089]]
iCore.Management.Monitoring.EventListenerState
iCore.Management.Monitoring.EventListenerStatistics
iCore.Management.Monitoring.TimeOfLastOperationTrackingStatisticsCounter
iCore.Management.Monitoring.EventProcessorState
iCore.Management.Monitoring.EventProcessorStatistics
iCore.Management.Monitoring.JobManagerState
iCore.Management.Monitoring.JobManagerStatistics
iCore.Management.Monitoring.StatisticsCounter
iCore.Management.Monitoring.EventGeneratorState+TimerDetails
iCore.Management.Monitoring.TimerType
iCore.Management.Monitoring.EventGeneratorState
iCore.Management.Monitoring.EventGeneratorState+TimerDetails[]
iCore.Management.Monitoring.DetailedServerPartState
iCore.SAS.Administration.Models.ServerStatusModel
iCore.SAS.Administration.Models.ServerPartDataModel
iCore.SAS.Administration.Models.ServerPartDataModel[]
iCore.Management.Monitoring.ServiceStatus
iCore.Management.Monitoring.SystemEventProcessorState
iCore.Management.Monitoring.SystemEventProcessorStatistics
iCore.Management.Monitoring.WorkerHostProcessBaseInfo
System.Int64[]
iCore.Management.Monitoring.WorkerHostProcessBaseInfo[]
iCore.Management.Monitoring.SystemMonitorServerConnectionInfo
iCore.Management.Monitoring.ServerConnectionStatus
iCore.Management.Monitoring.SystemMonitorServerInfo
iCore.Management.Monitoring.SystemMonitorServerPartInfo[]
iCore.Management.Monitoring.SystemMonitorServerPartInfo
iCore.Management.Monitoring.WorkerHostProcessInfo
iCore.Management.Monitoring.WorkerHostStatistics
iCore.SAS.Administration.Models.SystemMonitorDataModel
iCore.SAS.Administration.Models.ServerStatusModel[]
iCore.SAS.Administration.Models.ServerPartDataModel
iCore.SAS.Administration.Models.SystemEventProcessorDataModel
iCore.SAS.Administration.Models.SystemEventProcessDataModel
iCore.SAS.Administration.Models.SystemEventProcessDataModel[]
iCore.SAS.Administration.Models.WorkerHostManagerDataModel
iCore.SAS.Administration.Models.WorkerHostManagerProcessDataModel
System.Double
iCore.SAS.Administration.Models.WorkerHostManagerProcessDataModel[]
iCore.SAS.Administration.Models.WorkerHostManagerJobDataModel
iCore.SAS.Administration.Models.WorkerHostManagerJobDataModel[]
iCore.SAS.Administration.Models.EventGeneratorDataModel
iCore.SAS.Administration.Models.TimerDetailsDataModel
iCore.SAS.Administration.Models.TimerDetailsDataModel[]
iCore.SAS.Administration.Models.ServerMonitorDataModel
iCore.SAS.Administration.Models.SerializableServerDataModel
iCore.SAS.Administration.Models.SerializableServerDataModel[]
iCore.SAS.Administration.Models.EventListenerDataModel
iCore.SAS.Administration.Models.JobManagerDataModel
iCore.SAS.Administration.Models.EventProcessorDataModel
System.Char
System.Guid
System.String
System.Boolean
System.Collections.Generic.IEnumerable`1[[iCore.Common.Entities.EntityKey, iCore.Common.Entities, Version=3.40.0.0, Culture=neutral, PublicKeyToken=fe44b4a6e7c933aa]]</StdOut>
      </Output>
    </UnitTestResult>
    <UnitTestResult executionId="ba025573-144f-4183-a241-23da0a6b55c0" testId="270cfa4b-c110-56de-5808-b9c7b2c3f56c" testName="TypeInfoModelRepository_AddingTypeWithCommandProvider_TypeRepositoryModelCollectionContainsExpectedNumberOfCommands" computerName="ICSWS068" duration="00:00:00.0095742" startTime="2016-08-04T09:59:34.6899817+02:00" endTime="2016-08-04T09:59:34.7009894+02:00" testType="13cdc9d9-ddb5-4fa4-a97d-d965ccfc6d4b" outcome="Passed" testListId="8c84fa94-04c1-424b-9868-57a2d4851a1d" relativeResultsDirectory="ba025573-144f-4183-a241-23da0a6b55c0">
      <Output>
        <StdOut>Debug Trace:
UnitTests_SAS.FakeEntityForBasicTests
iCore.Common.Entities.EntityKey
iCore.Common.Entities.EntityKey[]
System.Collections.Generic.IEnumerable`1[[iCore.Common.Entities.EntityKey, iCore.Common.Entities, Version=3.40.0.0, Culture=neutral, PublicKeyToken=fe44b4a6e7c933aa]]
iCore.Common.Entities.EntityTypeId</StdOut>
      </Output>
    </UnitTestResult>
    <UnitTestResult executionId="039c5819-20c8-4969-89b7-1477a35d596b" testId="5401a602-a1f9-c9b4-4928-b9d64c2f431d" testName="TypeInfoModelRepository_AddingTypeWithCommandIdAttributeInReflectionContext_ReturnsCommandsWithCorrectIds" computerName="ICSWS068" duration="00:00:00.0055811" startTime="2016-08-04T09:59:34.7047160+02:00" endTime="2016-08-04T09:59:34.7122376+02:00" testType="13cdc9d9-ddb5-4fa4-a97d-d965ccfc6d4b" outcome="Passed" testListId="8c84fa94-04c1-424b-9868-57a2d4851a1d" relativeResultsDirectory="039c5819-20c8-4969-89b7-1477a35d596b">
      <Output>
        <StdOut>Debug Trace:
UnitTests_SAS.FakeEntityForBasicTests
iCore.Common.Entities.EntityKey
iCore.Common.Entities.EntityKey[]
System.Collections.Generic.IEnumerable`1[[iCore.Common.Entities.EntityKey, iCore.Common.Entities, Version=3.40.0.0, Culture=neutral, PublicKeyToken=fe44b4a6e7c933aa]]
iCore.Common.Entities.EntityTypeId</StdOut>
      </Output>
    </UnitTestResult>
    <UnitTestResult executionId="ce874330-01ad-4c35-b85d-f3d2a12e9e07" testId="c11eedda-05ab-214e-e306-306eba79d945" testName="TypeInfoModelRepository_AddingTypeWithCommandProvider_TypeRepositoryModelCollectionContainsExpectedParametersForCommand" computerName="ICSWS068" duration="00:00:00.0038872" startTime="2016-08-04T09:59:34.7152261+02:00" endTime="2016-08-04T09:59:34.7207301+02:00" testType="13cdc9d9-ddb5-4fa4-a97d-d965ccfc6d4b" outcome="Passed" testListId="8c84fa94-04c1-424b-9868-57a2d4851a1d" relativeResultsDirectory="ce874330-01ad-4c35-b85d-f3d2a12e9e07">
      <Output>
        <StdOut>Debug Trace:
UnitTests_SAS.FakeEntityForBasicTests
iCore.Common.Entities.EntityKey
iCore.Common.Entities.EntityKey[]
System.Collections.Generic.IEnumerable`1[[iCore.Common.Entities.EntityKey, iCore.Common.Entities, Version=3.40.0.0, Culture=neutral, PublicKeyToken=fe44b4a6e7c933aa]]
iCore.Common.Entities.EntityTypeId</StdOut>
      </Output>
    </UnitTestResult>
    <UnitTestResult executionId="21a6c6d1-aa7d-44c1-847b-4c3ea879d47c" testId="296d0a2d-80ca-1150-16f5-aac56edcb014" testName="TypeInfoModelRepository_AddingTypeWithCommandProvider_TypeRepositoryModelCollectionContainsExpectedCommandInfo" computerName="ICSWS068" duration="00:00:00.0060749" startTime="2016-08-04T09:59:34.7227342+02:00" endTime="2016-08-04T09:59:34.7312422+02:00" testType="13cdc9d9-ddb5-4fa4-a97d-d965ccfc6d4b" outcome="Passed" testListId="8c84fa94-04c1-424b-9868-57a2d4851a1d" relativeResultsDirectory="21a6c6d1-aa7d-44c1-847b-4c3ea879d47c">
      <Output>
        <StdOut>Debug Trace:
UnitTests_SAS.FakeEntityForBasicTests
iCore.Common.Entities.EntityKey
iCore.Common.Entities.EntityKey[]
System.Collections.Generic.IEnumerable`1[[iCore.Common.Entities.EntityKey, iCore.Common.Entities, Version=3.40.0.0, Culture=neutral, PublicKeyToken=fe44b4a6e7c933aa]]
iCore.Common.Entities.EntityTypeId</StdOut>
      </Output>
    </UnitTestResult>
    <UnitTestResult executionId="f2e349bf-cefa-47c3-97c1-5b735b9a65a9" testId="f5a83ee4-0173-7350-220b-755534fff970" testName="TypeInfoModelRepository_AddingTypeWithCommandProviderWithMethodContainingDifferentKeySignature_CommandKeyParametersContainKeyAttribute" computerName="ICSWS068" duration="00:00:00.0042365" startTime="2016-08-04T09:59:34.7342481+02:00" endTime="2016-08-04T09:59:34.7397535+02:00" testType="13cdc9d9-ddb5-4fa4-a97d-d965ccfc6d4b" outcome="Passed" testListId="8c84fa94-04c1-424b-9868-57a2d4851a1d" relativeResultsDirectory="f2e349bf-cefa-47c3-97c1-5b735b9a65a9">
      <Output>
        <StdOut>Debug Trace:
UnitTests_SAS.FakeEntityForKeyTest
iCore.Common.Entities.EntityKey
iCore.Common.Entities.EntityKey[]
System.Collections.Generic.IEnumerable`1[[iCore.Common.Entities.EntityKey, iCore.Common.Entities, Version=3.40.0.0, Culture=neutral, PublicKeyToken=fe44b4a6e7c933aa]]
iCore.Common.Entities.EntityTypeId</StdOut>
      </Output>
    </UnitTestResult>
    <UnitTestResult executionId="399da762-d087-4975-b775-b871791deca0" testId="05788f0d-0fff-7ade-9b02-af738d0ecdf4" testName="TypeInfoModelRepository_AddingTypeWithCommandProviderOnBaseClass_CommandsFromCommandProviderFromBothTheTypeAndItsInheritedClassAreAvaiblable" computerName="ICSWS068" duration="00:00:00.0033832" startTime="2016-08-04T09:59:34.7422541+02:00" endTime="2016-08-04T09:59:34.7474247+02:00" testType="13cdc9d9-ddb5-4fa4-a97d-d965ccfc6d4b" outcome="Passed" testListId="8c84fa94-04c1-424b-9868-57a2d4851a1d" relativeResultsDirectory="399da762-d087-4975-b775-b871791deca0">
      <Output>
        <StdOut>Debug Trace:
UnitTests_SAS.FakeEntityChild
iCore.Common.Entities.EntityKey
iCore.Common.Entities.EntityTypeId</StdOut>
      </Output>
    </UnitTestResult>
  </Results>
  <TestDefinitions>
    <UnitTest name="Constructor_TotalCountIsSetCorrectly" storage="f:\etwork\bin\tests\unittests.systemaccessservice.dll" id="7d8af94c-d133-d414-bb7e-c9a091e82b4e">
      <Execution id="5545c137-8b77-4fdf-969a-73436789ff3c" />
      <TestMethod codeBase="F:\ETWork\bin\Tests\UnitTests.SystemAccessService.dll" adapterTypeName="Microsoft.VisualStudio.TestTools.TestTypes.Unit.UnitTestAdapter" className="UnitTests_SAS.FlatTreeIndexTests" name="Constructor_TotalCountIsSetCorrectly" />
    </UnitTest>
    <UnitTest name="ExpandNode_FirstChildOfRoot_UpdatesTotalCountCorrectly" storage="f:\etwork\bin\tests\unittests.systemaccessservice.dll" id="6781a93a-65f0-9714-b72d-6a8ced0e5844">
      <Execution id="7ba4a3f9-068e-4127-bd99-873aacd663fb" />
      <TestMethod codeBase="F:\ETWork\bin\Tests\UnitTests.SystemAccessService.dll" adapterTypeName="Microsoft.VisualStudio.TestTools.TestTypes.Unit.UnitTestAdapter" className="UnitTests_SAS.FlatTreeIndexTests" name="ExpandNode_FirstChildOfRoot_UpdatesTotalCountCorrectly" />
    </UnitTest>
    <UnitTest name="ExpandNode_MiddleChildOfRoot_UpdatesTotalCountCorrectly" storage="f:\etwork\bin\tests\unittests.systemaccessservice.dll" id="a241e5b9-589c-3a2f-5be0-a3f7cbe92c6c">
      <Execution id="fee97ba4-947d-4b8a-9caa-5e5d4cb760b3" />
      <TestMethod codeBase="F:\ETWork\bin\Tests\UnitTests.SystemAccessService.dll" adapterTypeName="Microsoft.VisualStudio.TestTools.TestTypes.Unit.UnitTestAdapter" className="UnitTests_SAS.FlatTreeIndexTests" name="ExpandNode_MiddleChildOfRoot_UpdatesTotalCountCorrectly" />
    </UnitTest>
    <UnitTest name="ExpandNode_LastChildOfRoot_UpdatesTotalCountCorrectly" storage="f:\etwork\bin\tests\unittests.systemaccessservice.dll" id="a204492b-9a91-e21b-f86b-2d61263ef4fb">
      <Execution id="6da9762b-39c9-4194-b0f7-8ae53bd8552f" />
      <TestMethod codeBase="F:\ETWork\bin\Tests\UnitTests.SystemAccessService.dll" adapterTypeName="Microsoft.VisualStudio.TestTools.TestTypes.Unit.UnitTestAdapter" className="UnitTests_SAS.FlatTreeIndexTests" name="ExpandNode_LastChildOfRoot_UpdatesTotalCountCorrectly" />
    </UnitTest>
    <UnitTest name="ExpandNode_NonExistingNode_ThrowsArgumentOufOfRangeException" storage="f:\etwork\bin\tests\unittests.systemaccessservice.dll" id="03fc0139-4e57-629e-0f9d-d1b970562f5b">
      <Execution id="3f2d9f7d-1527-4d83-90e5-f214d8dc801e" />
      <TestMethod codeBase="F:\ETWork\bin\Tests\UnitTests.SystemAccessService.dll" adapterTypeName="Microsoft.VisualStudio.TestTools.TestTypes.Unit.UnitTestAdapter" className="UnitTests_SAS.FlatTreeIndexTests" name="ExpandNode_NonExistingNode_ThrowsArgumentOufOfRangeException" />
    </UnitTest>
    <UnitTest name="GetRange_FullRange_Level0NodesOnly_ReturnsCorrectRange" storage="f:\etwork\bin\tests\unittests.systemaccessservice.dll" id="e52ce2bf-1443-98cb-ccd4-03d73a8047f4">
      <Execution id="bb25cabb-26fe-4806-a72d-79b85349f733" />
      <TestMethod codeBase="F:\ETWork\bin\Tests\UnitTests.SystemAccessService.dll" adapterTypeName="Microsoft.VisualStudio.TestTools.TestTypes.Unit.UnitTestAdapter" className="UnitTests_SAS.FlatTreeIndexTests" name="GetRange_FullRange_Level0NodesOnly_ReturnsCorrectRange" />
    </UnitTest>
    <UnitTest name="GetRange_InitialRange_Level0NodesOnly_ReturnsCorrectRange" storage="f:\etwork\bin\tests\unittests.systemaccessservice.dll" id="ea311f00-3efa-b188-1c72-971fa5adb733">
      <Execution id="34674f59-be55-4e25-bb6b-6de79f115e2a" />
      <TestMethod codeBase="F:\ETWork\bin\Tests\UnitTests.SystemAccessService.dll" adapterTypeName="Microsoft.VisualStudio.TestTools.TestTypes.Unit.UnitTestAdapter" className="UnitTests_SAS.FlatTreeIndexTests" name="GetRange_InitialRange_Level0NodesOnly_ReturnsCorrectRange" />
    </UnitTest>
    <UnitTest name="GetRange_TailRange_Level0NodesOnly_ReturnsCorrectRange" storage="f:\etwork\bin\tests\unittests.systemaccessservice.dll" id="8156a715-d9e7-f163-b3b7-0637a34a4870">
      <Execution id="c7f61954-dc54-4565-a6bc-4d519b9521b8" />
      <TestMethod codeBase="F:\ETWork\bin\Tests\UnitTests.SystemAccessService.dll" adapterTypeName="Microsoft.VisualStudio.TestTools.TestTypes.Unit.UnitTestAdapter" className="UnitTests_SAS.FlatTreeIndexTests" name="GetRange_TailRange_Level0NodesOnly_ReturnsCorrectRange" />
    </UnitTest>
    <UnitTest name="GetRange_AllRangesFromMixedTree1_ReturnsCorrectRange" storage="f:\etwork\bin\tests\unittests.systemaccessservice.dll" id="13786215-02c0-7560-007c-9fd7c860b0ce">
      <Execution id="3d187f9d-8a23-431f-817c-6a3eb6a0380c" />
      <TestMethod codeBase="F:\ETWork\bin\Tests\UnitTests.SystemAccessService.dll" adapterTypeName="Microsoft.VisualStudio.TestTools.TestTypes.Unit.UnitTestAdapter" className="UnitTests_SAS.FlatTreeIndexTests" name="GetRange_AllRangesFromMixedTree1_ReturnsCorrectRange" />
    </UnitTest>
    <UnitTest name="GetRange_AllRangesFromMixedTree2_ReturnsCorrectRange" storage="f:\etwork\bin\tests\unittests.systemaccessservice.dll" id="702e554e-1927-ee16-731d-8c36d57bc93d">
      <Execution id="6a3acfaa-7280-49bb-8e13-f52912ba9ee1" />
      <TestMethod codeBase="F:\ETWork\bin\Tests\UnitTests.SystemAccessService.dll" adapterTypeName="Microsoft.VisualStudio.TestTools.TestTypes.Unit.UnitTestAdapter" className="UnitTests_SAS.FlatTreeIndexTests" name="GetRange_AllRangesFromMixedTree2_ReturnsCorrectRange" />
    </UnitTest>
    <UnitTest name="GetRange_AllRangesFromMixedTree3_ReturnsCorrectRange" storage="f:\etwork\bin\tests\unittests.systemaccessservice.dll" id="5135c4db-b7b8-797c-5309-b5cd293e5851">
      <Execution id="ee68fc22-297c-4119-aa1c-4be68e757214" />
      <TestMethod codeBase="F:\ETWork\bin\Tests\UnitTests.SystemAccessService.dll" adapterTypeName="Microsoft.VisualStudio.TestTools.TestTypes.Unit.UnitTestAdapter" className="UnitTests_SAS.FlatTreeIndexTests" name="GetRange_AllRangesFromMixedTree3_ReturnsCorrectRange" />
    </UnitTest>
    <UnitTest name="CollapseNode_AllRangesFromMixedTree_ReturnsCorrectRange" storage="f:\etwork\bin\tests\unittests.systemaccessservice.dll" id="7e8c1cd8-f9ef-144e-369c-1a45c8b73f8a">
      <Execution id="3db8800b-2ed1-4474-88c0-6d327a761a14" />
      <TestMethod codeBase="F:\ETWork\bin\Tests\UnitTests.SystemAccessService.dll" adapterTypeName="Microsoft.VisualStudio.TestTools.TestTypes.Unit.UnitTestAdapter" className="UnitTests_SAS.FlatTreeIndexTests" name="CollapseNode_AllRangesFromMixedTree_ReturnsCorrectRange" />
    </UnitTest>
    <UnitTest name="CollapseNode_AllRangesFromMixedTree_ReturnsCorrectOrphanedDataSetKeys" storage="f:\etwork\bin\tests\unittests.systemaccessservice.dll" id="f5baab99-6ea3-602b-1ad5-b488e1fdb89a">
      <Execution id="7289a559-81be-4c11-b625-ba159e1b2d3c" />
      <TestMethod codeBase="F:\ETWork\bin\Tests\UnitTests.SystemAccessService.dll" adapterTypeName="Microsoft.VisualStudio.TestTools.TestTypes.Unit.UnitTestAdapter" className="UnitTests_SAS.FlatTreeIndexTests" name="CollapseNode_AllRangesFromMixedTree_ReturnsCorrectOrphanedDataSetKeys" />
    </UnitTest>
    <UnitTest name="GetRange_AllAfterSingleExpandedRow_ReturnsCorrectResult" storage="f:\etwork\bin\tests\unittests.systemaccessservice.dll" id="bcc58c5d-259b-5f44-4caf-c41cfd24e5df">
      <Execution id="828b7fa6-7c4e-410c-89c3-a501c8647950" />
      <TestMethod codeBase="F:\ETWork\bin\Tests\UnitTests.SystemAccessService.dll" adapterTypeName="Microsoft.VisualStudio.TestTools.TestTypes.Unit.UnitTestAdapter" className="UnitTests_SAS.FlatTreeIndexTests" name="GetRange_AllAfterSingleExpandedRow_ReturnsCorrectResult" />
    </UnitTest>
    <UnitTest name="ParameterInfoModel_Constructor_AllWhiteSpaceAreRemovedFromName" storage="f:\etwork\bin\tests\unittests.systemaccessservice.dll" id="26e09a63-765c-90d8-38ff-cf9bd4347e20">
      <Execution id="e2b70ff3-a8c1-4764-b2d0-b16c6d3b2fba" />
      <TestMethod codeBase="F:\ETWork\bin\Tests\UnitTests.SystemAccessService.dll" adapterTypeName="Microsoft.VisualStudio.TestTools.TestTypes.Unit.UnitTestAdapter" className="UnitTests_SAS.ParameterInfoModelTests" name="ParameterInfoModel_Constructor_AllWhiteSpaceAreRemovedFromName" />
    </UnitTest>
    <UnitTest name="GetSlotAsync_NewPool_ReturnsNonStartedProcessSlot" storage="f:\etwork\bin\tests\unittests.systemaccessservice.dll" id="7f7d8238-4f3f-9478-cf1f-408b5ab9ef20">
      <Execution id="f20d8d9c-d1d1-4348-baba-030e3d039407" />
      <TestMethod codeBase="F:\ETWork\bin\Tests\UnitTests.SystemAccessService.dll" adapterTypeName="Microsoft.VisualStudio.TestTools.TestTypes.Unit.UnitTestAdapter" className="UnitTests_SAS.SasWorkerHostPoolTests" name="GetSlotAsync_NewPool_ReturnsNonStartedProcessSlot" />
    </UnitTest>
    <UnitTest name="GetSlotAsync_NewPool_ReturnsAllEmptySlotsAndNoMore" storage="f:\etwork\bin\tests\unittests.systemaccessservice.dll" id="27a5ae31-8350-621f-a00c-1130763eef3a">
      <Execution id="f80f63d0-d060-4259-81e3-62ef752e5a5e" />
      <TestMethod codeBase="F:\ETWork\bin\Tests\UnitTests.SystemAccessService.dll" adapterTypeName="Microsoft.VisualStudio.TestTools.TestTypes.Unit.UnitTestAdapter" className="UnitTests_SAS.SasWorkerHostPoolTests" name="GetSlotAsync_NewPool_ReturnsAllEmptySlotsAndNoMore" />
    </UnitTest>
    <UnitTest name="GetSlotAsync_OneSlotWithMatchingDomainAvailable_ReturnsExpectedSlot" storage="f:\etwork\bin\tests\unittests.systemaccessservice.dll" id="d1eb526a-9644-2d0e-7569-339e89b99649">
      <Execution id="7c0d1a5b-30af-4cea-8c21-eec93f8c6e6d" />
      <TestMethod codeBase="F:\ETWork\bin\Tests\UnitTests.SystemAccessService.dll" adapterTypeName="Microsoft.VisualStudio.TestTools.TestTypes.Unit.UnitTestAdapter" className="UnitTests_SAS.SasWorkerHostPoolTests" name="GetSlotAsync_OneSlotWithMatchingDomainAvailable_ReturnsExpectedSlot" />
    </UnitTest>
    <UnitTest name="GetSlotAsync_NoSlotWithMatchingDomainAvailableAndOneNonCreatedDomain_ReturnsFreeSlot" storage="f:\etwork\bin\tests\unittests.systemaccessservice.dll" id="f1237f1f-fe83-1d6f-1fe3-248aadd69758">
      <Execution id="aa66558e-cb64-4d7b-8b8b-62c8144678e5" />
      <TestMethod codeBase="F:\ETWork\bin\Tests\UnitTests.SystemAccessService.dll" adapterTypeName="Microsoft.VisualStudio.TestTools.TestTypes.Unit.UnitTestAdapter" className="UnitTests_SAS.SasWorkerHostPoolTests" name="GetSlotAsync_NoSlotWithMatchingDomainAvailableAndOneNonCreatedDomain_ReturnsFreeSlot" />
    </UnitTest>
    <UnitTest name="GetSlotAsync_NoSlotWithMatchingDomainAvailableAndNoMoreDomainsAvailable_ReturnsSlotForNewProcess" storage="f:\etwork\bin\tests\unittests.systemaccessservice.dll" id="64f927e9-2b57-785f-4e90-91af5b29a579">
      <Execution id="959b6f5e-9cd7-4b16-b999-73579b5861ee" />
      <TestMethod codeBase="F:\ETWork\bin\Tests\UnitTests.SystemAccessService.dll" adapterTypeName="Microsoft.VisualStudio.TestTools.TestTypes.Unit.UnitTestAdapter" className="UnitTests_SAS.SasWorkerHostPoolTests" name="GetSlotAsync_NoSlotWithMatchingDomainAvailableAndNoMoreDomainsAvailable_ReturnsSlotForNewProcess" />
    </UnitTest>
    <UnitTest name="GetSlotAsync_NoSlotWithMatchingDomainAvailableAndNoMoreDomainsOrProcessesAvailable_ReturnsAReferenceToASlotWithDifferentDomainSettings" storage="f:\etwork\bin\tests\unittests.systemaccessservice.dll" id="c4d46dcf-78e7-30cb-e9db-0f6a64217239">
      <Execution id="142f74ef-ec89-4a0a-b152-b62f1ab00099" />
      <TestMethod codeBase="F:\ETWork\bin\Tests\UnitTests.SystemAccessService.dll" adapterTypeName="Microsoft.VisualStudio.TestTools.TestTypes.Unit.UnitTestAdapter" className="UnitTests_SAS.SasWorkerHostPoolTests" name="GetSlotAsync_NoSlotWithMatchingDomainAvailableAndNoMoreDomainsOrProcessesAvailable_ReturnsAReferenceToASlotWithDifferentDomainSettings" />
    </UnitTest>
    <UnitTest name="GetSlotAsync_NoSlotsAvailable_JobCompleted_SlotIsReturned" storage="f:\etwork\bin\tests\unittests.systemaccessservice.dll" id="98d875e5-c1a3-824e-5782-c1e4588a3675">
      <Execution id="68b2f9fe-ea2d-4d6a-9850-530cd0a65a5d" />
      <TestMethod codeBase="F:\ETWork\bin\Tests\UnitTests.SystemAccessService.dll" adapterTypeName="Microsoft.VisualStudio.TestTools.TestTypes.Unit.UnitTestAdapter" className="UnitTests_SAS.SasWorkerHostPoolTests" name="GetSlotAsync_NoSlotsAvailable_JobCompleted_SlotIsReturned" />
    </UnitTest>
    <UnitTest name="GetSlotAsync_SlotIsDisposedWithoutAssigningAJob_SlotIsReturnedToPool" storage="f:\etwork\bin\tests\unittests.systemaccessservice.dll" id="1b88d6fd-5562-9583-f9d0-89a5b61e0b4e">
      <Execution id="5ec4cbaf-ebfe-44e1-9c39-045d88afacf3" />
      <TestMethod codeBase="F:\ETWork\bin\Tests\UnitTests.SystemAccessService.dll" adapterTypeName="Microsoft.VisualStudio.TestTools.TestTypes.Unit.UnitTestAdapter" className="UnitTests_SAS.SasWorkerHostPoolTests" name="GetSlotAsync_SlotIsDisposedWithoutAssigningAJob_SlotIsReturnedToPool" />
    </UnitTest>
    <UnitTest name="GetSlotAsync_SlotIsDisposedAfterAssigningAJob_SlotIsNotReturnedToPool" storage="f:\etwork\bin\tests\unittests.systemaccessservice.dll" id="ef884663-a7b5-9712-61c1-c26f312d9e9c">
      <Execution id="e4092c6f-8b93-44a7-9b92-b081e872dea8" />
      <TestMethod codeBase="F:\ETWork\bin\Tests\UnitTests.SystemAccessService.dll" adapterTypeName="Microsoft.VisualStudio.TestTools.TestTypes.Unit.UnitTestAdapter" className="UnitTests_SAS.SasWorkerHostPoolTests" name="GetSlotAsync_SlotIsDisposedAfterAssigningAJob_SlotIsNotReturnedToPool" />
    </UnitTest>
    <UnitTest name="CompleteJob_JobRunning_SlotIsReturned" storage="f:\etwork\bin\tests\unittests.systemaccessservice.dll" id="c9d723b5-29c8-5011-22e8-3d157df237bb">
      <Execution id="c665a696-0661-4d88-9c86-03a0fee59741" />
      <TestMethod codeBase="F:\ETWork\bin\Tests\UnitTests.SystemAccessService.dll" adapterTypeName="Microsoft.VisualStudio.TestTools.TestTypes.Unit.UnitTestAdapter" className="UnitTests_SAS.SasWorkerHostPoolTests" name="CompleteJob_JobRunning_SlotIsReturned" />
    </UnitTest>
    <UnitTest name="AssignProcess_NewProcess_AdditionalSlotsAreAdded" storage="f:\etwork\bin\tests\unittests.systemaccessservice.dll" id="5eab0227-ed42-3466-58f9-ca80a1a0c49a">
      <Execution id="c41d9a9d-62af-487c-a230-339e7ff6188e" />
      <TestMethod codeBase="F:\ETWork\bin\Tests\UnitTests.SystemAccessService.dll" adapterTypeName="Microsoft.VisualStudio.TestTools.TestTypes.Unit.UnitTestAdapter" className="UnitTests_SAS.SasWorkerHostPoolTests" name="AssignProcess_NewProcess_AdditionalSlotsAreAdded" />
    </UnitTest>
    <UnitTest name="AssignProcess_NewProcess_AdditionalSlotsAreAdded2" storage="f:\etwork\bin\tests\unittests.systemaccessservice.dll" id="4ccacc80-21dd-04f7-5c0c-2f7887f20e2c">
      <Execution id="d882dc23-d3f6-407d-a280-ee5702b9c17d" />
      <TestMethod codeBase="F:\ETWork\bin\Tests\UnitTests.SystemAccessService.dll" adapterTypeName="Microsoft.VisualStudio.TestTools.TestTypes.Unit.UnitTestAdapter" className="UnitTests_SAS.SasWorkerHostPoolTests" name="AssignProcess_NewProcess_AdditionalSlotsAreAdded2" />
    </UnitTest>
    <UnitTest name="GetSlotAsync_OneSlotWithMatchingDomainAndNoTimeAvailable_ReturnsExpectedSlot" storage="f:\etwork\bin\tests\unittests.systemaccessservice.dll" id="343c547e-08fb-03bb-8cba-ae14b8944b81">
      <Execution id="758660be-cf76-40e0-b61c-576c167a0ee6" />
      <TestMethod codeBase="F:\ETWork\bin\Tests\UnitTests.SystemAccessService.dll" adapterTypeName="Microsoft.VisualStudio.TestTools.TestTypes.Unit.UnitTestAdapter" className="UnitTests_SAS.SasWorkerHostPoolTests" name="GetSlotAsync_OneSlotWithMatchingDomainAndNoTimeAvailable_ReturnsExpectedSlot" />
    </UnitTest>
    <UnitTest name="ExecuteCommand_InvokingProviderMethodWithInvalidNumberOfParameters_ExceptionIsThrown" storage="f:\etwork\bin\tests\unittests.systemaccessservice.dll" id="65d9b275-8c19-280a-b252-294c73d9eb9c">
      <Execution id="e9308709-8a72-447b-96c2-6b7d1bcd06b9" />
      <TestMethod codeBase="F:\ETWork\bin\Tests\UnitTests.SystemAccessService.dll" adapterTypeName="Microsoft.VisualStudio.TestTools.TestTypes.Unit.UnitTestAdapter" className="UnitTests_SAS.SystemAccessServiceCommandTests" name="ExecuteCommand_InvokingProviderMethodWithInvalidNumberOfParameters_ExceptionIsThrown" />
    </UnitTest>
    <UnitTest name="ExecuteCommand_InvokingProviderMethodWithValidNumberOfParameters_SuccessResultIsReturned" storage="f:\etwork\bin\tests\unittests.systemaccessservice.dll" id="935d43fb-cd63-c8c1-e612-7986a1b34845">
      <Execution id="ac0fcce9-8f2a-46db-a6e3-36724b51fd7d" />
      <TestMethod codeBase="F:\ETWork\bin\Tests\UnitTests.SystemAccessService.dll" adapterTypeName="Microsoft.VisualStudio.TestTools.TestTypes.Unit.UnitTestAdapter" className="UnitTests_SAS.SystemAccessServiceCommandTests" name="ExecuteCommand_InvokingProviderMethodWithValidNumberOfParameters_SuccessResultIsReturned" />
    </UnitTest>
    <UnitTest name="ExecuteCommand_InvokedProviderCommandThrowsException_ErrorResultIsReturned" storage="f:\etwork\bin\tests\unittests.systemaccessservice.dll" id="4436e9e9-2bcc-4ce9-8140-5a2032dbc157">
      <Execution id="4b1ddebe-e043-46ad-a484-cb3d29478f9f" />
      <TestMethod codeBase="F:\ETWork\bin\Tests\UnitTests.SystemAccessService.dll" adapterTypeName="Microsoft.VisualStudio.TestTools.TestTypes.Unit.UnitTestAdapter" className="UnitTests_SAS.SystemAccessServiceCommandTests" name="ExecuteCommand_InvokedProviderCommandThrowsException_ErrorResultIsReturned" />
    </UnitTest>
    <UnitTest name="ExecuteCommand_InvokedProviderCommandWhichReturnsStreamContent_StreamResult" storage="f:\etwork\bin\tests\unittests.systemaccessservice.dll" id="572c3544-26c6-68ab-0e11-ed27b6e1feff">
      <Execution id="843658cd-1eac-4578-86ad-8f2165794541" />
      <TestMethod codeBase="F:\ETWork\bin\Tests\UnitTests.SystemAccessService.dll" adapterTypeName="Microsoft.VisualStudio.TestTools.TestTypes.Unit.UnitTestAdapter" className="UnitTests_SAS.SystemAccessServiceCommandTests" name="ExecuteCommand_InvokedProviderCommandWhichReturnsStreamContent_StreamResult" />
    </UnitTest>
    <UnitTest name="ExecuteCommand_DownloadingCommandStream_EntireStreamContentIsDownloaded" storage="f:\etwork\bin\tests\unittests.systemaccessservice.dll" id="b46a86e3-39cb-77cb-d986-6182f64a631a">
      <Execution id="a37208d6-36c0-42f6-82a3-491ec5601b30" />
      <TestMethod codeBase="F:\ETWork\bin\Tests\UnitTests.SystemAccessService.dll" adapterTypeName="Microsoft.VisualStudio.TestTools.TestTypes.Unit.UnitTestAdapter" className="UnitTests_SAS.SystemAccessServiceCommandTests" name="ExecuteCommand_DownloadingCommandStream_EntireStreamContentIsDownloaded" />
    </UnitTest>
    <UnitTest name="ExecuteCommand_ExceptionWhenDownloadingCommandStream_ErrorResultReturnedWhenQueryingStreamStatus" storage="f:\etwork\bin\tests\unittests.systemaccessservice.dll" id="200537b6-3009-7dc4-53f4-80a8ec548e29">
      <Execution id="c19dafec-7ff0-4de3-a2a7-1328936e65c6" />
      <TestMethod codeBase="F:\ETWork\bin\Tests\UnitTests.SystemAccessService.dll" adapterTypeName="Microsoft.VisualStudio.TestTools.TestTypes.Unit.UnitTestAdapter" className="UnitTests_SAS.SystemAccessServiceCommandTests" name="ExecuteCommand_ExceptionWhenDownloadingCommandStream_ErrorResultReturnedWhenQueryingStreamStatus" />
    </UnitTest>
    <UnitTest name="ExecuteCommand_ValidatingProgressInformation_ProgressReportInfoIsCorrect" storage="f:\etwork\bin\tests\unittests.systemaccessservice.dll" id="5aeb70f9-c3b3-455d-48d3-c265f70a6a38">
      <Execution id="1ce27850-fb8a-401f-af8e-d0dce50d2f63" />
      <TestMethod codeBase="F:\ETWork\bin\Tests\UnitTests.SystemAccessService.dll" adapterTypeName="Microsoft.VisualStudio.TestTools.TestTypes.Unit.UnitTestAdapter" className="UnitTests_SAS.SystemAccessServiceCommandTests" name="ExecuteCommand_ValidatingProgressInformation_ProgressReportInfoIsCorrect" />
    </UnitTest>
    <UnitTest name="ExecuteCommand_ProgressReportingDuringCommandExecution_ExpectedProgressStatusesIsReceived" storage="f:\etwork\bin\tests\unittests.systemaccessservice.dll" id="05061250-39a5-1fb9-8243-a4ca08fa3dd4">
      <Execution id="3c13d9c5-2e17-4bcc-92b9-557ddaa016b7" />
      <TestMethod codeBase="F:\ETWork\bin\Tests\UnitTests.SystemAccessService.dll" adapterTypeName="Microsoft.VisualStudio.TestTools.TestTypes.Unit.UnitTestAdapter" className="UnitTests_SAS.SystemAccessServiceCommandTests" name="ExecuteCommand_ProgressReportingDuringCommandExecution_ExpectedProgressStatusesIsReceived" />
    </UnitTest>
    <UnitTest name="ExecuteCommand_ProgressReportingWithMessageConfirmationDuringCommandExecution" storage="f:\etwork\bin\tests\unittests.systemaccessservice.dll" id="04252baf-1cb9-bcbd-5507-7274a0fe1f6d">
      <Execution id="f9666c38-268b-48fd-a5ea-38aa64672b8c" />
      <TestMethod codeBase="F:\ETWork\bin\Tests\UnitTests.SystemAccessService.dll" adapterTypeName="Microsoft.VisualStudio.TestTools.TestTypes.Unit.UnitTestAdapter" className="UnitTests_SAS.SystemAccessServiceCommandTests" name="ExecuteCommand_ProgressReportingWithMessageConfirmationDuringCommandExecution" />
    </UnitTest>
    <UnitTest name="ExecuteCommand_ProgressReportingLateException_ProgressInfoAndErrorResultIsReceived" storage="f:\etwork\bin\tests\unittests.systemaccessservice.dll" id="04cd3f16-d2a5-1a49-a392-382e6857baa8">
      <Execution id="fce3be8e-7446-4c18-814c-963c364ca801" />
      <TestMethod codeBase="F:\ETWork\bin\Tests\UnitTests.SystemAccessService.dll" adapterTypeName="Microsoft.VisualStudio.TestTools.TestTypes.Unit.UnitTestAdapter" className="UnitTests_SAS.SystemAccessServiceCommandTests" name="ExecuteCommand_ProgressReportingLateException_ProgressInfoAndErrorResultIsReceived" />
    </UnitTest>
    <UnitTest name="ExecuteCommand_ProgressReportingEarlyException_ErrorResultIsReceived" storage="f:\etwork\bin\tests\unittests.systemaccessservice.dll" id="83a0385b-730a-88b9-2efc-76ba87f166ad">
      <Execution id="574129b5-10f3-4122-bf0a-a35b4929856f" />
      <TestMethod codeBase="F:\ETWork\bin\Tests\UnitTests.SystemAccessService.dll" adapterTypeName="Microsoft.VisualStudio.TestTools.TestTypes.Unit.UnitTestAdapter" className="UnitTests_SAS.SystemAccessServiceCommandTests" name="ExecuteCommand_ProgressReportingEarlyException_ErrorResultIsReceived" />
    </UnitTest>
    <UnitTest name="GetAllSystems_NoSacl_ListsAllSystems" storage="f:\etwork\bin\tests\unittests.systemaccessservice.dll" id="0abd71ca-ff15-d09a-284f-9ed6d275d33d">
      <Execution id="0ae47633-5540-4854-9874-788baeba6455" />
      <TestMethod codeBase="F:\ETWork\bin\Tests\UnitTests.SystemAccessService.dll" adapterTypeName="Microsoft.VisualStudio.TestTools.TestTypes.Unit.UnitTestAdapter" className="UnitTests_SAS.SystemAccessServiceMiscTests" name="GetAllSystems_NoSacl_ListsAllSystems" />
    </UnitTest>
    <UnitTest name="GetAllSystems_AllowDefault_SingleDeny_ListsAllSystemsExceptDenied" storage="f:\etwork\bin\tests\unittests.systemaccessservice.dll" id="448d194e-8f6e-0913-3eb2-7c7bebf82bbd">
      <Execution id="a064a7db-d02e-479c-9e5c-d059928cef70" />
      <TestMethod codeBase="F:\ETWork\bin\Tests\UnitTests.SystemAccessService.dll" adapterTypeName="Microsoft.VisualStudio.TestTools.TestTypes.Unit.UnitTestAdapter" className="UnitTests_SAS.SystemAccessServiceMiscTests" name="GetAllSystems_AllowDefault_SingleDeny_ListsAllSystemsExceptDenied" />
    </UnitTest>
    <UnitTest name="GetAllSystems_DenyDefault_NoSacl_ListsNoSystems" storage="f:\etwork\bin\tests\unittests.systemaccessservice.dll" id="1f104d32-6e9f-be26-b8d1-47fc1f1ec55c">
      <Execution id="1069687c-01d8-4a97-b379-7cb7b0ca585a" />
      <TestMethod codeBase="F:\ETWork\bin\Tests\UnitTests.SystemAccessService.dll" adapterTypeName="Microsoft.VisualStudio.TestTools.TestTypes.Unit.UnitTestAdapter" className="UnitTests_SAS.SystemAccessServiceMiscTests" name="GetAllSystems_DenyDefault_NoSacl_ListsNoSystems" />
    </UnitTest>
    <UnitTest name="GetAllSystems_DenyDefault_SingleAllow_ListsNoSystems" storage="f:\etwork\bin\tests\unittests.systemaccessservice.dll" id="94cce4c8-14fe-6908-41ce-e44eb63792b2">
      <Execution id="7661c815-b3ac-4c47-9282-fd46315dac2b" />
      <TestMethod codeBase="F:\ETWork\bin\Tests\UnitTests.SystemAccessService.dll" adapterTypeName="Microsoft.VisualStudio.TestTools.TestTypes.Unit.UnitTestAdapter" className="UnitTests_SAS.SystemAccessServiceMiscTests" name="GetAllSystems_DenyDefault_SingleAllow_ListsNoSystems" />
    </UnitTest>
    <UnitTest name="GetAllSystems_DenyDefault_StarAllow_ListsExpectedSystems" storage="f:\etwork\bin\tests\unittests.systemaccessservice.dll" id="f12d4e5d-40e4-d199-1cc3-d2fd2f38e362">
      <Execution id="dcc81d53-98a0-4d59-9026-1b0c26da757c" />
      <TestMethod codeBase="F:\ETWork\bin\Tests\UnitTests.SystemAccessService.dll" adapterTypeName="Microsoft.VisualStudio.TestTools.TestTypes.Unit.UnitTestAdapter" className="UnitTests_SAS.SystemAccessServiceMiscTests" name="GetAllSystems_DenyDefault_StarAllow_ListsExpectedSystems" />
    </UnitTest>
    <UnitTest name="LogInToSystem_Success" storage="f:\etwork\bin\tests\unittests.systemaccessservice.dll" id="34689331-be49-9dbc-f8a1-d95802801f83">
      <Execution id="4a3be737-0a80-40cc-aef6-9b0722d6ad42" />
      <TestMethod codeBase="F:\ETWork\bin\Tests\UnitTests.SystemAccessService.dll" adapterTypeName="Microsoft.VisualStudio.TestTools.TestTypes.Unit.UnitTestAdapter" className="UnitTests_SAS.SystemAccessServiceMiscTests" name="LogInToSystem_Success" />
    </UnitTest>
    <UnitTest name="LogInToSystem_UnauthorizedExceptionThrown_ExceptionIsRethrownAsFaultException" storage="f:\etwork\bin\tests\unittests.systemaccessservice.dll" id="07c2f487-d3b1-13bd-ab1d-c942ee888810">
      <Execution id="c5a4c693-6d0e-4dab-bfed-791435a792fb" />
      <TestMethod codeBase="F:\ETWork\bin\Tests\UnitTests.SystemAccessService.dll" adapterTypeName="Microsoft.VisualStudio.TestTools.TestTypes.Unit.UnitTestAdapter" className="UnitTests_SAS.SystemAccessServiceMiscTests" name="LogInToSystem_UnauthorizedExceptionThrown_ExceptionIsRethrownAsFaultException" />
    </UnitTest>
    <UnitTest name="GetAllSystems_ListsSystemsWhenLoggedIn" storage="f:\etwork\bin\tests\unittests.systemaccessservice.dll" id="bff4532c-9a80-ab07-2c61-f767e41965fb">
      <Execution id="2f45883b-bfb9-4cc0-88ff-326f4939fe31" />
      <TestMethod codeBase="F:\ETWork\bin\Tests\UnitTests.SystemAccessService.dll" adapterTypeName="Microsoft.VisualStudio.TestTools.TestTypes.Unit.UnitTestAdapter" className="UnitTests_SAS.SystemAccessServiceMiscTests" name="GetAllSystems_ListsSystemsWhenLoggedIn" />
    </UnitTest>
    <UnitTest name="LogInToSystem_Fail" storage="f:\etwork\bin\tests\unittests.systemaccessservice.dll" id="ff6469ee-3bf1-a801-f4ba-25d61c806065">
      <Execution id="8f296ef4-63af-4ad6-a805-e3c7c28c4b53" />
      <TestMethod codeBase="F:\ETWork\bin\Tests\UnitTests.SystemAccessService.dll" adapterTypeName="Microsoft.VisualStudio.TestTools.TestTypes.Unit.UnitTestAdapter" className="UnitTests_SAS.SystemAccessServiceMiscTests" name="LogInToSystem_Fail" />
    </UnitTest>
    <UnitTest name="LogOffSystem" storage="f:\etwork\bin\tests\unittests.systemaccessservice.dll" id="f139e829-28c9-5790-fd1c-a0da0734d076">
      <Execution id="1e9eef1a-ecfc-4ef6-b9e8-2a19048a328a" />
      <TestMethod codeBase="F:\ETWork\bin\Tests\UnitTests.SystemAccessService.dll" adapterTypeName="Microsoft.VisualStudio.TestTools.TestTypes.Unit.UnitTestAdapter" className="UnitTests_SAS.SystemAccessServiceMiscTests" name="LogOffSystem" />
    </UnitTest>
    <UnitTest name="GetChildNodes_GetEntityTypeNodes" storage="f:\etwork\bin\tests\unittests.systemaccessservice.dll" id="9e0eb17c-96cc-cbd1-b27b-f6f187406f35">
      <Execution id="f9971201-e646-409c-98ca-ed80f1514c59" />
      <TestMethod codeBase="F:\ETWork\bin\Tests\UnitTests.SystemAccessService.dll" adapterTypeName="Microsoft.VisualStudio.TestTools.TestTypes.Unit.UnitTestAdapter" className="UnitTests_SAS.SystemAccessServiceMiscTests" name="GetChildNodes_GetEntityTypeNodes" />
    </UnitTest>
    <UnitTest name="GetChildNodes_GetFilterNodes" storage="f:\etwork\bin\tests\unittests.systemaccessservice.dll" id="a650b3ac-d445-0576-4fd7-f5ec52ee4c5f">
      <Execution id="817121fb-53f6-4bbd-8256-56c037003708" />
      <TestMethod codeBase="F:\ETWork\bin\Tests\UnitTests.SystemAccessService.dll" adapterTypeName="Microsoft.VisualStudio.TestTools.TestTypes.Unit.UnitTestAdapter" className="UnitTests_SAS.SystemAccessServiceMiscTests" name="GetChildNodes_GetFilterNodes" />
    </UnitTest>
    <UnitTest name="GetSystemServiceStateResultAsync_GetsCalled_CorrectServiceStatusIsReturned" storage="f:\etwork\bin\tests\unittests.systemaccessservice.dll" id="0ca1503d-b491-6246-88d0-0baa3504045d">
      <Execution id="b48c3dd6-abba-4797-a8eb-2c8506edfaa1" />
      <TestMethod codeBase="F:\ETWork\bin\Tests\UnitTests.SystemAccessService.dll" adapterTypeName="Microsoft.VisualStudio.TestTools.TestTypes.Unit.UnitTestAdapter" className="UnitTests_SAS.SystemAccessServiceMiscTests" name="GetSystemServiceStateResultAsync_GetsCalled_CorrectServiceStatusIsReturned" />
    </UnitTest>
    <UnitTest name="GetSystemServiceStateResultAsync_GetsCalledWithNonExistingServerName_UnknownServiceStatusIsReturned" storage="f:\etwork\bin\tests\unittests.systemaccessservice.dll" id="d41e45f5-c37f-5651-d291-b546fa5370a3">
      <Execution id="8ef3433d-8ae2-4c33-a419-d41ba5e1d80d" />
      <TestMethod codeBase="F:\ETWork\bin\Tests\UnitTests.SystemAccessService.dll" adapterTypeName="Microsoft.VisualStudio.TestTools.TestTypes.Unit.UnitTestAdapter" className="UnitTests_SAS.SystemAccessServiceMiscTests" name="GetSystemServiceStateResultAsync_GetsCalledWithNonExistingServerName_UnknownServiceStatusIsReturned" />
    </UnitTest>
    <UnitTest name="GetWebServiceDefinitonData_SingleWSDLRequested_ReturnsCorrectData" storage="f:\etwork\bin\tests\unittests.systemaccessservice.dll" id="f3a5c60c-5ecc-142b-0027-bef31b1f7d32">
      <Execution id="8b4dbccd-e45a-40f4-9fe3-ee1f6eb251e6" />
      <TestMethod codeBase="F:\ETWork\bin\Tests\UnitTests.SystemAccessService.dll" adapterTypeName="Microsoft.VisualStudio.TestTools.TestTypes.Unit.UnitTestAdapter" className="UnitTests_SAS.SystemAccessService_GetDataTests" name="GetWebServiceDefinitonData_SingleWSDLRequested_ReturnsCorrectData" />
    </UnitTest>
    <UnitTest name="GetWebServiceDefinitonData_MultipleWSDLsRequested_ReturnsZipArchive" storage="f:\etwork\bin\tests\unittests.systemaccessservice.dll" id="0c3e4f26-508d-69ff-a9b2-17aaa84cbd86">
      <Execution id="e00bcc01-cc7c-442d-bb4b-bbce15f9855a" />
      <TestMethod codeBase="F:\ETWork\bin\Tests\UnitTests.SystemAccessService.dll" adapterTypeName="Microsoft.VisualStudio.TestTools.TestTypes.Unit.UnitTestAdapter" className="UnitTests_SAS.SystemAccessService_GetDataTests" name="GetWebServiceDefinitonData_MultipleWSDLsRequested_ReturnsZipArchive" />
    </UnitTest>
    <UnitTest name="GetWebServiceDefinitonData_SingleSchemaRequested_ReturnsCorrectData" storage="f:\etwork\bin\tests\unittests.systemaccessservice.dll" id="efc8f21b-aebe-a733-e825-b10f5cc2bfd2">
      <Execution id="51a6dd44-93cc-4837-92f7-99d0276e7937" />
      <TestMethod codeBase="F:\ETWork\bin\Tests\UnitTests.SystemAccessService.dll" adapterTypeName="Microsoft.VisualStudio.TestTools.TestTypes.Unit.UnitTestAdapter" className="UnitTests_SAS.SystemAccessService_GetDataTests" name="GetWebServiceDefinitonData_SingleSchemaRequested_ReturnsCorrectData" />
    </UnitTest>
    <UnitTest name="GetWebServiceDefinitonData_MultipleSchemasRequested_ReturnsZipArchive" storage="f:\etwork\bin\tests\unittests.systemaccessservice.dll" id="04917752-769d-fb0d-36f0-021c39fd91b1">
      <Execution id="54fa3b62-e70b-43e6-aeb2-fb349d59cfbf" />
      <TestMethod codeBase="F:\ETWork\bin\Tests\UnitTests.SystemAccessService.dll" adapterTypeName="Microsoft.VisualStudio.TestTools.TestTypes.Unit.UnitTestAdapter" className="UnitTests_SAS.SystemAccessService_GetDataTests" name="GetWebServiceDefinitonData_MultipleSchemasRequested_ReturnsZipArchive" />
    </UnitTest>
    <UnitTest name="GetWebServiceDefinitonData_SingleAssemblyRequested_ReturnsCorrectData" storage="f:\etwork\bin\tests\unittests.systemaccessservice.dll" id="d932bf3a-55ad-b0e0-b8d6-5da2df5d3afc">
      <Execution id="a4369e6d-cc4d-4564-8638-9016f8c73e43" />
      <TestMethod codeBase="F:\ETWork\bin\Tests\UnitTests.SystemAccessService.dll" adapterTypeName="Microsoft.VisualStudio.TestTools.TestTypes.Unit.UnitTestAdapter" className="UnitTests_SAS.SystemAccessService_GetDataTests" name="GetWebServiceDefinitonData_SingleAssemblyRequested_ReturnsCorrectData" />
    </UnitTest>
    <UnitTest name="GetWebServiceDefinitonData_MultipleAssembliesRequested_ReturnsZipArchive" storage="f:\etwork\bin\tests\unittests.systemaccessservice.dll" id="56bd0aa4-9d53-e997-7470-f2276bdf26ef">
      <Execution id="cb105f9f-74bc-4e37-9a43-e270086e618b" />
      <TestMethod codeBase="F:\ETWork\bin\Tests\UnitTests.SystemAccessService.dll" adapterTypeName="Microsoft.VisualStudio.TestTools.TestTypes.Unit.UnitTestAdapter" className="UnitTests_SAS.SystemAccessService_GetDataTests" name="GetWebServiceDefinitonData_MultipleAssembliesRequested_ReturnsZipArchive" />
    </UnitTest>
    <UnitTest name="GetNodeData_ReturnsCorrectData" storage="f:\etwork\bin\tests\unittests.systemaccessservice.dll" id="1098e39c-2bf0-9bce-feb0-4aa84d700387">
      <Execution id="4c770639-82eb-4dc4-a98a-5f836a8b9e8c" />
      <TestMethod codeBase="F:\ETWork\bin\Tests\UnitTests.SystemAccessService.dll" adapterTypeName="Microsoft.VisualStudio.TestTools.TestTypes.Unit.UnitTestAdapter" className="UnitTests_SAS.SystemAccessService_GetDataTests" name="GetNodeData_ReturnsCorrectData" />
    </UnitTest>
    <UnitTest name="TypeInfoModelRepository_AddingTypeWithCommandProvider_TypeRepositoryModelCollectionContainsExpectedNumberOfCommands" storage="f:\etwork\bin\tests\unittests.systemaccessservice.dll" id="270cfa4b-c110-56de-5808-b9c7b2c3f56c">
      <Execution id="ba025573-144f-4183-a241-23da0a6b55c0" />
      <TestMethod codeBase="F:\ETWork\bin\Tests\UnitTests.SystemAccessService.dll" adapterTypeName="Microsoft.VisualStudio.TestTools.TestTypes.Unit.UnitTestAdapter" className="UnitTests_SAS.TypeRepositoryCommandProviderDetectionTests" name="TypeInfoModelRepository_AddingTypeWithCommandProvider_TypeRepositoryModelCollectionContainsExpectedNumberOfCommands" />
    </UnitTest>
    <UnitTest name="TypeInfoModelRepository_AddingTypeWithCommandIdAttributeInReflectionContext_ReturnsCommandsWithCorrectIds" storage="f:\etwork\bin\tests\unittests.systemaccessservice.dll" id="5401a602-a1f9-c9b4-4928-b9d64c2f431d">
      <Execution id="039c5819-20c8-4969-89b7-1477a35d596b" />
      <TestMethod codeBase="F:\ETWork\bin\Tests\UnitTests.SystemAccessService.dll" adapterTypeName="Microsoft.VisualStudio.TestTools.TestTypes.Unit.UnitTestAdapter" className="UnitTests_SAS.TypeRepositoryCommandProviderDetectionTests" name="TypeInfoModelRepository_AddingTypeWithCommandIdAttributeInReflectionContext_ReturnsCommandsWithCorrectIds" />
    </UnitTest>
    <UnitTest name="TypeInfoModelRepository_AddingTypeWithCommandProvider_TypeRepositoryModelCollectionContainsExpectedParametersForCommand" storage="f:\etwork\bin\tests\unittests.systemaccessservice.dll" id="c11eedda-05ab-214e-e306-306eba79d945">
      <Execution id="ce874330-01ad-4c35-b85d-f3d2a12e9e07" />
      <TestMethod codeBase="F:\ETWork\bin\Tests\UnitTests.SystemAccessService.dll" adapterTypeName="Microsoft.VisualStudio.TestTools.TestTypes.Unit.UnitTestAdapter" className="UnitTests_SAS.TypeRepositoryCommandProviderDetectionTests" name="TypeInfoModelRepository_AddingTypeWithCommandProvider_TypeRepositoryModelCollectionContainsExpectedParametersForCommand" />
    </UnitTest>
    <UnitTest name="TypeInfoModelRepository_AddingTypeWithCommandProvider_TypeRepositoryModelCollectionContainsExpectedCommandInfo" storage="f:\etwork\bin\tests\unittests.systemaccessservice.dll" id="296d0a2d-80ca-1150-16f5-aac56edcb014">
      <Execution id="21a6c6d1-aa7d-44c1-847b-4c3ea879d47c" />
      <TestMethod codeBase="F:\ETWork\bin\Tests\UnitTests.SystemAccessService.dll" adapterTypeName="Microsoft.VisualStudio.TestTools.TestTypes.Unit.UnitTestAdapter" className="UnitTests_SAS.TypeRepositoryCommandProviderDetectionTests" name="TypeInfoModelRepository_AddingTypeWithCommandProvider_TypeRepositoryModelCollectionContainsExpectedCommandInfo" />
    </UnitTest>
    <UnitTest name="TypeInfoModelRepository_AddingTypeWithCommandProviderWithMethodContainingDifferentKeySignature_CommandKeyParametersContainKeyAttribute" storage="f:\etwork\bin\tests\unittests.systemaccessservice.dll" id="f5a83ee4-0173-7350-220b-755534fff970">
      <Execution id="f2e349bf-cefa-47c3-97c1-5b735b9a65a9" />
      <TestMethod codeBase="F:\ETWork\bin\Tests\UnitTests.SystemAccessService.dll" adapterTypeName="Microsoft.VisualStudio.TestTools.TestTypes.Unit.UnitTestAdapter" className="UnitTests_SAS.TypeRepositoryCommandProviderDetectionTests" name="TypeInfoModelRepository_AddingTypeWithCommandProviderWithMethodContainingDifferentKeySignature_CommandKeyParametersContainKeyAttribute" />
    </UnitTest>
    <UnitTest name="TypeInfoModelRepository_AddingTypeWithCommandProviderOnBaseClass_CommandsFromCommandProviderFromBothTheTypeAndItsInheritedClassAreAvaiblable" storage="f:\etwork\bin\tests\unittests.systemaccessservice.dll" id="05788f0d-0fff-7ade-9b02-af738d0ecdf4">
      <Execution id="399da762-d087-4975-b775-b871791deca0" />
      <TestMethod codeBase="F:\ETWork\bin\Tests\UnitTests.SystemAccessService.dll" adapterTypeName="Microsoft.VisualStudio.TestTools.TestTypes.Unit.UnitTestAdapter" className="UnitTests_SAS.TypeRepositoryCommandProviderDetectionTests" name="TypeInfoModelRepository_AddingTypeWithCommandProviderOnBaseClass_CommandsFromCommandProviderFromBothTheTypeAndItsInheritedClassAreAvaiblable" />
    </UnitTest>
  </TestDefinitions>
  <TestEntries>
    <TestEntry testId="7d8af94c-d133-d414-bb7e-c9a091e82b4e" executionId="5545c137-8b77-4fdf-969a-73436789ff3c" testListId="8c84fa94-04c1-424b-9868-57a2d4851a1d" />
    <TestEntry testId="6781a93a-65f0-9714-b72d-6a8ced0e5844" executionId="7ba4a3f9-068e-4127-bd99-873aacd663fb" testListId="8c84fa94-04c1-424b-9868-57a2d4851a1d" />
    <TestEntry testId="a241e5b9-589c-3a2f-5be0-a3f7cbe92c6c" executionId="fee97ba4-947d-4b8a-9caa-5e5d4cb760b3" testListId="8c84fa94-04c1-424b-9868-57a2d4851a1d" />
    <TestEntry testId="a204492b-9a91-e21b-f86b-2d61263ef4fb" executionId="6da9762b-39c9-4194-b0f7-8ae53bd8552f" testListId="8c84fa94-04c1-424b-9868-57a2d4851a1d" />
    <TestEntry testId="03fc0139-4e57-629e-0f9d-d1b970562f5b" executionId="3f2d9f7d-1527-4d83-90e5-f214d8dc801e" testListId="8c84fa94-04c1-424b-9868-57a2d4851a1d" />
    <TestEntry testId="e52ce2bf-1443-98cb-ccd4-03d73a8047f4" executionId="bb25cabb-26fe-4806-a72d-79b85349f733" testListId="8c84fa94-04c1-424b-9868-57a2d4851a1d" />
    <TestEntry testId="ea311f00-3efa-b188-1c72-971fa5adb733" executionId="34674f59-be55-4e25-bb6b-6de79f115e2a" testListId="8c84fa94-04c1-424b-9868-57a2d4851a1d" />
    <TestEntry testId="8156a715-d9e7-f163-b3b7-0637a34a4870" executionId="c7f61954-dc54-4565-a6bc-4d519b9521b8" testListId="8c84fa94-04c1-424b-9868-57a2d4851a1d" />
    <TestEntry testId="13786215-02c0-7560-007c-9fd7c860b0ce" executionId="3d187f9d-8a23-431f-817c-6a3eb6a0380c" testListId="8c84fa94-04c1-424b-9868-57a2d4851a1d" />
    <TestEntry testId="702e554e-1927-ee16-731d-8c36d57bc93d" executionId="6a3acfaa-7280-49bb-8e13-f52912ba9ee1" testListId="8c84fa94-04c1-424b-9868-57a2d4851a1d" />
    <TestEntry testId="5135c4db-b7b8-797c-5309-b5cd293e5851" executionId="ee68fc22-297c-4119-aa1c-4be68e757214" testListId="8c84fa94-04c1-424b-9868-57a2d4851a1d" />
    <TestEntry testId="7e8c1cd8-f9ef-144e-369c-1a45c8b73f8a" executionId="3db8800b-2ed1-4474-88c0-6d327a761a14" testListId="8c84fa94-04c1-424b-9868-57a2d4851a1d" />
    <TestEntry testId="f5baab99-6ea3-602b-1ad5-b488e1fdb89a" executionId="7289a559-81be-4c11-b625-ba159e1b2d3c" testListId="8c84fa94-04c1-424b-9868-57a2d4851a1d" />
    <TestEntry testId="bcc58c5d-259b-5f44-4caf-c41cfd24e5df" executionId="828b7fa6-7c4e-410c-89c3-a501c8647950" testListId="8c84fa94-04c1-424b-9868-57a2d4851a1d" />
    <TestEntry testId="26e09a63-765c-90d8-38ff-cf9bd4347e20" executionId="e2b70ff3-a8c1-4764-b2d0-b16c6d3b2fba" testListId="8c84fa94-04c1-424b-9868-57a2d4851a1d" />
    <TestEntry testId="7f7d8238-4f3f-9478-cf1f-408b5ab9ef20" executionId="f20d8d9c-d1d1-4348-baba-030e3d039407" testListId="8c84fa94-04c1-424b-9868-57a2d4851a1d" />
    <TestEntry testId="27a5ae31-8350-621f-a00c-1130763eef3a" executionId="f80f63d0-d060-4259-81e3-62ef752e5a5e" testListId="8c84fa94-04c1-424b-9868-57a2d4851a1d" />
    <TestEntry testId="d1eb526a-9644-2d0e-7569-339e89b99649" executionId="7c0d1a5b-30af-4cea-8c21-eec93f8c6e6d" testListId="8c84fa94-04c1-424b-9868-57a2d4851a1d" />
    <TestEntry testId="f1237f1f-fe83-1d6f-1fe3-248aadd69758" executionId="aa66558e-cb64-4d7b-8b8b-62c8144678e5" testListId="8c84fa94-04c1-424b-9868-57a2d4851a1d" />
    <TestEntry testId="64f927e9-2b57-785f-4e90-91af5b29a579" executionId="959b6f5e-9cd7-4b16-b999-73579b5861ee" testListId="8c84fa94-04c1-424b-9868-57a2d4851a1d" />
    <TestEntry testId="c4d46dcf-78e7-30cb-e9db-0f6a64217239" executionId="142f74ef-ec89-4a0a-b152-b62f1ab00099" testListId="8c84fa94-04c1-424b-9868-57a2d4851a1d" />
    <TestEntry testId="98d875e5-c1a3-824e-5782-c1e4588a3675" executionId="68b2f9fe-ea2d-4d6a-9850-530cd0a65a5d" testListId="8c84fa94-04c1-424b-9868-57a2d4851a1d" />
    <TestEntry testId="1b88d6fd-5562-9583-f9d0-89a5b61e0b4e" executionId="5ec4cbaf-ebfe-44e1-9c39-045d88afacf3" testListId="8c84fa94-04c1-424b-9868-57a2d4851a1d" />
    <TestEntry testId="ef884663-a7b5-9712-61c1-c26f312d9e9c" executionId="e4092c6f-8b93-44a7-9b92-b081e872dea8" testListId="8c84fa94-04c1-424b-9868-57a2d4851a1d" />
    <TestEntry testId="c9d723b5-29c8-5011-22e8-3d157df237bb" executionId="c665a696-0661-4d88-9c86-03a0fee59741" testListId="8c84fa94-04c1-424b-9868-57a2d4851a1d" />
    <TestEntry testId="5eab0227-ed42-3466-58f9-ca80a1a0c49a" executionId="c41d9a9d-62af-487c-a230-339e7ff6188e" testListId="8c84fa94-04c1-424b-9868-57a2d4851a1d" />
    <TestEntry testId="4ccacc80-21dd-04f7-5c0c-2f7887f20e2c" executionId="d882dc23-d3f6-407d-a280-ee5702b9c17d" testListId="8c84fa94-04c1-424b-9868-57a2d4851a1d" />
    <TestEntry testId="343c547e-08fb-03bb-8cba-ae14b8944b81" executionId="758660be-cf76-40e0-b61c-576c167a0ee6" testListId="8c84fa94-04c1-424b-9868-57a2d4851a1d" />
    <TestEntry testId="65d9b275-8c19-280a-b252-294c73d9eb9c" executionId="e9308709-8a72-447b-96c2-6b7d1bcd06b9" testListId="8c84fa94-04c1-424b-9868-57a2d4851a1d" />
    <TestEntry testId="935d43fb-cd63-c8c1-e612-7986a1b34845" executionId="ac0fcce9-8f2a-46db-a6e3-36724b51fd7d" testListId="8c84fa94-04c1-424b-9868-57a2d4851a1d" />
    <TestEntry testId="4436e9e9-2bcc-4ce9-8140-5a2032dbc157" executionId="4b1ddebe-e043-46ad-a484-cb3d29478f9f" testListId="8c84fa94-04c1-424b-9868-57a2d4851a1d" />
    <TestEntry testId="572c3544-26c6-68ab-0e11-ed27b6e1feff" executionId="843658cd-1eac-4578-86ad-8f2165794541" testListId="8c84fa94-04c1-424b-9868-57a2d4851a1d" />
    <TestEntry testId="b46a86e3-39cb-77cb-d986-6182f64a631a" executionId="a37208d6-36c0-42f6-82a3-491ec5601b30" testListId="8c84fa94-04c1-424b-9868-57a2d4851a1d" />
    <TestEntry testId="200537b6-3009-7dc4-53f4-80a8ec548e29" executionId="c19dafec-7ff0-4de3-a2a7-1328936e65c6" testListId="8c84fa94-04c1-424b-9868-57a2d4851a1d" />
    <TestEntry testId="5aeb70f9-c3b3-455d-48d3-c265f70a6a38" executionId="1ce27850-fb8a-401f-af8e-d0dce50d2f63" testListId="8c84fa94-04c1-424b-9868-57a2d4851a1d" />
    <TestEntry testId="05061250-39a5-1fb9-8243-a4ca08fa3dd4" executionId="3c13d9c5-2e17-4bcc-92b9-557ddaa016b7" testListId="8c84fa94-04c1-424b-9868-57a2d4851a1d" />
    <TestEntry testId="04252baf-1cb9-bcbd-5507-7274a0fe1f6d" executionId="f9666c38-268b-48fd-a5ea-38aa64672b8c" testListId="8c84fa94-04c1-424b-9868-57a2d4851a1d" />
    <TestEntry testId="04cd3f16-d2a5-1a49-a392-382e6857baa8" executionId="fce3be8e-7446-4c18-814c-963c364ca801" testListId="8c84fa94-04c1-424b-9868-57a2d4851a1d" />
    <TestEntry testId="83a0385b-730a-88b9-2efc-76ba87f166ad" executionId="574129b5-10f3-4122-bf0a-a35b4929856f" testListId="8c84fa94-04c1-424b-9868-57a2d4851a1d" />
    <TestEntry testId="0abd71ca-ff15-d09a-284f-9ed6d275d33d" executionId="0ae47633-5540-4854-9874-788baeba6455" testListId="8c84fa94-04c1-424b-9868-57a2d4851a1d" />
    <TestEntry testId="448d194e-8f6e-0913-3eb2-7c7bebf82bbd" executionId="a064a7db-d02e-479c-9e5c-d059928cef70" testListId="8c84fa94-04c1-424b-9868-57a2d4851a1d" />
    <TestEntry testId="1f104d32-6e9f-be26-b8d1-47fc1f1ec55c" executionId="1069687c-01d8-4a97-b379-7cb7b0ca585a" testListId="8c84fa94-04c1-424b-9868-57a2d4851a1d" />
    <TestEntry testId="94cce4c8-14fe-6908-41ce-e44eb63792b2" executionId="7661c815-b3ac-4c47-9282-fd46315dac2b" testListId="8c84fa94-04c1-424b-9868-57a2d4851a1d" />
    <TestEntry testId="f12d4e5d-40e4-d199-1cc3-d2fd2f38e362" executionId="dcc81d53-98a0-4d59-9026-1b0c26da757c" testListId="8c84fa94-04c1-424b-9868-57a2d4851a1d" />
    <TestEntry testId="34689331-be49-9dbc-f8a1-d95802801f83" executionId="4a3be737-0a80-40cc-aef6-9b0722d6ad42" testListId="8c84fa94-04c1-424b-9868-57a2d4851a1d" />
    <TestEntry testId="07c2f487-d3b1-13bd-ab1d-c942ee888810" executionId="c5a4c693-6d0e-4dab-bfed-791435a792fb" testListId="8c84fa94-04c1-424b-9868-57a2d4851a1d" />
    <TestEntry testId="bff4532c-9a80-ab07-2c61-f767e41965fb" executionId="2f45883b-bfb9-4cc0-88ff-326f4939fe31" testListId="8c84fa94-04c1-424b-9868-57a2d4851a1d" />
    <TestEntry testId="ff6469ee-3bf1-a801-f4ba-25d61c806065" executionId="8f296ef4-63af-4ad6-a805-e3c7c28c4b53" testListId="8c84fa94-04c1-424b-9868-57a2d4851a1d" />
    <TestEntry testId="f139e829-28c9-5790-fd1c-a0da0734d076" executionId="1e9eef1a-ecfc-4ef6-b9e8-2a19048a328a" testListId="8c84fa94-04c1-424b-9868-57a2d4851a1d" />
    <TestEntry testId="9e0eb17c-96cc-cbd1-b27b-f6f187406f35" executionId="f9971201-e646-409c-98ca-ed80f1514c59" testListId="8c84fa94-04c1-424b-9868-57a2d4851a1d" />
    <TestEntry testId="a650b3ac-d445-0576-4fd7-f5ec52ee4c5f" executionId="817121fb-53f6-4bbd-8256-56c037003708" testListId="8c84fa94-04c1-424b-9868-57a2d4851a1d" />
    <TestEntry testId="0ca1503d-b491-6246-88d0-0baa3504045d" executionId="b48c3dd6-abba-4797-a8eb-2c8506edfaa1" testListId="8c84fa94-04c1-424b-9868-57a2d4851a1d" />
    <TestEntry testId="d41e45f5-c37f-5651-d291-b546fa5370a3" executionId="8ef3433d-8ae2-4c33-a419-d41ba5e1d80d" testListId="8c84fa94-04c1-424b-9868-57a2d4851a1d" />
    <TestEntry testId="f3a5c60c-5ecc-142b-0027-bef31b1f7d32" executionId="8b4dbccd-e45a-40f4-9fe3-ee1f6eb251e6" testListId="8c84fa94-04c1-424b-9868-57a2d4851a1d" />
    <TestEntry testId="0c3e4f26-508d-69ff-a9b2-17aaa84cbd86" executionId="e00bcc01-cc7c-442d-bb4b-bbce15f9855a" testListId="8c84fa94-04c1-424b-9868-57a2d4851a1d" />
    <TestEntry testId="efc8f21b-aebe-a733-e825-b10f5cc2bfd2" executionId="51a6dd44-93cc-4837-92f7-99d0276e7937" testListId="8c84fa94-04c1-424b-9868-57a2d4851a1d" />
    <TestEntry testId="04917752-769d-fb0d-36f0-021c39fd91b1" executionId="54fa3b62-e70b-43e6-aeb2-fb349d59cfbf" testListId="8c84fa94-04c1-424b-9868-57a2d4851a1d" />
    <TestEntry testId="d932bf3a-55ad-b0e0-b8d6-5da2df5d3afc" executionId="a4369e6d-cc4d-4564-8638-9016f8c73e43" testListId="8c84fa94-04c1-424b-9868-57a2d4851a1d" />
    <TestEntry testId="56bd0aa4-9d53-e997-7470-f2276bdf26ef" executionId="cb105f9f-74bc-4e37-9a43-e270086e618b" testListId="8c84fa94-04c1-424b-9868-57a2d4851a1d" />
    <TestEntry testId="1098e39c-2bf0-9bce-feb0-4aa84d700387" executionId="4c770639-82eb-4dc4-a98a-5f836a8b9e8c" testListId="8c84fa94-04c1-424b-9868-57a2d4851a1d" />
    <TestEntry testId="270cfa4b-c110-56de-5808-b9c7b2c3f56c" executionId="ba025573-144f-4183-a241-23da0a6b55c0" testListId="8c84fa94-04c1-424b-9868-57a2d4851a1d" />
    <TestEntry testId="5401a602-a1f9-c9b4-4928-b9d64c2f431d" executionId="039c5819-20c8-4969-89b7-1477a35d596b" testListId="8c84fa94-04c1-424b-9868-57a2d4851a1d" />
    <TestEntry testId="c11eedda-05ab-214e-e306-306eba79d945" executionId="ce874330-01ad-4c35-b85d-f3d2a12e9e07" testListId="8c84fa94-04c1-424b-9868-57a2d4851a1d" />
    <TestEntry testId="296d0a2d-80ca-1150-16f5-aac56edcb014" executionId="21a6c6d1-aa7d-44c1-847b-4c3ea879d47c" testListId="8c84fa94-04c1-424b-9868-57a2d4851a1d" />
    <TestEntry testId="f5a83ee4-0173-7350-220b-755534fff970" executionId="f2e349bf-cefa-47c3-97c1-5b735b9a65a9" testListId="8c84fa94-04c1-424b-9868-57a2d4851a1d" />
    <TestEntry testId="05788f0d-0fff-7ade-9b02-af738d0ecdf4" executionId="399da762-d087-4975-b775-b871791deca0" testListId="8c84fa94-04c1-424b-9868-57a2d4851a1d" />
  </TestEntries>
  <TestLists>
    <TestList name="Results Not in a List" id="8c84fa94-04c1-424b-9868-57a2d4851a1d" />
    <TestList name="All Loaded Results" id="19431567-8539-422a-85d7-44ee4e166bda" />
  </TestLists>
  <ResultSummary outcome="Completed">
    <Counters total="66" executed="66" passed="66" failed="0" error="0" timeout="0" aborted="0" inconclusive="0" passedButRunAborted="0" notRunnable="0" notExecuted="0" disconnected="0" warning="0" completed="0" inProgress="0" pending="0" />
  </ResultSummary>
</TestRun>