<?xml version="1.0" encoding="UTF-8"?>
<TestRun id="3e1fde61-7fab-48e7-886e-d95d0ed2082e" name="bacemi@ICSWS068 2016-08-04 10:03:00" runUser="ICORE\bacemi" xmlns="http://microsoft.com/schemas/VisualStudio/TeamTest/2010">
  <Times creation="2016-08-04T10:03:00.7304035+02:00" queuing="2016-08-04T10:03:00.7304035+02:00" start="2016-08-04T10:02:53.7314642+02:00" finish="2016-08-04T10:04:06.8322440+02:00" />
  <TestSettings name="default" id="d7787b87-bd9d-40c1-994d-2889feee272f">
    <Execution>
      <TestTypeSpecific />
    </Execution>
    <Deployment runDeploymentRoot="bacemi_ICSWS068 2016-08-04 10_03_00" />
    <Properties />
  </TestSettings>
  <Results>
    <UnitTestResult executionId="375efbcf-fb14-4645-9899-19288ca9d617" testId="831db045-f292-0113-7ae7-2fd4876bc105" testName="SelfTest" computerName="ICSWS068" duration="00:00:06.6599419" startTime="2016-08-04T10:02:53.7314642+02:00" endTime="2016-08-04T10:03:00.6678430+02:00" testType="13cdc9d9-ddb5-4fa4-a97d-d965ccfc6d4b" outcome="Passed" testListId="8c84fa94-04c1-424b-9868-57a2d4851a1d" relativeResultsDirectory="375efbcf-fb14-4645-9899-19288ca9d617" />
    <UnitTestResult executionId="3ea870f6-c13f-4c66-bf77-fca5ce20655b" testId="935132d2-4256-c074-0e67-b903c2a7f5dd" testName="SelfTestAsync" computerName="ICSWS068" duration="00:00:03.6852607" startTime="2016-08-04T10:03:00.6713459+02:00" endTime="2016-08-04T10:03:04.3584844+02:00" testType="13cdc9d9-ddb5-4fa4-a97d-d965ccfc6d4b" outcome="Passed" testListId="8c84fa94-04c1-424b-9868-57a2d4851a1d" relativeResultsDirectory="3ea870f6-c13f-4c66-bf77-fca5ce20655b" />
    <UnitTestResult executionId="c5373f43-cc34-45f7-9811-9db59233b9d5" testId="3dccd841-5f2f-2a15-b4c3-20b2bd462479" testName="SelfTestWithTransactionScope" computerName="ICSWS068" duration="00:00:03.6836188" startTime="2016-08-04T10:03:04.3619869+02:00" endTime="2016-08-04T10:03:08.0467650+02:00" testType="13cdc9d9-ddb5-4fa4-a97d-d965ccfc6d4b" outcome="Passed" testListId="8c84fa94-04c1-424b-9868-57a2d4851a1d" relativeResultsDirectory="c5373f43-cc34-45f7-9811-9db59233b9d5" />
    <UnitTestResult executionId="e6aa734d-910d-4992-ae8f-f447b74e3028" testId="863edc62-b9a5-bf56-7942-b148086f90bc" testName="SelfTestWithTransactionScopeAsync" computerName="ICSWS068" duration="00:00:03.6759146" startTime="2016-08-04T10:03:08.0497679+02:00" endTime="2016-08-04T10:03:11.7272458+02:00" testType="13cdc9d9-ddb5-4fa4-a97d-d965ccfc6d4b" outcome="Passed" testListId="8c84fa94-04c1-424b-9868-57a2d4851a1d" relativeResultsDirectory="e6aa734d-910d-4992-ae8f-f447b74e3028" />
    <UnitTestResult executionId="6a2df710-db4b-40ad-ac9a-6e42c6c038ff" testId="a2b659e7-29ed-99e7-e5f4-69c0ae844001" testName="SelfTestTransactionScopeNesting" computerName="ICSWS068" duration="00:00:03.6963379" startTime="2016-08-04T10:03:11.7302478+02:00" endTime="2016-08-04T10:03:15.4279063+02:00" testType="13cdc9d9-ddb5-4fa4-a97d-d965ccfc6d4b" outcome="Passed" testListId="8c84fa94-04c1-424b-9868-57a2d4851a1d" relativeResultsDirectory="6a2df710-db4b-40ad-ac9a-6e42c6c038ff" />
    <UnitTestResult executionId="68d7835a-2929-4259-89e3-d444b90687a8" testId="da522d24-50cf-fbb2-8b36-e62a34b2a227" testName="SelfTestWithFailureInIsolatedObject" computerName="ICSWS068" duration="00:00:03.7605396" startTime="2016-08-04T10:03:15.4319086+02:00" endTime="2016-08-04T10:03:19.1934191+02:00" testType="13cdc9d9-ddb5-4fa4-a97d-d965ccfc6d4b" outcome="Passed" testListId="8c84fa94-04c1-424b-9868-57a2d4851a1d" relativeResultsDirectory="68d7835a-2929-4259-89e3-d444b90687a8" />
    <UnitTestResult executionId="b02244a3-80bf-4b36-bdc2-121ee6e4db92" testId="1f70e72f-1063-66fd-de05-741ce6769f48" testName="TxScopeCreatedInMainAndInvocationOnIsolatedObject_TransactionFlowsToTemporaryAppDomain" computerName="ICSWS068" duration="00:00:03.7201526" startTime="2016-08-04T10:03:19.1967707+02:00" endTime="2016-08-04T10:03:22.9186622+02:00" testType="13cdc9d9-ddb5-4fa4-a97d-d965ccfc6d4b" outcome="Passed" testListId="8c84fa94-04c1-424b-9868-57a2d4851a1d" relativeResultsDirectory="b02244a3-80bf-4b36-bdc2-121ee6e4db92" />
    <UnitTestResult executionId="7f77890c-c7ac-4aef-a9b8-94eff6caa832" testId="d0462903-683a-b829-10f2-9d365b2c84ff" testName="TxScopeCreatedInMain_TxScopeCreatedInTempAdAndRolledBack_TxIsAbortedInMain" computerName="ICSWS068" duration="00:00:03.7117574" startTime="2016-08-04T10:03:22.9211833+02:00" endTime="2016-08-04T10:03:26.6344521+02:00" testType="13cdc9d9-ddb5-4fa4-a97d-d965ccfc6d4b" outcome="Passed" testListId="8c84fa94-04c1-424b-9868-57a2d4851a1d" relativeResultsDirectory="7f77890c-c7ac-4aef-a9b8-94eff6caa832" />
    <UnitTestResult executionId="820e0784-4bfa-4355-94ea-b2f54b365ee6" testId="88b853d2-d707-9792-b96f-ffcf9afe44d1" testName="TxScopeCreatedInMain_TxScopeCreatedInTempAdAndCommitted_RolledBackInMain_NoDbChangesMade" computerName="ICSWS068" duration="00:00:03.7301875" startTime="2016-08-04T10:03:26.6374450+02:00" endTime="2016-08-04T10:03:30.3690642+02:00" testType="13cdc9d9-ddb5-4fa4-a97d-d965ccfc6d4b" outcome="Passed" testListId="8c84fa94-04c1-424b-9868-57a2d4851a1d" relativeResultsDirectory="820e0784-4bfa-4355-94ea-b2f54b365ee6" />
    <UnitTestResult executionId="e2b24d4b-5bd7-49e1-b836-3ddb851b0bda" testId="d43034e5-065e-4e55-70d5-3f48691fc14d" testName="TxScopeCreatedInMain_TxScopeCreatedInTempAdAndCommitted_CommittedInMain_AllDbChangesPersisted" computerName="ICSWS068" duration="00:00:03.7546254" startTime="2016-08-04T10:03:30.3715665+02:00" endTime="2016-08-04T10:03:34.1280584+02:00" testType="13cdc9d9-ddb5-4fa4-a97d-d965ccfc6d4b" outcome="Passed" testListId="8c84fa94-04c1-424b-9868-57a2d4851a1d" relativeResultsDirectory="e2b24d4b-5bd7-49e1-b836-3ddb851b0bda" />
    <UnitTestResult executionId="c89204ed-9784-43e7-a1b1-ca006ab3f7c4" testId="7490130f-f744-bbe6-7329-57855fd23f98" testName="TxScopeCreatedInMainWithoutDbAccessAndInvocationOnIsolatedObject_TransactionFlowsToTemporaryAppDomain" computerName="ICSWS068" duration="00:00:03.7168095" startTime="2016-08-04T10:03:34.1315609+02:00" endTime="2016-08-04T10:03:37.8499569+02:00" testType="13cdc9d9-ddb5-4fa4-a97d-d965ccfc6d4b" outcome="Passed" testListId="8c84fa94-04c1-424b-9868-57a2d4851a1d" relativeResultsDirectory="c89204ed-9784-43e7-a1b1-ca006ab3f7c4" />
    <UnitTestResult executionId="f9ab6241-d48b-4ceb-9112-2b3a7a2f9fd7" testId="39a83c15-12b3-e66f-e3e3-25f7d8c80e64" testName="TxScopeCreatedInMainWithoutDbAccess_TxScopeCreatedInTempAdAndRolledBack_TxIsAbortedInMain" computerName="ICSWS068" duration="00:00:03.7031747" startTime="2016-08-04T10:03:37.8534595+02:00" endTime="2016-08-04T10:03:41.5581194+02:00" testType="13cdc9d9-ddb5-4fa4-a97d-d965ccfc6d4b" outcome="Passed" testListId="8c84fa94-04c1-424b-9868-57a2d4851a1d" relativeResultsDirectory="f9ab6241-d48b-4ceb-9112-2b3a7a2f9fd7" />
    <UnitTestResult executionId="dd6724e4-b0a8-42c9-ad24-6d38fd37a70a" testId="1892dcf9-2ed9-3a33-acae-e00b5c61519e" testName="TxScopeCreatedInMainWithoutDbAccess_TxScopeCreatedInTempAdAndCommitted_RolledBackInMain_NoDbChangesMade" computerName="ICSWS068" duration="00:00:03.7423966" startTime="2016-08-04T10:03:41.5606214+02:00" endTime="2016-08-04T10:03:45.3048645+02:00" testType="13cdc9d9-ddb5-4fa4-a97d-d965ccfc6d4b" outcome="Passed" testListId="8c84fa94-04c1-424b-9868-57a2d4851a1d" relativeResultsDirectory="dd6724e4-b0a8-42c9-ad24-6d38fd37a70a" />
    <UnitTestResult executionId="694e2984-ecba-4985-b006-6f6e310367d9" testId="e4563dc9-3b6e-a1d8-0ae1-c47771f9e82d" testName="TxScopeCreatedInMainWithoutDbAccess_TxScopeCreatedInTempAdAndCommitted_CommittedInMain_AllDbChangesPersisted" computerName="ICSWS068" duration="00:00:03.7624812" startTime="2016-08-04T10:03:45.3073694+02:00" endTime="2016-08-04T10:03:49.0720230+02:00" testType="13cdc9d9-ddb5-4fa4-a97d-d965ccfc6d4b" outcome="Passed" testListId="8c84fa94-04c1-424b-9868-57a2d4851a1d" relativeResultsDirectory="694e2984-ecba-4985-b006-6f6e310367d9" />
    <UnitTestResult executionId="7a768647-14fa-46b2-8bb8-364f9f2a3c70" testId="ba69ddcc-0d2a-f046-df8d-bd09afe3d550" testName="TxScope_PropagationOverMultipleAppDomains" computerName="ICSWS068" duration="00:00:03.8524767" startTime="2016-08-04T10:03:49.0750085+02:00" endTime="2016-08-04T10:03:52.9289483+02:00" testType="13cdc9d9-ddb5-4fa4-a97d-d965ccfc6d4b" outcome="Passed" testListId="8c84fa94-04c1-424b-9868-57a2d4851a1d" relativeResultsDirectory="7a768647-14fa-46b2-8bb8-364f9f2a3c70" />
    <UnitTestResult executionId="5e0729fa-016e-4882-be8d-9191972e9945" testId="6ab70e5f-c9c2-0f7f-62f5-8f4931eadaf8" testName="TxScope_PropagationOverMultipleAppDomains2" computerName="ICSWS068" duration="00:00:03.8894715" startTime="2016-08-04T10:03:52.9314497+02:00" endTime="2016-08-04T10:03:56.8231219+02:00" testType="13cdc9d9-ddb5-4fa4-a97d-d965ccfc6d4b" outcome="Passed" testListId="8c84fa94-04c1-424b-9868-57a2d4851a1d" relativeResultsDirectory="5e0729fa-016e-4882-be8d-9191972e9945" />
    <UnitTestResult executionId="daf99ddb-ea5a-432b-8946-53802b27c13f" testId="926f2bb9-6a9b-13f8-1722-f75c5c6d13af" testName="TxScope_PropagationOverMultipleAppDomainsWithDifferentTransactions" computerName="ICSWS068" duration="00:00:03.8696353" startTime="2016-08-04T10:03:56.8261248+02:00" endTime="2016-08-04T10:04:00.6970795+02:00" testType="13cdc9d9-ddb5-4fa4-a97d-d965ccfc6d4b" outcome="Passed" testListId="8c84fa94-04c1-424b-9868-57a2d4851a1d" relativeResultsDirectory="daf99ddb-ea5a-432b-8946-53802b27c13f" />
    <UnitTestResult executionId="7707ced4-1bae-499c-8e6c-9a14f68505b4" testId="0eb21e03-d25d-afd2-3f2d-dec701f4b50e" testName="Invoke_ProxyPassedBetweenAppDomains_CorrectTransactionsAreTransferred" computerName="ICSWS068" duration="00:00:03.9403978" startTime="2016-08-04T10:04:00.7000824+02:00" endTime="2016-08-04T10:04:04.6428262+02:00" testType="13cdc9d9-ddb5-4fa4-a97d-d965ccfc6d4b" outcome="Passed" testListId="8c84fa94-04c1-424b-9868-57a2d4851a1d" relativeResultsDirectory="7707ced4-1bae-499c-8e6c-9a14f68505b4" />
    <UnitTestResult executionId="f7486548-69fd-4a05-8aeb-c8133d4f1843" testId="2a03f6eb-901c-b085-82a8-2b6a7ef509fb" testName="Constructor_Required_NotInTempDomain_CreatesNewAppDomainWithCorrectDefaultOptions" computerName="ICSWS068" duration="00:00:00.0369613" startTime="2016-08-04T10:04:04.6463320+02:00" endTime="2016-08-04T10:04:04.6856633+02:00" testType="13cdc9d9-ddb5-4fa4-a97d-d965ccfc6d4b" outcome="Passed" testListId="8c84fa94-04c1-424b-9868-57a2d4851a1d" relativeResultsDirectory="f7486548-69fd-4a05-8aeb-c8133d4f1843" />
    <UnitTestResult executionId="daa733ac-a7d7-4f16-ac0c-27273b5c521f" testId="655ca6a4-9dd8-d0f2-6dd1-52e55f12a793" testName="Constructor_Required_InCompatibleTempDomain_ReuseOfSameDomain" computerName="ICSWS068" duration="00:00:00.0393430" startTime="2016-08-04T10:04:04.6891652+02:00" endTime="2016-08-04T10:04:04.7302068+02:00" testType="13cdc9d9-ddb5-4fa4-a97d-d965ccfc6d4b" outcome="Passed" testListId="8c84fa94-04c1-424b-9868-57a2d4851a1d" relativeResultsDirectory="daa733ac-a7d7-4f16-ac0c-27273b5c521f" />
    <UnitTestResult executionId="f7c01914-71e0-416c-a0dc-4eee797d56a0" testId="67a5826d-8c48-fa4d-aaf5-cd125a79b055" testName="Constructor_RequiresNew_InCompatibleTempDomain_CreatesNewDomain" computerName="ICSWS068" duration="00:00:00.0727771" startTime="2016-08-04T10:04:04.7332082+02:00" endTime="2016-08-04T10:04:04.8072899+02:00" testType="13cdc9d9-ddb5-4fa4-a97d-d965ccfc6d4b" outcome="Passed" testListId="8c84fa94-04c1-424b-9868-57a2d4851a1d" relativeResultsDirectory="f7c01914-71e0-416c-a0dc-4eee797d56a0" />
    <UnitTestResult executionId="4f457e7b-8e54-4171-a64f-af7ecfb4d5a3" testId="2a3767ce-4af8-4aa4-1552-5449261d3455" testName="Constructor_RequiresNewIfIncompatible_InCompatibleTempDomain_ReuseOfSameDomain" computerName="ICSWS068" duration="00:00:00.0387967" startTime="2016-08-04T10:04:04.8103083+02:00" endTime="2016-08-04T10:04:04.8503279+02:00" testType="13cdc9d9-ddb5-4fa4-a97d-d965ccfc6d4b" outcome="Passed" testListId="8c84fa94-04c1-424b-9868-57a2d4851a1d" relativeResultsDirectory="4f457e7b-8e54-4171-a64f-af7ecfb4d5a3" />
    <UnitTestResult executionId="fbca78a4-4e08-402c-a9a7-c8588fa6d986" testId="95276ca5-f35c-abce-8ca9-52c8d1569af0" testName="Constructor_RequiresNewIfIncompatible_InInCompatibleTempDomain_CreatesNewDomain" computerName="ICSWS068" duration="00:00:00.0718593" startTime="2016-08-04T10:04:04.8533299+02:00" endTime="2016-08-04T10:04:04.9263964+02:00" testType="13cdc9d9-ddb5-4fa4-a97d-d965ccfc6d4b" outcome="Passed" testListId="8c84fa94-04c1-424b-9868-57a2d4851a1d" relativeResultsDirectory="fbca78a4-4e08-402c-a9a7-c8588fa6d986" />
    <UnitTestResult executionId="444d021d-ed4b-4a0d-9e32-6323d27d2ed0" testId="d24d3fe1-2af2-ecee-4d4f-80d1f4efd601" testName="Constructor_Required_InInCompatibleTempDomain_ThrowsInvalidOperationException" computerName="ICSWS068" duration="00:00:00.0397981" startTime="2016-08-04T10:04:04.9293978+02:00" endTime="2016-08-04T10:04:04.9704470+02:00" testType="13cdc9d9-ddb5-4fa4-a97d-d965ccfc6d4b" outcome="Passed" testListId="8c84fa94-04c1-424b-9868-57a2d4851a1d" relativeResultsDirectory="444d021d-ed4b-4a0d-9e32-6323d27d2ed0" />
    <UnitTestResult executionId="77356b46-2231-41b8-b332-47f56d5825be" testId="c8fefa1c-1176-c1f0-8f01-ad8f6f09d540" testName="Constructor_NotInTempDomain_CopiesServiceLocator" computerName="ICSWS068" duration="00:00:00.0220132" startTime="2016-08-04T10:04:04.9734472+02:00" endTime="2016-08-04T10:04:04.9967685+02:00" testType="13cdc9d9-ddb5-4fa4-a97d-d965ccfc6d4b" outcome="Passed" testListId="8c84fa94-04c1-424b-9868-57a2d4851a1d" relativeResultsDirectory="77356b46-2231-41b8-b332-47f56d5825be" />
    <UnitTestResult executionId="1b888bab-6171-4289-92af-550680e72cba" testId="133eecec-381b-cf2d-8648-66dffaf00fc4" testName="Constructor_NotInTempDomain_DoesNotCopyServiceLocatorWhenSpecifiedToNotDoSo" computerName="ICSWS068" duration="00:00:00.0213968" startTime="2016-08-04T10:04:04.9997711+02:00" endTime="2016-08-04T10:04:05.0227901+02:00" testType="13cdc9d9-ddb5-4fa4-a97d-d965ccfc6d4b" outcome="Passed" testListId="8c84fa94-04c1-424b-9868-57a2d4851a1d" relativeResultsDirectory="1b888bab-6171-4289-92af-550680e72cba" />
    <UnitTestResult executionId="5308fa8b-6d4a-4098-a5c6-7e3d1f76f757" testId="66eae7a3-616b-4626-078c-b1b145b0a4b5" testName="Current_OutsideAnyScope_ReturnsNonNullValue" computerName="ICSWS068" duration="00:00:00.0002123" startTime="2016-08-04T10:04:05.0259308+02:00" endTime="2016-08-04T10:04:05.0274331+02:00" testType="13cdc9d9-ddb5-4fa4-a97d-d965ccfc6d4b" outcome="Passed" testListId="8c84fa94-04c1-424b-9868-57a2d4851a1d" relativeResultsDirectory="5308fa8b-6d4a-4098-a5c6-7e3d1f76f757" />
    <UnitTestResult executionId="eb40490e-e5eb-46f8-bd6e-5f90791f7db3" testId="b891d803-d70e-4aaf-c80a-b4d08f9b0539" testName="Current_OutsideAnyScope_ReturnsWrapperForCurrentAppDomain" computerName="ICSWS068" duration="00:00:00.0001639" startTime="2016-08-04T10:04:05.0309342+02:00" endTime="2016-08-04T10:04:05.0324359+02:00" testType="13cdc9d9-ddb5-4fa4-a97d-d965ccfc6d4b" outcome="Passed" testListId="8c84fa94-04c1-424b-9868-57a2d4851a1d" relativeResultsDirectory="eb40490e-e5eb-46f8-bd6e-5f90791f7db3" />
    <UnitTestResult executionId="aa93770a-0809-4299-b321-96057529871b" testId="44c0f15d-0277-6cfa-180f-b84f8c1c13ef" testName="Constructor_CreatesNewAppDomainWithCorrectDefaultOptions" computerName="ICSWS068" duration="00:00:00.0189702" startTime="2016-08-04T10:04:05.0349371+02:00" endTime="2016-08-04T10:04:05.0554526+02:00" testType="13cdc9d9-ddb5-4fa4-a97d-d965ccfc6d4b" outcome="Passed" testListId="8c84fa94-04c1-424b-9868-57a2d4851a1d" relativeResultsDirectory="aa93770a-0809-4299-b321-96057529871b" />
    <UnitTestResult executionId="62c3ea06-0959-4e5b-8e48-d94888ff7bb5" testId="cad63c84-98a1-e0ad-d1bb-62cd8ed3c75d" testName="CreateInstance_ReturnsProxyToOtherDomain" computerName="ICSWS068" duration="00:00:00.0209496" startTime="2016-08-04T10:04:05.0594540+02:00" endTime="2016-08-04T10:04:05.0819594+02:00" testType="13cdc9d9-ddb5-4fa4-a97d-d965ccfc6d4b" outcome="Passed" testListId="8c84fa94-04c1-424b-9868-57a2d4851a1d" relativeResultsDirectory="62c3ea06-0959-4e5b-8e48-d94888ff7bb5" />
    <UnitTestResult executionId="9876fe8d-151a-4506-a9da-4a2eb1769a53" testId="eb144340-5b8d-128c-fde2-ed219d99971f" testName="CreateInstanceInTempDomain_ReturnsNonProxyObject" computerName="ICSWS068" duration="00:00:00.0238753" startTime="2016-08-04T10:04:05.0844635+02:00" endTime="2016-08-04T10:04:05.1099833+02:00" testType="13cdc9d9-ddb5-4fa4-a97d-d965ccfc6d4b" outcome="Passed" testListId="8c84fa94-04c1-424b-9868-57a2d4851a1d" relativeResultsDirectory="9876fe8d-151a-4506-a9da-4a2eb1769a53" />
    <UnitTestResult executionId="bdd80b83-fd48-458e-9d5f-7f0b1b723c70" testId="7805de05-67ca-d1b5-4e58-cd1a1e58ca8b" testName="CreateInstance_NonMarshalByRefObject_ThrowsException" computerName="ICSWS068" duration="00:00:00.0183746" startTime="2016-08-04T10:04:05.1124856+02:00" endTime="2016-08-04T10:04:05.1324993+02:00" testType="13cdc9d9-ddb5-4fa4-a97d-d965ccfc6d4b" outcome="Passed" testListId="8c84fa94-04c1-424b-9868-57a2d4851a1d" relativeResultsDirectory="bdd80b83-fd48-458e-9d5f-7f0b1b723c70" />
  </Results>
  <TestDefinitions>
    <UnitTest name="SelfTest" storage="f:\etwork\bin\tests\sysintgtests.icore.common.dll" id="831db045-f292-0113-7ae7-2fd4876bc105">
      <Execution id="375efbcf-fb14-4645-9899-19288ca9d617" />
      <TestMethod codeBase="F:\ETWork\bin\Tests\SysIntgTests.iCore.Common.dll" adapterTypeName="Microsoft.VisualStudio.TestTools.TestTypes.Unit.UnitTestAdapter" className="SysIntgTests.iCore.Common.TempoaryAppDomainScope_TransactionTests" name="SelfTest" />
    </UnitTest>
    <UnitTest name="SelfTestAsync" storage="f:\etwork\bin\tests\sysintgtests.icore.common.dll" id="935132d2-4256-c074-0e67-b903c2a7f5dd">
      <Execution id="3ea870f6-c13f-4c66-bf77-fca5ce20655b" />
      <TestMethod codeBase="F:\ETWork\bin\Tests\SysIntgTests.iCore.Common.dll" adapterTypeName="Microsoft.VisualStudio.TestTools.TestTypes.Unit.UnitTestAdapter" className="SysIntgTests.iCore.Common.TempoaryAppDomainScope_TransactionTests" name="SelfTestAsync" />
    </UnitTest>
    <UnitTest name="SelfTestWithTransactionScope" storage="f:\etwork\bin\tests\sysintgtests.icore.common.dll" id="3dccd841-5f2f-2a15-b4c3-20b2bd462479">
      <Execution id="c5373f43-cc34-45f7-9811-9db59233b9d5" />
      <TestMethod codeBase="F:\ETWork\bin\Tests\SysIntgTests.iCore.Common.dll" adapterTypeName="Microsoft.VisualStudio.TestTools.TestTypes.Unit.UnitTestAdapter" className="SysIntgTests.iCore.Common.TempoaryAppDomainScope_TransactionTests" name="SelfTestWithTransactionScope" />
    </UnitTest>
    <UnitTest name="SelfTestWithTransactionScopeAsync" storage="f:\etwork\bin\tests\sysintgtests.icore.common.dll" id="863edc62-b9a5-bf56-7942-b148086f90bc">
      <Execution id="e6aa734d-910d-4992-ae8f-f447b74e3028" />
      <TestMethod codeBase="F:\ETWork\bin\Tests\SysIntgTests.iCore.Common.dll" adapterTypeName="Microsoft.VisualStudio.TestTools.TestTypes.Unit.UnitTestAdapter" className="SysIntgTests.iCore.Common.TempoaryAppDomainScope_TransactionTests" name="SelfTestWithTransactionScopeAsync" />
    </UnitTest>
    <UnitTest name="SelfTestTransactionScopeNesting" storage="f:\etwork\bin\tests\sysintgtests.icore.common.dll" id="a2b659e7-29ed-99e7-e5f4-69c0ae844001">
      <Execution id="6a2df710-db4b-40ad-ac9a-6e42c6c038ff" />
      <TestMethod codeBase="F:\ETWork\bin\Tests\SysIntgTests.iCore.Common.dll" adapterTypeName="Microsoft.VisualStudio.TestTools.TestTypes.Unit.UnitTestAdapter" className="SysIntgTests.iCore.Common.TempoaryAppDomainScope_TransactionTests" name="SelfTestTransactionScopeNesting" />
    </UnitTest>
    <UnitTest name="SelfTestWithFailureInIsolatedObject" storage="f:\etwork\bin\tests\sysintgtests.icore.common.dll" id="da522d24-50cf-fbb2-8b36-e62a34b2a227">
      <Execution id="68d7835a-2929-4259-89e3-d444b90687a8" />
      <TestMethod codeBase="F:\ETWork\bin\Tests\SysIntgTests.iCore.Common.dll" adapterTypeName="Microsoft.VisualStudio.TestTools.TestTypes.Unit.UnitTestAdapter" className="SysIntgTests.iCore.Common.TempoaryAppDomainScope_TransactionTests" name="SelfTestWithFailureInIsolatedObject" />
    </UnitTest>
    <UnitTest name="TxScopeCreatedInMainAndInvocationOnIsolatedObject_TransactionFlowsToTemporaryAppDomain" storage="f:\etwork\bin\tests\sysintgtests.icore.common.dll" id="1f70e72f-1063-66fd-de05-741ce6769f48">
      <Execution id="b02244a3-80bf-4b36-bdc2-121ee6e4db92" />
      <TestMethod codeBase="F:\ETWork\bin\Tests\SysIntgTests.iCore.Common.dll" adapterTypeName="Microsoft.VisualStudio.TestTools.TestTypes.Unit.UnitTestAdapter" className="SysIntgTests.iCore.Common.TempoaryAppDomainScope_TransactionTests" name="TxScopeCreatedInMainAndInvocationOnIsolatedObject_TransactionFlowsToTemporaryAppDomain" />
    </UnitTest>
    <UnitTest name="TxScopeCreatedInMain_TxScopeCreatedInTempAdAndRolledBack_TxIsAbortedInMain" storage="f:\etwork\bin\tests\sysintgtests.icore.common.dll" id="d0462903-683a-b829-10f2-9d365b2c84ff">
      <Execution id="7f77890c-c7ac-4aef-a9b8-94eff6caa832" />
      <TestMethod codeBase="F:\ETWork\bin\Tests\SysIntgTests.iCore.Common.dll" adapterTypeName="Microsoft.VisualStudio.TestTools.TestTypes.Unit.UnitTestAdapter" className="SysIntgTests.iCore.Common.TempoaryAppDomainScope_TransactionTests" name="TxScopeCreatedInMain_TxScopeCreatedInTempAdAndRolledBack_TxIsAbortedInMain" />
    </UnitTest>
    <UnitTest name="TxScopeCreatedInMain_TxScopeCreatedInTempAdAndCommitted_RolledBackInMain_NoDbChangesMade" storage="f:\etwork\bin\tests\sysintgtests.icore.common.dll" id="88b853d2-d707-9792-b96f-ffcf9afe44d1">
      <Execution id="820e0784-4bfa-4355-94ea-b2f54b365ee6" />
      <TestMethod codeBase="F:\ETWork\bin\Tests\SysIntgTests.iCore.Common.dll" adapterTypeName="Microsoft.VisualStudio.TestTools.TestTypes.Unit.UnitTestAdapter" className="SysIntgTests.iCore.Common.TempoaryAppDomainScope_TransactionTests" name="TxScopeCreatedInMain_TxScopeCreatedInTempAdAndCommitted_RolledBackInMain_NoDbChangesMade" />
    </UnitTest>
    <UnitTest name="TxScopeCreatedInMain_TxScopeCreatedInTempAdAndCommitted_CommittedInMain_AllDbChangesPersisted" storage="f:\etwork\bin\tests\sysintgtests.icore.common.dll" id="d43034e5-065e-4e55-70d5-3f48691fc14d">
      <Execution id="e2b24d4b-5bd7-49e1-b836-3ddb851b0bda" />
      <TestMethod codeBase="F:\ETWork\bin\Tests\SysIntgTests.iCore.Common.dll" adapterTypeName="Microsoft.VisualStudio.TestTools.TestTypes.Unit.UnitTestAdapter" className="SysIntgTests.iCore.Common.TempoaryAppDomainScope_TransactionTests" name="TxScopeCreatedInMain_TxScopeCreatedInTempAdAndCommitted_CommittedInMain_AllDbChangesPersisted" />
    </UnitTest>
    <UnitTest name="TxScopeCreatedInMainWithoutDbAccessAndInvocationOnIsolatedObject_TransactionFlowsToTemporaryAppDomain" storage="f:\etwork\bin\tests\sysintgtests.icore.common.dll" id="7490130f-f744-bbe6-7329-57855fd23f98">
      <Execution id="c89204ed-9784-43e7-a1b1-ca006ab3f7c4" />
      <TestMethod codeBase="F:\ETWork\bin\Tests\SysIntgTests.iCore.Common.dll" adapterTypeName="Microsoft.VisualStudio.TestTools.TestTypes.Unit.UnitTestAdapter" className="SysIntgTests.iCore.Common.TempoaryAppDomainScope_TransactionTests" name="TxScopeCreatedInMainWithoutDbAccessAndInvocationOnIsolatedObject_TransactionFlowsToTemporaryAppDomain" />
    </UnitTest>
    <UnitTest name="TxScopeCreatedInMainWithoutDbAccess_TxScopeCreatedInTempAdAndRolledBack_TxIsAbortedInMain" storage="f:\etwork\bin\tests\sysintgtests.icore.common.dll" id="39a83c15-12b3-e66f-e3e3-25f7d8c80e64">
      <Execution id="f9ab6241-d48b-4ceb-9112-2b3a7a2f9fd7" />
      <TestMethod codeBase="F:\ETWork\bin\Tests\SysIntgTests.iCore.Common.dll" adapterTypeName="Microsoft.VisualStudio.TestTools.TestTypes.Unit.UnitTestAdapter" className="SysIntgTests.iCore.Common.TempoaryAppDomainScope_TransactionTests" name="TxScopeCreatedInMainWithoutDbAccess_TxScopeCreatedInTempAdAndRolledBack_TxIsAbortedInMain" />
    </UnitTest>
    <UnitTest name="TxScopeCreatedInMainWithoutDbAccess_TxScopeCreatedInTempAdAndCommitted_RolledBackInMain_NoDbChangesMade" storage="f:\etwork\bin\tests\sysintgtests.icore.common.dll" id="1892dcf9-2ed9-3a33-acae-e00b5c61519e">
      <Execution id="dd6724e4-b0a8-42c9-ad24-6d38fd37a70a" />
      <TestMethod codeBase="F:\ETWork\bin\Tests\SysIntgTests.iCore.Common.dll" adapterTypeName="Microsoft.VisualStudio.TestTools.TestTypes.Unit.UnitTestAdapter" className="SysIntgTests.iCore.Common.TempoaryAppDomainScope_TransactionTests" name="TxScopeCreatedInMainWithoutDbAccess_TxScopeCreatedInTempAdAndCommitted_RolledBackInMain_NoDbChangesMade" />
    </UnitTest>
    <UnitTest name="TxScopeCreatedInMainWithoutDbAccess_TxScopeCreatedInTempAdAndCommitted_CommittedInMain_AllDbChangesPersisted" storage="f:\etwork\bin\tests\sysintgtests.icore.common.dll" id="e4563dc9-3b6e-a1d8-0ae1-c47771f9e82d">
      <Execution id="694e2984-ecba-4985-b006-6f6e310367d9" />
      <TestMethod codeBase="F:\ETWork\bin\Tests\SysIntgTests.iCore.Common.dll" adapterTypeName="Microsoft.VisualStudio.TestTools.TestTypes.Unit.UnitTestAdapter" className="SysIntgTests.iCore.Common.TempoaryAppDomainScope_TransactionTests" name="TxScopeCreatedInMainWithoutDbAccess_TxScopeCreatedInTempAdAndCommitted_CommittedInMain_AllDbChangesPersisted" />
    </UnitTest>
    <UnitTest name="TxScope_PropagationOverMultipleAppDomains" storage="f:\etwork\bin\tests\sysintgtests.icore.common.dll" id="ba69ddcc-0d2a-f046-df8d-bd09afe3d550">
      <Execution id="7a768647-14fa-46b2-8bb8-364f9f2a3c70" />
      <TestMethod codeBase="F:\ETWork\bin\Tests\SysIntgTests.iCore.Common.dll" adapterTypeName="Microsoft.VisualStudio.TestTools.TestTypes.Unit.UnitTestAdapter" className="SysIntgTests.iCore.Common.TempoaryAppDomainScope_TransactionTests" name="TxScope_PropagationOverMultipleAppDomains" />
    </UnitTest>
    <UnitTest name="TxScope_PropagationOverMultipleAppDomains2" storage="f:\etwork\bin\tests\sysintgtests.icore.common.dll" id="6ab70e5f-c9c2-0f7f-62f5-8f4931eadaf8">
      <Execution id="5e0729fa-016e-4882-be8d-9191972e9945" />
      <TestMethod codeBase="F:\ETWork\bin\Tests\SysIntgTests.iCore.Common.dll" adapterTypeName="Microsoft.VisualStudio.TestTools.TestTypes.Unit.UnitTestAdapter" className="SysIntgTests.iCore.Common.TempoaryAppDomainScope_TransactionTests" name="TxScope_PropagationOverMultipleAppDomains2" />
    </UnitTest>
    <UnitTest name="TxScope_PropagationOverMultipleAppDomainsWithDifferentTransactions" storage="f:\etwork\bin\tests\sysintgtests.icore.common.dll" id="926f2bb9-6a9b-13f8-1722-f75c5c6d13af">
      <Execution id="daf99ddb-ea5a-432b-8946-53802b27c13f" />
      <TestMethod codeBase="F:\ETWork\bin\Tests\SysIntgTests.iCore.Common.dll" adapterTypeName="Microsoft.VisualStudio.TestTools.TestTypes.Unit.UnitTestAdapter" className="SysIntgTests.iCore.Common.TempoaryAppDomainScope_TransactionTests" name="TxScope_PropagationOverMultipleAppDomainsWithDifferentTransactions" />
    </UnitTest>
    <UnitTest name="Invoke_ProxyPassedBetweenAppDomains_CorrectTransactionsAreTransferred" storage="f:\etwork\bin\tests\sysintgtests.icore.common.dll" id="0eb21e03-d25d-afd2-3f2d-dec701f4b50e">
      <Execution id="7707ced4-1bae-499c-8e6c-9a14f68505b4" />
      <TestMethod codeBase="F:\ETWork\bin\Tests\SysIntgTests.iCore.Common.dll" adapterTypeName="Microsoft.VisualStudio.TestTools.TestTypes.Unit.UnitTestAdapter" className="SysIntgTests.iCore.Common.TempoaryAppDomainScope_TransactionTests" name="Invoke_ProxyPassedBetweenAppDomains_CorrectTransactionsAreTransferred" />
    </UnitTest>
    <UnitTest name="Constructor_Required_NotInTempDomain_CreatesNewAppDomainWithCorrectDefaultOptions" storage="f:\etwork\bin\tests\sysintgtests.icore.common.dll" id="2a03f6eb-901c-b085-82a8-2b6a7ef509fb">
      <Execution id="f7486548-69fd-4a05-8aeb-c8133d4f1843" />
      <TestMethod codeBase="F:\ETWork\bin\Tests\SysIntgTests.iCore.Common.dll" adapterTypeName="Microsoft.VisualStudio.TestTools.TestTypes.Unit.UnitTestAdapter" className="SysIntgTests.iCore.Common.TemporaryAppDomainScopeTests" name="Constructor_Required_NotInTempDomain_CreatesNewAppDomainWithCorrectDefaultOptions" />
    </UnitTest>
    <UnitTest name="Constructor_Required_InCompatibleTempDomain_ReuseOfSameDomain" storage="f:\etwork\bin\tests\sysintgtests.icore.common.dll" id="655ca6a4-9dd8-d0f2-6dd1-52e55f12a793">
      <Execution id="daa733ac-a7d7-4f16-ac0c-27273b5c521f" />
      <TestMethod codeBase="F:\ETWork\bin\Tests\SysIntgTests.iCore.Common.dll" adapterTypeName="Microsoft.VisualStudio.TestTools.TestTypes.Unit.UnitTestAdapter" className="SysIntgTests.iCore.Common.TemporaryAppDomainScopeTests" name="Constructor_Required_InCompatibleTempDomain_ReuseOfSameDomain" />
    </UnitTest>
    <UnitTest name="Constructor_RequiresNew_InCompatibleTempDomain_CreatesNewDomain" storage="f:\etwork\bin\tests\sysintgtests.icore.common.dll" id="67a5826d-8c48-fa4d-aaf5-cd125a79b055">
      <Execution id="f7c01914-71e0-416c-a0dc-4eee797d56a0" />
      <TestMethod codeBase="F:\ETWork\bin\Tests\SysIntgTests.iCore.Common.dll" adapterTypeName="Microsoft.VisualStudio.TestTools.TestTypes.Unit.UnitTestAdapter" className="SysIntgTests.iCore.Common.TemporaryAppDomainScopeTests" name="Constructor_RequiresNew_InCompatibleTempDomain_CreatesNewDomain" />
    </UnitTest>
    <UnitTest name="Constructor_RequiresNewIfIncompatible_InCompatibleTempDomain_ReuseOfSameDomain" storage="f:\etwork\bin\tests\sysintgtests.icore.common.dll" id="2a3767ce-4af8-4aa4-1552-5449261d3455">
      <Execution id="4f457e7b-8e54-4171-a64f-af7ecfb4d5a3" />
      <TestMethod codeBase="F:\ETWork\bin\Tests\SysIntgTests.iCore.Common.dll" adapterTypeName="Microsoft.VisualStudio.TestTools.TestTypes.Unit.UnitTestAdapter" className="SysIntgTests.iCore.Common.TemporaryAppDomainScopeTests" name="Constructor_RequiresNewIfIncompatible_InCompatibleTempDomain_ReuseOfSameDomain" />
    </UnitTest>
    <UnitTest name="Constructor_RequiresNewIfIncompatible_InInCompatibleTempDomain_CreatesNewDomain" storage="f:\etwork\bin\tests\sysintgtests.icore.common.dll" id="95276ca5-f35c-abce-8ca9-52c8d1569af0">
      <Execution id="fbca78a4-4e08-402c-a9a7-c8588fa6d986" />
      <TestMethod codeBase="F:\ETWork\bin\Tests\SysIntgTests.iCore.Common.dll" adapterTypeName="Microsoft.VisualStudio.TestTools.TestTypes.Unit.UnitTestAdapter" className="SysIntgTests.iCore.Common.TemporaryAppDomainScopeTests" name="Constructor_RequiresNewIfIncompatible_InInCompatibleTempDomain_CreatesNewDomain" />
    </UnitTest>
    <UnitTest name="Constructor_Required_InInCompatibleTempDomain_ThrowsInvalidOperationException" storage="f:\etwork\bin\tests\sysintgtests.icore.common.dll" id="d24d3fe1-2af2-ecee-4d4f-80d1f4efd601">
      <Execution id="444d021d-ed4b-4a0d-9e32-6323d27d2ed0" />
      <TestMethod codeBase="F:\ETWork\bin\Tests\SysIntgTests.iCore.Common.dll" adapterTypeName="Microsoft.VisualStudio.TestTools.TestTypes.Unit.UnitTestAdapter" className="SysIntgTests.iCore.Common.TemporaryAppDomainScopeTests" name="Constructor_Required_InInCompatibleTempDomain_ThrowsInvalidOperationException" />
    </UnitTest>
    <UnitTest name="Constructor_NotInTempDomain_CopiesServiceLocator" storage="f:\etwork\bin\tests\sysintgtests.icore.common.dll" id="c8fefa1c-1176-c1f0-8f01-ad8f6f09d540">
      <Execution id="77356b46-2231-41b8-b332-47f56d5825be" />
      <TestMethod codeBase="F:\ETWork\bin\Tests\SysIntgTests.iCore.Common.dll" adapterTypeName="Microsoft.VisualStudio.TestTools.TestTypes.Unit.UnitTestAdapter" className="SysIntgTests.iCore.Common.TemporaryAppDomainScopeTests" name="Constructor_NotInTempDomain_CopiesServiceLocator" />
    </UnitTest>
    <UnitTest name="Constructor_NotInTempDomain_DoesNotCopyServiceLocatorWhenSpecifiedToNotDoSo" storage="f:\etwork\bin\tests\sysintgtests.icore.common.dll" id="133eecec-381b-cf2d-8648-66dffaf00fc4">
      <Execution id="1b888bab-6171-4289-92af-550680e72cba" />
      <TestMethod codeBase="F:\ETWork\bin\Tests\SysIntgTests.iCore.Common.dll" adapterTypeName="Microsoft.VisualStudio.TestTools.TestTypes.Unit.UnitTestAdapter" className="SysIntgTests.iCore.Common.TemporaryAppDomainScopeTests" name="Constructor_NotInTempDomain_DoesNotCopyServiceLocatorWhenSpecifiedToNotDoSo" />
    </UnitTest>
    <UnitTest name="Current_OutsideAnyScope_ReturnsNonNullValue" storage="f:\etwork\bin\tests\sysintgtests.icore.common.dll" id="66eae7a3-616b-4626-078c-b1b145b0a4b5">
      <Execution id="5308fa8b-6d4a-4098-a5c6-7e3d1f76f757" />
      <TestMethod codeBase="F:\ETWork\bin\Tests\SysIntgTests.iCore.Common.dll" adapterTypeName="Microsoft.VisualStudio.TestTools.TestTypes.Unit.UnitTestAdapter" className="SysIntgTests.iCore.Common.IsolationContextTests" name="Current_OutsideAnyScope_ReturnsNonNullValue" />
    </UnitTest>
    <UnitTest name="Current_OutsideAnyScope_ReturnsWrapperForCurrentAppDomain" storage="f:\etwork\bin\tests\sysintgtests.icore.common.dll" id="b891d803-d70e-4aaf-c80a-b4d08f9b0539">
      <Execution id="eb40490e-e5eb-46f8-bd6e-5f90791f7db3" />
      <TestMethod codeBase="F:\ETWork\bin\Tests\SysIntgTests.iCore.Common.dll" adapterTypeName="Microsoft.VisualStudio.TestTools.TestTypes.Unit.UnitTestAdapter" className="SysIntgTests.iCore.Common.IsolationContextTests" name="Current_OutsideAnyScope_ReturnsWrapperForCurrentAppDomain" />
    </UnitTest>
    <UnitTest name="Constructor_CreatesNewAppDomainWithCorrectDefaultOptions" storage="f:\etwork\bin\tests\sysintgtests.icore.common.dll" id="44c0f15d-0277-6cfa-180f-b84f8c1c13ef">
      <Execution id="aa93770a-0809-4299-b321-96057529871b" />
      <TestMethod codeBase="F:\ETWork\bin\Tests\SysIntgTests.iCore.Common.dll" adapterTypeName="Microsoft.VisualStudio.TestTools.TestTypes.Unit.UnitTestAdapter" className="SysIntgTests.iCore.Common.IsolationContextTests" name="Constructor_CreatesNewAppDomainWithCorrectDefaultOptions" />
    </UnitTest>
    <UnitTest name="CreateInstance_ReturnsProxyToOtherDomain" storage="f:\etwork\bin\tests\sysintgtests.icore.common.dll" id="cad63c84-98a1-e0ad-d1bb-62cd8ed3c75d">
      <Execution id="62c3ea06-0959-4e5b-8e48-d94888ff7bb5" />
      <TestMethod codeBase="F:\ETWork\bin\Tests\SysIntgTests.iCore.Common.dll" adapterTypeName="Microsoft.VisualStudio.TestTools.TestTypes.Unit.UnitTestAdapter" className="SysIntgTests.iCore.Common.IsolationContextTests" name="CreateInstance_ReturnsProxyToOtherDomain" />
    </UnitTest>
    <UnitTest name="CreateInstanceInTempDomain_ReturnsNonProxyObject" storage="f:\etwork\bin\tests\sysintgtests.icore.common.dll" id="eb144340-5b8d-128c-fde2-ed219d99971f">
      <Execution id="9876fe8d-151a-4506-a9da-4a2eb1769a53" />
      <TestMethod codeBase="F:\ETWork\bin\Tests\SysIntgTests.iCore.Common.dll" adapterTypeName="Microsoft.VisualStudio.TestTools.TestTypes.Unit.UnitTestAdapter" className="SysIntgTests.iCore.Common.IsolationContextTests" name="CreateInstanceInTempDomain_ReturnsNonProxyObject" />
    </UnitTest>
    <UnitTest name="CreateInstance_NonMarshalByRefObject_ThrowsException" storage="f:\etwork\bin\tests\sysintgtests.icore.common.dll" id="7805de05-67ca-d1b5-4e58-cd1a1e58ca8b">
      <Execution id="bdd80b83-fd48-458e-9d5f-7f0b1b723c70" />
      <TestMethod codeBase="F:\ETWork\bin\Tests\SysIntgTests.iCore.Common.dll" adapterTypeName="Microsoft.VisualStudio.TestTools.TestTypes.Unit.UnitTestAdapter" className="SysIntgTests.iCore.Common.IsolationContextTests" name="CreateInstance_NonMarshalByRefObject_ThrowsException" />
    </UnitTest>
  </TestDefinitions>
  <TestEntries>
    <TestEntry testId="831db045-f292-0113-7ae7-2fd4876bc105" executionId="375efbcf-fb14-4645-9899-19288ca9d617" testListId="8c84fa94-04c1-424b-9868-57a2d4851a1d" />
    <TestEntry testId="935132d2-4256-c074-0e67-b903c2a7f5dd" executionId="3ea870f6-c13f-4c66-bf77-fca5ce20655b" testListId="8c84fa94-04c1-424b-9868-57a2d4851a1d" />
    <TestEntry testId="3dccd841-5f2f-2a15-b4c3-20b2bd462479" executionId="c5373f43-cc34-45f7-9811-9db59233b9d5" testListId="8c84fa94-04c1-424b-9868-57a2d4851a1d" />
    <TestEntry testId="863edc62-b9a5-bf56-7942-b148086f90bc" executionId="e6aa734d-910d-4992-ae8f-f447b74e3028" testListId="8c84fa94-04c1-424b-9868-57a2d4851a1d" />
    <TestEntry testId="a2b659e7-29ed-99e7-e5f4-69c0ae844001" executionId="6a2df710-db4b-40ad-ac9a-6e42c6c038ff" testListId="8c84fa94-04c1-424b-9868-57a2d4851a1d" />
    <TestEntry testId="da522d24-50cf-fbb2-8b36-e62a34b2a227" executionId="68d7835a-2929-4259-89e3-d444b90687a8" testListId="8c84fa94-04c1-424b-9868-57a2d4851a1d" />
    <TestEntry testId="1f70e72f-1063-66fd-de05-741ce6769f48" executionId="b02244a3-80bf-4b36-bdc2-121ee6e4db92" testListId="8c84fa94-04c1-424b-9868-57a2d4851a1d" />
    <TestEntry testId="d0462903-683a-b829-10f2-9d365b2c84ff" executionId="7f77890c-c7ac-4aef-a9b8-94eff6caa832" testListId="8c84fa94-04c1-424b-9868-57a2d4851a1d" />
    <TestEntry testId="88b853d2-d707-9792-b96f-ffcf9afe44d1" executionId="820e0784-4bfa-4355-94ea-b2f54b365ee6" testListId="8c84fa94-04c1-424b-9868-57a2d4851a1d" />
    <TestEntry testId="d43034e5-065e-4e55-70d5-3f48691fc14d" executionId="e2b24d4b-5bd7-49e1-b836-3ddb851b0bda" testListId="8c84fa94-04c1-424b-9868-57a2d4851a1d" />
    <TestEntry testId="7490130f-f744-bbe6-7329-57855fd23f98" executionId="c89204ed-9784-43e7-a1b1-ca006ab3f7c4" testListId="8c84fa94-04c1-424b-9868-57a2d4851a1d" />
    <TestEntry testId="39a83c15-12b3-e66f-e3e3-25f7d8c80e64" executionId="f9ab6241-d48b-4ceb-9112-2b3a7a2f9fd7" testListId="8c84fa94-04c1-424b-9868-57a2d4851a1d" />
    <TestEntry testId="1892dcf9-2ed9-3a33-acae-e00b5c61519e" executionId="dd6724e4-b0a8-42c9-ad24-6d38fd37a70a" testListId="8c84fa94-04c1-424b-9868-57a2d4851a1d" />
    <TestEntry testId="e4563dc9-3b6e-a1d8-0ae1-c47771f9e82d" executionId="694e2984-ecba-4985-b006-6f6e310367d9" testListId="8c84fa94-04c1-424b-9868-57a2d4851a1d" />
    <TestEntry testId="ba69ddcc-0d2a-f046-df8d-bd09afe3d550" executionId="7a768647-14fa-46b2-8bb8-364f9f2a3c70" testListId="8c84fa94-04c1-424b-9868-57a2d4851a1d" />
    <TestEntry testId="6ab70e5f-c9c2-0f7f-62f5-8f4931eadaf8" executionId="5e0729fa-016e-4882-be8d-9191972e9945" testListId="8c84fa94-04c1-424b-9868-57a2d4851a1d" />
    <TestEntry testId="926f2bb9-6a9b-13f8-1722-f75c5c6d13af" executionId="daf99ddb-ea5a-432b-8946-53802b27c13f" testListId="8c84fa94-04c1-424b-9868-57a2d4851a1d" />
    <TestEntry testId="0eb21e03-d25d-afd2-3f2d-dec701f4b50e" executionId="7707ced4-1bae-499c-8e6c-9a14f68505b4" testListId="8c84fa94-04c1-424b-9868-57a2d4851a1d" />
    <TestEntry testId="2a03f6eb-901c-b085-82a8-2b6a7ef509fb" executionId="f7486548-69fd-4a05-8aeb-c8133d4f1843" testListId="8c84fa94-04c1-424b-9868-57a2d4851a1d" />
    <TestEntry testId="655ca6a4-9dd8-d0f2-6dd1-52e55f12a793" executionId="daa733ac-a7d7-4f16-ac0c-27273b5c521f" testListId="8c84fa94-04c1-424b-9868-57a2d4851a1d" />
    <TestEntry testId="67a5826d-8c48-fa4d-aaf5-cd125a79b055" executionId="f7c01914-71e0-416c-a0dc-4eee797d56a0" testListId="8c84fa94-04c1-424b-9868-57a2d4851a1d" />
    <TestEntry testId="2a3767ce-4af8-4aa4-1552-5449261d3455" executionId="4f457e7b-8e54-4171-a64f-af7ecfb4d5a3" testListId="8c84fa94-04c1-424b-9868-57a2d4851a1d" />
    <TestEntry testId="95276ca5-f35c-abce-8ca9-52c8d1569af0" executionId="fbca78a4-4e08-402c-a9a7-c8588fa6d986" testListId="8c84fa94-04c1-424b-9868-57a2d4851a1d" />
    <TestEntry testId="d24d3fe1-2af2-ecee-4d4f-80d1f4efd601" executionId="444d021d-ed4b-4a0d-9e32-6323d27d2ed0" testListId="8c84fa94-04c1-424b-9868-57a2d4851a1d" />
    <TestEntry testId="c8fefa1c-1176-c1f0-8f01-ad8f6f09d540" executionId="77356b46-2231-41b8-b332-47f56d5825be" testListId="8c84fa94-04c1-424b-9868-57a2d4851a1d" />
    <TestEntry testId="133eecec-381b-cf2d-8648-66dffaf00fc4" executionId="1b888bab-6171-4289-92af-550680e72cba" testListId="8c84fa94-04c1-424b-9868-57a2d4851a1d" />
    <TestEntry testId="66eae7a3-616b-4626-078c-b1b145b0a4b5" executionId="5308fa8b-6d4a-4098-a5c6-7e3d1f76f757" testListId="8c84fa94-04c1-424b-9868-57a2d4851a1d" />
    <TestEntry testId="b891d803-d70e-4aaf-c80a-b4d08f9b0539" executionId="eb40490e-e5eb-46f8-bd6e-5f90791f7db3" testListId="8c84fa94-04c1-424b-9868-57a2d4851a1d" />
    <TestEntry testId="44c0f15d-0277-6cfa-180f-b84f8c1c13ef" executionId="aa93770a-0809-4299-b321-96057529871b" testListId="8c84fa94-04c1-424b-9868-57a2d4851a1d" />
    <TestEntry testId="cad63c84-98a1-e0ad-d1bb-62cd8ed3c75d" executionId="62c3ea06-0959-4e5b-8e48-d94888ff7bb5" testListId="8c84fa94-04c1-424b-9868-57a2d4851a1d" />
    <TestEntry testId="eb144340-5b8d-128c-fde2-ed219d99971f" executionId="9876fe8d-151a-4506-a9da-4a2eb1769a53" testListId="8c84fa94-04c1-424b-9868-57a2d4851a1d" />
    <TestEntry testId="7805de05-67ca-d1b5-4e58-cd1a1e58ca8b" executionId="bdd80b83-fd48-458e-9d5f-7f0b1b723c70" testListId="8c84fa94-04c1-424b-9868-57a2d4851a1d" />
  </TestEntries>
  <TestLists>
    <TestList name="Results Not in a List" id="8c84fa94-04c1-424b-9868-57a2d4851a1d" />
    <TestList name="All Loaded Results" id="19431567-8539-422a-85d7-44ee4e166bda" />
  </TestLists>
  <ResultSummary outcome="Completed">
    <Counters total="32" executed="32" passed="32" failed="0" error="0" timeout="0" aborted="0" inconclusive="0" passedButRunAborted="0" notRunnable="0" notExecuted="0" disconnected="0" warning="0" completed="0" inProgress="0" pending="0" />
    <RunInfos>
      <RunInfo computerName="ICSWS068" outcome="Warning" timestamp="2016-08-04T10:04:06.7886952+02:00">
        <Text>Warning: Test Run deployment issue: The assembly or module 'Microsoft.IdentityModel.Clients.ActiveDirectory' directly or indirectly referenced by the test container 'f:\etwork\bin\tests\sysintgtests.icore.common.dll' was not found.</Text>
      </RunInfo>
      <RunInfo computerName="ICSWS068" outcome="Warning" timestamp="2016-08-04T10:04:06.7916963+02:00">
        <Text>Warning: Test Run deployment issue: The assembly or module 'Microsoft.ServiceBus' directly or indirectly referenced by the test container 'f:\etwork\bin\tests\sysintgtests.icore.common.dll' was not found.</Text>
      </RunInfo>
    </RunInfos>
  </ResultSummary>
</TestRun>