<?xml version="1.0" encoding="UTF-8"?>
<TestRun id="c4f2417e-d9e5-4ffc-b581-bb9c4e103aa5" name="bacemi@ICSWS068 2016-08-04 09:52:52" runUser="ICORE\bacemi" xmlns="http://microsoft.com/schemas/VisualStudio/TeamTest/2010">
  <Times creation="2016-08-04T09:52:52.9247741+02:00" queuing="2016-08-04T09:52:52.9247741+02:00" start="2016-08-04T09:52:44.1062083+02:00" finish="2016-08-04T09:53:09.8765729+02:00" />
  <TestSettings name="default" id="1e3d43b6-e4ac-4df8-80ee-7f2c53a2b504">
    <Execution>
      <TestTypeSpecific />
    </Execution>
    <Deployment runDeploymentRoot="bacemi_ICSWS068 2016-08-04 09_52_52" />
    <Properties />
  </TestSettings>
  <Results>
    <UnitTestResult executionId="68d0d7c7-b4f5-4d9e-be8a-16ba61f94221" testId="20c32d7b-e604-d0e6-7959-a616862dd184" testName="Recieve_MessageOnQueue_Succeeds" computerName="ICSWS068" duration="00:00:00.3224496" startTime="2016-08-04T09:52:44.1062083+02:00" endTime="2016-08-04T09:52:52.8703138+02:00" testType="13cdc9d9-ddb5-4fa4-a97d-d965ccfc6d4b" outcome="Passed" testListId="8c84fa94-04c1-424b-9868-57a2d4851a1d" relativeResultsDirectory="68d0d7c7-b4f5-4d9e-be8a-16ba61f94221" />
    <UnitTestResult executionId="538f6e7d-2645-49f9-9428-c1fc03cb2b9c" testId="e60afac4-b88f-824a-72f7-464c2602cbb7" testName="Recieve_NoMessageOnQueueAndErrorOnTimeout_ExceptionEventInvoked" computerName="ICSWS068" duration="00:00:00.2552784" startTime="2016-08-04T09:52:52.8743163+02:00" endTime="2016-08-04T09:52:53.1318624+02:00" testType="13cdc9d9-ddb5-4fa4-a97d-d965ccfc6d4b" outcome="Passed" testListId="8c84fa94-04c1-424b-9868-57a2d4851a1d" relativeResultsDirectory="538f6e7d-2645-49f9-9428-c1fc03cb2b9c" />
    <UnitTestResult executionId="ec8efcc1-28ef-4558-ba73-df6849d238a6" testId="c5ea996c-3fa8-ba71-556f-42cb83656442" testName="Recieve_NoMessageOnQueue_NoExceptionEventInvoked" computerName="ICSWS068" duration="00:00:05.2581068" startTime="2016-08-04T09:52:53.1348629+02:00" endTime="2016-08-04T09:52:58.3943066+02:00" testType="13cdc9d9-ddb5-4fa4-a97d-d965ccfc6d4b" outcome="Passed" testListId="8c84fa94-04c1-424b-9868-57a2d4851a1d" relativeResultsDirectory="ec8efcc1-28ef-4558-ba73-df6849d238a6" />
    <UnitTestResult executionId="2de033d9-0da0-48e5-81c6-eea89a0ed6ad" testId="a86a16dd-b726-6e80-52e5-5c318bae6cac" testName="Recieve_NoMessageOnQueueAtFirst_MessageRecievedEventInvokeAfterMessageIsSent" computerName="ICSWS068" duration="00:00:05.2696080" startTime="2016-08-04T09:52:58.3973072+02:00" endTime="2016-08-04T09:53:03.6680618+02:00" testType="13cdc9d9-ddb5-4fa4-a97d-d965ccfc6d4b" outcome="Passed" testListId="8c84fa94-04c1-424b-9868-57a2d4851a1d" relativeResultsDirectory="2de033d9-0da0-48e5-81c6-eea89a0ed6ad" />
    <UnitTestResult executionId="1a333313-3581-40d7-8672-3a853fc956c0" testId="b607bf2a-1014-d778-3219-c58fed28e457" testName="CancelRecieve_CancelWhileRecievingAndNoMessageOnQueue_RecieveEventuallyCancelled" computerName="ICSWS068" duration="00:00:00.2531802" startTime="2016-08-04T09:53:03.6720696+02:00" endTime="2016-08-04T09:53:03.9265920+02:00" testType="13cdc9d9-ddb5-4fa4-a97d-d965ccfc6d4b" outcome="Passed" testListId="8c84fa94-04c1-424b-9868-57a2d4851a1d" relativeResultsDirectory="1a333313-3581-40d7-8672-3a853fc956c0" />
    <UnitTestResult executionId="3b12d0ae-7add-41a9-94a5-4d839d0a7ab5" testId="8a00c563-8049-28c0-7c4c-f9a8ef840880" testName="AccessQueue_QueueExists_GreatSuccess" computerName="ICSWS068" duration="00:00:00.2083241" startTime="2016-08-04T09:53:03.9295934+02:00" endTime="2016-08-04T09:53:04.3604946+02:00" testType="13cdc9d9-ddb5-4fa4-a97d-d965ccfc6d4b" outcome="Passed" testListId="8c84fa94-04c1-424b-9868-57a2d4851a1d" relativeResultsDirectory="3b12d0ae-7add-41a9-94a5-4d839d0a7ab5" />
    <UnitTestResult executionId="a3eb8b82-6b98-4f7f-bd46-31fd800f5aea" testId="81591a47-add4-115d-0976-a21b3a7caab4" testName="AccessQueue_QueueDoesNotExist_Fails" computerName="ICSWS068" duration="00:00:00.3198916" startTime="2016-08-04T09:53:04.3630303+02:00" endTime="2016-08-04T09:53:04.6845765+02:00" testType="13cdc9d9-ddb5-4fa4-a97d-d965ccfc6d4b" outcome="Passed" testListId="8c84fa94-04c1-424b-9868-57a2d4851a1d" relativeResultsDirectory="a3eb8b82-6b98-4f7f-bd46-31fd800f5aea" />
    <UnitTestResult executionId="e221052d-0fae-4baa-adfb-8ab7459ccf88" testId="5e51dc10-2a2c-ee5c-41fa-0498e442b122" testName="AccessQueue_Disconnected_Fails" computerName="ICSWS068" duration="00:00:00.2456520" startTime="2016-08-04T09:53:04.6875782+02:00" endTime="2016-08-04T09:53:04.9344417+02:00" testType="13cdc9d9-ddb5-4fa4-a97d-d965ccfc6d4b" outcome="Passed" testListId="8c84fa94-04c1-424b-9868-57a2d4851a1d" relativeResultsDirectory="e221052d-0fae-4baa-adfb-8ab7459ccf88" />
    <UnitTestResult executionId="066fdd4a-72da-4cf3-9a85-9d7544730035" testId="43aff2d2-52e5-326d-a8a5-8e8f6bc566e2" testName="Rollback_Disconnected_Fails" computerName="ICSWS068" duration="00:00:00.2038459" startTime="2016-08-04T09:53:04.9374408+02:00" endTime="2016-08-04T09:53:05.1423461+02:00" testType="13cdc9d9-ddb5-4fa4-a97d-d965ccfc6d4b" outcome="Passed" testListId="8c84fa94-04c1-424b-9868-57a2d4851a1d" relativeResultsDirectory="066fdd4a-72da-4cf3-9a85-9d7544730035" />
    <UnitTestResult executionId="805b2635-c726-4142-b7cc-afab4f799aaf" testId="b1f32105-ae80-e5cd-ddca-019d77ba69b7" testName="Rollback_Connected_DoesNotFail" computerName="ICSWS068" duration="00:00:00.3039846" startTime="2016-08-04T09:53:05.1453631+02:00" endTime="2016-08-04T09:53:05.4508142+02:00" testType="13cdc9d9-ddb5-4fa4-a97d-d965ccfc6d4b" outcome="Passed" testListId="8c84fa94-04c1-424b-9868-57a2d4851a1d" relativeResultsDirectory="805b2635-c726-4142-b7cc-afab4f799aaf" />
    <UnitTestResult executionId="95093cd2-5aea-45fa-a7a0-d190b68b5f00" testId="c31bf1b6-ecb1-ff04-a4e4-e3cfc7e7030a" testName="Commit_Connected_DoesNotFail" computerName="ICSWS068" duration="00:00:00.2885328" startTime="2016-08-04T09:53:05.4538176+02:00" endTime="2016-08-04T09:53:05.7433458+02:00" testType="13cdc9d9-ddb5-4fa4-a97d-d965ccfc6d4b" outcome="Passed" testListId="8c84fa94-04c1-424b-9868-57a2d4851a1d" relativeResultsDirectory="95093cd2-5aea-45fa-a7a0-d190b68b5f00" />
    <UnitTestResult executionId="edf645ac-27f1-4f0b-b5c7-c0f7687f0cb4" testId="d94e0aa1-7436-d0a5-bd46-f45cb80b49dd" testName="Commit_Disconnected_Fails" computerName="ICSWS068" duration="00:00:00.2515445" startTime="2016-08-04T09:53:05.7468490+02:00" endTime="2016-08-04T09:53:06.0003268+02:00" testType="13cdc9d9-ddb5-4fa4-a97d-d965ccfc6d4b" outcome="Passed" testListId="8c84fa94-04c1-424b-9868-57a2d4851a1d" relativeResultsDirectory="edf645ac-27f1-4f0b-b5c7-c0f7687f0cb4" />
    <UnitTestResult executionId="63ece31e-fc6f-4dd9-a94a-7e1593afd66c" testId="0777905a-26b9-ccf1-04b4-ba021877cc5f" testName="Codepage_Connected_Functions" computerName="ICSWS068" duration="00:00:00.2551121" startTime="2016-08-04T09:53:06.0033300+02:00" endTime="2016-08-04T09:53:06.2598294+02:00" testType="13cdc9d9-ddb5-4fa4-a97d-d965ccfc6d4b" outcome="Passed" testListId="8c84fa94-04c1-424b-9868-57a2d4851a1d" relativeResultsDirectory="63ece31e-fc6f-4dd9-a94a-7e1593afd66c" />
    <UnitTestResult executionId="26655ce7-409f-4400-b06c-c6203cee1506" testId="d7611062-18d1-8704-a521-944aeeb5f0fe" testName="Codepage_Disconnected_Fails" computerName="ICSWS068" duration="00:00:00.3111498" startTime="2016-08-04T09:53:06.2628323+02:00" endTime="2016-08-04T09:53:06.5750660+02:00" testType="13cdc9d9-ddb5-4fa4-a97d-d965ccfc6d4b" outcome="Passed" testListId="8c84fa94-04c1-424b-9868-57a2d4851a1d" relativeResultsDirectory="26655ce7-409f-4400-b06c-c6203cee1506" />
    <UnitTestResult executionId="1e6e0856-8ec1-4298-985f-d8d1ded37d2f" testId="24b2e168-ab2a-df4a-80a4-664cd2438036" testName="Get_NoMessageExistOnQueue_ThrowsWsmqException" computerName="ICSWS068" duration="00:00:00.2249536" startTime="2016-08-04T09:53:06.5785683+02:00" endTime="2016-08-04T09:53:07.0260660+02:00" testType="13cdc9d9-ddb5-4fa4-a97d-d965ccfc6d4b" outcome="Passed" testListId="8c84fa94-04c1-424b-9868-57a2d4851a1d" relativeResultsDirectory="1e6e0856-8ec1-4298-985f-d8d1ded37d2f" />
    <UnitTestResult executionId="12c52a0a-decf-4d1e-8c45-21ed57f43996" testId="d16828c1-09aa-4c74-9cb7-cfd78e3d7a30" testName="Get_MessageExistOnQueue_MessageIsRetrived" computerName="ICSWS068" duration="00:00:00.3865117" startTime="2016-08-04T09:53:07.0285683+02:00" endTime="2016-08-04T09:53:07.4164810+02:00" testType="13cdc9d9-ddb5-4fa4-a97d-d965ccfc6d4b" outcome="Passed" testListId="8c84fa94-04c1-424b-9868-57a2d4851a1d" relativeResultsDirectory="12c52a0a-decf-4d1e-8c45-21ed57f43996" />
    <UnitTestResult executionId="19310225-e08b-4dd2-99e0-1b03a613a816" testId="4c0bd394-8b69-9ef9-911b-36d1660b4713" testName="Put_ValidMessage_MessageCanBeRetrived" computerName="ICSWS068" duration="00:00:00.2706602" startTime="2016-08-04T09:53:07.4194821+02:00" endTime="2016-08-04T09:53:07.6914397+02:00" testType="13cdc9d9-ddb5-4fa4-a97d-d965ccfc6d4b" outcome="Passed" testListId="8c84fa94-04c1-424b-9868-57a2d4851a1d" relativeResultsDirectory="19310225-e08b-4dd2-99e0-1b03a613a816" />
    <UnitTestResult executionId="82329e34-61a7-4436-b85f-48645f101615" testId="e0260b89-0f10-7674-09a3-502781908ef8" testName="Close_QueueWasOpen_IsClosedAfterClose" computerName="ICSWS068" duration="00:00:00.2457974" startTime="2016-08-04T09:53:07.6939423+02:00" endTime="2016-08-04T09:53:07.9413871+02:00" testType="13cdc9d9-ddb5-4fa4-a97d-d965ccfc6d4b" outcome="Passed" testListId="8c84fa94-04c1-424b-9868-57a2d4851a1d" relativeResultsDirectory="82329e34-61a7-4436-b85f-48645f101615" />
    <UnitTestResult executionId="89f2a458-65d6-48dd-9dae-775439868fcc" testId="247c69c2-fcf7-3e0d-2b53-6e8a73e37bec" testName="Close_QueueWasClosed_IsClosedAfterClose" computerName="ICSWS068" duration="00:00:00.2670098" startTime="2016-08-04T09:53:07.9453920+02:00" endTime="2016-08-04T09:53:08.2136751+02:00" testType="13cdc9d9-ddb5-4fa4-a97d-d965ccfc6d4b" outcome="Passed" testListId="8c84fa94-04c1-424b-9868-57a2d4851a1d" relativeResultsDirectory="89f2a458-65d6-48dd-9dae-775439868fcc" />
    <UnitTestResult executionId="e2ba1bf6-a68a-4d2a-8c04-b7c3528982de" testId="950d55b9-9bb1-13fe-9fa1-aa8c1e33da82" testName="WriteStream_StreamDataLargerThanBuffer_DataWrittenToMessage" computerName="ICSWS068" duration="00:00:00.0058503" startTime="2016-08-04T09:53:08.2166944+02:00" endTime="2016-08-04T09:53:08.2246860+02:00" testType="13cdc9d9-ddb5-4fa4-a97d-d965ccfc6d4b" outcome="Passed" testListId="8c84fa94-04c1-424b-9868-57a2d4851a1d" relativeResultsDirectory="e2ba1bf6-a68a-4d2a-8c04-b7c3528982de" />
    <UnitTestResult executionId="78afb6a4-34be-4292-aa76-69b8b445cd73" testId="d9b25093-fc83-1f97-deb7-d217187e360a" testName="Recieve_NoMessageOnQueue_ReturnsNull" computerName="ICSWS068" duration="00:00:00.2304335" startTime="2016-08-04T09:53:08.2276883+02:00" endTime="2016-08-04T09:53:08.6742423+02:00" testType="13cdc9d9-ddb5-4fa4-a97d-d965ccfc6d4b" outcome="Passed" testListId="8c84fa94-04c1-424b-9868-57a2d4851a1d" relativeResultsDirectory="78afb6a4-34be-4292-aa76-69b8b445cd73" />
    <UnitTestResult executionId="1fc06b27-8ff3-4c30-b325-b355f488ff1b" testId="2dac2925-28ab-5759-3c61-671df1dffaa8" testName="Recieve_MessageOnQueue_MessageRetrived" computerName="ICSWS068" duration="00:00:00.2527791" startTime="2016-08-04T09:53:08.6767435+02:00" endTime="2016-08-04T09:53:08.9306195+02:00" testType="13cdc9d9-ddb5-4fa4-a97d-d965ccfc6d4b" outcome="Passed" testListId="8c84fa94-04c1-424b-9868-57a2d4851a1d" relativeResultsDirectory="1fc06b27-8ff3-4c30-b325-b355f488ff1b" />
    <UnitTestResult executionId="2502be95-ef9e-4bed-876e-6edbf12853ba" testId="c9775d98-def2-b710-ff17-70c5457bec88" testName="Send_MessageIsValid_MessageCanBeRetrived" computerName="ICSWS068" duration="00:00:00.2721510" startTime="2016-08-04T09:53:08.9338024+02:00" endTime="2016-08-04T09:53:09.2073080+02:00" testType="13cdc9d9-ddb5-4fa4-a97d-d965ccfc6d4b" outcome="Passed" testListId="8c84fa94-04c1-424b-9868-57a2d4851a1d" relativeResultsDirectory="2502be95-ef9e-4bed-876e-6edbf12853ba" />
  </Results>
  <TestDefinitions>
    <UnitTest name="Recieve_MessageOnQueue_Succeeds" storage="f:\etwork\bin\tests\intgtests.icore.runtime.wsmq.dll" id="20c32d7b-e604-d0e6-7959-a616862dd184">
      <TestCategory>
        <TestCategoryItem TestCategory="WSMQ" />
      </TestCategory>
      <Execution id="68d0d7c7-b4f5-4d9e-be8a-16ba61f94221" />
      <TestMethod codeBase="F:\ETWork\bin\Tests\IntgTests.iCore.Runtime.Wsmq.dll" adapterTypeName="Microsoft.VisualStudio.TestTools.TestTypes.Unit.UnitTestAdapter" className="IntgTests.iCore.Runtime.Wsmq.WsmqPollingQueueTests" name="Recieve_MessageOnQueue_Succeeds" />
    </UnitTest>
    <UnitTest name="Recieve_NoMessageOnQueueAndErrorOnTimeout_ExceptionEventInvoked" storage="f:\etwork\bin\tests\intgtests.icore.runtime.wsmq.dll" id="e60afac4-b88f-824a-72f7-464c2602cbb7">
      <TestCategory>
        <TestCategoryItem TestCategory="WSMQ" />
      </TestCategory>
      <Execution id="538f6e7d-2645-49f9-9428-c1fc03cb2b9c" />
      <TestMethod codeBase="F:\ETWork\bin\Tests\IntgTests.iCore.Runtime.Wsmq.dll" adapterTypeName="Microsoft.VisualStudio.TestTools.TestTypes.Unit.UnitTestAdapter" className="IntgTests.iCore.Runtime.Wsmq.WsmqPollingQueueTests" name="Recieve_NoMessageOnQueueAndErrorOnTimeout_ExceptionEventInvoked" />
    </UnitTest>
    <UnitTest name="Recieve_NoMessageOnQueue_NoExceptionEventInvoked" storage="f:\etwork\bin\tests\intgtests.icore.runtime.wsmq.dll" id="c5ea996c-3fa8-ba71-556f-42cb83656442">
      <TestCategory>
        <TestCategoryItem TestCategory="WSMQ" />
      </TestCategory>
      <Execution id="ec8efcc1-28ef-4558-ba73-df6849d238a6" />
      <TestMethod codeBase="F:\ETWork\bin\Tests\IntgTests.iCore.Runtime.Wsmq.dll" adapterTypeName="Microsoft.VisualStudio.TestTools.TestTypes.Unit.UnitTestAdapter" className="IntgTests.iCore.Runtime.Wsmq.WsmqPollingQueueTests" name="Recieve_NoMessageOnQueue_NoExceptionEventInvoked" />
    </UnitTest>
    <UnitTest name="Recieve_NoMessageOnQueueAtFirst_MessageRecievedEventInvokeAfterMessageIsSent" storage="f:\etwork\bin\tests\intgtests.icore.runtime.wsmq.dll" id="a86a16dd-b726-6e80-52e5-5c318bae6cac">
      <TestCategory>
        <TestCategoryItem TestCategory="WSMQ" />
      </TestCategory>
      <Execution id="2de033d9-0da0-48e5-81c6-eea89a0ed6ad" />
      <TestMethod codeBase="F:\ETWork\bin\Tests\IntgTests.iCore.Runtime.Wsmq.dll" adapterTypeName="Microsoft.VisualStudio.TestTools.TestTypes.Unit.UnitTestAdapter" className="IntgTests.iCore.Runtime.Wsmq.WsmqPollingQueueTests" name="Recieve_NoMessageOnQueueAtFirst_MessageRecievedEventInvokeAfterMessageIsSent" />
    </UnitTest>
    <UnitTest name="CancelRecieve_CancelWhileRecievingAndNoMessageOnQueue_RecieveEventuallyCancelled" storage="f:\etwork\bin\tests\intgtests.icore.runtime.wsmq.dll" id="b607bf2a-1014-d778-3219-c58fed28e457">
      <TestCategory>
        <TestCategoryItem TestCategory="WSMQ" />
      </TestCategory>
      <Execution id="1a333313-3581-40d7-8672-3a853fc956c0" />
      <TestMethod codeBase="F:\ETWork\bin\Tests\IntgTests.iCore.Runtime.Wsmq.dll" adapterTypeName="Microsoft.VisualStudio.TestTools.TestTypes.Unit.UnitTestAdapter" className="IntgTests.iCore.Runtime.Wsmq.WsmqPollingQueueTests" name="CancelRecieve_CancelWhileRecievingAndNoMessageOnQueue_RecieveEventuallyCancelled" />
    </UnitTest>
    <UnitTest name="AccessQueue_QueueExists_GreatSuccess" storage="f:\etwork\bin\tests\intgtests.icore.runtime.wsmq.dll" id="8a00c563-8049-28c0-7c4c-f9a8ef840880">
      <TestCategory>
        <TestCategoryItem TestCategory="WSMQ" />
      </TestCategory>
      <Execution id="3b12d0ae-7add-41a9-94a5-4d839d0a7ab5" />
      <TestMethod codeBase="F:\ETWork\bin\Tests\IntgTests.iCore.Runtime.Wsmq.dll" adapterTypeName="Microsoft.VisualStudio.TestTools.TestTypes.Unit.UnitTestAdapter" className="IntgTests.iCore.Runtime.Wsmq.WsmqQueueManagerTests" name="AccessQueue_QueueExists_GreatSuccess" />
    </UnitTest>
    <UnitTest name="AccessQueue_QueueDoesNotExist_Fails" storage="f:\etwork\bin\tests\intgtests.icore.runtime.wsmq.dll" id="81591a47-add4-115d-0976-a21b3a7caab4">
      <TestCategory>
        <TestCategoryItem TestCategory="WSMQ" />
      </TestCategory>
      <Execution id="a3eb8b82-6b98-4f7f-bd46-31fd800f5aea" />
      <TestMethod codeBase="F:\ETWork\bin\Tests\IntgTests.iCore.Runtime.Wsmq.dll" adapterTypeName="Microsoft.VisualStudio.TestTools.TestTypes.Unit.UnitTestAdapter" className="IntgTests.iCore.Runtime.Wsmq.WsmqQueueManagerTests" name="AccessQueue_QueueDoesNotExist_Fails" />
    </UnitTest>
    <UnitTest name="AccessQueue_Disconnected_Fails" storage="f:\etwork\bin\tests\intgtests.icore.runtime.wsmq.dll" id="5e51dc10-2a2c-ee5c-41fa-0498e442b122">
      <TestCategory>
        <TestCategoryItem TestCategory="WSMQ" />
      </TestCategory>
      <Execution id="e221052d-0fae-4baa-adfb-8ab7459ccf88" />
      <TestMethod codeBase="F:\ETWork\bin\Tests\IntgTests.iCore.Runtime.Wsmq.dll" adapterTypeName="Microsoft.VisualStudio.TestTools.TestTypes.Unit.UnitTestAdapter" className="IntgTests.iCore.Runtime.Wsmq.WsmqQueueManagerTests" name="AccessQueue_Disconnected_Fails" />
    </UnitTest>
    <UnitTest name="Rollback_Disconnected_Fails" storage="f:\etwork\bin\tests\intgtests.icore.runtime.wsmq.dll" id="43aff2d2-52e5-326d-a8a5-8e8f6bc566e2">
      <TestCategory>
        <TestCategoryItem TestCategory="WSMQ" />
      </TestCategory>
      <Execution id="066fdd4a-72da-4cf3-9a85-9d7544730035" />
      <TestMethod codeBase="F:\ETWork\bin\Tests\IntgTests.iCore.Runtime.Wsmq.dll" adapterTypeName="Microsoft.VisualStudio.TestTools.TestTypes.Unit.UnitTestAdapter" className="IntgTests.iCore.Runtime.Wsmq.WsmqQueueManagerTests" name="Rollback_Disconnected_Fails" />
    </UnitTest>
    <UnitTest name="Rollback_Connected_DoesNotFail" storage="f:\etwork\bin\tests\intgtests.icore.runtime.wsmq.dll" id="b1f32105-ae80-e5cd-ddca-019d77ba69b7">
      <TestCategory>
        <TestCategoryItem TestCategory="WSMQ" />
      </TestCategory>
      <Execution id="805b2635-c726-4142-b7cc-afab4f799aaf" />
      <TestMethod codeBase="F:\ETWork\bin\Tests\IntgTests.iCore.Runtime.Wsmq.dll" adapterTypeName="Microsoft.VisualStudio.TestTools.TestTypes.Unit.UnitTestAdapter" className="IntgTests.iCore.Runtime.Wsmq.WsmqQueueManagerTests" name="Rollback_Connected_DoesNotFail" />
    </UnitTest>
    <UnitTest name="Commit_Connected_DoesNotFail" storage="f:\etwork\bin\tests\intgtests.icore.runtime.wsmq.dll" id="c31bf1b6-ecb1-ff04-a4e4-e3cfc7e7030a">
      <TestCategory>
        <TestCategoryItem TestCategory="WSMQ" />
      </TestCategory>
      <Execution id="95093cd2-5aea-45fa-a7a0-d190b68b5f00" />
      <TestMethod codeBase="F:\ETWork\bin\Tests\IntgTests.iCore.Runtime.Wsmq.dll" adapterTypeName="Microsoft.VisualStudio.TestTools.TestTypes.Unit.UnitTestAdapter" className="IntgTests.iCore.Runtime.Wsmq.WsmqQueueManagerTests" name="Commit_Connected_DoesNotFail" />
    </UnitTest>
    <UnitTest name="Commit_Disconnected_Fails" storage="f:\etwork\bin\tests\intgtests.icore.runtime.wsmq.dll" id="d94e0aa1-7436-d0a5-bd46-f45cb80b49dd">
      <TestCategory>
        <TestCategoryItem TestCategory="WSMQ" />
      </TestCategory>
      <Execution id="edf645ac-27f1-4f0b-b5c7-c0f7687f0cb4" />
      <TestMethod codeBase="F:\ETWork\bin\Tests\IntgTests.iCore.Runtime.Wsmq.dll" adapterTypeName="Microsoft.VisualStudio.TestTools.TestTypes.Unit.UnitTestAdapter" className="IntgTests.iCore.Runtime.Wsmq.WsmqQueueManagerTests" name="Commit_Disconnected_Fails" />
    </UnitTest>
    <UnitTest name="Codepage_Connected_Functions" storage="f:\etwork\bin\tests\intgtests.icore.runtime.wsmq.dll" id="0777905a-26b9-ccf1-04b4-ba021877cc5f">
      <TestCategory>
        <TestCategoryItem TestCategory="WSMQ" />
      </TestCategory>
      <Execution id="63ece31e-fc6f-4dd9-a94a-7e1593afd66c" />
      <TestMethod codeBase="F:\ETWork\bin\Tests\IntgTests.iCore.Runtime.Wsmq.dll" adapterTypeName="Microsoft.VisualStudio.TestTools.TestTypes.Unit.UnitTestAdapter" className="IntgTests.iCore.Runtime.Wsmq.WsmqQueueManagerTests" name="Codepage_Connected_Functions" />
    </UnitTest>
    <UnitTest name="Codepage_Disconnected_Fails" storage="f:\etwork\bin\tests\intgtests.icore.runtime.wsmq.dll" id="d7611062-18d1-8704-a521-944aeeb5f0fe">
      <TestCategory>
        <TestCategoryItem TestCategory="WSMQ" />
      </TestCategory>
      <Execution id="26655ce7-409f-4400-b06c-c6203cee1506" />
      <TestMethod codeBase="F:\ETWork\bin\Tests\IntgTests.iCore.Runtime.Wsmq.dll" adapterTypeName="Microsoft.VisualStudio.TestTools.TestTypes.Unit.UnitTestAdapter" className="IntgTests.iCore.Runtime.Wsmq.WsmqQueueManagerTests" name="Codepage_Disconnected_Fails" />
    </UnitTest>
    <UnitTest name="Get_NoMessageExistOnQueue_ThrowsWsmqException" storage="f:\etwork\bin\tests\intgtests.icore.runtime.wsmq.dll" id="24b2e168-ab2a-df4a-80a4-664cd2438036">
      <TestCategory>
        <TestCategoryItem TestCategory="WSMQ" />
      </TestCategory>
      <Execution id="1e6e0856-8ec1-4298-985f-d8d1ded37d2f" />
      <TestMethod codeBase="F:\ETWork\bin\Tests\IntgTests.iCore.Runtime.Wsmq.dll" adapterTypeName="Microsoft.VisualStudio.TestTools.TestTypes.Unit.UnitTestAdapter" className="IntgTests.iCore.Runtime.Wsmq.WsmqQueueTests" name="Get_NoMessageExistOnQueue_ThrowsWsmqException" />
    </UnitTest>
    <UnitTest name="Get_MessageExistOnQueue_MessageIsRetrived" storage="f:\etwork\bin\tests\intgtests.icore.runtime.wsmq.dll" id="d16828c1-09aa-4c74-9cb7-cfd78e3d7a30">
      <TestCategory>
        <TestCategoryItem TestCategory="WSMQ" />
      </TestCategory>
      <Execution id="12c52a0a-decf-4d1e-8c45-21ed57f43996" />
      <TestMethod codeBase="F:\ETWork\bin\Tests\IntgTests.iCore.Runtime.Wsmq.dll" adapterTypeName="Microsoft.VisualStudio.TestTools.TestTypes.Unit.UnitTestAdapter" className="IntgTests.iCore.Runtime.Wsmq.WsmqQueueTests" name="Get_MessageExistOnQueue_MessageIsRetrived" />
    </UnitTest>
    <UnitTest name="Put_ValidMessage_MessageCanBeRetrived" storage="f:\etwork\bin\tests\intgtests.icore.runtime.wsmq.dll" id="4c0bd394-8b69-9ef9-911b-36d1660b4713">
      <TestCategory>
        <TestCategoryItem TestCategory="WSMQ" />
      </TestCategory>
      <Execution id="19310225-e08b-4dd2-99e0-1b03a613a816" />
      <TestMethod codeBase="F:\ETWork\bin\Tests\IntgTests.iCore.Runtime.Wsmq.dll" adapterTypeName="Microsoft.VisualStudio.TestTools.TestTypes.Unit.UnitTestAdapter" className="IntgTests.iCore.Runtime.Wsmq.WsmqQueueTests" name="Put_ValidMessage_MessageCanBeRetrived" />
    </UnitTest>
    <UnitTest name="Close_QueueWasOpen_IsClosedAfterClose" storage="f:\etwork\bin\tests\intgtests.icore.runtime.wsmq.dll" id="e0260b89-0f10-7674-09a3-502781908ef8">
      <TestCategory>
        <TestCategoryItem TestCategory="WSMQ" />
      </TestCategory>
      <Execution id="82329e34-61a7-4436-b85f-48645f101615" />
      <TestMethod codeBase="F:\ETWork\bin\Tests\IntgTests.iCore.Runtime.Wsmq.dll" adapterTypeName="Microsoft.VisualStudio.TestTools.TestTypes.Unit.UnitTestAdapter" className="IntgTests.iCore.Runtime.Wsmq.WsmqQueueTests" name="Close_QueueWasOpen_IsClosedAfterClose" />
    </UnitTest>
    <UnitTest name="Close_QueueWasClosed_IsClosedAfterClose" storage="f:\etwork\bin\tests\intgtests.icore.runtime.wsmq.dll" id="247c69c2-fcf7-3e0d-2b53-6e8a73e37bec">
      <TestCategory>
        <TestCategoryItem TestCategory="WSMQ" />
      </TestCategory>
      <Execution id="89f2a458-65d6-48dd-9dae-775439868fcc" />
      <TestMethod codeBase="F:\ETWork\bin\Tests\IntgTests.iCore.Runtime.Wsmq.dll" adapterTypeName="Microsoft.VisualStudio.TestTools.TestTypes.Unit.UnitTestAdapter" className="IntgTests.iCore.Runtime.Wsmq.WsmqQueueTests" name="Close_QueueWasClosed_IsClosedAfterClose" />
    </UnitTest>
    <UnitTest name="WriteStream_StreamDataLargerThanBuffer_DataWrittenToMessage" storage="f:\etwork\bin\tests\intgtests.icore.runtime.wsmq.dll" id="950d55b9-9bb1-13fe-9fa1-aa8c1e33da82">
      <TestCategory>
        <TestCategoryItem TestCategory="WSMQ" />
      </TestCategory>
      <Execution id="e2ba1bf6-a68a-4d2a-8c04-b7c3528982de" />
      <TestMethod codeBase="F:\ETWork\bin\Tests\IntgTests.iCore.Runtime.Wsmq.dll" adapterTypeName="Microsoft.VisualStudio.TestTools.TestTypes.Unit.UnitTestAdapter" className="IntgTests.iCore.Runtime.Wsmq.WsmqMessageTests" name="WriteStream_StreamDataLargerThanBuffer_DataWrittenToMessage" />
    </UnitTest>
    <UnitTest name="Recieve_NoMessageOnQueue_ReturnsNull" storage="f:\etwork\bin\tests\intgtests.icore.runtime.wsmq.dll" id="d9b25093-fc83-1f97-deb7-d217187e360a">
      <TestCategory>
        <TestCategoryItem TestCategory="WSMQ" />
      </TestCategory>
      <Execution id="78afb6a4-34be-4292-aa76-69b8b445cd73" />
      <TestMethod codeBase="F:\ETWork\bin\Tests\IntgTests.iCore.Runtime.Wsmq.dll" adapterTypeName="Microsoft.VisualStudio.TestTools.TestTypes.Unit.UnitTestAdapter" className="IntgTests.iCore.Runtime.Wsmq.WsmqSimpleQueueTests" name="Recieve_NoMessageOnQueue_ReturnsNull" />
    </UnitTest>
    <UnitTest name="Recieve_MessageOnQueue_MessageRetrived" storage="f:\etwork\bin\tests\intgtests.icore.runtime.wsmq.dll" id="2dac2925-28ab-5759-3c61-671df1dffaa8">
      <TestCategory>
        <TestCategoryItem TestCategory="WSMQ" />
      </TestCategory>
      <Execution id="1fc06b27-8ff3-4c30-b325-b355f488ff1b" />
      <TestMethod codeBase="F:\ETWork\bin\Tests\IntgTests.iCore.Runtime.Wsmq.dll" adapterTypeName="Microsoft.VisualStudio.TestTools.TestTypes.Unit.UnitTestAdapter" className="IntgTests.iCore.Runtime.Wsmq.WsmqSimpleQueueTests" name="Recieve_MessageOnQueue_MessageRetrived" />
    </UnitTest>
    <UnitTest name="Send_MessageIsValid_MessageCanBeRetrived" storage="f:\etwork\bin\tests\intgtests.icore.runtime.wsmq.dll" id="c9775d98-def2-b710-ff17-70c5457bec88">
      <TestCategory>
        <TestCategoryItem TestCategory="WSMQ" />
      </TestCategory>
      <Execution id="2502be95-ef9e-4bed-876e-6edbf12853ba" />
      <TestMethod codeBase="F:\ETWork\bin\Tests\IntgTests.iCore.Runtime.Wsmq.dll" adapterTypeName="Microsoft.VisualStudio.TestTools.TestTypes.Unit.UnitTestAdapter" className="IntgTests.iCore.Runtime.Wsmq.WsmqSimpleQueueTests" name="Send_MessageIsValid_MessageCanBeRetrived" />
    </UnitTest>
  </TestDefinitions>
  <TestEntries>
    <TestEntry testId="20c32d7b-e604-d0e6-7959-a616862dd184" executionId="68d0d7c7-b4f5-4d9e-be8a-16ba61f94221" testListId="8c84fa94-04c1-424b-9868-57a2d4851a1d" />
    <TestEntry testId="e60afac4-b88f-824a-72f7-464c2602cbb7" executionId="538f6e7d-2645-49f9-9428-c1fc03cb2b9c" testListId="8c84fa94-04c1-424b-9868-57a2d4851a1d" />
    <TestEntry testId="c5ea996c-3fa8-ba71-556f-42cb83656442" executionId="ec8efcc1-28ef-4558-ba73-df6849d238a6" testListId="8c84fa94-04c1-424b-9868-57a2d4851a1d" />
    <TestEntry testId="a86a16dd-b726-6e80-52e5-5c318bae6cac" executionId="2de033d9-0da0-48e5-81c6-eea89a0ed6ad" testListId="8c84fa94-04c1-424b-9868-57a2d4851a1d" />
    <TestEntry testId="b607bf2a-1014-d778-3219-c58fed28e457" executionId="1a333313-3581-40d7-8672-3a853fc956c0" testListId="8c84fa94-04c1-424b-9868-57a2d4851a1d" />
    <TestEntry testId="8a00c563-8049-28c0-7c4c-f9a8ef840880" executionId="3b12d0ae-7add-41a9-94a5-4d839d0a7ab5" testListId="8c84fa94-04c1-424b-9868-57a2d4851a1d" />
    <TestEntry testId="81591a47-add4-115d-0976-a21b3a7caab4" executionId="a3eb8b82-6b98-4f7f-bd46-31fd800f5aea" testListId="8c84fa94-04c1-424b-9868-57a2d4851a1d" />
    <TestEntry testId="5e51dc10-2a2c-ee5c-41fa-0498e442b122" executionId="e221052d-0fae-4baa-adfb-8ab7459ccf88" testListId="8c84fa94-04c1-424b-9868-57a2d4851a1d" />
    <TestEntry testId="43aff2d2-52e5-326d-a8a5-8e8f6bc566e2" executionId="066fdd4a-72da-4cf3-9a85-9d7544730035" testListId="8c84fa94-04c1-424b-9868-57a2d4851a1d" />
    <TestEntry testId="b1f32105-ae80-e5cd-ddca-019d77ba69b7" executionId="805b2635-c726-4142-b7cc-afab4f799aaf" testListId="8c84fa94-04c1-424b-9868-57a2d4851a1d" />
    <TestEntry testId="c31bf1b6-ecb1-ff04-a4e4-e3cfc7e7030a" executionId="95093cd2-5aea-45fa-a7a0-d190b68b5f00" testListId="8c84fa94-04c1-424b-9868-57a2d4851a1d" />
    <TestEntry testId="d94e0aa1-7436-d0a5-bd46-f45cb80b49dd" executionId="edf645ac-27f1-4f0b-b5c7-c0f7687f0cb4" testListId="8c84fa94-04c1-424b-9868-57a2d4851a1d" />
    <TestEntry testId="0777905a-26b9-ccf1-04b4-ba021877cc5f" executionId="63ece31e-fc6f-4dd9-a94a-7e1593afd66c" testListId="8c84fa94-04c1-424b-9868-57a2d4851a1d" />
    <TestEntry testId="d7611062-18d1-8704-a521-944aeeb5f0fe" executionId="26655ce7-409f-4400-b06c-c6203cee1506" testListId="8c84fa94-04c1-424b-9868-57a2d4851a1d" />
    <TestEntry testId="24b2e168-ab2a-df4a-80a4-664cd2438036" executionId="1e6e0856-8ec1-4298-985f-d8d1ded37d2f" testListId="8c84fa94-04c1-424b-9868-57a2d4851a1d" />
    <TestEntry testId="d16828c1-09aa-4c74-9cb7-cfd78e3d7a30" executionId="12c52a0a-decf-4d1e-8c45-21ed57f43996" testListId="8c84fa94-04c1-424b-9868-57a2d4851a1d" />
    <TestEntry testId="4c0bd394-8b69-9ef9-911b-36d1660b4713" executionId="19310225-e08b-4dd2-99e0-1b03a613a816" testListId="8c84fa94-04c1-424b-9868-57a2d4851a1d" />
    <TestEntry testId="e0260b89-0f10-7674-09a3-502781908ef8" executionId="82329e34-61a7-4436-b85f-48645f101615" testListId="8c84fa94-04c1-424b-9868-57a2d4851a1d" />
    <TestEntry testId="247c69c2-fcf7-3e0d-2b53-6e8a73e37bec" executionId="89f2a458-65d6-48dd-9dae-775439868fcc" testListId="8c84fa94-04c1-424b-9868-57a2d4851a1d" />
    <TestEntry testId="950d55b9-9bb1-13fe-9fa1-aa8c1e33da82" executionId="e2ba1bf6-a68a-4d2a-8c04-b7c3528982de" testListId="8c84fa94-04c1-424b-9868-57a2d4851a1d" />
    <TestEntry testId="d9b25093-fc83-1f97-deb7-d217187e360a" executionId="78afb6a4-34be-4292-aa76-69b8b445cd73" testListId="8c84fa94-04c1-424b-9868-57a2d4851a1d" />
    <TestEntry testId="2dac2925-28ab-5759-3c61-671df1dffaa8" executionId="1fc06b27-8ff3-4c30-b325-b355f488ff1b" testListId="8c84fa94-04c1-424b-9868-57a2d4851a1d" />
    <TestEntry testId="c9775d98-def2-b710-ff17-70c5457bec88" executionId="2502be95-ef9e-4bed-876e-6edbf12853ba" testListId="8c84fa94-04c1-424b-9868-57a2d4851a1d" />
  </TestEntries>
  <TestLists>
    <TestList name="Results Not in a List" id="8c84fa94-04c1-424b-9868-57a2d4851a1d" />
    <TestList name="All Loaded Results" id="19431567-8539-422a-85d7-44ee4e166bda" />
  </TestLists>
  <ResultSummary outcome="Completed">
    <Counters total="23" executed="23" passed="23" failed="0" error="0" timeout="0" aborted="0" inconclusive="0" passedButRunAborted="0" notRunnable="0" notExecuted="0" disconnected="0" warning="0" completed="0" inProgress="0" pending="0" />
  </ResultSummary>
</TestRun>