<?xml version="1.0" encoding="UTF-8"?>
<TestRun id="eadd854f-8385-4a14-af5d-7f057f9519f6" name="bacemi@ICSWS068 2016-08-04 09:58:30" runUser="ICORE\bacemi" xmlns="http://microsoft.com/schemas/VisualStudio/TeamTest/2010">
  <Times creation="2016-08-04T09:58:30.5397587+02:00" queuing="2016-08-04T09:58:30.5397587+02:00" start="2016-08-04T09:58:30.4667063+02:00" finish="2016-08-04T09:59:04.5756018+02:00" />
  <TestSettings name="default" id="d6bc909c-4d16-49ac-ac4f-8f51cf42d9a1">
    <Execution>
      <TestTypeSpecific />
    </Execution>
    <Deployment runDeploymentRoot="bacemi_ICSWS068 2016-08-04 09_58_30" />
    <Properties />
  </TestSettings>
  <Results>
    <UnitTestResult executionId="189e1583-8f45-43ee-a4d0-1331ecf9599c" testId="7772ab8b-4d4e-7e1e-dc14-4279264d2b16" testName="CountArgs" computerName="ICSWS068" startTime="2016-08-04T09:58:30.4667063+02:00" endTime="2016-08-04T09:58:30.4672066+02:00" testType="13cdc9d9-ddb5-4fa4-a97d-d965ccfc6d4b" outcome="NotExecuted" testListId="8c84fa94-04c1-424b-9868-57a2d4851a1d" relativeResultsDirectory="189e1583-8f45-43ee-a4d0-1331ecf9599c" />
    <UnitTestResult executionId="a3f7f421-e520-4bcf-ab33-e120ac03ea16" testId="d65e8541-6a8d-530d-f3a7-8fce4d90275e" testName="Invoke_SyncEventResumeUnknownBookmark_ActivityCanNotResume" computerName="ICSWS068" startTime="2016-08-04T09:58:30.4712097+02:00" endTime="2016-08-04T09:58:30.4712097+02:00" testType="13cdc9d9-ddb5-4fa4-a97d-d965ccfc6d4b" outcome="NotExecuted" testListId="8c84fa94-04c1-424b-9868-57a2d4851a1d" relativeResultsDirectory="a3f7f421-e520-4bcf-ab33-e120ac03ea16" />
    <UnitTestResult executionId="0f0a1fa4-91bb-4230-8eb1-d2c6469ca5b0" testId="d7975f34-210f-9d18-c0ab-ddb002d729c0" testName="Invoke_SyncEvent_Success" computerName="ICSWS068" startTime="2016-08-04T09:58:30.4717100+02:00" endTime="2016-08-04T09:58:30.4717100+02:00" testType="13cdc9d9-ddb5-4fa4-a97d-d965ccfc6d4b" outcome="NotExecuted" testListId="8c84fa94-04c1-424b-9868-57a2d4851a1d" relativeResultsDirectory="0f0a1fa4-91bb-4230-8eb1-d2c6469ca5b0" />
    <UnitTestResult executionId="0a3db498-79af-4f88-ab6f-ee7e2cba3459" testId="980b76f2-5bf5-be8c-215a-ddd4d3fb9f48" testName="Invoke_InArgumentTimeoutIs25000Days_ThrowsException" computerName="ICSWS068" startTime="2016-08-04T09:58:30.4717100+02:00" endTime="2016-08-04T09:58:30.4717100+02:00" testType="13cdc9d9-ddb5-4fa4-a97d-d965ccfc6d4b" outcome="NotExecuted" testListId="8c84fa94-04c1-424b-9868-57a2d4851a1d" relativeResultsDirectory="0a3db498-79af-4f88-ab6f-ee7e2cba3459" />
    <UnitTestResult executionId="12a94689-924f-4fcf-9f40-85d054f0c277" testId="276e9141-d272-83bd-a649-665f0d18de8d" testName="Invoke_AllInArguments_ExecutesGetNextFileActivity" computerName="ICSWS068" startTime="2016-08-04T09:58:30.4717100+02:00" endTime="2016-08-04T09:58:30.4717100+02:00" testType="13cdc9d9-ddb5-4fa4-a97d-d965ccfc6d4b" outcome="NotExecuted" testListId="8c84fa94-04c1-424b-9868-57a2d4851a1d" relativeResultsDirectory="12a94689-924f-4fcf-9f40-85d054f0c277" />
    <UnitTestResult executionId="0cdf836c-6354-48de-abed-4f0d7942a816" testId="d4dfd37c-7d05-70f4-ebe0-b7c13341c24f" testName="AddSubscription_InvokedTwice_FileSystemWatcherIsActivatedOnce" computerName="ICSWS068" startTime="2016-08-04T09:58:30.4732106+02:00" endTime="2016-08-04T09:58:30.4732106+02:00" testType="13cdc9d9-ddb5-4fa4-a97d-d965ccfc6d4b" outcome="NotExecuted" testListId="8c84fa94-04c1-424b-9868-57a2d4851a1d" relativeResultsDirectory="0cdf836c-6354-48de-abed-4f0d7942a816" />
    <UnitTestResult executionId="9906cc7f-f059-4dea-b6e1-d408ada76a84" testId="b0d6bbc7-e78a-f66c-33d5-2c09baf98911" testName="RemoveBookmark_BookmarkIsAdded_ProviderDoDeactivateOnce" computerName="ICSWS068" startTime="2016-08-04T09:58:30.4732106+02:00" endTime="2016-08-04T09:58:30.4732106+02:00" testType="13cdc9d9-ddb5-4fa4-a97d-d965ccfc6d4b" outcome="NotExecuted" testListId="8c84fa94-04c1-424b-9868-57a2d4851a1d" relativeResultsDirectory="9906cc7f-f059-4dea-b6e1-d408ada76a84" />
    <UnitTestResult executionId="6064d4f1-a941-4e35-86a5-53108f52cb52" testId="d54e8e6b-4329-a3c6-99da-9b49d40260be" testName="RemoveBookmark_TwoBookmarksAddedInvokedOncePerBookmark_ProviderDoDeactivateOnce" computerName="ICSWS068" startTime="2016-08-04T09:58:30.4732106+02:00" endTime="2016-08-04T09:58:30.4732106+02:00" testType="13cdc9d9-ddb5-4fa4-a97d-d965ccfc6d4b" outcome="NotExecuted" testListId="8c84fa94-04c1-424b-9868-57a2d4851a1d" relativeResultsDirectory="6064d4f1-a941-4e35-86a5-53108f52cb52" />
    <UnitTestResult executionId="92f11281-4ba2-4cb5-bd4e-619acd43a2f6" testId="0910bd89-0e87-6a70-af34-8ca930d83814" testName="ErrorEventTriggered_BookmarkIsAdded_AddedBookmarkIsReceivedInEventHandler" computerName="ICSWS068" startTime="2016-08-04T09:58:30.4737111+02:00" endTime="2016-08-04T09:58:30.4737111+02:00" testType="13cdc9d9-ddb5-4fa4-a97d-d965ccfc6d4b" outcome="NotExecuted" testListId="8c84fa94-04c1-424b-9868-57a2d4851a1d" relativeResultsDirectory="92f11281-4ba2-4cb5-bd4e-619acd43a2f6" />
    <UnitTestResult executionId="c01ae279-1b4a-4a78-afa3-91dad191e631" testId="be0a39ec-4895-7277-9d34-4ada7e2aa241" testName="ErrorEventTriggered_BookmarkIsAdded_TestExceptionIsReceivedInEventHandler" computerName="ICSWS068" startTime="2016-08-04T09:58:30.4737111+02:00" endTime="2016-08-04T09:58:30.4737111+02:00" testType="13cdc9d9-ddb5-4fa4-a97d-d965ccfc6d4b" outcome="NotExecuted" testListId="8c84fa94-04c1-424b-9868-57a2d4851a1d" relativeResultsDirectory="c01ae279-1b4a-4a78-afa3-91dad191e631" />
    <UnitTestResult executionId="c1968315-1822-49f9-93d3-cd265c0fe10d" testId="f39f29b1-20c6-3a2c-48c6-fca745db7b7a" testName="FileFoundEventTriggered_BookmarkIsAdded_AddedBookmarkIsReceivedInEventHandler" computerName="ICSWS068" startTime="2016-08-04T09:58:30.5212449+02:00" endTime="2016-08-04T09:58:30.5212449+02:00" testType="13cdc9d9-ddb5-4fa4-a97d-d965ccfc6d4b" outcome="NotExecuted" testListId="8c84fa94-04c1-424b-9868-57a2d4851a1d" relativeResultsDirectory="c1968315-1822-49f9-93d3-cd265c0fe10d" />
    <UnitTestResult executionId="29348765-0e4e-4f08-bd51-1a431b7998db" testId="e813b8ad-1d1c-4d80-0160-457519d31097" testName="FileFoundEventTriggered_BookmarkIsAdded_CorrectFileIsReceivedInEventHandler" computerName="ICSWS068" startTime="2016-08-04T09:58:30.5212449+02:00" endTime="2016-08-04T09:58:30.5212449+02:00" testType="13cdc9d9-ddb5-4fa4-a97d-d965ccfc6d4b" outcome="NotExecuted" testListId="8c84fa94-04c1-424b-9868-57a2d4851a1d" relativeResultsDirectory="29348765-0e4e-4f08-bd51-1a431b7998db" />
    <UnitTestResult executionId="225ad8ed-7048-4085-9338-30ff17315d22" testId="1f28cea5-6325-8994-9db5-6ebf436d7f0c" testName="TimeoutEventTriggered_BookmarkIsAdded_AddedBookmarkIsReceivedInEventHandler" computerName="ICSWS068" startTime="2016-08-04T09:58:30.5212449+02:00" endTime="2016-08-04T09:58:30.5212449+02:00" testType="13cdc9d9-ddb5-4fa4-a97d-d965ccfc6d4b" outcome="NotExecuted" testListId="8c84fa94-04c1-424b-9868-57a2d4851a1d" relativeResultsDirectory="225ad8ed-7048-4085-9338-30ff17315d22" />
    <UnitTestResult executionId="9f302a9e-2be2-482d-8599-79782ac507ac" testId="7caca34a-ccfd-18ee-683a-0c3cb851bd1c" testName="TimeoutEventTriggered_BookmarkIsAdded_TimeoutExceptionIsReceivedInEventHandler" computerName="ICSWS068" startTime="2016-08-04T09:58:30.5212449+02:00" endTime="2016-08-04T09:58:30.5212449+02:00" testType="13cdc9d9-ddb5-4fa4-a97d-d965ccfc6d4b" outcome="NotExecuted" testListId="8c84fa94-04c1-424b-9868-57a2d4851a1d" relativeResultsDirectory="9f302a9e-2be2-482d-8599-79782ac507ac" />
    <UnitTestResult executionId="b7bc5e34-b27f-4420-b9c2-d8d2c28b7fe2" testId="55d7fead-2ce5-2feb-3d95-2cf2a5114a09" testName="EventTriggered_BookmarksAdded_AddedBookmarksAreReceivedAsFIFO" computerName="ICSWS068" startTime="2016-08-04T09:58:30.5212449+02:00" endTime="2016-08-04T09:58:30.5212449+02:00" testType="13cdc9d9-ddb5-4fa4-a97d-d965ccfc6d4b" outcome="NotExecuted" testListId="8c84fa94-04c1-424b-9868-57a2d4851a1d" relativeResultsDirectory="b7bc5e34-b27f-4420-b9c2-d8d2c28b7fe2" />
    <UnitTestResult executionId="db7cedc5-c090-4404-b97f-f25cc9d83e5b" testId="49d9e59b-cc44-5102-beb4-92e90c3d4ff3" testName="EventTriggered_TwoBookmarksAdded_ProviderDoReactivate" computerName="ICSWS068" startTime="2016-08-04T09:58:30.5212449+02:00" endTime="2016-08-04T09:58:30.5212449+02:00" testType="13cdc9d9-ddb5-4fa4-a97d-d965ccfc6d4b" outcome="NotExecuted" testListId="8c84fa94-04c1-424b-9868-57a2d4851a1d" relativeResultsDirectory="db7cedc5-c090-4404-b97f-f25cc9d83e5b" />
    <UnitTestResult executionId="270e5198-08e2-444b-88af-1693a9558409" testId="48b896a8-7910-46ab-1e26-548969d5bfb1" testName="EventTriggered_OneBookmarkAdded_ProviderDoNotReactivate" computerName="ICSWS068" startTime="2016-08-04T09:58:30.5212449+02:00" endTime="2016-08-04T09:58:30.5212449+02:00" testType="13cdc9d9-ddb5-4fa4-a97d-d965ccfc6d4b" outcome="NotExecuted" testListId="8c84fa94-04c1-424b-9868-57a2d4851a1d" relativeResultsDirectory="270e5198-08e2-444b-88af-1693a9558409" />
    <UnitTestResult executionId="6cf07f7c-927e-4100-9e5a-4e38c7f8d32a" testId="9469c52a-6f74-65b5-4517-4b0ab38a4159" testName="Invoke_CapacityNotSet_DefaultValueIsZero" computerName="ICSWS068" duration="00:00:00.1991607" startTime="2016-08-04T09:58:31.1357984+02:00" endTime="2016-08-04T09:58:31.7441268+02:00" testType="13cdc9d9-ddb5-4fa4-a97d-d965ccfc6d4b" outcome="Passed" testListId="8c84fa94-04c1-424b-9868-57a2d4851a1d" relativeResultsDirectory="6cf07f7c-927e-4100-9e5a-4e38c7f8d32a">
      <Output>
        <StdOut>Debug Trace:
0: WorkflowInstance "CreateMemoryStreamActivity" is Started
1: Activity [null] "null" scheduled child activity [1] "CreateMemoryStreamActivity"
2: Activity [1] "CreateMemoryStreamActivity" is Executing
{
    Arguments
        InitialCapacity: 0
}
3: Activity [1] "CreateMemoryStreamActivity" is Closed
{
    Arguments
        InitialCapacity: 0
        Result: System.IO.MemoryStream
}
4: WorkflowInstance "CreateMemoryStreamActivity" is Completed</StdOut>
      </Output>
    </UnitTestResult>
    <UnitTestResult executionId="66ae7769-8660-44fe-be16-a6a2e88134d7" testId="bab2b563-224e-0017-ba73-2c5153fcf6c9" testName="Invoke_CapacityNotSet_CorrectStreamTypeReturned" computerName="ICSWS068" duration="00:00:00.0049787" startTime="2016-08-04T09:58:31.7476294+02:00" endTime="2016-08-04T09:58:31.7541398+02:00" testType="13cdc9d9-ddb5-4fa4-a97d-d965ccfc6d4b" outcome="Passed" testListId="8c84fa94-04c1-424b-9868-57a2d4851a1d" relativeResultsDirectory="66ae7769-8660-44fe-be16-a6a2e88134d7">
      <Output>
        <StdOut>Debug Trace:
0: WorkflowInstance "CreateMemoryStreamActivity" is Started
1: Activity [null] "null" scheduled child activity [1] "CreateMemoryStreamActivity"
2: Activity [1] "CreateMemoryStreamActivity" is Executing
{
    Arguments
        InitialCapacity: 0
}
3: Activity [1] "CreateMemoryStreamActivity" is Closed
{
    Arguments
        InitialCapacity: 0
        Result: System.IO.MemoryStream
}
4: WorkflowInstance "CreateMemoryStreamActivity" is Completed</StdOut>
      </Output>
    </UnitTestResult>
    <UnitTestResult executionId="f04fbed9-1aa0-4275-bd88-65a4759be00f" testId="c3fec1a5-54aa-8d41-cdfa-2bf2fefcb60d" testName="Invoke_CapacityNotSet_StreamIsReturned" computerName="ICSWS068" duration="00:00:00.0010293" startTime="2016-08-04T09:58:31.7571418+02:00" endTime="2016-08-04T09:58:31.7591432+02:00" testType="13cdc9d9-ddb5-4fa4-a97d-d965ccfc6d4b" outcome="Passed" testListId="8c84fa94-04c1-424b-9868-57a2d4851a1d" relativeResultsDirectory="f04fbed9-1aa0-4275-bd88-65a4759be00f">
      <Output>
        <StdOut>Debug Trace:
0: WorkflowInstance "CreateMemoryStreamActivity" is Started
1: Activity [null] "null" scheduled child activity [1] "CreateMemoryStreamActivity"
2: Activity [1] "CreateMemoryStreamActivity" is Executing
{
    Arguments
        InitialCapacity: 0
}
3: Activity [1] "CreateMemoryStreamActivity" is Closed
{
    Arguments
        InitialCapacity: 0
        Result: System.IO.MemoryStream
}
4: WorkflowInstance "CreateMemoryStreamActivity" is Completed</StdOut>
      </Output>
    </UnitTestResult>
    <UnitTestResult executionId="0936f406-1f7e-4299-8ba2-600d4375286e" testId="63f3d79b-108c-5e18-4886-adac6addd714" testName="Invoke_CapacitySet_ReturnStreamHasCorrectCapacity" computerName="ICSWS068" duration="00:00:00.0031923" startTime="2016-08-04T09:58:31.7621452+02:00" endTime="2016-08-04T09:58:31.7670891+02:00" testType="13cdc9d9-ddb5-4fa4-a97d-d965ccfc6d4b" outcome="Passed" testListId="8c84fa94-04c1-424b-9868-57a2d4851a1d" relativeResultsDirectory="0936f406-1f7e-4299-8ba2-600d4375286e">
      <Output>
        <StdOut>Debug Trace:
0: WorkflowInstance "CreateMemoryStreamActivity" is Started
1: Activity [null] "null" scheduled child activity [1] "CreateMemoryStreamActivity"
2: Activity [1] "CreateMemoryStreamActivity" is Executing
{
    Arguments
        InitialCapacity: 32
}
3: Activity [1] "CreateMemoryStreamActivity" is Closed
{
    Arguments
        InitialCapacity: 32
        Result: System.IO.MemoryStream
}
4: WorkflowInstance "CreateMemoryStreamActivity" is Completed</StdOut>
      </Output>
    </UnitTestResult>
    <UnitTestResult executionId="3b9c3218-966f-4090-87dd-ce66b4eb21ce" testId="75eb0641-977d-7e01-40d0-5658b20cddbb" testName="Invoke_CapacityIsNegative_ArgumentOutOfRangeException" computerName="ICSWS068" duration="00:00:00.0081693" startTime="2016-08-04T09:58:31.7710908+02:00" endTime="2016-08-04T09:58:31.7810197+02:00" testType="13cdc9d9-ddb5-4fa4-a97d-d965ccfc6d4b" outcome="Passed" testListId="8c84fa94-04c1-424b-9868-57a2d4851a1d" relativeResultsDirectory="3b9c3218-966f-4090-87dd-ce66b4eb21ce">
      <Output>
        <StdOut>Debug Trace:
0: WorkflowInstance "CreateMemoryStreamActivity" is Started
1: Activity [null] "null" scheduled child activity [1] "CreateMemoryStreamActivity"
2: Activity [1] "CreateMemoryStreamActivity" is Executing
{
    Arguments
        InitialCapacity: -10
}
3: Activity [1] "CreateMemoryStreamActivity" is Faulted
{
    Arguments
        InitialCapacity: -10
        Result: 
}
4: Fault source [1] "CreateMemoryStreamActivity"
5: WorkflowInstance "CreateMemoryStreamActivity" Unhandled Exception Source "CreateMemoryStreamActivity" Exception &lt;System.ArgumentOutOfRangeException: Capacity must be positive.
Parameter name: capacity
   at System.Activities.WorkflowApplication.Invoke(Activity activity, IDictionary`2 inputs, WorkflowInstanceExtensionManager extensions, TimeSpan timeout)
   at System.Activities.WorkflowInvoker.Invoke(Activity workflow, IDictionary`2 inputs, TimeSpan timeout, WorkflowInstanceExtensionManager extensions)
   at Microsoft.Activities.UnitTesting.WorkflowInvokerTest.TestActivity(IDictionary`2 arguments, TimeSpan timeout)
   at Microsoft.Activities.UnitTesting.WorkflowInvokerTest.TestActivity(IDictionary`2 arguments)
   at Tests.iCore.Workflow.Activities.Streams.CreateMemoryStreamActivityTests.Invoke_CapacityIsNegative_ArgumentOutOfRangeException() in F:\ETWork\Main\Common\Assemblies\UnitTests.iCore.Workflow.Activities\Streams\CreateMemoryStreamActivityTests.cs:line 112&gt;
6: WorkflowInstance "CreateMemoryStreamActivity" Terminated Reason "Capacity must be positive.
Parameter name: capacity"</StdOut>
      </Output>
    </UnitTestResult>
    <UnitTestResult executionId="f612a056-552f-4edf-9c94-90fc9e2617be" testId="34c4059f-3465-12b4-d3fc-b9b70a21dec3" testName="Invoke_PositiveOffsetOriginIsBegin_CorrectStreamPositionReturned" computerName="ICSWS068" duration="00:00:00.0138234" startTime="2016-08-04T09:58:31.7835211+02:00" endTime="2016-08-04T09:58:31.7985355+02:00" testType="13cdc9d9-ddb5-4fa4-a97d-d965ccfc6d4b" outcome="Passed" testListId="8c84fa94-04c1-424b-9868-57a2d4851a1d" relativeResultsDirectory="f612a056-552f-4edf-9c94-90fc9e2617be">
      <Output>
        <StdOut>Debug Trace:
0: WorkflowInstance "MoveStreamPositionActivity" is Started
1: Activity [null] "null" scheduled child activity [1] "MoveStreamPositionActivity"
2: Activity [1] "MoveStreamPositionActivity" is Executing
{
    Arguments
        Offset: 5
        Stream: System.IO.MemoryStream
        SeekOriginProperty: Begin
}
3: WorkflowInstance "MoveStreamPositionActivity" is Idle
4: Activity [1] "MoveStreamPositionActivity" is Closed
{
    Arguments
        Offset: 5
        Result: 5
        Stream: System.IO.MemoryStream
        SeekOriginProperty: Begin
}
5: WorkflowInstance "MoveStreamPositionActivity" is Completed</StdOut>
      </Output>
    </UnitTestResult>
    <UnitTestResult executionId="4524356c-1d20-49e6-a52f-dcf5b7560203" testId="9d17793f-de62-f96f-f56c-6efb6a646b3a" testName="Invoke_NegativeOffsetOriginIsCurrent_CorrectStreamPositionReturned" computerName="ICSWS068" duration="00:00:00.0013140" startTime="2016-08-04T09:58:31.8020381+02:00" endTime="2016-08-04T09:58:31.8050137+02:00" testType="13cdc9d9-ddb5-4fa4-a97d-d965ccfc6d4b" outcome="Passed" testListId="8c84fa94-04c1-424b-9868-57a2d4851a1d" relativeResultsDirectory="4524356c-1d20-49e6-a52f-dcf5b7560203">
      <Output>
        <StdOut>Debug Trace:
0: WorkflowInstance "MoveStreamPositionActivity" is Started
1: Activity [null] "null" scheduled child activity [1] "MoveStreamPositionActivity"
2: Activity [1] "MoveStreamPositionActivity" is Executing
{
    Arguments
        Offset: -5
        Stream: System.IO.MemoryStream
        SeekOriginProperty: Current
}
3: WorkflowInstance "MoveStreamPositionActivity" is Idle
4: Activity [1] "MoveStreamPositionActivity" is Closed
{
    Arguments
        Offset: -5
        Result: 5
        Stream: System.IO.MemoryStream
        SeekOriginProperty: Current
}
5: WorkflowInstance "MoveStreamPositionActivity" is Completed</StdOut>
      </Output>
    </UnitTestResult>
    <UnitTestResult executionId="10708d7a-e96d-4aee-8675-3d7824eb6e02" testId="bc601bf9-c7b4-7722-663c-60fed1c3d0ba" testName="Invoke_OffsetAfterStreamEnd_SuccessPositionIsLast" computerName="ICSWS068" duration="00:00:00.0012257" startTime="2016-08-04T09:58:31.8075163+02:00" endTime="2016-08-04T09:58:31.8105183+02:00" testType="13cdc9d9-ddb5-4fa4-a97d-d965ccfc6d4b" outcome="Passed" testListId="8c84fa94-04c1-424b-9868-57a2d4851a1d" relativeResultsDirectory="10708d7a-e96d-4aee-8675-3d7824eb6e02">
      <Output>
        <StdOut>Debug Trace:
0: WorkflowInstance "MoveStreamPositionActivity" is Started
1: Activity [null] "null" scheduled child activity [1] "MoveStreamPositionActivity"
2: Activity [1] "MoveStreamPositionActivity" is Executing
{
    Arguments
        Offset: 100
        Stream: System.IO.MemoryStream
        SeekOriginProperty: Begin
}
3: WorkflowInstance "MoveStreamPositionActivity" is Idle
4: Activity [1] "MoveStreamPositionActivity" is Closed
{
    Arguments
        Offset: 100
        Result: 100
        Stream: System.IO.MemoryStream
        SeekOriginProperty: Begin
}
5: WorkflowInstance "MoveStreamPositionActivity" is Completed</StdOut>
      </Output>
    </UnitTestResult>
    <UnitTestResult executionId="56a18021-6c18-456b-ac15-1f0179a2da19" testId="4e2a779b-4b7c-9ce0-9f58-e320071d2b0a" testName="Invoke_OffsetBeforeStreamBeginning_ThrowsIOException" computerName="ICSWS068" duration="00:00:00.0029084" startTime="2016-08-04T09:58:31.8125192+02:00" endTime="2016-08-04T09:58:31.8172440+02:00" testType="13cdc9d9-ddb5-4fa4-a97d-d965ccfc6d4b" outcome="Passed" testListId="8c84fa94-04c1-424b-9868-57a2d4851a1d" relativeResultsDirectory="56a18021-6c18-456b-ac15-1f0179a2da19">
      <Output>
        <StdOut>Debug Trace:
0: WorkflowInstance "MoveStreamPositionActivity" is Started
1: Activity [null] "null" scheduled child activity [1] "MoveStreamPositionActivity"
2: Activity [1] "MoveStreamPositionActivity" is Executing
{
    Arguments
        Offset: -100
        Stream: System.IO.MemoryStream
        SeekOriginProperty: Begin
}
3: WorkflowInstance "MoveStreamPositionActivity" is Idle
4: Activity [1] "MoveStreamPositionActivity" is Faulted
{
    Arguments
        Offset: -100
        Result: 0
        Stream: System.IO.MemoryStream
        SeekOriginProperty: Begin
}
5: Fault source [1] "MoveStreamPositionActivity"
6: WorkflowInstance "MoveStreamPositionActivity" Unhandled Exception Source "MoveStreamPositionActivity" Exception &lt;System.IO.IOException: An attempt was made to move the position before the beginning of the stream.
   at System.Activities.WorkflowApplication.Invoke(Activity activity, IDictionary`2 inputs, WorkflowInstanceExtensionManager extensions, TimeSpan timeout)
   at System.Activities.WorkflowInvoker.Invoke(Activity workflow, IDictionary`2 inputs, TimeSpan timeout, WorkflowInstanceExtensionManager extensions)
   at Microsoft.Activities.UnitTesting.WorkflowInvokerTest.TestActivity(IDictionary`2 arguments, TimeSpan timeout)
   at Microsoft.Activities.UnitTesting.WorkflowInvokerTest.TestActivity(IDictionary`2 arguments)
   at Tests.iCore.Workflow.Activities.Streams.MoveStreamPositionActivityTests.Invoke_OffsetBeforeStreamBeginning_ThrowsIOException() in F:\ETWork\Main\Common\Assemblies\UnitTests.iCore.Workflow.Activities\Streams\MoveStreamPositionActivityTests.cs:line 124&gt;
7: WorkflowInstance "MoveStreamPositionActivity" Terminated Reason "An attempt was made to move the position before the beginning of the stream."</StdOut>
      </Output>
    </UnitTestResult>
    <UnitTestResult executionId="4b7b1621-e2b7-4fa5-a2c6-f89051337e5b" testId="bd88089a-931a-f5f9-c65b-c1f9b1efadee" testName="Invoke_RequiredArgumentsMissing_ThrowsArgumentException" computerName="ICSWS068" duration="00:00:00.0016392" startTime="2016-08-04T09:58:31.8197454+02:00" endTime="2016-08-04T09:58:31.8227504+02:00" testType="13cdc9d9-ddb5-4fa4-a97d-d965ccfc6d4b" outcome="Passed" testListId="8c84fa94-04c1-424b-9868-57a2d4851a1d" relativeResultsDirectory="4b7b1621-e2b7-4fa5-a2c6-f89051337e5b" />
    <UnitTestResult executionId="fd25011f-09a0-4d19-8af5-fe639a1e3ada" testId="5f8d96c0-3b46-ff6f-7cad-ffece34aecf9" testName="Invoke_NonSeekableStream_ThrowsNotSupportedException" computerName="ICSWS068" duration="00:00:00.0018501" startTime="2016-08-04T09:58:31.8257544+02:00" endTime="2016-08-04T09:58:31.8287573+02:00" testType="13cdc9d9-ddb5-4fa4-a97d-d965ccfc6d4b" outcome="Passed" testListId="8c84fa94-04c1-424b-9868-57a2d4851a1d" relativeResultsDirectory="fd25011f-09a0-4d19-8af5-fe639a1e3ada">
      <Output>
        <StdOut>Debug Trace:
0: WorkflowInstance "MoveStreamPositionActivity" is Started
1: Activity [null] "null" scheduled child activity [1] "MoveStreamPositionActivity"
2: Activity [1] "MoveStreamPositionActivity" is Executing
{
    Arguments
        Offset: 5
        Stream: Tests.iCore.Workflow.Activities.Streams.MoveStreamPositionActivityTests+NonSeekableMemoryStream
        SeekOriginProperty: Begin
}
3: Activity [1] "MoveStreamPositionActivity" is Faulted
{
    Arguments
        Offset: 5
        Result: 0
        Stream: Tests.iCore.Workflow.Activities.Streams.MoveStreamPositionActivityTests+NonSeekableMemoryStream
        SeekOriginProperty: Begin
}
4: Fault source [1] "MoveStreamPositionActivity"
5: WorkflowInstance "MoveStreamPositionActivity" Unhandled Exception Source "MoveStreamPositionActivity" Exception &lt;System.NotSupportedException: The stream does not support seeking.
   at System.Activities.WorkflowApplication.Invoke(Activity activity, IDictionary`2 inputs, WorkflowInstanceExtensionManager extensions, TimeSpan timeout)
   at System.Activities.WorkflowInvoker.Invoke(Activity workflow, IDictionary`2 inputs, TimeSpan timeout, WorkflowInstanceExtensionManager extensions)
   at Microsoft.Activities.UnitTesting.WorkflowInvokerTest.TestActivity(IDictionary`2 arguments, TimeSpan timeout)
   at Microsoft.Activities.UnitTesting.WorkflowInvokerTest.TestActivity(IDictionary`2 arguments)
   at Tests.iCore.Workflow.Activities.Streams.MoveStreamPositionActivityTests.Invoke_NonSeekableStream_ThrowsNotSupportedException() in F:\ETWork\Main\Common\Assemblies\UnitTests.iCore.Workflow.Activities\Streams\MoveStreamPositionActivityTests.cs:line 147&gt;
6: WorkflowInstance "MoveStreamPositionActivity" Terminated Reason "The stream does not support seeking."</StdOut>
      </Output>
    </UnitTestResult>
    <UnitTestResult executionId="469d289b-408d-4c32-a7cd-942464b6fa18" testId="88042cc5-05e9-8595-72d1-a607d22f75cd" testName="Invoke_ValidArgs_CorrectStringReturned" computerName="ICSWS068" duration="00:00:00.0635515" startTime="2016-08-04T09:58:31.8317599+02:00" endTime="2016-08-04T09:58:31.8972708+02:00" testType="13cdc9d9-ddb5-4fa4-a97d-d965ccfc6d4b" outcome="Passed" testListId="8c84fa94-04c1-424b-9868-57a2d4851a1d" relativeResultsDirectory="469d289b-408d-4c32-a7cd-942464b6fa18" />
    <UnitTestResult executionId="21e4497c-ff5a-42d1-91ee-e444d2964472" testId="c45e6df7-5e3f-6ee4-69b5-1be5b2a3a8de" testName="Invoke_ValidArgs_VerifyExecution" computerName="ICSWS068" duration="00:00:00.0048960" startTime="2016-08-04T09:58:31.9002555+02:00" endTime="2016-08-04T09:58:31.9062630+02:00" testType="13cdc9d9-ddb5-4fa4-a97d-d965ccfc6d4b" outcome="Passed" testListId="8c84fa94-04c1-424b-9868-57a2d4851a1d" relativeResultsDirectory="21e4497c-ff5a-42d1-91ee-e444d2964472" />
    <UnitTestResult executionId="c7ab0bc5-a551-430e-9c9b-9ffeb541b75a" testId="eb35c9ef-1408-d8fc-a3c4-595a572fd89c" testName="Invoke_ValidArgs_ReturnsCorrectNumberOfBytesRead" computerName="ICSWS068" duration="00:00:00.0038066" startTime="2016-08-04T09:58:31.9092826+02:00" endTime="2016-08-04T09:58:31.9147720+02:00" testType="13cdc9d9-ddb5-4fa4-a97d-d965ccfc6d4b" outcome="Passed" testListId="8c84fa94-04c1-424b-9868-57a2d4851a1d" relativeResultsDirectory="c7ab0bc5-a551-430e-9c9b-9ffeb541b75a" />
    <UnitTestResult executionId="0af58b80-c9b6-4234-8bd8-60623eb5c7f6" testId="5d184c73-de41-5b98-ab81-5097756a5041" testName="Invoke_ReadLessCharsThanStreamHas_CorrectStringReturned" computerName="ICSWS068" duration="00:00:00.0022932" startTime="2016-08-04T09:58:31.9177737+02:00" endTime="2016-08-04T09:58:31.9212768+02:00" testType="13cdc9d9-ddb5-4fa4-a97d-d965ccfc6d4b" outcome="Passed" testListId="8c84fa94-04c1-424b-9868-57a2d4851a1d" relativeResultsDirectory="0af58b80-c9b6-4234-8bd8-60623eb5c7f6" />
    <UnitTestResult executionId="4a1fa121-2b89-4123-ad08-e3e831895c8b" testId="b0b0356a-9f3b-27d3-7401-72a2add70a05" testName="Invoke_ReadCharsLessThanZero_ArgumentOutOfRangeException" computerName="ICSWS068" duration="00:00:00.0024758" startTime="2016-08-04T09:58:31.9242923+02:00" endTime="2016-08-04T09:58:31.9277955+02:00" testType="13cdc9d9-ddb5-4fa4-a97d-d965ccfc6d4b" outcome="Passed" testListId="8c84fa94-04c1-424b-9868-57a2d4851a1d" relativeResultsDirectory="4a1fa121-2b89-4123-ad08-e3e831895c8b" />
    <UnitTestResult executionId="40950852-2edf-47d2-89d7-dfb23d43d8a3" testId="deb21dd2-442b-64e1-9de9-e5b63378fc1e" testName="Invoke_StreamIsNull_ArgumentNullException" computerName="ICSWS068" duration="00:00:00.0024374" startTime="2016-08-04T09:58:31.9307966+02:00" endTime="2016-08-04T09:58:31.9348056+02:00" testType="13cdc9d9-ddb5-4fa4-a97d-d965ccfc6d4b" outcome="Passed" testListId="8c84fa94-04c1-424b-9868-57a2d4851a1d" relativeResultsDirectory="40950852-2edf-47d2-89d7-dfb23d43d8a3" />
    <UnitTestResult executionId="23d3637c-6f1d-4152-bd08-5ace656fa355" testId="b6bc5874-5137-d68a-5e91-dfd0f4ccecd1" testName="Invoke_EncodingIsNull_ArgumentNullException" computerName="ICSWS068" duration="00:00:00.0023885" startTime="2016-08-04T09:58:31.9373077+02:00" endTime="2016-08-04T09:58:31.9413252+02:00" testType="13cdc9d9-ddb5-4fa4-a97d-d965ccfc6d4b" outcome="Passed" testListId="8c84fa94-04c1-424b-9868-57a2d4851a1d" relativeResultsDirectory="23d3637c-6f1d-4152-bd08-5ace656fa355" />
    <UnitTestResult executionId="e5b36e56-2395-4edc-a435-e5152cb447fc" testId="f97d71a3-06c9-6d02-711f-efe8a226eb5f" testName="Invoke_HostCanceled_ActivityCanceled" computerName="ICSWS068" duration="00:00:00.0047658" startTime="2016-08-04T09:58:31.9438307+02:00" endTime="2016-08-04T09:58:31.9503197+02:00" testType="13cdc9d9-ddb5-4fa4-a97d-d965ccfc6d4b" outcome="Passed" testListId="8c84fa94-04c1-424b-9868-57a2d4851a1d" relativeResultsDirectory="e5b36e56-2395-4edc-a435-e5152cb447fc" />
    <UnitTestResult executionId="954c1bb3-2ad0-437c-a1c7-32e12c558dc0" testId="5074d8f6-9e2d-8483-e74b-19d676bedc34" testName="Invoke_NormalExecution_Success" computerName="ICSWS068" duration="00:00:00.0676890" startTime="2016-08-04T09:58:31.9528209+02:00" endTime="2016-08-04T09:58:32.0218842+02:00" testType="13cdc9d9-ddb5-4fa4-a97d-d965ccfc6d4b" outcome="Passed" testListId="8c84fa94-04c1-424b-9868-57a2d4851a1d" relativeResultsDirectory="954c1bb3-2ad0-437c-a1c7-32e12c558dc0">
      <Output>
        <StdOut>Debug Trace:
0: WorkflowInstance "DeleteFileActivity" is Started
1: Activity [null] "null" scheduled child activity [1] "DeleteFileActivity"
2: Activity [1] "DeleteFileActivity" is Executing
{
    Arguments
        FileName: c:\temp\testfile.txt
}
3: WorkflowInstance "DeleteFileActivity" is Idle
4: Activity [1] "DeleteFileActivity" is Closed
{
    Arguments
        FileName: c:\temp\testfile.txt
}
5: WorkflowInstance "DeleteFileActivity" is Completed</StdOut>
      </Output>
    </UnitTestResult>
    <UnitTestResult executionId="1d25a049-3ff0-41a0-b7a5-3889815aa1a6" testId="0bb6d979-e575-ea88-f5e1-2002fd80b7a4" testName="Invoke_RequiredInArgumentIsMissing_UnhandledArgumentException" computerName="ICSWS068" duration="00:00:00.0009929" startTime="2016-08-04T09:58:32.0248871+02:00" endTime="2016-08-04T09:58:32.0273891+02:00" testType="13cdc9d9-ddb5-4fa4-a97d-d965ccfc6d4b" outcome="Passed" testListId="8c84fa94-04c1-424b-9868-57a2d4851a1d" relativeResultsDirectory="1d25a049-3ff0-41a0-b7a5-3889815aa1a6" />
    <UnitTestResult executionId="48855005-d74d-47b7-b1ab-6d1b430d0c86" testId="67d91e1d-aebd-9f90-65d9-4bb622257a47" testName="Invoke_RequiredServiceIFileSystemServiceIsMissing_ThrowsActivationException" computerName="ICSWS068" duration="00:00:00.0023078" startTime="2016-08-04T09:58:32.0303911+02:00" endTime="2016-08-04T09:58:32.0338928+02:00" testType="13cdc9d9-ddb5-4fa4-a97d-d965ccfc6d4b" outcome="Passed" testListId="8c84fa94-04c1-424b-9868-57a2d4851a1d" relativeResultsDirectory="48855005-d74d-47b7-b1ab-6d1b430d0c86">
      <Output>
        <StdOut>Debug Trace:
0: WorkflowInstance "DeleteFileActivity" is Started
1: Activity [null] "null" scheduled child activity [1] "DeleteFileActivity"
2: Activity [1] "DeleteFileActivity" is Executing
{
    Arguments
        FileName: c:\temp\testfile.txt
}
3: Activity [1] "DeleteFileActivity" is Faulted
{
    Arguments
        FileName: c:\temp\testfile.txt
}
4: Fault source [1] "DeleteFileActivity"
5: WorkflowInstance "DeleteFileActivity" Unhandled Exception Source "DeleteFileActivity" Exception &lt;iCore.Common.ActivationException: No service of type IFileSystemService has been registered in this service locator.
   at iCore.Common.ServiceLocator.GetInstance(Type serviceType)
   at iCore.Common.ServiceLocator.GetInstance[TService]()
   at iCore.Workflow.Activities.Filesystem.DeleteFileActivity.BeginExecute(AsyncCodeActivityContext context, AsyncCallback callback, Object state)
   at System.Activities.AsyncCodeActivity.InternalExecute(ActivityInstance instance, ActivityExecutor executor, BookmarkManager bookmarkManager)
   at System.Activities.ActivityInstance.Execute(ActivityExecutor executor, BookmarkManager bookmarkManager)
   at System.Activities.Runtime.ActivityExecutor.ExecuteActivityWorkItem.ExecuteBody(ActivityExecutor executor, BookmarkManager bookmarkManager, Location resultLocation)&gt;
6: WorkflowInstance Aborted [DeleteFileActivity] Reason "No service of type IFileSystemService has been registered in this service locator."</StdOut>
      </Output>
    </UnitTestResult>
    <UnitTestResult executionId="219763ef-2214-41d7-9212-18105ea556a9" testId="1d78cf67-053c-9324-c408-47029c71abf5" testName="Invoke_BadFilename_UnhandledArgumentException" computerName="ICSWS068" duration="00:00:00.0021978" startTime="2016-08-04T09:58:32.0363945+02:00" endTime="2016-08-04T09:58:32.0399127+02:00" testType="13cdc9d9-ddb5-4fa4-a97d-d965ccfc6d4b" outcome="Passed" testListId="8c84fa94-04c1-424b-9868-57a2d4851a1d" relativeResultsDirectory="219763ef-2214-41d7-9212-18105ea556a9">
      <Output>
        <StdOut>Debug Trace:
0: WorkflowInstance "DeleteFileActivity" is Started
1: Activity [null] "null" scheduled child activity [1] "DeleteFileActivity"
2: Activity [1] "DeleteFileActivity" is Executing
{
    Arguments
        FileName: invalid path and filename
}
3: WorkflowInstance "DeleteFileActivity" is Idle
4: Activity [1] "DeleteFileActivity" is Faulted
{
    Arguments
        FileName: invalid path and filename
}
5: Fault source [1] "DeleteFileActivity"
6: WorkflowInstance "DeleteFileActivity" Unhandled Exception Source "DeleteFileActivity" Exception &lt;Testing.Common.TestException: Test exception
   at Moq.MethodCall.Execute(ICallContext call)
   at Moq.ExecuteCall.HandleIntercept(ICallContext invocation, InterceptorContext ctx, CurrentInterceptContext localctx)
   at Moq.Interceptor.Intercept(ICallContext invocation)
   at Moq.Proxy.CastleProxyFactory.Interceptor.Intercept(IInvocation invocation)
   at Castle.DynamicProxy.AbstractInvocation.Proceed()
   at Castle.Proxies.IFileSystemServiceProxy.DeleteFile(String path)
   at iCore.Workflow.Activities.Filesystem.DeleteFileActivity.&lt;&gt;c__DisplayClass5_0.&lt;BeginExecute&gt;b__0()
   at System.Threading.Tasks.Task.InnerInvoke()
   at System.Threading.Tasks.Task.Execute()
--- End of stack trace from previous location where exception was thrown ---
   at System.Runtime.ExceptionServices.ExceptionDispatchInfo.Throw()
   at iCore.Workflow.Activities.ActivityUtilities.ThrowIfTaskFailedAndActivityIsNotCanceled(Task task, AsyncCodeActivityContext context)
   at iCore.Workflow.Activities.Filesystem.DeleteFileActivity.EndExecute(AsyncCodeActivityContext context, IAsyncResult result)
   at System.Activities.AsyncCodeActivity.System.Activities.IAsyncCodeActivity.FinishExecution(AsyncCodeActivityContext context, IAsyncResult result)
   at System.Activities.AsyncCodeActivity.CompleteAsyncCodeActivityData.CompleteAsyncCodeActivityWorkItem.Execute(ActivityExecutor executor, BookmarkManager bookmarkManager)&gt;
7: WorkflowInstance Aborted [DeleteFileActivity] Reason "Test exception"</StdOut>
      </Output>
    </UnitTestResult>
    <UnitTestResult executionId="4dc3ec2c-3959-4777-821e-fde1e3b623ba" testId="82c5ad21-c310-e5d4-e588-e772d8334aea" testName="Invoke_DeleteFileFaults_ThrowsTestException" computerName="ICSWS068" duration="00:00:00.0022735" startTime="2016-08-04T09:58:32.0419161+02:00" endTime="2016-08-04T09:58:32.0457797+02:00" testType="13cdc9d9-ddb5-4fa4-a97d-d965ccfc6d4b" outcome="Passed" testListId="8c84fa94-04c1-424b-9868-57a2d4851a1d" relativeResultsDirectory="4dc3ec2c-3959-4777-821e-fde1e3b623ba">
      <Output>
        <StdOut>Debug Trace:
0: WorkflowInstance "DeleteFileActivity" is Started
1: Activity [null] "null" scheduled child activity [1] "DeleteFileActivity"
2: Activity [1] "DeleteFileActivity" is Executing
{
    Arguments
        FileName: c:\temp\oldfile.txt
}
3: WorkflowInstance "DeleteFileActivity" is Idle
4: Activity [1] "DeleteFileActivity" is Faulted
{
    Arguments
        FileName: c:\temp\oldfile.txt
}
5: Fault source [1] "DeleteFileActivity"
6: WorkflowInstance "DeleteFileActivity" Unhandled Exception Source "DeleteFileActivity" Exception &lt;Testing.Common.TestException: Test exception
   at Moq.MethodCall.Execute(ICallContext call)
   at Moq.ExecuteCall.HandleIntercept(ICallContext invocation, InterceptorContext ctx, CurrentInterceptContext localctx)
   at Moq.Interceptor.Intercept(ICallContext invocation)
   at Moq.Proxy.CastleProxyFactory.Interceptor.Intercept(IInvocation invocation)
   at Castle.DynamicProxy.AbstractInvocation.Proceed()
   at Castle.Proxies.IFileSystemServiceProxy.DeleteFile(String path)
   at iCore.Workflow.Activities.Filesystem.DeleteFileActivity.&lt;&gt;c__DisplayClass5_0.&lt;BeginExecute&gt;b__0()
   at System.Threading.Tasks.Task.InnerInvoke()
   at System.Threading.Tasks.Task.Execute()
--- End of stack trace from previous location where exception was thrown ---
   at System.Runtime.ExceptionServices.ExceptionDispatchInfo.Throw()
   at iCore.Workflow.Activities.ActivityUtilities.ThrowIfTaskFailedAndActivityIsNotCanceled(Task task, AsyncCodeActivityContext context)
   at iCore.Workflow.Activities.Filesystem.DeleteFileActivity.EndExecute(AsyncCodeActivityContext context, IAsyncResult result)
   at System.Activities.AsyncCodeActivity.System.Activities.IAsyncCodeActivity.FinishExecution(AsyncCodeActivityContext context, IAsyncResult result)
   at System.Activities.AsyncCodeActivity.CompleteAsyncCodeActivityData.CompleteAsyncCodeActivityWorkItem.Execute(ActivityExecutor executor, BookmarkManager bookmarkManager)&gt;
7: WorkflowInstance Aborted [DeleteFileActivity] Reason "Test exception"</StdOut>
      </Output>
    </UnitTestResult>
    <UnitTestResult executionId="c2b25335-f385-41e3-9e04-f675ea6adf18" testId="3e9cabd9-a40e-58eb-4cda-4ed79c673436" testName="Invoke_DependencyThrowsOutOfMemoryException_ThrowsFatalException" computerName="ICSWS068" duration="00:00:00.0025647" startTime="2016-08-04T09:58:32.0487673+02:00" endTime="2016-08-04T09:58:32.0522699+02:00" testType="13cdc9d9-ddb5-4fa4-a97d-d965ccfc6d4b" outcome="Passed" testListId="8c84fa94-04c1-424b-9868-57a2d4851a1d" relativeResultsDirectory="c2b25335-f385-41e3-9e04-f675ea6adf18">
      <Output>
        <StdOut>Debug Trace:
0: WorkflowInstance "DeleteFileActivity" is Started
1: Activity [null] "null" scheduled child activity [1] "DeleteFileActivity"
2: Activity [1] "DeleteFileActivity" is Executing
{
    Arguments
        FileName: file.txt
}
3: WorkflowInstance "DeleteFileActivity" is Idle
4: Activity [1] "DeleteFileActivity" is Faulted
{
    Arguments
        FileName: file.txt
}
5: Fault source [1] "DeleteFileActivity"
6: WorkflowInstance "DeleteFileActivity" Unhandled Exception Source "DeleteFileActivity" Exception &lt;iCore.Workflow.Activities.Exceptions.WorkflowFatalException: Insufficient memory to continue the execution of the program. ---&gt; System.OutOfMemoryException: Insufficient memory to continue the execution of the program.
   at Moq.MethodCall.Execute(ICallContext call)
   at Moq.ExecuteCall.HandleIntercept(ICallContext invocation, InterceptorContext ctx, CurrentInterceptContext localctx)
   at Moq.Interceptor.Intercept(ICallContext invocation)
   at Moq.Proxy.CastleProxyFactory.Interceptor.Intercept(IInvocation invocation)
   at Castle.DynamicProxy.AbstractInvocation.Proceed()
   at Castle.Proxies.IFileSystemServiceProxy.DeleteFile(String path)
   at iCore.Workflow.Activities.Filesystem.DeleteFileActivity.&lt;&gt;c__DisplayClass5_0.&lt;BeginExecute&gt;b__0()
   at System.Threading.Tasks.Task.InnerInvoke()
   at System.Threading.Tasks.Task.Execute()
   --- End of inner exception stack trace ---
   at System.Runtime.ExceptionServices.ExceptionDispatchInfo.Throw()
   at iCore.Workflow.Activities.ActivityUtilities.ThrowIfTaskFailedAndActivityIsNotCanceled(Task task, AsyncCodeActivityContext context)
   at iCore.Workflow.Activities.Filesystem.DeleteFileActivity.EndExecute(AsyncCodeActivityContext context, IAsyncResult result)
   at System.Activities.AsyncCodeActivity.System.Activities.IAsyncCodeActivity.FinishExecution(AsyncCodeActivityContext context, IAsyncResult result)
   at System.Activities.AsyncCodeActivity.CompleteAsyncCodeActivityData.CompleteAsyncCodeActivityWorkItem.Execute(ActivityExecutor executor, BookmarkManager bookmarkManager)&gt;</StdOut>
      </Output>
    </UnitTestResult>
    <UnitTestResult executionId="089061ce-0278-4ec4-8434-7f12743b5eb3" testId="5a04b9ca-f027-6b70-f93b-ff56f16e149c" testName="Invoke_NormalExecution_Success" computerName="ICSWS068" duration="00:00:00.0065895" startTime="2016-08-04T09:58:32.0551769+02:00" endTime="2016-08-04T09:58:32.0626838+02:00" testType="13cdc9d9-ddb5-4fa4-a97d-d965ccfc6d4b" outcome="Passed" testListId="8c84fa94-04c1-424b-9868-57a2d4851a1d" relativeResultsDirectory="089061ce-0278-4ec4-8434-7f12743b5eb3">
      <Output>
        <StdOut>Debug Trace:
0: WorkflowInstance "RenameFileActivity" is Started
1: Activity [null] "null" scheduled child activity [1] "RenameFileActivity"
2: Activity [1] "RenameFileActivity" is Executing
{
    Arguments
        NewFilename: c:\temp\newfile.txt
        OldFilename: c:\temp\oldfile.txt
}
3: Activity [1] "RenameFileActivity" is Closed
{
    Arguments
        NewFilename: c:\temp\newfile.txt
        OldFilename: c:\temp\oldfile.txt
}
4: WorkflowInstance "RenameFileActivity" is Completed</StdOut>
      </Output>
    </UnitTestResult>
    <UnitTestResult executionId="23518cfe-de11-4427-9380-433ed12a50cf" testId="6adcadc0-febb-305e-ba5a-565c7d33b22f" testName="Invoke_OldFilenameArgumentIsMissing_UnhandledArgumentException" computerName="ICSWS068" duration="00:00:00.0006973" startTime="2016-08-04T09:58:32.0656879+02:00" endTime="2016-08-04T09:58:32.0676987+02:00" testType="13cdc9d9-ddb5-4fa4-a97d-d965ccfc6d4b" outcome="Passed" testListId="8c84fa94-04c1-424b-9868-57a2d4851a1d" relativeResultsDirectory="23518cfe-de11-4427-9380-433ed12a50cf" />
    <UnitTestResult executionId="0563b793-14e4-4c48-b515-e6925a16455f" testId="14243cf7-e546-9b3e-4553-8d5780dcfc2b" testName="Invoke_NewFilenameArgumentIsMissing_UnhandledArgumentException" computerName="ICSWS068" duration="00:00:00.0007615" startTime="2016-08-04T09:58:32.0697066+02:00" endTime="2016-08-04T09:58:32.0721925+02:00" testType="13cdc9d9-ddb5-4fa4-a97d-d965ccfc6d4b" outcome="Passed" testListId="8c84fa94-04c1-424b-9868-57a2d4851a1d" relativeResultsDirectory="0563b793-14e4-4c48-b515-e6925a16455f" />
    <UnitTestResult executionId="9099dcf9-1f3d-4123-a2d2-0d00f48c399a" testId="49fb7c78-49ef-9f54-0a33-ff6b8598fbd4" testName="Invoke_RequiredServiceIFileSystemServiceIsMissing_ThrowsActivationException" computerName="ICSWS068" duration="00:00:00.0010697" startTime="2016-08-04T09:58:32.0746783+02:00" endTime="2016-08-04T09:58:32.0771809+02:00" testType="13cdc9d9-ddb5-4fa4-a97d-d965ccfc6d4b" outcome="Passed" testListId="8c84fa94-04c1-424b-9868-57a2d4851a1d" relativeResultsDirectory="9099dcf9-1f3d-4123-a2d2-0d00f48c399a">
      <Output>
        <StdOut>Debug Trace:
0: WorkflowInstance "RenameFileActivity" is Started
1: Activity [null] "null" scheduled child activity [1] "RenameFileActivity"
2: Activity [1] "RenameFileActivity" is Executing
{
    Arguments
        NewFilename: c:\temp\newfile.txt
        OldFilename: c:\temp\oldfile.txt
}
3: Activity [1] "RenameFileActivity" is Faulted
{
    Arguments
        NewFilename: c:\temp\newfile.txt
        OldFilename: c:\temp\oldfile.txt
}
4: Fault source [1] "RenameFileActivity"
5: WorkflowInstance "RenameFileActivity" Unhandled Exception Source "RenameFileActivity" Exception &lt;iCore.Common.ActivationException: No service of type IFileSystemService has been registered in this service locator.
   at iCore.Common.ServiceLocator.GetInstance(Type serviceType)
   at iCore.Common.ServiceLocator.GetInstance[TService]()
   at iCore.Workflow.Activities.Filesystem.RenameFileActivity.BeginExecute(AsyncCodeActivityContext context, AsyncCallback callback, Object state)
   at System.Activities.AsyncCodeActivity.InternalExecute(ActivityInstance instance, ActivityExecutor executor, BookmarkManager bookmarkManager)
   at System.Activities.ActivityInstance.Execute(ActivityExecutor executor, BookmarkManager bookmarkManager)
   at System.Activities.Runtime.ActivityExecutor.ExecuteActivityWorkItem.ExecuteBody(ActivityExecutor executor, BookmarkManager bookmarkManager, Location resultLocation)&gt;
6: WorkflowInstance Aborted [RenameFileActivity] Reason "No service of type IFileSystemService has been registered in this service locator."</StdOut>
      </Output>
    </UnitTestResult>
    <UnitTestResult executionId="67b80698-ffdc-4228-bd8c-79cad19ca27f" testId="00cb8e3e-fb27-cdda-b590-ca78fbc3dd18" testName="Invoke_BadFilenames_UnhandledArgumentException" computerName="ICSWS068" duration="00:00:00.0040987" startTime="2016-08-04T09:58:32.0796818+02:00" endTime="2016-08-04T09:58:32.0851875+02:00" testType="13cdc9d9-ddb5-4fa4-a97d-d965ccfc6d4b" outcome="Passed" testListId="8c84fa94-04c1-424b-9868-57a2d4851a1d" relativeResultsDirectory="67b80698-ffdc-4228-bd8c-79cad19ca27f">
      <Output>
        <StdOut>Debug Trace:
0: WorkflowInstance "RenameFileActivity" is Started
1: Activity [null] "null" scheduled child activity [1] "RenameFileActivity"
2: Activity [1] "RenameFileActivity" is Executing
{
    Arguments
        NewFilename: invalid path and filename
        OldFilename: invalid path and filename
}
3: Activity [1] "RenameFileActivity" is Faulted
{
    Arguments
        NewFilename: invalid path and filename
        OldFilename: invalid path and filename
}
4: Fault source [1] "RenameFileActivity"
5: WorkflowInstance "RenameFileActivity" Unhandled Exception Source "RenameFileActivity" Exception &lt;Testing.Common.TestException: Test exception
   at Moq.MethodCall.Execute(ICallContext call)
   at Moq.MethodCallReturn`2.Execute(ICallContext call)
   at Moq.ExecuteCall.HandleIntercept(ICallContext invocation, InterceptorContext ctx, CurrentInterceptContext localctx)
   at Moq.Interceptor.Intercept(ICallContext invocation)
   at Moq.Proxy.CastleProxyFactory.Interceptor.Intercept(IInvocation invocation)
   at Castle.DynamicProxy.AbstractInvocation.Proceed()
   at Castle.Proxies.IFileSystemServiceProxy.MoveFileAsync(String sourceFileName, String destFileName, CancellationToken cancellationToken)
   at iCore.Workflow.Activities.Filesystem.RenameFileActivity.BeginExecute(AsyncCodeActivityContext context, AsyncCallback callback, Object state)
   at System.Activities.AsyncCodeActivity.InternalExecute(ActivityInstance instance, ActivityExecutor executor, BookmarkManager bookmarkManager)
   at System.Activities.ActivityInstance.Execute(ActivityExecutor executor, BookmarkManager bookmarkManager)
   at System.Activities.Runtime.ActivityExecutor.ExecuteActivityWorkItem.ExecuteBody(ActivityExecutor executor, BookmarkManager bookmarkManager, Location resultLocation)&gt;
6: WorkflowInstance Aborted [RenameFileActivity] Reason "Test exception"</StdOut>
      </Output>
    </UnitTestResult>
    <UnitTestResult executionId="4e2a6402-dac8-4a7c-8f98-fb8003216c87" testId="da574603-cd3f-42df-e56c-522cc0edffef" testName="Invoke_BadOldFilename_UnhandledArgumentException" computerName="ICSWS068" duration="00:00:00.0022049" startTime="2016-08-04T09:58:32.0876875+02:00" endTime="2016-08-04T09:58:32.0911910+02:00" testType="13cdc9d9-ddb5-4fa4-a97d-d965ccfc6d4b" outcome="Passed" testListId="8c84fa94-04c1-424b-9868-57a2d4851a1d" relativeResultsDirectory="4e2a6402-dac8-4a7c-8f98-fb8003216c87">
      <Output>
        <StdOut>Debug Trace:
0: WorkflowInstance "RenameFileActivity" is Started
1: Activity [null] "null" scheduled child activity [1] "RenameFileActivity"
2: Activity [1] "RenameFileActivity" is Executing
{
    Arguments
        NewFilename: c:\temp\newname.txt
        OldFilename: invalid path and filename
}
3: Activity [1] "RenameFileActivity" is Faulted
{
    Arguments
        NewFilename: c:\temp\newname.txt
        OldFilename: invalid path and filename
}
4: Fault source [1] "RenameFileActivity"
5: WorkflowInstance "RenameFileActivity" Unhandled Exception Source "RenameFileActivity" Exception &lt;Testing.Common.TestException: Test exception
   at Moq.MethodCall.Execute(ICallContext call)
   at Moq.MethodCallReturn`2.Execute(ICallContext call)
   at Moq.ExecuteCall.HandleIntercept(ICallContext invocation, InterceptorContext ctx, CurrentInterceptContext localctx)
   at Moq.Interceptor.Intercept(ICallContext invocation)
   at Moq.Proxy.CastleProxyFactory.Interceptor.Intercept(IInvocation invocation)
   at Castle.DynamicProxy.AbstractInvocation.Proceed()
   at Castle.Proxies.IFileSystemServiceProxy.MoveFileAsync(String sourceFileName, String destFileName, CancellationToken cancellationToken)
   at iCore.Workflow.Activities.Filesystem.RenameFileActivity.BeginExecute(AsyncCodeActivityContext context, AsyncCallback callback, Object state)
   at System.Activities.AsyncCodeActivity.InternalExecute(ActivityInstance instance, ActivityExecutor executor, BookmarkManager bookmarkManager)
   at System.Activities.ActivityInstance.Execute(ActivityExecutor executor, BookmarkManager bookmarkManager)
   at System.Activities.Runtime.ActivityExecutor.ExecuteActivityWorkItem.ExecuteBody(ActivityExecutor executor, BookmarkManager bookmarkManager, Location resultLocation)&gt;
6: WorkflowInstance Aborted [RenameFileActivity] Reason "Test exception"</StdOut>
      </Output>
    </UnitTestResult>
    <UnitTestResult executionId="8621ddec-ea47-497e-a134-d209cc7a1095" testId="2f084ac6-acb8-d976-9aa6-8f39ce8713dd" testName="Invoke_BadNewFilename_UnhandledArgumentException" computerName="ICSWS068" duration="00:00:00.0020870" startTime="2016-08-04T09:58:32.0937114+02:00" endTime="2016-08-04T09:58:32.0972137+02:00" testType="13cdc9d9-ddb5-4fa4-a97d-d965ccfc6d4b" outcome="Passed" testListId="8c84fa94-04c1-424b-9868-57a2d4851a1d" relativeResultsDirectory="8621ddec-ea47-497e-a134-d209cc7a1095">
      <Output>
        <StdOut>Debug Trace:
0: WorkflowInstance "RenameFileActivity" is Started
1: Activity [null] "null" scheduled child activity [1] "RenameFileActivity"
2: Activity [1] "RenameFileActivity" is Executing
{
    Arguments
        NewFilename: ???
        OldFilename: c:\temp\oldname.txt
}
3: Activity [1] "RenameFileActivity" is Faulted
{
    Arguments
        NewFilename: ???
        OldFilename: c:\temp\oldname.txt
}
4: Fault source [1] "RenameFileActivity"
5: WorkflowInstance "RenameFileActivity" Unhandled Exception Source "RenameFileActivity" Exception &lt;Testing.Common.TestException: Test exception
   at Moq.MethodCall.Execute(ICallContext call)
   at Moq.MethodCallReturn`2.Execute(ICallContext call)
   at Moq.ExecuteCall.HandleIntercept(ICallContext invocation, InterceptorContext ctx, CurrentInterceptContext localctx)
   at Moq.Interceptor.Intercept(ICallContext invocation)
   at Moq.Proxy.CastleProxyFactory.Interceptor.Intercept(IInvocation invocation)
   at Castle.DynamicProxy.AbstractInvocation.Proceed()
   at Castle.Proxies.IFileSystemServiceProxy.MoveFileAsync(String sourceFileName, String destFileName, CancellationToken cancellationToken)
   at iCore.Workflow.Activities.Filesystem.RenameFileActivity.BeginExecute(AsyncCodeActivityContext context, AsyncCallback callback, Object state)
   at System.Activities.AsyncCodeActivity.InternalExecute(ActivityInstance instance, ActivityExecutor executor, BookmarkManager bookmarkManager)
   at System.Activities.ActivityInstance.Execute(ActivityExecutor executor, BookmarkManager bookmarkManager)
   at System.Activities.Runtime.ActivityExecutor.ExecuteActivityWorkItem.ExecuteBody(ActivityExecutor executor, BookmarkManager bookmarkManager, Location resultLocation)&gt;
6: WorkflowInstance Aborted [RenameFileActivity] Reason "Test exception"</StdOut>
      </Output>
    </UnitTestResult>
    <UnitTestResult executionId="5d38ef06-c733-458a-90a6-8ecb32dbea27" testId="c689718f-e0dd-efe4-af27-b558d50610cb" testName="Invoke_AsyncTaskFaults_ThrowsTestException" computerName="ICSWS068" duration="00:00:00.0034116" startTime="2016-08-04T09:58:32.0996987+02:00" endTime="2016-08-04T09:58:32.1041532+02:00" testType="13cdc9d9-ddb5-4fa4-a97d-d965ccfc6d4b" outcome="Passed" testListId="8c84fa94-04c1-424b-9868-57a2d4851a1d" relativeResultsDirectory="5d38ef06-c733-458a-90a6-8ecb32dbea27">
      <Output>
        <StdOut>Debug Trace:
0: WorkflowInstance "RenameFileActivity" is Started
1: Activity [null] "null" scheduled child activity [1] "RenameFileActivity"
2: Activity [1] "RenameFileActivity" is Executing
{
    Arguments
        NewFilename: c:\temp\newfile.txt
        OldFilename: c:\temp\oldfile.txt
}
3: Activity [1] "RenameFileActivity" is Faulted
{
    Arguments
        NewFilename: c:\temp\newfile.txt
        OldFilename: c:\temp\oldfile.txt
}
4: Fault source [1] "RenameFileActivity"
5: WorkflowInstance "RenameFileActivity" Unhandled Exception Source "RenameFileActivity" Exception &lt;Testing.Common.TestException: This task failed!
   at System.Runtime.ExceptionServices.ExceptionDispatchInfo.Throw()
   at iCore.Workflow.Activities.ActivityUtilities.ThrowIfTaskFailedAndActivityIsNotCanceled(Task task, AsyncCodeActivityContext context)
   at iCore.Workflow.Activities.Filesystem.RenameFileActivity.EndExecute(AsyncCodeActivityContext context, IAsyncResult result)
   at System.Activities.AsyncCodeActivity.System.Activities.IAsyncCodeActivity.FinishExecution(AsyncCodeActivityContext context, IAsyncResult result)
   at System.Activities.AsyncCodeActivity.CompleteAsyncCodeActivityData.CompleteAsyncCodeActivityWorkItem.Execute(ActivityExecutor executor, BookmarkManager bookmarkManager)&gt;
6: WorkflowInstance Aborted [RenameFileActivity] Reason "This task failed!"</StdOut>
      </Output>
    </UnitTestResult>
    <UnitTestResult executionId="4b5b502d-c6c3-4615-9db6-17bc822ddada" testId="a8ae8f4c-4064-c464-8b76-d815652a495a" testName="Invoke_AsyncTaskCancelled_Success" computerName="ICSWS068" duration="00:00:00.0050429" startTime="2016-08-04T09:58:32.1076558+02:00" endTime="2016-08-04T09:58:32.1141653+02:00" testType="13cdc9d9-ddb5-4fa4-a97d-d965ccfc6d4b" outcome="Passed" testListId="8c84fa94-04c1-424b-9868-57a2d4851a1d" relativeResultsDirectory="4b5b502d-c6c3-4615-9db6-17bc822ddada">
      <Output>
        <StdOut>Debug Trace:
0: WorkflowInstance "RenameFileActivity" is Started
1: Activity [null] "null" scheduled child activity [1] "RenameFileActivity"
2: Activity [1] "RenameFileActivity" is Executing
{
    Arguments
        NewFilename: c:\temp\newfile.txt
        OldFilename: c:\temp\oldfile.txt
}
3: WorkflowInstance "RenameFileActivity" is Idle
4: Host requests cancel of activity [1] "RenameFileActivity"
5: WorkflowInstance "RenameFileActivity" is Idle
6: Activity [1] "RenameFileActivity" is Closed
{
    Arguments
        NewFilename: c:\temp\newfile.txt
        OldFilename: c:\temp\oldfile.txt
}
7: WorkflowInstance "RenameFileActivity" is Completed</StdOut>
      </Output>
    </UnitTestResult>
    <UnitTestResult executionId="61c80887-46fb-4485-be00-02e823294956" testId="3b9a58aa-4976-ce9a-a6bf-210d5d6c805f" testName="Invoke_DependencyThrowsOutOfMemoryException_ThrowsFatalException" computerName="ICSWS068" duration="00:00:00.0021923" startTime="2016-08-04T09:58:32.1166662+02:00" endTime="2016-08-04T09:58:32.1201694+02:00" testType="13cdc9d9-ddb5-4fa4-a97d-d965ccfc6d4b" outcome="Passed" testListId="8c84fa94-04c1-424b-9868-57a2d4851a1d" relativeResultsDirectory="61c80887-46fb-4485-be00-02e823294956">
      <Output>
        <StdOut>Debug Trace:
0: WorkflowInstance "RenameFileActivity" is Started
1: Activity [null] "null" scheduled child activity [1] "RenameFileActivity"
2: Activity [1] "RenameFileActivity" is Executing
{
    Arguments
        NewFilename: c:\temp\newfile.txt
        OldFilename: c:\temp\oldfile.txt
}
3: Activity [1] "RenameFileActivity" is Faulted
{
    Arguments
        NewFilename: c:\temp\newfile.txt
        OldFilename: c:\temp\oldfile.txt
}
4: Fault source [1] "RenameFileActivity"
5: WorkflowInstance "RenameFileActivity" Unhandled Exception Source "RenameFileActivity" Exception &lt;iCore.Workflow.Activities.Exceptions.WorkflowFatalException: Insufficient memory to continue the execution of the program. ---&gt; System.OutOfMemoryException: Insufficient memory to continue the execution of the program.
   --- End of inner exception stack trace ---
   at System.Runtime.ExceptionServices.ExceptionDispatchInfo.Throw()
   at iCore.Workflow.Activities.ActivityUtilities.ThrowIfTaskFailedAndActivityIsNotCanceled(Task task, AsyncCodeActivityContext context)
   at iCore.Workflow.Activities.Filesystem.RenameFileActivity.EndExecute(AsyncCodeActivityContext context, IAsyncResult result)
   at System.Activities.AsyncCodeActivity.System.Activities.IAsyncCodeActivity.FinishExecution(AsyncCodeActivityContext context, IAsyncResult result)
   at System.Activities.AsyncCodeActivity.CompleteAsyncCodeActivityData.CompleteAsyncCodeActivityWorkItem.Execute(ActivityExecutor executor, BookmarkManager bookmarkManager)&gt;
6: WorkflowInstance Aborted [RenameFileActivity] Reason "Insufficient memory to continue the execution of the program. InnerException Message: Insufficient memory to continue the execution of the program."</StdOut>
      </Output>
    </UnitTestResult>
    <UnitTestResult executionId="77a7e201-3a28-467a-881b-bb834d93e347" testId="2ea34cdc-b49d-31a4-fb2f-58e021d19915" testName="Invoke_NormalExecution_Success" computerName="ICSWS068" duration="00:00:00.1057717" startTime="2016-08-04T09:58:32.1226717+02:00" endTime="2016-08-04T09:58:32.2295687+02:00" testType="13cdc9d9-ddb5-4fa4-a97d-d965ccfc6d4b" outcome="Passed" testListId="8c84fa94-04c1-424b-9868-57a2d4851a1d" relativeResultsDirectory="77a7e201-3a28-467a-881b-bb834d93e347" />
    <UnitTestResult executionId="c8f7b35d-6237-4652-ad7c-b8c744eac267" testId="ac5c3e91-7d0b-5f08-da83-8bdab215c78d" testName="Invoke_NullSummaryFile_Success" computerName="ICSWS068" duration="00:00:00.0031348" startTime="2016-08-04T09:58:32.2325581+02:00" endTime="2016-08-04T09:58:32.2370615+02:00" testType="13cdc9d9-ddb5-4fa4-a97d-d965ccfc6d4b" outcome="Passed" testListId="8c84fa94-04c1-424b-9868-57a2d4851a1d" relativeResultsDirectory="c8f7b35d-6237-4652-ad7c-b8c744eac267" />
    <UnitTestResult executionId="8169c85c-bf87-4fb6-8e1a-93dc022f89e4" testId="b7ebd683-8bb4-1b65-5e0a-e14e2bc9afff" testName="Invoke_NoMinimumAge_ThrowsArgumentException" computerName="ICSWS068" duration="00:00:00.0031576" startTime="2016-08-04T09:58:32.2395670+02:00" endTime="2016-08-04T09:58:32.2441018+02:00" testType="13cdc9d9-ddb5-4fa4-a97d-d965ccfc6d4b" outcome="Passed" testListId="8c84fa94-04c1-424b-9868-57a2d4851a1d" relativeResultsDirectory="8169c85c-bf87-4fb6-8e1a-93dc022f89e4" />
    <UnitTestResult executionId="315ba2c7-c1e0-4299-af31-2efa87f48f63" testId="5d62d4ab-f47c-203b-5c7f-7d663efdf14b" testName="Invoke_NegativeMinimumAge_ThrowsArgumentException" computerName="ICSWS068" duration="00:00:00.0035641" startTime="2016-08-04T09:58:32.2465871+02:00" endTime="2016-08-04T09:58:32.2515909+02:00" testType="13cdc9d9-ddb5-4fa4-a97d-d965ccfc6d4b" outcome="Passed" testListId="8c84fa94-04c1-424b-9868-57a2d4851a1d" relativeResultsDirectory="315ba2c7-c1e0-4299-af31-2efa87f48f63" />
    <UnitTestResult executionId="4081c5db-aa89-4c75-8fa4-889d9524affe" testId="c532230e-db42-e928-1016-76a67bef3989" testName="Invoke_NoTargetBatchTime_ThrowsArgumentException" computerName="ICSWS068" duration="00:00:00.0031579" startTime="2016-08-04T09:58:32.2540952+02:00" endTime="2016-08-04T09:58:32.2585975+02:00" testType="13cdc9d9-ddb5-4fa4-a97d-d965ccfc6d4b" outcome="Passed" testListId="8c84fa94-04c1-424b-9868-57a2d4851a1d" relativeResultsDirectory="4081c5db-aa89-4c75-8fa4-889d9524affe" />
    <UnitTestResult executionId="4b26e807-e537-4638-a7f4-dcbbcb9d5e83" testId="60213985-fbf5-0f74-570e-b848787186c3" testName="Invoke_NegativeTargetBatchTime_ThrowsArgumentException" computerName="ICSWS068" duration="00:00:00.0034620" startTime="2016-08-04T09:58:32.2611010+02:00" endTime="2016-08-04T09:58:32.2656071+02:00" testType="13cdc9d9-ddb5-4fa4-a97d-d965ccfc6d4b" outcome="Passed" testListId="8c84fa94-04c1-424b-9868-57a2d4851a1d" relativeResultsDirectory="4b26e807-e537-4638-a7f4-dcbbcb9d5e83" />
    <UnitTestResult executionId="912b527a-6b2e-4816-8e7f-d693c0aa36e8" testId="2917d2b6-42cd-bf5f-85c5-bcb1ae97068c" testName="Invoke_NoSoftMaxBatchTimeMinimumAge_ThrowsArgumentException" computerName="ICSWS068" duration="00:00:00.0032843" startTime="2016-08-04T09:58:32.2686093+02:00" endTime="2016-08-04T09:58:32.2732758+02:00" testType="13cdc9d9-ddb5-4fa4-a97d-d965ccfc6d4b" outcome="Passed" testListId="8c84fa94-04c1-424b-9868-57a2d4851a1d" relativeResultsDirectory="912b527a-6b2e-4816-8e7f-d693c0aa36e8" />
    <UnitTestResult executionId="0955ce54-da45-45f0-8c82-cfef28370550" testId="d7e00f1b-07fb-02e4-088b-f689fcb7de9b" testName="Invoke_NegativeSoftMaxBatchTime_ThrowsArgumentException" computerName="ICSWS068" duration="00:00:00.0034175" startTime="2016-08-04T09:58:32.2757796+02:00" endTime="2016-08-04T09:58:32.2807833+02:00" testType="13cdc9d9-ddb5-4fa4-a97d-d965ccfc6d4b" outcome="Passed" testListId="8c84fa94-04c1-424b-9868-57a2d4851a1d" relativeResultsDirectory="0955ce54-da45-45f0-8c82-cfef28370550" />
    <UnitTestResult executionId="078d4b5d-060a-4876-b119-9032a573aa1d" testId="5a1b0516-4b08-c419-27a9-2622cdd1b65a" testName="Invoke_NoHardMaxBatchTimeMinimumAge_ThrowsArgumentException" computerName="ICSWS068" duration="00:00:00.0031107" startTime="2016-08-04T09:58:32.2832865+02:00" endTime="2016-08-04T09:58:32.2877882+02:00" testType="13cdc9d9-ddb5-4fa4-a97d-d965ccfc6d4b" outcome="Passed" testListId="8c84fa94-04c1-424b-9868-57a2d4851a1d" relativeResultsDirectory="078d4b5d-060a-4876-b119-9032a573aa1d" />
    <UnitTestResult executionId="fa933176-01bf-46bc-b3b0-c6be252d2347" testId="55665b68-c650-c65f-b87e-a686dfff28b5" testName="Invoke_NegativeHardMaxBatchTime_ThrowsArgumentException" computerName="ICSWS068" duration="00:00:00.0034198" startTime="2016-08-04T09:58:32.2902911+02:00" endTime="2016-08-04T09:58:32.2947939+02:00" testType="13cdc9d9-ddb5-4fa4-a97d-d965ccfc6d4b" outcome="Passed" testListId="8c84fa94-04c1-424b-9868-57a2d4851a1d" relativeResultsDirectory="fa933176-01bf-46bc-b3b0-c6be252d2347" />
    <UnitTestResult executionId="5f50d5cb-6faf-4384-a7c4-3a667144f084" testId="15f4d5dd-44b6-0390-120b-94a3ebf9646a" testName="Invoke_NoSummaryFile_Success" computerName="ICSWS068" duration="00:00:00.0057989" startTime="2016-08-04T09:58:32.2972957+02:00" endTime="2016-08-04T09:58:32.3043246+02:00" testType="13cdc9d9-ddb5-4fa4-a97d-d965ccfc6d4b" outcome="Passed" testListId="8c84fa94-04c1-424b-9868-57a2d4851a1d" relativeResultsDirectory="5f50d5cb-6faf-4384-a7c4-3a667144f084" />
    <UnitTestResult executionId="33a8c4f7-2dd9-48b3-a143-64724b10b6cb" testId="9d9cfab6-f564-8645-d481-bb99e1dc3df9" testName="Invoke_NoDelayBetweenBatchesMinimumAge_SuceedsWithZeroDelayBetweenBatches" computerName="ICSWS068" duration="00:00:00.0050148" startTime="2016-08-04T09:58:32.3073257+02:00" endTime="2016-08-04T09:58:32.3138696+02:00" testType="13cdc9d9-ddb5-4fa4-a97d-d965ccfc6d4b" outcome="Passed" testListId="8c84fa94-04c1-424b-9868-57a2d4851a1d" relativeResultsDirectory="33a8c4f7-2dd9-48b3-a143-64724b10b6cb" />
    <UnitTestResult executionId="90f302f4-d24e-49e7-8797-065dae7782f0" testId="68f752cd-47b5-e74c-86ae-b2e7c5afa236" testName="Invoke_NegativeDelayBetweenBatches_ThrowsArgumentException" computerName="ICSWS068" duration="00:00:00.0036139" startTime="2016-08-04T09:58:32.3163716+02:00" endTime="2016-08-04T09:58:32.3213589+02:00" testType="13cdc9d9-ddb5-4fa4-a97d-d965ccfc6d4b" outcome="Passed" testListId="8c84fa94-04c1-424b-9868-57a2d4851a1d" relativeResultsDirectory="90f302f4-d24e-49e7-8797-065dae7782f0" />
    <UnitTestResult executionId="9a56b313-d944-4781-86dd-19a9f6886405" testId="0f881ce0-39fa-7ebc-414a-56287c183a5e" testName="Invoke_NoDatabaseReconnectionTimeoutMinimumAge_ThrowsArgumentException" computerName="ICSWS068" duration="00:00:00.0031662" startTime="2016-08-04T09:58:32.3243656+02:00" endTime="2016-08-04T09:58:32.3288846+02:00" testType="13cdc9d9-ddb5-4fa4-a97d-d965ccfc6d4b" outcome="Passed" testListId="8c84fa94-04c1-424b-9868-57a2d4851a1d" relativeResultsDirectory="9a56b313-d944-4781-86dd-19a9f6886405" />
    <UnitTestResult executionId="6586a5db-94ea-4d30-8482-f2adc6f6d657" testId="f416783c-8bea-6002-9704-ff86e9541e82" testName="Invoke_NegativeDatabaseReconnectionTimeout_ThrowsArgumentException" computerName="ICSWS068" duration="00:00:00.0030761" startTime="2016-08-04T09:58:32.3313710+02:00" endTime="2016-08-04T09:58:32.3354082+02:00" testType="13cdc9d9-ddb5-4fa4-a97d-d965ccfc6d4b" outcome="Passed" testListId="8c84fa94-04c1-424b-9868-57a2d4851a1d" relativeResultsDirectory="6586a5db-94ea-4d30-8482-f2adc6f6d657" />
    <UnitTestResult executionId="9c092eba-7811-4a56-9f40-e94adac9bdd2" testId="f40df6b8-ea7c-c0c5-d640-bdda8711808a" testName="Invoke_DependencyThrowsOutOfMemoryException_ThrowsFatalException" computerName="ICSWS068" duration="00:00:00.0066074" startTime="2016-08-04T09:58:32.3383932+02:00" endTime="2016-08-04T09:58:32.3464030+02:00" testType="13cdc9d9-ddb5-4fa4-a97d-d965ccfc6d4b" outcome="Passed" testListId="8c84fa94-04c1-424b-9868-57a2d4851a1d" relativeResultsDirectory="9c092eba-7811-4a56-9f40-e94adac9bdd2" />
    <UnitTestResult executionId="6beb370a-fd08-4e04-b012-f48d11b9e813" testId="9e5e2ab0-0a3b-bc94-a972-cd43bdec4a1b" testName="InvokeActivity_NormalExecution_Success" computerName="ICSWS068" duration="00:00:00.0565294" startTime="2016-08-04T09:58:32.3489036+02:00" endTime="2016-08-04T09:58:32.4069615+02:00" testType="13cdc9d9-ddb5-4fa4-a97d-d965ccfc6d4b" outcome="Passed" testListId="8c84fa94-04c1-424b-9868-57a2d4851a1d" relativeResultsDirectory="6beb370a-fd08-4e04-b012-f48d11b9e813" />
    <UnitTestResult executionId="a6dc252e-154c-43c5-8544-6866cd9b631f" testId="87e0db31-6d2a-cb01-0fe6-27ad96ffa3c8" testName="InvokeActivity_ValueArgumentMissing_ThrowsException" computerName="ICSWS068" duration="00:00:00.0011756" startTime="2016-08-04T09:58:32.4094621+02:00" endTime="2016-08-04T09:58:32.4119641+02:00" testType="13cdc9d9-ddb5-4fa4-a97d-d965ccfc6d4b" outcome="Passed" testListId="8c84fa94-04c1-424b-9868-57a2d4851a1d" relativeResultsDirectory="a6dc252e-154c-43c5-8544-6866cd9b631f" />
    <UnitTestResult executionId="fee3ca19-aad0-4cf1-8b2c-b151e45f3549" testId="1b6702ff-288d-199a-5618-1df80b8bb9af" testName="InvokeActivity_AttributeIdArgumentMissing_ThrowsException" computerName="ICSWS068" duration="00:00:00.0013987" startTime="2016-08-04T09:58:32.4148570+02:00" endTime="2016-08-04T09:58:32.4173576+02:00" testType="13cdc9d9-ddb5-4fa4-a97d-d965ccfc6d4b" outcome="Passed" testListId="8c84fa94-04c1-424b-9868-57a2d4851a1d" relativeResultsDirectory="fee3ca19-aad0-4cf1-8b2c-b151e45f3549" />
    <UnitTestResult executionId="49a5dd2b-d52a-447d-92fe-94a1ebe9bccc" testId="3bf8ee87-69db-6012-aa8e-7f6c02a343a9" testName="InvokeActivity_PartnerIdArgumentMissing_ThrowsException" computerName="ICSWS068" duration="00:00:00.0011061" startTime="2016-08-04T09:58:32.4203598+02:00" endTime="2016-08-04T09:58:32.4223627+02:00" testType="13cdc9d9-ddb5-4fa4-a97d-d965ccfc6d4b" outcome="Passed" testListId="8c84fa94-04c1-424b-9868-57a2d4851a1d" relativeResultsDirectory="49a5dd2b-d52a-447d-92fe-94a1ebe9bccc" />
    <UnitTestResult executionId="67d68e34-625a-4b09-9ea3-033100d218d1" testId="331a4cdc-7398-5b44-3b1b-546fb875a865" testName="InvokeActivity_AttributeIdEmptyGuid_ThrowsException" computerName="ICSWS068" duration="00:00:00.0022465" startTime="2016-08-04T09:58:32.4248659+02:00" endTime="2016-08-04T09:58:32.4283691+02:00" testType="13cdc9d9-ddb5-4fa4-a97d-d965ccfc6d4b" outcome="Passed" testListId="8c84fa94-04c1-424b-9868-57a2d4851a1d" relativeResultsDirectory="67d68e34-625a-4b09-9ea3-033100d218d1" />
    <UnitTestResult executionId="8037cb7e-c482-480e-9e92-0896033006c5" testId="e620c7e4-c0b2-20e4-c6dc-242dc782b978" testName="InvokeActivity_AttributeIdNull_ThrowsException" computerName="ICSWS068" duration="00:00:00.0028345" startTime="2016-08-04T09:58:32.4313702+02:00" endTime="2016-08-04T09:58:32.4358772+02:00" testType="13cdc9d9-ddb5-4fa4-a97d-d965ccfc6d4b" outcome="Passed" testListId="8c84fa94-04c1-424b-9868-57a2d4851a1d" relativeResultsDirectory="8037cb7e-c482-480e-9e92-0896033006c5" />
    <UnitTestResult executionId="b693db97-b080-419b-ac81-675678bda394" testId="e82f3b1c-7755-6d77-32fc-3fe00c2c465d" testName="InvokeActivity_PartnerIdEmptyGuid_ThrowsException" computerName="ICSWS068" duration="00:00:00.0114035" startTime="2016-08-04T09:58:32.4393801+02:00" endTime="2016-08-04T09:58:32.4518059+02:00" testType="13cdc9d9-ddb5-4fa4-a97d-d965ccfc6d4b" outcome="Passed" testListId="8c84fa94-04c1-424b-9868-57a2d4851a1d" relativeResultsDirectory="b693db97-b080-419b-ac81-675678bda394" />
    <UnitTestResult executionId="5742cc2c-9b32-4ad1-a925-508272b0ad63" testId="920762f5-1aa7-affc-892a-559ee28d62d9" testName="InvokeActivity_PartnerIdNull_ThrowsException" computerName="ICSWS068" duration="00:00:00.0011108" startTime="2016-08-04T09:58:32.4547933+02:00" endTime="2016-08-04T09:58:32.4573091+02:00" testType="13cdc9d9-ddb5-4fa4-a97d-d965ccfc6d4b" outcome="Passed" testListId="8c84fa94-04c1-424b-9868-57a2d4851a1d" relativeResultsDirectory="5742cc2c-9b32-4ad1-a925-508272b0ad63" />
    <UnitTestResult executionId="08cacd7f-adab-4e6b-b152-57534b37e046" testId="f889811e-3a7a-181e-782f-6623a2ec5509" testName="InvokeActivity_ValueNull_ThrowsException" computerName="ICSWS068" duration="00:00:00.0013594" startTime="2016-08-04T09:58:32.4597952+02:00" endTime="2016-08-04T09:58:32.4628140+02:00" testType="13cdc9d9-ddb5-4fa4-a97d-d965ccfc6d4b" outcome="Passed" testListId="8c84fa94-04c1-424b-9868-57a2d4851a1d" relativeResultsDirectory="08cacd7f-adab-4e6b-b152-57534b37e046" />
    <UnitTestResult executionId="7ffd5560-cab4-4ca6-ad9c-c907805ac959" testId="e1eed5af-0b19-fdc1-25e9-efe56be92bf4" testName="InvokeActivity_NormalExecution_Success" computerName="ICSWS068" duration="00:00:00.0314142" startTime="2016-08-04T09:58:32.4652556+02:00" endTime="2016-08-04T09:58:32.4978949+02:00" testType="13cdc9d9-ddb5-4fa4-a97d-d965ccfc6d4b" outcome="Passed" testListId="8c84fa94-04c1-424b-9868-57a2d4851a1d" relativeResultsDirectory="7ffd5560-cab4-4ca6-ad9c-c907805ac959" />
    <UnitTestResult executionId="bcd9d03a-7287-475b-98d5-42f1271d088d" testId="05f7e4f1-b8d0-42a5-39d2-75f80bf35f3f" testName="InvokeActivity_ValueArgumentMissing_ThrowsException" computerName="ICSWS068" duration="00:00:00.0010773" startTime="2016-08-04T09:58:32.5008972+02:00" endTime="2016-08-04T09:58:32.5029004+02:00" testType="13cdc9d9-ddb5-4fa4-a97d-d965ccfc6d4b" outcome="Passed" testListId="8c84fa94-04c1-424b-9868-57a2d4851a1d" relativeResultsDirectory="bcd9d03a-7287-475b-98d5-42f1271d088d" />
    <UnitTestResult executionId="f036798f-49b3-4f9e-9a48-a604330ef3c8" testId="7361bd74-a4c2-af90-c244-df2137e8d7b6" testName="InvokeActivity_AttributeIdArgumentMissing_ThrowsException" computerName="ICSWS068" duration="00:00:00.0010908" startTime="2016-08-04T09:58:32.5054033+02:00" endTime="2016-08-04T09:58:32.5079067+02:00" testType="13cdc9d9-ddb5-4fa4-a97d-d965ccfc6d4b" outcome="Passed" testListId="8c84fa94-04c1-424b-9868-57a2d4851a1d" relativeResultsDirectory="f036798f-49b3-4f9e-9a48-a604330ef3c8" />
    <UnitTestResult executionId="63c41d89-0b71-4920-9009-186513b306a8" testId="8418f462-78e4-8777-80b4-9ad7ce1358c8" testName="InvokeActivity_SettingIdArgumentMissing_ThrowsException" computerName="ICSWS068" duration="00:00:00.0011149" startTime="2016-08-04T09:58:32.5104073+02:00" endTime="2016-08-04T09:58:32.5119237+02:00" testType="13cdc9d9-ddb5-4fa4-a97d-d965ccfc6d4b" outcome="Passed" testListId="8c84fa94-04c1-424b-9868-57a2d4851a1d" relativeResultsDirectory="63c41d89-0b71-4920-9009-186513b306a8" />
    <UnitTestResult executionId="8b2bf47f-bb54-4556-bfb4-91ca983e7ada" testId="05890098-d425-4504-4496-73741ad9b483" testName="InvokeActivity_AttributeIdEmptyGuid_ThrowsException" computerName="ICSWS068" duration="00:00:00.0024647" startTime="2016-08-04T09:58:32.5177948+02:00" endTime="2016-08-04T09:58:32.5213138+02:00" testType="13cdc9d9-ddb5-4fa4-a97d-d965ccfc6d4b" outcome="Passed" testListId="8c84fa94-04c1-424b-9868-57a2d4851a1d" relativeResultsDirectory="8b2bf47f-bb54-4556-bfb4-91ca983e7ada" />
    <UnitTestResult executionId="d63a8493-7ca7-47b3-8070-676fd398ba7d" testId="6be40574-11c6-26c5-98ef-8b11653326ae" testName="InvokeActivity_AttributeIdNull_ThrowsException" computerName="ICSWS068" duration="00:00:00.0010650" startTime="2016-08-04T09:58:32.5238645+02:00" endTime="2016-08-04T09:58:32.5263510+02:00" testType="13cdc9d9-ddb5-4fa4-a97d-d965ccfc6d4b" outcome="Passed" testListId="8c84fa94-04c1-424b-9868-57a2d4851a1d" relativeResultsDirectory="d63a8493-7ca7-47b3-8070-676fd398ba7d" />
    <UnitTestResult executionId="25ce4ca8-24d3-4339-9dd4-480f6eddb9e5" testId="dc58f7e0-c6b4-c3ea-3db9-c6f7c5cbae85" testName="InvokeActivity_SettingIdEmptyGuid_ThrowsException" computerName="ICSWS068" duration="00:00:00.0038125" startTime="2016-08-04T09:58:32.5298726+02:00" endTime="2016-08-04T09:58:32.5348749+02:00" testType="13cdc9d9-ddb5-4fa4-a97d-d965ccfc6d4b" outcome="Passed" testListId="8c84fa94-04c1-424b-9868-57a2d4851a1d" relativeResultsDirectory="25ce4ca8-24d3-4339-9dd4-480f6eddb9e5" />
    <UnitTestResult executionId="989d2f6d-5d88-48f0-8547-e8cd10ac4584" testId="129a3b35-c9ae-882e-9c82-723e431680b4" testName="InvokeActivity_SettingIdNull_ThrowsException" computerName="ICSWS068" duration="00:00:00.0010853" startTime="2016-08-04T09:58:32.5378925+02:00" endTime="2016-08-04T09:58:32.5403795+02:00" testType="13cdc9d9-ddb5-4fa4-a97d-d965ccfc6d4b" outcome="Passed" testListId="8c84fa94-04c1-424b-9868-57a2d4851a1d" relativeResultsDirectory="989d2f6d-5d88-48f0-8547-e8cd10ac4584" />
    <UnitTestResult executionId="782e2e7c-4177-4b65-8f1b-d8e5bc70f2de" testId="aa2581e9-d0c9-a4f0-0bd2-239f763f76ae" testName="InvokeActivity_ValueNull_ThrowsException" computerName="ICSWS068" duration="00:00:00.0013269" startTime="2016-08-04T09:58:32.5428812+02:00" endTime="2016-08-04T09:58:32.5459002+02:00" testType="13cdc9d9-ddb5-4fa4-a97d-d965ccfc6d4b" outcome="Passed" testListId="8c84fa94-04c1-424b-9868-57a2d4851a1d" relativeResultsDirectory="782e2e7c-4177-4b65-8f1b-d8e5bc70f2de" />
    <UnitTestResult executionId="959c4072-2cf6-4469-bc36-6fdfc9cb5313" testId="a76750ac-feec-2b73-3d28-d40ddeb099cb" testName="InvokeActivity_NormalExecutionAllArgumentsSetNoAttributesInGroup_Success" computerName="ICSWS068" duration="00:00:00.2054693" startTime="2016-08-04T09:58:32.5479017+02:00" endTime="2016-08-04T09:58:32.7549814+02:00" testType="13cdc9d9-ddb5-4fa4-a97d-d965ccfc6d4b" outcome="Passed" testListId="8c84fa94-04c1-424b-9868-57a2d4851a1d" relativeResultsDirectory="959c4072-2cf6-4469-bc36-6fdfc9cb5313" />
    <UnitTestResult executionId="2937443e-f945-4a1f-8d8f-5d2b895d3ec0" testId="78a14556-dc76-774f-8bd7-ddedfcd57b61" testName="InvokeActivity_SettingIdArgumentMissing_ThrowsException" computerName="ICSWS068" duration="00:00:00.0043186" startTime="2016-08-04T09:58:32.7574981+02:00" endTime="2016-08-04T09:58:32.7635962+02:00" testType="13cdc9d9-ddb5-4fa4-a97d-d965ccfc6d4b" outcome="Passed" testListId="8c84fa94-04c1-424b-9868-57a2d4851a1d" relativeResultsDirectory="2937443e-f945-4a1f-8d8f-5d2b895d3ec0" />
    <UnitTestResult executionId="eb893c49-21d0-4d31-9d22-2b4203389d07" testId="7bf36f30-8add-123d-ac63-8e673df805c4" testName="InvokeActivity_AttributeGroupIdArgumentMissing_ThrowsException" computerName="ICSWS068" duration="00:00:00.0042022" startTime="2016-08-04T09:58:32.7681026+02:00" endTime="2016-08-04T09:58:32.7736233+02:00" testType="13cdc9d9-ddb5-4fa4-a97d-d965ccfc6d4b" outcome="Passed" testListId="8c84fa94-04c1-424b-9868-57a2d4851a1d" relativeResultsDirectory="eb893c49-21d0-4d31-9d22-2b4203389d07" />
    <UnitTestResult executionId="aa0957ca-90e6-4ead-8638-2de59c2e5ef7" testId="cf35919f-a605-a7fe-df2d-20b4372e4a9d" testName="InvokeActivity_NormalExecution_ResultDictionaryContainsCorrectValues" computerName="ICSWS068" duration="00:00:00.0311980" startTime="2016-08-04T09:58:32.7761265+02:00" endTime="2016-08-04T09:58:32.8089570+02:00" testType="13cdc9d9-ddb5-4fa4-a97d-d965ccfc6d4b" outcome="Passed" testListId="8c84fa94-04c1-424b-9868-57a2d4851a1d" relativeResultsDirectory="aa0957ca-90e6-4ead-8638-2de59c2e5ef7" />
    <UnitTestResult executionId="6c02ffdf-277c-440a-a858-e7a29d2f8f2c" testId="bd6f0560-f847-bd4a-7ac0-ab9f8d52ce3d" testName="InvokeActivity_SettingDoesNotContainAttributeGroup_ThrowsError" computerName="ICSWS068" duration="00:00:00.0408717" startTime="2016-08-04T09:58:32.8114596+02:00" endTime="2016-08-04T09:58:32.8540516+02:00" testType="13cdc9d9-ddb5-4fa4-a97d-d965ccfc6d4b" outcome="Passed" testListId="8c84fa94-04c1-424b-9868-57a2d4851a1d" relativeResultsDirectory="6c02ffdf-277c-440a-a858-e7a29d2f8f2c" />
    <UnitTestResult executionId="11cbc78c-a16b-4dbc-93f1-4517f412385c" testId="c2d5cf4e-a3aa-f0ad-8824-175136f570df" testName="InvokeActivity_AttributeGroupDoesNotExist_ThrowsException" computerName="ICSWS068" duration="00:00:00.0055195" startTime="2016-08-04T09:58:32.8580536+02:00" endTime="2016-08-04T09:58:32.8655587+02:00" testType="13cdc9d9-ddb5-4fa4-a97d-d965ccfc6d4b" outcome="Passed" testListId="8c84fa94-04c1-424b-9868-57a2d4851a1d" relativeResultsDirectory="11cbc78c-a16b-4dbc-93f1-4517f412385c" />
    <UnitTestResult executionId="5082ffc7-361c-49fb-ac06-0b8ddba1d87d" testId="535a256f-02ab-cfcf-d3f9-b7018172cd0e" testName="InvokeActivity_SettingDoesNotExist_ThrowsException" computerName="ICSWS068" duration="00:00:00.0048127" startTime="2016-08-04T09:58:32.8685622+02:00" endTime="2016-08-04T09:58:32.8745653+02:00" testType="13cdc9d9-ddb5-4fa4-a97d-d965ccfc6d4b" outcome="Passed" testListId="8c84fa94-04c1-424b-9868-57a2d4851a1d" relativeResultsDirectory="5082ffc7-361c-49fb-ac06-0b8ddba1d87d" />
    <UnitTestResult executionId="5ec85e89-ea6e-4037-9775-1adc6bf7c190" testId="87dfe027-f946-c90e-23a3-f42c34ef6b3e" testName="InvokeActivity_MultipleAttributeValuesInAttributeGroup_Success" computerName="ICSWS068" duration="00:00:00.0052989" startTime="2016-08-04T09:58:32.8775676+02:00" endTime="2016-08-04T09:58:32.8840719+02:00" testType="13cdc9d9-ddb5-4fa4-a97d-d965ccfc6d4b" outcome="Passed" testListId="8c84fa94-04c1-424b-9868-57a2d4851a1d" relativeResultsDirectory="5ec85e89-ea6e-4037-9775-1adc6bf7c190" />
    <UnitTestResult executionId="d92c5119-491a-46bc-a9e2-fdfee029142b" testId="d7aaa6f8-8f9a-3823-8766-25010c761213" testName="InvokeActivity_NormalExecution_Success" computerName="ICSWS068" duration="00:00:00.0139401" startTime="2016-08-04T09:58:32.8870745+02:00" endTime="2016-08-04T09:58:32.9020857+02:00" testType="13cdc9d9-ddb5-4fa4-a97d-d965ccfc6d4b" outcome="Passed" testListId="8c84fa94-04c1-424b-9868-57a2d4851a1d" relativeResultsDirectory="d92c5119-491a-46bc-a9e2-fdfee029142b" />
    <UnitTestResult executionId="5709287a-6255-46b3-8eb2-676e8125b2ce" testId="e117d0ec-d568-c49c-09f2-b89e6189350c" testName="InvokeActivity_NormalExecutionReturning_IntergerValueIsReturned" computerName="ICSWS068" duration="00:00:00.0046315" startTime="2016-08-04T09:58:32.9050877+02:00" endTime="2016-08-04T09:58:32.9110928+02:00" testType="13cdc9d9-ddb5-4fa4-a97d-d965ccfc6d4b" outcome="Passed" testListId="8c84fa94-04c1-424b-9868-57a2d4851a1d" relativeResultsDirectory="5709287a-6255-46b3-8eb2-676e8125b2ce" />
    <UnitTestResult executionId="5a526316-2ed2-409e-93fa-f4fb48907481" testId="7573dbd3-5faa-3fcb-1d42-2821b85d3753" testName="InvokeActivity_NormalExecution_DoubleValueIsReturned" computerName="ICSWS068" duration="00:00:00.0104880" startTime="2016-08-04T09:58:32.9145984+02:00" endTime="2016-08-04T09:58:32.9263791+02:00" testType="13cdc9d9-ddb5-4fa4-a97d-d965ccfc6d4b" outcome="Passed" testListId="8c84fa94-04c1-424b-9868-57a2d4851a1d" relativeResultsDirectory="5a526316-2ed2-409e-93fa-f4fb48907481" />
    <UnitTestResult executionId="2a8cc62f-b6ab-4772-8f7d-e239ac3edfa0" testId="4e803255-9b7e-fe13-0bc6-1ef34e94a63b" testName="InvokeActivity_ConvertStringToInt_ReturnsInt" computerName="ICSWS068" duration="00:00:00.0023380" startTime="2016-08-04T09:58:32.9288650+02:00" endTime="2016-08-04T09:58:32.9323667+02:00" testType="13cdc9d9-ddb5-4fa4-a97d-d965ccfc6d4b" outcome="Passed" testListId="8c84fa94-04c1-424b-9868-57a2d4851a1d" relativeResultsDirectory="2a8cc62f-b6ab-4772-8f7d-e239ac3edfa0" />
    <UnitTestResult executionId="840b05ff-f1bc-4984-b94d-0976d1c47a9c" testId="dc211b3e-1ded-f9a8-437a-b59fff85d9a8" testName="InvokeActivity_ConvertIntToString_ReturnsInt" computerName="ICSWS068" duration="00:00:00.0023474" startTime="2016-08-04T09:58:32.9352572+02:00" endTime="2016-08-04T09:58:32.9387589+02:00" testType="13cdc9d9-ddb5-4fa4-a97d-d965ccfc6d4b" outcome="Passed" testListId="8c84fa94-04c1-424b-9868-57a2d4851a1d" relativeResultsDirectory="840b05ff-f1bc-4984-b94d-0976d1c47a9c" />
    <UnitTestResult executionId="49e1e4cd-0ab9-4dbb-a027-81ca082f3a75" testId="338f3f95-d8e0-3c83-1669-dc02eecabd8d" testName="InvokeActivity_RequiredInArgumentAttributeIdIsMissing_ThrowsArgumentException" computerName="ICSWS068" duration="00:00:00.0034186" startTime="2016-08-04T09:58:32.9417612+02:00" endTime="2016-08-04T09:58:32.9467650+02:00" testType="13cdc9d9-ddb5-4fa4-a97d-d965ccfc6d4b" outcome="Passed" testListId="8c84fa94-04c1-424b-9868-57a2d4851a1d" relativeResultsDirectory="49e1e4cd-0ab9-4dbb-a027-81ca082f3a75" />
    <UnitTestResult executionId="ffd5398c-255f-4784-adea-839d6742c42b" testId="d6aa4957-4fad-6729-ad57-969d7bd82372" testName="InvokeActivity_RequiredInArgumentSettingIdIsMissing_ThrowsArgumentException" computerName="ICSWS068" duration="00:00:00.0135938" startTime="2016-08-04T09:58:32.9492834+02:00" endTime="2016-08-04T09:58:32.9642031+02:00" testType="13cdc9d9-ddb5-4fa4-a97d-d965ccfc6d4b" outcome="Passed" testListId="8c84fa94-04c1-424b-9868-57a2d4851a1d" relativeResultsDirectory="ffd5398c-255f-4784-adea-839d6742c42b" />
    <UnitTestResult executionId="044115e9-7b59-4410-b47b-ff7d568026a7" testId="780cda3d-3523-2194-76af-5022ad7c9ed7" testName="InvokeActivity_RequiredExtensionIsMissing_ThrowsValidationException" computerName="ICSWS068" duration="00:00:00.0011876" startTime="2016-08-04T09:58:32.9672209+02:00" endTime="2016-08-04T09:58:32.9702077+02:00" testType="13cdc9d9-ddb5-4fa4-a97d-d965ccfc6d4b" outcome="Passed" testListId="8c84fa94-04c1-424b-9868-57a2d4851a1d" relativeResultsDirectory="044115e9-7b59-4410-b47b-ff7d568026a7" />
    <UnitTestResult executionId="300c51fa-1af9-43ec-8968-9efd11fac579" testId="ffeed9de-767e-b624-e2c8-b506ee8a4634" testName="InvokeActivity_NonExistingAttribute_ThrowsEntityNotFoundException" computerName="ICSWS068" duration="00:00:00.0046500" startTime="2016-08-04T09:58:32.9722249+02:00" endTime="2016-08-04T09:58:32.9787122+02:00" testType="13cdc9d9-ddb5-4fa4-a97d-d965ccfc6d4b" outcome="Passed" testListId="8c84fa94-04c1-424b-9868-57a2d4851a1d" relativeResultsDirectory="300c51fa-1af9-43ec-8968-9efd11fac579" />
    <UnitTestResult executionId="9004969d-b308-42eb-b8be-ef1a2b8b2ad1" testId="896a3129-b9c2-30a2-3794-fab394ae42e9" testName="InvokeActivty_InvalidConversion_Throws" computerName="ICSWS068" duration="00:00:00.0032714" startTime="2016-08-04T09:58:32.9816969+02:00" endTime="2016-08-04T09:58:32.9861998+02:00" testType="13cdc9d9-ddb5-4fa4-a97d-d965ccfc6d4b" outcome="Passed" testListId="8c84fa94-04c1-424b-9868-57a2d4851a1d" relativeResultsDirectory="9004969d-b308-42eb-b8be-ef1a2b8b2ad1" />
    <UnitTestResult executionId="46c46661-ac26-4434-a22c-4383cb3fa705" testId="ac22fa7e-798d-a9e0-d079-f5a380ceebd4" testName="InvokeActivity_NormalExecution_Success" computerName="ICSWS068" duration="00:00:00.1198473" startTime="2016-08-04T09:58:32.9892024+02:00" endTime="2016-08-04T09:58:33.1105308+02:00" testType="13cdc9d9-ddb5-4fa4-a97d-d965ccfc6d4b" outcome="Passed" testListId="8c84fa94-04c1-424b-9868-57a2d4851a1d" relativeResultsDirectory="46c46661-ac26-4434-a22c-4383cb3fa705">
      <Output>
        <StdOut>Debug Trace:
0: WorkflowInstance "WriteToLogActivity" is Started
1: Activity [null] "null" scheduled child activity [1] "WriteToLogActivity"
2: Activity [1] "WriteToLogActivity" is Executing
{
    Arguments
        LogText: My log text
        LogDestination: All
        NodeId: 999
        LogLevel: Verbose
}
3: CustomTrackingRecord [1] "iCPSLogRecord"
4: Activity [1] "WriteToLogActivity" is Closed
{
    Arguments
        LogText: My log text
        LogDestination: All
        NodeId: 999
        LogLevel: Verbose
}
5: WorkflowInstance "WriteToLogActivity" is Completed</StdOut>
      </Output>
    </UnitTestResult>
    <UnitTestResult executionId="909c3688-3f54-4f96-b339-ab28d06f7cfd" testId="887db12c-e955-53ab-72f5-ebb0ef286163" testName="InvokeActivity_RequiredInArgumentIsMissing_UnhandledArgumentException" computerName="ICSWS068" duration="00:00:00.0013011" startTime="2016-08-04T09:58:33.1130357+02:00" endTime="2016-08-04T09:58:33.1155536+02:00" testType="13cdc9d9-ddb5-4fa4-a97d-d965ccfc6d4b" outcome="Passed" testListId="8c84fa94-04c1-424b-9868-57a2d4851a1d" relativeResultsDirectory="909c3688-3f54-4f96-b339-ab28d06f7cfd" />
    <UnitTestResult executionId="808edfc0-ac91-4a2f-8f34-79d276ad4f68" testId="44e6105b-91e5-b04e-2682-673bd234f772" testName="InvokeActivity_RequiredExtensionIsMissing_UnhandledArgumentException" computerName="ICSWS068" duration="00:00:00.0014762" startTime="2016-08-04T09:58:33.1180395+02:00" endTime="2016-08-04T09:58:33.1205421+02:00" testType="13cdc9d9-ddb5-4fa4-a97d-d965ccfc6d4b" outcome="Passed" testListId="8c84fa94-04c1-424b-9868-57a2d4851a1d" relativeResultsDirectory="808edfc0-ac91-4a2f-8f34-79d276ad4f68" />
    <UnitTestResult executionId="a8b906c9-5bef-4fd3-9cf3-24611661b1d7" testId="9ac4b0f4-2b6f-bba7-38c1-26d096a5651c" testName="InvokeActivity_LogTextIsNull_Success" computerName="ICSWS068" duration="00:00:00.0041239" startTime="2016-08-04T09:58:33.1241763+02:00" endTime="2016-08-04T09:58:33.1296973+02:00" testType="13cdc9d9-ddb5-4fa4-a97d-d965ccfc6d4b" outcome="Passed" testListId="8c84fa94-04c1-424b-9868-57a2d4851a1d" relativeResultsDirectory="a8b906c9-5bef-4fd3-9cf3-24611661b1d7">
      <Output>
        <StdOut>Debug Trace:
0: WorkflowInstance "WriteToLogActivity" is Started
1: Activity [null] "null" scheduled child activity [1] "WriteToLogActivity"
2: Activity [1] "WriteToLogActivity" is Executing
{
    Arguments
        LogText: 
        LogDestination: iCoreLog
        NodeId: -1
        LogLevel: Information
}
3: CustomTrackingRecord [1] "iCPSLogRecord"
4: Activity [1] "WriteToLogActivity" is Closed
{
    Arguments
        LogText: 
        LogDestination: iCoreLog
        NodeId: -1
        LogLevel: Information
}
5: WorkflowInstance "WriteToLogActivity" is Completed</StdOut>
      </Output>
    </UnitTestResult>
    <UnitTestResult executionId="055126c9-62de-48ba-a3e9-6ba5eea5f0aa" testId="e1de1d11-bdc8-cef1-b1ad-d00cba4bac83" testName="InvokeActivity_CheckDefaultArguments_Success" computerName="ICSWS068" duration="00:00:00.0028665" startTime="2016-08-04T09:58:33.1321821+02:00" endTime="2016-08-04T09:58:33.1361896+02:00" testType="13cdc9d9-ddb5-4fa4-a97d-d965ccfc6d4b" outcome="Passed" testListId="8c84fa94-04c1-424b-9868-57a2d4851a1d" relativeResultsDirectory="055126c9-62de-48ba-a3e9-6ba5eea5f0aa">
      <Output>
        <StdOut>Debug Trace:
0: WorkflowInstance "WriteToLogActivity" is Started
1: Activity [null] "null" scheduled child activity [1] "WriteToLogActivity"
2: Activity [1] "WriteToLogActivity" is Executing
{
    Arguments
        LogText: My log text
        LogDestination: iCoreLog
        NodeId: -1
        LogLevel: Information
}
3: CustomTrackingRecord [1] "iCPSLogRecord"
4: Activity [1] "WriteToLogActivity" is Closed
{
    Arguments
        LogText: My log text
        LogDestination: iCoreLog
        NodeId: -1
        LogLevel: Information
}
5: WorkflowInstance "WriteToLogActivity" is Completed</StdOut>
      </Output>
    </UnitTestResult>
    <UnitTestResult executionId="0c71047f-d853-48a6-b202-102827851fe6" testId="f4b522ca-8d5d-0c29-63d1-feca24c65194" testName="Invoke_NormalExecution_ReturnsCorrectData" computerName="ICSWS068" duration="00:00:00.0077235" startTime="2016-08-04T09:58:33.1396913+02:00" endTime="2016-08-04T09:58:33.1488093+02:00" testType="13cdc9d9-ddb5-4fa4-a97d-d965ccfc6d4b" outcome="Passed" testListId="8c84fa94-04c1-424b-9868-57a2d4851a1d" relativeResultsDirectory="0c71047f-d853-48a6-b202-102827851fe6" />
    <UnitTestResult executionId="65934bce-f159-4d2f-8d24-7c2f88d14d27" testId="316e975d-c111-010d-cff6-31e4ed44379d" testName="Invoke_ReadWholeStream_ReturnsCorrectData" computerName="ICSWS068" duration="00:00:00.0018946" startTime="2016-08-04T09:58:33.1513040+02:00" endTime="2016-08-04T09:58:33.1543098+02:00" testType="13cdc9d9-ddb5-4fa4-a97d-d965ccfc6d4b" outcome="Passed" testListId="8c84fa94-04c1-424b-9868-57a2d4851a1d" relativeResultsDirectory="65934bce-f159-4d2f-8d24-7c2f88d14d27" />
    <UnitTestResult executionId="a91e7eed-9c03-4279-b560-218ec83e107e" testId="e290ee2e-4ec7-0928-217d-6cdb8e93481e" testName="Invoke_NormalExecution_CorrectStreamPosition" computerName="ICSWS068" duration="00:00:00.0007278" startTime="2016-08-04T09:58:33.1573112+02:00" endTime="2016-08-04T09:58:33.1593127+02:00" testType="13cdc9d9-ddb5-4fa4-a97d-d965ccfc6d4b" outcome="Passed" testListId="8c84fa94-04c1-424b-9868-57a2d4851a1d" relativeResultsDirectory="a91e7eed-9c03-4279-b560-218ec83e107e" />
    <UnitTestResult executionId="2191af20-5b4c-400a-aa1d-a8f7d01645fc" testId="c60b3906-1da9-2f8c-0514-cdc150bde610" testName="Invoke_StreamArgumentisMissing_ThrowArgumentException" computerName="ICSWS068" duration="00:00:00.0007219" startTime="2016-08-04T09:58:33.1623156+02:00" endTime="2016-08-04T09:58:33.1639472+02:00" testType="13cdc9d9-ddb5-4fa4-a97d-d965ccfc6d4b" outcome="Passed" testListId="8c84fa94-04c1-424b-9868-57a2d4851a1d" relativeResultsDirectory="2191af20-5b4c-400a-aa1d-a8f7d01645fc" />
    <UnitTestResult executionId="a163e2ee-c617-407b-b9f9-6635b470fa92" testId="07d72cf2-29af-e936-5d4a-2a8334c07987" testName="Invoke_BytesArgumentisMissing_ThrowArgumentException" computerName="ICSWS068" duration="00:00:00.0006454" startTime="2016-08-04T09:58:33.1664337+02:00" endTime="2016-08-04T09:58:33.1684354+02:00" testType="13cdc9d9-ddb5-4fa4-a97d-d965ccfc6d4b" outcome="Passed" testListId="8c84fa94-04c1-424b-9868-57a2d4851a1d" relativeResultsDirectory="a163e2ee-c617-407b-b9f9-6635b470fa92" />
    <UnitTestResult executionId="c78e947c-f55e-4bc5-96be-9f9b2ea9b4b4" testId="08011ff0-cb47-70ab-9d5d-171a95fd3c18" testName="Invoke_NullStream_ThrowArgumentNullException" computerName="ICSWS068" duration="00:00:00.0006885" startTime="2016-08-04T09:58:33.1709359+02:00" endTime="2016-08-04T09:58:33.1729403+02:00" testType="13cdc9d9-ddb5-4fa4-a97d-d965ccfc6d4b" outcome="Passed" testListId="8c84fa94-04c1-424b-9868-57a2d4851a1d" relativeResultsDirectory="c78e947c-f55e-4bc5-96be-9f9b2ea9b4b4" />
    <UnitTestResult executionId="ba780140-ac5d-4651-95e9-da335f674a82" testId="e72fec7f-df65-856c-4e63-b64a391d67dc" testName="Invoke_ClosedStream_ThrowObjectDisposedException" computerName="ICSWS068" duration="00:00:00.0007342" startTime="2016-08-04T09:58:33.1754420+02:00" endTime="2016-08-04T09:58:33.1774443+02:00" testType="13cdc9d9-ddb5-4fa4-a97d-d965ccfc6d4b" outcome="Passed" testListId="8c84fa94-04c1-424b-9868-57a2d4851a1d" relativeResultsDirectory="ba780140-ac5d-4651-95e9-da335f674a82" />
    <UnitTestResult executionId="981ba382-ddb9-4428-ac75-026ba60c0f5a" testId="9a777ced-34c5-33a9-eafd-c65266852e90" testName="Invoke_ToolargeBytesNumber_Success" computerName="ICSWS068" duration="00:00:00.0005897" startTime="2016-08-04T09:58:33.1799460+02:00" endTime="2016-08-04T09:58:33.1814469+02:00" testType="13cdc9d9-ddb5-4fa4-a97d-d965ccfc6d4b" outcome="Passed" testListId="8c84fa94-04c1-424b-9868-57a2d4851a1d" relativeResultsDirectory="981ba382-ddb9-4428-ac75-026ba60c0f5a" />
    <UnitTestResult executionId="11834cea-ca70-4548-a6dc-bb07a556fd00" testId="94794092-db08-cfe6-6b08-603f86398873" testName="Invoke_ToolargeBytesNumber_CorrectReturnDataLength" computerName="ICSWS068" duration="00:00:00.0046564" startTime="2016-08-04T09:58:33.1839639+02:00" endTime="2016-08-04T09:58:33.1899526+02:00" testType="13cdc9d9-ddb5-4fa4-a97d-d965ccfc6d4b" outcome="Passed" testListId="8c84fa94-04c1-424b-9868-57a2d4851a1d" relativeResultsDirectory="11834cea-ca70-4548-a6dc-bb07a556fd00" />
    <UnitTestResult executionId="8774ce1d-0cbe-49b1-a9a2-8d031aa5beb3" testId="7fe3d528-8e1e-b15b-f5ce-f6aa68043d27" testName="Invoke_NegativeBytesNumber_ThrowArgumentException" computerName="ICSWS068" duration="00:00:00.0010691" startTime="2016-08-04T09:58:33.1924546+02:00" endTime="2016-08-04T09:58:33.1949572+02:00" testType="13cdc9d9-ddb5-4fa4-a97d-d965ccfc6d4b" outcome="Passed" testListId="8c84fa94-04c1-424b-9868-57a2d4851a1d" relativeResultsDirectory="8774ce1d-0cbe-49b1-a9a2-8d031aa5beb3" />
    <UnitTestResult executionId="921eb4ef-b977-4205-933a-dc38aa18fdd7" testId="d105dac2-1f18-eddf-a8d3-4b6ccf4b1cbd" testName="Invoke_CancellationRequested_ActivityIsCanceled" computerName="ICSWS068" duration="00:00:00.0055764" startTime="2016-08-04T09:58:33.1979584+02:00" endTime="2016-08-04T09:58:33.2045776+02:00" testType="13cdc9d9-ddb5-4fa4-a97d-d965ccfc6d4b" outcome="Passed" testListId="8c84fa94-04c1-424b-9868-57a2d4851a1d" relativeResultsDirectory="921eb4ef-b977-4205-933a-dc38aa18fdd7" />
    <UnitTestResult executionId="fdff985f-c715-43d4-a8fc-85cee37e18ba" testId="28f135c4-3a82-5839-523b-c72e1ece6f74" testName="Invoke_LengthPrefixedValidArgs_CorrectStringReturned" computerName="ICSWS068" duration="00:00:00.0103595" startTime="2016-08-04T09:58:33.2075799+02:00" endTime="2016-08-04T09:58:33.2193697+02:00" testType="13cdc9d9-ddb5-4fa4-a97d-d965ccfc6d4b" outcome="Passed" testListId="8c84fa94-04c1-424b-9868-57a2d4851a1d" relativeResultsDirectory="fdff985f-c715-43d4-a8fc-85cee37e18ba" />
    <UnitTestResult executionId="59a070bc-e579-46a0-919f-98ed6fd2bcba" testId="9e679f6b-a69a-1d90-61bf-d4cbd3045e43" testName="Invoke_LengthPrefixedValidArgs_ReturnsCorrectNumberOfBytesRead" computerName="ICSWS068" duration="00:00:00.0024283" startTime="2016-08-04T09:58:33.2223720+02:00" endTime="2016-08-04T09:58:33.2263256+02:00" testType="13cdc9d9-ddb5-4fa4-a97d-d965ccfc6d4b" outcome="Passed" testListId="8c84fa94-04c1-424b-9868-57a2d4851a1d" relativeResultsDirectory="59a070bc-e579-46a0-919f-98ed6fd2bcba" />
    <UnitTestResult executionId="82b2a541-245b-48cc-8419-cb2dd9d99862" testId="0fb93e62-2330-1299-d721-034b4f7d2fa7" testName="Invoke_LengthPrefixedAndMaxCharsSet_CorrectStringAndLengthReturned" computerName="ICSWS068" duration="00:00:00.0024280" startTime="2016-08-04T09:58:33.2293282+02:00" endTime="2016-08-04T09:58:33.2333299+02:00" testType="13cdc9d9-ddb5-4fa4-a97d-d965ccfc6d4b" outcome="Passed" testListId="8c84fa94-04c1-424b-9868-57a2d4851a1d" relativeResultsDirectory="82b2a541-245b-48cc-8419-cb2dd9d99862" />
    <UnitTestResult executionId="4741cea5-b3b9-47f8-8ecc-cb5f96e1f299" testId="5b6ab24e-66cb-3d2c-b2cf-d1958161c888" testName="Invoke_LengthPrefixedAndPrefixTypeNotSet_Success" computerName="ICSWS068" duration="00:00:00.0041130" startTime="2016-08-04T09:58:33.2358319+02:00" endTime="2016-08-04T09:58:33.2408359+02:00" testType="13cdc9d9-ddb5-4fa4-a97d-d965ccfc6d4b" outcome="Passed" testListId="8c84fa94-04c1-424b-9868-57a2d4851a1d" relativeResultsDirectory="4741cea5-b3b9-47f8-8ecc-cb5f96e1f299" />
    <UnitTestResult executionId="6cdd8e98-5e63-488e-9fea-9ad79e7bff78" testId="694bf451-a1db-6f2d-763f-d4b54cf549c7" testName="Invoke_LengthPrefixedStreamArgNull_ThorwsArgumentNullException" computerName="ICSWS068" duration="00:00:00.0026028" startTime="2016-08-04T09:58:33.2444872+02:00" endTime="2016-08-04T09:58:33.2485138+02:00" testType="13cdc9d9-ddb5-4fa4-a97d-d965ccfc6d4b" outcome="Passed" testListId="8c84fa94-04c1-424b-9868-57a2d4851a1d" relativeResultsDirectory="6cdd8e98-5e63-488e-9fea-9ad79e7bff78" />
    <UnitTestResult executionId="a252c90b-39eb-4ee2-9e4f-ea5fc49d76c3" testId="d941b3e7-0b7b-cccd-0570-6e2e1fb839eb" testName="Invoke_LengthPrefixedEncodingArgNull_ThorwsArgumentNullException" computerName="ICSWS068" duration="00:00:00.0027547" startTime="2016-08-04T09:58:33.2509962+02:00" endTime="2016-08-04T09:58:33.2549964+02:00" testType="13cdc9d9-ddb5-4fa4-a97d-d965ccfc6d4b" outcome="Passed" testListId="8c84fa94-04c1-424b-9868-57a2d4851a1d" relativeResultsDirectory="a252c90b-39eb-4ee2-9e4f-ea5fc49d76c3" />
    <UnitTestResult executionId="c1d12a19-08bc-46a4-af26-b3758ba83be7" testId="624e4d5f-cc3a-0bd0-d41e-4bcd086d649f" testName="Invoke_NullTerminatedValidArgs_CorrectStringReturned" computerName="ICSWS068" duration="00:00:00.0032670" startTime="2016-08-04T09:58:33.2575142+02:00" endTime="2016-08-04T09:58:33.2620033+02:00" testType="13cdc9d9-ddb5-4fa4-a97d-d965ccfc6d4b" outcome="Passed" testListId="8c84fa94-04c1-424b-9868-57a2d4851a1d" relativeResultsDirectory="c1d12a19-08bc-46a4-af26-b3758ba83be7" />
    <UnitTestResult executionId="65c4b7eb-fe42-42b0-88cf-bbd34a3078c4" testId="a51e5cfe-3e17-f30c-1ed3-43a28f0358d9" testName="Invoke_NullTerminatedValidArgs_ReturnsCorrectNumberOfBytesRead" computerName="ICSWS068" duration="00:00:00.0021187" startTime="2016-08-04T09:58:33.2645080+02:00" endTime="2016-08-04T09:58:33.2680091+02:00" testType="13cdc9d9-ddb5-4fa4-a97d-d965ccfc6d4b" outcome="Passed" testListId="8c84fa94-04c1-424b-9868-57a2d4851a1d" relativeResultsDirectory="65c4b7eb-fe42-42b0-88cf-bbd34a3078c4" />
    <UnitTestResult executionId="e98759da-7229-40f7-9b58-b4438e026ba1" testId="5706a29a-5339-ce04-7c57-32dbf36699fd" testName="Invoke_NullTerminatedAndMaxCharsSet_CorrectStringAndLengthReturned" computerName="ICSWS068" duration="00:00:00.0021618" startTime="2016-08-04T09:58:33.2705105+02:00" endTime="2016-08-04T09:58:33.2740183+02:00" testType="13cdc9d9-ddb5-4fa4-a97d-d965ccfc6d4b" outcome="Passed" testListId="8c84fa94-04c1-424b-9868-57a2d4851a1d" relativeResultsDirectory="e98759da-7229-40f7-9b58-b4438e026ba1" />
    <UnitTestResult executionId="69f34b84-b18a-44c6-aa9d-8d3228ddf9a3" testId="8310b80b-bd6e-2310-9fab-3c1f9b630b83" testName="Invoke_ValidArguments_Success" computerName="ICSWS068" duration="00:00:00.1658315" startTime="2016-08-04T09:58:33.2770212+02:00" endTime="2016-08-04T09:58:33.4440879+02:00" testType="13cdc9d9-ddb5-4fa4-a97d-d965ccfc6d4b" outcome="Passed" testListId="8c84fa94-04c1-424b-9868-57a2d4851a1d" relativeResultsDirectory="69f34b84-b18a-44c6-aa9d-8d3228ddf9a3" />
    <UnitTestResult executionId="e93a2f79-ace2-4523-9ea2-e5c4379672a9" testId="85bf48d0-0f79-16ca-cf5a-5425f681bd10" testName="Invoke_ValidWithParams_ParamsArePassedToFilterExecutor" computerName="ICSWS068" duration="00:00:00.0039749" startTime="2016-08-04T09:58:33.4470738+02:00" endTime="2016-08-04T09:58:33.4525789+02:00" testType="13cdc9d9-ddb5-4fa4-a97d-d965ccfc6d4b" outcome="Passed" testListId="8c84fa94-04c1-424b-9868-57a2d4851a1d" relativeResultsDirectory="e93a2f79-ace2-4523-9ea2-e5c4379672a9" />
    <UnitTestResult executionId="42f7600d-b311-4a95-9963-46971aa84b33" testId="2e08a3d0-4e36-1548-83bf-50ca237db9e5" testName="Invoke_NonExistingEntityId_ThrowsEntityNotFoundException" computerName="ICSWS068" duration="00:00:00.0026773" startTime="2016-08-04T09:58:33.4550827+02:00" endTime="2016-08-04T09:58:33.4590856+02:00" testType="13cdc9d9-ddb5-4fa4-a97d-d965ccfc6d4b" outcome="Passed" testListId="8c84fa94-04c1-424b-9868-57a2d4851a1d" relativeResultsDirectory="42f7600d-b311-4a95-9963-46971aa84b33" />
    <UnitTestResult executionId="0f402ffd-4edb-4000-b50a-9509cf4cc344" testId="acc8d13b-1c82-d3c7-b76b-cd5400fe9991" testName="Invoke_WrongTypeArgument_ThrowsInvalidCastException" computerName="ICSWS068" duration="00:00:00.0065429" startTime="2016-08-04T09:58:33.4621046+02:00" endTime="2016-08-04T09:58:33.4705619+02:00" testType="13cdc9d9-ddb5-4fa4-a97d-d965ccfc6d4b" outcome="Passed" testListId="8c84fa94-04c1-424b-9868-57a2d4851a1d" relativeResultsDirectory="0f402ffd-4edb-4000-b50a-9509cf4cc344" />
    <UnitTestResult executionId="f635114b-c141-4876-a531-2a9ad19989f8" testId="9de82bea-f6c2-b937-b0f3-913d6495f4ec" testName="Invoke_ValidArguments_Success" computerName="ICSWS068" duration="00:00:00.0058239" startTime="2016-08-04T09:58:33.4725634+02:00" endTime="2016-08-04T09:58:33.4805524+02:00" testType="13cdc9d9-ddb5-4fa4-a97d-d965ccfc6d4b" outcome="Passed" testListId="8c84fa94-04c1-424b-9868-57a2d4851a1d" relativeResultsDirectory="f635114b-c141-4876-a531-2a9ad19989f8" />
    <UnitTestResult executionId="10153119-8c81-4030-8115-a10d1c74d7c5" testId="282bd3c5-3387-deaa-c68a-2c8e2b2223ef" testName="Invoke_Params_ParamsArePassedToFilterExecutor" computerName="ICSWS068" duration="00:00:00.0034603" startTime="2016-08-04T09:58:33.4835544+02:00" endTime="2016-08-04T09:58:33.4880575+02:00" testType="13cdc9d9-ddb5-4fa4-a97d-d965ccfc6d4b" outcome="Passed" testListId="8c84fa94-04c1-424b-9868-57a2d4851a1d" relativeResultsDirectory="10153119-8c81-4030-8115-a10d1c74d7c5" />
    <UnitTestResult executionId="c59dee5d-aa76-48be-bfe1-cfa6ec967e48" testId="97bbe6d0-740f-be3e-7a61-a9a777f94c55" testName="Invoke_NonExistingEntityId_ThrowsEntityNotFoundException" computerName="ICSWS068" duration="00:00:00.0027034" startTime="2016-08-04T09:58:33.4910601+02:00" endTime="2016-08-04T09:58:33.4950627+02:00" testType="13cdc9d9-ddb5-4fa4-a97d-d965ccfc6d4b" outcome="Passed" testListId="8c84fa94-04c1-424b-9868-57a2d4851a1d" relativeResultsDirectory="c59dee5d-aa76-48be-bfe1-cfa6ec967e48" />
    <UnitTestResult executionId="169dc31a-c167-438c-8972-4dc239c937d9" testId="c4a79e9a-a73d-1adf-ebc6-e13aaf40cc89" testName="Invoke_GetTrackingEntity_Success" computerName="ICSWS068" duration="00:00:00.0727179" startTime="2016-08-04T09:58:33.4980653+02:00" endTime="2016-08-04T09:58:33.5724186+02:00" testType="13cdc9d9-ddb5-4fa4-a97d-d965ccfc6d4b" outcome="Passed" testListId="8c84fa94-04c1-424b-9868-57a2d4851a1d" relativeResultsDirectory="169dc31a-c167-438c-8972-4dc239c937d9" />
    <UnitTestResult executionId="c6bf7b28-5d7a-484f-86d6-7cdccda739f6" testId="0d6fc1e7-cc50-b2ec-b176-f53d9643252c" testName="Invoke_GetNonTrackingEntity_Success" computerName="ICSWS068" duration="00:00:00.0044450" startTime="2016-08-04T09:58:33.5751710+02:00" endTime="2016-08-04T09:58:33.5811920+02:00" testType="13cdc9d9-ddb5-4fa4-a97d-d965ccfc6d4b" outcome="Passed" testListId="8c84fa94-04c1-424b-9868-57a2d4851a1d" relativeResultsDirectory="c6bf7b28-5d7a-484f-86d6-7cdccda739f6" />
    <UnitTestResult executionId="2c7350fc-3dc5-4665-954d-e785486c0dd3" testId="1e4df02b-e1e8-e840-f2e8-05f3c5dfbb87" testName="Invoke_NonExistingEntityId_ThrowsEntityNotFoundException" computerName="ICSWS068" duration="00:00:00.0036087" startTime="2016-08-04T09:58:33.5836896+02:00" endTime="2016-08-04T09:58:33.5886822+02:00" testType="13cdc9d9-ddb5-4fa4-a97d-d965ccfc6d4b" outcome="Passed" testListId="8c84fa94-04c1-424b-9868-57a2d4851a1d" relativeResultsDirectory="2c7350fc-3dc5-4665-954d-e785486c0dd3" />
    <UnitTestResult executionId="2182400a-8bd0-427c-93c8-c827d0ea57bd" testId="1809d1c5-769a-8e31-d9bb-4fceab60b151" testName="Invoke_WrongTypeArgument_ThrowsInvalidCastException" computerName="ICSWS068" duration="00:00:00.0400712" startTime="2016-08-04T09:58:33.5911983+02:00" endTime="2016-08-04T09:58:33.6325081+02:00" testType="13cdc9d9-ddb5-4fa4-a97d-d965ccfc6d4b" outcome="Passed" testListId="8c84fa94-04c1-424b-9868-57a2d4851a1d" relativeResultsDirectory="2182400a-8bd0-427c-93c8-c827d0ea57bd" />
    <UnitTestResult executionId="e88c20cb-6fc9-4162-904d-ce04e450ac5f" testId="c5978909-c835-b7fc-1f53-419ec3c0dda7" testName="Invoke_AsyncEvent_ActivityStateIsClosed" computerName="ICSWS068" duration="00:00:00.0125510" startTime="2016-08-04T09:58:33.6354835+02:00" endTime="2016-08-04T09:58:33.6494985+02:00" testType="13cdc9d9-ddb5-4fa4-a97d-d965ccfc6d4b" outcome="Passed" testListId="8c84fa94-04c1-424b-9868-57a2d4851a1d" relativeResultsDirectory="e88c20cb-6fc9-4162-904d-ce04e450ac5f">
      <Output>
        <StdOut>Debug Trace:
0: WorkflowInstance "CreateEventActivity" is Started
1: Activity [null] "null" scheduled child activity [1] "CreateEventActivity"
2: Activity [1] "CreateEventActivity" is Executing
{
    Arguments
        EarliestExecTime: 2011-11-11 11:11:11
        EventTypeId: 4e762824-d7b8-4a28-acef-1ba71303c19b
        Priority: Prio_3
        Bookmark: a Bookmark
        KindOfEventToCreate: Asynchronous
        NodeId: 324
        EventParams: event parameters
}
3: Activity [1] "CreateEventActivity" is Closed
{
    Arguments
        EarliestExecTime: 2011-11-11 11:11:11
        EventTypeId: 4e762824-d7b8-4a28-acef-1ba71303c19b
        Priority: Prio_3
        Bookmark: a Bookmark
        KindOfEventToCreate: Asynchronous
        Result: 
        NodeId: 324
        EventParams: event parameters
}
4: WorkflowInstance "CreateEventActivity" is Completed</StdOut>
      </Output>
    </UnitTestResult>
    <UnitTestResult executionId="e15d7f96-0e58-4c58-9edb-1b8a479a27b2" testId="7bef764f-dac6-a984-5399-781608aa3d4f" testName="Invoke_AsyncEvent_ResultIsNotSet" computerName="ICSWS068" duration="00:00:00.0018415" startTime="2016-08-04T09:58:33.6524999+02:00" endTime="2016-08-04T09:58:33.6554259+02:00" testType="13cdc9d9-ddb5-4fa4-a97d-d965ccfc6d4b" outcome="Passed" testListId="8c84fa94-04c1-424b-9868-57a2d4851a1d" relativeResultsDirectory="e15d7f96-0e58-4c58-9edb-1b8a479a27b2">
      <Output>
        <StdOut>Debug Trace:
0: WorkflowInstance "CreateEventActivity" is Started
1: Activity [null] "null" scheduled child activity [1] "CreateEventActivity"
2: Activity [1] "CreateEventActivity" is Executing
{
    Arguments
        EarliestExecTime: 2011-11-11 11:11:11
        EventTypeId: 2c4a4343-98d2-4916-bac4-b11ddba2a189
        Priority: Prio_3
        Bookmark: a Bookmark
        KindOfEventToCreate: Asynchronous
        NodeId: 324
        EventParams: event parameters
}
3: Activity [1] "CreateEventActivity" is Closed
{
    Arguments
        EarliestExecTime: 2011-11-11 11:11:11
        EventTypeId: 2c4a4343-98d2-4916-bac4-b11ddba2a189
        Priority: Prio_3
        Bookmark: a Bookmark
        KindOfEventToCreate: Asynchronous
        Result: 
        NodeId: 324
        EventParams: event parameters
}
4: WorkflowInstance "CreateEventActivity" is Completed</StdOut>
      </Output>
    </UnitTestResult>
    <UnitTestResult executionId="2c86b61f-3e99-4fac-a8fb-9b07d010854f" testId="722ccea6-e382-0f49-76e9-8dd9aa72c852" testName="Invoke_AsyncEvent_CreatesAsyncEvent" computerName="ICSWS068" duration="00:00:00.0052740" startTime="2016-08-04T09:58:33.6584274+02:00" endTime="2016-08-04T09:58:33.6649501+02:00" testType="13cdc9d9-ddb5-4fa4-a97d-d965ccfc6d4b" outcome="Passed" testListId="8c84fa94-04c1-424b-9868-57a2d4851a1d" relativeResultsDirectory="2c86b61f-3e99-4fac-a8fb-9b07d010854f">
      <Output>
        <StdOut>Debug Trace:
0: WorkflowInstance "CreateEventActivity" is Started
1: Activity [null] "null" scheduled child activity [1] "CreateEventActivity"
2: Activity [1] "CreateEventActivity" is Executing
{
    Arguments
        EarliestExecTime: 2011-11-11 11:11:11
        EventTypeId: 92d04cc4-da95-4f35-adc5-add990964174
        Priority: Prio_3
        Bookmark: a Bookmark
        KindOfEventToCreate: Asynchronous
        NodeId: 324
        EventParams: event parameters
}
3: Activity [1] "CreateEventActivity" is Closed
{
    Arguments
        EarliestExecTime: 2011-11-11 11:11:11
        EventTypeId: 92d04cc4-da95-4f35-adc5-add990964174
        Priority: Prio_3
        Bookmark: a Bookmark
        KindOfEventToCreate: Asynchronous
        Result: 
        NodeId: 324
        EventParams: event parameters
}
4: WorkflowInstance "CreateEventActivity" is Completed</StdOut>
      </Output>
    </UnitTestResult>
    <UnitTestResult executionId="93a6e253-5004-484f-975c-b6ef46b2a36f" testId="2881c58d-d15a-8802-748b-54a8e0ef1efb" testName="Invoke_SyncEvent_CreatesSyncEvent" computerName="ICSWS068" duration="00:00:00.0048479" startTime="2016-08-04T09:58:33.6674530+02:00" endTime="2016-08-04T09:58:33.6734605+02:00" testType="13cdc9d9-ddb5-4fa4-a97d-d965ccfc6d4b" outcome="Passed" testListId="8c84fa94-04c1-424b-9868-57a2d4851a1d" relativeResultsDirectory="93a6e253-5004-484f-975c-b6ef46b2a36f">
      <Output>
        <StdOut>Debug Trace:
0: WorkflowInstance "CreateEventActivity" is Started
1: Activity [null] "null" scheduled child activity [1] "CreateEventActivity"
2: Activity [1] "CreateEventActivity" is Executing
{
    Arguments
        EarliestExecTime: 2011-11-11 11:11:11
        EventTypeId: 3e5f0bd6-d86f-419b-86aa-837fcec995ef
        Priority: Prio_3
        Bookmark: a Bookmark
        KindOfEventToCreate: Synchronous
        NodeId: 324
        EventParams: event parameters
}
3: WorkflowInstance "CreateEventActivity" is Idle</StdOut>
      </Output>
    </UnitTestResult>
    <UnitTestResult executionId="38225f9a-6244-47d8-84dc-ac2d78c8a216" testId="e509d944-acab-cd3a-908b-1da2921dbf3c" testName="Invoke_SyncEvent_ActivityIdles" computerName="ICSWS068" duration="00:00:00.0013682" startTime="2016-08-04T09:58:33.6764461+02:00" endTime="2016-08-04T09:58:33.6789481+02:00" testType="13cdc9d9-ddb5-4fa4-a97d-d965ccfc6d4b" outcome="Passed" testListId="8c84fa94-04c1-424b-9868-57a2d4851a1d" relativeResultsDirectory="38225f9a-6244-47d8-84dc-ac2d78c8a216">
      <Output>
        <StdOut>Debug Trace:
0: WorkflowInstance "CreateEventActivity" is Started
1: Activity [null] "null" scheduled child activity [1] "CreateEventActivity"
2: Activity [1] "CreateEventActivity" is Executing
{
    Arguments
        EarliestExecTime: 2011-11-11 11:11:11
        EventTypeId: c290507d-4310-4ffd-a188-f95332d75dac
        Priority: Prio_3
        Bookmark: a Bookmark
        KindOfEventToCreate: Synchronous
        NodeId: 324
        EventParams: event parameters
}
3: WorkflowInstance "CreateEventActivity" is Idle</StdOut>
      </Output>
    </UnitTestResult>
    <UnitTestResult executionId="fa26b902-d937-41b4-be2e-96dbb567bc47" testId="5b42df8b-fe12-93c9-4d77-73c598110f11" testName="Invoke_SyncEvent_OneBookmarkCreated" computerName="ICSWS068" duration="00:00:00.0020518" startTime="2016-08-04T09:58:33.6814513+02:00" endTime="2016-08-04T09:58:33.6849524+02:00" testType="13cdc9d9-ddb5-4fa4-a97d-d965ccfc6d4b" outcome="Passed" testListId="8c84fa94-04c1-424b-9868-57a2d4851a1d" relativeResultsDirectory="fa26b902-d937-41b4-be2e-96dbb567bc47">
      <Output>
        <StdOut>Debug Trace:
0: WorkflowInstance "CreateEventActivity" is Started
1: Activity [null] "null" scheduled child activity [1] "CreateEventActivity"
2: Activity [1] "CreateEventActivity" is Executing
{
    Arguments
        EarliestExecTime: 2011-11-11 11:11:11
        EventTypeId: 3a3c0ae5-fd3a-4a88-b88c-5d3498ab9145
        Priority: Prio_3
        Bookmark: a Bookmark
        KindOfEventToCreate: Synchronous
        NodeId: 324
        EventParams: event parameters
}
3: WorkflowInstance "CreateEventActivity" is Idle</StdOut>
      </Output>
    </UnitTestResult>
    <UnitTestResult executionId="f11bfe0e-354b-45e3-915a-0b19610cbeda" testId="bbf8fb49-fe9d-6a9e-b5f9-877f321fe3e5" testName="Invoke_SyncEvent_BookmarkNameIsGuid" computerName="ICSWS068" duration="00:00:00.0018108" startTime="2016-08-04T09:58:33.6874711+02:00" endTime="2016-08-04T09:58:33.6909567+02:00" testType="13cdc9d9-ddb5-4fa4-a97d-d965ccfc6d4b" outcome="Passed" testListId="8c84fa94-04c1-424b-9868-57a2d4851a1d" relativeResultsDirectory="f11bfe0e-354b-45e3-915a-0b19610cbeda">
      <Output>
        <StdOut>Debug Trace:
0: WorkflowInstance "CreateEventActivity" is Started
1: Activity [null] "null" scheduled child activity [1] "CreateEventActivity"
2: Activity [1] "CreateEventActivity" is Executing
{
    Arguments
        EarliestExecTime: 2011-11-11 11:11:11
        EventTypeId: a306360f-09b7-40eb-9ba4-5e291de74159
        Priority: Prio_3
        Bookmark: a Bookmark
        KindOfEventToCreate: Synchronous
        NodeId: 324
        EventParams: event parameters
}
3: WorkflowInstance "CreateEventActivity" is Idle</StdOut>
      </Output>
    </UnitTestResult>
    <UnitTestResult executionId="fb356322-2e11-46c7-9e24-1356c7e0c853" testId="1801a9ef-a18e-680f-9e8a-ab1e983536cd" testName="Invoke_SyncEventResumeWithSyncEventResult_ActivityCanResume" computerName="ICSWS068" duration="00:00:00.0036720" startTime="2016-08-04T09:58:33.6939590+02:00" endTime="2016-08-04T09:58:33.6984786+02:00" testType="13cdc9d9-ddb5-4fa4-a97d-d965ccfc6d4b" outcome="Passed" testListId="8c84fa94-04c1-424b-9868-57a2d4851a1d" relativeResultsDirectory="fb356322-2e11-46c7-9e24-1356c7e0c853">
      <Output>
        <StdOut>Debug Trace:
0: WorkflowInstance "CreateEventActivity" is Started
1: Activity [null] "null" scheduled child activity [1] "CreateEventActivity"
2: Activity [1] "CreateEventActivity" is Executing
{
    Arguments
        EarliestExecTime: 2011-11-11 11:11:11
        EventTypeId: d56e40f9-4f54-48b7-be9f-ef4d3c832d15
        Priority: Prio_3
        Bookmark: a Bookmark
        KindOfEventToCreate: Synchronous
        NodeId: 324
        EventParams: event parameters
}
3: WorkflowInstance "CreateEventActivity" is Idle
4: Bookmark "fa71c0ed-fdf7-4025-b57c-61ce3ff0fcc1" resumed with payload &lt;iCore.Runtime.SyncEventResult&gt; owner [1] "CreateEventActivity"</StdOut>
      </Output>
    </UnitTestResult>
    <UnitTestResult executionId="aed65267-c275-4f1a-9fc5-6087fec92c0f" testId="8967657b-23f6-8dc9-e8f2-2bdaf12da6e0" testName="Invoke_SyncEventResumeSyncEventResult_ActivityStateIsClosed" computerName="ICSWS068" duration="00:00:00.0020794" startTime="2016-08-04T09:58:33.7014642+02:00" endTime="2016-08-04T09:58:33.7047365+02:00" testType="13cdc9d9-ddb5-4fa4-a97d-d965ccfc6d4b" outcome="Passed" testListId="8c84fa94-04c1-424b-9868-57a2d4851a1d" relativeResultsDirectory="aed65267-c275-4f1a-9fc5-6087fec92c0f">
      <Output>
        <StdOut>Debug Trace:
0: WorkflowInstance "CreateEventActivity" is Started
1: Activity [null] "null" scheduled child activity [1] "CreateEventActivity"
2: Activity [1] "CreateEventActivity" is Executing
{
    Arguments
        EarliestExecTime: 2011-11-11 11:11:11
        EventTypeId: bad7742c-93b4-48ef-a48e-3315d49bc6dd
        Priority: Prio_3
        Bookmark: a Bookmark
        KindOfEventToCreate: Synchronous
        NodeId: 324
        EventParams: event parameters
}
3: WorkflowInstance "CreateEventActivity" is Idle
4: Bookmark "784b16b1-b829-4447-a449-73366a728b20" resumed with payload &lt;iCore.Runtime.SyncEventResult&gt; owner [1] "CreateEventActivity"
5: CustomTrackingRecord [1] "iCPSTraceTrackingRecord"
6: Activity [1] "CreateEventActivity" is Closed
{
    Arguments
        EarliestExecTime: 2011-11-11 11:11:11
        EventTypeId: bad7742c-93b4-48ef-a48e-3315d49bc6dd
        Priority: Prio_3
        Bookmark: a Bookmark
        KindOfEventToCreate: Synchronous
        Result: sync evnent succeeded
        NodeId: 324
        EventParams: event parameters
}
7: WorkflowInstance "CreateEventActivity" is Completed</StdOut>
      </Output>
    </UnitTestResult>
    <UnitTestResult executionId="df83e562-fae1-4bda-b9a3-0f4710687878" testId="2a2ad36e-2b79-5154-27bd-6af35751debf" testName="Invoke_SyncEventResumeWithSyncEventResult_ResultIsSet" computerName="ICSWS068" duration="00:00:00.0017389" startTime="2016-08-04T09:58:33.7082394+02:00" endTime="2016-08-04T09:58:33.7112414+02:00" testType="13cdc9d9-ddb5-4fa4-a97d-d965ccfc6d4b" outcome="Passed" testListId="8c84fa94-04c1-424b-9868-57a2d4851a1d" relativeResultsDirectory="df83e562-fae1-4bda-b9a3-0f4710687878">
      <Output>
        <StdOut>Debug Trace:
0: WorkflowInstance "CreateEventActivity" is Started
1: Activity [null] "null" scheduled child activity [1] "CreateEventActivity"
2: Activity [1] "CreateEventActivity" is Executing
{
    Arguments
        EarliestExecTime: 2011-11-11 11:11:11
        EventTypeId: 8862d6e6-4035-40b8-85a7-4f64a8e236c7
        Priority: Prio_3
        Bookmark: a Bookmark
        KindOfEventToCreate: Synchronous
        NodeId: 324
        EventParams: event parameters
}
3: WorkflowInstance "CreateEventActivity" is Idle
4: Bookmark "19e090bd-1654-40bd-8f04-2a40d074fea7" resumed with payload &lt;iCore.Runtime.SyncEventResult&gt; owner [1] "CreateEventActivity"
5: CustomTrackingRecord [1] "iCPSTraceTrackingRecord"
6: Activity [1] "CreateEventActivity" is Closed
{
    Arguments
        EarliestExecTime: 2011-11-11 11:11:11
        EventTypeId: 8862d6e6-4035-40b8-85a7-4f64a8e236c7
        Priority: Prio_3
        Bookmark: a Bookmark
        KindOfEventToCreate: Synchronous
        Result: sync evnent succeeded
        NodeId: 324
        EventParams: event parameters
}
7: WorkflowInstance "CreateEventActivity" is Completed</StdOut>
      </Output>
    </UnitTestResult>
    <UnitTestResult executionId="333c4583-0426-46db-9488-8d9cfa093a57" testId="e2c58bf4-1fd1-8f69-3041-91faa3e931f4" testName="Invoke_SyncEventResumeWithFailedSyncEventResult_ThrowsCOMException" computerName="ICSWS068" duration="00:00:00.0021841" startTime="2016-08-04T09:58:33.7142461+02:00" endTime="2016-08-04T09:58:33.7172486+02:00" testType="13cdc9d9-ddb5-4fa4-a97d-d965ccfc6d4b" outcome="Passed" testListId="8c84fa94-04c1-424b-9868-57a2d4851a1d" relativeResultsDirectory="333c4583-0426-46db-9488-8d9cfa093a57">
      <Output>
        <StdOut>Debug Trace:
0: WorkflowInstance "CreateEventActivity" is Started
1: Activity [null] "null" scheduled child activity [1] "CreateEventActivity"
2: Activity [1] "CreateEventActivity" is Executing
{
    Arguments
        EarliestExecTime: 2011-11-11 11:11:11
        EventTypeId: e2a7eb38-c0b5-4d31-b42b-c920a22c2e37
        Priority: Prio_3
        Bookmark: a Bookmark
        KindOfEventToCreate: Synchronous
        NodeId: 324
        EventParams: event parameters
}
3: WorkflowInstance "CreateEventActivity" is Idle
4: Bookmark "3a3eb129-aafc-4d13-894d-e2eb28ab1aee" resumed with payload &lt;iCore.Runtime.SyncEventResult&gt; owner [1] "CreateEventActivity"
5: Activity [1] "CreateEventActivity" is Faulted
{
    Arguments
        EarliestExecTime: 2011-11-11 11:11:11
        EventTypeId: e2a7eb38-c0b5-4d31-b42b-c920a22c2e37
        Priority: Prio_3
        Bookmark: a Bookmark
        KindOfEventToCreate: Synchronous
        Result: 
        NodeId: 324
        EventParams: event parameters
}
6: Fault source [1] "CreateEventActivity"
7: WorkflowInstance "CreateEventActivity" Unhandled Exception Source "CreateEventActivity" Exception &lt;System.Runtime.InteropServices.COMException (0xFFFFFFFF): Execution of sync event failed with error text [sync event failure description] and error code [-1].
   at iCore.Workflow.Activities.iCPS.CreateEventActivity.OnSyncEventResult(NativeActivityContext context, Bookmark bookmark, Object value)
   at System.Activities.Runtime.BookmarkCallbackWrapper.Invoke(NativeActivityContext context, Bookmark bookmark, Object value)
   at System.Activities.Runtime.BookmarkWorkItem.Execute(ActivityExecutor executor, BookmarkManager bookmarkManager)&gt;
8: WorkflowInstance "CreateEventActivity" Terminated Reason "Execution of sync event failed with error text [sync event failure description] and error code [-1]."</StdOut>
      </Output>
    </UnitTestResult>
    <UnitTestResult executionId="921ae9ec-4675-41a0-9291-dca22e7d1a99" testId="964ef933-32a8-bcf1-2e27-d8abc741e481" testName="Invoke_SyncEventResumeWithUnexpectedValue_ThrowsArgumentException" computerName="ICSWS068" duration="00:00:00.0023920" startTime="2016-08-04T09:58:33.7197677+02:00" endTime="2016-08-04T09:58:33.7237262+02:00" testType="13cdc9d9-ddb5-4fa4-a97d-d965ccfc6d4b" outcome="Passed" testListId="8c84fa94-04c1-424b-9868-57a2d4851a1d" relativeResultsDirectory="921ae9ec-4675-41a0-9291-dca22e7d1a99">
      <Output>
        <StdOut>Debug Trace:
0: WorkflowInstance "CreateEventActivity" is Started
1: Activity [null] "null" scheduled child activity [1] "CreateEventActivity"
2: Activity [1] "CreateEventActivity" is Executing
{
    Arguments
        EarliestExecTime: 2011-11-11 11:11:11
        EventTypeId: 01c40300-55d8-462b-b09d-b6b4051386ec
        Priority: Prio_3
        Bookmark: a Bookmark
        KindOfEventToCreate: Synchronous
        NodeId: 324
        EventParams: event parameters
}
3: WorkflowInstance "CreateEventActivity" is Idle
4: Bookmark "1690a083-61f9-4a08-b308-e4fdb6396729" resumed with payload &lt;System.Object&gt; owner [1] "CreateEventActivity"
5: Activity [1] "CreateEventActivity" is Faulted
{
    Arguments
        EarliestExecTime: 2011-11-11 11:11:11
        EventTypeId: 01c40300-55d8-462b-b09d-b6b4051386ec
        Priority: Prio_3
        Bookmark: a Bookmark
        KindOfEventToCreate: Synchronous
        Result: 
        NodeId: 324
        EventParams: event parameters
}
6: Fault source [1] "CreateEventActivity"
7: WorkflowInstance "CreateEventActivity" Unhandled Exception Source "CreateEventActivity" Exception &lt;System.ArgumentException: Sync event result is of wrong type. Expected: iCore.Runtime.SyncEventResult Actual: System.Object
Parameter name: value
   at iCore.Workflow.Activities.iCPS.CreateEventActivity.OnSyncEventResult(NativeActivityContext context, Bookmark bookmark, Object value)
   at System.Activities.Runtime.BookmarkCallbackWrapper.Invoke(NativeActivityContext context, Bookmark bookmark, Object value)
   at System.Activities.Runtime.BookmarkWorkItem.Execute(ActivityExecutor executor, BookmarkManager bookmarkManager)&gt;</StdOut>
      </Output>
    </UnitTestResult>
    <UnitTestResult executionId="6416860a-3e11-437a-9b90-ca52f4c65ad5" testId="b460a9a2-889d-ad27-02ed-68d49da1a219" testName="Invoke_SyncEventResumeWithException_ThrowsException" computerName="ICSWS068" duration="00:00:00.0020735" startTime="2016-08-04T09:58:33.7262274+02:00" endTime="2016-08-04T09:58:33.7297302+02:00" testType="13cdc9d9-ddb5-4fa4-a97d-d965ccfc6d4b" outcome="Passed" testListId="8c84fa94-04c1-424b-9868-57a2d4851a1d" relativeResultsDirectory="6416860a-3e11-437a-9b90-ca52f4c65ad5">
      <Output>
        <StdOut>Debug Trace:
0: WorkflowInstance "CreateEventActivity" is Started
1: Activity [null] "null" scheduled child activity [1] "CreateEventActivity"
2: Activity [1] "CreateEventActivity" is Executing
{
    Arguments
        EarliestExecTime: 2011-11-11 11:11:11
        EventTypeId: cfa61be1-6930-461f-980e-9e13f87afa73
        Priority: Prio_3
        Bookmark: a Bookmark
        KindOfEventToCreate: Synchronous
        NodeId: 324
        EventParams: event parameters
}
3: WorkflowInstance "CreateEventActivity" is Idle
4: Bookmark "d7fcb8fe-0636-4f2f-b1e7-6dd063ce96fd" resumed with payload &lt;Testing.Common.TestException: a test exception
   at iCore.Workflow.Activities.iCPS.CreateEventActivity.OnSyncEventResult(NativeActivityContext context, Bookmark bookmark, Object value)
   at System.Activities.Runtime.BookmarkCallbackWrapper.Invoke(NativeActivityContext context, Bookmark bookmark, Object value)
   at System.Activities.Runtime.BookmarkWorkItem.Execute(ActivityExecutor executor, BookmarkManager bookmarkManager)&gt; owner [1] "CreateEventActivity"
5: Activity [1] "CreateEventActivity" is Faulted
{
    Arguments
        EarliestExecTime: 2011-11-11 11:11:11
        EventTypeId: cfa61be1-6930-461f-980e-9e13f87afa73
        Priority: Prio_3
        Bookmark: a Bookmark
        KindOfEventToCreate: Synchronous
        Result: 
        NodeId: 324
        EventParams: event parameters
}
6: Fault source [1] "CreateEventActivity"
7: WorkflowInstance "CreateEventActivity" Unhandled Exception Source "CreateEventActivity" Exception &lt;Testing.Common.TestException: a test exception
   at iCore.Workflow.Activities.iCPS.CreateEventActivity.OnSyncEventResult(NativeActivityContext context, Bookmark bookmark, Object value)
   at System.Activities.Runtime.BookmarkCallbackWrapper.Invoke(NativeActivityContext context, Bookmark bookmark, Object value)
   at System.Activities.Runtime.BookmarkWorkItem.Execute(ActivityExecutor executor, BookmarkManager bookmarkManager)&gt;
8: WorkflowInstance "CreateEventActivity" Terminated Reason "a test exception"</StdOut>
      </Output>
    </UnitTestResult>
    <UnitTestResult executionId="2134fe84-8f56-422c-bcd2-9d348842a109" testId="5bb24f1a-8e30-b9a6-906e-7db11763ab3c" testName="Invoke_RequiredArgumentEventTypeIdIsMissing_ThrowsArgumentException" computerName="ICSWS068" duration="00:00:00.0012885" startTime="2016-08-04T09:58:33.7322328+02:00" endTime="2016-08-04T09:58:33.7347363+02:00" testType="13cdc9d9-ddb5-4fa4-a97d-d965ccfc6d4b" outcome="Passed" testListId="8c84fa94-04c1-424b-9868-57a2d4851a1d" relativeResultsDirectory="2134fe84-8f56-422c-bcd2-9d348842a109" />
    <UnitTestResult executionId="70e402d0-7af2-4624-b36d-e88b73042ffb" testId="75396df8-305f-0415-92d9-db0fd61142c4" testName="Invoke_NonLongRunning_ActivityColosed" computerName="ICSWS068" duration="00:00:00.1030442" startTime="2016-08-04T09:58:33.7372548+02:00" endTime="2016-08-04T09:58:33.8422022+02:00" testType="13cdc9d9-ddb5-4fa4-a97d-d965ccfc6d4b" outcome="Passed" testListId="8c84fa94-04c1-424b-9868-57a2d4851a1d" relativeResultsDirectory="70e402d0-7af2-4624-b36d-e88b73042ffb">
      <Output>
        <StdOut>Debug Trace:
0: WorkflowInstance "ExecuteAdapterflowDefinitionActivity" is Started
1: Activity [null] "null" scheduled child activity [1] "ExecuteAdapterflowDefinitionActivity"
2: Activity [1] "ExecuteAdapterflowDefinitionActivity" is Executing
{
    Arguments
        IsLongRunning: False
        AdapterflowId: 397aa735-ec49-423a-b829-f580023c3349
        InitParam: some init parameters
        RunParam: some run parameters
        EventParam: some event parameters
        NodeId: 9223372036854774807
}
3: CustomTrackingRecord [1] "iCPSTraceTrackingRecord"
4: Activity [1] "ExecuteAdapterflowDefinitionActivity" is Closed
{
    Arguments
        IsLongRunning: False
        Result: an expected return value
        AdapterflowId: 397aa735-ec49-423a-b829-f580023c3349
        InitParam: some init parameters
        RunParam: some run parameters
        EventParam: some event parameters
        NodeId: 9223372036854774807
}
5: WorkflowInstance "ExecuteAdapterflowDefinitionActivity" is Completed</StdOut>
      </Output>
    </UnitTestResult>
    <UnitTestResult executionId="48461f1f-0281-48a5-99fd-fded1b8aac4f" testId="682ec8b4-8eff-5c1c-781d-9945dbb84a88" testName="Invoke_LongRunning_ActivityClosed" computerName="ICSWS068" duration="00:00:00.0046784" startTime="2016-08-04T09:58:33.8451846+02:00" endTime="2016-08-04T09:58:33.8511889+02:00" testType="13cdc9d9-ddb5-4fa4-a97d-d965ccfc6d4b" outcome="Passed" testListId="8c84fa94-04c1-424b-9868-57a2d4851a1d" relativeResultsDirectory="48461f1f-0281-48a5-99fd-fded1b8aac4f">
      <Output>
        <StdOut>Debug Trace:
0: WorkflowInstance "ExecuteAdapterflowDefinitionActivity" is Started
1: Activity [null] "null" scheduled child activity [1] "ExecuteAdapterflowDefinitionActivity"
2: Activity [1] "ExecuteAdapterflowDefinitionActivity" is Executing
{
    Arguments
        IsLongRunning: True
        AdapterflowId: 7d22a89f-1f22-4a19-a3d0-458203681af2
        InitParam: some init parameters
        RunParam: some run parameters
        EventParam: some event parameters
        NodeId: 9223372036854774807
}
3: WorkflowInstance "ExecuteAdapterflowDefinitionActivity" is Idle
4: Bookmark "24e9f5d2-74af-4790-95cc-3a98490264aa" resumed with payload &lt;iCore.Workflow.Activities.iCPS.ComponentExecuteResult&gt; owner [1] "ExecuteAdapterflowDefinitionActivity"
5: CustomTrackingRecord [1] "iCPSTraceTrackingRecord"
6: Activity [1] "ExecuteAdapterflowDefinitionActivity" is Closed
{
    Arguments
        IsLongRunning: True
        Result: an expected return value
        AdapterflowId: 7d22a89f-1f22-4a19-a3d0-458203681af2
        InitParam: some init parameters
        RunParam: some run parameters
        EventParam: some event parameters
        NodeId: 9223372036854774807
}
7: WorkflowInstance "ExecuteAdapterflowDefinitionActivity" is Completed</StdOut>
      </Output>
    </UnitTestResult>
    <UnitTestResult executionId="ddf8e1b8-6697-43e0-928e-fec4e3af178c" testId="072aed82-6b21-4ab5-e184-4b5301abe6ed" testName="Invoke_LongRunningResumeWithStringAsValue_ActivityThrows" computerName="ICSWS068" duration="00:00:00.0046690" startTime="2016-08-04T09:58:33.8536938+02:00" endTime="2016-08-04T09:58:33.8602002+02:00" testType="13cdc9d9-ddb5-4fa4-a97d-d965ccfc6d4b" outcome="Passed" testListId="8c84fa94-04c1-424b-9868-57a2d4851a1d" relativeResultsDirectory="ddf8e1b8-6697-43e0-928e-fec4e3af178c">
      <Output>
        <StdOut>Debug Trace:
0: WorkflowInstance "ExecuteAdapterflowDefinitionActivity" is Started
1: Activity [null] "null" scheduled child activity [1] "ExecuteAdapterflowDefinitionActivity"
2: Activity [1] "ExecuteAdapterflowDefinitionActivity" is Executing
{
    Arguments
        IsLongRunning: True
        AdapterflowId: 144b33eb-b420-43d8-b154-83312a87e79c
        InitParam: some init parameters
        RunParam: some run parameters
        EventParam: some event parameters
        NodeId: 9223372036854774807
}
3: WorkflowInstance "ExecuteAdapterflowDefinitionActivity" is Idle
4: Bookmark "0acb7327-5203-4cbc-b7fa-182e9d160441" resumed with payload &lt;teststring&gt; owner [1] "ExecuteAdapterflowDefinitionActivity"
5: CustomTrackingRecord [1] "iCPSTraceTrackingRecord"
6: Activity [1] "ExecuteAdapterflowDefinitionActivity" is Faulted
{
    Arguments
        IsLongRunning: True
        Result: 
        AdapterflowId: 144b33eb-b420-43d8-b154-83312a87e79c
        InitParam: some init parameters
        RunParam: some run parameters
        EventParam: some event parameters
        NodeId: 9223372036854774807
}
7: Fault source [1] "ExecuteAdapterflowDefinitionActivity"
8: WorkflowInstance "ExecuteAdapterflowDefinitionActivity" Unhandled Exception Source "ExecuteAdapterflowDefinitionActivity" Exception &lt;System.ArgumentException: Received result was not of a valid type. Type recieved was String. Expected types are iCore.Workflow.Activities.iCPS.ComponentExecuteResult or System.Exception
   at iCore.Workflow.Activities.iCPS.ExecuteAdapterflowDefinitionActivity.SetResult(NativeActivityContext context, Object result)
   at iCore.Workflow.Activities.iCPS.ExecuteAdapterflowDefinitionActivity.OnExecutionDone(NativeActivityContext context, Bookmark bookmark, Object value)
   at System.Activities.Runtime.BookmarkCallbackWrapper.Invoke(NativeActivityContext context, Bookmark bookmark, Object value)
   at System.Activities.Runtime.BookmarkWorkItem.Execute(ActivityExecutor executor, BookmarkManager bookmarkManager)&gt;
9: WorkflowInstance Aborted [ExecuteAdapterflowDefinitionActivity] Reason "Received result was not of a valid type. Type recieved was String. Expected types are iCore.Workflow.Activities.iCPS.ComponentExecuteResult or System.Exception"</StdOut>
      </Output>
    </UnitTestResult>
    <UnitTestResult executionId="bc3f7513-2c0a-4f13-9701-51142eb6e1ba" testId="fc7b9cf2-4f2f-0d8a-eba9-5ab9fb9d6f18" testName="Invoke_LongRunning_ActivityBecomesIdle" computerName="ICSWS068" duration="00:00:00.0021521" startTime="2016-08-04T09:58:33.8629796+02:00" endTime="2016-08-04T09:58:33.8664842+02:00" testType="13cdc9d9-ddb5-4fa4-a97d-d965ccfc6d4b" outcome="Passed" testListId="8c84fa94-04c1-424b-9868-57a2d4851a1d" relativeResultsDirectory="bc3f7513-2c0a-4f13-9701-51142eb6e1ba">
      <Output>
        <StdOut>Debug Trace:
0: WorkflowInstance "ExecuteAdapterflowDefinitionActivity" is Started
1: Activity [null] "null" scheduled child activity [1] "ExecuteAdapterflowDefinitionActivity"
2: Activity [1] "ExecuteAdapterflowDefinitionActivity" is Executing
{
    Arguments
        IsLongRunning: True
        AdapterflowId: db2d20d1-8682-4e4c-a6ce-78f355e61cb2
        InitParam: some init parameters
        RunParam: some run parameters
        EventParam: some event parameters
        NodeId: 9223372036854774807
}
3: WorkflowInstance "ExecuteAdapterflowDefinitionActivity" is Idle</StdOut>
      </Output>
    </UnitTestResult>
    <UnitTestResult executionId="bf83a7cb-8f1f-45f3-a2f2-0a0b2c55c7fe" testId="1d24b5a7-2607-fe9d-7025-576cce3901c3" testName="Invoke_LongRunning_ActivityCanResumeBookmark" computerName="ICSWS068" duration="00:00:00.0032653" startTime="2016-08-04T09:58:33.8689854+02:00" endTime="2016-08-04T09:58:33.8734929+02:00" testType="13cdc9d9-ddb5-4fa4-a97d-d965ccfc6d4b" outcome="Passed" testListId="8c84fa94-04c1-424b-9868-57a2d4851a1d" relativeResultsDirectory="bf83a7cb-8f1f-45f3-a2f2-0a0b2c55c7fe">
      <Output>
        <StdOut>Debug Trace:
0: WorkflowInstance "ExecuteAdapterflowDefinitionActivity" is Started
1: Activity [null] "null" scheduled child activity [1] "ExecuteAdapterflowDefinitionActivity"
2: Activity [1] "ExecuteAdapterflowDefinitionActivity" is Executing
{
    Arguments
        IsLongRunning: True
        AdapterflowId: 2cbb25a7-a72e-4abd-a8d4-b0871ac55ff6
        InitParam: some init parameters
        RunParam: some run parameters
        EventParam: some event parameters
        NodeId: 9223372036854774807
}
3: WorkflowInstance "ExecuteAdapterflowDefinitionActivity" is Idle
4: Bookmark "091f0491-70bc-48e0-a342-d58a08548936" resumed with payload &lt;iCore.Workflow.Activities.iCPS.ComponentExecuteResult&gt; owner [1] "ExecuteAdapterflowDefinitionActivity"</StdOut>
      </Output>
    </UnitTestResult>
    <UnitTestResult executionId="c18b8c97-4af3-43e5-8f7a-248bedb9f3e2" testId="f73b58f0-d7dc-c5a1-2acd-912e4f2151c0" testName="Invoke_LongRunning_ActivityLogsOnJob" computerName="ICSWS068" duration="00:00:00.0056245" startTime="2016-08-04T09:58:33.8759952+02:00" endTime="2016-08-04T09:58:33.8829798+02:00" testType="13cdc9d9-ddb5-4fa4-a97d-d965ccfc6d4b" outcome="Passed" testListId="8c84fa94-04c1-424b-9868-57a2d4851a1d" relativeResultsDirectory="c18b8c97-4af3-43e5-8f7a-248bedb9f3e2">
      <Output>
        <StdOut>Debug Trace:
0: WorkflowInstance "ExecuteAdapterflowDefinitionActivity" is Started
1: Activity [null] "null" scheduled child activity [1] "ExecuteAdapterflowDefinitionActivity"
2: Activity [1] "ExecuteAdapterflowDefinitionActivity" is Executing
{
    Arguments
        IsLongRunning: True
        AdapterflowId: 59e5f3cd-10ad-40bd-98c9-96676cbda5a6
        InitParam: some init parameters
        RunParam: some run parameters
        EventParam: some event parameters
        NodeId: 9223372036854774807
}
3: WorkflowInstance "ExecuteAdapterflowDefinitionActivity" is Idle
4: Bookmark "f379057b-4048-42e7-b928-9bf3d482670b" resumed with payload &lt;iCore.Workflow.Activities.iCPS.ComponentExecuteResult&gt; owner [1] "ExecuteAdapterflowDefinitionActivity"
5: CustomTrackingRecord [1] "iCPSTraceTrackingRecord"
6: Activity [1] "ExecuteAdapterflowDefinitionActivity" is Closed
{
    Arguments
        IsLongRunning: True
        Result: an expected return value
        AdapterflowId: 59e5f3cd-10ad-40bd-98c9-96676cbda5a6
        InitParam: some init parameters
        RunParam: some run parameters
        EventParam: some event parameters
        NodeId: 9223372036854774807
}
7: WorkflowInstance "ExecuteAdapterflowDefinitionActivity" is Completed</StdOut>
      </Output>
    </UnitTestResult>
    <UnitTestResult executionId="feb2cd43-3456-42cc-a22c-9dd85f078902" testId="d83133cd-2269-c35b-8ba5-08e81802e7e7" testName="Invoke_LongRunning_ActivityInvokesExecuteAdapterflowCompAsync" computerName="ICSWS068" duration="00:00:00.0053497" startTime="2016-08-04T09:58:33.8859845+02:00" endTime="2016-08-04T09:58:33.8925046+02:00" testType="13cdc9d9-ddb5-4fa4-a97d-d965ccfc6d4b" outcome="Passed" testListId="8c84fa94-04c1-424b-9868-57a2d4851a1d" relativeResultsDirectory="feb2cd43-3456-42cc-a22c-9dd85f078902">
      <Output>
        <StdOut>Debug Trace:
0: WorkflowInstance "ExecuteAdapterflowDefinitionActivity" is Started
1: Activity [null] "null" scheduled child activity [1] "ExecuteAdapterflowDefinitionActivity"
2: Activity [1] "ExecuteAdapterflowDefinitionActivity" is Executing
{
    Arguments
        IsLongRunning: True
        AdapterflowId: 56ff7f8b-b783-4a36-8e8c-e1df7bc74a13
        InitParam: some init parameters
        RunParam: some run parameters
        EventParam: some event parameters
        NodeId: 9223372036854774807
}
3: WorkflowInstance "ExecuteAdapterflowDefinitionActivity" is Idle</StdOut>
      </Output>
    </UnitTestResult>
    <UnitTestResult executionId="4de41435-efcc-491e-967d-f44e9652c13e" testId="6815f00b-1690-7e06-6e54-a2c4ec146288" testName="Invoke_NonLongRunning_ActivityInvokesExecuteAdapterflowCompSync" computerName="ICSWS068" duration="00:00:00.0052488" startTime="2016-08-04T09:58:33.8950072+02:00" endTime="2016-08-04T09:58:33.9014945+02:00" testType="13cdc9d9-ddb5-4fa4-a97d-d965ccfc6d4b" outcome="Passed" testListId="8c84fa94-04c1-424b-9868-57a2d4851a1d" relativeResultsDirectory="4de41435-efcc-491e-967d-f44e9652c13e">
      <Output>
        <StdOut>Debug Trace:
0: WorkflowInstance "ExecuteAdapterflowDefinitionActivity" is Started
1: Activity [null] "null" scheduled child activity [1] "ExecuteAdapterflowDefinitionActivity"
2: Activity [1] "ExecuteAdapterflowDefinitionActivity" is Executing
{
    Arguments
        IsLongRunning: False
        AdapterflowId: 6e212720-361f-44fa-af62-7b5a5eef0f29
        InitParam: some init parameters
        RunParam: some run parameters
        EventParam: some event parameters
        NodeId: 9223372036854774807
}
3: CustomTrackingRecord [1] "iCPSTraceTrackingRecord"
4: Activity [1] "ExecuteAdapterflowDefinitionActivity" is Closed
{
    Arguments
        IsLongRunning: False
        Result: an expected return value
        AdapterflowId: 6e212720-361f-44fa-af62-7b5a5eef0f29
        InitParam: some init parameters
        RunParam: some run parameters
        EventParam: some event parameters
        NodeId: 9223372036854774807
}
5: WorkflowInstance "ExecuteAdapterflowDefinitionActivity" is Completed</StdOut>
      </Output>
    </UnitTestResult>
    <UnitTestResult executionId="10cbd687-bf08-4b67-8912-b33643c340c7" testId="cc3dee1a-779e-6bdd-2013-016f19d7eed5" testName="Invoke_LongRunning_ActivitySetsResult" computerName="ICSWS068" duration="00:00:00.0047532" startTime="2016-08-04T09:58:33.9044968+02:00" endTime="2016-08-04T09:58:33.9105011+02:00" testType="13cdc9d9-ddb5-4fa4-a97d-d965ccfc6d4b" outcome="Passed" testListId="8c84fa94-04c1-424b-9868-57a2d4851a1d" relativeResultsDirectory="10cbd687-bf08-4b67-8912-b33643c340c7">
      <Output>
        <StdOut>Debug Trace:
0: WorkflowInstance "ExecuteAdapterflowDefinitionActivity" is Started
1: Activity [null] "null" scheduled child activity [1] "ExecuteAdapterflowDefinitionActivity"
2: Activity [1] "ExecuteAdapterflowDefinitionActivity" is Executing
{
    Arguments
        IsLongRunning: True
        AdapterflowId: 10eab063-c842-47df-ac51-952e1d2bf249
        InitParam: some init parameters
        RunParam: some run parameters
        EventParam: some event parameters
        NodeId: 9223372036854774807
}
3: WorkflowInstance "ExecuteAdapterflowDefinitionActivity" is Idle
4: Bookmark "ebe138e9-fcfa-40a8-94b0-117dc66ae5a1" resumed with payload &lt;iCore.Workflow.Activities.iCPS.ComponentExecuteResult&gt; owner [1] "ExecuteAdapterflowDefinitionActivity"
5: CustomTrackingRecord [1] "iCPSTraceTrackingRecord"
6: Activity [1] "ExecuteAdapterflowDefinitionActivity" is Closed
{
    Arguments
        IsLongRunning: True
        Result: an expected return value
        AdapterflowId: 10eab063-c842-47df-ac51-952e1d2bf249
        InitParam: some init parameters
        RunParam: some run parameters
        EventParam: some event parameters
        NodeId: 9223372036854774807
}
7: WorkflowInstance "ExecuteAdapterflowDefinitionActivity" is Completed</StdOut>
      </Output>
    </UnitTestResult>
    <UnitTestResult executionId="1ded9351-cdd7-4d62-8aa6-933b45c76b70" testId="deaef27d-8aa6-7162-4b49-ef7fd587d1ce" testName="Invoke_NonLongRunningSystemShutdown_ActivityIsNotCanceledDuringExecuiton" computerName="ICSWS068" duration="00:00:03.0056309" startTime="2016-08-04T09:58:33.9130412+02:00" endTime="2016-08-04T09:58:36.9200854+02:00" testType="13cdc9d9-ddb5-4fa4-a97d-d965ccfc6d4b" outcome="Passed" testListId="8c84fa94-04c1-424b-9868-57a2d4851a1d" relativeResultsDirectory="1ded9351-cdd7-4d62-8aa6-933b45c76b70">
      <Output>
        <StdOut>Debug Trace:
0: WorkflowInstance "ExecuteAdapterflowDefinitionActivity" is Started
1: Activity [null] "null" scheduled child activity [1] "ExecuteAdapterflowDefinitionActivity"
2: Activity [1] "ExecuteAdapterflowDefinitionActivity" is Executing
{
    Arguments
        IsLongRunning: False
        AdapterflowId: 8fb9e538-17ec-4019-9a5c-2633ef764f55
        InitParam: some init parameters
        RunParam: some run parameters
        EventParam: some event parameters
        NodeId: 9223372036854774807
}
3: CustomTrackingRecord [1] "iCPSTraceTrackingRecord"
4: Activity [1] "ExecuteAdapterflowDefinitionActivity" is Closed
{
    Arguments
        IsLongRunning: False
        Result: an expected return value
        AdapterflowId: 8fb9e538-17ec-4019-9a5c-2633ef764f55
        InitParam: some init parameters
        RunParam: some run parameters
        EventParam: some event parameters
        NodeId: 9223372036854774807
}
5: WorkflowInstance "ExecuteAdapterflowDefinitionActivity" is Completed</StdOut>
      </Output>
    </UnitTestResult>
    <UnitTestResult executionId="cde85aed-4295-451e-9403-4fb7e1f88aca" testId="6c0d13ec-34e6-663d-b47e-f76887bcaa9b" testName="Invoke_LongRunningSystemShutDown_ActicityIsCanceled" computerName="ICSWS068" duration="00:00:00.0033104" startTime="2016-08-04T09:58:36.9247856+02:00" endTime="2016-08-04T09:58:36.9298066+02:00" testType="13cdc9d9-ddb5-4fa4-a97d-d965ccfc6d4b" outcome="Passed" testListId="8c84fa94-04c1-424b-9868-57a2d4851a1d" relativeResultsDirectory="cde85aed-4295-451e-9403-4fb7e1f88aca">
      <Output>
        <StdOut>Debug Trace:
0: WorkflowInstance "ExecuteAdapterflowDefinitionActivity" is Started
1: Activity [null] "null" scheduled child activity [1] "ExecuteAdapterflowDefinitionActivity"
2: Activity [1] "ExecuteAdapterflowDefinitionActivity" is Executing
{
    Arguments
        IsLongRunning: True
        AdapterflowId: 257305ae-0e59-4ade-a85d-92585ddcb261
        InitParam: some init parameters
        RunParam: some run parameters
        EventParam: some event parameters
        NodeId: 9223372036854774807
}
3: WorkflowInstance "ExecuteAdapterflowDefinitionActivity" is Idle
4: Host requests cancel of activity [1] "ExecuteAdapterflowDefinitionActivity"
5: Activity [1] "ExecuteAdapterflowDefinitionActivity" is Canceled
{
    Arguments
        IsLongRunning: True
        Result: 
        AdapterflowId: 257305ae-0e59-4ade-a85d-92585ddcb261
        InitParam: some init parameters
        RunParam: some run parameters
        EventParam: some event parameters
        NodeId: 9223372036854774807
}
6: WorkflowInstance "ExecuteAdapterflowDefinitionActivity" is Canceled</StdOut>
      </Output>
    </UnitTestResult>
    <UnitTestResult executionId="ccf8a045-2f5d-4b77-b59a-0b18946ccd54" testId="8afed5b3-3bf6-9845-0f19-15eb7832aa84" testName="Invoke_LongRunningSystemShutDown_ActicityInvokesCancelProcessingOnce" computerName="ICSWS068" duration="00:00:00.0033016" startTime="2016-08-04T09:58:36.9322916+02:00" endTime="2016-08-04T09:58:36.9371528+02:00" testType="13cdc9d9-ddb5-4fa4-a97d-d965ccfc6d4b" outcome="Passed" testListId="8c84fa94-04c1-424b-9868-57a2d4851a1d" relativeResultsDirectory="ccf8a045-2f5d-4b77-b59a-0b18946ccd54">
      <Output>
        <StdOut>Debug Trace:
0: WorkflowInstance "ExecuteAdapterflowDefinitionActivity" is Started
1: Activity [null] "null" scheduled child activity [1] "ExecuteAdapterflowDefinitionActivity"
2: Activity [1] "ExecuteAdapterflowDefinitionActivity" is Executing
{
    Arguments
        IsLongRunning: True
        AdapterflowId: 0e341d7d-4855-4f5b-b729-db48876eb794
        InitParam: some init parameters
        RunParam: some run parameters
        EventParam: some event parameters
        NodeId: 9223372036854774807
}
3: WorkflowInstance "ExecuteAdapterflowDefinitionActivity" is Idle
4: Host requests cancel of activity [1] "ExecuteAdapterflowDefinitionActivity"
5: Activity [1] "ExecuteAdapterflowDefinitionActivity" is Canceled
{
    Arguments
        IsLongRunning: True
        Result: 
        AdapterflowId: 0e341d7d-4855-4f5b-b729-db48876eb794
        InitParam: some init parameters
        RunParam: some run parameters
        EventParam: some event parameters
        NodeId: 9223372036854774807
}
6: WorkflowInstance "ExecuteAdapterflowDefinitionActivity" is Canceled</StdOut>
      </Output>
    </UnitTestResult>
    <UnitTestResult executionId="5667a2a0-4cb0-49d1-93bb-818f54c8c904" testId="fe9493c9-5e44-85dc-a202-12a16500f21f" testName="Invoke_CanceledActivity_CanNotResume" computerName="ICSWS068" duration="00:00:00.0031802" startTime="2016-08-04T09:58:36.9396551+02:00" endTime="2016-08-04T09:58:36.9442093+02:00" testType="13cdc9d9-ddb5-4fa4-a97d-d965ccfc6d4b" outcome="Passed" testListId="8c84fa94-04c1-424b-9868-57a2d4851a1d" relativeResultsDirectory="5667a2a0-4cb0-49d1-93bb-818f54c8c904">
      <Output>
        <StdOut>Debug Trace:
0: WorkflowInstance "ExecuteAdapterflowDefinitionActivity" is Started
1: Activity [null] "null" scheduled child activity [1] "ExecuteAdapterflowDefinitionActivity"
2: Activity [1] "ExecuteAdapterflowDefinitionActivity" is Executing
{
    Arguments
        IsLongRunning: True
        AdapterflowId: f869a230-3f9b-4bb3-8a1b-0a702366db9b
        InitParam: some init parameters
        RunParam: some run parameters
        EventParam: some event parameters
        NodeId: 9223372036854774807
}
3: WorkflowInstance "ExecuteAdapterflowDefinitionActivity" is Idle
4: Host requests cancel of activity [1] "ExecuteAdapterflowDefinitionActivity"
5: Activity [1] "ExecuteAdapterflowDefinitionActivity" is Canceled
{
    Arguments
        IsLongRunning: True
        Result: 
        AdapterflowId: f869a230-3f9b-4bb3-8a1b-0a702366db9b
        InitParam: some init parameters
        RunParam: some run parameters
        EventParam: some event parameters
        NodeId: 9223372036854774807
}
6: WorkflowInstance "ExecuteAdapterflowDefinitionActivity" is Canceled</StdOut>
      </Output>
    </UnitTestResult>
    <UnitTestResult executionId="28b20922-57e8-4dc5-94ef-29eec7a2f33f" testId="77720005-2405-25ba-e8cc-458965ca9b5e" testName="Invoke_NonLongRunningExecutionReturnsError_ThrowsTestException" computerName="ICSWS068" duration="00:00:00.0034263" startTime="2016-08-04T09:58:36.9472113+02:00" endTime="2016-08-04T09:58:36.9517291+02:00" testType="13cdc9d9-ddb5-4fa4-a97d-d965ccfc6d4b" outcome="Passed" testListId="8c84fa94-04c1-424b-9868-57a2d4851a1d" relativeResultsDirectory="28b20922-57e8-4dc5-94ef-29eec7a2f33f">
      <Output>
        <StdOut>Debug Trace:
0: WorkflowInstance "ExecuteAdapterflowDefinitionActivity" is Started
1: Activity [null] "null" scheduled child activity [1] "ExecuteAdapterflowDefinitionActivity"
2: Activity [1] "ExecuteAdapterflowDefinitionActivity" is Executing
{
    Arguments
        IsLongRunning: False
        AdapterflowId: ef0b9696-65ed-462f-8be9-e0f65d351b9c
        InitParam: some init parameters
        RunParam: some run parameters
        EventParam: some event parameters
        NodeId: 9223372036854774807
}
3: Activity [1] "ExecuteAdapterflowDefinitionActivity" is Faulted
{
    Arguments
        IsLongRunning: False
        Result: 
        AdapterflowId: ef0b9696-65ed-462f-8be9-e0f65d351b9c
        InitParam: some init parameters
        RunParam: some run parameters
        EventParam: some event parameters
        NodeId: 9223372036854774807
}
4: Fault source [1] "ExecuteAdapterflowDefinitionActivity"
5: WorkflowInstance "ExecuteAdapterflowDefinitionActivity" Unhandled Exception Source "ExecuteAdapterflowDefinitionActivity" Exception &lt;Testing.Common.TestException: Test exception
   at Moq.MethodCall.Execute(ICallContext call)
   at Moq.MethodCallReturn`2.Execute(ICallContext call)
   at Moq.ExecuteCall.HandleIntercept(ICallContext invocation, InterceptorContext ctx, CurrentInterceptContext localctx)
   at Moq.Interceptor.Intercept(ICallContext invocation)
   at Moq.Proxy.CastleProxyFactory.Interceptor.Intercept(IInvocation invocation)
   at Castle.DynamicProxy.AbstractInvocation.Proceed()
   at Castle.Proxies.IExecuteComponentExtensionProxy.ExecuteComponentSync(Guid workflowInstanceId, ExecuteInfo executeInfo)
   at iCore.Workflow.Activities.iCPS.ExecuteAdapterflowDefinitionActivity.Execute(NativeActivityContext context)
   at System.Activities.NativeActivity`1.InternalExecute(ActivityInstance instance, ActivityExecutor executor, BookmarkManager bookmarkManager)
   at System.Activities.ActivityInstance.Execute(ActivityExecutor executor, BookmarkManager bookmarkManager)
   at System.Activities.Runtime.ActivityExecutor.ExecuteActivityWorkItem.ExecuteBody(ActivityExecutor executor, BookmarkManager bookmarkManager, Location resultLocation)&gt;
6: WorkflowInstance "ExecuteAdapterflowDefinitionActivity" Terminated Reason "Test exception"</StdOut>
      </Output>
    </UnitTestResult>
    <UnitTestResult executionId="a028221e-2d46-4ed5-8cc4-2b8b5ba5fa00" testId="e696b5f8-cd33-da6a-7425-28488e675e3b" testName="Invoke_LongRunningExecutionReturnsError_ThrowsTestException" computerName="ICSWS068" duration="00:00:00.0051315" startTime="2016-08-04T09:58:36.9544352+02:00" endTime="2016-08-04T09:58:36.9609556+02:00" testType="13cdc9d9-ddb5-4fa4-a97d-d965ccfc6d4b" outcome="Passed" testListId="8c84fa94-04c1-424b-9868-57a2d4851a1d" relativeResultsDirectory="a028221e-2d46-4ed5-8cc4-2b8b5ba5fa00">
      <Output>
        <StdOut>Debug Trace:
0: WorkflowInstance "ExecuteAdapterflowDefinitionActivity" is Started
1: Activity [null] "null" scheduled child activity [1] "ExecuteAdapterflowDefinitionActivity"
2: Activity [1] "ExecuteAdapterflowDefinitionActivity" is Executing
{
    Arguments
        IsLongRunning: True
        AdapterflowId: 00cb12d6-91a9-45ea-88d9-27123d88f9e4
        InitParam: some init parameters
        RunParam: some run parameters
        EventParam: some event parameters
        NodeId: 9223372036854774807
}
3: WorkflowInstance "ExecuteAdapterflowDefinitionActivity" is Idle
4: Bookmark "bb51e490-8508-48d1-9ed9-d26e0a5632e1" resumed with payload &lt;Testing.Common.TestException: Adapterflow execution failed.
   at iCore.Workflow.Activities.iCPS.ExecuteAdapterflowDefinitionActivity.SetResult(NativeActivityContext context, Object result)
   at iCore.Workflow.Activities.iCPS.ExecuteAdapterflowDefinitionActivity.OnExecutionDone(NativeActivityContext context, Bookmark bookmark, Object value)
   at System.Activities.Runtime.BookmarkCallbackWrapper.Invoke(NativeActivityContext context, Bookmark bookmark, Object value)
   at System.Activities.Runtime.BookmarkWorkItem.Execute(ActivityExecutor executor, BookmarkManager bookmarkManager)&gt; owner [1] "ExecuteAdapterflowDefinitionActivity"
5: CustomTrackingRecord [1] "iCPSTraceTrackingRecord"
6: Activity [1] "ExecuteAdapterflowDefinitionActivity" is Faulted
{
    Arguments
        IsLongRunning: True
        Result: 
        AdapterflowId: 00cb12d6-91a9-45ea-88d9-27123d88f9e4
        InitParam: some init parameters
        RunParam: some run parameters
        EventParam: some event parameters
        NodeId: 9223372036854774807
}
7: Fault source [1] "ExecuteAdapterflowDefinitionActivity"
8: WorkflowInstance "ExecuteAdapterflowDefinitionActivity" Unhandled Exception Source "ExecuteAdapterflowDefinitionActivity" Exception &lt;Testing.Common.TestException: Adapterflow execution failed.
   at iCore.Workflow.Activities.iCPS.ExecuteAdapterflowDefinitionActivity.SetResult(NativeActivityContext context, Object result)
   at iCore.Workflow.Activities.iCPS.ExecuteAdapterflowDefinitionActivity.OnExecutionDone(NativeActivityContext context, Bookmark bookmark, Object value)
   at System.Activities.Runtime.BookmarkCallbackWrapper.Invoke(NativeActivityContext context, Bookmark bookmark, Object value)
   at System.Activities.Runtime.BookmarkWorkItem.Execute(ActivityExecutor executor, BookmarkManager bookmarkManager)&gt;
9: WorkflowInstance "ExecuteAdapterflowDefinitionActivity" Terminated Reason "Adapterflow execution failed."</StdOut>
      </Output>
    </UnitTestResult>
    <UnitTestResult executionId="f56bfc79-3ada-4e0a-b33d-ddd6ba8f109f" testId="2aa7469a-5368-bbaa-6df4-c0079548bddd" testName="Invoke_RequiredExtensionISystemContextIsMissing_ThrowsValidationException" computerName="ICSWS068" duration="00:00:00.0029720" startTime="2016-08-04T09:58:36.9644474+02:00" endTime="2016-08-04T09:58:36.9689517+02:00" testType="13cdc9d9-ddb5-4fa4-a97d-d965ccfc6d4b" outcome="Passed" testListId="8c84fa94-04c1-424b-9868-57a2d4851a1d" relativeResultsDirectory="f56bfc79-3ada-4e0a-b33d-ddd6ba8f109f" />
    <UnitTestResult executionId="200e0f74-cdfc-42cb-ae09-c1b489b3b765" testId="2240f49e-2906-611d-229b-4dbb993e4e2e" testName="Invoke_RequiredExtensionIWorkflowExecuteContextProviderIsMissing_ThrowsValidationException" computerName="ICSWS068" duration="00:00:00.0030817" startTime="2016-08-04T09:58:36.9714528+02:00" endTime="2016-08-04T09:58:36.9754580+02:00" testType="13cdc9d9-ddb5-4fa4-a97d-d965ccfc6d4b" outcome="Passed" testListId="8c84fa94-04c1-424b-9868-57a2d4851a1d" relativeResultsDirectory="200e0f74-cdfc-42cb-ae09-c1b489b3b765" />
    <UnitTestResult executionId="902d93a1-c206-405a-8acd-aaa4457f0c6a" testId="6cdd0dd1-d1f3-8ed6-fbdc-4c6212939182" testName="Invoke_RequiredExtensionIExecuteComponentExtensionIsMissing_ThrowsValidationException" computerName="ICSWS068" duration="00:00:00.0029289" startTime="2016-08-04T09:58:36.9784597+02:00" endTime="2016-08-04T09:58:36.9819638+02:00" testType="13cdc9d9-ddb5-4fa4-a97d-d965ccfc6d4b" outcome="Passed" testListId="8c84fa94-04c1-424b-9868-57a2d4851a1d" relativeResultsDirectory="902d93a1-c206-405a-8acd-aaa4457f0c6a" />
    <UnitTestResult executionId="98742e74-6a34-4203-86df-a3be8b351cfb" testId="e84b4b14-0447-54b4-84f9-7f586dde2ed5" testName="Invoke_OmitDefaultInArgumentInitParam_DefaultIsEmptyString" computerName="ICSWS068" duration="00:00:00.0033415" startTime="2016-08-04T09:58:36.9849848+02:00" endTime="2016-08-04T09:58:36.9899774+02:00" testType="13cdc9d9-ddb5-4fa4-a97d-d965ccfc6d4b" outcome="Passed" testListId="8c84fa94-04c1-424b-9868-57a2d4851a1d" relativeResultsDirectory="98742e74-6a34-4203-86df-a3be8b351cfb">
      <Output>
        <StdOut>Debug Trace:
0: WorkflowInstance "ExecuteAdapterflowDefinitionActivity" is Started
1: Activity [null] "null" scheduled child activity [1] "ExecuteAdapterflowDefinitionActivity"
2: Activity [1] "ExecuteAdapterflowDefinitionActivity" is Executing
{
    Arguments
        IsLongRunning: True
        AdapterflowId: a4ab902d-888f-4b45-ba94-a5b9c04660ae
        InitParam: 
        RunParam: some run parameters
        EventParam: some event parameters
        NodeId: 9223372036854774807
}
3: WorkflowInstance "ExecuteAdapterflowDefinitionActivity" is Idle
4: Bookmark "3ad56410-16f2-434e-b0ef-4579ba446fcc" resumed with payload &lt;iCore.Workflow.Activities.iCPS.ComponentExecuteResult&gt; owner [1] "ExecuteAdapterflowDefinitionActivity"
5: CustomTrackingRecord [1] "iCPSTraceTrackingRecord"
6: Activity [1] "ExecuteAdapterflowDefinitionActivity" is Closed
{
    Arguments
        IsLongRunning: True
        Result: an expected return value
        AdapterflowId: a4ab902d-888f-4b45-ba94-a5b9c04660ae
        InitParam: 
        RunParam: some run parameters
        EventParam: some event parameters
        NodeId: 9223372036854774807
}
7: WorkflowInstance "ExecuteAdapterflowDefinitionActivity" is Completed</StdOut>
      </Output>
    </UnitTestResult>
    <UnitTestResult executionId="c88d88f7-59f3-4c52-834d-46eb8415bf03" testId="b8639911-e07b-c110-5a16-404058435831" testName="Invoke_OmitDefaultInArgumentEventParam_DefaultIsEmptyString" computerName="ICSWS068" duration="00:00:00.0034544" startTime="2016-08-04T09:58:36.9924956+02:00" endTime="2016-08-04T09:58:36.9969776+02:00" testType="13cdc9d9-ddb5-4fa4-a97d-d965ccfc6d4b" outcome="Passed" testListId="8c84fa94-04c1-424b-9868-57a2d4851a1d" relativeResultsDirectory="c88d88f7-59f3-4c52-834d-46eb8415bf03">
      <Output>
        <StdOut>Debug Trace:
0: WorkflowInstance "ExecuteAdapterflowDefinitionActivity" is Started
1: Activity [null] "null" scheduled child activity [1] "ExecuteAdapterflowDefinitionActivity"
2: Activity [1] "ExecuteAdapterflowDefinitionActivity" is Executing
{
    Arguments
        IsLongRunning: True
        AdapterflowId: a1418a31-fe31-4285-a305-aacb500ecfd6
        InitParam: some init parameters
        RunParam: some run parameters
        EventParam: 
        NodeId: 9223372036854774807
}
3: WorkflowInstance "ExecuteAdapterflowDefinitionActivity" is Idle
4: Bookmark "feeebc3a-79ad-4917-bef0-6416cd5a1f87" resumed with payload &lt;iCore.Workflow.Activities.iCPS.ComponentExecuteResult&gt; owner [1] "ExecuteAdapterflowDefinitionActivity"
5: CustomTrackingRecord [1] "iCPSTraceTrackingRecord"
6: Activity [1] "ExecuteAdapterflowDefinitionActivity" is Closed
{
    Arguments
        IsLongRunning: True
        Result: an expected return value
        AdapterflowId: a1418a31-fe31-4285-a305-aacb500ecfd6
        InitParam: some init parameters
        RunParam: some run parameters
        EventParam: 
        NodeId: 9223372036854774807
}
7: WorkflowInstance "ExecuteAdapterflowDefinitionActivity" is Completed</StdOut>
      </Output>
    </UnitTestResult>
    <UnitTestResult executionId="58865c05-9c4f-42b7-8410-3824f5503440" testId="2d446096-ce18-d602-59a5-9217866b5c27" testName="Invoke_OmitDefaultInArgumentRunParam_DefaultIsEmptyString" computerName="ICSWS068" duration="00:00:00.0035198" startTime="2016-08-04T09:58:36.9999796+02:00" endTime="2016-08-04T09:58:37.0049819+02:00" testType="13cdc9d9-ddb5-4fa4-a97d-d965ccfc6d4b" outcome="Passed" testListId="8c84fa94-04c1-424b-9868-57a2d4851a1d" relativeResultsDirectory="58865c05-9c4f-42b7-8410-3824f5503440">
      <Output>
        <StdOut>Debug Trace:
0: WorkflowInstance "ExecuteAdapterflowDefinitionActivity" is Started
1: Activity [null] "null" scheduled child activity [1] "ExecuteAdapterflowDefinitionActivity"
2: Activity [1] "ExecuteAdapterflowDefinitionActivity" is Executing
{
    Arguments
        IsLongRunning: True
        AdapterflowId: 833f7471-6068-4478-8d67-2e7048b0bcd3
        InitParam: some init parameters
        RunParam: 
        EventParam: some event parameters
        NodeId: 9223372036854774807
}
3: WorkflowInstance "ExecuteAdapterflowDefinitionActivity" is Idle
4: Bookmark "bfe9916c-95e9-41f3-b1f9-ba469f57389c" resumed with payload &lt;iCore.Workflow.Activities.iCPS.ComponentExecuteResult&gt; owner [1] "ExecuteAdapterflowDefinitionActivity"
5: CustomTrackingRecord [1] "iCPSTraceTrackingRecord"
6: Activity [1] "ExecuteAdapterflowDefinitionActivity" is Closed
{
    Arguments
        IsLongRunning: True
        Result: an expected return value
        AdapterflowId: 833f7471-6068-4478-8d67-2e7048b0bcd3
        InitParam: some init parameters
        RunParam: 
        EventParam: some event parameters
        NodeId: 9223372036854774807
}
7: WorkflowInstance "ExecuteAdapterflowDefinitionActivity" is Completed</StdOut>
      </Output>
    </UnitTestResult>
    <UnitTestResult executionId="9ef51957-bbab-4825-a307-ec1330e8a355" testId="2cf0fc0f-60ba-a1ce-d30a-93224eb5d082" testName="Invoke_OmitDefaultInArgumentNodeId_DefaultIsMinusOne" computerName="ICSWS068" duration="00:00:00.0040078" startTime="2016-08-04T09:58:37.0079842+02:00" endTime="2016-08-04T09:58:37.0134893+02:00" testType="13cdc9d9-ddb5-4fa4-a97d-d965ccfc6d4b" outcome="Passed" testListId="8c84fa94-04c1-424b-9868-57a2d4851a1d" relativeResultsDirectory="9ef51957-bbab-4825-a307-ec1330e8a355">
      <Output>
        <StdOut>Debug Trace:
0: WorkflowInstance "ExecuteAdapterflowDefinitionActivity" is Started
1: Activity [null] "null" scheduled child activity [1] "ExecuteAdapterflowDefinitionActivity"
2: Activity [1] "ExecuteAdapterflowDefinitionActivity" is Executing
{
    Arguments
        IsLongRunning: True
        AdapterflowId: 30193fd8-7a88-4ed9-826e-4d583646fba1
        InitParam: some init parameters
        RunParam: some run parameters
        EventParam: some event parameters
        NodeId: -1
}
3: WorkflowInstance "ExecuteAdapterflowDefinitionActivity" is Idle
4: Bookmark "1ef4a7c2-6a24-4ad6-b4a2-7368418c30c7" resumed with payload &lt;iCore.Workflow.Activities.iCPS.ComponentExecuteResult&gt; owner [1] "ExecuteAdapterflowDefinitionActivity"
5: CustomTrackingRecord [1] "iCPSTraceTrackingRecord"
6: Activity [1] "ExecuteAdapterflowDefinitionActivity" is Closed
{
    Arguments
        IsLongRunning: True
        Result: an expected return value
        AdapterflowId: 30193fd8-7a88-4ed9-826e-4d583646fba1
        InitParam: some init parameters
        RunParam: some run parameters
        EventParam: some event parameters
        NodeId: -1
}
7: WorkflowInstance "ExecuteAdapterflowDefinitionActivity" is Completed</StdOut>
      </Output>
    </UnitTestResult>
    <UnitTestResult executionId="b72bf182-0e62-43bf-b696-f6353ab5e67f" testId="65ca50da-78ea-0369-d8b3-28d8ceea3034" testName="Invoke_OmitDefaultInArgumentIsLongRunning_DefaultIsTrue" computerName="ICSWS068" duration="00:00:00.0034553" startTime="2016-08-04T09:58:37.0160066+02:00" endTime="2016-08-04T09:58:37.0209939+02:00" testType="13cdc9d9-ddb5-4fa4-a97d-d965ccfc6d4b" outcome="Passed" testListId="8c84fa94-04c1-424b-9868-57a2d4851a1d" relativeResultsDirectory="b72bf182-0e62-43bf-b696-f6353ab5e67f">
      <Output>
        <StdOut>Debug Trace:
0: WorkflowInstance "ExecuteAdapterflowDefinitionActivity" is Started
1: Activity [null] "null" scheduled child activity [1] "ExecuteAdapterflowDefinitionActivity"
2: Activity [1] "ExecuteAdapterflowDefinitionActivity" is Executing
{
    Arguments
        IsLongRunning: True
        AdapterflowId: a45ecf0d-ab6f-493f-89ca-c105fa903b17
        InitParam: some init parameters
        RunParam: some run parameters
        EventParam: some event parameters
        NodeId: 9223372036854774807
}
3: WorkflowInstance "ExecuteAdapterflowDefinitionActivity" is Idle
4: Bookmark "2344d182-9100-458a-924d-251028e09655" resumed with payload &lt;iCore.Workflow.Activities.iCPS.ComponentExecuteResult&gt; owner [1] "ExecuteAdapterflowDefinitionActivity"
5: CustomTrackingRecord [1] "iCPSTraceTrackingRecord"
6: Activity [1] "ExecuteAdapterflowDefinitionActivity" is Closed
{
    Arguments
        IsLongRunning: True
        Result: an expected return value
        AdapterflowId: a45ecf0d-ab6f-493f-89ca-c105fa903b17
        InitParam: some init parameters
        RunParam: some run parameters
        EventParam: some event parameters
        NodeId: 9223372036854774807
}
7: WorkflowInstance "ExecuteAdapterflowDefinitionActivity" is Completed</StdOut>
      </Output>
    </UnitTestResult>
    <UnitTestResult executionId="32f56391-ed09-4ad9-b9ab-fb253becc1ac" testId="e6c1f3cb-ccd6-752e-5937-e1814e693c7f" testName="Invoke_ExcutionFails_ThrowsException" computerName="ICSWS068" duration="00:00:00.0037142" startTime="2016-08-04T09:58:37.0234077+02:00" endTime="2016-08-04T09:58:37.0289134+02:00" testType="13cdc9d9-ddb5-4fa4-a97d-d965ccfc6d4b" outcome="Passed" testListId="8c84fa94-04c1-424b-9868-57a2d4851a1d" relativeResultsDirectory="32f56391-ed09-4ad9-b9ab-fb253becc1ac">
      <Output>
        <StdOut>Debug Trace:
0: WorkflowInstance "ExecuteAdapterflowDefinitionActivity" is Started
1: Activity [null] "null" scheduled child activity [1] "ExecuteAdapterflowDefinitionActivity"
2: Activity [1] "ExecuteAdapterflowDefinitionActivity" is Executing
{
    Arguments
        IsLongRunning: True
        AdapterflowId: ab11d8be-15c9-4d2f-8de1-2a62b9aebf24
        InitParam: some init parameters
        RunParam: some run parameters
        EventParam: some event parameters
        NodeId: 9223372036854774807
}
3: Activity [1] "ExecuteAdapterflowDefinitionActivity" is Faulted
{
    Arguments
        IsLongRunning: True
        Result: 
        AdapterflowId: ab11d8be-15c9-4d2f-8de1-2a62b9aebf24
        InitParam: some init parameters
        RunParam: some run parameters
        EventParam: some event parameters
        NodeId: 9223372036854774807
}
4: Fault source [1] "ExecuteAdapterflowDefinitionActivity"
5: WorkflowInstance "ExecuteAdapterflowDefinitionActivity" Unhandled Exception Source "ExecuteAdapterflowDefinitionActivity" Exception &lt;Testing.Common.TestException: Test exception
   at Moq.MethodCall.Execute(ICallContext call)
   at Moq.ExecuteCall.HandleIntercept(ICallContext invocation, InterceptorContext ctx, CurrentInterceptContext localctx)
   at Moq.Interceptor.Intercept(ICallContext invocation)
   at Moq.Proxy.CastleProxyFactory.Interceptor.Intercept(IInvocation invocation)
   at Castle.DynamicProxy.AbstractInvocation.Proceed()
   at Castle.Proxies.IExecuteComponentExtensionProxy.ExecuteComponentAsync(Guid workflowInstanceId, Bookmark bookmark, ExecuteInfo executeInfo)
   at iCore.Workflow.Activities.iCPS.ExecuteAdapterflowDefinitionActivity.Execute(NativeActivityContext context)
   at System.Activities.NativeActivity`1.InternalExecute(ActivityInstance instance, ActivityExecutor executor, BookmarkManager bookmarkManager)
   at System.Activities.ActivityInstance.Execute(ActivityExecutor executor, BookmarkManager bookmarkManager)
   at System.Activities.Runtime.ActivityExecutor.ExecuteActivityWorkItem.ExecuteBody(ActivityExecutor executor, BookmarkManager bookmarkManager, Location resultLocation)&gt;
6: WorkflowInstance "ExecuteAdapterflowDefinitionActivity" Terminated Reason "Test exception"</StdOut>
      </Output>
    </UnitTestResult>
    <UnitTestResult executionId="ac48a837-39f2-4c65-9c87-c36bf9647327" testId="acae9c74-d021-77f4-4fe2-0c263f2f4990" testName="Invoke_RequiredInArgumentAdapterflowIdIsMissing_ThrowsArgumentException" computerName="ICSWS068" duration="00:00:00.0029412" startTime="2016-08-04T09:58:37.0319154+02:00" endTime="2016-08-04T09:58:37.0360646+02:00" testType="13cdc9d9-ddb5-4fa4-a97d-d965ccfc6d4b" outcome="Passed" testListId="8c84fa94-04c1-424b-9868-57a2d4851a1d" relativeResultsDirectory="ac48a837-39f2-4c65-9c87-c36bf9647327" />
    <UnitTestResult executionId="83c02f74-92ae-46db-b8b3-84ea846a3193" testId="4d931708-9b2f-0e94-009f-bb26e1e289d4" testName="Invoke_NonLongRunning_ActivityColosed" computerName="ICSWS068" duration="00:00:00.0086003" startTime="2016-08-04T09:58:37.0390505+02:00" endTime="2016-08-04T09:58:37.0485574+02:00" testType="13cdc9d9-ddb5-4fa4-a97d-d965ccfc6d4b" outcome="Passed" testListId="8c84fa94-04c1-424b-9868-57a2d4851a1d" relativeResultsDirectory="83c02f74-92ae-46db-b8b3-84ea846a3193">
      <Output>
        <StdOut>Debug Trace:
0: WorkflowInstance "ExecuteScriptDefinitionActivity" is Started
1: Activity [null] "null" scheduled child activity [1] "ExecuteScriptDefinitionActivity"
2: Activity [1] "ExecuteScriptDefinitionActivity" is Executing
{
    Arguments
        IsLongRunning: False
        ScriptId: 8b84d38b-655d-4129-9e52-b7b13e000135
        InitParam: some init parameters
        RunParam: some run parameters
        EventParam: some event parameters
        NodeId: 2147483662
}
3: CustomTrackingRecord [1] "iCPSTraceTrackingRecord"
4: Activity [1] "ExecuteScriptDefinitionActivity" is Closed
{
    Arguments
        IsLongRunning: False
        Result: an expected return value
        ScriptId: 8b84d38b-655d-4129-9e52-b7b13e000135
        InitParam: some init parameters
        RunParam: some run parameters
        EventParam: some event parameters
        NodeId: 2147483662
}
5: WorkflowInstance "ExecuteScriptDefinitionActivity" is Completed</StdOut>
      </Output>
    </UnitTestResult>
    <UnitTestResult executionId="bb10d5fb-6d68-4d9e-8434-ca7e497685a1" testId="bf29e9f9-23cf-1c85-151a-89ce5c5d15f2" testName="Invoke_LongRunning_ActivityClosed" computerName="ICSWS068" duration="00:00:00.0033122" startTime="2016-08-04T09:58:37.0515594+02:00" endTime="2016-08-04T09:58:37.0565652+02:00" testType="13cdc9d9-ddb5-4fa4-a97d-d965ccfc6d4b" outcome="Passed" testListId="8c84fa94-04c1-424b-9868-57a2d4851a1d" relativeResultsDirectory="bb10d5fb-6d68-4d9e-8434-ca7e497685a1">
      <Output>
        <StdOut>Debug Trace:
0: WorkflowInstance "ExecuteScriptDefinitionActivity" is Started
1: Activity [null] "null" scheduled child activity [1] "ExecuteScriptDefinitionActivity"
2: Activity [1] "ExecuteScriptDefinitionActivity" is Executing
{
    Arguments
        IsLongRunning: True
        ScriptId: 2c7ea05b-9d43-4326-a749-744013f0a3ff
        InitParam: some init parameters
        RunParam: some run parameters
        EventParam: some event parameters
        NodeId: 2147483662
}
3: WorkflowInstance "ExecuteScriptDefinitionActivity" is Idle
4: Bookmark "ceec6448-a329-4956-b546-4641f55fb04e" resumed with payload &lt;iCore.Workflow.Activities.iCPS.ComponentExecuteResult&gt; owner [1] "ExecuteScriptDefinitionActivity"
5: CustomTrackingRecord [1] "iCPSTraceTrackingRecord"
6: Activity [1] "ExecuteScriptDefinitionActivity" is Closed
{
    Arguments
        IsLongRunning: True
        Result: an expected return value
        ScriptId: 2c7ea05b-9d43-4326-a749-744013f0a3ff
        InitParam: some init parameters
        RunParam: some run parameters
        EventParam: some event parameters
        NodeId: 2147483662
}
7: WorkflowInstance "ExecuteScriptDefinitionActivity" is Completed</StdOut>
      </Output>
    </UnitTestResult>
    <UnitTestResult executionId="fcfc4913-2e7d-4e18-a850-ca6e07ccada4" testId="b3a6862e-2b90-d229-2305-33fcd0d2ef47" testName="Invoke_LongRunningResumeWithStringAsValue_ActivityThrows" computerName="ICSWS068" duration="00:00:00.0035254" startTime="2016-08-04T09:58:37.0595692+02:00" endTime="2016-08-04T09:58:37.0645770+02:00" testType="13cdc9d9-ddb5-4fa4-a97d-d965ccfc6d4b" outcome="Passed" testListId="8c84fa94-04c1-424b-9868-57a2d4851a1d" relativeResultsDirectory="fcfc4913-2e7d-4e18-a850-ca6e07ccada4">
      <Output>
        <StdOut>Debug Trace:
0: WorkflowInstance "ExecuteScriptDefinitionActivity" is Started
1: Activity [null] "null" scheduled child activity [1] "ExecuteScriptDefinitionActivity"
2: Activity [1] "ExecuteScriptDefinitionActivity" is Executing
{
    Arguments
        IsLongRunning: True
        ScriptId: 65e094e8-380e-4c8f-9a1f-3520722d1243
        InitParam: some init parameters
        RunParam: some run parameters
        EventParam: some event parameters
        NodeId: 2147483662
}
3: WorkflowInstance "ExecuteScriptDefinitionActivity" is Idle
4: Bookmark "f0845eb6-904b-4ba7-bb68-a84aa5ea3c22" resumed with payload &lt;teststring&gt; owner [1] "ExecuteScriptDefinitionActivity"
5: CustomTrackingRecord [1] "iCPSTraceTrackingRecord"
6: Activity [1] "ExecuteScriptDefinitionActivity" is Faulted
{
    Arguments
        IsLongRunning: True
        Result: 
        ScriptId: 65e094e8-380e-4c8f-9a1f-3520722d1243
        InitParam: some init parameters
        RunParam: some run parameters
        EventParam: some event parameters
        NodeId: 2147483662
}
7: Fault source [1] "ExecuteScriptDefinitionActivity"
8: WorkflowInstance "ExecuteScriptDefinitionActivity" Unhandled Exception Source "ExecuteScriptDefinitionActivity" Exception &lt;System.ArgumentException: Received result was not of a valid type. Type recieved was String. Expected types are iCore.Workflow.Activities.iCPS.ComponentExecuteResult or System.Exception
   at iCore.Workflow.Activities.iCPS.ExecuteScriptDefinitionActivity.SetResult(NativeActivityContext context, Object result)
   at iCore.Workflow.Activities.iCPS.ExecuteScriptDefinitionActivity.OnExecutionDone(NativeActivityContext context, Bookmark bookmark, Object value)
   at System.Activities.Runtime.BookmarkCallbackWrapper.Invoke(NativeActivityContext context, Bookmark bookmark, Object value)
   at System.Activities.Runtime.BookmarkWorkItem.Execute(ActivityExecutor executor, BookmarkManager bookmarkManager)&gt;
9: WorkflowInstance Aborted [ExecuteScriptDefinitionActivity] Reason "Received result was not of a valid type. Type recieved was String. Expected types are iCore.Workflow.Activities.iCPS.ComponentExecuteResult or System.Exception"</StdOut>
      </Output>
    </UnitTestResult>
    <UnitTestResult executionId="6ac9a940-aa7d-4fa6-95c2-5e5fa28d119d" testId="39458051-0c88-5c90-0cd8-0cf580c22595" testName="Invoke_LongRunning_ActivityBecomesIdle" computerName="ICSWS068" duration="00:00:00.0016785" startTime="2016-08-04T09:58:37.0670937+02:00" endTime="2016-08-04T09:58:37.0700793+02:00" testType="13cdc9d9-ddb5-4fa4-a97d-d965ccfc6d4b" outcome="Passed" testListId="8c84fa94-04c1-424b-9868-57a2d4851a1d" relativeResultsDirectory="6ac9a940-aa7d-4fa6-95c2-5e5fa28d119d">
      <Output>
        <StdOut>Debug Trace:
0: WorkflowInstance "ExecuteScriptDefinitionActivity" is Started
1: Activity [null] "null" scheduled child activity [1] "ExecuteScriptDefinitionActivity"
2: Activity [1] "ExecuteScriptDefinitionActivity" is Executing
{
    Arguments
        IsLongRunning: True
        ScriptId: 70628549-bbdd-4d41-8fca-f30f32bad32f
        InitParam: some init parameters
        RunParam: some run parameters
        EventParam: some event parameters
        NodeId: 2147483662
}
3: WorkflowInstance "ExecuteScriptDefinitionActivity" is Idle</StdOut>
      </Output>
    </UnitTestResult>
    <UnitTestResult executionId="d88c7fd7-6c64-42b1-af8a-b466005b641a" testId="baaa569c-3218-a146-5b70-e5ee3114f129" testName="Invoke_LongRunning_ActivityCanResumeBookmark" computerName="ICSWS068" duration="00:00:00.0027940" startTime="2016-08-04T09:58:37.0725819+02:00" endTime="2016-08-04T09:58:37.0767076+02:00" testType="13cdc9d9-ddb5-4fa4-a97d-d965ccfc6d4b" outcome="Passed" testListId="8c84fa94-04c1-424b-9868-57a2d4851a1d" relativeResultsDirectory="d88c7fd7-6c64-42b1-af8a-b466005b641a">
      <Output>
        <StdOut>Debug Trace:
0: WorkflowInstance "ExecuteScriptDefinitionActivity" is Started
1: Activity [null] "null" scheduled child activity [1] "ExecuteScriptDefinitionActivity"
2: Activity [1] "ExecuteScriptDefinitionActivity" is Executing
{
    Arguments
        IsLongRunning: True
        ScriptId: d1a6c0f1-d9d3-4d44-9347-0c39821912cd
        InitParam: some init parameters
        RunParam: some run parameters
        EventParam: some event parameters
        NodeId: 2147483662
}
3: WorkflowInstance "ExecuteScriptDefinitionActivity" is Idle
4: Bookmark "f1adddec-21b4-49b5-b969-9a74e6ed1c63" resumed with payload &lt;adfasdfas&gt; owner [1] "ExecuteScriptDefinitionActivity"</StdOut>
      </Output>
    </UnitTestResult>
    <UnitTestResult executionId="2da1a8c4-d7f6-4c34-ad30-7855e270bf1c" testId="4fc41fdb-e6b5-52a8-4078-0191f061ccd2" testName="Invoke_LongRunning_ActivityLogsOnJob" computerName="ICSWS068" duration="00:00:00.0034210" startTime="2016-08-04T09:58:37.0797102+02:00" endTime="2016-08-04T09:58:37.0841509+02:00" testType="13cdc9d9-ddb5-4fa4-a97d-d965ccfc6d4b" outcome="Passed" testListId="8c84fa94-04c1-424b-9868-57a2d4851a1d" relativeResultsDirectory="2da1a8c4-d7f6-4c34-ad30-7855e270bf1c">
      <Output>
        <StdOut>Debug Trace:
0: WorkflowInstance "ExecuteScriptDefinitionActivity" is Started
1: Activity [null] "null" scheduled child activity [1] "ExecuteScriptDefinitionActivity"
2: Activity [1] "ExecuteScriptDefinitionActivity" is Executing
{
    Arguments
        IsLongRunning: True
        ScriptId: 493adae8-9df6-405c-9366-500f732acc19
        InitParam: some init parameters
        RunParam: some run parameters
        EventParam: some event parameters
        NodeId: 2147483662
}
3: WorkflowInstance "ExecuteScriptDefinitionActivity" is Idle
4: Bookmark "e26d2b3e-f8db-46f8-ab74-df1157749c42" resumed with payload &lt;iCore.Workflow.Activities.iCPS.ComponentExecuteResult&gt; owner [1] "ExecuteScriptDefinitionActivity"
5: CustomTrackingRecord [1] "iCPSTraceTrackingRecord"
6: Activity [1] "ExecuteScriptDefinitionActivity" is Closed
{
    Arguments
        IsLongRunning: True
        Result: an expected return value
        ScriptId: 493adae8-9df6-405c-9366-500f732acc19
        InitParam: some init parameters
        RunParam: some run parameters
        EventParam: some event parameters
        NodeId: 2147483662
}
7: WorkflowInstance "ExecuteScriptDefinitionActivity" is Completed</StdOut>
      </Output>
    </UnitTestResult>
    <UnitTestResult executionId="d3263720-a545-460f-8ab1-1e8583bc3c91" testId="b9e7d00c-12c4-a7d1-06b7-3ef988e5f22f" testName="Invoke_LongRunning_ActivityInvokesExecuteScriptCompAsync" computerName="ICSWS068" duration="00:00:00.0038245" startTime="2016-08-04T09:58:37.0866693+02:00" endTime="2016-08-04T09:58:37.0921569+02:00" testType="13cdc9d9-ddb5-4fa4-a97d-d965ccfc6d4b" outcome="Passed" testListId="8c84fa94-04c1-424b-9868-57a2d4851a1d" relativeResultsDirectory="d3263720-a545-460f-8ab1-1e8583bc3c91">
      <Output>
        <StdOut>Debug Trace:
0: WorkflowInstance "ExecuteScriptDefinitionActivity" is Started
1: Activity [null] "null" scheduled child activity [1] "ExecuteScriptDefinitionActivity"
2: Activity [1] "ExecuteScriptDefinitionActivity" is Executing
{
    Arguments
        IsLongRunning: True
        ScriptId: d5da92fe-37ea-4b09-b48a-a31df39a291f
        InitParam: some init parameters
        RunParam: some run parameters
        EventParam: some event parameters
        NodeId: 2147483662
}
3: WorkflowInstance "ExecuteScriptDefinitionActivity" is Idle</StdOut>
      </Output>
    </UnitTestResult>
    <UnitTestResult executionId="fe1d8057-721e-421b-8a6a-a9ad9e7035c9" testId="3ca518eb-c594-3416-42f9-56b73e60eec5" testName="Invoke_NonLongRunning_ActivityInvokesExecuteScriptCompSync" computerName="ICSWS068" duration="00:00:00.0044004" startTime="2016-08-04T09:58:37.0951580+02:00" endTime="2016-08-04T09:58:37.1006814+02:00" testType="13cdc9d9-ddb5-4fa4-a97d-d965ccfc6d4b" outcome="Passed" testListId="8c84fa94-04c1-424b-9868-57a2d4851a1d" relativeResultsDirectory="fe1d8057-721e-421b-8a6a-a9ad9e7035c9">
      <Output>
        <StdOut>Debug Trace:
0: WorkflowInstance "ExecuteScriptDefinitionActivity" is Started
1: Activity [null] "null" scheduled child activity [1] "ExecuteScriptDefinitionActivity"
2: Activity [1] "ExecuteScriptDefinitionActivity" is Executing
{
    Arguments
        IsLongRunning: False
        ScriptId: 35f4291e-47bd-41da-85e8-5804391f7871
        InitParam: some init parameters
        RunParam: some run parameters
        EventParam: some event parameters
        NodeId: 2147483662
}
3: CustomTrackingRecord [1] "iCPSTraceTrackingRecord"
4: Activity [1] "ExecuteScriptDefinitionActivity" is Closed
{
    Arguments
        IsLongRunning: False
        Result: an expected return value
        ScriptId: 35f4291e-47bd-41da-85e8-5804391f7871
        InitParam: some init parameters
        RunParam: some run parameters
        EventParam: some event parameters
        NodeId: 2147483662
}
5: WorkflowInstance "ExecuteScriptDefinitionActivity" is Completed</StdOut>
      </Output>
    </UnitTestResult>
    <UnitTestResult executionId="e22d107f-3a93-4874-aea1-6f649970c812" testId="3ee20c3a-55f1-7388-7e7c-41554ac6057b" testName="Invoke_LongRunning_ActivitySetsResult" computerName="ICSWS068" duration="00:00:00.0033867" startTime="2016-08-04T09:58:37.1031652+02:00" endTime="2016-08-04T09:58:37.1081690+02:00" testType="13cdc9d9-ddb5-4fa4-a97d-d965ccfc6d4b" outcome="Passed" testListId="8c84fa94-04c1-424b-9868-57a2d4851a1d" relativeResultsDirectory="e22d107f-3a93-4874-aea1-6f649970c812">
      <Output>
        <StdOut>Debug Trace:
0: WorkflowInstance "ExecuteScriptDefinitionActivity" is Started
1: Activity [null] "null" scheduled child activity [1] "ExecuteScriptDefinitionActivity"
2: Activity [1] "ExecuteScriptDefinitionActivity" is Executing
{
    Arguments
        IsLongRunning: True
        ScriptId: ddba9b36-c459-41c7-9dcb-c047afa29b81
        InitParam: some init parameters
        RunParam: some run parameters
        EventParam: some event parameters
        NodeId: 2147483662
}
3: WorkflowInstance "ExecuteScriptDefinitionActivity" is Idle
4: Bookmark "a0e20e2a-f28e-4328-888d-f2215d625a2e" resumed with payload &lt;iCore.Workflow.Activities.iCPS.ComponentExecuteResult&gt; owner [1] "ExecuteScriptDefinitionActivity"
5: CustomTrackingRecord [1] "iCPSTraceTrackingRecord"
6: Activity [1] "ExecuteScriptDefinitionActivity" is Closed
{
    Arguments
        IsLongRunning: True
        Result: an expected return value
        ScriptId: ddba9b36-c459-41c7-9dcb-c047afa29b81
        InitParam: some init parameters
        RunParam: some run parameters
        EventParam: some event parameters
        NodeId: 2147483662
}
7: WorkflowInstance "ExecuteScriptDefinitionActivity" is Completed</StdOut>
      </Output>
    </UnitTestResult>
    <UnitTestResult executionId="61a1998c-af3d-4d98-91fb-5cf1ab8dcb58" testId="96c0e6c6-47c6-34ea-0d1e-5c313917768a" testName="Invoke_NonLongRunningSystemShutdown_ActivityIsNotCanceledDuringExecuiton" computerName="ICSWS068" duration="00:00:03.0041872" startTime="2016-08-04T09:58:37.1106865+02:00" endTime="2016-08-04T09:58:40.1163078+02:00" testType="13cdc9d9-ddb5-4fa4-a97d-d965ccfc6d4b" outcome="Passed" testListId="8c84fa94-04c1-424b-9868-57a2d4851a1d" relativeResultsDirectory="61a1998c-af3d-4d98-91fb-5cf1ab8dcb58">
      <Output>
        <StdOut>Debug Trace:
0: WorkflowInstance "ExecuteScriptDefinitionActivity" is Started
1: Activity [null] "null" scheduled child activity [1] "ExecuteScriptDefinitionActivity"
2: Activity [1] "ExecuteScriptDefinitionActivity" is Executing
{
    Arguments
        IsLongRunning: False
        ScriptId: 2ea3b4d4-23e8-4b33-ac1c-2e001101b7e6
        InitParam: some init parameters
        RunParam: some run parameters
        EventParam: some event parameters
        NodeId: 2147483662
}
3: CustomTrackingRecord [1] "iCPSTraceTrackingRecord"
4: Activity [1] "ExecuteScriptDefinitionActivity" is Closed
{
    Arguments
        IsLongRunning: False
        Result: an expected return value
        ScriptId: 2ea3b4d4-23e8-4b33-ac1c-2e001101b7e6
        InitParam: some init parameters
        RunParam: some run parameters
        EventParam: some event parameters
        NodeId: 2147483662
}
5: WorkflowInstance "ExecuteScriptDefinitionActivity" is Completed</StdOut>
      </Output>
    </UnitTestResult>
    <UnitTestResult executionId="6840f868-9155-46ae-aca7-4dd2d7faa6bc" testId="ba7ad645-0da0-7ad5-7e77-e11a47b17319" testName="Invoke_LongRunningSystemShutDown_ActicityIsCanceled" computerName="ICSWS068" duration="00:00:00.0025949" startTime="2016-08-04T09:58:40.1188277+02:00" endTime="2016-08-04T09:58:40.1218274+02:00" testType="13cdc9d9-ddb5-4fa4-a97d-d965ccfc6d4b" outcome="Passed" testListId="8c84fa94-04c1-424b-9868-57a2d4851a1d" relativeResultsDirectory="6840f868-9155-46ae-aca7-4dd2d7faa6bc">
      <Output>
        <StdOut>Debug Trace:
0: WorkflowInstance "ExecuteScriptDefinitionActivity" is Started
1: Activity [null] "null" scheduled child activity [1] "ExecuteScriptDefinitionActivity"
2: Activity [1] "ExecuteScriptDefinitionActivity" is Executing
{
    Arguments
        IsLongRunning: True
        ScriptId: abf7cefd-0e4f-41f7-9a86-f8156393f855
        InitParam: some init parameters
        RunParam: some run parameters
        EventParam: some event parameters
        NodeId: 2147483662
}
3: WorkflowInstance "ExecuteScriptDefinitionActivity" is Idle
4: Host requests cancel of activity [1] "ExecuteScriptDefinitionActivity"
5: Activity [1] "ExecuteScriptDefinitionActivity" is Canceled
{
    Arguments
        IsLongRunning: True
        Result: 
        ScriptId: abf7cefd-0e4f-41f7-9a86-f8156393f855
        InitParam: some init parameters
        RunParam: some run parameters
        EventParam: some event parameters
        NodeId: 2147483662
}
6: WorkflowInstance "ExecuteScriptDefinitionActivity" is Canceled</StdOut>
      </Output>
    </UnitTestResult>
    <UnitTestResult executionId="1227aa36-84e2-482c-8c78-d643797b25ec" testId="4b179a2b-0d68-b720-7d82-29ecc4f0a431" testName="Invoke_LongRunningSystemShutDown_ActicityInvokesCancelProcessingOnce" computerName="ICSWS068" duration="00:00:00.0027940" startTime="2016-08-04T09:58:40.1257352+02:00" endTime="2016-08-04T09:58:40.1297384+02:00" testType="13cdc9d9-ddb5-4fa4-a97d-d965ccfc6d4b" outcome="Passed" testListId="8c84fa94-04c1-424b-9868-57a2d4851a1d" relativeResultsDirectory="1227aa36-84e2-482c-8c78-d643797b25ec">
      <Output>
        <StdOut>Debug Trace:
0: WorkflowInstance "ExecuteScriptDefinitionActivity" is Started
1: Activity [null] "null" scheduled child activity [1] "ExecuteScriptDefinitionActivity"
2: Activity [1] "ExecuteScriptDefinitionActivity" is Executing
{
    Arguments
        IsLongRunning: True
        ScriptId: 26e405d1-2ae4-4453-99a9-6925d08765f2
        InitParam: some init parameters
        RunParam: some run parameters
        EventParam: some event parameters
        NodeId: 2147483662
}
3: WorkflowInstance "ExecuteScriptDefinitionActivity" is Idle
4: Host requests cancel of activity [1] "ExecuteScriptDefinitionActivity"
5: Activity [1] "ExecuteScriptDefinitionActivity" is Canceled
{
    Arguments
        IsLongRunning: True
        Result: 
        ScriptId: 26e405d1-2ae4-4453-99a9-6925d08765f2
        InitParam: some init parameters
        RunParam: some run parameters
        EventParam: some event parameters
        NodeId: 2147483662
}
6: WorkflowInstance "ExecuteScriptDefinitionActivity" is Canceled</StdOut>
      </Output>
    </UnitTestResult>
    <UnitTestResult executionId="27597e5a-77fb-4412-8582-e81ea4039b85" testId="5f2c7963-f250-2c9e-068a-00be2e4bfd2a" testName="Invoke_CanceledActivity_CanNotResume" computerName="ICSWS068" duration="00:00:00.0025503" startTime="2016-08-04T09:58:40.1317401+02:00" endTime="2016-08-04T09:58:40.1365230+02:00" testType="13cdc9d9-ddb5-4fa4-a97d-d965ccfc6d4b" outcome="Passed" testListId="8c84fa94-04c1-424b-9868-57a2d4851a1d" relativeResultsDirectory="27597e5a-77fb-4412-8582-e81ea4039b85">
      <Output>
        <StdOut>Debug Trace:
0: WorkflowInstance "ExecuteScriptDefinitionActivity" is Started
1: Activity [null] "null" scheduled child activity [1] "ExecuteScriptDefinitionActivity"
2: Activity [1] "ExecuteScriptDefinitionActivity" is Executing
{
    Arguments
        IsLongRunning: True
        ScriptId: 3b2b3a4a-aa53-450f-bd46-5646f7485244
        InitParam: some init parameters
        RunParam: some run parameters
        EventParam: some event parameters
        NodeId: 2147483662
}
3: WorkflowInstance "ExecuteScriptDefinitionActivity" is Idle
4: Host requests cancel of activity [1] "ExecuteScriptDefinitionActivity"
5: Activity [1] "ExecuteScriptDefinitionActivity" is Canceled
{
    Arguments
        IsLongRunning: True
        Result: 
        ScriptId: 3b2b3a4a-aa53-450f-bd46-5646f7485244
        InitParam: some init parameters
        RunParam: some run parameters
        EventParam: some event parameters
        NodeId: 2147483662
}
6: WorkflowInstance "ExecuteScriptDefinitionActivity" is Canceled</StdOut>
      </Output>
    </UnitTestResult>
    <UnitTestResult executionId="00de088a-714d-4c12-bc62-73f26e585942" testId="d8ec9ef1-54ff-5b05-a761-3c1a52d4879b" testName="Invoke_NonLongRunningExecutionReturnsError_ThrowsTestException" computerName="ICSWS068" duration="00:00:00.0048119" startTime="2016-08-04T09:58:40.1395247+02:00" endTime="2016-08-04T09:58:40.1462795+02:00" testType="13cdc9d9-ddb5-4fa4-a97d-d965ccfc6d4b" outcome="Passed" testListId="8c84fa94-04c1-424b-9868-57a2d4851a1d" relativeResultsDirectory="00de088a-714d-4c12-bc62-73f26e585942">
      <Output>
        <StdOut>Debug Trace:
0: WorkflowInstance "ExecuteScriptDefinitionActivity" is Started
1: Activity [null] "null" scheduled child activity [1] "ExecuteScriptDefinitionActivity"
2: Activity [1] "ExecuteScriptDefinitionActivity" is Executing
{
    Arguments
        IsLongRunning: False
        ScriptId: 5d27c17a-035b-4bd7-b357-365cf9176e4c
        InitParam: some init parameters
        RunParam: some run parameters
        EventParam: some event parameters
        NodeId: 2147483662
}
3: Activity [1] "ExecuteScriptDefinitionActivity" is Faulted
{
    Arguments
        IsLongRunning: False
        Result: 
        ScriptId: 5d27c17a-035b-4bd7-b357-365cf9176e4c
        InitParam: some init parameters
        RunParam: some run parameters
        EventParam: some event parameters
        NodeId: 2147483662
}
4: Fault source [1] "ExecuteScriptDefinitionActivity"
5: WorkflowInstance "ExecuteScriptDefinitionActivity" Unhandled Exception Source "ExecuteScriptDefinitionActivity" Exception &lt;Testing.Common.TestException: Test exception
   at Moq.MethodCall.Execute(ICallContext call)
   at Moq.MethodCallReturn`2.Execute(ICallContext call)
   at Moq.ExecuteCall.HandleIntercept(ICallContext invocation, InterceptorContext ctx, CurrentInterceptContext localctx)
   at Moq.Interceptor.Intercept(ICallContext invocation)
   at Moq.Proxy.CastleProxyFactory.Interceptor.Intercept(IInvocation invocation)
   at Castle.DynamicProxy.AbstractInvocation.Proceed()
   at Castle.Proxies.IExecuteComponentExtensionProxy.ExecuteComponentSync(Guid workflowInstanceId, ExecuteInfo executeInfo)
   at iCore.Workflow.Activities.iCPS.ExecuteScriptDefinitionActivity.Execute(NativeActivityContext context)
   at System.Activities.NativeActivity`1.InternalExecute(ActivityInstance instance, ActivityExecutor executor, BookmarkManager bookmarkManager)
   at System.Activities.ActivityInstance.Execute(ActivityExecutor executor, BookmarkManager bookmarkManager)
   at System.Activities.Runtime.ActivityExecutor.ExecuteActivityWorkItem.ExecuteBody(ActivityExecutor executor, BookmarkManager bookmarkManager, Location resultLocation)&gt;
6: WorkflowInstance "ExecuteScriptDefinitionActivity" Terminated Reason "Test exception"</StdOut>
      </Output>
    </UnitTestResult>
    <UnitTestResult executionId="0020ade7-7b1d-474b-8425-cebbd248ff37" testId="1a37ead4-45b5-4fc3-7321-cc68cf63df9c" testName="Invoke_LongRunningExecutionReturnsError_ThrowsTestException" computerName="ICSWS068" duration="00:00:00.0044397" startTime="2016-08-04T09:58:40.1497823+02:00" endTime="2016-08-04T09:58:40.1562901+02:00" testType="13cdc9d9-ddb5-4fa4-a97d-d965ccfc6d4b" outcome="Passed" testListId="8c84fa94-04c1-424b-9868-57a2d4851a1d" relativeResultsDirectory="0020ade7-7b1d-474b-8425-cebbd248ff37">
      <Output>
        <StdOut>Debug Trace:
0: WorkflowInstance "ExecuteScriptDefinitionActivity" is Started
1: Activity [null] "null" scheduled child activity [1] "ExecuteScriptDefinitionActivity"
2: Activity [1] "ExecuteScriptDefinitionActivity" is Executing
{
    Arguments
        IsLongRunning: True
        ScriptId: 3486259e-bb35-4fe7-98b5-941916fbbdda
        InitParam: some init parameters
        RunParam: some run parameters
        EventParam: some event parameters
        NodeId: 2147483662
}
3: WorkflowInstance "ExecuteScriptDefinitionActivity" is Idle
4: Bookmark "7d81bfd2-4f74-45e3-a0f6-0e2f8fdbf626" resumed with payload &lt;Testing.Common.TestException: Script execution failed.
   at iCore.Workflow.Activities.iCPS.ExecuteScriptDefinitionActivity.SetResult(NativeActivityContext context, Object result)
   at iCore.Workflow.Activities.iCPS.ExecuteScriptDefinitionActivity.OnExecutionDone(NativeActivityContext context, Bookmark bookmark, Object value)
   at System.Activities.Runtime.BookmarkCallbackWrapper.Invoke(NativeActivityContext context, Bookmark bookmark, Object value)
   at System.Activities.Runtime.BookmarkWorkItem.Execute(ActivityExecutor executor, BookmarkManager bookmarkManager)&gt; owner [1] "ExecuteScriptDefinitionActivity"
5: CustomTrackingRecord [1] "iCPSTraceTrackingRecord"
6: Activity [1] "ExecuteScriptDefinitionActivity" is Faulted
{
    Arguments
        IsLongRunning: True
        Result: 
        ScriptId: 3486259e-bb35-4fe7-98b5-941916fbbdda
        InitParam: some init parameters
        RunParam: some run parameters
        EventParam: some event parameters
        NodeId: 2147483662
}
7: Fault source [1] "ExecuteScriptDefinitionActivity"
8: WorkflowInstance "ExecuteScriptDefinitionActivity" Unhandled Exception Source "ExecuteScriptDefinitionActivity" Exception &lt;Testing.Common.TestException: Script execution failed.
   at iCore.Workflow.Activities.iCPS.ExecuteScriptDefinitionActivity.SetResult(NativeActivityContext context, Object result)
   at iCore.Workflow.Activities.iCPS.ExecuteScriptDefinitionActivity.OnExecutionDone(NativeActivityContext context, Bookmark bookmark, Object value)
   at System.Activities.Runtime.BookmarkCallbackWrapper.Invoke(NativeActivityContext context, Bookmark bookmark, Object value)
   at System.Activities.Runtime.BookmarkWorkItem.Execute(ActivityExecutor executor, BookmarkManager bookmarkManager)&gt;
9: WorkflowInstance "ExecuteScriptDefinitionActivity" Terminated Reason "Script execution failed."</StdOut>
      </Output>
    </UnitTestResult>
    <UnitTestResult executionId="ea41160d-edf2-4de7-bc36-7334c9000a17" testId="484e649f-7c66-1d63-e700-a3dc588e23c7" testName="Invoke_RequiredExtensionISystemContextIsMissing_ThrowsValidationException" computerName="ICSWS068" duration="00:00:00.0034216" startTime="2016-08-04T09:58:40.1597930+02:00" endTime="2016-08-04T09:58:40.1652099+02:00" testType="13cdc9d9-ddb5-4fa4-a97d-d965ccfc6d4b" outcome="Passed" testListId="8c84fa94-04c1-424b-9868-57a2d4851a1d" relativeResultsDirectory="ea41160d-edf2-4de7-bc36-7334c9000a17" />
    <UnitTestResult executionId="50a96ac4-54ec-45e2-9c8e-aeaae0e9ccee" testId="31247e26-5809-2357-212a-7eae258037e3" testName="Invoke_RequiredExtensionIWorkflowExecuteContextProviderIsMissing_ThrowsValidationException" computerName="ICSWS068" duration="00:00:00.0026527" startTime="2016-08-04T09:58:40.1682119+02:00" endTime="2016-08-04T09:58:40.1722145+02:00" testType="13cdc9d9-ddb5-4fa4-a97d-d965ccfc6d4b" outcome="Passed" testListId="8c84fa94-04c1-424b-9868-57a2d4851a1d" relativeResultsDirectory="50a96ac4-54ec-45e2-9c8e-aeaae0e9ccee" />
    <UnitTestResult executionId="b7fb186a-73b3-41cd-b6e9-ff59917a3fb0" testId="aca73538-872b-ec15-3400-ebf5fff4c503" testName="Invoke_RequiredExtensionIExecuteComponentExtensionIsMissing_ThrowsValidationException" computerName="ICSWS068" duration="00:00:00.0028802" startTime="2016-08-04T09:58:40.1762212+02:00" endTime="2016-08-04T09:58:40.1812240+02:00" testType="13cdc9d9-ddb5-4fa4-a97d-d965ccfc6d4b" outcome="Passed" testListId="8c84fa94-04c1-424b-9868-57a2d4851a1d" relativeResultsDirectory="b7fb186a-73b3-41cd-b6e9-ff59917a3fb0" />
    <UnitTestResult executionId="7d096c09-02f6-4f32-b00e-2f9f9e2cb275" testId="486ff3ed-c212-9189-4e25-c1e103bf4ca1" testName="Invoke_OmitDefaultInArgumentInitParam_DefaultIsEmptyString" computerName="ICSWS068" duration="00:00:00.0038260" startTime="2016-08-04T09:58:40.1857275+02:00" endTime="2016-08-04T09:58:40.1907309+02:00" testType="13cdc9d9-ddb5-4fa4-a97d-d965ccfc6d4b" outcome="Passed" testListId="8c84fa94-04c1-424b-9868-57a2d4851a1d" relativeResultsDirectory="7d096c09-02f6-4f32-b00e-2f9f9e2cb275">
      <Output>
        <StdOut>Debug Trace:
0: WorkflowInstance "ExecuteScriptDefinitionActivity" is Started
1: Activity [null] "null" scheduled child activity [1] "ExecuteScriptDefinitionActivity"
2: Activity [1] "ExecuteScriptDefinitionActivity" is Executing
{
    Arguments
        IsLongRunning: True
        ScriptId: d4ad9e2e-c81a-4f18-97aa-3c05049d9e99
        InitParam: 
        RunParam: some run parameters
        EventParam: some event parameters
        NodeId: 2147483662
}
3: WorkflowInstance "ExecuteScriptDefinitionActivity" is Idle
4: Bookmark "a235a9a6-31f7-4894-a173-0fac5d353802" resumed with payload &lt;iCore.Workflow.Activities.iCPS.ComponentExecuteResult&gt; owner [1] "ExecuteScriptDefinitionActivity"
5: CustomTrackingRecord [1] "iCPSTraceTrackingRecord"
6: Activity [1] "ExecuteScriptDefinitionActivity" is Closed
{
    Arguments
        IsLongRunning: True
        Result: an expected return value
        ScriptId: d4ad9e2e-c81a-4f18-97aa-3c05049d9e99
        InitParam: 
        RunParam: some run parameters
        EventParam: some event parameters
        NodeId: 2147483662
}
7: WorkflowInstance "ExecuteScriptDefinitionActivity" is Completed</StdOut>
      </Output>
    </UnitTestResult>
    <UnitTestResult executionId="b276cc33-b51c-4bff-b601-792181d3e4c7" testId="03daeab3-9a09-de51-b83a-279167e6003d" testName="Invoke_OmitDefaultInArgumentEventParam_DefaultIsEmptyString" computerName="ICSWS068" duration="00:00:00.0039139" startTime="2016-08-04T09:58:40.1942335+02:00" endTime="2016-08-04T09:58:40.1997372+02:00" testType="13cdc9d9-ddb5-4fa4-a97d-d965ccfc6d4b" outcome="Passed" testListId="8c84fa94-04c1-424b-9868-57a2d4851a1d" relativeResultsDirectory="b276cc33-b51c-4bff-b601-792181d3e4c7">
      <Output>
        <StdOut>Debug Trace:
0: WorkflowInstance "ExecuteScriptDefinitionActivity" is Started
1: Activity [null] "null" scheduled child activity [1] "ExecuteScriptDefinitionActivity"
2: Activity [1] "ExecuteScriptDefinitionActivity" is Executing
{
    Arguments
        IsLongRunning: True
        ScriptId: 0de202f9-9cc9-4013-bec7-603f6b062df7
        InitParam: some init parameters
        RunParam: some run parameters
        EventParam: 
        NodeId: 2147483662
}
3: WorkflowInstance "ExecuteScriptDefinitionActivity" is Idle
4: Bookmark "ecd789fd-83b9-4d67-bc27-9aa8bcfae08e" resumed with payload &lt;iCore.Workflow.Activities.iCPS.ComponentExecuteResult&gt; owner [1] "ExecuteScriptDefinitionActivity"
5: CustomTrackingRecord [1] "iCPSTraceTrackingRecord"
6: Activity [1] "ExecuteScriptDefinitionActivity" is Closed
{
    Arguments
        IsLongRunning: True
        Result: an expected return value
        ScriptId: 0de202f9-9cc9-4013-bec7-603f6b062df7
        InitParam: some init parameters
        RunParam: some run parameters
        EventParam: 
        NodeId: 2147483662
}
7: WorkflowInstance "ExecuteScriptDefinitionActivity" is Completed</StdOut>
      </Output>
    </UnitTestResult>
    <UnitTestResult executionId="656650b9-bcd8-4a25-a09a-db4f105af41c" testId="bb7d1e55-39b6-e0c9-1946-f7def749f5ff" testName="Invoke_OmitDefaultInArgumentRunParam_DefaultIsEmptyString" computerName="ICSWS068" duration="00:00:00.0039676" startTime="2016-08-04T09:58:40.2027398+02:00" endTime="2016-08-04T09:58:40.2087438+02:00" testType="13cdc9d9-ddb5-4fa4-a97d-d965ccfc6d4b" outcome="Passed" testListId="8c84fa94-04c1-424b-9868-57a2d4851a1d" relativeResultsDirectory="656650b9-bcd8-4a25-a09a-db4f105af41c">
      <Output>
        <StdOut>Debug Trace:
0: WorkflowInstance "ExecuteScriptDefinitionActivity" is Started
1: Activity [null] "null" scheduled child activity [1] "ExecuteScriptDefinitionActivity"
2: Activity [1] "ExecuteScriptDefinitionActivity" is Executing
{
    Arguments
        IsLongRunning: True
        ScriptId: 02069d0c-71cc-4359-bb6e-7d3729b4eed0
        InitParam: some init parameters
        RunParam: 
        EventParam: some event parameters
        NodeId: 2147483662
}
3: WorkflowInstance "ExecuteScriptDefinitionActivity" is Idle
4: Bookmark "c18c3040-bfa9-41dd-a712-f6aa646f7b5b" resumed with payload &lt;iCore.Workflow.Activities.iCPS.ComponentExecuteResult&gt; owner [1] "ExecuteScriptDefinitionActivity"
5: CustomTrackingRecord [1] "iCPSTraceTrackingRecord"
6: Activity [1] "ExecuteScriptDefinitionActivity" is Closed
{
    Arguments
        IsLongRunning: True
        Result: an expected return value
        ScriptId: 02069d0c-71cc-4359-bb6e-7d3729b4eed0
        InitParam: some init parameters
        RunParam: 
        EventParam: some event parameters
        NodeId: 2147483662
}
7: WorkflowInstance "ExecuteScriptDefinitionActivity" is Completed</StdOut>
      </Output>
    </UnitTestResult>
    <UnitTestResult executionId="6c733710-9884-4bb1-b008-3c1955fcf521" testId="913e9eba-9cdb-039d-2217-eda5a384b742" testName="Invoke_OmitDefaultInArgumentNodeId_DefaultIsMinusOne" computerName="ICSWS068" duration="00:00:00.0038937" startTime="2016-08-04T09:58:40.2122467+02:00" endTime="2016-08-04T09:58:40.2177504+02:00" testType="13cdc9d9-ddb5-4fa4-a97d-d965ccfc6d4b" outcome="Passed" testListId="8c84fa94-04c1-424b-9868-57a2d4851a1d" relativeResultsDirectory="6c733710-9884-4bb1-b008-3c1955fcf521">
      <Output>
        <StdOut>Debug Trace:
0: WorkflowInstance "ExecuteScriptDefinitionActivity" is Started
1: Activity [null] "null" scheduled child activity [1] "ExecuteScriptDefinitionActivity"
2: Activity [1] "ExecuteScriptDefinitionActivity" is Executing
{
    Arguments
        IsLongRunning: True
        ScriptId: 8f35aee9-d374-47da-bdd7-7892469082ec
        InitParam: some init parameters
        RunParam: some run parameters
        EventParam: some event parameters
        NodeId: -1
}
3: WorkflowInstance "ExecuteScriptDefinitionActivity" is Idle
4: Bookmark "a6cdc0e2-7e97-4664-ba98-6dc8ee9f4c31" resumed with payload &lt;iCore.Workflow.Activities.iCPS.ComponentExecuteResult&gt; owner [1] "ExecuteScriptDefinitionActivity"
5: CustomTrackingRecord [1] "iCPSTraceTrackingRecord"
6: Activity [1] "ExecuteScriptDefinitionActivity" is Closed
{
    Arguments
        IsLongRunning: True
        Result: an expected return value
        ScriptId: 8f35aee9-d374-47da-bdd7-7892469082ec
        InitParam: some init parameters
        RunParam: some run parameters
        EventParam: some event parameters
        NodeId: -1
}
7: WorkflowInstance "ExecuteScriptDefinitionActivity" is Completed</StdOut>
      </Output>
    </UnitTestResult>
    <UnitTestResult executionId="8d9507b2-5894-45ac-8a19-29e09f9bcacc" testId="75d4864e-b883-00d9-cb46-f1baf1af8af4" testName="Invoke_OmitDefaultInArgumentIsLongRunning_DefaultIsTrue" computerName="ICSWS068" duration="00:00:00.0042805" startTime="2016-08-04T09:58:40.2217565+02:00" endTime="2016-08-04T09:58:40.2282581+02:00" testType="13cdc9d9-ddb5-4fa4-a97d-d965ccfc6d4b" outcome="Passed" testListId="8c84fa94-04c1-424b-9868-57a2d4851a1d" relativeResultsDirectory="8d9507b2-5894-45ac-8a19-29e09f9bcacc">
      <Output>
        <StdOut>Debug Trace:
0: WorkflowInstance "ExecuteScriptDefinitionActivity" is Started
1: Activity [null] "null" scheduled child activity [1] "ExecuteScriptDefinitionActivity"
2: Activity [1] "ExecuteScriptDefinitionActivity" is Executing
{
    Arguments
        IsLongRunning: True
        ScriptId: 866bb012-3b77-485c-a8fa-6f59a1e3279b
        InitParam: some init parameters
        RunParam: some run parameters
        EventParam: some event parameters
        NodeId: 2147483662
}
3: WorkflowInstance "ExecuteScriptDefinitionActivity" is Idle
4: Bookmark "b9b57879-0d57-4b6e-896e-eb4d6d2c92c7" resumed with payload &lt;iCore.Workflow.Activities.iCPS.ComponentExecuteResult&gt; owner [1] "ExecuteScriptDefinitionActivity"
5: CustomTrackingRecord [1] "iCPSTraceTrackingRecord"
6: Activity [1] "ExecuteScriptDefinitionActivity" is Closed
{
    Arguments
        IsLongRunning: True
        Result: an expected return value
        ScriptId: 866bb012-3b77-485c-a8fa-6f59a1e3279b
        InitParam: some init parameters
        RunParam: some run parameters
        EventParam: some event parameters
        NodeId: 2147483662
}
7: WorkflowInstance "ExecuteScriptDefinitionActivity" is Completed</StdOut>
      </Output>
    </UnitTestResult>
    <UnitTestResult executionId="ad40f222-f32f-4ec8-959d-70203ba1a9ba" testId="54337495-1bc9-60b1-7975-d8c80a0347d5" testName="Invoke_ExcutionFails_ThrowsException" computerName="ICSWS068" duration="00:00:00.0034160" startTime="2016-08-04T09:58:40.2312598+02:00" endTime="2016-08-04T09:58:40.2367641+02:00" testType="13cdc9d9-ddb5-4fa4-a97d-d965ccfc6d4b" outcome="Passed" testListId="8c84fa94-04c1-424b-9868-57a2d4851a1d" relativeResultsDirectory="ad40f222-f32f-4ec8-959d-70203ba1a9ba">
      <Output>
        <StdOut>Debug Trace:
0: WorkflowInstance "ExecuteScriptDefinitionActivity" is Started
1: Activity [null] "null" scheduled child activity [1] "ExecuteScriptDefinitionActivity"
2: Activity [1] "ExecuteScriptDefinitionActivity" is Executing
{
    Arguments
        IsLongRunning: True
        ScriptId: d9e395c3-89f1-48db-9704-988d4257fe77
        InitParam: some init parameters
        RunParam: some run parameters
        EventParam: some event parameters
        NodeId: 2147483662
}
3: Activity [1] "ExecuteScriptDefinitionActivity" is Faulted
{
    Arguments
        IsLongRunning: True
        Result: 
        ScriptId: d9e395c3-89f1-48db-9704-988d4257fe77
        InitParam: some init parameters
        RunParam: some run parameters
        EventParam: some event parameters
        NodeId: 2147483662
}
4: Fault source [1] "ExecuteScriptDefinitionActivity"
5: WorkflowInstance "ExecuteScriptDefinitionActivity" Unhandled Exception Source "ExecuteScriptDefinitionActivity" Exception &lt;Testing.Common.TestException: Test exception
   at Moq.MethodCall.Execute(ICallContext call)
   at Moq.ExecuteCall.HandleIntercept(ICallContext invocation, InterceptorContext ctx, CurrentInterceptContext localctx)
   at Moq.Interceptor.Intercept(ICallContext invocation)
   at Moq.Proxy.CastleProxyFactory.Interceptor.Intercept(IInvocation invocation)
   at Castle.DynamicProxy.AbstractInvocation.Proceed()
   at Castle.Proxies.IExecuteComponentExtensionProxy.ExecuteComponentAsync(Guid workflowInstanceId, Bookmark bookmark, ExecuteInfo executeInfo)
   at iCore.Workflow.Activities.iCPS.ExecuteScriptDefinitionActivity.Execute(NativeActivityContext context)
   at System.Activities.NativeActivity`1.InternalExecute(ActivityInstance instance, ActivityExecutor executor, BookmarkManager bookmarkManager)
   at System.Activities.ActivityInstance.Execute(ActivityExecutor executor, BookmarkManager bookmarkManager)
   at System.Activities.Runtime.ActivityExecutor.ExecuteActivityWorkItem.ExecuteBody(ActivityExecutor executor, BookmarkManager bookmarkManager, Location resultLocation)&gt;
6: WorkflowInstance "ExecuteScriptDefinitionActivity" Terminated Reason "Test exception"</StdOut>
      </Output>
    </UnitTestResult>
    <UnitTestResult executionId="11cc43f8-f3fe-4357-9215-32c12f689c05" testId="b1aed6b3-28e8-c95d-6e79-9a0d3836cf5b" testName="Invoke_RequiredInArgumentScriptIdIsMissing_ThrowsArgumentException" computerName="ICSWS068" duration="00:00:00.0029635" startTime="2016-08-04T09:58:40.2402661+02:00" endTime="2016-08-04T09:58:40.2447696+02:00" testType="13cdc9d9-ddb5-4fa4-a97d-d965ccfc6d4b" outcome="Passed" testListId="8c84fa94-04c1-424b-9868-57a2d4851a1d" relativeResultsDirectory="11cc43f8-f3fe-4357-9215-32c12f689c05" />
    <UnitTestResult executionId="083144e2-6f3a-4b93-8806-fade9936613a" testId="b3cd2c2d-b3cf-b55b-3e18-c54c1caed222" testName="InvokeActivity_NormalExecution_Success" computerName="ICSWS068" duration="00:00:00.0397779" startTime="2016-08-04T09:58:40.2487730+02:00" endTime="2016-08-04T09:58:40.2898017+02:00" testType="13cdc9d9-ddb5-4fa4-a97d-d965ccfc6d4b" outcome="Passed" testListId="8c84fa94-04c1-424b-9868-57a2d4851a1d" relativeResultsDirectory="083144e2-6f3a-4b93-8806-fade9936613a" />
    <UnitTestResult executionId="7c13fb1b-3535-492f-8f34-d06cb3799528" testId="dfd1b7a8-dc73-1ce6-9091-79aa35d05c1f" testName="Invoke_ValidParameterSuppliedwNoWaitForCompletion_ParameterSentToHostExtension" computerName="ICSWS068" duration="00:00:00.0060224" startTime="2016-08-04T09:58:40.2938045+02:00" endTime="2016-08-04T09:58:40.3013103+02:00" testType="13cdc9d9-ddb5-4fa4-a97d-d965ccfc6d4b" outcome="Passed" testListId="8c84fa94-04c1-424b-9868-57a2d4851a1d" relativeResultsDirectory="7c13fb1b-3535-492f-8f34-d06cb3799528">
      <Output>
        <StdOut>Debug Trace:
Argument: [ArumentName][In][System.Guid]</StdOut>
      </Output>
    </UnitTestResult>
    <UnitTestResult executionId="078eeb59-fb80-4b64-be79-ed4533b7287b" testId="36d895e9-bf54-5380-9ad7-d524d983e01d" testName="InvokeActivity_RequiredExtensionIsMissing_UnhandledException" computerName="ICSWS068" duration="00:00:00.0016823" startTime="2016-08-04T09:58:40.3053131+02:00" endTime="2016-08-04T09:58:40.3083148+02:00" testType="13cdc9d9-ddb5-4fa4-a97d-d965ccfc6d4b" outcome="Passed" testListId="8c84fa94-04c1-424b-9868-57a2d4851a1d" relativeResultsDirectory="078eeb59-fb80-4b64-be79-ed4533b7287b" />
    <UnitTestResult executionId="d4b5c1a3-9be7-48d2-b7df-fbda1241a476" testId="54469cc0-a05c-8a55-a7b6-77d1ad9fa5a0" testName="InvokeActivity_InspectDefaultValuesNoWait_Success" computerName="ICSWS068" duration="00:00:00.0076355" startTime="2016-08-04T09:58:40.3113177+02:00" endTime="2016-08-04T09:58:40.3203234+02:00" testType="13cdc9d9-ddb5-4fa4-a97d-d965ccfc6d4b" outcome="Passed" testListId="8c84fa94-04c1-424b-9868-57a2d4851a1d" relativeResultsDirectory="d4b5c1a3-9be7-48d2-b7df-fbda1241a476" />
    <UnitTestResult executionId="2b86e7c3-0a2d-443e-bcb6-0b642a9c1537" testId="4a6cdf71-3723-cbd2-4b6d-b33379262d0f" testName="InvokeActivity_InspectDefaultValuesWait_Success" computerName="ICSWS068" duration="00:00:00.0085971" startTime="2016-08-04T09:58:40.3243269+02:00" endTime="2016-08-04T09:58:40.3338329+02:00" testType="13cdc9d9-ddb5-4fa4-a97d-d965ccfc6d4b" outcome="Passed" testListId="8c84fa94-04c1-424b-9868-57a2d4851a1d" relativeResultsDirectory="2b86e7c3-0a2d-443e-bcb6-0b642a9c1537" />
    <UnitTestResult executionId="a1540c16-d78d-4273-b524-aa8136f0e925" testId="604637eb-5861-e915-99e4-16854b9b81d0" testName="InvokeActivity_WaitNoChildJob_Success" computerName="ICSWS068" duration="00:00:00.0059511" startTime="2016-08-04T09:58:40.3378360+02:00" endTime="2016-08-04T09:58:40.3453415+02:00" testType="13cdc9d9-ddb5-4fa4-a97d-d965ccfc6d4b" outcome="Passed" testListId="8c84fa94-04c1-424b-9868-57a2d4851a1d" relativeResultsDirectory="a1540c16-d78d-4273-b524-aa8136f0e925" />
    <UnitTestResult executionId="69e36c53-3046-4d2f-92de-ea9415e32f76" testId="dba76ba6-45b9-643b-3546-acd61689ba7b" testName="InvokeActivity_WorkflowDefinitionIdDoesNotExistInSystem_ActivityThrowsException" computerName="ICSWS068" duration="00:00:00.0050151" startTime="2016-08-04T09:58:40.3488438+02:00" endTime="2016-08-04T09:58:40.3553486+02:00" testType="13cdc9d9-ddb5-4fa4-a97d-d965ccfc6d4b" outcome="Passed" testListId="8c84fa94-04c1-424b-9868-57a2d4851a1d" relativeResultsDirectory="69e36c53-3046-4d2f-92de-ea9415e32f76" />
    <UnitTestResult executionId="2133584e-8132-4b92-b8dc-c83953c221eb" testId="8a707d97-88a3-2375-9f12-ae725e7e01b4" testName="Invoke_WaitForCompletionSpawnedFails_ThrowsException" computerName="ICSWS068" duration="00:00:00.0056514" startTime="2016-08-04T09:58:40.3578501+02:00" endTime="2016-08-04T09:58:40.3968784+02:00" testType="13cdc9d9-ddb5-4fa4-a97d-d965ccfc6d4b" outcome="Passed" testListId="8c84fa94-04c1-424b-9868-57a2d4851a1d" relativeResultsDirectory="2133584e-8132-4b92-b8dc-c83953c221eb" />
    <UnitTestResult executionId="1985699a-753c-438e-a2e0-eea933897dba" testId="ee706cf6-a97c-783e-db14-1426d688b1cb" testName="Invoke_WaitForCompletionOutArgExists_ActivityCompletesWithCorrectOutput" computerName="ICSWS068" duration="00:00:00.0087162" startTime="2016-08-04T09:58:40.3998807+02:00" endTime="2016-08-04T09:58:40.4103882+02:00" testType="13cdc9d9-ddb5-4fa4-a97d-d965ccfc6d4b" outcome="Passed" testListId="8c84fa94-04c1-424b-9868-57a2d4851a1d" relativeResultsDirectory="1985699a-753c-438e-a2e0-eea933897dba">
      <Output>
        <StdOut>Debug Trace:
Argument: [inArg][In][System.String]
Argument: [inOutArgument][InOut][System.String]
Argument: [outArgument][Out][System.String]</StdOut>
      </Output>
    </UnitTestResult>
    <UnitTestResult executionId="6bb7f48a-fd0b-4bc1-bf3d-d40a83b75a92" testId="f25b8196-dccb-eee0-7005-903f657d3804" testName="Invoke_WaitForCompletionOutArgExistsButNotReturned_Throws" computerName="ICSWS068" duration="00:00:00.0073259" startTime="2016-08-04T09:58:40.4148916+02:00" endTime="2016-08-04T09:58:40.4243985+02:00" testType="13cdc9d9-ddb5-4fa4-a97d-d965ccfc6d4b" outcome="Passed" testListId="8c84fa94-04c1-424b-9868-57a2d4851a1d" relativeResultsDirectory="6bb7f48a-fd0b-4bc1-bf3d-d40a83b75a92">
      <Output>
        <StdOut>Debug Trace:
Argument: [inOutArgument][InOut][System.String]
Argument: [outArgument][Out][System.String]</StdOut>
      </Output>
    </UnitTestResult>
    <UnitTestResult executionId="73d1a935-c9c3-46d5-85bd-c958803bb96b" testId="7a6d23ae-1051-b127-a0d8-092c83b984be" testName="Invoke_AllInArguments_ActivityStateIsClosed" computerName="ICSWS068" duration="00:00:00.0322596" startTime="2016-08-04T09:58:40.4284011+02:00" endTime="2016-08-04T09:58:40.4619301+02:00" testType="13cdc9d9-ddb5-4fa4-a97d-d965ccfc6d4b" outcome="Passed" testListId="8c84fa94-04c1-424b-9868-57a2d4851a1d" relativeResultsDirectory="73d1a935-c9c3-46d5-85bd-c958803bb96b">
      <Output>
        <StdOut>Debug Trace:
0: WorkflowInstance "StopFilesystemListenerActivity" is Started
1: Activity [null] "null" scheduled child activity [1] "StopFilesystemListenerActivity"
2: Activity [1] "StopFilesystemListenerActivity" is Executing
{
    Arguments
        SubscriptionId: 7dc7b024-d155-477d-afb2-2dbb8ab2d200
}
3: CustomTrackingRecord [1] "iCPSTraceTrackingRecord"
4: Activity [1] "StopFilesystemListenerActivity" is Closed
{
    Arguments
        SubscriptionId: 7dc7b024-d155-477d-afb2-2dbb8ab2d200
}
5: WorkflowInstance "StopFilesystemListenerActivity" is Completed</StdOut>
      </Output>
    </UnitTestResult>
    <UnitTestResult executionId="1efc4348-07f2-4ba6-9686-982da72253ff" testId="eef16b53-e401-5f79-d7eb-62cc4099131a" testName="Invoke_AllInArguments_InvokesRemoveListenerOnce" computerName="ICSWS068" duration="00:00:00.0028926" startTime="2016-08-04T09:58:40.4649321+02:00" endTime="2016-08-04T09:58:40.4689350+02:00" testType="13cdc9d9-ddb5-4fa4-a97d-d965ccfc6d4b" outcome="Passed" testListId="8c84fa94-04c1-424b-9868-57a2d4851a1d" relativeResultsDirectory="1efc4348-07f2-4ba6-9686-982da72253ff">
      <Output>
        <StdOut>Debug Trace:
0: WorkflowInstance "StopFilesystemListenerActivity" is Started
1: Activity [null] "null" scheduled child activity [1] "StopFilesystemListenerActivity"
2: Activity [1] "StopFilesystemListenerActivity" is Executing
{
    Arguments
        SubscriptionId: d65d96d2-5454-47c1-81bb-ee2e5612b9bb
}
3: CustomTrackingRecord [1] "iCPSTraceTrackingRecord"
4: Activity [1] "StopFilesystemListenerActivity" is Closed
{
    Arguments
        SubscriptionId: d65d96d2-5454-47c1-81bb-ee2e5612b9bb
}
5: WorkflowInstance "StopFilesystemListenerActivity" is Completed</StdOut>
      </Output>
    </UnitTestResult>
    <UnitTestResult executionId="9d8cd935-95cd-4deb-870f-7f7b7edf418e" testId="73378dcd-a06c-ec9c-b6d3-0a336e34ff58" testName="Invoke_AllInArguments_InvokesRemoveListenerWithWFInstanceId" computerName="ICSWS068" duration="00:00:00.0027424" startTime="2016-08-04T09:58:40.4719370+02:00" endTime="2016-08-04T09:58:40.4759398+02:00" testType="13cdc9d9-ddb5-4fa4-a97d-d965ccfc6d4b" outcome="Passed" testListId="8c84fa94-04c1-424b-9868-57a2d4851a1d" relativeResultsDirectory="9d8cd935-95cd-4deb-870f-7f7b7edf418e">
      <Output>
        <StdOut>Debug Trace:
0: WorkflowInstance "StopFilesystemListenerActivity" is Started
1: Activity [null] "null" scheduled child activity [1] "StopFilesystemListenerActivity"
2: Activity [1] "StopFilesystemListenerActivity" is Executing
{
    Arguments
        SubscriptionId: db41e3f6-de8e-44be-8243-519d086fb3ec
}
3: CustomTrackingRecord [1] "iCPSTraceTrackingRecord"
4: Activity [1] "StopFilesystemListenerActivity" is Closed
{
    Arguments
        SubscriptionId: db41e3f6-de8e-44be-8243-519d086fb3ec
}
5: WorkflowInstance "StopFilesystemListenerActivity" is Completed</StdOut>
      </Output>
    </UnitTestResult>
    <UnitTestResult executionId="26a1c4f3-f507-4da0-a690-5bda70c739bb" testId="b85766d4-61be-2ed8-8789-719a57c1ee55" testName="Invoke_AllInArguments_LogsOnJobId" computerName="ICSWS068" duration="00:00:00.0019712" startTime="2016-08-04T09:58:40.4789418+02:00" endTime="2016-08-04T09:58:40.4824450+02:00" testType="13cdc9d9-ddb5-4fa4-a97d-d965ccfc6d4b" outcome="Passed" testListId="8c84fa94-04c1-424b-9868-57a2d4851a1d" relativeResultsDirectory="26a1c4f3-f507-4da0-a690-5bda70c739bb">
      <Output>
        <StdOut>Debug Trace:
0: WorkflowInstance "StopFilesystemListenerActivity" is Started
1: Activity [null] "null" scheduled child activity [1] "StopFilesystemListenerActivity"
2: Activity [1] "StopFilesystemListenerActivity" is Executing
{
    Arguments
        SubscriptionId: 9ab032a1-adae-4a65-8bb6-d608db71fd62
}
3: CustomTrackingRecord [1] "iCPSTraceTrackingRecord"
4: Activity [1] "StopFilesystemListenerActivity" is Closed
{
    Arguments
        SubscriptionId: 9ab032a1-adae-4a65-8bb6-d608db71fd62
}
5: WorkflowInstance "StopFilesystemListenerActivity" is Completed</StdOut>
      </Output>
    </UnitTestResult>
    <UnitTestResult executionId="efc960b6-ee32-48b3-a5e7-61d585f37187" testId="586b52ca-638d-92eb-ec05-c29b2cf86cf8" testName="Invoke_ExecutionFails_ThrowsException" computerName="ICSWS068" duration="00:00:00.0023298" startTime="2016-08-04T09:58:40.4849461+02:00" endTime="2016-08-04T09:58:40.4889490+02:00" testType="13cdc9d9-ddb5-4fa4-a97d-d965ccfc6d4b" outcome="Passed" testListId="8c84fa94-04c1-424b-9868-57a2d4851a1d" relativeResultsDirectory="efc960b6-ee32-48b3-a5e7-61d585f37187">
      <Output>
        <StdOut>Debug Trace:
0: WorkflowInstance "StopFilesystemListenerActivity" is Started
1: Activity [null] "null" scheduled child activity [1] "StopFilesystemListenerActivity"
2: Activity [1] "StopFilesystemListenerActivity" is Executing
{
    Arguments
        SubscriptionId: d712c48a-8b30-4070-840c-a9194ee280e9
}
3: CustomTrackingRecord [1] "iCPSTraceTrackingRecord"
4: Activity [1] "StopFilesystemListenerActivity" is Faulted
{
    Arguments
        SubscriptionId: d712c48a-8b30-4070-840c-a9194ee280e9
}
5: Fault source [1] "StopFilesystemListenerActivity"
6: WorkflowInstance "StopFilesystemListenerActivity" Unhandled Exception Source "StopFilesystemListenerActivity" Exception &lt;Testing.Common.TestException: Test exception
   at Moq.MethodCall.Execute(ICallContext call)
   at Moq.MethodCallReturn`2.Execute(ICallContext call)
   at Moq.ExecuteCall.HandleIntercept(ICallContext invocation, InterceptorContext ctx, CurrentInterceptContext localctx)
   at Moq.Interceptor.Intercept(ICallContext invocation)
   at Moq.Proxy.CastleProxyFactory.Interceptor.Intercept(IInvocation invocation)
   at Castle.DynamicProxy.AbstractInvocation.Proceed()
   at Castle.Proxies.IFileSystemWatcherExtensionProxy.RemoveProvider(Guid providerId)
   at iCore.Workflow.Activities.Filesystem.StopFilesystemListenerActivity.Execute(CodeActivityContext context)
   at System.Activities.CodeActivity.InternalExecute(ActivityInstance instance, ActivityExecutor executor, BookmarkManager bookmarkManager)
   at System.Activities.ActivityInstance.Execute(ActivityExecutor executor, BookmarkManager bookmarkManager)
   at System.Activities.Runtime.ActivityExecutor.ExecuteActivityWorkItem.ExecuteBody(ActivityExecutor executor, BookmarkManager bookmarkManager, Location resultLocation)&gt;
7: WorkflowInstance "StopFilesystemListenerActivity" Terminated Reason "Test exception"</StdOut>
      </Output>
    </UnitTestResult>
    <UnitTestResult executionId="5bd2030d-819d-4525-b506-5016c1f66cf9" testId="570c4980-75b7-d2dd-3a6b-d74c141d16be" testName="Invoke_RequiredArgumentConfigurationIsMissing_ThrowsArgumentException" computerName="ICSWS068" duration="00:00:00.0015559" startTime="2016-08-04T09:58:40.4914507+02:00" endTime="2016-08-04T09:58:40.4949539+02:00" testType="13cdc9d9-ddb5-4fa4-a97d-d965ccfc6d4b" outcome="Passed" testListId="8c84fa94-04c1-424b-9868-57a2d4851a1d" relativeResultsDirectory="5bd2030d-819d-4525-b506-5016c1f66cf9" />
    <UnitTestResult executionId="50436145-bf47-4053-a04c-c6cf4d1b0b2e" testId="1464c6e6-1d51-1ea9-f3d7-9a08e6e3e782" testName="Invoke_AllInArguments_InvokesActivateOnce" computerName="ICSWS068" duration="00:00:00.0492557" startTime="2016-08-04T09:58:40.4979559+02:00" endTime="2016-08-04T09:58:40.5489928+02:00" testType="13cdc9d9-ddb5-4fa4-a97d-d965ccfc6d4b" outcome="Passed" testListId="8c84fa94-04c1-424b-9868-57a2d4851a1d" relativeResultsDirectory="50436145-bf47-4053-a04c-c6cf4d1b0b2e">
      <Output>
        <StdOut>Debug Trace:
0: WorkflowInstance "InternalGetNextFileActivity" is Started
1: Activity [null] "null" scheduled child activity [1] "InternalGetNextFileActivity"
2: Activity [1] "InternalGetNextFileActivity" is Executing
{
    Arguments
        ErrorOnTimeout: False
        SubscriptionId: acf572bc-52c1-421e-a81b-e00d7bd6c357
        Timeout: 00:00:59
        IsImplicitlyCancellable: True
}
3: CustomTrackingRecord [1] "iCPSTraceTrackingRecord"
4: WorkflowInstance "InternalGetNextFileActivity" is Idle</StdOut>
      </Output>
    </UnitTestResult>
    <UnitTestResult executionId="d4371805-ab3a-4c96-a4da-7016d112c7d1" testId="b243954a-41c5-7d12-8710-b84bb72c9870" testName="Invoke_SubscriptionNotStarted_ThrowsInvalidOperationException" computerName="ICSWS068" duration="00:00:00.0034037" startTime="2016-08-04T09:58:40.5519943+02:00" endTime="2016-08-04T09:58:40.5569977+02:00" testType="13cdc9d9-ddb5-4fa4-a97d-d965ccfc6d4b" outcome="Passed" testListId="8c84fa94-04c1-424b-9868-57a2d4851a1d" relativeResultsDirectory="d4371805-ab3a-4c96-a4da-7016d112c7d1">
      <Output>
        <StdOut>Debug Trace:
0: WorkflowInstance "InternalGetNextFileActivity" is Started
1: Activity [null] "null" scheduled child activity [1] "InternalGetNextFileActivity"
2: Activity [1] "InternalGetNextFileActivity" is Executing
{
    Arguments
        ErrorOnTimeout: False
        SubscriptionId: a2418692-e6e9-4765-a835-33c15092b507
        Timeout: 00:00:59
        IsImplicitlyCancellable: True
}
3: CustomTrackingRecord [1] "iCPSTraceTrackingRecord"
4: Activity [1] "InternalGetNextFileActivity" is Faulted
{
    Arguments
        ErrorOnTimeout: False
        SubscriptionId: a2418692-e6e9-4765-a835-33c15092b507
        FileName: 
        Timeout: 00:00:59
        FileFullName: 
        IsImplicitlyCancellable: True
        WatchType: 0
}
5: Fault source [1] "InternalGetNextFileActivity"
6: WorkflowInstance "InternalGetNextFileActivity" Unhandled Exception Source "InternalGetNextFileActivity" Exception &lt;System.InvalidOperationException: Operation is not valid due to the current state of the object.
   at Moq.MethodCall.Execute(ICallContext call)
   at Moq.MethodCallReturn`2.Execute(ICallContext call)
   at Moq.ExecuteCall.HandleIntercept(ICallContext invocation, InterceptorContext ctx, CurrentInterceptContext localctx)
   at Moq.Interceptor.Intercept(ICallContext invocation)
   at Moq.Proxy.CastleProxyFactory.Interceptor.Intercept(IInvocation invocation)
   at Castle.DynamicProxy.AbstractInvocation.Proceed()
   at Castle.Proxies.IFileSystemWatcherExtensionProxy.TryGetConfiguration(Guid providerId)
   at iCore.Workflow.Activities.Filesystem.InternalGetNextFileActivity.UpdateConfiguration(NativeActivityContext context)
   at iCore.Workflow.Activities.Filesystem.InternalGetNextFileActivity.Execute(NativeActivityContext context)
   at System.Activities.NativeActivity.InternalExecute(ActivityInstance instance, ActivityExecutor executor, BookmarkManager bookmarkManager)
   at System.Activities.ActivityInstance.Execute(ActivityExecutor executor, BookmarkManager bookmarkManager)
   at System.Activities.Runtime.ActivityExecutor.ExecuteActivityWorkItem.ExecuteBody(ActivityExecutor executor, BookmarkManager bookmarkManager, Location resultLocation)&gt;
7: WorkflowInstance "InternalGetNextFileActivity" Terminated Reason "Operation is not valid due to the current state of the object."</StdOut>
      </Output>
    </UnitTestResult>
    <UnitTestResult executionId="40aeae07-71fb-4829-92a6-c60484de6c31" testId="2811f0c8-270f-cd8e-fde0-401582fb7978" testName="Invoke_AllInArguments_InvokesActivateWithTimeoutInFiveSeconds" computerName="ICSWS068" duration="00:00:00.0030357" startTime="2016-08-04T09:58:40.5610009+02:00" endTime="2016-08-04T09:58:40.5655043+02:00" testType="13cdc9d9-ddb5-4fa4-a97d-d965ccfc6d4b" outcome="Passed" testListId="8c84fa94-04c1-424b-9868-57a2d4851a1d" relativeResultsDirectory="40aeae07-71fb-4829-92a6-c60484de6c31">
      <Output>
        <StdOut>Debug Trace:
0: WorkflowInstance "InternalGetNextFileActivity" is Started
1: Activity [null] "null" scheduled child activity [1] "InternalGetNextFileActivity"
2: Activity [1] "InternalGetNextFileActivity" is Executing
{
    Arguments
        ErrorOnTimeout: False
        SubscriptionId: f673fafe-1289-4ada-bbab-e639ed7496ab
        Timeout: 00:00:05
        IsImplicitlyCancellable: True
}
3: CustomTrackingRecord [1] "iCPSTraceTrackingRecord"
4: WorkflowInstance "InternalGetNextFileActivity" is Idle</StdOut>
      </Output>
    </UnitTestResult>
    <UnitTestResult executionId="0dc37582-da4b-4d78-b3f8-889a5ad388c0" testId="926decfa-b35f-9ff3-ec75-81dc9d412fd2" testName="Invoke_AllInArguments_ActivityBecomesIdle" computerName="ICSWS068" duration="00:00:00.0014905" startTime="2016-08-04T09:58:40.5690066+02:00" endTime="2016-08-04T09:58:40.5720095+02:00" testType="13cdc9d9-ddb5-4fa4-a97d-d965ccfc6d4b" outcome="Passed" testListId="8c84fa94-04c1-424b-9868-57a2d4851a1d" relativeResultsDirectory="0dc37582-da4b-4d78-b3f8-889a5ad388c0">
      <Output>
        <StdOut>Debug Trace:
0: WorkflowInstance "InternalGetNextFileActivity" is Started
1: Activity [null] "null" scheduled child activity [1] "InternalGetNextFileActivity"
2: Activity [1] "InternalGetNextFileActivity" is Executing
{
    Arguments
        ErrorOnTimeout: False
        SubscriptionId: 400a5d53-44ae-4752-9780-1ce95f517b48
        Timeout: 00:00:59
        IsImplicitlyCancellable: True
}
3: CustomTrackingRecord [1] "iCPSTraceTrackingRecord"
4: WorkflowInstance "InternalGetNextFileActivity" is Idle</StdOut>
      </Output>
    </UnitTestResult>
    <UnitTestResult executionId="9f688e88-c052-412c-8669-0da0f19b8800" testId="075cf9d3-a55b-3967-b027-5249bc96c1e3" testName="Invoke_CancelActivityWhenIdle_ActivityStateIsCanceled" computerName="ICSWS068" duration="00:00:00.0022565" startTime="2016-08-04T09:58:40.5755112+02:00" endTime="2016-08-04T09:58:40.5810152+02:00" testType="13cdc9d9-ddb5-4fa4-a97d-d965ccfc6d4b" outcome="Passed" testListId="8c84fa94-04c1-424b-9868-57a2d4851a1d" relativeResultsDirectory="9f688e88-c052-412c-8669-0da0f19b8800">
      <Output>
        <StdOut>Debug Trace:
0: WorkflowInstance "InternalGetNextFileActivity" is Started
1: Activity [null] "null" scheduled child activity [1] "InternalGetNextFileActivity"
2: Activity [1] "InternalGetNextFileActivity" is Executing
{
    Arguments
        ErrorOnTimeout: False
        SubscriptionId: 6fc57350-cc76-4e49-a931-412c042cd0f5
        Timeout: 00:00:59
        IsImplicitlyCancellable: True
}
3: CustomTrackingRecord [1] "iCPSTraceTrackingRecord"
4: WorkflowInstance "InternalGetNextFileActivity" is Idle
5: Host requests cancel of activity [1] "InternalGetNextFileActivity"
6: CustomTrackingRecord [1] "iCPSTraceTrackingRecord"
7: Activity [1] "InternalGetNextFileActivity" is Canceled
{
    Arguments
        ErrorOnTimeout: False
        SubscriptionId: 6fc57350-cc76-4e49-a931-412c042cd0f5
        FileName: 
        Timeout: 00:00:59
        FileFullName: 
        IsImplicitlyCancellable: True
        WatchType: 0
}
8: WorkflowInstance "InternalGetNextFileActivity" is Canceled</StdOut>
      </Output>
    </UnitTestResult>
    <UnitTestResult executionId="7fd2bdcf-92ed-4f25-bbc2-452646ffecd4" testId="cae623e6-2ebb-9e72-acb2-d3e933cc8bd1" testName="Invoke_CancelActivity_InvokesDeactivate" computerName="ICSWS068" duration="00:00:00.0044987" startTime="2016-08-04T09:58:40.5850180+02:00" endTime="2016-08-04T09:58:40.5910229+02:00" testType="13cdc9d9-ddb5-4fa4-a97d-d965ccfc6d4b" outcome="Passed" testListId="8c84fa94-04c1-424b-9868-57a2d4851a1d" relativeResultsDirectory="7fd2bdcf-92ed-4f25-bbc2-452646ffecd4">
      <Output>
        <StdOut>Debug Trace:
0: WorkflowInstance "InternalGetNextFileActivity" is Started
1: Activity [null] "null" scheduled child activity [1] "InternalGetNextFileActivity"
2: Activity [1] "InternalGetNextFileActivity" is Executing
{
    Arguments
        ErrorOnTimeout: False
        SubscriptionId: 967c1b11-a4e4-4271-a74d-d93caa881ef7
        Timeout: 00:00:59
        IsImplicitlyCancellable: True
}
3: CustomTrackingRecord [1] "iCPSTraceTrackingRecord"
4: WorkflowInstance "InternalGetNextFileActivity" is Idle
5: Host requests cancel of activity [1] "InternalGetNextFileActivity"
6: CustomTrackingRecord [1] "iCPSTraceTrackingRecord"
7: Activity [1] "InternalGetNextFileActivity" is Canceled
{
    Arguments
        ErrorOnTimeout: False
        SubscriptionId: 967c1b11-a4e4-4271-a74d-d93caa881ef7
        FileName: 
        Timeout: 00:00:59
        FileFullName: 
        IsImplicitlyCancellable: True
        WatchType: 0
}
8: WorkflowInstance "InternalGetNextFileActivity" is Canceled</StdOut>
      </Output>
    </UnitTestResult>
    <UnitTestResult executionId="c68e0054-f110-46db-889a-56e962a8d02a" testId="d2a26aa1-1bc6-8622-9b14-00379f96fd3a" testName="Invoke_ExecutionFails_InvokesDeactivate" computerName="ICSWS068" duration="00:00:00.0049435" startTime="2016-08-04T09:58:40.5955255+02:00" endTime="2016-08-04T09:58:40.6020301+02:00" testType="13cdc9d9-ddb5-4fa4-a97d-d965ccfc6d4b" outcome="Passed" testListId="8c84fa94-04c1-424b-9868-57a2d4851a1d" relativeResultsDirectory="c68e0054-f110-46db-889a-56e962a8d02a">
      <Output>
        <StdOut>Debug Trace:
0: WorkflowInstance "InternalGetNextFileActivity" is Started
1: Activity [null] "null" scheduled child activity [1] "InternalGetNextFileActivity"
2: Activity [1] "InternalGetNextFileActivity" is Executing
{
    Arguments
        ErrorOnTimeout: False
        SubscriptionId: 04d44da0-8c1d-4b4a-9291-1677fd475a91
        Timeout: 00:00:59
        IsImplicitlyCancellable: True
}
3: CustomTrackingRecord [1] "iCPSTraceTrackingRecord"
4: CustomTrackingRecord [1] "iCPSTraceTrackingRecord"
5: Activity [1] "InternalGetNextFileActivity" is Faulted
{
    Arguments
        ErrorOnTimeout: False
        SubscriptionId: 04d44da0-8c1d-4b4a-9291-1677fd475a91
        FileName: 
        Timeout: 00:00:59
        FileFullName: 
        IsImplicitlyCancellable: True
        WatchType: 0
}
6: Fault source [1] "InternalGetNextFileActivity"
7: WorkflowInstance "InternalGetNextFileActivity" Unhandled Exception Source "InternalGetNextFileActivity" Exception &lt;Testing.Common.TestException: Test exception
   at Moq.MethodCall.Execute(ICallContext call)
   at Moq.ExecuteCall.HandleIntercept(ICallContext invocation, InterceptorContext ctx, CurrentInterceptContext localctx)
   at Moq.Interceptor.Intercept(ICallContext invocation)
   at Moq.Proxy.CastleProxyFactory.Interceptor.Intercept(IInvocation invocation)
   at Castle.DynamicProxy.AbstractInvocation.Proceed()
   at Castle.Proxies.IFileSystemWatcherExtensionProxy.AddSubscription(Guid providerId, Nullable`1 jobId, Bookmark bookmark, TimeSpan timeout)
   at iCore.Workflow.Activities.Filesystem.InternalGetNextFileActivity.Execute(NativeActivityContext context)
   at System.Activities.NativeActivity.InternalExecute(ActivityInstance instance, ActivityExecutor executor, BookmarkManager bookmarkManager)
   at System.Activities.ActivityInstance.Execute(ActivityExecutor executor, BookmarkManager bookmarkManager)
   at System.Activities.Runtime.ActivityExecutor.ExecuteActivityWorkItem.ExecuteBody(ActivityExecutor executor, BookmarkManager bookmarkManager, Location resultLocation)&gt;
8: WorkflowInstance "InternalGetNextFileActivity" Terminated Reason "Test exception"</StdOut>
      </Output>
    </UnitTestResult>
    <UnitTestResult executionId="0413bdda-0e21-466c-a42f-d819e80fdd69" testId="d96c0db2-6742-4eda-fdaf-5b012a573a2a" testName="Invoke_AllInArguments_OneBookmarkCreated" computerName="ICSWS068" duration="00:00:00.0020234" startTime="2016-08-04T09:58:40.6055327+02:00" endTime="2016-08-04T09:58:40.6090352+02:00" testType="13cdc9d9-ddb5-4fa4-a97d-d965ccfc6d4b" outcome="Passed" testListId="8c84fa94-04c1-424b-9868-57a2d4851a1d" relativeResultsDirectory="0413bdda-0e21-466c-a42f-d819e80fdd69">
      <Output>
        <StdOut>Debug Trace:
0: WorkflowInstance "InternalGetNextFileActivity" is Started
1: Activity [null] "null" scheduled child activity [1] "InternalGetNextFileActivity"
2: Activity [1] "InternalGetNextFileActivity" is Executing
{
    Arguments
        ErrorOnTimeout: False
        SubscriptionId: e74f8fb3-0771-428a-8671-50f7d19b4ff2
        Timeout: 00:00:59
        IsImplicitlyCancellable: True
}
3: CustomTrackingRecord [1] "iCPSTraceTrackingRecord"
4: WorkflowInstance "InternalGetNextFileActivity" is Idle</StdOut>
      </Output>
    </UnitTestResult>
    <UnitTestResult executionId="4b47c7f0-dcc9-4c35-a5e0-d4aa124fbda3" testId="aa4a87bc-6b96-9597-16de-b8f6f7888d6c" testName="Invoke_AllInArguments_BookmarkNameIsGuid" computerName="ICSWS068" duration="00:00:00.0015504" startTime="2016-08-04T09:58:40.6130381+02:00" endTime="2016-08-04T09:58:40.6160401+02:00" testType="13cdc9d9-ddb5-4fa4-a97d-d965ccfc6d4b" outcome="Passed" testListId="8c84fa94-04c1-424b-9868-57a2d4851a1d" relativeResultsDirectory="4b47c7f0-dcc9-4c35-a5e0-d4aa124fbda3">
      <Output>
        <StdOut>Debug Trace:
0: WorkflowInstance "InternalGetNextFileActivity" is Started
1: Activity [null] "null" scheduled child activity [1] "InternalGetNextFileActivity"
2: Activity [1] "InternalGetNextFileActivity" is Executing
{
    Arguments
        ErrorOnTimeout: False
        SubscriptionId: 6c38b0c5-0c58-4384-829c-ac74728eb0aa
        Timeout: 00:00:59
        IsImplicitlyCancellable: True
}
3: CustomTrackingRecord [1] "iCPSTraceTrackingRecord"
4: WorkflowInstance "InternalGetNextFileActivity" is Idle</StdOut>
      </Output>
    </UnitTestResult>
    <UnitTestResult executionId="7db03e59-b199-4ea3-b01b-073b229479f5" testId="b31f0234-4ac9-9b85-46f6-b37e267bbccb" testName="Invoke_ResumeWithValidValue_ActivityCanResume" computerName="ICSWS068" duration="00:00:00.0051025" startTime="2016-08-04T09:58:40.6195427+02:00" endTime="2016-08-04T09:58:40.6265522+02:00" testType="13cdc9d9-ddb5-4fa4-a97d-d965ccfc6d4b" outcome="Passed" testListId="8c84fa94-04c1-424b-9868-57a2d4851a1d" relativeResultsDirectory="7db03e59-b199-4ea3-b01b-073b229479f5">
      <Output>
        <StdOut>Debug Trace:
0: WorkflowInstance "InternalGetNextFileActivity" is Started
1: Activity [null] "null" scheduled child activity [1] "InternalGetNextFileActivity"
2: Activity [1] "InternalGetNextFileActivity" is Executing
{
    Arguments
        ErrorOnTimeout: False
        SubscriptionId: 6284fe6a-56f5-4100-8861-def1c8e1fd13
        Timeout: 00:00:59
        IsImplicitlyCancellable: True
}
3: CustomTrackingRecord [1] "iCPSTraceTrackingRecord"
4: WorkflowInstance "InternalGetNextFileActivity" is Idle
5: Bookmark "f326e836-acd4-4b04-8873-401e30d2e2dc" resumed with payload &lt;iCore.Workflow.Activities.Extensions.ItemSubscriptionEventArgs`1[iCore.Common.Utilities.FileSystemWatcher.FileSystemWatcherFileInfo]&gt; owner [1] "InternalGetNextFileActivity"</StdOut>
      </Output>
    </UnitTestResult>
    <UnitTestResult executionId="d89455c0-4a4d-41ba-be80-5e71373b9050" testId="505a648d-94f9-6704-efd0-207802942134" testName="Invoke_ResumedWithValidValue_ActivityStateIsClosed" computerName="ICSWS068" duration="00:00:00.0018615" startTime="2016-08-04T09:58:40.6300551+02:00" endTime="2016-08-04T09:58:40.6330571+02:00" testType="13cdc9d9-ddb5-4fa4-a97d-d965ccfc6d4b" outcome="Passed" testListId="8c84fa94-04c1-424b-9868-57a2d4851a1d" relativeResultsDirectory="d89455c0-4a4d-41ba-be80-5e71373b9050">
      <Output>
        <StdOut>Debug Trace:
0: WorkflowInstance "InternalGetNextFileActivity" is Started
1: Activity [null] "null" scheduled child activity [1] "InternalGetNextFileActivity"
2: Activity [1] "InternalGetNextFileActivity" is Executing
{
    Arguments
        ErrorOnTimeout: False
        SubscriptionId: 0e98fcfd-0e72-42b5-a35d-833d28f1303e
        Timeout: 00:00:59
        IsImplicitlyCancellable: True
}
3: CustomTrackingRecord [1] "iCPSTraceTrackingRecord"
4: WorkflowInstance "InternalGetNextFileActivity" is Idle
5: Bookmark "0099e885-cd2b-43af-85e7-90c637628a45" resumed with payload &lt;iCore.Workflow.Activities.Extensions.ItemSubscriptionEventArgs`1[iCore.Common.Utilities.FileSystemWatcher.FileSystemWatcherFileInfo]&gt; owner [1] "InternalGetNextFileActivity"
6: CustomTrackingRecord [1] "iCPSTraceTrackingRecord"
7: Activity [1] "InternalGetNextFileActivity" is Closed
{
    Arguments
        ErrorOnTimeout: False
        SubscriptionId: 0e98fcfd-0e72-42b5-a35d-833d28f1303e
        FileName: 
        Timeout: 00:00:59
        FileFullName: 
        IsImplicitlyCancellable: True
        WatchType: Rename
}
8: WorkflowInstance "InternalGetNextFileActivity" is Completed</StdOut>
      </Output>
    </UnitTestResult>
    <UnitTestResult executionId="2dba94c7-a90a-4372-a85e-84c8b14d34a4" testId="9d351aa4-3945-d66a-6668-2a4e422f4b24" testName="Invoke_ResumedWithValidValue_OutArgumentFileNameIsSet" computerName="ICSWS068" duration="00:00:00.0020066" startTime="2016-08-04T09:58:40.6365597+02:00" endTime="2016-08-04T09:58:40.6400623+02:00" testType="13cdc9d9-ddb5-4fa4-a97d-d965ccfc6d4b" outcome="Passed" testListId="8c84fa94-04c1-424b-9868-57a2d4851a1d" relativeResultsDirectory="2dba94c7-a90a-4372-a85e-84c8b14d34a4">
      <Output>
        <StdOut>Debug Trace:
0: WorkflowInstance "InternalGetNextFileActivity" is Started
1: Activity [null] "null" scheduled child activity [1] "InternalGetNextFileActivity"
2: Activity [1] "InternalGetNextFileActivity" is Executing
{
    Arguments
        ErrorOnTimeout: False
        SubscriptionId: 27f98e21-722b-489a-aca7-0070c194b34c
        Timeout: 00:00:59
        IsImplicitlyCancellable: True
}
3: CustomTrackingRecord [1] "iCPSTraceTrackingRecord"
4: WorkflowInstance "InternalGetNextFileActivity" is Idle
5: Bookmark "a5806b39-2cc4-463b-bcb0-98b8536af8a5" resumed with payload &lt;iCore.Workflow.Activities.Extensions.ItemSubscriptionEventArgs`1[iCore.Common.Utilities.FileSystemWatcher.FileSystemWatcherFileInfo]&gt; owner [1] "InternalGetNextFileActivity"
6: CustomTrackingRecord [1] "iCPSTraceTrackingRecord"
7: Activity [1] "InternalGetNextFileActivity" is Closed
{
    Arguments
        ErrorOnTimeout: False
        SubscriptionId: 27f98e21-722b-489a-aca7-0070c194b34c
        FileName: F.ile
        Timeout: 00:00:59
        FileFullName: 
        IsImplicitlyCancellable: True
        WatchType: Rename
}
8: WorkflowInstance "InternalGetNextFileActivity" is Completed</StdOut>
      </Output>
    </UnitTestResult>
    <UnitTestResult executionId="8034392a-1a5c-41ed-8f14-bbf893d0c3c9" testId="801d24b1-1dba-2ac4-9caf-a15270643822" testName="Invoke_ResumedWithValidValue_OutArgumentFileFullNameIsSet" computerName="ICSWS068" duration="00:00:00.0018732" startTime="2016-08-04T09:58:40.6435646+02:00" endTime="2016-08-04T09:58:40.6470671+02:00" testType="13cdc9d9-ddb5-4fa4-a97d-d965ccfc6d4b" outcome="Passed" testListId="8c84fa94-04c1-424b-9868-57a2d4851a1d" relativeResultsDirectory="8034392a-1a5c-41ed-8f14-bbf893d0c3c9">
      <Output>
        <StdOut>Debug Trace:
0: WorkflowInstance "InternalGetNextFileActivity" is Started
1: Activity [null] "null" scheduled child activity [1] "InternalGetNextFileActivity"
2: Activity [1] "InternalGetNextFileActivity" is Executing
{
    Arguments
        ErrorOnTimeout: False
        SubscriptionId: 2bdc41b7-5d63-4f16-a8d1-1c3c686d7f0e
        Timeout: 00:00:59
        IsImplicitlyCancellable: True
}
3: CustomTrackingRecord [1] "iCPSTraceTrackingRecord"
4: WorkflowInstance "InternalGetNextFileActivity" is Idle
5: Bookmark "9abc4113-6ded-44b0-b058-bbf2263fea80" resumed with payload &lt;iCore.Workflow.Activities.Extensions.ItemSubscriptionEventArgs`1[iCore.Common.Utilities.FileSystemWatcher.FileSystemWatcherFileInfo]&gt; owner [1] "InternalGetNextFileActivity"
6: CustomTrackingRecord [1] "iCPSTraceTrackingRecord"
7: Activity [1] "InternalGetNextFileActivity" is Closed
{
    Arguments
        ErrorOnTimeout: False
        SubscriptionId: 2bdc41b7-5d63-4f16-a8d1-1c3c686d7f0e
        FileName: F.ile
        Timeout: 00:00:59
        FileFullName: d:\rec\tory\F.ile
        IsImplicitlyCancellable: True
        WatchType: Rename
}
8: WorkflowInstance "InternalGetNextFileActivity" is Completed</StdOut>
      </Output>
    </UnitTestResult>
    <UnitTestResult executionId="f097721d-38da-4847-b4c4-79130cee921a" testId="89141845-d242-4d06-d3fc-2c75a6313f5e" testName="Invoke_ErrorOnTimeoutIsFalseResumedWithTimeoutException_OutArgumentFileNameIsNull" computerName="ICSWS068" duration="00:00:00.0024706" startTime="2016-08-04T09:58:40.6500691+02:00" endTime="2016-08-04T09:58:40.6540720+02:00" testType="13cdc9d9-ddb5-4fa4-a97d-d965ccfc6d4b" outcome="Passed" testListId="8c84fa94-04c1-424b-9868-57a2d4851a1d" relativeResultsDirectory="f097721d-38da-4847-b4c4-79130cee921a">
      <Output>
        <StdOut>Debug Trace:
0: WorkflowInstance "InternalGetNextFileActivity" is Started
1: Activity [null] "null" scheduled child activity [1] "InternalGetNextFileActivity"
2: Activity [1] "InternalGetNextFileActivity" is Executing
{
    Arguments
        ErrorOnTimeout: False
        SubscriptionId: 16fd203e-b3fd-497c-8582-bb0b416d1155
        Timeout: 00:00:59
        IsImplicitlyCancellable: True
}
3: CustomTrackingRecord [1] "iCPSTraceTrackingRecord"
4: WorkflowInstance "InternalGetNextFileActivity" is Idle
5: Bookmark "9e89226f-6075-47e1-b348-71099644fb47" resumed with payload &lt;iCore.Workflow.Activities.Extensions.ItemSubscriptionEventArgs`1[iCore.Common.Utilities.FileSystemWatcher.FileSystemWatcherFileInfo]&gt; owner [1] "InternalGetNextFileActivity"
6: CustomTrackingRecord [1] "iCPSTraceTrackingRecord"
7: Activity [1] "InternalGetNextFileActivity" is Closed
{
    Arguments
        ErrorOnTimeout: False
        SubscriptionId: 16fd203e-b3fd-497c-8582-bb0b416d1155
        FileName: 
        Timeout: 00:00:59
        FileFullName: 
        IsImplicitlyCancellable: True
        WatchType: 0
}
8: WorkflowInstance "InternalGetNextFileActivity" is Completed</StdOut>
      </Output>
    </UnitTestResult>
    <UnitTestResult executionId="769568b9-22fe-4654-9e13-6052b36f226c" testId="aae5d006-01a8-73fb-f3b4-77233a8a7f91" testName="Invoke_ErrorOnTimeoutIsFalseResumedWithTimeoutException_OutArgumentFileFullNameIsNull" computerName="ICSWS068" duration="00:00:00.0025453" startTime="2016-08-04T09:58:40.6575743+02:00" endTime="2016-08-04T09:58:40.6620777+02:00" testType="13cdc9d9-ddb5-4fa4-a97d-d965ccfc6d4b" outcome="Passed" testListId="8c84fa94-04c1-424b-9868-57a2d4851a1d" relativeResultsDirectory="769568b9-22fe-4654-9e13-6052b36f226c">
      <Output>
        <StdOut>Debug Trace:
0: WorkflowInstance "InternalGetNextFileActivity" is Started
1: Activity [null] "null" scheduled child activity [1] "InternalGetNextFileActivity"
2: Activity [1] "InternalGetNextFileActivity" is Executing
{
    Arguments
        ErrorOnTimeout: False
        SubscriptionId: 68560177-55c5-4d74-94b5-ed99e297f6cb
        Timeout: 00:00:59
        IsImplicitlyCancellable: True
}
3: CustomTrackingRecord [1] "iCPSTraceTrackingRecord"
4: WorkflowInstance "InternalGetNextFileActivity" is Idle
5: Bookmark "c156e48b-4483-46d4-a7e4-1e677b4c9af2" resumed with payload &lt;iCore.Workflow.Activities.Extensions.ItemSubscriptionEventArgs`1[iCore.Common.Utilities.FileSystemWatcher.FileSystemWatcherFileInfo]&gt; owner [1] "InternalGetNextFileActivity"
6: CustomTrackingRecord [1] "iCPSTraceTrackingRecord"
7: Activity [1] "InternalGetNextFileActivity" is Closed
{
    Arguments
        ErrorOnTimeout: False
        SubscriptionId: 68560177-55c5-4d74-94b5-ed99e297f6cb
        FileName: 
        Timeout: 00:00:59
        FileFullName: 
        IsImplicitlyCancellable: True
        WatchType: 0
}
8: WorkflowInstance "InternalGetNextFileActivity" is Completed</StdOut>
      </Output>
    </UnitTestResult>
    <UnitTestResult executionId="f9687dd4-9099-441f-b260-078bdd9e8772" testId="9bdfb23e-2953-a42f-4873-0ca4ee4176b7" testName="Abort_ResumedActivityThrowsException_InvokeDeactivate" computerName="ICSWS068" duration="00:00:00.0037676" startTime="2016-08-04T09:58:40.6660806+02:00" endTime="2016-08-04T09:58:40.6715846+02:00" testType="13cdc9d9-ddb5-4fa4-a97d-d965ccfc6d4b" outcome="Passed" testListId="8c84fa94-04c1-424b-9868-57a2d4851a1d" relativeResultsDirectory="f9687dd4-9099-441f-b260-078bdd9e8772">
      <Output>
        <StdOut>Debug Trace:
0: WorkflowInstance "InternalGetNextFileActivity" is Started
1: Activity [null] "null" scheduled child activity [1] "InternalGetNextFileActivity"
2: Activity [1] "InternalGetNextFileActivity" is Executing
{
    Arguments
        ErrorOnTimeout: True
        SubscriptionId: b57c0142-accc-428f-9693-ceba21dde45c
        Timeout: 00:00:59
        IsImplicitlyCancellable: True
}
3: CustomTrackingRecord [1] "iCPSTraceTrackingRecord"
4: WorkflowInstance "InternalGetNextFileActivity" is Idle
5: Bookmark "4c5113cd-29a4-49cc-85de-b3826952a3a0" resumed with payload &lt;iCore.Workflow.Activities.Extensions.ItemSubscriptionEventArgs`1[iCore.Common.Utilities.FileSystemWatcher.FileSystemWatcherFileInfo]&gt; owner [1] "InternalGetNextFileActivity"
6: CustomTrackingRecord [1] "iCPSTraceTrackingRecord"
7: CustomTrackingRecord [1] "iCPSTraceTrackingRecord"
8: Activity [1] "InternalGetNextFileActivity" is Faulted
{
    Arguments
        ErrorOnTimeout: True
        SubscriptionId: b57c0142-accc-428f-9693-ceba21dde45c
        FileName: 
        Timeout: 00:00:59
        FileFullName: 
        IsImplicitlyCancellable: True
        WatchType: 0
}
9: Fault source [1] "InternalGetNextFileActivity"
10: WorkflowInstance "InternalGetNextFileActivity" Unhandled Exception Source "InternalGetNextFileActivity" Exception &lt;System.TimeoutException: The operation has timed out.
   at System.Runtime.ExceptionServices.ExceptionDispatchInfo.Throw()
   at iCore.Workflow.Activities.Extensions.ItemSubscriptionEventArgs`1.ReThrowExceptionIfError()
   at iCore.Workflow.Activities.Filesystem.InternalGetNextFileActivity.ProcessValue(NativeActivityContext context, Object value)
   at iCore.Workflow.Activities.Filesystem.InternalGetNextFileActivity.OnNextFile(NativeActivityContext context, Bookmark bookmark, Object value)
   at System.Activities.Runtime.BookmarkCallbackWrapper.Invoke(NativeActivityContext context, Bookmark bookmark, Object value)
   at System.Activities.Runtime.BookmarkWorkItem.Execute(ActivityExecutor executor, BookmarkManager bookmarkManager)&gt;
11: WorkflowInstance "InternalGetNextFileActivity" Terminated Reason "The operation has timed out."</StdOut>
      </Output>
    </UnitTestResult>
    <UnitTestResult executionId="b59babf4-9962-4153-b66a-7e9cdd961b9e" testId="6633bbac-eabc-dc02-aaf3-51b6cd74bd4d" testName="Abort_ExecuteingActivityThrowsException_InvokeDeactivate" computerName="ICSWS068" duration="00:00:00.0049007" startTime="2016-08-04T09:58:40.6750869+02:00" endTime="2016-08-04T09:58:40.6815915+02:00" testType="13cdc9d9-ddb5-4fa4-a97d-d965ccfc6d4b" outcome="Passed" testListId="8c84fa94-04c1-424b-9868-57a2d4851a1d" relativeResultsDirectory="b59babf4-9962-4153-b66a-7e9cdd961b9e">
      <Output>
        <StdOut>Debug Trace:
0: WorkflowInstance "InternalGetNextFileActivity" is Started
1: Activity [null] "null" scheduled child activity [1] "InternalGetNextFileActivity"
2: Activity [1] "InternalGetNextFileActivity" is Executing
{
    Arguments
        ErrorOnTimeout: True
        SubscriptionId: 2070f2f1-4e60-4877-bebd-32452623edd3
        Timeout: 00:00:59
        IsImplicitlyCancellable: True
}
3: CustomTrackingRecord [1] "iCPSTraceTrackingRecord"
4: CustomTrackingRecord [1] "iCPSTraceTrackingRecord"
5: Activity [1] "InternalGetNextFileActivity" is Faulted
{
    Arguments
        ErrorOnTimeout: True
        SubscriptionId: 2070f2f1-4e60-4877-bebd-32452623edd3
        FileName: 
        Timeout: 00:00:59
        FileFullName: 
        IsImplicitlyCancellable: True
        WatchType: 0
}
6: Fault source [1] "InternalGetNextFileActivity"
7: WorkflowInstance "InternalGetNextFileActivity" Unhandled Exception Source "InternalGetNextFileActivity" Exception &lt;Testing.Common.TestException: Test exception
   at Moq.MethodCall.Execute(ICallContext call)
   at Moq.ExecuteCall.HandleIntercept(ICallContext invocation, InterceptorContext ctx, CurrentInterceptContext localctx)
   at Moq.Interceptor.Intercept(ICallContext invocation)
   at Moq.Proxy.CastleProxyFactory.Interceptor.Intercept(IInvocation invocation)
   at Castle.DynamicProxy.AbstractInvocation.Proceed()
   at Castle.Proxies.IFileSystemWatcherExtensionProxy.AddSubscription(Guid providerId, Nullable`1 jobId, Bookmark bookmark, TimeSpan timeout)
   at iCore.Workflow.Activities.Filesystem.InternalGetNextFileActivity.Execute(NativeActivityContext context)
   at System.Activities.NativeActivity.InternalExecute(ActivityInstance instance, ActivityExecutor executor, BookmarkManager bookmarkManager)
   at System.Activities.ActivityInstance.Execute(ActivityExecutor executor, BookmarkManager bookmarkManager)
   at System.Activities.Runtime.ActivityExecutor.ExecuteActivityWorkItem.ExecuteBody(ActivityExecutor executor, BookmarkManager bookmarkManager, Location resultLocation)&gt;
8: WorkflowInstance "InternalGetNextFileActivity" Terminated Reason "Test exception"</StdOut>
      </Output>
    </UnitTestResult>
    <UnitTestResult executionId="2a0397e1-a031-4539-9d41-3c4f40e351f9" testId="3eb7d08e-9448-c2a3-d463-292a6b933549" testName="Invoke_ErrorOnTimeoutTrueResumedWithTestException_ThrowsTestException" computerName="ICSWS068" duration="00:00:00.0023078" startTime="2016-08-04T09:58:40.6850946+02:00" endTime="2016-08-04T09:58:40.6890969+02:00" testType="13cdc9d9-ddb5-4fa4-a97d-d965ccfc6d4b" outcome="Passed" testListId="8c84fa94-04c1-424b-9868-57a2d4851a1d" relativeResultsDirectory="2a0397e1-a031-4539-9d41-3c4f40e351f9">
      <Output>
        <StdOut>Debug Trace:
0: WorkflowInstance "InternalGetNextFileActivity" is Started
1: Activity [null] "null" scheduled child activity [1] "InternalGetNextFileActivity"
2: Activity [1] "InternalGetNextFileActivity" is Executing
{
    Arguments
        ErrorOnTimeout: True
        SubscriptionId: a7ceb25f-7e0b-47b3-9c09-303c04bf7780
        Timeout: 00:00:59
        IsImplicitlyCancellable: True
}
3: CustomTrackingRecord [1] "iCPSTraceTrackingRecord"
4: WorkflowInstance "InternalGetNextFileActivity" is Idle
5: Bookmark "12c0b8e8-63c8-4f6d-ac1b-e2da3f808bf3" resumed with payload &lt;iCore.Workflow.Activities.Extensions.ItemSubscriptionEventArgs`1[iCore.Common.Utilities.FileSystemWatcher.FileSystemWatcherFileInfo]&gt; owner [1] "InternalGetNextFileActivity"
6: CustomTrackingRecord [1] "iCPSTraceTrackingRecord"
7: CustomTrackingRecord [1] "iCPSTraceTrackingRecord"
8: Activity [1] "InternalGetNextFileActivity" is Faulted
{
    Arguments
        ErrorOnTimeout: True
        SubscriptionId: a7ceb25f-7e0b-47b3-9c09-303c04bf7780
        FileName: 
        Timeout: 00:00:59
        FileFullName: 
        IsImplicitlyCancellable: True
        WatchType: 0
}
9: Fault source [1] "InternalGetNextFileActivity"
10: WorkflowInstance "InternalGetNextFileActivity" Unhandled Exception Source "InternalGetNextFileActivity" Exception &lt;System.TimeoutException: The operation has timed out.
   at System.Runtime.ExceptionServices.ExceptionDispatchInfo.Throw()
   at iCore.Workflow.Activities.Extensions.ItemSubscriptionEventArgs`1.ReThrowExceptionIfError()
   at iCore.Workflow.Activities.Filesystem.InternalGetNextFileActivity.ProcessValue(NativeActivityContext context, Object value)
   at iCore.Workflow.Activities.Filesystem.InternalGetNextFileActivity.OnNextFile(NativeActivityContext context, Bookmark bookmark, Object value)
   at System.Activities.Runtime.BookmarkCallbackWrapper.Invoke(NativeActivityContext context, Bookmark bookmark, Object value)
   at System.Activities.Runtime.BookmarkWorkItem.Execute(ActivityExecutor executor, BookmarkManager bookmarkManager)&gt;
11: WorkflowInstance "InternalGetNextFileActivity" Terminated Reason "The operation has timed out."</StdOut>
      </Output>
    </UnitTestResult>
    <UnitTestResult executionId="b8128dd4-5c63-41ca-a649-ff9cddfd156b" testId="20dce59e-5338-cffa-afbf-b5e86352e303" testName="Invoke_ResumedWithTestException_ThrowsTestException" computerName="ICSWS068" duration="00:00:00.0027116" startTime="2016-08-04T09:58:40.6920992+02:00" endTime="2016-08-04T09:58:40.6961024+02:00" testType="13cdc9d9-ddb5-4fa4-a97d-d965ccfc6d4b" outcome="Passed" testListId="8c84fa94-04c1-424b-9868-57a2d4851a1d" relativeResultsDirectory="b8128dd4-5c63-41ca-a649-ff9cddfd156b">
      <Output>
        <StdOut>Debug Trace:
0: WorkflowInstance "InternalGetNextFileActivity" is Started
1: Activity [null] "null" scheduled child activity [1] "InternalGetNextFileActivity"
2: Activity [1] "InternalGetNextFileActivity" is Executing
{
    Arguments
        ErrorOnTimeout: True
        SubscriptionId: 86115d5b-be06-4b84-a3a0-353e3dbc5f48
        Timeout: 00:00:59
        IsImplicitlyCancellable: True
}
3: CustomTrackingRecord [1] "iCPSTraceTrackingRecord"
4: WorkflowInstance "InternalGetNextFileActivity" is Idle
5: Bookmark "eb0a0631-be53-4fb9-9d88-9afce876d8dc" resumed with payload &lt;iCore.Workflow.Activities.Extensions.ItemSubscriptionEventArgs`1[iCore.Common.Utilities.FileSystemWatcher.FileSystemWatcherFileInfo]&gt; owner [1] "InternalGetNextFileActivity"
6: CustomTrackingRecord [1] "iCPSTraceTrackingRecord"
7: Activity [1] "InternalGetNextFileActivity" is Faulted
{
    Arguments
        ErrorOnTimeout: True
        SubscriptionId: 86115d5b-be06-4b84-a3a0-353e3dbc5f48
        FileName: 
        Timeout: 00:00:59
        FileFullName: 
        IsImplicitlyCancellable: True
        WatchType: 0
}
8: Fault source [1] "InternalGetNextFileActivity"
9: WorkflowInstance "InternalGetNextFileActivity" Unhandled Exception Source "InternalGetNextFileActivity" Exception &lt;Testing.Common.TestException: Test exception
   at System.Runtime.ExceptionServices.ExceptionDispatchInfo.Throw()
   at iCore.Workflow.Activities.Extensions.ItemSubscriptionEventArgs`1.ReThrowExceptionIfError()
   at iCore.Workflow.Activities.Filesystem.InternalGetNextFileActivity.ProcessValue(NativeActivityContext context, Object value)
   at iCore.Workflow.Activities.Filesystem.InternalGetNextFileActivity.OnNextFile(NativeActivityContext context, Bookmark bookmark, Object value)
   at System.Activities.Runtime.BookmarkCallbackWrapper.Invoke(NativeActivityContext context, Bookmark bookmark, Object value)
   at System.Activities.Runtime.BookmarkWorkItem.Execute(ActivityExecutor executor, BookmarkManager bookmarkManager)&gt;
10: WorkflowInstance "InternalGetNextFileActivity" Terminated Reason "Test exception"</StdOut>
      </Output>
    </UnitTestResult>
    <UnitTestResult executionId="595fa2b6-4a90-43ff-9f04-20ff5c598ca0" testId="090e8714-990a-a7db-aba9-61368889e451" testName="Invoke_ResumedWithUnsupportedDataType_ThrowsException" computerName="ICSWS068" duration="00:00:00.0023632" startTime="2016-08-04T09:58:40.6996047+02:00" endTime="2016-08-04T09:58:40.7036075+02:00" testType="13cdc9d9-ddb5-4fa4-a97d-d965ccfc6d4b" outcome="Passed" testListId="8c84fa94-04c1-424b-9868-57a2d4851a1d" relativeResultsDirectory="595fa2b6-4a90-43ff-9f04-20ff5c598ca0">
      <Output>
        <StdOut>Debug Trace:
0: WorkflowInstance "InternalGetNextFileActivity" is Started
1: Activity [null] "null" scheduled child activity [1] "InternalGetNextFileActivity"
2: Activity [1] "InternalGetNextFileActivity" is Executing
{
    Arguments
        ErrorOnTimeout: True
        SubscriptionId: 5ce98ed1-af5d-45e3-a9f2-24a31faf6735
        Timeout: 00:00:59
        IsImplicitlyCancellable: True
}
3: CustomTrackingRecord [1] "iCPSTraceTrackingRecord"
4: WorkflowInstance "InternalGetNextFileActivity" is Idle
5: Bookmark "e36ece59-ae8f-4f02-a09f-fa7bb9148321" resumed with payload &lt;System.Object&gt; owner [1] "InternalGetNextFileActivity"
6: CustomTrackingRecord [1] "iCPSTraceTrackingRecord"
7: Activity [1] "InternalGetNextFileActivity" is Faulted
{
    Arguments
        ErrorOnTimeout: True
        SubscriptionId: 5ce98ed1-af5d-45e3-a9f2-24a31faf6735
        FileName: 
        Timeout: 00:00:59
        FileFullName: 
        IsImplicitlyCancellable: True
        WatchType: 0
}
8: Fault source [1] "InternalGetNextFileActivity"
9: WorkflowInstance "InternalGetNextFileActivity" Unhandled Exception Source "InternalGetNextFileActivity" Exception &lt;System.ArgumentException: OnFileFound was called with argument of type Object instead of ItemSubscriptionEventArgs`1
Parameter name: value
   at iCore.Workflow.Activities.Filesystem.InternalGetNextFileActivity.ProcessValue(NativeActivityContext context, Object value)
   at iCore.Workflow.Activities.Filesystem.InternalGetNextFileActivity.OnNextFile(NativeActivityContext context, Bookmark bookmark, Object value)
   at System.Activities.Runtime.BookmarkCallbackWrapper.Invoke(NativeActivityContext context, Bookmark bookmark, Object value)
   at System.Activities.Runtime.BookmarkWorkItem.Execute(ActivityExecutor executor, BookmarkManager bookmarkManager)&gt;</StdOut>
      </Output>
    </UnitTestResult>
    <UnitTestResult executionId="ad2ddbed-5024-4d6e-b65d-5ea6630e523c" testId="f0c87f24-19ef-0fdb-f774-a0438579b267" testName="Invoke_RequiredInArgumentConnecitonIsMissing_ThrowsArgumentException" computerName="ICSWS068" duration="00:00:00.0018254" startTime="2016-08-04T09:58:40.7071101+02:00" endTime="2016-08-04T09:58:40.7111130+02:00" testType="13cdc9d9-ddb5-4fa4-a97d-d965ccfc6d4b" outcome="Passed" testListId="8c84fa94-04c1-424b-9868-57a2d4851a1d" relativeResultsDirectory="ad2ddbed-5024-4d6e-b65d-5ea6630e523c" />
    <UnitTestResult executionId="c8ac2cff-aca9-472d-8e53-bae5e1702a1c" testId="e56e0878-08aa-4af3-ee8f-c64817e18fbb" testName="Invoke_RequiredInArgumentTimeoutIsMissing_ThrowsArgumentException" computerName="ICSWS068" duration="00:00:00.0012964" startTime="2016-08-04T09:58:40.7141150+02:00" endTime="2016-08-04T09:58:40.7171178+02:00" testType="13cdc9d9-ddb5-4fa4-a97d-d965ccfc6d4b" outcome="Passed" testListId="8c84fa94-04c1-424b-9868-57a2d4851a1d" relativeResultsDirectory="c8ac2cff-aca9-472d-8e53-bae5e1702a1c" />
    <UnitTestResult executionId="27c88eea-edef-44b3-81bd-97b00caf95ea" testId="9912ae1a-42c3-1ed8-98e4-fb290b02b3d5" testName="Invoke_RequiredInArgumentErrorOnTimeoutIsMissing_ThrowsArgumentException" computerName="ICSWS068" duration="00:00:00.0016894" startTime="2016-08-04T09:58:40.7201196+02:00" endTime="2016-08-04T09:58:40.7236216+02:00" testType="13cdc9d9-ddb5-4fa4-a97d-d965ccfc6d4b" outcome="Passed" testListId="8c84fa94-04c1-424b-9868-57a2d4851a1d" relativeResultsDirectory="27c88eea-edef-44b3-81bd-97b00caf95ea" />
    <UnitTestResult executionId="77c06098-fa32-4b5e-be29-bf3364261b52" testId="92582867-9efc-bbb8-6bca-2540db062391" testName="Invoke_AllInArguments_LogsOnJobId" computerName="ICSWS068" duration="00:00:00.0025453" startTime="2016-08-04T09:58:40.7261233+02:00" endTime="2016-08-04T09:58:40.7301267+02:00" testType="13cdc9d9-ddb5-4fa4-a97d-d965ccfc6d4b" outcome="Passed" testListId="8c84fa94-04c1-424b-9868-57a2d4851a1d" relativeResultsDirectory="77c06098-fa32-4b5e-be29-bf3364261b52">
      <Output>
        <StdOut>Debug Trace:
0: WorkflowInstance "InternalGetNextFileActivity" is Started
1: Activity [null] "null" scheduled child activity [1] "InternalGetNextFileActivity"
2: Activity [1] "InternalGetNextFileActivity" is Executing
{
    Arguments
        ErrorOnTimeout: False
        SubscriptionId: 3e2885ec-00f5-4804-ab3c-cfbf36a750db
        Timeout: 00:00:59
        IsImplicitlyCancellable: True
}
3: CustomTrackingRecord [1] "iCPSTraceTrackingRecord"
4: WorkflowInstance "InternalGetNextFileActivity" is Idle
5: Bookmark "16d4cfa4-d0e6-4f99-adf5-00ca7f5e3289" resumed with payload &lt;iCore.Workflow.Activities.Extensions.ItemSubscriptionEventArgs`1[iCore.Common.Utilities.FileSystemWatcher.FileSystemWatcherFileInfo]&gt; owner [1] "InternalGetNextFileActivity"
6: CustomTrackingRecord [1] "iCPSTraceTrackingRecord"
7: Activity [1] "InternalGetNextFileActivity" is Closed
{
    Arguments
        ErrorOnTimeout: False
        SubscriptionId: 3e2885ec-00f5-4804-ab3c-cfbf36a750db
        FileName: 
        Timeout: 00:00:59
        FileFullName: 
        IsImplicitlyCancellable: True
        WatchType: Rename
}
8: WorkflowInstance "InternalGetNextFileActivity" is Completed</StdOut>
      </Output>
    </UnitTestResult>
    <UnitTestResult executionId="d44a524e-721b-461f-b58e-c00f83daabb3" testId="e1fc4273-e297-2acc-f5b4-ca916ced505b" testName="Invoke_WaitingForFile_CancelableSectionEntered" computerName="ICSWS068" duration="00:00:00.0020908" startTime="2016-08-04T09:58:40.7331287+02:00" endTime="2016-08-04T09:58:40.7361313+02:00" testType="13cdc9d9-ddb5-4fa4-a97d-d965ccfc6d4b" outcome="Passed" testListId="8c84fa94-04c1-424b-9868-57a2d4851a1d" relativeResultsDirectory="d44a524e-721b-461f-b58e-c00f83daabb3">
      <Output>
        <StdOut>Debug Trace:
0: WorkflowInstance "InternalGetNextFileActivity" is Started
1: Activity [null] "null" scheduled child activity [1] "InternalGetNextFileActivity"
2: Activity [1] "InternalGetNextFileActivity" is Executing
{
    Arguments
        ErrorOnTimeout: False
        SubscriptionId: 6f67171b-a5e6-4bd8-9f9f-1b27ff417860
        Timeout: 00:00:59
        IsImplicitlyCancellable: True
}
3: CustomTrackingRecord [1] "iCPSTraceTrackingRecord"
4: WorkflowInstance "InternalGetNextFileActivity" is Idle</StdOut>
      </Output>
    </UnitTestResult>
    <UnitTestResult executionId="73e66633-0588-4e79-9ac3-c8632471b07c" testId="5a34ad7e-d4d1-b189-3827-024e9fbcda4f" testName="Invoke_WaitingForFileAndFileFound_CancelableSectionExited" computerName="ICSWS068" duration="00:00:00.0025761" startTime="2016-08-04T09:58:40.7396330+02:00" endTime="2016-08-04T09:58:40.7436362+02:00" testType="13cdc9d9-ddb5-4fa4-a97d-d965ccfc6d4b" outcome="Passed" testListId="8c84fa94-04c1-424b-9868-57a2d4851a1d" relativeResultsDirectory="73e66633-0588-4e79-9ac3-c8632471b07c">
      <Output>
        <StdOut>Debug Trace:
0: WorkflowInstance "InternalGetNextFileActivity" is Started
1: Activity [null] "null" scheduled child activity [1] "InternalGetNextFileActivity"
2: Activity [1] "InternalGetNextFileActivity" is Executing
{
    Arguments
        ErrorOnTimeout: False
        SubscriptionId: 0fcb00f9-c09e-417c-9e62-740c51ed4458
        Timeout: 00:00:59
        IsImplicitlyCancellable: True
}
3: CustomTrackingRecord [1] "iCPSTraceTrackingRecord"
4: WorkflowInstance "InternalGetNextFileActivity" is Idle
5: Bookmark "9fe4fe18-fc2d-45a9-bf42-7bd783c482df" resumed with payload &lt;iCore.Workflow.Activities.Extensions.ItemSubscriptionEventArgs`1[iCore.Common.Utilities.FileSystemWatcher.FileSystemWatcherFileInfo]&gt; owner [1] "InternalGetNextFileActivity"
6: CustomTrackingRecord [1] "iCPSTraceTrackingRecord"
7: Activity [1] "InternalGetNextFileActivity" is Closed
{
    Arguments
        ErrorOnTimeout: False
        SubscriptionId: 0fcb00f9-c09e-417c-9e62-740c51ed4458
        FileName: 
        Timeout: 00:00:59
        FileFullName: 
        IsImplicitlyCancellable: True
        WatchType: Rename
}
8: WorkflowInstance "InternalGetNextFileActivity" is Completed</StdOut>
      </Output>
    </UnitTestResult>
    <UnitTestResult executionId="d0e6cb63-4088-4e9f-81f5-2bb3b661c5f4" testId="54cc36ea-c33b-e8a3-5a49-311b18744e81" testName="Invoke_WaitingForFileAndIsImplicitlyCancellableIsFalse_CancelableSectionNotEntered" computerName="ICSWS068" duration="00:00:00.0018864" startTime="2016-08-04T09:58:40.7471385+02:00" endTime="2016-08-04T09:58:40.7501413+02:00" testType="13cdc9d9-ddb5-4fa4-a97d-d965ccfc6d4b" outcome="Passed" testListId="8c84fa94-04c1-424b-9868-57a2d4851a1d" relativeResultsDirectory="d0e6cb63-4088-4e9f-81f5-2bb3b661c5f4">
      <Output>
        <StdOut>Debug Trace:
0: WorkflowInstance "InternalGetNextFileActivity" is Started
1: Activity [null] "null" scheduled child activity [1] "InternalGetNextFileActivity"
2: Activity [1] "InternalGetNextFileActivity" is Executing
{
    Arguments
        ErrorOnTimeout: False
        SubscriptionId: 13d6b3e2-158a-46b9-a686-bf655f98d79a
        Timeout: 00:00:59
        IsImplicitlyCancellable: False
}
3: CustomTrackingRecord [1] "iCPSTraceTrackingRecord"
4: WorkflowInstance "InternalGetNextFileActivity" is Idle</StdOut>
      </Output>
    </UnitTestResult>
    <UnitTestResult executionId="bc7dfc79-74cf-4c5c-845c-08a27f913836" testId="af48de1e-d62f-94e9-1519-e956d9ab7b81" testName="Invoke_WaitingForFileAndFileFoundAndIsImplicitlyCancellableIsFalse_CancelableSectionNotExited" computerName="ICSWS068" duration="00:00:00.0027744" startTime="2016-08-04T09:58:40.7536433+02:00" endTime="2016-08-04T09:58:40.7581468+02:00" testType="13cdc9d9-ddb5-4fa4-a97d-d965ccfc6d4b" outcome="Passed" testListId="8c84fa94-04c1-424b-9868-57a2d4851a1d" relativeResultsDirectory="bc7dfc79-74cf-4c5c-845c-08a27f913836">
      <Output>
        <StdOut>Debug Trace:
0: WorkflowInstance "InternalGetNextFileActivity" is Started
1: Activity [null] "null" scheduled child activity [1] "InternalGetNextFileActivity"
2: Activity [1] "InternalGetNextFileActivity" is Executing
{
    Arguments
        ErrorOnTimeout: False
        SubscriptionId: be471f4e-5753-4484-b653-6047db8118be
        Timeout: 00:00:59
        IsImplicitlyCancellable: False
}
3: CustomTrackingRecord [1] "iCPSTraceTrackingRecord"
4: WorkflowInstance "InternalGetNextFileActivity" is Idle
5: Bookmark "56024b5a-71f8-4dfe-a912-76b3bda17e6f" resumed with payload &lt;iCore.Workflow.Activities.Extensions.ItemSubscriptionEventArgs`1[iCore.Common.Utilities.FileSystemWatcher.FileSystemWatcherFileInfo]&gt; owner [1] "InternalGetNextFileActivity"
6: CustomTrackingRecord [1] "iCPSTraceTrackingRecord"
7: Activity [1] "InternalGetNextFileActivity" is Closed
{
    Arguments
        ErrorOnTimeout: False
        SubscriptionId: be471f4e-5753-4484-b653-6047db8118be
        FileName: 
        Timeout: 00:00:59
        FileFullName: 
        IsImplicitlyCancellable: False
        WatchType: Rename
}
8: WorkflowInstance "InternalGetNextFileActivity" is Completed</StdOut>
      </Output>
    </UnitTestResult>
    <UnitTestResult executionId="0a7c95a0-9376-4dd8-a56d-3f31fe668ab5" testId="53554ca9-b5ef-f8a9-e3b1-6313d3213c40" testName="Invoke_AllInArguments_ActivityStateIsClosed" computerName="ICSWS068" duration="00:00:00.0147157" startTime="2016-08-04T09:58:40.7611488+02:00" endTime="2016-08-04T09:58:40.7776605+02:00" testType="13cdc9d9-ddb5-4fa4-a97d-d965ccfc6d4b" outcome="Passed" testListId="8c84fa94-04c1-424b-9868-57a2d4851a1d" relativeResultsDirectory="0a7c95a0-9376-4dd8-a56d-3f31fe668ab5">
      <Output>
        <StdOut>Debug Trace:
0: WorkflowInstance "CreateFilesystemListenerConfigurationActivity" is Started
1: Activity [null] "null" scheduled child activity [1] "CreateFilesystemListenerConfigurationActivity"
2: Activity [1] "CreateFilesystemListenerConfigurationActivity" is Executing
{
    Arguments
        Directory: c:\temp\eb3213bd-5765-4f42-8cfb-57a76bfd9968
        Filter: *.tst
        SettleTime: 00:00:03
        ScanForFileOnStart: True
        Recursive: True
        WatchType: Change
}
3: Activity [1] "CreateFilesystemListenerConfigurationActivity" is Closed
{
    Arguments
        Directory: c:\temp\eb3213bd-5765-4f42-8cfb-57a76bfd9968
        Filter: *.tst
        Result: iCore.Workflow.Activities.Filesystem.FileSystemListenerConfiguration
        SettleTime: 00:00:03
        ScanForFileOnStart: True
        Recursive: True
        WatchType: Change
}
4: WorkflowInstance "CreateFilesystemListenerConfigurationActivity" is Completed</StdOut>
      </Output>
    </UnitTestResult>
    <UnitTestResult executionId="c6428d97-542f-4858-a29b-1a7629700956" testId="bd1aa9bc-c7d5-cac9-f856-9a5b439a1865" testName="Invoke_AllInArguments_ResultIsNotNull" computerName="ICSWS068" duration="00:00:00.0012207" startTime="2016-08-04T09:58:40.7806628+02:00" endTime="2016-08-04T09:58:40.7831821+02:00" testType="13cdc9d9-ddb5-4fa4-a97d-d965ccfc6d4b" outcome="Passed" testListId="8c84fa94-04c1-424b-9868-57a2d4851a1d" relativeResultsDirectory="c6428d97-542f-4858-a29b-1a7629700956">
      <Output>
        <StdOut>Debug Trace:
0: WorkflowInstance "CreateFilesystemListenerConfigurationActivity" is Started
1: Activity [null] "null" scheduled child activity [1] "CreateFilesystemListenerConfigurationActivity"
2: Activity [1] "CreateFilesystemListenerConfigurationActivity" is Executing
{
    Arguments
        Directory: c:\temp\b4061b1b-7898-41ff-80eb-a5517488e340
        Filter: *.tst
        SettleTime: 00:00:03
        ScanForFileOnStart: True
        Recursive: True
        WatchType: Change
}
3: Activity [1] "CreateFilesystemListenerConfigurationActivity" is Closed
{
    Arguments
        Directory: c:\temp\b4061b1b-7898-41ff-80eb-a5517488e340
        Filter: *.tst
        Result: iCore.Workflow.Activities.Filesystem.FileSystemListenerConfiguration
        SettleTime: 00:00:03
        ScanForFileOnStart: True
        Recursive: True
        WatchType: Change
}
4: WorkflowInstance "CreateFilesystemListenerConfigurationActivity" is Completed</StdOut>
      </Output>
    </UnitTestResult>
    <UnitTestResult executionId="db3c3187-e3dd-4369-a970-227b0feeb4a4" testId="0ad3e0c7-6918-38a5-348a-d0c13ada8d30" testName="Invoke_AllInArguments_ResultsDirectoryEqualsExpected" computerName="ICSWS068" duration="00:00:00.0011812" startTime="2016-08-04T09:58:40.7856824+02:00" endTime="2016-08-04T09:58:40.7881697+02:00" testType="13cdc9d9-ddb5-4fa4-a97d-d965ccfc6d4b" outcome="Passed" testListId="8c84fa94-04c1-424b-9868-57a2d4851a1d" relativeResultsDirectory="db3c3187-e3dd-4369-a970-227b0feeb4a4">
      <Output>
        <StdOut>Debug Trace:
0: WorkflowInstance "CreateFilesystemListenerConfigurationActivity" is Started
1: Activity [null] "null" scheduled child activity [1] "CreateFilesystemListenerConfigurationActivity"
2: Activity [1] "CreateFilesystemListenerConfigurationActivity" is Executing
{
    Arguments
        Directory: c:\temp\d28c419e-9d7d-4307-b085-efd0f43621a2
        Filter: *.tst
        SettleTime: 00:00:03
        ScanForFileOnStart: True
        Recursive: True
        WatchType: Change
}
3: Activity [1] "CreateFilesystemListenerConfigurationActivity" is Closed
{
    Arguments
        Directory: c:\temp\d28c419e-9d7d-4307-b085-efd0f43621a2
        Filter: *.tst
        Result: iCore.Workflow.Activities.Filesystem.FileSystemListenerConfiguration
        SettleTime: 00:00:03
        ScanForFileOnStart: True
        Recursive: True
        WatchType: Change
}
4: WorkflowInstance "CreateFilesystemListenerConfigurationActivity" is Completed</StdOut>
      </Output>
    </UnitTestResult>
    <UnitTestResult executionId="8b2034a5-4238-4de6-af83-7f744e0d5fc4" testId="1d0e4f08-0905-640f-9071-abda0e9ec4eb" testName="Invoke_AllInArguments_ResultsFilterEqualsExpected" computerName="ICSWS068" duration="00:00:00.0010301" startTime="2016-08-04T09:58:40.7906714+02:00" endTime="2016-08-04T09:58:40.7930605+02:00" testType="13cdc9d9-ddb5-4fa4-a97d-d965ccfc6d4b" outcome="Passed" testListId="8c84fa94-04c1-424b-9868-57a2d4851a1d" relativeResultsDirectory="8b2034a5-4238-4de6-af83-7f744e0d5fc4">
      <Output>
        <StdOut>Debug Trace:
0: WorkflowInstance "CreateFilesystemListenerConfigurationActivity" is Started
1: Activity [null] "null" scheduled child activity [1] "CreateFilesystemListenerConfigurationActivity"
2: Activity [1] "CreateFilesystemListenerConfigurationActivity" is Executing
{
    Arguments
        Directory: c:\temp\60b7a42d-c34f-49a0-a858-8206a52df4b9
        Filter: *.tst
        SettleTime: 00:00:03
        ScanForFileOnStart: True
        Recursive: True
        WatchType: Change
}
3: Activity [1] "CreateFilesystemListenerConfigurationActivity" is Closed
{
    Arguments
        Directory: c:\temp\60b7a42d-c34f-49a0-a858-8206a52df4b9
        Filter: *.tst
        Result: iCore.Workflow.Activities.Filesystem.FileSystemListenerConfiguration
        SettleTime: 00:00:03
        ScanForFileOnStart: True
        Recursive: True
        WatchType: Change
}
4: WorkflowInstance "CreateFilesystemListenerConfigurationActivity" is Completed</StdOut>
      </Output>
    </UnitTestResult>
    <UnitTestResult executionId="7af98d07-8e2e-4291-a4ba-14c792388f1f" testId="7f3ddf82-1346-ec3e-46b5-bbc09f214eef" testName="Invoke_AllInArguments_ResultsRecursiveEqualsExpected" computerName="ICSWS068" duration="00:00:00.0011055" startTime="2016-08-04T09:58:40.7955640+02:00" endTime="2016-08-04T09:58:40.7980675+02:00" testType="13cdc9d9-ddb5-4fa4-a97d-d965ccfc6d4b" outcome="Passed" testListId="8c84fa94-04c1-424b-9868-57a2d4851a1d" relativeResultsDirectory="7af98d07-8e2e-4291-a4ba-14c792388f1f">
      <Output>
        <StdOut>Debug Trace:
0: WorkflowInstance "CreateFilesystemListenerConfigurationActivity" is Started
1: Activity [null] "null" scheduled child activity [1] "CreateFilesystemListenerConfigurationActivity"
2: Activity [1] "CreateFilesystemListenerConfigurationActivity" is Executing
{
    Arguments
        Directory: c:\temp\d6cd7f85-accd-4ccd-b718-31127277ee58
        Filter: *.tst
        SettleTime: 00:00:03
        ScanForFileOnStart: True
        Recursive: True
        WatchType: Change
}
3: Activity [1] "CreateFilesystemListenerConfigurationActivity" is Closed
{
    Arguments
        Directory: c:\temp\d6cd7f85-accd-4ccd-b718-31127277ee58
        Filter: *.tst
        Result: iCore.Workflow.Activities.Filesystem.FileSystemListenerConfiguration
        SettleTime: 00:00:03
        ScanForFileOnStart: True
        Recursive: True
        WatchType: Change
}
4: WorkflowInstance "CreateFilesystemListenerConfigurationActivity" is Completed</StdOut>
      </Output>
    </UnitTestResult>
    <UnitTestResult executionId="9677b318-9427-4950-a953-74b85344f25a" testId="2b26951f-b70c-19b1-6eab-11394cac6c01" testName="Invoke_AllInArguments_ResultsScanForFilesOnStartEqualsExpected" computerName="ICSWS068" duration="00:00:00.0011163" startTime="2016-08-04T09:58:40.8005836+02:00" endTime="2016-08-04T09:58:40.8020692+02:00" testType="13cdc9d9-ddb5-4fa4-a97d-d965ccfc6d4b" outcome="Passed" testListId="8c84fa94-04c1-424b-9868-57a2d4851a1d" relativeResultsDirectory="9677b318-9427-4950-a953-74b85344f25a">
      <Output>
        <StdOut>Debug Trace:
0: WorkflowInstance "CreateFilesystemListenerConfigurationActivity" is Started
1: Activity [null] "null" scheduled child activity [1] "CreateFilesystemListenerConfigurationActivity"
2: Activity [1] "CreateFilesystemListenerConfigurationActivity" is Executing
{
    Arguments
        Directory: c:\temp\4b9a4661-ef25-415e-91ee-d44249755e38
        Filter: *.tst
        SettleTime: 00:00:03
        ScanForFileOnStart: True
        Recursive: True
        WatchType: Change
}
3: Activity [1] "CreateFilesystemListenerConfigurationActivity" is Closed
{
    Arguments
        Directory: c:\temp\4b9a4661-ef25-415e-91ee-d44249755e38
        Filter: *.tst
        Result: iCore.Workflow.Activities.Filesystem.FileSystemListenerConfiguration
        SettleTime: 00:00:03
        ScanForFileOnStart: True
        Recursive: True
        WatchType: Change
}
4: WorkflowInstance "CreateFilesystemListenerConfigurationActivity" is Completed</StdOut>
      </Output>
    </UnitTestResult>
    <UnitTestResult executionId="e0f1d02c-3052-4bc5-9d7a-c6480fa97601" testId="06c2ff37-a4f0-e97d-df46-21e6eee2ad8b" testName="Invoke_AllInArguments_ResultsSettleTimeEqualsExpected" computerName="ICSWS068" duration="00:00:00.0010216" startTime="2016-08-04T09:58:40.8056788+02:00" endTime="2016-08-04T09:58:40.8076808+02:00" testType="13cdc9d9-ddb5-4fa4-a97d-d965ccfc6d4b" outcome="Passed" testListId="8c84fa94-04c1-424b-9868-57a2d4851a1d" relativeResultsDirectory="e0f1d02c-3052-4bc5-9d7a-c6480fa97601">
      <Output>
        <StdOut>Debug Trace:
0: WorkflowInstance "CreateFilesystemListenerConfigurationActivity" is Started
1: Activity [null] "null" scheduled child activity [1] "CreateFilesystemListenerConfigurationActivity"
2: Activity [1] "CreateFilesystemListenerConfigurationActivity" is Executing
{
    Arguments
        Directory: c:\temp\573ac9cd-ee61-4125-8abb-a32a7f824c79
        Filter: *.tst
        SettleTime: 00:00:03
        ScanForFileOnStart: True
        Recursive: True
        WatchType: Change
}
3: Activity [1] "CreateFilesystemListenerConfigurationActivity" is Closed
{
    Arguments
        Directory: c:\temp\573ac9cd-ee61-4125-8abb-a32a7f824c79
        Filter: *.tst
        Result: iCore.Workflow.Activities.Filesystem.FileSystemListenerConfiguration
        SettleTime: 00:00:03
        ScanForFileOnStart: True
        Recursive: True
        WatchType: Change
}
4: WorkflowInstance "CreateFilesystemListenerConfigurationActivity" is Completed</StdOut>
      </Output>
    </UnitTestResult>
    <UnitTestResult executionId="c2084e0b-5976-4951-aa38-65cd53b2c924" testId="7df14545-0c85-cb0c-1dea-db39f0abc863" testName="Invoke_AllInArguments_ResultsWatchTypeEqualsExpected" computerName="ICSWS068" duration="00:00:00.0012383" startTime="2016-08-04T09:58:40.8106814+02:00" endTime="2016-08-04T09:58:40.8126986+02:00" testType="13cdc9d9-ddb5-4fa4-a97d-d965ccfc6d4b" outcome="Passed" testListId="8c84fa94-04c1-424b-9868-57a2d4851a1d" relativeResultsDirectory="c2084e0b-5976-4951-aa38-65cd53b2c924">
      <Output>
        <StdOut>Debug Trace:
0: WorkflowInstance "CreateFilesystemListenerConfigurationActivity" is Started
1: Activity [null] "null" scheduled child activity [1] "CreateFilesystemListenerConfigurationActivity"
2: Activity [1] "CreateFilesystemListenerConfigurationActivity" is Executing
{
    Arguments
        Directory: c:\temp\f7171061-c5bd-44e6-a35b-c43a5f0a2aad
        Filter: *.tst
        SettleTime: 00:00:03
        ScanForFileOnStart: True
        Recursive: True
        WatchType: Change
}
3: Activity [1] "CreateFilesystemListenerConfigurationActivity" is Closed
{
    Arguments
        Directory: c:\temp\f7171061-c5bd-44e6-a35b-c43a5f0a2aad
        Filter: *.tst
        Result: iCore.Workflow.Activities.Filesystem.FileSystemListenerConfiguration
        SettleTime: 00:00:03
        ScanForFileOnStart: True
        Recursive: True
        WatchType: Change
}
4: WorkflowInstance "CreateFilesystemListenerConfigurationActivity" is Completed</StdOut>
      </Output>
    </UnitTestResult>
    <UnitTestResult executionId="b73cfa7d-5656-4433-a13a-67f50184e012" testId="9f109a89-0d7d-2404-90a0-11df4191d73b" testName="Invoke_RequiredArgumentDirectoryIsMissing_ThrowsArgumentException" computerName="ICSWS068" duration="00:00:00.0008457" startTime="2016-08-04T09:58:40.8152006+02:00" endTime="2016-08-04T09:58:40.8171856+02:00" testType="13cdc9d9-ddb5-4fa4-a97d-d965ccfc6d4b" outcome="Passed" testListId="8c84fa94-04c1-424b-9868-57a2d4851a1d" relativeResultsDirectory="b73cfa7d-5656-4433-a13a-67f50184e012" />
    <UnitTestResult executionId="93f7b149-16f8-44fc-aefe-c88fcfce73b6" testId="371320e0-51fe-403f-a52b-d8e768aa2878" testName="Allocate_InspectDefaultValues_DefaultFilterIsAllFiles" computerName="ICSWS068" duration="00:00:00.0031471" startTime="2016-08-04T09:58:40.8197053+02:00" endTime="2016-08-04T09:58:40.8241981+02:00" testType="13cdc9d9-ddb5-4fa4-a97d-d965ccfc6d4b" outcome="Passed" testListId="8c84fa94-04c1-424b-9868-57a2d4851a1d" relativeResultsDirectory="93f7b149-16f8-44fc-aefe-c88fcfce73b6">
      <Output>
        <StdOut>Debug Trace:
0: WorkflowInstance "CreateFilesystemListenerConfigurationActivity" is Started
1: Activity [null] "null" scheduled child activity [1] "CreateFilesystemListenerConfigurationActivity"
2: Activity [1] "CreateFilesystemListenerConfigurationActivity" is Executing
{
    Arguments
        Directory: c:\temp\71789780-e7a8-4db7-95c4-3bdabd00a0c6
        Filter: *.*
        SettleTime: 00:00:03
        ScanForFileOnStart: True
        Recursive: True
        WatchType: Change
}
3: Activity [1] "CreateFilesystemListenerConfigurationActivity" is Closed
{
    Arguments
        Directory: c:\temp\71789780-e7a8-4db7-95c4-3bdabd00a0c6
        Filter: *.*
        Result: iCore.Workflow.Activities.Filesystem.FileSystemListenerConfiguration
        SettleTime: 00:00:03
        ScanForFileOnStart: True
        Recursive: True
        WatchType: Change
}
4: WorkflowInstance "CreateFilesystemListenerConfigurationActivity" is Completed</StdOut>
      </Output>
    </UnitTestResult>
    <UnitTestResult executionId="de8a5598-06b4-4f9e-b633-bb9296c9f299" testId="72b72aaf-6d8b-3b86-6ba3-dcc36f6db6e4" testName="Allocate_InspectDefaultValues_DefaultRecursiveIsFalse" computerName="ICSWS068" duration="00:00:00.0011410" startTime="2016-08-04T09:58:40.8266990+02:00" endTime="2016-08-04T09:58:40.8292016+02:00" testType="13cdc9d9-ddb5-4fa4-a97d-d965ccfc6d4b" outcome="Passed" testListId="8c84fa94-04c1-424b-9868-57a2d4851a1d" relativeResultsDirectory="de8a5598-06b4-4f9e-b633-bb9296c9f299">
      <Output>
        <StdOut>Debug Trace:
0: WorkflowInstance "CreateFilesystemListenerConfigurationActivity" is Started
1: Activity [null] "null" scheduled child activity [1] "CreateFilesystemListenerConfigurationActivity"
2: Activity [1] "CreateFilesystemListenerConfigurationActivity" is Executing
{
    Arguments
        Directory: c:\temp\f01074c4-9259-418e-99a2-ceb0bba0043d
        Filter: *.tst
        SettleTime: 00:00:03
        ScanForFileOnStart: True
        Recursive: False
        WatchType: Change
}
3: Activity [1] "CreateFilesystemListenerConfigurationActivity" is Closed
{
    Arguments
        Directory: c:\temp\f01074c4-9259-418e-99a2-ceb0bba0043d
        Filter: *.tst
        Result: iCore.Workflow.Activities.Filesystem.FileSystemListenerConfiguration
        SettleTime: 00:00:03
        ScanForFileOnStart: True
        Recursive: False
        WatchType: Change
}
4: WorkflowInstance "CreateFilesystemListenerConfigurationActivity" is Completed</StdOut>
      </Output>
    </UnitTestResult>
    <UnitTestResult executionId="a3d8e107-9577-4e55-ae77-1006d75325c6" testId="7b7fd2c5-877a-b18b-0f5f-5716bb1cd12a" testName="Allocate_InspectDefaultValues_DefaultScanForFilesIsTrue" computerName="ICSWS068" duration="00:00:00.0009826" startTime="2016-08-04T09:58:40.8322021+02:00" endTime="2016-08-04T09:58:40.8342235+02:00" testType="13cdc9d9-ddb5-4fa4-a97d-d965ccfc6d4b" outcome="Passed" testListId="8c84fa94-04c1-424b-9868-57a2d4851a1d" relativeResultsDirectory="a3d8e107-9577-4e55-ae77-1006d75325c6">
      <Output>
        <StdOut>Debug Trace:
0: WorkflowInstance "CreateFilesystemListenerConfigurationActivity" is Started
1: Activity [null] "null" scheduled child activity [1] "CreateFilesystemListenerConfigurationActivity"
2: Activity [1] "CreateFilesystemListenerConfigurationActivity" is Executing
{
    Arguments
        Directory: c:\temp\bb55eeae-e30e-43fb-99d9-6ccb086b330c
        Filter: *.tst
        SettleTime: 00:00:03
        ScanForFileOnStart: True
        Recursive: True
        WatchType: Change
}
3: Activity [1] "CreateFilesystemListenerConfigurationActivity" is Closed
{
    Arguments
        Directory: c:\temp\bb55eeae-e30e-43fb-99d9-6ccb086b330c
        Filter: *.tst
        Result: iCore.Workflow.Activities.Filesystem.FileSystemListenerConfiguration
        SettleTime: 00:00:03
        ScanForFileOnStart: True
        Recursive: True
        WatchType: Change
}
4: WorkflowInstance "CreateFilesystemListenerConfigurationActivity" is Completed</StdOut>
      </Output>
    </UnitTestResult>
    <UnitTestResult executionId="7ef92e7e-0992-4431-a091-747f6b70107a" testId="161d7ea0-9028-1b69-b640-620232f83dad" testName="Allocate_InspectDefaultValues_DefaultSettleTimeIs500" computerName="ICSWS068" duration="00:00:00.0009627" startTime="2016-08-04T09:58:40.8367264+02:00" endTime="2016-08-04T09:58:40.8387431+02:00" testType="13cdc9d9-ddb5-4fa4-a97d-d965ccfc6d4b" outcome="Passed" testListId="8c84fa94-04c1-424b-9868-57a2d4851a1d" relativeResultsDirectory="7ef92e7e-0992-4431-a091-747f6b70107a">
      <Output>
        <StdOut>Debug Trace:
0: WorkflowInstance "CreateFilesystemListenerConfigurationActivity" is Started
1: Activity [null] "null" scheduled child activity [1] "CreateFilesystemListenerConfigurationActivity"
2: Activity [1] "CreateFilesystemListenerConfigurationActivity" is Executing
{
    Arguments
        Directory: c:\temp\ac407e66-7c19-4e80-8384-6c3d453e6e63
        Filter: *.tst
        SettleTime: 00:00:00.5000000
        ScanForFileOnStart: True
        Recursive: True
        WatchType: Change
}
3: Activity [1] "CreateFilesystemListenerConfigurationActivity" is Closed
{
    Arguments
        Directory: c:\temp\ac407e66-7c19-4e80-8384-6c3d453e6e63
        Filter: *.tst
        Result: iCore.Workflow.Activities.Filesystem.FileSystemListenerConfiguration
        SettleTime: 00:00:00.5000000
        ScanForFileOnStart: True
        Recursive: True
        WatchType: Change
}
4: WorkflowInstance "CreateFilesystemListenerConfigurationActivity" is Completed</StdOut>
      </Output>
    </UnitTestResult>
    <UnitTestResult executionId="820769af-4e98-45eb-bb1a-f47ffcffc5f7" testId="ce32612d-6324-e3e4-3151-81c81f484a32" testName="Allocate_InspectDefaultValues_DefaultWatchTypeIsRename" computerName="ICSWS068" duration="00:00:00.0018049" startTime="2016-08-04T09:58:40.8417451+02:00" endTime="2016-08-04T09:58:40.8447303+02:00" testType="13cdc9d9-ddb5-4fa4-a97d-d965ccfc6d4b" outcome="Passed" testListId="8c84fa94-04c1-424b-9868-57a2d4851a1d" relativeResultsDirectory="820769af-4e98-45eb-bb1a-f47ffcffc5f7">
      <Output>
        <StdOut>Debug Trace:
0: WorkflowInstance "CreateFilesystemListenerConfigurationActivity" is Started
1: Activity [null] "null" scheduled child activity [1] "CreateFilesystemListenerConfigurationActivity"
2: Activity [1] "CreateFilesystemListenerConfigurationActivity" is Executing
{
    Arguments
        Directory: c:\temp\80cbf8c2-59e8-48d2-b94d-c5915b64e0c4
        Filter: *.tst
        SettleTime: 00:00:03
        ScanForFileOnStart: True
        Recursive: True
        WatchType: Rename
}
3: Activity [1] "CreateFilesystemListenerConfigurationActivity" is Closed
{
    Arguments
        Directory: c:\temp\80cbf8c2-59e8-48d2-b94d-c5915b64e0c4
        Filter: *.tst
        Result: iCore.Workflow.Activities.Filesystem.FileSystemListenerConfiguration
        SettleTime: 00:00:03
        ScanForFileOnStart: True
        Recursive: True
        WatchType: Rename
}
4: WorkflowInstance "CreateFilesystemListenerConfigurationActivity" is Completed</StdOut>
      </Output>
    </UnitTestResult>
    <UnitTestResult executionId="8f0a2620-ce62-4e49-9cbc-d7242c7d3bf7" testId="2722f342-41a5-1dc4-9668-6938ccb386c4" testName="Invoke_ExamineActivityOrder_CreateConfigurationIsBeforeOpenConnection" computerName="ICSWS068" duration="00:00:00.0639779" startTime="2016-08-04T09:58:40.8477496+02:00" endTime="2016-08-04T09:58:40.9131629+02:00" testType="13cdc9d9-ddb5-4fa4-a97d-d965ccfc6d4b" outcome="Passed" testListId="8c84fa94-04c1-424b-9868-57a2d4851a1d" relativeResultsDirectory="8f0a2620-ce62-4e49-9cbc-d7242c7d3bf7">
      <Output>
        <StdOut>Debug Trace:
0: WorkflowInstance "FilesystemListenerExActivity" is Started
1: Activity [null] "null" scheduled child activity [1] "FilesystemListenerExActivity"
2: Activity [1] "FilesystemListenerExActivity" is Executing
{
    Arguments
        Directory: a:\directory
        FileAccess: Read
        ErrorOnTimeout: False
        FileMode: Open
        Timeout: -00:00:00.0010000
        Filter: *.txt
        Rename: False
        FileShare: Read
        SettleTime: 00:00:00.5550000
        ScanForFileOnStart: True
        MoveFileToDirectory: a:\nother\directory
        IsImplicitlyCancellable: True
        Recursive: False
        WatchType: Rename
}
3: Activity [1] "FilesystemListenerExActivity" scheduled child activity [1.1] "Sequence"
4: Activity [1.1] "Sequence" is Executing
5: Activity [1.1] "Sequence" scheduled child activity [1.21] "TryCatch1"
6: Activity [1.21] "TryCatch1" is Executing
{
    Variables
        connection: 00000000-0000-0000-0000-000000000000
}
7: Activity [1.21] "TryCatch1" scheduled child activity [1.24] "TryCatch2"
8: Activity [1.24] "TryCatch2" is Executing
9: Activity [1.24] "TryCatch2" scheduled child activity [1.28] "MainSequence1"
10: Activity [1.28] "MainSequence1" is Executing
{
    Variables
        configuration: iCore.Workflow.Activities.Filesystem.FileSystemListenerConfiguration
}
11: Activity [1.28] "MainSequence1" scheduled child activity [1.55] "CreateConfiguration1"
12: Activity [1.55] "CreateConfiguration1" is Executing
{
    Arguments
        Directory: a:\directory
        Filter: *.txt
        SettleTime: 00:00:00.5550000
        ScanForFileOnStart: True
        Recursive: False
        WatchType: Rename
}
13: Activity [1.55] "CreateConfiguration1" is Closed
{
    Arguments
        Directory: a:\directory
        Filter: *.txt
        Result: iCore.Workflow.Activities.Filesystem.FileSystemListenerConfiguration
        SettleTime: 00:00:00.5550000
        ScanForFileOnStart: True
        Recursive: False
        WatchType: Rename
}
14: Activity [1.28] "MainSequence1" scheduled child activity [1.50] "StartFileSystemListener1"
15: Activity [1.50] "StartFileSystemListener1" is Executing
{
    Arguments
        Configuration: iCore.Workflow.Activities.Filesystem.FileSystemListenerConfiguration
}
16: CustomTrackingRecord [1.50] "iCPSTraceTrackingRecord"
17: Activity [1.50] "StartFileSystemListener1" is Closed
{
    Arguments
        Result: 00000000-0000-0000-0000-000000000000
        Configuration: iCore.Workflow.Activities.Filesystem.FileSystemListenerConfiguration
}
18: Activity [1.28] "MainSequence1" scheduled child activity [1.29] "GetNextFile1"
19: Activity [1.29] "GetNextFile1" is Executing
{
    Arguments
        ErrorOnTimeout: False
        SubscriptionId: 00000000-0000-0000-0000-000000000000
        Timeout: -00:00:00.0010000
        Rename: False
        MoveFileToDirectory: a:\nother\directory
        IsImplicitlyCancellable: True
}
20: Activity [1.29] "GetNextFile1" scheduled child activity [1.29.1] "Sequence"
21: Activity [1.29.1] "Sequence" is Executing
{
    Variables
        _5ef1bf98_84fe_487c_bb8a_8079780ebfc1_1: 0
}
22: Activity [1.29.1] "Sequence" scheduled child activity [1.29.26] "GetNextFile1"
23: Activity [1.29.26] "GetNextFile1" is Executing
{
    Arguments
        ErrorOnTimeout: False
        SubscriptionId: 00000000-0000-0000-0000-000000000000
        Timeout: -00:00:00.0010000
        IsImplicitlyCancellable: True
}
24: CustomTrackingRecord [1.29.26] "iCPSTraceTrackingRecord"
25: WorkflowInstance "FilesystemListenerExActivity" is Idle</StdOut>
      </Output>
    </UnitTestResult>
    <UnitTestResult executionId="1df6915d-e7a9-4583-89db-e592f48063fd" testId="bc26ecca-a562-064d-169f-fe95ae40d343" testName="Invoke_ExamineActivityOrder_OpenConnectionIsBeforeGetNextFile" computerName="ICSWS068" duration="00:00:00.0059025" startTime="2016-08-04T09:58:40.9161576+02:00" endTime="2016-08-04T09:58:40.9231616+02:00" testType="13cdc9d9-ddb5-4fa4-a97d-d965ccfc6d4b" outcome="Passed" testListId="8c84fa94-04c1-424b-9868-57a2d4851a1d" relativeResultsDirectory="1df6915d-e7a9-4583-89db-e592f48063fd">
      <Output>
        <StdOut>Debug Trace:
0: WorkflowInstance "FilesystemListenerExActivity" is Started
1: Activity [null] "null" scheduled child activity [1] "FilesystemListenerExActivity"
2: Activity [1] "FilesystemListenerExActivity" is Executing
{
    Arguments
        Directory: a:\directory
        FileAccess: Read
        ErrorOnTimeout: False
        FileMode: Open
        Timeout: -00:00:00.0010000
        Filter: *.txt
        Rename: False
        FileShare: Read
        SettleTime: 00:00:00.5550000
        ScanForFileOnStart: True
        MoveFileToDirectory: a:\nother\directory
        IsImplicitlyCancellable: True
        Recursive: False
        WatchType: Rename
}
3: Activity [1] "FilesystemListenerExActivity" scheduled child activity [1.1] "Sequence"
4: Activity [1.1] "Sequence" is Executing
5: Activity [1.1] "Sequence" scheduled child activity [1.21] "TryCatch1"
6: Activity [1.21] "TryCatch1" is Executing
{
    Variables
        connection: 00000000-0000-0000-0000-000000000000
}
7: Activity [1.21] "TryCatch1" scheduled child activity [1.24] "TryCatch2"
8: Activity [1.24] "TryCatch2" is Executing
9: Activity [1.24] "TryCatch2" scheduled child activity [1.28] "MainSequence1"
10: Activity [1.28] "MainSequence1" is Executing
{
    Variables
        configuration: iCore.Workflow.Activities.Filesystem.FileSystemListenerConfiguration
}
11: Activity [1.28] "MainSequence1" scheduled child activity [1.55] "CreateConfiguration1"
12: Activity [1.55] "CreateConfiguration1" is Executing
{
    Arguments
        Directory: a:\directory
        Filter: *.txt
        SettleTime: 00:00:00.5550000
        ScanForFileOnStart: True
        Recursive: False
        WatchType: Rename
}
13: Activity [1.55] "CreateConfiguration1" is Closed
{
    Arguments
        Directory: a:\directory
        Filter: *.txt
        Result: iCore.Workflow.Activities.Filesystem.FileSystemListenerConfiguration
        SettleTime: 00:00:00.5550000
        ScanForFileOnStart: True
        Recursive: False
        WatchType: Rename
}
14: Activity [1.28] "MainSequence1" scheduled child activity [1.50] "StartFileSystemListener1"
15: Activity [1.50] "StartFileSystemListener1" is Executing
{
    Arguments
        Configuration: iCore.Workflow.Activities.Filesystem.FileSystemListenerConfiguration
}
16: CustomTrackingRecord [1.50] "iCPSTraceTrackingRecord"
17: Activity [1.50] "StartFileSystemListener1" is Closed
{
    Arguments
        Result: 00000000-0000-0000-0000-000000000000
        Configuration: iCore.Workflow.Activities.Filesystem.FileSystemListenerConfiguration
}
18: Activity [1.28] "MainSequence1" scheduled child activity [1.29] "GetNextFile1"
19: Activity [1.29] "GetNextFile1" is Executing
{
    Arguments
        ErrorOnTimeout: False
        SubscriptionId: 00000000-0000-0000-0000-000000000000
        Timeout: -00:00:00.0010000
        Rename: False
        MoveFileToDirectory: a:\nother\directory
        IsImplicitlyCancellable: True
}
20: Activity [1.29] "GetNextFile1" scheduled child activity [1.29.1] "Sequence"
21: Activity [1.29.1] "Sequence" is Executing
{
    Variables
        _5ef1bf98_84fe_487c_bb8a_8079780ebfc1_2: 0
}
22: Activity [1.29.1] "Sequence" scheduled child activity [1.29.26] "GetNextFile1"
23: Activity [1.29.26] "GetNextFile1" is Executing
{
    Arguments
        ErrorOnTimeout: False
        SubscriptionId: 00000000-0000-0000-0000-000000000000
        Timeout: -00:00:00.0010000
        IsImplicitlyCancellable: True
}
24: CustomTrackingRecord [1.29.26] "iCPSTraceTrackingRecord"
25: WorkflowInstance "FilesystemListenerExActivity" is Idle</StdOut>
      </Output>
    </UnitTestResult>
    <UnitTestResult executionId="135a5ed8-9d18-43ed-927a-2cc350dc0074" testId="3c763ccd-c7d1-9ff2-b205-ab8d562b05be" testName="Invoke_ExamineActivityOrder_GetNextFileIsBeforeCloseConnection" computerName="ICSWS068" duration="00:00:00.0116052" startTime="2016-08-04T09:58:40.9256803+02:00" endTime="2016-08-04T09:58:40.9385666+02:00" testType="13cdc9d9-ddb5-4fa4-a97d-d965ccfc6d4b" outcome="Passed" testListId="8c84fa94-04c1-424b-9868-57a2d4851a1d" relativeResultsDirectory="135a5ed8-9d18-43ed-927a-2cc350dc0074">
      <Output>
        <StdOut>Debug Trace:
0: WorkflowInstance "FilesystemListenerExActivity" is Started
1: Activity [null] "null" scheduled child activity [1] "FilesystemListenerExActivity"
2: Activity [1] "FilesystemListenerExActivity" is Executing
{
    Arguments
        Directory: a:\directory
        FileAccess: Read
        ErrorOnTimeout: False
        FileMode: Open
        Timeout: -00:00:00.0010000
        Filter: *.txt
        Rename: False
        FileShare: Read
        SettleTime: 00:00:00.5550000
        ScanForFileOnStart: True
        MoveFileToDirectory: a:\nother\directory
        IsImplicitlyCancellable: True
        Recursive: False
        WatchType: Rename
}
3: Activity [1] "FilesystemListenerExActivity" scheduled child activity [1.1] "Sequence"
4: Activity [1.1] "Sequence" is Executing
5: Activity [1.1] "Sequence" scheduled child activity [1.21] "TryCatch1"
6: Activity [1.21] "TryCatch1" is Executing
{
    Variables
        connection: 00000000-0000-0000-0000-000000000000
}
7: Activity [1.21] "TryCatch1" scheduled child activity [1.24] "TryCatch2"
8: Activity [1.24] "TryCatch2" is Executing
9: Activity [1.24] "TryCatch2" scheduled child activity [1.28] "MainSequence1"
10: Activity [1.28] "MainSequence1" is Executing
{
    Variables
        configuration: iCore.Workflow.Activities.Filesystem.FileSystemListenerConfiguration
}
11: Activity [1.28] "MainSequence1" scheduled child activity [1.55] "CreateConfiguration1"
12: Activity [1.55] "CreateConfiguration1" is Executing
{
    Arguments
        Directory: a:\directory
        Filter: *.txt
        SettleTime: 00:00:00.5550000
        ScanForFileOnStart: True
        Recursive: False
        WatchType: Rename
}
13: Activity [1.55] "CreateConfiguration1" is Closed
{
    Arguments
        Directory: a:\directory
        Filter: *.txt
        Result: iCore.Workflow.Activities.Filesystem.FileSystemListenerConfiguration
        SettleTime: 00:00:00.5550000
        ScanForFileOnStart: True
        Recursive: False
        WatchType: Rename
}
14: Activity [1.28] "MainSequence1" scheduled child activity [1.50] "StartFileSystemListener1"
15: Activity [1.50] "StartFileSystemListener1" is Executing
{
    Arguments
        Configuration: iCore.Workflow.Activities.Filesystem.FileSystemListenerConfiguration
}
16: CustomTrackingRecord [1.50] "iCPSTraceTrackingRecord"
17: Activity [1.50] "StartFileSystemListener1" is Closed
{
    Arguments
        Result: 00000000-0000-0000-0000-000000000000
        Configuration: iCore.Workflow.Activities.Filesystem.FileSystemListenerConfiguration
}
18: Activity [1.28] "MainSequence1" scheduled child activity [1.29] "GetNextFile1"
19: Activity [1.29] "GetNextFile1" is Executing
{
    Arguments
        ErrorOnTimeout: False
        SubscriptionId: 00000000-0000-0000-0000-000000000000
        Timeout: -00:00:00.0010000
        Rename: False
        MoveFileToDirectory: a:\nother\directory
        IsImplicitlyCancellable: True
}
20: Activity [1.29] "GetNextFile1" scheduled child activity [1.29.1] "Sequence"
21: Activity [1.29.1] "Sequence" is Executing
{
    Variables
        _5ef1bf98_84fe_487c_bb8a_8079780ebfc1_3: Rename
}
22: Activity [1.29.1] "Sequence" scheduled child activity [1.29.26] "GetNextFile1"
23: Activity [1.29.26] "GetNextFile1" is Executing
{
    Arguments
        ErrorOnTimeout: False
        SubscriptionId: 00000000-0000-0000-0000-000000000000
        Timeout: -00:00:00.0010000
        IsImplicitlyCancellable: True
}
24: CustomTrackingRecord [1.29.26] "iCPSTraceTrackingRecord"
25: WorkflowInstance "FilesystemListenerExActivity" is Idle
26: Bookmark "448b0497-afeb-4641-a681-5f6138e8c795" resumed with payload &lt;iCore.Workflow.Activities.Extensions.ItemSubscriptionEventArgs`1[iCore.Common.Utilities.FileSystemWatcher.FileSystemWatcherFileInfo]&gt; owner [1.29.26] "GetNextFile1"
27: CustomTrackingRecord [1.29.26] "iCPSTraceTrackingRecord"
28: Activity [1.29.26] "GetNextFile1" is Closed
{
    Arguments
        ErrorOnTimeout: False
        SubscriptionId: 00000000-0000-0000-0000-000000000000
        FileName: file.name
        Timeout: -00:00:00.0010000
        FileFullName: a:\direcotry\file.name
        IsImplicitlyCancellable: True
        WatchType: Rename
}
29: Activity [1.29.1] "Sequence" scheduled child activity [1.29.19] "AssignProcessingFileName1"
30: Activity [1.29.19] "AssignProcessingFileName1" is Executing
{
    Arguments
        Value: file.name
}
31: Activity [1.29.19] "AssignProcessingFileName1" is Closed
{
    Arguments
        Value: file.name
        To: file.name
}
32: Activity [1.29.1] "Sequence" scheduled child activity [1.29.11] "AssignProcessingFilePath1"
33: Activity [1.29.11] "AssignProcessingFilePath1" is Executing
{
    Arguments
        Value: a:\nother\directory\file.name
}
34: Activity [1.29.11] "AssignProcessingFilePath1" is Closed
{
    Arguments
        Value: a:\nother\directory\file.name
        To: a:\nother\directory\file.name
}
35: Activity [1.29.1] "Sequence" scheduled child activity [1.29.2] "RenameFileCheck1"
36: Activity [1.29.2] "RenameFileCheck1" is Executing
{
    Arguments
        Condition: True
}
37: Activity [1.29.2] "RenameFileCheck1" scheduled child activity [1.29.6] "RenameFile1"
38: Activity [1.29.6] "RenameFile1" is Executing
{
    Arguments
        NewFilename: a:\nother\directory\file.name
        OldFilename: a:\direcotry\file.name
}
39: WorkflowInstance "FilesystemListenerExActivity" is Idle
40: Activity [1.29.6] "RenameFile1" is Closed
{
    Arguments
        NewFilename: a:\nother\directory\file.name
        OldFilename: a:\direcotry\file.name
}
41: Activity [1.29.2] "RenameFileCheck1" is Closed
{
    Arguments
        Condition: True
}
42: Activity [1.29.1] "Sequence" is Closed
{
    Variables
        _5ef1bf98_84fe_487c_bb8a_8079780ebfc1_4: Rename
}
43: Activity [1.29] "GetNextFile1" is Closed
{
    Arguments
        ErrorOnTimeout: False
        SubscriptionId: 00000000-0000-0000-0000-000000000000
        Timeout: -00:00:00.0010000
        Rename: False
        OriginalFileName: file.name
        ProcessingFilePath: a:\nother\directory\file.name
        MoveFileToDirectory: a:\nother\directory
        IsImplicitlyCancellable: True
        ProcessingFileName: file.name
        OriginalFilePath: a:\direcotry\file.name
}
44: Activity [1.28] "MainSequence1" is Closed
{
    Variables
        configuration: iCore.Workflow.Activities.Filesystem.FileSystemListenerConfiguration
}
45: Activity [1.24] "TryCatch2" scheduled child activity [1.25] "CloseConnection1"
46: Activity [1.25] "CloseConnection1" is Executing
{
    Arguments
        SubscriptionId: 00000000-0000-0000-0000-000000000000
}
47: CustomTrackingRecord [1.25] "iCPSTraceTrackingRecord"
48: Activity [1.25] "CloseConnection1" is Closed
{
    Arguments
        SubscriptionId: 00000000-0000-0000-0000-000000000000
}
49: Activity [1.24] "TryCatch2" is Closed
50: Activity [1.21] "TryCatch1" is Closed
{
    Variables
        connection: 00000000-0000-0000-0000-000000000000
}
51: Activity [1.1] "Sequence" scheduled child activity [1.2] "OpenIfFileExists1"
52: Activity [1.2] "OpenIfFileExists1" is Executing
{
    Arguments
        Condition: False
}
53: Activity [1.2] "OpenIfFileExists1" scheduled child activity [1.6] "AssignDataNull1"
54: Activity [1.6] "AssignDataNull1" is Executing
{
    Arguments
        Value: System.IO.Stream+NullStream
}
55: Activity [1.6] "AssignDataNull1" is Closed
{
    Arguments
        Value: System.IO.Stream+NullStream
        To: System.IO.Stream+NullStream
}
56: Activity [1.2] "OpenIfFileExists1" is Closed
{
    Arguments
        Condition: False
}
57: Activity [1.1] "Sequence" is Closed
58: Activity [1] "FilesystemListenerExActivity" is Closed
{
    Arguments
        Directory: a:\directory
        FileAccess: Read
        ErrorOnTimeout: False
        FileMode: Open
        Timeout: -00:00:00.0010000
        Filter: *.txt
        Rename: False
        OriginalFileName: file.name
        FileShare: Read
        SettleTime: 00:00:00.5550000
        Data: System.IO.Stream+NullStream
        ProcessingFilePath: a:\nother\directory\file.name
        ScanForFileOnStart: True
        MoveFileToDirectory: a:\nother\directory
        IsImplicitlyCancellable: True
        ProcessingFileName: file.name
        OriginalFilePath: a:\direcotry\file.name
        Recursive: False
        WatchType: Rename
}
59: WorkflowInstance "FilesystemListenerExActivity" is Completed</StdOut>
      </Output>
    </UnitTestResult>
    <UnitTestResult executionId="55ad77bc-a366-4aa9-9bae-a2da8530a7a1" testId="0cb44257-d901-b17e-f398-77bffde7df7d" testName="Invoke_ExamineActivityOrder_CloseConnectionIsBeforeOpenFile" computerName="ICSWS068" duration="00:00:00.0194643" startTime="2016-08-04T09:58:40.9415698+02:00" endTime="2016-08-04T09:58:40.9619823+02:00" testType="13cdc9d9-ddb5-4fa4-a97d-d965ccfc6d4b" outcome="Passed" testListId="8c84fa94-04c1-424b-9868-57a2d4851a1d" relativeResultsDirectory="55ad77bc-a366-4aa9-9bae-a2da8530a7a1">
      <Output>
        <StdOut>Debug Trace:
0: WorkflowInstance "FilesystemListenerExActivity" is Started
1: Activity [null] "null" scheduled child activity [1] "FilesystemListenerExActivity"
2: Activity [1] "FilesystemListenerExActivity" is Executing
{
    Arguments
        Directory: a:\directory
        FileAccess: Read
        ErrorOnTimeout: False
        FileMode: Open
        Timeout: -00:00:00.0010000
        Filter: *.txt
        Rename: False
        FileShare: Read
        SettleTime: 00:00:00.5550000
        ScanForFileOnStart: True
        MoveFileToDirectory: 
        IsImplicitlyCancellable: True
        Recursive: False
        WatchType: Rename
}
3: Activity [1] "FilesystemListenerExActivity" scheduled child activity [1.1] "Sequence"
4: Activity [1.1] "Sequence" is Executing
5: Activity [1.1] "Sequence" scheduled child activity [1.21] "TryCatch1"
6: Activity [1.21] "TryCatch1" is Executing
{
    Variables
        connection: 00000000-0000-0000-0000-000000000000
}
7: Activity [1.21] "TryCatch1" scheduled child activity [1.24] "TryCatch2"
8: Activity [1.24] "TryCatch2" is Executing
9: Activity [1.24] "TryCatch2" scheduled child activity [1.28] "MainSequence1"
10: Activity [1.28] "MainSequence1" is Executing
{
    Variables
        configuration: iCore.Workflow.Activities.Filesystem.FileSystemListenerConfiguration
}
11: Activity [1.28] "MainSequence1" scheduled child activity [1.55] "CreateConfiguration1"
12: Activity [1.55] "CreateConfiguration1" is Executing
{
    Arguments
        Directory: a:\directory
        Filter: *.txt
        SettleTime: 00:00:00.5550000
        ScanForFileOnStart: True
        Recursive: False
        WatchType: Rename
}
13: Activity [1.55] "CreateConfiguration1" is Closed
{
    Arguments
        Directory: a:\directory
        Filter: *.txt
        Result: iCore.Workflow.Activities.Filesystem.FileSystemListenerConfiguration
        SettleTime: 00:00:00.5550000
        ScanForFileOnStart: True
        Recursive: False
        WatchType: Rename
}
14: Activity [1.28] "MainSequence1" scheduled child activity [1.50] "StartFileSystemListener1"
15: Activity [1.50] "StartFileSystemListener1" is Executing
{
    Arguments
        Configuration: iCore.Workflow.Activities.Filesystem.FileSystemListenerConfiguration
}
16: CustomTrackingRecord [1.50] "iCPSTraceTrackingRecord"
17: Activity [1.50] "StartFileSystemListener1" is Closed
{
    Arguments
        Result: 00000000-0000-0000-0000-000000000000
        Configuration: iCore.Workflow.Activities.Filesystem.FileSystemListenerConfiguration
}
18: Activity [1.28] "MainSequence1" scheduled child activity [1.29] "GetNextFile1"
19: Activity [1.29] "GetNextFile1" is Executing
{
    Arguments
        ErrorOnTimeout: False
        SubscriptionId: 00000000-0000-0000-0000-000000000000
        Timeout: -00:00:00.0010000
        Rename: False
        MoveFileToDirectory: 
        IsImplicitlyCancellable: True
}
20: Activity [1.29] "GetNextFile1" scheduled child activity [1.29.1] "Sequence"
21: Activity [1.29.1] "Sequence" is Executing
{
    Variables
        _5ef1bf98_84fe_487c_bb8a_8079780ebfc1_5: Rename
}
22: Activity [1.29.1] "Sequence" scheduled child activity [1.29.26] "GetNextFile1"
23: Activity [1.29.26] "GetNextFile1" is Executing
{
    Arguments
        ErrorOnTimeout: False
        SubscriptionId: 00000000-0000-0000-0000-000000000000
        Timeout: -00:00:00.0010000
        IsImplicitlyCancellable: True
}
24: CustomTrackingRecord [1.29.26] "iCPSTraceTrackingRecord"
25: WorkflowInstance "FilesystemListenerExActivity" is Idle
26: Bookmark "4f783681-300c-49b3-9fd1-07e25ecc99aa" resumed with payload &lt;iCore.Workflow.Activities.Extensions.ItemSubscriptionEventArgs`1[iCore.Common.Utilities.FileSystemWatcher.FileSystemWatcherFileInfo]&gt; owner [1.29.26] "GetNextFile1"
27: CustomTrackingRecord [1.29.26] "iCPSTraceTrackingRecord"
28: Activity [1.29.26] "GetNextFile1" is Closed
{
    Arguments
        ErrorOnTimeout: False
        SubscriptionId: 00000000-0000-0000-0000-000000000000
        FileName: file.name
        Timeout: -00:00:00.0010000
        FileFullName: a:\directory\path\file.name
        IsImplicitlyCancellable: True
        WatchType: Rename
}
29: Activity [1.29.1] "Sequence" scheduled child activity [1.29.19] "AssignProcessingFileName1"
30: Activity [1.29.19] "AssignProcessingFileName1" is Executing
{
    Arguments
        Value: file.name
}
31: Activity [1.29.19] "AssignProcessingFileName1" is Closed
{
    Arguments
        Value: file.name
        To: file.name
}
32: Activity [1.29.1] "Sequence" scheduled child activity [1.29.11] "AssignProcessingFilePath1"
33: Activity [1.29.11] "AssignProcessingFilePath1" is Executing
{
    Arguments
        Value: a:\directory\path\file.name
}
34: Activity [1.29.11] "AssignProcessingFilePath1" is Closed
{
    Arguments
        Value: a:\directory\path\file.name
        To: a:\directory\path\file.name
}
35: Activity [1.29.1] "Sequence" scheduled child activity [1.29.2] "RenameFileCheck1"
36: Activity [1.29.2] "RenameFileCheck1" is Executing
{
    Arguments
        Condition: False
}
37: Activity [1.29.2] "RenameFileCheck1" is Closed
{
    Arguments
        Condition: False
}
38: Activity [1.29.1] "Sequence" is Closed
{
    Variables
        _5ef1bf98_84fe_487c_bb8a_8079780ebfc1_6: Rename
}
39: Activity [1.29] "GetNextFile1" is Closed
{
    Arguments
        ErrorOnTimeout: False
        SubscriptionId: 00000000-0000-0000-0000-000000000000
        Timeout: -00:00:00.0010000
        Rename: False
        OriginalFileName: file.name
        ProcessingFilePath: a:\directory\path\file.name
        MoveFileToDirectory: 
        IsImplicitlyCancellable: True
        ProcessingFileName: file.name
        OriginalFilePath: a:\directory\path\file.name
}
40: Activity [1.28] "MainSequence1" is Closed
{
    Variables
        configuration: iCore.Workflow.Activities.Filesystem.FileSystemListenerConfiguration
}
41: Activity [1.24] "TryCatch2" scheduled child activity [1.25] "CloseConnection1"
42: Activity [1.25] "CloseConnection1" is Executing
{
    Arguments
        SubscriptionId: 00000000-0000-0000-0000-000000000000
}
43: CustomTrackingRecord [1.25] "iCPSTraceTrackingRecord"
44: Activity [1.25] "CloseConnection1" is Closed
{
    Arguments
        SubscriptionId: 00000000-0000-0000-0000-000000000000
}
45: Activity [1.24] "TryCatch2" is Closed
46: Activity [1.21] "TryCatch1" is Closed
{
    Variables
        connection: 00000000-0000-0000-0000-000000000000
}
47: Activity [1.1] "Sequence" scheduled child activity [1.2] "OpenIfFileExists1"
48: Activity [1.2] "OpenIfFileExists1" is Executing
{
    Arguments
        Condition: True
}
49: Activity [1.2] "OpenIfFileExists1" scheduled child activity [1.10] "OpenFile1"
50: Activity [1.10] "OpenFile1" is Executing
{
    Arguments
        FileAccess: Read
        FileMode: Open
        FileName: a:\directory\path\file.name
        FileShare: Read
}
51: WorkflowInstance "FilesystemListenerExActivity" is Idle
52: Activity [1.10] "OpenFile1" is Closed
{
    Arguments
        FileAccess: Read
        FileMode: Open
        FileName: a:\directory\path\file.name
        Result: 
        FileShare: Read
}
53: Activity [1.2] "OpenIfFileExists1" is Closed
{
    Arguments
        Condition: True
}
54: Activity [1.1] "Sequence" is Closed
55: Activity [1] "FilesystemListenerExActivity" is Closed
{
    Arguments
        Directory: a:\directory
        FileAccess: Read
        ErrorOnTimeout: False
        FileMode: Open
        Timeout: -00:00:00.0010000
        Filter: *.txt
        Rename: False
        OriginalFileName: file.name
        FileShare: Read
        SettleTime: 00:00:00.5550000
        Data: 
        ProcessingFilePath: a:\directory\path\file.name
        ScanForFileOnStart: True
        MoveFileToDirectory: 
        IsImplicitlyCancellable: True
        ProcessingFileName: file.name
        OriginalFilePath: a:\directory\path\file.name
        Recursive: False
        WatchType: Rename
}
56: WorkflowInstance "FilesystemListenerExActivity" is Completed</StdOut>
      </Output>
    </UnitTestResult>
    <UnitTestResult executionId="253a600d-caa4-4f08-bc4c-1db537a2447b" testId="dc1b580f-20ce-214c-bc3e-1f33d42d2446" testName="Invoke_ExecutionCanceled_ExecutesCloseConnectionActivityWithExpectedArgument" computerName="ICSWS068" duration="00:00:00.0080660" startTime="2016-08-04T09:58:40.9653034+02:00" endTime="2016-08-04T09:58:40.9748123+02:00" testType="13cdc9d9-ddb5-4fa4-a97d-d965ccfc6d4b" outcome="Passed" testListId="8c84fa94-04c1-424b-9868-57a2d4851a1d" relativeResultsDirectory="253a600d-caa4-4f08-bc4c-1db537a2447b">
      <Output>
        <StdOut>Debug Trace:
0: WorkflowInstance "FilesystemListenerExActivity" is Started
1: Activity [null] "null" scheduled child activity [1] "FilesystemListenerExActivity"
2: Activity [1] "FilesystemListenerExActivity" is Executing
{
    Arguments
        Directory: a:\directory
        FileAccess: Read
        ErrorOnTimeout: False
        FileMode: Open
        Timeout: -00:00:00.0010000
        Filter: *.txt
        Rename: False
        FileShare: Read
        SettleTime: 00:00:00.5550000
        ScanForFileOnStart: True
        MoveFileToDirectory: a:\nother\directory
        IsImplicitlyCancellable: True
        Recursive: False
        WatchType: Rename
}
3: Activity [1] "FilesystemListenerExActivity" scheduled child activity [1.1] "Sequence"
4: Activity [1.1] "Sequence" is Executing
5: Activity [1.1] "Sequence" scheduled child activity [1.21] "TryCatch1"
6: Activity [1.21] "TryCatch1" is Executing
{
    Variables
        connection: 0a75649b-5e9f-4d83-a6b4-dc1d561b4bc2
}
7: Activity [1.21] "TryCatch1" scheduled child activity [1.24] "TryCatch2"
8: Activity [1.24] "TryCatch2" is Executing
9: Activity [1.24] "TryCatch2" scheduled child activity [1.28] "MainSequence1"
10: Activity [1.28] "MainSequence1" is Executing
{
    Variables
        configuration: iCore.Workflow.Activities.Filesystem.FileSystemListenerConfiguration
}
11: Activity [1.28] "MainSequence1" scheduled child activity [1.55] "CreateConfiguration1"
12: Activity [1.55] "CreateConfiguration1" is Executing
{
    Arguments
        Directory: a:\directory
        Filter: *.txt
        SettleTime: 00:00:00.5550000
        ScanForFileOnStart: True
        Recursive: False
        WatchType: Rename
}
13: Activity [1.55] "CreateConfiguration1" is Closed
{
    Arguments
        Directory: a:\directory
        Filter: *.txt
        Result: iCore.Workflow.Activities.Filesystem.FileSystemListenerConfiguration
        SettleTime: 00:00:00.5550000
        ScanForFileOnStart: True
        Recursive: False
        WatchType: Rename
}
14: Activity [1.28] "MainSequence1" scheduled child activity [1.50] "StartFileSystemListener1"
15: Activity [1.50] "StartFileSystemListener1" is Executing
{
    Arguments
        Configuration: iCore.Workflow.Activities.Filesystem.FileSystemListenerConfiguration
}
16: CustomTrackingRecord [1.50] "iCPSTraceTrackingRecord"
17: Activity [1.50] "StartFileSystemListener1" is Closed
{
    Arguments
        Result: 0a75649b-5e9f-4d83-a6b4-dc1d561b4bc2
        Configuration: iCore.Workflow.Activities.Filesystem.FileSystemListenerConfiguration
}
18: Activity [1.28] "MainSequence1" scheduled child activity [1.29] "GetNextFile1"
19: Activity [1.29] "GetNextFile1" is Executing
{
    Arguments
        ErrorOnTimeout: False
        SubscriptionId: 0a75649b-5e9f-4d83-a6b4-dc1d561b4bc2
        Timeout: -00:00:00.0010000
        Rename: False
        MoveFileToDirectory: a:\nother\directory
        IsImplicitlyCancellable: True
}
20: Activity [1.29] "GetNextFile1" scheduled child activity [1.29.1] "Sequence"
21: Activity [1.29.1] "Sequence" is Executing
{
    Variables
        _5ef1bf98_84fe_487c_bb8a_8079780ebfc1_7: 0
}
22: Activity [1.29.1] "Sequence" scheduled child activity [1.29.26] "GetNextFile1"
23: Activity [1.29.26] "GetNextFile1" is Executing
{
    Arguments
        ErrorOnTimeout: False
        SubscriptionId: 0a75649b-5e9f-4d83-a6b4-dc1d561b4bc2
        Timeout: -00:00:00.0010000
        IsImplicitlyCancellable: True
}
24: CustomTrackingRecord [1.29.26] "iCPSTraceTrackingRecord"
25: WorkflowInstance "FilesystemListenerExActivity" is Idle
26: Host requests cancel of activity [1] "FilesystemListenerExActivity"
27: Activity [1] "FilesystemListenerExActivity" requests cancel of activity [1.1] "Sequence"
28: Activity [1.1] "Sequence" requests cancel of activity [1.21] "TryCatch1"
29: Activity [1.21] "TryCatch1" requests cancel of activity [1.24] "TryCatch2"
30: Activity [1.24] "TryCatch2" requests cancel of activity [1.28] "MainSequence1"
31: Activity [1.28] "MainSequence1" requests cancel of activity [1.29] "GetNextFile1"
32: Activity [1.29] "GetNextFile1" requests cancel of activity [1.29.1] "Sequence"
33: Activity [1.29.1] "Sequence" requests cancel of activity [1.29.26] "GetNextFile1"
34: CustomTrackingRecord [1.29.26] "iCPSTraceTrackingRecord"
35: Activity [1.29.26] "GetNextFile1" is Canceled
{
    Arguments
        ErrorOnTimeout: False
        SubscriptionId: 0a75649b-5e9f-4d83-a6b4-dc1d561b4bc2
        FileName: 
        Timeout: -00:00:00.0010000
        FileFullName: 
        IsImplicitlyCancellable: True
        WatchType: 0
}
36: Activity [1.29.1] "Sequence" is Canceled
{
    Variables
        _5ef1bf98_84fe_487c_bb8a_8079780ebfc1_8: 0
}
37: Activity [1.29] "GetNextFile1" is Canceled
{
    Arguments
        ErrorOnTimeout: False
        SubscriptionId: 0a75649b-5e9f-4d83-a6b4-dc1d561b4bc2
        Timeout: -00:00:00.0010000
        Rename: False
        OriginalFileName: 
        ProcessingFilePath: 
        MoveFileToDirectory: a:\nother\directory
        IsImplicitlyCancellable: True
        ProcessingFileName: 
        OriginalFilePath: 
}
38: Activity [1.28] "MainSequence1" is Canceled
{
    Variables
        configuration: iCore.Workflow.Activities.Filesystem.FileSystemListenerConfiguration
}
39: Activity [1.24] "TryCatch2" scheduled child activity [1.25] "CloseConnection1"
40: Activity [1.25] "CloseConnection1" is Executing
{
    Arguments
        SubscriptionId: 0a75649b-5e9f-4d83-a6b4-dc1d561b4bc2
}
41: CustomTrackingRecord [1.25] "iCPSTraceTrackingRecord"
42: Activity [1.25] "CloseConnection1" is Closed
{
    Arguments
        SubscriptionId: 0a75649b-5e9f-4d83-a6b4-dc1d561b4bc2
}
43: Activity [1.24] "TryCatch2" is Canceled
44: Activity [1.21] "TryCatch1" is Canceled
{
    Variables
        connection: 0a75649b-5e9f-4d83-a6b4-dc1d561b4bc2
}
45: Activity [1.1] "Sequence" is Canceled
46: Activity [1] "FilesystemListenerExActivity" is Canceled
{
    Arguments
        Directory: a:\directory
        FileAccess: Read
        ErrorOnTimeout: False
        FileMode: Open
        Timeout: -00:00:00.0010000
        Filter: *.txt
        Rename: False
        OriginalFileName: 
        FileShare: Read
        SettleTime: 00:00:00.5550000
        Data: 
        ProcessingFilePath: 
        ScanForFileOnStart: True
        MoveFileToDirectory: a:\nother\directory
        IsImplicitlyCancellable: True
        ProcessingFileName: 
        OriginalFilePath: 
        Recursive: False
        WatchType: Rename
}
47: WorkflowInstance "FilesystemListenerExActivity" is Canceled</StdOut>
      </Output>
    </UnitTestResult>
    <UnitTestResult executionId="5303270f-4144-4a5f-a56e-5f55695d48a3" testId="ed3f19f3-9229-841c-36e4-254b0d4fe18a" testName="Invoke_ExecutionFails_ThrowsException" computerName="ICSWS068" duration="00:00:00.0103786" startTime="2016-08-04T09:58:40.9773128+02:00" endTime="2016-08-04T09:58:40.9892478+02:00" testType="13cdc9d9-ddb5-4fa4-a97d-d965ccfc6d4b" outcome="Passed" testListId="8c84fa94-04c1-424b-9868-57a2d4851a1d" relativeResultsDirectory="5303270f-4144-4a5f-a56e-5f55695d48a3">
      <Output>
        <StdOut>Debug Trace:
0: WorkflowInstance "FilesystemListenerExActivity" is Started
1: Activity [null] "null" scheduled child activity [1] "FilesystemListenerExActivity"
2: Activity [1] "FilesystemListenerExActivity" is Executing
{
    Arguments
        Directory: a:\directory
        FileAccess: Read
        ErrorOnTimeout: False
        FileMode: Open
        Timeout: -00:00:00.0010000
        Filter: *.txt
        Rename: False
        FileShare: Read
        SettleTime: 00:00:00.5550000
        ScanForFileOnStart: True
        MoveFileToDirectory: a:\nother\directory
        IsImplicitlyCancellable: True
        Recursive: False
        WatchType: Rename
}
3: Activity [1] "FilesystemListenerExActivity" scheduled child activity [1.1] "Sequence"
4: Activity [1.1] "Sequence" is Executing
5: Activity [1.1] "Sequence" scheduled child activity [1.21] "TryCatch1"
6: Activity [1.21] "TryCatch1" is Executing
{
    Variables
        connection: c4dc8a0e-67dd-4a42-8bb0-3eb40ee39237
}
7: Activity [1.21] "TryCatch1" scheduled child activity [1.24] "TryCatch2"
8: Activity [1.24] "TryCatch2" is Executing
9: Activity [1.24] "TryCatch2" scheduled child activity [1.28] "MainSequence1"
10: Activity [1.28] "MainSequence1" is Executing
{
    Variables
        configuration: iCore.Workflow.Activities.Filesystem.FileSystemListenerConfiguration
}
11: Activity [1.28] "MainSequence1" scheduled child activity [1.55] "CreateConfiguration1"
12: Activity [1.55] "CreateConfiguration1" is Executing
{
    Arguments
        Directory: a:\directory
        Filter: *.txt
        SettleTime: 00:00:00.5550000
        ScanForFileOnStart: True
        Recursive: False
        WatchType: Rename
}
13: Activity [1.55] "CreateConfiguration1" is Closed
{
    Arguments
        Directory: a:\directory
        Filter: *.txt
        Result: iCore.Workflow.Activities.Filesystem.FileSystemListenerConfiguration
        SettleTime: 00:00:00.5550000
        ScanForFileOnStart: True
        Recursive: False
        WatchType: Rename
}
14: Activity [1.28] "MainSequence1" scheduled child activity [1.50] "StartFileSystemListener1"
15: Activity [1.50] "StartFileSystemListener1" is Executing
{
    Arguments
        Configuration: iCore.Workflow.Activities.Filesystem.FileSystemListenerConfiguration
}
16: CustomTrackingRecord [1.50] "iCPSTraceTrackingRecord"
17: Activity [1.50] "StartFileSystemListener1" is Closed
{
    Arguments
        Result: c4dc8a0e-67dd-4a42-8bb0-3eb40ee39237
        Configuration: iCore.Workflow.Activities.Filesystem.FileSystemListenerConfiguration
}
18: Activity [1.28] "MainSequence1" scheduled child activity [1.29] "GetNextFile1"
19: Activity [1.29] "GetNextFile1" is Executing
{
    Arguments
        ErrorOnTimeout: False
        SubscriptionId: c4dc8a0e-67dd-4a42-8bb0-3eb40ee39237
        Timeout: -00:00:00.0010000
        Rename: False
        MoveFileToDirectory: a:\nother\directory
        IsImplicitlyCancellable: True
}
20: Activity [1.29] "GetNextFile1" scheduled child activity [1.29.1] "Sequence"
21: Activity [1.29.1] "Sequence" is Executing
{
    Variables
        _5ef1bf98_84fe_487c_bb8a_8079780ebfc1_9: 0
}
22: Activity [1.29.1] "Sequence" scheduled child activity [1.29.26] "GetNextFile1"
23: Activity [1.29.26] "GetNextFile1" is Executing
{
    Arguments
        ErrorOnTimeout: False
        SubscriptionId: c4dc8a0e-67dd-4a42-8bb0-3eb40ee39237
        Timeout: -00:00:00.0010000
        IsImplicitlyCancellable: True
}
24: CustomTrackingRecord [1.29.26] "iCPSTraceTrackingRecord"
25: WorkflowInstance "FilesystemListenerExActivity" is Idle
26: Bookmark "040584dd-1e0d-4cc4-a00b-7eb978612c92" resumed with payload &lt;iCore.Workflow.Activities.Extensions.ItemSubscriptionEventArgs`1[iCore.Common.Utilities.FileSystemWatcher.FileSystemWatcherFileInfo]&gt; owner [1.29.26] "GetNextFile1"
27: CustomTrackingRecord [1.29.26] "iCPSTraceTrackingRecord"
28: Activity [1.29.26] "GetNextFile1" is Faulted
{
    Arguments
        ErrorOnTimeout: False
        SubscriptionId: c4dc8a0e-67dd-4a42-8bb0-3eb40ee39237
        FileName: 
        Timeout: -00:00:00.0010000
        FileFullName: 
        IsImplicitlyCancellable: True
        WatchType: 0
}
29: Fault source [1.29.26] "GetNextFile1"
30: Fault source [1.29.26] "GetNextFile1"
31: Activity [1.21] "TryCatch1" requests cancel of activity [1.24] "TryCatch2"
32: Activity [1.24] "TryCatch2" requests cancel of activity [1.28] "MainSequence1"
33: Activity [1.28] "MainSequence1" requests cancel of activity [1.29] "GetNextFile1"
34: Activity [1.29] "GetNextFile1" requests cancel of activity [1.29.1] "Sequence"
35: Activity [1.29.1] "Sequence" is Canceled
{
    Variables
        _5ef1bf98_84fe_487c_bb8a_8079780ebfc1_10: 0
}
36: Activity [1.29] "GetNextFile1" is Canceled
{
    Arguments
        ErrorOnTimeout: False
        SubscriptionId: c4dc8a0e-67dd-4a42-8bb0-3eb40ee39237
        Timeout: -00:00:00.0010000
        Rename: False
        OriginalFileName: 
        ProcessingFilePath: 
        MoveFileToDirectory: a:\nother\directory
        IsImplicitlyCancellable: True
        ProcessingFileName: 
        OriginalFilePath: 
}
37: Activity [1.28] "MainSequence1" is Canceled
{
    Variables
        configuration: iCore.Workflow.Activities.Filesystem.FileSystemListenerConfiguration
}
38: Activity [1.24] "TryCatch2" scheduled child activity [1.25] "CloseConnection1"
39: Activity [1.25] "CloseConnection1" is Executing
{
    Arguments
        SubscriptionId: c4dc8a0e-67dd-4a42-8bb0-3eb40ee39237
}
40: CustomTrackingRecord [1.25] "iCPSTraceTrackingRecord"
41: Activity [1.25] "CloseConnection1" is Closed
{
    Arguments
        SubscriptionId: c4dc8a0e-67dd-4a42-8bb0-3eb40ee39237
}
42: Activity [1.24] "TryCatch2" is Canceled
43: Activity [1.21] "TryCatch1" scheduled child activity [1.22] "Throw"
44: Activity [1.22] "Throw" is Executing
{
    Arguments
        Exception: Testing.Common.TestException: Test exception
   at System.Activities.Statements.Throw.Execute(CodeActivityContext context)
   at System.Activities.CodeActivity.InternalExecute(ActivityInstance instance, ActivityExecutor executor, BookmarkManager bookmarkManager)
   at System.Activities.ActivityInstance.Execute(ActivityExecutor executor, BookmarkManager bookmarkManager)
   at System.Activities.Runtime.ActivityExecutor.ExecuteActivityWorkItem.ExecuteBody(ActivityExecutor executor, BookmarkManager bookmarkManager, Location resultLocation)
}
45: Activity [1.22] "Throw" is Faulted
{
    Arguments
        Exception: Testing.Common.TestException: Test exception
   at System.Activities.Statements.Throw.Execute(CodeActivityContext context)
   at System.Activities.CodeActivity.InternalExecute(ActivityInstance instance, ActivityExecutor executor, BookmarkManager bookmarkManager)
   at System.Activities.ActivityInstance.Execute(ActivityExecutor executor, BookmarkManager bookmarkManager)
   at System.Activities.Runtime.ActivityExecutor.ExecuteActivityWorkItem.ExecuteBody(ActivityExecutor executor, BookmarkManager bookmarkManager, Location resultLocation)
}
46: Fault source [1.22] "Throw"
47: Fault source [1.22] "Throw"
48: WorkflowInstance "FilesystemListenerExActivity" Unhandled Exception Source "Throw" Exception &lt;Testing.Common.TestException: Test exception
   at System.Activities.Statements.Throw.Execute(CodeActivityContext context)
   at System.Activities.CodeActivity.InternalExecute(ActivityInstance instance, ActivityExecutor executor, BookmarkManager bookmarkManager)
   at System.Activities.ActivityInstance.Execute(ActivityExecutor executor, BookmarkManager bookmarkManager)
   at System.Activities.Runtime.ActivityExecutor.ExecuteActivityWorkItem.ExecuteBody(ActivityExecutor executor, BookmarkManager bookmarkManager, Location resultLocation)&gt;</StdOut>
      </Output>
    </UnitTestResult>
    <UnitTestResult executionId="df54d6c3-13c0-4c1f-80aa-773f90187d98" testId="46e5ec90-9da0-f239-31ba-a82886150aaa" testName="Invoke_NoRenameNoMove_OutArgumentOriginalFileNameIsExpected" computerName="ICSWS068" duration="00:00:00.0091329" startTime="2016-08-04T09:58:40.9922522+02:00" endTime="2016-08-04T09:58:41.0022614+02:00" testType="13cdc9d9-ddb5-4fa4-a97d-d965ccfc6d4b" outcome="Passed" testListId="8c84fa94-04c1-424b-9868-57a2d4851a1d" relativeResultsDirectory="df54d6c3-13c0-4c1f-80aa-773f90187d98">
      <Output>
        <StdOut>Debug Trace:
0: WorkflowInstance "FilesystemListenerExActivity" is Started
1: Activity [null] "null" scheduled child activity [1] "FilesystemListenerExActivity"
2: Activity [1] "FilesystemListenerExActivity" is Executing
{
    Arguments
        Directory: a:\directory
        FileAccess: Read
        ErrorOnTimeout: False
        FileMode: Open
        Timeout: -00:00:00.0010000
        Filter: *.txt
        Rename: False
        FileShare: Read
        SettleTime: 00:00:00.5550000
        ScanForFileOnStart: True
        MoveFileToDirectory: 
        IsImplicitlyCancellable: True
        Recursive: False
        WatchType: Rename
}
3: Activity [1] "FilesystemListenerExActivity" scheduled child activity [1.1] "Sequence"
4: Activity [1.1] "Sequence" is Executing
5: Activity [1.1] "Sequence" scheduled child activity [1.21] "TryCatch1"
6: Activity [1.21] "TryCatch1" is Executing
{
    Variables
        connection: 00000000-0000-0000-0000-000000000000
}
7: Activity [1.21] "TryCatch1" scheduled child activity [1.24] "TryCatch2"
8: Activity [1.24] "TryCatch2" is Executing
9: Activity [1.24] "TryCatch2" scheduled child activity [1.28] "MainSequence1"
10: Activity [1.28] "MainSequence1" is Executing
{
    Variables
        configuration: iCore.Workflow.Activities.Filesystem.FileSystemListenerConfiguration
}
11: Activity [1.28] "MainSequence1" scheduled child activity [1.55] "CreateConfiguration1"
12: Activity [1.55] "CreateConfiguration1" is Executing
{
    Arguments
        Directory: a:\directory
        Filter: *.txt
        SettleTime: 00:00:00.5550000
        ScanForFileOnStart: True
        Recursive: False
        WatchType: Rename
}
13: Activity [1.55] "CreateConfiguration1" is Closed
{
    Arguments
        Directory: a:\directory
        Filter: *.txt
        Result: iCore.Workflow.Activities.Filesystem.FileSystemListenerConfiguration
        SettleTime: 00:00:00.5550000
        ScanForFileOnStart: True
        Recursive: False
        WatchType: Rename
}
14: Activity [1.28] "MainSequence1" scheduled child activity [1.50] "StartFileSystemListener1"
15: Activity [1.50] "StartFileSystemListener1" is Executing
{
    Arguments
        Configuration: iCore.Workflow.Activities.Filesystem.FileSystemListenerConfiguration
}
16: CustomTrackingRecord [1.50] "iCPSTraceTrackingRecord"
17: Activity [1.50] "StartFileSystemListener1" is Closed
{
    Arguments
        Result: 00000000-0000-0000-0000-000000000000
        Configuration: iCore.Workflow.Activities.Filesystem.FileSystemListenerConfiguration
}
18: Activity [1.28] "MainSequence1" scheduled child activity [1.29] "GetNextFile1"
19: Activity [1.29] "GetNextFile1" is Executing
{
    Arguments
        ErrorOnTimeout: False
        SubscriptionId: 00000000-0000-0000-0000-000000000000
        Timeout: -00:00:00.0010000
        Rename: False
        MoveFileToDirectory: 
        IsImplicitlyCancellable: True
}
20: Activity [1.29] "GetNextFile1" scheduled child activity [1.29.1] "Sequence"
21: Activity [1.29.1] "Sequence" is Executing
{
    Variables
        _5ef1bf98_84fe_487c_bb8a_8079780ebfc1_11: Rename
}
22: Activity [1.29.1] "Sequence" scheduled child activity [1.29.26] "GetNextFile1"
23: Activity [1.29.26] "GetNextFile1" is Executing
{
    Arguments
        ErrorOnTimeout: False
        SubscriptionId: 00000000-0000-0000-0000-000000000000
        Timeout: -00:00:00.0010000
        IsImplicitlyCancellable: True
}
24: CustomTrackingRecord [1.29.26] "iCPSTraceTrackingRecord"
25: WorkflowInstance "FilesystemListenerExActivity" is Idle
26: Bookmark "a0b21cf1-c7a7-4830-a144-19d8ba12cb8d" resumed with payload &lt;iCore.Workflow.Activities.Extensions.ItemSubscriptionEventArgs`1[iCore.Common.Utilities.FileSystemWatcher.FileSystemWatcherFileInfo]&gt; owner [1.29.26] "GetNextFile1"
27: CustomTrackingRecord [1.29.26] "iCPSTraceTrackingRecord"
28: Activity [1.29.26] "GetNextFile1" is Closed
{
    Arguments
        ErrorOnTimeout: False
        SubscriptionId: 00000000-0000-0000-0000-000000000000
        FileName: file.name
        Timeout: -00:00:00.0010000
        FileFullName: a:\directory\path\file.name
        IsImplicitlyCancellable: True
        WatchType: Rename
}
29: Activity [1.29.1] "Sequence" scheduled child activity [1.29.19] "AssignProcessingFileName1"
30: Activity [1.29.19] "AssignProcessingFileName1" is Executing
{
    Arguments
        Value: file.name
}
31: Activity [1.29.19] "AssignProcessingFileName1" is Closed
{
    Arguments
        Value: file.name
        To: file.name
}
32: Activity [1.29.1] "Sequence" scheduled child activity [1.29.11] "AssignProcessingFilePath1"
33: Activity [1.29.11] "AssignProcessingFilePath1" is Executing
{
    Arguments
        Value: a:\directory\path\file.name
}
34: Activity [1.29.11] "AssignProcessingFilePath1" is Closed
{
    Arguments
        Value: a:\directory\path\file.name
        To: a:\directory\path\file.name
}
35: Activity [1.29.1] "Sequence" scheduled child activity [1.29.2] "RenameFileCheck1"
36: Activity [1.29.2] "RenameFileCheck1" is Executing
{
    Arguments
        Condition: False
}
37: Activity [1.29.2] "RenameFileCheck1" is Closed
{
    Arguments
        Condition: False
}
38: Activity [1.29.1] "Sequence" is Closed
{
    Variables
        _5ef1bf98_84fe_487c_bb8a_8079780ebfc1_12: Rename
}
39: Activity [1.29] "GetNextFile1" is Closed
{
    Arguments
        ErrorOnTimeout: False
        SubscriptionId: 00000000-0000-0000-0000-000000000000
        Timeout: -00:00:00.0010000
        Rename: False
        OriginalFileName: file.name
        ProcessingFilePath: a:\directory\path\file.name
        MoveFileToDirectory: 
        IsImplicitlyCancellable: True
        ProcessingFileName: file.name
        OriginalFilePath: a:\directory\path\file.name
}
40: Activity [1.28] "MainSequence1" is Closed
{
    Variables
        configuration: iCore.Workflow.Activities.Filesystem.FileSystemListenerConfiguration
}
41: Activity [1.24] "TryCatch2" scheduled child activity [1.25] "CloseConnection1"
42: Activity [1.25] "CloseConnection1" is Executing
{
    Arguments
        SubscriptionId: 00000000-0000-0000-0000-000000000000
}
43: CustomTrackingRecord [1.25] "iCPSTraceTrackingRecord"
44: Activity [1.25] "CloseConnection1" is Closed
{
    Arguments
        SubscriptionId: 00000000-0000-0000-0000-000000000000
}
45: Activity [1.24] "TryCatch2" is Closed
46: Activity [1.21] "TryCatch1" is Closed
{
    Variables
        connection: 00000000-0000-0000-0000-000000000000
}
47: Activity [1.1] "Sequence" scheduled child activity [1.2] "OpenIfFileExists1"
48: Activity [1.2] "OpenIfFileExists1" is Executing
{
    Arguments
        Condition: False
}
49: Activity [1.2] "OpenIfFileExists1" scheduled child activity [1.6] "AssignDataNull1"
50: Activity [1.6] "AssignDataNull1" is Executing
{
    Arguments
        Value: System.IO.Stream+NullStream
}
51: Activity [1.6] "AssignDataNull1" is Closed
{
    Arguments
        Value: System.IO.Stream+NullStream
        To: System.IO.Stream+NullStream
}
52: Activity [1.2] "OpenIfFileExists1" is Closed
{
    Arguments
        Condition: False
}
53: Activity [1.1] "Sequence" is Closed
54: Activity [1] "FilesystemListenerExActivity" is Closed
{
    Arguments
        Directory: a:\directory
        FileAccess: Read
        ErrorOnTimeout: False
        FileMode: Open
        Timeout: -00:00:00.0010000
        Filter: *.txt
        Rename: False
        OriginalFileName: file.name
        FileShare: Read
        SettleTime: 00:00:00.5550000
        Data: System.IO.Stream+NullStream
        ProcessingFilePath: a:\directory\path\file.name
        ScanForFileOnStart: True
        MoveFileToDirectory: 
        IsImplicitlyCancellable: True
        ProcessingFileName: file.name
        OriginalFilePath: a:\directory\path\file.name
        Recursive: False
        WatchType: Rename
}
55: WorkflowInstance "FilesystemListenerExActivity" is Completed</StdOut>
      </Output>
    </UnitTestResult>
    <UnitTestResult executionId="a95069cc-1fde-4557-93fb-a6243a123437" testId="2170c9e9-20b5-4c06-d977-cdd05e88d88a" testName="Invoke_NoRenameNoMove_OutArgumentOriginalFilePathIsExpected" computerName="ICSWS068" duration="00:00:00.0085285" startTime="2016-08-04T09:58:41.0053666+02:00" endTime="2016-08-04T09:58:41.0148887+02:00" testType="13cdc9d9-ddb5-4fa4-a97d-d965ccfc6d4b" outcome="Passed" testListId="8c84fa94-04c1-424b-9868-57a2d4851a1d" relativeResultsDirectory="a95069cc-1fde-4557-93fb-a6243a123437">
      <Output>
        <StdOut>Debug Trace:
0: WorkflowInstance "FilesystemListenerExActivity" is Started
1: Activity [null] "null" scheduled child activity [1] "FilesystemListenerExActivity"
2: Activity [1] "FilesystemListenerExActivity" is Executing
{
    Arguments
        Directory: a:\directory
        FileAccess: Read
        ErrorOnTimeout: False
        FileMode: Open
        Timeout: -00:00:00.0010000
        Filter: *.txt
        Rename: False
        FileShare: Read
        SettleTime: 00:00:00.5550000
        ScanForFileOnStart: True
        MoveFileToDirectory: 
        IsImplicitlyCancellable: True
        Recursive: False
        WatchType: Rename
}
3: Activity [1] "FilesystemListenerExActivity" scheduled child activity [1.1] "Sequence"
4: Activity [1.1] "Sequence" is Executing
5: Activity [1.1] "Sequence" scheduled child activity [1.21] "TryCatch1"
6: Activity [1.21] "TryCatch1" is Executing
{
    Variables
        connection: 00000000-0000-0000-0000-000000000000
}
7: Activity [1.21] "TryCatch1" scheduled child activity [1.24] "TryCatch2"
8: Activity [1.24] "TryCatch2" is Executing
9: Activity [1.24] "TryCatch2" scheduled child activity [1.28] "MainSequence1"
10: Activity [1.28] "MainSequence1" is Executing
{
    Variables
        configuration: iCore.Workflow.Activities.Filesystem.FileSystemListenerConfiguration
}
11: Activity [1.28] "MainSequence1" scheduled child activity [1.55] "CreateConfiguration1"
12: Activity [1.55] "CreateConfiguration1" is Executing
{
    Arguments
        Directory: a:\directory
        Filter: *.txt
        SettleTime: 00:00:00.5550000
        ScanForFileOnStart: True
        Recursive: False
        WatchType: Rename
}
13: Activity [1.55] "CreateConfiguration1" is Closed
{
    Arguments
        Directory: a:\directory
        Filter: *.txt
        Result: iCore.Workflow.Activities.Filesystem.FileSystemListenerConfiguration
        SettleTime: 00:00:00.5550000
        ScanForFileOnStart: True
        Recursive: False
        WatchType: Rename
}
14: Activity [1.28] "MainSequence1" scheduled child activity [1.50] "StartFileSystemListener1"
15: Activity [1.50] "StartFileSystemListener1" is Executing
{
    Arguments
        Configuration: iCore.Workflow.Activities.Filesystem.FileSystemListenerConfiguration
}
16: CustomTrackingRecord [1.50] "iCPSTraceTrackingRecord"
17: Activity [1.50] "StartFileSystemListener1" is Closed
{
    Arguments
        Result: 00000000-0000-0000-0000-000000000000
        Configuration: iCore.Workflow.Activities.Filesystem.FileSystemListenerConfiguration
}
18: Activity [1.28] "MainSequence1" scheduled child activity [1.29] "GetNextFile1"
19: Activity [1.29] "GetNextFile1" is Executing
{
    Arguments
        ErrorOnTimeout: False
        SubscriptionId: 00000000-0000-0000-0000-000000000000
        Timeout: -00:00:00.0010000
        Rename: False
        MoveFileToDirectory: 
        IsImplicitlyCancellable: True
}
20: Activity [1.29] "GetNextFile1" scheduled child activity [1.29.1] "Sequence"
21: Activity [1.29.1] "Sequence" is Executing
{
    Variables
        _5ef1bf98_84fe_487c_bb8a_8079780ebfc1_13: Rename
}
22: Activity [1.29.1] "Sequence" scheduled child activity [1.29.26] "GetNextFile1"
23: Activity [1.29.26] "GetNextFile1" is Executing
{
    Arguments
        ErrorOnTimeout: False
        SubscriptionId: 00000000-0000-0000-0000-000000000000
        Timeout: -00:00:00.0010000
        IsImplicitlyCancellable: True
}
24: CustomTrackingRecord [1.29.26] "iCPSTraceTrackingRecord"
25: WorkflowInstance "FilesystemListenerExActivity" is Idle
26: Bookmark "c79eb0bd-a3a6-421d-8fd6-86c4ded59191" resumed with payload &lt;iCore.Workflow.Activities.Extensions.ItemSubscriptionEventArgs`1[iCore.Common.Utilities.FileSystemWatcher.FileSystemWatcherFileInfo]&gt; owner [1.29.26] "GetNextFile1"
27: CustomTrackingRecord [1.29.26] "iCPSTraceTrackingRecord"
28: Activity [1.29.26] "GetNextFile1" is Closed
{
    Arguments
        ErrorOnTimeout: False
        SubscriptionId: 00000000-0000-0000-0000-000000000000
        FileName: file.name
        Timeout: -00:00:00.0010000
        FileFullName: a:\directory\path\file.name
        IsImplicitlyCancellable: True
        WatchType: Rename
}
29: Activity [1.29.1] "Sequence" scheduled child activity [1.29.19] "AssignProcessingFileName1"
30: Activity [1.29.19] "AssignProcessingFileName1" is Executing
{
    Arguments
        Value: file.name
}
31: Activity [1.29.19] "AssignProcessingFileName1" is Closed
{
    Arguments
        Value: file.name
        To: file.name
}
32: Activity [1.29.1] "Sequence" scheduled child activity [1.29.11] "AssignProcessingFilePath1"
33: Activity [1.29.11] "AssignProcessingFilePath1" is Executing
{
    Arguments
        Value: a:\directory\path\file.name
}
34: Activity [1.29.11] "AssignProcessingFilePath1" is Closed
{
    Arguments
        Value: a:\directory\path\file.name
        To: a:\directory\path\file.name
}
35: Activity [1.29.1] "Sequence" scheduled child activity [1.29.2] "RenameFileCheck1"
36: Activity [1.29.2] "RenameFileCheck1" is Executing
{
    Arguments
        Condition: False
}
37: Activity [1.29.2] "RenameFileCheck1" is Closed
{
    Arguments
        Condition: False
}
38: Activity [1.29.1] "Sequence" is Closed
{
    Variables
        _5ef1bf98_84fe_487c_bb8a_8079780ebfc1_14: Rename
}
39: Activity [1.29] "GetNextFile1" is Closed
{
    Arguments
        ErrorOnTimeout: False
        SubscriptionId: 00000000-0000-0000-0000-000000000000
        Timeout: -00:00:00.0010000
        Rename: False
        OriginalFileName: file.name
        ProcessingFilePath: a:\directory\path\file.name
        MoveFileToDirectory: 
        IsImplicitlyCancellable: True
        ProcessingFileName: file.name
        OriginalFilePath: a:\directory\path\file.name
}
40: Activity [1.28] "MainSequence1" is Closed
{
    Variables
        configuration: iCore.Workflow.Activities.Filesystem.FileSystemListenerConfiguration
}
41: Activity [1.24] "TryCatch2" scheduled child activity [1.25] "CloseConnection1"
42: Activity [1.25] "CloseConnection1" is Executing
{
    Arguments
        SubscriptionId: 00000000-0000-0000-0000-000000000000
}
43: CustomTrackingRecord [1.25] "iCPSTraceTrackingRecord"
44: Activity [1.25] "CloseConnection1" is Closed
{
    Arguments
        SubscriptionId: 00000000-0000-0000-0000-000000000000
}
45: Activity [1.24] "TryCatch2" is Closed
46: Activity [1.21] "TryCatch1" is Closed
{
    Variables
        connection: 00000000-0000-0000-0000-000000000000
}
47: Activity [1.1] "Sequence" scheduled child activity [1.2] "OpenIfFileExists1"
48: Activity [1.2] "OpenIfFileExists1" is Executing
{
    Arguments
        Condition: False
}
49: Activity [1.2] "OpenIfFileExists1" scheduled child activity [1.6] "AssignDataNull1"
50: Activity [1.6] "AssignDataNull1" is Executing
{
    Arguments
        Value: System.IO.Stream+NullStream
}
51: Activity [1.6] "AssignDataNull1" is Closed
{
    Arguments
        Value: System.IO.Stream+NullStream
        To: System.IO.Stream+NullStream
}
52: Activity [1.2] "OpenIfFileExists1" is Closed
{
    Arguments
        Condition: False
}
53: Activity [1.1] "Sequence" is Closed
54: Activity [1] "FilesystemListenerExActivity" is Closed
{
    Arguments
        Directory: a:\directory
        FileAccess: Read
        ErrorOnTimeout: False
        FileMode: Open
        Timeout: -00:00:00.0010000
        Filter: *.txt
        Rename: False
        OriginalFileName: file.name
        FileShare: Read
        SettleTime: 00:00:00.5550000
        Data: System.IO.Stream+NullStream
        ProcessingFilePath: a:\directory\path\file.name
        ScanForFileOnStart: True
        MoveFileToDirectory: 
        IsImplicitlyCancellable: True
        ProcessingFileName: file.name
        OriginalFilePath: a:\directory\path\file.name
        Recursive: False
        WatchType: Rename
}
55: WorkflowInstance "FilesystemListenerExActivity" is Completed</StdOut>
      </Output>
    </UnitTestResult>
    <UnitTestResult executionId="1c70ddc4-2268-4e17-8b04-a716e69f1f7c" testId="dbccf89a-b876-07be-59cf-26d37d659211" testName="Invoke_NoRenameNoMove_OutArgumentProcessingFileNameIsExpected" computerName="ICSWS068" duration="00:00:00.0084440" startTime="2016-08-04T09:58:41.0178746+02:00" endTime="2016-08-04T09:58:41.0277387+02:00" testType="13cdc9d9-ddb5-4fa4-a97d-d965ccfc6d4b" outcome="Passed" testListId="8c84fa94-04c1-424b-9868-57a2d4851a1d" relativeResultsDirectory="1c70ddc4-2268-4e17-8b04-a716e69f1f7c">
      <Output>
        <StdOut>Debug Trace:
0: WorkflowInstance "FilesystemListenerExActivity" is Started
1: Activity [null] "null" scheduled child activity [1] "FilesystemListenerExActivity"
2: Activity [1] "FilesystemListenerExActivity" is Executing
{
    Arguments
        Directory: a:\directory
        FileAccess: Read
        ErrorOnTimeout: False
        FileMode: Open
        Timeout: -00:00:00.0010000
        Filter: *.txt
        Rename: False
        FileShare: Read
        SettleTime: 00:00:00.5550000
        ScanForFileOnStart: True
        MoveFileToDirectory: 
        IsImplicitlyCancellable: True
        Recursive: False
        WatchType: Rename
}
3: Activity [1] "FilesystemListenerExActivity" scheduled child activity [1.1] "Sequence"
4: Activity [1.1] "Sequence" is Executing
5: Activity [1.1] "Sequence" scheduled child activity [1.21] "TryCatch1"
6: Activity [1.21] "TryCatch1" is Executing
{
    Variables
        connection: 00000000-0000-0000-0000-000000000000
}
7: Activity [1.21] "TryCatch1" scheduled child activity [1.24] "TryCatch2"
8: Activity [1.24] "TryCatch2" is Executing
9: Activity [1.24] "TryCatch2" scheduled child activity [1.28] "MainSequence1"
10: Activity [1.28] "MainSequence1" is Executing
{
    Variables
        configuration: iCore.Workflow.Activities.Filesystem.FileSystemListenerConfiguration
}
11: Activity [1.28] "MainSequence1" scheduled child activity [1.55] "CreateConfiguration1"
12: Activity [1.55] "CreateConfiguration1" is Executing
{
    Arguments
        Directory: a:\directory
        Filter: *.txt
        SettleTime: 00:00:00.5550000
        ScanForFileOnStart: True
        Recursive: False
        WatchType: Rename
}
13: Activity [1.55] "CreateConfiguration1" is Closed
{
    Arguments
        Directory: a:\directory
        Filter: *.txt
        Result: iCore.Workflow.Activities.Filesystem.FileSystemListenerConfiguration
        SettleTime: 00:00:00.5550000
        ScanForFileOnStart: True
        Recursive: False
        WatchType: Rename
}
14: Activity [1.28] "MainSequence1" scheduled child activity [1.50] "StartFileSystemListener1"
15: Activity [1.50] "StartFileSystemListener1" is Executing
{
    Arguments
        Configuration: iCore.Workflow.Activities.Filesystem.FileSystemListenerConfiguration
}
16: CustomTrackingRecord [1.50] "iCPSTraceTrackingRecord"
17: Activity [1.50] "StartFileSystemListener1" is Closed
{
    Arguments
        Result: 00000000-0000-0000-0000-000000000000
        Configuration: iCore.Workflow.Activities.Filesystem.FileSystemListenerConfiguration
}
18: Activity [1.28] "MainSequence1" scheduled child activity [1.29] "GetNextFile1"
19: Activity [1.29] "GetNextFile1" is Executing
{
    Arguments
        ErrorOnTimeout: False
        SubscriptionId: 00000000-0000-0000-0000-000000000000
        Timeout: -00:00:00.0010000
        Rename: False
        MoveFileToDirectory: 
        IsImplicitlyCancellable: True
}
20: Activity [1.29] "GetNextFile1" scheduled child activity [1.29.1] "Sequence"
21: Activity [1.29.1] "Sequence" is Executing
{
    Variables
        _5ef1bf98_84fe_487c_bb8a_8079780ebfc1_15: Rename
}
22: Activity [1.29.1] "Sequence" scheduled child activity [1.29.26] "GetNextFile1"
23: Activity [1.29.26] "GetNextFile1" is Executing
{
    Arguments
        ErrorOnTimeout: False
        SubscriptionId: 00000000-0000-0000-0000-000000000000
        Timeout: -00:00:00.0010000
        IsImplicitlyCancellable: True
}
24: CustomTrackingRecord [1.29.26] "iCPSTraceTrackingRecord"
25: WorkflowInstance "FilesystemListenerExActivity" is Idle
26: Bookmark "e24375e9-1c4a-4db6-9fc7-2dfc5c6c2a63" resumed with payload &lt;iCore.Workflow.Activities.Extensions.ItemSubscriptionEventArgs`1[iCore.Common.Utilities.FileSystemWatcher.FileSystemWatcherFileInfo]&gt; owner [1.29.26] "GetNextFile1"
27: CustomTrackingRecord [1.29.26] "iCPSTraceTrackingRecord"
28: Activity [1.29.26] "GetNextFile1" is Closed
{
    Arguments
        ErrorOnTimeout: False
        SubscriptionId: 00000000-0000-0000-0000-000000000000
        FileName: file.name
        Timeout: -00:00:00.0010000
        FileFullName: a:\directory\path\file.name
        IsImplicitlyCancellable: True
        WatchType: Rename
}
29: Activity [1.29.1] "Sequence" scheduled child activity [1.29.19] "AssignProcessingFileName1"
30: Activity [1.29.19] "AssignProcessingFileName1" is Executing
{
    Arguments
        Value: file.name
}
31: Activity [1.29.19] "AssignProcessingFileName1" is Closed
{
    Arguments
        Value: file.name
        To: file.name
}
32: Activity [1.29.1] "Sequence" scheduled child activity [1.29.11] "AssignProcessingFilePath1"
33: Activity [1.29.11] "AssignProcessingFilePath1" is Executing
{
    Arguments
        Value: a:\directory\path\file.name
}
34: Activity [1.29.11] "AssignProcessingFilePath1" is Closed
{
    Arguments
        Value: a:\directory\path\file.name
        To: a:\directory\path\file.name
}
35: Activity [1.29.1] "Sequence" scheduled child activity [1.29.2] "RenameFileCheck1"
36: Activity [1.29.2] "RenameFileCheck1" is Executing
{
    Arguments
        Condition: False
}
37: Activity [1.29.2] "RenameFileCheck1" is Closed
{
    Arguments
        Condition: False
}
38: Activity [1.29.1] "Sequence" is Closed
{
    Variables
        _5ef1bf98_84fe_487c_bb8a_8079780ebfc1_16: Rename
}
39: Activity [1.29] "GetNextFile1" is Closed
{
    Arguments
        ErrorOnTimeout: False
        SubscriptionId: 00000000-0000-0000-0000-000000000000
        Timeout: -00:00:00.0010000
        Rename: False
        OriginalFileName: file.name
        ProcessingFilePath: a:\directory\path\file.name
        MoveFileToDirectory: 
        IsImplicitlyCancellable: True
        ProcessingFileName: file.name
        OriginalFilePath: a:\directory\path\file.name
}
40: Activity [1.28] "MainSequence1" is Closed
{
    Variables
        configuration: iCore.Workflow.Activities.Filesystem.FileSystemListenerConfiguration
}
41: Activity [1.24] "TryCatch2" scheduled child activity [1.25] "CloseConnection1"
42: Activity [1.25] "CloseConnection1" is Executing
{
    Arguments
        SubscriptionId: 00000000-0000-0000-0000-000000000000
}
43: CustomTrackingRecord [1.25] "iCPSTraceTrackingRecord"
44: Activity [1.25] "CloseConnection1" is Closed
{
    Arguments
        SubscriptionId: 00000000-0000-0000-0000-000000000000
}
45: Activity [1.24] "TryCatch2" is Closed
46: Activity [1.21] "TryCatch1" is Closed
{
    Variables
        connection: 00000000-0000-0000-0000-000000000000
}
47: Activity [1.1] "Sequence" scheduled child activity [1.2] "OpenIfFileExists1"
48: Activity [1.2] "OpenIfFileExists1" is Executing
{
    Arguments
        Condition: False
}
49: Activity [1.2] "OpenIfFileExists1" scheduled child activity [1.6] "AssignDataNull1"
50: Activity [1.6] "AssignDataNull1" is Executing
{
    Arguments
        Value: System.IO.Stream+NullStream
}
51: Activity [1.6] "AssignDataNull1" is Closed
{
    Arguments
        Value: System.IO.Stream+NullStream
        To: System.IO.Stream+NullStream
}
52: Activity [1.2] "OpenIfFileExists1" is Closed
{
    Arguments
        Condition: False
}
53: Activity [1.1] "Sequence" is Closed
54: Activity [1] "FilesystemListenerExActivity" is Closed
{
    Arguments
        Directory: a:\directory
        FileAccess: Read
        ErrorOnTimeout: False
        FileMode: Open
        Timeout: -00:00:00.0010000
        Filter: *.txt
        Rename: False
        OriginalFileName: file.name
        FileShare: Read
        SettleTime: 00:00:00.5550000
        Data: System.IO.Stream+NullStream
        ProcessingFilePath: a:\directory\path\file.name
        ScanForFileOnStart: True
        MoveFileToDirectory: 
        IsImplicitlyCancellable: True
        ProcessingFileName: file.name
        OriginalFilePath: a:\directory\path\file.name
        Recursive: False
        WatchType: Rename
}
55: WorkflowInstance "FilesystemListenerExActivity" is Completed</StdOut>
      </Output>
    </UnitTestResult>
    <UnitTestResult executionId="1b8e219b-5ed6-47d5-ab7f-10f76ece5109" testId="62cff474-f6d3-58d3-2fd1-34cac7668776" testName="Invoke_NoRenameNoMove_OutArgumentProcessingFilePathIsExpected" computerName="ICSWS068" duration="00:00:00.0081713" startTime="2016-08-04T09:58:41.0312392+02:00" endTime="2016-08-04T09:58:41.0405446+02:00" testType="13cdc9d9-ddb5-4fa4-a97d-d965ccfc6d4b" outcome="Passed" testListId="8c84fa94-04c1-424b-9868-57a2d4851a1d" relativeResultsDirectory="1b8e219b-5ed6-47d5-ab7f-10f76ece5109">
      <Output>
        <StdOut>Debug Trace:
0: WorkflowInstance "FilesystemListenerExActivity" is Started
1: Activity [null] "null" scheduled child activity [1] "FilesystemListenerExActivity"
2: Activity [1] "FilesystemListenerExActivity" is Executing
{
    Arguments
        Directory: a:\directory
        FileAccess: Read
        ErrorOnTimeout: False
        FileMode: Open
        Timeout: -00:00:00.0010000
        Filter: *.txt
        Rename: False
        FileShare: Read
        SettleTime: 00:00:00.5550000
        ScanForFileOnStart: True
        MoveFileToDirectory: 
        IsImplicitlyCancellable: True
        Recursive: False
        WatchType: Rename
}
3: Activity [1] "FilesystemListenerExActivity" scheduled child activity [1.1] "Sequence"
4: Activity [1.1] "Sequence" is Executing
5: Activity [1.1] "Sequence" scheduled child activity [1.21] "TryCatch1"
6: Activity [1.21] "TryCatch1" is Executing
{
    Variables
        connection: 00000000-0000-0000-0000-000000000000
}
7: Activity [1.21] "TryCatch1" scheduled child activity [1.24] "TryCatch2"
8: Activity [1.24] "TryCatch2" is Executing
9: Activity [1.24] "TryCatch2" scheduled child activity [1.28] "MainSequence1"
10: Activity [1.28] "MainSequence1" is Executing
{
    Variables
        configuration: iCore.Workflow.Activities.Filesystem.FileSystemListenerConfiguration
}
11: Activity [1.28] "MainSequence1" scheduled child activity [1.55] "CreateConfiguration1"
12: Activity [1.55] "CreateConfiguration1" is Executing
{
    Arguments
        Directory: a:\directory
        Filter: *.txt
        SettleTime: 00:00:00.5550000
        ScanForFileOnStart: True
        Recursive: False
        WatchType: Rename
}
13: Activity [1.55] "CreateConfiguration1" is Closed
{
    Arguments
        Directory: a:\directory
        Filter: *.txt
        Result: iCore.Workflow.Activities.Filesystem.FileSystemListenerConfiguration
        SettleTime: 00:00:00.5550000
        ScanForFileOnStart: True
        Recursive: False
        WatchType: Rename
}
14: Activity [1.28] "MainSequence1" scheduled child activity [1.50] "StartFileSystemListener1"
15: Activity [1.50] "StartFileSystemListener1" is Executing
{
    Arguments
        Configuration: iCore.Workflow.Activities.Filesystem.FileSystemListenerConfiguration
}
16: CustomTrackingRecord [1.50] "iCPSTraceTrackingRecord"
17: Activity [1.50] "StartFileSystemListener1" is Closed
{
    Arguments
        Result: 00000000-0000-0000-0000-000000000000
        Configuration: iCore.Workflow.Activities.Filesystem.FileSystemListenerConfiguration
}
18: Activity [1.28] "MainSequence1" scheduled child activity [1.29] "GetNextFile1"
19: Activity [1.29] "GetNextFile1" is Executing
{
    Arguments
        ErrorOnTimeout: False
        SubscriptionId: 00000000-0000-0000-0000-000000000000
        Timeout: -00:00:00.0010000
        Rename: False
        MoveFileToDirectory: 
        IsImplicitlyCancellable: True
}
20: Activity [1.29] "GetNextFile1" scheduled child activity [1.29.1] "Sequence"
21: Activity [1.29.1] "Sequence" is Executing
{
    Variables
        _5ef1bf98_84fe_487c_bb8a_8079780ebfc1_17: Rename
}
22: Activity [1.29.1] "Sequence" scheduled child activity [1.29.26] "GetNextFile1"
23: Activity [1.29.26] "GetNextFile1" is Executing
{
    Arguments
        ErrorOnTimeout: False
        SubscriptionId: 00000000-0000-0000-0000-000000000000
        Timeout: -00:00:00.0010000
        IsImplicitlyCancellable: True
}
24: CustomTrackingRecord [1.29.26] "iCPSTraceTrackingRecord"
25: WorkflowInstance "FilesystemListenerExActivity" is Idle
26: Bookmark "f3b37535-09f0-4ed5-814b-0350f08c5042" resumed with payload &lt;iCore.Workflow.Activities.Extensions.ItemSubscriptionEventArgs`1[iCore.Common.Utilities.FileSystemWatcher.FileSystemWatcherFileInfo]&gt; owner [1.29.26] "GetNextFile1"
27: CustomTrackingRecord [1.29.26] "iCPSTraceTrackingRecord"
28: Activity [1.29.26] "GetNextFile1" is Closed
{
    Arguments
        ErrorOnTimeout: False
        SubscriptionId: 00000000-0000-0000-0000-000000000000
        FileName: file.name
        Timeout: -00:00:00.0010000
        FileFullName: a:\directory\path\file.name
        IsImplicitlyCancellable: True
        WatchType: Rename
}
29: Activity [1.29.1] "Sequence" scheduled child activity [1.29.19] "AssignProcessingFileName1"
30: Activity [1.29.19] "AssignProcessingFileName1" is Executing
{
    Arguments
        Value: file.name
}
31: Activity [1.29.19] "AssignProcessingFileName1" is Closed
{
    Arguments
        Value: file.name
        To: file.name
}
32: Activity [1.29.1] "Sequence" scheduled child activity [1.29.11] "AssignProcessingFilePath1"
33: Activity [1.29.11] "AssignProcessingFilePath1" is Executing
{
    Arguments
        Value: a:\directory\path\file.name
}
34: Activity [1.29.11] "AssignProcessingFilePath1" is Closed
{
    Arguments
        Value: a:\directory\path\file.name
        To: a:\directory\path\file.name
}
35: Activity [1.29.1] "Sequence" scheduled child activity [1.29.2] "RenameFileCheck1"
36: Activity [1.29.2] "RenameFileCheck1" is Executing
{
    Arguments
        Condition: False
}
37: Activity [1.29.2] "RenameFileCheck1" is Closed
{
    Arguments
        Condition: False
}
38: Activity [1.29.1] "Sequence" is Closed
{
    Variables
        _5ef1bf98_84fe_487c_bb8a_8079780ebfc1_18: Rename
}
39: Activity [1.29] "GetNextFile1" is Closed
{
    Arguments
        ErrorOnTimeout: False
        SubscriptionId: 00000000-0000-0000-0000-000000000000
        Timeout: -00:00:00.0010000
        Rename: False
        OriginalFileName: file.name
        ProcessingFilePath: a:\directory\path\file.name
        MoveFileToDirectory: 
        IsImplicitlyCancellable: True
        ProcessingFileName: file.name
        OriginalFilePath: a:\directory\path\file.name
}
40: Activity [1.28] "MainSequence1" is Closed
{
    Variables
        configuration: iCore.Workflow.Activities.Filesystem.FileSystemListenerConfiguration
}
41: Activity [1.24] "TryCatch2" scheduled child activity [1.25] "CloseConnection1"
42: Activity [1.25] "CloseConnection1" is Executing
{
    Arguments
        SubscriptionId: 00000000-0000-0000-0000-000000000000
}
43: CustomTrackingRecord [1.25] "iCPSTraceTrackingRecord"
44: Activity [1.25] "CloseConnection1" is Closed
{
    Arguments
        SubscriptionId: 00000000-0000-0000-0000-000000000000
}
45: Activity [1.24] "TryCatch2" is Closed
46: Activity [1.21] "TryCatch1" is Closed
{
    Variables
        connection: 00000000-0000-0000-0000-000000000000
}
47: Activity [1.1] "Sequence" scheduled child activity [1.2] "OpenIfFileExists1"
48: Activity [1.2] "OpenIfFileExists1" is Executing
{
    Arguments
        Condition: False
}
49: Activity [1.2] "OpenIfFileExists1" scheduled child activity [1.6] "AssignDataNull1"
50: Activity [1.6] "AssignDataNull1" is Executing
{
    Arguments
        Value: System.IO.Stream+NullStream
}
51: Activity [1.6] "AssignDataNull1" is Closed
{
    Arguments
        Value: System.IO.Stream+NullStream
        To: System.IO.Stream+NullStream
}
52: Activity [1.2] "OpenIfFileExists1" is Closed
{
    Arguments
        Condition: False
}
53: Activity [1.1] "Sequence" is Closed
54: Activity [1] "FilesystemListenerExActivity" is Closed
{
    Arguments
        Directory: a:\directory
        FileAccess: Read
        ErrorOnTimeout: False
        FileMode: Open
        Timeout: -00:00:00.0010000
        Filter: *.txt
        Rename: False
        OriginalFileName: file.name
        FileShare: Read
        SettleTime: 00:00:00.5550000
        Data: System.IO.Stream+NullStream
        ProcessingFilePath: a:\directory\path\file.name
        ScanForFileOnStart: True
        MoveFileToDirectory: 
        IsImplicitlyCancellable: True
        ProcessingFileName: file.name
        OriginalFilePath: a:\directory\path\file.name
        Recursive: False
        WatchType: Rename
}
55: WorkflowInstance "FilesystemListenerExActivity" is Completed</StdOut>
      </Output>
    </UnitTestResult>
    <UnitTestResult executionId="e0f11d31-3515-4c3a-9951-5d52531e4412" testId="44c60b85-779b-41c9-6b60-0d51c86e8139" testName="Invoke_NoRenameNoMove_OutArgumentDataIsExpected" computerName="ICSWS068" duration="00:00:00.0165037" startTime="2016-08-04T09:58:41.0440308+02:00" endTime="2016-08-04T09:58:41.0624821+02:00" testType="13cdc9d9-ddb5-4fa4-a97d-d965ccfc6d4b" outcome="Passed" testListId="8c84fa94-04c1-424b-9868-57a2d4851a1d" relativeResultsDirectory="e0f11d31-3515-4c3a-9951-5d52531e4412">
      <Output>
        <StdOut>Debug Trace:
0: WorkflowInstance "FilesystemListenerExActivity" is Started
1: Activity [null] "null" scheduled child activity [1] "FilesystemListenerExActivity"
2: Activity [1] "FilesystemListenerExActivity" is Executing
{
    Arguments
        Directory: a:\directory
        FileAccess: Read
        ErrorOnTimeout: False
        FileMode: Open
        Timeout: -00:00:00.0010000
        Filter: *.txt
        Rename: False
        FileShare: Read
        SettleTime: 00:00:00.5550000
        ScanForFileOnStart: True
        MoveFileToDirectory: 
        IsImplicitlyCancellable: True
        Recursive: False
        WatchType: Rename
}
3: Activity [1] "FilesystemListenerExActivity" scheduled child activity [1.1] "Sequence"
4: Activity [1.1] "Sequence" is Executing
5: Activity [1.1] "Sequence" scheduled child activity [1.21] "TryCatch1"
6: Activity [1.21] "TryCatch1" is Executing
{
    Variables
        connection: 00000000-0000-0000-0000-000000000000
}
7: Activity [1.21] "TryCatch1" scheduled child activity [1.24] "TryCatch2"
8: Activity [1.24] "TryCatch2" is Executing
9: Activity [1.24] "TryCatch2" scheduled child activity [1.28] "MainSequence1"
10: Activity [1.28] "MainSequence1" is Executing
{
    Variables
        configuration: iCore.Workflow.Activities.Filesystem.FileSystemListenerConfiguration
}
11: Activity [1.28] "MainSequence1" scheduled child activity [1.55] "CreateConfiguration1"
12: Activity [1.55] "CreateConfiguration1" is Executing
{
    Arguments
        Directory: a:\directory
        Filter: *.txt
        SettleTime: 00:00:00.5550000
        ScanForFileOnStart: True
        Recursive: False
        WatchType: Rename
}
13: Activity [1.55] "CreateConfiguration1" is Closed
{
    Arguments
        Directory: a:\directory
        Filter: *.txt
        Result: iCore.Workflow.Activities.Filesystem.FileSystemListenerConfiguration
        SettleTime: 00:00:00.5550000
        ScanForFileOnStart: True
        Recursive: False
        WatchType: Rename
}
14: Activity [1.28] "MainSequence1" scheduled child activity [1.50] "StartFileSystemListener1"
15: Activity [1.50] "StartFileSystemListener1" is Executing
{
    Arguments
        Configuration: iCore.Workflow.Activities.Filesystem.FileSystemListenerConfiguration
}
16: CustomTrackingRecord [1.50] "iCPSTraceTrackingRecord"
17: Activity [1.50] "StartFileSystemListener1" is Closed
{
    Arguments
        Result: 00000000-0000-0000-0000-000000000000
        Configuration: iCore.Workflow.Activities.Filesystem.FileSystemListenerConfiguration
}
18: Activity [1.28] "MainSequence1" scheduled child activity [1.29] "GetNextFile1"
19: Activity [1.29] "GetNextFile1" is Executing
{
    Arguments
        ErrorOnTimeout: False
        SubscriptionId: 00000000-0000-0000-0000-000000000000
        Timeout: -00:00:00.0010000
        Rename: False
        MoveFileToDirectory: 
        IsImplicitlyCancellable: True
}
20: Activity [1.29] "GetNextFile1" scheduled child activity [1.29.1] "Sequence"
21: Activity [1.29.1] "Sequence" is Executing
{
    Variables
        _5ef1bf98_84fe_487c_bb8a_8079780ebfc1_19: Rename
}
22: Activity [1.29.1] "Sequence" scheduled child activity [1.29.26] "GetNextFile1"
23: Activity [1.29.26] "GetNextFile1" is Executing
{
    Arguments
        ErrorOnTimeout: False
        SubscriptionId: 00000000-0000-0000-0000-000000000000
        Timeout: -00:00:00.0010000
        IsImplicitlyCancellable: True
}
24: CustomTrackingRecord [1.29.26] "iCPSTraceTrackingRecord"
25: WorkflowInstance "FilesystemListenerExActivity" is Idle
26: Bookmark "44211354-27d6-48de-97fe-514d6dc55193" resumed with payload &lt;iCore.Workflow.Activities.Extensions.ItemSubscriptionEventArgs`1[iCore.Common.Utilities.FileSystemWatcher.FileSystemWatcherFileInfo]&gt; owner [1.29.26] "GetNextFile1"
27: CustomTrackingRecord [1.29.26] "iCPSTraceTrackingRecord"
28: Activity [1.29.26] "GetNextFile1" is Closed
{
    Arguments
        ErrorOnTimeout: False
        SubscriptionId: 00000000-0000-0000-0000-000000000000
        FileName: file.name
        Timeout: -00:00:00.0010000
        FileFullName: a:\directory\path\file.name
        IsImplicitlyCancellable: True
        WatchType: Rename
}
29: Activity [1.29.1] "Sequence" scheduled child activity [1.29.19] "AssignProcessingFileName1"
30: Activity [1.29.19] "AssignProcessingFileName1" is Executing
{
    Arguments
        Value: file.name
}
31: Activity [1.29.19] "AssignProcessingFileName1" is Closed
{
    Arguments
        Value: file.name
        To: file.name
}
32: Activity [1.29.1] "Sequence" scheduled child activity [1.29.11] "AssignProcessingFilePath1"
33: Activity [1.29.11] "AssignProcessingFilePath1" is Executing
{
    Arguments
        Value: a:\directory\path\file.name
}
34: Activity [1.29.11] "AssignProcessingFilePath1" is Closed
{
    Arguments
        Value: a:\directory\path\file.name
        To: a:\directory\path\file.name
}
35: Activity [1.29.1] "Sequence" scheduled child activity [1.29.2] "RenameFileCheck1"
36: Activity [1.29.2] "RenameFileCheck1" is Executing
{
    Arguments
        Condition: False
}
37: Activity [1.29.2] "RenameFileCheck1" is Closed
{
    Arguments
        Condition: False
}
38: Activity [1.29.1] "Sequence" is Closed
{
    Variables
        _5ef1bf98_84fe_487c_bb8a_8079780ebfc1_20: Rename
}
39: Activity [1.29] "GetNextFile1" is Closed
{
    Arguments
        ErrorOnTimeout: False
        SubscriptionId: 00000000-0000-0000-0000-000000000000
        Timeout: -00:00:00.0010000
        Rename: False
        OriginalFileName: file.name
        ProcessingFilePath: a:\directory\path\file.name
        MoveFileToDirectory: 
        IsImplicitlyCancellable: True
        ProcessingFileName: file.name
        OriginalFilePath: a:\directory\path\file.name
}
40: Activity [1.28] "MainSequence1" is Closed
{
    Variables
        configuration: iCore.Workflow.Activities.Filesystem.FileSystemListenerConfiguration
}
41: Activity [1.24] "TryCatch2" scheduled child activity [1.25] "CloseConnection1"
42: Activity [1.25] "CloseConnection1" is Executing
{
    Arguments
        SubscriptionId: 00000000-0000-0000-0000-000000000000
}
43: CustomTrackingRecord [1.25] "iCPSTraceTrackingRecord"
44: Activity [1.25] "CloseConnection1" is Closed
{
    Arguments
        SubscriptionId: 00000000-0000-0000-0000-000000000000
}
45: Activity [1.24] "TryCatch2" is Closed
46: Activity [1.21] "TryCatch1" is Closed
{
    Variables
        connection: 00000000-0000-0000-0000-000000000000
}
47: Activity [1.1] "Sequence" scheduled child activity [1.2] "OpenIfFileExists1"
48: Activity [1.2] "OpenIfFileExists1" is Executing
{
    Arguments
        Condition: True
}
49: Activity [1.2] "OpenIfFileExists1" scheduled child activity [1.10] "OpenFile1"
50: Activity [1.10] "OpenFile1" is Executing
{
    Arguments
        FileAccess: Read
        FileMode: Open
        FileName: a:\directory\path\file.name
        FileShare: Read
}
51: WorkflowInstance "FilesystemListenerExActivity" is Idle
52: Activity [1.10] "OpenFile1" is Closed
{
    Arguments
        FileAccess: Read
        FileMode: Open
        FileName: a:\directory\path\file.name
        Result: System.IO.MemoryStream
        FileShare: Read
}
53: Activity [1.2] "OpenIfFileExists1" is Closed
{
    Arguments
        Condition: True
}
54: Activity [1.1] "Sequence" is Closed
55: Activity [1] "FilesystemListenerExActivity" is Closed
{
    Arguments
        Directory: a:\directory
        FileAccess: Read
        ErrorOnTimeout: False
        FileMode: Open
        Timeout: -00:00:00.0010000
        Filter: *.txt
        Rename: False
        OriginalFileName: file.name
        FileShare: Read
        SettleTime: 00:00:00.5550000
        Data: System.IO.MemoryStream
        ProcessingFilePath: a:\directory\path\file.name
        ScanForFileOnStart: True
        MoveFileToDirectory: 
        IsImplicitlyCancellable: True
        ProcessingFileName: file.name
        OriginalFilePath: a:\directory\path\file.name
        Recursive: False
        WatchType: Rename
}
56: WorkflowInstance "FilesystemListenerExActivity" is Completed</StdOut>
      </Output>
    </UnitTestResult>
    <UnitTestResult executionId="030fa8ac-3871-4efc-b678-da4e7006220b" testId="3f9c4b9c-ed43-becd-7ce5-207030e10fda" testName="Invoke_RenameNoMove_OutArgumentOriginalFileNameIsExpected" computerName="ICSWS068" duration="00:00:00.0131384" startTime="2016-08-04T09:58:41.0659841+02:00" endTime="2016-08-04T09:58:41.0809949+02:00" testType="13cdc9d9-ddb5-4fa4-a97d-d965ccfc6d4b" outcome="Passed" testListId="8c84fa94-04c1-424b-9868-57a2d4851a1d" relativeResultsDirectory="030fa8ac-3871-4efc-b678-da4e7006220b">
      <Output>
        <StdOut>Debug Trace:
0: WorkflowInstance "FilesystemListenerExActivity" is Started
1: Activity [null] "null" scheduled child activity [1] "FilesystemListenerExActivity"
2: Activity [1] "FilesystemListenerExActivity" is Executing
{
    Arguments
        Directory: a:\directory
        FileAccess: Read
        ErrorOnTimeout: False
        FileMode: Open
        Timeout: -00:00:00.0010000
        Filter: *.txt
        Rename: True
        FileShare: Read
        SettleTime: 00:00:00.5550000
        ScanForFileOnStart: True
        MoveFileToDirectory: 
        IsImplicitlyCancellable: True
        Recursive: False
        WatchType: Rename
}
3: Activity [1] "FilesystemListenerExActivity" scheduled child activity [1.1] "Sequence"
4: Activity [1.1] "Sequence" is Executing
5: Activity [1.1] "Sequence" scheduled child activity [1.21] "TryCatch1"
6: Activity [1.21] "TryCatch1" is Executing
{
    Variables
        connection: 00000000-0000-0000-0000-000000000000
}
7: Activity [1.21] "TryCatch1" scheduled child activity [1.24] "TryCatch2"
8: Activity [1.24] "TryCatch2" is Executing
9: Activity [1.24] "TryCatch2" scheduled child activity [1.28] "MainSequence1"
10: Activity [1.28] "MainSequence1" is Executing
{
    Variables
        configuration: iCore.Workflow.Activities.Filesystem.FileSystemListenerConfiguration
}
11: Activity [1.28] "MainSequence1" scheduled child activity [1.55] "CreateConfiguration1"
12: Activity [1.55] "CreateConfiguration1" is Executing
{
    Arguments
        Directory: a:\directory
        Filter: *.txt
        SettleTime: 00:00:00.5550000
        ScanForFileOnStart: True
        Recursive: False
        WatchType: Rename
}
13: Activity [1.55] "CreateConfiguration1" is Closed
{
    Arguments
        Directory: a:\directory
        Filter: *.txt
        Result: iCore.Workflow.Activities.Filesystem.FileSystemListenerConfiguration
        SettleTime: 00:00:00.5550000
        ScanForFileOnStart: True
        Recursive: False
        WatchType: Rename
}
14: Activity [1.28] "MainSequence1" scheduled child activity [1.50] "StartFileSystemListener1"
15: Activity [1.50] "StartFileSystemListener1" is Executing
{
    Arguments
        Configuration: iCore.Workflow.Activities.Filesystem.FileSystemListenerConfiguration
}
16: CustomTrackingRecord [1.50] "iCPSTraceTrackingRecord"
17: Activity [1.50] "StartFileSystemListener1" is Closed
{
    Arguments
        Result: 00000000-0000-0000-0000-000000000000
        Configuration: iCore.Workflow.Activities.Filesystem.FileSystemListenerConfiguration
}
18: Activity [1.28] "MainSequence1" scheduled child activity [1.29] "GetNextFile1"
19: Activity [1.29] "GetNextFile1" is Executing
{
    Arguments
        ErrorOnTimeout: False
        SubscriptionId: 00000000-0000-0000-0000-000000000000
        Timeout: -00:00:00.0010000
        Rename: True
        MoveFileToDirectory: 
        IsImplicitlyCancellable: True
}
20: Activity [1.29] "GetNextFile1" scheduled child activity [1.29.1] "Sequence"
21: Activity [1.29.1] "Sequence" is Executing
{
    Variables
        _5ef1bf98_84fe_487c_bb8a_8079780ebfc1_21: Rename
}
22: Activity [1.29.1] "Sequence" scheduled child activity [1.29.26] "GetNextFile1"
23: Activity [1.29.26] "GetNextFile1" is Executing
{
    Arguments
        ErrorOnTimeout: False
        SubscriptionId: 00000000-0000-0000-0000-000000000000
        Timeout: -00:00:00.0010000
        IsImplicitlyCancellable: True
}
24: CustomTrackingRecord [1.29.26] "iCPSTraceTrackingRecord"
25: WorkflowInstance "FilesystemListenerExActivity" is Idle
26: Bookmark "addfb0c8-5bcd-44ff-8d77-bb17b9e2f0b6" resumed with payload &lt;iCore.Workflow.Activities.Extensions.ItemSubscriptionEventArgs`1[iCore.Common.Utilities.FileSystemWatcher.FileSystemWatcherFileInfo]&gt; owner [1.29.26] "GetNextFile1"
27: CustomTrackingRecord [1.29.26] "iCPSTraceTrackingRecord"
28: Activity [1.29.26] "GetNextFile1" is Closed
{
    Arguments
        ErrorOnTimeout: False
        SubscriptionId: 00000000-0000-0000-0000-000000000000
        FileName: file.name
        Timeout: -00:00:00.0010000
        FileFullName: a:\directory\path\file.name
        IsImplicitlyCancellable: True
        WatchType: Rename
}
29: Activity [1.29.1] "Sequence" scheduled child activity [1.29.19] "AssignProcessingFileName1"
30: Activity [1.29.19] "AssignProcessingFileName1" is Executing
{
    Arguments
        Value: file.name_temp
}
31: Activity [1.29.19] "AssignProcessingFileName1" is Closed
{
    Arguments
        Value: file.name_temp
        To: file.name_temp
}
32: Activity [1.29.1] "Sequence" scheduled child activity [1.29.11] "AssignProcessingFilePath1"
33: Activity [1.29.11] "AssignProcessingFilePath1" is Executing
{
    Arguments
        Value: a:\directory\path\file.name_temp
}
34: Activity [1.29.11] "AssignProcessingFilePath1" is Closed
{
    Arguments
        Value: a:\directory\path\file.name_temp
        To: a:\directory\path\file.name_temp
}
35: Activity [1.29.1] "Sequence" scheduled child activity [1.29.2] "RenameFileCheck1"
36: Activity [1.29.2] "RenameFileCheck1" is Executing
{
    Arguments
        Condition: True
}
37: Activity [1.29.2] "RenameFileCheck1" scheduled child activity [1.29.6] "RenameFile1"
38: Activity [1.29.6] "RenameFile1" is Executing
{
    Arguments
        NewFilename: a:\directory\path\file.name_temp
        OldFilename: a:\directory\path\file.name
}
39: WorkflowInstance "FilesystemListenerExActivity" is Idle
40: Activity [1.29.6] "RenameFile1" is Closed
{
    Arguments
        NewFilename: a:\directory\path\file.name_temp
        OldFilename: a:\directory\path\file.name
}
41: Activity [1.29.2] "RenameFileCheck1" is Closed
{
    Arguments
        Condition: True
}
42: Activity [1.29.1] "Sequence" is Closed
{
    Variables
        _5ef1bf98_84fe_487c_bb8a_8079780ebfc1_22: Rename
}
43: Activity [1.29] "GetNextFile1" is Closed
{
    Arguments
        ErrorOnTimeout: False
        SubscriptionId: 00000000-0000-0000-0000-000000000000
        Timeout: -00:00:00.0010000
        Rename: True
        OriginalFileName: file.name
        ProcessingFilePath: a:\directory\path\file.name_temp
        MoveFileToDirectory: 
        IsImplicitlyCancellable: True
        ProcessingFileName: file.name_temp
        OriginalFilePath: a:\directory\path\file.name
}
44: Activity [1.28] "MainSequence1" is Closed
{
    Variables
        configuration: iCore.Workflow.Activities.Filesystem.FileSystemListenerConfiguration
}
45: Activity [1.24] "TryCatch2" scheduled child activity [1.25] "CloseConnection1"
46: Activity [1.25] "CloseConnection1" is Executing
{
    Arguments
        SubscriptionId: 00000000-0000-0000-0000-000000000000
}
47: CustomTrackingRecord [1.25] "iCPSTraceTrackingRecord"
48: Activity [1.25] "CloseConnection1" is Closed
{
    Arguments
        SubscriptionId: 00000000-0000-0000-0000-000000000000
}
49: Activity [1.24] "TryCatch2" is Closed
50: Activity [1.21] "TryCatch1" is Closed
{
    Variables
        connection: 00000000-0000-0000-0000-000000000000
}
51: Activity [1.1] "Sequence" scheduled child activity [1.2] "OpenIfFileExists1"
52: Activity [1.2] "OpenIfFileExists1" is Executing
{
    Arguments
        Condition: False
}
53: Activity [1.2] "OpenIfFileExists1" scheduled child activity [1.6] "AssignDataNull1"
54: Activity [1.6] "AssignDataNull1" is Executing
{
    Arguments
        Value: System.IO.Stream+NullStream
}
55: Activity [1.6] "AssignDataNull1" is Closed
{
    Arguments
        Value: System.IO.Stream+NullStream
        To: System.IO.Stream+NullStream
}
56: Activity [1.2] "OpenIfFileExists1" is Closed
{
    Arguments
        Condition: False
}
57: Activity [1.1] "Sequence" is Closed
58: Activity [1] "FilesystemListenerExActivity" is Closed
{
    Arguments
        Directory: a:\directory
        FileAccess: Read
        ErrorOnTimeout: False
        FileMode: Open
        Timeout: -00:00:00.0010000
        Filter: *.txt
        Rename: True
        OriginalFileName: file.name
        FileShare: Read
        SettleTime: 00:00:00.5550000
        Data: System.IO.Stream+NullStream
        ProcessingFilePath: a:\directory\path\file.name_temp
        ScanForFileOnStart: True
        MoveFileToDirectory: 
        IsImplicitlyCancellable: True
        ProcessingFileName: file.name_temp
        OriginalFilePath: a:\directory\path\file.name
        Recursive: False
        WatchType: Rename
}
59: WorkflowInstance "FilesystemListenerExActivity" is Completed</StdOut>
      </Output>
    </UnitTestResult>
    <UnitTestResult executionId="f66b00a1-2255-494b-b5a7-042694b09ac1" testId="09249067-43c9-9ca8-7977-0bb8fc745d9c" testName="Invoke_RenameNoMove_OutArgumentOriginalFilePathIsExpected" computerName="ICSWS068" duration="00:00:00.0107293" startTime="2016-08-04T09:58:41.0844978+02:00" endTime="2016-08-04T09:58:41.0964747+02:00" testType="13cdc9d9-ddb5-4fa4-a97d-d965ccfc6d4b" outcome="Passed" testListId="8c84fa94-04c1-424b-9868-57a2d4851a1d" relativeResultsDirectory="f66b00a1-2255-494b-b5a7-042694b09ac1">
      <Output>
        <StdOut>Debug Trace:
0: WorkflowInstance "FilesystemListenerExActivity" is Started
1: Activity [null] "null" scheduled child activity [1] "FilesystemListenerExActivity"
2: Activity [1] "FilesystemListenerExActivity" is Executing
{
    Arguments
        Directory: a:\directory
        FileAccess: Read
        ErrorOnTimeout: False
        FileMode: Open
        Timeout: -00:00:00.0010000
        Filter: *.txt
        Rename: True
        FileShare: Read
        SettleTime: 00:00:00.5550000
        ScanForFileOnStart: True
        MoveFileToDirectory: 
        IsImplicitlyCancellable: True
        Recursive: False
        WatchType: Rename
}
3: Activity [1] "FilesystemListenerExActivity" scheduled child activity [1.1] "Sequence"
4: Activity [1.1] "Sequence" is Executing
5: Activity [1.1] "Sequence" scheduled child activity [1.21] "TryCatch1"
6: Activity [1.21] "TryCatch1" is Executing
{
    Variables
        connection: 00000000-0000-0000-0000-000000000000
}
7: Activity [1.21] "TryCatch1" scheduled child activity [1.24] "TryCatch2"
8: Activity [1.24] "TryCatch2" is Executing
9: Activity [1.24] "TryCatch2" scheduled child activity [1.28] "MainSequence1"
10: Activity [1.28] "MainSequence1" is Executing
{
    Variables
        configuration: iCore.Workflow.Activities.Filesystem.FileSystemListenerConfiguration
}
11: Activity [1.28] "MainSequence1" scheduled child activity [1.55] "CreateConfiguration1"
12: Activity [1.55] "CreateConfiguration1" is Executing
{
    Arguments
        Directory: a:\directory
        Filter: *.txt
        SettleTime: 00:00:00.5550000
        ScanForFileOnStart: True
        Recursive: False
        WatchType: Rename
}
13: Activity [1.55] "CreateConfiguration1" is Closed
{
    Arguments
        Directory: a:\directory
        Filter: *.txt
        Result: iCore.Workflow.Activities.Filesystem.FileSystemListenerConfiguration
        SettleTime: 00:00:00.5550000
        ScanForFileOnStart: True
        Recursive: False
        WatchType: Rename
}
14: Activity [1.28] "MainSequence1" scheduled child activity [1.50] "StartFileSystemListener1"
15: Activity [1.50] "StartFileSystemListener1" is Executing
{
    Arguments
        Configuration: iCore.Workflow.Activities.Filesystem.FileSystemListenerConfiguration
}
16: CustomTrackingRecord [1.50] "iCPSTraceTrackingRecord"
17: Activity [1.50] "StartFileSystemListener1" is Closed
{
    Arguments
        Result: 00000000-0000-0000-0000-000000000000
        Configuration: iCore.Workflow.Activities.Filesystem.FileSystemListenerConfiguration
}
18: Activity [1.28] "MainSequence1" scheduled child activity [1.29] "GetNextFile1"
19: Activity [1.29] "GetNextFile1" is Executing
{
    Arguments
        ErrorOnTimeout: False
        SubscriptionId: 00000000-0000-0000-0000-000000000000
        Timeout: -00:00:00.0010000
        Rename: True
        MoveFileToDirectory: 
        IsImplicitlyCancellable: True
}
20: Activity [1.29] "GetNextFile1" scheduled child activity [1.29.1] "Sequence"
21: Activity [1.29.1] "Sequence" is Executing
{
    Variables
        _5ef1bf98_84fe_487c_bb8a_8079780ebfc1_23: Rename
}
22: Activity [1.29.1] "Sequence" scheduled child activity [1.29.26] "GetNextFile1"
23: Activity [1.29.26] "GetNextFile1" is Executing
{
    Arguments
        ErrorOnTimeout: False
        SubscriptionId: 00000000-0000-0000-0000-000000000000
        Timeout: -00:00:00.0010000
        IsImplicitlyCancellable: True
}
24: CustomTrackingRecord [1.29.26] "iCPSTraceTrackingRecord"
25: WorkflowInstance "FilesystemListenerExActivity" is Idle
26: Bookmark "0648a5a2-67af-4560-8695-8587d585c455" resumed with payload &lt;iCore.Workflow.Activities.Extensions.ItemSubscriptionEventArgs`1[iCore.Common.Utilities.FileSystemWatcher.FileSystemWatcherFileInfo]&gt; owner [1.29.26] "GetNextFile1"
27: CustomTrackingRecord [1.29.26] "iCPSTraceTrackingRecord"
28: Activity [1.29.26] "GetNextFile1" is Closed
{
    Arguments
        ErrorOnTimeout: False
        SubscriptionId: 00000000-0000-0000-0000-000000000000
        FileName: file.name
        Timeout: -00:00:00.0010000
        FileFullName: a:\directory\path\file.name
        IsImplicitlyCancellable: True
        WatchType: Rename
}
29: Activity [1.29.1] "Sequence" scheduled child activity [1.29.19] "AssignProcessingFileName1"
30: Activity [1.29.19] "AssignProcessingFileName1" is Executing
{
    Arguments
        Value: file.name_temp
}
31: Activity [1.29.19] "AssignProcessingFileName1" is Closed
{
    Arguments
        Value: file.name_temp
        To: file.name_temp
}
32: Activity [1.29.1] "Sequence" scheduled child activity [1.29.11] "AssignProcessingFilePath1"
33: Activity [1.29.11] "AssignProcessingFilePath1" is Executing
{
    Arguments
        Value: a:\directory\path\file.name_temp
}
34: Activity [1.29.11] "AssignProcessingFilePath1" is Closed
{
    Arguments
        Value: a:\directory\path\file.name_temp
        To: a:\directory\path\file.name_temp
}
35: Activity [1.29.1] "Sequence" scheduled child activity [1.29.2] "RenameFileCheck1"
36: Activity [1.29.2] "RenameFileCheck1" is Executing
{
    Arguments
        Condition: True
}
37: Activity [1.29.2] "RenameFileCheck1" scheduled child activity [1.29.6] "RenameFile1"
38: Activity [1.29.6] "RenameFile1" is Executing
{
    Arguments
        NewFilename: a:\directory\path\file.name_temp
        OldFilename: a:\directory\path\file.name
}
39: WorkflowInstance "FilesystemListenerExActivity" is Idle
40: Activity [1.29.6] "RenameFile1" is Closed
{
    Arguments
        NewFilename: a:\directory\path\file.name_temp
        OldFilename: a:\directory\path\file.name
}
41: Activity [1.29.2] "RenameFileCheck1" is Closed
{
    Arguments
        Condition: True
}
42: Activity [1.29.1] "Sequence" is Closed
{
    Variables
        _5ef1bf98_84fe_487c_bb8a_8079780ebfc1_24: Rename
}
43: Activity [1.29] "GetNextFile1" is Closed
{
    Arguments
        ErrorOnTimeout: False
        SubscriptionId: 00000000-0000-0000-0000-000000000000
        Timeout: -00:00:00.0010000
        Rename: True
        OriginalFileName: file.name
        ProcessingFilePath: a:\directory\path\file.name_temp
        MoveFileToDirectory: 
        IsImplicitlyCancellable: True
        ProcessingFileName: file.name_temp
        OriginalFilePath: a:\directory\path\file.name
}
44: Activity [1.28] "MainSequence1" is Closed
{
    Variables
        configuration: iCore.Workflow.Activities.Filesystem.FileSystemListenerConfiguration
}
45: Activity [1.24] "TryCatch2" scheduled child activity [1.25] "CloseConnection1"
46: Activity [1.25] "CloseConnection1" is Executing
{
    Arguments
        SubscriptionId: 00000000-0000-0000-0000-000000000000
}
47: CustomTrackingRecord [1.25] "iCPSTraceTrackingRecord"
48: Activity [1.25] "CloseConnection1" is Closed
{
    Arguments
        SubscriptionId: 00000000-0000-0000-0000-000000000000
}
49: Activity [1.24] "TryCatch2" is Closed
50: Activity [1.21] "TryCatch1" is Closed
{
    Variables
        connection: 00000000-0000-0000-0000-000000000000
}
51: Activity [1.1] "Sequence" scheduled child activity [1.2] "OpenIfFileExists1"
52: Activity [1.2] "OpenIfFileExists1" is Executing
{
    Arguments
        Condition: False
}
53: Activity [1.2] "OpenIfFileExists1" scheduled child activity [1.6] "AssignDataNull1"
54: Activity [1.6] "AssignDataNull1" is Executing
{
    Arguments
        Value: System.IO.Stream+NullStream
}
55: Activity [1.6] "AssignDataNull1" is Closed
{
    Arguments
        Value: System.IO.Stream+NullStream
        To: System.IO.Stream+NullStream
}
56: Activity [1.2] "OpenIfFileExists1" is Closed
{
    Arguments
        Condition: False
}
57: Activity [1.1] "Sequence" is Closed
58: Activity [1] "FilesystemListenerExActivity" is Closed
{
    Arguments
        Directory: a:\directory
        FileAccess: Read
        ErrorOnTimeout: False
        FileMode: Open
        Timeout: -00:00:00.0010000
        Filter: *.txt
        Rename: True
        OriginalFileName: file.name
        FileShare: Read
        SettleTime: 00:00:00.5550000
        Data: System.IO.Stream+NullStream
        ProcessingFilePath: a:\directory\path\file.name_temp
        ScanForFileOnStart: True
        MoveFileToDirectory: 
        IsImplicitlyCancellable: True
        ProcessingFileName: file.name_temp
        OriginalFilePath: a:\directory\path\file.name
        Recursive: False
        WatchType: Rename
}
59: WorkflowInstance "FilesystemListenerExActivity" is Completed</StdOut>
      </Output>
    </UnitTestResult>
    <UnitTestResult executionId="6fe4f332-f18e-4491-a748-1d84151ebced" testId="75fc26c4-4634-b443-68ce-2906379953d3" testName="Invoke_RenameNoMove_OutArgumentProcessingFileNameIsExpected" computerName="ICSWS068" duration="00:00:00.0120610" startTime="2016-08-04T09:58:41.0994764+02:00" endTime="2016-08-04T09:58:41.1130724+02:00" testType="13cdc9d9-ddb5-4fa4-a97d-d965ccfc6d4b" outcome="Passed" testListId="8c84fa94-04c1-424b-9868-57a2d4851a1d" relativeResultsDirectory="6fe4f332-f18e-4491-a748-1d84151ebced">
      <Output>
        <StdOut>Debug Trace:
0: WorkflowInstance "FilesystemListenerExActivity" is Started
1: Activity [null] "null" scheduled child activity [1] "FilesystemListenerExActivity"
2: Activity [1] "FilesystemListenerExActivity" is Executing
{
    Arguments
        Directory: a:\directory
        FileAccess: Read
        ErrorOnTimeout: False
        FileMode: Open
        Timeout: -00:00:00.0010000
        Filter: *.txt
        Rename: True
        FileShare: Read
        SettleTime: 00:00:00.5550000
        ScanForFileOnStart: True
        MoveFileToDirectory: 
        IsImplicitlyCancellable: True
        Recursive: False
        WatchType: Rename
}
3: Activity [1] "FilesystemListenerExActivity" scheduled child activity [1.1] "Sequence"
4: Activity [1.1] "Sequence" is Executing
5: Activity [1.1] "Sequence" scheduled child activity [1.21] "TryCatch1"
6: Activity [1.21] "TryCatch1" is Executing
{
    Variables
        connection: 00000000-0000-0000-0000-000000000000
}
7: Activity [1.21] "TryCatch1" scheduled child activity [1.24] "TryCatch2"
8: Activity [1.24] "TryCatch2" is Executing
9: Activity [1.24] "TryCatch2" scheduled child activity [1.28] "MainSequence1"
10: Activity [1.28] "MainSequence1" is Executing
{
    Variables
        configuration: iCore.Workflow.Activities.Filesystem.FileSystemListenerConfiguration
}
11: Activity [1.28] "MainSequence1" scheduled child activity [1.55] "CreateConfiguration1"
12: Activity [1.55] "CreateConfiguration1" is Executing
{
    Arguments
        Directory: a:\directory
        Filter: *.txt
        SettleTime: 00:00:00.5550000
        ScanForFileOnStart: True
        Recursive: False
        WatchType: Rename
}
13: Activity [1.55] "CreateConfiguration1" is Closed
{
    Arguments
        Directory: a:\directory
        Filter: *.txt
        Result: iCore.Workflow.Activities.Filesystem.FileSystemListenerConfiguration
        SettleTime: 00:00:00.5550000
        ScanForFileOnStart: True
        Recursive: False
        WatchType: Rename
}
14: Activity [1.28] "MainSequence1" scheduled child activity [1.50] "StartFileSystemListener1"
15: Activity [1.50] "StartFileSystemListener1" is Executing
{
    Arguments
        Configuration: iCore.Workflow.Activities.Filesystem.FileSystemListenerConfiguration
}
16: CustomTrackingRecord [1.50] "iCPSTraceTrackingRecord"
17: Activity [1.50] "StartFileSystemListener1" is Closed
{
    Arguments
        Result: 00000000-0000-0000-0000-000000000000
        Configuration: iCore.Workflow.Activities.Filesystem.FileSystemListenerConfiguration
}
18: Activity [1.28] "MainSequence1" scheduled child activity [1.29] "GetNextFile1"
19: Activity [1.29] "GetNextFile1" is Executing
{
    Arguments
        ErrorOnTimeout: False
        SubscriptionId: 00000000-0000-0000-0000-000000000000
        Timeout: -00:00:00.0010000
        Rename: True
        MoveFileToDirectory: 
        IsImplicitlyCancellable: True
}
20: Activity [1.29] "GetNextFile1" scheduled child activity [1.29.1] "Sequence"
21: Activity [1.29.1] "Sequence" is Executing
{
    Variables
        _5ef1bf98_84fe_487c_bb8a_8079780ebfc1_25: Rename
}
22: Activity [1.29.1] "Sequence" scheduled child activity [1.29.26] "GetNextFile1"
23: Activity [1.29.26] "GetNextFile1" is Executing
{
    Arguments
        ErrorOnTimeout: False
        SubscriptionId: 00000000-0000-0000-0000-000000000000
        Timeout: -00:00:00.0010000
        IsImplicitlyCancellable: True
}
24: CustomTrackingRecord [1.29.26] "iCPSTraceTrackingRecord"
25: WorkflowInstance "FilesystemListenerExActivity" is Idle
26: Bookmark "763c0bdd-6f6d-49d2-af75-31e46e8e979a" resumed with payload &lt;iCore.Workflow.Activities.Extensions.ItemSubscriptionEventArgs`1[iCore.Common.Utilities.FileSystemWatcher.FileSystemWatcherFileInfo]&gt; owner [1.29.26] "GetNextFile1"
27: CustomTrackingRecord [1.29.26] "iCPSTraceTrackingRecord"
28: Activity [1.29.26] "GetNextFile1" is Closed
{
    Arguments
        ErrorOnTimeout: False
        SubscriptionId: 00000000-0000-0000-0000-000000000000
        FileName: file.name
        Timeout: -00:00:00.0010000
        FileFullName: a:\directory\path\file.name
        IsImplicitlyCancellable: True
        WatchType: Rename
}
29: Activity [1.29.1] "Sequence" scheduled child activity [1.29.19] "AssignProcessingFileName1"
30: Activity [1.29.19] "AssignProcessingFileName1" is Executing
{
    Arguments
        Value: file.name_temp
}
31: Activity [1.29.19] "AssignProcessingFileName1" is Closed
{
    Arguments
        Value: file.name_temp
        To: file.name_temp
}
32: Activity [1.29.1] "Sequence" scheduled child activity [1.29.11] "AssignProcessingFilePath1"
33: Activity [1.29.11] "AssignProcessingFilePath1" is Executing
{
    Arguments
        Value: a:\directory\path\file.name_temp
}
34: Activity [1.29.11] "AssignProcessingFilePath1" is Closed
{
    Arguments
        Value: a:\directory\path\file.name_temp
        To: a:\directory\path\file.name_temp
}
35: Activity [1.29.1] "Sequence" scheduled child activity [1.29.2] "RenameFileCheck1"
36: Activity [1.29.2] "RenameFileCheck1" is Executing
{
    Arguments
        Condition: True
}
37: Activity [1.29.2] "RenameFileCheck1" scheduled child activity [1.29.6] "RenameFile1"
38: Activity [1.29.6] "RenameFile1" is Executing
{
    Arguments
        NewFilename: a:\directory\path\file.name_temp
        OldFilename: a:\directory\path\file.name
}
39: WorkflowInstance "FilesystemListenerExActivity" is Idle
40: Activity [1.29.6] "RenameFile1" is Closed
{
    Arguments
        NewFilename: a:\directory\path\file.name_temp
        OldFilename: a:\directory\path\file.name
}
41: Activity [1.29.2] "RenameFileCheck1" is Closed
{
    Arguments
        Condition: True
}
42: Activity [1.29.1] "Sequence" is Closed
{
    Variables
        _5ef1bf98_84fe_487c_bb8a_8079780ebfc1_26: Rename
}
43: Activity [1.29] "GetNextFile1" is Closed
{
    Arguments
        ErrorOnTimeout: False
        SubscriptionId: 00000000-0000-0000-0000-000000000000
        Timeout: -00:00:00.0010000
        Rename: True
        OriginalFileName: file.name
        ProcessingFilePath: a:\directory\path\file.name_temp
        MoveFileToDirectory: 
        IsImplicitlyCancellable: True
        ProcessingFileName: file.name_temp
        OriginalFilePath: a:\directory\path\file.name
}
44: Activity [1.28] "MainSequence1" is Closed
{
    Variables
        configuration: iCore.Workflow.Activities.Filesystem.FileSystemListenerConfiguration
}
45: Activity [1.24] "TryCatch2" scheduled child activity [1.25] "CloseConnection1"
46: Activity [1.25] "CloseConnection1" is Executing
{
    Arguments
        SubscriptionId: 00000000-0000-0000-0000-000000000000
}
47: CustomTrackingRecord [1.25] "iCPSTraceTrackingRecord"
48: Activity [1.25] "CloseConnection1" is Closed
{
    Arguments
        SubscriptionId: 00000000-0000-0000-0000-000000000000
}
49: Activity [1.24] "TryCatch2" is Closed
50: Activity [1.21] "TryCatch1" is Closed
{
    Variables
        connection: 00000000-0000-0000-0000-000000000000
}
51: Activity [1.1] "Sequence" scheduled child activity [1.2] "OpenIfFileExists1"
52: Activity [1.2] "OpenIfFileExists1" is Executing
{
    Arguments
        Condition: False
}
53: Activity [1.2] "OpenIfFileExists1" scheduled child activity [1.6] "AssignDataNull1"
54: Activity [1.6] "AssignDataNull1" is Executing
{
    Arguments
        Value: System.IO.Stream+NullStream
}
55: Activity [1.6] "AssignDataNull1" is Closed
{
    Arguments
        Value: System.IO.Stream+NullStream
        To: System.IO.Stream+NullStream
}
56: Activity [1.2] "OpenIfFileExists1" is Closed
{
    Arguments
        Condition: False
}
57: Activity [1.1] "Sequence" is Closed
58: Activity [1] "FilesystemListenerExActivity" is Closed
{
    Arguments
        Directory: a:\directory
        FileAccess: Read
        ErrorOnTimeout: False
        FileMode: Open
        Timeout: -00:00:00.0010000
        Filter: *.txt
        Rename: True
        OriginalFileName: file.name
        FileShare: Read
        SettleTime: 00:00:00.5550000
        Data: System.IO.Stream+NullStream
        ProcessingFilePath: a:\directory\path\file.name_temp
        ScanForFileOnStart: True
        MoveFileToDirectory: 
        IsImplicitlyCancellable: True
        ProcessingFileName: file.name_temp
        OriginalFilePath: a:\directory\path\file.name
        Recursive: False
        WatchType: Rename
}
59: WorkflowInstance "FilesystemListenerExActivity" is Completed</StdOut>
      </Output>
    </UnitTestResult>
    <UnitTestResult executionId="0440f2c4-bbb8-4fd2-912f-484e1a2354ce" testId="11d60665-2c89-cb81-0986-b5b583586c4d" testName="Invoke_RenameNoMove_OutArgumentProcessingFilePathIsExpected" computerName="ICSWS068" duration="00:00:00.0117340" startTime="2016-08-04T09:58:41.1160747+02:00" endTime="2016-08-04T09:58:41.1295847+02:00" testType="13cdc9d9-ddb5-4fa4-a97d-d965ccfc6d4b" outcome="Passed" testListId="8c84fa94-04c1-424b-9868-57a2d4851a1d" relativeResultsDirectory="0440f2c4-bbb8-4fd2-912f-484e1a2354ce">
      <Output>
        <StdOut>Debug Trace:
0: WorkflowInstance "FilesystemListenerExActivity" is Started
1: Activity [null] "null" scheduled child activity [1] "FilesystemListenerExActivity"
2: Activity [1] "FilesystemListenerExActivity" is Executing
{
    Arguments
        Directory: a:\directory
        FileAccess: Read
        ErrorOnTimeout: False
        FileMode: Open
        Timeout: -00:00:00.0010000
        Filter: *.txt
        Rename: True
        FileShare: Read
        SettleTime: 00:00:00.5550000
        ScanForFileOnStart: True
        MoveFileToDirectory: 
        IsImplicitlyCancellable: True
        Recursive: False
        WatchType: Rename
}
3: Activity [1] "FilesystemListenerExActivity" scheduled child activity [1.1] "Sequence"
4: Activity [1.1] "Sequence" is Executing
5: Activity [1.1] "Sequence" scheduled child activity [1.21] "TryCatch1"
6: Activity [1.21] "TryCatch1" is Executing
{
    Variables
        connection: 00000000-0000-0000-0000-000000000000
}
7: Activity [1.21] "TryCatch1" scheduled child activity [1.24] "TryCatch2"
8: Activity [1.24] "TryCatch2" is Executing
9: Activity [1.24] "TryCatch2" scheduled child activity [1.28] "MainSequence1"
10: Activity [1.28] "MainSequence1" is Executing
{
    Variables
        configuration: iCore.Workflow.Activities.Filesystem.FileSystemListenerConfiguration
}
11: Activity [1.28] "MainSequence1" scheduled child activity [1.55] "CreateConfiguration1"
12: Activity [1.55] "CreateConfiguration1" is Executing
{
    Arguments
        Directory: a:\directory
        Filter: *.txt
        SettleTime: 00:00:00.5550000
        ScanForFileOnStart: True
        Recursive: False
        WatchType: Rename
}
13: Activity [1.55] "CreateConfiguration1" is Closed
{
    Arguments
        Directory: a:\directory
        Filter: *.txt
        Result: iCore.Workflow.Activities.Filesystem.FileSystemListenerConfiguration
        SettleTime: 00:00:00.5550000
        ScanForFileOnStart: True
        Recursive: False
        WatchType: Rename
}
14: Activity [1.28] "MainSequence1" scheduled child activity [1.50] "StartFileSystemListener1"
15: Activity [1.50] "StartFileSystemListener1" is Executing
{
    Arguments
        Configuration: iCore.Workflow.Activities.Filesystem.FileSystemListenerConfiguration
}
16: CustomTrackingRecord [1.50] "iCPSTraceTrackingRecord"
17: Activity [1.50] "StartFileSystemListener1" is Closed
{
    Arguments
        Result: 00000000-0000-0000-0000-000000000000
        Configuration: iCore.Workflow.Activities.Filesystem.FileSystemListenerConfiguration
}
18: Activity [1.28] "MainSequence1" scheduled child activity [1.29] "GetNextFile1"
19: Activity [1.29] "GetNextFile1" is Executing
{
    Arguments
        ErrorOnTimeout: False
        SubscriptionId: 00000000-0000-0000-0000-000000000000
        Timeout: -00:00:00.0010000
        Rename: True
        MoveFileToDirectory: 
        IsImplicitlyCancellable: True
}
20: Activity [1.29] "GetNextFile1" scheduled child activity [1.29.1] "Sequence"
21: Activity [1.29.1] "Sequence" is Executing
{
    Variables
        _5ef1bf98_84fe_487c_bb8a_8079780ebfc1_27: Rename
}
22: Activity [1.29.1] "Sequence" scheduled child activity [1.29.26] "GetNextFile1"
23: Activity [1.29.26] "GetNextFile1" is Executing
{
    Arguments
        ErrorOnTimeout: False
        SubscriptionId: 00000000-0000-0000-0000-000000000000
        Timeout: -00:00:00.0010000
        IsImplicitlyCancellable: True
}
24: CustomTrackingRecord [1.29.26] "iCPSTraceTrackingRecord"
25: WorkflowInstance "FilesystemListenerExActivity" is Idle
26: Bookmark "2187737e-79a8-4972-b432-7ed147f9ffdf" resumed with payload &lt;iCore.Workflow.Activities.Extensions.ItemSubscriptionEventArgs`1[iCore.Common.Utilities.FileSystemWatcher.FileSystemWatcherFileInfo]&gt; owner [1.29.26] "GetNextFile1"
27: CustomTrackingRecord [1.29.26] "iCPSTraceTrackingRecord"
28: Activity [1.29.26] "GetNextFile1" is Closed
{
    Arguments
        ErrorOnTimeout: False
        SubscriptionId: 00000000-0000-0000-0000-000000000000
        FileName: file.name
        Timeout: -00:00:00.0010000
        FileFullName: a:\directory\path\file.name
        IsImplicitlyCancellable: True
        WatchType: Rename
}
29: Activity [1.29.1] "Sequence" scheduled child activity [1.29.19] "AssignProcessingFileName1"
30: Activity [1.29.19] "AssignProcessingFileName1" is Executing
{
    Arguments
        Value: file.name_temp
}
31: Activity [1.29.19] "AssignProcessingFileName1" is Closed
{
    Arguments
        Value: file.name_temp
        To: file.name_temp
}
32: Activity [1.29.1] "Sequence" scheduled child activity [1.29.11] "AssignProcessingFilePath1"
33: Activity [1.29.11] "AssignProcessingFilePath1" is Executing
{
    Arguments
        Value: a:\directory\path\file.name_temp
}
34: Activity [1.29.11] "AssignProcessingFilePath1" is Closed
{
    Arguments
        Value: a:\directory\path\file.name_temp
        To: a:\directory\path\file.name_temp
}
35: Activity [1.29.1] "Sequence" scheduled child activity [1.29.2] "RenameFileCheck1"
36: Activity [1.29.2] "RenameFileCheck1" is Executing
{
    Arguments
        Condition: True
}
37: Activity [1.29.2] "RenameFileCheck1" scheduled child activity [1.29.6] "RenameFile1"
38: Activity [1.29.6] "RenameFile1" is Executing
{
    Arguments
        NewFilename: a:\directory\path\file.name_temp
        OldFilename: a:\directory\path\file.name
}
39: WorkflowInstance "FilesystemListenerExActivity" is Idle
40: Activity [1.29.6] "RenameFile1" is Closed
{
    Arguments
        NewFilename: a:\directory\path\file.name_temp
        OldFilename: a:\directory\path\file.name
}
41: Activity [1.29.2] "RenameFileCheck1" is Closed
{
    Arguments
        Condition: True
}
42: Activity [1.29.1] "Sequence" is Closed
{
    Variables
        _5ef1bf98_84fe_487c_bb8a_8079780ebfc1_28: Rename
}
43: Activity [1.29] "GetNextFile1" is Closed
{
    Arguments
        ErrorOnTimeout: False
        SubscriptionId: 00000000-0000-0000-0000-000000000000
        Timeout: -00:00:00.0010000
        Rename: True
        OriginalFileName: file.name
        ProcessingFilePath: a:\directory\path\file.name_temp
        MoveFileToDirectory: 
        IsImplicitlyCancellable: True
        ProcessingFileName: file.name_temp
        OriginalFilePath: a:\directory\path\file.name
}
44: Activity [1.28] "MainSequence1" is Closed
{
    Variables
        configuration: iCore.Workflow.Activities.Filesystem.FileSystemListenerConfiguration
}
45: Activity [1.24] "TryCatch2" scheduled child activity [1.25] "CloseConnection1"
46: Activity [1.25] "CloseConnection1" is Executing
{
    Arguments
        SubscriptionId: 00000000-0000-0000-0000-000000000000
}
47: CustomTrackingRecord [1.25] "iCPSTraceTrackingRecord"
48: Activity [1.25] "CloseConnection1" is Closed
{
    Arguments
        SubscriptionId: 00000000-0000-0000-0000-000000000000
}
49: Activity [1.24] "TryCatch2" is Closed
50: Activity [1.21] "TryCatch1" is Closed
{
    Variables
        connection: 00000000-0000-0000-0000-000000000000
}
51: Activity [1.1] "Sequence" scheduled child activity [1.2] "OpenIfFileExists1"
52: Activity [1.2] "OpenIfFileExists1" is Executing
{
    Arguments
        Condition: False
}
53: Activity [1.2] "OpenIfFileExists1" scheduled child activity [1.6] "AssignDataNull1"
54: Activity [1.6] "AssignDataNull1" is Executing
{
    Arguments
        Value: System.IO.Stream+NullStream
}
55: Activity [1.6] "AssignDataNull1" is Closed
{
    Arguments
        Value: System.IO.Stream+NullStream
        To: System.IO.Stream+NullStream
}
56: Activity [1.2] "OpenIfFileExists1" is Closed
{
    Arguments
        Condition: False
}
57: Activity [1.1] "Sequence" is Closed
58: Activity [1] "FilesystemListenerExActivity" is Closed
{
    Arguments
        Directory: a:\directory
        FileAccess: Read
        ErrorOnTimeout: False
        FileMode: Open
        Timeout: -00:00:00.0010000
        Filter: *.txt
        Rename: True
        OriginalFileName: file.name
        FileShare: Read
        SettleTime: 00:00:00.5550000
        Data: System.IO.Stream+NullStream
        ProcessingFilePath: a:\directory\path\file.name_temp
        ScanForFileOnStart: True
        MoveFileToDirectory: 
        IsImplicitlyCancellable: True
        ProcessingFileName: file.name_temp
        OriginalFilePath: a:\directory\path\file.name
        Recursive: False
        WatchType: Rename
}
59: WorkflowInstance "FilesystemListenerExActivity" is Completed</StdOut>
      </Output>
    </UnitTestResult>
    <UnitTestResult executionId="952fdf55-12e5-4a27-8209-7c7485026f59" testId="238b0fdf-db62-f826-cfa3-e87116f4bb33" testName="Invoke_RenameNoMove_OutArgumentDataIsExpected" computerName="ICSWS068" duration="00:00:00.0171951" startTime="2016-08-04T09:58:41.1325859+02:00" endTime="2016-08-04T09:58:41.1515568+02:00" testType="13cdc9d9-ddb5-4fa4-a97d-d965ccfc6d4b" outcome="Passed" testListId="8c84fa94-04c1-424b-9868-57a2d4851a1d" relativeResultsDirectory="952fdf55-12e5-4a27-8209-7c7485026f59">
      <Output>
        <StdOut>Debug Trace:
0: WorkflowInstance "FilesystemListenerExActivity" is Started
1: Activity [null] "null" scheduled child activity [1] "FilesystemListenerExActivity"
2: Activity [1] "FilesystemListenerExActivity" is Executing
{
    Arguments
        Directory: a:\directory
        FileAccess: Read
        ErrorOnTimeout: False
        FileMode: Open
        Timeout: -00:00:00.0010000
        Filter: *.txt
        Rename: True
        FileShare: Read
        SettleTime: 00:00:00.5550000
        ScanForFileOnStart: True
        MoveFileToDirectory: 
        IsImplicitlyCancellable: True
        Recursive: False
        WatchType: Rename
}
3: Activity [1] "FilesystemListenerExActivity" scheduled child activity [1.1] "Sequence"
4: Activity [1.1] "Sequence" is Executing
5: Activity [1.1] "Sequence" scheduled child activity [1.21] "TryCatch1"
6: Activity [1.21] "TryCatch1" is Executing
{
    Variables
        connection: 00000000-0000-0000-0000-000000000000
}
7: Activity [1.21] "TryCatch1" scheduled child activity [1.24] "TryCatch2"
8: Activity [1.24] "TryCatch2" is Executing
9: Activity [1.24] "TryCatch2" scheduled child activity [1.28] "MainSequence1"
10: Activity [1.28] "MainSequence1" is Executing
{
    Variables
        configuration: iCore.Workflow.Activities.Filesystem.FileSystemListenerConfiguration
}
11: Activity [1.28] "MainSequence1" scheduled child activity [1.55] "CreateConfiguration1"
12: Activity [1.55] "CreateConfiguration1" is Executing
{
    Arguments
        Directory: a:\directory
        Filter: *.txt
        SettleTime: 00:00:00.5550000
        ScanForFileOnStart: True
        Recursive: False
        WatchType: Rename
}
13: Activity [1.55] "CreateConfiguration1" is Closed
{
    Arguments
        Directory: a:\directory
        Filter: *.txt
        Result: iCore.Workflow.Activities.Filesystem.FileSystemListenerConfiguration
        SettleTime: 00:00:00.5550000
        ScanForFileOnStart: True
        Recursive: False
        WatchType: Rename
}
14: Activity [1.28] "MainSequence1" scheduled child activity [1.50] "StartFileSystemListener1"
15: Activity [1.50] "StartFileSystemListener1" is Executing
{
    Arguments
        Configuration: iCore.Workflow.Activities.Filesystem.FileSystemListenerConfiguration
}
16: CustomTrackingRecord [1.50] "iCPSTraceTrackingRecord"
17: Activity [1.50] "StartFileSystemListener1" is Closed
{
    Arguments
        Result: 00000000-0000-0000-0000-000000000000
        Configuration: iCore.Workflow.Activities.Filesystem.FileSystemListenerConfiguration
}
18: Activity [1.28] "MainSequence1" scheduled child activity [1.29] "GetNextFile1"
19: Activity [1.29] "GetNextFile1" is Executing
{
    Arguments
        ErrorOnTimeout: False
        SubscriptionId: 00000000-0000-0000-0000-000000000000
        Timeout: -00:00:00.0010000
        Rename: True
        MoveFileToDirectory: 
        IsImplicitlyCancellable: True
}
20: Activity [1.29] "GetNextFile1" scheduled child activity [1.29.1] "Sequence"
21: Activity [1.29.1] "Sequence" is Executing
{
    Variables
        _5ef1bf98_84fe_487c_bb8a_8079780ebfc1_29: Rename
}
22: Activity [1.29.1] "Sequence" scheduled child activity [1.29.26] "GetNextFile1"
23: Activity [1.29.26] "GetNextFile1" is Executing
{
    Arguments
        ErrorOnTimeout: False
        SubscriptionId: 00000000-0000-0000-0000-000000000000
        Timeout: -00:00:00.0010000
        IsImplicitlyCancellable: True
}
24: CustomTrackingRecord [1.29.26] "iCPSTraceTrackingRecord"
25: WorkflowInstance "FilesystemListenerExActivity" is Idle
26: Bookmark "3741c743-5bdf-4314-b41c-018f56df6a18" resumed with payload &lt;iCore.Workflow.Activities.Extensions.ItemSubscriptionEventArgs`1[iCore.Common.Utilities.FileSystemWatcher.FileSystemWatcherFileInfo]&gt; owner [1.29.26] "GetNextFile1"
27: CustomTrackingRecord [1.29.26] "iCPSTraceTrackingRecord"
28: Activity [1.29.26] "GetNextFile1" is Closed
{
    Arguments
        ErrorOnTimeout: False
        SubscriptionId: 00000000-0000-0000-0000-000000000000
        FileName: file.name
        Timeout: -00:00:00.0010000
        FileFullName: a:\directory\path\file.name
        IsImplicitlyCancellable: True
        WatchType: Rename
}
29: Activity [1.29.1] "Sequence" scheduled child activity [1.29.19] "AssignProcessingFileName1"
30: Activity [1.29.19] "AssignProcessingFileName1" is Executing
{
    Arguments
        Value: file.name_temp
}
31: Activity [1.29.19] "AssignProcessingFileName1" is Closed
{
    Arguments
        Value: file.name_temp
        To: file.name_temp
}
32: Activity [1.29.1] "Sequence" scheduled child activity [1.29.11] "AssignProcessingFilePath1"
33: Activity [1.29.11] "AssignProcessingFilePath1" is Executing
{
    Arguments
        Value: a:\directory\path\file.name_temp
}
34: Activity [1.29.11] "AssignProcessingFilePath1" is Closed
{
    Arguments
        Value: a:\directory\path\file.name_temp
        To: a:\directory\path\file.name_temp
}
35: Activity [1.29.1] "Sequence" scheduled child activity [1.29.2] "RenameFileCheck1"
36: Activity [1.29.2] "RenameFileCheck1" is Executing
{
    Arguments
        Condition: True
}
37: Activity [1.29.2] "RenameFileCheck1" scheduled child activity [1.29.6] "RenameFile1"
38: Activity [1.29.6] "RenameFile1" is Executing
{
    Arguments
        NewFilename: a:\directory\path\file.name_temp
        OldFilename: a:\directory\path\file.name
}
39: WorkflowInstance "FilesystemListenerExActivity" is Idle
40: Activity [1.29.6] "RenameFile1" is Closed
{
    Arguments
        NewFilename: a:\directory\path\file.name_temp
        OldFilename: a:\directory\path\file.name
}
41: Activity [1.29.2] "RenameFileCheck1" is Closed
{
    Arguments
        Condition: True
}
42: Activity [1.29.1] "Sequence" is Closed
{
    Variables
        _5ef1bf98_84fe_487c_bb8a_8079780ebfc1_30: Rename
}
43: Activity [1.29] "GetNextFile1" is Closed
{
    Arguments
        ErrorOnTimeout: False
        SubscriptionId: 00000000-0000-0000-0000-000000000000
        Timeout: -00:00:00.0010000
        Rename: True
        OriginalFileName: file.name
        ProcessingFilePath: a:\directory\path\file.name_temp
        MoveFileToDirectory: 
        IsImplicitlyCancellable: True
        ProcessingFileName: file.name_temp
        OriginalFilePath: a:\directory\path\file.name
}
44: Activity [1.28] "MainSequence1" is Closed
{
    Variables
        configuration: iCore.Workflow.Activities.Filesystem.FileSystemListenerConfiguration
}
45: Activity [1.24] "TryCatch2" scheduled child activity [1.25] "CloseConnection1"
46: Activity [1.25] "CloseConnection1" is Executing
{
    Arguments
        SubscriptionId: 00000000-0000-0000-0000-000000000000
}
47: CustomTrackingRecord [1.25] "iCPSTraceTrackingRecord"
48: Activity [1.25] "CloseConnection1" is Closed
{
    Arguments
        SubscriptionId: 00000000-0000-0000-0000-000000000000
}
49: Activity [1.24] "TryCatch2" is Closed
50: Activity [1.21] "TryCatch1" is Closed
{
    Variables
        connection: 00000000-0000-0000-0000-000000000000
}
51: Activity [1.1] "Sequence" scheduled child activity [1.2] "OpenIfFileExists1"
52: Activity [1.2] "OpenIfFileExists1" is Executing
{
    Arguments
        Condition: True
}
53: Activity [1.2] "OpenIfFileExists1" scheduled child activity [1.10] "OpenFile1"
54: Activity [1.10] "OpenFile1" is Executing
{
    Arguments
        FileAccess: Read
        FileMode: Open
        FileName: a:\directory\path\file.name_temp
        FileShare: Read
}
55: WorkflowInstance "FilesystemListenerExActivity" is Idle
56: Activity [1.10] "OpenFile1" is Closed
{
    Arguments
        FileAccess: Read
        FileMode: Open
        FileName: a:\directory\path\file.name_temp
        Result: System.IO.MemoryStream
        FileShare: Read
}
57: Activity [1.2] "OpenIfFileExists1" is Closed
{
    Arguments
        Condition: True
}
58: Activity [1.1] "Sequence" is Closed
59: Activity [1] "FilesystemListenerExActivity" is Closed
{
    Arguments
        Directory: a:\directory
        FileAccess: Read
        ErrorOnTimeout: False
        FileMode: Open
        Timeout: -00:00:00.0010000
        Filter: *.txt
        Rename: True
        OriginalFileName: file.name
        FileShare: Read
        SettleTime: 00:00:00.5550000
        Data: System.IO.MemoryStream
        ProcessingFilePath: a:\directory\path\file.name_temp
        ScanForFileOnStart: True
        MoveFileToDirectory: 
        IsImplicitlyCancellable: True
        ProcessingFileName: file.name_temp
        OriginalFilePath: a:\directory\path\file.name
        Recursive: False
        WatchType: Rename
}
60: WorkflowInstance "FilesystemListenerExActivity" is Completed</StdOut>
      </Output>
    </UnitTestResult>
    <UnitTestResult executionId="d8e03696-cde0-46ca-b645-dcf2e66bb111" testId="bd4c998f-2190-205f-cbc6-9919f1ea5b89" testName="Invoke_RenameMove_OutArgumentOriginalFileNameIsExpected" computerName="ICSWS068" duration="00:00:00.0125938" startTime="2016-08-04T09:58:41.1550597+02:00" endTime="2016-08-04T09:58:41.1690697+02:00" testType="13cdc9d9-ddb5-4fa4-a97d-d965ccfc6d4b" outcome="Passed" testListId="8c84fa94-04c1-424b-9868-57a2d4851a1d" relativeResultsDirectory="d8e03696-cde0-46ca-b645-dcf2e66bb111">
      <Output>
        <StdOut>Debug Trace:
0: WorkflowInstance "FilesystemListenerExActivity" is Started
1: Activity [null] "null" scheduled child activity [1] "FilesystemListenerExActivity"
2: Activity [1] "FilesystemListenerExActivity" is Executing
{
    Arguments
        Directory: a:\directory
        FileAccess: Read
        ErrorOnTimeout: False
        FileMode: Open
        Timeout: -00:00:00.0010000
        Filter: *.txt
        Rename: True
        FileShare: Read
        SettleTime: 00:00:00.5550000
        ScanForFileOnStart: True
        MoveFileToDirectory: a:\nother\directory
        IsImplicitlyCancellable: True
        Recursive: False
        WatchType: Rename
}
3: Activity [1] "FilesystemListenerExActivity" scheduled child activity [1.1] "Sequence"
4: Activity [1.1] "Sequence" is Executing
5: Activity [1.1] "Sequence" scheduled child activity [1.21] "TryCatch1"
6: Activity [1.21] "TryCatch1" is Executing
{
    Variables
        connection: 00000000-0000-0000-0000-000000000000
}
7: Activity [1.21] "TryCatch1" scheduled child activity [1.24] "TryCatch2"
8: Activity [1.24] "TryCatch2" is Executing
9: Activity [1.24] "TryCatch2" scheduled child activity [1.28] "MainSequence1"
10: Activity [1.28] "MainSequence1" is Executing
{
    Variables
        configuration: iCore.Workflow.Activities.Filesystem.FileSystemListenerConfiguration
}
11: Activity [1.28] "MainSequence1" scheduled child activity [1.55] "CreateConfiguration1"
12: Activity [1.55] "CreateConfiguration1" is Executing
{
    Arguments
        Directory: a:\directory
        Filter: *.txt
        SettleTime: 00:00:00.5550000
        ScanForFileOnStart: True
        Recursive: False
        WatchType: Rename
}
13: Activity [1.55] "CreateConfiguration1" is Closed
{
    Arguments
        Directory: a:\directory
        Filter: *.txt
        Result: iCore.Workflow.Activities.Filesystem.FileSystemListenerConfiguration
        SettleTime: 00:00:00.5550000
        ScanForFileOnStart: True
        Recursive: False
        WatchType: Rename
}
14: Activity [1.28] "MainSequence1" scheduled child activity [1.50] "StartFileSystemListener1"
15: Activity [1.50] "StartFileSystemListener1" is Executing
{
    Arguments
        Configuration: iCore.Workflow.Activities.Filesystem.FileSystemListenerConfiguration
}
16: CustomTrackingRecord [1.50] "iCPSTraceTrackingRecord"
17: Activity [1.50] "StartFileSystemListener1" is Closed
{
    Arguments
        Result: 00000000-0000-0000-0000-000000000000
        Configuration: iCore.Workflow.Activities.Filesystem.FileSystemListenerConfiguration
}
18: Activity [1.28] "MainSequence1" scheduled child activity [1.29] "GetNextFile1"
19: Activity [1.29] "GetNextFile1" is Executing
{
    Arguments
        ErrorOnTimeout: False
        SubscriptionId: 00000000-0000-0000-0000-000000000000
        Timeout: -00:00:00.0010000
        Rename: True
        MoveFileToDirectory: a:\nother\directory
        IsImplicitlyCancellable: True
}
20: Activity [1.29] "GetNextFile1" scheduled child activity [1.29.1] "Sequence"
21: Activity [1.29.1] "Sequence" is Executing
{
    Variables
        _5ef1bf98_84fe_487c_bb8a_8079780ebfc1_31: Rename
}
22: Activity [1.29.1] "Sequence" scheduled child activity [1.29.26] "GetNextFile1"
23: Activity [1.29.26] "GetNextFile1" is Executing
{
    Arguments
        ErrorOnTimeout: False
        SubscriptionId: 00000000-0000-0000-0000-000000000000
        Timeout: -00:00:00.0010000
        IsImplicitlyCancellable: True
}
24: CustomTrackingRecord [1.29.26] "iCPSTraceTrackingRecord"
25: WorkflowInstance "FilesystemListenerExActivity" is Idle
26: Bookmark "1a0a47bd-3e58-4876-b2cb-30d368097f05" resumed with payload &lt;iCore.Workflow.Activities.Extensions.ItemSubscriptionEventArgs`1[iCore.Common.Utilities.FileSystemWatcher.FileSystemWatcherFileInfo]&gt; owner [1.29.26] "GetNextFile1"
27: CustomTrackingRecord [1.29.26] "iCPSTraceTrackingRecord"
28: Activity [1.29.26] "GetNextFile1" is Closed
{
    Arguments
        ErrorOnTimeout: False
        SubscriptionId: 00000000-0000-0000-0000-000000000000
        FileName: file.name
        Timeout: -00:00:00.0010000
        FileFullName: a:\directory\path\file.name
        IsImplicitlyCancellable: True
        WatchType: Rename
}
29: Activity [1.29.1] "Sequence" scheduled child activity [1.29.19] "AssignProcessingFileName1"
30: Activity [1.29.19] "AssignProcessingFileName1" is Executing
{
    Arguments
        Value: file.name_temp
}
31: Activity [1.29.19] "AssignProcessingFileName1" is Closed
{
    Arguments
        Value: file.name_temp
        To: file.name_temp
}
32: Activity [1.29.1] "Sequence" scheduled child activity [1.29.11] "AssignProcessingFilePath1"
33: Activity [1.29.11] "AssignProcessingFilePath1" is Executing
{
    Arguments
        Value: a:\nother\directory\file.name_temp
}
34: Activity [1.29.11] "AssignProcessingFilePath1" is Closed
{
    Arguments
        Value: a:\nother\directory\file.name_temp
        To: a:\nother\directory\file.name_temp
}
35: Activity [1.29.1] "Sequence" scheduled child activity [1.29.2] "RenameFileCheck1"
36: Activity [1.29.2] "RenameFileCheck1" is Executing
{
    Arguments
        Condition: True
}
37: Activity [1.29.2] "RenameFileCheck1" scheduled child activity [1.29.6] "RenameFile1"
38: Activity [1.29.6] "RenameFile1" is Executing
{
    Arguments
        NewFilename: a:\nother\directory\file.name_temp
        OldFilename: a:\directory\path\file.name
}
39: WorkflowInstance "FilesystemListenerExActivity" is Idle
40: Activity [1.29.6] "RenameFile1" is Closed
{
    Arguments
        NewFilename: a:\nother\directory\file.name_temp
        OldFilename: a:\directory\path\file.name
}
41: Activity [1.29.2] "RenameFileCheck1" is Closed
{
    Arguments
        Condition: True
}
42: Activity [1.29.1] "Sequence" is Closed
{
    Variables
        _5ef1bf98_84fe_487c_bb8a_8079780ebfc1_32: Rename
}
43: Activity [1.29] "GetNextFile1" is Closed
{
    Arguments
        ErrorOnTimeout: False
        SubscriptionId: 00000000-0000-0000-0000-000000000000
        Timeout: -00:00:00.0010000
        Rename: True
        OriginalFileName: file.name
        ProcessingFilePath: a:\nother\directory\file.name_temp
        MoveFileToDirectory: a:\nother\directory
        IsImplicitlyCancellable: True
        ProcessingFileName: file.name_temp
        OriginalFilePath: a:\directory\path\file.name
}
44: Activity [1.28] "MainSequence1" is Closed
{
    Variables
        configuration: iCore.Workflow.Activities.Filesystem.FileSystemListenerConfiguration
}
45: Activity [1.24] "TryCatch2" scheduled child activity [1.25] "CloseConnection1"
46: Activity [1.25] "CloseConnection1" is Executing
{
    Arguments
        SubscriptionId: 00000000-0000-0000-0000-000000000000
}
47: CustomTrackingRecord [1.25] "iCPSTraceTrackingRecord"
48: Activity [1.25] "CloseConnection1" is Closed
{
    Arguments
        SubscriptionId: 00000000-0000-0000-0000-000000000000
}
49: Activity [1.24] "TryCatch2" is Closed
50: Activity [1.21] "TryCatch1" is Closed
{
    Variables
        connection: 00000000-0000-0000-0000-000000000000
}
51: Activity [1.1] "Sequence" scheduled child activity [1.2] "OpenIfFileExists1"
52: Activity [1.2] "OpenIfFileExists1" is Executing
{
    Arguments
        Condition: False
}
53: Activity [1.2] "OpenIfFileExists1" scheduled child activity [1.6] "AssignDataNull1"
54: Activity [1.6] "AssignDataNull1" is Executing
{
    Arguments
        Value: System.IO.Stream+NullStream
}
55: Activity [1.6] "AssignDataNull1" is Closed
{
    Arguments
        Value: System.IO.Stream+NullStream
        To: System.IO.Stream+NullStream
}
56: Activity [1.2] "OpenIfFileExists1" is Closed
{
    Arguments
        Condition: False
}
57: Activity [1.1] "Sequence" is Closed
58: Activity [1] "FilesystemListenerExActivity" is Closed
{
    Arguments
        Directory: a:\directory
        FileAccess: Read
        ErrorOnTimeout: False
        FileMode: Open
        Timeout: -00:00:00.0010000
        Filter: *.txt
        Rename: True
        OriginalFileName: file.name
        FileShare: Read
        SettleTime: 00:00:00.5550000
        Data: System.IO.Stream+NullStream
        ProcessingFilePath: a:\nother\directory\file.name_temp
        ScanForFileOnStart: True
        MoveFileToDirectory: a:\nother\directory
        IsImplicitlyCancellable: True
        ProcessingFileName: file.name_temp
        OriginalFilePath: a:\directory\path\file.name
        Recursive: False
        WatchType: Rename
}
59: WorkflowInstance "FilesystemListenerExActivity" is Completed</StdOut>
      </Output>
    </UnitTestResult>
    <UnitTestResult executionId="63df98a0-1dc9-43cf-85b0-3ad9ee17cfb0" testId="2092ba78-de86-35a0-b296-acdbaf8773df" testName="Invoke_RenameMove_OutArgumentOriginalFilePathIsExpected" computerName="ICSWS068" duration="00:00:00.0113824" startTime="2016-08-04T09:58:41.1720732+02:00" endTime="2016-08-04T09:58:41.1847055+02:00" testType="13cdc9d9-ddb5-4fa4-a97d-d965ccfc6d4b" outcome="Passed" testListId="8c84fa94-04c1-424b-9868-57a2d4851a1d" relativeResultsDirectory="63df98a0-1dc9-43cf-85b0-3ad9ee17cfb0">
      <Output>
        <StdOut>Debug Trace:
0: WorkflowInstance "FilesystemListenerExActivity" is Started
1: Activity [null] "null" scheduled child activity [1] "FilesystemListenerExActivity"
2: Activity [1] "FilesystemListenerExActivity" is Executing
{
    Arguments
        Directory: a:\directory
        FileAccess: Read
        ErrorOnTimeout: False
        FileMode: Open
        Timeout: -00:00:00.0010000
        Filter: *.txt
        Rename: True
        FileShare: Read
        SettleTime: 00:00:00.5550000
        ScanForFileOnStart: True
        MoveFileToDirectory: a:\nother\directory
        IsImplicitlyCancellable: True
        Recursive: False
        WatchType: Rename
}
3: Activity [1] "FilesystemListenerExActivity" scheduled child activity [1.1] "Sequence"
4: Activity [1.1] "Sequence" is Executing
5: Activity [1.1] "Sequence" scheduled child activity [1.21] "TryCatch1"
6: Activity [1.21] "TryCatch1" is Executing
{
    Variables
        connection: 00000000-0000-0000-0000-000000000000
}
7: Activity [1.21] "TryCatch1" scheduled child activity [1.24] "TryCatch2"
8: Activity [1.24] "TryCatch2" is Executing
9: Activity [1.24] "TryCatch2" scheduled child activity [1.28] "MainSequence1"
10: Activity [1.28] "MainSequence1" is Executing
{
    Variables
        configuration: iCore.Workflow.Activities.Filesystem.FileSystemListenerConfiguration
}
11: Activity [1.28] "MainSequence1" scheduled child activity [1.55] "CreateConfiguration1"
12: Activity [1.55] "CreateConfiguration1" is Executing
{
    Arguments
        Directory: a:\directory
        Filter: *.txt
        SettleTime: 00:00:00.5550000
        ScanForFileOnStart: True
        Recursive: False
        WatchType: Rename
}
13: Activity [1.55] "CreateConfiguration1" is Closed
{
    Arguments
        Directory: a:\directory
        Filter: *.txt
        Result: iCore.Workflow.Activities.Filesystem.FileSystemListenerConfiguration
        SettleTime: 00:00:00.5550000
        ScanForFileOnStart: True
        Recursive: False
        WatchType: Rename
}
14: Activity [1.28] "MainSequence1" scheduled child activity [1.50] "StartFileSystemListener1"
15: Activity [1.50] "StartFileSystemListener1" is Executing
{
    Arguments
        Configuration: iCore.Workflow.Activities.Filesystem.FileSystemListenerConfiguration
}
16: CustomTrackingRecord [1.50] "iCPSTraceTrackingRecord"
17: Activity [1.50] "StartFileSystemListener1" is Closed
{
    Arguments
        Result: 00000000-0000-0000-0000-000000000000
        Configuration: iCore.Workflow.Activities.Filesystem.FileSystemListenerConfiguration
}
18: Activity [1.28] "MainSequence1" scheduled child activity [1.29] "GetNextFile1"
19: Activity [1.29] "GetNextFile1" is Executing
{
    Arguments
        ErrorOnTimeout: False
        SubscriptionId: 00000000-0000-0000-0000-000000000000
        Timeout: -00:00:00.0010000
        Rename: True
        MoveFileToDirectory: a:\nother\directory
        IsImplicitlyCancellable: True
}
20: Activity [1.29] "GetNextFile1" scheduled child activity [1.29.1] "Sequence"
21: Activity [1.29.1] "Sequence" is Executing
{
    Variables
        _5ef1bf98_84fe_487c_bb8a_8079780ebfc1_33: Rename
}
22: Activity [1.29.1] "Sequence" scheduled child activity [1.29.26] "GetNextFile1"
23: Activity [1.29.26] "GetNextFile1" is Executing
{
    Arguments
        ErrorOnTimeout: False
        SubscriptionId: 00000000-0000-0000-0000-000000000000
        Timeout: -00:00:00.0010000
        IsImplicitlyCancellable: True
}
24: CustomTrackingRecord [1.29.26] "iCPSTraceTrackingRecord"
25: WorkflowInstance "FilesystemListenerExActivity" is Idle
26: Bookmark "ef0ece1d-f90d-4155-8455-c94e61a20a18" resumed with payload &lt;iCore.Workflow.Activities.Extensions.ItemSubscriptionEventArgs`1[iCore.Common.Utilities.FileSystemWatcher.FileSystemWatcherFileInfo]&gt; owner [1.29.26] "GetNextFile1"
27: CustomTrackingRecord [1.29.26] "iCPSTraceTrackingRecord"
28: Activity [1.29.26] "GetNextFile1" is Closed
{
    Arguments
        ErrorOnTimeout: False
        SubscriptionId: 00000000-0000-0000-0000-000000000000
        FileName: file.name
        Timeout: -00:00:00.0010000
        FileFullName: a:\directory\path\file.name
        IsImplicitlyCancellable: True
        WatchType: Rename
}
29: Activity [1.29.1] "Sequence" scheduled child activity [1.29.19] "AssignProcessingFileName1"
30: Activity [1.29.19] "AssignProcessingFileName1" is Executing
{
    Arguments
        Value: file.name_temp
}
31: Activity [1.29.19] "AssignProcessingFileName1" is Closed
{
    Arguments
        Value: file.name_temp
        To: file.name_temp
}
32: Activity [1.29.1] "Sequence" scheduled child activity [1.29.11] "AssignProcessingFilePath1"
33: Activity [1.29.11] "AssignProcessingFilePath1" is Executing
{
    Arguments
        Value: a:\nother\directory\file.name_temp
}
34: Activity [1.29.11] "AssignProcessingFilePath1" is Closed
{
    Arguments
        Value: a:\nother\directory\file.name_temp
        To: a:\nother\directory\file.name_temp
}
35: Activity [1.29.1] "Sequence" scheduled child activity [1.29.2] "RenameFileCheck1"
36: Activity [1.29.2] "RenameFileCheck1" is Executing
{
    Arguments
        Condition: True
}
37: Activity [1.29.2] "RenameFileCheck1" scheduled child activity [1.29.6] "RenameFile1"
38: Activity [1.29.6] "RenameFile1" is Executing
{
    Arguments
        NewFilename: a:\nother\directory\file.name_temp
        OldFilename: a:\directory\path\file.name
}
39: WorkflowInstance "FilesystemListenerExActivity" is Idle
40: Activity [1.29.6] "RenameFile1" is Closed
{
    Arguments
        NewFilename: a:\nother\directory\file.name_temp
        OldFilename: a:\directory\path\file.name
}
41: Activity [1.29.2] "RenameFileCheck1" is Closed
{
    Arguments
        Condition: True
}
42: Activity [1.29.1] "Sequence" is Closed
{
    Variables
        _5ef1bf98_84fe_487c_bb8a_8079780ebfc1_34: Rename
}
43: Activity [1.29] "GetNextFile1" is Closed
{
    Arguments
        ErrorOnTimeout: False
        SubscriptionId: 00000000-0000-0000-0000-000000000000
        Timeout: -00:00:00.0010000
        Rename: True
        OriginalFileName: file.name
        ProcessingFilePath: a:\nother\directory\file.name_temp
        MoveFileToDirectory: a:\nother\directory
        IsImplicitlyCancellable: True
        ProcessingFileName: file.name_temp
        OriginalFilePath: a:\directory\path\file.name
}
44: Activity [1.28] "MainSequence1" is Closed
{
    Variables
        configuration: iCore.Workflow.Activities.Filesystem.FileSystemListenerConfiguration
}
45: Activity [1.24] "TryCatch2" scheduled child activity [1.25] "CloseConnection1"
46: Activity [1.25] "CloseConnection1" is Executing
{
    Arguments
        SubscriptionId: 00000000-0000-0000-0000-000000000000
}
47: CustomTrackingRecord [1.25] "iCPSTraceTrackingRecord"
48: Activity [1.25] "CloseConnection1" is Closed
{
    Arguments
        SubscriptionId: 00000000-0000-0000-0000-000000000000
}
49: Activity [1.24] "TryCatch2" is Closed
50: Activity [1.21] "TryCatch1" is Closed
{
    Variables
        connection: 00000000-0000-0000-0000-000000000000
}
51: Activity [1.1] "Sequence" scheduled child activity [1.2] "OpenIfFileExists1"
52: Activity [1.2] "OpenIfFileExists1" is Executing
{
    Arguments
        Condition: False
}
53: Activity [1.2] "OpenIfFileExists1" scheduled child activity [1.6] "AssignDataNull1"
54: Activity [1.6] "AssignDataNull1" is Executing
{
    Arguments
        Value: System.IO.Stream+NullStream
}
55: Activity [1.6] "AssignDataNull1" is Closed
{
    Arguments
        Value: System.IO.Stream+NullStream
        To: System.IO.Stream+NullStream
}
56: Activity [1.2] "OpenIfFileExists1" is Closed
{
    Arguments
        Condition: False
}
57: Activity [1.1] "Sequence" is Closed
58: Activity [1] "FilesystemListenerExActivity" is Closed
{
    Arguments
        Directory: a:\directory
        FileAccess: Read
        ErrorOnTimeout: False
        FileMode: Open
        Timeout: -00:00:00.0010000
        Filter: *.txt
        Rename: True
        OriginalFileName: file.name
        FileShare: Read
        SettleTime: 00:00:00.5550000
        Data: System.IO.Stream+NullStream
        ProcessingFilePath: a:\nother\directory\file.name_temp
        ScanForFileOnStart: True
        MoveFileToDirectory: a:\nother\directory
        IsImplicitlyCancellable: True
        ProcessingFileName: file.name_temp
        OriginalFilePath: a:\directory\path\file.name
        Recursive: False
        WatchType: Rename
}
59: WorkflowInstance "FilesystemListenerExActivity" is Completed</StdOut>
      </Output>
    </UnitTestResult>
    <UnitTestResult executionId="61b9723d-7461-4c60-be83-5cffb74f97b9" testId="3d945aae-9b91-a829-ec3a-5ae7c71339bb" testName="Invoke_RenameMove_OutArgumentProcessingFileNameIsExpected" computerName="ICSWS068" duration="00:00:00.0119425" startTime="2016-08-04T09:58:41.1887078+02:00" endTime="2016-08-04T09:58:41.2017205+02:00" testType="13cdc9d9-ddb5-4fa4-a97d-d965ccfc6d4b" outcome="Passed" testListId="8c84fa94-04c1-424b-9868-57a2d4851a1d" relativeResultsDirectory="61b9723d-7461-4c60-be83-5cffb74f97b9">
      <Output>
        <StdOut>Debug Trace:
0: WorkflowInstance "FilesystemListenerExActivity" is Started
1: Activity [null] "null" scheduled child activity [1] "FilesystemListenerExActivity"
2: Activity [1] "FilesystemListenerExActivity" is Executing
{
    Arguments
        Directory: a:\directory
        FileAccess: Read
        ErrorOnTimeout: False
        FileMode: Open
        Timeout: -00:00:00.0010000
        Filter: *.txt
        Rename: True
        FileShare: Read
        SettleTime: 00:00:00.5550000
        ScanForFileOnStart: True
        MoveFileToDirectory: a:\nother\directory
        IsImplicitlyCancellable: True
        Recursive: False
        WatchType: Rename
}
3: Activity [1] "FilesystemListenerExActivity" scheduled child activity [1.1] "Sequence"
4: Activity [1.1] "Sequence" is Executing
5: Activity [1.1] "Sequence" scheduled child activity [1.21] "TryCatch1"
6: Activity [1.21] "TryCatch1" is Executing
{
    Variables
        connection: 00000000-0000-0000-0000-000000000000
}
7: Activity [1.21] "TryCatch1" scheduled child activity [1.24] "TryCatch2"
8: Activity [1.24] "TryCatch2" is Executing
9: Activity [1.24] "TryCatch2" scheduled child activity [1.28] "MainSequence1"
10: Activity [1.28] "MainSequence1" is Executing
{
    Variables
        configuration: iCore.Workflow.Activities.Filesystem.FileSystemListenerConfiguration
}
11: Activity [1.28] "MainSequence1" scheduled child activity [1.55] "CreateConfiguration1"
12: Activity [1.55] "CreateConfiguration1" is Executing
{
    Arguments
        Directory: a:\directory
        Filter: *.txt
        SettleTime: 00:00:00.5550000
        ScanForFileOnStart: True
        Recursive: False
        WatchType: Rename
}
13: Activity [1.55] "CreateConfiguration1" is Closed
{
    Arguments
        Directory: a:\directory
        Filter: *.txt
        Result: iCore.Workflow.Activities.Filesystem.FileSystemListenerConfiguration
        SettleTime: 00:00:00.5550000
        ScanForFileOnStart: True
        Recursive: False
        WatchType: Rename
}
14: Activity [1.28] "MainSequence1" scheduled child activity [1.50] "StartFileSystemListener1"
15: Activity [1.50] "StartFileSystemListener1" is Executing
{
    Arguments
        Configuration: iCore.Workflow.Activities.Filesystem.FileSystemListenerConfiguration
}
16: CustomTrackingRecord [1.50] "iCPSTraceTrackingRecord"
17: Activity [1.50] "StartFileSystemListener1" is Closed
{
    Arguments
        Result: 00000000-0000-0000-0000-000000000000
        Configuration: iCore.Workflow.Activities.Filesystem.FileSystemListenerConfiguration
}
18: Activity [1.28] "MainSequence1" scheduled child activity [1.29] "GetNextFile1"
19: Activity [1.29] "GetNextFile1" is Executing
{
    Arguments
        ErrorOnTimeout: False
        SubscriptionId: 00000000-0000-0000-0000-000000000000
        Timeout: -00:00:00.0010000
        Rename: True
        MoveFileToDirectory: a:\nother\directory
        IsImplicitlyCancellable: True
}
20: Activity [1.29] "GetNextFile1" scheduled child activity [1.29.1] "Sequence"
21: Activity [1.29.1] "Sequence" is Executing
{
    Variables
        _5ef1bf98_84fe_487c_bb8a_8079780ebfc1_35: Rename
}
22: Activity [1.29.1] "Sequence" scheduled child activity [1.29.26] "GetNextFile1"
23: Activity [1.29.26] "GetNextFile1" is Executing
{
    Arguments
        ErrorOnTimeout: False
        SubscriptionId: 00000000-0000-0000-0000-000000000000
        Timeout: -00:00:00.0010000
        IsImplicitlyCancellable: True
}
24: CustomTrackingRecord [1.29.26] "iCPSTraceTrackingRecord"
25: WorkflowInstance "FilesystemListenerExActivity" is Idle
26: Bookmark "80eac5f0-76b9-4e45-825d-e8c6508ae570" resumed with payload &lt;iCore.Workflow.Activities.Extensions.ItemSubscriptionEventArgs`1[iCore.Common.Utilities.FileSystemWatcher.FileSystemWatcherFileInfo]&gt; owner [1.29.26] "GetNextFile1"
27: CustomTrackingRecord [1.29.26] "iCPSTraceTrackingRecord"
28: Activity [1.29.26] "GetNextFile1" is Closed
{
    Arguments
        ErrorOnTimeout: False
        SubscriptionId: 00000000-0000-0000-0000-000000000000
        FileName: file.name
        Timeout: -00:00:00.0010000
        FileFullName: a:\directory\path\file.name
        IsImplicitlyCancellable: True
        WatchType: Rename
}
29: Activity [1.29.1] "Sequence" scheduled child activity [1.29.19] "AssignProcessingFileName1"
30: Activity [1.29.19] "AssignProcessingFileName1" is Executing
{
    Arguments
        Value: file.name_temp
}
31: Activity [1.29.19] "AssignProcessingFileName1" is Closed
{
    Arguments
        Value: file.name_temp
        To: file.name_temp
}
32: Activity [1.29.1] "Sequence" scheduled child activity [1.29.11] "AssignProcessingFilePath1"
33: Activity [1.29.11] "AssignProcessingFilePath1" is Executing
{
    Arguments
        Value: a:\nother\directory\file.name_temp
}
34: Activity [1.29.11] "AssignProcessingFilePath1" is Closed
{
    Arguments
        Value: a:\nother\directory\file.name_temp
        To: a:\nother\directory\file.name_temp
}
35: Activity [1.29.1] "Sequence" scheduled child activity [1.29.2] "RenameFileCheck1"
36: Activity [1.29.2] "RenameFileCheck1" is Executing
{
    Arguments
        Condition: True
}
37: Activity [1.29.2] "RenameFileCheck1" scheduled child activity [1.29.6] "RenameFile1"
38: Activity [1.29.6] "RenameFile1" is Executing
{
    Arguments
        NewFilename: a:\nother\directory\file.name_temp
        OldFilename: a:\directory\path\file.name
}
39: WorkflowInstance "FilesystemListenerExActivity" is Idle
40: Activity [1.29.6] "RenameFile1" is Closed
{
    Arguments
        NewFilename: a:\nother\directory\file.name_temp
        OldFilename: a:\directory\path\file.name
}
41: Activity [1.29.2] "RenameFileCheck1" is Closed
{
    Arguments
        Condition: True
}
42: Activity [1.29.1] "Sequence" is Closed
{
    Variables
        _5ef1bf98_84fe_487c_bb8a_8079780ebfc1_36: Rename
}
43: Activity [1.29] "GetNextFile1" is Closed
{
    Arguments
        ErrorOnTimeout: False
        SubscriptionId: 00000000-0000-0000-0000-000000000000
        Timeout: -00:00:00.0010000
        Rename: True
        OriginalFileName: file.name
        ProcessingFilePath: a:\nother\directory\file.name_temp
        MoveFileToDirectory: a:\nother\directory
        IsImplicitlyCancellable: True
        ProcessingFileName: file.name_temp
        OriginalFilePath: a:\directory\path\file.name
}
44: Activity [1.28] "MainSequence1" is Closed
{
    Variables
        configuration: iCore.Workflow.Activities.Filesystem.FileSystemListenerConfiguration
}
45: Activity [1.24] "TryCatch2" scheduled child activity [1.25] "CloseConnection1"
46: Activity [1.25] "CloseConnection1" is Executing
{
    Arguments
        SubscriptionId: 00000000-0000-0000-0000-000000000000
}
47: CustomTrackingRecord [1.25] "iCPSTraceTrackingRecord"
48: Activity [1.25] "CloseConnection1" is Closed
{
    Arguments
        SubscriptionId: 00000000-0000-0000-0000-000000000000
}
49: Activity [1.24] "TryCatch2" is Closed
50: Activity [1.21] "TryCatch1" is Closed
{
    Variables
        connection: 00000000-0000-0000-0000-000000000000
}
51: Activity [1.1] "Sequence" scheduled child activity [1.2] "OpenIfFileExists1"
52: Activity [1.2] "OpenIfFileExists1" is Executing
{
    Arguments
        Condition: False
}
53: Activity [1.2] "OpenIfFileExists1" scheduled child activity [1.6] "AssignDataNull1"
54: Activity [1.6] "AssignDataNull1" is Executing
{
    Arguments
        Value: System.IO.Stream+NullStream
}
55: Activity [1.6] "AssignDataNull1" is Closed
{
    Arguments
        Value: System.IO.Stream+NullStream
        To: System.IO.Stream+NullStream
}
56: Activity [1.2] "OpenIfFileExists1" is Closed
{
    Arguments
        Condition: False
}
57: Activity [1.1] "Sequence" is Closed
58: Activity [1] "FilesystemListenerExActivity" is Closed
{
    Arguments
        Directory: a:\directory
        FileAccess: Read
        ErrorOnTimeout: False
        FileMode: Open
        Timeout: -00:00:00.0010000
        Filter: *.txt
        Rename: True
        OriginalFileName: file.name
        FileShare: Read
        SettleTime: 00:00:00.5550000
        Data: System.IO.Stream+NullStream
        ProcessingFilePath: a:\nother\directory\file.name_temp
        ScanForFileOnStart: True
        MoveFileToDirectory: a:\nother\directory
        IsImplicitlyCancellable: True
        ProcessingFileName: file.name_temp
        OriginalFilePath: a:\directory\path\file.name
        Recursive: False
        WatchType: Rename
}
59: WorkflowInstance "FilesystemListenerExActivity" is Completed</StdOut>
      </Output>
    </UnitTestResult>
    <UnitTestResult executionId="803732f3-fd25-426f-9f50-67b27f4fb171" testId="4e043128-e1af-2d25-c7d8-1125d8f5b1eb" testName="Invoke_RenameMove_OutArgumentProcessingFilePathIsExpected" computerName="ICSWS068" duration="00:00:00.0110994" startTime="2016-08-04T09:58:41.2052172+02:00" endTime="2016-08-04T09:58:41.2177269+02:00" testType="13cdc9d9-ddb5-4fa4-a97d-d965ccfc6d4b" outcome="Passed" testListId="8c84fa94-04c1-424b-9868-57a2d4851a1d" relativeResultsDirectory="803732f3-fd25-426f-9f50-67b27f4fb171">
      <Output>
        <StdOut>Debug Trace:
0: WorkflowInstance "FilesystemListenerExActivity" is Started
1: Activity [null] "null" scheduled child activity [1] "FilesystemListenerExActivity"
2: Activity [1] "FilesystemListenerExActivity" is Executing
{
    Arguments
        Directory: a:\directory
        FileAccess: Read
        ErrorOnTimeout: False
        FileMode: Open
        Timeout: -00:00:00.0010000
        Filter: *.txt
        Rename: True
        FileShare: Read
        SettleTime: 00:00:00.5550000
        ScanForFileOnStart: True
        MoveFileToDirectory: a:\nother\directory
        IsImplicitlyCancellable: True
        Recursive: False
        WatchType: Rename
}
3: Activity [1] "FilesystemListenerExActivity" scheduled child activity [1.1] "Sequence"
4: Activity [1.1] "Sequence" is Executing
5: Activity [1.1] "Sequence" scheduled child activity [1.21] "TryCatch1"
6: Activity [1.21] "TryCatch1" is Executing
{
    Variables
        connection: 00000000-0000-0000-0000-000000000000
}
7: Activity [1.21] "TryCatch1" scheduled child activity [1.24] "TryCatch2"
8: Activity [1.24] "TryCatch2" is Executing
9: Activity [1.24] "TryCatch2" scheduled child activity [1.28] "MainSequence1"
10: Activity [1.28] "MainSequence1" is Executing
{
    Variables
        configuration: iCore.Workflow.Activities.Filesystem.FileSystemListenerConfiguration
}
11: Activity [1.28] "MainSequence1" scheduled child activity [1.55] "CreateConfiguration1"
12: Activity [1.55] "CreateConfiguration1" is Executing
{
    Arguments
        Directory: a:\directory
        Filter: *.txt
        SettleTime: 00:00:00.5550000
        ScanForFileOnStart: True
        Recursive: False
        WatchType: Rename
}
13: Activity [1.55] "CreateConfiguration1" is Closed
{
    Arguments
        Directory: a:\directory
        Filter: *.txt
        Result: iCore.Workflow.Activities.Filesystem.FileSystemListenerConfiguration
        SettleTime: 00:00:00.5550000
        ScanForFileOnStart: True
        Recursive: False
        WatchType: Rename
}
14: Activity [1.28] "MainSequence1" scheduled child activity [1.50] "StartFileSystemListener1"
15: Activity [1.50] "StartFileSystemListener1" is Executing
{
    Arguments
        Configuration: iCore.Workflow.Activities.Filesystem.FileSystemListenerConfiguration
}
16: CustomTrackingRecord [1.50] "iCPSTraceTrackingRecord"
17: Activity [1.50] "StartFileSystemListener1" is Closed
{
    Arguments
        Result: 00000000-0000-0000-0000-000000000000
        Configuration: iCore.Workflow.Activities.Filesystem.FileSystemListenerConfiguration
}
18: Activity [1.28] "MainSequence1" scheduled child activity [1.29] "GetNextFile1"
19: Activity [1.29] "GetNextFile1" is Executing
{
    Arguments
        ErrorOnTimeout: False
        SubscriptionId: 00000000-0000-0000-0000-000000000000
        Timeout: -00:00:00.0010000
        Rename: True
        MoveFileToDirectory: a:\nother\directory
        IsImplicitlyCancellable: True
}
20: Activity [1.29] "GetNextFile1" scheduled child activity [1.29.1] "Sequence"
21: Activity [1.29.1] "Sequence" is Executing
{
    Variables
        _5ef1bf98_84fe_487c_bb8a_8079780ebfc1_37: Rename
}
22: Activity [1.29.1] "Sequence" scheduled child activity [1.29.26] "GetNextFile1"
23: Activity [1.29.26] "GetNextFile1" is Executing
{
    Arguments
        ErrorOnTimeout: False
        SubscriptionId: 00000000-0000-0000-0000-000000000000
        Timeout: -00:00:00.0010000
        IsImplicitlyCancellable: True
}
24: CustomTrackingRecord [1.29.26] "iCPSTraceTrackingRecord"
25: WorkflowInstance "FilesystemListenerExActivity" is Idle
26: Bookmark "8ff67853-8b13-4249-9136-4a9dbee0262b" resumed with payload &lt;iCore.Workflow.Activities.Extensions.ItemSubscriptionEventArgs`1[iCore.Common.Utilities.FileSystemWatcher.FileSystemWatcherFileInfo]&gt; owner [1.29.26] "GetNextFile1"
27: CustomTrackingRecord [1.29.26] "iCPSTraceTrackingRecord"
28: Activity [1.29.26] "GetNextFile1" is Closed
{
    Arguments
        ErrorOnTimeout: False
        SubscriptionId: 00000000-0000-0000-0000-000000000000
        FileName: file.name
        Timeout: -00:00:00.0010000
        FileFullName: a:\directory\path\file.name
        IsImplicitlyCancellable: True
        WatchType: Rename
}
29: Activity [1.29.1] "Sequence" scheduled child activity [1.29.19] "AssignProcessingFileName1"
30: Activity [1.29.19] "AssignProcessingFileName1" is Executing
{
    Arguments
        Value: file.name_temp
}
31: Activity [1.29.19] "AssignProcessingFileName1" is Closed
{
    Arguments
        Value: file.name_temp
        To: file.name_temp
}
32: Activity [1.29.1] "Sequence" scheduled child activity [1.29.11] "AssignProcessingFilePath1"
33: Activity [1.29.11] "AssignProcessingFilePath1" is Executing
{
    Arguments
        Value: a:\nother\directory\file.name_temp
}
34: Activity [1.29.11] "AssignProcessingFilePath1" is Closed
{
    Arguments
        Value: a:\nother\directory\file.name_temp
        To: a:\nother\directory\file.name_temp
}
35: Activity [1.29.1] "Sequence" scheduled child activity [1.29.2] "RenameFileCheck1"
36: Activity [1.29.2] "RenameFileCheck1" is Executing
{
    Arguments
        Condition: True
}
37: Activity [1.29.2] "RenameFileCheck1" scheduled child activity [1.29.6] "RenameFile1"
38: Activity [1.29.6] "RenameFile1" is Executing
{
    Arguments
        NewFilename: a:\nother\directory\file.name_temp
        OldFilename: a:\directory\path\file.name
}
39: WorkflowInstance "FilesystemListenerExActivity" is Idle
40: Activity [1.29.6] "RenameFile1" is Closed
{
    Arguments
        NewFilename: a:\nother\directory\file.name_temp
        OldFilename: a:\directory\path\file.name
}
41: Activity [1.29.2] "RenameFileCheck1" is Closed
{
    Arguments
        Condition: True
}
42: Activity [1.29.1] "Sequence" is Closed
{
    Variables
        _5ef1bf98_84fe_487c_bb8a_8079780ebfc1_38: Rename
}
43: Activity [1.29] "GetNextFile1" is Closed
{
    Arguments
        ErrorOnTimeout: False
        SubscriptionId: 00000000-0000-0000-0000-000000000000
        Timeout: -00:00:00.0010000
        Rename: True
        OriginalFileName: file.name
        ProcessingFilePath: a:\nother\directory\file.name_temp
        MoveFileToDirectory: a:\nother\directory
        IsImplicitlyCancellable: True
        ProcessingFileName: file.name_temp
        OriginalFilePath: a:\directory\path\file.name
}
44: Activity [1.28] "MainSequence1" is Closed
{
    Variables
        configuration: iCore.Workflow.Activities.Filesystem.FileSystemListenerConfiguration
}
45: Activity [1.24] "TryCatch2" scheduled child activity [1.25] "CloseConnection1"
46: Activity [1.25] "CloseConnection1" is Executing
{
    Arguments
        SubscriptionId: 00000000-0000-0000-0000-000000000000
}
47: CustomTrackingRecord [1.25] "iCPSTraceTrackingRecord"
48: Activity [1.25] "CloseConnection1" is Closed
{
    Arguments
        SubscriptionId: 00000000-0000-0000-0000-000000000000
}
49: Activity [1.24] "TryCatch2" is Closed
50: Activity [1.21] "TryCatch1" is Closed
{
    Variables
        connection: 00000000-0000-0000-0000-000000000000
}
51: Activity [1.1] "Sequence" scheduled child activity [1.2] "OpenIfFileExists1"
52: Activity [1.2] "OpenIfFileExists1" is Executing
{
    Arguments
        Condition: False
}
53: Activity [1.2] "OpenIfFileExists1" scheduled child activity [1.6] "AssignDataNull1"
54: Activity [1.6] "AssignDataNull1" is Executing
{
    Arguments
        Value: System.IO.Stream+NullStream
}
55: Activity [1.6] "AssignDataNull1" is Closed
{
    Arguments
        Value: System.IO.Stream+NullStream
        To: System.IO.Stream+NullStream
}
56: Activity [1.2] "OpenIfFileExists1" is Closed
{
    Arguments
        Condition: False
}
57: Activity [1.1] "Sequence" is Closed
58: Activity [1] "FilesystemListenerExActivity" is Closed
{
    Arguments
        Directory: a:\directory
        FileAccess: Read
        ErrorOnTimeout: False
        FileMode: Open
        Timeout: -00:00:00.0010000
        Filter: *.txt
        Rename: True
        OriginalFileName: file.name
        FileShare: Read
        SettleTime: 00:00:00.5550000
        Data: System.IO.Stream+NullStream
        ProcessingFilePath: a:\nother\directory\file.name_temp
        ScanForFileOnStart: True
        MoveFileToDirectory: a:\nother\directory
        IsImplicitlyCancellable: True
        ProcessingFileName: file.name_temp
        OriginalFilePath: a:\directory\path\file.name
        Recursive: False
        WatchType: Rename
}
59: WorkflowInstance "FilesystemListenerExActivity" is Completed</StdOut>
      </Output>
    </UnitTestResult>
    <UnitTestResult executionId="a33ee3e3-3e33-4b01-b15a-336b44421a9c" testId="5eeb0770-6441-2c6f-752e-ffeaca7462ca" testName="Invoke_RenameMove_OutArgumentDataIsExpected" computerName="ICSWS068" duration="00:00:00.0142149" startTime="2016-08-04T09:58:41.2207278+02:00" endTime="2016-08-04T09:58:41.2366084+02:00" testType="13cdc9d9-ddb5-4fa4-a97d-d965ccfc6d4b" outcome="Passed" testListId="8c84fa94-04c1-424b-9868-57a2d4851a1d" relativeResultsDirectory="a33ee3e3-3e33-4b01-b15a-336b44421a9c">
      <Output>
        <StdOut>Debug Trace:
0: WorkflowInstance "FilesystemListenerExActivity" is Started
1: Activity [null] "null" scheduled child activity [1] "FilesystemListenerExActivity"
2: Activity [1] "FilesystemListenerExActivity" is Executing
{
    Arguments
        Directory: a:\directory
        FileAccess: Read
        ErrorOnTimeout: False
        FileMode: Open
        Timeout: -00:00:00.0010000
        Filter: *.txt
        Rename: True
        FileShare: Read
        SettleTime: 00:00:00.5550000
        ScanForFileOnStart: True
        MoveFileToDirectory: a:\nother\directory
        IsImplicitlyCancellable: True
        Recursive: False
        WatchType: Rename
}
3: Activity [1] "FilesystemListenerExActivity" scheduled child activity [1.1] "Sequence"
4: Activity [1.1] "Sequence" is Executing
5: Activity [1.1] "Sequence" scheduled child activity [1.21] "TryCatch1"
6: Activity [1.21] "TryCatch1" is Executing
{
    Variables
        connection: 00000000-0000-0000-0000-000000000000
}
7: Activity [1.21] "TryCatch1" scheduled child activity [1.24] "TryCatch2"
8: Activity [1.24] "TryCatch2" is Executing
9: Activity [1.24] "TryCatch2" scheduled child activity [1.28] "MainSequence1"
10: Activity [1.28] "MainSequence1" is Executing
{
    Variables
        configuration: iCore.Workflow.Activities.Filesystem.FileSystemListenerConfiguration
}
11: Activity [1.28] "MainSequence1" scheduled child activity [1.55] "CreateConfiguration1"
12: Activity [1.55] "CreateConfiguration1" is Executing
{
    Arguments
        Directory: a:\directory
        Filter: *.txt
        SettleTime: 00:00:00.5550000
        ScanForFileOnStart: True
        Recursive: False
        WatchType: Rename
}
13: Activity [1.55] "CreateConfiguration1" is Closed
{
    Arguments
        Directory: a:\directory
        Filter: *.txt
        Result: iCore.Workflow.Activities.Filesystem.FileSystemListenerConfiguration
        SettleTime: 00:00:00.5550000
        ScanForFileOnStart: True
        Recursive: False
        WatchType: Rename
}
14: Activity [1.28] "MainSequence1" scheduled child activity [1.50] "StartFileSystemListener1"
15: Activity [1.50] "StartFileSystemListener1" is Executing
{
    Arguments
        Configuration: iCore.Workflow.Activities.Filesystem.FileSystemListenerConfiguration
}
16: CustomTrackingRecord [1.50] "iCPSTraceTrackingRecord"
17: Activity [1.50] "StartFileSystemListener1" is Closed
{
    Arguments
        Result: 00000000-0000-0000-0000-000000000000
        Configuration: iCore.Workflow.Activities.Filesystem.FileSystemListenerConfiguration
}
18: Activity [1.28] "MainSequence1" scheduled child activity [1.29] "GetNextFile1"
19: Activity [1.29] "GetNextFile1" is Executing
{
    Arguments
        ErrorOnTimeout: False
        SubscriptionId: 00000000-0000-0000-0000-000000000000
        Timeout: -00:00:00.0010000
        Rename: True
        MoveFileToDirectory: a:\nother\directory
        IsImplicitlyCancellable: True
}
20: Activity [1.29] "GetNextFile1" scheduled child activity [1.29.1] "Sequence"
21: Activity [1.29.1] "Sequence" is Executing
{
    Variables
        _5ef1bf98_84fe_487c_bb8a_8079780ebfc1_39: Rename
}
22: Activity [1.29.1] "Sequence" scheduled child activity [1.29.26] "GetNextFile1"
23: Activity [1.29.26] "GetNextFile1" is Executing
{
    Arguments
        ErrorOnTimeout: False
        SubscriptionId: 00000000-0000-0000-0000-000000000000
        Timeout: -00:00:00.0010000
        IsImplicitlyCancellable: True
}
24: CustomTrackingRecord [1.29.26] "iCPSTraceTrackingRecord"
25: WorkflowInstance "FilesystemListenerExActivity" is Idle
26: Bookmark "d15d3821-c26a-4aeb-bf77-b750e6b6d622" resumed with payload &lt;iCore.Workflow.Activities.Extensions.ItemSubscriptionEventArgs`1[iCore.Common.Utilities.FileSystemWatcher.FileSystemWatcherFileInfo]&gt; owner [1.29.26] "GetNextFile1"
27: CustomTrackingRecord [1.29.26] "iCPSTraceTrackingRecord"
28: Activity [1.29.26] "GetNextFile1" is Closed
{
    Arguments
        ErrorOnTimeout: False
        SubscriptionId: 00000000-0000-0000-0000-000000000000
        FileName: file.name
        Timeout: -00:00:00.0010000
        FileFullName: a:\directory\path\file.name
        IsImplicitlyCancellable: True
        WatchType: Rename
}
29: Activity [1.29.1] "Sequence" scheduled child activity [1.29.19] "AssignProcessingFileName1"
30: Activity [1.29.19] "AssignProcessingFileName1" is Executing
{
    Arguments
        Value: file.name_temp
}
31: Activity [1.29.19] "AssignProcessingFileName1" is Closed
{
    Arguments
        Value: file.name_temp
        To: file.name_temp
}
32: Activity [1.29.1] "Sequence" scheduled child activity [1.29.11] "AssignProcessingFilePath1"
33: Activity [1.29.11] "AssignProcessingFilePath1" is Executing
{
    Arguments
        Value: a:\nother\directory\file.name_temp
}
34: Activity [1.29.11] "AssignProcessingFilePath1" is Closed
{
    Arguments
        Value: a:\nother\directory\file.name_temp
        To: a:\nother\directory\file.name_temp
}
35: Activity [1.29.1] "Sequence" scheduled child activity [1.29.2] "RenameFileCheck1"
36: Activity [1.29.2] "RenameFileCheck1" is Executing
{
    Arguments
        Condition: True
}
37: Activity [1.29.2] "RenameFileCheck1" scheduled child activity [1.29.6] "RenameFile1"
38: Activity [1.29.6] "RenameFile1" is Executing
{
    Arguments
        NewFilename: a:\nother\directory\file.name_temp
        OldFilename: a:\directory\path\file.name
}
39: WorkflowInstance "FilesystemListenerExActivity" is Idle
40: Activity [1.29.6] "RenameFile1" is Closed
{
    Arguments
        NewFilename: a:\nother\directory\file.name_temp
        OldFilename: a:\directory\path\file.name
}
41: Activity [1.29.2] "RenameFileCheck1" is Closed
{
    Arguments
        Condition: True
}
42: Activity [1.29.1] "Sequence" is Closed
{
    Variables
        _5ef1bf98_84fe_487c_bb8a_8079780ebfc1_40: Rename
}
43: Activity [1.29] "GetNextFile1" is Closed
{
    Arguments
        ErrorOnTimeout: False
        SubscriptionId: 00000000-0000-0000-0000-000000000000
        Timeout: -00:00:00.0010000
        Rename: True
        OriginalFileName: file.name
        ProcessingFilePath: a:\nother\directory\file.name_temp
        MoveFileToDirectory: a:\nother\directory
        IsImplicitlyCancellable: True
        ProcessingFileName: file.name_temp
        OriginalFilePath: a:\directory\path\file.name
}
44: Activity [1.28] "MainSequence1" is Closed
{
    Variables
        configuration: iCore.Workflow.Activities.Filesystem.FileSystemListenerConfiguration
}
45: Activity [1.24] "TryCatch2" scheduled child activity [1.25] "CloseConnection1"
46: Activity [1.25] "CloseConnection1" is Executing
{
    Arguments
        SubscriptionId: 00000000-0000-0000-0000-000000000000
}
47: CustomTrackingRecord [1.25] "iCPSTraceTrackingRecord"
48: Activity [1.25] "CloseConnection1" is Closed
{
    Arguments
        SubscriptionId: 00000000-0000-0000-0000-000000000000
}
49: Activity [1.24] "TryCatch2" is Closed
50: Activity [1.21] "TryCatch1" is Closed
{
    Variables
        connection: 00000000-0000-0000-0000-000000000000
}
51: Activity [1.1] "Sequence" scheduled child activity [1.2] "OpenIfFileExists1"
52: Activity [1.2] "OpenIfFileExists1" is Executing
{
    Arguments
        Condition: True
}
53: Activity [1.2] "OpenIfFileExists1" scheduled child activity [1.10] "OpenFile1"
54: Activity [1.10] "OpenFile1" is Executing
{
    Arguments
        FileAccess: Read
        FileMode: Open
        FileName: a:\nother\directory\file.name_temp
        FileShare: Read
}
55: WorkflowInstance "FilesystemListenerExActivity" is Idle
56: Activity [1.10] "OpenFile1" is Closed
{
    Arguments
        FileAccess: Read
        FileMode: Open
        FileName: a:\nother\directory\file.name_temp
        Result: System.IO.MemoryStream
        FileShare: Read
}
57: Activity [1.2] "OpenIfFileExists1" is Closed
{
    Arguments
        Condition: True
}
58: Activity [1.1] "Sequence" is Closed
59: Activity [1] "FilesystemListenerExActivity" is Closed
{
    Arguments
        Directory: a:\directory
        FileAccess: Read
        ErrorOnTimeout: False
        FileMode: Open
        Timeout: -00:00:00.0010000
        Filter: *.txt
        Rename: True
        OriginalFileName: file.name
        FileShare: Read
        SettleTime: 00:00:00.5550000
        Data: System.IO.MemoryStream
        ProcessingFilePath: a:\nother\directory\file.name_temp
        ScanForFileOnStart: True
        MoveFileToDirectory: a:\nother\directory
        IsImplicitlyCancellable: True
        ProcessingFileName: file.name_temp
        OriginalFilePath: a:\directory\path\file.name
        Recursive: False
        WatchType: Rename
}
60: WorkflowInstance "FilesystemListenerExActivity" is Completed</StdOut>
      </Output>
    </UnitTestResult>
    <UnitTestResult executionId="44b57ecf-9bd8-432f-8dac-7659e3d84a57" testId="603ebd85-55e0-0888-b0a5-837d149861ea" testName="Invoke_NoRenameMove_OutArgumentOriginalFileNameIsExpected" computerName="ICSWS068" duration="00:00:00.0104944" startTime="2016-08-04T09:58:41.2396110+02:00" endTime="2016-08-04T09:58:41.2510214+02:00" testType="13cdc9d9-ddb5-4fa4-a97d-d965ccfc6d4b" outcome="Passed" testListId="8c84fa94-04c1-424b-9868-57a2d4851a1d" relativeResultsDirectory="44b57ecf-9bd8-432f-8dac-7659e3d84a57">
      <Output>
        <StdOut>Debug Trace:
0: WorkflowInstance "FilesystemListenerExActivity" is Started
1: Activity [null] "null" scheduled child activity [1] "FilesystemListenerExActivity"
2: Activity [1] "FilesystemListenerExActivity" is Executing
{
    Arguments
        Directory: a:\directory
        FileAccess: Read
        ErrorOnTimeout: False
        FileMode: Open
        Timeout: -00:00:00.0010000
        Filter: *.txt
        Rename: False
        FileShare: Read
        SettleTime: 00:00:00.5550000
        ScanForFileOnStart: True
        MoveFileToDirectory: a:\nother\directory
        IsImplicitlyCancellable: True
        Recursive: False
        WatchType: Rename
}
3: Activity [1] "FilesystemListenerExActivity" scheduled child activity [1.1] "Sequence"
4: Activity [1.1] "Sequence" is Executing
5: Activity [1.1] "Sequence" scheduled child activity [1.21] "TryCatch1"
6: Activity [1.21] "TryCatch1" is Executing
{
    Variables
        connection: 00000000-0000-0000-0000-000000000000
}
7: Activity [1.21] "TryCatch1" scheduled child activity [1.24] "TryCatch2"
8: Activity [1.24] "TryCatch2" is Executing
9: Activity [1.24] "TryCatch2" scheduled child activity [1.28] "MainSequence1"
10: Activity [1.28] "MainSequence1" is Executing
{
    Variables
        configuration: iCore.Workflow.Activities.Filesystem.FileSystemListenerConfiguration
}
11: Activity [1.28] "MainSequence1" scheduled child activity [1.55] "CreateConfiguration1"
12: Activity [1.55] "CreateConfiguration1" is Executing
{
    Arguments
        Directory: a:\directory
        Filter: *.txt
        SettleTime: 00:00:00.5550000
        ScanForFileOnStart: True
        Recursive: False
        WatchType: Rename
}
13: Activity [1.55] "CreateConfiguration1" is Closed
{
    Arguments
        Directory: a:\directory
        Filter: *.txt
        Result: iCore.Workflow.Activities.Filesystem.FileSystemListenerConfiguration
        SettleTime: 00:00:00.5550000
        ScanForFileOnStart: True
        Recursive: False
        WatchType: Rename
}
14: Activity [1.28] "MainSequence1" scheduled child activity [1.50] "StartFileSystemListener1"
15: Activity [1.50] "StartFileSystemListener1" is Executing
{
    Arguments
        Configuration: iCore.Workflow.Activities.Filesystem.FileSystemListenerConfiguration
}
16: CustomTrackingRecord [1.50] "iCPSTraceTrackingRecord"
17: Activity [1.50] "StartFileSystemListener1" is Closed
{
    Arguments
        Result: 00000000-0000-0000-0000-000000000000
        Configuration: iCore.Workflow.Activities.Filesystem.FileSystemListenerConfiguration
}
18: Activity [1.28] "MainSequence1" scheduled child activity [1.29] "GetNextFile1"
19: Activity [1.29] "GetNextFile1" is Executing
{
    Arguments
        ErrorOnTimeout: False
        SubscriptionId: 00000000-0000-0000-0000-000000000000
        Timeout: -00:00:00.0010000
        Rename: False
        MoveFileToDirectory: a:\nother\directory
        IsImplicitlyCancellable: True
}
20: Activity [1.29] "GetNextFile1" scheduled child activity [1.29.1] "Sequence"
21: Activity [1.29.1] "Sequence" is Executing
{
    Variables
        _5ef1bf98_84fe_487c_bb8a_8079780ebfc1_41: Rename
}
22: Activity [1.29.1] "Sequence" scheduled child activity [1.29.26] "GetNextFile1"
23: Activity [1.29.26] "GetNextFile1" is Executing
{
    Arguments
        ErrorOnTimeout: False
        SubscriptionId: 00000000-0000-0000-0000-000000000000
        Timeout: -00:00:00.0010000
        IsImplicitlyCancellable: True
}
24: CustomTrackingRecord [1.29.26] "iCPSTraceTrackingRecord"
25: WorkflowInstance "FilesystemListenerExActivity" is Idle
26: Bookmark "c99eab82-2ae4-4cbc-bc8f-dec599f6aa17" resumed with payload &lt;iCore.Workflow.Activities.Extensions.ItemSubscriptionEventArgs`1[iCore.Common.Utilities.FileSystemWatcher.FileSystemWatcherFileInfo]&gt; owner [1.29.26] "GetNextFile1"
27: CustomTrackingRecord [1.29.26] "iCPSTraceTrackingRecord"
28: Activity [1.29.26] "GetNextFile1" is Closed
{
    Arguments
        ErrorOnTimeout: False
        SubscriptionId: 00000000-0000-0000-0000-000000000000
        FileName: file.name
        Timeout: -00:00:00.0010000
        FileFullName: a:\directory\path\file.name
        IsImplicitlyCancellable: True
        WatchType: Rename
}
29: Activity [1.29.1] "Sequence" scheduled child activity [1.29.19] "AssignProcessingFileName1"
30: Activity [1.29.19] "AssignProcessingFileName1" is Executing
{
    Arguments
        Value: file.name
}
31: Activity [1.29.19] "AssignProcessingFileName1" is Closed
{
    Arguments
        Value: file.name
        To: file.name
}
32: Activity [1.29.1] "Sequence" scheduled child activity [1.29.11] "AssignProcessingFilePath1"
33: Activity [1.29.11] "AssignProcessingFilePath1" is Executing
{
    Arguments
        Value: a:\nother\directory\file.name
}
34: Activity [1.29.11] "AssignProcessingFilePath1" is Closed
{
    Arguments
        Value: a:\nother\directory\file.name
        To: a:\nother\directory\file.name
}
35: Activity [1.29.1] "Sequence" scheduled child activity [1.29.2] "RenameFileCheck1"
36: Activity [1.29.2] "RenameFileCheck1" is Executing
{
    Arguments
        Condition: True
}
37: Activity [1.29.2] "RenameFileCheck1" scheduled child activity [1.29.6] "RenameFile1"
38: Activity [1.29.6] "RenameFile1" is Executing
{
    Arguments
        NewFilename: a:\nother\directory\file.name
        OldFilename: a:\directory\path\file.name
}
39: WorkflowInstance "FilesystemListenerExActivity" is Idle
40: Activity [1.29.6] "RenameFile1" is Closed
{
    Arguments
        NewFilename: a:\nother\directory\file.name
        OldFilename: a:\directory\path\file.name
}
41: Activity [1.29.2] "RenameFileCheck1" is Closed
{
    Arguments
        Condition: True
}
42: Activity [1.29.1] "Sequence" is Closed
{
    Variables
        _5ef1bf98_84fe_487c_bb8a_8079780ebfc1_42: Rename
}
43: Activity [1.29] "GetNextFile1" is Closed
{
    Arguments
        ErrorOnTimeout: False
        SubscriptionId: 00000000-0000-0000-0000-000000000000
        Timeout: -00:00:00.0010000
        Rename: False
        OriginalFileName: file.name
        ProcessingFilePath: a:\nother\directory\file.name
        MoveFileToDirectory: a:\nother\directory
        IsImplicitlyCancellable: True
        ProcessingFileName: file.name
        OriginalFilePath: a:\directory\path\file.name
}
44: Activity [1.28] "MainSequence1" is Closed
{
    Variables
        configuration: iCore.Workflow.Activities.Filesystem.FileSystemListenerConfiguration
}
45: Activity [1.24] "TryCatch2" scheduled child activity [1.25] "CloseConnection1"
46: Activity [1.25] "CloseConnection1" is Executing
{
    Arguments
        SubscriptionId: 00000000-0000-0000-0000-000000000000
}
47: CustomTrackingRecord [1.25] "iCPSTraceTrackingRecord"
48: Activity [1.25] "CloseConnection1" is Closed
{
    Arguments
        SubscriptionId: 00000000-0000-0000-0000-000000000000
}
49: Activity [1.24] "TryCatch2" is Closed
50: Activity [1.21] "TryCatch1" is Closed
{
    Variables
        connection: 00000000-0000-0000-0000-000000000000
}
51: Activity [1.1] "Sequence" scheduled child activity [1.2] "OpenIfFileExists1"
52: Activity [1.2] "OpenIfFileExists1" is Executing
{
    Arguments
        Condition: False
}
53: Activity [1.2] "OpenIfFileExists1" scheduled child activity [1.6] "AssignDataNull1"
54: Activity [1.6] "AssignDataNull1" is Executing
{
    Arguments
        Value: System.IO.Stream+NullStream
}
55: Activity [1.6] "AssignDataNull1" is Closed
{
    Arguments
        Value: System.IO.Stream+NullStream
        To: System.IO.Stream+NullStream
}
56: Activity [1.2] "OpenIfFileExists1" is Closed
{
    Arguments
        Condition: False
}
57: Activity [1.1] "Sequence" is Closed
58: Activity [1] "FilesystemListenerExActivity" is Closed
{
    Arguments
        Directory: a:\directory
        FileAccess: Read
        ErrorOnTimeout: False
        FileMode: Open
        Timeout: -00:00:00.0010000
        Filter: *.txt
        Rename: False
        OriginalFileName: file.name
        FileShare: Read
        SettleTime: 00:00:00.5550000
        Data: System.IO.Stream+NullStream
        ProcessingFilePath: a:\nother\directory\file.name
        ScanForFileOnStart: True
        MoveFileToDirectory: a:\nother\directory
        IsImplicitlyCancellable: True
        ProcessingFileName: file.name
        OriginalFilePath: a:\directory\path\file.name
        Recursive: False
        WatchType: Rename
}
59: WorkflowInstance "FilesystemListenerExActivity" is Completed</StdOut>
      </Output>
    </UnitTestResult>
    <UnitTestResult executionId="3c7812c0-d4e4-46a9-b276-f76814c963ce" testId="614ac236-ddd5-8726-da95-e63f7f445619" testName="Invoke_NoRenameMove_OutArgumentOriginalFilePathIsExpected" computerName="ICSWS068" duration="00:00:00.0099208" startTime="2016-08-04T09:58:41.2540263+02:00" endTime="2016-08-04T09:58:41.2650557+02:00" testType="13cdc9d9-ddb5-4fa4-a97d-d965ccfc6d4b" outcome="Passed" testListId="8c84fa94-04c1-424b-9868-57a2d4851a1d" relativeResultsDirectory="3c7812c0-d4e4-46a9-b276-f76814c963ce">
      <Output>
        <StdOut>Debug Trace:
0: WorkflowInstance "FilesystemListenerExActivity" is Started
1: Activity [null] "null" scheduled child activity [1] "FilesystemListenerExActivity"
2: Activity [1] "FilesystemListenerExActivity" is Executing
{
    Arguments
        Directory: a:\directory
        FileAccess: Read
        ErrorOnTimeout: False
        FileMode: Open
        Timeout: -00:00:00.0010000
        Filter: *.txt
        Rename: False
        FileShare: Read
        SettleTime: 00:00:00.5550000
        ScanForFileOnStart: True
        MoveFileToDirectory: a:\nother\directory
        IsImplicitlyCancellable: True
        Recursive: False
        WatchType: Rename
}
3: Activity [1] "FilesystemListenerExActivity" scheduled child activity [1.1] "Sequence"
4: Activity [1.1] "Sequence" is Executing
5: Activity [1.1] "Sequence" scheduled child activity [1.21] "TryCatch1"
6: Activity [1.21] "TryCatch1" is Executing
{
    Variables
        connection: 00000000-0000-0000-0000-000000000000
}
7: Activity [1.21] "TryCatch1" scheduled child activity [1.24] "TryCatch2"
8: Activity [1.24] "TryCatch2" is Executing
9: Activity [1.24] "TryCatch2" scheduled child activity [1.28] "MainSequence1"
10: Activity [1.28] "MainSequence1" is Executing
{
    Variables
        configuration: iCore.Workflow.Activities.Filesystem.FileSystemListenerConfiguration
}
11: Activity [1.28] "MainSequence1" scheduled child activity [1.55] "CreateConfiguration1"
12: Activity [1.55] "CreateConfiguration1" is Executing
{
    Arguments
        Directory: a:\directory
        Filter: *.txt
        SettleTime: 00:00:00.5550000
        ScanForFileOnStart: True
        Recursive: False
        WatchType: Rename
}
13: Activity [1.55] "CreateConfiguration1" is Closed
{
    Arguments
        Directory: a:\directory
        Filter: *.txt
        Result: iCore.Workflow.Activities.Filesystem.FileSystemListenerConfiguration
        SettleTime: 00:00:00.5550000
        ScanForFileOnStart: True
        Recursive: False
        WatchType: Rename
}
14: Activity [1.28] "MainSequence1" scheduled child activity [1.50] "StartFileSystemListener1"
15: Activity [1.50] "StartFileSystemListener1" is Executing
{
    Arguments
        Configuration: iCore.Workflow.Activities.Filesystem.FileSystemListenerConfiguration
}
16: CustomTrackingRecord [1.50] "iCPSTraceTrackingRecord"
17: Activity [1.50] "StartFileSystemListener1" is Closed
{
    Arguments
        Result: 00000000-0000-0000-0000-000000000000
        Configuration: iCore.Workflow.Activities.Filesystem.FileSystemListenerConfiguration
}
18: Activity [1.28] "MainSequence1" scheduled child activity [1.29] "GetNextFile1"
19: Activity [1.29] "GetNextFile1" is Executing
{
    Arguments
        ErrorOnTimeout: False
        SubscriptionId: 00000000-0000-0000-0000-000000000000
        Timeout: -00:00:00.0010000
        Rename: False
        MoveFileToDirectory: a:\nother\directory
        IsImplicitlyCancellable: True
}
20: Activity [1.29] "GetNextFile1" scheduled child activity [1.29.1] "Sequence"
21: Activity [1.29.1] "Sequence" is Executing
{
    Variables
        _5ef1bf98_84fe_487c_bb8a_8079780ebfc1_43: Rename
}
22: Activity [1.29.1] "Sequence" scheduled child activity [1.29.26] "GetNextFile1"
23: Activity [1.29.26] "GetNextFile1" is Executing
{
    Arguments
        ErrorOnTimeout: False
        SubscriptionId: 00000000-0000-0000-0000-000000000000
        Timeout: -00:00:00.0010000
        IsImplicitlyCancellable: True
}
24: CustomTrackingRecord [1.29.26] "iCPSTraceTrackingRecord"
25: WorkflowInstance "FilesystemListenerExActivity" is Idle
26: Bookmark "72cd40ba-33ce-44a3-979e-7b2c06197762" resumed with payload &lt;iCore.Workflow.Activities.Extensions.ItemSubscriptionEventArgs`1[iCore.Common.Utilities.FileSystemWatcher.FileSystemWatcherFileInfo]&gt; owner [1.29.26] "GetNextFile1"
27: CustomTrackingRecord [1.29.26] "iCPSTraceTrackingRecord"
28: Activity [1.29.26] "GetNextFile1" is Closed
{
    Arguments
        ErrorOnTimeout: False
        SubscriptionId: 00000000-0000-0000-0000-000000000000
        FileName: file.name
        Timeout: -00:00:00.0010000
        FileFullName: a:\directory\path\file.name
        IsImplicitlyCancellable: True
        WatchType: Rename
}
29: Activity [1.29.1] "Sequence" scheduled child activity [1.29.19] "AssignProcessingFileName1"
30: Activity [1.29.19] "AssignProcessingFileName1" is Executing
{
    Arguments
        Value: file.name
}
31: Activity [1.29.19] "AssignProcessingFileName1" is Closed
{
    Arguments
        Value: file.name
        To: file.name
}
32: Activity [1.29.1] "Sequence" scheduled child activity [1.29.11] "AssignProcessingFilePath1"
33: Activity [1.29.11] "AssignProcessingFilePath1" is Executing
{
    Arguments
        Value: a:\nother\directory\file.name
}
34: Activity [1.29.11] "AssignProcessingFilePath1" is Closed
{
    Arguments
        Value: a:\nother\directory\file.name
        To: a:\nother\directory\file.name
}
35: Activity [1.29.1] "Sequence" scheduled child activity [1.29.2] "RenameFileCheck1"
36: Activity [1.29.2] "RenameFileCheck1" is Executing
{
    Arguments
        Condition: True
}
37: Activity [1.29.2] "RenameFileCheck1" scheduled child activity [1.29.6] "RenameFile1"
38: Activity [1.29.6] "RenameFile1" is Executing
{
    Arguments
        NewFilename: a:\nother\directory\file.name
        OldFilename: a:\directory\path\file.name
}
39: WorkflowInstance "FilesystemListenerExActivity" is Idle
40: Activity [1.29.6] "RenameFile1" is Closed
{
    Arguments
        NewFilename: a:\nother\directory\file.name
        OldFilename: a:\directory\path\file.name
}
41: Activity [1.29.2] "RenameFileCheck1" is Closed
{
    Arguments
        Condition: True
}
42: Activity [1.29.1] "Sequence" is Closed
{
    Variables
        _5ef1bf98_84fe_487c_bb8a_8079780ebfc1_44: Rename
}
43: Activity [1.29] "GetNextFile1" is Closed
{
    Arguments
        ErrorOnTimeout: False
        SubscriptionId: 00000000-0000-0000-0000-000000000000
        Timeout: -00:00:00.0010000
        Rename: False
        OriginalFileName: file.name
        ProcessingFilePath: a:\nother\directory\file.name
        MoveFileToDirectory: a:\nother\directory
        IsImplicitlyCancellable: True
        ProcessingFileName: file.name
        OriginalFilePath: a:\directory\path\file.name
}
44: Activity [1.28] "MainSequence1" is Closed
{
    Variables
        configuration: iCore.Workflow.Activities.Filesystem.FileSystemListenerConfiguration
}
45: Activity [1.24] "TryCatch2" scheduled child activity [1.25] "CloseConnection1"
46: Activity [1.25] "CloseConnection1" is Executing
{
    Arguments
        SubscriptionId: 00000000-0000-0000-0000-000000000000
}
47: CustomTrackingRecord [1.25] "iCPSTraceTrackingRecord"
48: Activity [1.25] "CloseConnection1" is Closed
{
    Arguments
        SubscriptionId: 00000000-0000-0000-0000-000000000000
}
49: Activity [1.24] "TryCatch2" is Closed
50: Activity [1.21] "TryCatch1" is Closed
{
    Variables
        connection: 00000000-0000-0000-0000-000000000000
}
51: Activity [1.1] "Sequence" scheduled child activity [1.2] "OpenIfFileExists1"
52: Activity [1.2] "OpenIfFileExists1" is Executing
{
    Arguments
        Condition: False
}
53: Activity [1.2] "OpenIfFileExists1" scheduled child activity [1.6] "AssignDataNull1"
54: Activity [1.6] "AssignDataNull1" is Executing
{
    Arguments
        Value: System.IO.Stream+NullStream
}
55: Activity [1.6] "AssignDataNull1" is Closed
{
    Arguments
        Value: System.IO.Stream+NullStream
        To: System.IO.Stream+NullStream
}
56: Activity [1.2] "OpenIfFileExists1" is Closed
{
    Arguments
        Condition: False
}
57: Activity [1.1] "Sequence" is Closed
58: Activity [1] "FilesystemListenerExActivity" is Closed
{
    Arguments
        Directory: a:\directory
        FileAccess: Read
        ErrorOnTimeout: False
        FileMode: Open
        Timeout: -00:00:00.0010000
        Filter: *.txt
        Rename: False
        OriginalFileName: file.name
        FileShare: Read
        SettleTime: 00:00:00.5550000
        Data: System.IO.Stream+NullStream
        ProcessingFilePath: a:\nother\directory\file.name
        ScanForFileOnStart: True
        MoveFileToDirectory: a:\nother\directory
        IsImplicitlyCancellable: True
        ProcessingFileName: file.name
        OriginalFilePath: a:\directory\path\file.name
        Recursive: False
        WatchType: Rename
}
59: WorkflowInstance "FilesystemListenerExActivity" is Completed</StdOut>
      </Output>
    </UnitTestResult>
    <UnitTestResult executionId="8cc59a5b-b261-472f-bd53-a1fc79796a73" testId="fd819aa4-73a1-6a2f-5743-a901f1fc6e41" testName="Invoke_NoRenameMove_OutArgumentProcessingFileNameIsExpected" computerName="ICSWS068" duration="00:00:00.0094994" startTime="2016-08-04T09:58:41.2680399+02:00" endTime="2016-08-04T09:58:41.2790077+02:00" testType="13cdc9d9-ddb5-4fa4-a97d-d965ccfc6d4b" outcome="Passed" testListId="8c84fa94-04c1-424b-9868-57a2d4851a1d" relativeResultsDirectory="8cc59a5b-b261-472f-bd53-a1fc79796a73">
      <Output>
        <StdOut>Debug Trace:
0: WorkflowInstance "FilesystemListenerExActivity" is Started
1: Activity [null] "null" scheduled child activity [1] "FilesystemListenerExActivity"
2: Activity [1] "FilesystemListenerExActivity" is Executing
{
    Arguments
        Directory: a:\directory
        FileAccess: Read
        ErrorOnTimeout: False
        FileMode: Open
        Timeout: -00:00:00.0010000
        Filter: *.txt
        Rename: False
        FileShare: Read
        SettleTime: 00:00:00.5550000
        ScanForFileOnStart: True
        MoveFileToDirectory: a:\nother\directory
        IsImplicitlyCancellable: True
        Recursive: False
        WatchType: Rename
}
3: Activity [1] "FilesystemListenerExActivity" scheduled child activity [1.1] "Sequence"
4: Activity [1.1] "Sequence" is Executing
5: Activity [1.1] "Sequence" scheduled child activity [1.21] "TryCatch1"
6: Activity [1.21] "TryCatch1" is Executing
{
    Variables
        connection: 00000000-0000-0000-0000-000000000000
}
7: Activity [1.21] "TryCatch1" scheduled child activity [1.24] "TryCatch2"
8: Activity [1.24] "TryCatch2" is Executing
9: Activity [1.24] "TryCatch2" scheduled child activity [1.28] "MainSequence1"
10: Activity [1.28] "MainSequence1" is Executing
{
    Variables
        configuration: iCore.Workflow.Activities.Filesystem.FileSystemListenerConfiguration
}
11: Activity [1.28] "MainSequence1" scheduled child activity [1.55] "CreateConfiguration1"
12: Activity [1.55] "CreateConfiguration1" is Executing
{
    Arguments
        Directory: a:\directory
        Filter: *.txt
        SettleTime: 00:00:00.5550000
        ScanForFileOnStart: True
        Recursive: False
        WatchType: Rename
}
13: Activity [1.55] "CreateConfiguration1" is Closed
{
    Arguments
        Directory: a:\directory
        Filter: *.txt
        Result: iCore.Workflow.Activities.Filesystem.FileSystemListenerConfiguration
        SettleTime: 00:00:00.5550000
        ScanForFileOnStart: True
        Recursive: False
        WatchType: Rename
}
14: Activity [1.28] "MainSequence1" scheduled child activity [1.50] "StartFileSystemListener1"
15: Activity [1.50] "StartFileSystemListener1" is Executing
{
    Arguments
        Configuration: iCore.Workflow.Activities.Filesystem.FileSystemListenerConfiguration
}
16: CustomTrackingRecord [1.50] "iCPSTraceTrackingRecord"
17: Activity [1.50] "StartFileSystemListener1" is Closed
{
    Arguments
        Result: 00000000-0000-0000-0000-000000000000
        Configuration: iCore.Workflow.Activities.Filesystem.FileSystemListenerConfiguration
}
18: Activity [1.28] "MainSequence1" scheduled child activity [1.29] "GetNextFile1"
19: Activity [1.29] "GetNextFile1" is Executing
{
    Arguments
        ErrorOnTimeout: False
        SubscriptionId: 00000000-0000-0000-0000-000000000000
        Timeout: -00:00:00.0010000
        Rename: False
        MoveFileToDirectory: a:\nother\directory
        IsImplicitlyCancellable: True
}
20: Activity [1.29] "GetNextFile1" scheduled child activity [1.29.1] "Sequence"
21: Activity [1.29.1] "Sequence" is Executing
{
    Variables
        _5ef1bf98_84fe_487c_bb8a_8079780ebfc1_45: Rename
}
22: Activity [1.29.1] "Sequence" scheduled child activity [1.29.26] "GetNextFile1"
23: Activity [1.29.26] "GetNextFile1" is Executing
{
    Arguments
        ErrorOnTimeout: False
        SubscriptionId: 00000000-0000-0000-0000-000000000000
        Timeout: -00:00:00.0010000
        IsImplicitlyCancellable: True
}
24: CustomTrackingRecord [1.29.26] "iCPSTraceTrackingRecord"
25: WorkflowInstance "FilesystemListenerExActivity" is Idle
26: Bookmark "46eddf68-03ad-4656-8196-323017e483c2" resumed with payload &lt;iCore.Workflow.Activities.Extensions.ItemSubscriptionEventArgs`1[iCore.Common.Utilities.FileSystemWatcher.FileSystemWatcherFileInfo]&gt; owner [1.29.26] "GetNextFile1"
27: CustomTrackingRecord [1.29.26] "iCPSTraceTrackingRecord"
28: Activity [1.29.26] "GetNextFile1" is Closed
{
    Arguments
        ErrorOnTimeout: False
        SubscriptionId: 00000000-0000-0000-0000-000000000000
        FileName: file.name
        Timeout: -00:00:00.0010000
        FileFullName: a:\directory\path\file.name
        IsImplicitlyCancellable: True
        WatchType: Rename
}
29: Activity [1.29.1] "Sequence" scheduled child activity [1.29.19] "AssignProcessingFileName1"
30: Activity [1.29.19] "AssignProcessingFileName1" is Executing
{
    Arguments
        Value: file.name
}
31: Activity [1.29.19] "AssignProcessingFileName1" is Closed
{
    Arguments
        Value: file.name
        To: file.name
}
32: Activity [1.29.1] "Sequence" scheduled child activity [1.29.11] "AssignProcessingFilePath1"
33: Activity [1.29.11] "AssignProcessingFilePath1" is Executing
{
    Arguments
        Value: a:\nother\directory\file.name
}
34: Activity [1.29.11] "AssignProcessingFilePath1" is Closed
{
    Arguments
        Value: a:\nother\directory\file.name
        To: a:\nother\directory\file.name
}
35: Activity [1.29.1] "Sequence" scheduled child activity [1.29.2] "RenameFileCheck1"
36: Activity [1.29.2] "RenameFileCheck1" is Executing
{
    Arguments
        Condition: True
}
37: Activity [1.29.2] "RenameFileCheck1" scheduled child activity [1.29.6] "RenameFile1"
38: Activity [1.29.6] "RenameFile1" is Executing
{
    Arguments
        NewFilename: a:\nother\directory\file.name
        OldFilename: a:\directory\path\file.name
}
39: WorkflowInstance "FilesystemListenerExActivity" is Idle
40: Activity [1.29.6] "RenameFile1" is Closed
{
    Arguments
        NewFilename: a:\nother\directory\file.name
        OldFilename: a:\directory\path\file.name
}
41: Activity [1.29.2] "RenameFileCheck1" is Closed
{
    Arguments
        Condition: True
}
42: Activity [1.29.1] "Sequence" is Closed
{
    Variables
        _5ef1bf98_84fe_487c_bb8a_8079780ebfc1_46: Rename
}
43: Activity [1.29] "GetNextFile1" is Closed
{
    Arguments
        ErrorOnTimeout: False
        SubscriptionId: 00000000-0000-0000-0000-000000000000
        Timeout: -00:00:00.0010000
        Rename: False
        OriginalFileName: file.name
        ProcessingFilePath: a:\nother\directory\file.name
        MoveFileToDirectory: a:\nother\directory
        IsImplicitlyCancellable: True
        ProcessingFileName: file.name
        OriginalFilePath: a:\directory\path\file.name
}
44: Activity [1.28] "MainSequence1" is Closed
{
    Variables
        configuration: iCore.Workflow.Activities.Filesystem.FileSystemListenerConfiguration
}
45: Activity [1.24] "TryCatch2" scheduled child activity [1.25] "CloseConnection1"
46: Activity [1.25] "CloseConnection1" is Executing
{
    Arguments
        SubscriptionId: 00000000-0000-0000-0000-000000000000
}
47: CustomTrackingRecord [1.25] "iCPSTraceTrackingRecord"
48: Activity [1.25] "CloseConnection1" is Closed
{
    Arguments
        SubscriptionId: 00000000-0000-0000-0000-000000000000
}
49: Activity [1.24] "TryCatch2" is Closed
50: Activity [1.21] "TryCatch1" is Closed
{
    Variables
        connection: 00000000-0000-0000-0000-000000000000
}
51: Activity [1.1] "Sequence" scheduled child activity [1.2] "OpenIfFileExists1"
52: Activity [1.2] "OpenIfFileExists1" is Executing
{
    Arguments
        Condition: False
}
53: Activity [1.2] "OpenIfFileExists1" scheduled child activity [1.6] "AssignDataNull1"
54: Activity [1.6] "AssignDataNull1" is Executing
{
    Arguments
        Value: System.IO.Stream+NullStream
}
55: Activity [1.6] "AssignDataNull1" is Closed
{
    Arguments
        Value: System.IO.Stream+NullStream
        To: System.IO.Stream+NullStream
}
56: Activity [1.2] "OpenIfFileExists1" is Closed
{
    Arguments
        Condition: False
}
57: Activity [1.1] "Sequence" is Closed
58: Activity [1] "FilesystemListenerExActivity" is Closed
{
    Arguments
        Directory: a:\directory
        FileAccess: Read
        ErrorOnTimeout: False
        FileMode: Open
        Timeout: -00:00:00.0010000
        Filter: *.txt
        Rename: False
        OriginalFileName: file.name
        FileShare: Read
        SettleTime: 00:00:00.5550000
        Data: System.IO.Stream+NullStream
        ProcessingFilePath: a:\nother\directory\file.name
        ScanForFileOnStart: True
        MoveFileToDirectory: a:\nother\directory
        IsImplicitlyCancellable: True
        ProcessingFileName: file.name
        OriginalFilePath: a:\directory\path\file.name
        Recursive: False
        WatchType: Rename
}
59: WorkflowInstance "FilesystemListenerExActivity" is Completed</StdOut>
      </Output>
    </UnitTestResult>
    <UnitTestResult executionId="e8a0b4bd-121f-4e2c-a683-d7be66f411a2" testId="6e995751-f710-a7ab-eae8-776779e43f86" testName="Invoke_NoRenameMove_OutArgumentProcessingFilePathIsExpected" computerName="ICSWS068" duration="00:00:00.0093282" startTime="2016-08-04T09:58:41.2815209+02:00" endTime="2016-08-04T09:58:41.2920336+02:00" testType="13cdc9d9-ddb5-4fa4-a97d-d965ccfc6d4b" outcome="Passed" testListId="8c84fa94-04c1-424b-9868-57a2d4851a1d" relativeResultsDirectory="e8a0b4bd-121f-4e2c-a683-d7be66f411a2">
      <Output>
        <StdOut>Debug Trace:
0: WorkflowInstance "FilesystemListenerExActivity" is Started
1: Activity [null] "null" scheduled child activity [1] "FilesystemListenerExActivity"
2: Activity [1] "FilesystemListenerExActivity" is Executing
{
    Arguments
        Directory: a:\directory
        FileAccess: Read
        ErrorOnTimeout: False
        FileMode: Open
        Timeout: -00:00:00.0010000
        Filter: *.txt
        Rename: False
        FileShare: Read
        SettleTime: 00:00:00.5550000
        ScanForFileOnStart: True
        MoveFileToDirectory: a:\nother\directory
        IsImplicitlyCancellable: True
        Recursive: False
        WatchType: Rename
}
3: Activity [1] "FilesystemListenerExActivity" scheduled child activity [1.1] "Sequence"
4: Activity [1.1] "Sequence" is Executing
5: Activity [1.1] "Sequence" scheduled child activity [1.21] "TryCatch1"
6: Activity [1.21] "TryCatch1" is Executing
{
    Variables
        connection: 00000000-0000-0000-0000-000000000000
}
7: Activity [1.21] "TryCatch1" scheduled child activity [1.24] "TryCatch2"
8: Activity [1.24] "TryCatch2" is Executing
9: Activity [1.24] "TryCatch2" scheduled child activity [1.28] "MainSequence1"
10: Activity [1.28] "MainSequence1" is Executing
{
    Variables
        configuration: iCore.Workflow.Activities.Filesystem.FileSystemListenerConfiguration
}
11: Activity [1.28] "MainSequence1" scheduled child activity [1.55] "CreateConfiguration1"
12: Activity [1.55] "CreateConfiguration1" is Executing
{
    Arguments
        Directory: a:\directory
        Filter: *.txt
        SettleTime: 00:00:00.5550000
        ScanForFileOnStart: True
        Recursive: False
        WatchType: Rename
}
13: Activity [1.55] "CreateConfiguration1" is Closed
{
    Arguments
        Directory: a:\directory
        Filter: *.txt
        Result: iCore.Workflow.Activities.Filesystem.FileSystemListenerConfiguration
        SettleTime: 00:00:00.5550000
        ScanForFileOnStart: True
        Recursive: False
        WatchType: Rename
}
14: Activity [1.28] "MainSequence1" scheduled child activity [1.50] "StartFileSystemListener1"
15: Activity [1.50] "StartFileSystemListener1" is Executing
{
    Arguments
        Configuration: iCore.Workflow.Activities.Filesystem.FileSystemListenerConfiguration
}
16: CustomTrackingRecord [1.50] "iCPSTraceTrackingRecord"
17: Activity [1.50] "StartFileSystemListener1" is Closed
{
    Arguments
        Result: 00000000-0000-0000-0000-000000000000
        Configuration: iCore.Workflow.Activities.Filesystem.FileSystemListenerConfiguration
}
18: Activity [1.28] "MainSequence1" scheduled child activity [1.29] "GetNextFile1"
19: Activity [1.29] "GetNextFile1" is Executing
{
    Arguments
        ErrorOnTimeout: False
        SubscriptionId: 00000000-0000-0000-0000-000000000000
        Timeout: -00:00:00.0010000
        Rename: False
        MoveFileToDirectory: a:\nother\directory
        IsImplicitlyCancellable: True
}
20: Activity [1.29] "GetNextFile1" scheduled child activity [1.29.1] "Sequence"
21: Activity [1.29.1] "Sequence" is Executing
{
    Variables
        _5ef1bf98_84fe_487c_bb8a_8079780ebfc1_47: Rename
}
22: Activity [1.29.1] "Sequence" scheduled child activity [1.29.26] "GetNextFile1"
23: Activity [1.29.26] "GetNextFile1" is Executing
{
    Arguments
        ErrorOnTimeout: False
        SubscriptionId: 00000000-0000-0000-0000-000000000000
        Timeout: -00:00:00.0010000
        IsImplicitlyCancellable: True
}
24: CustomTrackingRecord [1.29.26] "iCPSTraceTrackingRecord"
25: WorkflowInstance "FilesystemListenerExActivity" is Idle
26: Bookmark "d6618c6b-9b0b-428d-b922-307c0f68973b" resumed with payload &lt;iCore.Workflow.Activities.Extensions.ItemSubscriptionEventArgs`1[iCore.Common.Utilities.FileSystemWatcher.FileSystemWatcherFileInfo]&gt; owner [1.29.26] "GetNextFile1"
27: CustomTrackingRecord [1.29.26] "iCPSTraceTrackingRecord"
28: Activity [1.29.26] "GetNextFile1" is Closed
{
    Arguments
        ErrorOnTimeout: False
        SubscriptionId: 00000000-0000-0000-0000-000000000000
        FileName: file.name
        Timeout: -00:00:00.0010000
        FileFullName: a:\directory\path\file.name
        IsImplicitlyCancellable: True
        WatchType: Rename
}
29: Activity [1.29.1] "Sequence" scheduled child activity [1.29.19] "AssignProcessingFileName1"
30: Activity [1.29.19] "AssignProcessingFileName1" is Executing
{
    Arguments
        Value: file.name
}
31: Activity [1.29.19] "AssignProcessingFileName1" is Closed
{
    Arguments
        Value: file.name
        To: file.name
}
32: Activity [1.29.1] "Sequence" scheduled child activity [1.29.11] "AssignProcessingFilePath1"
33: Activity [1.29.11] "AssignProcessingFilePath1" is Executing
{
    Arguments
        Value: a:\nother\directory\file.name
}
34: Activity [1.29.11] "AssignProcessingFilePath1" is Closed
{
    Arguments
        Value: a:\nother\directory\file.name
        To: a:\nother\directory\file.name
}
35: Activity [1.29.1] "Sequence" scheduled child activity [1.29.2] "RenameFileCheck1"
36: Activity [1.29.2] "RenameFileCheck1" is Executing
{
    Arguments
        Condition: True
}
37: Activity [1.29.2] "RenameFileCheck1" scheduled child activity [1.29.6] "RenameFile1"
38: Activity [1.29.6] "RenameFile1" is Executing
{
    Arguments
        NewFilename: a:\nother\directory\file.name
        OldFilename: a:\directory\path\file.name
}
39: WorkflowInstance "FilesystemListenerExActivity" is Idle
40: Activity [1.29.6] "RenameFile1" is Closed
{
    Arguments
        NewFilename: a:\nother\directory\file.name
        OldFilename: a:\directory\path\file.name
}
41: Activity [1.29.2] "RenameFileCheck1" is Closed
{
    Arguments
        Condition: True
}
42: Activity [1.29.1] "Sequence" is Closed
{
    Variables
        _5ef1bf98_84fe_487c_bb8a_8079780ebfc1_48: Rename
}
43: Activity [1.29] "GetNextFile1" is Closed
{
    Arguments
        ErrorOnTimeout: False
        SubscriptionId: 00000000-0000-0000-0000-000000000000
        Timeout: -00:00:00.0010000
        Rename: False
        OriginalFileName: file.name
        ProcessingFilePath: a:\nother\directory\file.name
        MoveFileToDirectory: a:\nother\directory
        IsImplicitlyCancellable: True
        ProcessingFileName: file.name
        OriginalFilePath: a:\directory\path\file.name
}
44: Activity [1.28] "MainSequence1" is Closed
{
    Variables
        configuration: iCore.Workflow.Activities.Filesystem.FileSystemListenerConfiguration
}
45: Activity [1.24] "TryCatch2" scheduled child activity [1.25] "CloseConnection1"
46: Activity [1.25] "CloseConnection1" is Executing
{
    Arguments
        SubscriptionId: 00000000-0000-0000-0000-000000000000
}
47: CustomTrackingRecord [1.25] "iCPSTraceTrackingRecord"
48: Activity [1.25] "CloseConnection1" is Closed
{
    Arguments
        SubscriptionId: 00000000-0000-0000-0000-000000000000
}
49: Activity [1.24] "TryCatch2" is Closed
50: Activity [1.21] "TryCatch1" is Closed
{
    Variables
        connection: 00000000-0000-0000-0000-000000000000
}
51: Activity [1.1] "Sequence" scheduled child activity [1.2] "OpenIfFileExists1"
52: Activity [1.2] "OpenIfFileExists1" is Executing
{
    Arguments
        Condition: False
}
53: Activity [1.2] "OpenIfFileExists1" scheduled child activity [1.6] "AssignDataNull1"
54: Activity [1.6] "AssignDataNull1" is Executing
{
    Arguments
        Value: System.IO.Stream+NullStream
}
55: Activity [1.6] "AssignDataNull1" is Closed
{
    Arguments
        Value: System.IO.Stream+NullStream
        To: System.IO.Stream+NullStream
}
56: Activity [1.2] "OpenIfFileExists1" is Closed
{
    Arguments
        Condition: False
}
57: Activity [1.1] "Sequence" is Closed
58: Activity [1] "FilesystemListenerExActivity" is Closed
{
    Arguments
        Directory: a:\directory
        FileAccess: Read
        ErrorOnTimeout: False
        FileMode: Open
        Timeout: -00:00:00.0010000
        Filter: *.txt
        Rename: False
        OriginalFileName: file.name
        FileShare: Read
        SettleTime: 00:00:00.5550000
        Data: System.IO.Stream+NullStream
        ProcessingFilePath: a:\nother\directory\file.name
        ScanForFileOnStart: True
        MoveFileToDirectory: a:\nother\directory
        IsImplicitlyCancellable: True
        ProcessingFileName: file.name
        OriginalFilePath: a:\directory\path\file.name
        Recursive: False
        WatchType: Rename
}
59: WorkflowInstance "FilesystemListenerExActivity" is Completed</StdOut>
      </Output>
    </UnitTestResult>
    <UnitTestResult executionId="23b2c0ff-0641-4b00-9a96-4fcc4ea80afe" testId="982a0d40-b083-38fe-00f9-9c8f6e4945fa" testName="Invoke_NoRenameMove_OutArgumentDataIsExpected" computerName="ICSWS068" duration="00:00:00.0141345" startTime="2016-08-04T09:58:41.2952775+02:00" endTime="2016-08-04T09:58:41.3112371+02:00" testType="13cdc9d9-ddb5-4fa4-a97d-d965ccfc6d4b" outcome="Passed" testListId="8c84fa94-04c1-424b-9868-57a2d4851a1d" relativeResultsDirectory="23b2c0ff-0641-4b00-9a96-4fcc4ea80afe">
      <Output>
        <StdOut>Debug Trace:
0: WorkflowInstance "FilesystemListenerExActivity" is Started
1: Activity [null] "null" scheduled child activity [1] "FilesystemListenerExActivity"
2: Activity [1] "FilesystemListenerExActivity" is Executing
{
    Arguments
        Directory: a:\directory
        FileAccess: Read
        ErrorOnTimeout: False
        FileMode: Open
        Timeout: -00:00:00.0010000
        Filter: *.txt
        Rename: False
        FileShare: Read
        SettleTime: 00:00:00.5550000
        ScanForFileOnStart: True
        MoveFileToDirectory: a:\nother\directory
        IsImplicitlyCancellable: True
        Recursive: False
        WatchType: Rename
}
3: Activity [1] "FilesystemListenerExActivity" scheduled child activity [1.1] "Sequence"
4: Activity [1.1] "Sequence" is Executing
5: Activity [1.1] "Sequence" scheduled child activity [1.21] "TryCatch1"
6: Activity [1.21] "TryCatch1" is Executing
{
    Variables
        connection: 00000000-0000-0000-0000-000000000000
}
7: Activity [1.21] "TryCatch1" scheduled child activity [1.24] "TryCatch2"
8: Activity [1.24] "TryCatch2" is Executing
9: Activity [1.24] "TryCatch2" scheduled child activity [1.28] "MainSequence1"
10: Activity [1.28] "MainSequence1" is Executing
{
    Variables
        configuration: iCore.Workflow.Activities.Filesystem.FileSystemListenerConfiguration
}
11: Activity [1.28] "MainSequence1" scheduled child activity [1.55] "CreateConfiguration1"
12: Activity [1.55] "CreateConfiguration1" is Executing
{
    Arguments
        Directory: a:\directory
        Filter: *.txt
        SettleTime: 00:00:00.5550000
        ScanForFileOnStart: True
        Recursive: False
        WatchType: Rename
}
13: Activity [1.55] "CreateConfiguration1" is Closed
{
    Arguments
        Directory: a:\directory
        Filter: *.txt
        Result: iCore.Workflow.Activities.Filesystem.FileSystemListenerConfiguration
        SettleTime: 00:00:00.5550000
        ScanForFileOnStart: True
        Recursive: False
        WatchType: Rename
}
14: Activity [1.28] "MainSequence1" scheduled child activity [1.50] "StartFileSystemListener1"
15: Activity [1.50] "StartFileSystemListener1" is Executing
{
    Arguments
        Configuration: iCore.Workflow.Activities.Filesystem.FileSystemListenerConfiguration
}
16: CustomTrackingRecord [1.50] "iCPSTraceTrackingRecord"
17: Activity [1.50] "StartFileSystemListener1" is Closed
{
    Arguments
        Result: 00000000-0000-0000-0000-000000000000
        Configuration: iCore.Workflow.Activities.Filesystem.FileSystemListenerConfiguration
}
18: Activity [1.28] "MainSequence1" scheduled child activity [1.29] "GetNextFile1"
19: Activity [1.29] "GetNextFile1" is Executing
{
    Arguments
        ErrorOnTimeout: False
        SubscriptionId: 00000000-0000-0000-0000-000000000000
        Timeout: -00:00:00.0010000
        Rename: False
        MoveFileToDirectory: a:\nother\directory
        IsImplicitlyCancellable: True
}
20: Activity [1.29] "GetNextFile1" scheduled child activity [1.29.1] "Sequence"
21: Activity [1.29.1] "Sequence" is Executing
{
    Variables
        _5ef1bf98_84fe_487c_bb8a_8079780ebfc1_49: Rename
}
22: Activity [1.29.1] "Sequence" scheduled child activity [1.29.26] "GetNextFile1"
23: Activity [1.29.26] "GetNextFile1" is Executing
{
    Arguments
        ErrorOnTimeout: False
        SubscriptionId: 00000000-0000-0000-0000-000000000000
        Timeout: -00:00:00.0010000
        IsImplicitlyCancellable: True
}
24: CustomTrackingRecord [1.29.26] "iCPSTraceTrackingRecord"
25: WorkflowInstance "FilesystemListenerExActivity" is Idle
26: Bookmark "f128c675-0068-4225-aa57-a8a1d2b9fb63" resumed with payload &lt;iCore.Workflow.Activities.Extensions.ItemSubscriptionEventArgs`1[iCore.Common.Utilities.FileSystemWatcher.FileSystemWatcherFileInfo]&gt; owner [1.29.26] "GetNextFile1"
27: CustomTrackingRecord [1.29.26] "iCPSTraceTrackingRecord"
28: Activity [1.29.26] "GetNextFile1" is Closed
{
    Arguments
        ErrorOnTimeout: False
        SubscriptionId: 00000000-0000-0000-0000-000000000000
        FileName: file.name
        Timeout: -00:00:00.0010000
        FileFullName: a:\directory\path\file.name
        IsImplicitlyCancellable: True
        WatchType: Rename
}
29: Activity [1.29.1] "Sequence" scheduled child activity [1.29.19] "AssignProcessingFileName1"
30: Activity [1.29.19] "AssignProcessingFileName1" is Executing
{
    Arguments
        Value: file.name
}
31: Activity [1.29.19] "AssignProcessingFileName1" is Closed
{
    Arguments
        Value: file.name
        To: file.name
}
32: Activity [1.29.1] "Sequence" scheduled child activity [1.29.11] "AssignProcessingFilePath1"
33: Activity [1.29.11] "AssignProcessingFilePath1" is Executing
{
    Arguments
        Value: a:\nother\directory\file.name
}
34: Activity [1.29.11] "AssignProcessingFilePath1" is Closed
{
    Arguments
        Value: a:\nother\directory\file.name
        To: a:\nother\directory\file.name
}
35: Activity [1.29.1] "Sequence" scheduled child activity [1.29.2] "RenameFileCheck1"
36: Activity [1.29.2] "RenameFileCheck1" is Executing
{
    Arguments
        Condition: True
}
37: Activity [1.29.2] "RenameFileCheck1" scheduled child activity [1.29.6] "RenameFile1"
38: Activity [1.29.6] "RenameFile1" is Executing
{
    Arguments
        NewFilename: a:\nother\directory\file.name
        OldFilename: a:\directory\path\file.name
}
39: WorkflowInstance "FilesystemListenerExActivity" is Idle
40: Activity [1.29.6] "RenameFile1" is Closed
{
    Arguments
        NewFilename: a:\nother\directory\file.name
        OldFilename: a:\directory\path\file.name
}
41: Activity [1.29.2] "RenameFileCheck1" is Closed
{
    Arguments
        Condition: True
}
42: Activity [1.29.1] "Sequence" is Closed
{
    Variables
        _5ef1bf98_84fe_487c_bb8a_8079780ebfc1_50: Rename
}
43: Activity [1.29] "GetNextFile1" is Closed
{
    Arguments
        ErrorOnTimeout: False
        SubscriptionId: 00000000-0000-0000-0000-000000000000
        Timeout: -00:00:00.0010000
        Rename: False
        OriginalFileName: file.name
        ProcessingFilePath: a:\nother\directory\file.name
        MoveFileToDirectory: a:\nother\directory
        IsImplicitlyCancellable: True
        ProcessingFileName: file.name
        OriginalFilePath: a:\directory\path\file.name
}
44: Activity [1.28] "MainSequence1" is Closed
{
    Variables
        configuration: iCore.Workflow.Activities.Filesystem.FileSystemListenerConfiguration
}
45: Activity [1.24] "TryCatch2" scheduled child activity [1.25] "CloseConnection1"
46: Activity [1.25] "CloseConnection1" is Executing
{
    Arguments
        SubscriptionId: 00000000-0000-0000-0000-000000000000
}
47: CustomTrackingRecord [1.25] "iCPSTraceTrackingRecord"
48: Activity [1.25] "CloseConnection1" is Closed
{
    Arguments
        SubscriptionId: 00000000-0000-0000-0000-000000000000
}
49: Activity [1.24] "TryCatch2" is Closed
50: Activity [1.21] "TryCatch1" is Closed
{
    Variables
        connection: 00000000-0000-0000-0000-000000000000
}
51: Activity [1.1] "Sequence" scheduled child activity [1.2] "OpenIfFileExists1"
52: Activity [1.2] "OpenIfFileExists1" is Executing
{
    Arguments
        Condition: True
}
53: Activity [1.2] "OpenIfFileExists1" scheduled child activity [1.10] "OpenFile1"
54: Activity [1.10] "OpenFile1" is Executing
{
    Arguments
        FileAccess: Read
        FileMode: Open
        FileName: a:\nother\directory\file.name
        FileShare: Read
}
55: WorkflowInstance "FilesystemListenerExActivity" is Idle
56: Activity [1.10] "OpenFile1" is Closed
{
    Arguments
        FileAccess: Read
        FileMode: Open
        FileName: a:\nother\directory\file.name
        Result: System.IO.MemoryStream
        FileShare: Read
}
57: Activity [1.2] "OpenIfFileExists1" is Closed
{
    Arguments
        Condition: True
}
58: Activity [1.1] "Sequence" is Closed
59: Activity [1] "FilesystemListenerExActivity" is Closed
{
    Arguments
        Directory: a:\directory
        FileAccess: Read
        ErrorOnTimeout: False
        FileMode: Open
        Timeout: -00:00:00.0010000
        Filter: *.txt
        Rename: False
        OriginalFileName: file.name
        FileShare: Read
        SettleTime: 00:00:00.5550000
        Data: System.IO.MemoryStream
        ProcessingFilePath: a:\nother\directory\file.name
        ScanForFileOnStart: True
        MoveFileToDirectory: a:\nother\directory
        IsImplicitlyCancellable: True
        ProcessingFileName: file.name
        OriginalFilePath: a:\directory\path\file.name
        Recursive: False
        WatchType: Rename
}
60: WorkflowInstance "FilesystemListenerExActivity" is Completed</StdOut>
      </Output>
    </UnitTestResult>
    <UnitTestResult executionId="42e8ad83-e029-4d19-a549-c92d28c5ee52" testId="c63c2693-2d20-20aa-b5eb-d964e9c4eabd" testName="Invoke_NoRenameNoMoveNoErrorOnTimeoutNoFileFound_OutArgumentProcessingFileNameIsNull" computerName="ICSWS068" duration="00:00:00.0098100" startTime="2016-08-04T09:58:41.3147394+02:00" endTime="2016-08-04T09:58:41.3257480+02:00" testType="13cdc9d9-ddb5-4fa4-a97d-d965ccfc6d4b" outcome="Passed" testListId="8c84fa94-04c1-424b-9868-57a2d4851a1d" relativeResultsDirectory="42e8ad83-e029-4d19-a549-c92d28c5ee52">
      <Output>
        <StdOut>Debug Trace:
0: WorkflowInstance "FilesystemListenerExActivity" is Started
1: Activity [null] "null" scheduled child activity [1] "FilesystemListenerExActivity"
2: Activity [1] "FilesystemListenerExActivity" is Executing
{
    Arguments
        Directory: a:\directory
        FileAccess: Read
        ErrorOnTimeout: False
        FileMode: Open
        Timeout: -00:00:00.0010000
        Filter: *.txt
        Rename: False
        FileShare: Read
        SettleTime: 00:00:00.5550000
        ScanForFileOnStart: True
        MoveFileToDirectory: 
        IsImplicitlyCancellable: True
        Recursive: False
        WatchType: Rename
}
3: Activity [1] "FilesystemListenerExActivity" scheduled child activity [1.1] "Sequence"
4: Activity [1.1] "Sequence" is Executing
5: Activity [1.1] "Sequence" scheduled child activity [1.21] "TryCatch1"
6: Activity [1.21] "TryCatch1" is Executing
{
    Variables
        connection: 00000000-0000-0000-0000-000000000000
}
7: Activity [1.21] "TryCatch1" scheduled child activity [1.24] "TryCatch2"
8: Activity [1.24] "TryCatch2" is Executing
9: Activity [1.24] "TryCatch2" scheduled child activity [1.28] "MainSequence1"
10: Activity [1.28] "MainSequence1" is Executing
{
    Variables
        configuration: iCore.Workflow.Activities.Filesystem.FileSystemListenerConfiguration
}
11: Activity [1.28] "MainSequence1" scheduled child activity [1.55] "CreateConfiguration1"
12: Activity [1.55] "CreateConfiguration1" is Executing
{
    Arguments
        Directory: a:\directory
        Filter: *.txt
        SettleTime: 00:00:00.5550000
        ScanForFileOnStart: True
        Recursive: False
        WatchType: Rename
}
13: Activity [1.55] "CreateConfiguration1" is Closed
{
    Arguments
        Directory: a:\directory
        Filter: *.txt
        Result: iCore.Workflow.Activities.Filesystem.FileSystemListenerConfiguration
        SettleTime: 00:00:00.5550000
        ScanForFileOnStart: True
        Recursive: False
        WatchType: Rename
}
14: Activity [1.28] "MainSequence1" scheduled child activity [1.50] "StartFileSystemListener1"
15: Activity [1.50] "StartFileSystemListener1" is Executing
{
    Arguments
        Configuration: iCore.Workflow.Activities.Filesystem.FileSystemListenerConfiguration
}
16: CustomTrackingRecord [1.50] "iCPSTraceTrackingRecord"
17: Activity [1.50] "StartFileSystemListener1" is Closed
{
    Arguments
        Result: 00000000-0000-0000-0000-000000000000
        Configuration: iCore.Workflow.Activities.Filesystem.FileSystemListenerConfiguration
}
18: Activity [1.28] "MainSequence1" scheduled child activity [1.29] "GetNextFile1"
19: Activity [1.29] "GetNextFile1" is Executing
{
    Arguments
        ErrorOnTimeout: False
        SubscriptionId: 00000000-0000-0000-0000-000000000000
        Timeout: -00:00:00.0010000
        Rename: False
        MoveFileToDirectory: 
        IsImplicitlyCancellable: True
}
20: Activity [1.29] "GetNextFile1" scheduled child activity [1.29.1] "Sequence"
21: Activity [1.29.1] "Sequence" is Executing
{
    Variables
        _5ef1bf98_84fe_487c_bb8a_8079780ebfc1_51: 0
}
22: Activity [1.29.1] "Sequence" scheduled child activity [1.29.26] "GetNextFile1"
23: Activity [1.29.26] "GetNextFile1" is Executing
{
    Arguments
        ErrorOnTimeout: False
        SubscriptionId: 00000000-0000-0000-0000-000000000000
        Timeout: -00:00:00.0010000
        IsImplicitlyCancellable: True
}
24: CustomTrackingRecord [1.29.26] "iCPSTraceTrackingRecord"
25: WorkflowInstance "FilesystemListenerExActivity" is Idle
26: Bookmark "2258b3a6-499b-4982-a270-c64bd2bd337b" resumed with payload &lt;iCore.Workflow.Activities.Extensions.ItemSubscriptionEventArgs`1[iCore.Common.Utilities.FileSystemWatcher.FileSystemWatcherFileInfo]&gt; owner [1.29.26] "GetNextFile1"
27: CustomTrackingRecord [1.29.26] "iCPSTraceTrackingRecord"
28: Activity [1.29.26] "GetNextFile1" is Closed
{
    Arguments
        ErrorOnTimeout: False
        SubscriptionId: 00000000-0000-0000-0000-000000000000
        FileName: 
        Timeout: -00:00:00.0010000
        FileFullName: 
        IsImplicitlyCancellable: True
        WatchType: 0
}
29: Activity [1.29.1] "Sequence" scheduled child activity [1.29.19] "AssignProcessingFileName1"
30: Activity [1.29.19] "AssignProcessingFileName1" is Executing
{
    Arguments
        Value: 
}
31: Activity [1.29.19] "AssignProcessingFileName1" is Closed
{
    Arguments
        Value: 
        To: 
}
32: Activity [1.29.1] "Sequence" scheduled child activity [1.29.11] "AssignProcessingFilePath1"
33: Activity [1.29.11] "AssignProcessingFilePath1" is Executing
{
    Arguments
        Value: 
}
34: Activity [1.29.11] "AssignProcessingFilePath1" is Closed
{
    Arguments
        Value: 
        To: 
}
35: Activity [1.29.1] "Sequence" scheduled child activity [1.29.2] "RenameFileCheck1"
36: Activity [1.29.2] "RenameFileCheck1" is Executing
{
    Arguments
        Condition: False
}
37: Activity [1.29.2] "RenameFileCheck1" is Closed
{
    Arguments
        Condition: False
}
38: Activity [1.29.1] "Sequence" is Closed
{
    Variables
        _5ef1bf98_84fe_487c_bb8a_8079780ebfc1_52: 0
}
39: Activity [1.29] "GetNextFile1" is Closed
{
    Arguments
        ErrorOnTimeout: False
        SubscriptionId: 00000000-0000-0000-0000-000000000000
        Timeout: -00:00:00.0010000
        Rename: False
        OriginalFileName: 
        ProcessingFilePath: 
        MoveFileToDirectory: 
        IsImplicitlyCancellable: True
        ProcessingFileName: 
        OriginalFilePath: 
}
40: Activity [1.28] "MainSequence1" is Closed
{
    Variables
        configuration: iCore.Workflow.Activities.Filesystem.FileSystemListenerConfiguration
}
41: Activity [1.24] "TryCatch2" scheduled child activity [1.25] "CloseConnection1"
42: Activity [1.25] "CloseConnection1" is Executing
{
    Arguments
        SubscriptionId: 00000000-0000-0000-0000-000000000000
}
43: CustomTrackingRecord [1.25] "iCPSTraceTrackingRecord"
44: Activity [1.25] "CloseConnection1" is Closed
{
    Arguments
        SubscriptionId: 00000000-0000-0000-0000-000000000000
}
45: Activity [1.24] "TryCatch2" is Closed
46: Activity [1.21] "TryCatch1" is Closed
{
    Variables
        connection: 00000000-0000-0000-0000-000000000000
}
47: Activity [1.1] "Sequence" scheduled child activity [1.2] "OpenIfFileExists1"
48: Activity [1.2] "OpenIfFileExists1" is Executing
{
    Arguments
        Condition: False
}
49: Activity [1.2] "OpenIfFileExists1" scheduled child activity [1.6] "AssignDataNull1"
50: Activity [1.6] "AssignDataNull1" is Executing
{
    Arguments
        Value: System.IO.Stream+NullStream
}
51: Activity [1.6] "AssignDataNull1" is Closed
{
    Arguments
        Value: System.IO.Stream+NullStream
        To: System.IO.Stream+NullStream
}
52: Activity [1.2] "OpenIfFileExists1" is Closed
{
    Arguments
        Condition: False
}
53: Activity [1.1] "Sequence" is Closed
54: Activity [1] "FilesystemListenerExActivity" is Closed
{
    Arguments
        Directory: a:\directory
        FileAccess: Read
        ErrorOnTimeout: False
        FileMode: Open
        Timeout: -00:00:00.0010000
        Filter: *.txt
        Rename: False
        OriginalFileName: 
        FileShare: Read
        SettleTime: 00:00:00.5550000
        Data: System.IO.Stream+NullStream
        ProcessingFilePath: 
        ScanForFileOnStart: True
        MoveFileToDirectory: 
        IsImplicitlyCancellable: True
        ProcessingFileName: 
        OriginalFilePath: 
        Recursive: False
        WatchType: Rename
}
55: WorkflowInstance "FilesystemListenerExActivity" is Completed</StdOut>
      </Output>
    </UnitTestResult>
    <UnitTestResult executionId="5871a1f8-34f9-42e4-8024-857508df880a" testId="4114f1f2-3b49-61d2-2878-c38e60b32af2" testName="Invoke_NoRenameNoMoveNoErrorOnTimeoutNoFileFound_OutArgumentProcessingFilePathIsNull" computerName="ICSWS068" duration="00:00:00.0100311" startTime="2016-08-04T09:58:41.3292505+02:00" endTime="2016-08-04T09:58:41.3407457+02:00" testType="13cdc9d9-ddb5-4fa4-a97d-d965ccfc6d4b" outcome="Passed" testListId="8c84fa94-04c1-424b-9868-57a2d4851a1d" relativeResultsDirectory="5871a1f8-34f9-42e4-8024-857508df880a">
      <Output>
        <StdOut>Debug Trace:
0: WorkflowInstance "FilesystemListenerExActivity" is Started
1: Activity [null] "null" scheduled child activity [1] "FilesystemListenerExActivity"
2: Activity [1] "FilesystemListenerExActivity" is Executing
{
    Arguments
        Directory: a:\directory
        FileAccess: Read
        ErrorOnTimeout: False
        FileMode: Open
        Timeout: -00:00:00.0010000
        Filter: *.txt
        Rename: False
        FileShare: Read
        SettleTime: 00:00:00.5550000
        ScanForFileOnStart: True
        MoveFileToDirectory: 
        IsImplicitlyCancellable: True
        Recursive: False
        WatchType: Rename
}
3: Activity [1] "FilesystemListenerExActivity" scheduled child activity [1.1] "Sequence"
4: Activity [1.1] "Sequence" is Executing
5: Activity [1.1] "Sequence" scheduled child activity [1.21] "TryCatch1"
6: Activity [1.21] "TryCatch1" is Executing
{
    Variables
        connection: 00000000-0000-0000-0000-000000000000
}
7: Activity [1.21] "TryCatch1" scheduled child activity [1.24] "TryCatch2"
8: Activity [1.24] "TryCatch2" is Executing
9: Activity [1.24] "TryCatch2" scheduled child activity [1.28] "MainSequence1"
10: Activity [1.28] "MainSequence1" is Executing
{
    Variables
        configuration: iCore.Workflow.Activities.Filesystem.FileSystemListenerConfiguration
}
11: Activity [1.28] "MainSequence1" scheduled child activity [1.55] "CreateConfiguration1"
12: Activity [1.55] "CreateConfiguration1" is Executing
{
    Arguments
        Directory: a:\directory
        Filter: *.txt
        SettleTime: 00:00:00.5550000
        ScanForFileOnStart: True
        Recursive: False
        WatchType: Rename
}
13: Activity [1.55] "CreateConfiguration1" is Closed
{
    Arguments
        Directory: a:\directory
        Filter: *.txt
        Result: iCore.Workflow.Activities.Filesystem.FileSystemListenerConfiguration
        SettleTime: 00:00:00.5550000
        ScanForFileOnStart: True
        Recursive: False
        WatchType: Rename
}
14: Activity [1.28] "MainSequence1" scheduled child activity [1.50] "StartFileSystemListener1"
15: Activity [1.50] "StartFileSystemListener1" is Executing
{
    Arguments
        Configuration: iCore.Workflow.Activities.Filesystem.FileSystemListenerConfiguration
}
16: CustomTrackingRecord [1.50] "iCPSTraceTrackingRecord"
17: Activity [1.50] "StartFileSystemListener1" is Closed
{
    Arguments
        Result: 00000000-0000-0000-0000-000000000000
        Configuration: iCore.Workflow.Activities.Filesystem.FileSystemListenerConfiguration
}
18: Activity [1.28] "MainSequence1" scheduled child activity [1.29] "GetNextFile1"
19: Activity [1.29] "GetNextFile1" is Executing
{
    Arguments
        ErrorOnTimeout: False
        SubscriptionId: 00000000-0000-0000-0000-000000000000
        Timeout: -00:00:00.0010000
        Rename: False
        MoveFileToDirectory: 
        IsImplicitlyCancellable: True
}
20: Activity [1.29] "GetNextFile1" scheduled child activity [1.29.1] "Sequence"
21: Activity [1.29.1] "Sequence" is Executing
{
    Variables
        _5ef1bf98_84fe_487c_bb8a_8079780ebfc1_53: 0
}
22: Activity [1.29.1] "Sequence" scheduled child activity [1.29.26] "GetNextFile1"
23: Activity [1.29.26] "GetNextFile1" is Executing
{
    Arguments
        ErrorOnTimeout: False
        SubscriptionId: 00000000-0000-0000-0000-000000000000
        Timeout: -00:00:00.0010000
        IsImplicitlyCancellable: True
}
24: CustomTrackingRecord [1.29.26] "iCPSTraceTrackingRecord"
25: WorkflowInstance "FilesystemListenerExActivity" is Idle
26: Bookmark "3f20f5f2-2381-4f64-bc61-ac0a81c1f7a2" resumed with payload &lt;iCore.Workflow.Activities.Extensions.ItemSubscriptionEventArgs`1[iCore.Common.Utilities.FileSystemWatcher.FileSystemWatcherFileInfo]&gt; owner [1.29.26] "GetNextFile1"
27: CustomTrackingRecord [1.29.26] "iCPSTraceTrackingRecord"
28: Activity [1.29.26] "GetNextFile1" is Closed
{
    Arguments
        ErrorOnTimeout: False
        SubscriptionId: 00000000-0000-0000-0000-000000000000
        FileName: 
        Timeout: -00:00:00.0010000
        FileFullName: 
        IsImplicitlyCancellable: True
        WatchType: 0
}
29: Activity [1.29.1] "Sequence" scheduled child activity [1.29.19] "AssignProcessingFileName1"
30: Activity [1.29.19] "AssignProcessingFileName1" is Executing
{
    Arguments
        Value: 
}
31: Activity [1.29.19] "AssignProcessingFileName1" is Closed
{
    Arguments
        Value: 
        To: 
}
32: Activity [1.29.1] "Sequence" scheduled child activity [1.29.11] "AssignProcessingFilePath1"
33: Activity [1.29.11] "AssignProcessingFilePath1" is Executing
{
    Arguments
        Value: 
}
34: Activity [1.29.11] "AssignProcessingFilePath1" is Closed
{
    Arguments
        Value: 
        To: 
}
35: Activity [1.29.1] "Sequence" scheduled child activity [1.29.2] "RenameFileCheck1"
36: Activity [1.29.2] "RenameFileCheck1" is Executing
{
    Arguments
        Condition: False
}
37: Activity [1.29.2] "RenameFileCheck1" is Closed
{
    Arguments
        Condition: False
}
38: Activity [1.29.1] "Sequence" is Closed
{
    Variables
        _5ef1bf98_84fe_487c_bb8a_8079780ebfc1_54: 0
}
39: Activity [1.29] "GetNextFile1" is Closed
{
    Arguments
        ErrorOnTimeout: False
        SubscriptionId: 00000000-0000-0000-0000-000000000000
        Timeout: -00:00:00.0010000
        Rename: False
        OriginalFileName: 
        ProcessingFilePath: 
        MoveFileToDirectory: 
        IsImplicitlyCancellable: True
        ProcessingFileName: 
        OriginalFilePath: 
}
40: Activity [1.28] "MainSequence1" is Closed
{
    Variables
        configuration: iCore.Workflow.Activities.Filesystem.FileSystemListenerConfiguration
}
41: Activity [1.24] "TryCatch2" scheduled child activity [1.25] "CloseConnection1"
42: Activity [1.25] "CloseConnection1" is Executing
{
    Arguments
        SubscriptionId: 00000000-0000-0000-0000-000000000000
}
43: CustomTrackingRecord [1.25] "iCPSTraceTrackingRecord"
44: Activity [1.25] "CloseConnection1" is Closed
{
    Arguments
        SubscriptionId: 00000000-0000-0000-0000-000000000000
}
45: Activity [1.24] "TryCatch2" is Closed
46: Activity [1.21] "TryCatch1" is Closed
{
    Variables
        connection: 00000000-0000-0000-0000-000000000000
}
47: Activity [1.1] "Sequence" scheduled child activity [1.2] "OpenIfFileExists1"
48: Activity [1.2] "OpenIfFileExists1" is Executing
{
    Arguments
        Condition: False
}
49: Activity [1.2] "OpenIfFileExists1" scheduled child activity [1.6] "AssignDataNull1"
50: Activity [1.6] "AssignDataNull1" is Executing
{
    Arguments
        Value: System.IO.Stream+NullStream
}
51: Activity [1.6] "AssignDataNull1" is Closed
{
    Arguments
        Value: System.IO.Stream+NullStream
        To: System.IO.Stream+NullStream
}
52: Activity [1.2] "OpenIfFileExists1" is Closed
{
    Arguments
        Condition: False
}
53: Activity [1.1] "Sequence" is Closed
54: Activity [1] "FilesystemListenerExActivity" is Closed
{
    Arguments
        Directory: a:\directory
        FileAccess: Read
        ErrorOnTimeout: False
        FileMode: Open
        Timeout: -00:00:00.0010000
        Filter: *.txt
        Rename: False
        OriginalFileName: 
        FileShare: Read
        SettleTime: 00:00:00.5550000
        Data: System.IO.Stream+NullStream
        ProcessingFilePath: 
        ScanForFileOnStart: True
        MoveFileToDirectory: 
        IsImplicitlyCancellable: True
        ProcessingFileName: 
        OriginalFilePath: 
        Recursive: False
        WatchType: Rename
}
55: WorkflowInstance "FilesystemListenerExActivity" is Completed</StdOut>
      </Output>
    </UnitTestResult>
    <UnitTestResult executionId="6ca7ccff-7b9f-48bb-a5ea-ba05a64c921f" testId="51c0c3a0-ac82-1c58-2864-bdbf6e0e0bac" testName="Invoke_NoRenameNoMoveNoErrorOnTimeoutNoFileFound_OutArgumentOriginalFileNameIsNull" computerName="ICSWS068" duration="00:00:00.0099953" startTime="2016-08-04T09:58:41.3442248+02:00" endTime="2016-08-04T09:58:41.3562351+02:00" testType="13cdc9d9-ddb5-4fa4-a97d-d965ccfc6d4b" outcome="Passed" testListId="8c84fa94-04c1-424b-9868-57a2d4851a1d" relativeResultsDirectory="6ca7ccff-7b9f-48bb-a5ea-ba05a64c921f">
      <Output>
        <StdOut>Debug Trace:
0: WorkflowInstance "FilesystemListenerExActivity" is Started
1: Activity [null] "null" scheduled child activity [1] "FilesystemListenerExActivity"
2: Activity [1] "FilesystemListenerExActivity" is Executing
{
    Arguments
        Directory: a:\directory
        FileAccess: Read
        ErrorOnTimeout: False
        FileMode: Open
        Timeout: -00:00:00.0010000
        Filter: *.txt
        Rename: False
        FileShare: Read
        SettleTime: 00:00:00.5550000
        ScanForFileOnStart: True
        MoveFileToDirectory: 
        IsImplicitlyCancellable: True
        Recursive: False
        WatchType: Rename
}
3: Activity [1] "FilesystemListenerExActivity" scheduled child activity [1.1] "Sequence"
4: Activity [1.1] "Sequence" is Executing
5: Activity [1.1] "Sequence" scheduled child activity [1.21] "TryCatch1"
6: Activity [1.21] "TryCatch1" is Executing
{
    Variables
        connection: 00000000-0000-0000-0000-000000000000
}
7: Activity [1.21] "TryCatch1" scheduled child activity [1.24] "TryCatch2"
8: Activity [1.24] "TryCatch2" is Executing
9: Activity [1.24] "TryCatch2" scheduled child activity [1.28] "MainSequence1"
10: Activity [1.28] "MainSequence1" is Executing
{
    Variables
        configuration: iCore.Workflow.Activities.Filesystem.FileSystemListenerConfiguration
}
11: Activity [1.28] "MainSequence1" scheduled child activity [1.55] "CreateConfiguration1"
12: Activity [1.55] "CreateConfiguration1" is Executing
{
    Arguments
        Directory: a:\directory
        Filter: *.txt
        SettleTime: 00:00:00.5550000
        ScanForFileOnStart: True
        Recursive: False
        WatchType: Rename
}
13: Activity [1.55] "CreateConfiguration1" is Closed
{
    Arguments
        Directory: a:\directory
        Filter: *.txt
        Result: iCore.Workflow.Activities.Filesystem.FileSystemListenerConfiguration
        SettleTime: 00:00:00.5550000
        ScanForFileOnStart: True
        Recursive: False
        WatchType: Rename
}
14: Activity [1.28] "MainSequence1" scheduled child activity [1.50] "StartFileSystemListener1"
15: Activity [1.50] "StartFileSystemListener1" is Executing
{
    Arguments
        Configuration: iCore.Workflow.Activities.Filesystem.FileSystemListenerConfiguration
}
16: CustomTrackingRecord [1.50] "iCPSTraceTrackingRecord"
17: Activity [1.50] "StartFileSystemListener1" is Closed
{
    Arguments
        Result: 00000000-0000-0000-0000-000000000000
        Configuration: iCore.Workflow.Activities.Filesystem.FileSystemListenerConfiguration
}
18: Activity [1.28] "MainSequence1" scheduled child activity [1.29] "GetNextFile1"
19: Activity [1.29] "GetNextFile1" is Executing
{
    Arguments
        ErrorOnTimeout: False
        SubscriptionId: 00000000-0000-0000-0000-000000000000
        Timeout: -00:00:00.0010000
        Rename: False
        MoveFileToDirectory: 
        IsImplicitlyCancellable: True
}
20: Activity [1.29] "GetNextFile1" scheduled child activity [1.29.1] "Sequence"
21: Activity [1.29.1] "Sequence" is Executing
{
    Variables
        _5ef1bf98_84fe_487c_bb8a_8079780ebfc1_55: 0
}
22: Activity [1.29.1] "Sequence" scheduled child activity [1.29.26] "GetNextFile1"
23: Activity [1.29.26] "GetNextFile1" is Executing
{
    Arguments
        ErrorOnTimeout: False
        SubscriptionId: 00000000-0000-0000-0000-000000000000
        Timeout: -00:00:00.0010000
        IsImplicitlyCancellable: True
}
24: CustomTrackingRecord [1.29.26] "iCPSTraceTrackingRecord"
25: WorkflowInstance "FilesystemListenerExActivity" is Idle
26: Bookmark "9ef4632b-c34c-4ac2-874f-a1257ef94a71" resumed with payload &lt;iCore.Workflow.Activities.Extensions.ItemSubscriptionEventArgs`1[iCore.Common.Utilities.FileSystemWatcher.FileSystemWatcherFileInfo]&gt; owner [1.29.26] "GetNextFile1"
27: CustomTrackingRecord [1.29.26] "iCPSTraceTrackingRecord"
28: Activity [1.29.26] "GetNextFile1" is Closed
{
    Arguments
        ErrorOnTimeout: False
        SubscriptionId: 00000000-0000-0000-0000-000000000000
        FileName: 
        Timeout: -00:00:00.0010000
        FileFullName: 
        IsImplicitlyCancellable: True
        WatchType: 0
}
29: Activity [1.29.1] "Sequence" scheduled child activity [1.29.19] "AssignProcessingFileName1"
30: Activity [1.29.19] "AssignProcessingFileName1" is Executing
{
    Arguments
        Value: 
}
31: Activity [1.29.19] "AssignProcessingFileName1" is Closed
{
    Arguments
        Value: 
        To: 
}
32: Activity [1.29.1] "Sequence" scheduled child activity [1.29.11] "AssignProcessingFilePath1"
33: Activity [1.29.11] "AssignProcessingFilePath1" is Executing
{
    Arguments
        Value: 
}
34: Activity [1.29.11] "AssignProcessingFilePath1" is Closed
{
    Arguments
        Value: 
        To: 
}
35: Activity [1.29.1] "Sequence" scheduled child activity [1.29.2] "RenameFileCheck1"
36: Activity [1.29.2] "RenameFileCheck1" is Executing
{
    Arguments
        Condition: False
}
37: Activity [1.29.2] "RenameFileCheck1" is Closed
{
    Arguments
        Condition: False
}
38: Activity [1.29.1] "Sequence" is Closed
{
    Variables
        _5ef1bf98_84fe_487c_bb8a_8079780ebfc1_56: 0
}
39: Activity [1.29] "GetNextFile1" is Closed
{
    Arguments
        ErrorOnTimeout: False
        SubscriptionId: 00000000-0000-0000-0000-000000000000
        Timeout: -00:00:00.0010000
        Rename: False
        OriginalFileName: 
        ProcessingFilePath: 
        MoveFileToDirectory: 
        IsImplicitlyCancellable: True
        ProcessingFileName: 
        OriginalFilePath: 
}
40: Activity [1.28] "MainSequence1" is Closed
{
    Variables
        configuration: iCore.Workflow.Activities.Filesystem.FileSystemListenerConfiguration
}
41: Activity [1.24] "TryCatch2" scheduled child activity [1.25] "CloseConnection1"
42: Activity [1.25] "CloseConnection1" is Executing
{
    Arguments
        SubscriptionId: 00000000-0000-0000-0000-000000000000
}
43: CustomTrackingRecord [1.25] "iCPSTraceTrackingRecord"
44: Activity [1.25] "CloseConnection1" is Closed
{
    Arguments
        SubscriptionId: 00000000-0000-0000-0000-000000000000
}
45: Activity [1.24] "TryCatch2" is Closed
46: Activity [1.21] "TryCatch1" is Closed
{
    Variables
        connection: 00000000-0000-0000-0000-000000000000
}
47: Activity [1.1] "Sequence" scheduled child activity [1.2] "OpenIfFileExists1"
48: Activity [1.2] "OpenIfFileExists1" is Executing
{
    Arguments
        Condition: False
}
49: Activity [1.2] "OpenIfFileExists1" scheduled child activity [1.6] "AssignDataNull1"
50: Activity [1.6] "AssignDataNull1" is Executing
{
    Arguments
        Value: System.IO.Stream+NullStream
}
51: Activity [1.6] "AssignDataNull1" is Closed
{
    Arguments
        Value: System.IO.Stream+NullStream
        To: System.IO.Stream+NullStream
}
52: Activity [1.2] "OpenIfFileExists1" is Closed
{
    Arguments
        Condition: False
}
53: Activity [1.1] "Sequence" is Closed
54: Activity [1] "FilesystemListenerExActivity" is Closed
{
    Arguments
        Directory: a:\directory
        FileAccess: Read
        ErrorOnTimeout: False
        FileMode: Open
        Timeout: -00:00:00.0010000
        Filter: *.txt
        Rename: False
        OriginalFileName: 
        FileShare: Read
        SettleTime: 00:00:00.5550000
        Data: System.IO.Stream+NullStream
        ProcessingFilePath: 
        ScanForFileOnStart: True
        MoveFileToDirectory: 
        IsImplicitlyCancellable: True
        ProcessingFileName: 
        OriginalFilePath: 
        Recursive: False
        WatchType: Rename
}
55: WorkflowInstance "FilesystemListenerExActivity" is Completed</StdOut>
      </Output>
    </UnitTestResult>
    <UnitTestResult executionId="4efedfd2-df47-4c75-9149-22dca7af356b" testId="9fb03cc2-f262-2644-84be-54401c9b190e" testName="Invoke_NoRenameNoMoveNoErrorOnTimeoutNoFileFound_OutArgumentOriginalFilePathIsNull" computerName="ICSWS068" duration="00:00:00.0105859" startTime="2016-08-04T09:58:41.3587363+02:00" endTime="2016-08-04T09:58:41.3802517+02:00" testType="13cdc9d9-ddb5-4fa4-a97d-d965ccfc6d4b" outcome="Passed" testListId="8c84fa94-04c1-424b-9868-57a2d4851a1d" relativeResultsDirectory="4efedfd2-df47-4c75-9149-22dca7af356b">
      <Output>
        <StdOut>Debug Trace:
0: WorkflowInstance "FilesystemListenerExActivity" is Started
1: Activity [null] "null" scheduled child activity [1] "FilesystemListenerExActivity"
2: Activity [1] "FilesystemListenerExActivity" is Executing
{
    Arguments
        Directory: a:\directory
        FileAccess: Read
        ErrorOnTimeout: False
        FileMode: Open
        Timeout: -00:00:00.0010000
        Filter: *.txt
        Rename: False
        FileShare: Read
        SettleTime: 00:00:00.5550000
        ScanForFileOnStart: True
        MoveFileToDirectory: 
        IsImplicitlyCancellable: True
        Recursive: False
        WatchType: Rename
}
3: Activity [1] "FilesystemListenerExActivity" scheduled child activity [1.1] "Sequence"
4: Activity [1.1] "Sequence" is Executing
5: Activity [1.1] "Sequence" scheduled child activity [1.21] "TryCatch1"
6: Activity [1.21] "TryCatch1" is Executing
{
    Variables
        connection: 00000000-0000-0000-0000-000000000000
}
7: Activity [1.21] "TryCatch1" scheduled child activity [1.24] "TryCatch2"
8: Activity [1.24] "TryCatch2" is Executing
9: Activity [1.24] "TryCatch2" scheduled child activity [1.28] "MainSequence1"
10: Activity [1.28] "MainSequence1" is Executing
{
    Variables
        configuration: iCore.Workflow.Activities.Filesystem.FileSystemListenerConfiguration
}
11: Activity [1.28] "MainSequence1" scheduled child activity [1.55] "CreateConfiguration1"
12: Activity [1.55] "CreateConfiguration1" is Executing
{
    Arguments
        Directory: a:\directory
        Filter: *.txt
        SettleTime: 00:00:00.5550000
        ScanForFileOnStart: True
        Recursive: False
        WatchType: Rename
}
13: Activity [1.55] "CreateConfiguration1" is Closed
{
    Arguments
        Directory: a:\directory
        Filter: *.txt
        Result: iCore.Workflow.Activities.Filesystem.FileSystemListenerConfiguration
        SettleTime: 00:00:00.5550000
        ScanForFileOnStart: True
        Recursive: False
        WatchType: Rename
}
14: Activity [1.28] "MainSequence1" scheduled child activity [1.50] "StartFileSystemListener1"
15: Activity [1.50] "StartFileSystemListener1" is Executing
{
    Arguments
        Configuration: iCore.Workflow.Activities.Filesystem.FileSystemListenerConfiguration
}
16: CustomTrackingRecord [1.50] "iCPSTraceTrackingRecord"
17: Activity [1.50] "StartFileSystemListener1" is Closed
{
    Arguments
        Result: 00000000-0000-0000-0000-000000000000
        Configuration: iCore.Workflow.Activities.Filesystem.FileSystemListenerConfiguration
}
18: Activity [1.28] "MainSequence1" scheduled child activity [1.29] "GetNextFile1"
19: Activity [1.29] "GetNextFile1" is Executing
{
    Arguments
        ErrorOnTimeout: False
        SubscriptionId: 00000000-0000-0000-0000-000000000000
        Timeout: -00:00:00.0010000
        Rename: False
        MoveFileToDirectory: 
        IsImplicitlyCancellable: True
}
20: Activity [1.29] "GetNextFile1" scheduled child activity [1.29.1] "Sequence"
21: Activity [1.29.1] "Sequence" is Executing
{
    Variables
        _5ef1bf98_84fe_487c_bb8a_8079780ebfc1_57: 0
}
22: Activity [1.29.1] "Sequence" scheduled child activity [1.29.26] "GetNextFile1"
23: Activity [1.29.26] "GetNextFile1" is Executing
{
    Arguments
        ErrorOnTimeout: False
        SubscriptionId: 00000000-0000-0000-0000-000000000000
        Timeout: -00:00:00.0010000
        IsImplicitlyCancellable: True
}
24: CustomTrackingRecord [1.29.26] "iCPSTraceTrackingRecord"
25: WorkflowInstance "FilesystemListenerExActivity" is Idle
26: Bookmark "e87496fb-efeb-4c2e-8499-84c656b7ad2f" resumed with payload &lt;iCore.Workflow.Activities.Extensions.ItemSubscriptionEventArgs`1[iCore.Common.Utilities.FileSystemWatcher.FileSystemWatcherFileInfo]&gt; owner [1.29.26] "GetNextFile1"
27: CustomTrackingRecord [1.29.26] "iCPSTraceTrackingRecord"
28: Activity [1.29.26] "GetNextFile1" is Closed
{
    Arguments
        ErrorOnTimeout: False
        SubscriptionId: 00000000-0000-0000-0000-000000000000
        FileName: 
        Timeout: -00:00:00.0010000
        FileFullName: 
        IsImplicitlyCancellable: True
        WatchType: 0
}
29: Activity [1.29.1] "Sequence" scheduled child activity [1.29.19] "AssignProcessingFileName1"
30: Activity [1.29.19] "AssignProcessingFileName1" is Executing
{
    Arguments
        Value: 
}
31: Activity [1.29.19] "AssignProcessingFileName1" is Closed
{
    Arguments
        Value: 
        To: 
}
32: Activity [1.29.1] "Sequence" scheduled child activity [1.29.11] "AssignProcessingFilePath1"
33: Activity [1.29.11] "AssignProcessingFilePath1" is Executing
{
    Arguments
        Value: 
}
34: Activity [1.29.11] "AssignProcessingFilePath1" is Closed
{
    Arguments
        Value: 
        To: 
}
35: Activity [1.29.1] "Sequence" scheduled child activity [1.29.2] "RenameFileCheck1"
36: Activity [1.29.2] "RenameFileCheck1" is Executing
{
    Arguments
        Condition: False
}
37: Activity [1.29.2] "RenameFileCheck1" is Closed
{
    Arguments
        Condition: False
}
38: Activity [1.29.1] "Sequence" is Closed
{
    Variables
        _5ef1bf98_84fe_487c_bb8a_8079780ebfc1_58: 0
}
39: Activity [1.29] "GetNextFile1" is Closed
{
    Arguments
        ErrorOnTimeout: False
        SubscriptionId: 00000000-0000-0000-0000-000000000000
        Timeout: -00:00:00.0010000
        Rename: False
        OriginalFileName: 
        ProcessingFilePath: 
        MoveFileToDirectory: 
        IsImplicitlyCancellable: True
        ProcessingFileName: 
        OriginalFilePath: 
}
40: Activity [1.28] "MainSequence1" is Closed
{
    Variables
        configuration: iCore.Workflow.Activities.Filesystem.FileSystemListenerConfiguration
}
41: Activity [1.24] "TryCatch2" scheduled child activity [1.25] "CloseConnection1"
42: Activity [1.25] "CloseConnection1" is Executing
{
    Arguments
        SubscriptionId: 00000000-0000-0000-0000-000000000000
}
43: CustomTrackingRecord [1.25] "iCPSTraceTrackingRecord"
44: Activity [1.25] "CloseConnection1" is Closed
{
    Arguments
        SubscriptionId: 00000000-0000-0000-0000-000000000000
}
45: Activity [1.24] "TryCatch2" is Closed
46: Activity [1.21] "TryCatch1" is Closed
{
    Variables
        connection: 00000000-0000-0000-0000-000000000000
}
47: Activity [1.1] "Sequence" scheduled child activity [1.2] "OpenIfFileExists1"
48: Activity [1.2] "OpenIfFileExists1" is Executing
{
    Arguments
        Condition: False
}
49: Activity [1.2] "OpenIfFileExists1" scheduled child activity [1.6] "AssignDataNull1"
50: Activity [1.6] "AssignDataNull1" is Executing
{
    Arguments
        Value: System.IO.Stream+NullStream
}
51: Activity [1.6] "AssignDataNull1" is Closed
{
    Arguments
        Value: System.IO.Stream+NullStream
        To: System.IO.Stream+NullStream
}
52: Activity [1.2] "OpenIfFileExists1" is Closed
{
    Arguments
        Condition: False
}
53: Activity [1.1] "Sequence" is Closed
54: Activity [1] "FilesystemListenerExActivity" is Closed
{
    Arguments
        Directory: a:\directory
        FileAccess: Read
        ErrorOnTimeout: False
        FileMode: Open
        Timeout: -00:00:00.0010000
        Filter: *.txt
        Rename: False
        OriginalFileName: 
        FileShare: Read
        SettleTime: 00:00:00.5550000
        Data: System.IO.Stream+NullStream
        ProcessingFilePath: 
        ScanForFileOnStart: True
        MoveFileToDirectory: 
        IsImplicitlyCancellable: True
        ProcessingFileName: 
        OriginalFilePath: 
        Recursive: False
        WatchType: Rename
}
55: WorkflowInstance "FilesystemListenerExActivity" is Completed</StdOut>
      </Output>
    </UnitTestResult>
    <UnitTestResult executionId="d7dcacc7-d824-442b-8d71-29e0cf299b07" testId="e6c7dee5-4ded-02fb-a273-238d7b9248ed" testName="Invoke_NoRenameNoMoveNoErrorOnTimeoutNoFileFound_OutArgumentDataIsStreamNull" computerName="ICSWS068" duration="00:00:00.0091628" startTime="2016-08-04T09:58:41.3837546+02:00" endTime="2016-08-04T09:58:41.3945647+02:00" testType="13cdc9d9-ddb5-4fa4-a97d-d965ccfc6d4b" outcome="Passed" testListId="8c84fa94-04c1-424b-9868-57a2d4851a1d" relativeResultsDirectory="d7dcacc7-d824-442b-8d71-29e0cf299b07">
      <Output>
        <StdOut>Debug Trace:
0: WorkflowInstance "FilesystemListenerExActivity" is Started
1: Activity [null] "null" scheduled child activity [1] "FilesystemListenerExActivity"
2: Activity [1] "FilesystemListenerExActivity" is Executing
{
    Arguments
        Directory: a:\directory
        FileAccess: Read
        ErrorOnTimeout: False
        FileMode: Open
        Timeout: -00:00:00.0010000
        Filter: *.txt
        Rename: False
        FileShare: Read
        SettleTime: 00:00:00.5550000
        ScanForFileOnStart: True
        MoveFileToDirectory: 
        IsImplicitlyCancellable: True
        Recursive: False
        WatchType: Rename
}
3: Activity [1] "FilesystemListenerExActivity" scheduled child activity [1.1] "Sequence"
4: Activity [1.1] "Sequence" is Executing
5: Activity [1.1] "Sequence" scheduled child activity [1.21] "TryCatch1"
6: Activity [1.21] "TryCatch1" is Executing
{
    Variables
        connection: 00000000-0000-0000-0000-000000000000
}
7: Activity [1.21] "TryCatch1" scheduled child activity [1.24] "TryCatch2"
8: Activity [1.24] "TryCatch2" is Executing
9: Activity [1.24] "TryCatch2" scheduled child activity [1.28] "MainSequence1"
10: Activity [1.28] "MainSequence1" is Executing
{
    Variables
        configuration: iCore.Workflow.Activities.Filesystem.FileSystemListenerConfiguration
}
11: Activity [1.28] "MainSequence1" scheduled child activity [1.55] "CreateConfiguration1"
12: Activity [1.55] "CreateConfiguration1" is Executing
{
    Arguments
        Directory: a:\directory
        Filter: *.txt
        SettleTime: 00:00:00.5550000
        ScanForFileOnStart: True
        Recursive: False
        WatchType: Rename
}
13: Activity [1.55] "CreateConfiguration1" is Closed
{
    Arguments
        Directory: a:\directory
        Filter: *.txt
        Result: iCore.Workflow.Activities.Filesystem.FileSystemListenerConfiguration
        SettleTime: 00:00:00.5550000
        ScanForFileOnStart: True
        Recursive: False
        WatchType: Rename
}
14: Activity [1.28] "MainSequence1" scheduled child activity [1.50] "StartFileSystemListener1"
15: Activity [1.50] "StartFileSystemListener1" is Executing
{
    Arguments
        Configuration: iCore.Workflow.Activities.Filesystem.FileSystemListenerConfiguration
}
16: CustomTrackingRecord [1.50] "iCPSTraceTrackingRecord"
17: Activity [1.50] "StartFileSystemListener1" is Closed
{
    Arguments
        Result: 00000000-0000-0000-0000-000000000000
        Configuration: iCore.Workflow.Activities.Filesystem.FileSystemListenerConfiguration
}
18: Activity [1.28] "MainSequence1" scheduled child activity [1.29] "GetNextFile1"
19: Activity [1.29] "GetNextFile1" is Executing
{
    Arguments
        ErrorOnTimeout: False
        SubscriptionId: 00000000-0000-0000-0000-000000000000
        Timeout: -00:00:00.0010000
        Rename: False
        MoveFileToDirectory: 
        IsImplicitlyCancellable: True
}
20: Activity [1.29] "GetNextFile1" scheduled child activity [1.29.1] "Sequence"
21: Activity [1.29.1] "Sequence" is Executing
{
    Variables
        _5ef1bf98_84fe_487c_bb8a_8079780ebfc1_59: 0
}
22: Activity [1.29.1] "Sequence" scheduled child activity [1.29.26] "GetNextFile1"
23: Activity [1.29.26] "GetNextFile1" is Executing
{
    Arguments
        ErrorOnTimeout: False
        SubscriptionId: 00000000-0000-0000-0000-000000000000
        Timeout: -00:00:00.0010000
        IsImplicitlyCancellable: True
}
24: CustomTrackingRecord [1.29.26] "iCPSTraceTrackingRecord"
25: WorkflowInstance "FilesystemListenerExActivity" is Idle
26: Bookmark "f1f2d162-e104-48c7-88dc-62177e0c4aab" resumed with payload &lt;iCore.Workflow.Activities.Extensions.ItemSubscriptionEventArgs`1[iCore.Common.Utilities.FileSystemWatcher.FileSystemWatcherFileInfo]&gt; owner [1.29.26] "GetNextFile1"
27: CustomTrackingRecord [1.29.26] "iCPSTraceTrackingRecord"
28: Activity [1.29.26] "GetNextFile1" is Closed
{
    Arguments
        ErrorOnTimeout: False
        SubscriptionId: 00000000-0000-0000-0000-000000000000
        FileName: 
        Timeout: -00:00:00.0010000
        FileFullName: 
        IsImplicitlyCancellable: True
        WatchType: 0
}
29: Activity [1.29.1] "Sequence" scheduled child activity [1.29.19] "AssignProcessingFileName1"
30: Activity [1.29.19] "AssignProcessingFileName1" is Executing
{
    Arguments
        Value: 
}
31: Activity [1.29.19] "AssignProcessingFileName1" is Closed
{
    Arguments
        Value: 
        To: 
}
32: Activity [1.29.1] "Sequence" scheduled child activity [1.29.11] "AssignProcessingFilePath1"
33: Activity [1.29.11] "AssignProcessingFilePath1" is Executing
{
    Arguments
        Value: 
}
34: Activity [1.29.11] "AssignProcessingFilePath1" is Closed
{
    Arguments
        Value: 
        To: 
}
35: Activity [1.29.1] "Sequence" scheduled child activity [1.29.2] "RenameFileCheck1"
36: Activity [1.29.2] "RenameFileCheck1" is Executing
{
    Arguments
        Condition: False
}
37: Activity [1.29.2] "RenameFileCheck1" is Closed
{
    Arguments
        Condition: False
}
38: Activity [1.29.1] "Sequence" is Closed
{
    Variables
        _5ef1bf98_84fe_487c_bb8a_8079780ebfc1_60: 0
}
39: Activity [1.29] "GetNextFile1" is Closed
{
    Arguments
        ErrorOnTimeout: False
        SubscriptionId: 00000000-0000-0000-0000-000000000000
        Timeout: -00:00:00.0010000
        Rename: False
        OriginalFileName: 
        ProcessingFilePath: 
        MoveFileToDirectory: 
        IsImplicitlyCancellable: True
        ProcessingFileName: 
        OriginalFilePath: 
}
40: Activity [1.28] "MainSequence1" is Closed
{
    Variables
        configuration: iCore.Workflow.Activities.Filesystem.FileSystemListenerConfiguration
}
41: Activity [1.24] "TryCatch2" scheduled child activity [1.25] "CloseConnection1"
42: Activity [1.25] "CloseConnection1" is Executing
{
    Arguments
        SubscriptionId: 00000000-0000-0000-0000-000000000000
}
43: CustomTrackingRecord [1.25] "iCPSTraceTrackingRecord"
44: Activity [1.25] "CloseConnection1" is Closed
{
    Arguments
        SubscriptionId: 00000000-0000-0000-0000-000000000000
}
45: Activity [1.24] "TryCatch2" is Closed
46: Activity [1.21] "TryCatch1" is Closed
{
    Variables
        connection: 00000000-0000-0000-0000-000000000000
}
47: Activity [1.1] "Sequence" scheduled child activity [1.2] "OpenIfFileExists1"
48: Activity [1.2] "OpenIfFileExists1" is Executing
{
    Arguments
        Condition: False
}
49: Activity [1.2] "OpenIfFileExists1" scheduled child activity [1.6] "AssignDataNull1"
50: Activity [1.6] "AssignDataNull1" is Executing
{
    Arguments
        Value: System.IO.Stream+NullStream
}
51: Activity [1.6] "AssignDataNull1" is Closed
{
    Arguments
        Value: System.IO.Stream+NullStream
        To: System.IO.Stream+NullStream
}
52: Activity [1.2] "OpenIfFileExists1" is Closed
{
    Arguments
        Condition: False
}
53: Activity [1.1] "Sequence" is Closed
54: Activity [1] "FilesystemListenerExActivity" is Closed
{
    Arguments
        Directory: a:\directory
        FileAccess: Read
        ErrorOnTimeout: False
        FileMode: Open
        Timeout: -00:00:00.0010000
        Filter: *.txt
        Rename: False
        OriginalFileName: 
        FileShare: Read
        SettleTime: 00:00:00.5550000
        Data: System.IO.Stream+NullStream
        ProcessingFilePath: 
        ScanForFileOnStart: True
        MoveFileToDirectory: 
        IsImplicitlyCancellable: True
        ProcessingFileName: 
        OriginalFilePath: 
        Recursive: False
        WatchType: Rename
}
55: WorkflowInstance "FilesystemListenerExActivity" is Completed</StdOut>
      </Output>
    </UnitTestResult>
    <UnitTestResult executionId="d5ab396b-c8ab-45bb-815e-8a97376a8e83" testId="5f01f82a-356a-fb8e-c153-8e578df40c29" testName="Invoke_RenameMoveNoErrorOnTimeoutNoFileFound_OutArgumentProcessingFileNameIsNull" computerName="ICSWS068" duration="00:00:00.0102842" startTime="2016-08-04T09:58:41.3975676+02:00" endTime="2016-08-04T09:58:41.4095759+02:00" testType="13cdc9d9-ddb5-4fa4-a97d-d965ccfc6d4b" outcome="Passed" testListId="8c84fa94-04c1-424b-9868-57a2d4851a1d" relativeResultsDirectory="d5ab396b-c8ab-45bb-815e-8a97376a8e83">
      <Output>
        <StdOut>Debug Trace:
0: WorkflowInstance "FilesystemListenerExActivity" is Started
1: Activity [null] "null" scheduled child activity [1] "FilesystemListenerExActivity"
2: Activity [1] "FilesystemListenerExActivity" is Executing
{
    Arguments
        Directory: a:\directory
        FileAccess: Read
        ErrorOnTimeout: False
        FileMode: Open
        Timeout: -00:00:00.0010000
        Filter: *.txt
        Rename: True
        FileShare: Read
        SettleTime: 00:00:00.5550000
        ScanForFileOnStart: True
        MoveFileToDirectory: a:\nother\directory\path
        IsImplicitlyCancellable: True
        Recursive: False
        WatchType: Rename
}
3: Activity [1] "FilesystemListenerExActivity" scheduled child activity [1.1] "Sequence"
4: Activity [1.1] "Sequence" is Executing
5: Activity [1.1] "Sequence" scheduled child activity [1.21] "TryCatch1"
6: Activity [1.21] "TryCatch1" is Executing
{
    Variables
        connection: 00000000-0000-0000-0000-000000000000
}
7: Activity [1.21] "TryCatch1" scheduled child activity [1.24] "TryCatch2"
8: Activity [1.24] "TryCatch2" is Executing
9: Activity [1.24] "TryCatch2" scheduled child activity [1.28] "MainSequence1"
10: Activity [1.28] "MainSequence1" is Executing
{
    Variables
        configuration: iCore.Workflow.Activities.Filesystem.FileSystemListenerConfiguration
}
11: Activity [1.28] "MainSequence1" scheduled child activity [1.55] "CreateConfiguration1"
12: Activity [1.55] "CreateConfiguration1" is Executing
{
    Arguments
        Directory: a:\directory
        Filter: *.txt
        SettleTime: 00:00:00.5550000
        ScanForFileOnStart: True
        Recursive: False
        WatchType: Rename
}
13: Activity [1.55] "CreateConfiguration1" is Closed
{
    Arguments
        Directory: a:\directory
        Filter: *.txt
        Result: iCore.Workflow.Activities.Filesystem.FileSystemListenerConfiguration
        SettleTime: 00:00:00.5550000
        ScanForFileOnStart: True
        Recursive: False
        WatchType: Rename
}
14: Activity [1.28] "MainSequence1" scheduled child activity [1.50] "StartFileSystemListener1"
15: Activity [1.50] "StartFileSystemListener1" is Executing
{
    Arguments
        Configuration: iCore.Workflow.Activities.Filesystem.FileSystemListenerConfiguration
}
16: CustomTrackingRecord [1.50] "iCPSTraceTrackingRecord"
17: Activity [1.50] "StartFileSystemListener1" is Closed
{
    Arguments
        Result: 00000000-0000-0000-0000-000000000000
        Configuration: iCore.Workflow.Activities.Filesystem.FileSystemListenerConfiguration
}
18: Activity [1.28] "MainSequence1" scheduled child activity [1.29] "GetNextFile1"
19: Activity [1.29] "GetNextFile1" is Executing
{
    Arguments
        ErrorOnTimeout: False
        SubscriptionId: 00000000-0000-0000-0000-000000000000
        Timeout: -00:00:00.0010000
        Rename: True
        MoveFileToDirectory: a:\nother\directory\path
        IsImplicitlyCancellable: True
}
20: Activity [1.29] "GetNextFile1" scheduled child activity [1.29.1] "Sequence"
21: Activity [1.29.1] "Sequence" is Executing
{
    Variables
        _5ef1bf98_84fe_487c_bb8a_8079780ebfc1_61: 0
}
22: Activity [1.29.1] "Sequence" scheduled child activity [1.29.26] "GetNextFile1"
23: Activity [1.29.26] "GetNextFile1" is Executing
{
    Arguments
        ErrorOnTimeout: False
        SubscriptionId: 00000000-0000-0000-0000-000000000000
        Timeout: -00:00:00.0010000
        IsImplicitlyCancellable: True
}
24: CustomTrackingRecord [1.29.26] "iCPSTraceTrackingRecord"
25: WorkflowInstance "FilesystemListenerExActivity" is Idle
26: Bookmark "f17a81ed-bed3-495f-81e5-c6a06359015e" resumed with payload &lt;iCore.Workflow.Activities.Extensions.ItemSubscriptionEventArgs`1[iCore.Common.Utilities.FileSystemWatcher.FileSystemWatcherFileInfo]&gt; owner [1.29.26] "GetNextFile1"
27: CustomTrackingRecord [1.29.26] "iCPSTraceTrackingRecord"
28: Activity [1.29.26] "GetNextFile1" is Closed
{
    Arguments
        ErrorOnTimeout: False
        SubscriptionId: 00000000-0000-0000-0000-000000000000
        FileName: 
        Timeout: -00:00:00.0010000
        FileFullName: 
        IsImplicitlyCancellable: True
        WatchType: 0
}
29: Activity [1.29.1] "Sequence" scheduled child activity [1.29.19] "AssignProcessingFileName1"
30: Activity [1.29.19] "AssignProcessingFileName1" is Executing
{
    Arguments
        Value: 
}
31: Activity [1.29.19] "AssignProcessingFileName1" is Closed
{
    Arguments
        Value: 
        To: 
}
32: Activity [1.29.1] "Sequence" scheduled child activity [1.29.11] "AssignProcessingFilePath1"
33: Activity [1.29.11] "AssignProcessingFilePath1" is Executing
{
    Arguments
        Value: 
}
34: Activity [1.29.11] "AssignProcessingFilePath1" is Closed
{
    Arguments
        Value: 
        To: 
}
35: Activity [1.29.1] "Sequence" scheduled child activity [1.29.2] "RenameFileCheck1"
36: Activity [1.29.2] "RenameFileCheck1" is Executing
{
    Arguments
        Condition: False
}
37: Activity [1.29.2] "RenameFileCheck1" is Closed
{
    Arguments
        Condition: False
}
38: Activity [1.29.1] "Sequence" is Closed
{
    Variables
        _5ef1bf98_84fe_487c_bb8a_8079780ebfc1_62: 0
}
39: Activity [1.29] "GetNextFile1" is Closed
{
    Arguments
        ErrorOnTimeout: False
        SubscriptionId: 00000000-0000-0000-0000-000000000000
        Timeout: -00:00:00.0010000
        Rename: True
        OriginalFileName: 
        ProcessingFilePath: 
        MoveFileToDirectory: a:\nother\directory\path
        IsImplicitlyCancellable: True
        ProcessingFileName: 
        OriginalFilePath: 
}
40: Activity [1.28] "MainSequence1" is Closed
{
    Variables
        configuration: iCore.Workflow.Activities.Filesystem.FileSystemListenerConfiguration
}
41: Activity [1.24] "TryCatch2" scheduled child activity [1.25] "CloseConnection1"
42: Activity [1.25] "CloseConnection1" is Executing
{
    Arguments
        SubscriptionId: 00000000-0000-0000-0000-000000000000
}
43: CustomTrackingRecord [1.25] "iCPSTraceTrackingRecord"
44: Activity [1.25] "CloseConnection1" is Closed
{
    Arguments
        SubscriptionId: 00000000-0000-0000-0000-000000000000
}
45: Activity [1.24] "TryCatch2" is Closed
46: Activity [1.21] "TryCatch1" is Closed
{
    Variables
        connection: 00000000-0000-0000-0000-000000000000
}
47: Activity [1.1] "Sequence" scheduled child activity [1.2] "OpenIfFileExists1"
48: Activity [1.2] "OpenIfFileExists1" is Executing
{
    Arguments
        Condition: False
}
49: Activity [1.2] "OpenIfFileExists1" scheduled child activity [1.6] "AssignDataNull1"
50: Activity [1.6] "AssignDataNull1" is Executing
{
    Arguments
        Value: System.IO.Stream+NullStream
}
51: Activity [1.6] "AssignDataNull1" is Closed
{
    Arguments
        Value: System.IO.Stream+NullStream
        To: System.IO.Stream+NullStream
}
52: Activity [1.2] "OpenIfFileExists1" is Closed
{
    Arguments
        Condition: False
}
53: Activity [1.1] "Sequence" is Closed
54: Activity [1] "FilesystemListenerExActivity" is Closed
{
    Arguments
        Directory: a:\directory
        FileAccess: Read
        ErrorOnTimeout: False
        FileMode: Open
        Timeout: -00:00:00.0010000
        Filter: *.txt
        Rename: True
        OriginalFileName: 
        FileShare: Read
        SettleTime: 00:00:00.5550000
        Data: System.IO.Stream+NullStream
        ProcessingFilePath: 
        ScanForFileOnStart: True
        MoveFileToDirectory: a:\nother\directory\path
        IsImplicitlyCancellable: True
        ProcessingFileName: 
        OriginalFilePath: 
        Recursive: False
        WatchType: Rename
}
55: WorkflowInstance "FilesystemListenerExActivity" is Completed</StdOut>
      </Output>
    </UnitTestResult>
    <UnitTestResult executionId="6efa673d-7a42-47dc-86c2-58b34b344c7a" testId="580b27e6-2a7e-3089-abbd-3e5e36acff5d" testName="Invoke_RenameMoveNoErrorOnTimeoutNoFileFound_OutArgumentProcessingFilePathIsNull" computerName="ICSWS068" duration="00:00:00.0097273" startTime="2016-08-04T09:58:41.4135781+02:00" endTime="2016-08-04T09:58:41.4250876+02:00" testType="13cdc9d9-ddb5-4fa4-a97d-d965ccfc6d4b" outcome="Passed" testListId="8c84fa94-04c1-424b-9868-57a2d4851a1d" relativeResultsDirectory="6efa673d-7a42-47dc-86c2-58b34b344c7a">
      <Output>
        <StdOut>Debug Trace:
0: WorkflowInstance "FilesystemListenerExActivity" is Started
1: Activity [null] "null" scheduled child activity [1] "FilesystemListenerExActivity"
2: Activity [1] "FilesystemListenerExActivity" is Executing
{
    Arguments
        Directory: a:\directory
        FileAccess: Read
        ErrorOnTimeout: False
        FileMode: Open
        Timeout: -00:00:00.0010000
        Filter: *.txt
        Rename: True
        FileShare: Read
        SettleTime: 00:00:00.5550000
        ScanForFileOnStart: True
        MoveFileToDirectory: a:\nother\directory\path
        IsImplicitlyCancellable: True
        Recursive: False
        WatchType: Rename
}
3: Activity [1] "FilesystemListenerExActivity" scheduled child activity [1.1] "Sequence"
4: Activity [1.1] "Sequence" is Executing
5: Activity [1.1] "Sequence" scheduled child activity [1.21] "TryCatch1"
6: Activity [1.21] "TryCatch1" is Executing
{
    Variables
        connection: 00000000-0000-0000-0000-000000000000
}
7: Activity [1.21] "TryCatch1" scheduled child activity [1.24] "TryCatch2"
8: Activity [1.24] "TryCatch2" is Executing
9: Activity [1.24] "TryCatch2" scheduled child activity [1.28] "MainSequence1"
10: Activity [1.28] "MainSequence1" is Executing
{
    Variables
        configuration: iCore.Workflow.Activities.Filesystem.FileSystemListenerConfiguration
}
11: Activity [1.28] "MainSequence1" scheduled child activity [1.55] "CreateConfiguration1"
12: Activity [1.55] "CreateConfiguration1" is Executing
{
    Arguments
        Directory: a:\directory
        Filter: *.txt
        SettleTime: 00:00:00.5550000
        ScanForFileOnStart: True
        Recursive: False
        WatchType: Rename
}
13: Activity [1.55] "CreateConfiguration1" is Closed
{
    Arguments
        Directory: a:\directory
        Filter: *.txt
        Result: iCore.Workflow.Activities.Filesystem.FileSystemListenerConfiguration
        SettleTime: 00:00:00.5550000
        ScanForFileOnStart: True
        Recursive: False
        WatchType: Rename
}
14: Activity [1.28] "MainSequence1" scheduled child activity [1.50] "StartFileSystemListener1"
15: Activity [1.50] "StartFileSystemListener1" is Executing
{
    Arguments
        Configuration: iCore.Workflow.Activities.Filesystem.FileSystemListenerConfiguration
}
16: CustomTrackingRecord [1.50] "iCPSTraceTrackingRecord"
17: Activity [1.50] "StartFileSystemListener1" is Closed
{
    Arguments
        Result: 00000000-0000-0000-0000-000000000000
        Configuration: iCore.Workflow.Activities.Filesystem.FileSystemListenerConfiguration
}
18: Activity [1.28] "MainSequence1" scheduled child activity [1.29] "GetNextFile1"
19: Activity [1.29] "GetNextFile1" is Executing
{
    Arguments
        ErrorOnTimeout: False
        SubscriptionId: 00000000-0000-0000-0000-000000000000
        Timeout: -00:00:00.0010000
        Rename: True
        MoveFileToDirectory: a:\nother\directory\path
        IsImplicitlyCancellable: True
}
20: Activity [1.29] "GetNextFile1" scheduled child activity [1.29.1] "Sequence"
21: Activity [1.29.1] "Sequence" is Executing
{
    Variables
        _5ef1bf98_84fe_487c_bb8a_8079780ebfc1_63: 0
}
22: Activity [1.29.1] "Sequence" scheduled child activity [1.29.26] "GetNextFile1"
23: Activity [1.29.26] "GetNextFile1" is Executing
{
    Arguments
        ErrorOnTimeout: False
        SubscriptionId: 00000000-0000-0000-0000-000000000000
        Timeout: -00:00:00.0010000
        IsImplicitlyCancellable: True
}
24: CustomTrackingRecord [1.29.26] "iCPSTraceTrackingRecord"
25: WorkflowInstance "FilesystemListenerExActivity" is Idle
26: Bookmark "969cc37d-c76d-4441-95c6-26c8baceae66" resumed with payload &lt;iCore.Workflow.Activities.Extensions.ItemSubscriptionEventArgs`1[iCore.Common.Utilities.FileSystemWatcher.FileSystemWatcherFileInfo]&gt; owner [1.29.26] "GetNextFile1"
27: CustomTrackingRecord [1.29.26] "iCPSTraceTrackingRecord"
28: Activity [1.29.26] "GetNextFile1" is Closed
{
    Arguments
        ErrorOnTimeout: False
        SubscriptionId: 00000000-0000-0000-0000-000000000000
        FileName: 
        Timeout: -00:00:00.0010000
        FileFullName: 
        IsImplicitlyCancellable: True
        WatchType: 0
}
29: Activity [1.29.1] "Sequence" scheduled child activity [1.29.19] "AssignProcessingFileName1"
30: Activity [1.29.19] "AssignProcessingFileName1" is Executing
{
    Arguments
        Value: 
}
31: Activity [1.29.19] "AssignProcessingFileName1" is Closed
{
    Arguments
        Value: 
        To: 
}
32: Activity [1.29.1] "Sequence" scheduled child activity [1.29.11] "AssignProcessingFilePath1"
33: Activity [1.29.11] "AssignProcessingFilePath1" is Executing
{
    Arguments
        Value: 
}
34: Activity [1.29.11] "AssignProcessingFilePath1" is Closed
{
    Arguments
        Value: 
        To: 
}
35: Activity [1.29.1] "Sequence" scheduled child activity [1.29.2] "RenameFileCheck1"
36: Activity [1.29.2] "RenameFileCheck1" is Executing
{
    Arguments
        Condition: False
}
37: Activity [1.29.2] "RenameFileCheck1" is Closed
{
    Arguments
        Condition: False
}
38: Activity [1.29.1] "Sequence" is Closed
{
    Variables
        _5ef1bf98_84fe_487c_bb8a_8079780ebfc1_64: 0
}
39: Activity [1.29] "GetNextFile1" is Closed
{
    Arguments
        ErrorOnTimeout: False
        SubscriptionId: 00000000-0000-0000-0000-000000000000
        Timeout: -00:00:00.0010000
        Rename: True
        OriginalFileName: 
        ProcessingFilePath: 
        MoveFileToDirectory: a:\nother\directory\path
        IsImplicitlyCancellable: True
        ProcessingFileName: 
        OriginalFilePath: 
}
40: Activity [1.28] "MainSequence1" is Closed
{
    Variables
        configuration: iCore.Workflow.Activities.Filesystem.FileSystemListenerConfiguration
}
41: Activity [1.24] "TryCatch2" scheduled child activity [1.25] "CloseConnection1"
42: Activity [1.25] "CloseConnection1" is Executing
{
    Arguments
        SubscriptionId: 00000000-0000-0000-0000-000000000000
}
43: CustomTrackingRecord [1.25] "iCPSTraceTrackingRecord"
44: Activity [1.25] "CloseConnection1" is Closed
{
    Arguments
        SubscriptionId: 00000000-0000-0000-0000-000000000000
}
45: Activity [1.24] "TryCatch2" is Closed
46: Activity [1.21] "TryCatch1" is Closed
{
    Variables
        connection: 00000000-0000-0000-0000-000000000000
}
47: Activity [1.1] "Sequence" scheduled child activity [1.2] "OpenIfFileExists1"
48: Activity [1.2] "OpenIfFileExists1" is Executing
{
    Arguments
        Condition: False
}
49: Activity [1.2] "OpenIfFileExists1" scheduled child activity [1.6] "AssignDataNull1"
50: Activity [1.6] "AssignDataNull1" is Executing
{
    Arguments
        Value: System.IO.Stream+NullStream
}
51: Activity [1.6] "AssignDataNull1" is Closed
{
    Arguments
        Value: System.IO.Stream+NullStream
        To: System.IO.Stream+NullStream
}
52: Activity [1.2] "OpenIfFileExists1" is Closed
{
    Arguments
        Condition: False
}
53: Activity [1.1] "Sequence" is Closed
54: Activity [1] "FilesystemListenerExActivity" is Closed
{
    Arguments
        Directory: a:\directory
        FileAccess: Read
        ErrorOnTimeout: False
        FileMode: Open
        Timeout: -00:00:00.0010000
        Filter: *.txt
        Rename: True
        OriginalFileName: 
        FileShare: Read
        SettleTime: 00:00:00.5550000
        Data: System.IO.Stream+NullStream
        ProcessingFilePath: 
        ScanForFileOnStart: True
        MoveFileToDirectory: a:\nother\directory\path
        IsImplicitlyCancellable: True
        ProcessingFileName: 
        OriginalFilePath: 
        Recursive: False
        WatchType: Rename
}
55: WorkflowInstance "FilesystemListenerExActivity" is Completed</StdOut>
      </Output>
    </UnitTestResult>
    <UnitTestResult executionId="d7a2fe0d-15ab-4125-83ac-a7549d5baca1" testId="8eef2d3a-9c81-55de-677c-c88e88d49892" testName="Invoke_RenameMoveNoErrorOnTimeoutNoFileFound_OutArgumentOriginalFileNameIsNull" computerName="ICSWS068" duration="00:00:00.0104645" startTime="2016-08-04T09:58:41.4290896+02:00" endTime="2016-08-04T09:58:41.4414217+02:00" testType="13cdc9d9-ddb5-4fa4-a97d-d965ccfc6d4b" outcome="Passed" testListId="8c84fa94-04c1-424b-9868-57a2d4851a1d" relativeResultsDirectory="d7a2fe0d-15ab-4125-83ac-a7549d5baca1">
      <Output>
        <StdOut>Debug Trace:
0: WorkflowInstance "FilesystemListenerExActivity" is Started
1: Activity [null] "null" scheduled child activity [1] "FilesystemListenerExActivity"
2: Activity [1] "FilesystemListenerExActivity" is Executing
{
    Arguments
        Directory: a:\directory
        FileAccess: Read
        ErrorOnTimeout: False
        FileMode: Open
        Timeout: -00:00:00.0010000
        Filter: *.txt
        Rename: True
        FileShare: Read
        SettleTime: 00:00:00.5550000
        ScanForFileOnStart: True
        MoveFileToDirectory: a:\nother\directory\path
        IsImplicitlyCancellable: True
        Recursive: False
        WatchType: Rename
}
3: Activity [1] "FilesystemListenerExActivity" scheduled child activity [1.1] "Sequence"
4: Activity [1.1] "Sequence" is Executing
5: Activity [1.1] "Sequence" scheduled child activity [1.21] "TryCatch1"
6: Activity [1.21] "TryCatch1" is Executing
{
    Variables
        connection: 00000000-0000-0000-0000-000000000000
}
7: Activity [1.21] "TryCatch1" scheduled child activity [1.24] "TryCatch2"
8: Activity [1.24] "TryCatch2" is Executing
9: Activity [1.24] "TryCatch2" scheduled child activity [1.28] "MainSequence1"
10: Activity [1.28] "MainSequence1" is Executing
{
    Variables
        configuration: iCore.Workflow.Activities.Filesystem.FileSystemListenerConfiguration
}
11: Activity [1.28] "MainSequence1" scheduled child activity [1.55] "CreateConfiguration1"
12: Activity [1.55] "CreateConfiguration1" is Executing
{
    Arguments
        Directory: a:\directory
        Filter: *.txt
        SettleTime: 00:00:00.5550000
        ScanForFileOnStart: True
        Recursive: False
        WatchType: Rename
}
13: Activity [1.55] "CreateConfiguration1" is Closed
{
    Arguments
        Directory: a:\directory
        Filter: *.txt
        Result: iCore.Workflow.Activities.Filesystem.FileSystemListenerConfiguration
        SettleTime: 00:00:00.5550000
        ScanForFileOnStart: True
        Recursive: False
        WatchType: Rename
}
14: Activity [1.28] "MainSequence1" scheduled child activity [1.50] "StartFileSystemListener1"
15: Activity [1.50] "StartFileSystemListener1" is Executing
{
    Arguments
        Configuration: iCore.Workflow.Activities.Filesystem.FileSystemListenerConfiguration
}
16: CustomTrackingRecord [1.50] "iCPSTraceTrackingRecord"
17: Activity [1.50] "StartFileSystemListener1" is Closed
{
    Arguments
        Result: 00000000-0000-0000-0000-000000000000
        Configuration: iCore.Workflow.Activities.Filesystem.FileSystemListenerConfiguration
}
18: Activity [1.28] "MainSequence1" scheduled child activity [1.29] "GetNextFile1"
19: Activity [1.29] "GetNextFile1" is Executing
{
    Arguments
        ErrorOnTimeout: False
        SubscriptionId: 00000000-0000-0000-0000-000000000000
        Timeout: -00:00:00.0010000
        Rename: True
        MoveFileToDirectory: a:\nother\directory\path
        IsImplicitlyCancellable: True
}
20: Activity [1.29] "GetNextFile1" scheduled child activity [1.29.1] "Sequence"
21: Activity [1.29.1] "Sequence" is Executing
{
    Variables
        _5ef1bf98_84fe_487c_bb8a_8079780ebfc1_65: 0
}
22: Activity [1.29.1] "Sequence" scheduled child activity [1.29.26] "GetNextFile1"
23: Activity [1.29.26] "GetNextFile1" is Executing
{
    Arguments
        ErrorOnTimeout: False
        SubscriptionId: 00000000-0000-0000-0000-000000000000
        Timeout: -00:00:00.0010000
        IsImplicitlyCancellable: True
}
24: CustomTrackingRecord [1.29.26] "iCPSTraceTrackingRecord"
25: WorkflowInstance "FilesystemListenerExActivity" is Idle
26: Bookmark "f6e57fe3-e895-40bb-81d1-d41e6496ff1c" resumed with payload &lt;iCore.Workflow.Activities.Extensions.ItemSubscriptionEventArgs`1[iCore.Common.Utilities.FileSystemWatcher.FileSystemWatcherFileInfo]&gt; owner [1.29.26] "GetNextFile1"
27: CustomTrackingRecord [1.29.26] "iCPSTraceTrackingRecord"
28: Activity [1.29.26] "GetNextFile1" is Closed
{
    Arguments
        ErrorOnTimeout: False
        SubscriptionId: 00000000-0000-0000-0000-000000000000
        FileName: 
        Timeout: -00:00:00.0010000
        FileFullName: 
        IsImplicitlyCancellable: True
        WatchType: 0
}
29: Activity [1.29.1] "Sequence" scheduled child activity [1.29.19] "AssignProcessingFileName1"
30: Activity [1.29.19] "AssignProcessingFileName1" is Executing
{
    Arguments
        Value: 
}
31: Activity [1.29.19] "AssignProcessingFileName1" is Closed
{
    Arguments
        Value: 
        To: 
}
32: Activity [1.29.1] "Sequence" scheduled child activity [1.29.11] "AssignProcessingFilePath1"
33: Activity [1.29.11] "AssignProcessingFilePath1" is Executing
{
    Arguments
        Value: 
}
34: Activity [1.29.11] "AssignProcessingFilePath1" is Closed
{
    Arguments
        Value: 
        To: 
}
35: Activity [1.29.1] "Sequence" scheduled child activity [1.29.2] "RenameFileCheck1"
36: Activity [1.29.2] "RenameFileCheck1" is Executing
{
    Arguments
        Condition: False
}
37: Activity [1.29.2] "RenameFileCheck1" is Closed
{
    Arguments
        Condition: False
}
38: Activity [1.29.1] "Sequence" is Closed
{
    Variables
        _5ef1bf98_84fe_487c_bb8a_8079780ebfc1_66: 0
}
39: Activity [1.29] "GetNextFile1" is Closed
{
    Arguments
        ErrorOnTimeout: False
        SubscriptionId: 00000000-0000-0000-0000-000000000000
        Timeout: -00:00:00.0010000
        Rename: True
        OriginalFileName: 
        ProcessingFilePath: 
        MoveFileToDirectory: a:\nother\directory\path
        IsImplicitlyCancellable: True
        ProcessingFileName: 
        OriginalFilePath: 
}
40: Activity [1.28] "MainSequence1" is Closed
{
    Variables
        configuration: iCore.Workflow.Activities.Filesystem.FileSystemListenerConfiguration
}
41: Activity [1.24] "TryCatch2" scheduled child activity [1.25] "CloseConnection1"
42: Activity [1.25] "CloseConnection1" is Executing
{
    Arguments
        SubscriptionId: 00000000-0000-0000-0000-000000000000
}
43: CustomTrackingRecord [1.25] "iCPSTraceTrackingRecord"
44: Activity [1.25] "CloseConnection1" is Closed
{
    Arguments
        SubscriptionId: 00000000-0000-0000-0000-000000000000
}
45: Activity [1.24] "TryCatch2" is Closed
46: Activity [1.21] "TryCatch1" is Closed
{
    Variables
        connection: 00000000-0000-0000-0000-000000000000
}
47: Activity [1.1] "Sequence" scheduled child activity [1.2] "OpenIfFileExists1"
48: Activity [1.2] "OpenIfFileExists1" is Executing
{
    Arguments
        Condition: False
}
49: Activity [1.2] "OpenIfFileExists1" scheduled child activity [1.6] "AssignDataNull1"
50: Activity [1.6] "AssignDataNull1" is Executing
{
    Arguments
        Value: System.IO.Stream+NullStream
}
51: Activity [1.6] "AssignDataNull1" is Closed
{
    Arguments
        Value: System.IO.Stream+NullStream
        To: System.IO.Stream+NullStream
}
52: Activity [1.2] "OpenIfFileExists1" is Closed
{
    Arguments
        Condition: False
}
53: Activity [1.1] "Sequence" is Closed
54: Activity [1] "FilesystemListenerExActivity" is Closed
{
    Arguments
        Directory: a:\directory
        FileAccess: Read
        ErrorOnTimeout: False
        FileMode: Open
        Timeout: -00:00:00.0010000
        Filter: *.txt
        Rename: True
        OriginalFileName: 
        FileShare: Read
        SettleTime: 00:00:00.5550000
        Data: System.IO.Stream+NullStream
        ProcessingFilePath: 
        ScanForFileOnStart: True
        MoveFileToDirectory: a:\nother\directory\path
        IsImplicitlyCancellable: True
        ProcessingFileName: 
        OriginalFilePath: 
        Recursive: False
        WatchType: Rename
}
55: WorkflowInstance "FilesystemListenerExActivity" is Completed</StdOut>
      </Output>
    </UnitTestResult>
    <UnitTestResult executionId="f270ed94-828c-4feb-bd8a-3070a563241f" testId="17c75049-8596-92a0-b71d-e7c02ee6d22e" testName="Invoke_RenameMoveNoErrorOnTimeoutNoFileFound_OutArgumentOriginalFilePathIsNull" computerName="ICSWS068" duration="00:00:00.0102261" startTime="2016-08-04T09:58:41.4451961+02:00" endTime="2016-08-04T09:58:41.4572041+02:00" testType="13cdc9d9-ddb5-4fa4-a97d-d965ccfc6d4b" outcome="Passed" testListId="8c84fa94-04c1-424b-9868-57a2d4851a1d" relativeResultsDirectory="f270ed94-828c-4feb-bd8a-3070a563241f">
      <Output>
        <StdOut>Debug Trace:
0: WorkflowInstance "FilesystemListenerExActivity" is Started
1: Activity [null] "null" scheduled child activity [1] "FilesystemListenerExActivity"
2: Activity [1] "FilesystemListenerExActivity" is Executing
{
    Arguments
        Directory: a:\directory
        FileAccess: Read
        ErrorOnTimeout: False
        FileMode: Open
        Timeout: -00:00:00.0010000
        Filter: *.txt
        Rename: True
        FileShare: Read
        SettleTime: 00:00:00.5550000
        ScanForFileOnStart: True
        MoveFileToDirectory: a:\nother\directory\path
        IsImplicitlyCancellable: True
        Recursive: False
        WatchType: Rename
}
3: Activity [1] "FilesystemListenerExActivity" scheduled child activity [1.1] "Sequence"
4: Activity [1.1] "Sequence" is Executing
5: Activity [1.1] "Sequence" scheduled child activity [1.21] "TryCatch1"
6: Activity [1.21] "TryCatch1" is Executing
{
    Variables
        connection: 00000000-0000-0000-0000-000000000000
}
7: Activity [1.21] "TryCatch1" scheduled child activity [1.24] "TryCatch2"
8: Activity [1.24] "TryCatch2" is Executing
9: Activity [1.24] "TryCatch2" scheduled child activity [1.28] "MainSequence1"
10: Activity [1.28] "MainSequence1" is Executing
{
    Variables
        configuration: iCore.Workflow.Activities.Filesystem.FileSystemListenerConfiguration
}
11: Activity [1.28] "MainSequence1" scheduled child activity [1.55] "CreateConfiguration1"
12: Activity [1.55] "CreateConfiguration1" is Executing
{
    Arguments
        Directory: a:\directory
        Filter: *.txt
        SettleTime: 00:00:00.5550000
        ScanForFileOnStart: True
        Recursive: False
        WatchType: Rename
}
13: Activity [1.55] "CreateConfiguration1" is Closed
{
    Arguments
        Directory: a:\directory
        Filter: *.txt
        Result: iCore.Workflow.Activities.Filesystem.FileSystemListenerConfiguration
        SettleTime: 00:00:00.5550000
        ScanForFileOnStart: True
        Recursive: False
        WatchType: Rename
}
14: Activity [1.28] "MainSequence1" scheduled child activity [1.50] "StartFileSystemListener1"
15: Activity [1.50] "StartFileSystemListener1" is Executing
{
    Arguments
        Configuration: iCore.Workflow.Activities.Filesystem.FileSystemListenerConfiguration
}
16: CustomTrackingRecord [1.50] "iCPSTraceTrackingRecord"
17: Activity [1.50] "StartFileSystemListener1" is Closed
{
    Arguments
        Result: 00000000-0000-0000-0000-000000000000
        Configuration: iCore.Workflow.Activities.Filesystem.FileSystemListenerConfiguration
}
18: Activity [1.28] "MainSequence1" scheduled child activity [1.29] "GetNextFile1"
19: Activity [1.29] "GetNextFile1" is Executing
{
    Arguments
        ErrorOnTimeout: False
        SubscriptionId: 00000000-0000-0000-0000-000000000000
        Timeout: -00:00:00.0010000
        Rename: True
        MoveFileToDirectory: a:\nother\directory\path
        IsImplicitlyCancellable: True
}
20: Activity [1.29] "GetNextFile1" scheduled child activity [1.29.1] "Sequence"
21: Activity [1.29.1] "Sequence" is Executing
{
    Variables
        _5ef1bf98_84fe_487c_bb8a_8079780ebfc1_67: 0
}
22: Activity [1.29.1] "Sequence" scheduled child activity [1.29.26] "GetNextFile1"
23: Activity [1.29.26] "GetNextFile1" is Executing
{
    Arguments
        ErrorOnTimeout: False
        SubscriptionId: 00000000-0000-0000-0000-000000000000
        Timeout: -00:00:00.0010000
        IsImplicitlyCancellable: True
}
24: CustomTrackingRecord [1.29.26] "iCPSTraceTrackingRecord"
25: WorkflowInstance "FilesystemListenerExActivity" is Idle
26: Bookmark "f7ce75a5-e495-4cd7-8e38-22287b28349e" resumed with payload &lt;iCore.Workflow.Activities.Extensions.ItemSubscriptionEventArgs`1[iCore.Common.Utilities.FileSystemWatcher.FileSystemWatcherFileInfo]&gt; owner [1.29.26] "GetNextFile1"
27: CustomTrackingRecord [1.29.26] "iCPSTraceTrackingRecord"
28: Activity [1.29.26] "GetNextFile1" is Closed
{
    Arguments
        ErrorOnTimeout: False
        SubscriptionId: 00000000-0000-0000-0000-000000000000
        FileName: 
        Timeout: -00:00:00.0010000
        FileFullName: 
        IsImplicitlyCancellable: True
        WatchType: 0
}
29: Activity [1.29.1] "Sequence" scheduled child activity [1.29.19] "AssignProcessingFileName1"
30: Activity [1.29.19] "AssignProcessingFileName1" is Executing
{
    Arguments
        Value: 
}
31: Activity [1.29.19] "AssignProcessingFileName1" is Closed
{
    Arguments
        Value: 
        To: 
}
32: Activity [1.29.1] "Sequence" scheduled child activity [1.29.11] "AssignProcessingFilePath1"
33: Activity [1.29.11] "AssignProcessingFilePath1" is Executing
{
    Arguments
        Value: 
}
34: Activity [1.29.11] "AssignProcessingFilePath1" is Closed
{
    Arguments
        Value: 
        To: 
}
35: Activity [1.29.1] "Sequence" scheduled child activity [1.29.2] "RenameFileCheck1"
36: Activity [1.29.2] "RenameFileCheck1" is Executing
{
    Arguments
        Condition: False
}
37: Activity [1.29.2] "RenameFileCheck1" is Closed
{
    Arguments
        Condition: False
}
38: Activity [1.29.1] "Sequence" is Closed
{
    Variables
        _5ef1bf98_84fe_487c_bb8a_8079780ebfc1_68: 0
}
39: Activity [1.29] "GetNextFile1" is Closed
{
    Arguments
        ErrorOnTimeout: False
        SubscriptionId: 00000000-0000-0000-0000-000000000000
        Timeout: -00:00:00.0010000
        Rename: True
        OriginalFileName: 
        ProcessingFilePath: 
        MoveFileToDirectory: a:\nother\directory\path
        IsImplicitlyCancellable: True
        ProcessingFileName: 
        OriginalFilePath: 
}
40: Activity [1.28] "MainSequence1" is Closed
{
    Variables
        configuration: iCore.Workflow.Activities.Filesystem.FileSystemListenerConfiguration
}
41: Activity [1.24] "TryCatch2" scheduled child activity [1.25] "CloseConnection1"
42: Activity [1.25] "CloseConnection1" is Executing
{
    Arguments
        SubscriptionId: 00000000-0000-0000-0000-000000000000
}
43: CustomTrackingRecord [1.25] "iCPSTraceTrackingRecord"
44: Activity [1.25] "CloseConnection1" is Closed
{
    Arguments
        SubscriptionId: 00000000-0000-0000-0000-000000000000
}
45: Activity [1.24] "TryCatch2" is Closed
46: Activity [1.21] "TryCatch1" is Closed
{
    Variables
        connection: 00000000-0000-0000-0000-000000000000
}
47: Activity [1.1] "Sequence" scheduled child activity [1.2] "OpenIfFileExists1"
48: Activity [1.2] "OpenIfFileExists1" is Executing
{
    Arguments
        Condition: False
}
49: Activity [1.2] "OpenIfFileExists1" scheduled child activity [1.6] "AssignDataNull1"
50: Activity [1.6] "AssignDataNull1" is Executing
{
    Arguments
        Value: System.IO.Stream+NullStream
}
51: Activity [1.6] "AssignDataNull1" is Closed
{
    Arguments
        Value: System.IO.Stream+NullStream
        To: System.IO.Stream+NullStream
}
52: Activity [1.2] "OpenIfFileExists1" is Closed
{
    Arguments
        Condition: False
}
53: Activity [1.1] "Sequence" is Closed
54: Activity [1] "FilesystemListenerExActivity" is Closed
{
    Arguments
        Directory: a:\directory
        FileAccess: Read
        ErrorOnTimeout: False
        FileMode: Open
        Timeout: -00:00:00.0010000
        Filter: *.txt
        Rename: True
        OriginalFileName: 
        FileShare: Read
        SettleTime: 00:00:00.5550000
        Data: System.IO.Stream+NullStream
        ProcessingFilePath: 
        ScanForFileOnStart: True
        MoveFileToDirectory: a:\nother\directory\path
        IsImplicitlyCancellable: True
        ProcessingFileName: 
        OriginalFilePath: 
        Recursive: False
        WatchType: Rename
}
55: WorkflowInstance "FilesystemListenerExActivity" is Completed</StdOut>
      </Output>
    </UnitTestResult>
    <UnitTestResult executionId="45f25f1c-e565-4697-95c7-5fd64b93a632" testId="049fb51e-8d89-9128-4810-cf438a9a3a94" testName="Invoke_RenameMoveNoErrorOnTimeoutNoFileFound_OutArgumentDataIsStreamNull" computerName="ICSWS068" duration="00:00:00.0098085" startTime="2016-08-04T09:58:41.4602064+02:00" endTime="2016-08-04T09:58:41.4717147+02:00" testType="13cdc9d9-ddb5-4fa4-a97d-d965ccfc6d4b" outcome="Passed" testListId="8c84fa94-04c1-424b-9868-57a2d4851a1d" relativeResultsDirectory="45f25f1c-e565-4697-95c7-5fd64b93a632">
      <Output>
        <StdOut>Debug Trace:
0: WorkflowInstance "FilesystemListenerExActivity" is Started
1: Activity [null] "null" scheduled child activity [1] "FilesystemListenerExActivity"
2: Activity [1] "FilesystemListenerExActivity" is Executing
{
    Arguments
        Directory: a:\directory
        FileAccess: Read
        ErrorOnTimeout: False
        FileMode: Open
        Timeout: -00:00:00.0010000
        Filter: *.txt
        Rename: True
        FileShare: Read
        SettleTime: 00:00:00.5550000
        ScanForFileOnStart: True
        MoveFileToDirectory: a:\nother\directory\path
        IsImplicitlyCancellable: True
        Recursive: False
        WatchType: Rename
}
3: Activity [1] "FilesystemListenerExActivity" scheduled child activity [1.1] "Sequence"
4: Activity [1.1] "Sequence" is Executing
5: Activity [1.1] "Sequence" scheduled child activity [1.21] "TryCatch1"
6: Activity [1.21] "TryCatch1" is Executing
{
    Variables
        connection: 00000000-0000-0000-0000-000000000000
}
7: Activity [1.21] "TryCatch1" scheduled child activity [1.24] "TryCatch2"
8: Activity [1.24] "TryCatch2" is Executing
9: Activity [1.24] "TryCatch2" scheduled child activity [1.28] "MainSequence1"
10: Activity [1.28] "MainSequence1" is Executing
{
    Variables
        configuration: iCore.Workflow.Activities.Filesystem.FileSystemListenerConfiguration
}
11: Activity [1.28] "MainSequence1" scheduled child activity [1.55] "CreateConfiguration1"
12: Activity [1.55] "CreateConfiguration1" is Executing
{
    Arguments
        Directory: a:\directory
        Filter: *.txt
        SettleTime: 00:00:00.5550000
        ScanForFileOnStart: True
        Recursive: False
        WatchType: Rename
}
13: Activity [1.55] "CreateConfiguration1" is Closed
{
    Arguments
        Directory: a:\directory
        Filter: *.txt
        Result: iCore.Workflow.Activities.Filesystem.FileSystemListenerConfiguration
        SettleTime: 00:00:00.5550000
        ScanForFileOnStart: True
        Recursive: False
        WatchType: Rename
}
14: Activity [1.28] "MainSequence1" scheduled child activity [1.50] "StartFileSystemListener1"
15: Activity [1.50] "StartFileSystemListener1" is Executing
{
    Arguments
        Configuration: iCore.Workflow.Activities.Filesystem.FileSystemListenerConfiguration
}
16: CustomTrackingRecord [1.50] "iCPSTraceTrackingRecord"
17: Activity [1.50] "StartFileSystemListener1" is Closed
{
    Arguments
        Result: 00000000-0000-0000-0000-000000000000
        Configuration: iCore.Workflow.Activities.Filesystem.FileSystemListenerConfiguration
}
18: Activity [1.28] "MainSequence1" scheduled child activity [1.29] "GetNextFile1"
19: Activity [1.29] "GetNextFile1" is Executing
{
    Arguments
        ErrorOnTimeout: False
        SubscriptionId: 00000000-0000-0000-0000-000000000000
        Timeout: -00:00:00.0010000
        Rename: True
        MoveFileToDirectory: a:\nother\directory\path
        IsImplicitlyCancellable: True
}
20: Activity [1.29] "GetNextFile1" scheduled child activity [1.29.1] "Sequence"
21: Activity [1.29.1] "Sequence" is Executing
{
    Variables
        _5ef1bf98_84fe_487c_bb8a_8079780ebfc1_69: 0
}
22: Activity [1.29.1] "Sequence" scheduled child activity [1.29.26] "GetNextFile1"
23: Activity [1.29.26] "GetNextFile1" is Executing
{
    Arguments
        ErrorOnTimeout: False
        SubscriptionId: 00000000-0000-0000-0000-000000000000
        Timeout: -00:00:00.0010000
        IsImplicitlyCancellable: True
}
24: CustomTrackingRecord [1.29.26] "iCPSTraceTrackingRecord"
25: WorkflowInstance "FilesystemListenerExActivity" is Idle
26: Bookmark "705a49f5-5106-4d0e-87ed-1aaf17f47240" resumed with payload &lt;iCore.Workflow.Activities.Extensions.ItemSubscriptionEventArgs`1[iCore.Common.Utilities.FileSystemWatcher.FileSystemWatcherFileInfo]&gt; owner [1.29.26] "GetNextFile1"
27: CustomTrackingRecord [1.29.26] "iCPSTraceTrackingRecord"
28: Activity [1.29.26] "GetNextFile1" is Closed
{
    Arguments
        ErrorOnTimeout: False
        SubscriptionId: 00000000-0000-0000-0000-000000000000
        FileName: 
        Timeout: -00:00:00.0010000
        FileFullName: 
        IsImplicitlyCancellable: True
        WatchType: 0
}
29: Activity [1.29.1] "Sequence" scheduled child activity [1.29.19] "AssignProcessingFileName1"
30: Activity [1.29.19] "AssignProcessingFileName1" is Executing
{
    Arguments
        Value: 
}
31: Activity [1.29.19] "AssignProcessingFileName1" is Closed
{
    Arguments
        Value: 
        To: 
}
32: Activity [1.29.1] "Sequence" scheduled child activity [1.29.11] "AssignProcessingFilePath1"
33: Activity [1.29.11] "AssignProcessingFilePath1" is Executing
{
    Arguments
        Value: 
}
34: Activity [1.29.11] "AssignProcessingFilePath1" is Closed
{
    Arguments
        Value: 
        To: 
}
35: Activity [1.29.1] "Sequence" scheduled child activity [1.29.2] "RenameFileCheck1"
36: Activity [1.29.2] "RenameFileCheck1" is Executing
{
    Arguments
        Condition: False
}
37: Activity [1.29.2] "RenameFileCheck1" is Closed
{
    Arguments
        Condition: False
}
38: Activity [1.29.1] "Sequence" is Closed
{
    Variables
        _5ef1bf98_84fe_487c_bb8a_8079780ebfc1_70: 0
}
39: Activity [1.29] "GetNextFile1" is Closed
{
    Arguments
        ErrorOnTimeout: False
        SubscriptionId: 00000000-0000-0000-0000-000000000000
        Timeout: -00:00:00.0010000
        Rename: True
        OriginalFileName: 
        ProcessingFilePath: 
        MoveFileToDirectory: a:\nother\directory\path
        IsImplicitlyCancellable: True
        ProcessingFileName: 
        OriginalFilePath: 
}
40: Activity [1.28] "MainSequence1" is Closed
{
    Variables
        configuration: iCore.Workflow.Activities.Filesystem.FileSystemListenerConfiguration
}
41: Activity [1.24] "TryCatch2" scheduled child activity [1.25] "CloseConnection1"
42: Activity [1.25] "CloseConnection1" is Executing
{
    Arguments
        SubscriptionId: 00000000-0000-0000-0000-000000000000
}
43: CustomTrackingRecord [1.25] "iCPSTraceTrackingRecord"
44: Activity [1.25] "CloseConnection1" is Closed
{
    Arguments
        SubscriptionId: 00000000-0000-0000-0000-000000000000
}
45: Activity [1.24] "TryCatch2" is Closed
46: Activity [1.21] "TryCatch1" is Closed
{
    Variables
        connection: 00000000-0000-0000-0000-000000000000
}
47: Activity [1.1] "Sequence" scheduled child activity [1.2] "OpenIfFileExists1"
48: Activity [1.2] "OpenIfFileExists1" is Executing
{
    Arguments
        Condition: False
}
49: Activity [1.2] "OpenIfFileExists1" scheduled child activity [1.6] "AssignDataNull1"
50: Activity [1.6] "AssignDataNull1" is Executing
{
    Arguments
        Value: System.IO.Stream+NullStream
}
51: Activity [1.6] "AssignDataNull1" is Closed
{
    Arguments
        Value: System.IO.Stream+NullStream
        To: System.IO.Stream+NullStream
}
52: Activity [1.2] "OpenIfFileExists1" is Closed
{
    Arguments
        Condition: False
}
53: Activity [1.1] "Sequence" is Closed
54: Activity [1] "FilesystemListenerExActivity" is Closed
{
    Arguments
        Directory: a:\directory
        FileAccess: Read
        ErrorOnTimeout: False
        FileMode: Open
        Timeout: -00:00:00.0010000
        Filter: *.txt
        Rename: True
        OriginalFileName: 
        FileShare: Read
        SettleTime: 00:00:00.5550000
        Data: System.IO.Stream+NullStream
        ProcessingFilePath: 
        ScanForFileOnStart: True
        MoveFileToDirectory: a:\nother\directory\path
        IsImplicitlyCancellable: True
        ProcessingFileName: 
        OriginalFilePath: 
        Recursive: False
        WatchType: Rename
}
55: WorkflowInstance "FilesystemListenerExActivity" is Completed</StdOut>
      </Output>
    </UnitTestResult>
    <UnitTestResult executionId="c6c08b87-40d8-4829-86e2-845372d9511e" testId="db53f9f5-81d6-ce6b-3ef2-a6a351cb4843" testName="Invoke_RenameNoMoveNoErrorOnTimeoutNoFileFound_OutArgumentProcessingFileNameIsNull" computerName="ICSWS068" duration="00:00:00.0092414" startTime="2016-08-04T09:58:41.4747170+02:00" endTime="2016-08-04T09:58:41.4852244+02:00" testType="13cdc9d9-ddb5-4fa4-a97d-d965ccfc6d4b" outcome="Passed" testListId="8c84fa94-04c1-424b-9868-57a2d4851a1d" relativeResultsDirectory="c6c08b87-40d8-4829-86e2-845372d9511e">
      <Output>
        <StdOut>Debug Trace:
0: WorkflowInstance "FilesystemListenerExActivity" is Started
1: Activity [null] "null" scheduled child activity [1] "FilesystemListenerExActivity"
2: Activity [1] "FilesystemListenerExActivity" is Executing
{
    Arguments
        Directory: a:\directory
        FileAccess: Read
        ErrorOnTimeout: False
        FileMode: Open
        Timeout: -00:00:00.0010000
        Filter: *.txt
        Rename: True
        FileShare: Read
        SettleTime: 00:00:00.5550000
        ScanForFileOnStart: True
        MoveFileToDirectory: 
        IsImplicitlyCancellable: True
        Recursive: False
        WatchType: Rename
}
3: Activity [1] "FilesystemListenerExActivity" scheduled child activity [1.1] "Sequence"
4: Activity [1.1] "Sequence" is Executing
5: Activity [1.1] "Sequence" scheduled child activity [1.21] "TryCatch1"
6: Activity [1.21] "TryCatch1" is Executing
{
    Variables
        connection: 00000000-0000-0000-0000-000000000000
}
7: Activity [1.21] "TryCatch1" scheduled child activity [1.24] "TryCatch2"
8: Activity [1.24] "TryCatch2" is Executing
9: Activity [1.24] "TryCatch2" scheduled child activity [1.28] "MainSequence1"
10: Activity [1.28] "MainSequence1" is Executing
{
    Variables
        configuration: iCore.Workflow.Activities.Filesystem.FileSystemListenerConfiguration
}
11: Activity [1.28] "MainSequence1" scheduled child activity [1.55] "CreateConfiguration1"
12: Activity [1.55] "CreateConfiguration1" is Executing
{
    Arguments
        Directory: a:\directory
        Filter: *.txt
        SettleTime: 00:00:00.5550000
        ScanForFileOnStart: True
        Recursive: False
        WatchType: Rename
}
13: Activity [1.55] "CreateConfiguration1" is Closed
{
    Arguments
        Directory: a:\directory
        Filter: *.txt
        Result: iCore.Workflow.Activities.Filesystem.FileSystemListenerConfiguration
        SettleTime: 00:00:00.5550000
        ScanForFileOnStart: True
        Recursive: False
        WatchType: Rename
}
14: Activity [1.28] "MainSequence1" scheduled child activity [1.50] "StartFileSystemListener1"
15: Activity [1.50] "StartFileSystemListener1" is Executing
{
    Arguments
        Configuration: iCore.Workflow.Activities.Filesystem.FileSystemListenerConfiguration
}
16: CustomTrackingRecord [1.50] "iCPSTraceTrackingRecord"
17: Activity [1.50] "StartFileSystemListener1" is Closed
{
    Arguments
        Result: 00000000-0000-0000-0000-000000000000
        Configuration: iCore.Workflow.Activities.Filesystem.FileSystemListenerConfiguration
}
18: Activity [1.28] "MainSequence1" scheduled child activity [1.29] "GetNextFile1"
19: Activity [1.29] "GetNextFile1" is Executing
{
    Arguments
        ErrorOnTimeout: False
        SubscriptionId: 00000000-0000-0000-0000-000000000000
        Timeout: -00:00:00.0010000
        Rename: True
        MoveFileToDirectory: 
        IsImplicitlyCancellable: True
}
20: Activity [1.29] "GetNextFile1" scheduled child activity [1.29.1] "Sequence"
21: Activity [1.29.1] "Sequence" is Executing
{
    Variables
        _5ef1bf98_84fe_487c_bb8a_8079780ebfc1_71: 0
}
22: Activity [1.29.1] "Sequence" scheduled child activity [1.29.26] "GetNextFile1"
23: Activity [1.29.26] "GetNextFile1" is Executing
{
    Arguments
        ErrorOnTimeout: False
        SubscriptionId: 00000000-0000-0000-0000-000000000000
        Timeout: -00:00:00.0010000
        IsImplicitlyCancellable: True
}
24: CustomTrackingRecord [1.29.26] "iCPSTraceTrackingRecord"
25: WorkflowInstance "FilesystemListenerExActivity" is Idle
26: Bookmark "e5607a26-c39d-4175-aa27-b61c6b081f32" resumed with payload &lt;iCore.Workflow.Activities.Extensions.ItemSubscriptionEventArgs`1[iCore.Common.Utilities.FileSystemWatcher.FileSystemWatcherFileInfo]&gt; owner [1.29.26] "GetNextFile1"
27: CustomTrackingRecord [1.29.26] "iCPSTraceTrackingRecord"
28: Activity [1.29.26] "GetNextFile1" is Closed
{
    Arguments
        ErrorOnTimeout: False
        SubscriptionId: 00000000-0000-0000-0000-000000000000
        FileName: 
        Timeout: -00:00:00.0010000
        FileFullName: 
        IsImplicitlyCancellable: True
        WatchType: 0
}
29: Activity [1.29.1] "Sequence" scheduled child activity [1.29.19] "AssignProcessingFileName1"
30: Activity [1.29.19] "AssignProcessingFileName1" is Executing
{
    Arguments
        Value: 
}
31: Activity [1.29.19] "AssignProcessingFileName1" is Closed
{
    Arguments
        Value: 
        To: 
}
32: Activity [1.29.1] "Sequence" scheduled child activity [1.29.11] "AssignProcessingFilePath1"
33: Activity [1.29.11] "AssignProcessingFilePath1" is Executing
{
    Arguments
        Value: 
}
34: Activity [1.29.11] "AssignProcessingFilePath1" is Closed
{
    Arguments
        Value: 
        To: 
}
35: Activity [1.29.1] "Sequence" scheduled child activity [1.29.2] "RenameFileCheck1"
36: Activity [1.29.2] "RenameFileCheck1" is Executing
{
    Arguments
        Condition: False
}
37: Activity [1.29.2] "RenameFileCheck1" is Closed
{
    Arguments
        Condition: False
}
38: Activity [1.29.1] "Sequence" is Closed
{
    Variables
        _5ef1bf98_84fe_487c_bb8a_8079780ebfc1_72: 0
}
39: Activity [1.29] "GetNextFile1" is Closed
{
    Arguments
        ErrorOnTimeout: False
        SubscriptionId: 00000000-0000-0000-0000-000000000000
        Timeout: -00:00:00.0010000
        Rename: True
        OriginalFileName: 
        ProcessingFilePath: 
        MoveFileToDirectory: 
        IsImplicitlyCancellable: True
        ProcessingFileName: 
        OriginalFilePath: 
}
40: Activity [1.28] "MainSequence1" is Closed
{
    Variables
        configuration: iCore.Workflow.Activities.Filesystem.FileSystemListenerConfiguration
}
41: Activity [1.24] "TryCatch2" scheduled child activity [1.25] "CloseConnection1"
42: Activity [1.25] "CloseConnection1" is Executing
{
    Arguments
        SubscriptionId: 00000000-0000-0000-0000-000000000000
}
43: CustomTrackingRecord [1.25] "iCPSTraceTrackingRecord"
44: Activity [1.25] "CloseConnection1" is Closed
{
    Arguments
        SubscriptionId: 00000000-0000-0000-0000-000000000000
}
45: Activity [1.24] "TryCatch2" is Closed
46: Activity [1.21] "TryCatch1" is Closed
{
    Variables
        connection: 00000000-0000-0000-0000-000000000000
}
47: Activity [1.1] "Sequence" scheduled child activity [1.2] "OpenIfFileExists1"
48: Activity [1.2] "OpenIfFileExists1" is Executing
{
    Arguments
        Condition: False
}
49: Activity [1.2] "OpenIfFileExists1" scheduled child activity [1.6] "AssignDataNull1"
50: Activity [1.6] "AssignDataNull1" is Executing
{
    Arguments
        Value: System.IO.Stream+NullStream
}
51: Activity [1.6] "AssignDataNull1" is Closed
{
    Arguments
        Value: System.IO.Stream+NullStream
        To: System.IO.Stream+NullStream
}
52: Activity [1.2] "OpenIfFileExists1" is Closed
{
    Arguments
        Condition: False
}
53: Activity [1.1] "Sequence" is Closed
54: Activity [1] "FilesystemListenerExActivity" is Closed
{
    Arguments
        Directory: a:\directory
        FileAccess: Read
        ErrorOnTimeout: False
        FileMode: Open
        Timeout: -00:00:00.0010000
        Filter: *.txt
        Rename: True
        OriginalFileName: 
        FileShare: Read
        SettleTime: 00:00:00.5550000
        Data: System.IO.Stream+NullStream
        ProcessingFilePath: 
        ScanForFileOnStart: True
        MoveFileToDirectory: 
        IsImplicitlyCancellable: True
        ProcessingFileName: 
        OriginalFilePath: 
        Recursive: False
        WatchType: Rename
}
55: WorkflowInstance "FilesystemListenerExActivity" is Completed</StdOut>
      </Output>
    </UnitTestResult>
    <UnitTestResult executionId="23ee7f40-12e9-4cec-8bbe-cf272f7f39d1" testId="ae791542-8df2-0e41-11ed-e8584906bf49" testName="Invoke_RenameNoMoveNoErrorOnTimeoutNoFileFound_OutArgumentProcessingFilePathIsNull" computerName="ICSWS068" duration="00:00:00.0091537" startTime="2016-08-04T09:58:41.4877261+02:00" endTime="2016-08-04T09:58:41.4987339+02:00" testType="13cdc9d9-ddb5-4fa4-a97d-d965ccfc6d4b" outcome="Passed" testListId="8c84fa94-04c1-424b-9868-57a2d4851a1d" relativeResultsDirectory="23ee7f40-12e9-4cec-8bbe-cf272f7f39d1">
      <Output>
        <StdOut>Debug Trace:
0: WorkflowInstance "FilesystemListenerExActivity" is Started
1: Activity [null] "null" scheduled child activity [1] "FilesystemListenerExActivity"
2: Activity [1] "FilesystemListenerExActivity" is Executing
{
    Arguments
        Directory: a:\directory
        FileAccess: Read
        ErrorOnTimeout: False
        FileMode: Open
        Timeout: -00:00:00.0010000
        Filter: *.txt
        Rename: True
        FileShare: Read
        SettleTime: 00:00:00.5550000
        ScanForFileOnStart: True
        MoveFileToDirectory: 
        IsImplicitlyCancellable: True
        Recursive: False
        WatchType: Rename
}
3: Activity [1] "FilesystemListenerExActivity" scheduled child activity [1.1] "Sequence"
4: Activity [1.1] "Sequence" is Executing
5: Activity [1.1] "Sequence" scheduled child activity [1.21] "TryCatch1"
6: Activity [1.21] "TryCatch1" is Executing
{
    Variables
        connection: 00000000-0000-0000-0000-000000000000
}
7: Activity [1.21] "TryCatch1" scheduled child activity [1.24] "TryCatch2"
8: Activity [1.24] "TryCatch2" is Executing
9: Activity [1.24] "TryCatch2" scheduled child activity [1.28] "MainSequence1"
10: Activity [1.28] "MainSequence1" is Executing
{
    Variables
        configuration: iCore.Workflow.Activities.Filesystem.FileSystemListenerConfiguration
}
11: Activity [1.28] "MainSequence1" scheduled child activity [1.55] "CreateConfiguration1"
12: Activity [1.55] "CreateConfiguration1" is Executing
{
    Arguments
        Directory: a:\directory
        Filter: *.txt
        SettleTime: 00:00:00.5550000
        ScanForFileOnStart: True
        Recursive: False
        WatchType: Rename
}
13: Activity [1.55] "CreateConfiguration1" is Closed
{
    Arguments
        Directory: a:\directory
        Filter: *.txt
        Result: iCore.Workflow.Activities.Filesystem.FileSystemListenerConfiguration
        SettleTime: 00:00:00.5550000
        ScanForFileOnStart: True
        Recursive: False
        WatchType: Rename
}
14: Activity [1.28] "MainSequence1" scheduled child activity [1.50] "StartFileSystemListener1"
15: Activity [1.50] "StartFileSystemListener1" is Executing
{
    Arguments
        Configuration: iCore.Workflow.Activities.Filesystem.FileSystemListenerConfiguration
}
16: CustomTrackingRecord [1.50] "iCPSTraceTrackingRecord"
17: Activity [1.50] "StartFileSystemListener1" is Closed
{
    Arguments
        Result: 00000000-0000-0000-0000-000000000000
        Configuration: iCore.Workflow.Activities.Filesystem.FileSystemListenerConfiguration
}
18: Activity [1.28] "MainSequence1" scheduled child activity [1.29] "GetNextFile1"
19: Activity [1.29] "GetNextFile1" is Executing
{
    Arguments
        ErrorOnTimeout: False
        SubscriptionId: 00000000-0000-0000-0000-000000000000
        Timeout: -00:00:00.0010000
        Rename: True
        MoveFileToDirectory: 
        IsImplicitlyCancellable: True
}
20: Activity [1.29] "GetNextFile1" scheduled child activity [1.29.1] "Sequence"
21: Activity [1.29.1] "Sequence" is Executing
{
    Variables
        _5ef1bf98_84fe_487c_bb8a_8079780ebfc1_73: 0
}
22: Activity [1.29.1] "Sequence" scheduled child activity [1.29.26] "GetNextFile1"
23: Activity [1.29.26] "GetNextFile1" is Executing
{
    Arguments
        ErrorOnTimeout: False
        SubscriptionId: 00000000-0000-0000-0000-000000000000
        Timeout: -00:00:00.0010000
        IsImplicitlyCancellable: True
}
24: CustomTrackingRecord [1.29.26] "iCPSTraceTrackingRecord"
25: WorkflowInstance "FilesystemListenerExActivity" is Idle
26: Bookmark "9138c02d-d385-405f-a4f2-f91e546a5d48" resumed with payload &lt;iCore.Workflow.Activities.Extensions.ItemSubscriptionEventArgs`1[iCore.Common.Utilities.FileSystemWatcher.FileSystemWatcherFileInfo]&gt; owner [1.29.26] "GetNextFile1"
27: CustomTrackingRecord [1.29.26] "iCPSTraceTrackingRecord"
28: Activity [1.29.26] "GetNextFile1" is Closed
{
    Arguments
        ErrorOnTimeout: False
        SubscriptionId: 00000000-0000-0000-0000-000000000000
        FileName: 
        Timeout: -00:00:00.0010000
        FileFullName: 
        IsImplicitlyCancellable: True
        WatchType: 0
}
29: Activity [1.29.1] "Sequence" scheduled child activity [1.29.19] "AssignProcessingFileName1"
30: Activity [1.29.19] "AssignProcessingFileName1" is Executing
{
    Arguments
        Value: 
}
31: Activity [1.29.19] "AssignProcessingFileName1" is Closed
{
    Arguments
        Value: 
        To: 
}
32: Activity [1.29.1] "Sequence" scheduled child activity [1.29.11] "AssignProcessingFilePath1"
33: Activity [1.29.11] "AssignProcessingFilePath1" is Executing
{
    Arguments
        Value: 
}
34: Activity [1.29.11] "AssignProcessingFilePath1" is Closed
{
    Arguments
        Value: 
        To: 
}
35: Activity [1.29.1] "Sequence" scheduled child activity [1.29.2] "RenameFileCheck1"
36: Activity [1.29.2] "RenameFileCheck1" is Executing
{
    Arguments
        Condition: False
}
37: Activity [1.29.2] "RenameFileCheck1" is Closed
{
    Arguments
        Condition: False
}
38: Activity [1.29.1] "Sequence" is Closed
{
    Variables
        _5ef1bf98_84fe_487c_bb8a_8079780ebfc1_74: 0
}
39: Activity [1.29] "GetNextFile1" is Closed
{
    Arguments
        ErrorOnTimeout: False
        SubscriptionId: 00000000-0000-0000-0000-000000000000
        Timeout: -00:00:00.0010000
        Rename: True
        OriginalFileName: 
        ProcessingFilePath: 
        MoveFileToDirectory: 
        IsImplicitlyCancellable: True
        ProcessingFileName: 
        OriginalFilePath: 
}
40: Activity [1.28] "MainSequence1" is Closed
{
    Variables
        configuration: iCore.Workflow.Activities.Filesystem.FileSystemListenerConfiguration
}
41: Activity [1.24] "TryCatch2" scheduled child activity [1.25] "CloseConnection1"
42: Activity [1.25] "CloseConnection1" is Executing
{
    Arguments
        SubscriptionId: 00000000-0000-0000-0000-000000000000
}
43: CustomTrackingRecord [1.25] "iCPSTraceTrackingRecord"
44: Activity [1.25] "CloseConnection1" is Closed
{
    Arguments
        SubscriptionId: 00000000-0000-0000-0000-000000000000
}
45: Activity [1.24] "TryCatch2" is Closed
46: Activity [1.21] "TryCatch1" is Closed
{
    Variables
        connection: 00000000-0000-0000-0000-000000000000
}
47: Activity [1.1] "Sequence" scheduled child activity [1.2] "OpenIfFileExists1"
48: Activity [1.2] "OpenIfFileExists1" is Executing
{
    Arguments
        Condition: False
}
49: Activity [1.2] "OpenIfFileExists1" scheduled child activity [1.6] "AssignDataNull1"
50: Activity [1.6] "AssignDataNull1" is Executing
{
    Arguments
        Value: System.IO.Stream+NullStream
}
51: Activity [1.6] "AssignDataNull1" is Closed
{
    Arguments
        Value: System.IO.Stream+NullStream
        To: System.IO.Stream+NullStream
}
52: Activity [1.2] "OpenIfFileExists1" is Closed
{
    Arguments
        Condition: False
}
53: Activity [1.1] "Sequence" is Closed
54: Activity [1] "FilesystemListenerExActivity" is Closed
{
    Arguments
        Directory: a:\directory
        FileAccess: Read
        ErrorOnTimeout: False
        FileMode: Open
        Timeout: -00:00:00.0010000
        Filter: *.txt
        Rename: True
        OriginalFileName: 
        FileShare: Read
        SettleTime: 00:00:00.5550000
        Data: System.IO.Stream+NullStream
        ProcessingFilePath: 
        ScanForFileOnStart: True
        MoveFileToDirectory: 
        IsImplicitlyCancellable: True
        ProcessingFileName: 
        OriginalFilePath: 
        Recursive: False
        WatchType: Rename
}
55: WorkflowInstance "FilesystemListenerExActivity" is Completed</StdOut>
      </Output>
    </UnitTestResult>
    <UnitTestResult executionId="f47091a3-2d7e-4647-a6fc-548daa272ccb" testId="52e3c279-2edb-2e9b-99a9-9df638d60d8e" testName="Invoke_RenameNoMoveNoErrorOnTimeoutNoFileFound_OutArgumentOriginalFileNameIsNull" computerName="ICSWS068" duration="00:00:00.0084499" startTime="2016-08-04T09:58:41.5017362+02:00" endTime="2016-08-04T09:58:41.5117436+02:00" testType="13cdc9d9-ddb5-4fa4-a97d-d965ccfc6d4b" outcome="Passed" testListId="8c84fa94-04c1-424b-9868-57a2d4851a1d" relativeResultsDirectory="f47091a3-2d7e-4647-a6fc-548daa272ccb">
      <Output>
        <StdOut>Debug Trace:
0: WorkflowInstance "FilesystemListenerExActivity" is Started
1: Activity [null] "null" scheduled child activity [1] "FilesystemListenerExActivity"
2: Activity [1] "FilesystemListenerExActivity" is Executing
{
    Arguments
        Directory: a:\directory
        FileAccess: Read
        ErrorOnTimeout: False
        FileMode: Open
        Timeout: -00:00:00.0010000
        Filter: *.txt
        Rename: True
        FileShare: Read
        SettleTime: 00:00:00.5550000
        ScanForFileOnStart: True
        MoveFileToDirectory: 
        IsImplicitlyCancellable: True
        Recursive: False
        WatchType: Rename
}
3: Activity [1] "FilesystemListenerExActivity" scheduled child activity [1.1] "Sequence"
4: Activity [1.1] "Sequence" is Executing
5: Activity [1.1] "Sequence" scheduled child activity [1.21] "TryCatch1"
6: Activity [1.21] "TryCatch1" is Executing
{
    Variables
        connection: 00000000-0000-0000-0000-000000000000
}
7: Activity [1.21] "TryCatch1" scheduled child activity [1.24] "TryCatch2"
8: Activity [1.24] "TryCatch2" is Executing
9: Activity [1.24] "TryCatch2" scheduled child activity [1.28] "MainSequence1"
10: Activity [1.28] "MainSequence1" is Executing
{
    Variables
        configuration: iCore.Workflow.Activities.Filesystem.FileSystemListenerConfiguration
}
11: Activity [1.28] "MainSequence1" scheduled child activity [1.55] "CreateConfiguration1"
12: Activity [1.55] "CreateConfiguration1" is Executing
{
    Arguments
        Directory: a:\directory
        Filter: *.txt
        SettleTime: 00:00:00.5550000
        ScanForFileOnStart: True
        Recursive: False
        WatchType: Rename
}
13: Activity [1.55] "CreateConfiguration1" is Closed
{
    Arguments
        Directory: a:\directory
        Filter: *.txt
        Result: iCore.Workflow.Activities.Filesystem.FileSystemListenerConfiguration
        SettleTime: 00:00:00.5550000
        ScanForFileOnStart: True
        Recursive: False
        WatchType: Rename
}
14: Activity [1.28] "MainSequence1" scheduled child activity [1.50] "StartFileSystemListener1"
15: Activity [1.50] "StartFileSystemListener1" is Executing
{
    Arguments
        Configuration: iCore.Workflow.Activities.Filesystem.FileSystemListenerConfiguration
}
16: CustomTrackingRecord [1.50] "iCPSTraceTrackingRecord"
17: Activity [1.50] "StartFileSystemListener1" is Closed
{
    Arguments
        Result: 00000000-0000-0000-0000-000000000000
        Configuration: iCore.Workflow.Activities.Filesystem.FileSystemListenerConfiguration
}
18: Activity [1.28] "MainSequence1" scheduled child activity [1.29] "GetNextFile1"
19: Activity [1.29] "GetNextFile1" is Executing
{
    Arguments
        ErrorOnTimeout: False
        SubscriptionId: 00000000-0000-0000-0000-000000000000
        Timeout: -00:00:00.0010000
        Rename: True
        MoveFileToDirectory: 
        IsImplicitlyCancellable: True
}
20: Activity [1.29] "GetNextFile1" scheduled child activity [1.29.1] "Sequence"
21: Activity [1.29.1] "Sequence" is Executing
{
    Variables
        _5ef1bf98_84fe_487c_bb8a_8079780ebfc1_75: 0
}
22: Activity [1.29.1] "Sequence" scheduled child activity [1.29.26] "GetNextFile1"
23: Activity [1.29.26] "GetNextFile1" is Executing
{
    Arguments
        ErrorOnTimeout: False
        SubscriptionId: 00000000-0000-0000-0000-000000000000
        Timeout: -00:00:00.0010000
        IsImplicitlyCancellable: True
}
24: CustomTrackingRecord [1.29.26] "iCPSTraceTrackingRecord"
25: WorkflowInstance "FilesystemListenerExActivity" is Idle
26: Bookmark "c16b7d53-ba0d-4f2d-b9b4-d9e39daa79db" resumed with payload &lt;iCore.Workflow.Activities.Extensions.ItemSubscriptionEventArgs`1[iCore.Common.Utilities.FileSystemWatcher.FileSystemWatcherFileInfo]&gt; owner [1.29.26] "GetNextFile1"
27: CustomTrackingRecord [1.29.26] "iCPSTraceTrackingRecord"
28: Activity [1.29.26] "GetNextFile1" is Closed
{
    Arguments
        ErrorOnTimeout: False
        SubscriptionId: 00000000-0000-0000-0000-000000000000
        FileName: 
        Timeout: -00:00:00.0010000
        FileFullName: 
        IsImplicitlyCancellable: True
        WatchType: 0
}
29: Activity [1.29.1] "Sequence" scheduled child activity [1.29.19] "AssignProcessingFileName1"
30: Activity [1.29.19] "AssignProcessingFileName1" is Executing
{
    Arguments
        Value: 
}
31: Activity [1.29.19] "AssignProcessingFileName1" is Closed
{
    Arguments
        Value: 
        To: 
}
32: Activity [1.29.1] "Sequence" scheduled child activity [1.29.11] "AssignProcessingFilePath1"
33: Activity [1.29.11] "AssignProcessingFilePath1" is Executing
{
    Arguments
        Value: 
}
34: Activity [1.29.11] "AssignProcessingFilePath1" is Closed
{
    Arguments
        Value: 
        To: 
}
35: Activity [1.29.1] "Sequence" scheduled child activity [1.29.2] "RenameFileCheck1"
36: Activity [1.29.2] "RenameFileCheck1" is Executing
{
    Arguments
        Condition: False
}
37: Activity [1.29.2] "RenameFileCheck1" is Closed
{
    Arguments
        Condition: False
}
38: Activity [1.29.1] "Sequence" is Closed
{
    Variables
        _5ef1bf98_84fe_487c_bb8a_8079780ebfc1_76: 0
}
39: Activity [1.29] "GetNextFile1" is Closed
{
    Arguments
        ErrorOnTimeout: False
        SubscriptionId: 00000000-0000-0000-0000-000000000000
        Timeout: -00:00:00.0010000
        Rename: True
        OriginalFileName: 
        ProcessingFilePath: 
        MoveFileToDirectory: 
        IsImplicitlyCancellable: True
        ProcessingFileName: 
        OriginalFilePath: 
}
40: Activity [1.28] "MainSequence1" is Closed
{
    Variables
        configuration: iCore.Workflow.Activities.Filesystem.FileSystemListenerConfiguration
}
41: Activity [1.24] "TryCatch2" scheduled child activity [1.25] "CloseConnection1"
42: Activity [1.25] "CloseConnection1" is Executing
{
    Arguments
        SubscriptionId: 00000000-0000-0000-0000-000000000000
}
43: CustomTrackingRecord [1.25] "iCPSTraceTrackingRecord"
44: Activity [1.25] "CloseConnection1" is Closed
{
    Arguments
        SubscriptionId: 00000000-0000-0000-0000-000000000000
}
45: Activity [1.24] "TryCatch2" is Closed
46: Activity [1.21] "TryCatch1" is Closed
{
    Variables
        connection: 00000000-0000-0000-0000-000000000000
}
47: Activity [1.1] "Sequence" scheduled child activity [1.2] "OpenIfFileExists1"
48: Activity [1.2] "OpenIfFileExists1" is Executing
{
    Arguments
        Condition: False
}
49: Activity [1.2] "OpenIfFileExists1" scheduled child activity [1.6] "AssignDataNull1"
50: Activity [1.6] "AssignDataNull1" is Executing
{
    Arguments
        Value: System.IO.Stream+NullStream
}
51: Activity [1.6] "AssignDataNull1" is Closed
{
    Arguments
        Value: System.IO.Stream+NullStream
        To: System.IO.Stream+NullStream
}
52: Activity [1.2] "OpenIfFileExists1" is Closed
{
    Arguments
        Condition: False
}
53: Activity [1.1] "Sequence" is Closed
54: Activity [1] "FilesystemListenerExActivity" is Closed
{
    Arguments
        Directory: a:\directory
        FileAccess: Read
        ErrorOnTimeout: False
        FileMode: Open
        Timeout: -00:00:00.0010000
        Filter: *.txt
        Rename: True
        OriginalFileName: 
        FileShare: Read
        SettleTime: 00:00:00.5550000
        Data: System.IO.Stream+NullStream
        ProcessingFilePath: 
        ScanForFileOnStart: True
        MoveFileToDirectory: 
        IsImplicitlyCancellable: True
        ProcessingFileName: 
        OriginalFilePath: 
        Recursive: False
        WatchType: Rename
}
55: WorkflowInstance "FilesystemListenerExActivity" is Completed</StdOut>
      </Output>
    </UnitTestResult>
    <UnitTestResult executionId="213e00f3-b0e7-4ef8-8cec-2566c8e4030a" testId="4415ae96-6897-8daf-f15e-18fd6995f560" testName="Invoke_RenameNoMoveNoErrorOnTimeoutNoFileFound_OutArgumentOriginalFilePathIsNull" computerName="ICSWS068" duration="00:00:00.0083566" startTime="2016-08-04T09:58:41.5152459+02:00" endTime="2016-08-04T09:58:41.5252528+02:00" testType="13cdc9d9-ddb5-4fa4-a97d-d965ccfc6d4b" outcome="Passed" testListId="8c84fa94-04c1-424b-9868-57a2d4851a1d" relativeResultsDirectory="213e00f3-b0e7-4ef8-8cec-2566c8e4030a">
      <Output>
        <StdOut>Debug Trace:
0: WorkflowInstance "FilesystemListenerExActivity" is Started
1: Activity [null] "null" scheduled child activity [1] "FilesystemListenerExActivity"
2: Activity [1] "FilesystemListenerExActivity" is Executing
{
    Arguments
        Directory: a:\directory
        FileAccess: Read
        ErrorOnTimeout: False
        FileMode: Open
        Timeout: -00:00:00.0010000
        Filter: *.txt
        Rename: True
        FileShare: Read
        SettleTime: 00:00:00.5550000
        ScanForFileOnStart: True
        MoveFileToDirectory: 
        IsImplicitlyCancellable: True
        Recursive: False
        WatchType: Rename
}
3: Activity [1] "FilesystemListenerExActivity" scheduled child activity [1.1] "Sequence"
4: Activity [1.1] "Sequence" is Executing
5: Activity [1.1] "Sequence" scheduled child activity [1.21] "TryCatch1"
6: Activity [1.21] "TryCatch1" is Executing
{
    Variables
        connection: 00000000-0000-0000-0000-000000000000
}
7: Activity [1.21] "TryCatch1" scheduled child activity [1.24] "TryCatch2"
8: Activity [1.24] "TryCatch2" is Executing
9: Activity [1.24] "TryCatch2" scheduled child activity [1.28] "MainSequence1"
10: Activity [1.28] "MainSequence1" is Executing
{
    Variables
        configuration: iCore.Workflow.Activities.Filesystem.FileSystemListenerConfiguration
}
11: Activity [1.28] "MainSequence1" scheduled child activity [1.55] "CreateConfiguration1"
12: Activity [1.55] "CreateConfiguration1" is Executing
{
    Arguments
        Directory: a:\directory
        Filter: *.txt
        SettleTime: 00:00:00.5550000
        ScanForFileOnStart: True
        Recursive: False
        WatchType: Rename
}
13: Activity [1.55] "CreateConfiguration1" is Closed
{
    Arguments
        Directory: a:\directory
        Filter: *.txt
        Result: iCore.Workflow.Activities.Filesystem.FileSystemListenerConfiguration
        SettleTime: 00:00:00.5550000
        ScanForFileOnStart: True
        Recursive: False
        WatchType: Rename
}
14: Activity [1.28] "MainSequence1" scheduled child activity [1.50] "StartFileSystemListener1"
15: Activity [1.50] "StartFileSystemListener1" is Executing
{
    Arguments
        Configuration: iCore.Workflow.Activities.Filesystem.FileSystemListenerConfiguration
}
16: CustomTrackingRecord [1.50] "iCPSTraceTrackingRecord"
17: Activity [1.50] "StartFileSystemListener1" is Closed
{
    Arguments
        Result: 00000000-0000-0000-0000-000000000000
        Configuration: iCore.Workflow.Activities.Filesystem.FileSystemListenerConfiguration
}
18: Activity [1.28] "MainSequence1" scheduled child activity [1.29] "GetNextFile1"
19: Activity [1.29] "GetNextFile1" is Executing
{
    Arguments
        ErrorOnTimeout: False
        SubscriptionId: 00000000-0000-0000-0000-000000000000
        Timeout: -00:00:00.0010000
        Rename: True
        MoveFileToDirectory: 
        IsImplicitlyCancellable: True
}
20: Activity [1.29] "GetNextFile1" scheduled child activity [1.29.1] "Sequence"
21: Activity [1.29.1] "Sequence" is Executing
{
    Variables
        _5ef1bf98_84fe_487c_bb8a_8079780ebfc1_77: 0
}
22: Activity [1.29.1] "Sequence" scheduled child activity [1.29.26] "GetNextFile1"
23: Activity [1.29.26] "GetNextFile1" is Executing
{
    Arguments
        ErrorOnTimeout: False
        SubscriptionId: 00000000-0000-0000-0000-000000000000
        Timeout: -00:00:00.0010000
        IsImplicitlyCancellable: True
}
24: CustomTrackingRecord [1.29.26] "iCPSTraceTrackingRecord"
25: WorkflowInstance "FilesystemListenerExActivity" is Idle
26: Bookmark "eb1af12b-84d9-43d0-8d5f-8b074b25388b" resumed with payload &lt;iCore.Workflow.Activities.Extensions.ItemSubscriptionEventArgs`1[iCore.Common.Utilities.FileSystemWatcher.FileSystemWatcherFileInfo]&gt; owner [1.29.26] "GetNextFile1"
27: CustomTrackingRecord [1.29.26] "iCPSTraceTrackingRecord"
28: Activity [1.29.26] "GetNextFile1" is Closed
{
    Arguments
        ErrorOnTimeout: False
        SubscriptionId: 00000000-0000-0000-0000-000000000000
        FileName: 
        Timeout: -00:00:00.0010000
        FileFullName: 
        IsImplicitlyCancellable: True
        WatchType: 0
}
29: Activity [1.29.1] "Sequence" scheduled child activity [1.29.19] "AssignProcessingFileName1"
30: Activity [1.29.19] "AssignProcessingFileName1" is Executing
{
    Arguments
        Value: 
}
31: Activity [1.29.19] "AssignProcessingFileName1" is Closed
{
    Arguments
        Value: 
        To: 
}
32: Activity [1.29.1] "Sequence" scheduled child activity [1.29.11] "AssignProcessingFilePath1"
33: Activity [1.29.11] "AssignProcessingFilePath1" is Executing
{
    Arguments
        Value: 
}
34: Activity [1.29.11] "AssignProcessingFilePath1" is Closed
{
    Arguments
        Value: 
        To: 
}
35: Activity [1.29.1] "Sequence" scheduled child activity [1.29.2] "RenameFileCheck1"
36: Activity [1.29.2] "RenameFileCheck1" is Executing
{
    Arguments
        Condition: False
}
37: Activity [1.29.2] "RenameFileCheck1" is Closed
{
    Arguments
        Condition: False
}
38: Activity [1.29.1] "Sequence" is Closed
{
    Variables
        _5ef1bf98_84fe_487c_bb8a_8079780ebfc1_78: 0
}
39: Activity [1.29] "GetNextFile1" is Closed
{
    Arguments
        ErrorOnTimeout: False
        SubscriptionId: 00000000-0000-0000-0000-000000000000
        Timeout: -00:00:00.0010000
        Rename: True
        OriginalFileName: 
        ProcessingFilePath: 
        MoveFileToDirectory: 
        IsImplicitlyCancellable: True
        ProcessingFileName: 
        OriginalFilePath: 
}
40: Activity [1.28] "MainSequence1" is Closed
{
    Variables
        configuration: iCore.Workflow.Activities.Filesystem.FileSystemListenerConfiguration
}
41: Activity [1.24] "TryCatch2" scheduled child activity [1.25] "CloseConnection1"
42: Activity [1.25] "CloseConnection1" is Executing
{
    Arguments
        SubscriptionId: 00000000-0000-0000-0000-000000000000
}
43: CustomTrackingRecord [1.25] "iCPSTraceTrackingRecord"
44: Activity [1.25] "CloseConnection1" is Closed
{
    Arguments
        SubscriptionId: 00000000-0000-0000-0000-000000000000
}
45: Activity [1.24] "TryCatch2" is Closed
46: Activity [1.21] "TryCatch1" is Closed
{
    Variables
        connection: 00000000-0000-0000-0000-000000000000
}
47: Activity [1.1] "Sequence" scheduled child activity [1.2] "OpenIfFileExists1"
48: Activity [1.2] "OpenIfFileExists1" is Executing
{
    Arguments
        Condition: False
}
49: Activity [1.2] "OpenIfFileExists1" scheduled child activity [1.6] "AssignDataNull1"
50: Activity [1.6] "AssignDataNull1" is Executing
{
    Arguments
        Value: System.IO.Stream+NullStream
}
51: Activity [1.6] "AssignDataNull1" is Closed
{
    Arguments
        Value: System.IO.Stream+NullStream
        To: System.IO.Stream+NullStream
}
52: Activity [1.2] "OpenIfFileExists1" is Closed
{
    Arguments
        Condition: False
}
53: Activity [1.1] "Sequence" is Closed
54: Activity [1] "FilesystemListenerExActivity" is Closed
{
    Arguments
        Directory: a:\directory
        FileAccess: Read
        ErrorOnTimeout: False
        FileMode: Open
        Timeout: -00:00:00.0010000
        Filter: *.txt
        Rename: True
        OriginalFileName: 
        FileShare: Read
        SettleTime: 00:00:00.5550000
        Data: System.IO.Stream+NullStream
        ProcessingFilePath: 
        ScanForFileOnStart: True
        MoveFileToDirectory: 
        IsImplicitlyCancellable: True
        ProcessingFileName: 
        OriginalFilePath: 
        Recursive: False
        WatchType: Rename
}
55: WorkflowInstance "FilesystemListenerExActivity" is Completed</StdOut>
      </Output>
    </UnitTestResult>
    <UnitTestResult executionId="0fcd4715-fe1c-4695-8cc1-22d06e353315" testId="d6e391e4-9690-93fb-e983-a3b4700fb029" testName="Invoke_RenameNoMoveNoErrorOnTimeoutNoFileFound_OutArgumentDataIsStreamNull" computerName="ICSWS068" duration="00:00:00.0083807" startTime="2016-08-04T09:58:41.5287557+02:00" endTime="2016-08-04T09:58:41.5382625+02:00" testType="13cdc9d9-ddb5-4fa4-a97d-d965ccfc6d4b" outcome="Passed" testListId="8c84fa94-04c1-424b-9868-57a2d4851a1d" relativeResultsDirectory="0fcd4715-fe1c-4695-8cc1-22d06e353315">
      <Output>
        <StdOut>Debug Trace:
0: WorkflowInstance "FilesystemListenerExActivity" is Started
1: Activity [null] "null" scheduled child activity [1] "FilesystemListenerExActivity"
2: Activity [1] "FilesystemListenerExActivity" is Executing
{
    Arguments
        Directory: a:\directory
        FileAccess: Read
        ErrorOnTimeout: False
        FileMode: Open
        Timeout: -00:00:00.0010000
        Filter: *.txt
        Rename: True
        FileShare: Read
        SettleTime: 00:00:00.5550000
        ScanForFileOnStart: True
        MoveFileToDirectory: 
        IsImplicitlyCancellable: True
        Recursive: False
        WatchType: Rename
}
3: Activity [1] "FilesystemListenerExActivity" scheduled child activity [1.1] "Sequence"
4: Activity [1.1] "Sequence" is Executing
5: Activity [1.1] "Sequence" scheduled child activity [1.21] "TryCatch1"
6: Activity [1.21] "TryCatch1" is Executing
{
    Variables
        connection: 00000000-0000-0000-0000-000000000000
}
7: Activity [1.21] "TryCatch1" scheduled child activity [1.24] "TryCatch2"
8: Activity [1.24] "TryCatch2" is Executing
9: Activity [1.24] "TryCatch2" scheduled child activity [1.28] "MainSequence1"
10: Activity [1.28] "MainSequence1" is Executing
{
    Variables
        configuration: iCore.Workflow.Activities.Filesystem.FileSystemListenerConfiguration
}
11: Activity [1.28] "MainSequence1" scheduled child activity [1.55] "CreateConfiguration1"
12: Activity [1.55] "CreateConfiguration1" is Executing
{
    Arguments
        Directory: a:\directory
        Filter: *.txt
        SettleTime: 00:00:00.5550000
        ScanForFileOnStart: True
        Recursive: False
        WatchType: Rename
}
13: Activity [1.55] "CreateConfiguration1" is Closed
{
    Arguments
        Directory: a:\directory
        Filter: *.txt
        Result: iCore.Workflow.Activities.Filesystem.FileSystemListenerConfiguration
        SettleTime: 00:00:00.5550000
        ScanForFileOnStart: True
        Recursive: False
        WatchType: Rename
}
14: Activity [1.28] "MainSequence1" scheduled child activity [1.50] "StartFileSystemListener1"
15: Activity [1.50] "StartFileSystemListener1" is Executing
{
    Arguments
        Configuration: iCore.Workflow.Activities.Filesystem.FileSystemListenerConfiguration
}
16: CustomTrackingRecord [1.50] "iCPSTraceTrackingRecord"
17: Activity [1.50] "StartFileSystemListener1" is Closed
{
    Arguments
        Result: 00000000-0000-0000-0000-000000000000
        Configuration: iCore.Workflow.Activities.Filesystem.FileSystemListenerConfiguration
}
18: Activity [1.28] "MainSequence1" scheduled child activity [1.29] "GetNextFile1"
19: Activity [1.29] "GetNextFile1" is Executing
{
    Arguments
        ErrorOnTimeout: False
        SubscriptionId: 00000000-0000-0000-0000-000000000000
        Timeout: -00:00:00.0010000
        Rename: True
        MoveFileToDirectory: 
        IsImplicitlyCancellable: True
}
20: Activity [1.29] "GetNextFile1" scheduled child activity [1.29.1] "Sequence"
21: Activity [1.29.1] "Sequence" is Executing
{
    Variables
        _5ef1bf98_84fe_487c_bb8a_8079780ebfc1_79: 0
}
22: Activity [1.29.1] "Sequence" scheduled child activity [1.29.26] "GetNextFile1"
23: Activity [1.29.26] "GetNextFile1" is Executing
{
    Arguments
        ErrorOnTimeout: False
        SubscriptionId: 00000000-0000-0000-0000-000000000000
        Timeout: -00:00:00.0010000
        IsImplicitlyCancellable: True
}
24: CustomTrackingRecord [1.29.26] "iCPSTraceTrackingRecord"
25: WorkflowInstance "FilesystemListenerExActivity" is Idle
26: Bookmark "5ef79de8-6594-45ad-9ba1-365b99eaa891" resumed with payload &lt;iCore.Workflow.Activities.Extensions.ItemSubscriptionEventArgs`1[iCore.Common.Utilities.FileSystemWatcher.FileSystemWatcherFileInfo]&gt; owner [1.29.26] "GetNextFile1"
27: CustomTrackingRecord [1.29.26] "iCPSTraceTrackingRecord"
28: Activity [1.29.26] "GetNextFile1" is Closed
{
    Arguments
        ErrorOnTimeout: False
        SubscriptionId: 00000000-0000-0000-0000-000000000000
        FileName: 
        Timeout: -00:00:00.0010000
        FileFullName: 
        IsImplicitlyCancellable: True
        WatchType: 0
}
29: Activity [1.29.1] "Sequence" scheduled child activity [1.29.19] "AssignProcessingFileName1"
30: Activity [1.29.19] "AssignProcessingFileName1" is Executing
{
    Arguments
        Value: 
}
31: Activity [1.29.19] "AssignProcessingFileName1" is Closed
{
    Arguments
        Value: 
        To: 
}
32: Activity [1.29.1] "Sequence" scheduled child activity [1.29.11] "AssignProcessingFilePath1"
33: Activity [1.29.11] "AssignProcessingFilePath1" is Executing
{
    Arguments
        Value: 
}
34: Activity [1.29.11] "AssignProcessingFilePath1" is Closed
{
    Arguments
        Value: 
        To: 
}
35: Activity [1.29.1] "Sequence" scheduled child activity [1.29.2] "RenameFileCheck1"
36: Activity [1.29.2] "RenameFileCheck1" is Executing
{
    Arguments
        Condition: False
}
37: Activity [1.29.2] "RenameFileCheck1" is Closed
{
    Arguments
        Condition: False
}
38: Activity [1.29.1] "Sequence" is Closed
{
    Variables
        _5ef1bf98_84fe_487c_bb8a_8079780ebfc1_80: 0
}
39: Activity [1.29] "GetNextFile1" is Closed
{
    Arguments
        ErrorOnTimeout: False
        SubscriptionId: 00000000-0000-0000-0000-000000000000
        Timeout: -00:00:00.0010000
        Rename: True
        OriginalFileName: 
        ProcessingFilePath: 
        MoveFileToDirectory: 
        IsImplicitlyCancellable: True
        ProcessingFileName: 
        OriginalFilePath: 
}
40: Activity [1.28] "MainSequence1" is Closed
{
    Variables
        configuration: iCore.Workflow.Activities.Filesystem.FileSystemListenerConfiguration
}
41: Activity [1.24] "TryCatch2" scheduled child activity [1.25] "CloseConnection1"
42: Activity [1.25] "CloseConnection1" is Executing
{
    Arguments
        SubscriptionId: 00000000-0000-0000-0000-000000000000
}
43: CustomTrackingRecord [1.25] "iCPSTraceTrackingRecord"
44: Activity [1.25] "CloseConnection1" is Closed
{
    Arguments
        SubscriptionId: 00000000-0000-0000-0000-000000000000
}
45: Activity [1.24] "TryCatch2" is Closed
46: Activity [1.21] "TryCatch1" is Closed
{
    Variables
        connection: 00000000-0000-0000-0000-000000000000
}
47: Activity [1.1] "Sequence" scheduled child activity [1.2] "OpenIfFileExists1"
48: Activity [1.2] "OpenIfFileExists1" is Executing
{
    Arguments
        Condition: False
}
49: Activity [1.2] "OpenIfFileExists1" scheduled child activity [1.6] "AssignDataNull1"
50: Activity [1.6] "AssignDataNull1" is Executing
{
    Arguments
        Value: System.IO.Stream+NullStream
}
51: Activity [1.6] "AssignDataNull1" is Closed
{
    Arguments
        Value: System.IO.Stream+NullStream
        To: System.IO.Stream+NullStream
}
52: Activity [1.2] "OpenIfFileExists1" is Closed
{
    Arguments
        Condition: False
}
53: Activity [1.1] "Sequence" is Closed
54: Activity [1] "FilesystemListenerExActivity" is Closed
{
    Arguments
        Directory: a:\directory
        FileAccess: Read
        ErrorOnTimeout: False
        FileMode: Open
        Timeout: -00:00:00.0010000
        Filter: *.txt
        Rename: True
        OriginalFileName: 
        FileShare: Read
        SettleTime: 00:00:00.5550000
        Data: System.IO.Stream+NullStream
        ProcessingFilePath: 
        ScanForFileOnStart: True
        MoveFileToDirectory: 
        IsImplicitlyCancellable: True
        ProcessingFileName: 
        OriginalFilePath: 
        Recursive: False
        WatchType: Rename
}
55: WorkflowInstance "FilesystemListenerExActivity" is Completed</StdOut>
      </Output>
    </UnitTestResult>
    <UnitTestResult executionId="ec6d46e7-080b-4bda-924d-8fde302aa22c" testId="6eb273f7-aec6-3397-dc0a-b74a60f226ab" testName="Invoke_NoRenameMoveNoErrorOnTimeoutNoFileFound_OutArgumentProcessingFileNameIsNull" computerName="ICSWS068" duration="00:00:00.0098730" startTime="2016-08-04T09:58:41.5412645+02:00" endTime="2016-08-04T09:58:41.5522723+02:00" testType="13cdc9d9-ddb5-4fa4-a97d-d965ccfc6d4b" outcome="Passed" testListId="8c84fa94-04c1-424b-9868-57a2d4851a1d" relativeResultsDirectory="ec6d46e7-080b-4bda-924d-8fde302aa22c">
      <Output>
        <StdOut>Debug Trace:
0: WorkflowInstance "FilesystemListenerExActivity" is Started
1: Activity [null] "null" scheduled child activity [1] "FilesystemListenerExActivity"
2: Activity [1] "FilesystemListenerExActivity" is Executing
{
    Arguments
        Directory: a:\directory
        FileAccess: Read
        ErrorOnTimeout: False
        FileMode: Open
        Timeout: -00:00:00.0010000
        Filter: *.txt
        Rename: False
        FileShare: Read
        SettleTime: 00:00:00.5550000
        ScanForFileOnStart: True
        MoveFileToDirectory: a:\nother\directory\path
        IsImplicitlyCancellable: True
        Recursive: False
        WatchType: Rename
}
3: Activity [1] "FilesystemListenerExActivity" scheduled child activity [1.1] "Sequence"
4: Activity [1.1] "Sequence" is Executing
5: Activity [1.1] "Sequence" scheduled child activity [1.21] "TryCatch1"
6: Activity [1.21] "TryCatch1" is Executing
{
    Variables
        connection: 00000000-0000-0000-0000-000000000000
}
7: Activity [1.21] "TryCatch1" scheduled child activity [1.24] "TryCatch2"
8: Activity [1.24] "TryCatch2" is Executing
9: Activity [1.24] "TryCatch2" scheduled child activity [1.28] "MainSequence1"
10: Activity [1.28] "MainSequence1" is Executing
{
    Variables
        configuration: iCore.Workflow.Activities.Filesystem.FileSystemListenerConfiguration
}
11: Activity [1.28] "MainSequence1" scheduled child activity [1.55] "CreateConfiguration1"
12: Activity [1.55] "CreateConfiguration1" is Executing
{
    Arguments
        Directory: a:\directory
        Filter: *.txt
        SettleTime: 00:00:00.5550000
        ScanForFileOnStart: True
        Recursive: False
        WatchType: Rename
}
13: Activity [1.55] "CreateConfiguration1" is Closed
{
    Arguments
        Directory: a:\directory
        Filter: *.txt
        Result: iCore.Workflow.Activities.Filesystem.FileSystemListenerConfiguration
        SettleTime: 00:00:00.5550000
        ScanForFileOnStart: True
        Recursive: False
        WatchType: Rename
}
14: Activity [1.28] "MainSequence1" scheduled child activity [1.50] "StartFileSystemListener1"
15: Activity [1.50] "StartFileSystemListener1" is Executing
{
    Arguments
        Configuration: iCore.Workflow.Activities.Filesystem.FileSystemListenerConfiguration
}
16: CustomTrackingRecord [1.50] "iCPSTraceTrackingRecord"
17: Activity [1.50] "StartFileSystemListener1" is Closed
{
    Arguments
        Result: 00000000-0000-0000-0000-000000000000
        Configuration: iCore.Workflow.Activities.Filesystem.FileSystemListenerConfiguration
}
18: Activity [1.28] "MainSequence1" scheduled child activity [1.29] "GetNextFile1"
19: Activity [1.29] "GetNextFile1" is Executing
{
    Arguments
        ErrorOnTimeout: False
        SubscriptionId: 00000000-0000-0000-0000-000000000000
        Timeout: -00:00:00.0010000
        Rename: False
        MoveFileToDirectory: a:\nother\directory\path
        IsImplicitlyCancellable: True
}
20: Activity [1.29] "GetNextFile1" scheduled child activity [1.29.1] "Sequence"
21: Activity [1.29.1] "Sequence" is Executing
{
    Variables
        _5ef1bf98_84fe_487c_bb8a_8079780ebfc1_81: 0
}
22: Activity [1.29.1] "Sequence" scheduled child activity [1.29.26] "GetNextFile1"
23: Activity [1.29.26] "GetNextFile1" is Executing
{
    Arguments
        ErrorOnTimeout: False
        SubscriptionId: 00000000-0000-0000-0000-000000000000
        Timeout: -00:00:00.0010000
        IsImplicitlyCancellable: True
}
24: CustomTrackingRecord [1.29.26] "iCPSTraceTrackingRecord"
25: WorkflowInstance "FilesystemListenerExActivity" is Idle
26: Bookmark "aa8146ff-c255-4961-8a21-39b835ed805a" resumed with payload &lt;iCore.Workflow.Activities.Extensions.ItemSubscriptionEventArgs`1[iCore.Common.Utilities.FileSystemWatcher.FileSystemWatcherFileInfo]&gt; owner [1.29.26] "GetNextFile1"
27: CustomTrackingRecord [1.29.26] "iCPSTraceTrackingRecord"
28: Activity [1.29.26] "GetNextFile1" is Closed
{
    Arguments
        ErrorOnTimeout: False
        SubscriptionId: 00000000-0000-0000-0000-000000000000
        FileName: 
        Timeout: -00:00:00.0010000
        FileFullName: 
        IsImplicitlyCancellable: True
        WatchType: 0
}
29: Activity [1.29.1] "Sequence" scheduled child activity [1.29.19] "AssignProcessingFileName1"
30: Activity [1.29.19] "AssignProcessingFileName1" is Executing
{
    Arguments
        Value: 
}
31: Activity [1.29.19] "AssignProcessingFileName1" is Closed
{
    Arguments
        Value: 
        To: 
}
32: Activity [1.29.1] "Sequence" scheduled child activity [1.29.11] "AssignProcessingFilePath1"
33: Activity [1.29.11] "AssignProcessingFilePath1" is Executing
{
    Arguments
        Value: 
}
34: Activity [1.29.11] "AssignProcessingFilePath1" is Closed
{
    Arguments
        Value: 
        To: 
}
35: Activity [1.29.1] "Sequence" scheduled child activity [1.29.2] "RenameFileCheck1"
36: Activity [1.29.2] "RenameFileCheck1" is Executing
{
    Arguments
        Condition: False
}
37: Activity [1.29.2] "RenameFileCheck1" is Closed
{
    Arguments
        Condition: False
}
38: Activity [1.29.1] "Sequence" is Closed
{
    Variables
        _5ef1bf98_84fe_487c_bb8a_8079780ebfc1_82: 0
}
39: Activity [1.29] "GetNextFile1" is Closed
{
    Arguments
        ErrorOnTimeout: False
        SubscriptionId: 00000000-0000-0000-0000-000000000000
        Timeout: -00:00:00.0010000
        Rename: False
        OriginalFileName: 
        ProcessingFilePath: 
        MoveFileToDirectory: a:\nother\directory\path
        IsImplicitlyCancellable: True
        ProcessingFileName: 
        OriginalFilePath: 
}
40: Activity [1.28] "MainSequence1" is Closed
{
    Variables
        configuration: iCore.Workflow.Activities.Filesystem.FileSystemListenerConfiguration
}
41: Activity [1.24] "TryCatch2" scheduled child activity [1.25] "CloseConnection1"
42: Activity [1.25] "CloseConnection1" is Executing
{
    Arguments
        SubscriptionId: 00000000-0000-0000-0000-000000000000
}
43: CustomTrackingRecord [1.25] "iCPSTraceTrackingRecord"
44: Activity [1.25] "CloseConnection1" is Closed
{
    Arguments
        SubscriptionId: 00000000-0000-0000-0000-000000000000
}
45: Activity [1.24] "TryCatch2" is Closed
46: Activity [1.21] "TryCatch1" is Closed
{
    Variables
        connection: 00000000-0000-0000-0000-000000000000
}
47: Activity [1.1] "Sequence" scheduled child activity [1.2] "OpenIfFileExists1"
48: Activity [1.2] "OpenIfFileExists1" is Executing
{
    Arguments
        Condition: False
}
49: Activity [1.2] "OpenIfFileExists1" scheduled child activity [1.6] "AssignDataNull1"
50: Activity [1.6] "AssignDataNull1" is Executing
{
    Arguments
        Value: System.IO.Stream+NullStream
}
51: Activity [1.6] "AssignDataNull1" is Closed
{
    Arguments
        Value: System.IO.Stream+NullStream
        To: System.IO.Stream+NullStream
}
52: Activity [1.2] "OpenIfFileExists1" is Closed
{
    Arguments
        Condition: False
}
53: Activity [1.1] "Sequence" is Closed
54: Activity [1] "FilesystemListenerExActivity" is Closed
{
    Arguments
        Directory: a:\directory
        FileAccess: Read
        ErrorOnTimeout: False
        FileMode: Open
        Timeout: -00:00:00.0010000
        Filter: *.txt
        Rename: False
        OriginalFileName: 
        FileShare: Read
        SettleTime: 00:00:00.5550000
        Data: System.IO.Stream+NullStream
        ProcessingFilePath: 
        ScanForFileOnStart: True
        MoveFileToDirectory: a:\nother\directory\path
        IsImplicitlyCancellable: True
        ProcessingFileName: 
        OriginalFilePath: 
        Recursive: False
        WatchType: Rename
}
55: WorkflowInstance "FilesystemListenerExActivity" is Completed</StdOut>
      </Output>
    </UnitTestResult>
    <UnitTestResult executionId="968c13cc-2a98-451c-a07e-0cde8d0e284f" testId="a1c4b51f-b364-f863-37ec-ee884cb4c462" testName="Invoke_NoRenameMoveNoErrorOnTimeoutNoFileFound_OutArgumentProcessingFilePathIsNull" computerName="ICSWS068" duration="00:00:00.0098760" startTime="2016-08-04T09:58:41.5557748+02:00" endTime="2016-08-04T09:58:41.5677834+02:00" testType="13cdc9d9-ddb5-4fa4-a97d-d965ccfc6d4b" outcome="Passed" testListId="8c84fa94-04c1-424b-9868-57a2d4851a1d" relativeResultsDirectory="968c13cc-2a98-451c-a07e-0cde8d0e284f">
      <Output>
        <StdOut>Debug Trace:
0: WorkflowInstance "FilesystemListenerExActivity" is Started
1: Activity [null] "null" scheduled child activity [1] "FilesystemListenerExActivity"
2: Activity [1] "FilesystemListenerExActivity" is Executing
{
    Arguments
        Directory: a:\directory
        FileAccess: Read
        ErrorOnTimeout: False
        FileMode: Open
        Timeout: -00:00:00.0010000
        Filter: *.txt
        Rename: False
        FileShare: Read
        SettleTime: 00:00:00.5550000
        ScanForFileOnStart: True
        MoveFileToDirectory: a:\nother\directory\path
        IsImplicitlyCancellable: True
        Recursive: False
        WatchType: Rename
}
3: Activity [1] "FilesystemListenerExActivity" scheduled child activity [1.1] "Sequence"
4: Activity [1.1] "Sequence" is Executing
5: Activity [1.1] "Sequence" scheduled child activity [1.21] "TryCatch1"
6: Activity [1.21] "TryCatch1" is Executing
{
    Variables
        connection: 00000000-0000-0000-0000-000000000000
}
7: Activity [1.21] "TryCatch1" scheduled child activity [1.24] "TryCatch2"
8: Activity [1.24] "TryCatch2" is Executing
9: Activity [1.24] "TryCatch2" scheduled child activity [1.28] "MainSequence1"
10: Activity [1.28] "MainSequence1" is Executing
{
    Variables
        configuration: iCore.Workflow.Activities.Filesystem.FileSystemListenerConfiguration
}
11: Activity [1.28] "MainSequence1" scheduled child activity [1.55] "CreateConfiguration1"
12: Activity [1.55] "CreateConfiguration1" is Executing
{
    Arguments
        Directory: a:\directory
        Filter: *.txt
        SettleTime: 00:00:00.5550000
        ScanForFileOnStart: True
        Recursive: False
        WatchType: Rename
}
13: Activity [1.55] "CreateConfiguration1" is Closed
{
    Arguments
        Directory: a:\directory
        Filter: *.txt
        Result: iCore.Workflow.Activities.Filesystem.FileSystemListenerConfiguration
        SettleTime: 00:00:00.5550000
        ScanForFileOnStart: True
        Recursive: False
        WatchType: Rename
}
14: Activity [1.28] "MainSequence1" scheduled child activity [1.50] "StartFileSystemListener1"
15: Activity [1.50] "StartFileSystemListener1" is Executing
{
    Arguments
        Configuration: iCore.Workflow.Activities.Filesystem.FileSystemListenerConfiguration
}
16: CustomTrackingRecord [1.50] "iCPSTraceTrackingRecord"
17: Activity [1.50] "StartFileSystemListener1" is Closed
{
    Arguments
        Result: 00000000-0000-0000-0000-000000000000
        Configuration: iCore.Workflow.Activities.Filesystem.FileSystemListenerConfiguration
}
18: Activity [1.28] "MainSequence1" scheduled child activity [1.29] "GetNextFile1"
19: Activity [1.29] "GetNextFile1" is Executing
{
    Arguments
        ErrorOnTimeout: False
        SubscriptionId: 00000000-0000-0000-0000-000000000000
        Timeout: -00:00:00.0010000
        Rename: False
        MoveFileToDirectory: a:\nother\directory\path
        IsImplicitlyCancellable: True
}
20: Activity [1.29] "GetNextFile1" scheduled child activity [1.29.1] "Sequence"
21: Activity [1.29.1] "Sequence" is Executing
{
    Variables
        _5ef1bf98_84fe_487c_bb8a_8079780ebfc1_83: 0
}
22: Activity [1.29.1] "Sequence" scheduled child activity [1.29.26] "GetNextFile1"
23: Activity [1.29.26] "GetNextFile1" is Executing
{
    Arguments
        ErrorOnTimeout: False
        SubscriptionId: 00000000-0000-0000-0000-000000000000
        Timeout: -00:00:00.0010000
        IsImplicitlyCancellable: True
}
24: CustomTrackingRecord [1.29.26] "iCPSTraceTrackingRecord"
25: WorkflowInstance "FilesystemListenerExActivity" is Idle
26: Bookmark "5d36b57d-5fb4-42e1-8012-b2d0ae00a1e8" resumed with payload &lt;iCore.Workflow.Activities.Extensions.ItemSubscriptionEventArgs`1[iCore.Common.Utilities.FileSystemWatcher.FileSystemWatcherFileInfo]&gt; owner [1.29.26] "GetNextFile1"
27: CustomTrackingRecord [1.29.26] "iCPSTraceTrackingRecord"
28: Activity [1.29.26] "GetNextFile1" is Closed
{
    Arguments
        ErrorOnTimeout: False
        SubscriptionId: 00000000-0000-0000-0000-000000000000
        FileName: 
        Timeout: -00:00:00.0010000
        FileFullName: 
        IsImplicitlyCancellable: True
        WatchType: 0
}
29: Activity [1.29.1] "Sequence" scheduled child activity [1.29.19] "AssignProcessingFileName1"
30: Activity [1.29.19] "AssignProcessingFileName1" is Executing
{
    Arguments
        Value: 
}
31: Activity [1.29.19] "AssignProcessingFileName1" is Closed
{
    Arguments
        Value: 
        To: 
}
32: Activity [1.29.1] "Sequence" scheduled child activity [1.29.11] "AssignProcessingFilePath1"
33: Activity [1.29.11] "AssignProcessingFilePath1" is Executing
{
    Arguments
        Value: 
}
34: Activity [1.29.11] "AssignProcessingFilePath1" is Closed
{
    Arguments
        Value: 
        To: 
}
35: Activity [1.29.1] "Sequence" scheduled child activity [1.29.2] "RenameFileCheck1"
36: Activity [1.29.2] "RenameFileCheck1" is Executing
{
    Arguments
        Condition: False
}
37: Activity [1.29.2] "RenameFileCheck1" is Closed
{
    Arguments
        Condition: False
}
38: Activity [1.29.1] "Sequence" is Closed
{
    Variables
        _5ef1bf98_84fe_487c_bb8a_8079780ebfc1_84: 0
}
39: Activity [1.29] "GetNextFile1" is Closed
{
    Arguments
        ErrorOnTimeout: False
        SubscriptionId: 00000000-0000-0000-0000-000000000000
        Timeout: -00:00:00.0010000
        Rename: False
        OriginalFileName: 
        ProcessingFilePath: 
        MoveFileToDirectory: a:\nother\directory\path
        IsImplicitlyCancellable: True
        ProcessingFileName: 
        OriginalFilePath: 
}
40: Activity [1.28] "MainSequence1" is Closed
{
    Variables
        configuration: iCore.Workflow.Activities.Filesystem.FileSystemListenerConfiguration
}
41: Activity [1.24] "TryCatch2" scheduled child activity [1.25] "CloseConnection1"
42: Activity [1.25] "CloseConnection1" is Executing
{
    Arguments
        SubscriptionId: 00000000-0000-0000-0000-000000000000
}
43: CustomTrackingRecord [1.25] "iCPSTraceTrackingRecord"
44: Activity [1.25] "CloseConnection1" is Closed
{
    Arguments
        SubscriptionId: 00000000-0000-0000-0000-000000000000
}
45: Activity [1.24] "TryCatch2" is Closed
46: Activity [1.21] "TryCatch1" is Closed
{
    Variables
        connection: 00000000-0000-0000-0000-000000000000
}
47: Activity [1.1] "Sequence" scheduled child activity [1.2] "OpenIfFileExists1"
48: Activity [1.2] "OpenIfFileExists1" is Executing
{
    Arguments
        Condition: False
}
49: Activity [1.2] "OpenIfFileExists1" scheduled child activity [1.6] "AssignDataNull1"
50: Activity [1.6] "AssignDataNull1" is Executing
{
    Arguments
        Value: System.IO.Stream+NullStream
}
51: Activity [1.6] "AssignDataNull1" is Closed
{
    Arguments
        Value: System.IO.Stream+NullStream
        To: System.IO.Stream+NullStream
}
52: Activity [1.2] "OpenIfFileExists1" is Closed
{
    Arguments
        Condition: False
}
53: Activity [1.1] "Sequence" is Closed
54: Activity [1] "FilesystemListenerExActivity" is Closed
{
    Arguments
        Directory: a:\directory
        FileAccess: Read
        ErrorOnTimeout: False
        FileMode: Open
        Timeout: -00:00:00.0010000
        Filter: *.txt
        Rename: False
        OriginalFileName: 
        FileShare: Read
        SettleTime: 00:00:00.5550000
        Data: System.IO.Stream+NullStream
        ProcessingFilePath: 
        ScanForFileOnStart: True
        MoveFileToDirectory: a:\nother\directory\path
        IsImplicitlyCancellable: True
        ProcessingFileName: 
        OriginalFilePath: 
        Recursive: False
        WatchType: Rename
}
55: WorkflowInstance "FilesystemListenerExActivity" is Completed</StdOut>
      </Output>
    </UnitTestResult>
    <UnitTestResult executionId="ec80e5c6-c662-4b16-a719-4ae171f3fe2b" testId="832fdd5b-3598-3d33-e387-bfaf5369ebc0" testName="Invoke_NoRenameMoveNoErrorOnTimeoutNoFileFound_OutArgumentOriginalFileNameIsNull" computerName="ICSWS068" duration="00:00:00.0108372" startTime="2016-08-04T09:58:41.5707860+02:00" endTime="2016-08-04T09:58:41.5827943+02:00" testType="13cdc9d9-ddb5-4fa4-a97d-d965ccfc6d4b" outcome="Passed" testListId="8c84fa94-04c1-424b-9868-57a2d4851a1d" relativeResultsDirectory="ec80e5c6-c662-4b16-a719-4ae171f3fe2b">
      <Output>
        <StdOut>Debug Trace:
0: WorkflowInstance "FilesystemListenerExActivity" is Started
1: Activity [null] "null" scheduled child activity [1] "FilesystemListenerExActivity"
2: Activity [1] "FilesystemListenerExActivity" is Executing
{
    Arguments
        Directory: a:\directory
        FileAccess: Read
        ErrorOnTimeout: False
        FileMode: Open
        Timeout: -00:00:00.0010000
        Filter: *.txt
        Rename: False
        FileShare: Read
        SettleTime: 00:00:00.5550000
        ScanForFileOnStart: True
        MoveFileToDirectory: a:\nother\directory\path
        IsImplicitlyCancellable: True
        Recursive: False
        WatchType: Rename
}
3: Activity [1] "FilesystemListenerExActivity" scheduled child activity [1.1] "Sequence"
4: Activity [1.1] "Sequence" is Executing
5: Activity [1.1] "Sequence" scheduled child activity [1.21] "TryCatch1"
6: Activity [1.21] "TryCatch1" is Executing
{
    Variables
        connection: 00000000-0000-0000-0000-000000000000
}
7: Activity [1.21] "TryCatch1" scheduled child activity [1.24] "TryCatch2"
8: Activity [1.24] "TryCatch2" is Executing
9: Activity [1.24] "TryCatch2" scheduled child activity [1.28] "MainSequence1"
10: Activity [1.28] "MainSequence1" is Executing
{
    Variables
        configuration: iCore.Workflow.Activities.Filesystem.FileSystemListenerConfiguration
}
11: Activity [1.28] "MainSequence1" scheduled child activity [1.55] "CreateConfiguration1"
12: Activity [1.55] "CreateConfiguration1" is Executing
{
    Arguments
        Directory: a:\directory
        Filter: *.txt
        SettleTime: 00:00:00.5550000
        ScanForFileOnStart: True
        Recursive: False
        WatchType: Rename
}
13: Activity [1.55] "CreateConfiguration1" is Closed
{
    Arguments
        Directory: a:\directory
        Filter: *.txt
        Result: iCore.Workflow.Activities.Filesystem.FileSystemListenerConfiguration
        SettleTime: 00:00:00.5550000
        ScanForFileOnStart: True
        Recursive: False
        WatchType: Rename
}
14: Activity [1.28] "MainSequence1" scheduled child activity [1.50] "StartFileSystemListener1"
15: Activity [1.50] "StartFileSystemListener1" is Executing
{
    Arguments
        Configuration: iCore.Workflow.Activities.Filesystem.FileSystemListenerConfiguration
}
16: CustomTrackingRecord [1.50] "iCPSTraceTrackingRecord"
17: Activity [1.50] "StartFileSystemListener1" is Closed
{
    Arguments
        Result: 00000000-0000-0000-0000-000000000000
        Configuration: iCore.Workflow.Activities.Filesystem.FileSystemListenerConfiguration
}
18: Activity [1.28] "MainSequence1" scheduled child activity [1.29] "GetNextFile1"
19: Activity [1.29] "GetNextFile1" is Executing
{
    Arguments
        ErrorOnTimeout: False
        SubscriptionId: 00000000-0000-0000-0000-000000000000
        Timeout: -00:00:00.0010000
        Rename: False
        MoveFileToDirectory: a:\nother\directory\path
        IsImplicitlyCancellable: True
}
20: Activity [1.29] "GetNextFile1" scheduled child activity [1.29.1] "Sequence"
21: Activity [1.29.1] "Sequence" is Executing
{
    Variables
        _5ef1bf98_84fe_487c_bb8a_8079780ebfc1_85: 0
}
22: Activity [1.29.1] "Sequence" scheduled child activity [1.29.26] "GetNextFile1"
23: Activity [1.29.26] "GetNextFile1" is Executing
{
    Arguments
        ErrorOnTimeout: False
        SubscriptionId: 00000000-0000-0000-0000-000000000000
        Timeout: -00:00:00.0010000
        IsImplicitlyCancellable: True
}
24: CustomTrackingRecord [1.29.26] "iCPSTraceTrackingRecord"
25: WorkflowInstance "FilesystemListenerExActivity" is Idle
26: Bookmark "1ce2325c-cd12-47b4-9bd1-c3671f93a033" resumed with payload &lt;iCore.Workflow.Activities.Extensions.ItemSubscriptionEventArgs`1[iCore.Common.Utilities.FileSystemWatcher.FileSystemWatcherFileInfo]&gt; owner [1.29.26] "GetNextFile1"
27: CustomTrackingRecord [1.29.26] "iCPSTraceTrackingRecord"
28: Activity [1.29.26] "GetNextFile1" is Closed
{
    Arguments
        ErrorOnTimeout: False
        SubscriptionId: 00000000-0000-0000-0000-000000000000
        FileName: 
        Timeout: -00:00:00.0010000
        FileFullName: 
        IsImplicitlyCancellable: True
        WatchType: 0
}
29: Activity [1.29.1] "Sequence" scheduled child activity [1.29.19] "AssignProcessingFileName1"
30: Activity [1.29.19] "AssignProcessingFileName1" is Executing
{
    Arguments
        Value: 
}
31: Activity [1.29.19] "AssignProcessingFileName1" is Closed
{
    Arguments
        Value: 
        To: 
}
32: Activity [1.29.1] "Sequence" scheduled child activity [1.29.11] "AssignProcessingFilePath1"
33: Activity [1.29.11] "AssignProcessingFilePath1" is Executing
{
    Arguments
        Value: 
}
34: Activity [1.29.11] "AssignProcessingFilePath1" is Closed
{
    Arguments
        Value: 
        To: 
}
35: Activity [1.29.1] "Sequence" scheduled child activity [1.29.2] "RenameFileCheck1"
36: Activity [1.29.2] "RenameFileCheck1" is Executing
{
    Arguments
        Condition: False
}
37: Activity [1.29.2] "RenameFileCheck1" is Closed
{
    Arguments
        Condition: False
}
38: Activity [1.29.1] "Sequence" is Closed
{
    Variables
        _5ef1bf98_84fe_487c_bb8a_8079780ebfc1_86: 0
}
39: Activity [1.29] "GetNextFile1" is Closed
{
    Arguments
        ErrorOnTimeout: False
        SubscriptionId: 00000000-0000-0000-0000-000000000000
        Timeout: -00:00:00.0010000
        Rename: False
        OriginalFileName: 
        ProcessingFilePath: 
        MoveFileToDirectory: a:\nother\directory\path
        IsImplicitlyCancellable: True
        ProcessingFileName: 
        OriginalFilePath: 
}
40: Activity [1.28] "MainSequence1" is Closed
{
    Variables
        configuration: iCore.Workflow.Activities.Filesystem.FileSystemListenerConfiguration
}
41: Activity [1.24] "TryCatch2" scheduled child activity [1.25] "CloseConnection1"
42: Activity [1.25] "CloseConnection1" is Executing
{
    Arguments
        SubscriptionId: 00000000-0000-0000-0000-000000000000
}
43: CustomTrackingRecord [1.25] "iCPSTraceTrackingRecord"
44: Activity [1.25] "CloseConnection1" is Closed
{
    Arguments
        SubscriptionId: 00000000-0000-0000-0000-000000000000
}
45: Activity [1.24] "TryCatch2" is Closed
46: Activity [1.21] "TryCatch1" is Closed
{
    Variables
        connection: 00000000-0000-0000-0000-000000000000
}
47: Activity [1.1] "Sequence" scheduled child activity [1.2] "OpenIfFileExists1"
48: Activity [1.2] "OpenIfFileExists1" is Executing
{
    Arguments
        Condition: False
}
49: Activity [1.2] "OpenIfFileExists1" scheduled child activity [1.6] "AssignDataNull1"
50: Activity [1.6] "AssignDataNull1" is Executing
{
    Arguments
        Value: System.IO.Stream+NullStream
}
51: Activity [1.6] "AssignDataNull1" is Closed
{
    Arguments
        Value: System.IO.Stream+NullStream
        To: System.IO.Stream+NullStream
}
52: Activity [1.2] "OpenIfFileExists1" is Closed
{
    Arguments
        Condition: False
}
53: Activity [1.1] "Sequence" is Closed
54: Activity [1] "FilesystemListenerExActivity" is Closed
{
    Arguments
        Directory: a:\directory
        FileAccess: Read
        ErrorOnTimeout: False
        FileMode: Open
        Timeout: -00:00:00.0010000
        Filter: *.txt
        Rename: False
        OriginalFileName: 
        FileShare: Read
        SettleTime: 00:00:00.5550000
        Data: System.IO.Stream+NullStream
        ProcessingFilePath: 
        ScanForFileOnStart: True
        MoveFileToDirectory: a:\nother\directory\path
        IsImplicitlyCancellable: True
        ProcessingFileName: 
        OriginalFilePath: 
        Recursive: False
        WatchType: Rename
}
55: WorkflowInstance "FilesystemListenerExActivity" is Completed</StdOut>
      </Output>
    </UnitTestResult>
    <UnitTestResult executionId="96fb75f4-8028-45f1-a465-44e470d361ae" testId="ec7d190b-5637-a9b2-ff0c-f168676ad44e" testName="Invoke_NoRenameMoveNoErrorOnTimeoutNoFileFound_OutArgumentOriginalFilePathIsNull" computerName="ICSWS068" duration="00:00:00.0106619" startTime="2016-08-04T09:58:41.5867972+02:00" endTime="2016-08-04T09:58:41.5988058+02:00" testType="13cdc9d9-ddb5-4fa4-a97d-d965ccfc6d4b" outcome="Passed" testListId="8c84fa94-04c1-424b-9868-57a2d4851a1d" relativeResultsDirectory="96fb75f4-8028-45f1-a465-44e470d361ae">
      <Output>
        <StdOut>Debug Trace:
0: WorkflowInstance "FilesystemListenerExActivity" is Started
1: Activity [null] "null" scheduled child activity [1] "FilesystemListenerExActivity"
2: Activity [1] "FilesystemListenerExActivity" is Executing
{
    Arguments
        Directory: a:\directory
        FileAccess: Read
        ErrorOnTimeout: False
        FileMode: Open
        Timeout: -00:00:00.0010000
        Filter: *.txt
        Rename: False
        FileShare: Read
        SettleTime: 00:00:00.5550000
        ScanForFileOnStart: True
        MoveFileToDirectory: a:\nother\directory\path
        IsImplicitlyCancellable: True
        Recursive: False
        WatchType: Rename
}
3: Activity [1] "FilesystemListenerExActivity" scheduled child activity [1.1] "Sequence"
4: Activity [1.1] "Sequence" is Executing
5: Activity [1.1] "Sequence" scheduled child activity [1.21] "TryCatch1"
6: Activity [1.21] "TryCatch1" is Executing
{
    Variables
        connection: 00000000-0000-0000-0000-000000000000
}
7: Activity [1.21] "TryCatch1" scheduled child activity [1.24] "TryCatch2"
8: Activity [1.24] "TryCatch2" is Executing
9: Activity [1.24] "TryCatch2" scheduled child activity [1.28] "MainSequence1"
10: Activity [1.28] "MainSequence1" is Executing
{
    Variables
        configuration: iCore.Workflow.Activities.Filesystem.FileSystemListenerConfiguration
}
11: Activity [1.28] "MainSequence1" scheduled child activity [1.55] "CreateConfiguration1"
12: Activity [1.55] "CreateConfiguration1" is Executing
{
    Arguments
        Directory: a:\directory
        Filter: *.txt
        SettleTime: 00:00:00.5550000
        ScanForFileOnStart: True
        Recursive: False
        WatchType: Rename
}
13: Activity [1.55] "CreateConfiguration1" is Closed
{
    Arguments
        Directory: a:\directory
        Filter: *.txt
        Result: iCore.Workflow.Activities.Filesystem.FileSystemListenerConfiguration
        SettleTime: 00:00:00.5550000
        ScanForFileOnStart: True
        Recursive: False
        WatchType: Rename
}
14: Activity [1.28] "MainSequence1" scheduled child activity [1.50] "StartFileSystemListener1"
15: Activity [1.50] "StartFileSystemListener1" is Executing
{
    Arguments
        Configuration: iCore.Workflow.Activities.Filesystem.FileSystemListenerConfiguration
}
16: CustomTrackingRecord [1.50] "iCPSTraceTrackingRecord"
17: Activity [1.50] "StartFileSystemListener1" is Closed
{
    Arguments
        Result: 00000000-0000-0000-0000-000000000000
        Configuration: iCore.Workflow.Activities.Filesystem.FileSystemListenerConfiguration
}
18: Activity [1.28] "MainSequence1" scheduled child activity [1.29] "GetNextFile1"
19: Activity [1.29] "GetNextFile1" is Executing
{
    Arguments
        ErrorOnTimeout: False
        SubscriptionId: 00000000-0000-0000-0000-000000000000
        Timeout: -00:00:00.0010000
        Rename: False
        MoveFileToDirectory: a:\nother\directory\path
        IsImplicitlyCancellable: True
}
20: Activity [1.29] "GetNextFile1" scheduled child activity [1.29.1] "Sequence"
21: Activity [1.29.1] "Sequence" is Executing
{
    Variables
        _5ef1bf98_84fe_487c_bb8a_8079780ebfc1_87: 0
}
22: Activity [1.29.1] "Sequence" scheduled child activity [1.29.26] "GetNextFile1"
23: Activity [1.29.26] "GetNextFile1" is Executing
{
    Arguments
        ErrorOnTimeout: False
        SubscriptionId: 00000000-0000-0000-0000-000000000000
        Timeout: -00:00:00.0010000
        IsImplicitlyCancellable: True
}
24: CustomTrackingRecord [1.29.26] "iCPSTraceTrackingRecord"
25: WorkflowInstance "FilesystemListenerExActivity" is Idle
26: Bookmark "a4b0c6a0-f22a-4be6-9210-37a02cabf19d" resumed with payload &lt;iCore.Workflow.Activities.Extensions.ItemSubscriptionEventArgs`1[iCore.Common.Utilities.FileSystemWatcher.FileSystemWatcherFileInfo]&gt; owner [1.29.26] "GetNextFile1"
27: CustomTrackingRecord [1.29.26] "iCPSTraceTrackingRecord"
28: Activity [1.29.26] "GetNextFile1" is Closed
{
    Arguments
        ErrorOnTimeout: False
        SubscriptionId: 00000000-0000-0000-0000-000000000000
        FileName: 
        Timeout: -00:00:00.0010000
        FileFullName: 
        IsImplicitlyCancellable: True
        WatchType: 0
}
29: Activity [1.29.1] "Sequence" scheduled child activity [1.29.19] "AssignProcessingFileName1"
30: Activity [1.29.19] "AssignProcessingFileName1" is Executing
{
    Arguments
        Value: 
}
31: Activity [1.29.19] "AssignProcessingFileName1" is Closed
{
    Arguments
        Value: 
        To: 
}
32: Activity [1.29.1] "Sequence" scheduled child activity [1.29.11] "AssignProcessingFilePath1"
33: Activity [1.29.11] "AssignProcessingFilePath1" is Executing
{
    Arguments
        Value: 
}
34: Activity [1.29.11] "AssignProcessingFilePath1" is Closed
{
    Arguments
        Value: 
        To: 
}
35: Activity [1.29.1] "Sequence" scheduled child activity [1.29.2] "RenameFileCheck1"
36: Activity [1.29.2] "RenameFileCheck1" is Executing
{
    Arguments
        Condition: False
}
37: Activity [1.29.2] "RenameFileCheck1" is Closed
{
    Arguments
        Condition: False
}
38: Activity [1.29.1] "Sequence" is Closed
{
    Variables
        _5ef1bf98_84fe_487c_bb8a_8079780ebfc1_88: 0
}
39: Activity [1.29] "GetNextFile1" is Closed
{
    Arguments
        ErrorOnTimeout: False
        SubscriptionId: 00000000-0000-0000-0000-000000000000
        Timeout: -00:00:00.0010000
        Rename: False
        OriginalFileName: 
        ProcessingFilePath: 
        MoveFileToDirectory: a:\nother\directory\path
        IsImplicitlyCancellable: True
        ProcessingFileName: 
        OriginalFilePath: 
}
40: Activity [1.28] "MainSequence1" is Closed
{
    Variables
        configuration: iCore.Workflow.Activities.Filesystem.FileSystemListenerConfiguration
}
41: Activity [1.24] "TryCatch2" scheduled child activity [1.25] "CloseConnection1"
42: Activity [1.25] "CloseConnection1" is Executing
{
    Arguments
        SubscriptionId: 00000000-0000-0000-0000-000000000000
}
43: CustomTrackingRecord [1.25] "iCPSTraceTrackingRecord"
44: Activity [1.25] "CloseConnection1" is Closed
{
    Arguments
        SubscriptionId: 00000000-0000-0000-0000-000000000000
}
45: Activity [1.24] "TryCatch2" is Closed
46: Activity [1.21] "TryCatch1" is Closed
{
    Variables
        connection: 00000000-0000-0000-0000-000000000000
}
47: Activity [1.1] "Sequence" scheduled child activity [1.2] "OpenIfFileExists1"
48: Activity [1.2] "OpenIfFileExists1" is Executing
{
    Arguments
        Condition: False
}
49: Activity [1.2] "OpenIfFileExists1" scheduled child activity [1.6] "AssignDataNull1"
50: Activity [1.6] "AssignDataNull1" is Executing
{
    Arguments
        Value: System.IO.Stream+NullStream
}
51: Activity [1.6] "AssignDataNull1" is Closed
{
    Arguments
        Value: System.IO.Stream+NullStream
        To: System.IO.Stream+NullStream
}
52: Activity [1.2] "OpenIfFileExists1" is Closed
{
    Arguments
        Condition: False
}
53: Activity [1.1] "Sequence" is Closed
54: Activity [1] "FilesystemListenerExActivity" is Closed
{
    Arguments
        Directory: a:\directory
        FileAccess: Read
        ErrorOnTimeout: False
        FileMode: Open
        Timeout: -00:00:00.0010000
        Filter: *.txt
        Rename: False
        OriginalFileName: 
        FileShare: Read
        SettleTime: 00:00:00.5550000
        Data: System.IO.Stream+NullStream
        ProcessingFilePath: 
        ScanForFileOnStart: True
        MoveFileToDirectory: a:\nother\directory\path
        IsImplicitlyCancellable: True
        ProcessingFileName: 
        OriginalFilePath: 
        Recursive: False
        WatchType: Rename
}
55: WorkflowInstance "FilesystemListenerExActivity" is Completed</StdOut>
      </Output>
    </UnitTestResult>
    <UnitTestResult executionId="8c8f02ca-731c-414a-933e-924fda293aa2" testId="8862570b-7613-3d50-37b4-ebc735b5298d" testName="Invoke_NoRenameMoveNoErrorOnTimeoutNoFileFound_OutArgumentDataIsStreamNull" computerName="ICSWS068" duration="00:00:00.0091173" startTime="2016-08-04T09:58:41.6028086+02:00" endTime="2016-08-04T09:58:41.6133161+02:00" testType="13cdc9d9-ddb5-4fa4-a97d-d965ccfc6d4b" outcome="Passed" testListId="8c84fa94-04c1-424b-9868-57a2d4851a1d" relativeResultsDirectory="8c8f02ca-731c-414a-933e-924fda293aa2">
      <Output>
        <StdOut>Debug Trace:
0: WorkflowInstance "FilesystemListenerExActivity" is Started
1: Activity [null] "null" scheduled child activity [1] "FilesystemListenerExActivity"
2: Activity [1] "FilesystemListenerExActivity" is Executing
{
    Arguments
        Directory: a:\directory
        FileAccess: Read
        ErrorOnTimeout: False
        FileMode: Open
        Timeout: -00:00:00.0010000
        Filter: *.txt
        Rename: False
        FileShare: Read
        SettleTime: 00:00:00.5550000
        ScanForFileOnStart: True
        MoveFileToDirectory: a:\nother\directory\path
        IsImplicitlyCancellable: True
        Recursive: False
        WatchType: Rename
}
3: Activity [1] "FilesystemListenerExActivity" scheduled child activity [1.1] "Sequence"
4: Activity [1.1] "Sequence" is Executing
5: Activity [1.1] "Sequence" scheduled child activity [1.21] "TryCatch1"
6: Activity [1.21] "TryCatch1" is Executing
{
    Variables
        connection: 00000000-0000-0000-0000-000000000000
}
7: Activity [1.21] "TryCatch1" scheduled child activity [1.24] "TryCatch2"
8: Activity [1.24] "TryCatch2" is Executing
9: Activity [1.24] "TryCatch2" scheduled child activity [1.28] "MainSequence1"
10: Activity [1.28] "MainSequence1" is Executing
{
    Variables
        configuration: iCore.Workflow.Activities.Filesystem.FileSystemListenerConfiguration
}
11: Activity [1.28] "MainSequence1" scheduled child activity [1.55] "CreateConfiguration1"
12: Activity [1.55] "CreateConfiguration1" is Executing
{
    Arguments
        Directory: a:\directory
        Filter: *.txt
        SettleTime: 00:00:00.5550000
        ScanForFileOnStart: True
        Recursive: False
        WatchType: Rename
}
13: Activity [1.55] "CreateConfiguration1" is Closed
{
    Arguments
        Directory: a:\directory
        Filter: *.txt
        Result: iCore.Workflow.Activities.Filesystem.FileSystemListenerConfiguration
        SettleTime: 00:00:00.5550000
        ScanForFileOnStart: True
        Recursive: False
        WatchType: Rename
}
14: Activity [1.28] "MainSequence1" scheduled child activity [1.50] "StartFileSystemListener1"
15: Activity [1.50] "StartFileSystemListener1" is Executing
{
    Arguments
        Configuration: iCore.Workflow.Activities.Filesystem.FileSystemListenerConfiguration
}
16: CustomTrackingRecord [1.50] "iCPSTraceTrackingRecord"
17: Activity [1.50] "StartFileSystemListener1" is Closed
{
    Arguments
        Result: 00000000-0000-0000-0000-000000000000
        Configuration: iCore.Workflow.Activities.Filesystem.FileSystemListenerConfiguration
}
18: Activity [1.28] "MainSequence1" scheduled child activity [1.29] "GetNextFile1"
19: Activity [1.29] "GetNextFile1" is Executing
{
    Arguments
        ErrorOnTimeout: False
        SubscriptionId: 00000000-0000-0000-0000-000000000000
        Timeout: -00:00:00.0010000
        Rename: False
        MoveFileToDirectory: a:\nother\directory\path
        IsImplicitlyCancellable: True
}
20: Activity [1.29] "GetNextFile1" scheduled child activity [1.29.1] "Sequence"
21: Activity [1.29.1] "Sequence" is Executing
{
    Variables
        _5ef1bf98_84fe_487c_bb8a_8079780ebfc1_89: 0
}
22: Activity [1.29.1] "Sequence" scheduled child activity [1.29.26] "GetNextFile1"
23: Activity [1.29.26] "GetNextFile1" is Executing
{
    Arguments
        ErrorOnTimeout: False
        SubscriptionId: 00000000-0000-0000-0000-000000000000
        Timeout: -00:00:00.0010000
        IsImplicitlyCancellable: True
}
24: CustomTrackingRecord [1.29.26] "iCPSTraceTrackingRecord"
25: WorkflowInstance "FilesystemListenerExActivity" is Idle
26: Bookmark "14a6b8c0-e9e3-4fb8-a0e3-b2cfe33eca28" resumed with payload &lt;iCore.Workflow.Activities.Extensions.ItemSubscriptionEventArgs`1[iCore.Common.Utilities.FileSystemWatcher.FileSystemWatcherFileInfo]&gt; owner [1.29.26] "GetNextFile1"
27: CustomTrackingRecord [1.29.26] "iCPSTraceTrackingRecord"
28: Activity [1.29.26] "GetNextFile1" is Closed
{
    Arguments
        ErrorOnTimeout: False
        SubscriptionId: 00000000-0000-0000-0000-000000000000
        FileName: 
        Timeout: -00:00:00.0010000
        FileFullName: 
        IsImplicitlyCancellable: True
        WatchType: 0
}
29: Activity [1.29.1] "Sequence" scheduled child activity [1.29.19] "AssignProcessingFileName1"
30: Activity [1.29.19] "AssignProcessingFileName1" is Executing
{
    Arguments
        Value: 
}
31: Activity [1.29.19] "AssignProcessingFileName1" is Closed
{
    Arguments
        Value: 
        To: 
}
32: Activity [1.29.1] "Sequence" scheduled child activity [1.29.11] "AssignProcessingFilePath1"
33: Activity [1.29.11] "AssignProcessingFilePath1" is Executing
{
    Arguments
        Value: 
}
34: Activity [1.29.11] "AssignProcessingFilePath1" is Closed
{
    Arguments
        Value: 
        To: 
}
35: Activity [1.29.1] "Sequence" scheduled child activity [1.29.2] "RenameFileCheck1"
36: Activity [1.29.2] "RenameFileCheck1" is Executing
{
    Arguments
        Condition: False
}
37: Activity [1.29.2] "RenameFileCheck1" is Closed
{
    Arguments
        Condition: False
}
38: Activity [1.29.1] "Sequence" is Closed
{
    Variables
        _5ef1bf98_84fe_487c_bb8a_8079780ebfc1_90: 0
}
39: Activity [1.29] "GetNextFile1" is Closed
{
    Arguments
        ErrorOnTimeout: False
        SubscriptionId: 00000000-0000-0000-0000-000000000000
        Timeout: -00:00:00.0010000
        Rename: False
        OriginalFileName: 
        ProcessingFilePath: 
        MoveFileToDirectory: a:\nother\directory\path
        IsImplicitlyCancellable: True
        ProcessingFileName: 
        OriginalFilePath: 
}
40: Activity [1.28] "MainSequence1" is Closed
{
    Variables
        configuration: iCore.Workflow.Activities.Filesystem.FileSystemListenerConfiguration
}
41: Activity [1.24] "TryCatch2" scheduled child activity [1.25] "CloseConnection1"
42: Activity [1.25] "CloseConnection1" is Executing
{
    Arguments
        SubscriptionId: 00000000-0000-0000-0000-000000000000
}
43: CustomTrackingRecord [1.25] "iCPSTraceTrackingRecord"
44: Activity [1.25] "CloseConnection1" is Closed
{
    Arguments
        SubscriptionId: 00000000-0000-0000-0000-000000000000
}
45: Activity [1.24] "TryCatch2" is Closed
46: Activity [1.21] "TryCatch1" is Closed
{
    Variables
        connection: 00000000-0000-0000-0000-000000000000
}
47: Activity [1.1] "Sequence" scheduled child activity [1.2] "OpenIfFileExists1"
48: Activity [1.2] "OpenIfFileExists1" is Executing
{
    Arguments
        Condition: False
}
49: Activity [1.2] "OpenIfFileExists1" scheduled child activity [1.6] "AssignDataNull1"
50: Activity [1.6] "AssignDataNull1" is Executing
{
    Arguments
        Value: System.IO.Stream+NullStream
}
51: Activity [1.6] "AssignDataNull1" is Closed
{
    Arguments
        Value: System.IO.Stream+NullStream
        To: System.IO.Stream+NullStream
}
52: Activity [1.2] "OpenIfFileExists1" is Closed
{
    Arguments
        Condition: False
}
53: Activity [1.1] "Sequence" is Closed
54: Activity [1] "FilesystemListenerExActivity" is Closed
{
    Arguments
        Directory: a:\directory
        FileAccess: Read
        ErrorOnTimeout: False
        FileMode: Open
        Timeout: -00:00:00.0010000
        Filter: *.txt
        Rename: False
        OriginalFileName: 
        FileShare: Read
        SettleTime: 00:00:00.5550000
        Data: System.IO.Stream+NullStream
        ProcessingFilePath: 
        ScanForFileOnStart: True
        MoveFileToDirectory: a:\nother\directory\path
        IsImplicitlyCancellable: True
        ProcessingFileName: 
        OriginalFilePath: 
        Recursive: False
        WatchType: Rename
}
55: WorkflowInstance "FilesystemListenerExActivity" is Completed</StdOut>
      </Output>
    </UnitTestResult>
    <UnitTestResult executionId="ab41e726-7ef0-488d-8252-2d0e5f265260" testId="033349f6-d4a1-d248-35b1-1699e92a6fa3" testName="Invoke_OmitInArgumentDirectory_ThrowsArgumentException" computerName="ICSWS068" duration="00:00:00.0031565" startTime="2016-08-04T09:58:41.6163181+02:00" endTime="2016-08-04T09:58:41.6208215+02:00" testType="13cdc9d9-ddb5-4fa4-a97d-d965ccfc6d4b" outcome="Passed" testListId="8c84fa94-04c1-424b-9868-57a2d4851a1d" relativeResultsDirectory="ab41e726-7ef0-488d-8252-2d0e5f265260" />
    <UnitTestResult executionId="15ca78e0-7a4a-461d-8afc-ea1511398996" testId="6f72d3b2-b349-ce8b-2341-a3244520825a" testName="Allocate_InspectDefaultValues_DefaultErrorOnTimeoutIsTrue" computerName="ICSWS068" duration="00:00:00.0079552" startTime="2016-08-04T09:58:41.6248244+02:00" endTime="2016-08-04T09:58:41.6338307+02:00" testType="13cdc9d9-ddb5-4fa4-a97d-d965ccfc6d4b" outcome="Passed" testListId="8c84fa94-04c1-424b-9868-57a2d4851a1d" relativeResultsDirectory="15ca78e0-7a4a-461d-8afc-ea1511398996">
      <Output>
        <StdOut>Debug Trace:
0: WorkflowInstance "FilesystemListenerExActivity" is Started
1: Activity [null] "null" scheduled child activity [1] "FilesystemListenerExActivity"
2: Activity [1] "FilesystemListenerExActivity" is Executing
{
    Arguments
        Directory: a:\directory
        FileAccess: Read
        ErrorOnTimeout: True
        FileMode: Open
        Timeout: -00:00:00.0010000
        Filter: *.txt
        Rename: False
        FileShare: Read
        SettleTime: 00:00:00.5550000
        ScanForFileOnStart: True
        MoveFileToDirectory: a:\nother\directory
        IsImplicitlyCancellable: True
        Recursive: False
        WatchType: Rename
}
3: Activity [1] "FilesystemListenerExActivity" scheduled child activity [1.1] "Sequence"
4: Activity [1.1] "Sequence" is Executing
5: Activity [1.1] "Sequence" scheduled child activity [1.21] "TryCatch1"
6: Activity [1.21] "TryCatch1" is Executing
{
    Variables
        connection: 00000000-0000-0000-0000-000000000000
}
7: Activity [1.21] "TryCatch1" scheduled child activity [1.24] "TryCatch2"
8: Activity [1.24] "TryCatch2" is Executing
9: Activity [1.24] "TryCatch2" scheduled child activity [1.28] "MainSequence1"
10: Activity [1.28] "MainSequence1" is Executing
{
    Variables
        configuration: iCore.Workflow.Activities.Filesystem.FileSystemListenerConfiguration
}
11: Activity [1.28] "MainSequence1" scheduled child activity [1.55] "CreateConfiguration1"
12: Activity [1.55] "CreateConfiguration1" is Executing
{
    Arguments
        Directory: a:\directory
        Filter: *.txt
        SettleTime: 00:00:00.5550000
        ScanForFileOnStart: True
        Recursive: False
        WatchType: Rename
}
13: Activity [1.55] "CreateConfiguration1" is Closed
{
    Arguments
        Directory: a:\directory
        Filter: *.txt
        Result: iCore.Workflow.Activities.Filesystem.FileSystemListenerConfiguration
        SettleTime: 00:00:00.5550000
        ScanForFileOnStart: True
        Recursive: False
        WatchType: Rename
}
14: Activity [1.28] "MainSequence1" scheduled child activity [1.50] "StartFileSystemListener1"
15: Activity [1.50] "StartFileSystemListener1" is Executing
{
    Arguments
        Configuration: iCore.Workflow.Activities.Filesystem.FileSystemListenerConfiguration
}
16: CustomTrackingRecord [1.50] "iCPSTraceTrackingRecord"
17: Activity [1.50] "StartFileSystemListener1" is Closed
{
    Arguments
        Result: 00000000-0000-0000-0000-000000000000
        Configuration: iCore.Workflow.Activities.Filesystem.FileSystemListenerConfiguration
}
18: Activity [1.28] "MainSequence1" scheduled child activity [1.29] "GetNextFile1"
19: Activity [1.29] "GetNextFile1" is Executing
{
    Arguments
        ErrorOnTimeout: True
        SubscriptionId: 00000000-0000-0000-0000-000000000000
        Timeout: -00:00:00.0010000
        Rename: False
        MoveFileToDirectory: a:\nother\directory
        IsImplicitlyCancellable: True
}
20: Activity [1.29] "GetNextFile1" scheduled child activity [1.29.1] "Sequence"
21: Activity [1.29.1] "Sequence" is Executing
{
    Variables
        _5ef1bf98_84fe_487c_bb8a_8079780ebfc1_91: 0
}
22: Activity [1.29.1] "Sequence" scheduled child activity [1.29.26] "GetNextFile1"
23: Activity [1.29.26] "GetNextFile1" is Executing
{
    Arguments
        ErrorOnTimeout: True
        SubscriptionId: 00000000-0000-0000-0000-000000000000
        Timeout: -00:00:00.0010000
        IsImplicitlyCancellable: True
}
24: CustomTrackingRecord [1.29.26] "iCPSTraceTrackingRecord"
25: WorkflowInstance "FilesystemListenerExActivity" is Idle</StdOut>
      </Output>
    </UnitTestResult>
    <UnitTestResult executionId="dace038e-5d26-4b30-9724-a57385a0ed61" testId="f88fa283-5f0b-60da-79f1-8a9f385d6bab" testName="Allocate_InspectDefaultValues_DefaultFilterIsAllFiles" computerName="ICSWS068" duration="00:00:00.0072746" startTime="2016-08-04T09:58:41.6378336+02:00" endTime="2016-08-04T09:58:41.6463396+02:00" testType="13cdc9d9-ddb5-4fa4-a97d-d965ccfc6d4b" outcome="Passed" testListId="8c84fa94-04c1-424b-9868-57a2d4851a1d" relativeResultsDirectory="dace038e-5d26-4b30-9724-a57385a0ed61">
      <Output>
        <StdOut>Debug Trace:
0: WorkflowInstance "FilesystemListenerExActivity" is Started
1: Activity [null] "null" scheduled child activity [1] "FilesystemListenerExActivity"
2: Activity [1] "FilesystemListenerExActivity" is Executing
{
    Arguments
        Directory: a:\directory
        FileAccess: Read
        ErrorOnTimeout: False
        FileMode: Open
        Timeout: -00:00:00.0010000
        Filter: *.*
        Rename: False
        FileShare: Read
        SettleTime: 00:00:00.5550000
        ScanForFileOnStart: True
        MoveFileToDirectory: a:\nother\directory
        IsImplicitlyCancellable: True
        Recursive: False
        WatchType: Rename
}
3: Activity [1] "FilesystemListenerExActivity" scheduled child activity [1.1] "Sequence"
4: Activity [1.1] "Sequence" is Executing
5: Activity [1.1] "Sequence" scheduled child activity [1.21] "TryCatch1"
6: Activity [1.21] "TryCatch1" is Executing
{
    Variables
        connection: 00000000-0000-0000-0000-000000000000
}
7: Activity [1.21] "TryCatch1" scheduled child activity [1.24] "TryCatch2"
8: Activity [1.24] "TryCatch2" is Executing
9: Activity [1.24] "TryCatch2" scheduled child activity [1.28] "MainSequence1"
10: Activity [1.28] "MainSequence1" is Executing
{
    Variables
        configuration: iCore.Workflow.Activities.Filesystem.FileSystemListenerConfiguration
}
11: Activity [1.28] "MainSequence1" scheduled child activity [1.55] "CreateConfiguration1"
12: Activity [1.55] "CreateConfiguration1" is Executing
{
    Arguments
        Directory: a:\directory
        Filter: *.*
        SettleTime: 00:00:00.5550000
        ScanForFileOnStart: True
        Recursive: False
        WatchType: Rename
}
13: Activity [1.55] "CreateConfiguration1" is Closed
{
    Arguments
        Directory: a:\directory
        Filter: *.*
        Result: iCore.Workflow.Activities.Filesystem.FileSystemListenerConfiguration
        SettleTime: 00:00:00.5550000
        ScanForFileOnStart: True
        Recursive: False
        WatchType: Rename
}
14: Activity [1.28] "MainSequence1" scheduled child activity [1.50] "StartFileSystemListener1"
15: Activity [1.50] "StartFileSystemListener1" is Executing
{
    Arguments
        Configuration: iCore.Workflow.Activities.Filesystem.FileSystemListenerConfiguration
}
16: CustomTrackingRecord [1.50] "iCPSTraceTrackingRecord"
17: Activity [1.50] "StartFileSystemListener1" is Closed
{
    Arguments
        Result: 00000000-0000-0000-0000-000000000000
        Configuration: iCore.Workflow.Activities.Filesystem.FileSystemListenerConfiguration
}
18: Activity [1.28] "MainSequence1" scheduled child activity [1.29] "GetNextFile1"
19: Activity [1.29] "GetNextFile1" is Executing
{
    Arguments
        ErrorOnTimeout: False
        SubscriptionId: 00000000-0000-0000-0000-000000000000
        Timeout: -00:00:00.0010000
        Rename: False
        MoveFileToDirectory: a:\nother\directory
        IsImplicitlyCancellable: True
}
20: Activity [1.29] "GetNextFile1" scheduled child activity [1.29.1] "Sequence"
21: Activity [1.29.1] "Sequence" is Executing
{
    Variables
        _5ef1bf98_84fe_487c_bb8a_8079780ebfc1_92: 0
}
22: Activity [1.29.1] "Sequence" scheduled child activity [1.29.26] "GetNextFile1"
23: Activity [1.29.26] "GetNextFile1" is Executing
{
    Arguments
        ErrorOnTimeout: False
        SubscriptionId: 00000000-0000-0000-0000-000000000000
        Timeout: -00:00:00.0010000
        IsImplicitlyCancellable: True
}
24: CustomTrackingRecord [1.29.26] "iCPSTraceTrackingRecord"
25: WorkflowInstance "FilesystemListenerExActivity" is Idle</StdOut>
      </Output>
    </UnitTestResult>
    <UnitTestResult executionId="9f12a7e7-a6b8-4988-8c94-9bc57e8b3fbb" testId="a1fc673d-94b9-acb8-3a90-1a2c5286dcfe" testName="Allocate_InspectDefaultValues_DefaultRecursiceIsFalse" computerName="ICSWS068" duration="00:00:00.0066954" startTime="2016-08-04T09:58:41.6493422+02:00" endTime="2016-08-04T09:58:41.6573473+02:00" testType="13cdc9d9-ddb5-4fa4-a97d-d965ccfc6d4b" outcome="Passed" testListId="8c84fa94-04c1-424b-9868-57a2d4851a1d" relativeResultsDirectory="9f12a7e7-a6b8-4988-8c94-9bc57e8b3fbb">
      <Output>
        <StdOut>Debug Trace:
0: WorkflowInstance "FilesystemListenerExActivity" is Started
1: Activity [null] "null" scheduled child activity [1] "FilesystemListenerExActivity"
2: Activity [1] "FilesystemListenerExActivity" is Executing
{
    Arguments
        Directory: a:\directory
        FileAccess: Read
        ErrorOnTimeout: False
        FileMode: Open
        Timeout: -00:00:00.0010000
        Filter: *.txt
        Rename: False
        FileShare: Read
        SettleTime: 00:00:00.5550000
        ScanForFileOnStart: True
        MoveFileToDirectory: a:\nother\directory
        IsImplicitlyCancellable: True
        Recursive: False
        WatchType: Rename
}
3: Activity [1] "FilesystemListenerExActivity" scheduled child activity [1.1] "Sequence"
4: Activity [1.1] "Sequence" is Executing
5: Activity [1.1] "Sequence" scheduled child activity [1.21] "TryCatch1"
6: Activity [1.21] "TryCatch1" is Executing
{
    Variables
        connection: 00000000-0000-0000-0000-000000000000
}
7: Activity [1.21] "TryCatch1" scheduled child activity [1.24] "TryCatch2"
8: Activity [1.24] "TryCatch2" is Executing
9: Activity [1.24] "TryCatch2" scheduled child activity [1.28] "MainSequence1"
10: Activity [1.28] "MainSequence1" is Executing
{
    Variables
        configuration: iCore.Workflow.Activities.Filesystem.FileSystemListenerConfiguration
}
11: Activity [1.28] "MainSequence1" scheduled child activity [1.55] "CreateConfiguration1"
12: Activity [1.55] "CreateConfiguration1" is Executing
{
    Arguments
        Directory: a:\directory
        Filter: *.txt
        SettleTime: 00:00:00.5550000
        ScanForFileOnStart: True
        Recursive: False
        WatchType: Rename
}
13: Activity [1.55] "CreateConfiguration1" is Closed
{
    Arguments
        Directory: a:\directory
        Filter: *.txt
        Result: iCore.Workflow.Activities.Filesystem.FileSystemListenerConfiguration
        SettleTime: 00:00:00.5550000
        ScanForFileOnStart: True
        Recursive: False
        WatchType: Rename
}
14: Activity [1.28] "MainSequence1" scheduled child activity [1.50] "StartFileSystemListener1"
15: Activity [1.50] "StartFileSystemListener1" is Executing
{
    Arguments
        Configuration: iCore.Workflow.Activities.Filesystem.FileSystemListenerConfiguration
}
16: CustomTrackingRecord [1.50] "iCPSTraceTrackingRecord"
17: Activity [1.50] "StartFileSystemListener1" is Closed
{
    Arguments
        Result: 00000000-0000-0000-0000-000000000000
        Configuration: iCore.Workflow.Activities.Filesystem.FileSystemListenerConfiguration
}
18: Activity [1.28] "MainSequence1" scheduled child activity [1.29] "GetNextFile1"
19: Activity [1.29] "GetNextFile1" is Executing
{
    Arguments
        ErrorOnTimeout: False
        SubscriptionId: 00000000-0000-0000-0000-000000000000
        Timeout: -00:00:00.0010000
        Rename: False
        MoveFileToDirectory: a:\nother\directory
        IsImplicitlyCancellable: True
}
20: Activity [1.29] "GetNextFile1" scheduled child activity [1.29.1] "Sequence"
21: Activity [1.29.1] "Sequence" is Executing
{
    Variables
        _5ef1bf98_84fe_487c_bb8a_8079780ebfc1_93: 0
}
22: Activity [1.29.1] "Sequence" scheduled child activity [1.29.26] "GetNextFile1"
23: Activity [1.29.26] "GetNextFile1" is Executing
{
    Arguments
        ErrorOnTimeout: False
        SubscriptionId: 00000000-0000-0000-0000-000000000000
        Timeout: -00:00:00.0010000
        IsImplicitlyCancellable: True
}
24: CustomTrackingRecord [1.29.26] "iCPSTraceTrackingRecord"
25: WorkflowInstance "FilesystemListenerExActivity" is Idle</StdOut>
      </Output>
    </UnitTestResult>
    <UnitTestResult executionId="0e48c63e-7d08-4e48-957d-20fbab31400a" testId="44cce4aa-0fa3-6186-a0f7-b57042acc95c" testName="Allocate_InspectDefaultValues_DefaultRenameIsFalse" computerName="ICSWS068" duration="00:00:00.0078537" startTime="2016-08-04T09:58:41.6608502+02:00" endTime="2016-08-04T09:58:41.6703568+02:00" testType="13cdc9d9-ddb5-4fa4-a97d-d965ccfc6d4b" outcome="Passed" testListId="8c84fa94-04c1-424b-9868-57a2d4851a1d" relativeResultsDirectory="0e48c63e-7d08-4e48-957d-20fbab31400a">
      <Output>
        <StdOut>Debug Trace:
0: WorkflowInstance "FilesystemListenerExActivity" is Started
1: Activity [null] "null" scheduled child activity [1] "FilesystemListenerExActivity"
2: Activity [1] "FilesystemListenerExActivity" is Executing
{
    Arguments
        Directory: a:\directory
        FileAccess: Read
        ErrorOnTimeout: False
        FileMode: Open
        Timeout: -00:00:00.0010000
        Filter: *.txt
        Rename: False
        FileShare: Read
        SettleTime: 00:00:00.5550000
        ScanForFileOnStart: True
        MoveFileToDirectory: a:\nother\directory
        IsImplicitlyCancellable: True
        Recursive: False
        WatchType: Rename
}
3: Activity [1] "FilesystemListenerExActivity" scheduled child activity [1.1] "Sequence"
4: Activity [1.1] "Sequence" is Executing
5: Activity [1.1] "Sequence" scheduled child activity [1.21] "TryCatch1"
6: Activity [1.21] "TryCatch1" is Executing
{
    Variables
        connection: 00000000-0000-0000-0000-000000000000
}
7: Activity [1.21] "TryCatch1" scheduled child activity [1.24] "TryCatch2"
8: Activity [1.24] "TryCatch2" is Executing
9: Activity [1.24] "TryCatch2" scheduled child activity [1.28] "MainSequence1"
10: Activity [1.28] "MainSequence1" is Executing
{
    Variables
        configuration: iCore.Workflow.Activities.Filesystem.FileSystemListenerConfiguration
}
11: Activity [1.28] "MainSequence1" scheduled child activity [1.55] "CreateConfiguration1"
12: Activity [1.55] "CreateConfiguration1" is Executing
{
    Arguments
        Directory: a:\directory
        Filter: *.txt
        SettleTime: 00:00:00.5550000
        ScanForFileOnStart: True
        Recursive: False
        WatchType: Rename
}
13: Activity [1.55] "CreateConfiguration1" is Closed
{
    Arguments
        Directory: a:\directory
        Filter: *.txt
        Result: iCore.Workflow.Activities.Filesystem.FileSystemListenerConfiguration
        SettleTime: 00:00:00.5550000
        ScanForFileOnStart: True
        Recursive: False
        WatchType: Rename
}
14: Activity [1.28] "MainSequence1" scheduled child activity [1.50] "StartFileSystemListener1"
15: Activity [1.50] "StartFileSystemListener1" is Executing
{
    Arguments
        Configuration: iCore.Workflow.Activities.Filesystem.FileSystemListenerConfiguration
}
16: CustomTrackingRecord [1.50] "iCPSTraceTrackingRecord"
17: Activity [1.50] "StartFileSystemListener1" is Closed
{
    Arguments
        Result: 00000000-0000-0000-0000-000000000000
        Configuration: iCore.Workflow.Activities.Filesystem.FileSystemListenerConfiguration
}
18: Activity [1.28] "MainSequence1" scheduled child activity [1.29] "GetNextFile1"
19: Activity [1.29] "GetNextFile1" is Executing
{
    Arguments
        ErrorOnTimeout: False
        SubscriptionId: 00000000-0000-0000-0000-000000000000
        Timeout: -00:00:00.0010000
        Rename: False
        MoveFileToDirectory: a:\nother\directory
        IsImplicitlyCancellable: True
}
20: Activity [1.29] "GetNextFile1" scheduled child activity [1.29.1] "Sequence"
21: Activity [1.29.1] "Sequence" is Executing
{
    Variables
        _5ef1bf98_84fe_487c_bb8a_8079780ebfc1_94: 0
}
22: Activity [1.29.1] "Sequence" scheduled child activity [1.29.26] "GetNextFile1"
23: Activity [1.29.26] "GetNextFile1" is Executing
{
    Arguments
        ErrorOnTimeout: False
        SubscriptionId: 00000000-0000-0000-0000-000000000000
        Timeout: -00:00:00.0010000
        IsImplicitlyCancellable: True
}
24: CustomTrackingRecord [1.29.26] "iCPSTraceTrackingRecord"
25: WorkflowInstance "FilesystemListenerExActivity" is Idle</StdOut>
      </Output>
    </UnitTestResult>
    <UnitTestResult executionId="1b7862a7-668e-4bc1-a01b-ef7c73cf9b9e" testId="febd1a74-aeee-6b1b-84a2-bd3b2bc81d21" testName="Allocate_InspectDefaultValues_DefaultScanForFileOnStartIsTrue" computerName="ICSWS068" duration="00:00:00.0079511" startTime="2016-08-04T09:58:41.6738593+02:00" endTime="2016-08-04T09:58:41.6833662+02:00" testType="13cdc9d9-ddb5-4fa4-a97d-d965ccfc6d4b" outcome="Passed" testListId="8c84fa94-04c1-424b-9868-57a2d4851a1d" relativeResultsDirectory="1b7862a7-668e-4bc1-a01b-ef7c73cf9b9e">
      <Output>
        <StdOut>Debug Trace:
0: WorkflowInstance "FilesystemListenerExActivity" is Started
1: Activity [null] "null" scheduled child activity [1] "FilesystemListenerExActivity"
2: Activity [1] "FilesystemListenerExActivity" is Executing
{
    Arguments
        Directory: a:\directory
        FileAccess: Read
        ErrorOnTimeout: False
        FileMode: Open
        Timeout: -00:00:00.0010000
        Filter: *.txt
        Rename: False
        FileShare: Read
        SettleTime: 00:00:00.5550000
        ScanForFileOnStart: True
        MoveFileToDirectory: a:\nother\directory
        IsImplicitlyCancellable: True
        Recursive: False
        WatchType: Rename
}
3: Activity [1] "FilesystemListenerExActivity" scheduled child activity [1.1] "Sequence"
4: Activity [1.1] "Sequence" is Executing
5: Activity [1.1] "Sequence" scheduled child activity [1.21] "TryCatch1"
6: Activity [1.21] "TryCatch1" is Executing
{
    Variables
        connection: 00000000-0000-0000-0000-000000000000
}
7: Activity [1.21] "TryCatch1" scheduled child activity [1.24] "TryCatch2"
8: Activity [1.24] "TryCatch2" is Executing
9: Activity [1.24] "TryCatch2" scheduled child activity [1.28] "MainSequence1"
10: Activity [1.28] "MainSequence1" is Executing
{
    Variables
        configuration: iCore.Workflow.Activities.Filesystem.FileSystemListenerConfiguration
}
11: Activity [1.28] "MainSequence1" scheduled child activity [1.55] "CreateConfiguration1"
12: Activity [1.55] "CreateConfiguration1" is Executing
{
    Arguments
        Directory: a:\directory
        Filter: *.txt
        SettleTime: 00:00:00.5550000
        ScanForFileOnStart: True
        Recursive: False
        WatchType: Rename
}
13: Activity [1.55] "CreateConfiguration1" is Closed
{
    Arguments
        Directory: a:\directory
        Filter: *.txt
        Result: iCore.Workflow.Activities.Filesystem.FileSystemListenerConfiguration
        SettleTime: 00:00:00.5550000
        ScanForFileOnStart: True
        Recursive: False
        WatchType: Rename
}
14: Activity [1.28] "MainSequence1" scheduled child activity [1.50] "StartFileSystemListener1"
15: Activity [1.50] "StartFileSystemListener1" is Executing
{
    Arguments
        Configuration: iCore.Workflow.Activities.Filesystem.FileSystemListenerConfiguration
}
16: CustomTrackingRecord [1.50] "iCPSTraceTrackingRecord"
17: Activity [1.50] "StartFileSystemListener1" is Closed
{
    Arguments
        Result: 00000000-0000-0000-0000-000000000000
        Configuration: iCore.Workflow.Activities.Filesystem.FileSystemListenerConfiguration
}
18: Activity [1.28] "MainSequence1" scheduled child activity [1.29] "GetNextFile1"
19: Activity [1.29] "GetNextFile1" is Executing
{
    Arguments
        ErrorOnTimeout: False
        SubscriptionId: 00000000-0000-0000-0000-000000000000
        Timeout: -00:00:00.0010000
        Rename: False
        MoveFileToDirectory: a:\nother\directory
        IsImplicitlyCancellable: True
}
20: Activity [1.29] "GetNextFile1" scheduled child activity [1.29.1] "Sequence"
21: Activity [1.29.1] "Sequence" is Executing
{
    Variables
        _5ef1bf98_84fe_487c_bb8a_8079780ebfc1_95: 0
}
22: Activity [1.29.1] "Sequence" scheduled child activity [1.29.26] "GetNextFile1"
23: Activity [1.29.26] "GetNextFile1" is Executing
{
    Arguments
        ErrorOnTimeout: False
        SubscriptionId: 00000000-0000-0000-0000-000000000000
        Timeout: -00:00:00.0010000
        IsImplicitlyCancellable: True
}
24: CustomTrackingRecord [1.29.26] "iCPSTraceTrackingRecord"
25: WorkflowInstance "FilesystemListenerExActivity" is Idle</StdOut>
      </Output>
    </UnitTestResult>
    <UnitTestResult executionId="4b0dad86-e455-4e40-add9-d334b137920e" testId="b129abb8-81b6-fc85-89b3-346a1daafb2d" testName="Allocate_InspectDefaultValues_DefaultSettleTimeIs500MS" computerName="ICSWS068" duration="00:00:00.0084024" startTime="2016-08-04T09:58:41.6863685+02:00" endTime="2016-08-04T09:58:41.6963760+02:00" testType="13cdc9d9-ddb5-4fa4-a97d-d965ccfc6d4b" outcome="Passed" testListId="8c84fa94-04c1-424b-9868-57a2d4851a1d" relativeResultsDirectory="4b0dad86-e455-4e40-add9-d334b137920e">
      <Output>
        <StdOut>Debug Trace:
0: WorkflowInstance "FilesystemListenerExActivity" is Started
1: Activity [null] "null" scheduled child activity [1] "FilesystemListenerExActivity"
2: Activity [1] "FilesystemListenerExActivity" is Executing
{
    Arguments
        Directory: a:\directory
        FileAccess: Read
        ErrorOnTimeout: False
        FileMode: Open
        Timeout: -00:00:00.0010000
        Filter: *.txt
        Rename: False
        FileShare: Read
        SettleTime: 00:00:00.5000000
        ScanForFileOnStart: True
        MoveFileToDirectory: a:\nother\directory
        IsImplicitlyCancellable: True
        Recursive: False
        WatchType: Rename
}
3: Activity [1] "FilesystemListenerExActivity" scheduled child activity [1.1] "Sequence"
4: Activity [1.1] "Sequence" is Executing
5: Activity [1.1] "Sequence" scheduled child activity [1.21] "TryCatch1"
6: Activity [1.21] "TryCatch1" is Executing
{
    Variables
        connection: 00000000-0000-0000-0000-000000000000
}
7: Activity [1.21] "TryCatch1" scheduled child activity [1.24] "TryCatch2"
8: Activity [1.24] "TryCatch2" is Executing
9: Activity [1.24] "TryCatch2" scheduled child activity [1.28] "MainSequence1"
10: Activity [1.28] "MainSequence1" is Executing
{
    Variables
        configuration: iCore.Workflow.Activities.Filesystem.FileSystemListenerConfiguration
}
11: Activity [1.28] "MainSequence1" scheduled child activity [1.55] "CreateConfiguration1"
12: Activity [1.55] "CreateConfiguration1" is Executing
{
    Arguments
        Directory: a:\directory
        Filter: *.txt
        SettleTime: 00:00:00.5000000
        ScanForFileOnStart: True
        Recursive: False
        WatchType: Rename
}
13: Activity [1.55] "CreateConfiguration1" is Closed
{
    Arguments
        Directory: a:\directory
        Filter: *.txt
        Result: iCore.Workflow.Activities.Filesystem.FileSystemListenerConfiguration
        SettleTime: 00:00:00.5000000
        ScanForFileOnStart: True
        Recursive: False
        WatchType: Rename
}
14: Activity [1.28] "MainSequence1" scheduled child activity [1.50] "StartFileSystemListener1"
15: Activity [1.50] "StartFileSystemListener1" is Executing
{
    Arguments
        Configuration: iCore.Workflow.Activities.Filesystem.FileSystemListenerConfiguration
}
16: CustomTrackingRecord [1.50] "iCPSTraceTrackingRecord"
17: Activity [1.50] "StartFileSystemListener1" is Closed
{
    Arguments
        Result: 00000000-0000-0000-0000-000000000000
        Configuration: iCore.Workflow.Activities.Filesystem.FileSystemListenerConfiguration
}
18: Activity [1.28] "MainSequence1" scheduled child activity [1.29] "GetNextFile1"
19: Activity [1.29] "GetNextFile1" is Executing
{
    Arguments
        ErrorOnTimeout: False
        SubscriptionId: 00000000-0000-0000-0000-000000000000
        Timeout: -00:00:00.0010000
        Rename: False
        MoveFileToDirectory: a:\nother\directory
        IsImplicitlyCancellable: True
}
20: Activity [1.29] "GetNextFile1" scheduled child activity [1.29.1] "Sequence"
21: Activity [1.29.1] "Sequence" is Executing
{
    Variables
        _5ef1bf98_84fe_487c_bb8a_8079780ebfc1_96: 0
}
22: Activity [1.29.1] "Sequence" scheduled child activity [1.29.26] "GetNextFile1"
23: Activity [1.29.26] "GetNextFile1" is Executing
{
    Arguments
        ErrorOnTimeout: False
        SubscriptionId: 00000000-0000-0000-0000-000000000000
        Timeout: -00:00:00.0010000
        IsImplicitlyCancellable: True
}
24: CustomTrackingRecord [1.29.26] "iCPSTraceTrackingRecord"
25: WorkflowInstance "FilesystemListenerExActivity" is Idle</StdOut>
      </Output>
    </UnitTestResult>
    <UnitTestResult executionId="53b5220e-033c-4f54-a236-11daeef06e6e" testId="377fcc5a-6bbf-9a8c-8c8a-4c9a1f32cc02" testName="Allocate_InspectDefaultValues_DefaulTimeoutIsZero" computerName="ICSWS068" duration="00:00:00.0073875" startTime="2016-08-04T09:58:41.6993777+02:00" endTime="2016-08-04T09:58:41.7088843+02:00" testType="13cdc9d9-ddb5-4fa4-a97d-d965ccfc6d4b" outcome="Passed" testListId="8c84fa94-04c1-424b-9868-57a2d4851a1d" relativeResultsDirectory="53b5220e-033c-4f54-a236-11daeef06e6e">
      <Output>
        <StdOut>Debug Trace:
0: WorkflowInstance "FilesystemListenerExActivity" is Started
1: Activity [null] "null" scheduled child activity [1] "FilesystemListenerExActivity"
2: Activity [1] "FilesystemListenerExActivity" is Executing
{
    Arguments
        Directory: a:\directory
        FileAccess: Read
        ErrorOnTimeout: False
        FileMode: Open
        Timeout: -00:00:00.0010000
        Filter: *.txt
        Rename: False
        FileShare: Read
        SettleTime: 00:00:00.5550000
        ScanForFileOnStart: True
        MoveFileToDirectory: a:\nother\directory
        IsImplicitlyCancellable: True
        Recursive: False
        WatchType: Rename
}
3: Activity [1] "FilesystemListenerExActivity" scheduled child activity [1.1] "Sequence"
4: Activity [1.1] "Sequence" is Executing
5: Activity [1.1] "Sequence" scheduled child activity [1.21] "TryCatch1"
6: Activity [1.21] "TryCatch1" is Executing
{
    Variables
        connection: 00000000-0000-0000-0000-000000000000
}
7: Activity [1.21] "TryCatch1" scheduled child activity [1.24] "TryCatch2"
8: Activity [1.24] "TryCatch2" is Executing
9: Activity [1.24] "TryCatch2" scheduled child activity [1.28] "MainSequence1"
10: Activity [1.28] "MainSequence1" is Executing
{
    Variables
        configuration: iCore.Workflow.Activities.Filesystem.FileSystemListenerConfiguration
}
11: Activity [1.28] "MainSequence1" scheduled child activity [1.55] "CreateConfiguration1"
12: Activity [1.55] "CreateConfiguration1" is Executing
{
    Arguments
        Directory: a:\directory
        Filter: *.txt
        SettleTime: 00:00:00.5550000
        ScanForFileOnStart: True
        Recursive: False
        WatchType: Rename
}
13: Activity [1.55] "CreateConfiguration1" is Closed
{
    Arguments
        Directory: a:\directory
        Filter: *.txt
        Result: iCore.Workflow.Activities.Filesystem.FileSystemListenerConfiguration
        SettleTime: 00:00:00.5550000
        ScanForFileOnStart: True
        Recursive: False
        WatchType: Rename
}
14: Activity [1.28] "MainSequence1" scheduled child activity [1.50] "StartFileSystemListener1"
15: Activity [1.50] "StartFileSystemListener1" is Executing
{
    Arguments
        Configuration: iCore.Workflow.Activities.Filesystem.FileSystemListenerConfiguration
}
16: CustomTrackingRecord [1.50] "iCPSTraceTrackingRecord"
17: Activity [1.50] "StartFileSystemListener1" is Closed
{
    Arguments
        Result: 00000000-0000-0000-0000-000000000000
        Configuration: iCore.Workflow.Activities.Filesystem.FileSystemListenerConfiguration
}
18: Activity [1.28] "MainSequence1" scheduled child activity [1.29] "GetNextFile1"
19: Activity [1.29] "GetNextFile1" is Executing
{
    Arguments
        ErrorOnTimeout: False
        SubscriptionId: 00000000-0000-0000-0000-000000000000
        Timeout: -00:00:00.0010000
        Rename: False
        MoveFileToDirectory: a:\nother\directory
        IsImplicitlyCancellable: True
}
20: Activity [1.29] "GetNextFile1" scheduled child activity [1.29.1] "Sequence"
21: Activity [1.29.1] "Sequence" is Executing
{
    Variables
        _5ef1bf98_84fe_487c_bb8a_8079780ebfc1_97: 0
}
22: Activity [1.29.1] "Sequence" scheduled child activity [1.29.26] "GetNextFile1"
23: Activity [1.29.26] "GetNextFile1" is Executing
{
    Arguments
        ErrorOnTimeout: False
        SubscriptionId: 00000000-0000-0000-0000-000000000000
        Timeout: -00:00:00.0010000
        IsImplicitlyCancellable: True
}
24: CustomTrackingRecord [1.29.26] "iCPSTraceTrackingRecord"
25: WorkflowInstance "FilesystemListenerExActivity" is Idle</StdOut>
      </Output>
    </UnitTestResult>
    <UnitTestResult executionId="1221d103-7842-47cd-9f44-30570bab0214" testId="5380a18b-bbd9-25cf-84de-51988142d436" testName="Allocate_InspectDefaultValues_DefaulWatchTypeIsRename" computerName="ICSWS068" duration="00:00:00.0063447" startTime="2016-08-04T09:58:41.7123871+02:00" endTime="2016-08-04T09:58:41.7198923+02:00" testType="13cdc9d9-ddb5-4fa4-a97d-d965ccfc6d4b" outcome="Passed" testListId="8c84fa94-04c1-424b-9868-57a2d4851a1d" relativeResultsDirectory="1221d103-7842-47cd-9f44-30570bab0214">
      <Output>
        <StdOut>Debug Trace:
0: WorkflowInstance "FilesystemListenerExActivity" is Started
1: Activity [null] "null" scheduled child activity [1] "FilesystemListenerExActivity"
2: Activity [1] "FilesystemListenerExActivity" is Executing
{
    Arguments
        Directory: a:\directory
        FileAccess: Read
        ErrorOnTimeout: False
        FileMode: Open
        Timeout: -00:00:00.0010000
        Filter: *.txt
        Rename: False
        FileShare: Read
        SettleTime: 00:00:00.5550000
        ScanForFileOnStart: True
        MoveFileToDirectory: a:\nother\directory
        IsImplicitlyCancellable: True
        Recursive: False
        WatchType: Rename
}
3: Activity [1] "FilesystemListenerExActivity" scheduled child activity [1.1] "Sequence"
4: Activity [1.1] "Sequence" is Executing
5: Activity [1.1] "Sequence" scheduled child activity [1.21] "TryCatch1"
6: Activity [1.21] "TryCatch1" is Executing
{
    Variables
        connection: 00000000-0000-0000-0000-000000000000
}
7: Activity [1.21] "TryCatch1" scheduled child activity [1.24] "TryCatch2"
8: Activity [1.24] "TryCatch2" is Executing
9: Activity [1.24] "TryCatch2" scheduled child activity [1.28] "MainSequence1"
10: Activity [1.28] "MainSequence1" is Executing
{
    Variables
        configuration: iCore.Workflow.Activities.Filesystem.FileSystemListenerConfiguration
}
11: Activity [1.28] "MainSequence1" scheduled child activity [1.55] "CreateConfiguration1"
12: Activity [1.55] "CreateConfiguration1" is Executing
{
    Arguments
        Directory: a:\directory
        Filter: *.txt
        SettleTime: 00:00:00.5550000
        ScanForFileOnStart: True
        Recursive: False
        WatchType: Rename
}
13: Activity [1.55] "CreateConfiguration1" is Closed
{
    Arguments
        Directory: a:\directory
        Filter: *.txt
        Result: iCore.Workflow.Activities.Filesystem.FileSystemListenerConfiguration
        SettleTime: 00:00:00.5550000
        ScanForFileOnStart: True
        Recursive: False
        WatchType: Rename
}
14: Activity [1.28] "MainSequence1" scheduled child activity [1.50] "StartFileSystemListener1"
15: Activity [1.50] "StartFileSystemListener1" is Executing
{
    Arguments
        Configuration: iCore.Workflow.Activities.Filesystem.FileSystemListenerConfiguration
}
16: CustomTrackingRecord [1.50] "iCPSTraceTrackingRecord"
17: Activity [1.50] "StartFileSystemListener1" is Closed
{
    Arguments
        Result: 00000000-0000-0000-0000-000000000000
        Configuration: iCore.Workflow.Activities.Filesystem.FileSystemListenerConfiguration
}
18: Activity [1.28] "MainSequence1" scheduled child activity [1.29] "GetNextFile1"
19: Activity [1.29] "GetNextFile1" is Executing
{
    Arguments
        ErrorOnTimeout: False
        SubscriptionId: 00000000-0000-0000-0000-000000000000
        Timeout: -00:00:00.0010000
        Rename: False
        MoveFileToDirectory: a:\nother\directory
        IsImplicitlyCancellable: True
}
20: Activity [1.29] "GetNextFile1" scheduled child activity [1.29.1] "Sequence"
21: Activity [1.29.1] "Sequence" is Executing
{
    Variables
        _5ef1bf98_84fe_487c_bb8a_8079780ebfc1_98: 0
}
22: Activity [1.29.1] "Sequence" scheduled child activity [1.29.26] "GetNextFile1"
23: Activity [1.29.26] "GetNextFile1" is Executing
{
    Arguments
        ErrorOnTimeout: False
        SubscriptionId: 00000000-0000-0000-0000-000000000000
        Timeout: -00:00:00.0010000
        IsImplicitlyCancellable: True
}
24: CustomTrackingRecord [1.29.26] "iCPSTraceTrackingRecord"
25: WorkflowInstance "FilesystemListenerExActivity" is Idle</StdOut>
      </Output>
    </UnitTestResult>
    <UnitTestResult executionId="151f7fbb-9876-4d36-a95d-b93f58aa674a" testId="f020a9b9-e684-ad68-e5c5-109afd6214e0" testName="Allocate_InspectDefaultValues_DefaulFileAccessIsRead" computerName="ICSWS068" duration="00:00:00.0069098" startTime="2016-08-04T09:58:41.7228943+02:00" endTime="2016-08-04T09:58:41.7309000+02:00" testType="13cdc9d9-ddb5-4fa4-a97d-d965ccfc6d4b" outcome="Passed" testListId="8c84fa94-04c1-424b-9868-57a2d4851a1d" relativeResultsDirectory="151f7fbb-9876-4d36-a95d-b93f58aa674a">
      <Output>
        <StdOut>Debug Trace:
0: WorkflowInstance "FilesystemListenerExActivity" is Started
1: Activity [null] "null" scheduled child activity [1] "FilesystemListenerExActivity"
2: Activity [1] "FilesystemListenerExActivity" is Executing
{
    Arguments
        Directory: a:\directory
        FileAccess: Read
        ErrorOnTimeout: False
        FileMode: Open
        Timeout: -00:00:00.0010000
        Filter: *.txt
        Rename: False
        FileShare: Read
        SettleTime: 00:00:00.5550000
        ScanForFileOnStart: True
        MoveFileToDirectory: a:\nother\directory
        IsImplicitlyCancellable: True
        Recursive: False
        WatchType: Rename
}
3: Activity [1] "FilesystemListenerExActivity" scheduled child activity [1.1] "Sequence"
4: Activity [1.1] "Sequence" is Executing
5: Activity [1.1] "Sequence" scheduled child activity [1.21] "TryCatch1"
6: Activity [1.21] "TryCatch1" is Executing
{
    Variables
        connection: 00000000-0000-0000-0000-000000000000
}
7: Activity [1.21] "TryCatch1" scheduled child activity [1.24] "TryCatch2"
8: Activity [1.24] "TryCatch2" is Executing
9: Activity [1.24] "TryCatch2" scheduled child activity [1.28] "MainSequence1"
10: Activity [1.28] "MainSequence1" is Executing
{
    Variables
        configuration: iCore.Workflow.Activities.Filesystem.FileSystemListenerConfiguration
}
11: Activity [1.28] "MainSequence1" scheduled child activity [1.55] "CreateConfiguration1"
12: Activity [1.55] "CreateConfiguration1" is Executing
{
    Arguments
        Directory: a:\directory
        Filter: *.txt
        SettleTime: 00:00:00.5550000
        ScanForFileOnStart: True
        Recursive: False
        WatchType: Rename
}
13: Activity [1.55] "CreateConfiguration1" is Closed
{
    Arguments
        Directory: a:\directory
        Filter: *.txt
        Result: iCore.Workflow.Activities.Filesystem.FileSystemListenerConfiguration
        SettleTime: 00:00:00.5550000
        ScanForFileOnStart: True
        Recursive: False
        WatchType: Rename
}
14: Activity [1.28] "MainSequence1" scheduled child activity [1.50] "StartFileSystemListener1"
15: Activity [1.50] "StartFileSystemListener1" is Executing
{
    Arguments
        Configuration: iCore.Workflow.Activities.Filesystem.FileSystemListenerConfiguration
}
16: CustomTrackingRecord [1.50] "iCPSTraceTrackingRecord"
17: Activity [1.50] "StartFileSystemListener1" is Closed
{
    Arguments
        Result: 00000000-0000-0000-0000-000000000000
        Configuration: iCore.Workflow.Activities.Filesystem.FileSystemListenerConfiguration
}
18: Activity [1.28] "MainSequence1" scheduled child activity [1.29] "GetNextFile1"
19: Activity [1.29] "GetNextFile1" is Executing
{
    Arguments
        ErrorOnTimeout: False
        SubscriptionId: 00000000-0000-0000-0000-000000000000
        Timeout: -00:00:00.0010000
        Rename: False
        MoveFileToDirectory: a:\nother\directory
        IsImplicitlyCancellable: True
}
20: Activity [1.29] "GetNextFile1" scheduled child activity [1.29.1] "Sequence"
21: Activity [1.29.1] "Sequence" is Executing
{
    Variables
        _5ef1bf98_84fe_487c_bb8a_8079780ebfc1_99: 0
}
22: Activity [1.29.1] "Sequence" scheduled child activity [1.29.26] "GetNextFile1"
23: Activity [1.29.26] "GetNextFile1" is Executing
{
    Arguments
        ErrorOnTimeout: False
        SubscriptionId: 00000000-0000-0000-0000-000000000000
        Timeout: -00:00:00.0010000
        IsImplicitlyCancellable: True
}
24: CustomTrackingRecord [1.29.26] "iCPSTraceTrackingRecord"
25: WorkflowInstance "FilesystemListenerExActivity" is Idle</StdOut>
      </Output>
    </UnitTestResult>
    <UnitTestResult executionId="48102c90-a6df-45fa-9e2a-06e289ff0286" testId="229f46da-c77d-d421-b8b6-43865f2f54d7" testName="Allocate_InspectDefaultValues_DefaulFileModeIsOpen" computerName="ICSWS068" duration="00:00:00.0064476" startTime="2016-08-04T09:58:41.7339026+02:00" endTime="2016-08-04T09:58:41.7414075+02:00" testType="13cdc9d9-ddb5-4fa4-a97d-d965ccfc6d4b" outcome="Passed" testListId="8c84fa94-04c1-424b-9868-57a2d4851a1d" relativeResultsDirectory="48102c90-a6df-45fa-9e2a-06e289ff0286">
      <Output>
        <StdOut>Debug Trace:
0: WorkflowInstance "FilesystemListenerExActivity" is Started
1: Activity [null] "null" scheduled child activity [1] "FilesystemListenerExActivity"
2: Activity [1] "FilesystemListenerExActivity" is Executing
{
    Arguments
        Directory: a:\directory
        FileAccess: Read
        ErrorOnTimeout: False
        FileMode: Open
        Timeout: -00:00:00.0010000
        Filter: *.txt
        Rename: False
        FileShare: Read
        SettleTime: 00:00:00.5550000
        ScanForFileOnStart: True
        MoveFileToDirectory: a:\nother\directory
        IsImplicitlyCancellable: True
        Recursive: False
        WatchType: Rename
}
3: Activity [1] "FilesystemListenerExActivity" scheduled child activity [1.1] "Sequence"
4: Activity [1.1] "Sequence" is Executing
5: Activity [1.1] "Sequence" scheduled child activity [1.21] "TryCatch1"
6: Activity [1.21] "TryCatch1" is Executing
{
    Variables
        connection: 00000000-0000-0000-0000-000000000000
}
7: Activity [1.21] "TryCatch1" scheduled child activity [1.24] "TryCatch2"
8: Activity [1.24] "TryCatch2" is Executing
9: Activity [1.24] "TryCatch2" scheduled child activity [1.28] "MainSequence1"
10: Activity [1.28] "MainSequence1" is Executing
{
    Variables
        configuration: iCore.Workflow.Activities.Filesystem.FileSystemListenerConfiguration
}
11: Activity [1.28] "MainSequence1" scheduled child activity [1.55] "CreateConfiguration1"
12: Activity [1.55] "CreateConfiguration1" is Executing
{
    Arguments
        Directory: a:\directory
        Filter: *.txt
        SettleTime: 00:00:00.5550000
        ScanForFileOnStart: True
        Recursive: False
        WatchType: Rename
}
13: Activity [1.55] "CreateConfiguration1" is Closed
{
    Arguments
        Directory: a:\directory
        Filter: *.txt
        Result: iCore.Workflow.Activities.Filesystem.FileSystemListenerConfiguration
        SettleTime: 00:00:00.5550000
        ScanForFileOnStart: True
        Recursive: False
        WatchType: Rename
}
14: Activity [1.28] "MainSequence1" scheduled child activity [1.50] "StartFileSystemListener1"
15: Activity [1.50] "StartFileSystemListener1" is Executing
{
    Arguments
        Configuration: iCore.Workflow.Activities.Filesystem.FileSystemListenerConfiguration
}
16: CustomTrackingRecord [1.50] "iCPSTraceTrackingRecord"
17: Activity [1.50] "StartFileSystemListener1" is Closed
{
    Arguments
        Result: 00000000-0000-0000-0000-000000000000
        Configuration: iCore.Workflow.Activities.Filesystem.FileSystemListenerConfiguration
}
18: Activity [1.28] "MainSequence1" scheduled child activity [1.29] "GetNextFile1"
19: Activity [1.29] "GetNextFile1" is Executing
{
    Arguments
        ErrorOnTimeout: False
        SubscriptionId: 00000000-0000-0000-0000-000000000000
        Timeout: -00:00:00.0010000
        Rename: False
        MoveFileToDirectory: a:\nother\directory
        IsImplicitlyCancellable: True
}
20: Activity [1.29] "GetNextFile1" scheduled child activity [1.29.1] "Sequence"
21: Activity [1.29.1] "Sequence" is Executing
{
    Variables
        _5ef1bf98_84fe_487c_bb8a_8079780ebfc1_100: 0
}
22: Activity [1.29.1] "Sequence" scheduled child activity [1.29.26] "GetNextFile1"
23: Activity [1.29.26] "GetNextFile1" is Executing
{
    Arguments
        ErrorOnTimeout: False
        SubscriptionId: 00000000-0000-0000-0000-000000000000
        Timeout: -00:00:00.0010000
        IsImplicitlyCancellable: True
}
24: CustomTrackingRecord [1.29.26] "iCPSTraceTrackingRecord"
25: WorkflowInstance "FilesystemListenerExActivity" is Idle</StdOut>
      </Output>
    </UnitTestResult>
    <UnitTestResult executionId="e6feb9ef-1f11-4d41-944c-0467db0c4456" testId="b8139e8f-fbe0-17fa-9286-9b565b8cc723" testName="Allocate_InspectDefaultValues_DefaulFileShareIsRead" computerName="ICSWS068" duration="00:00:00.0066174" startTime="2016-08-04T09:58:41.7449103+02:00" endTime="2016-08-04T09:58:41.7529158+02:00" testType="13cdc9d9-ddb5-4fa4-a97d-d965ccfc6d4b" outcome="Passed" testListId="8c84fa94-04c1-424b-9868-57a2d4851a1d" relativeResultsDirectory="e6feb9ef-1f11-4d41-944c-0467db0c4456">
      <Output>
        <StdOut>Debug Trace:
0: WorkflowInstance "FilesystemListenerExActivity" is Started
1: Activity [null] "null" scheduled child activity [1] "FilesystemListenerExActivity"
2: Activity [1] "FilesystemListenerExActivity" is Executing
{
    Arguments
        Directory: a:\directory
        FileAccess: Read
        ErrorOnTimeout: False
        FileMode: Open
        Timeout: -00:00:00.0010000
        Filter: *.txt
        Rename: False
        FileShare: Read
        SettleTime: 00:00:00.5550000
        ScanForFileOnStart: True
        MoveFileToDirectory: a:\nother\directory
        IsImplicitlyCancellable: True
        Recursive: False
        WatchType: Rename
}
3: Activity [1] "FilesystemListenerExActivity" scheduled child activity [1.1] "Sequence"
4: Activity [1.1] "Sequence" is Executing
5: Activity [1.1] "Sequence" scheduled child activity [1.21] "TryCatch1"
6: Activity [1.21] "TryCatch1" is Executing
{
    Variables
        connection: 00000000-0000-0000-0000-000000000000
}
7: Activity [1.21] "TryCatch1" scheduled child activity [1.24] "TryCatch2"
8: Activity [1.24] "TryCatch2" is Executing
9: Activity [1.24] "TryCatch2" scheduled child activity [1.28] "MainSequence1"
10: Activity [1.28] "MainSequence1" is Executing
{
    Variables
        configuration: iCore.Workflow.Activities.Filesystem.FileSystemListenerConfiguration
}
11: Activity [1.28] "MainSequence1" scheduled child activity [1.55] "CreateConfiguration1"
12: Activity [1.55] "CreateConfiguration1" is Executing
{
    Arguments
        Directory: a:\directory
        Filter: *.txt
        SettleTime: 00:00:00.5550000
        ScanForFileOnStart: True
        Recursive: False
        WatchType: Rename
}
13: Activity [1.55] "CreateConfiguration1" is Closed
{
    Arguments
        Directory: a:\directory
        Filter: *.txt
        Result: iCore.Workflow.Activities.Filesystem.FileSystemListenerConfiguration
        SettleTime: 00:00:00.5550000
        ScanForFileOnStart: True
        Recursive: False
        WatchType: Rename
}
14: Activity [1.28] "MainSequence1" scheduled child activity [1.50] "StartFileSystemListener1"
15: Activity [1.50] "StartFileSystemListener1" is Executing
{
    Arguments
        Configuration: iCore.Workflow.Activities.Filesystem.FileSystemListenerConfiguration
}
16: CustomTrackingRecord [1.50] "iCPSTraceTrackingRecord"
17: Activity [1.50] "StartFileSystemListener1" is Closed
{
    Arguments
        Result: 00000000-0000-0000-0000-000000000000
        Configuration: iCore.Workflow.Activities.Filesystem.FileSystemListenerConfiguration
}
18: Activity [1.28] "MainSequence1" scheduled child activity [1.29] "GetNextFile1"
19: Activity [1.29] "GetNextFile1" is Executing
{
    Arguments
        ErrorOnTimeout: False
        SubscriptionId: 00000000-0000-0000-0000-000000000000
        Timeout: -00:00:00.0010000
        Rename: False
        MoveFileToDirectory: a:\nother\directory
        IsImplicitlyCancellable: True
}
20: Activity [1.29] "GetNextFile1" scheduled child activity [1.29.1] "Sequence"
21: Activity [1.29.1] "Sequence" is Executing
{
    Variables
        _5ef1bf98_84fe_487c_bb8a_8079780ebfc1_101: 0
}
22: Activity [1.29.1] "Sequence" scheduled child activity [1.29.26] "GetNextFile1"
23: Activity [1.29.26] "GetNextFile1" is Executing
{
    Arguments
        ErrorOnTimeout: False
        SubscriptionId: 00000000-0000-0000-0000-000000000000
        Timeout: -00:00:00.0010000
        IsImplicitlyCancellable: True
}
24: CustomTrackingRecord [1.29.26] "iCPSTraceTrackingRecord"
25: WorkflowInstance "FilesystemListenerExActivity" is Idle</StdOut>
      </Output>
    </UnitTestResult>
    <UnitTestResult executionId="23433e1c-d644-4f60-b5f3-cf6a6c7a80b1" testId="1d65b957-1713-c7a7-d622-b85d3741936f" testName="Invoke_NormalExecution_Success" computerName="ICSWS068" duration="00:00:00.0055494" startTime="2016-08-04T09:58:41.7559181+02:00" endTime="2016-08-04T09:58:41.7629232+02:00" testType="13cdc9d9-ddb5-4fa4-a97d-d965ccfc6d4b" outcome="Passed" testListId="8c84fa94-04c1-424b-9868-57a2d4851a1d" relativeResultsDirectory="23433e1c-d644-4f60-b5f3-cf6a6c7a80b1">
      <Output>
        <StdOut>Debug Trace:
0: WorkflowInstance "CopyFileActivity" is Started
1: Activity [null] "null" scheduled child activity [1] "CopyFileActivity"
2: Activity [1] "CopyFileActivity" is Executing
{
    Arguments
        ToFile: c:\temp\newfile.txt
        Overwrite: True
        FromFile: c:\temp\oldfile.txt
}
3: Activity [1] "CopyFileActivity" is Closed
{
    Arguments
        ToFile: c:\temp\newfile.txt
        Overwrite: True
        FromFile: c:\temp\oldfile.txt
}
4: WorkflowInstance "CopyFileActivity" is Completed</StdOut>
      </Output>
    </UnitTestResult>
    <UnitTestResult executionId="5684d33f-2dc3-4c59-826d-aaad7eca1e86" testId="f4e741c2-fce9-f39c-ce67-a2121785ff18" testName="Invoke_OverwriteFalse_Success" computerName="ICSWS068" duration="00:00:00.0035638" startTime="2016-08-04T09:58:41.7654247+02:00" endTime="2016-08-04T09:58:41.7704284+02:00" testType="13cdc9d9-ddb5-4fa4-a97d-d965ccfc6d4b" outcome="Passed" testListId="8c84fa94-04c1-424b-9868-57a2d4851a1d" relativeResultsDirectory="5684d33f-2dc3-4c59-826d-aaad7eca1e86">
      <Output>
        <StdOut>Debug Trace:
0: WorkflowInstance "CopyFileActivity" is Started
1: Activity [null] "null" scheduled child activity [1] "CopyFileActivity"
2: Activity [1] "CopyFileActivity" is Executing
{
    Arguments
        ToFile: c:\temp\newfile.txt
        Overwrite: False
        FromFile: c:\temp\oldfile.txt
}
3: Activity [1] "CopyFileActivity" is Closed
{
    Arguments
        ToFile: c:\temp\newfile.txt
        Overwrite: False
        FromFile: c:\temp\oldfile.txt
}
4: WorkflowInstance "CopyFileActivity" is Completed</StdOut>
      </Output>
    </UnitTestResult>
    <UnitTestResult executionId="52508bbb-7303-47a0-898e-947c952b8117" testId="0d4277d5-a3db-a690-fca5-160412cbbfee" testName="Invoke_OverwriteNotSet_Success" computerName="ICSWS068" duration="00:00:00.0036987" startTime="2016-08-04T09:58:41.7744312+02:00" endTime="2016-08-04T09:58:41.7794353+02:00" testType="13cdc9d9-ddb5-4fa4-a97d-d965ccfc6d4b" outcome="Passed" testListId="8c84fa94-04c1-424b-9868-57a2d4851a1d" relativeResultsDirectory="52508bbb-7303-47a0-898e-947c952b8117">
      <Output>
        <StdOut>Debug Trace:
0: WorkflowInstance "CopyFileActivity" is Started
1: Activity [null] "null" scheduled child activity [1] "CopyFileActivity"
2: Activity [1] "CopyFileActivity" is Executing
{
    Arguments
        ToFile: c:\temp\newfile.txt
        Overwrite: True
        FromFile: c:\temp\oldfile.txt
}
3: Activity [1] "CopyFileActivity" is Closed
{
    Arguments
        ToFile: c:\temp\newfile.txt
        Overwrite: True
        FromFile: c:\temp\oldfile.txt
}
4: WorkflowInstance "CopyFileActivity" is Completed</StdOut>
      </Output>
    </UnitTestResult>
    <UnitTestResult executionId="e1774794-de91-4837-bfc4-ad67bfdc3d05" testId="fd0fe75a-04e2-6067-5e56-2c37dacdc08e" testName="Invoke_FromFileArgumentIsMissing_UnhandledArgumentException" computerName="ICSWS068" duration="00:00:00.0007340" startTime="2016-08-04T09:58:41.7829376+02:00" endTime="2016-08-04T09:58:41.7849387+02:00" testType="13cdc9d9-ddb5-4fa4-a97d-d965ccfc6d4b" outcome="Passed" testListId="8c84fa94-04c1-424b-9868-57a2d4851a1d" relativeResultsDirectory="e1774794-de91-4837-bfc4-ad67bfdc3d05" />
    <UnitTestResult executionId="8aefa4f1-87b1-4ab1-b165-2e58be422376" testId="0fb966cf-f431-a0eb-e473-af8c7b366f9c" testName="Invoke_ToFileArgumentIsMissing_UnhandledArgumentException" computerName="ICSWS068" duration="00:00:00.0006820" startTime="2016-08-04T09:58:41.7879407+02:00" endTime="2016-08-04T09:58:41.7899424+02:00" testType="13cdc9d9-ddb5-4fa4-a97d-d965ccfc6d4b" outcome="Passed" testListId="8c84fa94-04c1-424b-9868-57a2d4851a1d" relativeResultsDirectory="8aefa4f1-87b1-4ab1-b165-2e58be422376" />
    <UnitTestResult executionId="23673fb1-c21a-4435-a782-3f71120fb20f" testId="1d4f6a5e-a6b3-d240-fb40-0d60d8cbfbc1" testName="Invoke_RequiredServiceIFileSystemServiceIsMissing_ThrowsActivationException" computerName="ICSWS068" duration="00:00:00.0014653" startTime="2016-08-04T09:58:41.7924444+02:00" endTime="2016-08-04T09:58:41.7959467+02:00" testType="13cdc9d9-ddb5-4fa4-a97d-d965ccfc6d4b" outcome="Passed" testListId="8c84fa94-04c1-424b-9868-57a2d4851a1d" relativeResultsDirectory="23673fb1-c21a-4435-a782-3f71120fb20f">
      <Output>
        <StdOut>Debug Trace:
0: WorkflowInstance "CopyFileActivity" is Started
1: Activity [null] "null" scheduled child activity [1] "CopyFileActivity"
2: Activity [1] "CopyFileActivity" is Executing
{
    Arguments
        ToFile: c:\temp\newfile.txt
        Overwrite: False
        FromFile: c:\temp\oldfile.txt
}
3: Activity [1] "CopyFileActivity" is Faulted
{
    Arguments
        ToFile: c:\temp\newfile.txt
        Overwrite: False
        FromFile: c:\temp\oldfile.txt
}
4: Fault source [1] "CopyFileActivity"
5: WorkflowInstance "CopyFileActivity" Unhandled Exception Source "CopyFileActivity" Exception &lt;iCore.Common.ActivationException: No service of type IFileSystemService has been registered in this service locator.
   at iCore.Common.ServiceLocator.GetInstance(Type serviceType)
   at iCore.Common.ServiceLocator.GetInstance[TService]()
   at iCore.Workflow.Activities.Filesystem.CopyFileActivity.BeginExecute(AsyncCodeActivityContext context, AsyncCallback callback, Object state)
   at System.Activities.AsyncCodeActivity.InternalExecute(ActivityInstance instance, ActivityExecutor executor, BookmarkManager bookmarkManager)
   at System.Activities.ActivityInstance.Execute(ActivityExecutor executor, BookmarkManager bookmarkManager)
   at System.Activities.Runtime.ActivityExecutor.ExecuteActivityWorkItem.ExecuteBody(ActivityExecutor executor, BookmarkManager bookmarkManager, Location resultLocation)&gt;
6: WorkflowInstance Aborted [CopyFileActivity] Reason "No service of type IFileSystemService has been registered in this service locator."</StdOut>
      </Output>
    </UnitTestResult>
    <UnitTestResult executionId="53102b23-2070-43fe-98e2-959e03486ddb" testId="a719801d-f08d-156b-489b-89f17adea13e" testName="Invoke_BadFilenames_UnhandledArgumentException" computerName="ICSWS068" duration="00:00:00.0023040" startTime="2016-08-04T09:58:41.7984484+02:00" endTime="2016-08-04T09:58:41.8019516+02:00" testType="13cdc9d9-ddb5-4fa4-a97d-d965ccfc6d4b" outcome="Passed" testListId="8c84fa94-04c1-424b-9868-57a2d4851a1d" relativeResultsDirectory="53102b23-2070-43fe-98e2-959e03486ddb">
      <Output>
        <StdOut>Debug Trace:
0: WorkflowInstance "CopyFileActivity" is Started
1: Activity [null] "null" scheduled child activity [1] "CopyFileActivity"
2: Activity [1] "CopyFileActivity" is Executing
{
    Arguments
        ToFile: invalid path and filename
        Overwrite: True
        FromFile: invalid path and filename
}
3: Activity [1] "CopyFileActivity" is Faulted
{
    Arguments
        ToFile: invalid path and filename
        Overwrite: True
        FromFile: invalid path and filename
}
4: Fault source [1] "CopyFileActivity"
5: WorkflowInstance "CopyFileActivity" Unhandled Exception Source "CopyFileActivity" Exception &lt;Testing.Common.TestException: Test exception
   at Moq.MethodCall.Execute(ICallContext call)
   at Moq.MethodCallReturn`2.Execute(ICallContext call)
   at Moq.ExecuteCall.HandleIntercept(ICallContext invocation, InterceptorContext ctx, CurrentInterceptContext localctx)
   at Moq.Interceptor.Intercept(ICallContext invocation)
   at Moq.Proxy.CastleProxyFactory.Interceptor.Intercept(IInvocation invocation)
   at Castle.DynamicProxy.AbstractInvocation.Proceed()
   at Castle.Proxies.IFileSystemServiceProxy.CopyFileAsync(String sourceFileName, String destFileName, Boolean overwrite, CancellationToken cancellationToken)
   at iCore.Workflow.Activities.Filesystem.CopyFileActivity.BeginExecute(AsyncCodeActivityContext context, AsyncCallback callback, Object state)
   at System.Activities.AsyncCodeActivity.InternalExecute(ActivityInstance instance, ActivityExecutor executor, BookmarkManager bookmarkManager)
   at System.Activities.ActivityInstance.Execute(ActivityExecutor executor, BookmarkManager bookmarkManager)
   at System.Activities.Runtime.ActivityExecutor.ExecuteActivityWorkItem.ExecuteBody(ActivityExecutor executor, BookmarkManager bookmarkManager, Location resultLocation)&gt;
6: WorkflowInstance Aborted [CopyFileActivity] Reason "Test exception"</StdOut>
      </Output>
    </UnitTestResult>
    <UnitTestResult executionId="fd170b6b-f604-42ad-aa9d-8ee3b14f97de" testId="5a92476d-402a-8cfa-eb25-85b6e98d9bae" testName="Invoke_BadFromFile_UnhandledArgumentException" computerName="ICSWS068" duration="00:00:00.0024788" startTime="2016-08-04T09:58:41.8049533+02:00" endTime="2016-08-04T09:58:41.8084556+02:00" testType="13cdc9d9-ddb5-4fa4-a97d-d965ccfc6d4b" outcome="Passed" testListId="8c84fa94-04c1-424b-9868-57a2d4851a1d" relativeResultsDirectory="fd170b6b-f604-42ad-aa9d-8ee3b14f97de">
      <Output>
        <StdOut>Debug Trace:
0: WorkflowInstance "CopyFileActivity" is Started
1: Activity [null] "null" scheduled child activity [1] "CopyFileActivity"
2: Activity [1] "CopyFileActivity" is Executing
{
    Arguments
        ToFile: c:\temp\newfile.txt
        Overwrite: True
        FromFile: invalid path and filename
}
3: Activity [1] "CopyFileActivity" is Faulted
{
    Arguments
        ToFile: c:\temp\newfile.txt
        Overwrite: True
        FromFile: invalid path and filename
}
4: Fault source [1] "CopyFileActivity"
5: WorkflowInstance "CopyFileActivity" Unhandled Exception Source "CopyFileActivity" Exception &lt;Testing.Common.TestException: Test exception
   at Moq.MethodCall.Execute(ICallContext call)
   at Moq.MethodCallReturn`2.Execute(ICallContext call)
   at Moq.ExecuteCall.HandleIntercept(ICallContext invocation, InterceptorContext ctx, CurrentInterceptContext localctx)
   at Moq.Interceptor.Intercept(ICallContext invocation)
   at Moq.Proxy.CastleProxyFactory.Interceptor.Intercept(IInvocation invocation)
   at Castle.DynamicProxy.AbstractInvocation.Proceed()
   at Castle.Proxies.IFileSystemServiceProxy.CopyFileAsync(String sourceFileName, String destFileName, Boolean overwrite, CancellationToken cancellationToken)
   at iCore.Workflow.Activities.Filesystem.CopyFileActivity.BeginExecute(AsyncCodeActivityContext context, AsyncCallback callback, Object state)
   at System.Activities.AsyncCodeActivity.InternalExecute(ActivityInstance instance, ActivityExecutor executor, BookmarkManager bookmarkManager)
   at System.Activities.ActivityInstance.Execute(ActivityExecutor executor, BookmarkManager bookmarkManager)
   at System.Activities.Runtime.ActivityExecutor.ExecuteActivityWorkItem.ExecuteBody(ActivityExecutor executor, BookmarkManager bookmarkManager, Location resultLocation)&gt;
6: WorkflowInstance Aborted [CopyFileActivity] Reason "Test exception"</StdOut>
      </Output>
    </UnitTestResult>
    <UnitTestResult executionId="4513cdf7-8b44-4d91-bf92-16a89b0bf0ed" testId="669b0c90-20cd-0905-ebf2-c58b1a398af4" testName="Invoke_BadToFile_UnhandledArgumentException" computerName="ICSWS068" duration="00:00:00.0022140" startTime="2016-08-04T09:58:41.8114579+02:00" endTime="2016-08-04T09:58:41.8149602+02:00" testType="13cdc9d9-ddb5-4fa4-a97d-d965ccfc6d4b" outcome="Passed" testListId="8c84fa94-04c1-424b-9868-57a2d4851a1d" relativeResultsDirectory="4513cdf7-8b44-4d91-bf92-16a89b0bf0ed">
      <Output>
        <StdOut>Debug Trace:
0: WorkflowInstance "CopyFileActivity" is Started
1: Activity [null] "null" scheduled child activity [1] "CopyFileActivity"
2: Activity [1] "CopyFileActivity" is Executing
{
    Arguments
        ToFile: invalid path and filename
        Overwrite: True
        FromFile: c:\temp\oldfile.txt
}
3: Activity [1] "CopyFileActivity" is Faulted
{
    Arguments
        ToFile: invalid path and filename
        Overwrite: True
        FromFile: c:\temp\oldfile.txt
}
4: Fault source [1] "CopyFileActivity"
5: WorkflowInstance "CopyFileActivity" Unhandled Exception Source "CopyFileActivity" Exception &lt;Testing.Common.TestException: Test exception
   at Moq.MethodCall.Execute(ICallContext call)
   at Moq.MethodCallReturn`2.Execute(ICallContext call)
   at Moq.ExecuteCall.HandleIntercept(ICallContext invocation, InterceptorContext ctx, CurrentInterceptContext localctx)
   at Moq.Interceptor.Intercept(ICallContext invocation)
   at Moq.Proxy.CastleProxyFactory.Interceptor.Intercept(IInvocation invocation)
   at Castle.DynamicProxy.AbstractInvocation.Proceed()
   at Castle.Proxies.IFileSystemServiceProxy.CopyFileAsync(String sourceFileName, String destFileName, Boolean overwrite, CancellationToken cancellationToken)
   at iCore.Workflow.Activities.Filesystem.CopyFileActivity.BeginExecute(AsyncCodeActivityContext context, AsyncCallback callback, Object state)
   at System.Activities.AsyncCodeActivity.InternalExecute(ActivityInstance instance, ActivityExecutor executor, BookmarkManager bookmarkManager)
   at System.Activities.ActivityInstance.Execute(ActivityExecutor executor, BookmarkManager bookmarkManager)
   at System.Activities.Runtime.ActivityExecutor.ExecuteActivityWorkItem.ExecuteBody(ActivityExecutor executor, BookmarkManager bookmarkManager, Location resultLocation)&gt;
6: WorkflowInstance Aborted [CopyFileActivity] Reason "Test exception"</StdOut>
      </Output>
    </UnitTestResult>
    <UnitTestResult executionId="20d7c1ab-d1af-49fb-b91b-604226bedd90" testId="b3464bae-7583-5cc0-3a66-478668269bd6" testName="Invoke_AsyncTaskFaults_ThrowsTestException" computerName="ICSWS068" duration="00:00:00.0039418" startTime="2016-08-04T09:58:41.8174622+02:00" endTime="2016-08-04T09:58:41.8229662+02:00" testType="13cdc9d9-ddb5-4fa4-a97d-d965ccfc6d4b" outcome="Passed" testListId="8c84fa94-04c1-424b-9868-57a2d4851a1d" relativeResultsDirectory="20d7c1ab-d1af-49fb-b91b-604226bedd90">
      <Output>
        <StdOut>Debug Trace:
0: WorkflowInstance "CopyFileActivity" is Started
1: Activity [null] "null" scheduled child activity [1] "CopyFileActivity"
2: Activity [1] "CopyFileActivity" is Executing
{
    Arguments
        ToFile: c:\temp\newfile.txt
        Overwrite: True
        FromFile: c:\temp\oldfile.txt
}
3: Activity [1] "CopyFileActivity" is Faulted
{
    Arguments
        ToFile: c:\temp\newfile.txt
        Overwrite: True
        FromFile: c:\temp\oldfile.txt
}
4: Fault source [1] "CopyFileActivity"
5: WorkflowInstance "CopyFileActivity" Unhandled Exception Source "CopyFileActivity" Exception &lt;Testing.Common.TestException: This task failed!
   at System.Runtime.ExceptionServices.ExceptionDispatchInfo.Throw()
   at iCore.Workflow.Activities.ActivityUtilities.ThrowIfTaskFailedAndActivityIsNotCanceled(Task task, AsyncCodeActivityContext context)
   at iCore.Workflow.Activities.Filesystem.CopyFileActivity.EndExecute(AsyncCodeActivityContext context, IAsyncResult result)
   at System.Activities.AsyncCodeActivity.System.Activities.IAsyncCodeActivity.FinishExecution(AsyncCodeActivityContext context, IAsyncResult result)
   at System.Activities.AsyncCodeActivity.CompleteAsyncCodeActivityData.CompleteAsyncCodeActivityWorkItem.Execute(ActivityExecutor executor, BookmarkManager bookmarkManager)&gt;
6: WorkflowInstance Aborted [CopyFileActivity] Reason "This task failed!"</StdOut>
      </Output>
    </UnitTestResult>
    <UnitTestResult executionId="eedd8f5a-ce5d-4586-9d70-b0c11536b7ab" testId="8087904c-ffe0-be78-69e7-02ebb6d70c83" testName="Invoke_AsyncTaskCancelled_Success" computerName="ICSWS068" duration="00:00:00.0052904" startTime="2016-08-04T09:58:41.8254676+02:00" endTime="2016-08-04T09:58:41.8319725+02:00" testType="13cdc9d9-ddb5-4fa4-a97d-d965ccfc6d4b" outcome="Passed" testListId="8c84fa94-04c1-424b-9868-57a2d4851a1d" relativeResultsDirectory="eedd8f5a-ce5d-4586-9d70-b0c11536b7ab">
      <Output>
        <StdOut>Debug Trace:
0: WorkflowInstance "CopyFileActivity" is Started
1: Activity [null] "null" scheduled child activity [1] "CopyFileActivity"
2: Activity [1] "CopyFileActivity" is Executing
{
    Arguments
        ToFile: c:\temp\newfile.txt
        Overwrite: True
        FromFile: c:\temp\oldfile.txt
}
3: WorkflowInstance "CopyFileActivity" is Idle
4: Host requests cancel of activity [1] "CopyFileActivity"
5: WorkflowInstance "CopyFileActivity" is Idle
6: Activity [1] "CopyFileActivity" is Closed
{
    Arguments
        ToFile: c:\temp\newfile.txt
        Overwrite: True
        FromFile: c:\temp\oldfile.txt
}
7: WorkflowInstance "CopyFileActivity" is Completed</StdOut>
      </Output>
    </UnitTestResult>
    <UnitTestResult executionId="ef783524-558f-4e91-be27-c62148096a01" testId="07b06d92-b036-f56d-25c2-190fbe0b2e90" testName="Invoke_DependencyThrowsOutOfMemoryException_ThrowsFatalException" computerName="ICSWS068" duration="00:00:00.0024905" startTime="2016-08-04T09:58:41.8349745+02:00" endTime="2016-08-04T09:58:41.8384771+02:00" testType="13cdc9d9-ddb5-4fa4-a97d-d965ccfc6d4b" outcome="Passed" testListId="8c84fa94-04c1-424b-9868-57a2d4851a1d" relativeResultsDirectory="ef783524-558f-4e91-be27-c62148096a01">
      <Output>
        <StdOut>Debug Trace:
0: WorkflowInstance "CopyFileActivity" is Started
1: Activity [null] "null" scheduled child activity [1] "CopyFileActivity"
2: Activity [1] "CopyFileActivity" is Executing
{
    Arguments
        ToFile: c:\temp\newfile.txt
        Overwrite: True
        FromFile: c:\temp\oldfile.txt
}
3: Activity [1] "CopyFileActivity" is Faulted
{
    Arguments
        ToFile: c:\temp\newfile.txt
        Overwrite: True
        FromFile: c:\temp\oldfile.txt
}
4: Fault source [1] "CopyFileActivity"
5: WorkflowInstance "CopyFileActivity" Unhandled Exception Source "CopyFileActivity" Exception &lt;iCore.Workflow.Activities.Exceptions.WorkflowFatalException: Insufficient memory to continue the execution of the program. ---&gt; System.OutOfMemoryException: Insufficient memory to continue the execution of the program.
   --- End of inner exception stack trace ---
   at System.Runtime.ExceptionServices.ExceptionDispatchInfo.Throw()
   at iCore.Workflow.Activities.ActivityUtilities.ThrowIfTaskFailedAndActivityIsNotCanceled(Task task, AsyncCodeActivityContext context)
   at iCore.Workflow.Activities.Filesystem.CopyFileActivity.EndExecute(AsyncCodeActivityContext context, IAsyncResult result)
   at System.Activities.AsyncCodeActivity.System.Activities.IAsyncCodeActivity.FinishExecution(AsyncCodeActivityContext context, IAsyncResult result)
   at System.Activities.AsyncCodeActivity.CompleteAsyncCodeActivityData.CompleteAsyncCodeActivityWorkItem.Execute(ActivityExecutor executor, BookmarkManager bookmarkManager)&gt;
6: WorkflowInstance Aborted [CopyFileActivity] Reason "Insufficient memory to continue the execution of the program. InnerException Message: Insufficient memory to continue the execution of the program."</StdOut>
      </Output>
    </UnitTestResult>
    <UnitTestResult executionId="a7caf685-4602-4e35-9007-bd308aad4110" testId="5358421b-edc8-fd6d-5c1e-8ad770d3c3a5" testName="Invoke_NormalExecution_Success" computerName="ICSWS068" duration="00:00:00.0069631" startTime="2016-08-04T09:58:41.8409788+02:00" endTime="2016-08-04T09:58:41.8495030+02:00" testType="13cdc9d9-ddb5-4fa4-a97d-d965ccfc6d4b" outcome="Passed" testListId="8c84fa94-04c1-424b-9868-57a2d4851a1d" relativeResultsDirectory="a7caf685-4602-4e35-9007-bd308aad4110">
      <Output>
        <StdOut>Debug Trace:
0: WorkflowInstance "FileExistsActivity" is Started
1: Activity [null] "null" scheduled child activity [1] "FileExistsActivity"
2: Activity [1] "FileExistsActivity" is Executing
{
    Arguments
        FileName: c:\temp\testfile.txt
}
3: WorkflowInstance "FileExistsActivity" is Idle
4: Activity [1] "FileExistsActivity" is Closed
{
    Arguments
        FileName: c:\temp\testfile.txt
        Result: True
}
5: WorkflowInstance "FileExistsActivity" is Completed</StdOut>
      </Output>
    </UnitTestResult>
    <UnitTestResult executionId="81cb239f-251e-42d8-987b-731a6ac95aec" testId="f8477655-26e0-e1cf-def1-8a71b72eff25" testName="Invoke_NormalExecution_FileDoesNotExist" computerName="ICSWS068" duration="00:00:00.0022418" startTime="2016-08-04T09:58:41.8520024+02:00" endTime="2016-08-04T09:58:41.8557005+02:00" testType="13cdc9d9-ddb5-4fa4-a97d-d965ccfc6d4b" outcome="Passed" testListId="8c84fa94-04c1-424b-9868-57a2d4851a1d" relativeResultsDirectory="81cb239f-251e-42d8-987b-731a6ac95aec">
      <Output>
        <StdOut>Debug Trace:
0: WorkflowInstance "FileExistsActivity" is Started
1: Activity [null] "null" scheduled child activity [1] "FileExistsActivity"
2: Activity [1] "FileExistsActivity" is Executing
{
    Arguments
        FileName: c:\temp\testfile.txt
}
3: WorkflowInstance "FileExistsActivity" is Idle
4: Activity [1] "FileExistsActivity" is Closed
{
    Arguments
        FileName: c:\temp\testfile.txt
        Result: False
}
5: WorkflowInstance "FileExistsActivity" is Completed</StdOut>
      </Output>
    </UnitTestResult>
    <UnitTestResult executionId="e050ec90-ece7-4a17-b25d-f60574d8351c" testId="618be603-ad04-d5b7-a823-5f6671192557" testName="Invoke_RequiredInArgumentIsMissing_UnhandledArgumentException" computerName="ICSWS068" duration="00:00:00.0007076" startTime="2016-08-04T09:58:41.8581826+02:00" endTime="2016-08-04T09:58:41.8601840+02:00" testType="13cdc9d9-ddb5-4fa4-a97d-d965ccfc6d4b" outcome="Passed" testListId="8c84fa94-04c1-424b-9868-57a2d4851a1d" relativeResultsDirectory="e050ec90-ece7-4a17-b25d-f60574d8351c" />
    <UnitTestResult executionId="4c4e5032-508d-4c82-a15f-d675ddebdd85" testId="f70b18da-28e1-e570-f10e-347daebce63c" testName="Invoke_RequiredServiceIFileSystemServiceIsMissing_ThrowsActivationException" computerName="ICSWS068" duration="00:00:00.0009395" startTime="2016-08-04T09:58:41.8621866+02:00" endTime="2016-08-04T09:58:41.8656828+02:00" testType="13cdc9d9-ddb5-4fa4-a97d-d965ccfc6d4b" outcome="Passed" testListId="8c84fa94-04c1-424b-9868-57a2d4851a1d" relativeResultsDirectory="4c4e5032-508d-4c82-a15f-d675ddebdd85">
      <Output>
        <StdOut>Debug Trace:
0: WorkflowInstance "FileExistsActivity" is Started
1: Activity [null] "null" scheduled child activity [1] "FileExistsActivity"
2: Activity [1] "FileExistsActivity" is Executing
{
    Arguments
        FileName: c:\temp\testfile.txt
}
3: Activity [1] "FileExistsActivity" is Faulted
{
    Arguments
        FileName: c:\temp\testfile.txt
        Result: False
}
4: Fault source [1] "FileExistsActivity"
5: WorkflowInstance "FileExistsActivity" Unhandled Exception Source "FileExistsActivity" Exception &lt;iCore.Common.ActivationException: No service of type IFileSystemService has been registered in this service locator.
   at iCore.Common.ServiceLocator.GetInstance(Type serviceType)
   at iCore.Common.ServiceLocator.GetInstance[TService]()
   at iCore.Workflow.Activities.Filesystem.FileExistsActivity.BeginExecute(AsyncCodeActivityContext context, AsyncCallback callback, Object state)
   at System.Activities.AsyncCodeActivity`1.InternalExecute(ActivityInstance instance, ActivityExecutor executor, BookmarkManager bookmarkManager)
   at System.Activities.ActivityInstance.Execute(ActivityExecutor executor, BookmarkManager bookmarkManager)
   at System.Activities.Runtime.ActivityExecutor.ExecuteActivityWorkItem.ExecuteBody(ActivityExecutor executor, BookmarkManager bookmarkManager, Location resultLocation)&gt;
6: WorkflowInstance Aborted [FileExistsActivity] Reason "No service of type IFileSystemService has been registered in this service locator."</StdOut>
      </Output>
    </UnitTestResult>
    <UnitTestResult executionId="cfd029f0-9d5a-4608-916b-9cbe8436a957" testId="48c09e1c-6ba5-c72e-dcab-eea6e16ea66f" testName="Invoke_BadFilename_UnhandledArgumentException" computerName="ICSWS068" duration="00:00:00.0016184" startTime="2016-08-04T09:58:41.8686584+02:00" endTime="2016-08-04T09:58:41.8716607+02:00" testType="13cdc9d9-ddb5-4fa4-a97d-d965ccfc6d4b" outcome="Passed" testListId="8c84fa94-04c1-424b-9868-57a2d4851a1d" relativeResultsDirectory="cfd029f0-9d5a-4608-916b-9cbe8436a957">
      <Output>
        <StdOut>Debug Trace:
0: WorkflowInstance "FileExistsActivity" is Started
1: Activity [null] "null" scheduled child activity [1] "FileExistsActivity"
2: Activity [1] "FileExistsActivity" is Executing
{
    Arguments
        FileName: invalid
}
3: WorkflowInstance "FileExistsActivity" is Idle
4: Activity [1] "FileExistsActivity" is Faulted
{
    Arguments
        FileName: invalid
        Result: False
}
5: Fault source [1] "FileExistsActivity"
6: WorkflowInstance "FileExistsActivity" Unhandled Exception Source "FileExistsActivity" Exception &lt;Testing.Common.TestException: Test exception
   at Moq.MethodCall.Execute(ICallContext call)
   at Moq.MethodCallReturn`2.Execute(ICallContext call)
   at Moq.ExecuteCall.HandleIntercept(ICallContext invocation, InterceptorContext ctx, CurrentInterceptContext localctx)
   at Moq.Interceptor.Intercept(ICallContext invocation)
   at Moq.Proxy.CastleProxyFactory.Interceptor.Intercept(IInvocation invocation)
   at Castle.DynamicProxy.AbstractInvocation.Proceed()
   at Castle.Proxies.IFileSystemServiceProxy.FileExists(String path)
   at iCore.Workflow.Activities.Filesystem.FileExistsActivity.&lt;&gt;c__DisplayClass5_0.&lt;BeginExecute&gt;b__0()
   at System.Threading.Tasks.Task`1.InnerInvoke()
   at System.Threading.Tasks.Task.Execute()
--- End of stack trace from previous location where exception was thrown ---
   at System.Runtime.ExceptionServices.ExceptionDispatchInfo.Throw()
   at iCore.Workflow.Activities.ActivityUtilities.ThrowIfTaskFailedAndActivityIsNotCanceled(Task task, AsyncCodeActivityContext context)
   at iCore.Workflow.Activities.ActivityUtilities.GetResultOrThrowIfTaskFailedAndActivityIsNotCanceled[T](Task`1 task, AsyncCodeActivityContext context)
   at iCore.Workflow.Activities.Filesystem.FileExistsActivity.EndExecute(AsyncCodeActivityContext context, IAsyncResult result)
   at System.Activities.AsyncCodeActivity`1.System.Activities.IAsyncCodeActivity.FinishExecution(AsyncCodeActivityContext context, IAsyncResult result)
   at System.Activities.AsyncCodeActivity.CompleteAsyncCodeActivityData.CompleteAsyncCodeActivityWorkItem.Execute(ActivityExecutor executor, BookmarkManager bookmarkManager)&gt;
7: WorkflowInstance Aborted [FileExistsActivity] Reason "Test exception"</StdOut>
      </Output>
    </UnitTestResult>
    <UnitTestResult executionId="ad1c4999-457b-478e-8974-1e0046db51fe" testId="f53f5fb5-97b4-2e90-197b-70dd504d4c01" testName="Invoke_FileExistsFails_ThrowsTestException" computerName="ICSWS068" duration="00:00:00.0023169" startTime="2016-08-04T09:58:41.8742301+02:00" endTime="2016-08-04T09:58:41.8777327+02:00" testType="13cdc9d9-ddb5-4fa4-a97d-d965ccfc6d4b" outcome="Passed" testListId="8c84fa94-04c1-424b-9868-57a2d4851a1d" relativeResultsDirectory="ad1c4999-457b-478e-8974-1e0046db51fe">
      <Output>
        <StdOut>Debug Trace:
0: WorkflowInstance "FileExistsActivity" is Started
1: Activity [null] "null" scheduled child activity [1] "FileExistsActivity"
2: Activity [1] "FileExistsActivity" is Executing
{
    Arguments
        FileName: c:\temp\oldfile.txt
}
3: WorkflowInstance "FileExistsActivity" is Idle
4: Activity [1] "FileExistsActivity" is Faulted
{
    Arguments
        FileName: c:\temp\oldfile.txt
        Result: False
}
5: Fault source [1] "FileExistsActivity"
6: WorkflowInstance "FileExistsActivity" Unhandled Exception Source "FileExistsActivity" Exception &lt;Testing.Common.TestException: Test exception
   at Moq.MethodCall.Execute(ICallContext call)
   at Moq.MethodCallReturn`2.Execute(ICallContext call)
   at Moq.ExecuteCall.HandleIntercept(ICallContext invocation, InterceptorContext ctx, CurrentInterceptContext localctx)
   at Moq.Interceptor.Intercept(ICallContext invocation)
   at Moq.Proxy.CastleProxyFactory.Interceptor.Intercept(IInvocation invocation)
   at Castle.DynamicProxy.AbstractInvocation.Proceed()
   at Castle.Proxies.IFileSystemServiceProxy.FileExists(String path)
   at iCore.Workflow.Activities.Filesystem.FileExistsActivity.&lt;&gt;c__DisplayClass5_0.&lt;BeginExecute&gt;b__0()
   at System.Threading.Tasks.Task`1.InnerInvoke()
   at System.Threading.Tasks.Task.Execute()
--- End of stack trace from previous location where exception was thrown ---
   at System.Runtime.ExceptionServices.ExceptionDispatchInfo.Throw()
   at iCore.Workflow.Activities.ActivityUtilities.ThrowIfTaskFailedAndActivityIsNotCanceled(Task task, AsyncCodeActivityContext context)
   at iCore.Workflow.Activities.ActivityUtilities.GetResultOrThrowIfTaskFailedAndActivityIsNotCanceled[T](Task`1 task, AsyncCodeActivityContext context)
   at iCore.Workflow.Activities.Filesystem.FileExistsActivity.EndExecute(AsyncCodeActivityContext context, IAsyncResult result)
   at System.Activities.AsyncCodeActivity`1.System.Activities.IAsyncCodeActivity.FinishExecution(AsyncCodeActivityContext context, IAsyncResult result)
   at System.Activities.AsyncCodeActivity.CompleteAsyncCodeActivityData.CompleteAsyncCodeActivityWorkItem.Execute(ActivityExecutor executor, BookmarkManager bookmarkManager)&gt;
7: WorkflowInstance Aborted [FileExistsActivity] Reason "Test exception"</StdOut>
      </Output>
    </UnitTestResult>
    <UnitTestResult executionId="1d484508-7c83-4ebd-83db-cc6dca0941e0" testId="f4afed46-239e-331e-91c5-7e6a7c5ebef6" testName="Invoke_DependencyThrowsOutOfMemoryException_ThrowsFatalException" computerName="ICSWS068" duration="00:00:00.0019864" startTime="2016-08-04T09:58:41.8807356+02:00" endTime="2016-08-04T09:58:41.8842382+02:00" testType="13cdc9d9-ddb5-4fa4-a97d-d965ccfc6d4b" outcome="Passed" testListId="8c84fa94-04c1-424b-9868-57a2d4851a1d" relativeResultsDirectory="1d484508-7c83-4ebd-83db-cc6dca0941e0">
      <Output>
        <StdOut>Debug Trace:
0: WorkflowInstance "FileExistsActivity" is Started
1: Activity [null] "null" scheduled child activity [1] "FileExistsActivity"
2: Activity [1] "FileExistsActivity" is Executing
{
    Arguments
        FileName: file.txt
}
3: WorkflowInstance "FileExistsActivity" is Idle
4: Activity [1] "FileExistsActivity" is Faulted
{
    Arguments
        FileName: file.txt
        Result: False
}
5: Fault source [1] "FileExistsActivity"
6: WorkflowInstance "FileExistsActivity" Unhandled Exception Source "FileExistsActivity" Exception &lt;iCore.Workflow.Activities.Exceptions.WorkflowFatalException: Insufficient memory to continue the execution of the program. ---&gt; System.OutOfMemoryException: Insufficient memory to continue the execution of the program.
   at Moq.MethodCall.Execute(ICallContext call)
   at Moq.MethodCallReturn`2.Execute(ICallContext call)
   at Moq.ExecuteCall.HandleIntercept(ICallContext invocation, InterceptorContext ctx, CurrentInterceptContext localctx)
   at Moq.Interceptor.Intercept(ICallContext invocation)
   at Moq.Proxy.CastleProxyFactory.Interceptor.Intercept(IInvocation invocation)
   at Castle.DynamicProxy.AbstractInvocation.Proceed()
   at Castle.Proxies.IFileSystemServiceProxy.FileExists(String path)
   at iCore.Workflow.Activities.Filesystem.FileExistsActivity.&lt;&gt;c__DisplayClass5_0.&lt;BeginExecute&gt;b__0()
   at System.Threading.Tasks.Task`1.InnerInvoke()
   at System.Threading.Tasks.Task.Execute()
   --- End of inner exception stack trace ---
   at System.Runtime.ExceptionServices.ExceptionDispatchInfo.Throw()
   at iCore.Workflow.Activities.ActivityUtilities.ThrowIfTaskFailedAndActivityIsNotCanceled(Task task, AsyncCodeActivityContext context)
   at iCore.Workflow.Activities.ActivityUtilities.GetResultOrThrowIfTaskFailedAndActivityIsNotCanceled[T](Task`1 task, AsyncCodeActivityContext context)
   at iCore.Workflow.Activities.Filesystem.FileExistsActivity.EndExecute(AsyncCodeActivityContext context, IAsyncResult result)
   at System.Activities.AsyncCodeActivity`1.System.Activities.IAsyncCodeActivity.FinishExecution(AsyncCodeActivityContext context, IAsyncResult result)
   at System.Activities.AsyncCodeActivity.CompleteAsyncCodeActivityData.CompleteAsyncCodeActivityWorkItem.Execute(ActivityExecutor executor, BookmarkManager bookmarkManager)&gt;
7: WorkflowInstance Aborted [FileExistsActivity] Reason "Insufficient memory to continue the execution of the program. InnerException Message: Insufficient memory to continue the execution of the program."</StdOut>
      </Output>
    </UnitTestResult>
    <UnitTestResult executionId="dae6a830-ec55-4de9-9914-483b80d080de" testId="c7ac26a3-4dcd-6a61-aab5-65d2c977b394" testName="Invoke_ValidArgs_ExpectedDirectoryArgumentUsed" computerName="ICSWS068" duration="00:00:00.0100587" startTime="2016-08-04T09:58:41.8872405+02:00" endTime="2016-08-04T09:58:41.8991998+02:00" testType="13cdc9d9-ddb5-4fa4-a97d-d965ccfc6d4b" outcome="Passed" testListId="8c84fa94-04c1-424b-9868-57a2d4851a1d" relativeResultsDirectory="dae6a830-ec55-4de9-9914-483b80d080de">
      <Output>
        <StdOut>Debug Trace:
0: WorkflowInstance "FilesystemListenerActivity" is Started
1: Activity [null] "null" scheduled child activity [1] "FilesystemListenerActivity"
2: Activity [1] "FilesystemListenerActivity" is Executing
{
    Arguments
        Directory: a:\directory
        ErrorOnTimeout: False
        Timeout: 00:00:00
        Filter: *.txt
        Rename: False
        SettleTime: 00:00:00.5550000
        ScanForFileOnStart: True
        MoveFileToDirectory: a:\nother\directory
        IsImplicitlyCancellable: True
        Recursive: False
        WatchType: Rename
}
3: Activity [1] "FilesystemListenerActivity" scheduled child activity [1.1] "TryCatch1"
4: Activity [1.1] "TryCatch1" is Executing
{
    Variables
        connection: 00000000-0000-0000-0000-000000000000
}
5: Activity [1.1] "TryCatch1" scheduled child activity [1.4] "TryCatch2"
6: Activity [1.4] "TryCatch2" is Executing
7: Activity [1.4] "TryCatch2" scheduled child activity [1.8] "MainSequence1"
8: Activity [1.8] "MainSequence1" is Executing
{
    Variables
        configuration: iCore.Workflow.Activities.Filesystem.FileSystemListenerConfiguration
}
9: Activity [1.8] "MainSequence1" scheduled child activity [1.35] "CreateConfiguration1"
10: Activity [1.35] "CreateConfiguration1" is Executing
{
    Arguments
        Directory: a:\directory
        Filter: *.txt
        SettleTime: 00:00:00.5550000
        ScanForFileOnStart: True
        Recursive: False
        WatchType: Rename
}
11: Activity [1.35] "CreateConfiguration1" is Closed
{
    Arguments
        Directory: a:\directory
        Filter: *.txt
        Result: iCore.Workflow.Activities.Filesystem.FileSystemListenerConfiguration
        SettleTime: 00:00:00.5550000
        ScanForFileOnStart: True
        Recursive: False
        WatchType: Rename
}
12: Activity [1.8] "MainSequence1" scheduled child activity [1.30] "StartFileSystemListener1"
13: Activity [1.30] "StartFileSystemListener1" is Executing
{
    Arguments
        Configuration: iCore.Workflow.Activities.Filesystem.FileSystemListenerConfiguration
}
14: CustomTrackingRecord [1.30] "iCPSTraceTrackingRecord"
15: Activity [1.30] "StartFileSystemListener1" is Closed
{
    Arguments
        Result: 00000000-0000-0000-0000-000000000000
        Configuration: iCore.Workflow.Activities.Filesystem.FileSystemListenerConfiguration
}
16: Activity [1.8] "MainSequence1" scheduled child activity [1.9] "GetNextFile1"
17: Activity [1.9] "GetNextFile1" is Executing
{
    Arguments
        ErrorOnTimeout: False
        SubscriptionId: 00000000-0000-0000-0000-000000000000
        Timeout: 00:00:00
        Rename: False
        MoveFileToDirectory: a:\nother\directory
        IsImplicitlyCancellable: True
}
18: Activity [1.9] "GetNextFile1" scheduled child activity [1.9.1] "Sequence"
19: Activity [1.9.1] "Sequence" is Executing
{
    Variables
        _5ef1bf98_84fe_487c_bb8a_8079780ebfc1_102: 0
}
20: Activity [1.9.1] "Sequence" scheduled child activity [1.9.26] "GetNextFile1"
21: Activity [1.9.26] "GetNextFile1" is Executing
{
    Arguments
        ErrorOnTimeout: False
        SubscriptionId: 00000000-0000-0000-0000-000000000000
        Timeout: 00:00:00
        IsImplicitlyCancellable: True
}
22: CustomTrackingRecord [1.9.26] "iCPSTraceTrackingRecord"
23: WorkflowInstance "FilesystemListenerActivity" is Idle</StdOut>
      </Output>
    </UnitTestResult>
    <UnitTestResult executionId="f2a91208-2714-4712-9883-168b608e47ce" testId="3eb414c3-4651-aab8-bf8c-dc26eb152239" testName="Invoke_ValidArgs_ExpectedFilterArgumentUsed" computerName="ICSWS068" duration="00:00:00.0061406" startTime="2016-08-04T09:58:41.9027024+02:00" endTime="2016-08-04T09:58:41.9107160+02:00" testType="13cdc9d9-ddb5-4fa4-a97d-d965ccfc6d4b" outcome="Passed" testListId="8c84fa94-04c1-424b-9868-57a2d4851a1d" relativeResultsDirectory="f2a91208-2714-4712-9883-168b608e47ce">
      <Output>
        <StdOut>Debug Trace:
0: WorkflowInstance "FilesystemListenerActivity" is Started
1: Activity [null] "null" scheduled child activity [1] "FilesystemListenerActivity"
2: Activity [1] "FilesystemListenerActivity" is Executing
{
    Arguments
        Directory: a:\directory
        ErrorOnTimeout: False
        Timeout: 00:00:00
        Filter: *.txt
        Rename: False
        SettleTime: 00:00:00.5550000
        ScanForFileOnStart: True
        MoveFileToDirectory: a:\nother\directory
        IsImplicitlyCancellable: True
        Recursive: False
        WatchType: Rename
}
3: Activity [1] "FilesystemListenerActivity" scheduled child activity [1.1] "TryCatch1"
4: Activity [1.1] "TryCatch1" is Executing
{
    Variables
        connection: 00000000-0000-0000-0000-000000000000
}
5: Activity [1.1] "TryCatch1" scheduled child activity [1.4] "TryCatch2"
6: Activity [1.4] "TryCatch2" is Executing
7: Activity [1.4] "TryCatch2" scheduled child activity [1.8] "MainSequence1"
8: Activity [1.8] "MainSequence1" is Executing
{
    Variables
        configuration: iCore.Workflow.Activities.Filesystem.FileSystemListenerConfiguration
}
9: Activity [1.8] "MainSequence1" scheduled child activity [1.35] "CreateConfiguration1"
10: Activity [1.35] "CreateConfiguration1" is Executing
{
    Arguments
        Directory: a:\directory
        Filter: *.txt
        SettleTime: 00:00:00.5550000
        ScanForFileOnStart: True
        Recursive: False
        WatchType: Rename
}
11: Activity [1.35] "CreateConfiguration1" is Closed
{
    Arguments
        Directory: a:\directory
        Filter: *.txt
        Result: iCore.Workflow.Activities.Filesystem.FileSystemListenerConfiguration
        SettleTime: 00:00:00.5550000
        ScanForFileOnStart: True
        Recursive: False
        WatchType: Rename
}
12: Activity [1.8] "MainSequence1" scheduled child activity [1.30] "StartFileSystemListener1"
13: Activity [1.30] "StartFileSystemListener1" is Executing
{
    Arguments
        Configuration: iCore.Workflow.Activities.Filesystem.FileSystemListenerConfiguration
}
14: CustomTrackingRecord [1.30] "iCPSTraceTrackingRecord"
15: Activity [1.30] "StartFileSystemListener1" is Closed
{
    Arguments
        Result: 00000000-0000-0000-0000-000000000000
        Configuration: iCore.Workflow.Activities.Filesystem.FileSystemListenerConfiguration
}
16: Activity [1.8] "MainSequence1" scheduled child activity [1.9] "GetNextFile1"
17: Activity [1.9] "GetNextFile1" is Executing
{
    Arguments
        ErrorOnTimeout: False
        SubscriptionId: 00000000-0000-0000-0000-000000000000
        Timeout: 00:00:00
        Rename: False
        MoveFileToDirectory: a:\nother\directory
        IsImplicitlyCancellable: True
}
18: Activity [1.9] "GetNextFile1" scheduled child activity [1.9.1] "Sequence"
19: Activity [1.9.1] "Sequence" is Executing
{
    Variables
        _5ef1bf98_84fe_487c_bb8a_8079780ebfc1_103: 0
}
20: Activity [1.9.1] "Sequence" scheduled child activity [1.9.26] "GetNextFile1"
21: Activity [1.9.26] "GetNextFile1" is Executing
{
    Arguments
        ErrorOnTimeout: False
        SubscriptionId: 00000000-0000-0000-0000-000000000000
        Timeout: 00:00:00
        IsImplicitlyCancellable: True
}
22: CustomTrackingRecord [1.9.26] "iCPSTraceTrackingRecord"
23: WorkflowInstance "FilesystemListenerActivity" is Idle</StdOut>
      </Output>
    </UnitTestResult>
    <UnitTestResult executionId="b28724c1-43b3-4749-8a7d-a6a393388797" testId="c341cad5-f03c-f80f-6254-3c8276666f51" testName="Invoke_ValidArgs_ExpectedRecursiveArgumentUsed" computerName="ICSWS068" duration="00:00:00.0066388" startTime="2016-08-04T09:58:41.9142189+02:00" endTime="2016-08-04T09:58:41.9222249+02:00" testType="13cdc9d9-ddb5-4fa4-a97d-d965ccfc6d4b" outcome="Passed" testListId="8c84fa94-04c1-424b-9868-57a2d4851a1d" relativeResultsDirectory="b28724c1-43b3-4749-8a7d-a6a393388797">
      <Output>
        <StdOut>Debug Trace:
0: WorkflowInstance "FilesystemListenerActivity" is Started
1: Activity [null] "null" scheduled child activity [1] "FilesystemListenerActivity"
2: Activity [1] "FilesystemListenerActivity" is Executing
{
    Arguments
        Directory: a:\directory
        ErrorOnTimeout: False
        Timeout: 00:00:00
        Filter: *.txt
        Rename: False
        SettleTime: 00:00:00.5550000
        ScanForFileOnStart: True
        MoveFileToDirectory: a:\nother\directory
        IsImplicitlyCancellable: True
        Recursive: False
        WatchType: Rename
}
3: Activity [1] "FilesystemListenerActivity" scheduled child activity [1.1] "TryCatch1"
4: Activity [1.1] "TryCatch1" is Executing
{
    Variables
        connection: 00000000-0000-0000-0000-000000000000
}
5: Activity [1.1] "TryCatch1" scheduled child activity [1.4] "TryCatch2"
6: Activity [1.4] "TryCatch2" is Executing
7: Activity [1.4] "TryCatch2" scheduled child activity [1.8] "MainSequence1"
8: Activity [1.8] "MainSequence1" is Executing
{
    Variables
        configuration: iCore.Workflow.Activities.Filesystem.FileSystemListenerConfiguration
}
9: Activity [1.8] "MainSequence1" scheduled child activity [1.35] "CreateConfiguration1"
10: Activity [1.35] "CreateConfiguration1" is Executing
{
    Arguments
        Directory: a:\directory
        Filter: *.txt
        SettleTime: 00:00:00.5550000
        ScanForFileOnStart: True
        Recursive: False
        WatchType: Rename
}
11: Activity [1.35] "CreateConfiguration1" is Closed
{
    Arguments
        Directory: a:\directory
        Filter: *.txt
        Result: iCore.Workflow.Activities.Filesystem.FileSystemListenerConfiguration
        SettleTime: 00:00:00.5550000
        ScanForFileOnStart: True
        Recursive: False
        WatchType: Rename
}
12: Activity [1.8] "MainSequence1" scheduled child activity [1.30] "StartFileSystemListener1"
13: Activity [1.30] "StartFileSystemListener1" is Executing
{
    Arguments
        Configuration: iCore.Workflow.Activities.Filesystem.FileSystemListenerConfiguration
}
14: CustomTrackingRecord [1.30] "iCPSTraceTrackingRecord"
15: Activity [1.30] "StartFileSystemListener1" is Closed
{
    Arguments
        Result: 00000000-0000-0000-0000-000000000000
        Configuration: iCore.Workflow.Activities.Filesystem.FileSystemListenerConfiguration
}
16: Activity [1.8] "MainSequence1" scheduled child activity [1.9] "GetNextFile1"
17: Activity [1.9] "GetNextFile1" is Executing
{
    Arguments
        ErrorOnTimeout: False
        SubscriptionId: 00000000-0000-0000-0000-000000000000
        Timeout: 00:00:00
        Rename: False
        MoveFileToDirectory: a:\nother\directory
        IsImplicitlyCancellable: True
}
18: Activity [1.9] "GetNextFile1" scheduled child activity [1.9.1] "Sequence"
19: Activity [1.9.1] "Sequence" is Executing
{
    Variables
        _5ef1bf98_84fe_487c_bb8a_8079780ebfc1_104: 0
}
20: Activity [1.9.1] "Sequence" scheduled child activity [1.9.26] "GetNextFile1"
21: Activity [1.9.26] "GetNextFile1" is Executing
{
    Arguments
        ErrorOnTimeout: False
        SubscriptionId: 00000000-0000-0000-0000-000000000000
        Timeout: 00:00:00
        IsImplicitlyCancellable: True
}
22: CustomTrackingRecord [1.9.26] "iCPSTraceTrackingRecord"
23: WorkflowInstance "FilesystemListenerActivity" is Idle</StdOut>
      </Output>
    </UnitTestResult>
    <UnitTestResult executionId="81153018-dd7d-4c42-a6a4-20823f16cb42" testId="7cd72b3a-8eae-c731-f0cf-a060b3727e0a" testName="Invoke_ValidArgs_ExpectedScanForFileOnStartArgumentUsed" computerName="ICSWS068" duration="00:00:00.0067766" startTime="2016-08-04T09:58:41.9252263+02:00" endTime="2016-08-04T09:58:41.9332321+02:00" testType="13cdc9d9-ddb5-4fa4-a97d-d965ccfc6d4b" outcome="Passed" testListId="8c84fa94-04c1-424b-9868-57a2d4851a1d" relativeResultsDirectory="81153018-dd7d-4c42-a6a4-20823f16cb42">
      <Output>
        <StdOut>Debug Trace:
0: WorkflowInstance "FilesystemListenerActivity" is Started
1: Activity [null] "null" scheduled child activity [1] "FilesystemListenerActivity"
2: Activity [1] "FilesystemListenerActivity" is Executing
{
    Arguments
        Directory: a:\directory
        ErrorOnTimeout: False
        Timeout: 00:00:00
        Filter: *.txt
        Rename: False
        SettleTime: 00:00:00.5550000
        ScanForFileOnStart: True
        MoveFileToDirectory: a:\nother\directory
        IsImplicitlyCancellable: True
        Recursive: False
        WatchType: Rename
}
3: Activity [1] "FilesystemListenerActivity" scheduled child activity [1.1] "TryCatch1"
4: Activity [1.1] "TryCatch1" is Executing
{
    Variables
        connection: 00000000-0000-0000-0000-000000000000
}
5: Activity [1.1] "TryCatch1" scheduled child activity [1.4] "TryCatch2"
6: Activity [1.4] "TryCatch2" is Executing
7: Activity [1.4] "TryCatch2" scheduled child activity [1.8] "MainSequence1"
8: Activity [1.8] "MainSequence1" is Executing
{
    Variables
        configuration: iCore.Workflow.Activities.Filesystem.FileSystemListenerConfiguration
}
9: Activity [1.8] "MainSequence1" scheduled child activity [1.35] "CreateConfiguration1"
10: Activity [1.35] "CreateConfiguration1" is Executing
{
    Arguments
        Directory: a:\directory
        Filter: *.txt
        SettleTime: 00:00:00.5550000
        ScanForFileOnStart: True
        Recursive: False
        WatchType: Rename
}
11: Activity [1.35] "CreateConfiguration1" is Closed
{
    Arguments
        Directory: a:\directory
        Filter: *.txt
        Result: iCore.Workflow.Activities.Filesystem.FileSystemListenerConfiguration
        SettleTime: 00:00:00.5550000
        ScanForFileOnStart: True
        Recursive: False
        WatchType: Rename
}
12: Activity [1.8] "MainSequence1" scheduled child activity [1.30] "StartFileSystemListener1"
13: Activity [1.30] "StartFileSystemListener1" is Executing
{
    Arguments
        Configuration: iCore.Workflow.Activities.Filesystem.FileSystemListenerConfiguration
}
14: CustomTrackingRecord [1.30] "iCPSTraceTrackingRecord"
15: Activity [1.30] "StartFileSystemListener1" is Closed
{
    Arguments
        Result: 00000000-0000-0000-0000-000000000000
        Configuration: iCore.Workflow.Activities.Filesystem.FileSystemListenerConfiguration
}
16: Activity [1.8] "MainSequence1" scheduled child activity [1.9] "GetNextFile1"
17: Activity [1.9] "GetNextFile1" is Executing
{
    Arguments
        ErrorOnTimeout: False
        SubscriptionId: 00000000-0000-0000-0000-000000000000
        Timeout: 00:00:00
        Rename: False
        MoveFileToDirectory: a:\nother\directory
        IsImplicitlyCancellable: True
}
18: Activity [1.9] "GetNextFile1" scheduled child activity [1.9.1] "Sequence"
19: Activity [1.9.1] "Sequence" is Executing
{
    Variables
        _5ef1bf98_84fe_487c_bb8a_8079780ebfc1_105: 0
}
20: Activity [1.9.1] "Sequence" scheduled child activity [1.9.26] "GetNextFile1"
21: Activity [1.9.26] "GetNextFile1" is Executing
{
    Arguments
        ErrorOnTimeout: False
        SubscriptionId: 00000000-0000-0000-0000-000000000000
        Timeout: 00:00:00
        IsImplicitlyCancellable: True
}
22: CustomTrackingRecord [1.9.26] "iCPSTraceTrackingRecord"
23: WorkflowInstance "FilesystemListenerActivity" is Idle</StdOut>
      </Output>
    </UnitTestResult>
    <UnitTestResult executionId="7bf11aa9-b091-424a-abb8-d6b5abfa7fa0" testId="1c314094-a4e0-f53a-ac10-4477b4087cf2" testName="Invoke_ValidArgs_ExpectedSettleTimeArgumentUsed" computerName="ICSWS068" duration="00:00:00.0061488" startTime="2016-08-04T09:58:41.9362344+02:00" endTime="2016-08-04T09:58:41.9437395+02:00" testType="13cdc9d9-ddb5-4fa4-a97d-d965ccfc6d4b" outcome="Passed" testListId="8c84fa94-04c1-424b-9868-57a2d4851a1d" relativeResultsDirectory="7bf11aa9-b091-424a-abb8-d6b5abfa7fa0">
      <Output>
        <StdOut>Debug Trace:
0: WorkflowInstance "FilesystemListenerActivity" is Started
1: Activity [null] "null" scheduled child activity [1] "FilesystemListenerActivity"
2: Activity [1] "FilesystemListenerActivity" is Executing
{
    Arguments
        Directory: a:\directory
        ErrorOnTimeout: False
        Timeout: 00:00:00
        Filter: *.txt
        Rename: False
        SettleTime: 00:00:00.5550000
        ScanForFileOnStart: True
        MoveFileToDirectory: a:\nother\directory
        IsImplicitlyCancellable: True
        Recursive: False
        WatchType: Rename
}
3: Activity [1] "FilesystemListenerActivity" scheduled child activity [1.1] "TryCatch1"
4: Activity [1.1] "TryCatch1" is Executing
{
    Variables
        connection: 00000000-0000-0000-0000-000000000000
}
5: Activity [1.1] "TryCatch1" scheduled child activity [1.4] "TryCatch2"
6: Activity [1.4] "TryCatch2" is Executing
7: Activity [1.4] "TryCatch2" scheduled child activity [1.8] "MainSequence1"
8: Activity [1.8] "MainSequence1" is Executing
{
    Variables
        configuration: iCore.Workflow.Activities.Filesystem.FileSystemListenerConfiguration
}
9: Activity [1.8] "MainSequence1" scheduled child activity [1.35] "CreateConfiguration1"
10: Activity [1.35] "CreateConfiguration1" is Executing
{
    Arguments
        Directory: a:\directory
        Filter: *.txt
        SettleTime: 00:00:00.5550000
        ScanForFileOnStart: True
        Recursive: False
        WatchType: Rename
}
11: Activity [1.35] "CreateConfiguration1" is Closed
{
    Arguments
        Directory: a:\directory
        Filter: *.txt
        Result: iCore.Workflow.Activities.Filesystem.FileSystemListenerConfiguration
        SettleTime: 00:00:00.5550000
        ScanForFileOnStart: True
        Recursive: False
        WatchType: Rename
}
12: Activity [1.8] "MainSequence1" scheduled child activity [1.30] "StartFileSystemListener1"
13: Activity [1.30] "StartFileSystemListener1" is Executing
{
    Arguments
        Configuration: iCore.Workflow.Activities.Filesystem.FileSystemListenerConfiguration
}
14: CustomTrackingRecord [1.30] "iCPSTraceTrackingRecord"
15: Activity [1.30] "StartFileSystemListener1" is Closed
{
    Arguments
        Result: 00000000-0000-0000-0000-000000000000
        Configuration: iCore.Workflow.Activities.Filesystem.FileSystemListenerConfiguration
}
16: Activity [1.8] "MainSequence1" scheduled child activity [1.9] "GetNextFile1"
17: Activity [1.9] "GetNextFile1" is Executing
{
    Arguments
        ErrorOnTimeout: False
        SubscriptionId: 00000000-0000-0000-0000-000000000000
        Timeout: 00:00:00
        Rename: False
        MoveFileToDirectory: a:\nother\directory
        IsImplicitlyCancellable: True
}
18: Activity [1.9] "GetNextFile1" scheduled child activity [1.9.1] "Sequence"
19: Activity [1.9.1] "Sequence" is Executing
{
    Variables
        _5ef1bf98_84fe_487c_bb8a_8079780ebfc1_106: 0
}
20: Activity [1.9.1] "Sequence" scheduled child activity [1.9.26] "GetNextFile1"
21: Activity [1.9.26] "GetNextFile1" is Executing
{
    Arguments
        ErrorOnTimeout: False
        SubscriptionId: 00000000-0000-0000-0000-000000000000
        Timeout: 00:00:00
        IsImplicitlyCancellable: True
}
22: CustomTrackingRecord [1.9.26] "iCPSTraceTrackingRecord"
23: WorkflowInstance "FilesystemListenerActivity" is Idle</StdOut>
      </Output>
    </UnitTestResult>
    <UnitTestResult executionId="74a06fb3-71bb-4086-b7dc-36794d5c8f6c" testId="762e9647-7328-4c37-8860-18397a9b19f0" testName="Invoke_ValidArgsExpectedWatchTypeArgumentUsed" computerName="ICSWS068" duration="00:00:00.0068042" startTime="2016-08-04T09:58:41.9472421+02:00" endTime="2016-08-04T09:58:41.9557484+02:00" testType="13cdc9d9-ddb5-4fa4-a97d-d965ccfc6d4b" outcome="Passed" testListId="8c84fa94-04c1-424b-9868-57a2d4851a1d" relativeResultsDirectory="74a06fb3-71bb-4086-b7dc-36794d5c8f6c">
      <Output>
        <StdOut>Debug Trace:
0: WorkflowInstance "FilesystemListenerActivity" is Started
1: Activity [null] "null" scheduled child activity [1] "FilesystemListenerActivity"
2: Activity [1] "FilesystemListenerActivity" is Executing
{
    Arguments
        Directory: a:\directory
        ErrorOnTimeout: False
        Timeout: 00:00:00
        Filter: *.txt
        Rename: False
        SettleTime: 00:00:00.5550000
        ScanForFileOnStart: True
        MoveFileToDirectory: a:\nother\directory
        IsImplicitlyCancellable: True
        Recursive: False
        WatchType: Rename
}
3: Activity [1] "FilesystemListenerActivity" scheduled child activity [1.1] "TryCatch1"
4: Activity [1.1] "TryCatch1" is Executing
{
    Variables
        connection: 00000000-0000-0000-0000-000000000000
}
5: Activity [1.1] "TryCatch1" scheduled child activity [1.4] "TryCatch2"
6: Activity [1.4] "TryCatch2" is Executing
7: Activity [1.4] "TryCatch2" scheduled child activity [1.8] "MainSequence1"
8: Activity [1.8] "MainSequence1" is Executing
{
    Variables
        configuration: iCore.Workflow.Activities.Filesystem.FileSystemListenerConfiguration
}
9: Activity [1.8] "MainSequence1" scheduled child activity [1.35] "CreateConfiguration1"
10: Activity [1.35] "CreateConfiguration1" is Executing
{
    Arguments
        Directory: a:\directory
        Filter: *.txt
        SettleTime: 00:00:00.5550000
        ScanForFileOnStart: True
        Recursive: False
        WatchType: Rename
}
11: Activity [1.35] "CreateConfiguration1" is Closed
{
    Arguments
        Directory: a:\directory
        Filter: *.txt
        Result: iCore.Workflow.Activities.Filesystem.FileSystemListenerConfiguration
        SettleTime: 00:00:00.5550000
        ScanForFileOnStart: True
        Recursive: False
        WatchType: Rename
}
12: Activity [1.8] "MainSequence1" scheduled child activity [1.30] "StartFileSystemListener1"
13: Activity [1.30] "StartFileSystemListener1" is Executing
{
    Arguments
        Configuration: iCore.Workflow.Activities.Filesystem.FileSystemListenerConfiguration
}
14: CustomTrackingRecord [1.30] "iCPSTraceTrackingRecord"
15: Activity [1.30] "StartFileSystemListener1" is Closed
{
    Arguments
        Result: 00000000-0000-0000-0000-000000000000
        Configuration: iCore.Workflow.Activities.Filesystem.FileSystemListenerConfiguration
}
16: Activity [1.8] "MainSequence1" scheduled child activity [1.9] "GetNextFile1"
17: Activity [1.9] "GetNextFile1" is Executing
{
    Arguments
        ErrorOnTimeout: False
        SubscriptionId: 00000000-0000-0000-0000-000000000000
        Timeout: 00:00:00
        Rename: False
        MoveFileToDirectory: a:\nother\directory
        IsImplicitlyCancellable: True
}
18: Activity [1.9] "GetNextFile1" scheduled child activity [1.9.1] "Sequence"
19: Activity [1.9.1] "Sequence" is Executing
{
    Variables
        _5ef1bf98_84fe_487c_bb8a_8079780ebfc1_107: 0
}
20: Activity [1.9.1] "Sequence" scheduled child activity [1.9.26] "GetNextFile1"
21: Activity [1.9.26] "GetNextFile1" is Executing
{
    Arguments
        ErrorOnTimeout: False
        SubscriptionId: 00000000-0000-0000-0000-000000000000
        Timeout: 00:00:00
        IsImplicitlyCancellable: True
}
22: CustomTrackingRecord [1.9.26] "iCPSTraceTrackingRecord"
23: WorkflowInstance "FilesystemListenerActivity" is Idle</StdOut>
      </Output>
    </UnitTestResult>
    <UnitTestResult executionId="cb09c7df-c580-4c7b-8e22-f77cc4d99276" testId="652f982c-ac58-44c0-5610-fe0dbb34739c" testName="Invoke_ValidArgs_ExpectedConnectionArgumentUsedOnGetNextFile1" computerName="ICSWS068" duration="00:00:00.0076567" startTime="2016-08-04T09:58:41.9592507+02:00" endTime="2016-08-04T09:58:41.9682573+02:00" testType="13cdc9d9-ddb5-4fa4-a97d-d965ccfc6d4b" outcome="Passed" testListId="8c84fa94-04c1-424b-9868-57a2d4851a1d" relativeResultsDirectory="cb09c7df-c580-4c7b-8e22-f77cc4d99276">
      <Output>
        <StdOut>Debug Trace:
0: WorkflowInstance "FilesystemListenerActivity" is Started
1: Activity [null] "null" scheduled child activity [1] "FilesystemListenerActivity"
2: Activity [1] "FilesystemListenerActivity" is Executing
{
    Arguments
        Directory: a:\directory
        ErrorOnTimeout: False
        Timeout: 00:00:00
        Filter: *.txt
        Rename: False
        SettleTime: 00:00:00.5550000
        ScanForFileOnStart: True
        MoveFileToDirectory: a:\nother\directory
        IsImplicitlyCancellable: True
        Recursive: False
        WatchType: Rename
}
3: Activity [1] "FilesystemListenerActivity" scheduled child activity [1.1] "TryCatch1"
4: Activity [1.1] "TryCatch1" is Executing
{
    Variables
        connection: bad52d1f-07c2-4383-9d8d-e10bd0bf52bb
}
5: Activity [1.1] "TryCatch1" scheduled child activity [1.4] "TryCatch2"
6: Activity [1.4] "TryCatch2" is Executing
7: Activity [1.4] "TryCatch2" scheduled child activity [1.8] "MainSequence1"
8: Activity [1.8] "MainSequence1" is Executing
{
    Variables
        configuration: iCore.Workflow.Activities.Filesystem.FileSystemListenerConfiguration
}
9: Activity [1.8] "MainSequence1" scheduled child activity [1.35] "CreateConfiguration1"
10: Activity [1.35] "CreateConfiguration1" is Executing
{
    Arguments
        Directory: a:\directory
        Filter: *.txt
        SettleTime: 00:00:00.5550000
        ScanForFileOnStart: True
        Recursive: False
        WatchType: Rename
}
11: Activity [1.35] "CreateConfiguration1" is Closed
{
    Arguments
        Directory: a:\directory
        Filter: *.txt
        Result: iCore.Workflow.Activities.Filesystem.FileSystemListenerConfiguration
        SettleTime: 00:00:00.5550000
        ScanForFileOnStart: True
        Recursive: False
        WatchType: Rename
}
12: Activity [1.8] "MainSequence1" scheduled child activity [1.30] "StartFileSystemListener1"
13: Activity [1.30] "StartFileSystemListener1" is Executing
{
    Arguments
        Configuration: iCore.Workflow.Activities.Filesystem.FileSystemListenerConfiguration
}
14: CustomTrackingRecord [1.30] "iCPSTraceTrackingRecord"
15: Activity [1.30] "StartFileSystemListener1" is Closed
{
    Arguments
        Result: bad52d1f-07c2-4383-9d8d-e10bd0bf52bb
        Configuration: iCore.Workflow.Activities.Filesystem.FileSystemListenerConfiguration
}
16: Activity [1.8] "MainSequence1" scheduled child activity [1.9] "GetNextFile1"
17: Activity [1.9] "GetNextFile1" is Executing
{
    Arguments
        ErrorOnTimeout: False
        SubscriptionId: bad52d1f-07c2-4383-9d8d-e10bd0bf52bb
        Timeout: 00:00:00
        Rename: False
        MoveFileToDirectory: a:\nother\directory
        IsImplicitlyCancellable: True
}
18: Activity [1.9] "GetNextFile1" scheduled child activity [1.9.1] "Sequence"
19: Activity [1.9.1] "Sequence" is Executing
{
    Variables
        _5ef1bf98_84fe_487c_bb8a_8079780ebfc1_108: 0
}
20: Activity [1.9.1] "Sequence" scheduled child activity [1.9.26] "GetNextFile1"
21: Activity [1.9.26] "GetNextFile1" is Executing
{
    Arguments
        ErrorOnTimeout: False
        SubscriptionId: bad52d1f-07c2-4383-9d8d-e10bd0bf52bb
        Timeout: 00:00:00
        IsImplicitlyCancellable: True
}
22: CustomTrackingRecord [1.9.26] "iCPSTraceTrackingRecord"
23: WorkflowInstance "FilesystemListenerActivity" is Idle</StdOut>
      </Output>
    </UnitTestResult>
    <UnitTestResult executionId="ab059ffe-da0a-425b-b05a-6b67ddca5032" testId="7eaa7a76-1801-c830-05aa-6a4002ca2b10" testName="Invoke_ValidArgs_ExpectedExecutesErrorOnTimeoutArgumentUsed" computerName="ICSWS068" duration="00:00:00.0074552" startTime="2016-08-04T09:58:41.9712593+02:00" endTime="2016-08-04T09:58:41.9802659+02:00" testType="13cdc9d9-ddb5-4fa4-a97d-d965ccfc6d4b" outcome="Passed" testListId="8c84fa94-04c1-424b-9868-57a2d4851a1d" relativeResultsDirectory="ab059ffe-da0a-425b-b05a-6b67ddca5032">
      <Output>
        <StdOut>Debug Trace:
0: WorkflowInstance "FilesystemListenerActivity" is Started
1: Activity [null] "null" scheduled child activity [1] "FilesystemListenerActivity"
2: Activity [1] "FilesystemListenerActivity" is Executing
{
    Arguments
        Directory: a:\directory
        ErrorOnTimeout: False
        Timeout: 00:00:00
        Filter: *.txt
        Rename: False
        SettleTime: 00:00:00.5550000
        ScanForFileOnStart: True
        MoveFileToDirectory: a:\nother\directory
        IsImplicitlyCancellable: True
        Recursive: False
        WatchType: Rename
}
3: Activity [1] "FilesystemListenerActivity" scheduled child activity [1.1] "TryCatch1"
4: Activity [1.1] "TryCatch1" is Executing
{
    Variables
        connection: 00000000-0000-0000-0000-000000000000
}
5: Activity [1.1] "TryCatch1" scheduled child activity [1.4] "TryCatch2"
6: Activity [1.4] "TryCatch2" is Executing
7: Activity [1.4] "TryCatch2" scheduled child activity [1.8] "MainSequence1"
8: Activity [1.8] "MainSequence1" is Executing
{
    Variables
        configuration: iCore.Workflow.Activities.Filesystem.FileSystemListenerConfiguration
}
9: Activity [1.8] "MainSequence1" scheduled child activity [1.35] "CreateConfiguration1"
10: Activity [1.35] "CreateConfiguration1" is Executing
{
    Arguments
        Directory: a:\directory
        Filter: *.txt
        SettleTime: 00:00:00.5550000
        ScanForFileOnStart: True
        Recursive: False
        WatchType: Rename
}
11: Activity [1.35] "CreateConfiguration1" is Closed
{
    Arguments
        Directory: a:\directory
        Filter: *.txt
        Result: iCore.Workflow.Activities.Filesystem.FileSystemListenerConfiguration
        SettleTime: 00:00:00.5550000
        ScanForFileOnStart: True
        Recursive: False
        WatchType: Rename
}
12: Activity [1.8] "MainSequence1" scheduled child activity [1.30] "StartFileSystemListener1"
13: Activity [1.30] "StartFileSystemListener1" is Executing
{
    Arguments
        Configuration: iCore.Workflow.Activities.Filesystem.FileSystemListenerConfiguration
}
14: CustomTrackingRecord [1.30] "iCPSTraceTrackingRecord"
15: Activity [1.30] "StartFileSystemListener1" is Closed
{
    Arguments
        Result: 00000000-0000-0000-0000-000000000000
        Configuration: iCore.Workflow.Activities.Filesystem.FileSystemListenerConfiguration
}
16: Activity [1.8] "MainSequence1" scheduled child activity [1.9] "GetNextFile1"
17: Activity [1.9] "GetNextFile1" is Executing
{
    Arguments
        ErrorOnTimeout: False
        SubscriptionId: 00000000-0000-0000-0000-000000000000
        Timeout: 00:00:00
        Rename: False
        MoveFileToDirectory: a:\nother\directory
        IsImplicitlyCancellable: True
}
18: Activity [1.9] "GetNextFile1" scheduled child activity [1.9.1] "Sequence"
19: Activity [1.9.1] "Sequence" is Executing
{
    Variables
        _5ef1bf98_84fe_487c_bb8a_8079780ebfc1_109: 0
}
20: Activity [1.9.1] "Sequence" scheduled child activity [1.9.26] "GetNextFile1"
21: Activity [1.9.26] "GetNextFile1" is Executing
{
    Arguments
        ErrorOnTimeout: False
        SubscriptionId: 00000000-0000-0000-0000-000000000000
        Timeout: 00:00:00
        IsImplicitlyCancellable: True
}
22: CustomTrackingRecord [1.9.26] "iCPSTraceTrackingRecord"
23: WorkflowInstance "FilesystemListenerActivity" is Idle</StdOut>
      </Output>
    </UnitTestResult>
    <UnitTestResult executionId="580d9303-78a7-4a04-a9e1-34cc23fdaf5e" testId="987c86a5-a692-7be4-af89-316c57b96830" testName="Invoke_ValidArgs_ExpectedTimeoutArgumentUsed" computerName="ICSWS068" duration="00:00:00.0062931" startTime="2016-08-04T09:58:41.9842687+02:00" endTime="2016-08-04T09:58:41.9917742+02:00" testType="13cdc9d9-ddb5-4fa4-a97d-d965ccfc6d4b" outcome="Passed" testListId="8c84fa94-04c1-424b-9868-57a2d4851a1d" relativeResultsDirectory="580d9303-78a7-4a04-a9e1-34cc23fdaf5e">
      <Output>
        <StdOut>Debug Trace:
0: WorkflowInstance "FilesystemListenerActivity" is Started
1: Activity [null] "null" scheduled child activity [1] "FilesystemListenerActivity"
2: Activity [1] "FilesystemListenerActivity" is Executing
{
    Arguments
        Directory: a:\directory
        ErrorOnTimeout: False
        Timeout: 00:00:00
        Filter: *.txt
        Rename: False
        SettleTime: 00:00:00.5550000
        ScanForFileOnStart: True
        MoveFileToDirectory: a:\nother\directory
        IsImplicitlyCancellable: True
        Recursive: False
        WatchType: Rename
}
3: Activity [1] "FilesystemListenerActivity" scheduled child activity [1.1] "TryCatch1"
4: Activity [1.1] "TryCatch1" is Executing
{
    Variables
        connection: 00000000-0000-0000-0000-000000000000
}
5: Activity [1.1] "TryCatch1" scheduled child activity [1.4] "TryCatch2"
6: Activity [1.4] "TryCatch2" is Executing
7: Activity [1.4] "TryCatch2" scheduled child activity [1.8] "MainSequence1"
8: Activity [1.8] "MainSequence1" is Executing
{
    Variables
        configuration: iCore.Workflow.Activities.Filesystem.FileSystemListenerConfiguration
}
9: Activity [1.8] "MainSequence1" scheduled child activity [1.35] "CreateConfiguration1"
10: Activity [1.35] "CreateConfiguration1" is Executing
{
    Arguments
        Directory: a:\directory
        Filter: *.txt
        SettleTime: 00:00:00.5550000
        ScanForFileOnStart: True
        Recursive: False
        WatchType: Rename
}
11: Activity [1.35] "CreateConfiguration1" is Closed
{
    Arguments
        Directory: a:\directory
        Filter: *.txt
        Result: iCore.Workflow.Activities.Filesystem.FileSystemListenerConfiguration
        SettleTime: 00:00:00.5550000
        ScanForFileOnStart: True
        Recursive: False
        WatchType: Rename
}
12: Activity [1.8] "MainSequence1" scheduled child activity [1.30] "StartFileSystemListener1"
13: Activity [1.30] "StartFileSystemListener1" is Executing
{
    Arguments
        Configuration: iCore.Workflow.Activities.Filesystem.FileSystemListenerConfiguration
}
14: CustomTrackingRecord [1.30] "iCPSTraceTrackingRecord"
15: Activity [1.30] "StartFileSystemListener1" is Closed
{
    Arguments
        Result: 00000000-0000-0000-0000-000000000000
        Configuration: iCore.Workflow.Activities.Filesystem.FileSystemListenerConfiguration
}
16: Activity [1.8] "MainSequence1" scheduled child activity [1.9] "GetNextFile1"
17: Activity [1.9] "GetNextFile1" is Executing
{
    Arguments
        ErrorOnTimeout: False
        SubscriptionId: 00000000-0000-0000-0000-000000000000
        Timeout: 00:00:00
        Rename: False
        MoveFileToDirectory: a:\nother\directory
        IsImplicitlyCancellable: True
}
18: Activity [1.9] "GetNextFile1" scheduled child activity [1.9.1] "Sequence"
19: Activity [1.9.1] "Sequence" is Executing
{
    Variables
        _5ef1bf98_84fe_487c_bb8a_8079780ebfc1_110: 0
}
20: Activity [1.9.1] "Sequence" scheduled child activity [1.9.26] "GetNextFile1"
21: Activity [1.9.26] "GetNextFile1" is Executing
{
    Arguments
        ErrorOnTimeout: False
        SubscriptionId: 00000000-0000-0000-0000-000000000000
        Timeout: 00:00:00
        IsImplicitlyCancellable: True
}
22: CustomTrackingRecord [1.9.26] "iCPSTraceTrackingRecord"
23: WorkflowInstance "FilesystemListenerActivity" is Idle</StdOut>
      </Output>
    </UnitTestResult>
    <UnitTestResult executionId="6657ad46-1724-4deb-8a09-e365cced0dd8" testId="2a5e7adc-90a2-65b6-c1d5-d0a175427143" testName="Invoke_ValidArgs_ExpectedRenameArgumentUsed" computerName="ICSWS068" duration="00:00:00.0067062" startTime="2016-08-04T09:58:41.9957773+02:00" endTime="2016-08-04T09:58:42.0042828+02:00" testType="13cdc9d9-ddb5-4fa4-a97d-d965ccfc6d4b" outcome="Passed" testListId="8c84fa94-04c1-424b-9868-57a2d4851a1d" relativeResultsDirectory="6657ad46-1724-4deb-8a09-e365cced0dd8">
      <Output>
        <StdOut>Debug Trace:
0: WorkflowInstance "FilesystemListenerActivity" is Started
1: Activity [null] "null" scheduled child activity [1] "FilesystemListenerActivity"
2: Activity [1] "FilesystemListenerActivity" is Executing
{
    Arguments
        Directory: a:\directory
        ErrorOnTimeout: False
        Timeout: 00:00:00
        Filter: *.txt
        Rename: False
        SettleTime: 00:00:00.5550000
        ScanForFileOnStart: True
        MoveFileToDirectory: a:\nother\directory
        IsImplicitlyCancellable: True
        Recursive: False
        WatchType: Rename
}
3: Activity [1] "FilesystemListenerActivity" scheduled child activity [1.1] "TryCatch1"
4: Activity [1.1] "TryCatch1" is Executing
{
    Variables
        connection: 00000000-0000-0000-0000-000000000000
}
5: Activity [1.1] "TryCatch1" scheduled child activity [1.4] "TryCatch2"
6: Activity [1.4] "TryCatch2" is Executing
7: Activity [1.4] "TryCatch2" scheduled child activity [1.8] "MainSequence1"
8: Activity [1.8] "MainSequence1" is Executing
{
    Variables
        configuration: iCore.Workflow.Activities.Filesystem.FileSystemListenerConfiguration
}
9: Activity [1.8] "MainSequence1" scheduled child activity [1.35] "CreateConfiguration1"
10: Activity [1.35] "CreateConfiguration1" is Executing
{
    Arguments
        Directory: a:\directory
        Filter: *.txt
        SettleTime: 00:00:00.5550000
        ScanForFileOnStart: True
        Recursive: False
        WatchType: Rename
}
11: Activity [1.35] "CreateConfiguration1" is Closed
{
    Arguments
        Directory: a:\directory
        Filter: *.txt
        Result: iCore.Workflow.Activities.Filesystem.FileSystemListenerConfiguration
        SettleTime: 00:00:00.5550000
        ScanForFileOnStart: True
        Recursive: False
        WatchType: Rename
}
12: Activity [1.8] "MainSequence1" scheduled child activity [1.30] "StartFileSystemListener1"
13: Activity [1.30] "StartFileSystemListener1" is Executing
{
    Arguments
        Configuration: iCore.Workflow.Activities.Filesystem.FileSystemListenerConfiguration
}
14: CustomTrackingRecord [1.30] "iCPSTraceTrackingRecord"
15: Activity [1.30] "StartFileSystemListener1" is Closed
{
    Arguments
        Result: 00000000-0000-0000-0000-000000000000
        Configuration: iCore.Workflow.Activities.Filesystem.FileSystemListenerConfiguration
}
16: Activity [1.8] "MainSequence1" scheduled child activity [1.9] "GetNextFile1"
17: Activity [1.9] "GetNextFile1" is Executing
{
    Arguments
        ErrorOnTimeout: False
        SubscriptionId: 00000000-0000-0000-0000-000000000000
        Timeout: 00:00:00
        Rename: False
        MoveFileToDirectory: a:\nother\directory
        IsImplicitlyCancellable: True
}
18: Activity [1.9] "GetNextFile1" scheduled child activity [1.9.1] "Sequence"
19: Activity [1.9.1] "Sequence" is Executing
{
    Variables
        _5ef1bf98_84fe_487c_bb8a_8079780ebfc1_111: 0
}
20: Activity [1.9.1] "Sequence" scheduled child activity [1.9.26] "GetNextFile1"
21: Activity [1.9.26] "GetNextFile1" is Executing
{
    Arguments
        ErrorOnTimeout: False
        SubscriptionId: 00000000-0000-0000-0000-000000000000
        Timeout: 00:00:00
        IsImplicitlyCancellable: True
}
22: CustomTrackingRecord [1.9.26] "iCPSTraceTrackingRecord"
23: WorkflowInstance "FilesystemListenerActivity" is Idle</StdOut>
      </Output>
    </UnitTestResult>
    <UnitTestResult executionId="b38d260b-77cd-44af-8295-75860d54e703" testId="16d36fcf-8d5e-5ded-0f45-7773e56249d1" testName="Invoke_ValidArgs_ExpectedMoveFileToDirectoryArgumentUsed" computerName="ICSWS068" duration="00:00:00.0065605" startTime="2016-08-04T09:58:42.0072851+02:00" endTime="2016-08-04T09:58:42.0152908+02:00" testType="13cdc9d9-ddb5-4fa4-a97d-d965ccfc6d4b" outcome="Passed" testListId="8c84fa94-04c1-424b-9868-57a2d4851a1d" relativeResultsDirectory="b38d260b-77cd-44af-8295-75860d54e703">
      <Output>
        <StdOut>Debug Trace:
0: WorkflowInstance "FilesystemListenerActivity" is Started
1: Activity [null] "null" scheduled child activity [1] "FilesystemListenerActivity"
2: Activity [1] "FilesystemListenerActivity" is Executing
{
    Arguments
        Directory: a:\directory
        ErrorOnTimeout: False
        Timeout: 00:00:00
        Filter: *.txt
        Rename: False
        SettleTime: 00:00:00.5550000
        ScanForFileOnStart: True
        MoveFileToDirectory: a:\nother\directory
        IsImplicitlyCancellable: True
        Recursive: False
        WatchType: Rename
}
3: Activity [1] "FilesystemListenerActivity" scheduled child activity [1.1] "TryCatch1"
4: Activity [1.1] "TryCatch1" is Executing
{
    Variables
        connection: 00000000-0000-0000-0000-000000000000
}
5: Activity [1.1] "TryCatch1" scheduled child activity [1.4] "TryCatch2"
6: Activity [1.4] "TryCatch2" is Executing
7: Activity [1.4] "TryCatch2" scheduled child activity [1.8] "MainSequence1"
8: Activity [1.8] "MainSequence1" is Executing
{
    Variables
        configuration: iCore.Workflow.Activities.Filesystem.FileSystemListenerConfiguration
}
9: Activity [1.8] "MainSequence1" scheduled child activity [1.35] "CreateConfiguration1"
10: Activity [1.35] "CreateConfiguration1" is Executing
{
    Arguments
        Directory: a:\directory
        Filter: *.txt
        SettleTime: 00:00:00.5550000
        ScanForFileOnStart: True
        Recursive: False
        WatchType: Rename
}
11: Activity [1.35] "CreateConfiguration1" is Closed
{
    Arguments
        Directory: a:\directory
        Filter: *.txt
        Result: iCore.Workflow.Activities.Filesystem.FileSystemListenerConfiguration
        SettleTime: 00:00:00.5550000
        ScanForFileOnStart: True
        Recursive: False
        WatchType: Rename
}
12: Activity [1.8] "MainSequence1" scheduled child activity [1.30] "StartFileSystemListener1"
13: Activity [1.30] "StartFileSystemListener1" is Executing
{
    Arguments
        Configuration: iCore.Workflow.Activities.Filesystem.FileSystemListenerConfiguration
}
14: CustomTrackingRecord [1.30] "iCPSTraceTrackingRecord"
15: Activity [1.30] "StartFileSystemListener1" is Closed
{
    Arguments
        Result: 00000000-0000-0000-0000-000000000000
        Configuration: iCore.Workflow.Activities.Filesystem.FileSystemListenerConfiguration
}
16: Activity [1.8] "MainSequence1" scheduled child activity [1.9] "GetNextFile1"
17: Activity [1.9] "GetNextFile1" is Executing
{
    Arguments
        ErrorOnTimeout: False
        SubscriptionId: 00000000-0000-0000-0000-000000000000
        Timeout: 00:00:00
        Rename: False
        MoveFileToDirectory: a:\nother\directory
        IsImplicitlyCancellable: True
}
18: Activity [1.9] "GetNextFile1" scheduled child activity [1.9.1] "Sequence"
19: Activity [1.9.1] "Sequence" is Executing
{
    Variables
        _5ef1bf98_84fe_487c_bb8a_8079780ebfc1_112: 0
}
20: Activity [1.9.1] "Sequence" scheduled child activity [1.9.26] "GetNextFile1"
21: Activity [1.9.26] "GetNextFile1" is Executing
{
    Arguments
        ErrorOnTimeout: False
        SubscriptionId: 00000000-0000-0000-0000-000000000000
        Timeout: 00:00:00
        IsImplicitlyCancellable: True
}
22: CustomTrackingRecord [1.9.26] "iCPSTraceTrackingRecord"
23: WorkflowInstance "FilesystemListenerActivity" is Idle</StdOut>
      </Output>
    </UnitTestResult>
    <UnitTestResult executionId="cea82b56-0b34-4204-8564-4db7d57d801b" testId="e016da78-dd5d-9471-631f-3acdca2da592" testName="Invoke_ValidArgs_ExpectedConnectionArgumentUsedOnCloseConnection1" computerName="ICSWS068" duration="00:00:00.0123475" startTime="2016-08-04T09:58:42.0187931+02:00" endTime="2016-08-04T09:58:42.0328037+02:00" testType="13cdc9d9-ddb5-4fa4-a97d-d965ccfc6d4b" outcome="Passed" testListId="8c84fa94-04c1-424b-9868-57a2d4851a1d" relativeResultsDirectory="cea82b56-0b34-4204-8564-4db7d57d801b">
      <Output>
        <StdOut>Debug Trace:
0: WorkflowInstance "FilesystemListenerActivity" is Started
1: Activity [null] "null" scheduled child activity [1] "FilesystemListenerActivity"
2: Activity [1] "FilesystemListenerActivity" is Executing
{
    Arguments
        Directory: a:\directory
        ErrorOnTimeout: False
        Timeout: 00:00:00
        Filter: *.txt
        Rename: False
        SettleTime: 00:00:00.5550000
        ScanForFileOnStart: True
        MoveFileToDirectory: a:\nother\directory
        IsImplicitlyCancellable: True
        Recursive: False
        WatchType: Rename
}
3: Activity [1] "FilesystemListenerActivity" scheduled child activity [1.1] "TryCatch1"
4: Activity [1.1] "TryCatch1" is Executing
{
    Variables
        connection: e35305f0-16d0-470d-9ca8-8fce258a6fa2
}
5: Activity [1.1] "TryCatch1" scheduled child activity [1.4] "TryCatch2"
6: Activity [1.4] "TryCatch2" is Executing
7: Activity [1.4] "TryCatch2" scheduled child activity [1.8] "MainSequence1"
8: Activity [1.8] "MainSequence1" is Executing
{
    Variables
        configuration: iCore.Workflow.Activities.Filesystem.FileSystemListenerConfiguration
}
9: Activity [1.8] "MainSequence1" scheduled child activity [1.35] "CreateConfiguration1"
10: Activity [1.35] "CreateConfiguration1" is Executing
{
    Arguments
        Directory: a:\directory
        Filter: *.txt
        SettleTime: 00:00:00.5550000
        ScanForFileOnStart: True
        Recursive: False
        WatchType: Rename
}
11: Activity [1.35] "CreateConfiguration1" is Closed
{
    Arguments
        Directory: a:\directory
        Filter: *.txt
        Result: iCore.Workflow.Activities.Filesystem.FileSystemListenerConfiguration
        SettleTime: 00:00:00.5550000
        ScanForFileOnStart: True
        Recursive: False
        WatchType: Rename
}
12: Activity [1.8] "MainSequence1" scheduled child activity [1.30] "StartFileSystemListener1"
13: Activity [1.30] "StartFileSystemListener1" is Executing
{
    Arguments
        Configuration: iCore.Workflow.Activities.Filesystem.FileSystemListenerConfiguration
}
14: CustomTrackingRecord [1.30] "iCPSTraceTrackingRecord"
15: Activity [1.30] "StartFileSystemListener1" is Closed
{
    Arguments
        Result: e35305f0-16d0-470d-9ca8-8fce258a6fa2
        Configuration: iCore.Workflow.Activities.Filesystem.FileSystemListenerConfiguration
}
16: Activity [1.8] "MainSequence1" scheduled child activity [1.9] "GetNextFile1"
17: Activity [1.9] "GetNextFile1" is Executing
{
    Arguments
        ErrorOnTimeout: False
        SubscriptionId: e35305f0-16d0-470d-9ca8-8fce258a6fa2
        Timeout: 00:00:00
        Rename: False
        MoveFileToDirectory: a:\nother\directory
        IsImplicitlyCancellable: True
}
18: Activity [1.9] "GetNextFile1" scheduled child activity [1.9.1] "Sequence"
19: Activity [1.9.1] "Sequence" is Executing
{
    Variables
        _5ef1bf98_84fe_487c_bb8a_8079780ebfc1_113: Rename
}
20: Activity [1.9.1] "Sequence" scheduled child activity [1.9.26] "GetNextFile1"
21: Activity [1.9.26] "GetNextFile1" is Executing
{
    Arguments
        ErrorOnTimeout: False
        SubscriptionId: e35305f0-16d0-470d-9ca8-8fce258a6fa2
        Timeout: 00:00:00
        IsImplicitlyCancellable: True
}
22: CustomTrackingRecord [1.9.26] "iCPSTraceTrackingRecord"
23: WorkflowInstance "FilesystemListenerActivity" is Idle
24: Bookmark "1ff00d79-ccbe-4559-99b8-79ecae3e7b91" resumed with payload &lt;iCore.Workflow.Activities.Extensions.ItemSubscriptionEventArgs`1[iCore.Common.Utilities.FileSystemWatcher.FileSystemWatcherFileInfo]&gt; owner [1.9.26] "GetNextFile1"
25: CustomTrackingRecord [1.9.26] "iCPSTraceTrackingRecord"
26: Activity [1.9.26] "GetNextFile1" is Closed
{
    Arguments
        ErrorOnTimeout: False
        SubscriptionId: e35305f0-16d0-470d-9ca8-8fce258a6fa2
        FileName: file.name
        Timeout: 00:00:00
        FileFullName: a:\directory\path\file.name
        IsImplicitlyCancellable: True
        WatchType: Rename
}
27: Activity [1.9.1] "Sequence" scheduled child activity [1.9.19] "AssignProcessingFileName1"
28: Activity [1.9.19] "AssignProcessingFileName1" is Executing
{
    Arguments
        Value: file.name
}
29: Activity [1.9.19] "AssignProcessingFileName1" is Closed
{
    Arguments
        Value: file.name
        To: file.name
}
30: Activity [1.9.1] "Sequence" scheduled child activity [1.9.11] "AssignProcessingFilePath1"
31: Activity [1.9.11] "AssignProcessingFilePath1" is Executing
{
    Arguments
        Value: a:\nother\directory\file.name
}
32: Activity [1.9.11] "AssignProcessingFilePath1" is Closed
{
    Arguments
        Value: a:\nother\directory\file.name
        To: a:\nother\directory\file.name
}
33: Activity [1.9.1] "Sequence" scheduled child activity [1.9.2] "RenameFileCheck1"
34: Activity [1.9.2] "RenameFileCheck1" is Executing
{
    Arguments
        Condition: True
}
35: Activity [1.9.2] "RenameFileCheck1" scheduled child activity [1.9.6] "RenameFile1"
36: Activity [1.9.6] "RenameFile1" is Executing
{
    Arguments
        NewFilename: a:\nother\directory\file.name
        OldFilename: a:\directory\path\file.name
}
37: WorkflowInstance "FilesystemListenerActivity" is Idle
38: Activity [1.9.6] "RenameFile1" is Closed
{
    Arguments
        NewFilename: a:\nother\directory\file.name
        OldFilename: a:\directory\path\file.name
}
39: Activity [1.9.2] "RenameFileCheck1" is Closed
{
    Arguments
        Condition: True
}
40: Activity [1.9.1] "Sequence" is Closed
{
    Variables
        _5ef1bf98_84fe_487c_bb8a_8079780ebfc1_114: Rename
}
41: Activity [1.9] "GetNextFile1" is Closed
{
    Arguments
        ErrorOnTimeout: False
        SubscriptionId: e35305f0-16d0-470d-9ca8-8fce258a6fa2
        Timeout: 00:00:00
        Rename: False
        OriginalFileName: file.name
        ProcessingFilePath: a:\nother\directory\file.name
        MoveFileToDirectory: a:\nother\directory
        IsImplicitlyCancellable: True
        ProcessingFileName: file.name
        OriginalFilePath: a:\directory\path\file.name
}
42: Activity [1.8] "MainSequence1" is Closed
{
    Variables
        configuration: iCore.Workflow.Activities.Filesystem.FileSystemListenerConfiguration
}
43: Activity [1.4] "TryCatch2" scheduled child activity [1.5] "CloseConnection1"
44: Activity [1.5] "CloseConnection1" is Executing
{
    Arguments
        SubscriptionId: e35305f0-16d0-470d-9ca8-8fce258a6fa2
}
45: CustomTrackingRecord [1.5] "iCPSTraceTrackingRecord"
46: Activity [1.5] "CloseConnection1" is Closed
{
    Arguments
        SubscriptionId: e35305f0-16d0-470d-9ca8-8fce258a6fa2
}
47: Activity [1.4] "TryCatch2" is Closed
48: Activity [1.1] "TryCatch1" is Closed
{
    Variables
        connection: e35305f0-16d0-470d-9ca8-8fce258a6fa2
}
49: Activity [1] "FilesystemListenerActivity" is Closed
{
    Arguments
        Directory: a:\directory
        ErrorOnTimeout: False
        Timeout: 00:00:00
        Filter: *.txt
        Rename: False
        OriginalFileName: file.name
        SettleTime: 00:00:00.5550000
        ProcessingFilePath: a:\nother\directory\file.name
        ScanForFileOnStart: True
        MoveFileToDirectory: a:\nother\directory
        IsImplicitlyCancellable: True
        ProcessingFileName: file.name
        OriginalFilePath: a:\directory\path\file.name
        Recursive: False
        WatchType: Rename
}
50: WorkflowInstance "FilesystemListenerActivity" is Completed</StdOut>
      </Output>
    </UnitTestResult>
    <UnitTestResult executionId="338f0741-2cbf-49c5-b7d1-754c4311cc4b" testId="82e520c5-1fa8-417b-3218-2038b4a2f986" testName="Invoke_ValidArgs_ExpectedIsImplicitlyCancellableArgumentUsed" computerName="ICSWS068" duration="00:00:00.0057215" startTime="2016-08-04T09:58:42.0368060+02:00" endTime="2016-08-04T09:58:42.0438141+02:00" testType="13cdc9d9-ddb5-4fa4-a97d-d965ccfc6d4b" outcome="Passed" testListId="8c84fa94-04c1-424b-9868-57a2d4851a1d" relativeResultsDirectory="338f0741-2cbf-49c5-b7d1-754c4311cc4b">
      <Output>
        <StdOut>Debug Trace:
0: WorkflowInstance "FilesystemListenerActivity" is Started
1: Activity [null] "null" scheduled child activity [1] "FilesystemListenerActivity"
2: Activity [1] "FilesystemListenerActivity" is Executing
{
    Arguments
        Directory: a:\directory
        ErrorOnTimeout: False
        Timeout: 00:00:00
        Filter: *.txt
        Rename: False
        SettleTime: 00:00:00.5550000
        ScanForFileOnStart: True
        MoveFileToDirectory: a:\nother\directory
        IsImplicitlyCancellable: True
        Recursive: False
        WatchType: Rename
}
3: Activity [1] "FilesystemListenerActivity" scheduled child activity [1.1] "TryCatch1"
4: Activity [1.1] "TryCatch1" is Executing
{
    Variables
        connection: 00000000-0000-0000-0000-000000000000
}
5: Activity [1.1] "TryCatch1" scheduled child activity [1.4] "TryCatch2"
6: Activity [1.4] "TryCatch2" is Executing
7: Activity [1.4] "TryCatch2" scheduled child activity [1.8] "MainSequence1"
8: Activity [1.8] "MainSequence1" is Executing
{
    Variables
        configuration: iCore.Workflow.Activities.Filesystem.FileSystemListenerConfiguration
}
9: Activity [1.8] "MainSequence1" scheduled child activity [1.35] "CreateConfiguration1"
10: Activity [1.35] "CreateConfiguration1" is Executing
{
    Arguments
        Directory: a:\directory
        Filter: *.txt
        SettleTime: 00:00:00.5550000
        ScanForFileOnStart: True
        Recursive: False
        WatchType: Rename
}
11: Activity [1.35] "CreateConfiguration1" is Closed
{
    Arguments
        Directory: a:\directory
        Filter: *.txt
        Result: iCore.Workflow.Activities.Filesystem.FileSystemListenerConfiguration
        SettleTime: 00:00:00.5550000
        ScanForFileOnStart: True
        Recursive: False
        WatchType: Rename
}
12: Activity [1.8] "MainSequence1" scheduled child activity [1.30] "StartFileSystemListener1"
13: Activity [1.30] "StartFileSystemListener1" is Executing
{
    Arguments
        Configuration: iCore.Workflow.Activities.Filesystem.FileSystemListenerConfiguration
}
14: CustomTrackingRecord [1.30] "iCPSTraceTrackingRecord"
15: Activity [1.30] "StartFileSystemListener1" is Closed
{
    Arguments
        Result: 00000000-0000-0000-0000-000000000000
        Configuration: iCore.Workflow.Activities.Filesystem.FileSystemListenerConfiguration
}
16: Activity [1.8] "MainSequence1" scheduled child activity [1.9] "GetNextFile1"
17: Activity [1.9] "GetNextFile1" is Executing
{
    Arguments
        ErrorOnTimeout: False
        SubscriptionId: 00000000-0000-0000-0000-000000000000
        Timeout: 00:00:00
        Rename: False
        MoveFileToDirectory: a:\nother\directory
        IsImplicitlyCancellable: True
}
18: Activity [1.9] "GetNextFile1" scheduled child activity [1.9.1] "Sequence"
19: Activity [1.9.1] "Sequence" is Executing
{
    Variables
        _5ef1bf98_84fe_487c_bb8a_8079780ebfc1_115: 0
}
20: Activity [1.9.1] "Sequence" scheduled child activity [1.9.26] "GetNextFile1"
21: Activity [1.9.26] "GetNextFile1" is Executing
{
    Arguments
        ErrorOnTimeout: False
        SubscriptionId: 00000000-0000-0000-0000-000000000000
        Timeout: 00:00:00
        IsImplicitlyCancellable: True
}
22: CustomTrackingRecord [1.9.26] "iCPSTraceTrackingRecord"
23: WorkflowInstance "FilesystemListenerActivity" is Idle</StdOut>
      </Output>
    </UnitTestResult>
    <UnitTestResult executionId="d22c2747-2dd3-4129-93e4-0ecd202fadc0" testId="82c9d160-48d2-d19d-05a2-b2df5298911f" testName="Invoke_ExamineActivityOrder_CreateConfigurationIsBeforeOpenConnection" computerName="ICSWS068" duration="00:00:00.0054696" startTime="2016-08-04T09:58:42.0473140+02:00" endTime="2016-08-04T09:58:42.0538183+02:00" testType="13cdc9d9-ddb5-4fa4-a97d-d965ccfc6d4b" outcome="Passed" testListId="8c84fa94-04c1-424b-9868-57a2d4851a1d" relativeResultsDirectory="d22c2747-2dd3-4129-93e4-0ecd202fadc0">
      <Output>
        <StdOut>Debug Trace:
0: WorkflowInstance "FilesystemListenerActivity" is Started
1: Activity [null] "null" scheduled child activity [1] "FilesystemListenerActivity"
2: Activity [1] "FilesystemListenerActivity" is Executing
{
    Arguments
        Directory: a:\directory
        ErrorOnTimeout: False
        Timeout: 00:00:00
        Filter: *.txt
        Rename: False
        SettleTime: 00:00:00.5550000
        ScanForFileOnStart: True
        MoveFileToDirectory: a:\nother\directory
        IsImplicitlyCancellable: True
        Recursive: False
        WatchType: Rename
}
3: Activity [1] "FilesystemListenerActivity" scheduled child activity [1.1] "TryCatch1"
4: Activity [1.1] "TryCatch1" is Executing
{
    Variables
        connection: 00000000-0000-0000-0000-000000000000
}
5: Activity [1.1] "TryCatch1" scheduled child activity [1.4] "TryCatch2"
6: Activity [1.4] "TryCatch2" is Executing
7: Activity [1.4] "TryCatch2" scheduled child activity [1.8] "MainSequence1"
8: Activity [1.8] "MainSequence1" is Executing
{
    Variables
        configuration: iCore.Workflow.Activities.Filesystem.FileSystemListenerConfiguration
}
9: Activity [1.8] "MainSequence1" scheduled child activity [1.35] "CreateConfiguration1"
10: Activity [1.35] "CreateConfiguration1" is Executing
{
    Arguments
        Directory: a:\directory
        Filter: *.txt
        SettleTime: 00:00:00.5550000
        ScanForFileOnStart: True
        Recursive: False
        WatchType: Rename
}
11: Activity [1.35] "CreateConfiguration1" is Closed
{
    Arguments
        Directory: a:\directory
        Filter: *.txt
        Result: iCore.Workflow.Activities.Filesystem.FileSystemListenerConfiguration
        SettleTime: 00:00:00.5550000
        ScanForFileOnStart: True
        Recursive: False
        WatchType: Rename
}
12: Activity [1.8] "MainSequence1" scheduled child activity [1.30] "StartFileSystemListener1"
13: Activity [1.30] "StartFileSystemListener1" is Executing
{
    Arguments
        Configuration: iCore.Workflow.Activities.Filesystem.FileSystemListenerConfiguration
}
14: CustomTrackingRecord [1.30] "iCPSTraceTrackingRecord"
15: Activity [1.30] "StartFileSystemListener1" is Closed
{
    Arguments
        Result: 00000000-0000-0000-0000-000000000000
        Configuration: iCore.Workflow.Activities.Filesystem.FileSystemListenerConfiguration
}
16: Activity [1.8] "MainSequence1" scheduled child activity [1.9] "GetNextFile1"
17: Activity [1.9] "GetNextFile1" is Executing
{
    Arguments
        ErrorOnTimeout: False
        SubscriptionId: 00000000-0000-0000-0000-000000000000
        Timeout: 00:00:00
        Rename: False
        MoveFileToDirectory: a:\nother\directory
        IsImplicitlyCancellable: True
}
18: Activity [1.9] "GetNextFile1" scheduled child activity [1.9.1] "Sequence"
19: Activity [1.9.1] "Sequence" is Executing
{
    Variables
        _5ef1bf98_84fe_487c_bb8a_8079780ebfc1_116: 0
}
20: Activity [1.9.1] "Sequence" scheduled child activity [1.9.26] "GetNextFile1"
21: Activity [1.9.26] "GetNextFile1" is Executing
{
    Arguments
        ErrorOnTimeout: False
        SubscriptionId: 00000000-0000-0000-0000-000000000000
        Timeout: 00:00:00
        IsImplicitlyCancellable: True
}
22: CustomTrackingRecord [1.9.26] "iCPSTraceTrackingRecord"
23: WorkflowInstance "FilesystemListenerActivity" is Idle</StdOut>
      </Output>
    </UnitTestResult>
    <UnitTestResult executionId="dda0a61b-e4ef-4bef-a73b-c54d378d86cc" testId="efed4b52-7838-9f73-3151-a66056d77a0f" testName="Invoke_ExamineActivityOrder_OpenConnectionIsBeforeGetNextFile" computerName="ICSWS068" duration="00:00:00.0055591" startTime="2016-08-04T09:58:42.0568203+02:00" endTime="2016-08-04T09:58:42.0638254+02:00" testType="13cdc9d9-ddb5-4fa4-a97d-d965ccfc6d4b" outcome="Passed" testListId="8c84fa94-04c1-424b-9868-57a2d4851a1d" relativeResultsDirectory="dda0a61b-e4ef-4bef-a73b-c54d378d86cc">
      <Output>
        <StdOut>Debug Trace:
0: WorkflowInstance "FilesystemListenerActivity" is Started
1: Activity [null] "null" scheduled child activity [1] "FilesystemListenerActivity"
2: Activity [1] "FilesystemListenerActivity" is Executing
{
    Arguments
        Directory: a:\directory
        ErrorOnTimeout: False
        Timeout: 00:00:00
        Filter: *.txt
        Rename: False
        SettleTime: 00:00:00.5550000
        ScanForFileOnStart: True
        MoveFileToDirectory: a:\nother\directory
        IsImplicitlyCancellable: True
        Recursive: False
        WatchType: Rename
}
3: Activity [1] "FilesystemListenerActivity" scheduled child activity [1.1] "TryCatch1"
4: Activity [1.1] "TryCatch1" is Executing
{
    Variables
        connection: 00000000-0000-0000-0000-000000000000
}
5: Activity [1.1] "TryCatch1" scheduled child activity [1.4] "TryCatch2"
6: Activity [1.4] "TryCatch2" is Executing
7: Activity [1.4] "TryCatch2" scheduled child activity [1.8] "MainSequence1"
8: Activity [1.8] "MainSequence1" is Executing
{
    Variables
        configuration: iCore.Workflow.Activities.Filesystem.FileSystemListenerConfiguration
}
9: Activity [1.8] "MainSequence1" scheduled child activity [1.35] "CreateConfiguration1"
10: Activity [1.35] "CreateConfiguration1" is Executing
{
    Arguments
        Directory: a:\directory
        Filter: *.txt
        SettleTime: 00:00:00.5550000
        ScanForFileOnStart: True
        Recursive: False
        WatchType: Rename
}
11: Activity [1.35] "CreateConfiguration1" is Closed
{
    Arguments
        Directory: a:\directory
        Filter: *.txt
        Result: iCore.Workflow.Activities.Filesystem.FileSystemListenerConfiguration
        SettleTime: 00:00:00.5550000
        ScanForFileOnStart: True
        Recursive: False
        WatchType: Rename
}
12: Activity [1.8] "MainSequence1" scheduled child activity [1.30] "StartFileSystemListener1"
13: Activity [1.30] "StartFileSystemListener1" is Executing
{
    Arguments
        Configuration: iCore.Workflow.Activities.Filesystem.FileSystemListenerConfiguration
}
14: CustomTrackingRecord [1.30] "iCPSTraceTrackingRecord"
15: Activity [1.30] "StartFileSystemListener1" is Closed
{
    Arguments
        Result: 00000000-0000-0000-0000-000000000000
        Configuration: iCore.Workflow.Activities.Filesystem.FileSystemListenerConfiguration
}
16: Activity [1.8] "MainSequence1" scheduled child activity [1.9] "GetNextFile1"
17: Activity [1.9] "GetNextFile1" is Executing
{
    Arguments
        ErrorOnTimeout: False
        SubscriptionId: 00000000-0000-0000-0000-000000000000
        Timeout: 00:00:00
        Rename: False
        MoveFileToDirectory: a:\nother\directory
        IsImplicitlyCancellable: True
}
18: Activity [1.9] "GetNextFile1" scheduled child activity [1.9.1] "Sequence"
19: Activity [1.9.1] "Sequence" is Executing
{
    Variables
        _5ef1bf98_84fe_487c_bb8a_8079780ebfc1_117: 0
}
20: Activity [1.9.1] "Sequence" scheduled child activity [1.9.26] "GetNextFile1"
21: Activity [1.9.26] "GetNextFile1" is Executing
{
    Arguments
        ErrorOnTimeout: False
        SubscriptionId: 00000000-0000-0000-0000-000000000000
        Timeout: 00:00:00
        IsImplicitlyCancellable: True
}
22: CustomTrackingRecord [1.9.26] "iCPSTraceTrackingRecord"
23: WorkflowInstance "FilesystemListenerActivity" is Idle</StdOut>
      </Output>
    </UnitTestResult>
    <UnitTestResult executionId="e720140f-b73c-40dc-b535-5836148f9b9f" testId="e8b062b5-89dc-6155-c4e2-35be70d0ebae" testName="Invoke_ExamineActivityOrder_GetNextFileIsBeforeCloseConnection" computerName="ICSWS068" duration="00:00:00.0075529" startTime="2016-08-04T09:58:42.0668280+02:00" endTime="2016-08-04T09:58:42.0753338+02:00" testType="13cdc9d9-ddb5-4fa4-a97d-d965ccfc6d4b" outcome="Passed" testListId="8c84fa94-04c1-424b-9868-57a2d4851a1d" relativeResultsDirectory="e720140f-b73c-40dc-b535-5836148f9b9f">
      <Output>
        <StdOut>Debug Trace:
0: WorkflowInstance "FilesystemListenerActivity" is Started
1: Activity [null] "null" scheduled child activity [1] "FilesystemListenerActivity"
2: Activity [1] "FilesystemListenerActivity" is Executing
{
    Arguments
        Directory: a:\directory
        ErrorOnTimeout: False
        Timeout: 00:00:00
        Filter: *.txt
        Rename: False
        SettleTime: 00:00:00.5550000
        ScanForFileOnStart: True
        MoveFileToDirectory: 
        IsImplicitlyCancellable: True
        Recursive: False
        WatchType: Rename
}
3: Activity [1] "FilesystemListenerActivity" scheduled child activity [1.1] "TryCatch1"
4: Activity [1.1] "TryCatch1" is Executing
{
    Variables
        connection: 00000000-0000-0000-0000-000000000000
}
5: Activity [1.1] "TryCatch1" scheduled child activity [1.4] "TryCatch2"
6: Activity [1.4] "TryCatch2" is Executing
7: Activity [1.4] "TryCatch2" scheduled child activity [1.8] "MainSequence1"
8: Activity [1.8] "MainSequence1" is Executing
{
    Variables
        configuration: iCore.Workflow.Activities.Filesystem.FileSystemListenerConfiguration
}
9: Activity [1.8] "MainSequence1" scheduled child activity [1.35] "CreateConfiguration1"
10: Activity [1.35] "CreateConfiguration1" is Executing
{
    Arguments
        Directory: a:\directory
        Filter: *.txt
        SettleTime: 00:00:00.5550000
        ScanForFileOnStart: True
        Recursive: False
        WatchType: Rename
}
11: Activity [1.35] "CreateConfiguration1" is Closed
{
    Arguments
        Directory: a:\directory
        Filter: *.txt
        Result: iCore.Workflow.Activities.Filesystem.FileSystemListenerConfiguration
        SettleTime: 00:00:00.5550000
        ScanForFileOnStart: True
        Recursive: False
        WatchType: Rename
}
12: Activity [1.8] "MainSequence1" scheduled child activity [1.30] "StartFileSystemListener1"
13: Activity [1.30] "StartFileSystemListener1" is Executing
{
    Arguments
        Configuration: iCore.Workflow.Activities.Filesystem.FileSystemListenerConfiguration
}
14: CustomTrackingRecord [1.30] "iCPSTraceTrackingRecord"
15: Activity [1.30] "StartFileSystemListener1" is Closed
{
    Arguments
        Result: 00000000-0000-0000-0000-000000000000
        Configuration: iCore.Workflow.Activities.Filesystem.FileSystemListenerConfiguration
}
16: Activity [1.8] "MainSequence1" scheduled child activity [1.9] "GetNextFile1"
17: Activity [1.9] "GetNextFile1" is Executing
{
    Arguments
        ErrorOnTimeout: False
        SubscriptionId: 00000000-0000-0000-0000-000000000000
        Timeout: 00:00:00
        Rename: False
        MoveFileToDirectory: 
        IsImplicitlyCancellable: True
}
18: Activity [1.9] "GetNextFile1" scheduled child activity [1.9.1] "Sequence"
19: Activity [1.9.1] "Sequence" is Executing
{
    Variables
        _5ef1bf98_84fe_487c_bb8a_8079780ebfc1_118: Rename
}
20: Activity [1.9.1] "Sequence" scheduled child activity [1.9.26] "GetNextFile1"
21: Activity [1.9.26] "GetNextFile1" is Executing
{
    Arguments
        ErrorOnTimeout: False
        SubscriptionId: 00000000-0000-0000-0000-000000000000
        Timeout: 00:00:00
        IsImplicitlyCancellable: True
}
22: CustomTrackingRecord [1.9.26] "iCPSTraceTrackingRecord"
23: WorkflowInstance "FilesystemListenerActivity" is Idle
24: Bookmark "2b5b1cc6-f1fc-4d6a-81ed-f3adad29f1ac" resumed with payload &lt;iCore.Workflow.Activities.Extensions.ItemSubscriptionEventArgs`1[iCore.Common.Utilities.FileSystemWatcher.FileSystemWatcherFileInfo]&gt; owner [1.9.26] "GetNextFile1"
25: CustomTrackingRecord [1.9.26] "iCPSTraceTrackingRecord"
26: Activity [1.9.26] "GetNextFile1" is Closed
{
    Arguments
        ErrorOnTimeout: False
        SubscriptionId: 00000000-0000-0000-0000-000000000000
        FileName: file.name
        Timeout: 00:00:00
        FileFullName: a:\direcotry\file.name
        IsImplicitlyCancellable: True
        WatchType: Rename
}
27: Activity [1.9.1] "Sequence" scheduled child activity [1.9.19] "AssignProcessingFileName1"
28: Activity [1.9.19] "AssignProcessingFileName1" is Executing
{
    Arguments
        Value: file.name
}
29: Activity [1.9.19] "AssignProcessingFileName1" is Closed
{
    Arguments
        Value: file.name
        To: file.name
}
30: Activity [1.9.1] "Sequence" scheduled child activity [1.9.11] "AssignProcessingFilePath1"
31: Activity [1.9.11] "AssignProcessingFilePath1" is Executing
{
    Arguments
        Value: a:\direcotry\file.name
}
32: Activity [1.9.11] "AssignProcessingFilePath1" is Closed
{
    Arguments
        Value: a:\direcotry\file.name
        To: a:\direcotry\file.name
}
33: Activity [1.9.1] "Sequence" scheduled child activity [1.9.2] "RenameFileCheck1"
34: Activity [1.9.2] "RenameFileCheck1" is Executing
{
    Arguments
        Condition: False
}
35: Activity [1.9.2] "RenameFileCheck1" is Closed
{
    Arguments
        Condition: False
}
36: Activity [1.9.1] "Sequence" is Closed
{
    Variables
        _5ef1bf98_84fe_487c_bb8a_8079780ebfc1_119: Rename
}
37: Activity [1.9] "GetNextFile1" is Closed
{
    Arguments
        ErrorOnTimeout: False
        SubscriptionId: 00000000-0000-0000-0000-000000000000
        Timeout: 00:00:00
        Rename: False
        OriginalFileName: file.name
        ProcessingFilePath: a:\direcotry\file.name
        MoveFileToDirectory: 
        IsImplicitlyCancellable: True
        ProcessingFileName: file.name
        OriginalFilePath: a:\direcotry\file.name
}
38: Activity [1.8] "MainSequence1" is Closed
{
    Variables
        configuration: iCore.Workflow.Activities.Filesystem.FileSystemListenerConfiguration
}
39: Activity [1.4] "TryCatch2" scheduled child activity [1.5] "CloseConnection1"
40: Activity [1.5] "CloseConnection1" is Executing
{
    Arguments
        SubscriptionId: 00000000-0000-0000-0000-000000000000
}
41: CustomTrackingRecord [1.5] "iCPSTraceTrackingRecord"
42: Activity [1.5] "CloseConnection1" is Closed
{
    Arguments
        SubscriptionId: 00000000-0000-0000-0000-000000000000
}
43: Activity [1.4] "TryCatch2" is Closed
44: Activity [1.1] "TryCatch1" is Closed
{
    Variables
        connection: 00000000-0000-0000-0000-000000000000
}
45: Activity [1] "FilesystemListenerActivity" is Closed
{
    Arguments
        Directory: a:\directory
        ErrorOnTimeout: False
        Timeout: 00:00:00
        Filter: *.txt
        Rename: False
        OriginalFileName: file.name
        SettleTime: 00:00:00.5550000
        ProcessingFilePath: a:\direcotry\file.name
        ScanForFileOnStart: True
        MoveFileToDirectory: 
        IsImplicitlyCancellable: True
        ProcessingFileName: file.name
        OriginalFilePath: a:\direcotry\file.name
        Recursive: False
        WatchType: Rename
}
46: WorkflowInstance "FilesystemListenerActivity" is Completed</StdOut>
      </Output>
    </UnitTestResult>
    <UnitTestResult executionId="245407ca-b683-45a6-ae7d-6c2198d843b1" testId="f17f70b6-0fee-83a9-6b73-2b86b7d3f45d" testName="Invoke_ExamineActivityOrderOnCancel_GetNextFileIsBeforeCloseConnection" computerName="ICSWS068" duration="00:00:00.0060690" startTime="2016-08-04T09:58:42.0783360+02:00" endTime="2016-08-04T09:58:42.0858412+02:00" testType="13cdc9d9-ddb5-4fa4-a97d-d965ccfc6d4b" outcome="Passed" testListId="8c84fa94-04c1-424b-9868-57a2d4851a1d" relativeResultsDirectory="245407ca-b683-45a6-ae7d-6c2198d843b1">
      <Output>
        <StdOut>Debug Trace:
0: WorkflowInstance "FilesystemListenerActivity" is Started
1: Activity [null] "null" scheduled child activity [1] "FilesystemListenerActivity"
2: Activity [1] "FilesystemListenerActivity" is Executing
{
    Arguments
        Directory: a:\directory
        ErrorOnTimeout: False
        Timeout: 00:00:00
        Filter: *.txt
        Rename: False
        SettleTime: 00:00:00.5550000
        ScanForFileOnStart: True
        MoveFileToDirectory: a:\nother\directory
        IsImplicitlyCancellable: True
        Recursive: False
        WatchType: Rename
}
3: Activity [1] "FilesystemListenerActivity" scheduled child activity [1.1] "TryCatch1"
4: Activity [1.1] "TryCatch1" is Executing
{
    Variables
        connection: 00000000-0000-0000-0000-000000000000
}
5: Activity [1.1] "TryCatch1" scheduled child activity [1.4] "TryCatch2"
6: Activity [1.4] "TryCatch2" is Executing
7: Activity [1.4] "TryCatch2" scheduled child activity [1.8] "MainSequence1"
8: Activity [1.8] "MainSequence1" is Executing
{
    Variables
        configuration: iCore.Workflow.Activities.Filesystem.FileSystemListenerConfiguration
}
9: Activity [1.8] "MainSequence1" scheduled child activity [1.35] "CreateConfiguration1"
10: Activity [1.35] "CreateConfiguration1" is Executing
{
    Arguments
        Directory: a:\directory
        Filter: *.txt
        SettleTime: 00:00:00.5550000
        ScanForFileOnStart: True
        Recursive: False
        WatchType: Rename
}
11: Activity [1.35] "CreateConfiguration1" is Closed
{
    Arguments
        Directory: a:\directory
        Filter: *.txt
        Result: iCore.Workflow.Activities.Filesystem.FileSystemListenerConfiguration
        SettleTime: 00:00:00.5550000
        ScanForFileOnStart: True
        Recursive: False
        WatchType: Rename
}
12: Activity [1.8] "MainSequence1" scheduled child activity [1.30] "StartFileSystemListener1"
13: Activity [1.30] "StartFileSystemListener1" is Executing
{
    Arguments
        Configuration: iCore.Workflow.Activities.Filesystem.FileSystemListenerConfiguration
}
14: CustomTrackingRecord [1.30] "iCPSTraceTrackingRecord"
15: Activity [1.30] "StartFileSystemListener1" is Closed
{
    Arguments
        Result: 00000000-0000-0000-0000-000000000000
        Configuration: iCore.Workflow.Activities.Filesystem.FileSystemListenerConfiguration
}
16: Activity [1.8] "MainSequence1" scheduled child activity [1.9] "GetNextFile1"
17: Activity [1.9] "GetNextFile1" is Executing
{
    Arguments
        ErrorOnTimeout: False
        SubscriptionId: 00000000-0000-0000-0000-000000000000
        Timeout: 00:00:00
        Rename: False
        MoveFileToDirectory: a:\nother\directory
        IsImplicitlyCancellable: True
}
18: Activity [1.9] "GetNextFile1" scheduled child activity [1.9.1] "Sequence"
19: Activity [1.9.1] "Sequence" is Executing
{
    Variables
        _5ef1bf98_84fe_487c_bb8a_8079780ebfc1_120: 0
}
20: Activity [1.9.1] "Sequence" scheduled child activity [1.9.26] "GetNextFile1"
21: Activity [1.9.26] "GetNextFile1" is Executing
{
    Arguments
        ErrorOnTimeout: False
        SubscriptionId: 00000000-0000-0000-0000-000000000000
        Timeout: 00:00:00
        IsImplicitlyCancellable: True
}
22: CustomTrackingRecord [1.9.26] "iCPSTraceTrackingRecord"
23: WorkflowInstance "FilesystemListenerActivity" is Idle
24: Host requests cancel of activity [1] "FilesystemListenerActivity"
25: Activity [1] "FilesystemListenerActivity" requests cancel of activity [1.1] "TryCatch1"
26: Activity [1.1] "TryCatch1" requests cancel of activity [1.4] "TryCatch2"
27: Activity [1.4] "TryCatch2" requests cancel of activity [1.8] "MainSequence1"
28: Activity [1.8] "MainSequence1" requests cancel of activity [1.9] "GetNextFile1"
29: Activity [1.9] "GetNextFile1" requests cancel of activity [1.9.1] "Sequence"
30: Activity [1.9.1] "Sequence" requests cancel of activity [1.9.26] "GetNextFile1"
31: CustomTrackingRecord [1.9.26] "iCPSTraceTrackingRecord"
32: Activity [1.9.26] "GetNextFile1" is Canceled
{
    Arguments
        ErrorOnTimeout: False
        SubscriptionId: 00000000-0000-0000-0000-000000000000
        FileName: 
        Timeout: 00:00:00
        FileFullName: 
        IsImplicitlyCancellable: True
        WatchType: 0
}
33: Activity [1.9.1] "Sequence" is Canceled
{
    Variables
        _5ef1bf98_84fe_487c_bb8a_8079780ebfc1_121: 0
}
34: Activity [1.9] "GetNextFile1" is Canceled
{
    Arguments
        ErrorOnTimeout: False
        SubscriptionId: 00000000-0000-0000-0000-000000000000
        Timeout: 00:00:00
        Rename: False
        OriginalFileName: 
        ProcessingFilePath: 
        MoveFileToDirectory: a:\nother\directory
        IsImplicitlyCancellable: True
        ProcessingFileName: 
        OriginalFilePath: 
}
35: Activity [1.8] "MainSequence1" is Canceled
{
    Variables
        configuration: iCore.Workflow.Activities.Filesystem.FileSystemListenerConfiguration
}
36: Activity [1.4] "TryCatch2" scheduled child activity [1.5] "CloseConnection1"
37: Activity [1.5] "CloseConnection1" is Executing
{
    Arguments
        SubscriptionId: 00000000-0000-0000-0000-000000000000
}
38: CustomTrackingRecord [1.5] "iCPSTraceTrackingRecord"
39: Activity [1.5] "CloseConnection1" is Closed
{
    Arguments
        SubscriptionId: 00000000-0000-0000-0000-000000000000
}
40: Activity [1.4] "TryCatch2" is Canceled
41: Activity [1.1] "TryCatch1" is Canceled
{
    Variables
        connection: 00000000-0000-0000-0000-000000000000
}
42: Activity [1] "FilesystemListenerActivity" is Canceled
{
    Arguments
        Directory: a:\directory
        ErrorOnTimeout: False
        Timeout: 00:00:00
        Filter: *.txt
        Rename: False
        OriginalFileName: 
        SettleTime: 00:00:00.5550000
        ProcessingFilePath: 
        ScanForFileOnStart: True
        MoveFileToDirectory: a:\nother\directory
        IsImplicitlyCancellable: True
        ProcessingFileName: 
        OriginalFilePath: 
        Recursive: False
        WatchType: Rename
}
43: WorkflowInstance "FilesystemListenerActivity" is Canceled</StdOut>
      </Output>
    </UnitTestResult>
    <UnitTestResult executionId="2f90c2f6-ed24-4b25-92f1-da971c9d3d47" testId="ce6dd691-2be2-6b7f-6cd3-9d180c377f27" testName="Invoke_ExecutionCanceled_ExecutesCloseConnectionActivityWithExpectedArgument" computerName="ICSWS068" duration="00:00:00.0068233" startTime="2016-08-04T09:58:42.0888438+02:00" endTime="2016-08-04T09:58:42.0968492+02:00" testType="13cdc9d9-ddb5-4fa4-a97d-d965ccfc6d4b" outcome="Passed" testListId="8c84fa94-04c1-424b-9868-57a2d4851a1d" relativeResultsDirectory="2f90c2f6-ed24-4b25-92f1-da971c9d3d47">
      <Output>
        <StdOut>Debug Trace:
0: WorkflowInstance "FilesystemListenerActivity" is Started
1: Activity [null] "null" scheduled child activity [1] "FilesystemListenerActivity"
2: Activity [1] "FilesystemListenerActivity" is Executing
{
    Arguments
        Directory: a:\directory
        ErrorOnTimeout: False
        Timeout: 00:00:00
        Filter: *.txt
        Rename: False
        SettleTime: 00:00:00.5550000
        ScanForFileOnStart: True
        MoveFileToDirectory: a:\nother\directory
        IsImplicitlyCancellable: True
        Recursive: False
        WatchType: Rename
}
3: Activity [1] "FilesystemListenerActivity" scheduled child activity [1.1] "TryCatch1"
4: Activity [1.1] "TryCatch1" is Executing
{
    Variables
        connection: 841b0aa3-ab3a-4798-9b94-f4de9e9e13e1
}
5: Activity [1.1] "TryCatch1" scheduled child activity [1.4] "TryCatch2"
6: Activity [1.4] "TryCatch2" is Executing
7: Activity [1.4] "TryCatch2" scheduled child activity [1.8] "MainSequence1"
8: Activity [1.8] "MainSequence1" is Executing
{
    Variables
        configuration: iCore.Workflow.Activities.Filesystem.FileSystemListenerConfiguration
}
9: Activity [1.8] "MainSequence1" scheduled child activity [1.35] "CreateConfiguration1"
10: Activity [1.35] "CreateConfiguration1" is Executing
{
    Arguments
        Directory: a:\directory
        Filter: *.txt
        SettleTime: 00:00:00.5550000
        ScanForFileOnStart: True
        Recursive: False
        WatchType: Rename
}
11: Activity [1.35] "CreateConfiguration1" is Closed
{
    Arguments
        Directory: a:\directory
        Filter: *.txt
        Result: iCore.Workflow.Activities.Filesystem.FileSystemListenerConfiguration
        SettleTime: 00:00:00.5550000
        ScanForFileOnStart: True
        Recursive: False
        WatchType: Rename
}
12: Activity [1.8] "MainSequence1" scheduled child activity [1.30] "StartFileSystemListener1"
13: Activity [1.30] "StartFileSystemListener1" is Executing
{
    Arguments
        Configuration: iCore.Workflow.Activities.Filesystem.FileSystemListenerConfiguration
}
14: CustomTrackingRecord [1.30] "iCPSTraceTrackingRecord"
15: Activity [1.30] "StartFileSystemListener1" is Closed
{
    Arguments
        Result: 841b0aa3-ab3a-4798-9b94-f4de9e9e13e1
        Configuration: iCore.Workflow.Activities.Filesystem.FileSystemListenerConfiguration
}
16: Activity [1.8] "MainSequence1" scheduled child activity [1.9] "GetNextFile1"
17: Activity [1.9] "GetNextFile1" is Executing
{
    Arguments
        ErrorOnTimeout: False
        SubscriptionId: 841b0aa3-ab3a-4798-9b94-f4de9e9e13e1
        Timeout: 00:00:00
        Rename: False
        MoveFileToDirectory: a:\nother\directory
        IsImplicitlyCancellable: True
}
18: Activity [1.9] "GetNextFile1" scheduled child activity [1.9.1] "Sequence"
19: Activity [1.9.1] "Sequence" is Executing
{
    Variables
        _5ef1bf98_84fe_487c_bb8a_8079780ebfc1_122: 0
}
20: Activity [1.9.1] "Sequence" scheduled child activity [1.9.26] "GetNextFile1"
21: Activity [1.9.26] "GetNextFile1" is Executing
{
    Arguments
        ErrorOnTimeout: False
        SubscriptionId: 841b0aa3-ab3a-4798-9b94-f4de9e9e13e1
        Timeout: 00:00:00
        IsImplicitlyCancellable: True
}
22: CustomTrackingRecord [1.9.26] "iCPSTraceTrackingRecord"
23: WorkflowInstance "FilesystemListenerActivity" is Idle
24: Host requests cancel of activity [1] "FilesystemListenerActivity"
25: Activity [1] "FilesystemListenerActivity" requests cancel of activity [1.1] "TryCatch1"
26: Activity [1.1] "TryCatch1" requests cancel of activity [1.4] "TryCatch2"
27: Activity [1.4] "TryCatch2" requests cancel of activity [1.8] "MainSequence1"
28: Activity [1.8] "MainSequence1" requests cancel of activity [1.9] "GetNextFile1"
29: Activity [1.9] "GetNextFile1" requests cancel of activity [1.9.1] "Sequence"
30: Activity [1.9.1] "Sequence" requests cancel of activity [1.9.26] "GetNextFile1"
31: CustomTrackingRecord [1.9.26] "iCPSTraceTrackingRecord"
32: Activity [1.9.26] "GetNextFile1" is Canceled
{
    Arguments
        ErrorOnTimeout: False
        SubscriptionId: 841b0aa3-ab3a-4798-9b94-f4de9e9e13e1
        FileName: 
        Timeout: 00:00:00
        FileFullName: 
        IsImplicitlyCancellable: True
        WatchType: 0
}
33: Activity [1.9.1] "Sequence" is Canceled
{
    Variables
        _5ef1bf98_84fe_487c_bb8a_8079780ebfc1_123: 0
}
34: Activity [1.9] "GetNextFile1" is Canceled
{
    Arguments
        ErrorOnTimeout: False
        SubscriptionId: 841b0aa3-ab3a-4798-9b94-f4de9e9e13e1
        Timeout: 00:00:00
        Rename: False
        OriginalFileName: 
        ProcessingFilePath: 
        MoveFileToDirectory: a:\nother\directory
        IsImplicitlyCancellable: True
        ProcessingFileName: 
        OriginalFilePath: 
}
35: Activity [1.8] "MainSequence1" is Canceled
{
    Variables
        configuration: iCore.Workflow.Activities.Filesystem.FileSystemListenerConfiguration
}
36: Activity [1.4] "TryCatch2" scheduled child activity [1.5] "CloseConnection1"
37: Activity [1.5] "CloseConnection1" is Executing
{
    Arguments
        SubscriptionId: 841b0aa3-ab3a-4798-9b94-f4de9e9e13e1
}
38: CustomTrackingRecord [1.5] "iCPSTraceTrackingRecord"
39: Activity [1.5] "CloseConnection1" is Closed
{
    Arguments
        SubscriptionId: 841b0aa3-ab3a-4798-9b94-f4de9e9e13e1
}
40: Activity [1.4] "TryCatch2" is Canceled
41: Activity [1.1] "TryCatch1" is Canceled
{
    Variables
        connection: 841b0aa3-ab3a-4798-9b94-f4de9e9e13e1
}
42: Activity [1] "FilesystemListenerActivity" is Canceled
{
    Arguments
        Directory: a:\directory
        ErrorOnTimeout: False
        Timeout: 00:00:00
        Filter: *.txt
        Rename: False
        OriginalFileName: 
        SettleTime: 00:00:00.5550000
        ProcessingFilePath: 
        ScanForFileOnStart: True
        MoveFileToDirectory: a:\nother\directory
        IsImplicitlyCancellable: True
        ProcessingFileName: 
        OriginalFilePath: 
        Recursive: False
        WatchType: Rename
}
43: WorkflowInstance "FilesystemListenerActivity" is Canceled</StdOut>
      </Output>
    </UnitTestResult>
    <UnitTestResult executionId="1950da5b-3286-4463-bfdc-c904624239ab" testId="186ab42f-c06e-c3d0-2b6a-4620cc809b51" testName="Invoke_ExecutionFails_ThrowsException" computerName="ICSWS068" duration="00:00:00.0111850" startTime="2016-08-04T09:58:42.0998521+02:00" endTime="2016-08-04T09:58:42.1121639+02:00" testType="13cdc9d9-ddb5-4fa4-a97d-d965ccfc6d4b" outcome="Passed" testListId="8c84fa94-04c1-424b-9868-57a2d4851a1d" relativeResultsDirectory="1950da5b-3286-4463-bfdc-c904624239ab">
      <Output>
        <StdOut>Debug Trace:
0: WorkflowInstance "FilesystemListenerActivity" is Started
1: Activity [null] "null" scheduled child activity [1] "FilesystemListenerActivity"
2: Activity [1] "FilesystemListenerActivity" is Executing
{
    Arguments
        Directory: a:\directory
        ErrorOnTimeout: False
        Timeout: 00:00:00
        Filter: *.txt
        Rename: False
        SettleTime: 00:00:00.5550000
        ScanForFileOnStart: True
        MoveFileToDirectory: a:\nother\directory
        IsImplicitlyCancellable: True
        Recursive: False
        WatchType: Rename
}
3: Activity [1] "FilesystemListenerActivity" scheduled child activity [1.1] "TryCatch1"
4: Activity [1.1] "TryCatch1" is Executing
{
    Variables
        connection: e707e170-f9c6-40c1-9a07-61d31d492df0
}
5: Activity [1.1] "TryCatch1" scheduled child activity [1.4] "TryCatch2"
6: Activity [1.4] "TryCatch2" is Executing
7: Activity [1.4] "TryCatch2" scheduled child activity [1.8] "MainSequence1"
8: Activity [1.8] "MainSequence1" is Executing
{
    Variables
        configuration: iCore.Workflow.Activities.Filesystem.FileSystemListenerConfiguration
}
9: Activity [1.8] "MainSequence1" scheduled child activity [1.35] "CreateConfiguration1"
10: Activity [1.35] "CreateConfiguration1" is Executing
{
    Arguments
        Directory: a:\directory
        Filter: *.txt
        SettleTime: 00:00:00.5550000
        ScanForFileOnStart: True
        Recursive: False
        WatchType: Rename
}
11: Activity [1.35] "CreateConfiguration1" is Closed
{
    Arguments
        Directory: a:\directory
        Filter: *.txt
        Result: iCore.Workflow.Activities.Filesystem.FileSystemListenerConfiguration
        SettleTime: 00:00:00.5550000
        ScanForFileOnStart: True
        Recursive: False
        WatchType: Rename
}
12: Activity [1.8] "MainSequence1" scheduled child activity [1.30] "StartFileSystemListener1"
13: Activity [1.30] "StartFileSystemListener1" is Executing
{
    Arguments
        Configuration: iCore.Workflow.Activities.Filesystem.FileSystemListenerConfiguration
}
14: CustomTrackingRecord [1.30] "iCPSTraceTrackingRecord"
15: Activity [1.30] "StartFileSystemListener1" is Closed
{
    Arguments
        Result: e707e170-f9c6-40c1-9a07-61d31d492df0
        Configuration: iCore.Workflow.Activities.Filesystem.FileSystemListenerConfiguration
}
16: Activity [1.8] "MainSequence1" scheduled child activity [1.9] "GetNextFile1"
17: Activity [1.9] "GetNextFile1" is Executing
{
    Arguments
        ErrorOnTimeout: False
        SubscriptionId: e707e170-f9c6-40c1-9a07-61d31d492df0
        Timeout: 00:00:00
        Rename: False
        MoveFileToDirectory: a:\nother\directory
        IsImplicitlyCancellable: True
}
18: Activity [1.9] "GetNextFile1" scheduled child activity [1.9.1] "Sequence"
19: Activity [1.9.1] "Sequence" is Executing
{
    Variables
        _5ef1bf98_84fe_487c_bb8a_8079780ebfc1_124: 0
}
20: Activity [1.9.1] "Sequence" scheduled child activity [1.9.26] "GetNextFile1"
21: Activity [1.9.26] "GetNextFile1" is Executing
{
    Arguments
        ErrorOnTimeout: False
        SubscriptionId: e707e170-f9c6-40c1-9a07-61d31d492df0
        Timeout: 00:00:00
        IsImplicitlyCancellable: True
}
22: CustomTrackingRecord [1.9.26] "iCPSTraceTrackingRecord"
23: WorkflowInstance "FilesystemListenerActivity" is Idle
24: Bookmark "17cda566-e1e3-4b88-a72a-e574bec68b6b" resumed with payload &lt;iCore.Workflow.Activities.Extensions.ItemSubscriptionEventArgs`1[iCore.Common.Utilities.FileSystemWatcher.FileSystemWatcherFileInfo]&gt; owner [1.9.26] "GetNextFile1"
25: CustomTrackingRecord [1.9.26] "iCPSTraceTrackingRecord"
26: Activity [1.9.26] "GetNextFile1" is Faulted
{
    Arguments
        ErrorOnTimeout: False
        SubscriptionId: e707e170-f9c6-40c1-9a07-61d31d492df0
        FileName: 
        Timeout: 00:00:00
        FileFullName: 
        IsImplicitlyCancellable: True
        WatchType: 0
}
27: Fault source [1.9.26] "GetNextFile1"
28: Fault source [1.9.26] "GetNextFile1"
29: Activity [1.1] "TryCatch1" requests cancel of activity [1.4] "TryCatch2"
30: Activity [1.4] "TryCatch2" requests cancel of activity [1.8] "MainSequence1"
31: Activity [1.8] "MainSequence1" requests cancel of activity [1.9] "GetNextFile1"
32: Activity [1.9] "GetNextFile1" requests cancel of activity [1.9.1] "Sequence"
33: Activity [1.9.1] "Sequence" is Canceled
{
    Variables
        _5ef1bf98_84fe_487c_bb8a_8079780ebfc1_125: 0
}
34: Activity [1.9] "GetNextFile1" is Canceled
{
    Arguments
        ErrorOnTimeout: False
        SubscriptionId: e707e170-f9c6-40c1-9a07-61d31d492df0
        Timeout: 00:00:00
        Rename: False
        OriginalFileName: 
        ProcessingFilePath: 
        MoveFileToDirectory: a:\nother\directory
        IsImplicitlyCancellable: True
        ProcessingFileName: 
        OriginalFilePath: 
}
35: Activity [1.8] "MainSequence1" is Canceled
{
    Variables
        configuration: iCore.Workflow.Activities.Filesystem.FileSystemListenerConfiguration
}
36: Activity [1.4] "TryCatch2" scheduled child activity [1.5] "CloseConnection1"
37: Activity [1.5] "CloseConnection1" is Executing
{
    Arguments
        SubscriptionId: e707e170-f9c6-40c1-9a07-61d31d492df0
}
38: CustomTrackingRecord [1.5] "iCPSTraceTrackingRecord"
39: Activity [1.5] "CloseConnection1" is Closed
{
    Arguments
        SubscriptionId: e707e170-f9c6-40c1-9a07-61d31d492df0
}
40: Activity [1.4] "TryCatch2" is Canceled
41: Activity [1.1] "TryCatch1" scheduled child activity [1.2] "Throw"
42: Activity [1.2] "Throw" is Executing
{
    Arguments
        Exception: Testing.Common.TestException: Test exception
   at System.Activities.Statements.Throw.Execute(CodeActivityContext context)
   at System.Activities.CodeActivity.InternalExecute(ActivityInstance instance, ActivityExecutor executor, BookmarkManager bookmarkManager)
   at System.Activities.ActivityInstance.Execute(ActivityExecutor executor, BookmarkManager bookmarkManager)
   at System.Activities.Runtime.ActivityExecutor.ExecuteActivityWorkItem.ExecuteBody(ActivityExecutor executor, BookmarkManager bookmarkManager, Location resultLocation)
}
43: Activity [1.2] "Throw" is Faulted
{
    Arguments
        Exception: Testing.Common.TestException: Test exception
   at System.Activities.Statements.Throw.Execute(CodeActivityContext context)
   at System.Activities.CodeActivity.InternalExecute(ActivityInstance instance, ActivityExecutor executor, BookmarkManager bookmarkManager)
   at System.Activities.ActivityInstance.Execute(ActivityExecutor executor, BookmarkManager bookmarkManager)
   at System.Activities.Runtime.ActivityExecutor.ExecuteActivityWorkItem.ExecuteBody(ActivityExecutor executor, BookmarkManager bookmarkManager, Location resultLocation)
}
44: Fault source [1.2] "Throw"
45: Fault source [1.2] "Throw"
46: WorkflowInstance "FilesystemListenerActivity" Unhandled Exception Source "Throw" Exception &lt;Testing.Common.TestException: Test exception
   at System.Activities.Statements.Throw.Execute(CodeActivityContext context)
   at System.Activities.CodeActivity.InternalExecute(ActivityInstance instance, ActivityExecutor executor, BookmarkManager bookmarkManager)
   at System.Activities.ActivityInstance.Execute(ActivityExecutor executor, BookmarkManager bookmarkManager)
   at System.Activities.Runtime.ActivityExecutor.ExecuteActivityWorkItem.ExecuteBody(ActivityExecutor executor, BookmarkManager bookmarkManager, Location resultLocation)&gt;
47: Activity [1.1] "TryCatch1" is Faulted
{
    Variables
        connection: e707e170-f9c6-40c1-9a07-61d31d492df0
}
48: Activity [1] "FilesystemListenerActivity" is Faulted
{
    Arguments
        Directory: a:\directory
        ErrorOnTimeout: False
        Timeout: 00:00:00
        Filter: *.txt
        Rename: False
        OriginalFileName: 
        SettleTime: 00:00:00.5550000
        ProcessingFilePath: 
        ScanForFileOnStart: True
        MoveFileToDirectory: a:\nother\directory
        IsImplicitlyCancellable: True
        ProcessingFileName: 
        OriginalFilePath: 
        Recursive: False
        WatchType: Rename
}
49: WorkflowInstance "FilesystemListenerActivity" Terminated Reason "Test exception"</StdOut>
      </Output>
    </UnitTestResult>
    <UnitTestResult executionId="d0f333f6-671c-42a1-9616-bdbe3bf4c143" testId="215bfee5-1f66-4e3a-6fbe-6ee6fdbfd2b6" testName="Invoke_ExecutionFails_ExecutesCloseConnectionActivityWithExpectedArgument" computerName="ICSWS068" duration="00:00:00.0077341" startTime="2016-08-04T09:58:42.1151826+02:00" endTime="2016-08-04T09:58:42.1246728+02:00" testType="13cdc9d9-ddb5-4fa4-a97d-d965ccfc6d4b" outcome="Passed" testListId="8c84fa94-04c1-424b-9868-57a2d4851a1d" relativeResultsDirectory="d0f333f6-671c-42a1-9616-bdbe3bf4c143">
      <Output>
        <StdOut>Debug Trace:
0: WorkflowInstance "FilesystemListenerActivity" is Started
1: Activity [null] "null" scheduled child activity [1] "FilesystemListenerActivity"
2: Activity [1] "FilesystemListenerActivity" is Executing
{
    Arguments
        Directory: a:\directory
        ErrorOnTimeout: False
        Timeout: 00:00:00
        Filter: *.txt
        Rename: False
        SettleTime: 00:00:00.5550000
        ScanForFileOnStart: True
        MoveFileToDirectory: a:\nother\directory
        IsImplicitlyCancellable: True
        Recursive: False
        WatchType: Rename
}
3: Activity [1] "FilesystemListenerActivity" scheduled child activity [1.1] "TryCatch1"
4: Activity [1.1] "TryCatch1" is Executing
{
    Variables
        connection: e78847a7-9f38-464b-9e36-0e10c88f3189
}
5: Activity [1.1] "TryCatch1" scheduled child activity [1.4] "TryCatch2"
6: Activity [1.4] "TryCatch2" is Executing
7: Activity [1.4] "TryCatch2" scheduled child activity [1.8] "MainSequence1"
8: Activity [1.8] "MainSequence1" is Executing
{
    Variables
        configuration: iCore.Workflow.Activities.Filesystem.FileSystemListenerConfiguration
}
9: Activity [1.8] "MainSequence1" scheduled child activity [1.35] "CreateConfiguration1"
10: Activity [1.35] "CreateConfiguration1" is Executing
{
    Arguments
        Directory: a:\directory
        Filter: *.txt
        SettleTime: 00:00:00.5550000
        ScanForFileOnStart: True
        Recursive: False
        WatchType: Rename
}
11: Activity [1.35] "CreateConfiguration1" is Closed
{
    Arguments
        Directory: a:\directory
        Filter: *.txt
        Result: iCore.Workflow.Activities.Filesystem.FileSystemListenerConfiguration
        SettleTime: 00:00:00.5550000
        ScanForFileOnStart: True
        Recursive: False
        WatchType: Rename
}
12: Activity [1.8] "MainSequence1" scheduled child activity [1.30] "StartFileSystemListener1"
13: Activity [1.30] "StartFileSystemListener1" is Executing
{
    Arguments
        Configuration: iCore.Workflow.Activities.Filesystem.FileSystemListenerConfiguration
}
14: CustomTrackingRecord [1.30] "iCPSTraceTrackingRecord"
15: Activity [1.30] "StartFileSystemListener1" is Closed
{
    Arguments
        Result: e78847a7-9f38-464b-9e36-0e10c88f3189
        Configuration: iCore.Workflow.Activities.Filesystem.FileSystemListenerConfiguration
}
16: Activity [1.8] "MainSequence1" scheduled child activity [1.9] "GetNextFile1"
17: Activity [1.9] "GetNextFile1" is Executing
{
    Arguments
        ErrorOnTimeout: False
        SubscriptionId: e78847a7-9f38-464b-9e36-0e10c88f3189
        Timeout: 00:00:00
        Rename: False
        MoveFileToDirectory: a:\nother\directory
        IsImplicitlyCancellable: True
}
18: Activity [1.9] "GetNextFile1" scheduled child activity [1.9.1] "Sequence"
19: Activity [1.9.1] "Sequence" is Executing
{
    Variables
        _5ef1bf98_84fe_487c_bb8a_8079780ebfc1_126: 0
}
20: Activity [1.9.1] "Sequence" scheduled child activity [1.9.26] "GetNextFile1"
21: Activity [1.9.26] "GetNextFile1" is Executing
{
    Arguments
        ErrorOnTimeout: False
        SubscriptionId: e78847a7-9f38-464b-9e36-0e10c88f3189
        Timeout: 00:00:00
        IsImplicitlyCancellable: True
}
22: CustomTrackingRecord [1.9.26] "iCPSTraceTrackingRecord"
23: WorkflowInstance "FilesystemListenerActivity" is Idle
24: Bookmark "47bcbcca-1523-4d4b-aa7d-2f7092437abf" resumed with payload &lt;iCore.Workflow.Activities.Extensions.ItemSubscriptionEventArgs`1[iCore.Common.Utilities.FileSystemWatcher.FileSystemWatcherFileInfo]&gt; owner [1.9.26] "GetNextFile1"
25: CustomTrackingRecord [1.9.26] "iCPSTraceTrackingRecord"
26: Activity [1.9.26] "GetNextFile1" is Faulted
{
    Arguments
        ErrorOnTimeout: False
        SubscriptionId: e78847a7-9f38-464b-9e36-0e10c88f3189
        FileName: 
        Timeout: 00:00:00
        FileFullName: 
        IsImplicitlyCancellable: True
        WatchType: 0
}
27: Fault source [1.9.26] "GetNextFile1"
28: Fault source [1.9.26] "GetNextFile1"
29: Activity [1.1] "TryCatch1" requests cancel of activity [1.4] "TryCatch2"
30: Activity [1.4] "TryCatch2" requests cancel of activity [1.8] "MainSequence1"
31: Activity [1.8] "MainSequence1" requests cancel of activity [1.9] "GetNextFile1"
32: Activity [1.9] "GetNextFile1" requests cancel of activity [1.9.1] "Sequence"
33: Activity [1.9.1] "Sequence" is Canceled
{
    Variables
        _5ef1bf98_84fe_487c_bb8a_8079780ebfc1_127: 0
}
34: Activity [1.9] "GetNextFile1" is Canceled
{
    Arguments
        ErrorOnTimeout: False
        SubscriptionId: e78847a7-9f38-464b-9e36-0e10c88f3189
        Timeout: 00:00:00
        Rename: False
        OriginalFileName: 
        ProcessingFilePath: 
        MoveFileToDirectory: a:\nother\directory
        IsImplicitlyCancellable: True
        ProcessingFileName: 
        OriginalFilePath: 
}
35: Activity [1.8] "MainSequence1" is Canceled
{
    Variables
        configuration: iCore.Workflow.Activities.Filesystem.FileSystemListenerConfiguration
}
36: Activity [1.4] "TryCatch2" scheduled child activity [1.5] "CloseConnection1"
37: Activity [1.5] "CloseConnection1" is Executing
{
    Arguments
        SubscriptionId: e78847a7-9f38-464b-9e36-0e10c88f3189
}
38: CustomTrackingRecord [1.5] "iCPSTraceTrackingRecord"
39: Activity [1.5] "CloseConnection1" is Closed
{
    Arguments
        SubscriptionId: e78847a7-9f38-464b-9e36-0e10c88f3189
}
40: Activity [1.4] "TryCatch2" is Canceled
41: Activity [1.1] "TryCatch1" scheduled child activity [1.2] "Throw"
42: Activity [1.2] "Throw" is Executing
{
    Arguments
        Exception: Testing.Common.TestException: Test exception
   at System.Activities.Statements.Throw.Execute(CodeActivityContext context)
   at System.Activities.CodeActivity.InternalExecute(ActivityInstance instance, ActivityExecutor executor, BookmarkManager bookmarkManager)
   at System.Activities.ActivityInstance.Execute(ActivityExecutor executor, BookmarkManager bookmarkManager)
   at System.Activities.Runtime.ActivityExecutor.ExecuteActivityWorkItem.ExecuteBody(ActivityExecutor executor, BookmarkManager bookmarkManager, Location resultLocation)
}
43: Activity [1.2] "Throw" is Faulted
{
    Arguments
        Exception: Testing.Common.TestException: Test exception
   at System.Activities.Statements.Throw.Execute(CodeActivityContext context)
   at System.Activities.CodeActivity.InternalExecute(ActivityInstance instance, ActivityExecutor executor, BookmarkManager bookmarkManager)
   at System.Activities.ActivityInstance.Execute(ActivityExecutor executor, BookmarkManager bookmarkManager)
   at System.Activities.Runtime.ActivityExecutor.ExecuteActivityWorkItem.ExecuteBody(ActivityExecutor executor, BookmarkManager bookmarkManager, Location resultLocation)
}
44: Fault source [1.2] "Throw"
45: Fault source [1.2] "Throw"
46: WorkflowInstance "FilesystemListenerActivity" Unhandled Exception Source "Throw" Exception &lt;Testing.Common.TestException: Test exception
   at System.Activities.Statements.Throw.Execute(CodeActivityContext context)
   at System.Activities.CodeActivity.InternalExecute(ActivityInstance instance, ActivityExecutor executor, BookmarkManager bookmarkManager)
   at System.Activities.ActivityInstance.Execute(ActivityExecutor executor, BookmarkManager bookmarkManager)
   at System.Activities.Runtime.ActivityExecutor.ExecuteActivityWorkItem.ExecuteBody(ActivityExecutor executor, BookmarkManager bookmarkManager, Location resultLocation)&gt;
47: WorkflowInstance Aborted [FilesystemListenerActivity] Reason "Test exception"</StdOut>
      </Output>
    </UnitTestResult>
    <UnitTestResult executionId="7024443a-1607-4f11-acc5-96b7a54297e2" testId="1ef7dd6d-490c-93b2-e482-6e60c6496aa7" testName="Invoke_NoMoveNoRename_ActivityBecomesIdle" computerName="ICSWS068" duration="00:00:00.0056359" startTime="2016-08-04T09:58:42.1276748+02:00" endTime="2016-08-04T09:58:42.1346846+02:00" testType="13cdc9d9-ddb5-4fa4-a97d-d965ccfc6d4b" outcome="Passed" testListId="8c84fa94-04c1-424b-9868-57a2d4851a1d" relativeResultsDirectory="7024443a-1607-4f11-acc5-96b7a54297e2">
      <Output>
        <StdOut>Debug Trace:
0: WorkflowInstance "FilesystemListenerActivity" is Started
1: Activity [null] "null" scheduled child activity [1] "FilesystemListenerActivity"
2: Activity [1] "FilesystemListenerActivity" is Executing
{
    Arguments
        Directory: a:\directory
        ErrorOnTimeout: False
        Timeout: 00:00:00
        Filter: *.txt
        Rename: False
        SettleTime: 00:00:00.5550000
        ScanForFileOnStart: True
        MoveFileToDirectory: 
        IsImplicitlyCancellable: True
        Recursive: False
        WatchType: Rename
}
3: Activity [1] "FilesystemListenerActivity" scheduled child activity [1.1] "TryCatch1"
4: Activity [1.1] "TryCatch1" is Executing
{
    Variables
        connection: 00000000-0000-0000-0000-000000000000
}
5: Activity [1.1] "TryCatch1" scheduled child activity [1.4] "TryCatch2"
6: Activity [1.4] "TryCatch2" is Executing
7: Activity [1.4] "TryCatch2" scheduled child activity [1.8] "MainSequence1"
8: Activity [1.8] "MainSequence1" is Executing
{
    Variables
        configuration: iCore.Workflow.Activities.Filesystem.FileSystemListenerConfiguration
}
9: Activity [1.8] "MainSequence1" scheduled child activity [1.35] "CreateConfiguration1"
10: Activity [1.35] "CreateConfiguration1" is Executing
{
    Arguments
        Directory: a:\directory
        Filter: *.txt
        SettleTime: 00:00:00.5550000
        ScanForFileOnStart: True
        Recursive: False
        WatchType: Rename
}
11: Activity [1.35] "CreateConfiguration1" is Closed
{
    Arguments
        Directory: a:\directory
        Filter: *.txt
        Result: iCore.Workflow.Activities.Filesystem.FileSystemListenerConfiguration
        SettleTime: 00:00:00.5550000
        ScanForFileOnStart: True
        Recursive: False
        WatchType: Rename
}
12: Activity [1.8] "MainSequence1" scheduled child activity [1.30] "StartFileSystemListener1"
13: Activity [1.30] "StartFileSystemListener1" is Executing
{
    Arguments
        Configuration: iCore.Workflow.Activities.Filesystem.FileSystemListenerConfiguration
}
14: CustomTrackingRecord [1.30] "iCPSTraceTrackingRecord"
15: Activity [1.30] "StartFileSystemListener1" is Closed
{
    Arguments
        Result: 00000000-0000-0000-0000-000000000000
        Configuration: iCore.Workflow.Activities.Filesystem.FileSystemListenerConfiguration
}
16: Activity [1.8] "MainSequence1" scheduled child activity [1.9] "GetNextFile1"
17: Activity [1.9] "GetNextFile1" is Executing
{
    Arguments
        ErrorOnTimeout: False
        SubscriptionId: 00000000-0000-0000-0000-000000000000
        Timeout: 00:00:00
        Rename: False
        MoveFileToDirectory: 
        IsImplicitlyCancellable: True
}
18: Activity [1.9] "GetNextFile1" scheduled child activity [1.9.1] "Sequence"
19: Activity [1.9.1] "Sequence" is Executing
{
    Variables
        _5ef1bf98_84fe_487c_bb8a_8079780ebfc1_128: 0
}
20: Activity [1.9.1] "Sequence" scheduled child activity [1.9.26] "GetNextFile1"
21: Activity [1.9.26] "GetNextFile1" is Executing
{
    Arguments
        ErrorOnTimeout: False
        SubscriptionId: 00000000-0000-0000-0000-000000000000
        Timeout: 00:00:00
        IsImplicitlyCancellable: True
}
22: CustomTrackingRecord [1.9.26] "iCPSTraceTrackingRecord"
23: WorkflowInstance "FilesystemListenerActivity" is Idle</StdOut>
      </Output>
    </UnitTestResult>
    <UnitTestResult executionId="620d839c-4f99-4454-b77f-a6817debdb4c" testId="f53da1ac-d92c-97cd-f175-7f5cf998a329" testName="Invoke_NoMoveNoRename_ActivityClosed" computerName="ICSWS068" duration="00:00:00.0079866" startTime="2016-08-04T09:58:42.1372028+02:00" endTime="2016-08-04T09:58:42.1466164+02:00" testType="13cdc9d9-ddb5-4fa4-a97d-d965ccfc6d4b" outcome="Passed" testListId="8c84fa94-04c1-424b-9868-57a2d4851a1d" relativeResultsDirectory="620d839c-4f99-4454-b77f-a6817debdb4c">
      <Output>
        <StdOut>Debug Trace:
0: WorkflowInstance "FilesystemListenerActivity" is Started
1: Activity [null] "null" scheduled child activity [1] "FilesystemListenerActivity"
2: Activity [1] "FilesystemListenerActivity" is Executing
{
    Arguments
        Directory: a:\directory
        ErrorOnTimeout: False
        Timeout: 00:00:00
        Filter: *.txt
        Rename: False
        SettleTime: 00:00:00.5550000
        ScanForFileOnStart: True
        MoveFileToDirectory: 
        IsImplicitlyCancellable: True
        Recursive: False
        WatchType: Rename
}
3: Activity [1] "FilesystemListenerActivity" scheduled child activity [1.1] "TryCatch1"
4: Activity [1.1] "TryCatch1" is Executing
{
    Variables
        connection: 00000000-0000-0000-0000-000000000000
}
5: Activity [1.1] "TryCatch1" scheduled child activity [1.4] "TryCatch2"
6: Activity [1.4] "TryCatch2" is Executing
7: Activity [1.4] "TryCatch2" scheduled child activity [1.8] "MainSequence1"
8: Activity [1.8] "MainSequence1" is Executing
{
    Variables
        configuration: iCore.Workflow.Activities.Filesystem.FileSystemListenerConfiguration
}
9: Activity [1.8] "MainSequence1" scheduled child activity [1.35] "CreateConfiguration1"
10: Activity [1.35] "CreateConfiguration1" is Executing
{
    Arguments
        Directory: a:\directory
        Filter: *.txt
        SettleTime: 00:00:00.5550000
        ScanForFileOnStart: True
        Recursive: False
        WatchType: Rename
}
11: Activity [1.35] "CreateConfiguration1" is Closed
{
    Arguments
        Directory: a:\directory
        Filter: *.txt
        Result: iCore.Workflow.Activities.Filesystem.FileSystemListenerConfiguration
        SettleTime: 00:00:00.5550000
        ScanForFileOnStart: True
        Recursive: False
        WatchType: Rename
}
12: Activity [1.8] "MainSequence1" scheduled child activity [1.30] "StartFileSystemListener1"
13: Activity [1.30] "StartFileSystemListener1" is Executing
{
    Arguments
        Configuration: iCore.Workflow.Activities.Filesystem.FileSystemListenerConfiguration
}
14: CustomTrackingRecord [1.30] "iCPSTraceTrackingRecord"
15: Activity [1.30] "StartFileSystemListener1" is Closed
{
    Arguments
        Result: 00000000-0000-0000-0000-000000000000
        Configuration: iCore.Workflow.Activities.Filesystem.FileSystemListenerConfiguration
}
16: Activity [1.8] "MainSequence1" scheduled child activity [1.9] "GetNextFile1"
17: Activity [1.9] "GetNextFile1" is Executing
{
    Arguments
        ErrorOnTimeout: False
        SubscriptionId: 00000000-0000-0000-0000-000000000000
        Timeout: 00:00:00
        Rename: False
        MoveFileToDirectory: 
        IsImplicitlyCancellable: True
}
18: Activity [1.9] "GetNextFile1" scheduled child activity [1.9.1] "Sequence"
19: Activity [1.9.1] "Sequence" is Executing
{
    Variables
        _5ef1bf98_84fe_487c_bb8a_8079780ebfc1_129: Rename
}
20: Activity [1.9.1] "Sequence" scheduled child activity [1.9.26] "GetNextFile1"
21: Activity [1.9.26] "GetNextFile1" is Executing
{
    Arguments
        ErrorOnTimeout: False
        SubscriptionId: 00000000-0000-0000-0000-000000000000
        Timeout: 00:00:00
        IsImplicitlyCancellable: True
}
22: CustomTrackingRecord [1.9.26] "iCPSTraceTrackingRecord"
23: WorkflowInstance "FilesystemListenerActivity" is Idle
24: Bookmark "6c9d3183-bc9f-4675-a119-c6ca17894328" resumed with payload &lt;iCore.Workflow.Activities.Extensions.ItemSubscriptionEventArgs`1[iCore.Common.Utilities.FileSystemWatcher.FileSystemWatcherFileInfo]&gt; owner [1.9.26] "GetNextFile1"
25: CustomTrackingRecord [1.9.26] "iCPSTraceTrackingRecord"
26: Activity [1.9.26] "GetNextFile1" is Closed
{
    Arguments
        ErrorOnTimeout: False
        SubscriptionId: 00000000-0000-0000-0000-000000000000
        FileName: file.name
        Timeout: 00:00:00
        FileFullName: a:\direcotry\file.name
        IsImplicitlyCancellable: True
        WatchType: Rename
}
27: Activity [1.9.1] "Sequence" scheduled child activity [1.9.19] "AssignProcessingFileName1"
28: Activity [1.9.19] "AssignProcessingFileName1" is Executing
{
    Arguments
        Value: file.name
}
29: Activity [1.9.19] "AssignProcessingFileName1" is Closed
{
    Arguments
        Value: file.name
        To: file.name
}
30: Activity [1.9.1] "Sequence" scheduled child activity [1.9.11] "AssignProcessingFilePath1"
31: Activity [1.9.11] "AssignProcessingFilePath1" is Executing
{
    Arguments
        Value: a:\direcotry\file.name
}
32: Activity [1.9.11] "AssignProcessingFilePath1" is Closed
{
    Arguments
        Value: a:\direcotry\file.name
        To: a:\direcotry\file.name
}
33: Activity [1.9.1] "Sequence" scheduled child activity [1.9.2] "RenameFileCheck1"
34: Activity [1.9.2] "RenameFileCheck1" is Executing
{
    Arguments
        Condition: False
}
35: Activity [1.9.2] "RenameFileCheck1" is Closed
{
    Arguments
        Condition: False
}
36: Activity [1.9.1] "Sequence" is Closed
{
    Variables
        _5ef1bf98_84fe_487c_bb8a_8079780ebfc1_130: Rename
}
37: Activity [1.9] "GetNextFile1" is Closed
{
    Arguments
        ErrorOnTimeout: False
        SubscriptionId: 00000000-0000-0000-0000-000000000000
        Timeout: 00:00:00
        Rename: False
        OriginalFileName: file.name
        ProcessingFilePath: a:\direcotry\file.name
        MoveFileToDirectory: 
        IsImplicitlyCancellable: True
        ProcessingFileName: file.name
        OriginalFilePath: a:\direcotry\file.name
}
38: Activity [1.8] "MainSequence1" is Closed
{
    Variables
        configuration: iCore.Workflow.Activities.Filesystem.FileSystemListenerConfiguration
}
39: Activity [1.4] "TryCatch2" scheduled child activity [1.5] "CloseConnection1"
40: Activity [1.5] "CloseConnection1" is Executing
{
    Arguments
        SubscriptionId: 00000000-0000-0000-0000-000000000000
}
41: CustomTrackingRecord [1.5] "iCPSTraceTrackingRecord"
42: Activity [1.5] "CloseConnection1" is Closed
{
    Arguments
        SubscriptionId: 00000000-0000-0000-0000-000000000000
}
43: Activity [1.4] "TryCatch2" is Closed
44: Activity [1.1] "TryCatch1" is Closed
{
    Variables
        connection: 00000000-0000-0000-0000-000000000000
}
45: Activity [1] "FilesystemListenerActivity" is Closed
{
    Arguments
        Directory: a:\directory
        ErrorOnTimeout: False
        Timeout: 00:00:00
        Filter: *.txt
        Rename: False
        OriginalFileName: file.name
        SettleTime: 00:00:00.5550000
        ProcessingFilePath: a:\direcotry\file.name
        ScanForFileOnStart: True
        MoveFileToDirectory: 
        IsImplicitlyCancellable: True
        ProcessingFileName: file.name
        OriginalFilePath: a:\direcotry\file.name
        Recursive: False
        WatchType: Rename
}
46: WorkflowInstance "FilesystemListenerActivity" is Completed</StdOut>
      </Output>
    </UnitTestResult>
    <UnitTestResult executionId="4ed72677-414f-4568-a6cc-9897a0dc1338" testId="0c5f7f93-ec3c-3a0b-f039-9319ceef4a56" testName="Invoke_NoRenameNoMove_OutArgumentOriginalFileNameIsExpected" computerName="ICSWS068" duration="00:00:00.0077050" startTime="2016-08-04T09:58:42.1491190+02:00" endTime="2016-08-04T09:58:42.1581007+02:00" testType="13cdc9d9-ddb5-4fa4-a97d-d965ccfc6d4b" outcome="Passed" testListId="8c84fa94-04c1-424b-9868-57a2d4851a1d" relativeResultsDirectory="4ed72677-414f-4568-a6cc-9897a0dc1338">
      <Output>
        <StdOut>Debug Trace:
0: WorkflowInstance "FilesystemListenerActivity" is Started
1: Activity [null] "null" scheduled child activity [1] "FilesystemListenerActivity"
2: Activity [1] "FilesystemListenerActivity" is Executing
{
    Arguments
        Directory: a:\directory
        ErrorOnTimeout: False
        Timeout: 00:00:00
        Filter: *.txt
        Rename: False
        SettleTime: 00:00:00.5550000
        ScanForFileOnStart: True
        MoveFileToDirectory: 
        IsImplicitlyCancellable: True
        Recursive: False
        WatchType: Rename
}
3: Activity [1] "FilesystemListenerActivity" scheduled child activity [1.1] "TryCatch1"
4: Activity [1.1] "TryCatch1" is Executing
{
    Variables
        connection: 00000000-0000-0000-0000-000000000000
}
5: Activity [1.1] "TryCatch1" scheduled child activity [1.4] "TryCatch2"
6: Activity [1.4] "TryCatch2" is Executing
7: Activity [1.4] "TryCatch2" scheduled child activity [1.8] "MainSequence1"
8: Activity [1.8] "MainSequence1" is Executing
{
    Variables
        configuration: iCore.Workflow.Activities.Filesystem.FileSystemListenerConfiguration
}
9: Activity [1.8] "MainSequence1" scheduled child activity [1.35] "CreateConfiguration1"
10: Activity [1.35] "CreateConfiguration1" is Executing
{
    Arguments
        Directory: a:\directory
        Filter: *.txt
        SettleTime: 00:00:00.5550000
        ScanForFileOnStart: True
        Recursive: False
        WatchType: Rename
}
11: Activity [1.35] "CreateConfiguration1" is Closed
{
    Arguments
        Directory: a:\directory
        Filter: *.txt
        Result: iCore.Workflow.Activities.Filesystem.FileSystemListenerConfiguration
        SettleTime: 00:00:00.5550000
        ScanForFileOnStart: True
        Recursive: False
        WatchType: Rename
}
12: Activity [1.8] "MainSequence1" scheduled child activity [1.30] "StartFileSystemListener1"
13: Activity [1.30] "StartFileSystemListener1" is Executing
{
    Arguments
        Configuration: iCore.Workflow.Activities.Filesystem.FileSystemListenerConfiguration
}
14: CustomTrackingRecord [1.30] "iCPSTraceTrackingRecord"
15: Activity [1.30] "StartFileSystemListener1" is Closed
{
    Arguments
        Result: 00000000-0000-0000-0000-000000000000
        Configuration: iCore.Workflow.Activities.Filesystem.FileSystemListenerConfiguration
}
16: Activity [1.8] "MainSequence1" scheduled child activity [1.9] "GetNextFile1"
17: Activity [1.9] "GetNextFile1" is Executing
{
    Arguments
        ErrorOnTimeout: False
        SubscriptionId: 00000000-0000-0000-0000-000000000000
        Timeout: 00:00:00
        Rename: False
        MoveFileToDirectory: 
        IsImplicitlyCancellable: True
}
18: Activity [1.9] "GetNextFile1" scheduled child activity [1.9.1] "Sequence"
19: Activity [1.9.1] "Sequence" is Executing
{
    Variables
        _5ef1bf98_84fe_487c_bb8a_8079780ebfc1_131: Rename
}
20: Activity [1.9.1] "Sequence" scheduled child activity [1.9.26] "GetNextFile1"
21: Activity [1.9.26] "GetNextFile1" is Executing
{
    Arguments
        ErrorOnTimeout: False
        SubscriptionId: 00000000-0000-0000-0000-000000000000
        Timeout: 00:00:00
        IsImplicitlyCancellable: True
}
22: CustomTrackingRecord [1.9.26] "iCPSTraceTrackingRecord"
23: WorkflowInstance "FilesystemListenerActivity" is Idle
24: Bookmark "9f3ea2a4-1157-4b58-97cd-39bb1b46806e" resumed with payload &lt;iCore.Workflow.Activities.Extensions.ItemSubscriptionEventArgs`1[iCore.Common.Utilities.FileSystemWatcher.FileSystemWatcherFileInfo]&gt; owner [1.9.26] "GetNextFile1"
25: CustomTrackingRecord [1.9.26] "iCPSTraceTrackingRecord"
26: Activity [1.9.26] "GetNextFile1" is Closed
{
    Arguments
        ErrorOnTimeout: False
        SubscriptionId: 00000000-0000-0000-0000-000000000000
        FileName: file.name
        Timeout: 00:00:00
        FileFullName: a:\directory\path\file.name
        IsImplicitlyCancellable: True
        WatchType: Rename
}
27: Activity [1.9.1] "Sequence" scheduled child activity [1.9.19] "AssignProcessingFileName1"
28: Activity [1.9.19] "AssignProcessingFileName1" is Executing
{
    Arguments
        Value: file.name
}
29: Activity [1.9.19] "AssignProcessingFileName1" is Closed
{
    Arguments
        Value: file.name
        To: file.name
}
30: Activity [1.9.1] "Sequence" scheduled child activity [1.9.11] "AssignProcessingFilePath1"
31: Activity [1.9.11] "AssignProcessingFilePath1" is Executing
{
    Arguments
        Value: a:\directory\path\file.name
}
32: Activity [1.9.11] "AssignProcessingFilePath1" is Closed
{
    Arguments
        Value: a:\directory\path\file.name
        To: a:\directory\path\file.name
}
33: Activity [1.9.1] "Sequence" scheduled child activity [1.9.2] "RenameFileCheck1"
34: Activity [1.9.2] "RenameFileCheck1" is Executing
{
    Arguments
        Condition: False
}
35: Activity [1.9.2] "RenameFileCheck1" is Closed
{
    Arguments
        Condition: False
}
36: Activity [1.9.1] "Sequence" is Closed
{
    Variables
        _5ef1bf98_84fe_487c_bb8a_8079780ebfc1_132: Rename
}
37: Activity [1.9] "GetNextFile1" is Closed
{
    Arguments
        ErrorOnTimeout: False
        SubscriptionId: 00000000-0000-0000-0000-000000000000
        Timeout: 00:00:00
        Rename: False
        OriginalFileName: file.name
        ProcessingFilePath: a:\directory\path\file.name
        MoveFileToDirectory: 
        IsImplicitlyCancellable: True
        ProcessingFileName: file.name
        OriginalFilePath: a:\directory\path\file.name
}
38: Activity [1.8] "MainSequence1" is Closed
{
    Variables
        configuration: iCore.Workflow.Activities.Filesystem.FileSystemListenerConfiguration
}
39: Activity [1.4] "TryCatch2" scheduled child activity [1.5] "CloseConnection1"
40: Activity [1.5] "CloseConnection1" is Executing
{
    Arguments
        SubscriptionId: 00000000-0000-0000-0000-000000000000
}
41: CustomTrackingRecord [1.5] "iCPSTraceTrackingRecord"
42: Activity [1.5] "CloseConnection1" is Closed
{
    Arguments
        SubscriptionId: 00000000-0000-0000-0000-000000000000
}
43: Activity [1.4] "TryCatch2" is Closed
44: Activity [1.1] "TryCatch1" is Closed
{
    Variables
        connection: 00000000-0000-0000-0000-000000000000
}
45: Activity [1] "FilesystemListenerActivity" is Closed
{
    Arguments
        Directory: a:\directory
        ErrorOnTimeout: False
        Timeout: 00:00:00
        Filter: *.txt
        Rename: False
        OriginalFileName: file.name
        SettleTime: 00:00:00.5550000
        ProcessingFilePath: a:\directory\path\file.name
        ScanForFileOnStart: True
        MoveFileToDirectory: 
        IsImplicitlyCancellable: True
        ProcessingFileName: file.name
        OriginalFilePath: a:\directory\path\file.name
        Recursive: False
        WatchType: Rename
}
46: WorkflowInstance "FilesystemListenerActivity" is Completed</StdOut>
      </Output>
    </UnitTestResult>
    <UnitTestResult executionId="e35f7e2a-69b5-4231-a5ff-4bb801f74fae" testId="1dbe994c-7596-6ec0-1eb1-d378bbc25453" testName="Invoke_NoRenameNoMove_OutArgumentOriginalFilePathIsExpected" computerName="ICSWS068" duration="00:00:00.0075892" startTime="2016-08-04T09:58:42.1611030+02:00" endTime="2016-08-04T09:58:42.1700119+02:00" testType="13cdc9d9-ddb5-4fa4-a97d-d965ccfc6d4b" outcome="Passed" testListId="8c84fa94-04c1-424b-9868-57a2d4851a1d" relativeResultsDirectory="e35f7e2a-69b5-4231-a5ff-4bb801f74fae">
      <Output>
        <StdOut>Debug Trace:
0: WorkflowInstance "FilesystemListenerActivity" is Started
1: Activity [null] "null" scheduled child activity [1] "FilesystemListenerActivity"
2: Activity [1] "FilesystemListenerActivity" is Executing
{
    Arguments
        Directory: a:\directory
        ErrorOnTimeout: False
        Timeout: 00:00:00
        Filter: *.txt
        Rename: False
        SettleTime: 00:00:00.5550000
        ScanForFileOnStart: True
        MoveFileToDirectory: 
        IsImplicitlyCancellable: True
        Recursive: False
        WatchType: Rename
}
3: Activity [1] "FilesystemListenerActivity" scheduled child activity [1.1] "TryCatch1"
4: Activity [1.1] "TryCatch1" is Executing
{
    Variables
        connection: 00000000-0000-0000-0000-000000000000
}
5: Activity [1.1] "TryCatch1" scheduled child activity [1.4] "TryCatch2"
6: Activity [1.4] "TryCatch2" is Executing
7: Activity [1.4] "TryCatch2" scheduled child activity [1.8] "MainSequence1"
8: Activity [1.8] "MainSequence1" is Executing
{
    Variables
        configuration: iCore.Workflow.Activities.Filesystem.FileSystemListenerConfiguration
}
9: Activity [1.8] "MainSequence1" scheduled child activity [1.35] "CreateConfiguration1"
10: Activity [1.35] "CreateConfiguration1" is Executing
{
    Arguments
        Directory: a:\directory
        Filter: *.txt
        SettleTime: 00:00:00.5550000
        ScanForFileOnStart: True
        Recursive: False
        WatchType: Rename
}
11: Activity [1.35] "CreateConfiguration1" is Closed
{
    Arguments
        Directory: a:\directory
        Filter: *.txt
        Result: iCore.Workflow.Activities.Filesystem.FileSystemListenerConfiguration
        SettleTime: 00:00:00.5550000
        ScanForFileOnStart: True
        Recursive: False
        WatchType: Rename
}
12: Activity [1.8] "MainSequence1" scheduled child activity [1.30] "StartFileSystemListener1"
13: Activity [1.30] "StartFileSystemListener1" is Executing
{
    Arguments
        Configuration: iCore.Workflow.Activities.Filesystem.FileSystemListenerConfiguration
}
14: CustomTrackingRecord [1.30] "iCPSTraceTrackingRecord"
15: Activity [1.30] "StartFileSystemListener1" is Closed
{
    Arguments
        Result: 00000000-0000-0000-0000-000000000000
        Configuration: iCore.Workflow.Activities.Filesystem.FileSystemListenerConfiguration
}
16: Activity [1.8] "MainSequence1" scheduled child activity [1.9] "GetNextFile1"
17: Activity [1.9] "GetNextFile1" is Executing
{
    Arguments
        ErrorOnTimeout: False
        SubscriptionId: 00000000-0000-0000-0000-000000000000
        Timeout: 00:00:00
        Rename: False
        MoveFileToDirectory: 
        IsImplicitlyCancellable: True
}
18: Activity [1.9] "GetNextFile1" scheduled child activity [1.9.1] "Sequence"
19: Activity [1.9.1] "Sequence" is Executing
{
    Variables
        _5ef1bf98_84fe_487c_bb8a_8079780ebfc1_133: Rename
}
20: Activity [1.9.1] "Sequence" scheduled child activity [1.9.26] "GetNextFile1"
21: Activity [1.9.26] "GetNextFile1" is Executing
{
    Arguments
        ErrorOnTimeout: False
        SubscriptionId: 00000000-0000-0000-0000-000000000000
        Timeout: 00:00:00
        IsImplicitlyCancellable: True
}
22: CustomTrackingRecord [1.9.26] "iCPSTraceTrackingRecord"
23: WorkflowInstance "FilesystemListenerActivity" is Idle
24: Bookmark "fbe35ee9-abbb-45b1-8fab-8b497b683823" resumed with payload &lt;iCore.Workflow.Activities.Extensions.ItemSubscriptionEventArgs`1[iCore.Common.Utilities.FileSystemWatcher.FileSystemWatcherFileInfo]&gt; owner [1.9.26] "GetNextFile1"
25: CustomTrackingRecord [1.9.26] "iCPSTraceTrackingRecord"
26: Activity [1.9.26] "GetNextFile1" is Closed
{
    Arguments
        ErrorOnTimeout: False
        SubscriptionId: 00000000-0000-0000-0000-000000000000
        FileName: file.name
        Timeout: 00:00:00
        FileFullName: a:\directory\path\file.name
        IsImplicitlyCancellable: True
        WatchType: Rename
}
27: Activity [1.9.1] "Sequence" scheduled child activity [1.9.19] "AssignProcessingFileName1"
28: Activity [1.9.19] "AssignProcessingFileName1" is Executing
{
    Arguments
        Value: file.name
}
29: Activity [1.9.19] "AssignProcessingFileName1" is Closed
{
    Arguments
        Value: file.name
        To: file.name
}
30: Activity [1.9.1] "Sequence" scheduled child activity [1.9.11] "AssignProcessingFilePath1"
31: Activity [1.9.11] "AssignProcessingFilePath1" is Executing
{
    Arguments
        Value: a:\directory\path\file.name
}
32: Activity [1.9.11] "AssignProcessingFilePath1" is Closed
{
    Arguments
        Value: a:\directory\path\file.name
        To: a:\directory\path\file.name
}
33: Activity [1.9.1] "Sequence" scheduled child activity [1.9.2] "RenameFileCheck1"
34: Activity [1.9.2] "RenameFileCheck1" is Executing
{
    Arguments
        Condition: False
}
35: Activity [1.9.2] "RenameFileCheck1" is Closed
{
    Arguments
        Condition: False
}
36: Activity [1.9.1] "Sequence" is Closed
{
    Variables
        _5ef1bf98_84fe_487c_bb8a_8079780ebfc1_134: Rename
}
37: Activity [1.9] "GetNextFile1" is Closed
{
    Arguments
        ErrorOnTimeout: False
        SubscriptionId: 00000000-0000-0000-0000-000000000000
        Timeout: 00:00:00
        Rename: False
        OriginalFileName: file.name
        ProcessingFilePath: a:\directory\path\file.name
        MoveFileToDirectory: 
        IsImplicitlyCancellable: True
        ProcessingFileName: file.name
        OriginalFilePath: a:\directory\path\file.name
}
38: Activity [1.8] "MainSequence1" is Closed
{
    Variables
        configuration: iCore.Workflow.Activities.Filesystem.FileSystemListenerConfiguration
}
39: Activity [1.4] "TryCatch2" scheduled child activity [1.5] "CloseConnection1"
40: Activity [1.5] "CloseConnection1" is Executing
{
    Arguments
        SubscriptionId: 00000000-0000-0000-0000-000000000000
}
41: CustomTrackingRecord [1.5] "iCPSTraceTrackingRecord"
42: Activity [1.5] "CloseConnection1" is Closed
{
    Arguments
        SubscriptionId: 00000000-0000-0000-0000-000000000000
}
43: Activity [1.4] "TryCatch2" is Closed
44: Activity [1.1] "TryCatch1" is Closed
{
    Variables
        connection: 00000000-0000-0000-0000-000000000000
}
45: Activity [1] "FilesystemListenerActivity" is Closed
{
    Arguments
        Directory: a:\directory
        ErrorOnTimeout: False
        Timeout: 00:00:00
        Filter: *.txt
        Rename: False
        OriginalFileName: file.name
        SettleTime: 00:00:00.5550000
        ProcessingFilePath: a:\directory\path\file.name
        ScanForFileOnStart: True
        MoveFileToDirectory: 
        IsImplicitlyCancellable: True
        ProcessingFileName: file.name
        OriginalFilePath: a:\directory\path\file.name
        Recursive: False
        WatchType: Rename
}
46: WorkflowInstance "FilesystemListenerActivity" is Completed</StdOut>
      </Output>
    </UnitTestResult>
    <UnitTestResult executionId="504260c3-4a0a-4d20-9268-472b432394a0" testId="4e02a5cc-1abd-117a-cdd2-da8542efa67b" testName="Invoke_NoRenameNoMove_OutArgumentProcessingFileNameIsExpected" computerName="ICSWS068" duration="00:00:00.0075904" startTime="2016-08-04T09:58:42.1725174+02:00" endTime="2016-08-04T09:58:42.1815226+02:00" testType="13cdc9d9-ddb5-4fa4-a97d-d965ccfc6d4b" outcome="Passed" testListId="8c84fa94-04c1-424b-9868-57a2d4851a1d" relativeResultsDirectory="504260c3-4a0a-4d20-9268-472b432394a0">
      <Output>
        <StdOut>Debug Trace:
0: WorkflowInstance "FilesystemListenerActivity" is Started
1: Activity [null] "null" scheduled child activity [1] "FilesystemListenerActivity"
2: Activity [1] "FilesystemListenerActivity" is Executing
{
    Arguments
        Directory: a:\directory
        ErrorOnTimeout: False
        Timeout: 00:00:00
        Filter: *.txt
        Rename: False
        SettleTime: 00:00:00.5550000
        ScanForFileOnStart: True
        MoveFileToDirectory: 
        IsImplicitlyCancellable: True
        Recursive: False
        WatchType: Rename
}
3: Activity [1] "FilesystemListenerActivity" scheduled child activity [1.1] "TryCatch1"
4: Activity [1.1] "TryCatch1" is Executing
{
    Variables
        connection: 00000000-0000-0000-0000-000000000000
}
5: Activity [1.1] "TryCatch1" scheduled child activity [1.4] "TryCatch2"
6: Activity [1.4] "TryCatch2" is Executing
7: Activity [1.4] "TryCatch2" scheduled child activity [1.8] "MainSequence1"
8: Activity [1.8] "MainSequence1" is Executing
{
    Variables
        configuration: iCore.Workflow.Activities.Filesystem.FileSystemListenerConfiguration
}
9: Activity [1.8] "MainSequence1" scheduled child activity [1.35] "CreateConfiguration1"
10: Activity [1.35] "CreateConfiguration1" is Executing
{
    Arguments
        Directory: a:\directory
        Filter: *.txt
        SettleTime: 00:00:00.5550000
        ScanForFileOnStart: True
        Recursive: False
        WatchType: Rename
}
11: Activity [1.35] "CreateConfiguration1" is Closed
{
    Arguments
        Directory: a:\directory
        Filter: *.txt
        Result: iCore.Workflow.Activities.Filesystem.FileSystemListenerConfiguration
        SettleTime: 00:00:00.5550000
        ScanForFileOnStart: True
        Recursive: False
        WatchType: Rename
}
12: Activity [1.8] "MainSequence1" scheduled child activity [1.30] "StartFileSystemListener1"
13: Activity [1.30] "StartFileSystemListener1" is Executing
{
    Arguments
        Configuration: iCore.Workflow.Activities.Filesystem.FileSystemListenerConfiguration
}
14: CustomTrackingRecord [1.30] "iCPSTraceTrackingRecord"
15: Activity [1.30] "StartFileSystemListener1" is Closed
{
    Arguments
        Result: 00000000-0000-0000-0000-000000000000
        Configuration: iCore.Workflow.Activities.Filesystem.FileSystemListenerConfiguration
}
16: Activity [1.8] "MainSequence1" scheduled child activity [1.9] "GetNextFile1"
17: Activity [1.9] "GetNextFile1" is Executing
{
    Arguments
        ErrorOnTimeout: False
        SubscriptionId: 00000000-0000-0000-0000-000000000000
        Timeout: 00:00:00
        Rename: False
        MoveFileToDirectory: 
        IsImplicitlyCancellable: True
}
18: Activity [1.9] "GetNextFile1" scheduled child activity [1.9.1] "Sequence"
19: Activity [1.9.1] "Sequence" is Executing
{
    Variables
        _5ef1bf98_84fe_487c_bb8a_8079780ebfc1_135: Rename
}
20: Activity [1.9.1] "Sequence" scheduled child activity [1.9.26] "GetNextFile1"
21: Activity [1.9.26] "GetNextFile1" is Executing
{
    Arguments
        ErrorOnTimeout: False
        SubscriptionId: 00000000-0000-0000-0000-000000000000
        Timeout: 00:00:00
        IsImplicitlyCancellable: True
}
22: CustomTrackingRecord [1.9.26] "iCPSTraceTrackingRecord"
23: WorkflowInstance "FilesystemListenerActivity" is Idle
24: Bookmark "7144642a-40e7-4378-bb46-b93cb7f191a7" resumed with payload &lt;iCore.Workflow.Activities.Extensions.ItemSubscriptionEventArgs`1[iCore.Common.Utilities.FileSystemWatcher.FileSystemWatcherFileInfo]&gt; owner [1.9.26] "GetNextFile1"
25: CustomTrackingRecord [1.9.26] "iCPSTraceTrackingRecord"
26: Activity [1.9.26] "GetNextFile1" is Closed
{
    Arguments
        ErrorOnTimeout: False
        SubscriptionId: 00000000-0000-0000-0000-000000000000
        FileName: file.name
        Timeout: 00:00:00
        FileFullName: a:\directory\path\file.name
        IsImplicitlyCancellable: True
        WatchType: Rename
}
27: Activity [1.9.1] "Sequence" scheduled child activity [1.9.19] "AssignProcessingFileName1"
28: Activity [1.9.19] "AssignProcessingFileName1" is Executing
{
    Arguments
        Value: file.name
}
29: Activity [1.9.19] "AssignProcessingFileName1" is Closed
{
    Arguments
        Value: file.name
        To: file.name
}
30: Activity [1.9.1] "Sequence" scheduled child activity [1.9.11] "AssignProcessingFilePath1"
31: Activity [1.9.11] "AssignProcessingFilePath1" is Executing
{
    Arguments
        Value: a:\directory\path\file.name
}
32: Activity [1.9.11] "AssignProcessingFilePath1" is Closed
{
    Arguments
        Value: a:\directory\path\file.name
        To: a:\directory\path\file.name
}
33: Activity [1.9.1] "Sequence" scheduled child activity [1.9.2] "RenameFileCheck1"
34: Activity [1.9.2] "RenameFileCheck1" is Executing
{
    Arguments
        Condition: False
}
35: Activity [1.9.2] "RenameFileCheck1" is Closed
{
    Arguments
        Condition: False
}
36: Activity [1.9.1] "Sequence" is Closed
{
    Variables
        _5ef1bf98_84fe_487c_bb8a_8079780ebfc1_136: Rename
}
37: Activity [1.9] "GetNextFile1" is Closed
{
    Arguments
        ErrorOnTimeout: False
        SubscriptionId: 00000000-0000-0000-0000-000000000000
        Timeout: 00:00:00
        Rename: False
        OriginalFileName: file.name
        ProcessingFilePath: a:\directory\path\file.name
        MoveFileToDirectory: 
        IsImplicitlyCancellable: True
        ProcessingFileName: file.name
        OriginalFilePath: a:\directory\path\file.name
}
38: Activity [1.8] "MainSequence1" is Closed
{
    Variables
        configuration: iCore.Workflow.Activities.Filesystem.FileSystemListenerConfiguration
}
39: Activity [1.4] "TryCatch2" scheduled child activity [1.5] "CloseConnection1"
40: Activity [1.5] "CloseConnection1" is Executing
{
    Arguments
        SubscriptionId: 00000000-0000-0000-0000-000000000000
}
41: CustomTrackingRecord [1.5] "iCPSTraceTrackingRecord"
42: Activity [1.5] "CloseConnection1" is Closed
{
    Arguments
        SubscriptionId: 00000000-0000-0000-0000-000000000000
}
43: Activity [1.4] "TryCatch2" is Closed
44: Activity [1.1] "TryCatch1" is Closed
{
    Variables
        connection: 00000000-0000-0000-0000-000000000000
}
45: Activity [1] "FilesystemListenerActivity" is Closed
{
    Arguments
        Directory: a:\directory
        ErrorOnTimeout: False
        Timeout: 00:00:00
        Filter: *.txt
        Rename: False
        OriginalFileName: file.name
        SettleTime: 00:00:00.5550000
        ProcessingFilePath: a:\directory\path\file.name
        ScanForFileOnStart: True
        MoveFileToDirectory: 
        IsImplicitlyCancellable: True
        ProcessingFileName: file.name
        OriginalFilePath: a:\directory\path\file.name
        Recursive: False
        WatchType: Rename
}
46: WorkflowInstance "FilesystemListenerActivity" is Completed</StdOut>
      </Output>
    </UnitTestResult>
    <UnitTestResult executionId="4b82ad32-0747-40a5-9f00-dc350505aca9" testId="4eac9088-c539-ea8e-a671-e58f0bce3ac2" testName="Invoke_NoRenameNoMove_OutArgumentProcessingFilePathIsExpected" computerName="ICSWS068" duration="00:00:00.0071646" startTime="2016-08-04T09:58:42.1845249+02:00" endTime="2016-08-04T09:58:42.1930567+02:00" testType="13cdc9d9-ddb5-4fa4-a97d-d965ccfc6d4b" outcome="Passed" testListId="8c84fa94-04c1-424b-9868-57a2d4851a1d" relativeResultsDirectory="4b82ad32-0747-40a5-9f00-dc350505aca9">
      <Output>
        <StdOut>Debug Trace:
0: WorkflowInstance "FilesystemListenerActivity" is Started
1: Activity [null] "null" scheduled child activity [1] "FilesystemListenerActivity"
2: Activity [1] "FilesystemListenerActivity" is Executing
{
    Arguments
        Directory: a:\directory
        ErrorOnTimeout: False
        Timeout: 00:00:00
        Filter: *.txt
        Rename: False
        SettleTime: 00:00:00.5550000
        ScanForFileOnStart: True
        MoveFileToDirectory: 
        IsImplicitlyCancellable: True
        Recursive: False
        WatchType: Rename
}
3: Activity [1] "FilesystemListenerActivity" scheduled child activity [1.1] "TryCatch1"
4: Activity [1.1] "TryCatch1" is Executing
{
    Variables
        connection: 00000000-0000-0000-0000-000000000000
}
5: Activity [1.1] "TryCatch1" scheduled child activity [1.4] "TryCatch2"
6: Activity [1.4] "TryCatch2" is Executing
7: Activity [1.4] "TryCatch2" scheduled child activity [1.8] "MainSequence1"
8: Activity [1.8] "MainSequence1" is Executing
{
    Variables
        configuration: iCore.Workflow.Activities.Filesystem.FileSystemListenerConfiguration
}
9: Activity [1.8] "MainSequence1" scheduled child activity [1.35] "CreateConfiguration1"
10: Activity [1.35] "CreateConfiguration1" is Executing
{
    Arguments
        Directory: a:\directory
        Filter: *.txt
        SettleTime: 00:00:00.5550000
        ScanForFileOnStart: True
        Recursive: False
        WatchType: Rename
}
11: Activity [1.35] "CreateConfiguration1" is Closed
{
    Arguments
        Directory: a:\directory
        Filter: *.txt
        Result: iCore.Workflow.Activities.Filesystem.FileSystemListenerConfiguration
        SettleTime: 00:00:00.5550000
        ScanForFileOnStart: True
        Recursive: False
        WatchType: Rename
}
12: Activity [1.8] "MainSequence1" scheduled child activity [1.30] "StartFileSystemListener1"
13: Activity [1.30] "StartFileSystemListener1" is Executing
{
    Arguments
        Configuration: iCore.Workflow.Activities.Filesystem.FileSystemListenerConfiguration
}
14: CustomTrackingRecord [1.30] "iCPSTraceTrackingRecord"
15: Activity [1.30] "StartFileSystemListener1" is Closed
{
    Arguments
        Result: 00000000-0000-0000-0000-000000000000
        Configuration: iCore.Workflow.Activities.Filesystem.FileSystemListenerConfiguration
}
16: Activity [1.8] "MainSequence1" scheduled child activity [1.9] "GetNextFile1"
17: Activity [1.9] "GetNextFile1" is Executing
{
    Arguments
        ErrorOnTimeout: False
        SubscriptionId: 00000000-0000-0000-0000-000000000000
        Timeout: 00:00:00
        Rename: False
        MoveFileToDirectory: 
        IsImplicitlyCancellable: True
}
18: Activity [1.9] "GetNextFile1" scheduled child activity [1.9.1] "Sequence"
19: Activity [1.9.1] "Sequence" is Executing
{
    Variables
        _5ef1bf98_84fe_487c_bb8a_8079780ebfc1_137: Rename
}
20: Activity [1.9.1] "Sequence" scheduled child activity [1.9.26] "GetNextFile1"
21: Activity [1.9.26] "GetNextFile1" is Executing
{
    Arguments
        ErrorOnTimeout: False
        SubscriptionId: 00000000-0000-0000-0000-000000000000
        Timeout: 00:00:00
        IsImplicitlyCancellable: True
}
22: CustomTrackingRecord [1.9.26] "iCPSTraceTrackingRecord"
23: WorkflowInstance "FilesystemListenerActivity" is Idle
24: Bookmark "1fa31364-4af1-4330-be6c-d5653d08982f" resumed with payload &lt;iCore.Workflow.Activities.Extensions.ItemSubscriptionEventArgs`1[iCore.Common.Utilities.FileSystemWatcher.FileSystemWatcherFileInfo]&gt; owner [1.9.26] "GetNextFile1"
25: CustomTrackingRecord [1.9.26] "iCPSTraceTrackingRecord"
26: Activity [1.9.26] "GetNextFile1" is Closed
{
    Arguments
        ErrorOnTimeout: False
        SubscriptionId: 00000000-0000-0000-0000-000000000000
        FileName: file.name
        Timeout: 00:00:00
        FileFullName: a:\directory\path\file.name
        IsImplicitlyCancellable: True
        WatchType: Rename
}
27: Activity [1.9.1] "Sequence" scheduled child activity [1.9.19] "AssignProcessingFileName1"
28: Activity [1.9.19] "AssignProcessingFileName1" is Executing
{
    Arguments
        Value: file.name
}
29: Activity [1.9.19] "AssignProcessingFileName1" is Closed
{
    Arguments
        Value: file.name
        To: file.name
}
30: Activity [1.9.1] "Sequence" scheduled child activity [1.9.11] "AssignProcessingFilePath1"
31: Activity [1.9.11] "AssignProcessingFilePath1" is Executing
{
    Arguments
        Value: a:\directory\path\file.name
}
32: Activity [1.9.11] "AssignProcessingFilePath1" is Closed
{
    Arguments
        Value: a:\directory\path\file.name
        To: a:\directory\path\file.name
}
33: Activity [1.9.1] "Sequence" scheduled child activity [1.9.2] "RenameFileCheck1"
34: Activity [1.9.2] "RenameFileCheck1" is Executing
{
    Arguments
        Condition: False
}
35: Activity [1.9.2] "RenameFileCheck1" is Closed
{
    Arguments
        Condition: False
}
36: Activity [1.9.1] "Sequence" is Closed
{
    Variables
        _5ef1bf98_84fe_487c_bb8a_8079780ebfc1_138: Rename
}
37: Activity [1.9] "GetNextFile1" is Closed
{
    Arguments
        ErrorOnTimeout: False
        SubscriptionId: 00000000-0000-0000-0000-000000000000
        Timeout: 00:00:00
        Rename: False
        OriginalFileName: file.name
        ProcessingFilePath: a:\directory\path\file.name
        MoveFileToDirectory: 
        IsImplicitlyCancellable: True
        ProcessingFileName: file.name
        OriginalFilePath: a:\directory\path\file.name
}
38: Activity [1.8] "MainSequence1" is Closed
{
    Variables
        configuration: iCore.Workflow.Activities.Filesystem.FileSystemListenerConfiguration
}
39: Activity [1.4] "TryCatch2" scheduled child activity [1.5] "CloseConnection1"
40: Activity [1.5] "CloseConnection1" is Executing
{
    Arguments
        SubscriptionId: 00000000-0000-0000-0000-000000000000
}
41: CustomTrackingRecord [1.5] "iCPSTraceTrackingRecord"
42: Activity [1.5] "CloseConnection1" is Closed
{
    Arguments
        SubscriptionId: 00000000-0000-0000-0000-000000000000
}
43: Activity [1.4] "TryCatch2" is Closed
44: Activity [1.1] "TryCatch1" is Closed
{
    Variables
        connection: 00000000-0000-0000-0000-000000000000
}
45: Activity [1] "FilesystemListenerActivity" is Closed
{
    Arguments
        Directory: a:\directory
        ErrorOnTimeout: False
        Timeout: 00:00:00
        Filter: *.txt
        Rename: False
        OriginalFileName: file.name
        SettleTime: 00:00:00.5550000
        ProcessingFilePath: a:\directory\path\file.name
        ScanForFileOnStart: True
        MoveFileToDirectory: 
        IsImplicitlyCancellable: True
        ProcessingFileName: file.name
        OriginalFilePath: a:\directory\path\file.name
        Recursive: False
        WatchType: Rename
}
46: WorkflowInstance "FilesystemListenerActivity" is Completed</StdOut>
      </Output>
    </UnitTestResult>
    <UnitTestResult executionId="acd044e5-cbd7-4fa9-8349-0a87f74aadb5" testId="05d2487d-2b2b-484f-86b2-4eabcbc973d7" testName="Invoke_RenameNoMove_OutArgumentOriginalFileNameIsExpected" computerName="ICSWS068" duration="00:00:00.0096939" startTime="2016-08-04T09:58:42.1955516+02:00" endTime="2016-08-04T09:58:42.2066752+02:00" testType="13cdc9d9-ddb5-4fa4-a97d-d965ccfc6d4b" outcome="Passed" testListId="8c84fa94-04c1-424b-9868-57a2d4851a1d" relativeResultsDirectory="acd044e5-cbd7-4fa9-8349-0a87f74aadb5">
      <Output>
        <StdOut>Debug Trace:
0: WorkflowInstance "FilesystemListenerActivity" is Started
1: Activity [null] "null" scheduled child activity [1] "FilesystemListenerActivity"
2: Activity [1] "FilesystemListenerActivity" is Executing
{
    Arguments
        Directory: a:\directory
        ErrorOnTimeout: False
        Timeout: 00:00:00
        Filter: *.txt
        Rename: True
        SettleTime: 00:00:00.5550000
        ScanForFileOnStart: True
        MoveFileToDirectory: 
        IsImplicitlyCancellable: True
        Recursive: False
        WatchType: Rename
}
3: Activity [1] "FilesystemListenerActivity" scheduled child activity [1.1] "TryCatch1"
4: Activity [1.1] "TryCatch1" is Executing
{
    Variables
        connection: 00000000-0000-0000-0000-000000000000
}
5: Activity [1.1] "TryCatch1" scheduled child activity [1.4] "TryCatch2"
6: Activity [1.4] "TryCatch2" is Executing
7: Activity [1.4] "TryCatch2" scheduled child activity [1.8] "MainSequence1"
8: Activity [1.8] "MainSequence1" is Executing
{
    Variables
        configuration: iCore.Workflow.Activities.Filesystem.FileSystemListenerConfiguration
}
9: Activity [1.8] "MainSequence1" scheduled child activity [1.35] "CreateConfiguration1"
10: Activity [1.35] "CreateConfiguration1" is Executing
{
    Arguments
        Directory: a:\directory
        Filter: *.txt
        SettleTime: 00:00:00.5550000
        ScanForFileOnStart: True
        Recursive: False
        WatchType: Rename
}
11: Activity [1.35] "CreateConfiguration1" is Closed
{
    Arguments
        Directory: a:\directory
        Filter: *.txt
        Result: iCore.Workflow.Activities.Filesystem.FileSystemListenerConfiguration
        SettleTime: 00:00:00.5550000
        ScanForFileOnStart: True
        Recursive: False
        WatchType: Rename
}
12: Activity [1.8] "MainSequence1" scheduled child activity [1.30] "StartFileSystemListener1"
13: Activity [1.30] "StartFileSystemListener1" is Executing
{
    Arguments
        Configuration: iCore.Workflow.Activities.Filesystem.FileSystemListenerConfiguration
}
14: CustomTrackingRecord [1.30] "iCPSTraceTrackingRecord"
15: Activity [1.30] "StartFileSystemListener1" is Closed
{
    Arguments
        Result: 00000000-0000-0000-0000-000000000000
        Configuration: iCore.Workflow.Activities.Filesystem.FileSystemListenerConfiguration
}
16: Activity [1.8] "MainSequence1" scheduled child activity [1.9] "GetNextFile1"
17: Activity [1.9] "GetNextFile1" is Executing
{
    Arguments
        ErrorOnTimeout: False
        SubscriptionId: 00000000-0000-0000-0000-000000000000
        Timeout: 00:00:00
        Rename: True
        MoveFileToDirectory: 
        IsImplicitlyCancellable: True
}
18: Activity [1.9] "GetNextFile1" scheduled child activity [1.9.1] "Sequence"
19: Activity [1.9.1] "Sequence" is Executing
{
    Variables
        _5ef1bf98_84fe_487c_bb8a_8079780ebfc1_139: Rename
}
20: Activity [1.9.1] "Sequence" scheduled child activity [1.9.26] "GetNextFile1"
21: Activity [1.9.26] "GetNextFile1" is Executing
{
    Arguments
        ErrorOnTimeout: False
        SubscriptionId: 00000000-0000-0000-0000-000000000000
        Timeout: 00:00:00
        IsImplicitlyCancellable: True
}
22: CustomTrackingRecord [1.9.26] "iCPSTraceTrackingRecord"
23: WorkflowInstance "FilesystemListenerActivity" is Idle
24: Bookmark "0ebba0e4-d050-4185-87fa-3b4fc902382c" resumed with payload &lt;iCore.Workflow.Activities.Extensions.ItemSubscriptionEventArgs`1[iCore.Common.Utilities.FileSystemWatcher.FileSystemWatcherFileInfo]&gt; owner [1.9.26] "GetNextFile1"
25: CustomTrackingRecord [1.9.26] "iCPSTraceTrackingRecord"
26: Activity [1.9.26] "GetNextFile1" is Closed
{
    Arguments
        ErrorOnTimeout: False
        SubscriptionId: 00000000-0000-0000-0000-000000000000
        FileName: file.name
        Timeout: 00:00:00
        FileFullName: a:\directory\path\file.name
        IsImplicitlyCancellable: True
        WatchType: Rename
}
27: Activity [1.9.1] "Sequence" scheduled child activity [1.9.19] "AssignProcessingFileName1"
28: Activity [1.9.19] "AssignProcessingFileName1" is Executing
{
    Arguments
        Value: file.name_temp
}
29: Activity [1.9.19] "AssignProcessingFileName1" is Closed
{
    Arguments
        Value: file.name_temp
        To: file.name_temp
}
30: Activity [1.9.1] "Sequence" scheduled child activity [1.9.11] "AssignProcessingFilePath1"
31: Activity [1.9.11] "AssignProcessingFilePath1" is Executing
{
    Arguments
        Value: a:\directory\path\file.name_temp
}
32: Activity [1.9.11] "AssignProcessingFilePath1" is Closed
{
    Arguments
        Value: a:\directory\path\file.name_temp
        To: a:\directory\path\file.name_temp
}
33: Activity [1.9.1] "Sequence" scheduled child activity [1.9.2] "RenameFileCheck1"
34: Activity [1.9.2] "RenameFileCheck1" is Executing
{
    Arguments
        Condition: True
}
35: Activity [1.9.2] "RenameFileCheck1" scheduled child activity [1.9.6] "RenameFile1"
36: Activity [1.9.6] "RenameFile1" is Executing
{
    Arguments
        NewFilename: a:\directory\path\file.name_temp
        OldFilename: a:\directory\path\file.name
}
37: WorkflowInstance "FilesystemListenerActivity" is Idle
38: Activity [1.9.6] "RenameFile1" is Closed
{
    Arguments
        NewFilename: a:\directory\path\file.name_temp
        OldFilename: a:\directory\path\file.name
}
39: Activity [1.9.2] "RenameFileCheck1" is Closed
{
    Arguments
        Condition: True
}
40: Activity [1.9.1] "Sequence" is Closed
{
    Variables
        _5ef1bf98_84fe_487c_bb8a_8079780ebfc1_140: Rename
}
41: Activity [1.9] "GetNextFile1" is Closed
{
    Arguments
        ErrorOnTimeout: False
        SubscriptionId: 00000000-0000-0000-0000-000000000000
        Timeout: 00:00:00
        Rename: True
        OriginalFileName: file.name
        ProcessingFilePath: a:\directory\path\file.name_temp
        MoveFileToDirectory: 
        IsImplicitlyCancellable: True
        ProcessingFileName: file.name_temp
        OriginalFilePath: a:\directory\path\file.name
}
42: Activity [1.8] "MainSequence1" is Closed
{
    Variables
        configuration: iCore.Workflow.Activities.Filesystem.FileSystemListenerConfiguration
}
43: Activity [1.4] "TryCatch2" scheduled child activity [1.5] "CloseConnection1"
44: Activity [1.5] "CloseConnection1" is Executing
{
    Arguments
        SubscriptionId: 00000000-0000-0000-0000-000000000000
}
45: CustomTrackingRecord [1.5] "iCPSTraceTrackingRecord"
46: Activity [1.5] "CloseConnection1" is Closed
{
    Arguments
        SubscriptionId: 00000000-0000-0000-0000-000000000000
}
47: Activity [1.4] "TryCatch2" is Closed
48: Activity [1.1] "TryCatch1" is Closed
{
    Variables
        connection: 00000000-0000-0000-0000-000000000000
}
49: Activity [1] "FilesystemListenerActivity" is Closed
{
    Arguments
        Directory: a:\directory
        ErrorOnTimeout: False
        Timeout: 00:00:00
        Filter: *.txt
        Rename: True
        OriginalFileName: file.name
        SettleTime: 00:00:00.5550000
        ProcessingFilePath: a:\directory\path\file.name_temp
        ScanForFileOnStart: True
        MoveFileToDirectory: 
        IsImplicitlyCancellable: True
        ProcessingFileName: file.name_temp
        OriginalFilePath: a:\directory\path\file.name
        Recursive: False
        WatchType: Rename
}
50: WorkflowInstance "FilesystemListenerActivity" is Completed</StdOut>
      </Output>
    </UnitTestResult>
    <UnitTestResult executionId="bb8c9b66-8d22-46cd-8e7e-c592e6c9921a" testId="ceba2161-f005-5b31-f67f-41104b8b9d22" testName="Invoke_RenameNoMove_OutArgumentOriginalFilePathIsExpected" computerName="ICSWS068" duration="00:00:00.0101581" startTime="2016-08-04T09:58:42.2096599+02:00" endTime="2016-08-04T09:58:42.2206688+02:00" testType="13cdc9d9-ddb5-4fa4-a97d-d965ccfc6d4b" outcome="Passed" testListId="8c84fa94-04c1-424b-9868-57a2d4851a1d" relativeResultsDirectory="bb8c9b66-8d22-46cd-8e7e-c592e6c9921a">
      <Output>
        <StdOut>Debug Trace:
0: WorkflowInstance "FilesystemListenerActivity" is Started
1: Activity [null] "null" scheduled child activity [1] "FilesystemListenerActivity"
2: Activity [1] "FilesystemListenerActivity" is Executing
{
    Arguments
        Directory: a:\directory
        ErrorOnTimeout: False
        Timeout: 00:00:00
        Filter: *.txt
        Rename: True
        SettleTime: 00:00:00.5550000
        ScanForFileOnStart: True
        MoveFileToDirectory: 
        IsImplicitlyCancellable: True
        Recursive: False
        WatchType: Rename
}
3: Activity [1] "FilesystemListenerActivity" scheduled child activity [1.1] "TryCatch1"
4: Activity [1.1] "TryCatch1" is Executing
{
    Variables
        connection: 00000000-0000-0000-0000-000000000000
}
5: Activity [1.1] "TryCatch1" scheduled child activity [1.4] "TryCatch2"
6: Activity [1.4] "TryCatch2" is Executing
7: Activity [1.4] "TryCatch2" scheduled child activity [1.8] "MainSequence1"
8: Activity [1.8] "MainSequence1" is Executing
{
    Variables
        configuration: iCore.Workflow.Activities.Filesystem.FileSystemListenerConfiguration
}
9: Activity [1.8] "MainSequence1" scheduled child activity [1.35] "CreateConfiguration1"
10: Activity [1.35] "CreateConfiguration1" is Executing
{
    Arguments
        Directory: a:\directory
        Filter: *.txt
        SettleTime: 00:00:00.5550000
        ScanForFileOnStart: True
        Recursive: False
        WatchType: Rename
}
11: Activity [1.35] "CreateConfiguration1" is Closed
{
    Arguments
        Directory: a:\directory
        Filter: *.txt
        Result: iCore.Workflow.Activities.Filesystem.FileSystemListenerConfiguration
        SettleTime: 00:00:00.5550000
        ScanForFileOnStart: True
        Recursive: False
        WatchType: Rename
}
12: Activity [1.8] "MainSequence1" scheduled child activity [1.30] "StartFileSystemListener1"
13: Activity [1.30] "StartFileSystemListener1" is Executing
{
    Arguments
        Configuration: iCore.Workflow.Activities.Filesystem.FileSystemListenerConfiguration
}
14: CustomTrackingRecord [1.30] "iCPSTraceTrackingRecord"
15: Activity [1.30] "StartFileSystemListener1" is Closed
{
    Arguments
        Result: 00000000-0000-0000-0000-000000000000
        Configuration: iCore.Workflow.Activities.Filesystem.FileSystemListenerConfiguration
}
16: Activity [1.8] "MainSequence1" scheduled child activity [1.9] "GetNextFile1"
17: Activity [1.9] "GetNextFile1" is Executing
{
    Arguments
        ErrorOnTimeout: False
        SubscriptionId: 00000000-0000-0000-0000-000000000000
        Timeout: 00:00:00
        Rename: True
        MoveFileToDirectory: 
        IsImplicitlyCancellable: True
}
18: Activity [1.9] "GetNextFile1" scheduled child activity [1.9.1] "Sequence"
19: Activity [1.9.1] "Sequence" is Executing
{
    Variables
        _5ef1bf98_84fe_487c_bb8a_8079780ebfc1_141: Rename
}
20: Activity [1.9.1] "Sequence" scheduled child activity [1.9.26] "GetNextFile1"
21: Activity [1.9.26] "GetNextFile1" is Executing
{
    Arguments
        ErrorOnTimeout: False
        SubscriptionId: 00000000-0000-0000-0000-000000000000
        Timeout: 00:00:00
        IsImplicitlyCancellable: True
}
22: CustomTrackingRecord [1.9.26] "iCPSTraceTrackingRecord"
23: WorkflowInstance "FilesystemListenerActivity" is Idle
24: Bookmark "0a4dc865-2fbb-440b-9e08-545245a7d4df" resumed with payload &lt;iCore.Workflow.Activities.Extensions.ItemSubscriptionEventArgs`1[iCore.Common.Utilities.FileSystemWatcher.FileSystemWatcherFileInfo]&gt; owner [1.9.26] "GetNextFile1"
25: CustomTrackingRecord [1.9.26] "iCPSTraceTrackingRecord"
26: Activity [1.9.26] "GetNextFile1" is Closed
{
    Arguments
        ErrorOnTimeout: False
        SubscriptionId: 00000000-0000-0000-0000-000000000000
        FileName: file.name
        Timeout: 00:00:00
        FileFullName: a:\directory\path\file.name
        IsImplicitlyCancellable: True
        WatchType: Rename
}
27: Activity [1.9.1] "Sequence" scheduled child activity [1.9.19] "AssignProcessingFileName1"
28: Activity [1.9.19] "AssignProcessingFileName1" is Executing
{
    Arguments
        Value: file.name_temp
}
29: Activity [1.9.19] "AssignProcessingFileName1" is Closed
{
    Arguments
        Value: file.name_temp
        To: file.name_temp
}
30: Activity [1.9.1] "Sequence" scheduled child activity [1.9.11] "AssignProcessingFilePath1"
31: Activity [1.9.11] "AssignProcessingFilePath1" is Executing
{
    Arguments
        Value: a:\directory\path\file.name_temp
}
32: Activity [1.9.11] "AssignProcessingFilePath1" is Closed
{
    Arguments
        Value: a:\directory\path\file.name_temp
        To: a:\directory\path\file.name_temp
}
33: Activity [1.9.1] "Sequence" scheduled child activity [1.9.2] "RenameFileCheck1"
34: Activity [1.9.2] "RenameFileCheck1" is Executing
{
    Arguments
        Condition: True
}
35: Activity [1.9.2] "RenameFileCheck1" scheduled child activity [1.9.6] "RenameFile1"
36: Activity [1.9.6] "RenameFile1" is Executing
{
    Arguments
        NewFilename: a:\directory\path\file.name_temp
        OldFilename: a:\directory\path\file.name
}
37: WorkflowInstance "FilesystemListenerActivity" is Idle
38: Activity [1.9.6] "RenameFile1" is Closed
{
    Arguments
        NewFilename: a:\directory\path\file.name_temp
        OldFilename: a:\directory\path\file.name
}
39: Activity [1.9.2] "RenameFileCheck1" is Closed
{
    Arguments
        Condition: True
}
40: Activity [1.9.1] "Sequence" is Closed
{
    Variables
        _5ef1bf98_84fe_487c_bb8a_8079780ebfc1_142: Rename
}
41: Activity [1.9] "GetNextFile1" is Closed
{
    Arguments
        ErrorOnTimeout: False
        SubscriptionId: 00000000-0000-0000-0000-000000000000
        Timeout: 00:00:00
        Rename: True
        OriginalFileName: file.name
        ProcessingFilePath: a:\directory\path\file.name_temp
        MoveFileToDirectory: 
        IsImplicitlyCancellable: True
        ProcessingFileName: file.name_temp
        OriginalFilePath: a:\directory\path\file.name
}
42: Activity [1.8] "MainSequence1" is Closed
{
    Variables
        configuration: iCore.Workflow.Activities.Filesystem.FileSystemListenerConfiguration
}
43: Activity [1.4] "TryCatch2" scheduled child activity [1.5] "CloseConnection1"
44: Activity [1.5] "CloseConnection1" is Executing
{
    Arguments
        SubscriptionId: 00000000-0000-0000-0000-000000000000
}
45: CustomTrackingRecord [1.5] "iCPSTraceTrackingRecord"
46: Activity [1.5] "CloseConnection1" is Closed
{
    Arguments
        SubscriptionId: 00000000-0000-0000-0000-000000000000
}
47: Activity [1.4] "TryCatch2" is Closed
48: Activity [1.1] "TryCatch1" is Closed
{
    Variables
        connection: 00000000-0000-0000-0000-000000000000
}
49: Activity [1] "FilesystemListenerActivity" is Closed
{
    Arguments
        Directory: a:\directory
        ErrorOnTimeout: False
        Timeout: 00:00:00
        Filter: *.txt
        Rename: True
        OriginalFileName: file.name
        SettleTime: 00:00:00.5550000
        ProcessingFilePath: a:\directory\path\file.name_temp
        ScanForFileOnStart: True
        MoveFileToDirectory: 
        IsImplicitlyCancellable: True
        ProcessingFileName: file.name_temp
        OriginalFilePath: a:\directory\path\file.name
        Recursive: False
        WatchType: Rename
}
50: WorkflowInstance "FilesystemListenerActivity" is Completed</StdOut>
      </Output>
    </UnitTestResult>
    <UnitTestResult executionId="0518d902-70b4-4fc8-ad78-e05280f6cf7e" testId="87aa0f07-1d98-698d-8d36-97ce300ae94c" testName="Invoke_RenameNoMove_OutArgumentProcessingFileNameIsExpected" computerName="ICSWS068" duration="00:00:00.0096422" startTime="2016-08-04T09:58:42.2236708+02:00" endTime="2016-08-04T09:58:42.2349979+02:00" testType="13cdc9d9-ddb5-4fa4-a97d-d965ccfc6d4b" outcome="Passed" testListId="8c84fa94-04c1-424b-9868-57a2d4851a1d" relativeResultsDirectory="0518d902-70b4-4fc8-ad78-e05280f6cf7e">
      <Output>
        <StdOut>Debug Trace:
0: WorkflowInstance "FilesystemListenerActivity" is Started
1: Activity [null] "null" scheduled child activity [1] "FilesystemListenerActivity"
2: Activity [1] "FilesystemListenerActivity" is Executing
{
    Arguments
        Directory: a:\directory
        ErrorOnTimeout: False
        Timeout: 00:00:00
        Filter: *.txt
        Rename: True
        SettleTime: 00:00:00.5550000
        ScanForFileOnStart: True
        MoveFileToDirectory: 
        IsImplicitlyCancellable: True
        Recursive: False
        WatchType: Rename
}
3: Activity [1] "FilesystemListenerActivity" scheduled child activity [1.1] "TryCatch1"
4: Activity [1.1] "TryCatch1" is Executing
{
    Variables
        connection: 00000000-0000-0000-0000-000000000000
}
5: Activity [1.1] "TryCatch1" scheduled child activity [1.4] "TryCatch2"
6: Activity [1.4] "TryCatch2" is Executing
7: Activity [1.4] "TryCatch2" scheduled child activity [1.8] "MainSequence1"
8: Activity [1.8] "MainSequence1" is Executing
{
    Variables
        configuration: iCore.Workflow.Activities.Filesystem.FileSystemListenerConfiguration
}
9: Activity [1.8] "MainSequence1" scheduled child activity [1.35] "CreateConfiguration1"
10: Activity [1.35] "CreateConfiguration1" is Executing
{
    Arguments
        Directory: a:\directory
        Filter: *.txt
        SettleTime: 00:00:00.5550000
        ScanForFileOnStart: True
        Recursive: False
        WatchType: Rename
}
11: Activity [1.35] "CreateConfiguration1" is Closed
{
    Arguments
        Directory: a:\directory
        Filter: *.txt
        Result: iCore.Workflow.Activities.Filesystem.FileSystemListenerConfiguration
        SettleTime: 00:00:00.5550000
        ScanForFileOnStart: True
        Recursive: False
        WatchType: Rename
}
12: Activity [1.8] "MainSequence1" scheduled child activity [1.30] "StartFileSystemListener1"
13: Activity [1.30] "StartFileSystemListener1" is Executing
{
    Arguments
        Configuration: iCore.Workflow.Activities.Filesystem.FileSystemListenerConfiguration
}
14: CustomTrackingRecord [1.30] "iCPSTraceTrackingRecord"
15: Activity [1.30] "StartFileSystemListener1" is Closed
{
    Arguments
        Result: 00000000-0000-0000-0000-000000000000
        Configuration: iCore.Workflow.Activities.Filesystem.FileSystemListenerConfiguration
}
16: Activity [1.8] "MainSequence1" scheduled child activity [1.9] "GetNextFile1"
17: Activity [1.9] "GetNextFile1" is Executing
{
    Arguments
        ErrorOnTimeout: False
        SubscriptionId: 00000000-0000-0000-0000-000000000000
        Timeout: 00:00:00
        Rename: True
        MoveFileToDirectory: 
        IsImplicitlyCancellable: True
}
18: Activity [1.9] "GetNextFile1" scheduled child activity [1.9.1] "Sequence"
19: Activity [1.9.1] "Sequence" is Executing
{
    Variables
        _5ef1bf98_84fe_487c_bb8a_8079780ebfc1_143: Rename
}
20: Activity [1.9.1] "Sequence" scheduled child activity [1.9.26] "GetNextFile1"
21: Activity [1.9.26] "GetNextFile1" is Executing
{
    Arguments
        ErrorOnTimeout: False
        SubscriptionId: 00000000-0000-0000-0000-000000000000
        Timeout: 00:00:00
        IsImplicitlyCancellable: True
}
22: CustomTrackingRecord [1.9.26] "iCPSTraceTrackingRecord"
23: WorkflowInstance "FilesystemListenerActivity" is Idle
24: Bookmark "a1ae4bc5-b07b-4a87-a429-8a3b6d0872f1" resumed with payload &lt;iCore.Workflow.Activities.Extensions.ItemSubscriptionEventArgs`1[iCore.Common.Utilities.FileSystemWatcher.FileSystemWatcherFileInfo]&gt; owner [1.9.26] "GetNextFile1"
25: CustomTrackingRecord [1.9.26] "iCPSTraceTrackingRecord"
26: Activity [1.9.26] "GetNextFile1" is Closed
{
    Arguments
        ErrorOnTimeout: False
        SubscriptionId: 00000000-0000-0000-0000-000000000000
        FileName: file.name
        Timeout: 00:00:00
        FileFullName: a:\directory\path\file.name
        IsImplicitlyCancellable: True
        WatchType: Rename
}
27: Activity [1.9.1] "Sequence" scheduled child activity [1.9.19] "AssignProcessingFileName1"
28: Activity [1.9.19] "AssignProcessingFileName1" is Executing
{
    Arguments
        Value: file.name_temp
}
29: Activity [1.9.19] "AssignProcessingFileName1" is Closed
{
    Arguments
        Value: file.name_temp
        To: file.name_temp
}
30: Activity [1.9.1] "Sequence" scheduled child activity [1.9.11] "AssignProcessingFilePath1"
31: Activity [1.9.11] "AssignProcessingFilePath1" is Executing
{
    Arguments
        Value: a:\directory\path\file.name_temp
}
32: Activity [1.9.11] "AssignProcessingFilePath1" is Closed
{
    Arguments
        Value: a:\directory\path\file.name_temp
        To: a:\directory\path\file.name_temp
}
33: Activity [1.9.1] "Sequence" scheduled child activity [1.9.2] "RenameFileCheck1"
34: Activity [1.9.2] "RenameFileCheck1" is Executing
{
    Arguments
        Condition: True
}
35: Activity [1.9.2] "RenameFileCheck1" scheduled child activity [1.9.6] "RenameFile1"
36: Activity [1.9.6] "RenameFile1" is Executing
{
    Arguments
        NewFilename: a:\directory\path\file.name_temp
        OldFilename: a:\directory\path\file.name
}
37: WorkflowInstance "FilesystemListenerActivity" is Idle
38: Activity [1.9.6] "RenameFile1" is Closed
{
    Arguments
        NewFilename: a:\directory\path\file.name_temp
        OldFilename: a:\directory\path\file.name
}
39: Activity [1.9.2] "RenameFileCheck1" is Closed
{
    Arguments
        Condition: True
}
40: Activity [1.9.1] "Sequence" is Closed
{
    Variables
        _5ef1bf98_84fe_487c_bb8a_8079780ebfc1_144: Rename
}
41: Activity [1.9] "GetNextFile1" is Closed
{
    Arguments
        ErrorOnTimeout: False
        SubscriptionId: 00000000-0000-0000-0000-000000000000
        Timeout: 00:00:00
        Rename: True
        OriginalFileName: file.name
        ProcessingFilePath: a:\directory\path\file.name_temp
        MoveFileToDirectory: 
        IsImplicitlyCancellable: True
        ProcessingFileName: file.name_temp
        OriginalFilePath: a:\directory\path\file.name
}
42: Activity [1.8] "MainSequence1" is Closed
{
    Variables
        configuration: iCore.Workflow.Activities.Filesystem.FileSystemListenerConfiguration
}
43: Activity [1.4] "TryCatch2" scheduled child activity [1.5] "CloseConnection1"
44: Activity [1.5] "CloseConnection1" is Executing
{
    Arguments
        SubscriptionId: 00000000-0000-0000-0000-000000000000
}
45: CustomTrackingRecord [1.5] "iCPSTraceTrackingRecord"
46: Activity [1.5] "CloseConnection1" is Closed
{
    Arguments
        SubscriptionId: 00000000-0000-0000-0000-000000000000
}
47: Activity [1.4] "TryCatch2" is Closed
48: Activity [1.1] "TryCatch1" is Closed
{
    Variables
        connection: 00000000-0000-0000-0000-000000000000
}
49: Activity [1] "FilesystemListenerActivity" is Closed
{
    Arguments
        Directory: a:\directory
        ErrorOnTimeout: False
        Timeout: 00:00:00
        Filter: *.txt
        Rename: True
        OriginalFileName: file.name
        SettleTime: 00:00:00.5550000
        ProcessingFilePath: a:\directory\path\file.name_temp
        ScanForFileOnStart: True
        MoveFileToDirectory: 
        IsImplicitlyCancellable: True
        ProcessingFileName: file.name_temp
        OriginalFilePath: a:\directory\path\file.name
        Recursive: False
        WatchType: Rename
}
50: WorkflowInstance "FilesystemListenerActivity" is Completed</StdOut>
      </Output>
    </UnitTestResult>
    <UnitTestResult executionId="3ea14920-f81e-4708-a887-6e8c4a8d57fe" testId="78f23c33-213b-930f-820f-c8eec9512235" testName="Invoke_RenameNoMove_OutArgumentProcessingFilePathIsExpected" computerName="ICSWS068" duration="00:00:00.0095639" startTime="2016-08-04T09:58:42.2379993+02:00" endTime="2016-08-04T09:58:42.2490082+02:00" testType="13cdc9d9-ddb5-4fa4-a97d-d965ccfc6d4b" outcome="Passed" testListId="8c84fa94-04c1-424b-9868-57a2d4851a1d" relativeResultsDirectory="3ea14920-f81e-4708-a887-6e8c4a8d57fe">
      <Output>
        <StdOut>Debug Trace:
0: WorkflowInstance "FilesystemListenerActivity" is Started
1: Activity [null] "null" scheduled child activity [1] "FilesystemListenerActivity"
2: Activity [1] "FilesystemListenerActivity" is Executing
{
    Arguments
        Directory: a:\directory
        ErrorOnTimeout: False
        Timeout: 00:00:00
        Filter: *.txt
        Rename: True
        SettleTime: 00:00:00.5550000
        ScanForFileOnStart: True
        MoveFileToDirectory: 
        IsImplicitlyCancellable: True
        Recursive: False
        WatchType: Rename
}
3: Activity [1] "FilesystemListenerActivity" scheduled child activity [1.1] "TryCatch1"
4: Activity [1.1] "TryCatch1" is Executing
{
    Variables
        connection: 00000000-0000-0000-0000-000000000000
}
5: Activity [1.1] "TryCatch1" scheduled child activity [1.4] "TryCatch2"
6: Activity [1.4] "TryCatch2" is Executing
7: Activity [1.4] "TryCatch2" scheduled child activity [1.8] "MainSequence1"
8: Activity [1.8] "MainSequence1" is Executing
{
    Variables
        configuration: iCore.Workflow.Activities.Filesystem.FileSystemListenerConfiguration
}
9: Activity [1.8] "MainSequence1" scheduled child activity [1.35] "CreateConfiguration1"
10: Activity [1.35] "CreateConfiguration1" is Executing
{
    Arguments
        Directory: a:\directory
        Filter: *.txt
        SettleTime: 00:00:00.5550000
        ScanForFileOnStart: True
        Recursive: False
        WatchType: Rename
}
11: Activity [1.35] "CreateConfiguration1" is Closed
{
    Arguments
        Directory: a:\directory
        Filter: *.txt
        Result: iCore.Workflow.Activities.Filesystem.FileSystemListenerConfiguration
        SettleTime: 00:00:00.5550000
        ScanForFileOnStart: True
        Recursive: False
        WatchType: Rename
}
12: Activity [1.8] "MainSequence1" scheduled child activity [1.30] "StartFileSystemListener1"
13: Activity [1.30] "StartFileSystemListener1" is Executing
{
    Arguments
        Configuration: iCore.Workflow.Activities.Filesystem.FileSystemListenerConfiguration
}
14: CustomTrackingRecord [1.30] "iCPSTraceTrackingRecord"
15: Activity [1.30] "StartFileSystemListener1" is Closed
{
    Arguments
        Result: 00000000-0000-0000-0000-000000000000
        Configuration: iCore.Workflow.Activities.Filesystem.FileSystemListenerConfiguration
}
16: Activity [1.8] "MainSequence1" scheduled child activity [1.9] "GetNextFile1"
17: Activity [1.9] "GetNextFile1" is Executing
{
    Arguments
        ErrorOnTimeout: False
        SubscriptionId: 00000000-0000-0000-0000-000000000000
        Timeout: 00:00:00
        Rename: True
        MoveFileToDirectory: 
        IsImplicitlyCancellable: True
}
18: Activity [1.9] "GetNextFile1" scheduled child activity [1.9.1] "Sequence"
19: Activity [1.9.1] "Sequence" is Executing
{
    Variables
        _5ef1bf98_84fe_487c_bb8a_8079780ebfc1_145: Rename
}
20: Activity [1.9.1] "Sequence" scheduled child activity [1.9.26] "GetNextFile1"
21: Activity [1.9.26] "GetNextFile1" is Executing
{
    Arguments
        ErrorOnTimeout: False
        SubscriptionId: 00000000-0000-0000-0000-000000000000
        Timeout: 00:00:00
        IsImplicitlyCancellable: True
}
22: CustomTrackingRecord [1.9.26] "iCPSTraceTrackingRecord"
23: WorkflowInstance "FilesystemListenerActivity" is Idle
24: Bookmark "f41d59f5-6a5b-460f-b300-e1467c70ff39" resumed with payload &lt;iCore.Workflow.Activities.Extensions.ItemSubscriptionEventArgs`1[iCore.Common.Utilities.FileSystemWatcher.FileSystemWatcherFileInfo]&gt; owner [1.9.26] "GetNextFile1"
25: CustomTrackingRecord [1.9.26] "iCPSTraceTrackingRecord"
26: Activity [1.9.26] "GetNextFile1" is Closed
{
    Arguments
        ErrorOnTimeout: False
        SubscriptionId: 00000000-0000-0000-0000-000000000000
        FileName: file.name
        Timeout: 00:00:00
        FileFullName: a:\directory\path\file.name
        IsImplicitlyCancellable: True
        WatchType: Rename
}
27: Activity [1.9.1] "Sequence" scheduled child activity [1.9.19] "AssignProcessingFileName1"
28: Activity [1.9.19] "AssignProcessingFileName1" is Executing
{
    Arguments
        Value: file.name_temp
}
29: Activity [1.9.19] "AssignProcessingFileName1" is Closed
{
    Arguments
        Value: file.name_temp
        To: file.name_temp
}
30: Activity [1.9.1] "Sequence" scheduled child activity [1.9.11] "AssignProcessingFilePath1"
31: Activity [1.9.11] "AssignProcessingFilePath1" is Executing
{
    Arguments
        Value: a:\directory\path\file.name_temp
}
32: Activity [1.9.11] "AssignProcessingFilePath1" is Closed
{
    Arguments
        Value: a:\directory\path\file.name_temp
        To: a:\directory\path\file.name_temp
}
33: Activity [1.9.1] "Sequence" scheduled child activity [1.9.2] "RenameFileCheck1"
34: Activity [1.9.2] "RenameFileCheck1" is Executing
{
    Arguments
        Condition: True
}
35: Activity [1.9.2] "RenameFileCheck1" scheduled child activity [1.9.6] "RenameFile1"
36: Activity [1.9.6] "RenameFile1" is Executing
{
    Arguments
        NewFilename: a:\directory\path\file.name_temp
        OldFilename: a:\directory\path\file.name
}
37: WorkflowInstance "FilesystemListenerActivity" is Idle
38: Activity [1.9.6] "RenameFile1" is Closed
{
    Arguments
        NewFilename: a:\directory\path\file.name_temp
        OldFilename: a:\directory\path\file.name
}
39: Activity [1.9.2] "RenameFileCheck1" is Closed
{
    Arguments
        Condition: True
}
40: Activity [1.9.1] "Sequence" is Closed
{
    Variables
        _5ef1bf98_84fe_487c_bb8a_8079780ebfc1_146: Rename
}
41: Activity [1.9] "GetNextFile1" is Closed
{
    Arguments
        ErrorOnTimeout: False
        SubscriptionId: 00000000-0000-0000-0000-000000000000
        Timeout: 00:00:00
        Rename: True
        OriginalFileName: file.name
        ProcessingFilePath: a:\directory\path\file.name_temp
        MoveFileToDirectory: 
        IsImplicitlyCancellable: True
        ProcessingFileName: file.name_temp
        OriginalFilePath: a:\directory\path\file.name
}
42: Activity [1.8] "MainSequence1" is Closed
{
    Variables
        configuration: iCore.Workflow.Activities.Filesystem.FileSystemListenerConfiguration
}
43: Activity [1.4] "TryCatch2" scheduled child activity [1.5] "CloseConnection1"
44: Activity [1.5] "CloseConnection1" is Executing
{
    Arguments
        SubscriptionId: 00000000-0000-0000-0000-000000000000
}
45: CustomTrackingRecord [1.5] "iCPSTraceTrackingRecord"
46: Activity [1.5] "CloseConnection1" is Closed
{
    Arguments
        SubscriptionId: 00000000-0000-0000-0000-000000000000
}
47: Activity [1.4] "TryCatch2" is Closed
48: Activity [1.1] "TryCatch1" is Closed
{
    Variables
        connection: 00000000-0000-0000-0000-000000000000
}
49: Activity [1] "FilesystemListenerActivity" is Closed
{
    Arguments
        Directory: a:\directory
        ErrorOnTimeout: False
        Timeout: 00:00:00
        Filter: *.txt
        Rename: True
        OriginalFileName: file.name
        SettleTime: 00:00:00.5550000
        ProcessingFilePath: a:\directory\path\file.name_temp
        ScanForFileOnStart: True
        MoveFileToDirectory: 
        IsImplicitlyCancellable: True
        ProcessingFileName: file.name_temp
        OriginalFilePath: a:\directory\path\file.name
        Recursive: False
        WatchType: Rename
}
50: WorkflowInstance "FilesystemListenerActivity" is Completed</StdOut>
      </Output>
    </UnitTestResult>
    <UnitTestResult executionId="95c5082c-2a55-4e49-ba92-bfbf5cfe5403" testId="aefbf141-7581-d776-d65a-427330b2001d" testName="Invoke_RenameMove_OutArgumentOriginalFileNameIsExpected" computerName="ICSWS068" duration="00:00:00.0097991" startTime="2016-08-04T09:58:42.2519941+02:00" endTime="2016-08-04T09:58:42.2630062+02:00" testType="13cdc9d9-ddb5-4fa4-a97d-d965ccfc6d4b" outcome="Passed" testListId="8c84fa94-04c1-424b-9868-57a2d4851a1d" relativeResultsDirectory="95c5082c-2a55-4e49-ba92-bfbf5cfe5403">
      <Output>
        <StdOut>Debug Trace:
0: WorkflowInstance "FilesystemListenerActivity" is Started
1: Activity [null] "null" scheduled child activity [1] "FilesystemListenerActivity"
2: Activity [1] "FilesystemListenerActivity" is Executing
{
    Arguments
        Directory: a:\directory
        ErrorOnTimeout: False
        Timeout: 00:00:00
        Filter: *.txt
        Rename: True
        SettleTime: 00:00:00.5550000
        ScanForFileOnStart: True
        MoveFileToDirectory: a:\nother\directory
        IsImplicitlyCancellable: True
        Recursive: False
        WatchType: Rename
}
3: Activity [1] "FilesystemListenerActivity" scheduled child activity [1.1] "TryCatch1"
4: Activity [1.1] "TryCatch1" is Executing
{
    Variables
        connection: 00000000-0000-0000-0000-000000000000
}
5: Activity [1.1] "TryCatch1" scheduled child activity [1.4] "TryCatch2"
6: Activity [1.4] "TryCatch2" is Executing
7: Activity [1.4] "TryCatch2" scheduled child activity [1.8] "MainSequence1"
8: Activity [1.8] "MainSequence1" is Executing
{
    Variables
        configuration: iCore.Workflow.Activities.Filesystem.FileSystemListenerConfiguration
}
9: Activity [1.8] "MainSequence1" scheduled child activity [1.35] "CreateConfiguration1"
10: Activity [1.35] "CreateConfiguration1" is Executing
{
    Arguments
        Directory: a:\directory
        Filter: *.txt
        SettleTime: 00:00:00.5550000
        ScanForFileOnStart: True
        Recursive: False
        WatchType: Rename
}
11: Activity [1.35] "CreateConfiguration1" is Closed
{
    Arguments
        Directory: a:\directory
        Filter: *.txt
        Result: iCore.Workflow.Activities.Filesystem.FileSystemListenerConfiguration
        SettleTime: 00:00:00.5550000
        ScanForFileOnStart: True
        Recursive: False
        WatchType: Rename
}
12: Activity [1.8] "MainSequence1" scheduled child activity [1.30] "StartFileSystemListener1"
13: Activity [1.30] "StartFileSystemListener1" is Executing
{
    Arguments
        Configuration: iCore.Workflow.Activities.Filesystem.FileSystemListenerConfiguration
}
14: CustomTrackingRecord [1.30] "iCPSTraceTrackingRecord"
15: Activity [1.30] "StartFileSystemListener1" is Closed
{
    Arguments
        Result: 00000000-0000-0000-0000-000000000000
        Configuration: iCore.Workflow.Activities.Filesystem.FileSystemListenerConfiguration
}
16: Activity [1.8] "MainSequence1" scheduled child activity [1.9] "GetNextFile1"
17: Activity [1.9] "GetNextFile1" is Executing
{
    Arguments
        ErrorOnTimeout: False
        SubscriptionId: 00000000-0000-0000-0000-000000000000
        Timeout: 00:00:00
        Rename: True
        MoveFileToDirectory: a:\nother\directory
        IsImplicitlyCancellable: True
}
18: Activity [1.9] "GetNextFile1" scheduled child activity [1.9.1] "Sequence"
19: Activity [1.9.1] "Sequence" is Executing
{
    Variables
        _5ef1bf98_84fe_487c_bb8a_8079780ebfc1_147: Rename
}
20: Activity [1.9.1] "Sequence" scheduled child activity [1.9.26] "GetNextFile1"
21: Activity [1.9.26] "GetNextFile1" is Executing
{
    Arguments
        ErrorOnTimeout: False
        SubscriptionId: 00000000-0000-0000-0000-000000000000
        Timeout: 00:00:00
        IsImplicitlyCancellable: True
}
22: CustomTrackingRecord [1.9.26] "iCPSTraceTrackingRecord"
23: WorkflowInstance "FilesystemListenerActivity" is Idle
24: Bookmark "defdbdfb-7f20-47b4-b6f0-bf2ffb02c47e" resumed with payload &lt;iCore.Workflow.Activities.Extensions.ItemSubscriptionEventArgs`1[iCore.Common.Utilities.FileSystemWatcher.FileSystemWatcherFileInfo]&gt; owner [1.9.26] "GetNextFile1"
25: CustomTrackingRecord [1.9.26] "iCPSTraceTrackingRecord"
26: Activity [1.9.26] "GetNextFile1" is Closed
{
    Arguments
        ErrorOnTimeout: False
        SubscriptionId: 00000000-0000-0000-0000-000000000000
        FileName: file.name
        Timeout: 00:00:00
        FileFullName: a:\directory\path\file.name
        IsImplicitlyCancellable: True
        WatchType: Rename
}
27: Activity [1.9.1] "Sequence" scheduled child activity [1.9.19] "AssignProcessingFileName1"
28: Activity [1.9.19] "AssignProcessingFileName1" is Executing
{
    Arguments
        Value: file.name_temp
}
29: Activity [1.9.19] "AssignProcessingFileName1" is Closed
{
    Arguments
        Value: file.name_temp
        To: file.name_temp
}
30: Activity [1.9.1] "Sequence" scheduled child activity [1.9.11] "AssignProcessingFilePath1"
31: Activity [1.9.11] "AssignProcessingFilePath1" is Executing
{
    Arguments
        Value: a:\nother\directory\file.name_temp
}
32: Activity [1.9.11] "AssignProcessingFilePath1" is Closed
{
    Arguments
        Value: a:\nother\directory\file.name_temp
        To: a:\nother\directory\file.name_temp
}
33: Activity [1.9.1] "Sequence" scheduled child activity [1.9.2] "RenameFileCheck1"
34: Activity [1.9.2] "RenameFileCheck1" is Executing
{
    Arguments
        Condition: True
}
35: Activity [1.9.2] "RenameFileCheck1" scheduled child activity [1.9.6] "RenameFile1"
36: Activity [1.9.6] "RenameFile1" is Executing
{
    Arguments
        NewFilename: a:\nother\directory\file.name_temp
        OldFilename: a:\directory\path\file.name
}
37: WorkflowInstance "FilesystemListenerActivity" is Idle
38: Activity [1.9.6] "RenameFile1" is Closed
{
    Arguments
        NewFilename: a:\nother\directory\file.name_temp
        OldFilename: a:\directory\path\file.name
}
39: Activity [1.9.2] "RenameFileCheck1" is Closed
{
    Arguments
        Condition: True
}
40: Activity [1.9.1] "Sequence" is Closed
{
    Variables
        _5ef1bf98_84fe_487c_bb8a_8079780ebfc1_148: Rename
}
41: Activity [1.9] "GetNextFile1" is Closed
{
    Arguments
        ErrorOnTimeout: False
        SubscriptionId: 00000000-0000-0000-0000-000000000000
        Timeout: 00:00:00
        Rename: True
        OriginalFileName: file.name
        ProcessingFilePath: a:\nother\directory\file.name_temp
        MoveFileToDirectory: a:\nother\directory
        IsImplicitlyCancellable: True
        ProcessingFileName: file.name_temp
        OriginalFilePath: a:\directory\path\file.name
}
42: Activity [1.8] "MainSequence1" is Closed
{
    Variables
        configuration: iCore.Workflow.Activities.Filesystem.FileSystemListenerConfiguration
}
43: Activity [1.4] "TryCatch2" scheduled child activity [1.5] "CloseConnection1"
44: Activity [1.5] "CloseConnection1" is Executing
{
    Arguments
        SubscriptionId: 00000000-0000-0000-0000-000000000000
}
45: CustomTrackingRecord [1.5] "iCPSTraceTrackingRecord"
46: Activity [1.5] "CloseConnection1" is Closed
{
    Arguments
        SubscriptionId: 00000000-0000-0000-0000-000000000000
}
47: Activity [1.4] "TryCatch2" is Closed
48: Activity [1.1] "TryCatch1" is Closed
{
    Variables
        connection: 00000000-0000-0000-0000-000000000000
}
49: Activity [1] "FilesystemListenerActivity" is Closed
{
    Arguments
        Directory: a:\directory
        ErrorOnTimeout: False
        Timeout: 00:00:00
        Filter: *.txt
        Rename: True
        OriginalFileName: file.name
        SettleTime: 00:00:00.5550000
        ProcessingFilePath: a:\nother\directory\file.name_temp
        ScanForFileOnStart: True
        MoveFileToDirectory: a:\nother\directory
        IsImplicitlyCancellable: True
        ProcessingFileName: file.name_temp
        OriginalFilePath: a:\directory\path\file.name
        Recursive: False
        WatchType: Rename
}
50: WorkflowInstance "FilesystemListenerActivity" is Completed</StdOut>
      </Output>
    </UnitTestResult>
    <UnitTestResult executionId="b35da2ab-f4fc-473c-a881-8205b3a303b9" testId="ba2b2550-3a23-374e-72bb-22ce24bf7860" testName="Invoke_RenameMove_OutArgumentOriginalFilePathIsExpected" computerName="ICSWS068" duration="00:00:00.0097220" startTime="2016-08-04T09:58:42.2660091+02:00" endTime="2016-08-04T09:58:42.2770353+02:00" testType="13cdc9d9-ddb5-4fa4-a97d-d965ccfc6d4b" outcome="Passed" testListId="8c84fa94-04c1-424b-9868-57a2d4851a1d" relativeResultsDirectory="b35da2ab-f4fc-473c-a881-8205b3a303b9">
      <Output>
        <StdOut>Debug Trace:
0: WorkflowInstance "FilesystemListenerActivity" is Started
1: Activity [null] "null" scheduled child activity [1] "FilesystemListenerActivity"
2: Activity [1] "FilesystemListenerActivity" is Executing
{
    Arguments
        Directory: a:\directory
        ErrorOnTimeout: False
        Timeout: 00:00:00
        Filter: *.txt
        Rename: True
        SettleTime: 00:00:00.5550000
        ScanForFileOnStart: True
        MoveFileToDirectory: a:\nother\directory
        IsImplicitlyCancellable: True
        Recursive: False
        WatchType: Rename
}
3: Activity [1] "FilesystemListenerActivity" scheduled child activity [1.1] "TryCatch1"
4: Activity [1.1] "TryCatch1" is Executing
{
    Variables
        connection: 00000000-0000-0000-0000-000000000000
}
5: Activity [1.1] "TryCatch1" scheduled child activity [1.4] "TryCatch2"
6: Activity [1.4] "TryCatch2" is Executing
7: Activity [1.4] "TryCatch2" scheduled child activity [1.8] "MainSequence1"
8: Activity [1.8] "MainSequence1" is Executing
{
    Variables
        configuration: iCore.Workflow.Activities.Filesystem.FileSystemListenerConfiguration
}
9: Activity [1.8] "MainSequence1" scheduled child activity [1.35] "CreateConfiguration1"
10: Activity [1.35] "CreateConfiguration1" is Executing
{
    Arguments
        Directory: a:\directory
        Filter: *.txt
        SettleTime: 00:00:00.5550000
        ScanForFileOnStart: True
        Recursive: False
        WatchType: Rename
}
11: Activity [1.35] "CreateConfiguration1" is Closed
{
    Arguments
        Directory: a:\directory
        Filter: *.txt
        Result: iCore.Workflow.Activities.Filesystem.FileSystemListenerConfiguration
        SettleTime: 00:00:00.5550000
        ScanForFileOnStart: True
        Recursive: False
        WatchType: Rename
}
12: Activity [1.8] "MainSequence1" scheduled child activity [1.30] "StartFileSystemListener1"
13: Activity [1.30] "StartFileSystemListener1" is Executing
{
    Arguments
        Configuration: iCore.Workflow.Activities.Filesystem.FileSystemListenerConfiguration
}
14: CustomTrackingRecord [1.30] "iCPSTraceTrackingRecord"
15: Activity [1.30] "StartFileSystemListener1" is Closed
{
    Arguments
        Result: 00000000-0000-0000-0000-000000000000
        Configuration: iCore.Workflow.Activities.Filesystem.FileSystemListenerConfiguration
}
16: Activity [1.8] "MainSequence1" scheduled child activity [1.9] "GetNextFile1"
17: Activity [1.9] "GetNextFile1" is Executing
{
    Arguments
        ErrorOnTimeout: False
        SubscriptionId: 00000000-0000-0000-0000-000000000000
        Timeout: 00:00:00
        Rename: True
        MoveFileToDirectory: a:\nother\directory
        IsImplicitlyCancellable: True
}
18: Activity [1.9] "GetNextFile1" scheduled child activity [1.9.1] "Sequence"
19: Activity [1.9.1] "Sequence" is Executing
{
    Variables
        _5ef1bf98_84fe_487c_bb8a_8079780ebfc1_149: Rename
}
20: Activity [1.9.1] "Sequence" scheduled child activity [1.9.26] "GetNextFile1"
21: Activity [1.9.26] "GetNextFile1" is Executing
{
    Arguments
        ErrorOnTimeout: False
        SubscriptionId: 00000000-0000-0000-0000-000000000000
        Timeout: 00:00:00
        IsImplicitlyCancellable: True
}
22: CustomTrackingRecord [1.9.26] "iCPSTraceTrackingRecord"
23: WorkflowInstance "FilesystemListenerActivity" is Idle
24: Bookmark "d6a87124-bfe8-42fa-ab08-bb0981833654" resumed with payload &lt;iCore.Workflow.Activities.Extensions.ItemSubscriptionEventArgs`1[iCore.Common.Utilities.FileSystemWatcher.FileSystemWatcherFileInfo]&gt; owner [1.9.26] "GetNextFile1"
25: CustomTrackingRecord [1.9.26] "iCPSTraceTrackingRecord"
26: Activity [1.9.26] "GetNextFile1" is Closed
{
    Arguments
        ErrorOnTimeout: False
        SubscriptionId: 00000000-0000-0000-0000-000000000000
        FileName: file.name
        Timeout: 00:00:00
        FileFullName: a:\directory\path\file.name
        IsImplicitlyCancellable: True
        WatchType: Rename
}
27: Activity [1.9.1] "Sequence" scheduled child activity [1.9.19] "AssignProcessingFileName1"
28: Activity [1.9.19] "AssignProcessingFileName1" is Executing
{
    Arguments
        Value: file.name_temp
}
29: Activity [1.9.19] "AssignProcessingFileName1" is Closed
{
    Arguments
        Value: file.name_temp
        To: file.name_temp
}
30: Activity [1.9.1] "Sequence" scheduled child activity [1.9.11] "AssignProcessingFilePath1"
31: Activity [1.9.11] "AssignProcessingFilePath1" is Executing
{
    Arguments
        Value: a:\nother\directory\file.name_temp
}
32: Activity [1.9.11] "AssignProcessingFilePath1" is Closed
{
    Arguments
        Value: a:\nother\directory\file.name_temp
        To: a:\nother\directory\file.name_temp
}
33: Activity [1.9.1] "Sequence" scheduled child activity [1.9.2] "RenameFileCheck1"
34: Activity [1.9.2] "RenameFileCheck1" is Executing
{
    Arguments
        Condition: True
}
35: Activity [1.9.2] "RenameFileCheck1" scheduled child activity [1.9.6] "RenameFile1"
36: Activity [1.9.6] "RenameFile1" is Executing
{
    Arguments
        NewFilename: a:\nother\directory\file.name_temp
        OldFilename: a:\directory\path\file.name
}
37: WorkflowInstance "FilesystemListenerActivity" is Idle
38: Activity [1.9.6] "RenameFile1" is Closed
{
    Arguments
        NewFilename: a:\nother\directory\file.name_temp
        OldFilename: a:\directory\path\file.name
}
39: Activity [1.9.2] "RenameFileCheck1" is Closed
{
    Arguments
        Condition: True
}
40: Activity [1.9.1] "Sequence" is Closed
{
    Variables
        _5ef1bf98_84fe_487c_bb8a_8079780ebfc1_150: Rename
}
41: Activity [1.9] "GetNextFile1" is Closed
{
    Arguments
        ErrorOnTimeout: False
        SubscriptionId: 00000000-0000-0000-0000-000000000000
        Timeout: 00:00:00
        Rename: True
        OriginalFileName: file.name
        ProcessingFilePath: a:\nother\directory\file.name_temp
        MoveFileToDirectory: a:\nother\directory
        IsImplicitlyCancellable: True
        ProcessingFileName: file.name_temp
        OriginalFilePath: a:\directory\path\file.name
}
42: Activity [1.8] "MainSequence1" is Closed
{
    Variables
        configuration: iCore.Workflow.Activities.Filesystem.FileSystemListenerConfiguration
}
43: Activity [1.4] "TryCatch2" scheduled child activity [1.5] "CloseConnection1"
44: Activity [1.5] "CloseConnection1" is Executing
{
    Arguments
        SubscriptionId: 00000000-0000-0000-0000-000000000000
}
45: CustomTrackingRecord [1.5] "iCPSTraceTrackingRecord"
46: Activity [1.5] "CloseConnection1" is Closed
{
    Arguments
        SubscriptionId: 00000000-0000-0000-0000-000000000000
}
47: Activity [1.4] "TryCatch2" is Closed
48: Activity [1.1] "TryCatch1" is Closed
{
    Variables
        connection: 00000000-0000-0000-0000-000000000000
}
49: Activity [1] "FilesystemListenerActivity" is Closed
{
    Arguments
        Directory: a:\directory
        ErrorOnTimeout: False
        Timeout: 00:00:00
        Filter: *.txt
        Rename: True
        OriginalFileName: file.name
        SettleTime: 00:00:00.5550000
        ProcessingFilePath: a:\nother\directory\file.name_temp
        ScanForFileOnStart: True
        MoveFileToDirectory: a:\nother\directory
        IsImplicitlyCancellable: True
        ProcessingFileName: file.name_temp
        OriginalFilePath: a:\directory\path\file.name
        Recursive: False
        WatchType: Rename
}
50: WorkflowInstance "FilesystemListenerActivity" is Completed</StdOut>
      </Output>
    </UnitTestResult>
    <UnitTestResult executionId="3ad272a7-4de9-4018-87f0-d8b0d837907d" testId="e0c3cdcd-b445-343e-4135-3ea486232b15" testName="Invoke_RenameMove_OutArgumentProcessingFileNameIsExpected" computerName="ICSWS068" duration="00:00:00.0100285" startTime="2016-08-04T09:58:42.2805226+02:00" endTime="2016-08-04T09:58:42.2916090+02:00" testType="13cdc9d9-ddb5-4fa4-a97d-d965ccfc6d4b" outcome="Passed" testListId="8c84fa94-04c1-424b-9868-57a2d4851a1d" relativeResultsDirectory="3ad272a7-4de9-4018-87f0-d8b0d837907d">
      <Output>
        <StdOut>Debug Trace:
0: WorkflowInstance "FilesystemListenerActivity" is Started
1: Activity [null] "null" scheduled child activity [1] "FilesystemListenerActivity"
2: Activity [1] "FilesystemListenerActivity" is Executing
{
    Arguments
        Directory: a:\directory
        ErrorOnTimeout: False
        Timeout: 00:00:00
        Filter: *.txt
        Rename: True
        SettleTime: 00:00:00.5550000
        ScanForFileOnStart: True
        MoveFileToDirectory: a:\nother\directory
        IsImplicitlyCancellable: True
        Recursive: False
        WatchType: Rename
}
3: Activity [1] "FilesystemListenerActivity" scheduled child activity [1.1] "TryCatch1"
4: Activity [1.1] "TryCatch1" is Executing
{
    Variables
        connection: 00000000-0000-0000-0000-000000000000
}
5: Activity [1.1] "TryCatch1" scheduled child activity [1.4] "TryCatch2"
6: Activity [1.4] "TryCatch2" is Executing
7: Activity [1.4] "TryCatch2" scheduled child activity [1.8] "MainSequence1"
8: Activity [1.8] "MainSequence1" is Executing
{
    Variables
        configuration: iCore.Workflow.Activities.Filesystem.FileSystemListenerConfiguration
}
9: Activity [1.8] "MainSequence1" scheduled child activity [1.35] "CreateConfiguration1"
10: Activity [1.35] "CreateConfiguration1" is Executing
{
    Arguments
        Directory: a:\directory
        Filter: *.txt
        SettleTime: 00:00:00.5550000
        ScanForFileOnStart: True
        Recursive: False
        WatchType: Rename
}
11: Activity [1.35] "CreateConfiguration1" is Closed
{
    Arguments
        Directory: a:\directory
        Filter: *.txt
        Result: iCore.Workflow.Activities.Filesystem.FileSystemListenerConfiguration
        SettleTime: 00:00:00.5550000
        ScanForFileOnStart: True
        Recursive: False
        WatchType: Rename
}
12: Activity [1.8] "MainSequence1" scheduled child activity [1.30] "StartFileSystemListener1"
13: Activity [1.30] "StartFileSystemListener1" is Executing
{
    Arguments
        Configuration: iCore.Workflow.Activities.Filesystem.FileSystemListenerConfiguration
}
14: CustomTrackingRecord [1.30] "iCPSTraceTrackingRecord"
15: Activity [1.30] "StartFileSystemListener1" is Closed
{
    Arguments
        Result: 00000000-0000-0000-0000-000000000000
        Configuration: iCore.Workflow.Activities.Filesystem.FileSystemListenerConfiguration
}
16: Activity [1.8] "MainSequence1" scheduled child activity [1.9] "GetNextFile1"
17: Activity [1.9] "GetNextFile1" is Executing
{
    Arguments
        ErrorOnTimeout: False
        SubscriptionId: 00000000-0000-0000-0000-000000000000
        Timeout: 00:00:00
        Rename: True
        MoveFileToDirectory: a:\nother\directory
        IsImplicitlyCancellable: True
}
18: Activity [1.9] "GetNextFile1" scheduled child activity [1.9.1] "Sequence"
19: Activity [1.9.1] "Sequence" is Executing
{
    Variables
        _5ef1bf98_84fe_487c_bb8a_8079780ebfc1_151: Rename
}
20: Activity [1.9.1] "Sequence" scheduled child activity [1.9.26] "GetNextFile1"
21: Activity [1.9.26] "GetNextFile1" is Executing
{
    Arguments
        ErrorOnTimeout: False
        SubscriptionId: 00000000-0000-0000-0000-000000000000
        Timeout: 00:00:00
        IsImplicitlyCancellable: True
}
22: CustomTrackingRecord [1.9.26] "iCPSTraceTrackingRecord"
23: WorkflowInstance "FilesystemListenerActivity" is Idle
24: Bookmark "6564f92a-cde8-4634-846d-d29229d010af" resumed with payload &lt;iCore.Workflow.Activities.Extensions.ItemSubscriptionEventArgs`1[iCore.Common.Utilities.FileSystemWatcher.FileSystemWatcherFileInfo]&gt; owner [1.9.26] "GetNextFile1"
25: CustomTrackingRecord [1.9.26] "iCPSTraceTrackingRecord"
26: Activity [1.9.26] "GetNextFile1" is Closed
{
    Arguments
        ErrorOnTimeout: False
        SubscriptionId: 00000000-0000-0000-0000-000000000000
        FileName: file.name
        Timeout: 00:00:00
        FileFullName: a:\directory\path\file.name
        IsImplicitlyCancellable: True
        WatchType: Rename
}
27: Activity [1.9.1] "Sequence" scheduled child activity [1.9.19] "AssignProcessingFileName1"
28: Activity [1.9.19] "AssignProcessingFileName1" is Executing
{
    Arguments
        Value: file.name_temp
}
29: Activity [1.9.19] "AssignProcessingFileName1" is Closed
{
    Arguments
        Value: file.name_temp
        To: file.name_temp
}
30: Activity [1.9.1] "Sequence" scheduled child activity [1.9.11] "AssignProcessingFilePath1"
31: Activity [1.9.11] "AssignProcessingFilePath1" is Executing
{
    Arguments
        Value: a:\nother\directory\file.name_temp
}
32: Activity [1.9.11] "AssignProcessingFilePath1" is Closed
{
    Arguments
        Value: a:\nother\directory\file.name_temp
        To: a:\nother\directory\file.name_temp
}
33: Activity [1.9.1] "Sequence" scheduled child activity [1.9.2] "RenameFileCheck1"
34: Activity [1.9.2] "RenameFileCheck1" is Executing
{
    Arguments
        Condition: True
}
35: Activity [1.9.2] "RenameFileCheck1" scheduled child activity [1.9.6] "RenameFile1"
36: Activity [1.9.6] "RenameFile1" is Executing
{
    Arguments
        NewFilename: a:\nother\directory\file.name_temp
        OldFilename: a:\directory\path\file.name
}
37: WorkflowInstance "FilesystemListenerActivity" is Idle
38: Activity [1.9.6] "RenameFile1" is Closed
{
    Arguments
        NewFilename: a:\nother\directory\file.name_temp
        OldFilename: a:\directory\path\file.name
}
39: Activity [1.9.2] "RenameFileCheck1" is Closed
{
    Arguments
        Condition: True
}
40: Activity [1.9.1] "Sequence" is Closed
{
    Variables
        _5ef1bf98_84fe_487c_bb8a_8079780ebfc1_152: Rename
}
41: Activity [1.9] "GetNextFile1" is Closed
{
    Arguments
        ErrorOnTimeout: False
        SubscriptionId: 00000000-0000-0000-0000-000000000000
        Timeout: 00:00:00
        Rename: True
        OriginalFileName: file.name
        ProcessingFilePath: a:\nother\directory\file.name_temp
        MoveFileToDirectory: a:\nother\directory
        IsImplicitlyCancellable: True
        ProcessingFileName: file.name_temp
        OriginalFilePath: a:\directory\path\file.name
}
42: Activity [1.8] "MainSequence1" is Closed
{
    Variables
        configuration: iCore.Workflow.Activities.Filesystem.FileSystemListenerConfiguration
}
43: Activity [1.4] "TryCatch2" scheduled child activity [1.5] "CloseConnection1"
44: Activity [1.5] "CloseConnection1" is Executing
{
    Arguments
        SubscriptionId: 00000000-0000-0000-0000-000000000000
}
45: CustomTrackingRecord [1.5] "iCPSTraceTrackingRecord"
46: Activity [1.5] "CloseConnection1" is Closed
{
    Arguments
        SubscriptionId: 00000000-0000-0000-0000-000000000000
}
47: Activity [1.4] "TryCatch2" is Closed
48: Activity [1.1] "TryCatch1" is Closed
{
    Variables
        connection: 00000000-0000-0000-0000-000000000000
}
49: Activity [1] "FilesystemListenerActivity" is Closed
{
    Arguments
        Directory: a:\directory
        ErrorOnTimeout: False
        Timeout: 00:00:00
        Filter: *.txt
        Rename: True
        OriginalFileName: file.name
        SettleTime: 00:00:00.5550000
        ProcessingFilePath: a:\nother\directory\file.name_temp
        ScanForFileOnStart: True
        MoveFileToDirectory: a:\nother\directory
        IsImplicitlyCancellable: True
        ProcessingFileName: file.name_temp
        OriginalFilePath: a:\directory\path\file.name
        Recursive: False
        WatchType: Rename
}
50: WorkflowInstance "FilesystemListenerActivity" is Completed</StdOut>
      </Output>
    </UnitTestResult>
    <UnitTestResult executionId="c443e8c6-12f3-4b3a-b8cf-23a7a2093f25" testId="9e828bb8-0791-0f9e-3d78-b2de3060a96e" testName="Invoke_RenameMove_OutArgumentProcessingFilePathIsExpected" computerName="ICSWS068" duration="00:00:00.0106683" startTime="2016-08-04T09:58:42.2951110+02:00" endTime="2016-08-04T09:58:42.3071131+02:00" testType="13cdc9d9-ddb5-4fa4-a97d-d965ccfc6d4b" outcome="Passed" testListId="8c84fa94-04c1-424b-9868-57a2d4851a1d" relativeResultsDirectory="c443e8c6-12f3-4b3a-b8cf-23a7a2093f25">
      <Output>
        <StdOut>Debug Trace:
0: WorkflowInstance "FilesystemListenerActivity" is Started
1: Activity [null] "null" scheduled child activity [1] "FilesystemListenerActivity"
2: Activity [1] "FilesystemListenerActivity" is Executing
{
    Arguments
        Directory: a:\directory
        ErrorOnTimeout: False
        Timeout: 00:00:00
        Filter: *.txt
        Rename: True
        SettleTime: 00:00:00.5550000
        ScanForFileOnStart: True
        MoveFileToDirectory: a:\nother\directory
        IsImplicitlyCancellable: True
        Recursive: False
        WatchType: Rename
}
3: Activity [1] "FilesystemListenerActivity" scheduled child activity [1.1] "TryCatch1"
4: Activity [1.1] "TryCatch1" is Executing
{
    Variables
        connection: 00000000-0000-0000-0000-000000000000
}
5: Activity [1.1] "TryCatch1" scheduled child activity [1.4] "TryCatch2"
6: Activity [1.4] "TryCatch2" is Executing
7: Activity [1.4] "TryCatch2" scheduled child activity [1.8] "MainSequence1"
8: Activity [1.8] "MainSequence1" is Executing
{
    Variables
        configuration: iCore.Workflow.Activities.Filesystem.FileSystemListenerConfiguration
}
9: Activity [1.8] "MainSequence1" scheduled child activity [1.35] "CreateConfiguration1"
10: Activity [1.35] "CreateConfiguration1" is Executing
{
    Arguments
        Directory: a:\directory
        Filter: *.txt
        SettleTime: 00:00:00.5550000
        ScanForFileOnStart: True
        Recursive: False
        WatchType: Rename
}
11: Activity [1.35] "CreateConfiguration1" is Closed
{
    Arguments
        Directory: a:\directory
        Filter: *.txt
        Result: iCore.Workflow.Activities.Filesystem.FileSystemListenerConfiguration
        SettleTime: 00:00:00.5550000
        ScanForFileOnStart: True
        Recursive: False
        WatchType: Rename
}
12: Activity [1.8] "MainSequence1" scheduled child activity [1.30] "StartFileSystemListener1"
13: Activity [1.30] "StartFileSystemListener1" is Executing
{
    Arguments
        Configuration: iCore.Workflow.Activities.Filesystem.FileSystemListenerConfiguration
}
14: CustomTrackingRecord [1.30] "iCPSTraceTrackingRecord"
15: Activity [1.30] "StartFileSystemListener1" is Closed
{
    Arguments
        Result: 00000000-0000-0000-0000-000000000000
        Configuration: iCore.Workflow.Activities.Filesystem.FileSystemListenerConfiguration
}
16: Activity [1.8] "MainSequence1" scheduled child activity [1.9] "GetNextFile1"
17: Activity [1.9] "GetNextFile1" is Executing
{
    Arguments
        ErrorOnTimeout: False
        SubscriptionId: 00000000-0000-0000-0000-000000000000
        Timeout: 00:00:00
        Rename: True
        MoveFileToDirectory: a:\nother\directory
        IsImplicitlyCancellable: True
}
18: Activity [1.9] "GetNextFile1" scheduled child activity [1.9.1] "Sequence"
19: Activity [1.9.1] "Sequence" is Executing
{
    Variables
        _5ef1bf98_84fe_487c_bb8a_8079780ebfc1_153: Rename
}
20: Activity [1.9.1] "Sequence" scheduled child activity [1.9.26] "GetNextFile1"
21: Activity [1.9.26] "GetNextFile1" is Executing
{
    Arguments
        ErrorOnTimeout: False
        SubscriptionId: 00000000-0000-0000-0000-000000000000
        Timeout: 00:00:00
        IsImplicitlyCancellable: True
}
22: CustomTrackingRecord [1.9.26] "iCPSTraceTrackingRecord"
23: WorkflowInstance "FilesystemListenerActivity" is Idle
24: Bookmark "ca99d6f6-adb5-40d1-93e2-63e87436451a" resumed with payload &lt;iCore.Workflow.Activities.Extensions.ItemSubscriptionEventArgs`1[iCore.Common.Utilities.FileSystemWatcher.FileSystemWatcherFileInfo]&gt; owner [1.9.26] "GetNextFile1"
25: CustomTrackingRecord [1.9.26] "iCPSTraceTrackingRecord"
26: Activity [1.9.26] "GetNextFile1" is Closed
{
    Arguments
        ErrorOnTimeout: False
        SubscriptionId: 00000000-0000-0000-0000-000000000000
        FileName: file.name
        Timeout: 00:00:00
        FileFullName: a:\directory\path\file.name
        IsImplicitlyCancellable: True
        WatchType: Rename
}
27: Activity [1.9.1] "Sequence" scheduled child activity [1.9.19] "AssignProcessingFileName1"
28: Activity [1.9.19] "AssignProcessingFileName1" is Executing
{
    Arguments
        Value: file.name_temp
}
29: Activity [1.9.19] "AssignProcessingFileName1" is Closed
{
    Arguments
        Value: file.name_temp
        To: file.name_temp
}
30: Activity [1.9.1] "Sequence" scheduled child activity [1.9.11] "AssignProcessingFilePath1"
31: Activity [1.9.11] "AssignProcessingFilePath1" is Executing
{
    Arguments
        Value: a:\nother\directory\file.name_temp
}
32: Activity [1.9.11] "AssignProcessingFilePath1" is Closed
{
    Arguments
        Value: a:\nother\directory\file.name_temp
        To: a:\nother\directory\file.name_temp
}
33: Activity [1.9.1] "Sequence" scheduled child activity [1.9.2] "RenameFileCheck1"
34: Activity [1.9.2] "RenameFileCheck1" is Executing
{
    Arguments
        Condition: True
}
35: Activity [1.9.2] "RenameFileCheck1" scheduled child activity [1.9.6] "RenameFile1"
36: Activity [1.9.6] "RenameFile1" is Executing
{
    Arguments
        NewFilename: a:\nother\directory\file.name_temp
        OldFilename: a:\directory\path\file.name
}
37: WorkflowInstance "FilesystemListenerActivity" is Idle
38: Activity [1.9.6] "RenameFile1" is Closed
{
    Arguments
        NewFilename: a:\nother\directory\file.name_temp
        OldFilename: a:\directory\path\file.name
}
39: Activity [1.9.2] "RenameFileCheck1" is Closed
{
    Arguments
        Condition: True
}
40: Activity [1.9.1] "Sequence" is Closed
{
    Variables
        _5ef1bf98_84fe_487c_bb8a_8079780ebfc1_154: Rename
}
41: Activity [1.9] "GetNextFile1" is Closed
{
    Arguments
        ErrorOnTimeout: False
        SubscriptionId: 00000000-0000-0000-0000-000000000000
        Timeout: 00:00:00
        Rename: True
        OriginalFileName: file.name
        ProcessingFilePath: a:\nother\directory\file.name_temp
        MoveFileToDirectory: a:\nother\directory
        IsImplicitlyCancellable: True
        ProcessingFileName: file.name_temp
        OriginalFilePath: a:\directory\path\file.name
}
42: Activity [1.8] "MainSequence1" is Closed
{
    Variables
        configuration: iCore.Workflow.Activities.Filesystem.FileSystemListenerConfiguration
}
43: Activity [1.4] "TryCatch2" scheduled child activity [1.5] "CloseConnection1"
44: Activity [1.5] "CloseConnection1" is Executing
{
    Arguments
        SubscriptionId: 00000000-0000-0000-0000-000000000000
}
45: CustomTrackingRecord [1.5] "iCPSTraceTrackingRecord"
46: Activity [1.5] "CloseConnection1" is Closed
{
    Arguments
        SubscriptionId: 00000000-0000-0000-0000-000000000000
}
47: Activity [1.4] "TryCatch2" is Closed
48: Activity [1.1] "TryCatch1" is Closed
{
    Variables
        connection: 00000000-0000-0000-0000-000000000000
}
49: Activity [1] "FilesystemListenerActivity" is Closed
{
    Arguments
        Directory: a:\directory
        ErrorOnTimeout: False
        Timeout: 00:00:00
        Filter: *.txt
        Rename: True
        OriginalFileName: file.name
        SettleTime: 00:00:00.5550000
        ProcessingFilePath: a:\nother\directory\file.name_temp
        ScanForFileOnStart: True
        MoveFileToDirectory: a:\nother\directory
        IsImplicitlyCancellable: True
        ProcessingFileName: file.name_temp
        OriginalFilePath: a:\directory\path\file.name
        Recursive: False
        WatchType: Rename
}
50: WorkflowInstance "FilesystemListenerActivity" is Completed</StdOut>
      </Output>
    </UnitTestResult>
    <UnitTestResult executionId="be3c2166-6e40-4092-a7f5-393fec2d47cb" testId="335a80c9-454e-518f-4bc9-8472bc09d36b" testName="Invoke_NoRenameMove_OutArgumentOriginalFileNameIsExpected" computerName="ICSWS068" duration="00:00:00.0117167" startTime="2016-08-04T09:58:42.3106151+02:00" endTime="2016-08-04T09:58:42.3241251+02:00" testType="13cdc9d9-ddb5-4fa4-a97d-d965ccfc6d4b" outcome="Passed" testListId="8c84fa94-04c1-424b-9868-57a2d4851a1d" relativeResultsDirectory="be3c2166-6e40-4092-a7f5-393fec2d47cb">
      <Output>
        <StdOut>Debug Trace:
0: WorkflowInstance "FilesystemListenerActivity" is Started
1: Activity [null] "null" scheduled child activity [1] "FilesystemListenerActivity"
2: Activity [1] "FilesystemListenerActivity" is Executing
{
    Arguments
        Directory: a:\directory
        ErrorOnTimeout: False
        Timeout: 00:00:00
        Filter: *.txt
        Rename: False
        SettleTime: 00:00:00.5550000
        ScanForFileOnStart: True
        MoveFileToDirectory: a:\nother\directory
        IsImplicitlyCancellable: True
        Recursive: False
        WatchType: Rename
}
3: Activity [1] "FilesystemListenerActivity" scheduled child activity [1.1] "TryCatch1"
4: Activity [1.1] "TryCatch1" is Executing
{
    Variables
        connection: 00000000-0000-0000-0000-000000000000
}
5: Activity [1.1] "TryCatch1" scheduled child activity [1.4] "TryCatch2"
6: Activity [1.4] "TryCatch2" is Executing
7: Activity [1.4] "TryCatch2" scheduled child activity [1.8] "MainSequence1"
8: Activity [1.8] "MainSequence1" is Executing
{
    Variables
        configuration: iCore.Workflow.Activities.Filesystem.FileSystemListenerConfiguration
}
9: Activity [1.8] "MainSequence1" scheduled child activity [1.35] "CreateConfiguration1"
10: Activity [1.35] "CreateConfiguration1" is Executing
{
    Arguments
        Directory: a:\directory
        Filter: *.txt
        SettleTime: 00:00:00.5550000
        ScanForFileOnStart: True
        Recursive: False
        WatchType: Rename
}
11: Activity [1.35] "CreateConfiguration1" is Closed
{
    Arguments
        Directory: a:\directory
        Filter: *.txt
        Result: iCore.Workflow.Activities.Filesystem.FileSystemListenerConfiguration
        SettleTime: 00:00:00.5550000
        ScanForFileOnStart: True
        Recursive: False
        WatchType: Rename
}
12: Activity [1.8] "MainSequence1" scheduled child activity [1.30] "StartFileSystemListener1"
13: Activity [1.30] "StartFileSystemListener1" is Executing
{
    Arguments
        Configuration: iCore.Workflow.Activities.Filesystem.FileSystemListenerConfiguration
}
14: CustomTrackingRecord [1.30] "iCPSTraceTrackingRecord"
15: Activity [1.30] "StartFileSystemListener1" is Closed
{
    Arguments
        Result: 00000000-0000-0000-0000-000000000000
        Configuration: iCore.Workflow.Activities.Filesystem.FileSystemListenerConfiguration
}
16: Activity [1.8] "MainSequence1" scheduled child activity [1.9] "GetNextFile1"
17: Activity [1.9] "GetNextFile1" is Executing
{
    Arguments
        ErrorOnTimeout: False
        SubscriptionId: 00000000-0000-0000-0000-000000000000
        Timeout: 00:00:00
        Rename: False
        MoveFileToDirectory: a:\nother\directory
        IsImplicitlyCancellable: True
}
18: Activity [1.9] "GetNextFile1" scheduled child activity [1.9.1] "Sequence"
19: Activity [1.9.1] "Sequence" is Executing
{
    Variables
        _5ef1bf98_84fe_487c_bb8a_8079780ebfc1_155: Rename
}
20: Activity [1.9.1] "Sequence" scheduled child activity [1.9.26] "GetNextFile1"
21: Activity [1.9.26] "GetNextFile1" is Executing
{
    Arguments
        ErrorOnTimeout: False
        SubscriptionId: 00000000-0000-0000-0000-000000000000
        Timeout: 00:00:00
        IsImplicitlyCancellable: True
}
22: CustomTrackingRecord [1.9.26] "iCPSTraceTrackingRecord"
23: WorkflowInstance "FilesystemListenerActivity" is Idle
24: Bookmark "5e4cd58f-cd57-4bbd-9a07-c2b57d8a7b01" resumed with payload &lt;iCore.Workflow.Activities.Extensions.ItemSubscriptionEventArgs`1[iCore.Common.Utilities.FileSystemWatcher.FileSystemWatcherFileInfo]&gt; owner [1.9.26] "GetNextFile1"
25: CustomTrackingRecord [1.9.26] "iCPSTraceTrackingRecord"
26: Activity [1.9.26] "GetNextFile1" is Closed
{
    Arguments
        ErrorOnTimeout: False
        SubscriptionId: 00000000-0000-0000-0000-000000000000
        FileName: file.name
        Timeout: 00:00:00
        FileFullName: a:\directory\path\file.name
        IsImplicitlyCancellable: True
        WatchType: Rename
}
27: Activity [1.9.1] "Sequence" scheduled child activity [1.9.19] "AssignProcessingFileName1"
28: Activity [1.9.19] "AssignProcessingFileName1" is Executing
{
    Arguments
        Value: file.name
}
29: Activity [1.9.19] "AssignProcessingFileName1" is Closed
{
    Arguments
        Value: file.name
        To: file.name
}
30: Activity [1.9.1] "Sequence" scheduled child activity [1.9.11] "AssignProcessingFilePath1"
31: Activity [1.9.11] "AssignProcessingFilePath1" is Executing
{
    Arguments
        Value: a:\nother\directory\file.name
}
32: Activity [1.9.11] "AssignProcessingFilePath1" is Closed
{
    Arguments
        Value: a:\nother\directory\file.name
        To: a:\nother\directory\file.name
}
33: Activity [1.9.1] "Sequence" scheduled child activity [1.9.2] "RenameFileCheck1"
34: Activity [1.9.2] "RenameFileCheck1" is Executing
{
    Arguments
        Condition: True
}
35: Activity [1.9.2] "RenameFileCheck1" scheduled child activity [1.9.6] "RenameFile1"
36: Activity [1.9.6] "RenameFile1" is Executing
{
    Arguments
        NewFilename: a:\nother\directory\file.name
        OldFilename: a:\directory\path\file.name
}
37: WorkflowInstance "FilesystemListenerActivity" is Idle
38: Activity [1.9.6] "RenameFile1" is Closed
{
    Arguments
        NewFilename: a:\nother\directory\file.name
        OldFilename: a:\directory\path\file.name
}
39: Activity [1.9.2] "RenameFileCheck1" is Closed
{
    Arguments
        Condition: True
}
40: Activity [1.9.1] "Sequence" is Closed
{
    Variables
        _5ef1bf98_84fe_487c_bb8a_8079780ebfc1_156: Rename
}
41: Activity [1.9] "GetNextFile1" is Closed
{
    Arguments
        ErrorOnTimeout: False
        SubscriptionId: 00000000-0000-0000-0000-000000000000
        Timeout: 00:00:00
        Rename: False
        OriginalFileName: file.name
        ProcessingFilePath: a:\nother\directory\file.name
        MoveFileToDirectory: a:\nother\directory
        IsImplicitlyCancellable: True
        ProcessingFileName: file.name
        OriginalFilePath: a:\directory\path\file.name
}
42: Activity [1.8] "MainSequence1" is Closed
{
    Variables
        configuration: iCore.Workflow.Activities.Filesystem.FileSystemListenerConfiguration
}
43: Activity [1.4] "TryCatch2" scheduled child activity [1.5] "CloseConnection1"
44: Activity [1.5] "CloseConnection1" is Executing
{
    Arguments
        SubscriptionId: 00000000-0000-0000-0000-000000000000
}
45: CustomTrackingRecord [1.5] "iCPSTraceTrackingRecord"
46: Activity [1.5] "CloseConnection1" is Closed
{
    Arguments
        SubscriptionId: 00000000-0000-0000-0000-000000000000
}
47: Activity [1.4] "TryCatch2" is Closed
48: Activity [1.1] "TryCatch1" is Closed
{
    Variables
        connection: 00000000-0000-0000-0000-000000000000
}
49: Activity [1] "FilesystemListenerActivity" is Closed
{
    Arguments
        Directory: a:\directory
        ErrorOnTimeout: False
        Timeout: 00:00:00
        Filter: *.txt
        Rename: False
        OriginalFileName: file.name
        SettleTime: 00:00:00.5550000
        ProcessingFilePath: a:\nother\directory\file.name
        ScanForFileOnStart: True
        MoveFileToDirectory: a:\nother\directory
        IsImplicitlyCancellable: True
        ProcessingFileName: file.name
        OriginalFilePath: a:\directory\path\file.name
        Recursive: False
        WatchType: Rename
}
50: WorkflowInstance "FilesystemListenerActivity" is Completed</StdOut>
      </Output>
    </UnitTestResult>
    <UnitTestResult executionId="d0513f0f-3516-44b0-b873-145058952069" testId="e563133a-ac44-e5da-b576-8941a74f93c0" testName="Invoke_NoRenameMove_OutArgumentOriginalFilePathIsExpected" computerName="ICSWS068" duration="00:00:00.0097848" startTime="2016-08-04T09:58:42.3276268+02:00" endTime="2016-08-04T09:58:42.3387697+02:00" testType="13cdc9d9-ddb5-4fa4-a97d-d965ccfc6d4b" outcome="Passed" testListId="8c84fa94-04c1-424b-9868-57a2d4851a1d" relativeResultsDirectory="d0513f0f-3516-44b0-b873-145058952069">
      <Output>
        <StdOut>Debug Trace:
0: WorkflowInstance "FilesystemListenerActivity" is Started
1: Activity [null] "null" scheduled child activity [1] "FilesystemListenerActivity"
2: Activity [1] "FilesystemListenerActivity" is Executing
{
    Arguments
        Directory: a:\directory
        ErrorOnTimeout: False
        Timeout: 00:00:00
        Filter: *.txt
        Rename: False
        SettleTime: 00:00:00.5550000
        ScanForFileOnStart: True
        MoveFileToDirectory: a:\nother\directory
        IsImplicitlyCancellable: True
        Recursive: False
        WatchType: Rename
}
3: Activity [1] "FilesystemListenerActivity" scheduled child activity [1.1] "TryCatch1"
4: Activity [1.1] "TryCatch1" is Executing
{
    Variables
        connection: 00000000-0000-0000-0000-000000000000
}
5: Activity [1.1] "TryCatch1" scheduled child activity [1.4] "TryCatch2"
6: Activity [1.4] "TryCatch2" is Executing
7: Activity [1.4] "TryCatch2" scheduled child activity [1.8] "MainSequence1"
8: Activity [1.8] "MainSequence1" is Executing
{
    Variables
        configuration: iCore.Workflow.Activities.Filesystem.FileSystemListenerConfiguration
}
9: Activity [1.8] "MainSequence1" scheduled child activity [1.35] "CreateConfiguration1"
10: Activity [1.35] "CreateConfiguration1" is Executing
{
    Arguments
        Directory: a:\directory
        Filter: *.txt
        SettleTime: 00:00:00.5550000
        ScanForFileOnStart: True
        Recursive: False
        WatchType: Rename
}
11: Activity [1.35] "CreateConfiguration1" is Closed
{
    Arguments
        Directory: a:\directory
        Filter: *.txt
        Result: iCore.Workflow.Activities.Filesystem.FileSystemListenerConfiguration
        SettleTime: 00:00:00.5550000
        ScanForFileOnStart: True
        Recursive: False
        WatchType: Rename
}
12: Activity [1.8] "MainSequence1" scheduled child activity [1.30] "StartFileSystemListener1"
13: Activity [1.30] "StartFileSystemListener1" is Executing
{
    Arguments
        Configuration: iCore.Workflow.Activities.Filesystem.FileSystemListenerConfiguration
}
14: CustomTrackingRecord [1.30] "iCPSTraceTrackingRecord"
15: Activity [1.30] "StartFileSystemListener1" is Closed
{
    Arguments
        Result: 00000000-0000-0000-0000-000000000000
        Configuration: iCore.Workflow.Activities.Filesystem.FileSystemListenerConfiguration
}
16: Activity [1.8] "MainSequence1" scheduled child activity [1.9] "GetNextFile1"
17: Activity [1.9] "GetNextFile1" is Executing
{
    Arguments
        ErrorOnTimeout: False
        SubscriptionId: 00000000-0000-0000-0000-000000000000
        Timeout: 00:00:00
        Rename: False
        MoveFileToDirectory: a:\nother\directory
        IsImplicitlyCancellable: True
}
18: Activity [1.9] "GetNextFile1" scheduled child activity [1.9.1] "Sequence"
19: Activity [1.9.1] "Sequence" is Executing
{
    Variables
        _5ef1bf98_84fe_487c_bb8a_8079780ebfc1_157: Rename
}
20: Activity [1.9.1] "Sequence" scheduled child activity [1.9.26] "GetNextFile1"
21: Activity [1.9.26] "GetNextFile1" is Executing
{
    Arguments
        ErrorOnTimeout: False
        SubscriptionId: 00000000-0000-0000-0000-000000000000
        Timeout: 00:00:00
        IsImplicitlyCancellable: True
}
22: CustomTrackingRecord [1.9.26] "iCPSTraceTrackingRecord"
23: WorkflowInstance "FilesystemListenerActivity" is Idle
24: Bookmark "e77e6df7-ee37-442e-a1ad-b16da63449b2" resumed with payload &lt;iCore.Workflow.Activities.Extensions.ItemSubscriptionEventArgs`1[iCore.Common.Utilities.FileSystemWatcher.FileSystemWatcherFileInfo]&gt; owner [1.9.26] "GetNextFile1"
25: CustomTrackingRecord [1.9.26] "iCPSTraceTrackingRecord"
26: Activity [1.9.26] "GetNextFile1" is Closed
{
    Arguments
        ErrorOnTimeout: False
        SubscriptionId: 00000000-0000-0000-0000-000000000000
        FileName: file.name
        Timeout: 00:00:00
        FileFullName: a:\directory\path\file.name
        IsImplicitlyCancellable: True
        WatchType: Rename
}
27: Activity [1.9.1] "Sequence" scheduled child activity [1.9.19] "AssignProcessingFileName1"
28: Activity [1.9.19] "AssignProcessingFileName1" is Executing
{
    Arguments
        Value: file.name
}
29: Activity [1.9.19] "AssignProcessingFileName1" is Closed
{
    Arguments
        Value: file.name
        To: file.name
}
30: Activity [1.9.1] "Sequence" scheduled child activity [1.9.11] "AssignProcessingFilePath1"
31: Activity [1.9.11] "AssignProcessingFilePath1" is Executing
{
    Arguments
        Value: a:\nother\directory\file.name
}
32: Activity [1.9.11] "AssignProcessingFilePath1" is Closed
{
    Arguments
        Value: a:\nother\directory\file.name
        To: a:\nother\directory\file.name
}
33: Activity [1.9.1] "Sequence" scheduled child activity [1.9.2] "RenameFileCheck1"
34: Activity [1.9.2] "RenameFileCheck1" is Executing
{
    Arguments
        Condition: True
}
35: Activity [1.9.2] "RenameFileCheck1" scheduled child activity [1.9.6] "RenameFile1"
36: Activity [1.9.6] "RenameFile1" is Executing
{
    Arguments
        NewFilename: a:\nother\directory\file.name
        OldFilename: a:\directory\path\file.name
}
37: WorkflowInstance "FilesystemListenerActivity" is Idle
38: Activity [1.9.6] "RenameFile1" is Closed
{
    Arguments
        NewFilename: a:\nother\directory\file.name
        OldFilename: a:\directory\path\file.name
}
39: Activity [1.9.2] "RenameFileCheck1" is Closed
{
    Arguments
        Condition: True
}
40: Activity [1.9.1] "Sequence" is Closed
{
    Variables
        _5ef1bf98_84fe_487c_bb8a_8079780ebfc1_158: Rename
}
41: Activity [1.9] "GetNextFile1" is Closed
{
    Arguments
        ErrorOnTimeout: False
        SubscriptionId: 00000000-0000-0000-0000-000000000000
        Timeout: 00:00:00
        Rename: False
        OriginalFileName: file.name
        ProcessingFilePath: a:\nother\directory\file.name
        MoveFileToDirectory: a:\nother\directory
        IsImplicitlyCancellable: True
        ProcessingFileName: file.name
        OriginalFilePath: a:\directory\path\file.name
}
42: Activity [1.8] "MainSequence1" is Closed
{
    Variables
        configuration: iCore.Workflow.Activities.Filesystem.FileSystemListenerConfiguration
}
43: Activity [1.4] "TryCatch2" scheduled child activity [1.5] "CloseConnection1"
44: Activity [1.5] "CloseConnection1" is Executing
{
    Arguments
        SubscriptionId: 00000000-0000-0000-0000-000000000000
}
45: CustomTrackingRecord [1.5] "iCPSTraceTrackingRecord"
46: Activity [1.5] "CloseConnection1" is Closed
{
    Arguments
        SubscriptionId: 00000000-0000-0000-0000-000000000000
}
47: Activity [1.4] "TryCatch2" is Closed
48: Activity [1.1] "TryCatch1" is Closed
{
    Variables
        connection: 00000000-0000-0000-0000-000000000000
}
49: Activity [1] "FilesystemListenerActivity" is Closed
{
    Arguments
        Directory: a:\directory
        ErrorOnTimeout: False
        Timeout: 00:00:00
        Filter: *.txt
        Rename: False
        OriginalFileName: file.name
        SettleTime: 00:00:00.5550000
        ProcessingFilePath: a:\nother\directory\file.name
        ScanForFileOnStart: True
        MoveFileToDirectory: a:\nother\directory
        IsImplicitlyCancellable: True
        ProcessingFileName: file.name
        OriginalFilePath: a:\directory\path\file.name
        Recursive: False
        WatchType: Rename
}
50: WorkflowInstance "FilesystemListenerActivity" is Completed</StdOut>
      </Output>
    </UnitTestResult>
    <UnitTestResult executionId="36773703-fac6-4d42-a433-318351bb11c4" testId="8da4cee4-e3a7-7d7d-0ad6-987f920d6d71" testName="Invoke_NoRenameMove_OutArgumentProcessingFileNameIsExpected" computerName="ICSWS068" duration="00:00:00.0121287" startTime="2016-08-04T09:58:42.3422720+02:00" endTime="2016-08-04T09:58:42.3567615+02:00" testType="13cdc9d9-ddb5-4fa4-a97d-d965ccfc6d4b" outcome="Passed" testListId="8c84fa94-04c1-424b-9868-57a2d4851a1d" relativeResultsDirectory="36773703-fac6-4d42-a433-318351bb11c4">
      <Output>
        <StdOut>Debug Trace:
0: WorkflowInstance "FilesystemListenerActivity" is Started
1: Activity [null] "null" scheduled child activity [1] "FilesystemListenerActivity"
2: Activity [1] "FilesystemListenerActivity" is Executing
{
    Arguments
        Directory: a:\directory
        ErrorOnTimeout: False
        Timeout: 00:00:00
        Filter: *.txt
        Rename: False
        SettleTime: 00:00:00.5550000
        ScanForFileOnStart: True
        MoveFileToDirectory: a:\nother\directory
        IsImplicitlyCancellable: True
        Recursive: False
        WatchType: Rename
}
3: Activity [1] "FilesystemListenerActivity" scheduled child activity [1.1] "TryCatch1"
4: Activity [1.1] "TryCatch1" is Executing
{
    Variables
        connection: 00000000-0000-0000-0000-000000000000
}
5: Activity [1.1] "TryCatch1" scheduled child activity [1.4] "TryCatch2"
6: Activity [1.4] "TryCatch2" is Executing
7: Activity [1.4] "TryCatch2" scheduled child activity [1.8] "MainSequence1"
8: Activity [1.8] "MainSequence1" is Executing
{
    Variables
        configuration: iCore.Workflow.Activities.Filesystem.FileSystemListenerConfiguration
}
9: Activity [1.8] "MainSequence1" scheduled child activity [1.35] "CreateConfiguration1"
10: Activity [1.35] "CreateConfiguration1" is Executing
{
    Arguments
        Directory: a:\directory
        Filter: *.txt
        SettleTime: 00:00:00.5550000
        ScanForFileOnStart: True
        Recursive: False
        WatchType: Rename
}
11: Activity [1.35] "CreateConfiguration1" is Closed
{
    Arguments
        Directory: a:\directory
        Filter: *.txt
        Result: iCore.Workflow.Activities.Filesystem.FileSystemListenerConfiguration
        SettleTime: 00:00:00.5550000
        ScanForFileOnStart: True
        Recursive: False
        WatchType: Rename
}
12: Activity [1.8] "MainSequence1" scheduled child activity [1.30] "StartFileSystemListener1"
13: Activity [1.30] "StartFileSystemListener1" is Executing
{
    Arguments
        Configuration: iCore.Workflow.Activities.Filesystem.FileSystemListenerConfiguration
}
14: CustomTrackingRecord [1.30] "iCPSTraceTrackingRecord"
15: Activity [1.30] "StartFileSystemListener1" is Closed
{
    Arguments
        Result: 00000000-0000-0000-0000-000000000000
        Configuration: iCore.Workflow.Activities.Filesystem.FileSystemListenerConfiguration
}
16: Activity [1.8] "MainSequence1" scheduled child activity [1.9] "GetNextFile1"
17: Activity [1.9] "GetNextFile1" is Executing
{
    Arguments
        ErrorOnTimeout: False
        SubscriptionId: 00000000-0000-0000-0000-000000000000
        Timeout: 00:00:00
        Rename: False
        MoveFileToDirectory: a:\nother\directory
        IsImplicitlyCancellable: True
}
18: Activity [1.9] "GetNextFile1" scheduled child activity [1.9.1] "Sequence"
19: Activity [1.9.1] "Sequence" is Executing
{
    Variables
        _5ef1bf98_84fe_487c_bb8a_8079780ebfc1_159: Rename
}
20: Activity [1.9.1] "Sequence" scheduled child activity [1.9.26] "GetNextFile1"
21: Activity [1.9.26] "GetNextFile1" is Executing
{
    Arguments
        ErrorOnTimeout: False
        SubscriptionId: 00000000-0000-0000-0000-000000000000
        Timeout: 00:00:00
        IsImplicitlyCancellable: True
}
22: CustomTrackingRecord [1.9.26] "iCPSTraceTrackingRecord"
23: WorkflowInstance "FilesystemListenerActivity" is Idle
24: Bookmark "ae872b5a-04d4-4314-a7dd-fa3e81952f9b" resumed with payload &lt;iCore.Workflow.Activities.Extensions.ItemSubscriptionEventArgs`1[iCore.Common.Utilities.FileSystemWatcher.FileSystemWatcherFileInfo]&gt; owner [1.9.26] "GetNextFile1"
25: CustomTrackingRecord [1.9.26] "iCPSTraceTrackingRecord"
26: Activity [1.9.26] "GetNextFile1" is Closed
{
    Arguments
        ErrorOnTimeout: False
        SubscriptionId: 00000000-0000-0000-0000-000000000000
        FileName: file.name
        Timeout: 00:00:00
        FileFullName: a:\directory\path\file.name
        IsImplicitlyCancellable: True
        WatchType: Rename
}
27: Activity [1.9.1] "Sequence" scheduled child activity [1.9.19] "AssignProcessingFileName1"
28: Activity [1.9.19] "AssignProcessingFileName1" is Executing
{
    Arguments
        Value: file.name
}
29: Activity [1.9.19] "AssignProcessingFileName1" is Closed
{
    Arguments
        Value: file.name
        To: file.name
}
30: Activity [1.9.1] "Sequence" scheduled child activity [1.9.11] "AssignProcessingFilePath1"
31: Activity [1.9.11] "AssignProcessingFilePath1" is Executing
{
    Arguments
        Value: a:\nother\directory\file.name
}
32: Activity [1.9.11] "AssignProcessingFilePath1" is Closed
{
    Arguments
        Value: a:\nother\directory\file.name
        To: a:\nother\directory\file.name
}
33: Activity [1.9.1] "Sequence" scheduled child activity [1.9.2] "RenameFileCheck1"
34: Activity [1.9.2] "RenameFileCheck1" is Executing
{
    Arguments
        Condition: True
}
35: Activity [1.9.2] "RenameFileCheck1" scheduled child activity [1.9.6] "RenameFile1"
36: Activity [1.9.6] "RenameFile1" is Executing
{
    Arguments
        NewFilename: a:\nother\directory\file.name
        OldFilename: a:\directory\path\file.name
}
37: WorkflowInstance "FilesystemListenerActivity" is Idle
38: Activity [1.9.6] "RenameFile1" is Closed
{
    Arguments
        NewFilename: a:\nother\directory\file.name
        OldFilename: a:\directory\path\file.name
}
39: Activity [1.9.2] "RenameFileCheck1" is Closed
{
    Arguments
        Condition: True
}
40: Activity [1.9.1] "Sequence" is Closed
{
    Variables
        _5ef1bf98_84fe_487c_bb8a_8079780ebfc1_160: Rename
}
41: Activity [1.9] "GetNextFile1" is Closed
{
    Arguments
        ErrorOnTimeout: False
        SubscriptionId: 00000000-0000-0000-0000-000000000000
        Timeout: 00:00:00
        Rename: False
        OriginalFileName: file.name
        ProcessingFilePath: a:\nother\directory\file.name
        MoveFileToDirectory: a:\nother\directory
        IsImplicitlyCancellable: True
        ProcessingFileName: file.name
        OriginalFilePath: a:\directory\path\file.name
}
42: Activity [1.8] "MainSequence1" is Closed
{
    Variables
        configuration: iCore.Workflow.Activities.Filesystem.FileSystemListenerConfiguration
}
43: Activity [1.4] "TryCatch2" scheduled child activity [1.5] "CloseConnection1"
44: Activity [1.5] "CloseConnection1" is Executing
{
    Arguments
        SubscriptionId: 00000000-0000-0000-0000-000000000000
}
45: CustomTrackingRecord [1.5] "iCPSTraceTrackingRecord"
46: Activity [1.5] "CloseConnection1" is Closed
{
    Arguments
        SubscriptionId: 00000000-0000-0000-0000-000000000000
}
47: Activity [1.4] "TryCatch2" is Closed
48: Activity [1.1] "TryCatch1" is Closed
{
    Variables
        connection: 00000000-0000-0000-0000-000000000000
}
49: Activity [1] "FilesystemListenerActivity" is Closed
{
    Arguments
        Directory: a:\directory
        ErrorOnTimeout: False
        Timeout: 00:00:00
        Filter: *.txt
        Rename: False
        OriginalFileName: file.name
        SettleTime: 00:00:00.5550000
        ProcessingFilePath: a:\nother\directory\file.name
        ScanForFileOnStart: True
        MoveFileToDirectory: a:\nother\directory
        IsImplicitlyCancellable: True
        ProcessingFileName: file.name
        OriginalFilePath: a:\directory\path\file.name
        Recursive: False
        WatchType: Rename
}
50: WorkflowInstance "FilesystemListenerActivity" is Completed</StdOut>
      </Output>
    </UnitTestResult>
    <UnitTestResult executionId="ac52427a-d898-41c1-a3d1-9cb2ede2904b" testId="f16dded2-c804-9c38-e0eb-aab5df3cd7d1" testName="Invoke_NoRenameMove_OutArgumentProcessingFilePathIsExpected" computerName="ICSWS068" duration="00:00:00.0101241" startTime="2016-08-04T09:58:42.3597638+02:00" endTime="2016-08-04T09:58:42.3717572+02:00" testType="13cdc9d9-ddb5-4fa4-a97d-d965ccfc6d4b" outcome="Passed" testListId="8c84fa94-04c1-424b-9868-57a2d4851a1d" relativeResultsDirectory="ac52427a-d898-41c1-a3d1-9cb2ede2904b">
      <Output>
        <StdOut>Debug Trace:
0: WorkflowInstance "FilesystemListenerActivity" is Started
1: Activity [null] "null" scheduled child activity [1] "FilesystemListenerActivity"
2: Activity [1] "FilesystemListenerActivity" is Executing
{
    Arguments
        Directory: a:\directory
        ErrorOnTimeout: False
        Timeout: 00:00:00
        Filter: *.txt
        Rename: False
        SettleTime: 00:00:00.5550000
        ScanForFileOnStart: True
        MoveFileToDirectory: a:\nother\directory
        IsImplicitlyCancellable: True
        Recursive: False
        WatchType: Rename
}
3: Activity [1] "FilesystemListenerActivity" scheduled child activity [1.1] "TryCatch1"
4: Activity [1.1] "TryCatch1" is Executing
{
    Variables
        connection: 00000000-0000-0000-0000-000000000000
}
5: Activity [1.1] "TryCatch1" scheduled child activity [1.4] "TryCatch2"
6: Activity [1.4] "TryCatch2" is Executing
7: Activity [1.4] "TryCatch2" scheduled child activity [1.8] "MainSequence1"
8: Activity [1.8] "MainSequence1" is Executing
{
    Variables
        configuration: iCore.Workflow.Activities.Filesystem.FileSystemListenerConfiguration
}
9: Activity [1.8] "MainSequence1" scheduled child activity [1.35] "CreateConfiguration1"
10: Activity [1.35] "CreateConfiguration1" is Executing
{
    Arguments
        Directory: a:\directory
        Filter: *.txt
        SettleTime: 00:00:00.5550000
        ScanForFileOnStart: True
        Recursive: False
        WatchType: Rename
}
11: Activity [1.35] "CreateConfiguration1" is Closed
{
    Arguments
        Directory: a:\directory
        Filter: *.txt
        Result: iCore.Workflow.Activities.Filesystem.FileSystemListenerConfiguration
        SettleTime: 00:00:00.5550000
        ScanForFileOnStart: True
        Recursive: False
        WatchType: Rename
}
12: Activity [1.8] "MainSequence1" scheduled child activity [1.30] "StartFileSystemListener1"
13: Activity [1.30] "StartFileSystemListener1" is Executing
{
    Arguments
        Configuration: iCore.Workflow.Activities.Filesystem.FileSystemListenerConfiguration
}
14: CustomTrackingRecord [1.30] "iCPSTraceTrackingRecord"
15: Activity [1.30] "StartFileSystemListener1" is Closed
{
    Arguments
        Result: 00000000-0000-0000-0000-000000000000
        Configuration: iCore.Workflow.Activities.Filesystem.FileSystemListenerConfiguration
}
16: Activity [1.8] "MainSequence1" scheduled child activity [1.9] "GetNextFile1"
17: Activity [1.9] "GetNextFile1" is Executing
{
    Arguments
        ErrorOnTimeout: False
        SubscriptionId: 00000000-0000-0000-0000-000000000000
        Timeout: 00:00:00
        Rename: False
        MoveFileToDirectory: a:\nother\directory
        IsImplicitlyCancellable: True
}
18: Activity [1.9] "GetNextFile1" scheduled child activity [1.9.1] "Sequence"
19: Activity [1.9.1] "Sequence" is Executing
{
    Variables
        _5ef1bf98_84fe_487c_bb8a_8079780ebfc1_161: Rename
}
20: Activity [1.9.1] "Sequence" scheduled child activity [1.9.26] "GetNextFile1"
21: Activity [1.9.26] "GetNextFile1" is Executing
{
    Arguments
        ErrorOnTimeout: False
        SubscriptionId: 00000000-0000-0000-0000-000000000000
        Timeout: 00:00:00
        IsImplicitlyCancellable: True
}
22: CustomTrackingRecord [1.9.26] "iCPSTraceTrackingRecord"
23: WorkflowInstance "FilesystemListenerActivity" is Idle
24: Bookmark "de7ea034-782f-4b63-83a6-9cab10e12d84" resumed with payload &lt;iCore.Workflow.Activities.Extensions.ItemSubscriptionEventArgs`1[iCore.Common.Utilities.FileSystemWatcher.FileSystemWatcherFileInfo]&gt; owner [1.9.26] "GetNextFile1"
25: CustomTrackingRecord [1.9.26] "iCPSTraceTrackingRecord"
26: Activity [1.9.26] "GetNextFile1" is Closed
{
    Arguments
        ErrorOnTimeout: False
        SubscriptionId: 00000000-0000-0000-0000-000000000000
        FileName: file.name
        Timeout: 00:00:00
        FileFullName: a:\directory\path\file.name
        IsImplicitlyCancellable: True
        WatchType: Rename
}
27: Activity [1.9.1] "Sequence" scheduled child activity [1.9.19] "AssignProcessingFileName1"
28: Activity [1.9.19] "AssignProcessingFileName1" is Executing
{
    Arguments
        Value: file.name
}
29: Activity [1.9.19] "AssignProcessingFileName1" is Closed
{
    Arguments
        Value: file.name
        To: file.name
}
30: Activity [1.9.1] "Sequence" scheduled child activity [1.9.11] "AssignProcessingFilePath1"
31: Activity [1.9.11] "AssignProcessingFilePath1" is Executing
{
    Arguments
        Value: a:\nother\directory\file.name
}
32: Activity [1.9.11] "AssignProcessingFilePath1" is Closed
{
    Arguments
        Value: a:\nother\directory\file.name
        To: a:\nother\directory\file.name
}
33: Activity [1.9.1] "Sequence" scheduled child activity [1.9.2] "RenameFileCheck1"
34: Activity [1.9.2] "RenameFileCheck1" is Executing
{
    Arguments
        Condition: True
}
35: Activity [1.9.2] "RenameFileCheck1" scheduled child activity [1.9.6] "RenameFile1"
36: Activity [1.9.6] "RenameFile1" is Executing
{
    Arguments
        NewFilename: a:\nother\directory\file.name
        OldFilename: a:\directory\path\file.name
}
37: WorkflowInstance "FilesystemListenerActivity" is Idle
38: Activity [1.9.6] "RenameFile1" is Closed
{
    Arguments
        NewFilename: a:\nother\directory\file.name
        OldFilename: a:\directory\path\file.name
}
39: Activity [1.9.2] "RenameFileCheck1" is Closed
{
    Arguments
        Condition: True
}
40: Activity [1.9.1] "Sequence" is Closed
{
    Variables
        _5ef1bf98_84fe_487c_bb8a_8079780ebfc1_162: Rename
}
41: Activity [1.9] "GetNextFile1" is Closed
{
    Arguments
        ErrorOnTimeout: False
        SubscriptionId: 00000000-0000-0000-0000-000000000000
        Timeout: 00:00:00
        Rename: False
        OriginalFileName: file.name
        ProcessingFilePath: a:\nother\directory\file.name
        MoveFileToDirectory: a:\nother\directory
        IsImplicitlyCancellable: True
        ProcessingFileName: file.name
        OriginalFilePath: a:\directory\path\file.name
}
42: Activity [1.8] "MainSequence1" is Closed
{
    Variables
        configuration: iCore.Workflow.Activities.Filesystem.FileSystemListenerConfiguration
}
43: Activity [1.4] "TryCatch2" scheduled child activity [1.5] "CloseConnection1"
44: Activity [1.5] "CloseConnection1" is Executing
{
    Arguments
        SubscriptionId: 00000000-0000-0000-0000-000000000000
}
45: CustomTrackingRecord [1.5] "iCPSTraceTrackingRecord"
46: Activity [1.5] "CloseConnection1" is Closed
{
    Arguments
        SubscriptionId: 00000000-0000-0000-0000-000000000000
}
47: Activity [1.4] "TryCatch2" is Closed
48: Activity [1.1] "TryCatch1" is Closed
{
    Variables
        connection: 00000000-0000-0000-0000-000000000000
}
49: Activity [1] "FilesystemListenerActivity" is Closed
{
    Arguments
        Directory: a:\directory
        ErrorOnTimeout: False
        Timeout: 00:00:00
        Filter: *.txt
        Rename: False
        OriginalFileName: file.name
        SettleTime: 00:00:00.5550000
        ProcessingFilePath: a:\nother\directory\file.name
        ScanForFileOnStart: True
        MoveFileToDirectory: a:\nother\directory
        IsImplicitlyCancellable: True
        ProcessingFileName: file.name
        OriginalFilePath: a:\directory\path\file.name
        Recursive: False
        WatchType: Rename
}
50: WorkflowInstance "FilesystemListenerActivity" is Completed</StdOut>
      </Output>
    </UnitTestResult>
    <UnitTestResult executionId="b79bd0f0-7c85-485a-8ce4-23d288436a33" testId="66897c6b-e1c0-378d-bc45-76f2eb77adc4" testName="Invoke_NoRenameNoMoveNoErrorOnTimeoutNoFileFound_OutArgumentProcessingFileNameIsNull" computerName="ICSWS068" duration="00:00:00.0095320" startTime="2016-08-04T09:58:42.3752240+02:00" endTime="2016-08-04T09:58:42.3862141+02:00" testType="13cdc9d9-ddb5-4fa4-a97d-d965ccfc6d4b" outcome="Passed" testListId="8c84fa94-04c1-424b-9868-57a2d4851a1d" relativeResultsDirectory="b79bd0f0-7c85-485a-8ce4-23d288436a33">
      <Output>
        <StdOut>Debug Trace:
0: WorkflowInstance "FilesystemListenerActivity" is Started
1: Activity [null] "null" scheduled child activity [1] "FilesystemListenerActivity"
2: Activity [1] "FilesystemListenerActivity" is Executing
{
    Arguments
        Directory: a:\directory
        ErrorOnTimeout: False
        Timeout: 00:00:00
        Filter: *.txt
        Rename: False
        SettleTime: 00:00:00.5550000
        ScanForFileOnStart: True
        MoveFileToDirectory: 
        IsImplicitlyCancellable: True
        Recursive: False
        WatchType: Rename
}
3: Activity [1] "FilesystemListenerActivity" scheduled child activity [1.1] "TryCatch1"
4: Activity [1.1] "TryCatch1" is Executing
{
    Variables
        connection: 00000000-0000-0000-0000-000000000000
}
5: Activity [1.1] "TryCatch1" scheduled child activity [1.4] "TryCatch2"
6: Activity [1.4] "TryCatch2" is Executing
7: Activity [1.4] "TryCatch2" scheduled child activity [1.8] "MainSequence1"
8: Activity [1.8] "MainSequence1" is Executing
{
    Variables
        configuration: iCore.Workflow.Activities.Filesystem.FileSystemListenerConfiguration
}
9: Activity [1.8] "MainSequence1" scheduled child activity [1.35] "CreateConfiguration1"
10: Activity [1.35] "CreateConfiguration1" is Executing
{
    Arguments
        Directory: a:\directory
        Filter: *.txt
        SettleTime: 00:00:00.5550000
        ScanForFileOnStart: True
        Recursive: False
        WatchType: Rename
}
11: Activity [1.35] "CreateConfiguration1" is Closed
{
    Arguments
        Directory: a:\directory
        Filter: *.txt
        Result: iCore.Workflow.Activities.Filesystem.FileSystemListenerConfiguration
        SettleTime: 00:00:00.5550000
        ScanForFileOnStart: True
        Recursive: False
        WatchType: Rename
}
12: Activity [1.8] "MainSequence1" scheduled child activity [1.30] "StartFileSystemListener1"
13: Activity [1.30] "StartFileSystemListener1" is Executing
{
    Arguments
        Configuration: iCore.Workflow.Activities.Filesystem.FileSystemListenerConfiguration
}
14: CustomTrackingRecord [1.30] "iCPSTraceTrackingRecord"
15: Activity [1.30] "StartFileSystemListener1" is Closed
{
    Arguments
        Result: 00000000-0000-0000-0000-000000000000
        Configuration: iCore.Workflow.Activities.Filesystem.FileSystemListenerConfiguration
}
16: Activity [1.8] "MainSequence1" scheduled child activity [1.9] "GetNextFile1"
17: Activity [1.9] "GetNextFile1" is Executing
{
    Arguments
        ErrorOnTimeout: False
        SubscriptionId: 00000000-0000-0000-0000-000000000000
        Timeout: 00:00:00
        Rename: False
        MoveFileToDirectory: 
        IsImplicitlyCancellable: True
}
18: Activity [1.9] "GetNextFile1" scheduled child activity [1.9.1] "Sequence"
19: Activity [1.9.1] "Sequence" is Executing
{
    Variables
        _5ef1bf98_84fe_487c_bb8a_8079780ebfc1_163: 0
}
20: Activity [1.9.1] "Sequence" scheduled child activity [1.9.26] "GetNextFile1"
21: Activity [1.9.26] "GetNextFile1" is Executing
{
    Arguments
        ErrorOnTimeout: False
        SubscriptionId: 00000000-0000-0000-0000-000000000000
        Timeout: 00:00:00
        IsImplicitlyCancellable: True
}
22: CustomTrackingRecord [1.9.26] "iCPSTraceTrackingRecord"
23: WorkflowInstance "FilesystemListenerActivity" is Idle
24: Bookmark "751e6d40-abc9-4fea-b9fc-d07d87567f1b" resumed with payload &lt;iCore.Workflow.Activities.Extensions.ItemSubscriptionEventArgs`1[iCore.Common.Utilities.FileSystemWatcher.FileSystemWatcherFileInfo]&gt; owner [1.9.26] "GetNextFile1"
25: CustomTrackingRecord [1.9.26] "iCPSTraceTrackingRecord"
26: Activity [1.9.26] "GetNextFile1" is Closed
{
    Arguments
        ErrorOnTimeout: False
        SubscriptionId: 00000000-0000-0000-0000-000000000000
        FileName: 
        Timeout: 00:00:00
        FileFullName: 
        IsImplicitlyCancellable: True
        WatchType: 0
}
27: Activity [1.9.1] "Sequence" scheduled child activity [1.9.19] "AssignProcessingFileName1"
28: Activity [1.9.19] "AssignProcessingFileName1" is Executing
{
    Arguments
        Value: 
}
29: Activity [1.9.19] "AssignProcessingFileName1" is Closed
{
    Arguments
        Value: 
        To: 
}
30: Activity [1.9.1] "Sequence" scheduled child activity [1.9.11] "AssignProcessingFilePath1"
31: Activity [1.9.11] "AssignProcessingFilePath1" is Executing
{
    Arguments
        Value: 
}
32: Activity [1.9.11] "AssignProcessingFilePath1" is Closed
{
    Arguments
        Value: 
        To: 
}
33: Activity [1.9.1] "Sequence" scheduled child activity [1.9.2] "RenameFileCheck1"
34: Activity [1.9.2] "RenameFileCheck1" is Executing
{
    Arguments
        Condition: False
}
35: Activity [1.9.2] "RenameFileCheck1" is Closed
{
    Arguments
        Condition: False
}
36: Activity [1.9.1] "Sequence" is Closed
{
    Variables
        _5ef1bf98_84fe_487c_bb8a_8079780ebfc1_164: 0
}
37: Activity [1.9] "GetNextFile1" is Closed
{
    Arguments
        ErrorOnTimeout: False
        SubscriptionId: 00000000-0000-0000-0000-000000000000
        Timeout: 00:00:00
        Rename: False
        OriginalFileName: 
        ProcessingFilePath: 
        MoveFileToDirectory: 
        IsImplicitlyCancellable: True
        ProcessingFileName: 
        OriginalFilePath: 
}
38: Activity [1.8] "MainSequence1" is Closed
{
    Variables
        configuration: iCore.Workflow.Activities.Filesystem.FileSystemListenerConfiguration
}
39: Activity [1.4] "TryCatch2" scheduled child activity [1.5] "CloseConnection1"
40: Activity [1.5] "CloseConnection1" is Executing
{
    Arguments
        SubscriptionId: 00000000-0000-0000-0000-000000000000
}
41: CustomTrackingRecord [1.5] "iCPSTraceTrackingRecord"
42: Activity [1.5] "CloseConnection1" is Closed
{
    Arguments
        SubscriptionId: 00000000-0000-0000-0000-000000000000
}
43: Activity [1.4] "TryCatch2" is Closed
44: Activity [1.1] "TryCatch1" is Closed
{
    Variables
        connection: 00000000-0000-0000-0000-000000000000
}
45: Activity [1] "FilesystemListenerActivity" is Closed
{
    Arguments
        Directory: a:\directory
        ErrorOnTimeout: False
        Timeout: 00:00:00
        Filter: *.txt
        Rename: False
        OriginalFileName: 
        SettleTime: 00:00:00.5550000
        ProcessingFilePath: 
        ScanForFileOnStart: True
        MoveFileToDirectory: 
        IsImplicitlyCancellable: True
        ProcessingFileName: 
        OriginalFilePath: 
        Recursive: False
        WatchType: Rename
}
46: WorkflowInstance "FilesystemListenerActivity" is Completed</StdOut>
      </Output>
    </UnitTestResult>
    <UnitTestResult executionId="3e6585fd-1d0a-477f-85d5-fb2c7f07f3a3" testId="2f8cdec1-55c7-1ec2-ee36-ef9a77a8bd33" testName="Invoke_NoRenameNoMoveNoErrorOnTimeoutNoFileFound_OutArgumentProcessingFilePathIsNull" computerName="ICSWS068" duration="00:00:00.0100551" startTime="2016-08-04T09:58:42.3892170+02:00" endTime="2016-08-04T09:58:42.4012285+02:00" testType="13cdc9d9-ddb5-4fa4-a97d-d965ccfc6d4b" outcome="Passed" testListId="8c84fa94-04c1-424b-9868-57a2d4851a1d" relativeResultsDirectory="3e6585fd-1d0a-477f-85d5-fb2c7f07f3a3">
      <Output>
        <StdOut>Debug Trace:
0: WorkflowInstance "FilesystemListenerActivity" is Started
1: Activity [null] "null" scheduled child activity [1] "FilesystemListenerActivity"
2: Activity [1] "FilesystemListenerActivity" is Executing
{
    Arguments
        Directory: a:\directory
        ErrorOnTimeout: False
        Timeout: 00:00:00
        Filter: *.txt
        Rename: False
        SettleTime: 00:00:00.5550000
        ScanForFileOnStart: True
        MoveFileToDirectory: 
        IsImplicitlyCancellable: True
        Recursive: False
        WatchType: Rename
}
3: Activity [1] "FilesystemListenerActivity" scheduled child activity [1.1] "TryCatch1"
4: Activity [1.1] "TryCatch1" is Executing
{
    Variables
        connection: 00000000-0000-0000-0000-000000000000
}
5: Activity [1.1] "TryCatch1" scheduled child activity [1.4] "TryCatch2"
6: Activity [1.4] "TryCatch2" is Executing
7: Activity [1.4] "TryCatch2" scheduled child activity [1.8] "MainSequence1"
8: Activity [1.8] "MainSequence1" is Executing
{
    Variables
        configuration: iCore.Workflow.Activities.Filesystem.FileSystemListenerConfiguration
}
9: Activity [1.8] "MainSequence1" scheduled child activity [1.35] "CreateConfiguration1"
10: Activity [1.35] "CreateConfiguration1" is Executing
{
    Arguments
        Directory: a:\directory
        Filter: *.txt
        SettleTime: 00:00:00.5550000
        ScanForFileOnStart: True
        Recursive: False
        WatchType: Rename
}
11: Activity [1.35] "CreateConfiguration1" is Closed
{
    Arguments
        Directory: a:\directory
        Filter: *.txt
        Result: iCore.Workflow.Activities.Filesystem.FileSystemListenerConfiguration
        SettleTime: 00:00:00.5550000
        ScanForFileOnStart: True
        Recursive: False
        WatchType: Rename
}
12: Activity [1.8] "MainSequence1" scheduled child activity [1.30] "StartFileSystemListener1"
13: Activity [1.30] "StartFileSystemListener1" is Executing
{
    Arguments
        Configuration: iCore.Workflow.Activities.Filesystem.FileSystemListenerConfiguration
}
14: CustomTrackingRecord [1.30] "iCPSTraceTrackingRecord"
15: Activity [1.30] "StartFileSystemListener1" is Closed
{
    Arguments
        Result: 00000000-0000-0000-0000-000000000000
        Configuration: iCore.Workflow.Activities.Filesystem.FileSystemListenerConfiguration
}
16: Activity [1.8] "MainSequence1" scheduled child activity [1.9] "GetNextFile1"
17: Activity [1.9] "GetNextFile1" is Executing
{
    Arguments
        ErrorOnTimeout: False
        SubscriptionId: 00000000-0000-0000-0000-000000000000
        Timeout: 00:00:00
        Rename: False
        MoveFileToDirectory: 
        IsImplicitlyCancellable: True
}
18: Activity [1.9] "GetNextFile1" scheduled child activity [1.9.1] "Sequence"
19: Activity [1.9.1] "Sequence" is Executing
{
    Variables
        _5ef1bf98_84fe_487c_bb8a_8079780ebfc1_165: 0
}
20: Activity [1.9.1] "Sequence" scheduled child activity [1.9.26] "GetNextFile1"
21: Activity [1.9.26] "GetNextFile1" is Executing
{
    Arguments
        ErrorOnTimeout: False
        SubscriptionId: 00000000-0000-0000-0000-000000000000
        Timeout: 00:00:00
        IsImplicitlyCancellable: True
}
22: CustomTrackingRecord [1.9.26] "iCPSTraceTrackingRecord"
23: WorkflowInstance "FilesystemListenerActivity" is Idle
24: Bookmark "103d5d2b-cbff-42cc-b226-119489b6a56f" resumed with payload &lt;iCore.Workflow.Activities.Extensions.ItemSubscriptionEventArgs`1[iCore.Common.Utilities.FileSystemWatcher.FileSystemWatcherFileInfo]&gt; owner [1.9.26] "GetNextFile1"
25: CustomTrackingRecord [1.9.26] "iCPSTraceTrackingRecord"
26: Activity [1.9.26] "GetNextFile1" is Closed
{
    Arguments
        ErrorOnTimeout: False
        SubscriptionId: 00000000-0000-0000-0000-000000000000
        FileName: 
        Timeout: 00:00:00
        FileFullName: 
        IsImplicitlyCancellable: True
        WatchType: 0
}
27: Activity [1.9.1] "Sequence" scheduled child activity [1.9.19] "AssignProcessingFileName1"
28: Activity [1.9.19] "AssignProcessingFileName1" is Executing
{
    Arguments
        Value: 
}
29: Activity [1.9.19] "AssignProcessingFileName1" is Closed
{
    Arguments
        Value: 
        To: 
}
30: Activity [1.9.1] "Sequence" scheduled child activity [1.9.11] "AssignProcessingFilePath1"
31: Activity [1.9.11] "AssignProcessingFilePath1" is Executing
{
    Arguments
        Value: 
}
32: Activity [1.9.11] "AssignProcessingFilePath1" is Closed
{
    Arguments
        Value: 
        To: 
}
33: Activity [1.9.1] "Sequence" scheduled child activity [1.9.2] "RenameFileCheck1"
34: Activity [1.9.2] "RenameFileCheck1" is Executing
{
    Arguments
        Condition: False
}
35: Activity [1.9.2] "RenameFileCheck1" is Closed
{
    Arguments
        Condition: False
}
36: Activity [1.9.1] "Sequence" is Closed
{
    Variables
        _5ef1bf98_84fe_487c_bb8a_8079780ebfc1_166: 0
}
37: Activity [1.9] "GetNextFile1" is Closed
{
    Arguments
        ErrorOnTimeout: False
        SubscriptionId: 00000000-0000-0000-0000-000000000000
        Timeout: 00:00:00
        Rename: False
        OriginalFileName: 
        ProcessingFilePath: 
        MoveFileToDirectory: 
        IsImplicitlyCancellable: True
        ProcessingFileName: 
        OriginalFilePath: 
}
38: Activity [1.8] "MainSequence1" is Closed
{
    Variables
        configuration: iCore.Workflow.Activities.Filesystem.FileSystemListenerConfiguration
}
39: Activity [1.4] "TryCatch2" scheduled child activity [1.5] "CloseConnection1"
40: Activity [1.5] "CloseConnection1" is Executing
{
    Arguments
        SubscriptionId: 00000000-0000-0000-0000-000000000000
}
41: CustomTrackingRecord [1.5] "iCPSTraceTrackingRecord"
42: Activity [1.5] "CloseConnection1" is Closed
{
    Arguments
        SubscriptionId: 00000000-0000-0000-0000-000000000000
}
43: Activity [1.4] "TryCatch2" is Closed
44: Activity [1.1] "TryCatch1" is Closed
{
    Variables
        connection: 00000000-0000-0000-0000-000000000000
}
45: Activity [1] "FilesystemListenerActivity" is Closed
{
    Arguments
        Directory: a:\directory
        ErrorOnTimeout: False
        Timeout: 00:00:00
        Filter: *.txt
        Rename: False
        OriginalFileName: 
        SettleTime: 00:00:00.5550000
        ProcessingFilePath: 
        ScanForFileOnStart: True
        MoveFileToDirectory: 
        IsImplicitlyCancellable: True
        ProcessingFileName: 
        OriginalFilePath: 
        Recursive: False
        WatchType: Rename
}
46: WorkflowInstance "FilesystemListenerActivity" is Completed</StdOut>
      </Output>
    </UnitTestResult>
    <UnitTestResult executionId="6cb45c1a-12a3-4f33-84b3-7d9bcdf79297" testId="c3e5f521-9ad7-7660-3e93-e015bcbbc92d" testName="Invoke_NoRenameNoMoveNoErrorOnTimeoutNoFileFound_OutArgumentOriginalFileNameIsNull" computerName="ICSWS068" duration="00:00:00.0095434" startTime="2016-08-04T09:58:42.4047053+02:00" endTime="2016-08-04T09:58:42.4162124+02:00" testType="13cdc9d9-ddb5-4fa4-a97d-d965ccfc6d4b" outcome="Passed" testListId="8c84fa94-04c1-424b-9868-57a2d4851a1d" relativeResultsDirectory="6cb45c1a-12a3-4f33-84b3-7d9bcdf79297">
      <Output>
        <StdOut>Debug Trace:
0: WorkflowInstance "FilesystemListenerActivity" is Started
1: Activity [null] "null" scheduled child activity [1] "FilesystemListenerActivity"
2: Activity [1] "FilesystemListenerActivity" is Executing
{
    Arguments
        Directory: a:\directory
        ErrorOnTimeout: False
        Timeout: 00:00:00
        Filter: *.txt
        Rename: False
        SettleTime: 00:00:00.5550000
        ScanForFileOnStart: True
        MoveFileToDirectory: 
        IsImplicitlyCancellable: True
        Recursive: False
        WatchType: Rename
}
3: Activity [1] "FilesystemListenerActivity" scheduled child activity [1.1] "TryCatch1"
4: Activity [1.1] "TryCatch1" is Executing
{
    Variables
        connection: 00000000-0000-0000-0000-000000000000
}
5: Activity [1.1] "TryCatch1" scheduled child activity [1.4] "TryCatch2"
6: Activity [1.4] "TryCatch2" is Executing
7: Activity [1.4] "TryCatch2" scheduled child activity [1.8] "MainSequence1"
8: Activity [1.8] "MainSequence1" is Executing
{
    Variables
        configuration: iCore.Workflow.Activities.Filesystem.FileSystemListenerConfiguration
}
9: Activity [1.8] "MainSequence1" scheduled child activity [1.35] "CreateConfiguration1"
10: Activity [1.35] "CreateConfiguration1" is Executing
{
    Arguments
        Directory: a:\directory
        Filter: *.txt
        SettleTime: 00:00:00.5550000
        ScanForFileOnStart: True
        Recursive: False
        WatchType: Rename
}
11: Activity [1.35] "CreateConfiguration1" is Closed
{
    Arguments
        Directory: a:\directory
        Filter: *.txt
        Result: iCore.Workflow.Activities.Filesystem.FileSystemListenerConfiguration
        SettleTime: 00:00:00.5550000
        ScanForFileOnStart: True
        Recursive: False
        WatchType: Rename
}
12: Activity [1.8] "MainSequence1" scheduled child activity [1.30] "StartFileSystemListener1"
13: Activity [1.30] "StartFileSystemListener1" is Executing
{
    Arguments
        Configuration: iCore.Workflow.Activities.Filesystem.FileSystemListenerConfiguration
}
14: CustomTrackingRecord [1.30] "iCPSTraceTrackingRecord"
15: Activity [1.30] "StartFileSystemListener1" is Closed
{
    Arguments
        Result: 00000000-0000-0000-0000-000000000000
        Configuration: iCore.Workflow.Activities.Filesystem.FileSystemListenerConfiguration
}
16: Activity [1.8] "MainSequence1" scheduled child activity [1.9] "GetNextFile1"
17: Activity [1.9] "GetNextFile1" is Executing
{
    Arguments
        ErrorOnTimeout: False
        SubscriptionId: 00000000-0000-0000-0000-000000000000
        Timeout: 00:00:00
        Rename: False
        MoveFileToDirectory: 
        IsImplicitlyCancellable: True
}
18: Activity [1.9] "GetNextFile1" scheduled child activity [1.9.1] "Sequence"
19: Activity [1.9.1] "Sequence" is Executing
{
    Variables
        _5ef1bf98_84fe_487c_bb8a_8079780ebfc1_167: 0
}
20: Activity [1.9.1] "Sequence" scheduled child activity [1.9.26] "GetNextFile1"
21: Activity [1.9.26] "GetNextFile1" is Executing
{
    Arguments
        ErrorOnTimeout: False
        SubscriptionId: 00000000-0000-0000-0000-000000000000
        Timeout: 00:00:00
        IsImplicitlyCancellable: True
}
22: CustomTrackingRecord [1.9.26] "iCPSTraceTrackingRecord"
23: WorkflowInstance "FilesystemListenerActivity" is Idle
24: Bookmark "f16237fe-d0ef-45ee-b07f-c830bbb0a34e" resumed with payload &lt;iCore.Workflow.Activities.Extensions.ItemSubscriptionEventArgs`1[iCore.Common.Utilities.FileSystemWatcher.FileSystemWatcherFileInfo]&gt; owner [1.9.26] "GetNextFile1"
25: CustomTrackingRecord [1.9.26] "iCPSTraceTrackingRecord"
26: Activity [1.9.26] "GetNextFile1" is Closed
{
    Arguments
        ErrorOnTimeout: False
        SubscriptionId: 00000000-0000-0000-0000-000000000000
        FileName: 
        Timeout: 00:00:00
        FileFullName: 
        IsImplicitlyCancellable: True
        WatchType: 0
}
27: Activity [1.9.1] "Sequence" scheduled child activity [1.9.19] "AssignProcessingFileName1"
28: Activity [1.9.19] "AssignProcessingFileName1" is Executing
{
    Arguments
        Value: 
}
29: Activity [1.9.19] "AssignProcessingFileName1" is Closed
{
    Arguments
        Value: 
        To: 
}
30: Activity [1.9.1] "Sequence" scheduled child activity [1.9.11] "AssignProcessingFilePath1"
31: Activity [1.9.11] "AssignProcessingFilePath1" is Executing
{
    Arguments
        Value: 
}
32: Activity [1.9.11] "AssignProcessingFilePath1" is Closed
{
    Arguments
        Value: 
        To: 
}
33: Activity [1.9.1] "Sequence" scheduled child activity [1.9.2] "RenameFileCheck1"
34: Activity [1.9.2] "RenameFileCheck1" is Executing
{
    Arguments
        Condition: False
}
35: Activity [1.9.2] "RenameFileCheck1" is Closed
{
    Arguments
        Condition: False
}
36: Activity [1.9.1] "Sequence" is Closed
{
    Variables
        _5ef1bf98_84fe_487c_bb8a_8079780ebfc1_168: 0
}
37: Activity [1.9] "GetNextFile1" is Closed
{
    Arguments
        ErrorOnTimeout: False
        SubscriptionId: 00000000-0000-0000-0000-000000000000
        Timeout: 00:00:00
        Rename: False
        OriginalFileName: 
        ProcessingFilePath: 
        MoveFileToDirectory: 
        IsImplicitlyCancellable: True
        ProcessingFileName: 
        OriginalFilePath: 
}
38: Activity [1.8] "MainSequence1" is Closed
{
    Variables
        configuration: iCore.Workflow.Activities.Filesystem.FileSystemListenerConfiguration
}
39: Activity [1.4] "TryCatch2" scheduled child activity [1.5] "CloseConnection1"
40: Activity [1.5] "CloseConnection1" is Executing
{
    Arguments
        SubscriptionId: 00000000-0000-0000-0000-000000000000
}
41: CustomTrackingRecord [1.5] "iCPSTraceTrackingRecord"
42: Activity [1.5] "CloseConnection1" is Closed
{
    Arguments
        SubscriptionId: 00000000-0000-0000-0000-000000000000
}
43: Activity [1.4] "TryCatch2" is Closed
44: Activity [1.1] "TryCatch1" is Closed
{
    Variables
        connection: 00000000-0000-0000-0000-000000000000
}
45: Activity [1] "FilesystemListenerActivity" is Closed
{
    Arguments
        Directory: a:\directory
        ErrorOnTimeout: False
        Timeout: 00:00:00
        Filter: *.txt
        Rename: False
        OriginalFileName: 
        SettleTime: 00:00:00.5550000
        ProcessingFilePath: 
        ScanForFileOnStart: True
        MoveFileToDirectory: 
        IsImplicitlyCancellable: True
        ProcessingFileName: 
        OriginalFilePath: 
        Recursive: False
        WatchType: Rename
}
46: WorkflowInstance "FilesystemListenerActivity" is Completed</StdOut>
      </Output>
    </UnitTestResult>
    <UnitTestResult executionId="81e4d8c3-2e5a-4d60-841d-3aff1b8fb0e3" testId="2863e32e-31a2-c913-2c4c-b48e26ee352f" testName="Invoke_NoRenameNoMoveNoErrorOnTimeoutNoFileFound_OutArgumentOriginalFilePathIsNull" computerName="ICSWS068" duration="00:00:00.0084625" startTime="2016-08-04T09:58:42.4197156+02:00" endTime="2016-08-04T09:58:42.4297222+02:00" testType="13cdc9d9-ddb5-4fa4-a97d-d965ccfc6d4b" outcome="Passed" testListId="8c84fa94-04c1-424b-9868-57a2d4851a1d" relativeResultsDirectory="81e4d8c3-2e5a-4d60-841d-3aff1b8fb0e3">
      <Output>
        <StdOut>Debug Trace:
0: WorkflowInstance "FilesystemListenerActivity" is Started
1: Activity [null] "null" scheduled child activity [1] "FilesystemListenerActivity"
2: Activity [1] "FilesystemListenerActivity" is Executing
{
    Arguments
        Directory: a:\directory
        ErrorOnTimeout: False
        Timeout: 00:00:00
        Filter: *.txt
        Rename: False
        SettleTime: 00:00:00.5550000
        ScanForFileOnStart: True
        MoveFileToDirectory: 
        IsImplicitlyCancellable: True
        Recursive: False
        WatchType: Rename
}
3: Activity [1] "FilesystemListenerActivity" scheduled child activity [1.1] "TryCatch1"
4: Activity [1.1] "TryCatch1" is Executing
{
    Variables
        connection: 00000000-0000-0000-0000-000000000000
}
5: Activity [1.1] "TryCatch1" scheduled child activity [1.4] "TryCatch2"
6: Activity [1.4] "TryCatch2" is Executing
7: Activity [1.4] "TryCatch2" scheduled child activity [1.8] "MainSequence1"
8: Activity [1.8] "MainSequence1" is Executing
{
    Variables
        configuration: iCore.Workflow.Activities.Filesystem.FileSystemListenerConfiguration
}
9: Activity [1.8] "MainSequence1" scheduled child activity [1.35] "CreateConfiguration1"
10: Activity [1.35] "CreateConfiguration1" is Executing
{
    Arguments
        Directory: a:\directory
        Filter: *.txt
        SettleTime: 00:00:00.5550000
        ScanForFileOnStart: True
        Recursive: False
        WatchType: Rename
}
11: Activity [1.35] "CreateConfiguration1" is Closed
{
    Arguments
        Directory: a:\directory
        Filter: *.txt
        Result: iCore.Workflow.Activities.Filesystem.FileSystemListenerConfiguration
        SettleTime: 00:00:00.5550000
        ScanForFileOnStart: True
        Recursive: False
        WatchType: Rename
}
12: Activity [1.8] "MainSequence1" scheduled child activity [1.30] "StartFileSystemListener1"
13: Activity [1.30] "StartFileSystemListener1" is Executing
{
    Arguments
        Configuration: iCore.Workflow.Activities.Filesystem.FileSystemListenerConfiguration
}
14: CustomTrackingRecord [1.30] "iCPSTraceTrackingRecord"
15: Activity [1.30] "StartFileSystemListener1" is Closed
{
    Arguments
        Result: 00000000-0000-0000-0000-000000000000
        Configuration: iCore.Workflow.Activities.Filesystem.FileSystemListenerConfiguration
}
16: Activity [1.8] "MainSequence1" scheduled child activity [1.9] "GetNextFile1"
17: Activity [1.9] "GetNextFile1" is Executing
{
    Arguments
        ErrorOnTimeout: False
        SubscriptionId: 00000000-0000-0000-0000-000000000000
        Timeout: 00:00:00
        Rename: False
        MoveFileToDirectory: 
        IsImplicitlyCancellable: True
}
18: Activity [1.9] "GetNextFile1" scheduled child activity [1.9.1] "Sequence"
19: Activity [1.9.1] "Sequence" is Executing
{
    Variables
        _5ef1bf98_84fe_487c_bb8a_8079780ebfc1_169: 0
}
20: Activity [1.9.1] "Sequence" scheduled child activity [1.9.26] "GetNextFile1"
21: Activity [1.9.26] "GetNextFile1" is Executing
{
    Arguments
        ErrorOnTimeout: False
        SubscriptionId: 00000000-0000-0000-0000-000000000000
        Timeout: 00:00:00
        IsImplicitlyCancellable: True
}
22: CustomTrackingRecord [1.9.26] "iCPSTraceTrackingRecord"
23: WorkflowInstance "FilesystemListenerActivity" is Idle
24: Bookmark "95986cd5-bf99-456e-8cf1-d4edcb08307a" resumed with payload &lt;iCore.Workflow.Activities.Extensions.ItemSubscriptionEventArgs`1[iCore.Common.Utilities.FileSystemWatcher.FileSystemWatcherFileInfo]&gt; owner [1.9.26] "GetNextFile1"
25: CustomTrackingRecord [1.9.26] "iCPSTraceTrackingRecord"
26: Activity [1.9.26] "GetNextFile1" is Closed
{
    Arguments
        ErrorOnTimeout: False
        SubscriptionId: 00000000-0000-0000-0000-000000000000
        FileName: 
        Timeout: 00:00:00
        FileFullName: 
        IsImplicitlyCancellable: True
        WatchType: 0
}
27: Activity [1.9.1] "Sequence" scheduled child activity [1.9.19] "AssignProcessingFileName1"
28: Activity [1.9.19] "AssignProcessingFileName1" is Executing
{
    Arguments
        Value: 
}
29: Activity [1.9.19] "AssignProcessingFileName1" is Closed
{
    Arguments
        Value: 
        To: 
}
30: Activity [1.9.1] "Sequence" scheduled child activity [1.9.11] "AssignProcessingFilePath1"
31: Activity [1.9.11] "AssignProcessingFilePath1" is Executing
{
    Arguments
        Value: 
}
32: Activity [1.9.11] "AssignProcessingFilePath1" is Closed
{
    Arguments
        Value: 
        To: 
}
33: Activity [1.9.1] "Sequence" scheduled child activity [1.9.2] "RenameFileCheck1"
34: Activity [1.9.2] "RenameFileCheck1" is Executing
{
    Arguments
        Condition: False
}
35: Activity [1.9.2] "RenameFileCheck1" is Closed
{
    Arguments
        Condition: False
}
36: Activity [1.9.1] "Sequence" is Closed
{
    Variables
        _5ef1bf98_84fe_487c_bb8a_8079780ebfc1_170: 0
}
37: Activity [1.9] "GetNextFile1" is Closed
{
    Arguments
        ErrorOnTimeout: False
        SubscriptionId: 00000000-0000-0000-0000-000000000000
        Timeout: 00:00:00
        Rename: False
        OriginalFileName: 
        ProcessingFilePath: 
        MoveFileToDirectory: 
        IsImplicitlyCancellable: True
        ProcessingFileName: 
        OriginalFilePath: 
}
38: Activity [1.8] "MainSequence1" is Closed
{
    Variables
        configuration: iCore.Workflow.Activities.Filesystem.FileSystemListenerConfiguration
}
39: Activity [1.4] "TryCatch2" scheduled child activity [1.5] "CloseConnection1"
40: Activity [1.5] "CloseConnection1" is Executing
{
    Arguments
        SubscriptionId: 00000000-0000-0000-0000-000000000000
}
41: CustomTrackingRecord [1.5] "iCPSTraceTrackingRecord"
42: Activity [1.5] "CloseConnection1" is Closed
{
    Arguments
        SubscriptionId: 00000000-0000-0000-0000-000000000000
}
43: Activity [1.4] "TryCatch2" is Closed
44: Activity [1.1] "TryCatch1" is Closed
{
    Variables
        connection: 00000000-0000-0000-0000-000000000000
}
45: Activity [1] "FilesystemListenerActivity" is Closed
{
    Arguments
        Directory: a:\directory
        ErrorOnTimeout: False
        Timeout: 00:00:00
        Filter: *.txt
        Rename: False
        OriginalFileName: 
        SettleTime: 00:00:00.5550000
        ProcessingFilePath: 
        ScanForFileOnStart: True
        MoveFileToDirectory: 
        IsImplicitlyCancellable: True
        ProcessingFileName: 
        OriginalFilePath: 
        Recursive: False
        WatchType: Rename
}
46: WorkflowInstance "FilesystemListenerActivity" is Completed</StdOut>
      </Output>
    </UnitTestResult>
    <UnitTestResult executionId="982afd0c-c20f-4065-b002-7be5fb267828" testId="75a4ef04-4ef2-4e14-2902-a5cf94a4141e" testName="Invoke_RenameMoveNoErrorOnTimeoutNoFileFound_OutArgumentProcessingFileNameIsNull" computerName="ICSWS068" duration="00:00:00.0086716" startTime="2016-08-04T09:58:42.4332250+02:00" endTime="2016-08-04T09:58:42.4437325+02:00" testType="13cdc9d9-ddb5-4fa4-a97d-d965ccfc6d4b" outcome="Passed" testListId="8c84fa94-04c1-424b-9868-57a2d4851a1d" relativeResultsDirectory="982afd0c-c20f-4065-b002-7be5fb267828">
      <Output>
        <StdOut>Debug Trace:
0: WorkflowInstance "FilesystemListenerActivity" is Started
1: Activity [null] "null" scheduled child activity [1] "FilesystemListenerActivity"
2: Activity [1] "FilesystemListenerActivity" is Executing
{
    Arguments
        Directory: a:\directory
        ErrorOnTimeout: False
        Timeout: 00:00:00
        Filter: *.txt
        Rename: True
        SettleTime: 00:00:00.5550000
        ScanForFileOnStart: True
        MoveFileToDirectory: a:\nother\directory\path
        IsImplicitlyCancellable: True
        Recursive: False
        WatchType: Rename
}
3: Activity [1] "FilesystemListenerActivity" scheduled child activity [1.1] "TryCatch1"
4: Activity [1.1] "TryCatch1" is Executing
{
    Variables
        connection: 00000000-0000-0000-0000-000000000000
}
5: Activity [1.1] "TryCatch1" scheduled child activity [1.4] "TryCatch2"
6: Activity [1.4] "TryCatch2" is Executing
7: Activity [1.4] "TryCatch2" scheduled child activity [1.8] "MainSequence1"
8: Activity [1.8] "MainSequence1" is Executing
{
    Variables
        configuration: iCore.Workflow.Activities.Filesystem.FileSystemListenerConfiguration
}
9: Activity [1.8] "MainSequence1" scheduled child activity [1.35] "CreateConfiguration1"
10: Activity [1.35] "CreateConfiguration1" is Executing
{
    Arguments
        Directory: a:\directory
        Filter: *.txt
        SettleTime: 00:00:00.5550000
        ScanForFileOnStart: True
        Recursive: False
        WatchType: Rename
}
11: Activity [1.35] "CreateConfiguration1" is Closed
{
    Arguments
        Directory: a:\directory
        Filter: *.txt
        Result: iCore.Workflow.Activities.Filesystem.FileSystemListenerConfiguration
        SettleTime: 00:00:00.5550000
        ScanForFileOnStart: True
        Recursive: False
        WatchType: Rename
}
12: Activity [1.8] "MainSequence1" scheduled child activity [1.30] "StartFileSystemListener1"
13: Activity [1.30] "StartFileSystemListener1" is Executing
{
    Arguments
        Configuration: iCore.Workflow.Activities.Filesystem.FileSystemListenerConfiguration
}
14: CustomTrackingRecord [1.30] "iCPSTraceTrackingRecord"
15: Activity [1.30] "StartFileSystemListener1" is Closed
{
    Arguments
        Result: 00000000-0000-0000-0000-000000000000
        Configuration: iCore.Workflow.Activities.Filesystem.FileSystemListenerConfiguration
}
16: Activity [1.8] "MainSequence1" scheduled child activity [1.9] "GetNextFile1"
17: Activity [1.9] "GetNextFile1" is Executing
{
    Arguments
        ErrorOnTimeout: False
        SubscriptionId: 00000000-0000-0000-0000-000000000000
        Timeout: 00:00:00
        Rename: True
        MoveFileToDirectory: a:\nother\directory\path
        IsImplicitlyCancellable: True
}
18: Activity [1.9] "GetNextFile1" scheduled child activity [1.9.1] "Sequence"
19: Activity [1.9.1] "Sequence" is Executing
{
    Variables
        _5ef1bf98_84fe_487c_bb8a_8079780ebfc1_171: 0
}
20: Activity [1.9.1] "Sequence" scheduled child activity [1.9.26] "GetNextFile1"
21: Activity [1.9.26] "GetNextFile1" is Executing
{
    Arguments
        ErrorOnTimeout: False
        SubscriptionId: 00000000-0000-0000-0000-000000000000
        Timeout: 00:00:00
        IsImplicitlyCancellable: True
}
22: CustomTrackingRecord [1.9.26] "iCPSTraceTrackingRecord"
23: WorkflowInstance "FilesystemListenerActivity" is Idle
24: Bookmark "e78ba239-eda7-4f89-8e6d-c49aa6833b17" resumed with payload &lt;iCore.Workflow.Activities.Extensions.ItemSubscriptionEventArgs`1[iCore.Common.Utilities.FileSystemWatcher.FileSystemWatcherFileInfo]&gt; owner [1.9.26] "GetNextFile1"
25: CustomTrackingRecord [1.9.26] "iCPSTraceTrackingRecord"
26: Activity [1.9.26] "GetNextFile1" is Closed
{
    Arguments
        ErrorOnTimeout: False
        SubscriptionId: 00000000-0000-0000-0000-000000000000
        FileName: 
        Timeout: 00:00:00
        FileFullName: 
        IsImplicitlyCancellable: True
        WatchType: 0
}
27: Activity [1.9.1] "Sequence" scheduled child activity [1.9.19] "AssignProcessingFileName1"
28: Activity [1.9.19] "AssignProcessingFileName1" is Executing
{
    Arguments
        Value: 
}
29: Activity [1.9.19] "AssignProcessingFileName1" is Closed
{
    Arguments
        Value: 
        To: 
}
30: Activity [1.9.1] "Sequence" scheduled child activity [1.9.11] "AssignProcessingFilePath1"
31: Activity [1.9.11] "AssignProcessingFilePath1" is Executing
{
    Arguments
        Value: 
}
32: Activity [1.9.11] "AssignProcessingFilePath1" is Closed
{
    Arguments
        Value: 
        To: 
}
33: Activity [1.9.1] "Sequence" scheduled child activity [1.9.2] "RenameFileCheck1"
34: Activity [1.9.2] "RenameFileCheck1" is Executing
{
    Arguments
        Condition: False
}
35: Activity [1.9.2] "RenameFileCheck1" is Closed
{
    Arguments
        Condition: False
}
36: Activity [1.9.1] "Sequence" is Closed
{
    Variables
        _5ef1bf98_84fe_487c_bb8a_8079780ebfc1_172: 0
}
37: Activity [1.9] "GetNextFile1" is Closed
{
    Arguments
        ErrorOnTimeout: False
        SubscriptionId: 00000000-0000-0000-0000-000000000000
        Timeout: 00:00:00
        Rename: True
        OriginalFileName: 
        ProcessingFilePath: 
        MoveFileToDirectory: a:\nother\directory\path
        IsImplicitlyCancellable: True
        ProcessingFileName: 
        OriginalFilePath: 
}
38: Activity [1.8] "MainSequence1" is Closed
{
    Variables
        configuration: iCore.Workflow.Activities.Filesystem.FileSystemListenerConfiguration
}
39: Activity [1.4] "TryCatch2" scheduled child activity [1.5] "CloseConnection1"
40: Activity [1.5] "CloseConnection1" is Executing
{
    Arguments
        SubscriptionId: 00000000-0000-0000-0000-000000000000
}
41: CustomTrackingRecord [1.5] "iCPSTraceTrackingRecord"
42: Activity [1.5] "CloseConnection1" is Closed
{
    Arguments
        SubscriptionId: 00000000-0000-0000-0000-000000000000
}
43: Activity [1.4] "TryCatch2" is Closed
44: Activity [1.1] "TryCatch1" is Closed
{
    Variables
        connection: 00000000-0000-0000-0000-000000000000
}
45: Activity [1] "FilesystemListenerActivity" is Closed
{
    Arguments
        Directory: a:\directory
        ErrorOnTimeout: False
        Timeout: 00:00:00
        Filter: *.txt
        Rename: True
        OriginalFileName: 
        SettleTime: 00:00:00.5550000
        ProcessingFilePath: 
        ScanForFileOnStart: True
        MoveFileToDirectory: a:\nother\directory\path
        IsImplicitlyCancellable: True
        ProcessingFileName: 
        OriginalFilePath: 
        Recursive: False
        WatchType: Rename
}
46: WorkflowInstance "FilesystemListenerActivity" is Completed</StdOut>
      </Output>
    </UnitTestResult>
    <UnitTestResult executionId="781fae1e-afce-4048-a1d4-f96dd8ec6681" testId="308840a6-afe3-7c95-81f8-42dfcd8b1807" testName="Invoke_RenameMoveNoErrorOnTimeoutNoFileFound_OutArgumentProcessingFilePathIsNull" computerName="ICSWS068" duration="00:00:00.0072590" startTime="2016-08-04T09:58:42.4472353+02:00" endTime="2016-08-04T09:58:42.4557622+02:00" testType="13cdc9d9-ddb5-4fa4-a97d-d965ccfc6d4b" outcome="Passed" testListId="8c84fa94-04c1-424b-9868-57a2d4851a1d" relativeResultsDirectory="781fae1e-afce-4048-a1d4-f96dd8ec6681">
      <Output>
        <StdOut>Debug Trace:
0: WorkflowInstance "FilesystemListenerActivity" is Started
1: Activity [null] "null" scheduled child activity [1] "FilesystemListenerActivity"
2: Activity [1] "FilesystemListenerActivity" is Executing
{
    Arguments
        Directory: a:\directory
        ErrorOnTimeout: False
        Timeout: 00:00:00
        Filter: *.txt
        Rename: True
        SettleTime: 00:00:00.5550000
        ScanForFileOnStart: True
        MoveFileToDirectory: a:\nother\directory\path
        IsImplicitlyCancellable: True
        Recursive: False
        WatchType: Rename
}
3: Activity [1] "FilesystemListenerActivity" scheduled child activity [1.1] "TryCatch1"
4: Activity [1.1] "TryCatch1" is Executing
{
    Variables
        connection: 00000000-0000-0000-0000-000000000000
}
5: Activity [1.1] "TryCatch1" scheduled child activity [1.4] "TryCatch2"
6: Activity [1.4] "TryCatch2" is Executing
7: Activity [1.4] "TryCatch2" scheduled child activity [1.8] "MainSequence1"
8: Activity [1.8] "MainSequence1" is Executing
{
    Variables
        configuration: iCore.Workflow.Activities.Filesystem.FileSystemListenerConfiguration
}
9: Activity [1.8] "MainSequence1" scheduled child activity [1.35] "CreateConfiguration1"
10: Activity [1.35] "CreateConfiguration1" is Executing
{
    Arguments
        Directory: a:\directory
        Filter: *.txt
        SettleTime: 00:00:00.5550000
        ScanForFileOnStart: True
        Recursive: False
        WatchType: Rename
}
11: Activity [1.35] "CreateConfiguration1" is Closed
{
    Arguments
        Directory: a:\directory
        Filter: *.txt
        Result: iCore.Workflow.Activities.Filesystem.FileSystemListenerConfiguration
        SettleTime: 00:00:00.5550000
        ScanForFileOnStart: True
        Recursive: False
        WatchType: Rename
}
12: Activity [1.8] "MainSequence1" scheduled child activity [1.30] "StartFileSystemListener1"
13: Activity [1.30] "StartFileSystemListener1" is Executing
{
    Arguments
        Configuration: iCore.Workflow.Activities.Filesystem.FileSystemListenerConfiguration
}
14: CustomTrackingRecord [1.30] "iCPSTraceTrackingRecord"
15: Activity [1.30] "StartFileSystemListener1" is Closed
{
    Arguments
        Result: 00000000-0000-0000-0000-000000000000
        Configuration: iCore.Workflow.Activities.Filesystem.FileSystemListenerConfiguration
}
16: Activity [1.8] "MainSequence1" scheduled child activity [1.9] "GetNextFile1"
17: Activity [1.9] "GetNextFile1" is Executing
{
    Arguments
        ErrorOnTimeout: False
        SubscriptionId: 00000000-0000-0000-0000-000000000000
        Timeout: 00:00:00
        Rename: True
        MoveFileToDirectory: a:\nother\directory\path
        IsImplicitlyCancellable: True
}
18: Activity [1.9] "GetNextFile1" scheduled child activity [1.9.1] "Sequence"
19: Activity [1.9.1] "Sequence" is Executing
{
    Variables
        _5ef1bf98_84fe_487c_bb8a_8079780ebfc1_173: 0
}
20: Activity [1.9.1] "Sequence" scheduled child activity [1.9.26] "GetNextFile1"
21: Activity [1.9.26] "GetNextFile1" is Executing
{
    Arguments
        ErrorOnTimeout: False
        SubscriptionId: 00000000-0000-0000-0000-000000000000
        Timeout: 00:00:00
        IsImplicitlyCancellable: True
}
22: CustomTrackingRecord [1.9.26] "iCPSTraceTrackingRecord"
23: WorkflowInstance "FilesystemListenerActivity" is Idle
24: Bookmark "849f4284-1359-414a-862b-f14ed17e96e0" resumed with payload &lt;iCore.Workflow.Activities.Extensions.ItemSubscriptionEventArgs`1[iCore.Common.Utilities.FileSystemWatcher.FileSystemWatcherFileInfo]&gt; owner [1.9.26] "GetNextFile1"
25: CustomTrackingRecord [1.9.26] "iCPSTraceTrackingRecord"
26: Activity [1.9.26] "GetNextFile1" is Closed
{
    Arguments
        ErrorOnTimeout: False
        SubscriptionId: 00000000-0000-0000-0000-000000000000
        FileName: 
        Timeout: 00:00:00
        FileFullName: 
        IsImplicitlyCancellable: True
        WatchType: 0
}
27: Activity [1.9.1] "Sequence" scheduled child activity [1.9.19] "AssignProcessingFileName1"
28: Activity [1.9.19] "AssignProcessingFileName1" is Executing
{
    Arguments
        Value: 
}
29: Activity [1.9.19] "AssignProcessingFileName1" is Closed
{
    Arguments
        Value: 
        To: 
}
30: Activity [1.9.1] "Sequence" scheduled child activity [1.9.11] "AssignProcessingFilePath1"
31: Activity [1.9.11] "AssignProcessingFilePath1" is Executing
{
    Arguments
        Value: 
}
32: Activity [1.9.11] "AssignProcessingFilePath1" is Closed
{
    Arguments
        Value: 
        To: 
}
33: Activity [1.9.1] "Sequence" scheduled child activity [1.9.2] "RenameFileCheck1"
34: Activity [1.9.2] "RenameFileCheck1" is Executing
{
    Arguments
        Condition: False
}
35: Activity [1.9.2] "RenameFileCheck1" is Closed
{
    Arguments
        Condition: False
}
36: Activity [1.9.1] "Sequence" is Closed
{
    Variables
        _5ef1bf98_84fe_487c_bb8a_8079780ebfc1_174: 0
}
37: Activity [1.9] "GetNextFile1" is Closed
{
    Arguments
        ErrorOnTimeout: False
        SubscriptionId: 00000000-0000-0000-0000-000000000000
        Timeout: 00:00:00
        Rename: True
        OriginalFileName: 
        ProcessingFilePath: 
        MoveFileToDirectory: a:\nother\directory\path
        IsImplicitlyCancellable: True
        ProcessingFileName: 
        OriginalFilePath: 
}
38: Activity [1.8] "MainSequence1" is Closed
{
    Variables
        configuration: iCore.Workflow.Activities.Filesystem.FileSystemListenerConfiguration
}
39: Activity [1.4] "TryCatch2" scheduled child activity [1.5] "CloseConnection1"
40: Activity [1.5] "CloseConnection1" is Executing
{
    Arguments
        SubscriptionId: 00000000-0000-0000-0000-000000000000
}
41: CustomTrackingRecord [1.5] "iCPSTraceTrackingRecord"
42: Activity [1.5] "CloseConnection1" is Closed
{
    Arguments
        SubscriptionId: 00000000-0000-0000-0000-000000000000
}
43: Activity [1.4] "TryCatch2" is Closed
44: Activity [1.1] "TryCatch1" is Closed
{
    Variables
        connection: 00000000-0000-0000-0000-000000000000
}
45: Activity [1] "FilesystemListenerActivity" is Closed
{
    Arguments
        Directory: a:\directory
        ErrorOnTimeout: False
        Timeout: 00:00:00
        Filter: *.txt
        Rename: True
        OriginalFileName: 
        SettleTime: 00:00:00.5550000
        ProcessingFilePath: 
        ScanForFileOnStart: True
        MoveFileToDirectory: a:\nother\directory\path
        IsImplicitlyCancellable: True
        ProcessingFileName: 
        OriginalFilePath: 
        Recursive: False
        WatchType: Rename
}
46: WorkflowInstance "FilesystemListenerActivity" is Completed</StdOut>
      </Output>
    </UnitTestResult>
    <UnitTestResult executionId="0cbe84d3-65bc-4393-87b0-73440f545c02" testId="3c7e7888-293a-3264-805f-99722b59b46d" testName="Invoke_RenameMoveNoErrorOnTimeoutNoFileFound_OutArgumentOriginalFileNameIsNull" computerName="ICSWS068" duration="00:00:00.0077470" startTime="2016-08-04T09:58:42.4587483+02:00" endTime="2016-08-04T09:58:42.4675426+02:00" testType="13cdc9d9-ddb5-4fa4-a97d-d965ccfc6d4b" outcome="Passed" testListId="8c84fa94-04c1-424b-9868-57a2d4851a1d" relativeResultsDirectory="0cbe84d3-65bc-4393-87b0-73440f545c02">
      <Output>
        <StdOut>Debug Trace:
0: WorkflowInstance "FilesystemListenerActivity" is Started
1: Activity [null] "null" scheduled child activity [1] "FilesystemListenerActivity"
2: Activity [1] "FilesystemListenerActivity" is Executing
{
    Arguments
        Directory: a:\directory
        ErrorOnTimeout: False
        Timeout: 00:00:00
        Filter: *.txt
        Rename: True
        SettleTime: 00:00:00.5550000
        ScanForFileOnStart: True
        MoveFileToDirectory: a:\nother\directory\path
        IsImplicitlyCancellable: True
        Recursive: False
        WatchType: Rename
}
3: Activity [1] "FilesystemListenerActivity" scheduled child activity [1.1] "TryCatch1"
4: Activity [1.1] "TryCatch1" is Executing
{
    Variables
        connection: 00000000-0000-0000-0000-000000000000
}
5: Activity [1.1] "TryCatch1" scheduled child activity [1.4] "TryCatch2"
6: Activity [1.4] "TryCatch2" is Executing
7: Activity [1.4] "TryCatch2" scheduled child activity [1.8] "MainSequence1"
8: Activity [1.8] "MainSequence1" is Executing
{
    Variables
        configuration: iCore.Workflow.Activities.Filesystem.FileSystemListenerConfiguration
}
9: Activity [1.8] "MainSequence1" scheduled child activity [1.35] "CreateConfiguration1"
10: Activity [1.35] "CreateConfiguration1" is Executing
{
    Arguments
        Directory: a:\directory
        Filter: *.txt
        SettleTime: 00:00:00.5550000
        ScanForFileOnStart: True
        Recursive: False
        WatchType: Rename
}
11: Activity [1.35] "CreateConfiguration1" is Closed
{
    Arguments
        Directory: a:\directory
        Filter: *.txt
        Result: iCore.Workflow.Activities.Filesystem.FileSystemListenerConfiguration
        SettleTime: 00:00:00.5550000
        ScanForFileOnStart: True
        Recursive: False
        WatchType: Rename
}
12: Activity [1.8] "MainSequence1" scheduled child activity [1.30] "StartFileSystemListener1"
13: Activity [1.30] "StartFileSystemListener1" is Executing
{
    Arguments
        Configuration: iCore.Workflow.Activities.Filesystem.FileSystemListenerConfiguration
}
14: CustomTrackingRecord [1.30] "iCPSTraceTrackingRecord"
15: Activity [1.30] "StartFileSystemListener1" is Closed
{
    Arguments
        Result: 00000000-0000-0000-0000-000000000000
        Configuration: iCore.Workflow.Activities.Filesystem.FileSystemListenerConfiguration
}
16: Activity [1.8] "MainSequence1" scheduled child activity [1.9] "GetNextFile1"
17: Activity [1.9] "GetNextFile1" is Executing
{
    Arguments
        ErrorOnTimeout: False
        SubscriptionId: 00000000-0000-0000-0000-000000000000
        Timeout: 00:00:00
        Rename: True
        MoveFileToDirectory: a:\nother\directory\path
        IsImplicitlyCancellable: True
}
18: Activity [1.9] "GetNextFile1" scheduled child activity [1.9.1] "Sequence"
19: Activity [1.9.1] "Sequence" is Executing
{
    Variables
        _5ef1bf98_84fe_487c_bb8a_8079780ebfc1_175: 0
}
20: Activity [1.9.1] "Sequence" scheduled child activity [1.9.26] "GetNextFile1"
21: Activity [1.9.26] "GetNextFile1" is Executing
{
    Arguments
        ErrorOnTimeout: False
        SubscriptionId: 00000000-0000-0000-0000-000000000000
        Timeout: 00:00:00
        IsImplicitlyCancellable: True
}
22: CustomTrackingRecord [1.9.26] "iCPSTraceTrackingRecord"
23: WorkflowInstance "FilesystemListenerActivity" is Idle
24: Bookmark "0727e1cd-b5fa-4611-a015-bb9086124844" resumed with payload &lt;iCore.Workflow.Activities.Extensions.ItemSubscriptionEventArgs`1[iCore.Common.Utilities.FileSystemWatcher.FileSystemWatcherFileInfo]&gt; owner [1.9.26] "GetNextFile1"
25: CustomTrackingRecord [1.9.26] "iCPSTraceTrackingRecord"
26: Activity [1.9.26] "GetNextFile1" is Closed
{
    Arguments
        ErrorOnTimeout: False
        SubscriptionId: 00000000-0000-0000-0000-000000000000
        FileName: 
        Timeout: 00:00:00
        FileFullName: 
        IsImplicitlyCancellable: True
        WatchType: 0
}
27: Activity [1.9.1] "Sequence" scheduled child activity [1.9.19] "AssignProcessingFileName1"
28: Activity [1.9.19] "AssignProcessingFileName1" is Executing
{
    Arguments
        Value: 
}
29: Activity [1.9.19] "AssignProcessingFileName1" is Closed
{
    Arguments
        Value: 
        To: 
}
30: Activity [1.9.1] "Sequence" scheduled child activity [1.9.11] "AssignProcessingFilePath1"
31: Activity [1.9.11] "AssignProcessingFilePath1" is Executing
{
    Arguments
        Value: 
}
32: Activity [1.9.11] "AssignProcessingFilePath1" is Closed
{
    Arguments
        Value: 
        To: 
}
33: Activity [1.9.1] "Sequence" scheduled child activity [1.9.2] "RenameFileCheck1"
34: Activity [1.9.2] "RenameFileCheck1" is Executing
{
    Arguments
        Condition: False
}
35: Activity [1.9.2] "RenameFileCheck1" is Closed
{
    Arguments
        Condition: False
}
36: Activity [1.9.1] "Sequence" is Closed
{
    Variables
        _5ef1bf98_84fe_487c_bb8a_8079780ebfc1_176: 0
}
37: Activity [1.9] "GetNextFile1" is Closed
{
    Arguments
        ErrorOnTimeout: False
        SubscriptionId: 00000000-0000-0000-0000-000000000000
        Timeout: 00:00:00
        Rename: True
        OriginalFileName: 
        ProcessingFilePath: 
        MoveFileToDirectory: a:\nother\directory\path
        IsImplicitlyCancellable: True
        ProcessingFileName: 
        OriginalFilePath: 
}
38: Activity [1.8] "MainSequence1" is Closed
{
    Variables
        configuration: iCore.Workflow.Activities.Filesystem.FileSystemListenerConfiguration
}
39: Activity [1.4] "TryCatch2" scheduled child activity [1.5] "CloseConnection1"
40: Activity [1.5] "CloseConnection1" is Executing
{
    Arguments
        SubscriptionId: 00000000-0000-0000-0000-000000000000
}
41: CustomTrackingRecord [1.5] "iCPSTraceTrackingRecord"
42: Activity [1.5] "CloseConnection1" is Closed
{
    Arguments
        SubscriptionId: 00000000-0000-0000-0000-000000000000
}
43: Activity [1.4] "TryCatch2" is Closed
44: Activity [1.1] "TryCatch1" is Closed
{
    Variables
        connection: 00000000-0000-0000-0000-000000000000
}
45: Activity [1] "FilesystemListenerActivity" is Closed
{
    Arguments
        Directory: a:\directory
        ErrorOnTimeout: False
        Timeout: 00:00:00
        Filter: *.txt
        Rename: True
        OriginalFileName: 
        SettleTime: 00:00:00.5550000
        ProcessingFilePath: 
        ScanForFileOnStart: True
        MoveFileToDirectory: a:\nother\directory\path
        IsImplicitlyCancellable: True
        ProcessingFileName: 
        OriginalFilePath: 
        Recursive: False
        WatchType: Rename
}
46: WorkflowInstance "FilesystemListenerActivity" is Completed</StdOut>
      </Output>
    </UnitTestResult>
    <UnitTestResult executionId="386813e8-cd18-48b5-bc02-776846bbca36" testId="2b33b55c-e90a-3fa4-24c2-969de0091ad7" testName="Invoke_RenameMoveNoErrorOnTimeoutNoFileFound_OutArgumentOriginalFilePathIsNull" computerName="ICSWS068" duration="00:00:00.0072933" startTime="2016-08-04T09:58:42.4705455+02:00" endTime="2016-08-04T09:58:42.4790530+02:00" testType="13cdc9d9-ddb5-4fa4-a97d-d965ccfc6d4b" outcome="Passed" testListId="8c84fa94-04c1-424b-9868-57a2d4851a1d" relativeResultsDirectory="386813e8-cd18-48b5-bc02-776846bbca36">
      <Output>
        <StdOut>Debug Trace:
0: WorkflowInstance "FilesystemListenerActivity" is Started
1: Activity [null] "null" scheduled child activity [1] "FilesystemListenerActivity"
2: Activity [1] "FilesystemListenerActivity" is Executing
{
    Arguments
        Directory: a:\directory
        ErrorOnTimeout: False
        Timeout: 00:00:00
        Filter: *.txt
        Rename: True
        SettleTime: 00:00:00.5550000
        ScanForFileOnStart: True
        MoveFileToDirectory: a:\nother\directory\path
        IsImplicitlyCancellable: True
        Recursive: False
        WatchType: Rename
}
3: Activity [1] "FilesystemListenerActivity" scheduled child activity [1.1] "TryCatch1"
4: Activity [1.1] "TryCatch1" is Executing
{
    Variables
        connection: 00000000-0000-0000-0000-000000000000
}
5: Activity [1.1] "TryCatch1" scheduled child activity [1.4] "TryCatch2"
6: Activity [1.4] "TryCatch2" is Executing
7: Activity [1.4] "TryCatch2" scheduled child activity [1.8] "MainSequence1"
8: Activity [1.8] "MainSequence1" is Executing
{
    Variables
        configuration: iCore.Workflow.Activities.Filesystem.FileSystemListenerConfiguration
}
9: Activity [1.8] "MainSequence1" scheduled child activity [1.35] "CreateConfiguration1"
10: Activity [1.35] "CreateConfiguration1" is Executing
{
    Arguments
        Directory: a:\directory
        Filter: *.txt
        SettleTime: 00:00:00.5550000
        ScanForFileOnStart: True
        Recursive: False
        WatchType: Rename
}
11: Activity [1.35] "CreateConfiguration1" is Closed
{
    Arguments
        Directory: a:\directory
        Filter: *.txt
        Result: iCore.Workflow.Activities.Filesystem.FileSystemListenerConfiguration
        SettleTime: 00:00:00.5550000
        ScanForFileOnStart: True
        Recursive: False
        WatchType: Rename
}
12: Activity [1.8] "MainSequence1" scheduled child activity [1.30] "StartFileSystemListener1"
13: Activity [1.30] "StartFileSystemListener1" is Executing
{
    Arguments
        Configuration: iCore.Workflow.Activities.Filesystem.FileSystemListenerConfiguration
}
14: CustomTrackingRecord [1.30] "iCPSTraceTrackingRecord"
15: Activity [1.30] "StartFileSystemListener1" is Closed
{
    Arguments
        Result: 00000000-0000-0000-0000-000000000000
        Configuration: iCore.Workflow.Activities.Filesystem.FileSystemListenerConfiguration
}
16: Activity [1.8] "MainSequence1" scheduled child activity [1.9] "GetNextFile1"
17: Activity [1.9] "GetNextFile1" is Executing
{
    Arguments
        ErrorOnTimeout: False
        SubscriptionId: 00000000-0000-0000-0000-000000000000
        Timeout: 00:00:00
        Rename: True
        MoveFileToDirectory: a:\nother\directory\path
        IsImplicitlyCancellable: True
}
18: Activity [1.9] "GetNextFile1" scheduled child activity [1.9.1] "Sequence"
19: Activity [1.9.1] "Sequence" is Executing
{
    Variables
        _5ef1bf98_84fe_487c_bb8a_8079780ebfc1_177: 0
}
20: Activity [1.9.1] "Sequence" scheduled child activity [1.9.26] "GetNextFile1"
21: Activity [1.9.26] "GetNextFile1" is Executing
{
    Arguments
        ErrorOnTimeout: False
        SubscriptionId: 00000000-0000-0000-0000-000000000000
        Timeout: 00:00:00
        IsImplicitlyCancellable: True
}
22: CustomTrackingRecord [1.9.26] "iCPSTraceTrackingRecord"
23: WorkflowInstance "FilesystemListenerActivity" is Idle
24: Bookmark "c3fe3b9b-f133-4d8e-a350-4059ca1662de" resumed with payload &lt;iCore.Workflow.Activities.Extensions.ItemSubscriptionEventArgs`1[iCore.Common.Utilities.FileSystemWatcher.FileSystemWatcherFileInfo]&gt; owner [1.9.26] "GetNextFile1"
25: CustomTrackingRecord [1.9.26] "iCPSTraceTrackingRecord"
26: Activity [1.9.26] "GetNextFile1" is Closed
{
    Arguments
        ErrorOnTimeout: False
        SubscriptionId: 00000000-0000-0000-0000-000000000000
        FileName: 
        Timeout: 00:00:00
        FileFullName: 
        IsImplicitlyCancellable: True
        WatchType: 0
}
27: Activity [1.9.1] "Sequence" scheduled child activity [1.9.19] "AssignProcessingFileName1"
28: Activity [1.9.19] "AssignProcessingFileName1" is Executing
{
    Arguments
        Value: 
}
29: Activity [1.9.19] "AssignProcessingFileName1" is Closed
{
    Arguments
        Value: 
        To: 
}
30: Activity [1.9.1] "Sequence" scheduled child activity [1.9.11] "AssignProcessingFilePath1"
31: Activity [1.9.11] "AssignProcessingFilePath1" is Executing
{
    Arguments
        Value: 
}
32: Activity [1.9.11] "AssignProcessingFilePath1" is Closed
{
    Arguments
        Value: 
        To: 
}
33: Activity [1.9.1] "Sequence" scheduled child activity [1.9.2] "RenameFileCheck1"
34: Activity [1.9.2] "RenameFileCheck1" is Executing
{
    Arguments
        Condition: False
}
35: Activity [1.9.2] "RenameFileCheck1" is Closed
{
    Arguments
        Condition: False
}
36: Activity [1.9.1] "Sequence" is Closed
{
    Variables
        _5ef1bf98_84fe_487c_bb8a_8079780ebfc1_178: 0
}
37: Activity [1.9] "GetNextFile1" is Closed
{
    Arguments
        ErrorOnTimeout: False
        SubscriptionId: 00000000-0000-0000-0000-000000000000
        Timeout: 00:00:00
        Rename: True
        OriginalFileName: 
        ProcessingFilePath: 
        MoveFileToDirectory: a:\nother\directory\path
        IsImplicitlyCancellable: True
        ProcessingFileName: 
        OriginalFilePath: 
}
38: Activity [1.8] "MainSequence1" is Closed
{
    Variables
        configuration: iCore.Workflow.Activities.Filesystem.FileSystemListenerConfiguration
}
39: Activity [1.4] "TryCatch2" scheduled child activity [1.5] "CloseConnection1"
40: Activity [1.5] "CloseConnection1" is Executing
{
    Arguments
        SubscriptionId: 00000000-0000-0000-0000-000000000000
}
41: CustomTrackingRecord [1.5] "iCPSTraceTrackingRecord"
42: Activity [1.5] "CloseConnection1" is Closed
{
    Arguments
        SubscriptionId: 00000000-0000-0000-0000-000000000000
}
43: Activity [1.4] "TryCatch2" is Closed
44: Activity [1.1] "TryCatch1" is Closed
{
    Variables
        connection: 00000000-0000-0000-0000-000000000000
}
45: Activity [1] "FilesystemListenerActivity" is Closed
{
    Arguments
        Directory: a:\directory
        ErrorOnTimeout: False
        Timeout: 00:00:00
        Filter: *.txt
        Rename: True
        OriginalFileName: 
        SettleTime: 00:00:00.5550000
        ProcessingFilePath: 
        ScanForFileOnStart: True
        MoveFileToDirectory: a:\nother\directory\path
        IsImplicitlyCancellable: True
        ProcessingFileName: 
        OriginalFilePath: 
        Recursive: False
        WatchType: Rename
}
46: WorkflowInstance "FilesystemListenerActivity" is Completed</StdOut>
      </Output>
    </UnitTestResult>
    <UnitTestResult executionId="16f4c4fc-3e25-48a6-b044-9d3a4643c6b9" testId="e6d4bff8-73e5-96fb-ced9-5ce4dc462ae6" testName="Invoke_RenameNoMoveNoErrorOnTimeoutNoFileFound_OutArgumentProcessingFileNameIsNull" computerName="ICSWS068" duration="00:00:00.0072705" startTime="2016-08-04T09:58:42.4820559+02:00" endTime="2016-08-04T09:58:42.4906238+02:00" testType="13cdc9d9-ddb5-4fa4-a97d-d965ccfc6d4b" outcome="Passed" testListId="8c84fa94-04c1-424b-9868-57a2d4851a1d" relativeResultsDirectory="16f4c4fc-3e25-48a6-b044-9d3a4643c6b9">
      <Output>
        <StdOut>Debug Trace:
0: WorkflowInstance "FilesystemListenerActivity" is Started
1: Activity [null] "null" scheduled child activity [1] "FilesystemListenerActivity"
2: Activity [1] "FilesystemListenerActivity" is Executing
{
    Arguments
        Directory: a:\directory
        ErrorOnTimeout: False
        Timeout: 00:00:00
        Filter: *.txt
        Rename: True
        SettleTime: 00:00:00.5550000
        ScanForFileOnStart: True
        MoveFileToDirectory: 
        IsImplicitlyCancellable: True
        Recursive: False
        WatchType: Rename
}
3: Activity [1] "FilesystemListenerActivity" scheduled child activity [1.1] "TryCatch1"
4: Activity [1.1] "TryCatch1" is Executing
{
    Variables
        connection: 00000000-0000-0000-0000-000000000000
}
5: Activity [1.1] "TryCatch1" scheduled child activity [1.4] "TryCatch2"
6: Activity [1.4] "TryCatch2" is Executing
7: Activity [1.4] "TryCatch2" scheduled child activity [1.8] "MainSequence1"
8: Activity [1.8] "MainSequence1" is Executing
{
    Variables
        configuration: iCore.Workflow.Activities.Filesystem.FileSystemListenerConfiguration
}
9: Activity [1.8] "MainSequence1" scheduled child activity [1.35] "CreateConfiguration1"
10: Activity [1.35] "CreateConfiguration1" is Executing
{
    Arguments
        Directory: a:\directory
        Filter: *.txt
        SettleTime: 00:00:00.5550000
        ScanForFileOnStart: True
        Recursive: False
        WatchType: Rename
}
11: Activity [1.35] "CreateConfiguration1" is Closed
{
    Arguments
        Directory: a:\directory
        Filter: *.txt
        Result: iCore.Workflow.Activities.Filesystem.FileSystemListenerConfiguration
        SettleTime: 00:00:00.5550000
        ScanForFileOnStart: True
        Recursive: False
        WatchType: Rename
}
12: Activity [1.8] "MainSequence1" scheduled child activity [1.30] "StartFileSystemListener1"
13: Activity [1.30] "StartFileSystemListener1" is Executing
{
    Arguments
        Configuration: iCore.Workflow.Activities.Filesystem.FileSystemListenerConfiguration
}
14: CustomTrackingRecord [1.30] "iCPSTraceTrackingRecord"
15: Activity [1.30] "StartFileSystemListener1" is Closed
{
    Arguments
        Result: 00000000-0000-0000-0000-000000000000
        Configuration: iCore.Workflow.Activities.Filesystem.FileSystemListenerConfiguration
}
16: Activity [1.8] "MainSequence1" scheduled child activity [1.9] "GetNextFile1"
17: Activity [1.9] "GetNextFile1" is Executing
{
    Arguments
        ErrorOnTimeout: False
        SubscriptionId: 00000000-0000-0000-0000-000000000000
        Timeout: 00:00:00
        Rename: True
        MoveFileToDirectory: 
        IsImplicitlyCancellable: True
}
18: Activity [1.9] "GetNextFile1" scheduled child activity [1.9.1] "Sequence"
19: Activity [1.9.1] "Sequence" is Executing
{
    Variables
        _5ef1bf98_84fe_487c_bb8a_8079780ebfc1_179: 0
}
20: Activity [1.9.1] "Sequence" scheduled child activity [1.9.26] "GetNextFile1"
21: Activity [1.9.26] "GetNextFile1" is Executing
{
    Arguments
        ErrorOnTimeout: False
        SubscriptionId: 00000000-0000-0000-0000-000000000000
        Timeout: 00:00:00
        IsImplicitlyCancellable: True
}
22: CustomTrackingRecord [1.9.26] "iCPSTraceTrackingRecord"
23: WorkflowInstance "FilesystemListenerActivity" is Idle
24: Bookmark "2f1dfece-1aaf-4bee-b647-501927d7de8b" resumed with payload &lt;iCore.Workflow.Activities.Extensions.ItemSubscriptionEventArgs`1[iCore.Common.Utilities.FileSystemWatcher.FileSystemWatcherFileInfo]&gt; owner [1.9.26] "GetNextFile1"
25: CustomTrackingRecord [1.9.26] "iCPSTraceTrackingRecord"
26: Activity [1.9.26] "GetNextFile1" is Closed
{
    Arguments
        ErrorOnTimeout: False
        SubscriptionId: 00000000-0000-0000-0000-000000000000
        FileName: 
        Timeout: 00:00:00
        FileFullName: 
        IsImplicitlyCancellable: True
        WatchType: 0
}
27: Activity [1.9.1] "Sequence" scheduled child activity [1.9.19] "AssignProcessingFileName1"
28: Activity [1.9.19] "AssignProcessingFileName1" is Executing
{
    Arguments
        Value: 
}
29: Activity [1.9.19] "AssignProcessingFileName1" is Closed
{
    Arguments
        Value: 
        To: 
}
30: Activity [1.9.1] "Sequence" scheduled child activity [1.9.11] "AssignProcessingFilePath1"
31: Activity [1.9.11] "AssignProcessingFilePath1" is Executing
{
    Arguments
        Value: 
}
32: Activity [1.9.11] "AssignProcessingFilePath1" is Closed
{
    Arguments
        Value: 
        To: 
}
33: Activity [1.9.1] "Sequence" scheduled child activity [1.9.2] "RenameFileCheck1"
34: Activity [1.9.2] "RenameFileCheck1" is Executing
{
    Arguments
        Condition: False
}
35: Activity [1.9.2] "RenameFileCheck1" is Closed
{
    Arguments
        Condition: False
}
36: Activity [1.9.1] "Sequence" is Closed
{
    Variables
        _5ef1bf98_84fe_487c_bb8a_8079780ebfc1_180: 0
}
37: Activity [1.9] "GetNextFile1" is Closed
{
    Arguments
        ErrorOnTimeout: False
        SubscriptionId: 00000000-0000-0000-0000-000000000000
        Timeout: 00:00:00
        Rename: True
        OriginalFileName: 
        ProcessingFilePath: 
        MoveFileToDirectory: 
        IsImplicitlyCancellable: True
        ProcessingFileName: 
        OriginalFilePath: 
}
38: Activity [1.8] "MainSequence1" is Closed
{
    Variables
        configuration: iCore.Workflow.Activities.Filesystem.FileSystemListenerConfiguration
}
39: Activity [1.4] "TryCatch2" scheduled child activity [1.5] "CloseConnection1"
40: Activity [1.5] "CloseConnection1" is Executing
{
    Arguments
        SubscriptionId: 00000000-0000-0000-0000-000000000000
}
41: CustomTrackingRecord [1.5] "iCPSTraceTrackingRecord"
42: Activity [1.5] "CloseConnection1" is Closed
{
    Arguments
        SubscriptionId: 00000000-0000-0000-0000-000000000000
}
43: Activity [1.4] "TryCatch2" is Closed
44: Activity [1.1] "TryCatch1" is Closed
{
    Variables
        connection: 00000000-0000-0000-0000-000000000000
}
45: Activity [1] "FilesystemListenerActivity" is Closed
{
    Arguments
        Directory: a:\directory
        ErrorOnTimeout: False
        Timeout: 00:00:00
        Filter: *.txt
        Rename: True
        OriginalFileName: 
        SettleTime: 00:00:00.5550000
        ProcessingFilePath: 
        ScanForFileOnStart: True
        MoveFileToDirectory: 
        IsImplicitlyCancellable: True
        ProcessingFileName: 
        OriginalFilePath: 
        Recursive: False
        WatchType: Rename
}
46: WorkflowInstance "FilesystemListenerActivity" is Completed</StdOut>
      </Output>
    </UnitTestResult>
    <UnitTestResult executionId="07334965-51ef-41ef-bd40-1050c63f7ace" testId="57d6832c-8812-40d0-6783-da1d6ae78df9" testName="Invoke_RenameNoMoveNoErrorOnTimeoutNoFileFound_OutArgumentProcessingFilePathIsNull" computerName="ICSWS068" duration="00:00:00.0076880" startTime="2016-08-04T09:58:42.4931111+02:00" endTime="2016-08-04T09:58:42.5021195+02:00" testType="13cdc9d9-ddb5-4fa4-a97d-d965ccfc6d4b" outcome="Passed" testListId="8c84fa94-04c1-424b-9868-57a2d4851a1d" relativeResultsDirectory="07334965-51ef-41ef-bd40-1050c63f7ace">
      <Output>
        <StdOut>Debug Trace:
0: WorkflowInstance "FilesystemListenerActivity" is Started
1: Activity [null] "null" scheduled child activity [1] "FilesystemListenerActivity"
2: Activity [1] "FilesystemListenerActivity" is Executing
{
    Arguments
        Directory: a:\directory
        ErrorOnTimeout: False
        Timeout: 00:00:00
        Filter: *.txt
        Rename: True
        SettleTime: 00:00:00.5550000
        ScanForFileOnStart: True
        MoveFileToDirectory: 
        IsImplicitlyCancellable: True
        Recursive: False
        WatchType: Rename
}
3: Activity [1] "FilesystemListenerActivity" scheduled child activity [1.1] "TryCatch1"
4: Activity [1.1] "TryCatch1" is Executing
{
    Variables
        connection: 00000000-0000-0000-0000-000000000000
}
5: Activity [1.1] "TryCatch1" scheduled child activity [1.4] "TryCatch2"
6: Activity [1.4] "TryCatch2" is Executing
7: Activity [1.4] "TryCatch2" scheduled child activity [1.8] "MainSequence1"
8: Activity [1.8] "MainSequence1" is Executing
{
    Variables
        configuration: iCore.Workflow.Activities.Filesystem.FileSystemListenerConfiguration
}
9: Activity [1.8] "MainSequence1" scheduled child activity [1.35] "CreateConfiguration1"
10: Activity [1.35] "CreateConfiguration1" is Executing
{
    Arguments
        Directory: a:\directory
        Filter: *.txt
        SettleTime: 00:00:00.5550000
        ScanForFileOnStart: True
        Recursive: False
        WatchType: Rename
}
11: Activity [1.35] "CreateConfiguration1" is Closed
{
    Arguments
        Directory: a:\directory
        Filter: *.txt
        Result: iCore.Workflow.Activities.Filesystem.FileSystemListenerConfiguration
        SettleTime: 00:00:00.5550000
        ScanForFileOnStart: True
        Recursive: False
        WatchType: Rename
}
12: Activity [1.8] "MainSequence1" scheduled child activity [1.30] "StartFileSystemListener1"
13: Activity [1.30] "StartFileSystemListener1" is Executing
{
    Arguments
        Configuration: iCore.Workflow.Activities.Filesystem.FileSystemListenerConfiguration
}
14: CustomTrackingRecord [1.30] "iCPSTraceTrackingRecord"
15: Activity [1.30] "StartFileSystemListener1" is Closed
{
    Arguments
        Result: 00000000-0000-0000-0000-000000000000
        Configuration: iCore.Workflow.Activities.Filesystem.FileSystemListenerConfiguration
}
16: Activity [1.8] "MainSequence1" scheduled child activity [1.9] "GetNextFile1"
17: Activity [1.9] "GetNextFile1" is Executing
{
    Arguments
        ErrorOnTimeout: False
        SubscriptionId: 00000000-0000-0000-0000-000000000000
        Timeout: 00:00:00
        Rename: True
        MoveFileToDirectory: 
        IsImplicitlyCancellable: True
}
18: Activity [1.9] "GetNextFile1" scheduled child activity [1.9.1] "Sequence"
19: Activity [1.9.1] "Sequence" is Executing
{
    Variables
        _5ef1bf98_84fe_487c_bb8a_8079780ebfc1_181: 0
}
20: Activity [1.9.1] "Sequence" scheduled child activity [1.9.26] "GetNextFile1"
21: Activity [1.9.26] "GetNextFile1" is Executing
{
    Arguments
        ErrorOnTimeout: False
        SubscriptionId: 00000000-0000-0000-0000-000000000000
        Timeout: 00:00:00
        IsImplicitlyCancellable: True
}
22: CustomTrackingRecord [1.9.26] "iCPSTraceTrackingRecord"
23: WorkflowInstance "FilesystemListenerActivity" is Idle
24: Bookmark "5b180184-5959-442c-bfea-c2d2a95fd80e" resumed with payload &lt;iCore.Workflow.Activities.Extensions.ItemSubscriptionEventArgs`1[iCore.Common.Utilities.FileSystemWatcher.FileSystemWatcherFileInfo]&gt; owner [1.9.26] "GetNextFile1"
25: CustomTrackingRecord [1.9.26] "iCPSTraceTrackingRecord"
26: Activity [1.9.26] "GetNextFile1" is Closed
{
    Arguments
        ErrorOnTimeout: False
        SubscriptionId: 00000000-0000-0000-0000-000000000000
        FileName: 
        Timeout: 00:00:00
        FileFullName: 
        IsImplicitlyCancellable: True
        WatchType: 0
}
27: Activity [1.9.1] "Sequence" scheduled child activity [1.9.19] "AssignProcessingFileName1"
28: Activity [1.9.19] "AssignProcessingFileName1" is Executing
{
    Arguments
        Value: 
}
29: Activity [1.9.19] "AssignProcessingFileName1" is Closed
{
    Arguments
        Value: 
        To: 
}
30: Activity [1.9.1] "Sequence" scheduled child activity [1.9.11] "AssignProcessingFilePath1"
31: Activity [1.9.11] "AssignProcessingFilePath1" is Executing
{
    Arguments
        Value: 
}
32: Activity [1.9.11] "AssignProcessingFilePath1" is Closed
{
    Arguments
        Value: 
        To: 
}
33: Activity [1.9.1] "Sequence" scheduled child activity [1.9.2] "RenameFileCheck1"
34: Activity [1.9.2] "RenameFileCheck1" is Executing
{
    Arguments
        Condition: False
}
35: Activity [1.9.2] "RenameFileCheck1" is Closed
{
    Arguments
        Condition: False
}
36: Activity [1.9.1] "Sequence" is Closed
{
    Variables
        _5ef1bf98_84fe_487c_bb8a_8079780ebfc1_182: 0
}
37: Activity [1.9] "GetNextFile1" is Closed
{
    Arguments
        ErrorOnTimeout: False
        SubscriptionId: 00000000-0000-0000-0000-000000000000
        Timeout: 00:00:00
        Rename: True
        OriginalFileName: 
        ProcessingFilePath: 
        MoveFileToDirectory: 
        IsImplicitlyCancellable: True
        ProcessingFileName: 
        OriginalFilePath: 
}
38: Activity [1.8] "MainSequence1" is Closed
{
    Variables
        configuration: iCore.Workflow.Activities.Filesystem.FileSystemListenerConfiguration
}
39: Activity [1.4] "TryCatch2" scheduled child activity [1.5] "CloseConnection1"
40: Activity [1.5] "CloseConnection1" is Executing
{
    Arguments
        SubscriptionId: 00000000-0000-0000-0000-000000000000
}
41: CustomTrackingRecord [1.5] "iCPSTraceTrackingRecord"
42: Activity [1.5] "CloseConnection1" is Closed
{
    Arguments
        SubscriptionId: 00000000-0000-0000-0000-000000000000
}
43: Activity [1.4] "TryCatch2" is Closed
44: Activity [1.1] "TryCatch1" is Closed
{
    Variables
        connection: 00000000-0000-0000-0000-000000000000
}
45: Activity [1] "FilesystemListenerActivity" is Closed
{
    Arguments
        Directory: a:\directory
        ErrorOnTimeout: False
        Timeout: 00:00:00
        Filter: *.txt
        Rename: True
        OriginalFileName: 
        SettleTime: 00:00:00.5550000
        ProcessingFilePath: 
        ScanForFileOnStart: True
        MoveFileToDirectory: 
        IsImplicitlyCancellable: True
        ProcessingFileName: 
        OriginalFilePath: 
        Recursive: False
        WatchType: Rename
}
46: WorkflowInstance "FilesystemListenerActivity" is Completed</StdOut>
      </Output>
    </UnitTestResult>
    <UnitTestResult executionId="bcebac9c-c88d-4250-9532-3f5b0583a7f1" testId="560500be-aa7b-9451-3737-46077b196be5" testName="Invoke_RenameNoMoveNoErrorOnTimeoutNoFileFound_OutArgumentOriginalFileNameIsNull" computerName="ICSWS068" duration="00:00:00.0078828" startTime="2016-08-04T09:58:42.5051253+02:00" endTime="2016-08-04T09:58:42.5141468+02:00" testType="13cdc9d9-ddb5-4fa4-a97d-d965ccfc6d4b" outcome="Passed" testListId="8c84fa94-04c1-424b-9868-57a2d4851a1d" relativeResultsDirectory="bcebac9c-c88d-4250-9532-3f5b0583a7f1">
      <Output>
        <StdOut>Debug Trace:
0: WorkflowInstance "FilesystemListenerActivity" is Started
1: Activity [null] "null" scheduled child activity [1] "FilesystemListenerActivity"
2: Activity [1] "FilesystemListenerActivity" is Executing
{
    Arguments
        Directory: a:\directory
        ErrorOnTimeout: False
        Timeout: 00:00:00
        Filter: *.txt
        Rename: True
        SettleTime: 00:00:00.5550000
        ScanForFileOnStart: True
        MoveFileToDirectory: 
        IsImplicitlyCancellable: True
        Recursive: False
        WatchType: Rename
}
3: Activity [1] "FilesystemListenerActivity" scheduled child activity [1.1] "TryCatch1"
4: Activity [1.1] "TryCatch1" is Executing
{
    Variables
        connection: 00000000-0000-0000-0000-000000000000
}
5: Activity [1.1] "TryCatch1" scheduled child activity [1.4] "TryCatch2"
6: Activity [1.4] "TryCatch2" is Executing
7: Activity [1.4] "TryCatch2" scheduled child activity [1.8] "MainSequence1"
8: Activity [1.8] "MainSequence1" is Executing
{
    Variables
        configuration: iCore.Workflow.Activities.Filesystem.FileSystemListenerConfiguration
}
9: Activity [1.8] "MainSequence1" scheduled child activity [1.35] "CreateConfiguration1"
10: Activity [1.35] "CreateConfiguration1" is Executing
{
    Arguments
        Directory: a:\directory
        Filter: *.txt
        SettleTime: 00:00:00.5550000
        ScanForFileOnStart: True
        Recursive: False
        WatchType: Rename
}
11: Activity [1.35] "CreateConfiguration1" is Closed
{
    Arguments
        Directory: a:\directory
        Filter: *.txt
        Result: iCore.Workflow.Activities.Filesystem.FileSystemListenerConfiguration
        SettleTime: 00:00:00.5550000
        ScanForFileOnStart: True
        Recursive: False
        WatchType: Rename
}
12: Activity [1.8] "MainSequence1" scheduled child activity [1.30] "StartFileSystemListener1"
13: Activity [1.30] "StartFileSystemListener1" is Executing
{
    Arguments
        Configuration: iCore.Workflow.Activities.Filesystem.FileSystemListenerConfiguration
}
14: CustomTrackingRecord [1.30] "iCPSTraceTrackingRecord"
15: Activity [1.30] "StartFileSystemListener1" is Closed
{
    Arguments
        Result: 00000000-0000-0000-0000-000000000000
        Configuration: iCore.Workflow.Activities.Filesystem.FileSystemListenerConfiguration
}
16: Activity [1.8] "MainSequence1" scheduled child activity [1.9] "GetNextFile1"
17: Activity [1.9] "GetNextFile1" is Executing
{
    Arguments
        ErrorOnTimeout: False
        SubscriptionId: 00000000-0000-0000-0000-000000000000
        Timeout: 00:00:00
        Rename: True
        MoveFileToDirectory: 
        IsImplicitlyCancellable: True
}
18: Activity [1.9] "GetNextFile1" scheduled child activity [1.9.1] "Sequence"
19: Activity [1.9.1] "Sequence" is Executing
{
    Variables
        _5ef1bf98_84fe_487c_bb8a_8079780ebfc1_183: 0
}
20: Activity [1.9.1] "Sequence" scheduled child activity [1.9.26] "GetNextFile1"
21: Activity [1.9.26] "GetNextFile1" is Executing
{
    Arguments
        ErrorOnTimeout: False
        SubscriptionId: 00000000-0000-0000-0000-000000000000
        Timeout: 00:00:00
        IsImplicitlyCancellable: True
}
22: CustomTrackingRecord [1.9.26] "iCPSTraceTrackingRecord"
23: WorkflowInstance "FilesystemListenerActivity" is Idle
24: Bookmark "122ef1fb-1943-4695-8db8-58af2d0f4a34" resumed with payload &lt;iCore.Workflow.Activities.Extensions.ItemSubscriptionEventArgs`1[iCore.Common.Utilities.FileSystemWatcher.FileSystemWatcherFileInfo]&gt; owner [1.9.26] "GetNextFile1"
25: CustomTrackingRecord [1.9.26] "iCPSTraceTrackingRecord"
26: Activity [1.9.26] "GetNextFile1" is Closed
{
    Arguments
        ErrorOnTimeout: False
        SubscriptionId: 00000000-0000-0000-0000-000000000000
        FileName: 
        Timeout: 00:00:00
        FileFullName: 
        IsImplicitlyCancellable: True
        WatchType: 0
}
27: Activity [1.9.1] "Sequence" scheduled child activity [1.9.19] "AssignProcessingFileName1"
28: Activity [1.9.19] "AssignProcessingFileName1" is Executing
{
    Arguments
        Value: 
}
29: Activity [1.9.19] "AssignProcessingFileName1" is Closed
{
    Arguments
        Value: 
        To: 
}
30: Activity [1.9.1] "Sequence" scheduled child activity [1.9.11] "AssignProcessingFilePath1"
31: Activity [1.9.11] "AssignProcessingFilePath1" is Executing
{
    Arguments
        Value: 
}
32: Activity [1.9.11] "AssignProcessingFilePath1" is Closed
{
    Arguments
        Value: 
        To: 
}
33: Activity [1.9.1] "Sequence" scheduled child activity [1.9.2] "RenameFileCheck1"
34: Activity [1.9.2] "RenameFileCheck1" is Executing
{
    Arguments
        Condition: False
}
35: Activity [1.9.2] "RenameFileCheck1" is Closed
{
    Arguments
        Condition: False
}
36: Activity [1.9.1] "Sequence" is Closed
{
    Variables
        _5ef1bf98_84fe_487c_bb8a_8079780ebfc1_184: 0
}
37: Activity [1.9] "GetNextFile1" is Closed
{
    Arguments
        ErrorOnTimeout: False
        SubscriptionId: 00000000-0000-0000-0000-000000000000
        Timeout: 00:00:00
        Rename: True
        OriginalFileName: 
        ProcessingFilePath: 
        MoveFileToDirectory: 
        IsImplicitlyCancellable: True
        ProcessingFileName: 
        OriginalFilePath: 
}
38: Activity [1.8] "MainSequence1" is Closed
{
    Variables
        configuration: iCore.Workflow.Activities.Filesystem.FileSystemListenerConfiguration
}
39: Activity [1.4] "TryCatch2" scheduled child activity [1.5] "CloseConnection1"
40: Activity [1.5] "CloseConnection1" is Executing
{
    Arguments
        SubscriptionId: 00000000-0000-0000-0000-000000000000
}
41: CustomTrackingRecord [1.5] "iCPSTraceTrackingRecord"
42: Activity [1.5] "CloseConnection1" is Closed
{
    Arguments
        SubscriptionId: 00000000-0000-0000-0000-000000000000
}
43: Activity [1.4] "TryCatch2" is Closed
44: Activity [1.1] "TryCatch1" is Closed
{
    Variables
        connection: 00000000-0000-0000-0000-000000000000
}
45: Activity [1] "FilesystemListenerActivity" is Closed
{
    Arguments
        Directory: a:\directory
        ErrorOnTimeout: False
        Timeout: 00:00:00
        Filter: *.txt
        Rename: True
        OriginalFileName: 
        SettleTime: 00:00:00.5550000
        ProcessingFilePath: 
        ScanForFileOnStart: True
        MoveFileToDirectory: 
        IsImplicitlyCancellable: True
        ProcessingFileName: 
        OriginalFilePath: 
        Recursive: False
        WatchType: Rename
}
46: WorkflowInstance "FilesystemListenerActivity" is Completed</StdOut>
      </Output>
    </UnitTestResult>
    <UnitTestResult executionId="4090ecbf-e13a-4414-8e9f-a0f18bc2a161" testId="d7983fc0-288c-13fa-7f5f-cfbc51b44a20" testName="Invoke_RenameNoMoveNoErrorOnTimeoutNoFileFound_OutArgumentOriginalFilePathIsNull" computerName="ICSWS068" duration="00:00:00.0072587" startTime="2016-08-04T09:58:42.5171315+02:00" endTime="2016-08-04T09:58:42.5256545+02:00" testType="13cdc9d9-ddb5-4fa4-a97d-d965ccfc6d4b" outcome="Passed" testListId="8c84fa94-04c1-424b-9868-57a2d4851a1d" relativeResultsDirectory="4090ecbf-e13a-4414-8e9f-a0f18bc2a161">
      <Output>
        <StdOut>Debug Trace:
0: WorkflowInstance "FilesystemListenerActivity" is Started
1: Activity [null] "null" scheduled child activity [1] "FilesystemListenerActivity"
2: Activity [1] "FilesystemListenerActivity" is Executing
{
    Arguments
        Directory: a:\directory
        ErrorOnTimeout: False
        Timeout: 00:00:00
        Filter: *.txt
        Rename: True
        SettleTime: 00:00:00.5550000
        ScanForFileOnStart: True
        MoveFileToDirectory: 
        IsImplicitlyCancellable: True
        Recursive: False
        WatchType: Rename
}
3: Activity [1] "FilesystemListenerActivity" scheduled child activity [1.1] "TryCatch1"
4: Activity [1.1] "TryCatch1" is Executing
{
    Variables
        connection: 00000000-0000-0000-0000-000000000000
}
5: Activity [1.1] "TryCatch1" scheduled child activity [1.4] "TryCatch2"
6: Activity [1.4] "TryCatch2" is Executing
7: Activity [1.4] "TryCatch2" scheduled child activity [1.8] "MainSequence1"
8: Activity [1.8] "MainSequence1" is Executing
{
    Variables
        configuration: iCore.Workflow.Activities.Filesystem.FileSystemListenerConfiguration
}
9: Activity [1.8] "MainSequence1" scheduled child activity [1.35] "CreateConfiguration1"
10: Activity [1.35] "CreateConfiguration1" is Executing
{
    Arguments
        Directory: a:\directory
        Filter: *.txt
        SettleTime: 00:00:00.5550000
        ScanForFileOnStart: True
        Recursive: False
        WatchType: Rename
}
11: Activity [1.35] "CreateConfiguration1" is Closed
{
    Arguments
        Directory: a:\directory
        Filter: *.txt
        Result: iCore.Workflow.Activities.Filesystem.FileSystemListenerConfiguration
        SettleTime: 00:00:00.5550000
        ScanForFileOnStart: True
        Recursive: False
        WatchType: Rename
}
12: Activity [1.8] "MainSequence1" scheduled child activity [1.30] "StartFileSystemListener1"
13: Activity [1.30] "StartFileSystemListener1" is Executing
{
    Arguments
        Configuration: iCore.Workflow.Activities.Filesystem.FileSystemListenerConfiguration
}
14: CustomTrackingRecord [1.30] "iCPSTraceTrackingRecord"
15: Activity [1.30] "StartFileSystemListener1" is Closed
{
    Arguments
        Result: 00000000-0000-0000-0000-000000000000
        Configuration: iCore.Workflow.Activities.Filesystem.FileSystemListenerConfiguration
}
16: Activity [1.8] "MainSequence1" scheduled child activity [1.9] "GetNextFile1"
17: Activity [1.9] "GetNextFile1" is Executing
{
    Arguments
        ErrorOnTimeout: False
        SubscriptionId: 00000000-0000-0000-0000-000000000000
        Timeout: 00:00:00
        Rename: True
        MoveFileToDirectory: 
        IsImplicitlyCancellable: True
}
18: Activity [1.9] "GetNextFile1" scheduled child activity [1.9.1] "Sequence"
19: Activity [1.9.1] "Sequence" is Executing
{
    Variables
        _5ef1bf98_84fe_487c_bb8a_8079780ebfc1_185: 0
}
20: Activity [1.9.1] "Sequence" scheduled child activity [1.9.26] "GetNextFile1"
21: Activity [1.9.26] "GetNextFile1" is Executing
{
    Arguments
        ErrorOnTimeout: False
        SubscriptionId: 00000000-0000-0000-0000-000000000000
        Timeout: 00:00:00
        IsImplicitlyCancellable: True
}
22: CustomTrackingRecord [1.9.26] "iCPSTraceTrackingRecord"
23: WorkflowInstance "FilesystemListenerActivity" is Idle
24: Bookmark "031a6eb6-79e2-41eb-81db-1c5091b17afc" resumed with payload &lt;iCore.Workflow.Activities.Extensions.ItemSubscriptionEventArgs`1[iCore.Common.Utilities.FileSystemWatcher.FileSystemWatcherFileInfo]&gt; owner [1.9.26] "GetNextFile1"
25: CustomTrackingRecord [1.9.26] "iCPSTraceTrackingRecord"
26: Activity [1.9.26] "GetNextFile1" is Closed
{
    Arguments
        ErrorOnTimeout: False
        SubscriptionId: 00000000-0000-0000-0000-000000000000
        FileName: 
        Timeout: 00:00:00
        FileFullName: 
        IsImplicitlyCancellable: True
        WatchType: 0
}
27: Activity [1.9.1] "Sequence" scheduled child activity [1.9.19] "AssignProcessingFileName1"
28: Activity [1.9.19] "AssignProcessingFileName1" is Executing
{
    Arguments
        Value: 
}
29: Activity [1.9.19] "AssignProcessingFileName1" is Closed
{
    Arguments
        Value: 
        To: 
}
30: Activity [1.9.1] "Sequence" scheduled child activity [1.9.11] "AssignProcessingFilePath1"
31: Activity [1.9.11] "AssignProcessingFilePath1" is Executing
{
    Arguments
        Value: 
}
32: Activity [1.9.11] "AssignProcessingFilePath1" is Closed
{
    Arguments
        Value: 
        To: 
}
33: Activity [1.9.1] "Sequence" scheduled child activity [1.9.2] "RenameFileCheck1"
34: Activity [1.9.2] "RenameFileCheck1" is Executing
{
    Arguments
        Condition: False
}
35: Activity [1.9.2] "RenameFileCheck1" is Closed
{
    Arguments
        Condition: False
}
36: Activity [1.9.1] "Sequence" is Closed
{
    Variables
        _5ef1bf98_84fe_487c_bb8a_8079780ebfc1_186: 0
}
37: Activity [1.9] "GetNextFile1" is Closed
{
    Arguments
        ErrorOnTimeout: False
        SubscriptionId: 00000000-0000-0000-0000-000000000000
        Timeout: 00:00:00
        Rename: True
        OriginalFileName: 
        ProcessingFilePath: 
        MoveFileToDirectory: 
        IsImplicitlyCancellable: True
        ProcessingFileName: 
        OriginalFilePath: 
}
38: Activity [1.8] "MainSequence1" is Closed
{
    Variables
        configuration: iCore.Workflow.Activities.Filesystem.FileSystemListenerConfiguration
}
39: Activity [1.4] "TryCatch2" scheduled child activity [1.5] "CloseConnection1"
40: Activity [1.5] "CloseConnection1" is Executing
{
    Arguments
        SubscriptionId: 00000000-0000-0000-0000-000000000000
}
41: CustomTrackingRecord [1.5] "iCPSTraceTrackingRecord"
42: Activity [1.5] "CloseConnection1" is Closed
{
    Arguments
        SubscriptionId: 00000000-0000-0000-0000-000000000000
}
43: Activity [1.4] "TryCatch2" is Closed
44: Activity [1.1] "TryCatch1" is Closed
{
    Variables
        connection: 00000000-0000-0000-0000-000000000000
}
45: Activity [1] "FilesystemListenerActivity" is Closed
{
    Arguments
        Directory: a:\directory
        ErrorOnTimeout: False
        Timeout: 00:00:00
        Filter: *.txt
        Rename: True
        OriginalFileName: 
        SettleTime: 00:00:00.5550000
        ProcessingFilePath: 
        ScanForFileOnStart: True
        MoveFileToDirectory: 
        IsImplicitlyCancellable: True
        ProcessingFileName: 
        OriginalFilePath: 
        Recursive: False
        WatchType: Rename
}
46: WorkflowInstance "FilesystemListenerActivity" is Completed</StdOut>
      </Output>
    </UnitTestResult>
    <UnitTestResult executionId="4dcc67f6-6244-49ee-a6c7-fc69ec059556" testId="7c3d73d6-ae7c-b6b6-d1d1-f09fb0834a1b" testName="Invoke_NoRenameMoveNoErrorOnTimeoutNoFileFound_OutArgumentProcessingFileNameIsNull" computerName="ICSWS068" duration="00:00:00.0079546" startTime="2016-08-04T09:58:42.5286407+02:00" endTime="2016-08-04T09:58:42.5380725+02:00" testType="13cdc9d9-ddb5-4fa4-a97d-d965ccfc6d4b" outcome="Passed" testListId="8c84fa94-04c1-424b-9868-57a2d4851a1d" relativeResultsDirectory="4dcc67f6-6244-49ee-a6c7-fc69ec059556">
      <Output>
        <StdOut>Debug Trace:
0: WorkflowInstance "FilesystemListenerActivity" is Started
1: Activity [null] "null" scheduled child activity [1] "FilesystemListenerActivity"
2: Activity [1] "FilesystemListenerActivity" is Executing
{
    Arguments
        Directory: a:\directory
        ErrorOnTimeout: False
        Timeout: 00:00:00
        Filter: *.txt
        Rename: False
        SettleTime: 00:00:00.5550000
        ScanForFileOnStart: True
        MoveFileToDirectory: a:\nother\directory\path
        IsImplicitlyCancellable: True
        Recursive: False
        WatchType: Rename
}
3: Activity [1] "FilesystemListenerActivity" scheduled child activity [1.1] "TryCatch1"
4: Activity [1.1] "TryCatch1" is Executing
{
    Variables
        connection: 00000000-0000-0000-0000-000000000000
}
5: Activity [1.1] "TryCatch1" scheduled child activity [1.4] "TryCatch2"
6: Activity [1.4] "TryCatch2" is Executing
7: Activity [1.4] "TryCatch2" scheduled child activity [1.8] "MainSequence1"
8: Activity [1.8] "MainSequence1" is Executing
{
    Variables
        configuration: iCore.Workflow.Activities.Filesystem.FileSystemListenerConfiguration
}
9: Activity [1.8] "MainSequence1" scheduled child activity [1.35] "CreateConfiguration1"
10: Activity [1.35] "CreateConfiguration1" is Executing
{
    Arguments
        Directory: a:\directory
        Filter: *.txt
        SettleTime: 00:00:00.5550000
        ScanForFileOnStart: True
        Recursive: False
        WatchType: Rename
}
11: Activity [1.35] "CreateConfiguration1" is Closed
{
    Arguments
        Directory: a:\directory
        Filter: *.txt
        Result: iCore.Workflow.Activities.Filesystem.FileSystemListenerConfiguration
        SettleTime: 00:00:00.5550000
        ScanForFileOnStart: True
        Recursive: False
        WatchType: Rename
}
12: Activity [1.8] "MainSequence1" scheduled child activity [1.30] "StartFileSystemListener1"
13: Activity [1.30] "StartFileSystemListener1" is Executing
{
    Arguments
        Configuration: iCore.Workflow.Activities.Filesystem.FileSystemListenerConfiguration
}
14: CustomTrackingRecord [1.30] "iCPSTraceTrackingRecord"
15: Activity [1.30] "StartFileSystemListener1" is Closed
{
    Arguments
        Result: 00000000-0000-0000-0000-000000000000
        Configuration: iCore.Workflow.Activities.Filesystem.FileSystemListenerConfiguration
}
16: Activity [1.8] "MainSequence1" scheduled child activity [1.9] "GetNextFile1"
17: Activity [1.9] "GetNextFile1" is Executing
{
    Arguments
        ErrorOnTimeout: False
        SubscriptionId: 00000000-0000-0000-0000-000000000000
        Timeout: 00:00:00
        Rename: False
        MoveFileToDirectory: a:\nother\directory\path
        IsImplicitlyCancellable: True
}
18: Activity [1.9] "GetNextFile1" scheduled child activity [1.9.1] "Sequence"
19: Activity [1.9.1] "Sequence" is Executing
{
    Variables
        _5ef1bf98_84fe_487c_bb8a_8079780ebfc1_187: 0
}
20: Activity [1.9.1] "Sequence" scheduled child activity [1.9.26] "GetNextFile1"
21: Activity [1.9.26] "GetNextFile1" is Executing
{
    Arguments
        ErrorOnTimeout: False
        SubscriptionId: 00000000-0000-0000-0000-000000000000
        Timeout: 00:00:00
        IsImplicitlyCancellable: True
}
22: CustomTrackingRecord [1.9.26] "iCPSTraceTrackingRecord"
23: WorkflowInstance "FilesystemListenerActivity" is Idle
24: Bookmark "df09f3a0-836b-457c-92e3-e64f5278ecc5" resumed with payload &lt;iCore.Workflow.Activities.Extensions.ItemSubscriptionEventArgs`1[iCore.Common.Utilities.FileSystemWatcher.FileSystemWatcherFileInfo]&gt; owner [1.9.26] "GetNextFile1"
25: CustomTrackingRecord [1.9.26] "iCPSTraceTrackingRecord"
26: Activity [1.9.26] "GetNextFile1" is Closed
{
    Arguments
        ErrorOnTimeout: False
        SubscriptionId: 00000000-0000-0000-0000-000000000000
        FileName: 
        Timeout: 00:00:00
        FileFullName: 
        IsImplicitlyCancellable: True
        WatchType: 0
}
27: Activity [1.9.1] "Sequence" scheduled child activity [1.9.19] "AssignProcessingFileName1"
28: Activity [1.9.19] "AssignProcessingFileName1" is Executing
{
    Arguments
        Value: 
}
29: Activity [1.9.19] "AssignProcessingFileName1" is Closed
{
    Arguments
        Value: 
        To: 
}
30: Activity [1.9.1] "Sequence" scheduled child activity [1.9.11] "AssignProcessingFilePath1"
31: Activity [1.9.11] "AssignProcessingFilePath1" is Executing
{
    Arguments
        Value: 
}
32: Activity [1.9.11] "AssignProcessingFilePath1" is Closed
{
    Arguments
        Value: 
        To: 
}
33: Activity [1.9.1] "Sequence" scheduled child activity [1.9.2] "RenameFileCheck1"
34: Activity [1.9.2] "RenameFileCheck1" is Executing
{
    Arguments
        Condition: False
}
35: Activity [1.9.2] "RenameFileCheck1" is Closed
{
    Arguments
        Condition: False
}
36: Activity [1.9.1] "Sequence" is Closed
{
    Variables
        _5ef1bf98_84fe_487c_bb8a_8079780ebfc1_188: 0
}
37: Activity [1.9] "GetNextFile1" is Closed
{
    Arguments
        ErrorOnTimeout: False
        SubscriptionId: 00000000-0000-0000-0000-000000000000
        Timeout: 00:00:00
        Rename: False
        OriginalFileName: 
        ProcessingFilePath: 
        MoveFileToDirectory: a:\nother\directory\path
        IsImplicitlyCancellable: True
        ProcessingFileName: 
        OriginalFilePath: 
}
38: Activity [1.8] "MainSequence1" is Closed
{
    Variables
        configuration: iCore.Workflow.Activities.Filesystem.FileSystemListenerConfiguration
}
39: Activity [1.4] "TryCatch2" scheduled child activity [1.5] "CloseConnection1"
40: Activity [1.5] "CloseConnection1" is Executing
{
    Arguments
        SubscriptionId: 00000000-0000-0000-0000-000000000000
}
41: CustomTrackingRecord [1.5] "iCPSTraceTrackingRecord"
42: Activity [1.5] "CloseConnection1" is Closed
{
    Arguments
        SubscriptionId: 00000000-0000-0000-0000-000000000000
}
43: Activity [1.4] "TryCatch2" is Closed
44: Activity [1.1] "TryCatch1" is Closed
{
    Variables
        connection: 00000000-0000-0000-0000-000000000000
}
45: Activity [1] "FilesystemListenerActivity" is Closed
{
    Arguments
        Directory: a:\directory
        ErrorOnTimeout: False
        Timeout: 00:00:00
        Filter: *.txt
        Rename: False
        OriginalFileName: 
        SettleTime: 00:00:00.5550000
        ProcessingFilePath: 
        ScanForFileOnStart: True
        MoveFileToDirectory: a:\nother\directory\path
        IsImplicitlyCancellable: True
        ProcessingFileName: 
        OriginalFilePath: 
        Recursive: False
        WatchType: Rename
}
46: WorkflowInstance "FilesystemListenerActivity" is Completed</StdOut>
      </Output>
    </UnitTestResult>
    <UnitTestResult executionId="edea01b0-1b66-43ab-a033-55053e7dc3c4" testId="9e188fde-fa17-7c5f-ab1c-56662a76b191" testName="Invoke_NoRenameMoveNoErrorOnTimeoutNoFileFound_OutArgumentProcessingFilePathIsNull" computerName="ICSWS068" duration="00:00:00.0094956" startTime="2016-08-04T09:58:42.5415748+02:00" endTime="2016-08-04T09:58:42.5525831+02:00" testType="13cdc9d9-ddb5-4fa4-a97d-d965ccfc6d4b" outcome="Passed" testListId="8c84fa94-04c1-424b-9868-57a2d4851a1d" relativeResultsDirectory="edea01b0-1b66-43ab-a033-55053e7dc3c4">
      <Output>
        <StdOut>Debug Trace:
0: WorkflowInstance "FilesystemListenerActivity" is Started
1: Activity [null] "null" scheduled child activity [1] "FilesystemListenerActivity"
2: Activity [1] "FilesystemListenerActivity" is Executing
{
    Arguments
        Directory: a:\directory
        ErrorOnTimeout: False
        Timeout: 00:00:00
        Filter: *.txt
        Rename: False
        SettleTime: 00:00:00.5550000
        ScanForFileOnStart: True
        MoveFileToDirectory: a:\nother\directory\path
        IsImplicitlyCancellable: True
        Recursive: False
        WatchType: Rename
}
3: Activity [1] "FilesystemListenerActivity" scheduled child activity [1.1] "TryCatch1"
4: Activity [1.1] "TryCatch1" is Executing
{
    Variables
        connection: 00000000-0000-0000-0000-000000000000
}
5: Activity [1.1] "TryCatch1" scheduled child activity [1.4] "TryCatch2"
6: Activity [1.4] "TryCatch2" is Executing
7: Activity [1.4] "TryCatch2" scheduled child activity [1.8] "MainSequence1"
8: Activity [1.8] "MainSequence1" is Executing
{
    Variables
        configuration: iCore.Workflow.Activities.Filesystem.FileSystemListenerConfiguration
}
9: Activity [1.8] "MainSequence1" scheduled child activity [1.35] "CreateConfiguration1"
10: Activity [1.35] "CreateConfiguration1" is Executing
{
    Arguments
        Directory: a:\directory
        Filter: *.txt
        SettleTime: 00:00:00.5550000
        ScanForFileOnStart: True
        Recursive: False
        WatchType: Rename
}
11: Activity [1.35] "CreateConfiguration1" is Closed
{
    Arguments
        Directory: a:\directory
        Filter: *.txt
        Result: iCore.Workflow.Activities.Filesystem.FileSystemListenerConfiguration
        SettleTime: 00:00:00.5550000
        ScanForFileOnStart: True
        Recursive: False
        WatchType: Rename
}
12: Activity [1.8] "MainSequence1" scheduled child activity [1.30] "StartFileSystemListener1"
13: Activity [1.30] "StartFileSystemListener1" is Executing
{
    Arguments
        Configuration: iCore.Workflow.Activities.Filesystem.FileSystemListenerConfiguration
}
14: CustomTrackingRecord [1.30] "iCPSTraceTrackingRecord"
15: Activity [1.30] "StartFileSystemListener1" is Closed
{
    Arguments
        Result: 00000000-0000-0000-0000-000000000000
        Configuration: iCore.Workflow.Activities.Filesystem.FileSystemListenerConfiguration
}
16: Activity [1.8] "MainSequence1" scheduled child activity [1.9] "GetNextFile1"
17: Activity [1.9] "GetNextFile1" is Executing
{
    Arguments
        ErrorOnTimeout: False
        SubscriptionId: 00000000-0000-0000-0000-000000000000
        Timeout: 00:00:00
        Rename: False
        MoveFileToDirectory: a:\nother\directory\path
        IsImplicitlyCancellable: True
}
18: Activity [1.9] "GetNextFile1" scheduled child activity [1.9.1] "Sequence"
19: Activity [1.9.1] "Sequence" is Executing
{
    Variables
        _5ef1bf98_84fe_487c_bb8a_8079780ebfc1_189: 0
}
20: Activity [1.9.1] "Sequence" scheduled child activity [1.9.26] "GetNextFile1"
21: Activity [1.9.26] "GetNextFile1" is Executing
{
    Arguments
        ErrorOnTimeout: False
        SubscriptionId: 00000000-0000-0000-0000-000000000000
        Timeout: 00:00:00
        IsImplicitlyCancellable: True
}
22: CustomTrackingRecord [1.9.26] "iCPSTraceTrackingRecord"
23: WorkflowInstance "FilesystemListenerActivity" is Idle
24: Bookmark "2c5d3b37-0c4f-4bab-911a-6eed156c8196" resumed with payload &lt;iCore.Workflow.Activities.Extensions.ItemSubscriptionEventArgs`1[iCore.Common.Utilities.FileSystemWatcher.FileSystemWatcherFileInfo]&gt; owner [1.9.26] "GetNextFile1"
25: CustomTrackingRecord [1.9.26] "iCPSTraceTrackingRecord"
26: Activity [1.9.26] "GetNextFile1" is Closed
{
    Arguments
        ErrorOnTimeout: False
        SubscriptionId: 00000000-0000-0000-0000-000000000000
        FileName: 
        Timeout: 00:00:00
        FileFullName: 
        IsImplicitlyCancellable: True
        WatchType: 0
}
27: Activity [1.9.1] "Sequence" scheduled child activity [1.9.19] "AssignProcessingFileName1"
28: Activity [1.9.19] "AssignProcessingFileName1" is Executing
{
    Arguments
        Value: 
}
29: Activity [1.9.19] "AssignProcessingFileName1" is Closed
{
    Arguments
        Value: 
        To: 
}
30: Activity [1.9.1] "Sequence" scheduled child activity [1.9.11] "AssignProcessingFilePath1"
31: Activity [1.9.11] "AssignProcessingFilePath1" is Executing
{
    Arguments
        Value: 
}
32: Activity [1.9.11] "AssignProcessingFilePath1" is Closed
{
    Arguments
        Value: 
        To: 
}
33: Activity [1.9.1] "Sequence" scheduled child activity [1.9.2] "RenameFileCheck1"
34: Activity [1.9.2] "RenameFileCheck1" is Executing
{
    Arguments
        Condition: False
}
35: Activity [1.9.2] "RenameFileCheck1" is Closed
{
    Arguments
        Condition: False
}
36: Activity [1.9.1] "Sequence" is Closed
{
    Variables
        _5ef1bf98_84fe_487c_bb8a_8079780ebfc1_190: 0
}
37: Activity [1.9] "GetNextFile1" is Closed
{
    Arguments
        ErrorOnTimeout: False
        SubscriptionId: 00000000-0000-0000-0000-000000000000
        Timeout: 00:00:00
        Rename: False
        OriginalFileName: 
        ProcessingFilePath: 
        MoveFileToDirectory: a:\nother\directory\path
        IsImplicitlyCancellable: True
        ProcessingFileName: 
        OriginalFilePath: 
}
38: Activity [1.8] "MainSequence1" is Closed
{
    Variables
        configuration: iCore.Workflow.Activities.Filesystem.FileSystemListenerConfiguration
}
39: Activity [1.4] "TryCatch2" scheduled child activity [1.5] "CloseConnection1"
40: Activity [1.5] "CloseConnection1" is Executing
{
    Arguments
        SubscriptionId: 00000000-0000-0000-0000-000000000000
}
41: CustomTrackingRecord [1.5] "iCPSTraceTrackingRecord"
42: Activity [1.5] "CloseConnection1" is Closed
{
    Arguments
        SubscriptionId: 00000000-0000-0000-0000-000000000000
}
43: Activity [1.4] "TryCatch2" is Closed
44: Activity [1.1] "TryCatch1" is Closed
{
    Variables
        connection: 00000000-0000-0000-0000-000000000000
}
45: Activity [1] "FilesystemListenerActivity" is Closed
{
    Arguments
        Directory: a:\directory
        ErrorOnTimeout: False
        Timeout: 00:00:00
        Filter: *.txt
        Rename: False
        OriginalFileName: 
        SettleTime: 00:00:00.5550000
        ProcessingFilePath: 
        ScanForFileOnStart: True
        MoveFileToDirectory: a:\nother\directory\path
        IsImplicitlyCancellable: True
        ProcessingFileName: 
        OriginalFilePath: 
        Recursive: False
        WatchType: Rename
}
46: WorkflowInstance "FilesystemListenerActivity" is Completed</StdOut>
      </Output>
    </UnitTestResult>
    <UnitTestResult executionId="d79a011e-b94e-4bca-9dfe-706b7a5d96c2" testId="b64a1af1-39a1-096f-7ce8-a3ceee222db3" testName="Invoke_NoRenameMoveNoErrorOnTimeoutNoFileFound_OutArgumentOriginalFileNameIsNull" computerName="ICSWS068" duration="00:00:00.0083760" startTime="2016-08-04T09:58:42.5562124+02:00" endTime="2016-08-04T09:58:42.5662204+02:00" testType="13cdc9d9-ddb5-4fa4-a97d-d965ccfc6d4b" outcome="Passed" testListId="8c84fa94-04c1-424b-9868-57a2d4851a1d" relativeResultsDirectory="d79a011e-b94e-4bca-9dfe-706b7a5d96c2">
      <Output>
        <StdOut>Debug Trace:
0: WorkflowInstance "FilesystemListenerActivity" is Started
1: Activity [null] "null" scheduled child activity [1] "FilesystemListenerActivity"
2: Activity [1] "FilesystemListenerActivity" is Executing
{
    Arguments
        Directory: a:\directory
        ErrorOnTimeout: False
        Timeout: 00:00:00
        Filter: *.txt
        Rename: False
        SettleTime: 00:00:00.5550000
        ScanForFileOnStart: True
        MoveFileToDirectory: a:\nother\directory\path
        IsImplicitlyCancellable: True
        Recursive: False
        WatchType: Rename
}
3: Activity [1] "FilesystemListenerActivity" scheduled child activity [1.1] "TryCatch1"
4: Activity [1.1] "TryCatch1" is Executing
{
    Variables
        connection: 00000000-0000-0000-0000-000000000000
}
5: Activity [1.1] "TryCatch1" scheduled child activity [1.4] "TryCatch2"
6: Activity [1.4] "TryCatch2" is Executing
7: Activity [1.4] "TryCatch2" scheduled child activity [1.8] "MainSequence1"
8: Activity [1.8] "MainSequence1" is Executing
{
    Variables
        configuration: iCore.Workflow.Activities.Filesystem.FileSystemListenerConfiguration
}
9: Activity [1.8] "MainSequence1" scheduled child activity [1.35] "CreateConfiguration1"
10: Activity [1.35] "CreateConfiguration1" is Executing
{
    Arguments
        Directory: a:\directory
        Filter: *.txt
        SettleTime: 00:00:00.5550000
        ScanForFileOnStart: True
        Recursive: False
        WatchType: Rename
}
11: Activity [1.35] "CreateConfiguration1" is Closed
{
    Arguments
        Directory: a:\directory
        Filter: *.txt
        Result: iCore.Workflow.Activities.Filesystem.FileSystemListenerConfiguration
        SettleTime: 00:00:00.5550000
        ScanForFileOnStart: True
        Recursive: False
        WatchType: Rename
}
12: Activity [1.8] "MainSequence1" scheduled child activity [1.30] "StartFileSystemListener1"
13: Activity [1.30] "StartFileSystemListener1" is Executing
{
    Arguments
        Configuration: iCore.Workflow.Activities.Filesystem.FileSystemListenerConfiguration
}
14: CustomTrackingRecord [1.30] "iCPSTraceTrackingRecord"
15: Activity [1.30] "StartFileSystemListener1" is Closed
{
    Arguments
        Result: 00000000-0000-0000-0000-000000000000
        Configuration: iCore.Workflow.Activities.Filesystem.FileSystemListenerConfiguration
}
16: Activity [1.8] "MainSequence1" scheduled child activity [1.9] "GetNextFile1"
17: Activity [1.9] "GetNextFile1" is Executing
{
    Arguments
        ErrorOnTimeout: False
        SubscriptionId: 00000000-0000-0000-0000-000000000000
        Timeout: 00:00:00
        Rename: False
        MoveFileToDirectory: a:\nother\directory\path
        IsImplicitlyCancellable: True
}
18: Activity [1.9] "GetNextFile1" scheduled child activity [1.9.1] "Sequence"
19: Activity [1.9.1] "Sequence" is Executing
{
    Variables
        _5ef1bf98_84fe_487c_bb8a_8079780ebfc1_191: 0
}
20: Activity [1.9.1] "Sequence" scheduled child activity [1.9.26] "GetNextFile1"
21: Activity [1.9.26] "GetNextFile1" is Executing
{
    Arguments
        ErrorOnTimeout: False
        SubscriptionId: 00000000-0000-0000-0000-000000000000
        Timeout: 00:00:00
        IsImplicitlyCancellable: True
}
22: CustomTrackingRecord [1.9.26] "iCPSTraceTrackingRecord"
23: WorkflowInstance "FilesystemListenerActivity" is Idle
24: Bookmark "0af0db0d-a93c-49bc-b451-bf1b39a2493c" resumed with payload &lt;iCore.Workflow.Activities.Extensions.ItemSubscriptionEventArgs`1[iCore.Common.Utilities.FileSystemWatcher.FileSystemWatcherFileInfo]&gt; owner [1.9.26] "GetNextFile1"
25: CustomTrackingRecord [1.9.26] "iCPSTraceTrackingRecord"
26: Activity [1.9.26] "GetNextFile1" is Closed
{
    Arguments
        ErrorOnTimeout: False
        SubscriptionId: 00000000-0000-0000-0000-000000000000
        FileName: 
        Timeout: 00:00:00
        FileFullName: 
        IsImplicitlyCancellable: True
        WatchType: 0
}
27: Activity [1.9.1] "Sequence" scheduled child activity [1.9.19] "AssignProcessingFileName1"
28: Activity [1.9.19] "AssignProcessingFileName1" is Executing
{
    Arguments
        Value: 
}
29: Activity [1.9.19] "AssignProcessingFileName1" is Closed
{
    Arguments
        Value: 
        To: 
}
30: Activity [1.9.1] "Sequence" scheduled child activity [1.9.11] "AssignProcessingFilePath1"
31: Activity [1.9.11] "AssignProcessingFilePath1" is Executing
{
    Arguments
        Value: 
}
32: Activity [1.9.11] "AssignProcessingFilePath1" is Closed
{
    Arguments
        Value: 
        To: 
}
33: Activity [1.9.1] "Sequence" scheduled child activity [1.9.2] "RenameFileCheck1"
34: Activity [1.9.2] "RenameFileCheck1" is Executing
{
    Arguments
        Condition: False
}
35: Activity [1.9.2] "RenameFileCheck1" is Closed
{
    Arguments
        Condition: False
}
36: Activity [1.9.1] "Sequence" is Closed
{
    Variables
        _5ef1bf98_84fe_487c_bb8a_8079780ebfc1_192: 0
}
37: Activity [1.9] "GetNextFile1" is Closed
{
    Arguments
        ErrorOnTimeout: False
        SubscriptionId: 00000000-0000-0000-0000-000000000000
        Timeout: 00:00:00
        Rename: False
        OriginalFileName: 
        ProcessingFilePath: 
        MoveFileToDirectory: a:\nother\directory\path
        IsImplicitlyCancellable: True
        ProcessingFileName: 
        OriginalFilePath: 
}
38: Activity [1.8] "MainSequence1" is Closed
{
    Variables
        configuration: iCore.Workflow.Activities.Filesystem.FileSystemListenerConfiguration
}
39: Activity [1.4] "TryCatch2" scheduled child activity [1.5] "CloseConnection1"
40: Activity [1.5] "CloseConnection1" is Executing
{
    Arguments
        SubscriptionId: 00000000-0000-0000-0000-000000000000
}
41: CustomTrackingRecord [1.5] "iCPSTraceTrackingRecord"
42: Activity [1.5] "CloseConnection1" is Closed
{
    Arguments
        SubscriptionId: 00000000-0000-0000-0000-000000000000
}
43: Activity [1.4] "TryCatch2" is Closed
44: Activity [1.1] "TryCatch1" is Closed
{
    Variables
        connection: 00000000-0000-0000-0000-000000000000
}
45: Activity [1] "FilesystemListenerActivity" is Closed
{
    Arguments
        Directory: a:\directory
        ErrorOnTimeout: False
        Timeout: 00:00:00
        Filter: *.txt
        Rename: False
        OriginalFileName: 
        SettleTime: 00:00:00.5550000
        ProcessingFilePath: 
        ScanForFileOnStart: True
        MoveFileToDirectory: a:\nother\directory\path
        IsImplicitlyCancellable: True
        ProcessingFileName: 
        OriginalFilePath: 
        Recursive: False
        WatchType: Rename
}
46: WorkflowInstance "FilesystemListenerActivity" is Completed</StdOut>
      </Output>
    </UnitTestResult>
    <UnitTestResult executionId="d3e642a4-39f1-477a-9625-106fb3083b00" testId="1b4099f6-b471-f3d4-1fff-e82bc7f0a6d7" testName="Invoke_NoRenameMoveNoErrorOnTimeoutNoFileFound_OutArgumentOriginalFilePathIsNull" computerName="ICSWS068" duration="00:00:00.0084478" startTime="2016-08-04T09:58:42.5697224+02:00" endTime="2016-08-04T09:58:42.5797296+02:00" testType="13cdc9d9-ddb5-4fa4-a97d-d965ccfc6d4b" outcome="Passed" testListId="8c84fa94-04c1-424b-9868-57a2d4851a1d" relativeResultsDirectory="d3e642a4-39f1-477a-9625-106fb3083b00">
      <Output>
        <StdOut>Debug Trace:
0: WorkflowInstance "FilesystemListenerActivity" is Started
1: Activity [null] "null" scheduled child activity [1] "FilesystemListenerActivity"
2: Activity [1] "FilesystemListenerActivity" is Executing
{
    Arguments
        Directory: a:\directory
        ErrorOnTimeout: False
        Timeout: 00:00:00
        Filter: *.txt
        Rename: False
        SettleTime: 00:00:00.5550000
        ScanForFileOnStart: True
        MoveFileToDirectory: a:\nother\directory\path
        IsImplicitlyCancellable: True
        Recursive: False
        WatchType: Rename
}
3: Activity [1] "FilesystemListenerActivity" scheduled child activity [1.1] "TryCatch1"
4: Activity [1.1] "TryCatch1" is Executing
{
    Variables
        connection: 00000000-0000-0000-0000-000000000000
}
5: Activity [1.1] "TryCatch1" scheduled child activity [1.4] "TryCatch2"
6: Activity [1.4] "TryCatch2" is Executing
7: Activity [1.4] "TryCatch2" scheduled child activity [1.8] "MainSequence1"
8: Activity [1.8] "MainSequence1" is Executing
{
    Variables
        configuration: iCore.Workflow.Activities.Filesystem.FileSystemListenerConfiguration
}
9: Activity [1.8] "MainSequence1" scheduled child activity [1.35] "CreateConfiguration1"
10: Activity [1.35] "CreateConfiguration1" is Executing
{
    Arguments
        Directory: a:\directory
        Filter: *.txt
        SettleTime: 00:00:00.5550000
        ScanForFileOnStart: True
        Recursive: False
        WatchType: Rename
}
11: Activity [1.35] "CreateConfiguration1" is Closed
{
    Arguments
        Directory: a:\directory
        Filter: *.txt
        Result: iCore.Workflow.Activities.Filesystem.FileSystemListenerConfiguration
        SettleTime: 00:00:00.5550000
        ScanForFileOnStart: True
        Recursive: False
        WatchType: Rename
}
12: Activity [1.8] "MainSequence1" scheduled child activity [1.30] "StartFileSystemListener1"
13: Activity [1.30] "StartFileSystemListener1" is Executing
{
    Arguments
        Configuration: iCore.Workflow.Activities.Filesystem.FileSystemListenerConfiguration
}
14: CustomTrackingRecord [1.30] "iCPSTraceTrackingRecord"
15: Activity [1.30] "StartFileSystemListener1" is Closed
{
    Arguments
        Result: 00000000-0000-0000-0000-000000000000
        Configuration: iCore.Workflow.Activities.Filesystem.FileSystemListenerConfiguration
}
16: Activity [1.8] "MainSequence1" scheduled child activity [1.9] "GetNextFile1"
17: Activity [1.9] "GetNextFile1" is Executing
{
    Arguments
        ErrorOnTimeout: False
        SubscriptionId: 00000000-0000-0000-0000-000000000000
        Timeout: 00:00:00
        Rename: False
        MoveFileToDirectory: a:\nother\directory\path
        IsImplicitlyCancellable: True
}
18: Activity [1.9] "GetNextFile1" scheduled child activity [1.9.1] "Sequence"
19: Activity [1.9.1] "Sequence" is Executing
{
    Variables
        _5ef1bf98_84fe_487c_bb8a_8079780ebfc1_193: 0
}
20: Activity [1.9.1] "Sequence" scheduled child activity [1.9.26] "GetNextFile1"
21: Activity [1.9.26] "GetNextFile1" is Executing
{
    Arguments
        ErrorOnTimeout: False
        SubscriptionId: 00000000-0000-0000-0000-000000000000
        Timeout: 00:00:00
        IsImplicitlyCancellable: True
}
22: CustomTrackingRecord [1.9.26] "iCPSTraceTrackingRecord"
23: WorkflowInstance "FilesystemListenerActivity" is Idle
24: Bookmark "41249ba2-f16d-4249-a181-7785ad92b37f" resumed with payload &lt;iCore.Workflow.Activities.Extensions.ItemSubscriptionEventArgs`1[iCore.Common.Utilities.FileSystemWatcher.FileSystemWatcherFileInfo]&gt; owner [1.9.26] "GetNextFile1"
25: CustomTrackingRecord [1.9.26] "iCPSTraceTrackingRecord"
26: Activity [1.9.26] "GetNextFile1" is Closed
{
    Arguments
        ErrorOnTimeout: False
        SubscriptionId: 00000000-0000-0000-0000-000000000000
        FileName: 
        Timeout: 00:00:00
        FileFullName: 
        IsImplicitlyCancellable: True
        WatchType: 0
}
27: Activity [1.9.1] "Sequence" scheduled child activity [1.9.19] "AssignProcessingFileName1"
28: Activity [1.9.19] "AssignProcessingFileName1" is Executing
{
    Arguments
        Value: 
}
29: Activity [1.9.19] "AssignProcessingFileName1" is Closed
{
    Arguments
        Value: 
        To: 
}
30: Activity [1.9.1] "Sequence" scheduled child activity [1.9.11] "AssignProcessingFilePath1"
31: Activity [1.9.11] "AssignProcessingFilePath1" is Executing
{
    Arguments
        Value: 
}
32: Activity [1.9.11] "AssignProcessingFilePath1" is Closed
{
    Arguments
        Value: 
        To: 
}
33: Activity [1.9.1] "Sequence" scheduled child activity [1.9.2] "RenameFileCheck1"
34: Activity [1.9.2] "RenameFileCheck1" is Executing
{
    Arguments
        Condition: False
}
35: Activity [1.9.2] "RenameFileCheck1" is Closed
{
    Arguments
        Condition: False
}
36: Activity [1.9.1] "Sequence" is Closed
{
    Variables
        _5ef1bf98_84fe_487c_bb8a_8079780ebfc1_194: 0
}
37: Activity [1.9] "GetNextFile1" is Closed
{
    Arguments
        ErrorOnTimeout: False
        SubscriptionId: 00000000-0000-0000-0000-000000000000
        Timeout: 00:00:00
        Rename: False
        OriginalFileName: 
        ProcessingFilePath: 
        MoveFileToDirectory: a:\nother\directory\path
        IsImplicitlyCancellable: True
        ProcessingFileName: 
        OriginalFilePath: 
}
38: Activity [1.8] "MainSequence1" is Closed
{
    Variables
        configuration: iCore.Workflow.Activities.Filesystem.FileSystemListenerConfiguration
}
39: Activity [1.4] "TryCatch2" scheduled child activity [1.5] "CloseConnection1"
40: Activity [1.5] "CloseConnection1" is Executing
{
    Arguments
        SubscriptionId: 00000000-0000-0000-0000-000000000000
}
41: CustomTrackingRecord [1.5] "iCPSTraceTrackingRecord"
42: Activity [1.5] "CloseConnection1" is Closed
{
    Arguments
        SubscriptionId: 00000000-0000-0000-0000-000000000000
}
43: Activity [1.4] "TryCatch2" is Closed
44: Activity [1.1] "TryCatch1" is Closed
{
    Variables
        connection: 00000000-0000-0000-0000-000000000000
}
45: Activity [1] "FilesystemListenerActivity" is Closed
{
    Arguments
        Directory: a:\directory
        ErrorOnTimeout: False
        Timeout: 00:00:00
        Filter: *.txt
        Rename: False
        OriginalFileName: 
        SettleTime: 00:00:00.5550000
        ProcessingFilePath: 
        ScanForFileOnStart: True
        MoveFileToDirectory: a:\nother\directory\path
        IsImplicitlyCancellable: True
        ProcessingFileName: 
        OriginalFilePath: 
        Recursive: False
        WatchType: Rename
}
46: WorkflowInstance "FilesystemListenerActivity" is Completed</StdOut>
      </Output>
    </UnitTestResult>
    <UnitTestResult executionId="12994335-0a9f-47e9-9291-a89cf35e7e40" testId="f0f852c9-4fce-631a-435e-f8909d6f5e4c" testName="Invoke_OmitInArgumentDirectory_ThrowsArgumentException" computerName="ICSWS068" duration="00:00:00.0026714" startTime="2016-08-04T09:58:42.5837178+02:00" endTime="2016-08-04T09:58:42.5877236+02:00" testType="13cdc9d9-ddb5-4fa4-a97d-d965ccfc6d4b" outcome="Passed" testListId="8c84fa94-04c1-424b-9868-57a2d4851a1d" relativeResultsDirectory="12994335-0a9f-47e9-9291-a89cf35e7e40" />
    <UnitTestResult executionId="6d9246e6-2e17-4882-aaae-cf82358ca91d" testId="1fcd94ef-4d20-3374-cdd9-d5e95960e0f4" testName="Allocate_InspectDefaultValues_DefaultErrorOnTimeoutIsTrue" computerName="ICSWS068" duration="00:00:00.0069074" startTime="2016-08-04T09:58:42.5917253+02:00" endTime="2016-08-04T09:58:42.5997354+02:00" testType="13cdc9d9-ddb5-4fa4-a97d-d965ccfc6d4b" outcome="Passed" testListId="8c84fa94-04c1-424b-9868-57a2d4851a1d" relativeResultsDirectory="6d9246e6-2e17-4882-aaae-cf82358ca91d">
      <Output>
        <StdOut>Debug Trace:
0: WorkflowInstance "FilesystemListenerActivity" is Started
1: Activity [null] "null" scheduled child activity [1] "FilesystemListenerActivity"
2: Activity [1] "FilesystemListenerActivity" is Executing
{
    Arguments
        Directory: a:\directory
        ErrorOnTimeout: True
        Timeout: 00:00:00
        Filter: *.txt
        Rename: False
        SettleTime: 00:00:00.5550000
        ScanForFileOnStart: True
        MoveFileToDirectory: a:\nother\directory
        IsImplicitlyCancellable: True
        Recursive: False
        WatchType: Rename
}
3: Activity [1] "FilesystemListenerActivity" scheduled child activity [1.1] "TryCatch1"
4: Activity [1.1] "TryCatch1" is Executing
{
    Variables
        connection: 00000000-0000-0000-0000-000000000000
}
5: Activity [1.1] "TryCatch1" scheduled child activity [1.4] "TryCatch2"
6: Activity [1.4] "TryCatch2" is Executing
7: Activity [1.4] "TryCatch2" scheduled child activity [1.8] "MainSequence1"
8: Activity [1.8] "MainSequence1" is Executing
{
    Variables
        configuration: iCore.Workflow.Activities.Filesystem.FileSystemListenerConfiguration
}
9: Activity [1.8] "MainSequence1" scheduled child activity [1.35] "CreateConfiguration1"
10: Activity [1.35] "CreateConfiguration1" is Executing
{
    Arguments
        Directory: a:\directory
        Filter: *.txt
        SettleTime: 00:00:00.5550000
        ScanForFileOnStart: True
        Recursive: False
        WatchType: Rename
}
11: Activity [1.35] "CreateConfiguration1" is Closed
{
    Arguments
        Directory: a:\directory
        Filter: *.txt
        Result: iCore.Workflow.Activities.Filesystem.FileSystemListenerConfiguration
        SettleTime: 00:00:00.5550000
        ScanForFileOnStart: True
        Recursive: False
        WatchType: Rename
}
12: Activity [1.8] "MainSequence1" scheduled child activity [1.30] "StartFileSystemListener1"
13: Activity [1.30] "StartFileSystemListener1" is Executing
{
    Arguments
        Configuration: iCore.Workflow.Activities.Filesystem.FileSystemListenerConfiguration
}
14: CustomTrackingRecord [1.30] "iCPSTraceTrackingRecord"
15: Activity [1.30] "StartFileSystemListener1" is Closed
{
    Arguments
        Result: 00000000-0000-0000-0000-000000000000
        Configuration: iCore.Workflow.Activities.Filesystem.FileSystemListenerConfiguration
}
16: Activity [1.8] "MainSequence1" scheduled child activity [1.9] "GetNextFile1"
17: Activity [1.9] "GetNextFile1" is Executing
{
    Arguments
        ErrorOnTimeout: True
        SubscriptionId: 00000000-0000-0000-0000-000000000000
        Timeout: 00:00:00
        Rename: False
        MoveFileToDirectory: a:\nother\directory
        IsImplicitlyCancellable: True
}
18: Activity [1.9] "GetNextFile1" scheduled child activity [1.9.1] "Sequence"
19: Activity [1.9.1] "Sequence" is Executing
{
    Variables
        _5ef1bf98_84fe_487c_bb8a_8079780ebfc1_195: 0
}
20: Activity [1.9.1] "Sequence" scheduled child activity [1.9.26] "GetNextFile1"
21: Activity [1.9.26] "GetNextFile1" is Executing
{
    Arguments
        ErrorOnTimeout: True
        SubscriptionId: 00000000-0000-0000-0000-000000000000
        Timeout: 00:00:00
        IsImplicitlyCancellable: True
}
22: CustomTrackingRecord [1.9.26] "iCPSTraceTrackingRecord"
23: WorkflowInstance "FilesystemListenerActivity" is Idle</StdOut>
      </Output>
    </UnitTestResult>
    <UnitTestResult executionId="0eaf9a9a-46c8-4c45-9cbb-79d61547b517" testId="cf2090e8-2ae6-b412-6b0c-1b612c83ca76" testName="Allocate_InspectDefaultValues_DefaultFilterIsAllFiles" computerName="ICSWS068" duration="00:00:00.0069781" startTime="2016-08-04T09:58:42.6029673+02:00" endTime="2016-08-04T09:58:42.6119780+02:00" testType="13cdc9d9-ddb5-4fa4-a97d-d965ccfc6d4b" outcome="Passed" testListId="8c84fa94-04c1-424b-9868-57a2d4851a1d" relativeResultsDirectory="0eaf9a9a-46c8-4c45-9cbb-79d61547b517">
      <Output>
        <StdOut>Debug Trace:
0: WorkflowInstance "FilesystemListenerActivity" is Started
1: Activity [null] "null" scheduled child activity [1] "FilesystemListenerActivity"
2: Activity [1] "FilesystemListenerActivity" is Executing
{
    Arguments
        Directory: a:\directory
        ErrorOnTimeout: False
        Timeout: 00:00:00
        Filter: *.*
        Rename: False
        SettleTime: 00:00:00.5550000
        ScanForFileOnStart: True
        MoveFileToDirectory: a:\nother\directory
        IsImplicitlyCancellable: True
        Recursive: False
        WatchType: Rename
}
3: Activity [1] "FilesystemListenerActivity" scheduled child activity [1.1] "TryCatch1"
4: Activity [1.1] "TryCatch1" is Executing
{
    Variables
        connection: 00000000-0000-0000-0000-000000000000
}
5: Activity [1.1] "TryCatch1" scheduled child activity [1.4] "TryCatch2"
6: Activity [1.4] "TryCatch2" is Executing
7: Activity [1.4] "TryCatch2" scheduled child activity [1.8] "MainSequence1"
8: Activity [1.8] "MainSequence1" is Executing
{
    Variables
        configuration: iCore.Workflow.Activities.Filesystem.FileSystemListenerConfiguration
}
9: Activity [1.8] "MainSequence1" scheduled child activity [1.35] "CreateConfiguration1"
10: Activity [1.35] "CreateConfiguration1" is Executing
{
    Arguments
        Directory: a:\directory
        Filter: *.*
        SettleTime: 00:00:00.5550000
        ScanForFileOnStart: True
        Recursive: False
        WatchType: Rename
}
11: Activity [1.35] "CreateConfiguration1" is Closed
{
    Arguments
        Directory: a:\directory
        Filter: *.*
        Result: iCore.Workflow.Activities.Filesystem.FileSystemListenerConfiguration
        SettleTime: 00:00:00.5550000
        ScanForFileOnStart: True
        Recursive: False
        WatchType: Rename
}
12: Activity [1.8] "MainSequence1" scheduled child activity [1.30] "StartFileSystemListener1"
13: Activity [1.30] "StartFileSystemListener1" is Executing
{
    Arguments
        Configuration: iCore.Workflow.Activities.Filesystem.FileSystemListenerConfiguration
}
14: CustomTrackingRecord [1.30] "iCPSTraceTrackingRecord"
15: Activity [1.30] "StartFileSystemListener1" is Closed
{
    Arguments
        Result: 00000000-0000-0000-0000-000000000000
        Configuration: iCore.Workflow.Activities.Filesystem.FileSystemListenerConfiguration
}
16: Activity [1.8] "MainSequence1" scheduled child activity [1.9] "GetNextFile1"
17: Activity [1.9] "GetNextFile1" is Executing
{
    Arguments
        ErrorOnTimeout: False
        SubscriptionId: 00000000-0000-0000-0000-000000000000
        Timeout: 00:00:00
        Rename: False
        MoveFileToDirectory: a:\nother\directory
        IsImplicitlyCancellable: True
}
18: Activity [1.9] "GetNextFile1" scheduled child activity [1.9.1] "Sequence"
19: Activity [1.9.1] "Sequence" is Executing
{
    Variables
        _5ef1bf98_84fe_487c_bb8a_8079780ebfc1_196: 0
}
20: Activity [1.9.1] "Sequence" scheduled child activity [1.9.26] "GetNextFile1"
21: Activity [1.9.26] "GetNextFile1" is Executing
{
    Arguments
        ErrorOnTimeout: False
        SubscriptionId: 00000000-0000-0000-0000-000000000000
        Timeout: 00:00:00
        IsImplicitlyCancellable: True
}
22: CustomTrackingRecord [1.9.26] "iCPSTraceTrackingRecord"
23: WorkflowInstance "FilesystemListenerActivity" is Idle</StdOut>
      </Output>
    </UnitTestResult>
    <UnitTestResult executionId="bf1047df-1942-433a-a553-e1111a37eefd" testId="5c53f807-6f55-32f3-f0ec-2dd8e8da7de9" testName="Allocate_InspectDefaultValues_DefaultRecursiceIsFalse" computerName="ICSWS068" duration="00:00:00.0065406" startTime="2016-08-04T09:58:42.6154826+02:00" endTime="2016-08-04T09:58:42.6234878+02:00" testType="13cdc9d9-ddb5-4fa4-a97d-d965ccfc6d4b" outcome="Passed" testListId="8c84fa94-04c1-424b-9868-57a2d4851a1d" relativeResultsDirectory="bf1047df-1942-433a-a553-e1111a37eefd">
      <Output>
        <StdOut>Debug Trace:
0: WorkflowInstance "FilesystemListenerActivity" is Started
1: Activity [null] "null" scheduled child activity [1] "FilesystemListenerActivity"
2: Activity [1] "FilesystemListenerActivity" is Executing
{
    Arguments
        Directory: a:\directory
        ErrorOnTimeout: False
        Timeout: 00:00:00
        Filter: *.txt
        Rename: False
        SettleTime: 00:00:00.5550000
        ScanForFileOnStart: True
        MoveFileToDirectory: a:\nother\directory
        IsImplicitlyCancellable: True
        Recursive: False
        WatchType: Rename
}
3: Activity [1] "FilesystemListenerActivity" scheduled child activity [1.1] "TryCatch1"
4: Activity [1.1] "TryCatch1" is Executing
{
    Variables
        connection: 00000000-0000-0000-0000-000000000000
}
5: Activity [1.1] "TryCatch1" scheduled child activity [1.4] "TryCatch2"
6: Activity [1.4] "TryCatch2" is Executing
7: Activity [1.4] "TryCatch2" scheduled child activity [1.8] "MainSequence1"
8: Activity [1.8] "MainSequence1" is Executing
{
    Variables
        configuration: iCore.Workflow.Activities.Filesystem.FileSystemListenerConfiguration
}
9: Activity [1.8] "MainSequence1" scheduled child activity [1.35] "CreateConfiguration1"
10: Activity [1.35] "CreateConfiguration1" is Executing
{
    Arguments
        Directory: a:\directory
        Filter: *.txt
        SettleTime: 00:00:00.5550000
        ScanForFileOnStart: True
        Recursive: False
        WatchType: Rename
}
11: Activity [1.35] "CreateConfiguration1" is Closed
{
    Arguments
        Directory: a:\directory
        Filter: *.txt
        Result: iCore.Workflow.Activities.Filesystem.FileSystemListenerConfiguration
        SettleTime: 00:00:00.5550000
        ScanForFileOnStart: True
        Recursive: False
        WatchType: Rename
}
12: Activity [1.8] "MainSequence1" scheduled child activity [1.30] "StartFileSystemListener1"
13: Activity [1.30] "StartFileSystemListener1" is Executing
{
    Arguments
        Configuration: iCore.Workflow.Activities.Filesystem.FileSystemListenerConfiguration
}
14: CustomTrackingRecord [1.30] "iCPSTraceTrackingRecord"
15: Activity [1.30] "StartFileSystemListener1" is Closed
{
    Arguments
        Result: 00000000-0000-0000-0000-000000000000
        Configuration: iCore.Workflow.Activities.Filesystem.FileSystemListenerConfiguration
}
16: Activity [1.8] "MainSequence1" scheduled child activity [1.9] "GetNextFile1"
17: Activity [1.9] "GetNextFile1" is Executing
{
    Arguments
        ErrorOnTimeout: False
        SubscriptionId: 00000000-0000-0000-0000-000000000000
        Timeout: 00:00:00
        Rename: False
        MoveFileToDirectory: a:\nother\directory
        IsImplicitlyCancellable: True
}
18: Activity [1.9] "GetNextFile1" scheduled child activity [1.9.1] "Sequence"
19: Activity [1.9.1] "Sequence" is Executing
{
    Variables
        _5ef1bf98_84fe_487c_bb8a_8079780ebfc1_197: 0
}
20: Activity [1.9.1] "Sequence" scheduled child activity [1.9.26] "GetNextFile1"
21: Activity [1.9.26] "GetNextFile1" is Executing
{
    Arguments
        ErrorOnTimeout: False
        SubscriptionId: 00000000-0000-0000-0000-000000000000
        Timeout: 00:00:00
        IsImplicitlyCancellable: True
}
22: CustomTrackingRecord [1.9.26] "iCPSTraceTrackingRecord"
23: WorkflowInstance "FilesystemListenerActivity" is Idle</StdOut>
      </Output>
    </UnitTestResult>
    <UnitTestResult executionId="4b91663f-2b56-4ec5-b3a2-cba3fb17d122" testId="1ff4f359-7efd-8f91-ead3-dadea1c05e22" testName="Allocate_InspectDefaultValues_DefaultRenameIsFalse" computerName="ICSWS068" duration="00:00:00.0055755" startTime="2016-08-04T09:58:42.6264901+02:00" endTime="2016-08-04T09:58:42.6330873+02:00" testType="13cdc9d9-ddb5-4fa4-a97d-d965ccfc6d4b" outcome="Passed" testListId="8c84fa94-04c1-424b-9868-57a2d4851a1d" relativeResultsDirectory="4b91663f-2b56-4ec5-b3a2-cba3fb17d122">
      <Output>
        <StdOut>Debug Trace:
0: WorkflowInstance "FilesystemListenerActivity" is Started
1: Activity [null] "null" scheduled child activity [1] "FilesystemListenerActivity"
2: Activity [1] "FilesystemListenerActivity" is Executing
{
    Arguments
        Directory: a:\directory
        ErrorOnTimeout: False
        Timeout: 00:00:00
        Filter: *.txt
        Rename: False
        SettleTime: 00:00:00.5550000
        ScanForFileOnStart: True
        MoveFileToDirectory: a:\nother\directory
        IsImplicitlyCancellable: True
        Recursive: False
        WatchType: Rename
}
3: Activity [1] "FilesystemListenerActivity" scheduled child activity [1.1] "TryCatch1"
4: Activity [1.1] "TryCatch1" is Executing
{
    Variables
        connection: 00000000-0000-0000-0000-000000000000
}
5: Activity [1.1] "TryCatch1" scheduled child activity [1.4] "TryCatch2"
6: Activity [1.4] "TryCatch2" is Executing
7: Activity [1.4] "TryCatch2" scheduled child activity [1.8] "MainSequence1"
8: Activity [1.8] "MainSequence1" is Executing
{
    Variables
        configuration: iCore.Workflow.Activities.Filesystem.FileSystemListenerConfiguration
}
9: Activity [1.8] "MainSequence1" scheduled child activity [1.35] "CreateConfiguration1"
10: Activity [1.35] "CreateConfiguration1" is Executing
{
    Arguments
        Directory: a:\directory
        Filter: *.txt
        SettleTime: 00:00:00.5550000
        ScanForFileOnStart: True
        Recursive: False
        WatchType: Rename
}
11: Activity [1.35] "CreateConfiguration1" is Closed
{
    Arguments
        Directory: a:\directory
        Filter: *.txt
        Result: iCore.Workflow.Activities.Filesystem.FileSystemListenerConfiguration
        SettleTime: 00:00:00.5550000
        ScanForFileOnStart: True
        Recursive: False
        WatchType: Rename
}
12: Activity [1.8] "MainSequence1" scheduled child activity [1.30] "StartFileSystemListener1"
13: Activity [1.30] "StartFileSystemListener1" is Executing
{
    Arguments
        Configuration: iCore.Workflow.Activities.Filesystem.FileSystemListenerConfiguration
}
14: CustomTrackingRecord [1.30] "iCPSTraceTrackingRecord"
15: Activity [1.30] "StartFileSystemListener1" is Closed
{
    Arguments
        Result: 00000000-0000-0000-0000-000000000000
        Configuration: iCore.Workflow.Activities.Filesystem.FileSystemListenerConfiguration
}
16: Activity [1.8] "MainSequence1" scheduled child activity [1.9] "GetNextFile1"
17: Activity [1.9] "GetNextFile1" is Executing
{
    Arguments
        ErrorOnTimeout: False
        SubscriptionId: 00000000-0000-0000-0000-000000000000
        Timeout: 00:00:00
        Rename: False
        MoveFileToDirectory: a:\nother\directory
        IsImplicitlyCancellable: True
}
18: Activity [1.9] "GetNextFile1" scheduled child activity [1.9.1] "Sequence"
19: Activity [1.9.1] "Sequence" is Executing
{
    Variables
        _5ef1bf98_84fe_487c_bb8a_8079780ebfc1_198: 0
}
20: Activity [1.9.1] "Sequence" scheduled child activity [1.9.26] "GetNextFile1"
21: Activity [1.9.26] "GetNextFile1" is Executing
{
    Arguments
        ErrorOnTimeout: False
        SubscriptionId: 00000000-0000-0000-0000-000000000000
        Timeout: 00:00:00
        IsImplicitlyCancellable: True
}
22: CustomTrackingRecord [1.9.26] "iCPSTraceTrackingRecord"
23: WorkflowInstance "FilesystemListenerActivity" is Idle</StdOut>
      </Output>
    </UnitTestResult>
    <UnitTestResult executionId="440630ab-f870-4ce8-bfc9-f912602b4e30" testId="e10d9262-2cf4-a2b6-f576-6a24ea0996f2" testName="Allocate_InspectDefaultValues_DefaultScanForFileOnStartIsTrue" computerName="ICSWS068" duration="00:00:00.0055992" startTime="2016-08-04T09:58:42.6360928+02:00" endTime="2016-08-04T09:58:42.6431000+02:00" testType="13cdc9d9-ddb5-4fa4-a97d-d965ccfc6d4b" outcome="Passed" testListId="8c84fa94-04c1-424b-9868-57a2d4851a1d" relativeResultsDirectory="440630ab-f870-4ce8-bfc9-f912602b4e30">
      <Output>
        <StdOut>Debug Trace:
0: WorkflowInstance "FilesystemListenerActivity" is Started
1: Activity [null] "null" scheduled child activity [1] "FilesystemListenerActivity"
2: Activity [1] "FilesystemListenerActivity" is Executing
{
    Arguments
        Directory: a:\directory
        ErrorOnTimeout: False
        Timeout: 00:00:00
        Filter: *.txt
        Rename: False
        SettleTime: 00:00:00.5550000
        ScanForFileOnStart: True
        MoveFileToDirectory: a:\nother\directory
        IsImplicitlyCancellable: True
        Recursive: False
        WatchType: Rename
}
3: Activity [1] "FilesystemListenerActivity" scheduled child activity [1.1] "TryCatch1"
4: Activity [1.1] "TryCatch1" is Executing
{
    Variables
        connection: 00000000-0000-0000-0000-000000000000
}
5: Activity [1.1] "TryCatch1" scheduled child activity [1.4] "TryCatch2"
6: Activity [1.4] "TryCatch2" is Executing
7: Activity [1.4] "TryCatch2" scheduled child activity [1.8] "MainSequence1"
8: Activity [1.8] "MainSequence1" is Executing
{
    Variables
        configuration: iCore.Workflow.Activities.Filesystem.FileSystemListenerConfiguration
}
9: Activity [1.8] "MainSequence1" scheduled child activity [1.35] "CreateConfiguration1"
10: Activity [1.35] "CreateConfiguration1" is Executing
{
    Arguments
        Directory: a:\directory
        Filter: *.txt
        SettleTime: 00:00:00.5550000
        ScanForFileOnStart: True
        Recursive: False
        WatchType: Rename
}
11: Activity [1.35] "CreateConfiguration1" is Closed
{
    Arguments
        Directory: a:\directory
        Filter: *.txt
        Result: iCore.Workflow.Activities.Filesystem.FileSystemListenerConfiguration
        SettleTime: 00:00:00.5550000
        ScanForFileOnStart: True
        Recursive: False
        WatchType: Rename
}
12: Activity [1.8] "MainSequence1" scheduled child activity [1.30] "StartFileSystemListener1"
13: Activity [1.30] "StartFileSystemListener1" is Executing
{
    Arguments
        Configuration: iCore.Workflow.Activities.Filesystem.FileSystemListenerConfiguration
}
14: CustomTrackingRecord [1.30] "iCPSTraceTrackingRecord"
15: Activity [1.30] "StartFileSystemListener1" is Closed
{
    Arguments
        Result: 00000000-0000-0000-0000-000000000000
        Configuration: iCore.Workflow.Activities.Filesystem.FileSystemListenerConfiguration
}
16: Activity [1.8] "MainSequence1" scheduled child activity [1.9] "GetNextFile1"
17: Activity [1.9] "GetNextFile1" is Executing
{
    Arguments
        ErrorOnTimeout: False
        SubscriptionId: 00000000-0000-0000-0000-000000000000
        Timeout: 00:00:00
        Rename: False
        MoveFileToDirectory: a:\nother\directory
        IsImplicitlyCancellable: True
}
18: Activity [1.9] "GetNextFile1" scheduled child activity [1.9.1] "Sequence"
19: Activity [1.9.1] "Sequence" is Executing
{
    Variables
        _5ef1bf98_84fe_487c_bb8a_8079780ebfc1_199: 0
}
20: Activity [1.9.1] "Sequence" scheduled child activity [1.9.26] "GetNextFile1"
21: Activity [1.9.26] "GetNextFile1" is Executing
{
    Arguments
        ErrorOnTimeout: False
        SubscriptionId: 00000000-0000-0000-0000-000000000000
        Timeout: 00:00:00
        IsImplicitlyCancellable: True
}
22: CustomTrackingRecord [1.9.26] "iCPSTraceTrackingRecord"
23: WorkflowInstance "FilesystemListenerActivity" is Idle</StdOut>
      </Output>
    </UnitTestResult>
    <UnitTestResult executionId="f6aa0481-e16e-4338-9def-2e7424e06f59" testId="baee69ba-2af9-c665-f273-d2242f05bb5e" testName="Allocate_InspectDefaultValues_DefaultSettleTimeIs500MS" computerName="ICSWS068" duration="00:00:00.0056330" startTime="2016-08-04T09:58:42.6461032+02:00" endTime="2016-08-04T09:58:42.6531104+02:00" testType="13cdc9d9-ddb5-4fa4-a97d-d965ccfc6d4b" outcome="Passed" testListId="8c84fa94-04c1-424b-9868-57a2d4851a1d" relativeResultsDirectory="f6aa0481-e16e-4338-9def-2e7424e06f59">
      <Output>
        <StdOut>Debug Trace:
0: WorkflowInstance "FilesystemListenerActivity" is Started
1: Activity [null] "null" scheduled child activity [1] "FilesystemListenerActivity"
2: Activity [1] "FilesystemListenerActivity" is Executing
{
    Arguments
        Directory: a:\directory
        ErrorOnTimeout: False
        Timeout: 00:00:00
        Filter: *.txt
        Rename: False
        SettleTime: 00:00:00.5000000
        ScanForFileOnStart: True
        MoveFileToDirectory: a:\nother\directory
        IsImplicitlyCancellable: True
        Recursive: False
        WatchType: Rename
}
3: Activity [1] "FilesystemListenerActivity" scheduled child activity [1.1] "TryCatch1"
4: Activity [1.1] "TryCatch1" is Executing
{
    Variables
        connection: 00000000-0000-0000-0000-000000000000
}
5: Activity [1.1] "TryCatch1" scheduled child activity [1.4] "TryCatch2"
6: Activity [1.4] "TryCatch2" is Executing
7: Activity [1.4] "TryCatch2" scheduled child activity [1.8] "MainSequence1"
8: Activity [1.8] "MainSequence1" is Executing
{
    Variables
        configuration: iCore.Workflow.Activities.Filesystem.FileSystemListenerConfiguration
}
9: Activity [1.8] "MainSequence1" scheduled child activity [1.35] "CreateConfiguration1"
10: Activity [1.35] "CreateConfiguration1" is Executing
{
    Arguments
        Directory: a:\directory
        Filter: *.txt
        SettleTime: 00:00:00.5000000
        ScanForFileOnStart: True
        Recursive: False
        WatchType: Rename
}
11: Activity [1.35] "CreateConfiguration1" is Closed
{
    Arguments
        Directory: a:\directory
        Filter: *.txt
        Result: iCore.Workflow.Activities.Filesystem.FileSystemListenerConfiguration
        SettleTime: 00:00:00.5000000
        ScanForFileOnStart: True
        Recursive: False
        WatchType: Rename
}
12: Activity [1.8] "MainSequence1" scheduled child activity [1.30] "StartFileSystemListener1"
13: Activity [1.30] "StartFileSystemListener1" is Executing
{
    Arguments
        Configuration: iCore.Workflow.Activities.Filesystem.FileSystemListenerConfiguration
}
14: CustomTrackingRecord [1.30] "iCPSTraceTrackingRecord"
15: Activity [1.30] "StartFileSystemListener1" is Closed
{
    Arguments
        Result: 00000000-0000-0000-0000-000000000000
        Configuration: iCore.Workflow.Activities.Filesystem.FileSystemListenerConfiguration
}
16: Activity [1.8] "MainSequence1" scheduled child activity [1.9] "GetNextFile1"
17: Activity [1.9] "GetNextFile1" is Executing
{
    Arguments
        ErrorOnTimeout: False
        SubscriptionId: 00000000-0000-0000-0000-000000000000
        Timeout: 00:00:00
        Rename: False
        MoveFileToDirectory: a:\nother\directory
        IsImplicitlyCancellable: True
}
18: Activity [1.9] "GetNextFile1" scheduled child activity [1.9.1] "Sequence"
19: Activity [1.9.1] "Sequence" is Executing
{
    Variables
        _5ef1bf98_84fe_487c_bb8a_8079780ebfc1_200: 0
}
20: Activity [1.9.1] "Sequence" scheduled child activity [1.9.26] "GetNextFile1"
21: Activity [1.9.26] "GetNextFile1" is Executing
{
    Arguments
        ErrorOnTimeout: False
        SubscriptionId: 00000000-0000-0000-0000-000000000000
        Timeout: 00:00:00
        IsImplicitlyCancellable: True
}
22: CustomTrackingRecord [1.9.26] "iCPSTraceTrackingRecord"
23: WorkflowInstance "FilesystemListenerActivity" is Idle</StdOut>
      </Output>
    </UnitTestResult>
    <UnitTestResult executionId="211dcdb7-decd-41dc-afaa-c9e70f73834a" testId="6b243c8c-74bd-7e4b-341f-e44a5c5ccd17" testName="Allocate_InspectDefaultValues_DefaulTimeoutIsZero" computerName="ICSWS068" duration="00:00:00.0056981" startTime="2016-08-04T09:58:42.6561124+02:00" endTime="2016-08-04T09:58:42.6621167+02:00" testType="13cdc9d9-ddb5-4fa4-a97d-d965ccfc6d4b" outcome="Passed" testListId="8c84fa94-04c1-424b-9868-57a2d4851a1d" relativeResultsDirectory="211dcdb7-decd-41dc-afaa-c9e70f73834a">
      <Output>
        <StdOut>Debug Trace:
0: WorkflowInstance "FilesystemListenerActivity" is Started
1: Activity [null] "null" scheduled child activity [1] "FilesystemListenerActivity"
2: Activity [1] "FilesystemListenerActivity" is Executing
{
    Arguments
        Directory: a:\directory
        ErrorOnTimeout: False
        Timeout: -00:00:00.0010000
        Filter: *.txt
        Rename: False
        SettleTime: 00:00:00.5550000
        ScanForFileOnStart: True
        MoveFileToDirectory: a:\nother\directory
        IsImplicitlyCancellable: True
        Recursive: False
        WatchType: Rename
}
3: Activity [1] "FilesystemListenerActivity" scheduled child activity [1.1] "TryCatch1"
4: Activity [1.1] "TryCatch1" is Executing
{
    Variables
        connection: 00000000-0000-0000-0000-000000000000
}
5: Activity [1.1] "TryCatch1" scheduled child activity [1.4] "TryCatch2"
6: Activity [1.4] "TryCatch2" is Executing
7: Activity [1.4] "TryCatch2" scheduled child activity [1.8] "MainSequence1"
8: Activity [1.8] "MainSequence1" is Executing
{
    Variables
        configuration: iCore.Workflow.Activities.Filesystem.FileSystemListenerConfiguration
}
9: Activity [1.8] "MainSequence1" scheduled child activity [1.35] "CreateConfiguration1"
10: Activity [1.35] "CreateConfiguration1" is Executing
{
    Arguments
        Directory: a:\directory
        Filter: *.txt
        SettleTime: 00:00:00.5550000
        ScanForFileOnStart: True
        Recursive: False
        WatchType: Rename
}
11: Activity [1.35] "CreateConfiguration1" is Closed
{
    Arguments
        Directory: a:\directory
        Filter: *.txt
        Result: iCore.Workflow.Activities.Filesystem.FileSystemListenerConfiguration
        SettleTime: 00:00:00.5550000
        ScanForFileOnStart: True
        Recursive: False
        WatchType: Rename
}
12: Activity [1.8] "MainSequence1" scheduled child activity [1.30] "StartFileSystemListener1"
13: Activity [1.30] "StartFileSystemListener1" is Executing
{
    Arguments
        Configuration: iCore.Workflow.Activities.Filesystem.FileSystemListenerConfiguration
}
14: CustomTrackingRecord [1.30] "iCPSTraceTrackingRecord"
15: Activity [1.30] "StartFileSystemListener1" is Closed
{
    Arguments
        Result: 00000000-0000-0000-0000-000000000000
        Configuration: iCore.Workflow.Activities.Filesystem.FileSystemListenerConfiguration
}
16: Activity [1.8] "MainSequence1" scheduled child activity [1.9] "GetNextFile1"
17: Activity [1.9] "GetNextFile1" is Executing
{
    Arguments
        ErrorOnTimeout: False
        SubscriptionId: 00000000-0000-0000-0000-000000000000
        Timeout: -00:00:00.0010000
        Rename: False
        MoveFileToDirectory: a:\nother\directory
        IsImplicitlyCancellable: True
}
18: Activity [1.9] "GetNextFile1" scheduled child activity [1.9.1] "Sequence"
19: Activity [1.9.1] "Sequence" is Executing
{
    Variables
        _5ef1bf98_84fe_487c_bb8a_8079780ebfc1_201: 0
}
20: Activity [1.9.1] "Sequence" scheduled child activity [1.9.26] "GetNextFile1"
21: Activity [1.9.26] "GetNextFile1" is Executing
{
    Arguments
        ErrorOnTimeout: False
        SubscriptionId: 00000000-0000-0000-0000-000000000000
        Timeout: -00:00:00.0010000
        IsImplicitlyCancellable: True
}
22: CustomTrackingRecord [1.9.26] "iCPSTraceTrackingRecord"
23: WorkflowInstance "FilesystemListenerActivity" is Idle</StdOut>
      </Output>
    </UnitTestResult>
    <UnitTestResult executionId="c406187b-7f44-4084-9d48-1946b8866df5" testId="224d4c4a-bf78-3280-42f7-47b08e336632" testName="Allocate_InspectDefaultValues_DefaulWatchTypeIsRename" computerName="ICSWS068" duration="00:00:00.0055092" startTime="2016-08-04T09:58:42.6657897+02:00" endTime="2016-08-04T09:58:42.6722954+02:00" testType="13cdc9d9-ddb5-4fa4-a97d-d965ccfc6d4b" outcome="Passed" testListId="8c84fa94-04c1-424b-9868-57a2d4851a1d" relativeResultsDirectory="c406187b-7f44-4084-9d48-1946b8866df5">
      <Output>
        <StdOut>Debug Trace:
0: WorkflowInstance "FilesystemListenerActivity" is Started
1: Activity [null] "null" scheduled child activity [1] "FilesystemListenerActivity"
2: Activity [1] "FilesystemListenerActivity" is Executing
{
    Arguments
        Directory: a:\directory
        ErrorOnTimeout: False
        Timeout: 00:00:00
        Filter: *.txt
        Rename: False
        SettleTime: 00:00:00.5550000
        ScanForFileOnStart: True
        MoveFileToDirectory: a:\nother\directory
        IsImplicitlyCancellable: True
        Recursive: False
        WatchType: Rename
}
3: Activity [1] "FilesystemListenerActivity" scheduled child activity [1.1] "TryCatch1"
4: Activity [1.1] "TryCatch1" is Executing
{
    Variables
        connection: 00000000-0000-0000-0000-000000000000
}
5: Activity [1.1] "TryCatch1" scheduled child activity [1.4] "TryCatch2"
6: Activity [1.4] "TryCatch2" is Executing
7: Activity [1.4] "TryCatch2" scheduled child activity [1.8] "MainSequence1"
8: Activity [1.8] "MainSequence1" is Executing
{
    Variables
        configuration: iCore.Workflow.Activities.Filesystem.FileSystemListenerConfiguration
}
9: Activity [1.8] "MainSequence1" scheduled child activity [1.35] "CreateConfiguration1"
10: Activity [1.35] "CreateConfiguration1" is Executing
{
    Arguments
        Directory: a:\directory
        Filter: *.txt
        SettleTime: 00:00:00.5550000
        ScanForFileOnStart: True
        Recursive: False
        WatchType: Rename
}
11: Activity [1.35] "CreateConfiguration1" is Closed
{
    Arguments
        Directory: a:\directory
        Filter: *.txt
        Result: iCore.Workflow.Activities.Filesystem.FileSystemListenerConfiguration
        SettleTime: 00:00:00.5550000
        ScanForFileOnStart: True
        Recursive: False
        WatchType: Rename
}
12: Activity [1.8] "MainSequence1" scheduled child activity [1.30] "StartFileSystemListener1"
13: Activity [1.30] "StartFileSystemListener1" is Executing
{
    Arguments
        Configuration: iCore.Workflow.Activities.Filesystem.FileSystemListenerConfiguration
}
14: CustomTrackingRecord [1.30] "iCPSTraceTrackingRecord"
15: Activity [1.30] "StartFileSystemListener1" is Closed
{
    Arguments
        Result: 00000000-0000-0000-0000-000000000000
        Configuration: iCore.Workflow.Activities.Filesystem.FileSystemListenerConfiguration
}
16: Activity [1.8] "MainSequence1" scheduled child activity [1.9] "GetNextFile1"
17: Activity [1.9] "GetNextFile1" is Executing
{
    Arguments
        ErrorOnTimeout: False
        SubscriptionId: 00000000-0000-0000-0000-000000000000
        Timeout: 00:00:00
        Rename: False
        MoveFileToDirectory: a:\nother\directory
        IsImplicitlyCancellable: True
}
18: Activity [1.9] "GetNextFile1" scheduled child activity [1.9.1] "Sequence"
19: Activity [1.9.1] "Sequence" is Executing
{
    Variables
        _5ef1bf98_84fe_487c_bb8a_8079780ebfc1_202: 0
}
20: Activity [1.9.1] "Sequence" scheduled child activity [1.9.26] "GetNextFile1"
21: Activity [1.9.26] "GetNextFile1" is Executing
{
    Arguments
        ErrorOnTimeout: False
        SubscriptionId: 00000000-0000-0000-0000-000000000000
        Timeout: 00:00:00
        IsImplicitlyCancellable: True
}
22: CustomTrackingRecord [1.9.26] "iCPSTraceTrackingRecord"
23: WorkflowInstance "FilesystemListenerActivity" is Idle</StdOut>
      </Output>
    </UnitTestResult>
    <UnitTestResult executionId="cb1c9eb7-eb78-4010-8844-984f6d1c2fd4" testId="74dd11d6-bd72-6258-df22-37f1a46f41a9" testName="Allocate_InspectDefaultValues_DefaultIsImplicitlyCancellableIsTrue" computerName="ICSWS068" duration="00:00:00.0059010" startTime="2016-08-04T09:58:42.6752998+02:00" endTime="2016-08-04T09:58:42.6818044+02:00" testType="13cdc9d9-ddb5-4fa4-a97d-d965ccfc6d4b" outcome="Passed" testListId="8c84fa94-04c1-424b-9868-57a2d4851a1d" relativeResultsDirectory="cb1c9eb7-eb78-4010-8844-984f6d1c2fd4">
      <Output>
        <StdOut>Debug Trace:
0: WorkflowInstance "FilesystemListenerActivity" is Started
1: Activity [null] "null" scheduled child activity [1] "FilesystemListenerActivity"
2: Activity [1] "FilesystemListenerActivity" is Executing
{
    Arguments
        Directory: a:\directory
        ErrorOnTimeout: False
        Timeout: 00:00:00
        Filter: *.txt
        Rename: False
        SettleTime: 00:00:00.5550000
        ScanForFileOnStart: True
        MoveFileToDirectory: a:\nother\directory
        IsImplicitlyCancellable: True
        Recursive: False
        WatchType: Rename
}
3: Activity [1] "FilesystemListenerActivity" scheduled child activity [1.1] "TryCatch1"
4: Activity [1.1] "TryCatch1" is Executing
{
    Variables
        connection: 00000000-0000-0000-0000-000000000000
}
5: Activity [1.1] "TryCatch1" scheduled child activity [1.4] "TryCatch2"
6: Activity [1.4] "TryCatch2" is Executing
7: Activity [1.4] "TryCatch2" scheduled child activity [1.8] "MainSequence1"
8: Activity [1.8] "MainSequence1" is Executing
{
    Variables
        configuration: iCore.Workflow.Activities.Filesystem.FileSystemListenerConfiguration
}
9: Activity [1.8] "MainSequence1" scheduled child activity [1.35] "CreateConfiguration1"
10: Activity [1.35] "CreateConfiguration1" is Executing
{
    Arguments
        Directory: a:\directory
        Filter: *.txt
        SettleTime: 00:00:00.5550000
        ScanForFileOnStart: True
        Recursive: False
        WatchType: Rename
}
11: Activity [1.35] "CreateConfiguration1" is Closed
{
    Arguments
        Directory: a:\directory
        Filter: *.txt
        Result: iCore.Workflow.Activities.Filesystem.FileSystemListenerConfiguration
        SettleTime: 00:00:00.5550000
        ScanForFileOnStart: True
        Recursive: False
        WatchType: Rename
}
12: Activity [1.8] "MainSequence1" scheduled child activity [1.30] "StartFileSystemListener1"
13: Activity [1.30] "StartFileSystemListener1" is Executing
{
    Arguments
        Configuration: iCore.Workflow.Activities.Filesystem.FileSystemListenerConfiguration
}
14: CustomTrackingRecord [1.30] "iCPSTraceTrackingRecord"
15: Activity [1.30] "StartFileSystemListener1" is Closed
{
    Arguments
        Result: 00000000-0000-0000-0000-000000000000
        Configuration: iCore.Workflow.Activities.Filesystem.FileSystemListenerConfiguration
}
16: Activity [1.8] "MainSequence1" scheduled child activity [1.9] "GetNextFile1"
17: Activity [1.9] "GetNextFile1" is Executing
{
    Arguments
        ErrorOnTimeout: False
        SubscriptionId: 00000000-0000-0000-0000-000000000000
        Timeout: 00:00:00
        Rename: False
        MoveFileToDirectory: a:\nother\directory
        IsImplicitlyCancellable: True
}
18: Activity [1.9] "GetNextFile1" scheduled child activity [1.9.1] "Sequence"
19: Activity [1.9.1] "Sequence" is Executing
{
    Variables
        _5ef1bf98_84fe_487c_bb8a_8079780ebfc1_203: 0
}
20: Activity [1.9.1] "Sequence" scheduled child activity [1.9.26] "GetNextFile1"
21: Activity [1.9.26] "GetNextFile1" is Executing
{
    Arguments
        ErrorOnTimeout: False
        SubscriptionId: 00000000-0000-0000-0000-000000000000
        Timeout: 00:00:00
        IsImplicitlyCancellable: True
}
22: CustomTrackingRecord [1.9.26] "iCPSTraceTrackingRecord"
23: WorkflowInstance "FilesystemListenerActivity" is Idle</StdOut>
      </Output>
    </UnitTestResult>
    <UnitTestResult executionId="535c49e9-63d4-4e5b-847d-8934b1145391" testId="a4695102-57dc-a5b0-4600-6b2c5f8dc999" testName="Invoke_AllInArguments_ExecutesInternalGetNextFileActivitWithExpectedConnectionArgument" computerName="ICSWS068" duration="00:00:00.0047418" startTime="2016-08-04T09:58:42.6852976+02:00" endTime="2016-08-04T09:58:42.6913022+02:00" testType="13cdc9d9-ddb5-4fa4-a97d-d965ccfc6d4b" outcome="Passed" testListId="8c84fa94-04c1-424b-9868-57a2d4851a1d" relativeResultsDirectory="535c49e9-63d4-4e5b-847d-8934b1145391">
      <Output>
        <StdOut>Debug Trace:
0: WorkflowInstance "GetNextFileActivity" is Started
1: Activity [null] "null" scheduled child activity [1] "GetNextFileActivity"
2: Activity [1] "GetNextFileActivity" is Executing
{
    Arguments
        ErrorOnTimeout: False
        SubscriptionId: 3f0a38f2-e9b6-4d42-93ad-903b304b4904
        Timeout: 00:00:59
        Rename: False
        MoveFileToDirectory: 
        IsImplicitlyCancellable: True
}
3: Activity [1] "GetNextFileActivity" scheduled child activity [1.1] "Sequence"
4: Activity [1.1] "Sequence" is Executing
{
    Variables
        _5ef1bf98_84fe_487c_bb8a_8079780ebfc1_204: 0
}
5: Activity [1.1] "Sequence" scheduled child activity [1.26] "GetNextFile1"
6: Activity [1.26] "GetNextFile1" is Executing
{
    Arguments
        ErrorOnTimeout: False
        SubscriptionId: 3f0a38f2-e9b6-4d42-93ad-903b304b4904
        Timeout: 00:00:59
        IsImplicitlyCancellable: True
}
7: CustomTrackingRecord [1.26] "iCPSTraceTrackingRecord"
8: WorkflowInstance "GetNextFileActivity" is Idle</StdOut>
      </Output>
    </UnitTestResult>
    <UnitTestResult executionId="9d91a267-bb97-42a5-9ea9-382bf1f718da" testId="7383a612-09c3-e115-dce5-7a2e36bc813b" testName="Invoke_AllInArguments_ExecutesInternalGetNextFileActivityWithExpectedErrorOnTimeoutArgument" computerName="ICSWS068" duration="00:00:00.0029691" startTime="2016-08-04T09:58:42.6938224+02:00" endTime="2016-08-04T09:58:42.6978252+02:00" testType="13cdc9d9-ddb5-4fa4-a97d-d965ccfc6d4b" outcome="Passed" testListId="8c84fa94-04c1-424b-9868-57a2d4851a1d" relativeResultsDirectory="9d91a267-bb97-42a5-9ea9-382bf1f718da">
      <Output>
        <StdOut>Debug Trace:
0: WorkflowInstance "GetNextFileActivity" is Started
1: Activity [null] "null" scheduled child activity [1] "GetNextFileActivity"
2: Activity [1] "GetNextFileActivity" is Executing
{
    Arguments
        ErrorOnTimeout: False
        SubscriptionId: b22edc4b-c5c5-4179-8036-7ad4a0786773
        Timeout: 00:00:59
        Rename: False
        MoveFileToDirectory: 
        IsImplicitlyCancellable: True
}
3: Activity [1] "GetNextFileActivity" scheduled child activity [1.1] "Sequence"
4: Activity [1.1] "Sequence" is Executing
{
    Variables
        _5ef1bf98_84fe_487c_bb8a_8079780ebfc1_205: 0
}
5: Activity [1.1] "Sequence" scheduled child activity [1.26] "GetNextFile1"
6: Activity [1.26] "GetNextFile1" is Executing
{
    Arguments
        ErrorOnTimeout: False
        SubscriptionId: b22edc4b-c5c5-4179-8036-7ad4a0786773
        Timeout: 00:00:59
        IsImplicitlyCancellable: True
}
7: CustomTrackingRecord [1.26] "iCPSTraceTrackingRecord"
8: WorkflowInstance "GetNextFileActivity" is Idle</StdOut>
      </Output>
    </UnitTestResult>
    <UnitTestResult executionId="a707a7a2-c0ee-4be8-82c9-3ce088ecd789" testId="102e6afe-725c-cdfe-5c28-1af7febfaaa7" testName="Invoke_AllInArguments_ExecutesInternalGetNextFileActivityWithExpectedTimeoutArgument" computerName="ICSWS068" duration="00:00:00.0026717" startTime="2016-08-04T09:58:42.7008281+02:00" endTime="2016-08-04T09:58:42.7048333+02:00" testType="13cdc9d9-ddb5-4fa4-a97d-d965ccfc6d4b" outcome="Passed" testListId="8c84fa94-04c1-424b-9868-57a2d4851a1d" relativeResultsDirectory="a707a7a2-c0ee-4be8-82c9-3ce088ecd789">
      <Output>
        <StdOut>Debug Trace:
0: WorkflowInstance "GetNextFileActivity" is Started
1: Activity [null] "null" scheduled child activity [1] "GetNextFileActivity"
2: Activity [1] "GetNextFileActivity" is Executing
{
    Arguments
        ErrorOnTimeout: False
        SubscriptionId: 88c4364d-7a8e-4937-9af5-d7f30894edb4
        Timeout: 00:00:59
        Rename: False
        MoveFileToDirectory: 
        IsImplicitlyCancellable: True
}
3: Activity [1] "GetNextFileActivity" scheduled child activity [1.1] "Sequence"
4: Activity [1.1] "Sequence" is Executing
{
    Variables
        _5ef1bf98_84fe_487c_bb8a_8079780ebfc1_206: 0
}
5: Activity [1.1] "Sequence" scheduled child activity [1.26] "GetNextFile1"
6: Activity [1.26] "GetNextFile1" is Executing
{
    Arguments
        ErrorOnTimeout: False
        SubscriptionId: 88c4364d-7a8e-4937-9af5-d7f30894edb4
        Timeout: 00:00:59
        IsImplicitlyCancellable: True
}
7: CustomTrackingRecord [1.26] "iCPSTraceTrackingRecord"
8: WorkflowInstance "GetNextFileActivity" is Idle</StdOut>
      </Output>
    </UnitTestResult>
    <UnitTestResult executionId="33f271f7-d9df-4624-8822-a2b134519bcb" testId="c77d402c-8327-25ae-8fd0-83e870ac2f8a" testName="Invoke_NoRenameNoMove_OutArgumentOriginalFileNameIsExpected" computerName="ICSWS068" duration="00:00:00.0046242" startTime="2016-08-04T09:58:42.7083365+02:00" endTime="2016-08-04T09:58:42.7138270+02:00" testType="13cdc9d9-ddb5-4fa4-a97d-d965ccfc6d4b" outcome="Passed" testListId="8c84fa94-04c1-424b-9868-57a2d4851a1d" relativeResultsDirectory="33f271f7-d9df-4624-8822-a2b134519bcb">
      <Output>
        <StdOut>Debug Trace:
0: WorkflowInstance "GetNextFileActivity" is Started
1: Activity [null] "null" scheduled child activity [1] "GetNextFileActivity"
2: Activity [1] "GetNextFileActivity" is Executing
{
    Arguments
        ErrorOnTimeout: False
        SubscriptionId: 29e714e8-bce7-442c-840d-f92b2d3033dc
        Timeout: 00:00:59
        Rename: False
        MoveFileToDirectory: 
        IsImplicitlyCancellable: True
}
3: Activity [1] "GetNextFileActivity" scheduled child activity [1.1] "Sequence"
4: Activity [1.1] "Sequence" is Executing
{
    Variables
        _5ef1bf98_84fe_487c_bb8a_8079780ebfc1_207: Rename
}
5: Activity [1.1] "Sequence" scheduled child activity [1.26] "GetNextFile1"
6: Activity [1.26] "GetNextFile1" is Executing
{
    Arguments
        ErrorOnTimeout: False
        SubscriptionId: 29e714e8-bce7-442c-840d-f92b2d3033dc
        Timeout: 00:00:59
        IsImplicitlyCancellable: True
}
7: CustomTrackingRecord [1.26] "iCPSTraceTrackingRecord"
8: WorkflowInstance "GetNextFileActivity" is Idle
9: Bookmark "47afd9bf-d9f5-46af-aac8-726f24dd11f9" resumed with payload &lt;iCore.Workflow.Activities.Extensions.ItemSubscriptionEventArgs`1[iCore.Common.Utilities.FileSystemWatcher.FileSystemWatcherFileInfo]&gt; owner [1.26] "GetNextFile1"
10: CustomTrackingRecord [1.26] "iCPSTraceTrackingRecord"
11: Activity [1.26] "GetNextFile1" is Closed
{
    Arguments
        ErrorOnTimeout: False
        SubscriptionId: 29e714e8-bce7-442c-840d-f92b2d3033dc
        FileName: file.name
        Timeout: 00:00:59
        FileFullName: a:\directory\path\file.name
        IsImplicitlyCancellable: True
        WatchType: Rename
}
12: Activity [1.1] "Sequence" scheduled child activity [1.19] "AssignProcessingFileName1"
13: Activity [1.19] "AssignProcessingFileName1" is Executing
{
    Arguments
        Value: file.name
}
14: Activity [1.19] "AssignProcessingFileName1" is Closed
{
    Arguments
        Value: file.name
        To: file.name
}
15: Activity [1.1] "Sequence" scheduled child activity [1.11] "AssignProcessingFilePath1"
16: Activity [1.11] "AssignProcessingFilePath1" is Executing
{
    Arguments
        Value: a:\directory\path\file.name
}
17: Activity [1.11] "AssignProcessingFilePath1" is Closed
{
    Arguments
        Value: a:\directory\path\file.name
        To: a:\directory\path\file.name
}
18: Activity [1.1] "Sequence" scheduled child activity [1.2] "RenameFileCheck1"
19: Activity [1.2] "RenameFileCheck1" is Executing
{
    Arguments
        Condition: False
}
20: Activity [1.2] "RenameFileCheck1" is Closed
{
    Arguments
        Condition: False
}
21: Activity [1.1] "Sequence" is Closed
{
    Variables
        _5ef1bf98_84fe_487c_bb8a_8079780ebfc1_208: Rename
}
22: Activity [1] "GetNextFileActivity" is Closed
{
    Arguments
        ErrorOnTimeout: False
        SubscriptionId: 29e714e8-bce7-442c-840d-f92b2d3033dc
        Timeout: 00:00:59
        Rename: False
        OriginalFileName: file.name
        ProcessingFilePath: a:\directory\path\file.name
        MoveFileToDirectory: 
        IsImplicitlyCancellable: True
        ProcessingFileName: file.name
        OriginalFilePath: a:\directory\path\file.name
}
23: WorkflowInstance "GetNextFileActivity" is Completed</StdOut>
      </Output>
    </UnitTestResult>
    <UnitTestResult executionId="435a521e-7dd9-4764-918b-496174cd1a2f" testId="59524fbc-ad7b-1e06-e43c-47ea3d4b1081" testName="Invoke_NoRenameNoMove_OutArgumentOriginalFilePathIsExpected" computerName="ICSWS068" duration="00:00:00.0041435" startTime="2016-08-04T09:58:42.7168278+02:00" endTime="2016-08-04T09:58:42.7223324+02:00" testType="13cdc9d9-ddb5-4fa4-a97d-d965ccfc6d4b" outcome="Passed" testListId="8c84fa94-04c1-424b-9868-57a2d4851a1d" relativeResultsDirectory="435a521e-7dd9-4764-918b-496174cd1a2f">
      <Output>
        <StdOut>Debug Trace:
0: WorkflowInstance "GetNextFileActivity" is Started
1: Activity [null] "null" scheduled child activity [1] "GetNextFileActivity"
2: Activity [1] "GetNextFileActivity" is Executing
{
    Arguments
        ErrorOnTimeout: False
        SubscriptionId: 877a8253-fa4b-460c-ab78-39f1da8343c1
        Timeout: 00:00:59
        Rename: False
        MoveFileToDirectory: 
        IsImplicitlyCancellable: True
}
3: Activity [1] "GetNextFileActivity" scheduled child activity [1.1] "Sequence"
4: Activity [1.1] "Sequence" is Executing
{
    Variables
        _5ef1bf98_84fe_487c_bb8a_8079780ebfc1_209: Rename
}
5: Activity [1.1] "Sequence" scheduled child activity [1.26] "GetNextFile1"
6: Activity [1.26] "GetNextFile1" is Executing
{
    Arguments
        ErrorOnTimeout: False
        SubscriptionId: 877a8253-fa4b-460c-ab78-39f1da8343c1
        Timeout: 00:00:59
        IsImplicitlyCancellable: True
}
7: CustomTrackingRecord [1.26] "iCPSTraceTrackingRecord"
8: WorkflowInstance "GetNextFileActivity" is Idle
9: Bookmark "1ca21d24-0145-40bc-9dfb-6bb9260cfed9" resumed with payload &lt;iCore.Workflow.Activities.Extensions.ItemSubscriptionEventArgs`1[iCore.Common.Utilities.FileSystemWatcher.FileSystemWatcherFileInfo]&gt; owner [1.26] "GetNextFile1"
10: CustomTrackingRecord [1.26] "iCPSTraceTrackingRecord"
11: Activity [1.26] "GetNextFile1" is Closed
{
    Arguments
        ErrorOnTimeout: False
        SubscriptionId: 877a8253-fa4b-460c-ab78-39f1da8343c1
        FileName: file.name
        Timeout: 00:00:59
        FileFullName: a:\directory\path\file.name
        IsImplicitlyCancellable: True
        WatchType: Rename
}
12: Activity [1.1] "Sequence" scheduled child activity [1.19] "AssignProcessingFileName1"
13: Activity [1.19] "AssignProcessingFileName1" is Executing
{
    Arguments
        Value: file.name
}
14: Activity [1.19] "AssignProcessingFileName1" is Closed
{
    Arguments
        Value: file.name
        To: file.name
}
15: Activity [1.1] "Sequence" scheduled child activity [1.11] "AssignProcessingFilePath1"
16: Activity [1.11] "AssignProcessingFilePath1" is Executing
{
    Arguments
        Value: a:\directory\path\file.name
}
17: Activity [1.11] "AssignProcessingFilePath1" is Closed
{
    Arguments
        Value: a:\directory\path\file.name
        To: a:\directory\path\file.name
}
18: Activity [1.1] "Sequence" scheduled child activity [1.2] "RenameFileCheck1"
19: Activity [1.2] "RenameFileCheck1" is Executing
{
    Arguments
        Condition: False
}
20: Activity [1.2] "RenameFileCheck1" is Closed
{
    Arguments
        Condition: False
}
21: Activity [1.1] "Sequence" is Closed
{
    Variables
        _5ef1bf98_84fe_487c_bb8a_8079780ebfc1_210: Rename
}
22: Activity [1] "GetNextFileActivity" is Closed
{
    Arguments
        ErrorOnTimeout: False
        SubscriptionId: 877a8253-fa4b-460c-ab78-39f1da8343c1
        Timeout: 00:00:59
        Rename: False
        OriginalFileName: file.name
        ProcessingFilePath: a:\directory\path\file.name
        MoveFileToDirectory: 
        IsImplicitlyCancellable: True
        ProcessingFileName: file.name
        OriginalFilePath: a:\directory\path\file.name
}
23: WorkflowInstance "GetNextFileActivity" is Completed</StdOut>
      </Output>
    </UnitTestResult>
    <UnitTestResult executionId="a5bf4f69-bd8c-4f58-8083-eb9920bb00ea" testId="b6efe126-2b86-2eb6-10f8-835f3768745e" testName="Invoke_NoRenameNoMove_OutArgumentProcessingFileNameIsExpected" computerName="ICSWS068" duration="00:00:00.0042101" startTime="2016-08-04T09:58:42.7251042+02:00" endTime="2016-08-04T09:58:42.7306106+02:00" testType="13cdc9d9-ddb5-4fa4-a97d-d965ccfc6d4b" outcome="Passed" testListId="8c84fa94-04c1-424b-9868-57a2d4851a1d" relativeResultsDirectory="a5bf4f69-bd8c-4f58-8083-eb9920bb00ea">
      <Output>
        <StdOut>Debug Trace:
0: WorkflowInstance "GetNextFileActivity" is Started
1: Activity [null] "null" scheduled child activity [1] "GetNextFileActivity"
2: Activity [1] "GetNextFileActivity" is Executing
{
    Arguments
        ErrorOnTimeout: False
        SubscriptionId: 739db57d-093b-4e5a-b491-13b25f8d054e
        Timeout: 00:00:59
        Rename: False
        MoveFileToDirectory: 
        IsImplicitlyCancellable: True
}
3: Activity [1] "GetNextFileActivity" scheduled child activity [1.1] "Sequence"
4: Activity [1.1] "Sequence" is Executing
{
    Variables
        _5ef1bf98_84fe_487c_bb8a_8079780ebfc1_211: Rename
}
5: Activity [1.1] "Sequence" scheduled child activity [1.26] "GetNextFile1"
6: Activity [1.26] "GetNextFile1" is Executing
{
    Arguments
        ErrorOnTimeout: False
        SubscriptionId: 739db57d-093b-4e5a-b491-13b25f8d054e
        Timeout: 00:00:59
        IsImplicitlyCancellable: True
}
7: CustomTrackingRecord [1.26] "iCPSTraceTrackingRecord"
8: WorkflowInstance "GetNextFileActivity" is Idle
9: Bookmark "a33f4900-ca92-473b-9345-c2161dd960c0" resumed with payload &lt;iCore.Workflow.Activities.Extensions.ItemSubscriptionEventArgs`1[iCore.Common.Utilities.FileSystemWatcher.FileSystemWatcherFileInfo]&gt; owner [1.26] "GetNextFile1"
10: CustomTrackingRecord [1.26] "iCPSTraceTrackingRecord"
11: Activity [1.26] "GetNextFile1" is Closed
{
    Arguments
        ErrorOnTimeout: False
        SubscriptionId: 739db57d-093b-4e5a-b491-13b25f8d054e
        FileName: file.name
        Timeout: 00:00:59
        FileFullName: a:\directory\path\file.name
        IsImplicitlyCancellable: True
        WatchType: Rename
}
12: Activity [1.1] "Sequence" scheduled child activity [1.19] "AssignProcessingFileName1"
13: Activity [1.19] "AssignProcessingFileName1" is Executing
{
    Arguments
        Value: file.name
}
14: Activity [1.19] "AssignProcessingFileName1" is Closed
{
    Arguments
        Value: file.name
        To: file.name
}
15: Activity [1.1] "Sequence" scheduled child activity [1.11] "AssignProcessingFilePath1"
16: Activity [1.11] "AssignProcessingFilePath1" is Executing
{
    Arguments
        Value: a:\directory\path\file.name
}
17: Activity [1.11] "AssignProcessingFilePath1" is Closed
{
    Arguments
        Value: a:\directory\path\file.name
        To: a:\directory\path\file.name
}
18: Activity [1.1] "Sequence" scheduled child activity [1.2] "RenameFileCheck1"
19: Activity [1.2] "RenameFileCheck1" is Executing
{
    Arguments
        Condition: False
}
20: Activity [1.2] "RenameFileCheck1" is Closed
{
    Arguments
        Condition: False
}
21: Activity [1.1] "Sequence" is Closed
{
    Variables
        _5ef1bf98_84fe_487c_bb8a_8079780ebfc1_212: Rename
}
22: Activity [1] "GetNextFileActivity" is Closed
{
    Arguments
        ErrorOnTimeout: False
        SubscriptionId: 739db57d-093b-4e5a-b491-13b25f8d054e
        Timeout: 00:00:59
        Rename: False
        OriginalFileName: file.name
        ProcessingFilePath: a:\directory\path\file.name
        MoveFileToDirectory: 
        IsImplicitlyCancellable: True
        ProcessingFileName: file.name
        OriginalFilePath: a:\directory\path\file.name
}
23: WorkflowInstance "GetNextFileActivity" is Completed</StdOut>
      </Output>
    </UnitTestResult>
    <UnitTestResult executionId="c5e7991a-29c9-4001-9b6c-756f649a200f" testId="6da71151-f511-8823-e176-c485d9440966" testName="Invoke_NoRenameNoMove_OutArgumentProcessingFilePathIsExpected" computerName="ICSWS068" duration="00:00:00.0040878" startTime="2016-08-04T09:58:42.7331296+02:00" endTime="2016-08-04T09:58:42.7386327+02:00" testType="13cdc9d9-ddb5-4fa4-a97d-d965ccfc6d4b" outcome="Passed" testListId="8c84fa94-04c1-424b-9868-57a2d4851a1d" relativeResultsDirectory="c5e7991a-29c9-4001-9b6c-756f649a200f">
      <Output>
        <StdOut>Debug Trace:
0: WorkflowInstance "GetNextFileActivity" is Started
1: Activity [null] "null" scheduled child activity [1] "GetNextFileActivity"
2: Activity [1] "GetNextFileActivity" is Executing
{
    Arguments
        ErrorOnTimeout: False
        SubscriptionId: e2af4dfb-ea0b-435d-a6b2-709151a3d417
        Timeout: 00:00:59
        Rename: False
        MoveFileToDirectory: 
        IsImplicitlyCancellable: True
}
3: Activity [1] "GetNextFileActivity" scheduled child activity [1.1] "Sequence"
4: Activity [1.1] "Sequence" is Executing
{
    Variables
        _5ef1bf98_84fe_487c_bb8a_8079780ebfc1_213: Rename
}
5: Activity [1.1] "Sequence" scheduled child activity [1.26] "GetNextFile1"
6: Activity [1.26] "GetNextFile1" is Executing
{
    Arguments
        ErrorOnTimeout: False
        SubscriptionId: e2af4dfb-ea0b-435d-a6b2-709151a3d417
        Timeout: 00:00:59
        IsImplicitlyCancellable: True
}
7: CustomTrackingRecord [1.26] "iCPSTraceTrackingRecord"
8: WorkflowInstance "GetNextFileActivity" is Idle
9: Bookmark "72137022-a6ed-41fa-9d04-4cb4e596f5f6" resumed with payload &lt;iCore.Workflow.Activities.Extensions.ItemSubscriptionEventArgs`1[iCore.Common.Utilities.FileSystemWatcher.FileSystemWatcherFileInfo]&gt; owner [1.26] "GetNextFile1"
10: CustomTrackingRecord [1.26] "iCPSTraceTrackingRecord"
11: Activity [1.26] "GetNextFile1" is Closed
{
    Arguments
        ErrorOnTimeout: False
        SubscriptionId: e2af4dfb-ea0b-435d-a6b2-709151a3d417
        FileName: file.name
        Timeout: 00:00:59
        FileFullName: a:\directory\path\file.name
        IsImplicitlyCancellable: True
        WatchType: Rename
}
12: Activity [1.1] "Sequence" scheduled child activity [1.19] "AssignProcessingFileName1"
13: Activity [1.19] "AssignProcessingFileName1" is Executing
{
    Arguments
        Value: file.name
}
14: Activity [1.19] "AssignProcessingFileName1" is Closed
{
    Arguments
        Value: file.name
        To: file.name
}
15: Activity [1.1] "Sequence" scheduled child activity [1.11] "AssignProcessingFilePath1"
16: Activity [1.11] "AssignProcessingFilePath1" is Executing
{
    Arguments
        Value: a:\directory\path\file.name
}
17: Activity [1.11] "AssignProcessingFilePath1" is Closed
{
    Arguments
        Value: a:\directory\path\file.name
        To: a:\directory\path\file.name
}
18: Activity [1.1] "Sequence" scheduled child activity [1.2] "RenameFileCheck1"
19: Activity [1.2] "RenameFileCheck1" is Executing
{
    Arguments
        Condition: False
}
20: Activity [1.2] "RenameFileCheck1" is Closed
{
    Arguments
        Condition: False
}
21: Activity [1.1] "Sequence" is Closed
{
    Variables
        _5ef1bf98_84fe_487c_bb8a_8079780ebfc1_214: Rename
}
22: Activity [1] "GetNextFileActivity" is Closed
{
    Arguments
        ErrorOnTimeout: False
        SubscriptionId: e2af4dfb-ea0b-435d-a6b2-709151a3d417
        Timeout: 00:00:59
        Rename: False
        OriginalFileName: file.name
        ProcessingFilePath: a:\directory\path\file.name
        MoveFileToDirectory: 
        IsImplicitlyCancellable: True
        ProcessingFileName: file.name
        OriginalFilePath: a:\directory\path\file.name
}
23: WorkflowInstance "GetNextFileActivity" is Completed</StdOut>
      </Output>
    </UnitTestResult>
    <UnitTestResult executionId="4a9e81b9-cdd6-43ee-a082-50484a57bb5a" testId="d9c38364-b5c0-b9e8-2ad1-e9a140498844" testName="Invoke_RenameNoMove_OutArgumentOriginalFileNameIsExpected" computerName="ICSWS068" duration="00:00:00.0070749" startTime="2016-08-04T09:58:42.7416356+02:00" endTime="2016-08-04T09:58:42.7496408+02:00" testType="13cdc9d9-ddb5-4fa4-a97d-d965ccfc6d4b" outcome="Passed" testListId="8c84fa94-04c1-424b-9868-57a2d4851a1d" relativeResultsDirectory="4a9e81b9-cdd6-43ee-a082-50484a57bb5a">
      <Output>
        <StdOut>Debug Trace:
0: WorkflowInstance "GetNextFileActivity" is Started
1: Activity [null] "null" scheduled child activity [1] "GetNextFileActivity"
2: Activity [1] "GetNextFileActivity" is Executing
{
    Arguments
        ErrorOnTimeout: False
        SubscriptionId: 999d1b8a-64b4-4c15-a524-4799ce84349c
        Timeout: 00:00:59
        Rename: True
        MoveFileToDirectory: 
        IsImplicitlyCancellable: True
}
3: Activity [1] "GetNextFileActivity" scheduled child activity [1.1] "Sequence"
4: Activity [1.1] "Sequence" is Executing
{
    Variables
        _5ef1bf98_84fe_487c_bb8a_8079780ebfc1_215: Rename
}
5: Activity [1.1] "Sequence" scheduled child activity [1.26] "GetNextFile1"
6: Activity [1.26] "GetNextFile1" is Executing
{
    Arguments
        ErrorOnTimeout: False
        SubscriptionId: 999d1b8a-64b4-4c15-a524-4799ce84349c
        Timeout: 00:00:59
        IsImplicitlyCancellable: True
}
7: CustomTrackingRecord [1.26] "iCPSTraceTrackingRecord"
8: WorkflowInstance "GetNextFileActivity" is Idle
9: Bookmark "d68e0e3d-abe4-4ccb-af79-b6b4c1ae1d00" resumed with payload &lt;iCore.Workflow.Activities.Extensions.ItemSubscriptionEventArgs`1[iCore.Common.Utilities.FileSystemWatcher.FileSystemWatcherFileInfo]&gt; owner [1.26] "GetNextFile1"
10: CustomTrackingRecord [1.26] "iCPSTraceTrackingRecord"
11: Activity [1.26] "GetNextFile1" is Closed
{
    Arguments
        ErrorOnTimeout: False
        SubscriptionId: 999d1b8a-64b4-4c15-a524-4799ce84349c
        FileName: file.name
        Timeout: 00:00:59
        FileFullName: a:\directory\path\file.name
        IsImplicitlyCancellable: True
        WatchType: Rename
}
12: Activity [1.1] "Sequence" scheduled child activity [1.19] "AssignProcessingFileName1"
13: Activity [1.19] "AssignProcessingFileName1" is Executing
{
    Arguments
        Value: file.name_temp
}
14: Activity [1.19] "AssignProcessingFileName1" is Closed
{
    Arguments
        Value: file.name_temp
        To: file.name_temp
}
15: Activity [1.1] "Sequence" scheduled child activity [1.11] "AssignProcessingFilePath1"
16: Activity [1.11] "AssignProcessingFilePath1" is Executing
{
    Arguments
        Value: a:\directory\path\file.name_temp
}
17: Activity [1.11] "AssignProcessingFilePath1" is Closed
{
    Arguments
        Value: a:\directory\path\file.name_temp
        To: a:\directory\path\file.name_temp
}
18: Activity [1.1] "Sequence" scheduled child activity [1.2] "RenameFileCheck1"
19: Activity [1.2] "RenameFileCheck1" is Executing
{
    Arguments
        Condition: True
}
20: Activity [1.2] "RenameFileCheck1" scheduled child activity [1.6] "RenameFile1"
21: Activity [1.6] "RenameFile1" is Executing
{
    Arguments
        NewFilename: a:\directory\path\file.name_temp
        OldFilename: a:\directory\path\file.name
}
22: WorkflowInstance "GetNextFileActivity" is Idle
23: Activity [1.6] "RenameFile1" is Closed
{
    Arguments
        NewFilename: a:\directory\path\file.name_temp
        OldFilename: a:\directory\path\file.name
}
24: Activity [1.2] "RenameFileCheck1" is Closed
{
    Arguments
        Condition: True
}
25: Activity [1.1] "Sequence" is Closed
{
    Variables
        _5ef1bf98_84fe_487c_bb8a_8079780ebfc1_216: Rename
}
26: Activity [1] "GetNextFileActivity" is Closed
{
    Arguments
        ErrorOnTimeout: False
        SubscriptionId: 999d1b8a-64b4-4c15-a524-4799ce84349c
        Timeout: 00:00:59
        Rename: True
        OriginalFileName: file.name
        ProcessingFilePath: a:\directory\path\file.name_temp
        MoveFileToDirectory: 
        IsImplicitlyCancellable: True
        ProcessingFileName: file.name_temp
        OriginalFilePath: a:\directory\path\file.name
}
27: WorkflowInstance "GetNextFileActivity" is Completed</StdOut>
      </Output>
    </UnitTestResult>
    <UnitTestResult executionId="b6929ed7-607b-451b-b0f1-2a202f68e612" testId="b883db37-c7e7-dd61-3e75-f619225af0b4" testName="Invoke_RenameNoMove_OutArgumentOriginalFilePathIsExpected" computerName="ICSWS068" duration="00:00:00.0073608" startTime="2016-08-04T09:58:42.7521583+02:00" endTime="2016-08-04T09:58:42.7654968+02:00" testType="13cdc9d9-ddb5-4fa4-a97d-d965ccfc6d4b" outcome="Passed" testListId="8c84fa94-04c1-424b-9868-57a2d4851a1d" relativeResultsDirectory="b6929ed7-607b-451b-b0f1-2a202f68e612">
      <Output>
        <StdOut>Debug Trace:
0: WorkflowInstance "GetNextFileActivity" is Started
1: Activity [null] "null" scheduled child activity [1] "GetNextFileActivity"
2: Activity [1] "GetNextFileActivity" is Executing
{
    Arguments
        ErrorOnTimeout: False
        SubscriptionId: ddf30843-5255-443a-9c8d-f2c54cbad4bc
        Timeout: 00:00:59
        Rename: True
        MoveFileToDirectory: 
        IsImplicitlyCancellable: True
}
3: Activity [1] "GetNextFileActivity" scheduled child activity [1.1] "Sequence"
4: Activity [1.1] "Sequence" is Executing
{
    Variables
        _5ef1bf98_84fe_487c_bb8a_8079780ebfc1_217: Rename
}
5: Activity [1.1] "Sequence" scheduled child activity [1.26] "GetNextFile1"
6: Activity [1.26] "GetNextFile1" is Executing
{
    Arguments
        ErrorOnTimeout: False
        SubscriptionId: ddf30843-5255-443a-9c8d-f2c54cbad4bc
        Timeout: 00:00:59
        IsImplicitlyCancellable: True
}
7: CustomTrackingRecord [1.26] "iCPSTraceTrackingRecord"
8: WorkflowInstance "GetNextFileActivity" is Idle
9: Bookmark "cc481b98-5bc7-4fdd-8c1b-0866edd030d7" resumed with payload &lt;iCore.Workflow.Activities.Extensions.ItemSubscriptionEventArgs`1[iCore.Common.Utilities.FileSystemWatcher.FileSystemWatcherFileInfo]&gt; owner [1.26] "GetNextFile1"
10: CustomTrackingRecord [1.26] "iCPSTraceTrackingRecord"
11: Activity [1.26] "GetNextFile1" is Closed
{
    Arguments
        ErrorOnTimeout: False
        SubscriptionId: ddf30843-5255-443a-9c8d-f2c54cbad4bc
        FileName: file.name
        Timeout: 00:00:59
        FileFullName: a:\directory\path\file.name
        IsImplicitlyCancellable: True
        WatchType: Rename
}
12: Activity [1.1] "Sequence" scheduled child activity [1.19] "AssignProcessingFileName1"
13: Activity [1.19] "AssignProcessingFileName1" is Executing
{
    Arguments
        Value: file.name_temp
}
14: Activity [1.19] "AssignProcessingFileName1" is Closed
{
    Arguments
        Value: file.name_temp
        To: file.name_temp
}
15: Activity [1.1] "Sequence" scheduled child activity [1.11] "AssignProcessingFilePath1"
16: Activity [1.11] "AssignProcessingFilePath1" is Executing
{
    Arguments
        Value: a:\directory\path\file.name_temp
}
17: Activity [1.11] "AssignProcessingFilePath1" is Closed
{
    Arguments
        Value: a:\directory\path\file.name_temp
        To: a:\directory\path\file.name_temp
}
18: Activity [1.1] "Sequence" scheduled child activity [1.2] "RenameFileCheck1"
19: Activity [1.2] "RenameFileCheck1" is Executing
{
    Arguments
        Condition: True
}
20: Activity [1.2] "RenameFileCheck1" scheduled child activity [1.6] "RenameFile1"
21: Activity [1.6] "RenameFile1" is Executing
{
    Arguments
        NewFilename: a:\directory\path\file.name_temp
        OldFilename: a:\directory\path\file.name
}
22: WorkflowInstance "GetNextFileActivity" is Idle
23: Activity [1.6] "RenameFile1" is Closed
{
    Arguments
        NewFilename: a:\directory\path\file.name_temp
        OldFilename: a:\directory\path\file.name
}
24: Activity [1.2] "RenameFileCheck1" is Closed
{
    Arguments
        Condition: True
}
25: Activity [1.1] "Sequence" is Closed
{
    Variables
        _5ef1bf98_84fe_487c_bb8a_8079780ebfc1_218: Rename
}
26: Activity [1] "GetNextFileActivity" is Closed
{
    Arguments
        ErrorOnTimeout: False
        SubscriptionId: ddf30843-5255-443a-9c8d-f2c54cbad4bc
        Timeout: 00:00:59
        Rename: True
        OriginalFileName: file.name
        ProcessingFilePath: a:\directory\path\file.name_temp
        MoveFileToDirectory: 
        IsImplicitlyCancellable: True
        ProcessingFileName: file.name_temp
        OriginalFilePath: a:\directory\path\file.name
}
27: WorkflowInstance "GetNextFileActivity" is Completed</StdOut>
      </Output>
    </UnitTestResult>
    <UnitTestResult executionId="37be77b0-d76d-4ec1-8ef1-83b37ee86523" testId="06d0c6f3-c267-affd-7754-4a3487cff715" testName="Invoke_RenameNoMove_OutArgumentProcessingFileNameIsExpected" computerName="ICSWS068" duration="00:00:00.0061083" startTime="2016-08-04T09:58:42.7684988+02:00" endTime="2016-08-04T09:58:42.7760039+02:00" testType="13cdc9d9-ddb5-4fa4-a97d-d965ccfc6d4b" outcome="Passed" testListId="8c84fa94-04c1-424b-9868-57a2d4851a1d" relativeResultsDirectory="37be77b0-d76d-4ec1-8ef1-83b37ee86523">
      <Output>
        <StdOut>Debug Trace:
0: WorkflowInstance "GetNextFileActivity" is Started
1: Activity [null] "null" scheduled child activity [1] "GetNextFileActivity"
2: Activity [1] "GetNextFileActivity" is Executing
{
    Arguments
        ErrorOnTimeout: False
        SubscriptionId: bb927d03-6dca-4ef4-a59d-01b445b4e104
        Timeout: 00:00:59
        Rename: True
        MoveFileToDirectory: 
        IsImplicitlyCancellable: True
}
3: Activity [1] "GetNextFileActivity" scheduled child activity [1.1] "Sequence"
4: Activity [1.1] "Sequence" is Executing
{
    Variables
        _5ef1bf98_84fe_487c_bb8a_8079780ebfc1_219: Rename
}
5: Activity [1.1] "Sequence" scheduled child activity [1.26] "GetNextFile1"
6: Activity [1.26] "GetNextFile1" is Executing
{
    Arguments
        ErrorOnTimeout: False
        SubscriptionId: bb927d03-6dca-4ef4-a59d-01b445b4e104
        Timeout: 00:00:59
        IsImplicitlyCancellable: True
}
7: CustomTrackingRecord [1.26] "iCPSTraceTrackingRecord"
8: WorkflowInstance "GetNextFileActivity" is Idle
9: Bookmark "c22cbf84-72ae-44e6-93df-9e9e13e04677" resumed with payload &lt;iCore.Workflow.Activities.Extensions.ItemSubscriptionEventArgs`1[iCore.Common.Utilities.FileSystemWatcher.FileSystemWatcherFileInfo]&gt; owner [1.26] "GetNextFile1"
10: CustomTrackingRecord [1.26] "iCPSTraceTrackingRecord"
11: Activity [1.26] "GetNextFile1" is Closed
{
    Arguments
        ErrorOnTimeout: False
        SubscriptionId: bb927d03-6dca-4ef4-a59d-01b445b4e104
        FileName: file.name
        Timeout: 00:00:59
        FileFullName: a:\directory\path\file.name
        IsImplicitlyCancellable: True
        WatchType: Rename
}
12: Activity [1.1] "Sequence" scheduled child activity [1.19] "AssignProcessingFileName1"
13: Activity [1.19] "AssignProcessingFileName1" is Executing
{
    Arguments
        Value: file.name_temp
}
14: Activity [1.19] "AssignProcessingFileName1" is Closed
{
    Arguments
        Value: file.name_temp
        To: file.name_temp
}
15: Activity [1.1] "Sequence" scheduled child activity [1.11] "AssignProcessingFilePath1"
16: Activity [1.11] "AssignProcessingFilePath1" is Executing
{
    Arguments
        Value: a:\directory\path\file.name_temp
}
17: Activity [1.11] "AssignProcessingFilePath1" is Closed
{
    Arguments
        Value: a:\directory\path\file.name_temp
        To: a:\directory\path\file.name_temp
}
18: Activity [1.1] "Sequence" scheduled child activity [1.2] "RenameFileCheck1"
19: Activity [1.2] "RenameFileCheck1" is Executing
{
    Arguments
        Condition: True
}
20: Activity [1.2] "RenameFileCheck1" scheduled child activity [1.6] "RenameFile1"
21: Activity [1.6] "RenameFile1" is Executing
{
    Arguments
        NewFilename: a:\directory\path\file.name_temp
        OldFilename: a:\directory\path\file.name
}
22: WorkflowInstance "GetNextFileActivity" is Idle
23: Activity [1.6] "RenameFile1" is Closed
{
    Arguments
        NewFilename: a:\directory\path\file.name_temp
        OldFilename: a:\directory\path\file.name
}
24: Activity [1.2] "RenameFileCheck1" is Closed
{
    Arguments
        Condition: True
}
25: Activity [1.1] "Sequence" is Closed
{
    Variables
        _5ef1bf98_84fe_487c_bb8a_8079780ebfc1_220: Rename
}
26: Activity [1] "GetNextFileActivity" is Closed
{
    Arguments
        ErrorOnTimeout: False
        SubscriptionId: bb927d03-6dca-4ef4-a59d-01b445b4e104
        Timeout: 00:00:59
        Rename: True
        OriginalFileName: file.name
        ProcessingFilePath: a:\directory\path\file.name_temp
        MoveFileToDirectory: 
        IsImplicitlyCancellable: True
        ProcessingFileName: file.name_temp
        OriginalFilePath: a:\directory\path\file.name
}
27: WorkflowInstance "GetNextFileActivity" is Completed</StdOut>
      </Output>
    </UnitTestResult>
    <UnitTestResult executionId="38b0d36f-ed3f-491d-8f5b-a8ce278224ef" testId="8af7c98b-862b-5581-5b88-cbd5453d27c2" testName="Invoke_RenameNoMove_OutArgumentProcessingFilePathIsExpected" computerName="ICSWS068" duration="00:00:00.0061054" startTime="2016-08-04T09:58:42.7790065+02:00" endTime="2016-08-04T09:58:42.7865117+02:00" testType="13cdc9d9-ddb5-4fa4-a97d-d965ccfc6d4b" outcome="Passed" testListId="8c84fa94-04c1-424b-9868-57a2d4851a1d" relativeResultsDirectory="38b0d36f-ed3f-491d-8f5b-a8ce278224ef">
      <Output>
        <StdOut>Debug Trace:
0: WorkflowInstance "GetNextFileActivity" is Started
1: Activity [null] "null" scheduled child activity [1] "GetNextFileActivity"
2: Activity [1] "GetNextFileActivity" is Executing
{
    Arguments
        ErrorOnTimeout: False
        SubscriptionId: 03d371fe-4466-4d59-8a48-7982937eecf8
        Timeout: 00:00:59
        Rename: True
        MoveFileToDirectory: 
        IsImplicitlyCancellable: True
}
3: Activity [1] "GetNextFileActivity" scheduled child activity [1.1] "Sequence"
4: Activity [1.1] "Sequence" is Executing
{
    Variables
        _5ef1bf98_84fe_487c_bb8a_8079780ebfc1_221: Rename
}
5: Activity [1.1] "Sequence" scheduled child activity [1.26] "GetNextFile1"
6: Activity [1.26] "GetNextFile1" is Executing
{
    Arguments
        ErrorOnTimeout: False
        SubscriptionId: 03d371fe-4466-4d59-8a48-7982937eecf8
        Timeout: 00:00:59
        IsImplicitlyCancellable: True
}
7: CustomTrackingRecord [1.26] "iCPSTraceTrackingRecord"
8: WorkflowInstance "GetNextFileActivity" is Idle
9: Bookmark "e8485f60-1f6a-489c-a312-31962f562038" resumed with payload &lt;iCore.Workflow.Activities.Extensions.ItemSubscriptionEventArgs`1[iCore.Common.Utilities.FileSystemWatcher.FileSystemWatcherFileInfo]&gt; owner [1.26] "GetNextFile1"
10: CustomTrackingRecord [1.26] "iCPSTraceTrackingRecord"
11: Activity [1.26] "GetNextFile1" is Closed
{
    Arguments
        ErrorOnTimeout: False
        SubscriptionId: 03d371fe-4466-4d59-8a48-7982937eecf8
        FileName: file.name
        Timeout: 00:00:59
        FileFullName: a:\directory\path\file.name
        IsImplicitlyCancellable: True
        WatchType: Rename
}
12: Activity [1.1] "Sequence" scheduled child activity [1.19] "AssignProcessingFileName1"
13: Activity [1.19] "AssignProcessingFileName1" is Executing
{
    Arguments
        Value: file.name_temp
}
14: Activity [1.19] "AssignProcessingFileName1" is Closed
{
    Arguments
        Value: file.name_temp
        To: file.name_temp
}
15: Activity [1.1] "Sequence" scheduled child activity [1.11] "AssignProcessingFilePath1"
16: Activity [1.11] "AssignProcessingFilePath1" is Executing
{
    Arguments
        Value: a:\directory\path\file.name_temp
}
17: Activity [1.11] "AssignProcessingFilePath1" is Closed
{
    Arguments
        Value: a:\directory\path\file.name_temp
        To: a:\directory\path\file.name_temp
}
18: Activity [1.1] "Sequence" scheduled child activity [1.2] "RenameFileCheck1"
19: Activity [1.2] "RenameFileCheck1" is Executing
{
    Arguments
        Condition: True
}
20: Activity [1.2] "RenameFileCheck1" scheduled child activity [1.6] "RenameFile1"
21: Activity [1.6] "RenameFile1" is Executing
{
    Arguments
        NewFilename: a:\directory\path\file.name_temp
        OldFilename: a:\directory\path\file.name
}
22: WorkflowInstance "GetNextFileActivity" is Idle
23: Activity [1.6] "RenameFile1" is Closed
{
    Arguments
        NewFilename: a:\directory\path\file.name_temp
        OldFilename: a:\directory\path\file.name
}
24: Activity [1.2] "RenameFileCheck1" is Closed
{
    Arguments
        Condition: True
}
25: Activity [1.1] "Sequence" is Closed
{
    Variables
        _5ef1bf98_84fe_487c_bb8a_8079780ebfc1_222: Rename
}
26: Activity [1] "GetNextFileActivity" is Closed
{
    Arguments
        ErrorOnTimeout: False
        SubscriptionId: 03d371fe-4466-4d59-8a48-7982937eecf8
        Timeout: 00:00:59
        Rename: True
        OriginalFileName: file.name
        ProcessingFilePath: a:\directory\path\file.name_temp
        MoveFileToDirectory: 
        IsImplicitlyCancellable: True
        ProcessingFileName: file.name_temp
        OriginalFilePath: a:\directory\path\file.name
}
27: WorkflowInstance "GetNextFileActivity" is Completed</StdOut>
      </Output>
    </UnitTestResult>
    <UnitTestResult executionId="57365b77-6252-4113-8730-b26359571380" testId="c580ab63-0397-52c0-c033-50e5970b9897" testName="Invoke_RenameMove_OutArgumentOriginalFileNameIsExpected" computerName="ICSWS068" duration="00:00:00.0064790" startTime="2016-08-04T09:58:42.7890134+02:00" endTime="2016-08-04T09:58:42.7970194+02:00" testType="13cdc9d9-ddb5-4fa4-a97d-d965ccfc6d4b" outcome="Passed" testListId="8c84fa94-04c1-424b-9868-57a2d4851a1d" relativeResultsDirectory="57365b77-6252-4113-8730-b26359571380">
      <Output>
        <StdOut>Debug Trace:
0: WorkflowInstance "GetNextFileActivity" is Started
1: Activity [null] "null" scheduled child activity [1] "GetNextFileActivity"
2: Activity [1] "GetNextFileActivity" is Executing
{
    Arguments
        ErrorOnTimeout: False
        SubscriptionId: a7ad3460-70de-4f8a-8988-d42660fcef87
        Timeout: 00:00:59
        Rename: True
        MoveFileToDirectory: 
        IsImplicitlyCancellable: True
}
3: Activity [1] "GetNextFileActivity" scheduled child activity [1.1] "Sequence"
4: Activity [1.1] "Sequence" is Executing
{
    Variables
        _5ef1bf98_84fe_487c_bb8a_8079780ebfc1_223: Rename
}
5: Activity [1.1] "Sequence" scheduled child activity [1.26] "GetNextFile1"
6: Activity [1.26] "GetNextFile1" is Executing
{
    Arguments
        ErrorOnTimeout: False
        SubscriptionId: a7ad3460-70de-4f8a-8988-d42660fcef87
        Timeout: 00:00:59
        IsImplicitlyCancellable: True
}
7: CustomTrackingRecord [1.26] "iCPSTraceTrackingRecord"
8: WorkflowInstance "GetNextFileActivity" is Idle
9: Bookmark "976144cc-44b8-43c6-8242-befc140a3830" resumed with payload &lt;iCore.Workflow.Activities.Extensions.ItemSubscriptionEventArgs`1[iCore.Common.Utilities.FileSystemWatcher.FileSystemWatcherFileInfo]&gt; owner [1.26] "GetNextFile1"
10: CustomTrackingRecord [1.26] "iCPSTraceTrackingRecord"
11: Activity [1.26] "GetNextFile1" is Closed
{
    Arguments
        ErrorOnTimeout: False
        SubscriptionId: a7ad3460-70de-4f8a-8988-d42660fcef87
        FileName: file.name
        Timeout: 00:00:59
        FileFullName: a:\directory\path\file.name
        IsImplicitlyCancellable: True
        WatchType: Rename
}
12: Activity [1.1] "Sequence" scheduled child activity [1.19] "AssignProcessingFileName1"
13: Activity [1.19] "AssignProcessingFileName1" is Executing
{
    Arguments
        Value: file.name_temp
}
14: Activity [1.19] "AssignProcessingFileName1" is Closed
{
    Arguments
        Value: file.name_temp
        To: file.name_temp
}
15: Activity [1.1] "Sequence" scheduled child activity [1.11] "AssignProcessingFilePath1"
16: Activity [1.11] "AssignProcessingFilePath1" is Executing
{
    Arguments
        Value: a:\directory\path\file.name_temp
}
17: Activity [1.11] "AssignProcessingFilePath1" is Closed
{
    Arguments
        Value: a:\directory\path\file.name_temp
        To: a:\directory\path\file.name_temp
}
18: Activity [1.1] "Sequence" scheduled child activity [1.2] "RenameFileCheck1"
19: Activity [1.2] "RenameFileCheck1" is Executing
{
    Arguments
        Condition: True
}
20: Activity [1.2] "RenameFileCheck1" scheduled child activity [1.6] "RenameFile1"
21: Activity [1.6] "RenameFile1" is Executing
{
    Arguments
        NewFilename: a:\directory\path\file.name_temp
        OldFilename: a:\directory\path\file.name
}
22: WorkflowInstance "GetNextFileActivity" is Idle
23: Activity [1.6] "RenameFile1" is Closed
{
    Arguments
        NewFilename: a:\directory\path\file.name_temp
        OldFilename: a:\directory\path\file.name
}
24: Activity [1.2] "RenameFileCheck1" is Closed
{
    Arguments
        Condition: True
}
25: Activity [1.1] "Sequence" is Closed
{
    Variables
        _5ef1bf98_84fe_487c_bb8a_8079780ebfc1_224: Rename
}
26: Activity [1] "GetNextFileActivity" is Closed
{
    Arguments
        ErrorOnTimeout: False
        SubscriptionId: a7ad3460-70de-4f8a-8988-d42660fcef87
        Timeout: 00:00:59
        Rename: True
        OriginalFileName: file.name
        ProcessingFilePath: a:\directory\path\file.name_temp
        MoveFileToDirectory: 
        IsImplicitlyCancellable: True
        ProcessingFileName: file.name_temp
        OriginalFilePath: a:\directory\path\file.name
}
27: WorkflowInstance "GetNextFileActivity" is Completed</StdOut>
      </Output>
    </UnitTestResult>
    <UnitTestResult executionId="6865dd53-c2c2-4f79-9b0a-639e1884cbb9" testId="9920af9c-e6af-52b6-8ac7-ac966786752b" testName="Invoke_RenameMove_OutArgumentOriginalFilePathIsExpected" computerName="ICSWS068" duration="00:00:00.0061963" startTime="2016-08-04T09:58:42.8010226+02:00" endTime="2016-08-04T09:58:42.8080274+02:00" testType="13cdc9d9-ddb5-4fa4-a97d-d965ccfc6d4b" outcome="Passed" testListId="8c84fa94-04c1-424b-9868-57a2d4851a1d" relativeResultsDirectory="6865dd53-c2c2-4f79-9b0a-639e1884cbb9">
      <Output>
        <StdOut>Debug Trace:
0: WorkflowInstance "GetNextFileActivity" is Started
1: Activity [null] "null" scheduled child activity [1] "GetNextFileActivity"
2: Activity [1] "GetNextFileActivity" is Executing
{
    Arguments
        ErrorOnTimeout: False
        SubscriptionId: d38c930b-bfd3-4b59-b4a1-206314451cd5
        Timeout: 00:00:59
        Rename: True
        MoveFileToDirectory: 
        IsImplicitlyCancellable: True
}
3: Activity [1] "GetNextFileActivity" scheduled child activity [1.1] "Sequence"
4: Activity [1.1] "Sequence" is Executing
{
    Variables
        _5ef1bf98_84fe_487c_bb8a_8079780ebfc1_225: Rename
}
5: Activity [1.1] "Sequence" scheduled child activity [1.26] "GetNextFile1"
6: Activity [1.26] "GetNextFile1" is Executing
{
    Arguments
        ErrorOnTimeout: False
        SubscriptionId: d38c930b-bfd3-4b59-b4a1-206314451cd5
        Timeout: 00:00:59
        IsImplicitlyCancellable: True
}
7: CustomTrackingRecord [1.26] "iCPSTraceTrackingRecord"
8: WorkflowInstance "GetNextFileActivity" is Idle
9: Bookmark "f71560f1-1f0f-49db-ab98-1eb9ef2ca11c" resumed with payload &lt;iCore.Workflow.Activities.Extensions.ItemSubscriptionEventArgs`1[iCore.Common.Utilities.FileSystemWatcher.FileSystemWatcherFileInfo]&gt; owner [1.26] "GetNextFile1"
10: CustomTrackingRecord [1.26] "iCPSTraceTrackingRecord"
11: Activity [1.26] "GetNextFile1" is Closed
{
    Arguments
        ErrorOnTimeout: False
        SubscriptionId: d38c930b-bfd3-4b59-b4a1-206314451cd5
        FileName: file.name
        Timeout: 00:00:59
        FileFullName: a:\directory\path\file.name
        IsImplicitlyCancellable: True
        WatchType: Rename
}
12: Activity [1.1] "Sequence" scheduled child activity [1.19] "AssignProcessingFileName1"
13: Activity [1.19] "AssignProcessingFileName1" is Executing
{
    Arguments
        Value: file.name_temp
}
14: Activity [1.19] "AssignProcessingFileName1" is Closed
{
    Arguments
        Value: file.name_temp
        To: file.name_temp
}
15: Activity [1.1] "Sequence" scheduled child activity [1.11] "AssignProcessingFilePath1"
16: Activity [1.11] "AssignProcessingFilePath1" is Executing
{
    Arguments
        Value: a:\directory\path\file.name_temp
}
17: Activity [1.11] "AssignProcessingFilePath1" is Closed
{
    Arguments
        Value: a:\directory\path\file.name_temp
        To: a:\directory\path\file.name_temp
}
18: Activity [1.1] "Sequence" scheduled child activity [1.2] "RenameFileCheck1"
19: Activity [1.2] "RenameFileCheck1" is Executing
{
    Arguments
        Condition: True
}
20: Activity [1.2] "RenameFileCheck1" scheduled child activity [1.6] "RenameFile1"
21: Activity [1.6] "RenameFile1" is Executing
{
    Arguments
        NewFilename: a:\directory\path\file.name_temp
        OldFilename: a:\directory\path\file.name
}
22: WorkflowInstance "GetNextFileActivity" is Idle
23: Activity [1.6] "RenameFile1" is Closed
{
    Arguments
        NewFilename: a:\directory\path\file.name_temp
        OldFilename: a:\directory\path\file.name
}
24: Activity [1.2] "RenameFileCheck1" is Closed
{
    Arguments
        Condition: True
}
25: Activity [1.1] "Sequence" is Closed
{
    Variables
        _5ef1bf98_84fe_487c_bb8a_8079780ebfc1_226: Rename
}
26: Activity [1] "GetNextFileActivity" is Closed
{
    Arguments
        ErrorOnTimeout: False
        SubscriptionId: d38c930b-bfd3-4b59-b4a1-206314451cd5
        Timeout: 00:00:59
        Rename: True
        OriginalFileName: file.name
        ProcessingFilePath: a:\directory\path\file.name_temp
        MoveFileToDirectory: 
        IsImplicitlyCancellable: True
        ProcessingFileName: file.name_temp
        OriginalFilePath: a:\directory\path\file.name
}
27: WorkflowInstance "GetNextFileActivity" is Completed</StdOut>
      </Output>
    </UnitTestResult>
    <UnitTestResult executionId="e0ead102-e534-44f6-9c48-3adf0efc584b" testId="33fb48f3-f70e-9e53-a4bc-71fdd0f437e8" testName="Invoke_RenameMove_OutArgumentProcessingFileNameIsExpected" computerName="ICSWS068" duration="00:00:00.0060805" startTime="2016-08-04T09:58:42.8110294+02:00" endTime="2016-08-04T09:58:42.8180346+02:00" testType="13cdc9d9-ddb5-4fa4-a97d-d965ccfc6d4b" outcome="Passed" testListId="8c84fa94-04c1-424b-9868-57a2d4851a1d" relativeResultsDirectory="e0ead102-e534-44f6-9c48-3adf0efc584b">
      <Output>
        <StdOut>Debug Trace:
0: WorkflowInstance "GetNextFileActivity" is Started
1: Activity [null] "null" scheduled child activity [1] "GetNextFileActivity"
2: Activity [1] "GetNextFileActivity" is Executing
{
    Arguments
        ErrorOnTimeout: False
        SubscriptionId: c88cf5bc-ad9c-4e5a-97a7-4747140d8d9b
        Timeout: 00:00:59
        Rename: True
        MoveFileToDirectory: 
        IsImplicitlyCancellable: True
}
3: Activity [1] "GetNextFileActivity" scheduled child activity [1.1] "Sequence"
4: Activity [1.1] "Sequence" is Executing
{
    Variables
        _5ef1bf98_84fe_487c_bb8a_8079780ebfc1_227: Rename
}
5: Activity [1.1] "Sequence" scheduled child activity [1.26] "GetNextFile1"
6: Activity [1.26] "GetNextFile1" is Executing
{
    Arguments
        ErrorOnTimeout: False
        SubscriptionId: c88cf5bc-ad9c-4e5a-97a7-4747140d8d9b
        Timeout: 00:00:59
        IsImplicitlyCancellable: True
}
7: CustomTrackingRecord [1.26] "iCPSTraceTrackingRecord"
8: WorkflowInstance "GetNextFileActivity" is Idle
9: Bookmark "c20d4aba-b628-434e-8792-1021549398bc" resumed with payload &lt;iCore.Workflow.Activities.Extensions.ItemSubscriptionEventArgs`1[iCore.Common.Utilities.FileSystemWatcher.FileSystemWatcherFileInfo]&gt; owner [1.26] "GetNextFile1"
10: CustomTrackingRecord [1.26] "iCPSTraceTrackingRecord"
11: Activity [1.26] "GetNextFile1" is Closed
{
    Arguments
        ErrorOnTimeout: False
        SubscriptionId: c88cf5bc-ad9c-4e5a-97a7-4747140d8d9b
        FileName: file.name
        Timeout: 00:00:59
        FileFullName: a:\directory\path\file.name
        IsImplicitlyCancellable: True
        WatchType: Rename
}
12: Activity [1.1] "Sequence" scheduled child activity [1.19] "AssignProcessingFileName1"
13: Activity [1.19] "AssignProcessingFileName1" is Executing
{
    Arguments
        Value: file.name_temp
}
14: Activity [1.19] "AssignProcessingFileName1" is Closed
{
    Arguments
        Value: file.name_temp
        To: file.name_temp
}
15: Activity [1.1] "Sequence" scheduled child activity [1.11] "AssignProcessingFilePath1"
16: Activity [1.11] "AssignProcessingFilePath1" is Executing
{
    Arguments
        Value: a:\directory\path\file.name_temp
}
17: Activity [1.11] "AssignProcessingFilePath1" is Closed
{
    Arguments
        Value: a:\directory\path\file.name_temp
        To: a:\directory\path\file.name_temp
}
18: Activity [1.1] "Sequence" scheduled child activity [1.2] "RenameFileCheck1"
19: Activity [1.2] "RenameFileCheck1" is Executing
{
    Arguments
        Condition: True
}
20: Activity [1.2] "RenameFileCheck1" scheduled child activity [1.6] "RenameFile1"
21: Activity [1.6] "RenameFile1" is Executing
{
    Arguments
        NewFilename: a:\directory\path\file.name_temp
        OldFilename: a:\directory\path\file.name
}
22: WorkflowInstance "GetNextFileActivity" is Idle
23: Activity [1.6] "RenameFile1" is Closed
{
    Arguments
        NewFilename: a:\directory\path\file.name_temp
        OldFilename: a:\directory\path\file.name
}
24: Activity [1.2] "RenameFileCheck1" is Closed
{
    Arguments
        Condition: True
}
25: Activity [1.1] "Sequence" is Closed
{
    Variables
        _5ef1bf98_84fe_487c_bb8a_8079780ebfc1_228: Rename
}
26: Activity [1] "GetNextFileActivity" is Closed
{
    Arguments
        ErrorOnTimeout: False
        SubscriptionId: c88cf5bc-ad9c-4e5a-97a7-4747140d8d9b
        Timeout: 00:00:59
        Rename: True
        OriginalFileName: file.name
        ProcessingFilePath: a:\directory\path\file.name_temp
        MoveFileToDirectory: 
        IsImplicitlyCancellable: True
        ProcessingFileName: file.name_temp
        OriginalFilePath: a:\directory\path\file.name
}
27: WorkflowInstance "GetNextFileActivity" is Completed</StdOut>
      </Output>
    </UnitTestResult>
    <UnitTestResult executionId="c083bc0f-a1af-4f03-9817-8711f7b47376" testId="cb739d29-5c57-4eac-4db1-0e9082fe50d1" testName="Invoke_RenameMove_OutArgumentProcessingFilePathIsExpected" computerName="ICSWS068" duration="00:00:00.0062156" startTime="2016-08-04T09:58:42.8210366+02:00" endTime="2016-08-04T09:58:42.8285421+02:00" testType="13cdc9d9-ddb5-4fa4-a97d-d965ccfc6d4b" outcome="Passed" testListId="8c84fa94-04c1-424b-9868-57a2d4851a1d" relativeResultsDirectory="c083bc0f-a1af-4f03-9817-8711f7b47376">
      <Output>
        <StdOut>Debug Trace:
0: WorkflowInstance "GetNextFileActivity" is Started
1: Activity [null] "null" scheduled child activity [1] "GetNextFileActivity"
2: Activity [1] "GetNextFileActivity" is Executing
{
    Arguments
        ErrorOnTimeout: False
        SubscriptionId: 9803ae8a-02fd-4396-aa94-b950937891bd
        Timeout: 00:00:59
        Rename: True
        MoveFileToDirectory: a:\nother\directory\path
        IsImplicitlyCancellable: True
}
3: Activity [1] "GetNextFileActivity" scheduled child activity [1.1] "Sequence"
4: Activity [1.1] "Sequence" is Executing
{
    Variables
        _5ef1bf98_84fe_487c_bb8a_8079780ebfc1_229: Rename
}
5: Activity [1.1] "Sequence" scheduled child activity [1.26] "GetNextFile1"
6: Activity [1.26] "GetNextFile1" is Executing
{
    Arguments
        ErrorOnTimeout: False
        SubscriptionId: 9803ae8a-02fd-4396-aa94-b950937891bd
        Timeout: 00:00:59
        IsImplicitlyCancellable: True
}
7: CustomTrackingRecord [1.26] "iCPSTraceTrackingRecord"
8: WorkflowInstance "GetNextFileActivity" is Idle
9: Bookmark "982defd8-675a-45ad-bfb1-58f4f09faae6" resumed with payload &lt;iCore.Workflow.Activities.Extensions.ItemSubscriptionEventArgs`1[iCore.Common.Utilities.FileSystemWatcher.FileSystemWatcherFileInfo]&gt; owner [1.26] "GetNextFile1"
10: CustomTrackingRecord [1.26] "iCPSTraceTrackingRecord"
11: Activity [1.26] "GetNextFile1" is Closed
{
    Arguments
        ErrorOnTimeout: False
        SubscriptionId: 9803ae8a-02fd-4396-aa94-b950937891bd
        FileName: file.name
        Timeout: 00:00:59
        FileFullName: a:\directory\path\file.name
        IsImplicitlyCancellable: True
        WatchType: Rename
}
12: Activity [1.1] "Sequence" scheduled child activity [1.19] "AssignProcessingFileName1"
13: Activity [1.19] "AssignProcessingFileName1" is Executing
{
    Arguments
        Value: file.name_temp
}
14: Activity [1.19] "AssignProcessingFileName1" is Closed
{
    Arguments
        Value: file.name_temp
        To: file.name_temp
}
15: Activity [1.1] "Sequence" scheduled child activity [1.11] "AssignProcessingFilePath1"
16: Activity [1.11] "AssignProcessingFilePath1" is Executing
{
    Arguments
        Value: a:\nother\directory\path\file.name_temp
}
17: Activity [1.11] "AssignProcessingFilePath1" is Closed
{
    Arguments
        Value: a:\nother\directory\path\file.name_temp
        To: a:\nother\directory\path\file.name_temp
}
18: Activity [1.1] "Sequence" scheduled child activity [1.2] "RenameFileCheck1"
19: Activity [1.2] "RenameFileCheck1" is Executing
{
    Arguments
        Condition: True
}
20: Activity [1.2] "RenameFileCheck1" scheduled child activity [1.6] "RenameFile1"
21: Activity [1.6] "RenameFile1" is Executing
{
    Arguments
        NewFilename: a:\nother\directory\path\file.name_temp
        OldFilename: a:\directory\path\file.name
}
22: WorkflowInstance "GetNextFileActivity" is Idle
23: Activity [1.6] "RenameFile1" is Closed
{
    Arguments
        NewFilename: a:\nother\directory\path\file.name_temp
        OldFilename: a:\directory\path\file.name
}
24: Activity [1.2] "RenameFileCheck1" is Closed
{
    Arguments
        Condition: True
}
25: Activity [1.1] "Sequence" is Closed
{
    Variables
        _5ef1bf98_84fe_487c_bb8a_8079780ebfc1_230: Rename
}
26: Activity [1] "GetNextFileActivity" is Closed
{
    Arguments
        ErrorOnTimeout: False
        SubscriptionId: 9803ae8a-02fd-4396-aa94-b950937891bd
        Timeout: 00:00:59
        Rename: True
        OriginalFileName: file.name
        ProcessingFilePath: a:\nother\directory\path\file.name_temp
        MoveFileToDirectory: a:\nother\directory\path
        IsImplicitlyCancellable: True
        ProcessingFileName: file.name_temp
        OriginalFilePath: a:\directory\path\file.name
}
27: WorkflowInstance "GetNextFileActivity" is Completed</StdOut>
      </Output>
    </UnitTestResult>
    <UnitTestResult executionId="4b1bc2aa-cbde-4027-9a75-1d910ba2df30" testId="f9394f8f-edf7-4396-0c86-707e435b870c" testName="Invoke_NoRenameMove_OutArgumentOriginalFileNameIsExpected" computerName="ICSWS068" duration="00:00:00.0054984" startTime="2016-08-04T09:58:42.8315441+02:00" endTime="2016-08-04T09:58:42.8385504+02:00" testType="13cdc9d9-ddb5-4fa4-a97d-d965ccfc6d4b" outcome="Passed" testListId="8c84fa94-04c1-424b-9868-57a2d4851a1d" relativeResultsDirectory="4b1bc2aa-cbde-4027-9a75-1d910ba2df30">
      <Output>
        <StdOut>Debug Trace:
0: WorkflowInstance "GetNextFileActivity" is Started
1: Activity [null] "null" scheduled child activity [1] "GetNextFileActivity"
2: Activity [1] "GetNextFileActivity" is Executing
{
    Arguments
        ErrorOnTimeout: False
        SubscriptionId: 72bbab22-1680-4039-8b4e-1a1aa6675e99
        Timeout: 00:00:59
        Rename: False
        MoveFileToDirectory: a:\nother\directory\path
        IsImplicitlyCancellable: True
}
3: Activity [1] "GetNextFileActivity" scheduled child activity [1.1] "Sequence"
4: Activity [1.1] "Sequence" is Executing
{
    Variables
        _5ef1bf98_84fe_487c_bb8a_8079780ebfc1_231: Rename
}
5: Activity [1.1] "Sequence" scheduled child activity [1.26] "GetNextFile1"
6: Activity [1.26] "GetNextFile1" is Executing
{
    Arguments
        ErrorOnTimeout: False
        SubscriptionId: 72bbab22-1680-4039-8b4e-1a1aa6675e99
        Timeout: 00:00:59
        IsImplicitlyCancellable: True
}
7: CustomTrackingRecord [1.26] "iCPSTraceTrackingRecord"
8: WorkflowInstance "GetNextFileActivity" is Idle
9: Bookmark "557353f1-258e-47a1-8046-7258edb585fb" resumed with payload &lt;iCore.Workflow.Activities.Extensions.ItemSubscriptionEventArgs`1[iCore.Common.Utilities.FileSystemWatcher.FileSystemWatcherFileInfo]&gt; owner [1.26] "GetNextFile1"
10: CustomTrackingRecord [1.26] "iCPSTraceTrackingRecord"
11: Activity [1.26] "GetNextFile1" is Closed
{
    Arguments
        ErrorOnTimeout: False
        SubscriptionId: 72bbab22-1680-4039-8b4e-1a1aa6675e99
        FileName: file.name
        Timeout: 00:00:59
        FileFullName: a:\directory\path\file.name
        IsImplicitlyCancellable: True
        WatchType: Rename
}
12: Activity [1.1] "Sequence" scheduled child activity [1.19] "AssignProcessingFileName1"
13: Activity [1.19] "AssignProcessingFileName1" is Executing
{
    Arguments
        Value: file.name
}
14: Activity [1.19] "AssignProcessingFileName1" is Closed
{
    Arguments
        Value: file.name
        To: file.name
}
15: Activity [1.1] "Sequence" scheduled child activity [1.11] "AssignProcessingFilePath1"
16: Activity [1.11] "AssignProcessingFilePath1" is Executing
{
    Arguments
        Value: a:\nother\directory\path\file.name
}
17: Activity [1.11] "AssignProcessingFilePath1" is Closed
{
    Arguments
        Value: a:\nother\directory\path\file.name
        To: a:\nother\directory\path\file.name
}
18: Activity [1.1] "Sequence" scheduled child activity [1.2] "RenameFileCheck1"
19: Activity [1.2] "RenameFileCheck1" is Executing
{
    Arguments
        Condition: True
}
20: Activity [1.2] "RenameFileCheck1" scheduled child activity [1.6] "RenameFile1"
21: Activity [1.6] "RenameFile1" is Executing
{
    Arguments
        NewFilename: a:\nother\directory\path\file.name
        OldFilename: a:\directory\path\file.name
}
22: WorkflowInstance "GetNextFileActivity" is Idle
23: Activity [1.6] "RenameFile1" is Closed
{
    Arguments
        NewFilename: a:\nother\directory\path\file.name
        OldFilename: a:\directory\path\file.name
}
24: Activity [1.2] "RenameFileCheck1" is Closed
{
    Arguments
        Condition: True
}
25: Activity [1.1] "Sequence" is Closed
{
    Variables
        _5ef1bf98_84fe_487c_bb8a_8079780ebfc1_232: Rename
}
26: Activity [1] "GetNextFileActivity" is Closed
{
    Arguments
        ErrorOnTimeout: False
        SubscriptionId: 72bbab22-1680-4039-8b4e-1a1aa6675e99
        Timeout: 00:00:59
        Rename: False
        OriginalFileName: file.name
        ProcessingFilePath: a:\nother\directory\path\file.name
        MoveFileToDirectory: a:\nother\directory\path
        IsImplicitlyCancellable: True
        ProcessingFileName: file.name
        OriginalFilePath: a:\directory\path\file.name
}
27: WorkflowInstance "GetNextFileActivity" is Completed</StdOut>
      </Output>
    </UnitTestResult>
    <UnitTestResult executionId="3f395662-ef50-444a-8f8b-abc001342893" testId="44ca1af9-9be5-6a26-8ab8-ea20e79b0580" testName="Invoke_NoRenameMove_OutArgumentOriginalFilePathIsExpected" computerName="ICSWS068" duration="00:00:00.0060620" startTime="2016-08-04T09:58:42.8410509+02:00" endTime="2016-08-04T09:58:42.8485939+02:00" testType="13cdc9d9-ddb5-4fa4-a97d-d965ccfc6d4b" outcome="Passed" testListId="8c84fa94-04c1-424b-9868-57a2d4851a1d" relativeResultsDirectory="3f395662-ef50-444a-8f8b-abc001342893">
      <Output>
        <StdOut>Debug Trace:
0: WorkflowInstance "GetNextFileActivity" is Started
1: Activity [null] "null" scheduled child activity [1] "GetNextFileActivity"
2: Activity [1] "GetNextFileActivity" is Executing
{
    Arguments
        ErrorOnTimeout: False
        SubscriptionId: 896b3e6a-f9af-43e7-a6e0-37a4938609d5
        Timeout: 00:00:59
        Rename: False
        MoveFileToDirectory: a:\nother\directory\path
        IsImplicitlyCancellable: True
}
3: Activity [1] "GetNextFileActivity" scheduled child activity [1.1] "Sequence"
4: Activity [1.1] "Sequence" is Executing
{
    Variables
        _5ef1bf98_84fe_487c_bb8a_8079780ebfc1_233: Rename
}
5: Activity [1.1] "Sequence" scheduled child activity [1.26] "GetNextFile1"
6: Activity [1.26] "GetNextFile1" is Executing
{
    Arguments
        ErrorOnTimeout: False
        SubscriptionId: 896b3e6a-f9af-43e7-a6e0-37a4938609d5
        Timeout: 00:00:59
        IsImplicitlyCancellable: True
}
7: CustomTrackingRecord [1.26] "iCPSTraceTrackingRecord"
8: WorkflowInstance "GetNextFileActivity" is Idle
9: Bookmark "1a963fc5-02d2-4160-8cab-755b4eee9387" resumed with payload &lt;iCore.Workflow.Activities.Extensions.ItemSubscriptionEventArgs`1[iCore.Common.Utilities.FileSystemWatcher.FileSystemWatcherFileInfo]&gt; owner [1.26] "GetNextFile1"
10: CustomTrackingRecord [1.26] "iCPSTraceTrackingRecord"
11: Activity [1.26] "GetNextFile1" is Closed
{
    Arguments
        ErrorOnTimeout: False
        SubscriptionId: 896b3e6a-f9af-43e7-a6e0-37a4938609d5
        FileName: file.name
        Timeout: 00:00:59
        FileFullName: a:\directory\path\file.name
        IsImplicitlyCancellable: True
        WatchType: Rename
}
12: Activity [1.1] "Sequence" scheduled child activity [1.19] "AssignProcessingFileName1"
13: Activity [1.19] "AssignProcessingFileName1" is Executing
{
    Arguments
        Value: file.name
}
14: Activity [1.19] "AssignProcessingFileName1" is Closed
{
    Arguments
        Value: file.name
        To: file.name
}
15: Activity [1.1] "Sequence" scheduled child activity [1.11] "AssignProcessingFilePath1"
16: Activity [1.11] "AssignProcessingFilePath1" is Executing
{
    Arguments
        Value: a:\nother\directory\path\file.name
}
17: Activity [1.11] "AssignProcessingFilePath1" is Closed
{
    Arguments
        Value: a:\nother\directory\path\file.name
        To: a:\nother\directory\path\file.name
}
18: Activity [1.1] "Sequence" scheduled child activity [1.2] "RenameFileCheck1"
19: Activity [1.2] "RenameFileCheck1" is Executing
{
    Arguments
        Condition: True
}
20: Activity [1.2] "RenameFileCheck1" scheduled child activity [1.6] "RenameFile1"
21: Activity [1.6] "RenameFile1" is Executing
{
    Arguments
        NewFilename: a:\nother\directory\path\file.name
        OldFilename: a:\directory\path\file.name
}
22: WorkflowInstance "GetNextFileActivity" is Idle
23: Activity [1.6] "RenameFile1" is Closed
{
    Arguments
        NewFilename: a:\nother\directory\path\file.name
        OldFilename: a:\directory\path\file.name
}
24: Activity [1.2] "RenameFileCheck1" is Closed
{
    Arguments
        Condition: True
}
25: Activity [1.1] "Sequence" is Closed
{
    Variables
        _5ef1bf98_84fe_487c_bb8a_8079780ebfc1_234: Rename
}
26: Activity [1] "GetNextFileActivity" is Closed
{
    Arguments
        ErrorOnTimeout: False
        SubscriptionId: 896b3e6a-f9af-43e7-a6e0-37a4938609d5
        Timeout: 00:00:59
        Rename: False
        OriginalFileName: file.name
        ProcessingFilePath: a:\nother\directory\path\file.name
        MoveFileToDirectory: a:\nother\directory\path
        IsImplicitlyCancellable: True
        ProcessingFileName: file.name
        OriginalFilePath: a:\directory\path\file.name
}
27: WorkflowInstance "GetNextFileActivity" is Completed</StdOut>
      </Output>
    </UnitTestResult>
    <UnitTestResult executionId="972a46a7-38a8-48df-94c0-9eac16b32ca9" testId="c533ac98-0a64-8282-5e39-938415ff3822" testName="Invoke_NoRenameMove_OutArgumentProcessingFileNameIsExpected" computerName="ICSWS068" duration="00:00:00.0058195" startTime="2016-08-04T09:58:42.8510789+02:00" endTime="2016-08-04T09:58:42.8580873+02:00" testType="13cdc9d9-ddb5-4fa4-a97d-d965ccfc6d4b" outcome="Passed" testListId="8c84fa94-04c1-424b-9868-57a2d4851a1d" relativeResultsDirectory="972a46a7-38a8-48df-94c0-9eac16b32ca9">
      <Output>
        <StdOut>Debug Trace:
0: WorkflowInstance "GetNextFileActivity" is Started
1: Activity [null] "null" scheduled child activity [1] "GetNextFileActivity"
2: Activity [1] "GetNextFileActivity" is Executing
{
    Arguments
        ErrorOnTimeout: False
        SubscriptionId: 82433d8a-da69-4b56-ba31-6430a608edb6
        Timeout: 00:00:59
        Rename: False
        MoveFileToDirectory: a:\nother\directory\path
        IsImplicitlyCancellable: True
}
3: Activity [1] "GetNextFileActivity" scheduled child activity [1.1] "Sequence"
4: Activity [1.1] "Sequence" is Executing
{
    Variables
        _5ef1bf98_84fe_487c_bb8a_8079780ebfc1_235: Rename
}
5: Activity [1.1] "Sequence" scheduled child activity [1.26] "GetNextFile1"
6: Activity [1.26] "GetNextFile1" is Executing
{
    Arguments
        ErrorOnTimeout: False
        SubscriptionId: 82433d8a-da69-4b56-ba31-6430a608edb6
        Timeout: 00:00:59
        IsImplicitlyCancellable: True
}
7: CustomTrackingRecord [1.26] "iCPSTraceTrackingRecord"
8: WorkflowInstance "GetNextFileActivity" is Idle
9: Bookmark "3c761136-300a-42a4-9563-6e7105b3c05d" resumed with payload &lt;iCore.Workflow.Activities.Extensions.ItemSubscriptionEventArgs`1[iCore.Common.Utilities.FileSystemWatcher.FileSystemWatcherFileInfo]&gt; owner [1.26] "GetNextFile1"
10: CustomTrackingRecord [1.26] "iCPSTraceTrackingRecord"
11: Activity [1.26] "GetNextFile1" is Closed
{
    Arguments
        ErrorOnTimeout: False
        SubscriptionId: 82433d8a-da69-4b56-ba31-6430a608edb6
        FileName: file.name
        Timeout: 00:00:59
        FileFullName: a:\directory\path\file.name
        IsImplicitlyCancellable: True
        WatchType: Rename
}
12: Activity [1.1] "Sequence" scheduled child activity [1.19] "AssignProcessingFileName1"
13: Activity [1.19] "AssignProcessingFileName1" is Executing
{
    Arguments
        Value: file.name
}
14: Activity [1.19] "AssignProcessingFileName1" is Closed
{
    Arguments
        Value: file.name
        To: file.name
}
15: Activity [1.1] "Sequence" scheduled child activity [1.11] "AssignProcessingFilePath1"
16: Activity [1.11] "AssignProcessingFilePath1" is Executing
{
    Arguments
        Value: a:\nother\directory\path\file.name
}
17: Activity [1.11] "AssignProcessingFilePath1" is Closed
{
    Arguments
        Value: a:\nother\directory\path\file.name
        To: a:\nother\directory\path\file.name
}
18: Activity [1.1] "Sequence" scheduled child activity [1.2] "RenameFileCheck1"
19: Activity [1.2] "RenameFileCheck1" is Executing
{
    Arguments
        Condition: True
}
20: Activity [1.2] "RenameFileCheck1" scheduled child activity [1.6] "RenameFile1"
21: Activity [1.6] "RenameFile1" is Executing
{
    Arguments
        NewFilename: a:\nother\directory\path\file.name
        OldFilename: a:\directory\path\file.name
}
22: WorkflowInstance "GetNextFileActivity" is Idle
23: Activity [1.6] "RenameFile1" is Closed
{
    Arguments
        NewFilename: a:\nother\directory\path\file.name
        OldFilename: a:\directory\path\file.name
}
24: Activity [1.2] "RenameFileCheck1" is Closed
{
    Arguments
        Condition: True
}
25: Activity [1.1] "Sequence" is Closed
{
    Variables
        _5ef1bf98_84fe_487c_bb8a_8079780ebfc1_236: Rename
}
26: Activity [1] "GetNextFileActivity" is Closed
{
    Arguments
        ErrorOnTimeout: False
        SubscriptionId: 82433d8a-da69-4b56-ba31-6430a608edb6
        Timeout: 00:00:59
        Rename: False
        OriginalFileName: file.name
        ProcessingFilePath: a:\nother\directory\path\file.name
        MoveFileToDirectory: a:\nother\directory\path
        IsImplicitlyCancellable: True
        ProcessingFileName: file.name
        OriginalFilePath: a:\directory\path\file.name
}
27: WorkflowInstance "GetNextFileActivity" is Completed</StdOut>
      </Output>
    </UnitTestResult>
    <UnitTestResult executionId="da7d51cf-5391-437b-a0af-d2a2c1852d2b" testId="2e89f020-2dbe-c238-dcbe-14703bd55897" testName="Invoke_NoRenameMove_OutArgumentProcessingFilePathIsExpected" computerName="ICSWS068" duration="00:00:00.0061538" startTime="2016-08-04T09:58:42.8615896+02:00" endTime="2016-08-04T09:58:42.8692314+02:00" testType="13cdc9d9-ddb5-4fa4-a97d-d965ccfc6d4b" outcome="Passed" testListId="8c84fa94-04c1-424b-9868-57a2d4851a1d" relativeResultsDirectory="da7d51cf-5391-437b-a0af-d2a2c1852d2b">
      <Output>
        <StdOut>Debug Trace:
0: WorkflowInstance "GetNextFileActivity" is Started
1: Activity [null] "null" scheduled child activity [1] "GetNextFileActivity"
2: Activity [1] "GetNextFileActivity" is Executing
{
    Arguments
        ErrorOnTimeout: False
        SubscriptionId: 614acebe-0c16-4076-85c3-0528e4dfd321
        Timeout: 00:00:59
        Rename: False
        MoveFileToDirectory: a:\nother\directory\path
        IsImplicitlyCancellable: True
}
3: Activity [1] "GetNextFileActivity" scheduled child activity [1.1] "Sequence"
4: Activity [1.1] "Sequence" is Executing
{
    Variables
        _5ef1bf98_84fe_487c_bb8a_8079780ebfc1_237: Rename
}
5: Activity [1.1] "Sequence" scheduled child activity [1.26] "GetNextFile1"
6: Activity [1.26] "GetNextFile1" is Executing
{
    Arguments
        ErrorOnTimeout: False
        SubscriptionId: 614acebe-0c16-4076-85c3-0528e4dfd321
        Timeout: 00:00:59
        IsImplicitlyCancellable: True
}
7: CustomTrackingRecord [1.26] "iCPSTraceTrackingRecord"
8: WorkflowInstance "GetNextFileActivity" is Idle
9: Bookmark "a5936def-9813-47b9-8eca-6e79e845c137" resumed with payload &lt;iCore.Workflow.Activities.Extensions.ItemSubscriptionEventArgs`1[iCore.Common.Utilities.FileSystemWatcher.FileSystemWatcherFileInfo]&gt; owner [1.26] "GetNextFile1"
10: CustomTrackingRecord [1.26] "iCPSTraceTrackingRecord"
11: Activity [1.26] "GetNextFile1" is Closed
{
    Arguments
        ErrorOnTimeout: False
        SubscriptionId: 614acebe-0c16-4076-85c3-0528e4dfd321
        FileName: file.name
        Timeout: 00:00:59
        FileFullName: a:\directory\path\file.name
        IsImplicitlyCancellable: True
        WatchType: Rename
}
12: Activity [1.1] "Sequence" scheduled child activity [1.19] "AssignProcessingFileName1"
13: Activity [1.19] "AssignProcessingFileName1" is Executing
{
    Arguments
        Value: file.name
}
14: Activity [1.19] "AssignProcessingFileName1" is Closed
{
    Arguments
        Value: file.name
        To: file.name
}
15: Activity [1.1] "Sequence" scheduled child activity [1.11] "AssignProcessingFilePath1"
16: Activity [1.11] "AssignProcessingFilePath1" is Executing
{
    Arguments
        Value: a:\nother\directory\path\file.name
}
17: Activity [1.11] "AssignProcessingFilePath1" is Closed
{
    Arguments
        Value: a:\nother\directory\path\file.name
        To: a:\nother\directory\path\file.name
}
18: Activity [1.1] "Sequence" scheduled child activity [1.2] "RenameFileCheck1"
19: Activity [1.2] "RenameFileCheck1" is Executing
{
    Arguments
        Condition: True
}
20: Activity [1.2] "RenameFileCheck1" scheduled child activity [1.6] "RenameFile1"
21: Activity [1.6] "RenameFile1" is Executing
{
    Arguments
        NewFilename: a:\nother\directory\path\file.name
        OldFilename: a:\directory\path\file.name
}
22: WorkflowInstance "GetNextFileActivity" is Idle
23: Activity [1.6] "RenameFile1" is Closed
{
    Arguments
        NewFilename: a:\nother\directory\path\file.name
        OldFilename: a:\directory\path\file.name
}
24: Activity [1.2] "RenameFileCheck1" is Closed
{
    Arguments
        Condition: True
}
25: Activity [1.1] "Sequence" is Closed
{
    Variables
        _5ef1bf98_84fe_487c_bb8a_8079780ebfc1_238: Rename
}
26: Activity [1] "GetNextFileActivity" is Closed
{
    Arguments
        ErrorOnTimeout: False
        SubscriptionId: 614acebe-0c16-4076-85c3-0528e4dfd321
        Timeout: 00:00:59
        Rename: False
        OriginalFileName: file.name
        ProcessingFilePath: a:\nother\directory\path\file.name
        MoveFileToDirectory: a:\nother\directory\path
        IsImplicitlyCancellable: True
        ProcessingFileName: file.name
        OriginalFilePath: a:\directory\path\file.name
}
27: WorkflowInstance "GetNextFileActivity" is Completed</StdOut>
      </Output>
    </UnitTestResult>
    <UnitTestResult executionId="9acbb1e6-b104-42be-8b0f-ef0cf6eb9ce9" testId="e11a551f-fea1-95c7-705e-199d74342a57" testName="Invoke_Rename_InvokesGenerateTemporaryNameWithFoundFileNameAsArgument" computerName="ICSWS068" duration="00:00:00.0053954" startTime="2016-08-04T09:58:42.8722337+02:00" endTime="2016-08-04T09:58:42.8787397+02:00" testType="13cdc9d9-ddb5-4fa4-a97d-d965ccfc6d4b" outcome="Passed" testListId="8c84fa94-04c1-424b-9868-57a2d4851a1d" relativeResultsDirectory="9acbb1e6-b104-42be-8b0f-ef0cf6eb9ce9">
      <Output>
        <StdOut>Debug Trace:
0: WorkflowInstance "GetNextFileActivity" is Started
1: Activity [null] "null" scheduled child activity [1] "GetNextFileActivity"
2: Activity [1] "GetNextFileActivity" is Executing
{
    Arguments
        ErrorOnTimeout: False
        SubscriptionId: ce776fc6-a242-4e54-ad14-2799ccb084b0
        Timeout: 00:00:59
        Rename: True
        MoveFileToDirectory: 
        IsImplicitlyCancellable: True
}
3: Activity [1] "GetNextFileActivity" scheduled child activity [1.1] "Sequence"
4: Activity [1.1] "Sequence" is Executing
{
    Variables
        _5ef1bf98_84fe_487c_bb8a_8079780ebfc1_239: Rename
}
5: Activity [1.1] "Sequence" scheduled child activity [1.26] "GetNextFile1"
6: Activity [1.26] "GetNextFile1" is Executing
{
    Arguments
        ErrorOnTimeout: False
        SubscriptionId: ce776fc6-a242-4e54-ad14-2799ccb084b0
        Timeout: 00:00:59
        IsImplicitlyCancellable: True
}
7: CustomTrackingRecord [1.26] "iCPSTraceTrackingRecord"
8: WorkflowInstance "GetNextFileActivity" is Idle
9: Bookmark "50d02e9b-de35-4018-ad52-ea36059fdd8a" resumed with payload &lt;iCore.Workflow.Activities.Extensions.ItemSubscriptionEventArgs`1[iCore.Common.Utilities.FileSystemWatcher.FileSystemWatcherFileInfo]&gt; owner [1.26] "GetNextFile1"
10: CustomTrackingRecord [1.26] "iCPSTraceTrackingRecord"
11: Activity [1.26] "GetNextFile1" is Closed
{
    Arguments
        ErrorOnTimeout: False
        SubscriptionId: ce776fc6-a242-4e54-ad14-2799ccb084b0
        FileName: file.name
        Timeout: 00:00:59
        FileFullName: a:\directory\path\file.name
        IsImplicitlyCancellable: True
        WatchType: Rename
}
12: Activity [1.1] "Sequence" scheduled child activity [1.19] "AssignProcessingFileName1"
13: Activity [1.19] "AssignProcessingFileName1" is Executing
{
    Arguments
        Value: file.name
}
14: Activity [1.19] "AssignProcessingFileName1" is Closed
{
    Arguments
        Value: file.name
        To: file.name
}
15: Activity [1.1] "Sequence" scheduled child activity [1.11] "AssignProcessingFilePath1"
16: Activity [1.11] "AssignProcessingFilePath1" is Executing
{
    Arguments
        Value: a:\directory\path\file.name
}
17: Activity [1.11] "AssignProcessingFilePath1" is Closed
{
    Arguments
        Value: a:\directory\path\file.name
        To: a:\directory\path\file.name
}
18: Activity [1.1] "Sequence" scheduled child activity [1.2] "RenameFileCheck1"
19: Activity [1.2] "RenameFileCheck1" is Executing
{
    Arguments
        Condition: False
}
20: Activity [1.2] "RenameFileCheck1" is Closed
{
    Arguments
        Condition: False
}
21: Activity [1.1] "Sequence" is Closed
{
    Variables
        _5ef1bf98_84fe_487c_bb8a_8079780ebfc1_240: Rename
}
22: Activity [1] "GetNextFileActivity" is Closed
{
    Arguments
        ErrorOnTimeout: False
        SubscriptionId: ce776fc6-a242-4e54-ad14-2799ccb084b0
        Timeout: 00:00:59
        Rename: True
        OriginalFileName: file.name
        ProcessingFilePath: a:\directory\path\file.name
        MoveFileToDirectory: 
        IsImplicitlyCancellable: True
        ProcessingFileName: file.name
        OriginalFilePath: a:\directory\path\file.name
}
23: WorkflowInstance "GetNextFileActivity" is Completed</StdOut>
      </Output>
    </UnitTestResult>
    <UnitTestResult executionId="86ca132c-3d31-420f-988a-32533bf9a49d" testId="56feb266-f783-094e-7a18-1f571769c4b5" testName="Invoke_NoRenameNoMove_RenameFileActivityIsNotExecuted" computerName="ICSWS068" duration="00:00:00.0052139" startTime="2016-08-04T09:58:42.8812588+02:00" endTime="2016-08-04T09:58:42.8877513+02:00" testType="13cdc9d9-ddb5-4fa4-a97d-d965ccfc6d4b" outcome="Passed" testListId="8c84fa94-04c1-424b-9868-57a2d4851a1d" relativeResultsDirectory="86ca132c-3d31-420f-988a-32533bf9a49d">
      <Output>
        <StdOut>Debug Trace:
0: WorkflowInstance "GetNextFileActivity" is Started
1: Activity [null] "null" scheduled child activity [1] "GetNextFileActivity"
2: Activity [1] "GetNextFileActivity" is Executing
{
    Arguments
        ErrorOnTimeout: False
        SubscriptionId: 6ca9d874-f4a5-4296-848a-a57090ee31b6
        Timeout: 00:00:59
        Rename: False
        MoveFileToDirectory: 
        IsImplicitlyCancellable: True
}
3: Activity [1] "GetNextFileActivity" scheduled child activity [1.1] "Sequence"
4: Activity [1.1] "Sequence" is Executing
{
    Variables
        _5ef1bf98_84fe_487c_bb8a_8079780ebfc1_241: Rename
}
5: Activity [1.1] "Sequence" scheduled child activity [1.26] "GetNextFile1"
6: Activity [1.26] "GetNextFile1" is Executing
{
    Arguments
        ErrorOnTimeout: False
        SubscriptionId: 6ca9d874-f4a5-4296-848a-a57090ee31b6
        Timeout: 00:00:59
        IsImplicitlyCancellable: True
}
7: CustomTrackingRecord [1.26] "iCPSTraceTrackingRecord"
8: WorkflowInstance "GetNextFileActivity" is Idle
9: Bookmark "8a61c29d-a1c8-427c-bb77-e71cbccdc184" resumed with payload &lt;iCore.Workflow.Activities.Extensions.ItemSubscriptionEventArgs`1[iCore.Common.Utilities.FileSystemWatcher.FileSystemWatcherFileInfo]&gt; owner [1.26] "GetNextFile1"
10: CustomTrackingRecord [1.26] "iCPSTraceTrackingRecord"
11: Activity [1.26] "GetNextFile1" is Closed
{
    Arguments
        ErrorOnTimeout: False
        SubscriptionId: 6ca9d874-f4a5-4296-848a-a57090ee31b6
        FileName: file.name
        Timeout: 00:00:59
        FileFullName: a:\directory\path\file.name
        IsImplicitlyCancellable: True
        WatchType: Rename
}
12: Activity [1.1] "Sequence" scheduled child activity [1.19] "AssignProcessingFileName1"
13: Activity [1.19] "AssignProcessingFileName1" is Executing
{
    Arguments
        Value: file.name
}
14: Activity [1.19] "AssignProcessingFileName1" is Closed
{
    Arguments
        Value: file.name
        To: file.name
}
15: Activity [1.1] "Sequence" scheduled child activity [1.11] "AssignProcessingFilePath1"
16: Activity [1.11] "AssignProcessingFilePath1" is Executing
{
    Arguments
        Value: a:\directory\path\file.name
}
17: Activity [1.11] "AssignProcessingFilePath1" is Closed
{
    Arguments
        Value: a:\directory\path\file.name
        To: a:\directory\path\file.name
}
18: Activity [1.1] "Sequence" scheduled child activity [1.2] "RenameFileCheck1"
19: Activity [1.2] "RenameFileCheck1" is Executing
{
    Arguments
        Condition: False
}
20: Activity [1.2] "RenameFileCheck1" is Closed
{
    Arguments
        Condition: False
}
21: Activity [1.1] "Sequence" is Closed
{
    Variables
        _5ef1bf98_84fe_487c_bb8a_8079780ebfc1_242: Rename
}
22: Activity [1] "GetNextFileActivity" is Closed
{
    Arguments
        ErrorOnTimeout: False
        SubscriptionId: 6ca9d874-f4a5-4296-848a-a57090ee31b6
        Timeout: 00:00:59
        Rename: False
        OriginalFileName: file.name
        ProcessingFilePath: a:\directory\path\file.name
        MoveFileToDirectory: 
        IsImplicitlyCancellable: True
        ProcessingFileName: file.name
        OriginalFilePath: a:\directory\path\file.name
}
23: WorkflowInstance "GetNextFileActivity" is Completed</StdOut>
      </Output>
    </UnitTestResult>
    <UnitTestResult executionId="64a396a0-d68b-477a-a0b8-55cbb219d2d7" testId="03f5973d-de2e-a6bd-fdf2-5a76b53cda01" testName="Invoke_RenameMove_ExecutesRenameFileActivityWithExpectedOldFilenameArgument" computerName="ICSWS068" duration="00:00:00.0062511" startTime="2016-08-04T09:58:42.8907524+02:00" endTime="2016-08-04T09:58:42.8982758+02:00" testType="13cdc9d9-ddb5-4fa4-a97d-d965ccfc6d4b" outcome="Passed" testListId="8c84fa94-04c1-424b-9868-57a2d4851a1d" relativeResultsDirectory="64a396a0-d68b-477a-a0b8-55cbb219d2d7">
      <Output>
        <StdOut>Debug Trace:
0: WorkflowInstance "GetNextFileActivity" is Started
1: Activity [null] "null" scheduled child activity [1] "GetNextFileActivity"
2: Activity [1] "GetNextFileActivity" is Executing
{
    Arguments
        ErrorOnTimeout: False
        SubscriptionId: 1fe708a8-b797-4f20-9a13-246f4005edbd
        Timeout: 00:00:59
        Rename: True
        MoveFileToDirectory: a:\nother\directory\path
        IsImplicitlyCancellable: True
}
3: Activity [1] "GetNextFileActivity" scheduled child activity [1.1] "Sequence"
4: Activity [1.1] "Sequence" is Executing
{
    Variables
        _5ef1bf98_84fe_487c_bb8a_8079780ebfc1_243: Rename
}
5: Activity [1.1] "Sequence" scheduled child activity [1.26] "GetNextFile1"
6: Activity [1.26] "GetNextFile1" is Executing
{
    Arguments
        ErrorOnTimeout: False
        SubscriptionId: 1fe708a8-b797-4f20-9a13-246f4005edbd
        Timeout: 00:00:59
        IsImplicitlyCancellable: True
}
7: CustomTrackingRecord [1.26] "iCPSTraceTrackingRecord"
8: WorkflowInstance "GetNextFileActivity" is Idle
9: Bookmark "4325c1e1-271a-4013-a2f3-304365a4f5d7" resumed with payload &lt;iCore.Workflow.Activities.Extensions.ItemSubscriptionEventArgs`1[iCore.Common.Utilities.FileSystemWatcher.FileSystemWatcherFileInfo]&gt; owner [1.26] "GetNextFile1"
10: CustomTrackingRecord [1.26] "iCPSTraceTrackingRecord"
11: Activity [1.26] "GetNextFile1" is Closed
{
    Arguments
        ErrorOnTimeout: False
        SubscriptionId: 1fe708a8-b797-4f20-9a13-246f4005edbd
        FileName: file.name
        Timeout: 00:00:59
        FileFullName: a:\directory\path\file.name
        IsImplicitlyCancellable: True
        WatchType: Rename
}
12: Activity [1.1] "Sequence" scheduled child activity [1.19] "AssignProcessingFileName1"
13: Activity [1.19] "AssignProcessingFileName1" is Executing
{
    Arguments
        Value: file.name_temp
}
14: Activity [1.19] "AssignProcessingFileName1" is Closed
{
    Arguments
        Value: file.name_temp
        To: file.name_temp
}
15: Activity [1.1] "Sequence" scheduled child activity [1.11] "AssignProcessingFilePath1"
16: Activity [1.11] "AssignProcessingFilePath1" is Executing
{
    Arguments
        Value: a:\nother\directory\path\file.name_temp
}
17: Activity [1.11] "AssignProcessingFilePath1" is Closed
{
    Arguments
        Value: a:\nother\directory\path\file.name_temp
        To: a:\nother\directory\path\file.name_temp
}
18: Activity [1.1] "Sequence" scheduled child activity [1.2] "RenameFileCheck1"
19: Activity [1.2] "RenameFileCheck1" is Executing
{
    Arguments
        Condition: True
}
20: Activity [1.2] "RenameFileCheck1" scheduled child activity [1.6] "RenameFile1"
21: Activity [1.6] "RenameFile1" is Executing
{
    Arguments
        NewFilename: a:\nother\directory\path\file.name_temp
        OldFilename: a:\directory\path\file.name
}
22: WorkflowInstance "GetNextFileActivity" is Idle
23: Activity [1.6] "RenameFile1" is Closed
{
    Arguments
        NewFilename: a:\nother\directory\path\file.name_temp
        OldFilename: a:\directory\path\file.name
}
24: Activity [1.2] "RenameFileCheck1" is Closed
{
    Arguments
        Condition: True
}
25: Activity [1.1] "Sequence" is Closed
{
    Variables
        _5ef1bf98_84fe_487c_bb8a_8079780ebfc1_244: Rename
}
26: Activity [1] "GetNextFileActivity" is Closed
{
    Arguments
        ErrorOnTimeout: False
        SubscriptionId: 1fe708a8-b797-4f20-9a13-246f4005edbd
        Timeout: 00:00:59
        Rename: True
        OriginalFileName: file.name
        ProcessingFilePath: a:\nother\directory\path\file.name_temp
        MoveFileToDirectory: a:\nother\directory\path
        IsImplicitlyCancellable: True
        ProcessingFileName: file.name_temp
        OriginalFilePath: a:\directory\path\file.name
}
27: WorkflowInstance "GetNextFileActivity" is Completed</StdOut>
      </Output>
    </UnitTestResult>
    <UnitTestResult executionId="8f330fb8-e835-450a-9a0e-84f335ff49cd" testId="eae68873-fa9a-62cc-1187-c477e5e97243" testName="Invoke_RenameNoMove_ExecutesRenameFileActivityWithExpectedOldFilenameArgument" computerName="ICSWS068" duration="00:00:00.0060696" startTime="2016-08-04T09:58:42.9012605+02:00" endTime="2016-08-04T09:58:42.9087395+02:00" testType="13cdc9d9-ddb5-4fa4-a97d-d965ccfc6d4b" outcome="Passed" testListId="8c84fa94-04c1-424b-9868-57a2d4851a1d" relativeResultsDirectory="8f330fb8-e835-450a-9a0e-84f335ff49cd">
      <Output>
        <StdOut>Debug Trace:
0: WorkflowInstance "GetNextFileActivity" is Started
1: Activity [null] "null" scheduled child activity [1] "GetNextFileActivity"
2: Activity [1] "GetNextFileActivity" is Executing
{
    Arguments
        ErrorOnTimeout: False
        SubscriptionId: 7ed68c4b-04d4-4abe-be34-9ce8a503c063
        Timeout: 00:00:59
        Rename: True
        MoveFileToDirectory: 
        IsImplicitlyCancellable: True
}
3: Activity [1] "GetNextFileActivity" scheduled child activity [1.1] "Sequence"
4: Activity [1.1] "Sequence" is Executing
{
    Variables
        _5ef1bf98_84fe_487c_bb8a_8079780ebfc1_245: Rename
}
5: Activity [1.1] "Sequence" scheduled child activity [1.26] "GetNextFile1"
6: Activity [1.26] "GetNextFile1" is Executing
{
    Arguments
        ErrorOnTimeout: False
        SubscriptionId: 7ed68c4b-04d4-4abe-be34-9ce8a503c063
        Timeout: 00:00:59
        IsImplicitlyCancellable: True
}
7: CustomTrackingRecord [1.26] "iCPSTraceTrackingRecord"
8: WorkflowInstance "GetNextFileActivity" is Idle
9: Bookmark "a0482b48-367d-4f21-8cfb-582f8497d7cc" resumed with payload &lt;iCore.Workflow.Activities.Extensions.ItemSubscriptionEventArgs`1[iCore.Common.Utilities.FileSystemWatcher.FileSystemWatcherFileInfo]&gt; owner [1.26] "GetNextFile1"
10: CustomTrackingRecord [1.26] "iCPSTraceTrackingRecord"
11: Activity [1.26] "GetNextFile1" is Closed
{
    Arguments
        ErrorOnTimeout: False
        SubscriptionId: 7ed68c4b-04d4-4abe-be34-9ce8a503c063
        FileName: file.name
        Timeout: 00:00:59
        FileFullName: a:\directory\path\file.name
        IsImplicitlyCancellable: True
        WatchType: Rename
}
12: Activity [1.1] "Sequence" scheduled child activity [1.19] "AssignProcessingFileName1"
13: Activity [1.19] "AssignProcessingFileName1" is Executing
{
    Arguments
        Value: file.name_temp
}
14: Activity [1.19] "AssignProcessingFileName1" is Closed
{
    Arguments
        Value: file.name_temp
        To: file.name_temp
}
15: Activity [1.1] "Sequence" scheduled child activity [1.11] "AssignProcessingFilePath1"
16: Activity [1.11] "AssignProcessingFilePath1" is Executing
{
    Arguments
        Value: a:\directory\path\file.name_temp
}
17: Activity [1.11] "AssignProcessingFilePath1" is Closed
{
    Arguments
        Value: a:\directory\path\file.name_temp
        To: a:\directory\path\file.name_temp
}
18: Activity [1.1] "Sequence" scheduled child activity [1.2] "RenameFileCheck1"
19: Activity [1.2] "RenameFileCheck1" is Executing
{
    Arguments
        Condition: True
}
20: Activity [1.2] "RenameFileCheck1" scheduled child activity [1.6] "RenameFile1"
21: Activity [1.6] "RenameFile1" is Executing
{
    Arguments
        NewFilename: a:\directory\path\file.name_temp
        OldFilename: a:\directory\path\file.name
}
22: WorkflowInstance "GetNextFileActivity" is Idle
23: Activity [1.6] "RenameFile1" is Closed
{
    Arguments
        NewFilename: a:\directory\path\file.name_temp
        OldFilename: a:\directory\path\file.name
}
24: Activity [1.2] "RenameFileCheck1" is Closed
{
    Arguments
        Condition: True
}
25: Activity [1.1] "Sequence" is Closed
{
    Variables
        _5ef1bf98_84fe_487c_bb8a_8079780ebfc1_246: Rename
}
26: Activity [1] "GetNextFileActivity" is Closed
{
    Arguments
        ErrorOnTimeout: False
        SubscriptionId: 7ed68c4b-04d4-4abe-be34-9ce8a503c063
        Timeout: 00:00:59
        Rename: True
        OriginalFileName: file.name
        ProcessingFilePath: a:\directory\path\file.name_temp
        MoveFileToDirectory: 
        IsImplicitlyCancellable: True
        ProcessingFileName: file.name_temp
        OriginalFilePath: a:\directory\path\file.name
}
27: WorkflowInstance "GetNextFileActivity" is Completed</StdOut>
      </Output>
    </UnitTestResult>
    <UnitTestResult executionId="1f380b9a-0670-4ecd-8505-09f0a254333e" testId="4b8663d4-cada-b0d2-6d7f-8611b57c2c30" testName="Invoke_NoRenameMove_ExecutesRenameFileActivityWithExpectedOldFilenameArgument" computerName="ICSWS068" duration="00:00:00.0058854" startTime="2016-08-04T09:58:42.9117251+02:00" endTime="2016-08-04T09:58:42.9187499+02:00" testType="13cdc9d9-ddb5-4fa4-a97d-d965ccfc6d4b" outcome="Passed" testListId="8c84fa94-04c1-424b-9868-57a2d4851a1d" relativeResultsDirectory="1f380b9a-0670-4ecd-8505-09f0a254333e">
      <Output>
        <StdOut>Debug Trace:
0: WorkflowInstance "GetNextFileActivity" is Started
1: Activity [null] "null" scheduled child activity [1] "GetNextFileActivity"
2: Activity [1] "GetNextFileActivity" is Executing
{
    Arguments
        ErrorOnTimeout: False
        SubscriptionId: 48314e5e-9973-4e83-92d5-77ebd37bc331
        Timeout: 00:00:59
        Rename: False
        MoveFileToDirectory: a:\nother\directory\path
        IsImplicitlyCancellable: True
}
3: Activity [1] "GetNextFileActivity" scheduled child activity [1.1] "Sequence"
4: Activity [1.1] "Sequence" is Executing
{
    Variables
        _5ef1bf98_84fe_487c_bb8a_8079780ebfc1_247: Rename
}
5: Activity [1.1] "Sequence" scheduled child activity [1.26] "GetNextFile1"
6: Activity [1.26] "GetNextFile1" is Executing
{
    Arguments
        ErrorOnTimeout: False
        SubscriptionId: 48314e5e-9973-4e83-92d5-77ebd37bc331
        Timeout: 00:00:59
        IsImplicitlyCancellable: True
}
7: CustomTrackingRecord [1.26] "iCPSTraceTrackingRecord"
8: WorkflowInstance "GetNextFileActivity" is Idle
9: Bookmark "859901a9-2d15-4fc2-bcca-d033e83edc3f" resumed with payload &lt;iCore.Workflow.Activities.Extensions.ItemSubscriptionEventArgs`1[iCore.Common.Utilities.FileSystemWatcher.FileSystemWatcherFileInfo]&gt; owner [1.26] "GetNextFile1"
10: CustomTrackingRecord [1.26] "iCPSTraceTrackingRecord"
11: Activity [1.26] "GetNextFile1" is Closed
{
    Arguments
        ErrorOnTimeout: False
        SubscriptionId: 48314e5e-9973-4e83-92d5-77ebd37bc331
        FileName: file.name
        Timeout: 00:00:59
        FileFullName: a:\directory\path\file.name
        IsImplicitlyCancellable: True
        WatchType: Rename
}
12: Activity [1.1] "Sequence" scheduled child activity [1.19] "AssignProcessingFileName1"
13: Activity [1.19] "AssignProcessingFileName1" is Executing
{
    Arguments
        Value: file.name
}
14: Activity [1.19] "AssignProcessingFileName1" is Closed
{
    Arguments
        Value: file.name
        To: file.name
}
15: Activity [1.1] "Sequence" scheduled child activity [1.11] "AssignProcessingFilePath1"
16: Activity [1.11] "AssignProcessingFilePath1" is Executing
{
    Arguments
        Value: a:\nother\directory\path\file.name
}
17: Activity [1.11] "AssignProcessingFilePath1" is Closed
{
    Arguments
        Value: a:\nother\directory\path\file.name
        To: a:\nother\directory\path\file.name
}
18: Activity [1.1] "Sequence" scheduled child activity [1.2] "RenameFileCheck1"
19: Activity [1.2] "RenameFileCheck1" is Executing
{
    Arguments
        Condition: True
}
20: Activity [1.2] "RenameFileCheck1" scheduled child activity [1.6] "RenameFile1"
21: Activity [1.6] "RenameFile1" is Executing
{
    Arguments
        NewFilename: a:\nother\directory\path\file.name
        OldFilename: a:\directory\path\file.name
}
22: WorkflowInstance "GetNextFileActivity" is Idle
23: Activity [1.6] "RenameFile1" is Closed
{
    Arguments
        NewFilename: a:\nother\directory\path\file.name
        OldFilename: a:\directory\path\file.name
}
24: Activity [1.2] "RenameFileCheck1" is Closed
{
    Arguments
        Condition: True
}
25: Activity [1.1] "Sequence" is Closed
{
    Variables
        _5ef1bf98_84fe_487c_bb8a_8079780ebfc1_248: Rename
}
26: Activity [1] "GetNextFileActivity" is Closed
{
    Arguments
        ErrorOnTimeout: False
        SubscriptionId: 48314e5e-9973-4e83-92d5-77ebd37bc331
        Timeout: 00:00:59
        Rename: False
        OriginalFileName: file.name
        ProcessingFilePath: a:\nother\directory\path\file.name
        MoveFileToDirectory: a:\nother\directory\path
        IsImplicitlyCancellable: True
        ProcessingFileName: file.name
        OriginalFilePath: a:\directory\path\file.name
}
27: WorkflowInstance "GetNextFileActivity" is Completed</StdOut>
      </Output>
    </UnitTestResult>
    <UnitTestResult executionId="946347ed-11cc-4225-ad50-f40ba9cf0522" testId="27a203e3-25cc-6034-db34-45ea8e8f700d" testName="Invoke_NoRenameNoMoveNoErrorOnTimeoutNoFileFound_OutArgumentProcessingFileNameIsNull" computerName="ICSWS068" duration="00:00:00.0041840" startTime="2016-08-04T09:58:42.9212522+02:00" endTime="2016-08-04T09:58:42.9267568+02:00" testType="13cdc9d9-ddb5-4fa4-a97d-d965ccfc6d4b" outcome="Passed" testListId="8c84fa94-04c1-424b-9868-57a2d4851a1d" relativeResultsDirectory="946347ed-11cc-4225-ad50-f40ba9cf0522">
      <Output>
        <StdOut>Debug Trace:
0: WorkflowInstance "GetNextFileActivity" is Started
1: Activity [null] "null" scheduled child activity [1] "GetNextFileActivity"
2: Activity [1] "GetNextFileActivity" is Executing
{
    Arguments
        ErrorOnTimeout: False
        SubscriptionId: b242f13e-2e12-42f9-8a26-625724f55b80
        Timeout: 00:00:59
        Rename: False
        MoveFileToDirectory: 
        IsImplicitlyCancellable: True
}
3: Activity [1] "GetNextFileActivity" scheduled child activity [1.1] "Sequence"
4: Activity [1.1] "Sequence" is Executing
{
    Variables
        _5ef1bf98_84fe_487c_bb8a_8079780ebfc1_249: 0
}
5: Activity [1.1] "Sequence" scheduled child activity [1.26] "GetNextFile1"
6: Activity [1.26] "GetNextFile1" is Executing
{
    Arguments
        ErrorOnTimeout: False
        SubscriptionId: b242f13e-2e12-42f9-8a26-625724f55b80
        Timeout: 00:00:59
        IsImplicitlyCancellable: True
}
7: CustomTrackingRecord [1.26] "iCPSTraceTrackingRecord"
8: WorkflowInstance "GetNextFileActivity" is Idle
9: Bookmark "16fefb76-8df6-446e-be0c-5d952dc4a607" resumed with payload &lt;iCore.Workflow.Activities.Extensions.ItemSubscriptionEventArgs`1[iCore.Common.Utilities.FileSystemWatcher.FileSystemWatcherFileInfo]&gt; owner [1.26] "GetNextFile1"
10: CustomTrackingRecord [1.26] "iCPSTraceTrackingRecord"
11: Activity [1.26] "GetNextFile1" is Closed
{
    Arguments
        ErrorOnTimeout: False
        SubscriptionId: b242f13e-2e12-42f9-8a26-625724f55b80
        FileName: 
        Timeout: 00:00:59
        FileFullName: 
        IsImplicitlyCancellable: True
        WatchType: 0
}
12: Activity [1.1] "Sequence" scheduled child activity [1.19] "AssignProcessingFileName1"
13: Activity [1.19] "AssignProcessingFileName1" is Executing
{
    Arguments
        Value: 
}
14: Activity [1.19] "AssignProcessingFileName1" is Closed
{
    Arguments
        Value: 
        To: 
}
15: Activity [1.1] "Sequence" scheduled child activity [1.11] "AssignProcessingFilePath1"
16: Activity [1.11] "AssignProcessingFilePath1" is Executing
{
    Arguments
        Value: 
}
17: Activity [1.11] "AssignProcessingFilePath1" is Closed
{
    Arguments
        Value: 
        To: 
}
18: Activity [1.1] "Sequence" scheduled child activity [1.2] "RenameFileCheck1"
19: Activity [1.2] "RenameFileCheck1" is Executing
{
    Arguments
        Condition: False
}
20: Activity [1.2] "RenameFileCheck1" is Closed
{
    Arguments
        Condition: False
}
21: Activity [1.1] "Sequence" is Closed
{
    Variables
        _5ef1bf98_84fe_487c_bb8a_8079780ebfc1_250: 0
}
22: Activity [1] "GetNextFileActivity" is Closed
{
    Arguments
        ErrorOnTimeout: False
        SubscriptionId: b242f13e-2e12-42f9-8a26-625724f55b80
        Timeout: 00:00:59
        Rename: False
        OriginalFileName: 
        ProcessingFilePath: 
        MoveFileToDirectory: 
        IsImplicitlyCancellable: True
        ProcessingFileName: 
        OriginalFilePath: 
}
23: WorkflowInstance "GetNextFileActivity" is Completed</StdOut>
      </Output>
    </UnitTestResult>
    <UnitTestResult executionId="8777d976-abe0-4367-8930-6d037680a508" testId="83e03a58-4a53-e70d-decf-9c3faf9bd594" testName="Invoke_NoRenameNoMoveNoErrorOnTimeoutNoFileFound_OutArgumentProcessingFilePathIsNull" computerName="ICSWS068" duration="00:00:00.0041538" startTime="2016-08-04T09:58:42.9302433+02:00" endTime="2016-08-04T09:58:42.9357657+02:00" testType="13cdc9d9-ddb5-4fa4-a97d-d965ccfc6d4b" outcome="Passed" testListId="8c84fa94-04c1-424b-9868-57a2d4851a1d" relativeResultsDirectory="8777d976-abe0-4367-8930-6d037680a508">
      <Output>
        <StdOut>Debug Trace:
0: WorkflowInstance "GetNextFileActivity" is Started
1: Activity [null] "null" scheduled child activity [1] "GetNextFileActivity"
2: Activity [1] "GetNextFileActivity" is Executing
{
    Arguments
        ErrorOnTimeout: False
        SubscriptionId: f871b2e7-d487-445a-859b-11e2ed635781
        Timeout: 00:00:59
        Rename: False
        MoveFileToDirectory: 
        IsImplicitlyCancellable: True
}
3: Activity [1] "GetNextFileActivity" scheduled child activity [1.1] "Sequence"
4: Activity [1.1] "Sequence" is Executing
{
    Variables
        _5ef1bf98_84fe_487c_bb8a_8079780ebfc1_251: 0
}
5: Activity [1.1] "Sequence" scheduled child activity [1.26] "GetNextFile1"
6: Activity [1.26] "GetNextFile1" is Executing
{
    Arguments
        ErrorOnTimeout: False
        SubscriptionId: f871b2e7-d487-445a-859b-11e2ed635781
        Timeout: 00:00:59
        IsImplicitlyCancellable: True
}
7: CustomTrackingRecord [1.26] "iCPSTraceTrackingRecord"
8: WorkflowInstance "GetNextFileActivity" is Idle
9: Bookmark "a344ef7a-e14c-4108-9012-2045c034f6c3" resumed with payload &lt;iCore.Workflow.Activities.Extensions.ItemSubscriptionEventArgs`1[iCore.Common.Utilities.FileSystemWatcher.FileSystemWatcherFileInfo]&gt; owner [1.26] "GetNextFile1"
10: CustomTrackingRecord [1.26] "iCPSTraceTrackingRecord"
11: Activity [1.26] "GetNextFile1" is Closed
{
    Arguments
        ErrorOnTimeout: False
        SubscriptionId: f871b2e7-d487-445a-859b-11e2ed635781
        FileName: 
        Timeout: 00:00:59
        FileFullName: 
        IsImplicitlyCancellable: True
        WatchType: 0
}
12: Activity [1.1] "Sequence" scheduled child activity [1.19] "AssignProcessingFileName1"
13: Activity [1.19] "AssignProcessingFileName1" is Executing
{
    Arguments
        Value: 
}
14: Activity [1.19] "AssignProcessingFileName1" is Closed
{
    Arguments
        Value: 
        To: 
}
15: Activity [1.1] "Sequence" scheduled child activity [1.11] "AssignProcessingFilePath1"
16: Activity [1.11] "AssignProcessingFilePath1" is Executing
{
    Arguments
        Value: 
}
17: Activity [1.11] "AssignProcessingFilePath1" is Closed
{
    Arguments
        Value: 
        To: 
}
18: Activity [1.1] "Sequence" scheduled child activity [1.2] "RenameFileCheck1"
19: Activity [1.2] "RenameFileCheck1" is Executing
{
    Arguments
        Condition: False
}
20: Activity [1.2] "RenameFileCheck1" is Closed
{
    Arguments
        Condition: False
}
21: Activity [1.1] "Sequence" is Closed
{
    Variables
        _5ef1bf98_84fe_487c_bb8a_8079780ebfc1_252: 0
}
22: Activity [1] "GetNextFileActivity" is Closed
{
    Arguments
        ErrorOnTimeout: False
        SubscriptionId: f871b2e7-d487-445a-859b-11e2ed635781
        Timeout: 00:00:59
        Rename: False
        OriginalFileName: 
        ProcessingFilePath: 
        MoveFileToDirectory: 
        IsImplicitlyCancellable: True
        ProcessingFileName: 
        OriginalFilePath: 
}
23: WorkflowInstance "GetNextFileActivity" is Completed</StdOut>
      </Output>
    </UnitTestResult>
    <UnitTestResult executionId="e9c2eebb-1053-4071-9143-2832d0ab5ccd" testId="957ae27e-c0b1-f1ec-cdc1-7af0c2b3bc63" testName="Invoke_NoRenameNoMoveNoErrorOnTimeoutNoFileFound_OutArgumentOriginalFileNameIsNull" computerName="ICSWS068" duration="00:00:00.0039638" startTime="2016-08-04T09:58:42.9382836+02:00" endTime="2016-08-04T09:58:42.9432917+02:00" testType="13cdc9d9-ddb5-4fa4-a97d-d965ccfc6d4b" outcome="Passed" testListId="8c84fa94-04c1-424b-9868-57a2d4851a1d" relativeResultsDirectory="e9c2eebb-1053-4071-9143-2832d0ab5ccd">
      <Output>
        <StdOut>Debug Trace:
0: WorkflowInstance "GetNextFileActivity" is Started
1: Activity [null] "null" scheduled child activity [1] "GetNextFileActivity"
2: Activity [1] "GetNextFileActivity" is Executing
{
    Arguments
        ErrorOnTimeout: False
        SubscriptionId: 8cc20cec-b362-4095-a42f-1f37850c46f8
        Timeout: 00:00:59
        Rename: False
        MoveFileToDirectory: 
        IsImplicitlyCancellable: True
}
3: Activity [1] "GetNextFileActivity" scheduled child activity [1.1] "Sequence"
4: Activity [1.1] "Sequence" is Executing
{
    Variables
        _5ef1bf98_84fe_487c_bb8a_8079780ebfc1_253: 0
}
5: Activity [1.1] "Sequence" scheduled child activity [1.26] "GetNextFile1"
6: Activity [1.26] "GetNextFile1" is Executing
{
    Arguments
        ErrorOnTimeout: False
        SubscriptionId: 8cc20cec-b362-4095-a42f-1f37850c46f8
        Timeout: 00:00:59
        IsImplicitlyCancellable: True
}
7: CustomTrackingRecord [1.26] "iCPSTraceTrackingRecord"
8: WorkflowInstance "GetNextFileActivity" is Idle
9: Bookmark "55c9b5af-0a59-4aa8-9912-70aa6952289c" resumed with payload &lt;iCore.Workflow.Activities.Extensions.ItemSubscriptionEventArgs`1[iCore.Common.Utilities.FileSystemWatcher.FileSystemWatcherFileInfo]&gt; owner [1.26] "GetNextFile1"
10: CustomTrackingRecord [1.26] "iCPSTraceTrackingRecord"
11: Activity [1.26] "GetNextFile1" is Closed
{
    Arguments
        ErrorOnTimeout: False
        SubscriptionId: 8cc20cec-b362-4095-a42f-1f37850c46f8
        FileName: 
        Timeout: 00:00:59
        FileFullName: 
        IsImplicitlyCancellable: True
        WatchType: 0
}
12: Activity [1.1] "Sequence" scheduled child activity [1.19] "AssignProcessingFileName1"
13: Activity [1.19] "AssignProcessingFileName1" is Executing
{
    Arguments
        Value: 
}
14: Activity [1.19] "AssignProcessingFileName1" is Closed
{
    Arguments
        Value: 
        To: 
}
15: Activity [1.1] "Sequence" scheduled child activity [1.11] "AssignProcessingFilePath1"
16: Activity [1.11] "AssignProcessingFilePath1" is Executing
{
    Arguments
        Value: 
}
17: Activity [1.11] "AssignProcessingFilePath1" is Closed
{
    Arguments
        Value: 
        To: 
}
18: Activity [1.1] "Sequence" scheduled child activity [1.2] "RenameFileCheck1"
19: Activity [1.2] "RenameFileCheck1" is Executing
{
    Arguments
        Condition: False
}
20: Activity [1.2] "RenameFileCheck1" is Closed
{
    Arguments
        Condition: False
}
21: Activity [1.1] "Sequence" is Closed
{
    Variables
        _5ef1bf98_84fe_487c_bb8a_8079780ebfc1_254: 0
}
22: Activity [1] "GetNextFileActivity" is Closed
{
    Arguments
        ErrorOnTimeout: False
        SubscriptionId: 8cc20cec-b362-4095-a42f-1f37850c46f8
        Timeout: 00:00:59
        Rename: False
        OriginalFileName: 
        ProcessingFilePath: 
        MoveFileToDirectory: 
        IsImplicitlyCancellable: True
        ProcessingFileName: 
        OriginalFilePath: 
}
23: WorkflowInstance "GetNextFileActivity" is Completed</StdOut>
      </Output>
    </UnitTestResult>
    <UnitTestResult executionId="952e4ea5-bcce-4718-9e4f-f662d0b22688" testId="3dd24710-ab57-603b-d1bd-723f9c55915b" testName="Invoke_NoRenameNoMoveNoErrorOnTimeoutNoFileFound_OutArgumentOriginalFilePathIsNull" computerName="ICSWS068" duration="00:00:00.0041304" startTime="2016-08-04T09:58:42.9462767+02:00" endTime="2016-08-04T09:58:42.9517974+02:00" testType="13cdc9d9-ddb5-4fa4-a97d-d965ccfc6d4b" outcome="Passed" testListId="8c84fa94-04c1-424b-9868-57a2d4851a1d" relativeResultsDirectory="952e4ea5-bcce-4718-9e4f-f662d0b22688">
      <Output>
        <StdOut>Debug Trace:
0: WorkflowInstance "GetNextFileActivity" is Started
1: Activity [null] "null" scheduled child activity [1] "GetNextFileActivity"
2: Activity [1] "GetNextFileActivity" is Executing
{
    Arguments
        ErrorOnTimeout: False
        SubscriptionId: 82e36798-f600-4b9c-8cf1-ce561c6f224e
        Timeout: 00:00:59
        Rename: False
        MoveFileToDirectory: 
        IsImplicitlyCancellable: True
}
3: Activity [1] "GetNextFileActivity" scheduled child activity [1.1] "Sequence"
4: Activity [1.1] "Sequence" is Executing
{
    Variables
        _5ef1bf98_84fe_487c_bb8a_8079780ebfc1_255: 0
}
5: Activity [1.1] "Sequence" scheduled child activity [1.26] "GetNextFile1"
6: Activity [1.26] "GetNextFile1" is Executing
{
    Arguments
        ErrorOnTimeout: False
        SubscriptionId: 82e36798-f600-4b9c-8cf1-ce561c6f224e
        Timeout: 00:00:59
        IsImplicitlyCancellable: True
}
7: CustomTrackingRecord [1.26] "iCPSTraceTrackingRecord"
8: WorkflowInstance "GetNextFileActivity" is Idle
9: Bookmark "6dc366ce-3bfc-4fd0-b603-d98c1295e2b2" resumed with payload &lt;iCore.Workflow.Activities.Extensions.ItemSubscriptionEventArgs`1[iCore.Common.Utilities.FileSystemWatcher.FileSystemWatcherFileInfo]&gt; owner [1.26] "GetNextFile1"
10: CustomTrackingRecord [1.26] "iCPSTraceTrackingRecord"
11: Activity [1.26] "GetNextFile1" is Closed
{
    Arguments
        ErrorOnTimeout: False
        SubscriptionId: 82e36798-f600-4b9c-8cf1-ce561c6f224e
        FileName: 
        Timeout: 00:00:59
        FileFullName: 
        IsImplicitlyCancellable: True
        WatchType: 0
}
12: Activity [1.1] "Sequence" scheduled child activity [1.19] "AssignProcessingFileName1"
13: Activity [1.19] "AssignProcessingFileName1" is Executing
{
    Arguments
        Value: 
}
14: Activity [1.19] "AssignProcessingFileName1" is Closed
{
    Arguments
        Value: 
        To: 
}
15: Activity [1.1] "Sequence" scheduled child activity [1.11] "AssignProcessingFilePath1"
16: Activity [1.11] "AssignProcessingFilePath1" is Executing
{
    Arguments
        Value: 
}
17: Activity [1.11] "AssignProcessingFilePath1" is Closed
{
    Arguments
        Value: 
        To: 
}
18: Activity [1.1] "Sequence" scheduled child activity [1.2] "RenameFileCheck1"
19: Activity [1.2] "RenameFileCheck1" is Executing
{
    Arguments
        Condition: False
}
20: Activity [1.2] "RenameFileCheck1" is Closed
{
    Arguments
        Condition: False
}
21: Activity [1.1] "Sequence" is Closed
{
    Variables
        _5ef1bf98_84fe_487c_bb8a_8079780ebfc1_256: 0
}
22: Activity [1] "GetNextFileActivity" is Closed
{
    Arguments
        ErrorOnTimeout: False
        SubscriptionId: 82e36798-f600-4b9c-8cf1-ce561c6f224e
        Timeout: 00:00:59
        Rename: False
        OriginalFileName: 
        ProcessingFilePath: 
        MoveFileToDirectory: 
        IsImplicitlyCancellable: True
        ProcessingFileName: 
        OriginalFilePath: 
}
23: WorkflowInstance "GetNextFileActivity" is Completed</StdOut>
      </Output>
    </UnitTestResult>
    <UnitTestResult executionId="53868891-3e10-4238-ab08-1f9a73b105e6" testId="032684af-c406-a7a7-c8ea-3ebd46fee147" testName="Invoke_RenameMoveNoErrorOnTimeoutNoFileFound_OutArgumentProcessingFileNameIsNull" computerName="ICSWS068" duration="00:00:00.0040597" startTime="2016-08-04T09:58:42.9546123+02:00" endTime="2016-08-04T09:58:42.9601178+02:00" testType="13cdc9d9-ddb5-4fa4-a97d-d965ccfc6d4b" outcome="Passed" testListId="8c84fa94-04c1-424b-9868-57a2d4851a1d" relativeResultsDirectory="53868891-3e10-4238-ab08-1f9a73b105e6">
      <Output>
        <StdOut>Debug Trace:
0: WorkflowInstance "GetNextFileActivity" is Started
1: Activity [null] "null" scheduled child activity [1] "GetNextFileActivity"
2: Activity [1] "GetNextFileActivity" is Executing
{
    Arguments
        ErrorOnTimeout: False
        SubscriptionId: f179688a-dfc0-43f7-98e2-1f44a79faff5
        Timeout: 00:00:59
        Rename: True
        MoveFileToDirectory: a:\nother\directory\path
        IsImplicitlyCancellable: True
}
3: Activity [1] "GetNextFileActivity" scheduled child activity [1.1] "Sequence"
4: Activity [1.1] "Sequence" is Executing
{
    Variables
        _5ef1bf98_84fe_487c_bb8a_8079780ebfc1_257: 0
}
5: Activity [1.1] "Sequence" scheduled child activity [1.26] "GetNextFile1"
6: Activity [1.26] "GetNextFile1" is Executing
{
    Arguments
        ErrorOnTimeout: False
        SubscriptionId: f179688a-dfc0-43f7-98e2-1f44a79faff5
        Timeout: 00:00:59
        IsImplicitlyCancellable: True
}
7: CustomTrackingRecord [1.26] "iCPSTraceTrackingRecord"
8: WorkflowInstance "GetNextFileActivity" is Idle
9: Bookmark "7754f059-1faa-4616-a63e-dab74e71dbf6" resumed with payload &lt;iCore.Workflow.Activities.Extensions.ItemSubscriptionEventArgs`1[iCore.Common.Utilities.FileSystemWatcher.FileSystemWatcherFileInfo]&gt; owner [1.26] "GetNextFile1"
10: CustomTrackingRecord [1.26] "iCPSTraceTrackingRecord"
11: Activity [1.26] "GetNextFile1" is Closed
{
    Arguments
        ErrorOnTimeout: False
        SubscriptionId: f179688a-dfc0-43f7-98e2-1f44a79faff5
        FileName: 
        Timeout: 00:00:59
        FileFullName: 
        IsImplicitlyCancellable: True
        WatchType: 0
}
12: Activity [1.1] "Sequence" scheduled child activity [1.19] "AssignProcessingFileName1"
13: Activity [1.19] "AssignProcessingFileName1" is Executing
{
    Arguments
        Value: 
}
14: Activity [1.19] "AssignProcessingFileName1" is Closed
{
    Arguments
        Value: 
        To: 
}
15: Activity [1.1] "Sequence" scheduled child activity [1.11] "AssignProcessingFilePath1"
16: Activity [1.11] "AssignProcessingFilePath1" is Executing
{
    Arguments
        Value: 
}
17: Activity [1.11] "AssignProcessingFilePath1" is Closed
{
    Arguments
        Value: 
        To: 
}
18: Activity [1.1] "Sequence" scheduled child activity [1.2] "RenameFileCheck1"
19: Activity [1.2] "RenameFileCheck1" is Executing
{
    Arguments
        Condition: False
}
20: Activity [1.2] "RenameFileCheck1" is Closed
{
    Arguments
        Condition: False
}
21: Activity [1.1] "Sequence" is Closed
{
    Variables
        _5ef1bf98_84fe_487c_bb8a_8079780ebfc1_258: 0
}
22: Activity [1] "GetNextFileActivity" is Closed
{
    Arguments
        ErrorOnTimeout: False
        SubscriptionId: f179688a-dfc0-43f7-98e2-1f44a79faff5
        Timeout: 00:00:59
        Rename: True
        OriginalFileName: 
        ProcessingFilePath: 
        MoveFileToDirectory: a:\nother\directory\path
        IsImplicitlyCancellable: True
        ProcessingFileName: 
        OriginalFilePath: 
}
23: WorkflowInstance "GetNextFileActivity" is Completed</StdOut>
      </Output>
    </UnitTestResult>
    <UnitTestResult executionId="53fe1d96-ac9a-4995-b010-f9f54e7d56ef" testId="f7f96160-e998-1b7a-b548-c7a8af03bc5f" testName="Invoke_RenameMoveNoErrorOnTimeoutNoFileFound_OutArgumentProcessingFilePathIsNull" computerName="ICSWS068" duration="00:00:00.0051652" startTime="2016-08-04T09:58:42.9660890+02:00" endTime="2016-08-04T09:58:42.9736114+02:00" testType="13cdc9d9-ddb5-4fa4-a97d-d965ccfc6d4b" outcome="Passed" testListId="8c84fa94-04c1-424b-9868-57a2d4851a1d" relativeResultsDirectory="53fe1d96-ac9a-4995-b010-f9f54e7d56ef">
      <Output>
        <StdOut>Debug Trace:
0: WorkflowInstance "GetNextFileActivity" is Started
1: Activity [null] "null" scheduled child activity [1] "GetNextFileActivity"
2: Activity [1] "GetNextFileActivity" is Executing
{
    Arguments
        ErrorOnTimeout: False
        SubscriptionId: 37d45ab2-d272-4613-9878-27bcb4391163
        Timeout: 00:00:59
        Rename: True
        MoveFileToDirectory: a:\nother\directory\path
        IsImplicitlyCancellable: True
}
3: Activity [1] "GetNextFileActivity" scheduled child activity [1.1] "Sequence"
4: Activity [1.1] "Sequence" is Executing
{
    Variables
        _5ef1bf98_84fe_487c_bb8a_8079780ebfc1_259: 0
}
5: Activity [1.1] "Sequence" scheduled child activity [1.26] "GetNextFile1"
6: Activity [1.26] "GetNextFile1" is Executing
{
    Arguments
        ErrorOnTimeout: False
        SubscriptionId: 37d45ab2-d272-4613-9878-27bcb4391163
        Timeout: 00:00:59
        IsImplicitlyCancellable: True
}
7: CustomTrackingRecord [1.26] "iCPSTraceTrackingRecord"
8: WorkflowInstance "GetNextFileActivity" is Idle
9: Bookmark "6462eb30-0056-44d3-bda9-4868e9e80ba3" resumed with payload &lt;iCore.Workflow.Activities.Extensions.ItemSubscriptionEventArgs`1[iCore.Common.Utilities.FileSystemWatcher.FileSystemWatcherFileInfo]&gt; owner [1.26] "GetNextFile1"
10: CustomTrackingRecord [1.26] "iCPSTraceTrackingRecord"
11: Activity [1.26] "GetNextFile1" is Closed
{
    Arguments
        ErrorOnTimeout: False
        SubscriptionId: 37d45ab2-d272-4613-9878-27bcb4391163
        FileName: 
        Timeout: 00:00:59
        FileFullName: 
        IsImplicitlyCancellable: True
        WatchType: 0
}
12: Activity [1.1] "Sequence" scheduled child activity [1.19] "AssignProcessingFileName1"
13: Activity [1.19] "AssignProcessingFileName1" is Executing
{
    Arguments
        Value: 
}
14: Activity [1.19] "AssignProcessingFileName1" is Closed
{
    Arguments
        Value: 
        To: 
}
15: Activity [1.1] "Sequence" scheduled child activity [1.11] "AssignProcessingFilePath1"
16: Activity [1.11] "AssignProcessingFilePath1" is Executing
{
    Arguments
        Value: 
}
17: Activity [1.11] "AssignProcessingFilePath1" is Closed
{
    Arguments
        Value: 
        To: 
}
18: Activity [1.1] "Sequence" scheduled child activity [1.2] "RenameFileCheck1"
19: Activity [1.2] "RenameFileCheck1" is Executing
{
    Arguments
        Condition: False
}
20: Activity [1.2] "RenameFileCheck1" is Closed
{
    Arguments
        Condition: False
}
21: Activity [1.1] "Sequence" is Closed
{
    Variables
        _5ef1bf98_84fe_487c_bb8a_8079780ebfc1_260: 0
}
22: Activity [1] "GetNextFileActivity" is Closed
{
    Arguments
        ErrorOnTimeout: False
        SubscriptionId: 37d45ab2-d272-4613-9878-27bcb4391163
        Timeout: 00:00:59
        Rename: True
        OriginalFileName: 
        ProcessingFilePath: 
        MoveFileToDirectory: a:\nother\directory\path
        IsImplicitlyCancellable: True
        ProcessingFileName: 
        OriginalFilePath: 
}
23: WorkflowInstance "GetNextFileActivity" is Completed</StdOut>
      </Output>
    </UnitTestResult>
    <UnitTestResult executionId="29038f29-238f-4656-bd45-16b452d44b05" testId="19fdd1f9-8416-f074-0185-3441daf53619" testName="Invoke_RenameMoveNoErrorOnTimeoutNoFileFound_OutArgumentOriginalFileNameIsNull" computerName="ICSWS068" duration="00:00:00.0049617" startTime="2016-08-04T09:58:42.9775993+02:00" endTime="2016-08-04T09:58:42.9842224+02:00" testType="13cdc9d9-ddb5-4fa4-a97d-d965ccfc6d4b" outcome="Passed" testListId="8c84fa94-04c1-424b-9868-57a2d4851a1d" relativeResultsDirectory="29038f29-238f-4656-bd45-16b452d44b05">
      <Output>
        <StdOut>Debug Trace:
0: WorkflowInstance "GetNextFileActivity" is Started
1: Activity [null] "null" scheduled child activity [1] "GetNextFileActivity"
2: Activity [1] "GetNextFileActivity" is Executing
{
    Arguments
        ErrorOnTimeout: False
        SubscriptionId: 86a55b04-b8d1-40f1-baf1-444d83ea52d6
        Timeout: 00:00:59
        Rename: True
        MoveFileToDirectory: a:\nother\directory\path
        IsImplicitlyCancellable: True
}
3: Activity [1] "GetNextFileActivity" scheduled child activity [1.1] "Sequence"
4: Activity [1.1] "Sequence" is Executing
{
    Variables
        _5ef1bf98_84fe_487c_bb8a_8079780ebfc1_261: 0
}
5: Activity [1.1] "Sequence" scheduled child activity [1.26] "GetNextFile1"
6: Activity [1.26] "GetNextFile1" is Executing
{
    Arguments
        ErrorOnTimeout: False
        SubscriptionId: 86a55b04-b8d1-40f1-baf1-444d83ea52d6
        Timeout: 00:00:59
        IsImplicitlyCancellable: True
}
7: CustomTrackingRecord [1.26] "iCPSTraceTrackingRecord"
8: WorkflowInstance "GetNextFileActivity" is Idle
9: Bookmark "ab2e1fdb-2a0f-4436-a6cb-8033a3fd75a1" resumed with payload &lt;iCore.Workflow.Activities.Extensions.ItemSubscriptionEventArgs`1[iCore.Common.Utilities.FileSystemWatcher.FileSystemWatcherFileInfo]&gt; owner [1.26] "GetNextFile1"
10: CustomTrackingRecord [1.26] "iCPSTraceTrackingRecord"
11: Activity [1.26] "GetNextFile1" is Closed
{
    Arguments
        ErrorOnTimeout: False
        SubscriptionId: 86a55b04-b8d1-40f1-baf1-444d83ea52d6
        FileName: 
        Timeout: 00:00:59
        FileFullName: 
        IsImplicitlyCancellable: True
        WatchType: 0
}
12: Activity [1.1] "Sequence" scheduled child activity [1.19] "AssignProcessingFileName1"
13: Activity [1.19] "AssignProcessingFileName1" is Executing
{
    Arguments
        Value: 
}
14: Activity [1.19] "AssignProcessingFileName1" is Closed
{
    Arguments
        Value: 
        To: 
}
15: Activity [1.1] "Sequence" scheduled child activity [1.11] "AssignProcessingFilePath1"
16: Activity [1.11] "AssignProcessingFilePath1" is Executing
{
    Arguments
        Value: 
}
17: Activity [1.11] "AssignProcessingFilePath1" is Closed
{
    Arguments
        Value: 
        To: 
}
18: Activity [1.1] "Sequence" scheduled child activity [1.2] "RenameFileCheck1"
19: Activity [1.2] "RenameFileCheck1" is Executing
{
    Arguments
        Condition: False
}
20: Activity [1.2] "RenameFileCheck1" is Closed
{
    Arguments
        Condition: False
}
21: Activity [1.1] "Sequence" is Closed
{
    Variables
        _5ef1bf98_84fe_487c_bb8a_8079780ebfc1_262: 0
}
22: Activity [1] "GetNextFileActivity" is Closed
{
    Arguments
        ErrorOnTimeout: False
        SubscriptionId: 86a55b04-b8d1-40f1-baf1-444d83ea52d6
        Timeout: 00:00:59
        Rename: True
        OriginalFileName: 
        ProcessingFilePath: 
        MoveFileToDirectory: a:\nother\directory\path
        IsImplicitlyCancellable: True
        ProcessingFileName: 
        OriginalFilePath: 
}
23: WorkflowInstance "GetNextFileActivity" is Completed</StdOut>
      </Output>
    </UnitTestResult>
    <UnitTestResult executionId="844970c7-2ddf-4dda-b6fd-425b175d138f" testId="7cc115b7-b1e7-1a11-bfb7-fd8232f09732" testName="Invoke_RenameMoveNoErrorOnTimeoutNoFileFound_OutArgumentOriginalFilePathIsNull" computerName="ICSWS068" duration="00:00:00.0039635" startTime="2016-08-04T09:58:42.9877259+02:00" endTime="2016-08-04T09:58:42.9927311+02:00" testType="13cdc9d9-ddb5-4fa4-a97d-d965ccfc6d4b" outcome="Passed" testListId="8c84fa94-04c1-424b-9868-57a2d4851a1d" relativeResultsDirectory="844970c7-2ddf-4dda-b6fd-425b175d138f">
      <Output>
        <StdOut>Debug Trace:
0: WorkflowInstance "GetNextFileActivity" is Started
1: Activity [null] "null" scheduled child activity [1] "GetNextFileActivity"
2: Activity [1] "GetNextFileActivity" is Executing
{
    Arguments
        ErrorOnTimeout: False
        SubscriptionId: d83719ea-0123-4033-b5ef-5fdb379fcf3b
        Timeout: 00:00:59
        Rename: True
        MoveFileToDirectory: a:\nother\directory\path
        IsImplicitlyCancellable: True
}
3: Activity [1] "GetNextFileActivity" scheduled child activity [1.1] "Sequence"
4: Activity [1.1] "Sequence" is Executing
{
    Variables
        _5ef1bf98_84fe_487c_bb8a_8079780ebfc1_263: 0
}
5: Activity [1.1] "Sequence" scheduled child activity [1.26] "GetNextFile1"
6: Activity [1.26] "GetNextFile1" is Executing
{
    Arguments
        ErrorOnTimeout: False
        SubscriptionId: d83719ea-0123-4033-b5ef-5fdb379fcf3b
        Timeout: 00:00:59
        IsImplicitlyCancellable: True
}
7: CustomTrackingRecord [1.26] "iCPSTraceTrackingRecord"
8: WorkflowInstance "GetNextFileActivity" is Idle
9: Bookmark "b1c56a7c-b690-4e43-877a-b998daa6d77e" resumed with payload &lt;iCore.Workflow.Activities.Extensions.ItemSubscriptionEventArgs`1[iCore.Common.Utilities.FileSystemWatcher.FileSystemWatcherFileInfo]&gt; owner [1.26] "GetNextFile1"
10: CustomTrackingRecord [1.26] "iCPSTraceTrackingRecord"
11: Activity [1.26] "GetNextFile1" is Closed
{
    Arguments
        ErrorOnTimeout: False
        SubscriptionId: d83719ea-0123-4033-b5ef-5fdb379fcf3b
        FileName: 
        Timeout: 00:00:59
        FileFullName: 
        IsImplicitlyCancellable: True
        WatchType: 0
}
12: Activity [1.1] "Sequence" scheduled child activity [1.19] "AssignProcessingFileName1"
13: Activity [1.19] "AssignProcessingFileName1" is Executing
{
    Arguments
        Value: 
}
14: Activity [1.19] "AssignProcessingFileName1" is Closed
{
    Arguments
        Value: 
        To: 
}
15: Activity [1.1] "Sequence" scheduled child activity [1.11] "AssignProcessingFilePath1"
16: Activity [1.11] "AssignProcessingFilePath1" is Executing
{
    Arguments
        Value: 
}
17: Activity [1.11] "AssignProcessingFilePath1" is Closed
{
    Arguments
        Value: 
        To: 
}
18: Activity [1.1] "Sequence" scheduled child activity [1.2] "RenameFileCheck1"
19: Activity [1.2] "RenameFileCheck1" is Executing
{
    Arguments
        Condition: False
}
20: Activity [1.2] "RenameFileCheck1" is Closed
{
    Arguments
        Condition: False
}
21: Activity [1.1] "Sequence" is Closed
{
    Variables
        _5ef1bf98_84fe_487c_bb8a_8079780ebfc1_264: 0
}
22: Activity [1] "GetNextFileActivity" is Closed
{
    Arguments
        ErrorOnTimeout: False
        SubscriptionId: d83719ea-0123-4033-b5ef-5fdb379fcf3b
        Timeout: 00:00:59
        Rename: True
        OriginalFileName: 
        ProcessingFilePath: 
        MoveFileToDirectory: a:\nother\directory\path
        IsImplicitlyCancellable: True
        ProcessingFileName: 
        OriginalFilePath: 
}
23: WorkflowInstance "GetNextFileActivity" is Completed</StdOut>
      </Output>
    </UnitTestResult>
    <UnitTestResult executionId="99db6b35-c39c-48fc-898b-897547100dde" testId="dcdcacc7-3a59-9f5c-3519-7e1f8456274b" testName="Invoke_RenameNoMoveNoErrorOnTimeoutNoFileFound_OutArgumentProcessingFileNameIsNull" computerName="ICSWS068" duration="00:00:00.0043218" startTime="2016-08-04T09:58:42.9967339+02:00" endTime="2016-08-04T09:58:43.0022376+02:00" testType="13cdc9d9-ddb5-4fa4-a97d-d965ccfc6d4b" outcome="Passed" testListId="8c84fa94-04c1-424b-9868-57a2d4851a1d" relativeResultsDirectory="99db6b35-c39c-48fc-898b-897547100dde">
      <Output>
        <StdOut>Debug Trace:
0: WorkflowInstance "GetNextFileActivity" is Started
1: Activity [null] "null" scheduled child activity [1] "GetNextFileActivity"
2: Activity [1] "GetNextFileActivity" is Executing
{
    Arguments
        ErrorOnTimeout: False
        SubscriptionId: 5a926340-56b4-404f-b2c2-73dd4b691b9d
        Timeout: 00:00:59
        Rename: True
        MoveFileToDirectory: 
        IsImplicitlyCancellable: True
}
3: Activity [1] "GetNextFileActivity" scheduled child activity [1.1] "Sequence"
4: Activity [1.1] "Sequence" is Executing
{
    Variables
        _5ef1bf98_84fe_487c_bb8a_8079780ebfc1_265: 0
}
5: Activity [1.1] "Sequence" scheduled child activity [1.26] "GetNextFile1"
6: Activity [1.26] "GetNextFile1" is Executing
{
    Arguments
        ErrorOnTimeout: False
        SubscriptionId: 5a926340-56b4-404f-b2c2-73dd4b691b9d
        Timeout: 00:00:59
        IsImplicitlyCancellable: True
}
7: CustomTrackingRecord [1.26] "iCPSTraceTrackingRecord"
8: WorkflowInstance "GetNextFileActivity" is Idle
9: Bookmark "55a264f0-1b98-4fc5-87b5-73765765d8be" resumed with payload &lt;iCore.Workflow.Activities.Extensions.ItemSubscriptionEventArgs`1[iCore.Common.Utilities.FileSystemWatcher.FileSystemWatcherFileInfo]&gt; owner [1.26] "GetNextFile1"
10: CustomTrackingRecord [1.26] "iCPSTraceTrackingRecord"
11: Activity [1.26] "GetNextFile1" is Closed
{
    Arguments
        ErrorOnTimeout: False
        SubscriptionId: 5a926340-56b4-404f-b2c2-73dd4b691b9d
        FileName: 
        Timeout: 00:00:59
        FileFullName: 
        IsImplicitlyCancellable: True
        WatchType: 0
}
12: Activity [1.1] "Sequence" scheduled child activity [1.19] "AssignProcessingFileName1"
13: Activity [1.19] "AssignProcessingFileName1" is Executing
{
    Arguments
        Value: 
}
14: Activity [1.19] "AssignProcessingFileName1" is Closed
{
    Arguments
        Value: 
        To: 
}
15: Activity [1.1] "Sequence" scheduled child activity [1.11] "AssignProcessingFilePath1"
16: Activity [1.11] "AssignProcessingFilePath1" is Executing
{
    Arguments
        Value: 
}
17: Activity [1.11] "AssignProcessingFilePath1" is Closed
{
    Arguments
        Value: 
        To: 
}
18: Activity [1.1] "Sequence" scheduled child activity [1.2] "RenameFileCheck1"
19: Activity [1.2] "RenameFileCheck1" is Executing
{
    Arguments
        Condition: False
}
20: Activity [1.2] "RenameFileCheck1" is Closed
{
    Arguments
        Condition: False
}
21: Activity [1.1] "Sequence" is Closed
{
    Variables
        _5ef1bf98_84fe_487c_bb8a_8079780ebfc1_266: 0
}
22: Activity [1] "GetNextFileActivity" is Closed
{
    Arguments
        ErrorOnTimeout: False
        SubscriptionId: 5a926340-56b4-404f-b2c2-73dd4b691b9d
        Timeout: 00:00:59
        Rename: True
        OriginalFileName: 
        ProcessingFilePath: 
        MoveFileToDirectory: 
        IsImplicitlyCancellable: True
        ProcessingFileName: 
        OriginalFilePath: 
}
23: WorkflowInstance "GetNextFileActivity" is Completed</StdOut>
      </Output>
    </UnitTestResult>
    <UnitTestResult executionId="5c5f42ba-05f1-43dc-90a4-c0387ed5bf2b" testId="04f214a1-a1d9-9bab-015c-5785ca956fe0" testName="Invoke_RenameNoMoveNoErrorOnTimeoutNoFileFound_OutArgumentProcessingFilePathIsNull" computerName="ICSWS068" duration="00:00:00.0041711" startTime="2016-08-04T09:58:43.0057405+02:00" endTime="2016-08-04T09:58:43.0112439+02:00" testType="13cdc9d9-ddb5-4fa4-a97d-d965ccfc6d4b" outcome="Passed" testListId="8c84fa94-04c1-424b-9868-57a2d4851a1d" relativeResultsDirectory="5c5f42ba-05f1-43dc-90a4-c0387ed5bf2b">
      <Output>
        <StdOut>Debug Trace:
0: WorkflowInstance "GetNextFileActivity" is Started
1: Activity [null] "null" scheduled child activity [1] "GetNextFileActivity"
2: Activity [1] "GetNextFileActivity" is Executing
{
    Arguments
        ErrorOnTimeout: False
        SubscriptionId: 2c7c9ba9-b0dd-44f6-9a84-07b56f3535fd
        Timeout: 00:00:59
        Rename: True
        MoveFileToDirectory: 
        IsImplicitlyCancellable: True
}
3: Activity [1] "GetNextFileActivity" scheduled child activity [1.1] "Sequence"
4: Activity [1.1] "Sequence" is Executing
{
    Variables
        _5ef1bf98_84fe_487c_bb8a_8079780ebfc1_267: 0
}
5: Activity [1.1] "Sequence" scheduled child activity [1.26] "GetNextFile1"
6: Activity [1.26] "GetNextFile1" is Executing
{
    Arguments
        ErrorOnTimeout: False
        SubscriptionId: 2c7c9ba9-b0dd-44f6-9a84-07b56f3535fd
        Timeout: 00:00:59
        IsImplicitlyCancellable: True
}
7: CustomTrackingRecord [1.26] "iCPSTraceTrackingRecord"
8: WorkflowInstance "GetNextFileActivity" is Idle
9: Bookmark "954adbb9-3cdd-48b1-9d10-71fd0c4b7435" resumed with payload &lt;iCore.Workflow.Activities.Extensions.ItemSubscriptionEventArgs`1[iCore.Common.Utilities.FileSystemWatcher.FileSystemWatcherFileInfo]&gt; owner [1.26] "GetNextFile1"
10: CustomTrackingRecord [1.26] "iCPSTraceTrackingRecord"
11: Activity [1.26] "GetNextFile1" is Closed
{
    Arguments
        ErrorOnTimeout: False
        SubscriptionId: 2c7c9ba9-b0dd-44f6-9a84-07b56f3535fd
        FileName: 
        Timeout: 00:00:59
        FileFullName: 
        IsImplicitlyCancellable: True
        WatchType: 0
}
12: Activity [1.1] "Sequence" scheduled child activity [1.19] "AssignProcessingFileName1"
13: Activity [1.19] "AssignProcessingFileName1" is Executing
{
    Arguments
        Value: 
}
14: Activity [1.19] "AssignProcessingFileName1" is Closed
{
    Arguments
        Value: 
        To: 
}
15: Activity [1.1] "Sequence" scheduled child activity [1.11] "AssignProcessingFilePath1"
16: Activity [1.11] "AssignProcessingFilePath1" is Executing
{
    Arguments
        Value: 
}
17: Activity [1.11] "AssignProcessingFilePath1" is Closed
{
    Arguments
        Value: 
        To: 
}
18: Activity [1.1] "Sequence" scheduled child activity [1.2] "RenameFileCheck1"
19: Activity [1.2] "RenameFileCheck1" is Executing
{
    Arguments
        Condition: False
}
20: Activity [1.2] "RenameFileCheck1" is Closed
{
    Arguments
        Condition: False
}
21: Activity [1.1] "Sequence" is Closed
{
    Variables
        _5ef1bf98_84fe_487c_bb8a_8079780ebfc1_268: 0
}
22: Activity [1] "GetNextFileActivity" is Closed
{
    Arguments
        ErrorOnTimeout: False
        SubscriptionId: 2c7c9ba9-b0dd-44f6-9a84-07b56f3535fd
        Timeout: 00:00:59
        Rename: True
        OriginalFileName: 
        ProcessingFilePath: 
        MoveFileToDirectory: 
        IsImplicitlyCancellable: True
        ProcessingFileName: 
        OriginalFilePath: 
}
23: WorkflowInstance "GetNextFileActivity" is Completed</StdOut>
      </Output>
    </UnitTestResult>
    <UnitTestResult executionId="dc569f92-5d24-45b3-9b9c-b7483a56408d" testId="ff780923-3d68-22b4-2fc8-d9f4a7f3ec2a" testName="Invoke_RenameNoMoveNoErrorOnTimeoutNoFileFound_OutArgumentOriginalFileNameIsNull" computerName="ICSWS068" duration="00:00:00.0040814" startTime="2016-08-04T09:58:43.0147629+02:00" endTime="2016-08-04T09:58:43.0202508+02:00" testType="13cdc9d9-ddb5-4fa4-a97d-d965ccfc6d4b" outcome="Passed" testListId="8c84fa94-04c1-424b-9868-57a2d4851a1d" relativeResultsDirectory="dc569f92-5d24-45b3-9b9c-b7483a56408d">
      <Output>
        <StdOut>Debug Trace:
0: WorkflowInstance "GetNextFileActivity" is Started
1: Activity [null] "null" scheduled child activity [1] "GetNextFileActivity"
2: Activity [1] "GetNextFileActivity" is Executing
{
    Arguments
        ErrorOnTimeout: False
        SubscriptionId: 77821350-4887-4981-a5c2-707273913c94
        Timeout: 00:00:59
        Rename: True
        MoveFileToDirectory: 
        IsImplicitlyCancellable: True
}
3: Activity [1] "GetNextFileActivity" scheduled child activity [1.1] "Sequence"
4: Activity [1.1] "Sequence" is Executing
{
    Variables
        _5ef1bf98_84fe_487c_bb8a_8079780ebfc1_269: 0
}
5: Activity [1.1] "Sequence" scheduled child activity [1.26] "GetNextFile1"
6: Activity [1.26] "GetNextFile1" is Executing
{
    Arguments
        ErrorOnTimeout: False
        SubscriptionId: 77821350-4887-4981-a5c2-707273913c94
        Timeout: 00:00:59
        IsImplicitlyCancellable: True
}
7: CustomTrackingRecord [1.26] "iCPSTraceTrackingRecord"
8: WorkflowInstance "GetNextFileActivity" is Idle
9: Bookmark "8cf30161-efd6-4d6e-8ca7-c8a8fd344188" resumed with payload &lt;iCore.Workflow.Activities.Extensions.ItemSubscriptionEventArgs`1[iCore.Common.Utilities.FileSystemWatcher.FileSystemWatcherFileInfo]&gt; owner [1.26] "GetNextFile1"
10: CustomTrackingRecord [1.26] "iCPSTraceTrackingRecord"
11: Activity [1.26] "GetNextFile1" is Closed
{
    Arguments
        ErrorOnTimeout: False
        SubscriptionId: 77821350-4887-4981-a5c2-707273913c94
        FileName: 
        Timeout: 00:00:59
        FileFullName: 
        IsImplicitlyCancellable: True
        WatchType: 0
}
12: Activity [1.1] "Sequence" scheduled child activity [1.19] "AssignProcessingFileName1"
13: Activity [1.19] "AssignProcessingFileName1" is Executing
{
    Arguments
        Value: 
}
14: Activity [1.19] "AssignProcessingFileName1" is Closed
{
    Arguments
        Value: 
        To: 
}
15: Activity [1.1] "Sequence" scheduled child activity [1.11] "AssignProcessingFilePath1"
16: Activity [1.11] "AssignProcessingFilePath1" is Executing
{
    Arguments
        Value: 
}
17: Activity [1.11] "AssignProcessingFilePath1" is Closed
{
    Arguments
        Value: 
        To: 
}
18: Activity [1.1] "Sequence" scheduled child activity [1.2] "RenameFileCheck1"
19: Activity [1.2] "RenameFileCheck1" is Executing
{
    Arguments
        Condition: False
}
20: Activity [1.2] "RenameFileCheck1" is Closed
{
    Arguments
        Condition: False
}
21: Activity [1.1] "Sequence" is Closed
{
    Variables
        _5ef1bf98_84fe_487c_bb8a_8079780ebfc1_270: 0
}
22: Activity [1] "GetNextFileActivity" is Closed
{
    Arguments
        ErrorOnTimeout: False
        SubscriptionId: 77821350-4887-4981-a5c2-707273913c94
        Timeout: 00:00:59
        Rename: True
        OriginalFileName: 
        ProcessingFilePath: 
        MoveFileToDirectory: 
        IsImplicitlyCancellable: True
        ProcessingFileName: 
        OriginalFilePath: 
}
23: WorkflowInstance "GetNextFileActivity" is Completed</StdOut>
      </Output>
    </UnitTestResult>
    <UnitTestResult executionId="8a9c09d1-f1f3-4178-a250-b72325a180f8" testId="d42e899a-2ca0-efc5-9510-406fd309c7d9" testName="Invoke_RenameNoMoveNoErrorOnTimeoutNoFileFound_OutArgumentOriginalFilePathIsNull" computerName="ICSWS068" duration="00:00:00.0047245" startTime="2016-08-04T09:58:43.0232540+02:00" endTime="2016-08-04T09:58:43.0292571+02:00" testType="13cdc9d9-ddb5-4fa4-a97d-d965ccfc6d4b" outcome="Passed" testListId="8c84fa94-04c1-424b-9868-57a2d4851a1d" relativeResultsDirectory="8a9c09d1-f1f3-4178-a250-b72325a180f8">
      <Output>
        <StdOut>Debug Trace:
0: WorkflowInstance "GetNextFileActivity" is Started
1: Activity [null] "null" scheduled child activity [1] "GetNextFileActivity"
2: Activity [1] "GetNextFileActivity" is Executing
{
    Arguments
        ErrorOnTimeout: False
        SubscriptionId: 94d35bac-fe6a-4695-9e03-af329d17a697
        Timeout: 00:00:59
        Rename: True
        MoveFileToDirectory: 
        IsImplicitlyCancellable: True
}
3: Activity [1] "GetNextFileActivity" scheduled child activity [1.1] "Sequence"
4: Activity [1.1] "Sequence" is Executing
{
    Variables
        _5ef1bf98_84fe_487c_bb8a_8079780ebfc1_271: 0
}
5: Activity [1.1] "Sequence" scheduled child activity [1.26] "GetNextFile1"
6: Activity [1.26] "GetNextFile1" is Executing
{
    Arguments
        ErrorOnTimeout: False
        SubscriptionId: 94d35bac-fe6a-4695-9e03-af329d17a697
        Timeout: 00:00:59
        IsImplicitlyCancellable: True
}
7: CustomTrackingRecord [1.26] "iCPSTraceTrackingRecord"
8: WorkflowInstance "GetNextFileActivity" is Idle
9: Bookmark "58e8c29d-0b93-415d-a88a-9c6fef541f89" resumed with payload &lt;iCore.Workflow.Activities.Extensions.ItemSubscriptionEventArgs`1[iCore.Common.Utilities.FileSystemWatcher.FileSystemWatcherFileInfo]&gt; owner [1.26] "GetNextFile1"
10: CustomTrackingRecord [1.26] "iCPSTraceTrackingRecord"
11: Activity [1.26] "GetNextFile1" is Closed
{
    Arguments
        ErrorOnTimeout: False
        SubscriptionId: 94d35bac-fe6a-4695-9e03-af329d17a697
        FileName: 
        Timeout: 00:00:59
        FileFullName: 
        IsImplicitlyCancellable: True
        WatchType: 0
}
12: Activity [1.1] "Sequence" scheduled child activity [1.19] "AssignProcessingFileName1"
13: Activity [1.19] "AssignProcessingFileName1" is Executing
{
    Arguments
        Value: 
}
14: Activity [1.19] "AssignProcessingFileName1" is Closed
{
    Arguments
        Value: 
        To: 
}
15: Activity [1.1] "Sequence" scheduled child activity [1.11] "AssignProcessingFilePath1"
16: Activity [1.11] "AssignProcessingFilePath1" is Executing
{
    Arguments
        Value: 
}
17: Activity [1.11] "AssignProcessingFilePath1" is Closed
{
    Arguments
        Value: 
        To: 
}
18: Activity [1.1] "Sequence" scheduled child activity [1.2] "RenameFileCheck1"
19: Activity [1.2] "RenameFileCheck1" is Executing
{
    Arguments
        Condition: False
}
20: Activity [1.2] "RenameFileCheck1" is Closed
{
    Arguments
        Condition: False
}
21: Activity [1.1] "Sequence" is Closed
{
    Variables
        _5ef1bf98_84fe_487c_bb8a_8079780ebfc1_272: 0
}
22: Activity [1] "GetNextFileActivity" is Closed
{
    Arguments
        ErrorOnTimeout: False
        SubscriptionId: 94d35bac-fe6a-4695-9e03-af329d17a697
        Timeout: 00:00:59
        Rename: True
        OriginalFileName: 
        ProcessingFilePath: 
        MoveFileToDirectory: 
        IsImplicitlyCancellable: True
        ProcessingFileName: 
        OriginalFilePath: 
}
23: WorkflowInstance "GetNextFileActivity" is Completed</StdOut>
      </Output>
    </UnitTestResult>
    <UnitTestResult executionId="d7595660-3121-4a6c-8db3-bce617a01c23" testId="d5569f51-71a3-1477-0939-1f225d7f9c79" testName="Invoke_NoRenameMoveNoErrorOnTimeoutNoFileFound_OutArgumentProcessingFileNameIsNull" computerName="ICSWS068" duration="00:00:00.0048969" startTime="2016-08-04T09:58:43.0332612+02:00" endTime="2016-08-04T09:58:43.0397819+02:00" testType="13cdc9d9-ddb5-4fa4-a97d-d965ccfc6d4b" outcome="Passed" testListId="8c84fa94-04c1-424b-9868-57a2d4851a1d" relativeResultsDirectory="d7595660-3121-4a6c-8db3-bce617a01c23">
      <Output>
        <StdOut>Debug Trace:
0: WorkflowInstance "GetNextFileActivity" is Started
1: Activity [null] "null" scheduled child activity [1] "GetNextFileActivity"
2: Activity [1] "GetNextFileActivity" is Executing
{
    Arguments
        ErrorOnTimeout: False
        SubscriptionId: cde1a9ca-ef75-466a-b2b3-dfc51c195305
        Timeout: 00:00:59
        Rename: False
        MoveFileToDirectory: a:\nother\directory\path
        IsImplicitlyCancellable: True
}
3: Activity [1] "GetNextFileActivity" scheduled child activity [1.1] "Sequence"
4: Activity [1.1] "Sequence" is Executing
{
    Variables
        _5ef1bf98_84fe_487c_bb8a_8079780ebfc1_273: 0
}
5: Activity [1.1] "Sequence" scheduled child activity [1.26] "GetNextFile1"
6: Activity [1.26] "GetNextFile1" is Executing
{
    Arguments
        ErrorOnTimeout: False
        SubscriptionId: cde1a9ca-ef75-466a-b2b3-dfc51c195305
        Timeout: 00:00:59
        IsImplicitlyCancellable: True
}
7: CustomTrackingRecord [1.26] "iCPSTraceTrackingRecord"
8: WorkflowInstance "GetNextFileActivity" is Idle
9: Bookmark "3bc61267-fab5-4f1f-b933-525618f26a79" resumed with payload &lt;iCore.Workflow.Activities.Extensions.ItemSubscriptionEventArgs`1[iCore.Common.Utilities.FileSystemWatcher.FileSystemWatcherFileInfo]&gt; owner [1.26] "GetNextFile1"
10: CustomTrackingRecord [1.26] "iCPSTraceTrackingRecord"
11: Activity [1.26] "GetNextFile1" is Closed
{
    Arguments
        ErrorOnTimeout: False
        SubscriptionId: cde1a9ca-ef75-466a-b2b3-dfc51c195305
        FileName: 
        Timeout: 00:00:59
        FileFullName: 
        IsImplicitlyCancellable: True
        WatchType: 0
}
12: Activity [1.1] "Sequence" scheduled child activity [1.19] "AssignProcessingFileName1"
13: Activity [1.19] "AssignProcessingFileName1" is Executing
{
    Arguments
        Value: 
}
14: Activity [1.19] "AssignProcessingFileName1" is Closed
{
    Arguments
        Value: 
        To: 
}
15: Activity [1.1] "Sequence" scheduled child activity [1.11] "AssignProcessingFilePath1"
16: Activity [1.11] "AssignProcessingFilePath1" is Executing
{
    Arguments
        Value: 
}
17: Activity [1.11] "AssignProcessingFilePath1" is Closed
{
    Arguments
        Value: 
        To: 
}
18: Activity [1.1] "Sequence" scheduled child activity [1.2] "RenameFileCheck1"
19: Activity [1.2] "RenameFileCheck1" is Executing
{
    Arguments
        Condition: False
}
20: Activity [1.2] "RenameFileCheck1" is Closed
{
    Arguments
        Condition: False
}
21: Activity [1.1] "Sequence" is Closed
{
    Variables
        _5ef1bf98_84fe_487c_bb8a_8079780ebfc1_274: 0
}
22: Activity [1] "GetNextFileActivity" is Closed
{
    Arguments
        ErrorOnTimeout: False
        SubscriptionId: cde1a9ca-ef75-466a-b2b3-dfc51c195305
        Timeout: 00:00:59
        Rename: False
        OriginalFileName: 
        ProcessingFilePath: 
        MoveFileToDirectory: a:\nother\directory\path
        IsImplicitlyCancellable: True
        ProcessingFileName: 
        OriginalFilePath: 
}
23: WorkflowInstance "GetNextFileActivity" is Completed</StdOut>
      </Output>
    </UnitTestResult>
    <UnitTestResult executionId="f6a884b3-a962-48a1-bb01-cde44edc1361" testId="7464631d-491e-1285-3b29-4563c6c99f6d" testName="Invoke_NoRenameMoveNoErrorOnTimeoutNoFileFound_OutArgumentProcessingFilePathIsNull" computerName="ICSWS068" duration="00:00:00.0046550" startTime="2016-08-04T09:58:43.0422680+02:00" endTime="2016-08-04T09:58:43.0486550+02:00" testType="13cdc9d9-ddb5-4fa4-a97d-d965ccfc6d4b" outcome="Passed" testListId="8c84fa94-04c1-424b-9868-57a2d4851a1d" relativeResultsDirectory="f6a884b3-a962-48a1-bb01-cde44edc1361">
      <Output>
        <StdOut>Debug Trace:
0: WorkflowInstance "GetNextFileActivity" is Started
1: Activity [null] "null" scheduled child activity [1] "GetNextFileActivity"
2: Activity [1] "GetNextFileActivity" is Executing
{
    Arguments
        ErrorOnTimeout: False
        SubscriptionId: 19a660e7-d74c-4339-a739-b32066c918c0
        Timeout: 00:00:59
        Rename: False
        MoveFileToDirectory: a:\nother\directory\path
        IsImplicitlyCancellable: True
}
3: Activity [1] "GetNextFileActivity" scheduled child activity [1.1] "Sequence"
4: Activity [1.1] "Sequence" is Executing
{
    Variables
        _5ef1bf98_84fe_487c_bb8a_8079780ebfc1_275: 0
}
5: Activity [1.1] "Sequence" scheduled child activity [1.26] "GetNextFile1"
6: Activity [1.26] "GetNextFile1" is Executing
{
    Arguments
        ErrorOnTimeout: False
        SubscriptionId: 19a660e7-d74c-4339-a739-b32066c918c0
        Timeout: 00:00:59
        IsImplicitlyCancellable: True
}
7: CustomTrackingRecord [1.26] "iCPSTraceTrackingRecord"
8: WorkflowInstance "GetNextFileActivity" is Idle
9: Bookmark "9dda278d-e0d7-4b07-866c-c761ede4a274" resumed with payload &lt;iCore.Workflow.Activities.Extensions.ItemSubscriptionEventArgs`1[iCore.Common.Utilities.FileSystemWatcher.FileSystemWatcherFileInfo]&gt; owner [1.26] "GetNextFile1"
10: CustomTrackingRecord [1.26] "iCPSTraceTrackingRecord"
11: Activity [1.26] "GetNextFile1" is Closed
{
    Arguments
        ErrorOnTimeout: False
        SubscriptionId: 19a660e7-d74c-4339-a739-b32066c918c0
        FileName: 
        Timeout: 00:00:59
        FileFullName: 
        IsImplicitlyCancellable: True
        WatchType: 0
}
12: Activity [1.1] "Sequence" scheduled child activity [1.19] "AssignProcessingFileName1"
13: Activity [1.19] "AssignProcessingFileName1" is Executing
{
    Arguments
        Value: 
}
14: Activity [1.19] "AssignProcessingFileName1" is Closed
{
    Arguments
        Value: 
        To: 
}
15: Activity [1.1] "Sequence" scheduled child activity [1.11] "AssignProcessingFilePath1"
16: Activity [1.11] "AssignProcessingFilePath1" is Executing
{
    Arguments
        Value: 
}
17: Activity [1.11] "AssignProcessingFilePath1" is Closed
{
    Arguments
        Value: 
        To: 
}
18: Activity [1.1] "Sequence" scheduled child activity [1.2] "RenameFileCheck1"
19: Activity [1.2] "RenameFileCheck1" is Executing
{
    Arguments
        Condition: False
}
20: Activity [1.2] "RenameFileCheck1" is Closed
{
    Arguments
        Condition: False
}
21: Activity [1.1] "Sequence" is Closed
{
    Variables
        _5ef1bf98_84fe_487c_bb8a_8079780ebfc1_276: 0
}
22: Activity [1] "GetNextFileActivity" is Closed
{
    Arguments
        ErrorOnTimeout: False
        SubscriptionId: 19a660e7-d74c-4339-a739-b32066c918c0
        Timeout: 00:00:59
        Rename: False
        OriginalFileName: 
        ProcessingFilePath: 
        MoveFileToDirectory: a:\nother\directory\path
        IsImplicitlyCancellable: True
        ProcessingFileName: 
        OriginalFilePath: 
}
23: WorkflowInstance "GetNextFileActivity" is Completed</StdOut>
      </Output>
    </UnitTestResult>
    <UnitTestResult executionId="09ff9431-1115-4816-9f80-1ff55fa910da" testId="e1544454-c891-d152-8790-b609349aa046" testName="Invoke_NoRenameMoveNoErrorOnTimeoutNoFileFound_OutArgumentOriginalFileNameIsNull" computerName="ICSWS068" duration="00:00:00.0041720" startTime="2016-08-04T09:58:43.0511579+02:00" endTime="2016-08-04T09:58:43.0566652+02:00" testType="13cdc9d9-ddb5-4fa4-a97d-d965ccfc6d4b" outcome="Passed" testListId="8c84fa94-04c1-424b-9868-57a2d4851a1d" relativeResultsDirectory="09ff9431-1115-4816-9f80-1ff55fa910da">
      <Output>
        <StdOut>Debug Trace:
0: WorkflowInstance "GetNextFileActivity" is Started
1: Activity [null] "null" scheduled child activity [1] "GetNextFileActivity"
2: Activity [1] "GetNextFileActivity" is Executing
{
    Arguments
        ErrorOnTimeout: False
        SubscriptionId: 872a7724-81f2-4ebb-b04a-fa6bf4bc0388
        Timeout: 00:00:59
        Rename: False
        MoveFileToDirectory: a:\nother\directory\path
        IsImplicitlyCancellable: True
}
3: Activity [1] "GetNextFileActivity" scheduled child activity [1.1] "Sequence"
4: Activity [1.1] "Sequence" is Executing
{
    Variables
        _5ef1bf98_84fe_487c_bb8a_8079780ebfc1_277: 0
}
5: Activity [1.1] "Sequence" scheduled child activity [1.26] "GetNextFile1"
6: Activity [1.26] "GetNextFile1" is Executing
{
    Arguments
        ErrorOnTimeout: False
        SubscriptionId: 872a7724-81f2-4ebb-b04a-fa6bf4bc0388
        Timeout: 00:00:59
        IsImplicitlyCancellable: True
}
7: CustomTrackingRecord [1.26] "iCPSTraceTrackingRecord"
8: WorkflowInstance "GetNextFileActivity" is Idle
9: Bookmark "a9c430ae-a360-4ef6-bf5c-efb40b26369b" resumed with payload &lt;iCore.Workflow.Activities.Extensions.ItemSubscriptionEventArgs`1[iCore.Common.Utilities.FileSystemWatcher.FileSystemWatcherFileInfo]&gt; owner [1.26] "GetNextFile1"
10: CustomTrackingRecord [1.26] "iCPSTraceTrackingRecord"
11: Activity [1.26] "GetNextFile1" is Closed
{
    Arguments
        ErrorOnTimeout: False
        SubscriptionId: 872a7724-81f2-4ebb-b04a-fa6bf4bc0388
        FileName: 
        Timeout: 00:00:59
        FileFullName: 
        IsImplicitlyCancellable: True
        WatchType: 0
}
12: Activity [1.1] "Sequence" scheduled child activity [1.19] "AssignProcessingFileName1"
13: Activity [1.19] "AssignProcessingFileName1" is Executing
{
    Arguments
        Value: 
}
14: Activity [1.19] "AssignProcessingFileName1" is Closed
{
    Arguments
        Value: 
        To: 
}
15: Activity [1.1] "Sequence" scheduled child activity [1.11] "AssignProcessingFilePath1"
16: Activity [1.11] "AssignProcessingFilePath1" is Executing
{
    Arguments
        Value: 
}
17: Activity [1.11] "AssignProcessingFilePath1" is Closed
{
    Arguments
        Value: 
        To: 
}
18: Activity [1.1] "Sequence" scheduled child activity [1.2] "RenameFileCheck1"
19: Activity [1.2] "RenameFileCheck1" is Executing
{
    Arguments
        Condition: False
}
20: Activity [1.2] "RenameFileCheck1" is Closed
{
    Arguments
        Condition: False
}
21: Activity [1.1] "Sequence" is Closed
{
    Variables
        _5ef1bf98_84fe_487c_bb8a_8079780ebfc1_278: 0
}
22: Activity [1] "GetNextFileActivity" is Closed
{
    Arguments
        ErrorOnTimeout: False
        SubscriptionId: 872a7724-81f2-4ebb-b04a-fa6bf4bc0388
        Timeout: 00:00:59
        Rename: False
        OriginalFileName: 
        ProcessingFilePath: 
        MoveFileToDirectory: a:\nother\directory\path
        IsImplicitlyCancellable: True
        ProcessingFileName: 
        OriginalFilePath: 
}
23: WorkflowInstance "GetNextFileActivity" is Completed</StdOut>
      </Output>
    </UnitTestResult>
    <UnitTestResult executionId="7cd3f8b4-53be-4ed8-95e2-127b61a6acaf" testId="34338ecf-4cf8-cae1-4a13-dffa7f0eb750" testName="Invoke_NoRenameMoveNoErrorOnTimeoutNoFileFound_OutArgumentOriginalFilePathIsNull" computerName="ICSWS068" duration="00:00:00.0045515" startTime="2016-08-04T09:58:43.0591675+02:00" endTime="2016-08-04T09:58:43.0651864+02:00" testType="13cdc9d9-ddb5-4fa4-a97d-d965ccfc6d4b" outcome="Passed" testListId="8c84fa94-04c1-424b-9868-57a2d4851a1d" relativeResultsDirectory="7cd3f8b4-53be-4ed8-95e2-127b61a6acaf">
      <Output>
        <StdOut>Debug Trace:
0: WorkflowInstance "GetNextFileActivity" is Started
1: Activity [null] "null" scheduled child activity [1] "GetNextFileActivity"
2: Activity [1] "GetNextFileActivity" is Executing
{
    Arguments
        ErrorOnTimeout: False
        SubscriptionId: 8c29a1b6-30db-4f58-830f-0ed07f15c5fa
        Timeout: 00:00:59
        Rename: False
        MoveFileToDirectory: a:\nother\directory\path
        IsImplicitlyCancellable: True
}
3: Activity [1] "GetNextFileActivity" scheduled child activity [1.1] "Sequence"
4: Activity [1.1] "Sequence" is Executing
{
    Variables
        _5ef1bf98_84fe_487c_bb8a_8079780ebfc1_279: 0
}
5: Activity [1.1] "Sequence" scheduled child activity [1.26] "GetNextFile1"
6: Activity [1.26] "GetNextFile1" is Executing
{
    Arguments
        ErrorOnTimeout: False
        SubscriptionId: 8c29a1b6-30db-4f58-830f-0ed07f15c5fa
        Timeout: 00:00:59
        IsImplicitlyCancellable: True
}
7: CustomTrackingRecord [1.26] "iCPSTraceTrackingRecord"
8: WorkflowInstance "GetNextFileActivity" is Idle
9: Bookmark "8e16eea7-0fd7-4c7b-b649-60d5cf83408d" resumed with payload &lt;iCore.Workflow.Activities.Extensions.ItemSubscriptionEventArgs`1[iCore.Common.Utilities.FileSystemWatcher.FileSystemWatcherFileInfo]&gt; owner [1.26] "GetNextFile1"
10: CustomTrackingRecord [1.26] "iCPSTraceTrackingRecord"
11: Activity [1.26] "GetNextFile1" is Closed
{
    Arguments
        ErrorOnTimeout: False
        SubscriptionId: 8c29a1b6-30db-4f58-830f-0ed07f15c5fa
        FileName: 
        Timeout: 00:00:59
        FileFullName: 
        IsImplicitlyCancellable: True
        WatchType: 0
}
12: Activity [1.1] "Sequence" scheduled child activity [1.19] "AssignProcessingFileName1"
13: Activity [1.19] "AssignProcessingFileName1" is Executing
{
    Arguments
        Value: 
}
14: Activity [1.19] "AssignProcessingFileName1" is Closed
{
    Arguments
        Value: 
        To: 
}
15: Activity [1.1] "Sequence" scheduled child activity [1.11] "AssignProcessingFilePath1"
16: Activity [1.11] "AssignProcessingFilePath1" is Executing
{
    Arguments
        Value: 
}
17: Activity [1.11] "AssignProcessingFilePath1" is Closed
{
    Arguments
        Value: 
        To: 
}
18: Activity [1.1] "Sequence" scheduled child activity [1.2] "RenameFileCheck1"
19: Activity [1.2] "RenameFileCheck1" is Executing
{
    Arguments
        Condition: False
}
20: Activity [1.2] "RenameFileCheck1" is Closed
{
    Arguments
        Condition: False
}
21: Activity [1.1] "Sequence" is Closed
{
    Variables
        _5ef1bf98_84fe_487c_bb8a_8079780ebfc1_280: 0
}
22: Activity [1] "GetNextFileActivity" is Closed
{
    Arguments
        ErrorOnTimeout: False
        SubscriptionId: 8c29a1b6-30db-4f58-830f-0ed07f15c5fa
        Timeout: 00:00:59
        Rename: False
        OriginalFileName: 
        ProcessingFilePath: 
        MoveFileToDirectory: a:\nother\directory\path
        IsImplicitlyCancellable: True
        ProcessingFileName: 
        OriginalFilePath: 
}
23: WorkflowInstance "GetNextFileActivity" is Completed</StdOut>
      </Output>
    </UnitTestResult>
    <UnitTestResult executionId="6c836c1b-2c76-4db2-b79b-d59b4c5e8a12" testId="a253cc54-5bbf-37ac-2c51-23a9005e524f" testName="Invoke_AllInArgumentsReusmeWithValidValue_ActivityStateIsClosed" computerName="ICSWS068" duration="00:00:00.0040867" startTime="2016-08-04T09:58:43.0681740+02:00" endTime="2016-08-04T09:58:43.0737127+02:00" testType="13cdc9d9-ddb5-4fa4-a97d-d965ccfc6d4b" outcome="Passed" testListId="8c84fa94-04c1-424b-9868-57a2d4851a1d" relativeResultsDirectory="6c836c1b-2c76-4db2-b79b-d59b4c5e8a12">
      <Output>
        <StdOut>Debug Trace:
0: WorkflowInstance "GetNextFileActivity" is Started
1: Activity [null] "null" scheduled child activity [1] "GetNextFileActivity"
2: Activity [1] "GetNextFileActivity" is Executing
{
    Arguments
        ErrorOnTimeout: False
        SubscriptionId: dd96ed1f-7715-4b65-a68b-653da3739a6d
        Timeout: 00:00:59
        Rename: False
        MoveFileToDirectory: 
        IsImplicitlyCancellable: True
}
3: Activity [1] "GetNextFileActivity" scheduled child activity [1.1] "Sequence"
4: Activity [1.1] "Sequence" is Executing
{
    Variables
        _5ef1bf98_84fe_487c_bb8a_8079780ebfc1_281: Rename
}
5: Activity [1.1] "Sequence" scheduled child activity [1.26] "GetNextFile1"
6: Activity [1.26] "GetNextFile1" is Executing
{
    Arguments
        ErrorOnTimeout: False
        SubscriptionId: dd96ed1f-7715-4b65-a68b-653da3739a6d
        Timeout: 00:00:59
        IsImplicitlyCancellable: True
}
7: CustomTrackingRecord [1.26] "iCPSTraceTrackingRecord"
8: WorkflowInstance "GetNextFileActivity" is Idle
9: Bookmark "b417970f-70ae-4a39-a478-7012de53bc72" resumed with payload &lt;iCore.Workflow.Activities.Extensions.ItemSubscriptionEventArgs`1[iCore.Common.Utilities.FileSystemWatcher.FileSystemWatcherFileInfo]&gt; owner [1.26] "GetNextFile1"
10: CustomTrackingRecord [1.26] "iCPSTraceTrackingRecord"
11: Activity [1.26] "GetNextFile1" is Closed
{
    Arguments
        ErrorOnTimeout: False
        SubscriptionId: dd96ed1f-7715-4b65-a68b-653da3739a6d
        FileName: file.name
        Timeout: 00:00:59
        FileFullName: a:\directory\path\file.name
        IsImplicitlyCancellable: True
        WatchType: Rename
}
12: Activity [1.1] "Sequence" scheduled child activity [1.19] "AssignProcessingFileName1"
13: Activity [1.19] "AssignProcessingFileName1" is Executing
{
    Arguments
        Value: file.name
}
14: Activity [1.19] "AssignProcessingFileName1" is Closed
{
    Arguments
        Value: file.name
        To: file.name
}
15: Activity [1.1] "Sequence" scheduled child activity [1.11] "AssignProcessingFilePath1"
16: Activity [1.11] "AssignProcessingFilePath1" is Executing
{
    Arguments
        Value: a:\directory\path\file.name
}
17: Activity [1.11] "AssignProcessingFilePath1" is Closed
{
    Arguments
        Value: a:\directory\path\file.name
        To: a:\directory\path\file.name
}
18: Activity [1.1] "Sequence" scheduled child activity [1.2] "RenameFileCheck1"
19: Activity [1.2] "RenameFileCheck1" is Executing
{
    Arguments
        Condition: False
}
20: Activity [1.2] "RenameFileCheck1" is Closed
{
    Arguments
        Condition: False
}
21: Activity [1.1] "Sequence" is Closed
{
    Variables
        _5ef1bf98_84fe_487c_bb8a_8079780ebfc1_282: Rename
}
22: Activity [1] "GetNextFileActivity" is Closed
{
    Arguments
        ErrorOnTimeout: False
        SubscriptionId: dd96ed1f-7715-4b65-a68b-653da3739a6d
        Timeout: 00:00:59
        Rename: False
        OriginalFileName: file.name
        ProcessingFilePath: a:\directory\path\file.name
        MoveFileToDirectory: 
        IsImplicitlyCancellable: True
        ProcessingFileName: file.name
        OriginalFilePath: a:\directory\path\file.name
}
23: WorkflowInstance "GetNextFileActivity" is Completed</StdOut>
      </Output>
    </UnitTestResult>
    <UnitTestResult executionId="f5145a5d-7ba4-4427-af6c-ff7bd8cf05c3" testId="78cb299f-8c65-1243-557c-9cbe299574c8" testName="Invoke_CancelActivityWhenIdle_ActivityStateIsCanceled" computerName="ICSWS068" duration="00:00:00.0033019" startTime="2016-08-04T09:58:43.0761985+02:00" endTime="2016-08-04T09:58:43.0812005+02:00" testType="13cdc9d9-ddb5-4fa4-a97d-d965ccfc6d4b" outcome="Passed" testListId="8c84fa94-04c1-424b-9868-57a2d4851a1d" relativeResultsDirectory="f5145a5d-7ba4-4427-af6c-ff7bd8cf05c3">
      <Output>
        <StdOut>Debug Trace:
0: WorkflowInstance "GetNextFileActivity" is Started
1: Activity [null] "null" scheduled child activity [1] "GetNextFileActivity"
2: Activity [1] "GetNextFileActivity" is Executing
{
    Arguments
        ErrorOnTimeout: False
        SubscriptionId: 01a3632f-9ef9-43df-a3de-35b3d29f7537
        Timeout: 00:00:59
        Rename: False
        MoveFileToDirectory: 
        IsImplicitlyCancellable: True
}
3: Activity [1] "GetNextFileActivity" scheduled child activity [1.1] "Sequence"
4: Activity [1.1] "Sequence" is Executing
{
    Variables
        _5ef1bf98_84fe_487c_bb8a_8079780ebfc1_283: 0
}
5: Activity [1.1] "Sequence" scheduled child activity [1.26] "GetNextFile1"
6: Activity [1.26] "GetNextFile1" is Executing
{
    Arguments
        ErrorOnTimeout: False
        SubscriptionId: 01a3632f-9ef9-43df-a3de-35b3d29f7537
        Timeout: 00:00:59
        IsImplicitlyCancellable: True
}
7: CustomTrackingRecord [1.26] "iCPSTraceTrackingRecord"
8: WorkflowInstance "GetNextFileActivity" is Idle
9: Host requests cancel of activity [1] "GetNextFileActivity"
10: Activity [1] "GetNextFileActivity" requests cancel of activity [1.1] "Sequence"
11: Activity [1.1] "Sequence" requests cancel of activity [1.26] "GetNextFile1"
12: CustomTrackingRecord [1.26] "iCPSTraceTrackingRecord"
13: Activity [1.26] "GetNextFile1" is Canceled
{
    Arguments
        ErrorOnTimeout: False
        SubscriptionId: 01a3632f-9ef9-43df-a3de-35b3d29f7537
        FileName: 
        Timeout: 00:00:59
        FileFullName: 
        IsImplicitlyCancellable: True
        WatchType: 0
}
14: Activity [1.1] "Sequence" is Canceled
{
    Variables
        _5ef1bf98_84fe_487c_bb8a_8079780ebfc1_284: 0
}
15: Activity [1] "GetNextFileActivity" is Canceled
{
    Arguments
        ErrorOnTimeout: False
        SubscriptionId: 01a3632f-9ef9-43df-a3de-35b3d29f7537
        Timeout: 00:00:59
        Rename: False
        OriginalFileName: 
        ProcessingFilePath: 
        MoveFileToDirectory: 
        IsImplicitlyCancellable: True
        ProcessingFileName: 
        OriginalFilePath: 
}
16: WorkflowInstance "GetNextFileActivity" is Canceled</StdOut>
      </Output>
    </UnitTestResult>
    <UnitTestResult executionId="405e6d80-2b01-4434-b27e-b8bd38088c19" testId="7f3dc050-48ba-d60a-f2d6-89dd9e4ff9b7" testName="Invoke_ExecutionFails_ThrowsException" computerName="ICSWS068" duration="00:00:00.0045890" startTime="2016-08-04T09:58:43.0837063+02:00" endTime="2016-08-04T09:58:43.0897285+02:00" testType="13cdc9d9-ddb5-4fa4-a97d-d965ccfc6d4b" outcome="Passed" testListId="8c84fa94-04c1-424b-9868-57a2d4851a1d" relativeResultsDirectory="405e6d80-2b01-4434-b27e-b8bd38088c19">
      <Output>
        <StdOut>Debug Trace:
0: WorkflowInstance "GetNextFileActivity" is Started
1: Activity [null] "null" scheduled child activity [1] "GetNextFileActivity"
2: Activity [1] "GetNextFileActivity" is Executing
{
    Arguments
        ErrorOnTimeout: False
        SubscriptionId: f0cd5bdd-a958-4c42-a9f0-99d24153f536
        Timeout: 00:00:59
        Rename: False
        MoveFileToDirectory: 
        IsImplicitlyCancellable: True
}
3: Activity [1] "GetNextFileActivity" scheduled child activity [1.1] "Sequence"
4: Activity [1.1] "Sequence" is Executing
{
    Variables
        _5ef1bf98_84fe_487c_bb8a_8079780ebfc1_285: 0
}
5: Activity [1.1] "Sequence" scheduled child activity [1.26] "GetNextFile1"
6: Activity [1.26] "GetNextFile1" is Executing
{
    Arguments
        ErrorOnTimeout: False
        SubscriptionId: f0cd5bdd-a958-4c42-a9f0-99d24153f536
        Timeout: 00:00:59
        IsImplicitlyCancellable: True
}
7: CustomTrackingRecord [1.26] "iCPSTraceTrackingRecord"
8: CustomTrackingRecord [1.26] "iCPSTraceTrackingRecord"
9: Activity [1.26] "GetNextFile1" is Faulted
{
    Arguments
        ErrorOnTimeout: False
        SubscriptionId: f0cd5bdd-a958-4c42-a9f0-99d24153f536
        FileName: 
        Timeout: 00:00:59
        FileFullName: 
        IsImplicitlyCancellable: True
        WatchType: 0
}
10: Fault source [1.26] "GetNextFile1"
11: WorkflowInstance "GetNextFileActivity" Unhandled Exception Source "GetNextFile1" Exception &lt;Testing.Common.TestException: Test exception
   at Moq.MethodCall.Execute(ICallContext call)
   at Moq.ExecuteCall.HandleIntercept(ICallContext invocation, InterceptorContext ctx, CurrentInterceptContext localctx)
   at Moq.Interceptor.Intercept(ICallContext invocation)
   at Moq.Proxy.CastleProxyFactory.Interceptor.Intercept(IInvocation invocation)
   at Castle.DynamicProxy.AbstractInvocation.Proceed()
   at Castle.Proxies.IFileSystemWatcherExtensionProxy.AddSubscription(Guid providerId, Nullable`1 jobId, Bookmark bookmark, TimeSpan timeout)
   at iCore.Workflow.Activities.Filesystem.InternalGetNextFileActivity.Execute(NativeActivityContext context)
   at System.Activities.NativeActivity.InternalExecute(ActivityInstance instance, ActivityExecutor executor, BookmarkManager bookmarkManager)
   at System.Activities.ActivityInstance.Execute(ActivityExecutor executor, BookmarkManager bookmarkManager)
   at System.Activities.Runtime.ActivityExecutor.ExecuteActivityWorkItem.ExecuteBody(ActivityExecutor executor, BookmarkManager bookmarkManager, Location resultLocation)&gt;
12: Activity [1.1] "Sequence" is Faulted
{
    Variables
        _5ef1bf98_84fe_487c_bb8a_8079780ebfc1_286: 0
}
13: Activity [1] "GetNextFileActivity" is Faulted
{
    Arguments
        ErrorOnTimeout: False
        SubscriptionId: f0cd5bdd-a958-4c42-a9f0-99d24153f536
        Timeout: 00:00:59
        Rename: False
        OriginalFileName: 
        ProcessingFilePath: 
        MoveFileToDirectory: 
        IsImplicitlyCancellable: True
        ProcessingFileName: 
        OriginalFilePath: 
}
14: WorkflowInstance "GetNextFileActivity" Terminated Reason "Test exception"</StdOut>
      </Output>
    </UnitTestResult>
    <UnitTestResult executionId="629b3484-c3a3-43fd-9903-0332255c8f26" testId="6c2c6480-673a-ffe4-b786-4dbaf6053fc4" testName="Invoke_OmitInArgumentConneciton_ThrowsArgumentException" computerName="ICSWS068" duration="00:00:00.0018993" startTime="2016-08-04T09:58:43.0922162+02:00" endTime="2016-08-04T09:58:43.0953680+02:00" testType="13cdc9d9-ddb5-4fa4-a97d-d965ccfc6d4b" outcome="Passed" testListId="8c84fa94-04c1-424b-9868-57a2d4851a1d" relativeResultsDirectory="629b3484-c3a3-43fd-9903-0332255c8f26" />
    <UnitTestResult executionId="eb175d5c-5e0d-4771-bc60-d298c5652413" testId="2c525ede-8c4d-39b2-e0a8-a57557c5f735" testName="Allocate_InspectDefaultValues_DefaultErrorOnTimeoutIsTrue" computerName="ICSWS068" duration="00:00:00.0029711" startTime="2016-08-04T09:58:43.0983694+02:00" endTime="2016-08-04T09:58:43.1023723+02:00" testType="13cdc9d9-ddb5-4fa4-a97d-d965ccfc6d4b" outcome="Passed" testListId="8c84fa94-04c1-424b-9868-57a2d4851a1d" relativeResultsDirectory="eb175d5c-5e0d-4771-bc60-d298c5652413">
      <Output>
        <StdOut>Debug Trace:
0: WorkflowInstance "GetNextFileActivity" is Started
1: Activity [null] "null" scheduled child activity [1] "GetNextFileActivity"
2: Activity [1] "GetNextFileActivity" is Executing
{
    Arguments
        ErrorOnTimeout: True
        SubscriptionId: f0104d4d-fd6d-4f03-851a-1669fdc6bfb8
        Timeout: 00:00:59
        Rename: False
        MoveFileToDirectory: 
        IsImplicitlyCancellable: True
}
3: Activity [1] "GetNextFileActivity" scheduled child activity [1.1] "Sequence"
4: Activity [1.1] "Sequence" is Executing
{
    Variables
        _5ef1bf98_84fe_487c_bb8a_8079780ebfc1_287: 0
}
5: Activity [1.1] "Sequence" scheduled child activity [1.26] "GetNextFile1"
6: Activity [1.26] "GetNextFile1" is Executing
{
    Arguments
        ErrorOnTimeout: True
        SubscriptionId: f0104d4d-fd6d-4f03-851a-1669fdc6bfb8
        Timeout: 00:00:59
        IsImplicitlyCancellable: True
}
7: CustomTrackingRecord [1.26] "iCPSTraceTrackingRecord"
8: WorkflowInstance "GetNextFileActivity" is Idle</StdOut>
      </Output>
    </UnitTestResult>
    <UnitTestResult executionId="fd06980b-ea0a-4aa4-8f6d-2a6394ff1278" testId="972fc54f-f502-51e2-aa98-6e8166180ea4" testName="Allocate_InspectDefaultValues_DefaultTimeoutIsZero" computerName="ICSWS068" duration="00:00:00.0025970" startTime="2016-08-04T09:58:43.1052617+02:00" endTime="2016-08-04T09:58:43.1092487+02:00" testType="13cdc9d9-ddb5-4fa4-a97d-d965ccfc6d4b" outcome="Passed" testListId="8c84fa94-04c1-424b-9868-57a2d4851a1d" relativeResultsDirectory="fd06980b-ea0a-4aa4-8f6d-2a6394ff1278">
      <Output>
        <StdOut>Debug Trace:
0: WorkflowInstance "GetNextFileActivity" is Started
1: Activity [null] "null" scheduled child activity [1] "GetNextFileActivity"
2: Activity [1] "GetNextFileActivity" is Executing
{
    Arguments
        ErrorOnTimeout: False
        SubscriptionId: 9c47a820-a378-43fb-adcb-31cea6ff2569
        Timeout: -00:00:00.0010000
        Rename: False
        MoveFileToDirectory: 
        IsImplicitlyCancellable: True
}
3: Activity [1] "GetNextFileActivity" scheduled child activity [1.1] "Sequence"
4: Activity [1.1] "Sequence" is Executing
{
    Variables
        _5ef1bf98_84fe_487c_bb8a_8079780ebfc1_288: 0
}
5: Activity [1.1] "Sequence" scheduled child activity [1.26] "GetNextFile1"
6: Activity [1.26] "GetNextFile1" is Executing
{
    Arguments
        ErrorOnTimeout: False
        SubscriptionId: 9c47a820-a378-43fb-adcb-31cea6ff2569
        Timeout: -00:00:00.0010000
        IsImplicitlyCancellable: True
}
7: CustomTrackingRecord [1.26] "iCPSTraceTrackingRecord"
8: WorkflowInstance "GetNextFileActivity" is Idle</StdOut>
      </Output>
    </UnitTestResult>
    <UnitTestResult executionId="14d93670-24c1-4c12-a067-5a2c326e0a18" testId="9bcfeff3-9fd9-8d9e-718a-8cd893ba99c9" testName="Allocate_InspectDefaultValues_DefaultIsImplicitlyCancellableIsTrue" computerName="ICSWS068" duration="00:00:00.0026046" startTime="2016-08-04T09:58:43.1117493+02:00" endTime="2016-08-04T09:58:43.1157724+02:00" testType="13cdc9d9-ddb5-4fa4-a97d-d965ccfc6d4b" outcome="Passed" testListId="8c84fa94-04c1-424b-9868-57a2d4851a1d" relativeResultsDirectory="14d93670-24c1-4c12-a067-5a2c326e0a18">
      <Output>
        <StdOut>Debug Trace:
0: WorkflowInstance "GetNextFileActivity" is Started
1: Activity [null] "null" scheduled child activity [1] "GetNextFileActivity"
2: Activity [1] "GetNextFileActivity" is Executing
{
    Arguments
        ErrorOnTimeout: False
        SubscriptionId: 94a701db-2b48-4034-b7e9-b99510dae294
        Timeout: 00:00:59
        Rename: False
        MoveFileToDirectory: 
        IsImplicitlyCancellable: True
}
3: Activity [1] "GetNextFileActivity" scheduled child activity [1.1] "Sequence"
4: Activity [1.1] "Sequence" is Executing
{
    Variables
        _5ef1bf98_84fe_487c_bb8a_8079780ebfc1_289: 0
}
5: Activity [1.1] "Sequence" scheduled child activity [1.26] "GetNextFile1"
6: Activity [1.26] "GetNextFile1" is Executing
{
    Arguments
        ErrorOnTimeout: False
        SubscriptionId: 94a701db-2b48-4034-b7e9-b99510dae294
        Timeout: 00:00:59
        IsImplicitlyCancellable: True
}
7: CustomTrackingRecord [1.26] "iCPSTraceTrackingRecord"
8: WorkflowInstance "GetNextFileActivity" is Idle</StdOut>
      </Output>
    </UnitTestResult>
    <UnitTestResult executionId="12c37951-84c3-43c4-a75c-e6486bdb69a3" testId="f0466b06-c880-81d3-38f5-3c45af26d772" testName="Allocate_InspectDefaultValues_DefaultMoveFileToDirectoryIsEmptyString" computerName="ICSWS068" duration="00:00:00.0026928" startTime="2016-08-04T09:58:43.1187729+02:00" endTime="2016-08-04T09:58:43.1232611+02:00" testType="13cdc9d9-ddb5-4fa4-a97d-d965ccfc6d4b" outcome="Passed" testListId="8c84fa94-04c1-424b-9868-57a2d4851a1d" relativeResultsDirectory="12c37951-84c3-43c4-a75c-e6486bdb69a3">
      <Output>
        <StdOut>Debug Trace:
0: WorkflowInstance "GetNextFileActivity" is Started
1: Activity [null] "null" scheduled child activity [1] "GetNextFileActivity"
2: Activity [1] "GetNextFileActivity" is Executing
{
    Arguments
        ErrorOnTimeout: False
        SubscriptionId: 95d765f6-41e2-4ab4-a85c-54142b416192
        Timeout: 00:00:59
        Rename: False
        MoveFileToDirectory: 
        IsImplicitlyCancellable: True
}
3: Activity [1] "GetNextFileActivity" scheduled child activity [1.1] "Sequence"
4: Activity [1.1] "Sequence" is Executing
{
    Variables
        _5ef1bf98_84fe_487c_bb8a_8079780ebfc1_290: 0
}
5: Activity [1.1] "Sequence" scheduled child activity [1.26] "GetNextFile1"
6: Activity [1.26] "GetNextFile1" is Executing
{
    Arguments
        ErrorOnTimeout: False
        SubscriptionId: 95d765f6-41e2-4ab4-a85c-54142b416192
        Timeout: 00:00:59
        IsImplicitlyCancellable: True
}
7: CustomTrackingRecord [1.26] "iCPSTraceTrackingRecord"
8: WorkflowInstance "GetNextFileActivity" is Idle</StdOut>
      </Output>
    </UnitTestResult>
    <UnitTestResult executionId="8620bf94-a04a-4c1b-9be4-2bf6d8cb7caa" testId="0cb7636d-7fd8-4309-058c-75f776f122a7" testName="Invoke_AllInArguments_ActivityStateIsClosed" computerName="ICSWS068" duration="00:00:00.0043318" startTime="2016-08-04T09:58:43.1257640+02:00" endTime="2016-08-04T09:58:43.1317674+02:00" testType="13cdc9d9-ddb5-4fa4-a97d-d965ccfc6d4b" outcome="Passed" testListId="8c84fa94-04c1-424b-9868-57a2d4851a1d" relativeResultsDirectory="8620bf94-a04a-4c1b-9be4-2bf6d8cb7caa">
      <Output>
        <StdOut>Debug Trace:
0: WorkflowInstance "StartFilesystemListenerActivity" is Started
1: Activity [null] "null" scheduled child activity [1] "StartFilesystemListenerActivity"
2: Activity [1] "StartFilesystemListenerActivity" is Executing
{
    Arguments
        Configuration: iCore.Workflow.Activities.Filesystem.FileSystemListenerConfiguration
}
3: CustomTrackingRecord [1] "iCPSTraceTrackingRecord"
4: Activity [1] "StartFilesystemListenerActivity" is Closed
{
    Arguments
        Result: 00000000-0000-0000-0000-000000000000
        Configuration: iCore.Workflow.Activities.Filesystem.FileSystemListenerConfiguration
}
5: WorkflowInstance "StartFilesystemListenerActivity" is Completed</StdOut>
      </Output>
    </UnitTestResult>
    <UnitTestResult executionId="a2a57ba9-d37a-49f7-9ada-ee34d85ccc0f" testId="adb2be09-9a5e-77ac-70ba-731099309720" testName="Invoke_AllInArguments_OutArgumentResultIsSet" computerName="ICSWS068" duration="00:00:00.0014292" startTime="2016-08-04T09:58:43.1352714+02:00" endTime="2016-08-04T09:58:43.1377729+02:00" testType="13cdc9d9-ddb5-4fa4-a97d-d965ccfc6d4b" outcome="Passed" testListId="8c84fa94-04c1-424b-9868-57a2d4851a1d" relativeResultsDirectory="a2a57ba9-d37a-49f7-9ada-ee34d85ccc0f">
      <Output>
        <StdOut>Debug Trace:
0: WorkflowInstance "StartFilesystemListenerActivity" is Started
1: Activity [null] "null" scheduled child activity [1] "StartFilesystemListenerActivity"
2: Activity [1] "StartFilesystemListenerActivity" is Executing
{
    Arguments
        Configuration: iCore.Workflow.Activities.Filesystem.FileSystemListenerConfiguration
}
3: CustomTrackingRecord [1] "iCPSTraceTrackingRecord"
4: Activity [1] "StartFilesystemListenerActivity" is Closed
{
    Arguments
        Result: 00000000-0000-0000-0000-000000000000
        Configuration: iCore.Workflow.Activities.Filesystem.FileSystemListenerConfiguration
}
5: WorkflowInstance "StartFilesystemListenerActivity" is Completed</StdOut>
      </Output>
    </UnitTestResult>
    <UnitTestResult executionId="a02eca04-4859-48c5-94a4-c8431d852ae7" testId="d80f7b11-186b-a5b9-57d2-6306cb46872f" testName="Invoke_AllInArguments_OutArgumentResultIsDefaultGuid" computerName="ICSWS068" duration="00:00:00.0017298" startTime="2016-08-04T09:58:43.1407746+02:00" endTime="2016-08-04T09:58:43.1442962+02:00" testType="13cdc9d9-ddb5-4fa4-a97d-d965ccfc6d4b" outcome="Passed" testListId="8c84fa94-04c1-424b-9868-57a2d4851a1d" relativeResultsDirectory="a02eca04-4859-48c5-94a4-c8431d852ae7">
      <Output>
        <StdOut>Debug Trace:
0: WorkflowInstance "StartFilesystemListenerActivity" is Started
1: Activity [null] "null" scheduled child activity [1] "StartFilesystemListenerActivity"
2: Activity [1] "StartFilesystemListenerActivity" is Executing
{
    Arguments
        Configuration: iCore.Workflow.Activities.Filesystem.FileSystemListenerConfiguration
}
3: CustomTrackingRecord [1] "iCPSTraceTrackingRecord"
4: Activity [1] "StartFilesystemListenerActivity" is Closed
{
    Arguments
        Result: 00000000-0000-0000-0000-000000000000
        Configuration: iCore.Workflow.Activities.Filesystem.FileSystemListenerConfiguration
}
5: WorkflowInstance "StartFilesystemListenerActivity" is Completed</StdOut>
      </Output>
    </UnitTestResult>
    <UnitTestResult executionId="b15bdbae-f174-4850-97a9-a329ad44cb50" testId="281b08b2-5e70-eefa-6609-5a7e483e8fbb" testName="Invoke_AllInArguments_InvokesCreateProviderOnce" computerName="ICSWS068" duration="00:00:00.0018562" startTime="2016-08-04T09:58:43.1477985+02:00" endTime="2016-08-04T09:58:43.1513014+02:00" testType="13cdc9d9-ddb5-4fa4-a97d-d965ccfc6d4b" outcome="Passed" testListId="8c84fa94-04c1-424b-9868-57a2d4851a1d" relativeResultsDirectory="b15bdbae-f174-4850-97a9-a329ad44cb50">
      <Output>
        <StdOut>Debug Trace:
0: WorkflowInstance "StartFilesystemListenerActivity" is Started
1: Activity [null] "null" scheduled child activity [1] "StartFilesystemListenerActivity"
2: Activity [1] "StartFilesystemListenerActivity" is Executing
{
    Arguments
        Configuration: iCore.Workflow.Activities.Filesystem.FileSystemListenerConfiguration
}
3: CustomTrackingRecord [1] "iCPSTraceTrackingRecord"
4: Activity [1] "StartFilesystemListenerActivity" is Closed
{
    Arguments
        Result: 00000000-0000-0000-0000-000000000000
        Configuration: iCore.Workflow.Activities.Filesystem.FileSystemListenerConfiguration
}
5: WorkflowInstance "StartFilesystemListenerActivity" is Completed</StdOut>
      </Output>
    </UnitTestResult>
    <UnitTestResult executionId="334ded4c-a50d-4e84-97e8-df2c78e689ba" testId="0e4f4cd8-2321-038d-67b4-848c66b49698" testName="Invoke_AllInArguments_LogsOnJobId" computerName="ICSWS068" duration="00:00:00.0023263" startTime="2016-08-04T09:58:43.1537524+02:00" endTime="2016-08-04T09:58:43.1577716+02:00" testType="13cdc9d9-ddb5-4fa4-a97d-d965ccfc6d4b" outcome="Passed" testListId="8c84fa94-04c1-424b-9868-57a2d4851a1d" relativeResultsDirectory="334ded4c-a50d-4e84-97e8-df2c78e689ba">
      <Output>
        <StdOut>Debug Trace:
0: WorkflowInstance "StartFilesystemListenerActivity" is Started
1: Activity [null] "null" scheduled child activity [1] "StartFilesystemListenerActivity"
2: Activity [1] "StartFilesystemListenerActivity" is Executing
{
    Arguments
        Configuration: iCore.Workflow.Activities.Filesystem.FileSystemListenerConfiguration
}
3: CustomTrackingRecord [1] "iCPSTraceTrackingRecord"
4: Activity [1] "StartFilesystemListenerActivity" is Closed
{
    Arguments
        Result: 00000000-0000-0000-0000-000000000000
        Configuration: iCore.Workflow.Activities.Filesystem.FileSystemListenerConfiguration
}
5: WorkflowInstance "StartFilesystemListenerActivity" is Completed</StdOut>
      </Output>
    </UnitTestResult>
    <UnitTestResult executionId="85fd62db-2f06-4b2e-aad0-3fae58100ecc" testId="deca1a93-560a-3e38-4de7-ced733e6d7ff" testName="Invoke_ExecutionFails_ThrowsException" computerName="ICSWS068" duration="00:00:00.0025497" startTime="2016-08-04T09:58:43.1602555+02:00" endTime="2016-08-04T09:58:43.1642598+02:00" testType="13cdc9d9-ddb5-4fa4-a97d-d965ccfc6d4b" outcome="Passed" testListId="8c84fa94-04c1-424b-9868-57a2d4851a1d" relativeResultsDirectory="85fd62db-2f06-4b2e-aad0-3fae58100ecc">
      <Output>
        <StdOut>Debug Trace:
0: WorkflowInstance "StartFilesystemListenerActivity" is Started
1: Activity [null] "null" scheduled child activity [1] "StartFilesystemListenerActivity"
2: Activity [1] "StartFilesystemListenerActivity" is Executing
{
    Arguments
        Configuration: iCore.Workflow.Activities.Filesystem.FileSystemListenerConfiguration
}
3: Activity [1] "StartFilesystemListenerActivity" is Faulted
{
    Arguments
        Result: 00000000-0000-0000-0000-000000000000
        Configuration: iCore.Workflow.Activities.Filesystem.FileSystemListenerConfiguration
}
4: Fault source [1] "StartFilesystemListenerActivity"
5: WorkflowInstance "StartFilesystemListenerActivity" Unhandled Exception Source "StartFilesystemListenerActivity" Exception &lt;Testing.Common.TestException: Test exception
   at Moq.MethodCall.Execute(ICallContext call)
   at Moq.MethodCallReturn`2.Execute(ICallContext call)
   at Moq.ExecuteCall.HandleIntercept(ICallContext invocation, InterceptorContext ctx, CurrentInterceptContext localctx)
   at Moq.Interceptor.Intercept(ICallContext invocation)
   at Moq.Proxy.CastleProxyFactory.Interceptor.Intercept(IInvocation invocation)
   at Castle.DynamicProxy.AbstractInvocation.Proceed()
   at Castle.Proxies.IFileSystemWatcherExtensionProxy.CreateProvider(FileSystemListenerConfiguration configuration)
   at iCore.Workflow.Activities.Filesystem.StartFilesystemListenerActivity.Execute(NativeActivityContext context)
   at System.Activities.NativeActivity`1.InternalExecute(ActivityInstance instance, ActivityExecutor executor, BookmarkManager bookmarkManager)
   at System.Activities.ActivityInstance.Execute(ActivityExecutor executor, BookmarkManager bookmarkManager)
   at System.Activities.Runtime.ActivityExecutor.ExecuteActivityWorkItem.ExecuteBody(ActivityExecutor executor, BookmarkManager bookmarkManager, Location resultLocation)&gt;
6: WorkflowInstance "StartFilesystemListenerActivity" Terminated Reason "Test exception"</StdOut>
      </Output>
    </UnitTestResult>
    <UnitTestResult executionId="2daa0ec0-035e-4597-addf-d3a905fe7d6e" testId="22058ddd-9ddd-1b5b-f967-e35df069718b" testName="Invoke_RequiredArgumentConfigurationIsMissing_ThrowsArgumentException" computerName="ICSWS068" duration="00:00:00.0012439" startTime="2016-08-04T09:58:43.1672603+02:00" endTime="2016-08-04T09:58:43.1702641+02:00" testType="13cdc9d9-ddb5-4fa4-a97d-d965ccfc6d4b" outcome="Passed" testListId="8c84fa94-04c1-424b-9868-57a2d4851a1d" relativeResultsDirectory="2daa0ec0-035e-4597-addf-d3a905fe7d6e" />
    <UnitTestResult executionId="d77b6a95-8b2c-4828-a897-c103191b7083" testId="389eb6c4-27ce-9639-466a-94af5c83ec51" testName="Invoke_AllInArguments_InvokesOpenFileOnce" computerName="ICSWS068" duration="00:00:00.0373932" startTime="2016-08-04T09:58:43.1727673+02:00" endTime="2016-08-04T09:58:43.2113100+02:00" testType="13cdc9d9-ddb5-4fa4-a97d-d965ccfc6d4b" outcome="Passed" testListId="8c84fa94-04c1-424b-9868-57a2d4851a1d" relativeResultsDirectory="d77b6a95-8b2c-4828-a897-c103191b7083">
      <Output>
        <StdOut>Debug Trace:
0: WorkflowInstance "OpenFile" is Started
1: Activity [null] "null" scheduled child activity [1] "OpenFile"
2: Activity [1] "OpenFile" is Executing
{
    Arguments
        FileAccess: Read
        FileMode: Open
        FileName: A:\Path\And\File.name
        FileShare: Read
}
3: WorkflowInstance "OpenFile" is Idle
4: Activity [1] "OpenFile" is Closed
{
    Arguments
        FileAccess: Read
        FileMode: Open
        FileName: A:\Path\And\File.name
        Result: 
        FileShare: Read
}
5: WorkflowInstance "OpenFile" is Completed</StdOut>
      </Output>
    </UnitTestResult>
    <UnitTestResult executionId="06b1aae4-58c6-464f-9896-7c8ade01f8b1" testId="10706f86-8ad9-7dd2-2dbe-1bef3ebab4e4" testName="Invoke_AllInArguments_InvokesOpenFileWithExpectedFileName" computerName="ICSWS068" duration="00:00:00.0049280" startTime="2016-08-04T09:58:43.2153029+02:00" endTime="2016-08-04T09:58:43.2223069+02:00" testType="13cdc9d9-ddb5-4fa4-a97d-d965ccfc6d4b" outcome="Passed" testListId="8c84fa94-04c1-424b-9868-57a2d4851a1d" relativeResultsDirectory="06b1aae4-58c6-464f-9896-7c8ade01f8b1">
      <Output>
        <StdOut>Debug Trace:
0: WorkflowInstance "OpenFile" is Started
1: Activity [null] "null" scheduled child activity [1] "OpenFile"
2: Activity [1] "OpenFile" is Executing
{
    Arguments
        FileAccess: Read
        FileMode: Open
        FileName: A:\Path\And\File.name
        FileShare: Read
}
3: WorkflowInstance "OpenFile" is Idle
4: Activity [1] "OpenFile" is Closed
{
    Arguments
        FileAccess: Read
        FileMode: Open
        FileName: A:\Path\And\File.name
        Result: 
        FileShare: Read
}
5: WorkflowInstance "OpenFile" is Completed</StdOut>
      </Output>
    </UnitTestResult>
    <UnitTestResult executionId="af3e2373-2732-4aa4-b7b1-39bb04848254" testId="c3d61ebf-bbf8-11d5-351c-ff333b8ff9eb" testName="Invoke_AllInArguments_InvokesOpenFileWithExpectedFileAccess" computerName="ICSWS068" duration="00:00:00.0041459" startTime="2016-08-04T09:58:43.2253101+02:00" endTime="2016-08-04T09:58:43.2303126+02:00" testType="13cdc9d9-ddb5-4fa4-a97d-d965ccfc6d4b" outcome="Passed" testListId="8c84fa94-04c1-424b-9868-57a2d4851a1d" relativeResultsDirectory="af3e2373-2732-4aa4-b7b1-39bb04848254">
      <Output>
        <StdOut>Debug Trace:
0: WorkflowInstance "OpenFile" is Started
1: Activity [null] "null" scheduled child activity [1] "OpenFile"
2: Activity [1] "OpenFile" is Executing
{
    Arguments
        FileAccess: Read
        FileMode: Open
        FileName: A:\Path\And\File.name
        FileShare: Read
}
3: WorkflowInstance "OpenFile" is Idle
4: Activity [1] "OpenFile" is Closed
{
    Arguments
        FileAccess: Read
        FileMode: Open
        FileName: A:\Path\And\File.name
        Result: 
        FileShare: Read
}
5: WorkflowInstance "OpenFile" is Completed</StdOut>
      </Output>
    </UnitTestResult>
    <UnitTestResult executionId="bb0d1f52-b570-4eed-a882-9da80d231244" testId="5140bc86-f072-b4e6-a87a-0b555cb790ec" testName="Invoke_AllInArguments_InvokesOpenFileWithExpectedFileMode" computerName="ICSWS068" duration="00:00:00.0036834" startTime="2016-08-04T09:58:43.2333161+02:00" endTime="2016-08-04T09:58:43.2383184+02:00" testType="13cdc9d9-ddb5-4fa4-a97d-d965ccfc6d4b" outcome="Passed" testListId="8c84fa94-04c1-424b-9868-57a2d4851a1d" relativeResultsDirectory="bb0d1f52-b570-4eed-a882-9da80d231244">
      <Output>
        <StdOut>Debug Trace:
0: WorkflowInstance "OpenFile" is Started
1: Activity [null] "null" scheduled child activity [1] "OpenFile"
2: Activity [1] "OpenFile" is Executing
{
    Arguments
        FileAccess: Read
        FileMode: Open
        FileName: A:\Path\And\File.name
        FileShare: Read
}
3: WorkflowInstance "OpenFile" is Idle
4: Activity [1] "OpenFile" is Closed
{
    Arguments
        FileAccess: Read
        FileMode: Open
        FileName: A:\Path\And\File.name
        Result: 
        FileShare: Read
}
5: WorkflowInstance "OpenFile" is Completed</StdOut>
      </Output>
    </UnitTestResult>
    <UnitTestResult executionId="17a8e760-43a2-4add-ab31-7015fa32e403" testId="fa385d18-3e5e-2f4a-aeb6-69bda151b68a" testName="Invoke_AllInArguments_InvokesOpenFileWithExpectedFileShare" computerName="ICSWS068" duration="00:00:00.0049899" startTime="2016-08-04T09:58:43.2408213+02:00" endTime="2016-08-04T09:58:43.2468258+02:00" testType="13cdc9d9-ddb5-4fa4-a97d-d965ccfc6d4b" outcome="Passed" testListId="8c84fa94-04c1-424b-9868-57a2d4851a1d" relativeResultsDirectory="17a8e760-43a2-4add-ab31-7015fa32e403">
      <Output>
        <StdOut>Debug Trace:
0: WorkflowInstance "OpenFile" is Started
1: Activity [null] "null" scheduled child activity [1] "OpenFile"
2: Activity [1] "OpenFile" is Executing
{
    Arguments
        FileAccess: Read
        FileMode: Open
        FileName: A:\Path\And\File.name
        FileShare: Read
}
3: WorkflowInstance "OpenFile" is Idle
4: Activity [1] "OpenFile" is Closed
{
    Arguments
        FileAccess: Read
        FileMode: Open
        FileName: A:\Path\And\File.name
        Result: 
        FileShare: Read
}
5: WorkflowInstance "OpenFile" is Completed</StdOut>
      </Output>
    </UnitTestResult>
    <UnitTestResult executionId="8d027054-87e1-4e69-a13b-c70cb9959a82" testId="226e460a-c12e-2d6f-569c-110d81361f7f" testName="Invoke_AllInArguments_ActivityStateIsClosed" computerName="ICSWS068" duration="00:00:00.0027829" startTime="2016-08-04T09:58:43.2513278+02:00" endTime="2016-08-04T09:58:43.2561304+02:00" testType="13cdc9d9-ddb5-4fa4-a97d-d965ccfc6d4b" outcome="Passed" testListId="8c84fa94-04c1-424b-9868-57a2d4851a1d" relativeResultsDirectory="8d027054-87e1-4e69-a13b-c70cb9959a82">
      <Output>
        <StdOut>Debug Trace:
0: WorkflowInstance "OpenFile" is Started
1: Activity [null] "null" scheduled child activity [1] "OpenFile"
2: Activity [1] "OpenFile" is Executing
{
    Arguments
        FileAccess: Read
        FileMode: Open
        FileName: A:\Path\And\File.name
        FileShare: Read
}
3: WorkflowInstance "OpenFile" is Idle
4: Activity [1] "OpenFile" is Closed
{
    Arguments
        FileAccess: Read
        FileMode: Open
        FileName: A:\Path\And\File.name
        Result: 
        FileShare: Read
}
5: WorkflowInstance "OpenFile" is Completed</StdOut>
      </Output>
    </UnitTestResult>
    <UnitTestResult executionId="ccf3b78b-56af-48f2-ab84-09901f37e997" testId="ce4dbe49-41e8-ce1e-bc0d-0c5fedbd2f53" testName="Invoke_ResumedWithValidValue_ResultIsSet" computerName="ICSWS068" duration="00:00:00.0032175" startTime="2016-08-04T09:58:43.2591321+02:00" endTime="2016-08-04T09:58:43.2641414+02:00" testType="13cdc9d9-ddb5-4fa4-a97d-d965ccfc6d4b" outcome="Passed" testListId="8c84fa94-04c1-424b-9868-57a2d4851a1d" relativeResultsDirectory="ccf3b78b-56af-48f2-ab84-09901f37e997">
      <Output>
        <StdOut>Debug Trace:
0: WorkflowInstance "OpenFile" is Started
1: Activity [null] "null" scheduled child activity [1] "OpenFile"
2: Activity [1] "OpenFile" is Executing
{
    Arguments
        FileAccess: Read
        FileMode: Open
        FileName: A:\Path\And\File.name
        FileShare: Read
}
3: WorkflowInstance "OpenFile" is Idle
4: Activity [1] "OpenFile" is Closed
{
    Arguments
        FileAccess: Read
        FileMode: Open
        FileName: A:\Path\And\File.name
        Result: System.IO.MemoryStream
        FileShare: Read
}
5: WorkflowInstance "OpenFile" is Completed</StdOut>
      </Output>
    </UnitTestResult>
    <UnitTestResult executionId="139aedcb-575f-4c71-80b7-b13267fea1df" testId="a70244b5-d92c-93ae-414a-a5fea7b59451" testName="Invoke_ExecutionFails_ThrowsException" computerName="ICSWS068" duration="00:00:00.0028157" startTime="2016-08-04T09:58:43.2681437+02:00" endTime="2016-08-04T09:58:43.2721480+02:00" testType="13cdc9d9-ddb5-4fa4-a97d-d965ccfc6d4b" outcome="Passed" testListId="8c84fa94-04c1-424b-9868-57a2d4851a1d" relativeResultsDirectory="139aedcb-575f-4c71-80b7-b13267fea1df">
      <Output>
        <StdOut>Debug Trace:
0: WorkflowInstance "OpenFile" is Started
1: Activity [null] "null" scheduled child activity [1] "OpenFile"
2: Activity [1] "OpenFile" is Executing
{
    Arguments
        FileAccess: Read
        FileMode: Open
        FileName: A:\Path\And\File.name
        FileShare: Read
}
3: WorkflowInstance "OpenFile" is Idle
4: Activity [1] "OpenFile" is Faulted
{
    Arguments
        FileAccess: Read
        FileMode: Open
        FileName: A:\Path\And\File.name
        Result: 
        FileShare: Read
}
5: Fault source [1] "OpenFile"
6: WorkflowInstance "OpenFile" Unhandled Exception Source "OpenFile" Exception &lt;Testing.Common.TestException: Test exception
   at Moq.MethodCall.Execute(ICallContext call)
   at Moq.MethodCallReturn`2.Execute(ICallContext call)
   at Moq.ExecuteCall.HandleIntercept(ICallContext invocation, InterceptorContext ctx, CurrentInterceptContext localctx)
   at Moq.Interceptor.Intercept(ICallContext invocation)
   at Moq.Proxy.CastleProxyFactory.Interceptor.Intercept(IInvocation invocation)
   at Castle.DynamicProxy.AbstractInvocation.Proceed()
   at Castle.Proxies.IFileSystemServiceProxy.OpenFile(String path, FileMode mode, FileAccess access, FileShare share)
   at iCore.Workflow.Activities.Filesystem.OpenFileActivity.&lt;&gt;c__DisplayClass18_0.&lt;BeginExecute&gt;b__0()
   at System.Threading.Tasks.Task`1.InnerInvoke()
   at System.Threading.Tasks.Task.Execute()
--- End of stack trace from previous location where exception was thrown ---
   at System.Runtime.ExceptionServices.ExceptionDispatchInfo.Throw()
   at iCore.Workflow.Activities.ActivityUtilities.ThrowIfTaskFailedAndActivityIsNotCanceled(Task task, AsyncCodeActivityContext context)
   at iCore.Workflow.Activities.ActivityUtilities.GetResultOrThrowIfTaskFailedAndActivityIsNotCanceled[T](Task`1 task, AsyncCodeActivityContext context)
   at iCore.Workflow.Activities.Filesystem.OpenFileActivity.EndExecute(AsyncCodeActivityContext context, IAsyncResult result)
   at System.Activities.AsyncCodeActivity`1.System.Activities.IAsyncCodeActivity.FinishExecution(AsyncCodeActivityContext context, IAsyncResult result)
   at System.Activities.AsyncCodeActivity.CompleteAsyncCodeActivityData.CompleteAsyncCodeActivityWorkItem.Execute(ActivityExecutor executor, BookmarkManager bookmarkManager)&gt;
7: WorkflowInstance "OpenFile" Terminated Reason "Test exception"</StdOut>
      </Output>
    </UnitTestResult>
    <UnitTestResult executionId="a9958894-e2c3-46ec-a24e-dc0d7bc5b2ba" testId="7ad616db-ea9e-d7db-0c3d-7db064c1955f" testName="Allocate_InspectDefaultValues_DefaultFileAccessIsRead" computerName="ICSWS068" duration="00:00:00.0030228" startTime="2016-08-04T09:58:43.2751183+02:00" endTime="2016-08-04T09:58:43.2796218+02:00" testType="13cdc9d9-ddb5-4fa4-a97d-d965ccfc6d4b" outcome="Passed" testListId="8c84fa94-04c1-424b-9868-57a2d4851a1d" relativeResultsDirectory="a9958894-e2c3-46ec-a24e-dc0d7bc5b2ba">
      <Output>
        <StdOut>Debug Trace:
0: WorkflowInstance "OpenFile" is Started
1: Activity [null] "null" scheduled child activity [1] "OpenFile"
2: Activity [1] "OpenFile" is Executing
{
    Arguments
        FileAccess: Read
        FileMode: Open
        FileName: A:\Path\And\File.name
        FileShare: Read
}
3: WorkflowInstance "OpenFile" is Idle
4: Activity [1] "OpenFile" is Closed
{
    Arguments
        FileAccess: Read
        FileMode: Open
        FileName: A:\Path\And\File.name
        Result: 
        FileShare: Read
}
5: WorkflowInstance "OpenFile" is Completed</StdOut>
      </Output>
    </UnitTestResult>
    <UnitTestResult executionId="f498a251-6d05-4a36-aad9-375f33d20c7d" testId="59005feb-9312-3d6d-a031-0d15047ae91e" testName="Allocate_InspectDefaultValues_DefaultFileModeIsOpen" computerName="ICSWS068" duration="00:00:00.0033292" startTime="2016-08-04T09:58:43.2826244+02:00" endTime="2016-08-04T09:58:43.2876451+02:00" testType="13cdc9d9-ddb5-4fa4-a97d-d965ccfc6d4b" outcome="Passed" testListId="8c84fa94-04c1-424b-9868-57a2d4851a1d" relativeResultsDirectory="f498a251-6d05-4a36-aad9-375f33d20c7d">
      <Output>
        <StdOut>Debug Trace:
0: WorkflowInstance "OpenFile" is Started
1: Activity [null] "null" scheduled child activity [1] "OpenFile"
2: Activity [1] "OpenFile" is Executing
{
    Arguments
        FileAccess: Read
        FileMode: Open
        FileName: A:\Path\And\File.name
        FileShare: Read
}
3: WorkflowInstance "OpenFile" is Idle
4: Activity [1] "OpenFile" is Closed
{
    Arguments
        FileAccess: Read
        FileMode: Open
        FileName: A:\Path\And\File.name
        Result: 
        FileShare: Read
}
5: WorkflowInstance "OpenFile" is Completed</StdOut>
      </Output>
    </UnitTestResult>
    <UnitTestResult executionId="2372caa6-0309-461a-a6ec-08faf676b497" testId="864e8b00-56ce-19ba-1b82-63ad7fe31ff9" testName="Allocate_InspectDefaultValues_DefaultFileShareIsRead" computerName="ICSWS068" duration="00:00:00.0038298" startTime="2016-08-04T09:58:43.2911474+02:00" endTime="2016-08-04T09:58:43.2971520+02:00" testType="13cdc9d9-ddb5-4fa4-a97d-d965ccfc6d4b" outcome="Passed" testListId="8c84fa94-04c1-424b-9868-57a2d4851a1d" relativeResultsDirectory="2372caa6-0309-461a-a6ec-08faf676b497">
      <Output>
        <StdOut>Debug Trace:
0: WorkflowInstance "OpenFile" is Started
1: Activity [null] "null" scheduled child activity [1] "OpenFile"
2: Activity [1] "OpenFile" is Executing
{
    Arguments
        FileAccess: Read
        FileMode: Open
        FileName: A:\Path\And\File.name
        FileShare: Read
}
3: WorkflowInstance "OpenFile" is Idle
4: Activity [1] "OpenFile" is Closed
{
    Arguments
        FileAccess: Read
        FileMode: Open
        FileName: A:\Path\And\File.name
        Result: 
        FileShare: Read
}
5: WorkflowInstance "OpenFile" is Completed</StdOut>
      </Output>
    </UnitTestResult>
    <UnitTestResult executionId="931b416c-0d8b-4cb3-b558-c36a809f02c6" testId="8cc0d994-e7ff-4cab-6633-14d742ee9012" testName="Invoke_AllInArguments_ExecutesGetNextFileActivity" computerName="ICSWS068" duration="00:00:00.0095944" startTime="2016-08-04T09:58:43.3006548+02:00" endTime="2016-08-04T09:58:43.3122960+02:00" testType="13cdc9d9-ddb5-4fa4-a97d-d965ccfc6d4b" outcome="Passed" testListId="8c84fa94-04c1-424b-9868-57a2d4851a1d" relativeResultsDirectory="931b416c-0d8b-4cb3-b558-c36a809f02c6">
      <Output>
        <StdOut>Debug Trace:
0: WorkflowInstance "OpenNextFile" is Started
1: Activity [null] "null" scheduled child activity [1] "OpenNextFile"
2: Activity [1] "OpenNextFile" is Executing
{
    Arguments
        FileAccess: Read
        ErrorOnTimeout: False
        SubscriptionId: 6a0e1744-b504-499b-a48e-864e1e6c0834
        FileMode: Open
        Timeout: 00:00:59
        Rename: False
        FileShare: Read
        MoveFileToDirectory: 
        IsImplicitlyCancellable: True
}
3: Activity [1] "OpenNextFile" scheduled child activity [1.1] "Sequence"
4: Activity [1.1] "Sequence" is Executing
5: Activity [1.1] "Sequence" scheduled child activity [1.17] "Sequence"
6: Activity [1.17] "Sequence" is Executing
{
    Variables
        _5ef1bf98_84fe_487c_bb8a_8079780ebfc1_291: 0
}
7: Activity [1.17] "Sequence" scheduled child activity [1.42] "GetNextFile1"
8: Activity [1.42] "GetNextFile1" is Executing
{
    Arguments
        ErrorOnTimeout: False
        SubscriptionId: 6a0e1744-b504-499b-a48e-864e1e6c0834
        Timeout: 00:00:59
        IsImplicitlyCancellable: True
}
9: CustomTrackingRecord [1.42] "iCPSTraceTrackingRecord"
10: WorkflowInstance "OpenNextFile" is Idle</StdOut>
      </Output>
    </UnitTestResult>
    <UnitTestResult executionId="c775f3ec-8286-4c19-8878-b6a79dd7a493" testId="3720b756-3b7f-e1ef-7aa0-d4c590434a6a" testName="Invoke_AllInArguments_ExecutesGetNextFileActivityWithExpectedConnectionArgument" computerName="ICSWS068" duration="00:00:00.0034415" startTime="2016-08-04T09:58:43.3152766+02:00" endTime="2016-08-04T09:58:43.3202803+02:00" testType="13cdc9d9-ddb5-4fa4-a97d-d965ccfc6d4b" outcome="Passed" testListId="8c84fa94-04c1-424b-9868-57a2d4851a1d" relativeResultsDirectory="c775f3ec-8286-4c19-8878-b6a79dd7a493">
      <Output>
        <StdOut>Debug Trace:
0: WorkflowInstance "OpenNextFile" is Started
1: Activity [null] "null" scheduled child activity [1] "OpenNextFile"
2: Activity [1] "OpenNextFile" is Executing
{
    Arguments
        FileAccess: Read
        ErrorOnTimeout: False
        SubscriptionId: f2edb792-301e-423e-ada5-a714a65e9bf3
        FileMode: Open
        Timeout: 00:00:59
        Rename: False
        FileShare: Read
        MoveFileToDirectory: 
        IsImplicitlyCancellable: True
}
3: Activity [1] "OpenNextFile" scheduled child activity [1.1] "Sequence"
4: Activity [1.1] "Sequence" is Executing
5: Activity [1.1] "Sequence" scheduled child activity [1.17] "Sequence"
6: Activity [1.17] "Sequence" is Executing
{
    Variables
        _5ef1bf98_84fe_487c_bb8a_8079780ebfc1_292: 0
}
7: Activity [1.17] "Sequence" scheduled child activity [1.42] "GetNextFile1"
8: Activity [1.42] "GetNextFile1" is Executing
{
    Arguments
        ErrorOnTimeout: False
        SubscriptionId: f2edb792-301e-423e-ada5-a714a65e9bf3
        Timeout: 00:00:59
        IsImplicitlyCancellable: True
}
9: CustomTrackingRecord [1.42] "iCPSTraceTrackingRecord"
10: WorkflowInstance "OpenNextFile" is Idle</StdOut>
      </Output>
    </UnitTestResult>
    <UnitTestResult executionId="ca665467-4743-483f-9f53-30607addbc6a" testId="7c43f713-c062-f810-1c71-8c10c26820c9" testName="Invoke_AllInArguments_ExecutesGetNextFileActivityWithExpectedErrorOnTimeoutArgument" computerName="ICSWS068" duration="00:00:00.0041767" startTime="2016-08-04T09:58:43.3237847+02:00" endTime="2016-08-04T09:58:43.3297872+02:00" testType="13cdc9d9-ddb5-4fa4-a97d-d965ccfc6d4b" outcome="Passed" testListId="8c84fa94-04c1-424b-9868-57a2d4851a1d" relativeResultsDirectory="ca665467-4743-483f-9f53-30607addbc6a">
      <Output>
        <StdOut>Debug Trace:
0: WorkflowInstance "OpenNextFile" is Started
1: Activity [null] "null" scheduled child activity [1] "OpenNextFile"
2: Activity [1] "OpenNextFile" is Executing
{
    Arguments
        FileAccess: Read
        ErrorOnTimeout: False
        SubscriptionId: 718e692f-d592-4c0d-970b-88bfc2282576
        FileMode: Open
        Timeout: 00:00:59
        Rename: False
        FileShare: Read
        MoveFileToDirectory: 
        IsImplicitlyCancellable: True
}
3: Activity [1] "OpenNextFile" scheduled child activity [1.1] "Sequence"
4: Activity [1.1] "Sequence" is Executing
5: Activity [1.1] "Sequence" scheduled child activity [1.17] "Sequence"
6: Activity [1.17] "Sequence" is Executing
{
    Variables
        _5ef1bf98_84fe_487c_bb8a_8079780ebfc1_293: 0
}
7: Activity [1.17] "Sequence" scheduled child activity [1.42] "GetNextFile1"
8: Activity [1.42] "GetNextFile1" is Executing
{
    Arguments
        ErrorOnTimeout: False
        SubscriptionId: 718e692f-d592-4c0d-970b-88bfc2282576
        Timeout: 00:00:59
        IsImplicitlyCancellable: True
}
9: CustomTrackingRecord [1.42] "iCPSTraceTrackingRecord"
10: WorkflowInstance "OpenNextFile" is Idle</StdOut>
      </Output>
    </UnitTestResult>
    <UnitTestResult executionId="4ddb42f3-525d-488d-a0a9-2d52f4443ee1" testId="43d3b53a-5f1e-1753-544e-a39a469ca4f3" testName="Invoke_AllInArguments_ExecutesGetNextFileActivityWithExpectedTimeoutArgument" computerName="ICSWS068" duration="00:00:00.0037858" startTime="2016-08-04T09:58:43.3340197+02:00" endTime="2016-08-04T09:58:43.3395234+02:00" testType="13cdc9d9-ddb5-4fa4-a97d-d965ccfc6d4b" outcome="Passed" testListId="8c84fa94-04c1-424b-9868-57a2d4851a1d" relativeResultsDirectory="4ddb42f3-525d-488d-a0a9-2d52f4443ee1">
      <Output>
        <StdOut>Debug Trace:
0: WorkflowInstance "OpenNextFile" is Started
1: Activity [null] "null" scheduled child activity [1] "OpenNextFile"
2: Activity [1] "OpenNextFile" is Executing
{
    Arguments
        FileAccess: Read
        ErrorOnTimeout: False
        SubscriptionId: a88cfd90-03a7-41e4-aaec-24bed2244e7d
        FileMode: Open
        Timeout: 00:00:59
        Rename: False
        FileShare: Read
        MoveFileToDirectory: 
        IsImplicitlyCancellable: True
}
3: Activity [1] "OpenNextFile" scheduled child activity [1.1] "Sequence"
4: Activity [1.1] "Sequence" is Executing
5: Activity [1.1] "Sequence" scheduled child activity [1.17] "Sequence"
6: Activity [1.17] "Sequence" is Executing
{
    Variables
        _5ef1bf98_84fe_487c_bb8a_8079780ebfc1_294: 0
}
7: Activity [1.17] "Sequence" scheduled child activity [1.42] "GetNextFile1"
8: Activity [1.42] "GetNextFile1" is Executing
{
    Arguments
        ErrorOnTimeout: False
        SubscriptionId: a88cfd90-03a7-41e4-aaec-24bed2244e7d
        Timeout: 00:00:59
        IsImplicitlyCancellable: True
}
9: CustomTrackingRecord [1.42] "iCPSTraceTrackingRecord"
10: WorkflowInstance "OpenNextFile" is Idle</StdOut>
      </Output>
    </UnitTestResult>
    <UnitTestResult executionId="3e015bb4-9c54-4c6c-8201-5a6bbc0d823e" testId="935f5efe-3e59-8519-b484-072d1b434950" testName="Invoke_AllInArguments_InvokesFileExistsWithExpectedFileNameArgument" computerName="ICSWS068" duration="00:00:00.0070455" startTime="2016-08-04T09:58:43.3430260+02:00" endTime="2016-08-04T09:58:43.3515326+02:00" testType="13cdc9d9-ddb5-4fa4-a97d-d965ccfc6d4b" outcome="Passed" testListId="8c84fa94-04c1-424b-9868-57a2d4851a1d" relativeResultsDirectory="3e015bb4-9c54-4c6c-8201-5a6bbc0d823e">
      <Output>
        <StdOut>Debug Trace:
0: WorkflowInstance "OpenNextFile" is Started
1: Activity [null] "null" scheduled child activity [1] "OpenNextFile"
2: Activity [1] "OpenNextFile" is Executing
{
    Arguments
        FileAccess: Read
        ErrorOnTimeout: False
        SubscriptionId: 8b1f8624-c0a2-4b2d-be20-2bd043dd62a0
        FileMode: Open
        Timeout: 00:00:59
        Rename: False
        FileShare: Read
        MoveFileToDirectory: 
        IsImplicitlyCancellable: True
}
3: Activity [1] "OpenNextFile" scheduled child activity [1.1] "Sequence"
4: Activity [1.1] "Sequence" is Executing
5: Activity [1.1] "Sequence" scheduled child activity [1.17] "Sequence"
6: Activity [1.17] "Sequence" is Executing
{
    Variables
        _5ef1bf98_84fe_487c_bb8a_8079780ebfc1_295: Rename
}
7: Activity [1.17] "Sequence" scheduled child activity [1.42] "GetNextFile1"
8: Activity [1.42] "GetNextFile1" is Executing
{
    Arguments
        ErrorOnTimeout: False
        SubscriptionId: 8b1f8624-c0a2-4b2d-be20-2bd043dd62a0
        Timeout: 00:00:59
        IsImplicitlyCancellable: True
}
9: CustomTrackingRecord [1.42] "iCPSTraceTrackingRecord"
10: WorkflowInstance "OpenNextFile" is Idle
11: Bookmark "5f0a24c6-809d-4d73-8323-027e1533555d" resumed with payload &lt;iCore.Workflow.Activities.Extensions.ItemSubscriptionEventArgs`1[iCore.Common.Utilities.FileSystemWatcher.FileSystemWatcherFileInfo]&gt; owner [1.42] "GetNextFile1"
12: CustomTrackingRecord [1.42] "iCPSTraceTrackingRecord"
13: Activity [1.42] "GetNextFile1" is Closed
{
    Arguments
        ErrorOnTimeout: False
        SubscriptionId: 8b1f8624-c0a2-4b2d-be20-2bd043dd62a0
        FileName: file.name
        Timeout: 00:00:59
        FileFullName: a:\directory\path\file.name
        IsImplicitlyCancellable: True
        WatchType: Rename
}
14: Activity [1.17] "Sequence" scheduled child activity [1.35] "AssignProcessingFileName1"
15: Activity [1.35] "AssignProcessingFileName1" is Executing
{
    Arguments
        Value: file.name
}
16: Activity [1.35] "AssignProcessingFileName1" is Closed
{
    Arguments
        Value: file.name
        To: file.name
}
17: Activity [1.17] "Sequence" scheduled child activity [1.27] "AssignProcessingFilePath1"
18: Activity [1.27] "AssignProcessingFilePath1" is Executing
{
    Arguments
        Value: a:\directory\path\file.name
}
19: Activity [1.27] "AssignProcessingFilePath1" is Closed
{
    Arguments
        Value: a:\directory\path\file.name
        To: a:\directory\path\file.name
}
20: Activity [1.17] "Sequence" scheduled child activity [1.18] "RenameFileCheck1"
21: Activity [1.18] "RenameFileCheck1" is Executing
{
    Arguments
        Condition: False
}
22: Activity [1.18] "RenameFileCheck1" is Closed
{
    Arguments
        Condition: False
}
23: Activity [1.17] "Sequence" is Closed
{
    Variables
        _5ef1bf98_84fe_487c_bb8a_8079780ebfc1_296: Rename
}
24: Activity [1.1] "Sequence" scheduled child activity [1.2] "OpenIfFileExists1"
25: Activity [1.2] "OpenIfFileExists1" is Executing
{
    Arguments
        Condition: False
}
26: Activity [1.2] "OpenIfFileExists1" is Closed
{
    Arguments
        Condition: False
}
27: Activity [1.1] "Sequence" is Closed
28: Activity [1] "OpenNextFile" is Closed
{
    Arguments
        FileAccess: Read
        ErrorOnTimeout: False
        SubscriptionId: 8b1f8624-c0a2-4b2d-be20-2bd043dd62a0
        FileMode: Open
        Timeout: 00:00:59
        Rename: False
        OriginalFileName: file.name
        FileShare: Read
        Data: 
        ProcessingFilePath: a:\directory\path\file.name
        MoveFileToDirectory: 
        IsImplicitlyCancellable: True
        ProcessingFileName: file.name
        OriginalFilePath: a:\directory\path\file.name
}
29: WorkflowInstance "OpenNextFile" is Completed</StdOut>
      </Output>
    </UnitTestResult>
    <UnitTestResult executionId="bb8622a8-b7d0-4459-abf2-9f891d153649" testId="cd8a3db1-a027-ae4c-e02b-ca4757e43faa" testName="Invoke_Rename_ExecutesOpenFileActivityWithExpectedFileNameArgument" computerName="ICSWS068" duration="00:00:00.0109478" startTime="2016-08-04T09:58:43.3545237+02:00" endTime="2016-08-04T09:58:43.3671426+02:00" testType="13cdc9d9-ddb5-4fa4-a97d-d965ccfc6d4b" outcome="Passed" testListId="8c84fa94-04c1-424b-9868-57a2d4851a1d" relativeResultsDirectory="bb8622a8-b7d0-4459-abf2-9f891d153649">
      <Output>
        <StdOut>Debug Trace:
0: WorkflowInstance "OpenNextFile" is Started
1: Activity [null] "null" scheduled child activity [1] "OpenNextFile"
2: Activity [1] "OpenNextFile" is Executing
{
    Arguments
        FileAccess: Read
        ErrorOnTimeout: False
        SubscriptionId: e28c062f-fb8b-4222-83e3-1b0a63e9e890
        FileMode: Open
        Timeout: 00:00:59
        Rename: True
        FileShare: Read
        MoveFileToDirectory: 
        IsImplicitlyCancellable: True
}
3: Activity [1] "OpenNextFile" scheduled child activity [1.1] "Sequence"
4: Activity [1.1] "Sequence" is Executing
5: Activity [1.1] "Sequence" scheduled child activity [1.17] "Sequence"
6: Activity [1.17] "Sequence" is Executing
{
    Variables
        _5ef1bf98_84fe_487c_bb8a_8079780ebfc1_297: Rename
}
7: Activity [1.17] "Sequence" scheduled child activity [1.42] "GetNextFile1"
8: Activity [1.42] "GetNextFile1" is Executing
{
    Arguments
        ErrorOnTimeout: False
        SubscriptionId: e28c062f-fb8b-4222-83e3-1b0a63e9e890
        Timeout: 00:00:59
        IsImplicitlyCancellable: True
}
9: CustomTrackingRecord [1.42] "iCPSTraceTrackingRecord"
10: WorkflowInstance "OpenNextFile" is Idle
11: Bookmark "e5457173-d978-47e1-9f54-367cea69ba1e" resumed with payload &lt;iCore.Workflow.Activities.Extensions.ItemSubscriptionEventArgs`1[iCore.Common.Utilities.FileSystemWatcher.FileSystemWatcherFileInfo]&gt; owner [1.42] "GetNextFile1"
12: CustomTrackingRecord [1.42] "iCPSTraceTrackingRecord"
13: Activity [1.42] "GetNextFile1" is Closed
{
    Arguments
        ErrorOnTimeout: False
        SubscriptionId: e28c062f-fb8b-4222-83e3-1b0a63e9e890
        FileName: file.name
        Timeout: 00:00:59
        FileFullName: a:\directory\path\file.name
        IsImplicitlyCancellable: True
        WatchType: Rename
}
14: Activity [1.17] "Sequence" scheduled child activity [1.35] "AssignProcessingFileName1"
15: Activity [1.35] "AssignProcessingFileName1" is Executing
{
    Arguments
        Value: file.name_temp
}
16: Activity [1.35] "AssignProcessingFileName1" is Closed
{
    Arguments
        Value: file.name_temp
        To: file.name_temp
}
17: Activity [1.17] "Sequence" scheduled child activity [1.27] "AssignProcessingFilePath1"
18: Activity [1.27] "AssignProcessingFilePath1" is Executing
{
    Arguments
        Value: a:\directory\path\file.name_temp
}
19: Activity [1.27] "AssignProcessingFilePath1" is Closed
{
    Arguments
        Value: a:\directory\path\file.name_temp
        To: a:\directory\path\file.name_temp
}
20: Activity [1.17] "Sequence" scheduled child activity [1.18] "RenameFileCheck1"
21: Activity [1.18] "RenameFileCheck1" is Executing
{
    Arguments
        Condition: True
}
22: Activity [1.18] "RenameFileCheck1" scheduled child activity [1.22] "RenameFile1"
23: Activity [1.22] "RenameFile1" is Executing
{
    Arguments
        NewFilename: a:\directory\path\file.name_temp
        OldFilename: a:\directory\path\file.name
}
24: WorkflowInstance "OpenNextFile" is Idle
25: Activity [1.22] "RenameFile1" is Closed
{
    Arguments
        NewFilename: a:\directory\path\file.name_temp
        OldFilename: a:\directory\path\file.name
}
26: Activity [1.18] "RenameFileCheck1" is Closed
{
    Arguments
        Condition: True
}
27: Activity [1.17] "Sequence" is Closed
{
    Variables
        _5ef1bf98_84fe_487c_bb8a_8079780ebfc1_298: Rename
}
28: Activity [1.1] "Sequence" scheduled child activity [1.2] "OpenIfFileExists1"
29: Activity [1.2] "OpenIfFileExists1" is Executing
{
    Arguments
        Condition: True
}
30: Activity [1.2] "OpenIfFileExists1" scheduled child activity [1.6] "OpenFile1"
31: Activity [1.6] "OpenFile1" is Executing
{
    Arguments
        FileAccess: Read
        FileMode: Open
        FileName: a:\directory\path\file.name_temp
        FileShare: Read
}
32: WorkflowInstance "OpenNextFile" is Idle
33: Activity [1.6] "OpenFile1" is Closed
{
    Arguments
        FileAccess: Read
        FileMode: Open
        FileName: a:\directory\path\file.name_temp
        Result: 
        FileShare: Read
}
34: Activity [1.2] "OpenIfFileExists1" is Closed
{
    Arguments
        Condition: True
}
35: Activity [1.1] "Sequence" is Closed
36: Activity [1] "OpenNextFile" is Closed
{
    Arguments
        FileAccess: Read
        ErrorOnTimeout: False
        SubscriptionId: e28c062f-fb8b-4222-83e3-1b0a63e9e890
        FileMode: Open
        Timeout: 00:00:59
        Rename: True
        OriginalFileName: file.name
        FileShare: Read
        Data: 
        ProcessingFilePath: a:\directory\path\file.name_temp
        MoveFileToDirectory: 
        IsImplicitlyCancellable: True
        ProcessingFileName: file.name_temp
        OriginalFilePath: a:\directory\path\file.name
}
37: WorkflowInstance "OpenNextFile" is Completed</StdOut>
      </Output>
    </UnitTestResult>
    <UnitTestResult executionId="66cf7142-f657-4cac-99a3-7e7d7748df94" testId="b57e116c-b6e2-d148-50d3-7bef4d27e170" testName="Invoke_NoRename_ExecutesOpenFileActivityWithExpectedFileAccessArgument" computerName="ICSWS068" duration="00:00:00.0087951" startTime="2016-08-04T09:58:43.3706454+02:00" endTime="2016-08-04T09:58:43.3806561+02:00" testType="13cdc9d9-ddb5-4fa4-a97d-d965ccfc6d4b" outcome="Passed" testListId="8c84fa94-04c1-424b-9868-57a2d4851a1d" relativeResultsDirectory="66cf7142-f657-4cac-99a3-7e7d7748df94">
      <Output>
        <StdOut>Debug Trace:
0: WorkflowInstance "OpenNextFile" is Started
1: Activity [null] "null" scheduled child activity [1] "OpenNextFile"
2: Activity [1] "OpenNextFile" is Executing
{
    Arguments
        FileAccess: Read
        ErrorOnTimeout: False
        SubscriptionId: 0cc08718-ac9a-462d-bca1-592ad92d7146
        FileMode: Open
        Timeout: 00:00:59
        Rename: False
        FileShare: Read
        MoveFileToDirectory: 
        IsImplicitlyCancellable: True
}
3: Activity [1] "OpenNextFile" scheduled child activity [1.1] "Sequence"
4: Activity [1.1] "Sequence" is Executing
5: Activity [1.1] "Sequence" scheduled child activity [1.17] "Sequence"
6: Activity [1.17] "Sequence" is Executing
{
    Variables
        _5ef1bf98_84fe_487c_bb8a_8079780ebfc1_299: Rename
}
7: Activity [1.17] "Sequence" scheduled child activity [1.42] "GetNextFile1"
8: Activity [1.42] "GetNextFile1" is Executing
{
    Arguments
        ErrorOnTimeout: False
        SubscriptionId: 0cc08718-ac9a-462d-bca1-592ad92d7146
        Timeout: 00:00:59
        IsImplicitlyCancellable: True
}
9: CustomTrackingRecord [1.42] "iCPSTraceTrackingRecord"
10: WorkflowInstance "OpenNextFile" is Idle
11: Bookmark "d53bd659-5cbc-4a8e-978b-09b0f052349c" resumed with payload &lt;iCore.Workflow.Activities.Extensions.ItemSubscriptionEventArgs`1[iCore.Common.Utilities.FileSystemWatcher.FileSystemWatcherFileInfo]&gt; owner [1.42] "GetNextFile1"
12: CustomTrackingRecord [1.42] "iCPSTraceTrackingRecord"
13: Activity [1.42] "GetNextFile1" is Closed
{
    Arguments
        ErrorOnTimeout: False
        SubscriptionId: 0cc08718-ac9a-462d-bca1-592ad92d7146
        FileName: file.name
        Timeout: 00:00:59
        FileFullName: a:\directory\path\file.name
        IsImplicitlyCancellable: True
        WatchType: Rename
}
14: Activity [1.17] "Sequence" scheduled child activity [1.35] "AssignProcessingFileName1"
15: Activity [1.35] "AssignProcessingFileName1" is Executing
{
    Arguments
        Value: file.name
}
16: Activity [1.35] "AssignProcessingFileName1" is Closed
{
    Arguments
        Value: file.name
        To: file.name
}
17: Activity [1.17] "Sequence" scheduled child activity [1.27] "AssignProcessingFilePath1"
18: Activity [1.27] "AssignProcessingFilePath1" is Executing
{
    Arguments
        Value: a:\directory\path\file.name
}
19: Activity [1.27] "AssignProcessingFilePath1" is Closed
{
    Arguments
        Value: a:\directory\path\file.name
        To: a:\directory\path\file.name
}
20: Activity [1.17] "Sequence" scheduled child activity [1.18] "RenameFileCheck1"
21: Activity [1.18] "RenameFileCheck1" is Executing
{
    Arguments
        Condition: False
}
22: Activity [1.18] "RenameFileCheck1" is Closed
{
    Arguments
        Condition: False
}
23: Activity [1.17] "Sequence" is Closed
{
    Variables
        _5ef1bf98_84fe_487c_bb8a_8079780ebfc1_300: Rename
}
24: Activity [1.1] "Sequence" scheduled child activity [1.2] "OpenIfFileExists1"
25: Activity [1.2] "OpenIfFileExists1" is Executing
{
    Arguments
        Condition: True
}
26: Activity [1.2] "OpenIfFileExists1" scheduled child activity [1.6] "OpenFile1"
27: Activity [1.6] "OpenFile1" is Executing
{
    Arguments
        FileAccess: Read
        FileMode: Open
        FileName: a:\directory\path\file.name
        FileShare: Read
}
28: WorkflowInstance "OpenNextFile" is Idle
29: Activity [1.6] "OpenFile1" is Closed
{
    Arguments
        FileAccess: Read
        FileMode: Open
        FileName: a:\directory\path\file.name
        Result: 
        FileShare: Read
}
30: Activity [1.2] "OpenIfFileExists1" is Closed
{
    Arguments
        Condition: True
}
31: Activity [1.1] "Sequence" is Closed
32: Activity [1] "OpenNextFile" is Closed
{
    Arguments
        FileAccess: Read
        ErrorOnTimeout: False
        SubscriptionId: 0cc08718-ac9a-462d-bca1-592ad92d7146
        FileMode: Open
        Timeout: 00:00:59
        Rename: False
        OriginalFileName: file.name
        FileShare: Read
        Data: 
        ProcessingFilePath: a:\directory\path\file.name
        MoveFileToDirectory: 
        IsImplicitlyCancellable: True
        ProcessingFileName: file.name
        OriginalFilePath: a:\directory\path\file.name
}
33: WorkflowInstance "OpenNextFile" is Completed</StdOut>
      </Output>
    </UnitTestResult>
    <UnitTestResult executionId="1917d43f-d97e-4c6b-ad15-656f64c4adba" testId="5ddbfed9-86b7-4e56-d318-a9ecfc7e2059" testName="Invoke_NoRename_ExecutesOpenFileActivityWithExpectedFileModeArgument" computerName="ICSWS068" duration="00:00:00.0077267" startTime="2016-08-04T09:58:43.3841590+02:00" endTime="2016-08-04T09:58:43.3936659+02:00" testType="13cdc9d9-ddb5-4fa4-a97d-d965ccfc6d4b" outcome="Passed" testListId="8c84fa94-04c1-424b-9868-57a2d4851a1d" relativeResultsDirectory="1917d43f-d97e-4c6b-ad15-656f64c4adba">
      <Output>
        <StdOut>Debug Trace:
0: WorkflowInstance "OpenNextFile" is Started
1: Activity [null] "null" scheduled child activity [1] "OpenNextFile"
2: Activity [1] "OpenNextFile" is Executing
{
    Arguments
        FileAccess: Read
        ErrorOnTimeout: False
        SubscriptionId: 1fa7be8c-c84c-4660-98e5-f5d704e69bc1
        FileMode: Append
        Timeout: 00:00:59
        Rename: False
        FileShare: Read
        MoveFileToDirectory: 
        IsImplicitlyCancellable: True
}
3: Activity [1] "OpenNextFile" scheduled child activity [1.1] "Sequence"
4: Activity [1.1] "Sequence" is Executing
5: Activity [1.1] "Sequence" scheduled child activity [1.17] "Sequence"
6: Activity [1.17] "Sequence" is Executing
{
    Variables
        _5ef1bf98_84fe_487c_bb8a_8079780ebfc1_301: Rename
}
7: Activity [1.17] "Sequence" scheduled child activity [1.42] "GetNextFile1"
8: Activity [1.42] "GetNextFile1" is Executing
{
    Arguments
        ErrorOnTimeout: False
        SubscriptionId: 1fa7be8c-c84c-4660-98e5-f5d704e69bc1
        Timeout: 00:00:59
        IsImplicitlyCancellable: True
}
9: CustomTrackingRecord [1.42] "iCPSTraceTrackingRecord"
10: WorkflowInstance "OpenNextFile" is Idle
11: Bookmark "66e6538c-7a50-49bb-a23a-8039bab62fca" resumed with payload &lt;iCore.Workflow.Activities.Extensions.ItemSubscriptionEventArgs`1[iCore.Common.Utilities.FileSystemWatcher.FileSystemWatcherFileInfo]&gt; owner [1.42] "GetNextFile1"
12: CustomTrackingRecord [1.42] "iCPSTraceTrackingRecord"
13: Activity [1.42] "GetNextFile1" is Closed
{
    Arguments
        ErrorOnTimeout: False
        SubscriptionId: 1fa7be8c-c84c-4660-98e5-f5d704e69bc1
        FileName: file.name
        Timeout: 00:00:59
        FileFullName: a:\directory\path\file.name
        IsImplicitlyCancellable: True
        WatchType: Rename
}
14: Activity [1.17] "Sequence" scheduled child activity [1.35] "AssignProcessingFileName1"
15: Activity [1.35] "AssignProcessingFileName1" is Executing
{
    Arguments
        Value: file.name
}
16: Activity [1.35] "AssignProcessingFileName1" is Closed
{
    Arguments
        Value: file.name
        To: file.name
}
17: Activity [1.17] "Sequence" scheduled child activity [1.27] "AssignProcessingFilePath1"
18: Activity [1.27] "AssignProcessingFilePath1" is Executing
{
    Arguments
        Value: a:\directory\path\file.name
}
19: Activity [1.27] "AssignProcessingFilePath1" is Closed
{
    Arguments
        Value: a:\directory\path\file.name
        To: a:\directory\path\file.name
}
20: Activity [1.17] "Sequence" scheduled child activity [1.18] "RenameFileCheck1"
21: Activity [1.18] "RenameFileCheck1" is Executing
{
    Arguments
        Condition: False
}
22: Activity [1.18] "RenameFileCheck1" is Closed
{
    Arguments
        Condition: False
}
23: Activity [1.17] "Sequence" is Closed
{
    Variables
        _5ef1bf98_84fe_487c_bb8a_8079780ebfc1_302: Rename
}
24: Activity [1.1] "Sequence" scheduled child activity [1.2] "OpenIfFileExists1"
25: Activity [1.2] "OpenIfFileExists1" is Executing
{
    Arguments
        Condition: True
}
26: Activity [1.2] "OpenIfFileExists1" scheduled child activity [1.6] "OpenFile1"
27: Activity [1.6] "OpenFile1" is Executing
{
    Arguments
        FileAccess: Read
        FileMode: Append
        FileName: a:\directory\path\file.name
        FileShare: Read
}
28: WorkflowInstance "OpenNextFile" is Idle
29: Activity [1.6] "OpenFile1" is Closed
{
    Arguments
        FileAccess: Read
        FileMode: Append
        FileName: a:\directory\path\file.name
        Result: 
        FileShare: Read
}
30: Activity [1.2] "OpenIfFileExists1" is Closed
{
    Arguments
        Condition: True
}
31: Activity [1.1] "Sequence" is Closed
32: Activity [1] "OpenNextFile" is Closed
{
    Arguments
        FileAccess: Read
        ErrorOnTimeout: False
        SubscriptionId: 1fa7be8c-c84c-4660-98e5-f5d704e69bc1
        FileMode: Append
        Timeout: 00:00:59
        Rename: False
        OriginalFileName: file.name
        FileShare: Read
        Data: 
        ProcessingFilePath: a:\directory\path\file.name
        MoveFileToDirectory: 
        IsImplicitlyCancellable: True
        ProcessingFileName: file.name
        OriginalFilePath: a:\directory\path\file.name
}
33: WorkflowInstance "OpenNextFile" is Completed</StdOut>
      </Output>
    </UnitTestResult>
    <UnitTestResult executionId="e50d37a4-c68d-407a-8c27-9bc9ae96aa5f" testId="af0cac5b-bb0e-f548-4e79-0a8edd5e4aeb" testName="Invoke_NoRename_ExecutesOpenFileActivityWithExpectedFileShareArgument" computerName="ICSWS068" duration="00:00:00.0083303" startTime="2016-08-04T09:58:43.3966688+02:00" endTime="2016-08-04T09:58:43.4071706+02:00" testType="13cdc9d9-ddb5-4fa4-a97d-d965ccfc6d4b" outcome="Passed" testListId="8c84fa94-04c1-424b-9868-57a2d4851a1d" relativeResultsDirectory="e50d37a4-c68d-407a-8c27-9bc9ae96aa5f">
      <Output>
        <StdOut>Debug Trace:
0: WorkflowInstance "OpenNextFile" is Started
1: Activity [null] "null" scheduled child activity [1] "OpenNextFile"
2: Activity [1] "OpenNextFile" is Executing
{
    Arguments
        FileAccess: Read
        ErrorOnTimeout: False
        SubscriptionId: e943dc41-43c1-4e8d-b36a-eb16675a094b
        FileMode: Open
        Timeout: 00:00:59
        Rename: False
        FileShare: None
        MoveFileToDirectory: 
        IsImplicitlyCancellable: True
}
3: Activity [1] "OpenNextFile" scheduled child activity [1.1] "Sequence"
4: Activity [1.1] "Sequence" is Executing
5: Activity [1.1] "Sequence" scheduled child activity [1.17] "Sequence"
6: Activity [1.17] "Sequence" is Executing
{
    Variables
        _5ef1bf98_84fe_487c_bb8a_8079780ebfc1_303: Rename
}
7: Activity [1.17] "Sequence" scheduled child activity [1.42] "GetNextFile1"
8: Activity [1.42] "GetNextFile1" is Executing
{
    Arguments
        ErrorOnTimeout: False
        SubscriptionId: e943dc41-43c1-4e8d-b36a-eb16675a094b
        Timeout: 00:00:59
        IsImplicitlyCancellable: True
}
9: CustomTrackingRecord [1.42] "iCPSTraceTrackingRecord"
10: WorkflowInstance "OpenNextFile" is Idle
11: Bookmark "dbef572e-6e40-4f07-bf15-fa7f6b058d56" resumed with payload &lt;iCore.Workflow.Activities.Extensions.ItemSubscriptionEventArgs`1[iCore.Common.Utilities.FileSystemWatcher.FileSystemWatcherFileInfo]&gt; owner [1.42] "GetNextFile1"
12: CustomTrackingRecord [1.42] "iCPSTraceTrackingRecord"
13: Activity [1.42] "GetNextFile1" is Closed
{
    Arguments
        ErrorOnTimeout: False
        SubscriptionId: e943dc41-43c1-4e8d-b36a-eb16675a094b
        FileName: file.name
        Timeout: 00:00:59
        FileFullName: a:\directory\path\file.name
        IsImplicitlyCancellable: True
        WatchType: Rename
}
14: Activity [1.17] "Sequence" scheduled child activity [1.35] "AssignProcessingFileName1"
15: Activity [1.35] "AssignProcessingFileName1" is Executing
{
    Arguments
        Value: file.name
}
16: Activity [1.35] "AssignProcessingFileName1" is Closed
{
    Arguments
        Value: file.name
        To: file.name
}
17: Activity [1.17] "Sequence" scheduled child activity [1.27] "AssignProcessingFilePath1"
18: Activity [1.27] "AssignProcessingFilePath1" is Executing
{
    Arguments
        Value: a:\directory\path\file.name
}
19: Activity [1.27] "AssignProcessingFilePath1" is Closed
{
    Arguments
        Value: a:\directory\path\file.name
        To: a:\directory\path\file.name
}
20: Activity [1.17] "Sequence" scheduled child activity [1.18] "RenameFileCheck1"
21: Activity [1.18] "RenameFileCheck1" is Executing
{
    Arguments
        Condition: False
}
22: Activity [1.18] "RenameFileCheck1" is Closed
{
    Arguments
        Condition: False
}
23: Activity [1.17] "Sequence" is Closed
{
    Variables
        _5ef1bf98_84fe_487c_bb8a_8079780ebfc1_304: Rename
}
24: Activity [1.1] "Sequence" scheduled child activity [1.2] "OpenIfFileExists1"
25: Activity [1.2] "OpenIfFileExists1" is Executing
{
    Arguments
        Condition: True
}
26: Activity [1.2] "OpenIfFileExists1" scheduled child activity [1.6] "OpenFile1"
27: Activity [1.6] "OpenFile1" is Executing
{
    Arguments
        FileAccess: Read
        FileMode: Open
        FileName: a:\directory\path\file.name
        FileShare: None
}
28: WorkflowInstance "OpenNextFile" is Idle
29: Activity [1.6] "OpenFile1" is Closed
{
    Arguments
        FileAccess: Read
        FileMode: Open
        FileName: a:\directory\path\file.name
        Result: 
        FileShare: None
}
30: Activity [1.2] "OpenIfFileExists1" is Closed
{
    Arguments
        Condition: True
}
31: Activity [1.1] "Sequence" is Closed
32: Activity [1] "OpenNextFile" is Closed
{
    Arguments
        FileAccess: Read
        ErrorOnTimeout: False
        SubscriptionId: e943dc41-43c1-4e8d-b36a-eb16675a094b
        FileMode: Open
        Timeout: 00:00:59
        Rename: False
        OriginalFileName: file.name
        FileShare: None
        Data: 
        ProcessingFilePath: a:\directory\path\file.name
        MoveFileToDirectory: 
        IsImplicitlyCancellable: True
        ProcessingFileName: file.name
        OriginalFilePath: a:\directory\path\file.name
}
33: WorkflowInstance "OpenNextFile" is Completed</StdOut>
      </Output>
    </UnitTestResult>
    <UnitTestResult executionId="7acdf540-56ab-4453-92e6-73b12065a67e" testId="ad614958-d4ee-0d2d-0aa8-bc717210ef8b" testName="Invoke_NoRename_OutArgumentDataIsSet" computerName="ICSWS068" duration="00:00:00.0088376" startTime="2016-08-04T09:58:43.4096723+02:00" endTime="2016-08-04T09:58:43.4196830+02:00" testType="13cdc9d9-ddb5-4fa4-a97d-d965ccfc6d4b" outcome="Passed" testListId="8c84fa94-04c1-424b-9868-57a2d4851a1d" relativeResultsDirectory="7acdf540-56ab-4453-92e6-73b12065a67e">
      <Output>
        <StdOut>Debug Trace:
0: WorkflowInstance "OpenNextFile" is Started
1: Activity [null] "null" scheduled child activity [1] "OpenNextFile"
2: Activity [1] "OpenNextFile" is Executing
{
    Arguments
        FileAccess: Read
        ErrorOnTimeout: False
        SubscriptionId: 36e60f23-6378-4e58-bbf1-16ad67bd4342
        FileMode: Open
        Timeout: 00:00:59
        Rename: False
        FileShare: Read
        MoveFileToDirectory: 
        IsImplicitlyCancellable: True
}
3: Activity [1] "OpenNextFile" scheduled child activity [1.1] "Sequence"
4: Activity [1.1] "Sequence" is Executing
5: Activity [1.1] "Sequence" scheduled child activity [1.17] "Sequence"
6: Activity [1.17] "Sequence" is Executing
{
    Variables
        _5ef1bf98_84fe_487c_bb8a_8079780ebfc1_305: Rename
}
7: Activity [1.17] "Sequence" scheduled child activity [1.42] "GetNextFile1"
8: Activity [1.42] "GetNextFile1" is Executing
{
    Arguments
        ErrorOnTimeout: False
        SubscriptionId: 36e60f23-6378-4e58-bbf1-16ad67bd4342
        Timeout: 00:00:59
        IsImplicitlyCancellable: True
}
9: CustomTrackingRecord [1.42] "iCPSTraceTrackingRecord"
10: WorkflowInstance "OpenNextFile" is Idle
11: Bookmark "d23032b0-dfb7-4993-bfdf-06b6a15b498e" resumed with payload &lt;iCore.Workflow.Activities.Extensions.ItemSubscriptionEventArgs`1[iCore.Common.Utilities.FileSystemWatcher.FileSystemWatcherFileInfo]&gt; owner [1.42] "GetNextFile1"
12: CustomTrackingRecord [1.42] "iCPSTraceTrackingRecord"
13: Activity [1.42] "GetNextFile1" is Closed
{
    Arguments
        ErrorOnTimeout: False
        SubscriptionId: 36e60f23-6378-4e58-bbf1-16ad67bd4342
        FileName: file.name
        Timeout: 00:00:59
        FileFullName: a:\directory\path\file.name
        IsImplicitlyCancellable: True
        WatchType: Rename
}
14: Activity [1.17] "Sequence" scheduled child activity [1.35] "AssignProcessingFileName1"
15: Activity [1.35] "AssignProcessingFileName1" is Executing
{
    Arguments
        Value: file.name
}
16: Activity [1.35] "AssignProcessingFileName1" is Closed
{
    Arguments
        Value: file.name
        To: file.name
}
17: Activity [1.17] "Sequence" scheduled child activity [1.27] "AssignProcessingFilePath1"
18: Activity [1.27] "AssignProcessingFilePath1" is Executing
{
    Arguments
        Value: a:\directory\path\file.name
}
19: Activity [1.27] "AssignProcessingFilePath1" is Closed
{
    Arguments
        Value: a:\directory\path\file.name
        To: a:\directory\path\file.name
}
20: Activity [1.17] "Sequence" scheduled child activity [1.18] "RenameFileCheck1"
21: Activity [1.18] "RenameFileCheck1" is Executing
{
    Arguments
        Condition: False
}
22: Activity [1.18] "RenameFileCheck1" is Closed
{
    Arguments
        Condition: False
}
23: Activity [1.17] "Sequence" is Closed
{
    Variables
        _5ef1bf98_84fe_487c_bb8a_8079780ebfc1_306: Rename
}
24: Activity [1.1] "Sequence" scheduled child activity [1.2] "OpenIfFileExists1"
25: Activity [1.2] "OpenIfFileExists1" is Executing
{
    Arguments
        Condition: True
}
26: Activity [1.2] "OpenIfFileExists1" scheduled child activity [1.6] "OpenFile1"
27: Activity [1.6] "OpenFile1" is Executing
{
    Arguments
        FileAccess: Read
        FileMode: Open
        FileName: a:\directory\path\file.name
        FileShare: Read
}
28: WorkflowInstance "OpenNextFile" is Idle
29: Activity [1.6] "OpenFile1" is Closed
{
    Arguments
        FileAccess: Read
        FileMode: Open
        FileName: a:\directory\path\file.name
        Result: System.IO.MemoryStream
        FileShare: Read
}
30: Activity [1.2] "OpenIfFileExists1" is Closed
{
    Arguments
        Condition: True
}
31: Activity [1.1] "Sequence" is Closed
32: Activity [1] "OpenNextFile" is Closed
{
    Arguments
        FileAccess: Read
        ErrorOnTimeout: False
        SubscriptionId: 36e60f23-6378-4e58-bbf1-16ad67bd4342
        FileMode: Open
        Timeout: 00:00:59
        Rename: False
        OriginalFileName: file.name
        FileShare: Read
        Data: System.IO.MemoryStream
        ProcessingFilePath: a:\directory\path\file.name
        MoveFileToDirectory: 
        IsImplicitlyCancellable: True
        ProcessingFileName: file.name
        OriginalFilePath: a:\directory\path\file.name
}
33: WorkflowInstance "OpenNextFile" is Completed</StdOut>
      </Output>
    </UnitTestResult>
    <UnitTestResult executionId="f245ab36-8360-4815-8aeb-07363998789a" testId="656caf3d-f25b-efca-ae4e-6c4399dd5829" testName="Invoke_NoErrOnTimeOutNoFileFound_OutArgumentDataIsNull" computerName="ICSWS068" duration="00:00:00.0050652" startTime="2016-08-04T09:58:43.4226859+02:00" endTime="2016-08-04T09:58:43.4286890+02:00" testType="13cdc9d9-ddb5-4fa4-a97d-d965ccfc6d4b" outcome="Passed" testListId="8c84fa94-04c1-424b-9868-57a2d4851a1d" relativeResultsDirectory="f245ab36-8360-4815-8aeb-07363998789a">
      <Output>
        <StdOut>Debug Trace:
0: WorkflowInstance "OpenNextFile" is Started
1: Activity [null] "null" scheduled child activity [1] "OpenNextFile"
2: Activity [1] "OpenNextFile" is Executing
{
    Arguments
        FileAccess: Read
        ErrorOnTimeout: False
        SubscriptionId: ac355e36-ef24-46d6-bc0e-6c8a034f282e
        FileMode: Open
        Timeout: 00:00:59
        Rename: False
        FileShare: Read
        MoveFileToDirectory: 
        IsImplicitlyCancellable: True
}
3: Activity [1] "OpenNextFile" scheduled child activity [1.1] "Sequence"
4: Activity [1.1] "Sequence" is Executing
5: Activity [1.1] "Sequence" scheduled child activity [1.17] "Sequence"
6: Activity [1.17] "Sequence" is Executing
{
    Variables
        _5ef1bf98_84fe_487c_bb8a_8079780ebfc1_307: 0
}
7: Activity [1.17] "Sequence" scheduled child activity [1.42] "GetNextFile1"
8: Activity [1.42] "GetNextFile1" is Executing
{
    Arguments
        ErrorOnTimeout: False
        SubscriptionId: ac355e36-ef24-46d6-bc0e-6c8a034f282e
        Timeout: 00:00:59
        IsImplicitlyCancellable: True
}
9: CustomTrackingRecord [1.42] "iCPSTraceTrackingRecord"
10: WorkflowInstance "OpenNextFile" is Idle
11: Bookmark "b3e03441-f788-4fb7-a330-49a582bfc3f8" resumed with payload &lt;iCore.Workflow.Activities.Extensions.ItemSubscriptionEventArgs`1[iCore.Common.Utilities.FileSystemWatcher.FileSystemWatcherFileInfo]&gt; owner [1.42] "GetNextFile1"
12: CustomTrackingRecord [1.42] "iCPSTraceTrackingRecord"
13: Activity [1.42] "GetNextFile1" is Closed
{
    Arguments
        ErrorOnTimeout: False
        SubscriptionId: ac355e36-ef24-46d6-bc0e-6c8a034f282e
        FileName: 
        Timeout: 00:00:59
        FileFullName: 
        IsImplicitlyCancellable: True
        WatchType: 0
}
14: Activity [1.17] "Sequence" scheduled child activity [1.35] "AssignProcessingFileName1"
15: Activity [1.35] "AssignProcessingFileName1" is Executing
{
    Arguments
        Value: 
}
16: Activity [1.35] "AssignProcessingFileName1" is Closed
{
    Arguments
        Value: 
        To: 
}
17: Activity [1.17] "Sequence" scheduled child activity [1.27] "AssignProcessingFilePath1"
18: Activity [1.27] "AssignProcessingFilePath1" is Executing
{
    Arguments
        Value: 
}
19: Activity [1.27] "AssignProcessingFilePath1" is Closed
{
    Arguments
        Value: 
        To: 
}
20: Activity [1.17] "Sequence" scheduled child activity [1.18] "RenameFileCheck1"
21: Activity [1.18] "RenameFileCheck1" is Executing
{
    Arguments
        Condition: False
}
22: Activity [1.18] "RenameFileCheck1" is Closed
{
    Arguments
        Condition: False
}
23: Activity [1.17] "Sequence" is Closed
{
    Variables
        _5ef1bf98_84fe_487c_bb8a_8079780ebfc1_308: 0
}
24: Activity [1.1] "Sequence" scheduled child activity [1.2] "OpenIfFileExists1"
25: Activity [1.2] "OpenIfFileExists1" is Executing
{
    Arguments
        Condition: False
}
26: Activity [1.2] "OpenIfFileExists1" is Closed
{
    Arguments
        Condition: False
}
27: Activity [1.1] "Sequence" is Closed
28: Activity [1] "OpenNextFile" is Closed
{
    Arguments
        FileAccess: Read
        ErrorOnTimeout: False
        SubscriptionId: ac355e36-ef24-46d6-bc0e-6c8a034f282e
        FileMode: Open
        Timeout: 00:00:59
        Rename: False
        OriginalFileName: 
        FileShare: Read
        Data: 
        ProcessingFilePath: 
        MoveFileToDirectory: 
        IsImplicitlyCancellable: True
        ProcessingFileName: 
        OriginalFilePath: 
}
29: WorkflowInstance "OpenNextFile" is Completed</StdOut>
      </Output>
    </UnitTestResult>
    <UnitTestResult executionId="017ec3bc-460b-408d-9aef-b4cdafdd7722" testId="0bab950f-30a1-87be-346d-ebe098cd54d4" testName="Allocate_InspectDefaultValues_DefaultErrorOnTimeoutIsTrue" computerName="ICSWS068" duration="00:00:00.0031110" startTime="2016-08-04T09:58:43.4321916+02:00" endTime="2016-08-04T09:58:43.4361951+02:00" testType="13cdc9d9-ddb5-4fa4-a97d-d965ccfc6d4b" outcome="Passed" testListId="8c84fa94-04c1-424b-9868-57a2d4851a1d" relativeResultsDirectory="017ec3bc-460b-408d-9aef-b4cdafdd7722">
      <Output>
        <StdOut>Debug Trace:
0: WorkflowInstance "OpenNextFile" is Started
1: Activity [null] "null" scheduled child activity [1] "OpenNextFile"
2: Activity [1] "OpenNextFile" is Executing
{
    Arguments
        FileAccess: Read
        ErrorOnTimeout: True
        SubscriptionId: 8b329dff-3141-4580-bcc1-3344f46faa11
        FileMode: Open
        Timeout: 00:00:59
        Rename: False
        FileShare: Read
        MoveFileToDirectory: 
        IsImplicitlyCancellable: True
}
3: Activity [1] "OpenNextFile" scheduled child activity [1.1] "Sequence"
4: Activity [1.1] "Sequence" is Executing
5: Activity [1.1] "Sequence" scheduled child activity [1.17] "Sequence"
6: Activity [1.17] "Sequence" is Executing
{
    Variables
        _5ef1bf98_84fe_487c_bb8a_8079780ebfc1_309: 0
}
7: Activity [1.17] "Sequence" scheduled child activity [1.42] "GetNextFile1"
8: Activity [1.42] "GetNextFile1" is Executing
{
    Arguments
        ErrorOnTimeout: True
        SubscriptionId: 8b329dff-3141-4580-bcc1-3344f46faa11
        Timeout: 00:00:59
        IsImplicitlyCancellable: True
}
9: CustomTrackingRecord [1.42] "iCPSTraceTrackingRecord"
10: WorkflowInstance "OpenNextFile" is Idle</StdOut>
      </Output>
    </UnitTestResult>
    <UnitTestResult executionId="479919f4-cd7d-4e61-88c1-d28c9935d8fd" testId="94953a34-d660-7bd7-2a8b-0e0b9c29d050" testName="Allocate_InspectDefaultValues_DefaultTimeoutIsZero" computerName="ICSWS068" duration="00:00:00.0030016" startTime="2016-08-04T09:58:43.4391965+02:00" endTime="2016-08-04T09:58:43.4432002+02:00" testType="13cdc9d9-ddb5-4fa4-a97d-d965ccfc6d4b" outcome="Passed" testListId="8c84fa94-04c1-424b-9868-57a2d4851a1d" relativeResultsDirectory="479919f4-cd7d-4e61-88c1-d28c9935d8fd">
      <Output>
        <StdOut>Debug Trace:
0: WorkflowInstance "OpenNextFile" is Started
1: Activity [null] "null" scheduled child activity [1] "OpenNextFile"
2: Activity [1] "OpenNextFile" is Executing
{
    Arguments
        FileAccess: Read
        ErrorOnTimeout: False
        SubscriptionId: cc512aa2-c0e8-40ef-bc63-07856f3f44d1
        FileMode: Open
        Timeout: -00:00:00.0010000
        Rename: False
        FileShare: Read
        MoveFileToDirectory: 
        IsImplicitlyCancellable: True
}
3: Activity [1] "OpenNextFile" scheduled child activity [1.1] "Sequence"
4: Activity [1.1] "Sequence" is Executing
5: Activity [1.1] "Sequence" scheduled child activity [1.17] "Sequence"
6: Activity [1.17] "Sequence" is Executing
{
    Variables
        _5ef1bf98_84fe_487c_bb8a_8079780ebfc1_310: 0
}
7: Activity [1.17] "Sequence" scheduled child activity [1.42] "GetNextFile1"
8: Activity [1.42] "GetNextFile1" is Executing
{
    Arguments
        ErrorOnTimeout: False
        SubscriptionId: cc512aa2-c0e8-40ef-bc63-07856f3f44d1
        Timeout: -00:00:00.0010000
        IsImplicitlyCancellable: True
}
9: CustomTrackingRecord [1.42] "iCPSTraceTrackingRecord"
10: WorkflowInstance "OpenNextFile" is Idle</StdOut>
      </Output>
    </UnitTestResult>
    <UnitTestResult executionId="4b760e96-ed1b-4704-8485-aade6d35f97b" testId="aa0cc5ae-e6c2-906f-fe4d-5912a8f30d29" testName="Allocate_InspectDefaultValues_DefaultFileAccessIsRead" computerName="ICSWS068" duration="00:00:00.0031946" startTime="2016-08-04T09:58:43.4457025+02:00" endTime="2016-08-04T09:58:43.4507048+02:00" testType="13cdc9d9-ddb5-4fa4-a97d-d965ccfc6d4b" outcome="Passed" testListId="8c84fa94-04c1-424b-9868-57a2d4851a1d" relativeResultsDirectory="4b760e96-ed1b-4704-8485-aade6d35f97b">
      <Output>
        <StdOut>Debug Trace:
0: WorkflowInstance "OpenNextFile" is Started
1: Activity [null] "null" scheduled child activity [1] "OpenNextFile"
2: Activity [1] "OpenNextFile" is Executing
{
    Arguments
        FileAccess: Read
        ErrorOnTimeout: False
        SubscriptionId: d42fdab2-1961-40d9-93f0-f2b0dbd5a4c6
        FileMode: Open
        Timeout: 00:00:59
        Rename: False
        FileShare: Read
        MoveFileToDirectory: 
        IsImplicitlyCancellable: True
}
3: Activity [1] "OpenNextFile" scheduled child activity [1.1] "Sequence"
4: Activity [1.1] "Sequence" is Executing
5: Activity [1.1] "Sequence" scheduled child activity [1.17] "Sequence"
6: Activity [1.17] "Sequence" is Executing
{
    Variables
        _5ef1bf98_84fe_487c_bb8a_8079780ebfc1_311: 0
}
7: Activity [1.17] "Sequence" scheduled child activity [1.42] "GetNextFile1"
8: Activity [1.42] "GetNextFile1" is Executing
{
    Arguments
        ErrorOnTimeout: False
        SubscriptionId: d42fdab2-1961-40d9-93f0-f2b0dbd5a4c6
        Timeout: 00:00:59
        IsImplicitlyCancellable: True
}
9: CustomTrackingRecord [1.42] "iCPSTraceTrackingRecord"
10: WorkflowInstance "OpenNextFile" is Idle</StdOut>
      </Output>
    </UnitTestResult>
    <UnitTestResult executionId="c18585c0-ff91-426c-877e-5469ae5671c9" testId="d7fe02f1-c2b0-826d-27c0-8bd9f020c107" testName="Allocate_InspectDefaultValues_DefaultFileModeIsOpen" computerName="ICSWS068" duration="00:00:00.0030582" startTime="2016-08-04T09:58:43.4536672+02:00" endTime="2016-08-04T09:58:43.4581703+02:00" testType="13cdc9d9-ddb5-4fa4-a97d-d965ccfc6d4b" outcome="Passed" testListId="8c84fa94-04c1-424b-9868-57a2d4851a1d" relativeResultsDirectory="c18585c0-ff91-426c-877e-5469ae5671c9">
      <Output>
        <StdOut>Debug Trace:
0: WorkflowInstance "OpenNextFile" is Started
1: Activity [null] "null" scheduled child activity [1] "OpenNextFile"
2: Activity [1] "OpenNextFile" is Executing
{
    Arguments
        FileAccess: Read
        ErrorOnTimeout: False
        SubscriptionId: 6915974e-3ee4-4cad-b70b-ee9f00cf8ffe
        FileMode: Open
        Timeout: 00:00:59
        Rename: False
        FileShare: Read
        MoveFileToDirectory: 
        IsImplicitlyCancellable: True
}
3: Activity [1] "OpenNextFile" scheduled child activity [1.1] "Sequence"
4: Activity [1.1] "Sequence" is Executing
5: Activity [1.1] "Sequence" scheduled child activity [1.17] "Sequence"
6: Activity [1.17] "Sequence" is Executing
{
    Variables
        _5ef1bf98_84fe_487c_bb8a_8079780ebfc1_312: 0
}
7: Activity [1.17] "Sequence" scheduled child activity [1.42] "GetNextFile1"
8: Activity [1.42] "GetNextFile1" is Executing
{
    Arguments
        ErrorOnTimeout: False
        SubscriptionId: 6915974e-3ee4-4cad-b70b-ee9f00cf8ffe
        Timeout: 00:00:59
        IsImplicitlyCancellable: True
}
9: CustomTrackingRecord [1.42] "iCPSTraceTrackingRecord"
10: WorkflowInstance "OpenNextFile" is Idle</StdOut>
      </Output>
    </UnitTestResult>
    <UnitTestResult executionId="67dba4df-0438-46e1-b5d1-7447380dc27c" testId="1cc28271-b997-a0c4-acac-5d20e85c3d4c" testName="Allocate_InspectDefaultValues_DefaultFileShareIsRead" computerName="ICSWS068" duration="00:00:00.0036066" startTime="2016-08-04T09:58:43.4606721+02:00" endTime="2016-08-04T09:58:43.4653506+02:00" testType="13cdc9d9-ddb5-4fa4-a97d-d965ccfc6d4b" outcome="Passed" testListId="8c84fa94-04c1-424b-9868-57a2d4851a1d" relativeResultsDirectory="67dba4df-0438-46e1-b5d1-7447380dc27c">
      <Output>
        <StdOut>Debug Trace:
0: WorkflowInstance "OpenNextFile" is Started
1: Activity [null] "null" scheduled child activity [1] "OpenNextFile"
2: Activity [1] "OpenNextFile" is Executing
{
    Arguments
        FileAccess: Read
        ErrorOnTimeout: False
        SubscriptionId: b909d64c-ca8b-49ea-96fd-3d11bd4af835
        FileMode: Open
        Timeout: 00:00:59
        Rename: False
        FileShare: Read
        MoveFileToDirectory: 
        IsImplicitlyCancellable: True
}
3: Activity [1] "OpenNextFile" scheduled child activity [1.1] "Sequence"
4: Activity [1.1] "Sequence" is Executing
5: Activity [1.1] "Sequence" scheduled child activity [1.17] "Sequence"
6: Activity [1.17] "Sequence" is Executing
{
    Variables
        _5ef1bf98_84fe_487c_bb8a_8079780ebfc1_313: 0
}
7: Activity [1.17] "Sequence" scheduled child activity [1.42] "GetNextFile1"
8: Activity [1.42] "GetNextFile1" is Executing
{
    Arguments
        ErrorOnTimeout: False
        SubscriptionId: b909d64c-ca8b-49ea-96fd-3d11bd4af835
        Timeout: 00:00:59
        IsImplicitlyCancellable: True
}
9: CustomTrackingRecord [1.42] "iCPSTraceTrackingRecord"
10: WorkflowInstance "OpenNextFile" is Idle</StdOut>
      </Output>
    </UnitTestResult>
    <UnitTestResult executionId="a4f093ba-d809-4147-a9f8-4ca32c2671ae" testId="8d58ef99-084a-4e32-e9ef-e1b551ca6d71" testName="Allocate_InspectDefaultValues_DefaultRenameIsFalse" computerName="ICSWS068" duration="00:00:00.0030274" startTime="2016-08-04T09:58:43.4683532+02:00" endTime="2016-08-04T09:58:43.4723560+02:00" testType="13cdc9d9-ddb5-4fa4-a97d-d965ccfc6d4b" outcome="Passed" testListId="8c84fa94-04c1-424b-9868-57a2d4851a1d" relativeResultsDirectory="a4f093ba-d809-4147-a9f8-4ca32c2671ae">
      <Output>
        <StdOut>Debug Trace:
0: WorkflowInstance "OpenNextFile" is Started
1: Activity [null] "null" scheduled child activity [1] "OpenNextFile"
2: Activity [1] "OpenNextFile" is Executing
{
    Arguments
        FileAccess: Read
        ErrorOnTimeout: False
        SubscriptionId: 0e52fcf7-d5f8-4454-b9cd-6fb7fc96c473
        FileMode: Open
        Timeout: 00:00:59
        Rename: False
        FileShare: Read
        MoveFileToDirectory: 
        IsImplicitlyCancellable: True
}
3: Activity [1] "OpenNextFile" scheduled child activity [1.1] "Sequence"
4: Activity [1.1] "Sequence" is Executing
5: Activity [1.1] "Sequence" scheduled child activity [1.17] "Sequence"
6: Activity [1.17] "Sequence" is Executing
{
    Variables
        _5ef1bf98_84fe_487c_bb8a_8079780ebfc1_314: 0
}
7: Activity [1.17] "Sequence" scheduled child activity [1.42] "GetNextFile1"
8: Activity [1.42] "GetNextFile1" is Executing
{
    Arguments
        ErrorOnTimeout: False
        SubscriptionId: 0e52fcf7-d5f8-4454-b9cd-6fb7fc96c473
        Timeout: 00:00:59
        IsImplicitlyCancellable: True
}
9: CustomTrackingRecord [1.42] "iCPSTraceTrackingRecord"
10: WorkflowInstance "OpenNextFile" is Idle</StdOut>
      </Output>
    </UnitTestResult>
    <UnitTestResult executionId="2c5c14e1-b00f-46fc-9b4b-545654b400fc" testId="50c87d0a-d189-d690-bbc2-ab1ddfa392e8" testName="Allocate_InspectDefaultValues_DefaultMoveFileToDirectoryIsEmptyString" computerName="ICSWS068" duration="00:00:00.0036309" startTime="2016-08-04T09:58:43.4770064+02:00" endTime="2016-08-04T09:58:43.4819987+02:00" testType="13cdc9d9-ddb5-4fa4-a97d-d965ccfc6d4b" outcome="Passed" testListId="8c84fa94-04c1-424b-9868-57a2d4851a1d" relativeResultsDirectory="2c5c14e1-b00f-46fc-9b4b-545654b400fc">
      <Output>
        <StdOut>Debug Trace:
0: WorkflowInstance "OpenNextFile" is Started
1: Activity [null] "null" scheduled child activity [1] "OpenNextFile"
2: Activity [1] "OpenNextFile" is Executing
{
    Arguments
        FileAccess: Read
        ErrorOnTimeout: False
        SubscriptionId: 11cb49da-61c6-43d0-aeb8-5fd169cc8016
        FileMode: Open
        Timeout: 00:00:59
        Rename: False
        FileShare: Read
        MoveFileToDirectory: 
        IsImplicitlyCancellable: True
}
3: Activity [1] "OpenNextFile" scheduled child activity [1.1] "Sequence"
4: Activity [1.1] "Sequence" is Executing
5: Activity [1.1] "Sequence" scheduled child activity [1.17] "Sequence"
6: Activity [1.17] "Sequence" is Executing
{
    Variables
        _5ef1bf98_84fe_487c_bb8a_8079780ebfc1_315: 0
}
7: Activity [1.17] "Sequence" scheduled child activity [1.42] "GetNextFile1"
8: Activity [1.42] "GetNextFile1" is Executing
{
    Arguments
        ErrorOnTimeout: False
        SubscriptionId: 11cb49da-61c6-43d0-aeb8-5fd169cc8016
        Timeout: 00:00:59
        IsImplicitlyCancellable: True
}
9: CustomTrackingRecord [1.42] "iCPSTraceTrackingRecord"
10: WorkflowInstance "OpenNextFile" is Idle</StdOut>
      </Output>
    </UnitTestResult>
    <UnitTestResult executionId="7a08e53d-a690-4798-be49-58c4b0b3ec99" testId="d62d1d08-2bab-0ea3-4735-0ee8e10eda52" testName="Invoke_OmitInArgumentConneciton_ThrowsArgumentException" computerName="ICSWS068" duration="00:00:00.0020785" startTime="2016-08-04T09:58:43.4849376+02:00" endTime="2016-08-04T09:58:43.4879399+02:00" testType="13cdc9d9-ddb5-4fa4-a97d-d965ccfc6d4b" outcome="Passed" testListId="8c84fa94-04c1-424b-9868-57a2d4851a1d" relativeResultsDirectory="7a08e53d-a690-4798-be49-58c4b0b3ec99" />
    <UnitTestResult executionId="7f84c00d-2a0f-4942-96d2-5c6ba84b9eac" testId="f942d4a4-8633-87db-298e-42f2fa7c9392" testName="InvokeActivity_NormalExecution_OutArgumentValue1IsExpected" computerName="ICSWS068" duration="00:00:00.0750126" startTime="2016-08-04T09:58:43.4904422+02:00" endTime="2016-08-04T09:58:43.5670430+02:00" testType="13cdc9d9-ddb5-4fa4-a97d-d965ccfc6d4b" outcome="Passed" testListId="8c84fa94-04c1-424b-9868-57a2d4851a1d" relativeResultsDirectory="7f84c00d-2a0f-4942-96d2-5c6ba84b9eac" />
    <UnitTestResult executionId="ecb3ed5e-e6e0-4274-ab64-da2d9edd8b4d" testId="7b73e410-2354-a38f-02a5-485b1b043c77" testName="InvokeActivity_NormalExecution_OutArgumentValue2IsExpected" computerName="ICSWS068" duration="00:00:00.0023298" startTime="2016-08-04T09:58:43.5695456+02:00" endTime="2016-08-04T09:58:43.5725490+02:00" testType="13cdc9d9-ddb5-4fa4-a97d-d965ccfc6d4b" outcome="Passed" testListId="8c84fa94-04c1-424b-9868-57a2d4851a1d" relativeResultsDirectory="ecb3ed5e-e6e0-4274-ab64-da2d9edd8b4d" />
    <UnitTestResult executionId="1576caec-6bc7-4145-9028-142c4eec0b31" testId="7a68939a-5826-762c-3fbb-abfcdbbea6cb" testName="InvokeActivity_NormalExecution_CorrectTableValueSentToRepository" computerName="ICSWS068" duration="00:00:00.0038453" startTime="2016-08-04T09:58:43.5760540+02:00" endTime="2016-08-04T09:58:43.5810580+02:00" testType="13cdc9d9-ddb5-4fa4-a97d-d965ccfc6d4b" outcome="Passed" testListId="8c84fa94-04c1-424b-9868-57a2d4851a1d" relativeResultsDirectory="1576caec-6bc7-4145-9028-142c4eec0b31" />
    <UnitTestResult executionId="7370db07-bc82-42ef-b8d1-4b0e21f74e94" testId="551d54b6-681d-f443-aeab-217458226788" testName="InvokeActivity_NormalExecution_CorrectKey1ValueSentToRepository" computerName="ICSWS068" duration="00:00:00.0032876" startTime="2016-08-04T09:58:43.5840635+02:00" endTime="2016-08-04T09:58:43.5885661+02:00" testType="13cdc9d9-ddb5-4fa4-a97d-d965ccfc6d4b" outcome="Passed" testListId="8c84fa94-04c1-424b-9868-57a2d4851a1d" relativeResultsDirectory="7370db07-bc82-42ef-b8d1-4b0e21f74e94" />
    <UnitTestResult executionId="05de1b35-6b0b-4ee3-b691-2d9aaf728bea" testId="54a75c51-8d4d-caf8-917f-203ccaf34af0" testName="InvokeActivity_NormalExecution_CorrectKey2ValueSentToRepository" computerName="ICSWS068" duration="00:00:00.0032122" startTime="2016-08-04T09:58:43.5915687+02:00" endTime="2016-08-04T09:58:43.5960756+02:00" testType="13cdc9d9-ddb5-4fa4-a97d-d965ccfc6d4b" outcome="Passed" testListId="8c84fa94-04c1-424b-9868-57a2d4851a1d" relativeResultsDirectory="05de1b35-6b0b-4ee3-b691-2d9aaf728bea" />
    <UnitTestResult executionId="2775adac-cec5-4792-878a-da887724f561" testId="bb98d48f-39f1-e5a6-07ac-aaa963071019" testName="InvokeActivity_RepositoryThrows_ActivityThrows" computerName="ICSWS068" duration="00:00:00.0032717" startTime="2016-08-04T09:58:43.5992322+02:00" endTime="2016-08-04T09:58:43.6037394+02:00" testType="13cdc9d9-ddb5-4fa4-a97d-d965ccfc6d4b" outcome="Passed" testListId="8c84fa94-04c1-424b-9868-57a2d4851a1d" relativeResultsDirectory="2775adac-cec5-4792-878a-da887724f561" />
    <UnitTestResult executionId="010628d0-8270-4f00-b4b4-4bf9d653734f" testId="a8501e94-dcc0-c3ab-bb78-7c3171ea4f60" testName="InvokeActivty_RequiredInArgumentTableIdIsMissing_Throws" computerName="ICSWS068" duration="00:00:00.0022154" startTime="2016-08-04T09:58:43.6067426+02:00" endTime="2016-08-04T09:58:43.6102610+02:00" testType="13cdc9d9-ddb5-4fa4-a97d-d965ccfc6d4b" outcome="Passed" testListId="8c84fa94-04c1-424b-9868-57a2d4851a1d" relativeResultsDirectory="010628d0-8270-4f00-b4b4-4bf9d653734f" />
    <UnitTestResult executionId="70db6c2a-22fe-4e30-acd9-0b60dee9b02e" testId="c034f2a2-0627-024b-600b-213e974863dd" testName="InvokeActivty_RequiredInArgumentKey1IsMissing_Throws" computerName="ICSWS068" duration="00:00:00.0023603" startTime="2016-08-04T09:58:43.6127492+02:00" endTime="2016-08-04T09:58:43.6167550+02:00" testType="13cdc9d9-ddb5-4fa4-a97d-d965ccfc6d4b" outcome="Passed" testListId="8c84fa94-04c1-424b-9868-57a2d4851a1d" relativeResultsDirectory="70db6c2a-22fe-4e30-acd9-0b60dee9b02e" />
    <UnitTestResult executionId="89427972-681d-4e9e-9698-430ea012e902" testId="e920f56a-0b37-2d49-0b71-4f1e3d73e719" testName="InvokeActivty_RequiredInArgumentKey2IsMissing_Throws" computerName="ICSWS068" duration="00:00:00.0022779" startTime="2016-08-04T09:58:43.6197573+02:00" endTime="2016-08-04T09:58:43.6232749+02:00" testType="13cdc9d9-ddb5-4fa4-a97d-d965ccfc6d4b" outcome="Passed" testListId="8c84fa94-04c1-424b-9868-57a2d4851a1d" relativeResultsDirectory="89427972-681d-4e9e-9698-430ea012e902" />
    <UnitTestResult executionId="3ef56edb-748a-4dfc-b9eb-08ec29618120" testId="7495f446-927d-1090-9013-be90f428c35f" testName="InvokeActivity_AllArgumentsSet_Success" computerName="ICSWS068" duration="00:00:00.0804819" startTime="2016-08-04T09:58:43.6262610+02:00" endTime="2016-08-04T09:58:43.7078893+02:00" testType="13cdc9d9-ddb5-4fa4-a97d-d965ccfc6d4b" outcome="Passed" testListId="8c84fa94-04c1-424b-9868-57a2d4851a1d" relativeResultsDirectory="3ef56edb-748a-4dfc-b9eb-08ec29618120" />
    <UnitTestResult executionId="11fc55dc-fd4d-476a-b8b2-6ea8802162fd" testId="973da3e2-db08-7226-d1d0-ab5903d5a27c" testName="InvokeActivity_AllArgumentsSet_ExceptionsArePropagated" computerName="ICSWS068" duration="00:00:00.0060409" startTime="2016-08-04T09:58:43.7108898+02:00" endTime="2016-08-04T09:58:43.7184008+02:00" testType="13cdc9d9-ddb5-4fa4-a97d-d965ccfc6d4b" outcome="Passed" testListId="8c84fa94-04c1-424b-9868-57a2d4851a1d" relativeResultsDirectory="11fc55dc-fd4d-476a-b8b2-6ea8802162fd" />
    <UnitTestResult executionId="111db656-30d9-43ef-aa84-a189ddcc95cf" testId="4af9bcf1-acde-9e65-c564-874a7e977215" testName="InvokeActivity_InvalidRegexOptionsSet_ThrowsExeption" computerName="ICSWS068" duration="00:00:00.0055412" startTime="2016-08-04T09:58:43.7214028+02:00" endTime="2016-08-04T09:58:43.7284059+02:00" testType="13cdc9d9-ddb5-4fa4-a97d-d965ccfc6d4b" outcome="Passed" testListId="8c84fa94-04c1-424b-9868-57a2d4851a1d" relativeResultsDirectory="111db656-30d9-43ef-aa84-a189ddcc95cf" />
    <UnitTestResult executionId="c5e9a0fe-2f09-4a89-9808-180098b11890" testId="6a685540-a16b-084a-f3e8-6f79fa6f2cb9" testName="InvokeActivity_NodeIdIsMissing_ThrowsException" computerName="ICSWS068" duration="00:00:00.0030694" startTime="2016-08-04T09:58:43.7319103+02:00" endTime="2016-08-04T09:58:43.7364495+02:00" testType="13cdc9d9-ddb5-4fa4-a97d-d965ccfc6d4b" outcome="Passed" testListId="8c84fa94-04c1-424b-9868-57a2d4851a1d" relativeResultsDirectory="c5e9a0fe-2f09-4a89-9808-180098b11890" />
    <UnitTestResult executionId="2d168178-0982-43a1-ba67-9a5be37a674a" testId="cd11c779-d503-474d-6996-7deb8e83ef7c" testName="InvokeActivity_SelectionPatternIsMissing_ThrowsException" computerName="ICSWS068" duration="00:00:00.0021014" startTime="2016-08-04T09:58:43.7389509+02:00" endTime="2016-08-04T09:58:43.7424365+02:00" testType="13cdc9d9-ddb5-4fa4-a97d-d965ccfc6d4b" outcome="Passed" testListId="8c84fa94-04c1-424b-9868-57a2d4851a1d" relativeResultsDirectory="2d168178-0982-43a1-ba67-9a5be37a674a" />
    <UnitTestResult executionId="27d05f76-9875-4abb-b48d-11d16bfe49f7" testId="d4105136-5ff7-5805-b6ad-670b47844a33" testName="InvokeActivity_SelectionOptionsIsMissing_ThrowsException" computerName="ICSWS068" duration="00:00:00.0022934" startTime="2016-08-04T09:58:43.7451059+02:00" endTime="2016-08-04T09:58:43.7486097+02:00" testType="13cdc9d9-ddb5-4fa4-a97d-d965ccfc6d4b" outcome="Passed" testListId="8c84fa94-04c1-424b-9868-57a2d4851a1d" relativeResultsDirectory="27d05f76-9875-4abb-b48d-11d16bfe49f7" />
    <UnitTestResult executionId="83b0a322-a5a0-4e6e-8442-6c9b6e119233" testId="562887ea-c3c0-21bb-c6d8-acb783f5f026" testName="InvokeActivity_NameValuePairIsMissing_ThrowsException" computerName="ICSWS068" duration="00:00:00.0020556" startTime="2016-08-04T09:58:43.7516108+02:00" endTime="2016-08-04T09:58:43.7546495+02:00" testType="13cdc9d9-ddb5-4fa4-a97d-d965ccfc6d4b" outcome="Passed" testListId="8c84fa94-04c1-424b-9868-57a2d4851a1d" relativeResultsDirectory="83b0a322-a5a0-4e6e-8442-6c9b6e119233" />
    <UnitTestResult executionId="c6d38372-8a8b-4bec-b952-eb75b8277796" testId="46c70a03-7488-75cd-69c8-299f35cbb453" testName="InvokeActivity_IfNotExistRuleIsMissing_ThrowsException" computerName="ICSWS068" duration="00:00:00.0021386" startTime="2016-08-04T09:58:43.7571336+02:00" endTime="2016-08-04T09:58:43.7606368+02:00" testType="13cdc9d9-ddb5-4fa4-a97d-d965ccfc6d4b" outcome="Passed" testListId="8c84fa94-04c1-424b-9868-57a2d4851a1d" relativeResultsDirectory="c6d38372-8a8b-4bec-b952-eb75b8277796" />
    <UnitTestResult executionId="5912a1cb-eb42-4736-a9b5-162b8d455c6f" testId="d6fc9504-489f-22c8-fa7e-00f69880a9b5" testName="InvokeActivity_IfExistsRuleIsMissing_ThrowsException" computerName="ICSWS068" duration="00:00:00.0022122" startTime="2016-08-04T09:58:43.7641434+02:00" endTime="2016-08-04T09:58:43.7676624+02:00" testType="13cdc9d9-ddb5-4fa4-a97d-d965ccfc6d4b" outcome="Passed" testListId="8c84fa94-04c1-424b-9868-57a2d4851a1d" relativeResultsDirectory="5912a1cb-eb42-4736-a9b5-162b8d455c6f" />
    <UnitTestResult executionId="1aed0ca1-a8dc-4e8b-b535-5a35fca21d63" testId="f8f95137-9cf1-fa58-f6ed-984ad295dc1c" testName="InvokeActivity_SelectionPatternIsNull_ThrowsException" computerName="ICSWS068" duration="00:00:00.0022981" startTime="2016-08-04T09:58:43.7701480+02:00" endTime="2016-08-04T09:58:43.7736776+02:00" testType="13cdc9d9-ddb5-4fa4-a97d-d965ccfc6d4b" outcome="Passed" testListId="8c84fa94-04c1-424b-9868-57a2d4851a1d" relativeResultsDirectory="1aed0ca1-a8dc-4e8b-b535-5a35fca21d63" />
    <UnitTestResult executionId="fbd41c7a-f915-4c59-a480-4671899f3746" testId="68d7f39c-9fc7-4205-70b4-37482d3950bc" testName="InvokeActivity_SelectionOptionsIsNull_ThrowsException" computerName="ICSWS068" duration="00:00:00.0024280" startTime="2016-08-04T09:58:43.7761822+02:00" endTime="2016-08-04T09:58:43.7801839+02:00" testType="13cdc9d9-ddb5-4fa4-a97d-d965ccfc6d4b" outcome="Passed" testListId="8c84fa94-04c1-424b-9868-57a2d4851a1d" relativeResultsDirectory="fbd41c7a-f915-4c59-a480-4671899f3746" />
    <UnitTestResult executionId="b343aa7d-1cad-4d42-9251-5b4646ee2f8e" testId="153070be-bba1-b0ef-a32a-b49172f5cb31" testName="InvokeActivity_AllArgumentsSet_RegexHasCorrectPattern" computerName="ICSWS068" duration="00:00:00.0040045" startTime="2016-08-04T09:58:43.7831886+02:00" endTime="2016-08-04T09:58:43.7886946+02:00" testType="13cdc9d9-ddb5-4fa4-a97d-d965ccfc6d4b" outcome="Passed" testListId="8c84fa94-04c1-424b-9868-57a2d4851a1d" relativeResultsDirectory="b343aa7d-1cad-4d42-9251-5b4646ee2f8e" />
    <UnitTestResult executionId="b23e0fdf-e2b6-4cff-85df-d187ac7b0f61" testId="e1ef0800-7d91-0c17-a5d9-d8fc82e126c5" testName="InvokeActivity_AllArgumentsSet_RegexHasCorrectOptions" computerName="ICSWS068" duration="00:00:00.0038157" startTime="2016-08-04T09:58:43.7911966+02:00" endTime="2016-08-04T09:58:43.7962036+02:00" testType="13cdc9d9-ddb5-4fa4-a97d-d965ccfc6d4b" outcome="Passed" testListId="8c84fa94-04c1-424b-9868-57a2d4851a1d" relativeResultsDirectory="b23e0fdf-e2b6-4cff-85df-d187ac7b0f61" />
    <UnitTestResult executionId="13a00672-7443-4be3-aaee-e304d895003a" testId="fe0d5182-e5da-da8c-6876-76b75a37076a" testName="InvokeActivity_AllArgumentsSet_NodeIdHasCorrectValues" computerName="ICSWS068" duration="00:00:00.0050385" startTime="2016-08-04T09:58:43.7992056+02:00" endTime="2016-08-04T09:58:43.8056641+02:00" testType="13cdc9d9-ddb5-4fa4-a97d-d965ccfc6d4b" outcome="Passed" testListId="8c84fa94-04c1-424b-9868-57a2d4851a1d" relativeResultsDirectory="13a00672-7443-4be3-aaee-e304d895003a" />
    <UnitTestResult executionId="10d5b1f1-79e6-48cd-80f4-205f62cafc4d" testId="9e504340-bccc-0822-37ad-6ad1b9bdde01" testName="InvokeActivity_AllArgumentsSet_NameValuePairHasCorrectValue" computerName="ICSWS068" duration="00:00:00.0042130" startTime="2016-08-04T09:58:43.8086691+02:00" endTime="2016-08-04T09:58:43.8141529+02:00" testType="13cdc9d9-ddb5-4fa4-a97d-d965ccfc6d4b" outcome="Passed" testListId="8c84fa94-04c1-424b-9868-57a2d4851a1d" relativeResultsDirectory="10d5b1f1-79e6-48cd-80f4-205f62cafc4d" />
    <UnitTestResult executionId="d1412e72-a220-469c-85fd-8da26d214909" testId="25197ed1-fd1d-4d8b-9412-d821112acda5" testName="InvokeActivity_AllArgumentsSet_IfNotExistsRuleHasCorrectValue" computerName="ICSWS068" duration="00:00:00.0050382" startTime="2016-08-04T09:58:43.8166387+02:00" endTime="2016-08-04T09:58:43.8231445+02:00" testType="13cdc9d9-ddb5-4fa4-a97d-d965ccfc6d4b" outcome="Passed" testListId="8c84fa94-04c1-424b-9868-57a2d4851a1d" relativeResultsDirectory="d1412e72-a220-469c-85fd-8da26d214909" />
    <UnitTestResult executionId="b596b6f0-a545-4113-9717-e92e611015b1" testId="c352d5d6-06dd-a437-10f1-f5e9113edd55" testName="InvokeActivity_AllArgumentsSet_IfExistsRuleHasCorrectValue" computerName="ICSWS068" duration="00:00:00.0053083" startTime="2016-08-04T09:58:43.8256618+02:00" endTime="2016-08-04T09:58:43.8326517+02:00" testType="13cdc9d9-ddb5-4fa4-a97d-d965ccfc6d4b" outcome="Passed" testListId="8c84fa94-04c1-424b-9868-57a2d4851a1d" relativeResultsDirectory="b596b6f0-a545-4113-9717-e92e611015b1" />
    <UnitTestResult executionId="239af1ed-11f3-4ef6-a41b-dd0a353600ae" testId="062798a3-fe35-0b33-1b3a-07e8b22b780d" testName="InvokeActivity_NormalExecutionAllArgumentsSet_Success" computerName="ICSWS068" duration="00:00:00.0387202" startTime="2016-08-04T09:58:43.8353167+02:00" endTime="2016-08-04T09:58:43.8752961+02:00" testType="13cdc9d9-ddb5-4fa4-a97d-d965ccfc6d4b" outcome="Passed" testListId="8c84fa94-04c1-424b-9868-57a2d4851a1d" relativeResultsDirectory="239af1ed-11f3-4ef6-a41b-dd0a353600ae" />
    <UnitTestResult executionId="8dcc19a1-5555-4419-a01e-35d1b3edad45" testId="8022ed5e-a3d9-9ff2-b5de-b025f8305d5b" testName="InvokeActivity_NormalExecutionAllArgumentsSet_MultipleEntriesInResult" computerName="ICSWS068" duration="00:00:00.0027330" startTime="2016-08-04T09:58:43.8782981+02:00" endTime="2016-08-04T09:58:43.8823018+02:00" testType="13cdc9d9-ddb5-4fa4-a97d-d965ccfc6d4b" outcome="Passed" testListId="8c84fa94-04c1-424b-9868-57a2d4851a1d" relativeResultsDirectory="8dcc19a1-5555-4419-a01e-35d1b3edad45" />
    <UnitTestResult executionId="ecdca244-705f-4705-8804-555b4f0d5501" testId="afa8081f-d162-97cc-6ef4-9e96a9187ae5" testName="InvokeActivity_NormalExecution_ResultDictionaryContainsCorrectValues" computerName="ICSWS068" duration="00:00:00.0024597" startTime="2016-08-04T09:58:43.8848085+02:00" endTime="2016-08-04T09:58:43.8888105+02:00" testType="13cdc9d9-ddb5-4fa4-a97d-d965ccfc6d4b" outcome="Passed" testListId="8c84fa94-04c1-424b-9868-57a2d4851a1d" relativeResultsDirectory="ecdca244-705f-4705-8804-555b4f0d5501" />
    <UnitTestResult executionId="44e01b24-3c4f-47dd-aba8-f012283bb9e2" testId="0a4f1612-45d1-28d8-c8b6-b9b7595a0c9a" testName="InvokeActivity_NodeIdArgumentMissing_ThrowsException" computerName="ICSWS068" duration="00:00:00.0025134" startTime="2016-08-04T09:58:43.8913216+02:00" endTime="2016-08-04T09:58:43.8948207+02:00" testType="13cdc9d9-ddb5-4fa4-a97d-d965ccfc6d4b" outcome="Passed" testListId="8c84fa94-04c1-424b-9868-57a2d4851a1d" relativeResultsDirectory="44e01b24-3c4f-47dd-aba8-f012283bb9e2" />
    <UnitTestResult executionId="ec845660-670f-4c3b-8148-d86dfc391473" testId="5113ab05-40c2-45ca-50b8-c83dc4ba25d9" testName="InvokeActivity_SelectionPatternArgumentMissing_ThrowsException" computerName="ICSWS068" duration="00:00:00.0030940" startTime="2016-08-04T09:58:43.8983218+02:00" endTime="2016-08-04T09:58:43.9023414+02:00" testType="13cdc9d9-ddb5-4fa4-a97d-d965ccfc6d4b" outcome="Passed" testListId="8c84fa94-04c1-424b-9868-57a2d4851a1d" relativeResultsDirectory="ec845660-670f-4c3b-8148-d86dfc391473" />
    <UnitTestResult executionId="dda7f4b3-b13c-41d8-a795-03207b70f139" testId="0ca4595c-2858-6ef8-b24a-d3030b639ec9" testName="InvokeActivity_SelectionOptionsArgumentMissing_ThrowsException" computerName="ICSWS068" duration="00:00:00.0026060" startTime="2016-08-04T09:58:43.9054012+02:00" endTime="2016-08-04T09:58:43.9094049+02:00" testType="13cdc9d9-ddb5-4fa4-a97d-d965ccfc6d4b" outcome="Passed" testListId="8c84fa94-04c1-424b-9868-57a2d4851a1d" relativeResultsDirectory="dda7f4b3-b13c-41d8-a795-03207b70f139" />
    <UnitTestResult executionId="54343a61-cee1-4fe2-b0d4-291998a6d030" testId="f498761b-6293-d67e-3043-9228e97944dd" testName="InvokeActivity_NodeDoesNotExist_ThrowsException" computerName="ICSWS068" duration="00:00:00.0036128" startTime="2016-08-04T09:58:43.9119057+02:00" endTime="2016-08-04T09:58:43.9169092+02:00" testType="13cdc9d9-ddb5-4fa4-a97d-d965ccfc6d4b" outcome="Passed" testListId="8c84fa94-04c1-424b-9868-57a2d4851a1d" relativeResultsDirectory="54343a61-cee1-4fe2-b0d4-291998a6d030" />
    <UnitTestResult executionId="6926bb42-7a40-4764-8025-5ca4e0e39e2f" testId="55f3fcbe-deca-f5b8-ccad-0112083a8c07" testName="InvokeActivity_InvalidRegexPattern_ThrowsException" computerName="ICSWS068" duration="00:00:00.0030533" startTime="2016-08-04T09:58:43.9199118+02:00" endTime="2016-08-04T09:58:43.9239137+02:00" testType="13cdc9d9-ddb5-4fa4-a97d-d965ccfc6d4b" outcome="Passed" testListId="8c84fa94-04c1-424b-9868-57a2d4851a1d" relativeResultsDirectory="6926bb42-7a40-4764-8025-5ca4e0e39e2f" />
    <UnitTestResult executionId="02a61763-72db-4a68-879f-6839ec851ea6" testId="294a9d1b-c1c9-a805-13e9-7ce36161763b" testName="InvokeActivity_NormalExecutionRegexPatternSet_ResultIsFilteredByRegex" computerName="ICSWS068" duration="00:00:00.0034999" startTime="2016-08-04T09:58:43.9269166+02:00" endTime="2016-08-04T09:58:43.9314204+02:00" testType="13cdc9d9-ddb5-4fa4-a97d-d965ccfc6d4b" outcome="Passed" testListId="8c84fa94-04c1-424b-9868-57a2d4851a1d" relativeResultsDirectory="02a61763-72db-4a68-879f-6839ec851ea6" />
    <UnitTestResult executionId="d4af5384-f470-42e0-8d83-b5585ac777e2" testId="ee5d77f9-38b1-178c-4f7b-b7ce538071ad" testName="InvokeActivity_NormalExecutionRegexOptionSet_ResultIsFilteredByRegexAndOptions" computerName="ICSWS068" duration="00:00:00.0027732" startTime="2016-08-04T09:58:43.9340713+02:00" endTime="2016-08-04T09:58:43.9380595+02:00" testType="13cdc9d9-ddb5-4fa4-a97d-d965ccfc6d4b" outcome="Passed" testListId="8c84fa94-04c1-424b-9868-57a2d4851a1d" relativeResultsDirectory="d4af5384-f470-42e0-8d83-b5585ac777e2" />
    <UnitTestResult executionId="b57a232e-7b56-4273-a75f-8fd9049499aa" testId="ee043d82-ee75-8dd6-d0d0-1c565c22c2cf" testName="InvokeActivity_InvalidRegexOptionsSet_ThrowsExeption" computerName="ICSWS068" duration="00:00:00.0029858" startTime="2016-08-04T09:58:43.9410604+02:00" endTime="2016-08-04T09:58:43.9450151+02:00" testType="13cdc9d9-ddb5-4fa4-a97d-d965ccfc6d4b" outcome="Passed" testListId="8c84fa94-04c1-424b-9868-57a2d4851a1d" relativeResultsDirectory="b57a232e-7b56-4273-a75f-8fd9049499aa" />
    <UnitTestResult executionId="f5965c60-6c65-4b68-8d7e-659689851180" testId="c904e79e-e4c3-a697-fb99-4dc64eeaa26e" testName="InvokeActivity_SelectionPatternIsNull_ThrowsException" computerName="ICSWS068" duration="00:00:00.0026890" startTime="2016-08-04T09:58:43.9480007+02:00" endTime="2016-08-04T09:58:43.9520036+02:00" testType="13cdc9d9-ddb5-4fa4-a97d-d965ccfc6d4b" outcome="Passed" testListId="8c84fa94-04c1-424b-9868-57a2d4851a1d" relativeResultsDirectory="f5965c60-6c65-4b68-8d7e-659689851180" />
    <UnitTestResult executionId="72c78725-09f6-4542-939c-0c9f21af9fc6" testId="7ce9d53f-2d0b-fc60-732a-238c0ea2f2bd" testName="InvokeActivity_SelectionOptionsIsNull_ThrowsException" computerName="ICSWS068" duration="00:00:00.0023107" startTime="2016-08-04T09:58:43.9545053+02:00" endTime="2016-08-04T09:58:43.9585082+02:00" testType="13cdc9d9-ddb5-4fa4-a97d-d965ccfc6d4b" outcome="Passed" testListId="8c84fa94-04c1-424b-9868-57a2d4851a1d" relativeResultsDirectory="72c78725-09f6-4542-939c-0c9f21af9fc6" />
    <UnitTestResult executionId="fd5b50c1-c153-48f9-ac13-98f1df6baa2d" testId="1afe229a-91e5-9f17-9d1c-496b6939cc17" testName="InvokeActivity_NormalExecutionAllArgumentsSetNoAttributesInGroup_Success" computerName="ICSWS068" duration="00:00:00.1913524" startTime="2016-08-04T09:58:43.9610099+02:00" endTime="2016-08-04T09:58:44.1534758+02:00" testType="13cdc9d9-ddb5-4fa4-a97d-d965ccfc6d4b" outcome="Passed" testListId="8c84fa94-04c1-424b-9868-57a2d4851a1d" relativeResultsDirectory="fd5b50c1-c153-48f9-ac13-98f1df6baa2d" />
    <UnitTestResult executionId="b72b731a-400d-4351-9939-6ef77cc23bdf" testId="23e69c4c-a513-4d1c-6bdb-78a5b44613b0" testName="InvokeActivity_PartnerIdArgumentMissing_ThrowsException" computerName="ICSWS068" duration="00:00:00.0055432" startTime="2016-08-04T09:58:44.1564781+02:00" endTime="2016-08-04T09:58:44.1634827+02:00" testType="13cdc9d9-ddb5-4fa4-a97d-d965ccfc6d4b" outcome="Passed" testListId="8c84fa94-04c1-424b-9868-57a2d4851a1d" relativeResultsDirectory="b72b731a-400d-4351-9939-6ef77cc23bdf" />
    <UnitTestResult executionId="d00f0219-bca9-41d7-8b0d-33a0342f0b34" testId="6fd19911-cd67-b668-9e6e-49b859c00b22" testName="InvokeActivity_AttributeGroupIdArgumentMissing_ThrowsException" computerName="ICSWS068" duration="00:00:00.0051907" startTime="2016-08-04T09:58:44.1664850+02:00" endTime="2016-08-04T09:58:44.1729896+02:00" testType="13cdc9d9-ddb5-4fa4-a97d-d965ccfc6d4b" outcome="Passed" testListId="8c84fa94-04c1-424b-9868-57a2d4851a1d" relativeResultsDirectory="d00f0219-bca9-41d7-8b0d-33a0342f0b34" />
    <UnitTestResult executionId="83342c9a-ff42-41af-85c1-0a7bc75d8c2f" testId="e375c1c7-bbfa-c0b6-1614-3a7e201208c2" testName="InvokeActivity_NormalExecution_ResultDictionaryContainsCorrectValues" computerName="ICSWS068" duration="00:00:00.0418265" startTime="2016-08-04T09:58:44.1759919+02:00" endTime="2016-08-04T09:58:44.2190228+02:00" testType="13cdc9d9-ddb5-4fa4-a97d-d965ccfc6d4b" outcome="Passed" testListId="8c84fa94-04c1-424b-9868-57a2d4851a1d" relativeResultsDirectory="83342c9a-ff42-41af-85c1-0a7bc75d8c2f" />
    <UnitTestResult executionId="676eac3e-1f3b-429a-b53b-8a750056ca06" testId="d095eb33-a49a-2611-ce91-2b900da7ed59" testName="InvokeActivity_PartnerDoesNotContainAttributeGroup_ThrowsError" computerName="ICSWS068" duration="00:00:00.0568772" startTime="2016-08-04T09:58:44.2220248+02:00" endTime="2016-08-04T09:58:44.2800663+02:00" testType="13cdc9d9-ddb5-4fa4-a97d-d965ccfc6d4b" outcome="Passed" testListId="8c84fa94-04c1-424b-9868-57a2d4851a1d" relativeResultsDirectory="676eac3e-1f3b-429a-b53b-8a750056ca06" />
    <UnitTestResult executionId="de1d84d2-0ee9-4f91-a0af-14fc1b0b6225" testId="613180d2-5b60-6aed-3bfe-09fbb7c8dace" testName="InvokeActivity_AttributeGroupDoesNotExist_ThrowsException" computerName="ICSWS068" duration="00:00:00.0046934" startTime="2016-08-04T09:58:44.2830713+02:00" endTime="2016-08-04T09:58:44.2890917+02:00" testType="13cdc9d9-ddb5-4fa4-a97d-d965ccfc6d4b" outcome="Passed" testListId="8c84fa94-04c1-424b-9868-57a2d4851a1d" relativeResultsDirectory="de1d84d2-0ee9-4f91-a0af-14fc1b0b6225" />
    <UnitTestResult executionId="5f840d80-25de-4522-906e-3890a16f32ff" testId="9e8a854c-0092-eb44-2ca4-610c2940873d" testName="InvokeActivity_PartnerDoesNotExist_ThrowsException" computerName="ICSWS068" duration="00:00:00.0038550" startTime="2016-08-04T09:58:44.2915773+02:00" endTime="2016-08-04T09:58:44.2965863+02:00" testType="13cdc9d9-ddb5-4fa4-a97d-d965ccfc6d4b" outcome="Passed" testListId="8c84fa94-04c1-424b-9868-57a2d4851a1d" relativeResultsDirectory="5f840d80-25de-4522-906e-3890a16f32ff" />
    <UnitTestResult executionId="db2c61ff-1247-428c-853f-a3eaa094eed8" testId="e1ccd704-04de-3100-ffd2-81e3f1e116e4" testName="InvokeActivity_MultipleAttributeValuesInAttributeGroup_Success" computerName="ICSWS068" duration="00:00:00.0063362" startTime="2016-08-04T09:58:44.2995874+02:00" endTime="2016-08-04T09:58:44.3070292+02:00" testType="13cdc9d9-ddb5-4fa4-a97d-d965ccfc6d4b" outcome="Passed" testListId="8c84fa94-04c1-424b-9868-57a2d4851a1d" relativeResultsDirectory="db2c61ff-1247-428c-853f-a3eaa094eed8" />
    <UnitTestResult executionId="ef17dfac-80ba-4f55-a0b7-9ea22aefd22a" testId="f511a4b7-e70b-63e5-4da3-ca1ab3365c2b" testName="InvokeActivity_NormalExecution_CorrectPartnerSentToRepository" computerName="ICSWS068" duration="00:00:00.0091657" startTime="2016-08-04T09:58:44.3100324+02:00" endTime="2016-08-04T09:58:44.3205451+02:00" testType="13cdc9d9-ddb5-4fa4-a97d-d965ccfc6d4b" outcome="Passed" testListId="8c84fa94-04c1-424b-9868-57a2d4851a1d" relativeResultsDirectory="ef17dfac-80ba-4f55-a0b7-9ea22aefd22a" />
    <UnitTestResult executionId="cb4850bd-c7ab-4306-bdc5-6805f128e60a" testId="d70cf836-c284-00aa-185f-c22afffb9fef" testName="InvokeActivity_NormalExecution_CorrectAttributeSentToRepository" computerName="ICSWS068" duration="00:00:00.0034867" startTime="2016-08-04T09:58:44.3235457+02:00" endTime="2016-08-04T09:58:44.3280488+02:00" testType="13cdc9d9-ddb5-4fa4-a97d-d965ccfc6d4b" outcome="Passed" testListId="8c84fa94-04c1-424b-9868-57a2d4851a1d" relativeResultsDirectory="cb4850bd-c7ab-4306-bdc5-6805f128e60a" />
    <UnitTestResult executionId="c9a36c39-e01b-4d4c-8681-d28c4be7504e" testId="58472bb1-3b0a-d268-58b1-43068b387003" testName="InvokeActivity_NormalExecutionWithNullValue_NullIsReturned" computerName="ICSWS068" duration="00:00:00.0022307" startTime="2016-08-04T09:58:44.3310511+02:00" endTime="2016-08-04T09:58:44.3345534+02:00" testType="13cdc9d9-ddb5-4fa4-a97d-d965ccfc6d4b" outcome="Passed" testListId="8c84fa94-04c1-424b-9868-57a2d4851a1d" relativeResultsDirectory="c9a36c39-e01b-4d4c-8681-d28c4be7504e" />
    <UnitTestResult executionId="9f197ef7-ad4c-422c-b2a1-3862f304443d" testId="89d0b032-d6e8-a22c-fe03-523fb8f92514" testName="InvokeActivity_NormalExecutionWithString_StringIsReturned" computerName="ICSWS068" duration="00:00:00.0026747" startTime="2016-08-04T09:58:44.3370560+02:00" endTime="2016-08-04T09:58:44.3410583+02:00" testType="13cdc9d9-ddb5-4fa4-a97d-d965ccfc6d4b" outcome="Passed" testListId="8c84fa94-04c1-424b-9868-57a2d4851a1d" relativeResultsDirectory="9f197ef7-ad4c-422c-b2a1-3862f304443d" />
    <UnitTestResult executionId="05aea901-dd4d-4613-ba1e-84a0e95575ec" testId="57f98cec-b259-a2a1-877e-f1e7d6ab5fe9" testName="InvokeActivity_NormalExecutionWithInteger_IntegerIsReturned" computerName="ICSWS068" duration="00:00:00.0041840" startTime="2016-08-04T09:58:44.3440667+02:00" endTime="2016-08-04T09:58:44.3490707+02:00" testType="13cdc9d9-ddb5-4fa4-a97d-d965ccfc6d4b" outcome="Passed" testListId="8c84fa94-04c1-424b-9868-57a2d4851a1d" relativeResultsDirectory="05aea901-dd4d-4613-ba1e-84a0e95575ec" />
    <UnitTestResult executionId="f5fb768a-fc36-4cee-b0cb-aface868b6b0" testId="081a636f-454e-215b-904d-5389b85643ba" testName="InvokeActivity_NormalExecutionWithDouble_DoubleIsReturned" computerName="ICSWS068" duration="00:00:00.0046646" startTime="2016-08-04T09:58:44.3515719+02:00" endTime="2016-08-04T09:58:44.3580870+02:00" testType="13cdc9d9-ddb5-4fa4-a97d-d965ccfc6d4b" outcome="Passed" testListId="8c84fa94-04c1-424b-9868-57a2d4851a1d" relativeResultsDirectory="f5fb768a-fc36-4cee-b0cb-aface868b6b0" />
    <UnitTestResult executionId="d73a5ecc-82e8-4d24-93a5-62b388ed5a20" testId="ecb7e01c-8875-0162-5e57-1f6ce79ca1be" testName="InvokeActivity_UnknownPartnerOrUnknownAttribute_Throws" computerName="ICSWS068" duration="00:00:00.0050670" startTime="2016-08-04T09:58:44.3610887+02:00" endTime="2016-08-04T09:58:44.3676754+02:00" testType="13cdc9d9-ddb5-4fa4-a97d-d965ccfc6d4b" outcome="Passed" testListId="8c84fa94-04c1-424b-9868-57a2d4851a1d" relativeResultsDirectory="d73a5ecc-82e8-4d24-93a5-62b388ed5a20" />
    <UnitTestResult executionId="1b23ab31-5184-4142-aa6b-23d0284c54e9" testId="a8a27b57-92ec-e16d-bf81-16ece4771d5d" testName="InvokeActivity_RequiredInArgumentPartnerIsMissing_Throws" computerName="ICSWS068" duration="00:00:00.0024720" startTime="2016-08-04T09:58:44.3701768+02:00" endTime="2016-08-04T09:58:44.3736988+02:00" testType="13cdc9d9-ddb5-4fa4-a97d-d965ccfc6d4b" outcome="Passed" testListId="8c84fa94-04c1-424b-9868-57a2d4851a1d" relativeResultsDirectory="1b23ab31-5184-4142-aa6b-23d0284c54e9" />
    <UnitTestResult executionId="35a0dc69-1f40-4e88-be06-d71e046118a3" testId="5059a668-0a51-9011-1802-0d25f7b5ab74" testName="InvokeActivity_RequiredInArgumentAttributeIsMissing_Throws" computerName="ICSWS068" duration="00:00:00.0028266" startTime="2016-08-04T09:58:44.3763882+02:00" endTime="2016-08-04T09:58:44.3803931+02:00" testType="13cdc9d9-ddb5-4fa4-a97d-d965ccfc6d4b" outcome="Passed" testListId="8c84fa94-04c1-424b-9868-57a2d4851a1d" relativeResultsDirectory="35a0dc69-1f40-4e88-be06-d71e046118a3" />
    <UnitTestResult executionId="2d7537ff-05c0-46af-8d4a-515f5952cefc" testId="8d3412bf-6767-e6da-e169-927660980ea1" testName="InvokeActivity_InvalidConversion_Throws" computerName="ICSWS068" duration="00:00:00.0029301" startTime="2016-08-04T09:58:44.3833983+02:00" endTime="2016-08-04T09:58:44.3879023+02:00" testType="13cdc9d9-ddb5-4fa4-a97d-d965ccfc6d4b" outcome="Passed" testListId="8c84fa94-04c1-424b-9868-57a2d4851a1d" relativeResultsDirectory="2d7537ff-05c0-46af-8d4a-515f5952cefc" />
    <UnitTestResult executionId="078ef8ee-4da3-48f0-b080-33610a0e14c7" testId="0808f6e3-7aef-1099-401f-257cd159d52d" testName="InvokeActivity_ConvertStringToInt_IntIsReturned" computerName="ICSWS068" duration="00:00:00.0021609" startTime="2016-08-04T09:58:44.3904032+02:00" endTime="2016-08-04T09:58:44.3939104+02:00" testType="13cdc9d9-ddb5-4fa4-a97d-d965ccfc6d4b" outcome="Passed" testListId="8c84fa94-04c1-424b-9868-57a2d4851a1d" relativeResultsDirectory="078ef8ee-4da3-48f0-b080-33610a0e14c7" />
    <UnitTestResult executionId="0fd7ef73-0366-44d9-93dc-e2f217fc267e" testId="f27000da-d59b-ba28-8203-640bcde4680b" testName="InvokeActivity_ConvertIntToString_StringIsReturned" computerName="ICSWS068" duration="00:00:00.0022823" startTime="2016-08-04T09:58:44.3964122+02:00" endTime="2016-08-04T09:58:44.4004144+02:00" testType="13cdc9d9-ddb5-4fa4-a97d-d965ccfc6d4b" outcome="Passed" testListId="8c84fa94-04c1-424b-9868-57a2d4851a1d" relativeResultsDirectory="0fd7ef73-0366-44d9-93dc-e2f217fc267e" />
    <UnitTestResult executionId="acfc5c01-e5c2-4265-9b4c-c25ecdefb660" testId="f30258fc-d03c-c73b-4238-1809a85c31a8" testName="Invoke_NormalExecution_Success" computerName="ICSWS068" duration="00:00:00.1233290" startTime="2016-08-04T09:58:44.4035012+02:00" endTime="2016-08-04T09:58:44.5298292+02:00" testType="13cdc9d9-ddb5-4fa4-a97d-d965ccfc6d4b" outcome="Passed" testListId="8c84fa94-04c1-424b-9868-57a2d4851a1d" relativeResultsDirectory="acfc5c01-e5c2-4265-9b4c-c25ecdefb660">
      <Output>
        <StdOut>Debug Trace:
0: WorkflowInstance "CreateAndSendMsmqMessageActivity" is Started
1: Activity [null] "null" scheduled child activity [1] "CreateAndSendMsmqMessageActivity"
2: Activity [1] "CreateAndSendMsmqMessageActivity" is Executing
{
    Arguments
        ResponseQueue: 
        TimeToBeReceived: -00:00:00.0010000
        Recoverable: False
        TimeToReachQueue: -00:00:00.0010000
        Priority: Normal
        Label: MyMessage
        QueueName: .\private$\test
        CorrelationId: 
        TransactionType: Automatic
        AppSpecific: 0
        Data: System.IO.MemoryStream
}
3: Activity [1] "CreateAndSendMsmqMessageActivity" scheduled child activity [1.1] "MainSequence1"
4: Activity [1.1] "MainSequence1" is Executing
{
    Variables
        msmqMessage1: 
}
5: Activity [1.1] "MainSequence1" scheduled child activity [1.9] "CreateMsmqMessage1"
6: Activity [1.9] "CreateMsmqMessage1" is Executing
{
    Arguments
        ResponseQueue: 
        TimeToBeReceived: -00:00:00.0010000
        AcknowledgeType: None
        Recoverable: False
        TimeToReachQueue: -00:00:00.0010000
        Priority: Normal
        BodyStream: System.IO.MemoryStream
        Label: MyMessage
        CorrelationId: 
        Body: 
        AttachSenderId: True
        AppSpecific: 0
        UseDeadLetterQueue: False
        UseTracing: False
        UseJournalQueue: False
        Formatter: 
        AdministrationQueue: 
}
7: Activity [1.9] "CreateMsmqMessage1" is Closed
{
    Arguments
        ResponseQueue: 
        TimeToBeReceived: -00:00:00.0010000
        AcknowledgeType: None
        Recoverable: False
        TimeToReachQueue: -00:00:00.0010000
        Priority: Normal
        BodyStream: System.IO.MemoryStream
        Label: MyMessage
        CorrelationId: 
        Body: 
        AttachSenderId: True
        Result: System.Messaging.Message
        AppSpecific: 0
        UseDeadLetterQueue: False
        UseTracing: False
        UseJournalQueue: False
        Formatter: 
        AdministrationQueue: 
}
8: Activity [1.1] "MainSequence1" scheduled child activity [1.2] "SendMsmqMessage1"
9: Activity [1.2] "SendMsmqMessage1" is Executing
{
    Arguments
        MessageToSend: System.Messaging.Message
        QueueName: .\private$\test
        TransactionType: Automatic
}
10: WorkflowInstance "CreateAndSendMsmqMessageActivity" is Idle
11: Activity [1.2] "SendMsmqMessage1" is Closed
{
    Arguments
        MessageToSend: System.Messaging.Message
        QueueName: .\private$\test
        TransactionType: Automatic
}
12: Activity [1.1] "MainSequence1" is Closed
{
    Variables
        msmqMessage1: System.Messaging.Message
}
13: Activity [1] "CreateAndSendMsmqMessageActivity" is Closed
{
    Arguments
        ResponseQueue: 
        TimeToBeReceived: -00:00:00.0010000
        Recoverable: False
        TimeToReachQueue: -00:00:00.0010000
        Priority: Normal
        Label: MyMessage
        QueueName: .\private$\test
        CorrelationId: 
        TransactionType: Automatic
        AppSpecific: 0
        Data: System.IO.MemoryStream
}
14: WorkflowInstance "CreateAndSendMsmqMessageActivity" is Completed
0: WorkflowInstance "CreateAndSendMsmqMessageActivity" is Started
1: Activity [null] "null" scheduled child activity [1] "CreateAndSendMsmqMessageActivity"
2: Activity [1] "CreateAndSendMsmqMessageActivity" is Executing
{
    Arguments
        ResponseQueue: 
        TimeToBeReceived: -00:00:00.0010000
        Recoverable: False
        TimeToReachQueue: -00:00:00.0010000
        Priority: Normal
        Label: MyMessage
        QueueName: .\private$\test
        CorrelationId: 
        TransactionType: Automatic
        AppSpecific: 0
        Data: System.IO.MemoryStream
}
3: Activity [1] "CreateAndSendMsmqMessageActivity" scheduled child activity [1.1] "MainSequence1"
4: Activity [1.1] "MainSequence1" is Executing
{
    Variables
        msmqMessage1: System.Messaging.Message
}
5: Activity [1.1] "MainSequence1" scheduled child activity [1.9] "CreateMsmqMessage1"
6: Activity [1.9] "CreateMsmqMessage1" is Executing
{
    Arguments
        ResponseQueue: 
        TimeToBeReceived: -00:00:00.0010000
        AcknowledgeType: None
        Recoverable: False
        TimeToReachQueue: -00:00:00.0010000
        Priority: Normal
        BodyStream: System.IO.MemoryStream
        Label: MyMessage
        CorrelationId: 
        Body: 
        AttachSenderId: True
        AppSpecific: 0
        UseDeadLetterQueue: False
        UseTracing: False
        UseJournalQueue: False
        Formatter: 
        AdministrationQueue: 
}
7: Activity [1.9] "CreateMsmqMessage1" is Closed
{
    Arguments
        ResponseQueue: 
        TimeToBeReceived: -00:00:00.0010000
        AcknowledgeType: None
        Recoverable: False
        TimeToReachQueue: -00:00:00.0010000
        Priority: Normal
        BodyStream: System.IO.MemoryStream
        Label: MyMessage
        CorrelationId: 
        Body: 
        AttachSenderId: True
        Result: System.Messaging.Message
        AppSpecific: 0
        UseDeadLetterQueue: False
        UseTracing: False
        UseJournalQueue: False
        Formatter: 
        AdministrationQueue: 
}
8: Activity [1.1] "MainSequence1" scheduled child activity [1.2] "SendMsmqMessage1"
9: Activity [1.2] "SendMsmqMessage1" is Executing
{
    Arguments
        MessageToSend: System.Messaging.Message
        QueueName: .\private$\test
        TransactionType: Automatic
}
10: WorkflowInstance "CreateAndSendMsmqMessageActivity" is Idle
11: Activity [1.2] "SendMsmqMessage1" is Closed
{
    Arguments
        MessageToSend: System.Messaging.Message
        QueueName: .\private$\test
        TransactionType: Automatic
}
12: Activity [1.1] "MainSequence1" is Closed
{
    Variables
        msmqMessage1: System.Messaging.Message
}
13: Activity [1] "CreateAndSendMsmqMessageActivity" is Closed
{
    Arguments
        ResponseQueue: 
        TimeToBeReceived: -00:00:00.0010000
        Recoverable: False
        TimeToReachQueue: -00:00:00.0010000
        Priority: Normal
        Label: MyMessage
        QueueName: .\private$\test
        CorrelationId: 
        TransactionType: Automatic
        AppSpecific: 0
        Data: System.IO.MemoryStream
}
14: WorkflowInstance "CreateAndSendMsmqMessageActivity" is Completed</StdOut>
      </Output>
    </UnitTestResult>
    <UnitTestResult executionId="daa48e6e-10c8-417f-8949-009e6ec1247f" testId="a7ad3a0e-aaaa-445d-4c0b-429d9d294847" testName="Invoke_NormalExecution_ExpectedDataArgumentUsed" computerName="ICSWS068" duration="00:00:00.0059904" startTime="2016-08-04T09:58:44.5328310+02:00" endTime="2016-08-04T09:58:44.5403373+02:00" testType="13cdc9d9-ddb5-4fa4-a97d-d965ccfc6d4b" outcome="Passed" testListId="8c84fa94-04c1-424b-9868-57a2d4851a1d" relativeResultsDirectory="daa48e6e-10c8-417f-8949-009e6ec1247f">
      <Output>
        <StdOut>Debug Trace:
0: WorkflowInstance "CreateAndSendMsmqMessageActivity" is Started
1: Activity [null] "null" scheduled child activity [1] "CreateAndSendMsmqMessageActivity"
2: Activity [1] "CreateAndSendMsmqMessageActivity" is Executing
{
    Arguments
        ResponseQueue: 
        TimeToBeReceived: -00:00:00.0010000
        Recoverable: False
        TimeToReachQueue: -00:00:00.0010000
        Priority: Normal
        Label: MyMessage
        QueueName: .\private$\test
        CorrelationId: 
        TransactionType: Automatic
        AppSpecific: 0
        Data: System.IO.MemoryStream
}
3: Activity [1] "CreateAndSendMsmqMessageActivity" scheduled child activity [1.1] "MainSequence1"
4: Activity [1.1] "MainSequence1" is Executing
{
    Variables
        msmqMessage1: 
}
5: Activity [1.1] "MainSequence1" scheduled child activity [1.9] "CreateMsmqMessage1"
6: Activity [1.9] "CreateMsmqMessage1" is Executing
{
    Arguments
        ResponseQueue: 
        TimeToBeReceived: -00:00:00.0010000
        AcknowledgeType: None
        Recoverable: False
        TimeToReachQueue: -00:00:00.0010000
        Priority: Normal
        BodyStream: System.IO.MemoryStream
        Label: MyMessage
        CorrelationId: 
        Body: 
        AttachSenderId: True
        AppSpecific: 0
        UseDeadLetterQueue: False
        UseTracing: False
        UseJournalQueue: False
        Formatter: 
        AdministrationQueue: 
}
7: Activity [1.9] "CreateMsmqMessage1" is Closed
{
    Arguments
        ResponseQueue: 
        TimeToBeReceived: -00:00:00.0010000
        AcknowledgeType: None
        Recoverable: False
        TimeToReachQueue: -00:00:00.0010000
        Priority: Normal
        BodyStream: System.IO.MemoryStream
        Label: MyMessage
        CorrelationId: 
        Body: 
        AttachSenderId: True
        Result: System.Messaging.Message
        AppSpecific: 0
        UseDeadLetterQueue: False
        UseTracing: False
        UseJournalQueue: False
        Formatter: 
        AdministrationQueue: 
}
8: Activity [1.1] "MainSequence1" scheduled child activity [1.2] "SendMsmqMessage1"
9: Activity [1.2] "SendMsmqMessage1" is Executing
{
    Arguments
        MessageToSend: System.Messaging.Message
        QueueName: .\private$\test
        TransactionType: Automatic
}
10: Activity [1.2] "SendMsmqMessage1" is Closed
{
    Arguments
        MessageToSend: System.Messaging.Message
        QueueName: .\private$\test
        TransactionType: Automatic
}
11: Activity [1.1] "MainSequence1" is Closed
{
    Variables
        msmqMessage1: System.Messaging.Message
}
12: Activity [1] "CreateAndSendMsmqMessageActivity" is Closed
{
    Arguments
        ResponseQueue: 
        TimeToBeReceived: -00:00:00.0010000
        Recoverable: False
        TimeToReachQueue: -00:00:00.0010000
        Priority: Normal
        Label: MyMessage
        QueueName: .\private$\test
        CorrelationId: 
        TransactionType: Automatic
        AppSpecific: 0
        Data: System.IO.MemoryStream
}
13: WorkflowInstance "CreateAndSendMsmqMessageActivity" is Completed
0: WorkflowInstance "CreateAndSendMsmqMessageActivity" is Started
1: Activity [null] "null" scheduled child activity [1] "CreateAndSendMsmqMessageActivity"
2: Activity [1] "CreateAndSendMsmqMessageActivity" is Executing
{
    Arguments
        ResponseQueue: 
        TimeToBeReceived: -00:00:00.0010000
        Recoverable: False
        TimeToReachQueue: -00:00:00.0010000
        Priority: Normal
        Label: MyMessage
        QueueName: .\private$\test
        CorrelationId: 
        TransactionType: Automatic
        AppSpecific: 0
        Data: System.IO.MemoryStream
}
3: Activity [1] "CreateAndSendMsmqMessageActivity" scheduled child activity [1.1] "MainSequence1"
4: Activity [1.1] "MainSequence1" is Executing
{
    Variables
        msmqMessage1: System.Messaging.Message
}
5: Activity [1.1] "MainSequence1" scheduled child activity [1.9] "CreateMsmqMessage1"
6: Activity [1.9] "CreateMsmqMessage1" is Executing
{
    Arguments
        ResponseQueue: 
        TimeToBeReceived: -00:00:00.0010000
        AcknowledgeType: None
        Recoverable: False
        TimeToReachQueue: -00:00:00.0010000
        Priority: Normal
        BodyStream: System.IO.MemoryStream
        Label: MyMessage
        CorrelationId: 
        Body: 
        AttachSenderId: True
        AppSpecific: 0
        UseDeadLetterQueue: False
        UseTracing: False
        UseJournalQueue: False
        Formatter: 
        AdministrationQueue: 
}
7: Activity [1.9] "CreateMsmqMessage1" is Closed
{
    Arguments
        ResponseQueue: 
        TimeToBeReceived: -00:00:00.0010000
        AcknowledgeType: None
        Recoverable: False
        TimeToReachQueue: -00:00:00.0010000
        Priority: Normal
        BodyStream: System.IO.MemoryStream
        Label: MyMessage
        CorrelationId: 
        Body: 
        AttachSenderId: True
        Result: System.Messaging.Message
        AppSpecific: 0
        UseDeadLetterQueue: False
        UseTracing: False
        UseJournalQueue: False
        Formatter: 
        AdministrationQueue: 
}
8: Activity [1.1] "MainSequence1" scheduled child activity [1.2] "SendMsmqMessage1"
9: Activity [1.2] "SendMsmqMessage1" is Executing
{
    Arguments
        MessageToSend: System.Messaging.Message
        QueueName: .\private$\test
        TransactionType: Automatic
}
10: Activity [1.2] "SendMsmqMessage1" is Closed
{
    Arguments
        MessageToSend: System.Messaging.Message
        QueueName: .\private$\test
        TransactionType: Automatic
}
11: Activity [1.1] "MainSequence1" is Closed
{
    Variables
        msmqMessage1: System.Messaging.Message
}
12: Activity [1] "CreateAndSendMsmqMessageActivity" is Closed
{
    Arguments
        ResponseQueue: 
        TimeToBeReceived: -00:00:00.0010000
        Recoverable: False
        TimeToReachQueue: -00:00:00.0010000
        Priority: Normal
        Label: MyMessage
        QueueName: .\private$\test
        CorrelationId: 
        TransactionType: Automatic
        AppSpecific: 0
        Data: System.IO.MemoryStream
}
13: WorkflowInstance "CreateAndSendMsmqMessageActivity" is Completed</StdOut>
      </Output>
    </UnitTestResult>
    <UnitTestResult executionId="b071c2ff-a703-4f38-b68b-e81eb29038c1" testId="5069de0f-4f1b-e87d-6947-4655c33378a9" testName="Invoke_NormalExecution_ExpectedTimeToBeReceivedArgumentUsed" computerName="ICSWS068" duration="00:00:00.0068370" startTime="2016-08-04T09:58:44.5433220+02:00" endTime="2016-08-04T09:58:44.5513301+02:00" testType="13cdc9d9-ddb5-4fa4-a97d-d965ccfc6d4b" outcome="Passed" testListId="8c84fa94-04c1-424b-9868-57a2d4851a1d" relativeResultsDirectory="b071c2ff-a703-4f38-b68b-e81eb29038c1">
      <Output>
        <StdOut>Debug Trace:
0: WorkflowInstance "CreateAndSendMsmqMessageActivity" is Started
1: Activity [null] "null" scheduled child activity [1] "CreateAndSendMsmqMessageActivity"
2: Activity [1] "CreateAndSendMsmqMessageActivity" is Executing
{
    Arguments
        ResponseQueue: 
        TimeToBeReceived: -00:00:00.0010000
        Recoverable: False
        TimeToReachQueue: -00:00:00.0010000
        Priority: Normal
        Label: MyMessage
        QueueName: .\private$\test
        CorrelationId: 
        TransactionType: Automatic
        AppSpecific: 0
        Data: System.IO.MemoryStream
}
3: Activity [1] "CreateAndSendMsmqMessageActivity" scheduled child activity [1.1] "MainSequence1"
4: Activity [1.1] "MainSequence1" is Executing
{
    Variables
        msmqMessage1: 
}
5: Activity [1.1] "MainSequence1" scheduled child activity [1.9] "CreateMsmqMessage1"
6: Activity [1.9] "CreateMsmqMessage1" is Executing
{
    Arguments
        ResponseQueue: 
        TimeToBeReceived: -00:00:00.0010000
        AcknowledgeType: None
        Recoverable: False
        TimeToReachQueue: -00:00:00.0010000
        Priority: Normal
        BodyStream: System.IO.MemoryStream
        Label: MyMessage
        CorrelationId: 
        Body: 
        AttachSenderId: True
        AppSpecific: 0
        UseDeadLetterQueue: False
        UseTracing: False
        UseJournalQueue: False
        Formatter: 
        AdministrationQueue: 
}
7: Activity [1.9] "CreateMsmqMessage1" is Closed
{
    Arguments
        ResponseQueue: 
        TimeToBeReceived: -00:00:00.0010000
        AcknowledgeType: None
        Recoverable: False
        TimeToReachQueue: -00:00:00.0010000
        Priority: Normal
        BodyStream: System.IO.MemoryStream
        Label: MyMessage
        CorrelationId: 
        Body: 
        AttachSenderId: True
        Result: System.Messaging.Message
        AppSpecific: 0
        UseDeadLetterQueue: False
        UseTracing: False
        UseJournalQueue: False
        Formatter: 
        AdministrationQueue: 
}
8: Activity [1.1] "MainSequence1" scheduled child activity [1.2] "SendMsmqMessage1"
9: Activity [1.2] "SendMsmqMessage1" is Executing
{
    Arguments
        MessageToSend: System.Messaging.Message
        QueueName: .\private$\test
        TransactionType: Automatic
}
10: Activity [1.2] "SendMsmqMessage1" is Closed
{
    Arguments
        MessageToSend: System.Messaging.Message
        QueueName: .\private$\test
        TransactionType: Automatic
}
11: Activity [1.1] "MainSequence1" is Closed
{
    Variables
        msmqMessage1: System.Messaging.Message
}
12: Activity [1] "CreateAndSendMsmqMessageActivity" is Closed
{
    Arguments
        ResponseQueue: 
        TimeToBeReceived: -00:00:00.0010000
        Recoverable: False
        TimeToReachQueue: -00:00:00.0010000
        Priority: Normal
        Label: MyMessage
        QueueName: .\private$\test
        CorrelationId: 
        TransactionType: Automatic
        AppSpecific: 0
        Data: System.IO.MemoryStream
}
13: WorkflowInstance "CreateAndSendMsmqMessageActivity" is Completed
0: WorkflowInstance "CreateAndSendMsmqMessageActivity" is Started
1: Activity [null] "null" scheduled child activity [1] "CreateAndSendMsmqMessageActivity"
2: Activity [1] "CreateAndSendMsmqMessageActivity" is Executing
{
    Arguments
        ResponseQueue: 
        TimeToBeReceived: -00:00:00.0010000
        Recoverable: False
        TimeToReachQueue: -00:00:00.0010000
        Priority: Normal
        Label: MyMessage
        QueueName: .\private$\test
        CorrelationId: 
        TransactionType: Automatic
        AppSpecific: 0
        Data: System.IO.MemoryStream
}
3: Activity [1] "CreateAndSendMsmqMessageActivity" scheduled child activity [1.1] "MainSequence1"
4: Activity [1.1] "MainSequence1" is Executing
{
    Variables
        msmqMessage1: System.Messaging.Message
}
5: Activity [1.1] "MainSequence1" scheduled child activity [1.9] "CreateMsmqMessage1"
6: Activity [1.9] "CreateMsmqMessage1" is Executing
{
    Arguments
        ResponseQueue: 
        TimeToBeReceived: -00:00:00.0010000
        AcknowledgeType: None
        Recoverable: False
        TimeToReachQueue: -00:00:00.0010000
        Priority: Normal
        BodyStream: System.IO.MemoryStream
        Label: MyMessage
        CorrelationId: 
        Body: 
        AttachSenderId: True
        AppSpecific: 0
        UseDeadLetterQueue: False
        UseTracing: False
        UseJournalQueue: False
        Formatter: 
        AdministrationQueue: 
}
7: Activity [1.9] "CreateMsmqMessage1" is Closed
{
    Arguments
        ResponseQueue: 
        TimeToBeReceived: -00:00:00.0010000
        AcknowledgeType: None
        Recoverable: False
        TimeToReachQueue: -00:00:00.0010000
        Priority: Normal
        BodyStream: System.IO.MemoryStream
        Label: MyMessage
        CorrelationId: 
        Body: 
        AttachSenderId: True
        Result: System.Messaging.Message
        AppSpecific: 0
        UseDeadLetterQueue: False
        UseTracing: False
        UseJournalQueue: False
        Formatter: 
        AdministrationQueue: 
}
8: Activity [1.1] "MainSequence1" scheduled child activity [1.2] "SendMsmqMessage1"
9: Activity [1.2] "SendMsmqMessage1" is Executing
{
    Arguments
        MessageToSend: System.Messaging.Message
        QueueName: .\private$\test
        TransactionType: Automatic
}
10: Activity [1.2] "SendMsmqMessage1" is Closed
{
    Arguments
        MessageToSend: System.Messaging.Message
        QueueName: .\private$\test
        TransactionType: Automatic
}
11: Activity [1.1] "MainSequence1" is Closed
{
    Variables
        msmqMessage1: System.Messaging.Message
}
12: Activity [1] "CreateAndSendMsmqMessageActivity" is Closed
{
    Arguments
        ResponseQueue: 
        TimeToBeReceived: -00:00:00.0010000
        Recoverable: False
        TimeToReachQueue: -00:00:00.0010000
        Priority: Normal
        Label: MyMessage
        QueueName: .\private$\test
        CorrelationId: 
        TransactionType: Automatic
        AppSpecific: 0
        Data: System.IO.MemoryStream
}
13: WorkflowInstance "CreateAndSendMsmqMessageActivity" is Completed</StdOut>
      </Output>
    </UnitTestResult>
    <UnitTestResult executionId="bece0545-d8c5-4a47-ab6f-b0686f934c71" testId="02ed5a78-99ca-eea7-b43c-01156462503d" testName="Invoke_NormalExecution_ExpectedTimeToReachQueueArgumentUsed" computerName="ICSWS068" duration="00:00:00.0059265" startTime="2016-08-04T09:58:44.5543321+02:00" endTime="2016-08-04T09:58:44.5613369+02:00" testType="13cdc9d9-ddb5-4fa4-a97d-d965ccfc6d4b" outcome="Passed" testListId="8c84fa94-04c1-424b-9868-57a2d4851a1d" relativeResultsDirectory="bece0545-d8c5-4a47-ab6f-b0686f934c71">
      <Output>
        <StdOut>Debug Trace:
0: WorkflowInstance "CreateAndSendMsmqMessageActivity" is Started
1: Activity [null] "null" scheduled child activity [1] "CreateAndSendMsmqMessageActivity"
2: Activity [1] "CreateAndSendMsmqMessageActivity" is Executing
{
    Arguments
        ResponseQueue: 
        TimeToBeReceived: -00:00:00.0010000
        Recoverable: False
        TimeToReachQueue: -00:00:00.0010000
        Priority: Normal
        Label: MyMessage
        QueueName: .\private$\test
        CorrelationId: 
        TransactionType: Automatic
        AppSpecific: 0
        Data: System.IO.MemoryStream
}
3: Activity [1] "CreateAndSendMsmqMessageActivity" scheduled child activity [1.1] "MainSequence1"
4: Activity [1.1] "MainSequence1" is Executing
{
    Variables
        msmqMessage1: 
}
5: Activity [1.1] "MainSequence1" scheduled child activity [1.9] "CreateMsmqMessage1"
6: Activity [1.9] "CreateMsmqMessage1" is Executing
{
    Arguments
        ResponseQueue: 
        TimeToBeReceived: -00:00:00.0010000
        AcknowledgeType: None
        Recoverable: False
        TimeToReachQueue: -00:00:00.0010000
        Priority: Normal
        BodyStream: System.IO.MemoryStream
        Label: MyMessage
        CorrelationId: 
        Body: 
        AttachSenderId: True
        AppSpecific: 0
        UseDeadLetterQueue: False
        UseTracing: False
        UseJournalQueue: False
        Formatter: 
        AdministrationQueue: 
}
7: Activity [1.9] "CreateMsmqMessage1" is Closed
{
    Arguments
        ResponseQueue: 
        TimeToBeReceived: -00:00:00.0010000
        AcknowledgeType: None
        Recoverable: False
        TimeToReachQueue: -00:00:00.0010000
        Priority: Normal
        BodyStream: System.IO.MemoryStream
        Label: MyMessage
        CorrelationId: 
        Body: 
        AttachSenderId: True
        Result: System.Messaging.Message
        AppSpecific: 0
        UseDeadLetterQueue: False
        UseTracing: False
        UseJournalQueue: False
        Formatter: 
        AdministrationQueue: 
}
8: Activity [1.1] "MainSequence1" scheduled child activity [1.2] "SendMsmqMessage1"
9: Activity [1.2] "SendMsmqMessage1" is Executing
{
    Arguments
        MessageToSend: System.Messaging.Message
        QueueName: .\private$\test
        TransactionType: Automatic
}
10: Activity [1.2] "SendMsmqMessage1" is Closed
{
    Arguments
        MessageToSend: System.Messaging.Message
        QueueName: .\private$\test
        TransactionType: Automatic
}
11: Activity [1.1] "MainSequence1" is Closed
{
    Variables
        msmqMessage1: System.Messaging.Message
}
12: Activity [1] "CreateAndSendMsmqMessageActivity" is Closed
{
    Arguments
        ResponseQueue: 
        TimeToBeReceived: -00:00:00.0010000
        Recoverable: False
        TimeToReachQueue: -00:00:00.0010000
        Priority: Normal
        Label: MyMessage
        QueueName: .\private$\test
        CorrelationId: 
        TransactionType: Automatic
        AppSpecific: 0
        Data: System.IO.MemoryStream
}
13: WorkflowInstance "CreateAndSendMsmqMessageActivity" is Completed
0: WorkflowInstance "CreateAndSendMsmqMessageActivity" is Started
1: Activity [null] "null" scheduled child activity [1] "CreateAndSendMsmqMessageActivity"
2: Activity [1] "CreateAndSendMsmqMessageActivity" is Executing
{
    Arguments
        ResponseQueue: 
        TimeToBeReceived: -00:00:00.0010000
        Recoverable: False
        TimeToReachQueue: -00:00:00.0010000
        Priority: Normal
        Label: MyMessage
        QueueName: .\private$\test
        CorrelationId: 
        TransactionType: Automatic
        AppSpecific: 0
        Data: System.IO.MemoryStream
}
3: Activity [1] "CreateAndSendMsmqMessageActivity" scheduled child activity [1.1] "MainSequence1"
4: Activity [1.1] "MainSequence1" is Executing
{
    Variables
        msmqMessage1: System.Messaging.Message
}
5: Activity [1.1] "MainSequence1" scheduled child activity [1.9] "CreateMsmqMessage1"
6: Activity [1.9] "CreateMsmqMessage1" is Executing
{
    Arguments
        ResponseQueue: 
        TimeToBeReceived: -00:00:00.0010000
        AcknowledgeType: None
        Recoverable: False
        TimeToReachQueue: -00:00:00.0010000
        Priority: Normal
        BodyStream: System.IO.MemoryStream
        Label: MyMessage
        CorrelationId: 
        Body: 
        AttachSenderId: True
        AppSpecific: 0
        UseDeadLetterQueue: False
        UseTracing: False
        UseJournalQueue: False
        Formatter: 
        AdministrationQueue: 
}
7: Activity [1.9] "CreateMsmqMessage1" is Closed
{
    Arguments
        ResponseQueue: 
        TimeToBeReceived: -00:00:00.0010000
        AcknowledgeType: None
        Recoverable: False
        TimeToReachQueue: -00:00:00.0010000
        Priority: Normal
        BodyStream: System.IO.MemoryStream
        Label: MyMessage
        CorrelationId: 
        Body: 
        AttachSenderId: True
        Result: System.Messaging.Message
        AppSpecific: 0
        UseDeadLetterQueue: False
        UseTracing: False
        UseJournalQueue: False
        Formatter: 
        AdministrationQueue: 
}
8: Activity [1.1] "MainSequence1" scheduled child activity [1.2] "SendMsmqMessage1"
9: Activity [1.2] "SendMsmqMessage1" is Executing
{
    Arguments
        MessageToSend: System.Messaging.Message
        QueueName: .\private$\test
        TransactionType: Automatic
}
10: Activity [1.2] "SendMsmqMessage1" is Closed
{
    Arguments
        MessageToSend: System.Messaging.Message
        QueueName: .\private$\test
        TransactionType: Automatic
}
11: Activity [1.1] "MainSequence1" is Closed
{
    Variables
        msmqMessage1: System.Messaging.Message
}
12: Activity [1] "CreateAndSendMsmqMessageActivity" is Closed
{
    Arguments
        ResponseQueue: 
        TimeToBeReceived: -00:00:00.0010000
        Recoverable: False
        TimeToReachQueue: -00:00:00.0010000
        Priority: Normal
        Label: MyMessage
        QueueName: .\private$\test
        CorrelationId: 
        TransactionType: Automatic
        AppSpecific: 0
        Data: System.IO.MemoryStream
}
13: WorkflowInstance "CreateAndSendMsmqMessageActivity" is Completed</StdOut>
      </Output>
    </UnitTestResult>
    <UnitTestResult executionId="3c07e2e9-7d04-475d-b74b-6a41a267933a" testId="12723c50-90e7-4e00-65f1-372a3853cdf7" testName="Invoke_NormalExecution_ExpectedAppSpecificArgumentUsed" computerName="ICSWS068" duration="00:00:00.0060095" startTime="2016-08-04T09:58:44.5653395+02:00" endTime="2016-08-04T09:58:44.5728622+02:00" testType="13cdc9d9-ddb5-4fa4-a97d-d965ccfc6d4b" outcome="Passed" testListId="8c84fa94-04c1-424b-9868-57a2d4851a1d" relativeResultsDirectory="3c07e2e9-7d04-475d-b74b-6a41a267933a">
      <Output>
        <StdOut>Debug Trace:
0: WorkflowInstance "CreateAndSendMsmqMessageActivity" is Started
1: Activity [null] "null" scheduled child activity [1] "CreateAndSendMsmqMessageActivity"
2: Activity [1] "CreateAndSendMsmqMessageActivity" is Executing
{
    Arguments
        ResponseQueue: 
        TimeToBeReceived: -00:00:00.0010000
        Recoverable: False
        TimeToReachQueue: -00:00:00.0010000
        Priority: Normal
        Label: MyMessage
        QueueName: .\private$\test
        CorrelationId: 
        TransactionType: Automatic
        AppSpecific: 0
        Data: System.IO.MemoryStream
}
3: Activity [1] "CreateAndSendMsmqMessageActivity" scheduled child activity [1.1] "MainSequence1"
4: Activity [1.1] "MainSequence1" is Executing
{
    Variables
        msmqMessage1: 
}
5: Activity [1.1] "MainSequence1" scheduled child activity [1.9] "CreateMsmqMessage1"
6: Activity [1.9] "CreateMsmqMessage1" is Executing
{
    Arguments
        ResponseQueue: 
        TimeToBeReceived: -00:00:00.0010000
        AcknowledgeType: None
        Recoverable: False
        TimeToReachQueue: -00:00:00.0010000
        Priority: Normal
        BodyStream: System.IO.MemoryStream
        Label: MyMessage
        CorrelationId: 
        Body: 
        AttachSenderId: True
        AppSpecific: 0
        UseDeadLetterQueue: False
        UseTracing: False
        UseJournalQueue: False
        Formatter: 
        AdministrationQueue: 
}
7: Activity [1.9] "CreateMsmqMessage1" is Closed
{
    Arguments
        ResponseQueue: 
        TimeToBeReceived: -00:00:00.0010000
        AcknowledgeType: None
        Recoverable: False
        TimeToReachQueue: -00:00:00.0010000
        Priority: Normal
        BodyStream: System.IO.MemoryStream
        Label: MyMessage
        CorrelationId: 
        Body: 
        AttachSenderId: True
        Result: System.Messaging.Message
        AppSpecific: 0
        UseDeadLetterQueue: False
        UseTracing: False
        UseJournalQueue: False
        Formatter: 
        AdministrationQueue: 
}
8: Activity [1.1] "MainSequence1" scheduled child activity [1.2] "SendMsmqMessage1"
9: Activity [1.2] "SendMsmqMessage1" is Executing
{
    Arguments
        MessageToSend: System.Messaging.Message
        QueueName: .\private$\test
        TransactionType: Automatic
}
10: Activity [1.2] "SendMsmqMessage1" is Closed
{
    Arguments
        MessageToSend: System.Messaging.Message
        QueueName: .\private$\test
        TransactionType: Automatic
}
11: Activity [1.1] "MainSequence1" is Closed
{
    Variables
        msmqMessage1: System.Messaging.Message
}
12: Activity [1] "CreateAndSendMsmqMessageActivity" is Closed
{
    Arguments
        ResponseQueue: 
        TimeToBeReceived: -00:00:00.0010000
        Recoverable: False
        TimeToReachQueue: -00:00:00.0010000
        Priority: Normal
        Label: MyMessage
        QueueName: .\private$\test
        CorrelationId: 
        TransactionType: Automatic
        AppSpecific: 0
        Data: System.IO.MemoryStream
}
13: WorkflowInstance "CreateAndSendMsmqMessageActivity" is Completed
0: WorkflowInstance "CreateAndSendMsmqMessageActivity" is Started
1: Activity [null] "null" scheduled child activity [1] "CreateAndSendMsmqMessageActivity"
2: Activity [1] "CreateAndSendMsmqMessageActivity" is Executing
{
    Arguments
        ResponseQueue: 
        TimeToBeReceived: -00:00:00.0010000
        Recoverable: False
        TimeToReachQueue: -00:00:00.0010000
        Priority: Normal
        Label: MyMessage
        QueueName: .\private$\test
        CorrelationId: 
        TransactionType: Automatic
        AppSpecific: 0
        Data: System.IO.MemoryStream
}
3: Activity [1] "CreateAndSendMsmqMessageActivity" scheduled child activity [1.1] "MainSequence1"
4: Activity [1.1] "MainSequence1" is Executing
{
    Variables
        msmqMessage1: System.Messaging.Message
}
5: Activity [1.1] "MainSequence1" scheduled child activity [1.9] "CreateMsmqMessage1"
6: Activity [1.9] "CreateMsmqMessage1" is Executing
{
    Arguments
        ResponseQueue: 
        TimeToBeReceived: -00:00:00.0010000
        AcknowledgeType: None
        Recoverable: False
        TimeToReachQueue: -00:00:00.0010000
        Priority: Normal
        BodyStream: System.IO.MemoryStream
        Label: MyMessage
        CorrelationId: 
        Body: 
        AttachSenderId: True
        AppSpecific: 0
        UseDeadLetterQueue: False
        UseTracing: False
        UseJournalQueue: False
        Formatter: 
        AdministrationQueue: 
}
7: Activity [1.9] "CreateMsmqMessage1" is Closed
{
    Arguments
        ResponseQueue: 
        TimeToBeReceived: -00:00:00.0010000
        AcknowledgeType: None
        Recoverable: False
        TimeToReachQueue: -00:00:00.0010000
        Priority: Normal
        BodyStream: System.IO.MemoryStream
        Label: MyMessage
        CorrelationId: 
        Body: 
        AttachSenderId: True
        Result: System.Messaging.Message
        AppSpecific: 0
        UseDeadLetterQueue: False
        UseTracing: False
        UseJournalQueue: False
        Formatter: 
        AdministrationQueue: 
}
8: Activity [1.1] "MainSequence1" scheduled child activity [1.2] "SendMsmqMessage1"
9: Activity [1.2] "SendMsmqMessage1" is Executing
{
    Arguments
        MessageToSend: System.Messaging.Message
        QueueName: .\private$\test
        TransactionType: Automatic
}
10: Activity [1.2] "SendMsmqMessage1" is Closed
{
    Arguments
        MessageToSend: System.Messaging.Message
        QueueName: .\private$\test
        TransactionType: Automatic
}
11: Activity [1.1] "MainSequence1" is Closed
{
    Variables
        msmqMessage1: System.Messaging.Message
}
12: Activity [1] "CreateAndSendMsmqMessageActivity" is Closed
{
    Arguments
        ResponseQueue: 
        TimeToBeReceived: -00:00:00.0010000
        Recoverable: False
        TimeToReachQueue: -00:00:00.0010000
        Priority: Normal
        Label: MyMessage
        QueueName: .\private$\test
        CorrelationId: 
        TransactionType: Automatic
        AppSpecific: 0
        Data: System.IO.MemoryStream
}
13: WorkflowInstance "CreateAndSendMsmqMessageActivity" is Completed</StdOut>
      </Output>
    </UnitTestResult>
    <UnitTestResult executionId="a58b3afb-972a-45ab-87dc-04ce2176a933" testId="c1c075ec-308d-d880-f5a0-fd0dba02eeea" testName="Invoke_NormalExecution_ExpectedLabelArgumentUsed" computerName="ICSWS068" duration="00:00:00.0059344" startTime="2016-08-04T09:58:44.5753657+02:00" endTime="2016-08-04T09:58:44.5823726+02:00" testType="13cdc9d9-ddb5-4fa4-a97d-d965ccfc6d4b" outcome="Passed" testListId="8c84fa94-04c1-424b-9868-57a2d4851a1d" relativeResultsDirectory="a58b3afb-972a-45ab-87dc-04ce2176a933">
      <Output>
        <StdOut>Debug Trace:
0: WorkflowInstance "CreateAndSendMsmqMessageActivity" is Started
1: Activity [null] "null" scheduled child activity [1] "CreateAndSendMsmqMessageActivity"
2: Activity [1] "CreateAndSendMsmqMessageActivity" is Executing
{
    Arguments
        ResponseQueue: 
        TimeToBeReceived: -00:00:00.0010000
        Recoverable: False
        TimeToReachQueue: -00:00:00.0010000
        Priority: Normal
        Label: MyMessage
        QueueName: .\private$\test
        CorrelationId: 
        TransactionType: Automatic
        AppSpecific: 0
        Data: System.IO.MemoryStream
}
3: Activity [1] "CreateAndSendMsmqMessageActivity" scheduled child activity [1.1] "MainSequence1"
4: Activity [1.1] "MainSequence1" is Executing
{
    Variables
        msmqMessage1: 
}
5: Activity [1.1] "MainSequence1" scheduled child activity [1.9] "CreateMsmqMessage1"
6: Activity [1.9] "CreateMsmqMessage1" is Executing
{
    Arguments
        ResponseQueue: 
        TimeToBeReceived: -00:00:00.0010000
        AcknowledgeType: None
        Recoverable: False
        TimeToReachQueue: -00:00:00.0010000
        Priority: Normal
        BodyStream: System.IO.MemoryStream
        Label: MyMessage
        CorrelationId: 
        Body: 
        AttachSenderId: True
        AppSpecific: 0
        UseDeadLetterQueue: False
        UseTracing: False
        UseJournalQueue: False
        Formatter: 
        AdministrationQueue: 
}
7: Activity [1.9] "CreateMsmqMessage1" is Closed
{
    Arguments
        ResponseQueue: 
        TimeToBeReceived: -00:00:00.0010000
        AcknowledgeType: None
        Recoverable: False
        TimeToReachQueue: -00:00:00.0010000
        Priority: Normal
        BodyStream: System.IO.MemoryStream
        Label: MyMessage
        CorrelationId: 
        Body: 
        AttachSenderId: True
        Result: System.Messaging.Message
        AppSpecific: 0
        UseDeadLetterQueue: False
        UseTracing: False
        UseJournalQueue: False
        Formatter: 
        AdministrationQueue: 
}
8: Activity [1.1] "MainSequence1" scheduled child activity [1.2] "SendMsmqMessage1"
9: Activity [1.2] "SendMsmqMessage1" is Executing
{
    Arguments
        MessageToSend: System.Messaging.Message
        QueueName: .\private$\test
        TransactionType: Automatic
}
10: Activity [1.2] "SendMsmqMessage1" is Closed
{
    Arguments
        MessageToSend: System.Messaging.Message
        QueueName: .\private$\test
        TransactionType: Automatic
}
11: Activity [1.1] "MainSequence1" is Closed
{
    Variables
        msmqMessage1: System.Messaging.Message
}
12: Activity [1] "CreateAndSendMsmqMessageActivity" is Closed
{
    Arguments
        ResponseQueue: 
        TimeToBeReceived: -00:00:00.0010000
        Recoverable: False
        TimeToReachQueue: -00:00:00.0010000
        Priority: Normal
        Label: MyMessage
        QueueName: .\private$\test
        CorrelationId: 
        TransactionType: Automatic
        AppSpecific: 0
        Data: System.IO.MemoryStream
}
13: WorkflowInstance "CreateAndSendMsmqMessageActivity" is Completed
0: WorkflowInstance "CreateAndSendMsmqMessageActivity" is Started
1: Activity [null] "null" scheduled child activity [1] "CreateAndSendMsmqMessageActivity"
2: Activity [1] "CreateAndSendMsmqMessageActivity" is Executing
{
    Arguments
        ResponseQueue: 
        TimeToBeReceived: -00:00:00.0010000
        Recoverable: False
        TimeToReachQueue: -00:00:00.0010000
        Priority: Normal
        Label: MyMessage
        QueueName: .\private$\test
        CorrelationId: 
        TransactionType: Automatic
        AppSpecific: 0
        Data: System.IO.MemoryStream
}
3: Activity [1] "CreateAndSendMsmqMessageActivity" scheduled child activity [1.1] "MainSequence1"
4: Activity [1.1] "MainSequence1" is Executing
{
    Variables
        msmqMessage1: System.Messaging.Message
}
5: Activity [1.1] "MainSequence1" scheduled child activity [1.9] "CreateMsmqMessage1"
6: Activity [1.9] "CreateMsmqMessage1" is Executing
{
    Arguments
        ResponseQueue: 
        TimeToBeReceived: -00:00:00.0010000
        AcknowledgeType: None
        Recoverable: False
        TimeToReachQueue: -00:00:00.0010000
        Priority: Normal
        BodyStream: System.IO.MemoryStream
        Label: MyMessage
        CorrelationId: 
        Body: 
        AttachSenderId: True
        AppSpecific: 0
        UseDeadLetterQueue: False
        UseTracing: False
        UseJournalQueue: False
        Formatter: 
        AdministrationQueue: 
}
7: Activity [1.9] "CreateMsmqMessage1" is Closed
{
    Arguments
        ResponseQueue: 
        TimeToBeReceived: -00:00:00.0010000
        AcknowledgeType: None
        Recoverable: False
        TimeToReachQueue: -00:00:00.0010000
        Priority: Normal
        BodyStream: System.IO.MemoryStream
        Label: MyMessage
        CorrelationId: 
        Body: 
        AttachSenderId: True
        Result: System.Messaging.Message
        AppSpecific: 0
        UseDeadLetterQueue: False
        UseTracing: False
        UseJournalQueue: False
        Formatter: 
        AdministrationQueue: 
}
8: Activity [1.1] "MainSequence1" scheduled child activity [1.2] "SendMsmqMessage1"
9: Activity [1.2] "SendMsmqMessage1" is Executing
{
    Arguments
        MessageToSend: System.Messaging.Message
        QueueName: .\private$\test
        TransactionType: Automatic
}
10: Activity [1.2] "SendMsmqMessage1" is Closed
{
    Arguments
        MessageToSend: System.Messaging.Message
        QueueName: .\private$\test
        TransactionType: Automatic
}
11: Activity [1.1] "MainSequence1" is Closed
{
    Variables
        msmqMessage1: System.Messaging.Message
}
12: Activity [1] "CreateAndSendMsmqMessageActivity" is Closed
{
    Arguments
        ResponseQueue: 
        TimeToBeReceived: -00:00:00.0010000
        Recoverable: False
        TimeToReachQueue: -00:00:00.0010000
        Priority: Normal
        Label: MyMessage
        QueueName: .\private$\test
        CorrelationId: 
        TransactionType: Automatic
        AppSpecific: 0
        Data: System.IO.MemoryStream
}
13: WorkflowInstance "CreateAndSendMsmqMessageActivity" is Completed</StdOut>
      </Output>
    </UnitTestResult>
    <UnitTestResult executionId="3ab46c97-9c00-4038-a01d-df90673258f2" testId="4b6a102e-0d13-904e-ed61-fb2e7ede6bd7" testName="Invoke_NormalExecution_ExpectedRecoverableArgumentUsed" computerName="ICSWS068" duration="00:00:00.0056825" startTime="2016-08-04T09:58:44.5853767+02:00" endTime="2016-08-04T09:58:44.5923821+02:00" testType="13cdc9d9-ddb5-4fa4-a97d-d965ccfc6d4b" outcome="Passed" testListId="8c84fa94-04c1-424b-9868-57a2d4851a1d" relativeResultsDirectory="3ab46c97-9c00-4038-a01d-df90673258f2">
      <Output>
        <StdOut>Debug Trace:
0: WorkflowInstance "CreateAndSendMsmqMessageActivity" is Started
1: Activity [null] "null" scheduled child activity [1] "CreateAndSendMsmqMessageActivity"
2: Activity [1] "CreateAndSendMsmqMessageActivity" is Executing
{
    Arguments
        ResponseQueue: 
        TimeToBeReceived: -00:00:00.0010000
        Recoverable: False
        TimeToReachQueue: -00:00:00.0010000
        Priority: Normal
        Label: MyMessage
        QueueName: .\private$\test
        CorrelationId: 
        TransactionType: Automatic
        AppSpecific: 0
        Data: System.IO.MemoryStream
}
3: Activity [1] "CreateAndSendMsmqMessageActivity" scheduled child activity [1.1] "MainSequence1"
4: Activity [1.1] "MainSequence1" is Executing
{
    Variables
        msmqMessage1: 
}
5: Activity [1.1] "MainSequence1" scheduled child activity [1.9] "CreateMsmqMessage1"
6: Activity [1.9] "CreateMsmqMessage1" is Executing
{
    Arguments
        ResponseQueue: 
        TimeToBeReceived: -00:00:00.0010000
        AcknowledgeType: None
        Recoverable: False
        TimeToReachQueue: -00:00:00.0010000
        Priority: Normal
        BodyStream: System.IO.MemoryStream
        Label: MyMessage
        CorrelationId: 
        Body: 
        AttachSenderId: True
        AppSpecific: 0
        UseDeadLetterQueue: False
        UseTracing: False
        UseJournalQueue: False
        Formatter: 
        AdministrationQueue: 
}
7: Activity [1.9] "CreateMsmqMessage1" is Closed
{
    Arguments
        ResponseQueue: 
        TimeToBeReceived: -00:00:00.0010000
        AcknowledgeType: None
        Recoverable: False
        TimeToReachQueue: -00:00:00.0010000
        Priority: Normal
        BodyStream: System.IO.MemoryStream
        Label: MyMessage
        CorrelationId: 
        Body: 
        AttachSenderId: True
        Result: System.Messaging.Message
        AppSpecific: 0
        UseDeadLetterQueue: False
        UseTracing: False
        UseJournalQueue: False
        Formatter: 
        AdministrationQueue: 
}
8: Activity [1.1] "MainSequence1" scheduled child activity [1.2] "SendMsmqMessage1"
9: Activity [1.2] "SendMsmqMessage1" is Executing
{
    Arguments
        MessageToSend: System.Messaging.Message
        QueueName: .\private$\test
        TransactionType: Automatic
}
10: Activity [1.2] "SendMsmqMessage1" is Closed
{
    Arguments
        MessageToSend: System.Messaging.Message
        QueueName: .\private$\test
        TransactionType: Automatic
}
11: Activity [1.1] "MainSequence1" is Closed
{
    Variables
        msmqMessage1: System.Messaging.Message
}
12: Activity [1] "CreateAndSendMsmqMessageActivity" is Closed
{
    Arguments
        ResponseQueue: 
        TimeToBeReceived: -00:00:00.0010000
        Recoverable: False
        TimeToReachQueue: -00:00:00.0010000
        Priority: Normal
        Label: MyMessage
        QueueName: .\private$\test
        CorrelationId: 
        TransactionType: Automatic
        AppSpecific: 0
        Data: System.IO.MemoryStream
}
13: WorkflowInstance "CreateAndSendMsmqMessageActivity" is Completed
0: WorkflowInstance "CreateAndSendMsmqMessageActivity" is Started
1: Activity [null] "null" scheduled child activity [1] "CreateAndSendMsmqMessageActivity"
2: Activity [1] "CreateAndSendMsmqMessageActivity" is Executing
{
    Arguments
        ResponseQueue: 
        TimeToBeReceived: -00:00:00.0010000
        Recoverable: False
        TimeToReachQueue: -00:00:00.0010000
        Priority: Normal
        Label: MyMessage
        QueueName: .\private$\test
        CorrelationId: 
        TransactionType: Automatic
        AppSpecific: 0
        Data: System.IO.MemoryStream
}
3: Activity [1] "CreateAndSendMsmqMessageActivity" scheduled child activity [1.1] "MainSequence1"
4: Activity [1.1] "MainSequence1" is Executing
{
    Variables
        msmqMessage1: System.Messaging.Message
}
5: Activity [1.1] "MainSequence1" scheduled child activity [1.9] "CreateMsmqMessage1"
6: Activity [1.9] "CreateMsmqMessage1" is Executing
{
    Arguments
        ResponseQueue: 
        TimeToBeReceived: -00:00:00.0010000
        AcknowledgeType: None
        Recoverable: False
        TimeToReachQueue: -00:00:00.0010000
        Priority: Normal
        BodyStream: System.IO.MemoryStream
        Label: MyMessage
        CorrelationId: 
        Body: 
        AttachSenderId: True
        AppSpecific: 0
        UseDeadLetterQueue: False
        UseTracing: False
        UseJournalQueue: False
        Formatter: 
        AdministrationQueue: 
}
7: Activity [1.9] "CreateMsmqMessage1" is Closed
{
    Arguments
        ResponseQueue: 
        TimeToBeReceived: -00:00:00.0010000
        AcknowledgeType: None
        Recoverable: False
        TimeToReachQueue: -00:00:00.0010000
        Priority: Normal
        BodyStream: System.IO.MemoryStream
        Label: MyMessage
        CorrelationId: 
        Body: 
        AttachSenderId: True
        Result: System.Messaging.Message
        AppSpecific: 0
        UseDeadLetterQueue: False
        UseTracing: False
        UseJournalQueue: False
        Formatter: 
        AdministrationQueue: 
}
8: Activity [1.1] "MainSequence1" scheduled child activity [1.2] "SendMsmqMessage1"
9: Activity [1.2] "SendMsmqMessage1" is Executing
{
    Arguments
        MessageToSend: System.Messaging.Message
        QueueName: .\private$\test
        TransactionType: Automatic
}
10: Activity [1.2] "SendMsmqMessage1" is Closed
{
    Arguments
        MessageToSend: System.Messaging.Message
        QueueName: .\private$\test
        TransactionType: Automatic
}
11: Activity [1.1] "MainSequence1" is Closed
{
    Variables
        msmqMessage1: System.Messaging.Message
}
12: Activity [1] "CreateAndSendMsmqMessageActivity" is Closed
{
    Arguments
        ResponseQueue: 
        TimeToBeReceived: -00:00:00.0010000
        Recoverable: False
        TimeToReachQueue: -00:00:00.0010000
        Priority: Normal
        Label: MyMessage
        QueueName: .\private$\test
        CorrelationId: 
        TransactionType: Automatic
        AppSpecific: 0
        Data: System.IO.MemoryStream
}
13: WorkflowInstance "CreateAndSendMsmqMessageActivity" is Completed</StdOut>
      </Output>
    </UnitTestResult>
    <UnitTestResult executionId="7e7ac327-01cf-45d4-8eb8-f443ba9daa5e" testId="7b1b24b5-a9f7-b2f7-2c12-3b58a4a5438c" testName="Invoke_NormalExecution_ExpectedPriorityArgumentUsed" computerName="ICSWS068" duration="00:00:00.0059324" startTime="2016-08-04T09:58:44.5950475+02:00" endTime="2016-08-04T09:58:44.6020694+02:00" testType="13cdc9d9-ddb5-4fa4-a97d-d965ccfc6d4b" outcome="Passed" testListId="8c84fa94-04c1-424b-9868-57a2d4851a1d" relativeResultsDirectory="7e7ac327-01cf-45d4-8eb8-f443ba9daa5e">
      <Output>
        <StdOut>Debug Trace:
0: WorkflowInstance "CreateAndSendMsmqMessageActivity" is Started
1: Activity [null] "null" scheduled child activity [1] "CreateAndSendMsmqMessageActivity"
2: Activity [1] "CreateAndSendMsmqMessageActivity" is Executing
{
    Arguments
        ResponseQueue: 
        TimeToBeReceived: -00:00:00.0010000
        Recoverable: False
        TimeToReachQueue: -00:00:00.0010000
        Priority: Normal
        Label: MyMessage
        QueueName: .\private$\test
        CorrelationId: 
        TransactionType: Automatic
        AppSpecific: 0
        Data: System.IO.MemoryStream
}
3: Activity [1] "CreateAndSendMsmqMessageActivity" scheduled child activity [1.1] "MainSequence1"
4: Activity [1.1] "MainSequence1" is Executing
{
    Variables
        msmqMessage1: 
}
5: Activity [1.1] "MainSequence1" scheduled child activity [1.9] "CreateMsmqMessage1"
6: Activity [1.9] "CreateMsmqMessage1" is Executing
{
    Arguments
        ResponseQueue: 
        TimeToBeReceived: -00:00:00.0010000
        AcknowledgeType: None
        Recoverable: False
        TimeToReachQueue: -00:00:00.0010000
        Priority: Normal
        BodyStream: System.IO.MemoryStream
        Label: MyMessage
        CorrelationId: 
        Body: 
        AttachSenderId: True
        AppSpecific: 0
        UseDeadLetterQueue: False
        UseTracing: False
        UseJournalQueue: False
        Formatter: 
        AdministrationQueue: 
}
7: Activity [1.9] "CreateMsmqMessage1" is Closed
{
    Arguments
        ResponseQueue: 
        TimeToBeReceived: -00:00:00.0010000
        AcknowledgeType: None
        Recoverable: False
        TimeToReachQueue: -00:00:00.0010000
        Priority: Normal
        BodyStream: System.IO.MemoryStream
        Label: MyMessage
        CorrelationId: 
        Body: 
        AttachSenderId: True
        Result: System.Messaging.Message
        AppSpecific: 0
        UseDeadLetterQueue: False
        UseTracing: False
        UseJournalQueue: False
        Formatter: 
        AdministrationQueue: 
}
8: Activity [1.1] "MainSequence1" scheduled child activity [1.2] "SendMsmqMessage1"
9: Activity [1.2] "SendMsmqMessage1" is Executing
{
    Arguments
        MessageToSend: System.Messaging.Message
        QueueName: .\private$\test
        TransactionType: Automatic
}
10: Activity [1.2] "SendMsmqMessage1" is Closed
{
    Arguments
        MessageToSend: System.Messaging.Message
        QueueName: .\private$\test
        TransactionType: Automatic
}
11: Activity [1.1] "MainSequence1" is Closed
{
    Variables
        msmqMessage1: System.Messaging.Message
}
12: Activity [1] "CreateAndSendMsmqMessageActivity" is Closed
{
    Arguments
        ResponseQueue: 
        TimeToBeReceived: -00:00:00.0010000
        Recoverable: False
        TimeToReachQueue: -00:00:00.0010000
        Priority: Normal
        Label: MyMessage
        QueueName: .\private$\test
        CorrelationId: 
        TransactionType: Automatic
        AppSpecific: 0
        Data: System.IO.MemoryStream
}
13: WorkflowInstance "CreateAndSendMsmqMessageActivity" is Completed
0: WorkflowInstance "CreateAndSendMsmqMessageActivity" is Started
1: Activity [null] "null" scheduled child activity [1] "CreateAndSendMsmqMessageActivity"
2: Activity [1] "CreateAndSendMsmqMessageActivity" is Executing
{
    Arguments
        ResponseQueue: 
        TimeToBeReceived: -00:00:00.0010000
        Recoverable: False
        TimeToReachQueue: -00:00:00.0010000
        Priority: Normal
        Label: MyMessage
        QueueName: .\private$\test
        CorrelationId: 
        TransactionType: Automatic
        AppSpecific: 0
        Data: System.IO.MemoryStream
}
3: Activity [1] "CreateAndSendMsmqMessageActivity" scheduled child activity [1.1] "MainSequence1"
4: Activity [1.1] "MainSequence1" is Executing
{
    Variables
        msmqMessage1: System.Messaging.Message
}
5: Activity [1.1] "MainSequence1" scheduled child activity [1.9] "CreateMsmqMessage1"
6: Activity [1.9] "CreateMsmqMessage1" is Executing
{
    Arguments
        ResponseQueue: 
        TimeToBeReceived: -00:00:00.0010000
        AcknowledgeType: None
        Recoverable: False
        TimeToReachQueue: -00:00:00.0010000
        Priority: Normal
        BodyStream: System.IO.MemoryStream
        Label: MyMessage
        CorrelationId: 
        Body: 
        AttachSenderId: True
        AppSpecific: 0
        UseDeadLetterQueue: False
        UseTracing: False
        UseJournalQueue: False
        Formatter: 
        AdministrationQueue: 
}
7: Activity [1.9] "CreateMsmqMessage1" is Closed
{
    Arguments
        ResponseQueue: 
        TimeToBeReceived: -00:00:00.0010000
        AcknowledgeType: None
        Recoverable: False
        TimeToReachQueue: -00:00:00.0010000
        Priority: Normal
        BodyStream: System.IO.MemoryStream
        Label: MyMessage
        CorrelationId: 
        Body: 
        AttachSenderId: True
        Result: System.Messaging.Message
        AppSpecific: 0
        UseDeadLetterQueue: False
        UseTracing: False
        UseJournalQueue: False
        Formatter: 
        AdministrationQueue: 
}
8: Activity [1.1] "MainSequence1" scheduled child activity [1.2] "SendMsmqMessage1"
9: Activity [1.2] "SendMsmqMessage1" is Executing
{
    Arguments
        MessageToSend: System.Messaging.Message
        QueueName: .\private$\test
        TransactionType: Automatic
}
10: Activity [1.2] "SendMsmqMessage1" is Closed
{
    Arguments
        MessageToSend: System.Messaging.Message
        QueueName: .\private$\test
        TransactionType: Automatic
}
11: Activity [1.1] "MainSequence1" is Closed
{
    Variables
        msmqMessage1: System.Messaging.Message
}
12: Activity [1] "CreateAndSendMsmqMessageActivity" is Closed
{
    Arguments
        ResponseQueue: 
        TimeToBeReceived: -00:00:00.0010000
        Recoverable: False
        TimeToReachQueue: -00:00:00.0010000
        Priority: Normal
        Label: MyMessage
        QueueName: .\private$\test
        CorrelationId: 
        TransactionType: Automatic
        AppSpecific: 0
        Data: System.IO.MemoryStream
}
13: WorkflowInstance "CreateAndSendMsmqMessageActivity" is Completed</StdOut>
      </Output>
    </UnitTestResult>
    <UnitTestResult executionId="37fb2769-f497-4377-aa2a-5e46819263dd" testId="deaeeb7d-2092-8c55-4edc-b671b27e07b9" testName="Invoke_NormalExecution_ExpectedResponseQueueArgumentUsed" computerName="ICSWS068" duration="00:00:00.0084948" startTime="2016-08-04T09:58:44.6050022+02:00" endTime="2016-08-04T09:58:44.6145272+02:00" testType="13cdc9d9-ddb5-4fa4-a97d-d965ccfc6d4b" outcome="Passed" testListId="8c84fa94-04c1-424b-9868-57a2d4851a1d" relativeResultsDirectory="37fb2769-f497-4377-aa2a-5e46819263dd">
      <Output>
        <StdOut>Debug Trace:
0: WorkflowInstance "CreateAndSendMsmqMessageActivity" is Started
1: Activity [null] "null" scheduled child activity [1] "CreateAndSendMsmqMessageActivity"
2: Activity [1] "CreateAndSendMsmqMessageActivity" is Executing
{
    Arguments
        ResponseQueue: .\private$\test_r
        TimeToBeReceived: -00:00:00.0010000
        Recoverable: False
        TimeToReachQueue: -00:00:00.0010000
        Priority: Normal
        Label: MyMessage
        QueueName: .\private$\test
        CorrelationId: 
        TransactionType: Automatic
        AppSpecific: 0
        Data: System.IO.MemoryStream
}
3: Activity [1] "CreateAndSendMsmqMessageActivity" scheduled child activity [1.1] "MainSequence1"
4: Activity [1.1] "MainSequence1" is Executing
{
    Variables
        msmqMessage1: 
}
5: Activity [1.1] "MainSequence1" scheduled child activity [1.9] "CreateMsmqMessage1"
6: Activity [1.9] "CreateMsmqMessage1" is Executing
{
    Arguments
        ResponseQueue: .\private$\test_r
        TimeToBeReceived: -00:00:00.0010000
        AcknowledgeType: None
        Recoverable: False
        TimeToReachQueue: -00:00:00.0010000
        Priority: Normal
        BodyStream: System.IO.MemoryStream
        Label: MyMessage
        CorrelationId: 
        Body: 
        AttachSenderId: True
        AppSpecific: 0
        UseDeadLetterQueue: False
        UseTracing: False
        UseJournalQueue: False
        Formatter: 
        AdministrationQueue: 
}
7: Activity [1.9] "CreateMsmqMessage1" is Closed
{
    Arguments
        ResponseQueue: .\private$\test_r
        TimeToBeReceived: -00:00:00.0010000
        AcknowledgeType: None
        Recoverable: False
        TimeToReachQueue: -00:00:00.0010000
        Priority: Normal
        BodyStream: System.IO.MemoryStream
        Label: MyMessage
        CorrelationId: 
        Body: 
        AttachSenderId: True
        Result: System.Messaging.Message
        AppSpecific: 0
        UseDeadLetterQueue: False
        UseTracing: False
        UseJournalQueue: False
        Formatter: 
        AdministrationQueue: 
}
8: Activity [1.1] "MainSequence1" scheduled child activity [1.2] "SendMsmqMessage1"
9: Activity [1.2] "SendMsmqMessage1" is Executing
{
    Arguments
        MessageToSend: System.Messaging.Message
        QueueName: .\private$\test
        TransactionType: Automatic
}
10: Activity [1.2] "SendMsmqMessage1" is Closed
{
    Arguments
        MessageToSend: System.Messaging.Message
        QueueName: .\private$\test
        TransactionType: Automatic
}
11: Activity [1.1] "MainSequence1" is Closed
{
    Variables
        msmqMessage1: System.Messaging.Message
}
12: Activity [1] "CreateAndSendMsmqMessageActivity" is Closed
{
    Arguments
        ResponseQueue: .\private$\test_r
        TimeToBeReceived: -00:00:00.0010000
        Recoverable: False
        TimeToReachQueue: -00:00:00.0010000
        Priority: Normal
        Label: MyMessage
        QueueName: .\private$\test
        CorrelationId: 
        TransactionType: Automatic
        AppSpecific: 0
        Data: System.IO.MemoryStream
}
13: WorkflowInstance "CreateAndSendMsmqMessageActivity" is Completed
0: WorkflowInstance "CreateAndSendMsmqMessageActivity" is Started
1: Activity [null] "null" scheduled child activity [1] "CreateAndSendMsmqMessageActivity"
2: Activity [1] "CreateAndSendMsmqMessageActivity" is Executing
{
    Arguments
        ResponseQueue: .\private$\test_r
        TimeToBeReceived: -00:00:00.0010000
        Recoverable: False
        TimeToReachQueue: -00:00:00.0010000
        Priority: Normal
        Label: MyMessage
        QueueName: .\private$\test
        CorrelationId: 
        TransactionType: Automatic
        AppSpecific: 0
        Data: System.IO.MemoryStream
}
3: Activity [1] "CreateAndSendMsmqMessageActivity" scheduled child activity [1.1] "MainSequence1"
4: Activity [1.1] "MainSequence1" is Executing
{
    Variables
        msmqMessage1: System.Messaging.Message
}
5: Activity [1.1] "MainSequence1" scheduled child activity [1.9] "CreateMsmqMessage1"
6: Activity [1.9] "CreateMsmqMessage1" is Executing
{
    Arguments
        ResponseQueue: .\private$\test_r
        TimeToBeReceived: -00:00:00.0010000
        AcknowledgeType: None
        Recoverable: False
        TimeToReachQueue: -00:00:00.0010000
        Priority: Normal
        BodyStream: System.IO.MemoryStream
        Label: MyMessage
        CorrelationId: 
        Body: 
        AttachSenderId: True
        AppSpecific: 0
        UseDeadLetterQueue: False
        UseTracing: False
        UseJournalQueue: False
        Formatter: 
        AdministrationQueue: 
}
7: Activity [1.9] "CreateMsmqMessage1" is Closed
{
    Arguments
        ResponseQueue: .\private$\test_r
        TimeToBeReceived: -00:00:00.0010000
        AcknowledgeType: None
        Recoverable: False
        TimeToReachQueue: -00:00:00.0010000
        Priority: Normal
        BodyStream: System.IO.MemoryStream
        Label: MyMessage
        CorrelationId: 
        Body: 
        AttachSenderId: True
        Result: System.Messaging.Message
        AppSpecific: 0
        UseDeadLetterQueue: False
        UseTracing: False
        UseJournalQueue: False
        Formatter: 
        AdministrationQueue: 
}
8: Activity [1.1] "MainSequence1" scheduled child activity [1.2] "SendMsmqMessage1"
9: Activity [1.2] "SendMsmqMessage1" is Executing
{
    Arguments
        MessageToSend: System.Messaging.Message
        QueueName: .\private$\test
        TransactionType: Automatic
}
10: Activity [1.2] "SendMsmqMessage1" is Closed
{
    Arguments
        MessageToSend: System.Messaging.Message
        QueueName: .\private$\test
        TransactionType: Automatic
}
11: Activity [1.1] "MainSequence1" is Closed
{
    Variables
        msmqMessage1: System.Messaging.Message
}
12: Activity [1] "CreateAndSendMsmqMessageActivity" is Closed
{
    Arguments
        ResponseQueue: .\private$\test_r
        TimeToBeReceived: -00:00:00.0010000
        Recoverable: False
        TimeToReachQueue: -00:00:00.0010000
        Priority: Normal
        Label: MyMessage
        QueueName: .\private$\test
        CorrelationId: 
        TransactionType: Automatic
        AppSpecific: 0
        Data: System.IO.MemoryStream
}
13: WorkflowInstance "CreateAndSendMsmqMessageActivity" is Completed</StdOut>
      </Output>
    </UnitTestResult>
    <UnitTestResult executionId="dd41ce00-ed3e-438b-b9ed-1ad56c69fa37" testId="63b433ae-df81-96c3-f65e-c0855f087039" testName="Invoke_NormalExecution_ExpectedCorrelationIdArgumentUsed" computerName="ICSWS068" duration="00:00:00.0058734" startTime="2016-08-04T09:58:44.6190148+02:00" endTime="2016-08-04T09:58:44.6265203+02:00" testType="13cdc9d9-ddb5-4fa4-a97d-d965ccfc6d4b" outcome="Passed" testListId="8c84fa94-04c1-424b-9868-57a2d4851a1d" relativeResultsDirectory="dd41ce00-ed3e-438b-b9ed-1ad56c69fa37">
      <Output>
        <StdOut>Debug Trace:
0: WorkflowInstance "CreateAndSendMsmqMessageActivity" is Started
1: Activity [null] "null" scheduled child activity [1] "CreateAndSendMsmqMessageActivity"
2: Activity [1] "CreateAndSendMsmqMessageActivity" is Executing
{
    Arguments
        ResponseQueue: 
        TimeToBeReceived: -00:00:00.0010000
        Recoverable: False
        TimeToReachQueue: -00:00:00.0010000
        Priority: Normal
        Label: MyMessage
        QueueName: .\private$\test
        CorrelationId: bbf8e9df-a12d-4f79-b219-cac514487271\11
        TransactionType: Automatic
        AppSpecific: 0
        Data: System.IO.MemoryStream
}
3: Activity [1] "CreateAndSendMsmqMessageActivity" scheduled child activity [1.1] "MainSequence1"
4: Activity [1.1] "MainSequence1" is Executing
{
    Variables
        msmqMessage1: 
}
5: Activity [1.1] "MainSequence1" scheduled child activity [1.9] "CreateMsmqMessage1"
6: Activity [1.9] "CreateMsmqMessage1" is Executing
{
    Arguments
        ResponseQueue: 
        TimeToBeReceived: -00:00:00.0010000
        AcknowledgeType: None
        Recoverable: False
        TimeToReachQueue: -00:00:00.0010000
        Priority: Normal
        BodyStream: System.IO.MemoryStream
        Label: MyMessage
        CorrelationId: bbf8e9df-a12d-4f79-b219-cac514487271\11
        Body: 
        AttachSenderId: True
        AppSpecific: 0
        UseDeadLetterQueue: False
        UseTracing: False
        UseJournalQueue: False
        Formatter: 
        AdministrationQueue: 
}
7: Activity [1.9] "CreateMsmqMessage1" is Closed
{
    Arguments
        ResponseQueue: 
        TimeToBeReceived: -00:00:00.0010000
        AcknowledgeType: None
        Recoverable: False
        TimeToReachQueue: -00:00:00.0010000
        Priority: Normal
        BodyStream: System.IO.MemoryStream
        Label: MyMessage
        CorrelationId: bbf8e9df-a12d-4f79-b219-cac514487271\11
        Body: 
        AttachSenderId: True
        Result: System.Messaging.Message
        AppSpecific: 0
        UseDeadLetterQueue: False
        UseTracing: False
        UseJournalQueue: False
        Formatter: 
        AdministrationQueue: 
}
8: Activity [1.1] "MainSequence1" scheduled child activity [1.2] "SendMsmqMessage1"
9: Activity [1.2] "SendMsmqMessage1" is Executing
{
    Arguments
        MessageToSend: System.Messaging.Message
        QueueName: .\private$\test
        TransactionType: Automatic
}
10: Activity [1.2] "SendMsmqMessage1" is Closed
{
    Arguments
        MessageToSend: System.Messaging.Message
        QueueName: .\private$\test
        TransactionType: Automatic
}
11: Activity [1.1] "MainSequence1" is Closed
{
    Variables
        msmqMessage1: System.Messaging.Message
}
12: Activity [1] "CreateAndSendMsmqMessageActivity" is Closed
{
    Arguments
        ResponseQueue: 
        TimeToBeReceived: -00:00:00.0010000
        Recoverable: False
        TimeToReachQueue: -00:00:00.0010000
        Priority: Normal
        Label: MyMessage
        QueueName: .\private$\test
        CorrelationId: bbf8e9df-a12d-4f79-b219-cac514487271\11
        TransactionType: Automatic
        AppSpecific: 0
        Data: System.IO.MemoryStream
}
13: WorkflowInstance "CreateAndSendMsmqMessageActivity" is Completed
0: WorkflowInstance "CreateAndSendMsmqMessageActivity" is Started
1: Activity [null] "null" scheduled child activity [1] "CreateAndSendMsmqMessageActivity"
2: Activity [1] "CreateAndSendMsmqMessageActivity" is Executing
{
    Arguments
        ResponseQueue: 
        TimeToBeReceived: -00:00:00.0010000
        Recoverable: False
        TimeToReachQueue: -00:00:00.0010000
        Priority: Normal
        Label: MyMessage
        QueueName: .\private$\test
        CorrelationId: bbf8e9df-a12d-4f79-b219-cac514487271\11
        TransactionType: Automatic
        AppSpecific: 0
        Data: System.IO.MemoryStream
}
3: Activity [1] "CreateAndSendMsmqMessageActivity" scheduled child activity [1.1] "MainSequence1"
4: Activity [1.1] "MainSequence1" is Executing
{
    Variables
        msmqMessage1: System.Messaging.Message
}
5: Activity [1.1] "MainSequence1" scheduled child activity [1.9] "CreateMsmqMessage1"
6: Activity [1.9] "CreateMsmqMessage1" is Executing
{
    Arguments
        ResponseQueue: 
        TimeToBeReceived: -00:00:00.0010000
        AcknowledgeType: None
        Recoverable: False
        TimeToReachQueue: -00:00:00.0010000
        Priority: Normal
        BodyStream: System.IO.MemoryStream
        Label: MyMessage
        CorrelationId: bbf8e9df-a12d-4f79-b219-cac514487271\11
        Body: 
        AttachSenderId: True
        AppSpecific: 0
        UseDeadLetterQueue: False
        UseTracing: False
        UseJournalQueue: False
        Formatter: 
        AdministrationQueue: 
}
7: Activity [1.9] "CreateMsmqMessage1" is Closed
{
    Arguments
        ResponseQueue: 
        TimeToBeReceived: -00:00:00.0010000
        AcknowledgeType: None
        Recoverable: False
        TimeToReachQueue: -00:00:00.0010000
        Priority: Normal
        BodyStream: System.IO.MemoryStream
        Label: MyMessage
        CorrelationId: bbf8e9df-a12d-4f79-b219-cac514487271\11
        Body: 
        AttachSenderId: True
        Result: System.Messaging.Message
        AppSpecific: 0
        UseDeadLetterQueue: False
        UseTracing: False
        UseJournalQueue: False
        Formatter: 
        AdministrationQueue: 
}
8: Activity [1.1] "MainSequence1" scheduled child activity [1.2] "SendMsmqMessage1"
9: Activity [1.2] "SendMsmqMessage1" is Executing
{
    Arguments
        MessageToSend: System.Messaging.Message
        QueueName: .\private$\test
        TransactionType: Automatic
}
10: Activity [1.2] "SendMsmqMessage1" is Closed
{
    Arguments
        MessageToSend: System.Messaging.Message
        QueueName: .\private$\test
        TransactionType: Automatic
}
11: Activity [1.1] "MainSequence1" is Closed
{
    Variables
        msmqMessage1: System.Messaging.Message
}
12: Activity [1] "CreateAndSendMsmqMessageActivity" is Closed
{
    Arguments
        ResponseQueue: 
        TimeToBeReceived: -00:00:00.0010000
        Recoverable: False
        TimeToReachQueue: -00:00:00.0010000
        Priority: Normal
        Label: MyMessage
        QueueName: .\private$\test
        CorrelationId: bbf8e9df-a12d-4f79-b219-cac514487271\11
        TransactionType: Automatic
        AppSpecific: 0
        Data: System.IO.MemoryStream
}
13: WorkflowInstance "CreateAndSendMsmqMessageActivity" is Completed</StdOut>
      </Output>
    </UnitTestResult>
    <UnitTestResult executionId="b33f0118-16d1-47ee-8de3-860bb5902ec1" testId="2614f8f4-0d69-051c-9c93-3770f7dcf65c" testName="Invoke_NormalExecution_ExpectedQueueNameArgumentUsed" computerName="ICSWS068" duration="00:00:00.0057541" startTime="2016-08-04T09:58:44.6290220+02:00" endTime="2016-08-04T09:58:44.6365441+02:00" testType="13cdc9d9-ddb5-4fa4-a97d-d965ccfc6d4b" outcome="Passed" testListId="8c84fa94-04c1-424b-9868-57a2d4851a1d" relativeResultsDirectory="b33f0118-16d1-47ee-8de3-860bb5902ec1">
      <Output>
        <StdOut>Debug Trace:
0: WorkflowInstance "CreateAndSendMsmqMessageActivity" is Started
1: Activity [null] "null" scheduled child activity [1] "CreateAndSendMsmqMessageActivity"
2: Activity [1] "CreateAndSendMsmqMessageActivity" is Executing
{
    Arguments
        ResponseQueue: 
        TimeToBeReceived: -00:00:00.0010000
        Recoverable: False
        TimeToReachQueue: -00:00:00.0010000
        Priority: Normal
        Label: MyMessage
        QueueName: .\private$\test
        CorrelationId: 
        TransactionType: Automatic
        AppSpecific: 0
        Data: System.IO.MemoryStream
}
3: Activity [1] "CreateAndSendMsmqMessageActivity" scheduled child activity [1.1] "MainSequence1"
4: Activity [1.1] "MainSequence1" is Executing
{
    Variables
        msmqMessage1: 
}
5: Activity [1.1] "MainSequence1" scheduled child activity [1.9] "CreateMsmqMessage1"
6: Activity [1.9] "CreateMsmqMessage1" is Executing
{
    Arguments
        ResponseQueue: 
        TimeToBeReceived: -00:00:00.0010000
        AcknowledgeType: None
        Recoverable: False
        TimeToReachQueue: -00:00:00.0010000
        Priority: Normal
        BodyStream: System.IO.MemoryStream
        Label: MyMessage
        CorrelationId: 
        Body: 
        AttachSenderId: True
        AppSpecific: 0
        UseDeadLetterQueue: False
        UseTracing: False
        UseJournalQueue: False
        Formatter: 
        AdministrationQueue: 
}
7: Activity [1.9] "CreateMsmqMessage1" is Closed
{
    Arguments
        ResponseQueue: 
        TimeToBeReceived: -00:00:00.0010000
        AcknowledgeType: None
        Recoverable: False
        TimeToReachQueue: -00:00:00.0010000
        Priority: Normal
        BodyStream: System.IO.MemoryStream
        Label: MyMessage
        CorrelationId: 
        Body: 
        AttachSenderId: True
        Result: System.Messaging.Message
        AppSpecific: 0
        UseDeadLetterQueue: False
        UseTracing: False
        UseJournalQueue: False
        Formatter: 
        AdministrationQueue: 
}
8: Activity [1.1] "MainSequence1" scheduled child activity [1.2] "SendMsmqMessage1"
9: Activity [1.2] "SendMsmqMessage1" is Executing
{
    Arguments
        MessageToSend: System.Messaging.Message
        QueueName: .\private$\test
        TransactionType: Automatic
}
10: Activity [1.2] "SendMsmqMessage1" is Closed
{
    Arguments
        MessageToSend: System.Messaging.Message
        QueueName: .\private$\test
        TransactionType: Automatic
}
11: Activity [1.1] "MainSequence1" is Closed
{
    Variables
        msmqMessage1: System.Messaging.Message
}
12: Activity [1] "CreateAndSendMsmqMessageActivity" is Closed
{
    Arguments
        ResponseQueue: 
        TimeToBeReceived: -00:00:00.0010000
        Recoverable: False
        TimeToReachQueue: -00:00:00.0010000
        Priority: Normal
        Label: MyMessage
        QueueName: .\private$\test
        CorrelationId: 
        TransactionType: Automatic
        AppSpecific: 0
        Data: System.IO.MemoryStream
}
13: WorkflowInstance "CreateAndSendMsmqMessageActivity" is Completed
0: WorkflowInstance "CreateAndSendMsmqMessageActivity" is Started
1: Activity [null] "null" scheduled child activity [1] "CreateAndSendMsmqMessageActivity"
2: Activity [1] "CreateAndSendMsmqMessageActivity" is Executing
{
    Arguments
        ResponseQueue: 
        TimeToBeReceived: -00:00:00.0010000
        Recoverable: False
        TimeToReachQueue: -00:00:00.0010000
        Priority: Normal
        Label: MyMessage
        QueueName: .\private$\test
        CorrelationId: 
        TransactionType: Automatic
        AppSpecific: 0
        Data: System.IO.MemoryStream
}
3: Activity [1] "CreateAndSendMsmqMessageActivity" scheduled child activity [1.1] "MainSequence1"
4: Activity [1.1] "MainSequence1" is Executing
{
    Variables
        msmqMessage1: System.Messaging.Message
}
5: Activity [1.1] "MainSequence1" scheduled child activity [1.9] "CreateMsmqMessage1"
6: Activity [1.9] "CreateMsmqMessage1" is Executing
{
    Arguments
        ResponseQueue: 
        TimeToBeReceived: -00:00:00.0010000
        AcknowledgeType: None
        Recoverable: False
        TimeToReachQueue: -00:00:00.0010000
        Priority: Normal
        BodyStream: System.IO.MemoryStream
        Label: MyMessage
        CorrelationId: 
        Body: 
        AttachSenderId: True
        AppSpecific: 0
        UseDeadLetterQueue: False
        UseTracing: False
        UseJournalQueue: False
        Formatter: 
        AdministrationQueue: 
}
7: Activity [1.9] "CreateMsmqMessage1" is Closed
{
    Arguments
        ResponseQueue: 
        TimeToBeReceived: -00:00:00.0010000
        AcknowledgeType: None
        Recoverable: False
        TimeToReachQueue: -00:00:00.0010000
        Priority: Normal
        BodyStream: System.IO.MemoryStream
        Label: MyMessage
        CorrelationId: 
        Body: 
        AttachSenderId: True
        Result: System.Messaging.Message
        AppSpecific: 0
        UseDeadLetterQueue: False
        UseTracing: False
        UseJournalQueue: False
        Formatter: 
        AdministrationQueue: 
}
8: Activity [1.1] "MainSequence1" scheduled child activity [1.2] "SendMsmqMessage1"
9: Activity [1.2] "SendMsmqMessage1" is Executing
{
    Arguments
        MessageToSend: System.Messaging.Message
        QueueName: .\private$\test
        TransactionType: Automatic
}
10: Activity [1.2] "SendMsmqMessage1" is Closed
{
    Arguments
        MessageToSend: System.Messaging.Message
        QueueName: .\private$\test
        TransactionType: Automatic
}
11: Activity [1.1] "MainSequence1" is Closed
{
    Variables
        msmqMessage1: System.Messaging.Message
}
12: Activity [1] "CreateAndSendMsmqMessageActivity" is Closed
{
    Arguments
        ResponseQueue: 
        TimeToBeReceived: -00:00:00.0010000
        Recoverable: False
        TimeToReachQueue: -00:00:00.0010000
        Priority: Normal
        Label: MyMessage
        QueueName: .\private$\test
        CorrelationId: 
        TransactionType: Automatic
        AppSpecific: 0
        Data: System.IO.MemoryStream
}
13: WorkflowInstance "CreateAndSendMsmqMessageActivity" is Completed</StdOut>
      </Output>
    </UnitTestResult>
    <UnitTestResult executionId="cd387962-6162-444d-b080-5be59a809333" testId="addef208-10f9-5392-f412-72545109c498" testName="Invoke_NormalExecution_ExpectedTransactionTypeArgumentUsed" computerName="ICSWS068" duration="00:00:00.0060373" startTime="2016-08-04T09:58:44.6390465+02:00" endTime="2016-08-04T09:58:44.6466569+02:00" testType="13cdc9d9-ddb5-4fa4-a97d-d965ccfc6d4b" outcome="Passed" testListId="8c84fa94-04c1-424b-9868-57a2d4851a1d" relativeResultsDirectory="cd387962-6162-444d-b080-5be59a809333">
      <Output>
        <StdOut>Debug Trace:
0: WorkflowInstance "CreateAndSendMsmqMessageActivity" is Started
1: Activity [null] "null" scheduled child activity [1] "CreateAndSendMsmqMessageActivity"
2: Activity [1] "CreateAndSendMsmqMessageActivity" is Executing
{
    Arguments
        ResponseQueue: 
        TimeToBeReceived: -00:00:00.0010000
        Recoverable: False
        TimeToReachQueue: -00:00:00.0010000
        Priority: Normal
        Label: MyMessage
        QueueName: .\private$\test
        CorrelationId: 
        TransactionType: Automatic
        AppSpecific: 0
        Data: System.IO.MemoryStream
}
3: Activity [1] "CreateAndSendMsmqMessageActivity" scheduled child activity [1.1] "MainSequence1"
4: Activity [1.1] "MainSequence1" is Executing
{
    Variables
        msmqMessage1: 
}
5: Activity [1.1] "MainSequence1" scheduled child activity [1.9] "CreateMsmqMessage1"
6: Activity [1.9] "CreateMsmqMessage1" is Executing
{
    Arguments
        ResponseQueue: 
        TimeToBeReceived: -00:00:00.0010000
        AcknowledgeType: None
        Recoverable: False
        TimeToReachQueue: -00:00:00.0010000
        Priority: Normal
        BodyStream: System.IO.MemoryStream
        Label: MyMessage
        CorrelationId: 
        Body: 
        AttachSenderId: True
        AppSpecific: 0
        UseDeadLetterQueue: False
        UseTracing: False
        UseJournalQueue: False
        Formatter: 
        AdministrationQueue: 
}
7: Activity [1.9] "CreateMsmqMessage1" is Closed
{
    Arguments
        ResponseQueue: 
        TimeToBeReceived: -00:00:00.0010000
        AcknowledgeType: None
        Recoverable: False
        TimeToReachQueue: -00:00:00.0010000
        Priority: Normal
        BodyStream: System.IO.MemoryStream
        Label: MyMessage
        CorrelationId: 
        Body: 
        AttachSenderId: True
        Result: System.Messaging.Message
        AppSpecific: 0
        UseDeadLetterQueue: False
        UseTracing: False
        UseJournalQueue: False
        Formatter: 
        AdministrationQueue: 
}
8: Activity [1.1] "MainSequence1" scheduled child activity [1.2] "SendMsmqMessage1"
9: Activity [1.2] "SendMsmqMessage1" is Executing
{
    Arguments
        MessageToSend: System.Messaging.Message
        QueueName: .\private$\test
        TransactionType: Automatic
}
10: Activity [1.2] "SendMsmqMessage1" is Closed
{
    Arguments
        MessageToSend: System.Messaging.Message
        QueueName: .\private$\test
        TransactionType: Automatic
}
11: Activity [1.1] "MainSequence1" is Closed
{
    Variables
        msmqMessage1: System.Messaging.Message
}
12: Activity [1] "CreateAndSendMsmqMessageActivity" is Closed
{
    Arguments
        ResponseQueue: 
        TimeToBeReceived: -00:00:00.0010000
        Recoverable: False
        TimeToReachQueue: -00:00:00.0010000
        Priority: Normal
        Label: MyMessage
        QueueName: .\private$\test
        CorrelationId: 
        TransactionType: Automatic
        AppSpecific: 0
        Data: System.IO.MemoryStream
}
13: WorkflowInstance "CreateAndSendMsmqMessageActivity" is Completed
0: WorkflowInstance "CreateAndSendMsmqMessageActivity" is Started
1: Activity [null] "null" scheduled child activity [1] "CreateAndSendMsmqMessageActivity"
2: Activity [1] "CreateAndSendMsmqMessageActivity" is Executing
{
    Arguments
        ResponseQueue: 
        TimeToBeReceived: -00:00:00.0010000
        Recoverable: False
        TimeToReachQueue: -00:00:00.0010000
        Priority: Normal
        Label: MyMessage
        QueueName: .\private$\test
        CorrelationId: 
        TransactionType: Automatic
        AppSpecific: 0
        Data: System.IO.MemoryStream
}
3: Activity [1] "CreateAndSendMsmqMessageActivity" scheduled child activity [1.1] "MainSequence1"
4: Activity [1.1] "MainSequence1" is Executing
{
    Variables
        msmqMessage1: System.Messaging.Message
}
5: Activity [1.1] "MainSequence1" scheduled child activity [1.9] "CreateMsmqMessage1"
6: Activity [1.9] "CreateMsmqMessage1" is Executing
{
    Arguments
        ResponseQueue: 
        TimeToBeReceived: -00:00:00.0010000
        AcknowledgeType: None
        Recoverable: False
        TimeToReachQueue: -00:00:00.0010000
        Priority: Normal
        BodyStream: System.IO.MemoryStream
        Label: MyMessage
        CorrelationId: 
        Body: 
        AttachSenderId: True
        AppSpecific: 0
        UseDeadLetterQueue: False
        UseTracing: False
        UseJournalQueue: False
        Formatter: 
        AdministrationQueue: 
}
7: Activity [1.9] "CreateMsmqMessage1" is Closed
{
    Arguments
        ResponseQueue: 
        TimeToBeReceived: -00:00:00.0010000
        AcknowledgeType: None
        Recoverable: False
        TimeToReachQueue: -00:00:00.0010000
        Priority: Normal
        BodyStream: System.IO.MemoryStream
        Label: MyMessage
        CorrelationId: 
        Body: 
        AttachSenderId: True
        Result: System.Messaging.Message
        AppSpecific: 0
        UseDeadLetterQueue: False
        UseTracing: False
        UseJournalQueue: False
        Formatter: 
        AdministrationQueue: 
}
8: Activity [1.1] "MainSequence1" scheduled child activity [1.2] "SendMsmqMessage1"
9: Activity [1.2] "SendMsmqMessage1" is Executing
{
    Arguments
        MessageToSend: System.Messaging.Message
        QueueName: .\private$\test
        TransactionType: Automatic
}
10: Activity [1.2] "SendMsmqMessage1" is Closed
{
    Arguments
        MessageToSend: System.Messaging.Message
        QueueName: .\private$\test
        TransactionType: Automatic
}
11: Activity [1.1] "MainSequence1" is Closed
{
    Variables
        msmqMessage1: System.Messaging.Message
}
12: Activity [1] "CreateAndSendMsmqMessageActivity" is Closed
{
    Arguments
        ResponseQueue: 
        TimeToBeReceived: -00:00:00.0010000
        Recoverable: False
        TimeToReachQueue: -00:00:00.0010000
        Priority: Normal
        Label: MyMessage
        QueueName: .\private$\test
        CorrelationId: 
        TransactionType: Automatic
        AppSpecific: 0
        Data: System.IO.MemoryStream
}
13: WorkflowInstance "CreateAndSendMsmqMessageActivity" is Completed</StdOut>
      </Output>
    </UnitTestResult>
    <UnitTestResult executionId="f31f45f7-827e-47f4-9ce6-761c00469bac" testId="084c72e5-171f-fc42-c188-9251fe6094f0" testName="Invoke_ExamineActivityOrder_CreateMsmqMessageIsBeforeSendMsmqMessage" computerName="ICSWS068" duration="00:00:00.0056033" startTime="2016-08-04T09:58:44.6491765+02:00" endTime="2016-08-04T09:58:44.6561819+02:00" testType="13cdc9d9-ddb5-4fa4-a97d-d965ccfc6d4b" outcome="Passed" testListId="8c84fa94-04c1-424b-9868-57a2d4851a1d" relativeResultsDirectory="f31f45f7-827e-47f4-9ce6-761c00469bac">
      <Output>
        <StdOut>Debug Trace:
0: WorkflowInstance "CreateAndSendMsmqMessageActivity" is Started
1: Activity [null] "null" scheduled child activity [1] "CreateAndSendMsmqMessageActivity"
2: Activity [1] "CreateAndSendMsmqMessageActivity" is Executing
{
    Arguments
        ResponseQueue: 
        TimeToBeReceived: -00:00:00.0010000
        Recoverable: False
        TimeToReachQueue: -00:00:00.0010000
        Priority: Normal
        Label: MyMessage
        QueueName: .\private$\test
        CorrelationId: 
        TransactionType: Automatic
        AppSpecific: 0
        Data: System.IO.MemoryStream
}
3: Activity [1] "CreateAndSendMsmqMessageActivity" scheduled child activity [1.1] "MainSequence1"
4: Activity [1.1] "MainSequence1" is Executing
{
    Variables
        msmqMessage1: 
}
5: Activity [1.1] "MainSequence1" scheduled child activity [1.9] "CreateMsmqMessage1"
6: Activity [1.9] "CreateMsmqMessage1" is Executing
{
    Arguments
        ResponseQueue: 
        TimeToBeReceived: -00:00:00.0010000
        AcknowledgeType: None
        Recoverable: False
        TimeToReachQueue: -00:00:00.0010000
        Priority: Normal
        BodyStream: System.IO.MemoryStream
        Label: MyMessage
        CorrelationId: 
        Body: 
        AttachSenderId: True
        AppSpecific: 0
        UseDeadLetterQueue: False
        UseTracing: False
        UseJournalQueue: False
        Formatter: 
        AdministrationQueue: 
}
7: Activity [1.9] "CreateMsmqMessage1" is Closed
{
    Arguments
        ResponseQueue: 
        TimeToBeReceived: -00:00:00.0010000
        AcknowledgeType: None
        Recoverable: False
        TimeToReachQueue: -00:00:00.0010000
        Priority: Normal
        BodyStream: System.IO.MemoryStream
        Label: MyMessage
        CorrelationId: 
        Body: 
        AttachSenderId: True
        Result: System.Messaging.Message
        AppSpecific: 0
        UseDeadLetterQueue: False
        UseTracing: False
        UseJournalQueue: False
        Formatter: 
        AdministrationQueue: 
}
8: Activity [1.1] "MainSequence1" scheduled child activity [1.2] "SendMsmqMessage1"
9: Activity [1.2] "SendMsmqMessage1" is Executing
{
    Arguments
        MessageToSend: System.Messaging.Message
        QueueName: .\private$\test
        TransactionType: Automatic
}
10: Activity [1.2] "SendMsmqMessage1" is Closed
{
    Arguments
        MessageToSend: System.Messaging.Message
        QueueName: .\private$\test
        TransactionType: Automatic
}
11: Activity [1.1] "MainSequence1" is Closed
{
    Variables
        msmqMessage1: System.Messaging.Message
}
12: Activity [1] "CreateAndSendMsmqMessageActivity" is Closed
{
    Arguments
        ResponseQueue: 
        TimeToBeReceived: -00:00:00.0010000
        Recoverable: False
        TimeToReachQueue: -00:00:00.0010000
        Priority: Normal
        Label: MyMessage
        QueueName: .\private$\test
        CorrelationId: 
        TransactionType: Automatic
        AppSpecific: 0
        Data: System.IO.MemoryStream
}
13: WorkflowInstance "CreateAndSendMsmqMessageActivity" is Completed
0: WorkflowInstance "CreateAndSendMsmqMessageActivity" is Started
1: Activity [null] "null" scheduled child activity [1] "CreateAndSendMsmqMessageActivity"
2: Activity [1] "CreateAndSendMsmqMessageActivity" is Executing
{
    Arguments
        ResponseQueue: 
        TimeToBeReceived: -00:00:00.0010000
        Recoverable: False
        TimeToReachQueue: -00:00:00.0010000
        Priority: Normal
        Label: MyMessage
        QueueName: .\private$\test
        CorrelationId: 
        TransactionType: Automatic
        AppSpecific: 0
        Data: System.IO.MemoryStream
}
3: Activity [1] "CreateAndSendMsmqMessageActivity" scheduled child activity [1.1] "MainSequence1"
4: Activity [1.1] "MainSequence1" is Executing
{
    Variables
        msmqMessage1: System.Messaging.Message
}
5: Activity [1.1] "MainSequence1" scheduled child activity [1.9] "CreateMsmqMessage1"
6: Activity [1.9] "CreateMsmqMessage1" is Executing
{
    Arguments
        ResponseQueue: 
        TimeToBeReceived: -00:00:00.0010000
        AcknowledgeType: None
        Recoverable: False
        TimeToReachQueue: -00:00:00.0010000
        Priority: Normal
        BodyStream: System.IO.MemoryStream
        Label: MyMessage
        CorrelationId: 
        Body: 
        AttachSenderId: True
        AppSpecific: 0
        UseDeadLetterQueue: False
        UseTracing: False
        UseJournalQueue: False
        Formatter: 
        AdministrationQueue: 
}
7: Activity [1.9] "CreateMsmqMessage1" is Closed
{
    Arguments
        ResponseQueue: 
        TimeToBeReceived: -00:00:00.0010000
        AcknowledgeType: None
        Recoverable: False
        TimeToReachQueue: -00:00:00.0010000
        Priority: Normal
        BodyStream: System.IO.MemoryStream
        Label: MyMessage
        CorrelationId: 
        Body: 
        AttachSenderId: True
        Result: System.Messaging.Message
        AppSpecific: 0
        UseDeadLetterQueue: False
        UseTracing: False
        UseJournalQueue: False
        Formatter: 
        AdministrationQueue: 
}
8: Activity [1.1] "MainSequence1" scheduled child activity [1.2] "SendMsmqMessage1"
9: Activity [1.2] "SendMsmqMessage1" is Executing
{
    Arguments
        MessageToSend: System.Messaging.Message
        QueueName: .\private$\test
        TransactionType: Automatic
}
10: Activity [1.2] "SendMsmqMessage1" is Closed
{
    Arguments
        MessageToSend: System.Messaging.Message
        QueueName: .\private$\test
        TransactionType: Automatic
}
11: Activity [1.1] "MainSequence1" is Closed
{
    Variables
        msmqMessage1: System.Messaging.Message
}
12: Activity [1] "CreateAndSendMsmqMessageActivity" is Closed
{
    Arguments
        ResponseQueue: 
        TimeToBeReceived: -00:00:00.0010000
        Recoverable: False
        TimeToReachQueue: -00:00:00.0010000
        Priority: Normal
        Label: MyMessage
        QueueName: .\private$\test
        CorrelationId: 
        TransactionType: Automatic
        AppSpecific: 0
        Data: System.IO.MemoryStream
}
13: WorkflowInstance "CreateAndSendMsmqMessageActivity" is Completed</StdOut>
      </Output>
    </UnitTestResult>
    <UnitTestResult executionId="7857b12e-9864-4486-b5e5-29b2b1c69cd5" testId="0b5ed3ec-9c9e-b82d-8498-1fce9775308f" testName="Invoke_CreateMsmqMessageActivityFails_ThrowsArgumentException" computerName="ICSWS068" duration="00:00:00.0054201" startTime="2016-08-04T09:58:44.6586684+02:00" endTime="2016-08-04T09:58:44.6655246+02:00" testType="13cdc9d9-ddb5-4fa4-a97d-d965ccfc6d4b" outcome="Passed" testListId="8c84fa94-04c1-424b-9868-57a2d4851a1d" relativeResultsDirectory="7857b12e-9864-4486-b5e5-29b2b1c69cd5">
      <Output>
        <StdOut>Debug Trace:
0: WorkflowInstance "CreateAndSendMsmqMessageActivity" is Started
1: Activity [null] "null" scheduled child activity [1] "CreateAndSendMsmqMessageActivity"
2: Activity [1] "CreateAndSendMsmqMessageActivity" is Executing
{
    Arguments
        ResponseQueue: 
        TimeToBeReceived: -00:00:00.0010000
        Recoverable: False
        TimeToReachQueue: -00:00:00.0010000
        Priority: Normal
        Label: MyMessage
        QueueName: .\private$\test
        CorrelationId: wrong
        TransactionType: Automatic
        AppSpecific: 0
        Data: System.IO.MemoryStream
}
3: Activity [1] "CreateAndSendMsmqMessageActivity" scheduled child activity [1.1] "MainSequence1"
4: Activity [1.1] "MainSequence1" is Executing
{
    Variables
        msmqMessage1: 
}
5: Activity [1.1] "MainSequence1" scheduled child activity [1.9] "CreateMsmqMessage1"
6: Activity [1.9] "CreateMsmqMessage1" is Executing
{
    Arguments
        ResponseQueue: 
        TimeToBeReceived: -00:00:00.0010000
        AcknowledgeType: None
        Recoverable: False
        TimeToReachQueue: -00:00:00.0010000
        Priority: Normal
        BodyStream: System.IO.MemoryStream
        Label: MyMessage
        CorrelationId: wrong
        Body: 
        AttachSenderId: True
        AppSpecific: 0
        UseDeadLetterQueue: False
        UseTracing: False
        UseJournalQueue: False
        Formatter: 
        AdministrationQueue: 
}
7: Activity [1.9] "CreateMsmqMessage1" is Faulted
{
    Arguments
        ResponseQueue: 
        TimeToBeReceived: -00:00:00.0010000
        AcknowledgeType: None
        Recoverable: False
        TimeToReachQueue: -00:00:00.0010000
        Priority: Normal
        BodyStream: System.IO.MemoryStream
        Label: MyMessage
        CorrelationId: wrong
        Body: 
        AttachSenderId: True
        Result: 
        AppSpecific: 0
        UseDeadLetterQueue: False
        UseTracing: False
        UseJournalQueue: False
        Formatter: 
        AdministrationQueue: 
}
8: Fault source [1.9] "CreateMsmqMessage1"
9: WorkflowInstance "CreateAndSendMsmqMessageActivity" Unhandled Exception Source "CreateMsmqMessage1" Exception &lt;System.ArgumentException: Invalid Correlation Id; Identifier is not in the incorrect format.
   at iCore.Workflow.Activities.Msmq.CreateMsmqMessageActivity.Execute(CodeActivityContext context)
   at System.Activities.CodeActivity`1.InternalExecute(ActivityInstance instance, ActivityExecutor executor, BookmarkManager bookmarkManager)
   at System.Activities.ActivityInstance.Execute(ActivityExecutor executor, BookmarkManager bookmarkManager)
   at System.Activities.Runtime.ActivityExecutor.ExecuteActivityWorkItem.ExecuteBody(ActivityExecutor executor, BookmarkManager bookmarkManager, Location resultLocation)&gt;
10: WorkflowInstance Aborted [CreateAndSendMsmqMessageActivity] Reason "Invalid Correlation Id; Identifier is not in the incorrect format."
0: WorkflowInstance "CreateAndSendMsmqMessageActivity" is Started
1: Activity [null] "null" scheduled child activity [1] "CreateAndSendMsmqMessageActivity"
2: Activity [1] "CreateAndSendMsmqMessageActivity" is Executing
{
    Arguments
        ResponseQueue: 
        TimeToBeReceived: -00:00:00.0010000
        Recoverable: False
        TimeToReachQueue: -00:00:00.0010000
        Priority: Normal
        Label: MyMessage
        QueueName: .\private$\test
        CorrelationId: wrong
        TransactionType: Automatic
        AppSpecific: 0
        Data: System.IO.MemoryStream
}
3: Activity [1] "CreateAndSendMsmqMessageActivity" scheduled child activity [1.1] "MainSequence1"
4: Activity [1.1] "MainSequence1" is Executing
{
    Variables
        msmqMessage1: 
}
5: Activity [1.1] "MainSequence1" scheduled child activity [1.9] "CreateMsmqMessage1"
6: Activity [1.9] "CreateMsmqMessage1" is Executing
{
    Arguments
        ResponseQueue: 
        TimeToBeReceived: -00:00:00.0010000
        AcknowledgeType: None
        Recoverable: False
        TimeToReachQueue: -00:00:00.0010000
        Priority: Normal
        BodyStream: System.IO.MemoryStream
        Label: MyMessage
        CorrelationId: wrong
        Body: 
        AttachSenderId: True
        AppSpecific: 0
        UseDeadLetterQueue: False
        UseTracing: False
        UseJournalQueue: False
        Formatter: 
        AdministrationQueue: 
}
7: Activity [1.9] "CreateMsmqMessage1" is Faulted
{
    Arguments
        ResponseQueue: 
        TimeToBeReceived: -00:00:00.0010000
        AcknowledgeType: None
        Recoverable: False
        TimeToReachQueue: -00:00:00.0010000
        Priority: Normal
        BodyStream: System.IO.MemoryStream
        Label: MyMessage
        CorrelationId: wrong
        Body: 
        AttachSenderId: True
        Result: 
        AppSpecific: 0
        UseDeadLetterQueue: False
        UseTracing: False
        UseJournalQueue: False
        Formatter: 
        AdministrationQueue: 
}
8: Fault source [1.9] "CreateMsmqMessage1"
9: WorkflowInstance "CreateAndSendMsmqMessageActivity" Unhandled Exception Source "CreateMsmqMessage1" Exception &lt;System.ArgumentException: Invalid Correlation Id; Identifier is not in the incorrect format.
   at iCore.Workflow.Activities.Msmq.CreateMsmqMessageActivity.Execute(CodeActivityContext context)
   at System.Activities.CodeActivity`1.InternalExecute(ActivityInstance instance, ActivityExecutor executor, BookmarkManager bookmarkManager)
   at System.Activities.ActivityInstance.Execute(ActivityExecutor executor, BookmarkManager bookmarkManager)
   at System.Activities.Runtime.ActivityExecutor.ExecuteActivityWorkItem.ExecuteBody(ActivityExecutor executor, BookmarkManager bookmarkManager, Location resultLocation)&gt;
10: WorkflowInstance Aborted [CreateAndSendMsmqMessageActivity] Reason "Invalid Correlation Id; Identifier is not in the incorrect format."</StdOut>
      </Output>
    </UnitTestResult>
    <UnitTestResult executionId="6436b843-c9c8-4594-9e34-246d40fd17be" testId="1e0d6ab5-64bc-998d-dbd8-75f671b87a48" testName="Invoke_SendMsmqMessageActivityFails_ThrowsException" computerName="ICSWS068" duration="00:00:00.0096513" startTime="2016-08-04T09:58:44.6680427+02:00" endTime="2016-08-04T09:58:44.6790358+02:00" testType="13cdc9d9-ddb5-4fa4-a97d-d965ccfc6d4b" outcome="Passed" testListId="8c84fa94-04c1-424b-9868-57a2d4851a1d" relativeResultsDirectory="6436b843-c9c8-4594-9e34-246d40fd17be">
      <Output>
        <StdOut>Debug Trace:
0: WorkflowInstance "CreateAndSendMsmqMessageActivity" is Started
1: Activity [null] "null" scheduled child activity [1] "CreateAndSendMsmqMessageActivity"
2: Activity [1] "CreateAndSendMsmqMessageActivity" is Executing
{
    Arguments
        ResponseQueue: 
        TimeToBeReceived: -00:00:00.0010000
        Recoverable: False
        TimeToReachQueue: -00:00:00.0010000
        Priority: Normal
        Label: MyMessage
        QueueName: .\private$\test
        CorrelationId: 
        TransactionType: Automatic
        AppSpecific: 0
        Data: System.IO.MemoryStream
}
3: Activity [1] "CreateAndSendMsmqMessageActivity" scheduled child activity [1.1] "MainSequence1"
4: Activity [1.1] "MainSequence1" is Executing
{
    Variables
        msmqMessage1: 
}
5: Activity [1.1] "MainSequence1" scheduled child activity [1.9] "CreateMsmqMessage1"
6: Activity [1.9] "CreateMsmqMessage1" is Executing
{
    Arguments
        ResponseQueue: 
        TimeToBeReceived: -00:00:00.0010000
        AcknowledgeType: None
        Recoverable: False
        TimeToReachQueue: -00:00:00.0010000
        Priority: Normal
        BodyStream: System.IO.MemoryStream
        Label: MyMessage
        CorrelationId: 
        Body: 
        AttachSenderId: True
        AppSpecific: 0
        UseDeadLetterQueue: False
        UseTracing: False
        UseJournalQueue: False
        Formatter: 
        AdministrationQueue: 
}
7: Activity [1.9] "CreateMsmqMessage1" is Closed
{
    Arguments
        ResponseQueue: 
        TimeToBeReceived: -00:00:00.0010000
        AcknowledgeType: None
        Recoverable: False
        TimeToReachQueue: -00:00:00.0010000
        Priority: Normal
        BodyStream: System.IO.MemoryStream
        Label: MyMessage
        CorrelationId: 
        Body: 
        AttachSenderId: True
        Result: System.Messaging.Message
        AppSpecific: 0
        UseDeadLetterQueue: False
        UseTracing: False
        UseJournalQueue: False
        Formatter: 
        AdministrationQueue: 
}
8: Activity [1.1] "MainSequence1" scheduled child activity [1.2] "SendMsmqMessage1"
9: Activity [1.2] "SendMsmqMessage1" is Executing
{
    Arguments
        MessageToSend: System.Messaging.Message
        QueueName: .\private$\test
        TransactionType: Automatic
}
10: WorkflowInstance "CreateAndSendMsmqMessageActivity" is Idle
11: Activity [1.2] "SendMsmqMessage1" is Faulted
{
    Arguments
        MessageToSend: System.Messaging.Message
        QueueName: .\private$\test
        TransactionType: Automatic
}
12: Fault source [1.2] "SendMsmqMessage1"
13: WorkflowInstance "CreateAndSendMsmqMessageActivity" Unhandled Exception Source "SendMsmqMessage1" Exception &lt;Testing.Common.TestException: Test exception
   at Moq.MethodCall.Execute(ICallContext call)
   at Moq.ExecuteCall.HandleIntercept(ICallContext invocation, InterceptorContext ctx, CurrentInterceptContext localctx)
   at Moq.Interceptor.Intercept(ICallContext invocation)
   at Moq.Proxy.CastleProxyFactory.Interceptor.Intercept(IInvocation invocation)
   at Castle.DynamicProxy.AbstractInvocation.Proceed()
   at Castle.Proxies.IMsmqMessageQueueProxy.Send(Message message, MessageQueueTransactionType transactionType)
   at iCore.Workflow.Activities.Msmq.SendMsmqMessageActivity.&lt;&gt;c__DisplayClass13_0.&lt;BeginExecute&gt;b__0()
   at System.Threading.Tasks.Task.InnerInvoke()
   at System.Threading.Tasks.Task.Execute()
--- End of stack trace from previous location where exception was thrown ---
   at System.Runtime.ExceptionServices.ExceptionDispatchInfo.Throw()
   at iCore.Workflow.Activities.ActivityUtilities.ThrowIfTaskFailedAndActivityIsNotCanceled(Task task, AsyncCodeActivityContext context)
   at iCore.Workflow.Activities.Msmq.SendMsmqMessageActivity.EndExecute(AsyncCodeActivityContext context, IAsyncResult result)
   at System.Activities.AsyncCodeActivity.System.Activities.IAsyncCodeActivity.FinishExecution(AsyncCodeActivityContext context, IAsyncResult result)
   at System.Activities.AsyncCodeActivity.CompleteAsyncCodeActivityData.CompleteAsyncCodeActivityWorkItem.Execute(ActivityExecutor executor, BookmarkManager bookmarkManager)&gt;
14: WorkflowInstance Aborted [CreateAndSendMsmqMessageActivity] Reason "Test exception"
0: WorkflowInstance "CreateAndSendMsmqMessageActivity" is Started
1: Activity [null] "null" scheduled child activity [1] "CreateAndSendMsmqMessageActivity"
2: Activity [1] "CreateAndSendMsmqMessageActivity" is Executing
{
    Arguments
        ResponseQueue: 
        TimeToBeReceived: -00:00:00.0010000
        Recoverable: False
        TimeToReachQueue: -00:00:00.0010000
        Priority: Normal
        Label: MyMessage
        QueueName: .\private$\test
        CorrelationId: 
        TransactionType: Automatic
        AppSpecific: 0
        Data: System.IO.MemoryStream
}
3: Activity [1] "CreateAndSendMsmqMessageActivity" scheduled child activity [1.1] "MainSequence1"
4: Activity [1.1] "MainSequence1" is Executing
{
    Variables
        msmqMessage1: System.Messaging.Message
}
5: Activity [1.1] "MainSequence1" scheduled child activity [1.9] "CreateMsmqMessage1"
6: Activity [1.9] "CreateMsmqMessage1" is Executing
{
    Arguments
        ResponseQueue: 
        TimeToBeReceived: -00:00:00.0010000
        AcknowledgeType: None
        Recoverable: False
        TimeToReachQueue: -00:00:00.0010000
        Priority: Normal
        BodyStream: System.IO.MemoryStream
        Label: MyMessage
        CorrelationId: 
        Body: 
        AttachSenderId: True
        AppSpecific: 0
        UseDeadLetterQueue: False
        UseTracing: False
        UseJournalQueue: False
        Formatter: 
        AdministrationQueue: 
}
7: Activity [1.9] "CreateMsmqMessage1" is Closed
{
    Arguments
        ResponseQueue: 
        TimeToBeReceived: -00:00:00.0010000
        AcknowledgeType: None
        Recoverable: False
        TimeToReachQueue: -00:00:00.0010000
        Priority: Normal
        BodyStream: System.IO.MemoryStream
        Label: MyMessage
        CorrelationId: 
        Body: 
        AttachSenderId: True
        Result: System.Messaging.Message
        AppSpecific: 0
        UseDeadLetterQueue: False
        UseTracing: False
        UseJournalQueue: False
        Formatter: 
        AdministrationQueue: 
}
8: Activity [1.1] "MainSequence1" scheduled child activity [1.2] "SendMsmqMessage1"
9: Activity [1.2] "SendMsmqMessage1" is Executing
{
    Arguments
        MessageToSend: System.Messaging.Message
        QueueName: .\private$\test
        TransactionType: Automatic
}
10: WorkflowInstance "CreateAndSendMsmqMessageActivity" is Idle
11: Activity [1.2] "SendMsmqMessage1" is Faulted
{
    Arguments
        MessageToSend: System.Messaging.Message
        QueueName: .\private$\test
        TransactionType: Automatic
}
12: Fault source [1.2] "SendMsmqMessage1"
13: WorkflowInstance "CreateAndSendMsmqMessageActivity" Unhandled Exception Source "SendMsmqMessage1" Exception &lt;Testing.Common.TestException: Test exception
   at Moq.MethodCall.Execute(ICallContext call)
   at Moq.ExecuteCall.HandleIntercept(ICallContext invocation, InterceptorContext ctx, CurrentInterceptContext localctx)
   at Moq.Interceptor.Intercept(ICallContext invocation)
   at Moq.Proxy.CastleProxyFactory.Interceptor.Intercept(IInvocation invocation)
   at Castle.DynamicProxy.AbstractInvocation.Proceed()
   at Castle.Proxies.IMsmqMessageQueueProxy.Send(Message message, MessageQueueTransactionType transactionType)
   at iCore.Workflow.Activities.Msmq.SendMsmqMessageActivity.&lt;&gt;c__DisplayClass13_0.&lt;BeginExecute&gt;b__0()
   at System.Threading.Tasks.Task.InnerInvoke()
   at System.Threading.Tasks.Task.Execute()
--- End of stack trace from previous location where exception was thrown ---
   at System.Runtime.ExceptionServices.ExceptionDispatchInfo.Throw()
   at iCore.Workflow.Activities.ActivityUtilities.ThrowIfTaskFailedAndActivityIsNotCanceled(Task task, AsyncCodeActivityContext context)
   at iCore.Workflow.Activities.Msmq.SendMsmqMessageActivity.EndExecute(AsyncCodeActivityContext context, IAsyncResult result)
   at System.Activities.AsyncCodeActivity.System.Activities.IAsyncCodeActivity.FinishExecution(AsyncCodeActivityContext context, IAsyncResult result)
   at System.Activities.AsyncCodeActivity.CompleteAsyncCodeActivityData.CompleteAsyncCodeActivityWorkItem.Execute(ActivityExecutor executor, BookmarkManager bookmarkManager)&gt;
14: WorkflowInstance Aborted [CreateAndSendMsmqMessageActivity] Reason "Test exception"</StdOut>
      </Output>
    </UnitTestResult>
    <UnitTestResult executionId="9c4cda8f-b543-4357-b562-12eef257d23c" testId="afa08d04-f41f-038b-35cf-20207adf6888" testName="Allocate_InspectDefaultValues_AppSpecificIsZero" computerName="ICSWS068" duration="00:00:00.0057547" startTime="2016-08-04T09:58:44.6815525+02:00" endTime="2016-08-04T09:58:44.6895488+02:00" testType="13cdc9d9-ddb5-4fa4-a97d-d965ccfc6d4b" outcome="Passed" testListId="8c84fa94-04c1-424b-9868-57a2d4851a1d" relativeResultsDirectory="9c4cda8f-b543-4357-b562-12eef257d23c">
      <Output>
        <StdOut>Debug Trace:
0: WorkflowInstance "CreateAndSendMsmqMessageActivity" is Started
1: Activity [null] "null" scheduled child activity [1] "CreateAndSendMsmqMessageActivity"
2: Activity [1] "CreateAndSendMsmqMessageActivity" is Executing
{
    Arguments
        ResponseQueue: 
        TimeToBeReceived: -00:00:00.0010000
        Recoverable: False
        TimeToReachQueue: -00:00:00.0010000
        Priority: Normal
        Label: MyMessage
        QueueName: .\private$\test
        CorrelationId: 
        TransactionType: Automatic
        AppSpecific: 0
        Data: System.IO.MemoryStream
}
3: Activity [1] "CreateAndSendMsmqMessageActivity" scheduled child activity [1.1] "MainSequence1"
4: Activity [1.1] "MainSequence1" is Executing
{
    Variables
        msmqMessage1: 
}
5: Activity [1.1] "MainSequence1" scheduled child activity [1.9] "CreateMsmqMessage1"
6: Activity [1.9] "CreateMsmqMessage1" is Executing
{
    Arguments
        ResponseQueue: 
        TimeToBeReceived: -00:00:00.0010000
        AcknowledgeType: None
        Recoverable: False
        TimeToReachQueue: -00:00:00.0010000
        Priority: Normal
        BodyStream: System.IO.MemoryStream
        Label: MyMessage
        CorrelationId: 
        Body: 
        AttachSenderId: True
        AppSpecific: 0
        UseDeadLetterQueue: False
        UseTracing: False
        UseJournalQueue: False
        Formatter: 
        AdministrationQueue: 
}
7: Activity [1.9] "CreateMsmqMessage1" is Closed
{
    Arguments
        ResponseQueue: 
        TimeToBeReceived: -00:00:00.0010000
        AcknowledgeType: None
        Recoverable: False
        TimeToReachQueue: -00:00:00.0010000
        Priority: Normal
        BodyStream: System.IO.MemoryStream
        Label: MyMessage
        CorrelationId: 
        Body: 
        AttachSenderId: True
        Result: System.Messaging.Message
        AppSpecific: 0
        UseDeadLetterQueue: False
        UseTracing: False
        UseJournalQueue: False
        Formatter: 
        AdministrationQueue: 
}
8: Activity [1.1] "MainSequence1" scheduled child activity [1.2] "SendMsmqMessage1"
9: Activity [1.2] "SendMsmqMessage1" is Executing
{
    Arguments
        MessageToSend: System.Messaging.Message
        QueueName: .\private$\test
        TransactionType: Automatic
}
10: Activity [1.2] "SendMsmqMessage1" is Closed
{
    Arguments
        MessageToSend: System.Messaging.Message
        QueueName: .\private$\test
        TransactionType: Automatic
}
11: Activity [1.1] "MainSequence1" is Closed
{
    Variables
        msmqMessage1: System.Messaging.Message
}
12: Activity [1] "CreateAndSendMsmqMessageActivity" is Closed
{
    Arguments
        ResponseQueue: 
        TimeToBeReceived: -00:00:00.0010000
        Recoverable: False
        TimeToReachQueue: -00:00:00.0010000
        Priority: Normal
        Label: MyMessage
        QueueName: .\private$\test
        CorrelationId: 
        TransactionType: Automatic
        AppSpecific: 0
        Data: System.IO.MemoryStream
}
13: WorkflowInstance "CreateAndSendMsmqMessageActivity" is Completed
0: WorkflowInstance "CreateAndSendMsmqMessageActivity" is Started
1: Activity [null] "null" scheduled child activity [1] "CreateAndSendMsmqMessageActivity"
2: Activity [1] "CreateAndSendMsmqMessageActivity" is Executing
{
    Arguments
        ResponseQueue: 
        TimeToBeReceived: -00:00:00.0010000
        Recoverable: False
        TimeToReachQueue: -00:00:00.0010000
        Priority: Normal
        Label: MyMessage
        QueueName: .\private$\test
        CorrelationId: 
        TransactionType: Automatic
        AppSpecific: 0
        Data: System.IO.MemoryStream
}
3: Activity [1] "CreateAndSendMsmqMessageActivity" scheduled child activity [1.1] "MainSequence1"
4: Activity [1.1] "MainSequence1" is Executing
{
    Variables
        msmqMessage1: System.Messaging.Message
}
5: Activity [1.1] "MainSequence1" scheduled child activity [1.9] "CreateMsmqMessage1"
6: Activity [1.9] "CreateMsmqMessage1" is Executing
{
    Arguments
        ResponseQueue: 
        TimeToBeReceived: -00:00:00.0010000
        AcknowledgeType: None
        Recoverable: False
        TimeToReachQueue: -00:00:00.0010000
        Priority: Normal
        BodyStream: System.IO.MemoryStream
        Label: MyMessage
        CorrelationId: 
        Body: 
        AttachSenderId: True
        AppSpecific: 0
        UseDeadLetterQueue: False
        UseTracing: False
        UseJournalQueue: False
        Formatter: 
        AdministrationQueue: 
}
7: Activity [1.9] "CreateMsmqMessage1" is Closed
{
    Arguments
        ResponseQueue: 
        TimeToBeReceived: -00:00:00.0010000
        AcknowledgeType: None
        Recoverable: False
        TimeToReachQueue: -00:00:00.0010000
        Priority: Normal
        BodyStream: System.IO.MemoryStream
        Label: MyMessage
        CorrelationId: 
        Body: 
        AttachSenderId: True
        Result: System.Messaging.Message
        AppSpecific: 0
        UseDeadLetterQueue: False
        UseTracing: False
        UseJournalQueue: False
        Formatter: 
        AdministrationQueue: 
}
8: Activity [1.1] "MainSequence1" scheduled child activity [1.2] "SendMsmqMessage1"
9: Activity [1.2] "SendMsmqMessage1" is Executing
{
    Arguments
        MessageToSend: System.Messaging.Message
        QueueName: .\private$\test
        TransactionType: Automatic
}
10: Activity [1.2] "SendMsmqMessage1" is Closed
{
    Arguments
        MessageToSend: System.Messaging.Message
        QueueName: .\private$\test
        TransactionType: Automatic
}
11: Activity [1.1] "MainSequence1" is Closed
{
    Variables
        msmqMessage1: System.Messaging.Message
}
12: Activity [1] "CreateAndSendMsmqMessageActivity" is Closed
{
    Arguments
        ResponseQueue: 
        TimeToBeReceived: -00:00:00.0010000
        Recoverable: False
        TimeToReachQueue: -00:00:00.0010000
        Priority: Normal
        Label: MyMessage
        QueueName: .\private$\test
        CorrelationId: 
        TransactionType: Automatic
        AppSpecific: 0
        Data: System.IO.MemoryStream
}
13: WorkflowInstance "CreateAndSendMsmqMessageActivity" is Completed</StdOut>
      </Output>
    </UnitTestResult>
    <UnitTestResult executionId="70bc1805-7250-4e7e-be55-d401847185f1" testId="c0c6d272-4b77-39a2-74a5-8b50feeb0100" testName="Allocate_InspectDefaultValues_TransactionTypeIsAutomatic" computerName="ICSWS068" duration="00:00:00.0059846" startTime="2016-08-04T09:58:44.6920344+02:00" endTime="2016-08-04T09:58:44.6990416+02:00" testType="13cdc9d9-ddb5-4fa4-a97d-d965ccfc6d4b" outcome="Passed" testListId="8c84fa94-04c1-424b-9868-57a2d4851a1d" relativeResultsDirectory="70bc1805-7250-4e7e-be55-d401847185f1">
      <Output>
        <StdOut>Debug Trace:
0: WorkflowInstance "CreateAndSendMsmqMessageActivity" is Started
1: Activity [null] "null" scheduled child activity [1] "CreateAndSendMsmqMessageActivity"
2: Activity [1] "CreateAndSendMsmqMessageActivity" is Executing
{
    Arguments
        ResponseQueue: 
        TimeToBeReceived: -00:00:00.0010000
        Recoverable: False
        TimeToReachQueue: -00:00:00.0010000
        Priority: Normal
        Label: MyMessage
        QueueName: .\private$\test
        CorrelationId: 
        TransactionType: Automatic
        AppSpecific: 0
        Data: System.IO.MemoryStream
}
3: Activity [1] "CreateAndSendMsmqMessageActivity" scheduled child activity [1.1] "MainSequence1"
4: Activity [1.1] "MainSequence1" is Executing
{
    Variables
        msmqMessage1: 
}
5: Activity [1.1] "MainSequence1" scheduled child activity [1.9] "CreateMsmqMessage1"
6: Activity [1.9] "CreateMsmqMessage1" is Executing
{
    Arguments
        ResponseQueue: 
        TimeToBeReceived: -00:00:00.0010000
        AcknowledgeType: None
        Recoverable: False
        TimeToReachQueue: -00:00:00.0010000
        Priority: Normal
        BodyStream: System.IO.MemoryStream
        Label: MyMessage
        CorrelationId: 
        Body: 
        AttachSenderId: True
        AppSpecific: 0
        UseDeadLetterQueue: False
        UseTracing: False
        UseJournalQueue: False
        Formatter: 
        AdministrationQueue: 
}
7: Activity [1.9] "CreateMsmqMessage1" is Closed
{
    Arguments
        ResponseQueue: 
        TimeToBeReceived: -00:00:00.0010000
        AcknowledgeType: None
        Recoverable: False
        TimeToReachQueue: -00:00:00.0010000
        Priority: Normal
        BodyStream: System.IO.MemoryStream
        Label: MyMessage
        CorrelationId: 
        Body: 
        AttachSenderId: True
        Result: System.Messaging.Message
        AppSpecific: 0
        UseDeadLetterQueue: False
        UseTracing: False
        UseJournalQueue: False
        Formatter: 
        AdministrationQueue: 
}
8: Activity [1.1] "MainSequence1" scheduled child activity [1.2] "SendMsmqMessage1"
9: Activity [1.2] "SendMsmqMessage1" is Executing
{
    Arguments
        MessageToSend: System.Messaging.Message
        QueueName: .\private$\test
        TransactionType: Automatic
}
10: Activity [1.2] "SendMsmqMessage1" is Closed
{
    Arguments
        MessageToSend: System.Messaging.Message
        QueueName: .\private$\test
        TransactionType: Automatic
}
11: Activity [1.1] "MainSequence1" is Closed
{
    Variables
        msmqMessage1: System.Messaging.Message
}
12: Activity [1] "CreateAndSendMsmqMessageActivity" is Closed
{
    Arguments
        ResponseQueue: 
        TimeToBeReceived: -00:00:00.0010000
        Recoverable: False
        TimeToReachQueue: -00:00:00.0010000
        Priority: Normal
        Label: MyMessage
        QueueName: .\private$\test
        CorrelationId: 
        TransactionType: Automatic
        AppSpecific: 0
        Data: System.IO.MemoryStream
}
13: WorkflowInstance "CreateAndSendMsmqMessageActivity" is Completed
0: WorkflowInstance "CreateAndSendMsmqMessageActivity" is Started
1: Activity [null] "null" scheduled child activity [1] "CreateAndSendMsmqMessageActivity"
2: Activity [1] "CreateAndSendMsmqMessageActivity" is Executing
{
    Arguments
        ResponseQueue: 
        TimeToBeReceived: -00:00:00.0010000
        Recoverable: False
        TimeToReachQueue: -00:00:00.0010000
        Priority: Normal
        Label: MyMessage
        QueueName: .\private$\test
        CorrelationId: 
        TransactionType: Automatic
        AppSpecific: 0
        Data: System.IO.MemoryStream
}
3: Activity [1] "CreateAndSendMsmqMessageActivity" scheduled child activity [1.1] "MainSequence1"
4: Activity [1.1] "MainSequence1" is Executing
{
    Variables
        msmqMessage1: System.Messaging.Message
}
5: Activity [1.1] "MainSequence1" scheduled child activity [1.9] "CreateMsmqMessage1"
6: Activity [1.9] "CreateMsmqMessage1" is Executing
{
    Arguments
        ResponseQueue: 
        TimeToBeReceived: -00:00:00.0010000
        AcknowledgeType: None
        Recoverable: False
        TimeToReachQueue: -00:00:00.0010000
        Priority: Normal
        BodyStream: System.IO.MemoryStream
        Label: MyMessage
        CorrelationId: 
        Body: 
        AttachSenderId: True
        AppSpecific: 0
        UseDeadLetterQueue: False
        UseTracing: False
        UseJournalQueue: False
        Formatter: 
        AdministrationQueue: 
}
7: Activity [1.9] "CreateMsmqMessage1" is Closed
{
    Arguments
        ResponseQueue: 
        TimeToBeReceived: -00:00:00.0010000
        AcknowledgeType: None
        Recoverable: False
        TimeToReachQueue: -00:00:00.0010000
        Priority: Normal
        BodyStream: System.IO.MemoryStream
        Label: MyMessage
        CorrelationId: 
        Body: 
        AttachSenderId: True
        Result: System.Messaging.Message
        AppSpecific: 0
        UseDeadLetterQueue: False
        UseTracing: False
        UseJournalQueue: False
        Formatter: 
        AdministrationQueue: 
}
8: Activity [1.1] "MainSequence1" scheduled child activity [1.2] "SendMsmqMessage1"
9: Activity [1.2] "SendMsmqMessage1" is Executing
{
    Arguments
        MessageToSend: System.Messaging.Message
        QueueName: .\private$\test
        TransactionType: Automatic
}
10: Activity [1.2] "SendMsmqMessage1" is Closed
{
    Arguments
        MessageToSend: System.Messaging.Message
        QueueName: .\private$\test
        TransactionType: Automatic
}
11: Activity [1.1] "MainSequence1" is Closed
{
    Variables
        msmqMessage1: System.Messaging.Message
}
12: Activity [1] "CreateAndSendMsmqMessageActivity" is Closed
{
    Arguments
        ResponseQueue: 
        TimeToBeReceived: -00:00:00.0010000
        Recoverable: False
        TimeToReachQueue: -00:00:00.0010000
        Priority: Normal
        Label: MyMessage
        QueueName: .\private$\test
        CorrelationId: 
        TransactionType: Automatic
        AppSpecific: 0
        Data: System.IO.MemoryStream
}
13: WorkflowInstance "CreateAndSendMsmqMessageActivity" is Completed</StdOut>
      </Output>
    </UnitTestResult>
    <UnitTestResult executionId="0568b26c-73ab-4943-8928-64780bf1558d" testId="f8b4a79c-ef4a-b499-bf04-deed5e087372" testName="Allocate_InspectDefaultValues_MessagePriorityIsNormal" computerName="ICSWS068" duration="00:00:00.0066772" startTime="2016-08-04T09:58:44.7020427+02:00" endTime="2016-08-04T09:58:44.7098230+02:00" testType="13cdc9d9-ddb5-4fa4-a97d-d965ccfc6d4b" outcome="Passed" testListId="8c84fa94-04c1-424b-9868-57a2d4851a1d" relativeResultsDirectory="0568b26c-73ab-4943-8928-64780bf1558d">
      <Output>
        <StdOut>Debug Trace:
0: WorkflowInstance "CreateAndSendMsmqMessageActivity" is Started
1: Activity [null] "null" scheduled child activity [1] "CreateAndSendMsmqMessageActivity"
2: Activity [1] "CreateAndSendMsmqMessageActivity" is Executing
{
    Arguments
        ResponseQueue: 
        TimeToBeReceived: -00:00:00.0010000
        Recoverable: False
        TimeToReachQueue: -00:00:00.0010000
        Priority: Normal
        Label: MyMessage
        QueueName: .\private$\test
        CorrelationId: 
        TransactionType: Automatic
        AppSpecific: 0
        Data: System.IO.MemoryStream
}
3: Activity [1] "CreateAndSendMsmqMessageActivity" scheduled child activity [1.1] "MainSequence1"
4: Activity [1.1] "MainSequence1" is Executing
{
    Variables
        msmqMessage1: 
}
5: Activity [1.1] "MainSequence1" scheduled child activity [1.9] "CreateMsmqMessage1"
6: Activity [1.9] "CreateMsmqMessage1" is Executing
{
    Arguments
        ResponseQueue: 
        TimeToBeReceived: -00:00:00.0010000
        AcknowledgeType: None
        Recoverable: False
        TimeToReachQueue: -00:00:00.0010000
        Priority: Normal
        BodyStream: System.IO.MemoryStream
        Label: MyMessage
        CorrelationId: 
        Body: 
        AttachSenderId: True
        AppSpecific: 0
        UseDeadLetterQueue: False
        UseTracing: False
        UseJournalQueue: False
        Formatter: 
        AdministrationQueue: 
}
7: Activity [1.9] "CreateMsmqMessage1" is Closed
{
    Arguments
        ResponseQueue: 
        TimeToBeReceived: -00:00:00.0010000
        AcknowledgeType: None
        Recoverable: False
        TimeToReachQueue: -00:00:00.0010000
        Priority: Normal
        BodyStream: System.IO.MemoryStream
        Label: MyMessage
        CorrelationId: 
        Body: 
        AttachSenderId: True
        Result: System.Messaging.Message
        AppSpecific: 0
        UseDeadLetterQueue: False
        UseTracing: False
        UseJournalQueue: False
        Formatter: 
        AdministrationQueue: 
}
8: Activity [1.1] "MainSequence1" scheduled child activity [1.2] "SendMsmqMessage1"
9: Activity [1.2] "SendMsmqMessage1" is Executing
{
    Arguments
        MessageToSend: System.Messaging.Message
        QueueName: .\private$\test
        TransactionType: Automatic
}
10: Activity [1.2] "SendMsmqMessage1" is Closed
{
    Arguments
        MessageToSend: System.Messaging.Message
        QueueName: .\private$\test
        TransactionType: Automatic
}
11: Activity [1.1] "MainSequence1" is Closed
{
    Variables
        msmqMessage1: System.Messaging.Message
}
12: Activity [1] "CreateAndSendMsmqMessageActivity" is Closed
{
    Arguments
        ResponseQueue: 
        TimeToBeReceived: -00:00:00.0010000
        Recoverable: False
        TimeToReachQueue: -00:00:00.0010000
        Priority: Normal
        Label: MyMessage
        QueueName: .\private$\test
        CorrelationId: 
        TransactionType: Automatic
        AppSpecific: 0
        Data: System.IO.MemoryStream
}
13: WorkflowInstance "CreateAndSendMsmqMessageActivity" is Completed
0: WorkflowInstance "CreateAndSendMsmqMessageActivity" is Started
1: Activity [null] "null" scheduled child activity [1] "CreateAndSendMsmqMessageActivity"
2: Activity [1] "CreateAndSendMsmqMessageActivity" is Executing
{
    Arguments
        ResponseQueue: 
        TimeToBeReceived: -00:00:00.0010000
        Recoverable: False
        TimeToReachQueue: -00:00:00.0010000
        Priority: Normal
        Label: MyMessage
        QueueName: .\private$\test
        CorrelationId: 
        TransactionType: Automatic
        AppSpecific: 0
        Data: System.IO.MemoryStream
}
3: Activity [1] "CreateAndSendMsmqMessageActivity" scheduled child activity [1.1] "MainSequence1"
4: Activity [1.1] "MainSequence1" is Executing
{
    Variables
        msmqMessage1: System.Messaging.Message
}
5: Activity [1.1] "MainSequence1" scheduled child activity [1.9] "CreateMsmqMessage1"
6: Activity [1.9] "CreateMsmqMessage1" is Executing
{
    Arguments
        ResponseQueue: 
        TimeToBeReceived: -00:00:00.0010000
        AcknowledgeType: None
        Recoverable: False
        TimeToReachQueue: -00:00:00.0010000
        Priority: Normal
        BodyStream: System.IO.MemoryStream
        Label: MyMessage
        CorrelationId: 
        Body: 
        AttachSenderId: True
        AppSpecific: 0
        UseDeadLetterQueue: False
        UseTracing: False
        UseJournalQueue: False
        Formatter: 
        AdministrationQueue: 
}
7: Activity [1.9] "CreateMsmqMessage1" is Closed
{
    Arguments
        ResponseQueue: 
        TimeToBeReceived: -00:00:00.0010000
        AcknowledgeType: None
        Recoverable: False
        TimeToReachQueue: -00:00:00.0010000
        Priority: Normal
        BodyStream: System.IO.MemoryStream
        Label: MyMessage
        CorrelationId: 
        Body: 
        AttachSenderId: True
        Result: System.Messaging.Message
        AppSpecific: 0
        UseDeadLetterQueue: False
        UseTracing: False
        UseJournalQueue: False
        Formatter: 
        AdministrationQueue: 
}
8: Activity [1.1] "MainSequence1" scheduled child activity [1.2] "SendMsmqMessage1"
9: Activity [1.2] "SendMsmqMessage1" is Executing
{
    Arguments
        MessageToSend: System.Messaging.Message
        QueueName: .\private$\test
        TransactionType: Automatic
}
10: Activity [1.2] "SendMsmqMessage1" is Closed
{
    Arguments
        MessageToSend: System.Messaging.Message
        QueueName: .\private$\test
        TransactionType: Automatic
}
11: Activity [1.1] "MainSequence1" is Closed
{
    Variables
        msmqMessage1: System.Messaging.Message
}
12: Activity [1] "CreateAndSendMsmqMessageActivity" is Closed
{
    Arguments
        ResponseQueue: 
        TimeToBeReceived: -00:00:00.0010000
        Recoverable: False
        TimeToReachQueue: -00:00:00.0010000
        Priority: Normal
        Label: MyMessage
        QueueName: .\private$\test
        CorrelationId: 
        TransactionType: Automatic
        AppSpecific: 0
        Data: System.IO.MemoryStream
}
13: WorkflowInstance "CreateAndSendMsmqMessageActivity" is Completed</StdOut>
      </Output>
    </UnitTestResult>
    <UnitTestResult executionId="922d7f37-6f4b-4392-9d12-82c3e598b963" testId="d757edf8-a4b8-80f2-0527-569046fbff42" testName="Allocate_InspectDefaultValues_RecoverableIsFalse" computerName="ICSWS068" duration="00:00:00.0056687" startTime="2016-08-04T09:58:44.7128115+02:00" endTime="2016-08-04T09:58:44.7198331+02:00" testType="13cdc9d9-ddb5-4fa4-a97d-d965ccfc6d4b" outcome="Passed" testListId="8c84fa94-04c1-424b-9868-57a2d4851a1d" relativeResultsDirectory="922d7f37-6f4b-4392-9d12-82c3e598b963">
      <Output>
        <StdOut>Debug Trace:
0: WorkflowInstance "CreateAndSendMsmqMessageActivity" is Started
1: Activity [null] "null" scheduled child activity [1] "CreateAndSendMsmqMessageActivity"
2: Activity [1] "CreateAndSendMsmqMessageActivity" is Executing
{
    Arguments
        ResponseQueue: 
        TimeToBeReceived: -00:00:00.0010000
        Recoverable: False
        TimeToReachQueue: -00:00:00.0010000
        Priority: Normal
        Label: MyMessage
        QueueName: .\private$\test
        CorrelationId: 
        TransactionType: Automatic
        AppSpecific: 0
        Data: System.IO.MemoryStream
}
3: Activity [1] "CreateAndSendMsmqMessageActivity" scheduled child activity [1.1] "MainSequence1"
4: Activity [1.1] "MainSequence1" is Executing
{
    Variables
        msmqMessage1: 
}
5: Activity [1.1] "MainSequence1" scheduled child activity [1.9] "CreateMsmqMessage1"
6: Activity [1.9] "CreateMsmqMessage1" is Executing
{
    Arguments
        ResponseQueue: 
        TimeToBeReceived: -00:00:00.0010000
        AcknowledgeType: None
        Recoverable: False
        TimeToReachQueue: -00:00:00.0010000
        Priority: Normal
        BodyStream: System.IO.MemoryStream
        Label: MyMessage
        CorrelationId: 
        Body: 
        AttachSenderId: True
        AppSpecific: 0
        UseDeadLetterQueue: False
        UseTracing: False
        UseJournalQueue: False
        Formatter: 
        AdministrationQueue: 
}
7: Activity [1.9] "CreateMsmqMessage1" is Closed
{
    Arguments
        ResponseQueue: 
        TimeToBeReceived: -00:00:00.0010000
        AcknowledgeType: None
        Recoverable: False
        TimeToReachQueue: -00:00:00.0010000
        Priority: Normal
        BodyStream: System.IO.MemoryStream
        Label: MyMessage
        CorrelationId: 
        Body: 
        AttachSenderId: True
        Result: System.Messaging.Message
        AppSpecific: 0
        UseDeadLetterQueue: False
        UseTracing: False
        UseJournalQueue: False
        Formatter: 
        AdministrationQueue: 
}
8: Activity [1.1] "MainSequence1" scheduled child activity [1.2] "SendMsmqMessage1"
9: Activity [1.2] "SendMsmqMessage1" is Executing
{
    Arguments
        MessageToSend: System.Messaging.Message
        QueueName: .\private$\test
        TransactionType: Automatic
}
10: Activity [1.2] "SendMsmqMessage1" is Closed
{
    Arguments
        MessageToSend: System.Messaging.Message
        QueueName: .\private$\test
        TransactionType: Automatic
}
11: Activity [1.1] "MainSequence1" is Closed
{
    Variables
        msmqMessage1: System.Messaging.Message
}
12: Activity [1] "CreateAndSendMsmqMessageActivity" is Closed
{
    Arguments
        ResponseQueue: 
        TimeToBeReceived: -00:00:00.0010000
        Recoverable: False
        TimeToReachQueue: -00:00:00.0010000
        Priority: Normal
        Label: MyMessage
        QueueName: .\private$\test
        CorrelationId: 
        TransactionType: Automatic
        AppSpecific: 0
        Data: System.IO.MemoryStream
}
13: WorkflowInstance "CreateAndSendMsmqMessageActivity" is Completed
0: WorkflowInstance "CreateAndSendMsmqMessageActivity" is Started
1: Activity [null] "null" scheduled child activity [1] "CreateAndSendMsmqMessageActivity"
2: Activity [1] "CreateAndSendMsmqMessageActivity" is Executing
{
    Arguments
        ResponseQueue: 
        TimeToBeReceived: -00:00:00.0010000
        Recoverable: False
        TimeToReachQueue: -00:00:00.0010000
        Priority: Normal
        Label: MyMessage
        QueueName: .\private$\test
        CorrelationId: 
        TransactionType: Automatic
        AppSpecific: 0
        Data: System.IO.MemoryStream
}
3: Activity [1] "CreateAndSendMsmqMessageActivity" scheduled child activity [1.1] "MainSequence1"
4: Activity [1.1] "MainSequence1" is Executing
{
    Variables
        msmqMessage1: System.Messaging.Message
}
5: Activity [1.1] "MainSequence1" scheduled child activity [1.9] "CreateMsmqMessage1"
6: Activity [1.9] "CreateMsmqMessage1" is Executing
{
    Arguments
        ResponseQueue: 
        TimeToBeReceived: -00:00:00.0010000
        AcknowledgeType: None
        Recoverable: False
        TimeToReachQueue: -00:00:00.0010000
        Priority: Normal
        BodyStream: System.IO.MemoryStream
        Label: MyMessage
        CorrelationId: 
        Body: 
        AttachSenderId: True
        AppSpecific: 0
        UseDeadLetterQueue: False
        UseTracing: False
        UseJournalQueue: False
        Formatter: 
        AdministrationQueue: 
}
7: Activity [1.9] "CreateMsmqMessage1" is Closed
{
    Arguments
        ResponseQueue: 
        TimeToBeReceived: -00:00:00.0010000
        AcknowledgeType: None
        Recoverable: False
        TimeToReachQueue: -00:00:00.0010000
        Priority: Normal
        BodyStream: System.IO.MemoryStream
        Label: MyMessage
        CorrelationId: 
        Body: 
        AttachSenderId: True
        Result: System.Messaging.Message
        AppSpecific: 0
        UseDeadLetterQueue: False
        UseTracing: False
        UseJournalQueue: False
        Formatter: 
        AdministrationQueue: 
}
8: Activity [1.1] "MainSequence1" scheduled child activity [1.2] "SendMsmqMessage1"
9: Activity [1.2] "SendMsmqMessage1" is Executing
{
    Arguments
        MessageToSend: System.Messaging.Message
        QueueName: .\private$\test
        TransactionType: Automatic
}
10: Activity [1.2] "SendMsmqMessage1" is Closed
{
    Arguments
        MessageToSend: System.Messaging.Message
        QueueName: .\private$\test
        TransactionType: Automatic
}
11: Activity [1.1] "MainSequence1" is Closed
{
    Variables
        msmqMessage1: System.Messaging.Message
}
12: Activity [1] "CreateAndSendMsmqMessageActivity" is Closed
{
    Arguments
        ResponseQueue: 
        TimeToBeReceived: -00:00:00.0010000
        Recoverable: False
        TimeToReachQueue: -00:00:00.0010000
        Priority: Normal
        Label: MyMessage
        QueueName: .\private$\test
        CorrelationId: 
        TransactionType: Automatic
        AppSpecific: 0
        Data: System.IO.MemoryStream
}
13: WorkflowInstance "CreateAndSendMsmqMessageActivity" is Completed</StdOut>
      </Output>
    </UnitTestResult>
    <UnitTestResult executionId="45930249-f4b3-4c6d-9460-0a6448fd6572" testId="99e54d33-4a40-ba15-5188-c7cc10e6293b" testName="Allocate_InspectDefaultValues_TimeToBeReceivedIsNegative" computerName="ICSWS068" duration="00:00:00.0056813" startTime="2016-08-04T09:58:44.7228638+02:00" endTime="2016-08-04T09:58:44.7298701+02:00" testType="13cdc9d9-ddb5-4fa4-a97d-d965ccfc6d4b" outcome="Passed" testListId="8c84fa94-04c1-424b-9868-57a2d4851a1d" relativeResultsDirectory="45930249-f4b3-4c6d-9460-0a6448fd6572">
      <Output>
        <StdOut>Debug Trace:
0: WorkflowInstance "CreateAndSendMsmqMessageActivity" is Started
1: Activity [null] "null" scheduled child activity [1] "CreateAndSendMsmqMessageActivity"
2: Activity [1] "CreateAndSendMsmqMessageActivity" is Executing
{
    Arguments
        ResponseQueue: 
        TimeToBeReceived: -00:00:00.0010000
        Recoverable: False
        TimeToReachQueue: -00:00:00.0010000
        Priority: Normal
        Label: MyMessage
        QueueName: .\private$\test
        CorrelationId: 
        TransactionType: Automatic
        AppSpecific: 0
        Data: System.IO.MemoryStream
}
3: Activity [1] "CreateAndSendMsmqMessageActivity" scheduled child activity [1.1] "MainSequence1"
4: Activity [1.1] "MainSequence1" is Executing
{
    Variables
        msmqMessage1: 
}
5: Activity [1.1] "MainSequence1" scheduled child activity [1.9] "CreateMsmqMessage1"
6: Activity [1.9] "CreateMsmqMessage1" is Executing
{
    Arguments
        ResponseQueue: 
        TimeToBeReceived: -00:00:00.0010000
        AcknowledgeType: None
        Recoverable: False
        TimeToReachQueue: -00:00:00.0010000
        Priority: Normal
        BodyStream: System.IO.MemoryStream
        Label: MyMessage
        CorrelationId: 
        Body: 
        AttachSenderId: True
        AppSpecific: 0
        UseDeadLetterQueue: False
        UseTracing: False
        UseJournalQueue: False
        Formatter: 
        AdministrationQueue: 
}
7: Activity [1.9] "CreateMsmqMessage1" is Closed
{
    Arguments
        ResponseQueue: 
        TimeToBeReceived: -00:00:00.0010000
        AcknowledgeType: None
        Recoverable: False
        TimeToReachQueue: -00:00:00.0010000
        Priority: Normal
        BodyStream: System.IO.MemoryStream
        Label: MyMessage
        CorrelationId: 
        Body: 
        AttachSenderId: True
        Result: System.Messaging.Message
        AppSpecific: 0
        UseDeadLetterQueue: False
        UseTracing: False
        UseJournalQueue: False
        Formatter: 
        AdministrationQueue: 
}
8: Activity [1.1] "MainSequence1" scheduled child activity [1.2] "SendMsmqMessage1"
9: Activity [1.2] "SendMsmqMessage1" is Executing
{
    Arguments
        MessageToSend: System.Messaging.Message
        QueueName: .\private$\test
        TransactionType: Automatic
}
10: Activity [1.2] "SendMsmqMessage1" is Closed
{
    Arguments
        MessageToSend: System.Messaging.Message
        QueueName: .\private$\test
        TransactionType: Automatic
}
11: Activity [1.1] "MainSequence1" is Closed
{
    Variables
        msmqMessage1: System.Messaging.Message
}
12: Activity [1] "CreateAndSendMsmqMessageActivity" is Closed
{
    Arguments
        ResponseQueue: 
        TimeToBeReceived: -00:00:00.0010000
        Recoverable: False
        TimeToReachQueue: -00:00:00.0010000
        Priority: Normal
        Label: MyMessage
        QueueName: .\private$\test
        CorrelationId: 
        TransactionType: Automatic
        AppSpecific: 0
        Data: System.IO.MemoryStream
}
13: WorkflowInstance "CreateAndSendMsmqMessageActivity" is Completed
0: WorkflowInstance "CreateAndSendMsmqMessageActivity" is Started
1: Activity [null] "null" scheduled child activity [1] "CreateAndSendMsmqMessageActivity"
2: Activity [1] "CreateAndSendMsmqMessageActivity" is Executing
{
    Arguments
        ResponseQueue: 
        TimeToBeReceived: -00:00:00.0010000
        Recoverable: False
        TimeToReachQueue: -00:00:00.0010000
        Priority: Normal
        Label: MyMessage
        QueueName: .\private$\test
        CorrelationId: 
        TransactionType: Automatic
        AppSpecific: 0
        Data: System.IO.MemoryStream
}
3: Activity [1] "CreateAndSendMsmqMessageActivity" scheduled child activity [1.1] "MainSequence1"
4: Activity [1.1] "MainSequence1" is Executing
{
    Variables
        msmqMessage1: System.Messaging.Message
}
5: Activity [1.1] "MainSequence1" scheduled child activity [1.9] "CreateMsmqMessage1"
6: Activity [1.9] "CreateMsmqMessage1" is Executing
{
    Arguments
        ResponseQueue: 
        TimeToBeReceived: -00:00:00.0010000
        AcknowledgeType: None
        Recoverable: False
        TimeToReachQueue: -00:00:00.0010000
        Priority: Normal
        BodyStream: System.IO.MemoryStream
        Label: MyMessage
        CorrelationId: 
        Body: 
        AttachSenderId: True
        AppSpecific: 0
        UseDeadLetterQueue: False
        UseTracing: False
        UseJournalQueue: False
        Formatter: 
        AdministrationQueue: 
}
7: Activity [1.9] "CreateMsmqMessage1" is Closed
{
    Arguments
        ResponseQueue: 
        TimeToBeReceived: -00:00:00.0010000
        AcknowledgeType: None
        Recoverable: False
        TimeToReachQueue: -00:00:00.0010000
        Priority: Normal
        BodyStream: System.IO.MemoryStream
        Label: MyMessage
        CorrelationId: 
        Body: 
        AttachSenderId: True
        Result: System.Messaging.Message
        AppSpecific: 0
        UseDeadLetterQueue: False
        UseTracing: False
        UseJournalQueue: False
        Formatter: 
        AdministrationQueue: 
}
8: Activity [1.1] "MainSequence1" scheduled child activity [1.2] "SendMsmqMessage1"
9: Activity [1.2] "SendMsmqMessage1" is Executing
{
    Arguments
        MessageToSend: System.Messaging.Message
        QueueName: .\private$\test
        TransactionType: Automatic
}
10: Activity [1.2] "SendMsmqMessage1" is Closed
{
    Arguments
        MessageToSend: System.Messaging.Message
        QueueName: .\private$\test
        TransactionType: Automatic
}
11: Activity [1.1] "MainSequence1" is Closed
{
    Variables
        msmqMessage1: System.Messaging.Message
}
12: Activity [1] "CreateAndSendMsmqMessageActivity" is Closed
{
    Arguments
        ResponseQueue: 
        TimeToBeReceived: -00:00:00.0010000
        Recoverable: False
        TimeToReachQueue: -00:00:00.0010000
        Priority: Normal
        Label: MyMessage
        QueueName: .\private$\test
        CorrelationId: 
        TransactionType: Automatic
        AppSpecific: 0
        Data: System.IO.MemoryStream
}
13: WorkflowInstance "CreateAndSendMsmqMessageActivity" is Completed</StdOut>
      </Output>
    </UnitTestResult>
    <UnitTestResult executionId="297ff8b2-1762-43d5-984c-2136b9cf850a" testId="ef7cc453-999d-033b-e33f-c8db4dfbea8c" testName="Allocate_InspectDefaultValues_TimeToReachQueueIsNegative" computerName="ICSWS068" duration="00:00:00.0058218" startTime="2016-08-04T09:58:44.7323724+02:00" endTime="2016-08-04T09:58:44.7398790+02:00" testType="13cdc9d9-ddb5-4fa4-a97d-d965ccfc6d4b" outcome="Passed" testListId="8c84fa94-04c1-424b-9868-57a2d4851a1d" relativeResultsDirectory="297ff8b2-1762-43d5-984c-2136b9cf850a">
      <Output>
        <StdOut>Debug Trace:
0: WorkflowInstance "CreateAndSendMsmqMessageActivity" is Started
1: Activity [null] "null" scheduled child activity [1] "CreateAndSendMsmqMessageActivity"
2: Activity [1] "CreateAndSendMsmqMessageActivity" is Executing
{
    Arguments
        ResponseQueue: 
        TimeToBeReceived: -00:00:00.0010000
        Recoverable: False
        TimeToReachQueue: -00:00:00.0010000
        Priority: Normal
        Label: MyMessage
        QueueName: .\private$\test
        CorrelationId: 
        TransactionType: Automatic
        AppSpecific: 0
        Data: System.IO.MemoryStream
}
3: Activity [1] "CreateAndSendMsmqMessageActivity" scheduled child activity [1.1] "MainSequence1"
4: Activity [1.1] "MainSequence1" is Executing
{
    Variables
        msmqMessage1: 
}
5: Activity [1.1] "MainSequence1" scheduled child activity [1.9] "CreateMsmqMessage1"
6: Activity [1.9] "CreateMsmqMessage1" is Executing
{
    Arguments
        ResponseQueue: 
        TimeToBeReceived: -00:00:00.0010000
        AcknowledgeType: None
        Recoverable: False
        TimeToReachQueue: -00:00:00.0010000
        Priority: Normal
        BodyStream: System.IO.MemoryStream
        Label: MyMessage
        CorrelationId: 
        Body: 
        AttachSenderId: True
        AppSpecific: 0
        UseDeadLetterQueue: False
        UseTracing: False
        UseJournalQueue: False
        Formatter: 
        AdministrationQueue: 
}
7: Activity [1.9] "CreateMsmqMessage1" is Closed
{
    Arguments
        ResponseQueue: 
        TimeToBeReceived: -00:00:00.0010000
        AcknowledgeType: None
        Recoverable: False
        TimeToReachQueue: -00:00:00.0010000
        Priority: Normal
        BodyStream: System.IO.MemoryStream
        Label: MyMessage
        CorrelationId: 
        Body: 
        AttachSenderId: True
        Result: System.Messaging.Message
        AppSpecific: 0
        UseDeadLetterQueue: False
        UseTracing: False
        UseJournalQueue: False
        Formatter: 
        AdministrationQueue: 
}
8: Activity [1.1] "MainSequence1" scheduled child activity [1.2] "SendMsmqMessage1"
9: Activity [1.2] "SendMsmqMessage1" is Executing
{
    Arguments
        MessageToSend: System.Messaging.Message
        QueueName: .\private$\test
        TransactionType: Automatic
}
10: Activity [1.2] "SendMsmqMessage1" is Closed
{
    Arguments
        MessageToSend: System.Messaging.Message
        QueueName: .\private$\test
        TransactionType: Automatic
}
11: Activity [1.1] "MainSequence1" is Closed
{
    Variables
        msmqMessage1: System.Messaging.Message
}
12: Activity [1] "CreateAndSendMsmqMessageActivity" is Closed
{
    Arguments
        ResponseQueue: 
        TimeToBeReceived: -00:00:00.0010000
        Recoverable: False
        TimeToReachQueue: -00:00:00.0010000
        Priority: Normal
        Label: MyMessage
        QueueName: .\private$\test
        CorrelationId: 
        TransactionType: Automatic
        AppSpecific: 0
        Data: System.IO.MemoryStream
}
13: WorkflowInstance "CreateAndSendMsmqMessageActivity" is Completed
0: WorkflowInstance "CreateAndSendMsmqMessageActivity" is Started
1: Activity [null] "null" scheduled child activity [1] "CreateAndSendMsmqMessageActivity"
2: Activity [1] "CreateAndSendMsmqMessageActivity" is Executing
{
    Arguments
        ResponseQueue: 
        TimeToBeReceived: -00:00:00.0010000
        Recoverable: False
        TimeToReachQueue: -00:00:00.0010000
        Priority: Normal
        Label: MyMessage
        QueueName: .\private$\test
        CorrelationId: 
        TransactionType: Automatic
        AppSpecific: 0
        Data: System.IO.MemoryStream
}
3: Activity [1] "CreateAndSendMsmqMessageActivity" scheduled child activity [1.1] "MainSequence1"
4: Activity [1.1] "MainSequence1" is Executing
{
    Variables
        msmqMessage1: System.Messaging.Message
}
5: Activity [1.1] "MainSequence1" scheduled child activity [1.9] "CreateMsmqMessage1"
6: Activity [1.9] "CreateMsmqMessage1" is Executing
{
    Arguments
        ResponseQueue: 
        TimeToBeReceived: -00:00:00.0010000
        AcknowledgeType: None
        Recoverable: False
        TimeToReachQueue: -00:00:00.0010000
        Priority: Normal
        BodyStream: System.IO.MemoryStream
        Label: MyMessage
        CorrelationId: 
        Body: 
        AttachSenderId: True
        AppSpecific: 0
        UseDeadLetterQueue: False
        UseTracing: False
        UseJournalQueue: False
        Formatter: 
        AdministrationQueue: 
}
7: Activity [1.9] "CreateMsmqMessage1" is Closed
{
    Arguments
        ResponseQueue: 
        TimeToBeReceived: -00:00:00.0010000
        AcknowledgeType: None
        Recoverable: False
        TimeToReachQueue: -00:00:00.0010000
        Priority: Normal
        BodyStream: System.IO.MemoryStream
        Label: MyMessage
        CorrelationId: 
        Body: 
        AttachSenderId: True
        Result: System.Messaging.Message
        AppSpecific: 0
        UseDeadLetterQueue: False
        UseTracing: False
        UseJournalQueue: False
        Formatter: 
        AdministrationQueue: 
}
8: Activity [1.1] "MainSequence1" scheduled child activity [1.2] "SendMsmqMessage1"
9: Activity [1.2] "SendMsmqMessage1" is Executing
{
    Arguments
        MessageToSend: System.Messaging.Message
        QueueName: .\private$\test
        TransactionType: Automatic
}
10: Activity [1.2] "SendMsmqMessage1" is Closed
{
    Arguments
        MessageToSend: System.Messaging.Message
        QueueName: .\private$\test
        TransactionType: Automatic
}
11: Activity [1.1] "MainSequence1" is Closed
{
    Variables
        msmqMessage1: System.Messaging.Message
}
12: Activity [1] "CreateAndSendMsmqMessageActivity" is Closed
{
    Arguments
        ResponseQueue: 
        TimeToBeReceived: -00:00:00.0010000
        Recoverable: False
        TimeToReachQueue: -00:00:00.0010000
        Priority: Normal
        Label: MyMessage
        QueueName: .\private$\test
        CorrelationId: 
        TransactionType: Automatic
        AppSpecific: 0
        Data: System.IO.MemoryStream
}
13: WorkflowInstance "CreateAndSendMsmqMessageActivity" is Completed</StdOut>
      </Output>
    </UnitTestResult>
    <UnitTestResult executionId="69498779-6420-4546-87c1-613782703b3b" testId="4bf892ed-55ff-bfb2-30a4-38da7ebe9ccb" testName="Invoke_OmitInArgumentQueueName_ThrowsArgumentException" computerName="ICSWS068" duration="00:00:00.0038216" startTime="2016-08-04T09:58:44.7423813+02:00" endTime="2016-08-04T09:58:44.7473868+02:00" testType="13cdc9d9-ddb5-4fa4-a97d-d965ccfc6d4b" outcome="Passed" testListId="8c84fa94-04c1-424b-9868-57a2d4851a1d" relativeResultsDirectory="69498779-6420-4546-87c1-613782703b3b" />
    <UnitTestResult executionId="feb9a503-9134-4d51-9f58-b130de9c12b6" testId="28647eae-996c-9db4-f72c-38895a23c00d" testName="Invoke_ActivityIsCancelled_ActivityCancels" computerName="ICSWS068" duration="00:00:00.0045987" startTime="2016-08-04T09:58:44.7503885+02:00" endTime="2016-08-04T09:58:44.7559110+02:00" testType="13cdc9d9-ddb5-4fa4-a97d-d965ccfc6d4b" outcome="Passed" testListId="8c84fa94-04c1-424b-9868-57a2d4851a1d" relativeResultsDirectory="feb9a503-9134-4d51-9f58-b130de9c12b6">
      <Output>
        <StdOut>Debug Trace:
0: WorkflowInstance "CreateAndSendMsmqMessageActivity" is Started
1: Activity [null] "null" scheduled child activity [1] "CreateAndSendMsmqMessageActivity"
2: Activity [1] "CreateAndSendMsmqMessageActivity" is Executing
{
    Arguments
        ResponseQueue: 
        TimeToBeReceived: -00:00:00.0010000
        Recoverable: False
        TimeToReachQueue: -00:00:00.0010000
        Priority: Normal
        Label: MyMessage
        QueueName: .\private$\test
        CorrelationId: 
        TransactionType: Automatic
        AppSpecific: 0
        Data: System.IO.MemoryStream
}
3: Activity [1] "CreateAndSendMsmqMessageActivity" scheduled child activity [1.1] "MainSequence1"
4: Host requests cancel of activity [1] "CreateAndSendMsmqMessageActivity"
5: Activity [1] "CreateAndSendMsmqMessageActivity" requests cancel of activity [1.1] "MainSequence1"
6: Activity [1.1] "MainSequence1" is Canceled
7: Activity [1] "CreateAndSendMsmqMessageActivity" is Canceled
{
    Arguments
        ResponseQueue: 
        TimeToBeReceived: -00:00:00.0010000
        Recoverable: False
        TimeToReachQueue: -00:00:00.0010000
        Priority: Normal
        Label: MyMessage
        QueueName: .\private$\test
        CorrelationId: 
        TransactionType: Automatic
        AppSpecific: 0
        Data: System.IO.MemoryStream
}
8: WorkflowInstance "CreateAndSendMsmqMessageActivity" is Canceled
0: WorkflowInstance "CreateAndSendMsmqMessageActivity" is Started
1: Activity [null] "null" scheduled child activity [1] "CreateAndSendMsmqMessageActivity"
2: Activity [1] "CreateAndSendMsmqMessageActivity" is Executing
{
    Arguments
        ResponseQueue: 
        TimeToBeReceived: -00:00:00.0010000
        Recoverable: False
        TimeToReachQueue: -00:00:00.0010000
        Priority: Normal
        Label: MyMessage
        QueueName: .\private$\test
        CorrelationId: 
        TransactionType: Automatic
        AppSpecific: 0
        Data: System.IO.MemoryStream
}
3: Activity [1] "CreateAndSendMsmqMessageActivity" scheduled child activity [1.1] "MainSequence1"
4: Host requests cancel of activity [1] "CreateAndSendMsmqMessageActivity"
5: Activity [1] "CreateAndSendMsmqMessageActivity" requests cancel of activity [1.1] "MainSequence1"
6: Activity [1.1] "MainSequence1" is Canceled
7: Activity [1] "CreateAndSendMsmqMessageActivity" is Canceled
{
    Arguments
        ResponseQueue: 
        TimeToBeReceived: -00:00:00.0010000
        Recoverable: False
        TimeToReachQueue: -00:00:00.0010000
        Priority: Normal
        Label: MyMessage
        QueueName: .\private$\test
        CorrelationId: 
        TransactionType: Automatic
        AppSpecific: 0
        Data: System.IO.MemoryStream
}
8: WorkflowInstance "CreateAndSendMsmqMessageActivity" is Canceled</StdOut>
      </Output>
    </UnitTestResult>
    <UnitTestResult executionId="d2745aa3-9072-4d1d-9702-054c47b0fd3a" testId="c5edca31-eb94-9e95-0f34-62295ab09157" testName="Invoke_QueueNameNotSpecified_ThrowsArgumentException" computerName="ICSWS068" duration="00:00:00.0043435" startTime="2016-08-04T09:58:44.7589133+02:00" endTime="2016-08-04T09:58:44.7640646+02:00" testType="13cdc9d9-ddb5-4fa4-a97d-d965ccfc6d4b" outcome="Passed" testListId="8c84fa94-04c1-424b-9868-57a2d4851a1d" relativeResultsDirectory="d2745aa3-9072-4d1d-9702-054c47b0fd3a" />
    <UnitTestResult executionId="d41a6099-4070-418b-987d-8731f7378ebb" testId="700ba829-37de-2953-2132-d00788663c1f" testName="Invoke_ReadModeNotSpecified_ThrowsArgumentException" computerName="ICSWS068" duration="00:00:00.0015231" startTime="2016-08-04T09:58:44.7670522+02:00" endTime="2016-08-04T09:58:44.7695689+02:00" testType="13cdc9d9-ddb5-4fa4-a97d-d965ccfc6d4b" outcome="Passed" testListId="8c84fa94-04c1-424b-9868-57a2d4851a1d" relativeResultsDirectory="d41a6099-4070-418b-987d-8731f7378ebb" />
    <UnitTestResult executionId="9e16514d-cee0-4918-ab18-45cc8ff93197" testId="2e3b53d7-156d-20bc-a001-6d9959b9b33e" testName="Invoke_ExclusiveReadAccessNotSpecified_ThrowsArgumentException" computerName="ICSWS068" duration="00:00:00.0014785" startTime="2016-08-04T09:58:44.7719108+02:00" endTime="2016-08-04T09:58:44.7744518+02:00" testType="13cdc9d9-ddb5-4fa4-a97d-d965ccfc6d4b" outcome="Passed" testListId="8c84fa94-04c1-424b-9868-57a2d4851a1d" relativeResultsDirectory="9e16514d-cee0-4918-ab18-45cc8ff93197" />
    <UnitTestResult executionId="39759fc6-d84c-494b-adf2-4db75529c2bf" testId="90eead86-0e73-6fd0-f06f-c2b13c5ad438" testName="Invoke_QueueNameIsNull_ThrowsArgumentException" computerName="ICSWS068" duration="00:00:00.0030266" startTime="2016-08-04T09:58:44.7769327+02:00" endTime="2016-08-04T09:58:44.7814364+02:00" testType="13cdc9d9-ddb5-4fa4-a97d-d965ccfc6d4b" outcome="Passed" testListId="8c84fa94-04c1-424b-9868-57a2d4851a1d" relativeResultsDirectory="39759fc6-d84c-494b-adf2-4db75529c2bf">
      <Output>
        <StdOut>Debug Trace:
0: WorkflowInstance "CreateMsmqListenerConfigurationActivity" is Started
1: Activity [null] "null" scheduled child activity [1] "CreateMsmqListenerConfigurationActivity"
2: Activity [1] "CreateMsmqListenerConfigurationActivity" is Executing
{
    Arguments
        QueueName: 
        MessagePropertyFilter: 
        ExclusiveReadAccess: True
        Formatter: 
        ReadMode: Receive
}
3: Activity [1] "CreateMsmqListenerConfigurationActivity" is Faulted
{
    Arguments
        QueueName: 
        MessagePropertyFilter: 
        ExclusiveReadAccess: True
        Result: 
        Formatter: 
        ReadMode: Receive
}
4: Fault source [1] "CreateMsmqListenerConfigurationActivity"
5: WorkflowInstance "CreateMsmqListenerConfigurationActivity" Unhandled Exception Source "CreateMsmqListenerConfigurationActivity" Exception &lt;System.ArgumentException: Queue Name was null (Nothing in Visual Basic) or empty.
   at iCore.Workflow.Activities.Msmq.CreateMsmqListenerConfigurationActivity.Execute(CodeActivityContext context)
   at System.Activities.CodeActivity`1.InternalExecute(ActivityInstance instance, ActivityExecutor executor, BookmarkManager bookmarkManager)
   at System.Activities.ActivityInstance.Execute(ActivityExecutor executor, BookmarkManager bookmarkManager)
   at System.Activities.Runtime.ActivityExecutor.ExecuteActivityWorkItem.ExecuteBody(ActivityExecutor executor, BookmarkManager bookmarkManager, Location resultLocation)&gt;</StdOut>
      </Output>
    </UnitTestResult>
    <UnitTestResult executionId="9e535ef7-e8a7-455b-83f5-79d8a321785d" testId="45a9f9d9-f5e3-651e-cca8-8968f4f4328b" testName="Invoke_ValidInputArguments_Succeeds" computerName="ICSWS068" duration="00:00:00.0027665" startTime="2016-08-04T09:58:44.7841267+02:00" endTime="2016-08-04T09:58:44.7881451+02:00" testType="13cdc9d9-ddb5-4fa4-a97d-d965ccfc6d4b" outcome="Passed" testListId="8c84fa94-04c1-424b-9868-57a2d4851a1d" relativeResultsDirectory="9e535ef7-e8a7-455b-83f5-79d8a321785d">
      <Output>
        <StdOut>Debug Trace:
0: WorkflowInstance "CreateMsmqListenerConfigurationActivity" is Started
1: Activity [null] "null" scheduled child activity [1] "CreateMsmqListenerConfigurationActivity"
2: Activity [1] "CreateMsmqListenerConfigurationActivity" is Executing
{
    Arguments
        QueueName: .\private$\unitTest
        MessagePropertyFilter: 
        ExclusiveReadAccess: True
        Formatter: 
        ReadMode: Peek
}
3: Activity [1] "CreateMsmqListenerConfigurationActivity" is Closed
{
    Arguments
        QueueName: .\private$\unitTest
        MessagePropertyFilter: 
        ExclusiveReadAccess: True
        Result: iCore.Workflow.Activities.Msmq.MsmqListenerConfiguration
        Formatter: 
        ReadMode: Peek
}
4: WorkflowInstance "CreateMsmqListenerConfigurationActivity" is Completed</StdOut>
      </Output>
    </UnitTestResult>
    <UnitTestResult executionId="d38dcdfc-d99c-4975-be33-ce6b8796014e" testId="33e8ca68-73a4-d45c-089c-d049d86037fd" testName="Invoke_AllInputArguments_Succeeds" computerName="ICSWS068" duration="00:00:00.0016762" startTime="2016-08-04T09:58:44.7906295+02:00" endTime="2016-08-04T09:58:44.7936371+02:00" testType="13cdc9d9-ddb5-4fa4-a97d-d965ccfc6d4b" outcome="Passed" testListId="8c84fa94-04c1-424b-9868-57a2d4851a1d" relativeResultsDirectory="d38dcdfc-d99c-4975-be33-ce6b8796014e">
      <Output>
        <StdOut>Debug Trace:
0: WorkflowInstance "CreateMsmqListenerConfigurationActivity" is Started
1: Activity [null] "null" scheduled child activity [1] "CreateMsmqListenerConfigurationActivity"
2: Activity [1] "CreateMsmqListenerConfigurationActivity" is Executing
{
    Arguments
        QueueName: .\private$\unitTest
        MessagePropertyFilter: System.Messaging.MessagePropertyFilter
        ExclusiveReadAccess: True
        Formatter: System.Messaging.BinaryMessageFormatter
        ReadMode: Peek
}
3: Activity [1] "CreateMsmqListenerConfigurationActivity" is Closed
{
    Arguments
        QueueName: .\private$\unitTest
        MessagePropertyFilter: System.Messaging.MessagePropertyFilter
        ExclusiveReadAccess: True
        Result: iCore.Workflow.Activities.Msmq.MsmqListenerConfiguration
        Formatter: System.Messaging.BinaryMessageFormatter
        ReadMode: Peek
}
4: WorkflowInstance "CreateMsmqListenerConfigurationActivity" is Completed</StdOut>
      </Output>
    </UnitTestResult>
    <UnitTestResult executionId="2d942f97-eb70-4ac3-89ef-f0a83d65c3b3" testId="b91b762a-c4ea-67d6-889f-2292b8d91d7c" testName="Invoke_InvalidCorrelationId_ThrowsArgumentException" computerName="ICSWS068" duration="00:00:00.0028899" startTime="2016-08-04T09:58:44.7961388+02:00" endTime="2016-08-04T09:58:44.8006405+02:00" testType="13cdc9d9-ddb5-4fa4-a97d-d965ccfc6d4b" outcome="Passed" testListId="8c84fa94-04c1-424b-9868-57a2d4851a1d" relativeResultsDirectory="2d942f97-eb70-4ac3-89ef-f0a83d65c3b3">
      <Output>
        <StdOut>Debug Trace:
0: WorkflowInstance "CreateMsmqMessageActivity" is Started
1: Activity [null] "null" scheduled child activity [1] "CreateMsmqMessageActivity"
2: Activity [1] "CreateMsmqMessageActivity" is Executing
{
    Arguments
        ResponseQueue: .\private$\response
        TimeToBeReceived: 00:00:30
        AcknowledgeType: None
        Recoverable: True
        TimeToReachQueue: 00:01:00
        Priority: High
        BodyStream: 
        Label: MyLabel
        CorrelationId: Invalid Identifier
        Body: This is my body
        AttachSenderId: False
        AppSpecific: 34
        UseDeadLetterQueue: True
        UseTracing: True
        UseJournalQueue: True
        Formatter: System.Messaging.BinaryMessageFormatter
        AdministrationQueue: .\private$\admin
}
3: Activity [1] "CreateMsmqMessageActivity" is Faulted
{
    Arguments
        ResponseQueue: .\private$\response
        TimeToBeReceived: 00:00:30
        AcknowledgeType: None
        Recoverable: True
        TimeToReachQueue: 00:01:00
        Priority: High
        BodyStream: 
        Label: MyLabel
        CorrelationId: Invalid Identifier
        Body: This is my body
        AttachSenderId: False
        Result: 
        AppSpecific: 34
        UseDeadLetterQueue: True
        UseTracing: True
        UseJournalQueue: True
        Formatter: System.Messaging.BinaryMessageFormatter
        AdministrationQueue: .\private$\admin
}
4: Fault source [1] "CreateMsmqMessageActivity"
5: WorkflowInstance "CreateMsmqMessageActivity" Unhandled Exception Source "CreateMsmqMessageActivity" Exception &lt;System.ArgumentException: Invalid Correlation Id; Identifier is not in the incorrect format.
   at iCore.Workflow.Activities.Msmq.CreateMsmqMessageActivity.Execute(CodeActivityContext context)
   at System.Activities.CodeActivity`1.InternalExecute(ActivityInstance instance, ActivityExecutor executor, BookmarkManager bookmarkManager)
   at System.Activities.ActivityInstance.Execute(ActivityExecutor executor, BookmarkManager bookmarkManager)
   at System.Activities.Runtime.ActivityExecutor.ExecuteActivityWorkItem.ExecuteBody(ActivityExecutor executor, BookmarkManager bookmarkManager, Location resultLocation)&gt;</StdOut>
      </Output>
    </UnitTestResult>
    <UnitTestResult executionId="09b5f4af-fad3-4db6-b8a1-1b51b466ae94" testId="d3dcdee5-67f3-e471-1e9a-6b5d69648acd" testName="Invoke_BothBodyAndBodyStreamProvider_ThrowsArgumentException" computerName="ICSWS068" duration="00:00:00.0021770" startTime="2016-08-04T09:58:44.8026425+02:00" endTime="2016-08-04T09:58:44.8067559+02:00" testType="13cdc9d9-ddb5-4fa4-a97d-d965ccfc6d4b" outcome="Passed" testListId="8c84fa94-04c1-424b-9868-57a2d4851a1d" relativeResultsDirectory="09b5f4af-fad3-4db6-b8a1-1b51b466ae94" />
    <UnitTestResult executionId="594e97bd-9787-4191-95a5-ec40f81376c8" testId="fa0b5eaf-883a-6047-2c31-d0e5255a86f9" testName="Invoke_ValidArgumentsWithBody_ProducesCorrectResult" computerName="ICSWS068" duration="00:00:00.0062629" startTime="2016-08-04T09:58:44.8097430+02:00" endTime="2016-08-04T09:58:44.8172534+02:00" testType="13cdc9d9-ddb5-4fa4-a97d-d965ccfc6d4b" outcome="Passed" testListId="8c84fa94-04c1-424b-9868-57a2d4851a1d" relativeResultsDirectory="594e97bd-9787-4191-95a5-ec40f81376c8">
      <Output>
        <StdOut>Debug Trace:
0: WorkflowInstance "CreateMsmqMessageActivity" is Started
1: Activity [null] "null" scheduled child activity [1] "CreateMsmqMessageActivity"
2: Activity [1] "CreateMsmqMessageActivity" is Executing
{
    Arguments
        ResponseQueue: .\private$\response
        TimeToBeReceived: 00:00:30
        AcknowledgeType: None
        Recoverable: True
        TimeToReachQueue: 00:01:00
        Priority: High
        BodyStream: 
        Label: MyLabel
        CorrelationId: 90f82331-83b5-4d58-9d93-7414c3516098\11
        Body: This is my body
        AttachSenderId: False
        AppSpecific: 34
        UseDeadLetterQueue: True
        UseTracing: True
        UseJournalQueue: True
        Formatter: System.Messaging.BinaryMessageFormatter
        AdministrationQueue: .\private$\admin
}
3: Activity [1] "CreateMsmqMessageActivity" is Closed
{
    Arguments
        ResponseQueue: .\private$\response
        TimeToBeReceived: 00:00:30
        AcknowledgeType: None
        Recoverable: True
        TimeToReachQueue: 00:01:00
        Priority: High
        BodyStream: 
        Label: MyLabel
        CorrelationId: 90f82331-83b5-4d58-9d93-7414c3516098\11
        Body: This is my body
        AttachSenderId: False
        Result: System.Messaging.Message
        AppSpecific: 34
        UseDeadLetterQueue: True
        UseTracing: True
        UseJournalQueue: True
        Formatter: System.Messaging.BinaryMessageFormatter
        AdministrationQueue: .\private$\admin
}
4: WorkflowInstance "CreateMsmqMessageActivity" is Completed</StdOut>
      </Output>
    </UnitTestResult>
    <UnitTestResult executionId="300f0fea-31e8-40e2-bc2e-5e173c324f74" testId="5af10ea7-f1d6-e68e-8785-f52a450e2158" testName="Invoke_ValidArgumentsWithBodyStream_ProducesCorrectResult" computerName="ICSWS068" duration="00:00:00.0035078" startTime="2016-08-04T09:58:44.8197698+02:00" endTime="2016-08-04T09:58:44.8247585+02:00" testType="13cdc9d9-ddb5-4fa4-a97d-d965ccfc6d4b" outcome="Passed" testListId="8c84fa94-04c1-424b-9868-57a2d4851a1d" relativeResultsDirectory="300f0fea-31e8-40e2-bc2e-5e173c324f74">
      <Output>
        <StdOut>Debug Trace:
0: WorkflowInstance "CreateMsmqMessageActivity" is Started
1: Activity [null] "null" scheduled child activity [1] "CreateMsmqMessageActivity"
2: Activity [1] "CreateMsmqMessageActivity" is Executing
{
    Arguments
        ResponseQueue: .\private$\response
        TimeToBeReceived: 00:00:30
        AcknowledgeType: None
        Recoverable: True
        TimeToReachQueue: 00:01:00
        Priority: High
        BodyStream: System.IO.MemoryStream
        Label: MyLabel
        CorrelationId: defcf24e-0a06-47a1-9d6c-e8b88d4cf593\11
        Body: 
        AttachSenderId: False
        AppSpecific: 34
        UseDeadLetterQueue: True
        UseTracing: True
        UseJournalQueue: True
        Formatter: System.Messaging.BinaryMessageFormatter
        AdministrationQueue: .\private$\admin
}
3: Activity [1] "CreateMsmqMessageActivity" is Closed
{
    Arguments
        ResponseQueue: .\private$\response
        TimeToBeReceived: 00:00:30
        AcknowledgeType: None
        Recoverable: True
        TimeToReachQueue: 00:01:00
        Priority: High
        BodyStream: System.IO.MemoryStream
        Label: MyLabel
        CorrelationId: defcf24e-0a06-47a1-9d6c-e8b88d4cf593\11
        Body: 
        AttachSenderId: False
        Result: System.Messaging.Message
        AppSpecific: 34
        UseDeadLetterQueue: True
        UseTracing: True
        UseJournalQueue: True
        Formatter: System.Messaging.BinaryMessageFormatter
        AdministrationQueue: .\private$\admin
}
4: WorkflowInstance "CreateMsmqMessageActivity" is Completed</StdOut>
      </Output>
    </UnitTestResult>
    <UnitTestResult executionId="5bd130df-c977-490a-9b69-b7970d647c74" testId="be15631c-4d60-c024-df8d-476bf4b8b5ab" testName="Invoke_InfiniteTimeouts_ProducesCorrectResult" computerName="ICSWS068" duration="00:00:00.0034963" startTime="2016-08-04T09:58:44.8272588+02:00" endTime="2016-08-04T09:58:44.8322786+02:00" testType="13cdc9d9-ddb5-4fa4-a97d-d965ccfc6d4b" outcome="Passed" testListId="8c84fa94-04c1-424b-9868-57a2d4851a1d" relativeResultsDirectory="5bd130df-c977-490a-9b69-b7970d647c74">
      <Output>
        <StdOut>Debug Trace:
0: WorkflowInstance "CreateMsmqMessageActivity" is Started
1: Activity [null] "null" scheduled child activity [1] "CreateMsmqMessageActivity"
2: Activity [1] "CreateMsmqMessageActivity" is Executing
{
    Arguments
        ResponseQueue: .\private$\response
        TimeToBeReceived: -00:00:00.0010000
        AcknowledgeType: None
        Recoverable: True
        TimeToReachQueue: -00:00:00.0010000
        Priority: High
        BodyStream: 
        Label: MyLabel
        CorrelationId: 0fa02f23-5a86-448e-a8bf-3b5d02241294\11
        Body: This is my body
        AttachSenderId: True
        AppSpecific: 34
        UseDeadLetterQueue: False
        UseTracing: False
        UseJournalQueue: False
        Formatter: System.Messaging.BinaryMessageFormatter
        AdministrationQueue: .\private$\admin
}
3: Activity [1] "CreateMsmqMessageActivity" is Closed
{
    Arguments
        ResponseQueue: .\private$\response
        TimeToBeReceived: -00:00:00.0010000
        AcknowledgeType: None
        Recoverable: True
        TimeToReachQueue: -00:00:00.0010000
        Priority: High
        BodyStream: 
        Label: MyLabel
        CorrelationId: 0fa02f23-5a86-448e-a8bf-3b5d02241294\11
        Body: This is my body
        AttachSenderId: True
        Result: System.Messaging.Message
        AppSpecific: 34
        UseDeadLetterQueue: False
        UseTracing: False
        UseJournalQueue: False
        Formatter: System.Messaging.BinaryMessageFormatter
        AdministrationQueue: .\private$\admin
}
4: WorkflowInstance "CreateMsmqMessageActivity" is Completed</StdOut>
      </Output>
    </UnitTestResult>
    <UnitTestResult executionId="6f867a1c-bd2a-4c58-959b-7e127a80b9ce" testId="d7b1bc78-681c-1e09-6186-f4e5c9bb34cc" testName="Invoke_ValidArgumentsAndNullResponseQueue_ResponseQueueIsNull" computerName="ICSWS068" duration="00:00:00.0032917" startTime="2016-08-04T09:58:44.8347818+02:00" endTime="2016-08-04T09:58:44.8392835+02:00" testType="13cdc9d9-ddb5-4fa4-a97d-d965ccfc6d4b" outcome="Passed" testListId="8c84fa94-04c1-424b-9868-57a2d4851a1d" relativeResultsDirectory="6f867a1c-bd2a-4c58-959b-7e127a80b9ce">
      <Output>
        <StdOut>Debug Trace:
0: WorkflowInstance "CreateMsmqMessageActivity" is Started
1: Activity [null] "null" scheduled child activity [1] "CreateMsmqMessageActivity"
2: Activity [1] "CreateMsmqMessageActivity" is Executing
{
    Arguments
        ResponseQueue: 
        TimeToBeReceived: 00:00:30
        AcknowledgeType: None
        Recoverable: True
        TimeToReachQueue: 00:01:00
        Priority: High
        BodyStream: 
        Label: MyLabel
        CorrelationId: b7122da2-e25c-41b1-8b46-c6ecd31d8d3e\11
        Body: This is my body
        AttachSenderId: False
        AppSpecific: 34
        UseDeadLetterQueue: True
        UseTracing: True
        UseJournalQueue: True
        Formatter: System.Messaging.BinaryMessageFormatter
        AdministrationQueue: .\private$\admin
}
3: Activity [1] "CreateMsmqMessageActivity" is Closed
{
    Arguments
        ResponseQueue: 
        TimeToBeReceived: 00:00:30
        AcknowledgeType: None
        Recoverable: True
        TimeToReachQueue: 00:01:00
        Priority: High
        BodyStream: 
        Label: MyLabel
        CorrelationId: b7122da2-e25c-41b1-8b46-c6ecd31d8d3e\11
        Body: This is my body
        AttachSenderId: False
        Result: System.Messaging.Message
        AppSpecific: 34
        UseDeadLetterQueue: True
        UseTracing: True
        UseJournalQueue: True
        Formatter: System.Messaging.BinaryMessageFormatter
        AdministrationQueue: .\private$\admin
}
4: WorkflowInstance "CreateMsmqMessageActivity" is Completed</StdOut>
      </Output>
    </UnitTestResult>
    <UnitTestResult executionId="c7354e0e-107e-4c46-976b-1a0fb3388c7e" testId="d26aca94-1370-fd03-c3db-9864b9d81383" testName="Invoke_ValidArgumentsAndEmptyResponseQueue_ResponseQueueIsNull" computerName="ICSWS068" duration="00:00:00.0034761" startTime="2016-08-04T09:58:44.8417703+02:00" endTime="2016-08-04T09:58:44.8470760+02:00" testType="13cdc9d9-ddb5-4fa4-a97d-d965ccfc6d4b" outcome="Passed" testListId="8c84fa94-04c1-424b-9868-57a2d4851a1d" relativeResultsDirectory="c7354e0e-107e-4c46-976b-1a0fb3388c7e">
      <Output>
        <StdOut>Debug Trace:
0: WorkflowInstance "CreateMsmqMessageActivity" is Started
1: Activity [null] "null" scheduled child activity [1] "CreateMsmqMessageActivity"
2: Activity [1] "CreateMsmqMessageActivity" is Executing
{
    Arguments
        ResponseQueue: 
        TimeToBeReceived: 00:00:30
        AcknowledgeType: None
        Recoverable: True
        TimeToReachQueue: 00:01:00
        Priority: High
        BodyStream: 
        Label: MyLabel
        CorrelationId: ec4a5398-0d0c-453b-80c9-cc238d98d408\11
        Body: This is my body
        AttachSenderId: False
        AppSpecific: 34
        UseDeadLetterQueue: True
        UseTracing: True
        UseJournalQueue: True
        Formatter: System.Messaging.BinaryMessageFormatter
        AdministrationQueue: .\private$\admin
}
3: Activity [1] "CreateMsmqMessageActivity" is Closed
{
    Arguments
        ResponseQueue: 
        TimeToBeReceived: 00:00:30
        AcknowledgeType: None
        Recoverable: True
        TimeToReachQueue: 00:01:00
        Priority: High
        BodyStream: 
        Label: MyLabel
        CorrelationId: ec4a5398-0d0c-453b-80c9-cc238d98d408\11
        Body: This is my body
        AttachSenderId: False
        Result: System.Messaging.Message
        AppSpecific: 34
        UseDeadLetterQueue: True
        UseTracing: True
        UseJournalQueue: True
        Formatter: System.Messaging.BinaryMessageFormatter
        AdministrationQueue: .\private$\admin
}
4: WorkflowInstance "CreateMsmqMessageActivity" is Completed</StdOut>
      </Output>
    </UnitTestResult>
    <UnitTestResult executionId="c64306de-e693-485a-8311-320b54da5e98" testId="cfe3f517-13fb-b20b-4de1-85b6fafa2873" testName="Invoke_ListenerIdNotSpecified_ThrowsArgumentException" computerName="ICSWS068" duration="00:00:00.0293318" startTime="2016-08-04T09:58:44.8495775+02:00" endTime="2016-08-04T09:58:44.8811236+02:00" testType="13cdc9d9-ddb5-4fa4-a97d-d965ccfc6d4b" outcome="Passed" testListId="8c84fa94-04c1-424b-9868-57a2d4851a1d" relativeResultsDirectory="c64306de-e693-485a-8311-320b54da5e98" />
    <UnitTestResult executionId="9f4f0709-e461-41ee-b8c6-03f8b7a88b43" testId="b31d4a7d-6e3e-204f-09ca-813789348f34" testName="Invoke_ErrorOnTimeoutNotSpecified_ThrowsArgumentException" computerName="ICSWS068" duration="00:00:00.0016987" startTime="2016-08-04T09:58:44.8841282+02:00" endTime="2016-08-04T09:58:44.8871305+02:00" testType="13cdc9d9-ddb5-4fa4-a97d-d965ccfc6d4b" outcome="Passed" testListId="8c84fa94-04c1-424b-9868-57a2d4851a1d" relativeResultsDirectory="9f4f0709-e461-41ee-b8c6-03f8b7a88b43" />
    <UnitTestResult executionId="6ec57162-29ed-4e26-acd1-c844bbec5bfb" testId="6a7bd16d-c097-689c-529c-3b304a8b234b" testName="Invoke_ValidArgumentsAndMessageArrives_CallsAddSubscriptionAndReturnsExpectedResult" computerName="ICSWS068" duration="00:00:00.0094279" startTime="2016-08-04T09:58:44.8897472+02:00" endTime="2016-08-04T09:58:44.9005775+02:00" testType="13cdc9d9-ddb5-4fa4-a97d-d965ccfc6d4b" outcome="Passed" testListId="8c84fa94-04c1-424b-9868-57a2d4851a1d" relativeResultsDirectory="6ec57162-29ed-4e26-acd1-c844bbec5bfb">
      <Output>
        <StdOut>Debug Trace:
0: WorkflowInstance "GetNextMsmqMessageActivity" is Started
1: Activity [null] "null" scheduled child activity [1] "GetNextMsmqMessageActivity"
2: Activity [1] "GetNextMsmqMessageActivity" is Executing
{
    Arguments
        ListenerId: f8efd796-97ec-4ba4-8357-c7452b60413c
        ErrorOnTimeout: True
        Timeout: -00:00:00.0010000
        IsImplicitlyCancellable: True
}
3: WorkflowInstance "GetNextMsmqMessageActivity" is Idle
4: Bookmark "GetNextMsmqMessage-a1fb80a6-3d6d-43cd-8bd4-c852d5c257a8" resumed with payload &lt;iCore.Workflow.Activities.Extensions.ItemSubscriptionEventArgs`1[System.Messaging.Message]&gt; owner [1] "GetNextMsmqMessageActivity"
5: Activity [1] "GetNextMsmqMessageActivity" is Closed
{
    Arguments
        ListenerId: f8efd796-97ec-4ba4-8357-c7452b60413c
        ErrorOnTimeout: True
        Timeout: -00:00:00.0010000
        Result: System.Messaging.Message
        IsImplicitlyCancellable: True
}
6: WorkflowInstance "GetNextMsmqMessageActivity" is Completed</StdOut>
      </Output>
    </UnitTestResult>
    <UnitTestResult executionId="26c02312-4be5-4721-b728-46c75e175e8a" testId="01eeb2ee-8cb5-4559-33ee-4b4e1a315c50" testName="Invoke_ValidArgumentsWithoutTimeoutSpecifiedAndMessageArrives_CallsAddSubscriptionAndReturnsExpectedResult" computerName="ICSWS068" duration="00:00:00.0042301" startTime="2016-08-04T09:58:44.9036912+02:00" endTime="2016-08-04T09:58:44.9091961+02:00" testType="13cdc9d9-ddb5-4fa4-a97d-d965ccfc6d4b" outcome="Passed" testListId="8c84fa94-04c1-424b-9868-57a2d4851a1d" relativeResultsDirectory="26c02312-4be5-4721-b728-46c75e175e8a">
      <Output>
        <StdOut>Debug Trace:
0: WorkflowInstance "GetNextMsmqMessageActivity" is Started
1: Activity [null] "null" scheduled child activity [1] "GetNextMsmqMessageActivity"
2: Activity [1] "GetNextMsmqMessageActivity" is Executing
{
    Arguments
        ListenerId: 944e7475-8052-4522-ba86-5c4bf6f19438
        ErrorOnTimeout: True
        Timeout: -00:00:00.0010000
        IsImplicitlyCancellable: True
}
3: WorkflowInstance "GetNextMsmqMessageActivity" is Idle
4: Bookmark "GetNextMsmqMessage-660b3da8-cb6d-4ee8-948e-5b80eb9bc2b3" resumed with payload &lt;iCore.Workflow.Activities.Extensions.ItemSubscriptionEventArgs`1[System.Messaging.Message]&gt; owner [1] "GetNextMsmqMessageActivity"
5: Activity [1] "GetNextMsmqMessageActivity" is Closed
{
    Arguments
        ListenerId: 944e7475-8052-4522-ba86-5c4bf6f19438
        ErrorOnTimeout: True
        Timeout: -00:00:00.0010000
        Result: System.Messaging.Message
        IsImplicitlyCancellable: True
}
6: WorkflowInstance "GetNextMsmqMessageActivity" is Completed</StdOut>
      </Output>
    </UnitTestResult>
    <UnitTestResult executionId="fdef5871-bcba-4864-b3af-6d541d251564" testId="da18e6f6-9125-b235-08f5-f98e3a349ef3" testName="Invoke_TimeoutOccurrsWithErrorOnTimeoutSetToTrue_ThrowsTimeoutException" computerName="ICSWS068" duration="00:00:00.0047605" startTime="2016-08-04T09:58:44.9116964+02:00" endTime="2016-08-04T09:58:44.9177215+02:00" testType="13cdc9d9-ddb5-4fa4-a97d-d965ccfc6d4b" outcome="Passed" testListId="8c84fa94-04c1-424b-9868-57a2d4851a1d" relativeResultsDirectory="fdef5871-bcba-4864-b3af-6d541d251564">
      <Output>
        <StdOut>Debug Trace:
0: WorkflowInstance "GetNextMsmqMessageActivity" is Started
1: Activity [null] "null" scheduled child activity [1] "GetNextMsmqMessageActivity"
2: Activity [1] "GetNextMsmqMessageActivity" is Executing
{
    Arguments
        ListenerId: 59c8e7f8-2b64-409e-b8e6-eb7b1eeb3c30
        ErrorOnTimeout: True
        Timeout: -00:00:00.0010000
        IsImplicitlyCancellable: True
}
3: WorkflowInstance "GetNextMsmqMessageActivity" is Idle
4: Bookmark "GetNextMsmqMessage-30e5a032-0c1c-45f8-8d8d-850ba916860b" resumed with payload &lt;iCore.Workflow.Activities.Extensions.ItemSubscriptionEventArgs`1[System.Messaging.Message]&gt; owner [1] "GetNextMsmqMessageActivity"
5: Activity [1] "GetNextMsmqMessageActivity" is Faulted
{
    Arguments
        ListenerId: 59c8e7f8-2b64-409e-b8e6-eb7b1eeb3c30
        ErrorOnTimeout: True
        Timeout: -00:00:00.0010000
        Result: 
        IsImplicitlyCancellable: True
}
6: Fault source [1] "GetNextMsmqMessageActivity"
7: WorkflowInstance "GetNextMsmqMessageActivity" Unhandled Exception Source "GetNextMsmqMessageActivity" Exception &lt;System.TimeoutException: The operation has timed out.
   at System.Runtime.ExceptionServices.ExceptionDispatchInfo.Throw()
   at iCore.Workflow.Activities.Extensions.ItemSubscriptionEventArgs`1.ReThrowExceptionIfError()
   at iCore.Workflow.Activities.Msmq.GetNextMsmqMessageActivity.RequestComplete(NativeActivityContext context, Bookmark bookmark, Object value)
   at System.Activities.Runtime.BookmarkCallbackWrapper.Invoke(NativeActivityContext context, Bookmark bookmark, Object value)
   at System.Activities.Runtime.BookmarkWorkItem.Execute(ActivityExecutor executor, BookmarkManager bookmarkManager)&gt;</StdOut>
      </Output>
    </UnitTestResult>
    <UnitTestResult executionId="8a152a46-5ce8-4e8f-9f4c-14699d384b9f" testId="ecfc1719-7276-0755-9f5f-43bd208b35f9" testName="Invoke_ErrorOccurrsWithErrorOnTimeoutSetToTrue_ThrowsTimeoutException" computerName="ICSWS068" duration="00:00:00.0043588" startTime="2016-08-04T09:58:44.9207220+02:00" endTime="2016-08-04T09:58:44.9262266+02:00" testType="13cdc9d9-ddb5-4fa4-a97d-d965ccfc6d4b" outcome="Passed" testListId="8c84fa94-04c1-424b-9868-57a2d4851a1d" relativeResultsDirectory="8a152a46-5ce8-4e8f-9f4c-14699d384b9f">
      <Output>
        <StdOut>Debug Trace:
0: WorkflowInstance "GetNextMsmqMessageActivity" is Started
1: Activity [null] "null" scheduled child activity [1] "GetNextMsmqMessageActivity"
2: Activity [1] "GetNextMsmqMessageActivity" is Executing
{
    Arguments
        ListenerId: 8fb70bc2-35a6-4141-a155-2be8cc406dda
        ErrorOnTimeout: True
        Timeout: -00:00:00.0010000
        IsImplicitlyCancellable: True
}
3: WorkflowInstance "GetNextMsmqMessageActivity" is Idle
4: Bookmark "GetNextMsmqMessage-8a65a19b-082f-4c73-8384-6fe9c62b2f3f" resumed with payload &lt;iCore.Workflow.Activities.Extensions.ItemSubscriptionEventArgs`1[System.Messaging.Message]&gt; owner [1] "GetNextMsmqMessageActivity"
5: Activity [1] "GetNextMsmqMessageActivity" is Faulted
{
    Arguments
        ListenerId: 8fb70bc2-35a6-4141-a155-2be8cc406dda
        ErrorOnTimeout: True
        Timeout: -00:00:00.0010000
        Result: 
        IsImplicitlyCancellable: True
}
6: Fault source [1] "GetNextMsmqMessageActivity"
7: WorkflowInstance "GetNextMsmqMessageActivity" Unhandled Exception Source "GetNextMsmqMessageActivity" Exception &lt;Testing.Common.TestException: Test exception
   at System.Runtime.ExceptionServices.ExceptionDispatchInfo.Throw()
   at iCore.Workflow.Activities.Extensions.ItemSubscriptionEventArgs`1.ReThrowExceptionIfError()
   at iCore.Workflow.Activities.Msmq.GetNextMsmqMessageActivity.RequestComplete(NativeActivityContext context, Bookmark bookmark, Object value)
   at System.Activities.Runtime.BookmarkCallbackWrapper.Invoke(NativeActivityContext context, Bookmark bookmark, Object value)
   at System.Activities.Runtime.BookmarkWorkItem.Execute(ActivityExecutor executor, BookmarkManager bookmarkManager)&gt;</StdOut>
      </Output>
    </UnitTestResult>
    <UnitTestResult executionId="a7d76b21-bc55-4ce5-b570-3c9689662f74" testId="3d59df25-b6bb-e5e2-02a8-692436cf72f4" testName="Invoke_TimeoutOccurrsWithErrorOnTimeoutSetToFalse_ReturnsNull" computerName="ICSWS068" duration="00:00:00.0043474" startTime="2016-08-04T09:58:44.9287321+02:00" endTime="2016-08-04T09:58:44.9342335+02:00" testType="13cdc9d9-ddb5-4fa4-a97d-d965ccfc6d4b" outcome="Passed" testListId="8c84fa94-04c1-424b-9868-57a2d4851a1d" relativeResultsDirectory="a7d76b21-bc55-4ce5-b570-3c9689662f74">
      <Output>
        <StdOut>Debug Trace:
0: WorkflowInstance "GetNextMsmqMessageActivity" is Started
1: Activity [null] "null" scheduled child activity [1] "GetNextMsmqMessageActivity"
2: Activity [1] "GetNextMsmqMessageActivity" is Executing
{
    Arguments
        ListenerId: 4a75e12f-dea7-4b5e-8168-274dc0daae2d
        ErrorOnTimeout: False
        Timeout: -00:00:00.0010000
        IsImplicitlyCancellable: True
}
3: WorkflowInstance "GetNextMsmqMessageActivity" is Idle
4: Bookmark "GetNextMsmqMessage-5ae62b1f-a009-4493-977d-0fcd454273e4" resumed with payload &lt;iCore.Workflow.Activities.Extensions.ItemSubscriptionEventArgs`1[System.Messaging.Message]&gt; owner [1] "GetNextMsmqMessageActivity"
5: Activity [1] "GetNextMsmqMessageActivity" is Closed
{
    Arguments
        ListenerId: 4a75e12f-dea7-4b5e-8168-274dc0daae2d
        ErrorOnTimeout: False
        Timeout: -00:00:00.0010000
        Result: 
        IsImplicitlyCancellable: True
}
6: WorkflowInstance "GetNextMsmqMessageActivity" is Completed</StdOut>
      </Output>
    </UnitTestResult>
    <UnitTestResult executionId="287915b1-f1da-4fb0-9e45-37f67e82a59c" testId="f81dbebf-164f-defa-51f8-879ab4c76cfe" testName="Invoke_ErrorOccurrsWithErrorOnTimeoutSetToFalse_ThrowsException" computerName="ICSWS068" duration="00:00:00.0043805" startTime="2016-08-04T09:58:44.9377352+02:00" endTime="2016-08-04T09:58:44.9422536+02:00" testType="13cdc9d9-ddb5-4fa4-a97d-d965ccfc6d4b" outcome="Passed" testListId="8c84fa94-04c1-424b-9868-57a2d4851a1d" relativeResultsDirectory="287915b1-f1da-4fb0-9e45-37f67e82a59c">
      <Output>
        <StdOut>Debug Trace:
0: WorkflowInstance "GetNextMsmqMessageActivity" is Started
1: Activity [null] "null" scheduled child activity [1] "GetNextMsmqMessageActivity"
2: Activity [1] "GetNextMsmqMessageActivity" is Executing
{
    Arguments
        ListenerId: 658bd144-25f9-4faa-9420-1d977d9ba67c
        ErrorOnTimeout: False
        Timeout: -00:00:00.0010000
        IsImplicitlyCancellable: True
}
3: WorkflowInstance "GetNextMsmqMessageActivity" is Idle
4: Bookmark "GetNextMsmqMessage-12f4afc8-0fe2-4084-8416-d02f6dac3179" resumed with payload &lt;iCore.Workflow.Activities.Extensions.ItemSubscriptionEventArgs`1[System.Messaging.Message]&gt; owner [1] "GetNextMsmqMessageActivity"
5: Activity [1] "GetNextMsmqMessageActivity" is Faulted
{
    Arguments
        ListenerId: 658bd144-25f9-4faa-9420-1d977d9ba67c
        ErrorOnTimeout: False
        Timeout: -00:00:00.0010000
        Result: 
        IsImplicitlyCancellable: True
}
6: Fault source [1] "GetNextMsmqMessageActivity"
7: WorkflowInstance "GetNextMsmqMessageActivity" Unhandled Exception Source "GetNextMsmqMessageActivity" Exception &lt;Testing.Common.TestException: Test exception
   at System.Runtime.ExceptionServices.ExceptionDispatchInfo.Throw()
   at iCore.Workflow.Activities.Extensions.ItemSubscriptionEventArgs`1.ReThrowExceptionIfError()
   at iCore.Workflow.Activities.Msmq.GetNextMsmqMessageActivity.RequestComplete(NativeActivityContext context, Bookmark bookmark, Object value)
   at System.Activities.Runtime.BookmarkCallbackWrapper.Invoke(NativeActivityContext context, Bookmark bookmark, Object value)
   at System.Activities.Runtime.BookmarkWorkItem.Execute(ActivityExecutor executor, BookmarkManager bookmarkManager)&gt;</StdOut>
      </Output>
    </UnitTestResult>
    <UnitTestResult executionId="e8021f1b-eca9-469e-8190-0bddb3cdd19c" testId="c547623b-806a-9548-7cbb-0869993d3d03" testName="Invoke_WorkflowIsCancelled_SubscriptionIsRemovedAndActivityIsCanceled" computerName="ICSWS068" duration="00:00:00.0069719" startTime="2016-08-04T09:58:44.9459978+02:00" endTime="2016-08-04T09:58:44.9539742+02:00" testType="13cdc9d9-ddb5-4fa4-a97d-d965ccfc6d4b" outcome="Passed" testListId="8c84fa94-04c1-424b-9868-57a2d4851a1d" relativeResultsDirectory="e8021f1b-eca9-469e-8190-0bddb3cdd19c">
      <Output>
        <StdOut>Debug Trace:
0: WorkflowInstance "GetNextMsmqMessageActivity" is Started
1: Activity [null] "null" scheduled child activity [1] "GetNextMsmqMessageActivity"
2: Activity [1] "GetNextMsmqMessageActivity" is Executing
{
    Arguments
        ListenerId: 2355ec22-6f62-495e-bc00-a45e9672d8e0
        ErrorOnTimeout: True
        Timeout: -00:00:00.0010000
        IsImplicitlyCancellable: True
}
3: WorkflowInstance "GetNextMsmqMessageActivity" is Idle
4: Host requests cancel of activity [1] "GetNextMsmqMessageActivity"
5: Activity [1] "GetNextMsmqMessageActivity" is Canceled
{
    Arguments
        ListenerId: 2355ec22-6f62-495e-bc00-a45e9672d8e0
        ErrorOnTimeout: True
        Timeout: -00:00:00.0010000
        Result: 
        IsImplicitlyCancellable: True
}
6: WorkflowInstance "GetNextMsmqMessageActivity" is Canceled</StdOut>
      </Output>
    </UnitTestResult>
    <UnitTestResult executionId="bc086ff0-406b-4cc0-8918-dad748f4c0fb" testId="fba5a83d-9c1b-e554-aa01-cb9d9c1048dc" testName="Invoke_AddSubscriptionThrows_ErrorIsPropagated" computerName="ICSWS068" duration="00:00:00.0040799" startTime="2016-08-04T09:58:44.9569751+02:00" endTime="2016-08-04T09:58:44.9619794+02:00" testType="13cdc9d9-ddb5-4fa4-a97d-d965ccfc6d4b" outcome="Passed" testListId="8c84fa94-04c1-424b-9868-57a2d4851a1d" relativeResultsDirectory="bc086ff0-406b-4cc0-8918-dad748f4c0fb">
      <Output>
        <StdOut>Debug Trace:
0: WorkflowInstance "GetNextMsmqMessageActivity" is Started
1: Activity [null] "null" scheduled child activity [1] "GetNextMsmqMessageActivity"
2: Activity [1] "GetNextMsmqMessageActivity" is Executing
{
    Arguments
        ListenerId: 9a7d6ccc-41fb-4f0a-8367-36b4ea6da100
        ErrorOnTimeout: True
        Timeout: -00:00:00.0010000
        IsImplicitlyCancellable: True
}
3: Activity [1] "GetNextMsmqMessageActivity" is Faulted
{
    Arguments
        ListenerId: 9a7d6ccc-41fb-4f0a-8367-36b4ea6da100
        ErrorOnTimeout: True
        Timeout: -00:00:00.0010000
        Result: 
        IsImplicitlyCancellable: True
}
4: Fault source [1] "GetNextMsmqMessageActivity"
5: WorkflowInstance "GetNextMsmqMessageActivity" Unhandled Exception Source "GetNextMsmqMessageActivity" Exception &lt;Testing.Common.TestException: Test exception
   at Moq.MethodCall.Execute(ICallContext call)
   at Moq.ExecuteCall.HandleIntercept(ICallContext invocation, InterceptorContext ctx, CurrentInterceptContext localctx)
   at Moq.Interceptor.Intercept(ICallContext invocation)
   at Moq.Proxy.CastleProxyFactory.Interceptor.Intercept(IInvocation invocation)
   at Castle.DynamicProxy.AbstractInvocation.Proceed()
   at Castle.Proxies.IMsmqMessageSubscriptionExtensionProxy.AddSubscription(Guid providerId, Nullable`1 jobId, Bookmark bookmark, TimeSpan timeout)
   at iCore.Workflow.Activities.Msmq.GetNextMsmqMessageActivity.Execute(NativeActivityContext context)
   at System.Activities.NativeActivity`1.InternalExecute(ActivityInstance instance, ActivityExecutor executor, BookmarkManager bookmarkManager)
   at System.Activities.ActivityInstance.Execute(ActivityExecutor executor, BookmarkManager bookmarkManager)
   at System.Activities.Runtime.ActivityExecutor.ExecuteActivityWorkItem.ExecuteBody(ActivityExecutor executor, BookmarkManager bookmarkManager, Location resultLocation)&gt;</StdOut>
      </Output>
    </UnitTestResult>
    <UnitTestResult executionId="7bfce234-af89-4f6a-82b7-6bf6507ce2ed" testId="5aa87a31-0c63-4a54-0dda-f31e524bdf9c" testName="Invoke_MessageIdNotSpecifiedWithMessageTypeSetToMessageId_ThrowsArgumentException" computerName="ICSWS068" duration="00:00:00.0384181" startTime="2016-08-04T09:58:44.9651526+02:00" endTime="2016-08-04T09:58:45.0046443+02:00" testType="13cdc9d9-ddb5-4fa4-a97d-d965ccfc6d4b" outcome="Passed" testListId="8c84fa94-04c1-424b-9868-57a2d4851a1d" relativeResultsDirectory="7bfce234-af89-4f6a-82b7-6bf6507ce2ed">
      <Output>
        <StdOut>Debug Trace:
0: WorkflowInstance "GetMsmqMessageActivity" is Started
1: Activity [null] "null" scheduled child activity [1] "GetMsmqMessageActivity"
2: Activity [1] "GetMsmqMessageActivity" is Executing
{
    Arguments
        QueueName: 
        Timeout: 00:00:01
        ExclusiveReadAccess: False
        Configuration: iCore.Workflow.Activities.Msmq.MsmqListenerConfiguration
        IsImplicitlyCancellable: True
        MessageIdMatchMode: MessageId
        MessageId: 
        ReadMode: Peek
}
3: Activity [1] "GetMsmqMessageActivity" is Faulted
{
    Arguments
        QueueName: 
        Timeout: 00:00:01
        ExclusiveReadAccess: False
        Result: 
        Configuration: iCore.Workflow.Activities.Msmq.MsmqListenerConfiguration
        IsImplicitlyCancellable: True
        MessageIdMatchMode: MessageId
        MessageId: 
        ReadMode: Peek
}
4: Fault source [1] "GetMsmqMessageActivity"
5: WorkflowInstance "GetMsmqMessageActivity" Unhandled Exception Source "GetMsmqMessageActivity" Exception &lt;System.ArgumentException: The Message Id argument was empty when the Message Id Type was set to MessageId.
   at iCore.Workflow.Activities.Msmq.GetMsmqMessageActivity.Execute(NativeActivityContext context)
   at System.Activities.NativeActivity`1.InternalExecute(ActivityInstance instance, ActivityExecutor executor, BookmarkManager bookmarkManager)
   at System.Activities.ActivityInstance.Execute(ActivityExecutor executor, BookmarkManager bookmarkManager)
   at System.Activities.Runtime.ActivityExecutor.ExecuteActivityWorkItem.ExecuteBody(ActivityExecutor executor, BookmarkManager bookmarkManager, Location resultLocation)&gt;
6: WorkflowInstance Aborted [GetMsmqMessageActivity] Reason "The Message Id argument was empty when the Message Id Type was set to MessageId."</StdOut>
      </Output>
    </UnitTestResult>
    <UnitTestResult executionId="7fa46458-4a44-41ce-863f-5ca2a838db7d" testId="9e89013f-7a94-19ae-e75e-3146737b5f64" testName="Invoke_MessageIdTypeNotSpecified_ThrowsArgumentException" computerName="ICSWS068" duration="00:00:00.0021788" startTime="2016-08-04T09:58:45.0086463+02:00" endTime="2016-08-04T09:58:45.0121659+02:00" testType="13cdc9d9-ddb5-4fa4-a97d-d965ccfc6d4b" outcome="Passed" testListId="8c84fa94-04c1-424b-9868-57a2d4851a1d" relativeResultsDirectory="7fa46458-4a44-41ce-863f-5ca2a838db7d" />
    <UnitTestResult executionId="3600b564-e72e-4b60-8d62-a9a7cbce4bcd" testId="516dc689-2f41-d14b-1da3-144573d5f036" testName="Invoke_QueueNameNotSpecified_ThrowsArgumentException" computerName="ICSWS068" duration="00:00:00.0021184" startTime="2016-08-04T09:58:45.0161515+02:00" endTime="2016-08-04T09:58:45.0201543+02:00" testType="13cdc9d9-ddb5-4fa4-a97d-d965ccfc6d4b" outcome="Passed" testListId="8c84fa94-04c1-424b-9868-57a2d4851a1d" relativeResultsDirectory="3600b564-e72e-4b60-8d62-a9a7cbce4bcd" />
    <UnitTestResult executionId="7af1828a-2378-4039-99d4-72a66a3fa9c6" testId="7ff85347-7a68-6f14-c1f5-7e9012640ac5" testName="Invoke_ReadModeNotSpecified_ThrowsArgumentException" computerName="ICSWS068" duration="00:00:00.0020908" startTime="2016-08-04T09:58:45.0261589+02:00" endTime="2016-08-04T09:58:45.0306624+02:00" testType="13cdc9d9-ddb5-4fa4-a97d-d965ccfc6d4b" outcome="Passed" testListId="8c84fa94-04c1-424b-9868-57a2d4851a1d" relativeResultsDirectory="7af1828a-2378-4039-99d4-72a66a3fa9c6" />
    <UnitTestResult executionId="992f4899-a34f-4e3f-9a6d-65c674fd77da" testId="6c29bfaa-8ed9-53a4-9d4b-f4b57e34c81a" testName="Invoke_ExclusiveReadAccessNotSpecified_ThrowsArgumentException" computerName="ICSWS068" duration="00:00:00.0017307" startTime="2016-08-04T09:58:45.0336644+02:00" endTime="2016-08-04T09:58:45.0366678+02:00" testType="13cdc9d9-ddb5-4fa4-a97d-d965ccfc6d4b" outcome="Passed" testListId="8c84fa94-04c1-424b-9868-57a2d4851a1d" relativeResultsDirectory="992f4899-a34f-4e3f-9a6d-65c674fd77da" />
    <UnitTestResult executionId="3b17500b-683f-417a-9434-7bb95dc03016" testId="2f3c07f0-b5a2-7948-a927-c6efda8d56ff" testName="Invoke_BothConfigurationAndQueeuNameSpecified_ThrowsArgumentException" computerName="ICSWS068" duration="00:00:00.0020134" startTime="2016-08-04T09:58:45.0391842+02:00" endTime="2016-08-04T09:58:45.0426736+02:00" testType="13cdc9d9-ddb5-4fa4-a97d-d965ccfc6d4b" outcome="Passed" testListId="8c84fa94-04c1-424b-9868-57a2d4851a1d" relativeResultsDirectory="3b17500b-683f-417a-9434-7bb95dc03016" />
    <UnitTestResult executionId="b4508028-41f0-435f-8c04-25eb87f9efe3" testId="077ca8cd-ba3f-6952-3997-ebd99d4b3913" testName="Invoke_BothConfigurationAndReadModeSpecified_ThrowsArgumentException" computerName="ICSWS068" duration="00:00:00.0019735" startTime="2016-08-04T09:58:45.0451929+02:00" endTime="2016-08-04T09:58:45.0481797+02:00" testType="13cdc9d9-ddb5-4fa4-a97d-d965ccfc6d4b" outcome="Passed" testListId="8c84fa94-04c1-424b-9868-57a2d4851a1d" relativeResultsDirectory="b4508028-41f0-435f-8c04-25eb87f9efe3" />
    <UnitTestResult executionId="f930e8f5-3996-445b-b8c0-b69c391a298e" testId="29e41a2d-78d6-aa95-1dd2-130210d07156" testName="Invoke_BothConfigurationAndExclusiveReadAccessSpecified_ThrowsArgumentException" computerName="ICSWS068" duration="00:00:00.0017210" startTime="2016-08-04T09:58:45.0511972+02:00" endTime="2016-08-04T09:58:45.0541746+02:00" testType="13cdc9d9-ddb5-4fa4-a97d-d965ccfc6d4b" outcome="Passed" testListId="8c84fa94-04c1-424b-9868-57a2d4851a1d" relativeResultsDirectory="f930e8f5-3996-445b-b8c0-b69c391a298e" />
    <UnitTestResult executionId="6f44c932-e425-4bc3-9af4-bb57713f69c3" testId="bf6b156c-7fda-b383-e492-3b5c80e66a66" testName="Invoke_ConfigurationAndExclusiveReadAccessSpecified_ThrowsArgumentException" computerName="ICSWS068" duration="00:00:00.0017037" startTime="2016-08-04T09:58:45.0566599+02:00" endTime="2016-08-04T09:58:45.0596786+02:00" testType="13cdc9d9-ddb5-4fa4-a97d-d965ccfc6d4b" outcome="Passed" testListId="8c84fa94-04c1-424b-9868-57a2d4851a1d" relativeResultsDirectory="6f44c932-e425-4bc3-9af4-bb57713f69c3" />
    <UnitTestResult executionId="3bb7fda9-681d-4eb2-b929-12e92b8e66ea" testId="a2b67a76-ec06-c2c8-63a1-5696df741fbe" testName="Invoke_ConfigurationCorrect_WithId_AddsSubscriptionToExtension" computerName="ICSWS068" duration="00:00:00.0096047" startTime="2016-08-04T09:58:45.0621645+02:00" endTime="2016-08-04T09:58:45.0730690+02:00" testType="13cdc9d9-ddb5-4fa4-a97d-d965ccfc6d4b" outcome="Passed" testListId="8c84fa94-04c1-424b-9868-57a2d4851a1d" relativeResultsDirectory="3bb7fda9-681d-4eb2-b929-12e92b8e66ea">
      <Output>
        <StdOut>Debug Trace:
0: WorkflowInstance "GetMsmqMessageActivity" is Started
1: Activity [null] "null" scheduled child activity [1] "GetMsmqMessageActivity"
2: Activity [1] "GetMsmqMessageActivity" is Executing
{
    Arguments
        QueueName: 
        Timeout: 00:00:01
        ExclusiveReadAccess: False
        Configuration: iCore.Workflow.Activities.Msmq.MsmqListenerConfiguration
        IsImplicitlyCancellable: True
        MessageIdMatchMode: MessageId
        MessageId: Message3
        ReadMode: Peek
}
3: WorkflowInstance "GetMsmqMessageActivity" is Idle
4: Bookmark "GetMsmqMessage-df8bbed3-dafd-452a-a1da-574fdbadfa1e" resumed with payload &lt;iCore.Workflow.Activities.Extensions.ItemSubscriptionEventArgs`1[System.Messaging.Message]&gt; owner [1] "GetMsmqMessageActivity"
5: Activity [1] "GetMsmqMessageActivity" is Closed
{
    Arguments
        QueueName: 
        Timeout: 00:00:01
        ExclusiveReadAccess: False
        Result: System.Messaging.Message
        Configuration: iCore.Workflow.Activities.Msmq.MsmqListenerConfiguration
        IsImplicitlyCancellable: True
        MessageIdMatchMode: MessageId
        MessageId: Message3
        ReadMode: Peek
}
6: WorkflowInstance "GetMsmqMessageActivity" is Completed</StdOut>
      </Output>
    </UnitTestResult>
    <UnitTestResult executionId="705655d7-19f4-4b0b-8baa-f4f4414248f3" testId="4606858d-5ef7-5cec-8eb0-c7ee6d92d20e" testName="Invoke_ByQueueNameCorrect_WithId_AddsSubscriptionToExtension" computerName="ICSWS068" duration="00:00:00.0060813" startTime="2016-08-04T09:58:45.0760886+02:00" endTime="2016-08-04T09:58:45.0837782+02:00" testType="13cdc9d9-ddb5-4fa4-a97d-d965ccfc6d4b" outcome="Passed" testListId="8c84fa94-04c1-424b-9868-57a2d4851a1d" relativeResultsDirectory="705655d7-19f4-4b0b-8baa-f4f4414248f3">
      <Output>
        <StdOut>Debug Trace:
0: WorkflowInstance "GetMsmqMessageActivity" is Started
1: Activity [null] "null" scheduled child activity [1] "GetMsmqMessageActivity"
2: Activity [1] "GetMsmqMessageActivity" is Executing
{
    Arguments
        QueueName: .\private$\test
        Timeout: 00:00:01
        ExclusiveReadAccess: False
        Configuration: 
        IsImplicitlyCancellable: True
        MessageIdMatchMode: MessageId
        MessageId: Message3
        ReadMode: Peek
}
3: WorkflowInstance "GetMsmqMessageActivity" is Idle
4: Bookmark "GetMsmqMessage-4b6f6f74-9963-4c2a-be92-fcaaa5701e74" resumed with payload &lt;iCore.Workflow.Activities.Extensions.ItemSubscriptionEventArgs`1[System.Messaging.Message]&gt; owner [1] "GetMsmqMessageActivity"
5: Activity [1] "GetMsmqMessageActivity" is Closed
{
    Arguments
        QueueName: .\private$\test
        Timeout: 00:00:01
        ExclusiveReadAccess: False
        Result: System.Messaging.Message
        Configuration: 
        IsImplicitlyCancellable: True
        MessageIdMatchMode: MessageId
        MessageId: Message3
        ReadMode: Peek
}
6: WorkflowInstance "GetMsmqMessageActivity" is Completed</StdOut>
      </Output>
    </UnitTestResult>
    <UnitTestResult executionId="faf3278a-006f-4b5d-ac2a-8c71e4f059be" testId="09b1b398-8523-dc07-7892-7accd15772db" testName="Invoke_ErrorOccurs_WithId_PropagatesErrorCorrectly" computerName="ICSWS068" duration="00:00:00.0058288" startTime="2016-08-04T09:58:45.0862814+02:00" endTime="2016-08-04T09:58:45.0922857+02:00" testType="13cdc9d9-ddb5-4fa4-a97d-d965ccfc6d4b" outcome="Passed" testListId="8c84fa94-04c1-424b-9868-57a2d4851a1d" relativeResultsDirectory="faf3278a-006f-4b5d-ac2a-8c71e4f059be">
      <Output>
        <StdOut>Debug Trace:
0: WorkflowInstance "GetMsmqMessageActivity" is Started
1: Activity [null] "null" scheduled child activity [1] "GetMsmqMessageActivity"
2: Activity [1] "GetMsmqMessageActivity" is Executing
{
    Arguments
        QueueName: .\private$\test
        Timeout: 00:00:01
        ExclusiveReadAccess: False
        Configuration: 
        IsImplicitlyCancellable: True
        MessageIdMatchMode: MessageId
        MessageId: Message3
        ReadMode: Peek
}
3: WorkflowInstance "GetMsmqMessageActivity" is Idle
4: Bookmark "GetMsmqMessage-27daae8a-e959-4aaf-98a2-f031a73a5f32" resumed with payload &lt;iCore.Workflow.Activities.Extensions.ItemSubscriptionEventArgs`1[System.Messaging.Message]&gt; owner [1] "GetMsmqMessageActivity"
5: Activity [1] "GetMsmqMessageActivity" is Faulted
{
    Arguments
        QueueName: .\private$\test
        Timeout: 00:00:01
        ExclusiveReadAccess: False
        Result: 
        Configuration: 
        IsImplicitlyCancellable: True
        MessageIdMatchMode: MessageId
        MessageId: Message3
        ReadMode: Peek
}
6: Fault source [1] "GetMsmqMessageActivity"
7: WorkflowInstance "GetMsmqMessageActivity" Unhandled Exception Source "GetMsmqMessageActivity" Exception &lt;Testing.Common.TestException: Test exception
   at System.Runtime.ExceptionServices.ExceptionDispatchInfo.Throw()
   at iCore.Workflow.Activities.Extensions.ItemSubscriptionEventArgs`1.ReThrowExceptionIfError()
   at iCore.Workflow.Activities.Msmq.GetMsmqMessageActivity.OnGetMessageByIdCompleted(NativeActivityContext context, Bookmark bookmark, Object value)
   at System.Activities.Runtime.BookmarkCallbackWrapper.Invoke(NativeActivityContext context, Bookmark bookmark, Object value)
   at System.Activities.Runtime.BookmarkWorkItem.Execute(ActivityExecutor executor, BookmarkManager bookmarkManager)&gt;</StdOut>
      </Output>
    </UnitTestResult>
    <UnitTestResult executionId="5238d1d8-d7b6-419d-a0ff-0670f79bfdde" testId="db0a8778-49fe-3f19-773c-87cec84da952" testName="Invoke_TimeoutOccurs_WithId_PropagatesTimeoutCorrectly" computerName="ICSWS068" duration="00:00:00.0062071" startTime="2016-08-04T09:58:45.0962135+02:00" endTime="2016-08-04T09:58:45.1037541+02:00" testType="13cdc9d9-ddb5-4fa4-a97d-d965ccfc6d4b" outcome="Passed" testListId="8c84fa94-04c1-424b-9868-57a2d4851a1d" relativeResultsDirectory="5238d1d8-d7b6-419d-a0ff-0670f79bfdde">
      <Output>
        <StdOut>Debug Trace:
0: WorkflowInstance "GetMsmqMessageActivity" is Started
1: Activity [null] "null" scheduled child activity [1] "GetMsmqMessageActivity"
2: Activity [1] "GetMsmqMessageActivity" is Executing
{
    Arguments
        QueueName: .\private$\test
        Timeout: 00:00:01
        ExclusiveReadAccess: False
        Configuration: 
        IsImplicitlyCancellable: True
        MessageIdMatchMode: MessageId
        MessageId: Message3
        ReadMode: Peek
}
3: WorkflowInstance "GetMsmqMessageActivity" is Idle
4: Bookmark "GetMsmqMessage-8c458abe-54ef-41d8-a46a-7e4302a4829b" resumed with payload &lt;iCore.Workflow.Activities.Extensions.ItemSubscriptionEventArgs`1[System.Messaging.Message]&gt; owner [1] "GetMsmqMessageActivity"
5: Activity [1] "GetMsmqMessageActivity" is Faulted
{
    Arguments
        QueueName: .\private$\test
        Timeout: 00:00:01
        ExclusiveReadAccess: False
        Result: 
        Configuration: 
        IsImplicitlyCancellable: True
        MessageIdMatchMode: MessageId
        MessageId: Message3
        ReadMode: Peek
}
6: Fault source [1] "GetMsmqMessageActivity"
7: WorkflowInstance "GetMsmqMessageActivity" Unhandled Exception Source "GetMsmqMessageActivity" Exception &lt;System.TimeoutException: The operation has timed out.
   at System.Runtime.ExceptionServices.ExceptionDispatchInfo.Throw()
   at iCore.Workflow.Activities.Extensions.ItemSubscriptionEventArgs`1.ReThrowExceptionIfError()
   at iCore.Workflow.Activities.Msmq.GetMsmqMessageActivity.OnGetMessageByIdCompleted(NativeActivityContext context, Bookmark bookmark, Object value)
   at System.Activities.Runtime.BookmarkCallbackWrapper.Invoke(NativeActivityContext context, Bookmark bookmark, Object value)
   at System.Activities.Runtime.BookmarkWorkItem.Execute(ActivityExecutor executor, BookmarkManager bookmarkManager)&gt;</StdOut>
      </Output>
    </UnitTestResult>
    <UnitTestResult executionId="886279de-2fc7-4624-8e8a-e53cace462db" testId="a8e6640a-f3a0-d991-4aee-20dd36bc4a0c" testName="Invoke_MessageArrives_WithId_ProducesCorrectResult" computerName="ICSWS068" duration="00:00:00.0060406" startTime="2016-08-04T09:58:45.1067388+02:00" endTime="2016-08-04T09:58:45.1137437+02:00" testType="13cdc9d9-ddb5-4fa4-a97d-d965ccfc6d4b" outcome="Passed" testListId="8c84fa94-04c1-424b-9868-57a2d4851a1d" relativeResultsDirectory="886279de-2fc7-4624-8e8a-e53cace462db">
      <Output>
        <StdOut>Debug Trace:
0: WorkflowInstance "GetMsmqMessageActivity" is Started
1: Activity [null] "null" scheduled child activity [1] "GetMsmqMessageActivity"
2: Activity [1] "GetMsmqMessageActivity" is Executing
{
    Arguments
        QueueName: .\private$\test
        Timeout: 00:00:01
        ExclusiveReadAccess: False
        Configuration: 
        IsImplicitlyCancellable: True
        MessageIdMatchMode: MessageId
        MessageId: Message3
        ReadMode: Peek
}
3: WorkflowInstance "GetMsmqMessageActivity" is Idle
4: Bookmark "GetMsmqMessage-7dfc83c7-2f7e-4cfd-9d37-1530cee9380f" resumed with payload &lt;iCore.Workflow.Activities.Extensions.ItemSubscriptionEventArgs`1[System.Messaging.Message]&gt; owner [1] "GetMsmqMessageActivity"
5: Activity [1] "GetMsmqMessageActivity" is Closed
{
    Arguments
        QueueName: .\private$\test
        Timeout: 00:00:01
        ExclusiveReadAccess: False
        Result: System.Messaging.Message
        Configuration: 
        IsImplicitlyCancellable: True
        MessageIdMatchMode: MessageId
        MessageId: Message3
        ReadMode: Peek
}
6: WorkflowInstance "GetMsmqMessageActivity" is Completed</StdOut>
      </Output>
    </UnitTestResult>
    <UnitTestResult executionId="51f64b5e-808c-4ff5-ac7f-de3b8e397d53" testId="ea9f4b25-e29d-759a-3941-9fd5811071b5" testName="Invoke_WorkflowCancelled_WithId_RemovesProvider" computerName="ICSWS068" duration="00:00:00.0052391" startTime="2016-08-04T09:58:45.1167627+02:00" endTime="2016-08-04T09:58:45.1232678+02:00" testType="13cdc9d9-ddb5-4fa4-a97d-d965ccfc6d4b" outcome="Passed" testListId="8c84fa94-04c1-424b-9868-57a2d4851a1d" relativeResultsDirectory="51f64b5e-808c-4ff5-ac7f-de3b8e397d53">
      <Output>
        <StdOut>Debug Trace:
0: WorkflowInstance "GetMsmqMessageActivity" is Started
1: Activity [null] "null" scheduled child activity [1] "GetMsmqMessageActivity"
2: Activity [1] "GetMsmqMessageActivity" is Executing
{
    Arguments
        QueueName: .\private$\test
        Timeout: 00:00:01
        ExclusiveReadAccess: False
        Configuration: 
        IsImplicitlyCancellable: True
        MessageIdMatchMode: MessageId
        MessageId: Message3
        ReadMode: Peek
}
3: WorkflowInstance "GetMsmqMessageActivity" is Idle
4: Host requests cancel of activity [1] "GetMsmqMessageActivity"
5: Activity [1] "GetMsmqMessageActivity" is Canceled
{
    Arguments
        QueueName: .\private$\test
        Timeout: 00:00:01
        ExclusiveReadAccess: False
        Result: 
        Configuration: 
        IsImplicitlyCancellable: True
        MessageIdMatchMode: MessageId
        MessageId: Message3
        ReadMode: Peek
}
6: WorkflowInstance "GetMsmqMessageActivity" is Canceled</StdOut>
      </Output>
    </UnitTestResult>
    <UnitTestResult executionId="717b8f0c-7f15-4b19-b435-5d6c88091bfc" testId="b3c3624a-ff0a-9212-7435-e0baae175720" testName="Invoke_ConfigurationCorrect_WithoutId_AddsSubscriptionToExtension" computerName="ICSWS068" duration="00:00:00.0071620" startTime="2016-08-04T09:58:45.1262531+02:00" endTime="2016-08-04T09:58:45.1342588+02:00" testType="13cdc9d9-ddb5-4fa4-a97d-d965ccfc6d4b" outcome="Passed" testListId="8c84fa94-04c1-424b-9868-57a2d4851a1d" relativeResultsDirectory="717b8f0c-7f15-4b19-b435-5d6c88091bfc">
      <Output>
        <StdOut>Debug Trace:
0: WorkflowInstance "GetMsmqMessageActivity" is Started
1: Activity [null] "null" scheduled child activity [1] "GetMsmqMessageActivity"
2: Activity [1] "GetMsmqMessageActivity" is Executing
{
    Arguments
        QueueName: 
        Timeout: 00:00:01
        ExclusiveReadAccess: False
        Configuration: iCore.Workflow.Activities.Msmq.MsmqListenerConfiguration
        IsImplicitlyCancellable: True
        MessageIdMatchMode: None
        MessageId: 
        ReadMode: Peek
}
3: WorkflowInstance "GetMsmqMessageActivity" is Idle
4: Bookmark "GetMsmqMessage-27a71317-3e37-4295-a84f-96607a299bc0" resumed with payload &lt;iCore.Workflow.Activities.Extensions.ItemSubscriptionEventArgs`1[System.Messaging.Message]&gt; owner [1] "GetMsmqMessageActivity"
5: Activity [1] "GetMsmqMessageActivity" is Closed
{
    Arguments
        QueueName: 
        Timeout: 00:00:01
        ExclusiveReadAccess: False
        Result: System.Messaging.Message
        Configuration: iCore.Workflow.Activities.Msmq.MsmqListenerConfiguration
        IsImplicitlyCancellable: True
        MessageIdMatchMode: None
        MessageId: 
        ReadMode: Peek
}
6: WorkflowInstance "GetMsmqMessageActivity" is Completed</StdOut>
      </Output>
    </UnitTestResult>
    <UnitTestResult executionId="aad4a2e1-49ad-4a34-a049-8eee284806f3" testId="5d647d48-fc1b-9d7b-ab50-41532dee2193" testName="Invoke_ByQueueNameCorrect_WithoutId_AddsSubscriptionToExtension" computerName="ICSWS068" duration="00:00:00.0057813" startTime="2016-08-04T09:58:45.1372603+02:00" endTime="2016-08-04T09:58:45.1442684+02:00" testType="13cdc9d9-ddb5-4fa4-a97d-d965ccfc6d4b" outcome="Passed" testListId="8c84fa94-04c1-424b-9868-57a2d4851a1d" relativeResultsDirectory="aad4a2e1-49ad-4a34-a049-8eee284806f3">
      <Output>
        <StdOut>Debug Trace:
0: WorkflowInstance "GetMsmqMessageActivity" is Started
1: Activity [null] "null" scheduled child activity [1] "GetMsmqMessageActivity"
2: Activity [1] "GetMsmqMessageActivity" is Executing
{
    Arguments
        QueueName: .\private$\test
        Timeout: 00:00:01
        ExclusiveReadAccess: True
        Configuration: 
        IsImplicitlyCancellable: True
        MessageIdMatchMode: None
        MessageId: 
        ReadMode: Receive
}
3: WorkflowInstance "GetMsmqMessageActivity" is Idle
4: Bookmark "GetMsmqMessage-337af744-1ded-4ac7-a72e-5ec89f4bd9b0" resumed with payload &lt;iCore.Workflow.Activities.Extensions.ItemSubscriptionEventArgs`1[System.Messaging.Message]&gt; owner [1] "GetMsmqMessageActivity"
5: Activity [1] "GetMsmqMessageActivity" is Closed
{
    Arguments
        QueueName: .\private$\test
        Timeout: 00:00:01
        ExclusiveReadAccess: True
        Result: System.Messaging.Message
        Configuration: 
        IsImplicitlyCancellable: True
        MessageIdMatchMode: None
        MessageId: 
        ReadMode: Receive
}
6: WorkflowInstance "GetMsmqMessageActivity" is Completed</StdOut>
      </Output>
    </UnitTestResult>
    <UnitTestResult executionId="6a42117c-28b5-416e-a745-ef787c5452c9" testId="09b0023a-34e6-990d-c9f4-ffccecd7bf7a" testName="Invoke_ErrorOccurs_WithoutId_PropagatesErrorCorrectly" computerName="ICSWS068" duration="00:00:00.0058652" startTime="2016-08-04T09:58:45.1472718+02:00" endTime="2016-08-04T09:58:45.1545937+02:00" testType="13cdc9d9-ddb5-4fa4-a97d-d965ccfc6d4b" outcome="Passed" testListId="8c84fa94-04c1-424b-9868-57a2d4851a1d" relativeResultsDirectory="6a42117c-28b5-416e-a745-ef787c5452c9">
      <Output>
        <StdOut>Debug Trace:
0: WorkflowInstance "GetMsmqMessageActivity" is Started
1: Activity [null] "null" scheduled child activity [1] "GetMsmqMessageActivity"
2: Activity [1] "GetMsmqMessageActivity" is Executing
{
    Arguments
        QueueName: .\private$\test
        Timeout: 00:00:01
        ExclusiveReadAccess: True
        Configuration: 
        IsImplicitlyCancellable: True
        MessageIdMatchMode: None
        MessageId: 
        ReadMode: Receive
}
3: WorkflowInstance "GetMsmqMessageActivity" is Idle
4: Bookmark "GetMsmqMessage-911a64ae-8fc0-461d-8eec-1b4e9d82d039" resumed with payload &lt;iCore.Workflow.Activities.Extensions.ItemSubscriptionEventArgs`1[System.Messaging.Message]&gt; owner [1] "GetMsmqMessageActivity"
5: Activity [1] "GetMsmqMessageActivity" is Faulted
{
    Arguments
        QueueName: .\private$\test
        Timeout: 00:00:01
        ExclusiveReadAccess: True
        Result: 
        Configuration: 
        IsImplicitlyCancellable: True
        MessageIdMatchMode: None
        MessageId: 
        ReadMode: Receive
}
6: Fault source [1] "GetMsmqMessageActivity"
7: WorkflowInstance "GetMsmqMessageActivity" Unhandled Exception Source "GetMsmqMessageActivity" Exception &lt;Testing.Common.TestException: Test exception
   at System.Runtime.ExceptionServices.ExceptionDispatchInfo.Throw()
   at iCore.Workflow.Activities.Extensions.ItemSubscriptionEventArgs`1.ReThrowExceptionIfError()
   at iCore.Workflow.Activities.Msmq.GetMsmqMessageActivity.OnGetMessageByIdCompleted(NativeActivityContext context, Bookmark bookmark, Object value)
   at System.Activities.Runtime.BookmarkCallbackWrapper.Invoke(NativeActivityContext context, Bookmark bookmark, Object value)
   at System.Activities.Runtime.BookmarkWorkItem.Execute(ActivityExecutor executor, BookmarkManager bookmarkManager)&gt;</StdOut>
      </Output>
    </UnitTestResult>
    <UnitTestResult executionId="d914e27b-f811-4723-914f-d71b8207d40a" testId="fb4e10d9-e98d-e6aa-6082-97da8c870e71" testName="Invoke_TimeoutOccurs_WithoutId_PropagatesTimeoutCorrectly" computerName="ICSWS068" duration="00:00:00.0063021" startTime="2016-08-04T09:58:45.1570954+02:00" endTime="2016-08-04T09:58:45.1646636+02:00" testType="13cdc9d9-ddb5-4fa4-a97d-d965ccfc6d4b" outcome="Passed" testListId="8c84fa94-04c1-424b-9868-57a2d4851a1d" relativeResultsDirectory="d914e27b-f811-4723-914f-d71b8207d40a">
      <Output>
        <StdOut>Debug Trace:
0: WorkflowInstance "GetMsmqMessageActivity" is Started
1: Activity [null] "null" scheduled child activity [1] "GetMsmqMessageActivity"
2: Activity [1] "GetMsmqMessageActivity" is Executing
{
    Arguments
        QueueName: .\private$\test
        Timeout: 00:00:01
        ExclusiveReadAccess: True
        Configuration: 
        IsImplicitlyCancellable: True
        MessageIdMatchMode: None
        MessageId: 
        ReadMode: Receive
}
3: WorkflowInstance "GetMsmqMessageActivity" is Idle
4: Bookmark "GetMsmqMessage-0265a716-b09b-460d-a774-47dd4a5b47d5" resumed with payload &lt;iCore.Workflow.Activities.Extensions.ItemSubscriptionEventArgs`1[System.Messaging.Message]&gt; owner [1] "GetMsmqMessageActivity"
5: Activity [1] "GetMsmqMessageActivity" is Faulted
{
    Arguments
        QueueName: .\private$\test
        Timeout: 00:00:01
        ExclusiveReadAccess: True
        Result: 
        Configuration: 
        IsImplicitlyCancellable: True
        MessageIdMatchMode: None
        MessageId: 
        ReadMode: Receive
}
6: Fault source [1] "GetMsmqMessageActivity"
7: WorkflowInstance "GetMsmqMessageActivity" Unhandled Exception Source "GetMsmqMessageActivity" Exception &lt;System.TimeoutException: The operation has timed out.
   at System.Runtime.ExceptionServices.ExceptionDispatchInfo.Throw()
   at iCore.Workflow.Activities.Extensions.ItemSubscriptionEventArgs`1.ReThrowExceptionIfError()
   at iCore.Workflow.Activities.Msmq.GetMsmqMessageActivity.OnGetMessageByIdCompleted(NativeActivityContext context, Bookmark bookmark, Object value)
   at System.Activities.Runtime.BookmarkCallbackWrapper.Invoke(NativeActivityContext context, Bookmark bookmark, Object value)
   at System.Activities.Runtime.BookmarkWorkItem.Execute(ActivityExecutor executor, BookmarkManager bookmarkManager)&gt;</StdOut>
      </Output>
    </UnitTestResult>
    <UnitTestResult executionId="c4d6eb26-5e98-4f98-b867-c17520fed97c" testId="a9db10be-e017-82fa-fe1c-a1f2a018bd5f" testName="Invoke_MessageArrives_WithoutId_ProducesCorrectResult" computerName="ICSWS068" duration="00:00:00.0057060" startTime="2016-08-04T09:58:45.1676647+02:00" endTime="2016-08-04T09:58:45.1746860+02:00" testType="13cdc9d9-ddb5-4fa4-a97d-d965ccfc6d4b" outcome="Passed" testListId="8c84fa94-04c1-424b-9868-57a2d4851a1d" relativeResultsDirectory="c4d6eb26-5e98-4f98-b867-c17520fed97c">
      <Output>
        <StdOut>Debug Trace:
0: WorkflowInstance "GetMsmqMessageActivity" is Started
1: Activity [null] "null" scheduled child activity [1] "GetMsmqMessageActivity"
2: Activity [1] "GetMsmqMessageActivity" is Executing
{
    Arguments
        QueueName: .\private$\test
        Timeout: 00:00:01
        ExclusiveReadAccess: True
        Configuration: 
        IsImplicitlyCancellable: True
        MessageIdMatchMode: None
        MessageId: 
        ReadMode: Receive
}
3: WorkflowInstance "GetMsmqMessageActivity" is Idle
4: Bookmark "GetMsmqMessage-8cff80ab-9748-4aa7-8972-7ae4efea2d55" resumed with payload &lt;iCore.Workflow.Activities.Extensions.ItemSubscriptionEventArgs`1[System.Messaging.Message]&gt; owner [1] "GetMsmqMessageActivity"
5: Activity [1] "GetMsmqMessageActivity" is Closed
{
    Arguments
        QueueName: .\private$\test
        Timeout: 00:00:01
        ExclusiveReadAccess: True
        Result: System.Messaging.Message
        Configuration: 
        IsImplicitlyCancellable: True
        MessageIdMatchMode: None
        MessageId: 
        ReadMode: Receive
}
6: WorkflowInstance "GetMsmqMessageActivity" is Completed</StdOut>
      </Output>
    </UnitTestResult>
    <UnitTestResult executionId="822c8aee-da10-4a27-9fb9-533a57e156a3" testId="8bd02fa4-b18a-5c4c-7475-a4555f1d45d7" testName="Invoke_WorkflowCancelled_WithoutId_RemovesProvider" computerName="ICSWS068" duration="00:00:00.0051470" startTime="2016-08-04T09:58:45.1771719+02:00" endTime="2016-08-04T09:58:45.1838269+02:00" testType="13cdc9d9-ddb5-4fa4-a97d-d965ccfc6d4b" outcome="Passed" testListId="8c84fa94-04c1-424b-9868-57a2d4851a1d" relativeResultsDirectory="822c8aee-da10-4a27-9fb9-533a57e156a3">
      <Output>
        <StdOut>Debug Trace:
0: WorkflowInstance "GetMsmqMessageActivity" is Started
1: Activity [null] "null" scheduled child activity [1] "GetMsmqMessageActivity"
2: Activity [1] "GetMsmqMessageActivity" is Executing
{
    Arguments
        QueueName: .\private$\test
        Timeout: 00:00:01
        ExclusiveReadAccess: True
        Configuration: 
        IsImplicitlyCancellable: True
        MessageIdMatchMode: None
        MessageId: 
        ReadMode: Receive
}
3: WorkflowInstance "GetMsmqMessageActivity" is Idle
4: Host requests cancel of activity [1] "GetMsmqMessageActivity"
5: Activity [1] "GetMsmqMessageActivity" is Canceled
{
    Arguments
        QueueName: .\private$\test
        Timeout: 00:00:01
        ExclusiveReadAccess: True
        Result: 
        Configuration: 
        IsImplicitlyCancellable: True
        MessageIdMatchMode: None
        MessageId: 
        ReadMode: Receive
}
6: WorkflowInstance "GetMsmqMessageActivity" is Canceled</StdOut>
      </Output>
    </UnitTestResult>
    <UnitTestResult executionId="180b9379-4450-406d-a335-9c9037839397" testId="e67596df-b676-33c2-c5f6-176e5bf5d695" testName="Invoke_ConfigurationNotSpecified_ThrowsArgumentException" computerName="ICSWS068" duration="00:00:00.0028122" startTime="2016-08-04T09:58:45.1863289+02:00" endTime="2016-08-04T09:58:45.1903330+02:00" testType="13cdc9d9-ddb5-4fa4-a97d-d965ccfc6d4b" outcome="Passed" testListId="8c84fa94-04c1-424b-9868-57a2d4851a1d" relativeResultsDirectory="180b9379-4450-406d-a335-9c9037839397" />
    <UnitTestResult executionId="93b7cefa-1ac4-4d28-ae47-22497ceb728f" testId="56dbde79-7ad9-51e5-588c-117858fb120d" testName="Invoke_ValidInputArguments_Succeeds" computerName="ICSWS068" duration="00:00:00.0026970" startTime="2016-08-04T09:58:45.1923499+02:00" endTime="2016-08-04T09:58:45.1963546+02:00" testType="13cdc9d9-ddb5-4fa4-a97d-d965ccfc6d4b" outcome="Passed" testListId="8c84fa94-04c1-424b-9868-57a2d4851a1d" relativeResultsDirectory="93b7cefa-1ac4-4d28-ae47-22497ceb728f">
      <Output>
        <StdOut>Debug Trace:
0: WorkflowInstance "StartMsmqListenerActivity" is Started
1: Activity [null] "null" scheduled child activity [1] "StartMsmqListenerActivity"
2: Activity [1] "StartMsmqListenerActivity" is Executing
{
    Arguments
        Configuration: iCore.Workflow.Activities.Msmq.MsmqListenerConfiguration
}
3: Activity [1] "StartMsmqListenerActivity" is Closed
{
    Arguments
        Result: 3c0e89b1-e03c-4ea3-a185-fc229610d56f
        Configuration: iCore.Workflow.Activities.Msmq.MsmqListenerConfiguration
}
4: WorkflowInstance "StartMsmqListenerActivity" is Completed</StdOut>
      </Output>
    </UnitTestResult>
    <UnitTestResult executionId="897f0fae-c005-4ea0-9e86-c3e87d316f0c" testId="9cf285bc-3ade-53e8-d9ef-ec133b5e59fb" testName="Invoke_Nullconfiguration_ThrowsArgumentNullException" computerName="ICSWS068" duration="00:00:00.0029981" startTime="2016-08-04T09:58:45.2003583+02:00" endTime="2016-08-04T09:58:45.2049421+02:00" testType="13cdc9d9-ddb5-4fa4-a97d-d965ccfc6d4b" outcome="Passed" testListId="8c84fa94-04c1-424b-9868-57a2d4851a1d" relativeResultsDirectory="897f0fae-c005-4ea0-9e86-c3e87d316f0c">
      <Output>
        <StdOut>Debug Trace:
0: WorkflowInstance "StartMsmqListenerActivity" is Started
1: Activity [null] "null" scheduled child activity [1] "StartMsmqListenerActivity"
2: Activity [1] "StartMsmqListenerActivity" is Executing
{
    Arguments
        Configuration: 
}
3: Activity [1] "StartMsmqListenerActivity" is Faulted
{
    Arguments
        Result: 00000000-0000-0000-0000-000000000000
        Configuration: 
}
4: Fault source [1] "StartMsmqListenerActivity"
5: WorkflowInstance "StartMsmqListenerActivity" Unhandled Exception Source "StartMsmqListenerActivity" Exception &lt;System.ArgumentNullException: Configuration was null (Nothing in Visual Basic).
Parameter name: Configuration
   at iCore.Workflow.Activities.Msmq.StartMsmqListenerActivity.Execute(CodeActivityContext context)
   at System.Activities.CodeActivity`1.InternalExecute(ActivityInstance instance, ActivityExecutor executor, BookmarkManager bookmarkManager)
   at System.Activities.ActivityInstance.Execute(ActivityExecutor executor, BookmarkManager bookmarkManager)
   at System.Activities.Runtime.ActivityExecutor.ExecuteActivityWorkItem.ExecuteBody(ActivityExecutor executor, BookmarkManager bookmarkManager, Location resultLocation)&gt;
6: WorkflowInstance Aborted [StartMsmqListenerActivity] Reason "Configuration was null (Nothing in Visual Basic).
Parameter name: Configuration"</StdOut>
      </Output>
    </UnitTestResult>
    <UnitTestResult executionId="623f4e95-2960-4d3b-b129-ade68f63277a" testId="9b400210-a141-437d-721f-db9a3ccc04d7" testName="Invoke_IdNotSpecified_ThrowsArgumentException" computerName="ICSWS068" duration="00:00:00.0025409" startTime="2016-08-04T09:58:45.2084450+02:00" endTime="2016-08-04T09:58:45.2119481+02:00" testType="13cdc9d9-ddb5-4fa4-a97d-d965ccfc6d4b" outcome="Passed" testListId="8c84fa94-04c1-424b-9868-57a2d4851a1d" relativeResultsDirectory="623f4e95-2960-4d3b-b129-ade68f63277a" />
    <UnitTestResult executionId="f559e388-0ca1-4b56-a2bf-ffa90f2d63ff" testId="d272706f-e223-448a-56be-95b9cd533746" testName="Invoke_ValidInputArguments_Succeeds" computerName="ICSWS068" duration="00:00:00.0032623" startTime="2016-08-04T09:58:45.2165440+02:00" endTime="2016-08-04T09:58:45.2210465+02:00" testType="13cdc9d9-ddb5-4fa4-a97d-d965ccfc6d4b" outcome="Passed" testListId="8c84fa94-04c1-424b-9868-57a2d4851a1d" relativeResultsDirectory="f559e388-0ca1-4b56-a2bf-ffa90f2d63ff">
      <Output>
        <StdOut>Debug Trace:
0: WorkflowInstance "StopMsmqListenerActivity" is Started
1: Activity [null] "null" scheduled child activity [1] "StopMsmqListenerActivity"
2: Activity [1] "StopMsmqListenerActivity" is Executing
{
    Arguments
        ListenerId: ceb88e27-e72d-457b-88cd-2b619901d356
}
3: Activity [1] "StopMsmqListenerActivity" is Closed
{
    Arguments
        ListenerId: ceb88e27-e72d-457b-88cd-2b619901d356
}
4: WorkflowInstance "StopMsmqListenerActivity" is Completed</StdOut>
      </Output>
    </UnitTestResult>
    <UnitTestResult executionId="75695bd4-77e2-4b66-b97c-7e8183c28d6a" testId="1582e19a-7cff-5982-c03a-0cc5b75a41ae" testName="Invoke_TwoChildActivities_CallbacksAreCalledTheExpectedNumberOfTimes" computerName="ICSWS068" duration="00:00:00.0053116" startTime="2016-08-04T09:58:45.2240500+02:00" endTime="2016-08-04T09:58:45.2305543+02:00" testType="13cdc9d9-ddb5-4fa4-a97d-d965ccfc6d4b" outcome="Passed" testListId="8c84fa94-04c1-424b-9868-57a2d4851a1d" relativeResultsDirectory="75695bd4-77e2-4b66-b97c-7e8183c28d6a">
      <Output>
        <StdOut>Debug Trace:
0: WorkflowInstance "ScopeTestActivity" is Started
1: Activity [null] "null" scheduled child activity [1] "ScopeTestActivity"
2: Activity [1] "ScopeTestActivity" is Executing
3: Activity [1] "ScopeTestActivity" scheduled child activity [4] "Delay"
4: Activity [4] "Delay" is Executing
{
    Arguments
        Duration: 00:00:00.0010000
}
5: WorkflowInstance "ScopeTestActivity" is Idle
6: Bookmark "null" resumed with payload &lt;null&gt; owner [4] "Delay"
7: Activity [4] "Delay" is Closed
{
    Arguments
        Duration: 00:00:00.0010000
}
8: Activity [1] "ScopeTestActivity" scheduled child activity [2] "Delay"
9: Activity [2] "Delay" is Executing
{
    Arguments
        Duration: 00:00:00.0010000
}
10: WorkflowInstance "ScopeTestActivity" is Idle
11: Bookmark "null" resumed with payload &lt;null&gt; owner [2] "Delay"
12: Activity [2] "Delay" is Closed
{
    Arguments
        Duration: 00:00:00.0010000
}
13: Activity [1] "ScopeTestActivity" is Closed
14: WorkflowInstance "ScopeTestActivity" is Completed</StdOut>
      </Output>
    </UnitTestResult>
    <UnitTestResult executionId="e0e66dc0-774d-4796-83ac-c5bab4a4d78e" testId="df3f8095-1db8-5960-9d5a-5df8da02a8c0" testName="Invoke_ChildActivityFails_WorkfloCancelsOnUnhandledException_CallbacksAreCalledTheExpectedNumberOfTimes" computerName="ICSWS068" duration="00:00:00.0053025" startTime="2016-08-04T09:58:45.2335569+02:00" endTime="2016-08-04T09:58:45.2400773+02:00" testType="13cdc9d9-ddb5-4fa4-a97d-d965ccfc6d4b" outcome="Passed" testListId="8c84fa94-04c1-424b-9868-57a2d4851a1d" relativeResultsDirectory="e0e66dc0-774d-4796-83ac-c5bab4a4d78e">
      <Output>
        <StdOut>Debug Trace:
0: WorkflowInstance "Sequence" is Started
1: Activity [null] "null" scheduled child activity [1] "Sequence"
2: Activity [1] "Sequence" is Executing
3: Activity [1] "Sequence" scheduled child activity [2] "ScopeTestActivity"
4: Activity [2] "ScopeTestActivity" is Executing
5: Activity [2] "ScopeTestActivity" scheduled child activity [9] "Delay"
6: Activity [9] "Delay" is Executing
{
    Arguments
        Duration: 00:00:00.0010000
}
7: WorkflowInstance "Sequence" is Idle
8: Bookmark "null" resumed with payload &lt;null&gt; owner [9] "Delay"
9: Activity [9] "Delay" is Closed
{
    Arguments
        Duration: 00:00:00.0010000
}
10: Activity [2] "ScopeTestActivity" scheduled child activity [7] "Delay"
11: Activity [7] "Delay" is Executing
{
    Arguments
        Duration: 00:00:00.0010000
}
12: WorkflowInstance "Sequence" is Idle
13: Bookmark "null" resumed with payload &lt;null&gt; owner [7] "Delay"
14: Activity [7] "Delay" is Closed
{
    Arguments
        Duration: 00:00:00.0010000
}
15: Activity [2] "ScopeTestActivity" scheduled child activity [5] "Throw"
16: Activity [5] "Throw" is Executing
{
    Arguments
        Exception: Testing.Common.TestException: Test exception
   at System.Activities.Statements.Throw.Execute(CodeActivityContext context)
   at System.Activities.CodeActivity.InternalExecute(ActivityInstance instance, ActivityExecutor executor, BookmarkManager bookmarkManager)
   at System.Activities.ActivityInstance.Execute(ActivityExecutor executor, BookmarkManager bookmarkManager)
   at System.Activities.Runtime.ActivityExecutor.ExecuteActivityWorkItem.ExecuteBody(ActivityExecutor executor, BookmarkManager bookmarkManager, Location resultLocation)
}
17: Activity [5] "Throw" is Faulted
{
    Arguments
        Exception: Testing.Common.TestException: Test exception
   at System.Activities.Statements.Throw.Execute(CodeActivityContext context)
   at System.Activities.CodeActivity.InternalExecute(ActivityInstance instance, ActivityExecutor executor, BookmarkManager bookmarkManager)
   at System.Activities.ActivityInstance.Execute(ActivityExecutor executor, BookmarkManager bookmarkManager)
   at System.Activities.Runtime.ActivityExecutor.ExecuteActivityWorkItem.ExecuteBody(ActivityExecutor executor, BookmarkManager bookmarkManager, Location resultLocation)
}
18: Fault source [5] "Throw"
19: Fault source [5] "Throw"
20: WorkflowInstance "Sequence" Unhandled Exception Source "Throw" Exception &lt;Testing.Common.TestException: Test exception
   at System.Activities.Statements.Throw.Execute(CodeActivityContext context)
   at System.Activities.CodeActivity.InternalExecute(ActivityInstance instance, ActivityExecutor executor, BookmarkManager bookmarkManager)
   at System.Activities.ActivityInstance.Execute(ActivityExecutor executor, BookmarkManager bookmarkManager)
   at System.Activities.Runtime.ActivityExecutor.ExecuteActivityWorkItem.ExecuteBody(ActivityExecutor executor, BookmarkManager bookmarkManager, Location resultLocation)&gt;</StdOut>
      </Output>
    </UnitTestResult>
    <UnitTestResult executionId="65cac623-2988-4643-8125-47991cf37125" testId="52c390ca-a5a3-6cae-1bb0-6c9ff545780c" testName="Invoke_EmptyScope_CallbacksAreCalledTheExpectedNumberOfTimes" computerName="ICSWS068" duration="00:00:00.0015119" startTime="2016-08-04T09:58:45.2425857+02:00" endTime="2016-08-04T09:58:45.2460660+02:00" testType="13cdc9d9-ddb5-4fa4-a97d-d965ccfc6d4b" outcome="Passed" testListId="8c84fa94-04c1-424b-9868-57a2d4851a1d" relativeResultsDirectory="65cac623-2988-4643-8125-47991cf37125">
      <Output>
        <StdOut>Debug Trace:
0: WorkflowInstance "ScopeTestActivity" is Started
1: Activity [null] "null" scheduled child activity [1] "ScopeTestActivity"
2: Activity [1] "ScopeTestActivity" is Executing
3: Activity [1] "ScopeTestActivity" is Closed
4: WorkflowInstance "ScopeTestActivity" is Completed</StdOut>
      </Output>
    </UnitTestResult>
    <UnitTestResult executionId="522e91ee-61df-4ae6-b4fb-d98f4233115b" testId="a9af5c4e-ad84-9799-ca0d-e84e9806e9ab" testName="Invoke_ChildActivityFails_ExceptionMarkedAsHandled_CallbacksAreCalledTheExpectedNumberOfTimes" computerName="ICSWS068" duration="00:00:00.0063731" startTime="2016-08-04T09:58:45.2500701+02:00" endTime="2016-08-04T09:58:45.2576993+02:00" testType="13cdc9d9-ddb5-4fa4-a97d-d965ccfc6d4b" outcome="Passed" testListId="8c84fa94-04c1-424b-9868-57a2d4851a1d" relativeResultsDirectory="522e91ee-61df-4ae6-b4fb-d98f4233115b">
      <Output>
        <StdOut>Debug Trace:
0: WorkflowInstance "Sequence" is Started
1: Activity [null] "null" scheduled child activity [1] "Sequence"
2: Activity [1] "Sequence" is Executing
3: Activity [1] "Sequence" scheduled child activity [2] "ScopeTestActivity"
4: Activity [2] "ScopeTestActivity" is Executing
5: Activity [2] "ScopeTestActivity" scheduled child activity [9] "Delay"
6: Activity [9] "Delay" is Executing
{
    Arguments
        Duration: 00:00:00.0010000
}
7: WorkflowInstance "Sequence" is Idle
8: Bookmark "null" resumed with payload &lt;null&gt; owner [9] "Delay"
9: Activity [9] "Delay" is Closed
{
    Arguments
        Duration: 00:00:00.0010000
}
10: Activity [2] "ScopeTestActivity" scheduled child activity [7] "Delay"
11: Activity [7] "Delay" is Executing
{
    Arguments
        Duration: 00:00:00.0010000
}
12: WorkflowInstance "Sequence" is Idle
13: Bookmark "null" resumed with payload &lt;null&gt; owner [7] "Delay"
14: Activity [7] "Delay" is Closed
{
    Arguments
        Duration: 00:00:00.0010000
}
15: Activity [2] "ScopeTestActivity" scheduled child activity [5] "Throw"
16: Activity [5] "Throw" is Executing
{
    Arguments
        Exception: Testing.Common.TestException: Test exception
   at System.Activities.Statements.Throw.Execute(CodeActivityContext context)
   at System.Activities.CodeActivity.InternalExecute(ActivityInstance instance, ActivityExecutor executor, BookmarkManager bookmarkManager)
   at System.Activities.ActivityInstance.Execute(ActivityExecutor executor, BookmarkManager bookmarkManager)
   at System.Activities.Runtime.ActivityExecutor.ExecuteActivityWorkItem.ExecuteBody(ActivityExecutor executor, BookmarkManager bookmarkManager, Location resultLocation)
}
17: Activity [5] "Throw" is Faulted
{
    Arguments
        Exception: Testing.Common.TestException: Test exception
   at System.Activities.Statements.Throw.Execute(CodeActivityContext context)
   at System.Activities.CodeActivity.InternalExecute(ActivityInstance instance, ActivityExecutor executor, BookmarkManager bookmarkManager)
   at System.Activities.ActivityInstance.Execute(ActivityExecutor executor, BookmarkManager bookmarkManager)
   at System.Activities.Runtime.ActivityExecutor.ExecuteActivityWorkItem.ExecuteBody(ActivityExecutor executor, BookmarkManager bookmarkManager, Location resultLocation)
}
18: Fault source [5] "Throw"
19: Activity [2] "ScopeTestActivity" scheduled child activity [3] "Delay"
20: Activity [3] "Delay" is Executing
{
    Arguments
        Duration: 00:00:00.0010000
}
21: WorkflowInstance "Sequence" is Idle
22: Bookmark "null" resumed with payload &lt;null&gt; owner [3] "Delay"
23: Activity [3] "Delay" is Closed
{
    Arguments
        Duration: 00:00:00.0010000
}
24: Activity [2] "ScopeTestActivity" is Closed
25: Activity [1] "Sequence" is Closed
26: WorkflowInstance "Sequence" is Completed</StdOut>
      </Output>
    </UnitTestResult>
    <UnitTestResult executionId="f30f20c4-cde2-4eca-9cda-cc5ae573c929" testId="91a2a143-242a-bb6d-11fc-1d2760c37783" testName="Invoke_NormalExecution_Success" computerName="ICSWS068" duration="00:00:00.0212182" startTime="2016-08-04T09:58:45.2602171+02:00" endTime="2016-08-04T09:58:45.2822229+02:00" testType="13cdc9d9-ddb5-4fa4-a97d-d965ccfc6d4b" outcome="Passed" testListId="8c84fa94-04c1-424b-9868-57a2d4851a1d" relativeResultsDirectory="f30f20c4-cde2-4eca-9cda-cc5ae573c929">
      <Output>
        <StdOut>Debug Trace:
0: WorkflowInstance "Base64DecodeActivity" is Started
1: Activity [null] "null" scheduled child activity [1] "Base64DecodeActivity"
2: Activity [1] "Base64DecodeActivity" is Executing
{
    Arguments
        Destination: System.IO.MemoryStream
        Source: System.IO.MemoryStream
}
3: WorkflowInstance "Base64DecodeActivity" is Idle
4: Activity [1] "Base64DecodeActivity" is Closed
{
    Arguments
        BytesRead: 100
        Destination: System.IO.MemoryStream
        BytesWritten: 200
        Source: System.IO.MemoryStream
}
5: WorkflowInstance "Base64DecodeActivity" is Completed</StdOut>
      </Output>
    </UnitTestResult>
    <UnitTestResult executionId="dbef6c24-b14e-4092-970f-db6084a50e87" testId="b07700c8-b0a5-b8e5-7186-67a82681f9b0" testName="Invoke_Encoding_ThrowsException" computerName="ICSWS068" duration="00:00:00.0019327" startTime="2016-08-04T09:58:45.2878187+02:00" endTime="2016-08-04T09:58:45.2913192+02:00" testType="13cdc9d9-ddb5-4fa4-a97d-d965ccfc6d4b" outcome="Passed" testListId="8c84fa94-04c1-424b-9868-57a2d4851a1d" relativeResultsDirectory="dbef6c24-b14e-4092-970f-db6084a50e87">
      <Output>
        <StdOut>Debug Trace:
0: WorkflowInstance "Base64DecodeActivity" is Started
1: Activity [null] "null" scheduled child activity [1] "Base64DecodeActivity"
2: Activity [1] "Base64DecodeActivity" is Executing
{
    Arguments
        Destination: 
        Source: 
}
3: WorkflowInstance "Base64DecodeActivity" is Idle
4: Activity [1] "Base64DecodeActivity" is Faulted
{
    Arguments
        BytesRead: 0
        Destination: 
        BytesWritten: 0
        Source: 
}
5: Fault source [1] "Base64DecodeActivity"
6: WorkflowInstance "Base64DecodeActivity" Unhandled Exception Source "Base64DecodeActivity" Exception &lt;Testing.Common.TestException: Test exception
   at Moq.MethodCall.Execute(ICallContext call)
   at Moq.MethodCallReturn`2.Execute(ICallContext call)
   at Moq.ExecuteCall.HandleIntercept(ICallContext invocation, InterceptorContext ctx, CurrentInterceptContext localctx)
   at Moq.Interceptor.Intercept(ICallContext invocation)
   at Moq.Proxy.CastleProxyFactory.Interceptor.Intercept(IInvocation invocation)
   at Castle.DynamicProxy.AbstractInvocation.Proceed()
   at Castle.Proxies.IBase64UtilityProxy.Decode(Stream inputStream, Stream outputStream)
   at iCore.Workflow.Activities.Streams.Base64DecodeActivity.&lt;&gt;c__DisplayClass17_0.&lt;BeginExecute&gt;b__0()
   at System.Threading.Tasks.Task`1.InnerInvoke()
   at System.Threading.Tasks.Task.Execute()
--- End of stack trace from previous location where exception was thrown ---
   at System.Runtime.ExceptionServices.ExceptionDispatchInfo.Throw()
   at iCore.Workflow.Activities.ActivityUtilities.ThrowIfTaskFailedAndActivityIsNotCanceled(Task task, AsyncCodeActivityContext context)
   at iCore.Workflow.Activities.ActivityUtilities.GetResultOrThrowIfTaskFailedAndActivityIsNotCanceled[T](Task`1 task, AsyncCodeActivityContext context)
   at iCore.Workflow.Activities.Streams.Base64DecodeActivity.EndExecute(AsyncCodeActivityContext context, IAsyncResult result)
   at System.Activities.AsyncCodeActivity.System.Activities.IAsyncCodeActivity.FinishExecution(AsyncCodeActivityContext context, IAsyncResult result)
   at System.Activities.AsyncCodeActivity.CompleteAsyncCodeActivityData.CompleteAsyncCodeActivityWorkItem.Execute(ActivityExecutor executor, BookmarkManager bookmarkManager)&gt;
7: WorkflowInstance Aborted [Base64DecodeActivity] Reason "Test exception"</StdOut>
      </Output>
    </UnitTestResult>
    <UnitTestResult executionId="9353f8e1-37a4-407f-960a-df54cd43c0b0" testId="62fc09a7-653a-b801-8dde-a348481734d3" testName="Invoke_RequiredInArgumentIsMissing_UnhandledArgumentException" computerName="ICSWS068" duration="00:00:00.0010149" startTime="2016-08-04T09:58:45.2953444+02:00" endTime="2016-08-04T09:58:45.2983294+02:00" testType="13cdc9d9-ddb5-4fa4-a97d-d965ccfc6d4b" outcome="Passed" testListId="8c84fa94-04c1-424b-9868-57a2d4851a1d" relativeResultsDirectory="9353f8e1-37a4-407f-960a-df54cd43c0b0" />
    <UnitTestResult executionId="edabc383-2b82-4ed5-b8db-7de23c443e96" testId="bd7a0bea-1ba2-cd1d-8981-af744c2d8bbc" testName="Invoke_NormalExecution_Success" computerName="ICSWS068" duration="00:00:00.0057834" startTime="2016-08-04T09:58:45.3008305+02:00" endTime="2016-08-04T09:58:45.3083025+02:00" testType="13cdc9d9-ddb5-4fa4-a97d-d965ccfc6d4b" outcome="Passed" testListId="8c84fa94-04c1-424b-9868-57a2d4851a1d" relativeResultsDirectory="edabc383-2b82-4ed5-b8db-7de23c443e96">
      <Output>
        <StdOut>Debug Trace:
0: WorkflowInstance "Base64EncodeActivity" is Started
1: Activity [null] "null" scheduled child activity [1] "Base64EncodeActivity"
2: Activity [1] "Base64EncodeActivity" is Executing
{
    Arguments
        Destination: System.IO.MemoryStream
        Source: System.IO.MemoryStream
}
3: WorkflowInstance "Base64EncodeActivity" is Idle
4: Activity [1] "Base64EncodeActivity" is Closed
{
    Arguments
        BytesRead: 100
        Destination: System.IO.MemoryStream
        BytesWritten: 200
        Source: System.IO.MemoryStream
}
5: WorkflowInstance "Base64EncodeActivity" is Completed</StdOut>
      </Output>
    </UnitTestResult>
    <UnitTestResult executionId="44ab83c2-074c-4c18-a32d-7055e9347300" testId="7daa6422-1304-072b-cace-cd5d756167b4" testName="Invoke_Encoding_ThrowsException" computerName="ICSWS068" duration="00:00:00.0027882" startTime="2016-08-04T09:58:45.3123048+02:00" endTime="2016-08-04T09:58:45.3168235+02:00" testType="13cdc9d9-ddb5-4fa4-a97d-d965ccfc6d4b" outcome="Passed" testListId="8c84fa94-04c1-424b-9868-57a2d4851a1d" relativeResultsDirectory="44ab83c2-074c-4c18-a32d-7055e9347300">
      <Output>
        <StdOut>Debug Trace:
0: WorkflowInstance "Base64EncodeActivity" is Started
1: Activity [null] "null" scheduled child activity [1] "Base64EncodeActivity"
2: Activity [1] "Base64EncodeActivity" is Executing
{
    Arguments
        Destination: 
        Source: 
}
3: WorkflowInstance "Base64EncodeActivity" is Idle
4: Activity [1] "Base64EncodeActivity" is Faulted
{
    Arguments
        BytesRead: 0
        Destination: 
        BytesWritten: 0
        Source: 
}
5: Fault source [1] "Base64EncodeActivity"
6: WorkflowInstance "Base64EncodeActivity" Unhandled Exception Source "Base64EncodeActivity" Exception &lt;Testing.Common.TestException: Test exception
   at Moq.MethodCall.Execute(ICallContext call)
   at Moq.MethodCallReturn`2.Execute(ICallContext call)
   at Moq.ExecuteCall.HandleIntercept(ICallContext invocation, InterceptorContext ctx, CurrentInterceptContext localctx)
   at Moq.Interceptor.Intercept(ICallContext invocation)
   at Moq.Proxy.CastleProxyFactory.Interceptor.Intercept(IInvocation invocation)
   at Castle.DynamicProxy.AbstractInvocation.Proceed()
   at Castle.Proxies.IBase64UtilityProxy.Encode(Stream inputStream, Stream outputStream, Boolean leaveOutputStreamOpen)
   at iCore.Workflow.Activities.Streams.Base64EncodeActivity.&lt;&gt;c__DisplayClass17_0.&lt;BeginExecute&gt;b__0()
   at System.Threading.Tasks.Task`1.InnerInvoke()
   at System.Threading.Tasks.Task.Execute()
--- End of stack trace from previous location where exception was thrown ---
   at System.Runtime.ExceptionServices.ExceptionDispatchInfo.Throw()
   at iCore.Workflow.Activities.ActivityUtilities.ThrowIfTaskFailedAndActivityIsNotCanceled(Task task, AsyncCodeActivityContext context)
   at iCore.Workflow.Activities.ActivityUtilities.GetResultOrThrowIfTaskFailedAndActivityIsNotCanceled[T](Task`1 task, AsyncCodeActivityContext context)
   at iCore.Workflow.Activities.Streams.Base64EncodeActivity.EndExecute(AsyncCodeActivityContext context, IAsyncResult result)
   at System.Activities.AsyncCodeActivity.System.Activities.IAsyncCodeActivity.FinishExecution(AsyncCodeActivityContext context, IAsyncResult result)
   at System.Activities.AsyncCodeActivity.CompleteAsyncCodeActivityData.CompleteAsyncCodeActivityWorkItem.Execute(ActivityExecutor executor, BookmarkManager bookmarkManager)&gt;
7: WorkflowInstance Aborted [Base64EncodeActivity] Reason "Test exception"</StdOut>
      </Output>
    </UnitTestResult>
    <UnitTestResult executionId="f2bca715-d047-4482-9bfe-fd08360c835d" testId="7dba6f73-f275-3e39-ae6a-a9309be88d61" testName="Invoke_RequiredInArgumentIsMissing_UnhandledArgumentException" computerName="ICSWS068" duration="00:00:00.0007688" startTime="2016-08-04T09:58:45.3203108+02:00" endTime="2016-08-04T09:58:45.3223122+02:00" testType="13cdc9d9-ddb5-4fa4-a97d-d965ccfc6d4b" outcome="Passed" testListId="8c84fa94-04c1-424b-9868-57a2d4851a1d" relativeResultsDirectory="f2bca715-d047-4482-9bfe-fd08360c835d" />
    <UnitTestResult executionId="3ea5270f-9a97-4bf9-9197-a7546cad1c15" testId="224e82eb-55f7-97f8-77f0-65b76c6b8a36" testName="Invoke_StreamIsClosed_Success" computerName="ICSWS068" duration="00:00:00.0028016" startTime="2016-08-04T09:58:45.3253128+02:00" endTime="2016-08-04T09:58:45.3293159+02:00" testType="13cdc9d9-ddb5-4fa4-a97d-d965ccfc6d4b" outcome="Passed" testListId="8c84fa94-04c1-424b-9868-57a2d4851a1d" relativeResultsDirectory="3ea5270f-9a97-4bf9-9197-a7546cad1c15">
      <Output>
        <StdOut>Debug Trace:
0: WorkflowInstance "CloseStreamActivity" is Started
1: Activity [null] "null" scheduled child activity [1] "CloseStreamActivity"
2: Activity [1] "CloseStreamActivity" is Executing
{
    Arguments
        Stream: System.IO.MemoryStream
}
3: WorkflowInstance "CloseStreamActivity" is Idle
4: Activity [1] "CloseStreamActivity" is Closed
{
    Arguments
        Stream: System.IO.MemoryStream
}
5: WorkflowInstance "CloseStreamActivity" is Completed</StdOut>
      </Output>
    </UnitTestResult>
    <UnitTestResult executionId="9055e26c-57e5-430c-99f3-1f00a1370369" testId="a2b21ae5-c2cf-e12c-63b2-7b04f2731c9f" testName="Invoke_StreamArgumentIsNull_Success" computerName="ICSWS068" duration="00:00:00.0008530" startTime="2016-08-04T09:58:45.3333349+02:00" endTime="2016-08-04T09:58:45.3358214+02:00" testType="13cdc9d9-ddb5-4fa4-a97d-d965ccfc6d4b" outcome="Passed" testListId="8c84fa94-04c1-424b-9868-57a2d4851a1d" relativeResultsDirectory="9055e26c-57e5-430c-99f3-1f00a1370369">
      <Output>
        <StdOut>Debug Trace:
0: WorkflowInstance "CloseStreamActivity" is Started
1: Activity [null] "null" scheduled child activity [1] "CloseStreamActivity"
2: Activity [1] "CloseStreamActivity" is Executing
{
    Arguments
        Stream: 
}
3: Activity [1] "CloseStreamActivity" is Closed
{
    Arguments
        Stream: 
}
4: WorkflowInstance "CloseStreamActivity" is Completed</StdOut>
      </Output>
    </UnitTestResult>
    <UnitTestResult executionId="00807926-da8c-46a2-84f7-5936e6fade3f" testId="14c803b2-f71b-ae89-a3dd-09ff29eb484c" testName="Invoke_NonNullableArgumentIsNull_ThrowsArgumentNullException" computerName="ICSWS068" duration="00:00:00.0005255" startTime="2016-08-04T09:58:45.3393231+02:00" endTime="2016-08-04T09:58:45.3413251+02:00" testType="13cdc9d9-ddb5-4fa4-a97d-d965ccfc6d4b" outcome="Passed" testListId="8c84fa94-04c1-424b-9868-57a2d4851a1d" relativeResultsDirectory="00807926-da8c-46a2-84f7-5936e6fade3f" />
    <UnitTestResult executionId="36428803-00e1-4fa6-a295-6673ea21a38a" testId="65f95b25-d4d5-c8d5-1fbd-99207548a370" testName="Invoke_RequiredArgumentIsMissing_ThrowsArgumentException" computerName="ICSWS068" duration="00:00:00.0002782" startTime="2016-08-04T09:58:45.3441110+02:00" endTime="2016-08-04T09:58:45.3456280+02:00" testType="13cdc9d9-ddb5-4fa4-a97d-d965ccfc6d4b" outcome="Passed" testListId="8c84fa94-04c1-424b-9868-57a2d4851a1d" relativeResultsDirectory="36428803-00e1-4fa6-a295-6673ea21a38a" />
    <UnitTestResult executionId="64d88334-7c39-426f-8569-b21cf129922d" testId="2eba2dd1-a21d-dc89-99a3-44834cf7910f" testName="Invoke_OptionalArgumentIsMissing_ValidExecution" computerName="ICSWS068" duration="00:00:00.0008794" startTime="2016-08-04T09:58:45.3491136+02:00" endTime="2016-08-04T09:58:45.3511147+02:00" testType="13cdc9d9-ddb5-4fa4-a97d-d965ccfc6d4b" outcome="Passed" testListId="8c84fa94-04c1-424b-9868-57a2d4851a1d" relativeResultsDirectory="64d88334-7c39-426f-8569-b21cf129922d" />
    <UnitTestResult executionId="f77cffaa-0206-476a-82c3-8d3a35e9df07" testId="c0ef9fc4-16dc-2613-6adc-e3c62183eec3" testName="Invoke_CorrectArguments_ValidExecution" computerName="ICSWS068" duration="00:00:00.0015081" startTime="2016-08-04T09:58:45.3546357+02:00" endTime="2016-08-04T09:58:45.3581231+02:00" testType="13cdc9d9-ddb5-4fa4-a97d-d965ccfc6d4b" outcome="Passed" testListId="8c84fa94-04c1-424b-9868-57a2d4851a1d" relativeResultsDirectory="f77cffaa-0206-476a-82c3-8d3a35e9df07">
      <Output>
        <StdOut>Debug Trace:
0: WorkflowInstance "CloseStreamActivity" is Started
1: Activity [null] "null" scheduled child activity [1] "CloseStreamActivity"
2: Activity [1] "CloseStreamActivity" is Executing
{
    Arguments
        Stream: System.IO.MemoryStream
}
3: WorkflowInstance "CloseStreamActivity" is Idle
4: Activity [1] "CloseStreamActivity" is Closed
{
    Arguments
        Stream: System.IO.MemoryStream
}
5: WorkflowInstance "CloseStreamActivity" is Completed</StdOut>
      </Output>
    </UnitTestResult>
    <UnitTestResult executionId="8f2e2724-1424-41b9-90ee-0bab1ebbd5ea" testId="db4873b4-8ca5-9fb2-a9ea-5ad5af01db8f" testName="Invoke_ValidArgs_CorrectSourceStreamUsed" computerName="ICSWS068" duration="00:00:00.0101771" startTime="2016-08-04T09:58:45.3611245+02:00" endTime="2016-08-04T09:58:45.3726181+02:00" testType="13cdc9d9-ddb5-4fa4-a97d-d965ccfc6d4b" outcome="Passed" testListId="8c84fa94-04c1-424b-9868-57a2d4851a1d" relativeResultsDirectory="8f2e2724-1424-41b9-90ee-0bab1ebbd5ea">
      <Output>
        <StdOut>Debug Trace:
0: WorkflowInstance "ConvertTextEncodingActivity" is Started
1: Activity [null] "null" scheduled child activity [1] "ConvertTextEncodingActivity"
2: Activity [1] "ConvertTextEncodingActivity" is Executing
{
    Arguments
        Destination: System.IO.MemoryStream
        WriteBOM: False
        FromEncoding: System.Text.ASCIIEncoding
        Source: System.IO.MemoryStream
        ToEncoding: System.Text.UnicodeEncoding
}
3: WorkflowInstance "ConvertTextEncodingActivity" is Idle
4: Activity [1] "ConvertTextEncodingActivity" is Closed
{
    Arguments
        Destination: System.IO.MemoryStream
        WriteBOM: False
        FromEncoding: System.Text.ASCIIEncoding
        Source: System.IO.MemoryStream
        ToEncoding: System.Text.UnicodeEncoding
}
5: WorkflowInstance "ConvertTextEncodingActivity" is Completed</StdOut>
      </Output>
    </UnitTestResult>
    <UnitTestResult executionId="727c1203-648c-4751-8ea9-eca69a047c69" testId="e3e8b614-8baa-4b5c-1f86-096f6741534b" testName="Invoke_ValidArgs_CorrectDestinationStreamUsed" computerName="ICSWS068" duration="00:00:00.0031116" startTime="2016-08-04T09:58:45.3756210+02:00" endTime="2016-08-04T09:58:45.3801248+02:00" testType="13cdc9d9-ddb5-4fa4-a97d-d965ccfc6d4b" outcome="Passed" testListId="8c84fa94-04c1-424b-9868-57a2d4851a1d" relativeResultsDirectory="727c1203-648c-4751-8ea9-eca69a047c69">
      <Output>
        <StdOut>Debug Trace:
0: WorkflowInstance "ConvertTextEncodingActivity" is Started
1: Activity [null] "null" scheduled child activity [1] "ConvertTextEncodingActivity"
2: Activity [1] "ConvertTextEncodingActivity" is Executing
{
    Arguments
        Destination: System.IO.MemoryStream
        WriteBOM: False
        FromEncoding: System.Text.ASCIIEncoding
        Source: System.IO.MemoryStream
        ToEncoding: System.Text.UnicodeEncoding
}
3: WorkflowInstance "ConvertTextEncodingActivity" is Idle
4: Activity [1] "ConvertTextEncodingActivity" is Closed
{
    Arguments
        Destination: System.IO.MemoryStream
        WriteBOM: False
        FromEncoding: System.Text.ASCIIEncoding
        Source: System.IO.MemoryStream
        ToEncoding: System.Text.UnicodeEncoding
}
5: WorkflowInstance "ConvertTextEncodingActivity" is Completed</StdOut>
      </Output>
    </UnitTestResult>
    <UnitTestResult executionId="4317af39-c75d-4fdf-88a1-2631f2893ed4" testId="7dedc74d-7035-3e95-ad83-1174f702e5c9" testName="Invoke_ValidArgs_CorrectFromEncodingUsed" computerName="ICSWS068" duration="00:00:00.0030512" startTime="2016-08-04T09:58:45.3826279+02:00" endTime="2016-08-04T09:58:45.3876346+02:00" testType="13cdc9d9-ddb5-4fa4-a97d-d965ccfc6d4b" outcome="Passed" testListId="8c84fa94-04c1-424b-9868-57a2d4851a1d" relativeResultsDirectory="4317af39-c75d-4fdf-88a1-2631f2893ed4">
      <Output>
        <StdOut>Debug Trace:
0: WorkflowInstance "ConvertTextEncodingActivity" is Started
1: Activity [null] "null" scheduled child activity [1] "ConvertTextEncodingActivity"
2: Activity [1] "ConvertTextEncodingActivity" is Executing
{
    Arguments
        Destination: System.IO.MemoryStream
        WriteBOM: False
        FromEncoding: System.Text.ASCIIEncoding
        Source: System.IO.MemoryStream
        ToEncoding: System.Text.UnicodeEncoding
}
3: WorkflowInstance "ConvertTextEncodingActivity" is Idle
4: Activity [1] "ConvertTextEncodingActivity" is Closed
{
    Arguments
        Destination: System.IO.MemoryStream
        WriteBOM: False
        FromEncoding: System.Text.ASCIIEncoding
        Source: System.IO.MemoryStream
        ToEncoding: System.Text.UnicodeEncoding
}
5: WorkflowInstance "ConvertTextEncodingActivity" is Completed</StdOut>
      </Output>
    </UnitTestResult>
    <UnitTestResult executionId="51c93873-b475-4811-b254-365dab05aba6" testId="d9ae89a1-f06f-db31-d0a6-a765a99f3b83" testName="Invoke_ValidArgs_CorrectToEncodingUsed" computerName="ICSWS068" duration="00:00:00.0028535" startTime="2016-08-04T09:58:45.3901372+02:00" endTime="2016-08-04T09:58:45.3941747+02:00" testType="13cdc9d9-ddb5-4fa4-a97d-d965ccfc6d4b" outcome="Passed" testListId="8c84fa94-04c1-424b-9868-57a2d4851a1d" relativeResultsDirectory="51c93873-b475-4811-b254-365dab05aba6">
      <Output>
        <StdOut>Debug Trace:
0: WorkflowInstance "ConvertTextEncodingActivity" is Started
1: Activity [null] "null" scheduled child activity [1] "ConvertTextEncodingActivity"
2: Activity [1] "ConvertTextEncodingActivity" is Executing
{
    Arguments
        Destination: System.IO.MemoryStream
        WriteBOM: False
        FromEncoding: System.Text.ASCIIEncoding
        Source: System.IO.MemoryStream
        ToEncoding: System.Text.UnicodeEncoding
}
3: WorkflowInstance "ConvertTextEncodingActivity" is Idle
4: Activity [1] "ConvertTextEncodingActivity" is Closed
{
    Arguments
        Destination: System.IO.MemoryStream
        WriteBOM: False
        FromEncoding: System.Text.ASCIIEncoding
        Source: System.IO.MemoryStream
        ToEncoding: System.Text.UnicodeEncoding
}
5: WorkflowInstance "ConvertTextEncodingActivity" is Completed</StdOut>
      </Output>
    </UnitTestResult>
    <UnitTestResult executionId="2342e060-b509-4bb6-95db-6fccbeb70d89" testId="9c3b9965-913b-c790-19ca-f26c000b4b73" testName="Invoke_ValidArgs_CorrectWriteBOMUsed" computerName="ICSWS068" duration="00:00:00.0034189" startTime="2016-08-04T09:58:45.3966594+02:00" endTime="2016-08-04T09:58:45.4016631+02:00" testType="13cdc9d9-ddb5-4fa4-a97d-d965ccfc6d4b" outcome="Passed" testListId="8c84fa94-04c1-424b-9868-57a2d4851a1d" relativeResultsDirectory="2342e060-b509-4bb6-95db-6fccbeb70d89">
      <Output>
        <StdOut>Debug Trace:
0: WorkflowInstance "ConvertTextEncodingActivity" is Started
1: Activity [null] "null" scheduled child activity [1] "ConvertTextEncodingActivity"
2: Activity [1] "ConvertTextEncodingActivity" is Executing
{
    Arguments
        Destination: System.IO.MemoryStream
        WriteBOM: True
        FromEncoding: System.Text.ASCIIEncoding
        Source: System.IO.MemoryStream
        ToEncoding: System.Text.UnicodeEncoding
}
3: WorkflowInstance "ConvertTextEncodingActivity" is Idle
4: Activity [1] "ConvertTextEncodingActivity" is Closed
{
    Arguments
        Destination: System.IO.MemoryStream
        WriteBOM: True
        FromEncoding: System.Text.ASCIIEncoding
        Source: System.IO.MemoryStream
        ToEncoding: System.Text.UnicodeEncoding
}
5: WorkflowInstance "ConvertTextEncodingActivity" is Completed</StdOut>
      </Output>
    </UnitTestResult>
    <UnitTestResult executionId="f2d2a3a1-ae76-491d-9009-3e2983b88ae1" testId="451f1840-27e9-0fb0-4e55-6d7b121fec72" testName="Invoke_ActivityIsCancelled_ActivityCancels" computerName="ICSWS068" duration="00:00:01.0032811" startTime="2016-08-04T09:58:45.4051824+02:00" endTime="2016-08-04T09:58:46.4105955+02:00" testType="13cdc9d9-ddb5-4fa4-a97d-d965ccfc6d4b" outcome="Passed" testListId="8c84fa94-04c1-424b-9868-57a2d4851a1d" relativeResultsDirectory="f2d2a3a1-ae76-491d-9009-3e2983b88ae1">
      <Output>
        <StdOut>Debug Trace:
0: WorkflowInstance "ConvertTextEncodingActivity" is Started
1: Activity [null] "null" scheduled child activity [1] "ConvertTextEncodingActivity"
2: Activity [1] "ConvertTextEncodingActivity" is Executing
{
    Arguments
        Destination: System.IO.MemoryStream
        WriteBOM: False
        FromEncoding: System.Text.ASCIIEncoding
        Source: System.IO.MemoryStream
        ToEncoding: System.Text.UnicodeEncoding
}
3: WorkflowInstance "ConvertTextEncodingActivity" is Idle
4: Host requests cancel of activity [1] "ConvertTextEncodingActivity"
5: WorkflowInstance "ConvertTextEncodingActivity" is Idle
6: Activity [1] "ConvertTextEncodingActivity" is Canceled
{
    Arguments
        Destination: System.IO.MemoryStream
        WriteBOM: False
        FromEncoding: System.Text.ASCIIEncoding
        Source: System.IO.MemoryStream
        ToEncoding: System.Text.UnicodeEncoding
}
7: WorkflowInstance "ConvertTextEncodingActivity" is Canceled</StdOut>
      </Output>
    </UnitTestResult>
    <UnitTestResult executionId="c1c5215c-56c4-4a3d-a53b-5094356fd5e1" testId="eefe52b9-17ca-d2a9-cd96-9ba0dbe13094" testName="Invoke_NonNullableArgumentIsNull_ThrowsArgumentNullException" computerName="ICSWS068" duration="00:00:00.0046526" startTime="2016-08-04T09:58:46.4136160+02:00" endTime="2016-08-04T09:58:46.4196352+02:00" testType="13cdc9d9-ddb5-4fa4-a97d-d965ccfc6d4b" outcome="Passed" testListId="8c84fa94-04c1-424b-9868-57a2d4851a1d" relativeResultsDirectory="c1c5215c-56c4-4a3d-a53b-5094356fd5e1">
      <Output>
        <StdOut>Debug Trace:
0: WorkflowInstance "ConvertTextEncodingActivity" is Started
1: Activity [null] "null" scheduled child activity [1] "ConvertTextEncodingActivity"
2: Activity [1] "ConvertTextEncodingActivity" is Executing
{
    Arguments
        Destination: System.IO.MemoryStream
        WriteBOM: False
        FromEncoding: System.Text.ASCIIEncoding
        Source: System.IO.MemoryStream
        ToEncoding: 
}
3: Activity [1] "ConvertTextEncodingActivity" is Faulted
{
    Arguments
        Destination: System.IO.MemoryStream
        WriteBOM: False
        FromEncoding: System.Text.ASCIIEncoding
        Source: System.IO.MemoryStream
        ToEncoding: 
}
4: Fault source [1] "ConvertTextEncodingActivity"
5: WorkflowInstance "ConvertTextEncodingActivity" Unhandled Exception Source "ConvertTextEncodingActivity" Exception &lt;System.ArgumentNullException: The encoding is null.
Parameter name: ToEncoding
   at UnitTests.iCore.Workflow.Activities.ActivityStandardTestsBase`1.WaitForException() in F:\ETWork\Main\Common\ActivityStandardTestsBase.cs:line 100
   at UnitTests.iCore.Workflow.Activities.ActivityStandardTestsBase`1.Invoke_NonNullableArgumentIsNull_ThrowsArgumentNullException() in F:\ETWork\Main\Common\ActivityStandardTestsBase.cs:line 222&gt;
6: WorkflowInstance Aborted [ConvertTextEncodingActivity] Reason "The encoding is null.
Parameter name: ToEncoding"</StdOut>
      </Output>
    </UnitTestResult>
    <UnitTestResult executionId="93618533-496e-426f-b716-403a55a2fd7d" testId="f75174cc-5ef4-7519-defa-0b5091194f1c" testName="Invoke_RequiredArgumentIsMissing_ThrowsArgumentException" computerName="ICSWS068" duration="00:00:00.0025055" startTime="2016-08-04T09:58:46.4221223+02:00" endTime="2016-08-04T09:58:46.4261958+02:00" testType="13cdc9d9-ddb5-4fa4-a97d-d965ccfc6d4b" outcome="Passed" testListId="8c84fa94-04c1-424b-9868-57a2d4851a1d" relativeResultsDirectory="93618533-496e-426f-b716-403a55a2fd7d" />
    <UnitTestResult executionId="b7e7765e-7bdd-432d-a0d4-513d0035c052" testId="d57743b1-f9fa-51d2-a3c8-202cfcb8f455" testName="Invoke_OptionalArgumentIsMissing_ValidExecution" computerName="ICSWS068" duration="00:00:00.0001759" startTime="2016-08-04T09:58:46.4291975+02:00" endTime="2016-08-04T09:58:46.4306996+02:00" testType="13cdc9d9-ddb5-4fa4-a97d-d965ccfc6d4b" outcome="Passed" testListId="8c84fa94-04c1-424b-9868-57a2d4851a1d" relativeResultsDirectory="b7e7765e-7bdd-432d-a0d4-513d0035c052" />
    <UnitTestResult executionId="96b84a9e-2ac3-425b-b2ac-25e1f9efce0f" testId="520dffb9-0fdf-84b1-a5bd-679edba30b87" testName="Invoke_CorrectArguments_ValidExecution" computerName="ICSWS068" duration="00:00:00.0031298" startTime="2016-08-04T09:58:46.4337018+02:00" endTime="2016-08-04T09:58:46.4382038+02:00" testType="13cdc9d9-ddb5-4fa4-a97d-d965ccfc6d4b" outcome="Passed" testListId="8c84fa94-04c1-424b-9868-57a2d4851a1d" relativeResultsDirectory="96b84a9e-2ac3-425b-b2ac-25e1f9efce0f">
      <Output>
        <StdOut>Debug Trace:
0: WorkflowInstance "ConvertTextEncodingActivity" is Started
1: Activity [null] "null" scheduled child activity [1] "ConvertTextEncodingActivity"
2: Activity [1] "ConvertTextEncodingActivity" is Executing
{
    Arguments
        Destination: System.IO.MemoryStream
        WriteBOM: False
        FromEncoding: System.Text.ASCIIEncoding
        Source: System.IO.MemoryStream
        ToEncoding: System.Text.UnicodeEncoding
}
3: WorkflowInstance "ConvertTextEncodingActivity" is Idle
4: Activity [1] "ConvertTextEncodingActivity" is Closed
{
    Arguments
        Destination: System.IO.MemoryStream
        WriteBOM: False
        FromEncoding: System.Text.ASCIIEncoding
        Source: System.IO.MemoryStream
        ToEncoding: System.Text.UnicodeEncoding
}
5: WorkflowInstance "ConvertTextEncodingActivity" is Completed</StdOut>
      </Output>
    </UnitTestResult>
    <UnitTestResult executionId="9f5382ca-3c0a-486d-a7f2-fef4c89ec8f5" testId="adab9dd9-14b1-ebfd-c30e-5ce3e2dcea2c" testName="Invoke_ValidArgs_ValidExecution" computerName="ICSWS068" duration="00:00:00.0038711" startTime="2016-08-04T09:58:46.4412058+02:00" endTime="2016-08-04T09:58:46.4462154+02:00" testType="13cdc9d9-ddb5-4fa4-a97d-d965ccfc6d4b" outcome="Passed" testListId="8c84fa94-04c1-424b-9868-57a2d4851a1d" relativeResultsDirectory="9f5382ca-3c0a-486d-a7f2-fef4c89ec8f5">
      <Output>
        <StdOut>Debug Trace:
0: WorkflowInstance "CopyStreamActivity" is Started
1: Activity [null] "null" scheduled child activity [1] "CopyStreamActivity"
2: Activity [1] "CopyStreamActivity" is Executing
{
    Arguments
        MaxLength: 0
        Destination: System.IO.MemoryStream
        Source: System.IO.MemoryStream
}
3: Activity [1] "CopyStreamActivity" is Closed
{
    Arguments
        MaxLength: 0
        Destination: System.IO.MemoryStream
        Result: 26
        Source: System.IO.MemoryStream
}
4: WorkflowInstance "CopyStreamActivity" is Completed</StdOut>
      </Output>
    </UnitTestResult>
    <UnitTestResult executionId="3694163e-9794-4215-9f6b-44bb87a74eaa" testId="9203aeff-77d3-dfc6-264d-c743bdae5878" testName="Invoke_ValidArgs_CorrectValueIsReturned" computerName="ICSWS068" duration="00:00:00.0027014" startTime="2016-08-04T09:58:46.4507186+02:00" endTime="2016-08-04T09:58:46.4552217+02:00" testType="13cdc9d9-ddb5-4fa4-a97d-d965ccfc6d4b" outcome="Passed" testListId="8c84fa94-04c1-424b-9868-57a2d4851a1d" relativeResultsDirectory="3694163e-9794-4215-9f6b-44bb87a74eaa">
      <Output>
        <StdOut>Debug Trace:
0: WorkflowInstance "CopyStreamActivity" is Started
1: Activity [null] "null" scheduled child activity [1] "CopyStreamActivity"
2: Activity [1] "CopyStreamActivity" is Executing
{
    Arguments
        MaxLength: 0
        Destination: System.IO.MemoryStream
        Source: System.IO.MemoryStream
}
3: Activity [1] "CopyStreamActivity" is Closed
{
    Arguments
        MaxLength: 0
        Destination: System.IO.MemoryStream
        Result: 26
        Source: System.IO.MemoryStream
}
4: WorkflowInstance "CopyStreamActivity" is Completed</StdOut>
      </Output>
    </UnitTestResult>
    <UnitTestResult executionId="6dc03552-485a-4c5f-9ac7-268fb0c6780c" testId="476cfd16-6578-7586-d480-774320466a23" testName="Invoke_ValidArgs_CopiesDataCorrectly" computerName="ICSWS068" duration="00:00:00.0024955" startTime="2016-08-04T09:58:46.4587228+02:00" endTime="2016-08-04T09:58:46.4622254+02:00" testType="13cdc9d9-ddb5-4fa4-a97d-d965ccfc6d4b" outcome="Passed" testListId="8c84fa94-04c1-424b-9868-57a2d4851a1d" relativeResultsDirectory="6dc03552-485a-4c5f-9ac7-268fb0c6780c">
      <Output>
        <StdOut>Debug Trace:
0: WorkflowInstance "CopyStreamActivity" is Started
1: Activity [null] "null" scheduled child activity [1] "CopyStreamActivity"
2: Activity [1] "CopyStreamActivity" is Executing
{
    Arguments
        MaxLength: 0
        Destination: System.IO.MemoryStream
        Source: System.IO.MemoryStream
}
3: Activity [1] "CopyStreamActivity" is Closed
{
    Arguments
        MaxLength: 0
        Destination: System.IO.MemoryStream
        Result: 26
        Source: System.IO.MemoryStream
}
4: WorkflowInstance "CopyStreamActivity" is Completed</StdOut>
      </Output>
    </UnitTestResult>
    <UnitTestResult executionId="a274af71-479d-459f-adbc-25fdc156704c" testId="0291d35f-5064-ac43-448d-273402ed5848" testName="Invoke_SourceIsNull_ThrowsArgumentNullException" computerName="ICSWS068" duration="00:00:00.0030902" startTime="2016-08-04T09:58:46.4667227+02:00" endTime="2016-08-04T09:58:46.4712267+02:00" testType="13cdc9d9-ddb5-4fa4-a97d-d965ccfc6d4b" outcome="Passed" testListId="8c84fa94-04c1-424b-9868-57a2d4851a1d" relativeResultsDirectory="a274af71-479d-459f-adbc-25fdc156704c">
      <Output>
        <StdOut>Debug Trace:
0: WorkflowInstance "CopyStreamActivity" is Started
1: Activity [null] "null" scheduled child activity [1] "CopyStreamActivity"
2: Activity [1] "CopyStreamActivity" is Executing
{
    Arguments
        MaxLength: 0
        Destination: System.IO.MemoryStream
        Source: 
}
3: Activity [1] "CopyStreamActivity" is Faulted
{
    Arguments
        MaxLength: 0
        Destination: System.IO.MemoryStream
        Result: 0
        Source: 
}
4: Fault source [1] "CopyStreamActivity"
5: WorkflowInstance "CopyStreamActivity" Unhandled Exception Source "CopyStreamActivity" Exception &lt;System.ArgumentNullException: The stream is null.
Parameter name: Source
   at iCore.Workflow.Activities.Streams.CopyStreamActivity.BeginExecute(AsyncCodeActivityContext context, AsyncCallback callback, Object state)
   at System.Activities.AsyncCodeActivity`1.InternalExecute(ActivityInstance instance, ActivityExecutor executor, BookmarkManager bookmarkManager)
   at System.Activities.ActivityInstance.Execute(ActivityExecutor executor, BookmarkManager bookmarkManager)
   at System.Activities.Runtime.ActivityExecutor.ExecuteActivityWorkItem.ExecuteBody(ActivityExecutor executor, BookmarkManager bookmarkManager, Location resultLocation)&gt;
6: WorkflowInstance Aborted [CopyStreamActivity] Reason "The stream is null.
Parameter name: Source"</StdOut>
      </Output>
    </UnitTestResult>
    <UnitTestResult executionId="6e9c3b19-d849-4742-aedb-b17f76bcd435" testId="73785c90-d26d-1069-1b1c-95f5ac81a427" testName="Invoke_DestinationIsNull_ThrowsArgumentNullException" computerName="ICSWS068" duration="00:00:00.0020785" startTime="2016-08-04T09:58:46.4750176+02:00" endTime="2016-08-04T09:58:46.4780187+02:00" testType="13cdc9d9-ddb5-4fa4-a97d-d965ccfc6d4b" outcome="Passed" testListId="8c84fa94-04c1-424b-9868-57a2d4851a1d" relativeResultsDirectory="6e9c3b19-d849-4742-aedb-b17f76bcd435">
      <Output>
        <StdOut>Debug Trace:
0: WorkflowInstance "CopyStreamActivity" is Started
1: Activity [null] "null" scheduled child activity [1] "CopyStreamActivity"
2: Activity [1] "CopyStreamActivity" is Executing
{
    Arguments
        MaxLength: 0
        Destination: 
        Source: System.IO.MemoryStream
}
3: Activity [1] "CopyStreamActivity" is Faulted
{
    Arguments
        MaxLength: 0
        Destination: 
        Result: 0
        Source: System.IO.MemoryStream
}
4: Fault source [1] "CopyStreamActivity"
5: WorkflowInstance "CopyStreamActivity" Unhandled Exception Source "CopyStreamActivity" Exception &lt;System.ArgumentNullException: The stream is null.
Parameter name: Destination
   at iCore.Workflow.Activities.Streams.CopyStreamActivity.BeginExecute(AsyncCodeActivityContext context, AsyncCallback callback, Object state)
   at System.Activities.AsyncCodeActivity`1.InternalExecute(ActivityInstance instance, ActivityExecutor executor, BookmarkManager bookmarkManager)
   at System.Activities.ActivityInstance.Execute(ActivityExecutor executor, BookmarkManager bookmarkManager)
   at System.Activities.Runtime.ActivityExecutor.ExecuteActivityWorkItem.ExecuteBody(ActivityExecutor executor, BookmarkManager bookmarkManager, Location resultLocation)&gt;
6: WorkflowInstance Aborted [CopyStreamActivity] Reason "The stream is null.
Parameter name: Destination"</StdOut>
      </Output>
    </UnitTestResult>
    <UnitTestResult executionId="ac88dd6e-6898-4956-baa6-e98a909c09e8" testId="ce693e03-0cc0-9acc-907b-ac7a4ad1d412" testName="Invoke_RequiredArgumentsMissing_ThrowsArgumentException" computerName="ICSWS068" duration="00:00:00.0010020" startTime="2016-08-04T09:58:46.4825218+02:00" endTime="2016-08-04T09:58:46.4849860+02:00" testType="13cdc9d9-ddb5-4fa4-a97d-d965ccfc6d4b" outcome="Passed" testListId="8c84fa94-04c1-424b-9868-57a2d4851a1d" relativeResultsDirectory="ac88dd6e-6898-4956-baa6-e98a909c09e8" />
    <UnitTestResult executionId="a81ad0fa-4bbe-4582-b899-7a1653dc7181" testId="342c8403-47c8-07c5-ebd6-22a1b2e68846" testName="Invoke_HostCanceled_ActivityCancelsOperation" computerName="ICSWS068" duration="00:00:00.0037905" startTime="2016-08-04T09:58:46.4879731+02:00" endTime="2016-08-04T09:58:46.4937645+02:00" testType="13cdc9d9-ddb5-4fa4-a97d-d965ccfc6d4b" outcome="Passed" testListId="8c84fa94-04c1-424b-9868-57a2d4851a1d" relativeResultsDirectory="a81ad0fa-4bbe-4582-b899-7a1653dc7181">
      <Output>
        <StdOut>Debug Trace:
0: WorkflowInstance "CopyStreamActivity" is Started
1: Activity [null] "null" scheduled child activity [1] "CopyStreamActivity"
2: Activity [1] "CopyStreamActivity" is Executing
{
    Arguments
        MaxLength: 0
        Destination: System.IO.MemoryStream
        Source: System.IO.MemoryStream
}
3: WorkflowInstance "CopyStreamActivity" is Idle
4: Host requests cancel of activity [1] "CopyStreamActivity"
5: WorkflowInstance "CopyStreamActivity" is Idle
6: Activity [1] "CopyStreamActivity" is Closed
{
    Arguments
        MaxLength: 0
        Destination: System.IO.MemoryStream
        Result: 0
        Source: System.IO.MemoryStream
}
7: WorkflowInstance "CopyStreamActivity" is Completed</StdOut>
      </Output>
    </UnitTestResult>
    <UnitTestResult executionId="d8e15057-49b4-4447-bd79-8165ae42901b" testId="47a251d5-aeb7-2a65-8a91-0f82a973fe48" testName="Invoke_ValidArgs_DefaultValueOutIsFalse" computerName="ICSWS068" duration="00:00:00.0099675" startTime="2016-08-04T09:58:46.4977697+02:00" endTime="2016-08-04T09:58:46.5092862+02:00" testType="13cdc9d9-ddb5-4fa4-a97d-d965ccfc6d4b" outcome="Passed" testListId="8c84fa94-04c1-424b-9868-57a2d4851a1d" relativeResultsDirectory="d8e15057-49b4-4447-bd79-8165ae42901b">
      <Output>
        <StdOut>Debug Trace:
0: WorkflowInstance "DetectEncodingFromBOMActivity" is Started
1: Activity [null] "null" scheduled child activity [1] "DetectEncodingFromBOMActivity"
2: Activity [1] "DetectEncodingFromBOMActivity" is Executing
{
    Arguments
        DefaultEncoding: System.Text.ASCIIEncoding
        Stream: System.IO.MemoryStream
}
3: WorkflowInstance "DetectEncodingFromBOMActivity" is Idle
4: Activity [1] "DetectEncodingFromBOMActivity" is Closed
{
    Arguments
        DefaultValueOut: False
        DefaultEncoding: System.Text.ASCIIEncoding
        Result: System.Text.UnicodeEncoding
        Stream: System.IO.MemoryStream
}
5: WorkflowInstance "DetectEncodingFromBOMActivity" is Completed</StdOut>
      </Output>
    </UnitTestResult>
    <UnitTestResult executionId="f7f862cd-9ffb-40bd-8a52-5c3ada197105" testId="37d69a24-c463-0d93-cfe8-b073586346b0" testName="Invoke_BOMIsMissing_DefaultEncodingReturned" computerName="ICSWS068" duration="00:00:00.0039691" startTime="2016-08-04T09:58:46.5137715+02:00" endTime="2016-08-04T09:58:46.5192755+02:00" testType="13cdc9d9-ddb5-4fa4-a97d-d965ccfc6d4b" outcome="Passed" testListId="8c84fa94-04c1-424b-9868-57a2d4851a1d" relativeResultsDirectory="f7f862cd-9ffb-40bd-8a52-5c3ada197105">
      <Output>
        <StdOut>Debug Trace:
0: WorkflowInstance "DetectEncodingFromBOMActivity" is Started
1: Activity [null] "null" scheduled child activity [1] "DetectEncodingFromBOMActivity"
2: Activity [1] "DetectEncodingFromBOMActivity" is Executing
{
    Arguments
        DefaultEncoding: System.Text.ASCIIEncoding
        Stream: System.IO.MemoryStream
}
3: WorkflowInstance "DetectEncodingFromBOMActivity" is Idle
4: Activity [1] "DetectEncodingFromBOMActivity" is Closed
{
    Arguments
        DefaultValueOut: True
        DefaultEncoding: System.Text.ASCIIEncoding
        Result: System.Text.ASCIIEncoding
        Stream: System.IO.MemoryStream
}
5: WorkflowInstance "DetectEncodingFromBOMActivity" is Completed</StdOut>
      </Output>
    </UnitTestResult>
    <UnitTestResult executionId="deb60304-b819-405b-a5f7-9484c58c4bde" testId="aef87c73-76fd-014d-6bb8-aa1b563b6c34" testName="Invoke_BOMIsMissing_DefaultValueOutIsTrue" computerName="ICSWS068" duration="00:00:00.0027714" startTime="2016-08-04T09:58:46.5222778+02:00" endTime="2016-08-04T09:58:46.5262111+02:00" testType="13cdc9d9-ddb5-4fa4-a97d-d965ccfc6d4b" outcome="Passed" testListId="8c84fa94-04c1-424b-9868-57a2d4851a1d" relativeResultsDirectory="deb60304-b819-405b-a5f7-9484c58c4bde">
      <Output>
        <StdOut>Debug Trace:
0: WorkflowInstance "DetectEncodingFromBOMActivity" is Started
1: Activity [null] "null" scheduled child activity [1] "DetectEncodingFromBOMActivity"
2: Activity [1] "DetectEncodingFromBOMActivity" is Executing
{
    Arguments
        DefaultEncoding: System.Text.ASCIIEncoding
        Stream: System.IO.MemoryStream
}
3: WorkflowInstance "DetectEncodingFromBOMActivity" is Idle
4: Activity [1] "DetectEncodingFromBOMActivity" is Closed
{
    Arguments
        DefaultValueOut: True
        DefaultEncoding: System.Text.ASCIIEncoding
        Result: System.Text.ASCIIEncoding
        Stream: System.IO.MemoryStream
}
5: WorkflowInstance "DetectEncodingFromBOMActivity" is Completed</StdOut>
      </Output>
    </UnitTestResult>
    <UnitTestResult executionId="51951546-39b2-4fe1-98b7-ee579e766329" testId="b28b4911-d9e0-67fa-446c-ad3998cd2e38" testName="Invoke_NonSeekableStream_ThrowsNotSupportedException" computerName="ICSWS068" duration="00:00:10.0021539" startTime="2016-08-04T09:58:46.5292134+02:00" endTime="2016-08-04T09:58:56.5328093+02:00" testType="13cdc9d9-ddb5-4fa4-a97d-d965ccfc6d4b" outcome="Passed" testListId="8c84fa94-04c1-424b-9868-57a2d4851a1d" relativeResultsDirectory="51951546-39b2-4fe1-98b7-ee579e766329">
      <Output>
        <StdOut>Debug Trace:
0: WorkflowInstance "DetectEncodingFromBOMActivity" is Started
1: Activity [null] "null" scheduled child activity [1] "DetectEncodingFromBOMActivity"
2: Activity [1] "DetectEncodingFromBOMActivity" is Executing
{
    Arguments
        DefaultEncoding: System.Text.ASCIIEncoding
        Stream: UnitTests.iCore.Workflow.Activities.Streams.DetectEncodingFromBOMActivityTests+NonSeekableMemoryStream
}
3: Activity [1] "DetectEncodingFromBOMActivity" is Faulted
{
    Arguments
        DefaultValueOut: False
        DefaultEncoding: System.Text.ASCIIEncoding
        Result: 
        Stream: UnitTests.iCore.Workflow.Activities.Streams.DetectEncodingFromBOMActivityTests+NonSeekableMemoryStream
}
4: Fault source [1] "DetectEncodingFromBOMActivity"
5: WorkflowInstance "DetectEncodingFromBOMActivity" Unhandled Exception Source "DetectEncodingFromBOMActivity" Exception &lt;System.NotSupportedException: The stream does not support seeking.
   at UnitTests.iCore.Workflow.Activities.ActivityStandardTestsBase`1.WaitForCompletion() in F:\ETWork\Main\Common\ActivityStandardTestsBase.cs:line 50
   at UnitTests.iCore.Workflow.Activities.Streams.DetectEncodingFromBOMActivityTests.Invoke_NonSeekableStream_ThrowsNotSupportedException() in F:\ETWork\Main\Common\Assemblies\UnitTests.iCore.Workflow.Activities\Streams\DetectEncodingFromBOMActivityTests.cs:line 160&gt;
6: WorkflowInstance Aborted [DetectEncodingFromBOMActivity] Reason "The stream does not support seeking."</StdOut>
      </Output>
    </UnitTestResult>
    <UnitTestResult executionId="565bb975-f336-4850-9a4a-b0a198dc4215" testId="6b861c65-505d-ec8d-f47b-24ca5d4aa2ab" testName="Invoke_ActivityIsCancelled_ActivityCancels" computerName="ICSWS068" duration="00:00:01.0014231" startTime="2016-08-04T09:58:56.5358115+02:00" endTime="2016-08-04T09:58:57.5385485+02:00" testType="13cdc9d9-ddb5-4fa4-a97d-d965ccfc6d4b" outcome="Passed" testListId="8c84fa94-04c1-424b-9868-57a2d4851a1d" relativeResultsDirectory="565bb975-f336-4850-9a4a-b0a198dc4215">
      <Output>
        <StdOut>Debug Trace:
0: WorkflowInstance "DetectEncodingFromBOMActivity" is Started
1: Activity [null] "null" scheduled child activity [1] "DetectEncodingFromBOMActivity"
2: Activity [1] "DetectEncodingFromBOMActivity" is Executing
{
    Arguments
        DefaultEncoding: System.Text.ASCIIEncoding
        Stream: System.IO.MemoryStream
}
3: Host requests cancel of activity [1] "DetectEncodingFromBOMActivity"
4: WorkflowInstance "DetectEncodingFromBOMActivity" is Idle
5: Activity [1] "DetectEncodingFromBOMActivity" is Canceled
{
    Arguments
        DefaultValueOut: True
        DefaultEncoding: System.Text.ASCIIEncoding
        Result: System.Text.ASCIIEncoding
        Stream: System.IO.MemoryStream
}
6: WorkflowInstance "DetectEncodingFromBOMActivity" is Canceled</StdOut>
      </Output>
    </UnitTestResult>
    <UnitTestResult executionId="5b38d359-2d8f-4f26-a283-13ea4ddee2e0" testId="c9d4c11e-8553-75d8-e726-0ba6a993a772" testName="Invoke_CorrectArguemnts_CorrectReturnValueAndType" computerName="ICSWS068" duration="00:00:00.0029559" startTime="2016-08-04T09:58:57.5420496+02:00" endTime="2016-08-04T09:58:57.5464445+02:00" testType="13cdc9d9-ddb5-4fa4-a97d-d965ccfc6d4b" outcome="Passed" testListId="8c84fa94-04c1-424b-9868-57a2d4851a1d" relativeResultsDirectory="5b38d359-2d8f-4f26-a283-13ea4ddee2e0">
      <Output>
        <StdOut>Debug Trace:
0: WorkflowInstance "DetectEncodingFromBOMActivity" is Started
1: Activity [null] "null" scheduled child activity [1] "DetectEncodingFromBOMActivity"
2: Activity [1] "DetectEncodingFromBOMActivity" is Executing
{
    Arguments
        DefaultEncoding: System.Text.ASCIIEncoding
        Stream: System.IO.MemoryStream
}
3: WorkflowInstance "DetectEncodingFromBOMActivity" is Idle
4: Activity [1] "DetectEncodingFromBOMActivity" is Closed
{
    Arguments
        DefaultValueOut: False
        DefaultEncoding: System.Text.ASCIIEncoding
        Result: System.Text.UnicodeEncoding
        Stream: System.IO.MemoryStream
}
5: WorkflowInstance "DetectEncodingFromBOMActivity" is Completed</StdOut>
      </Output>
    </UnitTestResult>
    <UnitTestResult executionId="993b67fa-e991-47c1-a68f-bae65e987567" testId="56a5b933-47bc-02cd-316a-9e80e9843c0a" testName="Invoke_NonNullableArgumentIsNull_ThrowsArgumentNullException" computerName="ICSWS068" duration="00:00:00.0017395" startTime="2016-08-04T09:58:57.5494459+02:00" endTime="2016-08-04T09:58:57.5524491+02:00" testType="13cdc9d9-ddb5-4fa4-a97d-d965ccfc6d4b" outcome="Passed" testListId="8c84fa94-04c1-424b-9868-57a2d4851a1d" relativeResultsDirectory="993b67fa-e991-47c1-a68f-bae65e987567">
      <Output>
        <StdOut>Debug Trace:
0: WorkflowInstance "DetectEncodingFromBOMActivity" is Started
1: Activity [null] "null" scheduled child activity [1] "DetectEncodingFromBOMActivity"
2: Activity [1] "DetectEncodingFromBOMActivity" is Executing
{
    Arguments
        DefaultEncoding: System.Text.ASCIIEncoding
        Stream: 
}
3: Activity [1] "DetectEncodingFromBOMActivity" is Faulted
{
    Arguments
        DefaultValueOut: False
        DefaultEncoding: System.Text.ASCIIEncoding
        Result: 
        Stream: 
}
4: Fault source [1] "DetectEncodingFromBOMActivity"
5: WorkflowInstance "DetectEncodingFromBOMActivity" Unhandled Exception Source "DetectEncodingFromBOMActivity" Exception &lt;System.ArgumentNullException: The stream is null.
Parameter name: Stream
   at UnitTests.iCore.Workflow.Activities.ActivityStandardTestsBase`1.WaitForException() in F:\ETWork\Main\Common\ActivityStandardTestsBase.cs:line 100
   at UnitTests.iCore.Workflow.Activities.ActivityStandardTestsBase`1.Invoke_NonNullableArgumentIsNull_ThrowsArgumentNullException() in F:\ETWork\Main\Common\ActivityStandardTestsBase.cs:line 222&gt;
6: WorkflowInstance Aborted [DetectEncodingFromBOMActivity] Reason "The stream is null.
Parameter name: Stream"</StdOut>
      </Output>
    </UnitTestResult>
    <UnitTestResult executionId="fef55350-7b1f-4396-87b1-f10c9010d1b7" testId="656417e6-40c5-84be-1b47-18547842be94" testName="Invoke_RequiredArgumentIsMissing_ThrowsArgumentException" computerName="ICSWS068" duration="00:00:00.0016509" startTime="2016-08-04T09:58:57.5549523+02:00" endTime="2016-08-04T09:58:57.5584549+02:00" testType="13cdc9d9-ddb5-4fa4-a97d-d965ccfc6d4b" outcome="Passed" testListId="8c84fa94-04c1-424b-9868-57a2d4851a1d" relativeResultsDirectory="fef55350-7b1f-4396-87b1-f10c9010d1b7">
      <Output>
        <StdOut>Debug Trace:
0: WorkflowInstance "DetectEncodingFromBOMActivity" is Started
1: Activity [null] "null" scheduled child activity [1] "DetectEncodingFromBOMActivity"
2: Activity [1] "DetectEncodingFromBOMActivity" is Executing
{
    Arguments
        DefaultEncoding: System.Text.ASCIIEncoding
        Stream: 
}
3: Activity [1] "DetectEncodingFromBOMActivity" is Faulted
{
    Arguments
        DefaultValueOut: False
        DefaultEncoding: System.Text.ASCIIEncoding
        Result: 
        Stream: 
}
4: Fault source [1] "DetectEncodingFromBOMActivity"
5: WorkflowInstance "DetectEncodingFromBOMActivity" Unhandled Exception Source "DetectEncodingFromBOMActivity" Exception &lt;System.ArgumentNullException: The stream is null.
Parameter name: Stream
   at UnitTests.iCore.Workflow.Activities.ActivityStandardTestsBase`1.WaitForException() in F:\ETWork\Main\Common\ActivityStandardTestsBase.cs:line 100
   at UnitTests.iCore.Workflow.Activities.ActivityStandardTestsBase`1.Invoke_RequiredArgumentIsMissing_ThrowsArgumentException() in F:\ETWork\Main\Common\ActivityStandardTestsBase.cs:line 248&gt;
6: WorkflowInstance Aborted [DetectEncodingFromBOMActivity] Reason "The stream is null.
Parameter name: Stream"</StdOut>
      </Output>
    </UnitTestResult>
    <UnitTestResult executionId="c023883d-d196-45fb-8a8d-6358f085afb0" testId="a3df7129-3711-4ec0-b2ad-cdd199c76fe8" testName="Invoke_OptionalArgumentIsMissing_ValidExecution" computerName="ICSWS068" duration="00:00:00.0024882" startTime="2016-08-04T09:58:57.5614569+02:00" endTime="2016-08-04T09:58:57.5654832+02:00" testType="13cdc9d9-ddb5-4fa4-a97d-d965ccfc6d4b" outcome="Passed" testListId="8c84fa94-04c1-424b-9868-57a2d4851a1d" relativeResultsDirectory="c023883d-d196-45fb-8a8d-6358f085afb0">
      <Output>
        <StdOut>Debug Trace:
0: WorkflowInstance "DetectEncodingFromBOMActivity" is Started
1: Activity [null] "null" scheduled child activity [1] "DetectEncodingFromBOMActivity"
2: Activity [1] "DetectEncodingFromBOMActivity" is Executing
{
    Arguments
        DefaultEncoding: System.Text.ASCIIEncoding
        Stream: System.IO.MemoryStream
}
3: WorkflowInstance "DetectEncodingFromBOMActivity" is Idle
4: Activity [1] "DetectEncodingFromBOMActivity" is Closed
{
    Arguments
        DefaultValueOut: False
        DefaultEncoding: System.Text.ASCIIEncoding
        Result: System.Text.UnicodeEncoding
        Stream: System.IO.MemoryStream
}
5: WorkflowInstance "DetectEncodingFromBOMActivity" is Completed</StdOut>
      </Output>
    </UnitTestResult>
    <UnitTestResult executionId="34bec22f-42b8-41ee-aa97-9a3f7f9a5af6" testId="87d381b3-7e4d-64c9-aa0a-f63e748f8da6" testName="Invoke_CorrectArguments_ValidExecution" computerName="ICSWS068" duration="00:00:00.0017157" startTime="2016-08-04T09:58:57.5679670+02:00" endTime="2016-08-04T09:58:57.5709708+02:00" testType="13cdc9d9-ddb5-4fa4-a97d-d965ccfc6d4b" outcome="Passed" testListId="8c84fa94-04c1-424b-9868-57a2d4851a1d" relativeResultsDirectory="34bec22f-42b8-41ee-aa97-9a3f7f9a5af6">
      <Output>
        <StdOut>Debug Trace:
0: WorkflowInstance "DetectEncodingFromBOMActivity" is Started
1: Activity [null] "null" scheduled child activity [1] "DetectEncodingFromBOMActivity"
2: Activity [1] "DetectEncodingFromBOMActivity" is Executing
{
    Arguments
        DefaultEncoding: System.Text.ASCIIEncoding
        Stream: System.IO.MemoryStream
}
3: WorkflowInstance "DetectEncodingFromBOMActivity" is Idle
4: Activity [1] "DetectEncodingFromBOMActivity" is Closed
{
    Arguments
        DefaultValueOut: False
        DefaultEncoding: System.Text.ASCIIEncoding
        Result: System.Text.UnicodeEncoding
        Stream: System.IO.MemoryStream
}
5: WorkflowInstance "DetectEncodingFromBOMActivity" is Completed</StdOut>
      </Output>
    </UnitTestResult>
    <UnitTestResult executionId="5b83d2b5-6db1-4ab1-9972-aaa64ec41687" testId="f2042b35-a4ba-43fa-ef43-b594331fdca8" testName="Invoke_ValidArgs_ValidExecution" computerName="ICSWS068" duration="00:00:00.0043086" startTime="2016-08-04T09:58:57.5744716+02:00" endTime="2016-08-04T09:58:57.5799765+02:00" testType="13cdc9d9-ddb5-4fa4-a97d-d965ccfc6d4b" outcome="Passed" testListId="8c84fa94-04c1-424b-9868-57a2d4851a1d" relativeResultsDirectory="5b83d2b5-6db1-4ab1-9972-aaa64ec41687">
      <Output>
        <StdOut>Debug Trace:
0: WorkflowInstance "ReadBinaryDataActivity&lt;Int32&gt;" is Started
1: Activity [null] "null" scheduled child activity [1] "ReadBinaryDataActivity&lt;Int32&gt;"
2: Activity [1] "ReadBinaryDataActivity&lt;Int32&gt;" is Executing
{
    Arguments
        Source: System.IO.MemoryStream
}
3: WorkflowInstance "ReadBinaryDataActivity&lt;Int32&gt;" is Idle
4: Activity [1] "ReadBinaryDataActivity&lt;Int32&gt;" is Closed
{
    Arguments
        Result: 2012
        Source: System.IO.MemoryStream
}
5: WorkflowInstance "ReadBinaryDataActivity&lt;Int32&gt;" is Completed</StdOut>
      </Output>
    </UnitTestResult>
    <UnitTestResult executionId="5fd29b6c-9b6e-4d75-89d3-ca388e5ec443" testId="36d02c61-2995-8915-acd9-f7f8158f0e35" testName="Invoke_ValidArgs_CorrectStreamUsed" computerName="ICSWS068" duration="00:00:00.0026981" startTime="2016-08-04T09:58:57.5829797+02:00" endTime="2016-08-04T09:58:57.5869840+02:00" testType="13cdc9d9-ddb5-4fa4-a97d-d965ccfc6d4b" outcome="Passed" testListId="8c84fa94-04c1-424b-9868-57a2d4851a1d" relativeResultsDirectory="5fd29b6c-9b6e-4d75-89d3-ca388e5ec443">
      <Output>
        <StdOut>Debug Trace:
0: WorkflowInstance "ReadBinaryDataActivity&lt;Int32&gt;" is Started
1: Activity [null] "null" scheduled child activity [1] "ReadBinaryDataActivity&lt;Int32&gt;"
2: Activity [1] "ReadBinaryDataActivity&lt;Int32&gt;" is Executing
{
    Arguments
        Source: System.IO.MemoryStream
}
3: WorkflowInstance "ReadBinaryDataActivity&lt;Int32&gt;" is Idle
4: Activity [1] "ReadBinaryDataActivity&lt;Int32&gt;" is Closed
{
    Arguments
        Result: 2012
        Source: System.IO.MemoryStream
}
5: WorkflowInstance "ReadBinaryDataActivity&lt;Int32&gt;" is Completed</StdOut>
      </Output>
    </UnitTestResult>
    <UnitTestResult executionId="8e611785-9eb8-4182-ab56-fe00128d9289" testId="4cf90afb-4e86-d1f2-89a8-0cdb5883f62c" testName="Invoke_ValidArgs_CorrectTypeUsed" computerName="ICSWS068" duration="00:00:00.0075672" startTime="2016-08-04T09:58:57.5899866+02:00" endTime="2016-08-04T09:58:57.5995134+02:00" testType="13cdc9d9-ddb5-4fa4-a97d-d965ccfc6d4b" outcome="Passed" testListId="8c84fa94-04c1-424b-9868-57a2d4851a1d" relativeResultsDirectory="8e611785-9eb8-4182-ab56-fe00128d9289">
      <Output>
        <StdOut>Debug Trace:
0: WorkflowInstance "ReadBinaryDataActivity&lt;Single&gt;" is Started
1: Activity [null] "null" scheduled child activity [1] "ReadBinaryDataActivity&lt;Single&gt;"
2: Activity [1] "ReadBinaryDataActivity&lt;Single&gt;" is Executing
{
    Arguments
        Source: System.IO.MemoryStream
}
3: WorkflowInstance "ReadBinaryDataActivity&lt;Single&gt;" is Idle
4: Activity [1] "ReadBinaryDataActivity&lt;Single&gt;" is Closed
{
    Arguments
        Result: 2012
        Source: System.IO.MemoryStream
}
5: WorkflowInstance "ReadBinaryDataActivity&lt;Single&gt;" is Completed</StdOut>
      </Output>
    </UnitTestResult>
    <UnitTestResult executionId="821853af-7fa6-47ed-b467-3ce804e6d219" testId="b0f6e141-9066-1cd1-b69e-54e5d25c7f5d" testName="Invoke_NullStream_ThrowsArgumentNullException" computerName="ICSWS068" duration="00:00:00.0011454" startTime="2016-08-04T09:58:57.6020010+02:00" endTime="2016-08-04T09:58:57.6045054+02:00" testType="13cdc9d9-ddb5-4fa4-a97d-d965ccfc6d4b" outcome="Passed" testListId="8c84fa94-04c1-424b-9868-57a2d4851a1d" relativeResultsDirectory="821853af-7fa6-47ed-b467-3ce804e6d219">
      <Output>
        <StdOut>Debug Trace:
0: WorkflowInstance "ReadBinaryDataActivity&lt;Int32&gt;" is Started
1: Activity [null] "null" scheduled child activity [1] "ReadBinaryDataActivity&lt;Int32&gt;"
2: Activity [1] "ReadBinaryDataActivity&lt;Int32&gt;" is Executing
{
    Arguments
        Source: 
}
3: Activity [1] "ReadBinaryDataActivity&lt;Int32&gt;" is Faulted
{
    Arguments
        Result: 0
        Source: 
}
4: Fault source [1] "ReadBinaryDataActivity&lt;Int32&gt;"
5: WorkflowInstance "ReadBinaryDataActivity&lt;Int32&gt;" Unhandled Exception Source "ReadBinaryDataActivity&lt;Int32&gt;" Exception &lt;System.ArgumentNullException: The stream is null.
Parameter name: Source
   at iCore.Workflow.Activities.Streams.ReadBinaryDataActivity`1.BeginExecute(AsyncCodeActivityContext context, AsyncCallback callback, Object state)
   at System.Activities.AsyncCodeActivity`1.InternalExecute(ActivityInstance instance, ActivityExecutor executor, BookmarkManager bookmarkManager)
   at System.Activities.ActivityInstance.Execute(ActivityExecutor executor, BookmarkManager bookmarkManager)
   at System.Activities.Runtime.ActivityExecutor.ExecuteActivityWorkItem.ExecuteBody(ActivityExecutor executor, BookmarkManager bookmarkManager, Location resultLocation)&gt;
6: WorkflowInstance Aborted [ReadBinaryDataActivity&lt;Int32&gt;] Reason "The stream is null.
Parameter name: Source"</StdOut>
      </Output>
    </UnitTestResult>
    <UnitTestResult executionId="7b3d20ae-e0b7-4375-ba3a-6f175348406d" testId="703a82cd-a053-7071-e9b5-78c609295e9a" testName="Invoke_NonPrimitiveType_ThrowsNotSupportedException" computerName="ICSWS068" duration="00:00:00.0017046" startTime="2016-08-04T09:58:57.6080080+02:00" endTime="2016-08-04T09:58:57.6110114+02:00" testType="13cdc9d9-ddb5-4fa4-a97d-d965ccfc6d4b" outcome="Passed" testListId="8c84fa94-04c1-424b-9868-57a2d4851a1d" relativeResultsDirectory="7b3d20ae-e0b7-4375-ba3a-6f175348406d" />
    <UnitTestResult executionId="05c22dbb-9849-409f-abf2-20a3f4f3e9d0" testId="f9136ea6-a3ae-c3e3-9f87-ae9ca56321c2" testName="Invoke_CharTypeUsed_ThrowsNotSupportedException" computerName="ICSWS068" duration="00:00:00.0030471" startTime="2016-08-04T09:58:57.6135120+02:00" endTime="2016-08-04T09:58:57.6180160+02:00" testType="13cdc9d9-ddb5-4fa4-a97d-d965ccfc6d4b" outcome="Passed" testListId="8c84fa94-04c1-424b-9868-57a2d4851a1d" relativeResultsDirectory="05c22dbb-9849-409f-abf2-20a3f4f3e9d0" />
    <UnitTestResult executionId="22e953d6-1191-4a28-97e7-ea0340deb439" testId="c0239334-ad69-e287-6213-be0f7bf73f00" testName="Invoke_StreamArgumentMissing_ThrowsArgumentException" computerName="ICSWS068" duration="00:00:00.0006903" startTime="2016-08-04T09:58:57.6205180+02:00" endTime="2016-08-04T09:58:57.6225362+02:00" testType="13cdc9d9-ddb5-4fa4-a97d-d965ccfc6d4b" outcome="Passed" testListId="8c84fa94-04c1-424b-9868-57a2d4851a1d" relativeResultsDirectory="22e953d6-1191-4a28-97e7-ea0340deb439" />
    <UnitTestResult executionId="fab48c7d-01e1-4abc-893a-21338bd104d6" testId="f3bffc75-673d-2c98-f07d-50a240217433" testName="Invoke_ValidArgs_ValidExecution" computerName="ICSWS068" duration="00:00:00.0040670" startTime="2016-08-04T09:58:57.6252798+02:00" endTime="2016-08-04T09:58:57.6302835+02:00" testType="13cdc9d9-ddb5-4fa4-a97d-d965ccfc6d4b" outcome="Passed" testListId="8c84fa94-04c1-424b-9868-57a2d4851a1d" relativeResultsDirectory="fab48c7d-01e1-4abc-893a-21338bd104d6" />
    <UnitTestResult executionId="820a932c-439f-45a6-b0aa-d912579f7a75" testId="e81b95ba-eaaf-3783-91e5-35fd40ee9e51" testName="Invoke_ValidArgs_CorrectStreamUsed" computerName="ICSWS068" duration="00:00:00.0024304" startTime="2016-08-04T09:58:57.6328011+02:00" endTime="2016-08-04T09:58:57.6367887+02:00" testType="13cdc9d9-ddb5-4fa4-a97d-d965ccfc6d4b" outcome="Passed" testListId="8c84fa94-04c1-424b-9868-57a2d4851a1d" relativeResultsDirectory="820a932c-439f-45a6-b0aa-d912579f7a75" />
    <UnitTestResult executionId="7ebeab33-3079-4f48-805a-f3484ac7d5b5" testId="513d8645-8db3-80bb-1646-d239f967ea1b" testName="Invoke_ValidArgs_CorrectTypeUsed" computerName="ICSWS068" duration="00:00:00.0021536" startTime="2016-08-04T09:58:57.6392893+02:00" endTime="2016-08-04T09:58:57.6427915+02:00" testType="13cdc9d9-ddb5-4fa4-a97d-d965ccfc6d4b" outcome="Passed" testListId="8c84fa94-04c1-424b-9868-57a2d4851a1d" relativeResultsDirectory="7ebeab33-3079-4f48-805a-f3484ac7d5b5" />
    <UnitTestResult executionId="71343bb9-6533-4926-805d-4592fe50f33f" testId="69d7ff9a-81ef-0d9e-a9ac-f7dae1aa5a1b" testName="Invoke_NullStream_ThrowsArgumentNullException" computerName="ICSWS068" duration="00:00:00.0010105" startTime="2016-08-04T09:58:57.6452944+02:00" endTime="2016-08-04T09:58:57.6478111+02:00" testType="13cdc9d9-ddb5-4fa4-a97d-d965ccfc6d4b" outcome="Passed" testListId="8c84fa94-04c1-424b-9868-57a2d4851a1d" relativeResultsDirectory="71343bb9-6533-4926-805d-4592fe50f33f" />
    <UnitTestResult executionId="0ec62c2f-5808-40c1-9de4-b58f483ac840" testId="c4d7c67b-f207-44d5-26a7-e64dff809302" testName="Invoke_NonPrimitiveType_ThrowsNotSupportedException" computerName="ICSWS068" duration="00:00:00.0011542" startTime="2016-08-04T09:58:57.6502996+02:00" endTime="2016-08-04T09:58:57.6528028+02:00" testType="13cdc9d9-ddb5-4fa4-a97d-d965ccfc6d4b" outcome="Passed" testListId="8c84fa94-04c1-424b-9868-57a2d4851a1d" relativeResultsDirectory="0ec62c2f-5808-40c1-9de4-b58f483ac840" />
    <UnitTestResult executionId="31d5c340-206b-489b-862f-19e94eea270a" testId="2f10a8e2-870c-fb0a-2efe-4e3f000af2eb" testName="Invoke_CharTypeUsed_ThrowsNotSupportedException" computerName="ICSWS068" duration="00:00:00.0019005" startTime="2016-08-04T09:58:57.6553045+02:00" endTime="2016-08-04T09:58:57.6593062+02:00" testType="13cdc9d9-ddb5-4fa4-a97d-d965ccfc6d4b" outcome="Passed" testListId="8c84fa94-04c1-424b-9868-57a2d4851a1d" relativeResultsDirectory="31d5c340-206b-489b-862f-19e94eea270a" />
    <UnitTestResult executionId="95b678f6-0469-44b9-b603-b00082043611" testId="b7bb3c25-c731-3bd1-1366-6c44c19e9ca8" testName="Invoke_StreamArgumentMissing_ThrowsArgumentException" computerName="ICSWS068" duration="00:00:00.0007738" startTime="2016-08-04T09:58:57.6623085+02:00" endTime="2016-08-04T09:58:57.6643275+02:00" testType="13cdc9d9-ddb5-4fa4-a97d-d965ccfc6d4b" outcome="Passed" testListId="8c84fa94-04c1-424b-9868-57a2d4851a1d" relativeResultsDirectory="95b678f6-0469-44b9-b603-b00082043611" />
    <UnitTestResult executionId="46ac9454-8374-4c57-80ce-fc926a677748" testId="6f16d8aa-7f38-e639-bc75-1c27c0ed8528" testName="Invoke_ValueArgumentMissing_ThrowsArgumentException" computerName="ICSWS068" duration="00:00:00.0007812" startTime="2016-08-04T09:58:57.6673131+02:00" endTime="2016-08-04T09:58:57.6693134+02:00" testType="13cdc9d9-ddb5-4fa4-a97d-d965ccfc6d4b" outcome="Passed" testListId="8c84fa94-04c1-424b-9868-57a2d4851a1d" relativeResultsDirectory="46ac9454-8374-4c57-80ce-fc926a677748" />
    <UnitTestResult executionId="4e8a7cdd-cc26-426e-a0e8-074e0a83377a" testId="5c9e1a1f-8c40-b564-d2b0-0db3a277476e" testName="Invoke_DependencyThrowsOutOfMemoryException_ThrowsFatalException" computerName="ICSWS068" duration="00:00:00.0017037" startTime="2016-08-04T09:58:57.6723157+02:00" endTime="2016-08-04T09:58:57.6753177+02:00" testType="13cdc9d9-ddb5-4fa4-a97d-d965ccfc6d4b" outcome="Passed" testListId="8c84fa94-04c1-424b-9868-57a2d4851a1d" relativeResultsDirectory="4e8a7cdd-cc26-426e-a0e8-074e0a83377a" />
    <UnitTestResult executionId="f2644255-1f1a-4a05-b2ac-5cec390adeea" testId="23ce9303-9f8d-ff11-56ff-fbd2d8055699" testName="Invoke_ValidArgs_CorrectStreamUsed" computerName="ICSWS068" duration="00:00:00.0063282" startTime="2016-08-04T09:58:57.6783211+02:00" endTime="2016-08-04T09:58:57.6863304+02:00" testType="13cdc9d9-ddb5-4fa4-a97d-d965ccfc6d4b" outcome="Passed" testListId="8c84fa94-04c1-424b-9868-57a2d4851a1d" relativeResultsDirectory="f2644255-1f1a-4a05-b2ac-5cec390adeea" />
    <UnitTestResult executionId="7623299c-6c05-4a2e-a835-601e33fb918c" testId="18791323-6e9e-6cda-c5ff-1c5db1122519" testName="Invoke_UTF8_EncodingIsUTF8" computerName="ICSWS068" duration="00:00:00.0031263" startTime="2016-08-04T09:58:57.6903333+02:00" endTime="2016-08-04T09:58:57.6948352+02:00" testType="13cdc9d9-ddb5-4fa4-a97d-d965ccfc6d4b" outcome="Passed" testListId="8c84fa94-04c1-424b-9868-57a2d4851a1d" relativeResultsDirectory="7623299c-6c05-4a2e-a835-601e33fb918c" />
    <UnitTestResult executionId="1ec4fc05-3522-4e7d-9af6-d7612bb94b9d" testId="df42c3bd-8b30-ef9d-f6e5-9fdf5921eb91" testName="Invoke_UTF16_EncodingIsUTF16" computerName="ICSWS068" duration="00:00:00.0038524" startTime="2016-08-04T09:58:57.6978384+02:00" endTime="2016-08-04T09:58:57.7035151+02:00" testType="13cdc9d9-ddb5-4fa4-a97d-d965ccfc6d4b" outcome="Passed" testListId="8c84fa94-04c1-424b-9868-57a2d4851a1d" relativeResultsDirectory="1ec4fc05-3522-4e7d-9af6-d7612bb94b9d" />
    <UnitTestResult executionId="160ab8de-03b9-4088-96c5-2d58b67a6c3d" testId="fe39447e-9c50-77db-b7e3-e3ec82061c38" testName="Invoke_UTF16BE_EncodingIsUTF16BE" computerName="ICSWS068" duration="00:00:00.0031192" startTime="2016-08-04T09:58:57.7070195+02:00" endTime="2016-08-04T09:58:57.7120229+02:00" testType="13cdc9d9-ddb5-4fa4-a97d-d965ccfc6d4b" outcome="Passed" testListId="8c84fa94-04c1-424b-9868-57a2d4851a1d" relativeResultsDirectory="160ab8de-03b9-4088-96c5-2d58b67a6c3d" />
    <UnitTestResult executionId="96a319f5-bb4e-4823-b4cf-39b7699a7669" testId="2d80112e-770a-cbf1-c042-6fa74ab5027d" testName="Invoke_UTF32_EncodingIsUTF32" computerName="ICSWS068" duration="00:00:00.0028735" startTime="2016-08-04T09:58:57.7155264+02:00" endTime="2016-08-04T09:58:57.7195454+02:00" testType="13cdc9d9-ddb5-4fa4-a97d-d965ccfc6d4b" outcome="Passed" testListId="8c84fa94-04c1-424b-9868-57a2d4851a1d" relativeResultsDirectory="96a319f5-bb4e-4823-b4cf-39b7699a7669" />
    <UnitTestResult executionId="44657aaf-830d-4ca0-ae03-2d846f0acbc5" testId="348fa6de-6df7-ddea-08d7-bee4351a7bb5" testName="Invoke_UTF32BE_EncodingIsUTF32BE" computerName="ICSWS068" duration="00:00:00.0028134" startTime="2016-08-04T09:58:57.7225315+02:00" endTime="2016-08-04T09:58:57.7266092+02:00" testType="13cdc9d9-ddb5-4fa4-a97d-d965ccfc6d4b" outcome="Passed" testListId="8c84fa94-04c1-424b-9868-57a2d4851a1d" relativeResultsDirectory="44657aaf-830d-4ca0-ae03-2d846f0acbc5" />
    <UnitTestResult executionId="705cf0ff-e93e-4944-8dda-6b6098fdbcae" testId="83f905aa-4d31-5ba4-00bb-c0e1c5d03460" testName="Invoke_BOMUnavailable_WriteBOMNotCalled" computerName="ICSWS068" duration="00:00:00.0024975" startTime="2016-08-04T09:58:57.7291261+02:00" endTime="2016-08-04T09:58:57.7331144+02:00" testType="13cdc9d9-ddb5-4fa4-a97d-d965ccfc6d4b" outcome="Passed" testListId="8c84fa94-04c1-424b-9868-57a2d4851a1d" relativeResultsDirectory="705cf0ff-e93e-4944-8dda-6b6098fdbcae" />
    <UnitTestResult executionId="7c635f32-4869-4e9d-9e79-39835879c909" testId="5cdaab11-5d7b-28a7-1c4c-85f983e180aa" testName="Invoke_NonSeekableStream_ThrowsNotSupportedException" computerName="ICSWS068" duration="00:00:00.0024052" startTime="2016-08-04T09:58:57.7361164+02:00" endTime="2016-08-04T09:58:57.7401186+02:00" testType="13cdc9d9-ddb5-4fa4-a97d-d965ccfc6d4b" outcome="Passed" testListId="8c84fa94-04c1-424b-9868-57a2d4851a1d" relativeResultsDirectory="7c635f32-4869-4e9d-9e79-39835879c909" />
    <UnitTestResult executionId="09f663a4-5270-47c7-ab5c-feb30c12feb5" testId="056f9bcc-0941-f6b6-cfc7-2d35da19b82b" testName="Invoke_DestinationStreamIsNull_ThrowsArgumentNullException" computerName="ICSWS068" duration="00:00:00.0028741" startTime="2016-08-04T09:58:57.7431250+02:00" endTime="2016-08-04T09:58:57.7471285+02:00" testType="13cdc9d9-ddb5-4fa4-a97d-d965ccfc6d4b" outcome="Passed" testListId="8c84fa94-04c1-424b-9868-57a2d4851a1d" relativeResultsDirectory="09f663a4-5270-47c7-ab5c-feb30c12feb5" />
    <UnitTestResult executionId="53a746da-fc80-4f27-a555-06a49b5836f0" testId="7a71f113-6840-88ff-7b2b-91db7f95638b" testName="Invoke_RequiredArgumentsMissinf_CorrectBOMWritten" computerName="ICSWS068" duration="00:00:00.0006633" startTime="2016-08-04T09:58:57.7501293+02:00" endTime="2016-08-04T09:58:57.7521472+02:00" testType="13cdc9d9-ddb5-4fa4-a97d-d965ccfc6d4b" outcome="Passed" testListId="8c84fa94-04c1-424b-9868-57a2d4851a1d" relativeResultsDirectory="53a746da-fc80-4f27-a555-06a49b5836f0" />
    <UnitTestResult executionId="f4082e44-b9bc-4c37-a000-0d2c2299a5b4" testId="332b2b6d-7067-2a1f-f693-37c21c0797b4" testName="Invoke_CancellationRequested_ActivityIsCanceled" computerName="ICSWS068" duration="00:00:00.0025008" startTime="2016-08-04T09:58:57.7546512+02:00" endTime="2016-08-04T09:58:57.7581556+02:00" testType="13cdc9d9-ddb5-4fa4-a97d-d965ccfc6d4b" outcome="Passed" testListId="8c84fa94-04c1-424b-9868-57a2d4851a1d" relativeResultsDirectory="f4082e44-b9bc-4c37-a000-0d2c2299a5b4" />
    <UnitTestResult executionId="396209ee-c100-4ed2-a884-6f5694eb259f" testId="7d0b214c-f885-8a76-75db-62a306431a91" testName="Invoke_PrefixedStringAndValidArgs_MethodCalledOnce" computerName="ICSWS068" duration="00:00:00.0058057" startTime="2016-08-04T09:58:57.7611558+02:00" endTime="2016-08-04T09:58:57.7681803+02:00" testType="13cdc9d9-ddb5-4fa4-a97d-d965ccfc6d4b" outcome="Passed" testListId="8c84fa94-04c1-424b-9868-57a2d4851a1d" relativeResultsDirectory="396209ee-c100-4ed2-a884-6f5694eb259f">
      <Output>
        <StdOut>Debug Trace:
0: WorkflowInstance "WriteLengthFormattedStringToStreamActivity" is Started
1: Activity [null] "null" scheduled child activity [1] "WriteLengthFormattedStringToStreamActivity"
2: Activity [1] "WriteLengthFormattedStringToStreamActivity" is Executing
{
    Arguments
        DataEncoding: System.Text.ASCIIEncoding
        Value: hello
        StringLengthFormatProperty: LengthPrefixed
        Destination: System.IO.MemoryStream
        StringPrefixTypeProperty: Prefix_1_Byte
}
3: Activity [1] "WriteLengthFormattedStringToStreamActivity" is Closed
{
    Arguments
        DataEncoding: System.Text.ASCIIEncoding
        Value: hello
        StringLengthFormatProperty: LengthPrefixed
        Destination: System.IO.MemoryStream
        StringPrefixTypeProperty: Prefix_1_Byte
}
4: WorkflowInstance "WriteLengthFormattedStringToStreamActivity" is Completed</StdOut>
      </Output>
    </UnitTestResult>
    <UnitTestResult executionId="b18cd66e-570e-4bdd-8e14-70841387d61b" testId="d6c16dfe-5f1f-f69a-6105-33328aa5a8c7" testName="Invoke_PrefixedStringAndValidArgs_CorrectDestinationStreamUsed" computerName="ICSWS068" duration="00:00:00.0044952" startTime="2016-08-04T09:58:57.7706838+02:00" endTime="2016-08-04T09:58:57.7766485+02:00" testType="13cdc9d9-ddb5-4fa4-a97d-d965ccfc6d4b" outcome="Passed" testListId="8c84fa94-04c1-424b-9868-57a2d4851a1d" relativeResultsDirectory="b18cd66e-570e-4bdd-8e14-70841387d61b">
      <Output>
        <StdOut>Debug Trace:
0: WorkflowInstance "WriteLengthFormattedStringToStreamActivity" is Started
1: Activity [null] "null" scheduled child activity [1] "WriteLengthFormattedStringToStreamActivity"
2: Activity [1] "WriteLengthFormattedStringToStreamActivity" is Executing
{
    Arguments
        DataEncoding: System.Text.ASCIIEncoding
        Value: hello
        StringLengthFormatProperty: LengthPrefixed
        Destination: System.IO.MemoryStream
        StringPrefixTypeProperty: Prefix_1_Byte
}
3: Activity [1] "WriteLengthFormattedStringToStreamActivity" is Closed
{
    Arguments
        DataEncoding: System.Text.ASCIIEncoding
        Value: hello
        StringLengthFormatProperty: LengthPrefixed
        Destination: System.IO.MemoryStream
        StringPrefixTypeProperty: Prefix_1_Byte
}
4: WorkflowInstance "WriteLengthFormattedStringToStreamActivity" is Completed</StdOut>
      </Output>
    </UnitTestResult>
    <UnitTestResult executionId="ee29e664-c005-4ed2-9346-e37f4b0bb651" testId="342ee0a7-813f-a190-4010-16d7e44c2ef7" testName="Invoke_PrefixedStringAndValidArgs_CorrectPrefixUsed" computerName="ICSWS068" duration="00:00:00.0036744" startTime="2016-08-04T09:58:57.7796276+02:00" endTime="2016-08-04T09:58:57.7846513+02:00" testType="13cdc9d9-ddb5-4fa4-a97d-d965ccfc6d4b" outcome="Passed" testListId="8c84fa94-04c1-424b-9868-57a2d4851a1d" relativeResultsDirectory="ee29e664-c005-4ed2-9346-e37f4b0bb651">
      <Output>
        <StdOut>Debug Trace:
0: WorkflowInstance "WriteLengthFormattedStringToStreamActivity" is Started
1: Activity [null] "null" scheduled child activity [1] "WriteLengthFormattedStringToStreamActivity"
2: Activity [1] "WriteLengthFormattedStringToStreamActivity" is Executing
{
    Arguments
        DataEncoding: System.Text.ASCIIEncoding
        Value: hello
        StringLengthFormatProperty: LengthPrefixed
        Destination: System.IO.MemoryStream
        StringPrefixTypeProperty: Prefix_1_Byte
}
3: Activity [1] "WriteLengthFormattedStringToStreamActivity" is Closed
{
    Arguments
        DataEncoding: System.Text.ASCIIEncoding
        Value: hello
        StringLengthFormatProperty: LengthPrefixed
        Destination: System.IO.MemoryStream
        StringPrefixTypeProperty: Prefix_1_Byte
}
4: WorkflowInstance "WriteLengthFormattedStringToStreamActivity" is Completed</StdOut>
      </Output>
    </UnitTestResult>
    <UnitTestResult executionId="fcb87394-5f16-4503-944c-9ce62f8254dd" testId="5fa3aa10-c6da-0c0c-9a85-7727201a0c95" testName="Invoke_PrefixedStringAndValidArgs_CorrectValueUsed" computerName="ICSWS068" duration="00:00:00.0043465" startTime="2016-08-04T09:58:57.7871357+02:00" endTime="2016-08-04T09:58:57.7926462+02:00" testType="13cdc9d9-ddb5-4fa4-a97d-d965ccfc6d4b" outcome="Passed" testListId="8c84fa94-04c1-424b-9868-57a2d4851a1d" relativeResultsDirectory="fcb87394-5f16-4503-944c-9ce62f8254dd">
      <Output>
        <StdOut>Debug Trace:
0: WorkflowInstance "WriteLengthFormattedStringToStreamActivity" is Started
1: Activity [null] "null" scheduled child activity [1] "WriteLengthFormattedStringToStreamActivity"
2: Activity [1] "WriteLengthFormattedStringToStreamActivity" is Executing
{
    Arguments
        DataEncoding: System.Text.ASCIIEncoding
        Value: hello
        StringLengthFormatProperty: LengthPrefixed
        Destination: System.IO.MemoryStream
        StringPrefixTypeProperty: Prefix_1_Byte
}
3: Activity [1] "WriteLengthFormattedStringToStreamActivity" is Closed
{
    Arguments
        DataEncoding: System.Text.ASCIIEncoding
        Value: hello
        StringLengthFormatProperty: LengthPrefixed
        Destination: System.IO.MemoryStream
        StringPrefixTypeProperty: Prefix_1_Byte
}
4: WorkflowInstance "WriteLengthFormattedStringToStreamActivity" is Completed</StdOut>
      </Output>
    </UnitTestResult>
    <UnitTestResult executionId="3af2b57c-ef22-454b-b11a-0b29809f0002" testId="57677cec-2844-cd76-16d3-373e02b654e4" testName="Invoke_PrefixedStringAndValidArgs_CorrectEncodingUsed" computerName="ICSWS068" duration="00:00:00.0035682" startTime="2016-08-04T09:58:57.7956485+02:00" endTime="2016-08-04T09:58:57.8006499+02:00" testType="13cdc9d9-ddb5-4fa4-a97d-d965ccfc6d4b" outcome="Passed" testListId="8c84fa94-04c1-424b-9868-57a2d4851a1d" relativeResultsDirectory="3af2b57c-ef22-454b-b11a-0b29809f0002">
      <Output>
        <StdOut>Debug Trace:
0: WorkflowInstance "WriteLengthFormattedStringToStreamActivity" is Started
1: Activity [null] "null" scheduled child activity [1] "WriteLengthFormattedStringToStreamActivity"
2: Activity [1] "WriteLengthFormattedStringToStreamActivity" is Executing
{
    Arguments
        DataEncoding: System.Text.ASCIIEncoding
        Value: hello
        StringLengthFormatProperty: LengthPrefixed
        Destination: System.IO.MemoryStream
        StringPrefixTypeProperty: Prefix_1_Byte
}
3: Activity [1] "WriteLengthFormattedStringToStreamActivity" is Closed
{
    Arguments
        DataEncoding: System.Text.ASCIIEncoding
        Value: hello
        StringLengthFormatProperty: LengthPrefixed
        Destination: System.IO.MemoryStream
        StringPrefixTypeProperty: Prefix_1_Byte
}
4: WorkflowInstance "WriteLengthFormattedStringToStreamActivity" is Completed</StdOut>
      </Output>
    </UnitTestResult>
    <UnitTestResult executionId="4728fcb2-9d09-47d5-9bdc-6ac13cc86f35" testId="e5008ab8-1c04-c9e4-e887-6ae4ae3f7e48" testName="Invoke_NullTerminatedAndValidArgs_MethodCalledOnce" computerName="ICSWS068" duration="00:00:00.0036635" startTime="2016-08-04T09:58:57.8031566+02:00" endTime="2016-08-04T09:58:57.8076594+02:00" testType="13cdc9d9-ddb5-4fa4-a97d-d965ccfc6d4b" outcome="Passed" testListId="8c84fa94-04c1-424b-9868-57a2d4851a1d" relativeResultsDirectory="4728fcb2-9d09-47d5-9bdc-6ac13cc86f35">
      <Output>
        <StdOut>Debug Trace:
0: WorkflowInstance "WriteLengthFormattedStringToStreamActivity" is Started
1: Activity [null] "null" scheduled child activity [1] "WriteLengthFormattedStringToStreamActivity"
2: Activity [1] "WriteLengthFormattedStringToStreamActivity" is Executing
{
    Arguments
        DataEncoding: System.Text.ASCIIEncoding
        Value: hello
        StringLengthFormatProperty: NullTerminated
        Destination: System.IO.MemoryStream
        StringPrefixTypeProperty: UTF7
}
3: Activity [1] "WriteLengthFormattedStringToStreamActivity" is Closed
{
    Arguments
        DataEncoding: System.Text.ASCIIEncoding
        Value: hello
        StringLengthFormatProperty: NullTerminated
        Destination: System.IO.MemoryStream
        StringPrefixTypeProperty: UTF7
}
4: WorkflowInstance "WriteLengthFormattedStringToStreamActivity" is Completed</StdOut>
      </Output>
    </UnitTestResult>
    <UnitTestResult executionId="9698dbfc-39f5-4012-a844-33e2365d91be" testId="2ab62988-1d43-53af-0a12-e6ac28190360" testName="Invoke_NullTerminatedAndValidArgs_CorrectStreamUsed" computerName="ICSWS068" duration="00:00:00.0032969" startTime="2016-08-04T09:58:57.8106617+02:00" endTime="2016-08-04T09:58:57.8148616+02:00" testType="13cdc9d9-ddb5-4fa4-a97d-d965ccfc6d4b" outcome="Passed" testListId="8c84fa94-04c1-424b-9868-57a2d4851a1d" relativeResultsDirectory="9698dbfc-39f5-4012-a844-33e2365d91be">
      <Output>
        <StdOut>Debug Trace:
0: WorkflowInstance "WriteLengthFormattedStringToStreamActivity" is Started
1: Activity [null] "null" scheduled child activity [1] "WriteLengthFormattedStringToStreamActivity"
2: Activity [1] "WriteLengthFormattedStringToStreamActivity" is Executing
{
    Arguments
        DataEncoding: System.Text.ASCIIEncoding
        Value: hello
        StringLengthFormatProperty: NullTerminated
        Destination: System.IO.MemoryStream
        StringPrefixTypeProperty: UTF7
}
3: Activity [1] "WriteLengthFormattedStringToStreamActivity" is Closed
{
    Arguments
        DataEncoding: System.Text.ASCIIEncoding
        Value: hello
        StringLengthFormatProperty: NullTerminated
        Destination: System.IO.MemoryStream
        StringPrefixTypeProperty: UTF7
}
4: WorkflowInstance "WriteLengthFormattedStringToStreamActivity" is Completed</StdOut>
      </Output>
    </UnitTestResult>
    <UnitTestResult executionId="5fd74167-4626-45bc-a1b4-11d36d5d6264" testId="1a1a5eed-fabb-7458-2201-90539c4d50f2" testName="Invoke_NullTerminatedAndValidArgs_CorrectValueUsed" computerName="ICSWS068" duration="00:00:00.0032808" startTime="2016-08-04T09:58:57.8178481+02:00" endTime="2016-08-04T09:58:57.8223510+02:00" testType="13cdc9d9-ddb5-4fa4-a97d-d965ccfc6d4b" outcome="Passed" testListId="8c84fa94-04c1-424b-9868-57a2d4851a1d" relativeResultsDirectory="5fd74167-4626-45bc-a1b4-11d36d5d6264">
      <Output>
        <StdOut>Debug Trace:
0: WorkflowInstance "WriteLengthFormattedStringToStreamActivity" is Started
1: Activity [null] "null" scheduled child activity [1] "WriteLengthFormattedStringToStreamActivity"
2: Activity [1] "WriteLengthFormattedStringToStreamActivity" is Executing
{
    Arguments
        DataEncoding: System.Text.ASCIIEncoding
        Value: hello
        StringLengthFormatProperty: NullTerminated
        Destination: System.IO.MemoryStream
        StringPrefixTypeProperty: UTF7
}
3: Activity [1] "WriteLengthFormattedStringToStreamActivity" is Closed
{
    Arguments
        DataEncoding: System.Text.ASCIIEncoding
        Value: hello
        StringLengthFormatProperty: NullTerminated
        Destination: System.IO.MemoryStream
        StringPrefixTypeProperty: UTF7
}
4: WorkflowInstance "WriteLengthFormattedStringToStreamActivity" is Completed</StdOut>
      </Output>
    </UnitTestResult>
    <UnitTestResult executionId="291f341e-0e01-4cef-a05c-c862743789e2" testId="4a0b142f-a3e6-de99-d320-e99f30bc5f07" testName="Invoke_NullTerminatedAndValidArgs_CorrectEncodingUsed" computerName="ICSWS068" duration="00:00:00.0033239" startTime="2016-08-04T09:58:57.8253553+02:00" endTime="2016-08-04T09:58:57.8298734+02:00" testType="13cdc9d9-ddb5-4fa4-a97d-d965ccfc6d4b" outcome="Passed" testListId="8c84fa94-04c1-424b-9868-57a2d4851a1d" relativeResultsDirectory="291f341e-0e01-4cef-a05c-c862743789e2">
      <Output>
        <StdOut>Debug Trace:
0: WorkflowInstance "WriteLengthFormattedStringToStreamActivity" is Started
1: Activity [null] "null" scheduled child activity [1] "WriteLengthFormattedStringToStreamActivity"
2: Activity [1] "WriteLengthFormattedStringToStreamActivity" is Executing
{
    Arguments
        DataEncoding: System.Text.ASCIIEncoding
        Value: hello
        StringLengthFormatProperty: NullTerminated
        Destination: System.IO.MemoryStream
        StringPrefixTypeProperty: UTF7
}
3: Activity [1] "WriteLengthFormattedStringToStreamActivity" is Closed
{
    Arguments
        DataEncoding: System.Text.ASCIIEncoding
        Value: hello
        StringLengthFormatProperty: NullTerminated
        Destination: System.IO.MemoryStream
        StringPrefixTypeProperty: UTF7
}
4: WorkflowInstance "WriteLengthFormattedStringToStreamActivity" is Completed</StdOut>
      </Output>
    </UnitTestResult>
    <UnitTestResult executionId="e116b325-e3c6-45c5-b602-5696809294f1" testId="86853b7a-647c-8c3a-665a-b9ef44a37b33" testName="Invoke_PrefixedStringAndPrefixTypeMissing_DefaultPrefixUsed" computerName="ICSWS068" duration="00:00:00.0034741" startTime="2016-08-04T09:58:57.8323602+02:00" endTime="2016-08-04T09:58:57.8373806+02:00" testType="13cdc9d9-ddb5-4fa4-a97d-d965ccfc6d4b" outcome="Passed" testListId="8c84fa94-04c1-424b-9868-57a2d4851a1d" relativeResultsDirectory="e116b325-e3c6-45c5-b602-5696809294f1">
      <Output>
        <StdOut>Debug Trace:
0: WorkflowInstance "WriteLengthFormattedStringToStreamActivity" is Started
1: Activity [null] "null" scheduled child activity [1] "WriteLengthFormattedStringToStreamActivity"
2: Activity [1] "WriteLengthFormattedStringToStreamActivity" is Executing
{
    Arguments
        DataEncoding: System.Text.ASCIIEncoding
        Value: hello
        StringLengthFormatProperty: LengthPrefixed
        Destination: System.IO.MemoryStream
        StringPrefixTypeProperty: UTF7
}
3: Activity [1] "WriteLengthFormattedStringToStreamActivity" is Closed
{
    Arguments
        DataEncoding: System.Text.ASCIIEncoding
        Value: hello
        StringLengthFormatProperty: LengthPrefixed
        Destination: System.IO.MemoryStream
        StringPrefixTypeProperty: UTF7
}
4: WorkflowInstance "WriteLengthFormattedStringToStreamActivity" is Completed</StdOut>
      </Output>
    </UnitTestResult>
    <UnitTestResult executionId="0d88e75a-6979-4d23-913b-01cb7aa48b4d" testId="deeef6be-dc45-e112-42b7-51c421a6cb6e" testName="Invoke_NullStream_ThrowsArgumentNullException" computerName="ICSWS068" duration="00:00:00.0036744" startTime="2016-08-04T09:58:57.8398656+02:00" endTime="2016-08-04T09:58:57.8448714+02:00" testType="13cdc9d9-ddb5-4fa4-a97d-d965ccfc6d4b" outcome="Passed" testListId="8c84fa94-04c1-424b-9868-57a2d4851a1d" relativeResultsDirectory="0d88e75a-6979-4d23-913b-01cb7aa48b4d">
      <Output>
        <StdOut>Debug Trace:
0: WorkflowInstance "WriteLengthFormattedStringToStreamActivity" is Started
1: Activity [null] "null" scheduled child activity [1] "WriteLengthFormattedStringToStreamActivity"
2: Activity [1] "WriteLengthFormattedStringToStreamActivity" is Executing
{
    Arguments
        DataEncoding: System.Text.ASCIIEncoding
        Value: hello
        StringLengthFormatProperty: LengthPrefixed
        Destination: 
        StringPrefixTypeProperty: Prefix_1_Byte
}
3: Activity [1] "WriteLengthFormattedStringToStreamActivity" is Faulted
{
    Arguments
        DataEncoding: System.Text.ASCIIEncoding
        Value: hello
        StringLengthFormatProperty: LengthPrefixed
        Destination: 
        StringPrefixTypeProperty: Prefix_1_Byte
}
4: Fault source [1] "WriteLengthFormattedStringToStreamActivity"
5: WorkflowInstance "WriteLengthFormattedStringToStreamActivity" Unhandled Exception Source "WriteLengthFormattedStringToStreamActivity" Exception &lt;System.ArgumentNullException: The stream is null.
Parameter name: Destination
   at Tests.iCore.Common.Activities.UnitTestActivityBase.WaitForCompletion() in F:\ETWork\Main\Testing\Assemblies\Tests.iCore.Common.Activities\UnitTestActivityBase.cs:line 129
   at Tests.iCore.Common.Activities.UnitTestActivityBase.RunAndWaitForCompletion() in F:\ETWork\Main\Testing\Assemblies\Tests.iCore.Common.Activities\UnitTestActivityBase.cs:line 113
   at UnitTests.iCore.Workflow.Activities.Streams.WriteLengthFormattedStringToStreamActivityTests.Invoke_NullStream_ThrowsArgumentNullException() in F:\ETWork\Main\Common\Assemblies\UnitTests.iCore.Workflow.Activities\Streams\WriteLengthFormattedStringToStreamActivityTests.cs:line 374&gt;
6: WorkflowInstance Aborted [WriteLengthFormattedStringToStreamActivity] Reason "The stream is null.
Parameter name: Destination"</StdOut>
      </Output>
    </UnitTestResult>
    <UnitTestResult executionId="826b1fac-b88d-41b8-9a71-628a89385f43" testId="ec3e59d4-312e-7306-76f3-951249f2ab3a" testName="Invoke_NullValue_ThrowsArgumentNullException" computerName="ICSWS068" duration="00:00:00.0028571" startTime="2016-08-04T09:58:57.8478752+02:00" endTime="2016-08-04T09:58:57.8518924+02:00" testType="13cdc9d9-ddb5-4fa4-a97d-d965ccfc6d4b" outcome="Passed" testListId="8c84fa94-04c1-424b-9868-57a2d4851a1d" relativeResultsDirectory="826b1fac-b88d-41b8-9a71-628a89385f43">
      <Output>
        <StdOut>Debug Trace:
0: WorkflowInstance "WriteLengthFormattedStringToStreamActivity" is Started
1: Activity [null] "null" scheduled child activity [1] "WriteLengthFormattedStringToStreamActivity"
2: Activity [1] "WriteLengthFormattedStringToStreamActivity" is Executing
{
    Arguments
        DataEncoding: System.Text.ASCIIEncoding
        Value: 
        StringLengthFormatProperty: LengthPrefixed
        Destination: System.IO.MemoryStream
        StringPrefixTypeProperty: Prefix_1_Byte
}
3: Activity [1] "WriteLengthFormattedStringToStreamActivity" is Faulted
{
    Arguments
        DataEncoding: System.Text.ASCIIEncoding
        Value: 
        StringLengthFormatProperty: LengthPrefixed
        Destination: System.IO.MemoryStream
        StringPrefixTypeProperty: Prefix_1_Byte
}
4: Fault source [1] "WriteLengthFormattedStringToStreamActivity"
5: WorkflowInstance "WriteLengthFormattedStringToStreamActivity" Unhandled Exception Source "WriteLengthFormattedStringToStreamActivity" Exception &lt;System.ArgumentNullException: The value to write is null.
Parameter name: Value
   at Tests.iCore.Common.Activities.UnitTestActivityBase.WaitForCompletion() in F:\ETWork\Main\Testing\Assemblies\Tests.iCore.Common.Activities\UnitTestActivityBase.cs:line 129
   at Tests.iCore.Common.Activities.UnitTestActivityBase.RunAndWaitForCompletion() in F:\ETWork\Main\Testing\Assemblies\Tests.iCore.Common.Activities\UnitTestActivityBase.cs:line 113
   at UnitTests.iCore.Workflow.Activities.Streams.WriteLengthFormattedStringToStreamActivityTests.Invoke_NullValue_ThrowsArgumentNullException() in F:\ETWork\Main\Common\Assemblies\UnitTests.iCore.Workflow.Activities\Streams\WriteLengthFormattedStringToStreamActivityTests.cs:line 400&gt;
6: WorkflowInstance Aborted [WriteLengthFormattedStringToStreamActivity] Reason "The value to write is null.
Parameter name: Value"</StdOut>
      </Output>
    </UnitTestResult>
    <UnitTestResult executionId="1ed86caf-1947-477f-bd8f-1f785818fed0" testId="782b9842-870c-d624-01b6-ce5abf75a4ed" testName="Invoke_NullEncoding_ThrowsArgumentNullException" computerName="ICSWS068" duration="00:00:00.0046356" startTime="2016-08-04T09:58:57.8545900+02:00" endTime="2016-08-04T09:58:57.8610955+02:00" testType="13cdc9d9-ddb5-4fa4-a97d-d965ccfc6d4b" outcome="Passed" testListId="8c84fa94-04c1-424b-9868-57a2d4851a1d" relativeResultsDirectory="1ed86caf-1947-477f-bd8f-1f785818fed0">
      <Output>
        <StdOut>Debug Trace:
0: WorkflowInstance "WriteLengthFormattedStringToStreamActivity" is Started
1: Activity [null] "null" scheduled child activity [1] "WriteLengthFormattedStringToStreamActivity"
2: Activity [1] "WriteLengthFormattedStringToStreamActivity" is Executing
{
    Arguments
        DataEncoding: 
        Value: hello
        StringLengthFormatProperty: LengthPrefixed
        Destination: System.IO.MemoryStream
        StringPrefixTypeProperty: Prefix_1_Byte
}
3: Activity [1] "WriteLengthFormattedStringToStreamActivity" is Faulted
{
    Arguments
        DataEncoding: 
        Value: hello
        StringLengthFormatProperty: LengthPrefixed
        Destination: System.IO.MemoryStream
        StringPrefixTypeProperty: Prefix_1_Byte
}
4: Fault source [1] "WriteLengthFormattedStringToStreamActivity"
5: WorkflowInstance "WriteLengthFormattedStringToStreamActivity" Unhandled Exception Source "WriteLengthFormattedStringToStreamActivity" Exception &lt;System.ArgumentNullException: The encoding is null.
Parameter name: DataEncoding
   at Tests.iCore.Common.Activities.UnitTestActivityBase.WaitForCompletion() in F:\ETWork\Main\Testing\Assemblies\Tests.iCore.Common.Activities\UnitTestActivityBase.cs:line 129
   at Tests.iCore.Common.Activities.UnitTestActivityBase.RunAndWaitForCompletion() in F:\ETWork\Main\Testing\Assemblies\Tests.iCore.Common.Activities\UnitTestActivityBase.cs:line 113
   at UnitTests.iCore.Workflow.Activities.Streams.WriteLengthFormattedStringToStreamActivityTests.Invoke_NullEncoding_ThrowsArgumentNullException() in F:\ETWork\Main\Common\Assemblies\UnitTests.iCore.Workflow.Activities\Streams\WriteLengthFormattedStringToStreamActivityTests.cs:line 425&gt;
6: WorkflowInstance Aborted [WriteLengthFormattedStringToStreamActivity] Reason "The encoding is null.
Parameter name: DataEncoding"</StdOut>
      </Output>
    </UnitTestResult>
    <UnitTestResult executionId="655e5d61-3d50-4e70-b7f9-133109c87b48" testId="cc89a127-5505-19cc-8892-962075b9cf8d" testName="Invoke_StreamMissing_ThrowsArgumentException" computerName="ICSWS068" duration="00:00:00.0011838" startTime="2016-08-04T09:58:57.8650977+02:00" endTime="2016-08-04T09:58:57.8680997+02:00" testType="13cdc9d9-ddb5-4fa4-a97d-d965ccfc6d4b" outcome="Passed" testListId="8c84fa94-04c1-424b-9868-57a2d4851a1d" relativeResultsDirectory="655e5d61-3d50-4e70-b7f9-133109c87b48" />
    <UnitTestResult executionId="acd0f35c-a31b-4622-b5b3-57043790a2d3" testId="5cab7f57-5233-7e09-ebac-0828fb12a8a8" testName="Invoke_ValueMissing_ThrowsArgumentException" computerName="ICSWS068" duration="00:00:00.0011328" startTime="2016-08-04T09:58:57.8716020+02:00" endTime="2016-08-04T09:58:57.8741081+02:00" testType="13cdc9d9-ddb5-4fa4-a97d-d965ccfc6d4b" outcome="Passed" testListId="8c84fa94-04c1-424b-9868-57a2d4851a1d" relativeResultsDirectory="acd0f35c-a31b-4622-b5b3-57043790a2d3" />
    <UnitTestResult executionId="da854c32-983c-4756-b378-d03643db0100" testId="72a9edc5-08f6-d211-abda-4cf98a859058" testName="Invoke_StringLengthFormatPropertyMissing_ThrowsArgumentException" computerName="ICSWS068" duration="00:00:00.0008392" startTime="2016-08-04T09:58:57.8771269+02:00" endTime="2016-08-04T09:58:57.8791122+02:00" testType="13cdc9d9-ddb5-4fa4-a97d-d965ccfc6d4b" outcome="Passed" testListId="8c84fa94-04c1-424b-9868-57a2d4851a1d" relativeResultsDirectory="da854c32-983c-4756-b378-d03643db0100" />
    <UnitTestResult executionId="0020f34c-ff52-4f4d-9042-2f2cd64a910f" testId="ad930378-21dd-7884-21c5-ea36345cfe81" testName="Invoke_EncodingMissing_ThrowsArgumentException" computerName="ICSWS068" duration="00:00:00.0007973" startTime="2016-08-04T09:58:57.8816133+02:00" endTime="2016-08-04T09:58:57.8836344+02:00" testType="13cdc9d9-ddb5-4fa4-a97d-d965ccfc6d4b" outcome="Passed" testListId="8c84fa94-04c1-424b-9868-57a2d4851a1d" relativeResultsDirectory="0020f34c-ff52-4f4d-9042-2f2cd64a910f" />
    <UnitTestResult executionId="88210458-3665-478d-8eb9-81ace0b53cd9" testId="45245268-4dff-831e-b0b1-3da0e0269589" testName="Invoke_CancelRequested_ActivityCancels" computerName="ICSWS068" duration="00:00:00.0031620" startTime="2016-08-04T09:58:57.8861352+02:00" endTime="2016-08-04T09:58:57.8906219+02:00" testType="13cdc9d9-ddb5-4fa4-a97d-d965ccfc6d4b" outcome="Passed" testListId="8c84fa94-04c1-424b-9868-57a2d4851a1d" relativeResultsDirectory="88210458-3665-478d-8eb9-81ace0b53cd9">
      <Output>
        <StdOut>Debug Trace:
0: WorkflowInstance "WriteLengthFormattedStringToStreamActivity" is Started
1: Activity [null] "null" scheduled child activity [1] "WriteLengthFormattedStringToStreamActivity"
2: Activity [1] "WriteLengthFormattedStringToStreamActivity" is Executing
{
    Arguments
        DataEncoding: System.Text.ASCIIEncoding
        Value: hello
        StringLengthFormatProperty: NullTerminated
        Destination: System.IO.MemoryStream
        StringPrefixTypeProperty: UTF7
}
3: WorkflowInstance "WriteLengthFormattedStringToStreamActivity" is Idle
4: Host requests cancel of activity [1] "WriteLengthFormattedStringToStreamActivity"
5: WorkflowInstance "WriteLengthFormattedStringToStreamActivity" is Idle
6: Activity [1] "WriteLengthFormattedStringToStreamActivity" is Closed
{
    Arguments
        DataEncoding: System.Text.ASCIIEncoding
        Value: hello
        StringLengthFormatProperty: NullTerminated
        Destination: System.IO.MemoryStream
        StringPrefixTypeProperty: UTF7
}
7: WorkflowInstance "WriteLengthFormattedStringToStreamActivity" is Completed</StdOut>
      </Output>
    </UnitTestResult>
    <UnitTestResult executionId="40ec5495-c601-41d7-a24c-4c7df712c0a5" testId="4f8a7bcf-dd68-e70a-a234-f98a83a52a32" testName="Invoke_ValidArgs_CorrectDestinationStreamUsed" computerName="ICSWS068" duration="00:00:00.0053365" startTime="2016-08-04T09:58:57.8936251+02:00" endTime="2016-08-04T09:58:57.9001297+02:00" testType="13cdc9d9-ddb5-4fa4-a97d-d965ccfc6d4b" outcome="Passed" testListId="8c84fa94-04c1-424b-9868-57a2d4851a1d" relativeResultsDirectory="40ec5495-c601-41d7-a24c-4c7df712c0a5">
      <Output>
        <StdOut>Debug Trace:
0: WorkflowInstance "WriteTextToStreamActivity" is Started
1: Activity [null] "null" scheduled child activity [1] "WriteTextToStreamActivity"
2: Activity [1] "WriteTextToStreamActivity" is Executing
{
    Arguments
        DataEncoding: System.Text.ASCIIEncoding
        Value: hello
        Destination: System.IO.MemoryStream
        WriteBOM: False
}
3: Activity [1] "WriteTextToStreamActivity" is Closed
{
    Arguments
        DataEncoding: System.Text.ASCIIEncoding
        Value: hello
        Destination: System.IO.MemoryStream
        WriteBOM: False
}
4: WorkflowInstance "WriteTextToStreamActivity" is Completed</StdOut>
      </Output>
    </UnitTestResult>
    <UnitTestResult executionId="c38a064e-7695-4480-895f-cf47af78a0a6" testId="06de0611-24a9-dc17-cb2f-51e72aa2b9ff" testName="Invoke_ValidArgs_CorrectTextUsed" computerName="ICSWS068" duration="00:00:00.0038148" startTime="2016-08-04T09:58:57.9036346+02:00" endTime="2016-08-04T09:58:57.9086413+02:00" testType="13cdc9d9-ddb5-4fa4-a97d-d965ccfc6d4b" outcome="Passed" testListId="8c84fa94-04c1-424b-9868-57a2d4851a1d" relativeResultsDirectory="c38a064e-7695-4480-895f-cf47af78a0a6">
      <Output>
        <StdOut>Debug Trace:
0: WorkflowInstance "WriteTextToStreamActivity" is Started
1: Activity [null] "null" scheduled child activity [1] "WriteTextToStreamActivity"
2: Activity [1] "WriteTextToStreamActivity" is Executing
{
    Arguments
        DataEncoding: System.Text.UnicodeEncoding
        Value: hello
        Destination: System.IO.MemoryStream
        WriteBOM: False
}
3: Activity [1] "WriteTextToStreamActivity" is Closed
{
    Arguments
        DataEncoding: System.Text.UnicodeEncoding
        Value: hello
        Destination: System.IO.MemoryStream
        WriteBOM: False
}
4: WorkflowInstance "WriteTextToStreamActivity" is Completed</StdOut>
      </Output>
    </UnitTestResult>
    <UnitTestResult executionId="354f8af9-56e3-40f3-bec8-bc6035927076" testId="2f54f209-3553-d225-09c8-5a1b4e476e94" testName="Invoke_ValidArgs_CorrectEncodingUsed" computerName="ICSWS068" duration="00:00:00.0035295" startTime="2016-08-04T09:58:57.9116418+02:00" endTime="2016-08-04T09:58:57.9161464+02:00" testType="13cdc9d9-ddb5-4fa4-a97d-d965ccfc6d4b" outcome="Passed" testListId="8c84fa94-04c1-424b-9868-57a2d4851a1d" relativeResultsDirectory="354f8af9-56e3-40f3-bec8-bc6035927076">
      <Output>
        <StdOut>Debug Trace:
0: WorkflowInstance "WriteTextToStreamActivity" is Started
1: Activity [null] "null" scheduled child activity [1] "WriteTextToStreamActivity"
2: Activity [1] "WriteTextToStreamActivity" is Executing
{
    Arguments
        DataEncoding: System.Text.UTF32Encoding
        Value: hello
        Destination: System.IO.MemoryStream
        WriteBOM: False
}
3: Activity [1] "WriteTextToStreamActivity" is Closed
{
    Arguments
        DataEncoding: System.Text.UTF32Encoding
        Value: hello
        Destination: System.IO.MemoryStream
        WriteBOM: False
}
4: WorkflowInstance "WriteTextToStreamActivity" is Completed</StdOut>
      </Output>
    </UnitTestResult>
    <UnitTestResult executionId="ae5016a3-b56e-4e71-8037-e309b702ff68" testId="2c829aec-1ce9-bdf5-1392-10a3c0f2df05" testName="Invoke_ValidArgs_CorrectWriteBOMUsed" computerName="ICSWS068" duration="00:00:00.0042359" startTime="2016-08-04T09:58:57.9186637+02:00" endTime="2016-08-04T09:58:57.9241539+02:00" testType="13cdc9d9-ddb5-4fa4-a97d-d965ccfc6d4b" outcome="Passed" testListId="8c84fa94-04c1-424b-9868-57a2d4851a1d" relativeResultsDirectory="ae5016a3-b56e-4e71-8037-e309b702ff68">
      <Output>
        <StdOut>Debug Trace:
0: WorkflowInstance "WriteTextToStreamActivity" is Started
1: Activity [null] "null" scheduled child activity [1] "WriteTextToStreamActivity"
2: Activity [1] "WriteTextToStreamActivity" is Executing
{
    Arguments
        DataEncoding: System.Text.ASCIIEncoding
        Value: hello
        Destination: System.IO.MemoryStream
        WriteBOM: False
}
3: Activity [1] "WriteTextToStreamActivity" is Closed
{
    Arguments
        DataEncoding: System.Text.ASCIIEncoding
        Value: hello
        Destination: System.IO.MemoryStream
        WriteBOM: False
}
4: WorkflowInstance "WriteTextToStreamActivity" is Completed</StdOut>
      </Output>
    </UnitTestResult>
    <UnitTestResult executionId="2da5931e-9057-473b-861e-7034d633b766" testId="1d697c71-8e74-9224-b68c-a48e0c2fe4e2" testName="Invoke_NullStream_ThrowsArgumentNullException" computerName="ICSWS068" duration="00:00:00.0029571" startTime="2016-08-04T09:58:57.9271559+02:00" endTime="2016-08-04T09:58:57.9311746+02:00" testType="13cdc9d9-ddb5-4fa4-a97d-d965ccfc6d4b" outcome="Passed" testListId="8c84fa94-04c1-424b-9868-57a2d4851a1d" relativeResultsDirectory="2da5931e-9057-473b-861e-7034d633b766">
      <Output>
        <StdOut>Debug Trace:
0: WorkflowInstance "WriteTextToStreamActivity" is Started
1: Activity [null] "null" scheduled child activity [1] "WriteTextToStreamActivity"
2: Activity [1] "WriteTextToStreamActivity" is Executing
{
    Arguments
        DataEncoding: System.Text.ASCIIEncoding
        Value: hello
        Destination: 
        WriteBOM: False
}
3: Activity [1] "WriteTextToStreamActivity" is Faulted
{
    Arguments
        DataEncoding: System.Text.ASCIIEncoding
        Value: hello
        Destination: 
        WriteBOM: False
}
4: Fault source [1] "WriteTextToStreamActivity"
5: WorkflowInstance "WriteTextToStreamActivity" Unhandled Exception Source "WriteTextToStreamActivity" Exception &lt;System.ArgumentNullException: The stream is null.
Parameter name: Destination
   at Tests.iCore.Common.Activities.UnitTestActivityBase.WaitForCompletion() in F:\ETWork\Main\Testing\Assemblies\Tests.iCore.Common.Activities\UnitTestActivityBase.cs:line 129
   at Tests.iCore.Common.Activities.UnitTestActivityBase.RunAndWaitForCompletion() in F:\ETWork\Main\Testing\Assemblies\Tests.iCore.Common.Activities\UnitTestActivityBase.cs:line 113
   at UnitTests.iCore.Workflow.Activities.Streams.WriteTextToStreamActivityTests.Invoke_NullStream_ThrowsArgumentNullException() in F:\ETWork\Main\Common\Assemblies\UnitTests.iCore.Workflow.Activities\Streams\WriteTextToStreamActivityTests.cs:line 189&gt;
6: WorkflowInstance Aborted [WriteTextToStreamActivity] Reason "The stream is null.
Parameter name: Destination"</StdOut>
      </Output>
    </UnitTestResult>
    <UnitTestResult executionId="c2938c77-90b9-4eeb-ae6c-30f1e23104c7" testId="e25f273b-0319-0a21-7bbf-9a765bf1f042" testName="Invoke_NullValue_ThrowsArgumentNullException" computerName="ICSWS068" duration="00:00:00.0029277" startTime="2016-08-04T09:58:57.9341628+02:00" endTime="2016-08-04T09:58:57.9381636+02:00" testType="13cdc9d9-ddb5-4fa4-a97d-d965ccfc6d4b" outcome="Passed" testListId="8c84fa94-04c1-424b-9868-57a2d4851a1d" relativeResultsDirectory="c2938c77-90b9-4eeb-ae6c-30f1e23104c7">
      <Output>
        <StdOut>Debug Trace:
0: WorkflowInstance "WriteTextToStreamActivity" is Started
1: Activity [null] "null" scheduled child activity [1] "WriteTextToStreamActivity"
2: Activity [1] "WriteTextToStreamActivity" is Executing
{
    Arguments
        DataEncoding: System.Text.ASCIIEncoding
        Value: 
        Destination: System.IO.MemoryStream
        WriteBOM: False
}
3: Activity [1] "WriteTextToStreamActivity" is Faulted
{
    Arguments
        DataEncoding: System.Text.ASCIIEncoding
        Value: 
        Destination: System.IO.MemoryStream
        WriteBOM: False
}
4: Fault source [1] "WriteTextToStreamActivity"
5: WorkflowInstance "WriteTextToStreamActivity" Unhandled Exception Source "WriteTextToStreamActivity" Exception &lt;System.ArgumentNullException: The value to write is null.
Parameter name: Value
   at Tests.iCore.Common.Activities.UnitTestActivityBase.WaitForCompletion() in F:\ETWork\Main\Testing\Assemblies\Tests.iCore.Common.Activities\UnitTestActivityBase.cs:line 129
   at Tests.iCore.Common.Activities.UnitTestActivityBase.RunAndWaitForCompletion() in F:\ETWork\Main\Testing\Assemblies\Tests.iCore.Common.Activities\UnitTestActivityBase.cs:line 113
   at UnitTests.iCore.Workflow.Activities.Streams.WriteTextToStreamActivityTests.Invoke_NullValue_ThrowsArgumentNullException() in F:\ETWork\Main\Common\Assemblies\UnitTests.iCore.Workflow.Activities\Streams\WriteTextToStreamActivityTests.cs:line 211&gt;
6: WorkflowInstance Aborted [WriteTextToStreamActivity] Reason "The value to write is null.
Parameter name: Value"</StdOut>
      </Output>
    </UnitTestResult>
    <UnitTestResult executionId="f7380839-ac7b-497f-88cf-45f093007a77" testId="3e0ecca9-4f19-4782-f12b-7b9592bc12ab" testName="Invoke_MissingDestinationArgument_ThrowsArgumentException" computerName="ICSWS068" duration="00:00:00.0008252" startTime="2016-08-04T09:58:57.9416671+02:00" endTime="2016-08-04T09:58:57.9437037+02:00" testType="13cdc9d9-ddb5-4fa4-a97d-d965ccfc6d4b" outcome="Passed" testListId="8c84fa94-04c1-424b-9868-57a2d4851a1d" relativeResultsDirectory="f7380839-ac7b-497f-88cf-45f093007a77" />
    <UnitTestResult executionId="2c7f9d62-a9cd-4e2d-a439-9db8fd96bdcb" testId="9df098ee-9fa0-bc17-bf98-8d98bb1d7ffb" testName="Invoke_MissingValueArgument_ThrowsArgumentException" computerName="ICSWS068" duration="00:00:00.0007598" startTime="2016-08-04T09:58:57.9461908+02:00" endTime="2016-08-04T09:58:57.9481896+02:00" testType="13cdc9d9-ddb5-4fa4-a97d-d965ccfc6d4b" outcome="Passed" testListId="8c84fa94-04c1-424b-9868-57a2d4851a1d" relativeResultsDirectory="2c7f9d62-a9cd-4e2d-a439-9db8fd96bdcb" />
    <UnitTestResult executionId="5c1d403a-3215-40e7-9f7c-ba34b8e82bed" testId="49b528af-bffc-c927-5114-d088d494fdd1" testName="Invoke_MissingDataEncodingArgument_ThrowsArgumentException" computerName="ICSWS068" duration="00:00:00.0007949" startTime="2016-08-04T09:58:57.9506919+02:00" endTime="2016-08-04T09:58:57.9527092+02:00" testType="13cdc9d9-ddb5-4fa4-a97d-d965ccfc6d4b" outcome="Passed" testListId="8c84fa94-04c1-424b-9868-57a2d4851a1d" relativeResultsDirectory="5c1d403a-3215-40e7-9f7c-ba34b8e82bed" />
    <UnitTestResult executionId="891fa7e7-4498-4f33-8dc3-c374e7b8e93a" testId="b581cf07-6f22-d7a1-9014-30aa991e7881" testName="Invoke_MissingWriteBOMArgument_UsesDefaultValueFalse" computerName="ICSWS068" duration="00:00:00.0039037" startTime="2016-08-04T09:58:57.9551991+02:00" endTime="2016-08-04T09:58:57.9602190+02:00" testType="13cdc9d9-ddb5-4fa4-a97d-d965ccfc6d4b" outcome="Passed" testListId="8c84fa94-04c1-424b-9868-57a2d4851a1d" relativeResultsDirectory="891fa7e7-4498-4f33-8dc3-c374e7b8e93a">
      <Output>
        <StdOut>Debug Trace:
0: WorkflowInstance "WriteTextToStreamActivity" is Started
1: Activity [null] "null" scheduled child activity [1] "WriteTextToStreamActivity"
2: Activity [1] "WriteTextToStreamActivity" is Executing
{
    Arguments
        DataEncoding: System.Text.ASCIIEncoding
        Value: hello
        Destination: System.IO.MemoryStream
        WriteBOM: False
}
3: Activity [1] "WriteTextToStreamActivity" is Closed
{
    Arguments
        DataEncoding: System.Text.ASCIIEncoding
        Value: hello
        Destination: System.IO.MemoryStream
        WriteBOM: False
}
4: WorkflowInstance "WriteTextToStreamActivity" is Completed</StdOut>
      </Output>
    </UnitTestResult>
    <UnitTestResult executionId="f16c4337-256d-4c3d-90d3-fd63b490ffba" testId="dd762876-e74b-2380-8746-d074a4943007" testName="Invoke_CancellationRequested_ActivityIsCanceled" computerName="ICSWS068" duration="00:00:00.0031172" startTime="2016-08-04T09:58:57.9632087+02:00" endTime="2016-08-04T09:58:57.9677285+02:00" testType="13cdc9d9-ddb5-4fa4-a97d-d965ccfc6d4b" outcome="Passed" testListId="8c84fa94-04c1-424b-9868-57a2d4851a1d" relativeResultsDirectory="f16c4337-256d-4c3d-90d3-fd63b490ffba">
      <Output>
        <StdOut>Debug Trace:
0: WorkflowInstance "WriteTextToStreamActivity" is Started
1: Activity [null] "null" scheduled child activity [1] "WriteTextToStreamActivity"
2: Activity [1] "WriteTextToStreamActivity" is Executing
{
    Arguments
        DataEncoding: System.Text.UTF32Encoding
        Value: hello
        Destination: System.IO.MemoryStream
        WriteBOM: False
}
3: WorkflowInstance "WriteTextToStreamActivity" is Idle
4: Host requests cancel of activity [1] "WriteTextToStreamActivity"
5: WorkflowInstance "WriteTextToStreamActivity" is Idle
6: Activity [1] "WriteTextToStreamActivity" is Closed
{
    Arguments
        DataEncoding: System.Text.UTF32Encoding
        Value: hello
        Destination: System.IO.MemoryStream
        WriteBOM: False
}
7: WorkflowInstance "WriteTextToStreamActivity" is Completed</StdOut>
      </Output>
    </UnitTestResult>
    <UnitTestResult executionId="93e32c55-73c1-4488-9f07-af7f563eff45" testId="7850050a-b17a-c0d4-07e0-9f3fd6f053d1" testName="Invoke_DependencyThrowsOutOfMemoryException_ThrowsFatalException" computerName="ICSWS068" duration="00:00:00.0026181" startTime="2016-08-04T09:58:57.9702138+02:00" endTime="2016-08-04T09:58:57.9737199+02:00" testType="13cdc9d9-ddb5-4fa4-a97d-d965ccfc6d4b" outcome="Passed" testListId="8c84fa94-04c1-424b-9868-57a2d4851a1d" relativeResultsDirectory="93e32c55-73c1-4488-9f07-af7f563eff45">
      <Output>
        <StdOut>Debug Trace:
0: WorkflowInstance "WriteTextToStreamActivity" is Started
1: Activity [null] "null" scheduled child activity [1] "WriteTextToStreamActivity"
2: Activity [1] "WriteTextToStreamActivity" is Executing
{
    Arguments
        DataEncoding: System.Text.ASCIIEncoding
        Value: hello
        Destination: System.IO.MemoryStream
        WriteBOM: False
}
3: Activity [1] "WriteTextToStreamActivity" is Faulted
{
    Arguments
        DataEncoding: System.Text.ASCIIEncoding
        Value: hello
        Destination: System.IO.MemoryStream
        WriteBOM: False
}
4: Fault source [1] "WriteTextToStreamActivity"
5: WorkflowInstance "WriteTextToStreamActivity" Unhandled Exception Source "WriteTextToStreamActivity" Exception &lt;iCore.Workflow.Activities.Exceptions.WorkflowFatalException: Insufficient memory to continue the execution of the program. ---&gt; System.OutOfMemoryException: Insufficient memory to continue the execution of the program.
   --- End of inner exception stack trace ---
   at System.Runtime.ExceptionServices.ExceptionDispatchInfo.Throw()
   at iCore.Workflow.Activities.ActivityUtilities.ThrowIfTaskFailedAndActivityIsNotCanceled(Task task, AsyncCodeActivityContext context)
   at iCore.Workflow.Activities.Streams.WriteTextToStreamActivity.EndExecute(AsyncCodeActivityContext context, IAsyncResult result)
   at System.Activities.AsyncCodeActivity.System.Activities.IAsyncCodeActivity.FinishExecution(AsyncCodeActivityContext context, IAsyncResult result)
   at System.Activities.AsyncCodeActivity.CompleteAsyncCodeActivityData.CompleteAsyncCodeActivityWorkItem.Execute(ActivityExecutor executor, BookmarkManager bookmarkManager)&gt;
6: WorkflowInstance Aborted [WriteTextToStreamActivity] Reason "Insufficient memory to continue the execution of the program. InnerException Message: Insufficient memory to continue the execution of the program."</StdOut>
      </Output>
    </UnitTestResult>
    <UnitTestResult executionId="4c0527f8-9e86-48f1-9a43-2d5beddb3aac" testId="0f3fcd57-e530-ebe7-140d-8abd1c72ca9f" testName="Invoke_NormalExecution_Success" computerName="ICSWS068" duration="00:00:00.0075684" startTime="2016-08-04T09:58:57.9767225+02:00" endTime="2016-08-04T09:58:57.9862593+02:00" testType="13cdc9d9-ddb5-4fa4-a97d-d965ccfc6d4b" outcome="Passed" testListId="8c84fa94-04c1-424b-9868-57a2d4851a1d" relativeResultsDirectory="4c0527f8-9e86-48f1-9a43-2d5beddb3aac">
      <Output>
        <StdOut>Debug Trace:
0: WorkflowInstance "SendMsmqMessageActivity" is Started
1: Activity [null] "null" scheduled child activity [1] "SendMsmqMessageActivity"
2: Activity [1] "SendMsmqMessageActivity" is Executing
3: Activity [1] "SendMsmqMessageActivity" is Closed
4: WorkflowInstance "SendMsmqMessageActivity" is Completed</StdOut>
      </Output>
    </UnitTestResult>
    <UnitTestResult executionId="2803dd85-f3f9-44c0-872d-cc6e2f7f81de" testId="4d44c837-affa-8346-a367-ca8a47875fb1" testName="Invoke_CreateFailsAndThrowsException_ThrowTestException" computerName="ICSWS068" duration="00:00:00.0041130" startTime="2016-08-04T09:58:57.9887604+02:00" endTime="2016-08-04T09:58:57.9942674+02:00" testType="13cdc9d9-ddb5-4fa4-a97d-d965ccfc6d4b" outcome="Passed" testListId="8c84fa94-04c1-424b-9868-57a2d4851a1d" relativeResultsDirectory="2803dd85-f3f9-44c0-872d-cc6e2f7f81de">
      <Output>
        <StdOut>Debug Trace:
0: WorkflowInstance "SendMsmqMessageActivity" is Started
1: Activity [null] "null" scheduled child activity [1] "SendMsmqMessageActivity"
2: Activity [1] "SendMsmqMessageActivity" is Executing
3: Activity [1] "SendMsmqMessageActivity" is Faulted
4: Fault source [1] "SendMsmqMessageActivity"
5: WorkflowInstance "SendMsmqMessageActivity" Unhandled Exception Source "SendMsmqMessageActivity" Exception &lt;Testing.Common.TestException: Test exception
   at System.Activities.WorkflowApplication.Invoke(Activity activity, IDictionary`2 inputs, WorkflowInstanceExtensionManager extensions, TimeSpan timeout)
   at System.Activities.WorkflowInvoker.Invoke(Activity workflow, IDictionary`2 inputs, TimeSpan timeout, WorkflowInstanceExtensionManager extensions)
   at Microsoft.Activities.UnitTesting.WorkflowInvokerTest.TestActivity(IDictionary`2 arguments, TimeSpan timeout)
   at Microsoft.Activities.UnitTesting.WorkflowInvokerTest.TestActivity(IDictionary`2 arguments)
   at UnitTests.iCore.Workflow.Activities.MSMQ.SendMsmqMessageActivityTests.Invoke_CreateFailsAndThrowsException_ThrowTestException() in F:\ETWork\Main\Common\Assemblies\UnitTests.iCore.Workflow.Activities\MSMQ\SendMsmqMessageActivityTests.cs:line 132&gt;
6: WorkflowInstance "SendMsmqMessageActivity" Terminated Reason "Test exception"</StdOut>
      </Output>
    </UnitTestResult>
    <UnitTestResult executionId="93305a9b-6835-41fc-bc77-2aa6171805f2" testId="177ae119-fd2a-8062-655f-3f2aa2042227" testName="Invoke_SendFailsAndThrowsException_ThrowTestException" computerName="ICSWS068" duration="00:00:00.0039092" startTime="2016-08-04T09:58:57.9972533+02:00" endTime="2016-08-04T09:58:58.0027757+02:00" testType="13cdc9d9-ddb5-4fa4-a97d-d965ccfc6d4b" outcome="Passed" testListId="8c84fa94-04c1-424b-9868-57a2d4851a1d" relativeResultsDirectory="93305a9b-6835-41fc-bc77-2aa6171805f2">
      <Output>
        <StdOut>Debug Trace:
0: WorkflowInstance "SendMsmqMessageActivity" is Started
1: Activity [null] "null" scheduled child activity [1] "SendMsmqMessageActivity"
2: Activity [1] "SendMsmqMessageActivity" is Executing
3: WorkflowInstance "SendMsmqMessageActivity" is Idle
4: Activity [1] "SendMsmqMessageActivity" is Faulted
5: Fault source [1] "SendMsmqMessageActivity"
6: WorkflowInstance "SendMsmqMessageActivity" Unhandled Exception Source "SendMsmqMessageActivity" Exception &lt;Testing.Common.TestException: Test exception
   at System.Activities.WorkflowApplication.Invoke(Activity activity, IDictionary`2 inputs, WorkflowInstanceExtensionManager extensions, TimeSpan timeout)
   at System.Activities.WorkflowInvoker.Invoke(Activity workflow, IDictionary`2 inputs, TimeSpan timeout, WorkflowInstanceExtensionManager extensions)
   at Microsoft.Activities.UnitTesting.WorkflowInvokerTest.TestActivity(IDictionary`2 arguments, TimeSpan timeout)
   at Microsoft.Activities.UnitTesting.WorkflowInvokerTest.TestActivity(IDictionary`2 arguments)
   at UnitTests.iCore.Workflow.Activities.MSMQ.SendMsmqMessageActivityTests.Invoke_SendFailsAndThrowsException_ThrowTestException() in F:\ETWork\Main\Common\Assemblies\UnitTests.iCore.Workflow.Activities\MSMQ\SendMsmqMessageActivityTests.cs:line 155&gt;
7: WorkflowInstance "SendMsmqMessageActivity" Terminated Reason "Test exception"</StdOut>
      </Output>
    </UnitTestResult>
    <UnitTestResult executionId="000ad6d9-da5d-48c0-b75c-1159f05fc73e" testId="fe868702-d231-b016-ad85-cc3b888f26dd" testName="Invoke_RequiredArgumentsMissing_ThrowArgumentException" computerName="ICSWS068" duration="00:00:00.0012166" startTime="2016-08-04T09:58:58.0052625+02:00" endTime="2016-08-04T09:58:58.0077639+02:00" testType="13cdc9d9-ddb5-4fa4-a97d-d965ccfc6d4b" outcome="Passed" testListId="8c84fa94-04c1-424b-9868-57a2d4851a1d" relativeResultsDirectory="000ad6d9-da5d-48c0-b75c-1159f05fc73e" />
    <UnitTestResult executionId="231b48a5-6abe-48a5-9474-340ca6519f5d" testId="a2bbd766-383b-b001-2671-8caa5e6d594b" testName="Invoke_NormalExecution_Success" computerName="ICSWS068" duration="00:00:00.0293356" startTime="2016-08-04T09:58:58.0107645+02:00" endTime="2016-08-04T09:58:58.0412898+02:00" testType="13cdc9d9-ddb5-4fa4-a97d-d965ccfc6d4b" outcome="Passed" testListId="8c84fa94-04c1-424b-9868-57a2d4851a1d" relativeResultsDirectory="231b48a5-6abe-48a5-9474-340ca6519f5d">
      <Output>
        <StdOut>Debug Trace:
0: WorkflowInstance "DeserializeFromWcfFormattedXmlActivity&lt;Object&gt;" is Started
1: Activity [null] "null" scheduled child activity [1] "DeserializeFromWcfFormattedXmlActivity&lt;Object&gt;"
2: Activity [1] "DeserializeFromWcfFormattedXmlActivity&lt;Object&gt;" is Executing
{
    Arguments
        SourceEncoding: System.Text.UTF32Encoding
        SourceStream: System.IO.MemoryStream
        RootElementName: ElName
        PreserveObjectReferences: True
        KnownTypes: System.Type[]
        ConformanceLevel: Fragment
        RootElementNamespace: ElNamespace
}
3: WorkflowInstance "DeserializeFromWcfFormattedXmlActivity&lt;Object&gt;" is Idle
4: Activity [1] "DeserializeFromWcfFormattedXmlActivity&lt;Object&gt;" is Closed
{
    Arguments
        SourceEncoding: System.Text.UTF32Encoding
        SourceStream: System.IO.MemoryStream
        RootElementName: ElName
        PreserveObjectReferences: True
        KnownTypes: System.Type[]
        Result: 2016-08-04 09:58:58
        ConformanceLevel: Fragment
        RootElementNamespace: ElNamespace
}
5: WorkflowInstance "DeserializeFromWcfFormattedXmlActivity&lt;Object&gt;" is Completed</StdOut>
      </Output>
    </UnitTestResult>
    <UnitTestResult executionId="288d8996-82ff-488c-adcf-faee63cb93cf" testId="21d4871f-877e-898f-66df-57a58b030405" testName="Invoke_NonRequiredArgumentsOmitted_Success" computerName="ICSWS068" duration="00:00:00.0056828" startTime="2016-08-04T09:58:58.0442953+02:00" endTime="2016-08-04T09:58:58.0513001+02:00" testType="13cdc9d9-ddb5-4fa4-a97d-d965ccfc6d4b" outcome="Passed" testListId="8c84fa94-04c1-424b-9868-57a2d4851a1d" relativeResultsDirectory="288d8996-82ff-488c-adcf-faee63cb93cf">
      <Output>
        <StdOut>Debug Trace:
0: WorkflowInstance "DeserializeFromWcfFormattedXmlActivity&lt;String&gt;" is Started
1: Activity [null] "null" scheduled child activity [1] "DeserializeFromWcfFormattedXmlActivity&lt;String&gt;"
2: Activity [1] "DeserializeFromWcfFormattedXmlActivity&lt;String&gt;" is Executing
{
    Arguments
        SourceEncoding: 
        SourceStream: System.IO.MemoryStream
        RootElementName: 
        PreserveObjectReferences: False
        KnownTypes: 
        ConformanceLevel: Fragment
        RootElementNamespace: 
}
3: WorkflowInstance "DeserializeFromWcfFormattedXmlActivity&lt;String&gt;" is Idle
4: Activity [1] "DeserializeFromWcfFormattedXmlActivity&lt;String&gt;" is Closed
{
    Arguments
        SourceEncoding: 
        SourceStream: System.IO.MemoryStream
        RootElementName: 
        PreserveObjectReferences: False
        KnownTypes: 
        Result: Hello
        ConformanceLevel: Fragment
        RootElementNamespace: 
}
5: WorkflowInstance "DeserializeFromWcfFormattedXmlActivity&lt;String&gt;" is Completed</StdOut>
      </Output>
    </UnitTestResult>
    <UnitTestResult executionId="b4191824-4ad6-4453-bb8e-8fe618b8bdc3" testId="dbca7319-86b3-ac90-2df5-2c8cfbf57743" testName="Invoke_ErrorOccurs_ExceptionIsPropagated" computerName="ICSWS068" duration="00:00:00.0039852" startTime="2016-08-04T09:58:58.0538068+02:00" endTime="2016-08-04T09:58:58.0593091+02:00" testType="13cdc9d9-ddb5-4fa4-a97d-d965ccfc6d4b" outcome="Passed" testListId="8c84fa94-04c1-424b-9868-57a2d4851a1d" relativeResultsDirectory="b4191824-4ad6-4453-bb8e-8fe618b8bdc3">
      <Output>
        <StdOut>Debug Trace:
0: WorkflowInstance "DeserializeFromWcfFormattedXmlActivity&lt;String&gt;" is Started
1: Activity [null] "null" scheduled child activity [1] "DeserializeFromWcfFormattedXmlActivity&lt;String&gt;"
2: Activity [1] "DeserializeFromWcfFormattedXmlActivity&lt;String&gt;" is Executing
{
    Arguments
        SourceEncoding: 
        SourceStream: System.IO.MemoryStream
        RootElementName: 
        PreserveObjectReferences: True
        KnownTypes: 
        ConformanceLevel: Fragment
        RootElementNamespace: 
}
3: WorkflowInstance "DeserializeFromWcfFormattedXmlActivity&lt;String&gt;" is Idle
4: Activity [1] "DeserializeFromWcfFormattedXmlActivity&lt;String&gt;" is Faulted
{
    Arguments
        SourceEncoding: 
        SourceStream: System.IO.MemoryStream
        RootElementName: 
        PreserveObjectReferences: True
        KnownTypes: 
        Result: 
        ConformanceLevel: Fragment
        RootElementNamespace: 
}
5: Fault source [1] "DeserializeFromWcfFormattedXmlActivity&lt;String&gt;"
6: WorkflowInstance "DeserializeFromWcfFormattedXmlActivity&lt;String&gt;" Unhandled Exception Source "DeserializeFromWcfFormattedXmlActivity&lt;String&gt;" Exception &lt;Testing.Common.TestException: Test exception
   at Tests.iCore.Common.Activities.UnitTestActivityBase.WaitForCompletion() in F:\ETWork\Main\Testing\Assemblies\Tests.iCore.Common.Activities\UnitTestActivityBase.cs:line 129
   at Tests.iCore.Common.Activities.UnitTestActivityBase.RunAndWaitForCompletion() in F:\ETWork\Main\Testing\Assemblies\Tests.iCore.Common.Activities\UnitTestActivityBase.cs:line 113
   at UnitTests.iCore.Workflow.Activities.Misc.DeserializeFromWcfFormattedXmlActivityTests.Invoke_ErrorOccurs_ExceptionIsPropagated() in F:\ETWork\Main\Common\Assemblies\UnitTests.iCore.Workflow.Activities\Misc\DeserializeFromWcfFormattedXmlActivityTests.cs:line 156&gt;
7: WorkflowInstance Aborted [DeserializeFromWcfFormattedXmlActivity&lt;String&gt;] Reason "Test exception"</StdOut>
      </Output>
    </UnitTestResult>
    <UnitTestResult executionId="aa8d81e8-a743-4727-a587-eb42be7efe56" testId="de58c0cb-2ebc-aebf-3f9b-cee791183147" testName="Invoke_DependencyThrowsOutOfMemoryException_ThrowsFatalException" computerName="ICSWS068" duration="00:00:00.0027049" startTime="2016-08-04T09:58:58.0623111+02:00" endTime="2016-08-04T09:58:58.0663143+02:00" testType="13cdc9d9-ddb5-4fa4-a97d-d965ccfc6d4b" outcome="Passed" testListId="8c84fa94-04c1-424b-9868-57a2d4851a1d" relativeResultsDirectory="aa8d81e8-a743-4727-a587-eb42be7efe56">
      <Output>
        <StdOut>Debug Trace:
0: WorkflowInstance "DeserializeFromWcfFormattedXmlActivity&lt;String&gt;" is Started
1: Activity [null] "null" scheduled child activity [1] "DeserializeFromWcfFormattedXmlActivity&lt;String&gt;"
2: Activity [1] "DeserializeFromWcfFormattedXmlActivity&lt;String&gt;" is Executing
{
    Arguments
        SourceEncoding: 
        SourceStream: System.IO.MemoryStream
        RootElementName: 
        PreserveObjectReferences: True
        KnownTypes: 
        ConformanceLevel: Fragment
        RootElementNamespace: 
}
3: WorkflowInstance "DeserializeFromWcfFormattedXmlActivity&lt;String&gt;" is Idle
4: Activity [1] "DeserializeFromWcfFormattedXmlActivity&lt;String&gt;" is Faulted
{
    Arguments
        SourceEncoding: 
        SourceStream: System.IO.MemoryStream
        RootElementName: 
        PreserveObjectReferences: True
        KnownTypes: 
        Result: 
        ConformanceLevel: Fragment
        RootElementNamespace: 
}
5: Fault source [1] "DeserializeFromWcfFormattedXmlActivity&lt;String&gt;"
6: WorkflowInstance "DeserializeFromWcfFormattedXmlActivity&lt;String&gt;" Unhandled Exception Source "DeserializeFromWcfFormattedXmlActivity&lt;String&gt;" Exception &lt;iCore.Workflow.Activities.Exceptions.WorkflowFatalException: Insufficient memory to continue the execution of the program. ---&gt; System.OutOfMemoryException: Insufficient memory to continue the execution of the program.
   at Moq.MethodCall.Execute(ICallContext call)
   at Moq.MethodCallReturn`2.Execute(ICallContext call)
   at Moq.ExecuteCall.HandleIntercept(ICallContext invocation, InterceptorContext ctx, CurrentInterceptContext localctx)
   at Moq.Interceptor.Intercept(ICallContext invocation)
   at Moq.Proxy.CastleProxyFactory.Interceptor.Intercept(IInvocation invocation)
   at Castle.DynamicProxy.AbstractInvocation.Proceed()
   at Castle.Proxies.ISerializationUtilityProxy.DeserializeObjectFromWcfFormattedXml(Type objectType, Stream sourceStream, Encoding sourceEncoding, XmlReaderSettings xrs, DataContractSerializerSettings dcss)
   at iCore.Workflow.Activities.Misc.DeserializeFromWcfFormattedXmlActivity`1.&lt;&gt;c__DisplayClass30_0.&lt;BeginExecute&gt;b__0()
   at System.Threading.Tasks.Task`1.InnerInvoke()
   at System.Threading.Tasks.Task.Execute()
   --- End of inner exception stack trace ---
   at System.Runtime.ExceptionServices.ExceptionDispatchInfo.Throw()
   at iCore.Workflow.Activities.ActivityUtilities.ThrowIfTaskFailedAndActivityIsNotCanceled(Task task, AsyncCodeActivityContext context)
   at iCore.Workflow.Activities.ActivityUtilities.GetResultOrThrowIfTaskFailedAndActivityIsNotCanceled[T](Task`1 task, AsyncCodeActivityContext context)
   at iCore.Workflow.Activities.Misc.DeserializeFromWcfFormattedXmlActivity`1.EndExecute(AsyncCodeActivityContext context, IAsyncResult result)
   at System.Activities.AsyncCodeActivity`1.System.Activities.IAsyncCodeActivity.FinishExecution(AsyncCodeActivityContext context, IAsyncResult result)
   at System.Activities.AsyncCodeActivity.CompleteAsyncCodeActivityData.CompleteAsyncCodeActivityWorkItem.Execute(ActivityExecutor executor, BookmarkManager bookmarkManager)&gt;
7: WorkflowInstance Aborted [DeserializeFromWcfFormattedXmlActivity&lt;String&gt;] Reason "Insufficient memory to continue the execution of the program. InnerException Message: Insufficient memory to continue the execution of the program."</StdOut>
      </Output>
    </UnitTestResult>
    <UnitTestResult executionId="2cd7e634-5eab-421d-9818-4a76a3124e70" testId="c9d1ba65-dfdb-0c4d-0757-ee75bf1abf1b" testName="Invoke_DestinationStreamOmitted_ThrowsArgumentException" computerName="ICSWS068" duration="00:00:00.0072045" startTime="2016-08-04T09:58:58.0688327+02:00" endTime="2016-08-04T09:58:58.0773416+02:00" testType="13cdc9d9-ddb5-4fa4-a97d-d965ccfc6d4b" outcome="Passed" testListId="8c84fa94-04c1-424b-9868-57a2d4851a1d" relativeResultsDirectory="2cd7e634-5eab-421d-9818-4a76a3124e70" />
    <UnitTestResult executionId="b38b3077-f5b9-4da0-ae95-9c13e7d23391" testId="99aaad3d-8221-59b2-4e1e-9c1a340bf94b" testName="Invoke_ConformanceLevelOmitted_ThrowsArgumentException" computerName="ICSWS068" duration="00:00:00.0018650" startTime="2016-08-04T09:58:58.0798419+02:00" endTime="2016-08-04T09:58:58.0828298+02:00" testType="13cdc9d9-ddb5-4fa4-a97d-d965ccfc6d4b" outcome="Passed" testListId="8c84fa94-04c1-424b-9868-57a2d4851a1d" relativeResultsDirectory="b38b3077-f5b9-4da0-ae95-9c13e7d23391" />
    <UnitTestResult executionId="fc06fca4-97f6-44f4-ab33-68b4f19249c9" testId="7284e368-8a00-122a-0c90-d2039ff00771" testName="Invoke_PreserveObjectReferencesOmitted_ThrowsArgumentException" computerName="ICSWS068" duration="00:00:00.0017811" startTime="2016-08-04T09:58:58.0853339+02:00" endTime="2016-08-04T09:58:58.0883353+02:00" testType="13cdc9d9-ddb5-4fa4-a97d-d965ccfc6d4b" outcome="Passed" testListId="8c84fa94-04c1-424b-9868-57a2d4851a1d" relativeResultsDirectory="fc06fca4-97f6-44f4-ab33-68b4f19249c9" />
    <UnitTestResult executionId="a4888d95-9512-4a80-966d-786c6a053f63" testId="da7f66aa-bddb-216f-f9d2-73db6adc4063" testName="Invoke_NormalExecution_Success" computerName="ICSWS068" duration="00:00:00.0064684" startTime="2016-08-04T09:58:58.0918379+02:00" endTime="2016-08-04T09:58:58.0993468+02:00" testType="13cdc9d9-ddb5-4fa4-a97d-d965ccfc6d4b" outcome="Passed" testListId="8c84fa94-04c1-424b-9868-57a2d4851a1d" relativeResultsDirectory="a4888d95-9512-4a80-966d-786c6a053f63">
      <Output>
        <StdOut>Debug Trace:
0: WorkflowInstance "DeserializeObjectFromXMLActivity" is Started
1: Activity [null] "null" scheduled child activity [1] "DeserializeObjectFromXMLActivity"
2: Activity [1] "DeserializeObjectFromXMLActivity" is Executing
{
    Arguments
        ObjectType: System.String
        SourceEncoding: System.Text.UTF8Encoding
        SourceStream: System.IO.MemoryStream
        ElementNamespace: CustomNamespace
        ElementName: CustomName
}
3: WorkflowInstance "DeserializeObjectFromXMLActivity" is Idle
4: Activity [1] "DeserializeObjectFromXMLActivity" is Closed
{
    Arguments
        ObjectType: System.String
        SourceEncoding: System.Text.UTF8Encoding
        SourceStream: System.IO.MemoryStream
        ElementNamespace: CustomNamespace
        ElementName: CustomName
        Result: Some result!
}
5: WorkflowInstance "DeserializeObjectFromXMLActivity" is Completed</StdOut>
      </Output>
    </UnitTestResult>
    <UnitTestResult executionId="1e787c92-b338-4f55-a50d-51c2d965b54a" testId="696a324a-5cca-44be-ff35-a00432a20b44" testName="Invoke_SerializationError_ThrowsException" computerName="ICSWS068" duration="00:00:00.0024943" startTime="2016-08-04T09:58:58.1023480+02:00" endTime="2016-08-04T09:58:58.1062394+02:00" testType="13cdc9d9-ddb5-4fa4-a97d-d965ccfc6d4b" outcome="Passed" testListId="8c84fa94-04c1-424b-9868-57a2d4851a1d" relativeResultsDirectory="1e787c92-b338-4f55-a50d-51c2d965b54a">
      <Output>
        <StdOut>Debug Trace:
0: WorkflowInstance "DeserializeObjectFromXMLActivity" is Started
1: Activity [null] "null" scheduled child activity [1] "DeserializeObjectFromXMLActivity"
2: Activity [1] "DeserializeObjectFromXMLActivity" is Executing
{
    Arguments
        ObjectType: 
        SourceEncoding: 
        SourceStream: 
        ElementNamespace: 
        ElementName: 
}
3: WorkflowInstance "DeserializeObjectFromXMLActivity" is Idle
4: Activity [1] "DeserializeObjectFromXMLActivity" is Faulted
{
    Arguments
        ObjectType: 
        SourceEncoding: 
        SourceStream: 
        ElementNamespace: 
        ElementName: 
        Result: 
}
5: Fault source [1] "DeserializeObjectFromXMLActivity"
6: WorkflowInstance "DeserializeObjectFromXMLActivity" Unhandled Exception Source "DeserializeObjectFromXMLActivity" Exception &lt;Testing.Common.TestException: Test exception
   at Moq.MethodCall.Execute(ICallContext call)
   at Moq.MethodCallReturn`2.Execute(ICallContext call)
   at Moq.ExecuteCall.HandleIntercept(ICallContext invocation, InterceptorContext ctx, CurrentInterceptContext localctx)
   at Moq.Interceptor.Intercept(ICallContext invocation)
   at Moq.Proxy.CastleProxyFactory.Interceptor.Intercept(IInvocation invocation)
   at Castle.DynamicProxy.AbstractInvocation.Proceed()
   at Castle.Proxies.ISerializationUtilityProxy.DeserializeObjectFromXml(Stream xmlData, Type objectType, String elementName, String elementNamespace, Encoding encoding)
   at iCore.Workflow.Activities.Misc.DeserializeObjectFromXMLActivity.&lt;&gt;c__DisplayClass21_0.&lt;BeginExecute&gt;b__0(Object o)
   at System.Threading.Tasks.Task`1.InnerInvoke()
   at System.Threading.Tasks.Task.Execute()
--- End of stack trace from previous location where exception was thrown ---
   at System.Runtime.ExceptionServices.ExceptionDispatchInfo.Throw()
   at iCore.Workflow.Activities.ActivityUtilities.ThrowIfTaskFailedAndActivityIsNotCanceled(Task task, AsyncCodeActivityContext context)
   at iCore.Workflow.Activities.Misc.DeserializeObjectFromXMLActivity.EndExecute(AsyncCodeActivityContext context, IAsyncResult result)
   at System.Activities.AsyncCodeActivity`1.System.Activities.IAsyncCodeActivity.FinishExecution(AsyncCodeActivityContext context, IAsyncResult result)
   at System.Activities.AsyncCodeActivity.CompleteAsyncCodeActivityData.CompleteAsyncCodeActivityWorkItem.Execute(ActivityExecutor executor, BookmarkManager bookmarkManager)&gt;
7: WorkflowInstance Aborted [DeserializeObjectFromXMLActivity] Reason "Test exception"</StdOut>
      </Output>
    </UnitTestResult>
    <UnitTestResult executionId="0fcea1b4-e6b1-456e-b6c9-149b2f7dc522" testId="d7be64f9-a746-6906-f712-3947400506bb" testName="Invoke_RequiredInArgumentIsMissing_UnhandledArgumentException" computerName="ICSWS068" duration="00:00:00.0012075" startTime="2016-08-04T09:58:58.1092417+02:00" endTime="2016-08-04T09:58:58.1157641+02:00" testType="13cdc9d9-ddb5-4fa4-a97d-d965ccfc6d4b" outcome="Passed" testListId="8c84fa94-04c1-424b-9868-57a2d4851a1d" relativeResultsDirectory="0fcea1b4-e6b1-456e-b6c9-149b2f7dc522" />
    <UnitTestResult executionId="17df5f53-70f5-47ad-8dd4-a991d1544ebf" testId="8d7c26e4-837c-c1d9-7e29-44318c26b6de" testName="Invoke_DependencyThrowsOutOfMemoryException_ThrowsFatalException" computerName="ICSWS068" duration="00:00:00.0025729" startTime="2016-08-04T09:58:58.1182483+02:00" endTime="2016-08-04T09:58:58.1227535+02:00" testType="13cdc9d9-ddb5-4fa4-a97d-d965ccfc6d4b" outcome="Passed" testListId="8c84fa94-04c1-424b-9868-57a2d4851a1d" relativeResultsDirectory="17df5f53-70f5-47ad-8dd4-a991d1544ebf">
      <Output>
        <StdOut>Debug Trace:
0: WorkflowInstance "DeserializeObjectFromXMLActivity" is Started
1: Activity [null] "null" scheduled child activity [1] "DeserializeObjectFromXMLActivity"
2: Activity [1] "DeserializeObjectFromXMLActivity" is Executing
{
    Arguments
        ObjectType: 
        SourceEncoding: 
        SourceStream: 
        ElementNamespace: 
        ElementName: 
}
3: WorkflowInstance "DeserializeObjectFromXMLActivity" is Idle
4: Activity [1] "DeserializeObjectFromXMLActivity" is Faulted
{
    Arguments
        ObjectType: 
        SourceEncoding: 
        SourceStream: 
        ElementNamespace: 
        ElementName: 
        Result: 
}
5: Fault source [1] "DeserializeObjectFromXMLActivity"
6: WorkflowInstance "DeserializeObjectFromXMLActivity" Unhandled Exception Source "DeserializeObjectFromXMLActivity" Exception &lt;iCore.Workflow.Activities.Exceptions.WorkflowFatalException: Insufficient memory to continue the execution of the program. ---&gt; System.OutOfMemoryException: Insufficient memory to continue the execution of the program.
   at Moq.MethodCall.Execute(ICallContext call)
   at Moq.MethodCallReturn`2.Execute(ICallContext call)
   at Moq.ExecuteCall.HandleIntercept(ICallContext invocation, InterceptorContext ctx, CurrentInterceptContext localctx)
   at Moq.Interceptor.Intercept(ICallContext invocation)
   at Moq.Proxy.CastleProxyFactory.Interceptor.Intercept(IInvocation invocation)
   at Castle.DynamicProxy.AbstractInvocation.Proceed()
   at Castle.Proxies.ISerializationUtilityProxy.DeserializeObjectFromXml(Stream xmlData, Type objectType, String elementName, String elementNamespace, Encoding encoding)
   at iCore.Workflow.Activities.Misc.DeserializeObjectFromXMLActivity.&lt;&gt;c__DisplayClass21_0.&lt;BeginExecute&gt;b__0(Object o)
   at System.Threading.Tasks.Task`1.InnerInvoke()
   at System.Threading.Tasks.Task.Execute()
   --- End of inner exception stack trace ---
   at System.Runtime.ExceptionServices.ExceptionDispatchInfo.Throw()
   at iCore.Workflow.Activities.ActivityUtilities.ThrowIfTaskFailedAndActivityIsNotCanceled(Task task, AsyncCodeActivityContext context)
   at iCore.Workflow.Activities.Misc.DeserializeObjectFromXMLActivity.EndExecute(AsyncCodeActivityContext context, IAsyncResult result)
   at System.Activities.AsyncCodeActivity`1.System.Activities.IAsyncCodeActivity.FinishExecution(AsyncCodeActivityContext context, IAsyncResult result)
   at System.Activities.AsyncCodeActivity.CompleteAsyncCodeActivityData.CompleteAsyncCodeActivityWorkItem.Execute(ActivityExecutor executor, BookmarkManager bookmarkManager)&gt;
7: WorkflowInstance Aborted [DeserializeObjectFromXMLActivity] Reason "Insufficient memory to continue the execution of the program. InnerException Message: Insufficient memory to continue the execution of the program."</StdOut>
      </Output>
    </UnitTestResult>
    <UnitTestResult executionId="9ff7011b-7c63-4edb-ad18-ba3314fdefa5" testId="1f3569c2-f204-2b43-33cb-f521d386fc26" testName="Invoke_NormalExecution_Success" computerName="ICSWS068" duration="00:00:00.0061690" startTime="2016-08-04T09:58:58.1257581+02:00" endTime="2016-08-04T09:58:58.1332630+02:00" testType="13cdc9d9-ddb5-4fa4-a97d-d965ccfc6d4b" outcome="Passed" testListId="8c84fa94-04c1-424b-9868-57a2d4851a1d" relativeResultsDirectory="9ff7011b-7c63-4edb-ad18-ba3314fdefa5">
      <Output>
        <StdOut>Debug Trace:
0: WorkflowInstance "SerializeObjectToXMLActivity" is Started
1: Activity [null] "null" scheduled child activity [1] "SerializeObjectToXMLActivity"
2: Activity [1] "SerializeObjectToXMLActivity" is Executing
{
    Arguments
        RootElement: CustomName
        OutputEncoding: System.Text.UTF8Encoding
        TargetStream: System.IO.MemoryStream
        InputObject: Some string
        RootNamespace: CustomNamespace
}
3: WorkflowInstance "SerializeObjectToXMLActivity" is Idle
4: Activity [1] "SerializeObjectToXMLActivity" is Closed
{
    Arguments
        RootElement: CustomName
        OutputEncoding: System.Text.UTF8Encoding
        TargetStream: System.IO.MemoryStream
        InputObject: Some string
        RootNamespace: CustomNamespace
}
5: WorkflowInstance "SerializeObjectToXMLActivity" is Completed</StdOut>
      </Output>
    </UnitTestResult>
    <UnitTestResult executionId="c7b5e08f-a671-48da-9353-a8d62b49a74e" testId="da4668a0-cd95-980b-f582-3c135e91901b" testName="Invoke_SerializationError_ThrowsException" computerName="ICSWS068" duration="00:00:00.0031662" startTime="2016-08-04T09:58:58.1362644+02:00" endTime="2016-08-04T09:58:58.1407687+02:00" testType="13cdc9d9-ddb5-4fa4-a97d-d965ccfc6d4b" outcome="Passed" testListId="8c84fa94-04c1-424b-9868-57a2d4851a1d" relativeResultsDirectory="c7b5e08f-a671-48da-9353-a8d62b49a74e">
      <Output>
        <StdOut>Debug Trace:
0: WorkflowInstance "SerializeObjectToXMLActivity" is Started
1: Activity [null] "null" scheduled child activity [1] "SerializeObjectToXMLActivity"
2: Activity [1] "SerializeObjectToXMLActivity" is Executing
{
    Arguments
        RootElement: CustomName
        OutputEncoding: System.Text.UTF8Encoding
        TargetStream: 
        InputObject: Some string
        RootNamespace: CustomNamespace
}
3: WorkflowInstance "SerializeObjectToXMLActivity" is Idle
4: Activity [1] "SerializeObjectToXMLActivity" is Faulted
{
    Arguments
        RootElement: CustomName
        OutputEncoding: System.Text.UTF8Encoding
        TargetStream: 
        InputObject: Some string
        RootNamespace: CustomNamespace
}
5: Fault source [1] "SerializeObjectToXMLActivity"
6: WorkflowInstance "SerializeObjectToXMLActivity" Unhandled Exception Source "SerializeObjectToXMLActivity" Exception &lt;Testing.Common.TestException: Test exception
   at Moq.MethodCall.Execute(ICallContext call)
   at Moq.ExecuteCall.HandleIntercept(ICallContext invocation, InterceptorContext ctx, CurrentInterceptContext localctx)
   at Moq.Interceptor.Intercept(ICallContext invocation)
   at Moq.Proxy.CastleProxyFactory.Interceptor.Intercept(IInvocation invocation)
   at Castle.DynamicProxy.AbstractInvocation.Proceed()
   at Castle.Proxies.ISerializationUtilityProxy.SerializeObjectToXml(Object objectToSerialize, Stream serializationStream, String elementName, String elementNamespace, Encoding encoding)
   at iCore.Workflow.Activities.Misc.SerializeObjectToXMLActivity.&lt;&gt;c__DisplayClass21_0.&lt;BeginExecute&gt;b__0(Object o)
   at System.Threading.Tasks.Task.InnerInvoke()
   at System.Threading.Tasks.Task.Execute()
--- End of stack trace from previous location where exception was thrown ---
   at System.Runtime.ExceptionServices.ExceptionDispatchInfo.Throw()
   at iCore.Workflow.Activities.ActivityUtilities.ThrowIfTaskFailedAndActivityIsNotCanceled(Task task, AsyncCodeActivityContext context)
   at iCore.Workflow.Activities.Misc.SerializeObjectToXMLActivity.EndExecute(AsyncCodeActivityContext context, IAsyncResult result)
   at System.Activities.AsyncCodeActivity.System.Activities.IAsyncCodeActivity.FinishExecution(AsyncCodeActivityContext context, IAsyncResult result)
   at System.Activities.AsyncCodeActivity.CompleteAsyncCodeActivityData.CompleteAsyncCodeActivityWorkItem.Execute(ActivityExecutor executor, BookmarkManager bookmarkManager)&gt;
7: WorkflowInstance Aborted [SerializeObjectToXMLActivity] Reason "Test exception"</StdOut>
      </Output>
    </UnitTestResult>
    <UnitTestResult executionId="cd03dcb7-2e45-40e7-a919-de6ca869c387" testId="cf4342de-af10-f94f-97be-5bd262ebf429" testName="Invoke_RequiredInArgumentIsMissing_UnhandledArgumentException" computerName="ICSWS068" duration="00:00:00.0008196" startTime="2016-08-04T09:58:58.1437707+02:00" endTime="2016-08-04T09:58:58.1457713+02:00" testType="13cdc9d9-ddb5-4fa4-a97d-d965ccfc6d4b" outcome="Passed" testListId="8c84fa94-04c1-424b-9868-57a2d4851a1d" relativeResultsDirectory="cd03dcb7-2e45-40e7-a919-de6ca869c387" />
    <UnitTestResult executionId="ae845894-ac62-4f3c-981b-286ba92c06e9" testId="d2975740-da6f-c395-cfc3-866f8a933b3e" testName="Invoke_NormalExecution_Success" computerName="ICSWS068" duration="00:00:00.0134451" startTime="2016-08-04T09:58:58.1487744+02:00" endTime="2016-08-04T09:58:58.1637340+02:00" testType="13cdc9d9-ddb5-4fa4-a97d-d965ccfc6d4b" outcome="Passed" testListId="8c84fa94-04c1-424b-9868-57a2d4851a1d" relativeResultsDirectory="ae845894-ac62-4f3c-981b-286ba92c06e9">
      <Output>
        <StdOut>Debug Trace:
0: WorkflowInstance "SerializeToWcfFormattedXmlActivity&lt;String&gt;" is Started
1: Activity [null] "null" scheduled child activity [1] "SerializeToWcfFormattedXmlActivity&lt;String&gt;"
2: Activity [1] "SerializeToWcfFormattedXmlActivity&lt;String&gt;" is Executing
{
    Arguments
        RootElementName: ElName
        NewLineCharacters: 

        IndentCharacters: 	  	
        ObjectToSerialize: Some string
        DestinationStream: System.IO.MemoryStream
        OutputEncoding: System.Text.UTF32Encoding
        PreserveObjectReferences: True
        OmitXmlDeclaration: True
        Indent: True
        KnownTypes: System.Type[]
        ConformanceLevel: Fragment
        RootElementNamespace: ElNamespace
        SerializeReadOnlyTypes: True
}
3: WorkflowInstance "SerializeToWcfFormattedXmlActivity&lt;String&gt;" is Idle
4: Activity [1] "SerializeToWcfFormattedXmlActivity&lt;String&gt;" is Closed
{
    Arguments
        RootElementName: ElName
        NewLineCharacters: 

        IndentCharacters: 	  	
        ObjectToSerialize: Some string
        DestinationStream: System.IO.MemoryStream
        OutputEncoding: System.Text.UTF32Encoding
        PreserveObjectReferences: True
        OmitXmlDeclaration: True
        Indent: True
        KnownTypes: System.Type[]
        ConformanceLevel: Fragment
        RootElementNamespace: ElNamespace
        SerializeReadOnlyTypes: True
}
5: WorkflowInstance "SerializeToWcfFormattedXmlActivity&lt;String&gt;" is Completed</StdOut>
      </Output>
    </UnitTestResult>
    <UnitTestResult executionId="032fe80a-1d90-44bc-a3af-0f38fdc06863" testId="34b6abc6-3ed1-25aa-40f0-f71fde3d3223" testName="Invoke_NormalExecution_Alternative1_Success" computerName="ICSWS068" duration="00:00:00.0051819" startTime="2016-08-04T09:58:58.1667378+02:00" endTime="2016-08-04T09:58:58.1732453+02:00" testType="13cdc9d9-ddb5-4fa4-a97d-d965ccfc6d4b" outcome="Passed" testListId="8c84fa94-04c1-424b-9868-57a2d4851a1d" relativeResultsDirectory="032fe80a-1d90-44bc-a3af-0f38fdc06863">
      <Output>
        <StdOut>Debug Trace:
0: WorkflowInstance "SerializeToWcfFormattedXmlActivity&lt;String&gt;" is Started
1: Activity [null] "null" scheduled child activity [1] "SerializeToWcfFormattedXmlActivity&lt;String&gt;"
2: Activity [1] "SerializeToWcfFormattedXmlActivity&lt;String&gt;" is Executing
{
    Arguments
        RootElementName: 
        NewLineCharacters: 
        IndentCharacters:   	
        ObjectToSerialize: Some string
        DestinationStream: System.IO.MemoryStream
        OutputEncoding: System.Text.UTF32Encoding
        PreserveObjectReferences: False
        OmitXmlDeclaration: False
        Indent: False
        KnownTypes: 
        ConformanceLevel: Document
        RootElementNamespace: ElNamespace
        SerializeReadOnlyTypes: False
}
3: WorkflowInstance "SerializeToWcfFormattedXmlActivity&lt;String&gt;" is Idle
4: Activity [1] "SerializeToWcfFormattedXmlActivity&lt;String&gt;" is Closed
{
    Arguments
        RootElementName: 
        NewLineCharacters: 
        IndentCharacters:   	
        ObjectToSerialize: Some string
        DestinationStream: System.IO.MemoryStream
        OutputEncoding: System.Text.UTF32Encoding
        PreserveObjectReferences: False
        OmitXmlDeclaration: False
        Indent: False
        KnownTypes: 
        ConformanceLevel: Document
        RootElementNamespace: ElNamespace
        SerializeReadOnlyTypes: False
}
5: WorkflowInstance "SerializeToWcfFormattedXmlActivity&lt;String&gt;" is Completed</StdOut>
      </Output>
    </UnitTestResult>
    <UnitTestResult executionId="0e5a13a1-4fdd-4b6f-98a0-88516470e2dc" testId="681ee426-160f-6800-a07a-4c29c6358d5a" testName="Invoke_NonRequiredArgumentsOmitted_Success" computerName="ICSWS068" duration="00:00:00.0059412" startTime="2016-08-04T09:58:58.1762493+02:00" endTime="2016-08-04T09:58:58.1832727+02:00" testType="13cdc9d9-ddb5-4fa4-a97d-d965ccfc6d4b" outcome="Passed" testListId="8c84fa94-04c1-424b-9868-57a2d4851a1d" relativeResultsDirectory="0e5a13a1-4fdd-4b6f-98a0-88516470e2dc">
      <Output>
        <StdOut>Debug Trace:
0: WorkflowInstance "SerializeToWcfFormattedXmlActivity&lt;Object&gt;" is Started
1: Activity [null] "null" scheduled child activity [1] "SerializeToWcfFormattedXmlActivity&lt;Object&gt;"
2: Activity [1] "SerializeToWcfFormattedXmlActivity&lt;Object&gt;" is Executing
{
    Arguments
        RootElementName: 
        NewLineCharacters: 
        IndentCharacters:   
        ObjectToSerialize: Some string
        DestinationStream: System.IO.MemoryStream
        OutputEncoding: System.Text.UTF32Encoding
        PreserveObjectReferences: True
        OmitXmlDeclaration: False
        Indent: False
        KnownTypes: 
        ConformanceLevel: Document
        RootElementNamespace: 
        SerializeReadOnlyTypes: False
}
3: WorkflowInstance "SerializeToWcfFormattedXmlActivity&lt;Object&gt;" is Idle
4: Activity [1] "SerializeToWcfFormattedXmlActivity&lt;Object&gt;" is Closed
{
    Arguments
        RootElementName: 
        NewLineCharacters: 
        IndentCharacters:   
        ObjectToSerialize: Some string
        DestinationStream: System.IO.MemoryStream
        OutputEncoding: System.Text.UTF32Encoding
        PreserveObjectReferences: True
        OmitXmlDeclaration: False
        Indent: False
        KnownTypes: 
        ConformanceLevel: Document
        RootElementNamespace: 
        SerializeReadOnlyTypes: False
}
5: WorkflowInstance "SerializeToWcfFormattedXmlActivity&lt;Object&gt;" is Completed</StdOut>
      </Output>
    </UnitTestResult>
    <UnitTestResult executionId="871d2561-c6e4-4f76-903b-4fd4fa677743" testId="e12f816f-f47c-86e2-ebcd-7c7bcbfb8e8d" testName="Invoke_ErrorOccurs_ExceptionIsPropagated" computerName="ICSWS068" duration="00:00:00.0035277" startTime="2016-08-04T09:58:58.1872609+02:00" endTime="2016-08-04T09:58:58.1922646+02:00" testType="13cdc9d9-ddb5-4fa4-a97d-d965ccfc6d4b" outcome="Passed" testListId="8c84fa94-04c1-424b-9868-57a2d4851a1d" relativeResultsDirectory="871d2561-c6e4-4f76-903b-4fd4fa677743">
      <Output>
        <StdOut>Debug Trace:
0: WorkflowInstance "SerializeToWcfFormattedXmlActivity&lt;String&gt;" is Started
1: Activity [null] "null" scheduled child activity [1] "SerializeToWcfFormattedXmlActivity&lt;String&gt;"
2: Activity [1] "SerializeToWcfFormattedXmlActivity&lt;String&gt;" is Executing
{
    Arguments
        RootElementName: 
        NewLineCharacters: 
        IndentCharacters:   
        ObjectToSerialize: Some string
        DestinationStream: System.IO.MemoryStream
        OutputEncoding: System.Text.UTF32Encoding
        PreserveObjectReferences: True
        OmitXmlDeclaration: False
        Indent: False
        KnownTypes: 
        ConformanceLevel: Document
        RootElementNamespace: 
        SerializeReadOnlyTypes: False
}
3: WorkflowInstance "SerializeToWcfFormattedXmlActivity&lt;String&gt;" is Idle
4: Activity [1] "SerializeToWcfFormattedXmlActivity&lt;String&gt;" is Faulted
{
    Arguments
        RootElementName: 
        NewLineCharacters: 
        IndentCharacters:   
        ObjectToSerialize: Some string
        DestinationStream: System.IO.MemoryStream
        OutputEncoding: System.Text.UTF32Encoding
        PreserveObjectReferences: True
        OmitXmlDeclaration: False
        Indent: False
        KnownTypes: 
        ConformanceLevel: Document
        RootElementNamespace: 
        SerializeReadOnlyTypes: False
}
5: Fault source [1] "SerializeToWcfFormattedXmlActivity&lt;String&gt;"
6: WorkflowInstance "SerializeToWcfFormattedXmlActivity&lt;String&gt;" Unhandled Exception Source "SerializeToWcfFormattedXmlActivity&lt;String&gt;" Exception &lt;Testing.Common.TestException: Test exception
   at Tests.iCore.Common.Activities.UnitTestActivityBase.WaitForCompletion() in F:\ETWork\Main\Testing\Assemblies\Tests.iCore.Common.Activities\UnitTestActivityBase.cs:line 129
   at Tests.iCore.Common.Activities.UnitTestActivityBase.RunAndWaitForCompletion() in F:\ETWork\Main\Testing\Assemblies\Tests.iCore.Common.Activities\UnitTestActivityBase.cs:line 113
   at UnitTests.iCore.Workflow.Activities.Misc.SerializeToWcfFormattedXmlActivityTests.Invoke_ErrorOccurs_ExceptionIsPropagated() in F:\ETWork\Main\Common\Assemblies\UnitTests.iCore.Workflow.Activities\Misc\SerializeToWcfFormattedXmlActivityTests.cs:line 238&gt;
7: WorkflowInstance Aborted [SerializeToWcfFormattedXmlActivity&lt;String&gt;] Reason "Test exception"</StdOut>
      </Output>
    </UnitTestResult>
    <UnitTestResult executionId="8cfeab51-3f01-4ef7-94f7-4086c54c600c" testId="1e6fb7f0-0551-ba58-1188-dd5ac53c5188" testName="Invoke_ObjectToSerializeIsNullWithObjectTypeSpecified_Succeeds" computerName="ICSWS068" duration="00:00:00.0038116" startTime="2016-08-04T09:58:58.1947690+02:00" endTime="2016-08-04T09:58:58.1997721+02:00" testType="13cdc9d9-ddb5-4fa4-a97d-d965ccfc6d4b" outcome="Passed" testListId="8c84fa94-04c1-424b-9868-57a2d4851a1d" relativeResultsDirectory="8cfeab51-3f01-4ef7-94f7-4086c54c600c">
      <Output>
        <StdOut>Debug Trace:
0: WorkflowInstance "SerializeToWcfFormattedXmlActivity&lt;String&gt;" is Started
1: Activity [null] "null" scheduled child activity [1] "SerializeToWcfFormattedXmlActivity&lt;String&gt;"
2: Activity [1] "SerializeToWcfFormattedXmlActivity&lt;String&gt;" is Executing
{
    Arguments
        RootElementName: 
        NewLineCharacters: 
        IndentCharacters:   
        ObjectToSerialize: Hello World
        DestinationStream: System.IO.MemoryStream
        OutputEncoding: System.Text.UTF32Encoding
        PreserveObjectReferences: True
        OmitXmlDeclaration: False
        Indent: False
        KnownTypes: 
        ConformanceLevel: Document
        RootElementNamespace: 
        SerializeReadOnlyTypes: False
}
3: WorkflowInstance "SerializeToWcfFormattedXmlActivity&lt;String&gt;" is Idle
4: Activity [1] "SerializeToWcfFormattedXmlActivity&lt;String&gt;" is Closed
{
    Arguments
        RootElementName: 
        NewLineCharacters: 
        IndentCharacters:   
        ObjectToSerialize: Hello World
        DestinationStream: System.IO.MemoryStream
        OutputEncoding: System.Text.UTF32Encoding
        PreserveObjectReferences: True
        OmitXmlDeclaration: False
        Indent: False
        KnownTypes: 
        ConformanceLevel: Document
        RootElementNamespace: 
        SerializeReadOnlyTypes: False
}
5: WorkflowInstance "SerializeToWcfFormattedXmlActivity&lt;String&gt;" is Completed</StdOut>
      </Output>
    </UnitTestResult>
    <UnitTestResult executionId="e8fe15b8-fc5b-4afb-ac15-e89edb9dd89d" testId="6b296b27-37cd-3549-6abf-41d8588835d3" testName="Invoke_ObjectToSerializeOmitted_ThrowsArgumentException" computerName="ICSWS068" duration="00:00:00.0030682" startTime="2016-08-04T09:58:58.2027759+02:00" endTime="2016-08-04T09:58:58.2067802+02:00" testType="13cdc9d9-ddb5-4fa4-a97d-d965ccfc6d4b" outcome="Passed" testListId="8c84fa94-04c1-424b-9868-57a2d4851a1d" relativeResultsDirectory="e8fe15b8-fc5b-4afb-ac15-e89edb9dd89d" />
    <UnitTestResult executionId="27b2118e-954a-41aa-9159-756d60854807" testId="662a9a63-56d3-8866-477f-6beb3d400546" testName="Invoke_OutputEncodingOmitted_ThrowsArgumentException" computerName="ICSWS068" duration="00:00:00.0019169" startTime="2016-08-04T09:58:58.2102813+02:00" endTime="2016-08-04T09:58:58.2132851+02:00" testType="13cdc9d9-ddb5-4fa4-a97d-d965ccfc6d4b" outcome="Passed" testListId="8c84fa94-04c1-424b-9868-57a2d4851a1d" relativeResultsDirectory="27b2118e-954a-41aa-9159-756d60854807" />
    <UnitTestResult executionId="67883f05-ac42-4b64-9b87-1f0fc4e19207" testId="73c19445-a559-3470-7b94-aff0dcdc9618" testName="Invoke_DestinationStreamOmitted_ThrowsArgumentException" computerName="ICSWS068" duration="00:00:00.0019374" startTime="2016-08-04T09:58:58.2167862+02:00" endTime="2016-08-04T09:58:58.2197894+02:00" testType="13cdc9d9-ddb5-4fa4-a97d-d965ccfc6d4b" outcome="Passed" testListId="8c84fa94-04c1-424b-9868-57a2d4851a1d" relativeResultsDirectory="67883f05-ac42-4b64-9b87-1f0fc4e19207" />
    <UnitTestResult executionId="3f1c4a43-7beb-422d-b9a1-c571bd4f102d" testId="c18baff1-a259-4e1e-6219-c23fe47e3192" testName="Invoke_ConformanceLevelOmitted_ThrowsArgumentException" computerName="ICSWS068" duration="00:00:00.0020542" startTime="2016-08-04T09:58:58.2227934+02:00" endTime="2016-08-04T09:58:58.2263130+02:00" testType="13cdc9d9-ddb5-4fa4-a97d-d965ccfc6d4b" outcome="Passed" testListId="8c84fa94-04c1-424b-9868-57a2d4851a1d" relativeResultsDirectory="3f1c4a43-7beb-422d-b9a1-c571bd4f102d" />
    <UnitTestResult executionId="600f7f68-b308-47b4-aaca-3141b833ab30" testId="da564916-8ec0-6040-9836-e0d16ba2eb79" testName="Invoke_IndentOmitted_ThrowsArgumentException" computerName="ICSWS068" duration="00:00:00.0018832" startTime="2016-08-04T09:58:58.2292980+02:00" endTime="2016-08-04T09:58:58.2323009+02:00" testType="13cdc9d9-ddb5-4fa4-a97d-d965ccfc6d4b" outcome="Passed" testListId="8c84fa94-04c1-424b-9868-57a2d4851a1d" relativeResultsDirectory="600f7f68-b308-47b4-aaca-3141b833ab30" />
    <UnitTestResult executionId="98ab5c77-88eb-4198-a0e2-0403e1317526" testId="60947557-e1ae-0434-4f01-9bab15a1b994" testName="Invoke_NewLineCharactersOmitted_ThrowsArgumentException" computerName="ICSWS068" duration="00:00:00.0018228" startTime="2016-08-04T09:58:58.2353020+02:00" endTime="2016-08-04T09:58:58.2383049+02:00" testType="13cdc9d9-ddb5-4fa4-a97d-d965ccfc6d4b" outcome="Passed" testListId="8c84fa94-04c1-424b-9868-57a2d4851a1d" relativeResultsDirectory="98ab5c77-88eb-4198-a0e2-0403e1317526" />
    <UnitTestResult executionId="0aebb2ac-f22b-45a6-9eb2-ec8f783c5b3b" testId="da16e5aa-6470-de1a-574f-85ec3f0425c8" testName="Invoke_OmitXmlDeclarationOmitted_ThrowsArgumentException" computerName="ICSWS068" duration="00:00:00.0019360" startTime="2016-08-04T09:58:58.2408060+02:00" endTime="2016-08-04T09:58:58.2438552+02:00" testType="13cdc9d9-ddb5-4fa4-a97d-d965ccfc6d4b" outcome="Passed" testListId="8c84fa94-04c1-424b-9868-57a2d4851a1d" relativeResultsDirectory="0aebb2ac-f22b-45a6-9eb2-ec8f783c5b3b" />
    <UnitTestResult executionId="2d5ede25-1eee-4089-8b67-838f8661d798" testId="8264ad79-2df0-1a58-a6e6-5fe25bbc7e34" testName="Invoke_PreserveObjectReferencesOmitted_ThrowsArgumentException" computerName="ICSWS068" duration="00:00:00.0018339" startTime="2016-08-04T09:58:58.2468399+02:00" endTime="2016-08-04T09:58:58.2498592+02:00" testType="13cdc9d9-ddb5-4fa4-a97d-d965ccfc6d4b" outcome="Passed" testListId="8c84fa94-04c1-424b-9868-57a2d4851a1d" relativeResultsDirectory="2d5ede25-1eee-4089-8b67-838f8661d798" />
    <UnitTestResult executionId="d7353010-5e44-44ef-b5a7-37ed0e0c8679" testId="d8bee227-1cf9-a063-e60d-25e4997f6f29" testName="Invoke_SerializeReadOnlyTypesOmitted_ThrowsArgumentException" computerName="ICSWS068" duration="00:00:00.0017410" startTime="2016-08-04T09:58:58.2523439+02:00" endTime="2016-08-04T09:58:58.2551184+02:00" testType="13cdc9d9-ddb5-4fa4-a97d-d965ccfc6d4b" outcome="Passed" testListId="8c84fa94-04c1-424b-9868-57a2d4851a1d" relativeResultsDirectory="d7353010-5e44-44ef-b5a7-37ed0e0c8679" />
    <UnitTestResult executionId="03eebdfc-03d3-431c-bd80-37a20c10bd9d" testId="388a2faf-08f5-19a9-b891-7848dc042c17" testName="Invoke_AllParametersSet_Success" computerName="ICSWS068" duration="00:00:00.0059497" startTime="2016-08-04T09:58:58.2581034+02:00" endTime="2016-08-04T09:58:58.2656311+02:00" testType="13cdc9d9-ddb5-4fa4-a97d-d965ccfc6d4b" outcome="Passed" testListId="8c84fa94-04c1-424b-9868-57a2d4851a1d" relativeResultsDirectory="03eebdfc-03d3-431c-bd80-37a20c10bd9d">
      <Output>
        <StdOut>Debug Trace:
0: WorkflowInstance "XslTransformActivity" is Started
1: Activity [null] "null" scheduled child activity [1] "XslTransformActivity"
2: Activity [1] "XslTransformActivity" is Executing
{
    Arguments
        SourceStream: System.IO.MemoryStream
        XsltDefinition: System.IO.MemoryStream
        DestinationStream: System.IO.MemoryStream
}
3: WorkflowInstance "XslTransformActivity" is Idle
4: Activity [1] "XslTransformActivity" is Closed
{
    Arguments
        SourceStream: System.IO.MemoryStream
        XsltDefinition: System.IO.MemoryStream
        DestinationStream: System.IO.MemoryStream
}
5: WorkflowInstance "XslTransformActivity" is Completed</StdOut>
      </Output>
    </UnitTestResult>
    <UnitTestResult executionId="2ab629dc-5c08-488e-afdd-94b147b7345c" testId="24d8fcbc-16b6-806c-1dc1-bd5ddfc24952" testName="Invoke_NullXml_NullArgumentException" computerName="ICSWS068" duration="00:00:00.0014292" startTime="2016-08-04T09:58:58.2681281+02:00" endTime="2016-08-04T09:58:58.2706331+02:00" testType="13cdc9d9-ddb5-4fa4-a97d-d965ccfc6d4b" outcome="Passed" testListId="8c84fa94-04c1-424b-9868-57a2d4851a1d" relativeResultsDirectory="2ab629dc-5c08-488e-afdd-94b147b7345c">
      <Output>
        <StdOut>Debug Trace:
0: WorkflowInstance "XslTransformActivity" is Started
1: Activity [null] "null" scheduled child activity [1] "XslTransformActivity"
2: Activity [1] "XslTransformActivity" is Executing
{
    Arguments
        SourceStream: 
        XsltDefinition: System.IO.MemoryStream
        DestinationStream: System.IO.MemoryStream
}
3: Activity [1] "XslTransformActivity" is Faulted
{
    Arguments
        SourceStream: 
        XsltDefinition: System.IO.MemoryStream
        DestinationStream: System.IO.MemoryStream
}
4: Fault source [1] "XslTransformActivity"
5: WorkflowInstance "XslTransformActivity" Unhandled Exception Source "XslTransformActivity" Exception &lt;System.ArgumentNullException: Value cannot be null.
Parameter name: SourceStream
   at Tests.iCore.Common.Activities.UnitTestActivityBase.WaitForCompletion() in F:\ETWork\Main\Testing\Assemblies\Tests.iCore.Common.Activities\UnitTestActivityBase.cs:line 129
   at Tests.iCore.Common.Activities.UnitTestActivityBase.RunAndWaitForCompletion() in F:\ETWork\Main\Testing\Assemblies\Tests.iCore.Common.Activities\UnitTestActivityBase.cs:line 113
   at UnitTests.iCore.Workflow.Activities.Misc.XsltTransformActivityTest.Invoke_NullXml_NullArgumentException() in F:\ETWork\Main\Common\Assemblies\UnitTests.iCore.Workflow.Activities\Misc\XsltTransformActivityTest.cs:line 90&gt;
6: WorkflowInstance Aborted [XslTransformActivity] Reason "Value cannot be null.
Parameter name: SourceStream"</StdOut>
      </Output>
    </UnitTestResult>
    <UnitTestResult executionId="7b7a8183-c08c-44ae-bf8d-fc4cb963cfb5" testId="b46bdb86-fe3f-dda6-7ad3-5cfd0b43898b" testName="Invoke_NullTemplate_NullArgumentException" computerName="ICSWS068" duration="00:00:00.0017363" startTime="2016-08-04T09:58:58.2731181+02:00" endTime="2016-08-04T09:58:58.2761207+02:00" testType="13cdc9d9-ddb5-4fa4-a97d-d965ccfc6d4b" outcome="Passed" testListId="8c84fa94-04c1-424b-9868-57a2d4851a1d" relativeResultsDirectory="7b7a8183-c08c-44ae-bf8d-fc4cb963cfb5">
      <Output>
        <StdOut>Debug Trace:
0: WorkflowInstance "XslTransformActivity" is Started
1: Activity [null] "null" scheduled child activity [1] "XslTransformActivity"
2: Activity [1] "XslTransformActivity" is Executing
{
    Arguments
        SourceStream: System.IO.MemoryStream
        XsltDefinition: 
        DestinationStream: System.IO.MemoryStream
}
3: Activity [1] "XslTransformActivity" is Faulted
{
    Arguments
        SourceStream: System.IO.MemoryStream
        XsltDefinition: 
        DestinationStream: System.IO.MemoryStream
}
4: Fault source [1] "XslTransformActivity"
5: WorkflowInstance "XslTransformActivity" Unhandled Exception Source "XslTransformActivity" Exception &lt;System.ArgumentNullException: Value cannot be null.
Parameter name: XsltDefinition
   at Tests.iCore.Common.Activities.UnitTestActivityBase.WaitForCompletion() in F:\ETWork\Main\Testing\Assemblies\Tests.iCore.Common.Activities\UnitTestActivityBase.cs:line 129
   at Tests.iCore.Common.Activities.UnitTestActivityBase.RunAndWaitForCompletion() in F:\ETWork\Main\Testing\Assemblies\Tests.iCore.Common.Activities\UnitTestActivityBase.cs:line 113
   at UnitTests.iCore.Workflow.Activities.Misc.XsltTransformActivityTest.Invoke_NullTemplate_NullArgumentException() in F:\ETWork\Main\Common\Assemblies\UnitTests.iCore.Workflow.Activities\Misc\XsltTransformActivityTest.cs:line 101&gt;
6: WorkflowInstance Aborted [XslTransformActivity] Reason "Value cannot be null.
Parameter name: XsltDefinition"</StdOut>
      </Output>
    </UnitTestResult>
    <UnitTestResult executionId="18354749-91ce-411c-8629-094969e6deec" testId="e390e305-681c-8df0-db57-972f696409a7" testName="Invoke_NullResult_NullArgumentException" computerName="ICSWS068" duration="00:00:00.0013630" startTime="2016-08-04T09:58:58.2791221+02:00" endTime="2016-08-04T09:58:58.2816426+02:00" testType="13cdc9d9-ddb5-4fa4-a97d-d965ccfc6d4b" outcome="Passed" testListId="8c84fa94-04c1-424b-9868-57a2d4851a1d" relativeResultsDirectory="18354749-91ce-411c-8629-094969e6deec">
      <Output>
        <StdOut>Debug Trace:
0: WorkflowInstance "XslTransformActivity" is Started
1: Activity [null] "null" scheduled child activity [1] "XslTransformActivity"
2: Activity [1] "XslTransformActivity" is Executing
{
    Arguments
        SourceStream: System.IO.MemoryStream
        XsltDefinition: System.IO.MemoryStream
        DestinationStream: 
}
3: Activity [1] "XslTransformActivity" is Faulted
{
    Arguments
        SourceStream: System.IO.MemoryStream
        XsltDefinition: System.IO.MemoryStream
        DestinationStream: 
}
4: Fault source [1] "XslTransformActivity"
5: WorkflowInstance "XslTransformActivity" Unhandled Exception Source "XslTransformActivity" Exception &lt;System.ArgumentNullException: Value cannot be null.
Parameter name: DestinationStream
   at Tests.iCore.Common.Activities.UnitTestActivityBase.WaitForCompletion() in F:\ETWork\Main\Testing\Assemblies\Tests.iCore.Common.Activities\UnitTestActivityBase.cs:line 129
   at Tests.iCore.Common.Activities.UnitTestActivityBase.RunAndWaitForCompletion() in F:\ETWork\Main\Testing\Assemblies\Tests.iCore.Common.Activities\UnitTestActivityBase.cs:line 113
   at UnitTests.iCore.Workflow.Activities.Misc.XsltTransformActivityTest.Invoke_NullResult_NullArgumentException() in F:\ETWork\Main\Common\Assemblies\UnitTests.iCore.Workflow.Activities\Misc\XsltTransformActivityTest.cs:line 112&gt;
6: WorkflowInstance Aborted [XslTransformActivity] Reason "Value cannot be null.
Parameter name: DestinationStream"</StdOut>
      </Output>
    </UnitTestResult>
    <UnitTestResult executionId="661fafef-7bba-40f0-a586-f44fb1a64e69" testId="c2d4b17a-daff-0a0c-11f3-f877471a73c4" testName="Invoke_XmlNotSet_ArgumentException" computerName="ICSWS068" duration="00:00:00.0007574" startTime="2016-08-04T09:58:58.2841302+02:00" endTime="2016-08-04T09:58:58.2861322+02:00" testType="13cdc9d9-ddb5-4fa4-a97d-d965ccfc6d4b" outcome="Passed" testListId="8c84fa94-04c1-424b-9868-57a2d4851a1d" relativeResultsDirectory="661fafef-7bba-40f0-a586-f44fb1a64e69" />
    <UnitTestResult executionId="5d64f911-52ac-4d82-b00f-1df2ca9991df" testId="d5682fa6-5054-3b16-026c-89169f7a101c" testName="Invoke_TemplateNotSet_ArgumentException" computerName="ICSWS068" duration="00:00:00.0008290" startTime="2016-08-04T09:58:58.2886348+02:00" endTime="2016-08-04T09:58:58.2906365+02:00" testType="13cdc9d9-ddb5-4fa4-a97d-d965ccfc6d4b" outcome="Passed" testListId="8c84fa94-04c1-424b-9868-57a2d4851a1d" relativeResultsDirectory="5d64f911-52ac-4d82-b00f-1df2ca9991df" />
    <UnitTestResult executionId="7824315d-b74a-45a9-aacd-4b50c9ba8109" testId="bf4f73e7-5998-1790-a256-6cd47e1e58a2" testName="Invoke_ResultNotSet_ArgumentException" computerName="ICSWS068" duration="00:00:00.0011169" startTime="2016-08-04T09:58:58.2936371+02:00" endTime="2016-08-04T09:58:58.2966561+02:00" testType="13cdc9d9-ddb5-4fa4-a97d-d965ccfc6d4b" outcome="Passed" testListId="8c84fa94-04c1-424b-9868-57a2d4851a1d" relativeResultsDirectory="7824315d-b74a-45a9-aacd-4b50c9ba8109" />
    <UnitTestResult executionId="24a4371e-c51a-4609-b393-8d17f2c9e44c" testId="bfdb4ebc-0c24-7fce-b476-3715a129d0af" testName="Invoke_AllParametersSet_ExceptionPassedAlong" computerName="ICSWS068" duration="00:00:00.0031266" startTime="2016-08-04T09:58:58.2991405+02:00" endTime="2016-08-04T09:58:58.3036656+02:00" testType="13cdc9d9-ddb5-4fa4-a97d-d965ccfc6d4b" outcome="Passed" testListId="8c84fa94-04c1-424b-9868-57a2d4851a1d" relativeResultsDirectory="24a4371e-c51a-4609-b393-8d17f2c9e44c">
      <Output>
        <StdOut>Debug Trace:
0: WorkflowInstance "XslTransformActivity" is Started
1: Activity [null] "null" scheduled child activity [1] "XslTransformActivity"
2: Activity [1] "XslTransformActivity" is Executing
{
    Arguments
        SourceStream: System.IO.MemoryStream
        XsltDefinition: System.IO.MemoryStream
        DestinationStream: System.IO.MemoryStream
}
3: Activity [1] "XslTransformActivity" is Faulted
{
    Arguments
        SourceStream: System.IO.MemoryStream
        XsltDefinition: System.IO.MemoryStream
        DestinationStream: System.IO.MemoryStream
}
4: Fault source [1] "XslTransformActivity"
5: WorkflowInstance "XslTransformActivity" Unhandled Exception Source "XslTransformActivity" Exception &lt;Testing.Common.TestException: Test exception
   at Tests.iCore.Common.Activities.UnitTestActivityBase.WaitForCompletion() in F:\ETWork\Main\Testing\Assemblies\Tests.iCore.Common.Activities\UnitTestActivityBase.cs:line 129
   at Tests.iCore.Common.Activities.UnitTestActivityBase.RunAndWaitForCompletion() in F:\ETWork\Main\Testing\Assemblies\Tests.iCore.Common.Activities\UnitTestActivityBase.cs:line 113
   at UnitTests.iCore.Workflow.Activities.Misc.XsltTransformActivityTest.Invoke_AllParametersSet_ExceptionPassedAlong() in F:\ETWork\Main\Common\Assemblies\UnitTests.iCore.Workflow.Activities\Misc\XsltTransformActivityTest.cs:line 162&gt;
6: WorkflowInstance Aborted [XslTransformActivity] Reason "Test exception"</StdOut>
      </Output>
    </UnitTestResult>
    <UnitTestResult executionId="73111ee0-ef5e-460b-bf5c-7110cb1a216a" testId="8fa72030-6750-1367-5c3f-7adf085ff05f" testName="Invoke_AllParametersSet_XmlPositionAtEnd" computerName="ICSWS068" duration="00:00:00.0183113" startTime="2016-08-04T09:58:58.3061489+02:00" endTime="2016-08-04T09:58:58.3261770+02:00" testType="13cdc9d9-ddb5-4fa4-a97d-d965ccfc6d4b" outcome="Passed" testListId="8c84fa94-04c1-424b-9868-57a2d4851a1d" relativeResultsDirectory="73111ee0-ef5e-460b-bf5c-7110cb1a216a">
      <Output>
        <StdOut>Debug Trace:
0: WorkflowInstance "XslTransformActivity" is Started
1: Activity [null] "null" scheduled child activity [1] "XslTransformActivity"
2: Activity [1] "XslTransformActivity" is Executing
{
    Arguments
        SourceStream: System.IO.MemoryStream
        XsltDefinition: System.IO.MemoryStream
        DestinationStream: System.IO.MemoryStream
}
3: WorkflowInstance "XslTransformActivity" is Idle
4: Activity [1] "XslTransformActivity" is Closed
{
    Arguments
        SourceStream: System.IO.MemoryStream
        XsltDefinition: System.IO.MemoryStream
        DestinationStream: System.IO.MemoryStream
}
5: WorkflowInstance "XslTransformActivity" is Completed</StdOut>
      </Output>
    </UnitTestResult>
    <UnitTestResult executionId="654f5b1d-8d22-46a3-bc7b-9bd9e27abcc6" testId="4ccf8d3f-5713-7bb0-99b3-f9641274ea59" testName="Invoke_AllParametersSet_XsltPositionAtEnd" computerName="ICSWS068" duration="00:00:00.0074285" startTime="2016-08-04T09:58:58.3286614+02:00" endTime="2016-08-04T09:58:58.3376692+02:00" testType="13cdc9d9-ddb5-4fa4-a97d-d965ccfc6d4b" outcome="Passed" testListId="8c84fa94-04c1-424b-9868-57a2d4851a1d" relativeResultsDirectory="654f5b1d-8d22-46a3-bc7b-9bd9e27abcc6">
      <Output>
        <StdOut>Debug Trace:
0: WorkflowInstance "XslTransformActivity" is Started
1: Activity [null] "null" scheduled child activity [1] "XslTransformActivity"
2: Activity [1] "XslTransformActivity" is Executing
{
    Arguments
        SourceStream: System.IO.MemoryStream
        XsltDefinition: System.IO.MemoryStream
        DestinationStream: System.IO.MemoryStream
}
3: WorkflowInstance "XslTransformActivity" is Idle
4: Activity [1] "XslTransformActivity" is Closed
{
    Arguments
        SourceStream: System.IO.MemoryStream
        XsltDefinition: System.IO.MemoryStream
        DestinationStream: System.IO.MemoryStream
}
5: WorkflowInstance "XslTransformActivity" is Completed</StdOut>
      </Output>
    </UnitTestResult>
    <UnitTestResult executionId="ac8fcf2d-4fcd-41f6-b2eb-6ae840fa4e21" testId="54663ab1-4312-8857-3fc7-57f7f71d829c" testName="Invoke_AllParametersSet_DestinationPositionAtEnd" computerName="ICSWS068" duration="00:00:00.0128178" startTime="2016-08-04T09:58:58.3401700+02:00" endTime="2016-08-04T09:58:58.3551744+02:00" testType="13cdc9d9-ddb5-4fa4-a97d-d965ccfc6d4b" outcome="Passed" testListId="8c84fa94-04c1-424b-9868-57a2d4851a1d" relativeResultsDirectory="ac8fcf2d-4fcd-41f6-b2eb-6ae840fa4e21">
      <Output>
        <StdOut>Debug Trace:
0: WorkflowInstance "XslTransformActivity" is Started
1: Activity [null] "null" scheduled child activity [1] "XslTransformActivity"
2: Activity [1] "XslTransformActivity" is Executing
{
    Arguments
        SourceStream: System.IO.MemoryStream
        XsltDefinition: System.IO.MemoryStream
        DestinationStream: System.IO.MemoryStream
}
3: WorkflowInstance "XslTransformActivity" is Idle
4: Activity [1] "XslTransformActivity" is Closed
{
    Arguments
        SourceStream: System.IO.MemoryStream
        XsltDefinition: System.IO.MemoryStream
        DestinationStream: System.IO.MemoryStream
}
5: WorkflowInstance "XslTransformActivity" is Completed</StdOut>
      </Output>
    </UnitTestResult>
    <UnitTestResult executionId="6f6b4fda-5b98-4fce-b955-744d41083faa" testId="564fac99-fd1f-8678-f4fa-68d445409dc9" testName="Construction_NoArgs_Success" computerName="ICSWS068" duration="00:00:00.0098572" startTime="2016-08-04T09:58:58.3581876+02:00" endTime="2016-08-04T09:58:58.3692915+02:00" testType="13cdc9d9-ddb5-4fa4-a97d-d965ccfc6d4b" outcome="Passed" testListId="8c84fa94-04c1-424b-9868-57a2d4851a1d" relativeResultsDirectory="6f6b4fda-5b98-4fce-b955-744d41083faa" />
    <UnitTestResult executionId="133b1638-7d3e-425c-a292-09e2471f3323" testId="90ccc6ff-b321-980b-08b2-d073f2c7ab8e" testName="Invoke_AllRequiredArgsSet_UnzipAsyncOperationCalled" computerName="ICSWS068" duration="00:00:00.0213502" startTime="2016-08-04T09:58:58.3722771+02:00" endTime="2016-08-04T09:58:58.3948057+02:00" testType="13cdc9d9-ddb5-4fa4-a97d-d965ccfc6d4b" outcome="Passed" testListId="8c84fa94-04c1-424b-9868-57a2d4851a1d" relativeResultsDirectory="133b1638-7d3e-425c-a292-09e2471f3323">
      <Output>
        <StdOut>Debug Trace:
0: WorkflowInstance "UnzipActivity" is Started
1: Activity [null] "null" scheduled child activity [1] "UnzipActivity"
2: Activity [1] "UnzipActivity" is Executing
{
    Arguments
        Overwrite: False
        ZipArchive: System.IO.MemoryStream
        Password: 
        PreservePath: True
        TargetDirectory: C:\Temp\*.txt
}
3: WorkflowInstance "UnzipActivity" is Idle
4: Activity [1] "UnzipActivity" is Closed
{
    Arguments
        Overwrite: False
        ZipArchive: System.IO.MemoryStream
        Password: 
        PreservePath: True
        TargetDirectory: C:\Temp\*.txt
}
5: WorkflowInstance "UnzipActivity" is Completed</StdOut>
      </Output>
    </UnitTestResult>
    <UnitTestResult executionId="722c8c5a-a392-4d0f-8512-fb5532cef766" testId="ae4dfcd6-ea88-a269-450f-1cc9d1f1158f" testName="Invoke_AllArgsSet_UnzipAsyncOperationCalled" computerName="ICSWS068" duration="00:00:00.0046113" startTime="2016-08-04T09:58:58.3978080+02:00" endTime="2016-08-04T09:58:58.4040801+02:00" testType="13cdc9d9-ddb5-4fa4-a97d-d965ccfc6d4b" outcome="Passed" testListId="8c84fa94-04c1-424b-9868-57a2d4851a1d" relativeResultsDirectory="722c8c5a-a392-4d0f-8512-fb5532cef766">
      <Output>
        <StdOut>Debug Trace:
0: WorkflowInstance "UnzipActivity" is Started
1: Activity [null] "null" scheduled child activity [1] "UnzipActivity"
2: Activity [1] "UnzipActivity" is Executing
{
    Arguments
        Overwrite: False
        ZipArchive: System.IO.MemoryStream
        Password: hej
        PreservePath: True
        TargetDirectory: C:\Temp\*.txt
}
3: Activity [1] "UnzipActivity" is Closed
{
    Arguments
        Overwrite: False
        ZipArchive: System.IO.MemoryStream
        Password: hej
        PreservePath: True
        TargetDirectory: C:\Temp\*.txt
}
4: WorkflowInstance "UnzipActivity" is Completed</StdOut>
      </Output>
    </UnitTestResult>
    <UnitTestResult executionId="489aa947-1db3-4cac-a84c-629acf8f8071" testId="ed386bbe-509d-4e9f-e7eb-e2d2d1263e01" testName="Invoke_AsyncTaskFaults_ThrowsTestException" computerName="ICSWS068" duration="00:00:00.0052101" startTime="2016-08-04T09:58:58.4065827+02:00" endTime="2016-08-04T09:58:58.4135866+02:00" testType="13cdc9d9-ddb5-4fa4-a97d-d965ccfc6d4b" outcome="Passed" testListId="8c84fa94-04c1-424b-9868-57a2d4851a1d" relativeResultsDirectory="489aa947-1db3-4cac-a84c-629acf8f8071">
      <Output>
        <StdOut>Debug Trace:
0: WorkflowInstance "UnzipActivity" is Started
1: Activity [null] "null" scheduled child activity [1] "UnzipActivity"
2: Activity [1] "UnzipActivity" is Executing
{
    Arguments
        Overwrite: False
        ZipArchive: System.IO.MemoryStream
        Password: 
        PreservePath: True
        TargetDirectory: C:\Temp\*.txt
}
3: Activity [1] "UnzipActivity" is Faulted
{
    Arguments
        Overwrite: False
        ZipArchive: System.IO.MemoryStream
        Password: 
        PreservePath: True
        TargetDirectory: C:\Temp\*.txt
}
4: Fault source [1] "UnzipActivity"
5: WorkflowInstance "UnzipActivity" Unhandled Exception Source "UnzipActivity" Exception &lt;Testing.Common.TestException: task failed
   at Tests.iCore.Common.Activities.UnitTestActivityBase.WaitForCompletion() in F:\ETWork\Main\Testing\Assemblies\Tests.iCore.Common.Activities\UnitTestActivityBase.cs:line 129
   at Tests.iCore.Common.Activities.UnitTestActivityBase.RunAndWaitForCompletion() in F:\ETWork\Main\Testing\Assemblies\Tests.iCore.Common.Activities\UnitTestActivityBase.cs:line 113
   at UnitTests.iCore.Workflow.Activities.Misc.UnzipActivityTests.Invoke_AsyncTaskFaults_ThrowsTestException() in F:\ETWork\Main\Common\Assemblies\UnitTests.iCore.Workflow.Activities\Misc\UnzipActivityTests.cs:line 114&gt;
6: WorkflowInstance Aborted [UnzipActivity] Reason "task failed"</StdOut>
      </Output>
    </UnitTestResult>
    <UnitTestResult executionId="a047632a-e6e5-49c6-823d-f8359b506454" testId="8b2599b2-d8b4-fe5b-4322-a8c676a21348" testName="Invoke_ActivityCancelled_TaskIsCancelled" computerName="ICSWS068" duration="00:00:00.0051083" startTime="2016-08-04T09:58:58.4161057+02:00" endTime="2016-08-04T09:58:58.4225959+02:00" testType="13cdc9d9-ddb5-4fa4-a97d-d965ccfc6d4b" outcome="Passed" testListId="8c84fa94-04c1-424b-9868-57a2d4851a1d" relativeResultsDirectory="a047632a-e6e5-49c6-823d-f8359b506454">
      <Output>
        <StdOut>Debug Trace:
Task: Asynchronous work started
Task: Awaiting cancellation
Task: Asynchronous work cancelled
0: WorkflowInstance "UnzipActivity" is Started
1: Activity [null] "null" scheduled child activity [1] "UnzipActivity"
2: Activity [1] "UnzipActivity" is Executing
{
    Arguments
        Overwrite: False
        ZipArchive: System.IO.MemoryStream
        Password: 
        PreservePath: True
        TargetDirectory: C:\Temp\*.txt
}
3: WorkflowInstance "UnzipActivity" is Idle
4: Host requests cancel of activity [1] "UnzipActivity"
5: WorkflowInstance "UnzipActivity" is Idle
6: Activity [1] "UnzipActivity" is Closed
{
    Arguments
        Overwrite: False
        ZipArchive: System.IO.MemoryStream
        Password: 
        PreservePath: True
        TargetDirectory: C:\Temp\*.txt
}
7: WorkflowInstance "UnzipActivity" is Completed</StdOut>
      </Output>
    </UnitTestResult>
    <UnitTestResult executionId="67154304-2e2b-445d-a38e-32465076c733" testId="39d37f83-0de1-62be-883f-255e14f2bb56" testName="Invoke_ValidArgs_ArchiveNotClosedOnReturn" computerName="ICSWS068" duration="00:00:00.0028764" startTime="2016-08-04T09:58:58.4255988+02:00" endTime="2016-08-04T09:58:58.4301183+02:00" testType="13cdc9d9-ddb5-4fa4-a97d-d965ccfc6d4b" outcome="Passed" testListId="8c84fa94-04c1-424b-9868-57a2d4851a1d" relativeResultsDirectory="67154304-2e2b-445d-a38e-32465076c733">
      <Output>
        <StdOut>Debug Trace:
0: WorkflowInstance "UnzipActivity" is Started
1: Activity [null] "null" scheduled child activity [1] "UnzipActivity"
2: Activity [1] "UnzipActivity" is Executing
{
    Arguments
        Overwrite: False
        ZipArchive: System.IO.MemoryStream
        Password: 
        PreservePath: True
        TargetDirectory: C:\Temp\*.txt
}
3: Activity [1] "UnzipActivity" is Closed
{
    Arguments
        Overwrite: False
        ZipArchive: System.IO.MemoryStream
        Password: 
        PreservePath: True
        TargetDirectory: C:\Temp\*.txt
}
4: WorkflowInstance "UnzipActivity" is Completed</StdOut>
      </Output>
    </UnitTestResult>
    <UnitTestResult executionId="84f6c459-0f0f-4b04-afa6-01ece5539e2f" testId="1accc8f7-49b8-fcab-b736-2ae6817a3d3c" testName="Invoke_NormalExecutionAndRequiredArgumentsOnly_Success" computerName="ICSWS068" duration="00:00:00.0800001" startTime="2016-08-04T09:58:58.4326192+02:00" endTime="2016-08-04T09:58:58.5140069+02:00" testType="13cdc9d9-ddb5-4fa4-a97d-d965ccfc6d4b" outcome="Passed" testListId="8c84fa94-04c1-424b-9868-57a2d4851a1d" relativeResultsDirectory="84f6c459-0f0f-4b04-afa6-01ece5539e2f">
      <Output>
        <StdOut>Debug Trace:
0: WorkflowInstance "ExecuteProgramActivity" is Started
1: Activity [null] "null" scheduled child activity [1] "ExecuteProgramActivity"
2: Activity [1] "ExecuteProgramActivity" is Executing
{
    Arguments
        Wait: True
        StdError: 
        ExecutableFile: c:\test.exe
        RedirectStdError: False
        Arguments: 
        RedirectStdOutput: False
        StdOutput: 
        StartDirectory: 
}
3: WorkflowInstance "ExecuteProgramActivity" is Idle
4: Activity [1] "ExecuteProgramActivity" is Closed
{
    Arguments
        Wait: True
        StdError: 
        ExecutableFile: c:\test.exe
        RedirectStdError: False
        Arguments: 
        Result: 0
        RedirectStdOutput: False
        StdOutput: 
        StartDirectory: 
}
5: WorkflowInstance "ExecuteProgramActivity" is Completed</StdOut>
      </Output>
    </UnitTestResult>
    <UnitTestResult executionId="6a50e437-afc5-4408-bfab-4e4fdbc05e29" testId="e4db714a-17cf-4815-dee6-3bd03a9bf254" testName="Invoke_RedirectStandardOutputEnabledAndStreamSet_Success" computerName="ICSWS068" duration="00:00:00.0064969" startTime="2016-08-04T09:58:58.5170098+02:00" endTime="2016-08-04T09:58:58.5245200+02:00" testType="13cdc9d9-ddb5-4fa4-a97d-d965ccfc6d4b" outcome="Passed" testListId="8c84fa94-04c1-424b-9868-57a2d4851a1d" relativeResultsDirectory="6a50e437-afc5-4408-bfab-4e4fdbc05e29">
      <Output>
        <StdOut>Debug Trace:
0: WorkflowInstance "ExecuteProgramActivity" is Started
1: Activity [null] "null" scheduled child activity [1] "ExecuteProgramActivity"
2: Activity [1] "ExecuteProgramActivity" is Executing
{
    Arguments
        Wait: True
        StdError: 
        ExecutableFile: c:\test.exe
        RedirectStdError: False
        Arguments: 
        RedirectStdOutput: True
        StdOutput: System.IO.MemoryStream
        StartDirectory: 
}
3: WorkflowInstance "ExecuteProgramActivity" is Idle
4: Activity [1] "ExecuteProgramActivity" is Closed
{
    Arguments
        Wait: True
        StdError: 
        ExecutableFile: c:\test.exe
        RedirectStdError: False
        Arguments: 
        Result: 0
        RedirectStdOutput: True
        StdOutput: System.IO.MemoryStream
        StartDirectory: 
}
5: WorkflowInstance "ExecuteProgramActivity" is Completed</StdOut>
      </Output>
    </UnitTestResult>
    <UnitTestResult executionId="93d2833e-9714-48ac-b29a-1cc05a5ede20" testId="70897e09-27e2-ec6c-95a6-d69cee9abf6e" testName="Invoke_RedirectStandardOutputEnabledAndStreamSet_CorrectDataWrittenToStream" computerName="ICSWS068" duration="00:00:00.0039914" startTime="2016-08-04T09:58:58.5275205+02:00" endTime="2016-08-04T09:58:58.5330430+02:00" testType="13cdc9d9-ddb5-4fa4-a97d-d965ccfc6d4b" outcome="Passed" testListId="8c84fa94-04c1-424b-9868-57a2d4851a1d" relativeResultsDirectory="93d2833e-9714-48ac-b29a-1cc05a5ede20">
      <Output>
        <StdOut>Debug Trace:
0: WorkflowInstance "ExecuteProgramActivity" is Started
1: Activity [null] "null" scheduled child activity [1] "ExecuteProgramActivity"
2: Activity [1] "ExecuteProgramActivity" is Executing
{
    Arguments
        Wait: True
        StdError: 
        ExecutableFile: c:\test.exe
        RedirectStdError: False
        Arguments: 
        RedirectStdOutput: True
        StdOutput: System.IO.MemoryStream
        StartDirectory: 
}
3: WorkflowInstance "ExecuteProgramActivity" is Idle
4: Activity [1] "ExecuteProgramActivity" is Closed
{
    Arguments
        Wait: True
        StdError: 
        ExecutableFile: c:\test.exe
        RedirectStdError: False
        Arguments: 
        Result: 0
        RedirectStdOutput: True
        StdOutput: System.IO.MemoryStream
        StartDirectory: 
}
5: WorkflowInstance "ExecuteProgramActivity" is Completed</StdOut>
      </Output>
    </UnitTestResult>
    <UnitTestResult executionId="3c4e8a0e-5958-4c52-b168-17b4cc1d89b9" testId="83cd91ad-f54a-1abe-6cac-ff54b216b3e6" testName="Invoke_RedirectStandardOutputEnabledAndStreamNotSet_NoRedirection" computerName="ICSWS068" duration="00:00:00.0057456" startTime="2016-08-04T09:58:58.5355274+02:00" endTime="2016-08-04T09:58:58.5425323+02:00" testType="13cdc9d9-ddb5-4fa4-a97d-d965ccfc6d4b" outcome="Passed" testListId="8c84fa94-04c1-424b-9868-57a2d4851a1d" relativeResultsDirectory="3c4e8a0e-5958-4c52-b168-17b4cc1d89b9">
      <Output>
        <StdOut>Debug Trace:
0: WorkflowInstance "ExecuteProgramActivity" is Started
1: Activity [null] "null" scheduled child activity [1] "ExecuteProgramActivity"
2: Activity [1] "ExecuteProgramActivity" is Executing
{
    Arguments
        Wait: True
        StdError: 
        ExecutableFile: c:\test.exe
        RedirectStdError: False
        Arguments: 
        RedirectStdOutput: True
        StdOutput: 
        StartDirectory: 
}
3: WorkflowInstance "ExecuteProgramActivity" is Idle
4: Activity [1] "ExecuteProgramActivity" is Closed
{
    Arguments
        Wait: True
        StdError: 
        ExecutableFile: c:\test.exe
        RedirectStdError: False
        Arguments: 
        Result: 0
        RedirectStdOutput: True
        StdOutput: 
        StartDirectory: 
}
5: WorkflowInstance "ExecuteProgramActivity" is Completed</StdOut>
      </Output>
    </UnitTestResult>
    <UnitTestResult executionId="e4872293-7b06-4b01-94f6-5ba20ae7a9bb" testId="434deaf4-989d-5482-5172-2e1bc7f8d126" testName="Invoke_RedirectStandardOutputEnabledAndStreamSetAndWaitIsFalse_ThrowsArgumentException" computerName="ICSWS068" duration="00:00:00.0026685" startTime="2016-08-04T09:58:58.5455340+02:00" endTime="2016-08-04T09:58:58.5495368+02:00" testType="13cdc9d9-ddb5-4fa4-a97d-d965ccfc6d4b" outcome="Passed" testListId="8c84fa94-04c1-424b-9868-57a2d4851a1d" relativeResultsDirectory="e4872293-7b06-4b01-94f6-5ba20ae7a9bb">
      <Output>
        <StdOut>Debug Trace:
0: WorkflowInstance "ExecuteProgramActivity" is Started
1: Activity [null] "null" scheduled child activity [1] "ExecuteProgramActivity"
2: Activity [1] "ExecuteProgramActivity" is Executing
{
    Arguments
        Wait: False
        StdError: 
        ExecutableFile: c:\test.exe
        RedirectStdError: False
        Arguments: 
        RedirectStdOutput: True
        StdOutput: System.IO.MemoryStream
        StartDirectory: 
}
3: Activity [1] "ExecuteProgramActivity" is Faulted
{
    Arguments
        Wait: False
        StdError: 
        ExecutableFile: c:\test.exe
        RedirectStdError: False
        Arguments: 
        Result: 0
        RedirectStdOutput: True
        StdOutput: System.IO.MemoryStream
        StartDirectory: 
}
4: Fault source [1] "ExecuteProgramActivity"
5: WorkflowInstance "ExecuteProgramActivity" Unhandled Exception Source "ExecuteProgramActivity" Exception &lt;System.ArgumentException: Standard output can only be redirected when Wait is set to true!
   at System.Activities.WorkflowApplication.Invoke(Activity activity, IDictionary`2 inputs, WorkflowInstanceExtensionManager extensions, TimeSpan timeout)
   at System.Activities.WorkflowInvoker.Invoke(Activity workflow, IDictionary`2 inputs, TimeSpan timeout, WorkflowInstanceExtensionManager extensions)
   at Microsoft.Activities.UnitTesting.WorkflowInvokerTest.TestActivity(IDictionary`2 arguments, TimeSpan timeout)
   at Microsoft.Activities.UnitTesting.WorkflowInvokerTest.TestActivity(IDictionary`2 arguments)
   at UnitTests.iCore.Workflow.Activities.Misc.ExecuteProgramActivityTests.Invoke_RedirectStandardOutputEnabledAndStreamSetAndWaitIsFalse_ThrowsArgumentException() in F:\ETWork\Main\Common\Assemblies\UnitTests.iCore.Workflow.Activities\Misc\ExecuteProgramActivityTests.cs:line 210&gt;
6: WorkflowInstance "ExecuteProgramActivity" Terminated Reason "Standard output can only be redirected when Wait is set to true!"</StdOut>
      </Output>
    </UnitTestResult>
    <UnitTestResult executionId="78649e05-d21a-4756-8d58-2b6c53a11f0c" testId="783d7d71-e76a-2a88-4426-3efa4eda0b49" testName="Invoke_RedirectStandardErrorEnabledAndStreamSet_Success" computerName="ICSWS068" duration="00:00:00.0062247" startTime="2016-08-04T09:58:58.5520383+02:00" endTime="2016-08-04T09:58:58.5592560+02:00" testType="13cdc9d9-ddb5-4fa4-a97d-d965ccfc6d4b" outcome="Passed" testListId="8c84fa94-04c1-424b-9868-57a2d4851a1d" relativeResultsDirectory="78649e05-d21a-4756-8d58-2b6c53a11f0c">
      <Output>
        <StdOut>Debug Trace:
0: WorkflowInstance "ExecuteProgramActivity" is Started
1: Activity [null] "null" scheduled child activity [1] "ExecuteProgramActivity"
2: Activity [1] "ExecuteProgramActivity" is Executing
{
    Arguments
        Wait: True
        StdError: System.IO.MemoryStream
        ExecutableFile: c:\test.exe
        RedirectStdError: True
        Arguments: 
        RedirectStdOutput: False
        StdOutput: 
        StartDirectory: 
}
3: WorkflowInstance "ExecuteProgramActivity" is Idle
4: Activity [1] "ExecuteProgramActivity" is Closed
{
    Arguments
        Wait: True
        StdError: System.IO.MemoryStream
        ExecutableFile: c:\test.exe
        RedirectStdError: True
        Arguments: 
        Result: 0
        RedirectStdOutput: False
        StdOutput: 
        StartDirectory: 
}
5: WorkflowInstance "ExecuteProgramActivity" is Completed</StdOut>
      </Output>
    </UnitTestResult>
    <UnitTestResult executionId="da6aff74-59d2-43c4-bd8c-f46989ac629a" testId="dbc7df44-76a8-5cd8-3840-87bc43f1b83d" testName="Invoke_RedirectStandardErrorEnabledAndStreamSet_CorrectDataWrittenToStream" computerName="ICSWS068" duration="00:00:00.0021228" startTime="2016-08-04T09:58:58.5617560+02:00" endTime="2016-08-04T09:58:58.5656333+02:00" testType="13cdc9d9-ddb5-4fa4-a97d-d965ccfc6d4b" outcome="Passed" testListId="8c84fa94-04c1-424b-9868-57a2d4851a1d" relativeResultsDirectory="da6aff74-59d2-43c4-bd8c-f46989ac629a">
      <Output>
        <StdOut>Debug Trace:
0: WorkflowInstance "ExecuteProgramActivity" is Started
1: Activity [null] "null" scheduled child activity [1] "ExecuteProgramActivity"
2: Activity [1] "ExecuteProgramActivity" is Executing
{
    Arguments
        Wait: True
        StdError: System.IO.MemoryStream
        ExecutableFile: c:\test.exe
        RedirectStdError: True
        Arguments: 
        RedirectStdOutput: False
        StdOutput: 
        StartDirectory: 
}
3: WorkflowInstance "ExecuteProgramActivity" is Idle
4: Activity [1] "ExecuteProgramActivity" is Closed
{
    Arguments
        Wait: True
        StdError: System.IO.MemoryStream
        ExecutableFile: c:\test.exe
        RedirectStdError: True
        Arguments: 
        Result: 0
        RedirectStdOutput: False
        StdOutput: 
        StartDirectory: 
}
5: WorkflowInstance "ExecuteProgramActivity" is Completed</StdOut>
      </Output>
    </UnitTestResult>
    <UnitTestResult executionId="0403c43c-bcee-46c2-aaa1-8171a950a672" testId="94837460-5a93-633e-3739-40bc4e939c59" testName="Invoke_RedirectStandardErrorEnabledAndStreamNotSet_NoRedirection" computerName="ICSWS068" duration="00:00:00.0051201" startTime="2016-08-04T09:58:58.5681350+02:00" endTime="2016-08-04T09:58:58.5746440+02:00" testType="13cdc9d9-ddb5-4fa4-a97d-d965ccfc6d4b" outcome="Passed" testListId="8c84fa94-04c1-424b-9868-57a2d4851a1d" relativeResultsDirectory="0403c43c-bcee-46c2-aaa1-8171a950a672">
      <Output>
        <StdOut>Debug Trace:
0: WorkflowInstance "ExecuteProgramActivity" is Started
1: Activity [null] "null" scheduled child activity [1] "ExecuteProgramActivity"
2: Activity [1] "ExecuteProgramActivity" is Executing
{
    Arguments
        Wait: True
        StdError: 
        ExecutableFile: c:\test.exe
        RedirectStdError: True
        Arguments: 
        RedirectStdOutput: False
        StdOutput: 
        StartDirectory: 
}
3: WorkflowInstance "ExecuteProgramActivity" is Idle
4: Activity [1] "ExecuteProgramActivity" is Closed
{
    Arguments
        Wait: True
        StdError: 
        ExecutableFile: c:\test.exe
        RedirectStdError: True
        Arguments: 
        Result: 0
        RedirectStdOutput: False
        StdOutput: 
        StartDirectory: 
}
5: WorkflowInstance "ExecuteProgramActivity" is Completed</StdOut>
      </Output>
    </UnitTestResult>
    <UnitTestResult executionId="bf406b2b-80f9-4c67-9827-e993c9d3fcd3" testId="ef07fe65-9f3e-7070-8188-455423af90d3" testName="Invoke_RedirectStandardErrorEnabledAndStreamSetAndWaitIsFalse_ThrowsArgumentException" computerName="ICSWS068" duration="00:00:00.0024943" startTime="2016-08-04T09:58:58.5776454+02:00" endTime="2016-08-04T09:58:58.5811483+02:00" testType="13cdc9d9-ddb5-4fa4-a97d-d965ccfc6d4b" outcome="Passed" testListId="8c84fa94-04c1-424b-9868-57a2d4851a1d" relativeResultsDirectory="bf406b2b-80f9-4c67-9827-e993c9d3fcd3">
      <Output>
        <StdOut>Debug Trace:
0: WorkflowInstance "ExecuteProgramActivity" is Started
1: Activity [null] "null" scheduled child activity [1] "ExecuteProgramActivity"
2: Activity [1] "ExecuteProgramActivity" is Executing
{
    Arguments
        Wait: False
        StdError: System.IO.MemoryStream
        ExecutableFile: c:\test.exe
        RedirectStdError: True
        Arguments: 
        RedirectStdOutput: False
        StdOutput: 
        StartDirectory: 
}
3: Activity [1] "ExecuteProgramActivity" is Faulted
{
    Arguments
        Wait: False
        StdError: System.IO.MemoryStream
        ExecutableFile: c:\test.exe
        RedirectStdError: True
        Arguments: 
        Result: 0
        RedirectStdOutput: False
        StdOutput: 
        StartDirectory: 
}
4: Fault source [1] "ExecuteProgramActivity"
5: WorkflowInstance "ExecuteProgramActivity" Unhandled Exception Source "ExecuteProgramActivity" Exception &lt;System.ArgumentException: Standard error can only be redirected when Wait is set to true!
   at System.Activities.WorkflowApplication.Invoke(Activity activity, IDictionary`2 inputs, WorkflowInstanceExtensionManager extensions, TimeSpan timeout)
   at System.Activities.WorkflowInvoker.Invoke(Activity workflow, IDictionary`2 inputs, TimeSpan timeout, WorkflowInstanceExtensionManager extensions)
   at Microsoft.Activities.UnitTesting.WorkflowInvokerTest.TestActivity(IDictionary`2 arguments, TimeSpan timeout)
   at Microsoft.Activities.UnitTesting.WorkflowInvokerTest.TestActivity(IDictionary`2 arguments)
   at UnitTests.iCore.Workflow.Activities.Misc.ExecuteProgramActivityTests.Invoke_RedirectStandardErrorEnabledAndStreamSetAndWaitIsFalse_ThrowsArgumentException() in F:\ETWork\Main\Common\Assemblies\UnitTests.iCore.Workflow.Activities\Misc\ExecuteProgramActivityTests.cs:line 316&gt;
6: WorkflowInstance "ExecuteProgramActivity" Terminated Reason "Standard error can only be redirected when Wait is set to true!"</StdOut>
      </Output>
    </UnitTestResult>
    <UnitTestResult executionId="5a6b4ed0-2154-4afa-b28e-4612ad6ce02e" testId="b06faa4e-936f-03f5-f12e-ac51ec3b76bb" testName="Invoke_AllRedirectsEnabled_Success" computerName="ICSWS068" duration="00:00:00.0054365" startTime="2016-08-04T09:58:58.5841494+02:00" endTime="2016-08-04T09:58:58.5906549+02:00" testType="13cdc9d9-ddb5-4fa4-a97d-d965ccfc6d4b" outcome="Passed" testListId="8c84fa94-04c1-424b-9868-57a2d4851a1d" relativeResultsDirectory="5a6b4ed0-2154-4afa-b28e-4612ad6ce02e">
      <Output>
        <StdOut>Debug Trace:
0: WorkflowInstance "ExecuteProgramActivity" is Started
1: Activity [null] "null" scheduled child activity [1] "ExecuteProgramActivity"
2: Activity [1] "ExecuteProgramActivity" is Executing
{
    Arguments
        Wait: True
        StdError: System.IO.MemoryStream
        ExecutableFile: c:\test.exe
        RedirectStdError: True
        Arguments: 
        RedirectStdOutput: True
        StdOutput: System.IO.MemoryStream
        StartDirectory: 
}
3: Activity [1] "ExecuteProgramActivity" is Closed
{
    Arguments
        Wait: True
        StdError: System.IO.MemoryStream
        ExecutableFile: c:\test.exe
        RedirectStdError: True
        Arguments: 
        Result: 0
        RedirectStdOutput: True
        StdOutput: System.IO.MemoryStream
        StartDirectory: 
}
4: WorkflowInstance "ExecuteProgramActivity" is Completed</StdOut>
      </Output>
    </UnitTestResult>
    <UnitTestResult executionId="439340bb-7b5a-45f1-a906-6d5c0fe9f264" testId="b8fa7aa1-3377-877d-1beb-28f962b0335a" testName="Invoke_CorrectOptionalArguments_Success" computerName="ICSWS068" duration="00:00:00.0052558" startTime="2016-08-04T09:58:58.5936768+02:00" endTime="2016-08-04T09:58:58.6001976+02:00" testType="13cdc9d9-ddb5-4fa4-a97d-d965ccfc6d4b" outcome="Passed" testListId="8c84fa94-04c1-424b-9868-57a2d4851a1d" relativeResultsDirectory="439340bb-7b5a-45f1-a906-6d5c0fe9f264">
      <Output>
        <StdOut>Debug Trace:
0: WorkflowInstance "ExecuteProgramActivity" is Started
1: Activity [null] "null" scheduled child activity [1] "ExecuteProgramActivity"
2: Activity [1] "ExecuteProgramActivity" is Executing
{
    Arguments
        Wait: True
        StdError: 
        ExecutableFile: c:\test.exe
        RedirectStdError: False
        Arguments: start -s 1
        RedirectStdOutput: False
        StdOutput: 
        StartDirectory: c:\
}
3: WorkflowInstance "ExecuteProgramActivity" is Idle
4: Activity [1] "ExecuteProgramActivity" is Closed
{
    Arguments
        Wait: True
        StdError: 
        ExecutableFile: c:\test.exe
        RedirectStdError: False
        Arguments: start -s 1
        Result: 0
        RedirectStdOutput: False
        StdOutput: 
        StartDirectory: c:\
}
5: WorkflowInstance "ExecuteProgramActivity" is Completed</StdOut>
      </Output>
    </UnitTestResult>
    <UnitTestResult executionId="548b41af-dc50-418b-9a8a-50f1bc6945b8" testId="1fdef617-27b6-d5bb-0de5-84366fa14d76" testName="Invoke_WaitIsTrue_CorrectExitCode" computerName="ICSWS068" duration="00:00:00.0054277" startTime="2016-08-04T09:58:58.6021820+02:00" endTime="2016-08-04T09:58:58.6097704+02:00" testType="13cdc9d9-ddb5-4fa4-a97d-d965ccfc6d4b" outcome="Passed" testListId="8c84fa94-04c1-424b-9868-57a2d4851a1d" relativeResultsDirectory="548b41af-dc50-418b-9a8a-50f1bc6945b8">
      <Output>
        <StdOut>Debug Trace:
0: WorkflowInstance "ExecuteProgramActivity" is Started
1: Activity [null] "null" scheduled child activity [1] "ExecuteProgramActivity"
2: Activity [1] "ExecuteProgramActivity" is Executing
{
    Arguments
        Wait: True
        StdError: 
        ExecutableFile: c:\test.exe
        RedirectStdError: False
        Arguments: 
        RedirectStdOutput: False
        StdOutput: 
        StartDirectory: 
}
3: WorkflowInstance "ExecuteProgramActivity" is Idle
4: Activity [1] "ExecuteProgramActivity" is Closed
{
    Arguments
        Wait: True
        StdError: 
        ExecutableFile: c:\test.exe
        RedirectStdError: False
        Arguments: 
        Result: 10
        RedirectStdOutput: False
        StdOutput: 
        StartDirectory: 
}
5: WorkflowInstance "ExecuteProgramActivity" is Completed</StdOut>
      </Output>
    </UnitTestResult>
    <UnitTestResult executionId="1a1d3e2e-dfa8-4d86-a210-11c7c3baa970" testId="ad7732eb-7786-a952-48e2-87051c16e28e" testName="Invoke_WaitIsFalse_ExitCodeIsZero" computerName="ICSWS068" duration="00:00:00.0050145" startTime="2016-08-04T09:58:58.6122554+02:00" endTime="2016-08-04T09:58:58.6185849+02:00" testType="13cdc9d9-ddb5-4fa4-a97d-d965ccfc6d4b" outcome="Passed" testListId="8c84fa94-04c1-424b-9868-57a2d4851a1d" relativeResultsDirectory="1a1d3e2e-dfa8-4d86-a210-11c7c3baa970">
      <Output>
        <StdOut>Debug Trace:
0: WorkflowInstance "ExecuteProgramActivity" is Started
1: Activity [null] "null" scheduled child activity [1] "ExecuteProgramActivity"
2: Activity [1] "ExecuteProgramActivity" is Executing
{
    Arguments
        Wait: False
        StdError: 
        ExecutableFile: c:\test.exe
        RedirectStdError: False
        Arguments: 
        RedirectStdOutput: False
        StdOutput: 
        StartDirectory: 
}
3: WorkflowInstance "ExecuteProgramActivity" is Idle
4: Activity [1] "ExecuteProgramActivity" is Closed
{
    Arguments
        Wait: False
        StdError: 
        ExecutableFile: c:\test.exe
        RedirectStdError: False
        Arguments: 
        Result: 0
        RedirectStdOutput: False
        StdOutput: 
        StartDirectory: 
}
5: WorkflowInstance "ExecuteProgramActivity" is Completed</StdOut>
      </Output>
    </UnitTestResult>
    <UnitTestResult executionId="fe9ddb8d-81de-489c-9056-9ef39c0c9724" testId="7fcccf3d-fbf4-e8dd-fa32-2e9ffcf7c900" testName="Invoke_ProcessStartThrows_ThrowsTestException" computerName="ICSWS068" duration="00:00:00.0030371" startTime="2016-08-04T09:58:58.6215699+02:00" endTime="2016-08-04T09:58:58.6258783+02:00" testType="13cdc9d9-ddb5-4fa4-a97d-d965ccfc6d4b" outcome="Passed" testListId="8c84fa94-04c1-424b-9868-57a2d4851a1d" relativeResultsDirectory="fe9ddb8d-81de-489c-9056-9ef39c0c9724">
      <Output>
        <StdOut>Debug Trace:
0: WorkflowInstance "ExecuteProgramActivity" is Started
1: Activity [null] "null" scheduled child activity [1] "ExecuteProgramActivity"
2: Activity [1] "ExecuteProgramActivity" is Executing
{
    Arguments
        Wait: True
        StdError: 
        ExecutableFile: c:\test.pdf
        RedirectStdError: False
        Arguments: 
        RedirectStdOutput: False
        StdOutput: 
        StartDirectory: 
}
3: WorkflowInstance "ExecuteProgramActivity" is Idle
4: Activity [1] "ExecuteProgramActivity" is Faulted
{
    Arguments
        Wait: True
        StdError: 
        ExecutableFile: c:\test.pdf
        RedirectStdError: False
        Arguments: 
        Result: 0
        RedirectStdOutput: False
        StdOutput: 
        StartDirectory: 
}
5: Fault source [1] "ExecuteProgramActivity"
6: WorkflowInstance "ExecuteProgramActivity" Unhandled Exception Source "ExecuteProgramActivity" Exception &lt;Testing.Common.TestException: Test exception

Server stack trace: 
   at Moq.MethodCall.Execute(ICallContext call)
   at Moq.ExecuteCall.HandleIntercept(ICallContext invocation, InterceptorContext ctx, CurrentInterceptContext localctx)
   at Moq.Interceptor.Intercept(ICallContext invocation)
   at Moq.Proxy.CastleProxyFactory.Interceptor.Intercept(IInvocation invocation)
   at Castle.DynamicProxy.AbstractInvocation.Proceed()
   at Castle.Proxies.IProcessProxy.Start()
   at iCore.Workflow.Activities.Misc.ExecuteProgramActivity.RunProcessImpl(ProcessStartInfo processStartInfo, Boolean wait, Stream stdOutput, Stream stdError)
   at System.Runtime.Remoting.Messaging.StackBuilderSink._PrivateProcessMessage(IntPtr md, Object[] args, Object server, Object[]&amp; outArgs)
   at System.Runtime.Remoting.Messaging.StackBuilderSink.AsyncProcessMessage(IMessage msg, IMessageSink replySink)

Exception rethrown at [0]: 
   at System.Activities.WorkflowApplication.Invoke(Activity activity, IDictionary`2 inputs, WorkflowInstanceExtensionManager extensions, TimeSpan timeout)
   at System.Activities.WorkflowInvoker.Invoke(Activity workflow, IDictionary`2 inputs, TimeSpan timeout, WorkflowInstanceExtensionManager extensions)
   at Microsoft.Activities.UnitTesting.WorkflowInvokerTest.TestActivity(IDictionary`2 arguments, TimeSpan timeout)
   at Microsoft.Activities.UnitTesting.WorkflowInvokerTest.TestActivity(IDictionary`2 arguments)
   at UnitTests.iCore.Workflow.Activities.Misc.ExecuteProgramActivityTests.Invoke_ProcessStartThrows_ThrowsTestException() in F:\ETWork\Main\Common\Assemblies\UnitTests.iCore.Workflow.Activities\Misc\ExecuteProgramActivityTests.cs:line 459&gt;
7: WorkflowInstance "ExecuteProgramActivity" Terminated Reason "Test exception"</StdOut>
      </Output>
    </UnitTestResult>
    <UnitTestResult executionId="bc4d6234-6cc3-49f4-8c44-382675dd2c0e" testId="dd749434-54b8-a1d0-c53b-51f9fe1de67a" testName="Invoke_RequiredArgumentsMissing_ThrowsArgumentException" computerName="ICSWS068" duration="00:00:00.0011272" startTime="2016-08-04T09:58:58.6283806+02:00" endTime="2016-08-04T09:58:58.6313815+02:00" testType="13cdc9d9-ddb5-4fa4-a97d-d965ccfc6d4b" outcome="Passed" testListId="8c84fa94-04c1-424b-9868-57a2d4851a1d" relativeResultsDirectory="bc4d6234-6cc3-49f4-8c44-382675dd2c0e" />
    <UnitTestResult executionId="5a0ef9cd-0605-40fe-8c89-e89c23fd03ab" testId="cbfd30ef-da81-1251-484a-b4f53497091d" testName="Invoke_DependencyThrowsOutOfMemoryException_ThrowsOutOfMemoryException" computerName="ICSWS068" duration="00:00:00.0030670" startTime="2016-08-04T09:58:58.6338832+02:00" endTime="2016-08-04T09:58:58.6383866+02:00" testType="13cdc9d9-ddb5-4fa4-a97d-d965ccfc6d4b" outcome="Passed" testListId="8c84fa94-04c1-424b-9868-57a2d4851a1d" relativeResultsDirectory="5a0ef9cd-0605-40fe-8c89-e89c23fd03ab">
      <Output>
        <StdOut>Debug Trace:
0: WorkflowInstance "ExecuteProgramActivity" is Started
1: Activity [null] "null" scheduled child activity [1] "ExecuteProgramActivity"
2: Activity [1] "ExecuteProgramActivity" is Executing
{
    Arguments
        Wait: True
        StdError: 
        ExecutableFile: c:\test.pdf
        RedirectStdError: False
        Arguments: 
        RedirectStdOutput: False
        StdOutput: 
        StartDirectory: 
}
3: WorkflowInstance "ExecuteProgramActivity" is Idle</StdOut>
      </Output>
    </UnitTestResult>
    <UnitTestResult executionId="24d185e3-2545-4ceb-8556-876f37af30b4" testId="9706b50c-2b14-0804-bce7-c6abec746f75" testName="Invoke_NormalExecution_Success" computerName="ICSWS068" duration="00:00:00.0773958" startTime="2016-08-04T09:58:58.6413886+02:00" endTime="2016-08-04T09:58:58.7203899+02:00" testType="13cdc9d9-ddb5-4fa4-a97d-d965ccfc6d4b" outcome="Passed" testListId="8c84fa94-04c1-424b-9868-57a2d4851a1d" relativeResultsDirectory="24d185e3-2545-4ceb-8556-876f37af30b4">
      <Output>
        <StdOut>Debug Trace:
0: WorkflowInstance "SendEMailActivity" is Started
1: Activity [null] "null" scheduled child activity [1] "SendEMailActivity"
2: Activity [1] "SendEMailActivity" is Executing
{
    Arguments
        DSNSegment: Message
        DSNNotify: Failure
        FromAddress: test@icore.se
        Attachments: System.Collections.Generic.List`1[System.Net.Mail.Attachment]
        Body: Test is body!
        Subject: Test
        EnvelopeId: envelopeID1
        Username: myuser
        ToAddresses: test_client1@icore.se; test_client2@icore.se
        Port: 25
        Server: smtp.icore.se
        Password: mypass1234
}
3: WorkflowInstance "SendEMailActivity" is Idle
4: Activity [1] "SendEMailActivity" is Closed
{
    Arguments
        DSNSegment: Message
        DSNNotify: Failure
        FromAddress: test@icore.se
        Attachments: System.Collections.Generic.List`1[System.Net.Mail.Attachment]
        Body: Test is body!
        Subject: Test
        EnvelopeId: envelopeID1
        Username: myuser
        ToAddresses: test_client1@icore.se; test_client2@icore.se
        Port: 25
        Server: smtp.icore.se
        Password: mypass1234
}
5: WorkflowInstance "SendEMailActivity" is Completed</StdOut>
      </Output>
    </UnitTestResult>
    <UnitTestResult executionId="cebe0334-1fe3-402f-9200-21cd7a1aa7c8" testId="25f5d90f-f295-108c-b182-5b9765d1fa5c" testName="Invoke_DSNArgumentsMissing_SuccessAndDefaultDSNUsed" computerName="ICSWS068" duration="00:00:00.0091452" startTime="2016-08-04T09:58:58.7223908+02:00" endTime="2016-08-04T09:58:58.7337572+02:00" testType="13cdc9d9-ddb5-4fa4-a97d-d965ccfc6d4b" outcome="Passed" testListId="8c84fa94-04c1-424b-9868-57a2d4851a1d" relativeResultsDirectory="cebe0334-1fe3-402f-9200-21cd7a1aa7c8">
      <Output>
        <StdOut>Debug Trace:
0: WorkflowInstance "SendEMailActivity" is Started
1: Activity [null] "null" scheduled child activity [1] "SendEMailActivity"
2: Activity [1] "SendEMailActivity" is Executing
{
    Arguments
        DSNSegment: Headers
        DSNNotify: Never
        FromAddress: test@icore.se
        Attachments: System.Collections.Generic.List`1[System.Net.Mail.Attachment]
        Body: Test is body!
        Subject: Test
        EnvelopeId: 
        Username: myuser
        ToAddresses: test_client1@icore.se; test_client2@icore.se
        Port: 25
        Server: smtp.icore.se
        Password: mypass1234
}
3: WorkflowInstance "SendEMailActivity" is Idle
4: Activity [1] "SendEMailActivity" is Closed
{
    Arguments
        DSNSegment: Headers
        DSNNotify: Never
        FromAddress: test@icore.se
        Attachments: System.Collections.Generic.List`1[System.Net.Mail.Attachment]
        Body: Test is body!
        Subject: Test
        EnvelopeId: 
        Username: myuser
        ToAddresses: test_client1@icore.se; test_client2@icore.se
        Port: 25
        Server: smtp.icore.se
        Password: mypass1234
}
5: WorkflowInstance "SendEMailActivity" is Completed</StdOut>
      </Output>
    </UnitTestResult>
    <UnitTestResult executionId="7b6c286c-00d1-4d3b-8920-f083ae763356" testId="45f9c19f-b19f-874c-437b-d2b3d71a73f9" testName="Invoke_ToAddressesBadlyFormatted_Success" computerName="ICSWS068" duration="00:00:00.0085675" startTime="2016-08-04T09:58:58.7367589+02:00" endTime="2016-08-04T09:58:58.7462646+02:00" testType="13cdc9d9-ddb5-4fa4-a97d-d965ccfc6d4b" outcome="Passed" testListId="8c84fa94-04c1-424b-9868-57a2d4851a1d" relativeResultsDirectory="7b6c286c-00d1-4d3b-8920-f083ae763356">
      <Output>
        <StdOut>Debug Trace:
0: WorkflowInstance "SendEMailActivity" is Started
1: Activity [null] "null" scheduled child activity [1] "SendEMailActivity"
2: Activity [1] "SendEMailActivity" is Executing
{
    Arguments
        DSNSegment: Headers
        DSNNotify: Never
        FromAddress: test@icore.se
        Attachments: System.Collections.Generic.List`1[System.Net.Mail.Attachment]
        Body: Test is body!
        Subject: Test
        EnvelopeId: 
        Username: myuser
        ToAddresses:  test_client1@icore.se ; test_client2@icore.se;;
        Port: 25
        Server: smtp.icore.se
        Password: mypass1234
}
3: WorkflowInstance "SendEMailActivity" is Idle
4: Activity [1] "SendEMailActivity" is Closed
{
    Arguments
        DSNSegment: Headers
        DSNNotify: Never
        FromAddress: test@icore.se
        Attachments: System.Collections.Generic.List`1[System.Net.Mail.Attachment]
        Body: Test is body!
        Subject: Test
        EnvelopeId: 
        Username: myuser
        ToAddresses:  test_client1@icore.se ; test_client2@icore.se;;
        Port: 25
        Server: smtp.icore.se
        Password: mypass1234
}
5: WorkflowInstance "SendEMailActivity" is Completed</StdOut>
      </Output>
    </UnitTestResult>
    <UnitTestResult executionId="e7b4c87e-b5cc-4fff-9bc2-f86e9ab06613" testId="b3dcbb22-4599-206b-7f57-16fd630cd3f9" testName="Invoke_NoAttachments_Success" computerName="ICSWS068" duration="00:00:00.0081349" startTime="2016-08-04T09:58:58.7492666+02:00" endTime="2016-08-04T09:58:58.7587761+02:00" testType="13cdc9d9-ddb5-4fa4-a97d-d965ccfc6d4b" outcome="Passed" testListId="8c84fa94-04c1-424b-9868-57a2d4851a1d" relativeResultsDirectory="e7b4c87e-b5cc-4fff-9bc2-f86e9ab06613">
      <Output>
        <StdOut>Debug Trace:
0: WorkflowInstance "SendEMailActivity" is Started
1: Activity [null] "null" scheduled child activity [1] "SendEMailActivity"
2: Activity [1] "SendEMailActivity" is Executing
{
    Arguments
        DSNSegment: Headers
        DSNNotify: Never
        FromAddress: test@icore.se
        Attachments: 
        Body: Test is body!
        Subject: Test
        EnvelopeId: 
        Username: myuser
        ToAddresses: test_client1@icore.se; test_client2@icore.se
        Port: 25
        Server: smtp.icore.se
        Password: mypass1234
}
3: WorkflowInstance "SendEMailActivity" is Idle
4: Activity [1] "SendEMailActivity" is Closed
{
    Arguments
        DSNSegment: Headers
        DSNNotify: Never
        FromAddress: test@icore.se
        Attachments: 
        Body: Test is body!
        Subject: Test
        EnvelopeId: 
        Username: myuser
        ToAddresses: test_client1@icore.se; test_client2@icore.se
        Port: 25
        Server: smtp.icore.se
        Password: mypass1234
}
5: WorkflowInstance "SendEMailActivity" is Completed</StdOut>
      </Output>
    </UnitTestResult>
    <UnitTestResult executionId="4dece669-2e48-4aef-a7f6-2f1d69033d71" testId="03cdf676-b539-dcb8-bddd-436560edc044" testName="Invoke_WrongConnectionArguments_ThrowsTestException" computerName="ICSWS068" duration="00:00:00.0057646" startTime="2016-08-04T09:58:58.7622784+02:00" endTime="2016-08-04T09:58:58.7692829+02:00" testType="13cdc9d9-ddb5-4fa4-a97d-d965ccfc6d4b" outcome="Passed" testListId="8c84fa94-04c1-424b-9868-57a2d4851a1d" relativeResultsDirectory="4dece669-2e48-4aef-a7f6-2f1d69033d71">
      <Output>
        <StdOut>Debug Trace:
0: WorkflowInstance "SendEMailActivity" is Started
1: Activity [null] "null" scheduled child activity [1] "SendEMailActivity"
2: Activity [1] "SendEMailActivity" is Executing
{
    Arguments
        DSNSegment: Headers
        DSNNotify: Never
        FromAddress: test@icore.se
        Attachments: System.Collections.Generic.List`1[System.Net.Mail.Attachment]
        Body: Test is body!
        Subject: Test
        EnvelopeId: 
        Username: myuser
        ToAddresses: test_client1@icore.se; test_client2@icore.se
        Port: 25
        Server: wrong
        Password: mypass1234
}
3: WorkflowInstance "SendEMailActivity" is Idle
4: Activity [1] "SendEMailActivity" is Faulted
{
    Arguments
        DSNSegment: Headers
        DSNNotify: Never
        FromAddress: test@icore.se
        Attachments: System.Collections.Generic.List`1[System.Net.Mail.Attachment]
        Body: Test is body!
        Subject: Test
        EnvelopeId: 
        Username: myuser
        ToAddresses: test_client1@icore.se; test_client2@icore.se
        Port: 25
        Server: wrong
        Password: mypass1234
}
5: Fault source [1] "SendEMailActivity"
6: WorkflowInstance "SendEMailActivity" Unhandled Exception Source "SendEMailActivity" Exception &lt;Testing.Common.TestException: Test exception
   at System.Activities.WorkflowApplication.Invoke(Activity activity, IDictionary`2 inputs, WorkflowInstanceExtensionManager extensions, TimeSpan timeout)
   at System.Activities.WorkflowInvoker.Invoke(Activity workflow, IDictionary`2 inputs, TimeSpan timeout, WorkflowInstanceExtensionManager extensions)
   at Microsoft.Activities.UnitTesting.WorkflowInvokerTest.TestActivity(IDictionary`2 arguments, TimeSpan timeout)
   at Microsoft.Activities.UnitTesting.WorkflowInvokerTest.TestActivity(IDictionary`2 arguments)
   at UnitTests.iCore.Workflow.Activities.Misc.SendEMailActivityTests.Invoke_WrongConnectionArguments_ThrowsTestException() in F:\ETWork\Main\Common\Assemblies\UnitTests.iCore.Workflow.Activities\Misc\SendEMailActivityTests.cs:line 359&gt;
7: WorkflowInstance "SendEMailActivity" Terminated Reason "Test exception"</StdOut>
      </Output>
    </UnitTestResult>
    <UnitTestResult executionId="c8d09e0f-b8f3-4d68-8ddf-feaf8c783b8b" testId="91179e17-dd49-eb57-27f0-73eb102b314a" testName="Invoke_WrongMessageArguments_ThrowsTestException" computerName="ICSWS068" duration="00:00:00.0061957" startTime="2016-08-04T09:58:58.7718031+02:00" endTime="2016-08-04T09:58:58.7795757+02:00" testType="13cdc9d9-ddb5-4fa4-a97d-d965ccfc6d4b" outcome="Passed" testListId="8c84fa94-04c1-424b-9868-57a2d4851a1d" relativeResultsDirectory="c8d09e0f-b8f3-4d68-8ddf-feaf8c783b8b">
      <Output>
        <StdOut>Debug Trace:
0: WorkflowInstance "SendEMailActivity" is Started
1: Activity [null] "null" scheduled child activity [1] "SendEMailActivity"
2: Activity [1] "SendEMailActivity" is Executing
{
    Arguments
        DSNSegment: Headers
        DSNNotify: Never
        FromAddress: test@icore.se
        Attachments: System.Collections.Generic.List`1[System.Net.Mail.Attachment]
        Body: Test is body!
        Subject: Test
        EnvelopeId: 
        Username: myuser
        ToAddresses: 
        Port: 25
        Server: smtp.icore.se
        Password: mypass1234
}
3: WorkflowInstance "SendEMailActivity" is Idle
4: Activity [1] "SendEMailActivity" is Faulted
{
    Arguments
        DSNSegment: Headers
        DSNNotify: Never
        FromAddress: test@icore.se
        Attachments: System.Collections.Generic.List`1[System.Net.Mail.Attachment]
        Body: Test is body!
        Subject: Test
        EnvelopeId: 
        Username: myuser
        ToAddresses: 
        Port: 25
        Server: smtp.icore.se
        Password: mypass1234
}
5: Fault source [1] "SendEMailActivity"
6: WorkflowInstance "SendEMailActivity" Unhandled Exception Source "SendEMailActivity" Exception &lt;Testing.Common.TestException: Test exception
   at System.Activities.WorkflowApplication.Invoke(Activity activity, IDictionary`2 inputs, WorkflowInstanceExtensionManager extensions, TimeSpan timeout)
   at System.Activities.WorkflowInvoker.Invoke(Activity workflow, IDictionary`2 inputs, TimeSpan timeout, WorkflowInstanceExtensionManager extensions)
   at Microsoft.Activities.UnitTesting.WorkflowInvokerTest.TestActivity(IDictionary`2 arguments, TimeSpan timeout)
   at Microsoft.Activities.UnitTesting.WorkflowInvokerTest.TestActivity(IDictionary`2 arguments)
   at UnitTests.iCore.Workflow.Activities.Misc.SendEMailActivityTests.Invoke_WrongMessageArguments_ThrowsTestException() in F:\ETWork\Main\Common\Assemblies\UnitTests.iCore.Workflow.Activities\Misc\SendEMailActivityTests.cs:line 404&gt;
7: WorkflowInstance "SendEMailActivity" Terminated Reason "Test exception"</StdOut>
      </Output>
    </UnitTestResult>
    <UnitTestResult executionId="aab2d0ba-8a25-4ec2-860c-ec413ea8ac08" testId="c017956a-6796-025f-42d7-b6adb1a6b3c4" testName="Invoke_RequiredInArgumentIsMissing_UnhandledArgumentException" computerName="ICSWS068" duration="00:00:00.0011087" startTime="2016-08-04T09:58:58.7820625+02:00" endTime="2016-08-04T09:58:58.7845824+02:00" testType="13cdc9d9-ddb5-4fa4-a97d-d965ccfc6d4b" outcome="Passed" testListId="8c84fa94-04c1-424b-9868-57a2d4851a1d" relativeResultsDirectory="aab2d0ba-8a25-4ec2-860c-ec413ea8ac08" />
    <UnitTestResult executionId="47da8845-87e6-4a90-b0b3-2fbf885e2e9a" testId="1fccce28-5d1f-c8bd-b423-cdff146ba51f" testName="Construction_NoArgs_Success" computerName="ICSWS068" duration="00:00:00.0014788" startTime="2016-08-04T09:58:58.7870853+02:00" endTime="2016-08-04T09:58:58.7905714+02:00" testType="13cdc9d9-ddb5-4fa4-a97d-d965ccfc6d4b" outcome="Passed" testListId="8c84fa94-04c1-424b-9868-57a2d4851a1d" relativeResultsDirectory="47da8845-87e6-4a90-b0b3-2fbf885e2e9a" />
    <UnitTestResult executionId="3a1d5064-8fba-44c3-9704-fe05022f8162" testId="e7c85f26-9d11-f293-cac1-7d5b62a53ae2" testName="Invoke_AllRequiredArgsSet_ZipOperationCalled" computerName="ICSWS068" duration="00:00:00.0109727" startTime="2016-08-04T09:58:58.7940731+02:00" endTime="2016-08-04T09:58:58.8065882+02:00" testType="13cdc9d9-ddb5-4fa4-a97d-d965ccfc6d4b" outcome="Passed" testListId="8c84fa94-04c1-424b-9868-57a2d4851a1d" relativeResultsDirectory="3a1d5064-8fba-44c3-9704-fe05022f8162">
      <Output>
        <StdOut>Debug Trace:
0: WorkflowInstance "ZipActivity" is Started
1: Activity [null] "null" scheduled child activity [1] "ZipActivity"
2: Activity [1] "ZipActivity" is Executing
{
    Arguments
        Overwrite: False
        AppendToArchive: True
        CompressionLevel: 3
        FilesToAdd: C:\Temp\*.txt
        Encryption: NoEncryption
        Password: 
        PreservePath: True
        IncludeSubDir: True
        Archive: System.IO.MemoryStream
}
3: WorkflowInstance "ZipActivity" is Idle
4: Activity [1] "ZipActivity" is Closed
{
    Arguments
        Overwrite: False
        AppendToArchive: True
        CompressionLevel: 3
        FilesToAdd: C:\Temp\*.txt
        Encryption: NoEncryption
        Password: 
        PreservePath: True
        IncludeSubDir: True
        Archive: System.IO.MemoryStream
}
5: WorkflowInstance "ZipActivity" is Completed</StdOut>
      </Output>
    </UnitTestResult>
    <UnitTestResult executionId="367da414-b172-40dd-a650-363938e4f150" testId="de7eaef1-a575-72fd-4c1c-7c606128a711" testName="Invoke_AsyncTaskFaults_ThrowsTestException" computerName="ICSWS068" duration="00:00:00.0050957" startTime="2016-08-04T09:58:58.8096045+02:00" endTime="2016-08-04T09:58:58.8161121+02:00" testType="13cdc9d9-ddb5-4fa4-a97d-d965ccfc6d4b" outcome="Passed" testListId="8c84fa94-04c1-424b-9868-57a2d4851a1d" relativeResultsDirectory="367da414-b172-40dd-a650-363938e4f150">
      <Output>
        <StdOut>Debug Trace:
0: WorkflowInstance "ZipActivity" is Started
1: Activity [null] "null" scheduled child activity [1] "ZipActivity"
2: Activity [1] "ZipActivity" is Executing
{
    Arguments
        Overwrite: False
        AppendToArchive: True
        CompressionLevel: 3
        FilesToAdd: C:\Temp\*.txt
        Encryption: NoEncryption
        Password: 
        PreservePath: True
        IncludeSubDir: True
        Archive: System.IO.MemoryStream
}
3: Activity [1] "ZipActivity" is Faulted
{
    Arguments
        Overwrite: False
        AppendToArchive: True
        CompressionLevel: 3
        FilesToAdd: C:\Temp\*.txt
        Encryption: NoEncryption
        Password: 
        PreservePath: True
        IncludeSubDir: True
        Archive: System.IO.MemoryStream
}
4: Fault source [1] "ZipActivity"
5: WorkflowInstance "ZipActivity" Unhandled Exception Source "ZipActivity" Exception &lt;Testing.Common.TestException: Test exception
   at Tests.iCore.Common.Activities.UnitTestActivityBase.WaitForCompletion() in F:\ETWork\Main\Testing\Assemblies\Tests.iCore.Common.Activities\UnitTestActivityBase.cs:line 129
   at Tests.iCore.Common.Activities.UnitTestActivityBase.RunAndWaitForCompletion() in F:\ETWork\Main\Testing\Assemblies\Tests.iCore.Common.Activities\UnitTestActivityBase.cs:line 113
   at UnitTests.iCore.Workflow.Activities.Misc.ZipActivityTests.Invoke_AsyncTaskFaults_ThrowsTestException() in F:\ETWork\Main\Common\Assemblies\UnitTests.iCore.Workflow.Activities\Misc\ZipActivityTests.cs:line 111&gt;
6: WorkflowInstance Aborted [ZipActivity] Reason "Test exception"</StdOut>
      </Output>
    </UnitTestResult>
    <UnitTestResult executionId="81625d03-516b-4d8f-95fd-3e411c0b20e8" testId="7b014ba8-a5d1-d34d-b6a4-143d7b7e8727" testName="Invoke_ActivityCancelled_TaskIsCancelled" computerName="ICSWS068" duration="00:00:00.0048042" startTime="2016-08-04T09:58:58.8186144+02:00" endTime="2016-08-04T09:58:58.8250008+02:00" testType="13cdc9d9-ddb5-4fa4-a97d-d965ccfc6d4b" outcome="Passed" testListId="8c84fa94-04c1-424b-9868-57a2d4851a1d" relativeResultsDirectory="81625d03-516b-4d8f-95fd-3e411c0b20e8">
      <Output>
        <StdOut>Debug Trace:
Task: Asynchronous work started
Task: Awaiting cancellation
Task: Asynchronous work cancelled
0: WorkflowInstance "ZipActivity" is Started
1: Activity [null] "null" scheduled child activity [1] "ZipActivity"
2: Activity [1] "ZipActivity" is Executing
{
    Arguments
        Overwrite: False
        AppendToArchive: True
        CompressionLevel: 3
        FilesToAdd: C:\Temp\*.txt
        Encryption: NoEncryption
        Password: 
        PreservePath: True
        IncludeSubDir: True
        Archive: System.IO.MemoryStream
}
3: WorkflowInstance "ZipActivity" is Idle
4: Host requests cancel of activity [1] "ZipActivity"
5: WorkflowInstance "ZipActivity" is Idle
6: Activity [1] "ZipActivity" is Closed
{
    Arguments
        Overwrite: False
        AppendToArchive: True
        CompressionLevel: 3
        FilesToAdd: C:\Temp\*.txt
        Encryption: NoEncryption
        Password: 
        PreservePath: True
        IncludeSubDir: True
        Archive: System.IO.MemoryStream
}
7: WorkflowInstance "ZipActivity" is Completed</StdOut>
      </Output>
    </UnitTestResult>
    <UnitTestResult executionId="9063a602-ea4f-4fb9-ba1d-e7384c031c4d" testId="140807b3-feef-0813-3c69-2397ad79c7ec" testName="Invoke_ValidArgs_ArchiveNotClosedOnReturn" computerName="ICSWS068" duration="00:00:00.0037996" startTime="2016-08-04T09:58:58.8275195+02:00" endTime="2016-08-04T09:58:58.8330065+02:00" testType="13cdc9d9-ddb5-4fa4-a97d-d965ccfc6d4b" outcome="Passed" testListId="8c84fa94-04c1-424b-9868-57a2d4851a1d" relativeResultsDirectory="9063a602-ea4f-4fb9-ba1d-e7384c031c4d">
      <Output>
        <StdOut>Debug Trace:
0: WorkflowInstance "ZipActivity" is Started
1: Activity [null] "null" scheduled child activity [1] "ZipActivity"
2: Activity [1] "ZipActivity" is Executing
{
    Arguments
        Overwrite: False
        AppendToArchive: True
        CompressionLevel: 3
        FilesToAdd: C:\Temp\*.txt
        Encryption: NoEncryption
        Password: 
        PreservePath: True
        IncludeSubDir: True
        Archive: System.IO.MemoryStream
}
3: Activity [1] "ZipActivity" is Closed
{
    Arguments
        Overwrite: False
        AppendToArchive: True
        CompressionLevel: 3
        FilesToAdd: C:\Temp\*.txt
        Encryption: NoEncryption
        Password: 
        PreservePath: True
        IncludeSubDir: True
        Archive: System.IO.MemoryStream
}
4: WorkflowInstance "ZipActivity" is Completed</StdOut>
      </Output>
    </UnitTestResult>
    <UnitTestResult executionId="72162ff9-625e-46f2-a159-2f81c80500ab" testId="ebccbfb2-f307-ef09-e336-b82ce55f041c" testName="Invoke_AppendToArchiveFalse_ZipMethodCalledWithAppendToArchiveSetToFalse" computerName="ICSWS068" duration="00:00:00.0062807" startTime="2016-08-04T09:58:58.8355082+02:00" endTime="2016-08-04T09:58:58.8430145+02:00" testType="13cdc9d9-ddb5-4fa4-a97d-d965ccfc6d4b" outcome="Passed" testListId="8c84fa94-04c1-424b-9868-57a2d4851a1d" relativeResultsDirectory="72162ff9-625e-46f2-a159-2f81c80500ab">
      <Output>
        <StdOut>Debug Trace:
0: WorkflowInstance "ZipActivity" is Started
1: Activity [null] "null" scheduled child activity [1] "ZipActivity"
2: Activity [1] "ZipActivity" is Executing
{
    Arguments
        Overwrite: False
        AppendToArchive: False
        CompressionLevel: 3
        FilesToAdd: C:\Temp\*.txt
        Encryption: NoEncryption
        Password: 
        PreservePath: True
        IncludeSubDir: True
        Archive: System.IO.MemoryStream
}
3: Activity [1] "ZipActivity" is Closed
{
    Arguments
        Overwrite: False
        AppendToArchive: False
        CompressionLevel: 3
        FilesToAdd: C:\Temp\*.txt
        Encryption: NoEncryption
        Password: 
        PreservePath: True
        IncludeSubDir: True
        Archive: System.IO.MemoryStream
}
4: WorkflowInstance "ZipActivity" is Completed</StdOut>
      </Output>
    </UnitTestResult>
    <UnitTestResult executionId="3ef192d3-e197-434f-b382-e3ba4b3335ec" testId="a69ccea1-1c67-d6d4-14e8-ae5b6b9447b6" testName="Invoke_AppendToArchiveTrue_ZipMethodCalledWithAppendToArchiveSetToTrue" computerName="ICSWS068" duration="00:00:00.0057913" startTime="2016-08-04T09:58:58.8455163+02:00" endTime="2016-08-04T09:58:58.8525220+02:00" testType="13cdc9d9-ddb5-4fa4-a97d-d965ccfc6d4b" outcome="Passed" testListId="8c84fa94-04c1-424b-9868-57a2d4851a1d" relativeResultsDirectory="3ef192d3-e197-434f-b382-e3ba4b3335ec">
      <Output>
        <StdOut>Debug Trace:
0: WorkflowInstance "ZipActivity" is Started
1: Activity [null] "null" scheduled child activity [1] "ZipActivity"
2: Activity [1] "ZipActivity" is Executing
{
    Arguments
        Overwrite: False
        AppendToArchive: True
        CompressionLevel: 3
        FilesToAdd: C:\Temp\*.txt
        Encryption: NoEncryption
        Password: 
        PreservePath: True
        IncludeSubDir: True
        Archive: System.IO.MemoryStream
}
3: Activity [1] "ZipActivity" is Closed
{
    Arguments
        Overwrite: False
        AppendToArchive: True
        CompressionLevel: 3
        FilesToAdd: C:\Temp\*.txt
        Encryption: NoEncryption
        Password: 
        PreservePath: True
        IncludeSubDir: True
        Archive: System.IO.MemoryStream
}
4: WorkflowInstance "ZipActivity" is Completed</StdOut>
      </Output>
    </UnitTestResult>
    <UnitTestResult executionId="93c53e8f-50a7-43c1-aea1-bc27aa66973c" testId="0c017d2b-3263-3379-2c35-b9d5462fe5ad" testName="InvokeActivity_NormalExecution_Success" computerName="ICSWS068" duration="00:00:00.0083165" startTime="2016-08-04T09:58:58.8556035+02:00" endTime="2016-08-04T09:58:58.8651265+02:00" testType="13cdc9d9-ddb5-4fa4-a97d-d965ccfc6d4b" outcome="Passed" testListId="8c84fa94-04c1-424b-9868-57a2d4851a1d" relativeResultsDirectory="93c53e8f-50a7-43c1-aea1-bc27aa66973c" />
    <UnitTestResult executionId="37f4496b-ed7c-4c06-83f8-dcf03e7a5fc4" testId="6282ba05-c31f-d83e-5dee-9c38bbf6c853" testName="InvokeActivity_OnlyRequiredArgumentsSet_Success" computerName="ICSWS068" duration="00:00:00.0024005" startTime="2016-08-04T09:58:58.8676297+02:00" endTime="2016-08-04T09:58:58.8716158+02:00" testType="13cdc9d9-ddb5-4fa4-a97d-d965ccfc6d4b" outcome="Passed" testListId="8c84fa94-04c1-424b-9868-57a2d4851a1d" relativeResultsDirectory="37f4496b-ed7c-4c06-83f8-dcf03e7a5fc4" />
    <UnitTestResult executionId="c191aad8-13f3-4fa2-8ab1-0ca42f038cc1" testId="e001606a-e72e-dc1b-6877-e7302f6aad3d" testName="InvokeActivity_NonExistentCrossReference_ThrowsTestException" computerName="ICSWS068" duration="00:00:00.0038010" startTime="2016-08-04T09:58:58.8741205+02:00" endTime="2016-08-04T09:58:58.8796236+02:00" testType="13cdc9d9-ddb5-4fa4-a97d-d965ccfc6d4b" outcome="Passed" testListId="8c84fa94-04c1-424b-9868-57a2d4851a1d" relativeResultsDirectory="c191aad8-13f3-4fa2-8ab1-0ca42f038cc1" />
    <UnitTestResult executionId="68ef1b5b-a3e2-46c5-964a-8cab68a33bde" testId="4ae9cf15-d0e9-28f8-c094-b1598a7dbf75" testName="InvokeActivity_RequiredArgumentsNotSet_ThrowsArgumentException" computerName="ICSWS068" duration="00:00:00.0022797" startTime="2016-08-04T09:58:58.8821271+02:00" endTime="2016-08-04T09:58:58.8857291+02:00" testType="13cdc9d9-ddb5-4fa4-a97d-d965ccfc6d4b" outcome="Passed" testListId="8c84fa94-04c1-424b-9868-57a2d4851a1d" relativeResultsDirectory="68ef1b5b-a3e2-46c5-964a-8cab68a33bde" />
    <UnitTestResult executionId="bdb1cb8d-b109-498a-9832-ee4d018fb595" testId="6b11602e-4a4f-3712-40ae-ebc5e5933b50" testName="Invoke_DefaultArguments_ValidExecution" computerName="ICSWS068" duration="00:00:00.0092390" startTime="2016-08-04T09:58:58.8882176+02:00" endTime="2016-08-04T09:58:58.8987432+02:00" testType="13cdc9d9-ddb5-4fa4-a97d-d965ccfc6d4b" outcome="Passed" testListId="8c84fa94-04c1-424b-9868-57a2d4851a1d" relativeResultsDirectory="bdb1cb8d-b109-498a-9832-ee4d018fb595">
      <Output>
        <StdOut>Debug Trace:
0: WorkflowInstance "AddNodeRelationActivity" is Started
1: Activity [null] "null" scheduled child activity [1] "AddNodeRelationActivity"
2: Activity [1] "AddNodeRelationActivity" is Executing
{
    Arguments
        ChildNodeId: -1
        ParentNodeId: -1
        AssociatedNodeId: -1
        NodeId: 1
}
3: WorkflowInstance "AddNodeRelationActivity" is Idle
4: Activity [1] "AddNodeRelationActivity" is Closed
{
    Arguments
        ChildNodeId: -1
        ParentNodeId: -1
        AssociatedNodeId: -1
        NodeId: 1
}
5: WorkflowInstance "AddNodeRelationActivity" is Completed</StdOut>
      </Output>
    </UnitTestResult>
    <UnitTestResult executionId="b0bf1455-cd0e-40ff-9bec-04bbda700741" testId="baf25303-3e3d-c44b-9be8-5ead8b98757e" testName="Invoke_ParentRelationSet_ValidExecution" computerName="ICSWS068" duration="00:00:00.0054494" startTime="2016-08-04T09:58:58.9012282+02:00" endTime="2016-08-04T09:58:58.9082369+02:00" testType="13cdc9d9-ddb5-4fa4-a97d-d965ccfc6d4b" outcome="Passed" testListId="8c84fa94-04c1-424b-9868-57a2d4851a1d" relativeResultsDirectory="b0bf1455-cd0e-40ff-9bec-04bbda700741">
      <Output>
        <StdOut>Debug Trace:
0: WorkflowInstance "AddNodeRelationActivity" is Started
1: Activity [null] "null" scheduled child activity [1] "AddNodeRelationActivity"
2: Activity [1] "AddNodeRelationActivity" is Executing
{
    Arguments
        ChildNodeId: -1
        ParentNodeId: 2
        AssociatedNodeId: -1
        NodeId: 1
}
3: WorkflowInstance "AddNodeRelationActivity" is Idle
4: Activity [1] "AddNodeRelationActivity" is Closed
{
    Arguments
        ChildNodeId: -1
        ParentNodeId: 2
        AssociatedNodeId: -1
        NodeId: 1
}
5: WorkflowInstance "AddNodeRelationActivity" is Completed</StdOut>
      </Output>
    </UnitTestResult>
    <UnitTestResult executionId="b9a06e38-6bf0-4aff-92f2-aae24e778985" testId="74ca76f5-e157-e887-3f4d-5126eaa4f411" testName="Invoke_ChildRelationSet_ValidExecution" computerName="ICSWS068" duration="00:00:00.0047866" startTime="2016-08-04T09:58:58.9112553+02:00" endTime="2016-08-04T09:58:58.9172447+02:00" testType="13cdc9d9-ddb5-4fa4-a97d-d965ccfc6d4b" outcome="Passed" testListId="8c84fa94-04c1-424b-9868-57a2d4851a1d" relativeResultsDirectory="b9a06e38-6bf0-4aff-92f2-aae24e778985">
      <Output>
        <StdOut>Debug Trace:
0: WorkflowInstance "AddNodeRelationActivity" is Started
1: Activity [null] "null" scheduled child activity [1] "AddNodeRelationActivity"
2: Activity [1] "AddNodeRelationActivity" is Executing
{
    Arguments
        ChildNodeId: 3
        ParentNodeId: -1
        AssociatedNodeId: -1
        NodeId: 1
}
3: WorkflowInstance "AddNodeRelationActivity" is Idle
4: Activity [1] "AddNodeRelationActivity" is Closed
{
    Arguments
        ChildNodeId: 3
        ParentNodeId: -1
        AssociatedNodeId: -1
        NodeId: 1
}
5: WorkflowInstance "AddNodeRelationActivity" is Completed</StdOut>
      </Output>
    </UnitTestResult>
    <UnitTestResult executionId="8a988b46-d23e-4c05-a558-277a440e092a" testId="4d808c6e-6643-f22f-71ec-598331ab11aa" testName="Invoke_AssociatedNodeRelationSet_ValidExecution" computerName="ICSWS068" duration="00:00:00.0050051" startTime="2016-08-04T09:58:58.9202461+02:00" endTime="2016-08-04T09:58:58.9287515+02:00" testType="13cdc9d9-ddb5-4fa4-a97d-d965ccfc6d4b" outcome="Passed" testListId="8c84fa94-04c1-424b-9868-57a2d4851a1d" relativeResultsDirectory="8a988b46-d23e-4c05-a558-277a440e092a">
      <Output>
        <StdOut>Debug Trace:
0: WorkflowInstance "AddNodeRelationActivity" is Started
1: Activity [null] "null" scheduled child activity [1] "AddNodeRelationActivity"
2: Activity [1] "AddNodeRelationActivity" is Executing
{
    Arguments
        ChildNodeId: -1
        ParentNodeId: -1
        AssociatedNodeId: 4
        NodeId: 1
}
3: WorkflowInstance "AddNodeRelationActivity" is Idle
4: Activity [1] "AddNodeRelationActivity" is Closed
{
    Arguments
        ChildNodeId: -1
        ParentNodeId: -1
        AssociatedNodeId: 4
        NodeId: 1
}
5: WorkflowInstance "AddNodeRelationActivity" is Completed</StdOut>
      </Output>
    </UnitTestResult>
    <UnitTestResult executionId="17d0e790-e9ef-4bef-bbf3-a8a289c9dd60" testId="826b398d-915e-97f2-21eb-a1e9ff7454b5" testName="Invoke_ParentAndChildRelationSet_ParentAdded" computerName="ICSWS068" duration="00:00:00.0042245" startTime="2016-08-04T09:58:58.9317535+02:00" endTime="2016-08-04T09:58:58.9372739+02:00" testType="13cdc9d9-ddb5-4fa4-a97d-d965ccfc6d4b" outcome="Passed" testListId="8c84fa94-04c1-424b-9868-57a2d4851a1d" relativeResultsDirectory="17d0e790-e9ef-4bef-bbf3-a8a289c9dd60">
      <Output>
        <StdOut>Debug Trace:
0: WorkflowInstance "AddNodeRelationActivity" is Started
1: Activity [null] "null" scheduled child activity [1] "AddNodeRelationActivity"
2: Activity [1] "AddNodeRelationActivity" is Executing
{
    Arguments
        ChildNodeId: 3
        ParentNodeId: 2
        AssociatedNodeId: -1
        NodeId: 1
}
3: WorkflowInstance "AddNodeRelationActivity" is Idle
4: Activity [1] "AddNodeRelationActivity" is Closed
{
    Arguments
        ChildNodeId: 3
        ParentNodeId: 2
        AssociatedNodeId: -1
        NodeId: 1
}
5: WorkflowInstance "AddNodeRelationActivity" is Completed</StdOut>
      </Output>
    </UnitTestResult>
    <UnitTestResult executionId="483e716d-b4b7-4c07-a6b0-9046f4df9e11" testId="7ef62f46-1a59-110e-9cb1-661818b5a20c" testName="Invoke_ParentAndChildRelationSet_ChildRelationAdded" computerName="ICSWS068" duration="00:00:00.0047004" startTime="2016-08-04T09:58:58.9397759+02:00" endTime="2016-08-04T09:58:58.9457641+02:00" testType="13cdc9d9-ddb5-4fa4-a97d-d965ccfc6d4b" outcome="Passed" testListId="8c84fa94-04c1-424b-9868-57a2d4851a1d" relativeResultsDirectory="483e716d-b4b7-4c07-a6b0-9046f4df9e11">
      <Output>
        <StdOut>Debug Trace:
0: WorkflowInstance "AddNodeRelationActivity" is Started
1: Activity [null] "null" scheduled child activity [1] "AddNodeRelationActivity"
2: Activity [1] "AddNodeRelationActivity" is Executing
{
    Arguments
        ChildNodeId: 3
        ParentNodeId: 2
        AssociatedNodeId: -1
        NodeId: 1
}
3: WorkflowInstance "AddNodeRelationActivity" is Idle
4: Activity [1] "AddNodeRelationActivity" is Closed
{
    Arguments
        ChildNodeId: 3
        ParentNodeId: 2
        AssociatedNodeId: -1
        NodeId: 1
}
5: WorkflowInstance "AddNodeRelationActivity" is Completed</StdOut>
      </Output>
    </UnitTestResult>
    <UnitTestResult executionId="0cd46725-8ce4-4d76-a4e8-e56e34b6a201" testId="9db91cc8-f8e6-920b-29c7-c119b19b061e" testName="Invoke_ParentAndAssociatedRelationSet_ParentAdded" computerName="ICSWS068" duration="00:00:00.0043418" startTime="2016-08-04T09:58:58.9492658+02:00" endTime="2016-08-04T09:58:58.9547906+02:00" testType="13cdc9d9-ddb5-4fa4-a97d-d965ccfc6d4b" outcome="Passed" testListId="8c84fa94-04c1-424b-9868-57a2d4851a1d" relativeResultsDirectory="0cd46725-8ce4-4d76-a4e8-e56e34b6a201">
      <Output>
        <StdOut>Debug Trace:
0: WorkflowInstance "AddNodeRelationActivity" is Started
1: Activity [null] "null" scheduled child activity [1] "AddNodeRelationActivity"
2: Activity [1] "AddNodeRelationActivity" is Executing
{
    Arguments
        ChildNodeId: -1
        ParentNodeId: 2
        AssociatedNodeId: 4
        NodeId: 1
}
3: WorkflowInstance "AddNodeRelationActivity" is Idle
4: Activity [1] "AddNodeRelationActivity" is Closed
{
    Arguments
        ChildNodeId: -1
        ParentNodeId: 2
        AssociatedNodeId: 4
        NodeId: 1
}
5: WorkflowInstance "AddNodeRelationActivity" is Completed</StdOut>
      </Output>
    </UnitTestResult>
    <UnitTestResult executionId="59f35efb-8cb0-4960-b6ac-0ad0267d845d" testId="df7166d6-a533-3099-d6e8-d42206043b22" testName="Invoke_ParentAndAssociatedRelationSet_AssociationAdded" computerName="ICSWS068" duration="00:00:00.0043708" startTime="2016-08-04T09:58:58.9572756+02:00" endTime="2016-08-04T09:58:58.9632855+02:00" testType="13cdc9d9-ddb5-4fa4-a97d-d965ccfc6d4b" outcome="Passed" testListId="8c84fa94-04c1-424b-9868-57a2d4851a1d" relativeResultsDirectory="59f35efb-8cb0-4960-b6ac-0ad0267d845d">
      <Output>
        <StdOut>Debug Trace:
0: WorkflowInstance "AddNodeRelationActivity" is Started
1: Activity [null] "null" scheduled child activity [1] "AddNodeRelationActivity"
2: Activity [1] "AddNodeRelationActivity" is Executing
{
    Arguments
        ChildNodeId: -1
        ParentNodeId: 2
        AssociatedNodeId: 4
        NodeId: 1
}
3: WorkflowInstance "AddNodeRelationActivity" is Idle
4: Activity [1] "AddNodeRelationActivity" is Closed
{
    Arguments
        ChildNodeId: -1
        ParentNodeId: 2
        AssociatedNodeId: 4
        NodeId: 1
}
5: WorkflowInstance "AddNodeRelationActivity" is Completed</StdOut>
      </Output>
    </UnitTestResult>
    <UnitTestResult executionId="6fa6765a-5281-4e96-aef5-382a502a5648" testId="a03d8bcc-cc4a-d47c-6407-db28f376df56" testName="Invoke_ChildAndAssociatedRelationSet_ChildRelationAdded" computerName="ICSWS068" duration="00:00:00.0042095" startTime="2016-08-04T09:58:58.9662860+02:00" endTime="2016-08-04T09:58:58.9718056+02:00" testType="13cdc9d9-ddb5-4fa4-a97d-d965ccfc6d4b" outcome="Passed" testListId="8c84fa94-04c1-424b-9868-57a2d4851a1d" relativeResultsDirectory="6fa6765a-5281-4e96-aef5-382a502a5648">
      <Output>
        <StdOut>Debug Trace:
0: WorkflowInstance "AddNodeRelationActivity" is Started
1: Activity [null] "null" scheduled child activity [1] "AddNodeRelationActivity"
2: Activity [1] "AddNodeRelationActivity" is Executing
{
    Arguments
        ChildNodeId: 3
        ParentNodeId: -1
        AssociatedNodeId: 4
        NodeId: 1
}
3: WorkflowInstance "AddNodeRelationActivity" is Idle
4: Activity [1] "AddNodeRelationActivity" is Closed
{
    Arguments
        ChildNodeId: 3
        ParentNodeId: -1
        AssociatedNodeId: 4
        NodeId: 1
}
5: WorkflowInstance "AddNodeRelationActivity" is Completed</StdOut>
      </Output>
    </UnitTestResult>
    <UnitTestResult executionId="d52177f7-82dc-4203-8539-3abb2b5ee7a1" testId="b0604636-de2a-ec72-65dc-7346677b3ada" testName="Invoke_ChildAndAssociatedRelationSet_AssociationAdded" computerName="ICSWS068" duration="00:00:00.0042729" startTime="2016-08-04T09:58:58.9742950+02:00" endTime="2016-08-04T09:58:58.9798154+02:00" testType="13cdc9d9-ddb5-4fa4-a97d-d965ccfc6d4b" outcome="Passed" testListId="8c84fa94-04c1-424b-9868-57a2d4851a1d" relativeResultsDirectory="d52177f7-82dc-4203-8539-3abb2b5ee7a1">
      <Output>
        <StdOut>Debug Trace:
0: WorkflowInstance "AddNodeRelationActivity" is Started
1: Activity [null] "null" scheduled child activity [1] "AddNodeRelationActivity"
2: Activity [1] "AddNodeRelationActivity" is Executing
{
    Arguments
        ChildNodeId: 3
        ParentNodeId: -1
        AssociatedNodeId: 4
        NodeId: 1
}
3: WorkflowInstance "AddNodeRelationActivity" is Idle
4: Activity [1] "AddNodeRelationActivity" is Closed
{
    Arguments
        ChildNodeId: 3
        ParentNodeId: -1
        AssociatedNodeId: 4
        NodeId: 1
}
5: WorkflowInstance "AddNodeRelationActivity" is Completed</StdOut>
      </Output>
    </UnitTestResult>
    <UnitTestResult executionId="a031e750-77d9-4496-95f2-a962db9984ad" testId="40e00399-3f77-63b4-7138-aae89419f17c" testName="Invoke_AllRelationsSet_ParentAdded" computerName="ICSWS068" duration="00:00:00.0042849" startTime="2016-08-04T09:58:58.9828037+02:00" endTime="2016-08-04T09:58:58.9883100+02:00" testType="13cdc9d9-ddb5-4fa4-a97d-d965ccfc6d4b" outcome="Passed" testListId="8c84fa94-04c1-424b-9868-57a2d4851a1d" relativeResultsDirectory="a031e750-77d9-4496-95f2-a962db9984ad">
      <Output>
        <StdOut>Debug Trace:
0: WorkflowInstance "AddNodeRelationActivity" is Started
1: Activity [null] "null" scheduled child activity [1] "AddNodeRelationActivity"
2: Activity [1] "AddNodeRelationActivity" is Executing
{
    Arguments
        ChildNodeId: 3
        ParentNodeId: 2
        AssociatedNodeId: 4
        NodeId: 1
}
3: WorkflowInstance "AddNodeRelationActivity" is Idle
4: Activity [1] "AddNodeRelationActivity" is Closed
{
    Arguments
        ChildNodeId: 3
        ParentNodeId: 2
        AssociatedNodeId: 4
        NodeId: 1
}
5: WorkflowInstance "AddNodeRelationActivity" is Completed</StdOut>
      </Output>
    </UnitTestResult>
    <UnitTestResult executionId="14c05eb3-48e1-41e9-ac77-6ba326b1ed16" testId="eb890e22-8e87-c042-8e8a-8690e5910552" testName="Invoke_AllRelationsSet_ChildAdded" computerName="ICSWS068" duration="00:00:00.0043667" startTime="2016-08-04T09:58:58.9918117+02:00" endTime="2016-08-04T09:58:58.9973201+02:00" testType="13cdc9d9-ddb5-4fa4-a97d-d965ccfc6d4b" outcome="Passed" testListId="8c84fa94-04c1-424b-9868-57a2d4851a1d" relativeResultsDirectory="14c05eb3-48e1-41e9-ac77-6ba326b1ed16">
      <Output>
        <StdOut>Debug Trace:
0: WorkflowInstance "AddNodeRelationActivity" is Started
1: Activity [null] "null" scheduled child activity [1] "AddNodeRelationActivity"
2: Activity [1] "AddNodeRelationActivity" is Executing
{
    Arguments
        ChildNodeId: 3
        ParentNodeId: 2
        AssociatedNodeId: 4
        NodeId: 1
}
3: WorkflowInstance "AddNodeRelationActivity" is Idle
4: Activity [1] "AddNodeRelationActivity" is Closed
{
    Arguments
        ChildNodeId: 3
        ParentNodeId: 2
        AssociatedNodeId: 4
        NodeId: 1
}
5: WorkflowInstance "AddNodeRelationActivity" is Completed</StdOut>
      </Output>
    </UnitTestResult>
    <UnitTestResult executionId="d6072a39-2b58-4a21-90f3-ce0a7d67b147" testId="feacc0ff-0540-1cd6-ff07-0fa058165b3a" testName="Invoke_AllRelationsSet_AssociationAdded" computerName="ICSWS068" duration="00:00:00.0042547" startTime="2016-08-04T09:58:58.9998374+02:00" endTime="2016-08-04T09:58:59.0052599+02:00" testType="13cdc9d9-ddb5-4fa4-a97d-d965ccfc6d4b" outcome="Passed" testListId="8c84fa94-04c1-424b-9868-57a2d4851a1d" relativeResultsDirectory="d6072a39-2b58-4a21-90f3-ce0a7d67b147">
      <Output>
        <StdOut>Debug Trace:
0: WorkflowInstance "AddNodeRelationActivity" is Started
1: Activity [null] "null" scheduled child activity [1] "AddNodeRelationActivity"
2: Activity [1] "AddNodeRelationActivity" is Executing
{
    Arguments
        ChildNodeId: 3
        ParentNodeId: 2
        AssociatedNodeId: 4
        NodeId: 1
}
3: WorkflowInstance "AddNodeRelationActivity" is Idle
4: Activity [1] "AddNodeRelationActivity" is Closed
{
    Arguments
        ChildNodeId: 3
        ParentNodeId: 2
        AssociatedNodeId: 4
        NodeId: 1
}
5: WorkflowInstance "AddNodeRelationActivity" is Completed</StdOut>
      </Output>
    </UnitTestResult>
    <UnitTestResult executionId="c5c47585-2a12-4c80-8dce-7150ba986179" testId="e47322f1-73d6-bc54-c268-566ef3c5ef66" testName="Invoke_CorrectArguments_ValidExecution" computerName="ICSWS068" duration="00:00:00.0121859" startTime="2016-08-04T09:58:59.0082449+02:00" endTime="2016-08-04T09:58:59.0217751+02:00" testType="13cdc9d9-ddb5-4fa4-a97d-d965ccfc6d4b" outcome="Passed" testListId="8c84fa94-04c1-424b-9868-57a2d4851a1d" relativeResultsDirectory="c5c47585-2a12-4c80-8dce-7150ba986179">
      <Output>
        <StdOut>Debug Trace:
0: WorkflowInstance "AddPartnerActivity" is Started
1: Activity [null] "null" scheduled child activity [1] "AddPartnerActivity"
2: Activity [1] "AddPartnerActivity" is Executing
{
    Arguments
        Description: Some text.
        AttributeGroups: System.Collections.Generic.List`1[System.Guid]
        Identity: ipartner
        Name: iPartner
}
3: WorkflowInstance "AddPartnerActivity" is Idle
4: Activity [1] "AddPartnerActivity" is Closed
{
    Arguments
        Description: Some text.
        AttributeGroups: System.Collections.Generic.List`1[System.Guid]
        Result: iPartner
        Identity: ipartner
        Name: iPartner
}
5: WorkflowInstance "AddPartnerActivity" is Completed</StdOut>
      </Output>
    </UnitTestResult>
    <UnitTestResult executionId="c4befbb7-c001-4251-a0ce-bdfbed2ee208" testId="2f294c56-6035-437e-de85-5ae3dae67c8c" testName="Invoke_CorrectArguments_CorrectNameUsed" computerName="ICSWS068" duration="00:00:00.0059300" startTime="2016-08-04T09:58:59.0247651+02:00" endTime="2016-08-04T09:58:59.0322708+02:00" testType="13cdc9d9-ddb5-4fa4-a97d-d965ccfc6d4b" outcome="Passed" testListId="8c84fa94-04c1-424b-9868-57a2d4851a1d" relativeResultsDirectory="c4befbb7-c001-4251-a0ce-bdfbed2ee208">
      <Output>
        <StdOut>Debug Trace:
0: WorkflowInstance "AddPartnerActivity" is Started
1: Activity [null] "null" scheduled child activity [1] "AddPartnerActivity"
2: Activity [1] "AddPartnerActivity" is Executing
{
    Arguments
        Description: Some text.
        AttributeGroups: System.Collections.Generic.List`1[System.Guid]
        Identity: ipartner
        Name: iPartner
}
3: WorkflowInstance "AddPartnerActivity" is Idle
4: Activity [1] "AddPartnerActivity" is Closed
{
    Arguments
        Description: Some text.
        AttributeGroups: System.Collections.Generic.List`1[System.Guid]
        Result: iPartner
        Identity: ipartner
        Name: iPartner
}
5: WorkflowInstance "AddPartnerActivity" is Completed</StdOut>
      </Output>
    </UnitTestResult>
    <UnitTestResult executionId="9754713c-8b84-4b3a-a7a3-29ffc4ad893b" testId="b18a2625-707f-66db-901a-314a58a337b5" testName="Invoke_CorrectArguments_CorrectDescriptionUsed" computerName="ICSWS068" duration="00:00:00.0052594" startTime="2016-08-04T09:58:59.0352726+02:00" endTime="2016-08-04T09:58:59.0417771+02:00" testType="13cdc9d9-ddb5-4fa4-a97d-d965ccfc6d4b" outcome="Passed" testListId="8c84fa94-04c1-424b-9868-57a2d4851a1d" relativeResultsDirectory="9754713c-8b84-4b3a-a7a3-29ffc4ad893b">
      <Output>
        <StdOut>Debug Trace:
0: WorkflowInstance "AddPartnerActivity" is Started
1: Activity [null] "null" scheduled child activity [1] "AddPartnerActivity"
2: Activity [1] "AddPartnerActivity" is Executing
{
    Arguments
        Description: Some text.
        AttributeGroups: System.Collections.Generic.List`1[System.Guid]
        Identity: ipartner
        Name: iPartner
}
3: WorkflowInstance "AddPartnerActivity" is Idle
4: Activity [1] "AddPartnerActivity" is Closed
{
    Arguments
        Description: Some text.
        AttributeGroups: System.Collections.Generic.List`1[System.Guid]
        Result: iPartner
        Identity: ipartner
        Name: iPartner
}
5: WorkflowInstance "AddPartnerActivity" is Completed</StdOut>
      </Output>
    </UnitTestResult>
    <UnitTestResult executionId="4bb210ed-a8f6-45e4-ae88-106833692f59" testId="38cacb9b-2598-7413-6fd7-984ca5678583" testName="Invoke_CorrectArguments_CorrectIdentityUsed" computerName="ICSWS068" duration="00:00:00.0053488" startTime="2016-08-04T09:58:59.0442806+02:00" endTime="2016-08-04T09:58:59.0512855+02:00" testType="13cdc9d9-ddb5-4fa4-a97d-d965ccfc6d4b" outcome="Passed" testListId="8c84fa94-04c1-424b-9868-57a2d4851a1d" relativeResultsDirectory="4bb210ed-a8f6-45e4-ae88-106833692f59">
      <Output>
        <StdOut>Debug Trace:
0: WorkflowInstance "AddPartnerActivity" is Started
1: Activity [null] "null" scheduled child activity [1] "AddPartnerActivity"
2: Activity [1] "AddPartnerActivity" is Executing
{
    Arguments
        Description: Some text.
        AttributeGroups: System.Collections.Generic.List`1[System.Guid]
        Identity: ipartner
        Name: iPartner
}
3: WorkflowInstance "AddPartnerActivity" is Idle
4: Activity [1] "AddPartnerActivity" is Closed
{
    Arguments
        Description: Some text.
        AttributeGroups: System.Collections.Generic.List`1[System.Guid]
        Result: iPartner
        Identity: ipartner
        Name: iPartner
}
5: WorkflowInstance "AddPartnerActivity" is Completed</StdOut>
      </Output>
    </UnitTestResult>
    <UnitTestResult executionId="2dd613c7-639e-473c-af54-61e386b70191" testId="b2732170-2e11-1631-913e-5912016001c7" testName="Invoke_CorrectArguments_CorrectAttributeGroupsUsed" computerName="ICSWS068" duration="00:00:00.0060154" startTime="2016-08-04T09:58:59.0537875+02:00" endTime="2016-08-04T09:58:59.0607912+02:00" testType="13cdc9d9-ddb5-4fa4-a97d-d965ccfc6d4b" outcome="Passed" testListId="8c84fa94-04c1-424b-9868-57a2d4851a1d" relativeResultsDirectory="2dd613c7-639e-473c-af54-61e386b70191">
      <Output>
        <StdOut>Debug Trace:
0: WorkflowInstance "AddPartnerActivity" is Started
1: Activity [null] "null" scheduled child activity [1] "AddPartnerActivity"
2: Activity [1] "AddPartnerActivity" is Executing
{
    Arguments
        Description: Some text.
        AttributeGroups: System.Collections.Generic.List`1[System.Guid]
        Identity: ipartner
        Name: iPartner
}
3: WorkflowInstance "AddPartnerActivity" is Idle
4: Activity [1] "AddPartnerActivity" is Closed
{
    Arguments
        Description: Some text.
        AttributeGroups: System.Collections.Generic.List`1[System.Guid]
        Result: iPartner
        Identity: ipartner
        Name: iPartner
}
5: WorkflowInstance "AddPartnerActivity" is Completed</StdOut>
      </Output>
    </UnitTestResult>
    <UnitTestResult executionId="8f846148-b16b-40c7-bb69-b69548339440" testId="f9171f09-09d8-3dbb-f0b9-e6f6c7e1641a" testName="Invoke_CorrectArgumentsAndNoAttributeGroupsListArgument_CorrectExecution" computerName="ICSWS068" duration="00:00:00.0049834" startTime="2016-08-04T09:58:59.0637944+02:00" endTime="2016-08-04T09:58:59.0698148+02:00" testType="13cdc9d9-ddb5-4fa4-a97d-d965ccfc6d4b" outcome="Passed" testListId="8c84fa94-04c1-424b-9868-57a2d4851a1d" relativeResultsDirectory="8f846148-b16b-40c7-bb69-b69548339440">
      <Output>
        <StdOut>Debug Trace:
0: WorkflowInstance "AddPartnerActivity" is Started
1: Activity [null] "null" scheduled child activity [1] "AddPartnerActivity"
2: Activity [1] "AddPartnerActivity" is Executing
{
    Arguments
        Description: Some text.
        AttributeGroups: 
        Identity: ipartner
        Name: iPartner
}
3: WorkflowInstance "AddPartnerActivity" is Idle
4: Activity [1] "AddPartnerActivity" is Closed
{
    Arguments
        Description: Some text.
        AttributeGroups: 
        Result: iPartner
        Identity: ipartner
        Name: iPartner
}
5: WorkflowInstance "AddPartnerActivity" is Completed</StdOut>
      </Output>
    </UnitTestResult>
    <UnitTestResult executionId="221f8e55-f68b-4de6-96f9-49f79491af40" testId="6fcec4b3-10c3-6697-f30c-82048511fdb0" testName="Invoke_CorrectArgumentsAndNoDescription_CorrectExecution" computerName="ICSWS068" duration="00:00:00.0054083" startTime="2016-08-04T09:58:59.0732998+02:00" endTime="2016-08-04T09:58:59.0808067+02:00" testType="13cdc9d9-ddb5-4fa4-a97d-d965ccfc6d4b" outcome="Passed" testListId="8c84fa94-04c1-424b-9868-57a2d4851a1d" relativeResultsDirectory="221f8e55-f68b-4de6-96f9-49f79491af40">
      <Output>
        <StdOut>Debug Trace:
0: WorkflowInstance "AddPartnerActivity" is Started
1: Activity [null] "null" scheduled child activity [1] "AddPartnerActivity"
2: Activity [1] "AddPartnerActivity" is Executing
{
    Arguments
        Description: 
        AttributeGroups: 
        Identity: ipartner
        Name: iPartner
}
3: WorkflowInstance "AddPartnerActivity" is Idle
4: Activity [1] "AddPartnerActivity" is Closed
{
    Arguments
        Description: 
        AttributeGroups: 
        Result: iPartner
        Identity: ipartner
        Name: iPartner
}
5: WorkflowInstance "AddPartnerActivity" is Completed</StdOut>
      </Output>
    </UnitTestResult>
    <UnitTestResult executionId="9e8aa0ce-4ad7-4190-b081-6c40cf69a0fc" testId="5657ccfe-02f5-9fff-39fd-845072c2fff1" testName="Invoke_CorrectArguments_CorrectReturnValueAndType" computerName="ICSWS068" duration="00:00:00.0040963" startTime="2016-08-04T09:58:59.0831720+02:00" endTime="2016-08-04T09:58:59.0886775+02:00" testType="13cdc9d9-ddb5-4fa4-a97d-d965ccfc6d4b" outcome="Passed" testListId="8c84fa94-04c1-424b-9868-57a2d4851a1d" relativeResultsDirectory="9e8aa0ce-4ad7-4190-b081-6c40cf69a0fc">
      <Output>
        <StdOut>Debug Trace:
0: WorkflowInstance "AddPartnerActivity" is Started
1: Activity [null] "null" scheduled child activity [1] "AddPartnerActivity"
2: Activity [1] "AddPartnerActivity" is Executing
{
    Arguments
        Description: Some text.
        AttributeGroups: System.Collections.Generic.List`1[System.Guid]
        Identity: ipartner
        Name: iPartner
}
3: WorkflowInstance "AddPartnerActivity" is Idle
4: Activity [1] "AddPartnerActivity" is Closed
{
    Arguments
        Description: Some text.
        AttributeGroups: System.Collections.Generic.List`1[System.Guid]
        Result: iPartner
        Identity: ipartner
        Name: iPartner
}
5: WorkflowInstance "AddPartnerActivity" is Completed</StdOut>
      </Output>
    </UnitTestResult>
    <UnitTestResult executionId="27b70705-b4c0-4c50-b11a-0920cb7875a0" testId="2fd6a69b-6621-7fbc-7e53-10a46bb172fc" testName="Invoke_DuplicatePartnerIdentity_ThrowsUniqueValueAddConflictException" computerName="ICSWS068" duration="00:00:00.0049902" startTime="2016-08-04T09:58:59.0916795+02:00" endTime="2016-08-04T09:58:59.0977125+02:00" testType="13cdc9d9-ddb5-4fa4-a97d-d965ccfc6d4b" outcome="Passed" testListId="8c84fa94-04c1-424b-9868-57a2d4851a1d" relativeResultsDirectory="27b70705-b4c0-4c50-b11a-0920cb7875a0">
      <Output>
        <StdOut>Debug Trace:
0: WorkflowInstance "AddPartnerActivity" is Started
1: Activity [null] "null" scheduled child activity [1] "AddPartnerActivity"
2: Activity [1] "AddPartnerActivity" is Executing
{
    Arguments
        Description: Some text.
        AttributeGroups: 
        Identity: ipartner
        Name: iPartner
}
3: WorkflowInstance "AddPartnerActivity" is Idle
4: Activity [1] "AddPartnerActivity" is Faulted
{
    Arguments
        Description: Some text.
        AttributeGroups: 
        Result: 
        Identity: ipartner
        Name: iPartner
}
5: Fault source [1] "AddPartnerActivity"
6: WorkflowInstance "AddPartnerActivity" Unhandled Exception Source "AddPartnerActivity" Exception &lt;iCore.Public.Types.UniqueValueAddConflictException: Identity is not unique.
   at UnitTests.iCore.Workflow.Activities.iCPS.AddPartnerActivityTests.WaitForException() in F:\ETWork\Main\Common\Assemblies\UnitTests.iCore.Workflow.Activities\iCPS\AddPartnerActivityTests.cs:line 123
   at UnitTests.iCore.Workflow.Activities.iCPS.AddPartnerActivityTests.Invoke_DuplicatePartnerIdentity_ThrowsUniqueValueAddConflictException() in F:\ETWork\Main\Common\Assemblies\UnitTests.iCore.Workflow.Activities\iCPS\AddPartnerActivityTests.cs:line 393&gt;
7: WorkflowInstance Aborted [AddPartnerActivity] Reason "Identity is not unique."</StdOut>
      </Output>
    </UnitTestResult>
    <UnitTestResult executionId="aa95233f-4b5d-45d2-b45c-6a5758b86320" testId="1a7cffe1-0f1b-7892-78e4-1bec929113ee" testName="Invoke_DuplicatePartnerName_ThrowsUniqueValueAddConflictException" computerName="ICSWS068" duration="00:00:00.0045016" startTime="2016-08-04T09:58:59.1002058+02:00" endTime="2016-08-04T09:58:59.1062098+02:00" testType="13cdc9d9-ddb5-4fa4-a97d-d965ccfc6d4b" outcome="Passed" testListId="8c84fa94-04c1-424b-9868-57a2d4851a1d" relativeResultsDirectory="aa95233f-4b5d-45d2-b45c-6a5758b86320">
      <Output>
        <StdOut>Debug Trace:
0: WorkflowInstance "AddPartnerActivity" is Started
1: Activity [null] "null" scheduled child activity [1] "AddPartnerActivity"
2: Activity [1] "AddPartnerActivity" is Executing
{
    Arguments
        Description: Some text.
        AttributeGroups: 
        Identity: ipartner
        Name: iPartner
}
3: WorkflowInstance "AddPartnerActivity" is Idle
4: Activity [1] "AddPartnerActivity" is Faulted
{
    Arguments
        Description: Some text.
        AttributeGroups: 
        Result: 
        Identity: ipartner
        Name: iPartner
}
5: Fault source [1] "AddPartnerActivity"
6: WorkflowInstance "AddPartnerActivity" Unhandled Exception Source "AddPartnerActivity" Exception &lt;iCore.Public.Types.UniqueValueAddConflictException: Name is not unique.
   at UnitTests.iCore.Workflow.Activities.iCPS.AddPartnerActivityTests.WaitForException() in F:\ETWork\Main\Common\Assemblies\UnitTests.iCore.Workflow.Activities\iCPS\AddPartnerActivityTests.cs:line 123
   at UnitTests.iCore.Workflow.Activities.iCPS.AddPartnerActivityTests.Invoke_DuplicatePartnerName_ThrowsUniqueValueAddConflictException() in F:\ETWork\Main\Common\Assemblies\UnitTests.iCore.Workflow.Activities\iCPS\AddPartnerActivityTests.cs:line 420&gt;
7: WorkflowInstance Aborted [AddPartnerActivity] Reason "Name is not unique."</StdOut>
      </Output>
    </UnitTestResult>
    <UnitTestResult executionId="7771165c-3c63-4ca0-8c8e-0687daa309b7" testId="7e1a36fe-586b-23be-2a11-fe10dcb6499f" testName="Invoke_NonExistentAttributeGroupId_ThrowsEntityNotFoundException" computerName="ICSWS068" duration="00:00:00.0045230" startTime="2016-08-04T09:58:59.1091971+02:00" endTime="2016-08-04T09:58:59.1152196+02:00" testType="13cdc9d9-ddb5-4fa4-a97d-d965ccfc6d4b" outcome="Passed" testListId="8c84fa94-04c1-424b-9868-57a2d4851a1d" relativeResultsDirectory="7771165c-3c63-4ca0-8c8e-0687daa309b7">
      <Output>
        <StdOut>Debug Trace:
0: WorkflowInstance "AddPartnerActivity" is Started
1: Activity [null] "null" scheduled child activity [1] "AddPartnerActivity"
2: Activity [1] "AddPartnerActivity" is Executing
{
    Arguments
        Description: Some text.
        AttributeGroups: System.Collections.Generic.List`1[System.Guid]
        Identity: ipartner
        Name: iPartner
}
3: WorkflowInstance "AddPartnerActivity" is Idle
4: Activity [1] "AddPartnerActivity" is Faulted
{
    Arguments
        Description: Some text.
        AttributeGroups: System.Collections.Generic.List`1[System.Guid]
        Result: 
        Identity: ipartner
        Name: iPartner
}
5: Fault source [1] "AddPartnerActivity"
6: WorkflowInstance "AddPartnerActivity" Unhandled Exception Source "AddPartnerActivity" Exception &lt;iCore.Public.Types.EntityNotFoundException: The attribute group does not exist.
   at UnitTests.iCore.Workflow.Activities.iCPS.AddPartnerActivityTests.WaitForException() in F:\ETWork\Main\Common\Assemblies\UnitTests.iCore.Workflow.Activities\iCPS\AddPartnerActivityTests.cs:line 123
   at UnitTests.iCore.Workflow.Activities.iCPS.AddPartnerActivityTests.Invoke_NonExistentAttributeGroupId_ThrowsEntityNotFoundException() in F:\ETWork\Main\Common\Assemblies\UnitTests.iCore.Workflow.Activities\iCPS\AddPartnerActivityTests.cs:line 449&gt;
7: WorkflowInstance Aborted [AddPartnerActivity] Reason "The attribute group does not exist."</StdOut>
      </Output>
    </UnitTestResult>
    <UnitTestResult executionId="c8dd0e12-3fa4-4225-932a-18b6036531d8" testId="e0975de2-264b-2dc9-1c02-80832b708542" testName="Invoke_CorrectArgumentsAndNameIsNull_ThrowsArgumentNullException" computerName="ICSWS068" duration="00:00:00.0037946" startTime="2016-08-04T09:58:59.1177371+02:00" endTime="2016-08-04T09:58:59.1222239+02:00" testType="13cdc9d9-ddb5-4fa4-a97d-d965ccfc6d4b" outcome="Passed" testListId="8c84fa94-04c1-424b-9868-57a2d4851a1d" relativeResultsDirectory="c8dd0e12-3fa4-4225-932a-18b6036531d8">
      <Output>
        <StdOut>Debug Trace:
0: WorkflowInstance "AddPartnerActivity" is Started
1: Activity [null] "null" scheduled child activity [1] "AddPartnerActivity"
2: Activity [1] "AddPartnerActivity" is Executing
{
    Arguments
        Description: Some text.
        AttributeGroups: 
        Identity: ipartner
        Name: 
}
3: Activity [1] "AddPartnerActivity" is Faulted
{
    Arguments
        Description: Some text.
        AttributeGroups: 
        Result: 
        Identity: ipartner
        Name: 
}
4: Fault source [1] "AddPartnerActivity"
5: WorkflowInstance "AddPartnerActivity" Unhandled Exception Source "AddPartnerActivity" Exception &lt;System.ArgumentNullException: The Name argument is null.
Parameter name: Name
   at UnitTests.iCore.Workflow.Activities.iCPS.AddPartnerActivityTests.WaitForException() in F:\ETWork\Main\Common\Assemblies\UnitTests.iCore.Workflow.Activities\iCPS\AddPartnerActivityTests.cs:line 123
   at UnitTests.iCore.Workflow.Activities.iCPS.AddPartnerActivityTests.Invoke_CorrectArgumentsAndNameIsNull_ThrowsArgumentNullException() in F:\ETWork\Main\Common\Assemblies\UnitTests.iCore.Workflow.Activities\iCPS\AddPartnerActivityTests.cs:line 469&gt;
6: WorkflowInstance Aborted [AddPartnerActivity] Reason "The Name argument is null.
Parameter name: Name"</StdOut>
      </Output>
    </UnitTestResult>
    <UnitTestResult executionId="1fd106fb-80aa-4467-995a-8644ff1be198" testId="18a25df9-e5ae-9567-e5ff-5f010d139b63" testName="Invoke_CorrectArgumentsAndIdentityIsNull_ThrowsArgumentNullException" computerName="ICSWS068" duration="00:00:00.0039213" startTime="2016-08-04T09:58:59.1259300+02:00" endTime="2016-08-04T09:58:59.1314181+02:00" testType="13cdc9d9-ddb5-4fa4-a97d-d965ccfc6d4b" outcome="Passed" testListId="8c84fa94-04c1-424b-9868-57a2d4851a1d" relativeResultsDirectory="1fd106fb-80aa-4467-995a-8644ff1be198">
      <Output>
        <StdOut>Debug Trace:
0: WorkflowInstance "AddPartnerActivity" is Started
1: Activity [null] "null" scheduled child activity [1] "AddPartnerActivity"
2: Activity [1] "AddPartnerActivity" is Executing
{
    Arguments
        Description: Some text.
        AttributeGroups: 
        Identity: 
        Name: ipartner
}
3: Activity [1] "AddPartnerActivity" is Faulted
{
    Arguments
        Description: Some text.
        AttributeGroups: 
        Result: 
        Identity: 
        Name: ipartner
}
4: Fault source [1] "AddPartnerActivity"
5: WorkflowInstance "AddPartnerActivity" Unhandled Exception Source "AddPartnerActivity" Exception &lt;System.ArgumentNullException: The Identity argument is null.
Parameter name: Identity
   at UnitTests.iCore.Workflow.Activities.iCPS.AddPartnerActivityTests.WaitForException() in F:\ETWork\Main\Common\Assemblies\UnitTests.iCore.Workflow.Activities\iCPS\AddPartnerActivityTests.cs:line 123
   at UnitTests.iCore.Workflow.Activities.iCPS.AddPartnerActivityTests.Invoke_CorrectArgumentsAndIdentityIsNull_ThrowsArgumentNullException() in F:\ETWork\Main\Common\Assemblies\UnitTests.iCore.Workflow.Activities\iCPS\AddPartnerActivityTests.cs:line 489&gt;
6: WorkflowInstance Aborted [AddPartnerActivity] Reason "The Identity argument is null.
Parameter name: Identity"</StdOut>
      </Output>
    </UnitTestResult>
    <UnitTestResult executionId="6c935105-6533-4c47-bdf6-559f8884e7e2" testId="f1355c9e-40f1-30d8-ed43-871c1345e659" testName="Invoke_CorrectArguments_ValidExecution" computerName="ICSWS068" duration="00:00:00.0068262" startTime="2016-08-04T09:58:59.1339374+02:00" endTime="2016-08-04T09:58:59.1424262+02:00" testType="13cdc9d9-ddb5-4fa4-a97d-d965ccfc6d4b" outcome="Passed" testListId="8c84fa94-04c1-424b-9868-57a2d4851a1d" relativeResultsDirectory="6c935105-6533-4c47-bdf6-559f8884e7e2">
      <Output>
        <StdOut>Debug Trace:
0: WorkflowInstance "AddPartnerAttributesToPartnerActivity" is Started
1: Activity [null] "null" scheduled child activity [1] "AddPartnerAttributesToPartnerActivity"
2: Activity [1] "AddPartnerAttributesToPartnerActivity" is Executing
{
    Arguments
        PartnerId: c6593c41-9f76-425b-ac88-2a88fbe75cca
        AttributeGroups: System.Collections.Generic.List`1[System.Guid]
}
3: WorkflowInstance "AddPartnerAttributesToPartnerActivity" is Idle
4: Activity [1] "AddPartnerAttributesToPartnerActivity" is Closed
{
    Arguments
        PartnerId: c6593c41-9f76-425b-ac88-2a88fbe75cca
        AttributeGroups: System.Collections.Generic.List`1[System.Guid]
}
5: WorkflowInstance "AddPartnerAttributesToPartnerActivity" is Completed</StdOut>
      </Output>
    </UnitTestResult>
    <UnitTestResult executionId="11b3eca2-69e2-419f-94de-6d09d1237785" testId="54a23d8c-aea8-93fc-0116-b915d4dc5395" testName="Invoke_CorrectArguments_CorrectIdUsed" computerName="ICSWS068" duration="00:00:00.0041274" startTime="2016-08-04T09:58:59.1454290+02:00" endTime="2016-08-04T09:58:59.1504474+02:00" testType="13cdc9d9-ddb5-4fa4-a97d-d965ccfc6d4b" outcome="Passed" testListId="8c84fa94-04c1-424b-9868-57a2d4851a1d" relativeResultsDirectory="11b3eca2-69e2-419f-94de-6d09d1237785">
      <Output>
        <StdOut>Debug Trace:
0: WorkflowInstance "AddPartnerAttributesToPartnerActivity" is Started
1: Activity [null] "null" scheduled child activity [1] "AddPartnerAttributesToPartnerActivity"
2: Activity [1] "AddPartnerAttributesToPartnerActivity" is Executing
{
    Arguments
        PartnerId: 4e086d5c-02c9-4bc2-99f5-9550d245958e
        AttributeGroups: System.Collections.Generic.List`1[System.Guid]
}
3: WorkflowInstance "AddPartnerAttributesToPartnerActivity" is Idle
4: Activity [1] "AddPartnerAttributesToPartnerActivity" is Closed
{
    Arguments
        PartnerId: 4e086d5c-02c9-4bc2-99f5-9550d245958e
        AttributeGroups: System.Collections.Generic.List`1[System.Guid]
}
5: WorkflowInstance "AddPartnerAttributesToPartnerActivity" is Completed</StdOut>
      </Output>
    </UnitTestResult>
    <UnitTestResult executionId="2205eef1-f4bf-4047-bc1b-8cced754a801" testId="546ddbbf-be25-3292-8ce6-4f83dfd4171c" testName="Invoke_CorrectArguments_CorrectAttributeGroupsUsed" computerName="ICSWS068" duration="00:00:00.0045805" startTime="2016-08-04T09:58:59.1534339+02:00" endTime="2016-08-04T09:58:59.1594388+02:00" testType="13cdc9d9-ddb5-4fa4-a97d-d965ccfc6d4b" outcome="Passed" testListId="8c84fa94-04c1-424b-9868-57a2d4851a1d" relativeResultsDirectory="2205eef1-f4bf-4047-bc1b-8cced754a801">
      <Output>
        <StdOut>Debug Trace:
0: WorkflowInstance "AddPartnerAttributesToPartnerActivity" is Started
1: Activity [null] "null" scheduled child activity [1] "AddPartnerAttributesToPartnerActivity"
2: Activity [1] "AddPartnerAttributesToPartnerActivity" is Executing
{
    Arguments
        PartnerId: cc08397a-4aed-433f-b716-bce6141c32f7
        AttributeGroups: System.Collections.Generic.List`1[System.Guid]
}
3: WorkflowInstance "AddPartnerAttributesToPartnerActivity" is Idle
4: Activity [1] "AddPartnerAttributesToPartnerActivity" is Closed
{
    Arguments
        PartnerId: cc08397a-4aed-433f-b716-bce6141c32f7
        AttributeGroups: System.Collections.Generic.List`1[System.Guid]
}
5: WorkflowInstance "AddPartnerAttributesToPartnerActivity" is Completed</StdOut>
      </Output>
    </UnitTestResult>
    <UnitTestResult executionId="69fc74f7-25a0-473a-8059-53a65db72b8e" testId="46552438-e0d1-b0ff-7f6b-2131859640b7" testName="Invoke_NonExistentAttribute_ThrowsEntityNotFoundException" computerName="ICSWS068" duration="00:00:00.0040658" startTime="2016-08-04T09:58:59.1619563+02:00" endTime="2016-08-04T09:58:59.1671882+02:00" testType="13cdc9d9-ddb5-4fa4-a97d-d965ccfc6d4b" outcome="Passed" testListId="8c84fa94-04c1-424b-9868-57a2d4851a1d" relativeResultsDirectory="69fc74f7-25a0-473a-8059-53a65db72b8e">
      <Output>
        <StdOut>Debug Trace:
0: WorkflowInstance "AddPartnerAttributesToPartnerActivity" is Started
1: Activity [null] "null" scheduled child activity [1] "AddPartnerAttributesToPartnerActivity"
2: Activity [1] "AddPartnerAttributesToPartnerActivity" is Executing
{
    Arguments
        PartnerId: 9e9ee52c-bf09-4aa1-ab88-9cf9bffb5fe4
        AttributeGroups: System.Collections.Generic.List`1[System.Guid]
}
3: WorkflowInstance "AddPartnerAttributesToPartnerActivity" is Idle
4: Activity [1] "AddPartnerAttributesToPartnerActivity" is Faulted
{
    Arguments
        PartnerId: 9e9ee52c-bf09-4aa1-ab88-9cf9bffb5fe4
        AttributeGroups: System.Collections.Generic.List`1[System.Guid]
}
5: Fault source [1] "AddPartnerAttributesToPartnerActivity"
6: WorkflowInstance "AddPartnerAttributesToPartnerActivity" Unhandled Exception Source "AddPartnerAttributesToPartnerActivity" Exception &lt;iCore.Public.Types.EntityNotFoundException: Attribute not found.
   at UnitTests.iCore.Workflow.Activities.iCPS.AddPartnerAttributesToPartnerActivityTests.WaitForException() in F:\ETWork\Main\Common\Assemblies\UnitTests.iCore.Workflow.Activities\iCPS\AddPartnerAttributesToPartnerActivityTests.cs:line 83
   at UnitTests.iCore.Workflow.Activities.iCPS.AddPartnerAttributesToPartnerActivityTests.Invoke_NonExistentAttribute_ThrowsEntityNotFoundException() in F:\ETWork\Main\Common\Assemblies\UnitTests.iCore.Workflow.Activities\iCPS\AddPartnerAttributesToPartnerActivityTests.cs:line 193&gt;
7: WorkflowInstance Aborted [AddPartnerAttributesToPartnerActivity] Reason "Attribute not found."</StdOut>
      </Output>
    </UnitTestResult>
    <UnitTestResult executionId="a7d122b2-238c-49c1-8fc5-77c19b8ae954" testId="24abcde1-0918-1b4c-cbe4-09008625a143" testName="Invoke_NonExistentPartnerId_ThrowsEntityNotFoundException" computerName="ICSWS068" duration="00:00:00.0038386" startTime="2016-08-04T09:58:59.1701896+02:00" endTime="2016-08-04T09:58:59.1751945+02:00" testType="13cdc9d9-ddb5-4fa4-a97d-d965ccfc6d4b" outcome="Passed" testListId="8c84fa94-04c1-424b-9868-57a2d4851a1d" relativeResultsDirectory="a7d122b2-238c-49c1-8fc5-77c19b8ae954">
      <Output>
        <StdOut>Debug Trace:
0: WorkflowInstance "AddPartnerAttributesToPartnerActivity" is Started
1: Activity [null] "null" scheduled child activity [1] "AddPartnerAttributesToPartnerActivity"
2: Activity [1] "AddPartnerAttributesToPartnerActivity" is Executing
{
    Arguments
        PartnerId: 073f415b-62d9-42c4-bb35-21c46327c9b7
        AttributeGroups: System.Collections.Generic.List`1[System.Guid]
}
3: WorkflowInstance "AddPartnerAttributesToPartnerActivity" is Idle
4: Activity [1] "AddPartnerAttributesToPartnerActivity" is Faulted
{
    Arguments
        PartnerId: 073f415b-62d9-42c4-bb35-21c46327c9b7
        AttributeGroups: System.Collections.Generic.List`1[System.Guid]
}
5: Fault source [1] "AddPartnerAttributesToPartnerActivity"
6: WorkflowInstance "AddPartnerAttributesToPartnerActivity" Unhandled Exception Source "AddPartnerAttributesToPartnerActivity" Exception &lt;iCore.Public.Types.EntityNotFoundException: Attribute not found.
   at UnitTests.iCore.Workflow.Activities.iCPS.AddPartnerAttributesToPartnerActivityTests.WaitForException() in F:\ETWork\Main\Common\Assemblies\UnitTests.iCore.Workflow.Activities\iCPS\AddPartnerAttributesToPartnerActivityTests.cs:line 83
   at UnitTests.iCore.Workflow.Activities.iCPS.AddPartnerAttributesToPartnerActivityTests.Invoke_NonExistentPartnerId_ThrowsEntityNotFoundException() in F:\ETWork\Main\Common\Assemblies\UnitTests.iCore.Workflow.Activities\iCPS\AddPartnerAttributesToPartnerActivityTests.cs:line 216&gt;
7: WorkflowInstance Aborted [AddPartnerAttributesToPartnerActivity] Reason "Attribute not found."</StdOut>
      </Output>
    </UnitTestResult>
    <UnitTestResult executionId="c407cff6-7351-4fbd-9968-f9c8b9000606" testId="1468c405-b4a2-949c-b1e5-131920b69599" testName="Invoke_PartnerisNone_ThrowsArgumentException" computerName="ICSWS068" duration="00:00:00.0040784" startTime="2016-08-04T09:58:59.1776980+02:00" endTime="2016-08-04T09:58:59.1832064+02:00" testType="13cdc9d9-ddb5-4fa4-a97d-d965ccfc6d4b" outcome="Passed" testListId="8c84fa94-04c1-424b-9868-57a2d4851a1d" relativeResultsDirectory="c407cff6-7351-4fbd-9968-f9c8b9000606">
      <Output>
        <StdOut>Debug Trace:
0: WorkflowInstance "AddPartnerAttributesToPartnerActivity" is Started
1: Activity [null] "null" scheduled child activity [1] "AddPartnerAttributesToPartnerActivity"
2: Activity [1] "AddPartnerAttributesToPartnerActivity" is Executing
{
    Arguments
        PartnerId: 00000000-0000-0000-0000-000000000000
        AttributeGroups: System.Collections.Generic.List`1[System.Guid]
}
3: WorkflowInstance "AddPartnerAttributesToPartnerActivity" is Idle
4: Activity [1] "AddPartnerAttributesToPartnerActivity" is Faulted
{
    Arguments
        PartnerId: 00000000-0000-0000-0000-000000000000
        AttributeGroups: System.Collections.Generic.List`1[System.Guid]
}
5: Fault source [1] "AddPartnerAttributesToPartnerActivity"
6: WorkflowInstance "AddPartnerAttributesToPartnerActivity" Unhandled Exception Source "AddPartnerAttributesToPartnerActivity" Exception &lt;System.ArgumentException: Attributes cannot be added to partner 'None'.
Parameter name: Partner Id
   at UnitTests.iCore.Workflow.Activities.iCPS.AddPartnerAttributesToPartnerActivityTests.WaitForException() in F:\ETWork\Main\Common\Assemblies\UnitTests.iCore.Workflow.Activities\iCPS\AddPartnerAttributesToPartnerActivityTests.cs:line 83
   at UnitTests.iCore.Workflow.Activities.iCPS.AddPartnerAttributesToPartnerActivityTests.Invoke_PartnerisNone_ThrowsArgumentException() in F:\ETWork\Main\Common\Assemblies\UnitTests.iCore.Workflow.Activities\iCPS\AddPartnerAttributesToPartnerActivityTests.cs:line 239&gt;
7: WorkflowInstance Aborted [AddPartnerAttributesToPartnerActivity] Reason "Attributes cannot be added to partner 'None'.
Parameter name: Partner Id"</StdOut>
      </Output>
    </UnitTestResult>
    <UnitTestResult executionId="fd782bc6-af39-48bb-938f-127bb18b1550" testId="c6e8d13d-9d68-610a-71a2-009e5d4f396e" testName="InvokeActivity_NormalExecution_ScopeEntered" computerName="ICSWS068" duration="00:00:00.0039274" startTime="2016-08-04T09:58:59.1857237+02:00" endTime="2016-08-04T09:58:59.1912113+02:00" testType="13cdc9d9-ddb5-4fa4-a97d-d965ccfc6d4b" outcome="Passed" testListId="8c84fa94-04c1-424b-9868-57a2d4851a1d" relativeResultsDirectory="fd782bc6-af39-48bb-938f-127bb18b1550" />
    <UnitTestResult executionId="288fa07c-4105-40d8-97db-98985965adf8" testId="28987bae-8be5-73c4-6b6f-93862541c392" testName="InvokeActivity_NormalExecution_ScopeExited" computerName="ICSWS068" duration="00:00:00.0022166" startTime="2016-08-04T09:58:59.1942138+02:00" endTime="2016-08-04T09:58:59.1977155+02:00" testType="13cdc9d9-ddb5-4fa4-a97d-d965ccfc6d4b" outcome="Passed" testListId="8c84fa94-04c1-424b-9868-57a2d4851a1d" relativeResultsDirectory="288fa07c-4105-40d8-97db-98985965adf8" />
    <UnitTestResult executionId="dcbb6ce7-7001-4a5e-a23e-1fb0f0568556" testId="471d6042-0f23-c8df-14a4-d33cb5ed395c" testName="InvokeActivity_NormalExecution_SubActivitiesInvoked" computerName="ICSWS068" duration="00:00:00.0280776" startTime="2016-08-04T09:58:59.2002170+02:00" endTime="2016-08-04T09:58:59.2297417+02:00" testType="13cdc9d9-ddb5-4fa4-a97d-d965ccfc6d4b" outcome="Passed" testListId="8c84fa94-04c1-424b-9868-57a2d4851a1d" relativeResultsDirectory="dcbb6ce7-7001-4a5e-a23e-1fb0f0568556">
      <Output>
        <StdOut>Debug Trace:
MultiWFInstanceBookmarkTestExtension - Constructor()
BookmarkTestActivity::Execute() - Start Activity instance: [3]
Request Service - Id:[8df29860-ed80-4c5f-819f-a6bd839722bd] Bm:[testRequest 2241c937-0a6f-46ae-992f-0a62e8204f43] Job:[123]
BookmarkTestActivity::Execute() - End Activity instance: [3]
Resume bookmark - Id:[8df29860-ed80-4c5f-819f-a6bd839722bd] Bm:[testRequest 2241c937-0a6f-46ae-992f-0a62e8204f43] Job:[123]
End Resume bookmark - Id:[8df29860-ed80-4c5f-819f-a6bd839722bd] Bm:[testRequest 2241c937-0a6f-46ae-992f-0a62e8204f43] Job:[123]</StdOut>
      </Output>
    </UnitTestResult>
    <UnitTestResult executionId="0f4a183d-f637-4a60-a7c2-9b1cb358bd89" testId="26789745-186d-0587-91f6-bad3e90ebd99" testName="InvokeActivity_NormalExecution_ScopeExitedAfterChildActivityCompleted" computerName="ICSWS068" duration="00:00:00.0033374" startTime="2016-08-04T09:58:59.2327428+02:00" endTime="2016-08-04T09:58:59.2377465+02:00" testType="13cdc9d9-ddb5-4fa4-a97d-d965ccfc6d4b" outcome="Passed" testListId="8c84fa94-04c1-424b-9868-57a2d4851a1d" relativeResultsDirectory="0f4a183d-f637-4a60-a7c2-9b1cb358bd89">
      <Output>
        <StdOut>Debug Trace:
MultiWFInstanceBookmarkTestExtension - Constructor()
BookmarkTestActivity::Execute() - Start Activity instance: [3]
Request Service - Id:[d8a78a21-184c-47b4-b9a6-195ae2726459] Bm:[testRequest 2eed11da-c69e-40a9-9f2f-1d6ac515af4d] Job:[123]
BookmarkTestActivity::Execute() - End Activity instance: [3]
Resume bookmark - Id:[d8a78a21-184c-47b4-b9a6-195ae2726459] Bm:[testRequest 2eed11da-c69e-40a9-9f2f-1d6ac515af4d] Job:[123]
End Resume bookmark - Id:[d8a78a21-184c-47b4-b9a6-195ae2726459] Bm:[testRequest 2eed11da-c69e-40a9-9f2f-1d6ac515af4d] Job:[123]</StdOut>
      </Output>
    </UnitTestResult>
    <UnitTestResult executionId="d6d10184-b1cc-428d-8eff-1b9df570c537" testId="a7bdd709-9d5e-53fa-8c39-379aeb666107" testName="Invoke_CorrectArguemnts_CorrectIdUsed" computerName="ICSWS068" duration="00:00:00.0078396" startTime="2016-08-04T09:58:59.2402497+02:00" endTime="2016-08-04T09:58:59.2497710+02:00" testType="13cdc9d9-ddb5-4fa4-a97d-d965ccfc6d4b" outcome="Passed" testListId="8c84fa94-04c1-424b-9868-57a2d4851a1d" relativeResultsDirectory="d6d10184-b1cc-428d-8eff-1b9df570c537">
      <Output>
        <StdOut>Debug Trace:
0: WorkflowInstance "AddSettingAttributesToSettingActivity" is Started
1: Activity [null] "null" scheduled child activity [1] "AddSettingAttributesToSettingActivity"
2: Activity [1] "AddSettingAttributesToSettingActivity" is Executing
{
    Arguments
        AttributeGroups: System.Collections.Generic.List`1[System.Guid]
        SettingId: e7dd2513-7f79-4cf6-b34b-4dd6617bbd0f
}
3: WorkflowInstance "AddSettingAttributesToSettingActivity" is Idle
4: Activity [1] "AddSettingAttributesToSettingActivity" is Closed
{
    Arguments
        AttributeGroups: System.Collections.Generic.List`1[System.Guid]
        SettingId: e7dd2513-7f79-4cf6-b34b-4dd6617bbd0f
}
5: WorkflowInstance "AddSettingAttributesToSettingActivity" is Completed</StdOut>
      </Output>
    </UnitTestResult>
    <UnitTestResult executionId="2e389b9a-d8e2-4d04-b2f2-35095c1afbd5" testId="4ae119ff-c470-62b0-1bd1-9d719841effc" testName="Invoke_CorrectArguemnts_CorrectAttributeGroupsUsed" computerName="ICSWS068" duration="00:00:00.0039782" startTime="2016-08-04T09:58:59.2527630+02:00" endTime="2016-08-04T09:58:59.2577641+02:00" testType="13cdc9d9-ddb5-4fa4-a97d-d965ccfc6d4b" outcome="Passed" testListId="8c84fa94-04c1-424b-9868-57a2d4851a1d" relativeResultsDirectory="2e389b9a-d8e2-4d04-b2f2-35095c1afbd5">
      <Output>
        <StdOut>Debug Trace:
0: WorkflowInstance "AddSettingAttributesToSettingActivity" is Started
1: Activity [null] "null" scheduled child activity [1] "AddSettingAttributesToSettingActivity"
2: Activity [1] "AddSettingAttributesToSettingActivity" is Executing
{
    Arguments
        AttributeGroups: System.Collections.Generic.List`1[System.Guid]
        SettingId: 54775115-48fb-4ab2-920f-7abb7c87411e
}
3: WorkflowInstance "AddSettingAttributesToSettingActivity" is Idle
4: Activity [1] "AddSettingAttributesToSettingActivity" is Closed
{
    Arguments
        AttributeGroups: System.Collections.Generic.List`1[System.Guid]
        SettingId: 54775115-48fb-4ab2-920f-7abb7c87411e
}
5: WorkflowInstance "AddSettingAttributesToSettingActivity" is Completed</StdOut>
      </Output>
    </UnitTestResult>
    <UnitTestResult executionId="beb4f640-d900-4752-aa30-db5bec05ef67" testId="8bff4b51-b68f-1e9c-ed86-a2ea863ca135" testName="Invoke_NonExistentAttribute_ThrowsEntityNotFoundException" computerName="ICSWS068" duration="00:00:00.0033591" startTime="2016-08-04T09:58:59.2607661+02:00" endTime="2016-08-04T09:58:59.2657856+02:00" testType="13cdc9d9-ddb5-4fa4-a97d-d965ccfc6d4b" outcome="Passed" testListId="8c84fa94-04c1-424b-9868-57a2d4851a1d" relativeResultsDirectory="beb4f640-d900-4752-aa30-db5bec05ef67">
      <Output>
        <StdOut>Debug Trace:
0: WorkflowInstance "AddSettingAttributesToSettingActivity" is Started
1: Activity [null] "null" scheduled child activity [1] "AddSettingAttributesToSettingActivity"
2: Activity [1] "AddSettingAttributesToSettingActivity" is Executing
{
    Arguments
        AttributeGroups: System.Collections.Generic.List`1[System.Guid]
        SettingId: 989b29de-c6bd-45c8-b321-a7eff19ca976
}
3: WorkflowInstance "AddSettingAttributesToSettingActivity" is Idle
4: Activity [1] "AddSettingAttributesToSettingActivity" is Faulted
{
    Arguments
        AttributeGroups: System.Collections.Generic.List`1[System.Guid]
        SettingId: 989b29de-c6bd-45c8-b321-a7eff19ca976
}
5: Fault source [1] "AddSettingAttributesToSettingActivity"
6: WorkflowInstance "AddSettingAttributesToSettingActivity" Unhandled Exception Source "AddSettingAttributesToSettingActivity" Exception &lt;iCore.Public.Types.EntityNotFoundException: Attribute not found.
   at UnitTests.iCore.Workflow.Activities.ActivityStandardTestsBase`1.WaitForException() in F:\ETWork\Main\Common\ActivityStandardTestsBase.cs:line 100
   at UnitTests.iCore.Workflow.Activities.iCPS.AddSettingAttributesToSettingActivityTests.Invoke_NonExistentAttribute_ThrowsEntityNotFoundException() in F:\ETWork\Main\Common\Assemblies\UnitTests.iCore.Workflow.Activities\iCPS\AddSettingAttributesToSettingActivityTests.cs:line 142&gt;
7: WorkflowInstance Aborted [AddSettingAttributesToSettingActivity] Reason "Attribute not found."</StdOut>
      </Output>
    </UnitTestResult>
    <UnitTestResult executionId="1f19c0a2-bcf7-458a-9127-e99457769f09" testId="e6abdc6b-a54d-7ccc-edba-a1a09e7fbc90" testName="Invoke_NonExistentSettingId_ThrowsEntityNotFoundException" computerName="ICSWS068" duration="00:00:00.0030562" startTime="2016-08-04T09:58:59.2682727+02:00" endTime="2016-08-04T09:58:59.2717902+02:00" testType="13cdc9d9-ddb5-4fa4-a97d-d965ccfc6d4b" outcome="Passed" testListId="8c84fa94-04c1-424b-9868-57a2d4851a1d" relativeResultsDirectory="1f19c0a2-bcf7-458a-9127-e99457769f09">
      <Output>
        <StdOut>Debug Trace:
0: WorkflowInstance "AddSettingAttributesToSettingActivity" is Started
1: Activity [null] "null" scheduled child activity [1] "AddSettingAttributesToSettingActivity"
2: Activity [1] "AddSettingAttributesToSettingActivity" is Executing
{
    Arguments
        AttributeGroups: System.Collections.Generic.List`1[System.Guid]
        SettingId: c8f73101-e3f7-44f9-bf6e-b8baa10d0598
}
3: WorkflowInstance "AddSettingAttributesToSettingActivity" is Idle
4: Activity [1] "AddSettingAttributesToSettingActivity" is Faulted
{
    Arguments
        AttributeGroups: System.Collections.Generic.List`1[System.Guid]
        SettingId: c8f73101-e3f7-44f9-bf6e-b8baa10d0598
}
5: Fault source [1] "AddSettingAttributesToSettingActivity"
6: WorkflowInstance "AddSettingAttributesToSettingActivity" Unhandled Exception Source "AddSettingAttributesToSettingActivity" Exception &lt;iCore.Public.Types.EntityNotFoundException: Attribute not found.
   at UnitTests.iCore.Workflow.Activities.ActivityStandardTestsBase`1.WaitForException() in F:\ETWork\Main\Common\ActivityStandardTestsBase.cs:line 100
   at UnitTests.iCore.Workflow.Activities.iCPS.AddSettingAttributesToSettingActivityTests.Invoke_NonExistentSettingId_ThrowsEntityNotFoundException() in F:\ETWork\Main\Common\Assemblies\UnitTests.iCore.Workflow.Activities\iCPS\AddSettingAttributesToSettingActivityTests.cs:line 160&gt;
7: WorkflowInstance Aborted [AddSettingAttributesToSettingActivity] Reason "Attribute not found."</StdOut>
      </Output>
    </UnitTestResult>
    <UnitTestResult executionId="1b49c944-67f8-4338-84ea-e387dc858d8d" testId="5b44c2e3-32ca-a808-ed8c-9e21941f3c67" testName="Invoke_SettingIsNone_ThrowsArgumentException" computerName="ICSWS068" duration="00:00:00.0031908" startTime="2016-08-04T09:58:59.2760802+02:00" endTime="2016-08-04T09:58:59.2805833+02:00" testType="13cdc9d9-ddb5-4fa4-a97d-d965ccfc6d4b" outcome="Passed" testListId="8c84fa94-04c1-424b-9868-57a2d4851a1d" relativeResultsDirectory="1b49c944-67f8-4338-84ea-e387dc858d8d">
      <Output>
        <StdOut>Debug Trace:
0: WorkflowInstance "AddSettingAttributesToSettingActivity" is Started
1: Activity [null] "null" scheduled child activity [1] "AddSettingAttributesToSettingActivity"
2: Activity [1] "AddSettingAttributesToSettingActivity" is Executing
{
    Arguments
        AttributeGroups: System.Collections.Generic.List`1[System.Guid]
        SettingId: 9e2251df-6064-4bba-a1f2-03b2680ddc11
}
3: WorkflowInstance "AddSettingAttributesToSettingActivity" is Idle
4: Activity [1] "AddSettingAttributesToSettingActivity" is Faulted
{
    Arguments
        AttributeGroups: System.Collections.Generic.List`1[System.Guid]
        SettingId: 9e2251df-6064-4bba-a1f2-03b2680ddc11
}
5: Fault source [1] "AddSettingAttributesToSettingActivity"
6: WorkflowInstance "AddSettingAttributesToSettingActivity" Unhandled Exception Source "AddSettingAttributesToSettingActivity" Exception &lt;System.ArgumentException: Attributes cannot be added to setting 'None'.
Parameter name: Setting Id
   at UnitTests.iCore.Workflow.Activities.ActivityStandardTestsBase`1.WaitForException() in F:\ETWork\Main\Common\ActivityStandardTestsBase.cs:line 100
   at UnitTests.iCore.Workflow.Activities.iCPS.AddSettingAttributesToSettingActivityTests.Invoke_SettingIsNone_ThrowsArgumentException() in F:\ETWork\Main\Common\Assemblies\UnitTests.iCore.Workflow.Activities\iCPS\AddSettingAttributesToSettingActivityTests.cs:line 178&gt;
7: WorkflowInstance Aborted [AddSettingAttributesToSettingActivity] Reason "Attributes cannot be added to setting 'None'.
Parameter name: Setting Id"</StdOut>
      </Output>
    </UnitTestResult>
    <UnitTestResult executionId="8e60a922-f80c-4809-a4ef-8271105d74d8" testId="29750233-75c5-c0d1-a2ab-61f0d54b8718" testName="Invoke_ActivityIsCancelled_ActivityCancels" computerName="ICSWS068" duration="00:00:01.0020061" startTime="2016-08-04T09:58:59.2830845+02:00" endTime="2016-08-04T09:59:00.2865935+02:00" testType="13cdc9d9-ddb5-4fa4-a97d-d965ccfc6d4b" outcome="Passed" testListId="8c84fa94-04c1-424b-9868-57a2d4851a1d" relativeResultsDirectory="8e60a922-f80c-4809-a4ef-8271105d74d8">
      <Output>
        <StdOut>Debug Trace:
0: WorkflowInstance "AddSettingAttributesToSettingActivity" is Started
1: Activity [null] "null" scheduled child activity [1] "AddSettingAttributesToSettingActivity"
2: Activity [1] "AddSettingAttributesToSettingActivity" is Executing
{
    Arguments
        AttributeGroups: System.Collections.Generic.List`1[System.Guid]
        SettingId: 7f67fd03-1d48-4fd2-8682-38b659516260
}
3: Host requests cancel of activity [1] "AddSettingAttributesToSettingActivity"
4: WorkflowInstance "AddSettingAttributesToSettingActivity" is Idle
5: Activity [1] "AddSettingAttributesToSettingActivity" is Canceled
{
    Arguments
        AttributeGroups: System.Collections.Generic.List`1[System.Guid]
        SettingId: 7f67fd03-1d48-4fd2-8682-38b659516260
}
6: WorkflowInstance "AddSettingAttributesToSettingActivity" is Canceled</StdOut>
      </Output>
    </UnitTestResult>
    <UnitTestResult executionId="77e77e2f-7301-4b10-90fa-79c90f70be83" testId="82349047-6e75-3dfd-f89f-0e3136f1e47d" testName="Invoke_NonNullableArgumentIsNull_ThrowsArgumentNullException" computerName="ICSWS068" duration="00:00:00.0020741" startTime="2016-08-04T09:59:00.2890952+02:00" endTime="2016-08-04T09:59:00.2925978+02:00" testType="13cdc9d9-ddb5-4fa4-a97d-d965ccfc6d4b" outcome="Passed" testListId="8c84fa94-04c1-424b-9868-57a2d4851a1d" relativeResultsDirectory="77e77e2f-7301-4b10-90fa-79c90f70be83" />
    <UnitTestResult executionId="3466edd3-fa7f-4630-80a4-01ecb1eb3159" testId="e21ee56b-a420-ad4b-ea32-03b200682ff0" testName="Invoke_RequiredArgumentIsMissing_ThrowsArgumentException" computerName="ICSWS068" duration="00:00:00.0019363" startTime="2016-08-04T09:59:00.2956013+02:00" endTime="2016-08-04T09:59:00.2986191+02:00" testType="13cdc9d9-ddb5-4fa4-a97d-d965ccfc6d4b" outcome="Passed" testListId="8c84fa94-04c1-424b-9868-57a2d4851a1d" relativeResultsDirectory="3466edd3-fa7f-4630-80a4-01ecb1eb3159" />
    <UnitTestResult executionId="7204bc84-3dbb-47c5-b6d3-149d54d8b728" testId="ce60587b-cc48-1cb3-df6b-c09bd738cd33" testName="Invoke_OptionalArgumentIsMissing_ValidExecution" computerName="ICSWS068" duration="00:00:00.0001410" startTime="2016-08-04T09:59:00.3016059+02:00" endTime="2016-08-04T09:59:00.3033636+02:00" testType="13cdc9d9-ddb5-4fa4-a97d-d965ccfc6d4b" outcome="Passed" testListId="8c84fa94-04c1-424b-9868-57a2d4851a1d" relativeResultsDirectory="7204bc84-3dbb-47c5-b6d3-149d54d8b728" />
    <UnitTestResult executionId="4cd8a6f0-6285-4e35-a210-d596dfda886c" testId="a9ef2120-3429-2955-54b1-70f6d767c698" testName="Invoke_CorrectArguments_ValidExecution" computerName="ICSWS068" duration="00:00:00.0038999" startTime="2016-08-04T09:59:00.3053683+02:00" endTime="2016-08-04T09:59:00.3108872+02:00" testType="13cdc9d9-ddb5-4fa4-a97d-d965ccfc6d4b" outcome="Passed" testListId="8c84fa94-04c1-424b-9868-57a2d4851a1d" relativeResultsDirectory="4cd8a6f0-6285-4e35-a210-d596dfda886c">
      <Output>
        <StdOut>Debug Trace:
0: WorkflowInstance "AddSettingAttributesToSettingActivity" is Started
1: Activity [null] "null" scheduled child activity [1] "AddSettingAttributesToSettingActivity"
2: Activity [1] "AddSettingAttributesToSettingActivity" is Executing
{
    Arguments
        AttributeGroups: System.Collections.Generic.List`1[System.Guid]
        SettingId: 1e3a8890-42fa-44c7-9edc-8d12304e7075
}
3: WorkflowInstance "AddSettingAttributesToSettingActivity" is Idle
4: Activity [1] "AddSettingAttributesToSettingActivity" is Closed
{
    Arguments
        AttributeGroups: System.Collections.Generic.List`1[System.Guid]
        SettingId: 1e3a8890-42fa-44c7-9edc-8d12304e7075
}
5: WorkflowInstance "AddSettingAttributesToSettingActivity" is Completed</StdOut>
      </Output>
    </UnitTestResult>
    <UnitTestResult executionId="9a3689ae-1f1c-49d3-b8cc-6d9c0ff461a7" testId="47c18729-a02d-d2fd-c50e-4fcd765394a4" testName="Invoke_CorrectArguemnts_CorrectNameUsed" computerName="ICSWS068" duration="00:00:00.0121783" startTime="2016-08-04T09:59:00.3133772+02:00" endTime="2016-08-04T09:59:00.3269257+02:00" testType="13cdc9d9-ddb5-4fa4-a97d-d965ccfc6d4b" outcome="Passed" testListId="8c84fa94-04c1-424b-9868-57a2d4851a1d" relativeResultsDirectory="9a3689ae-1f1c-49d3-b8cc-6d9c0ff461a7">
      <Output>
        <StdOut>Debug Trace:
0: WorkflowInstance "AddSettingActivity" is Started
1: Activity [null] "null" scheduled child activity [1] "AddSettingActivity"
2: Activity [1] "AddSettingActivity" is Executing
{
    Arguments
        Description: Some text.
        AttributeGroups: System.Collections.Generic.List`1[System.Guid]
        Identity: isetting
        Name: iSetting
}
3: WorkflowInstance "AddSettingActivity" is Idle
4: Activity [1] "AddSettingActivity" is Closed
{
    Arguments
        Description: Some text.
        AttributeGroups: System.Collections.Generic.List`1[System.Guid]
        Result: iSetting
        Identity: isetting
        Name: iSetting
}
5: WorkflowInstance "AddSettingActivity" is Completed</StdOut>
      </Output>
    </UnitTestResult>
    <UnitTestResult executionId="5010ed9f-dfbd-46d9-b98b-7cfb486f4957" testId="21ea35ef-4302-a50f-c94d-51070c1edc8b" testName="Invoke_CorrectArguemnts_CorrectDescriptionUsed" computerName="ICSWS068" duration="00:00:00.0053588" startTime="2016-08-04T09:59:00.3299109+02:00" endTime="2016-08-04T09:59:00.3364188+02:00" testType="13cdc9d9-ddb5-4fa4-a97d-d965ccfc6d4b" outcome="Passed" testListId="8c84fa94-04c1-424b-9868-57a2d4851a1d" relativeResultsDirectory="5010ed9f-dfbd-46d9-b98b-7cfb486f4957">
      <Output>
        <StdOut>Debug Trace:
0: WorkflowInstance "AddSettingActivity" is Started
1: Activity [null] "null" scheduled child activity [1] "AddSettingActivity"
2: Activity [1] "AddSettingActivity" is Executing
{
    Arguments
        Description: Some text.
        AttributeGroups: System.Collections.Generic.List`1[System.Guid]
        Identity: isetting
        Name: iSetting
}
3: WorkflowInstance "AddSettingActivity" is Idle
4: Activity [1] "AddSettingActivity" is Closed
{
    Arguments
        Description: Some text.
        AttributeGroups: System.Collections.Generic.List`1[System.Guid]
        Result: iSetting
        Identity: isetting
        Name: iSetting
}
5: WorkflowInstance "AddSettingActivity" is Completed</StdOut>
      </Output>
    </UnitTestResult>
    <UnitTestResult executionId="9e2fde55-8b71-4c89-b56c-4c58225db0bd" testId="1dccaecf-59b2-51d1-9618-928980160acf" testName="Invoke_CorrectArguemnts_CorrectIdentityUsed" computerName="ICSWS068" duration="00:00:00.0053435" startTime="2016-08-04T09:59:00.3389360+02:00" endTime="2016-08-04T09:59:00.3459268+02:00" testType="13cdc9d9-ddb5-4fa4-a97d-d965ccfc6d4b" outcome="Passed" testListId="8c84fa94-04c1-424b-9868-57a2d4851a1d" relativeResultsDirectory="9e2fde55-8b71-4c89-b56c-4c58225db0bd">
      <Output>
        <StdOut>Debug Trace:
0: WorkflowInstance "AddSettingActivity" is Started
1: Activity [null] "null" scheduled child activity [1] "AddSettingActivity"
2: Activity [1] "AddSettingActivity" is Executing
{
    Arguments
        Description: Some text.
        AttributeGroups: System.Collections.Generic.List`1[System.Guid]
        Identity: isetting
        Name: iSetting
}
3: WorkflowInstance "AddSettingActivity" is Idle
4: Activity [1] "AddSettingActivity" is Closed
{
    Arguments
        Description: Some text.
        AttributeGroups: System.Collections.Generic.List`1[System.Guid]
        Result: iSetting
        Identity: isetting
        Name: iSetting
}
5: WorkflowInstance "AddSettingActivity" is Completed</StdOut>
      </Output>
    </UnitTestResult>
    <UnitTestResult executionId="1a240360-532f-4c98-9be2-30e28769f0d2" testId="af4c2457-be8d-0f36-301e-b6b01556dd37" testName="Invoke_CorrectArguemnts_CorrectAttributeGroupsUsed" computerName="ICSWS068" duration="00:00:00.0053121" startTime="2016-08-04T09:59:00.3484279+02:00" endTime="2016-08-04T09:59:00.3549627+02:00" testType="13cdc9d9-ddb5-4fa4-a97d-d965ccfc6d4b" outcome="Passed" testListId="8c84fa94-04c1-424b-9868-57a2d4851a1d" relativeResultsDirectory="1a240360-532f-4c98-9be2-30e28769f0d2">
      <Output>
        <StdOut>Debug Trace:
0: WorkflowInstance "AddSettingActivity" is Started
1: Activity [null] "null" scheduled child activity [1] "AddSettingActivity"
2: Activity [1] "AddSettingActivity" is Executing
{
    Arguments
        Description: Some text.
        AttributeGroups: System.Collections.Generic.List`1[System.Guid]
        Identity: isetting
        Name: iSetting
}
3: WorkflowInstance "AddSettingActivity" is Idle
4: Activity [1] "AddSettingActivity" is Closed
{
    Arguments
        Description: Some text.
        AttributeGroups: System.Collections.Generic.List`1[System.Guid]
        Result: iSetting
        Identity: isetting
        Name: iSetting
}
5: WorkflowInstance "AddSettingActivity" is Completed</StdOut>
      </Output>
    </UnitTestResult>
    <UnitTestResult executionId="bdc8674f-699f-4b4f-99a4-ff156730c65f" testId="ff1e4efb-374a-1af9-cbbc-43004485f3ef" testName="Invoke_DuplicateSettingIdentity_ThrowsUniqueValueAddConflictException" computerName="ICSWS068" duration="00:00:00.0039635" startTime="2016-08-04T09:59:00.3574468+02:00" endTime="2016-08-04T09:59:00.3624685+02:00" testType="13cdc9d9-ddb5-4fa4-a97d-d965ccfc6d4b" outcome="Passed" testListId="8c84fa94-04c1-424b-9868-57a2d4851a1d" relativeResultsDirectory="bdc8674f-699f-4b4f-99a4-ff156730c65f">
      <Output>
        <StdOut>Debug Trace:
0: WorkflowInstance "AddSettingActivity" is Started
1: Activity [null] "null" scheduled child activity [1] "AddSettingActivity"
2: Activity [1] "AddSettingActivity" is Executing
{
    Arguments
        Description: Some text.
        AttributeGroups: 
        Identity: isetting
        Name: iSetting
}
3: WorkflowInstance "AddSettingActivity" is Idle
4: Activity [1] "AddSettingActivity" is Faulted
{
    Arguments
        Description: Some text.
        AttributeGroups: 
        Result: 
        Identity: isetting
        Name: iSetting
}
5: Fault source [1] "AddSettingActivity"
6: WorkflowInstance "AddSettingActivity" Unhandled Exception Source "AddSettingActivity" Exception &lt;iCore.Public.Types.UniqueValueAddConflictException: Identity is not unique.
   at UnitTests.iCore.Workflow.Activities.ActivityStandardTestsBase`1.WaitForException() in F:\ETWork\Main\Common\ActivityStandardTestsBase.cs:line 100
   at UnitTests.iCore.Workflow.Activities.iCPS.AddSettingActivityTests.Invoke_DuplicateSettingIdentity_ThrowsUniqueValueAddConflictException() in F:\ETWork\Main\Common\Assemblies\UnitTests.iCore.Workflow.Activities\iCPS\AddSettingActivityTests.cs:line 274&gt;
7: WorkflowInstance Aborted [AddSettingActivity] Reason "Identity is not unique."</StdOut>
      </Output>
    </UnitTestResult>
    <UnitTestResult executionId="c4fac7f9-43dd-4162-8bdf-401865b9259f" testId="10351e96-4b5b-c18f-cf56-056aa6fbe578" testName="Invoke_DuplicateSettingName_ThrowsUniqueValueAddConflictException" computerName="ICSWS068" duration="00:00:00.0042743" startTime="2016-08-04T09:59:00.3656857+02:00" endTime="2016-08-04T09:59:00.3712058+02:00" testType="13cdc9d9-ddb5-4fa4-a97d-d965ccfc6d4b" outcome="Passed" testListId="8c84fa94-04c1-424b-9868-57a2d4851a1d" relativeResultsDirectory="c4fac7f9-43dd-4162-8bdf-401865b9259f">
      <Output>
        <StdOut>Debug Trace:
0: WorkflowInstance "AddSettingActivity" is Started
1: Activity [null] "null" scheduled child activity [1] "AddSettingActivity"
2: Activity [1] "AddSettingActivity" is Executing
{
    Arguments
        Description: Some text.
        AttributeGroups: 
        Identity: isetting
        Name: iSetting
}
3: WorkflowInstance "AddSettingActivity" is Idle
4: Activity [1] "AddSettingActivity" is Faulted
{
    Arguments
        Description: Some text.
        AttributeGroups: 
        Result: 
        Identity: isetting
        Name: iSetting
}
5: Fault source [1] "AddSettingActivity"
6: WorkflowInstance "AddSettingActivity" Unhandled Exception Source "AddSettingActivity" Exception &lt;iCore.Public.Types.UniqueValueAddConflictException: Name is not unique.
   at UnitTests.iCore.Workflow.Activities.ActivityStandardTestsBase`1.WaitForException() in F:\ETWork\Main\Common\ActivityStandardTestsBase.cs:line 100
   at UnitTests.iCore.Workflow.Activities.iCPS.AddSettingActivityTests.Invoke_DuplicateSettingName_ThrowsUniqueValueAddConflictException() in F:\ETWork\Main\Common\Assemblies\UnitTests.iCore.Workflow.Activities\iCPS\AddSettingActivityTests.cs:line 293&gt;
7: WorkflowInstance Aborted [AddSettingActivity] Reason "Name is not unique."</StdOut>
      </Output>
    </UnitTestResult>
    <UnitTestResult executionId="188e2186-4cdc-481f-b9a8-354c70606a68" testId="c287dfe9-aaca-8c00-c08c-9235e1352669" testName="Invoke_NonExistentAttributeGroupId_ThrowsEntityNotFoundException" computerName="ICSWS068" duration="00:00:00.0038870" startTime="2016-08-04T09:59:00.3737243+02:00" endTime="2016-08-04T09:59:00.3787122+02:00" testType="13cdc9d9-ddb5-4fa4-a97d-d965ccfc6d4b" outcome="Passed" testListId="8c84fa94-04c1-424b-9868-57a2d4851a1d" relativeResultsDirectory="188e2186-4cdc-481f-b9a8-354c70606a68">
      <Output>
        <StdOut>Debug Trace:
0: WorkflowInstance "AddSettingActivity" is Started
1: Activity [null] "null" scheduled child activity [1] "AddSettingActivity"
2: Activity [1] "AddSettingActivity" is Executing
{
    Arguments
        Description: Some text.
        AttributeGroups: System.Collections.Generic.List`1[System.Guid]
        Identity: isetting
        Name: iSetting
}
3: WorkflowInstance "AddSettingActivity" is Idle
4: Activity [1] "AddSettingActivity" is Faulted
{
    Arguments
        Description: Some text.
        AttributeGroups: System.Collections.Generic.List`1[System.Guid]
        Result: 
        Identity: isetting
        Name: iSetting
}
5: Fault source [1] "AddSettingActivity"
6: WorkflowInstance "AddSettingActivity" Unhandled Exception Source "AddSettingActivity" Exception &lt;iCore.Public.Types.EntityNotFoundException: The attribute group does not exist.
   at UnitTests.iCore.Workflow.Activities.ActivityStandardTestsBase`1.WaitForException() in F:\ETWork\Main\Common\ActivityStandardTestsBase.cs:line 100
   at UnitTests.iCore.Workflow.Activities.iCPS.AddSettingActivityTests.Invoke_NonExistentAttributeGroupId_ThrowsEntityNotFoundException() in F:\ETWork\Main\Common\Assemblies\UnitTests.iCore.Workflow.Activities\iCPS\AddSettingActivityTests.cs:line 310&gt;
7: WorkflowInstance Aborted [AddSettingActivity] Reason "The attribute group does not exist."</StdOut>
      </Output>
    </UnitTestResult>
    <UnitTestResult executionId="c6c9155c-e1a6-4785-a171-76909eb824cb" testId="8c635c3f-36c2-118b-0bbf-9ccdaf243e9e" testName="Invoke_ActivityIsCancelled_ActivityCancels" computerName="ICSWS068" duration="00:00:01.0032093" startTime="2016-08-04T09:59:00.3817148+02:00" endTime="2016-08-04T09:59:01.3858871+02:00" testType="13cdc9d9-ddb5-4fa4-a97d-d965ccfc6d4b" outcome="Passed" testListId="8c84fa94-04c1-424b-9868-57a2d4851a1d" relativeResultsDirectory="c6c9155c-e1a6-4785-a171-76909eb824cb">
      <Output>
        <StdOut>Debug Trace:
0: WorkflowInstance "AddSettingActivity" is Started
1: Activity [null] "null" scheduled child activity [1] "AddSettingActivity"
2: Activity [1] "AddSettingActivity" is Executing
{
    Arguments
        Description: Some text.
        AttributeGroups: System.Collections.Generic.List`1[System.Guid]
        Identity: isetting
        Name: iSetting
}
3: Host requests cancel of activity [1] "AddSettingActivity"
4: WorkflowInstance "AddSettingActivity" is Idle
5: Activity [1] "AddSettingActivity" is Canceled
{
    Arguments
        Description: Some text.
        AttributeGroups: System.Collections.Generic.List`1[System.Guid]
        Result: 
        Identity: isetting
        Name: iSetting
}
6: WorkflowInstance "AddSettingActivity" is Canceled</StdOut>
      </Output>
    </UnitTestResult>
    <UnitTestResult executionId="44e16c7d-346e-42ab-a2f4-85b7a030a183" testId="3fc7caa3-9415-9998-a976-88966c7dd78b" testName="Invoke_CorrectArguemnts_CorrectReturnValueAndType" computerName="ICSWS068" duration="00:00:00.0044324" startTime="2016-08-04T09:59:01.3888903+02:00" endTime="2016-08-04T09:59:01.3946497+02:00" testType="13cdc9d9-ddb5-4fa4-a97d-d965ccfc6d4b" outcome="Passed" testListId="8c84fa94-04c1-424b-9868-57a2d4851a1d" relativeResultsDirectory="44e16c7d-346e-42ab-a2f4-85b7a030a183">
      <Output>
        <StdOut>Debug Trace:
0: WorkflowInstance "AddSettingActivity" is Started
1: Activity [null] "null" scheduled child activity [1] "AddSettingActivity"
2: Activity [1] "AddSettingActivity" is Executing
{
    Arguments
        Description: Some text.
        AttributeGroups: System.Collections.Generic.List`1[System.Guid]
        Identity: isetting
        Name: iSetting
}
3: WorkflowInstance "AddSettingActivity" is Idle
4: Activity [1] "AddSettingActivity" is Closed
{
    Arguments
        Description: Some text.
        AttributeGroups: System.Collections.Generic.List`1[System.Guid]
        Result: iSetting
        Identity: isetting
        Name: iSetting
}
5: WorkflowInstance "AddSettingActivity" is Completed</StdOut>
      </Output>
    </UnitTestResult>
    <UnitTestResult executionId="83586f2c-655b-4427-8374-e2c940066eee" testId="6df3d467-8c2d-88b1-d6d0-b090dab21ae4" testName="Invoke_NonNullableArgumentIsNull_ThrowsArgumentNullException" computerName="ICSWS068" duration="00:00:00.0043292" startTime="2016-08-04T09:59:01.3976347+02:00" endTime="2016-08-04T09:59:01.4033587+02:00" testType="13cdc9d9-ddb5-4fa4-a97d-d965ccfc6d4b" outcome="Passed" testListId="8c84fa94-04c1-424b-9868-57a2d4851a1d" relativeResultsDirectory="83586f2c-655b-4427-8374-e2c940066eee">
      <Output>
        <StdOut>Debug Trace:
0: WorkflowInstance "AddSettingActivity" is Started
1: Activity [null] "null" scheduled child activity [1] "AddSettingActivity"
2: Activity [1] "AddSettingActivity" is Executing
{
    Arguments
        Description: Some text.
        AttributeGroups: System.Collections.Generic.List`1[System.Guid]
        Identity: 
        Name: iSetting
}
3: Activity [1] "AddSettingActivity" is Faulted
{
    Arguments
        Description: Some text.
        AttributeGroups: System.Collections.Generic.List`1[System.Guid]
        Result: 
        Identity: 
        Name: iSetting
}
4: Fault source [1] "AddSettingActivity"
5: WorkflowInstance "AddSettingActivity" Unhandled Exception Source "AddSettingActivity" Exception &lt;System.ArgumentNullException: The Identity argument is null.
Parameter name: Identity
   at UnitTests.iCore.Workflow.Activities.ActivityStandardTestsBase`1.WaitForException() in F:\ETWork\Main\Common\ActivityStandardTestsBase.cs:line 100
   at UnitTests.iCore.Workflow.Activities.ActivityStandardTestsBase`1.Invoke_NonNullableArgumentIsNull_ThrowsArgumentNullException() in F:\ETWork\Main\Common\ActivityStandardTestsBase.cs:line 222&gt;
6: WorkflowInstance Aborted [AddSettingActivity] Reason "The Identity argument is null.
Parameter name: Identity"</StdOut>
      </Output>
    </UnitTestResult>
    <UnitTestResult executionId="b0ee19f3-20e5-42be-bf21-3b89cf69f9a4" testId="96b87432-3df3-e2a1-bfbd-c5218bf5daec" testName="Invoke_RequiredArgumentIsMissing_ThrowsArgumentException" computerName="ICSWS068" duration="00:00:00.0034705" startTime="2016-08-04T09:59:01.4058794+02:00" endTime="2016-08-04T09:59:01.4108662+02:00" testType="13cdc9d9-ddb5-4fa4-a97d-d965ccfc6d4b" outcome="Passed" testListId="8c84fa94-04c1-424b-9868-57a2d4851a1d" relativeResultsDirectory="b0ee19f3-20e5-42be-bf21-3b89cf69f9a4" />
    <UnitTestResult executionId="b10f4ac5-f5e7-4dc0-acc7-53d92a90c339" testId="3023087c-fc76-b484-4bea-21697a6bcd33" testName="Invoke_OptionalArgumentIsMissing_ValidExecution" computerName="ICSWS068" duration="00:00:00.0062992" startTime="2016-08-04T09:59:01.4143705+02:00" endTime="2016-08-04T09:59:01.4218774+02:00" testType="13cdc9d9-ddb5-4fa4-a97d-d965ccfc6d4b" outcome="Passed" testListId="8c84fa94-04c1-424b-9868-57a2d4851a1d" relativeResultsDirectory="b10f4ac5-f5e7-4dc0-acc7-53d92a90c339">
      <Output>
        <StdOut>Debug Trace:
0: WorkflowInstance "AddSettingActivity" is Started
1: Activity [null] "null" scheduled child activity [1] "AddSettingActivity"
2: Activity [1] "AddSettingActivity" is Executing
{
    Arguments
        Description: 
        AttributeGroups: System.Collections.Generic.List`1[System.Guid]
        Identity: isetting
        Name: iSetting
}
3: WorkflowInstance "AddSettingActivity" is Idle
4: Activity [1] "AddSettingActivity" is Closed
{
    Arguments
        Description: 
        AttributeGroups: System.Collections.Generic.List`1[System.Guid]
        Result: iSetting
        Identity: isetting
        Name: iSetting
}
5: WorkflowInstance "AddSettingActivity" is Completed</StdOut>
      </Output>
    </UnitTestResult>
    <UnitTestResult executionId="6c9ce13c-995c-4f61-bce0-d54033773c8f" testId="1d86088b-f13d-379a-699c-7235019caef7" testName="Invoke_CorrectArguments_ValidExecution" computerName="ICSWS068" duration="00:00:00.0049174" startTime="2016-08-04T09:59:01.4248964+02:00" endTime="2016-08-04T09:59:01.4313843+02:00" testType="13cdc9d9-ddb5-4fa4-a97d-d965ccfc6d4b" outcome="Passed" testListId="8c84fa94-04c1-424b-9868-57a2d4851a1d" relativeResultsDirectory="6c9ce13c-995c-4f61-bce0-d54033773c8f">
      <Output>
        <StdOut>Debug Trace:
0: WorkflowInstance "AddSettingActivity" is Started
1: Activity [null] "null" scheduled child activity [1] "AddSettingActivity"
2: Activity [1] "AddSettingActivity" is Executing
{
    Arguments
        Description: Some text.
        AttributeGroups: System.Collections.Generic.List`1[System.Guid]
        Identity: isetting
        Name: iSetting
}
3: WorkflowInstance "AddSettingActivity" is Idle
4: Activity [1] "AddSettingActivity" is Closed
{
    Arguments
        Description: Some text.
        AttributeGroups: System.Collections.Generic.List`1[System.Guid]
        Result: iSetting
        Identity: isetting
        Name: iSetting
}
5: WorkflowInstance "AddSettingActivity" is Completed</StdOut>
      </Output>
    </UnitTestResult>
    <UnitTestResult executionId="2a158e93-5192-42bc-b54e-01b6125a7abd" testId="3bd313c8-9eb3-34c4-e1e4-75f339fad91b" testName="Invoke_NormalExecution_Success" computerName="ICSWS068" duration="00:00:00.1006574" startTime="2016-08-04T09:59:01.4348875+02:00" endTime="2016-08-04T09:59:01.5367165+02:00" testType="13cdc9d9-ddb5-4fa4-a97d-d965ccfc6d4b" outcome="Passed" testListId="8c84fa94-04c1-424b-9868-57a2d4851a1d" relativeResultsDirectory="2a158e93-5192-42bc-b54e-01b6125a7abd">
      <Output>
        <StdOut>Debug Trace:
0: WorkflowInstance "CheckLicenseActivity" is Started
1: Activity [null] "null" scheduled child activity [1] "CheckLicenseActivity"
2: Activity [1] "CheckLicenseActivity" is Executing
{
    Arguments
        LobType: 1234
}
3: WorkflowInstance "CheckLicenseActivity" is Idle
4: Activity [1] "CheckLicenseActivity" is Closed
{
    Arguments
        LobType: 1234
}
5: WorkflowInstance "CheckLicenseActivity" is Completed</StdOut>
      </Output>
    </UnitTestResult>
    <UnitTestResult executionId="ff42e45a-1349-42c3-9ec8-323e3eed3337" testId="d43e4efa-44fe-cd61-2c09-62c97b465dcf" testName="Invoke_MissingArgument_ThrowsArgumentException" computerName="ICSWS068" duration="00:00:00.0040157" startTime="2016-08-04T09:59:01.5397194+02:00" endTime="2016-08-04T09:59:01.5447378+02:00" testType="13cdc9d9-ddb5-4fa4-a97d-d965ccfc6d4b" outcome="Passed" testListId="8c84fa94-04c1-424b-9868-57a2d4851a1d" relativeResultsDirectory="ff42e45a-1349-42c3-9ec8-323e3eed3337" />
    <UnitTestResult executionId="8341803a-87eb-4a62-a37a-3d098760dfd1" testId="d4ae1a71-4596-c348-0358-ce495fd0daee" testName="Invoke_AsyncError_PropagatesException" computerName="ICSWS068" duration="00:00:00.0036172" startTime="2016-08-04T09:59:01.5477240+02:00" endTime="2016-08-04T09:59:01.5532288+02:00" testType="13cdc9d9-ddb5-4fa4-a97d-d965ccfc6d4b" outcome="Passed" testListId="8c84fa94-04c1-424b-9868-57a2d4851a1d" relativeResultsDirectory="8341803a-87eb-4a62-a37a-3d098760dfd1">
      <Output>
        <StdOut>Debug Trace:
0: WorkflowInstance "CheckLicenseActivity" is Started
1: Activity [null] "null" scheduled child activity [1] "CheckLicenseActivity"
2: Activity [1] "CheckLicenseActivity" is Executing
{
    Arguments
        LobType: 1234
}
3: Activity [1] "CheckLicenseActivity" is Faulted
{
    Arguments
        LobType: 1234
}
4: Fault source [1] "CheckLicenseActivity"
5: WorkflowInstance "CheckLicenseActivity" Unhandled Exception Source "CheckLicenseActivity" Exception &lt;Testing.Common.TestException: Test exception
   at Tests.iCore.Common.Activities.UnitTestActivityBase.WaitForCompletion() in F:\ETWork\Main\Testing\Assemblies\Tests.iCore.Common.Activities\UnitTestActivityBase.cs:line 129
   at Tests.iCore.Common.Activities.UnitTestActivityBase.RunAndWaitForCompletion() in F:\ETWork\Main\Testing\Assemblies\Tests.iCore.Common.Activities\UnitTestActivityBase.cs:line 113
   at UnitTests.iCore.Workflow.Activities.iCPS.CheckLicenseActivityTests.Invoke_AsyncError_PropagatesException() in F:\ETWork\Main\Common\Assemblies\UnitTests.iCore.Workflow.Activities\iCPS\CheckLicenseActivityTests.cs:line 94&gt;
6: WorkflowInstance Aborted [CheckLicenseActivity] Reason "Test exception"</StdOut>
      </Output>
    </UnitTestResult>
    <UnitTestResult executionId="cc6dd367-7025-46eb-b3e0-097350682e3d" testId="72195ca6-e2a9-f4bf-f0d7-bf4147e01bab" testName="Invoke_SyncError_PropagatesException" computerName="ICSWS068" duration="00:00:00.0034178" startTime="2016-08-04T09:59:01.5557297+02:00" endTime="2016-08-04T09:59:01.5602337+02:00" testType="13cdc9d9-ddb5-4fa4-a97d-d965ccfc6d4b" outcome="Passed" testListId="8c84fa94-04c1-424b-9868-57a2d4851a1d" relativeResultsDirectory="cc6dd367-7025-46eb-b3e0-097350682e3d">
      <Output>
        <StdOut>Debug Trace:
0: WorkflowInstance "CheckLicenseActivity" is Started
1: Activity [null] "null" scheduled child activity [1] "CheckLicenseActivity"
2: Activity [1] "CheckLicenseActivity" is Executing
{
    Arguments
        LobType: 1234
}
3: Activity [1] "CheckLicenseActivity" is Faulted
{
    Arguments
        LobType: 1234
}
4: Fault source [1] "CheckLicenseActivity"
5: WorkflowInstance "CheckLicenseActivity" Unhandled Exception Source "CheckLicenseActivity" Exception &lt;Testing.Common.TestException: Test exception
   at Tests.iCore.Common.Activities.UnitTestActivityBase.WaitForCompletion() in F:\ETWork\Main\Testing\Assemblies\Tests.iCore.Common.Activities\UnitTestActivityBase.cs:line 129
   at Tests.iCore.Common.Activities.UnitTestActivityBase.RunAndWaitForCompletion() in F:\ETWork\Main\Testing\Assemblies\Tests.iCore.Common.Activities\UnitTestActivityBase.cs:line 113
   at UnitTests.iCore.Workflow.Activities.iCPS.CheckLicenseActivityTests.Invoke_SyncError_PropagatesException() in F:\ETWork\Main\Common\Assemblies\UnitTests.iCore.Workflow.Activities\iCPS\CheckLicenseActivityTests.cs:line 107&gt;
6: WorkflowInstance Aborted [CheckLicenseActivity] Reason "Test exception"</StdOut>
      </Output>
    </UnitTestResult>
    <UnitTestResult executionId="4823ea6e-0497-4338-933b-b4ac8cc1d634" testId="c6792f5a-2bd8-8f12-c716-ebfba384cf23" testName="Invoke_DependencyThrowsOutOfMemoryException_ThrowsFatalException" computerName="ICSWS068" duration="00:00:00.0032002" startTime="2016-08-04T09:59:01.5622530+02:00" endTime="2016-08-04T09:59:01.5677359+02:00" testType="13cdc9d9-ddb5-4fa4-a97d-d965ccfc6d4b" outcome="Passed" testListId="8c84fa94-04c1-424b-9868-57a2d4851a1d" relativeResultsDirectory="4823ea6e-0497-4338-933b-b4ac8cc1d634">
      <Output>
        <StdOut>Debug Trace:
0: WorkflowInstance "CheckLicenseActivity" is Started
1: Activity [null] "null" scheduled child activity [1] "CheckLicenseActivity"
2: Activity [1] "CheckLicenseActivity" is Executing
{
    Arguments
        LobType: 1234
}
3: Activity [1] "CheckLicenseActivity" is Faulted
{
    Arguments
        LobType: 1234
}
4: Fault source [1] "CheckLicenseActivity"
5: WorkflowInstance "CheckLicenseActivity" Unhandled Exception Source "CheckLicenseActivity" Exception &lt;iCore.Workflow.Activities.Exceptions.WorkflowFatalException: Insufficient memory to continue the execution of the program. ---&gt; System.OutOfMemoryException: Insufficient memory to continue the execution of the program.
   --- End of inner exception stack trace ---
   at System.Runtime.ExceptionServices.ExceptionDispatchInfo.Throw()
   at iCore.Workflow.Activities.ActivityUtilities.ThrowIfTaskFailedAndActivityIsNotCanceled(Task task, AsyncCodeActivityContext context)
   at iCore.Workflow.Activities.iCPS.CheckLicenseActivity.EndExecute(AsyncCodeActivityContext context, IAsyncResult result)
   at System.Activities.AsyncCodeActivity.System.Activities.IAsyncCodeActivity.FinishExecution(AsyncCodeActivityContext context, IAsyncResult result)
   at System.Activities.AsyncCodeActivity.CompleteAsyncCodeActivityData.CompleteAsyncCodeActivityWorkItem.Execute(ActivityExecutor executor, BookmarkManager bookmarkManager)&gt;
6: WorkflowInstance Aborted [CheckLicenseActivity] Reason "Insufficient memory to continue the execution of the program. InnerException Message: Insufficient memory to continue the execution of the program."</StdOut>
      </Output>
    </UnitTestResult>
    <UnitTestResult executionId="a0583cd1-5bcb-44e0-adfd-071e7673470d" testId="8feb59b9-b948-17fa-d1eb-2ee92f344548" testName="InvokeActivity_NormalExecution_Success" computerName="ICSWS068" duration="00:00:00.0518782" startTime="2016-08-04T09:59:01.5702371+02:00" endTime="2016-08-04T09:59:01.6234016+02:00" testType="13cdc9d9-ddb5-4fa4-a97d-d965ccfc6d4b" outcome="Passed" testListId="8c84fa94-04c1-424b-9868-57a2d4851a1d" relativeResultsDirectory="a0583cd1-5bcb-44e0-adfd-071e7673470d" />
    <UnitTestResult executionId="784bf68f-4965-4176-b581-5eef1ac79b2c" testId="471d98cd-2d83-3e6d-734e-e884a1bb803e" testName="InvokeActivity_OnlyRequiredArguments_Success" computerName="ICSWS068" duration="00:00:00.0017518" startTime="2016-08-04T09:59:01.6264030+02:00" endTime="2016-08-04T09:59:01.6299047+02:00" testType="13cdc9d9-ddb5-4fa4-a97d-d965ccfc6d4b" outcome="Passed" testListId="8c84fa94-04c1-424b-9868-57a2d4851a1d" relativeResultsDirectory="784bf68f-4965-4176-b581-5eef1ac79b2c" />
    <UnitTestResult executionId="9ea0fd3e-5f27-4534-bee8-a0d473a9514f" testId="1dafdd2f-d1bc-21cb-07c2-77e262522b26" testName="InvokeActivity_NormalExecution_CorrectOutArgumentResult" computerName="ICSWS068" duration="00:00:00.0025867" startTime="2016-08-04T09:59:01.6324084+02:00" endTime="2016-08-04T09:59:01.6364139+02:00" testType="13cdc9d9-ddb5-4fa4-a97d-d965ccfc6d4b" outcome="Passed" testListId="8c84fa94-04c1-424b-9868-57a2d4851a1d" relativeResultsDirectory="9ea0fd3e-5f27-4534-bee8-a0d473a9514f" />
    <UnitTestResult executionId="c199c7c0-813c-474e-a783-f8fdfe5d1aa3" testId="b65e2dc2-a7ab-9730-e645-fc9a5b4b72dd" testName="InvokeActivity_RepositoryError_ThrowsTestException" computerName="ICSWS068" duration="00:00:00.0028729" startTime="2016-08-04T09:59:01.6389300+02:00" endTime="2016-08-04T09:59:01.6429179+02:00" testType="13cdc9d9-ddb5-4fa4-a97d-d965ccfc6d4b" outcome="Passed" testListId="8c84fa94-04c1-424b-9868-57a2d4851a1d" relativeResultsDirectory="c199c7c0-813c-474e-a783-f8fdfe5d1aa3" />
    <UnitTestResult executionId="eae45a1a-6bd6-4902-8e1a-d5c69ed3e050" testId="455850f8-3c54-05a0-9d36-a628c85e1860" testName="InvokeActivity_RequiredArgumentsMissing_ThrowsArgumentException" computerName="ICSWS068" duration="00:00:00.0019761" startTime="2016-08-04T09:59:01.6459194+02:00" endTime="2016-08-04T09:59:01.6494222+02:00" testType="13cdc9d9-ddb5-4fa4-a97d-d965ccfc6d4b" outcome="Passed" testListId="8c84fa94-04c1-424b-9868-57a2d4851a1d" relativeResultsDirectory="eae45a1a-6bd6-4902-8e1a-d5c69ed3e050" />
    <UnitTestResult executionId="bd36c1b9-b846-459e-8c75-9f7c1a2f4300" testId="9c3c7625-634f-fc31-db4f-65c8f18d52c5" testName="InvokeActivity_NormalExecution_Success" computerName="ICSWS068" duration="00:00:00.0041309" startTime="2016-08-04T09:59:01.6519412+02:00" endTime="2016-08-04T09:59:01.6579285+02:00" testType="13cdc9d9-ddb5-4fa4-a97d-d965ccfc6d4b" outcome="Passed" testListId="8c84fa94-04c1-424b-9868-57a2d4851a1d" relativeResultsDirectory="bd36c1b9-b846-459e-8c75-9f7c1a2f4300" />
    <UnitTestResult executionId="f3ad210a-9da7-448b-bb36-2f62fdfa6cfd" testId="19fd6089-6373-6d6b-4694-ff9635289985" testName="InvokeActivity_RepositoryError_ThrowsTestException" computerName="ICSWS068" duration="00:00:00.0022802" startTime="2016-08-04T09:59:01.6614308+02:00" endTime="2016-08-04T09:59:01.6647580+02:00" testType="13cdc9d9-ddb5-4fa4-a97d-d965ccfc6d4b" outcome="Passed" testListId="8c84fa94-04c1-424b-9868-57a2d4851a1d" relativeResultsDirectory="f3ad210a-9da7-448b-bb36-2f62fdfa6cfd" />
    <UnitTestResult executionId="356d6fcb-59a5-424a-bee7-9c0f1656327c" testId="3bdbfb4a-8b02-4f26-074f-6de91adf53b3" testName="InvokeActivity_RequiredArgumentsMissing_ThrowsArgumentException" computerName="ICSWS068" duration="00:00:00.0015723" startTime="2016-08-04T09:59:01.6682615+02:00" endTime="2016-08-04T09:59:01.6712802+02:00" testType="13cdc9d9-ddb5-4fa4-a97d-d965ccfc6d4b" outcome="Passed" testListId="8c84fa94-04c1-424b-9868-57a2d4851a1d" relativeResultsDirectory="356d6fcb-59a5-424a-bee7-9c0f1656327c" />
    <UnitTestResult executionId="5e0444d9-9d76-4785-a9d0-05ae42954a21" testId="77049093-4d94-96d2-1981-9c2525d88e13" testName="InvokeActivity_NormalExecution_Success" computerName="ICSWS068" duration="00:00:00.0060567" startTime="2016-08-04T09:59:01.6737687+02:00" endTime="2016-08-04T09:59:01.6812736+02:00" testType="13cdc9d9-ddb5-4fa4-a97d-d965ccfc6d4b" outcome="Passed" testListId="8c84fa94-04c1-424b-9868-57a2d4851a1d" relativeResultsDirectory="5e0444d9-9d76-4785-a9d0-05ae42954a21" />
    <UnitTestResult executionId="805bdac9-ff73-4349-9ee5-a78f2beb1053" testId="8fa7d785-7ae3-3375-9c9e-89dbf1bd82dc" testName="InvokeActivity_OnlyRequiredArgumentsSet_Success" computerName="ICSWS068" duration="00:00:00.0019597" startTime="2016-08-04T09:59:01.6847750+02:00" endTime="2016-08-04T09:59:01.6882790+02:00" testType="13cdc9d9-ddb5-4fa4-a97d-d965ccfc6d4b" outcome="Passed" testListId="8c84fa94-04c1-424b-9868-57a2d4851a1d" relativeResultsDirectory="805bdac9-ff73-4349-9ee5-a78f2beb1053" />
    <UnitTestResult executionId="affacd07-9ebb-4f11-a2f1-9258320cc2d2" testId="6287bb7f-b210-0559-7bcb-9246f52094e8" testName="InvokeActivity_RequiredArgumentsNotSet_ThrowsArgumentException" computerName="ICSWS068" duration="00:00:00.0020204" startTime="2016-08-04T09:59:01.6907811+02:00" endTime="2016-08-04T09:59:01.6945294+02:00" testType="13cdc9d9-ddb5-4fa4-a97d-d965ccfc6d4b" outcome="Passed" testListId="8c84fa94-04c1-424b-9868-57a2d4851a1d" relativeResultsDirectory="affacd07-9ebb-4f11-a2f1-9258320cc2d2" />
    <UnitTestResult executionId="42c4076c-48db-4edf-819d-5755a7b861bb" testId="3283f583-04a0-9f93-05f9-388f39561277" testName="InvokeActivity_NormalExecution_Success" computerName="ICSWS068" duration="00:00:00.0078948" startTime="2016-08-04T09:59:01.6975308+02:00" endTime="2016-08-04T09:59:01.7075426+02:00" testType="13cdc9d9-ddb5-4fa4-a97d-d965ccfc6d4b" outcome="Passed" testListId="8c84fa94-04c1-424b-9868-57a2d4851a1d" relativeResultsDirectory="42c4076c-48db-4edf-819d-5755a7b861bb" />
    <UnitTestResult executionId="742391b5-f342-442f-9e73-6c87388d7f9b" testId="b6b3438f-3185-21fe-6e39-a19d9e37b0f3" testName="InvokeActivity_NormalExecution_Success2" computerName="ICSWS068" duration="00:00:00.0043286" startTime="2016-08-04T09:59:01.7110455+02:00" endTime="2016-08-04T09:59:01.7169425+02:00" testType="13cdc9d9-ddb5-4fa4-a97d-d965ccfc6d4b" outcome="Passed" testListId="8c84fa94-04c1-424b-9868-57a2d4851a1d" relativeResultsDirectory="742391b5-f342-442f-9e73-6c87388d7f9b" />
    <UnitTestResult executionId="e1f5f915-8973-4bb5-a473-a73c2b3e5a4d" testId="4ac5033a-a9d8-d0ed-041f-992767c68a72" testName="InvokeActivity_MissingRequiredArgumentNodeId_Fails" computerName="ICSWS068" duration="00:00:00.0020075" startTime="2016-08-04T09:59:01.7194275+02:00" endTime="2016-08-04T09:59:01.7229348+02:00" testType="13cdc9d9-ddb5-4fa4-a97d-d965ccfc6d4b" outcome="Passed" testListId="8c84fa94-04c1-424b-9868-57a2d4851a1d" relativeResultsDirectory="e1f5f915-8973-4bb5-a473-a73c2b3e5a4d" />
    <UnitTestResult executionId="2d8d9cb1-ae5c-4ded-93c8-e67878dac8d9" testId="cd0faf3b-a3fc-5f28-d3ab-3669c235cb59" testName="InvokeActivity_RepositoryThrows_Rethrows" computerName="ICSWS068" duration="00:00:00.0038383" startTime="2016-08-04T09:59:01.7254371+02:00" endTime="2016-08-04T09:59:01.7309390+02:00" testType="13cdc9d9-ddb5-4fa4-a97d-d965ccfc6d4b" outcome="Passed" testListId="8c84fa94-04c1-424b-9868-57a2d4851a1d" relativeResultsDirectory="2d8d9cb1-ae5c-4ded-93c8-e67878dac8d9" />
    <UnitTestResult executionId="4022eebe-d567-43b6-9850-41500c59de32" testId="9a5aacca-805a-67ef-4d14-aee54817a6eb" testName="Invoke_CorrectArguemnts_ValidExecution" computerName="ICSWS068" duration="00:00:00.0104015" startTime="2016-08-04T09:59:01.7339413+02:00" endTime="2016-08-04T09:59:01.7459496+02:00" testType="13cdc9d9-ddb5-4fa4-a97d-d965ccfc6d4b" outcome="Passed" testListId="8c84fa94-04c1-424b-9868-57a2d4851a1d" relativeResultsDirectory="4022eebe-d567-43b6-9850-41500c59de32">
      <Output>
        <StdOut>Debug Trace:
0: WorkflowInstance "CopySettingActivity" is Started
1: Activity [null] "null" scheduled child activity [1] "CopySettingActivity"
2: Activity [1] "CopySettingActivity" is Executing
{
    Arguments
        CopyValues: True
        Description: Some text.
        Template: 61c76bd9-0bf5-4dc3-92cf-1325241d6197
        Identity: isetting
        Name: iSetting
}
3: WorkflowInstance "CopySettingActivity" is Idle
4: Activity [1] "CopySettingActivity" is Closed
{
    Arguments
        CopyValues: True
        Description: Some text.
        Template: 61c76bd9-0bf5-4dc3-92cf-1325241d6197
        Result: iSetting
        Identity: isetting
        Name: iSetting
}
5: WorkflowInstance "CopySettingActivity" is Completed</StdOut>
      </Output>
    </UnitTestResult>
    <UnitTestResult executionId="bb483597-7648-4cf0-869f-04f891599055" testId="0171d3af-3a3c-7104-2775-0643111e6439" testName="Invoke_CorrectArguemnts_CorrectNameUsed" computerName="ICSWS068" duration="00:00:00.0053837" startTime="2016-08-04T09:59:01.7499542+02:00" endTime="2016-08-04T09:59:01.7564574+02:00" testType="13cdc9d9-ddb5-4fa4-a97d-d965ccfc6d4b" outcome="Passed" testListId="8c84fa94-04c1-424b-9868-57a2d4851a1d" relativeResultsDirectory="bb483597-7648-4cf0-869f-04f891599055">
      <Output>
        <StdOut>Debug Trace:
0: WorkflowInstance "CopySettingActivity" is Started
1: Activity [null] "null" scheduled child activity [1] "CopySettingActivity"
2: Activity [1] "CopySettingActivity" is Executing
{
    Arguments
        CopyValues: True
        Description: Some text.
        Template: 56f5fb0a-aad2-4446-9cc9-541712ba2c0c
        Identity: isetting
        Name: iSetting
}
3: WorkflowInstance "CopySettingActivity" is Idle
4: Activity [1] "CopySettingActivity" is Closed
{
    Arguments
        CopyValues: True
        Description: Some text.
        Template: 56f5fb0a-aad2-4446-9cc9-541712ba2c0c
        Result: iSetting
        Identity: isetting
        Name: iSetting
}
5: WorkflowInstance "CopySettingActivity" is Completed</StdOut>
      </Output>
    </UnitTestResult>
    <UnitTestResult executionId="91cca25e-ca3e-4bbd-87f1-b6aa39926775" testId="457f9d77-eabc-3ac1-17eb-f8ff2799dd15" testName="Invoke_CorrectArguemnts_CorrectDescriptionUsed" computerName="ICSWS068" duration="00:00:00.0056796" startTime="2016-08-04T09:59:01.7599599+02:00" endTime="2016-08-04T09:59:01.7672827+02:00" testType="13cdc9d9-ddb5-4fa4-a97d-d965ccfc6d4b" outcome="Passed" testListId="8c84fa94-04c1-424b-9868-57a2d4851a1d" relativeResultsDirectory="91cca25e-ca3e-4bbd-87f1-b6aa39926775">
      <Output>
        <StdOut>Debug Trace:
0: WorkflowInstance "CopySettingActivity" is Started
1: Activity [null] "null" scheduled child activity [1] "CopySettingActivity"
2: Activity [1] "CopySettingActivity" is Executing
{
    Arguments
        CopyValues: True
        Description: Some text.
        Template: d581bfc0-89c7-4f12-9224-f5a24d45f1a2
        Identity: isetting
        Name: iSetting
}
3: WorkflowInstance "CopySettingActivity" is Idle
4: Activity [1] "CopySettingActivity" is Closed
{
    Arguments
        CopyValues: True
        Description: Some text.
        Template: d581bfc0-89c7-4f12-9224-f5a24d45f1a2
        Result: iSetting
        Identity: isetting
        Name: iSetting
}
5: WorkflowInstance "CopySettingActivity" is Completed</StdOut>
      </Output>
    </UnitTestResult>
    <UnitTestResult executionId="1f5d27b0-87dc-42ae-85b9-3083516779e7" testId="c5871017-6329-e411-ae72-654dabd0d7a7" testName="Invoke_CorrectArguemnts_CorrectIdentityUsed" computerName="ICSWS068" duration="00:00:00.0054673" startTime="2016-08-04T09:59:01.7697862+02:00" endTime="2016-08-04T09:59:01.7762761+02:00" testType="13cdc9d9-ddb5-4fa4-a97d-d965ccfc6d4b" outcome="Passed" testListId="8c84fa94-04c1-424b-9868-57a2d4851a1d" relativeResultsDirectory="1f5d27b0-87dc-42ae-85b9-3083516779e7">
      <Output>
        <StdOut>Debug Trace:
0: WorkflowInstance "CopySettingActivity" is Started
1: Activity [null] "null" scheduled child activity [1] "CopySettingActivity"
2: Activity [1] "CopySettingActivity" is Executing
{
    Arguments
        CopyValues: True
        Description: Some text.
        Template: 3343a01d-ff14-47b5-a958-5f28f95c599a
        Identity: isetting
        Name: iSetting
}
3: WorkflowInstance "CopySettingActivity" is Idle
4: Activity [1] "CopySettingActivity" is Closed
{
    Arguments
        CopyValues: True
        Description: Some text.
        Template: 3343a01d-ff14-47b5-a958-5f28f95c599a
        Result: iSetting
        Identity: isetting
        Name: iSetting
}
5: WorkflowInstance "CopySettingActivity" is Completed</StdOut>
      </Output>
    </UnitTestResult>
    <UnitTestResult executionId="e51c503d-898a-4375-9c52-e2597b839a3d" testId="9646d02b-c055-9cd5-23da-72f556cb83e7" testName="Invoke_CorrectArguemnts_CorrectTemplateUsed" computerName="ICSWS068" duration="00:00:00.0054626" startTime="2016-08-04T09:59:01.7792763+02:00" endTime="2016-08-04T09:59:01.7862812+02:00" testType="13cdc9d9-ddb5-4fa4-a97d-d965ccfc6d4b" outcome="Passed" testListId="8c84fa94-04c1-424b-9868-57a2d4851a1d" relativeResultsDirectory="e51c503d-898a-4375-9c52-e2597b839a3d">
      <Output>
        <StdOut>Debug Trace:
0: WorkflowInstance "CopySettingActivity" is Started
1: Activity [null] "null" scheduled child activity [1] "CopySettingActivity"
2: Activity [1] "CopySettingActivity" is Executing
{
    Arguments
        CopyValues: True
        Description: Some text.
        Template: 314c6947-2297-4071-8570-fadf16da33ac
        Identity: isetting
        Name: iSetting
}
3: WorkflowInstance "CopySettingActivity" is Idle
4: Activity [1] "CopySettingActivity" is Closed
{
    Arguments
        CopyValues: True
        Description: Some text.
        Template: 314c6947-2297-4071-8570-fadf16da33ac
        Result: iSetting
        Identity: isetting
        Name: iSetting
}
5: WorkflowInstance "CopySettingActivity" is Completed</StdOut>
      </Output>
    </UnitTestResult>
    <UnitTestResult executionId="1f80be9a-d34a-43aa-a7c6-5389112522a3" testId="2730d64e-22ec-9d77-5c62-0eeaa2c83499" testName="Invoke_CorrectArguemnts_CorrectCopyValuesUsed" computerName="ICSWS068" duration="00:00:00.0057878" startTime="2016-08-04T09:59:01.7887835+02:00" endTime="2016-08-04T09:59:01.7957889+02:00" testType="13cdc9d9-ddb5-4fa4-a97d-d965ccfc6d4b" outcome="Passed" testListId="8c84fa94-04c1-424b-9868-57a2d4851a1d" relativeResultsDirectory="1f80be9a-d34a-43aa-a7c6-5389112522a3">
      <Output>
        <StdOut>Debug Trace:
0: WorkflowInstance "CopySettingActivity" is Started
1: Activity [null] "null" scheduled child activity [1] "CopySettingActivity"
2: Activity [1] "CopySettingActivity" is Executing
{
    Arguments
        CopyValues: True
        Description: Some text.
        Template: 3f57517a-f4cb-4a8d-938f-ac0c6f068c75
        Identity: isetting
        Name: iSetting
}
3: WorkflowInstance "CopySettingActivity" is Idle
4: Activity [1] "CopySettingActivity" is Closed
{
    Arguments
        CopyValues: True
        Description: Some text.
        Template: 3f57517a-f4cb-4a8d-938f-ac0c6f068c75
        Result: iSetting
        Identity: isetting
        Name: iSetting
}
5: WorkflowInstance "CopySettingActivity" is Completed</StdOut>
      </Output>
    </UnitTestResult>
    <UnitTestResult executionId="02dae64b-6d37-4609-afbf-8707a64c1845" testId="3c7b63e1-21b7-2118-671b-8b5d0244c41a" testName="Invoke_DescriptionArgumentMissing_ValidExecution" computerName="ICSWS068" duration="00:00:00.0054813" startTime="2016-08-04T09:59:01.7987904+02:00" endTime="2016-08-04T09:59:01.8057961+02:00" testType="13cdc9d9-ddb5-4fa4-a97d-d965ccfc6d4b" outcome="Passed" testListId="8c84fa94-04c1-424b-9868-57a2d4851a1d" relativeResultsDirectory="02dae64b-6d37-4609-afbf-8707a64c1845">
      <Output>
        <StdOut>Debug Trace:
0: WorkflowInstance "CopySettingActivity" is Started
1: Activity [null] "null" scheduled child activity [1] "CopySettingActivity"
2: Activity [1] "CopySettingActivity" is Executing
{
    Arguments
        CopyValues: True
        Description: 
        Template: 5bd5769d-b30e-4d68-a00b-3f0cc77ebd37
        Identity: isetting
        Name: iSetting
}
3: WorkflowInstance "CopySettingActivity" is Idle
4: Activity [1] "CopySettingActivity" is Closed
{
    Arguments
        CopyValues: True
        Description: 
        Template: 5bd5769d-b30e-4d68-a00b-3f0cc77ebd37
        Result: iSetting
        Identity: isetting
        Name: iSetting
}
5: WorkflowInstance "CopySettingActivity" is Completed</StdOut>
      </Output>
    </UnitTestResult>
    <UnitTestResult executionId="09210f2d-4cdd-42a2-a889-5a0163c8cca0" testId="69bbe81f-d0c2-e9e3-2c6e-a2591268b62c" testName="Invoke_CorrectArguemnts_CorrectReturnValueAndType" computerName="ICSWS068" duration="00:00:00.0040884" startTime="2016-08-04T09:59:01.8087975+02:00" endTime="2016-08-04T09:59:01.8143015+02:00" testType="13cdc9d9-ddb5-4fa4-a97d-d965ccfc6d4b" outcome="Passed" testListId="8c84fa94-04c1-424b-9868-57a2d4851a1d" relativeResultsDirectory="09210f2d-4cdd-42a2-a889-5a0163c8cca0">
      <Output>
        <StdOut>Debug Trace:
0: WorkflowInstance "CopySettingActivity" is Started
1: Activity [null] "null" scheduled child activity [1] "CopySettingActivity"
2: Activity [1] "CopySettingActivity" is Executing
{
    Arguments
        CopyValues: True
        Description: Some text.
        Template: e0c37627-b5d6-4d83-ac53-f90362ad73f5
        Identity: isetting
        Name: iSetting
}
3: WorkflowInstance "CopySettingActivity" is Idle
4: Activity [1] "CopySettingActivity" is Closed
{
    Arguments
        CopyValues: True
        Description: Some text.
        Template: e0c37627-b5d6-4d83-ac53-f90362ad73f5
        Result: iSetting
        Identity: isetting
        Name: iSetting
}
5: WorkflowInstance "CopySettingActivity" is Completed</StdOut>
      </Output>
    </UnitTestResult>
    <UnitTestResult executionId="b329291c-4485-4ff1-adce-f653b56302b6" testId="1d61d9ff-97db-512f-c2f6-2c2f116e2ab1" testName="Invoke_NameIsNull_ValidExecution" computerName="ICSWS068" duration="00:00:00.0043084" startTime="2016-08-04T09:59:01.8168030+02:00" endTime="2016-08-04T09:59:01.8223073+02:00" testType="13cdc9d9-ddb5-4fa4-a97d-d965ccfc6d4b" outcome="Passed" testListId="8c84fa94-04c1-424b-9868-57a2d4851a1d" relativeResultsDirectory="b329291c-4485-4ff1-adce-f653b56302b6">
      <Output>
        <StdOut>Debug Trace:
0: WorkflowInstance "CopySettingActivity" is Started
1: Activity [null] "null" scheduled child activity [1] "CopySettingActivity"
2: Activity [1] "CopySettingActivity" is Executing
{
    Arguments
        CopyValues: True
        Description: Some text.
        Template: fe63ca6e-3695-479a-80c0-71253ad4c0be
        Identity: isetting
        Name: 
}
3: Activity [1] "CopySettingActivity" is Faulted
{
    Arguments
        CopyValues: True
        Description: Some text.
        Template: fe63ca6e-3695-479a-80c0-71253ad4c0be
        Result: 
        Identity: isetting
        Name: 
}
4: Fault source [1] "CopySettingActivity"
5: WorkflowInstance "CopySettingActivity" Unhandled Exception Source "CopySettingActivity" Exception &lt;System.ArgumentNullException: The Name argument is null.
Parameter name: Name
   at UnitTests.iCore.Workflow.Activities.iCPS.CopySettingActivityTests.WaitForException() in F:\ETWork\Main\Common\Assemblies\UnitTests.iCore.Workflow.Activities\iCPS\CopySettingActivityTests.cs:line 108
   at UnitTests.iCore.Workflow.Activities.iCPS.CopySettingActivityTests.Invoke_NameIsNull_ValidExecution() in F:\ETWork\Main\Common\Assemblies\UnitTests.iCore.Workflow.Activities\iCPS\CopySettingActivityTests.cs:line 370&gt;
6: WorkflowInstance Aborted [CopySettingActivity] Reason "The Name argument is null.
Parameter name: Name"</StdOut>
      </Output>
    </UnitTestResult>
    <UnitTestResult executionId="4904dcb8-837a-4a17-bd87-dd6b5e81be6d" testId="5598336a-0080-7bfd-d740-efa7f6c8ad25" testName="Invoke_IdentityIsNull_ValidExecution" computerName="ICSWS068" duration="00:00:00.0049195" startTime="2016-08-04T09:59:01.8253096+02:00" endTime="2016-08-04T09:59:01.8313150+02:00" testType="13cdc9d9-ddb5-4fa4-a97d-d965ccfc6d4b" outcome="Passed" testListId="8c84fa94-04c1-424b-9868-57a2d4851a1d" relativeResultsDirectory="4904dcb8-837a-4a17-bd87-dd6b5e81be6d">
      <Output>
        <StdOut>Debug Trace:
0: WorkflowInstance "CopySettingActivity" is Started
1: Activity [null] "null" scheduled child activity [1] "CopySettingActivity"
2: Activity [1] "CopySettingActivity" is Executing
{
    Arguments
        CopyValues: True
        Description: Some text.
        Template: 5b43d5fa-34bf-4178-9602-15ce3104da35
        Identity: 
        Name: iSetting
}
3: Activity [1] "CopySettingActivity" is Faulted
{
    Arguments
        CopyValues: True
        Description: Some text.
        Template: 5b43d5fa-34bf-4178-9602-15ce3104da35
        Result: 
        Identity: 
        Name: iSetting
}
4: Fault source [1] "CopySettingActivity"
5: WorkflowInstance "CopySettingActivity" Unhandled Exception Source "CopySettingActivity" Exception &lt;System.ArgumentNullException: The Identity argument is null.
Parameter name: Identity
   at UnitTests.iCore.Workflow.Activities.iCPS.CopySettingActivityTests.WaitForException() in F:\ETWork\Main\Common\Assemblies\UnitTests.iCore.Workflow.Activities\iCPS\CopySettingActivityTests.cs:line 108
   at UnitTests.iCore.Workflow.Activities.iCPS.CopySettingActivityTests.Invoke_IdentityIsNull_ValidExecution() in F:\ETWork\Main\Common\Assemblies\UnitTests.iCore.Workflow.Activities\iCPS\CopySettingActivityTests.cs:line 391&gt;
6: WorkflowInstance Aborted [CopySettingActivity] Reason "The Identity argument is null.
Parameter name: Identity"</StdOut>
      </Output>
    </UnitTestResult>
    <UnitTestResult executionId="9e962a78-b9ef-41d3-b12f-07e214ef2ee4" testId="c0687549-60a8-beff-b1e4-ab59ad04b7d6" testName="Invoke_DuplicateSettingName_ThrowsUniqueValueAddConflictException" computerName="ICSWS068" duration="00:00:00.0080578" startTime="2016-08-04T09:59:01.8342144+02:00" endTime="2016-08-04T09:59:01.8432383+02:00" testType="13cdc9d9-ddb5-4fa4-a97d-d965ccfc6d4b" outcome="Passed" testListId="8c84fa94-04c1-424b-9868-57a2d4851a1d" relativeResultsDirectory="9e962a78-b9ef-41d3-b12f-07e214ef2ee4">
      <Output>
        <StdOut>Debug Trace:
0: WorkflowInstance "CopySettingActivity" is Started
1: Activity [null] "null" scheduled child activity [1] "CopySettingActivity"
2: Activity [1] "CopySettingActivity" is Executing
{
    Arguments
        CopyValues: True
        Description: Some text.
        Template: 88c542e4-62b2-42e1-abd6-b3133a8c1f96
        Identity: isetting
        Name: iSetting
}
3: WorkflowInstance "CopySettingActivity" is Idle
4: Activity [1] "CopySettingActivity" is Faulted
{
    Arguments
        CopyValues: True
        Description: Some text.
        Template: 88c542e4-62b2-42e1-abd6-b3133a8c1f96
        Result: 
        Identity: isetting
        Name: iSetting
}
5: Fault source [1] "CopySettingActivity"
6: WorkflowInstance "CopySettingActivity" Unhandled Exception Source "CopySettingActivity" Exception &lt;iCore.Public.Types.UniqueValueAddConflictException: Identity is not unique.
   at UnitTests.iCore.Workflow.Activities.iCPS.CopySettingActivityTests.WaitForException() in F:\ETWork\Main\Common\Assemblies\UnitTests.iCore.Workflow.Activities\iCPS\CopySettingActivityTests.cs:line 108
   at UnitTests.iCore.Workflow.Activities.iCPS.CopySettingActivityTests.Invoke_DuplicateSettingName_ThrowsUniqueValueAddConflictException() in F:\ETWork\Main\Common\Assemblies\UnitTests.iCore.Workflow.Activities\iCPS\CopySettingActivityTests.cs:line 420&gt;
7: WorkflowInstance Aborted [CopySettingActivity] Reason "Identity is not unique."</StdOut>
      </Output>
    </UnitTestResult>
    <UnitTestResult executionId="b5a848f3-c245-46dd-8c6e-abd2c20a331b" testId="2bfa9afb-7bb3-c68e-c0d8-9f466ba5af5e" testName="Invoke_DuplicateSettingIdentity_ThrowsUniqueValueAddConflictException" computerName="ICSWS068" duration="00:00:00.0047037" startTime="2016-08-04T09:59:01.8462230+02:00" endTime="2016-08-04T09:59:01.8522285+02:00" testType="13cdc9d9-ddb5-4fa4-a97d-d965ccfc6d4b" outcome="Passed" testListId="8c84fa94-04c1-424b-9868-57a2d4851a1d" relativeResultsDirectory="b5a848f3-c245-46dd-8c6e-abd2c20a331b">
      <Output>
        <StdOut>Debug Trace:
0: WorkflowInstance "CopySettingActivity" is Started
1: Activity [null] "null" scheduled child activity [1] "CopySettingActivity"
2: Activity [1] "CopySettingActivity" is Executing
{
    Arguments
        CopyValues: True
        Description: Some text.
        Template: 4571496a-0db0-4f89-bab0-b18f8ff3a8f4
        Identity: isetting
        Name: iSetting
}
3: WorkflowInstance "CopySettingActivity" is Idle
4: Activity [1] "CopySettingActivity" is Faulted
{
    Arguments
        CopyValues: True
        Description: Some text.
        Template: 4571496a-0db0-4f89-bab0-b18f8ff3a8f4
        Result: 
        Identity: isetting
        Name: iSetting
}
5: Fault source [1] "CopySettingActivity"
6: WorkflowInstance "CopySettingActivity" Unhandled Exception Source "CopySettingActivity" Exception &lt;iCore.Public.Types.UniqueValueAddConflictException: Identity is not unique.
   at UnitTests.iCore.Workflow.Activities.iCPS.CopySettingActivityTests.WaitForException() in F:\ETWork\Main\Common\Assemblies\UnitTests.iCore.Workflow.Activities\iCPS\CopySettingActivityTests.cs:line 108
   at UnitTests.iCore.Workflow.Activities.iCPS.CopySettingActivityTests.Invoke_DuplicateSettingIdentity_ThrowsUniqueValueAddConflictException() in F:\ETWork\Main\Common\Assemblies\UnitTests.iCore.Workflow.Activities\iCPS\CopySettingActivityTests.cs:line 449&gt;
7: WorkflowInstance Aborted [CopySettingActivity] Reason "Identity is not unique."</StdOut>
      </Output>
    </UnitTestResult>
    <UnitTestResult executionId="b5f602f6-794e-46bf-97b6-a7ea6ad104d9" testId="aae3e69b-9c41-75e6-12a1-803612298ded" testName="Invoke_NonNullableArgumentIsNull_ThrowsArgumentNullException" computerName="ICSWS068" duration="00:00:00.1303438" startTime="2016-08-04T09:59:01.8552293+02:00" endTime="2016-08-04T09:59:01.9871860+02:00" testType="13cdc9d9-ddb5-4fa4-a97d-d965ccfc6d4b" outcome="Passed" testListId="8c84fa94-04c1-424b-9868-57a2d4851a1d" relativeResultsDirectory="b5f602f6-794e-46bf-97b6-a7ea6ad104d9" />
    <UnitTestResult executionId="e96a3fca-6f48-464c-8dfe-b161ca0aea59" testId="10ba1163-349d-0c1d-cb02-8c84b907bad7" testName="Invoke_RequiredArgumentIsMissing_ThrowsArgumentException" computerName="ICSWS068" duration="00:00:00.0017269" startTime="2016-08-04T09:59:01.9896874+02:00" endTime="2016-08-04T09:59:01.9926900+02:00" testType="13cdc9d9-ddb5-4fa4-a97d-d965ccfc6d4b" outcome="Passed" testListId="8c84fa94-04c1-424b-9868-57a2d4851a1d" relativeResultsDirectory="e96a3fca-6f48-464c-8dfe-b161ca0aea59" />
    <UnitTestResult executionId="36414800-b1de-4c9d-a6d4-0cc1fb2179d0" testId="a9fa6eb3-d097-dba7-8c27-d85d9b3d598a" testName="Invoke_OptionalArgumentIsMissing_ValidExecution" computerName="ICSWS068" duration="00:00:00.0001507" startTime="2016-08-04T09:59:01.9961923+02:00" endTime="2016-08-04T09:59:01.9971929+02:00" testType="13cdc9d9-ddb5-4fa4-a97d-d965ccfc6d4b" outcome="Passed" testListId="8c84fa94-04c1-424b-9868-57a2d4851a1d" relativeResultsDirectory="36414800-b1de-4c9d-a6d4-0cc1fb2179d0" />
    <UnitTestResult executionId="086a3e01-bfd5-4ce5-8d96-a0b872bf96a7" testId="c16a1dca-0dbd-0c2d-f276-22045eb4552d" testName="Invoke_CorrectArguments_ValidExecution" computerName="ICSWS068" duration="00:00:00.0048969" startTime="2016-08-04T09:59:02.0001951+02:00" endTime="2016-08-04T09:59:02.0061991+02:00" testType="13cdc9d9-ddb5-4fa4-a97d-d965ccfc6d4b" outcome="Passed" testListId="8c84fa94-04c1-424b-9868-57a2d4851a1d" relativeResultsDirectory="086a3e01-bfd5-4ce5-8d96-a0b872bf96a7">
      <Output>
        <StdOut>Debug Trace:
0: WorkflowInstance "RerunJobActivity" is Started
1: Activity [null] "null" scheduled child activity [1] "RerunJobActivity"
2: Activity [1] "RerunJobActivity" is Executing
{
    Arguments
        JobId: 123
}
3: Activity [1] "RerunJobActivity" is Closed
{
    Arguments
        JobId: 123
}
4: WorkflowInstance "RerunJobActivity" is Completed</StdOut>
      </Output>
    </UnitTestResult>
    <UnitTestResult executionId="c96df079-116a-4c12-bbca-c9d0844d4a4a" testId="7f68adea-53c4-d981-fe23-1aea0946049a" testName="Invoke_CorrectArguments_ValidExecution" computerName="ICSWS068" duration="00:00:00.0096639" startTime="2016-08-04T09:59:02.0092020+02:00" endTime="2016-08-04T09:59:02.0207098+02:00" testType="13cdc9d9-ddb5-4fa4-a97d-d965ccfc6d4b" outcome="Passed" testListId="8c84fa94-04c1-424b-9868-57a2d4851a1d" relativeResultsDirectory="c96df079-116a-4c12-bbca-c9d0844d4a4a">
      <Output>
        <StdOut>Debug Trace:
0: WorkflowInstance "CopyPartnerActivity" is Started
1: Activity [null] "null" scheduled child activity [1] "CopyPartnerActivity"
2: Activity [1] "CopyPartnerActivity" is Executing
{
    Arguments
        CopyValues: True
        Description: Some text.
        Template: 8b1af7a5-9466-4855-aa14-e6a7fa2ac81b
        Identity: ipartner
        Name: iPartner
}
3: WorkflowInstance "CopyPartnerActivity" is Idle
4: Activity [1] "CopyPartnerActivity" is Closed
{
    Arguments
        CopyValues: True
        Description: Some text.
        Template: 8b1af7a5-9466-4855-aa14-e6a7fa2ac81b
        Result: iPartner
        Identity: ipartner
        Name: iPartner
}
5: WorkflowInstance "CopyPartnerActivity" is Completed</StdOut>
      </Output>
    </UnitTestResult>
    <UnitTestResult executionId="ebe38323-0cb8-4cb4-bef8-372902a52766" testId="eb492043-4092-1166-7b60-f4b5c630f1b3" testName="Invoke_CorrectArguments_CorrectNameUsed" computerName="ICSWS068" duration="00:00:00.0059582" startTime="2016-08-04T09:59:02.0232115+02:00" endTime="2016-08-04T09:59:02.0307166+02:00" testType="13cdc9d9-ddb5-4fa4-a97d-d965ccfc6d4b" outcome="Passed" testListId="8c84fa94-04c1-424b-9868-57a2d4851a1d" relativeResultsDirectory="ebe38323-0cb8-4cb4-bef8-372902a52766">
      <Output>
        <StdOut>Debug Trace:
0: WorkflowInstance "CopyPartnerActivity" is Started
1: Activity [null] "null" scheduled child activity [1] "CopyPartnerActivity"
2: Activity [1] "CopyPartnerActivity" is Executing
{
    Arguments
        CopyValues: True
        Description: Some text.
        Template: 7ae0836f-94b4-4dd8-9409-3fab25a60bfb
        Identity: ipartner
        Name: iPartner
}
3: WorkflowInstance "CopyPartnerActivity" is Idle
4: Activity [1] "CopyPartnerActivity" is Closed
{
    Arguments
        CopyValues: True
        Description: Some text.
        Template: 7ae0836f-94b4-4dd8-9409-3fab25a60bfb
        Result: iPartner
        Identity: ipartner
        Name: iPartner
}
5: WorkflowInstance "CopyPartnerActivity" is Completed</StdOut>
      </Output>
    </UnitTestResult>
    <UnitTestResult executionId="dcf2232c-c264-4752-980c-c768c4a1494f" testId="dd62b83a-9de8-31e6-8f60-1f9daee242fe" testName="Invoke_CorrectArguments_CorrectDescriptionUsed" computerName="ICSWS068" duration="00:00:00.0054731" startTime="2016-08-04T09:59:02.0332186+02:00" endTime="2016-08-04T09:59:02.0402411+02:00" testType="13cdc9d9-ddb5-4fa4-a97d-d965ccfc6d4b" outcome="Passed" testListId="8c84fa94-04c1-424b-9868-57a2d4851a1d" relativeResultsDirectory="dcf2232c-c264-4752-980c-c768c4a1494f">
      <Output>
        <StdOut>Debug Trace:
0: WorkflowInstance "CopyPartnerActivity" is Started
1: Activity [null] "null" scheduled child activity [1] "CopyPartnerActivity"
2: Activity [1] "CopyPartnerActivity" is Executing
{
    Arguments
        CopyValues: True
        Description: Some text.
        Template: d8328b43-5722-4667-b7cb-336fec37d7e0
        Identity: ipartner
        Name: iPartner
}
3: WorkflowInstance "CopyPartnerActivity" is Idle
4: Activity [1] "CopyPartnerActivity" is Closed
{
    Arguments
        CopyValues: True
        Description: Some text.
        Template: d8328b43-5722-4667-b7cb-336fec37d7e0
        Result: iPartner
        Identity: ipartner
        Name: iPartner
}
5: WorkflowInstance "CopyPartnerActivity" is Completed</StdOut>
      </Output>
    </UnitTestResult>
    <UnitTestResult executionId="bac1a72b-6d98-46a1-9583-00159d6bf450" testId="13a57d90-e5a1-0565-7104-205a7c35d9e4" testName="Invoke_CorrectArguments_CorrectIdentityUsed" computerName="ICSWS068" duration="00:00:00.0056010" startTime="2016-08-04T09:59:02.0427255+02:00" endTime="2016-08-04T09:59:02.0497313+02:00" testType="13cdc9d9-ddb5-4fa4-a97d-d965ccfc6d4b" outcome="Passed" testListId="8c84fa94-04c1-424b-9868-57a2d4851a1d" relativeResultsDirectory="bac1a72b-6d98-46a1-9583-00159d6bf450">
      <Output>
        <StdOut>Debug Trace:
0: WorkflowInstance "CopyPartnerActivity" is Started
1: Activity [null] "null" scheduled child activity [1] "CopyPartnerActivity"
2: Activity [1] "CopyPartnerActivity" is Executing
{
    Arguments
        CopyValues: True
        Description: Some text.
        Template: 86759835-039c-4f48-b798-e3ebdb1ae244
        Identity: ipartner
        Name: iPartner
}
3: WorkflowInstance "CopyPartnerActivity" is Idle
4: Activity [1] "CopyPartnerActivity" is Closed
{
    Arguments
        CopyValues: True
        Description: Some text.
        Template: 86759835-039c-4f48-b798-e3ebdb1ae244
        Result: iPartner
        Identity: ipartner
        Name: iPartner
}
5: WorkflowInstance "CopyPartnerActivity" is Completed</StdOut>
      </Output>
    </UnitTestResult>
    <UnitTestResult executionId="07cd0b84-d592-4c87-94a9-b846486e29f2" testId="3fe55250-ed25-1033-df11-2fa9bbc139bb" testName="Invoke_CorrectArguments_CorrectTemplateUsed" computerName="ICSWS068" duration="00:00:00.0056764" startTime="2016-08-04T09:59:02.0527327+02:00" endTime="2016-08-04T09:59:02.0597381+02:00" testType="13cdc9d9-ddb5-4fa4-a97d-d965ccfc6d4b" outcome="Passed" testListId="8c84fa94-04c1-424b-9868-57a2d4851a1d" relativeResultsDirectory="07cd0b84-d592-4c87-94a9-b846486e29f2">
      <Output>
        <StdOut>Debug Trace:
0: WorkflowInstance "CopyPartnerActivity" is Started
1: Activity [null] "null" scheduled child activity [1] "CopyPartnerActivity"
2: Activity [1] "CopyPartnerActivity" is Executing
{
    Arguments
        CopyValues: True
        Description: Some text.
        Template: 9cdd1c08-80cf-4484-956e-244744f04cb4
        Identity: ipartner
        Name: iPartner
}
3: WorkflowInstance "CopyPartnerActivity" is Idle
4: Activity [1] "CopyPartnerActivity" is Closed
{
    Arguments
        CopyValues: True
        Description: Some text.
        Template: 9cdd1c08-80cf-4484-956e-244744f04cb4
        Result: iPartner
        Identity: ipartner
        Name: iPartner
}
5: WorkflowInstance "CopyPartnerActivity" is Completed</StdOut>
      </Output>
    </UnitTestResult>
    <UnitTestResult executionId="a794c703-99ae-4407-871f-f961be723894" testId="b952d731-679e-1da9-23d8-59838ced47b8" testName="Invoke_CorrectArguments_CorrectCopyValuesUsed" computerName="ICSWS068" duration="00:00:00.0054341" startTime="2016-08-04T09:59:02.0627416+02:00" endTime="2016-08-04T09:59:02.0692635+02:00" testType="13cdc9d9-ddb5-4fa4-a97d-d965ccfc6d4b" outcome="Passed" testListId="8c84fa94-04c1-424b-9868-57a2d4851a1d" relativeResultsDirectory="a794c703-99ae-4407-871f-f961be723894">
      <Output>
        <StdOut>Debug Trace:
0: WorkflowInstance "CopyPartnerActivity" is Started
1: Activity [null] "null" scheduled child activity [1] "CopyPartnerActivity"
2: Activity [1] "CopyPartnerActivity" is Executing
{
    Arguments
        CopyValues: True
        Description: Some text.
        Template: 9e0f847e-5e0a-47d2-a9ff-dba557667245
        Identity: ipartner
        Name: iPartner
}
3: WorkflowInstance "CopyPartnerActivity" is Idle
4: Activity [1] "CopyPartnerActivity" is Closed
{
    Arguments
        CopyValues: True
        Description: Some text.
        Template: 9e0f847e-5e0a-47d2-a9ff-dba557667245
        Result: iPartner
        Identity: ipartner
        Name: iPartner
}
5: WorkflowInstance "CopyPartnerActivity" is Completed</StdOut>
      </Output>
    </UnitTestResult>
    <UnitTestResult executionId="6d0c5c4c-f5cd-4bd3-94d3-6e22ba2e9325" testId="223399e6-dcc8-902d-6aea-6e21523e1395" testName="Invoke_DescriptionArgumentMissing_ValidExecution" computerName="ICSWS068" duration="00:00:00.0053500" startTime="2016-08-04T09:59:02.0722499+02:00" endTime="2016-08-04T09:59:02.0787739+02:00" testType="13cdc9d9-ddb5-4fa4-a97d-d965ccfc6d4b" outcome="Passed" testListId="8c84fa94-04c1-424b-9868-57a2d4851a1d" relativeResultsDirectory="6d0c5c4c-f5cd-4bd3-94d3-6e22ba2e9325">
      <Output>
        <StdOut>Debug Trace:
0: WorkflowInstance "CopyPartnerActivity" is Started
1: Activity [null] "null" scheduled child activity [1] "CopyPartnerActivity"
2: Activity [1] "CopyPartnerActivity" is Executing
{
    Arguments
        CopyValues: True
        Description: 
        Template: 5931c0b7-3cfc-4d2a-920f-228c484d29ec
        Identity: ipartner
        Name: iPartner
}
3: WorkflowInstance "CopyPartnerActivity" is Idle
4: Activity [1] "CopyPartnerActivity" is Closed
{
    Arguments
        CopyValues: True
        Description: 
        Template: 5931c0b7-3cfc-4d2a-920f-228c484d29ec
        Result: iPartner
        Identity: ipartner
        Name: iPartner
}
5: WorkflowInstance "CopyPartnerActivity" is Completed</StdOut>
      </Output>
    </UnitTestResult>
    <UnitTestResult executionId="cc2b926b-884f-4a22-84b1-632666e3bdf4" testId="7225dbd9-4bcf-11c0-3676-fcb8588f48ab" testName="Invoke_CorrectArguments_CorrectReturnValueAndType" computerName="ICSWS068" duration="00:00:00.0042538" startTime="2016-08-04T09:59:02.0817600+02:00" endTime="2016-08-04T09:59:02.0872796+02:00" testType="13cdc9d9-ddb5-4fa4-a97d-d965ccfc6d4b" outcome="Passed" testListId="8c84fa94-04c1-424b-9868-57a2d4851a1d" relativeResultsDirectory="cc2b926b-884f-4a22-84b1-632666e3bdf4">
      <Output>
        <StdOut>Debug Trace:
0: WorkflowInstance "CopyPartnerActivity" is Started
1: Activity [null] "null" scheduled child activity [1] "CopyPartnerActivity"
2: Activity [1] "CopyPartnerActivity" is Executing
{
    Arguments
        CopyValues: True
        Description: Some text.
        Template: 55c11fff-4744-458d-872e-394b873960bc
        Identity: ipartner
        Name: iPartner
}
3: WorkflowInstance "CopyPartnerActivity" is Idle
4: Activity [1] "CopyPartnerActivity" is Closed
{
    Arguments
        CopyValues: True
        Description: Some text.
        Template: 55c11fff-4744-458d-872e-394b873960bc
        Result: iPartner
        Identity: ipartner
        Name: iPartner
}
5: WorkflowInstance "CopyPartnerActivity" is Completed</StdOut>
      </Output>
    </UnitTestResult>
    <UnitTestResult executionId="89f1a2f0-bb72-4577-8cb4-157303ca0674" testId="0f633aa8-6f99-c3e4-598b-7387fa0c955d" testName="Invoke_NameIsNull_ValidExecution" computerName="ICSWS068" duration="00:00:00.0044075" startTime="2016-08-04T09:59:02.0897819+02:00" endTime="2016-08-04T09:59:02.0957894+02:00" testType="13cdc9d9-ddb5-4fa4-a97d-d965ccfc6d4b" outcome="Passed" testListId="8c84fa94-04c1-424b-9868-57a2d4851a1d" relativeResultsDirectory="89f1a2f0-bb72-4577-8cb4-157303ca0674">
      <Output>
        <StdOut>Debug Trace:
0: WorkflowInstance "CopyPartnerActivity" is Started
1: Activity [null] "null" scheduled child activity [1] "CopyPartnerActivity"
2: Activity [1] "CopyPartnerActivity" is Executing
{
    Arguments
        CopyValues: True
        Description: Some text.
        Template: c75bcbe0-6d5c-4e17-96a2-cdc6f6fd7480
        Identity: ipartner
        Name: 
}
3: Activity [1] "CopyPartnerActivity" is Faulted
{
    Arguments
        CopyValues: True
        Description: Some text.
        Template: c75bcbe0-6d5c-4e17-96a2-cdc6f6fd7480
        Result: 
        Identity: ipartner
        Name: 
}
4: Fault source [1] "CopyPartnerActivity"
5: WorkflowInstance "CopyPartnerActivity" Unhandled Exception Source "CopyPartnerActivity" Exception &lt;System.ArgumentNullException: The Name argument is null.
Parameter name: Name
   at UnitTests.iCore.Workflow.Activities.iCPS.CopyPartnerActivityTests.WaitForException() in F:\ETWork\Main\Common\Assemblies\UnitTests.iCore.Workflow.Activities\iCPS\CopyPartnerActivityTests.cs:line 109
   at UnitTests.iCore.Workflow.Activities.iCPS.CopyPartnerActivityTests.Invoke_NameIsNull_ValidExecution() in F:\ETWork\Main\Common\Assemblies\UnitTests.iCore.Workflow.Activities\iCPS\CopyPartnerActivityTests.cs:line 371&gt;
6: WorkflowInstance Aborted [CopyPartnerActivity] Reason "The Name argument is null.
Parameter name: Name"</StdOut>
      </Output>
    </UnitTestResult>
    <UnitTestResult executionId="01cc95f4-b140-4f3f-9ba9-9e9f05f34dda" testId="9c434d84-81b8-a247-81ab-b4a95b399586" testName="Invoke_IdentityIsNull_ValidExecution" computerName="ICSWS068" duration="00:00:00.0041101" startTime="2016-08-04T09:59:02.0982750+02:00" endTime="2016-08-04T09:59:02.1036268+02:00" testType="13cdc9d9-ddb5-4fa4-a97d-d965ccfc6d4b" outcome="Passed" testListId="8c84fa94-04c1-424b-9868-57a2d4851a1d" relativeResultsDirectory="01cc95f4-b140-4f3f-9ba9-9e9f05f34dda">
      <Output>
        <StdOut>Debug Trace:
0: WorkflowInstance "CopyPartnerActivity" is Started
1: Activity [null] "null" scheduled child activity [1] "CopyPartnerActivity"
2: Activity [1] "CopyPartnerActivity" is Executing
{
    Arguments
        CopyValues: True
        Description: Some text.
        Template: 4e3f67b9-f687-4d13-ad17-76f03394ec55
        Identity: 
        Name: iPartner
}
3: Activity [1] "CopyPartnerActivity" is Faulted
{
    Arguments
        CopyValues: True
        Description: Some text.
        Template: 4e3f67b9-f687-4d13-ad17-76f03394ec55
        Result: 
        Identity: 
        Name: iPartner
}
4: Fault source [1] "CopyPartnerActivity"
5: WorkflowInstance "CopyPartnerActivity" Unhandled Exception Source "CopyPartnerActivity" Exception &lt;System.ArgumentNullException: The Identity argument is null.
Parameter name: Identity
   at UnitTests.iCore.Workflow.Activities.iCPS.CopyPartnerActivityTests.WaitForException() in F:\ETWork\Main\Common\Assemblies\UnitTests.iCore.Workflow.Activities\iCPS\CopyPartnerActivityTests.cs:line 109
   at UnitTests.iCore.Workflow.Activities.iCPS.CopyPartnerActivityTests.Invoke_IdentityIsNull_ValidExecution() in F:\ETWork\Main\Common\Assemblies\UnitTests.iCore.Workflow.Activities\iCPS\CopyPartnerActivityTests.cs:line 392&gt;
6: WorkflowInstance Aborted [CopyPartnerActivity] Reason "The Identity argument is null.
Parameter name: Identity"</StdOut>
      </Output>
    </UnitTestResult>
    <UnitTestResult executionId="8334eec0-0ba2-49bc-906c-574fcb6313f6" testId="ca50d2ce-4a5c-eb58-bc21-da3788690786" testName="Invoke_DuplicatePartnerName_ThrowsUniqueValueAddConflictException" computerName="ICSWS068" duration="00:00:00.0047899" startTime="2016-08-04T09:59:02.1066291+02:00" endTime="2016-08-04T09:59:02.1116337+02:00" testType="13cdc9d9-ddb5-4fa4-a97d-d965ccfc6d4b" outcome="Passed" testListId="8c84fa94-04c1-424b-9868-57a2d4851a1d" relativeResultsDirectory="8334eec0-0ba2-49bc-906c-574fcb6313f6">
      <Output>
        <StdOut>Debug Trace:
0: WorkflowInstance "CopyPartnerActivity" is Started
1: Activity [null] "null" scheduled child activity [1] "CopyPartnerActivity"
2: Activity [1] "CopyPartnerActivity" is Executing
{
    Arguments
        CopyValues: True
        Description: Some text.
        Template: 487879d2-0665-48ca-90ee-ccb7582352d3
        Identity: ipartner
        Name: iPartner
}
3: WorkflowInstance "CopyPartnerActivity" is Idle
4: Activity [1] "CopyPartnerActivity" is Faulted
{
    Arguments
        CopyValues: True
        Description: Some text.
        Template: 487879d2-0665-48ca-90ee-ccb7582352d3
        Result: 
        Identity: ipartner
        Name: iPartner
}
5: Fault source [1] "CopyPartnerActivity"
6: WorkflowInstance "CopyPartnerActivity" Unhandled Exception Source "CopyPartnerActivity" Exception &lt;iCore.Public.Types.UniqueValueAddConflictException: Identity is not unique.
   at UnitTests.iCore.Workflow.Activities.iCPS.CopyPartnerActivityTests.WaitForException() in F:\ETWork\Main\Common\Assemblies\UnitTests.iCore.Workflow.Activities\iCPS\CopyPartnerActivityTests.cs:line 109
   at UnitTests.iCore.Workflow.Activities.iCPS.CopyPartnerActivityTests.Invoke_DuplicatePartnerName_ThrowsUniqueValueAddConflictException() in F:\ETWork\Main\Common\Assemblies\UnitTests.iCore.Workflow.Activities\iCPS\CopyPartnerActivityTests.cs:line 421&gt;
7: WorkflowInstance Aborted [CopyPartnerActivity] Reason "Identity is not unique."</StdOut>
      </Output>
    </UnitTestResult>
    <UnitTestResult executionId="673c5672-7524-402e-8cef-c6649f3082e1" testId="e9164873-6ae1-6095-6b9d-727925e5cf8f" testName="Invoke_DuplicatePartnerIdentity_ThrowsUniqueValueAddConflictException" computerName="ICSWS068" duration="00:00:00.0047300" startTime="2016-08-04T09:59:02.1151058+02:00" endTime="2016-08-04T09:59:02.1211110+02:00" testType="13cdc9d9-ddb5-4fa4-a97d-d965ccfc6d4b" outcome="Passed" testListId="8c84fa94-04c1-424b-9868-57a2d4851a1d" relativeResultsDirectory="673c5672-7524-402e-8cef-c6649f3082e1">
      <Output>
        <StdOut>Debug Trace:
0: WorkflowInstance "CopyPartnerActivity" is Started
1: Activity [null] "null" scheduled child activity [1] "CopyPartnerActivity"
2: Activity [1] "CopyPartnerActivity" is Executing
{
    Arguments
        CopyValues: True
        Description: Some text.
        Template: 020a9200-b00f-4c55-9886-d010cba2730d
        Identity: ipartner
        Name: iPartner
}
3: WorkflowInstance "CopyPartnerActivity" is Idle
4: Activity [1] "CopyPartnerActivity" is Faulted
{
    Arguments
        CopyValues: True
        Description: Some text.
        Template: 020a9200-b00f-4c55-9886-d010cba2730d
        Result: 
        Identity: ipartner
        Name: iPartner
}
5: Fault source [1] "CopyPartnerActivity"
6: WorkflowInstance "CopyPartnerActivity" Unhandled Exception Source "CopyPartnerActivity" Exception &lt;iCore.Public.Types.UniqueValueAddConflictException: Identity is not unique.
   at UnitTests.iCore.Workflow.Activities.iCPS.CopyPartnerActivityTests.WaitForException() in F:\ETWork\Main\Common\Assemblies\UnitTests.iCore.Workflow.Activities\iCPS\CopyPartnerActivityTests.cs:line 109
   at UnitTests.iCore.Workflow.Activities.iCPS.CopyPartnerActivityTests.Invoke_DuplicatePartnerIdentity_ThrowsUniqueValueAddConflictException() in F:\ETWork\Main\Common\Assemblies\UnitTests.iCore.Workflow.Activities\iCPS\CopyPartnerActivityTests.cs:line 450&gt;
7: WorkflowInstance Aborted [CopyPartnerActivity] Reason "Identity is not unique."</StdOut>
      </Output>
    </UnitTestResult>
    <UnitTestResult executionId="45370fb3-ebe4-49e5-9fd2-c8088876c80a" testId="e1efde70-bcdb-d4a6-3c75-e03140898f7f" testName="Invoke_CorrectArguments_ValidExecution" computerName="ICSWS068" duration="00:00:00.0137134" startTime="2016-08-04T09:59:02.1241121+02:00" endTime="2016-08-04T09:59:02.1391420+02:00" testType="13cdc9d9-ddb5-4fa4-a97d-d965ccfc6d4b" outcome="Passed" testListId="8c84fa94-04c1-424b-9868-57a2d4851a1d" relativeResultsDirectory="45370fb3-ebe4-49e5-9fd2-c8088876c80a">
      <Output>
        <StdOut>Debug Trace:
0: WorkflowInstance "CreateNodeActivity" is Started
1: Activity [null] "null" scheduled child activity [1] "CreateNodeActivity"
2: Activity [1] "CreateNodeActivity" is Executing
{
    Arguments
        Retain: False
        NodeType: 00000000-0000-0000-0000-000000000000
        Partner: 00000000-0000-0000-0000-000000000000
        NodeTypeVersion: 00000000-0000-0000-0000-000000000000
        Source: 
        Name: MyNewNode
}
3: WorkflowInstance "CreateNodeActivity" is Idle
4: Activity [1] "CreateNodeActivity" is Closed
{
    Arguments
        Retain: False
        NodeType: 00000000-0000-0000-0000-000000000000
        Partner: 00000000-0000-0000-0000-000000000000
        NodeFileName: C:\Nodes\MyNewNode.node
        NodeTypeVersion: 00000000-0000-0000-0000-000000000000
        Result: 1
        Source: 
        Name: MyNewNode
}
5: WorkflowInstance "CreateNodeActivity" is Completed</StdOut>
      </Output>
    </UnitTestResult>
    <UnitTestResult executionId="5ada8fbc-dfb3-4a00-af3c-c149b364035b" testId="bcb2946a-0938-b9bd-dcaa-d6bf834ec3c6" testName="Invoke_CorrectArguments_CorrectNameUsed" computerName="ICSWS068" duration="00:00:00.0060799" startTime="2016-08-04T09:59:02.1416291+02:00" endTime="2016-08-04T09:59:02.1491334+02:00" testType="13cdc9d9-ddb5-4fa4-a97d-d965ccfc6d4b" outcome="Passed" testListId="8c84fa94-04c1-424b-9868-57a2d4851a1d" relativeResultsDirectory="5ada8fbc-dfb3-4a00-af3c-c149b364035b">
      <Output>
        <StdOut>Debug Trace:
0: WorkflowInstance "CreateNodeActivity" is Started
1: Activity [null] "null" scheduled child activity [1] "CreateNodeActivity"
2: Activity [1] "CreateNodeActivity" is Executing
{
    Arguments
        Retain: False
        NodeType: 00000000-0000-0000-0000-000000000000
        Partner: 00000000-0000-0000-0000-000000000000
        NodeTypeVersion: 00000000-0000-0000-0000-000000000000
        Source: 
        Name: MyNewNode
}
3: WorkflowInstance "CreateNodeActivity" is Idle
4: Activity [1] "CreateNodeActivity" is Closed
{
    Arguments
        Retain: False
        NodeType: 00000000-0000-0000-0000-000000000000
        Partner: 00000000-0000-0000-0000-000000000000
        NodeFileName: C:\Nodes\MyNewNode.node
        NodeTypeVersion: 00000000-0000-0000-0000-000000000000
        Result: 1
        Source: 
        Name: MyNewNode
}
5: WorkflowInstance "CreateNodeActivity" is Completed</StdOut>
      </Output>
    </UnitTestResult>
    <UnitTestResult executionId="2a0067da-48f6-47a1-9e53-b2650cf7a2fe" testId="0a32e2e0-44ea-d1f9-6a86-6e0ff705030d" testName="Invoke_CorrectArguments_CorrectJobIdUsed" computerName="ICSWS068" duration="00:00:00.0062233" startTime="2016-08-04T09:59:02.1521365+02:00" endTime="2016-08-04T09:59:02.1596411+02:00" testType="13cdc9d9-ddb5-4fa4-a97d-d965ccfc6d4b" outcome="Passed" testListId="8c84fa94-04c1-424b-9868-57a2d4851a1d" relativeResultsDirectory="2a0067da-48f6-47a1-9e53-b2650cf7a2fe">
      <Output>
        <StdOut>Debug Trace:
0: WorkflowInstance "CreateNodeActivity" is Started
1: Activity [null] "null" scheduled child activity [1] "CreateNodeActivity"
2: Activity [1] "CreateNodeActivity" is Executing
{
    Arguments
        Retain: False
        NodeType: 00000000-0000-0000-0000-000000000000
        Partner: 00000000-0000-0000-0000-000000000000
        NodeTypeVersion: 00000000-0000-0000-0000-000000000000
        Source: 
        Name: MyNewNode
}
3: WorkflowInstance "CreateNodeActivity" is Idle
4: Activity [1] "CreateNodeActivity" is Closed
{
    Arguments
        Retain: False
        NodeType: 00000000-0000-0000-0000-000000000000
        Partner: 00000000-0000-0000-0000-000000000000
        NodeFileName: C:\Nodes\MyNewNode.node
        NodeTypeVersion: 00000000-0000-0000-0000-000000000000
        Result: 1
        Source: 
        Name: MyNewNode
}
5: WorkflowInstance "CreateNodeActivity" is Completed</StdOut>
      </Output>
    </UnitTestResult>
    <UnitTestResult executionId="7df04e2b-75f4-47b1-83b7-76cb226e7632" testId="43723755-8a3a-4250-86af-4199329ed602" testName="Invoke_CorrectArguments_CorrectNodeTypeUsed" computerName="ICSWS068" duration="00:00:00.0066262" startTime="2016-08-04T09:59:02.1621546+02:00" endTime="2016-08-04T09:59:02.1701782+02:00" testType="13cdc9d9-ddb5-4fa4-a97d-d965ccfc6d4b" outcome="Passed" testListId="8c84fa94-04c1-424b-9868-57a2d4851a1d" relativeResultsDirectory="7df04e2b-75f4-47b1-83b7-76cb226e7632">
      <Output>
        <StdOut>Debug Trace:
0: WorkflowInstance "CreateNodeActivity" is Started
1: Activity [null] "null" scheduled child activity [1] "CreateNodeActivity"
2: Activity [1] "CreateNodeActivity" is Executing
{
    Arguments
        Retain: False
        NodeType: 00000000-0000-0000-0000-000000000000
        Partner: 00000000-0000-0000-0000-000000000000
        NodeTypeVersion: 00000000-0000-0000-0000-000000000000
        Source: 
        Name: MyNewNode
}
3: WorkflowInstance "CreateNodeActivity" is Idle
4: Activity [1] "CreateNodeActivity" is Closed
{
    Arguments
        Retain: False
        NodeType: 00000000-0000-0000-0000-000000000000
        Partner: 00000000-0000-0000-0000-000000000000
        NodeFileName: C:\Nodes\MyNewNode.node
        NodeTypeVersion: 00000000-0000-0000-0000-000000000000
        Result: 1
        Source: 
        Name: MyNewNode
}
5: WorkflowInstance "CreateNodeActivity" is Completed</StdOut>
      </Output>
    </UnitTestResult>
    <UnitTestResult executionId="766c4c15-4f81-4bc5-9d87-1f775f510404" testId="92ab9fe4-4cf7-3189-b1c6-692405c46b4d" testName="Invoke_CorrectArguments_CorrectNodeTypeVersionUsed" computerName="ICSWS068" duration="00:00:00.0061505" startTime="2016-08-04T09:59:02.1731696+02:00" endTime="2016-08-04T09:59:02.1801897+02:00" testType="13cdc9d9-ddb5-4fa4-a97d-d965ccfc6d4b" outcome="Passed" testListId="8c84fa94-04c1-424b-9868-57a2d4851a1d" relativeResultsDirectory="766c4c15-4f81-4bc5-9d87-1f775f510404">
      <Output>
        <StdOut>Debug Trace:
0: WorkflowInstance "CreateNodeActivity" is Started
1: Activity [null] "null" scheduled child activity [1] "CreateNodeActivity"
2: Activity [1] "CreateNodeActivity" is Executing
{
    Arguments
        Retain: False
        NodeType: 00000000-0000-0000-0000-000000000000
        Partner: 00000000-0000-0000-0000-000000000000
        NodeTypeVersion: 00000000-0000-0000-0000-000000000000
        Source: 
        Name: MyNewNode
}
3: WorkflowInstance "CreateNodeActivity" is Idle
4: Activity [1] "CreateNodeActivity" is Closed
{
    Arguments
        Retain: False
        NodeType: 00000000-0000-0000-0000-000000000000
        Partner: 00000000-0000-0000-0000-000000000000
        NodeFileName: C:\Nodes\MyNewNode.node
        NodeTypeVersion: 00000000-0000-0000-0000-000000000000
        Result: 1
        Source: 
        Name: MyNewNode
}
5: WorkflowInstance "CreateNodeActivity" is Completed</StdOut>
      </Output>
    </UnitTestResult>
    <UnitTestResult executionId="eadcf924-e821-4eed-908b-bb028252d231" testId="dff03574-4916-f4e4-9ef8-afc21952bd00" testName="Invoke_CorrectArguments_CorrectPartnerTypeUsed" computerName="ICSWS068" duration="00:00:00.0060004" startTime="2016-08-04T09:59:02.1833369+02:00" endTime="2016-08-04T09:59:02.1903597+02:00" testType="13cdc9d9-ddb5-4fa4-a97d-d965ccfc6d4b" outcome="Passed" testListId="8c84fa94-04c1-424b-9868-57a2d4851a1d" relativeResultsDirectory="eadcf924-e821-4eed-908b-bb028252d231">
      <Output>
        <StdOut>Debug Trace:
0: WorkflowInstance "CreateNodeActivity" is Started
1: Activity [null] "null" scheduled child activity [1] "CreateNodeActivity"
2: Activity [1] "CreateNodeActivity" is Executing
{
    Arguments
        Retain: False
        NodeType: 00000000-0000-0000-0000-000000000000
        Partner: 00000000-0000-0000-0000-000000000000
        NodeTypeVersion: 00000000-0000-0000-0000-000000000000
        Source: 
        Name: MyNewNode
}
3: WorkflowInstance "CreateNodeActivity" is Idle
4: Activity [1] "CreateNodeActivity" is Closed
{
    Arguments
        Retain: False
        NodeType: 00000000-0000-0000-0000-000000000000
        Partner: 00000000-0000-0000-0000-000000000000
        NodeFileName: C:\Nodes\MyNewNode.node
        NodeTypeVersion: 00000000-0000-0000-0000-000000000000
        Result: 1
        Source: 
        Name: MyNewNode
}
5: WorkflowInstance "CreateNodeActivity" is Completed</StdOut>
      </Output>
    </UnitTestResult>
    <UnitTestResult executionId="23c79473-d214-4bd3-9f4d-73af03a0d7c0" testId="9f2f9709-73d4-0129-e8df-d5f4c1668d0f" testName="Invoke_CorrectArguments_CorrectStreamUsed" computerName="ICSWS068" duration="00:00:00.0063728" startTime="2016-08-04T09:59:02.1933493+02:00" endTime="2016-08-04T09:59:02.2013727+02:00" testType="13cdc9d9-ddb5-4fa4-a97d-d965ccfc6d4b" outcome="Passed" testListId="8c84fa94-04c1-424b-9868-57a2d4851a1d" relativeResultsDirectory="23c79473-d214-4bd3-9f4d-73af03a0d7c0">
      <Output>
        <StdOut>Debug Trace:
0: WorkflowInstance "CreateNodeActivity" is Started
1: Activity [null] "null" scheduled child activity [1] "CreateNodeActivity"
2: Activity [1] "CreateNodeActivity" is Executing
{
    Arguments
        Retain: False
        NodeType: 00000000-0000-0000-0000-000000000000
        Partner: 00000000-0000-0000-0000-000000000000
        NodeTypeVersion: 00000000-0000-0000-0000-000000000000
        Source: System.IO.MemoryStream
        Name: MyNewNode
}
3: WorkflowInstance "CreateNodeActivity" is Idle
4: Activity [1] "CreateNodeActivity" is Closed
{
    Arguments
        Retain: False
        NodeType: 00000000-0000-0000-0000-000000000000
        Partner: 00000000-0000-0000-0000-000000000000
        NodeFileName: C:\Nodes\MyNewNode.node
        NodeTypeVersion: 00000000-0000-0000-0000-000000000000
        Result: 1
        Source: System.IO.MemoryStream
        Name: MyNewNode
}
5: WorkflowInstance "CreateNodeActivity" is Completed</StdOut>
      </Output>
    </UnitTestResult>
    <UnitTestResult executionId="d3996abd-4709-4432-b55e-d441398e5133" testId="f68b65f9-6369-bab2-bdc7-a663b3ff63b3" testName="Invoke_CorrectArguments_CorrectRetainUsed" computerName="ICSWS068" duration="00:00:00.0063719" startTime="2016-08-04T09:59:02.2038761+02:00" endTime="2016-08-04T09:59:02.2118766+02:00" testType="13cdc9d9-ddb5-4fa4-a97d-d965ccfc6d4b" outcome="Passed" testListId="8c84fa94-04c1-424b-9868-57a2d4851a1d" relativeResultsDirectory="d3996abd-4709-4432-b55e-d441398e5133">
      <Output>
        <StdOut>Debug Trace:
0: WorkflowInstance "CreateNodeActivity" is Started
1: Activity [null] "null" scheduled child activity [1] "CreateNodeActivity"
2: Activity [1] "CreateNodeActivity" is Executing
{
    Arguments
        Retain: True
        NodeType: 00000000-0000-0000-0000-000000000000
        Partner: 00000000-0000-0000-0000-000000000000
        NodeTypeVersion: 00000000-0000-0000-0000-000000000000
        Source: 
        Name: MyNewNode
}
3: WorkflowInstance "CreateNodeActivity" is Idle
4: Activity [1] "CreateNodeActivity" is Closed
{
    Arguments
        Retain: True
        NodeType: 00000000-0000-0000-0000-000000000000
        Partner: 00000000-0000-0000-0000-000000000000
        NodeFileName: C:\Nodes\MyNewNode.node
        NodeTypeVersion: 00000000-0000-0000-0000-000000000000
        Result: 1
        Source: 
        Name: MyNewNode
}
5: WorkflowInstance "CreateNodeActivity" is Completed</StdOut>
      </Output>
    </UnitTestResult>
    <UnitTestResult executionId="beb8c55f-9d31-432f-b2b1-f1d9c7c88d9b" testId="981fea35-896a-27ad-2b9c-affba2b8e7b1" testName="Invoke_CorrectArguments_CorrectReturnValue" computerName="ICSWS068" duration="00:00:00.0042034" startTime="2016-08-04T09:59:02.2158727+02:00" endTime="2016-08-04T09:59:02.2213770+02:00" testType="13cdc9d9-ddb5-4fa4-a97d-d965ccfc6d4b" outcome="Passed" testListId="8c84fa94-04c1-424b-9868-57a2d4851a1d" relativeResultsDirectory="beb8c55f-9d31-432f-b2b1-f1d9c7c88d9b">
      <Output>
        <StdOut>Debug Trace:
0: WorkflowInstance "CreateNodeActivity" is Started
1: Activity [null] "null" scheduled child activity [1] "CreateNodeActivity"
2: Activity [1] "CreateNodeActivity" is Executing
{
    Arguments
        Retain: False
        NodeType: 00000000-0000-0000-0000-000000000000
        Partner: 00000000-0000-0000-0000-000000000000
        NodeTypeVersion: 00000000-0000-0000-0000-000000000000
        Source: 
        Name: MyNewNode
}
3: WorkflowInstance "CreateNodeActivity" is Idle
4: Activity [1] "CreateNodeActivity" is Closed
{
    Arguments
        Retain: False
        NodeType: 00000000-0000-0000-0000-000000000000
        Partner: 00000000-0000-0000-0000-000000000000
        NodeFileName: C:\Nodes\MyNewNode.node
        NodeTypeVersion: 00000000-0000-0000-0000-000000000000
        Result: 1
        Source: 
        Name: MyNewNode
}
5: WorkflowInstance "CreateNodeActivity" is Completed</StdOut>
      </Output>
    </UnitTestResult>
    <UnitTestResult executionId="38079aad-8d68-4741-8c6b-325c80d3cd6b" testId="4ac19c3e-0d18-e064-9e8e-d196aabc387f" testName="Invoke_CorrectArguments_CorrectNodeFileNameSet" computerName="ICSWS068" duration="00:00:00.0044142" startTime="2016-08-04T09:59:02.2243421+02:00" endTime="2016-08-04T09:59:02.2298657+02:00" testType="13cdc9d9-ddb5-4fa4-a97d-d965ccfc6d4b" outcome="Passed" testListId="8c84fa94-04c1-424b-9868-57a2d4851a1d" relativeResultsDirectory="38079aad-8d68-4741-8c6b-325c80d3cd6b">
      <Output>
        <StdOut>Debug Trace:
0: WorkflowInstance "CreateNodeActivity" is Started
1: Activity [null] "null" scheduled child activity [1] "CreateNodeActivity"
2: Activity [1] "CreateNodeActivity" is Executing
{
    Arguments
        Retain: False
        NodeType: 00000000-0000-0000-0000-000000000000
        Partner: 00000000-0000-0000-0000-000000000000
        NodeTypeVersion: 00000000-0000-0000-0000-000000000000
        Source: 
        Name: MyNewNode
}
3: WorkflowInstance "CreateNodeActivity" is Idle
4: Activity [1] "CreateNodeActivity" is Closed
{
    Arguments
        Retain: False
        NodeType: 00000000-0000-0000-0000-000000000000
        Partner: 00000000-0000-0000-0000-000000000000
        NodeFileName: C:\Nodes\MyNewNode.node
        NodeTypeVersion: 00000000-0000-0000-0000-000000000000
        Result: 1
        Source: 
        Name: MyNewNode
}
5: WorkflowInstance "CreateNodeActivity" is Completed</StdOut>
      </Output>
    </UnitTestResult>
    <UnitTestResult executionId="1fc9d587-5e3f-4db7-83a2-4cd363fbc08b" testId="52f289d4-4e08-a6ee-83b5-b8577b43ccf5" testName="Invoke_NameIsNull_ThrowsArgumentNullException" computerName="ICSWS068" duration="00:00:00.0046787" startTime="2016-08-04T09:59:02.2323484+02:00" endTime="2016-08-04T09:59:02.2389905+02:00" testType="13cdc9d9-ddb5-4fa4-a97d-d965ccfc6d4b" outcome="Passed" testListId="8c84fa94-04c1-424b-9868-57a2d4851a1d" relativeResultsDirectory="1fc9d587-5e3f-4db7-83a2-4cd363fbc08b">
      <Output>
        <StdOut>Debug Trace:
0: WorkflowInstance "CreateNodeActivity" is Started
1: Activity [null] "null" scheduled child activity [1] "CreateNodeActivity"
2: Activity [1] "CreateNodeActivity" is Executing
{
    Arguments
        Retain: False
        NodeType: 00000000-0000-0000-0000-000000000000
        Partner: 00000000-0000-0000-0000-000000000000
        NodeTypeVersion: 00000000-0000-0000-0000-000000000000
        Source: 
        Name: 
}
3: Activity [1] "CreateNodeActivity" is Faulted
{
    Arguments
        Retain: False
        NodeType: 00000000-0000-0000-0000-000000000000
        Partner: 00000000-0000-0000-0000-000000000000
        NodeFileName: 
        NodeTypeVersion: 00000000-0000-0000-0000-000000000000
        Result: 0
        Source: 
        Name: 
}
4: Fault source [1] "CreateNodeActivity"
5: WorkflowInstance "CreateNodeActivity" Unhandled Exception Source "CreateNodeActivity" Exception &lt;System.ArgumentNullException: The Name is null.
Parameter name: Name
   at UnitTests.iCore.Workflow.Activities.iCPS.CreateNodeActivityTests.Invoke_NameIsNull_ThrowsArgumentNullException() in F:\ETWork\Main\Common\Assemblies\UnitTests.iCore.Workflow.Activities\iCPS\CreateNodeActivityTests.cs:line 370&gt;
6: WorkflowInstance Aborted [CreateNodeActivity] Reason "The Name is null.
Parameter name: Name"</StdOut>
      </Output>
    </UnitTestResult>
    <UnitTestResult executionId="e828a95e-06e6-4eb2-b12c-238b1e7a9059" testId="1460a8a4-5708-d1d8-419e-f7ec426cd8e2" testName="Invoke_NameIsEmpty_ThrowsArgumentException" computerName="ICSWS068" duration="00:00:00.0048236" startTime="2016-08-04T09:59:02.2415095+02:00" endTime="2016-08-04T09:59:02.2479971+02:00" testType="13cdc9d9-ddb5-4fa4-a97d-d965ccfc6d4b" outcome="Passed" testListId="8c84fa94-04c1-424b-9868-57a2d4851a1d" relativeResultsDirectory="e828a95e-06e6-4eb2-b12c-238b1e7a9059">
      <Output>
        <StdOut>Debug Trace:
0: WorkflowInstance "CreateNodeActivity" is Started
1: Activity [null] "null" scheduled child activity [1] "CreateNodeActivity"
2: Activity [1] "CreateNodeActivity" is Executing
{
    Arguments
        Retain: False
        NodeType: 00000000-0000-0000-0000-000000000000
        Partner: 00000000-0000-0000-0000-000000000000
        NodeTypeVersion: 00000000-0000-0000-0000-000000000000
        Source: 
        Name: 
}
3: Activity [1] "CreateNodeActivity" is Faulted
{
    Arguments
        Retain: False
        NodeType: 00000000-0000-0000-0000-000000000000
        Partner: 00000000-0000-0000-0000-000000000000
        NodeFileName: 
        NodeTypeVersion: 00000000-0000-0000-0000-000000000000
        Result: 0
        Source: 
        Name: 
}
4: Fault source [1] "CreateNodeActivity"
5: WorkflowInstance "CreateNodeActivity" Unhandled Exception Source "CreateNodeActivity" Exception &lt;System.ArgumentException: Name
Parameter name: The name is empty.
   at UnitTests.iCore.Workflow.Activities.iCPS.CreateNodeActivityTests.Invoke_NameIsEmpty_ThrowsArgumentException() in F:\ETWork\Main\Common\Assemblies\UnitTests.iCore.Workflow.Activities\iCPS\CreateNodeActivityTests.cs:line 396&gt;
6: WorkflowInstance Aborted [CreateNodeActivity] Reason "Name
Parameter name: The name is empty."</StdOut>
      </Output>
    </UnitTestResult>
    <UnitTestResult executionId="88c0c200-5a5a-47c6-9122-b7adafc6c296" testId="976035bf-5adc-7847-bf0f-794a93f1ab1e" testName="Invoke_NonExistentNodeType_NodeCreatedCorrectly" computerName="ICSWS068" duration="00:00:00.0041506" startTime="2016-08-04T09:59:02.2504994+02:00" endTime="2016-08-04T09:59:02.2560034+02:00" testType="13cdc9d9-ddb5-4fa4-a97d-d965ccfc6d4b" outcome="Passed" testListId="8c84fa94-04c1-424b-9868-57a2d4851a1d" relativeResultsDirectory="88c0c200-5a5a-47c6-9122-b7adafc6c296">
      <Output>
        <StdOut>Debug Trace:
0: WorkflowInstance "CreateNodeActivity" is Started
1: Activity [null] "null" scheduled child activity [1] "CreateNodeActivity"
2: Activity [1] "CreateNodeActivity" is Executing
{
    Arguments
        Retain: False
        NodeType: fb6456a8-b0a9-4c68-92ec-10ba28d7cdee
        Partner: 00000000-0000-0000-0000-000000000000
        NodeTypeVersion: 00000000-0000-0000-0000-000000000000
        Source: 
        Name: MyNewNode
}
3: WorkflowInstance "CreateNodeActivity" is Idle
4: Activity [1] "CreateNodeActivity" is Closed
{
    Arguments
        Retain: False
        NodeType: fb6456a8-b0a9-4c68-92ec-10ba28d7cdee
        Partner: 00000000-0000-0000-0000-000000000000
        NodeFileName: C:\Nodes\MyNewNode.node
        NodeTypeVersion: 00000000-0000-0000-0000-000000000000
        Result: 1
        Source: 
        Name: MyNewNode
}
5: WorkflowInstance "CreateNodeActivity" is Completed</StdOut>
      </Output>
    </UnitTestResult>
    <UnitTestResult executionId="416f38e2-058b-4dc1-8e27-5c2ca94c281d" testId="33dcdfcd-2b11-dc83-6339-8320a4128b7e" testName="Invoke_DependencyThrowsOutOfMemoryException_ThrowsFatalException" computerName="ICSWS068" duration="00:00:00.0073954" startTime="2016-08-04T09:59:02.2585227+02:00" endTime="2016-08-04T09:59:02.2675331+02:00" testType="13cdc9d9-ddb5-4fa4-a97d-d965ccfc6d4b" outcome="Passed" testListId="8c84fa94-04c1-424b-9868-57a2d4851a1d" relativeResultsDirectory="416f38e2-058b-4dc1-8e27-5c2ca94c281d">
      <Output>
        <StdOut>Debug Trace:
0: WorkflowInstance "CreateNodeActivity" is Started
1: Activity [null] "null" scheduled child activity [1] "CreateNodeActivity"
2: Activity [1] "CreateNodeActivity" is Executing
{
    Arguments
        Retain: False
        NodeType: 00000000-0000-0000-0000-000000000000
        Partner: 00000000-0000-0000-0000-000000000000
        NodeTypeVersion: 00000000-0000-0000-0000-000000000000
        Source: 
        Name: MyNewNode
}
3: WorkflowInstance "CreateNodeActivity" is Idle
4: Activity [1] "CreateNodeActivity" is Faulted
{
    Arguments
        Retain: False
        NodeType: 00000000-0000-0000-0000-000000000000
        Partner: 00000000-0000-0000-0000-000000000000
        NodeFileName: 
        NodeTypeVersion: 00000000-0000-0000-0000-000000000000
        Result: 0
        Source: 
        Name: MyNewNode
}
5: Fault source [1] "CreateNodeActivity"
6: WorkflowInstance "CreateNodeActivity" Unhandled Exception Source "CreateNodeActivity" Exception &lt;iCore.Workflow.Activities.Exceptions.WorkflowFatalException: Insufficient memory to continue the execution of the program. ---&gt; System.OutOfMemoryException: Insufficient memory to continue the execution of the program.
   at Moq.MethodCall.Execute(ICallContext call)
   at Moq.MethodCallReturn`2.Execute(ICallContext call)
   at Moq.ExecuteCall.HandleIntercept(ICallContext invocation, InterceptorContext ctx, CurrentInterceptContext localctx)
   at Moq.Interceptor.Intercept(ICallContext invocation)
   at Moq.Proxy.CastleProxyFactory.Interceptor.Intercept(IInvocation invocation)
   at Castle.DynamicProxy.AbstractInvocation.Proceed()
   at Castle.Proxies.INodeRepositoryProxy.Add(String name, Nullable`1 jobId, Guid nodeTypeId, Guid nodeTypeVersionId, Guid partnerId, Stream dataContent, Boolean retain)
   at iCore.Workflow.Activities.iCPS.CreateNodeActivity.&lt;&gt;c__DisplayClass30_0.&lt;BeginExecute&gt;b__0()
   at System.Threading.Tasks.Task`1.InnerInvoke()
   at System.Threading.Tasks.Task.Execute()
   --- End of inner exception stack trace ---
   at UnitTests.iCore.Workflow.Activities.iCPS.CreateNodeActivityTests.Invoke_DependencyThrowsOutOfMemoryException_ThrowsFatalException() in F:\ETWork\Main\Common\Assemblies\UnitTests.iCore.Workflow.Activities\iCPS\CreateNodeActivityTests.cs:line 446&gt;
7: WorkflowInstance Aborted [CreateNodeActivity] Reason "Insufficient memory to continue the execution of the program. InnerException Message: Insufficient memory to continue the execution of the program."</StdOut>
      </Output>
    </UnitTestResult>
    <UnitTestResult executionId="f9aa6dd5-75d0-4c2a-8d57-5d16af1be109" testId="523f4b34-d9c9-7b8a-ee23-d7df3baa4365" testName="Invoke_CorrectArguments_ValidExecution" computerName="ICSWS068" duration="00:00:00.0063740" startTime="2016-08-04T09:59:02.2700187+02:00" endTime="2016-08-04T09:59:02.2780265+02:00" testType="13cdc9d9-ddb5-4fa4-a97d-d965ccfc6d4b" outcome="Passed" testListId="8c84fa94-04c1-424b-9868-57a2d4851a1d" relativeResultsDirectory="f9aa6dd5-75d0-4c2a-8d57-5d16af1be109">
      <Output>
        <StdOut>Debug Trace:
0: WorkflowInstance "DeletePartnerActivity" is Started
1: Activity [null] "null" scheduled child activity [1] "DeletePartnerActivity"
2: Activity [1] "DeletePartnerActivity" is Executing
{
    Arguments
        PartnerId: aa183998-a3f3-4c13-92c1-5aaa3ddaf8e3
}
3: WorkflowInstance "DeletePartnerActivity" is Idle
4: Activity [1] "DeletePartnerActivity" is Closed
{
    Arguments
        PartnerId: aa183998-a3f3-4c13-92c1-5aaa3ddaf8e3
}
5: WorkflowInstance "DeletePartnerActivity" is Completed</StdOut>
      </Output>
    </UnitTestResult>
    <UnitTestResult executionId="d5583ff1-3ea0-4875-b6e7-22e9ecd61625" testId="4beb22c6-49e2-41fd-eef5-7bb7ba43d884" testName="Invoke_CorrectArguments_CorrectpartnerIdUsed" computerName="ICSWS068" duration="00:00:00.0042166" startTime="2016-08-04T09:59:02.2810297+02:00" endTime="2016-08-04T09:59:02.2865369+02:00" testType="13cdc9d9-ddb5-4fa4-a97d-d965ccfc6d4b" outcome="Passed" testListId="8c84fa94-04c1-424b-9868-57a2d4851a1d" relativeResultsDirectory="d5583ff1-3ea0-4875-b6e7-22e9ecd61625">
      <Output>
        <StdOut>Debug Trace:
0: WorkflowInstance "DeletePartnerActivity" is Started
1: Activity [null] "null" scheduled child activity [1] "DeletePartnerActivity"
2: Activity [1] "DeletePartnerActivity" is Executing
{
    Arguments
        PartnerId: 7a793ee8-1a68-4eb1-a0ac-b348ab558f48
}
3: WorkflowInstance "DeletePartnerActivity" is Idle
4: Activity [1] "DeletePartnerActivity" is Closed
{
    Arguments
        PartnerId: 7a793ee8-1a68-4eb1-a0ac-b348ab558f48
}
5: WorkflowInstance "DeletePartnerActivity" is Completed</StdOut>
      </Output>
    </UnitTestResult>
    <UnitTestResult executionId="c03c0c71-cdd7-46a9-94ae-4dfb83d65fce" testId="fcb986de-cbcd-60a0-98cf-79217143762b" testName="Invoke_NonExistentAttribute_ThrowsEntityNotFoundException" computerName="ICSWS068" duration="00:00:00.0039462" startTime="2016-08-04T09:59:02.2895392+02:00" endTime="2016-08-04T09:59:02.2948074+02:00" testType="13cdc9d9-ddb5-4fa4-a97d-d965ccfc6d4b" outcome="Passed" testListId="8c84fa94-04c1-424b-9868-57a2d4851a1d" relativeResultsDirectory="c03c0c71-cdd7-46a9-94ae-4dfb83d65fce">
      <Output>
        <StdOut>Debug Trace:
0: WorkflowInstance "DeletePartnerActivity" is Started
1: Activity [null] "null" scheduled child activity [1] "DeletePartnerActivity"
2: Activity [1] "DeletePartnerActivity" is Executing
{
    Arguments
        PartnerId: 796b3627-e6f6-4554-8954-6c14b1e475cd
}
3: WorkflowInstance "DeletePartnerActivity" is Idle
4: Activity [1] "DeletePartnerActivity" is Faulted
{
    Arguments
        PartnerId: 796b3627-e6f6-4554-8954-6c14b1e475cd
}
5: Fault source [1] "DeletePartnerActivity"
6: WorkflowInstance "DeletePartnerActivity" Unhandled Exception Source "DeletePartnerActivity" Exception &lt;iCore.Public.Types.EntityNotFoundException: Partner not found.
   at UnitTests.iCore.Workflow.Activities.iCPS.DeletePartnerActivityTests.WaitForException() in F:\ETWork\Main\Common\Assemblies\UnitTests.iCore.Workflow.Activities\iCPS\DeletePartnerActivityTests.cs:line 82
   at UnitTests.iCore.Workflow.Activities.iCPS.DeletePartnerActivityTests.Invoke_NonExistentAttribute_ThrowsEntityNotFoundException() in F:\ETWork\Main\Common\Assemblies\UnitTests.iCore.Workflow.Activities\iCPS\DeletePartnerActivityTests.cs:line 166&gt;
7: WorkflowInstance Aborted [DeletePartnerActivity] Reason "Partner not found."</StdOut>
      </Output>
    </UnitTestResult>
    <UnitTestResult executionId="658aab3e-6ddb-4a6e-b9e6-c9245da28e05" testId="c2af962a-b9cc-b33a-e562-b7e55395ca9b" testName="Invoke_PartnerisNone_ThrowsUnauthorizedAccessException" computerName="ICSWS068" duration="00:00:00.0034013" startTime="2016-08-04T09:59:02.2973238+02:00" endTime="2016-08-04T09:59:02.3023126+02:00" testType="13cdc9d9-ddb5-4fa4-a97d-d965ccfc6d4b" outcome="Passed" testListId="8c84fa94-04c1-424b-9868-57a2d4851a1d" relativeResultsDirectory="658aab3e-6ddb-4a6e-b9e6-c9245da28e05">
      <Output>
        <StdOut>Debug Trace:
0: WorkflowInstance "DeletePartnerActivity" is Started
1: Activity [null] "null" scheduled child activity [1] "DeletePartnerActivity"
2: Activity [1] "DeletePartnerActivity" is Executing
{
    Arguments
        PartnerId: 00000000-0000-0000-0000-000000000000
}
3: WorkflowInstance "DeletePartnerActivity" is Idle
4: Activity [1] "DeletePartnerActivity" is Faulted
{
    Arguments
        PartnerId: 00000000-0000-0000-0000-000000000000
}
5: Fault source [1] "DeletePartnerActivity"
6: WorkflowInstance "DeletePartnerActivity" Unhandled Exception Source "DeletePartnerActivity" Exception &lt;System.UnauthorizedAccessException: You are not authorized to delete this Partner.
   at UnitTests.iCore.Workflow.Activities.iCPS.DeletePartnerActivityTests.WaitForException() in F:\ETWork\Main\Common\Assemblies\UnitTests.iCore.Workflow.Activities\iCPS\DeletePartnerActivityTests.cs:line 82
   at UnitTests.iCore.Workflow.Activities.iCPS.DeletePartnerActivityTests.Invoke_PartnerisNone_ThrowsUnauthorizedAccessException() in F:\ETWork\Main\Common\Assemblies\UnitTests.iCore.Workflow.Activities\iCPS\DeletePartnerActivityTests.cs:line 187&gt;
7: WorkflowInstance Aborted [DeletePartnerActivity] Reason "You are not authorized to delete this Partner."</StdOut>
      </Output>
    </UnitTestResult>
    <UnitTestResult executionId="d084c16b-3c34-4018-953b-33fa08fc7a9d" testId="e38e62ea-fa3d-915a-e56f-d63a6960d23b" testName="Invoke_ActivityIsCancelled_ActivityCancels" computerName="ICSWS068" duration="00:00:00.0672764" startTime="2016-08-04T09:59:02.3048307+02:00" endTime="2016-08-04T09:59:02.3733609+02:00" testType="13cdc9d9-ddb5-4fa4-a97d-d965ccfc6d4b" outcome="Passed" testListId="8c84fa94-04c1-424b-9868-57a2d4851a1d" relativeResultsDirectory="d084c16b-3c34-4018-953b-33fa08fc7a9d">
      <Output>
        <StdOut>Debug Trace:
0: WorkflowInstance "GetExecutingJobActivity" is Started
1: Activity [null] "null" scheduled child activity [1] "GetExecutingJobActivity"
2: Activity [1] "GetExecutingJobActivity" is Executing
3: Host requests cancel of activity [1] "GetExecutingJobActivity"
4: WorkflowInstance "GetExecutingJobActivity" is Idle
5: Activity [1] "GetExecutingJobActivity" is Canceled
{
    Arguments
        Result: 
}
6: WorkflowInstance "GetExecutingJobActivity" is Canceled</StdOut>
      </Output>
    </UnitTestResult>
    <UnitTestResult executionId="be766edb-3724-47a2-b4dd-d1277bf7b71c" testId="64e16963-400c-c2c0-ea42-d12e8bc19b70" testName="Invoke_CorrectArguemnts_CorrectReturnValueAndType" computerName="ICSWS068" duration="00:00:00.0034104" startTime="2016-08-04T09:59:02.3763632+02:00" endTime="2016-08-04T09:59:02.3808658+02:00" testType="13cdc9d9-ddb5-4fa4-a97d-d965ccfc6d4b" outcome="Passed" testListId="8c84fa94-04c1-424b-9868-57a2d4851a1d" relativeResultsDirectory="be766edb-3724-47a2-b4dd-d1277bf7b71c">
      <Output>
        <StdOut>Debug Trace:
0: WorkflowInstance "GetExecutingJobActivity" is Started
1: Activity [null] "null" scheduled child activity [1] "GetExecutingJobActivity"
2: Activity [1] "GetExecutingJobActivity" is Executing
3: WorkflowInstance "GetExecutingJobActivity" is Idle
4: Activity [1] "GetExecutingJobActivity" is Closed
{
    Arguments
        Result: Mock&lt;iCore.Public.Entities.IJob:2bcf&gt;.Object
}
5: WorkflowInstance "GetExecutingJobActivity" is Completed</StdOut>
      </Output>
    </UnitTestResult>
    <UnitTestResult executionId="927f7dfc-31d1-4865-baa5-1dd070b94350" testId="7c124c26-5101-4528-a0cd-140393e761ba" testName="Invoke_NonNullableArgumentIsNull_ThrowsArgumentNullException" computerName="ICSWS068" duration="00:00:00.0016750" startTime="2016-08-04T09:59:02.3841121+02:00" endTime="2016-08-04T09:59:02.3866132+02:00" testType="13cdc9d9-ddb5-4fa4-a97d-d965ccfc6d4b" outcome="Passed" testListId="8c84fa94-04c1-424b-9868-57a2d4851a1d" relativeResultsDirectory="927f7dfc-31d1-4865-baa5-1dd070b94350" />
    <UnitTestResult executionId="6ec7c99f-968e-444a-ba5f-de794df6d02c" testId="b5089b73-d520-dc93-fdd2-7cd58d6e57df" testName="Invoke_RequiredArgumentIsMissing_ThrowsArgumentException" computerName="ICSWS068" duration="00:00:00.0015310" startTime="2016-08-04T09:59:02.3891319+02:00" endTime="2016-08-04T09:59:02.3921172+02:00" testType="13cdc9d9-ddb5-4fa4-a97d-d965ccfc6d4b" outcome="Passed" testListId="8c84fa94-04c1-424b-9868-57a2d4851a1d" relativeResultsDirectory="6ec7c99f-968e-444a-ba5f-de794df6d02c" />
    <UnitTestResult executionId="9d784c3f-af04-4110-8dfa-3ad50d673b16" testId="ee249eb9-76c1-0cff-6478-83034a2390e2" testName="Invoke_OptionalArgumentIsMissing_ValidExecution" computerName="ICSWS068" duration="00:00:00.0001472" startTime="2016-08-04T09:59:02.3951198+02:00" endTime="2016-08-04T09:59:02.3961204+02:00" testType="13cdc9d9-ddb5-4fa4-a97d-d965ccfc6d4b" outcome="Passed" testListId="8c84fa94-04c1-424b-9868-57a2d4851a1d" relativeResultsDirectory="9d784c3f-af04-4110-8dfa-3ad50d673b16" />
    <UnitTestResult executionId="1639fe19-99ae-4601-b770-693a970ff916" testId="e838d01c-e1c4-4fb4-665b-34f9e77fff16" testName="Invoke_CorrectArguments_ValidExecution" computerName="ICSWS068" duration="00:00:00.0023940" startTime="2016-08-04T09:59:02.3991224+02:00" endTime="2016-08-04T09:59:02.4026250+02:00" testType="13cdc9d9-ddb5-4fa4-a97d-d965ccfc6d4b" outcome="Passed" testListId="8c84fa94-04c1-424b-9868-57a2d4851a1d" relativeResultsDirectory="1639fe19-99ae-4601-b770-693a970ff916">
      <Output>
        <StdOut>Debug Trace:
0: WorkflowInstance "GetExecutingJobActivity" is Started
1: Activity [null] "null" scheduled child activity [1] "GetExecutingJobActivity"
2: Activity [1] "GetExecutingJobActivity" is Executing
3: WorkflowInstance "GetExecutingJobActivity" is Idle
4: Activity [1] "GetExecutingJobActivity" is Closed
{
    Arguments
        Result: Mock&lt;iCore.Public.Entities.IJob:e081&gt;.Object
}
5: WorkflowInstance "GetExecutingJobActivity" is Completed</StdOut>
      </Output>
    </UnitTestResult>
    <UnitTestResult executionId="7da5ce7d-e9e5-42a0-b361-00f7435e61cc" testId="38a415c5-3de3-03f0-a3cf-95194a0a4ed9" testName="Invoke_CorrectArguemnts_ValidExecution" computerName="ICSWS068" duration="00:00:00.1458320" startTime="2016-08-04T09:59:02.4056270+02:00" endTime="2016-08-04T09:59:02.5525981+02:00" testType="13cdc9d9-ddb5-4fa4-a97d-d965ccfc6d4b" outcome="Passed" testListId="8c84fa94-04c1-424b-9868-57a2d4851a1d" relativeResultsDirectory="7da5ce7d-e9e5-42a0-b361-00f7435e61cc">
      <Output>
        <StdOut>Debug Trace:
0: WorkflowInstance "GetNextCounterValueActivity" is Started
1: Activity [null] "null" scheduled child activity [1] "GetNextCounterValueActivity"
2: Activity [1] "GetNextCounterValueActivity" is Executing
{
    Arguments
        Counter: 1ba07515-015d-459b-a989-855e28a65083
}
3: WorkflowInstance "GetNextCounterValueActivity" is Idle
4: Activity [1] "GetNextCounterValueActivity" is Closed
{
    Arguments
        Counter: 1ba07515-015d-459b-a989-855e28a65083
        Result: 1 second
}
5: WorkflowInstance "GetNextCounterValueActivity" is Completed</StdOut>
      </Output>
    </UnitTestResult>
    <UnitTestResult executionId="3da30141-1c56-4cf3-85d3-78fec9b5c211" testId="b3524c83-4cd0-be0c-05f4-93cc7813a91e" testName="Invoke_CorrectArguemnts_CorrectCounterUsed" computerName="ICSWS068" duration="00:00:00.0094795" startTime="2016-08-04T09:59:02.5555801+02:00" endTime="2016-08-04T09:59:02.5661720+02:00" testType="13cdc9d9-ddb5-4fa4-a97d-d965ccfc6d4b" outcome="Passed" testListId="8c84fa94-04c1-424b-9868-57a2d4851a1d" relativeResultsDirectory="3da30141-1c56-4cf3-85d3-78fec9b5c211">
      <Output>
        <StdOut>Debug Trace:
0: WorkflowInstance "GetNextCounterValueActivity" is Started
1: Activity [null] "null" scheduled child activity [1] "GetNextCounterValueActivity"
2: Activity [1] "GetNextCounterValueActivity" is Executing
{
    Arguments
        Counter: fb0efec2-4ac3-4472-a979-c691db5f38ed
}
3: WorkflowInstance "GetNextCounterValueActivity" is Idle
4: Activity [1] "GetNextCounterValueActivity" is Closed
{
    Arguments
        Counter: fb0efec2-4ac3-4472-a979-c691db5f38ed
        Result: 1 second
}
5: WorkflowInstance "GetNextCounterValueActivity" is Completed</StdOut>
      </Output>
    </UnitTestResult>
    <UnitTestResult executionId="93a77ffd-ea32-44e0-aa69-9056123d484b" testId="27e8b787-49f3-2e54-0f26-25d9454dafe1" testName="Invoke_CorrectArguemnts_CorrectReturnValue" computerName="ICSWS068" duration="00:00:00.0073983" startTime="2016-08-04T09:59:02.5691752+02:00" endTime="2016-08-04T09:59:02.5776800+02:00" testType="13cdc9d9-ddb5-4fa4-a97d-d965ccfc6d4b" outcome="Passed" testListId="8c84fa94-04c1-424b-9868-57a2d4851a1d" relativeResultsDirectory="93a77ffd-ea32-44e0-aa69-9056123d484b">
      <Output>
        <StdOut>Debug Trace:
0: WorkflowInstance "GetNextCounterValueActivity" is Started
1: Activity [null] "null" scheduled child activity [1] "GetNextCounterValueActivity"
2: Activity [1] "GetNextCounterValueActivity" is Executing
{
    Arguments
        Counter: 2e5bc94b-c4e7-4203-b8f3-92007f982413
}
3: WorkflowInstance "GetNextCounterValueActivity" is Idle
4: Activity [1] "GetNextCounterValueActivity" is Closed
{
    Arguments
        Counter: 2e5bc94b-c4e7-4203-b8f3-92007f982413
        Result: 1 second
}
5: WorkflowInstance "GetNextCounterValueActivity" is Completed</StdOut>
      </Output>
    </UnitTestResult>
    <UnitTestResult executionId="e3e19c8d-77d9-4868-a503-67f0192a53e9" testId="7bdbf55d-8326-8446-6178-509150050318" testName="Invoke_CounterDoesNotExist_ThrowsEntityNotFoundException" computerName="ICSWS068" duration="00:00:00.0087613" startTime="2016-08-04T09:59:02.5806996+02:00" endTime="2016-08-04T09:59:02.5912006+02:00" testType="13cdc9d9-ddb5-4fa4-a97d-d965ccfc6d4b" outcome="Passed" testListId="8c84fa94-04c1-424b-9868-57a2d4851a1d" relativeResultsDirectory="e3e19c8d-77d9-4868-a503-67f0192a53e9">
      <Output>
        <StdOut>Debug Trace:
0: WorkflowInstance "GetNextCounterValueActivity" is Started
1: Activity [null] "null" scheduled child activity [1] "GetNextCounterValueActivity"
2: Activity [1] "GetNextCounterValueActivity" is Executing
{
    Arguments
        Counter: 55af6342-3c92-46f2-9f6a-209b41f3f3f9
}
3: WorkflowInstance "GetNextCounterValueActivity" is Idle
4: Activity [1] "GetNextCounterValueActivity" is Faulted
{
    Arguments
        Counter: 55af6342-3c92-46f2-9f6a-209b41f3f3f9
        Result: 
}
5: Fault source [1] "GetNextCounterValueActivity"
6: WorkflowInstance "GetNextCounterValueActivity" Unhandled Exception Source "GetNextCounterValueActivity" Exception &lt;iCore.Public.Types.EntityNotFoundException: Counter not found.
   at UnitTests.iCore.Workflow.Activities.iCPS.GetNextCounterValueActivityTests.WaitForException() in F:\ETWork\Main\Common\Assemblies\UnitTests.iCore.Workflow.Activities\iCPS\GetNextCounterValueActivityTests.cs:line 82
   at UnitTests.iCore.Workflow.Activities.iCPS.GetNextCounterValueActivityTests.Invoke_CounterDoesNotExist_ThrowsEntityNotFoundException() in F:\ETWork\Main\Common\Assemblies\UnitTests.iCore.Workflow.Activities\iCPS\GetNextCounterValueActivityTests.cs:line 186&gt;
7: WorkflowInstance Aborted [GetNextCounterValueActivity] Reason "Counter not found."</StdOut>
      </Output>
    </UnitTestResult>
    <UnitTestResult executionId="57085657-b797-4588-8836-7c949297f6d0" testId="f0582f80-03bb-c376-fbec-6b5485a6acbc" testName="Invoke_CorrectAttribute_ValidExecution" computerName="ICSWS068" duration="00:00:00.0131844" startTime="2016-08-04T09:59:02.5946956+02:00" endTime="2016-08-04T09:59:02.6094012+02:00" testType="13cdc9d9-ddb5-4fa4-a97d-d965ccfc6d4b" outcome="Passed" testListId="8c84fa94-04c1-424b-9868-57a2d4851a1d" relativeResultsDirectory="57085657-b797-4588-8836-7c949297f6d0">
      <Output>
        <StdOut>Debug Trace:
0: WorkflowInstance "GetNodeMemberValueActivity&lt;String&gt;" is Started
1: Activity [null] "null" scheduled child activity [1] "GetNodeMemberValueActivity&lt;String&gt;"
2: Activity [1] "GetNodeMemberValueActivity&lt;String&gt;" is Executing
{
    Arguments
        Default: 
        Attribute: 4a49987c-10c5-4cad-91f9-50721413c069
        ErrorIfNotSet: True
        Property: 
        NodeId: 1
}
3: WorkflowInstance "GetNodeMemberValueActivity&lt;String&gt;" is Idle
4: Activity [1] "GetNodeMemberValueActivity&lt;String&gt;" is Closed
{
    Arguments
        Default: 
        Attribute: 4a49987c-10c5-4cad-91f9-50721413c069
        ErrorIfNotSet: True
        Result: SomeValue
        Property: 
        NodeId: 1
}
5: WorkflowInstance "GetNodeMemberValueActivity&lt;String&gt;" is Completed</StdOut>
      </Output>
    </UnitTestResult>
    <UnitTestResult executionId="078f57a0-5f29-4ab4-91ac-88101dbea932" testId="ecdaa32a-c063-eb7e-a9e3-60501f983420" testName="Invoke_CorrectPropertyName_ValidExecution" computerName="ICSWS068" duration="00:00:00.0089162" startTime="2016-08-04T09:59:02.6124035+02:00" endTime="2016-08-04T09:59:02.6229133+02:00" testType="13cdc9d9-ddb5-4fa4-a97d-d965ccfc6d4b" outcome="Passed" testListId="8c84fa94-04c1-424b-9868-57a2d4851a1d" relativeResultsDirectory="078f57a0-5f29-4ab4-91ac-88101dbea932">
      <Output>
        <StdOut>Debug Trace:
0: WorkflowInstance "GetNodeMemberValueActivity&lt;String&gt;" is Started
1: Activity [null] "null" scheduled child activity [1] "GetNodeMemberValueActivity&lt;String&gt;"
2: Activity [1] "GetNodeMemberValueActivity&lt;String&gt;" is Executing
{
    Arguments
        Default: 
        Attribute: 00000000-0000-0000-0000-000000000000
        ErrorIfNotSet: True
        Property: name
        NodeId: 1
}
3: WorkflowInstance "GetNodeMemberValueActivity&lt;String&gt;" is Idle
4: Activity [1] "GetNodeMemberValueActivity&lt;String&gt;" is Closed
{
    Arguments
        Default: 
        Attribute: 00000000-0000-0000-0000-000000000000
        ErrorIfNotSet: True
        Result: apa
        Property: name
        NodeId: 1
}
5: WorkflowInstance "GetNodeMemberValueActivity&lt;String&gt;" is Completed</StdOut>
      </Output>
    </UnitTestResult>
    <UnitTestResult executionId="add1791d-1bb8-41f5-981a-c7335c419382" testId="e321088c-1bad-dc50-39b0-a22e1f04312b" testName="Invoke_CorrectPropertyRetain_ValidExecution" computerName="ICSWS068" duration="00:00:00.0128164" startTime="2016-08-04T09:59:02.6274170+02:00" endTime="2016-08-04T09:59:02.6414485+02:00" testType="13cdc9d9-ddb5-4fa4-a97d-d965ccfc6d4b" outcome="Passed" testListId="8c84fa94-04c1-424b-9868-57a2d4851a1d" relativeResultsDirectory="add1791d-1bb8-41f5-981a-c7335c419382">
      <Output>
        <StdOut>Debug Trace:
0: WorkflowInstance "GetNodeMemberValueActivity&lt;Boolean&gt;" is Started
1: Activity [null] "null" scheduled child activity [1] "GetNodeMemberValueActivity&lt;Boolean&gt;"
2: Activity [1] "GetNodeMemberValueActivity&lt;Boolean&gt;" is Executing
{
    Arguments
        Default: 
        Attribute: 00000000-0000-0000-0000-000000000000
        ErrorIfNotSet: True
        Property: retain
        NodeId: 1
}
3: WorkflowInstance "GetNodeMemberValueActivity&lt;Boolean&gt;" is Idle
4: Activity [1] "GetNodeMemberValueActivity&lt;Boolean&gt;" is Closed
{
    Arguments
        Default: 
        Attribute: 00000000-0000-0000-0000-000000000000
        ErrorIfNotSet: True
        Result: True
        Property: retain
        NodeId: 1
}
5: WorkflowInstance "GetNodeMemberValueActivity&lt;Boolean&gt;" is Completed</StdOut>
      </Output>
    </UnitTestResult>
    <UnitTestResult executionId="aaee75c0-71c8-41b8-92a4-8908f2e45448" testId="62013bfb-a0fb-f441-b426-f5647043a6e0" testName="Invoke_CorrectPropertyPartnerId_ValidExecution" computerName="ICSWS068" duration="00:00:00.0114648" startTime="2016-08-04T09:59:02.6449361+02:00" endTime="2016-08-04T09:59:02.6574599+02:00" testType="13cdc9d9-ddb5-4fa4-a97d-d965ccfc6d4b" outcome="Passed" testListId="8c84fa94-04c1-424b-9868-57a2d4851a1d" relativeResultsDirectory="aaee75c0-71c8-41b8-92a4-8908f2e45448">
      <Output>
        <StdOut>Debug Trace:
0: WorkflowInstance "GetNodeMemberValueActivity&lt;Guid&gt;" is Started
1: Activity [null] "null" scheduled child activity [1] "GetNodeMemberValueActivity&lt;Guid&gt;"
2: Activity [1] "GetNodeMemberValueActivity&lt;Guid&gt;" is Executing
{
    Arguments
        Default: 
        Attribute: 00000000-0000-0000-0000-000000000000
        ErrorIfNotSet: True
        Property: partnerid
        NodeId: 1
}
3: WorkflowInstance "GetNodeMemberValueActivity&lt;Guid&gt;" is Idle
4: Activity [1] "GetNodeMemberValueActivity&lt;Guid&gt;" is Closed
{
    Arguments
        Default: 
        Attribute: 00000000-0000-0000-0000-000000000000
        ErrorIfNotSet: True
        Result: 813879a0-f075-4849-982c-97efef705465
        Property: partnerid
        NodeId: 1
}
5: WorkflowInstance "GetNodeMemberValueActivity&lt;Guid&gt;" is Completed</StdOut>
      </Output>
    </UnitTestResult>
    <UnitTestResult executionId="9c1ed8fb-9963-468d-ac62-676af8906e9b" testId="1a1bcec7-519b-b1c7-7e20-1f5f99c45bdd" testName="Invoke_CorrectPropertyPartnerIdAsObject_ResultIsThePartnerId" computerName="ICSWS068" duration="00:00:00.0076165" startTime="2016-08-04T09:59:02.6614475+02:00" endTime="2016-08-04T09:59:02.6702653+02:00" testType="13cdc9d9-ddb5-4fa4-a97d-d965ccfc6d4b" outcome="Passed" testListId="8c84fa94-04c1-424b-9868-57a2d4851a1d" relativeResultsDirectory="9c1ed8fb-9963-468d-ac62-676af8906e9b">
      <Output>
        <StdOut>Debug Trace:
0: WorkflowInstance "GetNodeMemberValueActivity&lt;Object&gt;" is Started
1: Activity [null] "null" scheduled child activity [1] "GetNodeMemberValueActivity&lt;Object&gt;"
2: Activity [1] "GetNodeMemberValueActivity&lt;Object&gt;" is Executing
{
    Arguments
        Default: 
        Attribute: 00000000-0000-0000-0000-000000000000
        ErrorIfNotSet: True
        Property: partnerid
        NodeId: 1
}
3: WorkflowInstance "GetNodeMemberValueActivity&lt;Object&gt;" is Idle
4: Activity [1] "GetNodeMemberValueActivity&lt;Object&gt;" is Closed
{
    Arguments
        Default: 
        Attribute: 00000000-0000-0000-0000-000000000000
        ErrorIfNotSet: True
        Result: 0e601a86-74af-4d9b-9301-74e97479e7b1
        Property: partnerid
        NodeId: 1
}
5: WorkflowInstance "GetNodeMemberValueActivity&lt;Object&gt;" is Completed</StdOut>
      </Output>
    </UnitTestResult>
    <UnitTestResult executionId="21351ad1-7c62-4efe-8957-f01def00446e" testId="045c8bf6-a125-4cc7-ea97-92840facaf8c" testName="Invoke_DefaultArguments_ValidReturnValue" computerName="ICSWS068" duration="00:00:00.0068297" startTime="2016-08-04T09:59:02.6727517+02:00" endTime="2016-08-04T09:59:02.6817601+02:00" testType="13cdc9d9-ddb5-4fa4-a97d-d965ccfc6d4b" outcome="Passed" testListId="8c84fa94-04c1-424b-9868-57a2d4851a1d" relativeResultsDirectory="21351ad1-7c62-4efe-8957-f01def00446e">
      <Output>
        <StdOut>Debug Trace:
0: WorkflowInstance "GetNodeMemberValueActivity&lt;String&gt;" is Started
1: Activity [null] "null" scheduled child activity [1] "GetNodeMemberValueActivity&lt;String&gt;"
2: Activity [1] "GetNodeMemberValueActivity&lt;String&gt;" is Executing
{
    Arguments
        Default: 
        Attribute: 39da66dc-4b4a-4c28-92c1-98ca8dd49e27
        ErrorIfNotSet: True
        Property: 
        NodeId: 1
}
3: WorkflowInstance "GetNodeMemberValueActivity&lt;String&gt;" is Idle
4: Activity [1] "GetNodeMemberValueActivity&lt;String&gt;" is Closed
{
    Arguments
        Default: 
        Attribute: 39da66dc-4b4a-4c28-92c1-98ca8dd49e27
        ErrorIfNotSet: True
        Result: SomeValue
        Property: 
        NodeId: 1
}
5: WorkflowInstance "GetNodeMemberValueActivity&lt;String&gt;" is Completed</StdOut>
      </Output>
    </UnitTestResult>
    <UnitTestResult executionId="42ddf76f-821d-45a8-bacc-152bd68aed73" testId="7a047db0-1460-4125-4e8b-9597fd8903ac" testName="Invoke_ErrorIfNotFoundIsFalseAndAttributeIsSet_ValidReturnValue" computerName="ICSWS068" duration="00:00:00.0032447" startTime="2016-08-04T09:59:02.6857641+02:00" endTime="2016-08-04T09:59:02.6912667+02:00" testType="13cdc9d9-ddb5-4fa4-a97d-d965ccfc6d4b" outcome="Passed" testListId="8c84fa94-04c1-424b-9868-57a2d4851a1d" relativeResultsDirectory="42ddf76f-821d-45a8-bacc-152bd68aed73">
      <Output>
        <StdOut>Debug Trace:
0: WorkflowInstance "GetNodeMemberValueActivity&lt;String&gt;" is Started
1: Activity [null] "null" scheduled child activity [1] "GetNodeMemberValueActivity&lt;String&gt;"
2: Activity [1] "GetNodeMemberValueActivity&lt;String&gt;" is Executing
{
    Arguments
        Default: 
        Attribute: 4aabf2ed-c565-4962-abea-701e0840b4e9
        ErrorIfNotSet: False
        Property: 
        NodeId: 1
}
3: WorkflowInstance "GetNodeMemberValueActivity&lt;String&gt;" is Idle
4: Activity [1] "GetNodeMemberValueActivity&lt;String&gt;" is Closed
{
    Arguments
        Default: 
        Attribute: 4aabf2ed-c565-4962-abea-701e0840b4e9
        ErrorIfNotSet: False
        Result: SomeValue
        Property: 
        NodeId: 1
}
5: WorkflowInstance "GetNodeMemberValueActivity&lt;String&gt;" is Completed</StdOut>
      </Output>
    </UnitTestResult>
    <UnitTestResult executionId="bd405479-6e0d-4580-b3ab-a8c10ecf1b9e" testId="e21b3708-10d7-42e8-ffee-df7b6c39b490" testName="Invoke_DefaultArgumentsAndAttributeNotFound_ThrowsEntityNotFoundException" computerName="ICSWS068" duration="00:00:00.0042248" startTime="2016-08-04T09:59:02.6942722+02:00" endTime="2016-08-04T09:59:02.6997759+02:00" testType="13cdc9d9-ddb5-4fa4-a97d-d965ccfc6d4b" outcome="Passed" testListId="8c84fa94-04c1-424b-9868-57a2d4851a1d" relativeResultsDirectory="bd405479-6e0d-4580-b3ab-a8c10ecf1b9e">
      <Output>
        <StdOut>Debug Trace:
0: WorkflowInstance "GetNodeMemberValueActivity&lt;Object&gt;" is Started
1: Activity [null] "null" scheduled child activity [1] "GetNodeMemberValueActivity&lt;Object&gt;"
2: Activity [1] "GetNodeMemberValueActivity&lt;Object&gt;" is Executing
{
    Arguments
        Default: 
        Attribute: 61d6b741-2bbe-4fb2-80da-4ab5010fdc18
        ErrorIfNotSet: True
        Property: 
        NodeId: 1
}
3: WorkflowInstance "GetNodeMemberValueActivity&lt;Object&gt;" is Idle
4: Activity [1] "GetNodeMemberValueActivity&lt;Object&gt;" is Faulted
{
    Arguments
        Default: 
        Attribute: 61d6b741-2bbe-4fb2-80da-4ab5010fdc18
        ErrorIfNotSet: True
        Result: 
        Property: 
        NodeId: 1
}
5: Fault source [1] "GetNodeMemberValueActivity&lt;Object&gt;"
6: WorkflowInstance "GetNodeMemberValueActivity&lt;Object&gt;" Unhandled Exception Source "GetNodeMemberValueActivity&lt;Object&gt;" Exception &lt;iCore.Public.Types.EntityNotFoundException: Node Attribute not found!
   at Tests.iCore.Common.Activities.UnitTestActivityBase.WaitForCompletion() in F:\ETWork\Main\Testing\Assemblies\Tests.iCore.Common.Activities\UnitTestActivityBase.cs:line 129
   at Tests.iCore.Common.Activities.UnitTestActivityBase.RunAndWaitForCompletion() in F:\ETWork\Main\Testing\Assemblies\Tests.iCore.Common.Activities\UnitTestActivityBase.cs:line 113
   at UnitTests.iCore.Workflow.Activities.iCPS.GetNodeMemberValueActivityTests.Invoke_DefaultArgumentsAndAttributeNotFound_ThrowsEntityNotFoundException() in F:\ETWork\Main\Common\Assemblies\UnitTests.iCore.Workflow.Activities\iCPS\GetNodeMemberValueActivityTests.cs:line 254&gt;
7: WorkflowInstance Aborted [GetNodeMemberValueActivity&lt;Object&gt;] Reason "Node Attribute not found!"</StdOut>
      </Output>
    </UnitTestResult>
    <UnitTestResult executionId="cc87feae-bc28-4de0-b45d-29f8628009ee" testId="de18d2a0-eb9a-7340-c47f-a8d1354d87c6" testName="Invoke_ErrorIfNotFoundIsFalseAndAttributeNotFound_DefaultValueReturned" computerName="ICSWS068" duration="00:00:00.0084575" startTime="2016-08-04T09:59:02.7037286+02:00" endTime="2016-08-04T09:59:02.7142393+02:00" testType="13cdc9d9-ddb5-4fa4-a97d-d965ccfc6d4b" outcome="Passed" testListId="8c84fa94-04c1-424b-9868-57a2d4851a1d" relativeResultsDirectory="cc87feae-bc28-4de0-b45d-29f8628009ee">
      <Output>
        <StdOut>Debug Trace:
0: WorkflowInstance "GetNodeMemberValueActivity&lt;Int32&gt;" is Started
1: Activity [null] "null" scheduled child activity [1] "GetNodeMemberValueActivity&lt;Int32&gt;"
2: Activity [1] "GetNodeMemberValueActivity&lt;Int32&gt;" is Executing
{
    Arguments
        Default: 2012
        Attribute: baa49157-c242-460f-9d93-eb93239c9a90
        ErrorIfNotSet: False
        Property: 
        NodeId: 1
}
3: WorkflowInstance "GetNodeMemberValueActivity&lt;Int32&gt;" is Idle
4: Activity [1] "GetNodeMemberValueActivity&lt;Int32&gt;" is Closed
{
    Arguments
        Default: 2012
        Attribute: baa49157-c242-460f-9d93-eb93239c9a90
        ErrorIfNotSet: False
        Result: 2012
        Property: 
        NodeId: 1
}
5: WorkflowInstance "GetNodeMemberValueActivity&lt;Int32&gt;" is Completed</StdOut>
      </Output>
    </UnitTestResult>
    <UnitTestResult executionId="51eeb8b2-fc6d-4907-8cfe-616b6cc2b862" testId="4be3cd04-7dc5-2871-e29c-58620d020d23" testName="Invoke_BadFormatting_ThrowsFormatException" computerName="ICSWS068" duration="00:00:00.0035116" startTime="2016-08-04T09:59:02.7177416+02:00" endTime="2016-08-04T09:59:02.7227494+02:00" testType="13cdc9d9-ddb5-4fa4-a97d-d965ccfc6d4b" outcome="Passed" testListId="8c84fa94-04c1-424b-9868-57a2d4851a1d" relativeResultsDirectory="51eeb8b2-fc6d-4907-8cfe-616b6cc2b862">
      <Output>
        <StdOut>Debug Trace:
0: WorkflowInstance "GetNodeMemberValueActivity&lt;Int32&gt;" is Started
1: Activity [null] "null" scheduled child activity [1] "GetNodeMemberValueActivity&lt;Int32&gt;"
2: Activity [1] "GetNodeMemberValueActivity&lt;Int32&gt;" is Executing
{
    Arguments
        Default: apa
        Attribute: 0851ebe8-dd54-406d-9b60-a27207fb93c5
        ErrorIfNotSet: False
        Property: 
        NodeId: 1
}
3: WorkflowInstance "GetNodeMemberValueActivity&lt;Int32&gt;" is Idle
4: Activity [1] "GetNodeMemberValueActivity&lt;Int32&gt;" is Faulted
{
    Arguments
        Default: apa
        Attribute: 0851ebe8-dd54-406d-9b60-a27207fb93c5
        ErrorIfNotSet: False
        Result: 0
        Property: 
        NodeId: 1
}
5: Fault source [1] "GetNodeMemberValueActivity&lt;Int32&gt;"
6: WorkflowInstance "GetNodeMemberValueActivity&lt;Int32&gt;" Unhandled Exception Source "GetNodeMemberValueActivity&lt;Int32&gt;" Exception &lt;System.FormatException: Input string was not in a correct format.
   at Tests.iCore.Common.Activities.UnitTestActivityBase.WaitForCompletion() in F:\ETWork\Main\Testing\Assemblies\Tests.iCore.Common.Activities\UnitTestActivityBase.cs:line 129
   at Tests.iCore.Common.Activities.UnitTestActivityBase.RunAndWaitForCompletion() in F:\ETWork\Main\Testing\Assemblies\Tests.iCore.Common.Activities\UnitTestActivityBase.cs:line 113
   at UnitTests.iCore.Workflow.Activities.iCPS.GetNodeMemberValueActivityTests.Invoke_BadFormatting_ThrowsFormatException() in F:\ETWork\Main\Common\Assemblies\UnitTests.iCore.Workflow.Activities\iCPS\GetNodeMemberValueActivityTests.cs:line 297&gt;
7: WorkflowInstance Aborted [GetNodeMemberValueActivity&lt;Int32&gt;] Reason "Input string was not in a correct format."</StdOut>
      </Output>
    </UnitTestResult>
    <UnitTestResult executionId="510c5c8b-4534-497c-83fb-cf7e5130adec" testId="b15144ba-6fa1-e798-f6e1-3c0304b37cdc" testName="Invoke_ErrorIfNotFoundAndOtherErrorOccurs_ThrowsApplicationException" computerName="ICSWS068" duration="00:00:00.0053180" startTime="2016-08-04T09:59:02.7262514+02:00" endTime="2016-08-04T09:59:02.7332607+02:00" testType="13cdc9d9-ddb5-4fa4-a97d-d965ccfc6d4b" outcome="Passed" testListId="8c84fa94-04c1-424b-9868-57a2d4851a1d" relativeResultsDirectory="510c5c8b-4534-497c-83fb-cf7e5130adec">
      <Output>
        <StdOut>Debug Trace:
0: WorkflowInstance "GetNodeMemberValueActivity&lt;Int32&gt;" is Started
1: Activity [null] "null" scheduled child activity [1] "GetNodeMemberValueActivity&lt;Int32&gt;"
2: Activity [1] "GetNodeMemberValueActivity&lt;Int32&gt;" is Executing
{
    Arguments
        Default: apa
        Attribute: 171b4ba4-b26b-4659-83e9-e7f094ef34ba
        ErrorIfNotSet: True
        Property: 
        NodeId: 1
}
3: WorkflowInstance "GetNodeMemberValueActivity&lt;Int32&gt;" is Idle
4: Activity [1] "GetNodeMemberValueActivity&lt;Int32&gt;" is Faulted
{
    Arguments
        Default: apa
        Attribute: 171b4ba4-b26b-4659-83e9-e7f094ef34ba
        ErrorIfNotSet: True
        Result: 0
        Property: 
        NodeId: 1
}
5: Fault source [1] "GetNodeMemberValueActivity&lt;Int32&gt;"
6: WorkflowInstance "GetNodeMemberValueActivity&lt;Int32&gt;" Unhandled Exception Source "GetNodeMemberValueActivity&lt;Int32&gt;" Exception &lt;System.ApplicationException: Error in the application.
   at Tests.iCore.Common.Activities.UnitTestActivityBase.WaitForCompletion() in F:\ETWork\Main\Testing\Assemblies\Tests.iCore.Common.Activities\UnitTestActivityBase.cs:line 129
   at Tests.iCore.Common.Activities.UnitTestActivityBase.RunAndWaitForCompletion() in F:\ETWork\Main\Testing\Assemblies\Tests.iCore.Common.Activities\UnitTestActivityBase.cs:line 113
   at UnitTests.iCore.Workflow.Activities.iCPS.GetNodeMemberValueActivityTests.Invoke_ErrorIfNotFoundAndOtherErrorOccurs_ThrowsApplicationException() in F:\ETWork\Main\Common\Assemblies\UnitTests.iCore.Workflow.Activities\iCPS\GetNodeMemberValueActivityTests.cs:line 318&gt;
7: WorkflowInstance Aborted [GetNodeMemberValueActivity&lt;Int32&gt;] Reason "Error in the application."</StdOut>
      </Output>
    </UnitTestResult>
    <UnitTestResult executionId="a7ead487-b4ad-4fbe-8e24-187cc3370925" testId="27024a0d-c4a4-9b33-703d-3eae628ff7b7" testName="Invoke_CorrectArguemnts_ValidExecution" computerName="ICSWS068" duration="00:00:00.0076030" startTime="2016-08-04T09:59:02.7372800+02:00" endTime="2016-08-04T09:59:02.7462869+02:00" testType="13cdc9d9-ddb5-4fa4-a97d-d965ccfc6d4b" outcome="Passed" testListId="8c84fa94-04c1-424b-9868-57a2d4851a1d" relativeResultsDirectory="a7ead487-b4ad-4fbe-8e24-187cc3370925">
      <Output>
        <StdOut>Debug Trace:
0: WorkflowInstance "GetPartnerByIdentityActivity" is Started
1: Activity [null] "null" scheduled child activity [1] "GetPartnerByIdentityActivity"
2: Activity [1] "GetPartnerByIdentityActivity" is Executing
3: WorkflowInstance "GetPartnerByIdentityActivity" is Idle
4: Activity [1] "GetPartnerByIdentityActivity" is Closed
5: WorkflowInstance "GetPartnerByIdentityActivity" is Completed</StdOut>
      </Output>
    </UnitTestResult>
    <UnitTestResult executionId="13efae9e-e4dc-4093-9914-b796fdbb2bac" testId="7f159463-1718-05c2-11b4-872a1a48928c" testName="Invoke_CorrectArguemnts_CorrectIdentityUsed" computerName="ICSWS068" duration="00:00:00.0040664" startTime="2016-08-04T09:59:02.7497900+02:00" endTime="2016-08-04T09:59:02.7552929+02:00" testType="13cdc9d9-ddb5-4fa4-a97d-d965ccfc6d4b" outcome="Passed" testListId="8c84fa94-04c1-424b-9868-57a2d4851a1d" relativeResultsDirectory="13efae9e-e4dc-4093-9914-b796fdbb2bac">
      <Output>
        <StdOut>Debug Trace:
0: WorkflowInstance "GetPartnerByIdentityActivity" is Started
1: Activity [null] "null" scheduled child activity [1] "GetPartnerByIdentityActivity"
2: Activity [1] "GetPartnerByIdentityActivity" is Executing
3: WorkflowInstance "GetPartnerByIdentityActivity" is Idle
4: Activity [1] "GetPartnerByIdentityActivity" is Closed
5: WorkflowInstance "GetPartnerByIdentityActivity" is Completed</StdOut>
      </Output>
    </UnitTestResult>
    <UnitTestResult executionId="950eb5a2-7788-4b57-b874-ade203a94ec6" testId="4f6ac798-e899-0d9f-7427-6e1a33b15bbe" testName="Invoke_CorrectArguemnts_CorrectReturnValue" computerName="ICSWS068" duration="00:00:00.0047119" startTime="2016-08-04T09:59:02.7577952+02:00" endTime="2016-08-04T09:59:02.7642997+02:00" testType="13cdc9d9-ddb5-4fa4-a97d-d965ccfc6d4b" outcome="Passed" testListId="8c84fa94-04c1-424b-9868-57a2d4851a1d" relativeResultsDirectory="950eb5a2-7788-4b57-b874-ade203a94ec6">
      <Output>
        <StdOut>Debug Trace:
0: WorkflowInstance "GetPartnerByIdentityActivity" is Started
1: Activity [null] "null" scheduled child activity [1] "GetPartnerByIdentityActivity"
2: Activity [1] "GetPartnerByIdentityActivity" is Executing
3: WorkflowInstance "GetPartnerByIdentityActivity" is Idle
4: Activity [1] "GetPartnerByIdentityActivity" is Closed
5: WorkflowInstance "GetPartnerByIdentityActivity" is Completed</StdOut>
      </Output>
    </UnitTestResult>
    <UnitTestResult executionId="ac174aea-2b2b-41d1-8c53-f2a5f4ebfb23" testId="e8f0fd21-916d-9870-c382-51e6dab28bf7" testName="Invoke_CorrectArguemnts_CorrectReturnValueType" computerName="ICSWS068" duration="00:00:00.0028494" startTime="2016-08-04T09:59:02.7672859+02:00" endTime="2016-08-04T09:59:02.7712888+02:00" testType="13cdc9d9-ddb5-4fa4-a97d-d965ccfc6d4b" outcome="Passed" testListId="8c84fa94-04c1-424b-9868-57a2d4851a1d" relativeResultsDirectory="ac174aea-2b2b-41d1-8c53-f2a5f4ebfb23">
      <Output>
        <StdOut>Debug Trace:
0: WorkflowInstance "GetPartnerByIdentityActivity" is Started
1: Activity [null] "null" scheduled child activity [1] "GetPartnerByIdentityActivity"
2: Activity [1] "GetPartnerByIdentityActivity" is Executing
3: WorkflowInstance "GetPartnerByIdentityActivity" is Idle
4: Activity [1] "GetPartnerByIdentityActivity" is Closed
5: WorkflowInstance "GetPartnerByIdentityActivity" is Completed</StdOut>
      </Output>
    </UnitTestResult>
    <UnitTestResult executionId="9c57963d-ab10-4bae-8124-48eb7a82c3a8" testId="baa2965a-d0c3-d82c-2808-99491aa3ca2a" testName="Invoke_IdentityIsNull_ThrowsArgumentNullException" computerName="ICSWS068" duration="00:00:00.0041433" startTime="2016-08-04T09:59:02.7747899+02:00" endTime="2016-08-04T09:59:02.7797948+02:00" testType="13cdc9d9-ddb5-4fa4-a97d-d965ccfc6d4b" outcome="Passed" testListId="8c84fa94-04c1-424b-9868-57a2d4851a1d" relativeResultsDirectory="9c57963d-ab10-4bae-8124-48eb7a82c3a8">
      <Output>
        <StdOut>Debug Trace:
0: WorkflowInstance "GetPartnerByIdentityActivity" is Started
1: Activity [null] "null" scheduled child activity [1] "GetPartnerByIdentityActivity"
2: Activity [1] "GetPartnerByIdentityActivity" is Executing
3: Activity [1] "GetPartnerByIdentityActivity" is Faulted
4: Fault source [1] "GetPartnerByIdentityActivity"
5: WorkflowInstance "GetPartnerByIdentityActivity" Unhandled Exception Source "GetPartnerByIdentityActivity" Exception &lt;System.ArgumentNullException: The identity is null.
Parameter name: Identity
   at UnitTests.iCore.Workflow.Activities.iCPS.GetPartnerByIdentityActivityTests.WaitForException() in F:\ETWork\Main\Common\Assemblies\UnitTests.iCore.Workflow.Activities\iCPS\GetPartnerByIdentityActivityTests.cs:line 89
   at UnitTests.iCore.Workflow.Activities.iCPS.GetPartnerByIdentityActivityTests.Invoke_IdentityIsNull_ThrowsArgumentNullException() in F:\ETWork\Main\Common\Assemblies\UnitTests.iCore.Workflow.Activities\iCPS\GetPartnerByIdentityActivityTests.cs:line 210&gt;
6: WorkflowInstance Aborted [GetPartnerByIdentityActivity] Reason "The identity is null.
Parameter name: Identity"</StdOut>
      </Output>
    </UnitTestResult>
    <UnitTestResult executionId="ac61e32c-a3a9-4b68-8025-40e09d0e3b6b" testId="c7ebd1fd-244d-4f83-5dae-5aa1596ef1ae" testName="Invoke_IdentityDoesNotExist_ThrowsEntityNotFoundException" computerName="ICSWS068" duration="00:00:00.0060154" startTime="2016-08-04T09:59:02.7827953+02:00" endTime="2016-08-04T09:59:02.7903016+02:00" testType="13cdc9d9-ddb5-4fa4-a97d-d965ccfc6d4b" outcome="Passed" testListId="8c84fa94-04c1-424b-9868-57a2d4851a1d" relativeResultsDirectory="ac61e32c-a3a9-4b68-8025-40e09d0e3b6b">
      <Output>
        <StdOut>Debug Trace:
0: WorkflowInstance "GetPartnerByIdentityActivity" is Started
1: Activity [null] "null" scheduled child activity [1] "GetPartnerByIdentityActivity"
2: Activity [1] "GetPartnerByIdentityActivity" is Executing
3: WorkflowInstance "GetPartnerByIdentityActivity" is Idle
4: Activity [1] "GetPartnerByIdentityActivity" is Faulted
5: Fault source [1] "GetPartnerByIdentityActivity"
6: WorkflowInstance "GetPartnerByIdentityActivity" Unhandled Exception Source "GetPartnerByIdentityActivity" Exception &lt;iCore.Public.Types.EntityNotFoundException: Partner not found.
   at UnitTests.iCore.Workflow.Activities.iCPS.GetPartnerByIdentityActivityTests.WaitForException() in F:\ETWork\Main\Common\Assemblies\UnitTests.iCore.Workflow.Activities\iCPS\GetPartnerByIdentityActivityTests.cs:line 89
   at UnitTests.iCore.Workflow.Activities.iCPS.GetPartnerByIdentityActivityTests.Invoke_IdentityDoesNotExist_ThrowsEntityNotFoundException() in F:\ETWork\Main\Common\Assemblies\UnitTests.iCore.Workflow.Activities\iCPS\GetPartnerByIdentityActivityTests.cs:line 231&gt;
7: WorkflowInstance Aborted [GetPartnerByIdentityActivity] Reason "Partner not found."</StdOut>
      </Output>
    </UnitTestResult>
    <UnitTestResult executionId="36eef0bc-fed5-46d3-81b3-6d37154e468c" testId="613be343-b2be-f743-5527-c206b6b5544b" testName="Invoke_CorrectArguemnts_ValidExecution" computerName="ICSWS068" duration="00:00:00.0093162" startTime="2016-08-04T09:59:02.7943230+02:00" endTime="2016-08-04T09:59:02.8053674+02:00" testType="13cdc9d9-ddb5-4fa4-a97d-d965ccfc6d4b" outcome="Passed" testListId="8c84fa94-04c1-424b-9868-57a2d4851a1d" relativeResultsDirectory="36eef0bc-fed5-46d3-81b3-6d37154e468c">
      <Output>
        <StdOut>Debug Trace:
0: WorkflowInstance "GetSettingByIdentityActivity" is Started
1: Activity [null] "null" scheduled child activity [1] "GetSettingByIdentityActivity"
2: Activity [1] "GetSettingByIdentityActivity" is Executing
3: WorkflowInstance "GetSettingByIdentityActivity" is Idle
4: Activity [1] "GetSettingByIdentityActivity" is Closed
5: WorkflowInstance "GetSettingByIdentityActivity" is Completed</StdOut>
      </Output>
    </UnitTestResult>
    <UnitTestResult executionId="9ec729a1-c781-474b-9139-af10f221c867" testId="7f33c266-5293-1102-634e-a168cf9f51ce" testName="Invoke_CorrectArguemnts_CorrectIdentityUsed" computerName="ICSWS068" duration="00:00:00.0044268" startTime="2016-08-04T09:59:02.8093532+02:00" endTime="2016-08-04T09:59:02.8153575+02:00" testType="13cdc9d9-ddb5-4fa4-a97d-d965ccfc6d4b" outcome="Passed" testListId="8c84fa94-04c1-424b-9868-57a2d4851a1d" relativeResultsDirectory="9ec729a1-c781-474b-9139-af10f221c867">
      <Output>
        <StdOut>Debug Trace:
0: WorkflowInstance "GetSettingByIdentityActivity" is Started
1: Activity [null] "null" scheduled child activity [1] "GetSettingByIdentityActivity"
2: Activity [1] "GetSettingByIdentityActivity" is Executing
3: WorkflowInstance "GetSettingByIdentityActivity" is Idle
4: Activity [1] "GetSettingByIdentityActivity" is Closed
5: WorkflowInstance "GetSettingByIdentityActivity" is Completed</StdOut>
      </Output>
    </UnitTestResult>
    <UnitTestResult executionId="63998acc-c8cf-4c45-a690-5d7149bb351c" testId="dc581246-3f52-f7aa-b1c3-b1fc5ff013cb" testName="Invoke_CorrectArguemnts_CorrectReturnValue" computerName="ICSWS068" duration="00:00:00.0037785" startTime="2016-08-04T09:59:02.8183598+02:00" endTime="2016-08-04T09:59:02.8234914+02:00" testType="13cdc9d9-ddb5-4fa4-a97d-d965ccfc6d4b" outcome="Passed" testListId="8c84fa94-04c1-424b-9868-57a2d4851a1d" relativeResultsDirectory="63998acc-c8cf-4c45-a690-5d7149bb351c">
      <Output>
        <StdOut>Debug Trace:
0: WorkflowInstance "GetSettingByIdentityActivity" is Started
1: Activity [null] "null" scheduled child activity [1] "GetSettingByIdentityActivity"
2: Activity [1] "GetSettingByIdentityActivity" is Executing
3: WorkflowInstance "GetSettingByIdentityActivity" is Idle
4: Activity [1] "GetSettingByIdentityActivity" is Closed
5: WorkflowInstance "GetSettingByIdentityActivity" is Completed</StdOut>
      </Output>
    </UnitTestResult>
    <UnitTestResult executionId="95b9c098-7b28-4859-9435-64da5b796c5d" testId="f680ccdb-b825-d540-0bca-91e4d38edc44" testName="Invoke_CorrectArguemnts_CorrectReturnValueType" computerName="ICSWS068" duration="00:00:00.0028632" startTime="2016-08-04T09:59:02.8269963+02:00" endTime="2016-08-04T09:59:02.8314995+02:00" testType="13cdc9d9-ddb5-4fa4-a97d-d965ccfc6d4b" outcome="Passed" testListId="8c84fa94-04c1-424b-9868-57a2d4851a1d" relativeResultsDirectory="95b9c098-7b28-4859-9435-64da5b796c5d">
      <Output>
        <StdOut>Debug Trace:
0: WorkflowInstance "GetSettingByIdentityActivity" is Started
1: Activity [null] "null" scheduled child activity [1] "GetSettingByIdentityActivity"
2: Activity [1] "GetSettingByIdentityActivity" is Executing
3: WorkflowInstance "GetSettingByIdentityActivity" is Idle
4: Activity [1] "GetSettingByIdentityActivity" is Closed
5: WorkflowInstance "GetSettingByIdentityActivity" is Completed</StdOut>
      </Output>
    </UnitTestResult>
    <UnitTestResult executionId="b0426700-a282-4e32-99de-5321065d61a1" testId="db8bbe8a-ceff-64c2-6cbe-811416b32f3f" testName="Invoke_IdentityIsNull_ThrowsArgumentNullException" computerName="ICSWS068" duration="00:00:00.0035744" startTime="2016-08-04T09:59:02.8350199+02:00" endTime="2016-08-04T09:59:02.8400248+02:00" testType="13cdc9d9-ddb5-4fa4-a97d-d965ccfc6d4b" outcome="Passed" testListId="8c84fa94-04c1-424b-9868-57a2d4851a1d" relativeResultsDirectory="b0426700-a282-4e32-99de-5321065d61a1">
      <Output>
        <StdOut>Debug Trace:
0: WorkflowInstance "GetSettingByIdentityActivity" is Started
1: Activity [null] "null" scheduled child activity [1] "GetSettingByIdentityActivity"
2: Activity [1] "GetSettingByIdentityActivity" is Executing
3: Activity [1] "GetSettingByIdentityActivity" is Faulted
4: Fault source [1] "GetSettingByIdentityActivity"
5: WorkflowInstance "GetSettingByIdentityActivity" Unhandled Exception Source "GetSettingByIdentityActivity" Exception &lt;System.ArgumentNullException: The identity is null.
Parameter name: Identity
   at UnitTests.iCore.Workflow.Activities.iCPS.GetSettingByIdentityActivityTests.WaitForException() in F:\ETWork\Main\Common\Assemblies\UnitTests.iCore.Workflow.Activities\iCPS\GetSettingByIdentityActivityTests.cs:line 91
   at UnitTests.iCore.Workflow.Activities.iCPS.GetSettingByIdentityActivityTests.Invoke_IdentityIsNull_ThrowsArgumentNullException() in F:\ETWork\Main\Common\Assemblies\UnitTests.iCore.Workflow.Activities\iCPS\GetSettingByIdentityActivityTests.cs:line 212&gt;
6: WorkflowInstance Aborted [GetSettingByIdentityActivity] Reason "The identity is null.
Parameter name: Identity"</StdOut>
      </Output>
    </UnitTestResult>
    <UnitTestResult executionId="0969905d-c35c-4074-a565-dd0b212daba7" testId="68dea45f-a5f6-1872-4eb2-12f9b24b87b6" testName="Invoke_IdentityDoesNotExist_ThrowsEntityNotFoundException" computerName="ICSWS068" duration="00:00:00.0050749" startTime="2016-08-04T09:59:02.8425254+02:00" endTime="2016-08-04T09:59:02.8495303+02:00" testType="13cdc9d9-ddb5-4fa4-a97d-d965ccfc6d4b" outcome="Passed" testListId="8c84fa94-04c1-424b-9868-57a2d4851a1d" relativeResultsDirectory="0969905d-c35c-4074-a565-dd0b212daba7">
      <Output>
        <StdOut>Debug Trace:
0: WorkflowInstance "GetSettingByIdentityActivity" is Started
1: Activity [null] "null" scheduled child activity [1] "GetSettingByIdentityActivity"
2: Activity [1] "GetSettingByIdentityActivity" is Executing
3: WorkflowInstance "GetSettingByIdentityActivity" is Idle
4: Activity [1] "GetSettingByIdentityActivity" is Faulted
5: Fault source [1] "GetSettingByIdentityActivity"
6: WorkflowInstance "GetSettingByIdentityActivity" Unhandled Exception Source "GetSettingByIdentityActivity" Exception &lt;iCore.Public.Types.EntityNotFoundException: Setting not found.
   at UnitTests.iCore.Workflow.Activities.iCPS.GetSettingByIdentityActivityTests.WaitForException() in F:\ETWork\Main\Common\Assemblies\UnitTests.iCore.Workflow.Activities\iCPS\GetSettingByIdentityActivityTests.cs:line 91
   at UnitTests.iCore.Workflow.Activities.iCPS.GetSettingByIdentityActivityTests.Invoke_IdentityDoesNotExist_ThrowsEntityNotFoundException() in F:\ETWork\Main\Common\Assemblies\UnitTests.iCore.Workflow.Activities\iCPS\GetSettingByIdentityActivityTests.cs:line 233&gt;
7: WorkflowInstance Aborted [GetSettingByIdentityActivity] Reason "Setting not found."</StdOut>
      </Output>
    </UnitTestResult>
    <UnitTestResult executionId="e9eeabd6-42e3-4fad-ac09-4beec2166bca" testId="14b9eaf7-6c7b-a6b6-600e-33b3d29a34ff" testName="Invoke_CorrectAttribute_ValidExecution" computerName="ICSWS068" duration="00:00:00.0150395" startTime="2016-08-04T09:59:02.8530328+02:00" endTime="2016-08-04T09:59:02.8695446+02:00" testType="13cdc9d9-ddb5-4fa4-a97d-d965ccfc6d4b" outcome="Passed" testListId="8c84fa94-04c1-424b-9868-57a2d4851a1d" relativeResultsDirectory="e9eeabd6-42e3-4fad-ac09-4beec2166bca">
      <Output>
        <StdOut>Debug Trace:
0: WorkflowInstance "SetNodeMemberValueActivity" is Started
1: Activity [null] "null" scheduled child activity [1] "SetNodeMemberValueActivity"
2: Activity [1] "SetNodeMemberValueActivity" is Executing
{
    Arguments
        Value: SomeValue
        Attribute: 235ec88b-ef05-4d4b-896d-62dfd7d03f26
        Property: 
        NodeId: 1
}
3: WorkflowInstance "SetNodeMemberValueActivity" is Idle
4: Activity [1] "SetNodeMemberValueActivity" is Closed
{
    Arguments
        Value: SomeValue
        Attribute: 235ec88b-ef05-4d4b-896d-62dfd7d03f26
        Property: 
        NodeId: 1
}
5: WorkflowInstance "SetNodeMemberValueActivity" is Completed</StdOut>
      </Output>
    </UnitTestResult>
    <UnitTestResult executionId="cda75386-92b1-48fa-89a3-b1ea36c40338" testId="579cd86d-ade3-b04f-4e73-cc7f45867abd" testName="Invoke_CorrectPropertyName_ValidExecution" computerName="ICSWS068" duration="00:00:00.0093021" startTime="2016-08-04T09:59:02.8735680+02:00" endTime="2016-08-04T09:59:02.8847499+02:00" testType="13cdc9d9-ddb5-4fa4-a97d-d965ccfc6d4b" outcome="Passed" testListId="8c84fa94-04c1-424b-9868-57a2d4851a1d" relativeResultsDirectory="cda75386-92b1-48fa-89a3-b1ea36c40338">
      <Output>
        <StdOut>Debug Trace:
0: WorkflowInstance "SetNodeMemberValueActivity" is Started
1: Activity [null] "null" scheduled child activity [1] "SetNodeMemberValueActivity"
2: Activity [1] "SetNodeMemberValueActivity" is Executing
{
    Arguments
        Value: SomeValue
        Attribute: 00000000-0000-0000-0000-000000000000
        Property: Name
        NodeId: 1
}
3: WorkflowInstance "SetNodeMemberValueActivity" is Idle
4: Activity [1] "SetNodeMemberValueActivity" is Closed
{
    Arguments
        Value: SomeValue
        Attribute: 00000000-0000-0000-0000-000000000000
        Property: Name
        NodeId: 1
}
5: WorkflowInstance "SetNodeMemberValueActivity" is Completed</StdOut>
      </Output>
    </UnitTestResult>
    <UnitTestResult executionId="2e591f19-dd18-4370-a98e-dc171054c667" testId="8e5fce79-4753-f646-2ccc-6615f7b76146" testName="Invoke_CorrectPropertyPartner_ValidExecution" computerName="ICSWS068" duration="00:00:00.0070007" startTime="2016-08-04T09:59:02.8877519+02:00" endTime="2016-08-04T09:59:02.8962611+02:00" testType="13cdc9d9-ddb5-4fa4-a97d-d965ccfc6d4b" outcome="Passed" testListId="8c84fa94-04c1-424b-9868-57a2d4851a1d" relativeResultsDirectory="2e591f19-dd18-4370-a98e-dc171054c667">
      <Output>
        <StdOut>Debug Trace:
0: WorkflowInstance "SetNodeMemberValueActivity" is Started
1: Activity [null] "null" scheduled child activity [1] "SetNodeMemberValueActivity"
2: Activity [1] "SetNodeMemberValueActivity" is Executing
{
    Arguments
        Value: 9f2c03ae-21ea-4104-9e73-cd986c87c7e4
        Attribute: 00000000-0000-0000-0000-000000000000
        Property: PartnerId
        NodeId: 1
}
3: WorkflowInstance "SetNodeMemberValueActivity" is Idle
4: Activity [1] "SetNodeMemberValueActivity" is Closed
{
    Arguments
        Value: 9f2c03ae-21ea-4104-9e73-cd986c87c7e4
        Attribute: 00000000-0000-0000-0000-000000000000
        Property: PartnerId
        NodeId: 1
}
5: WorkflowInstance "SetNodeMemberValueActivity" is Completed</StdOut>
      </Output>
    </UnitTestResult>
    <UnitTestResult executionId="f22dfb1b-831e-4587-9d87-9b96c3c72a9e" testId="b8d63c33-1917-9553-4895-e58cdcf22c51" testName="Invoke_ValueisNull_ValidExecution" computerName="ICSWS068" duration="00:00:00.0069068" startTime="2016-08-04T09:59:02.8987634+02:00" endTime="2016-08-04T09:59:02.9072695+02:00" testType="13cdc9d9-ddb5-4fa4-a97d-d965ccfc6d4b" outcome="Passed" testListId="8c84fa94-04c1-424b-9868-57a2d4851a1d" relativeResultsDirectory="f22dfb1b-831e-4587-9d87-9b96c3c72a9e">
      <Output>
        <StdOut>Debug Trace:
0: WorkflowInstance "SetNodeMemberValueActivity" is Started
1: Activity [null] "null" scheduled child activity [1] "SetNodeMemberValueActivity"
2: Activity [1] "SetNodeMemberValueActivity" is Executing
{
    Arguments
        Value: 
        Attribute: c179f5a7-4057-46fa-abb8-0ac5fe54971a
        Property: 
        NodeId: 1
}
3: WorkflowInstance "SetNodeMemberValueActivity" is Idle
4: Activity [1] "SetNodeMemberValueActivity" is Closed
{
    Arguments
        Value: 
        Attribute: c179f5a7-4057-46fa-abb8-0ac5fe54971a
        Property: 
        NodeId: 1
}
5: WorkflowInstance "SetNodeMemberValueActivity" is Completed</StdOut>
      </Output>
    </UnitTestResult>
    <UnitTestResult executionId="a9081934-3e62-4454-b7b8-1c0fb7b6b8b7" testId="e86c1826-03f9-0b12-cb8f-cac6b9497a53" testName="Invoke_InvalidAttributeId_ValidExecution" computerName="ICSWS068" duration="00:00:00.0044822" startTime="2016-08-04T09:59:02.9102715+02:00" endTime="2016-08-04T09:59:02.9162758+02:00" testType="13cdc9d9-ddb5-4fa4-a97d-d965ccfc6d4b" outcome="Passed" testListId="8c84fa94-04c1-424b-9868-57a2d4851a1d" relativeResultsDirectory="a9081934-3e62-4454-b7b8-1c0fb7b6b8b7">
      <Output>
        <StdOut>Debug Trace:
0: WorkflowInstance "SetNodeMemberValueActivity" is Started
1: Activity [null] "null" scheduled child activity [1] "SetNodeMemberValueActivity"
2: Activity [1] "SetNodeMemberValueActivity" is Executing
{
    Arguments
        Value: 
        Attribute: 00000000-0000-0000-0000-000000000000
        Property: 
        NodeId: 1
}
3: WorkflowInstance "SetNodeMemberValueActivity" is Idle
4: Activity [1] "SetNodeMemberValueActivity" is Faulted
{
    Arguments
        Value: 
        Attribute: 00000000-0000-0000-0000-000000000000
        Property: 
        NodeId: 1
}
5: Fault source [1] "SetNodeMemberValueActivity"
6: WorkflowInstance "SetNodeMemberValueActivity" Unhandled Exception Source "SetNodeMemberValueActivity" Exception &lt;iCore.Public.Types.EntityNotFoundException: Node Attribute not found.
   at UnitTests.iCore.Workflow.Activities.iCPS.SetNodeMemberValueActivityTests.WaitForException() in F:\ETWork\Main\Common\Assemblies\UnitTests.iCore.Workflow.Activities\iCPS\SetNodeMemberValueActivityTests.cs:line 98
   at UnitTests.iCore.Workflow.Activities.iCPS.SetNodeMemberValueActivityTests.Invoke_InvalidAttributeId_ValidExecution() in F:\ETWork\Main\Common\Assemblies\UnitTests.iCore.Workflow.Activities\iCPS\SetNodeMemberValueActivityTests.cs:line 246&gt;
7: WorkflowInstance Aborted [SetNodeMemberValueActivity] Reason "Node Attribute not found."</StdOut>
      </Output>
    </UnitTestResult>
    <UnitTestResult executionId="7731ae83-e537-4573-8c85-69b000b2ca1e" testId="4c4ba793-acd6-2342-bd84-51c921cfa7e1" testName="Invoke_PropertyAndAttributeSet_ValidExecution" computerName="ICSWS068" duration="00:00:00.0047652" startTime="2016-08-04T09:59:02.9192778+02:00" endTime="2016-08-04T09:59:02.9252823+02:00" testType="13cdc9d9-ddb5-4fa4-a97d-d965ccfc6d4b" outcome="Passed" testListId="8c84fa94-04c1-424b-9868-57a2d4851a1d" relativeResultsDirectory="7731ae83-e537-4573-8c85-69b000b2ca1e" />
    <UnitTestResult executionId="98d453cc-3cf8-4320-98db-103b2ce40b39" testId="a89dcca0-1fca-cc7c-4bc2-f0dfb95623a2" testName="Invoke_CreateNewTrackingScopeCalledWithCorrectArguments" computerName="ICSWS068" duration="00:00:00.0264773" startTime="2016-08-04T09:59:02.9282846+02:00" endTime="2016-08-04T09:59:02.9563082+02:00" testType="13cdc9d9-ddb5-4fa4-a97d-d965ccfc6d4b" outcome="Passed" testListId="8c84fa94-04c1-424b-9868-57a2d4851a1d" relativeResultsDirectory="98d453cc-3cf8-4320-98db-103b2ce40b39" />
    <UnitTestResult executionId="92001cb9-96e8-4bbd-81c4-5151496f4847" testId="cdc145ee-f901-ab57-6a18-0e4b10a52455" testName="Invoke_CreateSubContextCalledWithCorrectArguments" computerName="ICSWS068" duration="00:00:00.0090648" startTime="2016-08-04T09:59:02.9593105+02:00" endTime="2016-08-04T09:59:02.9703191+02:00" testType="13cdc9d9-ddb5-4fa4-a97d-d965ccfc6d4b" outcome="Passed" testListId="8c84fa94-04c1-424b-9868-57a2d4851a1d" relativeResultsDirectory="92001cb9-96e8-4bbd-81c4-5151496f4847" />
    <UnitTestResult executionId="6ed721fc-506d-4944-90d9-db638a47507c" testId="1125727e-9070-aebc-ddbe-11c8b936943c" testName="Invoke_CreateNewTrackingScope_JobStateSetAsSucceeded" computerName="ICSWS068" duration="00:00:00.0090519" startTime="2016-08-04T09:59:02.9738208+02:00" endTime="2016-08-04T09:59:02.9848341+02:00" testType="13cdc9d9-ddb5-4fa4-a97d-d965ccfc6d4b" outcome="Passed" testListId="8c84fa94-04c1-424b-9868-57a2d4851a1d" relativeResultsDirectory="6ed721fc-506d-4944-90d9-db638a47507c" />
    <UnitTestResult executionId="1730a993-0615-4ca1-8a3b-1f7c638f0e84" testId="87556c7a-c811-3916-f8f0-cc21953ed34a" testName="Invoke_CreateNewTrackingScope_JobStateSetAsFailed" computerName="ICSWS068" duration="00:00:00.0076713" startTime="2016-08-04T09:59:02.9888326+02:00" endTime="2016-08-04T09:59:02.9983386+02:00" testType="13cdc9d9-ddb5-4fa4-a97d-d965ccfc6d4b" outcome="Passed" testListId="8c84fa94-04c1-424b-9868-57a2d4851a1d" relativeResultsDirectory="1730a993-0615-4ca1-8a3b-1f7c638f0e84" />
    <UnitTestResult executionId="ef653b0c-0f85-4d25-8562-1e076d56c95e" testId="2769df87-2079-ca34-aa50-11c05e896701" testName="Invoke_CreateNewTrackingScope_ThrowsWithTryOutside_JobStateSetAsFailed" computerName="ICSWS068" duration="00:00:00.0083986" startTime="2016-08-04T09:59:03.0018423+02:00" endTime="2016-08-04T09:59:03.0118055+02:00" testType="13cdc9d9-ddb5-4fa4-a97d-d965ccfc6d4b" outcome="Passed" testListId="8c84fa94-04c1-424b-9868-57a2d4851a1d" relativeResultsDirectory="ef653b0c-0f85-4d25-8562-1e076d56c95e" />
    <UnitTestResult executionId="fea469bb-b1ef-49e2-b5d6-b91783b6312b" testId="59b5d0e0-b09f-5236-ef9a-ac47773b88eb" testName="DeleteSetting_CorrectArguments_ValidExecution" computerName="ICSWS068" duration="00:00:00.0076593" startTime="2016-08-04T09:59:03.0153081+02:00" endTime="2016-08-04T09:59:03.0246938+02:00" testType="13cdc9d9-ddb5-4fa4-a97d-d965ccfc6d4b" outcome="Passed" testListId="8c84fa94-04c1-424b-9868-57a2d4851a1d" relativeResultsDirectory="fea469bb-b1ef-49e2-b5d6-b91783b6312b">
      <Output>
        <StdOut>Debug Trace:
0: WorkflowInstance "DeleteSettingActivity" is Started
1: Activity [null] "null" scheduled child activity [1] "DeleteSettingActivity"
2: Activity [1] "DeleteSettingActivity" is Executing
{
    Arguments
        SettingId: ad4c490b-3590-4817-9fce-fb0748d7c809
}
3: WorkflowInstance "DeleteSettingActivity" is Idle
4: Activity [1] "DeleteSettingActivity" is Closed
{
    Arguments
        SettingId: ad4c490b-3590-4817-9fce-fb0748d7c809
}
5: WorkflowInstance "DeleteSettingActivity" is Completed</StdOut>
      </Output>
    </UnitTestResult>
    <UnitTestResult executionId="8544f7e3-0eb4-4876-8b77-08e4a1fb1af7" testId="f6c570e2-dbef-9fa5-3696-cc37f7c03613" testName="DeleteSetting_CorrectArguments_CorrectSettingIdUsed" computerName="ICSWS068" duration="00:00:00.0036749" startTime="2016-08-04T09:59:03.0276797+02:00" endTime="2016-08-04T09:59:03.0326832+02:00" testType="13cdc9d9-ddb5-4fa4-a97d-d965ccfc6d4b" outcome="Passed" testListId="8c84fa94-04c1-424b-9868-57a2d4851a1d" relativeResultsDirectory="8544f7e3-0eb4-4876-8b77-08e4a1fb1af7">
      <Output>
        <StdOut>Debug Trace:
0: WorkflowInstance "DeleteSettingActivity" is Started
1: Activity [null] "null" scheduled child activity [1] "DeleteSettingActivity"
2: Activity [1] "DeleteSettingActivity" is Executing
{
    Arguments
        SettingId: 595918bf-f8be-4697-94fa-deaa2c0a7857
}
3: WorkflowInstance "DeleteSettingActivity" is Idle
4: Activity [1] "DeleteSettingActivity" is Closed
{
    Arguments
        SettingId: 595918bf-f8be-4697-94fa-deaa2c0a7857
}
5: WorkflowInstance "DeleteSettingActivity" is Completed</StdOut>
      </Output>
    </UnitTestResult>
    <UnitTestResult executionId="fe9c6969-37a0-48b7-ae19-32434b42b638" testId="b556ce8a-8fac-830b-d25b-2f2e8312e946" testName="DeleteSetting_NonExistentAttribute_ThrowsEntityNotFoundException" computerName="ICSWS068" duration="00:00:00.0059327" startTime="2016-08-04T09:59:03.0352019+02:00" endTime="2016-08-04T09:59:03.0476952+02:00" testType="13cdc9d9-ddb5-4fa4-a97d-d965ccfc6d4b" outcome="Passed" testListId="8c84fa94-04c1-424b-9868-57a2d4851a1d" relativeResultsDirectory="fe9c6969-37a0-48b7-ae19-32434b42b638">
      <Output>
        <StdOut>Debug Trace:
0: WorkflowInstance "DeleteSettingActivity" is Started
1: Activity [null] "null" scheduled child activity [1] "DeleteSettingActivity"
2: Activity [1] "DeleteSettingActivity" is Executing
{
    Arguments
        SettingId: 0fa5ca7c-52e4-498e-b183-64aba2a57440
}
3: WorkflowInstance "DeleteSettingActivity" is Idle
4: Activity [1] "DeleteSettingActivity" is Faulted
{
    Arguments
        SettingId: 0fa5ca7c-52e4-498e-b183-64aba2a57440
}
5: Fault source [1] "DeleteSettingActivity"
6: WorkflowInstance "DeleteSettingActivity" Unhandled Exception Source "DeleteSettingActivity" Exception &lt;iCore.Public.Types.EntityNotFoundException: Setting not found.
   at UnitTests.iCore.Workflow.Activities.iCPS.DeleteSettingsActivityTests.WaitForException() in F:\ETWork\Main\Common\Assemblies\UnitTests.iCore.Workflow.Activities\iCPS\DeleteSettingActivityTests.cs:line 86
   at UnitTests.iCore.Workflow.Activities.iCPS.DeleteSettingsActivityTests.DeleteSetting_NonExistentAttribute_ThrowsEntityNotFoundException() in F:\ETWork\Main\Common\Assemblies\UnitTests.iCore.Workflow.Activities\iCPS\DeleteSettingActivityTests.cs:line 169&gt;
7: WorkflowInstance Aborted [DeleteSettingActivity] Reason "Setting not found."</StdOut>
      </Output>
    </UnitTestResult>
    <UnitTestResult executionId="62bee612-a4ec-4ada-839a-f1b186e8d1ca" testId="52f2264e-be3b-0a77-0fa0-1da62bc72b16" testName="DeleteSetting_SettingIsNone_ThrowsUnauthorizedException" computerName="ICSWS068" duration="00:00:00.0035793" startTime="2016-08-04T09:59:03.0506969+02:00" endTime="2016-08-04T09:59:03.0557171+02:00" testType="13cdc9d9-ddb5-4fa4-a97d-d965ccfc6d4b" outcome="Passed" testListId="8c84fa94-04c1-424b-9868-57a2d4851a1d" relativeResultsDirectory="62bee612-a4ec-4ada-839a-f1b186e8d1ca">
      <Output>
        <StdOut>Debug Trace:
0: WorkflowInstance "DeleteSettingActivity" is Started
1: Activity [null] "null" scheduled child activity [1] "DeleteSettingActivity"
2: Activity [1] "DeleteSettingActivity" is Executing
{
    Arguments
        SettingId: 00000000-0000-0000-0000-000000000000
}
3: WorkflowInstance "DeleteSettingActivity" is Idle
4: Activity [1] "DeleteSettingActivity" is Faulted
{
    Arguments
        SettingId: 00000000-0000-0000-0000-000000000000
}
5: Fault source [1] "DeleteSettingActivity"
6: WorkflowInstance "DeleteSettingActivity" Unhandled Exception Source "DeleteSettingActivity" Exception &lt;System.UnauthorizedAccessException: You are not authorized to delete this Setting.
   at UnitTests.iCore.Workflow.Activities.iCPS.DeleteSettingsActivityTests.WaitForException() in F:\ETWork\Main\Common\Assemblies\UnitTests.iCore.Workflow.Activities\iCPS\DeleteSettingActivityTests.cs:line 86
   at UnitTests.iCore.Workflow.Activities.iCPS.DeleteSettingsActivityTests.DeleteSetting_SettingIsNone_ThrowsUnauthorizedException() in F:\ETWork\Main\Common\Assemblies\UnitTests.iCore.Workflow.Activities\iCPS\DeleteSettingActivityTests.cs:line 189&gt;
7: WorkflowInstance Aborted [DeleteSettingActivity] Reason "You are not authorized to delete this Setting."</StdOut>
      </Output>
    </UnitTestResult>
    <UnitTestResult executionId="a7b42fb5-97d4-46c3-ba04-560bc7dd4d97" testId="58ed8fae-b1e2-6551-8bb5-c320306e5f9b" testName="DeleteSetting_RequiredArgumentMissing_ThrowsArgumentException" computerName="ICSWS068" duration="00:00:00.0015331" startTime="2016-08-04T09:59:03.0587018+02:00" endTime="2016-08-04T09:59:03.0612035+02:00" testType="13cdc9d9-ddb5-4fa4-a97d-d965ccfc6d4b" outcome="Passed" testListId="8c84fa94-04c1-424b-9868-57a2d4851a1d" relativeResultsDirectory="a7b42fb5-97d4-46c3-ba04-560bc7dd4d97" />
    <UnitTestResult executionId="129bb3f8-ad70-4a7c-b351-4a22323d44d2" testId="007dc307-c262-91d2-e9d2-1bb8161ac5f2" testName="InvokeActivity_NormalExecution_Success" computerName="ICSWS068" duration="00:00:00.0073883" startTime="2016-08-04T09:59:03.0642756+02:00" endTime="2016-08-04T09:59:03.0732875+02:00" testType="13cdc9d9-ddb5-4fa4-a97d-d965ccfc6d4b" outcome="Passed" testListId="8c84fa94-04c1-424b-9868-57a2d4851a1d" relativeResultsDirectory="129bb3f8-ad70-4a7c-b351-4a22323d44d2" />
    <UnitTestResult executionId="6672903f-2bb6-48cd-bb0b-133333c05bba" testId="c9661bbc-135d-5a7e-b0e2-fc2bf753ab58" testName="InvokeActivity_OnlyRequiredArgumentsSet_Success" computerName="ICSWS068" duration="00:00:00.0025046" startTime="2016-08-04T09:59:03.0757877+02:00" endTime="2016-08-04T09:59:03.0798067+02:00" testType="13cdc9d9-ddb5-4fa4-a97d-d965ccfc6d4b" outcome="Passed" testListId="8c84fa94-04c1-424b-9868-57a2d4851a1d" relativeResultsDirectory="6672903f-2bb6-48cd-bb0b-133333c05bba" />
    <UnitTestResult executionId="c2539953-79ae-470a-a122-e87fe5c6ea02" testId="596bd4bb-c23e-296c-8937-aa160d73fc09" testName="InvokeActivity_NonExistentCrossReference_ThrowsTestException" computerName="ICSWS068" duration="00:00:00.0038037" startTime="2016-08-04T09:59:03.0822926+02:00" endTime="2016-08-04T09:59:03.0877388+02:00" testType="13cdc9d9-ddb5-4fa4-a97d-d965ccfc6d4b" outcome="Passed" testListId="8c84fa94-04c1-424b-9868-57a2d4851a1d" relativeResultsDirectory="c2539953-79ae-470a-a122-e87fe5c6ea02" />
    <UnitTestResult executionId="dd525590-20ab-4927-bccb-be1d5872a9b4" testId="0b60d6a0-e418-0a35-30b6-c98f98bd3bd2" testName="InvokeActivity_RequiredArgumentsNotSet_ThrowsArgumentException" computerName="ICSWS068" duration="00:00:00.0023310" startTime="2016-08-04T09:59:03.0902411+02:00" endTime="2016-08-04T09:59:03.0937455+02:00" testType="13cdc9d9-ddb5-4fa4-a97d-d965ccfc6d4b" outcome="Passed" testListId="8c84fa94-04c1-424b-9868-57a2d4851a1d" relativeResultsDirectory="dd525590-20ab-4927-bccb-be1d5872a9b4" />
    <UnitTestResult executionId="b09ff4c0-8084-4d19-b974-34e6fb468136" testId="2e2e7da2-fdc6-6675-c7ac-d6c89b58f2b9" testName="InvokeActivity_NoneSpawnedIdListIsNull_Success" computerName="ICSWS068" duration="00:00:00.0643286" startTime="2016-08-04T09:59:03.0962645+02:00" endTime="2016-08-04T09:59:03.1621575+02:00" testType="13cdc9d9-ddb5-4fa4-a97d-d965ccfc6d4b" outcome="Passed" testListId="8c84fa94-04c1-424b-9868-57a2d4851a1d" relativeResultsDirectory="b09ff4c0-8084-4d19-b974-34e6fb468136" />
    <UnitTestResult executionId="09f24dad-f95b-49c9-bd49-94aa51f26ddc" testId="d03e6209-62e6-055d-3d8e-6d4c7c89da52" testName="InvokeActivity_SingleSpawnNormalExecutionSuccessResult_Success" computerName="ICSWS068" duration="00:00:00.0094730" startTime="2016-08-04T09:59:03.1652310+02:00" endTime="2016-08-04T09:59:03.1762593+02:00" testType="13cdc9d9-ddb5-4fa4-a97d-d965ccfc6d4b" outcome="Passed" testListId="8c84fa94-04c1-424b-9868-57a2d4851a1d" relativeResultsDirectory="09f24dad-f95b-49c9-bd49-94aa51f26ddc" />
    <UnitTestResult executionId="4e6bbbfb-5232-4c2e-8a94-5ddb65a9a6d3" testId="18fb7472-42b6-6783-8c04-afd2a04081f0" testName="InvokeActivity_SingleSpawnListWithIdsIsEmpty_WorkflowIsNotAwaited" computerName="ICSWS068" duration="00:00:00.0056523" startTime="2016-08-04T09:59:03.1792598+02:00" endTime="2016-08-04T09:59:03.1862662+02:00" testType="13cdc9d9-ddb5-4fa4-a97d-d965ccfc6d4b" outcome="Passed" testListId="8c84fa94-04c1-424b-9868-57a2d4851a1d" relativeResultsDirectory="4e6bbbfb-5232-4c2e-8a94-5ddb65a9a6d3" />
    <UnitTestResult executionId="8e498a88-1cfb-44f1-a276-2f7567feb963" testId="572a4f15-0679-ed86-00e5-6d5f8d2fdf41" testName="InvokeActivity_RemovePublishedDatahasDefaultValue_RemovePublishedDataValueCorrect" computerName="ICSWS068" duration="00:00:00.0063159" startTime="2016-08-04T09:59:03.1887826+02:00" endTime="2016-08-04T09:59:03.1962892+02:00" testType="13cdc9d9-ddb5-4fa4-a97d-d965ccfc6d4b" outcome="Passed" testListId="8c84fa94-04c1-424b-9868-57a2d4851a1d" relativeResultsDirectory="8e498a88-1cfb-44f1-a276-2f7567feb963" />
    <UnitTestResult executionId="a0165e39-31a6-4693-8aed-7efa4f83e77c" testId="add33cd2-634b-615f-2f12-344ec559ce11" testName="InvokeActivity_RemovePublishedDataIsTrue_RemovePublishedDataValueCorrect" computerName="ICSWS068" duration="00:00:00.0060168" startTime="2016-08-04T09:59:03.1992756+02:00" endTime="2016-08-04T09:59:03.2064594+02:00" testType="13cdc9d9-ddb5-4fa4-a97d-d965ccfc6d4b" outcome="Passed" testListId="8c84fa94-04c1-424b-9868-57a2d4851a1d" relativeResultsDirectory="a0165e39-31a6-4693-8aed-7efa4f83e77c" />
    <UnitTestResult executionId="11c971fa-5ca1-448e-8e43-6d17c2c0effe" testId="8b1113a9-b68f-317b-7319-75622b844f5d" testName="InvokeActivity_SingleSpawnNormalExecutionErrorResult_Success" computerName="ICSWS068" duration="00:00:00.0062142" startTime="2016-08-04T09:59:03.2089450+02:00" endTime="2016-08-04T09:59:03.2169692+02:00" testType="13cdc9d9-ddb5-4fa4-a97d-d965ccfc6d4b" outcome="Passed" testListId="8c84fa94-04c1-424b-9868-57a2d4851a1d" relativeResultsDirectory="11c971fa-5ca1-448e-8e43-6d17c2c0effe" />
    <UnitTestResult executionId="0f7ecccd-cedd-4ced-a7c5-e16b4e2ca300" testId="7d072065-efde-d9c6-b2e6-67b14a7fafc6" testName="InvokeActivity_TrippleSpawnNormalExecutionMixedResult_Success" computerName="ICSWS068" duration="00:00:00.0060318" startTime="2016-08-04T09:59:03.2199712+02:00" endTime="2016-08-04T09:59:03.2273194+02:00" testType="13cdc9d9-ddb5-4fa4-a97d-d965ccfc6d4b" outcome="Passed" testListId="8c84fa94-04c1-424b-9868-57a2d4851a1d" relativeResultsDirectory="0f7ecccd-cedd-4ced-a7c5-e16b4e2ca300" />
    <UnitTestResult executionId="4ca3196b-4b25-4480-9cac-c046712e5171" testId="a26b7f64-7e79-bedf-f3dc-8a3a683f1539" testName="InvokeActivity_TrippleSpawnNormalExecutionWrongTypeInCompletion_Throws" computerName="ICSWS068" duration="00:00:00.0057813" startTime="2016-08-04T09:59:03.2303223+02:00" endTime="2016-08-04T09:59:03.2373468+02:00" testType="13cdc9d9-ddb5-4fa4-a97d-d965ccfc6d4b" outcome="Passed" testListId="8c84fa94-04c1-424b-9868-57a2d4851a1d" relativeResultsDirectory="4ca3196b-4b25-4480-9cac-c046712e5171" />
    <UnitTestResult executionId="11995f58-d9a3-40f1-a50d-781be2e45fa0" testId="97c29793-4fe7-950a-df87-e48d680922ba" testName="InvokeActivity_TrippleSpawnNormalExecutionWrongInstanceIdInCompletion_Throws" computerName="ICSWS068" duration="00:00:00.0063194" startTime="2016-08-04T09:59:03.2398483+02:00" endTime="2016-08-04T09:59:03.2473138+02:00" testType="13cdc9d9-ddb5-4fa4-a97d-d965ccfc6d4b" outcome="Passed" testListId="8c84fa94-04c1-424b-9868-57a2d4851a1d" relativeResultsDirectory="11995f58-d9a3-40f1-a50d-781be2e45fa0" />
    <UnitTestResult executionId="a07a887a-a3a8-481c-9ae3-6013f4ea8be2" testId="24ddcf64-b21d-6cb8-b6f1-e31638d2e460" testName="InvokeActivity_SpawnIdCountIsZeroNormalExecution_SuccessEmptyResult" computerName="ICSWS068" duration="00:00:00.0053684" startTime="2016-08-04T09:59:03.2502997+02:00" endTime="2016-08-04T09:59:03.2568057+02:00" testType="13cdc9d9-ddb5-4fa4-a97d-d965ccfc6d4b" outcome="Passed" testListId="8c84fa94-04c1-424b-9868-57a2d4851a1d" relativeResultsDirectory="a07a887a-a3a8-481c-9ae3-6013f4ea8be2" />
    <UnitTestResult executionId="db409f22-d699-4e7c-972b-081ec2eaeaae" testId="d3f204c5-e63b-01db-eff7-fd2abf7581d4" testName="InvokeActivity_SingleSpawnNormalExecutionTimeoutOccur_Throws" computerName="ICSWS068" duration="00:00:00.0160609" startTime="2016-08-04T09:59:03.2593221+02:00" endTime="2016-08-04T09:59:03.2768790+02:00" testType="13cdc9d9-ddb5-4fa4-a97d-d965ccfc6d4b" outcome="Passed" testListId="8c84fa94-04c1-424b-9868-57a2d4851a1d" relativeResultsDirectory="db409f22-d699-4e7c-972b-081ec2eaeaae" />
    <UnitTestResult executionId="3f6b9ebd-1012-4651-a281-83213ba9ada0" testId="3069839a-a237-8014-4f2e-a3b6a45bf2f6" testName="InvokeActivity_SingleSpawnNormalExecutionTimeoutOccurErrorOnTimeoutIsFalse_Success" computerName="ICSWS068" duration="00:00:00.0058661" startTime="2016-08-04T09:59:03.2798919+02:00" endTime="2016-08-04T09:59:03.2873976+02:00" testType="13cdc9d9-ddb5-4fa4-a97d-d965ccfc6d4b" outcome="Passed" testListId="8c84fa94-04c1-424b-9868-57a2d4851a1d" relativeResultsDirectory="3f6b9ebd-1012-4651-a281-83213ba9ada0" />
    <UnitTestResult executionId="86c278de-c358-46f3-807d-a6e6f10537b5" testId="c866b087-c459-5bd9-c02f-4992539dff41" testName="InvokeActivity_TrippleSpawnNormalExecutionTimeoutSetAllCompletes_Success" computerName="ICSWS068" duration="00:00:00.0085915" startTime="2016-08-04T09:59:03.2898832+02:00" endTime="2016-08-04T09:59:03.2996980+02:00" testType="13cdc9d9-ddb5-4fa4-a97d-d965ccfc6d4b" outcome="Passed" testListId="8c84fa94-04c1-424b-9868-57a2d4851a1d" relativeResultsDirectory="86c278de-c358-46f3-807d-a6e6f10537b5" />
    <UnitTestResult executionId="ad7875a2-3027-450c-bcbc-65bbf76ec781" testId="02c8bf5f-b69a-a6b5-5d4c-6bfdbf790b79" testName="InvokeActivity_TrippleSpawnExecutionAborted_Aborted" computerName="ICSWS068" duration="00:00:00.0059253" startTime="2016-08-04T09:59:03.3017000+02:00" endTime="2016-08-04T09:59:03.3096506+02:00" testType="13cdc9d9-ddb5-4fa4-a97d-d965ccfc6d4b" outcome="Passed" testListId="8c84fa94-04c1-424b-9868-57a2d4851a1d" relativeResultsDirectory="ad7875a2-3027-450c-bcbc-65bbf76ec781" />
    <UnitTestResult executionId="62e070e8-6227-435c-a88d-cfbd54094dc8" testId="d38fd5f5-9d8f-3ec2-5250-cbe7182baf74" testName="InvokeActivity_TrippleSpawnExecutionAborted_Cancelled" computerName="ICSWS068" duration="00:00:00.0056816" startTime="2016-08-04T09:59:03.3131549+02:00" endTime="2016-08-04T09:59:03.3196783+02:00" testType="13cdc9d9-ddb5-4fa4-a97d-d965ccfc6d4b" outcome="Passed" testListId="8c84fa94-04c1-424b-9868-57a2d4851a1d" relativeResultsDirectory="62e070e8-6227-435c-a88d-cfbd54094dc8" />
    <UnitTestResult executionId="44c71d81-8936-485f-8fba-3a2f68177702" testId="c02354b8-e61b-bbba-fb9a-1d603fec76ca" testName="InvokeActivity_TrippleSpawnNoneWasRunning_Success" computerName="ICSWS068" duration="00:00:00.0103238" startTime="2016-08-04T09:59:03.3221630+02:00" endTime="2016-08-04T09:59:03.3342493+02:00" testType="13cdc9d9-ddb5-4fa4-a97d-d965ccfc6d4b" outcome="Passed" testListId="8c84fa94-04c1-424b-9868-57a2d4851a1d" relativeResultsDirectory="44c71d81-8936-485f-8fba-3a2f68177702" />
    <UnitTestResult executionId="4a2bea72-cf24-4401-8141-8595464de704" testId="0a673555-1c23-c15e-7a26-b9c62c629317" testName="InvokeActivity_TrippleSpawnNoneSpecifiedAllCompletes_AllReportedAsCompleted" computerName="ICSWS068" duration="00:00:00.0122935" startTime="2016-08-04T09:59:03.3367363+02:00" endTime="2016-08-04T09:59:03.3502426+02:00" testType="13cdc9d9-ddb5-4fa4-a97d-d965ccfc6d4b" outcome="Passed" testListId="8c84fa94-04c1-424b-9868-57a2d4851a1d" relativeResultsDirectory="4a2bea72-cf24-4401-8141-8595464de704" />
    <UnitTestResult executionId="8d205d1c-0b13-4978-930b-f64b5b65d2a4" testId="ad69d8a6-c06d-58d4-4172-3b161fa27cc5" testName="InvokeActivity_TrippleSpawnNoneSpecifiedNoneCompletes_TimeoutAndAllReportedAsNotCompleted" computerName="ICSWS068" duration="00:00:00.0122046" startTime="2016-08-04T09:59:03.3532440+02:00" endTime="2016-08-04T09:59:03.3663634+02:00" testType="13cdc9d9-ddb5-4fa4-a97d-d965ccfc6d4b" outcome="Passed" testListId="8c84fa94-04c1-424b-9868-57a2d4851a1d" relativeResultsDirectory="8d205d1c-0b13-4978-930b-f64b5b65d2a4" />
    <UnitTestResult executionId="f691c924-6b50-410e-9814-341ffbd0d602" testId="38690d29-b70d-29e9-2422-35f61310d040" testName="InvokeActivity_TrippleSpawnNoneSpecifiedOneAlreadyCompletedAndOneCompletedBeforeBookmarkSet_OneReportedAsCompleted" computerName="ICSWS068" duration="00:00:00.0117783" startTime="2016-08-04T09:59:03.3693651+02:00" endTime="2016-08-04T09:59:03.3823787+02:00" testType="13cdc9d9-ddb5-4fa4-a97d-d965ccfc6d4b" outcome="Passed" testListId="8c84fa94-04c1-424b-9868-57a2d4851a1d" relativeResultsDirectory="f691c924-6b50-410e-9814-341ffbd0d602" />
    <UnitTestResult executionId="1e408169-04fe-4374-ad0b-14f24678008e" testId="f3d5d48c-5de1-49d6-a959-0f1cf59202e8" testName="Invoke_CorrectArgumentsAndTempDirNotSet_Success" computerName="ICSWS068" duration="00:00:00.0157858" startTime="2016-08-04T09:59:03.3855035+02:00" endTime="2016-08-04T09:59:03.4025194+02:00" testType="13cdc9d9-ddb5-4fa4-a97d-d965ccfc6d4b" outcome="Passed" testListId="8c84fa94-04c1-424b-9868-57a2d4851a1d" relativeResultsDirectory="1e408169-04fe-4374-ad0b-14f24678008e">
      <Output>
        <StdOut>Debug Trace:
0: WorkflowInstance "FilesystemWriterActivity" is Started
1: Activity [null] "null" scheduled child activity [1] "FilesystemWriterActivity"
2: Activity [1] "FilesystemWriterActivity" is Executing
{
    Arguments
        Append: False
        TempDirectory: 
        DeleteExisting: False
        Rename: False
        Filename: c:\test.txt
        Data: System.IO.MemoryStream
        ShareMode: Write
}
3: WorkflowInstance "FilesystemWriterActivity" is Idle
4: Activity [1] "FilesystemWriterActivity" is Closed
{
    Arguments
        Append: False
        TempDirectory: 
        DeleteExisting: False
        Rename: False
        Filename: c:\test.txt
        Data: System.IO.MemoryStream
        ShareMode: Write
}
5: WorkflowInstance "FilesystemWriterActivity" is Completed</StdOut>
      </Output>
    </UnitTestResult>
    <UnitTestResult executionId="71dbad89-4c7a-4239-a740-ec695333f1e1" testId="63240407-f0b8-3c28-cbdd-8d1ecb6546d9" testName="Invoke_CorrectArgumentsAndTempDirIsSet_Success" computerName="ICSWS068" duration="00:00:00.0038949" startTime="2016-08-04T09:59:03.4061504+02:00" endTime="2016-08-04T09:59:03.4116533+02:00" testType="13cdc9d9-ddb5-4fa4-a97d-d965ccfc6d4b" outcome="Passed" testListId="8c84fa94-04c1-424b-9868-57a2d4851a1d" relativeResultsDirectory="71dbad89-4c7a-4239-a740-ec695333f1e1">
      <Output>
        <StdOut>Debug Trace:
0: WorkflowInstance "FilesystemWriterActivity" is Started
1: Activity [null] "null" scheduled child activity [1] "FilesystemWriterActivity"
2: Activity [1] "FilesystemWriterActivity" is Executing
{
    Arguments
        Append: False
        TempDirectory: c:\temp\
        DeleteExisting: False
        Rename: False
        Filename: c:\test.txt
        Data: System.IO.MemoryStream
        ShareMode: Write
}
3: WorkflowInstance "FilesystemWriterActivity" is Idle
4: Activity [1] "FilesystemWriterActivity" is Closed
{
    Arguments
        Append: False
        TempDirectory: c:\temp\
        DeleteExisting: False
        Rename: False
        Filename: c:\test.txt
        Data: System.IO.MemoryStream
        ShareMode: Write
}
5: WorkflowInstance "FilesystemWriterActivity" is Completed</StdOut>
      </Output>
    </UnitTestResult>
    <UnitTestResult executionId="dae69728-da1e-4493-9159-5f0db565a3b8" testId="f7b0e785-581a-347a-eebf-c9fd4c027bf2" testName="Invoke_FilesystemutilitiesMethodThrowsException_ThrowsException" computerName="ICSWS068" duration="00:00:00.0051500" startTime="2016-08-04T09:59:03.4141910+02:00" endTime="2016-08-04T09:59:03.4211804+02:00" testType="13cdc9d9-ddb5-4fa4-a97d-d965ccfc6d4b" outcome="Passed" testListId="8c84fa94-04c1-424b-9868-57a2d4851a1d" relativeResultsDirectory="dae69728-da1e-4493-9159-5f0db565a3b8">
      <Output>
        <StdOut>Debug Trace:
0: WorkflowInstance "FilesystemWriterActivity" is Started
1: Activity [null] "null" scheduled child activity [1] "FilesystemWriterActivity"
2: Activity [1] "FilesystemWriterActivity" is Executing
{
    Arguments
        Append: False
        TempDirectory: 
        DeleteExisting: False
        Rename: False
        Filename: c:\test.txt
        Data: System.IO.MemoryStream
        ShareMode: Write
}
3: WorkflowInstance "FilesystemWriterActivity" is Idle
4: Activity [1] "FilesystemWriterActivity" is Faulted
{
    Arguments
        Append: False
        TempDirectory: 
        DeleteExisting: False
        Rename: False
        Filename: c:\test.txt
        Data: System.IO.MemoryStream
        ShareMode: Write
}
5: Fault source [1] "FilesystemWriterActivity"
6: WorkflowInstance "FilesystemWriterActivity" Unhandled Exception Source "FilesystemWriterActivity" Exception &lt;Testing.Common.TestException: Test exception

Server stack trace: 
   at Moq.MethodCall.Execute(ICallContext call)
   at Moq.ExecuteCall.HandleIntercept(ICallContext invocation, InterceptorContext ctx, CurrentInterceptContext localctx)
   at Moq.Interceptor.Intercept(ICallContext invocation)
   at Moq.Proxy.CastleProxyFactory.Interceptor.Intercept(IInvocation invocation)
   at Castle.DynamicProxy.AbstractInvocation.Proceed()
   at Castle.Proxies.IFilesystemWriterServiceProxy.WriteStreamDataToFile(Stream data, String fileName, String tempDir, Boolean renameFile, Boolean deleteFile, Boolean appendData, FileShare shareMode, Action`2 logging)
   at iCore.Workflow.Activities.Filesystem.FilesystemWriterActivity.RunProcessImpl(String tempDir, Boolean rename, String filename, Boolean delete, Boolean append, Stream data, FileShare shareMode)
   at System.Runtime.Remoting.Messaging.StackBuilderSink._PrivateProcessMessage(IntPtr md, Object[] args, Object server, Object[]&amp; outArgs)
   at System.Runtime.Remoting.Messaging.StackBuilderSink.AsyncProcessMessage(IMessage msg, IMessageSink replySink)

Exception rethrown at [0]: 
   at System.Activities.WorkflowApplication.Invoke(Activity activity, IDictionary`2 inputs, WorkflowInstanceExtensionManager extensions, TimeSpan timeout)
   at System.Activities.WorkflowInvoker.Invoke(Activity workflow, IDictionary`2 inputs, TimeSpan timeout, WorkflowInstanceExtensionManager extensions)
   at Microsoft.Activities.UnitTesting.WorkflowInvokerTest.TestActivity(IDictionary`2 arguments, TimeSpan timeout)
   at Microsoft.Activities.UnitTesting.WorkflowInvokerTest.TestActivity(IDictionary`2 arguments)
   at UnitTests.iCore.Workflow.Activities.Filesystem.FilesystemWriterActivityTests.Invoke_FilesystemutilitiesMethodThrowsException_ThrowsException() in F:\ETWork\Main\Common\Assemblies\UnitTests.iCore.Workflow.Activities\Filesystem\FilesystemWriterActivityTests.cs:line 130&gt;
7: WorkflowInstance "FilesystemWriterActivity" Terminated Reason "Test exception"</StdOut>
      </Output>
    </UnitTestResult>
    <UnitTestResult executionId="8e041b1d-dd14-44be-a451-2f93f0f0a4e1" testId="0d3e03fc-d583-66b1-1829-33dbb96b63af" testName="Invoke_CorrectArgumentsAndAllTrue_ThrowsArgumentException" computerName="ICSWS068" duration="00:00:00.0017644" startTime="2016-08-04T09:59:03.4241865+02:00" endTime="2016-08-04T09:59:03.4271888+02:00" testType="13cdc9d9-ddb5-4fa4-a97d-d965ccfc6d4b" outcome="Passed" testListId="8c84fa94-04c1-424b-9868-57a2d4851a1d" relativeResultsDirectory="8e041b1d-dd14-44be-a451-2f93f0f0a4e1">
      <Output>
        <StdOut>Debug Trace:
0: WorkflowInstance "FilesystemWriterActivity" is Started
1: Activity [null] "null" scheduled child activity [1] "FilesystemWriterActivity"
2: Activity [1] "FilesystemWriterActivity" is Executing
{
    Arguments
        Append: True
        TempDirectory: 
        DeleteExisting: True
        Rename: True
        Filename: c:\test.txt
        Data: System.IO.MemoryStream
        ShareMode: Write
}
3: Activity [1] "FilesystemWriterActivity" is Faulted
{
    Arguments
        Append: True
        TempDirectory: 
        DeleteExisting: True
        Rename: True
        Filename: c:\test.txt
        Data: System.IO.MemoryStream
        ShareMode: Write
}
4: Fault source [1] "FilesystemWriterActivity"
5: WorkflowInstance "FilesystemWriterActivity" Unhandled Exception Source "FilesystemWriterActivity" Exception &lt;System.ArgumentException: 'Rename', 'Append' and 'Delete existing' cannot all be enabled at the same time
   at System.Activities.WorkflowApplication.Invoke(Activity activity, IDictionary`2 inputs, WorkflowInstanceExtensionManager extensions, TimeSpan timeout)
   at System.Activities.WorkflowInvoker.Invoke(Activity workflow, IDictionary`2 inputs, TimeSpan timeout, WorkflowInstanceExtensionManager extensions)
   at Microsoft.Activities.UnitTesting.WorkflowInvokerTest.TestActivity(IDictionary`2 arguments, TimeSpan timeout)
   at Microsoft.Activities.UnitTesting.WorkflowInvokerTest.TestActivity(IDictionary`2 arguments)
   at UnitTests.iCore.Workflow.Activities.Filesystem.FilesystemWriterActivityTests.Invoke_CorrectArgumentsAndAllTrue_ThrowsArgumentException() in F:\ETWork\Main\Common\Assemblies\UnitTests.iCore.Workflow.Activities\Filesystem\FilesystemWriterActivityTests.cs:line 147&gt;
6: WorkflowInstance "FilesystemWriterActivity" Terminated Reason "'Rename', 'Append' and 'Delete existing' cannot all be enabled at the same time"</StdOut>
      </Output>
    </UnitTestResult>
    <UnitTestResult executionId="b5959ee8-a6a5-4862-a425-de1122baa0af" testId="1024b788-0f6c-ec70-9fce-3044600fe71e" testName="Invoke_StreamIsNull_ThrowsArgumentNullException" computerName="ICSWS068" duration="00:00:00.0018087" startTime="2016-08-04T09:59:03.4301914+02:00" endTime="2016-08-04T09:59:03.4332104+02:00" testType="13cdc9d9-ddb5-4fa4-a97d-d965ccfc6d4b" outcome="Passed" testListId="8c84fa94-04c1-424b-9868-57a2d4851a1d" relativeResultsDirectory="b5959ee8-a6a5-4862-a425-de1122baa0af">
      <Output>
        <StdOut>Debug Trace:
0: WorkflowInstance "FilesystemWriterActivity" is Started
1: Activity [null] "null" scheduled child activity [1] "FilesystemWriterActivity"
2: Activity [1] "FilesystemWriterActivity" is Executing
{
    Arguments
        Append: False
        TempDirectory: 
        DeleteExisting: False
        Rename: False
        Filename: c:\test.txt
        Data: 
        ShareMode: Write
}
3: Activity [1] "FilesystemWriterActivity" is Faulted
{
    Arguments
        Append: False
        TempDirectory: 
        DeleteExisting: False
        Rename: False
        Filename: c:\test.txt
        Data: 
        ShareMode: Write
}
4: Fault source [1] "FilesystemWriterActivity"
5: WorkflowInstance "FilesystemWriterActivity" Unhandled Exception Source "FilesystemWriterActivity" Exception &lt;System.ArgumentNullException: The data stream is null.
Parameter name: Data
   at System.Activities.WorkflowApplication.Invoke(Activity activity, IDictionary`2 inputs, WorkflowInstanceExtensionManager extensions, TimeSpan timeout)
   at System.Activities.WorkflowInvoker.Invoke(Activity workflow, IDictionary`2 inputs, TimeSpan timeout, WorkflowInstanceExtensionManager extensions)
   at Microsoft.Activities.UnitTesting.WorkflowInvokerTest.TestActivity(IDictionary`2 arguments, TimeSpan timeout)
   at Microsoft.Activities.UnitTesting.WorkflowInvokerTest.TestActivity(IDictionary`2 arguments)
   at UnitTests.iCore.Workflow.Activities.Filesystem.FilesystemWriterActivityTests.Invoke_StreamIsNull_ThrowsArgumentNullException() in F:\ETWork\Main\Common\Assemblies\UnitTests.iCore.Workflow.Activities\Filesystem\FilesystemWriterActivityTests.cs:line 164&gt;
6: WorkflowInstance "FilesystemWriterActivity" Terminated Reason "The data stream is null.
Parameter name: Data"</StdOut>
      </Output>
    </UnitTestResult>
    <UnitTestResult executionId="b6065731-d6f3-44a1-938a-ad141ec4862c" testId="2a702e24-ce23-c447-5093-142e7fea179b" testName="Invoke_RequiredArgumentsMissing_ThrowsTestExecution" computerName="ICSWS068" duration="00:00:00.0010460" startTime="2016-08-04T09:59:03.4357124+02:00" endTime="2016-08-04T09:59:03.4382141+02:00" testType="13cdc9d9-ddb5-4fa4-a97d-d965ccfc6d4b" outcome="Passed" testListId="8c84fa94-04c1-424b-9868-57a2d4851a1d" relativeResultsDirectory="b6065731-d6f3-44a1-938a-ad141ec4862c" />
    <UnitTestResult executionId="8bf0d73e-ec65-4374-b705-dd60dfc3cd89" testId="8554ee3a-92e8-ae4b-00a0-471cd55bb5ff" testName="Invoke_DependencyThrowsOutOfMemoryException_ThrowsOutOfMemoryException" computerName="ICSWS068" duration="00:00:00.0040447" startTime="2016-08-04T09:59:03.4407011+02:00" endTime="2016-08-04T09:59:03.4457049+02:00" testType="13cdc9d9-ddb5-4fa4-a97d-d965ccfc6d4b" outcome="Passed" testListId="8c84fa94-04c1-424b-9868-57a2d4851a1d" relativeResultsDirectory="8bf0d73e-ec65-4374-b705-dd60dfc3cd89">
      <Output>
        <StdOut>Debug Trace:
0: WorkflowInstance "FilesystemWriterActivity" is Started
1: Activity [null] "null" scheduled child activity [1] "FilesystemWriterActivity"
2: Activity [1] "FilesystemWriterActivity" is Executing
{
    Arguments
        Append: False
        TempDirectory: 
        DeleteExisting: False
        Rename: False
        Filename: c:\test.txt
        Data: System.IO.MemoryStream
        ShareMode: Write
}
3: WorkflowInstance "FilesystemWriterActivity" is Idle</StdOut>
      </Output>
    </UnitTestResult>
    <UnitTestResult executionId="8e8e96b5-fa67-40ff-bfe9-8dfa7a6f905c" testId="192a9255-01b5-2587-d823-6081f3f25af8" testName="Invoke_NormalExecution_Success" computerName="ICSWS068" duration="00:00:00.0058652" startTime="2016-08-04T09:59:03.4487063+02:00" endTime="2016-08-04T09:59:03.4557120+02:00" testType="13cdc9d9-ddb5-4fa4-a97d-d965ccfc6d4b" outcome="Passed" testListId="8c84fa94-04c1-424b-9868-57a2d4851a1d" relativeResultsDirectory="8e8e96b5-fa67-40ff-bfe9-8dfa7a6f905c" />
    <UnitTestResult executionId="5cfed06e-180c-4f95-957a-0fa3d8452f76" testId="19a35a0e-fd88-5307-ec77-e90652dcc68e" testName="Invoke_StreamIsNull_ThrowsArgumentNullException" computerName="ICSWS068" duration="00:00:00.0025923" startTime="2016-08-04T09:59:03.4587132+02:00" endTime="2016-08-04T09:59:03.4622166+02:00" testType="13cdc9d9-ddb5-4fa4-a97d-d965ccfc6d4b" outcome="Passed" testListId="8c84fa94-04c1-424b-9868-57a2d4851a1d" relativeResultsDirectory="5cfed06e-180c-4f95-957a-0fa3d8452f76" />
    <UnitTestResult executionId="5021e734-d421-487d-bd94-d43a8c774e64" testId="7f01b446-fd58-e061-6dac-6b7cadc821b1" testName="Invoke_FilenameIsNull_ThrowsArgumentNullException" computerName="ICSWS068" duration="00:00:00.0024688" startTime="2016-08-04T09:59:03.4654705+02:00" endTime="2016-08-04T09:59:03.4689740+02:00" testType="13cdc9d9-ddb5-4fa4-a97d-d965ccfc6d4b" outcome="Passed" testListId="8c84fa94-04c1-424b-9868-57a2d4851a1d" relativeResultsDirectory="5021e734-d421-487d-bd94-d43a8c774e64" />
    <UnitTestResult executionId="a703429f-4e0c-4aef-972a-0aa0594a13c3" testId="a25b079c-443d-a514-f52c-69851b44a8ca" testName="Invoke_RequiredInArgumentIsMissing_UnhandledArgumentException" computerName="ICSWS068" duration="00:00:00.0006683" startTime="2016-08-04T09:59:03.4719751+02:00" endTime="2016-08-04T09:59:03.4738387+02:00" testType="13cdc9d9-ddb5-4fa4-a97d-d965ccfc6d4b" outcome="Passed" testListId="8c84fa94-04c1-424b-9868-57a2d4851a1d" relativeResultsDirectory="a703429f-4e0c-4aef-972a-0aa0594a13c3" />
    <UnitTestResult executionId="7b18a937-8d63-4c75-b58f-f034e660d95d" testId="f060e1bc-9677-2f33-052e-6b6ff1b7aa46" testName="Invoke_AsyncTaskFaults_ThrowsTestException" computerName="ICSWS068" duration="00:00:00.0026629" startTime="2016-08-04T09:59:03.4758419+02:00" endTime="2016-08-04T09:59:03.4798280+02:00" testType="13cdc9d9-ddb5-4fa4-a97d-d965ccfc6d4b" outcome="Passed" testListId="8c84fa94-04c1-424b-9868-57a2d4851a1d" relativeResultsDirectory="7b18a937-8d63-4c75-b58f-f034e660d95d" />
    <UnitTestResult executionId="b838e7fe-e069-47ed-bca0-cdb15b1c4c96" testId="7767006e-42c2-91dd-a5f4-b7c92bcaed44" testName="Invoke_ActivityCancelled_TaskIsCancelled" computerName="ICSWS068" duration="00:00:00.0030547" startTime="2016-08-04T09:59:03.4828295+02:00" endTime="2016-08-04T09:59:03.4873335+02:00" testType="13cdc9d9-ddb5-4fa4-a97d-d965ccfc6d4b" outcome="Passed" testListId="8c84fa94-04c1-424b-9868-57a2d4851a1d" relativeResultsDirectory="b838e7fe-e069-47ed-bca0-cdb15b1c4c96">
      <Output>
        <StdOut>Debug Trace:
Task: Asynchronous work started
Task: Awaiting cancellation
Task: Asynchronous work cancelled</StdOut>
      </Output>
    </UnitTestResult>
    <UnitTestResult executionId="60e7eb70-5758-48c8-b346-11bf8bcd90ce" testId="84f16b31-7532-a581-1d8f-2b6e0a9118d4" testName="Invoke_NormalExecution_Success" computerName="ICSWS068" duration="00:00:00.0037553" startTime="2016-08-04T09:59:03.4898343+02:00" endTime="2016-08-04T09:59:03.4948407+02:00" testType="13cdc9d9-ddb5-4fa4-a97d-d965ccfc6d4b" outcome="Passed" testListId="8c84fa94-04c1-424b-9868-57a2d4851a1d" relativeResultsDirectory="60e7eb70-5758-48c8-b346-11bf8bcd90ce">
      <Output>
        <StdOut>Debug Trace:
0: WorkflowInstance "CreateDirectoryActivity" is Started
1: Activity [null] "null" scheduled child activity [1] "CreateDirectoryActivity"
2: Activity [1] "CreateDirectoryActivity" is Executing
{
    Arguments
        Directory: C:\NewDir
}
3: WorkflowInstance "CreateDirectoryActivity" is Idle
4: Activity [1] "CreateDirectoryActivity" is Closed
{
    Arguments
        Directory: C:\NewDir
        Result: True
}
5: WorkflowInstance "CreateDirectoryActivity" is Completed</StdOut>
      </Output>
    </UnitTestResult>
    <UnitTestResult executionId="396bb752-454c-4eeb-8913-3d8b7780802e" testId="ff793bee-7bb6-c95c-fcd6-7c97a2a3d33f" testName="Invoke_DirectoryNameEmpty_Throws" computerName="ICSWS068" duration="00:00:00.0016999" startTime="2016-08-04T09:59:03.4973588+02:00" endTime="2016-08-04T09:59:03.5003444+02:00" testType="13cdc9d9-ddb5-4fa4-a97d-d965ccfc6d4b" outcome="Passed" testListId="8c84fa94-04c1-424b-9868-57a2d4851a1d" relativeResultsDirectory="396bb752-454c-4eeb-8913-3d8b7780802e">
      <Output>
        <StdOut>Debug Trace:
0: WorkflowInstance "CreateDirectoryActivity" is Started
1: Activity [null] "null" scheduled child activity [1] "CreateDirectoryActivity"
2: Activity [1] "CreateDirectoryActivity" is Executing
{
    Arguments
        Directory: 
}
3: WorkflowInstance "CreateDirectoryActivity" is Idle
4: Activity [1] "CreateDirectoryActivity" is Faulted
{
    Arguments
        Directory: 
        Result: False
}
5: Fault source [1] "CreateDirectoryActivity"
6: WorkflowInstance "CreateDirectoryActivity" Unhandled Exception Source "CreateDirectoryActivity" Exception &lt;Testing.Common.TestException: Test exception
   at Moq.MethodCall.Execute(ICallContext call)
   at Moq.MethodCallReturn`2.Execute(ICallContext call)
   at Moq.ExecuteCall.HandleIntercept(ICallContext invocation, InterceptorContext ctx, CurrentInterceptContext localctx)
   at Moq.Interceptor.Intercept(ICallContext invocation)
   at Moq.Proxy.CastleProxyFactory.Interceptor.Intercept(IInvocation invocation)
   at Castle.DynamicProxy.AbstractInvocation.Proceed()
   at Castle.Proxies.IFileSystemServiceProxy.CreateDirectory(String path)
   at iCore.Workflow.Activities.Filesystem.CreateDirectoryActivity.&lt;&gt;c__DisplayClass5_0.&lt;BeginExecute&gt;b__0()
   at System.Threading.Tasks.Task`1.InnerInvoke()
   at System.Threading.Tasks.Task.Execute()
--- End of stack trace from previous location where exception was thrown ---
   at System.Runtime.ExceptionServices.ExceptionDispatchInfo.Throw()
   at iCore.Workflow.Activities.ActivityUtilities.ThrowIfTaskFailedAndActivityIsNotCanceled(Task task, AsyncCodeActivityContext context)
   at iCore.Workflow.Activities.ActivityUtilities.GetResultOrThrowIfTaskFailedAndActivityIsNotCanceled[T](Task`1 task, AsyncCodeActivityContext context)
   at iCore.Workflow.Activities.Filesystem.CreateDirectoryActivity.EndExecute(AsyncCodeActivityContext context, IAsyncResult result)
   at System.Activities.AsyncCodeActivity`1.System.Activities.IAsyncCodeActivity.FinishExecution(AsyncCodeActivityContext context, IAsyncResult result)
   at System.Activities.AsyncCodeActivity.CompleteAsyncCodeActivityData.CompleteAsyncCodeActivityWorkItem.Execute(ActivityExecutor executor, BookmarkManager bookmarkManager)&gt;
7: WorkflowInstance Aborted [CreateDirectoryActivity] Reason "Test exception"</StdOut>
      </Output>
    </UnitTestResult>
    <UnitTestResult executionId="6de16272-0d80-425a-b646-0d353a8a14eb" testId="4df533ef-320f-4d4f-fc9d-edac8b1a50c2" testName="Invoke_RequiredInArgumentIsMissing_UnhandledArgumentException" computerName="ICSWS068" duration="00:00:00.0006832" startTime="2016-08-04T09:59:03.5033496+02:00" endTime="2016-08-04T09:59:03.5053525+02:00" testType="13cdc9d9-ddb5-4fa4-a97d-d965ccfc6d4b" outcome="Passed" testListId="8c84fa94-04c1-424b-9868-57a2d4851a1d" relativeResultsDirectory="6de16272-0d80-425a-b646-0d353a8a14eb" />
    <UnitTestResult executionId="60cfddae-3b18-4d83-bb53-a1d048d32e89" testId="bf7ef670-158a-7e54-5051-403b5f25abb8" testName="Invoke_NormalExecution_Success" computerName="ICSWS068" duration="00:00:00.0062552" startTime="2016-08-04T09:59:03.5076707+02:00" endTime="2016-08-04T09:59:03.5151761+02:00" testType="13cdc9d9-ddb5-4fa4-a97d-d965ccfc6d4b" outcome="Passed" testListId="8c84fa94-04c1-424b-9868-57a2d4851a1d" relativeResultsDirectory="60cfddae-3b18-4d83-bb53-a1d048d32e89">
      <Output>
        <StdOut>Debug Trace:
0: WorkflowInstance "WriteTextToFileActivity" is Started
1: Activity [null] "null" scheduled child activity [1] "WriteTextToFileActivity"
2: Activity [1] "WriteTextToFileActivity" is Executing
{
    Arguments
        OpenMode: Create
        TextEncoding: System.Text.ASCIIEncoding
        Text: This is example text.
        WriteBOM: False
        Filename: c:\testfile.txt
        ShareMode: Read
        LineFeeds: 1
}
3: Activity [1] "WriteTextToFileActivity" is Closed
{
    Arguments
        OpenMode: Create
        TextEncoding: System.Text.ASCIIEncoding
        Text: This is example text.
        WriteBOM: False
        Filename: c:\testfile.txt
        ShareMode: Read
        LineFeeds: 1
}
4: WorkflowInstance "WriteTextToFileActivity" is Completed</StdOut>
      </Output>
    </UnitTestResult>
    <UnitTestResult executionId="41262ac4-a188-4920-ab04-c19261bcbe25" testId="8bdbb215-8b48-8581-d2c5-3a18b4956a11" testName="Invoke_ErrorOccurs_ThrowsTestException" computerName="ICSWS068" duration="00:00:00.0048529" startTime="2016-08-04T09:59:03.5181778+02:00" endTime="2016-08-04T09:59:03.5239974+02:00" testType="13cdc9d9-ddb5-4fa4-a97d-d965ccfc6d4b" outcome="Passed" testListId="8c84fa94-04c1-424b-9868-57a2d4851a1d" relativeResultsDirectory="41262ac4-a188-4920-ab04-c19261bcbe25">
      <Output>
        <StdOut>Debug Trace:
0: WorkflowInstance "WriteTextToFileActivity" is Started
1: Activity [null] "null" scheduled child activity [1] "WriteTextToFileActivity"
2: Activity [1] "WriteTextToFileActivity" is Executing
{
    Arguments
        OpenMode: Create
        TextEncoding: System.Text.ASCIIEncoding
        Text: This is example text.
        WriteBOM: False
        Filename: 
        ShareMode: Read
        LineFeeds: 1
}
3: Activity [1] "WriteTextToFileActivity" is Faulted
{
    Arguments
        OpenMode: Create
        TextEncoding: System.Text.ASCIIEncoding
        Text: This is example text.
        WriteBOM: False
        Filename: 
        ShareMode: Read
        LineFeeds: 1
}
4: Fault source [1] "WriteTextToFileActivity"
5: WorkflowInstance "WriteTextToFileActivity" Unhandled Exception Source "WriteTextToFileActivity" Exception &lt;Testing.Common.TestException: Test exception
   at Moq.MethodCall.Execute(ICallContext call)
   at Moq.MethodCallReturn`2.Execute(ICallContext call)
   at Moq.ExecuteCall.HandleIntercept(ICallContext invocation, InterceptorContext ctx, CurrentInterceptContext localctx)
   at Moq.Interceptor.Intercept(ICallContext invocation)
   at Moq.Proxy.CastleProxyFactory.Interceptor.Intercept(IInvocation invocation)
   at Castle.DynamicProxy.AbstractInvocation.Proceed()
   at Castle.Proxies.IFileSystemServiceProxy.WriteTextToFileAsync(String path, String content, Encoding encoding, FileMode fileMode, FileShare fileShare, Boolean writeBOM, Int32 lineFeeds, CancellationToken cancellationToken)
   at iCore.Workflow.Activities.Filesystem.WriteTextToFileActivity.BeginExecute(AsyncCodeActivityContext context, AsyncCallback callback, Object state)
   at System.Activities.AsyncCodeActivity.InternalExecute(ActivityInstance instance, ActivityExecutor executor, BookmarkManager bookmarkManager)
   at System.Activities.ActivityInstance.Execute(ActivityExecutor executor, BookmarkManager bookmarkManager)
   at System.Activities.Runtime.ActivityExecutor.ExecuteActivityWorkItem.ExecuteBody(ActivityExecutor executor, BookmarkManager bookmarkManager, Location resultLocation)&gt;
6: WorkflowInstance Aborted [WriteTextToFileActivity] Reason "Test exception"</StdOut>
      </Output>
    </UnitTestResult>
    <UnitTestResult executionId="97131791-1428-4b09-9e55-a4566547beca" testId="f14ee32c-852e-c621-2c9e-ef1e0d6b627f" testName="Invoke_ErrorOccursAsync_ThrowsTestException" computerName="ICSWS068" duration="00:00:00.0051189" startTime="2016-08-04T09:59:03.5270011+02:00" endTime="2016-08-04T09:59:03.5335060+02:00" testType="13cdc9d9-ddb5-4fa4-a97d-d965ccfc6d4b" outcome="Passed" testListId="8c84fa94-04c1-424b-9868-57a2d4851a1d" relativeResultsDirectory="97131791-1428-4b09-9e55-a4566547beca">
      <Output>
        <StdOut>Debug Trace:
0: WorkflowInstance "WriteTextToFileActivity" is Started
1: Activity [null] "null" scheduled child activity [1] "WriteTextToFileActivity"
2: Activity [1] "WriteTextToFileActivity" is Executing
{
    Arguments
        OpenMode: Create
        TextEncoding: System.Text.ASCIIEncoding
        Text: This is example text.
        WriteBOM: False
        Filename: 
        ShareMode: Read
        LineFeeds: 1
}
3: WorkflowInstance "WriteTextToFileActivity" is Idle
4: Activity [1] "WriteTextToFileActivity" is Faulted
{
    Arguments
        OpenMode: Create
        TextEncoding: System.Text.ASCIIEncoding
        Text: This is example text.
        WriteBOM: False
        Filename: 
        ShareMode: Read
        LineFeeds: 1
}
5: Fault source [1] "WriteTextToFileActivity"
6: WorkflowInstance "WriteTextToFileActivity" Unhandled Exception Source "WriteTextToFileActivity" Exception &lt;Testing.Common.TestException: Test exception
   at UnitTests.iCore.Workflow.Activities.Filesystem.WriteTextToFileActivityTests.&lt;&gt;c.&lt;Invoke_ErrorOccursAsync_ThrowsTestException&gt;b__7_0() in F:\ETWork\Main\Common\Assemblies\UnitTests.iCore.Workflow.Activities\Filesystem\WriteTextToFileActivityTests.cs:line 126
   at System.Threading.Tasks.Task`1.InnerInvoke()
   at System.Threading.Tasks.Task.Execute()
--- End of stack trace from previous location where exception was thrown ---
   at System.Runtime.ExceptionServices.ExceptionDispatchInfo.Throw()
   at iCore.Workflow.Activities.ActivityUtilities.ThrowIfTaskFailedAndActivityIsNotCanceled(Task task, AsyncCodeActivityContext context)
   at iCore.Workflow.Activities.Filesystem.WriteTextToFileActivity.EndExecute(AsyncCodeActivityContext context, IAsyncResult result)
   at System.Activities.AsyncCodeActivity.System.Activities.IAsyncCodeActivity.FinishExecution(AsyncCodeActivityContext context, IAsyncResult result)
   at System.Activities.AsyncCodeActivity.CompleteAsyncCodeActivityData.CompleteAsyncCodeActivityWorkItem.Execute(ActivityExecutor executor, BookmarkManager bookmarkManager)&gt;
7: WorkflowInstance Aborted [WriteTextToFileActivity] Reason "Test exception"</StdOut>
      </Output>
    </UnitTestResult>
    <UnitTestResult executionId="d624fdb5-84f5-4caf-a2d5-3f583e599871" testId="e650ef1d-3c84-0d21-8997-eca654852aba" testName="Invoke_RequiredInArgumentIsMissing_UnhandledArgumentException" computerName="ICSWS068" duration="00:00:00.0007011" startTime="2016-08-04T09:59:03.5360274+02:00" endTime="2016-08-04T09:59:03.5380112+02:00" testType="13cdc9d9-ddb5-4fa4-a97d-d965ccfc6d4b" outcome="Passed" testListId="8c84fa94-04c1-424b-9868-57a2d4851a1d" relativeResultsDirectory="d624fdb5-84f5-4caf-a2d5-3f583e599871" />
    <UnitTestResult executionId="9b6f89c7-e079-47fd-96ef-3443faa38f80" testId="9bc7bcf7-8004-6cab-48da-8376ee284876" testName="Invoke_CancellationOccurs_ActivityIsCanceled" computerName="ICSWS068" duration="00:00:00.0040720" startTime="2016-08-04T09:59:03.5405129+02:00" endTime="2016-08-04T09:59:03.5456718+02:00" testType="13cdc9d9-ddb5-4fa4-a97d-d965ccfc6d4b" outcome="Passed" testListId="8c84fa94-04c1-424b-9868-57a2d4851a1d" relativeResultsDirectory="9b6f89c7-e079-47fd-96ef-3443faa38f80">
      <Output>
        <StdOut>Debug Trace:
0: WorkflowInstance "WriteTextToFileActivity" is Started
1: Activity [null] "null" scheduled child activity [1] "WriteTextToFileActivity"
2: Activity [1] "WriteTextToFileActivity" is Executing
{
    Arguments
        OpenMode: Create
        TextEncoding: System.Text.ASCIIEncoding
        Text: This is example text.
        WriteBOM: False
        Filename: 
        ShareMode: Read
        LineFeeds: 1
}
3: WorkflowInstance "WriteTextToFileActivity" is Idle
4: Host requests cancel of activity [1] "WriteTextToFileActivity"
5: WorkflowInstance "WriteTextToFileActivity" is Idle
6: Activity [1] "WriteTextToFileActivity" is Closed
{
    Arguments
        OpenMode: Create
        TextEncoding: System.Text.ASCIIEncoding
        Text: This is example text.
        WriteBOM: False
        Filename: 
        ShareMode: Read
        LineFeeds: 1
}
7: WorkflowInstance "WriteTextToFileActivity" is Completed</StdOut>
      </Output>
    </UnitTestResult>
    <UnitTestResult executionId="10a85bb7-5d2d-454c-931b-19e613c2693f" testId="438ab2a6-c27d-1c66-2906-b3850c33acdd" testName="Constructor_Default_ObjectIsNotNull" computerName="ICSWS068" duration="00:00:00.0482715" startTime="2016-08-04T09:59:03.5486732+02:00" endTime="2016-08-04T09:59:03.5980518+02:00" testType="13cdc9d9-ddb5-4fa4-a97d-d965ccfc6d4b" outcome="Passed" testListId="8c84fa94-04c1-424b-9868-57a2d4851a1d" relativeResultsDirectory="10a85bb7-5d2d-454c-931b-19e613c2693f" />
    <UnitTestResult executionId="13aa774f-63c9-444e-b7a4-12f682b367fc" testId="99dc8b33-5611-9f89-2e6c-71ba37b0027f" testName="CreateProvider_ValidProperties_ReturnsSubscriptionId" computerName="ICSWS068" duration="00:00:00.0285749" startTime="2016-08-04T09:59:03.6010348+02:00" endTime="2016-08-04T09:59:03.6305841+02:00" testType="13cdc9d9-ddb5-4fa4-a97d-d965ccfc6d4b" outcome="Passed" testListId="8c84fa94-04c1-424b-9868-57a2d4851a1d" relativeResultsDirectory="13aa774f-63c9-444e-b7a4-12f682b367fc" />
    <UnitTestResult executionId="d73c4db3-7bc1-43ec-89b7-6c7d1fddef38" testId="30c94a5b-cc12-485f-66ca-d20446e6e71c" testName="CreateProvider_ValidProperties_ProviderDoesNotActivate" computerName="ICSWS068" duration="00:00:00.0023559" startTime="2016-08-04T09:59:03.6335879+02:00" endTime="2016-08-04T09:59:03.6370919+02:00" testType="13cdc9d9-ddb5-4fa4-a97d-d965ccfc6d4b" outcome="Passed" testListId="8c84fa94-04c1-424b-9868-57a2d4851a1d" relativeResultsDirectory="d73c4db3-7bc1-43ec-89b7-6c7d1fddef38" />
    <UnitTestResult executionId="399808ae-e331-4e84-a966-d91ef3373586" testId="bb78fee1-53ac-74a2-d95a-33a5490eb657" testName="CreateProvider_ValidProperties_SubscriptionIsCreatedWithExpectedProperties" computerName="ICSWS068" duration="00:00:00.0035793" startTime="2016-08-04T09:59:03.6396027+02:00" endTime="2016-08-04T09:59:03.6445959+02:00" testType="13cdc9d9-ddb5-4fa4-a97d-d965ccfc6d4b" outcome="Passed" testListId="8c84fa94-04c1-424b-9868-57a2d4851a1d" relativeResultsDirectory="399808ae-e331-4e84-a966-d91ef3373586" />
    <UnitTestResult executionId="837072a4-ce20-40ee-acbb-205457a34e15" testId="93f1bcf3-3e64-bc60-a4ae-4a326ad11c09" testName="CreateProvider_InvokedTwiceWithSameArgument_ReturnsDifferentSubscriptionIds" computerName="ICSWS068" duration="00:00:00.0015269" startTime="2016-08-04T09:59:03.6470985+02:00" endTime="2016-08-04T09:59:03.6501005+02:00" testType="13cdc9d9-ddb5-4fa4-a97d-d965ccfc6d4b" outcome="Passed" testListId="8c84fa94-04c1-424b-9868-57a2d4851a1d" relativeResultsDirectory="837072a4-ce20-40ee-acbb-205457a34e15" />
    <UnitTestResult executionId="50753632-1f22-4af4-b553-dc7db4da5004" testId="46445acc-286d-c2fb-ea2e-ddfeffbd154f" testName="GetSubscriptionConfiguration_NoSubscriptionCreated_ReturnsNull" computerName="ICSWS068" duration="00:00:00.0013471" startTime="2016-08-04T09:59:03.6526019+02:00" endTime="2016-08-04T09:59:03.6551034+02:00" testType="13cdc9d9-ddb5-4fa4-a97d-d965ccfc6d4b" outcome="Passed" testListId="8c84fa94-04c1-424b-9868-57a2d4851a1d" relativeResultsDirectory="50753632-1f22-4af4-b553-dc7db4da5004" />
    <UnitTestResult executionId="ad856455-76db-44a4-b387-cc3927e4d21f" testId="4f5f52a6-14eb-eafe-28e9-33c47f7dbe93" testName="GetSubscriptionConfiguration_SubscriptionIsCreated_ConfigurationIsReturned" computerName="ICSWS068" duration="00:00:00.0016542" startTime="2016-08-04T09:59:03.6576051+02:00" endTime="2016-08-04T09:59:03.6606071+02:00" testType="13cdc9d9-ddb5-4fa4-a97d-d965ccfc6d4b" outcome="Passed" testListId="8c84fa94-04c1-424b-9868-57a2d4851a1d" relativeResultsDirectory="ad856455-76db-44a4-b387-cc3927e4d21f" />
    <UnitTestResult executionId="b25bf03c-93bf-4522-b0b2-3f9b13d56a0b" testId="c112f469-cd99-dc1b-2e70-2e52b8dd36da" testName="AddSubscription_NoSubscriptionCreated_ThrowsException" computerName="ICSWS068" duration="00:00:00.0019861" startTime="2016-08-04T09:59:03.6636123+02:00" endTime="2016-08-04T09:59:03.6666146+02:00" testType="13cdc9d9-ddb5-4fa4-a97d-d965ccfc6d4b" outcome="Passed" testListId="8c84fa94-04c1-424b-9868-57a2d4851a1d" relativeResultsDirectory="b25bf03c-93bf-4522-b0b2-3f9b13d56a0b" />
    <UnitTestResult executionId="3f9952b5-cfaa-4554-97ed-a36438ec9851" testId="2186aa20-64d1-9c0a-ad70-2cd2c9d3095b" testName="AddSubscription_InvokeOnceWihtValidSubscriptionId_ProviderDoActivate" computerName="ICSWS068" duration="00:00:00.0056016" startTime="2016-08-04T09:59:03.6696166+02:00" endTime="2016-08-04T09:59:03.6766399+02:00" testType="13cdc9d9-ddb5-4fa4-a97d-d965ccfc6d4b" outcome="Passed" testListId="8c84fa94-04c1-424b-9868-57a2d4851a1d" relativeResultsDirectory="3f9952b5-cfaa-4554-97ed-a36438ec9851" />
    <UnitTestResult executionId="46a4a411-279d-44c8-8551-06ead902075a" testId="41712244-a36c-9907-045b-f0a20f2c3bb0" testName="AddSubscription_BookmarkIsNull_ThrowsException" computerName="ICSWS068" duration="00:00:00.0020542" startTime="2016-08-04T09:59:03.6796267+02:00" endTime="2016-08-04T09:59:03.6826296+02:00" testType="13cdc9d9-ddb5-4fa4-a97d-d965ccfc6d4b" outcome="Passed" testListId="8c84fa94-04c1-424b-9868-57a2d4851a1d" relativeResultsDirectory="46a4a411-279d-44c8-8551-06ead902075a" />
    <UnitTestResult executionId="00daad6a-17f1-4461-841a-049750052897" testId="14e9dbe6-ea26-e881-9074-387c09768cc0" testName="AddSubscription_InvokeTwiceWithSameValidSubscriptionId_ProviderDoActivateOnce" computerName="ICSWS068" duration="00:00:00.0015970" startTime="2016-08-04T09:59:03.6857146+02:00" endTime="2016-08-04T09:59:03.6882327+02:00" testType="13cdc9d9-ddb5-4fa4-a97d-d965ccfc6d4b" outcome="Passed" testListId="8c84fa94-04c1-424b-9868-57a2d4851a1d" relativeResultsDirectory="00daad6a-17f1-4461-841a-049750052897" />
    <UnitTestResult executionId="e8d21649-f8eb-404e-a0a5-fb585fff76ae" testId="8dbf4027-2751-6fa1-05f4-d51d80f4801f" testName="AddSubscription_InvokeTwiceWithSameBookmark_ThrowsException" computerName="ICSWS068" duration="00:00:00.0019761" startTime="2016-08-04T09:59:03.6912195+02:00" endTime="2016-08-04T09:59:03.6942209+02:00" testType="13cdc9d9-ddb5-4fa4-a97d-d965ccfc6d4b" outcome="Passed" testListId="8c84fa94-04c1-424b-9868-57a2d4851a1d" relativeResultsDirectory="e8d21649-f8eb-404e-a0a5-fb585fff76ae" />
    <UnitTestResult executionId="89d92f9d-ad21-4e69-9d98-15c0d873bcdc" testId="1042eb54-425b-2a65-815e-38133f42c3a9" testName="AddSubscription_InvokeWithInvalidSubscriptionId_ThrowsException" computerName="ICSWS068" duration="00:00:00.0018635" startTime="2016-08-04T09:59:03.6972235+02:00" endTime="2016-08-04T09:59:03.7002255+02:00" testType="13cdc9d9-ddb5-4fa4-a97d-d965ccfc6d4b" outcome="Passed" testListId="8c84fa94-04c1-424b-9868-57a2d4851a1d" relativeResultsDirectory="89d92f9d-ad21-4e69-9d98-15c0d873bcdc" />
    <UnitTestResult executionId="7cb89a31-4dd5-4175-a520-717264f8b73a" testId="af27a44c-823b-a487-3ef9-c2ed1f6cab38" testName="CancelSubscription_NoSubscriptionCreated_ThrowsException" computerName="ICSWS068" duration="00:00:00.0018240" startTime="2016-08-04T09:59:03.7027272+02:00" endTime="2016-08-04T09:59:03.7058609+02:00" testType="13cdc9d9-ddb5-4fa4-a97d-d965ccfc6d4b" outcome="Passed" testListId="8c84fa94-04c1-424b-9868-57a2d4851a1d" relativeResultsDirectory="7cb89a31-4dd5-4175-a520-717264f8b73a" />
    <UnitTestResult executionId="62c2dc71-be7f-46f6-89b1-55b67a8a65c8" testId="73d78083-c3ef-d748-7f1f-89897dcf254b" testName="CancelSubscription_InvokeOnceWihtValidSubscriptionId_Success" computerName="ICSWS068" duration="00:00:00.0032846" startTime="2016-08-04T09:59:03.7088684+02:00" endTime="2016-08-04T09:59:03.7136123+02:00" testType="13cdc9d9-ddb5-4fa4-a97d-d965ccfc6d4b" outcome="Passed" testListId="8c84fa94-04c1-424b-9868-57a2d4851a1d" relativeResultsDirectory="62c2dc71-be7f-46f6-89b1-55b67a8a65c8" />
    <UnitTestResult executionId="2e66f0dd-29db-4aa7-bb2e-a526eef13ac1" testId="f8950b4b-2242-c4fc-70c9-e7f14fafab66" testName="CancelSubscription_InvokeTwiceWihtSameSubscriptionIdDifferentBookmarks_Success" computerName="ICSWS068" duration="00:00:00.0016248" startTime="2016-08-04T09:59:03.7166143+02:00" endTime="2016-08-04T09:59:03.7191337+02:00" testType="13cdc9d9-ddb5-4fa4-a97d-d965ccfc6d4b" outcome="Passed" testListId="8c84fa94-04c1-424b-9868-57a2d4851a1d" relativeResultsDirectory="2e66f0dd-29db-4aa7-bb2e-a526eef13ac1" />
    <UnitTestResult executionId="5fa3312d-4009-47b3-94d0-0c713ffbe33b" testId="6db51ed8-ffcf-5a47-c238-6f8302a39147" testName="CancelSubscription_InvokeWithInvalidProviderId_ThrowsException" computerName="ICSWS068" duration="00:00:00.0019187" startTime="2016-08-04T09:59:03.7216184+02:00" endTime="2016-08-04T09:59:03.7251204+02:00" testType="13cdc9d9-ddb5-4fa4-a97d-d965ccfc6d4b" outcome="Passed" testListId="8c84fa94-04c1-424b-9868-57a2d4851a1d" relativeResultsDirectory="5fa3312d-4009-47b3-94d0-0c713ffbe33b" />
    <UnitTestResult executionId="2c8cffaf-2119-412f-b611-32be6db3eb82" testId="7f3f15f2-fa80-4d88-704e-daa3678c8978" testName="CancelSubscription_InvokeTwiceWithSameBookmark_Succeeds" computerName="ICSWS068" duration="00:00:00.0016586" startTime="2016-08-04T09:59:03.7271388+02:00" endTime="2016-08-04T09:59:03.7301241+02:00" testType="13cdc9d9-ddb5-4fa4-a97d-d965ccfc6d4b" outcome="Passed" testListId="8c84fa94-04c1-424b-9868-57a2d4851a1d" relativeResultsDirectory="2c8cffaf-2119-412f-b611-32be6db3eb82" />
    <UnitTestResult executionId="51bd2cfa-91de-4c05-8ff6-616f1d4ac056" testId="b54b3e49-40a6-8b34-e320-09f1f14cae41" testName="RemoveProvider_NoSubscriptionCreated_Succeeds" computerName="ICSWS068" duration="00:00:00.0011606" startTime="2016-08-04T09:59:03.7331273+02:00" endTime="2016-08-04T09:59:03.7356463+02:00" testType="13cdc9d9-ddb5-4fa4-a97d-d965ccfc6d4b" outcome="Passed" testListId="8c84fa94-04c1-424b-9868-57a2d4851a1d" relativeResultsDirectory="51bd2cfa-91de-4c05-8ff6-616f1d4ac056" />
    <UnitTestResult executionId="ed55abf1-3ccf-4ef8-9ba1-cabab04cff86" testId="e7c71363-2344-86c4-7def-aba1db73fa3b" testName="RemoveProvider_InvokeWithValidSubscriptionId_Success" computerName="ICSWS068" duration="00:00:00.0012700" startTime="2016-08-04T09:59:03.7376495+02:00" endTime="2016-08-04T09:59:03.7401500+02:00" testType="13cdc9d9-ddb5-4fa4-a97d-d965ccfc6d4b" outcome="Passed" testListId="8c84fa94-04c1-424b-9868-57a2d4851a1d" relativeResultsDirectory="ed55abf1-3ccf-4ef8-9ba1-cabab04cff86" />
    <UnitTestResult executionId="3454d015-f03a-4ced-9ed8-36945ae936d9" testId="72927605-8fcb-4984-9aa4-1b7605c5b21f" testName="RemoveProvider_InvokeWithInvalidSubscriptionId_Succeeds" computerName="ICSWS068" duration="00:00:00.0015413" startTime="2016-08-04T09:59:03.7421359+02:00" endTime="2016-08-04T09:59:03.7452144+02:00" testType="13cdc9d9-ddb5-4fa4-a97d-d965ccfc6d4b" outcome="Passed" testListId="8c84fa94-04c1-424b-9868-57a2d4851a1d" relativeResultsDirectory="3454d015-f03a-4ced-9ed8-36945ae936d9" />
    <UnitTestResult executionId="1016254d-fd2d-42bc-8ac9-ca8db71ae8d4" testId="c317bcbb-8d0b-05d6-93f3-66491f60c948" testName="RemoveProvider_InvokeTwiceWithSameSubscriptionId_Succeeds" computerName="ICSWS068" duration="00:00:00.0013328" startTime="2016-08-04T09:59:03.7477329+02:00" endTime="2016-08-04T09:59:03.7502340+02:00" testType="13cdc9d9-ddb5-4fa4-a97d-d965ccfc6d4b" outcome="Passed" testListId="8c84fa94-04c1-424b-9868-57a2d4851a1d" relativeResultsDirectory="1016254d-fd2d-42bc-8ac9-ca8db71ae8d4" />
    <UnitTestResult executionId="28847824-a73e-41f6-8ddd-6251fee877dd" testId="ef8ccd7e-30be-f1b5-8fa7-0a66aa8235e7" testName="RemoveProvider_InvokeWithValidSubscriptionIdOfActiveSubscription_Success" computerName="ICSWS068" duration="00:00:00.0014111" startTime="2016-08-04T09:59:03.7532202+02:00" endTime="2016-08-04T09:59:03.7557234+02:00" testType="13cdc9d9-ddb5-4fa4-a97d-d965ccfc6d4b" outcome="Passed" testListId="8c84fa94-04c1-424b-9868-57a2d4851a1d" relativeResultsDirectory="28847824-a73e-41f6-8ddd-6251fee877dd" />
    <UnitTestResult executionId="b6606eda-2cea-420c-81df-c11cc08f1f1e" testId="27d69cd1-05b5-52e7-f8b5-1d7227bafc19" testName="RemoveProvider_ProviderWithDisposableReaderAndDisposeReaderIsTrue_ReaderDisposed" computerName="ICSWS068" duration="00:00:00.0097373" startTime="2016-08-04T09:59:03.7582242+02:00" endTime="2016-08-04T09:59:03.7692351+02:00" testType="13cdc9d9-ddb5-4fa4-a97d-d965ccfc6d4b" outcome="Passed" testListId="8c84fa94-04c1-424b-9868-57a2d4851a1d" relativeResultsDirectory="b6606eda-2cea-420c-81df-c11cc08f1f1e" />
    <UnitTestResult executionId="df98af90-932f-4806-a856-ddcf41a0c4d9" testId="6672d981-986f-74a0-0cd8-072bf5296d26" testName="RemoveProvider_ProviderWithDisposableReaderAndDisposeReaderIsFalse_ReaderNotDisposed" computerName="ICSWS068" duration="00:00:00.0017621" startTime="2016-08-04T09:59:03.7722371+02:00" endTime="2016-08-04T09:59:03.7752773+02:00" testType="13cdc9d9-ddb5-4fa4-a97d-d965ccfc6d4b" outcome="Passed" testListId="8c84fa94-04c1-424b-9868-57a2d4851a1d" relativeResultsDirectory="df98af90-932f-4806-a856-ddcf41a0c4d9" />
    <UnitTestResult executionId="7823b5d0-acd1-482a-9a36-114e363760fb" testId="afd41b04-b781-81a2-5f23-ad147b81710d" testName="GenerateTemporaryFilename_InvokeWithFileName_AppendsFormatyyyyMMddHHmmssfffAsExtension" computerName="ICSWS068" duration="00:00:00.0022521" startTime="2016-08-04T09:59:03.7777629+02:00" endTime="2016-08-04T09:59:03.7812804+02:00" testType="13cdc9d9-ddb5-4fa4-a97d-d965ccfc6d4b" outcome="Passed" testListId="8c84fa94-04c1-424b-9868-57a2d4851a1d" relativeResultsDirectory="7823b5d0-acd1-482a-9a36-114e363760fb" />
    <UnitTestResult executionId="f3318c91-3aac-49ba-b6e2-31d08d91ff0b" testId="45b0908b-5e25-c598-3e4c-ca74380da870" testName="Constructor_ArgumentIsProperties_ConfigurationPropertyContainsProperties" computerName="ICSWS068" duration="00:00:00.0039131" startTime="2016-08-04T09:59:03.7843616+02:00" endTime="2016-08-04T09:59:03.7893808+02:00" testType="13cdc9d9-ddb5-4fa4-a97d-d965ccfc6d4b" outcome="Passed" testListId="8c84fa94-04c1-424b-9868-57a2d4851a1d" relativeResultsDirectory="f3318c91-3aac-49ba-b6e2-31d08d91ff0b" />
    <UnitTestResult executionId="ab1c0a52-a986-43bb-8933-f13952d853b3" testId="f2ce1fc8-a5b2-33c5-6cdc-07ceb572a7b4" testName="Constructor_ArgumentIsProperties_IdProprtyIsSet" computerName="ICSWS068" duration="00:00:00.0018615" startTime="2016-08-04T09:59:03.7918826+02:00" endTime="2016-08-04T09:59:03.7948743+02:00" testType="13cdc9d9-ddb5-4fa4-a97d-d965ccfc6d4b" outcome="Passed" testListId="8c84fa94-04c1-424b-9868-57a2d4851a1d" relativeResultsDirectory="ab1c0a52-a986-43bb-8933-f13952d853b3" />
    <UnitTestResult executionId="a4392b97-be47-4774-905b-19d0df99c786" testId="58d0606d-948e-e68a-9a50-7569ba9c35fd" testName="Constructor_NullArgument_Throws" computerName="ICSWS068" duration="00:00:00.0021272" startTime="2016-08-04T09:59:03.7973754+02:00" endTime="2016-08-04T09:59:03.8008780+02:00" testType="13cdc9d9-ddb5-4fa4-a97d-d965ccfc6d4b" outcome="Passed" testListId="8c84fa94-04c1-424b-9868-57a2d4851a1d" relativeResultsDirectory="a4392b97-be47-4774-905b-19d0df99c786" />
    <UnitTestResult executionId="499672fc-f51c-4c35-9523-df280ae891d6" testId="e936ac63-3ddd-ee9a-6efb-db6c0d6ad12a" testName="Constructor_InvalidArgument_Throws" computerName="ICSWS068" duration="00:00:00.0029767" startTime="2016-08-04T09:59:03.8034451+02:00" endTime="2016-08-04T09:59:03.8074512+02:00" testType="13cdc9d9-ddb5-4fa4-a97d-d965ccfc6d4b" outcome="Passed" testListId="8c84fa94-04c1-424b-9868-57a2d4851a1d" relativeResultsDirectory="499672fc-f51c-4c35-9523-df280ae891d6" />
    <UnitTestResult executionId="1ce85339-acbb-495e-b116-3ad58b810555" testId="5e9f0624-8c6b-a4dc-0551-926086117b63" testName="Dispose_CreatedWithPropertiesAsArgument_ProviderDoDispose" computerName="ICSWS068" duration="00:00:00.0026638" startTime="2016-08-04T09:59:03.8099688+02:00" endTime="2016-08-04T09:59:03.8140112+02:00" testType="13cdc9d9-ddb5-4fa4-a97d-d965ccfc6d4b" outcome="Passed" testListId="8c84fa94-04c1-424b-9868-57a2d4851a1d" relativeResultsDirectory="1ce85339-acbb-495e-b116-3ad58b810555" />
    <UnitTestResult executionId="6312c3f9-6bdf-4db8-867d-e0c19f06bcf1" testId="48b44b24-8006-bddd-11f0-20e8aa3815a4" testName="Dispose_ReaderShouldBeDisposed_ReaderDisposed" computerName="ICSWS068" duration="00:00:00.0022301" startTime="2016-08-04T09:59:03.8165279+02:00" endTime="2016-08-04T09:59:03.8200161+02:00" testType="13cdc9d9-ddb5-4fa4-a97d-d965ccfc6d4b" outcome="Passed" testListId="8c84fa94-04c1-424b-9868-57a2d4851a1d" relativeResultsDirectory="6312c3f9-6bdf-4db8-867d-e0c19f06bcf1" />
    <UnitTestResult executionId="d130d93f-d662-4fc0-ba75-3d230ac7aa85" testId="4289f507-0979-779f-62c5-768b428c46ce" testName="Dispose_ReaderShouldNotBeDisposed_ReaderNotDisposed" computerName="ICSWS068" duration="00:00:00.0021961" startTime="2016-08-04T09:59:03.8225172+02:00" endTime="2016-08-04T09:59:03.8261224+02:00" testType="13cdc9d9-ddb5-4fa4-a97d-d965ccfc6d4b" outcome="Passed" testListId="8c84fa94-04c1-424b-9868-57a2d4851a1d" relativeResultsDirectory="d130d93f-d662-4fc0-ba75-3d230ac7aa85" />
    <UnitTestResult executionId="a50e2847-8ae7-42ed-895f-080d6ed797ca" testId="b1d42310-5135-801f-b50b-9058f309c8ef" testName="AddSubscription_BookmarkIsNull_ThrowsException" computerName="ICSWS068" duration="00:00:00.0023107" startTime="2016-08-04T09:59:03.8291077+02:00" endTime="2016-08-04T09:59:03.8326115+02:00" testType="13cdc9d9-ddb5-4fa4-a97d-d965ccfc6d4b" outcome="Passed" testListId="8c84fa94-04c1-424b-9868-57a2d4851a1d" relativeResultsDirectory="a50e2847-8ae7-42ed-895f-080d6ed797ca" />
    <UnitTestResult executionId="5849d85a-58b8-402f-b792-88e011bb3840" testId="4f4fb14a-1604-f75e-dd8f-adc3674743de" testName="AddSubscription_InvokedOnce_ProviderStartsSearchingForFiles" computerName="ICSWS068" duration="00:00:00.0026310" startTime="2016-08-04T09:59:03.8355900+02:00" endTime="2016-08-04T09:59:03.8395929+02:00" testType="13cdc9d9-ddb5-4fa4-a97d-d965ccfc6d4b" outcome="Passed" testListId="8c84fa94-04c1-424b-9868-57a2d4851a1d" relativeResultsDirectory="5849d85a-58b8-402f-b792-88e011bb3840" />
    <UnitTestResult executionId="a73cf344-0e66-48fe-bb03-d02cb1e12354" testId="ad346ebe-4d24-5a7b-90e8-c4f790cfc420" testName="AddSubscription_InvokedTwicewithSameBookmark_ThrowsException" computerName="ICSWS068" duration="00:00:00.0025163" startTime="2016-08-04T09:59:03.8420958+02:00" endTime="2016-08-04T09:59:03.8461030+02:00" testType="13cdc9d9-ddb5-4fa4-a97d-d965ccfc6d4b" outcome="Passed" testListId="8c84fa94-04c1-424b-9868-57a2d4851a1d" relativeResultsDirectory="a73cf344-0e66-48fe-bb03-d02cb1e12354" />
    <UnitTestResult executionId="0ddac03c-1ed9-41a6-9381-4d761a3fef9b" testId="2e6a3f10-92bf-50c8-8752-9f054c354e47" testName="AddSubscription_TimeoutTooLarge_ThrowsException" computerName="ICSWS068" duration="00:00:00.0023931" startTime="2016-08-04T09:59:03.8486033+02:00" endTime="2016-08-04T09:59:03.8521056+02:00" testType="13cdc9d9-ddb5-4fa4-a97d-d965ccfc6d4b" outcome="Passed" testListId="8c84fa94-04c1-424b-9868-57a2d4851a1d" relativeResultsDirectory="0ddac03c-1ed9-41a6-9381-4d761a3fef9b" />
    <UnitTestResult executionId="8629e566-4f3e-4038-944d-9e5744a0f6bc" testId="fcc3e5db-6049-301b-8c84-c3ccb8934a51" testName="RemoveBookmark_NoBookmarkIsAdded_ThrowsException" computerName="ICSWS068" duration="00:00:00.0023017" startTime="2016-08-04T09:59:03.8551079+02:00" endTime="2016-08-04T09:59:03.8586110+02:00" testType="13cdc9d9-ddb5-4fa4-a97d-d965ccfc6d4b" outcome="Passed" testListId="8c84fa94-04c1-424b-9868-57a2d4851a1d" relativeResultsDirectory="8629e566-4f3e-4038-944d-9e5744a0f6bc" />
    <UnitTestResult executionId="18ac3e6f-e6ed-4337-af79-8f2790c0e1c7" testId="60dd30f3-a903-297d-e908-cae403957ef7" testName="RemoveBookmark_SpecifiedBookmarkIsNotAdded_ThrowsException" computerName="ICSWS068" duration="00:00:00.0023688" startTime="2016-08-04T09:59:03.8616139+02:00" endTime="2016-08-04T09:59:03.8653913+02:00" testType="13cdc9d9-ddb5-4fa4-a97d-d965ccfc6d4b" outcome="Passed" testListId="8c84fa94-04c1-424b-9868-57a2d4851a1d" relativeResultsDirectory="18ac3e6f-e6ed-4337-af79-8f2790c0e1c7" />
    <UnitTestResult executionId="4b570020-43ab-4383-a5d3-064b19386ca1" testId="7bd67fb0-fe9f-8a7a-c2fd-7fef6edfe8ae" testName="RemoveBookmark_ArgumentIsNull_ThrowsException" computerName="ICSWS068" duration="00:00:00.0022025" startTime="2016-08-04T09:59:03.8683945+02:00" endTime="2016-08-04T09:59:03.8719108+02:00" testType="13cdc9d9-ddb5-4fa4-a97d-d965ccfc6d4b" outcome="Passed" testListId="8c84fa94-04c1-424b-9868-57a2d4851a1d" relativeResultsDirectory="4b570020-43ab-4383-a5d3-064b19386ca1" />
    <UnitTestResult executionId="78197cb7-3752-4f23-97fe-7dd1425d0219" testId="994064d3-1603-4749-b2a7-2db1751b5a2f" testName="RemoveBookmark_BookmarkIsAddedInvokedTwice_ThrowsException" computerName="ICSWS068" duration="00:00:00.0023662" startTime="2016-08-04T09:59:03.8746424+02:00" endTime="2016-08-04T09:59:03.8781465+02:00" testType="13cdc9d9-ddb5-4fa4-a97d-d965ccfc6d4b" outcome="Passed" testListId="8c84fa94-04c1-424b-9868-57a2d4851a1d" relativeResultsDirectory="78197cb7-3752-4f23-97fe-7dd1425d0219" />
    <UnitTestResult executionId="ab7189cc-e32c-4d9a-9f2f-e22a41e3deee" testId="42c6fb16-68bb-341c-1cc0-47d511ba8226" testName="CreateProvider_ValidProperties_ReturnsSubscriptionId" computerName="ICSWS068" duration="00:00:00.0517184" startTime="2016-08-04T09:59:03.8806470+02:00" endTime="2016-08-04T09:59:03.9336168+02:00" testType="13cdc9d9-ddb5-4fa4-a97d-d965ccfc6d4b" outcome="Passed" testListId="8c84fa94-04c1-424b-9868-57a2d4851a1d" relativeResultsDirectory="ab7189cc-e32c-4d9a-9f2f-e22a41e3deee" />
    <UnitTestResult executionId="80ed547d-27b9-4f15-8088-59a47cb8aacd" testId="eaa90d5e-d1a4-51a9-c707-89c4759a8728" testName="CreateProvider_ValidProperties_FileSystemWatcherIsNotActivated" computerName="ICSWS068" duration="00:00:00.0030019" startTime="2016-08-04T09:59:03.9361367+02:00" endTime="2016-08-04T09:59:03.9406393+02:00" testType="13cdc9d9-ddb5-4fa4-a97d-d965ccfc6d4b" outcome="Passed" testListId="8c84fa94-04c1-424b-9868-57a2d4851a1d" relativeResultsDirectory="80ed547d-27b9-4f15-8088-59a47cb8aacd" />
    <UnitTestResult executionId="8ccd6db5-25ca-4ffe-b61e-a58199bd66f8" testId="79a9feaf-1653-0e3b-ad24-c5bcafa5bfd3" testName="CreateProvider_ValidProperties_SubscriptionIsCreatedWithExpectedProperties" computerName="ICSWS068" duration="00:00:00.0040503" startTime="2016-08-04T09:59:03.9431260+02:00" endTime="2016-08-04T09:59:03.9486450+02:00" testType="13cdc9d9-ddb5-4fa4-a97d-d965ccfc6d4b" outcome="Passed" testListId="8c84fa94-04c1-424b-9868-57a2d4851a1d" relativeResultsDirectory="8ccd6db5-25ca-4ffe-b61e-a58199bd66f8" />
    <UnitTestResult executionId="797f58c5-ed1d-47a8-9ac8-bc2624a880c9" testId="9235f9cd-aacc-c722-dcd6-2b738096ea57" testName="CreateProvider_InvokedTwiceWithSameArgument_ReturnsDifferentSubscriptionIds" computerName="ICSWS068" duration="00:00:00.0017688" startTime="2016-08-04T09:59:03.9511321+02:00" endTime="2016-08-04T09:59:03.9541332+02:00" testType="13cdc9d9-ddb5-4fa4-a97d-d965ccfc6d4b" outcome="Passed" testListId="8c84fa94-04c1-424b-9868-57a2d4851a1d" relativeResultsDirectory="797f58c5-ed1d-47a8-9ac8-bc2624a880c9" />
    <UnitTestResult executionId="e6a4247a-704c-4e51-86f7-1cb538603487" testId="7cbc2f19-1b58-664d-7524-402eff01fe31" testName="GetSubscriptionConfiguration_NoSubscriptionCreated_ReturnsNull" computerName="ICSWS068" duration="00:00:00.0018515" startTime="2016-08-04T09:59:03.9566355+02:00" endTime="2016-08-04T09:59:03.9621562+02:00" testType="13cdc9d9-ddb5-4fa4-a97d-d965ccfc6d4b" outcome="Passed" testListId="8c84fa94-04c1-424b-9868-57a2d4851a1d" relativeResultsDirectory="e6a4247a-704c-4e51-86f7-1cb538603487" />
    <UnitTestResult executionId="ff3017e9-7ade-47af-a926-fe374d74861e" testId="854d64e6-f216-ec30-4254-bfa1fc3c775f" testName="GetSubscriptionConfiguration_SubscriptionIsCreated_ConfigurationIsReturned" computerName="ICSWS068" duration="00:00:00.0016635" startTime="2016-08-04T09:59:03.9651617+02:00" endTime="2016-08-04T09:59:03.9681637+02:00" testType="13cdc9d9-ddb5-4fa4-a97d-d965ccfc6d4b" outcome="Passed" testListId="8c84fa94-04c1-424b-9868-57a2d4851a1d" relativeResultsDirectory="ff3017e9-7ade-47af-a926-fe374d74861e" />
    <UnitTestResult executionId="90c21061-7a6d-4807-91fe-7d9c7439b14e" testId="a3d5acd3-a6b2-a51f-c547-f4dc75e9c4c6" testName="AddSubscription_TimeoutIsNotSpecified_ActivatedWithoutTimeout" computerName="ICSWS068" duration="00:00:00.0033054" startTime="2016-08-04T09:59:03.9706490+02:00" endTime="2016-08-04T09:59:03.9750891+02:00" testType="13cdc9d9-ddb5-4fa4-a97d-d965ccfc6d4b" outcome="Passed" testListId="8c84fa94-04c1-424b-9868-57a2d4851a1d" relativeResultsDirectory="90c21061-7a6d-4807-91fe-7d9c7439b14e" />
    <UnitTestResult executionId="89c3f961-415c-48ae-aee0-87db47117936" testId="a83c1b38-986f-a393-a33b-e3193e3c990e" testName="AddSubscription_TimeoutIsSpecified_ActivatedWithSpecifiedTimeout" computerName="ICSWS068" duration="00:00:00.0023981" startTime="2016-08-04T09:59:03.9780768+02:00" endTime="2016-08-04T09:59:03.9815787+02:00" testType="13cdc9d9-ddb5-4fa4-a97d-d965ccfc6d4b" outcome="Passed" testListId="8c84fa94-04c1-424b-9868-57a2d4851a1d" relativeResultsDirectory="89c3f961-415c-48ae-aee0-87db47117936" />
    <UnitTestResult executionId="500d0876-aadb-48e5-a2a2-62746f4a9a01" testId="f388a3e6-9534-0783-e279-6d716f068f1a" testName="AddSubscription_TimeoutIsSpecifiedSoonerThanPreviousTimeout_ActivatedWithSpecifiedTimeout" computerName="ICSWS068" duration="00:00:00.0029685" startTime="2016-08-04T09:59:03.9846019+02:00" endTime="2016-08-04T09:59:03.9886041+02:00" testType="13cdc9d9-ddb5-4fa4-a97d-d965ccfc6d4b" outcome="Passed" testListId="8c84fa94-04c1-424b-9868-57a2d4851a1d" relativeResultsDirectory="500d0876-aadb-48e5-a2a2-62746f4a9a01" />
    <UnitTestResult executionId="e05248f5-e5a8-4733-8116-520bed86977a" testId="7172f30e-8d82-f82b-ba08-42b13c6e074e" testName="AddSubscription_TimeoutIsSpecifiedLaterThanPreviousTimeout_ActivatedWithPreviousTimeout" computerName="ICSWS068" duration="00:00:00.0026069" startTime="2016-08-04T09:59:03.9911053+02:00" endTime="2016-08-04T09:59:03.9946125+02:00" testType="13cdc9d9-ddb5-4fa4-a97d-d965ccfc6d4b" outcome="Passed" testListId="8c84fa94-04c1-424b-9868-57a2d4851a1d" relativeResultsDirectory="e05248f5-e5a8-4733-8116-520bed86977a" />
    <UnitTestResult executionId="6ba7b78e-cbac-4f88-84eb-3e3bfde184bf" testId="b7148bf5-0b3f-9814-51de-caed3a6211f1" testName="AddSubscription_NoSubscriptionCreated_ThrowsException" computerName="ICSWS068" duration="00:00:00.0018806" startTime="2016-08-04T09:59:03.9976140+02:00" endTime="2016-08-04T09:59:04.0006330+02:00" testType="13cdc9d9-ddb5-4fa4-a97d-d965ccfc6d4b" outcome="Passed" testListId="8c84fa94-04c1-424b-9868-57a2d4851a1d" relativeResultsDirectory="6ba7b78e-cbac-4f88-84eb-3e3bfde184bf" />
    <UnitTestResult executionId="fac8825e-2726-4226-a8bf-efd946082ca2" testId="049705c9-addf-9e06-25ab-cf8db64dfbd1" testName="AddSubscription_InvokeOnceWihtValidSubscriptionId_FileSystemWatcherIsActivated" computerName="ICSWS068" duration="00:00:00.0022093" startTime="2016-08-04T09:59:04.0031212+02:00" endTime="2016-08-04T09:59:04.0061232+02:00" testType="13cdc9d9-ddb5-4fa4-a97d-d965ccfc6d4b" outcome="Passed" testListId="8c84fa94-04c1-424b-9868-57a2d4851a1d" relativeResultsDirectory="fac8825e-2726-4226-a8bf-efd946082ca2" />
    <UnitTestResult executionId="4ab6c966-5500-43d3-a41c-4ee7d2cb71d1" testId="dd86aa80-82ce-e766-9b8d-f092ca06f5f0" testName="AddSubscription_BookmarkIsNull_ThrowsException" computerName="ICSWS068" duration="00:00:00.0020609" startTime="2016-08-04T09:59:04.0086261+02:00" endTime="2016-08-04T09:59:04.0121439+02:00" testType="13cdc9d9-ddb5-4fa4-a97d-d965ccfc6d4b" outcome="Passed" testListId="8c84fa94-04c1-424b-9868-57a2d4851a1d" relativeResultsDirectory="4ab6c966-5500-43d3-a41c-4ee7d2cb71d1" />
    <UnitTestResult executionId="082c79b8-2a7f-4fbc-a4f0-ea7267af611b" testId="94ecbf7d-0fef-cb0a-38b8-b88013bbc2cf" testName="AddSubscription_InvokeTwiceWithSameValidSubscriptionId_FileSystemWatcherIsActivatedOnce" computerName="ICSWS068" duration="00:00:00.0020785" startTime="2016-08-04T09:59:04.0146189+02:00" endTime="2016-08-04T09:59:04.0181054+02:00" testType="13cdc9d9-ddb5-4fa4-a97d-d965ccfc6d4b" outcome="Passed" testListId="8c84fa94-04c1-424b-9868-57a2d4851a1d" relativeResultsDirectory="082c79b8-2a7f-4fbc-a4f0-ea7267af611b" />
    <UnitTestResult executionId="e9238a72-c574-4bbd-928b-b2eaae8bbc73" testId="5317fecf-0f50-cf31-c654-03788a80389d" testName="AddSubscription_InvokeTwiceWithSameBookmark_ThrowsException" computerName="ICSWS068" duration="00:00:00.0020976" startTime="2016-08-04T09:59:04.0206077+02:00" endTime="2016-08-04T09:59:04.0236150+02:00" testType="13cdc9d9-ddb5-4fa4-a97d-d965ccfc6d4b" outcome="Passed" testListId="8c84fa94-04c1-424b-9868-57a2d4851a1d" relativeResultsDirectory="e9238a72-c574-4bbd-928b-b2eaae8bbc73" />
    <UnitTestResult executionId="c05ef0ef-5985-4c44-a8db-79e44d726923" testId="9dd3354c-bf59-5228-e693-447aa2944691" testName="AddSubscription_InvokeWithInvalidSubscriptionId_ThrowsException" computerName="ICSWS068" duration="00:00:00.0027556" startTime="2016-08-04T09:59:04.0261155+02:00" endTime="2016-08-04T09:59:04.0301345+02:00" testType="13cdc9d9-ddb5-4fa4-a97d-d965ccfc6d4b" outcome="Passed" testListId="8c84fa94-04c1-424b-9868-57a2d4851a1d" relativeResultsDirectory="c05ef0ef-5985-4c44-a8db-79e44d726923" />
    <UnitTestResult executionId="7fe81e25-3318-4754-8472-d8b7dd4ccbe6" testId="9620f279-0444-fbaf-f689-7c3d15d278c0" testName="DeAddSubscription_NoSubscriptionCreated_ThrowsException" computerName="ICSWS068" duration="00:00:00.0019905" startTime="2016-08-04T09:59:04.0331216+02:00" endTime="2016-08-04T09:59:04.0361230+02:00" testType="13cdc9d9-ddb5-4fa4-a97d-d965ccfc6d4b" outcome="Passed" testListId="8c84fa94-04c1-424b-9868-57a2d4851a1d" relativeResultsDirectory="7fe81e25-3318-4754-8472-d8b7dd4ccbe6" />
    <UnitTestResult executionId="0f73e24f-cfcc-492e-a3b1-8a3467a38648" testId="06fee05e-b4f1-5c82-e9ad-734a4e3cab51" testName="CancelSubscription_InvokeOnceWihtValidSubscriptionId_FileSystemWatcherIsDeactivated" computerName="ICSWS068" duration="00:00:00.0020808" startTime="2016-08-04T09:59:04.0386414+02:00" endTime="2016-08-04T09:59:04.0421282+02:00" testType="13cdc9d9-ddb5-4fa4-a97d-d965ccfc6d4b" outcome="Passed" testListId="8c84fa94-04c1-424b-9868-57a2d4851a1d" relativeResultsDirectory="0f73e24f-cfcc-492e-a3b1-8a3467a38648" />
    <UnitTestResult executionId="49ac2d94-64c8-4860-b6f9-d4165d3b0462" testId="9a6ac8c8-98c1-ceb7-85de-79bfc88b6808" testName="DeAddSubscription_InvokeTwiceWihtSameSubscriptionId_FileSystemWatcherIsDeactivated" computerName="ICSWS068" duration="00:00:00.0020058" startTime="2016-08-04T09:59:04.0449929+02:00" endTime="2016-08-04T09:59:04.0479955+02:00" testType="13cdc9d9-ddb5-4fa4-a97d-d965ccfc6d4b" outcome="Passed" testListId="8c84fa94-04c1-424b-9868-57a2d4851a1d" relativeResultsDirectory="49ac2d94-64c8-4860-b6f9-d4165d3b0462" />
    <UnitTestResult executionId="7450c0b9-f49b-499e-a66b-7a001319f8a7" testId="f772d350-babd-4d6a-9c31-77e6d94a4a16" testName="DeAddSubscription_InvokeWithInvalidProviderId_ThrowsException" computerName="ICSWS068" duration="00:00:00.0020339" startTime="2016-08-04T09:59:04.0505125+02:00" endTime="2016-08-04T09:59:04.0539998+02:00" testType="13cdc9d9-ddb5-4fa4-a97d-d965ccfc6d4b" outcome="Passed" testListId="8c84fa94-04c1-424b-9868-57a2d4851a1d" relativeResultsDirectory="7450c0b9-f49b-499e-a66b-7a001319f8a7" />
    <UnitTestResult executionId="292e228c-41ed-4780-93cf-e2f802891171" testId="0f0607ca-a04d-cf0f-0396-19992453db9b" testName="DeAddSubscription_InvokeTwiceWithSameBookmark_Succeeds" computerName="ICSWS068" duration="00:00:00.0017163" startTime="2016-08-04T09:59:04.0565009+02:00" endTime="2016-08-04T09:59:04.0595047+02:00" testType="13cdc9d9-ddb5-4fa4-a97d-d965ccfc6d4b" outcome="Passed" testListId="8c84fa94-04c1-424b-9868-57a2d4851a1d" relativeResultsDirectory="292e228c-41ed-4780-93cf-e2f802891171" />
    <UnitTestResult executionId="2b57d411-6c48-4bf9-ae88-5b80fab81db7" testId="9ea3be32-87f7-ace3-b563-96a343d9e4ee" testName="RemoveProvider_NoSubscriptionCreated_Succeeds" computerName="ICSWS068" duration="00:00:00.0014762" startTime="2016-08-04T09:59:04.0620049+02:00" endTime="2016-08-04T09:59:04.0650072+02:00" testType="13cdc9d9-ddb5-4fa4-a97d-d965ccfc6d4b" outcome="Passed" testListId="8c84fa94-04c1-424b-9868-57a2d4851a1d" relativeResultsDirectory="2b57d411-6c48-4bf9-ae88-5b80fab81db7" />
    <UnitTestResult executionId="6e737846-4027-4ae6-bee4-f11ea9d5cc69" testId="6557fe98-ae99-33f3-3d1b-73fa00bd0a18" testName="RemoveProvider_InvokeWithValidSubscriptionId_Success" computerName="ICSWS068" duration="00:00:00.0016108" startTime="2016-08-04T09:59:04.0675098+02:00" endTime="2016-08-04T09:59:04.0700116+02:00" testType="13cdc9d9-ddb5-4fa4-a97d-d965ccfc6d4b" outcome="Passed" testListId="8c84fa94-04c1-424b-9868-57a2d4851a1d" relativeResultsDirectory="6e737846-4027-4ae6-bee4-f11ea9d5cc69" />
    <UnitTestResult executionId="732e3e76-bf3f-4c91-b3c9-314af0b87b45" testId="1a62574d-0882-5867-c412-1c977a9a5077" testName="RemoveProvider_InvokeWithInvalidSubscriptionId_Succeeds" computerName="ICSWS068" duration="00:00:00.0015723" startTime="2016-08-04T09:59:04.0725124+02:00" endTime="2016-08-04T09:59:04.0756205+02:00" testType="13cdc9d9-ddb5-4fa4-a97d-d965ccfc6d4b" outcome="Passed" testListId="8c84fa94-04c1-424b-9868-57a2d4851a1d" relativeResultsDirectory="732e3e76-bf3f-4c91-b3c9-314af0b87b45" />
    <UnitTestResult executionId="07daf231-823f-4161-a0d9-cb67e18d7dcb" testId="19f1aadd-9070-6326-5171-09dae4742548" testName="RemoveProvider_InvokeTwiceWithSameSubscriptionId_Succeeds" computerName="ICSWS068" duration="00:00:00.0016281" startTime="2016-08-04T09:59:04.0786061+02:00" endTime="2016-08-04T09:59:04.0816087+02:00" testType="13cdc9d9-ddb5-4fa4-a97d-d965ccfc6d4b" outcome="Passed" testListId="8c84fa94-04c1-424b-9868-57a2d4851a1d" relativeResultsDirectory="07daf231-823f-4161-a0d9-cb67e18d7dcb" />
    <UnitTestResult executionId="ba0fe0c2-5001-46d8-b056-3f250c95f013" testId="034943a9-8865-a97d-5354-e6b80215141e" testName="RemoveProvider_InvokeWithValidSubscriptionIdOfActiveSubscription_Success" computerName="ICSWS068" duration="00:00:00.0016506" startTime="2016-08-04T09:59:04.0846139+02:00" endTime="2016-08-04T09:59:04.0871171+02:00" testType="13cdc9d9-ddb5-4fa4-a97d-d965ccfc6d4b" outcome="Passed" testListId="8c84fa94-04c1-424b-9868-57a2d4851a1d" relativeResultsDirectory="ba0fe0c2-5001-46d8-b056-3f250c95f013" />
    <UnitTestResult executionId="b0de64b4-4711-4ff3-af92-dbc37c4fae17" testId="45182d86-4a2e-c6a7-2fc0-effd2fc600dd" testName="GenerateTemporaryFilename_InvokeWithFileName_AppendsFormatyyyyMMddHHmmssfffAsExtension" computerName="ICSWS068" duration="00:00:00.0019562" startTime="2016-08-04T09:59:04.0901185+02:00" endTime="2016-08-04T09:59:04.0931252+02:00" testType="13cdc9d9-ddb5-4fa4-a97d-d965ccfc6d4b" outcome="Passed" testListId="8c84fa94-04c1-424b-9868-57a2d4851a1d" relativeResultsDirectory="b0de64b4-4711-4ff3-af92-dbc37c4fae17" />
    <UnitTestResult executionId="6b4c350f-84a0-41a9-a239-c71d1843431c" testId="661cbfbf-7f6a-c6f0-4efd-f4176b075119" testName="FileFoundEventTriggered_SubscriptionActivatedTwice_FileSystemWatcherIsReActivatedAfterFirstBookmarkIsResumed" computerName="ICSWS068" duration="00:00:00.0035591" startTime="2016-08-04T09:59:04.0961269+02:00" endTime="2016-08-04T09:59:04.1011307+02:00" testType="13cdc9d9-ddb5-4fa4-a97d-d965ccfc6d4b" outcome="Passed" testListId="8c84fa94-04c1-424b-9868-57a2d4851a1d" relativeResultsDirectory="6b4c350f-84a0-41a9-a239-c71d1843431c" />
    <UnitTestResult executionId="c8ad81f5-f74d-4229-a55a-069f49468b7c" testId="f4572416-d469-fb6e-eb78-59f5e42e6137" testName="Constructor_ArgumentIsProperties_ConfigurationPropertyContainsProperties" computerName="ICSWS068" duration="00:00:00.0023433" startTime="2016-08-04T09:59:04.1044377+02:00" endTime="2016-08-04T09:59:04.1079402+02:00" testType="13cdc9d9-ddb5-4fa4-a97d-d965ccfc6d4b" outcome="Passed" testListId="8c84fa94-04c1-424b-9868-57a2d4851a1d" relativeResultsDirectory="c8ad81f5-f74d-4229-a55a-069f49468b7c" />
    <UnitTestResult executionId="7d5013ac-fefd-4276-9a8b-1fb7d6c3cd51" testId="45950b3b-7279-4235-58b8-5ba2729ce369" testName="Constructor_ArgumentIsProperties_IdProprtyIsSet" computerName="ICSWS068" duration="00:00:00.0015331" startTime="2016-08-04T09:59:04.1104590+02:00" endTime="2016-08-04T09:59:04.1134633+02:00" testType="13cdc9d9-ddb5-4fa4-a97d-d965ccfc6d4b" outcome="Passed" testListId="8c84fa94-04c1-424b-9868-57a2d4851a1d" relativeResultsDirectory="7d5013ac-fefd-4276-9a8b-1fb7d6c3cd51" />
    <UnitTestResult executionId="771a098a-7884-4348-97f1-a6717cb97d6e" testId="448b9441-c00a-abdc-615b-f41dab205fd2" testName="Constructor_SettleTimeIsLargerThanIntMax_ThrowsException" computerName="ICSWS068" duration="00:00:00.0020462" startTime="2016-08-04T09:59:04.1159659+02:00" endTime="2016-08-04T09:59:04.1194515+02:00" testType="13cdc9d9-ddb5-4fa4-a97d-d965ccfc6d4b" outcome="Passed" testListId="8c84fa94-04c1-424b-9868-57a2d4851a1d" relativeResultsDirectory="771a098a-7884-4348-97f1-a6717cb97d6e" />
    <UnitTestResult executionId="d14c660b-5b40-41d7-8627-c089dfcf718f" testId="340bc218-aaaf-3ea2-641c-cbf23fffa364" testName="Constructor_Fails_ThrowsException" computerName="ICSWS068" duration="00:00:00.0034274" startTime="2016-08-04T09:59:04.1219529+02:00" endTime="2016-08-04T09:59:04.1263927+02:00" testType="13cdc9d9-ddb5-4fa4-a97d-d965ccfc6d4b" outcome="Passed" testListId="8c84fa94-04c1-424b-9868-57a2d4851a1d" relativeResultsDirectory="d14c660b-5b40-41d7-8627-c089dfcf718f" />
    <UnitTestResult executionId="d7633b56-6057-445a-9f90-d222d5314614" testId="c08d9c3e-8949-8fae-0a0f-f92d780d0c2b" testName="Dispose_CreatedWithPropertiesAsArgument_FileSystemWatcherIsDisposed" computerName="ICSWS068" duration="00:00:00.0018360" startTime="2016-08-04T09:59:04.1293774+02:00" endTime="2016-08-04T09:59:04.1323812+02:00" testType="13cdc9d9-ddb5-4fa4-a97d-d965ccfc6d4b" outcome="Passed" testListId="8c84fa94-04c1-424b-9868-57a2d4851a1d" relativeResultsDirectory="d7633b56-6057-445a-9f90-d222d5314614" />
    <UnitTestResult executionId="d741c757-fa7e-4678-b534-5324781312d6" testId="66f17dac-8109-3ef2-1c29-7b6aa188a487" testName="AddSubscription_BookmarkIsNull_ThrowsException" computerName="ICSWS068" duration="00:00:00.0019741" startTime="2016-08-04T09:59:04.1348846+02:00" endTime="2016-08-04T09:59:04.1383878+02:00" testType="13cdc9d9-ddb5-4fa4-a97d-d965ccfc6d4b" outcome="Passed" testListId="8c84fa94-04c1-424b-9868-57a2d4851a1d" relativeResultsDirectory="d741c757-fa7e-4678-b534-5324781312d6" />
    <UnitTestResult executionId="d27803a3-e7a7-4c8f-b2df-51b684a1629b" testId="8db71d3b-06ce-e829-2435-a4d3930e3e2d" testName="AddSubscription_InvokedOnce_FileSystemWatcherIsActivatedOnce" computerName="ICSWS068" duration="00:00:00.0021084" startTime="2016-08-04T09:59:04.1409054+02:00" endTime="2016-08-04T09:59:04.1443968+02:00" testType="13cdc9d9-ddb5-4fa4-a97d-d965ccfc6d4b" outcome="Passed" testListId="8c84fa94-04c1-424b-9868-57a2d4851a1d" relativeResultsDirectory="d27803a3-e7a7-4c8f-b2df-51b684a1629b" />
    <UnitTestResult executionId="46c1b505-4bad-497b-8a73-31eb1e9ca679" testId="2dff6476-7458-b327-ca33-927c3ed4e88e" testName="AddSubscription_InvokedTwice_FileSystemWatcherIsActivatedOnce" computerName="ICSWS068" duration="00:00:00.0019694" startTime="2016-08-04T09:59:04.1469126+02:00" endTime="2016-08-04T09:59:04.1499149+02:00" testType="13cdc9d9-ddb5-4fa4-a97d-d965ccfc6d4b" outcome="Passed" testListId="8c84fa94-04c1-424b-9868-57a2d4851a1d" relativeResultsDirectory="46c1b505-4bad-497b-8a73-31eb1e9ca679" />
    <UnitTestResult executionId="18ccb0df-ec59-417a-84c8-3d636463c2e4" testId="0f9e185a-7090-f052-a328-29a8f842fca3" testName="AddSubscription_InvokedTwicewithSameBookmark_ThrowsException" computerName="ICSWS068" duration="00:00:00.0020149" startTime="2016-08-04T09:59:04.1529879+02:00" endTime="2016-08-04T09:59:04.1565074+02:00" testType="13cdc9d9-ddb5-4fa4-a97d-d965ccfc6d4b" outcome="Passed" testListId="8c84fa94-04c1-424b-9868-57a2d4851a1d" relativeResultsDirectory="18ccb0df-ec59-417a-84c8-3d636463c2e4" />
    <UnitTestResult executionId="cf9e670b-46a4-4ee2-8f6d-b66a38b3520a" testId="df68c3e3-696e-6818-b98a-bd15632d5edb" testName="RemoveBookmark_BookmarkIsAdded_FileSystemWatcherIsDeactivatedOnce" computerName="ICSWS068" duration="00:00:00.0019979" startTime="2016-08-04T09:59:04.1589933+02:00" endTime="2016-08-04T09:59:04.1619971+02:00" testType="13cdc9d9-ddb5-4fa4-a97d-d965ccfc6d4b" outcome="Passed" testListId="8c84fa94-04c1-424b-9868-57a2d4851a1d" relativeResultsDirectory="cf9e670b-46a4-4ee2-8f6d-b66a38b3520a" />
    <UnitTestResult executionId="79bd9943-ba30-43f9-8bd9-0a4c7350953e" testId="2286024f-1789-99cc-21bd-96692a7add5e" testName="RemoveBookmark_TwoBookmarksAddedInvokedOncePerBookmark_FileSystemWatcherIsDeactivatedOnce" computerName="ICSWS068" duration="00:00:00.0018108" startTime="2016-08-04T09:59:04.1644988+02:00" endTime="2016-08-04T09:59:04.1675172+02:00" testType="13cdc9d9-ddb5-4fa4-a97d-d965ccfc6d4b" outcome="Passed" testListId="8c84fa94-04c1-424b-9868-57a2d4851a1d" relativeResultsDirectory="79bd9943-ba30-43f9-8bd9-0a4c7350953e" />
    <UnitTestResult executionId="623fcdf3-1a44-44dd-934f-cc1addc14956" testId="f4f72313-0ead-049f-7501-79e27725feb6" testName="RemoveBookmark_NoBookmarkIsAdded_ThrowsException" computerName="ICSWS068" duration="00:00:00.0019515" startTime="2016-08-04T09:59:04.1705046+02:00" endTime="2016-08-04T09:59:04.1735271+02:00" testType="13cdc9d9-ddb5-4fa4-a97d-d965ccfc6d4b" outcome="Passed" testListId="8c84fa94-04c1-424b-9868-57a2d4851a1d" relativeResultsDirectory="623fcdf3-1a44-44dd-934f-cc1addc14956" />
    <UnitTestResult executionId="73d42bfb-1d82-4df4-9846-7aeed9ad2468" testId="64db9558-0fb1-9f7b-6647-3fd4ec43b64c" testName="RemoveBookmark_SpecifiedBookmarkIsNotAdded_ThrowsException" computerName="ICSWS068" duration="00:00:00.0023794" startTime="2016-08-04T09:59:04.1765455+02:00" endTime="2016-08-04T09:59:04.1800305+02:00" testType="13cdc9d9-ddb5-4fa4-a97d-d965ccfc6d4b" outcome="Passed" testListId="8c84fa94-04c1-424b-9868-57a2d4851a1d" relativeResultsDirectory="73d42bfb-1d82-4df4-9846-7aeed9ad2468" />
    <UnitTestResult executionId="a3dbe197-803a-4398-b6d1-0f415489be2f" testId="c1cf2541-8d10-ed9c-f227-b64af84eea63" testName="RemoveBookmark_ArgumentIsNull_ThrowsException" computerName="ICSWS068" duration="00:00:00.0019099" startTime="2016-08-04T09:59:04.1820484+02:00" endTime="2016-08-04T09:59:04.1863509+02:00" testType="13cdc9d9-ddb5-4fa4-a97d-d965ccfc6d4b" outcome="Passed" testListId="8c84fa94-04c1-424b-9868-57a2d4851a1d" relativeResultsDirectory="a3dbe197-803a-4398-b6d1-0f415489be2f" />
    <UnitTestResult executionId="d9492bde-4a84-4a27-82fb-cfb47c22a6a4" testId="790a0c5a-fa4d-745d-2b4e-bcf1c7db4cc2" testName="RemoveBookmark_BookmarkIsAddedInvokedTwice_ThrowsException" computerName="ICSWS068" duration="00:00:00.0020052" startTime="2016-08-04T09:59:04.1888359+02:00" endTime="2016-08-04T09:59:04.1918543+02:00" testType="13cdc9d9-ddb5-4fa4-a97d-d965ccfc6d4b" outcome="Passed" testListId="8c84fa94-04c1-424b-9868-57a2d4851a1d" relativeResultsDirectory="d9492bde-4a84-4a27-82fb-cfb47c22a6a4" />
    <UnitTestResult executionId="ed33efbd-7922-4691-9fa6-acd694407bd2" testId="52a38faf-f171-cae3-12f2-131c4188a0ed" testName="ErrorEventTriggered_BookmarkIsAdded_AddedBookmarkIsReceivedInEventHandler" computerName="ICSWS068" duration="00:00:00.0027078" startTime="2016-08-04T09:59:04.1943467+02:00" endTime="2016-08-04T09:59:04.1983493+02:00" testType="13cdc9d9-ddb5-4fa4-a97d-d965ccfc6d4b" outcome="Passed" testListId="8c84fa94-04c1-424b-9868-57a2d4851a1d" relativeResultsDirectory="ed33efbd-7922-4691-9fa6-acd694407bd2" />
    <UnitTestResult executionId="442601e7-77f8-4641-b1a0-739d812ecca4" testId="ae38c3b3-51cd-0bc9-5c9c-a436d2389676" testName="ErrorEventTriggered_BookmarkIsAdded_TestExceptionIsReceivedInEventHandler" computerName="ICSWS068" duration="00:00:00.0024580" startTime="2016-08-04T09:59:04.2013665+02:00" endTime="2016-08-04T09:59:04.2048582+02:00" testType="13cdc9d9-ddb5-4fa4-a97d-d965ccfc6d4b" outcome="Passed" testListId="8c84fa94-04c1-424b-9868-57a2d4851a1d" relativeResultsDirectory="442601e7-77f8-4641-b1a0-739d812ecca4" />
    <UnitTestResult executionId="d4152b07-8873-45ac-b622-bae37fa9ed2a" testId="434ab216-7c43-48dc-b272-591bfeb013ea" testName="FileFoundEventTriggered_BookmarkIsAdded_AddedBookmarkIsReceivedInEventHandler" computerName="ICSWS068" duration="00:00:00.0026497" startTime="2016-08-04T09:59:04.2078594+02:00" endTime="2016-08-04T09:59:04.2113613+02:00" testType="13cdc9d9-ddb5-4fa4-a97d-d965ccfc6d4b" outcome="Passed" testListId="8c84fa94-04c1-424b-9868-57a2d4851a1d" relativeResultsDirectory="d4152b07-8873-45ac-b622-bae37fa9ed2a" />
    <UnitTestResult executionId="7d7bc954-61f6-4d25-80d7-3b733011fbd6" testId="0b5454ef-a507-0742-1972-2936a8880d59" testName="FileFoundEventTriggered_BookmarkIsAdded_FileSystemWatcherFileInfoIsReceivedInEventHandler" computerName="ICSWS068" duration="00:00:00.0024758" startTime="2016-08-04T09:59:04.2144666+02:00" endTime="2016-08-04T09:59:04.2184700+02:00" testType="13cdc9d9-ddb5-4fa4-a97d-d965ccfc6d4b" outcome="Passed" testListId="8c84fa94-04c1-424b-9868-57a2d4851a1d" relativeResultsDirectory="7d7bc954-61f6-4d25-80d7-3b733011fbd6" />
    <UnitTestResult executionId="ff565dfa-497b-43fa-af8d-7d5210097d37" testId="ca33b1b0-1b91-67d0-92a1-0b3f609036d7" testName="TimeoutEventTriggered_BookmarkIsAdded_AddedBookmarkIsReceivedInEventHandler" computerName="ICSWS068" duration="00:00:00.0027392" startTime="2016-08-04T09:59:04.2214714+02:00" endTime="2016-08-04T09:59:04.2254796+02:00" testType="13cdc9d9-ddb5-4fa4-a97d-d965ccfc6d4b" outcome="Passed" testListId="8c84fa94-04c1-424b-9868-57a2d4851a1d" relativeResultsDirectory="ff565dfa-497b-43fa-af8d-7d5210097d37" />
    <UnitTestResult executionId="ee302b5f-b29b-4acc-8212-7933a686b437" testId="b1730c44-ec24-4d42-d35e-23e9bebdc479" testName="TimeoutEventTriggered_BookmarkIsAdded_TimeoutExceptionIsReceivedInEventHandler" computerName="ICSWS068" duration="00:00:00.0023433" startTime="2016-08-04T09:59:04.2284810+02:00" endTime="2016-08-04T09:59:04.2319842+02:00" testType="13cdc9d9-ddb5-4fa4-a97d-d965ccfc6d4b" outcome="Passed" testListId="8c84fa94-04c1-424b-9868-57a2d4851a1d" relativeResultsDirectory="ee302b5f-b29b-4acc-8212-7933a686b437" />
    <UnitTestResult executionId="148554ec-5f02-479a-9960-5547e67e47ed" testId="ea88fae1-5984-04cb-a048-04dc6e976a0f" testName="EventTriggered_BookmarksAdded_AddedBookmarksAreReceivedAsFIFO" computerName="ICSWS068" duration="00:00:00.0024248" startTime="2016-08-04T09:59:04.2349853+02:00" endTime="2016-08-04T09:59:04.2384879+02:00" testType="13cdc9d9-ddb5-4fa4-a97d-d965ccfc6d4b" outcome="Passed" testListId="8c84fa94-04c1-424b-9868-57a2d4851a1d" relativeResultsDirectory="148554ec-5f02-479a-9960-5547e67e47ed" />
    <UnitTestResult executionId="bdbc5915-7740-436e-84f6-079ee9e32193" testId="fc1f9ea9-c0db-f212-1c75-565ff8d9e451" testName="EventTriggered_TwoBookmarksAdded_FileSystemWatcherIsReactivated" computerName="ICSWS068" duration="00:00:00.0030533" startTime="2016-08-04T09:59:04.2415086+02:00" endTime="2016-08-04T09:59:04.2460168+02:00" testType="13cdc9d9-ddb5-4fa4-a97d-d965ccfc6d4b" outcome="Passed" testListId="8c84fa94-04c1-424b-9868-57a2d4851a1d" relativeResultsDirectory="bdbc5915-7740-436e-84f6-079ee9e32193" />
    <UnitTestResult executionId="667ecbda-a0a1-40b9-96e9-84c2968d2aa5" testId="f54cadc8-7a04-e361-2f00-a85dd43c7937" testName="EventTriggered_OneBookmarkAdded_FileSystemWatcherIsNotReactivated" computerName="ICSWS068" duration="00:00:00.0022412" startTime="2016-08-04T09:59:04.2485191+02:00" endTime="2016-08-04T09:59:04.2520202+02:00" testType="13cdc9d9-ddb5-4fa4-a97d-d965ccfc6d4b" outcome="Passed" testListId="8c84fa94-04c1-424b-9868-57a2d4851a1d" relativeResultsDirectory="667ecbda-a0a1-40b9-96e9-84c2968d2aa5" />
    <UnitTestResult executionId="c0f82a29-de4c-4c9d-a32e-084c19881da2" testId="179cd508-b180-d68a-f6ba-4781efd61b3e" testName="Invoke_NormalExecution_Success" computerName="ICSWS068" duration="00:00:00.0232141" startTime="2016-08-04T09:59:04.2544715+02:00" endTime="2016-08-04T09:59:04.2789194+02:00" testType="13cdc9d9-ddb5-4fa4-a97d-d965ccfc6d4b" outcome="Passed" testListId="8c84fa94-04c1-424b-9868-57a2d4851a1d" relativeResultsDirectory="c0f82a29-de4c-4c9d-a32e-084c19881da2">
      <Output>
        <StdOut>Debug Trace:
0: WorkflowInstance "ConvertExcelFileActivity" is Started
1: Activity [null] "null" scheduled child activity [1] "ConvertExcelFileActivity"
2: Activity [1] "ConvertExcelFileActivity" is Executing
{
    Arguments
        Selection: Sheet1$
        FirstRowIsHeaders: True
        OutputEncoding: System.Text.UTF8Encoding
        ExcelFilepath: c:\test.xlsx
        TargetStream: System.IO.MemoryStream
        WriteBOM: True
        OutputFormat: SemicolonSeparated
        ExcelFormat: Excel2007
        UserDefinedSeparator: 
}
3: WorkflowInstance "ConvertExcelFileActivity" is Idle
4: Activity [1] "ConvertExcelFileActivity" is Closed
{
    Arguments
        Selection: Sheet1$
        DataSize: 64
        FirstRowIsHeaders: True
        OutputEncoding: System.Text.UTF8Encoding
        ExcelFilepath: c:\test.xlsx
        TargetStream: System.IO.MemoryStream
        WriteBOM: True
        OutputFormat: SemicolonSeparated
        ExcelFormat: Excel2007
        UserDefinedSeparator: 
        Rows: 8
}
5: WorkflowInstance "ConvertExcelFileActivity" is Completed</StdOut>
      </Output>
    </UnitTestResult>
    <UnitTestResult executionId="13c0f4a3-5234-43bd-89f3-a457f497abd1" testId="2a75e0eb-806f-9865-07da-ba945bd2644d" testName="Invoke_ConversionError_ThrowsException" computerName="ICSWS068" duration="00:00:00.0048632" startTime="2016-08-04T09:59:04.2814373+02:00" endTime="2016-08-04T09:59:04.2879304+02:00" testType="13cdc9d9-ddb5-4fa4-a97d-d965ccfc6d4b" outcome="Passed" testListId="8c84fa94-04c1-424b-9868-57a2d4851a1d" relativeResultsDirectory="13c0f4a3-5234-43bd-89f3-a457f497abd1">
      <Output>
        <StdOut>Debug Trace:
0: WorkflowInstance "ConvertExcelFileActivity" is Started
1: Activity [null] "null" scheduled child activity [1] "ConvertExcelFileActivity"
2: Activity [1] "ConvertExcelFileActivity" is Executing
{
    Arguments
        Selection: Sheet1$
        FirstRowIsHeaders: True
        OutputEncoding: System.Text.UTF8Encoding
        ExcelFilepath: c:\test.xlsx
        TargetStream: System.IO.MemoryStream
        WriteBOM: True
        OutputFormat: SemicolonSeparated
        ExcelFormat: Excel2007
        UserDefinedSeparator: 
}
3: WorkflowInstance "ConvertExcelFileActivity" is Idle
4: Activity [1] "ConvertExcelFileActivity" is Faulted
{
    Arguments
        Selection: Sheet1$
        DataSize: 0
        FirstRowIsHeaders: True
        OutputEncoding: System.Text.UTF8Encoding
        ExcelFilepath: c:\test.xlsx
        TargetStream: System.IO.MemoryStream
        WriteBOM: True
        OutputFormat: SemicolonSeparated
        ExcelFormat: Excel2007
        UserDefinedSeparator: 
        Rows: 0
}
5: Fault source [1] "ConvertExcelFileActivity"
6: WorkflowInstance "ConvertExcelFileActivity" Unhandled Exception Source "ConvertExcelFileActivity" Exception &lt;Testing.Common.TestException: Test exception
   at Moq.MethodCall.Execute(ICallContext call)
   at Moq.MethodCallReturn`2.Execute(ICallContext call)
   at Moq.ExecuteCall.HandleIntercept(ICallContext invocation, InterceptorContext ctx, CurrentInterceptContext localctx)
   at Moq.Interceptor.Intercept(ICallContext invocation)
   at Moq.Proxy.CastleProxyFactory.Interceptor.Intercept(IInvocation invocation)
   at Castle.DynamicProxy.AbstractInvocation.Proceed()
   at Castle.Proxies.IExcelConverterProxy.ConvertExcelFile(String excelFilePath, ExcelFileFormat excelFormat, Boolean firstRowIsHeader, String selection, Encoding destinationEncoding, Boolean writeBOM, FileFormat outputFormat, String customSeparator, Stream outputStream, String destinationFile, CancellationToken cancellationToken, Action`2 logging)
   at iCore.Workflow.Activities.Convert.ConvertExcelFileActivity.&lt;&gt;c__DisplayClass46_0.&lt;BeginExecute&gt;b__0()
   at System.Threading.Tasks.Task`1.InnerInvoke()
   at System.Threading.Tasks.Task.Execute()
--- End of stack trace from previous location where exception was thrown ---
   at System.Runtime.ExceptionServices.ExceptionDispatchInfo.Throw()
   at iCore.Workflow.Activities.ActivityUtilities.ThrowIfTaskFailedAndActivityIsNotCanceled(Task task, AsyncCodeActivityContext context)
   at iCore.Workflow.Activities.Convert.ConvertExcelFileActivity.EndExecute(AsyncCodeActivityContext context, IAsyncResult result)
   at System.Activities.AsyncCodeActivity.System.Activities.IAsyncCodeActivity.FinishExecution(AsyncCodeActivityContext context, IAsyncResult result)
   at System.Activities.AsyncCodeActivity.CompleteAsyncCodeActivityData.CompleteAsyncCodeActivityWorkItem.Execute(ActivityExecutor executor, BookmarkManager bookmarkManager)&gt;
7: WorkflowInstance Aborted [ConvertExcelFileActivity] Reason "Test exception"</StdOut>
      </Output>
    </UnitTestResult>
    <UnitTestResult executionId="c0806735-517d-45b7-b4f8-d8c38332480c" testId="a4bca550-3fbb-c50a-7394-3d7417e019bb" testName="Invoke_ActivityIsCancelled_ActivityCanceled" computerName="ICSWS068" duration="00:00:00.0059626" startTime="2016-08-04T09:59:04.2904324+02:00" endTime="2016-08-04T09:59:04.2974367+02:00" testType="13cdc9d9-ddb5-4fa4-a97d-d965ccfc6d4b" outcome="Passed" testListId="8c84fa94-04c1-424b-9868-57a2d4851a1d" relativeResultsDirectory="c0806735-517d-45b7-b4f8-d8c38332480c">
      <Output>
        <StdOut>Debug Trace:
0: WorkflowInstance "ConvertExcelFileActivity" is Started
1: Activity [null] "null" scheduled child activity [1] "ConvertExcelFileActivity"
2: Activity [1] "ConvertExcelFileActivity" is Executing
{
    Arguments
        Selection: Sheet1$
        FirstRowIsHeaders: True
        OutputEncoding: System.Text.UTF8Encoding
        ExcelFilepath: c:\test.xlsx
        TargetStream: System.IO.MemoryStream
        WriteBOM: True
        OutputFormat: SemicolonSeparated
        ExcelFormat: Excel2007
        UserDefinedSeparator: 
}
3: WorkflowInstance "ConvertExcelFileActivity" is Idle
4: Host requests cancel of activity [1] "ConvertExcelFileActivity"
5: WorkflowInstance "ConvertExcelFileActivity" is Idle
6: Activity [1] "ConvertExcelFileActivity" is Closed
{
    Arguments
        Selection: Sheet1$
        DataSize: 0
        FirstRowIsHeaders: True
        OutputEncoding: System.Text.UTF8Encoding
        ExcelFilepath: c:\test.xlsx
        TargetStream: System.IO.MemoryStream
        WriteBOM: True
        OutputFormat: SemicolonSeparated
        ExcelFormat: Excel2007
        UserDefinedSeparator: 
        Rows: 0
}
7: WorkflowInstance "ConvertExcelFileActivity" is Completed</StdOut>
      </Output>
    </UnitTestResult>
    <UnitTestResult executionId="27ea264f-8eb0-419f-a11c-1f16447cd0b7" testId="20851725-1dfc-4451-4835-01d059023444" testName="Invoke_RequiredInArgumentIsMissing_UnhandledArgumentException" computerName="ICSWS068" duration="00:00:00.0008715" startTime="2016-08-04T09:59:04.3004396+02:00" endTime="2016-08-04T09:59:04.3024554+02:00" testType="13cdc9d9-ddb5-4fa4-a97d-d965ccfc6d4b" outcome="Passed" testListId="8c84fa94-04c1-424b-9868-57a2d4851a1d" relativeResultsDirectory="27ea264f-8eb0-419f-a11c-1f16447cd0b7" />
    <UnitTestResult executionId="c81b7d23-ad9b-4cdf-9381-e35b80794750" testId="d1945d8a-81da-ccad-310e-b6572d775454" testName="Invoke_DependencyThrowsOutOfMemoryException_ThrowsFatalException" computerName="ICSWS068" duration="00:00:00.0060250" startTime="2016-08-04T09:59:04.3048140+02:00" endTime="2016-08-04T09:59:04.3118104+02:00" testType="13cdc9d9-ddb5-4fa4-a97d-d965ccfc6d4b" outcome="Passed" testListId="8c84fa94-04c1-424b-9868-57a2d4851a1d" relativeResultsDirectory="c81b7d23-ad9b-4cdf-9381-e35b80794750">
      <Output>
        <StdOut>Debug Trace:
0: WorkflowInstance "ConvertExcelFileActivity" is Started
1: Activity [null] "null" scheduled child activity [1] "ConvertExcelFileActivity"
2: Activity [1] "ConvertExcelFileActivity" is Executing
{
    Arguments
        Selection: Sheet1$
        FirstRowIsHeaders: True
        OutputEncoding: System.Text.UTF8Encoding
        ExcelFilepath: c:\test.xlsx
        TargetStream: System.IO.MemoryStream
        WriteBOM: True
        OutputFormat: SemicolonSeparated
        ExcelFormat: Excel2007
        UserDefinedSeparator: 
}
3: WorkflowInstance "ConvertExcelFileActivity" is Idle
4: Activity [1] "ConvertExcelFileActivity" is Faulted
{
    Arguments
        Selection: Sheet1$
        DataSize: 0
        FirstRowIsHeaders: True
        OutputEncoding: System.Text.UTF8Encoding
        ExcelFilepath: c:\test.xlsx
        TargetStream: System.IO.MemoryStream
        WriteBOM: True
        OutputFormat: SemicolonSeparated
        ExcelFormat: Excel2007
        UserDefinedSeparator: 
        Rows: 0
}
5: Fault source [1] "ConvertExcelFileActivity"
6: WorkflowInstance "ConvertExcelFileActivity" Unhandled Exception Source "ConvertExcelFileActivity" Exception &lt;iCore.Workflow.Activities.Exceptions.WorkflowFatalException: Insufficient memory to continue the execution of the program. ---&gt; System.OutOfMemoryException: Insufficient memory to continue the execution of the program.
   at Moq.MethodCall.Execute(ICallContext call)
   at Moq.MethodCallReturn`2.Execute(ICallContext call)
   at Moq.ExecuteCall.HandleIntercept(ICallContext invocation, InterceptorContext ctx, CurrentInterceptContext localctx)
   at Moq.Interceptor.Intercept(ICallContext invocation)
   at Moq.Proxy.CastleProxyFactory.Interceptor.Intercept(IInvocation invocation)
   at Castle.DynamicProxy.AbstractInvocation.Proceed()
   at Castle.Proxies.IExcelConverterProxy.ConvertExcelFile(String excelFilePath, ExcelFileFormat excelFormat, Boolean firstRowIsHeader, String selection, Encoding destinationEncoding, Boolean writeBOM, FileFormat outputFormat, String customSeparator, Stream outputStream, String destinationFile, CancellationToken cancellationToken, Action`2 logging)
   at iCore.Workflow.Activities.Convert.ConvertExcelFileActivity.&lt;&gt;c__DisplayClass46_0.&lt;BeginExecute&gt;b__0()
   at System.Threading.Tasks.Task`1.InnerInvoke()
   at System.Threading.Tasks.Task.Execute()
   --- End of inner exception stack trace ---
   at System.Runtime.ExceptionServices.ExceptionDispatchInfo.Throw()
   at iCore.Workflow.Activities.ActivityUtilities.ThrowIfTaskFailedAndActivityIsNotCanceled(Task task, AsyncCodeActivityContext context)
   at iCore.Workflow.Activities.Convert.ConvertExcelFileActivity.EndExecute(AsyncCodeActivityContext context, IAsyncResult result)
   at System.Activities.AsyncCodeActivity.System.Activities.IAsyncCodeActivity.FinishExecution(AsyncCodeActivityContext context, IAsyncResult result)
   at System.Activities.AsyncCodeActivity.CompleteAsyncCodeActivityData.CompleteAsyncCodeActivityWorkItem.Execute(ActivityExecutor executor, BookmarkManager bookmarkManager)&gt;
7: WorkflowInstance Aborted [ConvertExcelFileActivity] Reason "Insufficient memory to continue the execution of the program. InnerException Message: Insufficient memory to continue the execution of the program."</StdOut>
      </Output>
    </UnitTestResult>
  </Results>
  <TestDefinitions>
    <UnitTest name="CountArgs" storage="f:\etwork\bin\tests\unittests.icore.workflow.activities.dll" id="7772ab8b-4d4e-7e1e-dc14-4279264d2b16">
      <Execution id="189e1583-8f45-43ee-a4d0-1331ecf9599c" />
      <TestMethod codeBase="F:\ETWork\bin\Tests\UnitTests.iCore.Workflow.Activities.dll" adapterTypeName="Microsoft.VisualStudio.TestTools.TestTypes.Unit.UnitTestAdapter" className="UnitTest.iCore.Workflow.Activities.iCPS.CreateEventActivityTests" name="CountArgs" />
    </UnitTest>
    <UnitTest name="Invoke_SyncEventResumeUnknownBookmark_ActivityCanNotResume" storage="f:\etwork\bin\tests\unittests.icore.workflow.activities.dll" id="d65e8541-6a8d-530d-f3a7-8fce4d90275e">
      <Execution id="a3f7f421-e520-4bcf-ab33-e120ac03ea16" />
      <TestMethod codeBase="F:\ETWork\bin\Tests\UnitTests.iCore.Workflow.Activities.dll" adapterTypeName="Microsoft.VisualStudio.TestTools.TestTypes.Unit.UnitTestAdapter" className="UnitTest.iCore.Workflow.Activities.iCPS.CreateEventActivityTests" name="Invoke_SyncEventResumeUnknownBookmark_ActivityCanNotResume" />
    </UnitTest>
    <UnitTest name="Invoke_SyncEvent_Success" storage="f:\etwork\bin\tests\unittests.icore.workflow.activities.dll" id="d7975f34-210f-9d18-c0ab-ddb002d729c0">
      <Execution id="0f0a1fa4-91bb-4230-8eb1-d2c6469ca5b0" />
      <TestMethod codeBase="F:\ETWork\bin\Tests\UnitTests.iCore.Workflow.Activities.dll" adapterTypeName="Microsoft.VisualStudio.TestTools.TestTypes.Unit.UnitTestAdapter" className="UnitTest.iCore.Workflow.Activities.iCPS.CreateEventActivityTests" name="Invoke_SyncEvent_Success" />
    </UnitTest>
    <UnitTest name="Invoke_InArgumentTimeoutIs25000Days_ThrowsException" storage="f:\etwork\bin\tests\unittests.icore.workflow.activities.dll" id="980b76f2-5bf5-be8c-215a-ddd4d3fb9f48">
      <Execution id="0a3db498-79af-4f88-ab6f-ee7e2cba3459" />
      <TestMethod codeBase="F:\ETWork\bin\Tests\UnitTests.iCore.Workflow.Activities.dll" adapterTypeName="Microsoft.VisualStudio.TestTools.TestTypes.Unit.UnitTestAdapter" className="UnitTest.iCore.Workflow.Activities.Filesystem.InternalGetNextFileActivityTests" name="Invoke_InArgumentTimeoutIs25000Days_ThrowsException" />
    </UnitTest>
    <UnitTest name="Invoke_AllInArguments_ExecutesGetNextFileActivity" storage="f:\etwork\bin\tests\unittests.icore.workflow.activities.dll" id="276e9141-d272-83bd-a649-665f0d18de8d">
      <Execution id="12a94689-924f-4fcf-9f40-85d054f0c277" />
      <TestMethod codeBase="F:\ETWork\bin\Tests\UnitTests.iCore.Workflow.Activities.dll" adapterTypeName="Microsoft.VisualStudio.TestTools.TestTypes.Unit.UnitTestAdapter" className="UnitTest.iCore.Workflow.Activities.Filesystem.FileSystemListenerExActivityTests" name="Invoke_AllInArguments_ExecutesGetNextFileActivity" />
    </UnitTest>
    <UnitTest name="AddSubscription_InvokedTwice_FileSystemWatcherIsActivatedOnce" storage="f:\etwork\bin\tests\unittests.icore.workflow.activities.dll" id="d4dfd37c-7d05-70f4-ebe0-b7c13341c24f">
      <Execution id="0cdf836c-6354-48de-abed-4f0d7942a816" />
      <TestMethod codeBase="F:\ETWork\bin\Tests\UnitTests.iCore.Workflow.Activities.dll" adapterTypeName="Microsoft.VisualStudio.TestTools.TestTypes.Unit.UnitTestAdapter" className="UnitTests.iCore.Workflow.Activities.Filesystem.Extensions.FileReaderProviderTests" name="AddSubscription_InvokedTwice_FileSystemWatcherIsActivatedOnce" />
    </UnitTest>
    <UnitTest name="RemoveBookmark_BookmarkIsAdded_ProviderDoDeactivateOnce" storage="f:\etwork\bin\tests\unittests.icore.workflow.activities.dll" id="b0d6bbc7-e78a-f66c-33d5-2c09baf98911">
      <Execution id="9906cc7f-f059-4dea-b6e1-d408ada76a84" />
      <TestMethod codeBase="F:\ETWork\bin\Tests\UnitTests.iCore.Workflow.Activities.dll" adapterTypeName="Microsoft.VisualStudio.TestTools.TestTypes.Unit.UnitTestAdapter" className="UnitTests.iCore.Workflow.Activities.Filesystem.Extensions.FileReaderProviderTests" name="RemoveBookmark_BookmarkIsAdded_ProviderDoDeactivateOnce" />
    </UnitTest>
    <UnitTest name="RemoveBookmark_TwoBookmarksAddedInvokedOncePerBookmark_ProviderDoDeactivateOnce" storage="f:\etwork\bin\tests\unittests.icore.workflow.activities.dll" id="d54e8e6b-4329-a3c6-99da-9b49d40260be">
      <Execution id="6064d4f1-a941-4e35-86a5-53108f52cb52" />
      <TestMethod codeBase="F:\ETWork\bin\Tests\UnitTests.iCore.Workflow.Activities.dll" adapterTypeName="Microsoft.VisualStudio.TestTools.TestTypes.Unit.UnitTestAdapter" className="UnitTests.iCore.Workflow.Activities.Filesystem.Extensions.FileReaderProviderTests" name="RemoveBookmark_TwoBookmarksAddedInvokedOncePerBookmark_ProviderDoDeactivateOnce" />
    </UnitTest>
    <UnitTest name="ErrorEventTriggered_BookmarkIsAdded_AddedBookmarkIsReceivedInEventHandler" storage="f:\etwork\bin\tests\unittests.icore.workflow.activities.dll" id="0910bd89-0e87-6a70-af34-8ca930d83814">
      <Execution id="92f11281-4ba2-4cb5-bd4e-619acd43a2f6" />
      <TestMethod codeBase="F:\ETWork\bin\Tests\UnitTests.iCore.Workflow.Activities.dll" adapterTypeName="Microsoft.VisualStudio.TestTools.TestTypes.Unit.UnitTestAdapter" className="UnitTests.iCore.Workflow.Activities.Filesystem.Extensions.FileReaderProviderTests" name="ErrorEventTriggered_BookmarkIsAdded_AddedBookmarkIsReceivedInEventHandler" />
    </UnitTest>
    <UnitTest name="ErrorEventTriggered_BookmarkIsAdded_TestExceptionIsReceivedInEventHandler" storage="f:\etwork\bin\tests\unittests.icore.workflow.activities.dll" id="be0a39ec-4895-7277-9d34-4ada7e2aa241">
      <Execution id="c01ae279-1b4a-4a78-afa3-91dad191e631" />
      <TestMethod codeBase="F:\ETWork\bin\Tests\UnitTests.iCore.Workflow.Activities.dll" adapterTypeName="Microsoft.VisualStudio.TestTools.TestTypes.Unit.UnitTestAdapter" className="UnitTests.iCore.Workflow.Activities.Filesystem.Extensions.FileReaderProviderTests" name="ErrorEventTriggered_BookmarkIsAdded_TestExceptionIsReceivedInEventHandler" />
    </UnitTest>
    <UnitTest name="FileFoundEventTriggered_BookmarkIsAdded_AddedBookmarkIsReceivedInEventHandler" storage="f:\etwork\bin\tests\unittests.icore.workflow.activities.dll" id="f39f29b1-20c6-3a2c-48c6-fca745db7b7a">
      <Execution id="c1968315-1822-49f9-93d3-cd265c0fe10d" />
      <TestMethod codeBase="F:\ETWork\bin\Tests\UnitTests.iCore.Workflow.Activities.dll" adapterTypeName="Microsoft.VisualStudio.TestTools.TestTypes.Unit.UnitTestAdapter" className="UnitTests.iCore.Workflow.Activities.Filesystem.Extensions.FileReaderProviderTests" name="FileFoundEventTriggered_BookmarkIsAdded_AddedBookmarkIsReceivedInEventHandler" />
    </UnitTest>
    <UnitTest name="FileFoundEventTriggered_BookmarkIsAdded_CorrectFileIsReceivedInEventHandler" storage="f:\etwork\bin\tests\unittests.icore.workflow.activities.dll" id="e813b8ad-1d1c-4d80-0160-457519d31097">
      <Execution id="29348765-0e4e-4f08-bd51-1a431b7998db" />
      <TestMethod codeBase="F:\ETWork\bin\Tests\UnitTests.iCore.Workflow.Activities.dll" adapterTypeName="Microsoft.VisualStudio.TestTools.TestTypes.Unit.UnitTestAdapter" className="UnitTests.iCore.Workflow.Activities.Filesystem.Extensions.FileReaderProviderTests" name="FileFoundEventTriggered_BookmarkIsAdded_CorrectFileIsReceivedInEventHandler" />
    </UnitTest>
    <UnitTest name="TimeoutEventTriggered_BookmarkIsAdded_AddedBookmarkIsReceivedInEventHandler" storage="f:\etwork\bin\tests\unittests.icore.workflow.activities.dll" id="1f28cea5-6325-8994-9db5-6ebf436d7f0c">
      <Execution id="225ad8ed-7048-4085-9338-30ff17315d22" />
      <TestMethod codeBase="F:\ETWork\bin\Tests\UnitTests.iCore.Workflow.Activities.dll" adapterTypeName="Microsoft.VisualStudio.TestTools.TestTypes.Unit.UnitTestAdapter" className="UnitTests.iCore.Workflow.Activities.Filesystem.Extensions.FileReaderProviderTests" name="TimeoutEventTriggered_BookmarkIsAdded_AddedBookmarkIsReceivedInEventHandler" />
    </UnitTest>
    <UnitTest name="TimeoutEventTriggered_BookmarkIsAdded_TimeoutExceptionIsReceivedInEventHandler" storage="f:\etwork\bin\tests\unittests.icore.workflow.activities.dll" id="7caca34a-ccfd-18ee-683a-0c3cb851bd1c">
      <Execution id="9f302a9e-2be2-482d-8599-79782ac507ac" />
      <TestMethod codeBase="F:\ETWork\bin\Tests\UnitTests.iCore.Workflow.Activities.dll" adapterTypeName="Microsoft.VisualStudio.TestTools.TestTypes.Unit.UnitTestAdapter" className="UnitTests.iCore.Workflow.Activities.Filesystem.Extensions.FileReaderProviderTests" name="TimeoutEventTriggered_BookmarkIsAdded_TimeoutExceptionIsReceivedInEventHandler" />
    </UnitTest>
    <UnitTest name="EventTriggered_BookmarksAdded_AddedBookmarksAreReceivedAsFIFO" storage="f:\etwork\bin\tests\unittests.icore.workflow.activities.dll" id="55d7fead-2ce5-2feb-3d95-2cf2a5114a09">
      <Execution id="b7bc5e34-b27f-4420-b9c2-d8d2c28b7fe2" />
      <TestMethod codeBase="F:\ETWork\bin\Tests\UnitTests.iCore.Workflow.Activities.dll" adapterTypeName="Microsoft.VisualStudio.TestTools.TestTypes.Unit.UnitTestAdapter" className="UnitTests.iCore.Workflow.Activities.Filesystem.Extensions.FileReaderProviderTests" name="EventTriggered_BookmarksAdded_AddedBookmarksAreReceivedAsFIFO" />
    </UnitTest>
    <UnitTest name="EventTriggered_TwoBookmarksAdded_ProviderDoReactivate" storage="f:\etwork\bin\tests\unittests.icore.workflow.activities.dll" id="49d9e59b-cc44-5102-beb4-92e90c3d4ff3">
      <Execution id="db7cedc5-c090-4404-b97f-f25cc9d83e5b" />
      <TestMethod codeBase="F:\ETWork\bin\Tests\UnitTests.iCore.Workflow.Activities.dll" adapterTypeName="Microsoft.VisualStudio.TestTools.TestTypes.Unit.UnitTestAdapter" className="UnitTests.iCore.Workflow.Activities.Filesystem.Extensions.FileReaderProviderTests" name="EventTriggered_TwoBookmarksAdded_ProviderDoReactivate" />
    </UnitTest>
    <UnitTest name="EventTriggered_OneBookmarkAdded_ProviderDoNotReactivate" storage="f:\etwork\bin\tests\unittests.icore.workflow.activities.dll" id="48b896a8-7910-46ab-1e26-548969d5bfb1">
      <Execution id="270e5198-08e2-444b-88af-1693a9558409" />
      <TestMethod codeBase="F:\ETWork\bin\Tests\UnitTests.iCore.Workflow.Activities.dll" adapterTypeName="Microsoft.VisualStudio.TestTools.TestTypes.Unit.UnitTestAdapter" className="UnitTests.iCore.Workflow.Activities.Filesystem.Extensions.FileReaderProviderTests" name="EventTriggered_OneBookmarkAdded_ProviderDoNotReactivate" />
    </UnitTest>
    <UnitTest name="Invoke_CapacityNotSet_DefaultValueIsZero" storage="f:\etwork\bin\tests\unittests.icore.workflow.activities.dll" id="9469c52a-6f74-65b5-4517-4b0ab38a4159">
      <Execution id="6cf07f7c-927e-4100-9e5a-4e38c7f8d32a" />
      <TestMethod codeBase="F:\ETWork\bin\Tests\UnitTests.iCore.Workflow.Activities.dll" adapterTypeName="Microsoft.VisualStudio.TestTools.TestTypes.Unit.UnitTestAdapter" className="Tests.iCore.Workflow.Activities.Streams.CreateMemoryStreamActivityTests" name="Invoke_CapacityNotSet_DefaultValueIsZero" />
    </UnitTest>
    <UnitTest name="Invoke_CapacityNotSet_CorrectStreamTypeReturned" storage="f:\etwork\bin\tests\unittests.icore.workflow.activities.dll" id="bab2b563-224e-0017-ba73-2c5153fcf6c9">
      <Execution id="66ae7769-8660-44fe-be16-a6a2e88134d7" />
      <TestMethod codeBase="F:\ETWork\bin\Tests\UnitTests.iCore.Workflow.Activities.dll" adapterTypeName="Microsoft.VisualStudio.TestTools.TestTypes.Unit.UnitTestAdapter" className="Tests.iCore.Workflow.Activities.Streams.CreateMemoryStreamActivityTests" name="Invoke_CapacityNotSet_CorrectStreamTypeReturned" />
    </UnitTest>
    <UnitTest name="Invoke_CapacityNotSet_StreamIsReturned" storage="f:\etwork\bin\tests\unittests.icore.workflow.activities.dll" id="c3fec1a5-54aa-8d41-cdfa-2bf2fefcb60d">
      <Execution id="f04fbed9-1aa0-4275-bd88-65a4759be00f" />
      <TestMethod codeBase="F:\ETWork\bin\Tests\UnitTests.iCore.Workflow.Activities.dll" adapterTypeName="Microsoft.VisualStudio.TestTools.TestTypes.Unit.UnitTestAdapter" className="Tests.iCore.Workflow.Activities.Streams.CreateMemoryStreamActivityTests" name="Invoke_CapacityNotSet_StreamIsReturned" />
    </UnitTest>
    <UnitTest name="Invoke_CapacitySet_ReturnStreamHasCorrectCapacity" storage="f:\etwork\bin\tests\unittests.icore.workflow.activities.dll" id="63f3d79b-108c-5e18-4886-adac6addd714">
      <Execution id="0936f406-1f7e-4299-8ba2-600d4375286e" />
      <TestMethod codeBase="F:\ETWork\bin\Tests\UnitTests.iCore.Workflow.Activities.dll" adapterTypeName="Microsoft.VisualStudio.TestTools.TestTypes.Unit.UnitTestAdapter" className="Tests.iCore.Workflow.Activities.Streams.CreateMemoryStreamActivityTests" name="Invoke_CapacitySet_ReturnStreamHasCorrectCapacity" />
    </UnitTest>
    <UnitTest name="Invoke_CapacityIsNegative_ArgumentOutOfRangeException" storage="f:\etwork\bin\tests\unittests.icore.workflow.activities.dll" id="75eb0641-977d-7e01-40d0-5658b20cddbb">
      <Execution id="3b9c3218-966f-4090-87dd-ce66b4eb21ce" />
      <TestMethod codeBase="F:\ETWork\bin\Tests\UnitTests.iCore.Workflow.Activities.dll" adapterTypeName="Microsoft.VisualStudio.TestTools.TestTypes.Unit.UnitTestAdapter" className="Tests.iCore.Workflow.Activities.Streams.CreateMemoryStreamActivityTests" name="Invoke_CapacityIsNegative_ArgumentOutOfRangeException" />
    </UnitTest>
    <UnitTest name="Invoke_PositiveOffsetOriginIsBegin_CorrectStreamPositionReturned" storage="f:\etwork\bin\tests\unittests.icore.workflow.activities.dll" id="34c4059f-3465-12b4-d3fc-b9b70a21dec3">
      <Execution id="f612a056-552f-4edf-9c94-90fc9e2617be" />
      <TestMethod codeBase="F:\ETWork\bin\Tests\UnitTests.iCore.Workflow.Activities.dll" adapterTypeName="Microsoft.VisualStudio.TestTools.TestTypes.Unit.UnitTestAdapter" className="Tests.iCore.Workflow.Activities.Streams.MoveStreamPositionActivityTests" name="Invoke_PositiveOffsetOriginIsBegin_CorrectStreamPositionReturned" />
    </UnitTest>
    <UnitTest name="Invoke_NegativeOffsetOriginIsCurrent_CorrectStreamPositionReturned" storage="f:\etwork\bin\tests\unittests.icore.workflow.activities.dll" id="9d17793f-de62-f96f-f56c-6efb6a646b3a">
      <Execution id="4524356c-1d20-49e6-a52f-dcf5b7560203" />
      <TestMethod codeBase="F:\ETWork\bin\Tests\UnitTests.iCore.Workflow.Activities.dll" adapterTypeName="Microsoft.VisualStudio.TestTools.TestTypes.Unit.UnitTestAdapter" className="Tests.iCore.Workflow.Activities.Streams.MoveStreamPositionActivityTests" name="Invoke_NegativeOffsetOriginIsCurrent_CorrectStreamPositionReturned" />
    </UnitTest>
    <UnitTest name="Invoke_OffsetAfterStreamEnd_SuccessPositionIsLast" storage="f:\etwork\bin\tests\unittests.icore.workflow.activities.dll" id="bc601bf9-c7b4-7722-663c-60fed1c3d0ba">
      <Execution id="10708d7a-e96d-4aee-8675-3d7824eb6e02" />
      <TestMethod codeBase="F:\ETWork\bin\Tests\UnitTests.iCore.Workflow.Activities.dll" adapterTypeName="Microsoft.VisualStudio.TestTools.TestTypes.Unit.UnitTestAdapter" className="Tests.iCore.Workflow.Activities.Streams.MoveStreamPositionActivityTests" name="Invoke_OffsetAfterStreamEnd_SuccessPositionIsLast" />
    </UnitTest>
    <UnitTest name="Invoke_OffsetBeforeStreamBeginning_ThrowsIOException" storage="f:\etwork\bin\tests\unittests.icore.workflow.activities.dll" id="4e2a779b-4b7c-9ce0-9f58-e320071d2b0a">
      <Execution id="56a18021-6c18-456b-ac15-1f0179a2da19" />
      <TestMethod codeBase="F:\ETWork\bin\Tests\UnitTests.iCore.Workflow.Activities.dll" adapterTypeName="Microsoft.VisualStudio.TestTools.TestTypes.Unit.UnitTestAdapter" className="Tests.iCore.Workflow.Activities.Streams.MoveStreamPositionActivityTests" name="Invoke_OffsetBeforeStreamBeginning_ThrowsIOException" />
    </UnitTest>
    <UnitTest name="Invoke_RequiredArgumentsMissing_ThrowsArgumentException" storage="f:\etwork\bin\tests\unittests.icore.workflow.activities.dll" id="bd88089a-931a-f5f9-c65b-c1f9b1efadee">
      <Execution id="4b7b1621-e2b7-4fa5-a2c6-f89051337e5b" />
      <TestMethod codeBase="F:\ETWork\bin\Tests\UnitTests.iCore.Workflow.Activities.dll" adapterTypeName="Microsoft.VisualStudio.TestTools.TestTypes.Unit.UnitTestAdapter" className="Tests.iCore.Workflow.Activities.Streams.MoveStreamPositionActivityTests" name="Invoke_RequiredArgumentsMissing_ThrowsArgumentException" />
    </UnitTest>
    <UnitTest name="Invoke_NonSeekableStream_ThrowsNotSupportedException" storage="f:\etwork\bin\tests\unittests.icore.workflow.activities.dll" id="5f8d96c0-3b46-ff6f-7cad-ffece34aecf9">
      <Execution id="fd25011f-09a0-4d19-8af5-fe639a1e3ada" />
      <TestMethod codeBase="F:\ETWork\bin\Tests\UnitTests.iCore.Workflow.Activities.dll" adapterTypeName="Microsoft.VisualStudio.TestTools.TestTypes.Unit.UnitTestAdapter" className="Tests.iCore.Workflow.Activities.Streams.MoveStreamPositionActivityTests" name="Invoke_NonSeekableStream_ThrowsNotSupportedException" />
    </UnitTest>
    <UnitTest name="Invoke_ValidArgs_CorrectStringReturned" storage="f:\etwork\bin\tests\unittests.icore.workflow.activities.dll" id="88042cc5-05e9-8595-72d1-a607d22f75cd">
      <Execution id="469d289b-408d-4c32-a7cd-942464b6fa18" />
      <TestMethod codeBase="F:\ETWork\bin\Tests\UnitTests.iCore.Workflow.Activities.dll" adapterTypeName="Microsoft.VisualStudio.TestTools.TestTypes.Unit.UnitTestAdapter" className="Tests.iCore.Workflow.Activities.Streams.ReadTextActivityTests" name="Invoke_ValidArgs_CorrectStringReturned" />
    </UnitTest>
    <UnitTest name="Invoke_ValidArgs_VerifyExecution" storage="f:\etwork\bin\tests\unittests.icore.workflow.activities.dll" id="c45e6df7-5e3f-6ee4-69b5-1be5b2a3a8de">
      <Execution id="21e4497c-ff5a-42d1-91ee-e444d2964472" />
      <TestMethod codeBase="F:\ETWork\bin\Tests\UnitTests.iCore.Workflow.Activities.dll" adapterTypeName="Microsoft.VisualStudio.TestTools.TestTypes.Unit.UnitTestAdapter" className="Tests.iCore.Workflow.Activities.Streams.ReadTextActivityTests" name="Invoke_ValidArgs_VerifyExecution" />
    </UnitTest>
    <UnitTest name="Invoke_ValidArgs_ReturnsCorrectNumberOfBytesRead" storage="f:\etwork\bin\tests\unittests.icore.workflow.activities.dll" id="eb35c9ef-1408-d8fc-a3c4-595a572fd89c">
      <Execution id="c7ab0bc5-a551-430e-9c9b-9ffeb541b75a" />
      <TestMethod codeBase="F:\ETWork\bin\Tests\UnitTests.iCore.Workflow.Activities.dll" adapterTypeName="Microsoft.VisualStudio.TestTools.TestTypes.Unit.UnitTestAdapter" className="Tests.iCore.Workflow.Activities.Streams.ReadTextActivityTests" name="Invoke_ValidArgs_ReturnsCorrectNumberOfBytesRead" />
    </UnitTest>
    <UnitTest name="Invoke_ReadLessCharsThanStreamHas_CorrectStringReturned" storage="f:\etwork\bin\tests\unittests.icore.workflow.activities.dll" id="5d184c73-de41-5b98-ab81-5097756a5041">
      <Execution id="0af58b80-c9b6-4234-8bd8-60623eb5c7f6" />
      <TestMethod codeBase="F:\ETWork\bin\Tests\UnitTests.iCore.Workflow.Activities.dll" adapterTypeName="Microsoft.VisualStudio.TestTools.TestTypes.Unit.UnitTestAdapter" className="Tests.iCore.Workflow.Activities.Streams.ReadTextActivityTests" name="Invoke_ReadLessCharsThanStreamHas_CorrectStringReturned" />
    </UnitTest>
    <UnitTest name="Invoke_ReadCharsLessThanZero_ArgumentOutOfRangeException" storage="f:\etwork\bin\tests\unittests.icore.workflow.activities.dll" id="b0b0356a-9f3b-27d3-7401-72a2add70a05">
      <Execution id="4a1fa121-2b89-4123-ad08-e3e831895c8b" />
      <TestMethod codeBase="F:\ETWork\bin\Tests\UnitTests.iCore.Workflow.Activities.dll" adapterTypeName="Microsoft.VisualStudio.TestTools.TestTypes.Unit.UnitTestAdapter" className="Tests.iCore.Workflow.Activities.Streams.ReadTextActivityTests" name="Invoke_ReadCharsLessThanZero_ArgumentOutOfRangeException" />
    </UnitTest>
    <UnitTest name="Invoke_StreamIsNull_ArgumentNullException" storage="f:\etwork\bin\tests\unittests.icore.workflow.activities.dll" id="deb21dd2-442b-64e1-9de9-e5b63378fc1e">
      <Execution id="40950852-2edf-47d2-89d7-dfb23d43d8a3" />
      <TestMethod codeBase="F:\ETWork\bin\Tests\UnitTests.iCore.Workflow.Activities.dll" adapterTypeName="Microsoft.VisualStudio.TestTools.TestTypes.Unit.UnitTestAdapter" className="Tests.iCore.Workflow.Activities.Streams.ReadTextActivityTests" name="Invoke_StreamIsNull_ArgumentNullException" />
    </UnitTest>
    <UnitTest name="Invoke_EncodingIsNull_ArgumentNullException" storage="f:\etwork\bin\tests\unittests.icore.workflow.activities.dll" id="b6bc5874-5137-d68a-5e91-dfd0f4ccecd1">
      <Execution id="23d3637c-6f1d-4152-bd08-5ace656fa355" />
      <TestMethod codeBase="F:\ETWork\bin\Tests\UnitTests.iCore.Workflow.Activities.dll" adapterTypeName="Microsoft.VisualStudio.TestTools.TestTypes.Unit.UnitTestAdapter" className="Tests.iCore.Workflow.Activities.Streams.ReadTextActivityTests" name="Invoke_EncodingIsNull_ArgumentNullException" />
    </UnitTest>
    <UnitTest name="Invoke_HostCanceled_ActivityCanceled" storage="f:\etwork\bin\tests\unittests.icore.workflow.activities.dll" id="f97d71a3-06c9-6d02-711f-efe8a226eb5f">
      <Execution id="e5b36e56-2395-4edc-a435-e5152cb447fc" />
      <TestMethod codeBase="F:\ETWork\bin\Tests\UnitTests.iCore.Workflow.Activities.dll" adapterTypeName="Microsoft.VisualStudio.TestTools.TestTypes.Unit.UnitTestAdapter" className="Tests.iCore.Workflow.Activities.Streams.ReadTextActivityTests" name="Invoke_HostCanceled_ActivityCanceled" />
    </UnitTest>
    <UnitTest name="Invoke_NormalExecution_Success" storage="f:\etwork\bin\tests\unittests.icore.workflow.activities.dll" id="5074d8f6-9e2d-8483-e74b-19d676bedc34">
      <Execution id="954c1bb3-2ad0-437c-a1c7-32e12c558dc0" />
      <TestMethod codeBase="F:\ETWork\bin\Tests\UnitTests.iCore.Workflow.Activities.dll" adapterTypeName="Microsoft.VisualStudio.TestTools.TestTypes.Unit.UnitTestAdapter" className="UnitTest.iCore.Workflow.Activities.DeleteFileActivityTests" name="Invoke_NormalExecution_Success" />
    </UnitTest>
    <UnitTest name="Invoke_RequiredInArgumentIsMissing_UnhandledArgumentException" storage="f:\etwork\bin\tests\unittests.icore.workflow.activities.dll" id="0bb6d979-e575-ea88-f5e1-2002fd80b7a4">
      <Execution id="1d25a049-3ff0-41a0-b7a5-3889815aa1a6" />
      <TestMethod codeBase="F:\ETWork\bin\Tests\UnitTests.iCore.Workflow.Activities.dll" adapterTypeName="Microsoft.VisualStudio.TestTools.TestTypes.Unit.UnitTestAdapter" className="UnitTest.iCore.Workflow.Activities.DeleteFileActivityTests" name="Invoke_RequiredInArgumentIsMissing_UnhandledArgumentException" />
    </UnitTest>
    <UnitTest name="Invoke_RequiredServiceIFileSystemServiceIsMissing_ThrowsActivationException" storage="f:\etwork\bin\tests\unittests.icore.workflow.activities.dll" id="67d91e1d-aebd-9f90-65d9-4bb622257a47">
      <Execution id="48855005-d74d-47b7-b1ab-6d1b430d0c86" />
      <TestMethod codeBase="F:\ETWork\bin\Tests\UnitTests.iCore.Workflow.Activities.dll" adapterTypeName="Microsoft.VisualStudio.TestTools.TestTypes.Unit.UnitTestAdapter" className="UnitTest.iCore.Workflow.Activities.DeleteFileActivityTests" name="Invoke_RequiredServiceIFileSystemServiceIsMissing_ThrowsActivationException" />
    </UnitTest>
    <UnitTest name="Invoke_BadFilename_UnhandledArgumentException" storage="f:\etwork\bin\tests\unittests.icore.workflow.activities.dll" id="1d78cf67-053c-9324-c408-47029c71abf5">
      <Execution id="219763ef-2214-41d7-9212-18105ea556a9" />
      <TestMethod codeBase="F:\ETWork\bin\Tests\UnitTests.iCore.Workflow.Activities.dll" adapterTypeName="Microsoft.VisualStudio.TestTools.TestTypes.Unit.UnitTestAdapter" className="UnitTest.iCore.Workflow.Activities.DeleteFileActivityTests" name="Invoke_BadFilename_UnhandledArgumentException" />
    </UnitTest>
    <UnitTest name="Invoke_DeleteFileFaults_ThrowsTestException" storage="f:\etwork\bin\tests\unittests.icore.workflow.activities.dll" id="82c5ad21-c310-e5d4-e588-e772d8334aea">
      <Execution id="4dc3ec2c-3959-4777-821e-fde1e3b623ba" />
      <TestMethod codeBase="F:\ETWork\bin\Tests\UnitTests.iCore.Workflow.Activities.dll" adapterTypeName="Microsoft.VisualStudio.TestTools.TestTypes.Unit.UnitTestAdapter" className="UnitTest.iCore.Workflow.Activities.DeleteFileActivityTests" name="Invoke_DeleteFileFaults_ThrowsTestException" />
    </UnitTest>
    <UnitTest name="Invoke_DependencyThrowsOutOfMemoryException_ThrowsFatalException" storage="f:\etwork\bin\tests\unittests.icore.workflow.activities.dll" id="3e9cabd9-a40e-58eb-4cda-4ed79c673436">
      <Execution id="c2b25335-f385-41e3-9e04-f675ea6adf18" />
      <TestMethod codeBase="F:\ETWork\bin\Tests\UnitTests.iCore.Workflow.Activities.dll" adapterTypeName="Microsoft.VisualStudio.TestTools.TestTypes.Unit.UnitTestAdapter" className="UnitTest.iCore.Workflow.Activities.DeleteFileActivityTests" name="Invoke_DependencyThrowsOutOfMemoryException_ThrowsFatalException" />
    </UnitTest>
    <UnitTest name="Invoke_NormalExecution_Success" storage="f:\etwork\bin\tests\unittests.icore.workflow.activities.dll" id="5a04b9ca-f027-6b70-f93b-ff56f16e149c">
      <Execution id="089061ce-0278-4ec4-8434-7f12743b5eb3" />
      <TestMethod codeBase="F:\ETWork\bin\Tests\UnitTests.iCore.Workflow.Activities.dll" adapterTypeName="Microsoft.VisualStudio.TestTools.TestTypes.Unit.UnitTestAdapter" className="UnitTest.iCore.Workflow.Activities.RenameFileActivityTests" name="Invoke_NormalExecution_Success" />
    </UnitTest>
    <UnitTest name="Invoke_OldFilenameArgumentIsMissing_UnhandledArgumentException" storage="f:\etwork\bin\tests\unittests.icore.workflow.activities.dll" id="6adcadc0-febb-305e-ba5a-565c7d33b22f">
      <Execution id="23518cfe-de11-4427-9380-433ed12a50cf" />
      <TestMethod codeBase="F:\ETWork\bin\Tests\UnitTests.iCore.Workflow.Activities.dll" adapterTypeName="Microsoft.VisualStudio.TestTools.TestTypes.Unit.UnitTestAdapter" className="UnitTest.iCore.Workflow.Activities.RenameFileActivityTests" name="Invoke_OldFilenameArgumentIsMissing_UnhandledArgumentException" />
    </UnitTest>
    <UnitTest name="Invoke_NewFilenameArgumentIsMissing_UnhandledArgumentException" storage="f:\etwork\bin\tests\unittests.icore.workflow.activities.dll" id="14243cf7-e546-9b3e-4553-8d5780dcfc2b">
      <Execution id="0563b793-14e4-4c48-b515-e6925a16455f" />
      <TestMethod codeBase="F:\ETWork\bin\Tests\UnitTests.iCore.Workflow.Activities.dll" adapterTypeName="Microsoft.VisualStudio.TestTools.TestTypes.Unit.UnitTestAdapter" className="UnitTest.iCore.Workflow.Activities.RenameFileActivityTests" name="Invoke_NewFilenameArgumentIsMissing_UnhandledArgumentException" />
    </UnitTest>
    <UnitTest name="Invoke_RequiredServiceIFileSystemServiceIsMissing_ThrowsActivationException" storage="f:\etwork\bin\tests\unittests.icore.workflow.activities.dll" id="49fb7c78-49ef-9f54-0a33-ff6b8598fbd4">
      <Execution id="9099dcf9-1f3d-4123-a2d2-0d00f48c399a" />
      <TestMethod codeBase="F:\ETWork\bin\Tests\UnitTests.iCore.Workflow.Activities.dll" adapterTypeName="Microsoft.VisualStudio.TestTools.TestTypes.Unit.UnitTestAdapter" className="UnitTest.iCore.Workflow.Activities.RenameFileActivityTests" name="Invoke_RequiredServiceIFileSystemServiceIsMissing_ThrowsActivationException" />
    </UnitTest>
    <UnitTest name="Invoke_BadFilenames_UnhandledArgumentException" storage="f:\etwork\bin\tests\unittests.icore.workflow.activities.dll" id="00cb8e3e-fb27-cdda-b590-ca78fbc3dd18">
      <Execution id="67b80698-ffdc-4228-bd8c-79cad19ca27f" />
      <TestMethod codeBase="F:\ETWork\bin\Tests\UnitTests.iCore.Workflow.Activities.dll" adapterTypeName="Microsoft.VisualStudio.TestTools.TestTypes.Unit.UnitTestAdapter" className="UnitTest.iCore.Workflow.Activities.RenameFileActivityTests" name="Invoke_BadFilenames_UnhandledArgumentException" />
    </UnitTest>
    <UnitTest name="Invoke_BadOldFilename_UnhandledArgumentException" storage="f:\etwork\bin\tests\unittests.icore.workflow.activities.dll" id="da574603-cd3f-42df-e56c-522cc0edffef">
      <Execution id="4e2a6402-dac8-4a7c-8f98-fb8003216c87" />
      <TestMethod codeBase="F:\ETWork\bin\Tests\UnitTests.iCore.Workflow.Activities.dll" adapterTypeName="Microsoft.VisualStudio.TestTools.TestTypes.Unit.UnitTestAdapter" className="UnitTest.iCore.Workflow.Activities.RenameFileActivityTests" name="Invoke_BadOldFilename_UnhandledArgumentException" />
    </UnitTest>
    <UnitTest name="Invoke_BadNewFilename_UnhandledArgumentException" storage="f:\etwork\bin\tests\unittests.icore.workflow.activities.dll" id="2f084ac6-acb8-d976-9aa6-8f39ce8713dd">
      <Execution id="8621ddec-ea47-497e-a134-d209cc7a1095" />
      <TestMethod codeBase="F:\ETWork\bin\Tests\UnitTests.iCore.Workflow.Activities.dll" adapterTypeName="Microsoft.VisualStudio.TestTools.TestTypes.Unit.UnitTestAdapter" className="UnitTest.iCore.Workflow.Activities.RenameFileActivityTests" name="Invoke_BadNewFilename_UnhandledArgumentException" />
    </UnitTest>
    <UnitTest name="Invoke_AsyncTaskFaults_ThrowsTestException" storage="f:\etwork\bin\tests\unittests.icore.workflow.activities.dll" id="c689718f-e0dd-efe4-af27-b558d50610cb">
      <Execution id="5d38ef06-c733-458a-90a6-8ecb32dbea27" />
      <TestMethod codeBase="F:\ETWork\bin\Tests\UnitTests.iCore.Workflow.Activities.dll" adapterTypeName="Microsoft.VisualStudio.TestTools.TestTypes.Unit.UnitTestAdapter" className="UnitTest.iCore.Workflow.Activities.RenameFileActivityTests" name="Invoke_AsyncTaskFaults_ThrowsTestException" />
    </UnitTest>
    <UnitTest name="Invoke_AsyncTaskCancelled_Success" storage="f:\etwork\bin\tests\unittests.icore.workflow.activities.dll" id="a8ae8f4c-4064-c464-8b76-d815652a495a">
      <Execution id="4b5b502d-c6c3-4615-9db6-17bc822ddada" />
      <TestMethod codeBase="F:\ETWork\bin\Tests\UnitTests.iCore.Workflow.Activities.dll" adapterTypeName="Microsoft.VisualStudio.TestTools.TestTypes.Unit.UnitTestAdapter" className="UnitTest.iCore.Workflow.Activities.RenameFileActivityTests" name="Invoke_AsyncTaskCancelled_Success" />
    </UnitTest>
    <UnitTest name="Invoke_DependencyThrowsOutOfMemoryException_ThrowsFatalException" storage="f:\etwork\bin\tests\unittests.icore.workflow.activities.dll" id="3b9a58aa-4976-ce9a-a6bf-210d5d6c805f">
      <Execution id="61c80887-46fb-4485-be00-02e823294956" />
      <TestMethod codeBase="F:\ETWork\bin\Tests\UnitTests.iCore.Workflow.Activities.dll" adapterTypeName="Microsoft.VisualStudio.TestTools.TestTypes.Unit.UnitTestAdapter" className="UnitTest.iCore.Workflow.Activities.RenameFileActivityTests" name="Invoke_DependencyThrowsOutOfMemoryException_ThrowsFatalException" />
    </UnitTest>
    <UnitTest name="Invoke_NormalExecution_Success" storage="f:\etwork\bin\tests\unittests.icore.workflow.activities.dll" id="2ea34cdc-b49d-31a4-fb2f-58e021d19915">
      <Execution id="77a7e201-3a28-467a-881b-bb834d93e347" />
      <TestMethod codeBase="F:\ETWork\bin\Tests\UnitTests.iCore.Workflow.Activities.dll" adapterTypeName="Microsoft.VisualStudio.TestTools.TestTypes.Unit.UnitTestAdapter" className="UnitTest.iCore.Workflow.Activities.CleanupTrackingActivityTests" name="Invoke_NormalExecution_Success" />
    </UnitTest>
    <UnitTest name="Invoke_NullSummaryFile_Success" storage="f:\etwork\bin\tests\unittests.icore.workflow.activities.dll" id="ac5c3e91-7d0b-5f08-da83-8bdab215c78d">
      <Execution id="c8f7b35d-6237-4652-ad7c-b8c744eac267" />
      <TestMethod codeBase="F:\ETWork\bin\Tests\UnitTests.iCore.Workflow.Activities.dll" adapterTypeName="Microsoft.VisualStudio.TestTools.TestTypes.Unit.UnitTestAdapter" className="UnitTest.iCore.Workflow.Activities.CleanupTrackingActivityTests" name="Invoke_NullSummaryFile_Success" />
    </UnitTest>
    <UnitTest name="Invoke_NoMinimumAge_ThrowsArgumentException" storage="f:\etwork\bin\tests\unittests.icore.workflow.activities.dll" id="b7ebd683-8bb4-1b65-5e0a-e14e2bc9afff">
      <Execution id="8169c85c-bf87-4fb6-8e1a-93dc022f89e4" />
      <TestMethod codeBase="F:\ETWork\bin\Tests\UnitTests.iCore.Workflow.Activities.dll" adapterTypeName="Microsoft.VisualStudio.TestTools.TestTypes.Unit.UnitTestAdapter" className="UnitTest.iCore.Workflow.Activities.CleanupTrackingActivityTests" name="Invoke_NoMinimumAge_ThrowsArgumentException" />
    </UnitTest>
    <UnitTest name="Invoke_NegativeMinimumAge_ThrowsArgumentException" storage="f:\etwork\bin\tests\unittests.icore.workflow.activities.dll" id="5d62d4ab-f47c-203b-5c7f-7d663efdf14b">
      <Execution id="315ba2c7-c1e0-4299-af31-2efa87f48f63" />
      <TestMethod codeBase="F:\ETWork\bin\Tests\UnitTests.iCore.Workflow.Activities.dll" adapterTypeName="Microsoft.VisualStudio.TestTools.TestTypes.Unit.UnitTestAdapter" className="UnitTest.iCore.Workflow.Activities.CleanupTrackingActivityTests" name="Invoke_NegativeMinimumAge_ThrowsArgumentException" />
    </UnitTest>
    <UnitTest name="Invoke_NoTargetBatchTime_ThrowsArgumentException" storage="f:\etwork\bin\tests\unittests.icore.workflow.activities.dll" id="c532230e-db42-e928-1016-76a67bef3989">
      <Execution id="4081c5db-aa89-4c75-8fa4-889d9524affe" />
      <TestMethod codeBase="F:\ETWork\bin\Tests\UnitTests.iCore.Workflow.Activities.dll" adapterTypeName="Microsoft.VisualStudio.TestTools.TestTypes.Unit.UnitTestAdapter" className="UnitTest.iCore.Workflow.Activities.CleanupTrackingActivityTests" name="Invoke_NoTargetBatchTime_ThrowsArgumentException" />
    </UnitTest>
    <UnitTest name="Invoke_NegativeTargetBatchTime_ThrowsArgumentException" storage="f:\etwork\bin\tests\unittests.icore.workflow.activities.dll" id="60213985-fbf5-0f74-570e-b848787186c3">
      <Execution id="4b26e807-e537-4638-a7f4-dcbbcb9d5e83" />
      <TestMethod codeBase="F:\ETWork\bin\Tests\UnitTests.iCore.Workflow.Activities.dll" adapterTypeName="Microsoft.VisualStudio.TestTools.TestTypes.Unit.UnitTestAdapter" className="UnitTest.iCore.Workflow.Activities.CleanupTrackingActivityTests" name="Invoke_NegativeTargetBatchTime_ThrowsArgumentException" />
    </UnitTest>
    <UnitTest name="Invoke_NoSoftMaxBatchTimeMinimumAge_ThrowsArgumentException" storage="f:\etwork\bin\tests\unittests.icore.workflow.activities.dll" id="2917d2b6-42cd-bf5f-85c5-bcb1ae97068c">
      <Execution id="912b527a-6b2e-4816-8e7f-d693c0aa36e8" />
      <TestMethod codeBase="F:\ETWork\bin\Tests\UnitTests.iCore.Workflow.Activities.dll" adapterTypeName="Microsoft.VisualStudio.TestTools.TestTypes.Unit.UnitTestAdapter" className="UnitTest.iCore.Workflow.Activities.CleanupTrackingActivityTests" name="Invoke_NoSoftMaxBatchTimeMinimumAge_ThrowsArgumentException" />
    </UnitTest>
    <UnitTest name="Invoke_NegativeSoftMaxBatchTime_ThrowsArgumentException" storage="f:\etwork\bin\tests\unittests.icore.workflow.activities.dll" id="d7e00f1b-07fb-02e4-088b-f689fcb7de9b">
      <Execution id="0955ce54-da45-45f0-8c82-cfef28370550" />
      <TestMethod codeBase="F:\ETWork\bin\Tests\UnitTests.iCore.Workflow.Activities.dll" adapterTypeName="Microsoft.VisualStudio.TestTools.TestTypes.Unit.UnitTestAdapter" className="UnitTest.iCore.Workflow.Activities.CleanupTrackingActivityTests" name="Invoke_NegativeSoftMaxBatchTime_ThrowsArgumentException" />
    </UnitTest>
    <UnitTest name="Invoke_NoHardMaxBatchTimeMinimumAge_ThrowsArgumentException" storage="f:\etwork\bin\tests\unittests.icore.workflow.activities.dll" id="5a1b0516-4b08-c419-27a9-2622cdd1b65a">
      <Execution id="078d4b5d-060a-4876-b119-9032a573aa1d" />
      <TestMethod codeBase="F:\ETWork\bin\Tests\UnitTests.iCore.Workflow.Activities.dll" adapterTypeName="Microsoft.VisualStudio.TestTools.TestTypes.Unit.UnitTestAdapter" className="UnitTest.iCore.Workflow.Activities.CleanupTrackingActivityTests" name="Invoke_NoHardMaxBatchTimeMinimumAge_ThrowsArgumentException" />
    </UnitTest>
    <UnitTest name="Invoke_NegativeHardMaxBatchTime_ThrowsArgumentException" storage="f:\etwork\bin\tests\unittests.icore.workflow.activities.dll" id="55665b68-c650-c65f-b87e-a686dfff28b5">
      <Execution id="fa933176-01bf-46bc-b3b0-c6be252d2347" />
      <TestMethod codeBase="F:\ETWork\bin\Tests\UnitTests.iCore.Workflow.Activities.dll" adapterTypeName="Microsoft.VisualStudio.TestTools.TestTypes.Unit.UnitTestAdapter" className="UnitTest.iCore.Workflow.Activities.CleanupTrackingActivityTests" name="Invoke_NegativeHardMaxBatchTime_ThrowsArgumentException" />
    </UnitTest>
    <UnitTest name="Invoke_NoSummaryFile_Success" storage="f:\etwork\bin\tests\unittests.icore.workflow.activities.dll" id="15f4d5dd-44b6-0390-120b-94a3ebf9646a">
      <Execution id="5f50d5cb-6faf-4384-a7c4-3a667144f084" />
      <TestMethod codeBase="F:\ETWork\bin\Tests\UnitTests.iCore.Workflow.Activities.dll" adapterTypeName="Microsoft.VisualStudio.TestTools.TestTypes.Unit.UnitTestAdapter" className="UnitTest.iCore.Workflow.Activities.CleanupTrackingActivityTests" name="Invoke_NoSummaryFile_Success" />
    </UnitTest>
    <UnitTest name="Invoke_NoDelayBetweenBatchesMinimumAge_SuceedsWithZeroDelayBetweenBatches" storage="f:\etwork\bin\tests\unittests.icore.workflow.activities.dll" id="9d9cfab6-f564-8645-d481-bb99e1dc3df9">
      <Execution id="33a8c4f7-2dd9-48b3-a143-64724b10b6cb" />
      <TestMethod codeBase="F:\ETWork\bin\Tests\UnitTests.iCore.Workflow.Activities.dll" adapterTypeName="Microsoft.VisualStudio.TestTools.TestTypes.Unit.UnitTestAdapter" className="UnitTest.iCore.Workflow.Activities.CleanupTrackingActivityTests" name="Invoke_NoDelayBetweenBatchesMinimumAge_SuceedsWithZeroDelayBetweenBatches" />
    </UnitTest>
    <UnitTest name="Invoke_NegativeDelayBetweenBatches_ThrowsArgumentException" storage="f:\etwork\bin\tests\unittests.icore.workflow.activities.dll" id="68f752cd-47b5-e74c-86ae-b2e7c5afa236">
      <Execution id="90f302f4-d24e-49e7-8797-065dae7782f0" />
      <TestMethod codeBase="F:\ETWork\bin\Tests\UnitTests.iCore.Workflow.Activities.dll" adapterTypeName="Microsoft.VisualStudio.TestTools.TestTypes.Unit.UnitTestAdapter" className="UnitTest.iCore.Workflow.Activities.CleanupTrackingActivityTests" name="Invoke_NegativeDelayBetweenBatches_ThrowsArgumentException" />
    </UnitTest>
    <UnitTest name="Invoke_NoDatabaseReconnectionTimeoutMinimumAge_ThrowsArgumentException" storage="f:\etwork\bin\tests\unittests.icore.workflow.activities.dll" id="0f881ce0-39fa-7ebc-414a-56287c183a5e">
      <Execution id="9a56b313-d944-4781-86dd-19a9f6886405" />
      <TestMethod codeBase="F:\ETWork\bin\Tests\UnitTests.iCore.Workflow.Activities.dll" adapterTypeName="Microsoft.VisualStudio.TestTools.TestTypes.Unit.UnitTestAdapter" className="UnitTest.iCore.Workflow.Activities.CleanupTrackingActivityTests" name="Invoke_NoDatabaseReconnectionTimeoutMinimumAge_ThrowsArgumentException" />
    </UnitTest>
    <UnitTest name="Invoke_NegativeDatabaseReconnectionTimeout_ThrowsArgumentException" storage="f:\etwork\bin\tests\unittests.icore.workflow.activities.dll" id="f416783c-8bea-6002-9704-ff86e9541e82">
      <Execution id="6586a5db-94ea-4d30-8482-f2adc6f6d657" />
      <TestMethod codeBase="F:\ETWork\bin\Tests\UnitTests.iCore.Workflow.Activities.dll" adapterTypeName="Microsoft.VisualStudio.TestTools.TestTypes.Unit.UnitTestAdapter" className="UnitTest.iCore.Workflow.Activities.CleanupTrackingActivityTests" name="Invoke_NegativeDatabaseReconnectionTimeout_ThrowsArgumentException" />
    </UnitTest>
    <UnitTest name="Invoke_DependencyThrowsOutOfMemoryException_ThrowsFatalException" storage="f:\etwork\bin\tests\unittests.icore.workflow.activities.dll" id="f40df6b8-ea7c-c0c5-d640-bdda8711808a">
      <Execution id="9c092eba-7811-4a56-9f40-e94adac9bdd2" />
      <TestMethod codeBase="F:\ETWork\bin\Tests\UnitTests.iCore.Workflow.Activities.dll" adapterTypeName="Microsoft.VisualStudio.TestTools.TestTypes.Unit.UnitTestAdapter" className="UnitTest.iCore.Workflow.Activities.CleanupTrackingActivityTests" name="Invoke_DependencyThrowsOutOfMemoryException_ThrowsFatalException" />
    </UnitTest>
    <UnitTest name="InvokeActivity_NormalExecution_Success" storage="f:\etwork\bin\tests\unittests.icore.workflow.activities.dll" id="9e5e2ab0-0a3b-bc94-a972-cd43bdec4a1b">
      <Execution id="6beb370a-fd08-4e04-b012-f48d11b9e813" />
      <TestMethod codeBase="F:\ETWork\bin\Tests\UnitTests.iCore.Workflow.Activities.dll" adapterTypeName="Microsoft.VisualStudio.TestTools.TestTypes.Unit.UnitTestAdapter" className="UnitTest.iCore.Workflow.Activities.SetPartnerAttributeValueActivityTest" name="InvokeActivity_NormalExecution_Success" />
    </UnitTest>
    <UnitTest name="InvokeActivity_ValueArgumentMissing_ThrowsException" storage="f:\etwork\bin\tests\unittests.icore.workflow.activities.dll" id="87e0db31-6d2a-cb01-0fe6-27ad96ffa3c8">
      <Execution id="a6dc252e-154c-43c5-8544-6866cd9b631f" />
      <TestMethod codeBase="F:\ETWork\bin\Tests\UnitTests.iCore.Workflow.Activities.dll" adapterTypeName="Microsoft.VisualStudio.TestTools.TestTypes.Unit.UnitTestAdapter" className="UnitTest.iCore.Workflow.Activities.SetPartnerAttributeValueActivityTest" name="InvokeActivity_ValueArgumentMissing_ThrowsException" />
    </UnitTest>
    <UnitTest name="InvokeActivity_AttributeIdArgumentMissing_ThrowsException" storage="f:\etwork\bin\tests\unittests.icore.workflow.activities.dll" id="1b6702ff-288d-199a-5618-1df80b8bb9af">
      <Execution id="fee3ca19-aad0-4cf1-8b2c-b151e45f3549" />
      <TestMethod codeBase="F:\ETWork\bin\Tests\UnitTests.iCore.Workflow.Activities.dll" adapterTypeName="Microsoft.VisualStudio.TestTools.TestTypes.Unit.UnitTestAdapter" className="UnitTest.iCore.Workflow.Activities.SetPartnerAttributeValueActivityTest" name="InvokeActivity_AttributeIdArgumentMissing_ThrowsException" />
    </UnitTest>
    <UnitTest name="InvokeActivity_PartnerIdArgumentMissing_ThrowsException" storage="f:\etwork\bin\tests\unittests.icore.workflow.activities.dll" id="3bf8ee87-69db-6012-aa8e-7f6c02a343a9">
      <Execution id="49a5dd2b-d52a-447d-92fe-94a1ebe9bccc" />
      <TestMethod codeBase="F:\ETWork\bin\Tests\UnitTests.iCore.Workflow.Activities.dll" adapterTypeName="Microsoft.VisualStudio.TestTools.TestTypes.Unit.UnitTestAdapter" className="UnitTest.iCore.Workflow.Activities.SetPartnerAttributeValueActivityTest" name="InvokeActivity_PartnerIdArgumentMissing_ThrowsException" />
    </UnitTest>
    <UnitTest name="InvokeActivity_AttributeIdEmptyGuid_ThrowsException" storage="f:\etwork\bin\tests\unittests.icore.workflow.activities.dll" id="331a4cdc-7398-5b44-3b1b-546fb875a865">
      <Execution id="67d68e34-625a-4b09-9ea3-033100d218d1" />
      <TestMethod codeBase="F:\ETWork\bin\Tests\UnitTests.iCore.Workflow.Activities.dll" adapterTypeName="Microsoft.VisualStudio.TestTools.TestTypes.Unit.UnitTestAdapter" className="UnitTest.iCore.Workflow.Activities.SetPartnerAttributeValueActivityTest" name="InvokeActivity_AttributeIdEmptyGuid_ThrowsException" />
    </UnitTest>
    <UnitTest name="InvokeActivity_AttributeIdNull_ThrowsException" storage="f:\etwork\bin\tests\unittests.icore.workflow.activities.dll" id="e620c7e4-c0b2-20e4-c6dc-242dc782b978">
      <Execution id="8037cb7e-c482-480e-9e92-0896033006c5" />
      <TestMethod codeBase="F:\ETWork\bin\Tests\UnitTests.iCore.Workflow.Activities.dll" adapterTypeName="Microsoft.VisualStudio.TestTools.TestTypes.Unit.UnitTestAdapter" className="UnitTest.iCore.Workflow.Activities.SetPartnerAttributeValueActivityTest" name="InvokeActivity_AttributeIdNull_ThrowsException" />
    </UnitTest>
    <UnitTest name="InvokeActivity_PartnerIdEmptyGuid_ThrowsException" storage="f:\etwork\bin\tests\unittests.icore.workflow.activities.dll" id="e82f3b1c-7755-6d77-32fc-3fe00c2c465d">
      <Execution id="b693db97-b080-419b-ac81-675678bda394" />
      <TestMethod codeBase="F:\ETWork\bin\Tests\UnitTests.iCore.Workflow.Activities.dll" adapterTypeName="Microsoft.VisualStudio.TestTools.TestTypes.Unit.UnitTestAdapter" className="UnitTest.iCore.Workflow.Activities.SetPartnerAttributeValueActivityTest" name="InvokeActivity_PartnerIdEmptyGuid_ThrowsException" />
    </UnitTest>
    <UnitTest name="InvokeActivity_PartnerIdNull_ThrowsException" storage="f:\etwork\bin\tests\unittests.icore.workflow.activities.dll" id="920762f5-1aa7-affc-892a-559ee28d62d9">
      <Execution id="5742cc2c-9b32-4ad1-a925-508272b0ad63" />
      <TestMethod codeBase="F:\ETWork\bin\Tests\UnitTests.iCore.Workflow.Activities.dll" adapterTypeName="Microsoft.VisualStudio.TestTools.TestTypes.Unit.UnitTestAdapter" className="UnitTest.iCore.Workflow.Activities.SetPartnerAttributeValueActivityTest" name="InvokeActivity_PartnerIdNull_ThrowsException" />
    </UnitTest>
    <UnitTest name="InvokeActivity_ValueNull_ThrowsException" storage="f:\etwork\bin\tests\unittests.icore.workflow.activities.dll" id="f889811e-3a7a-181e-782f-6623a2ec5509">
      <Execution id="08cacd7f-adab-4e6b-b152-57534b37e046" />
      <TestMethod codeBase="F:\ETWork\bin\Tests\UnitTests.iCore.Workflow.Activities.dll" adapterTypeName="Microsoft.VisualStudio.TestTools.TestTypes.Unit.UnitTestAdapter" className="UnitTest.iCore.Workflow.Activities.SetPartnerAttributeValueActivityTest" name="InvokeActivity_ValueNull_ThrowsException" />
    </UnitTest>
    <UnitTest name="InvokeActivity_NormalExecution_Success" storage="f:\etwork\bin\tests\unittests.icore.workflow.activities.dll" id="e1eed5af-0b19-fdc1-25e9-efe56be92bf4">
      <Execution id="7ffd5560-cab4-4ca6-ad9c-c907805ac959" />
      <TestMethod codeBase="F:\ETWork\bin\Tests\UnitTests.iCore.Workflow.Activities.dll" adapterTypeName="Microsoft.VisualStudio.TestTools.TestTypes.Unit.UnitTestAdapter" className="UnitTest.iCore.Workflow.Activities.SetSettingAttributeValueActivityTest" name="InvokeActivity_NormalExecution_Success" />
    </UnitTest>
    <UnitTest name="InvokeActivity_ValueArgumentMissing_ThrowsException" storage="f:\etwork\bin\tests\unittests.icore.workflow.activities.dll" id="05f7e4f1-b8d0-42a5-39d2-75f80bf35f3f">
      <Execution id="bcd9d03a-7287-475b-98d5-42f1271d088d" />
      <TestMethod codeBase="F:\ETWork\bin\Tests\UnitTests.iCore.Workflow.Activities.dll" adapterTypeName="Microsoft.VisualStudio.TestTools.TestTypes.Unit.UnitTestAdapter" className="UnitTest.iCore.Workflow.Activities.SetSettingAttributeValueActivityTest" name="InvokeActivity_ValueArgumentMissing_ThrowsException" />
    </UnitTest>
    <UnitTest name="InvokeActivity_AttributeIdArgumentMissing_ThrowsException" storage="f:\etwork\bin\tests\unittests.icore.workflow.activities.dll" id="7361bd74-a4c2-af90-c244-df2137e8d7b6">
      <Execution id="f036798f-49b3-4f9e-9a48-a604330ef3c8" />
      <TestMethod codeBase="F:\ETWork\bin\Tests\UnitTests.iCore.Workflow.Activities.dll" adapterTypeName="Microsoft.VisualStudio.TestTools.TestTypes.Unit.UnitTestAdapter" className="UnitTest.iCore.Workflow.Activities.SetSettingAttributeValueActivityTest" name="InvokeActivity_AttributeIdArgumentMissing_ThrowsException" />
    </UnitTest>
    <UnitTest name="InvokeActivity_SettingIdArgumentMissing_ThrowsException" storage="f:\etwork\bin\tests\unittests.icore.workflow.activities.dll" id="8418f462-78e4-8777-80b4-9ad7ce1358c8">
      <Execution id="63c41d89-0b71-4920-9009-186513b306a8" />
      <TestMethod codeBase="F:\ETWork\bin\Tests\UnitTests.iCore.Workflow.Activities.dll" adapterTypeName="Microsoft.VisualStudio.TestTools.TestTypes.Unit.UnitTestAdapter" className="UnitTest.iCore.Workflow.Activities.SetSettingAttributeValueActivityTest" name="InvokeActivity_SettingIdArgumentMissing_ThrowsException" />
    </UnitTest>
    <UnitTest name="InvokeActivity_AttributeIdEmptyGuid_ThrowsException" storage="f:\etwork\bin\tests\unittests.icore.workflow.activities.dll" id="05890098-d425-4504-4496-73741ad9b483">
      <Execution id="8b2bf47f-bb54-4556-bfb4-91ca983e7ada" />
      <TestMethod codeBase="F:\ETWork\bin\Tests\UnitTests.iCore.Workflow.Activities.dll" adapterTypeName="Microsoft.VisualStudio.TestTools.TestTypes.Unit.UnitTestAdapter" className="UnitTest.iCore.Workflow.Activities.SetSettingAttributeValueActivityTest" name="InvokeActivity_AttributeIdEmptyGuid_ThrowsException" />
    </UnitTest>
    <UnitTest name="InvokeActivity_AttributeIdNull_ThrowsException" storage="f:\etwork\bin\tests\unittests.icore.workflow.activities.dll" id="6be40574-11c6-26c5-98ef-8b11653326ae">
      <Execution id="d63a8493-7ca7-47b3-8070-676fd398ba7d" />
      <TestMethod codeBase="F:\ETWork\bin\Tests\UnitTests.iCore.Workflow.Activities.dll" adapterTypeName="Microsoft.VisualStudio.TestTools.TestTypes.Unit.UnitTestAdapter" className="UnitTest.iCore.Workflow.Activities.SetSettingAttributeValueActivityTest" name="InvokeActivity_AttributeIdNull_ThrowsException" />
    </UnitTest>
    <UnitTest name="InvokeActivity_SettingIdEmptyGuid_ThrowsException" storage="f:\etwork\bin\tests\unittests.icore.workflow.activities.dll" id="dc58f7e0-c6b4-c3ea-3db9-c6f7c5cbae85">
      <Execution id="25ce4ca8-24d3-4339-9dd4-480f6eddb9e5" />
      <TestMethod codeBase="F:\ETWork\bin\Tests\UnitTests.iCore.Workflow.Activities.dll" adapterTypeName="Microsoft.VisualStudio.TestTools.TestTypes.Unit.UnitTestAdapter" className="UnitTest.iCore.Workflow.Activities.SetSettingAttributeValueActivityTest" name="InvokeActivity_SettingIdEmptyGuid_ThrowsException" />
    </UnitTest>
    <UnitTest name="InvokeActivity_SettingIdNull_ThrowsException" storage="f:\etwork\bin\tests\unittests.icore.workflow.activities.dll" id="129a3b35-c9ae-882e-9c82-723e431680b4">
      <Execution id="989d2f6d-5d88-48f0-8547-e8cd10ac4584" />
      <TestMethod codeBase="F:\ETWork\bin\Tests\UnitTests.iCore.Workflow.Activities.dll" adapterTypeName="Microsoft.VisualStudio.TestTools.TestTypes.Unit.UnitTestAdapter" className="UnitTest.iCore.Workflow.Activities.SetSettingAttributeValueActivityTest" name="InvokeActivity_SettingIdNull_ThrowsException" />
    </UnitTest>
    <UnitTest name="InvokeActivity_ValueNull_ThrowsException" storage="f:\etwork\bin\tests\unittests.icore.workflow.activities.dll" id="aa2581e9-d0c9-a4f0-0bd2-239f763f76ae">
      <Execution id="782e2e7c-4177-4b65-8f1b-d8e5bc70f2de" />
      <TestMethod codeBase="F:\ETWork\bin\Tests\UnitTests.iCore.Workflow.Activities.dll" adapterTypeName="Microsoft.VisualStudio.TestTools.TestTypes.Unit.UnitTestAdapter" className="UnitTest.iCore.Workflow.Activities.SetSettingAttributeValueActivityTest" name="InvokeActivity_ValueNull_ThrowsException" />
    </UnitTest>
    <UnitTest name="InvokeActivity_NormalExecutionAllArgumentsSetNoAttributesInGroup_Success" storage="f:\etwork\bin\tests\unittests.icore.workflow.activities.dll" id="a76750ac-feec-2b73-3d28-d40ddeb099cb">
      <Execution id="959c4072-2cf6-4469-bc36-6fdfc9cb5313" />
      <TestMethod codeBase="F:\ETWork\bin\Tests\UnitTests.iCore.Workflow.Activities.dll" adapterTypeName="Microsoft.VisualStudio.TestTools.TestTypes.Unit.UnitTestAdapter" className="UnitTest.iCore.Workflow.Activities.GetSettingAttributeGroupValuesActivityTest" name="InvokeActivity_NormalExecutionAllArgumentsSetNoAttributesInGroup_Success" />
    </UnitTest>
    <UnitTest name="InvokeActivity_SettingIdArgumentMissing_ThrowsException" storage="f:\etwork\bin\tests\unittests.icore.workflow.activities.dll" id="78a14556-dc76-774f-8bd7-ddedfcd57b61">
      <Execution id="2937443e-f945-4a1f-8d8f-5d2b895d3ec0" />
      <TestMethod codeBase="F:\ETWork\bin\Tests\UnitTests.iCore.Workflow.Activities.dll" adapterTypeName="Microsoft.VisualStudio.TestTools.TestTypes.Unit.UnitTestAdapter" className="UnitTest.iCore.Workflow.Activities.GetSettingAttributeGroupValuesActivityTest" name="InvokeActivity_SettingIdArgumentMissing_ThrowsException" />
    </UnitTest>
    <UnitTest name="InvokeActivity_AttributeGroupIdArgumentMissing_ThrowsException" storage="f:\etwork\bin\tests\unittests.icore.workflow.activities.dll" id="7bf36f30-8add-123d-ac63-8e673df805c4">
      <Execution id="eb893c49-21d0-4d31-9d22-2b4203389d07" />
      <TestMethod codeBase="F:\ETWork\bin\Tests\UnitTests.iCore.Workflow.Activities.dll" adapterTypeName="Microsoft.VisualStudio.TestTools.TestTypes.Unit.UnitTestAdapter" className="UnitTest.iCore.Workflow.Activities.GetSettingAttributeGroupValuesActivityTest" name="InvokeActivity_AttributeGroupIdArgumentMissing_ThrowsException" />
    </UnitTest>
    <UnitTest name="InvokeActivity_NormalExecution_ResultDictionaryContainsCorrectValues" storage="f:\etwork\bin\tests\unittests.icore.workflow.activities.dll" id="cf35919f-a605-a7fe-df2d-20b4372e4a9d">
      <Execution id="aa0957ca-90e6-4ead-8638-2de59c2e5ef7" />
      <TestMethod codeBase="F:\ETWork\bin\Tests\UnitTests.iCore.Workflow.Activities.dll" adapterTypeName="Microsoft.VisualStudio.TestTools.TestTypes.Unit.UnitTestAdapter" className="UnitTest.iCore.Workflow.Activities.GetSettingAttributeGroupValuesActivityTest" name="InvokeActivity_NormalExecution_ResultDictionaryContainsCorrectValues" />
    </UnitTest>
    <UnitTest name="InvokeActivity_SettingDoesNotContainAttributeGroup_ThrowsError" storage="f:\etwork\bin\tests\unittests.icore.workflow.activities.dll" id="bd6f0560-f847-bd4a-7ac0-ab9f8d52ce3d">
      <Execution id="6c02ffdf-277c-440a-a858-e7a29d2f8f2c" />
      <TestMethod codeBase="F:\ETWork\bin\Tests\UnitTests.iCore.Workflow.Activities.dll" adapterTypeName="Microsoft.VisualStudio.TestTools.TestTypes.Unit.UnitTestAdapter" className="UnitTest.iCore.Workflow.Activities.GetSettingAttributeGroupValuesActivityTest" name="InvokeActivity_SettingDoesNotContainAttributeGroup_ThrowsError" />
    </UnitTest>
    <UnitTest name="InvokeActivity_AttributeGroupDoesNotExist_ThrowsException" storage="f:\etwork\bin\tests\unittests.icore.workflow.activities.dll" id="c2d5cf4e-a3aa-f0ad-8824-175136f570df">
      <Execution id="11cbc78c-a16b-4dbc-93f1-4517f412385c" />
      <TestMethod codeBase="F:\ETWork\bin\Tests\UnitTests.iCore.Workflow.Activities.dll" adapterTypeName="Microsoft.VisualStudio.TestTools.TestTypes.Unit.UnitTestAdapter" className="UnitTest.iCore.Workflow.Activities.GetSettingAttributeGroupValuesActivityTest" name="InvokeActivity_AttributeGroupDoesNotExist_ThrowsException" />
    </UnitTest>
    <UnitTest name="InvokeActivity_SettingDoesNotExist_ThrowsException" storage="f:\etwork\bin\tests\unittests.icore.workflow.activities.dll" id="535a256f-02ab-cfcf-d3f9-b7018172cd0e">
      <Execution id="5082ffc7-361c-49fb-ac06-0b8ddba1d87d" />
      <TestMethod codeBase="F:\ETWork\bin\Tests\UnitTests.iCore.Workflow.Activities.dll" adapterTypeName="Microsoft.VisualStudio.TestTools.TestTypes.Unit.UnitTestAdapter" className="UnitTest.iCore.Workflow.Activities.GetSettingAttributeGroupValuesActivityTest" name="InvokeActivity_SettingDoesNotExist_ThrowsException" />
    </UnitTest>
    <UnitTest name="InvokeActivity_MultipleAttributeValuesInAttributeGroup_Success" storage="f:\etwork\bin\tests\unittests.icore.workflow.activities.dll" id="87dfe027-f946-c90e-23a3-f42c34ef6b3e">
      <Execution id="5ec85e89-ea6e-4037-9775-1adc6bf7c190" />
      <TestMethod codeBase="F:\ETWork\bin\Tests\UnitTests.iCore.Workflow.Activities.dll" adapterTypeName="Microsoft.VisualStudio.TestTools.TestTypes.Unit.UnitTestAdapter" className="UnitTest.iCore.Workflow.Activities.GetSettingAttributeGroupValuesActivityTest" name="InvokeActivity_MultipleAttributeValuesInAttributeGroup_Success" />
    </UnitTest>
    <UnitTest name="InvokeActivity_NormalExecution_Success" storage="f:\etwork\bin\tests\unittests.icore.workflow.activities.dll" id="d7aaa6f8-8f9a-3823-8766-25010c761213">
      <Execution id="d92c5119-491a-46bc-a9e2-fdfee029142b" />
      <TestMethod codeBase="F:\ETWork\bin\Tests\UnitTests.iCore.Workflow.Activities.dll" adapterTypeName="Microsoft.VisualStudio.TestTools.TestTypes.Unit.UnitTestAdapter" className="UnitTest.iCore.Workflow.Activities.GetSettingAttributeValueActivityTest" name="InvokeActivity_NormalExecution_Success" />
    </UnitTest>
    <UnitTest name="InvokeActivity_NormalExecutionReturning_IntergerValueIsReturned" storage="f:\etwork\bin\tests\unittests.icore.workflow.activities.dll" id="e117d0ec-d568-c49c-09f2-b89e6189350c">
      <Execution id="5709287a-6255-46b3-8eb2-676e8125b2ce" />
      <TestMethod codeBase="F:\ETWork\bin\Tests\UnitTests.iCore.Workflow.Activities.dll" adapterTypeName="Microsoft.VisualStudio.TestTools.TestTypes.Unit.UnitTestAdapter" className="UnitTest.iCore.Workflow.Activities.GetSettingAttributeValueActivityTest" name="InvokeActivity_NormalExecutionReturning_IntergerValueIsReturned" />
    </UnitTest>
    <UnitTest name="InvokeActivity_NormalExecution_DoubleValueIsReturned" storage="f:\etwork\bin\tests\unittests.icore.workflow.activities.dll" id="7573dbd3-5faa-3fcb-1d42-2821b85d3753">
      <Execution id="5a526316-2ed2-409e-93fa-f4fb48907481" />
      <TestMethod codeBase="F:\ETWork\bin\Tests\UnitTests.iCore.Workflow.Activities.dll" adapterTypeName="Microsoft.VisualStudio.TestTools.TestTypes.Unit.UnitTestAdapter" className="UnitTest.iCore.Workflow.Activities.GetSettingAttributeValueActivityTest" name="InvokeActivity_NormalExecution_DoubleValueIsReturned" />
    </UnitTest>
    <UnitTest name="InvokeActivity_ConvertStringToInt_ReturnsInt" storage="f:\etwork\bin\tests\unittests.icore.workflow.activities.dll" id="4e803255-9b7e-fe13-0bc6-1ef34e94a63b">
      <Execution id="2a8cc62f-b6ab-4772-8f7d-e239ac3edfa0" />
      <TestMethod codeBase="F:\ETWork\bin\Tests\UnitTests.iCore.Workflow.Activities.dll" adapterTypeName="Microsoft.VisualStudio.TestTools.TestTypes.Unit.UnitTestAdapter" className="UnitTest.iCore.Workflow.Activities.GetSettingAttributeValueActivityTest" name="InvokeActivity_ConvertStringToInt_ReturnsInt" />
    </UnitTest>
    <UnitTest name="InvokeActivity_ConvertIntToString_ReturnsInt" storage="f:\etwork\bin\tests\unittests.icore.workflow.activities.dll" id="dc211b3e-1ded-f9a8-437a-b59fff85d9a8">
      <Execution id="840b05ff-f1bc-4984-b94d-0976d1c47a9c" />
      <TestMethod codeBase="F:\ETWork\bin\Tests\UnitTests.iCore.Workflow.Activities.dll" adapterTypeName="Microsoft.VisualStudio.TestTools.TestTypes.Unit.UnitTestAdapter" className="UnitTest.iCore.Workflow.Activities.GetSettingAttributeValueActivityTest" name="InvokeActivity_ConvertIntToString_ReturnsInt" />
    </UnitTest>
    <UnitTest name="InvokeActivity_RequiredInArgumentAttributeIdIsMissing_ThrowsArgumentException" storage="f:\etwork\bin\tests\unittests.icore.workflow.activities.dll" id="338f3f95-d8e0-3c83-1669-dc02eecabd8d">
      <Execution id="49e1e4cd-0ab9-4dbb-a027-81ca082f3a75" />
      <TestMethod codeBase="F:\ETWork\bin\Tests\UnitTests.iCore.Workflow.Activities.dll" adapterTypeName="Microsoft.VisualStudio.TestTools.TestTypes.Unit.UnitTestAdapter" className="UnitTest.iCore.Workflow.Activities.GetSettingAttributeValueActivityTest" name="InvokeActivity_RequiredInArgumentAttributeIdIsMissing_ThrowsArgumentException" />
    </UnitTest>
    <UnitTest name="InvokeActivity_RequiredInArgumentSettingIdIsMissing_ThrowsArgumentException" storage="f:\etwork\bin\tests\unittests.icore.workflow.activities.dll" id="d6aa4957-4fad-6729-ad57-969d7bd82372">
      <Execution id="ffd5398c-255f-4784-adea-839d6742c42b" />
      <TestMethod codeBase="F:\ETWork\bin\Tests\UnitTests.iCore.Workflow.Activities.dll" adapterTypeName="Microsoft.VisualStudio.TestTools.TestTypes.Unit.UnitTestAdapter" className="UnitTest.iCore.Workflow.Activities.GetSettingAttributeValueActivityTest" name="InvokeActivity_RequiredInArgumentSettingIdIsMissing_ThrowsArgumentException" />
    </UnitTest>
    <UnitTest name="InvokeActivity_RequiredExtensionIsMissing_ThrowsValidationException" storage="f:\etwork\bin\tests\unittests.icore.workflow.activities.dll" id="780cda3d-3523-2194-76af-5022ad7c9ed7">
      <Execution id="044115e9-7b59-4410-b47b-ff7d568026a7" />
      <TestMethod codeBase="F:\ETWork\bin\Tests\UnitTests.iCore.Workflow.Activities.dll" adapterTypeName="Microsoft.VisualStudio.TestTools.TestTypes.Unit.UnitTestAdapter" className="UnitTest.iCore.Workflow.Activities.GetSettingAttributeValueActivityTest" name="InvokeActivity_RequiredExtensionIsMissing_ThrowsValidationException" />
    </UnitTest>
    <UnitTest name="InvokeActivity_NonExistingAttribute_ThrowsEntityNotFoundException" storage="f:\etwork\bin\tests\unittests.icore.workflow.activities.dll" id="ffeed9de-767e-b624-e2c8-b506ee8a4634">
      <Execution id="300c51fa-1af9-43ec-8968-9efd11fac579" />
      <TestMethod codeBase="F:\ETWork\bin\Tests\UnitTests.iCore.Workflow.Activities.dll" adapterTypeName="Microsoft.VisualStudio.TestTools.TestTypes.Unit.UnitTestAdapter" className="UnitTest.iCore.Workflow.Activities.GetSettingAttributeValueActivityTest" name="InvokeActivity_NonExistingAttribute_ThrowsEntityNotFoundException" />
    </UnitTest>
    <UnitTest name="InvokeActivty_InvalidConversion_Throws" storage="f:\etwork\bin\tests\unittests.icore.workflow.activities.dll" id="896a3129-b9c2-30a2-3794-fab394ae42e9">
      <Execution id="9004969d-b308-42eb-b8be-ef1a2b8b2ad1" />
      <TestMethod codeBase="F:\ETWork\bin\Tests\UnitTests.iCore.Workflow.Activities.dll" adapterTypeName="Microsoft.VisualStudio.TestTools.TestTypes.Unit.UnitTestAdapter" className="UnitTest.iCore.Workflow.Activities.GetSettingAttributeValueActivityTest" name="InvokeActivty_InvalidConversion_Throws" />
    </UnitTest>
    <UnitTest name="InvokeActivity_NormalExecution_Success" storage="f:\etwork\bin\tests\unittests.icore.workflow.activities.dll" id="ac22fa7e-798d-a9e0-d079-f5a380ceebd4">
      <Execution id="46c46661-ac26-4434-a22c-4383cb3fa705" />
      <TestMethod codeBase="F:\ETWork\bin\Tests\UnitTests.iCore.Workflow.Activities.dll" adapterTypeName="Microsoft.VisualStudio.TestTools.TestTypes.Unit.UnitTestAdapter" className="UnitTest.iCore.Workflow.Activities.WriteToLogActivityTests" name="InvokeActivity_NormalExecution_Success" />
    </UnitTest>
    <UnitTest name="InvokeActivity_RequiredInArgumentIsMissing_UnhandledArgumentException" storage="f:\etwork\bin\tests\unittests.icore.workflow.activities.dll" id="887db12c-e955-53ab-72f5-ebb0ef286163">
      <Execution id="909c3688-3f54-4f96-b339-ab28d06f7cfd" />
      <TestMethod codeBase="F:\ETWork\bin\Tests\UnitTests.iCore.Workflow.Activities.dll" adapterTypeName="Microsoft.VisualStudio.TestTools.TestTypes.Unit.UnitTestAdapter" className="UnitTest.iCore.Workflow.Activities.WriteToLogActivityTests" name="InvokeActivity_RequiredInArgumentIsMissing_UnhandledArgumentException" />
    </UnitTest>
    <UnitTest name="InvokeActivity_RequiredExtensionIsMissing_UnhandledArgumentException" storage="f:\etwork\bin\tests\unittests.icore.workflow.activities.dll" id="44e6105b-91e5-b04e-2682-673bd234f772">
      <Execution id="808edfc0-ac91-4a2f-8f34-79d276ad4f68" />
      <TestMethod codeBase="F:\ETWork\bin\Tests\UnitTests.iCore.Workflow.Activities.dll" adapterTypeName="Microsoft.VisualStudio.TestTools.TestTypes.Unit.UnitTestAdapter" className="UnitTest.iCore.Workflow.Activities.WriteToLogActivityTests" name="InvokeActivity_RequiredExtensionIsMissing_UnhandledArgumentException" />
    </UnitTest>
    <UnitTest name="InvokeActivity_LogTextIsNull_Success" storage="f:\etwork\bin\tests\unittests.icore.workflow.activities.dll" id="9ac4b0f4-2b6f-bba7-38c1-26d096a5651c">
      <Execution id="a8b906c9-5bef-4fd3-9cf3-24611661b1d7" />
      <TestMethod codeBase="F:\ETWork\bin\Tests\UnitTests.iCore.Workflow.Activities.dll" adapterTypeName="Microsoft.VisualStudio.TestTools.TestTypes.Unit.UnitTestAdapter" className="UnitTest.iCore.Workflow.Activities.WriteToLogActivityTests" name="InvokeActivity_LogTextIsNull_Success" />
    </UnitTest>
    <UnitTest name="InvokeActivity_CheckDefaultArguments_Success" storage="f:\etwork\bin\tests\unittests.icore.workflow.activities.dll" id="e1de1d11-bdc8-cef1-b1ad-d00cba4bac83">
      <Execution id="055126c9-62de-48ba-a3e9-6ba5eea5f0aa" />
      <TestMethod codeBase="F:\ETWork\bin\Tests\UnitTests.iCore.Workflow.Activities.dll" adapterTypeName="Microsoft.VisualStudio.TestTools.TestTypes.Unit.UnitTestAdapter" className="UnitTest.iCore.Workflow.Activities.WriteToLogActivityTests" name="InvokeActivity_CheckDefaultArguments_Success" />
    </UnitTest>
    <UnitTest name="Invoke_NormalExecution_ReturnsCorrectData" storage="f:\etwork\bin\tests\unittests.icore.workflow.activities.dll" id="f4b522ca-8d5d-0c29-63d1-feca24c65194">
      <Execution id="0c71047f-d853-48a6-b202-102827851fe6" />
      <TestMethod codeBase="F:\ETWork\bin\Tests\UnitTests.iCore.Workflow.Activities.dll" adapterTypeName="Microsoft.VisualStudio.TestTools.TestTypes.Unit.UnitTestAdapter" className="UnitTest.iCore.Workflow.Activities.Streams.ReadBytesActivityTests" name="Invoke_NormalExecution_ReturnsCorrectData" />
    </UnitTest>
    <UnitTest name="Invoke_ReadWholeStream_ReturnsCorrectData" storage="f:\etwork\bin\tests\unittests.icore.workflow.activities.dll" id="316e975d-c111-010d-cff6-31e4ed44379d">
      <Execution id="65934bce-f159-4d2f-8d24-7c2f88d14d27" />
      <TestMethod codeBase="F:\ETWork\bin\Tests\UnitTests.iCore.Workflow.Activities.dll" adapterTypeName="Microsoft.VisualStudio.TestTools.TestTypes.Unit.UnitTestAdapter" className="UnitTest.iCore.Workflow.Activities.Streams.ReadBytesActivityTests" name="Invoke_ReadWholeStream_ReturnsCorrectData" />
    </UnitTest>
    <UnitTest name="Invoke_NormalExecution_CorrectStreamPosition" storage="f:\etwork\bin\tests\unittests.icore.workflow.activities.dll" id="e290ee2e-4ec7-0928-217d-6cdb8e93481e">
      <Execution id="a91e7eed-9c03-4279-b560-218ec83e107e" />
      <TestMethod codeBase="F:\ETWork\bin\Tests\UnitTests.iCore.Workflow.Activities.dll" adapterTypeName="Microsoft.VisualStudio.TestTools.TestTypes.Unit.UnitTestAdapter" className="UnitTest.iCore.Workflow.Activities.Streams.ReadBytesActivityTests" name="Invoke_NormalExecution_CorrectStreamPosition" />
    </UnitTest>
    <UnitTest name="Invoke_StreamArgumentisMissing_ThrowArgumentException" storage="f:\etwork\bin\tests\unittests.icore.workflow.activities.dll" id="c60b3906-1da9-2f8c-0514-cdc150bde610">
      <Execution id="2191af20-5b4c-400a-aa1d-a8f7d01645fc" />
      <TestMethod codeBase="F:\ETWork\bin\Tests\UnitTests.iCore.Workflow.Activities.dll" adapterTypeName="Microsoft.VisualStudio.TestTools.TestTypes.Unit.UnitTestAdapter" className="UnitTest.iCore.Workflow.Activities.Streams.ReadBytesActivityTests" name="Invoke_StreamArgumentisMissing_ThrowArgumentException" />
    </UnitTest>
    <UnitTest name="Invoke_BytesArgumentisMissing_ThrowArgumentException" storage="f:\etwork\bin\tests\unittests.icore.workflow.activities.dll" id="07d72cf2-29af-e936-5d4a-2a8334c07987">
      <Execution id="a163e2ee-c617-407b-b9f9-6635b470fa92" />
      <TestMethod codeBase="F:\ETWork\bin\Tests\UnitTests.iCore.Workflow.Activities.dll" adapterTypeName="Microsoft.VisualStudio.TestTools.TestTypes.Unit.UnitTestAdapter" className="UnitTest.iCore.Workflow.Activities.Streams.ReadBytesActivityTests" name="Invoke_BytesArgumentisMissing_ThrowArgumentException" />
    </UnitTest>
    <UnitTest name="Invoke_NullStream_ThrowArgumentNullException" storage="f:\etwork\bin\tests\unittests.icore.workflow.activities.dll" id="08011ff0-cb47-70ab-9d5d-171a95fd3c18">
      <Execution id="c78e947c-f55e-4bc5-96be-9f9b2ea9b4b4" />
      <TestMethod codeBase="F:\ETWork\bin\Tests\UnitTests.iCore.Workflow.Activities.dll" adapterTypeName="Microsoft.VisualStudio.TestTools.TestTypes.Unit.UnitTestAdapter" className="UnitTest.iCore.Workflow.Activities.Streams.ReadBytesActivityTests" name="Invoke_NullStream_ThrowArgumentNullException" />
    </UnitTest>
    <UnitTest name="Invoke_ClosedStream_ThrowObjectDisposedException" storage="f:\etwork\bin\tests\unittests.icore.workflow.activities.dll" id="e72fec7f-df65-856c-4e63-b64a391d67dc">
      <Execution id="ba780140-ac5d-4651-95e9-da335f674a82" />
      <TestMethod codeBase="F:\ETWork\bin\Tests\UnitTests.iCore.Workflow.Activities.dll" adapterTypeName="Microsoft.VisualStudio.TestTools.TestTypes.Unit.UnitTestAdapter" className="UnitTest.iCore.Workflow.Activities.Streams.ReadBytesActivityTests" name="Invoke_ClosedStream_ThrowObjectDisposedException" />
    </UnitTest>
    <UnitTest name="Invoke_ToolargeBytesNumber_Success" storage="f:\etwork\bin\tests\unittests.icore.workflow.activities.dll" id="9a777ced-34c5-33a9-eafd-c65266852e90">
      <Execution id="981ba382-ddb9-4428-ac75-026ba60c0f5a" />
      <TestMethod codeBase="F:\ETWork\bin\Tests\UnitTests.iCore.Workflow.Activities.dll" adapterTypeName="Microsoft.VisualStudio.TestTools.TestTypes.Unit.UnitTestAdapter" className="UnitTest.iCore.Workflow.Activities.Streams.ReadBytesActivityTests" name="Invoke_ToolargeBytesNumber_Success" />
    </UnitTest>
    <UnitTest name="Invoke_ToolargeBytesNumber_CorrectReturnDataLength" storage="f:\etwork\bin\tests\unittests.icore.workflow.activities.dll" id="94794092-db08-cfe6-6b08-603f86398873">
      <Execution id="11834cea-ca70-4548-a6dc-bb07a556fd00" />
      <TestMethod codeBase="F:\ETWork\bin\Tests\UnitTests.iCore.Workflow.Activities.dll" adapterTypeName="Microsoft.VisualStudio.TestTools.TestTypes.Unit.UnitTestAdapter" className="UnitTest.iCore.Workflow.Activities.Streams.ReadBytesActivityTests" name="Invoke_ToolargeBytesNumber_CorrectReturnDataLength" />
    </UnitTest>
    <UnitTest name="Invoke_NegativeBytesNumber_ThrowArgumentException" storage="f:\etwork\bin\tests\unittests.icore.workflow.activities.dll" id="7fe3d528-8e1e-b15b-f5ce-f6aa68043d27">
      <Execution id="8774ce1d-0cbe-49b1-a9a2-8d031aa5beb3" />
      <TestMethod codeBase="F:\ETWork\bin\Tests\UnitTests.iCore.Workflow.Activities.dll" adapterTypeName="Microsoft.VisualStudio.TestTools.TestTypes.Unit.UnitTestAdapter" className="UnitTest.iCore.Workflow.Activities.Streams.ReadBytesActivityTests" name="Invoke_NegativeBytesNumber_ThrowArgumentException" />
    </UnitTest>
    <UnitTest name="Invoke_CancellationRequested_ActivityIsCanceled" storage="f:\etwork\bin\tests\unittests.icore.workflow.activities.dll" id="d105dac2-1f18-eddf-a8d3-4b6ccf4b1cbd">
      <Execution id="921eb4ef-b977-4205-933a-dc38aa18fdd7" />
      <TestMethod codeBase="F:\ETWork\bin\Tests\UnitTests.iCore.Workflow.Activities.dll" adapterTypeName="Microsoft.VisualStudio.TestTools.TestTypes.Unit.UnitTestAdapter" className="UnitTest.iCore.Workflow.Activities.Streams.ReadBytesActivityTests" name="Invoke_CancellationRequested_ActivityIsCanceled" />
    </UnitTest>
    <UnitTest name="Invoke_LengthPrefixedValidArgs_CorrectStringReturned" storage="f:\etwork\bin\tests\unittests.icore.workflow.activities.dll" id="28f135c4-3a82-5839-523b-c72e1ece6f74">
      <Execution id="fdff985f-c715-43d4-a8fc-85cee37e18ba" />
      <TestMethod codeBase="F:\ETWork\bin\Tests\UnitTests.iCore.Workflow.Activities.dll" adapterTypeName="Microsoft.VisualStudio.TestTools.TestTypes.Unit.UnitTestAdapter" className="UnitTest.iCore.Workflow.Activities.Streams.ReadStringActivityTests" name="Invoke_LengthPrefixedValidArgs_CorrectStringReturned" />
    </UnitTest>
    <UnitTest name="Invoke_LengthPrefixedValidArgs_ReturnsCorrectNumberOfBytesRead" storage="f:\etwork\bin\tests\unittests.icore.workflow.activities.dll" id="9e679f6b-a69a-1d90-61bf-d4cbd3045e43">
      <Execution id="59a070bc-e579-46a0-919f-98ed6fd2bcba" />
      <TestMethod codeBase="F:\ETWork\bin\Tests\UnitTests.iCore.Workflow.Activities.dll" adapterTypeName="Microsoft.VisualStudio.TestTools.TestTypes.Unit.UnitTestAdapter" className="UnitTest.iCore.Workflow.Activities.Streams.ReadStringActivityTests" name="Invoke_LengthPrefixedValidArgs_ReturnsCorrectNumberOfBytesRead" />
    </UnitTest>
    <UnitTest name="Invoke_LengthPrefixedAndMaxCharsSet_CorrectStringAndLengthReturned" storage="f:\etwork\bin\tests\unittests.icore.workflow.activities.dll" id="0fb93e62-2330-1299-d721-034b4f7d2fa7">
      <Execution id="82b2a541-245b-48cc-8419-cb2dd9d99862" />
      <TestMethod codeBase="F:\ETWork\bin\Tests\UnitTests.iCore.Workflow.Activities.dll" adapterTypeName="Microsoft.VisualStudio.TestTools.TestTypes.Unit.UnitTestAdapter" className="UnitTest.iCore.Workflow.Activities.Streams.ReadStringActivityTests" name="Invoke_LengthPrefixedAndMaxCharsSet_CorrectStringAndLengthReturned" />
    </UnitTest>
    <UnitTest name="Invoke_LengthPrefixedAndPrefixTypeNotSet_Success" storage="f:\etwork\bin\tests\unittests.icore.workflow.activities.dll" id="5b6ab24e-66cb-3d2c-b2cf-d1958161c888">
      <Execution id="4741cea5-b3b9-47f8-8ecc-cb5f96e1f299" />
      <TestMethod codeBase="F:\ETWork\bin\Tests\UnitTests.iCore.Workflow.Activities.dll" adapterTypeName="Microsoft.VisualStudio.TestTools.TestTypes.Unit.UnitTestAdapter" className="UnitTest.iCore.Workflow.Activities.Streams.ReadStringActivityTests" name="Invoke_LengthPrefixedAndPrefixTypeNotSet_Success" />
    </UnitTest>
    <UnitTest name="Invoke_LengthPrefixedStreamArgNull_ThorwsArgumentNullException" storage="f:\etwork\bin\tests\unittests.icore.workflow.activities.dll" id="694bf451-a1db-6f2d-763f-d4b54cf549c7">
      <Execution id="6cdd8e98-5e63-488e-9fea-9ad79e7bff78" />
      <TestMethod codeBase="F:\ETWork\bin\Tests\UnitTests.iCore.Workflow.Activities.dll" adapterTypeName="Microsoft.VisualStudio.TestTools.TestTypes.Unit.UnitTestAdapter" className="UnitTest.iCore.Workflow.Activities.Streams.ReadStringActivityTests" name="Invoke_LengthPrefixedStreamArgNull_ThorwsArgumentNullException" />
    </UnitTest>
    <UnitTest name="Invoke_LengthPrefixedEncodingArgNull_ThorwsArgumentNullException" storage="f:\etwork\bin\tests\unittests.icore.workflow.activities.dll" id="d941b3e7-0b7b-cccd-0570-6e2e1fb839eb">
      <Execution id="a252c90b-39eb-4ee2-9e4f-ea5fc49d76c3" />
      <TestMethod codeBase="F:\ETWork\bin\Tests\UnitTests.iCore.Workflow.Activities.dll" adapterTypeName="Microsoft.VisualStudio.TestTools.TestTypes.Unit.UnitTestAdapter" className="UnitTest.iCore.Workflow.Activities.Streams.ReadStringActivityTests" name="Invoke_LengthPrefixedEncodingArgNull_ThorwsArgumentNullException" />
    </UnitTest>
    <UnitTest name="Invoke_NullTerminatedValidArgs_CorrectStringReturned" storage="f:\etwork\bin\tests\unittests.icore.workflow.activities.dll" id="624e4d5f-cc3a-0bd0-d41e-4bcd086d649f">
      <Execution id="c1d12a19-08bc-46a4-af26-b3758ba83be7" />
      <TestMethod codeBase="F:\ETWork\bin\Tests\UnitTests.iCore.Workflow.Activities.dll" adapterTypeName="Microsoft.VisualStudio.TestTools.TestTypes.Unit.UnitTestAdapter" className="UnitTest.iCore.Workflow.Activities.Streams.ReadStringActivityTests" name="Invoke_NullTerminatedValidArgs_CorrectStringReturned" />
    </UnitTest>
    <UnitTest name="Invoke_NullTerminatedValidArgs_ReturnsCorrectNumberOfBytesRead" storage="f:\etwork\bin\tests\unittests.icore.workflow.activities.dll" id="a51e5cfe-3e17-f30c-1ed3-43a28f0358d9">
      <Execution id="65c4b7eb-fe42-42b0-88cf-bbd34a3078c4" />
      <TestMethod codeBase="F:\ETWork\bin\Tests\UnitTests.iCore.Workflow.Activities.dll" adapterTypeName="Microsoft.VisualStudio.TestTools.TestTypes.Unit.UnitTestAdapter" className="UnitTest.iCore.Workflow.Activities.Streams.ReadStringActivityTests" name="Invoke_NullTerminatedValidArgs_ReturnsCorrectNumberOfBytesRead" />
    </UnitTest>
    <UnitTest name="Invoke_NullTerminatedAndMaxCharsSet_CorrectStringAndLengthReturned" storage="f:\etwork\bin\tests\unittests.icore.workflow.activities.dll" id="5706a29a-5339-ce04-7c57-32dbf36699fd">
      <Execution id="e98759da-7229-40f7-9b58-b4438e026ba1" />
      <TestMethod codeBase="F:\ETWork\bin\Tests\UnitTests.iCore.Workflow.Activities.dll" adapterTypeName="Microsoft.VisualStudio.TestTools.TestTypes.Unit.UnitTestAdapter" className="UnitTest.iCore.Workflow.Activities.Streams.ReadStringActivityTests" name="Invoke_NullTerminatedAndMaxCharsSet_CorrectStringAndLengthReturned" />
    </UnitTest>
    <UnitTest name="Invoke_ValidArguments_Success" storage="f:\etwork\bin\tests\unittests.icore.workflow.activities.dll" id="8310b80b-bd6e-2310-9fab-3c1f9b630b83">
      <Execution id="69f34b84-b18a-44c6-aa9d-8d3228ddf9a3" />
      <TestMethod codeBase="F:\ETWork\bin\Tests\UnitTests.iCore.Workflow.Activities.dll" adapterTypeName="Microsoft.VisualStudio.TestTools.TestTypes.Unit.UnitTestAdapter" className="UnitTest.iCore.Workflow.Activities.iCPS.GetFilteredEntitiesActivityTests" name="Invoke_ValidArguments_Success" />
    </UnitTest>
    <UnitTest name="Invoke_ValidWithParams_ParamsArePassedToFilterExecutor" storage="f:\etwork\bin\tests\unittests.icore.workflow.activities.dll" id="85bf48d0-0f79-16ca-cf5a-5425f681bd10">
      <Execution id="e93a2f79-ace2-4523-9ea2-e5c4379672a9" />
      <TestMethod codeBase="F:\ETWork\bin\Tests\UnitTests.iCore.Workflow.Activities.dll" adapterTypeName="Microsoft.VisualStudio.TestTools.TestTypes.Unit.UnitTestAdapter" className="UnitTest.iCore.Workflow.Activities.iCPS.GetFilteredEntitiesActivityTests" name="Invoke_ValidWithParams_ParamsArePassedToFilterExecutor" />
    </UnitTest>
    <UnitTest name="Invoke_NonExistingEntityId_ThrowsEntityNotFoundException" storage="f:\etwork\bin\tests\unittests.icore.workflow.activities.dll" id="2e08a3d0-4e36-1548-83bf-50ca237db9e5">
      <Execution id="42f7600d-b311-4a95-9963-46971aa84b33" />
      <TestMethod codeBase="F:\ETWork\bin\Tests\UnitTests.iCore.Workflow.Activities.dll" adapterTypeName="Microsoft.VisualStudio.TestTools.TestTypes.Unit.UnitTestAdapter" className="UnitTest.iCore.Workflow.Activities.iCPS.GetFilteredEntitiesActivityTests" name="Invoke_NonExistingEntityId_ThrowsEntityNotFoundException" />
    </UnitTest>
    <UnitTest name="Invoke_WrongTypeArgument_ThrowsInvalidCastException" storage="f:\etwork\bin\tests\unittests.icore.workflow.activities.dll" id="acc8d13b-1c82-d3c7-b76b-cd5400fe9991">
      <Execution id="0f402ffd-4edb-4000-b50a-9509cf4cc344" />
      <TestMethod codeBase="F:\ETWork\bin\Tests\UnitTests.iCore.Workflow.Activities.dll" adapterTypeName="Microsoft.VisualStudio.TestTools.TestTypes.Unit.UnitTestAdapter" className="UnitTest.iCore.Workflow.Activities.iCPS.GetFilteredEntitiesActivityTests" name="Invoke_WrongTypeArgument_ThrowsInvalidCastException" />
    </UnitTest>
    <UnitTest name="Invoke_ValidArguments_Success" storage="f:\etwork\bin\tests\unittests.icore.workflow.activities.dll" id="9de82bea-f6c2-b937-b0f3-913d6495f4ec">
      <Execution id="f635114b-c141-4876-a531-2a9ad19989f8" />
      <TestMethod codeBase="F:\ETWork\bin\Tests\UnitTests.iCore.Workflow.Activities.dll" adapterTypeName="Microsoft.VisualStudio.TestTools.TestTypes.Unit.UnitTestAdapter" className="UnitTest.iCore.Workflow.Activities.iCPS.GetFilteredKeysActivityTests" name="Invoke_ValidArguments_Success" />
    </UnitTest>
    <UnitTest name="Invoke_Params_ParamsArePassedToFilterExecutor" storage="f:\etwork\bin\tests\unittests.icore.workflow.activities.dll" id="282bd3c5-3387-deaa-c68a-2c8e2b2223ef">
      <Execution id="10153119-8c81-4030-8115-a10d1c74d7c5" />
      <TestMethod codeBase="F:\ETWork\bin\Tests\UnitTests.iCore.Workflow.Activities.dll" adapterTypeName="Microsoft.VisualStudio.TestTools.TestTypes.Unit.UnitTestAdapter" className="UnitTest.iCore.Workflow.Activities.iCPS.GetFilteredKeysActivityTests" name="Invoke_Params_ParamsArePassedToFilterExecutor" />
    </UnitTest>
    <UnitTest name="Invoke_NonExistingEntityId_ThrowsEntityNotFoundException" storage="f:\etwork\bin\tests\unittests.icore.workflow.activities.dll" id="97bbe6d0-740f-be3e-7a61-a9a777f94c55">
      <Execution id="c59dee5d-aa76-48be-bfe1-cfa6ec967e48" />
      <TestMethod codeBase="F:\ETWork\bin\Tests\UnitTests.iCore.Workflow.Activities.dll" adapterTypeName="Microsoft.VisualStudio.TestTools.TestTypes.Unit.UnitTestAdapter" className="UnitTest.iCore.Workflow.Activities.iCPS.GetFilteredKeysActivityTests" name="Invoke_NonExistingEntityId_ThrowsEntityNotFoundException" />
    </UnitTest>
    <UnitTest name="Invoke_GetTrackingEntity_Success" storage="f:\etwork\bin\tests\unittests.icore.workflow.activities.dll" id="c4a79e9a-a73d-1adf-ebc6-e13aaf40cc89">
      <Execution id="169dc31a-c167-438c-8972-4dc239c937d9" />
      <TestMethod codeBase="F:\ETWork\bin\Tests\UnitTests.iCore.Workflow.Activities.dll" adapterTypeName="Microsoft.VisualStudio.TestTools.TestTypes.Unit.UnitTestAdapter" className="UnitTest.iCore.Workflow.Activities.iCPS.GetEntityFromKeyActivityTests" name="Invoke_GetTrackingEntity_Success" />
    </UnitTest>
    <UnitTest name="Invoke_GetNonTrackingEntity_Success" storage="f:\etwork\bin\tests\unittests.icore.workflow.activities.dll" id="0d6fc1e7-cc50-b2ec-b176-f53d9643252c">
      <Execution id="c6bf7b28-5d7a-484f-86d6-7cdccda739f6" />
      <TestMethod codeBase="F:\ETWork\bin\Tests\UnitTests.iCore.Workflow.Activities.dll" adapterTypeName="Microsoft.VisualStudio.TestTools.TestTypes.Unit.UnitTestAdapter" className="UnitTest.iCore.Workflow.Activities.iCPS.GetEntityFromKeyActivityTests" name="Invoke_GetNonTrackingEntity_Success" />
    </UnitTest>
    <UnitTest name="Invoke_NonExistingEntityId_ThrowsEntityNotFoundException" storage="f:\etwork\bin\tests\unittests.icore.workflow.activities.dll" id="1e4df02b-e1e8-e840-f2e8-05f3c5dfbb87">
      <Execution id="2c7350fc-3dc5-4665-954d-e785486c0dd3" />
      <TestMethod codeBase="F:\ETWork\bin\Tests\UnitTests.iCore.Workflow.Activities.dll" adapterTypeName="Microsoft.VisualStudio.TestTools.TestTypes.Unit.UnitTestAdapter" className="UnitTest.iCore.Workflow.Activities.iCPS.GetEntityFromKeyActivityTests" name="Invoke_NonExistingEntityId_ThrowsEntityNotFoundException" />
    </UnitTest>
    <UnitTest name="Invoke_WrongTypeArgument_ThrowsInvalidCastException" storage="f:\etwork\bin\tests\unittests.icore.workflow.activities.dll" id="1809d1c5-769a-8e31-d9bb-4fceab60b151">
      <Execution id="2182400a-8bd0-427c-93c8-c827d0ea57bd" />
      <TestMethod codeBase="F:\ETWork\bin\Tests\UnitTests.iCore.Workflow.Activities.dll" adapterTypeName="Microsoft.VisualStudio.TestTools.TestTypes.Unit.UnitTestAdapter" className="UnitTest.iCore.Workflow.Activities.iCPS.GetEntityFromKeyActivityTests" name="Invoke_WrongTypeArgument_ThrowsInvalidCastException" />
    </UnitTest>
    <UnitTest name="Invoke_AsyncEvent_ActivityStateIsClosed" storage="f:\etwork\bin\tests\unittests.icore.workflow.activities.dll" id="c5978909-c835-b7fc-1f53-419ec3c0dda7">
      <Execution id="e88c20cb-6fc9-4162-904d-ce04e450ac5f" />
      <TestMethod codeBase="F:\ETWork\bin\Tests\UnitTests.iCore.Workflow.Activities.dll" adapterTypeName="Microsoft.VisualStudio.TestTools.TestTypes.Unit.UnitTestAdapter" className="UnitTest.iCore.Workflow.Activities.iCPS.CreateEventActivityTests" name="Invoke_AsyncEvent_ActivityStateIsClosed" />
    </UnitTest>
    <UnitTest name="Invoke_AsyncEvent_ResultIsNotSet" storage="f:\etwork\bin\tests\unittests.icore.workflow.activities.dll" id="7bef764f-dac6-a984-5399-781608aa3d4f">
      <Execution id="e15d7f96-0e58-4c58-9edb-1b8a479a27b2" />
      <TestMethod codeBase="F:\ETWork\bin\Tests\UnitTests.iCore.Workflow.Activities.dll" adapterTypeName="Microsoft.VisualStudio.TestTools.TestTypes.Unit.UnitTestAdapter" className="UnitTest.iCore.Workflow.Activities.iCPS.CreateEventActivityTests" name="Invoke_AsyncEvent_ResultIsNotSet" />
    </UnitTest>
    <UnitTest name="Invoke_AsyncEvent_CreatesAsyncEvent" storage="f:\etwork\bin\tests\unittests.icore.workflow.activities.dll" id="722ccea6-e382-0f49-76e9-8dd9aa72c852">
      <Execution id="2c86b61f-3e99-4fac-a8fb-9b07d010854f" />
      <TestMethod codeBase="F:\ETWork\bin\Tests\UnitTests.iCore.Workflow.Activities.dll" adapterTypeName="Microsoft.VisualStudio.TestTools.TestTypes.Unit.UnitTestAdapter" className="UnitTest.iCore.Workflow.Activities.iCPS.CreateEventActivityTests" name="Invoke_AsyncEvent_CreatesAsyncEvent" />
    </UnitTest>
    <UnitTest name="Invoke_SyncEvent_CreatesSyncEvent" storage="f:\etwork\bin\tests\unittests.icore.workflow.activities.dll" id="2881c58d-d15a-8802-748b-54a8e0ef1efb">
      <Execution id="93a6e253-5004-484f-975c-b6ef46b2a36f" />
      <TestMethod codeBase="F:\ETWork\bin\Tests\UnitTests.iCore.Workflow.Activities.dll" adapterTypeName="Microsoft.VisualStudio.TestTools.TestTypes.Unit.UnitTestAdapter" className="UnitTest.iCore.Workflow.Activities.iCPS.CreateEventActivityTests" name="Invoke_SyncEvent_CreatesSyncEvent" />
    </UnitTest>
    <UnitTest name="Invoke_SyncEvent_ActivityIdles" storage="f:\etwork\bin\tests\unittests.icore.workflow.activities.dll" id="e509d944-acab-cd3a-908b-1da2921dbf3c">
      <Execution id="38225f9a-6244-47d8-84dc-ac2d78c8a216" />
      <TestMethod codeBase="F:\ETWork\bin\Tests\UnitTests.iCore.Workflow.Activities.dll" adapterTypeName="Microsoft.VisualStudio.TestTools.TestTypes.Unit.UnitTestAdapter" className="UnitTest.iCore.Workflow.Activities.iCPS.CreateEventActivityTests" name="Invoke_SyncEvent_ActivityIdles" />
    </UnitTest>
    <UnitTest name="Invoke_SyncEvent_OneBookmarkCreated" storage="f:\etwork\bin\tests\unittests.icore.workflow.activities.dll" id="5b42df8b-fe12-93c9-4d77-73c598110f11">
      <Execution id="fa26b902-d937-41b4-be2e-96dbb567bc47" />
      <TestMethod codeBase="F:\ETWork\bin\Tests\UnitTests.iCore.Workflow.Activities.dll" adapterTypeName="Microsoft.VisualStudio.TestTools.TestTypes.Unit.UnitTestAdapter" className="UnitTest.iCore.Workflow.Activities.iCPS.CreateEventActivityTests" name="Invoke_SyncEvent_OneBookmarkCreated" />
    </UnitTest>
    <UnitTest name="Invoke_SyncEvent_BookmarkNameIsGuid" storage="f:\etwork\bin\tests\unittests.icore.workflow.activities.dll" id="bbf8fb49-fe9d-6a9e-b5f9-877f321fe3e5">
      <Execution id="f11bfe0e-354b-45e3-915a-0b19610cbeda" />
      <TestMethod codeBase="F:\ETWork\bin\Tests\UnitTests.iCore.Workflow.Activities.dll" adapterTypeName="Microsoft.VisualStudio.TestTools.TestTypes.Unit.UnitTestAdapter" className="UnitTest.iCore.Workflow.Activities.iCPS.CreateEventActivityTests" name="Invoke_SyncEvent_BookmarkNameIsGuid" />
    </UnitTest>
    <UnitTest name="Invoke_SyncEventResumeWithSyncEventResult_ActivityCanResume" storage="f:\etwork\bin\tests\unittests.icore.workflow.activities.dll" id="1801a9ef-a18e-680f-9e8a-ab1e983536cd">
      <Execution id="fb356322-2e11-46c7-9e24-1356c7e0c853" />
      <TestMethod codeBase="F:\ETWork\bin\Tests\UnitTests.iCore.Workflow.Activities.dll" adapterTypeName="Microsoft.VisualStudio.TestTools.TestTypes.Unit.UnitTestAdapter" className="UnitTest.iCore.Workflow.Activities.iCPS.CreateEventActivityTests" name="Invoke_SyncEventResumeWithSyncEventResult_ActivityCanResume" />
    </UnitTest>
    <UnitTest name="Invoke_SyncEventResumeSyncEventResult_ActivityStateIsClosed" storage="f:\etwork\bin\tests\unittests.icore.workflow.activities.dll" id="8967657b-23f6-8dc9-e8f2-2bdaf12da6e0">
      <Execution id="aed65267-c275-4f1a-9fc5-6087fec92c0f" />
      <TestMethod codeBase="F:\ETWork\bin\Tests\UnitTests.iCore.Workflow.Activities.dll" adapterTypeName="Microsoft.VisualStudio.TestTools.TestTypes.Unit.UnitTestAdapter" className="UnitTest.iCore.Workflow.Activities.iCPS.CreateEventActivityTests" name="Invoke_SyncEventResumeSyncEventResult_ActivityStateIsClosed" />
    </UnitTest>
    <UnitTest name="Invoke_SyncEventResumeWithSyncEventResult_ResultIsSet" storage="f:\etwork\bin\tests\unittests.icore.workflow.activities.dll" id="2a2ad36e-2b79-5154-27bd-6af35751debf">
      <Execution id="df83e562-fae1-4bda-b9a3-0f4710687878" />
      <TestMethod codeBase="F:\ETWork\bin\Tests\UnitTests.iCore.Workflow.Activities.dll" adapterTypeName="Microsoft.VisualStudio.TestTools.TestTypes.Unit.UnitTestAdapter" className="UnitTest.iCore.Workflow.Activities.iCPS.CreateEventActivityTests" name="Invoke_SyncEventResumeWithSyncEventResult_ResultIsSet" />
    </UnitTest>
    <UnitTest name="Invoke_SyncEventResumeWithFailedSyncEventResult_ThrowsCOMException" storage="f:\etwork\bin\tests\unittests.icore.workflow.activities.dll" id="e2c58bf4-1fd1-8f69-3041-91faa3e931f4">
      <Execution id="333c4583-0426-46db-9488-8d9cfa093a57" />
      <TestMethod codeBase="F:\ETWork\bin\Tests\UnitTests.iCore.Workflow.Activities.dll" adapterTypeName="Microsoft.VisualStudio.TestTools.TestTypes.Unit.UnitTestAdapter" className="UnitTest.iCore.Workflow.Activities.iCPS.CreateEventActivityTests" name="Invoke_SyncEventResumeWithFailedSyncEventResult_ThrowsCOMException" />
    </UnitTest>
    <UnitTest name="Invoke_SyncEventResumeWithUnexpectedValue_ThrowsArgumentException" storage="f:\etwork\bin\tests\unittests.icore.workflow.activities.dll" id="964ef933-32a8-bcf1-2e27-d8abc741e481">
      <Execution id="921ae9ec-4675-41a0-9291-dca22e7d1a99" />
      <TestMethod codeBase="F:\ETWork\bin\Tests\UnitTests.iCore.Workflow.Activities.dll" adapterTypeName="Microsoft.VisualStudio.TestTools.TestTypes.Unit.UnitTestAdapter" className="UnitTest.iCore.Workflow.Activities.iCPS.CreateEventActivityTests" name="Invoke_SyncEventResumeWithUnexpectedValue_ThrowsArgumentException" />
    </UnitTest>
    <UnitTest name="Invoke_SyncEventResumeWithException_ThrowsException" storage="f:\etwork\bin\tests\unittests.icore.workflow.activities.dll" id="b460a9a2-889d-ad27-02ed-68d49da1a219">
      <Execution id="6416860a-3e11-437a-9b90-ca52f4c65ad5" />
      <TestMethod codeBase="F:\ETWork\bin\Tests\UnitTests.iCore.Workflow.Activities.dll" adapterTypeName="Microsoft.VisualStudio.TestTools.TestTypes.Unit.UnitTestAdapter" className="UnitTest.iCore.Workflow.Activities.iCPS.CreateEventActivityTests" name="Invoke_SyncEventResumeWithException_ThrowsException" />
    </UnitTest>
    <UnitTest name="Invoke_RequiredArgumentEventTypeIdIsMissing_ThrowsArgumentException" storage="f:\etwork\bin\tests\unittests.icore.workflow.activities.dll" id="5bb24f1a-8e30-b9a6-906e-7db11763ab3c">
      <Execution id="2134fe84-8f56-422c-bcd2-9d348842a109" />
      <TestMethod codeBase="F:\ETWork\bin\Tests\UnitTests.iCore.Workflow.Activities.dll" adapterTypeName="Microsoft.VisualStudio.TestTools.TestTypes.Unit.UnitTestAdapter" className="UnitTest.iCore.Workflow.Activities.iCPS.CreateEventActivityTests" name="Invoke_RequiredArgumentEventTypeIdIsMissing_ThrowsArgumentException" />
    </UnitTest>
    <UnitTest name="Invoke_NonLongRunning_ActivityColosed" storage="f:\etwork\bin\tests\unittests.icore.workflow.activities.dll" id="75396df8-305f-0415-92d9-db0fd61142c4">
      <Execution id="70e402d0-7af2-4624-b36d-e88b73042ffb" />
      <TestMethod codeBase="F:\ETWork\bin\Tests\UnitTests.iCore.Workflow.Activities.dll" adapterTypeName="Microsoft.VisualStudio.TestTools.TestTypes.Unit.UnitTestAdapter" className="UnitTest.iCore.Workflow.Activities.iCPS.ExecuteAdapterflowDefinitionActivityTests" name="Invoke_NonLongRunning_ActivityColosed" />
    </UnitTest>
    <UnitTest name="Invoke_LongRunning_ActivityClosed" storage="f:\etwork\bin\tests\unittests.icore.workflow.activities.dll" id="682ec8b4-8eff-5c1c-781d-9945dbb84a88">
      <Execution id="48461f1f-0281-48a5-99fd-fded1b8aac4f" />
      <TestMethod codeBase="F:\ETWork\bin\Tests\UnitTests.iCore.Workflow.Activities.dll" adapterTypeName="Microsoft.VisualStudio.TestTools.TestTypes.Unit.UnitTestAdapter" className="UnitTest.iCore.Workflow.Activities.iCPS.ExecuteAdapterflowDefinitionActivityTests" name="Invoke_LongRunning_ActivityClosed" />
    </UnitTest>
    <UnitTest name="Invoke_LongRunningResumeWithStringAsValue_ActivityThrows" storage="f:\etwork\bin\tests\unittests.icore.workflow.activities.dll" id="072aed82-6b21-4ab5-e184-4b5301abe6ed">
      <Execution id="ddf8e1b8-6697-43e0-928e-fec4e3af178c" />
      <TestMethod codeBase="F:\ETWork\bin\Tests\UnitTests.iCore.Workflow.Activities.dll" adapterTypeName="Microsoft.VisualStudio.TestTools.TestTypes.Unit.UnitTestAdapter" className="UnitTest.iCore.Workflow.Activities.iCPS.ExecuteAdapterflowDefinitionActivityTests" name="Invoke_LongRunningResumeWithStringAsValue_ActivityThrows" />
    </UnitTest>
    <UnitTest name="Invoke_LongRunning_ActivityBecomesIdle" storage="f:\etwork\bin\tests\unittests.icore.workflow.activities.dll" id="fc7b9cf2-4f2f-0d8a-eba9-5ab9fb9d6f18">
      <Execution id="bc3f7513-2c0a-4f13-9701-51142eb6e1ba" />
      <TestMethod codeBase="F:\ETWork\bin\Tests\UnitTests.iCore.Workflow.Activities.dll" adapterTypeName="Microsoft.VisualStudio.TestTools.TestTypes.Unit.UnitTestAdapter" className="UnitTest.iCore.Workflow.Activities.iCPS.ExecuteAdapterflowDefinitionActivityTests" name="Invoke_LongRunning_ActivityBecomesIdle" />
    </UnitTest>
    <UnitTest name="Invoke_LongRunning_ActivityCanResumeBookmark" storage="f:\etwork\bin\tests\unittests.icore.workflow.activities.dll" id="1d24b5a7-2607-fe9d-7025-576cce3901c3">
      <Execution id="bf83a7cb-8f1f-45f3-a2f2-0a0b2c55c7fe" />
      <TestMethod codeBase="F:\ETWork\bin\Tests\UnitTests.iCore.Workflow.Activities.dll" adapterTypeName="Microsoft.VisualStudio.TestTools.TestTypes.Unit.UnitTestAdapter" className="UnitTest.iCore.Workflow.Activities.iCPS.ExecuteAdapterflowDefinitionActivityTests" name="Invoke_LongRunning_ActivityCanResumeBookmark" />
    </UnitTest>
    <UnitTest name="Invoke_LongRunning_ActivityLogsOnJob" storage="f:\etwork\bin\tests\unittests.icore.workflow.activities.dll" id="f73b58f0-d7dc-c5a1-2acd-912e4f2151c0">
      <Execution id="c18b8c97-4af3-43e5-8f7a-248bedb9f3e2" />
      <TestMethod codeBase="F:\ETWork\bin\Tests\UnitTests.iCore.Workflow.Activities.dll" adapterTypeName="Microsoft.VisualStudio.TestTools.TestTypes.Unit.UnitTestAdapter" className="UnitTest.iCore.Workflow.Activities.iCPS.ExecuteAdapterflowDefinitionActivityTests" name="Invoke_LongRunning_ActivityLogsOnJob" />
    </UnitTest>
    <UnitTest name="Invoke_LongRunning_ActivityInvokesExecuteAdapterflowCompAsync" storage="f:\etwork\bin\tests\unittests.icore.workflow.activities.dll" id="d83133cd-2269-c35b-8ba5-08e81802e7e7">
      <Execution id="feb2cd43-3456-42cc-a22c-9dd85f078902" />
      <TestMethod codeBase="F:\ETWork\bin\Tests\UnitTests.iCore.Workflow.Activities.dll" adapterTypeName="Microsoft.VisualStudio.TestTools.TestTypes.Unit.UnitTestAdapter" className="UnitTest.iCore.Workflow.Activities.iCPS.ExecuteAdapterflowDefinitionActivityTests" name="Invoke_LongRunning_ActivityInvokesExecuteAdapterflowCompAsync" />
    </UnitTest>
    <UnitTest name="Invoke_NonLongRunning_ActivityInvokesExecuteAdapterflowCompSync" storage="f:\etwork\bin\tests\unittests.icore.workflow.activities.dll" id="6815f00b-1690-7e06-6e54-a2c4ec146288">
      <Execution id="4de41435-efcc-491e-967d-f44e9652c13e" />
      <TestMethod codeBase="F:\ETWork\bin\Tests\UnitTests.iCore.Workflow.Activities.dll" adapterTypeName="Microsoft.VisualStudio.TestTools.TestTypes.Unit.UnitTestAdapter" className="UnitTest.iCore.Workflow.Activities.iCPS.ExecuteAdapterflowDefinitionActivityTests" name="Invoke_NonLongRunning_ActivityInvokesExecuteAdapterflowCompSync" />
    </UnitTest>
    <UnitTest name="Invoke_LongRunning_ActivitySetsResult" storage="f:\etwork\bin\tests\unittests.icore.workflow.activities.dll" id="cc3dee1a-779e-6bdd-2013-016f19d7eed5">
      <Execution id="10cbd687-bf08-4b67-8912-b33643c340c7" />
      <TestMethod codeBase="F:\ETWork\bin\Tests\UnitTests.iCore.Workflow.Activities.dll" adapterTypeName="Microsoft.VisualStudio.TestTools.TestTypes.Unit.UnitTestAdapter" className="UnitTest.iCore.Workflow.Activities.iCPS.ExecuteAdapterflowDefinitionActivityTests" name="Invoke_LongRunning_ActivitySetsResult" />
    </UnitTest>
    <UnitTest name="Invoke_NonLongRunningSystemShutdown_ActivityIsNotCanceledDuringExecuiton" storage="f:\etwork\bin\tests\unittests.icore.workflow.activities.dll" id="deaef27d-8aa6-7162-4b49-ef7fd587d1ce">
      <Execution id="1ded9351-cdd7-4d62-8aa6-933b45c76b70" />
      <TestMethod codeBase="F:\ETWork\bin\Tests\UnitTests.iCore.Workflow.Activities.dll" adapterTypeName="Microsoft.VisualStudio.TestTools.TestTypes.Unit.UnitTestAdapter" className="UnitTest.iCore.Workflow.Activities.iCPS.ExecuteAdapterflowDefinitionActivityTests" name="Invoke_NonLongRunningSystemShutdown_ActivityIsNotCanceledDuringExecuiton" />
    </UnitTest>
    <UnitTest name="Invoke_LongRunningSystemShutDown_ActicityIsCanceled" storage="f:\etwork\bin\tests\unittests.icore.workflow.activities.dll" id="6c0d13ec-34e6-663d-b47e-f76887bcaa9b">
      <Execution id="cde85aed-4295-451e-9403-4fb7e1f88aca" />
      <TestMethod codeBase="F:\ETWork\bin\Tests\UnitTests.iCore.Workflow.Activities.dll" adapterTypeName="Microsoft.VisualStudio.TestTools.TestTypes.Unit.UnitTestAdapter" className="UnitTest.iCore.Workflow.Activities.iCPS.ExecuteAdapterflowDefinitionActivityTests" name="Invoke_LongRunningSystemShutDown_ActicityIsCanceled" />
    </UnitTest>
    <UnitTest name="Invoke_LongRunningSystemShutDown_ActicityInvokesCancelProcessingOnce" storage="f:\etwork\bin\tests\unittests.icore.workflow.activities.dll" id="8afed5b3-3bf6-9845-0f19-15eb7832aa84">
      <Execution id="ccf8a045-2f5d-4b77-b59a-0b18946ccd54" />
      <TestMethod codeBase="F:\ETWork\bin\Tests\UnitTests.iCore.Workflow.Activities.dll" adapterTypeName="Microsoft.VisualStudio.TestTools.TestTypes.Unit.UnitTestAdapter" className="UnitTest.iCore.Workflow.Activities.iCPS.ExecuteAdapterflowDefinitionActivityTests" name="Invoke_LongRunningSystemShutDown_ActicityInvokesCancelProcessingOnce" />
    </UnitTest>
    <UnitTest name="Invoke_CanceledActivity_CanNotResume" storage="f:\etwork\bin\tests\unittests.icore.workflow.activities.dll" id="fe9493c9-5e44-85dc-a202-12a16500f21f">
      <Execution id="5667a2a0-4cb0-49d1-93bb-818f54c8c904" />
      <TestMethod codeBase="F:\ETWork\bin\Tests\UnitTests.iCore.Workflow.Activities.dll" adapterTypeName="Microsoft.VisualStudio.TestTools.TestTypes.Unit.UnitTestAdapter" className="UnitTest.iCore.Workflow.Activities.iCPS.ExecuteAdapterflowDefinitionActivityTests" name="Invoke_CanceledActivity_CanNotResume" />
    </UnitTest>
    <UnitTest name="Invoke_NonLongRunningExecutionReturnsError_ThrowsTestException" storage="f:\etwork\bin\tests\unittests.icore.workflow.activities.dll" id="77720005-2405-25ba-e8cc-458965ca9b5e">
      <Execution id="28b20922-57e8-4dc5-94ef-29eec7a2f33f" />
      <TestMethod codeBase="F:\ETWork\bin\Tests\UnitTests.iCore.Workflow.Activities.dll" adapterTypeName="Microsoft.VisualStudio.TestTools.TestTypes.Unit.UnitTestAdapter" className="UnitTest.iCore.Workflow.Activities.iCPS.ExecuteAdapterflowDefinitionActivityTests" name="Invoke_NonLongRunningExecutionReturnsError_ThrowsTestException" />
    </UnitTest>
    <UnitTest name="Invoke_LongRunningExecutionReturnsError_ThrowsTestException" storage="f:\etwork\bin\tests\unittests.icore.workflow.activities.dll" id="e696b5f8-cd33-da6a-7425-28488e675e3b">
      <Execution id="a028221e-2d46-4ed5-8cc4-2b8b5ba5fa00" />
      <TestMethod codeBase="F:\ETWork\bin\Tests\UnitTests.iCore.Workflow.Activities.dll" adapterTypeName="Microsoft.VisualStudio.TestTools.TestTypes.Unit.UnitTestAdapter" className="UnitTest.iCore.Workflow.Activities.iCPS.ExecuteAdapterflowDefinitionActivityTests" name="Invoke_LongRunningExecutionReturnsError_ThrowsTestException" />
    </UnitTest>
    <UnitTest name="Invoke_RequiredExtensionISystemContextIsMissing_ThrowsValidationException" storage="f:\etwork\bin\tests\unittests.icore.workflow.activities.dll" id="2aa7469a-5368-bbaa-6df4-c0079548bddd">
      <Execution id="f56bfc79-3ada-4e0a-b33d-ddd6ba8f109f" />
      <TestMethod codeBase="F:\ETWork\bin\Tests\UnitTests.iCore.Workflow.Activities.dll" adapterTypeName="Microsoft.VisualStudio.TestTools.TestTypes.Unit.UnitTestAdapter" className="UnitTest.iCore.Workflow.Activities.iCPS.ExecuteAdapterflowDefinitionActivityTests" name="Invoke_RequiredExtensionISystemContextIsMissing_ThrowsValidationException" />
    </UnitTest>
    <UnitTest name="Invoke_RequiredExtensionIWorkflowExecuteContextProviderIsMissing_ThrowsValidationException" storage="f:\etwork\bin\tests\unittests.icore.workflow.activities.dll" id="2240f49e-2906-611d-229b-4dbb993e4e2e">
      <Execution id="200e0f74-cdfc-42cb-ae09-c1b489b3b765" />
      <TestMethod codeBase="F:\ETWork\bin\Tests\UnitTests.iCore.Workflow.Activities.dll" adapterTypeName="Microsoft.VisualStudio.TestTools.TestTypes.Unit.UnitTestAdapter" className="UnitTest.iCore.Workflow.Activities.iCPS.ExecuteAdapterflowDefinitionActivityTests" name="Invoke_RequiredExtensionIWorkflowExecuteContextProviderIsMissing_ThrowsValidationException" />
    </UnitTest>
    <UnitTest name="Invoke_RequiredExtensionIExecuteComponentExtensionIsMissing_ThrowsValidationException" storage="f:\etwork\bin\tests\unittests.icore.workflow.activities.dll" id="6cdd0dd1-d1f3-8ed6-fbdc-4c6212939182">
      <Execution id="902d93a1-c206-405a-8acd-aaa4457f0c6a" />
      <TestMethod codeBase="F:\ETWork\bin\Tests\UnitTests.iCore.Workflow.Activities.dll" adapterTypeName="Microsoft.VisualStudio.TestTools.TestTypes.Unit.UnitTestAdapter" className="UnitTest.iCore.Workflow.Activities.iCPS.ExecuteAdapterflowDefinitionActivityTests" name="Invoke_RequiredExtensionIExecuteComponentExtensionIsMissing_ThrowsValidationException" />
    </UnitTest>
    <UnitTest name="Invoke_OmitDefaultInArgumentInitParam_DefaultIsEmptyString" storage="f:\etwork\bin\tests\unittests.icore.workflow.activities.dll" id="e84b4b14-0447-54b4-84f9-7f586dde2ed5">
      <Execution id="98742e74-6a34-4203-86df-a3be8b351cfb" />
      <TestMethod codeBase="F:\ETWork\bin\Tests\UnitTests.iCore.Workflow.Activities.dll" adapterTypeName="Microsoft.VisualStudio.TestTools.TestTypes.Unit.UnitTestAdapter" className="UnitTest.iCore.Workflow.Activities.iCPS.ExecuteAdapterflowDefinitionActivityTests" name="Invoke_OmitDefaultInArgumentInitParam_DefaultIsEmptyString" />
    </UnitTest>
    <UnitTest name="Invoke_OmitDefaultInArgumentEventParam_DefaultIsEmptyString" storage="f:\etwork\bin\tests\unittests.icore.workflow.activities.dll" id="b8639911-e07b-c110-5a16-404058435831">
      <Execution id="c88d88f7-59f3-4c52-834d-46eb8415bf03" />
      <TestMethod codeBase="F:\ETWork\bin\Tests\UnitTests.iCore.Workflow.Activities.dll" adapterTypeName="Microsoft.VisualStudio.TestTools.TestTypes.Unit.UnitTestAdapter" className="UnitTest.iCore.Workflow.Activities.iCPS.ExecuteAdapterflowDefinitionActivityTests" name="Invoke_OmitDefaultInArgumentEventParam_DefaultIsEmptyString" />
    </UnitTest>
    <UnitTest name="Invoke_OmitDefaultInArgumentRunParam_DefaultIsEmptyString" storage="f:\etwork\bin\tests\unittests.icore.workflow.activities.dll" id="2d446096-ce18-d602-59a5-9217866b5c27">
      <Execution id="58865c05-9c4f-42b7-8410-3824f5503440" />
      <TestMethod codeBase="F:\ETWork\bin\Tests\UnitTests.iCore.Workflow.Activities.dll" adapterTypeName="Microsoft.VisualStudio.TestTools.TestTypes.Unit.UnitTestAdapter" className="UnitTest.iCore.Workflow.Activities.iCPS.ExecuteAdapterflowDefinitionActivityTests" name="Invoke_OmitDefaultInArgumentRunParam_DefaultIsEmptyString" />
    </UnitTest>
    <UnitTest name="Invoke_OmitDefaultInArgumentNodeId_DefaultIsMinusOne" storage="f:\etwork\bin\tests\unittests.icore.workflow.activities.dll" id="2cf0fc0f-60ba-a1ce-d30a-93224eb5d082">
      <Execution id="9ef51957-bbab-4825-a307-ec1330e8a355" />
      <TestMethod codeBase="F:\ETWork\bin\Tests\UnitTests.iCore.Workflow.Activities.dll" adapterTypeName="Microsoft.VisualStudio.TestTools.TestTypes.Unit.UnitTestAdapter" className="UnitTest.iCore.Workflow.Activities.iCPS.ExecuteAdapterflowDefinitionActivityTests" name="Invoke_OmitDefaultInArgumentNodeId_DefaultIsMinusOne" />
    </UnitTest>
    <UnitTest name="Invoke_OmitDefaultInArgumentIsLongRunning_DefaultIsTrue" storage="f:\etwork\bin\tests\unittests.icore.workflow.activities.dll" id="65ca50da-78ea-0369-d8b3-28d8ceea3034">
      <Execution id="b72bf182-0e62-43bf-b696-f6353ab5e67f" />
      <TestMethod codeBase="F:\ETWork\bin\Tests\UnitTests.iCore.Workflow.Activities.dll" adapterTypeName="Microsoft.VisualStudio.TestTools.TestTypes.Unit.UnitTestAdapter" className="UnitTest.iCore.Workflow.Activities.iCPS.ExecuteAdapterflowDefinitionActivityTests" name="Invoke_OmitDefaultInArgumentIsLongRunning_DefaultIsTrue" />
    </UnitTest>
    <UnitTest name="Invoke_ExcutionFails_ThrowsException" storage="f:\etwork\bin\tests\unittests.icore.workflow.activities.dll" id="e6c1f3cb-ccd6-752e-5937-e1814e693c7f">
      <Execution id="32f56391-ed09-4ad9-b9ab-fb253becc1ac" />
      <TestMethod codeBase="F:\ETWork\bin\Tests\UnitTests.iCore.Workflow.Activities.dll" adapterTypeName="Microsoft.VisualStudio.TestTools.TestTypes.Unit.UnitTestAdapter" className="UnitTest.iCore.Workflow.Activities.iCPS.ExecuteAdapterflowDefinitionActivityTests" name="Invoke_ExcutionFails_ThrowsException" />
    </UnitTest>
    <UnitTest name="Invoke_RequiredInArgumentAdapterflowIdIsMissing_ThrowsArgumentException" storage="f:\etwork\bin\tests\unittests.icore.workflow.activities.dll" id="acae9c74-d021-77f4-4fe2-0c263f2f4990">
      <Execution id="ac48a837-39f2-4c65-9c87-c36bf9647327" />
      <TestMethod codeBase="F:\ETWork\bin\Tests\UnitTests.iCore.Workflow.Activities.dll" adapterTypeName="Microsoft.VisualStudio.TestTools.TestTypes.Unit.UnitTestAdapter" className="UnitTest.iCore.Workflow.Activities.iCPS.ExecuteAdapterflowDefinitionActivityTests" name="Invoke_RequiredInArgumentAdapterflowIdIsMissing_ThrowsArgumentException" />
    </UnitTest>
    <UnitTest name="Invoke_NonLongRunning_ActivityColosed" storage="f:\etwork\bin\tests\unittests.icore.workflow.activities.dll" id="4d931708-9b2f-0e94-009f-bb26e1e289d4">
      <Execution id="83c02f74-92ae-46db-b8b3-84ea846a3193" />
      <TestMethod codeBase="F:\ETWork\bin\Tests\UnitTests.iCore.Workflow.Activities.dll" adapterTypeName="Microsoft.VisualStudio.TestTools.TestTypes.Unit.UnitTestAdapter" className="UnitTest.iCore.Workflow.Activities.iCPS.ExecuteScriptDefinitionActivityTests" name="Invoke_NonLongRunning_ActivityColosed" />
    </UnitTest>
    <UnitTest name="Invoke_LongRunning_ActivityClosed" storage="f:\etwork\bin\tests\unittests.icore.workflow.activities.dll" id="bf29e9f9-23cf-1c85-151a-89ce5c5d15f2">
      <Execution id="bb10d5fb-6d68-4d9e-8434-ca7e497685a1" />
      <TestMethod codeBase="F:\ETWork\bin\Tests\UnitTests.iCore.Workflow.Activities.dll" adapterTypeName="Microsoft.VisualStudio.TestTools.TestTypes.Unit.UnitTestAdapter" className="UnitTest.iCore.Workflow.Activities.iCPS.ExecuteScriptDefinitionActivityTests" name="Invoke_LongRunning_ActivityClosed" />
    </UnitTest>
    <UnitTest name="Invoke_LongRunningResumeWithStringAsValue_ActivityThrows" storage="f:\etwork\bin\tests\unittests.icore.workflow.activities.dll" id="b3a6862e-2b90-d229-2305-33fcd0d2ef47">
      <Execution id="fcfc4913-2e7d-4e18-a850-ca6e07ccada4" />
      <TestMethod codeBase="F:\ETWork\bin\Tests\UnitTests.iCore.Workflow.Activities.dll" adapterTypeName="Microsoft.VisualStudio.TestTools.TestTypes.Unit.UnitTestAdapter" className="UnitTest.iCore.Workflow.Activities.iCPS.ExecuteScriptDefinitionActivityTests" name="Invoke_LongRunningResumeWithStringAsValue_ActivityThrows" />
    </UnitTest>
    <UnitTest name="Invoke_LongRunning_ActivityBecomesIdle" storage="f:\etwork\bin\tests\unittests.icore.workflow.activities.dll" id="39458051-0c88-5c90-0cd8-0cf580c22595">
      <Execution id="6ac9a940-aa7d-4fa6-95c2-5e5fa28d119d" />
      <TestMethod codeBase="F:\ETWork\bin\Tests\UnitTests.iCore.Workflow.Activities.dll" adapterTypeName="Microsoft.VisualStudio.TestTools.TestTypes.Unit.UnitTestAdapter" className="UnitTest.iCore.Workflow.Activities.iCPS.ExecuteScriptDefinitionActivityTests" name="Invoke_LongRunning_ActivityBecomesIdle" />
    </UnitTest>
    <UnitTest name="Invoke_LongRunning_ActivityCanResumeBookmark" storage="f:\etwork\bin\tests\unittests.icore.workflow.activities.dll" id="baaa569c-3218-a146-5b70-e5ee3114f129">
      <Execution id="d88c7fd7-6c64-42b1-af8a-b466005b641a" />
      <TestMethod codeBase="F:\ETWork\bin\Tests\UnitTests.iCore.Workflow.Activities.dll" adapterTypeName="Microsoft.VisualStudio.TestTools.TestTypes.Unit.UnitTestAdapter" className="UnitTest.iCore.Workflow.Activities.iCPS.ExecuteScriptDefinitionActivityTests" name="Invoke_LongRunning_ActivityCanResumeBookmark" />
    </UnitTest>
    <UnitTest name="Invoke_LongRunning_ActivityLogsOnJob" storage="f:\etwork\bin\tests\unittests.icore.workflow.activities.dll" id="4fc41fdb-e6b5-52a8-4078-0191f061ccd2">
      <Execution id="2da1a8c4-d7f6-4c34-ad30-7855e270bf1c" />
      <TestMethod codeBase="F:\ETWork\bin\Tests\UnitTests.iCore.Workflow.Activities.dll" adapterTypeName="Microsoft.VisualStudio.TestTools.TestTypes.Unit.UnitTestAdapter" className="UnitTest.iCore.Workflow.Activities.iCPS.ExecuteScriptDefinitionActivityTests" name="Invoke_LongRunning_ActivityLogsOnJob" />
    </UnitTest>
    <UnitTest name="Invoke_LongRunning_ActivityInvokesExecuteScriptCompAsync" storage="f:\etwork\bin\tests\unittests.icore.workflow.activities.dll" id="b9e7d00c-12c4-a7d1-06b7-3ef988e5f22f">
      <Execution id="d3263720-a545-460f-8ab1-1e8583bc3c91" />
      <TestMethod codeBase="F:\ETWork\bin\Tests\UnitTests.iCore.Workflow.Activities.dll" adapterTypeName="Microsoft.VisualStudio.TestTools.TestTypes.Unit.UnitTestAdapter" className="UnitTest.iCore.Workflow.Activities.iCPS.ExecuteScriptDefinitionActivityTests" name="Invoke_LongRunning_ActivityInvokesExecuteScriptCompAsync" />
    </UnitTest>
    <UnitTest name="Invoke_NonLongRunning_ActivityInvokesExecuteScriptCompSync" storage="f:\etwork\bin\tests\unittests.icore.workflow.activities.dll" id="3ca518eb-c594-3416-42f9-56b73e60eec5">
      <Execution id="fe1d8057-721e-421b-8a6a-a9ad9e7035c9" />
      <TestMethod codeBase="F:\ETWork\bin\Tests\UnitTests.iCore.Workflow.Activities.dll" adapterTypeName="Microsoft.VisualStudio.TestTools.TestTypes.Unit.UnitTestAdapter" className="UnitTest.iCore.Workflow.Activities.iCPS.ExecuteScriptDefinitionActivityTests" name="Invoke_NonLongRunning_ActivityInvokesExecuteScriptCompSync" />
    </UnitTest>
    <UnitTest name="Invoke_LongRunning_ActivitySetsResult" storage="f:\etwork\bin\tests\unittests.icore.workflow.activities.dll" id="3ee20c3a-55f1-7388-7e7c-41554ac6057b">
      <Execution id="e22d107f-3a93-4874-aea1-6f649970c812" />
      <TestMethod codeBase="F:\ETWork\bin\Tests\UnitTests.iCore.Workflow.Activities.dll" adapterTypeName="Microsoft.VisualStudio.TestTools.TestTypes.Unit.UnitTestAdapter" className="UnitTest.iCore.Workflow.Activities.iCPS.ExecuteScriptDefinitionActivityTests" name="Invoke_LongRunning_ActivitySetsResult" />
    </UnitTest>
    <UnitTest name="Invoke_NonLongRunningSystemShutdown_ActivityIsNotCanceledDuringExecuiton" storage="f:\etwork\bin\tests\unittests.icore.workflow.activities.dll" id="96c0e6c6-47c6-34ea-0d1e-5c313917768a">
      <Execution id="61a1998c-af3d-4d98-91fb-5cf1ab8dcb58" />
      <TestMethod codeBase="F:\ETWork\bin\Tests\UnitTests.iCore.Workflow.Activities.dll" adapterTypeName="Microsoft.VisualStudio.TestTools.TestTypes.Unit.UnitTestAdapter" className="UnitTest.iCore.Workflow.Activities.iCPS.ExecuteScriptDefinitionActivityTests" name="Invoke_NonLongRunningSystemShutdown_ActivityIsNotCanceledDuringExecuiton" />
    </UnitTest>
    <UnitTest name="Invoke_LongRunningSystemShutDown_ActicityIsCanceled" storage="f:\etwork\bin\tests\unittests.icore.workflow.activities.dll" id="ba7ad645-0da0-7ad5-7e77-e11a47b17319">
      <Execution id="6840f868-9155-46ae-aca7-4dd2d7faa6bc" />
      <TestMethod codeBase="F:\ETWork\bin\Tests\UnitTests.iCore.Workflow.Activities.dll" adapterTypeName="Microsoft.VisualStudio.TestTools.TestTypes.Unit.UnitTestAdapter" className="UnitTest.iCore.Workflow.Activities.iCPS.ExecuteScriptDefinitionActivityTests" name="Invoke_LongRunningSystemShutDown_ActicityIsCanceled" />
    </UnitTest>
    <UnitTest name="Invoke_LongRunningSystemShutDown_ActicityInvokesCancelProcessingOnce" storage="f:\etwork\bin\tests\unittests.icore.workflow.activities.dll" id="4b179a2b-0d68-b720-7d82-29ecc4f0a431">
      <Execution id="1227aa36-84e2-482c-8c78-d643797b25ec" />
      <TestMethod codeBase="F:\ETWork\bin\Tests\UnitTests.iCore.Workflow.Activities.dll" adapterTypeName="Microsoft.VisualStudio.TestTools.TestTypes.Unit.UnitTestAdapter" className="UnitTest.iCore.Workflow.Activities.iCPS.ExecuteScriptDefinitionActivityTests" name="Invoke_LongRunningSystemShutDown_ActicityInvokesCancelProcessingOnce" />
    </UnitTest>
    <UnitTest name="Invoke_CanceledActivity_CanNotResume" storage="f:\etwork\bin\tests\unittests.icore.workflow.activities.dll" id="5f2c7963-f250-2c9e-068a-00be2e4bfd2a">
      <Execution id="27597e5a-77fb-4412-8582-e81ea4039b85" />
      <TestMethod codeBase="F:\ETWork\bin\Tests\UnitTests.iCore.Workflow.Activities.dll" adapterTypeName="Microsoft.VisualStudio.TestTools.TestTypes.Unit.UnitTestAdapter" className="UnitTest.iCore.Workflow.Activities.iCPS.ExecuteScriptDefinitionActivityTests" name="Invoke_CanceledActivity_CanNotResume" />
    </UnitTest>
    <UnitTest name="Invoke_NonLongRunningExecutionReturnsError_ThrowsTestException" storage="f:\etwork\bin\tests\unittests.icore.workflow.activities.dll" id="d8ec9ef1-54ff-5b05-a761-3c1a52d4879b">
      <Execution id="00de088a-714d-4c12-bc62-73f26e585942" />
      <TestMethod codeBase="F:\ETWork\bin\Tests\UnitTests.iCore.Workflow.Activities.dll" adapterTypeName="Microsoft.VisualStudio.TestTools.TestTypes.Unit.UnitTestAdapter" className="UnitTest.iCore.Workflow.Activities.iCPS.ExecuteScriptDefinitionActivityTests" name="Invoke_NonLongRunningExecutionReturnsError_ThrowsTestException" />
    </UnitTest>
    <UnitTest name="Invoke_LongRunningExecutionReturnsError_ThrowsTestException" storage="f:\etwork\bin\tests\unittests.icore.workflow.activities.dll" id="1a37ead4-45b5-4fc3-7321-cc68cf63df9c">
      <Execution id="0020ade7-7b1d-474b-8425-cebbd248ff37" />
      <TestMethod codeBase="F:\ETWork\bin\Tests\UnitTests.iCore.Workflow.Activities.dll" adapterTypeName="Microsoft.VisualStudio.TestTools.TestTypes.Unit.UnitTestAdapter" className="UnitTest.iCore.Workflow.Activities.iCPS.ExecuteScriptDefinitionActivityTests" name="Invoke_LongRunningExecutionReturnsError_ThrowsTestException" />
    </UnitTest>
    <UnitTest name="Invoke_RequiredExtensionISystemContextIsMissing_ThrowsValidationException" storage="f:\etwork\bin\tests\unittests.icore.workflow.activities.dll" id="484e649f-7c66-1d63-e700-a3dc588e23c7">
      <Execution id="ea41160d-edf2-4de7-bc36-7334c9000a17" />
      <TestMethod codeBase="F:\ETWork\bin\Tests\UnitTests.iCore.Workflow.Activities.dll" adapterTypeName="Microsoft.VisualStudio.TestTools.TestTypes.Unit.UnitTestAdapter" className="UnitTest.iCore.Workflow.Activities.iCPS.ExecuteScriptDefinitionActivityTests" name="Invoke_RequiredExtensionISystemContextIsMissing_ThrowsValidationException" />
    </UnitTest>
    <UnitTest name="Invoke_RequiredExtensionIWorkflowExecuteContextProviderIsMissing_ThrowsValidationException" storage="f:\etwork\bin\tests\unittests.icore.workflow.activities.dll" id="31247e26-5809-2357-212a-7eae258037e3">
      <Execution id="50a96ac4-54ec-45e2-9c8e-aeaae0e9ccee" />
      <TestMethod codeBase="F:\ETWork\bin\Tests\UnitTests.iCore.Workflow.Activities.dll" adapterTypeName="Microsoft.VisualStudio.TestTools.TestTypes.Unit.UnitTestAdapter" className="UnitTest.iCore.Workflow.Activities.iCPS.ExecuteScriptDefinitionActivityTests" name="Invoke_RequiredExtensionIWorkflowExecuteContextProviderIsMissing_ThrowsValidationException" />
    </UnitTest>
    <UnitTest name="Invoke_RequiredExtensionIExecuteComponentExtensionIsMissing_ThrowsValidationException" storage="f:\etwork\bin\tests\unittests.icore.workflow.activities.dll" id="aca73538-872b-ec15-3400-ebf5fff4c503">
      <Execution id="b7fb186a-73b3-41cd-b6e9-ff59917a3fb0" />
      <TestMethod codeBase="F:\ETWork\bin\Tests\UnitTests.iCore.Workflow.Activities.dll" adapterTypeName="Microsoft.VisualStudio.TestTools.TestTypes.Unit.UnitTestAdapter" className="UnitTest.iCore.Workflow.Activities.iCPS.ExecuteScriptDefinitionActivityTests" name="Invoke_RequiredExtensionIExecuteComponentExtensionIsMissing_ThrowsValidationException" />
    </UnitTest>
    <UnitTest name="Invoke_OmitDefaultInArgumentInitParam_DefaultIsEmptyString" storage="f:\etwork\bin\tests\unittests.icore.workflow.activities.dll" id="486ff3ed-c212-9189-4e25-c1e103bf4ca1">
      <Execution id="7d096c09-02f6-4f32-b00e-2f9f9e2cb275" />
      <TestMethod codeBase="F:\ETWork\bin\Tests\UnitTests.iCore.Workflow.Activities.dll" adapterTypeName="Microsoft.VisualStudio.TestTools.TestTypes.Unit.UnitTestAdapter" className="UnitTest.iCore.Workflow.Activities.iCPS.ExecuteScriptDefinitionActivityTests" name="Invoke_OmitDefaultInArgumentInitParam_DefaultIsEmptyString" />
    </UnitTest>
    <UnitTest name="Invoke_OmitDefaultInArgumentEventParam_DefaultIsEmptyString" storage="f:\etwork\bin\tests\unittests.icore.workflow.activities.dll" id="03daeab3-9a09-de51-b83a-279167e6003d">
      <Execution id="b276cc33-b51c-4bff-b601-792181d3e4c7" />
      <TestMethod codeBase="F:\ETWork\bin\Tests\UnitTests.iCore.Workflow.Activities.dll" adapterTypeName="Microsoft.VisualStudio.TestTools.TestTypes.Unit.UnitTestAdapter" className="UnitTest.iCore.Workflow.Activities.iCPS.ExecuteScriptDefinitionActivityTests" name="Invoke_OmitDefaultInArgumentEventParam_DefaultIsEmptyString" />
    </UnitTest>
    <UnitTest name="Invoke_OmitDefaultInArgumentRunParam_DefaultIsEmptyString" storage="f:\etwork\bin\tests\unittests.icore.workflow.activities.dll" id="bb7d1e55-39b6-e0c9-1946-f7def749f5ff">
      <Execution id="656650b9-bcd8-4a25-a09a-db4f105af41c" />
      <TestMethod codeBase="F:\ETWork\bin\Tests\UnitTests.iCore.Workflow.Activities.dll" adapterTypeName="Microsoft.VisualStudio.TestTools.TestTypes.Unit.UnitTestAdapter" className="UnitTest.iCore.Workflow.Activities.iCPS.ExecuteScriptDefinitionActivityTests" name="Invoke_OmitDefaultInArgumentRunParam_DefaultIsEmptyString" />
    </UnitTest>
    <UnitTest name="Invoke_OmitDefaultInArgumentNodeId_DefaultIsMinusOne" storage="f:\etwork\bin\tests\unittests.icore.workflow.activities.dll" id="913e9eba-9cdb-039d-2217-eda5a384b742">
      <Execution id="6c733710-9884-4bb1-b008-3c1955fcf521" />
      <TestMethod codeBase="F:\ETWork\bin\Tests\UnitTests.iCore.Workflow.Activities.dll" adapterTypeName="Microsoft.VisualStudio.TestTools.TestTypes.Unit.UnitTestAdapter" className="UnitTest.iCore.Workflow.Activities.iCPS.ExecuteScriptDefinitionActivityTests" name="Invoke_OmitDefaultInArgumentNodeId_DefaultIsMinusOne" />
    </UnitTest>
    <UnitTest name="Invoke_OmitDefaultInArgumentIsLongRunning_DefaultIsTrue" storage="f:\etwork\bin\tests\unittests.icore.workflow.activities.dll" id="75d4864e-b883-00d9-cb46-f1baf1af8af4">
      <Execution id="8d9507b2-5894-45ac-8a19-29e09f9bcacc" />
      <TestMethod codeBase="F:\ETWork\bin\Tests\UnitTests.iCore.Workflow.Activities.dll" adapterTypeName="Microsoft.VisualStudio.TestTools.TestTypes.Unit.UnitTestAdapter" className="UnitTest.iCore.Workflow.Activities.iCPS.ExecuteScriptDefinitionActivityTests" name="Invoke_OmitDefaultInArgumentIsLongRunning_DefaultIsTrue" />
    </UnitTest>
    <UnitTest name="Invoke_ExcutionFails_ThrowsException" storage="f:\etwork\bin\tests\unittests.icore.workflow.activities.dll" id="54337495-1bc9-60b1-7975-d8c80a0347d5">
      <Execution id="ad40f222-f32f-4ec8-959d-70203ba1a9ba" />
      <TestMethod codeBase="F:\ETWork\bin\Tests\UnitTests.iCore.Workflow.Activities.dll" adapterTypeName="Microsoft.VisualStudio.TestTools.TestTypes.Unit.UnitTestAdapter" className="UnitTest.iCore.Workflow.Activities.iCPS.ExecuteScriptDefinitionActivityTests" name="Invoke_ExcutionFails_ThrowsException" />
    </UnitTest>
    <UnitTest name="Invoke_RequiredInArgumentScriptIdIsMissing_ThrowsArgumentException" storage="f:\etwork\bin\tests\unittests.icore.workflow.activities.dll" id="b1aed6b3-28e8-c95d-6e79-9a0d3836cf5b">
      <Execution id="11cc43f8-f3fe-4357-9215-32c12f689c05" />
      <TestMethod codeBase="F:\ETWork\bin\Tests\UnitTests.iCore.Workflow.Activities.dll" adapterTypeName="Microsoft.VisualStudio.TestTools.TestTypes.Unit.UnitTestAdapter" className="UnitTest.iCore.Workflow.Activities.iCPS.ExecuteScriptDefinitionActivityTests" name="Invoke_RequiredInArgumentScriptIdIsMissing_ThrowsArgumentException" />
    </UnitTest>
    <UnitTest name="InvokeActivity_NormalExecution_Success" storage="f:\etwork\bin\tests\unittests.icore.workflow.activities.dll" id="b3cd2c2d-b3cf-b55b-3e18-c54c1caed222">
      <Execution id="083144e2-6f3a-4b93-8806-fade9936613a" />
      <TestMethod codeBase="F:\ETWork\bin\Tests\UnitTests.iCore.Workflow.Activities.dll" adapterTypeName="Microsoft.VisualStudio.TestTools.TestTypes.Unit.UnitTestAdapter" className="UnitTest.iCore.Workflow.Activities.iCPS.SpawnWorkflowActivityTests" name="InvokeActivity_NormalExecution_Success" />
    </UnitTest>
    <UnitTest name="Invoke_ValidParameterSuppliedwNoWaitForCompletion_ParameterSentToHostExtension" storage="f:\etwork\bin\tests\unittests.icore.workflow.activities.dll" id="dfd1b7a8-dc73-1ce6-9091-79aa35d05c1f">
      <Execution id="7c13fb1b-3535-492f-8f34-d06cb3799528" />
      <TestMethod codeBase="F:\ETWork\bin\Tests\UnitTests.iCore.Workflow.Activities.dll" adapterTypeName="Microsoft.VisualStudio.TestTools.TestTypes.Unit.UnitTestAdapter" className="UnitTest.iCore.Workflow.Activities.iCPS.SpawnWorkflowActivityTests" name="Invoke_ValidParameterSuppliedwNoWaitForCompletion_ParameterSentToHostExtension" />
    </UnitTest>
    <UnitTest name="InvokeActivity_RequiredExtensionIsMissing_UnhandledException" storage="f:\etwork\bin\tests\unittests.icore.workflow.activities.dll" id="36d895e9-bf54-5380-9ad7-d524d983e01d">
      <Execution id="078eeb59-fb80-4b64-be79-ed4533b7287b" />
      <TestMethod codeBase="F:\ETWork\bin\Tests\UnitTests.iCore.Workflow.Activities.dll" adapterTypeName="Microsoft.VisualStudio.TestTools.TestTypes.Unit.UnitTestAdapter" className="UnitTest.iCore.Workflow.Activities.iCPS.SpawnWorkflowActivityTests" name="InvokeActivity_RequiredExtensionIsMissing_UnhandledException" />
    </UnitTest>
    <UnitTest name="InvokeActivity_InspectDefaultValuesNoWait_Success" storage="f:\etwork\bin\tests\unittests.icore.workflow.activities.dll" id="54469cc0-a05c-8a55-a7b6-77d1ad9fa5a0">
      <Execution id="d4b5c1a3-9be7-48d2-b7df-fbda1241a476" />
      <TestMethod codeBase="F:\ETWork\bin\Tests\UnitTests.iCore.Workflow.Activities.dll" adapterTypeName="Microsoft.VisualStudio.TestTools.TestTypes.Unit.UnitTestAdapter" className="UnitTest.iCore.Workflow.Activities.iCPS.SpawnWorkflowActivityTests" name="InvokeActivity_InspectDefaultValuesNoWait_Success" />
    </UnitTest>
    <UnitTest name="InvokeActivity_InspectDefaultValuesWait_Success" storage="f:\etwork\bin\tests\unittests.icore.workflow.activities.dll" id="4a6cdf71-3723-cbd2-4b6d-b33379262d0f">
      <Execution id="2b86e7c3-0a2d-443e-bcb6-0b642a9c1537" />
      <TestMethod codeBase="F:\ETWork\bin\Tests\UnitTests.iCore.Workflow.Activities.dll" adapterTypeName="Microsoft.VisualStudio.TestTools.TestTypes.Unit.UnitTestAdapter" className="UnitTest.iCore.Workflow.Activities.iCPS.SpawnWorkflowActivityTests" name="InvokeActivity_InspectDefaultValuesWait_Success" />
    </UnitTest>
    <UnitTest name="InvokeActivity_WaitNoChildJob_Success" storage="f:\etwork\bin\tests\unittests.icore.workflow.activities.dll" id="604637eb-5861-e915-99e4-16854b9b81d0">
      <Execution id="a1540c16-d78d-4273-b524-aa8136f0e925" />
      <TestMethod codeBase="F:\ETWork\bin\Tests\UnitTests.iCore.Workflow.Activities.dll" adapterTypeName="Microsoft.VisualStudio.TestTools.TestTypes.Unit.UnitTestAdapter" className="UnitTest.iCore.Workflow.Activities.iCPS.SpawnWorkflowActivityTests" name="InvokeActivity_WaitNoChildJob_Success" />
    </UnitTest>
    <UnitTest name="InvokeActivity_WorkflowDefinitionIdDoesNotExistInSystem_ActivityThrowsException" storage="f:\etwork\bin\tests\unittests.icore.workflow.activities.dll" id="dba76ba6-45b9-643b-3546-acd61689ba7b">
      <Execution id="69e36c53-3046-4d2f-92de-ea9415e32f76" />
      <TestMethod codeBase="F:\ETWork\bin\Tests\UnitTests.iCore.Workflow.Activities.dll" adapterTypeName="Microsoft.VisualStudio.TestTools.TestTypes.Unit.UnitTestAdapter" className="UnitTest.iCore.Workflow.Activities.iCPS.SpawnWorkflowActivityTests" name="InvokeActivity_WorkflowDefinitionIdDoesNotExistInSystem_ActivityThrowsException" />
    </UnitTest>
    <UnitTest name="Invoke_WaitForCompletionSpawnedFails_ThrowsException" storage="f:\etwork\bin\tests\unittests.icore.workflow.activities.dll" id="8a707d97-88a3-2375-9f12-ae725e7e01b4">
      <Execution id="2133584e-8132-4b92-b8dc-c83953c221eb" />
      <TestMethod codeBase="F:\ETWork\bin\Tests\UnitTests.iCore.Workflow.Activities.dll" adapterTypeName="Microsoft.VisualStudio.TestTools.TestTypes.Unit.UnitTestAdapter" className="UnitTest.iCore.Workflow.Activities.iCPS.SpawnWorkflowActivityTests" name="Invoke_WaitForCompletionSpawnedFails_ThrowsException" />
    </UnitTest>
    <UnitTest name="Invoke_WaitForCompletionOutArgExists_ActivityCompletesWithCorrectOutput" storage="f:\etwork\bin\tests\unittests.icore.workflow.activities.dll" id="ee706cf6-a97c-783e-db14-1426d688b1cb">
      <Execution id="1985699a-753c-438e-a2e0-eea933897dba" />
      <TestMethod codeBase="F:\ETWork\bin\Tests\UnitTests.iCore.Workflow.Activities.dll" adapterTypeName="Microsoft.VisualStudio.TestTools.TestTypes.Unit.UnitTestAdapter" className="UnitTest.iCore.Workflow.Activities.iCPS.SpawnWorkflowActivityTests" name="Invoke_WaitForCompletionOutArgExists_ActivityCompletesWithCorrectOutput" />
    </UnitTest>
    <UnitTest name="Invoke_WaitForCompletionOutArgExistsButNotReturned_Throws" storage="f:\etwork\bin\tests\unittests.icore.workflow.activities.dll" id="f25b8196-dccb-eee0-7005-903f657d3804">
      <Execution id="6bb7f48a-fd0b-4bc1-bf3d-d40a83b75a92" />
      <TestMethod codeBase="F:\ETWork\bin\Tests\UnitTests.iCore.Workflow.Activities.dll" adapterTypeName="Microsoft.VisualStudio.TestTools.TestTypes.Unit.UnitTestAdapter" className="UnitTest.iCore.Workflow.Activities.iCPS.SpawnWorkflowActivityTests" name="Invoke_WaitForCompletionOutArgExistsButNotReturned_Throws" />
    </UnitTest>
    <UnitTest name="Invoke_AllInArguments_ActivityStateIsClosed" storage="f:\etwork\bin\tests\unittests.icore.workflow.activities.dll" id="7a6d23ae-1051-b127-a0d8-092c83b984be">
      <Execution id="73d1a935-c9c3-46d5-85bd-c958803bb96b" />
      <TestMethod codeBase="F:\ETWork\bin\Tests\UnitTests.iCore.Workflow.Activities.dll" adapterTypeName="Microsoft.VisualStudio.TestTools.TestTypes.Unit.UnitTestAdapter" className="UnitTest.iCore.Workflow.Activities.Filesystem.StopFilesystemListenerActivityTests" name="Invoke_AllInArguments_ActivityStateIsClosed" />
    </UnitTest>
    <UnitTest name="Invoke_AllInArguments_InvokesRemoveListenerOnce" storage="f:\etwork\bin\tests\unittests.icore.workflow.activities.dll" id="eef16b53-e401-5f79-d7eb-62cc4099131a">
      <Execution id="1efc4348-07f2-4ba6-9686-982da72253ff" />
      <TestMethod codeBase="F:\ETWork\bin\Tests\UnitTests.iCore.Workflow.Activities.dll" adapterTypeName="Microsoft.VisualStudio.TestTools.TestTypes.Unit.UnitTestAdapter" className="UnitTest.iCore.Workflow.Activities.Filesystem.StopFilesystemListenerActivityTests" name="Invoke_AllInArguments_InvokesRemoveListenerOnce" />
    </UnitTest>
    <UnitTest name="Invoke_AllInArguments_InvokesRemoveListenerWithWFInstanceId" storage="f:\etwork\bin\tests\unittests.icore.workflow.activities.dll" id="73378dcd-a06c-ec9c-b6d3-0a336e34ff58">
      <Execution id="9d8cd935-95cd-4deb-870f-7f7b7edf418e" />
      <TestMethod codeBase="F:\ETWork\bin\Tests\UnitTests.iCore.Workflow.Activities.dll" adapterTypeName="Microsoft.VisualStudio.TestTools.TestTypes.Unit.UnitTestAdapter" className="UnitTest.iCore.Workflow.Activities.Filesystem.StopFilesystemListenerActivityTests" name="Invoke_AllInArguments_InvokesRemoveListenerWithWFInstanceId" />
    </UnitTest>
    <UnitTest name="Invoke_AllInArguments_LogsOnJobId" storage="f:\etwork\bin\tests\unittests.icore.workflow.activities.dll" id="b85766d4-61be-2ed8-8789-719a57c1ee55">
      <Execution id="26a1c4f3-f507-4da0-a690-5bda70c739bb" />
      <TestMethod codeBase="F:\ETWork\bin\Tests\UnitTests.iCore.Workflow.Activities.dll" adapterTypeName="Microsoft.VisualStudio.TestTools.TestTypes.Unit.UnitTestAdapter" className="UnitTest.iCore.Workflow.Activities.Filesystem.StopFilesystemListenerActivityTests" name="Invoke_AllInArguments_LogsOnJobId" />
    </UnitTest>
    <UnitTest name="Invoke_ExecutionFails_ThrowsException" storage="f:\etwork\bin\tests\unittests.icore.workflow.activities.dll" id="586b52ca-638d-92eb-ec05-c29b2cf86cf8">
      <Execution id="efc960b6-ee32-48b3-a5e7-61d585f37187" />
      <TestMethod codeBase="F:\ETWork\bin\Tests\UnitTests.iCore.Workflow.Activities.dll" adapterTypeName="Microsoft.VisualStudio.TestTools.TestTypes.Unit.UnitTestAdapter" className="UnitTest.iCore.Workflow.Activities.Filesystem.StopFilesystemListenerActivityTests" name="Invoke_ExecutionFails_ThrowsException" />
    </UnitTest>
    <UnitTest name="Invoke_RequiredArgumentConfigurationIsMissing_ThrowsArgumentException" storage="f:\etwork\bin\tests\unittests.icore.workflow.activities.dll" id="570c4980-75b7-d2dd-3a6b-d74c141d16be">
      <Execution id="5bd2030d-819d-4525-b506-5016c1f66cf9" />
      <TestMethod codeBase="F:\ETWork\bin\Tests\UnitTests.iCore.Workflow.Activities.dll" adapterTypeName="Microsoft.VisualStudio.TestTools.TestTypes.Unit.UnitTestAdapter" className="UnitTest.iCore.Workflow.Activities.Filesystem.StopFilesystemListenerActivityTests" name="Invoke_RequiredArgumentConfigurationIsMissing_ThrowsArgumentException" />
    </UnitTest>
    <UnitTest name="Invoke_AllInArguments_InvokesActivateOnce" storage="f:\etwork\bin\tests\unittests.icore.workflow.activities.dll" id="1464c6e6-1d51-1ea9-f3d7-9a08e6e3e782">
      <Execution id="50436145-bf47-4053-a04c-c6cf4d1b0b2e" />
      <TestMethod codeBase="F:\ETWork\bin\Tests\UnitTests.iCore.Workflow.Activities.dll" adapterTypeName="Microsoft.VisualStudio.TestTools.TestTypes.Unit.UnitTestAdapter" className="UnitTest.iCore.Workflow.Activities.Filesystem.InternalGetNextFileActivityTests" name="Invoke_AllInArguments_InvokesActivateOnce" />
    </UnitTest>
    <UnitTest name="Invoke_SubscriptionNotStarted_ThrowsInvalidOperationException" storage="f:\etwork\bin\tests\unittests.icore.workflow.activities.dll" id="b243954a-41c5-7d12-8710-b84bb72c9870">
      <Execution id="d4371805-ab3a-4c96-a4da-7016d112c7d1" />
      <TestMethod codeBase="F:\ETWork\bin\Tests\UnitTests.iCore.Workflow.Activities.dll" adapterTypeName="Microsoft.VisualStudio.TestTools.TestTypes.Unit.UnitTestAdapter" className="UnitTest.iCore.Workflow.Activities.Filesystem.InternalGetNextFileActivityTests" name="Invoke_SubscriptionNotStarted_ThrowsInvalidOperationException" />
    </UnitTest>
    <UnitTest name="Invoke_AllInArguments_InvokesActivateWithTimeoutInFiveSeconds" storage="f:\etwork\bin\tests\unittests.icore.workflow.activities.dll" id="2811f0c8-270f-cd8e-fde0-401582fb7978">
      <Execution id="40aeae07-71fb-4829-92a6-c60484de6c31" />
      <TestMethod codeBase="F:\ETWork\bin\Tests\UnitTests.iCore.Workflow.Activities.dll" adapterTypeName="Microsoft.VisualStudio.TestTools.TestTypes.Unit.UnitTestAdapter" className="UnitTest.iCore.Workflow.Activities.Filesystem.InternalGetNextFileActivityTests" name="Invoke_AllInArguments_InvokesActivateWithTimeoutInFiveSeconds" />
    </UnitTest>
    <UnitTest name="Invoke_AllInArguments_ActivityBecomesIdle" storage="f:\etwork\bin\tests\unittests.icore.workflow.activities.dll" id="926decfa-b35f-9ff3-ec75-81dc9d412fd2">
      <Execution id="0dc37582-da4b-4d78-b3f8-889a5ad388c0" />
      <TestMethod codeBase="F:\ETWork\bin\Tests\UnitTests.iCore.Workflow.Activities.dll" adapterTypeName="Microsoft.VisualStudio.TestTools.TestTypes.Unit.UnitTestAdapter" className="UnitTest.iCore.Workflow.Activities.Filesystem.InternalGetNextFileActivityTests" name="Invoke_AllInArguments_ActivityBecomesIdle" />
    </UnitTest>
    <UnitTest name="Invoke_CancelActivityWhenIdle_ActivityStateIsCanceled" storage="f:\etwork\bin\tests\unittests.icore.workflow.activities.dll" id="075cf9d3-a55b-3967-b027-5249bc96c1e3">
      <Execution id="9f688e88-c052-412c-8669-0da0f19b8800" />
      <TestMethod codeBase="F:\ETWork\bin\Tests\UnitTests.iCore.Workflow.Activities.dll" adapterTypeName="Microsoft.VisualStudio.TestTools.TestTypes.Unit.UnitTestAdapter" className="UnitTest.iCore.Workflow.Activities.Filesystem.InternalGetNextFileActivityTests" name="Invoke_CancelActivityWhenIdle_ActivityStateIsCanceled" />
    </UnitTest>
    <UnitTest name="Invoke_CancelActivity_InvokesDeactivate" storage="f:\etwork\bin\tests\unittests.icore.workflow.activities.dll" id="cae623e6-2ebb-9e72-acb2-d3e933cc8bd1">
      <Execution id="7fd2bdcf-92ed-4f25-bbc2-452646ffecd4" />
      <TestMethod codeBase="F:\ETWork\bin\Tests\UnitTests.iCore.Workflow.Activities.dll" adapterTypeName="Microsoft.VisualStudio.TestTools.TestTypes.Unit.UnitTestAdapter" className="UnitTest.iCore.Workflow.Activities.Filesystem.InternalGetNextFileActivityTests" name="Invoke_CancelActivity_InvokesDeactivate" />
    </UnitTest>
    <UnitTest name="Invoke_ExecutionFails_InvokesDeactivate" storage="f:\etwork\bin\tests\unittests.icore.workflow.activities.dll" id="d2a26aa1-1bc6-8622-9b14-00379f96fd3a">
      <Execution id="c68e0054-f110-46db-889a-56e962a8d02a" />
      <TestMethod codeBase="F:\ETWork\bin\Tests\UnitTests.iCore.Workflow.Activities.dll" adapterTypeName="Microsoft.VisualStudio.TestTools.TestTypes.Unit.UnitTestAdapter" className="UnitTest.iCore.Workflow.Activities.Filesystem.InternalGetNextFileActivityTests" name="Invoke_ExecutionFails_InvokesDeactivate" />
    </UnitTest>
    <UnitTest name="Invoke_AllInArguments_OneBookmarkCreated" storage="f:\etwork\bin\tests\unittests.icore.workflow.activities.dll" id="d96c0db2-6742-4eda-fdaf-5b012a573a2a">
      <Execution id="0413bdda-0e21-466c-a42f-d819e80fdd69" />
      <TestMethod codeBase="F:\ETWork\bin\Tests\UnitTests.iCore.Workflow.Activities.dll" adapterTypeName="Microsoft.VisualStudio.TestTools.TestTypes.Unit.UnitTestAdapter" className="UnitTest.iCore.Workflow.Activities.Filesystem.InternalGetNextFileActivityTests" name="Invoke_AllInArguments_OneBookmarkCreated" />
    </UnitTest>
    <UnitTest name="Invoke_AllInArguments_BookmarkNameIsGuid" storage="f:\etwork\bin\tests\unittests.icore.workflow.activities.dll" id="aa4a87bc-6b96-9597-16de-b8f6f7888d6c">
      <Execution id="4b47c7f0-dcc9-4c35-a5e0-d4aa124fbda3" />
      <TestMethod codeBase="F:\ETWork\bin\Tests\UnitTests.iCore.Workflow.Activities.dll" adapterTypeName="Microsoft.VisualStudio.TestTools.TestTypes.Unit.UnitTestAdapter" className="UnitTest.iCore.Workflow.Activities.Filesystem.InternalGetNextFileActivityTests" name="Invoke_AllInArguments_BookmarkNameIsGuid" />
    </UnitTest>
    <UnitTest name="Invoke_ResumeWithValidValue_ActivityCanResume" storage="f:\etwork\bin\tests\unittests.icore.workflow.activities.dll" id="b31f0234-4ac9-9b85-46f6-b37e267bbccb">
      <Execution id="7db03e59-b199-4ea3-b01b-073b229479f5" />
      <TestMethod codeBase="F:\ETWork\bin\Tests\UnitTests.iCore.Workflow.Activities.dll" adapterTypeName="Microsoft.VisualStudio.TestTools.TestTypes.Unit.UnitTestAdapter" className="UnitTest.iCore.Workflow.Activities.Filesystem.InternalGetNextFileActivityTests" name="Invoke_ResumeWithValidValue_ActivityCanResume" />
    </UnitTest>
    <UnitTest name="Invoke_ResumedWithValidValue_ActivityStateIsClosed" storage="f:\etwork\bin\tests\unittests.icore.workflow.activities.dll" id="505a648d-94f9-6704-efd0-207802942134">
      <Execution id="d89455c0-4a4d-41ba-be80-5e71373b9050" />
      <TestMethod codeBase="F:\ETWork\bin\Tests\UnitTests.iCore.Workflow.Activities.dll" adapterTypeName="Microsoft.VisualStudio.TestTools.TestTypes.Unit.UnitTestAdapter" className="UnitTest.iCore.Workflow.Activities.Filesystem.InternalGetNextFileActivityTests" name="Invoke_ResumedWithValidValue_ActivityStateIsClosed" />
    </UnitTest>
    <UnitTest name="Invoke_ResumedWithValidValue_OutArgumentFileNameIsSet" storage="f:\etwork\bin\tests\unittests.icore.workflow.activities.dll" id="9d351aa4-3945-d66a-6668-2a4e422f4b24">
      <Execution id="2dba94c7-a90a-4372-a85e-84c8b14d34a4" />
      <TestMethod codeBase="F:\ETWork\bin\Tests\UnitTests.iCore.Workflow.Activities.dll" adapterTypeName="Microsoft.VisualStudio.TestTools.TestTypes.Unit.UnitTestAdapter" className="UnitTest.iCore.Workflow.Activities.Filesystem.InternalGetNextFileActivityTests" name="Invoke_ResumedWithValidValue_OutArgumentFileNameIsSet" />
    </UnitTest>
    <UnitTest name="Invoke_ResumedWithValidValue_OutArgumentFileFullNameIsSet" storage="f:\etwork\bin\tests\unittests.icore.workflow.activities.dll" id="801d24b1-1dba-2ac4-9caf-a15270643822">
      <Execution id="8034392a-1a5c-41ed-8f14-bbf893d0c3c9" />
      <TestMethod codeBase="F:\ETWork\bin\Tests\UnitTests.iCore.Workflow.Activities.dll" adapterTypeName="Microsoft.VisualStudio.TestTools.TestTypes.Unit.UnitTestAdapter" className="UnitTest.iCore.Workflow.Activities.Filesystem.InternalGetNextFileActivityTests" name="Invoke_ResumedWithValidValue_OutArgumentFileFullNameIsSet" />
    </UnitTest>
    <UnitTest name="Invoke_ErrorOnTimeoutIsFalseResumedWithTimeoutException_OutArgumentFileNameIsNull" storage="f:\etwork\bin\tests\unittests.icore.workflow.activities.dll" id="89141845-d242-4d06-d3fc-2c75a6313f5e">
      <Execution id="f097721d-38da-4847-b4c4-79130cee921a" />
      <TestMethod codeBase="F:\ETWork\bin\Tests\UnitTests.iCore.Workflow.Activities.dll" adapterTypeName="Microsoft.VisualStudio.TestTools.TestTypes.Unit.UnitTestAdapter" className="UnitTest.iCore.Workflow.Activities.Filesystem.InternalGetNextFileActivityTests" name="Invoke_ErrorOnTimeoutIsFalseResumedWithTimeoutException_OutArgumentFileNameIsNull" />
    </UnitTest>
    <UnitTest name="Invoke_ErrorOnTimeoutIsFalseResumedWithTimeoutException_OutArgumentFileFullNameIsNull" storage="f:\etwork\bin\tests\unittests.icore.workflow.activities.dll" id="aae5d006-01a8-73fb-f3b4-77233a8a7f91">
      <Execution id="769568b9-22fe-4654-9e13-6052b36f226c" />
      <TestMethod codeBase="F:\ETWork\bin\Tests\UnitTests.iCore.Workflow.Activities.dll" adapterTypeName="Microsoft.VisualStudio.TestTools.TestTypes.Unit.UnitTestAdapter" className="UnitTest.iCore.Workflow.Activities.Filesystem.InternalGetNextFileActivityTests" name="Invoke_ErrorOnTimeoutIsFalseResumedWithTimeoutException_OutArgumentFileFullNameIsNull" />
    </UnitTest>
    <UnitTest name="Abort_ResumedActivityThrowsException_InvokeDeactivate" storage="f:\etwork\bin\tests\unittests.icore.workflow.activities.dll" id="9bdfb23e-2953-a42f-4873-0ca4ee4176b7">
      <Execution id="f9687dd4-9099-441f-b260-078bdd9e8772" />
      <TestMethod codeBase="F:\ETWork\bin\Tests\UnitTests.iCore.Workflow.Activities.dll" adapterTypeName="Microsoft.VisualStudio.TestTools.TestTypes.Unit.UnitTestAdapter" className="UnitTest.iCore.Workflow.Activities.Filesystem.InternalGetNextFileActivityTests" name="Abort_ResumedActivityThrowsException_InvokeDeactivate" />
    </UnitTest>
    <UnitTest name="Abort_ExecuteingActivityThrowsException_InvokeDeactivate" storage="f:\etwork\bin\tests\unittests.icore.workflow.activities.dll" id="6633bbac-eabc-dc02-aaf3-51b6cd74bd4d">
      <Execution id="b59babf4-9962-4153-b66a-7e9cdd961b9e" />
      <TestMethod codeBase="F:\ETWork\bin\Tests\UnitTests.iCore.Workflow.Activities.dll" adapterTypeName="Microsoft.VisualStudio.TestTools.TestTypes.Unit.UnitTestAdapter" className="UnitTest.iCore.Workflow.Activities.Filesystem.InternalGetNextFileActivityTests" name="Abort_ExecuteingActivityThrowsException_InvokeDeactivate" />
    </UnitTest>
    <UnitTest name="Invoke_ErrorOnTimeoutTrueResumedWithTestException_ThrowsTestException" storage="f:\etwork\bin\tests\unittests.icore.workflow.activities.dll" id="3eb7d08e-9448-c2a3-d463-292a6b933549">
      <Execution id="2a0397e1-a031-4539-9d41-3c4f40e351f9" />
      <TestMethod codeBase="F:\ETWork\bin\Tests\UnitTests.iCore.Workflow.Activities.dll" adapterTypeName="Microsoft.VisualStudio.TestTools.TestTypes.Unit.UnitTestAdapter" className="UnitTest.iCore.Workflow.Activities.Filesystem.InternalGetNextFileActivityTests" name="Invoke_ErrorOnTimeoutTrueResumedWithTestException_ThrowsTestException" />
    </UnitTest>
    <UnitTest name="Invoke_ResumedWithTestException_ThrowsTestException" storage="f:\etwork\bin\tests\unittests.icore.workflow.activities.dll" id="20dce59e-5338-cffa-afbf-b5e86352e303">
      <Execution id="b8128dd4-5c63-41ca-a649-ff9cddfd156b" />
      <TestMethod codeBase="F:\ETWork\bin\Tests\UnitTests.iCore.Workflow.Activities.dll" adapterTypeName="Microsoft.VisualStudio.TestTools.TestTypes.Unit.UnitTestAdapter" className="UnitTest.iCore.Workflow.Activities.Filesystem.InternalGetNextFileActivityTests" name="Invoke_ResumedWithTestException_ThrowsTestException" />
    </UnitTest>
    <UnitTest name="Invoke_ResumedWithUnsupportedDataType_ThrowsException" storage="f:\etwork\bin\tests\unittests.icore.workflow.activities.dll" id="090e8714-990a-a7db-aba9-61368889e451">
      <Execution id="595fa2b6-4a90-43ff-9f04-20ff5c598ca0" />
      <TestMethod codeBase="F:\ETWork\bin\Tests\UnitTests.iCore.Workflow.Activities.dll" adapterTypeName="Microsoft.VisualStudio.TestTools.TestTypes.Unit.UnitTestAdapter" className="UnitTest.iCore.Workflow.Activities.Filesystem.InternalGetNextFileActivityTests" name="Invoke_ResumedWithUnsupportedDataType_ThrowsException" />
    </UnitTest>
    <UnitTest name="Invoke_RequiredInArgumentConnecitonIsMissing_ThrowsArgumentException" storage="f:\etwork\bin\tests\unittests.icore.workflow.activities.dll" id="f0c87f24-19ef-0fdb-f774-a0438579b267">
      <Execution id="ad2ddbed-5024-4d6e-b65d-5ea6630e523c" />
      <TestMethod codeBase="F:\ETWork\bin\Tests\UnitTests.iCore.Workflow.Activities.dll" adapterTypeName="Microsoft.VisualStudio.TestTools.TestTypes.Unit.UnitTestAdapter" className="UnitTest.iCore.Workflow.Activities.Filesystem.InternalGetNextFileActivityTests" name="Invoke_RequiredInArgumentConnecitonIsMissing_ThrowsArgumentException" />
    </UnitTest>
    <UnitTest name="Invoke_RequiredInArgumentTimeoutIsMissing_ThrowsArgumentException" storage="f:\etwork\bin\tests\unittests.icore.workflow.activities.dll" id="e56e0878-08aa-4af3-ee8f-c64817e18fbb">
      <Execution id="c8ac2cff-aca9-472d-8e53-bae5e1702a1c" />
      <TestMethod codeBase="F:\ETWork\bin\Tests\UnitTests.iCore.Workflow.Activities.dll" adapterTypeName="Microsoft.VisualStudio.TestTools.TestTypes.Unit.UnitTestAdapter" className="UnitTest.iCore.Workflow.Activities.Filesystem.InternalGetNextFileActivityTests" name="Invoke_RequiredInArgumentTimeoutIsMissing_ThrowsArgumentException" />
    </UnitTest>
    <UnitTest name="Invoke_RequiredInArgumentErrorOnTimeoutIsMissing_ThrowsArgumentException" storage="f:\etwork\bin\tests\unittests.icore.workflow.activities.dll" id="9912ae1a-42c3-1ed8-98e4-fb290b02b3d5">
      <Execution id="27c88eea-edef-44b3-81bd-97b00caf95ea" />
      <TestMethod codeBase="F:\ETWork\bin\Tests\UnitTests.iCore.Workflow.Activities.dll" adapterTypeName="Microsoft.VisualStudio.TestTools.TestTypes.Unit.UnitTestAdapter" className="UnitTest.iCore.Workflow.Activities.Filesystem.InternalGetNextFileActivityTests" name="Invoke_RequiredInArgumentErrorOnTimeoutIsMissing_ThrowsArgumentException" />
    </UnitTest>
    <UnitTest name="Invoke_AllInArguments_LogsOnJobId" storage="f:\etwork\bin\tests\unittests.icore.workflow.activities.dll" id="92582867-9efc-bbb8-6bca-2540db062391">
      <Execution id="77c06098-fa32-4b5e-be29-bf3364261b52" />
      <TestMethod codeBase="F:\ETWork\bin\Tests\UnitTests.iCore.Workflow.Activities.dll" adapterTypeName="Microsoft.VisualStudio.TestTools.TestTypes.Unit.UnitTestAdapter" className="UnitTest.iCore.Workflow.Activities.Filesystem.InternalGetNextFileActivityTests" name="Invoke_AllInArguments_LogsOnJobId" />
    </UnitTest>
    <UnitTest name="Invoke_WaitingForFile_CancelableSectionEntered" storage="f:\etwork\bin\tests\unittests.icore.workflow.activities.dll" id="e1fc4273-e297-2acc-f5b4-ca916ced505b">
      <Execution id="d44a524e-721b-461f-b58e-c00f83daabb3" />
      <TestMethod codeBase="F:\ETWork\bin\Tests\UnitTests.iCore.Workflow.Activities.dll" adapterTypeName="Microsoft.VisualStudio.TestTools.TestTypes.Unit.UnitTestAdapter" className="UnitTest.iCore.Workflow.Activities.Filesystem.InternalGetNextFileActivityTests" name="Invoke_WaitingForFile_CancelableSectionEntered" />
    </UnitTest>
    <UnitTest name="Invoke_WaitingForFileAndFileFound_CancelableSectionExited" storage="f:\etwork\bin\tests\unittests.icore.workflow.activities.dll" id="5a34ad7e-d4d1-b189-3827-024e9fbcda4f">
      <Execution id="73e66633-0588-4e79-9ac3-c8632471b07c" />
      <TestMethod codeBase="F:\ETWork\bin\Tests\UnitTests.iCore.Workflow.Activities.dll" adapterTypeName="Microsoft.VisualStudio.TestTools.TestTypes.Unit.UnitTestAdapter" className="UnitTest.iCore.Workflow.Activities.Filesystem.InternalGetNextFileActivityTests" name="Invoke_WaitingForFileAndFileFound_CancelableSectionExited" />
    </UnitTest>
    <UnitTest name="Invoke_WaitingForFileAndIsImplicitlyCancellableIsFalse_CancelableSectionNotEntered" storage="f:\etwork\bin\tests\unittests.icore.workflow.activities.dll" id="54cc36ea-c33b-e8a3-5a49-311b18744e81">
      <Execution id="d0e6cb63-4088-4e9f-81f5-2bb3b661c5f4" />
      <TestMethod codeBase="F:\ETWork\bin\Tests\UnitTests.iCore.Workflow.Activities.dll" adapterTypeName="Microsoft.VisualStudio.TestTools.TestTypes.Unit.UnitTestAdapter" className="UnitTest.iCore.Workflow.Activities.Filesystem.InternalGetNextFileActivityTests" name="Invoke_WaitingForFileAndIsImplicitlyCancellableIsFalse_CancelableSectionNotEntered" />
    </UnitTest>
    <UnitTest name="Invoke_WaitingForFileAndFileFoundAndIsImplicitlyCancellableIsFalse_CancelableSectionNotExited" storage="f:\etwork\bin\tests\unittests.icore.workflow.activities.dll" id="af48de1e-d62f-94e9-1519-e956d9ab7b81">
      <Execution id="bc7dfc79-74cf-4c5c-845c-08a27f913836" />
      <TestMethod codeBase="F:\ETWork\bin\Tests\UnitTests.iCore.Workflow.Activities.dll" adapterTypeName="Microsoft.VisualStudio.TestTools.TestTypes.Unit.UnitTestAdapter" className="UnitTest.iCore.Workflow.Activities.Filesystem.InternalGetNextFileActivityTests" name="Invoke_WaitingForFileAndFileFoundAndIsImplicitlyCancellableIsFalse_CancelableSectionNotExited" />
    </UnitTest>
    <UnitTest name="Invoke_AllInArguments_ActivityStateIsClosed" storage="f:\etwork\bin\tests\unittests.icore.workflow.activities.dll" id="53554ca9-b5ef-f8a9-e3b1-6313d3213c40">
      <Execution id="0a7c95a0-9376-4dd8-a56d-3f31fe668ab5" />
      <TestMethod codeBase="F:\ETWork\bin\Tests\UnitTests.iCore.Workflow.Activities.dll" adapterTypeName="Microsoft.VisualStudio.TestTools.TestTypes.Unit.UnitTestAdapter" className="UnitTest.iCore.Workflow.Activities.Filesystem.CreateFilesystemListenerConfigurationTests" name="Invoke_AllInArguments_ActivityStateIsClosed" />
    </UnitTest>
    <UnitTest name="Invoke_AllInArguments_ResultIsNotNull" storage="f:\etwork\bin\tests\unittests.icore.workflow.activities.dll" id="bd1aa9bc-c7d5-cac9-f856-9a5b439a1865">
      <Execution id="c6428d97-542f-4858-a29b-1a7629700956" />
      <TestMethod codeBase="F:\ETWork\bin\Tests\UnitTests.iCore.Workflow.Activities.dll" adapterTypeName="Microsoft.VisualStudio.TestTools.TestTypes.Unit.UnitTestAdapter" className="UnitTest.iCore.Workflow.Activities.Filesystem.CreateFilesystemListenerConfigurationTests" name="Invoke_AllInArguments_ResultIsNotNull" />
    </UnitTest>
    <UnitTest name="Invoke_AllInArguments_ResultsDirectoryEqualsExpected" storage="f:\etwork\bin\tests\unittests.icore.workflow.activities.dll" id="0ad3e0c7-6918-38a5-348a-d0c13ada8d30">
      <Execution id="db3c3187-e3dd-4369-a970-227b0feeb4a4" />
      <TestMethod codeBase="F:\ETWork\bin\Tests\UnitTests.iCore.Workflow.Activities.dll" adapterTypeName="Microsoft.VisualStudio.TestTools.TestTypes.Unit.UnitTestAdapter" className="UnitTest.iCore.Workflow.Activities.Filesystem.CreateFilesystemListenerConfigurationTests" name="Invoke_AllInArguments_ResultsDirectoryEqualsExpected" />
    </UnitTest>
    <UnitTest name="Invoke_AllInArguments_ResultsFilterEqualsExpected" storage="f:\etwork\bin\tests\unittests.icore.workflow.activities.dll" id="1d0e4f08-0905-640f-9071-abda0e9ec4eb">
      <Execution id="8b2034a5-4238-4de6-af83-7f744e0d5fc4" />
      <TestMethod codeBase="F:\ETWork\bin\Tests\UnitTests.iCore.Workflow.Activities.dll" adapterTypeName="Microsoft.VisualStudio.TestTools.TestTypes.Unit.UnitTestAdapter" className="UnitTest.iCore.Workflow.Activities.Filesystem.CreateFilesystemListenerConfigurationTests" name="Invoke_AllInArguments_ResultsFilterEqualsExpected" />
    </UnitTest>
    <UnitTest name="Invoke_AllInArguments_ResultsRecursiveEqualsExpected" storage="f:\etwork\bin\tests\unittests.icore.workflow.activities.dll" id="7f3ddf82-1346-ec3e-46b5-bbc09f214eef">
      <Execution id="7af98d07-8e2e-4291-a4ba-14c792388f1f" />
      <TestMethod codeBase="F:\ETWork\bin\Tests\UnitTests.iCore.Workflow.Activities.dll" adapterTypeName="Microsoft.VisualStudio.TestTools.TestTypes.Unit.UnitTestAdapter" className="UnitTest.iCore.Workflow.Activities.Filesystem.CreateFilesystemListenerConfigurationTests" name="Invoke_AllInArguments_ResultsRecursiveEqualsExpected" />
    </UnitTest>
    <UnitTest name="Invoke_AllInArguments_ResultsScanForFilesOnStartEqualsExpected" storage="f:\etwork\bin\tests\unittests.icore.workflow.activities.dll" id="2b26951f-b70c-19b1-6eab-11394cac6c01">
      <Execution id="9677b318-9427-4950-a953-74b85344f25a" />
      <TestMethod codeBase="F:\ETWork\bin\Tests\UnitTests.iCore.Workflow.Activities.dll" adapterTypeName="Microsoft.VisualStudio.TestTools.TestTypes.Unit.UnitTestAdapter" className="UnitTest.iCore.Workflow.Activities.Filesystem.CreateFilesystemListenerConfigurationTests" name="Invoke_AllInArguments_ResultsScanForFilesOnStartEqualsExpected" />
    </UnitTest>
    <UnitTest name="Invoke_AllInArguments_ResultsSettleTimeEqualsExpected" storage="f:\etwork\bin\tests\unittests.icore.workflow.activities.dll" id="06c2ff37-a4f0-e97d-df46-21e6eee2ad8b">
      <Execution id="e0f1d02c-3052-4bc5-9d7a-c6480fa97601" />
      <TestMethod codeBase="F:\ETWork\bin\Tests\UnitTests.iCore.Workflow.Activities.dll" adapterTypeName="Microsoft.VisualStudio.TestTools.TestTypes.Unit.UnitTestAdapter" className="UnitTest.iCore.Workflow.Activities.Filesystem.CreateFilesystemListenerConfigurationTests" name="Invoke_AllInArguments_ResultsSettleTimeEqualsExpected" />
    </UnitTest>
    <UnitTest name="Invoke_AllInArguments_ResultsWatchTypeEqualsExpected" storage="f:\etwork\bin\tests\unittests.icore.workflow.activities.dll" id="7df14545-0c85-cb0c-1dea-db39f0abc863">
      <Execution id="c2084e0b-5976-4951-aa38-65cd53b2c924" />
      <TestMethod codeBase="F:\ETWork\bin\Tests\UnitTests.iCore.Workflow.Activities.dll" adapterTypeName="Microsoft.VisualStudio.TestTools.TestTypes.Unit.UnitTestAdapter" className="UnitTest.iCore.Workflow.Activities.Filesystem.CreateFilesystemListenerConfigurationTests" name="Invoke_AllInArguments_ResultsWatchTypeEqualsExpected" />
    </UnitTest>
    <UnitTest name="Invoke_RequiredArgumentDirectoryIsMissing_ThrowsArgumentException" storage="f:\etwork\bin\tests\unittests.icore.workflow.activities.dll" id="9f109a89-0d7d-2404-90a0-11df4191d73b">
      <Execution id="b73cfa7d-5656-4433-a13a-67f50184e012" />
      <TestMethod codeBase="F:\ETWork\bin\Tests\UnitTests.iCore.Workflow.Activities.dll" adapterTypeName="Microsoft.VisualStudio.TestTools.TestTypes.Unit.UnitTestAdapter" className="UnitTest.iCore.Workflow.Activities.Filesystem.CreateFilesystemListenerConfigurationTests" name="Invoke_RequiredArgumentDirectoryIsMissing_ThrowsArgumentException" />
    </UnitTest>
    <UnitTest name="Allocate_InspectDefaultValues_DefaultFilterIsAllFiles" storage="f:\etwork\bin\tests\unittests.icore.workflow.activities.dll" id="371320e0-51fe-403f-a52b-d8e768aa2878">
      <Execution id="93f7b149-16f8-44fc-aefe-c88fcfce73b6" />
      <TestMethod codeBase="F:\ETWork\bin\Tests\UnitTests.iCore.Workflow.Activities.dll" adapterTypeName="Microsoft.VisualStudio.TestTools.TestTypes.Unit.UnitTestAdapter" className="UnitTest.iCore.Workflow.Activities.Filesystem.CreateFilesystemListenerConfigurationTests" name="Allocate_InspectDefaultValues_DefaultFilterIsAllFiles" />
    </UnitTest>
    <UnitTest name="Allocate_InspectDefaultValues_DefaultRecursiveIsFalse" storage="f:\etwork\bin\tests\unittests.icore.workflow.activities.dll" id="72b72aaf-6d8b-3b86-6ba3-dcc36f6db6e4">
      <Execution id="de8a5598-06b4-4f9e-b633-bb9296c9f299" />
      <TestMethod codeBase="F:\ETWork\bin\Tests\UnitTests.iCore.Workflow.Activities.dll" adapterTypeName="Microsoft.VisualStudio.TestTools.TestTypes.Unit.UnitTestAdapter" className="UnitTest.iCore.Workflow.Activities.Filesystem.CreateFilesystemListenerConfigurationTests" name="Allocate_InspectDefaultValues_DefaultRecursiveIsFalse" />
    </UnitTest>
    <UnitTest name="Allocate_InspectDefaultValues_DefaultScanForFilesIsTrue" storage="f:\etwork\bin\tests\unittests.icore.workflow.activities.dll" id="7b7fd2c5-877a-b18b-0f5f-5716bb1cd12a">
      <Execution id="a3d8e107-9577-4e55-ae77-1006d75325c6" />
      <TestMethod codeBase="F:\ETWork\bin\Tests\UnitTests.iCore.Workflow.Activities.dll" adapterTypeName="Microsoft.VisualStudio.TestTools.TestTypes.Unit.UnitTestAdapter" className="UnitTest.iCore.Workflow.Activities.Filesystem.CreateFilesystemListenerConfigurationTests" name="Allocate_InspectDefaultValues_DefaultScanForFilesIsTrue" />
    </UnitTest>
    <UnitTest name="Allocate_InspectDefaultValues_DefaultSettleTimeIs500" storage="f:\etwork\bin\tests\unittests.icore.workflow.activities.dll" id="161d7ea0-9028-1b69-b640-620232f83dad">
      <Execution id="7ef92e7e-0992-4431-a091-747f6b70107a" />
      <TestMethod codeBase="F:\ETWork\bin\Tests\UnitTests.iCore.Workflow.Activities.dll" adapterTypeName="Microsoft.VisualStudio.TestTools.TestTypes.Unit.UnitTestAdapter" className="UnitTest.iCore.Workflow.Activities.Filesystem.CreateFilesystemListenerConfigurationTests" name="Allocate_InspectDefaultValues_DefaultSettleTimeIs500" />
    </UnitTest>
    <UnitTest name="Allocate_InspectDefaultValues_DefaultWatchTypeIsRename" storage="f:\etwork\bin\tests\unittests.icore.workflow.activities.dll" id="ce32612d-6324-e3e4-3151-81c81f484a32">
      <Execution id="820769af-4e98-45eb-bb1a-f47ffcffc5f7" />
      <TestMethod codeBase="F:\ETWork\bin\Tests\UnitTests.iCore.Workflow.Activities.dll" adapterTypeName="Microsoft.VisualStudio.TestTools.TestTypes.Unit.UnitTestAdapter" className="UnitTest.iCore.Workflow.Activities.Filesystem.CreateFilesystemListenerConfigurationTests" name="Allocate_InspectDefaultValues_DefaultWatchTypeIsRename" />
    </UnitTest>
    <UnitTest name="Invoke_ExamineActivityOrder_CreateConfigurationIsBeforeOpenConnection" storage="f:\etwork\bin\tests\unittests.icore.workflow.activities.dll" id="2722f342-41a5-1dc4-9668-6938ccb386c4">
      <Execution id="8f0a2620-ce62-4e49-9cbc-d7242c7d3bf7" />
      <TestMethod codeBase="F:\ETWork\bin\Tests\UnitTests.iCore.Workflow.Activities.dll" adapterTypeName="Microsoft.VisualStudio.TestTools.TestTypes.Unit.UnitTestAdapter" className="UnitTest.iCore.Workflow.Activities.Filesystem.FileSystemListenerExActivityTests" name="Invoke_ExamineActivityOrder_CreateConfigurationIsBeforeOpenConnection" />
    </UnitTest>
    <UnitTest name="Invoke_ExamineActivityOrder_OpenConnectionIsBeforeGetNextFile" storage="f:\etwork\bin\tests\unittests.icore.workflow.activities.dll" id="bc26ecca-a562-064d-169f-fe95ae40d343">
      <Execution id="1df6915d-e7a9-4583-89db-e592f48063fd" />
      <TestMethod codeBase="F:\ETWork\bin\Tests\UnitTests.iCore.Workflow.Activities.dll" adapterTypeName="Microsoft.VisualStudio.TestTools.TestTypes.Unit.UnitTestAdapter" className="UnitTest.iCore.Workflow.Activities.Filesystem.FileSystemListenerExActivityTests" name="Invoke_ExamineActivityOrder_OpenConnectionIsBeforeGetNextFile" />
    </UnitTest>
    <UnitTest name="Invoke_ExamineActivityOrder_GetNextFileIsBeforeCloseConnection" storage="f:\etwork\bin\tests\unittests.icore.workflow.activities.dll" id="3c763ccd-c7d1-9ff2-b205-ab8d562b05be">
      <Execution id="135a5ed8-9d18-43ed-927a-2cc350dc0074" />
      <TestMethod codeBase="F:\ETWork\bin\Tests\UnitTests.iCore.Workflow.Activities.dll" adapterTypeName="Microsoft.VisualStudio.TestTools.TestTypes.Unit.UnitTestAdapter" className="UnitTest.iCore.Workflow.Activities.Filesystem.FileSystemListenerExActivityTests" name="Invoke_ExamineActivityOrder_GetNextFileIsBeforeCloseConnection" />
    </UnitTest>
    <UnitTest name="Invoke_ExamineActivityOrder_CloseConnectionIsBeforeOpenFile" storage="f:\etwork\bin\tests\unittests.icore.workflow.activities.dll" id="0cb44257-d901-b17e-f398-77bffde7df7d">
      <Execution id="55ad77bc-a366-4aa9-9bae-a2da8530a7a1" />
      <TestMethod codeBase="F:\ETWork\bin\Tests\UnitTests.iCore.Workflow.Activities.dll" adapterTypeName="Microsoft.VisualStudio.TestTools.TestTypes.Unit.UnitTestAdapter" className="UnitTest.iCore.Workflow.Activities.Filesystem.FileSystemListenerExActivityTests" name="Invoke_ExamineActivityOrder_CloseConnectionIsBeforeOpenFile" />
    </UnitTest>
    <UnitTest name="Invoke_ExecutionCanceled_ExecutesCloseConnectionActivityWithExpectedArgument" storage="f:\etwork\bin\tests\unittests.icore.workflow.activities.dll" id="dc1b580f-20ce-214c-bc3e-1f33d42d2446">
      <Execution id="253a600d-caa4-4f08-bc4c-1db537a2447b" />
      <TestMethod codeBase="F:\ETWork\bin\Tests\UnitTests.iCore.Workflow.Activities.dll" adapterTypeName="Microsoft.VisualStudio.TestTools.TestTypes.Unit.UnitTestAdapter" className="UnitTest.iCore.Workflow.Activities.Filesystem.FileSystemListenerExActivityTests" name="Invoke_ExecutionCanceled_ExecutesCloseConnectionActivityWithExpectedArgument" />
    </UnitTest>
    <UnitTest name="Invoke_ExecutionFails_ThrowsException" storage="f:\etwork\bin\tests\unittests.icore.workflow.activities.dll" id="ed3f19f3-9229-841c-36e4-254b0d4fe18a">
      <Execution id="5303270f-4144-4a5f-a56e-5f55695d48a3" />
      <TestMethod codeBase="F:\ETWork\bin\Tests\UnitTests.iCore.Workflow.Activities.dll" adapterTypeName="Microsoft.VisualStudio.TestTools.TestTypes.Unit.UnitTestAdapter" className="UnitTest.iCore.Workflow.Activities.Filesystem.FileSystemListenerExActivityTests" name="Invoke_ExecutionFails_ThrowsException" />
    </UnitTest>
    <UnitTest name="Invoke_NoRenameNoMove_OutArgumentOriginalFileNameIsExpected" storage="f:\etwork\bin\tests\unittests.icore.workflow.activities.dll" id="46e5ec90-9da0-f239-31ba-a82886150aaa">
      <Execution id="df54d6c3-13c0-4c1f-80aa-773f90187d98" />
      <TestMethod codeBase="F:\ETWork\bin\Tests\UnitTests.iCore.Workflow.Activities.dll" adapterTypeName="Microsoft.VisualStudio.TestTools.TestTypes.Unit.UnitTestAdapter" className="UnitTest.iCore.Workflow.Activities.Filesystem.FileSystemListenerExActivityTests" name="Invoke_NoRenameNoMove_OutArgumentOriginalFileNameIsExpected" />
    </UnitTest>
    <UnitTest name="Invoke_NoRenameNoMove_OutArgumentOriginalFilePathIsExpected" storage="f:\etwork\bin\tests\unittests.icore.workflow.activities.dll" id="2170c9e9-20b5-4c06-d977-cdd05e88d88a">
      <Execution id="a95069cc-1fde-4557-93fb-a6243a123437" />
      <TestMethod codeBase="F:\ETWork\bin\Tests\UnitTests.iCore.Workflow.Activities.dll" adapterTypeName="Microsoft.VisualStudio.TestTools.TestTypes.Unit.UnitTestAdapter" className="UnitTest.iCore.Workflow.Activities.Filesystem.FileSystemListenerExActivityTests" name="Invoke_NoRenameNoMove_OutArgumentOriginalFilePathIsExpected" />
    </UnitTest>
    <UnitTest name="Invoke_NoRenameNoMove_OutArgumentProcessingFileNameIsExpected" storage="f:\etwork\bin\tests\unittests.icore.workflow.activities.dll" id="dbccf89a-b876-07be-59cf-26d37d659211">
      <Execution id="1c70ddc4-2268-4e17-8b04-a716e69f1f7c" />
      <TestMethod codeBase="F:\ETWork\bin\Tests\UnitTests.iCore.Workflow.Activities.dll" adapterTypeName="Microsoft.VisualStudio.TestTools.TestTypes.Unit.UnitTestAdapter" className="UnitTest.iCore.Workflow.Activities.Filesystem.FileSystemListenerExActivityTests" name="Invoke_NoRenameNoMove_OutArgumentProcessingFileNameIsExpected" />
    </UnitTest>
    <UnitTest name="Invoke_NoRenameNoMove_OutArgumentProcessingFilePathIsExpected" storage="f:\etwork\bin\tests\unittests.icore.workflow.activities.dll" id="62cff474-f6d3-58d3-2fd1-34cac7668776">
      <Execution id="1b8e219b-5ed6-47d5-ab7f-10f76ece5109" />
      <TestMethod codeBase="F:\ETWork\bin\Tests\UnitTests.iCore.Workflow.Activities.dll" adapterTypeName="Microsoft.VisualStudio.TestTools.TestTypes.Unit.UnitTestAdapter" className="UnitTest.iCore.Workflow.Activities.Filesystem.FileSystemListenerExActivityTests" name="Invoke_NoRenameNoMove_OutArgumentProcessingFilePathIsExpected" />
    </UnitTest>
    <UnitTest name="Invoke_NoRenameNoMove_OutArgumentDataIsExpected" storage="f:\etwork\bin\tests\unittests.icore.workflow.activities.dll" id="44c60b85-779b-41c9-6b60-0d51c86e8139">
      <Execution id="e0f11d31-3515-4c3a-9951-5d52531e4412" />
      <TestMethod codeBase="F:\ETWork\bin\Tests\UnitTests.iCore.Workflow.Activities.dll" adapterTypeName="Microsoft.VisualStudio.TestTools.TestTypes.Unit.UnitTestAdapter" className="UnitTest.iCore.Workflow.Activities.Filesystem.FileSystemListenerExActivityTests" name="Invoke_NoRenameNoMove_OutArgumentDataIsExpected" />
    </UnitTest>
    <UnitTest name="Invoke_RenameNoMove_OutArgumentOriginalFileNameIsExpected" storage="f:\etwork\bin\tests\unittests.icore.workflow.activities.dll" id="3f9c4b9c-ed43-becd-7ce5-207030e10fda">
      <Execution id="030fa8ac-3871-4efc-b678-da4e7006220b" />
      <TestMethod codeBase="F:\ETWork\bin\Tests\UnitTests.iCore.Workflow.Activities.dll" adapterTypeName="Microsoft.VisualStudio.TestTools.TestTypes.Unit.UnitTestAdapter" className="UnitTest.iCore.Workflow.Activities.Filesystem.FileSystemListenerExActivityTests" name="Invoke_RenameNoMove_OutArgumentOriginalFileNameIsExpected" />
    </UnitTest>
    <UnitTest name="Invoke_RenameNoMove_OutArgumentOriginalFilePathIsExpected" storage="f:\etwork\bin\tests\unittests.icore.workflow.activities.dll" id="09249067-43c9-9ca8-7977-0bb8fc745d9c">
      <Execution id="f66b00a1-2255-494b-b5a7-042694b09ac1" />
      <TestMethod codeBase="F:\ETWork\bin\Tests\UnitTests.iCore.Workflow.Activities.dll" adapterTypeName="Microsoft.VisualStudio.TestTools.TestTypes.Unit.UnitTestAdapter" className="UnitTest.iCore.Workflow.Activities.Filesystem.FileSystemListenerExActivityTests" name="Invoke_RenameNoMove_OutArgumentOriginalFilePathIsExpected" />
    </UnitTest>
    <UnitTest name="Invoke_RenameNoMove_OutArgumentProcessingFileNameIsExpected" storage="f:\etwork\bin\tests\unittests.icore.workflow.activities.dll" id="75fc26c4-4634-b443-68ce-2906379953d3">
      <Execution id="6fe4f332-f18e-4491-a748-1d84151ebced" />
      <TestMethod codeBase="F:\ETWork\bin\Tests\UnitTests.iCore.Workflow.Activities.dll" adapterTypeName="Microsoft.VisualStudio.TestTools.TestTypes.Unit.UnitTestAdapter" className="UnitTest.iCore.Workflow.Activities.Filesystem.FileSystemListenerExActivityTests" name="Invoke_RenameNoMove_OutArgumentProcessingFileNameIsExpected" />
    </UnitTest>
    <UnitTest name="Invoke_RenameNoMove_OutArgumentProcessingFilePathIsExpected" storage="f:\etwork\bin\tests\unittests.icore.workflow.activities.dll" id="11d60665-2c89-cb81-0986-b5b583586c4d">
      <Execution id="0440f2c4-bbb8-4fd2-912f-484e1a2354ce" />
      <TestMethod codeBase="F:\ETWork\bin\Tests\UnitTests.iCore.Workflow.Activities.dll" adapterTypeName="Microsoft.VisualStudio.TestTools.TestTypes.Unit.UnitTestAdapter" className="UnitTest.iCore.Workflow.Activities.Filesystem.FileSystemListenerExActivityTests" name="Invoke_RenameNoMove_OutArgumentProcessingFilePathIsExpected" />
    </UnitTest>
    <UnitTest name="Invoke_RenameNoMove_OutArgumentDataIsExpected" storage="f:\etwork\bin\tests\unittests.icore.workflow.activities.dll" id="238b0fdf-db62-f826-cfa3-e87116f4bb33">
      <Execution id="952fdf55-12e5-4a27-8209-7c7485026f59" />
      <TestMethod codeBase="F:\ETWork\bin\Tests\UnitTests.iCore.Workflow.Activities.dll" adapterTypeName="Microsoft.VisualStudio.TestTools.TestTypes.Unit.UnitTestAdapter" className="UnitTest.iCore.Workflow.Activities.Filesystem.FileSystemListenerExActivityTests" name="Invoke_RenameNoMove_OutArgumentDataIsExpected" />
    </UnitTest>
    <UnitTest name="Invoke_RenameMove_OutArgumentOriginalFileNameIsExpected" storage="f:\etwork\bin\tests\unittests.icore.workflow.activities.dll" id="bd4c998f-2190-205f-cbc6-9919f1ea5b89">
      <Execution id="d8e03696-cde0-46ca-b645-dcf2e66bb111" />
      <TestMethod codeBase="F:\ETWork\bin\Tests\UnitTests.iCore.Workflow.Activities.dll" adapterTypeName="Microsoft.VisualStudio.TestTools.TestTypes.Unit.UnitTestAdapter" className="UnitTest.iCore.Workflow.Activities.Filesystem.FileSystemListenerExActivityTests" name="Invoke_RenameMove_OutArgumentOriginalFileNameIsExpected" />
    </UnitTest>
    <UnitTest name="Invoke_RenameMove_OutArgumentOriginalFilePathIsExpected" storage="f:\etwork\bin\tests\unittests.icore.workflow.activities.dll" id="2092ba78-de86-35a0-b296-acdbaf8773df">
      <Execution id="63df98a0-1dc9-43cf-85b0-3ad9ee17cfb0" />
      <TestMethod codeBase="F:\ETWork\bin\Tests\UnitTests.iCore.Workflow.Activities.dll" adapterTypeName="Microsoft.VisualStudio.TestTools.TestTypes.Unit.UnitTestAdapter" className="UnitTest.iCore.Workflow.Activities.Filesystem.FileSystemListenerExActivityTests" name="Invoke_RenameMove_OutArgumentOriginalFilePathIsExpected" />
    </UnitTest>
    <UnitTest name="Invoke_RenameMove_OutArgumentProcessingFileNameIsExpected" storage="f:\etwork\bin\tests\unittests.icore.workflow.activities.dll" id="3d945aae-9b91-a829-ec3a-5ae7c71339bb">
      <Execution id="61b9723d-7461-4c60-be83-5cffb74f97b9" />
      <TestMethod codeBase="F:\ETWork\bin\Tests\UnitTests.iCore.Workflow.Activities.dll" adapterTypeName="Microsoft.VisualStudio.TestTools.TestTypes.Unit.UnitTestAdapter" className="UnitTest.iCore.Workflow.Activities.Filesystem.FileSystemListenerExActivityTests" name="Invoke_RenameMove_OutArgumentProcessingFileNameIsExpected" />
    </UnitTest>
    <UnitTest name="Invoke_RenameMove_OutArgumentProcessingFilePathIsExpected" storage="f:\etwork\bin\tests\unittests.icore.workflow.activities.dll" id="4e043128-e1af-2d25-c7d8-1125d8f5b1eb">
      <Execution id="803732f3-fd25-426f-9f50-67b27f4fb171" />
      <TestMethod codeBase="F:\ETWork\bin\Tests\UnitTests.iCore.Workflow.Activities.dll" adapterTypeName="Microsoft.VisualStudio.TestTools.TestTypes.Unit.UnitTestAdapter" className="UnitTest.iCore.Workflow.Activities.Filesystem.FileSystemListenerExActivityTests" name="Invoke_RenameMove_OutArgumentProcessingFilePathIsExpected" />
    </UnitTest>
    <UnitTest name="Invoke_RenameMove_OutArgumentDataIsExpected" storage="f:\etwork\bin\tests\unittests.icore.workflow.activities.dll" id="5eeb0770-6441-2c6f-752e-ffeaca7462ca">
      <Execution id="a33ee3e3-3e33-4b01-b15a-336b44421a9c" />
      <TestMethod codeBase="F:\ETWork\bin\Tests\UnitTests.iCore.Workflow.Activities.dll" adapterTypeName="Microsoft.VisualStudio.TestTools.TestTypes.Unit.UnitTestAdapter" className="UnitTest.iCore.Workflow.Activities.Filesystem.FileSystemListenerExActivityTests" name="Invoke_RenameMove_OutArgumentDataIsExpected" />
    </UnitTest>
    <UnitTest name="Invoke_NoRenameMove_OutArgumentOriginalFileNameIsExpected" storage="f:\etwork\bin\tests\unittests.icore.workflow.activities.dll" id="603ebd85-55e0-0888-b0a5-837d149861ea">
      <Execution id="44b57ecf-9bd8-432f-8dac-7659e3d84a57" />
      <TestMethod codeBase="F:\ETWork\bin\Tests\UnitTests.iCore.Workflow.Activities.dll" adapterTypeName="Microsoft.VisualStudio.TestTools.TestTypes.Unit.UnitTestAdapter" className="UnitTest.iCore.Workflow.Activities.Filesystem.FileSystemListenerExActivityTests" name="Invoke_NoRenameMove_OutArgumentOriginalFileNameIsExpected" />
    </UnitTest>
    <UnitTest name="Invoke_NoRenameMove_OutArgumentOriginalFilePathIsExpected" storage="f:\etwork\bin\tests\unittests.icore.workflow.activities.dll" id="614ac236-ddd5-8726-da95-e63f7f445619">
      <Execution id="3c7812c0-d4e4-46a9-b276-f76814c963ce" />
      <TestMethod codeBase="F:\ETWork\bin\Tests\UnitTests.iCore.Workflow.Activities.dll" adapterTypeName="Microsoft.VisualStudio.TestTools.TestTypes.Unit.UnitTestAdapter" className="UnitTest.iCore.Workflow.Activities.Filesystem.FileSystemListenerExActivityTests" name="Invoke_NoRenameMove_OutArgumentOriginalFilePathIsExpected" />
    </UnitTest>
    <UnitTest name="Invoke_NoRenameMove_OutArgumentProcessingFileNameIsExpected" storage="f:\etwork\bin\tests\unittests.icore.workflow.activities.dll" id="fd819aa4-73a1-6a2f-5743-a901f1fc6e41">
      <Execution id="8cc59a5b-b261-472f-bd53-a1fc79796a73" />
      <TestMethod codeBase="F:\ETWork\bin\Tests\UnitTests.iCore.Workflow.Activities.dll" adapterTypeName="Microsoft.VisualStudio.TestTools.TestTypes.Unit.UnitTestAdapter" className="UnitTest.iCore.Workflow.Activities.Filesystem.FileSystemListenerExActivityTests" name="Invoke_NoRenameMove_OutArgumentProcessingFileNameIsExpected" />
    </UnitTest>
    <UnitTest name="Invoke_NoRenameMove_OutArgumentProcessingFilePathIsExpected" storage="f:\etwork\bin\tests\unittests.icore.workflow.activities.dll" id="6e995751-f710-a7ab-eae8-776779e43f86">
      <Execution id="e8a0b4bd-121f-4e2c-a683-d7be66f411a2" />
      <TestMethod codeBase="F:\ETWork\bin\Tests\UnitTests.iCore.Workflow.Activities.dll" adapterTypeName="Microsoft.VisualStudio.TestTools.TestTypes.Unit.UnitTestAdapter" className="UnitTest.iCore.Workflow.Activities.Filesystem.FileSystemListenerExActivityTests" name="Invoke_NoRenameMove_OutArgumentProcessingFilePathIsExpected" />
    </UnitTest>
    <UnitTest name="Invoke_NoRenameMove_OutArgumentDataIsExpected" storage="f:\etwork\bin\tests\unittests.icore.workflow.activities.dll" id="982a0d40-b083-38fe-00f9-9c8f6e4945fa">
      <Execution id="23b2c0ff-0641-4b00-9a96-4fcc4ea80afe" />
      <TestMethod codeBase="F:\ETWork\bin\Tests\UnitTests.iCore.Workflow.Activities.dll" adapterTypeName="Microsoft.VisualStudio.TestTools.TestTypes.Unit.UnitTestAdapter" className="UnitTest.iCore.Workflow.Activities.Filesystem.FileSystemListenerExActivityTests" name="Invoke_NoRenameMove_OutArgumentDataIsExpected" />
    </UnitTest>
    <UnitTest name="Invoke_NoRenameNoMoveNoErrorOnTimeoutNoFileFound_OutArgumentProcessingFileNameIsNull" storage="f:\etwork\bin\tests\unittests.icore.workflow.activities.dll" id="c63c2693-2d20-20aa-b5eb-d964e9c4eabd">
      <Execution id="42e8ad83-e029-4d19-a549-c92d28c5ee52" />
      <TestMethod codeBase="F:\ETWork\bin\Tests\UnitTests.iCore.Workflow.Activities.dll" adapterTypeName="Microsoft.VisualStudio.TestTools.TestTypes.Unit.UnitTestAdapter" className="UnitTest.iCore.Workflow.Activities.Filesystem.FileSystemListenerExActivityTests" name="Invoke_NoRenameNoMoveNoErrorOnTimeoutNoFileFound_OutArgumentProcessingFileNameIsNull" />
    </UnitTest>
    <UnitTest name="Invoke_NoRenameNoMoveNoErrorOnTimeoutNoFileFound_OutArgumentProcessingFilePathIsNull" storage="f:\etwork\bin\tests\unittests.icore.workflow.activities.dll" id="4114f1f2-3b49-61d2-2878-c38e60b32af2">
      <Execution id="5871a1f8-34f9-42e4-8024-857508df880a" />
      <TestMethod codeBase="F:\ETWork\bin\Tests\UnitTests.iCore.Workflow.Activities.dll" adapterTypeName="Microsoft.VisualStudio.TestTools.TestTypes.Unit.UnitTestAdapter" className="UnitTest.iCore.Workflow.Activities.Filesystem.FileSystemListenerExActivityTests" name="Invoke_NoRenameNoMoveNoErrorOnTimeoutNoFileFound_OutArgumentProcessingFilePathIsNull" />
    </UnitTest>
    <UnitTest name="Invoke_NoRenameNoMoveNoErrorOnTimeoutNoFileFound_OutArgumentOriginalFileNameIsNull" storage="f:\etwork\bin\tests\unittests.icore.workflow.activities.dll" id="51c0c3a0-ac82-1c58-2864-bdbf6e0e0bac">
      <Execution id="6ca7ccff-7b9f-48bb-a5ea-ba05a64c921f" />
      <TestMethod codeBase="F:\ETWork\bin\Tests\UnitTests.iCore.Workflow.Activities.dll" adapterTypeName="Microsoft.VisualStudio.TestTools.TestTypes.Unit.UnitTestAdapter" className="UnitTest.iCore.Workflow.Activities.Filesystem.FileSystemListenerExActivityTests" name="Invoke_NoRenameNoMoveNoErrorOnTimeoutNoFileFound_OutArgumentOriginalFileNameIsNull" />
    </UnitTest>
    <UnitTest name="Invoke_NoRenameNoMoveNoErrorOnTimeoutNoFileFound_OutArgumentOriginalFilePathIsNull" storage="f:\etwork\bin\tests\unittests.icore.workflow.activities.dll" id="9fb03cc2-f262-2644-84be-54401c9b190e">
      <Execution id="4efedfd2-df47-4c75-9149-22dca7af356b" />
      <TestMethod codeBase="F:\ETWork\bin\Tests\UnitTests.iCore.Workflow.Activities.dll" adapterTypeName="Microsoft.VisualStudio.TestTools.TestTypes.Unit.UnitTestAdapter" className="UnitTest.iCore.Workflow.Activities.Filesystem.FileSystemListenerExActivityTests" name="Invoke_NoRenameNoMoveNoErrorOnTimeoutNoFileFound_OutArgumentOriginalFilePathIsNull" />
    </UnitTest>
    <UnitTest name="Invoke_NoRenameNoMoveNoErrorOnTimeoutNoFileFound_OutArgumentDataIsStreamNull" storage="f:\etwork\bin\tests\unittests.icore.workflow.activities.dll" id="e6c7dee5-4ded-02fb-a273-238d7b9248ed">
      <Execution id="d7dcacc7-d824-442b-8d71-29e0cf299b07" />
      <TestMethod codeBase="F:\ETWork\bin\Tests\UnitTests.iCore.Workflow.Activities.dll" adapterTypeName="Microsoft.VisualStudio.TestTools.TestTypes.Unit.UnitTestAdapter" className="UnitTest.iCore.Workflow.Activities.Filesystem.FileSystemListenerExActivityTests" name="Invoke_NoRenameNoMoveNoErrorOnTimeoutNoFileFound_OutArgumentDataIsStreamNull" />
    </UnitTest>
    <UnitTest name="Invoke_RenameMoveNoErrorOnTimeoutNoFileFound_OutArgumentProcessingFileNameIsNull" storage="f:\etwork\bin\tests\unittests.icore.workflow.activities.dll" id="5f01f82a-356a-fb8e-c153-8e578df40c29">
      <Execution id="d5ab396b-c8ab-45bb-815e-8a97376a8e83" />
      <TestMethod codeBase="F:\ETWork\bin\Tests\UnitTests.iCore.Workflow.Activities.dll" adapterTypeName="Microsoft.VisualStudio.TestTools.TestTypes.Unit.UnitTestAdapter" className="UnitTest.iCore.Workflow.Activities.Filesystem.FileSystemListenerExActivityTests" name="Invoke_RenameMoveNoErrorOnTimeoutNoFileFound_OutArgumentProcessingFileNameIsNull" />
    </UnitTest>
    <UnitTest name="Invoke_RenameMoveNoErrorOnTimeoutNoFileFound_OutArgumentProcessingFilePathIsNull" storage="f:\etwork\bin\tests\unittests.icore.workflow.activities.dll" id="580b27e6-2a7e-3089-abbd-3e5e36acff5d">
      <Execution id="6efa673d-7a42-47dc-86c2-58b34b344c7a" />
      <TestMethod codeBase="F:\ETWork\bin\Tests\UnitTests.iCore.Workflow.Activities.dll" adapterTypeName="Microsoft.VisualStudio.TestTools.TestTypes.Unit.UnitTestAdapter" className="UnitTest.iCore.Workflow.Activities.Filesystem.FileSystemListenerExActivityTests" name="Invoke_RenameMoveNoErrorOnTimeoutNoFileFound_OutArgumentProcessingFilePathIsNull" />
    </UnitTest>
    <UnitTest name="Invoke_RenameMoveNoErrorOnTimeoutNoFileFound_OutArgumentOriginalFileNameIsNull" storage="f:\etwork\bin\tests\unittests.icore.workflow.activities.dll" id="8eef2d3a-9c81-55de-677c-c88e88d49892">
      <Execution id="d7a2fe0d-15ab-4125-83ac-a7549d5baca1" />
      <TestMethod codeBase="F:\ETWork\bin\Tests\UnitTests.iCore.Workflow.Activities.dll" adapterTypeName="Microsoft.VisualStudio.TestTools.TestTypes.Unit.UnitTestAdapter" className="UnitTest.iCore.Workflow.Activities.Filesystem.FileSystemListenerExActivityTests" name="Invoke_RenameMoveNoErrorOnTimeoutNoFileFound_OutArgumentOriginalFileNameIsNull" />
    </UnitTest>
    <UnitTest name="Invoke_RenameMoveNoErrorOnTimeoutNoFileFound_OutArgumentOriginalFilePathIsNull" storage="f:\etwork\bin\tests\unittests.icore.workflow.activities.dll" id="17c75049-8596-92a0-b71d-e7c02ee6d22e">
      <Execution id="f270ed94-828c-4feb-bd8a-3070a563241f" />
      <TestMethod codeBase="F:\ETWork\bin\Tests\UnitTests.iCore.Workflow.Activities.dll" adapterTypeName="Microsoft.VisualStudio.TestTools.TestTypes.Unit.UnitTestAdapter" className="UnitTest.iCore.Workflow.Activities.Filesystem.FileSystemListenerExActivityTests" name="Invoke_RenameMoveNoErrorOnTimeoutNoFileFound_OutArgumentOriginalFilePathIsNull" />
    </UnitTest>
    <UnitTest name="Invoke_RenameMoveNoErrorOnTimeoutNoFileFound_OutArgumentDataIsStreamNull" storage="f:\etwork\bin\tests\unittests.icore.workflow.activities.dll" id="049fb51e-8d89-9128-4810-cf438a9a3a94">
      <Execution id="45f25f1c-e565-4697-95c7-5fd64b93a632" />
      <TestMethod codeBase="F:\ETWork\bin\Tests\UnitTests.iCore.Workflow.Activities.dll" adapterTypeName="Microsoft.VisualStudio.TestTools.TestTypes.Unit.UnitTestAdapter" className="UnitTest.iCore.Workflow.Activities.Filesystem.FileSystemListenerExActivityTests" name="Invoke_RenameMoveNoErrorOnTimeoutNoFileFound_OutArgumentDataIsStreamNull" />
    </UnitTest>
    <UnitTest name="Invoke_RenameNoMoveNoErrorOnTimeoutNoFileFound_OutArgumentProcessingFileNameIsNull" storage="f:\etwork\bin\tests\unittests.icore.workflow.activities.dll" id="db53f9f5-81d6-ce6b-3ef2-a6a351cb4843">
      <Execution id="c6c08b87-40d8-4829-86e2-845372d9511e" />
      <TestMethod codeBase="F:\ETWork\bin\Tests\UnitTests.iCore.Workflow.Activities.dll" adapterTypeName="Microsoft.VisualStudio.TestTools.TestTypes.Unit.UnitTestAdapter" className="UnitTest.iCore.Workflow.Activities.Filesystem.FileSystemListenerExActivityTests" name="Invoke_RenameNoMoveNoErrorOnTimeoutNoFileFound_OutArgumentProcessingFileNameIsNull" />
    </UnitTest>
    <UnitTest name="Invoke_RenameNoMoveNoErrorOnTimeoutNoFileFound_OutArgumentProcessingFilePathIsNull" storage="f:\etwork\bin\tests\unittests.icore.workflow.activities.dll" id="ae791542-8df2-0e41-11ed-e8584906bf49">
      <Execution id="23ee7f40-12e9-4cec-8bbe-cf272f7f39d1" />
      <TestMethod codeBase="F:\ETWork\bin\Tests\UnitTests.iCore.Workflow.Activities.dll" adapterTypeName="Microsoft.VisualStudio.TestTools.TestTypes.Unit.UnitTestAdapter" className="UnitTest.iCore.Workflow.Activities.Filesystem.FileSystemListenerExActivityTests" name="Invoke_RenameNoMoveNoErrorOnTimeoutNoFileFound_OutArgumentProcessingFilePathIsNull" />
    </UnitTest>
    <UnitTest name="Invoke_RenameNoMoveNoErrorOnTimeoutNoFileFound_OutArgumentOriginalFileNameIsNull" storage="f:\etwork\bin\tests\unittests.icore.workflow.activities.dll" id="52e3c279-2edb-2e9b-99a9-9df638d60d8e">
      <Execution id="f47091a3-2d7e-4647-a6fc-548daa272ccb" />
      <TestMethod codeBase="F:\ETWork\bin\Tests\UnitTests.iCore.Workflow.Activities.dll" adapterTypeName="Microsoft.VisualStudio.TestTools.TestTypes.Unit.UnitTestAdapter" className="UnitTest.iCore.Workflow.Activities.Filesystem.FileSystemListenerExActivityTests" name="Invoke_RenameNoMoveNoErrorOnTimeoutNoFileFound_OutArgumentOriginalFileNameIsNull" />
    </UnitTest>
    <UnitTest name="Invoke_RenameNoMoveNoErrorOnTimeoutNoFileFound_OutArgumentOriginalFilePathIsNull" storage="f:\etwork\bin\tests\unittests.icore.workflow.activities.dll" id="4415ae96-6897-8daf-f15e-18fd6995f560">
      <Execution id="213e00f3-b0e7-4ef8-8cec-2566c8e4030a" />
      <TestMethod codeBase="F:\ETWork\bin\Tests\UnitTests.iCore.Workflow.Activities.dll" adapterTypeName="Microsoft.VisualStudio.TestTools.TestTypes.Unit.UnitTestAdapter" className="UnitTest.iCore.Workflow.Activities.Filesystem.FileSystemListenerExActivityTests" name="Invoke_RenameNoMoveNoErrorOnTimeoutNoFileFound_OutArgumentOriginalFilePathIsNull" />
    </UnitTest>
    <UnitTest name="Invoke_RenameNoMoveNoErrorOnTimeoutNoFileFound_OutArgumentDataIsStreamNull" storage="f:\etwork\bin\tests\unittests.icore.workflow.activities.dll" id="d6e391e4-9690-93fb-e983-a3b4700fb029">
      <Execution id="0fcd4715-fe1c-4695-8cc1-22d06e353315" />
      <TestMethod codeBase="F:\ETWork\bin\Tests\UnitTests.iCore.Workflow.Activities.dll" adapterTypeName="Microsoft.VisualStudio.TestTools.TestTypes.Unit.UnitTestAdapter" className="UnitTest.iCore.Workflow.Activities.Filesystem.FileSystemListenerExActivityTests" name="Invoke_RenameNoMoveNoErrorOnTimeoutNoFileFound_OutArgumentDataIsStreamNull" />
    </UnitTest>
    <UnitTest name="Invoke_NoRenameMoveNoErrorOnTimeoutNoFileFound_OutArgumentProcessingFileNameIsNull" storage="f:\etwork\bin\tests\unittests.icore.workflow.activities.dll" id="6eb273f7-aec6-3397-dc0a-b74a60f226ab">
      <Execution id="ec6d46e7-080b-4bda-924d-8fde302aa22c" />
      <TestMethod codeBase="F:\ETWork\bin\Tests\UnitTests.iCore.Workflow.Activities.dll" adapterTypeName="Microsoft.VisualStudio.TestTools.TestTypes.Unit.UnitTestAdapter" className="UnitTest.iCore.Workflow.Activities.Filesystem.FileSystemListenerExActivityTests" name="Invoke_NoRenameMoveNoErrorOnTimeoutNoFileFound_OutArgumentProcessingFileNameIsNull" />
    </UnitTest>
    <UnitTest name="Invoke_NoRenameMoveNoErrorOnTimeoutNoFileFound_OutArgumentProcessingFilePathIsNull" storage="f:\etwork\bin\tests\unittests.icore.workflow.activities.dll" id="a1c4b51f-b364-f863-37ec-ee884cb4c462">
      <Execution id="968c13cc-2a98-451c-a07e-0cde8d0e284f" />
      <TestMethod codeBase="F:\ETWork\bin\Tests\UnitTests.iCore.Workflow.Activities.dll" adapterTypeName="Microsoft.VisualStudio.TestTools.TestTypes.Unit.UnitTestAdapter" className="UnitTest.iCore.Workflow.Activities.Filesystem.FileSystemListenerExActivityTests" name="Invoke_NoRenameMoveNoErrorOnTimeoutNoFileFound_OutArgumentProcessingFilePathIsNull" />
    </UnitTest>
    <UnitTest name="Invoke_NoRenameMoveNoErrorOnTimeoutNoFileFound_OutArgumentOriginalFileNameIsNull" storage="f:\etwork\bin\tests\unittests.icore.workflow.activities.dll" id="832fdd5b-3598-3d33-e387-bfaf5369ebc0">
      <Execution id="ec80e5c6-c662-4b16-a719-4ae171f3fe2b" />
      <TestMethod codeBase="F:\ETWork\bin\Tests\UnitTests.iCore.Workflow.Activities.dll" adapterTypeName="Microsoft.VisualStudio.TestTools.TestTypes.Unit.UnitTestAdapter" className="UnitTest.iCore.Workflow.Activities.Filesystem.FileSystemListenerExActivityTests" name="Invoke_NoRenameMoveNoErrorOnTimeoutNoFileFound_OutArgumentOriginalFileNameIsNull" />
    </UnitTest>
    <UnitTest name="Invoke_NoRenameMoveNoErrorOnTimeoutNoFileFound_OutArgumentOriginalFilePathIsNull" storage="f:\etwork\bin\tests\unittests.icore.workflow.activities.dll" id="ec7d190b-5637-a9b2-ff0c-f168676ad44e">
      <Execution id="96fb75f4-8028-45f1-a465-44e470d361ae" />
      <TestMethod codeBase="F:\ETWork\bin\Tests\UnitTests.iCore.Workflow.Activities.dll" adapterTypeName="Microsoft.VisualStudio.TestTools.TestTypes.Unit.UnitTestAdapter" className="UnitTest.iCore.Workflow.Activities.Filesystem.FileSystemListenerExActivityTests" name="Invoke_NoRenameMoveNoErrorOnTimeoutNoFileFound_OutArgumentOriginalFilePathIsNull" />
    </UnitTest>
    <UnitTest name="Invoke_NoRenameMoveNoErrorOnTimeoutNoFileFound_OutArgumentDataIsStreamNull" storage="f:\etwork\bin\tests\unittests.icore.workflow.activities.dll" id="8862570b-7613-3d50-37b4-ebc735b5298d">
      <Execution id="8c8f02ca-731c-414a-933e-924fda293aa2" />
      <TestMethod codeBase="F:\ETWork\bin\Tests\UnitTests.iCore.Workflow.Activities.dll" adapterTypeName="Microsoft.VisualStudio.TestTools.TestTypes.Unit.UnitTestAdapter" className="UnitTest.iCore.Workflow.Activities.Filesystem.FileSystemListenerExActivityTests" name="Invoke_NoRenameMoveNoErrorOnTimeoutNoFileFound_OutArgumentDataIsStreamNull" />
    </UnitTest>
    <UnitTest name="Invoke_OmitInArgumentDirectory_ThrowsArgumentException" storage="f:\etwork\bin\tests\unittests.icore.workflow.activities.dll" id="033349f6-d4a1-d248-35b1-1699e92a6fa3">
      <Execution id="ab41e726-7ef0-488d-8252-2d0e5f265260" />
      <TestMethod codeBase="F:\ETWork\bin\Tests\UnitTests.iCore.Workflow.Activities.dll" adapterTypeName="Microsoft.VisualStudio.TestTools.TestTypes.Unit.UnitTestAdapter" className="UnitTest.iCore.Workflow.Activities.Filesystem.FileSystemListenerExActivityTests" name="Invoke_OmitInArgumentDirectory_ThrowsArgumentException" />
    </UnitTest>
    <UnitTest name="Allocate_InspectDefaultValues_DefaultErrorOnTimeoutIsTrue" storage="f:\etwork\bin\tests\unittests.icore.workflow.activities.dll" id="6f72d3b2-b349-ce8b-2341-a3244520825a">
      <Execution id="15ca78e0-7a4a-461d-8afc-ea1511398996" />
      <TestMethod codeBase="F:\ETWork\bin\Tests\UnitTests.iCore.Workflow.Activities.dll" adapterTypeName="Microsoft.VisualStudio.TestTools.TestTypes.Unit.UnitTestAdapter" className="UnitTest.iCore.Workflow.Activities.Filesystem.FileSystemListenerExActivityTests" name="Allocate_InspectDefaultValues_DefaultErrorOnTimeoutIsTrue" />
    </UnitTest>
    <UnitTest name="Allocate_InspectDefaultValues_DefaultFilterIsAllFiles" storage="f:\etwork\bin\tests\unittests.icore.workflow.activities.dll" id="f88fa283-5f0b-60da-79f1-8a9f385d6bab">
      <Execution id="dace038e-5d26-4b30-9724-a57385a0ed61" />
      <TestMethod codeBase="F:\ETWork\bin\Tests\UnitTests.iCore.Workflow.Activities.dll" adapterTypeName="Microsoft.VisualStudio.TestTools.TestTypes.Unit.UnitTestAdapter" className="UnitTest.iCore.Workflow.Activities.Filesystem.FileSystemListenerExActivityTests" name="Allocate_InspectDefaultValues_DefaultFilterIsAllFiles" />
    </UnitTest>
    <UnitTest name="Allocate_InspectDefaultValues_DefaultRecursiceIsFalse" storage="f:\etwork\bin\tests\unittests.icore.workflow.activities.dll" id="a1fc673d-94b9-acb8-3a90-1a2c5286dcfe">
      <Execution id="9f12a7e7-a6b8-4988-8c94-9bc57e8b3fbb" />
      <TestMethod codeBase="F:\ETWork\bin\Tests\UnitTests.iCore.Workflow.Activities.dll" adapterTypeName="Microsoft.VisualStudio.TestTools.TestTypes.Unit.UnitTestAdapter" className="UnitTest.iCore.Workflow.Activities.Filesystem.FileSystemListenerExActivityTests" name="Allocate_InspectDefaultValues_DefaultRecursiceIsFalse" />
    </UnitTest>
    <UnitTest name="Allocate_InspectDefaultValues_DefaultRenameIsFalse" storage="f:\etwork\bin\tests\unittests.icore.workflow.activities.dll" id="44cce4aa-0fa3-6186-a0f7-b57042acc95c">
      <Execution id="0e48c63e-7d08-4e48-957d-20fbab31400a" />
      <TestMethod codeBase="F:\ETWork\bin\Tests\UnitTests.iCore.Workflow.Activities.dll" adapterTypeName="Microsoft.VisualStudio.TestTools.TestTypes.Unit.UnitTestAdapter" className="UnitTest.iCore.Workflow.Activities.Filesystem.FileSystemListenerExActivityTests" name="Allocate_InspectDefaultValues_DefaultRenameIsFalse" />
    </UnitTest>
    <UnitTest name="Allocate_InspectDefaultValues_DefaultScanForFileOnStartIsTrue" storage="f:\etwork\bin\tests\unittests.icore.workflow.activities.dll" id="febd1a74-aeee-6b1b-84a2-bd3b2bc81d21">
      <Execution id="1b7862a7-668e-4bc1-a01b-ef7c73cf9b9e" />
      <TestMethod codeBase="F:\ETWork\bin\Tests\UnitTests.iCore.Workflow.Activities.dll" adapterTypeName="Microsoft.VisualStudio.TestTools.TestTypes.Unit.UnitTestAdapter" className="UnitTest.iCore.Workflow.Activities.Filesystem.FileSystemListenerExActivityTests" name="Allocate_InspectDefaultValues_DefaultScanForFileOnStartIsTrue" />
    </UnitTest>
    <UnitTest name="Allocate_InspectDefaultValues_DefaultSettleTimeIs500MS" storage="f:\etwork\bin\tests\unittests.icore.workflow.activities.dll" id="b129abb8-81b6-fc85-89b3-346a1daafb2d">
      <Execution id="4b0dad86-e455-4e40-add9-d334b137920e" />
      <TestMethod codeBase="F:\ETWork\bin\Tests\UnitTests.iCore.Workflow.Activities.dll" adapterTypeName="Microsoft.VisualStudio.TestTools.TestTypes.Unit.UnitTestAdapter" className="UnitTest.iCore.Workflow.Activities.Filesystem.FileSystemListenerExActivityTests" name="Allocate_InspectDefaultValues_DefaultSettleTimeIs500MS" />
    </UnitTest>
    <UnitTest name="Allocate_InspectDefaultValues_DefaulTimeoutIsZero" storage="f:\etwork\bin\tests\unittests.icore.workflow.activities.dll" id="377fcc5a-6bbf-9a8c-8c8a-4c9a1f32cc02">
      <Execution id="53b5220e-033c-4f54-a236-11daeef06e6e" />
      <TestMethod codeBase="F:\ETWork\bin\Tests\UnitTests.iCore.Workflow.Activities.dll" adapterTypeName="Microsoft.VisualStudio.TestTools.TestTypes.Unit.UnitTestAdapter" className="UnitTest.iCore.Workflow.Activities.Filesystem.FileSystemListenerExActivityTests" name="Allocate_InspectDefaultValues_DefaulTimeoutIsZero" />
    </UnitTest>
    <UnitTest name="Allocate_InspectDefaultValues_DefaulWatchTypeIsRename" storage="f:\etwork\bin\tests\unittests.icore.workflow.activities.dll" id="5380a18b-bbd9-25cf-84de-51988142d436">
      <Execution id="1221d103-7842-47cd-9f44-30570bab0214" />
      <TestMethod codeBase="F:\ETWork\bin\Tests\UnitTests.iCore.Workflow.Activities.dll" adapterTypeName="Microsoft.VisualStudio.TestTools.TestTypes.Unit.UnitTestAdapter" className="UnitTest.iCore.Workflow.Activities.Filesystem.FileSystemListenerExActivityTests" name="Allocate_InspectDefaultValues_DefaulWatchTypeIsRename" />
    </UnitTest>
    <UnitTest name="Allocate_InspectDefaultValues_DefaulFileAccessIsRead" storage="f:\etwork\bin\tests\unittests.icore.workflow.activities.dll" id="f020a9b9-e684-ad68-e5c5-109afd6214e0">
      <Execution id="151f7fbb-9876-4d36-a95d-b93f58aa674a" />
      <TestMethod codeBase="F:\ETWork\bin\Tests\UnitTests.iCore.Workflow.Activities.dll" adapterTypeName="Microsoft.VisualStudio.TestTools.TestTypes.Unit.UnitTestAdapter" className="UnitTest.iCore.Workflow.Activities.Filesystem.FileSystemListenerExActivityTests" name="Allocate_InspectDefaultValues_DefaulFileAccessIsRead" />
    </UnitTest>
    <UnitTest name="Allocate_InspectDefaultValues_DefaulFileModeIsOpen" storage="f:\etwork\bin\tests\unittests.icore.workflow.activities.dll" id="229f46da-c77d-d421-b8b6-43865f2f54d7">
      <Execution id="48102c90-a6df-45fa-9e2a-06e289ff0286" />
      <TestMethod codeBase="F:\ETWork\bin\Tests\UnitTests.iCore.Workflow.Activities.dll" adapterTypeName="Microsoft.VisualStudio.TestTools.TestTypes.Unit.UnitTestAdapter" className="UnitTest.iCore.Workflow.Activities.Filesystem.FileSystemListenerExActivityTests" name="Allocate_InspectDefaultValues_DefaulFileModeIsOpen" />
    </UnitTest>
    <UnitTest name="Allocate_InspectDefaultValues_DefaulFileShareIsRead" storage="f:\etwork\bin\tests\unittests.icore.workflow.activities.dll" id="b8139e8f-fbe0-17fa-9286-9b565b8cc723">
      <Execution id="e6feb9ef-1f11-4d41-944c-0467db0c4456" />
      <TestMethod codeBase="F:\ETWork\bin\Tests\UnitTests.iCore.Workflow.Activities.dll" adapterTypeName="Microsoft.VisualStudio.TestTools.TestTypes.Unit.UnitTestAdapter" className="UnitTest.iCore.Workflow.Activities.Filesystem.FileSystemListenerExActivityTests" name="Allocate_InspectDefaultValues_DefaulFileShareIsRead" />
    </UnitTest>
    <UnitTest name="Invoke_NormalExecution_Success" storage="f:\etwork\bin\tests\unittests.icore.workflow.activities.dll" id="1d65b957-1713-c7a7-d622-b85d3741936f">
      <Execution id="23433e1c-d644-4f60-b5f3-cf6a6c7a80b1" />
      <TestMethod codeBase="F:\ETWork\bin\Tests\UnitTests.iCore.Workflow.Activities.dll" adapterTypeName="Microsoft.VisualStudio.TestTools.TestTypes.Unit.UnitTestAdapter" className="UnitTest.iCore.Workflow.Activities.Filesystem.CopyFileActivityTests" name="Invoke_NormalExecution_Success" />
    </UnitTest>
    <UnitTest name="Invoke_OverwriteFalse_Success" storage="f:\etwork\bin\tests\unittests.icore.workflow.activities.dll" id="f4e741c2-fce9-f39c-ce67-a2121785ff18">
      <Execution id="5684d33f-2dc3-4c59-826d-aaad7eca1e86" />
      <TestMethod codeBase="F:\ETWork\bin\Tests\UnitTests.iCore.Workflow.Activities.dll" adapterTypeName="Microsoft.VisualStudio.TestTools.TestTypes.Unit.UnitTestAdapter" className="UnitTest.iCore.Workflow.Activities.Filesystem.CopyFileActivityTests" name="Invoke_OverwriteFalse_Success" />
    </UnitTest>
    <UnitTest name="Invoke_OverwriteNotSet_Success" storage="f:\etwork\bin\tests\unittests.icore.workflow.activities.dll" id="0d4277d5-a3db-a690-fca5-160412cbbfee">
      <Execution id="52508bbb-7303-47a0-898e-947c952b8117" />
      <TestMethod codeBase="F:\ETWork\bin\Tests\UnitTests.iCore.Workflow.Activities.dll" adapterTypeName="Microsoft.VisualStudio.TestTools.TestTypes.Unit.UnitTestAdapter" className="UnitTest.iCore.Workflow.Activities.Filesystem.CopyFileActivityTests" name="Invoke_OverwriteNotSet_Success" />
    </UnitTest>
    <UnitTest name="Invoke_FromFileArgumentIsMissing_UnhandledArgumentException" storage="f:\etwork\bin\tests\unittests.icore.workflow.activities.dll" id="fd0fe75a-04e2-6067-5e56-2c37dacdc08e">
      <Execution id="e1774794-de91-4837-bfc4-ad67bfdc3d05" />
      <TestMethod codeBase="F:\ETWork\bin\Tests\UnitTests.iCore.Workflow.Activities.dll" adapterTypeName="Microsoft.VisualStudio.TestTools.TestTypes.Unit.UnitTestAdapter" className="UnitTest.iCore.Workflow.Activities.Filesystem.CopyFileActivityTests" name="Invoke_FromFileArgumentIsMissing_UnhandledArgumentException" />
    </UnitTest>
    <UnitTest name="Invoke_ToFileArgumentIsMissing_UnhandledArgumentException" storage="f:\etwork\bin\tests\unittests.icore.workflow.activities.dll" id="0fb966cf-f431-a0eb-e473-af8c7b366f9c">
      <Execution id="8aefa4f1-87b1-4ab1-b165-2e58be422376" />
      <TestMethod codeBase="F:\ETWork\bin\Tests\UnitTests.iCore.Workflow.Activities.dll" adapterTypeName="Microsoft.VisualStudio.TestTools.TestTypes.Unit.UnitTestAdapter" className="UnitTest.iCore.Workflow.Activities.Filesystem.CopyFileActivityTests" name="Invoke_ToFileArgumentIsMissing_UnhandledArgumentException" />
    </UnitTest>
    <UnitTest name="Invoke_RequiredServiceIFileSystemServiceIsMissing_ThrowsActivationException" storage="f:\etwork\bin\tests\unittests.icore.workflow.activities.dll" id="1d4f6a5e-a6b3-d240-fb40-0d60d8cbfbc1">
      <Execution id="23673fb1-c21a-4435-a782-3f71120fb20f" />
      <TestMethod codeBase="F:\ETWork\bin\Tests\UnitTests.iCore.Workflow.Activities.dll" adapterTypeName="Microsoft.VisualStudio.TestTools.TestTypes.Unit.UnitTestAdapter" className="UnitTest.iCore.Workflow.Activities.Filesystem.CopyFileActivityTests" name="Invoke_RequiredServiceIFileSystemServiceIsMissing_ThrowsActivationException" />
    </UnitTest>
    <UnitTest name="Invoke_BadFilenames_UnhandledArgumentException" storage="f:\etwork\bin\tests\unittests.icore.workflow.activities.dll" id="a719801d-f08d-156b-489b-89f17adea13e">
      <Execution id="53102b23-2070-43fe-98e2-959e03486ddb" />
      <TestMethod codeBase="F:\ETWork\bin\Tests\UnitTests.iCore.Workflow.Activities.dll" adapterTypeName="Microsoft.VisualStudio.TestTools.TestTypes.Unit.UnitTestAdapter" className="UnitTest.iCore.Workflow.Activities.Filesystem.CopyFileActivityTests" name="Invoke_BadFilenames_UnhandledArgumentException" />
    </UnitTest>
    <UnitTest name="Invoke_BadFromFile_UnhandledArgumentException" storage="f:\etwork\bin\tests\unittests.icore.workflow.activities.dll" id="5a92476d-402a-8cfa-eb25-85b6e98d9bae">
      <Execution id="fd170b6b-f604-42ad-aa9d-8ee3b14f97de" />
      <TestMethod codeBase="F:\ETWork\bin\Tests\UnitTests.iCore.Workflow.Activities.dll" adapterTypeName="Microsoft.VisualStudio.TestTools.TestTypes.Unit.UnitTestAdapter" className="UnitTest.iCore.Workflow.Activities.Filesystem.CopyFileActivityTests" name="Invoke_BadFromFile_UnhandledArgumentException" />
    </UnitTest>
    <UnitTest name="Invoke_BadToFile_UnhandledArgumentException" storage="f:\etwork\bin\tests\unittests.icore.workflow.activities.dll" id="669b0c90-20cd-0905-ebf2-c58b1a398af4">
      <Execution id="4513cdf7-8b44-4d91-bf92-16a89b0bf0ed" />
      <TestMethod codeBase="F:\ETWork\bin\Tests\UnitTests.iCore.Workflow.Activities.dll" adapterTypeName="Microsoft.VisualStudio.TestTools.TestTypes.Unit.UnitTestAdapter" className="UnitTest.iCore.Workflow.Activities.Filesystem.CopyFileActivityTests" name="Invoke_BadToFile_UnhandledArgumentException" />
    </UnitTest>
    <UnitTest name="Invoke_AsyncTaskFaults_ThrowsTestException" storage="f:\etwork\bin\tests\unittests.icore.workflow.activities.dll" id="b3464bae-7583-5cc0-3a66-478668269bd6">
      <Execution id="20d7c1ab-d1af-49fb-b91b-604226bedd90" />
      <TestMethod codeBase="F:\ETWork\bin\Tests\UnitTests.iCore.Workflow.Activities.dll" adapterTypeName="Microsoft.VisualStudio.TestTools.TestTypes.Unit.UnitTestAdapter" className="UnitTest.iCore.Workflow.Activities.Filesystem.CopyFileActivityTests" name="Invoke_AsyncTaskFaults_ThrowsTestException" />
    </UnitTest>
    <UnitTest name="Invoke_AsyncTaskCancelled_Success" storage="f:\etwork\bin\tests\unittests.icore.workflow.activities.dll" id="8087904c-ffe0-be78-69e7-02ebb6d70c83">
      <Execution id="eedd8f5a-ce5d-4586-9d70-b0c11536b7ab" />
      <TestMethod codeBase="F:\ETWork\bin\Tests\UnitTests.iCore.Workflow.Activities.dll" adapterTypeName="Microsoft.VisualStudio.TestTools.TestTypes.Unit.UnitTestAdapter" className="UnitTest.iCore.Workflow.Activities.Filesystem.CopyFileActivityTests" name="Invoke_AsyncTaskCancelled_Success" />
    </UnitTest>
    <UnitTest name="Invoke_DependencyThrowsOutOfMemoryException_ThrowsFatalException" storage="f:\etwork\bin\tests\unittests.icore.workflow.activities.dll" id="07b06d92-b036-f56d-25c2-190fbe0b2e90">
      <Execution id="ef783524-558f-4e91-be27-c62148096a01" />
      <TestMethod codeBase="F:\ETWork\bin\Tests\UnitTests.iCore.Workflow.Activities.dll" adapterTypeName="Microsoft.VisualStudio.TestTools.TestTypes.Unit.UnitTestAdapter" className="UnitTest.iCore.Workflow.Activities.Filesystem.CopyFileActivityTests" name="Invoke_DependencyThrowsOutOfMemoryException_ThrowsFatalException" />
    </UnitTest>
    <UnitTest name="Invoke_NormalExecution_Success" storage="f:\etwork\bin\tests\unittests.icore.workflow.activities.dll" id="5358421b-edc8-fd6d-5c1e-8ad770d3c3a5">
      <Execution id="a7caf685-4602-4e35-9007-bd308aad4110" />
      <TestMethod codeBase="F:\ETWork\bin\Tests\UnitTests.iCore.Workflow.Activities.dll" adapterTypeName="Microsoft.VisualStudio.TestTools.TestTypes.Unit.UnitTestAdapter" className="UnitTest.iCore.Workflow.Activities.Filesystem.FileExistsActivityTests" name="Invoke_NormalExecution_Success" />
    </UnitTest>
    <UnitTest name="Invoke_NormalExecution_FileDoesNotExist" storage="f:\etwork\bin\tests\unittests.icore.workflow.activities.dll" id="f8477655-26e0-e1cf-def1-8a71b72eff25">
      <Execution id="81cb239f-251e-42d8-987b-731a6ac95aec" />
      <TestMethod codeBase="F:\ETWork\bin\Tests\UnitTests.iCore.Workflow.Activities.dll" adapterTypeName="Microsoft.VisualStudio.TestTools.TestTypes.Unit.UnitTestAdapter" className="UnitTest.iCore.Workflow.Activities.Filesystem.FileExistsActivityTests" name="Invoke_NormalExecution_FileDoesNotExist" />
    </UnitTest>
    <UnitTest name="Invoke_RequiredInArgumentIsMissing_UnhandledArgumentException" storage="f:\etwork\bin\tests\unittests.icore.workflow.activities.dll" id="618be603-ad04-d5b7-a823-5f6671192557">
      <Execution id="e050ec90-ece7-4a17-b25d-f60574d8351c" />
      <TestMethod codeBase="F:\ETWork\bin\Tests\UnitTests.iCore.Workflow.Activities.dll" adapterTypeName="Microsoft.VisualStudio.TestTools.TestTypes.Unit.UnitTestAdapter" className="UnitTest.iCore.Workflow.Activities.Filesystem.FileExistsActivityTests" name="Invoke_RequiredInArgumentIsMissing_UnhandledArgumentException" />
    </UnitTest>
    <UnitTest name="Invoke_RequiredServiceIFileSystemServiceIsMissing_ThrowsActivationException" storage="f:\etwork\bin\tests\unittests.icore.workflow.activities.dll" id="f70b18da-28e1-e570-f10e-347daebce63c">
      <Execution id="4c4e5032-508d-4c82-a15f-d675ddebdd85" />
      <TestMethod codeBase="F:\ETWork\bin\Tests\UnitTests.iCore.Workflow.Activities.dll" adapterTypeName="Microsoft.VisualStudio.TestTools.TestTypes.Unit.UnitTestAdapter" className="UnitTest.iCore.Workflow.Activities.Filesystem.FileExistsActivityTests" name="Invoke_RequiredServiceIFileSystemServiceIsMissing_ThrowsActivationException" />
    </UnitTest>
    <UnitTest name="Invoke_BadFilename_UnhandledArgumentException" storage="f:\etwork\bin\tests\unittests.icore.workflow.activities.dll" id="48c09e1c-6ba5-c72e-dcab-eea6e16ea66f">
      <Execution id="cfd029f0-9d5a-4608-916b-9cbe8436a957" />
      <TestMethod codeBase="F:\ETWork\bin\Tests\UnitTests.iCore.Workflow.Activities.dll" adapterTypeName="Microsoft.VisualStudio.TestTools.TestTypes.Unit.UnitTestAdapter" className="UnitTest.iCore.Workflow.Activities.Filesystem.FileExistsActivityTests" name="Invoke_BadFilename_UnhandledArgumentException" />
    </UnitTest>
    <UnitTest name="Invoke_FileExistsFails_ThrowsTestException" storage="f:\etwork\bin\tests\unittests.icore.workflow.activities.dll" id="f53f5fb5-97b4-2e90-197b-70dd504d4c01">
      <Execution id="ad1c4999-457b-478e-8974-1e0046db51fe" />
      <TestMethod codeBase="F:\ETWork\bin\Tests\UnitTests.iCore.Workflow.Activities.dll" adapterTypeName="Microsoft.VisualStudio.TestTools.TestTypes.Unit.UnitTestAdapter" className="UnitTest.iCore.Workflow.Activities.Filesystem.FileExistsActivityTests" name="Invoke_FileExistsFails_ThrowsTestException" />
    </UnitTest>
    <UnitTest name="Invoke_DependencyThrowsOutOfMemoryException_ThrowsFatalException" storage="f:\etwork\bin\tests\unittests.icore.workflow.activities.dll" id="f4afed46-239e-331e-91c5-7e6a7c5ebef6">
      <Execution id="1d484508-7c83-4ebd-83db-cc6dca0941e0" />
      <TestMethod codeBase="F:\ETWork\bin\Tests\UnitTests.iCore.Workflow.Activities.dll" adapterTypeName="Microsoft.VisualStudio.TestTools.TestTypes.Unit.UnitTestAdapter" className="UnitTest.iCore.Workflow.Activities.Filesystem.FileExistsActivityTests" name="Invoke_DependencyThrowsOutOfMemoryException_ThrowsFatalException" />
    </UnitTest>
    <UnitTest name="Invoke_ValidArgs_ExpectedDirectoryArgumentUsed" storage="f:\etwork\bin\tests\unittests.icore.workflow.activities.dll" id="c7ac26a3-4dcd-6a61-aab5-65d2c977b394">
      <Execution id="dae6a830-ec55-4de9-9914-483b80d080de" />
      <TestMethod codeBase="F:\ETWork\bin\Tests\UnitTests.iCore.Workflow.Activities.dll" adapterTypeName="Microsoft.VisualStudio.TestTools.TestTypes.Unit.UnitTestAdapter" className="UnitTest.iCore.Workflow.Activities.Filesystem.FileSystemListenerActivityTests" name="Invoke_ValidArgs_ExpectedDirectoryArgumentUsed" />
    </UnitTest>
    <UnitTest name="Invoke_ValidArgs_ExpectedFilterArgumentUsed" storage="f:\etwork\bin\tests\unittests.icore.workflow.activities.dll" id="3eb414c3-4651-aab8-bf8c-dc26eb152239">
      <Execution id="f2a91208-2714-4712-9883-168b608e47ce" />
      <TestMethod codeBase="F:\ETWork\bin\Tests\UnitTests.iCore.Workflow.Activities.dll" adapterTypeName="Microsoft.VisualStudio.TestTools.TestTypes.Unit.UnitTestAdapter" className="UnitTest.iCore.Workflow.Activities.Filesystem.FileSystemListenerActivityTests" name="Invoke_ValidArgs_ExpectedFilterArgumentUsed" />
    </UnitTest>
    <UnitTest name="Invoke_ValidArgs_ExpectedRecursiveArgumentUsed" storage="f:\etwork\bin\tests\unittests.icore.workflow.activities.dll" id="c341cad5-f03c-f80f-6254-3c8276666f51">
      <Execution id="b28724c1-43b3-4749-8a7d-a6a393388797" />
      <TestMethod codeBase="F:\ETWork\bin\Tests\UnitTests.iCore.Workflow.Activities.dll" adapterTypeName="Microsoft.VisualStudio.TestTools.TestTypes.Unit.UnitTestAdapter" className="UnitTest.iCore.Workflow.Activities.Filesystem.FileSystemListenerActivityTests" name="Invoke_ValidArgs_ExpectedRecursiveArgumentUsed" />
    </UnitTest>
    <UnitTest name="Invoke_ValidArgs_ExpectedScanForFileOnStartArgumentUsed" storage="f:\etwork\bin\tests\unittests.icore.workflow.activities.dll" id="7cd72b3a-8eae-c731-f0cf-a060b3727e0a">
      <Execution id="81153018-dd7d-4c42-a6a4-20823f16cb42" />
      <TestMethod codeBase="F:\ETWork\bin\Tests\UnitTests.iCore.Workflow.Activities.dll" adapterTypeName="Microsoft.VisualStudio.TestTools.TestTypes.Unit.UnitTestAdapter" className="UnitTest.iCore.Workflow.Activities.Filesystem.FileSystemListenerActivityTests" name="Invoke_ValidArgs_ExpectedScanForFileOnStartArgumentUsed" />
    </UnitTest>
    <UnitTest name="Invoke_ValidArgs_ExpectedSettleTimeArgumentUsed" storage="f:\etwork\bin\tests\unittests.icore.workflow.activities.dll" id="1c314094-a4e0-f53a-ac10-4477b4087cf2">
      <Execution id="7bf11aa9-b091-424a-abb8-d6b5abfa7fa0" />
      <TestMethod codeBase="F:\ETWork\bin\Tests\UnitTests.iCore.Workflow.Activities.dll" adapterTypeName="Microsoft.VisualStudio.TestTools.TestTypes.Unit.UnitTestAdapter" className="UnitTest.iCore.Workflow.Activities.Filesystem.FileSystemListenerActivityTests" name="Invoke_ValidArgs_ExpectedSettleTimeArgumentUsed" />
    </UnitTest>
    <UnitTest name="Invoke_ValidArgsExpectedWatchTypeArgumentUsed" storage="f:\etwork\bin\tests\unittests.icore.workflow.activities.dll" id="762e9647-7328-4c37-8860-18397a9b19f0">
      <Execution id="74a06fb3-71bb-4086-b7dc-36794d5c8f6c" />
      <TestMethod codeBase="F:\ETWork\bin\Tests\UnitTests.iCore.Workflow.Activities.dll" adapterTypeName="Microsoft.VisualStudio.TestTools.TestTypes.Unit.UnitTestAdapter" className="UnitTest.iCore.Workflow.Activities.Filesystem.FileSystemListenerActivityTests" name="Invoke_ValidArgsExpectedWatchTypeArgumentUsed" />
    </UnitTest>
    <UnitTest name="Invoke_ValidArgs_ExpectedConnectionArgumentUsedOnGetNextFile1" storage="f:\etwork\bin\tests\unittests.icore.workflow.activities.dll" id="652f982c-ac58-44c0-5610-fe0dbb34739c">
      <Execution id="cb09c7df-c580-4c7b-8e22-f77cc4d99276" />
      <TestMethod codeBase="F:\ETWork\bin\Tests\UnitTests.iCore.Workflow.Activities.dll" adapterTypeName="Microsoft.VisualStudio.TestTools.TestTypes.Unit.UnitTestAdapter" className="UnitTest.iCore.Workflow.Activities.Filesystem.FileSystemListenerActivityTests" name="Invoke_ValidArgs_ExpectedConnectionArgumentUsedOnGetNextFile1" />
    </UnitTest>
    <UnitTest name="Invoke_ValidArgs_ExpectedExecutesErrorOnTimeoutArgumentUsed" storage="f:\etwork\bin\tests\unittests.icore.workflow.activities.dll" id="7eaa7a76-1801-c830-05aa-6a4002ca2b10">
      <Execution id="ab059ffe-da0a-425b-b05a-6b67ddca5032" />
      <TestMethod codeBase="F:\ETWork\bin\Tests\UnitTests.iCore.Workflow.Activities.dll" adapterTypeName="Microsoft.VisualStudio.TestTools.TestTypes.Unit.UnitTestAdapter" className="UnitTest.iCore.Workflow.Activities.Filesystem.FileSystemListenerActivityTests" name="Invoke_ValidArgs_ExpectedExecutesErrorOnTimeoutArgumentUsed" />
    </UnitTest>
    <UnitTest name="Invoke_ValidArgs_ExpectedTimeoutArgumentUsed" storage="f:\etwork\bin\tests\unittests.icore.workflow.activities.dll" id="987c86a5-a692-7be4-af89-316c57b96830">
      <Execution id="580d9303-78a7-4a04-a9e1-34cc23fdaf5e" />
      <TestMethod codeBase="F:\ETWork\bin\Tests\UnitTests.iCore.Workflow.Activities.dll" adapterTypeName="Microsoft.VisualStudio.TestTools.TestTypes.Unit.UnitTestAdapter" className="UnitTest.iCore.Workflow.Activities.Filesystem.FileSystemListenerActivityTests" name="Invoke_ValidArgs_ExpectedTimeoutArgumentUsed" />
    </UnitTest>
    <UnitTest name="Invoke_ValidArgs_ExpectedRenameArgumentUsed" storage="f:\etwork\bin\tests\unittests.icore.workflow.activities.dll" id="2a5e7adc-90a2-65b6-c1d5-d0a175427143">
      <Execution id="6657ad46-1724-4deb-8a09-e365cced0dd8" />
      <TestMethod codeBase="F:\ETWork\bin\Tests\UnitTests.iCore.Workflow.Activities.dll" adapterTypeName="Microsoft.VisualStudio.TestTools.TestTypes.Unit.UnitTestAdapter" className="UnitTest.iCore.Workflow.Activities.Filesystem.FileSystemListenerActivityTests" name="Invoke_ValidArgs_ExpectedRenameArgumentUsed" />
    </UnitTest>
    <UnitTest name="Invoke_ValidArgs_ExpectedMoveFileToDirectoryArgumentUsed" storage="f:\etwork\bin\tests\unittests.icore.workflow.activities.dll" id="16d36fcf-8d5e-5ded-0f45-7773e56249d1">
      <Execution id="b38d260b-77cd-44af-8295-75860d54e703" />
      <TestMethod codeBase="F:\ETWork\bin\Tests\UnitTests.iCore.Workflow.Activities.dll" adapterTypeName="Microsoft.VisualStudio.TestTools.TestTypes.Unit.UnitTestAdapter" className="UnitTest.iCore.Workflow.Activities.Filesystem.FileSystemListenerActivityTests" name="Invoke_ValidArgs_ExpectedMoveFileToDirectoryArgumentUsed" />
    </UnitTest>
    <UnitTest name="Invoke_ValidArgs_ExpectedConnectionArgumentUsedOnCloseConnection1" storage="f:\etwork\bin\tests\unittests.icore.workflow.activities.dll" id="e016da78-dd5d-9471-631f-3acdca2da592">
      <Execution id="cea82b56-0b34-4204-8564-4db7d57d801b" />
      <TestMethod codeBase="F:\ETWork\bin\Tests\UnitTests.iCore.Workflow.Activities.dll" adapterTypeName="Microsoft.VisualStudio.TestTools.TestTypes.Unit.UnitTestAdapter" className="UnitTest.iCore.Workflow.Activities.Filesystem.FileSystemListenerActivityTests" name="Invoke_ValidArgs_ExpectedConnectionArgumentUsedOnCloseConnection1" />
    </UnitTest>
    <UnitTest name="Invoke_ValidArgs_ExpectedIsImplicitlyCancellableArgumentUsed" storage="f:\etwork\bin\tests\unittests.icore.workflow.activities.dll" id="82e520c5-1fa8-417b-3218-2038b4a2f986">
      <Execution id="338f0741-2cbf-49c5-b7d1-754c4311cc4b" />
      <TestMethod codeBase="F:\ETWork\bin\Tests\UnitTests.iCore.Workflow.Activities.dll" adapterTypeName="Microsoft.VisualStudio.TestTools.TestTypes.Unit.UnitTestAdapter" className="UnitTest.iCore.Workflow.Activities.Filesystem.FileSystemListenerActivityTests" name="Invoke_ValidArgs_ExpectedIsImplicitlyCancellableArgumentUsed" />
    </UnitTest>
    <UnitTest name="Invoke_ExamineActivityOrder_CreateConfigurationIsBeforeOpenConnection" storage="f:\etwork\bin\tests\unittests.icore.workflow.activities.dll" id="82c9d160-48d2-d19d-05a2-b2df5298911f">
      <Execution id="d22c2747-2dd3-4129-93e4-0ecd202fadc0" />
      <TestMethod codeBase="F:\ETWork\bin\Tests\UnitTests.iCore.Workflow.Activities.dll" adapterTypeName="Microsoft.VisualStudio.TestTools.TestTypes.Unit.UnitTestAdapter" className="UnitTest.iCore.Workflow.Activities.Filesystem.FileSystemListenerActivityTests" name="Invoke_ExamineActivityOrder_CreateConfigurationIsBeforeOpenConnection" />
    </UnitTest>
    <UnitTest name="Invoke_ExamineActivityOrder_OpenConnectionIsBeforeGetNextFile" storage="f:\etwork\bin\tests\unittests.icore.workflow.activities.dll" id="efed4b52-7838-9f73-3151-a66056d77a0f">
      <Execution id="dda0a61b-e4ef-4bef-a73b-c54d378d86cc" />
      <TestMethod codeBase="F:\ETWork\bin\Tests\UnitTests.iCore.Workflow.Activities.dll" adapterTypeName="Microsoft.VisualStudio.TestTools.TestTypes.Unit.UnitTestAdapter" className="UnitTest.iCore.Workflow.Activities.Filesystem.FileSystemListenerActivityTests" name="Invoke_ExamineActivityOrder_OpenConnectionIsBeforeGetNextFile" />
    </UnitTest>
    <UnitTest name="Invoke_ExamineActivityOrder_GetNextFileIsBeforeCloseConnection" storage="f:\etwork\bin\tests\unittests.icore.workflow.activities.dll" id="e8b062b5-89dc-6155-c4e2-35be70d0ebae">
      <Execution id="e720140f-b73c-40dc-b535-5836148f9b9f" />
      <TestMethod codeBase="F:\ETWork\bin\Tests\UnitTests.iCore.Workflow.Activities.dll" adapterTypeName="Microsoft.VisualStudio.TestTools.TestTypes.Unit.UnitTestAdapter" className="UnitTest.iCore.Workflow.Activities.Filesystem.FileSystemListenerActivityTests" name="Invoke_ExamineActivityOrder_GetNextFileIsBeforeCloseConnection" />
    </UnitTest>
    <UnitTest name="Invoke_ExamineActivityOrderOnCancel_GetNextFileIsBeforeCloseConnection" storage="f:\etwork\bin\tests\unittests.icore.workflow.activities.dll" id="f17f70b6-0fee-83a9-6b73-2b86b7d3f45d">
      <Execution id="245407ca-b683-45a6-ae7d-6c2198d843b1" />
      <TestMethod codeBase="F:\ETWork\bin\Tests\UnitTests.iCore.Workflow.Activities.dll" adapterTypeName="Microsoft.VisualStudio.TestTools.TestTypes.Unit.UnitTestAdapter" className="UnitTest.iCore.Workflow.Activities.Filesystem.FileSystemListenerActivityTests" name="Invoke_ExamineActivityOrderOnCancel_GetNextFileIsBeforeCloseConnection" />
    </UnitTest>
    <UnitTest name="Invoke_ExecutionCanceled_ExecutesCloseConnectionActivityWithExpectedArgument" storage="f:\etwork\bin\tests\unittests.icore.workflow.activities.dll" id="ce6dd691-2be2-6b7f-6cd3-9d180c377f27">
      <Execution id="2f90c2f6-ed24-4b25-92f1-da971c9d3d47" />
      <TestMethod codeBase="F:\ETWork\bin\Tests\UnitTests.iCore.Workflow.Activities.dll" adapterTypeName="Microsoft.VisualStudio.TestTools.TestTypes.Unit.UnitTestAdapter" className="UnitTest.iCore.Workflow.Activities.Filesystem.FileSystemListenerActivityTests" name="Invoke_ExecutionCanceled_ExecutesCloseConnectionActivityWithExpectedArgument" />
    </UnitTest>
    <UnitTest name="Invoke_ExecutionFails_ThrowsException" storage="f:\etwork\bin\tests\unittests.icore.workflow.activities.dll" id="186ab42f-c06e-c3d0-2b6a-4620cc809b51">
      <Execution id="1950da5b-3286-4463-bfdc-c904624239ab" />
      <TestMethod codeBase="F:\ETWork\bin\Tests\UnitTests.iCore.Workflow.Activities.dll" adapterTypeName="Microsoft.VisualStudio.TestTools.TestTypes.Unit.UnitTestAdapter" className="UnitTest.iCore.Workflow.Activities.Filesystem.FileSystemListenerActivityTests" name="Invoke_ExecutionFails_ThrowsException" />
    </UnitTest>
    <UnitTest name="Invoke_ExecutionFails_ExecutesCloseConnectionActivityWithExpectedArgument" storage="f:\etwork\bin\tests\unittests.icore.workflow.activities.dll" id="215bfee5-1f66-4e3a-6fbe-6ee6fdbfd2b6">
      <Execution id="d0f333f6-671c-42a1-9616-bdbe3bf4c143" />
      <TestMethod codeBase="F:\ETWork\bin\Tests\UnitTests.iCore.Workflow.Activities.dll" adapterTypeName="Microsoft.VisualStudio.TestTools.TestTypes.Unit.UnitTestAdapter" className="UnitTest.iCore.Workflow.Activities.Filesystem.FileSystemListenerActivityTests" name="Invoke_ExecutionFails_ExecutesCloseConnectionActivityWithExpectedArgument" />
    </UnitTest>
    <UnitTest name="Invoke_NoMoveNoRename_ActivityBecomesIdle" storage="f:\etwork\bin\tests\unittests.icore.workflow.activities.dll" id="1ef7dd6d-490c-93b2-e482-6e60c6496aa7">
      <Execution id="7024443a-1607-4f11-acc5-96b7a54297e2" />
      <TestMethod codeBase="F:\ETWork\bin\Tests\UnitTests.iCore.Workflow.Activities.dll" adapterTypeName="Microsoft.VisualStudio.TestTools.TestTypes.Unit.UnitTestAdapter" className="UnitTest.iCore.Workflow.Activities.Filesystem.FileSystemListenerActivityTests" name="Invoke_NoMoveNoRename_ActivityBecomesIdle" />
    </UnitTest>
    <UnitTest name="Invoke_NoMoveNoRename_ActivityClosed" storage="f:\etwork\bin\tests\unittests.icore.workflow.activities.dll" id="f53da1ac-d92c-97cd-f175-7f5cf998a329">
      <Execution id="620d839c-4f99-4454-b77f-a6817debdb4c" />
      <TestMethod codeBase="F:\ETWork\bin\Tests\UnitTests.iCore.Workflow.Activities.dll" adapterTypeName="Microsoft.VisualStudio.TestTools.TestTypes.Unit.UnitTestAdapter" className="UnitTest.iCore.Workflow.Activities.Filesystem.FileSystemListenerActivityTests" name="Invoke_NoMoveNoRename_ActivityClosed" />
    </UnitTest>
    <UnitTest name="Invoke_NoRenameNoMove_OutArgumentOriginalFileNameIsExpected" storage="f:\etwork\bin\tests\unittests.icore.workflow.activities.dll" id="0c5f7f93-ec3c-3a0b-f039-9319ceef4a56">
      <Execution id="4ed72677-414f-4568-a6cc-9897a0dc1338" />
      <TestMethod codeBase="F:\ETWork\bin\Tests\UnitTests.iCore.Workflow.Activities.dll" adapterTypeName="Microsoft.VisualStudio.TestTools.TestTypes.Unit.UnitTestAdapter" className="UnitTest.iCore.Workflow.Activities.Filesystem.FileSystemListenerActivityTests" name="Invoke_NoRenameNoMove_OutArgumentOriginalFileNameIsExpected" />
    </UnitTest>
    <UnitTest name="Invoke_NoRenameNoMove_OutArgumentOriginalFilePathIsExpected" storage="f:\etwork\bin\tests\unittests.icore.workflow.activities.dll" id="1dbe994c-7596-6ec0-1eb1-d378bbc25453">
      <Execution id="e35f7e2a-69b5-4231-a5ff-4bb801f74fae" />
      <TestMethod codeBase="F:\ETWork\bin\Tests\UnitTests.iCore.Workflow.Activities.dll" adapterTypeName="Microsoft.VisualStudio.TestTools.TestTypes.Unit.UnitTestAdapter" className="UnitTest.iCore.Workflow.Activities.Filesystem.FileSystemListenerActivityTests" name="Invoke_NoRenameNoMove_OutArgumentOriginalFilePathIsExpected" />
    </UnitTest>
    <UnitTest name="Invoke_NoRenameNoMove_OutArgumentProcessingFileNameIsExpected" storage="f:\etwork\bin\tests\unittests.icore.workflow.activities.dll" id="4e02a5cc-1abd-117a-cdd2-da8542efa67b">
      <Execution id="504260c3-4a0a-4d20-9268-472b432394a0" />
      <TestMethod codeBase="F:\ETWork\bin\Tests\UnitTests.iCore.Workflow.Activities.dll" adapterTypeName="Microsoft.VisualStudio.TestTools.TestTypes.Unit.UnitTestAdapter" className="UnitTest.iCore.Workflow.Activities.Filesystem.FileSystemListenerActivityTests" name="Invoke_NoRenameNoMove_OutArgumentProcessingFileNameIsExpected" />
    </UnitTest>
    <UnitTest name="Invoke_NoRenameNoMove_OutArgumentProcessingFilePathIsExpected" storage="f:\etwork\bin\tests\unittests.icore.workflow.activities.dll" id="4eac9088-c539-ea8e-a671-e58f0bce3ac2">
      <Execution id="4b82ad32-0747-40a5-9f00-dc350505aca9" />
      <TestMethod codeBase="F:\ETWork\bin\Tests\UnitTests.iCore.Workflow.Activities.dll" adapterTypeName="Microsoft.VisualStudio.TestTools.TestTypes.Unit.UnitTestAdapter" className="UnitTest.iCore.Workflow.Activities.Filesystem.FileSystemListenerActivityTests" name="Invoke_NoRenameNoMove_OutArgumentProcessingFilePathIsExpected" />
    </UnitTest>
    <UnitTest name="Invoke_RenameNoMove_OutArgumentOriginalFileNameIsExpected" storage="f:\etwork\bin\tests\unittests.icore.workflow.activities.dll" id="05d2487d-2b2b-484f-86b2-4eabcbc973d7">
      <Execution id="acd044e5-cbd7-4fa9-8349-0a87f74aadb5" />
      <TestMethod codeBase="F:\ETWork\bin\Tests\UnitTests.iCore.Workflow.Activities.dll" adapterTypeName="Microsoft.VisualStudio.TestTools.TestTypes.Unit.UnitTestAdapter" className="UnitTest.iCore.Workflow.Activities.Filesystem.FileSystemListenerActivityTests" name="Invoke_RenameNoMove_OutArgumentOriginalFileNameIsExpected" />
    </UnitTest>
    <UnitTest name="Invoke_RenameNoMove_OutArgumentOriginalFilePathIsExpected" storage="f:\etwork\bin\tests\unittests.icore.workflow.activities.dll" id="ceba2161-f005-5b31-f67f-41104b8b9d22">
      <Execution id="bb8c9b66-8d22-46cd-8e7e-c592e6c9921a" />
      <TestMethod codeBase="F:\ETWork\bin\Tests\UnitTests.iCore.Workflow.Activities.dll" adapterTypeName="Microsoft.VisualStudio.TestTools.TestTypes.Unit.UnitTestAdapter" className="UnitTest.iCore.Workflow.Activities.Filesystem.FileSystemListenerActivityTests" name="Invoke_RenameNoMove_OutArgumentOriginalFilePathIsExpected" />
    </UnitTest>
    <UnitTest name="Invoke_RenameNoMove_OutArgumentProcessingFileNameIsExpected" storage="f:\etwork\bin\tests\unittests.icore.workflow.activities.dll" id="87aa0f07-1d98-698d-8d36-97ce300ae94c">
      <Execution id="0518d902-70b4-4fc8-ad78-e05280f6cf7e" />
      <TestMethod codeBase="F:\ETWork\bin\Tests\UnitTests.iCore.Workflow.Activities.dll" adapterTypeName="Microsoft.VisualStudio.TestTools.TestTypes.Unit.UnitTestAdapter" className="UnitTest.iCore.Workflow.Activities.Filesystem.FileSystemListenerActivityTests" name="Invoke_RenameNoMove_OutArgumentProcessingFileNameIsExpected" />
    </UnitTest>
    <UnitTest name="Invoke_RenameNoMove_OutArgumentProcessingFilePathIsExpected" storage="f:\etwork\bin\tests\unittests.icore.workflow.activities.dll" id="78f23c33-213b-930f-820f-c8eec9512235">
      <Execution id="3ea14920-f81e-4708-a887-6e8c4a8d57fe" />
      <TestMethod codeBase="F:\ETWork\bin\Tests\UnitTests.iCore.Workflow.Activities.dll" adapterTypeName="Microsoft.VisualStudio.TestTools.TestTypes.Unit.UnitTestAdapter" className="UnitTest.iCore.Workflow.Activities.Filesystem.FileSystemListenerActivityTests" name="Invoke_RenameNoMove_OutArgumentProcessingFilePathIsExpected" />
    </UnitTest>
    <UnitTest name="Invoke_RenameMove_OutArgumentOriginalFileNameIsExpected" storage="f:\etwork\bin\tests\unittests.icore.workflow.activities.dll" id="aefbf141-7581-d776-d65a-427330b2001d">
      <Execution id="95c5082c-2a55-4e49-ba92-bfbf5cfe5403" />
      <TestMethod codeBase="F:\ETWork\bin\Tests\UnitTests.iCore.Workflow.Activities.dll" adapterTypeName="Microsoft.VisualStudio.TestTools.TestTypes.Unit.UnitTestAdapter" className="UnitTest.iCore.Workflow.Activities.Filesystem.FileSystemListenerActivityTests" name="Invoke_RenameMove_OutArgumentOriginalFileNameIsExpected" />
    </UnitTest>
    <UnitTest name="Invoke_RenameMove_OutArgumentOriginalFilePathIsExpected" storage="f:\etwork\bin\tests\unittests.icore.workflow.activities.dll" id="ba2b2550-3a23-374e-72bb-22ce24bf7860">
      <Execution id="b35da2ab-f4fc-473c-a881-8205b3a303b9" />
      <TestMethod codeBase="F:\ETWork\bin\Tests\UnitTests.iCore.Workflow.Activities.dll" adapterTypeName="Microsoft.VisualStudio.TestTools.TestTypes.Unit.UnitTestAdapter" className="UnitTest.iCore.Workflow.Activities.Filesystem.FileSystemListenerActivityTests" name="Invoke_RenameMove_OutArgumentOriginalFilePathIsExpected" />
    </UnitTest>
    <UnitTest name="Invoke_RenameMove_OutArgumentProcessingFileNameIsExpected" storage="f:\etwork\bin\tests\unittests.icore.workflow.activities.dll" id="e0c3cdcd-b445-343e-4135-3ea486232b15">
      <Execution id="3ad272a7-4de9-4018-87f0-d8b0d837907d" />
      <TestMethod codeBase="F:\ETWork\bin\Tests\UnitTests.iCore.Workflow.Activities.dll" adapterTypeName="Microsoft.VisualStudio.TestTools.TestTypes.Unit.UnitTestAdapter" className="UnitTest.iCore.Workflow.Activities.Filesystem.FileSystemListenerActivityTests" name="Invoke_RenameMove_OutArgumentProcessingFileNameIsExpected" />
    </UnitTest>
    <UnitTest name="Invoke_RenameMove_OutArgumentProcessingFilePathIsExpected" storage="f:\etwork\bin\tests\unittests.icore.workflow.activities.dll" id="9e828bb8-0791-0f9e-3d78-b2de3060a96e">
      <Execution id="c443e8c6-12f3-4b3a-b8cf-23a7a2093f25" />
      <TestMethod codeBase="F:\ETWork\bin\Tests\UnitTests.iCore.Workflow.Activities.dll" adapterTypeName="Microsoft.VisualStudio.TestTools.TestTypes.Unit.UnitTestAdapter" className="UnitTest.iCore.Workflow.Activities.Filesystem.FileSystemListenerActivityTests" name="Invoke_RenameMove_OutArgumentProcessingFilePathIsExpected" />
    </UnitTest>
    <UnitTest name="Invoke_NoRenameMove_OutArgumentOriginalFileNameIsExpected" storage="f:\etwork\bin\tests\unittests.icore.workflow.activities.dll" id="335a80c9-454e-518f-4bc9-8472bc09d36b">
      <Execution id="be3c2166-6e40-4092-a7f5-393fec2d47cb" />
      <TestMethod codeBase="F:\ETWork\bin\Tests\UnitTests.iCore.Workflow.Activities.dll" adapterTypeName="Microsoft.VisualStudio.TestTools.TestTypes.Unit.UnitTestAdapter" className="UnitTest.iCore.Workflow.Activities.Filesystem.FileSystemListenerActivityTests" name="Invoke_NoRenameMove_OutArgumentOriginalFileNameIsExpected" />
    </UnitTest>
    <UnitTest name="Invoke_NoRenameMove_OutArgumentOriginalFilePathIsExpected" storage="f:\etwork\bin\tests\unittests.icore.workflow.activities.dll" id="e563133a-ac44-e5da-b576-8941a74f93c0">
      <Execution id="d0513f0f-3516-44b0-b873-145058952069" />
      <TestMethod codeBase="F:\ETWork\bin\Tests\UnitTests.iCore.Workflow.Activities.dll" adapterTypeName="Microsoft.VisualStudio.TestTools.TestTypes.Unit.UnitTestAdapter" className="UnitTest.iCore.Workflow.Activities.Filesystem.FileSystemListenerActivityTests" name="Invoke_NoRenameMove_OutArgumentOriginalFilePathIsExpected" />
    </UnitTest>
    <UnitTest name="Invoke_NoRenameMove_OutArgumentProcessingFileNameIsExpected" storage="f:\etwork\bin\tests\unittests.icore.workflow.activities.dll" id="8da4cee4-e3a7-7d7d-0ad6-987f920d6d71">
      <Execution id="36773703-fac6-4d42-a433-318351bb11c4" />
      <TestMethod codeBase="F:\ETWork\bin\Tests\UnitTests.iCore.Workflow.Activities.dll" adapterTypeName="Microsoft.VisualStudio.TestTools.TestTypes.Unit.UnitTestAdapter" className="UnitTest.iCore.Workflow.Activities.Filesystem.FileSystemListenerActivityTests" name="Invoke_NoRenameMove_OutArgumentProcessingFileNameIsExpected" />
    </UnitTest>
    <UnitTest name="Invoke_NoRenameMove_OutArgumentProcessingFilePathIsExpected" storage="f:\etwork\bin\tests\unittests.icore.workflow.activities.dll" id="f16dded2-c804-9c38-e0eb-aab5df3cd7d1">
      <Execution id="ac52427a-d898-41c1-a3d1-9cb2ede2904b" />
      <TestMethod codeBase="F:\ETWork\bin\Tests\UnitTests.iCore.Workflow.Activities.dll" adapterTypeName="Microsoft.VisualStudio.TestTools.TestTypes.Unit.UnitTestAdapter" className="UnitTest.iCore.Workflow.Activities.Filesystem.FileSystemListenerActivityTests" name="Invoke_NoRenameMove_OutArgumentProcessingFilePathIsExpected" />
    </UnitTest>
    <UnitTest name="Invoke_NoRenameNoMoveNoErrorOnTimeoutNoFileFound_OutArgumentProcessingFileNameIsNull" storage="f:\etwork\bin\tests\unittests.icore.workflow.activities.dll" id="66897c6b-e1c0-378d-bc45-76f2eb77adc4">
      <Execution id="b79bd0f0-7c85-485a-8ce4-23d288436a33" />
      <TestMethod codeBase="F:\ETWork\bin\Tests\UnitTests.iCore.Workflow.Activities.dll" adapterTypeName="Microsoft.VisualStudio.TestTools.TestTypes.Unit.UnitTestAdapter" className="UnitTest.iCore.Workflow.Activities.Filesystem.FileSystemListenerActivityTests" name="Invoke_NoRenameNoMoveNoErrorOnTimeoutNoFileFound_OutArgumentProcessingFileNameIsNull" />
    </UnitTest>
    <UnitTest name="Invoke_NoRenameNoMoveNoErrorOnTimeoutNoFileFound_OutArgumentProcessingFilePathIsNull" storage="f:\etwork\bin\tests\unittests.icore.workflow.activities.dll" id="2f8cdec1-55c7-1ec2-ee36-ef9a77a8bd33">
      <Execution id="3e6585fd-1d0a-477f-85d5-fb2c7f07f3a3" />
      <TestMethod codeBase="F:\ETWork\bin\Tests\UnitTests.iCore.Workflow.Activities.dll" adapterTypeName="Microsoft.VisualStudio.TestTools.TestTypes.Unit.UnitTestAdapter" className="UnitTest.iCore.Workflow.Activities.Filesystem.FileSystemListenerActivityTests" name="Invoke_NoRenameNoMoveNoErrorOnTimeoutNoFileFound_OutArgumentProcessingFilePathIsNull" />
    </UnitTest>
    <UnitTest name="Invoke_NoRenameNoMoveNoErrorOnTimeoutNoFileFound_OutArgumentOriginalFileNameIsNull" storage="f:\etwork\bin\tests\unittests.icore.workflow.activities.dll" id="c3e5f521-9ad7-7660-3e93-e015bcbbc92d">
      <Execution id="6cb45c1a-12a3-4f33-84b3-7d9bcdf79297" />
      <TestMethod codeBase="F:\ETWork\bin\Tests\UnitTests.iCore.Workflow.Activities.dll" adapterTypeName="Microsoft.VisualStudio.TestTools.TestTypes.Unit.UnitTestAdapter" className="UnitTest.iCore.Workflow.Activities.Filesystem.FileSystemListenerActivityTests" name="Invoke_NoRenameNoMoveNoErrorOnTimeoutNoFileFound_OutArgumentOriginalFileNameIsNull" />
    </UnitTest>
    <UnitTest name="Invoke_NoRenameNoMoveNoErrorOnTimeoutNoFileFound_OutArgumentOriginalFilePathIsNull" storage="f:\etwork\bin\tests\unittests.icore.workflow.activities.dll" id="2863e32e-31a2-c913-2c4c-b48e26ee352f">
      <Execution id="81e4d8c3-2e5a-4d60-841d-3aff1b8fb0e3" />
      <TestMethod codeBase="F:\ETWork\bin\Tests\UnitTests.iCore.Workflow.Activities.dll" adapterTypeName="Microsoft.VisualStudio.TestTools.TestTypes.Unit.UnitTestAdapter" className="UnitTest.iCore.Workflow.Activities.Filesystem.FileSystemListenerActivityTests" name="Invoke_NoRenameNoMoveNoErrorOnTimeoutNoFileFound_OutArgumentOriginalFilePathIsNull" />
    </UnitTest>
    <UnitTest name="Invoke_RenameMoveNoErrorOnTimeoutNoFileFound_OutArgumentProcessingFileNameIsNull" storage="f:\etwork\bin\tests\unittests.icore.workflow.activities.dll" id="75a4ef04-4ef2-4e14-2902-a5cf94a4141e">
      <Execution id="982afd0c-c20f-4065-b002-7be5fb267828" />
      <TestMethod codeBase="F:\ETWork\bin\Tests\UnitTests.iCore.Workflow.Activities.dll" adapterTypeName="Microsoft.VisualStudio.TestTools.TestTypes.Unit.UnitTestAdapter" className="UnitTest.iCore.Workflow.Activities.Filesystem.FileSystemListenerActivityTests" name="Invoke_RenameMoveNoErrorOnTimeoutNoFileFound_OutArgumentProcessingFileNameIsNull" />
    </UnitTest>
    <UnitTest name="Invoke_RenameMoveNoErrorOnTimeoutNoFileFound_OutArgumentProcessingFilePathIsNull" storage="f:\etwork\bin\tests\unittests.icore.workflow.activities.dll" id="308840a6-afe3-7c95-81f8-42dfcd8b1807">
      <Execution id="781fae1e-afce-4048-a1d4-f96dd8ec6681" />
      <TestMethod codeBase="F:\ETWork\bin\Tests\UnitTests.iCore.Workflow.Activities.dll" adapterTypeName="Microsoft.VisualStudio.TestTools.TestTypes.Unit.UnitTestAdapter" className="UnitTest.iCore.Workflow.Activities.Filesystem.FileSystemListenerActivityTests" name="Invoke_RenameMoveNoErrorOnTimeoutNoFileFound_OutArgumentProcessingFilePathIsNull" />
    </UnitTest>
    <UnitTest name="Invoke_RenameMoveNoErrorOnTimeoutNoFileFound_OutArgumentOriginalFileNameIsNull" storage="f:\etwork\bin\tests\unittests.icore.workflow.activities.dll" id="3c7e7888-293a-3264-805f-99722b59b46d">
      <Execution id="0cbe84d3-65bc-4393-87b0-73440f545c02" />
      <TestMethod codeBase="F:\ETWork\bin\Tests\UnitTests.iCore.Workflow.Activities.dll" adapterTypeName="Microsoft.VisualStudio.TestTools.TestTypes.Unit.UnitTestAdapter" className="UnitTest.iCore.Workflow.Activities.Filesystem.FileSystemListenerActivityTests" name="Invoke_RenameMoveNoErrorOnTimeoutNoFileFound_OutArgumentOriginalFileNameIsNull" />
    </UnitTest>
    <UnitTest name="Invoke_RenameMoveNoErrorOnTimeoutNoFileFound_OutArgumentOriginalFilePathIsNull" storage="f:\etwork\bin\tests\unittests.icore.workflow.activities.dll" id="2b33b55c-e90a-3fa4-24c2-969de0091ad7">
      <Execution id="386813e8-cd18-48b5-bc02-776846bbca36" />
      <TestMethod codeBase="F:\ETWork\bin\Tests\UnitTests.iCore.Workflow.Activities.dll" adapterTypeName="Microsoft.VisualStudio.TestTools.TestTypes.Unit.UnitTestAdapter" className="UnitTest.iCore.Workflow.Activities.Filesystem.FileSystemListenerActivityTests" name="Invoke_RenameMoveNoErrorOnTimeoutNoFileFound_OutArgumentOriginalFilePathIsNull" />
    </UnitTest>
    <UnitTest name="Invoke_RenameNoMoveNoErrorOnTimeoutNoFileFound_OutArgumentProcessingFileNameIsNull" storage="f:\etwork\bin\tests\unittests.icore.workflow.activities.dll" id="e6d4bff8-73e5-96fb-ced9-5ce4dc462ae6">
      <Execution id="16f4c4fc-3e25-48a6-b044-9d3a4643c6b9" />
      <TestMethod codeBase="F:\ETWork\bin\Tests\UnitTests.iCore.Workflow.Activities.dll" adapterTypeName="Microsoft.VisualStudio.TestTools.TestTypes.Unit.UnitTestAdapter" className="UnitTest.iCore.Workflow.Activities.Filesystem.FileSystemListenerActivityTests" name="Invoke_RenameNoMoveNoErrorOnTimeoutNoFileFound_OutArgumentProcessingFileNameIsNull" />
    </UnitTest>
    <UnitTest name="Invoke_RenameNoMoveNoErrorOnTimeoutNoFileFound_OutArgumentProcessingFilePathIsNull" storage="f:\etwork\bin\tests\unittests.icore.workflow.activities.dll" id="57d6832c-8812-40d0-6783-da1d6ae78df9">
      <Execution id="07334965-51ef-41ef-bd40-1050c63f7ace" />
      <TestMethod codeBase="F:\ETWork\bin\Tests\UnitTests.iCore.Workflow.Activities.dll" adapterTypeName="Microsoft.VisualStudio.TestTools.TestTypes.Unit.UnitTestAdapter" className="UnitTest.iCore.Workflow.Activities.Filesystem.FileSystemListenerActivityTests" name="Invoke_RenameNoMoveNoErrorOnTimeoutNoFileFound_OutArgumentProcessingFilePathIsNull" />
    </UnitTest>
    <UnitTest name="Invoke_RenameNoMoveNoErrorOnTimeoutNoFileFound_OutArgumentOriginalFileNameIsNull" storage="f:\etwork\bin\tests\unittests.icore.workflow.activities.dll" id="560500be-aa7b-9451-3737-46077b196be5">
      <Execution id="bcebac9c-c88d-4250-9532-3f5b0583a7f1" />
      <TestMethod codeBase="F:\ETWork\bin\Tests\UnitTests.iCore.Workflow.Activities.dll" adapterTypeName="Microsoft.VisualStudio.TestTools.TestTypes.Unit.UnitTestAdapter" className="UnitTest.iCore.Workflow.Activities.Filesystem.FileSystemListenerActivityTests" name="Invoke_RenameNoMoveNoErrorOnTimeoutNoFileFound_OutArgumentOriginalFileNameIsNull" />
    </UnitTest>
    <UnitTest name="Invoke_RenameNoMoveNoErrorOnTimeoutNoFileFound_OutArgumentOriginalFilePathIsNull" storage="f:\etwork\bin\tests\unittests.icore.workflow.activities.dll" id="d7983fc0-288c-13fa-7f5f-cfbc51b44a20">
      <Execution id="4090ecbf-e13a-4414-8e9f-a0f18bc2a161" />
      <TestMethod codeBase="F:\ETWork\bin\Tests\UnitTests.iCore.Workflow.Activities.dll" adapterTypeName="Microsoft.VisualStudio.TestTools.TestTypes.Unit.UnitTestAdapter" className="UnitTest.iCore.Workflow.Activities.Filesystem.FileSystemListenerActivityTests" name="Invoke_RenameNoMoveNoErrorOnTimeoutNoFileFound_OutArgumentOriginalFilePathIsNull" />
    </UnitTest>
    <UnitTest name="Invoke_NoRenameMoveNoErrorOnTimeoutNoFileFound_OutArgumentProcessingFileNameIsNull" storage="f:\etwork\bin\tests\unittests.icore.workflow.activities.dll" id="7c3d73d6-ae7c-b6b6-d1d1-f09fb0834a1b">
      <Execution id="4dcc67f6-6244-49ee-a6c7-fc69ec059556" />
      <TestMethod codeBase="F:\ETWork\bin\Tests\UnitTests.iCore.Workflow.Activities.dll" adapterTypeName="Microsoft.VisualStudio.TestTools.TestTypes.Unit.UnitTestAdapter" className="UnitTest.iCore.Workflow.Activities.Filesystem.FileSystemListenerActivityTests" name="Invoke_NoRenameMoveNoErrorOnTimeoutNoFileFound_OutArgumentProcessingFileNameIsNull" />
    </UnitTest>
    <UnitTest name="Invoke_NoRenameMoveNoErrorOnTimeoutNoFileFound_OutArgumentProcessingFilePathIsNull" storage="f:\etwork\bin\tests\unittests.icore.workflow.activities.dll" id="9e188fde-fa17-7c5f-ab1c-56662a76b191">
      <Execution id="edea01b0-1b66-43ab-a033-55053e7dc3c4" />
      <TestMethod codeBase="F:\ETWork\bin\Tests\UnitTests.iCore.Workflow.Activities.dll" adapterTypeName="Microsoft.VisualStudio.TestTools.TestTypes.Unit.UnitTestAdapter" className="UnitTest.iCore.Workflow.Activities.Filesystem.FileSystemListenerActivityTests" name="Invoke_NoRenameMoveNoErrorOnTimeoutNoFileFound_OutArgumentProcessingFilePathIsNull" />
    </UnitTest>
    <UnitTest name="Invoke_NoRenameMoveNoErrorOnTimeoutNoFileFound_OutArgumentOriginalFileNameIsNull" storage="f:\etwork\bin\tests\unittests.icore.workflow.activities.dll" id="b64a1af1-39a1-096f-7ce8-a3ceee222db3">
      <Execution id="d79a011e-b94e-4bca-9dfe-706b7a5d96c2" />
      <TestMethod codeBase="F:\ETWork\bin\Tests\UnitTests.iCore.Workflow.Activities.dll" adapterTypeName="Microsoft.VisualStudio.TestTools.TestTypes.Unit.UnitTestAdapter" className="UnitTest.iCore.Workflow.Activities.Filesystem.FileSystemListenerActivityTests" name="Invoke_NoRenameMoveNoErrorOnTimeoutNoFileFound_OutArgumentOriginalFileNameIsNull" />
    </UnitTest>
    <UnitTest name="Invoke_NoRenameMoveNoErrorOnTimeoutNoFileFound_OutArgumentOriginalFilePathIsNull" storage="f:\etwork\bin\tests\unittests.icore.workflow.activities.dll" id="1b4099f6-b471-f3d4-1fff-e82bc7f0a6d7">
      <Execution id="d3e642a4-39f1-477a-9625-106fb3083b00" />
      <TestMethod codeBase="F:\ETWork\bin\Tests\UnitTests.iCore.Workflow.Activities.dll" adapterTypeName="Microsoft.VisualStudio.TestTools.TestTypes.Unit.UnitTestAdapter" className="UnitTest.iCore.Workflow.Activities.Filesystem.FileSystemListenerActivityTests" name="Invoke_NoRenameMoveNoErrorOnTimeoutNoFileFound_OutArgumentOriginalFilePathIsNull" />
    </UnitTest>
    <UnitTest name="Invoke_OmitInArgumentDirectory_ThrowsArgumentException" storage="f:\etwork\bin\tests\unittests.icore.workflow.activities.dll" id="f0f852c9-4fce-631a-435e-f8909d6f5e4c">
      <Execution id="12994335-0a9f-47e9-9291-a89cf35e7e40" />
      <TestMethod codeBase="F:\ETWork\bin\Tests\UnitTests.iCore.Workflow.Activities.dll" adapterTypeName="Microsoft.VisualStudio.TestTools.TestTypes.Unit.UnitTestAdapter" className="UnitTest.iCore.Workflow.Activities.Filesystem.FileSystemListenerActivityTests" name="Invoke_OmitInArgumentDirectory_ThrowsArgumentException" />
    </UnitTest>
    <UnitTest name="Allocate_InspectDefaultValues_DefaultErrorOnTimeoutIsTrue" storage="f:\etwork\bin\tests\unittests.icore.workflow.activities.dll" id="1fcd94ef-4d20-3374-cdd9-d5e95960e0f4">
      <Execution id="6d9246e6-2e17-4882-aaae-cf82358ca91d" />
      <TestMethod codeBase="F:\ETWork\bin\Tests\UnitTests.iCore.Workflow.Activities.dll" adapterTypeName="Microsoft.VisualStudio.TestTools.TestTypes.Unit.UnitTestAdapter" className="UnitTest.iCore.Workflow.Activities.Filesystem.FileSystemListenerActivityTests" name="Allocate_InspectDefaultValues_DefaultErrorOnTimeoutIsTrue" />
    </UnitTest>
    <UnitTest name="Allocate_InspectDefaultValues_DefaultFilterIsAllFiles" storage="f:\etwork\bin\tests\unittests.icore.workflow.activities.dll" id="cf2090e8-2ae6-b412-6b0c-1b612c83ca76">
      <Execution id="0eaf9a9a-46c8-4c45-9cbb-79d61547b517" />
      <TestMethod codeBase="F:\ETWork\bin\Tests\UnitTests.iCore.Workflow.Activities.dll" adapterTypeName="Microsoft.VisualStudio.TestTools.TestTypes.Unit.UnitTestAdapter" className="UnitTest.iCore.Workflow.Activities.Filesystem.FileSystemListenerActivityTests" name="Allocate_InspectDefaultValues_DefaultFilterIsAllFiles" />
    </UnitTest>
    <UnitTest name="Allocate_InspectDefaultValues_DefaultRecursiceIsFalse" storage="f:\etwork\bin\tests\unittests.icore.workflow.activities.dll" id="5c53f807-6f55-32f3-f0ec-2dd8e8da7de9">
      <Execution id="bf1047df-1942-433a-a553-e1111a37eefd" />
      <TestMethod codeBase="F:\ETWork\bin\Tests\UnitTests.iCore.Workflow.Activities.dll" adapterTypeName="Microsoft.VisualStudio.TestTools.TestTypes.Unit.UnitTestAdapter" className="UnitTest.iCore.Workflow.Activities.Filesystem.FileSystemListenerActivityTests" name="Allocate_InspectDefaultValues_DefaultRecursiceIsFalse" />
    </UnitTest>
    <UnitTest name="Allocate_InspectDefaultValues_DefaultRenameIsFalse" storage="f:\etwork\bin\tests\unittests.icore.workflow.activities.dll" id="1ff4f359-7efd-8f91-ead3-dadea1c05e22">
      <Execution id="4b91663f-2b56-4ec5-b3a2-cba3fb17d122" />
      <TestMethod codeBase="F:\ETWork\bin\Tests\UnitTests.iCore.Workflow.Activities.dll" adapterTypeName="Microsoft.VisualStudio.TestTools.TestTypes.Unit.UnitTestAdapter" className="UnitTest.iCore.Workflow.Activities.Filesystem.FileSystemListenerActivityTests" name="Allocate_InspectDefaultValues_DefaultRenameIsFalse" />
    </UnitTest>
    <UnitTest name="Allocate_InspectDefaultValues_DefaultScanForFileOnStartIsTrue" storage="f:\etwork\bin\tests\unittests.icore.workflow.activities.dll" id="e10d9262-2cf4-a2b6-f576-6a24ea0996f2">
      <Execution id="440630ab-f870-4ce8-bfc9-f912602b4e30" />
      <TestMethod codeBase="F:\ETWork\bin\Tests\UnitTests.iCore.Workflow.Activities.dll" adapterTypeName="Microsoft.VisualStudio.TestTools.TestTypes.Unit.UnitTestAdapter" className="UnitTest.iCore.Workflow.Activities.Filesystem.FileSystemListenerActivityTests" name="Allocate_InspectDefaultValues_DefaultScanForFileOnStartIsTrue" />
    </UnitTest>
    <UnitTest name="Allocate_InspectDefaultValues_DefaultSettleTimeIs500MS" storage="f:\etwork\bin\tests\unittests.icore.workflow.activities.dll" id="baee69ba-2af9-c665-f273-d2242f05bb5e">
      <Execution id="f6aa0481-e16e-4338-9def-2e7424e06f59" />
      <TestMethod codeBase="F:\ETWork\bin\Tests\UnitTests.iCore.Workflow.Activities.dll" adapterTypeName="Microsoft.VisualStudio.TestTools.TestTypes.Unit.UnitTestAdapter" className="UnitTest.iCore.Workflow.Activities.Filesystem.FileSystemListenerActivityTests" name="Allocate_InspectDefaultValues_DefaultSettleTimeIs500MS" />
    </UnitTest>
    <UnitTest name="Allocate_InspectDefaultValues_DefaulTimeoutIsZero" storage="f:\etwork\bin\tests\unittests.icore.workflow.activities.dll" id="6b243c8c-74bd-7e4b-341f-e44a5c5ccd17">
      <Execution id="211dcdb7-decd-41dc-afaa-c9e70f73834a" />
      <TestMethod codeBase="F:\ETWork\bin\Tests\UnitTests.iCore.Workflow.Activities.dll" adapterTypeName="Microsoft.VisualStudio.TestTools.TestTypes.Unit.UnitTestAdapter" className="UnitTest.iCore.Workflow.Activities.Filesystem.FileSystemListenerActivityTests" name="Allocate_InspectDefaultValues_DefaulTimeoutIsZero" />
    </UnitTest>
    <UnitTest name="Allocate_InspectDefaultValues_DefaulWatchTypeIsRename" storage="f:\etwork\bin\tests\unittests.icore.workflow.activities.dll" id="224d4c4a-bf78-3280-42f7-47b08e336632">
      <Execution id="c406187b-7f44-4084-9d48-1946b8866df5" />
      <TestMethod codeBase="F:\ETWork\bin\Tests\UnitTests.iCore.Workflow.Activities.dll" adapterTypeName="Microsoft.VisualStudio.TestTools.TestTypes.Unit.UnitTestAdapter" className="UnitTest.iCore.Workflow.Activities.Filesystem.FileSystemListenerActivityTests" name="Allocate_InspectDefaultValues_DefaulWatchTypeIsRename" />
    </UnitTest>
    <UnitTest name="Allocate_InspectDefaultValues_DefaultIsImplicitlyCancellableIsTrue" storage="f:\etwork\bin\tests\unittests.icore.workflow.activities.dll" id="74dd11d6-bd72-6258-df22-37f1a46f41a9">
      <Execution id="cb1c9eb7-eb78-4010-8844-984f6d1c2fd4" />
      <TestMethod codeBase="F:\ETWork\bin\Tests\UnitTests.iCore.Workflow.Activities.dll" adapterTypeName="Microsoft.VisualStudio.TestTools.TestTypes.Unit.UnitTestAdapter" className="UnitTest.iCore.Workflow.Activities.Filesystem.FileSystemListenerActivityTests" name="Allocate_InspectDefaultValues_DefaultIsImplicitlyCancellableIsTrue" />
    </UnitTest>
    <UnitTest name="Invoke_AllInArguments_ExecutesInternalGetNextFileActivitWithExpectedConnectionArgument" storage="f:\etwork\bin\tests\unittests.icore.workflow.activities.dll" id="a4695102-57dc-a5b0-4600-6b2c5f8dc999">
      <Execution id="535c49e9-63d4-4e5b-847d-8934b1145391" />
      <TestMethod codeBase="F:\ETWork\bin\Tests\UnitTests.iCore.Workflow.Activities.dll" adapterTypeName="Microsoft.VisualStudio.TestTools.TestTypes.Unit.UnitTestAdapter" className="UnitTest.iCore.Workflow.Activities.Filesystem.GetNextFileActivityTests" name="Invoke_AllInArguments_ExecutesInternalGetNextFileActivitWithExpectedConnectionArgument" />
    </UnitTest>
    <UnitTest name="Invoke_AllInArguments_ExecutesInternalGetNextFileActivityWithExpectedErrorOnTimeoutArgument" storage="f:\etwork\bin\tests\unittests.icore.workflow.activities.dll" id="7383a612-09c3-e115-dce5-7a2e36bc813b">
      <Execution id="9d91a267-bb97-42a5-9ea9-382bf1f718da" />
      <TestMethod codeBase="F:\ETWork\bin\Tests\UnitTests.iCore.Workflow.Activities.dll" adapterTypeName="Microsoft.VisualStudio.TestTools.TestTypes.Unit.UnitTestAdapter" className="UnitTest.iCore.Workflow.Activities.Filesystem.GetNextFileActivityTests" name="Invoke_AllInArguments_ExecutesInternalGetNextFileActivityWithExpectedErrorOnTimeoutArgument" />
    </UnitTest>
    <UnitTest name="Invoke_AllInArguments_ExecutesInternalGetNextFileActivityWithExpectedTimeoutArgument" storage="f:\etwork\bin\tests\unittests.icore.workflow.activities.dll" id="102e6afe-725c-cdfe-5c28-1af7febfaaa7">
      <Execution id="a707a7a2-c0ee-4be8-82c9-3ce088ecd789" />
      <TestMethod codeBase="F:\ETWork\bin\Tests\UnitTests.iCore.Workflow.Activities.dll" adapterTypeName="Microsoft.VisualStudio.TestTools.TestTypes.Unit.UnitTestAdapter" className="UnitTest.iCore.Workflow.Activities.Filesystem.GetNextFileActivityTests" name="Invoke_AllInArguments_ExecutesInternalGetNextFileActivityWithExpectedTimeoutArgument" />
    </UnitTest>
    <UnitTest name="Invoke_NoRenameNoMove_OutArgumentOriginalFileNameIsExpected" storage="f:\etwork\bin\tests\unittests.icore.workflow.activities.dll" id="c77d402c-8327-25ae-8fd0-83e870ac2f8a">
      <Execution id="33f271f7-d9df-4624-8822-a2b134519bcb" />
      <TestMethod codeBase="F:\ETWork\bin\Tests\UnitTests.iCore.Workflow.Activities.dll" adapterTypeName="Microsoft.VisualStudio.TestTools.TestTypes.Unit.UnitTestAdapter" className="UnitTest.iCore.Workflow.Activities.Filesystem.GetNextFileActivityTests" name="Invoke_NoRenameNoMove_OutArgumentOriginalFileNameIsExpected" />
    </UnitTest>
    <UnitTest name="Invoke_NoRenameNoMove_OutArgumentOriginalFilePathIsExpected" storage="f:\etwork\bin\tests\unittests.icore.workflow.activities.dll" id="59524fbc-ad7b-1e06-e43c-47ea3d4b1081">
      <Execution id="435a521e-7dd9-4764-918b-496174cd1a2f" />
      <TestMethod codeBase="F:\ETWork\bin\Tests\UnitTests.iCore.Workflow.Activities.dll" adapterTypeName="Microsoft.VisualStudio.TestTools.TestTypes.Unit.UnitTestAdapter" className="UnitTest.iCore.Workflow.Activities.Filesystem.GetNextFileActivityTests" name="Invoke_NoRenameNoMove_OutArgumentOriginalFilePathIsExpected" />
    </UnitTest>
    <UnitTest name="Invoke_NoRenameNoMove_OutArgumentProcessingFileNameIsExpected" storage="f:\etwork\bin\tests\unittests.icore.workflow.activities.dll" id="b6efe126-2b86-2eb6-10f8-835f3768745e">
      <Execution id="a5bf4f69-bd8c-4f58-8083-eb9920bb00ea" />
      <TestMethod codeBase="F:\ETWork\bin\Tests\UnitTests.iCore.Workflow.Activities.dll" adapterTypeName="Microsoft.VisualStudio.TestTools.TestTypes.Unit.UnitTestAdapter" className="UnitTest.iCore.Workflow.Activities.Filesystem.GetNextFileActivityTests" name="Invoke_NoRenameNoMove_OutArgumentProcessingFileNameIsExpected" />
    </UnitTest>
    <UnitTest name="Invoke_NoRenameNoMove_OutArgumentProcessingFilePathIsExpected" storage="f:\etwork\bin\tests\unittests.icore.workflow.activities.dll" id="6da71151-f511-8823-e176-c485d9440966">
      <Execution id="c5e7991a-29c9-4001-9b6c-756f649a200f" />
      <TestMethod codeBase="F:\ETWork\bin\Tests\UnitTests.iCore.Workflow.Activities.dll" adapterTypeName="Microsoft.VisualStudio.TestTools.TestTypes.Unit.UnitTestAdapter" className="UnitTest.iCore.Workflow.Activities.Filesystem.GetNextFileActivityTests" name="Invoke_NoRenameNoMove_OutArgumentProcessingFilePathIsExpected" />
    </UnitTest>
    <UnitTest name="Invoke_RenameNoMove_OutArgumentOriginalFileNameIsExpected" storage="f:\etwork\bin\tests\unittests.icore.workflow.activities.dll" id="d9c38364-b5c0-b9e8-2ad1-e9a140498844">
      <Execution id="4a9e81b9-cdd6-43ee-a082-50484a57bb5a" />
      <TestMethod codeBase="F:\ETWork\bin\Tests\UnitTests.iCore.Workflow.Activities.dll" adapterTypeName="Microsoft.VisualStudio.TestTools.TestTypes.Unit.UnitTestAdapter" className="UnitTest.iCore.Workflow.Activities.Filesystem.GetNextFileActivityTests" name="Invoke_RenameNoMove_OutArgumentOriginalFileNameIsExpected" />
    </UnitTest>
    <UnitTest name="Invoke_RenameNoMove_OutArgumentOriginalFilePathIsExpected" storage="f:\etwork\bin\tests\unittests.icore.workflow.activities.dll" id="b883db37-c7e7-dd61-3e75-f619225af0b4">
      <Execution id="b6929ed7-607b-451b-b0f1-2a202f68e612" />
      <TestMethod codeBase="F:\ETWork\bin\Tests\UnitTests.iCore.Workflow.Activities.dll" adapterTypeName="Microsoft.VisualStudio.TestTools.TestTypes.Unit.UnitTestAdapter" className="UnitTest.iCore.Workflow.Activities.Filesystem.GetNextFileActivityTests" name="Invoke_RenameNoMove_OutArgumentOriginalFilePathIsExpected" />
    </UnitTest>
    <UnitTest name="Invoke_RenameNoMove_OutArgumentProcessingFileNameIsExpected" storage="f:\etwork\bin\tests\unittests.icore.workflow.activities.dll" id="06d0c6f3-c267-affd-7754-4a3487cff715">
      <Execution id="37be77b0-d76d-4ec1-8ef1-83b37ee86523" />
      <TestMethod codeBase="F:\ETWork\bin\Tests\UnitTests.iCore.Workflow.Activities.dll" adapterTypeName="Microsoft.VisualStudio.TestTools.TestTypes.Unit.UnitTestAdapter" className="UnitTest.iCore.Workflow.Activities.Filesystem.GetNextFileActivityTests" name="Invoke_RenameNoMove_OutArgumentProcessingFileNameIsExpected" />
    </UnitTest>
    <UnitTest name="Invoke_RenameNoMove_OutArgumentProcessingFilePathIsExpected" storage="f:\etwork\bin\tests\unittests.icore.workflow.activities.dll" id="8af7c98b-862b-5581-5b88-cbd5453d27c2">
      <Execution id="38b0d36f-ed3f-491d-8f5b-a8ce278224ef" />
      <TestMethod codeBase="F:\ETWork\bin\Tests\UnitTests.iCore.Workflow.Activities.dll" adapterTypeName="Microsoft.VisualStudio.TestTools.TestTypes.Unit.UnitTestAdapter" className="UnitTest.iCore.Workflow.Activities.Filesystem.GetNextFileActivityTests" name="Invoke_RenameNoMove_OutArgumentProcessingFilePathIsExpected" />
    </UnitTest>
    <UnitTest name="Invoke_RenameMove_OutArgumentOriginalFileNameIsExpected" storage="f:\etwork\bin\tests\unittests.icore.workflow.activities.dll" id="c580ab63-0397-52c0-c033-50e5970b9897">
      <Execution id="57365b77-6252-4113-8730-b26359571380" />
      <TestMethod codeBase="F:\ETWork\bin\Tests\UnitTests.iCore.Workflow.Activities.dll" adapterTypeName="Microsoft.VisualStudio.TestTools.TestTypes.Unit.UnitTestAdapter" className="UnitTest.iCore.Workflow.Activities.Filesystem.GetNextFileActivityTests" name="Invoke_RenameMove_OutArgumentOriginalFileNameIsExpected" />
    </UnitTest>
    <UnitTest name="Invoke_RenameMove_OutArgumentOriginalFilePathIsExpected" storage="f:\etwork\bin\tests\unittests.icore.workflow.activities.dll" id="9920af9c-e6af-52b6-8ac7-ac966786752b">
      <Execution id="6865dd53-c2c2-4f79-9b0a-639e1884cbb9" />
      <TestMethod codeBase="F:\ETWork\bin\Tests\UnitTests.iCore.Workflow.Activities.dll" adapterTypeName="Microsoft.VisualStudio.TestTools.TestTypes.Unit.UnitTestAdapter" className="UnitTest.iCore.Workflow.Activities.Filesystem.GetNextFileActivityTests" name="Invoke_RenameMove_OutArgumentOriginalFilePathIsExpected" />
    </UnitTest>
    <UnitTest name="Invoke_RenameMove_OutArgumentProcessingFileNameIsExpected" storage="f:\etwork\bin\tests\unittests.icore.workflow.activities.dll" id="33fb48f3-f70e-9e53-a4bc-71fdd0f437e8">
      <Execution id="e0ead102-e534-44f6-9c48-3adf0efc584b" />
      <TestMethod codeBase="F:\ETWork\bin\Tests\UnitTests.iCore.Workflow.Activities.dll" adapterTypeName="Microsoft.VisualStudio.TestTools.TestTypes.Unit.UnitTestAdapter" className="UnitTest.iCore.Workflow.Activities.Filesystem.GetNextFileActivityTests" name="Invoke_RenameMove_OutArgumentProcessingFileNameIsExpected" />
    </UnitTest>
    <UnitTest name="Invoke_RenameMove_OutArgumentProcessingFilePathIsExpected" storage="f:\etwork\bin\tests\unittests.icore.workflow.activities.dll" id="cb739d29-5c57-4eac-4db1-0e9082fe50d1">
      <Execution id="c083bc0f-a1af-4f03-9817-8711f7b47376" />
      <TestMethod codeBase="F:\ETWork\bin\Tests\UnitTests.iCore.Workflow.Activities.dll" adapterTypeName="Microsoft.VisualStudio.TestTools.TestTypes.Unit.UnitTestAdapter" className="UnitTest.iCore.Workflow.Activities.Filesystem.GetNextFileActivityTests" name="Invoke_RenameMove_OutArgumentProcessingFilePathIsExpected" />
    </UnitTest>
    <UnitTest name="Invoke_NoRenameMove_OutArgumentOriginalFileNameIsExpected" storage="f:\etwork\bin\tests\unittests.icore.workflow.activities.dll" id="f9394f8f-edf7-4396-0c86-707e435b870c">
      <Execution id="4b1bc2aa-cbde-4027-9a75-1d910ba2df30" />
      <TestMethod codeBase="F:\ETWork\bin\Tests\UnitTests.iCore.Workflow.Activities.dll" adapterTypeName="Microsoft.VisualStudio.TestTools.TestTypes.Unit.UnitTestAdapter" className="UnitTest.iCore.Workflow.Activities.Filesystem.GetNextFileActivityTests" name="Invoke_NoRenameMove_OutArgumentOriginalFileNameIsExpected" />
    </UnitTest>
    <UnitTest name="Invoke_NoRenameMove_OutArgumentOriginalFilePathIsExpected" storage="f:\etwork\bin\tests\unittests.icore.workflow.activities.dll" id="44ca1af9-9be5-6a26-8ab8-ea20e79b0580">
      <Execution id="3f395662-ef50-444a-8f8b-abc001342893" />
      <TestMethod codeBase="F:\ETWork\bin\Tests\UnitTests.iCore.Workflow.Activities.dll" adapterTypeName="Microsoft.VisualStudio.TestTools.TestTypes.Unit.UnitTestAdapter" className="UnitTest.iCore.Workflow.Activities.Filesystem.GetNextFileActivityTests" name="Invoke_NoRenameMove_OutArgumentOriginalFilePathIsExpected" />
    </UnitTest>
    <UnitTest name="Invoke_NoRenameMove_OutArgumentProcessingFileNameIsExpected" storage="f:\etwork\bin\tests\unittests.icore.workflow.activities.dll" id="c533ac98-0a64-8282-5e39-938415ff3822">
      <Execution id="972a46a7-38a8-48df-94c0-9eac16b32ca9" />
      <TestMethod codeBase="F:\ETWork\bin\Tests\UnitTests.iCore.Workflow.Activities.dll" adapterTypeName="Microsoft.VisualStudio.TestTools.TestTypes.Unit.UnitTestAdapter" className="UnitTest.iCore.Workflow.Activities.Filesystem.GetNextFileActivityTests" name="Invoke_NoRenameMove_OutArgumentProcessingFileNameIsExpected" />
    </UnitTest>
    <UnitTest name="Invoke_NoRenameMove_OutArgumentProcessingFilePathIsExpected" storage="f:\etwork\bin\tests\unittests.icore.workflow.activities.dll" id="2e89f020-2dbe-c238-dcbe-14703bd55897">
      <Execution id="da7d51cf-5391-437b-a0af-d2a2c1852d2b" />
      <TestMethod codeBase="F:\ETWork\bin\Tests\UnitTests.iCore.Workflow.Activities.dll" adapterTypeName="Microsoft.VisualStudio.TestTools.TestTypes.Unit.UnitTestAdapter" className="UnitTest.iCore.Workflow.Activities.Filesystem.GetNextFileActivityTests" name="Invoke_NoRenameMove_OutArgumentProcessingFilePathIsExpected" />
    </UnitTest>
    <UnitTest name="Invoke_Rename_InvokesGenerateTemporaryNameWithFoundFileNameAsArgument" storage="f:\etwork\bin\tests\unittests.icore.workflow.activities.dll" id="e11a551f-fea1-95c7-705e-199d74342a57">
      <Execution id="9acbb1e6-b104-42be-8b0f-ef0cf6eb9ce9" />
      <TestMethod codeBase="F:\ETWork\bin\Tests\UnitTests.iCore.Workflow.Activities.dll" adapterTypeName="Microsoft.VisualStudio.TestTools.TestTypes.Unit.UnitTestAdapter" className="UnitTest.iCore.Workflow.Activities.Filesystem.GetNextFileActivityTests" name="Invoke_Rename_InvokesGenerateTemporaryNameWithFoundFileNameAsArgument" />
    </UnitTest>
    <UnitTest name="Invoke_NoRenameNoMove_RenameFileActivityIsNotExecuted" storage="f:\etwork\bin\tests\unittests.icore.workflow.activities.dll" id="56feb266-f783-094e-7a18-1f571769c4b5">
      <Execution id="86ca132c-3d31-420f-988a-32533bf9a49d" />
      <TestMethod codeBase="F:\ETWork\bin\Tests\UnitTests.iCore.Workflow.Activities.dll" adapterTypeName="Microsoft.VisualStudio.TestTools.TestTypes.Unit.UnitTestAdapter" className="UnitTest.iCore.Workflow.Activities.Filesystem.GetNextFileActivityTests" name="Invoke_NoRenameNoMove_RenameFileActivityIsNotExecuted" />
    </UnitTest>
    <UnitTest name="Invoke_RenameMove_ExecutesRenameFileActivityWithExpectedOldFilenameArgument" storage="f:\etwork\bin\tests\unittests.icore.workflow.activities.dll" id="03f5973d-de2e-a6bd-fdf2-5a76b53cda01">
      <Execution id="64a396a0-d68b-477a-a0b8-55cbb219d2d7" />
      <TestMethod codeBase="F:\ETWork\bin\Tests\UnitTests.iCore.Workflow.Activities.dll" adapterTypeName="Microsoft.VisualStudio.TestTools.TestTypes.Unit.UnitTestAdapter" className="UnitTest.iCore.Workflow.Activities.Filesystem.GetNextFileActivityTests" name="Invoke_RenameMove_ExecutesRenameFileActivityWithExpectedOldFilenameArgument" />
    </UnitTest>
    <UnitTest name="Invoke_RenameNoMove_ExecutesRenameFileActivityWithExpectedOldFilenameArgument" storage="f:\etwork\bin\tests\unittests.icore.workflow.activities.dll" id="eae68873-fa9a-62cc-1187-c477e5e97243">
      <Execution id="8f330fb8-e835-450a-9a0e-84f335ff49cd" />
      <TestMethod codeBase="F:\ETWork\bin\Tests\UnitTests.iCore.Workflow.Activities.dll" adapterTypeName="Microsoft.VisualStudio.TestTools.TestTypes.Unit.UnitTestAdapter" className="UnitTest.iCore.Workflow.Activities.Filesystem.GetNextFileActivityTests" name="Invoke_RenameNoMove_ExecutesRenameFileActivityWithExpectedOldFilenameArgument" />
    </UnitTest>
    <UnitTest name="Invoke_NoRenameMove_ExecutesRenameFileActivityWithExpectedOldFilenameArgument" storage="f:\etwork\bin\tests\unittests.icore.workflow.activities.dll" id="4b8663d4-cada-b0d2-6d7f-8611b57c2c30">
      <Execution id="1f380b9a-0670-4ecd-8505-09f0a254333e" />
      <TestMethod codeBase="F:\ETWork\bin\Tests\UnitTests.iCore.Workflow.Activities.dll" adapterTypeName="Microsoft.VisualStudio.TestTools.TestTypes.Unit.UnitTestAdapter" className="UnitTest.iCore.Workflow.Activities.Filesystem.GetNextFileActivityTests" name="Invoke_NoRenameMove_ExecutesRenameFileActivityWithExpectedOldFilenameArgument" />
    </UnitTest>
    <UnitTest name="Invoke_NoRenameNoMoveNoErrorOnTimeoutNoFileFound_OutArgumentProcessingFileNameIsNull" storage="f:\etwork\bin\tests\unittests.icore.workflow.activities.dll" id="27a203e3-25cc-6034-db34-45ea8e8f700d">
      <Execution id="946347ed-11cc-4225-ad50-f40ba9cf0522" />
      <TestMethod codeBase="F:\ETWork\bin\Tests\UnitTests.iCore.Workflow.Activities.dll" adapterTypeName="Microsoft.VisualStudio.TestTools.TestTypes.Unit.UnitTestAdapter" className="UnitTest.iCore.Workflow.Activities.Filesystem.GetNextFileActivityTests" name="Invoke_NoRenameNoMoveNoErrorOnTimeoutNoFileFound_OutArgumentProcessingFileNameIsNull" />
    </UnitTest>
    <UnitTest name="Invoke_NoRenameNoMoveNoErrorOnTimeoutNoFileFound_OutArgumentProcessingFilePathIsNull" storage="f:\etwork\bin\tests\unittests.icore.workflow.activities.dll" id="83e03a58-4a53-e70d-decf-9c3faf9bd594">
      <Execution id="8777d976-abe0-4367-8930-6d037680a508" />
      <TestMethod codeBase="F:\ETWork\bin\Tests\UnitTests.iCore.Workflow.Activities.dll" adapterTypeName="Microsoft.VisualStudio.TestTools.TestTypes.Unit.UnitTestAdapter" className="UnitTest.iCore.Workflow.Activities.Filesystem.GetNextFileActivityTests" name="Invoke_NoRenameNoMoveNoErrorOnTimeoutNoFileFound_OutArgumentProcessingFilePathIsNull" />
    </UnitTest>
    <UnitTest name="Invoke_NoRenameNoMoveNoErrorOnTimeoutNoFileFound_OutArgumentOriginalFileNameIsNull" storage="f:\etwork\bin\tests\unittests.icore.workflow.activities.dll" id="957ae27e-c0b1-f1ec-cdc1-7af0c2b3bc63">
      <Execution id="e9c2eebb-1053-4071-9143-2832d0ab5ccd" />
      <TestMethod codeBase="F:\ETWork\bin\Tests\UnitTests.iCore.Workflow.Activities.dll" adapterTypeName="Microsoft.VisualStudio.TestTools.TestTypes.Unit.UnitTestAdapter" className="UnitTest.iCore.Workflow.Activities.Filesystem.GetNextFileActivityTests" name="Invoke_NoRenameNoMoveNoErrorOnTimeoutNoFileFound_OutArgumentOriginalFileNameIsNull" />
    </UnitTest>
    <UnitTest name="Invoke_NoRenameNoMoveNoErrorOnTimeoutNoFileFound_OutArgumentOriginalFilePathIsNull" storage="f:\etwork\bin\tests\unittests.icore.workflow.activities.dll" id="3dd24710-ab57-603b-d1bd-723f9c55915b">
      <Execution id="952e4ea5-bcce-4718-9e4f-f662d0b22688" />
      <TestMethod codeBase="F:\ETWork\bin\Tests\UnitTests.iCore.Workflow.Activities.dll" adapterTypeName="Microsoft.VisualStudio.TestTools.TestTypes.Unit.UnitTestAdapter" className="UnitTest.iCore.Workflow.Activities.Filesystem.GetNextFileActivityTests" name="Invoke_NoRenameNoMoveNoErrorOnTimeoutNoFileFound_OutArgumentOriginalFilePathIsNull" />
    </UnitTest>
    <UnitTest name="Invoke_RenameMoveNoErrorOnTimeoutNoFileFound_OutArgumentProcessingFileNameIsNull" storage="f:\etwork\bin\tests\unittests.icore.workflow.activities.dll" id="032684af-c406-a7a7-c8ea-3ebd46fee147">
      <Execution id="53868891-3e10-4238-ab08-1f9a73b105e6" />
      <TestMethod codeBase="F:\ETWork\bin\Tests\UnitTests.iCore.Workflow.Activities.dll" adapterTypeName="Microsoft.VisualStudio.TestTools.TestTypes.Unit.UnitTestAdapter" className="UnitTest.iCore.Workflow.Activities.Filesystem.GetNextFileActivityTests" name="Invoke_RenameMoveNoErrorOnTimeoutNoFileFound_OutArgumentProcessingFileNameIsNull" />
    </UnitTest>
    <UnitTest name="Invoke_RenameMoveNoErrorOnTimeoutNoFileFound_OutArgumentProcessingFilePathIsNull" storage="f:\etwork\bin\tests\unittests.icore.workflow.activities.dll" id="f7f96160-e998-1b7a-b548-c7a8af03bc5f">
      <Execution id="53fe1d96-ac9a-4995-b010-f9f54e7d56ef" />
      <TestMethod codeBase="F:\ETWork\bin\Tests\UnitTests.iCore.Workflow.Activities.dll" adapterTypeName="Microsoft.VisualStudio.TestTools.TestTypes.Unit.UnitTestAdapter" className="UnitTest.iCore.Workflow.Activities.Filesystem.GetNextFileActivityTests" name="Invoke_RenameMoveNoErrorOnTimeoutNoFileFound_OutArgumentProcessingFilePathIsNull" />
    </UnitTest>
    <UnitTest name="Invoke_RenameMoveNoErrorOnTimeoutNoFileFound_OutArgumentOriginalFileNameIsNull" storage="f:\etwork\bin\tests\unittests.icore.workflow.activities.dll" id="19fdd1f9-8416-f074-0185-3441daf53619">
      <Execution id="29038f29-238f-4656-bd45-16b452d44b05" />
      <TestMethod codeBase="F:\ETWork\bin\Tests\UnitTests.iCore.Workflow.Activities.dll" adapterTypeName="Microsoft.VisualStudio.TestTools.TestTypes.Unit.UnitTestAdapter" className="UnitTest.iCore.Workflow.Activities.Filesystem.GetNextFileActivityTests" name="Invoke_RenameMoveNoErrorOnTimeoutNoFileFound_OutArgumentOriginalFileNameIsNull" />
    </UnitTest>
    <UnitTest name="Invoke_RenameMoveNoErrorOnTimeoutNoFileFound_OutArgumentOriginalFilePathIsNull" storage="f:\etwork\bin\tests\unittests.icore.workflow.activities.dll" id="7cc115b7-b1e7-1a11-bfb7-fd8232f09732">
      <Execution id="844970c7-2ddf-4dda-b6fd-425b175d138f" />
      <TestMethod codeBase="F:\ETWork\bin\Tests\UnitTests.iCore.Workflow.Activities.dll" adapterTypeName="Microsoft.VisualStudio.TestTools.TestTypes.Unit.UnitTestAdapter" className="UnitTest.iCore.Workflow.Activities.Filesystem.GetNextFileActivityTests" name="Invoke_RenameMoveNoErrorOnTimeoutNoFileFound_OutArgumentOriginalFilePathIsNull" />
    </UnitTest>
    <UnitTest name="Invoke_RenameNoMoveNoErrorOnTimeoutNoFileFound_OutArgumentProcessingFileNameIsNull" storage="f:\etwork\bin\tests\unittests.icore.workflow.activities.dll" id="dcdcacc7-3a59-9f5c-3519-7e1f8456274b">
      <Execution id="99db6b35-c39c-48fc-898b-897547100dde" />
      <TestMethod codeBase="F:\ETWork\bin\Tests\UnitTests.iCore.Workflow.Activities.dll" adapterTypeName="Microsoft.VisualStudio.TestTools.TestTypes.Unit.UnitTestAdapter" className="UnitTest.iCore.Workflow.Activities.Filesystem.GetNextFileActivityTests" name="Invoke_RenameNoMoveNoErrorOnTimeoutNoFileFound_OutArgumentProcessingFileNameIsNull" />
    </UnitTest>
    <UnitTest name="Invoke_RenameNoMoveNoErrorOnTimeoutNoFileFound_OutArgumentProcessingFilePathIsNull" storage="f:\etwork\bin\tests\unittests.icore.workflow.activities.dll" id="04f214a1-a1d9-9bab-015c-5785ca956fe0">
      <Execution id="5c5f42ba-05f1-43dc-90a4-c0387ed5bf2b" />
      <TestMethod codeBase="F:\ETWork\bin\Tests\UnitTests.iCore.Workflow.Activities.dll" adapterTypeName="Microsoft.VisualStudio.TestTools.TestTypes.Unit.UnitTestAdapter" className="UnitTest.iCore.Workflow.Activities.Filesystem.GetNextFileActivityTests" name="Invoke_RenameNoMoveNoErrorOnTimeoutNoFileFound_OutArgumentProcessingFilePathIsNull" />
    </UnitTest>
    <UnitTest name="Invoke_RenameNoMoveNoErrorOnTimeoutNoFileFound_OutArgumentOriginalFileNameIsNull" storage="f:\etwork\bin\tests\unittests.icore.workflow.activities.dll" id="ff780923-3d68-22b4-2fc8-d9f4a7f3ec2a">
      <Execution id="dc569f92-5d24-45b3-9b9c-b7483a56408d" />
      <TestMethod codeBase="F:\ETWork\bin\Tests\UnitTests.iCore.Workflow.Activities.dll" adapterTypeName="Microsoft.VisualStudio.TestTools.TestTypes.Unit.UnitTestAdapter" className="UnitTest.iCore.Workflow.Activities.Filesystem.GetNextFileActivityTests" name="Invoke_RenameNoMoveNoErrorOnTimeoutNoFileFound_OutArgumentOriginalFileNameIsNull" />
    </UnitTest>
    <UnitTest name="Invoke_RenameNoMoveNoErrorOnTimeoutNoFileFound_OutArgumentOriginalFilePathIsNull" storage="f:\etwork\bin\tests\unittests.icore.workflow.activities.dll" id="d42e899a-2ca0-efc5-9510-406fd309c7d9">
      <Execution id="8a9c09d1-f1f3-4178-a250-b72325a180f8" />
      <TestMethod codeBase="F:\ETWork\bin\Tests\UnitTests.iCore.Workflow.Activities.dll" adapterTypeName="Microsoft.VisualStudio.TestTools.TestTypes.Unit.UnitTestAdapter" className="UnitTest.iCore.Workflow.Activities.Filesystem.GetNextFileActivityTests" name="Invoke_RenameNoMoveNoErrorOnTimeoutNoFileFound_OutArgumentOriginalFilePathIsNull" />
    </UnitTest>
    <UnitTest name="Invoke_NoRenameMoveNoErrorOnTimeoutNoFileFound_OutArgumentProcessingFileNameIsNull" storage="f:\etwork\bin\tests\unittests.icore.workflow.activities.dll" id="d5569f51-71a3-1477-0939-1f225d7f9c79">
      <Execution id="d7595660-3121-4a6c-8db3-bce617a01c23" />
      <TestMethod codeBase="F:\ETWork\bin\Tests\UnitTests.iCore.Workflow.Activities.dll" adapterTypeName="Microsoft.VisualStudio.TestTools.TestTypes.Unit.UnitTestAdapter" className="UnitTest.iCore.Workflow.Activities.Filesystem.GetNextFileActivityTests" name="Invoke_NoRenameMoveNoErrorOnTimeoutNoFileFound_OutArgumentProcessingFileNameIsNull" />
    </UnitTest>
    <UnitTest name="Invoke_NoRenameMoveNoErrorOnTimeoutNoFileFound_OutArgumentProcessingFilePathIsNull" storage="f:\etwork\bin\tests\unittests.icore.workflow.activities.dll" id="7464631d-491e-1285-3b29-4563c6c99f6d">
      <Execution id="f6a884b3-a962-48a1-bb01-cde44edc1361" />
      <TestMethod codeBase="F:\ETWork\bin\Tests\UnitTests.iCore.Workflow.Activities.dll" adapterTypeName="Microsoft.VisualStudio.TestTools.TestTypes.Unit.UnitTestAdapter" className="UnitTest.iCore.Workflow.Activities.Filesystem.GetNextFileActivityTests" name="Invoke_NoRenameMoveNoErrorOnTimeoutNoFileFound_OutArgumentProcessingFilePathIsNull" />
    </UnitTest>
    <UnitTest name="Invoke_NoRenameMoveNoErrorOnTimeoutNoFileFound_OutArgumentOriginalFileNameIsNull" storage="f:\etwork\bin\tests\unittests.icore.workflow.activities.dll" id="e1544454-c891-d152-8790-b609349aa046">
      <Execution id="09ff9431-1115-4816-9f80-1ff55fa910da" />
      <TestMethod codeBase="F:\ETWork\bin\Tests\UnitTests.iCore.Workflow.Activities.dll" adapterTypeName="Microsoft.VisualStudio.TestTools.TestTypes.Unit.UnitTestAdapter" className="UnitTest.iCore.Workflow.Activities.Filesystem.GetNextFileActivityTests" name="Invoke_NoRenameMoveNoErrorOnTimeoutNoFileFound_OutArgumentOriginalFileNameIsNull" />
    </UnitTest>
    <UnitTest name="Invoke_NoRenameMoveNoErrorOnTimeoutNoFileFound_OutArgumentOriginalFilePathIsNull" storage="f:\etwork\bin\tests\unittests.icore.workflow.activities.dll" id="34338ecf-4cf8-cae1-4a13-dffa7f0eb750">
      <Execution id="7cd3f8b4-53be-4ed8-95e2-127b61a6acaf" />
      <TestMethod codeBase="F:\ETWork\bin\Tests\UnitTests.iCore.Workflow.Activities.dll" adapterTypeName="Microsoft.VisualStudio.TestTools.TestTypes.Unit.UnitTestAdapter" className="UnitTest.iCore.Workflow.Activities.Filesystem.GetNextFileActivityTests" name="Invoke_NoRenameMoveNoErrorOnTimeoutNoFileFound_OutArgumentOriginalFilePathIsNull" />
    </UnitTest>
    <UnitTest name="Invoke_AllInArgumentsReusmeWithValidValue_ActivityStateIsClosed" storage="f:\etwork\bin\tests\unittests.icore.workflow.activities.dll" id="a253cc54-5bbf-37ac-2c51-23a9005e524f">
      <Execution id="6c836c1b-2c76-4db2-b79b-d59b4c5e8a12" />
      <TestMethod codeBase="F:\ETWork\bin\Tests\UnitTests.iCore.Workflow.Activities.dll" adapterTypeName="Microsoft.VisualStudio.TestTools.TestTypes.Unit.UnitTestAdapter" className="UnitTest.iCore.Workflow.Activities.Filesystem.GetNextFileActivityTests" name="Invoke_AllInArgumentsReusmeWithValidValue_ActivityStateIsClosed" />
    </UnitTest>
    <UnitTest name="Invoke_CancelActivityWhenIdle_ActivityStateIsCanceled" storage="f:\etwork\bin\tests\unittests.icore.workflow.activities.dll" id="78cb299f-8c65-1243-557c-9cbe299574c8">
      <Execution id="f5145a5d-7ba4-4427-af6c-ff7bd8cf05c3" />
      <TestMethod codeBase="F:\ETWork\bin\Tests\UnitTests.iCore.Workflow.Activities.dll" adapterTypeName="Microsoft.VisualStudio.TestTools.TestTypes.Unit.UnitTestAdapter" className="UnitTest.iCore.Workflow.Activities.Filesystem.GetNextFileActivityTests" name="Invoke_CancelActivityWhenIdle_ActivityStateIsCanceled" />
    </UnitTest>
    <UnitTest name="Invoke_ExecutionFails_ThrowsException" storage="f:\etwork\bin\tests\unittests.icore.workflow.activities.dll" id="7f3dc050-48ba-d60a-f2d6-89dd9e4ff9b7">
      <Execution id="405e6d80-2b01-4434-b27e-b8bd38088c19" />
      <TestMethod codeBase="F:\ETWork\bin\Tests\UnitTests.iCore.Workflow.Activities.dll" adapterTypeName="Microsoft.VisualStudio.TestTools.TestTypes.Unit.UnitTestAdapter" className="UnitTest.iCore.Workflow.Activities.Filesystem.GetNextFileActivityTests" name="Invoke_ExecutionFails_ThrowsException" />
    </UnitTest>
    <UnitTest name="Invoke_OmitInArgumentConneciton_ThrowsArgumentException" storage="f:\etwork\bin\tests\unittests.icore.workflow.activities.dll" id="6c2c6480-673a-ffe4-b786-4dbaf6053fc4">
      <Execution id="629b3484-c3a3-43fd-9903-0332255c8f26" />
      <TestMethod codeBase="F:\ETWork\bin\Tests\UnitTests.iCore.Workflow.Activities.dll" adapterTypeName="Microsoft.VisualStudio.TestTools.TestTypes.Unit.UnitTestAdapter" className="UnitTest.iCore.Workflow.Activities.Filesystem.GetNextFileActivityTests" name="Invoke_OmitInArgumentConneciton_ThrowsArgumentException" />
    </UnitTest>
    <UnitTest name="Allocate_InspectDefaultValues_DefaultErrorOnTimeoutIsTrue" storage="f:\etwork\bin\tests\unittests.icore.workflow.activities.dll" id="2c525ede-8c4d-39b2-e0a8-a57557c5f735">
      <Execution id="eb175d5c-5e0d-4771-bc60-d298c5652413" />
      <TestMethod codeBase="F:\ETWork\bin\Tests\UnitTests.iCore.Workflow.Activities.dll" adapterTypeName="Microsoft.VisualStudio.TestTools.TestTypes.Unit.UnitTestAdapter" className="UnitTest.iCore.Workflow.Activities.Filesystem.GetNextFileActivityTests" name="Allocate_InspectDefaultValues_DefaultErrorOnTimeoutIsTrue" />
    </UnitTest>
    <UnitTest name="Allocate_InspectDefaultValues_DefaultTimeoutIsZero" storage="f:\etwork\bin\tests\unittests.icore.workflow.activities.dll" id="972fc54f-f502-51e2-aa98-6e8166180ea4">
      <Execution id="fd06980b-ea0a-4aa4-8f6d-2a6394ff1278" />
      <TestMethod codeBase="F:\ETWork\bin\Tests\UnitTests.iCore.Workflow.Activities.dll" adapterTypeName="Microsoft.VisualStudio.TestTools.TestTypes.Unit.UnitTestAdapter" className="UnitTest.iCore.Workflow.Activities.Filesystem.GetNextFileActivityTests" name="Allocate_InspectDefaultValues_DefaultTimeoutIsZero" />
    </UnitTest>
    <UnitTest name="Allocate_InspectDefaultValues_DefaultIsImplicitlyCancellableIsTrue" storage="f:\etwork\bin\tests\unittests.icore.workflow.activities.dll" id="9bcfeff3-9fd9-8d9e-718a-8cd893ba99c9">
      <Execution id="14d93670-24c1-4c12-a067-5a2c326e0a18" />
      <TestMethod codeBase="F:\ETWork\bin\Tests\UnitTests.iCore.Workflow.Activities.dll" adapterTypeName="Microsoft.VisualStudio.TestTools.TestTypes.Unit.UnitTestAdapter" className="UnitTest.iCore.Workflow.Activities.Filesystem.GetNextFileActivityTests" name="Allocate_InspectDefaultValues_DefaultIsImplicitlyCancellableIsTrue" />
    </UnitTest>
    <UnitTest name="Allocate_InspectDefaultValues_DefaultMoveFileToDirectoryIsEmptyString" storage="f:\etwork\bin\tests\unittests.icore.workflow.activities.dll" id="f0466b06-c880-81d3-38f5-3c45af26d772">
      <Execution id="12c37951-84c3-43c4-a75c-e6486bdb69a3" />
      <TestMethod codeBase="F:\ETWork\bin\Tests\UnitTests.iCore.Workflow.Activities.dll" adapterTypeName="Microsoft.VisualStudio.TestTools.TestTypes.Unit.UnitTestAdapter" className="UnitTest.iCore.Workflow.Activities.Filesystem.GetNextFileActivityTests" name="Allocate_InspectDefaultValues_DefaultMoveFileToDirectoryIsEmptyString" />
    </UnitTest>
    <UnitTest name="Invoke_AllInArguments_ActivityStateIsClosed" storage="f:\etwork\bin\tests\unittests.icore.workflow.activities.dll" id="0cb7636d-7fd8-4309-058c-75f776f122a7">
      <Execution id="8620bf94-a04a-4c1b-9be4-2bf6d8cb7caa" />
      <TestMethod codeBase="F:\ETWork\bin\Tests\UnitTests.iCore.Workflow.Activities.dll" adapterTypeName="Microsoft.VisualStudio.TestTools.TestTypes.Unit.UnitTestAdapter" className="UnitTest.iCore.Workflow.Activities.Filesystem.StartFilesystemListenerActivityTests" name="Invoke_AllInArguments_ActivityStateIsClosed" />
    </UnitTest>
    <UnitTest name="Invoke_AllInArguments_OutArgumentResultIsSet" storage="f:\etwork\bin\tests\unittests.icore.workflow.activities.dll" id="adb2be09-9a5e-77ac-70ba-731099309720">
      <Execution id="a2a57ba9-d37a-49f7-9ada-ee34d85ccc0f" />
      <TestMethod codeBase="F:\ETWork\bin\Tests\UnitTests.iCore.Workflow.Activities.dll" adapterTypeName="Microsoft.VisualStudio.TestTools.TestTypes.Unit.UnitTestAdapter" className="UnitTest.iCore.Workflow.Activities.Filesystem.StartFilesystemListenerActivityTests" name="Invoke_AllInArguments_OutArgumentResultIsSet" />
    </UnitTest>
    <UnitTest name="Invoke_AllInArguments_OutArgumentResultIsDefaultGuid" storage="f:\etwork\bin\tests\unittests.icore.workflow.activities.dll" id="d80f7b11-186b-a5b9-57d2-6306cb46872f">
      <Execution id="a02eca04-4859-48c5-94a4-c8431d852ae7" />
      <TestMethod codeBase="F:\ETWork\bin\Tests\UnitTests.iCore.Workflow.Activities.dll" adapterTypeName="Microsoft.VisualStudio.TestTools.TestTypes.Unit.UnitTestAdapter" className="UnitTest.iCore.Workflow.Activities.Filesystem.StartFilesystemListenerActivityTests" name="Invoke_AllInArguments_OutArgumentResultIsDefaultGuid" />
    </UnitTest>
    <UnitTest name="Invoke_AllInArguments_InvokesCreateProviderOnce" storage="f:\etwork\bin\tests\unittests.icore.workflow.activities.dll" id="281b08b2-5e70-eefa-6609-5a7e483e8fbb">
      <Execution id="b15bdbae-f174-4850-97a9-a329ad44cb50" />
      <TestMethod codeBase="F:\ETWork\bin\Tests\UnitTests.iCore.Workflow.Activities.dll" adapterTypeName="Microsoft.VisualStudio.TestTools.TestTypes.Unit.UnitTestAdapter" className="UnitTest.iCore.Workflow.Activities.Filesystem.StartFilesystemListenerActivityTests" name="Invoke_AllInArguments_InvokesCreateProviderOnce" />
    </UnitTest>
    <UnitTest name="Invoke_AllInArguments_LogsOnJobId" storage="f:\etwork\bin\tests\unittests.icore.workflow.activities.dll" id="0e4f4cd8-2321-038d-67b4-848c66b49698">
      <Execution id="334ded4c-a50d-4e84-97e8-df2c78e689ba" />
      <TestMethod codeBase="F:\ETWork\bin\Tests\UnitTests.iCore.Workflow.Activities.dll" adapterTypeName="Microsoft.VisualStudio.TestTools.TestTypes.Unit.UnitTestAdapter" className="UnitTest.iCore.Workflow.Activities.Filesystem.StartFilesystemListenerActivityTests" name="Invoke_AllInArguments_LogsOnJobId" />
    </UnitTest>
    <UnitTest name="Invoke_ExecutionFails_ThrowsException" storage="f:\etwork\bin\tests\unittests.icore.workflow.activities.dll" id="deca1a93-560a-3e38-4de7-ced733e6d7ff">
      <Execution id="85fd62db-2f06-4b2e-aad0-3fae58100ecc" />
      <TestMethod codeBase="F:\ETWork\bin\Tests\UnitTests.iCore.Workflow.Activities.dll" adapterTypeName="Microsoft.VisualStudio.TestTools.TestTypes.Unit.UnitTestAdapter" className="UnitTest.iCore.Workflow.Activities.Filesystem.StartFilesystemListenerActivityTests" name="Invoke_ExecutionFails_ThrowsException" />
    </UnitTest>
    <UnitTest name="Invoke_RequiredArgumentConfigurationIsMissing_ThrowsArgumentException" storage="f:\etwork\bin\tests\unittests.icore.workflow.activities.dll" id="22058ddd-9ddd-1b5b-f967-e35df069718b">
      <Execution id="2daa0ec0-035e-4597-addf-d3a905fe7d6e" />
      <TestMethod codeBase="F:\ETWork\bin\Tests\UnitTests.iCore.Workflow.Activities.dll" adapterTypeName="Microsoft.VisualStudio.TestTools.TestTypes.Unit.UnitTestAdapter" className="UnitTest.iCore.Workflow.Activities.Filesystem.StartFilesystemListenerActivityTests" name="Invoke_RequiredArgumentConfigurationIsMissing_ThrowsArgumentException" />
    </UnitTest>
    <UnitTest name="Invoke_AllInArguments_InvokesOpenFileOnce" storage="f:\etwork\bin\tests\unittests.icore.workflow.activities.dll" id="389eb6c4-27ce-9639-466a-94af5c83ec51">
      <Execution id="d77b6a95-8b2c-4828-a897-c103191b7083" />
      <TestMethod codeBase="F:\ETWork\bin\Tests\UnitTests.iCore.Workflow.Activities.dll" adapterTypeName="Microsoft.VisualStudio.TestTools.TestTypes.Unit.UnitTestAdapter" className="UnitTest.iCore.Workflow.Activities.Filesystem.OpenFileActivityTests" name="Invoke_AllInArguments_InvokesOpenFileOnce" />
    </UnitTest>
    <UnitTest name="Invoke_AllInArguments_InvokesOpenFileWithExpectedFileName" storage="f:\etwork\bin\tests\unittests.icore.workflow.activities.dll" id="10706f86-8ad9-7dd2-2dbe-1bef3ebab4e4">
      <Execution id="06b1aae4-58c6-464f-9896-7c8ade01f8b1" />
      <TestMethod codeBase="F:\ETWork\bin\Tests\UnitTests.iCore.Workflow.Activities.dll" adapterTypeName="Microsoft.VisualStudio.TestTools.TestTypes.Unit.UnitTestAdapter" className="UnitTest.iCore.Workflow.Activities.Filesystem.OpenFileActivityTests" name="Invoke_AllInArguments_InvokesOpenFileWithExpectedFileName" />
    </UnitTest>
    <UnitTest name="Invoke_AllInArguments_InvokesOpenFileWithExpectedFileAccess" storage="f:\etwork\bin\tests\unittests.icore.workflow.activities.dll" id="c3d61ebf-bbf8-11d5-351c-ff333b8ff9eb">
      <Execution id="af3e2373-2732-4aa4-b7b1-39bb04848254" />
      <TestMethod codeBase="F:\ETWork\bin\Tests\UnitTests.iCore.Workflow.Activities.dll" adapterTypeName="Microsoft.VisualStudio.TestTools.TestTypes.Unit.UnitTestAdapter" className="UnitTest.iCore.Workflow.Activities.Filesystem.OpenFileActivityTests" name="Invoke_AllInArguments_InvokesOpenFileWithExpectedFileAccess" />
    </UnitTest>
    <UnitTest name="Invoke_AllInArguments_InvokesOpenFileWithExpectedFileMode" storage="f:\etwork\bin\tests\unittests.icore.workflow.activities.dll" id="5140bc86-f072-b4e6-a87a-0b555cb790ec">
      <Execution id="bb0d1f52-b570-4eed-a882-9da80d231244" />
      <TestMethod codeBase="F:\ETWork\bin\Tests\UnitTests.iCore.Workflow.Activities.dll" adapterTypeName="Microsoft.VisualStudio.TestTools.TestTypes.Unit.UnitTestAdapter" className="UnitTest.iCore.Workflow.Activities.Filesystem.OpenFileActivityTests" name="Invoke_AllInArguments_InvokesOpenFileWithExpectedFileMode" />
    </UnitTest>
    <UnitTest name="Invoke_AllInArguments_InvokesOpenFileWithExpectedFileShare" storage="f:\etwork\bin\tests\unittests.icore.workflow.activities.dll" id="fa385d18-3e5e-2f4a-aeb6-69bda151b68a">
      <Execution id="17a8e760-43a2-4add-ab31-7015fa32e403" />
      <TestMethod codeBase="F:\ETWork\bin\Tests\UnitTests.iCore.Workflow.Activities.dll" adapterTypeName="Microsoft.VisualStudio.TestTools.TestTypes.Unit.UnitTestAdapter" className="UnitTest.iCore.Workflow.Activities.Filesystem.OpenFileActivityTests" name="Invoke_AllInArguments_InvokesOpenFileWithExpectedFileShare" />
    </UnitTest>
    <UnitTest name="Invoke_AllInArguments_ActivityStateIsClosed" storage="f:\etwork\bin\tests\unittests.icore.workflow.activities.dll" id="226e460a-c12e-2d6f-569c-110d81361f7f">
      <Execution id="8d027054-87e1-4e69-a13b-c70cb9959a82" />
      <TestMethod codeBase="F:\ETWork\bin\Tests\UnitTests.iCore.Workflow.Activities.dll" adapterTypeName="Microsoft.VisualStudio.TestTools.TestTypes.Unit.UnitTestAdapter" className="UnitTest.iCore.Workflow.Activities.Filesystem.OpenFileActivityTests" name="Invoke_AllInArguments_ActivityStateIsClosed" />
    </UnitTest>
    <UnitTest name="Invoke_ResumedWithValidValue_ResultIsSet" storage="f:\etwork\bin\tests\unittests.icore.workflow.activities.dll" id="ce4dbe49-41e8-ce1e-bc0d-0c5fedbd2f53">
      <Execution id="ccf3b78b-56af-48f2-ab84-09901f37e997" />
      <TestMethod codeBase="F:\ETWork\bin\Tests\UnitTests.iCore.Workflow.Activities.dll" adapterTypeName="Microsoft.VisualStudio.TestTools.TestTypes.Unit.UnitTestAdapter" className="UnitTest.iCore.Workflow.Activities.Filesystem.OpenFileActivityTests" name="Invoke_ResumedWithValidValue_ResultIsSet" />
    </UnitTest>
    <UnitTest name="Invoke_ExecutionFails_ThrowsException" storage="f:\etwork\bin\tests\unittests.icore.workflow.activities.dll" id="a70244b5-d92c-93ae-414a-a5fea7b59451">
      <Execution id="139aedcb-575f-4c71-80b7-b13267fea1df" />
      <TestMethod codeBase="F:\ETWork\bin\Tests\UnitTests.iCore.Workflow.Activities.dll" adapterTypeName="Microsoft.VisualStudio.TestTools.TestTypes.Unit.UnitTestAdapter" className="UnitTest.iCore.Workflow.Activities.Filesystem.OpenFileActivityTests" name="Invoke_ExecutionFails_ThrowsException" />
    </UnitTest>
    <UnitTest name="Allocate_InspectDefaultValues_DefaultFileAccessIsRead" storage="f:\etwork\bin\tests\unittests.icore.workflow.activities.dll" id="7ad616db-ea9e-d7db-0c3d-7db064c1955f">
      <Execution id="a9958894-e2c3-46ec-a24e-dc0d7bc5b2ba" />
      <TestMethod codeBase="F:\ETWork\bin\Tests\UnitTests.iCore.Workflow.Activities.dll" adapterTypeName="Microsoft.VisualStudio.TestTools.TestTypes.Unit.UnitTestAdapter" className="UnitTest.iCore.Workflow.Activities.Filesystem.OpenFileActivityTests" name="Allocate_InspectDefaultValues_DefaultFileAccessIsRead" />
    </UnitTest>
    <UnitTest name="Allocate_InspectDefaultValues_DefaultFileModeIsOpen" storage="f:\etwork\bin\tests\unittests.icore.workflow.activities.dll" id="59005feb-9312-3d6d-a031-0d15047ae91e">
      <Execution id="f498a251-6d05-4a36-aad9-375f33d20c7d" />
      <TestMethod codeBase="F:\ETWork\bin\Tests\UnitTests.iCore.Workflow.Activities.dll" adapterTypeName="Microsoft.VisualStudio.TestTools.TestTypes.Unit.UnitTestAdapter" className="UnitTest.iCore.Workflow.Activities.Filesystem.OpenFileActivityTests" name="Allocate_InspectDefaultValues_DefaultFileModeIsOpen" />
    </UnitTest>
    <UnitTest name="Allocate_InspectDefaultValues_DefaultFileShareIsRead" storage="f:\etwork\bin\tests\unittests.icore.workflow.activities.dll" id="864e8b00-56ce-19ba-1b82-63ad7fe31ff9">
      <Execution id="2372caa6-0309-461a-a6ec-08faf676b497" />
      <TestMethod codeBase="F:\ETWork\bin\Tests\UnitTests.iCore.Workflow.Activities.dll" adapterTypeName="Microsoft.VisualStudio.TestTools.TestTypes.Unit.UnitTestAdapter" className="UnitTest.iCore.Workflow.Activities.Filesystem.OpenFileActivityTests" name="Allocate_InspectDefaultValues_DefaultFileShareIsRead" />
    </UnitTest>
    <UnitTest name="Invoke_AllInArguments_ExecutesGetNextFileActivity" storage="f:\etwork\bin\tests\unittests.icore.workflow.activities.dll" id="8cc0d994-e7ff-4cab-6633-14d742ee9012">
      <Execution id="931b416c-0d8b-4cb3-b558-c36a809f02c6" />
      <TestMethod codeBase="F:\ETWork\bin\Tests\UnitTests.iCore.Workflow.Activities.dll" adapterTypeName="Microsoft.VisualStudio.TestTools.TestTypes.Unit.UnitTestAdapter" className="UnitTest.iCore.Workflow.Activities.Filesystem.OpenNextFileActivityTests" name="Invoke_AllInArguments_ExecutesGetNextFileActivity" />
    </UnitTest>
    <UnitTest name="Invoke_AllInArguments_ExecutesGetNextFileActivityWithExpectedConnectionArgument" storage="f:\etwork\bin\tests\unittests.icore.workflow.activities.dll" id="3720b756-3b7f-e1ef-7aa0-d4c590434a6a">
      <Execution id="c775f3ec-8286-4c19-8878-b6a79dd7a493" />
      <TestMethod codeBase="F:\ETWork\bin\Tests\UnitTests.iCore.Workflow.Activities.dll" adapterTypeName="Microsoft.VisualStudio.TestTools.TestTypes.Unit.UnitTestAdapter" className="UnitTest.iCore.Workflow.Activities.Filesystem.OpenNextFileActivityTests" name="Invoke_AllInArguments_ExecutesGetNextFileActivityWithExpectedConnectionArgument" />
    </UnitTest>
    <UnitTest name="Invoke_AllInArguments_ExecutesGetNextFileActivityWithExpectedErrorOnTimeoutArgument" storage="f:\etwork\bin\tests\unittests.icore.workflow.activities.dll" id="7c43f713-c062-f810-1c71-8c10c26820c9">
      <Execution id="ca665467-4743-483f-9f53-30607addbc6a" />
      <TestMethod codeBase="F:\ETWork\bin\Tests\UnitTests.iCore.Workflow.Activities.dll" adapterTypeName="Microsoft.VisualStudio.TestTools.TestTypes.Unit.UnitTestAdapter" className="UnitTest.iCore.Workflow.Activities.Filesystem.OpenNextFileActivityTests" name="Invoke_AllInArguments_ExecutesGetNextFileActivityWithExpectedErrorOnTimeoutArgument" />
    </UnitTest>
    <UnitTest name="Invoke_AllInArguments_ExecutesGetNextFileActivityWithExpectedTimeoutArgument" storage="f:\etwork\bin\tests\unittests.icore.workflow.activities.dll" id="43d3b53a-5f1e-1753-544e-a39a469ca4f3">
      <Execution id="4ddb42f3-525d-488d-a0a9-2d52f4443ee1" />
      <TestMethod codeBase="F:\ETWork\bin\Tests\UnitTests.iCore.Workflow.Activities.dll" adapterTypeName="Microsoft.VisualStudio.TestTools.TestTypes.Unit.UnitTestAdapter" className="UnitTest.iCore.Workflow.Activities.Filesystem.OpenNextFileActivityTests" name="Invoke_AllInArguments_ExecutesGetNextFileActivityWithExpectedTimeoutArgument" />
    </UnitTest>
    <UnitTest name="Invoke_AllInArguments_InvokesFileExistsWithExpectedFileNameArgument" storage="f:\etwork\bin\tests\unittests.icore.workflow.activities.dll" id="935f5efe-3e59-8519-b484-072d1b434950">
      <Execution id="3e015bb4-9c54-4c6c-8201-5a6bbc0d823e" />
      <TestMethod codeBase="F:\ETWork\bin\Tests\UnitTests.iCore.Workflow.Activities.dll" adapterTypeName="Microsoft.VisualStudio.TestTools.TestTypes.Unit.UnitTestAdapter" className="UnitTest.iCore.Workflow.Activities.Filesystem.OpenNextFileActivityTests" name="Invoke_AllInArguments_InvokesFileExistsWithExpectedFileNameArgument" />
    </UnitTest>
    <UnitTest name="Invoke_Rename_ExecutesOpenFileActivityWithExpectedFileNameArgument" storage="f:\etwork\bin\tests\unittests.icore.workflow.activities.dll" id="cd8a3db1-a027-ae4c-e02b-ca4757e43faa">
      <Execution id="bb8622a8-b7d0-4459-abf2-9f891d153649" />
      <TestMethod codeBase="F:\ETWork\bin\Tests\UnitTests.iCore.Workflow.Activities.dll" adapterTypeName="Microsoft.VisualStudio.TestTools.TestTypes.Unit.UnitTestAdapter" className="UnitTest.iCore.Workflow.Activities.Filesystem.OpenNextFileActivityTests" name="Invoke_Rename_ExecutesOpenFileActivityWithExpectedFileNameArgument" />
    </UnitTest>
    <UnitTest name="Invoke_NoRename_ExecutesOpenFileActivityWithExpectedFileAccessArgument" storage="f:\etwork\bin\tests\unittests.icore.workflow.activities.dll" id="b57e116c-b6e2-d148-50d3-7bef4d27e170">
      <Execution id="66cf7142-f657-4cac-99a3-7e7d7748df94" />
      <TestMethod codeBase="F:\ETWork\bin\Tests\UnitTests.iCore.Workflow.Activities.dll" adapterTypeName="Microsoft.VisualStudio.TestTools.TestTypes.Unit.UnitTestAdapter" className="UnitTest.iCore.Workflow.Activities.Filesystem.OpenNextFileActivityTests" name="Invoke_NoRename_ExecutesOpenFileActivityWithExpectedFileAccessArgument" />
    </UnitTest>
    <UnitTest name="Invoke_NoRename_ExecutesOpenFileActivityWithExpectedFileModeArgument" storage="f:\etwork\bin\tests\unittests.icore.workflow.activities.dll" id="5ddbfed9-86b7-4e56-d318-a9ecfc7e2059">
      <Execution id="1917d43f-d97e-4c6b-ad15-656f64c4adba" />
      <TestMethod codeBase="F:\ETWork\bin\Tests\UnitTests.iCore.Workflow.Activities.dll" adapterTypeName="Microsoft.VisualStudio.TestTools.TestTypes.Unit.UnitTestAdapter" className="UnitTest.iCore.Workflow.Activities.Filesystem.OpenNextFileActivityTests" name="Invoke_NoRename_ExecutesOpenFileActivityWithExpectedFileModeArgument" />
    </UnitTest>
    <UnitTest name="Invoke_NoRename_ExecutesOpenFileActivityWithExpectedFileShareArgument" storage="f:\etwork\bin\tests\unittests.icore.workflow.activities.dll" id="af0cac5b-bb0e-f548-4e79-0a8edd5e4aeb">
      <Execution id="e50d37a4-c68d-407a-8c27-9bc9ae96aa5f" />
      <TestMethod codeBase="F:\ETWork\bin\Tests\UnitTests.iCore.Workflow.Activities.dll" adapterTypeName="Microsoft.VisualStudio.TestTools.TestTypes.Unit.UnitTestAdapter" className="UnitTest.iCore.Workflow.Activities.Filesystem.OpenNextFileActivityTests" name="Invoke_NoRename_ExecutesOpenFileActivityWithExpectedFileShareArgument" />
    </UnitTest>
    <UnitTest name="Invoke_NoRename_OutArgumentDataIsSet" storage="f:\etwork\bin\tests\unittests.icore.workflow.activities.dll" id="ad614958-d4ee-0d2d-0aa8-bc717210ef8b">
      <Execution id="7acdf540-56ab-4453-92e6-73b12065a67e" />
      <TestMethod codeBase="F:\ETWork\bin\Tests\UnitTests.iCore.Workflow.Activities.dll" adapterTypeName="Microsoft.VisualStudio.TestTools.TestTypes.Unit.UnitTestAdapter" className="UnitTest.iCore.Workflow.Activities.Filesystem.OpenNextFileActivityTests" name="Invoke_NoRename_OutArgumentDataIsSet" />
    </UnitTest>
    <UnitTest name="Invoke_NoErrOnTimeOutNoFileFound_OutArgumentDataIsNull" storage="f:\etwork\bin\tests\unittests.icore.workflow.activities.dll" id="656caf3d-f25b-efca-ae4e-6c4399dd5829">
      <Execution id="f245ab36-8360-4815-8aeb-07363998789a" />
      <TestMethod codeBase="F:\ETWork\bin\Tests\UnitTests.iCore.Workflow.Activities.dll" adapterTypeName="Microsoft.VisualStudio.TestTools.TestTypes.Unit.UnitTestAdapter" className="UnitTest.iCore.Workflow.Activities.Filesystem.OpenNextFileActivityTests" name="Invoke_NoErrOnTimeOutNoFileFound_OutArgumentDataIsNull" />
    </UnitTest>
    <UnitTest name="Allocate_InspectDefaultValues_DefaultErrorOnTimeoutIsTrue" storage="f:\etwork\bin\tests\unittests.icore.workflow.activities.dll" id="0bab950f-30a1-87be-346d-ebe098cd54d4">
      <Execution id="017ec3bc-460b-408d-9aef-b4cdafdd7722" />
      <TestMethod codeBase="F:\ETWork\bin\Tests\UnitTests.iCore.Workflow.Activities.dll" adapterTypeName="Microsoft.VisualStudio.TestTools.TestTypes.Unit.UnitTestAdapter" className="UnitTest.iCore.Workflow.Activities.Filesystem.OpenNextFileActivityTests" name="Allocate_InspectDefaultValues_DefaultErrorOnTimeoutIsTrue" />
    </UnitTest>
    <UnitTest name="Allocate_InspectDefaultValues_DefaultTimeoutIsZero" storage="f:\etwork\bin\tests\unittests.icore.workflow.activities.dll" id="94953a34-d660-7bd7-2a8b-0e0b9c29d050">
      <Execution id="479919f4-cd7d-4e61-88c1-d28c9935d8fd" />
      <TestMethod codeBase="F:\ETWork\bin\Tests\UnitTests.iCore.Workflow.Activities.dll" adapterTypeName="Microsoft.VisualStudio.TestTools.TestTypes.Unit.UnitTestAdapter" className="UnitTest.iCore.Workflow.Activities.Filesystem.OpenNextFileActivityTests" name="Allocate_InspectDefaultValues_DefaultTimeoutIsZero" />
    </UnitTest>
    <UnitTest name="Allocate_InspectDefaultValues_DefaultFileAccessIsRead" storage="f:\etwork\bin\tests\unittests.icore.workflow.activities.dll" id="aa0cc5ae-e6c2-906f-fe4d-5912a8f30d29">
      <Execution id="4b760e96-ed1b-4704-8485-aade6d35f97b" />
      <TestMethod codeBase="F:\ETWork\bin\Tests\UnitTests.iCore.Workflow.Activities.dll" adapterTypeName="Microsoft.VisualStudio.TestTools.TestTypes.Unit.UnitTestAdapter" className="UnitTest.iCore.Workflow.Activities.Filesystem.OpenNextFileActivityTests" name="Allocate_InspectDefaultValues_DefaultFileAccessIsRead" />
    </UnitTest>
    <UnitTest name="Allocate_InspectDefaultValues_DefaultFileModeIsOpen" storage="f:\etwork\bin\tests\unittests.icore.workflow.activities.dll" id="d7fe02f1-c2b0-826d-27c0-8bd9f020c107">
      <Execution id="c18585c0-ff91-426c-877e-5469ae5671c9" />
      <TestMethod codeBase="F:\ETWork\bin\Tests\UnitTests.iCore.Workflow.Activities.dll" adapterTypeName="Microsoft.VisualStudio.TestTools.TestTypes.Unit.UnitTestAdapter" className="UnitTest.iCore.Workflow.Activities.Filesystem.OpenNextFileActivityTests" name="Allocate_InspectDefaultValues_DefaultFileModeIsOpen" />
    </UnitTest>
    <UnitTest name="Allocate_InspectDefaultValues_DefaultFileShareIsRead" storage="f:\etwork\bin\tests\unittests.icore.workflow.activities.dll" id="1cc28271-b997-a0c4-acac-5d20e85c3d4c">
      <Execution id="67dba4df-0438-46e1-b5d1-7447380dc27c" />
      <TestMethod codeBase="F:\ETWork\bin\Tests\UnitTests.iCore.Workflow.Activities.dll" adapterTypeName="Microsoft.VisualStudio.TestTools.TestTypes.Unit.UnitTestAdapter" className="UnitTest.iCore.Workflow.Activities.Filesystem.OpenNextFileActivityTests" name="Allocate_InspectDefaultValues_DefaultFileShareIsRead" />
    </UnitTest>
    <UnitTest name="Allocate_InspectDefaultValues_DefaultRenameIsFalse" storage="f:\etwork\bin\tests\unittests.icore.workflow.activities.dll" id="8d58ef99-084a-4e32-e9ef-e1b551ca6d71">
      <Execution id="a4f093ba-d809-4147-a9f8-4ca32c2671ae" />
      <TestMethod codeBase="F:\ETWork\bin\Tests\UnitTests.iCore.Workflow.Activities.dll" adapterTypeName="Microsoft.VisualStudio.TestTools.TestTypes.Unit.UnitTestAdapter" className="UnitTest.iCore.Workflow.Activities.Filesystem.OpenNextFileActivityTests" name="Allocate_InspectDefaultValues_DefaultRenameIsFalse" />
    </UnitTest>
    <UnitTest name="Allocate_InspectDefaultValues_DefaultMoveFileToDirectoryIsEmptyString" storage="f:\etwork\bin\tests\unittests.icore.workflow.activities.dll" id="50c87d0a-d189-d690-bbc2-ab1ddfa392e8">
      <Execution id="2c5c14e1-b00f-46fc-9b4b-545654b400fc" />
      <TestMethod codeBase="F:\ETWork\bin\Tests\UnitTests.iCore.Workflow.Activities.dll" adapterTypeName="Microsoft.VisualStudio.TestTools.TestTypes.Unit.UnitTestAdapter" className="UnitTest.iCore.Workflow.Activities.Filesystem.OpenNextFileActivityTests" name="Allocate_InspectDefaultValues_DefaultMoveFileToDirectoryIsEmptyString" />
    </UnitTest>
    <UnitTest name="Invoke_OmitInArgumentConneciton_ThrowsArgumentException" storage="f:\etwork\bin\tests\unittests.icore.workflow.activities.dll" id="d62d1d08-2bab-0ea3-4735-0ee8e10eda52">
      <Execution id="7a08e53d-a690-4798-be49-58c4b0b3ec99" />
      <TestMethod codeBase="F:\ETWork\bin\Tests\UnitTests.iCore.Workflow.Activities.dll" adapterTypeName="Microsoft.VisualStudio.TestTools.TestTypes.Unit.UnitTestAdapter" className="UnitTest.iCore.Workflow.Activities.Filesystem.OpenNextFileActivityTests" name="Invoke_OmitInArgumentConneciton_ThrowsArgumentException" />
    </UnitTest>
    <UnitTest name="InvokeActivity_NormalExecution_OutArgumentValue1IsExpected" storage="f:\etwork\bin\tests\unittests.icore.workflow.activities.dll" id="f942d4a4-8633-87db-298e-42f2fa7c9392">
      <Execution id="7f84c00d-2a0f-4942-96d2-5c6ba84b9eac" />
      <TestMethod codeBase="F:\ETWork\bin\Tests\UnitTests.iCore.Workflow.Activities.dll" adapterTypeName="Microsoft.VisualStudio.TestTools.TestTypes.Unit.UnitTestAdapter" className="UnitTests.iCore.Workflow.Activities.LookupCrossReferenceValueActivityTests" name="InvokeActivity_NormalExecution_OutArgumentValue1IsExpected" />
    </UnitTest>
    <UnitTest name="InvokeActivity_NormalExecution_OutArgumentValue2IsExpected" storage="f:\etwork\bin\tests\unittests.icore.workflow.activities.dll" id="7b73e410-2354-a38f-02a5-485b1b043c77">
      <Execution id="ecb3ed5e-e6e0-4274-ab64-da2d9edd8b4d" />
      <TestMethod codeBase="F:\ETWork\bin\Tests\UnitTests.iCore.Workflow.Activities.dll" adapterTypeName="Microsoft.VisualStudio.TestTools.TestTypes.Unit.UnitTestAdapter" className="UnitTests.iCore.Workflow.Activities.LookupCrossReferenceValueActivityTests" name="InvokeActivity_NormalExecution_OutArgumentValue2IsExpected" />
    </UnitTest>
    <UnitTest name="InvokeActivity_NormalExecution_CorrectTableValueSentToRepository" storage="f:\etwork\bin\tests\unittests.icore.workflow.activities.dll" id="7a68939a-5826-762c-3fbb-abfcdbbea6cb">
      <Execution id="1576caec-6bc7-4145-9028-142c4eec0b31" />
      <TestMethod codeBase="F:\ETWork\bin\Tests\UnitTests.iCore.Workflow.Activities.dll" adapterTypeName="Microsoft.VisualStudio.TestTools.TestTypes.Unit.UnitTestAdapter" className="UnitTests.iCore.Workflow.Activities.LookupCrossReferenceValueActivityTests" name="InvokeActivity_NormalExecution_CorrectTableValueSentToRepository" />
    </UnitTest>
    <UnitTest name="InvokeActivity_NormalExecution_CorrectKey1ValueSentToRepository" storage="f:\etwork\bin\tests\unittests.icore.workflow.activities.dll" id="551d54b6-681d-f443-aeab-217458226788">
      <Execution id="7370db07-bc82-42ef-b8d1-4b0e21f74e94" />
      <TestMethod codeBase="F:\ETWork\bin\Tests\UnitTests.iCore.Workflow.Activities.dll" adapterTypeName="Microsoft.VisualStudio.TestTools.TestTypes.Unit.UnitTestAdapter" className="UnitTests.iCore.Workflow.Activities.LookupCrossReferenceValueActivityTests" name="InvokeActivity_NormalExecution_CorrectKey1ValueSentToRepository" />
    </UnitTest>
    <UnitTest name="InvokeActivity_NormalExecution_CorrectKey2ValueSentToRepository" storage="f:\etwork\bin\tests\unittests.icore.workflow.activities.dll" id="54a75c51-8d4d-caf8-917f-203ccaf34af0">
      <Execution id="05de1b35-6b0b-4ee3-b691-2d9aaf728bea" />
      <TestMethod codeBase="F:\ETWork\bin\Tests\UnitTests.iCore.Workflow.Activities.dll" adapterTypeName="Microsoft.VisualStudio.TestTools.TestTypes.Unit.UnitTestAdapter" className="UnitTests.iCore.Workflow.Activities.LookupCrossReferenceValueActivityTests" name="InvokeActivity_NormalExecution_CorrectKey2ValueSentToRepository" />
    </UnitTest>
    <UnitTest name="InvokeActivity_RepositoryThrows_ActivityThrows" storage="f:\etwork\bin\tests\unittests.icore.workflow.activities.dll" id="bb98d48f-39f1-e5a6-07ac-aaa963071019">
      <Execution id="2775adac-cec5-4792-878a-da887724f561" />
      <TestMethod codeBase="F:\ETWork\bin\Tests\UnitTests.iCore.Workflow.Activities.dll" adapterTypeName="Microsoft.VisualStudio.TestTools.TestTypes.Unit.UnitTestAdapter" className="UnitTests.iCore.Workflow.Activities.LookupCrossReferenceValueActivityTests" name="InvokeActivity_RepositoryThrows_ActivityThrows" />
    </UnitTest>
    <UnitTest name="InvokeActivty_RequiredInArgumentTableIdIsMissing_Throws" storage="f:\etwork\bin\tests\unittests.icore.workflow.activities.dll" id="a8501e94-dcc0-c3ab-bb78-7c3171ea4f60">
      <Execution id="010628d0-8270-4f00-b4b4-4bf9d653734f" />
      <TestMethod codeBase="F:\ETWork\bin\Tests\UnitTests.iCore.Workflow.Activities.dll" adapterTypeName="Microsoft.VisualStudio.TestTools.TestTypes.Unit.UnitTestAdapter" className="UnitTests.iCore.Workflow.Activities.LookupCrossReferenceValueActivityTests" name="InvokeActivty_RequiredInArgumentTableIdIsMissing_Throws" />
    </UnitTest>
    <UnitTest name="InvokeActivty_RequiredInArgumentKey1IsMissing_Throws" storage="f:\etwork\bin\tests\unittests.icore.workflow.activities.dll" id="c034f2a2-0627-024b-600b-213e974863dd">
      <Execution id="70db6c2a-22fe-4e30-acd9-0b60dee9b02e" />
      <TestMethod codeBase="F:\ETWork\bin\Tests\UnitTests.iCore.Workflow.Activities.dll" adapterTypeName="Microsoft.VisualStudio.TestTools.TestTypes.Unit.UnitTestAdapter" className="UnitTests.iCore.Workflow.Activities.LookupCrossReferenceValueActivityTests" name="InvokeActivty_RequiredInArgumentKey1IsMissing_Throws" />
    </UnitTest>
    <UnitTest name="InvokeActivty_RequiredInArgumentKey2IsMissing_Throws" storage="f:\etwork\bin\tests\unittests.icore.workflow.activities.dll" id="e920f56a-0b37-2d49-0b71-4f1e3d73e719">
      <Execution id="89427972-681d-4e9e-9698-430ea012e902" />
      <TestMethod codeBase="F:\ETWork\bin\Tests\UnitTests.iCore.Workflow.Activities.dll" adapterTypeName="Microsoft.VisualStudio.TestTools.TestTypes.Unit.UnitTestAdapter" className="UnitTests.iCore.Workflow.Activities.LookupCrossReferenceValueActivityTests" name="InvokeActivty_RequiredInArgumentKey2IsMissing_Throws" />
    </UnitTest>
    <UnitTest name="InvokeActivity_AllArgumentsSet_Success" storage="f:\etwork\bin\tests\unittests.icore.workflow.activities.dll" id="7495f446-927d-1090-9013-be90f428c35f">
      <Execution id="3ef56edb-748a-4dfc-b9eb-08ec29618120" />
      <TestMethod codeBase="F:\ETWork\bin\Tests\UnitTests.iCore.Workflow.Activities.dll" adapterTypeName="Microsoft.VisualStudio.TestTools.TestTypes.Unit.UnitTestAdapter" className="UnitTests.iCore.Workflow.Activities.SetNodeAttributesFromListActivityTest" name="InvokeActivity_AllArgumentsSet_Success" />
    </UnitTest>
    <UnitTest name="InvokeActivity_AllArgumentsSet_ExceptionsArePropagated" storage="f:\etwork\bin\tests\unittests.icore.workflow.activities.dll" id="973da3e2-db08-7226-d1d0-ab5903d5a27c">
      <Execution id="11fc55dc-fd4d-476a-b8b2-6ea8802162fd" />
      <TestMethod codeBase="F:\ETWork\bin\Tests\UnitTests.iCore.Workflow.Activities.dll" adapterTypeName="Microsoft.VisualStudio.TestTools.TestTypes.Unit.UnitTestAdapter" className="UnitTests.iCore.Workflow.Activities.SetNodeAttributesFromListActivityTest" name="InvokeActivity_AllArgumentsSet_ExceptionsArePropagated" />
    </UnitTest>
    <UnitTest name="InvokeActivity_InvalidRegexOptionsSet_ThrowsExeption" storage="f:\etwork\bin\tests\unittests.icore.workflow.activities.dll" id="4af9bcf1-acde-9e65-c564-874a7e977215">
      <Execution id="111db656-30d9-43ef-aa84-a189ddcc95cf" />
      <TestMethod codeBase="F:\ETWork\bin\Tests\UnitTests.iCore.Workflow.Activities.dll" adapterTypeName="Microsoft.VisualStudio.TestTools.TestTypes.Unit.UnitTestAdapter" className="UnitTests.iCore.Workflow.Activities.SetNodeAttributesFromListActivityTest" name="InvokeActivity_InvalidRegexOptionsSet_ThrowsExeption" />
    </UnitTest>
    <UnitTest name="InvokeActivity_NodeIdIsMissing_ThrowsException" storage="f:\etwork\bin\tests\unittests.icore.workflow.activities.dll" id="6a685540-a16b-084a-f3e8-6f79fa6f2cb9">
      <Execution id="c5e9a0fe-2f09-4a89-9808-180098b11890" />
      <TestMethod codeBase="F:\ETWork\bin\Tests\UnitTests.iCore.Workflow.Activities.dll" adapterTypeName="Microsoft.VisualStudio.TestTools.TestTypes.Unit.UnitTestAdapter" className="UnitTests.iCore.Workflow.Activities.SetNodeAttributesFromListActivityTest" name="InvokeActivity_NodeIdIsMissing_ThrowsException" />
    </UnitTest>
    <UnitTest name="InvokeActivity_SelectionPatternIsMissing_ThrowsException" storage="f:\etwork\bin\tests\unittests.icore.workflow.activities.dll" id="cd11c779-d503-474d-6996-7deb8e83ef7c">
      <Execution id="2d168178-0982-43a1-ba67-9a5be37a674a" />
      <TestMethod codeBase="F:\ETWork\bin\Tests\UnitTests.iCore.Workflow.Activities.dll" adapterTypeName="Microsoft.VisualStudio.TestTools.TestTypes.Unit.UnitTestAdapter" className="UnitTests.iCore.Workflow.Activities.SetNodeAttributesFromListActivityTest" name="InvokeActivity_SelectionPatternIsMissing_ThrowsException" />
    </UnitTest>
    <UnitTest name="InvokeActivity_SelectionOptionsIsMissing_ThrowsException" storage="f:\etwork\bin\tests\unittests.icore.workflow.activities.dll" id="d4105136-5ff7-5805-b6ad-670b47844a33">
      <Execution id="27d05f76-9875-4abb-b48d-11d16bfe49f7" />
      <TestMethod codeBase="F:\ETWork\bin\Tests\UnitTests.iCore.Workflow.Activities.dll" adapterTypeName="Microsoft.VisualStudio.TestTools.TestTypes.Unit.UnitTestAdapter" className="UnitTests.iCore.Workflow.Activities.SetNodeAttributesFromListActivityTest" name="InvokeActivity_SelectionOptionsIsMissing_ThrowsException" />
    </UnitTest>
    <UnitTest name="InvokeActivity_NameValuePairIsMissing_ThrowsException" storage="f:\etwork\bin\tests\unittests.icore.workflow.activities.dll" id="562887ea-c3c0-21bb-c6d8-acb783f5f026">
      <Execution id="83b0a322-a5a0-4e6e-8442-6c9b6e119233" />
      <TestMethod codeBase="F:\ETWork\bin\Tests\UnitTests.iCore.Workflow.Activities.dll" adapterTypeName="Microsoft.VisualStudio.TestTools.TestTypes.Unit.UnitTestAdapter" className="UnitTests.iCore.Workflow.Activities.SetNodeAttributesFromListActivityTest" name="InvokeActivity_NameValuePairIsMissing_ThrowsException" />
    </UnitTest>
    <UnitTest name="InvokeActivity_IfNotExistRuleIsMissing_ThrowsException" storage="f:\etwork\bin\tests\unittests.icore.workflow.activities.dll" id="46c70a03-7488-75cd-69c8-299f35cbb453">
      <Execution id="c6d38372-8a8b-4bec-b952-eb75b8277796" />
      <TestMethod codeBase="F:\ETWork\bin\Tests\UnitTests.iCore.Workflow.Activities.dll" adapterTypeName="Microsoft.VisualStudio.TestTools.TestTypes.Unit.UnitTestAdapter" className="UnitTests.iCore.Workflow.Activities.SetNodeAttributesFromListActivityTest" name="InvokeActivity_IfNotExistRuleIsMissing_ThrowsException" />
    </UnitTest>
    <UnitTest name="InvokeActivity_IfExistsRuleIsMissing_ThrowsException" storage="f:\etwork\bin\tests\unittests.icore.workflow.activities.dll" id="d6fc9504-489f-22c8-fa7e-00f69880a9b5">
      <Execution id="5912a1cb-eb42-4736-a9b5-162b8d455c6f" />
      <TestMethod codeBase="F:\ETWork\bin\Tests\UnitTests.iCore.Workflow.Activities.dll" adapterTypeName="Microsoft.VisualStudio.TestTools.TestTypes.Unit.UnitTestAdapter" className="UnitTests.iCore.Workflow.Activities.SetNodeAttributesFromListActivityTest" name="InvokeActivity_IfExistsRuleIsMissing_ThrowsException" />
    </UnitTest>
    <UnitTest name="InvokeActivity_SelectionPatternIsNull_ThrowsException" storage="f:\etwork\bin\tests\unittests.icore.workflow.activities.dll" id="f8f95137-9cf1-fa58-f6ed-984ad295dc1c">
      <Execution id="1aed0ca1-a8dc-4e8b-b535-5a35fca21d63" />
      <TestMethod codeBase="F:\ETWork\bin\Tests\UnitTests.iCore.Workflow.Activities.dll" adapterTypeName="Microsoft.VisualStudio.TestTools.TestTypes.Unit.UnitTestAdapter" className="UnitTests.iCore.Workflow.Activities.SetNodeAttributesFromListActivityTest" name="InvokeActivity_SelectionPatternIsNull_ThrowsException" />
    </UnitTest>
    <UnitTest name="InvokeActivity_SelectionOptionsIsNull_ThrowsException" storage="f:\etwork\bin\tests\unittests.icore.workflow.activities.dll" id="68d7f39c-9fc7-4205-70b4-37482d3950bc">
      <Execution id="fbd41c7a-f915-4c59-a480-4671899f3746" />
      <TestMethod codeBase="F:\ETWork\bin\Tests\UnitTests.iCore.Workflow.Activities.dll" adapterTypeName="Microsoft.VisualStudio.TestTools.TestTypes.Unit.UnitTestAdapter" className="UnitTests.iCore.Workflow.Activities.SetNodeAttributesFromListActivityTest" name="InvokeActivity_SelectionOptionsIsNull_ThrowsException" />
    </UnitTest>
    <UnitTest name="InvokeActivity_AllArgumentsSet_RegexHasCorrectPattern" storage="f:\etwork\bin\tests\unittests.icore.workflow.activities.dll" id="153070be-bba1-b0ef-a32a-b49172f5cb31">
      <Execution id="b343aa7d-1cad-4d42-9251-5b4646ee2f8e" />
      <TestMethod codeBase="F:\ETWork\bin\Tests\UnitTests.iCore.Workflow.Activities.dll" adapterTypeName="Microsoft.VisualStudio.TestTools.TestTypes.Unit.UnitTestAdapter" className="UnitTests.iCore.Workflow.Activities.SetNodeAttributesFromListActivityTest" name="InvokeActivity_AllArgumentsSet_RegexHasCorrectPattern" />
    </UnitTest>
    <UnitTest name="InvokeActivity_AllArgumentsSet_RegexHasCorrectOptions" storage="f:\etwork\bin\tests\unittests.icore.workflow.activities.dll" id="e1ef0800-7d91-0c17-a5d9-d8fc82e126c5">
      <Execution id="b23e0fdf-e2b6-4cff-85df-d187ac7b0f61" />
      <TestMethod codeBase="F:\ETWork\bin\Tests\UnitTests.iCore.Workflow.Activities.dll" adapterTypeName="Microsoft.VisualStudio.TestTools.TestTypes.Unit.UnitTestAdapter" className="UnitTests.iCore.Workflow.Activities.SetNodeAttributesFromListActivityTest" name="InvokeActivity_AllArgumentsSet_RegexHasCorrectOptions" />
    </UnitTest>
    <UnitTest name="InvokeActivity_AllArgumentsSet_NodeIdHasCorrectValues" storage="f:\etwork\bin\tests\unittests.icore.workflow.activities.dll" id="fe0d5182-e5da-da8c-6876-76b75a37076a">
      <Execution id="13a00672-7443-4be3-aaee-e304d895003a" />
      <TestMethod codeBase="F:\ETWork\bin\Tests\UnitTests.iCore.Workflow.Activities.dll" adapterTypeName="Microsoft.VisualStudio.TestTools.TestTypes.Unit.UnitTestAdapter" className="UnitTests.iCore.Workflow.Activities.SetNodeAttributesFromListActivityTest" name="InvokeActivity_AllArgumentsSet_NodeIdHasCorrectValues" />
    </UnitTest>
    <UnitTest name="InvokeActivity_AllArgumentsSet_NameValuePairHasCorrectValue" storage="f:\etwork\bin\tests\unittests.icore.workflow.activities.dll" id="9e504340-bccc-0822-37ad-6ad1b9bdde01">
      <Execution id="10d5b1f1-79e6-48cd-80f4-205f62cafc4d" />
      <TestMethod codeBase="F:\ETWork\bin\Tests\UnitTests.iCore.Workflow.Activities.dll" adapterTypeName="Microsoft.VisualStudio.TestTools.TestTypes.Unit.UnitTestAdapter" className="UnitTests.iCore.Workflow.Activities.SetNodeAttributesFromListActivityTest" name="InvokeActivity_AllArgumentsSet_NameValuePairHasCorrectValue" />
    </UnitTest>
    <UnitTest name="InvokeActivity_AllArgumentsSet_IfNotExistsRuleHasCorrectValue" storage="f:\etwork\bin\tests\unittests.icore.workflow.activities.dll" id="25197ed1-fd1d-4d8b-9412-d821112acda5">
      <Execution id="d1412e72-a220-469c-85fd-8da26d214909" />
      <TestMethod codeBase="F:\ETWork\bin\Tests\UnitTests.iCore.Workflow.Activities.dll" adapterTypeName="Microsoft.VisualStudio.TestTools.TestTypes.Unit.UnitTestAdapter" className="UnitTests.iCore.Workflow.Activities.SetNodeAttributesFromListActivityTest" name="InvokeActivity_AllArgumentsSet_IfNotExistsRuleHasCorrectValue" />
    </UnitTest>
    <UnitTest name="InvokeActivity_AllArgumentsSet_IfExistsRuleHasCorrectValue" storage="f:\etwork\bin\tests\unittests.icore.workflow.activities.dll" id="c352d5d6-06dd-a437-10f1-f5e9113edd55">
      <Execution id="b596b6f0-a545-4113-9717-e92e611015b1" />
      <TestMethod codeBase="F:\ETWork\bin\Tests\UnitTests.iCore.Workflow.Activities.dll" adapterTypeName="Microsoft.VisualStudio.TestTools.TestTypes.Unit.UnitTestAdapter" className="UnitTests.iCore.Workflow.Activities.SetNodeAttributesFromListActivityTest" name="InvokeActivity_AllArgumentsSet_IfExistsRuleHasCorrectValue" />
    </UnitTest>
    <UnitTest name="InvokeActivity_NormalExecutionAllArgumentsSet_Success" storage="f:\etwork\bin\tests\unittests.icore.workflow.activities.dll" id="062798a3-fe35-0b33-1b3a-07e8b22b780d">
      <Execution id="239af1ed-11f3-4ef6-a41b-dd0a353600ae" />
      <TestMethod codeBase="F:\ETWork\bin\Tests\UnitTests.iCore.Workflow.Activities.dll" adapterTypeName="Microsoft.VisualStudio.TestTools.TestTypes.Unit.UnitTestAdapter" className="UnitTests.iCore.Workflow.Activities.GetNodeAttributeListActivityTest" name="InvokeActivity_NormalExecutionAllArgumentsSet_Success" />
    </UnitTest>
    <UnitTest name="InvokeActivity_NormalExecutionAllArgumentsSet_MultipleEntriesInResult" storage="f:\etwork\bin\tests\unittests.icore.workflow.activities.dll" id="8022ed5e-a3d9-9ff2-b5de-b025f8305d5b">
      <Execution id="8dcc19a1-5555-4419-a01e-35d1b3edad45" />
      <TestMethod codeBase="F:\ETWork\bin\Tests\UnitTests.iCore.Workflow.Activities.dll" adapterTypeName="Microsoft.VisualStudio.TestTools.TestTypes.Unit.UnitTestAdapter" className="UnitTests.iCore.Workflow.Activities.GetNodeAttributeListActivityTest" name="InvokeActivity_NormalExecutionAllArgumentsSet_MultipleEntriesInResult" />
    </UnitTest>
    <UnitTest name="InvokeActivity_NormalExecution_ResultDictionaryContainsCorrectValues" storage="f:\etwork\bin\tests\unittests.icore.workflow.activities.dll" id="afa8081f-d162-97cc-6ef4-9e96a9187ae5">
      <Execution id="ecdca244-705f-4705-8804-555b4f0d5501" />
      <TestMethod codeBase="F:\ETWork\bin\Tests\UnitTests.iCore.Workflow.Activities.dll" adapterTypeName="Microsoft.VisualStudio.TestTools.TestTypes.Unit.UnitTestAdapter" className="UnitTests.iCore.Workflow.Activities.GetNodeAttributeListActivityTest" name="InvokeActivity_NormalExecution_ResultDictionaryContainsCorrectValues" />
    </UnitTest>
    <UnitTest name="InvokeActivity_NodeIdArgumentMissing_ThrowsException" storage="f:\etwork\bin\tests\unittests.icore.workflow.activities.dll" id="0a4f1612-45d1-28d8-c8b6-b9b7595a0c9a">
      <Execution id="44e01b24-3c4f-47dd-aba8-f012283bb9e2" />
      <TestMethod codeBase="F:\ETWork\bin\Tests\UnitTests.iCore.Workflow.Activities.dll" adapterTypeName="Microsoft.VisualStudio.TestTools.TestTypes.Unit.UnitTestAdapter" className="UnitTests.iCore.Workflow.Activities.GetNodeAttributeListActivityTest" name="InvokeActivity_NodeIdArgumentMissing_ThrowsException" />
    </UnitTest>
    <UnitTest name="InvokeActivity_SelectionPatternArgumentMissing_ThrowsException" storage="f:\etwork\bin\tests\unittests.icore.workflow.activities.dll" id="5113ab05-40c2-45ca-50b8-c83dc4ba25d9">
      <Execution id="ec845660-670f-4c3b-8148-d86dfc391473" />
      <TestMethod codeBase="F:\ETWork\bin\Tests\UnitTests.iCore.Workflow.Activities.dll" adapterTypeName="Microsoft.VisualStudio.TestTools.TestTypes.Unit.UnitTestAdapter" className="UnitTests.iCore.Workflow.Activities.GetNodeAttributeListActivityTest" name="InvokeActivity_SelectionPatternArgumentMissing_ThrowsException" />
    </UnitTest>
    <UnitTest name="InvokeActivity_SelectionOptionsArgumentMissing_ThrowsException" storage="f:\etwork\bin\tests\unittests.icore.workflow.activities.dll" id="0ca4595c-2858-6ef8-b24a-d3030b639ec9">
      <Execution id="dda7f4b3-b13c-41d8-a795-03207b70f139" />
      <TestMethod codeBase="F:\ETWork\bin\Tests\UnitTests.iCore.Workflow.Activities.dll" adapterTypeName="Microsoft.VisualStudio.TestTools.TestTypes.Unit.UnitTestAdapter" className="UnitTests.iCore.Workflow.Activities.GetNodeAttributeListActivityTest" name="InvokeActivity_SelectionOptionsArgumentMissing_ThrowsException" />
    </UnitTest>
    <UnitTest name="InvokeActivity_NodeDoesNotExist_ThrowsException" storage="f:\etwork\bin\tests\unittests.icore.workflow.activities.dll" id="f498761b-6293-d67e-3043-9228e97944dd">
      <Execution id="54343a61-cee1-4fe2-b0d4-291998a6d030" />
      <TestMethod codeBase="F:\ETWork\bin\Tests\UnitTests.iCore.Workflow.Activities.dll" adapterTypeName="Microsoft.VisualStudio.TestTools.TestTypes.Unit.UnitTestAdapter" className="UnitTests.iCore.Workflow.Activities.GetNodeAttributeListActivityTest" name="InvokeActivity_NodeDoesNotExist_ThrowsException" />
    </UnitTest>
    <UnitTest name="InvokeActivity_InvalidRegexPattern_ThrowsException" storage="f:\etwork\bin\tests\unittests.icore.workflow.activities.dll" id="55f3fcbe-deca-f5b8-ccad-0112083a8c07">
      <Execution id="6926bb42-7a40-4764-8025-5ca4e0e39e2f" />
      <TestMethod codeBase="F:\ETWork\bin\Tests\UnitTests.iCore.Workflow.Activities.dll" adapterTypeName="Microsoft.VisualStudio.TestTools.TestTypes.Unit.UnitTestAdapter" className="UnitTests.iCore.Workflow.Activities.GetNodeAttributeListActivityTest" name="InvokeActivity_InvalidRegexPattern_ThrowsException" />
    </UnitTest>
    <UnitTest name="InvokeActivity_NormalExecutionRegexPatternSet_ResultIsFilteredByRegex" storage="f:\etwork\bin\tests\unittests.icore.workflow.activities.dll" id="294a9d1b-c1c9-a805-13e9-7ce36161763b">
      <Execution id="02a61763-72db-4a68-879f-6839ec851ea6" />
      <TestMethod codeBase="F:\ETWork\bin\Tests\UnitTests.iCore.Workflow.Activities.dll" adapterTypeName="Microsoft.VisualStudio.TestTools.TestTypes.Unit.UnitTestAdapter" className="UnitTests.iCore.Workflow.Activities.GetNodeAttributeListActivityTest" name="InvokeActivity_NormalExecutionRegexPatternSet_ResultIsFilteredByRegex" />
    </UnitTest>
    <UnitTest name="InvokeActivity_NormalExecutionRegexOptionSet_ResultIsFilteredByRegexAndOptions" storage="f:\etwork\bin\tests\unittests.icore.workflow.activities.dll" id="ee5d77f9-38b1-178c-4f7b-b7ce538071ad">
      <Execution id="d4af5384-f470-42e0-8d83-b5585ac777e2" />
      <TestMethod codeBase="F:\ETWork\bin\Tests\UnitTests.iCore.Workflow.Activities.dll" adapterTypeName="Microsoft.VisualStudio.TestTools.TestTypes.Unit.UnitTestAdapter" className="UnitTests.iCore.Workflow.Activities.GetNodeAttributeListActivityTest" name="InvokeActivity_NormalExecutionRegexOptionSet_ResultIsFilteredByRegexAndOptions" />
    </UnitTest>
    <UnitTest name="InvokeActivity_InvalidRegexOptionsSet_ThrowsExeption" storage="f:\etwork\bin\tests\unittests.icore.workflow.activities.dll" id="ee043d82-ee75-8dd6-d0d0-1c565c22c2cf">
      <Execution id="b57a232e-7b56-4273-a75f-8fd9049499aa" />
      <TestMethod codeBase="F:\ETWork\bin\Tests\UnitTests.iCore.Workflow.Activities.dll" adapterTypeName="Microsoft.VisualStudio.TestTools.TestTypes.Unit.UnitTestAdapter" className="UnitTests.iCore.Workflow.Activities.GetNodeAttributeListActivityTest" name="InvokeActivity_InvalidRegexOptionsSet_ThrowsExeption" />
    </UnitTest>
    <UnitTest name="InvokeActivity_SelectionPatternIsNull_ThrowsException" storage="f:\etwork\bin\tests\unittests.icore.workflow.activities.dll" id="c904e79e-e4c3-a697-fb99-4dc64eeaa26e">
      <Execution id="f5965c60-6c65-4b68-8d7e-659689851180" />
      <TestMethod codeBase="F:\ETWork\bin\Tests\UnitTests.iCore.Workflow.Activities.dll" adapterTypeName="Microsoft.VisualStudio.TestTools.TestTypes.Unit.UnitTestAdapter" className="UnitTests.iCore.Workflow.Activities.GetNodeAttributeListActivityTest" name="InvokeActivity_SelectionPatternIsNull_ThrowsException" />
    </UnitTest>
    <UnitTest name="InvokeActivity_SelectionOptionsIsNull_ThrowsException" storage="f:\etwork\bin\tests\unittests.icore.workflow.activities.dll" id="7ce9d53f-2d0b-fc60-732a-238c0ea2f2bd">
      <Execution id="72c78725-09f6-4542-939c-0c9f21af9fc6" />
      <TestMethod codeBase="F:\ETWork\bin\Tests\UnitTests.iCore.Workflow.Activities.dll" adapterTypeName="Microsoft.VisualStudio.TestTools.TestTypes.Unit.UnitTestAdapter" className="UnitTests.iCore.Workflow.Activities.GetNodeAttributeListActivityTest" name="InvokeActivity_SelectionOptionsIsNull_ThrowsException" />
    </UnitTest>
    <UnitTest name="InvokeActivity_NormalExecutionAllArgumentsSetNoAttributesInGroup_Success" storage="f:\etwork\bin\tests\unittests.icore.workflow.activities.dll" id="1afe229a-91e5-9f17-9d1c-496b6939cc17">
      <Execution id="fd5b50c1-c153-48f9-ac13-98f1df6baa2d" />
      <TestMethod codeBase="F:\ETWork\bin\Tests\UnitTests.iCore.Workflow.Activities.dll" adapterTypeName="Microsoft.VisualStudio.TestTools.TestTypes.Unit.UnitTestAdapter" className="UnitTests.iCore.Workflow.Activities.GetPartnerAttributeGroupValuesActivityTest" name="InvokeActivity_NormalExecutionAllArgumentsSetNoAttributesInGroup_Success" />
    </UnitTest>
    <UnitTest name="InvokeActivity_PartnerIdArgumentMissing_ThrowsException" storage="f:\etwork\bin\tests\unittests.icore.workflow.activities.dll" id="23e69c4c-a513-4d1c-6bdb-78a5b44613b0">
      <Execution id="b72b731a-400d-4351-9939-6ef77cc23bdf" />
      <TestMethod codeBase="F:\ETWork\bin\Tests\UnitTests.iCore.Workflow.Activities.dll" adapterTypeName="Microsoft.VisualStudio.TestTools.TestTypes.Unit.UnitTestAdapter" className="UnitTests.iCore.Workflow.Activities.GetPartnerAttributeGroupValuesActivityTest" name="InvokeActivity_PartnerIdArgumentMissing_ThrowsException" />
    </UnitTest>
    <UnitTest name="InvokeActivity_AttributeGroupIdArgumentMissing_ThrowsException" storage="f:\etwork\bin\tests\unittests.icore.workflow.activities.dll" id="6fd19911-cd67-b668-9e6e-49b859c00b22">
      <Execution id="d00f0219-bca9-41d7-8b0d-33a0342f0b34" />
      <TestMethod codeBase="F:\ETWork\bin\Tests\UnitTests.iCore.Workflow.Activities.dll" adapterTypeName="Microsoft.VisualStudio.TestTools.TestTypes.Unit.UnitTestAdapter" className="UnitTests.iCore.Workflow.Activities.GetPartnerAttributeGroupValuesActivityTest" name="InvokeActivity_AttributeGroupIdArgumentMissing_ThrowsException" />
    </UnitTest>
    <UnitTest name="InvokeActivity_NormalExecution_ResultDictionaryContainsCorrectValues" storage="f:\etwork\bin\tests\unittests.icore.workflow.activities.dll" id="e375c1c7-bbfa-c0b6-1614-3a7e201208c2">
      <Execution id="83342c9a-ff42-41af-85c1-0a7bc75d8c2f" />
      <TestMethod codeBase="F:\ETWork\bin\Tests\UnitTests.iCore.Workflow.Activities.dll" adapterTypeName="Microsoft.VisualStudio.TestTools.TestTypes.Unit.UnitTestAdapter" className="UnitTests.iCore.Workflow.Activities.GetPartnerAttributeGroupValuesActivityTest" name="InvokeActivity_NormalExecution_ResultDictionaryContainsCorrectValues" />
    </UnitTest>
    <UnitTest name="InvokeActivity_PartnerDoesNotContainAttributeGroup_ThrowsError" storage="f:\etwork\bin\tests\unittests.icore.workflow.activities.dll" id="d095eb33-a49a-2611-ce91-2b900da7ed59">
      <Execution id="676eac3e-1f3b-429a-b53b-8a750056ca06" />
      <TestMethod codeBase="F:\ETWork\bin\Tests\UnitTests.iCore.Workflow.Activities.dll" adapterTypeName="Microsoft.VisualStudio.TestTools.TestTypes.Unit.UnitTestAdapter" className="UnitTests.iCore.Workflow.Activities.GetPartnerAttributeGroupValuesActivityTest" name="InvokeActivity_PartnerDoesNotContainAttributeGroup_ThrowsError" />
    </UnitTest>
    <UnitTest name="InvokeActivity_AttributeGroupDoesNotExist_ThrowsException" storage="f:\etwork\bin\tests\unittests.icore.workflow.activities.dll" id="613180d2-5b60-6aed-3bfe-09fbb7c8dace">
      <Execution id="de1d84d2-0ee9-4f91-a0af-14fc1b0b6225" />
      <TestMethod codeBase="F:\ETWork\bin\Tests\UnitTests.iCore.Workflow.Activities.dll" adapterTypeName="Microsoft.VisualStudio.TestTools.TestTypes.Unit.UnitTestAdapter" className="UnitTests.iCore.Workflow.Activities.GetPartnerAttributeGroupValuesActivityTest" name="InvokeActivity_AttributeGroupDoesNotExist_ThrowsException" />
    </UnitTest>
    <UnitTest name="InvokeActivity_PartnerDoesNotExist_ThrowsException" storage="f:\etwork\bin\tests\unittests.icore.workflow.activities.dll" id="9e8a854c-0092-eb44-2ca4-610c2940873d">
      <Execution id="5f840d80-25de-4522-906e-3890a16f32ff" />
      <TestMethod codeBase="F:\ETWork\bin\Tests\UnitTests.iCore.Workflow.Activities.dll" adapterTypeName="Microsoft.VisualStudio.TestTools.TestTypes.Unit.UnitTestAdapter" className="UnitTests.iCore.Workflow.Activities.GetPartnerAttributeGroupValuesActivityTest" name="InvokeActivity_PartnerDoesNotExist_ThrowsException" />
    </UnitTest>
    <UnitTest name="InvokeActivity_MultipleAttributeValuesInAttributeGroup_Success" storage="f:\etwork\bin\tests\unittests.icore.workflow.activities.dll" id="e1ccd704-04de-3100-ffd2-81e3f1e116e4">
      <Execution id="db2c61ff-1247-428c-853f-a3eaa094eed8" />
      <TestMethod codeBase="F:\ETWork\bin\Tests\UnitTests.iCore.Workflow.Activities.dll" adapterTypeName="Microsoft.VisualStudio.TestTools.TestTypes.Unit.UnitTestAdapter" className="UnitTests.iCore.Workflow.Activities.GetPartnerAttributeGroupValuesActivityTest" name="InvokeActivity_MultipleAttributeValuesInAttributeGroup_Success" />
    </UnitTest>
    <UnitTest name="InvokeActivity_NormalExecution_CorrectPartnerSentToRepository" storage="f:\etwork\bin\tests\unittests.icore.workflow.activities.dll" id="f511a4b7-e70b-63e5-4da3-ca1ab3365c2b">
      <Execution id="ef17dfac-80ba-4f55-a0b7-9ea22aefd22a" />
      <TestMethod codeBase="F:\ETWork\bin\Tests\UnitTests.iCore.Workflow.Activities.dll" adapterTypeName="Microsoft.VisualStudio.TestTools.TestTypes.Unit.UnitTestAdapter" className="UnitTests.iCore.Workflow.Activities.GetPartnerAttributeValueActivityTest" name="InvokeActivity_NormalExecution_CorrectPartnerSentToRepository" />
    </UnitTest>
    <UnitTest name="InvokeActivity_NormalExecution_CorrectAttributeSentToRepository" storage="f:\etwork\bin\tests\unittests.icore.workflow.activities.dll" id="d70cf836-c284-00aa-185f-c22afffb9fef">
      <Execution id="cb4850bd-c7ab-4306-bdc5-6805f128e60a" />
      <TestMethod codeBase="F:\ETWork\bin\Tests\UnitTests.iCore.Workflow.Activities.dll" adapterTypeName="Microsoft.VisualStudio.TestTools.TestTypes.Unit.UnitTestAdapter" className="UnitTests.iCore.Workflow.Activities.GetPartnerAttributeValueActivityTest" name="InvokeActivity_NormalExecution_CorrectAttributeSentToRepository" />
    </UnitTest>
    <UnitTest name="InvokeActivity_NormalExecutionWithNullValue_NullIsReturned" storage="f:\etwork\bin\tests\unittests.icore.workflow.activities.dll" id="58472bb1-3b0a-d268-58b1-43068b387003">
      <Execution id="c9a36c39-e01b-4d4c-8681-d28c4be7504e" />
      <TestMethod codeBase="F:\ETWork\bin\Tests\UnitTests.iCore.Workflow.Activities.dll" adapterTypeName="Microsoft.VisualStudio.TestTools.TestTypes.Unit.UnitTestAdapter" className="UnitTests.iCore.Workflow.Activities.GetPartnerAttributeValueActivityTest" name="InvokeActivity_NormalExecutionWithNullValue_NullIsReturned" />
    </UnitTest>
    <UnitTest name="InvokeActivity_NormalExecutionWithString_StringIsReturned" storage="f:\etwork\bin\tests\unittests.icore.workflow.activities.dll" id="89d0b032-d6e8-a22c-fe03-523fb8f92514">
      <Execution id="9f197ef7-ad4c-422c-b2a1-3862f304443d" />
      <TestMethod codeBase="F:\ETWork\bin\Tests\UnitTests.iCore.Workflow.Activities.dll" adapterTypeName="Microsoft.VisualStudio.TestTools.TestTypes.Unit.UnitTestAdapter" className="UnitTests.iCore.Workflow.Activities.GetPartnerAttributeValueActivityTest" name="InvokeActivity_NormalExecutionWithString_StringIsReturned" />
    </UnitTest>
    <UnitTest name="InvokeActivity_NormalExecutionWithInteger_IntegerIsReturned" storage="f:\etwork\bin\tests\unittests.icore.workflow.activities.dll" id="57f98cec-b259-a2a1-877e-f1e7d6ab5fe9">
      <Execution id="05aea901-dd4d-4613-ba1e-84a0e95575ec" />
      <TestMethod codeBase="F:\ETWork\bin\Tests\UnitTests.iCore.Workflow.Activities.dll" adapterTypeName="Microsoft.VisualStudio.TestTools.TestTypes.Unit.UnitTestAdapter" className="UnitTests.iCore.Workflow.Activities.GetPartnerAttributeValueActivityTest" name="InvokeActivity_NormalExecutionWithInteger_IntegerIsReturned" />
    </UnitTest>
    <UnitTest name="InvokeActivity_NormalExecutionWithDouble_DoubleIsReturned" storage="f:\etwork\bin\tests\unittests.icore.workflow.activities.dll" id="081a636f-454e-215b-904d-5389b85643ba">
      <Execution id="f5fb768a-fc36-4cee-b0cb-aface868b6b0" />
      <TestMethod codeBase="F:\ETWork\bin\Tests\UnitTests.iCore.Workflow.Activities.dll" adapterTypeName="Microsoft.VisualStudio.TestTools.TestTypes.Unit.UnitTestAdapter" className="UnitTests.iCore.Workflow.Activities.GetPartnerAttributeValueActivityTest" name="InvokeActivity_NormalExecutionWithDouble_DoubleIsReturned" />
    </UnitTest>
    <UnitTest name="InvokeActivity_UnknownPartnerOrUnknownAttribute_Throws" storage="f:\etwork\bin\tests\unittests.icore.workflow.activities.dll" id="ecb7e01c-8875-0162-5e57-1f6ce79ca1be">
      <Execution id="d73a5ecc-82e8-4d24-93a5-62b388ed5a20" />
      <TestMethod codeBase="F:\ETWork\bin\Tests\UnitTests.iCore.Workflow.Activities.dll" adapterTypeName="Microsoft.VisualStudio.TestTools.TestTypes.Unit.UnitTestAdapter" className="UnitTests.iCore.Workflow.Activities.GetPartnerAttributeValueActivityTest" name="InvokeActivity_UnknownPartnerOrUnknownAttribute_Throws" />
    </UnitTest>
    <UnitTest name="InvokeActivity_RequiredInArgumentPartnerIsMissing_Throws" storage="f:\etwork\bin\tests\unittests.icore.workflow.activities.dll" id="a8a27b57-92ec-e16d-bf81-16ece4771d5d">
      <Execution id="1b23ab31-5184-4142-aa6b-23d0284c54e9" />
      <TestMethod codeBase="F:\ETWork\bin\Tests\UnitTests.iCore.Workflow.Activities.dll" adapterTypeName="Microsoft.VisualStudio.TestTools.TestTypes.Unit.UnitTestAdapter" className="UnitTests.iCore.Workflow.Activities.GetPartnerAttributeValueActivityTest" name="InvokeActivity_RequiredInArgumentPartnerIsMissing_Throws" />
    </UnitTest>
    <UnitTest name="InvokeActivity_RequiredInArgumentAttributeIsMissing_Throws" storage="f:\etwork\bin\tests\unittests.icore.workflow.activities.dll" id="5059a668-0a51-9011-1802-0d25f7b5ab74">
      <Execution id="35a0dc69-1f40-4e88-be06-d71e046118a3" />
      <TestMethod codeBase="F:\ETWork\bin\Tests\UnitTests.iCore.Workflow.Activities.dll" adapterTypeName="Microsoft.VisualStudio.TestTools.TestTypes.Unit.UnitTestAdapter" className="UnitTests.iCore.Workflow.Activities.GetPartnerAttributeValueActivityTest" name="InvokeActivity_RequiredInArgumentAttributeIsMissing_Throws" />
    </UnitTest>
    <UnitTest name="InvokeActivity_InvalidConversion_Throws" storage="f:\etwork\bin\tests\unittests.icore.workflow.activities.dll" id="8d3412bf-6767-e6da-e169-927660980ea1">
      <Execution id="2d7537ff-05c0-46af-8d4a-515f5952cefc" />
      <TestMethod codeBase="F:\ETWork\bin\Tests\UnitTests.iCore.Workflow.Activities.dll" adapterTypeName="Microsoft.VisualStudio.TestTools.TestTypes.Unit.UnitTestAdapter" className="UnitTests.iCore.Workflow.Activities.GetPartnerAttributeValueActivityTest" name="InvokeActivity_InvalidConversion_Throws" />
    </UnitTest>
    <UnitTest name="InvokeActivity_ConvertStringToInt_IntIsReturned" storage="f:\etwork\bin\tests\unittests.icore.workflow.activities.dll" id="0808f6e3-7aef-1099-401f-257cd159d52d">
      <Execution id="078ef8ee-4da3-48f0-b080-33610a0e14c7" />
      <TestMethod codeBase="F:\ETWork\bin\Tests\UnitTests.iCore.Workflow.Activities.dll" adapterTypeName="Microsoft.VisualStudio.TestTools.TestTypes.Unit.UnitTestAdapter" className="UnitTests.iCore.Workflow.Activities.GetPartnerAttributeValueActivityTest" name="InvokeActivity_ConvertStringToInt_IntIsReturned" />
    </UnitTest>
    <UnitTest name="InvokeActivity_ConvertIntToString_StringIsReturned" storage="f:\etwork\bin\tests\unittests.icore.workflow.activities.dll" id="f27000da-d59b-ba28-8203-640bcde4680b">
      <Execution id="0fd7ef73-0366-44d9-93dc-e2f217fc267e" />
      <TestMethod codeBase="F:\ETWork\bin\Tests\UnitTests.iCore.Workflow.Activities.dll" adapterTypeName="Microsoft.VisualStudio.TestTools.TestTypes.Unit.UnitTestAdapter" className="UnitTests.iCore.Workflow.Activities.GetPartnerAttributeValueActivityTest" name="InvokeActivity_ConvertIntToString_StringIsReturned" />
    </UnitTest>
    <UnitTest name="Invoke_NormalExecution_Success" storage="f:\etwork\bin\tests\unittests.icore.workflow.activities.dll" id="f30258fc-d03c-c73b-4238-1809a85c31a8">
      <Execution id="acfc5c01-e5c2-4265-9b4c-c25ecdefb660" />
      <TestMethod codeBase="F:\ETWork\bin\Tests\UnitTests.iCore.Workflow.Activities.dll" adapterTypeName="Microsoft.VisualStudio.TestTools.TestTypes.Unit.UnitTestAdapter" className="UnitTests.iCore.Workflow.Activities.CreateAndSendMsmqMessageActivityTests" name="Invoke_NormalExecution_Success" />
    </UnitTest>
    <UnitTest name="Invoke_NormalExecution_ExpectedDataArgumentUsed" storage="f:\etwork\bin\tests\unittests.icore.workflow.activities.dll" id="a7ad3a0e-aaaa-445d-4c0b-429d9d294847">
      <Execution id="daa48e6e-10c8-417f-8949-009e6ec1247f" />
      <TestMethod codeBase="F:\ETWork\bin\Tests\UnitTests.iCore.Workflow.Activities.dll" adapterTypeName="Microsoft.VisualStudio.TestTools.TestTypes.Unit.UnitTestAdapter" className="UnitTests.iCore.Workflow.Activities.CreateAndSendMsmqMessageActivityTests" name="Invoke_NormalExecution_ExpectedDataArgumentUsed" />
    </UnitTest>
    <UnitTest name="Invoke_NormalExecution_ExpectedTimeToBeReceivedArgumentUsed" storage="f:\etwork\bin\tests\unittests.icore.workflow.activities.dll" id="5069de0f-4f1b-e87d-6947-4655c33378a9">
      <Execution id="b071c2ff-a703-4f38-b68b-e81eb29038c1" />
      <TestMethod codeBase="F:\ETWork\bin\Tests\UnitTests.iCore.Workflow.Activities.dll" adapterTypeName="Microsoft.VisualStudio.TestTools.TestTypes.Unit.UnitTestAdapter" className="UnitTests.iCore.Workflow.Activities.CreateAndSendMsmqMessageActivityTests" name="Invoke_NormalExecution_ExpectedTimeToBeReceivedArgumentUsed" />
    </UnitTest>
    <UnitTest name="Invoke_NormalExecution_ExpectedTimeToReachQueueArgumentUsed" storage="f:\etwork\bin\tests\unittests.icore.workflow.activities.dll" id="02ed5a78-99ca-eea7-b43c-01156462503d">
      <Execution id="bece0545-d8c5-4a47-ab6f-b0686f934c71" />
      <TestMethod codeBase="F:\ETWork\bin\Tests\UnitTests.iCore.Workflow.Activities.dll" adapterTypeName="Microsoft.VisualStudio.TestTools.TestTypes.Unit.UnitTestAdapter" className="UnitTests.iCore.Workflow.Activities.CreateAndSendMsmqMessageActivityTests" name="Invoke_NormalExecution_ExpectedTimeToReachQueueArgumentUsed" />
    </UnitTest>
    <UnitTest name="Invoke_NormalExecution_ExpectedAppSpecificArgumentUsed" storage="f:\etwork\bin\tests\unittests.icore.workflow.activities.dll" id="12723c50-90e7-4e00-65f1-372a3853cdf7">
      <Execution id="3c07e2e9-7d04-475d-b74b-6a41a267933a" />
      <TestMethod codeBase="F:\ETWork\bin\Tests\UnitTests.iCore.Workflow.Activities.dll" adapterTypeName="Microsoft.VisualStudio.TestTools.TestTypes.Unit.UnitTestAdapter" className="UnitTests.iCore.Workflow.Activities.CreateAndSendMsmqMessageActivityTests" name="Invoke_NormalExecution_ExpectedAppSpecificArgumentUsed" />
    </UnitTest>
    <UnitTest name="Invoke_NormalExecution_ExpectedLabelArgumentUsed" storage="f:\etwork\bin\tests\unittests.icore.workflow.activities.dll" id="c1c075ec-308d-d880-f5a0-fd0dba02eeea">
      <Execution id="a58b3afb-972a-45ab-87dc-04ce2176a933" />
      <TestMethod codeBase="F:\ETWork\bin\Tests\UnitTests.iCore.Workflow.Activities.dll" adapterTypeName="Microsoft.VisualStudio.TestTools.TestTypes.Unit.UnitTestAdapter" className="UnitTests.iCore.Workflow.Activities.CreateAndSendMsmqMessageActivityTests" name="Invoke_NormalExecution_ExpectedLabelArgumentUsed" />
    </UnitTest>
    <UnitTest name="Invoke_NormalExecution_ExpectedRecoverableArgumentUsed" storage="f:\etwork\bin\tests\unittests.icore.workflow.activities.dll" id="4b6a102e-0d13-904e-ed61-fb2e7ede6bd7">
      <Execution id="3ab46c97-9c00-4038-a01d-df90673258f2" />
      <TestMethod codeBase="F:\ETWork\bin\Tests\UnitTests.iCore.Workflow.Activities.dll" adapterTypeName="Microsoft.VisualStudio.TestTools.TestTypes.Unit.UnitTestAdapter" className="UnitTests.iCore.Workflow.Activities.CreateAndSendMsmqMessageActivityTests" name="Invoke_NormalExecution_ExpectedRecoverableArgumentUsed" />
    </UnitTest>
    <UnitTest name="Invoke_NormalExecution_ExpectedPriorityArgumentUsed" storage="f:\etwork\bin\tests\unittests.icore.workflow.activities.dll" id="7b1b24b5-a9f7-b2f7-2c12-3b58a4a5438c">
      <Execution id="7e7ac327-01cf-45d4-8eb8-f443ba9daa5e" />
      <TestMethod codeBase="F:\ETWork\bin\Tests\UnitTests.iCore.Workflow.Activities.dll" adapterTypeName="Microsoft.VisualStudio.TestTools.TestTypes.Unit.UnitTestAdapter" className="UnitTests.iCore.Workflow.Activities.CreateAndSendMsmqMessageActivityTests" name="Invoke_NormalExecution_ExpectedPriorityArgumentUsed" />
    </UnitTest>
    <UnitTest name="Invoke_NormalExecution_ExpectedResponseQueueArgumentUsed" storage="f:\etwork\bin\tests\unittests.icore.workflow.activities.dll" id="deaeeb7d-2092-8c55-4edc-b671b27e07b9">
      <Execution id="37fb2769-f497-4377-aa2a-5e46819263dd" />
      <TestMethod codeBase="F:\ETWork\bin\Tests\UnitTests.iCore.Workflow.Activities.dll" adapterTypeName="Microsoft.VisualStudio.TestTools.TestTypes.Unit.UnitTestAdapter" className="UnitTests.iCore.Workflow.Activities.CreateAndSendMsmqMessageActivityTests" name="Invoke_NormalExecution_ExpectedResponseQueueArgumentUsed" />
    </UnitTest>
    <UnitTest name="Invoke_NormalExecution_ExpectedCorrelationIdArgumentUsed" storage="f:\etwork\bin\tests\unittests.icore.workflow.activities.dll" id="63b433ae-df81-96c3-f65e-c0855f087039">
      <Execution id="dd41ce00-ed3e-438b-b9ed-1ad56c69fa37" />
      <TestMethod codeBase="F:\ETWork\bin\Tests\UnitTests.iCore.Workflow.Activities.dll" adapterTypeName="Microsoft.VisualStudio.TestTools.TestTypes.Unit.UnitTestAdapter" className="UnitTests.iCore.Workflow.Activities.CreateAndSendMsmqMessageActivityTests" name="Invoke_NormalExecution_ExpectedCorrelationIdArgumentUsed" />
    </UnitTest>
    <UnitTest name="Invoke_NormalExecution_ExpectedQueueNameArgumentUsed" storage="f:\etwork\bin\tests\unittests.icore.workflow.activities.dll" id="2614f8f4-0d69-051c-9c93-3770f7dcf65c">
      <Execution id="b33f0118-16d1-47ee-8de3-860bb5902ec1" />
      <TestMethod codeBase="F:\ETWork\bin\Tests\UnitTests.iCore.Workflow.Activities.dll" adapterTypeName="Microsoft.VisualStudio.TestTools.TestTypes.Unit.UnitTestAdapter" className="UnitTests.iCore.Workflow.Activities.CreateAndSendMsmqMessageActivityTests" name="Invoke_NormalExecution_ExpectedQueueNameArgumentUsed" />
    </UnitTest>
    <UnitTest name="Invoke_NormalExecution_ExpectedTransactionTypeArgumentUsed" storage="f:\etwork\bin\tests\unittests.icore.workflow.activities.dll" id="addef208-10f9-5392-f412-72545109c498">
      <Execution id="cd387962-6162-444d-b080-5be59a809333" />
      <TestMethod codeBase="F:\ETWork\bin\Tests\UnitTests.iCore.Workflow.Activities.dll" adapterTypeName="Microsoft.VisualStudio.TestTools.TestTypes.Unit.UnitTestAdapter" className="UnitTests.iCore.Workflow.Activities.CreateAndSendMsmqMessageActivityTests" name="Invoke_NormalExecution_ExpectedTransactionTypeArgumentUsed" />
    </UnitTest>
    <UnitTest name="Invoke_ExamineActivityOrder_CreateMsmqMessageIsBeforeSendMsmqMessage" storage="f:\etwork\bin\tests\unittests.icore.workflow.activities.dll" id="084c72e5-171f-fc42-c188-9251fe6094f0">
      <Execution id="f31f45f7-827e-47f4-9ce6-761c00469bac" />
      <TestMethod codeBase="F:\ETWork\bin\Tests\UnitTests.iCore.Workflow.Activities.dll" adapterTypeName="Microsoft.VisualStudio.TestTools.TestTypes.Unit.UnitTestAdapter" className="UnitTests.iCore.Workflow.Activities.CreateAndSendMsmqMessageActivityTests" name="Invoke_ExamineActivityOrder_CreateMsmqMessageIsBeforeSendMsmqMessage" />
    </UnitTest>
    <UnitTest name="Invoke_CreateMsmqMessageActivityFails_ThrowsArgumentException" storage="f:\etwork\bin\tests\unittests.icore.workflow.activities.dll" id="0b5ed3ec-9c9e-b82d-8498-1fce9775308f">
      <Execution id="7857b12e-9864-4486-b5e5-29b2b1c69cd5" />
      <TestMethod codeBase="F:\ETWork\bin\Tests\UnitTests.iCore.Workflow.Activities.dll" adapterTypeName="Microsoft.VisualStudio.TestTools.TestTypes.Unit.UnitTestAdapter" className="UnitTests.iCore.Workflow.Activities.CreateAndSendMsmqMessageActivityTests" name="Invoke_CreateMsmqMessageActivityFails_ThrowsArgumentException" />
    </UnitTest>
    <UnitTest name="Invoke_SendMsmqMessageActivityFails_ThrowsException" storage="f:\etwork\bin\tests\unittests.icore.workflow.activities.dll" id="1e0d6ab5-64bc-998d-dbd8-75f671b87a48">
      <Execution id="6436b843-c9c8-4594-9e34-246d40fd17be" />
      <TestMethod codeBase="F:\ETWork\bin\Tests\UnitTests.iCore.Workflow.Activities.dll" adapterTypeName="Microsoft.VisualStudio.TestTools.TestTypes.Unit.UnitTestAdapter" className="UnitTests.iCore.Workflow.Activities.CreateAndSendMsmqMessageActivityTests" name="Invoke_SendMsmqMessageActivityFails_ThrowsException" />
    </UnitTest>
    <UnitTest name="Allocate_InspectDefaultValues_AppSpecificIsZero" storage="f:\etwork\bin\tests\unittests.icore.workflow.activities.dll" id="afa08d04-f41f-038b-35cf-20207adf6888">
      <Execution id="9c4cda8f-b543-4357-b562-12eef257d23c" />
      <TestMethod codeBase="F:\ETWork\bin\Tests\UnitTests.iCore.Workflow.Activities.dll" adapterTypeName="Microsoft.VisualStudio.TestTools.TestTypes.Unit.UnitTestAdapter" className="UnitTests.iCore.Workflow.Activities.CreateAndSendMsmqMessageActivityTests" name="Allocate_InspectDefaultValues_AppSpecificIsZero" />
    </UnitTest>
    <UnitTest name="Allocate_InspectDefaultValues_TransactionTypeIsAutomatic" storage="f:\etwork\bin\tests\unittests.icore.workflow.activities.dll" id="c0c6d272-4b77-39a2-74a5-8b50feeb0100">
      <Execution id="70bc1805-7250-4e7e-be55-d401847185f1" />
      <TestMethod codeBase="F:\ETWork\bin\Tests\UnitTests.iCore.Workflow.Activities.dll" adapterTypeName="Microsoft.VisualStudio.TestTools.TestTypes.Unit.UnitTestAdapter" className="UnitTests.iCore.Workflow.Activities.CreateAndSendMsmqMessageActivityTests" name="Allocate_InspectDefaultValues_TransactionTypeIsAutomatic" />
    </UnitTest>
    <UnitTest name="Allocate_InspectDefaultValues_MessagePriorityIsNormal" storage="f:\etwork\bin\tests\unittests.icore.workflow.activities.dll" id="f8b4a79c-ef4a-b499-bf04-deed5e087372">
      <Execution id="0568b26c-73ab-4943-8928-64780bf1558d" />
      <TestMethod codeBase="F:\ETWork\bin\Tests\UnitTests.iCore.Workflow.Activities.dll" adapterTypeName="Microsoft.VisualStudio.TestTools.TestTypes.Unit.UnitTestAdapter" className="UnitTests.iCore.Workflow.Activities.CreateAndSendMsmqMessageActivityTests" name="Allocate_InspectDefaultValues_MessagePriorityIsNormal" />
    </UnitTest>
    <UnitTest name="Allocate_InspectDefaultValues_RecoverableIsFalse" storage="f:\etwork\bin\tests\unittests.icore.workflow.activities.dll" id="d757edf8-a4b8-80f2-0527-569046fbff42">
      <Execution id="922d7f37-6f4b-4392-9d12-82c3e598b963" />
      <TestMethod codeBase="F:\ETWork\bin\Tests\UnitTests.iCore.Workflow.Activities.dll" adapterTypeName="Microsoft.VisualStudio.TestTools.TestTypes.Unit.UnitTestAdapter" className="UnitTests.iCore.Workflow.Activities.CreateAndSendMsmqMessageActivityTests" name="Allocate_InspectDefaultValues_RecoverableIsFalse" />
    </UnitTest>
    <UnitTest name="Allocate_InspectDefaultValues_TimeToBeReceivedIsNegative" storage="f:\etwork\bin\tests\unittests.icore.workflow.activities.dll" id="99e54d33-4a40-ba15-5188-c7cc10e6293b">
      <Execution id="45930249-f4b3-4c6d-9460-0a6448fd6572" />
      <TestMethod codeBase="F:\ETWork\bin\Tests\UnitTests.iCore.Workflow.Activities.dll" adapterTypeName="Microsoft.VisualStudio.TestTools.TestTypes.Unit.UnitTestAdapter" className="UnitTests.iCore.Workflow.Activities.CreateAndSendMsmqMessageActivityTests" name="Allocate_InspectDefaultValues_TimeToBeReceivedIsNegative" />
    </UnitTest>
    <UnitTest name="Allocate_InspectDefaultValues_TimeToReachQueueIsNegative" storage="f:\etwork\bin\tests\unittests.icore.workflow.activities.dll" id="ef7cc453-999d-033b-e33f-c8db4dfbea8c">
      <Execution id="297ff8b2-1762-43d5-984c-2136b9cf850a" />
      <TestMethod codeBase="F:\ETWork\bin\Tests\UnitTests.iCore.Workflow.Activities.dll" adapterTypeName="Microsoft.VisualStudio.TestTools.TestTypes.Unit.UnitTestAdapter" className="UnitTests.iCore.Workflow.Activities.CreateAndSendMsmqMessageActivityTests" name="Allocate_InspectDefaultValues_TimeToReachQueueIsNegative" />
    </UnitTest>
    <UnitTest name="Invoke_OmitInArgumentQueueName_ThrowsArgumentException" storage="f:\etwork\bin\tests\unittests.icore.workflow.activities.dll" id="4bf892ed-55ff-bfb2-30a4-38da7ebe9ccb">
      <Execution id="69498779-6420-4546-87c1-613782703b3b" />
      <TestMethod codeBase="F:\ETWork\bin\Tests\UnitTests.iCore.Workflow.Activities.dll" adapterTypeName="Microsoft.VisualStudio.TestTools.TestTypes.Unit.UnitTestAdapter" className="UnitTests.iCore.Workflow.Activities.CreateAndSendMsmqMessageActivityTests" name="Invoke_OmitInArgumentQueueName_ThrowsArgumentException" />
    </UnitTest>
    <UnitTest name="Invoke_ActivityIsCancelled_ActivityCancels" storage="f:\etwork\bin\tests\unittests.icore.workflow.activities.dll" id="28647eae-996c-9db4-f72c-38895a23c00d">
      <Execution id="feb9a503-9134-4d51-9f58-b130de9c12b6" />
      <TestMethod codeBase="F:\ETWork\bin\Tests\UnitTests.iCore.Workflow.Activities.dll" adapterTypeName="Microsoft.VisualStudio.TestTools.TestTypes.Unit.UnitTestAdapter" className="UnitTests.iCore.Workflow.Activities.CreateAndSendMsmqMessageActivityTests" name="Invoke_ActivityIsCancelled_ActivityCancels" />
    </UnitTest>
    <UnitTest name="Invoke_QueueNameNotSpecified_ThrowsArgumentException" storage="f:\etwork\bin\tests\unittests.icore.workflow.activities.dll" id="c5edca31-eb94-9e95-0f34-62295ab09157">
      <Execution id="d2745aa3-9072-4d1d-9702-054c47b0fd3a" />
      <TestMethod codeBase="F:\ETWork\bin\Tests\UnitTests.iCore.Workflow.Activities.dll" adapterTypeName="Microsoft.VisualStudio.TestTools.TestTypes.Unit.UnitTestAdapter" className="UnitTests.iCore.Workflow.Activities.CreateMsmqListenerConfigurationActivityTests" name="Invoke_QueueNameNotSpecified_ThrowsArgumentException" />
    </UnitTest>
    <UnitTest name="Invoke_ReadModeNotSpecified_ThrowsArgumentException" storage="f:\etwork\bin\tests\unittests.icore.workflow.activities.dll" id="700ba829-37de-2953-2132-d00788663c1f">
      <Execution id="d41a6099-4070-418b-987d-8731f7378ebb" />
      <TestMethod codeBase="F:\ETWork\bin\Tests\UnitTests.iCore.Workflow.Activities.dll" adapterTypeName="Microsoft.VisualStudio.TestTools.TestTypes.Unit.UnitTestAdapter" className="UnitTests.iCore.Workflow.Activities.CreateMsmqListenerConfigurationActivityTests" name="Invoke_ReadModeNotSpecified_ThrowsArgumentException" />
    </UnitTest>
    <UnitTest name="Invoke_ExclusiveReadAccessNotSpecified_ThrowsArgumentException" storage="f:\etwork\bin\tests\unittests.icore.workflow.activities.dll" id="2e3b53d7-156d-20bc-a001-6d9959b9b33e">
      <Execution id="9e16514d-cee0-4918-ab18-45cc8ff93197" />
      <TestMethod codeBase="F:\ETWork\bin\Tests\UnitTests.iCore.Workflow.Activities.dll" adapterTypeName="Microsoft.VisualStudio.TestTools.TestTypes.Unit.UnitTestAdapter" className="UnitTests.iCore.Workflow.Activities.CreateMsmqListenerConfigurationActivityTests" name="Invoke_ExclusiveReadAccessNotSpecified_ThrowsArgumentException" />
    </UnitTest>
    <UnitTest name="Invoke_QueueNameIsNull_ThrowsArgumentException" storage="f:\etwork\bin\tests\unittests.icore.workflow.activities.dll" id="90eead86-0e73-6fd0-f06f-c2b13c5ad438">
      <Execution id="39759fc6-d84c-494b-adf2-4db75529c2bf" />
      <TestMethod codeBase="F:\ETWork\bin\Tests\UnitTests.iCore.Workflow.Activities.dll" adapterTypeName="Microsoft.VisualStudio.TestTools.TestTypes.Unit.UnitTestAdapter" className="UnitTests.iCore.Workflow.Activities.CreateMsmqListenerConfigurationActivityTests" name="Invoke_QueueNameIsNull_ThrowsArgumentException" />
    </UnitTest>
    <UnitTest name="Invoke_ValidInputArguments_Succeeds" storage="f:\etwork\bin\tests\unittests.icore.workflow.activities.dll" id="45a9f9d9-f5e3-651e-cca8-8968f4f4328b">
      <Execution id="9e535ef7-e8a7-455b-83f5-79d8a321785d" />
      <TestMethod codeBase="F:\ETWork\bin\Tests\UnitTests.iCore.Workflow.Activities.dll" adapterTypeName="Microsoft.VisualStudio.TestTools.TestTypes.Unit.UnitTestAdapter" className="UnitTests.iCore.Workflow.Activities.CreateMsmqListenerConfigurationActivityTests" name="Invoke_ValidInputArguments_Succeeds" />
    </UnitTest>
    <UnitTest name="Invoke_AllInputArguments_Succeeds" storage="f:\etwork\bin\tests\unittests.icore.workflow.activities.dll" id="33e8ca68-73a4-d45c-089c-d049d86037fd">
      <Execution id="d38dcdfc-d99c-4975-be33-ce6b8796014e" />
      <TestMethod codeBase="F:\ETWork\bin\Tests\UnitTests.iCore.Workflow.Activities.dll" adapterTypeName="Microsoft.VisualStudio.TestTools.TestTypes.Unit.UnitTestAdapter" className="UnitTests.iCore.Workflow.Activities.CreateMsmqListenerConfigurationActivityTests" name="Invoke_AllInputArguments_Succeeds" />
    </UnitTest>
    <UnitTest name="Invoke_InvalidCorrelationId_ThrowsArgumentException" storage="f:\etwork\bin\tests\unittests.icore.workflow.activities.dll" id="b91b762a-c4ea-67d6-889f-2292b8d91d7c">
      <Execution id="2d942f97-eb70-4ac3-89ef-f0a83d65c3b3" />
      <TestMethod codeBase="F:\ETWork\bin\Tests\UnitTests.iCore.Workflow.Activities.dll" adapterTypeName="Microsoft.VisualStudio.TestTools.TestTypes.Unit.UnitTestAdapter" className="UnitTests.iCore.Workflow.Activities.CreateMsmqMessageActivityTests" name="Invoke_InvalidCorrelationId_ThrowsArgumentException" />
    </UnitTest>
    <UnitTest name="Invoke_BothBodyAndBodyStreamProvider_ThrowsArgumentException" storage="f:\etwork\bin\tests\unittests.icore.workflow.activities.dll" id="d3dcdee5-67f3-e471-1e9a-6b5d69648acd">
      <Execution id="09b5f4af-fad3-4db6-b8a1-1b51b466ae94" />
      <TestMethod codeBase="F:\ETWork\bin\Tests\UnitTests.iCore.Workflow.Activities.dll" adapterTypeName="Microsoft.VisualStudio.TestTools.TestTypes.Unit.UnitTestAdapter" className="UnitTests.iCore.Workflow.Activities.CreateMsmqMessageActivityTests" name="Invoke_BothBodyAndBodyStreamProvider_ThrowsArgumentException" />
    </UnitTest>
    <UnitTest name="Invoke_ValidArgumentsWithBody_ProducesCorrectResult" storage="f:\etwork\bin\tests\unittests.icore.workflow.activities.dll" id="fa0b5eaf-883a-6047-2c31-d0e5255a86f9">
      <Execution id="594e97bd-9787-4191-95a5-ec40f81376c8" />
      <TestMethod codeBase="F:\ETWork\bin\Tests\UnitTests.iCore.Workflow.Activities.dll" adapterTypeName="Microsoft.VisualStudio.TestTools.TestTypes.Unit.UnitTestAdapter" className="UnitTests.iCore.Workflow.Activities.CreateMsmqMessageActivityTests" name="Invoke_ValidArgumentsWithBody_ProducesCorrectResult" />
    </UnitTest>
    <UnitTest name="Invoke_ValidArgumentsWithBodyStream_ProducesCorrectResult" storage="f:\etwork\bin\tests\unittests.icore.workflow.activities.dll" id="5af10ea7-f1d6-e68e-8785-f52a450e2158">
      <Execution id="300f0fea-31e8-40e2-bc2e-5e173c324f74" />
      <TestMethod codeBase="F:\ETWork\bin\Tests\UnitTests.iCore.Workflow.Activities.dll" adapterTypeName="Microsoft.VisualStudio.TestTools.TestTypes.Unit.UnitTestAdapter" className="UnitTests.iCore.Workflow.Activities.CreateMsmqMessageActivityTests" name="Invoke_ValidArgumentsWithBodyStream_ProducesCorrectResult" />
    </UnitTest>
    <UnitTest name="Invoke_InfiniteTimeouts_ProducesCorrectResult" storage="f:\etwork\bin\tests\unittests.icore.workflow.activities.dll" id="be15631c-4d60-c024-df8d-476bf4b8b5ab">
      <Execution id="5bd130df-c977-490a-9b69-b7970d647c74" />
      <TestMethod codeBase="F:\ETWork\bin\Tests\UnitTests.iCore.Workflow.Activities.dll" adapterTypeName="Microsoft.VisualStudio.TestTools.TestTypes.Unit.UnitTestAdapter" className="UnitTests.iCore.Workflow.Activities.CreateMsmqMessageActivityTests" name="Invoke_InfiniteTimeouts_ProducesCorrectResult" />
    </UnitTest>
    <UnitTest name="Invoke_ValidArgumentsAndNullResponseQueue_ResponseQueueIsNull" storage="f:\etwork\bin\tests\unittests.icore.workflow.activities.dll" id="d7b1bc78-681c-1e09-6186-f4e5c9bb34cc">
      <Execution id="6f867a1c-bd2a-4c58-959b-7e127a80b9ce" />
      <TestMethod codeBase="F:\ETWork\bin\Tests\UnitTests.iCore.Workflow.Activities.dll" adapterTypeName="Microsoft.VisualStudio.TestTools.TestTypes.Unit.UnitTestAdapter" className="UnitTests.iCore.Workflow.Activities.CreateMsmqMessageActivityTests" name="Invoke_ValidArgumentsAndNullResponseQueue_ResponseQueueIsNull" />
    </UnitTest>
    <UnitTest name="Invoke_ValidArgumentsAndEmptyResponseQueue_ResponseQueueIsNull" storage="f:\etwork\bin\tests\unittests.icore.workflow.activities.dll" id="d26aca94-1370-fd03-c3db-9864b9d81383">
      <Execution id="c7354e0e-107e-4c46-976b-1a0fb3388c7e" />
      <TestMethod codeBase="F:\ETWork\bin\Tests\UnitTests.iCore.Workflow.Activities.dll" adapterTypeName="Microsoft.VisualStudio.TestTools.TestTypes.Unit.UnitTestAdapter" className="UnitTests.iCore.Workflow.Activities.CreateMsmqMessageActivityTests" name="Invoke_ValidArgumentsAndEmptyResponseQueue_ResponseQueueIsNull" />
    </UnitTest>
    <UnitTest name="Invoke_ListenerIdNotSpecified_ThrowsArgumentException" storage="f:\etwork\bin\tests\unittests.icore.workflow.activities.dll" id="cfe3f517-13fb-b20b-4de1-85b6fafa2873">
      <TestCategory>
        <TestCategoryItem TestCategory="MSMQ" />
      </TestCategory>
      <Execution id="c64306de-e693-485a-8311-320b54da5e98" />
      <TestMethod codeBase="F:\ETWork\bin\Tests\UnitTests.iCore.Workflow.Activities.dll" adapterTypeName="Microsoft.VisualStudio.TestTools.TestTypes.Unit.UnitTestAdapter" className="UnitTests.iCore.Workflow.Activities.GetNextMsmqMessageActivityTests" name="Invoke_ListenerIdNotSpecified_ThrowsArgumentException" />
    </UnitTest>
    <UnitTest name="Invoke_ErrorOnTimeoutNotSpecified_ThrowsArgumentException" storage="f:\etwork\bin\tests\unittests.icore.workflow.activities.dll" id="b31d4a7d-6e3e-204f-09ca-813789348f34">
      <TestCategory>
        <TestCategoryItem TestCategory="MSMQ" />
      </TestCategory>
      <Execution id="9f4f0709-e461-41ee-b8c6-03f8b7a88b43" />
      <TestMethod codeBase="F:\ETWork\bin\Tests\UnitTests.iCore.Workflow.Activities.dll" adapterTypeName="Microsoft.VisualStudio.TestTools.TestTypes.Unit.UnitTestAdapter" className="UnitTests.iCore.Workflow.Activities.GetNextMsmqMessageActivityTests" name="Invoke_ErrorOnTimeoutNotSpecified_ThrowsArgumentException" />
    </UnitTest>
    <UnitTest name="Invoke_ValidArgumentsAndMessageArrives_CallsAddSubscriptionAndReturnsExpectedResult" storage="f:\etwork\bin\tests\unittests.icore.workflow.activities.dll" id="6a7bd16d-c097-689c-529c-3b304a8b234b">
      <TestCategory>
        <TestCategoryItem TestCategory="MSMQ" />
      </TestCategory>
      <Execution id="6ec57162-29ed-4e26-acd1-c844bbec5bfb" />
      <TestMethod codeBase="F:\ETWork\bin\Tests\UnitTests.iCore.Workflow.Activities.dll" adapterTypeName="Microsoft.VisualStudio.TestTools.TestTypes.Unit.UnitTestAdapter" className="UnitTests.iCore.Workflow.Activities.GetNextMsmqMessageActivityTests" name="Invoke_ValidArgumentsAndMessageArrives_CallsAddSubscriptionAndReturnsExpectedResult" />
    </UnitTest>
    <UnitTest name="Invoke_ValidArgumentsWithoutTimeoutSpecifiedAndMessageArrives_CallsAddSubscriptionAndReturnsExpectedResult" storage="f:\etwork\bin\tests\unittests.icore.workflow.activities.dll" id="01eeb2ee-8cb5-4559-33ee-4b4e1a315c50">
      <TestCategory>
        <TestCategoryItem TestCategory="MSMQ" />
      </TestCategory>
      <Execution id="26c02312-4be5-4721-b728-46c75e175e8a" />
      <TestMethod codeBase="F:\ETWork\bin\Tests\UnitTests.iCore.Workflow.Activities.dll" adapterTypeName="Microsoft.VisualStudio.TestTools.TestTypes.Unit.UnitTestAdapter" className="UnitTests.iCore.Workflow.Activities.GetNextMsmqMessageActivityTests" name="Invoke_ValidArgumentsWithoutTimeoutSpecifiedAndMessageArrives_CallsAddSubscriptionAndReturnsExpectedResult" />
    </UnitTest>
    <UnitTest name="Invoke_TimeoutOccurrsWithErrorOnTimeoutSetToTrue_ThrowsTimeoutException" storage="f:\etwork\bin\tests\unittests.icore.workflow.activities.dll" id="da18e6f6-9125-b235-08f5-f98e3a349ef3">
      <TestCategory>
        <TestCategoryItem TestCategory="MSMQ" />
      </TestCategory>
      <Execution id="fdef5871-bcba-4864-b3af-6d541d251564" />
      <TestMethod codeBase="F:\ETWork\bin\Tests\UnitTests.iCore.Workflow.Activities.dll" adapterTypeName="Microsoft.VisualStudio.TestTools.TestTypes.Unit.UnitTestAdapter" className="UnitTests.iCore.Workflow.Activities.GetNextMsmqMessageActivityTests" name="Invoke_TimeoutOccurrsWithErrorOnTimeoutSetToTrue_ThrowsTimeoutException" />
    </UnitTest>
    <UnitTest name="Invoke_ErrorOccurrsWithErrorOnTimeoutSetToTrue_ThrowsTimeoutException" storage="f:\etwork\bin\tests\unittests.icore.workflow.activities.dll" id="ecfc1719-7276-0755-9f5f-43bd208b35f9">
      <TestCategory>
        <TestCategoryItem TestCategory="MSMQ" />
      </TestCategory>
      <Execution id="8a152a46-5ce8-4e8f-9f4c-14699d384b9f" />
      <TestMethod codeBase="F:\ETWork\bin\Tests\UnitTests.iCore.Workflow.Activities.dll" adapterTypeName="Microsoft.VisualStudio.TestTools.TestTypes.Unit.UnitTestAdapter" className="UnitTests.iCore.Workflow.Activities.GetNextMsmqMessageActivityTests" name="Invoke_ErrorOccurrsWithErrorOnTimeoutSetToTrue_ThrowsTimeoutException" />
    </UnitTest>
    <UnitTest name="Invoke_TimeoutOccurrsWithErrorOnTimeoutSetToFalse_ReturnsNull" storage="f:\etwork\bin\tests\unittests.icore.workflow.activities.dll" id="3d59df25-b6bb-e5e2-02a8-692436cf72f4">
      <TestCategory>
        <TestCategoryItem TestCategory="MSMQ" />
      </TestCategory>
      <Execution id="a7d76b21-bc55-4ce5-b570-3c9689662f74" />
      <TestMethod codeBase="F:\ETWork\bin\Tests\UnitTests.iCore.Workflow.Activities.dll" adapterTypeName="Microsoft.VisualStudio.TestTools.TestTypes.Unit.UnitTestAdapter" className="UnitTests.iCore.Workflow.Activities.GetNextMsmqMessageActivityTests" name="Invoke_TimeoutOccurrsWithErrorOnTimeoutSetToFalse_ReturnsNull" />
    </UnitTest>
    <UnitTest name="Invoke_ErrorOccurrsWithErrorOnTimeoutSetToFalse_ThrowsException" storage="f:\etwork\bin\tests\unittests.icore.workflow.activities.dll" id="f81dbebf-164f-defa-51f8-879ab4c76cfe">
      <TestCategory>
        <TestCategoryItem TestCategory="MSMQ" />
      </TestCategory>
      <Execution id="287915b1-f1da-4fb0-9e45-37f67e82a59c" />
      <TestMethod codeBase="F:\ETWork\bin\Tests\UnitTests.iCore.Workflow.Activities.dll" adapterTypeName="Microsoft.VisualStudio.TestTools.TestTypes.Unit.UnitTestAdapter" className="UnitTests.iCore.Workflow.Activities.GetNextMsmqMessageActivityTests" name="Invoke_ErrorOccurrsWithErrorOnTimeoutSetToFalse_ThrowsException" />
    </UnitTest>
    <UnitTest name="Invoke_WorkflowIsCancelled_SubscriptionIsRemovedAndActivityIsCanceled" storage="f:\etwork\bin\tests\unittests.icore.workflow.activities.dll" id="c547623b-806a-9548-7cbb-0869993d3d03">
      <TestCategory>
        <TestCategoryItem TestCategory="MSMQ" />
      </TestCategory>
      <Execution id="e8021f1b-eca9-469e-8190-0bddb3cdd19c" />
      <TestMethod codeBase="F:\ETWork\bin\Tests\UnitTests.iCore.Workflow.Activities.dll" adapterTypeName="Microsoft.VisualStudio.TestTools.TestTypes.Unit.UnitTestAdapter" className="UnitTests.iCore.Workflow.Activities.GetNextMsmqMessageActivityTests" name="Invoke_WorkflowIsCancelled_SubscriptionIsRemovedAndActivityIsCanceled" />
    </UnitTest>
    <UnitTest name="Invoke_AddSubscriptionThrows_ErrorIsPropagated" storage="f:\etwork\bin\tests\unittests.icore.workflow.activities.dll" id="fba5a83d-9c1b-e554-aa01-cb9d9c1048dc">
      <TestCategory>
        <TestCategoryItem TestCategory="MSMQ" />
      </TestCategory>
      <Execution id="bc086ff0-406b-4cc0-8918-dad748f4c0fb" />
      <TestMethod codeBase="F:\ETWork\bin\Tests\UnitTests.iCore.Workflow.Activities.dll" adapterTypeName="Microsoft.VisualStudio.TestTools.TestTypes.Unit.UnitTestAdapter" className="UnitTests.iCore.Workflow.Activities.GetNextMsmqMessageActivityTests" name="Invoke_AddSubscriptionThrows_ErrorIsPropagated" />
    </UnitTest>
    <UnitTest name="Invoke_MessageIdNotSpecifiedWithMessageTypeSetToMessageId_ThrowsArgumentException" storage="f:\etwork\bin\tests\unittests.icore.workflow.activities.dll" id="5aa87a31-0c63-4a54-0dda-f31e524bdf9c">
      <Execution id="7bfce234-af89-4f6a-82b7-6bf6507ce2ed" />
      <TestMethod codeBase="F:\ETWork\bin\Tests\UnitTests.iCore.Workflow.Activities.dll" adapterTypeName="Microsoft.VisualStudio.TestTools.TestTypes.Unit.UnitTestAdapter" className="UnitTests.iCore.Workflow.Activities.GetMsmqMessageActivityTests" name="Invoke_MessageIdNotSpecifiedWithMessageTypeSetToMessageId_ThrowsArgumentException" />
    </UnitTest>
    <UnitTest name="Invoke_MessageIdTypeNotSpecified_ThrowsArgumentException" storage="f:\etwork\bin\tests\unittests.icore.workflow.activities.dll" id="9e89013f-7a94-19ae-e75e-3146737b5f64">
      <Execution id="7fa46458-4a44-41ce-863f-5ca2a838db7d" />
      <TestMethod codeBase="F:\ETWork\bin\Tests\UnitTests.iCore.Workflow.Activities.dll" adapterTypeName="Microsoft.VisualStudio.TestTools.TestTypes.Unit.UnitTestAdapter" className="UnitTests.iCore.Workflow.Activities.GetMsmqMessageActivityTests" name="Invoke_MessageIdTypeNotSpecified_ThrowsArgumentException" />
    </UnitTest>
    <UnitTest name="Invoke_QueueNameNotSpecified_ThrowsArgumentException" storage="f:\etwork\bin\tests\unittests.icore.workflow.activities.dll" id="516dc689-2f41-d14b-1da3-144573d5f036">
      <Execution id="3600b564-e72e-4b60-8d62-a9a7cbce4bcd" />
      <TestMethod codeBase="F:\ETWork\bin\Tests\UnitTests.iCore.Workflow.Activities.dll" adapterTypeName="Microsoft.VisualStudio.TestTools.TestTypes.Unit.UnitTestAdapter" className="UnitTests.iCore.Workflow.Activities.GetMsmqMessageActivityTests" name="Invoke_QueueNameNotSpecified_ThrowsArgumentException" />
    </UnitTest>
    <UnitTest name="Invoke_ReadModeNotSpecified_ThrowsArgumentException" storage="f:\etwork\bin\tests\unittests.icore.workflow.activities.dll" id="7ff85347-7a68-6f14-c1f5-7e9012640ac5">
      <Execution id="7af1828a-2378-4039-99d4-72a66a3fa9c6" />
      <TestMethod codeBase="F:\ETWork\bin\Tests\UnitTests.iCore.Workflow.Activities.dll" adapterTypeName="Microsoft.VisualStudio.TestTools.TestTypes.Unit.UnitTestAdapter" className="UnitTests.iCore.Workflow.Activities.GetMsmqMessageActivityTests" name="Invoke_ReadModeNotSpecified_ThrowsArgumentException" />
    </UnitTest>
    <UnitTest name="Invoke_ExclusiveReadAccessNotSpecified_ThrowsArgumentException" storage="f:\etwork\bin\tests\unittests.icore.workflow.activities.dll" id="6c29bfaa-8ed9-53a4-9d4b-f4b57e34c81a">
      <Execution id="992f4899-a34f-4e3f-9a6d-65c674fd77da" />
      <TestMethod codeBase="F:\ETWork\bin\Tests\UnitTests.iCore.Workflow.Activities.dll" adapterTypeName="Microsoft.VisualStudio.TestTools.TestTypes.Unit.UnitTestAdapter" className="UnitTests.iCore.Workflow.Activities.GetMsmqMessageActivityTests" name="Invoke_ExclusiveReadAccessNotSpecified_ThrowsArgumentException" />
    </UnitTest>
    <UnitTest name="Invoke_BothConfigurationAndQueeuNameSpecified_ThrowsArgumentException" storage="f:\etwork\bin\tests\unittests.icore.workflow.activities.dll" id="2f3c07f0-b5a2-7948-a927-c6efda8d56ff">
      <Execution id="3b17500b-683f-417a-9434-7bb95dc03016" />
      <TestMethod codeBase="F:\ETWork\bin\Tests\UnitTests.iCore.Workflow.Activities.dll" adapterTypeName="Microsoft.VisualStudio.TestTools.TestTypes.Unit.UnitTestAdapter" className="UnitTests.iCore.Workflow.Activities.GetMsmqMessageActivityTests" name="Invoke_BothConfigurationAndQueeuNameSpecified_ThrowsArgumentException" />
    </UnitTest>
    <UnitTest name="Invoke_BothConfigurationAndReadModeSpecified_ThrowsArgumentException" storage="f:\etwork\bin\tests\unittests.icore.workflow.activities.dll" id="077ca8cd-ba3f-6952-3997-ebd99d4b3913">
      <Execution id="b4508028-41f0-435f-8c04-25eb87f9efe3" />
      <TestMethod codeBase="F:\ETWork\bin\Tests\UnitTests.iCore.Workflow.Activities.dll" adapterTypeName="Microsoft.VisualStudio.TestTools.TestTypes.Unit.UnitTestAdapter" className="UnitTests.iCore.Workflow.Activities.GetMsmqMessageActivityTests" name="Invoke_BothConfigurationAndReadModeSpecified_ThrowsArgumentException" />
    </UnitTest>
    <UnitTest name="Invoke_BothConfigurationAndExclusiveReadAccessSpecified_ThrowsArgumentException" storage="f:\etwork\bin\tests\unittests.icore.workflow.activities.dll" id="29e41a2d-78d6-aa95-1dd2-130210d07156">
      <Execution id="f930e8f5-3996-445b-b8c0-b69c391a298e" />
      <TestMethod codeBase="F:\ETWork\bin\Tests\UnitTests.iCore.Workflow.Activities.dll" adapterTypeName="Microsoft.VisualStudio.TestTools.TestTypes.Unit.UnitTestAdapter" className="UnitTests.iCore.Workflow.Activities.GetMsmqMessageActivityTests" name="Invoke_BothConfigurationAndExclusiveReadAccessSpecified_ThrowsArgumentException" />
    </UnitTest>
    <UnitTest name="Invoke_ConfigurationAndExclusiveReadAccessSpecified_ThrowsArgumentException" storage="f:\etwork\bin\tests\unittests.icore.workflow.activities.dll" id="bf6b156c-7fda-b383-e492-3b5c80e66a66">
      <Execution id="6f44c932-e425-4bc3-9af4-bb57713f69c3" />
      <TestMethod codeBase="F:\ETWork\bin\Tests\UnitTests.iCore.Workflow.Activities.dll" adapterTypeName="Microsoft.VisualStudio.TestTools.TestTypes.Unit.UnitTestAdapter" className="UnitTests.iCore.Workflow.Activities.GetMsmqMessageActivityTests" name="Invoke_ConfigurationAndExclusiveReadAccessSpecified_ThrowsArgumentException" />
    </UnitTest>
    <UnitTest name="Invoke_ConfigurationCorrect_WithId_AddsSubscriptionToExtension" storage="f:\etwork\bin\tests\unittests.icore.workflow.activities.dll" id="a2b67a76-ec06-c2c8-63a1-5696df741fbe">
      <Execution id="3bb7fda9-681d-4eb2-b929-12e92b8e66ea" />
      <TestMethod codeBase="F:\ETWork\bin\Tests\UnitTests.iCore.Workflow.Activities.dll" adapterTypeName="Microsoft.VisualStudio.TestTools.TestTypes.Unit.UnitTestAdapter" className="UnitTests.iCore.Workflow.Activities.GetMsmqMessageActivityTests" name="Invoke_ConfigurationCorrect_WithId_AddsSubscriptionToExtension" />
    </UnitTest>
    <UnitTest name="Invoke_ByQueueNameCorrect_WithId_AddsSubscriptionToExtension" storage="f:\etwork\bin\tests\unittests.icore.workflow.activities.dll" id="4606858d-5ef7-5cec-8eb0-c7ee6d92d20e">
      <Execution id="705655d7-19f4-4b0b-8baa-f4f4414248f3" />
      <TestMethod codeBase="F:\ETWork\bin\Tests\UnitTests.iCore.Workflow.Activities.dll" adapterTypeName="Microsoft.VisualStudio.TestTools.TestTypes.Unit.UnitTestAdapter" className="UnitTests.iCore.Workflow.Activities.GetMsmqMessageActivityTests" name="Invoke_ByQueueNameCorrect_WithId_AddsSubscriptionToExtension" />
    </UnitTest>
    <UnitTest name="Invoke_ErrorOccurs_WithId_PropagatesErrorCorrectly" storage="f:\etwork\bin\tests\unittests.icore.workflow.activities.dll" id="09b1b398-8523-dc07-7892-7accd15772db">
      <Execution id="faf3278a-006f-4b5d-ac2a-8c71e4f059be" />
      <TestMethod codeBase="F:\ETWork\bin\Tests\UnitTests.iCore.Workflow.Activities.dll" adapterTypeName="Microsoft.VisualStudio.TestTools.TestTypes.Unit.UnitTestAdapter" className="UnitTests.iCore.Workflow.Activities.GetMsmqMessageActivityTests" name="Invoke_ErrorOccurs_WithId_PropagatesErrorCorrectly" />
    </UnitTest>
    <UnitTest name="Invoke_TimeoutOccurs_WithId_PropagatesTimeoutCorrectly" storage="f:\etwork\bin\tests\unittests.icore.workflow.activities.dll" id="db0a8778-49fe-3f19-773c-87cec84da952">
      <Execution id="5238d1d8-d7b6-419d-a0ff-0670f79bfdde" />
      <TestMethod codeBase="F:\ETWork\bin\Tests\UnitTests.iCore.Workflow.Activities.dll" adapterTypeName="Microsoft.VisualStudio.TestTools.TestTypes.Unit.UnitTestAdapter" className="UnitTests.iCore.Workflow.Activities.GetMsmqMessageActivityTests" name="Invoke_TimeoutOccurs_WithId_PropagatesTimeoutCorrectly" />
    </UnitTest>
    <UnitTest name="Invoke_MessageArrives_WithId_ProducesCorrectResult" storage="f:\etwork\bin\tests\unittests.icore.workflow.activities.dll" id="a8e6640a-f3a0-d991-4aee-20dd36bc4a0c">
      <Execution id="886279de-2fc7-4624-8e8a-e53cace462db" />
      <TestMethod codeBase="F:\ETWork\bin\Tests\UnitTests.iCore.Workflow.Activities.dll" adapterTypeName="Microsoft.VisualStudio.TestTools.TestTypes.Unit.UnitTestAdapter" className="UnitTests.iCore.Workflow.Activities.GetMsmqMessageActivityTests" name="Invoke_MessageArrives_WithId_ProducesCorrectResult" />
    </UnitTest>
    <UnitTest name="Invoke_WorkflowCancelled_WithId_RemovesProvider" storage="f:\etwork\bin\tests\unittests.icore.workflow.activities.dll" id="ea9f4b25-e29d-759a-3941-9fd5811071b5">
      <Execution id="51f64b5e-808c-4ff5-ac7f-de3b8e397d53" />
      <TestMethod codeBase="F:\ETWork\bin\Tests\UnitTests.iCore.Workflow.Activities.dll" adapterTypeName="Microsoft.VisualStudio.TestTools.TestTypes.Unit.UnitTestAdapter" className="UnitTests.iCore.Workflow.Activities.GetMsmqMessageActivityTests" name="Invoke_WorkflowCancelled_WithId_RemovesProvider" />
    </UnitTest>
    <UnitTest name="Invoke_ConfigurationCorrect_WithoutId_AddsSubscriptionToExtension" storage="f:\etwork\bin\tests\unittests.icore.workflow.activities.dll" id="b3c3624a-ff0a-9212-7435-e0baae175720">
      <Execution id="717b8f0c-7f15-4b19-b435-5d6c88091bfc" />
      <TestMethod codeBase="F:\ETWork\bin\Tests\UnitTests.iCore.Workflow.Activities.dll" adapterTypeName="Microsoft.VisualStudio.TestTools.TestTypes.Unit.UnitTestAdapter" className="UnitTests.iCore.Workflow.Activities.GetMsmqMessageActivityTests" name="Invoke_ConfigurationCorrect_WithoutId_AddsSubscriptionToExtension" />
    </UnitTest>
    <UnitTest name="Invoke_ByQueueNameCorrect_WithoutId_AddsSubscriptionToExtension" storage="f:\etwork\bin\tests\unittests.icore.workflow.activities.dll" id="5d647d48-fc1b-9d7b-ab50-41532dee2193">
      <Execution id="aad4a2e1-49ad-4a34-a049-8eee284806f3" />
      <TestMethod codeBase="F:\ETWork\bin\Tests\UnitTests.iCore.Workflow.Activities.dll" adapterTypeName="Microsoft.VisualStudio.TestTools.TestTypes.Unit.UnitTestAdapter" className="UnitTests.iCore.Workflow.Activities.GetMsmqMessageActivityTests" name="Invoke_ByQueueNameCorrect_WithoutId_AddsSubscriptionToExtension" />
    </UnitTest>
    <UnitTest name="Invoke_ErrorOccurs_WithoutId_PropagatesErrorCorrectly" storage="f:\etwork\bin\tests\unittests.icore.workflow.activities.dll" id="09b0023a-34e6-990d-c9f4-ffccecd7bf7a">
      <Execution id="6a42117c-28b5-416e-a745-ef787c5452c9" />
      <TestMethod codeBase="F:\ETWork\bin\Tests\UnitTests.iCore.Workflow.Activities.dll" adapterTypeName="Microsoft.VisualStudio.TestTools.TestTypes.Unit.UnitTestAdapter" className="UnitTests.iCore.Workflow.Activities.GetMsmqMessageActivityTests" name="Invoke_ErrorOccurs_WithoutId_PropagatesErrorCorrectly" />
    </UnitTest>
    <UnitTest name="Invoke_TimeoutOccurs_WithoutId_PropagatesTimeoutCorrectly" storage="f:\etwork\bin\tests\unittests.icore.workflow.activities.dll" id="fb4e10d9-e98d-e6aa-6082-97da8c870e71">
      <Execution id="d914e27b-f811-4723-914f-d71b8207d40a" />
      <TestMethod codeBase="F:\ETWork\bin\Tests\UnitTests.iCore.Workflow.Activities.dll" adapterTypeName="Microsoft.VisualStudio.TestTools.TestTypes.Unit.UnitTestAdapter" className="UnitTests.iCore.Workflow.Activities.GetMsmqMessageActivityTests" name="Invoke_TimeoutOccurs_WithoutId_PropagatesTimeoutCorrectly" />
    </UnitTest>
    <UnitTest name="Invoke_MessageArrives_WithoutId_ProducesCorrectResult" storage="f:\etwork\bin\tests\unittests.icore.workflow.activities.dll" id="a9db10be-e017-82fa-fe1c-a1f2a018bd5f">
      <Execution id="c4d6eb26-5e98-4f98-b867-c17520fed97c" />
      <TestMethod codeBase="F:\ETWork\bin\Tests\UnitTests.iCore.Workflow.Activities.dll" adapterTypeName="Microsoft.VisualStudio.TestTools.TestTypes.Unit.UnitTestAdapter" className="UnitTests.iCore.Workflow.Activities.GetMsmqMessageActivityTests" name="Invoke_MessageArrives_WithoutId_ProducesCorrectResult" />
    </UnitTest>
    <UnitTest name="Invoke_WorkflowCancelled_WithoutId_RemovesProvider" storage="f:\etwork\bin\tests\unittests.icore.workflow.activities.dll" id="8bd02fa4-b18a-5c4c-7475-a4555f1d45d7">
      <Execution id="822c8aee-da10-4a27-9fb9-533a57e156a3" />
      <TestMethod codeBase="F:\ETWork\bin\Tests\UnitTests.iCore.Workflow.Activities.dll" adapterTypeName="Microsoft.VisualStudio.TestTools.TestTypes.Unit.UnitTestAdapter" className="UnitTests.iCore.Workflow.Activities.GetMsmqMessageActivityTests" name="Invoke_WorkflowCancelled_WithoutId_RemovesProvider" />
    </UnitTest>
    <UnitTest name="Invoke_ConfigurationNotSpecified_ThrowsArgumentException" storage="f:\etwork\bin\tests\unittests.icore.workflow.activities.dll" id="e67596df-b676-33c2-c5f6-176e5bf5d695">
      <Execution id="180b9379-4450-406d-a335-9c9037839397" />
      <TestMethod codeBase="F:\ETWork\bin\Tests\UnitTests.iCore.Workflow.Activities.dll" adapterTypeName="Microsoft.VisualStudio.TestTools.TestTypes.Unit.UnitTestAdapter" className="UnitTests.iCore.Workflow.Activities.StartMsmqListenerActivityTests" name="Invoke_ConfigurationNotSpecified_ThrowsArgumentException" />
    </UnitTest>
    <UnitTest name="Invoke_ValidInputArguments_Succeeds" storage="f:\etwork\bin\tests\unittests.icore.workflow.activities.dll" id="56dbde79-7ad9-51e5-588c-117858fb120d">
      <Execution id="93b7cefa-1ac4-4d28-ae47-22497ceb728f" />
      <TestMethod codeBase="F:\ETWork\bin\Tests\UnitTests.iCore.Workflow.Activities.dll" adapterTypeName="Microsoft.VisualStudio.TestTools.TestTypes.Unit.UnitTestAdapter" className="UnitTests.iCore.Workflow.Activities.StartMsmqListenerActivityTests" name="Invoke_ValidInputArguments_Succeeds" />
    </UnitTest>
    <UnitTest name="Invoke_Nullconfiguration_ThrowsArgumentNullException" storage="f:\etwork\bin\tests\unittests.icore.workflow.activities.dll" id="9cf285bc-3ade-53e8-d9ef-ec133b5e59fb">
      <Execution id="897f0fae-c005-4ea0-9e86-c3e87d316f0c" />
      <TestMethod codeBase="F:\ETWork\bin\Tests\UnitTests.iCore.Workflow.Activities.dll" adapterTypeName="Microsoft.VisualStudio.TestTools.TestTypes.Unit.UnitTestAdapter" className="UnitTests.iCore.Workflow.Activities.StartMsmqListenerActivityTests" name="Invoke_Nullconfiguration_ThrowsArgumentNullException" />
    </UnitTest>
    <UnitTest name="Invoke_IdNotSpecified_ThrowsArgumentException" storage="f:\etwork\bin\tests\unittests.icore.workflow.activities.dll" id="9b400210-a141-437d-721f-db9a3ccc04d7">
      <Execution id="623f4e95-2960-4d3b-b129-ade68f63277a" />
      <TestMethod codeBase="F:\ETWork\bin\Tests\UnitTests.iCore.Workflow.Activities.dll" adapterTypeName="Microsoft.VisualStudio.TestTools.TestTypes.Unit.UnitTestAdapter" className="UnitTests.iCore.Workflow.Activities.StopMsmqListenerActivityTests" name="Invoke_IdNotSpecified_ThrowsArgumentException" />
    </UnitTest>
    <UnitTest name="Invoke_ValidInputArguments_Succeeds" storage="f:\etwork\bin\tests\unittests.icore.workflow.activities.dll" id="d272706f-e223-448a-56be-95b9cd533746">
      <Execution id="f559e388-0ca1-4b56-a2bf-ffa90f2d63ff" />
      <TestMethod codeBase="F:\ETWork\bin\Tests\UnitTests.iCore.Workflow.Activities.dll" adapterTypeName="Microsoft.VisualStudio.TestTools.TestTypes.Unit.UnitTestAdapter" className="UnitTests.iCore.Workflow.Activities.StopMsmqListenerActivityTests" name="Invoke_ValidInputArguments_Succeeds" />
    </UnitTest>
    <UnitTest name="Invoke_TwoChildActivities_CallbacksAreCalledTheExpectedNumberOfTimes" storage="f:\etwork\bin\tests\unittests.icore.workflow.activities.dll" id="1582e19a-7cff-5982-c03a-0cc5b75a41ae">
      <Execution id="75695bd4-77e2-4b66-b97c-7e8183c28d6a" />
      <TestMethod codeBase="F:\ETWork\bin\Tests\UnitTests.iCore.Workflow.Activities.dll" adapterTypeName="Microsoft.VisualStudio.TestTools.TestTypes.Unit.UnitTestAdapter" className="UnitTests.iCore.Workflow.Activities.ScopeActivityBaseTests" name="Invoke_TwoChildActivities_CallbacksAreCalledTheExpectedNumberOfTimes" />
    </UnitTest>
    <UnitTest name="Invoke_ChildActivityFails_WorkfloCancelsOnUnhandledException_CallbacksAreCalledTheExpectedNumberOfTimes" storage="f:\etwork\bin\tests\unittests.icore.workflow.activities.dll" id="df3f8095-1db8-5960-9d5a-5df8da02a8c0">
      <Execution id="e0e66dc0-774d-4796-83ac-c5bab4a4d78e" />
      <TestMethod codeBase="F:\ETWork\bin\Tests\UnitTests.iCore.Workflow.Activities.dll" adapterTypeName="Microsoft.VisualStudio.TestTools.TestTypes.Unit.UnitTestAdapter" className="UnitTests.iCore.Workflow.Activities.ScopeActivityBaseTests" name="Invoke_ChildActivityFails_WorkfloCancelsOnUnhandledException_CallbacksAreCalledTheExpectedNumberOfTimes" />
    </UnitTest>
    <UnitTest name="Invoke_EmptyScope_CallbacksAreCalledTheExpectedNumberOfTimes" storage="f:\etwork\bin\tests\unittests.icore.workflow.activities.dll" id="52c390ca-a5a3-6cae-1bb0-6c9ff545780c">
      <Execution id="65cac623-2988-4643-8125-47991cf37125" />
      <TestMethod codeBase="F:\ETWork\bin\Tests\UnitTests.iCore.Workflow.Activities.dll" adapterTypeName="Microsoft.VisualStudio.TestTools.TestTypes.Unit.UnitTestAdapter" className="UnitTests.iCore.Workflow.Activities.ScopeActivityBaseTests" name="Invoke_EmptyScope_CallbacksAreCalledTheExpectedNumberOfTimes" />
    </UnitTest>
    <UnitTest name="Invoke_ChildActivityFails_ExceptionMarkedAsHandled_CallbacksAreCalledTheExpectedNumberOfTimes" storage="f:\etwork\bin\tests\unittests.icore.workflow.activities.dll" id="a9af5c4e-ad84-9799-ca0d-e84e9806e9ab">
      <Execution id="522e91ee-61df-4ae6-b4fb-d98f4233115b" />
      <TestMethod codeBase="F:\ETWork\bin\Tests\UnitTests.iCore.Workflow.Activities.dll" adapterTypeName="Microsoft.VisualStudio.TestTools.TestTypes.Unit.UnitTestAdapter" className="UnitTests.iCore.Workflow.Activities.ScopeActivityBaseTests" name="Invoke_ChildActivityFails_ExceptionMarkedAsHandled_CallbacksAreCalledTheExpectedNumberOfTimes" />
    </UnitTest>
    <UnitTest name="Invoke_NormalExecution_Success" storage="f:\etwork\bin\tests\unittests.icore.workflow.activities.dll" id="91a2a143-242a-bb6d-11fc-1d2760c37783">
      <Execution id="f30f20c4-cde2-4eca-9cda-cc5ae573c929" />
      <TestMethod codeBase="F:\ETWork\bin\Tests\UnitTests.iCore.Workflow.Activities.dll" adapterTypeName="Microsoft.VisualStudio.TestTools.TestTypes.Unit.UnitTestAdapter" className="UnitTests.iCore.Workflow.Activities.Streams.Base64DecodeActivityTests" name="Invoke_NormalExecution_Success" />
    </UnitTest>
    <UnitTest name="Invoke_Encoding_ThrowsException" storage="f:\etwork\bin\tests\unittests.icore.workflow.activities.dll" id="b07700c8-b0a5-b8e5-7186-67a82681f9b0">
      <Execution id="dbef6c24-b14e-4092-970f-db6084a50e87" />
      <TestMethod codeBase="F:\ETWork\bin\Tests\UnitTests.iCore.Workflow.Activities.dll" adapterTypeName="Microsoft.VisualStudio.TestTools.TestTypes.Unit.UnitTestAdapter" className="UnitTests.iCore.Workflow.Activities.Streams.Base64DecodeActivityTests" name="Invoke_Encoding_ThrowsException" />
    </UnitTest>
    <UnitTest name="Invoke_RequiredInArgumentIsMissing_UnhandledArgumentException" storage="f:\etwork\bin\tests\unittests.icore.workflow.activities.dll" id="62fc09a7-653a-b801-8dde-a348481734d3">
      <Execution id="9353f8e1-37a4-407f-960a-df54cd43c0b0" />
      <TestMethod codeBase="F:\ETWork\bin\Tests\UnitTests.iCore.Workflow.Activities.dll" adapterTypeName="Microsoft.VisualStudio.TestTools.TestTypes.Unit.UnitTestAdapter" className="UnitTests.iCore.Workflow.Activities.Streams.Base64DecodeActivityTests" name="Invoke_RequiredInArgumentIsMissing_UnhandledArgumentException" />
    </UnitTest>
    <UnitTest name="Invoke_NormalExecution_Success" storage="f:\etwork\bin\tests\unittests.icore.workflow.activities.dll" id="bd7a0bea-1ba2-cd1d-8981-af744c2d8bbc">
      <Execution id="edabc383-2b82-4ed5-b8db-7de23c443e96" />
      <TestMethod codeBase="F:\ETWork\bin\Tests\UnitTests.iCore.Workflow.Activities.dll" adapterTypeName="Microsoft.VisualStudio.TestTools.TestTypes.Unit.UnitTestAdapter" className="UnitTests.iCore.Workflow.Activities.Streams.Base64EncodeActivityTests" name="Invoke_NormalExecution_Success" />
    </UnitTest>
    <UnitTest name="Invoke_Encoding_ThrowsException" storage="f:\etwork\bin\tests\unittests.icore.workflow.activities.dll" id="7daa6422-1304-072b-cace-cd5d756167b4">
      <Execution id="44ab83c2-074c-4c18-a32d-7055e9347300" />
      <TestMethod codeBase="F:\ETWork\bin\Tests\UnitTests.iCore.Workflow.Activities.dll" adapterTypeName="Microsoft.VisualStudio.TestTools.TestTypes.Unit.UnitTestAdapter" className="UnitTests.iCore.Workflow.Activities.Streams.Base64EncodeActivityTests" name="Invoke_Encoding_ThrowsException" />
    </UnitTest>
    <UnitTest name="Invoke_RequiredInArgumentIsMissing_UnhandledArgumentException" storage="f:\etwork\bin\tests\unittests.icore.workflow.activities.dll" id="7dba6f73-f275-3e39-ae6a-a9309be88d61">
      <Execution id="f2bca715-d047-4482-9bfe-fd08360c835d" />
      <TestMethod codeBase="F:\ETWork\bin\Tests\UnitTests.iCore.Workflow.Activities.dll" adapterTypeName="Microsoft.VisualStudio.TestTools.TestTypes.Unit.UnitTestAdapter" className="UnitTests.iCore.Workflow.Activities.Streams.Base64EncodeActivityTests" name="Invoke_RequiredInArgumentIsMissing_UnhandledArgumentException" />
    </UnitTest>
    <UnitTest name="Invoke_StreamIsClosed_Success" storage="f:\etwork\bin\tests\unittests.icore.workflow.activities.dll" id="224e82eb-55f7-97f8-77f0-65b76c6b8a36">
      <Execution id="3ea5270f-9a97-4bf9-9197-a7546cad1c15" />
      <TestMethod codeBase="F:\ETWork\bin\Tests\UnitTests.iCore.Workflow.Activities.dll" adapterTypeName="Microsoft.VisualStudio.TestTools.TestTypes.Unit.UnitTestAdapter" className="UnitTests.iCore.Workflow.Activities.Streams.CloseStreamActivityTests" name="Invoke_StreamIsClosed_Success" />
    </UnitTest>
    <UnitTest name="Invoke_StreamArgumentIsNull_Success" storage="f:\etwork\bin\tests\unittests.icore.workflow.activities.dll" id="a2b21ae5-c2cf-e12c-63b2-7b04f2731c9f">
      <Execution id="9055e26c-57e5-430c-99f3-1f00a1370369" />
      <TestMethod codeBase="F:\ETWork\bin\Tests\UnitTests.iCore.Workflow.Activities.dll" adapterTypeName="Microsoft.VisualStudio.TestTools.TestTypes.Unit.UnitTestAdapter" className="UnitTests.iCore.Workflow.Activities.Streams.CloseStreamActivityTests" name="Invoke_StreamArgumentIsNull_Success" />
    </UnitTest>
    <UnitTest name="Invoke_NonNullableArgumentIsNull_ThrowsArgumentNullException" storage="f:\etwork\bin\tests\unittests.icore.workflow.activities.dll" id="14c803b2-f71b-ae89-a3dd-09ff29eb484c">
      <Execution id="00807926-da8c-46a2-84f7-5936e6fade3f" />
      <TestMethod codeBase="F:\ETWork\bin\Tests\UnitTests.iCore.Workflow.Activities.dll" adapterTypeName="Microsoft.VisualStudio.TestTools.TestTypes.Unit.UnitTestAdapter" className="UnitTests.iCore.Workflow.Activities.Streams.CloseStreamActivityTests" name="Invoke_NonNullableArgumentIsNull_ThrowsArgumentNullException" />
    </UnitTest>
    <UnitTest name="Invoke_RequiredArgumentIsMissing_ThrowsArgumentException" storage="f:\etwork\bin\tests\unittests.icore.workflow.activities.dll" id="65f95b25-d4d5-c8d5-1fbd-99207548a370">
      <Execution id="36428803-00e1-4fa6-a295-6673ea21a38a" />
      <TestMethod codeBase="F:\ETWork\bin\Tests\UnitTests.iCore.Workflow.Activities.dll" adapterTypeName="Microsoft.VisualStudio.TestTools.TestTypes.Unit.UnitTestAdapter" className="UnitTests.iCore.Workflow.Activities.Streams.CloseStreamActivityTests" name="Invoke_RequiredArgumentIsMissing_ThrowsArgumentException" />
    </UnitTest>
    <UnitTest name="Invoke_OptionalArgumentIsMissing_ValidExecution" storage="f:\etwork\bin\tests\unittests.icore.workflow.activities.dll" id="2eba2dd1-a21d-dc89-99a3-44834cf7910f">
      <Execution id="64d88334-7c39-426f-8569-b21cf129922d" />
      <TestMethod codeBase="F:\ETWork\bin\Tests\UnitTests.iCore.Workflow.Activities.dll" adapterTypeName="Microsoft.VisualStudio.TestTools.TestTypes.Unit.UnitTestAdapter" className="UnitTests.iCore.Workflow.Activities.Streams.CloseStreamActivityTests" name="Invoke_OptionalArgumentIsMissing_ValidExecution" />
    </UnitTest>
    <UnitTest name="Invoke_CorrectArguments_ValidExecution" storage="f:\etwork\bin\tests\unittests.icore.workflow.activities.dll" id="c0ef9fc4-16dc-2613-6adc-e3c62183eec3">
      <Execution id="f77cffaa-0206-476a-82c3-8d3a35e9df07" />
      <TestMethod codeBase="F:\ETWork\bin\Tests\UnitTests.iCore.Workflow.Activities.dll" adapterTypeName="Microsoft.VisualStudio.TestTools.TestTypes.Unit.UnitTestAdapter" className="UnitTests.iCore.Workflow.Activities.Streams.CloseStreamActivityTests" name="Invoke_CorrectArguments_ValidExecution" />
    </UnitTest>
    <UnitTest name="Invoke_ValidArgs_CorrectSourceStreamUsed" storage="f:\etwork\bin\tests\unittests.icore.workflow.activities.dll" id="db4873b4-8ca5-9fb2-a9ea-5ad5af01db8f">
      <Execution id="8f2e2724-1424-41b9-90ee-0bab1ebbd5ea" />
      <TestMethod codeBase="F:\ETWork\bin\Tests\UnitTests.iCore.Workflow.Activities.dll" adapterTypeName="Microsoft.VisualStudio.TestTools.TestTypes.Unit.UnitTestAdapter" className="UnitTests.iCore.Workflow.Activities.Streams.ConvertTextEncodingActivityTests" name="Invoke_ValidArgs_CorrectSourceStreamUsed" />
    </UnitTest>
    <UnitTest name="Invoke_ValidArgs_CorrectDestinationStreamUsed" storage="f:\etwork\bin\tests\unittests.icore.workflow.activities.dll" id="e3e8b614-8baa-4b5c-1f86-096f6741534b">
      <Execution id="727c1203-648c-4751-8ea9-eca69a047c69" />
      <TestMethod codeBase="F:\ETWork\bin\Tests\UnitTests.iCore.Workflow.Activities.dll" adapterTypeName="Microsoft.VisualStudio.TestTools.TestTypes.Unit.UnitTestAdapter" className="UnitTests.iCore.Workflow.Activities.Streams.ConvertTextEncodingActivityTests" name="Invoke_ValidArgs_CorrectDestinationStreamUsed" />
    </UnitTest>
    <UnitTest name="Invoke_ValidArgs_CorrectFromEncodingUsed" storage="f:\etwork\bin\tests\unittests.icore.workflow.activities.dll" id="7dedc74d-7035-3e95-ad83-1174f702e5c9">
      <Execution id="4317af39-c75d-4fdf-88a1-2631f2893ed4" />
      <TestMethod codeBase="F:\ETWork\bin\Tests\UnitTests.iCore.Workflow.Activities.dll" adapterTypeName="Microsoft.VisualStudio.TestTools.TestTypes.Unit.UnitTestAdapter" className="UnitTests.iCore.Workflow.Activities.Streams.ConvertTextEncodingActivityTests" name="Invoke_ValidArgs_CorrectFromEncodingUsed" />
    </UnitTest>
    <UnitTest name="Invoke_ValidArgs_CorrectToEncodingUsed" storage="f:\etwork\bin\tests\unittests.icore.workflow.activities.dll" id="d9ae89a1-f06f-db31-d0a6-a765a99f3b83">
      <Execution id="51c93873-b475-4811-b254-365dab05aba6" />
      <TestMethod codeBase="F:\ETWork\bin\Tests\UnitTests.iCore.Workflow.Activities.dll" adapterTypeName="Microsoft.VisualStudio.TestTools.TestTypes.Unit.UnitTestAdapter" className="UnitTests.iCore.Workflow.Activities.Streams.ConvertTextEncodingActivityTests" name="Invoke_ValidArgs_CorrectToEncodingUsed" />
    </UnitTest>
    <UnitTest name="Invoke_ValidArgs_CorrectWriteBOMUsed" storage="f:\etwork\bin\tests\unittests.icore.workflow.activities.dll" id="9c3b9965-913b-c790-19ca-f26c000b4b73">
      <Execution id="2342e060-b509-4bb6-95db-6fccbeb70d89" />
      <TestMethod codeBase="F:\ETWork\bin\Tests\UnitTests.iCore.Workflow.Activities.dll" adapterTypeName="Microsoft.VisualStudio.TestTools.TestTypes.Unit.UnitTestAdapter" className="UnitTests.iCore.Workflow.Activities.Streams.ConvertTextEncodingActivityTests" name="Invoke_ValidArgs_CorrectWriteBOMUsed" />
    </UnitTest>
    <UnitTest name="Invoke_ActivityIsCancelled_ActivityCancels" storage="f:\etwork\bin\tests\unittests.icore.workflow.activities.dll" id="451f1840-27e9-0fb0-4e55-6d7b121fec72">
      <Execution id="f2d2a3a1-ae76-491d-9009-3e2983b88ae1" />
      <TestMethod codeBase="F:\ETWork\bin\Tests\UnitTests.iCore.Workflow.Activities.dll" adapterTypeName="Microsoft.VisualStudio.TestTools.TestTypes.Unit.UnitTestAdapter" className="UnitTests.iCore.Workflow.Activities.Streams.ConvertTextEncodingActivityTests" name="Invoke_ActivityIsCancelled_ActivityCancels" />
    </UnitTest>
    <UnitTest name="Invoke_NonNullableArgumentIsNull_ThrowsArgumentNullException" storage="f:\etwork\bin\tests\unittests.icore.workflow.activities.dll" id="eefe52b9-17ca-d2a9-cd96-9ba0dbe13094">
      <Execution id="c1c5215c-56c4-4a3d-a53b-5094356fd5e1" />
      <TestMethod codeBase="F:\ETWork\bin\Tests\UnitTests.iCore.Workflow.Activities.dll" adapterTypeName="Microsoft.VisualStudio.TestTools.TestTypes.Unit.UnitTestAdapter" className="UnitTests.iCore.Workflow.Activities.Streams.ConvertTextEncodingActivityTests" name="Invoke_NonNullableArgumentIsNull_ThrowsArgumentNullException" />
    </UnitTest>
    <UnitTest name="Invoke_RequiredArgumentIsMissing_ThrowsArgumentException" storage="f:\etwork\bin\tests\unittests.icore.workflow.activities.dll" id="f75174cc-5ef4-7519-defa-0b5091194f1c">
      <Execution id="93618533-496e-426f-b716-403a55a2fd7d" />
      <TestMethod codeBase="F:\ETWork\bin\Tests\UnitTests.iCore.Workflow.Activities.dll" adapterTypeName="Microsoft.VisualStudio.TestTools.TestTypes.Unit.UnitTestAdapter" className="UnitTests.iCore.Workflow.Activities.Streams.ConvertTextEncodingActivityTests" name="Invoke_RequiredArgumentIsMissing_ThrowsArgumentException" />
    </UnitTest>
    <UnitTest name="Invoke_OptionalArgumentIsMissing_ValidExecution" storage="f:\etwork\bin\tests\unittests.icore.workflow.activities.dll" id="d57743b1-f9fa-51d2-a3c8-202cfcb8f455">
      <Execution id="b7e7765e-7bdd-432d-a0d4-513d0035c052" />
      <TestMethod codeBase="F:\ETWork\bin\Tests\UnitTests.iCore.Workflow.Activities.dll" adapterTypeName="Microsoft.VisualStudio.TestTools.TestTypes.Unit.UnitTestAdapter" className="UnitTests.iCore.Workflow.Activities.Streams.ConvertTextEncodingActivityTests" name="Invoke_OptionalArgumentIsMissing_ValidExecution" />
    </UnitTest>
    <UnitTest name="Invoke_CorrectArguments_ValidExecution" storage="f:\etwork\bin\tests\unittests.icore.workflow.activities.dll" id="520dffb9-0fdf-84b1-a5bd-679edba30b87">
      <Execution id="96b84a9e-2ac3-425b-b2ac-25e1f9efce0f" />
      <TestMethod codeBase="F:\ETWork\bin\Tests\UnitTests.iCore.Workflow.Activities.dll" adapterTypeName="Microsoft.VisualStudio.TestTools.TestTypes.Unit.UnitTestAdapter" className="UnitTests.iCore.Workflow.Activities.Streams.ConvertTextEncodingActivityTests" name="Invoke_CorrectArguments_ValidExecution" />
    </UnitTest>
    <UnitTest name="Invoke_ValidArgs_ValidExecution" storage="f:\etwork\bin\tests\unittests.icore.workflow.activities.dll" id="adab9dd9-14b1-ebfd-c30e-5ce3e2dcea2c">
      <Execution id="9f5382ca-3c0a-486d-a7f2-fef4c89ec8f5" />
      <TestMethod codeBase="F:\ETWork\bin\Tests\UnitTests.iCore.Workflow.Activities.dll" adapterTypeName="Microsoft.VisualStudio.TestTools.TestTypes.Unit.UnitTestAdapter" className="UnitTests.iCore.Workflow.Activities.Streams.CopyStreamActivityTests" name="Invoke_ValidArgs_ValidExecution" />
    </UnitTest>
    <UnitTest name="Invoke_ValidArgs_CorrectValueIsReturned" storage="f:\etwork\bin\tests\unittests.icore.workflow.activities.dll" id="9203aeff-77d3-dfc6-264d-c743bdae5878">
      <Execution id="3694163e-9794-4215-9f6b-44bb87a74eaa" />
      <TestMethod codeBase="F:\ETWork\bin\Tests\UnitTests.iCore.Workflow.Activities.dll" adapterTypeName="Microsoft.VisualStudio.TestTools.TestTypes.Unit.UnitTestAdapter" className="UnitTests.iCore.Workflow.Activities.Streams.CopyStreamActivityTests" name="Invoke_ValidArgs_CorrectValueIsReturned" />
    </UnitTest>
    <UnitTest name="Invoke_ValidArgs_CopiesDataCorrectly" storage="f:\etwork\bin\tests\unittests.icore.workflow.activities.dll" id="476cfd16-6578-7586-d480-774320466a23">
      <Execution id="6dc03552-485a-4c5f-9ac7-268fb0c6780c" />
      <TestMethod codeBase="F:\ETWork\bin\Tests\UnitTests.iCore.Workflow.Activities.dll" adapterTypeName="Microsoft.VisualStudio.TestTools.TestTypes.Unit.UnitTestAdapter" className="UnitTests.iCore.Workflow.Activities.Streams.CopyStreamActivityTests" name="Invoke_ValidArgs_CopiesDataCorrectly" />
    </UnitTest>
    <UnitTest name="Invoke_SourceIsNull_ThrowsArgumentNullException" storage="f:\etwork\bin\tests\unittests.icore.workflow.activities.dll" id="0291d35f-5064-ac43-448d-273402ed5848">
      <Execution id="a274af71-479d-459f-adbc-25fdc156704c" />
      <TestMethod codeBase="F:\ETWork\bin\Tests\UnitTests.iCore.Workflow.Activities.dll" adapterTypeName="Microsoft.VisualStudio.TestTools.TestTypes.Unit.UnitTestAdapter" className="UnitTests.iCore.Workflow.Activities.Streams.CopyStreamActivityTests" name="Invoke_SourceIsNull_ThrowsArgumentNullException" />
    </UnitTest>
    <UnitTest name="Invoke_DestinationIsNull_ThrowsArgumentNullException" storage="f:\etwork\bin\tests\unittests.icore.workflow.activities.dll" id="73785c90-d26d-1069-1b1c-95f5ac81a427">
      <Execution id="6e9c3b19-d849-4742-aedb-b17f76bcd435" />
      <TestMethod codeBase="F:\ETWork\bin\Tests\UnitTests.iCore.Workflow.Activities.dll" adapterTypeName="Microsoft.VisualStudio.TestTools.TestTypes.Unit.UnitTestAdapter" className="UnitTests.iCore.Workflow.Activities.Streams.CopyStreamActivityTests" name="Invoke_DestinationIsNull_ThrowsArgumentNullException" />
    </UnitTest>
    <UnitTest name="Invoke_RequiredArgumentsMissing_ThrowsArgumentException" storage="f:\etwork\bin\tests\unittests.icore.workflow.activities.dll" id="ce693e03-0cc0-9acc-907b-ac7a4ad1d412">
      <Execution id="ac88dd6e-6898-4956-baa6-e98a909c09e8" />
      <TestMethod codeBase="F:\ETWork\bin\Tests\UnitTests.iCore.Workflow.Activities.dll" adapterTypeName="Microsoft.VisualStudio.TestTools.TestTypes.Unit.UnitTestAdapter" className="UnitTests.iCore.Workflow.Activities.Streams.CopyStreamActivityTests" name="Invoke_RequiredArgumentsMissing_ThrowsArgumentException" />
    </UnitTest>
    <UnitTest name="Invoke_HostCanceled_ActivityCancelsOperation" storage="f:\etwork\bin\tests\unittests.icore.workflow.activities.dll" id="342c8403-47c8-07c5-ebd6-22a1b2e68846">
      <Execution id="a81ad0fa-4bbe-4582-b899-7a1653dc7181" />
      <TestMethod codeBase="F:\ETWork\bin\Tests\UnitTests.iCore.Workflow.Activities.dll" adapterTypeName="Microsoft.VisualStudio.TestTools.TestTypes.Unit.UnitTestAdapter" className="UnitTests.iCore.Workflow.Activities.Streams.CopyStreamActivityTests" name="Invoke_HostCanceled_ActivityCancelsOperation" />
    </UnitTest>
    <UnitTest name="Invoke_ValidArgs_DefaultValueOutIsFalse" storage="f:\etwork\bin\tests\unittests.icore.workflow.activities.dll" id="47a251d5-aeb7-2a65-8a91-0f82a973fe48">
      <Execution id="d8e15057-49b4-4447-bd79-8165ae42901b" />
      <TestMethod codeBase="F:\ETWork\bin\Tests\UnitTests.iCore.Workflow.Activities.dll" adapterTypeName="Microsoft.VisualStudio.TestTools.TestTypes.Unit.UnitTestAdapter" className="UnitTests.iCore.Workflow.Activities.Streams.DetectEncodingFromBOMActivityTests" name="Invoke_ValidArgs_DefaultValueOutIsFalse" />
    </UnitTest>
    <UnitTest name="Invoke_BOMIsMissing_DefaultEncodingReturned" storage="f:\etwork\bin\tests\unittests.icore.workflow.activities.dll" id="37d69a24-c463-0d93-cfe8-b073586346b0">
      <Execution id="f7f862cd-9ffb-40bd-8a52-5c3ada197105" />
      <TestMethod codeBase="F:\ETWork\bin\Tests\UnitTests.iCore.Workflow.Activities.dll" adapterTypeName="Microsoft.VisualStudio.TestTools.TestTypes.Unit.UnitTestAdapter" className="UnitTests.iCore.Workflow.Activities.Streams.DetectEncodingFromBOMActivityTests" name="Invoke_BOMIsMissing_DefaultEncodingReturned" />
    </UnitTest>
    <UnitTest name="Invoke_BOMIsMissing_DefaultValueOutIsTrue" storage="f:\etwork\bin\tests\unittests.icore.workflow.activities.dll" id="aef87c73-76fd-014d-6bb8-aa1b563b6c34">
      <Execution id="deb60304-b819-405b-a5f7-9484c58c4bde" />
      <TestMethod codeBase="F:\ETWork\bin\Tests\UnitTests.iCore.Workflow.Activities.dll" adapterTypeName="Microsoft.VisualStudio.TestTools.TestTypes.Unit.UnitTestAdapter" className="UnitTests.iCore.Workflow.Activities.Streams.DetectEncodingFromBOMActivityTests" name="Invoke_BOMIsMissing_DefaultValueOutIsTrue" />
    </UnitTest>
    <UnitTest name="Invoke_NonSeekableStream_ThrowsNotSupportedException" storage="f:\etwork\bin\tests\unittests.icore.workflow.activities.dll" id="b28b4911-d9e0-67fa-446c-ad3998cd2e38">
      <Execution id="51951546-39b2-4fe1-98b7-ee579e766329" />
      <TestMethod codeBase="F:\ETWork\bin\Tests\UnitTests.iCore.Workflow.Activities.dll" adapterTypeName="Microsoft.VisualStudio.TestTools.TestTypes.Unit.UnitTestAdapter" className="UnitTests.iCore.Workflow.Activities.Streams.DetectEncodingFromBOMActivityTests" name="Invoke_NonSeekableStream_ThrowsNotSupportedException" />
    </UnitTest>
    <UnitTest name="Invoke_ActivityIsCancelled_ActivityCancels" storage="f:\etwork\bin\tests\unittests.icore.workflow.activities.dll" id="6b861c65-505d-ec8d-f47b-24ca5d4aa2ab">
      <Execution id="565bb975-f336-4850-9a4a-b0a198dc4215" />
      <TestMethod codeBase="F:\ETWork\bin\Tests\UnitTests.iCore.Workflow.Activities.dll" adapterTypeName="Microsoft.VisualStudio.TestTools.TestTypes.Unit.UnitTestAdapter" className="UnitTests.iCore.Workflow.Activities.Streams.DetectEncodingFromBOMActivityTests" name="Invoke_ActivityIsCancelled_ActivityCancels" />
    </UnitTest>
    <UnitTest name="Invoke_CorrectArguemnts_CorrectReturnValueAndType" storage="f:\etwork\bin\tests\unittests.icore.workflow.activities.dll" id="c9d4c11e-8553-75d8-e726-0ba6a993a772">
      <Execution id="5b38d359-2d8f-4f26-a283-13ea4ddee2e0" />
      <TestMethod codeBase="F:\ETWork\bin\Tests\UnitTests.iCore.Workflow.Activities.dll" adapterTypeName="Microsoft.VisualStudio.TestTools.TestTypes.Unit.UnitTestAdapter" className="UnitTests.iCore.Workflow.Activities.Streams.DetectEncodingFromBOMActivityTests" name="Invoke_CorrectArguemnts_CorrectReturnValueAndType" />
    </UnitTest>
    <UnitTest name="Invoke_NonNullableArgumentIsNull_ThrowsArgumentNullException" storage="f:\etwork\bin\tests\unittests.icore.workflow.activities.dll" id="56a5b933-47bc-02cd-316a-9e80e9843c0a">
      <Execution id="993b67fa-e991-47c1-a68f-bae65e987567" />
      <TestMethod codeBase="F:\ETWork\bin\Tests\UnitTests.iCore.Workflow.Activities.dll" adapterTypeName="Microsoft.VisualStudio.TestTools.TestTypes.Unit.UnitTestAdapter" className="UnitTests.iCore.Workflow.Activities.Streams.DetectEncodingFromBOMActivityTests" name="Invoke_NonNullableArgumentIsNull_ThrowsArgumentNullException" />
    </UnitTest>
    <UnitTest name="Invoke_RequiredArgumentIsMissing_ThrowsArgumentException" storage="f:\etwork\bin\tests\unittests.icore.workflow.activities.dll" id="656417e6-40c5-84be-1b47-18547842be94">
      <Execution id="fef55350-7b1f-4396-87b1-f10c9010d1b7" />
      <TestMethod codeBase="F:\ETWork\bin\Tests\UnitTests.iCore.Workflow.Activities.dll" adapterTypeName="Microsoft.VisualStudio.TestTools.TestTypes.Unit.UnitTestAdapter" className="UnitTests.iCore.Workflow.Activities.Streams.DetectEncodingFromBOMActivityTests" name="Invoke_RequiredArgumentIsMissing_ThrowsArgumentException" />
    </UnitTest>
    <UnitTest name="Invoke_OptionalArgumentIsMissing_ValidExecution" storage="f:\etwork\bin\tests\unittests.icore.workflow.activities.dll" id="a3df7129-3711-4ec0-b2ad-cdd199c76fe8">
      <Execution id="c023883d-d196-45fb-8a8d-6358f085afb0" />
      <TestMethod codeBase="F:\ETWork\bin\Tests\UnitTests.iCore.Workflow.Activities.dll" adapterTypeName="Microsoft.VisualStudio.TestTools.TestTypes.Unit.UnitTestAdapter" className="UnitTests.iCore.Workflow.Activities.Streams.DetectEncodingFromBOMActivityTests" name="Invoke_OptionalArgumentIsMissing_ValidExecution" />
    </UnitTest>
    <UnitTest name="Invoke_CorrectArguments_ValidExecution" storage="f:\etwork\bin\tests\unittests.icore.workflow.activities.dll" id="87d381b3-7e4d-64c9-aa0a-f63e748f8da6">
      <Execution id="34bec22f-42b8-41ee-aa97-9a3f7f9a5af6" />
      <TestMethod codeBase="F:\ETWork\bin\Tests\UnitTests.iCore.Workflow.Activities.dll" adapterTypeName="Microsoft.VisualStudio.TestTools.TestTypes.Unit.UnitTestAdapter" className="UnitTests.iCore.Workflow.Activities.Streams.DetectEncodingFromBOMActivityTests" name="Invoke_CorrectArguments_ValidExecution" />
    </UnitTest>
    <UnitTest name="Invoke_ValidArgs_ValidExecution" storage="f:\etwork\bin\tests\unittests.icore.workflow.activities.dll" id="f2042b35-a4ba-43fa-ef43-b594331fdca8">
      <Execution id="5b83d2b5-6db1-4ab1-9972-aaa64ec41687" />
      <TestMethod codeBase="F:\ETWork\bin\Tests\UnitTests.iCore.Workflow.Activities.dll" adapterTypeName="Microsoft.VisualStudio.TestTools.TestTypes.Unit.UnitTestAdapter" className="UnitTests.iCore.Workflow.Activities.Streams.ReadBinaryDataActivityTests" name="Invoke_ValidArgs_ValidExecution" />
    </UnitTest>
    <UnitTest name="Invoke_ValidArgs_CorrectStreamUsed" storage="f:\etwork\bin\tests\unittests.icore.workflow.activities.dll" id="36d02c61-2995-8915-acd9-f7f8158f0e35">
      <Execution id="5fd29b6c-9b6e-4d75-89d3-ca388e5ec443" />
      <TestMethod codeBase="F:\ETWork\bin\Tests\UnitTests.iCore.Workflow.Activities.dll" adapterTypeName="Microsoft.VisualStudio.TestTools.TestTypes.Unit.UnitTestAdapter" className="UnitTests.iCore.Workflow.Activities.Streams.ReadBinaryDataActivityTests" name="Invoke_ValidArgs_CorrectStreamUsed" />
    </UnitTest>
    <UnitTest name="Invoke_ValidArgs_CorrectTypeUsed" storage="f:\etwork\bin\tests\unittests.icore.workflow.activities.dll" id="4cf90afb-4e86-d1f2-89a8-0cdb5883f62c">
      <Execution id="8e611785-9eb8-4182-ab56-fe00128d9289" />
      <TestMethod codeBase="F:\ETWork\bin\Tests\UnitTests.iCore.Workflow.Activities.dll" adapterTypeName="Microsoft.VisualStudio.TestTools.TestTypes.Unit.UnitTestAdapter" className="UnitTests.iCore.Workflow.Activities.Streams.ReadBinaryDataActivityTests" name="Invoke_ValidArgs_CorrectTypeUsed" />
    </UnitTest>
    <UnitTest name="Invoke_NullStream_ThrowsArgumentNullException" storage="f:\etwork\bin\tests\unittests.icore.workflow.activities.dll" id="b0f6e141-9066-1cd1-b69e-54e5d25c7f5d">
      <Execution id="821853af-7fa6-47ed-b467-3ce804e6d219" />
      <TestMethod codeBase="F:\ETWork\bin\Tests\UnitTests.iCore.Workflow.Activities.dll" adapterTypeName="Microsoft.VisualStudio.TestTools.TestTypes.Unit.UnitTestAdapter" className="UnitTests.iCore.Workflow.Activities.Streams.ReadBinaryDataActivityTests" name="Invoke_NullStream_ThrowsArgumentNullException" />
    </UnitTest>
    <UnitTest name="Invoke_NonPrimitiveType_ThrowsNotSupportedException" storage="f:\etwork\bin\tests\unittests.icore.workflow.activities.dll" id="703a82cd-a053-7071-e9b5-78c609295e9a">
      <Execution id="7b3d20ae-e0b7-4375-ba3a-6f175348406d" />
      <TestMethod codeBase="F:\ETWork\bin\Tests\UnitTests.iCore.Workflow.Activities.dll" adapterTypeName="Microsoft.VisualStudio.TestTools.TestTypes.Unit.UnitTestAdapter" className="UnitTests.iCore.Workflow.Activities.Streams.ReadBinaryDataActivityTests" name="Invoke_NonPrimitiveType_ThrowsNotSupportedException" />
    </UnitTest>
    <UnitTest name="Invoke_CharTypeUsed_ThrowsNotSupportedException" storage="f:\etwork\bin\tests\unittests.icore.workflow.activities.dll" id="f9136ea6-a3ae-c3e3-9f87-ae9ca56321c2">
      <Execution id="05c22dbb-9849-409f-abf2-20a3f4f3e9d0" />
      <TestMethod codeBase="F:\ETWork\bin\Tests\UnitTests.iCore.Workflow.Activities.dll" adapterTypeName="Microsoft.VisualStudio.TestTools.TestTypes.Unit.UnitTestAdapter" className="UnitTests.iCore.Workflow.Activities.Streams.ReadBinaryDataActivityTests" name="Invoke_CharTypeUsed_ThrowsNotSupportedException" />
    </UnitTest>
    <UnitTest name="Invoke_StreamArgumentMissing_ThrowsArgumentException" storage="f:\etwork\bin\tests\unittests.icore.workflow.activities.dll" id="c0239334-ad69-e287-6213-be0f7bf73f00">
      <Execution id="22e953d6-1191-4a28-97e7-ea0340deb439" />
      <TestMethod codeBase="F:\ETWork\bin\Tests\UnitTests.iCore.Workflow.Activities.dll" adapterTypeName="Microsoft.VisualStudio.TestTools.TestTypes.Unit.UnitTestAdapter" className="UnitTests.iCore.Workflow.Activities.Streams.ReadBinaryDataActivityTests" name="Invoke_StreamArgumentMissing_ThrowsArgumentException" />
    </UnitTest>
    <UnitTest name="Invoke_ValidArgs_ValidExecution" storage="f:\etwork\bin\tests\unittests.icore.workflow.activities.dll" id="f3bffc75-673d-2c98-f07d-50a240217433">
      <Execution id="fab48c7d-01e1-4abc-893a-21338bd104d6" />
      <TestMethod codeBase="F:\ETWork\bin\Tests\UnitTests.iCore.Workflow.Activities.dll" adapterTypeName="Microsoft.VisualStudio.TestTools.TestTypes.Unit.UnitTestAdapter" className="UnitTests.iCore.Workflow.Activities.Streams.WriteBinaryDataActivityTests" name="Invoke_ValidArgs_ValidExecution" />
    </UnitTest>
    <UnitTest name="Invoke_ValidArgs_CorrectStreamUsed" storage="f:\etwork\bin\tests\unittests.icore.workflow.activities.dll" id="e81b95ba-eaaf-3783-91e5-35fd40ee9e51">
      <Execution id="820a932c-439f-45a6-b0aa-d912579f7a75" />
      <TestMethod codeBase="F:\ETWork\bin\Tests\UnitTests.iCore.Workflow.Activities.dll" adapterTypeName="Microsoft.VisualStudio.TestTools.TestTypes.Unit.UnitTestAdapter" className="UnitTests.iCore.Workflow.Activities.Streams.WriteBinaryDataActivityTests" name="Invoke_ValidArgs_CorrectStreamUsed" />
    </UnitTest>
    <UnitTest name="Invoke_ValidArgs_CorrectTypeUsed" storage="f:\etwork\bin\tests\unittests.icore.workflow.activities.dll" id="513d8645-8db3-80bb-1646-d239f967ea1b">
      <Execution id="7ebeab33-3079-4f48-805a-f3484ac7d5b5" />
      <TestMethod codeBase="F:\ETWork\bin\Tests\UnitTests.iCore.Workflow.Activities.dll" adapterTypeName="Microsoft.VisualStudio.TestTools.TestTypes.Unit.UnitTestAdapter" className="UnitTests.iCore.Workflow.Activities.Streams.WriteBinaryDataActivityTests" name="Invoke_ValidArgs_CorrectTypeUsed" />
    </UnitTest>
    <UnitTest name="Invoke_NullStream_ThrowsArgumentNullException" storage="f:\etwork\bin\tests\unittests.icore.workflow.activities.dll" id="69d7ff9a-81ef-0d9e-a9ac-f7dae1aa5a1b">
      <Execution id="71343bb9-6533-4926-805d-4592fe50f33f" />
      <TestMethod codeBase="F:\ETWork\bin\Tests\UnitTests.iCore.Workflow.Activities.dll" adapterTypeName="Microsoft.VisualStudio.TestTools.TestTypes.Unit.UnitTestAdapter" className="UnitTests.iCore.Workflow.Activities.Streams.WriteBinaryDataActivityTests" name="Invoke_NullStream_ThrowsArgumentNullException" />
    </UnitTest>
    <UnitTest name="Invoke_NonPrimitiveType_ThrowsNotSupportedException" storage="f:\etwork\bin\tests\unittests.icore.workflow.activities.dll" id="c4d7c67b-f207-44d5-26a7-e64dff809302">
      <Execution id="0ec62c2f-5808-40c1-9de4-b58f483ac840" />
      <TestMethod codeBase="F:\ETWork\bin\Tests\UnitTests.iCore.Workflow.Activities.dll" adapterTypeName="Microsoft.VisualStudio.TestTools.TestTypes.Unit.UnitTestAdapter" className="UnitTests.iCore.Workflow.Activities.Streams.WriteBinaryDataActivityTests" name="Invoke_NonPrimitiveType_ThrowsNotSupportedException" />
    </UnitTest>
    <UnitTest name="Invoke_CharTypeUsed_ThrowsNotSupportedException" storage="f:\etwork\bin\tests\unittests.icore.workflow.activities.dll" id="2f10a8e2-870c-fb0a-2efe-4e3f000af2eb">
      <Execution id="31d5c340-206b-489b-862f-19e94eea270a" />
      <TestMethod codeBase="F:\ETWork\bin\Tests\UnitTests.iCore.Workflow.Activities.dll" adapterTypeName="Microsoft.VisualStudio.TestTools.TestTypes.Unit.UnitTestAdapter" className="UnitTests.iCore.Workflow.Activities.Streams.WriteBinaryDataActivityTests" name="Invoke_CharTypeUsed_ThrowsNotSupportedException" />
    </UnitTest>
    <UnitTest name="Invoke_StreamArgumentMissing_ThrowsArgumentException" storage="f:\etwork\bin\tests\unittests.icore.workflow.activities.dll" id="b7bb3c25-c731-3bd1-1366-6c44c19e9ca8">
      <Execution id="95b678f6-0469-44b9-b603-b00082043611" />
      <TestMethod codeBase="F:\ETWork\bin\Tests\UnitTests.iCore.Workflow.Activities.dll" adapterTypeName="Microsoft.VisualStudio.TestTools.TestTypes.Unit.UnitTestAdapter" className="UnitTests.iCore.Workflow.Activities.Streams.WriteBinaryDataActivityTests" name="Invoke_StreamArgumentMissing_ThrowsArgumentException" />
    </UnitTest>
    <UnitTest name="Invoke_ValueArgumentMissing_ThrowsArgumentException" storage="f:\etwork\bin\tests\unittests.icore.workflow.activities.dll" id="6f16d8aa-7f38-e639-bc75-1c27c0ed8528">
      <Execution id="46ac9454-8374-4c57-80ce-fc926a677748" />
      <TestMethod codeBase="F:\ETWork\bin\Tests\UnitTests.iCore.Workflow.Activities.dll" adapterTypeName="Microsoft.VisualStudio.TestTools.TestTypes.Unit.UnitTestAdapter" className="UnitTests.iCore.Workflow.Activities.Streams.WriteBinaryDataActivityTests" name="Invoke_ValueArgumentMissing_ThrowsArgumentException" />
    </UnitTest>
    <UnitTest name="Invoke_DependencyThrowsOutOfMemoryException_ThrowsFatalException" storage="f:\etwork\bin\tests\unittests.icore.workflow.activities.dll" id="5c9e1a1f-8c40-b564-d2b0-0db3a277476e">
      <Execution id="4e8a7cdd-cc26-426e-a0e8-074e0a83377a" />
      <TestMethod codeBase="F:\ETWork\bin\Tests\UnitTests.iCore.Workflow.Activities.dll" adapterTypeName="Microsoft.VisualStudio.TestTools.TestTypes.Unit.UnitTestAdapter" className="UnitTests.iCore.Workflow.Activities.Streams.WriteBinaryDataActivityTests" name="Invoke_DependencyThrowsOutOfMemoryException_ThrowsFatalException" />
    </UnitTest>
    <UnitTest name="Invoke_ValidArgs_CorrectStreamUsed" storage="f:\etwork\bin\tests\unittests.icore.workflow.activities.dll" id="23ce9303-9f8d-ff11-56ff-fbd2d8055699">
      <Execution id="f2644255-1f1a-4a05-b2ac-5cec390adeea" />
      <TestMethod codeBase="F:\ETWork\bin\Tests\UnitTests.iCore.Workflow.Activities.dll" adapterTypeName="Microsoft.VisualStudio.TestTools.TestTypes.Unit.UnitTestAdapter" className="UnitTests.iCore.Workflow.Activities.Streams.WriteBOMActivityTests" name="Invoke_ValidArgs_CorrectStreamUsed" />
    </UnitTest>
    <UnitTest name="Invoke_UTF8_EncodingIsUTF8" storage="f:\etwork\bin\tests\unittests.icore.workflow.activities.dll" id="18791323-6e9e-6cda-c5ff-1c5db1122519">
      <Execution id="7623299c-6c05-4a2e-a835-601e33fb918c" />
      <TestMethod codeBase="F:\ETWork\bin\Tests\UnitTests.iCore.Workflow.Activities.dll" adapterTypeName="Microsoft.VisualStudio.TestTools.TestTypes.Unit.UnitTestAdapter" className="UnitTests.iCore.Workflow.Activities.Streams.WriteBOMActivityTests" name="Invoke_UTF8_EncodingIsUTF8" />
    </UnitTest>
    <UnitTest name="Invoke_UTF16_EncodingIsUTF16" storage="f:\etwork\bin\tests\unittests.icore.workflow.activities.dll" id="df42c3bd-8b30-ef9d-f6e5-9fdf5921eb91">
      <Execution id="1ec4fc05-3522-4e7d-9af6-d7612bb94b9d" />
      <TestMethod codeBase="F:\ETWork\bin\Tests\UnitTests.iCore.Workflow.Activities.dll" adapterTypeName="Microsoft.VisualStudio.TestTools.TestTypes.Unit.UnitTestAdapter" className="UnitTests.iCore.Workflow.Activities.Streams.WriteBOMActivityTests" name="Invoke_UTF16_EncodingIsUTF16" />
    </UnitTest>
    <UnitTest name="Invoke_UTF16BE_EncodingIsUTF16BE" storage="f:\etwork\bin\tests\unittests.icore.workflow.activities.dll" id="fe39447e-9c50-77db-b7e3-e3ec82061c38">
      <Execution id="160ab8de-03b9-4088-96c5-2d58b67a6c3d" />
      <TestMethod codeBase="F:\ETWork\bin\Tests\UnitTests.iCore.Workflow.Activities.dll" adapterTypeName="Microsoft.VisualStudio.TestTools.TestTypes.Unit.UnitTestAdapter" className="UnitTests.iCore.Workflow.Activities.Streams.WriteBOMActivityTests" name="Invoke_UTF16BE_EncodingIsUTF16BE" />
    </UnitTest>
    <UnitTest name="Invoke_UTF32_EncodingIsUTF32" storage="f:\etwork\bin\tests\unittests.icore.workflow.activities.dll" id="2d80112e-770a-cbf1-c042-6fa74ab5027d">
      <Execution id="96a319f5-bb4e-4823-b4cf-39b7699a7669" />
      <TestMethod codeBase="F:\ETWork\bin\Tests\UnitTests.iCore.Workflow.Activities.dll" adapterTypeName="Microsoft.VisualStudio.TestTools.TestTypes.Unit.UnitTestAdapter" className="UnitTests.iCore.Workflow.Activities.Streams.WriteBOMActivityTests" name="Invoke_UTF32_EncodingIsUTF32" />
    </UnitTest>
    <UnitTest name="Invoke_UTF32BE_EncodingIsUTF32BE" storage="f:\etwork\bin\tests\unittests.icore.workflow.activities.dll" id="348fa6de-6df7-ddea-08d7-bee4351a7bb5">
      <Execution id="44657aaf-830d-4ca0-ae03-2d846f0acbc5" />
      <TestMethod codeBase="F:\ETWork\bin\Tests\UnitTests.iCore.Workflow.Activities.dll" adapterTypeName="Microsoft.VisualStudio.TestTools.TestTypes.Unit.UnitTestAdapter" className="UnitTests.iCore.Workflow.Activities.Streams.WriteBOMActivityTests" name="Invoke_UTF32BE_EncodingIsUTF32BE" />
    </UnitTest>
    <UnitTest name="Invoke_BOMUnavailable_WriteBOMNotCalled" storage="f:\etwork\bin\tests\unittests.icore.workflow.activities.dll" id="83f905aa-4d31-5ba4-00bb-c0e1c5d03460">
      <Execution id="705cf0ff-e93e-4944-8dda-6b6098fdbcae" />
      <TestMethod codeBase="F:\ETWork\bin\Tests\UnitTests.iCore.Workflow.Activities.dll" adapterTypeName="Microsoft.VisualStudio.TestTools.TestTypes.Unit.UnitTestAdapter" className="UnitTests.iCore.Workflow.Activities.Streams.WriteBOMActivityTests" name="Invoke_BOMUnavailable_WriteBOMNotCalled" />
    </UnitTest>
    <UnitTest name="Invoke_NonSeekableStream_ThrowsNotSupportedException" storage="f:\etwork\bin\tests\unittests.icore.workflow.activities.dll" id="5cdaab11-5d7b-28a7-1c4c-85f983e180aa">
      <Execution id="7c635f32-4869-4e9d-9e79-39835879c909" />
      <TestMethod codeBase="F:\ETWork\bin\Tests\UnitTests.iCore.Workflow.Activities.dll" adapterTypeName="Microsoft.VisualStudio.TestTools.TestTypes.Unit.UnitTestAdapter" className="UnitTests.iCore.Workflow.Activities.Streams.WriteBOMActivityTests" name="Invoke_NonSeekableStream_ThrowsNotSupportedException" />
    </UnitTest>
    <UnitTest name="Invoke_DestinationStreamIsNull_ThrowsArgumentNullException" storage="f:\etwork\bin\tests\unittests.icore.workflow.activities.dll" id="056f9bcc-0941-f6b6-cfc7-2d35da19b82b">
      <Execution id="09f663a4-5270-47c7-ab5c-feb30c12feb5" />
      <TestMethod codeBase="F:\ETWork\bin\Tests\UnitTests.iCore.Workflow.Activities.dll" adapterTypeName="Microsoft.VisualStudio.TestTools.TestTypes.Unit.UnitTestAdapter" className="UnitTests.iCore.Workflow.Activities.Streams.WriteBOMActivityTests" name="Invoke_DestinationStreamIsNull_ThrowsArgumentNullException" />
    </UnitTest>
    <UnitTest name="Invoke_RequiredArgumentsMissinf_CorrectBOMWritten" storage="f:\etwork\bin\tests\unittests.icore.workflow.activities.dll" id="7a71f113-6840-88ff-7b2b-91db7f95638b">
      <Execution id="53a746da-fc80-4f27-a555-06a49b5836f0" />
      <TestMethod codeBase="F:\ETWork\bin\Tests\UnitTests.iCore.Workflow.Activities.dll" adapterTypeName="Microsoft.VisualStudio.TestTools.TestTypes.Unit.UnitTestAdapter" className="UnitTests.iCore.Workflow.Activities.Streams.WriteBOMActivityTests" name="Invoke_RequiredArgumentsMissinf_CorrectBOMWritten" />
    </UnitTest>
    <UnitTest name="Invoke_CancellationRequested_ActivityIsCanceled" storage="f:\etwork\bin\tests\unittests.icore.workflow.activities.dll" id="332b2b6d-7067-2a1f-f693-37c21c0797b4">
      <Execution id="f4082e44-b9bc-4c37-a000-0d2c2299a5b4" />
      <TestMethod codeBase="F:\ETWork\bin\Tests\UnitTests.iCore.Workflow.Activities.dll" adapterTypeName="Microsoft.VisualStudio.TestTools.TestTypes.Unit.UnitTestAdapter" className="UnitTests.iCore.Workflow.Activities.Streams.WriteBOMActivityTests" name="Invoke_CancellationRequested_ActivityIsCanceled" />
    </UnitTest>
    <UnitTest name="Invoke_PrefixedStringAndValidArgs_MethodCalledOnce" storage="f:\etwork\bin\tests\unittests.icore.workflow.activities.dll" id="7d0b214c-f885-8a76-75db-62a306431a91">
      <Execution id="396209ee-c100-4ed2-a884-6f5694eb259f" />
      <TestMethod codeBase="F:\ETWork\bin\Tests\UnitTests.iCore.Workflow.Activities.dll" adapterTypeName="Microsoft.VisualStudio.TestTools.TestTypes.Unit.UnitTestAdapter" className="UnitTests.iCore.Workflow.Activities.Streams.WriteLengthFormattedStringToStreamActivityTests" name="Invoke_PrefixedStringAndValidArgs_MethodCalledOnce" />
    </UnitTest>
    <UnitTest name="Invoke_PrefixedStringAndValidArgs_CorrectDestinationStreamUsed" storage="f:\etwork\bin\tests\unittests.icore.workflow.activities.dll" id="d6c16dfe-5f1f-f69a-6105-33328aa5a8c7">
      <Execution id="b18cd66e-570e-4bdd-8e14-70841387d61b" />
      <TestMethod codeBase="F:\ETWork\bin\Tests\UnitTests.iCore.Workflow.Activities.dll" adapterTypeName="Microsoft.VisualStudio.TestTools.TestTypes.Unit.UnitTestAdapter" className="UnitTests.iCore.Workflow.Activities.Streams.WriteLengthFormattedStringToStreamActivityTests" name="Invoke_PrefixedStringAndValidArgs_CorrectDestinationStreamUsed" />
    </UnitTest>
    <UnitTest name="Invoke_PrefixedStringAndValidArgs_CorrectPrefixUsed" storage="f:\etwork\bin\tests\unittests.icore.workflow.activities.dll" id="342ee0a7-813f-a190-4010-16d7e44c2ef7">
      <Execution id="ee29e664-c005-4ed2-9346-e37f4b0bb651" />
      <TestMethod codeBase="F:\ETWork\bin\Tests\UnitTests.iCore.Workflow.Activities.dll" adapterTypeName="Microsoft.VisualStudio.TestTools.TestTypes.Unit.UnitTestAdapter" className="UnitTests.iCore.Workflow.Activities.Streams.WriteLengthFormattedStringToStreamActivityTests" name="Invoke_PrefixedStringAndValidArgs_CorrectPrefixUsed" />
    </UnitTest>
    <UnitTest name="Invoke_PrefixedStringAndValidArgs_CorrectValueUsed" storage="f:\etwork\bin\tests\unittests.icore.workflow.activities.dll" id="5fa3aa10-c6da-0c0c-9a85-7727201a0c95">
      <Execution id="fcb87394-5f16-4503-944c-9ce62f8254dd" />
      <TestMethod codeBase="F:\ETWork\bin\Tests\UnitTests.iCore.Workflow.Activities.dll" adapterTypeName="Microsoft.VisualStudio.TestTools.TestTypes.Unit.UnitTestAdapter" className="UnitTests.iCore.Workflow.Activities.Streams.WriteLengthFormattedStringToStreamActivityTests" name="Invoke_PrefixedStringAndValidArgs_CorrectValueUsed" />
    </UnitTest>
    <UnitTest name="Invoke_PrefixedStringAndValidArgs_CorrectEncodingUsed" storage="f:\etwork\bin\tests\unittests.icore.workflow.activities.dll" id="57677cec-2844-cd76-16d3-373e02b654e4">
      <Execution id="3af2b57c-ef22-454b-b11a-0b29809f0002" />
      <TestMethod codeBase="F:\ETWork\bin\Tests\UnitTests.iCore.Workflow.Activities.dll" adapterTypeName="Microsoft.VisualStudio.TestTools.TestTypes.Unit.UnitTestAdapter" className="UnitTests.iCore.Workflow.Activities.Streams.WriteLengthFormattedStringToStreamActivityTests" name="Invoke_PrefixedStringAndValidArgs_CorrectEncodingUsed" />
    </UnitTest>
    <UnitTest name="Invoke_NullTerminatedAndValidArgs_MethodCalledOnce" storage="f:\etwork\bin\tests\unittests.icore.workflow.activities.dll" id="e5008ab8-1c04-c9e4-e887-6ae4ae3f7e48">
      <Execution id="4728fcb2-9d09-47d5-9bdc-6ac13cc86f35" />
      <TestMethod codeBase="F:\ETWork\bin\Tests\UnitTests.iCore.Workflow.Activities.dll" adapterTypeName="Microsoft.VisualStudio.TestTools.TestTypes.Unit.UnitTestAdapter" className="UnitTests.iCore.Workflow.Activities.Streams.WriteLengthFormattedStringToStreamActivityTests" name="Invoke_NullTerminatedAndValidArgs_MethodCalledOnce" />
    </UnitTest>
    <UnitTest name="Invoke_NullTerminatedAndValidArgs_CorrectStreamUsed" storage="f:\etwork\bin\tests\unittests.icore.workflow.activities.dll" id="2ab62988-1d43-53af-0a12-e6ac28190360">
      <Execution id="9698dbfc-39f5-4012-a844-33e2365d91be" />
      <TestMethod codeBase="F:\ETWork\bin\Tests\UnitTests.iCore.Workflow.Activities.dll" adapterTypeName="Microsoft.VisualStudio.TestTools.TestTypes.Unit.UnitTestAdapter" className="UnitTests.iCore.Workflow.Activities.Streams.WriteLengthFormattedStringToStreamActivityTests" name="Invoke_NullTerminatedAndValidArgs_CorrectStreamUsed" />
    </UnitTest>
    <UnitTest name="Invoke_NullTerminatedAndValidArgs_CorrectValueUsed" storage="f:\etwork\bin\tests\unittests.icore.workflow.activities.dll" id="1a1a5eed-fabb-7458-2201-90539c4d50f2">
      <Execution id="5fd74167-4626-45bc-a1b4-11d36d5d6264" />
      <TestMethod codeBase="F:\ETWork\bin\Tests\UnitTests.iCore.Workflow.Activities.dll" adapterTypeName="Microsoft.VisualStudio.TestTools.TestTypes.Unit.UnitTestAdapter" className="UnitTests.iCore.Workflow.Activities.Streams.WriteLengthFormattedStringToStreamActivityTests" name="Invoke_NullTerminatedAndValidArgs_CorrectValueUsed" />
    </UnitTest>
    <UnitTest name="Invoke_NullTerminatedAndValidArgs_CorrectEncodingUsed" storage="f:\etwork\bin\tests\unittests.icore.workflow.activities.dll" id="4a0b142f-a3e6-de99-d320-e99f30bc5f07">
      <Execution id="291f341e-0e01-4cef-a05c-c862743789e2" />
      <TestMethod codeBase="F:\ETWork\bin\Tests\UnitTests.iCore.Workflow.Activities.dll" adapterTypeName="Microsoft.VisualStudio.TestTools.TestTypes.Unit.UnitTestAdapter" className="UnitTests.iCore.Workflow.Activities.Streams.WriteLengthFormattedStringToStreamActivityTests" name="Invoke_NullTerminatedAndValidArgs_CorrectEncodingUsed" />
    </UnitTest>
    <UnitTest name="Invoke_PrefixedStringAndPrefixTypeMissing_DefaultPrefixUsed" storage="f:\etwork\bin\tests\unittests.icore.workflow.activities.dll" id="86853b7a-647c-8c3a-665a-b9ef44a37b33">
      <Execution id="e116b325-e3c6-45c5-b602-5696809294f1" />
      <TestMethod codeBase="F:\ETWork\bin\Tests\UnitTests.iCore.Workflow.Activities.dll" adapterTypeName="Microsoft.VisualStudio.TestTools.TestTypes.Unit.UnitTestAdapter" className="UnitTests.iCore.Workflow.Activities.Streams.WriteLengthFormattedStringToStreamActivityTests" name="Invoke_PrefixedStringAndPrefixTypeMissing_DefaultPrefixUsed" />
    </UnitTest>
    <UnitTest name="Invoke_NullStream_ThrowsArgumentNullException" storage="f:\etwork\bin\tests\unittests.icore.workflow.activities.dll" id="deeef6be-dc45-e112-42b7-51c421a6cb6e">
      <Execution id="0d88e75a-6979-4d23-913b-01cb7aa48b4d" />
      <TestMethod codeBase="F:\ETWork\bin\Tests\UnitTests.iCore.Workflow.Activities.dll" adapterTypeName="Microsoft.VisualStudio.TestTools.TestTypes.Unit.UnitTestAdapter" className="UnitTests.iCore.Workflow.Activities.Streams.WriteLengthFormattedStringToStreamActivityTests" name="Invoke_NullStream_ThrowsArgumentNullException" />
    </UnitTest>
    <UnitTest name="Invoke_NullValue_ThrowsArgumentNullException" storage="f:\etwork\bin\tests\unittests.icore.workflow.activities.dll" id="ec3e59d4-312e-7306-76f3-951249f2ab3a">
      <Execution id="826b1fac-b88d-41b8-9a71-628a89385f43" />
      <TestMethod codeBase="F:\ETWork\bin\Tests\UnitTests.iCore.Workflow.Activities.dll" adapterTypeName="Microsoft.VisualStudio.TestTools.TestTypes.Unit.UnitTestAdapter" className="UnitTests.iCore.Workflow.Activities.Streams.WriteLengthFormattedStringToStreamActivityTests" name="Invoke_NullValue_ThrowsArgumentNullException" />
    </UnitTest>
    <UnitTest name="Invoke_NullEncoding_ThrowsArgumentNullException" storage="f:\etwork\bin\tests\unittests.icore.workflow.activities.dll" id="782b9842-870c-d624-01b6-ce5abf75a4ed">
      <Execution id="1ed86caf-1947-477f-bd8f-1f785818fed0" />
      <TestMethod codeBase="F:\ETWork\bin\Tests\UnitTests.iCore.Workflow.Activities.dll" adapterTypeName="Microsoft.VisualStudio.TestTools.TestTypes.Unit.UnitTestAdapter" className="UnitTests.iCore.Workflow.Activities.Streams.WriteLengthFormattedStringToStreamActivityTests" name="Invoke_NullEncoding_ThrowsArgumentNullException" />
    </UnitTest>
    <UnitTest name="Invoke_StreamMissing_ThrowsArgumentException" storage="f:\etwork\bin\tests\unittests.icore.workflow.activities.dll" id="cc89a127-5505-19cc-8892-962075b9cf8d">
      <Execution id="655e5d61-3d50-4e70-b7f9-133109c87b48" />
      <TestMethod codeBase="F:\ETWork\bin\Tests\UnitTests.iCore.Workflow.Activities.dll" adapterTypeName="Microsoft.VisualStudio.TestTools.TestTypes.Unit.UnitTestAdapter" className="UnitTests.iCore.Workflow.Activities.Streams.WriteLengthFormattedStringToStreamActivityTests" name="Invoke_StreamMissing_ThrowsArgumentException" />
    </UnitTest>
    <UnitTest name="Invoke_ValueMissing_ThrowsArgumentException" storage="f:\etwork\bin\tests\unittests.icore.workflow.activities.dll" id="5cab7f57-5233-7e09-ebac-0828fb12a8a8">
      <Execution id="acd0f35c-a31b-4622-b5b3-57043790a2d3" />
      <TestMethod codeBase="F:\ETWork\bin\Tests\UnitTests.iCore.Workflow.Activities.dll" adapterTypeName="Microsoft.VisualStudio.TestTools.TestTypes.Unit.UnitTestAdapter" className="UnitTests.iCore.Workflow.Activities.Streams.WriteLengthFormattedStringToStreamActivityTests" name="Invoke_ValueMissing_ThrowsArgumentException" />
    </UnitTest>
    <UnitTest name="Invoke_StringLengthFormatPropertyMissing_ThrowsArgumentException" storage="f:\etwork\bin\tests\unittests.icore.workflow.activities.dll" id="72a9edc5-08f6-d211-abda-4cf98a859058">
      <Execution id="da854c32-983c-4756-b378-d03643db0100" />
      <TestMethod codeBase="F:\ETWork\bin\Tests\UnitTests.iCore.Workflow.Activities.dll" adapterTypeName="Microsoft.VisualStudio.TestTools.TestTypes.Unit.UnitTestAdapter" className="UnitTests.iCore.Workflow.Activities.Streams.WriteLengthFormattedStringToStreamActivityTests" name="Invoke_StringLengthFormatPropertyMissing_ThrowsArgumentException" />
    </UnitTest>
    <UnitTest name="Invoke_EncodingMissing_ThrowsArgumentException" storage="f:\etwork\bin\tests\unittests.icore.workflow.activities.dll" id="ad930378-21dd-7884-21c5-ea36345cfe81">
      <Execution id="0020f34c-ff52-4f4d-9042-2f2cd64a910f" />
      <TestMethod codeBase="F:\ETWork\bin\Tests\UnitTests.iCore.Workflow.Activities.dll" adapterTypeName="Microsoft.VisualStudio.TestTools.TestTypes.Unit.UnitTestAdapter" className="UnitTests.iCore.Workflow.Activities.Streams.WriteLengthFormattedStringToStreamActivityTests" name="Invoke_EncodingMissing_ThrowsArgumentException" />
    </UnitTest>
    <UnitTest name="Invoke_CancelRequested_ActivityCancels" storage="f:\etwork\bin\tests\unittests.icore.workflow.activities.dll" id="45245268-4dff-831e-b0b1-3da0e0269589">
      <Execution id="88210458-3665-478d-8eb9-81ace0b53cd9" />
      <TestMethod codeBase="F:\ETWork\bin\Tests\UnitTests.iCore.Workflow.Activities.dll" adapterTypeName="Microsoft.VisualStudio.TestTools.TestTypes.Unit.UnitTestAdapter" className="UnitTests.iCore.Workflow.Activities.Streams.WriteLengthFormattedStringToStreamActivityTests" name="Invoke_CancelRequested_ActivityCancels" />
    </UnitTest>
    <UnitTest name="Invoke_ValidArgs_CorrectDestinationStreamUsed" storage="f:\etwork\bin\tests\unittests.icore.workflow.activities.dll" id="4f8a7bcf-dd68-e70a-a234-f98a83a52a32">
      <Execution id="40ec5495-c601-41d7-a24c-4c7df712c0a5" />
      <TestMethod codeBase="F:\ETWork\bin\Tests\UnitTests.iCore.Workflow.Activities.dll" adapterTypeName="Microsoft.VisualStudio.TestTools.TestTypes.Unit.UnitTestAdapter" className="UnitTests.iCore.Workflow.Activities.Streams.WriteTextToStreamActivityTests" name="Invoke_ValidArgs_CorrectDestinationStreamUsed" />
    </UnitTest>
    <UnitTest name="Invoke_ValidArgs_CorrectTextUsed" storage="f:\etwork\bin\tests\unittests.icore.workflow.activities.dll" id="06de0611-24a9-dc17-cb2f-51e72aa2b9ff">
      <Execution id="c38a064e-7695-4480-895f-cf47af78a0a6" />
      <TestMethod codeBase="F:\ETWork\bin\Tests\UnitTests.iCore.Workflow.Activities.dll" adapterTypeName="Microsoft.VisualStudio.TestTools.TestTypes.Unit.UnitTestAdapter" className="UnitTests.iCore.Workflow.Activities.Streams.WriteTextToStreamActivityTests" name="Invoke_ValidArgs_CorrectTextUsed" />
    </UnitTest>
    <UnitTest name="Invoke_ValidArgs_CorrectEncodingUsed" storage="f:\etwork\bin\tests\unittests.icore.workflow.activities.dll" id="2f54f209-3553-d225-09c8-5a1b4e476e94">
      <Execution id="354f8af9-56e3-40f3-bec8-bc6035927076" />
      <TestMethod codeBase="F:\ETWork\bin\Tests\UnitTests.iCore.Workflow.Activities.dll" adapterTypeName="Microsoft.VisualStudio.TestTools.TestTypes.Unit.UnitTestAdapter" className="UnitTests.iCore.Workflow.Activities.Streams.WriteTextToStreamActivityTests" name="Invoke_ValidArgs_CorrectEncodingUsed" />
    </UnitTest>
    <UnitTest name="Invoke_ValidArgs_CorrectWriteBOMUsed" storage="f:\etwork\bin\tests\unittests.icore.workflow.activities.dll" id="2c829aec-1ce9-bdf5-1392-10a3c0f2df05">
      <Execution id="ae5016a3-b56e-4e71-8037-e309b702ff68" />
      <TestMethod codeBase="F:\ETWork\bin\Tests\UnitTests.iCore.Workflow.Activities.dll" adapterTypeName="Microsoft.VisualStudio.TestTools.TestTypes.Unit.UnitTestAdapter" className="UnitTests.iCore.Workflow.Activities.Streams.WriteTextToStreamActivityTests" name="Invoke_ValidArgs_CorrectWriteBOMUsed" />
    </UnitTest>
    <UnitTest name="Invoke_NullStream_ThrowsArgumentNullException" storage="f:\etwork\bin\tests\unittests.icore.workflow.activities.dll" id="1d697c71-8e74-9224-b68c-a48e0c2fe4e2">
      <Execution id="2da5931e-9057-473b-861e-7034d633b766" />
      <TestMethod codeBase="F:\ETWork\bin\Tests\UnitTests.iCore.Workflow.Activities.dll" adapterTypeName="Microsoft.VisualStudio.TestTools.TestTypes.Unit.UnitTestAdapter" className="UnitTests.iCore.Workflow.Activities.Streams.WriteTextToStreamActivityTests" name="Invoke_NullStream_ThrowsArgumentNullException" />
    </UnitTest>
    <UnitTest name="Invoke_NullValue_ThrowsArgumentNullException" storage="f:\etwork\bin\tests\unittests.icore.workflow.activities.dll" id="e25f273b-0319-0a21-7bbf-9a765bf1f042">
      <Execution id="c2938c77-90b9-4eeb-ae6c-30f1e23104c7" />
      <TestMethod codeBase="F:\ETWork\bin\Tests\UnitTests.iCore.Workflow.Activities.dll" adapterTypeName="Microsoft.VisualStudio.TestTools.TestTypes.Unit.UnitTestAdapter" className="UnitTests.iCore.Workflow.Activities.Streams.WriteTextToStreamActivityTests" name="Invoke_NullValue_ThrowsArgumentNullException" />
    </UnitTest>
    <UnitTest name="Invoke_MissingDestinationArgument_ThrowsArgumentException" storage="f:\etwork\bin\tests\unittests.icore.workflow.activities.dll" id="3e0ecca9-4f19-4782-f12b-7b9592bc12ab">
      <Execution id="f7380839-ac7b-497f-88cf-45f093007a77" />
      <TestMethod codeBase="F:\ETWork\bin\Tests\UnitTests.iCore.Workflow.Activities.dll" adapterTypeName="Microsoft.VisualStudio.TestTools.TestTypes.Unit.UnitTestAdapter" className="UnitTests.iCore.Workflow.Activities.Streams.WriteTextToStreamActivityTests" name="Invoke_MissingDestinationArgument_ThrowsArgumentException" />
    </UnitTest>
    <UnitTest name="Invoke_MissingValueArgument_ThrowsArgumentException" storage="f:\etwork\bin\tests\unittests.icore.workflow.activities.dll" id="9df098ee-9fa0-bc17-bf98-8d98bb1d7ffb">
      <Execution id="2c7f9d62-a9cd-4e2d-a439-9db8fd96bdcb" />
      <TestMethod codeBase="F:\ETWork\bin\Tests\UnitTests.iCore.Workflow.Activities.dll" adapterTypeName="Microsoft.VisualStudio.TestTools.TestTypes.Unit.UnitTestAdapter" className="UnitTests.iCore.Workflow.Activities.Streams.WriteTextToStreamActivityTests" name="Invoke_MissingValueArgument_ThrowsArgumentException" />
    </UnitTest>
    <UnitTest name="Invoke_MissingDataEncodingArgument_ThrowsArgumentException" storage="f:\etwork\bin\tests\unittests.icore.workflow.activities.dll" id="49b528af-bffc-c927-5114-d088d494fdd1">
      <Execution id="5c1d403a-3215-40e7-9f7c-ba34b8e82bed" />
      <TestMethod codeBase="F:\ETWork\bin\Tests\UnitTests.iCore.Workflow.Activities.dll" adapterTypeName="Microsoft.VisualStudio.TestTools.TestTypes.Unit.UnitTestAdapter" className="UnitTests.iCore.Workflow.Activities.Streams.WriteTextToStreamActivityTests" name="Invoke_MissingDataEncodingArgument_ThrowsArgumentException" />
    </UnitTest>
    <UnitTest name="Invoke_MissingWriteBOMArgument_UsesDefaultValueFalse" storage="f:\etwork\bin\tests\unittests.icore.workflow.activities.dll" id="b581cf07-6f22-d7a1-9014-30aa991e7881">
      <Execution id="891fa7e7-4498-4f33-8dc3-c374e7b8e93a" />
      <TestMethod codeBase="F:\ETWork\bin\Tests\UnitTests.iCore.Workflow.Activities.dll" adapterTypeName="Microsoft.VisualStudio.TestTools.TestTypes.Unit.UnitTestAdapter" className="UnitTests.iCore.Workflow.Activities.Streams.WriteTextToStreamActivityTests" name="Invoke_MissingWriteBOMArgument_UsesDefaultValueFalse" />
    </UnitTest>
    <UnitTest name="Invoke_CancellationRequested_ActivityIsCanceled" storage="f:\etwork\bin\tests\unittests.icore.workflow.activities.dll" id="dd762876-e74b-2380-8746-d074a4943007">
      <Execution id="f16c4337-256d-4c3d-90d3-fd63b490ffba" />
      <TestMethod codeBase="F:\ETWork\bin\Tests\UnitTests.iCore.Workflow.Activities.dll" adapterTypeName="Microsoft.VisualStudio.TestTools.TestTypes.Unit.UnitTestAdapter" className="UnitTests.iCore.Workflow.Activities.Streams.WriteTextToStreamActivityTests" name="Invoke_CancellationRequested_ActivityIsCanceled" />
    </UnitTest>
    <UnitTest name="Invoke_DependencyThrowsOutOfMemoryException_ThrowsFatalException" storage="f:\etwork\bin\tests\unittests.icore.workflow.activities.dll" id="7850050a-b17a-c0d4-07e0-9f3fd6f053d1">
      <Execution id="93e32c55-73c1-4488-9f07-af7f563eff45" />
      <TestMethod codeBase="F:\ETWork\bin\Tests\UnitTests.iCore.Workflow.Activities.dll" adapterTypeName="Microsoft.VisualStudio.TestTools.TestTypes.Unit.UnitTestAdapter" className="UnitTests.iCore.Workflow.Activities.Streams.WriteTextToStreamActivityTests" name="Invoke_DependencyThrowsOutOfMemoryException_ThrowsFatalException" />
    </UnitTest>
    <UnitTest name="Invoke_NormalExecution_Success" storage="f:\etwork\bin\tests\unittests.icore.workflow.activities.dll" id="0f3fcd57-e530-ebe7-140d-8abd1c72ca9f">
      <Execution id="4c0527f8-9e86-48f1-9a43-2d5beddb3aac" />
      <TestMethod codeBase="F:\ETWork\bin\Tests\UnitTests.iCore.Workflow.Activities.dll" adapterTypeName="Microsoft.VisualStudio.TestTools.TestTypes.Unit.UnitTestAdapter" className="UnitTests.iCore.Workflow.Activities.MSMQ.SendMsmqMessageActivityTests" name="Invoke_NormalExecution_Success" />
    </UnitTest>
    <UnitTest name="Invoke_CreateFailsAndThrowsException_ThrowTestException" storage="f:\etwork\bin\tests\unittests.icore.workflow.activities.dll" id="4d44c837-affa-8346-a367-ca8a47875fb1">
      <Execution id="2803dd85-f3f9-44c0-872d-cc6e2f7f81de" />
      <TestMethod codeBase="F:\ETWork\bin\Tests\UnitTests.iCore.Workflow.Activities.dll" adapterTypeName="Microsoft.VisualStudio.TestTools.TestTypes.Unit.UnitTestAdapter" className="UnitTests.iCore.Workflow.Activities.MSMQ.SendMsmqMessageActivityTests" name="Invoke_CreateFailsAndThrowsException_ThrowTestException" />
    </UnitTest>
    <UnitTest name="Invoke_SendFailsAndThrowsException_ThrowTestException" storage="f:\etwork\bin\tests\unittests.icore.workflow.activities.dll" id="177ae119-fd2a-8062-655f-3f2aa2042227">
      <Execution id="93305a9b-6835-41fc-bc77-2aa6171805f2" />
      <TestMethod codeBase="F:\ETWork\bin\Tests\UnitTests.iCore.Workflow.Activities.dll" adapterTypeName="Microsoft.VisualStudio.TestTools.TestTypes.Unit.UnitTestAdapter" className="UnitTests.iCore.Workflow.Activities.MSMQ.SendMsmqMessageActivityTests" name="Invoke_SendFailsAndThrowsException_ThrowTestException" />
    </UnitTest>
    <UnitTest name="Invoke_RequiredArgumentsMissing_ThrowArgumentException" storage="f:\etwork\bin\tests\unittests.icore.workflow.activities.dll" id="fe868702-d231-b016-ad85-cc3b888f26dd">
      <Execution id="000ad6d9-da5d-48c0-b75c-1159f05fc73e" />
      <TestMethod codeBase="F:\ETWork\bin\Tests\UnitTests.iCore.Workflow.Activities.dll" adapterTypeName="Microsoft.VisualStudio.TestTools.TestTypes.Unit.UnitTestAdapter" className="UnitTests.iCore.Workflow.Activities.MSMQ.SendMsmqMessageActivityTests" name="Invoke_RequiredArgumentsMissing_ThrowArgumentException" />
    </UnitTest>
    <UnitTest name="Invoke_NormalExecution_Success" storage="f:\etwork\bin\tests\unittests.icore.workflow.activities.dll" id="a2bbd766-383b-b001-2671-8caa5e6d594b">
      <Execution id="231b48a5-6abe-48a5-9474-340ca6519f5d" />
      <TestMethod codeBase="F:\ETWork\bin\Tests\UnitTests.iCore.Workflow.Activities.dll" adapterTypeName="Microsoft.VisualStudio.TestTools.TestTypes.Unit.UnitTestAdapter" className="UnitTests.iCore.Workflow.Activities.Misc.DeserializeFromWcfFormattedXmlActivityTests" name="Invoke_NormalExecution_Success" />
    </UnitTest>
    <UnitTest name="Invoke_NonRequiredArgumentsOmitted_Success" storage="f:\etwork\bin\tests\unittests.icore.workflow.activities.dll" id="21d4871f-877e-898f-66df-57a58b030405">
      <Execution id="288d8996-82ff-488c-adcf-faee63cb93cf" />
      <TestMethod codeBase="F:\ETWork\bin\Tests\UnitTests.iCore.Workflow.Activities.dll" adapterTypeName="Microsoft.VisualStudio.TestTools.TestTypes.Unit.UnitTestAdapter" className="UnitTests.iCore.Workflow.Activities.Misc.DeserializeFromWcfFormattedXmlActivityTests" name="Invoke_NonRequiredArgumentsOmitted_Success" />
    </UnitTest>
    <UnitTest name="Invoke_ErrorOccurs_ExceptionIsPropagated" storage="f:\etwork\bin\tests\unittests.icore.workflow.activities.dll" id="dbca7319-86b3-ac90-2df5-2c8cfbf57743">
      <Execution id="b4191824-4ad6-4453-bb8e-8fe618b8bdc3" />
      <TestMethod codeBase="F:\ETWork\bin\Tests\UnitTests.iCore.Workflow.Activities.dll" adapterTypeName="Microsoft.VisualStudio.TestTools.TestTypes.Unit.UnitTestAdapter" className="UnitTests.iCore.Workflow.Activities.Misc.DeserializeFromWcfFormattedXmlActivityTests" name="Invoke_ErrorOccurs_ExceptionIsPropagated" />
    </UnitTest>
    <UnitTest name="Invoke_DependencyThrowsOutOfMemoryException_ThrowsFatalException" storage="f:\etwork\bin\tests\unittests.icore.workflow.activities.dll" id="de58c0cb-2ebc-aebf-3f9b-cee791183147">
      <Execution id="aa8d81e8-a743-4727-a587-eb42be7efe56" />
      <TestMethod codeBase="F:\ETWork\bin\Tests\UnitTests.iCore.Workflow.Activities.dll" adapterTypeName="Microsoft.VisualStudio.TestTools.TestTypes.Unit.UnitTestAdapter" className="UnitTests.iCore.Workflow.Activities.Misc.DeserializeFromWcfFormattedXmlActivityTests" name="Invoke_DependencyThrowsOutOfMemoryException_ThrowsFatalException" />
    </UnitTest>
    <UnitTest name="Invoke_DestinationStreamOmitted_ThrowsArgumentException" storage="f:\etwork\bin\tests\unittests.icore.workflow.activities.dll" id="c9d1ba65-dfdb-0c4d-0757-ee75bf1abf1b">
      <Execution id="2cd7e634-5eab-421d-9818-4a76a3124e70" />
      <TestMethod codeBase="F:\ETWork\bin\Tests\UnitTests.iCore.Workflow.Activities.dll" adapterTypeName="Microsoft.VisualStudio.TestTools.TestTypes.Unit.UnitTestAdapter" className="UnitTests.iCore.Workflow.Activities.Misc.DeserializeFromWcfFormattedXmlActivityTests" name="Invoke_DestinationStreamOmitted_ThrowsArgumentException" />
    </UnitTest>
    <UnitTest name="Invoke_ConformanceLevelOmitted_ThrowsArgumentException" storage="f:\etwork\bin\tests\unittests.icore.workflow.activities.dll" id="99aaad3d-8221-59b2-4e1e-9c1a340bf94b">
      <Execution id="b38b3077-f5b9-4da0-ae95-9c13e7d23391" />
      <TestMethod codeBase="F:\ETWork\bin\Tests\UnitTests.iCore.Workflow.Activities.dll" adapterTypeName="Microsoft.VisualStudio.TestTools.TestTypes.Unit.UnitTestAdapter" className="UnitTests.iCore.Workflow.Activities.Misc.DeserializeFromWcfFormattedXmlActivityTests" name="Invoke_ConformanceLevelOmitted_ThrowsArgumentException" />
    </UnitTest>
    <UnitTest name="Invoke_PreserveObjectReferencesOmitted_ThrowsArgumentException" storage="f:\etwork\bin\tests\unittests.icore.workflow.activities.dll" id="7284e368-8a00-122a-0c90-d2039ff00771">
      <Execution id="fc06fca4-97f6-44f4-ab33-68b4f19249c9" />
      <TestMethod codeBase="F:\ETWork\bin\Tests\UnitTests.iCore.Workflow.Activities.dll" adapterTypeName="Microsoft.VisualStudio.TestTools.TestTypes.Unit.UnitTestAdapter" className="UnitTests.iCore.Workflow.Activities.Misc.DeserializeFromWcfFormattedXmlActivityTests" name="Invoke_PreserveObjectReferencesOmitted_ThrowsArgumentException" />
    </UnitTest>
    <UnitTest name="Invoke_NormalExecution_Success" storage="f:\etwork\bin\tests\unittests.icore.workflow.activities.dll" id="da7f66aa-bddb-216f-f9d2-73db6adc4063">
      <Execution id="a4888d95-9512-4a80-966d-786c6a053f63" />
      <TestMethod codeBase="F:\ETWork\bin\Tests\UnitTests.iCore.Workflow.Activities.dll" adapterTypeName="Microsoft.VisualStudio.TestTools.TestTypes.Unit.UnitTestAdapter" className="UnitTests.iCore.Workflow.Activities.Misc.DeserializeObjectFromXMLActivityTests" name="Invoke_NormalExecution_Success" />
    </UnitTest>
    <UnitTest name="Invoke_SerializationError_ThrowsException" storage="f:\etwork\bin\tests\unittests.icore.workflow.activities.dll" id="696a324a-5cca-44be-ff35-a00432a20b44">
      <Execution id="1e787c92-b338-4f55-a50d-51c2d965b54a" />
      <TestMethod codeBase="F:\ETWork\bin\Tests\UnitTests.iCore.Workflow.Activities.dll" adapterTypeName="Microsoft.VisualStudio.TestTools.TestTypes.Unit.UnitTestAdapter" className="UnitTests.iCore.Workflow.Activities.Misc.DeserializeObjectFromXMLActivityTests" name="Invoke_SerializationError_ThrowsException" />
    </UnitTest>
    <UnitTest name="Invoke_RequiredInArgumentIsMissing_UnhandledArgumentException" storage="f:\etwork\bin\tests\unittests.icore.workflow.activities.dll" id="d7be64f9-a746-6906-f712-3947400506bb">
      <Execution id="0fcea1b4-e6b1-456e-b6c9-149b2f7dc522" />
      <TestMethod codeBase="F:\ETWork\bin\Tests\UnitTests.iCore.Workflow.Activities.dll" adapterTypeName="Microsoft.VisualStudio.TestTools.TestTypes.Unit.UnitTestAdapter" className="UnitTests.iCore.Workflow.Activities.Misc.DeserializeObjectFromXMLActivityTests" name="Invoke_RequiredInArgumentIsMissing_UnhandledArgumentException" />
    </UnitTest>
    <UnitTest name="Invoke_DependencyThrowsOutOfMemoryException_ThrowsFatalException" storage="f:\etwork\bin\tests\unittests.icore.workflow.activities.dll" id="8d7c26e4-837c-c1d9-7e29-44318c26b6de">
      <Execution id="17df5f53-70f5-47ad-8dd4-a991d1544ebf" />
      <TestMethod codeBase="F:\ETWork\bin\Tests\UnitTests.iCore.Workflow.Activities.dll" adapterTypeName="Microsoft.VisualStudio.TestTools.TestTypes.Unit.UnitTestAdapter" className="UnitTests.iCore.Workflow.Activities.Misc.DeserializeObjectFromXMLActivityTests" name="Invoke_DependencyThrowsOutOfMemoryException_ThrowsFatalException" />
    </UnitTest>
    <UnitTest name="Invoke_NormalExecution_Success" storage="f:\etwork\bin\tests\unittests.icore.workflow.activities.dll" id="1f3569c2-f204-2b43-33cb-f521d386fc26">
      <Execution id="9ff7011b-7c63-4edb-ad18-ba3314fdefa5" />
      <TestMethod codeBase="F:\ETWork\bin\Tests\UnitTests.iCore.Workflow.Activities.dll" adapterTypeName="Microsoft.VisualStudio.TestTools.TestTypes.Unit.UnitTestAdapter" className="UnitTests.iCore.Workflow.Activities.Misc.SerializeObjectToXMLActivityTests" name="Invoke_NormalExecution_Success" />
    </UnitTest>
    <UnitTest name="Invoke_SerializationError_ThrowsException" storage="f:\etwork\bin\tests\unittests.icore.workflow.activities.dll" id="da4668a0-cd95-980b-f582-3c135e91901b">
      <Execution id="c7b5e08f-a671-48da-9353-a8d62b49a74e" />
      <TestMethod codeBase="F:\ETWork\bin\Tests\UnitTests.iCore.Workflow.Activities.dll" adapterTypeName="Microsoft.VisualStudio.TestTools.TestTypes.Unit.UnitTestAdapter" className="UnitTests.iCore.Workflow.Activities.Misc.SerializeObjectToXMLActivityTests" name="Invoke_SerializationError_ThrowsException" />
    </UnitTest>
    <UnitTest name="Invoke_RequiredInArgumentIsMissing_UnhandledArgumentException" storage="f:\etwork\bin\tests\unittests.icore.workflow.activities.dll" id="cf4342de-af10-f94f-97be-5bd262ebf429">
      <Execution id="cd03dcb7-2e45-40e7-a919-de6ca869c387" />
      <TestMethod codeBase="F:\ETWork\bin\Tests\UnitTests.iCore.Workflow.Activities.dll" adapterTypeName="Microsoft.VisualStudio.TestTools.TestTypes.Unit.UnitTestAdapter" className="UnitTests.iCore.Workflow.Activities.Misc.SerializeObjectToXMLActivityTests" name="Invoke_RequiredInArgumentIsMissing_UnhandledArgumentException" />
    </UnitTest>
    <UnitTest name="Invoke_NormalExecution_Success" storage="f:\etwork\bin\tests\unittests.icore.workflow.activities.dll" id="d2975740-da6f-c395-cfc3-866f8a933b3e">
      <Execution id="ae845894-ac62-4f3c-981b-286ba92c06e9" />
      <TestMethod codeBase="F:\ETWork\bin\Tests\UnitTests.iCore.Workflow.Activities.dll" adapterTypeName="Microsoft.VisualStudio.TestTools.TestTypes.Unit.UnitTestAdapter" className="UnitTests.iCore.Workflow.Activities.Misc.SerializeToWcfFormattedXmlActivityTests" name="Invoke_NormalExecution_Success" />
    </UnitTest>
    <UnitTest name="Invoke_NormalExecution_Alternative1_Success" storage="f:\etwork\bin\tests\unittests.icore.workflow.activities.dll" id="34b6abc6-3ed1-25aa-40f0-f71fde3d3223">
      <Execution id="032fe80a-1d90-44bc-a3af-0f38fdc06863" />
      <TestMethod codeBase="F:\ETWork\bin\Tests\UnitTests.iCore.Workflow.Activities.dll" adapterTypeName="Microsoft.VisualStudio.TestTools.TestTypes.Unit.UnitTestAdapter" className="UnitTests.iCore.Workflow.Activities.Misc.SerializeToWcfFormattedXmlActivityTests" name="Invoke_NormalExecution_Alternative1_Success" />
    </UnitTest>
    <UnitTest name="Invoke_NonRequiredArgumentsOmitted_Success" storage="f:\etwork\bin\tests\unittests.icore.workflow.activities.dll" id="681ee426-160f-6800-a07a-4c29c6358d5a">
      <Execution id="0e5a13a1-4fdd-4b6f-98a0-88516470e2dc" />
      <TestMethod codeBase="F:\ETWork\bin\Tests\UnitTests.iCore.Workflow.Activities.dll" adapterTypeName="Microsoft.VisualStudio.TestTools.TestTypes.Unit.UnitTestAdapter" className="UnitTests.iCore.Workflow.Activities.Misc.SerializeToWcfFormattedXmlActivityTests" name="Invoke_NonRequiredArgumentsOmitted_Success" />
    </UnitTest>
    <UnitTest name="Invoke_ErrorOccurs_ExceptionIsPropagated" storage="f:\etwork\bin\tests\unittests.icore.workflow.activities.dll" id="e12f816f-f47c-86e2-ebcd-7c7bcbfb8e8d">
      <Execution id="871d2561-c6e4-4f76-903b-4fd4fa677743" />
      <TestMethod codeBase="F:\ETWork\bin\Tests\UnitTests.iCore.Workflow.Activities.dll" adapterTypeName="Microsoft.VisualStudio.TestTools.TestTypes.Unit.UnitTestAdapter" className="UnitTests.iCore.Workflow.Activities.Misc.SerializeToWcfFormattedXmlActivityTests" name="Invoke_ErrorOccurs_ExceptionIsPropagated" />
    </UnitTest>
    <UnitTest name="Invoke_ObjectToSerializeIsNullWithObjectTypeSpecified_Succeeds" storage="f:\etwork\bin\tests\unittests.icore.workflow.activities.dll" id="1e6fb7f0-0551-ba58-1188-dd5ac53c5188">
      <Execution id="8cfeab51-3f01-4ef7-94f7-4086c54c600c" />
      <TestMethod codeBase="F:\ETWork\bin\Tests\UnitTests.iCore.Workflow.Activities.dll" adapterTypeName="Microsoft.VisualStudio.TestTools.TestTypes.Unit.UnitTestAdapter" className="UnitTests.iCore.Workflow.Activities.Misc.SerializeToWcfFormattedXmlActivityTests" name="Invoke_ObjectToSerializeIsNullWithObjectTypeSpecified_Succeeds" />
    </UnitTest>
    <UnitTest name="Invoke_ObjectToSerializeOmitted_ThrowsArgumentException" storage="f:\etwork\bin\tests\unittests.icore.workflow.activities.dll" id="6b296b27-37cd-3549-6abf-41d8588835d3">
      <Execution id="e8fe15b8-fc5b-4afb-ac15-e89edb9dd89d" />
      <TestMethod codeBase="F:\ETWork\bin\Tests\UnitTests.iCore.Workflow.Activities.dll" adapterTypeName="Microsoft.VisualStudio.TestTools.TestTypes.Unit.UnitTestAdapter" className="UnitTests.iCore.Workflow.Activities.Misc.SerializeToWcfFormattedXmlActivityTests" name="Invoke_ObjectToSerializeOmitted_ThrowsArgumentException" />
    </UnitTest>
    <UnitTest name="Invoke_OutputEncodingOmitted_ThrowsArgumentException" storage="f:\etwork\bin\tests\unittests.icore.workflow.activities.dll" id="662a9a63-56d3-8866-477f-6beb3d400546">
      <Execution id="27b2118e-954a-41aa-9159-756d60854807" />
      <TestMethod codeBase="F:\ETWork\bin\Tests\UnitTests.iCore.Workflow.Activities.dll" adapterTypeName="Microsoft.VisualStudio.TestTools.TestTypes.Unit.UnitTestAdapter" className="UnitTests.iCore.Workflow.Activities.Misc.SerializeToWcfFormattedXmlActivityTests" name="Invoke_OutputEncodingOmitted_ThrowsArgumentException" />
    </UnitTest>
    <UnitTest name="Invoke_DestinationStreamOmitted_ThrowsArgumentException" storage="f:\etwork\bin\tests\unittests.icore.workflow.activities.dll" id="73c19445-a559-3470-7b94-aff0dcdc9618">
      <Execution id="67883f05-ac42-4b64-9b87-1f0fc4e19207" />
      <TestMethod codeBase="F:\ETWork\bin\Tests\UnitTests.iCore.Workflow.Activities.dll" adapterTypeName="Microsoft.VisualStudio.TestTools.TestTypes.Unit.UnitTestAdapter" className="UnitTests.iCore.Workflow.Activities.Misc.SerializeToWcfFormattedXmlActivityTests" name="Invoke_DestinationStreamOmitted_ThrowsArgumentException" />
    </UnitTest>
    <UnitTest name="Invoke_ConformanceLevelOmitted_ThrowsArgumentException" storage="f:\etwork\bin\tests\unittests.icore.workflow.activities.dll" id="c18baff1-a259-4e1e-6219-c23fe47e3192">
      <Execution id="3f1c4a43-7beb-422d-b9a1-c571bd4f102d" />
      <TestMethod codeBase="F:\ETWork\bin\Tests\UnitTests.iCore.Workflow.Activities.dll" adapterTypeName="Microsoft.VisualStudio.TestTools.TestTypes.Unit.UnitTestAdapter" className="UnitTests.iCore.Workflow.Activities.Misc.SerializeToWcfFormattedXmlActivityTests" name="Invoke_ConformanceLevelOmitted_ThrowsArgumentException" />
    </UnitTest>
    <UnitTest name="Invoke_IndentOmitted_ThrowsArgumentException" storage="f:\etwork\bin\tests\unittests.icore.workflow.activities.dll" id="da564916-8ec0-6040-9836-e0d16ba2eb79">
      <Execution id="600f7f68-b308-47b4-aaca-3141b833ab30" />
      <TestMethod codeBase="F:\ETWork\bin\Tests\UnitTests.iCore.Workflow.Activities.dll" adapterTypeName="Microsoft.VisualStudio.TestTools.TestTypes.Unit.UnitTestAdapter" className="UnitTests.iCore.Workflow.Activities.Misc.SerializeToWcfFormattedXmlActivityTests" name="Invoke_IndentOmitted_ThrowsArgumentException" />
    </UnitTest>
    <UnitTest name="Invoke_NewLineCharactersOmitted_ThrowsArgumentException" storage="f:\etwork\bin\tests\unittests.icore.workflow.activities.dll" id="60947557-e1ae-0434-4f01-9bab15a1b994">
      <Execution id="98ab5c77-88eb-4198-a0e2-0403e1317526" />
      <TestMethod codeBase="F:\ETWork\bin\Tests\UnitTests.iCore.Workflow.Activities.dll" adapterTypeName="Microsoft.VisualStudio.TestTools.TestTypes.Unit.UnitTestAdapter" className="UnitTests.iCore.Workflow.Activities.Misc.SerializeToWcfFormattedXmlActivityTests" name="Invoke_NewLineCharactersOmitted_ThrowsArgumentException" />
    </UnitTest>
    <UnitTest name="Invoke_OmitXmlDeclarationOmitted_ThrowsArgumentException" storage="f:\etwork\bin\tests\unittests.icore.workflow.activities.dll" id="da16e5aa-6470-de1a-574f-85ec3f0425c8">
      <Execution id="0aebb2ac-f22b-45a6-9eb2-ec8f783c5b3b" />
      <TestMethod codeBase="F:\ETWork\bin\Tests\UnitTests.iCore.Workflow.Activities.dll" adapterTypeName="Microsoft.VisualStudio.TestTools.TestTypes.Unit.UnitTestAdapter" className="UnitTests.iCore.Workflow.Activities.Misc.SerializeToWcfFormattedXmlActivityTests" name="Invoke_OmitXmlDeclarationOmitted_ThrowsArgumentException" />
    </UnitTest>
    <UnitTest name="Invoke_PreserveObjectReferencesOmitted_ThrowsArgumentException" storage="f:\etwork\bin\tests\unittests.icore.workflow.activities.dll" id="8264ad79-2df0-1a58-a6e6-5fe25bbc7e34">
      <Execution id="2d5ede25-1eee-4089-8b67-838f8661d798" />
      <TestMethod codeBase="F:\ETWork\bin\Tests\UnitTests.iCore.Workflow.Activities.dll" adapterTypeName="Microsoft.VisualStudio.TestTools.TestTypes.Unit.UnitTestAdapter" className="UnitTests.iCore.Workflow.Activities.Misc.SerializeToWcfFormattedXmlActivityTests" name="Invoke_PreserveObjectReferencesOmitted_ThrowsArgumentException" />
    </UnitTest>
    <UnitTest name="Invoke_SerializeReadOnlyTypesOmitted_ThrowsArgumentException" storage="f:\etwork\bin\tests\unittests.icore.workflow.activities.dll" id="d8bee227-1cf9-a063-e60d-25e4997f6f29">
      <Execution id="d7353010-5e44-44ef-b5a7-37ed0e0c8679" />
      <TestMethod codeBase="F:\ETWork\bin\Tests\UnitTests.iCore.Workflow.Activities.dll" adapterTypeName="Microsoft.VisualStudio.TestTools.TestTypes.Unit.UnitTestAdapter" className="UnitTests.iCore.Workflow.Activities.Misc.SerializeToWcfFormattedXmlActivityTests" name="Invoke_SerializeReadOnlyTypesOmitted_ThrowsArgumentException" />
    </UnitTest>
    <UnitTest name="Invoke_AllParametersSet_Success" storage="f:\etwork\bin\tests\unittests.icore.workflow.activities.dll" id="388a2faf-08f5-19a9-b891-7848dc042c17">
      <Execution id="03eebdfc-03d3-431c-bd80-37a20c10bd9d" />
      <TestMethod codeBase="F:\ETWork\bin\Tests\UnitTests.iCore.Workflow.Activities.dll" adapterTypeName="Microsoft.VisualStudio.TestTools.TestTypes.Unit.UnitTestAdapter" className="UnitTests.iCore.Workflow.Activities.Misc.XsltTransformActivityTest" name="Invoke_AllParametersSet_Success" />
    </UnitTest>
    <UnitTest name="Invoke_NullXml_NullArgumentException" storage="f:\etwork\bin\tests\unittests.icore.workflow.activities.dll" id="24d8fcbc-16b6-806c-1dc1-bd5ddfc24952">
      <Execution id="2ab629dc-5c08-488e-afdd-94b147b7345c" />
      <TestMethod codeBase="F:\ETWork\bin\Tests\UnitTests.iCore.Workflow.Activities.dll" adapterTypeName="Microsoft.VisualStudio.TestTools.TestTypes.Unit.UnitTestAdapter" className="UnitTests.iCore.Workflow.Activities.Misc.XsltTransformActivityTest" name="Invoke_NullXml_NullArgumentException" />
    </UnitTest>
    <UnitTest name="Invoke_NullTemplate_NullArgumentException" storage="f:\etwork\bin\tests\unittests.icore.workflow.activities.dll" id="b46bdb86-fe3f-dda6-7ad3-5cfd0b43898b">
      <Execution id="7b7a8183-c08c-44ae-bf8d-fc4cb963cfb5" />
      <TestMethod codeBase="F:\ETWork\bin\Tests\UnitTests.iCore.Workflow.Activities.dll" adapterTypeName="Microsoft.VisualStudio.TestTools.TestTypes.Unit.UnitTestAdapter" className="UnitTests.iCore.Workflow.Activities.Misc.XsltTransformActivityTest" name="Invoke_NullTemplate_NullArgumentException" />
    </UnitTest>
    <UnitTest name="Invoke_NullResult_NullArgumentException" storage="f:\etwork\bin\tests\unittests.icore.workflow.activities.dll" id="e390e305-681c-8df0-db57-972f696409a7">
      <Execution id="18354749-91ce-411c-8629-094969e6deec" />
      <TestMethod codeBase="F:\ETWork\bin\Tests\UnitTests.iCore.Workflow.Activities.dll" adapterTypeName="Microsoft.VisualStudio.TestTools.TestTypes.Unit.UnitTestAdapter" className="UnitTests.iCore.Workflow.Activities.Misc.XsltTransformActivityTest" name="Invoke_NullResult_NullArgumentException" />
    </UnitTest>
    <UnitTest name="Invoke_XmlNotSet_ArgumentException" storage="f:\etwork\bin\tests\unittests.icore.workflow.activities.dll" id="c2d4b17a-daff-0a0c-11f3-f877471a73c4">
      <Execution id="661fafef-7bba-40f0-a586-f44fb1a64e69" />
      <TestMethod codeBase="F:\ETWork\bin\Tests\UnitTests.iCore.Workflow.Activities.dll" adapterTypeName="Microsoft.VisualStudio.TestTools.TestTypes.Unit.UnitTestAdapter" className="UnitTests.iCore.Workflow.Activities.Misc.XsltTransformActivityTest" name="Invoke_XmlNotSet_ArgumentException" />
    </UnitTest>
    <UnitTest name="Invoke_TemplateNotSet_ArgumentException" storage="f:\etwork\bin\tests\unittests.icore.workflow.activities.dll" id="d5682fa6-5054-3b16-026c-89169f7a101c">
      <Execution id="5d64f911-52ac-4d82-b00f-1df2ca9991df" />
      <TestMethod codeBase="F:\ETWork\bin\Tests\UnitTests.iCore.Workflow.Activities.dll" adapterTypeName="Microsoft.VisualStudio.TestTools.TestTypes.Unit.UnitTestAdapter" className="UnitTests.iCore.Workflow.Activities.Misc.XsltTransformActivityTest" name="Invoke_TemplateNotSet_ArgumentException" />
    </UnitTest>
    <UnitTest name="Invoke_ResultNotSet_ArgumentException" storage="f:\etwork\bin\tests\unittests.icore.workflow.activities.dll" id="bf4f73e7-5998-1790-a256-6cd47e1e58a2">
      <Execution id="7824315d-b74a-45a9-aacd-4b50c9ba8109" />
      <TestMethod codeBase="F:\ETWork\bin\Tests\UnitTests.iCore.Workflow.Activities.dll" adapterTypeName="Microsoft.VisualStudio.TestTools.TestTypes.Unit.UnitTestAdapter" className="UnitTests.iCore.Workflow.Activities.Misc.XsltTransformActivityTest" name="Invoke_ResultNotSet_ArgumentException" />
    </UnitTest>
    <UnitTest name="Invoke_AllParametersSet_ExceptionPassedAlong" storage="f:\etwork\bin\tests\unittests.icore.workflow.activities.dll" id="bfdb4ebc-0c24-7fce-b476-3715a129d0af">
      <Execution id="24a4371e-c51a-4609-b393-8d17f2c9e44c" />
      <TestMethod codeBase="F:\ETWork\bin\Tests\UnitTests.iCore.Workflow.Activities.dll" adapterTypeName="Microsoft.VisualStudio.TestTools.TestTypes.Unit.UnitTestAdapter" className="UnitTests.iCore.Workflow.Activities.Misc.XsltTransformActivityTest" name="Invoke_AllParametersSet_ExceptionPassedAlong" />
    </UnitTest>
    <UnitTest name="Invoke_AllParametersSet_XmlPositionAtEnd" storage="f:\etwork\bin\tests\unittests.icore.workflow.activities.dll" id="8fa72030-6750-1367-5c3f-7adf085ff05f">
      <Execution id="73111ee0-ef5e-460b-bf5c-7110cb1a216a" />
      <TestMethod codeBase="F:\ETWork\bin\Tests\UnitTests.iCore.Workflow.Activities.dll" adapterTypeName="Microsoft.VisualStudio.TestTools.TestTypes.Unit.UnitTestAdapter" className="UnitTests.iCore.Workflow.Activities.Misc.XsltTransformActivityTest" name="Invoke_AllParametersSet_XmlPositionAtEnd" />
    </UnitTest>
    <UnitTest name="Invoke_AllParametersSet_XsltPositionAtEnd" storage="f:\etwork\bin\tests\unittests.icore.workflow.activities.dll" id="4ccf8d3f-5713-7bb0-99b3-f9641274ea59">
      <Execution id="654f5b1d-8d22-46a3-bc7b-9bd9e27abcc6" />
      <TestMethod codeBase="F:\ETWork\bin\Tests\UnitTests.iCore.Workflow.Activities.dll" adapterTypeName="Microsoft.VisualStudio.TestTools.TestTypes.Unit.UnitTestAdapter" className="UnitTests.iCore.Workflow.Activities.Misc.XsltTransformActivityTest" name="Invoke_AllParametersSet_XsltPositionAtEnd" />
    </UnitTest>
    <UnitTest name="Invoke_AllParametersSet_DestinationPositionAtEnd" storage="f:\etwork\bin\tests\unittests.icore.workflow.activities.dll" id="54663ab1-4312-8857-3fc7-57f7f71d829c">
      <Execution id="ac8fcf2d-4fcd-41f6-b2eb-6ae840fa4e21" />
      <TestMethod codeBase="F:\ETWork\bin\Tests\UnitTests.iCore.Workflow.Activities.dll" adapterTypeName="Microsoft.VisualStudio.TestTools.TestTypes.Unit.UnitTestAdapter" className="UnitTests.iCore.Workflow.Activities.Misc.XsltTransformActivityTest" name="Invoke_AllParametersSet_DestinationPositionAtEnd" />
    </UnitTest>
    <UnitTest name="Construction_NoArgs_Success" storage="f:\etwork\bin\tests\unittests.icore.workflow.activities.dll" id="564fac99-fd1f-8678-f4fa-68d445409dc9">
      <Execution id="6f6b4fda-5b98-4fce-b955-744d41083faa" />
      <TestMethod codeBase="F:\ETWork\bin\Tests\UnitTests.iCore.Workflow.Activities.dll" adapterTypeName="Microsoft.VisualStudio.TestTools.TestTypes.Unit.UnitTestAdapter" className="UnitTests.iCore.Workflow.Activities.Misc.UnzipActivityTests" name="Construction_NoArgs_Success" />
    </UnitTest>
    <UnitTest name="Invoke_AllRequiredArgsSet_UnzipAsyncOperationCalled" storage="f:\etwork\bin\tests\unittests.icore.workflow.activities.dll" id="90ccc6ff-b321-980b-08b2-d073f2c7ab8e">
      <Execution id="133b1638-7d3e-425c-a292-09e2471f3323" />
      <TestMethod codeBase="F:\ETWork\bin\Tests\UnitTests.iCore.Workflow.Activities.dll" adapterTypeName="Microsoft.VisualStudio.TestTools.TestTypes.Unit.UnitTestAdapter" className="UnitTests.iCore.Workflow.Activities.Misc.UnzipActivityTests" name="Invoke_AllRequiredArgsSet_UnzipAsyncOperationCalled" />
    </UnitTest>
    <UnitTest name="Invoke_AllArgsSet_UnzipAsyncOperationCalled" storage="f:\etwork\bin\tests\unittests.icore.workflow.activities.dll" id="ae4dfcd6-ea88-a269-450f-1cc9d1f1158f">
      <Execution id="722c8c5a-a392-4d0f-8512-fb5532cef766" />
      <TestMethod codeBase="F:\ETWork\bin\Tests\UnitTests.iCore.Workflow.Activities.dll" adapterTypeName="Microsoft.VisualStudio.TestTools.TestTypes.Unit.UnitTestAdapter" className="UnitTests.iCore.Workflow.Activities.Misc.UnzipActivityTests" name="Invoke_AllArgsSet_UnzipAsyncOperationCalled" />
    </UnitTest>
    <UnitTest name="Invoke_AsyncTaskFaults_ThrowsTestException" storage="f:\etwork\bin\tests\unittests.icore.workflow.activities.dll" id="ed386bbe-509d-4e9f-e7eb-e2d2d1263e01">
      <Execution id="489aa947-1db3-4cac-a84c-629acf8f8071" />
      <TestMethod codeBase="F:\ETWork\bin\Tests\UnitTests.iCore.Workflow.Activities.dll" adapterTypeName="Microsoft.VisualStudio.TestTools.TestTypes.Unit.UnitTestAdapter" className="UnitTests.iCore.Workflow.Activities.Misc.UnzipActivityTests" name="Invoke_AsyncTaskFaults_ThrowsTestException" />
    </UnitTest>
    <UnitTest name="Invoke_ActivityCancelled_TaskIsCancelled" storage="f:\etwork\bin\tests\unittests.icore.workflow.activities.dll" id="8b2599b2-d8b4-fe5b-4322-a8c676a21348">
      <Execution id="a047632a-e6e5-49c6-823d-f8359b506454" />
      <TestMethod codeBase="F:\ETWork\bin\Tests\UnitTests.iCore.Workflow.Activities.dll" adapterTypeName="Microsoft.VisualStudio.TestTools.TestTypes.Unit.UnitTestAdapter" className="UnitTests.iCore.Workflow.Activities.Misc.UnzipActivityTests" name="Invoke_ActivityCancelled_TaskIsCancelled" />
    </UnitTest>
    <UnitTest name="Invoke_ValidArgs_ArchiveNotClosedOnReturn" storage="f:\etwork\bin\tests\unittests.icore.workflow.activities.dll" id="39d37f83-0de1-62be-883f-255e14f2bb56">
      <Execution id="67154304-2e2b-445d-a38e-32465076c733" />
      <TestMethod codeBase="F:\ETWork\bin\Tests\UnitTests.iCore.Workflow.Activities.dll" adapterTypeName="Microsoft.VisualStudio.TestTools.TestTypes.Unit.UnitTestAdapter" className="UnitTests.iCore.Workflow.Activities.Misc.UnzipActivityTests" name="Invoke_ValidArgs_ArchiveNotClosedOnReturn" />
    </UnitTest>
    <UnitTest name="Invoke_NormalExecutionAndRequiredArgumentsOnly_Success" storage="f:\etwork\bin\tests\unittests.icore.workflow.activities.dll" id="1accc8f7-49b8-fcab-b736-2ae6817a3d3c">
      <Execution id="84f6c459-0f0f-4b04-afa6-01ece5539e2f" />
      <TestMethod codeBase="F:\ETWork\bin\Tests\UnitTests.iCore.Workflow.Activities.dll" adapterTypeName="Microsoft.VisualStudio.TestTools.TestTypes.Unit.UnitTestAdapter" className="UnitTests.iCore.Workflow.Activities.Misc.ExecuteProgramActivityTests" name="Invoke_NormalExecutionAndRequiredArgumentsOnly_Success" />
    </UnitTest>
    <UnitTest name="Invoke_RedirectStandardOutputEnabledAndStreamSet_Success" storage="f:\etwork\bin\tests\unittests.icore.workflow.activities.dll" id="e4db714a-17cf-4815-dee6-3bd03a9bf254">
      <Execution id="6a50e437-afc5-4408-bfab-4e4fdbc05e29" />
      <TestMethod codeBase="F:\ETWork\bin\Tests\UnitTests.iCore.Workflow.Activities.dll" adapterTypeName="Microsoft.VisualStudio.TestTools.TestTypes.Unit.UnitTestAdapter" className="UnitTests.iCore.Workflow.Activities.Misc.ExecuteProgramActivityTests" name="Invoke_RedirectStandardOutputEnabledAndStreamSet_Success" />
    </UnitTest>
    <UnitTest name="Invoke_RedirectStandardOutputEnabledAndStreamSet_CorrectDataWrittenToStream" storage="f:\etwork\bin\tests\unittests.icore.workflow.activities.dll" id="70897e09-27e2-ec6c-95a6-d69cee9abf6e">
      <Execution id="93d2833e-9714-48ac-b29a-1cc05a5ede20" />
      <TestMethod codeBase="F:\ETWork\bin\Tests\UnitTests.iCore.Workflow.Activities.dll" adapterTypeName="Microsoft.VisualStudio.TestTools.TestTypes.Unit.UnitTestAdapter" className="UnitTests.iCore.Workflow.Activities.Misc.ExecuteProgramActivityTests" name="Invoke_RedirectStandardOutputEnabledAndStreamSet_CorrectDataWrittenToStream" />
    </UnitTest>
    <UnitTest name="Invoke_RedirectStandardOutputEnabledAndStreamNotSet_NoRedirection" storage="f:\etwork\bin\tests\unittests.icore.workflow.activities.dll" id="83cd91ad-f54a-1abe-6cac-ff54b216b3e6">
      <Execution id="3c4e8a0e-5958-4c52-b168-17b4cc1d89b9" />
      <TestMethod codeBase="F:\ETWork\bin\Tests\UnitTests.iCore.Workflow.Activities.dll" adapterTypeName="Microsoft.VisualStudio.TestTools.TestTypes.Unit.UnitTestAdapter" className="UnitTests.iCore.Workflow.Activities.Misc.ExecuteProgramActivityTests" name="Invoke_RedirectStandardOutputEnabledAndStreamNotSet_NoRedirection" />
    </UnitTest>
    <UnitTest name="Invoke_RedirectStandardOutputEnabledAndStreamSetAndWaitIsFalse_ThrowsArgumentException" storage="f:\etwork\bin\tests\unittests.icore.workflow.activities.dll" id="434deaf4-989d-5482-5172-2e1bc7f8d126">
      <Execution id="e4872293-7b06-4b01-94f6-5ba20ae7a9bb" />
      <TestMethod codeBase="F:\ETWork\bin\Tests\UnitTests.iCore.Workflow.Activities.dll" adapterTypeName="Microsoft.VisualStudio.TestTools.TestTypes.Unit.UnitTestAdapter" className="UnitTests.iCore.Workflow.Activities.Misc.ExecuteProgramActivityTests" name="Invoke_RedirectStandardOutputEnabledAndStreamSetAndWaitIsFalse_ThrowsArgumentException" />
    </UnitTest>
    <UnitTest name="Invoke_RedirectStandardErrorEnabledAndStreamSet_Success" storage="f:\etwork\bin\tests\unittests.icore.workflow.activities.dll" id="783d7d71-e76a-2a88-4426-3efa4eda0b49">
      <Execution id="78649e05-d21a-4756-8d58-2b6c53a11f0c" />
      <TestMethod codeBase="F:\ETWork\bin\Tests\UnitTests.iCore.Workflow.Activities.dll" adapterTypeName="Microsoft.VisualStudio.TestTools.TestTypes.Unit.UnitTestAdapter" className="UnitTests.iCore.Workflow.Activities.Misc.ExecuteProgramActivityTests" name="Invoke_RedirectStandardErrorEnabledAndStreamSet_Success" />
    </UnitTest>
    <UnitTest name="Invoke_RedirectStandardErrorEnabledAndStreamSet_CorrectDataWrittenToStream" storage="f:\etwork\bin\tests\unittests.icore.workflow.activities.dll" id="dbc7df44-76a8-5cd8-3840-87bc43f1b83d">
      <Execution id="da6aff74-59d2-43c4-bd8c-f46989ac629a" />
      <TestMethod codeBase="F:\ETWork\bin\Tests\UnitTests.iCore.Workflow.Activities.dll" adapterTypeName="Microsoft.VisualStudio.TestTools.TestTypes.Unit.UnitTestAdapter" className="UnitTests.iCore.Workflow.Activities.Misc.ExecuteProgramActivityTests" name="Invoke_RedirectStandardErrorEnabledAndStreamSet_CorrectDataWrittenToStream" />
    </UnitTest>
    <UnitTest name="Invoke_RedirectStandardErrorEnabledAndStreamNotSet_NoRedirection" storage="f:\etwork\bin\tests\unittests.icore.workflow.activities.dll" id="94837460-5a93-633e-3739-40bc4e939c59">
      <Execution id="0403c43c-bcee-46c2-aaa1-8171a950a672" />
      <TestMethod codeBase="F:\ETWork\bin\Tests\UnitTests.iCore.Workflow.Activities.dll" adapterTypeName="Microsoft.VisualStudio.TestTools.TestTypes.Unit.UnitTestAdapter" className="UnitTests.iCore.Workflow.Activities.Misc.ExecuteProgramActivityTests" name="Invoke_RedirectStandardErrorEnabledAndStreamNotSet_NoRedirection" />
    </UnitTest>
    <UnitTest name="Invoke_RedirectStandardErrorEnabledAndStreamSetAndWaitIsFalse_ThrowsArgumentException" storage="f:\etwork\bin\tests\unittests.icore.workflow.activities.dll" id="ef07fe65-9f3e-7070-8188-455423af90d3">
      <Execution id="bf406b2b-80f9-4c67-9827-e993c9d3fcd3" />
      <TestMethod codeBase="F:\ETWork\bin\Tests\UnitTests.iCore.Workflow.Activities.dll" adapterTypeName="Microsoft.VisualStudio.TestTools.TestTypes.Unit.UnitTestAdapter" className="UnitTests.iCore.Workflow.Activities.Misc.ExecuteProgramActivityTests" name="Invoke_RedirectStandardErrorEnabledAndStreamSetAndWaitIsFalse_ThrowsArgumentException" />
    </UnitTest>
    <UnitTest name="Invoke_AllRedirectsEnabled_Success" storage="f:\etwork\bin\tests\unittests.icore.workflow.activities.dll" id="b06faa4e-936f-03f5-f12e-ac51ec3b76bb">
      <Execution id="5a6b4ed0-2154-4afa-b28e-4612ad6ce02e" />
      <TestMethod codeBase="F:\ETWork\bin\Tests\UnitTests.iCore.Workflow.Activities.dll" adapterTypeName="Microsoft.VisualStudio.TestTools.TestTypes.Unit.UnitTestAdapter" className="UnitTests.iCore.Workflow.Activities.Misc.ExecuteProgramActivityTests" name="Invoke_AllRedirectsEnabled_Success" />
    </UnitTest>
    <UnitTest name="Invoke_CorrectOptionalArguments_Success" storage="f:\etwork\bin\tests\unittests.icore.workflow.activities.dll" id="b8fa7aa1-3377-877d-1beb-28f962b0335a">
      <Execution id="439340bb-7b5a-45f1-a906-6d5c0fe9f264" />
      <TestMethod codeBase="F:\ETWork\bin\Tests\UnitTests.iCore.Workflow.Activities.dll" adapterTypeName="Microsoft.VisualStudio.TestTools.TestTypes.Unit.UnitTestAdapter" className="UnitTests.iCore.Workflow.Activities.Misc.ExecuteProgramActivityTests" name="Invoke_CorrectOptionalArguments_Success" />
    </UnitTest>
    <UnitTest name="Invoke_WaitIsTrue_CorrectExitCode" storage="f:\etwork\bin\tests\unittests.icore.workflow.activities.dll" id="1fdef617-27b6-d5bb-0de5-84366fa14d76">
      <Execution id="548b41af-dc50-418b-9a8a-50f1bc6945b8" />
      <TestMethod codeBase="F:\ETWork\bin\Tests\UnitTests.iCore.Workflow.Activities.dll" adapterTypeName="Microsoft.VisualStudio.TestTools.TestTypes.Unit.UnitTestAdapter" className="UnitTests.iCore.Workflow.Activities.Misc.ExecuteProgramActivityTests" name="Invoke_WaitIsTrue_CorrectExitCode" />
    </UnitTest>
    <UnitTest name="Invoke_WaitIsFalse_ExitCodeIsZero" storage="f:\etwork\bin\tests\unittests.icore.workflow.activities.dll" id="ad7732eb-7786-a952-48e2-87051c16e28e">
      <Execution id="1a1d3e2e-dfa8-4d86-a210-11c7c3baa970" />
      <TestMethod codeBase="F:\ETWork\bin\Tests\UnitTests.iCore.Workflow.Activities.dll" adapterTypeName="Microsoft.VisualStudio.TestTools.TestTypes.Unit.UnitTestAdapter" className="UnitTests.iCore.Workflow.Activities.Misc.ExecuteProgramActivityTests" name="Invoke_WaitIsFalse_ExitCodeIsZero" />
    </UnitTest>
    <UnitTest name="Invoke_ProcessStartThrows_ThrowsTestException" storage="f:\etwork\bin\tests\unittests.icore.workflow.activities.dll" id="7fcccf3d-fbf4-e8dd-fa32-2e9ffcf7c900">
      <Execution id="fe9ddb8d-81de-489c-9056-9ef39c0c9724" />
      <TestMethod codeBase="F:\ETWork\bin\Tests\UnitTests.iCore.Workflow.Activities.dll" adapterTypeName="Microsoft.VisualStudio.TestTools.TestTypes.Unit.UnitTestAdapter" className="UnitTests.iCore.Workflow.Activities.Misc.ExecuteProgramActivityTests" name="Invoke_ProcessStartThrows_ThrowsTestException" />
    </UnitTest>
    <UnitTest name="Invoke_RequiredArgumentsMissing_ThrowsArgumentException" storage="f:\etwork\bin\tests\unittests.icore.workflow.activities.dll" id="dd749434-54b8-a1d0-c53b-51f9fe1de67a">
      <Execution id="bc4d6234-6cc3-49f4-8c44-382675dd2c0e" />
      <TestMethod codeBase="F:\ETWork\bin\Tests\UnitTests.iCore.Workflow.Activities.dll" adapterTypeName="Microsoft.VisualStudio.TestTools.TestTypes.Unit.UnitTestAdapter" className="UnitTests.iCore.Workflow.Activities.Misc.ExecuteProgramActivityTests" name="Invoke_RequiredArgumentsMissing_ThrowsArgumentException" />
    </UnitTest>
    <UnitTest name="Invoke_DependencyThrowsOutOfMemoryException_ThrowsOutOfMemoryException" storage="f:\etwork\bin\tests\unittests.icore.workflow.activities.dll" id="cbfd30ef-da81-1251-484a-b4f53497091d">
      <Execution id="5a0ef9cd-0605-40fe-8c89-e89c23fd03ab" />
      <TestMethod codeBase="F:\ETWork\bin\Tests\UnitTests.iCore.Workflow.Activities.dll" adapterTypeName="Microsoft.VisualStudio.TestTools.TestTypes.Unit.UnitTestAdapter" className="UnitTests.iCore.Workflow.Activities.Misc.ExecuteProgramActivityTests" name="Invoke_DependencyThrowsOutOfMemoryException_ThrowsOutOfMemoryException" />
    </UnitTest>
    <UnitTest name="Invoke_NormalExecution_Success" storage="f:\etwork\bin\tests\unittests.icore.workflow.activities.dll" id="9706b50c-2b14-0804-bce7-c6abec746f75">
      <Execution id="24d185e3-2545-4ceb-8556-876f37af30b4" />
      <TestMethod codeBase="F:\ETWork\bin\Tests\UnitTests.iCore.Workflow.Activities.dll" adapterTypeName="Microsoft.VisualStudio.TestTools.TestTypes.Unit.UnitTestAdapter" className="UnitTests.iCore.Workflow.Activities.Misc.SendEMailActivityTests" name="Invoke_NormalExecution_Success" />
    </UnitTest>
    <UnitTest name="Invoke_DSNArgumentsMissing_SuccessAndDefaultDSNUsed" storage="f:\etwork\bin\tests\unittests.icore.workflow.activities.dll" id="25f5d90f-f295-108c-b182-5b9765d1fa5c">
      <Execution id="cebe0334-1fe3-402f-9200-21cd7a1aa7c8" />
      <TestMethod codeBase="F:\ETWork\bin\Tests\UnitTests.iCore.Workflow.Activities.dll" adapterTypeName="Microsoft.VisualStudio.TestTools.TestTypes.Unit.UnitTestAdapter" className="UnitTests.iCore.Workflow.Activities.Misc.SendEMailActivityTests" name="Invoke_DSNArgumentsMissing_SuccessAndDefaultDSNUsed" />
    </UnitTest>
    <UnitTest name="Invoke_ToAddressesBadlyFormatted_Success" storage="f:\etwork\bin\tests\unittests.icore.workflow.activities.dll" id="45f9c19f-b19f-874c-437b-d2b3d71a73f9">
      <Execution id="7b6c286c-00d1-4d3b-8920-f083ae763356" />
      <TestMethod codeBase="F:\ETWork\bin\Tests\UnitTests.iCore.Workflow.Activities.dll" adapterTypeName="Microsoft.VisualStudio.TestTools.TestTypes.Unit.UnitTestAdapter" className="UnitTests.iCore.Workflow.Activities.Misc.SendEMailActivityTests" name="Invoke_ToAddressesBadlyFormatted_Success" />
    </UnitTest>
    <UnitTest name="Invoke_NoAttachments_Success" storage="f:\etwork\bin\tests\unittests.icore.workflow.activities.dll" id="b3dcbb22-4599-206b-7f57-16fd630cd3f9">
      <Execution id="e7b4c87e-b5cc-4fff-9bc2-f86e9ab06613" />
      <TestMethod codeBase="F:\ETWork\bin\Tests\UnitTests.iCore.Workflow.Activities.dll" adapterTypeName="Microsoft.VisualStudio.TestTools.TestTypes.Unit.UnitTestAdapter" className="UnitTests.iCore.Workflow.Activities.Misc.SendEMailActivityTests" name="Invoke_NoAttachments_Success" />
    </UnitTest>
    <UnitTest name="Invoke_WrongConnectionArguments_ThrowsTestException" storage="f:\etwork\bin\tests\unittests.icore.workflow.activities.dll" id="03cdf676-b539-dcb8-bddd-436560edc044">
      <Execution id="4dece669-2e48-4aef-a7f6-2f1d69033d71" />
      <TestMethod codeBase="F:\ETWork\bin\Tests\UnitTests.iCore.Workflow.Activities.dll" adapterTypeName="Microsoft.VisualStudio.TestTools.TestTypes.Unit.UnitTestAdapter" className="UnitTests.iCore.Workflow.Activities.Misc.SendEMailActivityTests" name="Invoke_WrongConnectionArguments_ThrowsTestException" />
    </UnitTest>
    <UnitTest name="Invoke_WrongMessageArguments_ThrowsTestException" storage="f:\etwork\bin\tests\unittests.icore.workflow.activities.dll" id="91179e17-dd49-eb57-27f0-73eb102b314a">
      <Execution id="c8d09e0f-b8f3-4d68-8ddf-feaf8c783b8b" />
      <TestMethod codeBase="F:\ETWork\bin\Tests\UnitTests.iCore.Workflow.Activities.dll" adapterTypeName="Microsoft.VisualStudio.TestTools.TestTypes.Unit.UnitTestAdapter" className="UnitTests.iCore.Workflow.Activities.Misc.SendEMailActivityTests" name="Invoke_WrongMessageArguments_ThrowsTestException" />
    </UnitTest>
    <UnitTest name="Invoke_RequiredInArgumentIsMissing_UnhandledArgumentException" storage="f:\etwork\bin\tests\unittests.icore.workflow.activities.dll" id="c017956a-6796-025f-42d7-b6adb1a6b3c4">
      <Execution id="aab2d0ba-8a25-4ec2-860c-ec413ea8ac08" />
      <TestMethod codeBase="F:\ETWork\bin\Tests\UnitTests.iCore.Workflow.Activities.dll" adapterTypeName="Microsoft.VisualStudio.TestTools.TestTypes.Unit.UnitTestAdapter" className="UnitTests.iCore.Workflow.Activities.Misc.SendEMailActivityTests" name="Invoke_RequiredInArgumentIsMissing_UnhandledArgumentException" />
    </UnitTest>
    <UnitTest name="Construction_NoArgs_Success" storage="f:\etwork\bin\tests\unittests.icore.workflow.activities.dll" id="1fccce28-5d1f-c8bd-b423-cdff146ba51f">
      <Execution id="47da8845-87e6-4a90-b0b3-2fbf885e2e9a" />
      <TestMethod codeBase="F:\ETWork\bin\Tests\UnitTests.iCore.Workflow.Activities.dll" adapterTypeName="Microsoft.VisualStudio.TestTools.TestTypes.Unit.UnitTestAdapter" className="UnitTests.iCore.Workflow.Activities.Misc.ZipActivityTests" name="Construction_NoArgs_Success" />
    </UnitTest>
    <UnitTest name="Invoke_AllRequiredArgsSet_ZipOperationCalled" storage="f:\etwork\bin\tests\unittests.icore.workflow.activities.dll" id="e7c85f26-9d11-f293-cac1-7d5b62a53ae2">
      <Execution id="3a1d5064-8fba-44c3-9704-fe05022f8162" />
      <TestMethod codeBase="F:\ETWork\bin\Tests\UnitTests.iCore.Workflow.Activities.dll" adapterTypeName="Microsoft.VisualStudio.TestTools.TestTypes.Unit.UnitTestAdapter" className="UnitTests.iCore.Workflow.Activities.Misc.ZipActivityTests" name="Invoke_AllRequiredArgsSet_ZipOperationCalled" />
    </UnitTest>
    <UnitTest name="Invoke_AsyncTaskFaults_ThrowsTestException" storage="f:\etwork\bin\tests\unittests.icore.workflow.activities.dll" id="de7eaef1-a575-72fd-4c1c-7c606128a711">
      <Execution id="367da414-b172-40dd-a650-363938e4f150" />
      <TestMethod codeBase="F:\ETWork\bin\Tests\UnitTests.iCore.Workflow.Activities.dll" adapterTypeName="Microsoft.VisualStudio.TestTools.TestTypes.Unit.UnitTestAdapter" className="UnitTests.iCore.Workflow.Activities.Misc.ZipActivityTests" name="Invoke_AsyncTaskFaults_ThrowsTestException" />
    </UnitTest>
    <UnitTest name="Invoke_ActivityCancelled_TaskIsCancelled" storage="f:\etwork\bin\tests\unittests.icore.workflow.activities.dll" id="7b014ba8-a5d1-d34d-b6a4-143d7b7e8727">
      <Execution id="81625d03-516b-4d8f-95fd-3e411c0b20e8" />
      <TestMethod codeBase="F:\ETWork\bin\Tests\UnitTests.iCore.Workflow.Activities.dll" adapterTypeName="Microsoft.VisualStudio.TestTools.TestTypes.Unit.UnitTestAdapter" className="UnitTests.iCore.Workflow.Activities.Misc.ZipActivityTests" name="Invoke_ActivityCancelled_TaskIsCancelled" />
    </UnitTest>
    <UnitTest name="Invoke_ValidArgs_ArchiveNotClosedOnReturn" storage="f:\etwork\bin\tests\unittests.icore.workflow.activities.dll" id="140807b3-feef-0813-3c69-2397ad79c7ec">
      <Execution id="9063a602-ea4f-4fb9-ba1d-e7384c031c4d" />
      <TestMethod codeBase="F:\ETWork\bin\Tests\UnitTests.iCore.Workflow.Activities.dll" adapterTypeName="Microsoft.VisualStudio.TestTools.TestTypes.Unit.UnitTestAdapter" className="UnitTests.iCore.Workflow.Activities.Misc.ZipActivityTests" name="Invoke_ValidArgs_ArchiveNotClosedOnReturn" />
    </UnitTest>
    <UnitTest name="Invoke_AppendToArchiveFalse_ZipMethodCalledWithAppendToArchiveSetToFalse" storage="f:\etwork\bin\tests\unittests.icore.workflow.activities.dll" id="ebccbfb2-f307-ef09-e336-b82ce55f041c">
      <Execution id="72162ff9-625e-46f2-a159-2f81c80500ab" />
      <TestMethod codeBase="F:\ETWork\bin\Tests\UnitTests.iCore.Workflow.Activities.dll" adapterTypeName="Microsoft.VisualStudio.TestTools.TestTypes.Unit.UnitTestAdapter" className="UnitTests.iCore.Workflow.Activities.Misc.ZipActivityTests" name="Invoke_AppendToArchiveFalse_ZipMethodCalledWithAppendToArchiveSetToFalse" />
    </UnitTest>
    <UnitTest name="Invoke_AppendToArchiveTrue_ZipMethodCalledWithAppendToArchiveSetToTrue" storage="f:\etwork\bin\tests\unittests.icore.workflow.activities.dll" id="a69ccea1-1c67-d6d4-14e8-ae5b6b9447b6">
      <Execution id="3ef192d3-e197-434f-b382-e3ba4b3335ec" />
      <TestMethod codeBase="F:\ETWork\bin\Tests\UnitTests.iCore.Workflow.Activities.dll" adapterTypeName="Microsoft.VisualStudio.TestTools.TestTypes.Unit.UnitTestAdapter" className="UnitTests.iCore.Workflow.Activities.Misc.ZipActivityTests" name="Invoke_AppendToArchiveTrue_ZipMethodCalledWithAppendToArchiveSetToTrue" />
    </UnitTest>
    <UnitTest name="InvokeActivity_NormalExecution_Success" storage="f:\etwork\bin\tests\unittests.icore.workflow.activities.dll" id="0c017d2b-3263-3379-2c35-b9d5462fe5ad">
      <Execution id="93c53e8f-50a7-43c1-aea1-bc27aa66973c" />
      <TestMethod codeBase="F:\ETWork\bin\Tests\UnitTests.iCore.Workflow.Activities.dll" adapterTypeName="Microsoft.VisualStudio.TestTools.TestTypes.Unit.UnitTestAdapter" className="UnitTests.iCore.Workflow.Activities.iCPS.AddCrossReferenceValueActivityTests" name="InvokeActivity_NormalExecution_Success" />
    </UnitTest>
    <UnitTest name="InvokeActivity_OnlyRequiredArgumentsSet_Success" storage="f:\etwork\bin\tests\unittests.icore.workflow.activities.dll" id="6282ba05-c31f-d83e-5dee-9c38bbf6c853">
      <Execution id="37f4496b-ed7c-4c06-83f8-dcf03e7a5fc4" />
      <TestMethod codeBase="F:\ETWork\bin\Tests\UnitTests.iCore.Workflow.Activities.dll" adapterTypeName="Microsoft.VisualStudio.TestTools.TestTypes.Unit.UnitTestAdapter" className="UnitTests.iCore.Workflow.Activities.iCPS.AddCrossReferenceValueActivityTests" name="InvokeActivity_OnlyRequiredArgumentsSet_Success" />
    </UnitTest>
    <UnitTest name="InvokeActivity_NonExistentCrossReference_ThrowsTestException" storage="f:\etwork\bin\tests\unittests.icore.workflow.activities.dll" id="e001606a-e72e-dc1b-6877-e7302f6aad3d">
      <Execution id="c191aad8-13f3-4fa2-8ab1-0ca42f038cc1" />
      <TestMethod codeBase="F:\ETWork\bin\Tests\UnitTests.iCore.Workflow.Activities.dll" adapterTypeName="Microsoft.VisualStudio.TestTools.TestTypes.Unit.UnitTestAdapter" className="UnitTests.iCore.Workflow.Activities.iCPS.AddCrossReferenceValueActivityTests" name="InvokeActivity_NonExistentCrossReference_ThrowsTestException" />
    </UnitTest>
    <UnitTest name="InvokeActivity_RequiredArgumentsNotSet_ThrowsArgumentException" storage="f:\etwork\bin\tests\unittests.icore.workflow.activities.dll" id="4ae9cf15-d0e9-28f8-c094-b1598a7dbf75">
      <Execution id="68ef1b5b-a3e2-46c5-964a-8cab68a33bde" />
      <TestMethod codeBase="F:\ETWork\bin\Tests\UnitTests.iCore.Workflow.Activities.dll" adapterTypeName="Microsoft.VisualStudio.TestTools.TestTypes.Unit.UnitTestAdapter" className="UnitTests.iCore.Workflow.Activities.iCPS.AddCrossReferenceValueActivityTests" name="InvokeActivity_RequiredArgumentsNotSet_ThrowsArgumentException" />
    </UnitTest>
    <UnitTest name="Invoke_DefaultArguments_ValidExecution" storage="f:\etwork\bin\tests\unittests.icore.workflow.activities.dll" id="6b11602e-4a4f-3712-40ae-ebc5e5933b50">
      <Execution id="bdb1cb8d-b109-498a-9832-ee4d018fb595" />
      <TestMethod codeBase="F:\ETWork\bin\Tests\UnitTests.iCore.Workflow.Activities.dll" adapterTypeName="Microsoft.VisualStudio.TestTools.TestTypes.Unit.UnitTestAdapter" className="UnitTests.iCore.Workflow.Activities.iCPS.AddNodeRelationActivityTests" name="Invoke_DefaultArguments_ValidExecution" />
    </UnitTest>
    <UnitTest name="Invoke_ParentRelationSet_ValidExecution" storage="f:\etwork\bin\tests\unittests.icore.workflow.activities.dll" id="baf25303-3e3d-c44b-9be8-5ead8b98757e">
      <Execution id="b0bf1455-cd0e-40ff-9bec-04bbda700741" />
      <TestMethod codeBase="F:\ETWork\bin\Tests\UnitTests.iCore.Workflow.Activities.dll" adapterTypeName="Microsoft.VisualStudio.TestTools.TestTypes.Unit.UnitTestAdapter" className="UnitTests.iCore.Workflow.Activities.iCPS.AddNodeRelationActivityTests" name="Invoke_ParentRelationSet_ValidExecution" />
    </UnitTest>
    <UnitTest name="Invoke_ChildRelationSet_ValidExecution" storage="f:\etwork\bin\tests\unittests.icore.workflow.activities.dll" id="74ca76f5-e157-e887-3f4d-5126eaa4f411">
      <Execution id="b9a06e38-6bf0-4aff-92f2-aae24e778985" />
      <TestMethod codeBase="F:\ETWork\bin\Tests\UnitTests.iCore.Workflow.Activities.dll" adapterTypeName="Microsoft.VisualStudio.TestTools.TestTypes.Unit.UnitTestAdapter" className="UnitTests.iCore.Workflow.Activities.iCPS.AddNodeRelationActivityTests" name="Invoke_ChildRelationSet_ValidExecution" />
    </UnitTest>
    <UnitTest name="Invoke_AssociatedNodeRelationSet_ValidExecution" storage="f:\etwork\bin\tests\unittests.icore.workflow.activities.dll" id="4d808c6e-6643-f22f-71ec-598331ab11aa">
      <Execution id="8a988b46-d23e-4c05-a558-277a440e092a" />
      <TestMethod codeBase="F:\ETWork\bin\Tests\UnitTests.iCore.Workflow.Activities.dll" adapterTypeName="Microsoft.VisualStudio.TestTools.TestTypes.Unit.UnitTestAdapter" className="UnitTests.iCore.Workflow.Activities.iCPS.AddNodeRelationActivityTests" name="Invoke_AssociatedNodeRelationSet_ValidExecution" />
    </UnitTest>
    <UnitTest name="Invoke_ParentAndChildRelationSet_ParentAdded" storage="f:\etwork\bin\tests\unittests.icore.workflow.activities.dll" id="826b398d-915e-97f2-21eb-a1e9ff7454b5">
      <Execution id="17d0e790-e9ef-4bef-bbf3-a8a289c9dd60" />
      <TestMethod codeBase="F:\ETWork\bin\Tests\UnitTests.iCore.Workflow.Activities.dll" adapterTypeName="Microsoft.VisualStudio.TestTools.TestTypes.Unit.UnitTestAdapter" className="UnitTests.iCore.Workflow.Activities.iCPS.AddNodeRelationActivityTests" name="Invoke_ParentAndChildRelationSet_ParentAdded" />
    </UnitTest>
    <UnitTest name="Invoke_ParentAndChildRelationSet_ChildRelationAdded" storage="f:\etwork\bin\tests\unittests.icore.workflow.activities.dll" id="7ef62f46-1a59-110e-9cb1-661818b5a20c">
      <Execution id="483e716d-b4b7-4c07-a6b0-9046f4df9e11" />
      <TestMethod codeBase="F:\ETWork\bin\Tests\UnitTests.iCore.Workflow.Activities.dll" adapterTypeName="Microsoft.VisualStudio.TestTools.TestTypes.Unit.UnitTestAdapter" className="UnitTests.iCore.Workflow.Activities.iCPS.AddNodeRelationActivityTests" name="Invoke_ParentAndChildRelationSet_ChildRelationAdded" />
    </UnitTest>
    <UnitTest name="Invoke_ParentAndAssociatedRelationSet_ParentAdded" storage="f:\etwork\bin\tests\unittests.icore.workflow.activities.dll" id="9db91cc8-f8e6-920b-29c7-c119b19b061e">
      <Execution id="0cd46725-8ce4-4d76-a4e8-e56e34b6a201" />
      <TestMethod codeBase="F:\ETWork\bin\Tests\UnitTests.iCore.Workflow.Activities.dll" adapterTypeName="Microsoft.VisualStudio.TestTools.TestTypes.Unit.UnitTestAdapter" className="UnitTests.iCore.Workflow.Activities.iCPS.AddNodeRelationActivityTests" name="Invoke_ParentAndAssociatedRelationSet_ParentAdded" />
    </UnitTest>
    <UnitTest name="Invoke_ParentAndAssociatedRelationSet_AssociationAdded" storage="f:\etwork\bin\tests\unittests.icore.workflow.activities.dll" id="df7166d6-a533-3099-d6e8-d42206043b22">
      <Execution id="59f35efb-8cb0-4960-b6ac-0ad0267d845d" />
      <TestMethod codeBase="F:\ETWork\bin\Tests\UnitTests.iCore.Workflow.Activities.dll" adapterTypeName="Microsoft.VisualStudio.TestTools.TestTypes.Unit.UnitTestAdapter" className="UnitTests.iCore.Workflow.Activities.iCPS.AddNodeRelationActivityTests" name="Invoke_ParentAndAssociatedRelationSet_AssociationAdded" />
    </UnitTest>
    <UnitTest name="Invoke_ChildAndAssociatedRelationSet_ChildRelationAdded" storage="f:\etwork\bin\tests\unittests.icore.workflow.activities.dll" id="a03d8bcc-cc4a-d47c-6407-db28f376df56">
      <Execution id="6fa6765a-5281-4e96-aef5-382a502a5648" />
      <TestMethod codeBase="F:\ETWork\bin\Tests\UnitTests.iCore.Workflow.Activities.dll" adapterTypeName="Microsoft.VisualStudio.TestTools.TestTypes.Unit.UnitTestAdapter" className="UnitTests.iCore.Workflow.Activities.iCPS.AddNodeRelationActivityTests" name="Invoke_ChildAndAssociatedRelationSet_ChildRelationAdded" />
    </UnitTest>
    <UnitTest name="Invoke_ChildAndAssociatedRelationSet_AssociationAdded" storage="f:\etwork\bin\tests\unittests.icore.workflow.activities.dll" id="b0604636-de2a-ec72-65dc-7346677b3ada">
      <Execution id="d52177f7-82dc-4203-8539-3abb2b5ee7a1" />
      <TestMethod codeBase="F:\ETWork\bin\Tests\UnitTests.iCore.Workflow.Activities.dll" adapterTypeName="Microsoft.VisualStudio.TestTools.TestTypes.Unit.UnitTestAdapter" className="UnitTests.iCore.Workflow.Activities.iCPS.AddNodeRelationActivityTests" name="Invoke_ChildAndAssociatedRelationSet_AssociationAdded" />
    </UnitTest>
    <UnitTest name="Invoke_AllRelationsSet_ParentAdded" storage="f:\etwork\bin\tests\unittests.icore.workflow.activities.dll" id="40e00399-3f77-63b4-7138-aae89419f17c">
      <Execution id="a031e750-77d9-4496-95f2-a962db9984ad" />
      <TestMethod codeBase="F:\ETWork\bin\Tests\UnitTests.iCore.Workflow.Activities.dll" adapterTypeName="Microsoft.VisualStudio.TestTools.TestTypes.Unit.UnitTestAdapter" className="UnitTests.iCore.Workflow.Activities.iCPS.AddNodeRelationActivityTests" name="Invoke_AllRelationsSet_ParentAdded" />
    </UnitTest>
    <UnitTest name="Invoke_AllRelationsSet_ChildAdded" storage="f:\etwork\bin\tests\unittests.icore.workflow.activities.dll" id="eb890e22-8e87-c042-8e8a-8690e5910552">
      <Execution id="14c05eb3-48e1-41e9-ac77-6ba326b1ed16" />
      <TestMethod codeBase="F:\ETWork\bin\Tests\UnitTests.iCore.Workflow.Activities.dll" adapterTypeName="Microsoft.VisualStudio.TestTools.TestTypes.Unit.UnitTestAdapter" className="UnitTests.iCore.Workflow.Activities.iCPS.AddNodeRelationActivityTests" name="Invoke_AllRelationsSet_ChildAdded" />
    </UnitTest>
    <UnitTest name="Invoke_AllRelationsSet_AssociationAdded" storage="f:\etwork\bin\tests\unittests.icore.workflow.activities.dll" id="feacc0ff-0540-1cd6-ff07-0fa058165b3a">
      <Execution id="d6072a39-2b58-4a21-90f3-ce0a7d67b147" />
      <TestMethod codeBase="F:\ETWork\bin\Tests\UnitTests.iCore.Workflow.Activities.dll" adapterTypeName="Microsoft.VisualStudio.TestTools.TestTypes.Unit.UnitTestAdapter" className="UnitTests.iCore.Workflow.Activities.iCPS.AddNodeRelationActivityTests" name="Invoke_AllRelationsSet_AssociationAdded" />
    </UnitTest>
    <UnitTest name="Invoke_CorrectArguments_ValidExecution" storage="f:\etwork\bin\tests\unittests.icore.workflow.activities.dll" id="e47322f1-73d6-bc54-c268-566ef3c5ef66">
      <Execution id="c5c47585-2a12-4c80-8dce-7150ba986179" />
      <TestMethod codeBase="F:\ETWork\bin\Tests\UnitTests.iCore.Workflow.Activities.dll" adapterTypeName="Microsoft.VisualStudio.TestTools.TestTypes.Unit.UnitTestAdapter" className="UnitTests.iCore.Workflow.Activities.iCPS.AddPartnerActivityTests" name="Invoke_CorrectArguments_ValidExecution" />
    </UnitTest>
    <UnitTest name="Invoke_CorrectArguments_CorrectNameUsed" storage="f:\etwork\bin\tests\unittests.icore.workflow.activities.dll" id="2f294c56-6035-437e-de85-5ae3dae67c8c">
      <Execution id="c4befbb7-c001-4251-a0ce-bdfbed2ee208" />
      <TestMethod codeBase="F:\ETWork\bin\Tests\UnitTests.iCore.Workflow.Activities.dll" adapterTypeName="Microsoft.VisualStudio.TestTools.TestTypes.Unit.UnitTestAdapter" className="UnitTests.iCore.Workflow.Activities.iCPS.AddPartnerActivityTests" name="Invoke_CorrectArguments_CorrectNameUsed" />
    </UnitTest>
    <UnitTest name="Invoke_CorrectArguments_CorrectDescriptionUsed" storage="f:\etwork\bin\tests\unittests.icore.workflow.activities.dll" id="b18a2625-707f-66db-901a-314a58a337b5">
      <Execution id="9754713c-8b84-4b3a-a7a3-29ffc4ad893b" />
      <TestMethod codeBase="F:\ETWork\bin\Tests\UnitTests.iCore.Workflow.Activities.dll" adapterTypeName="Microsoft.VisualStudio.TestTools.TestTypes.Unit.UnitTestAdapter" className="UnitTests.iCore.Workflow.Activities.iCPS.AddPartnerActivityTests" name="Invoke_CorrectArguments_CorrectDescriptionUsed" />
    </UnitTest>
    <UnitTest name="Invoke_CorrectArguments_CorrectIdentityUsed" storage="f:\etwork\bin\tests\unittests.icore.workflow.activities.dll" id="38cacb9b-2598-7413-6fd7-984ca5678583">
      <Execution id="4bb210ed-a8f6-45e4-ae88-106833692f59" />
      <TestMethod codeBase="F:\ETWork\bin\Tests\UnitTests.iCore.Workflow.Activities.dll" adapterTypeName="Microsoft.VisualStudio.TestTools.TestTypes.Unit.UnitTestAdapter" className="UnitTests.iCore.Workflow.Activities.iCPS.AddPartnerActivityTests" name="Invoke_CorrectArguments_CorrectIdentityUsed" />
    </UnitTest>
    <UnitTest name="Invoke_CorrectArguments_CorrectAttributeGroupsUsed" storage="f:\etwork\bin\tests\unittests.icore.workflow.activities.dll" id="b2732170-2e11-1631-913e-5912016001c7">
      <Execution id="2dd613c7-639e-473c-af54-61e386b70191" />
      <TestMethod codeBase="F:\ETWork\bin\Tests\UnitTests.iCore.Workflow.Activities.dll" adapterTypeName="Microsoft.VisualStudio.TestTools.TestTypes.Unit.UnitTestAdapter" className="UnitTests.iCore.Workflow.Activities.iCPS.AddPartnerActivityTests" name="Invoke_CorrectArguments_CorrectAttributeGroupsUsed" />
    </UnitTest>
    <UnitTest name="Invoke_CorrectArgumentsAndNoAttributeGroupsListArgument_CorrectExecution" storage="f:\etwork\bin\tests\unittests.icore.workflow.activities.dll" id="f9171f09-09d8-3dbb-f0b9-e6f6c7e1641a">
      <Execution id="8f846148-b16b-40c7-bb69-b69548339440" />
      <TestMethod codeBase="F:\ETWork\bin\Tests\UnitTests.iCore.Workflow.Activities.dll" adapterTypeName="Microsoft.VisualStudio.TestTools.TestTypes.Unit.UnitTestAdapter" className="UnitTests.iCore.Workflow.Activities.iCPS.AddPartnerActivityTests" name="Invoke_CorrectArgumentsAndNoAttributeGroupsListArgument_CorrectExecution" />
    </UnitTest>
    <UnitTest name="Invoke_CorrectArgumentsAndNoDescription_CorrectExecution" storage="f:\etwork\bin\tests\unittests.icore.workflow.activities.dll" id="6fcec4b3-10c3-6697-f30c-82048511fdb0">
      <Execution id="221f8e55-f68b-4de6-96f9-49f79491af40" />
      <TestMethod codeBase="F:\ETWork\bin\Tests\UnitTests.iCore.Workflow.Activities.dll" adapterTypeName="Microsoft.VisualStudio.TestTools.TestTypes.Unit.UnitTestAdapter" className="UnitTests.iCore.Workflow.Activities.iCPS.AddPartnerActivityTests" name="Invoke_CorrectArgumentsAndNoDescription_CorrectExecution" />
    </UnitTest>
    <UnitTest name="Invoke_CorrectArguments_CorrectReturnValueAndType" storage="f:\etwork\bin\tests\unittests.icore.workflow.activities.dll" id="5657ccfe-02f5-9fff-39fd-845072c2fff1">
      <Execution id="9e8aa0ce-4ad7-4190-b081-6c40cf69a0fc" />
      <TestMethod codeBase="F:\ETWork\bin\Tests\UnitTests.iCore.Workflow.Activities.dll" adapterTypeName="Microsoft.VisualStudio.TestTools.TestTypes.Unit.UnitTestAdapter" className="UnitTests.iCore.Workflow.Activities.iCPS.AddPartnerActivityTests" name="Invoke_CorrectArguments_CorrectReturnValueAndType" />
    </UnitTest>
    <UnitTest name="Invoke_DuplicatePartnerIdentity_ThrowsUniqueValueAddConflictException" storage="f:\etwork\bin\tests\unittests.icore.workflow.activities.dll" id="2fd6a69b-6621-7fbc-7e53-10a46bb172fc">
      <Execution id="27b70705-b4c0-4c50-b11a-0920cb7875a0" />
      <TestMethod codeBase="F:\ETWork\bin\Tests\UnitTests.iCore.Workflow.Activities.dll" adapterTypeName="Microsoft.VisualStudio.TestTools.TestTypes.Unit.UnitTestAdapter" className="UnitTests.iCore.Workflow.Activities.iCPS.AddPartnerActivityTests" name="Invoke_DuplicatePartnerIdentity_ThrowsUniqueValueAddConflictException" />
    </UnitTest>
    <UnitTest name="Invoke_DuplicatePartnerName_ThrowsUniqueValueAddConflictException" storage="f:\etwork\bin\tests\unittests.icore.workflow.activities.dll" id="1a7cffe1-0f1b-7892-78e4-1bec929113ee">
      <Execution id="aa95233f-4b5d-45d2-b45c-6a5758b86320" />
      <TestMethod codeBase="F:\ETWork\bin\Tests\UnitTests.iCore.Workflow.Activities.dll" adapterTypeName="Microsoft.VisualStudio.TestTools.TestTypes.Unit.UnitTestAdapter" className="UnitTests.iCore.Workflow.Activities.iCPS.AddPartnerActivityTests" name="Invoke_DuplicatePartnerName_ThrowsUniqueValueAddConflictException" />
    </UnitTest>
    <UnitTest name="Invoke_NonExistentAttributeGroupId_ThrowsEntityNotFoundException" storage="f:\etwork\bin\tests\unittests.icore.workflow.activities.dll" id="7e1a36fe-586b-23be-2a11-fe10dcb6499f">
      <Execution id="7771165c-3c63-4ca0-8c8e-0687daa309b7" />
      <TestMethod codeBase="F:\ETWork\bin\Tests\UnitTests.iCore.Workflow.Activities.dll" adapterTypeName="Microsoft.VisualStudio.TestTools.TestTypes.Unit.UnitTestAdapter" className="UnitTests.iCore.Workflow.Activities.iCPS.AddPartnerActivityTests" name="Invoke_NonExistentAttributeGroupId_ThrowsEntityNotFoundException" />
    </UnitTest>
    <UnitTest name="Invoke_CorrectArgumentsAndNameIsNull_ThrowsArgumentNullException" storage="f:\etwork\bin\tests\unittests.icore.workflow.activities.dll" id="e0975de2-264b-2dc9-1c02-80832b708542">
      <Execution id="c8dd0e12-3fa4-4225-932a-18b6036531d8" />
      <TestMethod codeBase="F:\ETWork\bin\Tests\UnitTests.iCore.Workflow.Activities.dll" adapterTypeName="Microsoft.VisualStudio.TestTools.TestTypes.Unit.UnitTestAdapter" className="UnitTests.iCore.Workflow.Activities.iCPS.AddPartnerActivityTests" name="Invoke_CorrectArgumentsAndNameIsNull_ThrowsArgumentNullException" />
    </UnitTest>
    <UnitTest name="Invoke_CorrectArgumentsAndIdentityIsNull_ThrowsArgumentNullException" storage="f:\etwork\bin\tests\unittests.icore.workflow.activities.dll" id="18a25df9-e5ae-9567-e5ff-5f010d139b63">
      <Execution id="1fd106fb-80aa-4467-995a-8644ff1be198" />
      <TestMethod codeBase="F:\ETWork\bin\Tests\UnitTests.iCore.Workflow.Activities.dll" adapterTypeName="Microsoft.VisualStudio.TestTools.TestTypes.Unit.UnitTestAdapter" className="UnitTests.iCore.Workflow.Activities.iCPS.AddPartnerActivityTests" name="Invoke_CorrectArgumentsAndIdentityIsNull_ThrowsArgumentNullException" />
    </UnitTest>
    <UnitTest name="Invoke_CorrectArguments_ValidExecution" storage="f:\etwork\bin\tests\unittests.icore.workflow.activities.dll" id="f1355c9e-40f1-30d8-ed43-871c1345e659">
      <Execution id="6c935105-6533-4c47-bdf6-559f8884e7e2" />
      <TestMethod codeBase="F:\ETWork\bin\Tests\UnitTests.iCore.Workflow.Activities.dll" adapterTypeName="Microsoft.VisualStudio.TestTools.TestTypes.Unit.UnitTestAdapter" className="UnitTests.iCore.Workflow.Activities.iCPS.AddPartnerAttributesToPartnerActivityTests" name="Invoke_CorrectArguments_ValidExecution" />
    </UnitTest>
    <UnitTest name="Invoke_CorrectArguments_CorrectIdUsed" storage="f:\etwork\bin\tests\unittests.icore.workflow.activities.dll" id="54a23d8c-aea8-93fc-0116-b915d4dc5395">
      <Execution id="11b3eca2-69e2-419f-94de-6d09d1237785" />
      <TestMethod codeBase="F:\ETWork\bin\Tests\UnitTests.iCore.Workflow.Activities.dll" adapterTypeName="Microsoft.VisualStudio.TestTools.TestTypes.Unit.UnitTestAdapter" className="UnitTests.iCore.Workflow.Activities.iCPS.AddPartnerAttributesToPartnerActivityTests" name="Invoke_CorrectArguments_CorrectIdUsed" />
    </UnitTest>
    <UnitTest name="Invoke_CorrectArguments_CorrectAttributeGroupsUsed" storage="f:\etwork\bin\tests\unittests.icore.workflow.activities.dll" id="546ddbbf-be25-3292-8ce6-4f83dfd4171c">
      <Execution id="2205eef1-f4bf-4047-bc1b-8cced754a801" />
      <TestMethod codeBase="F:\ETWork\bin\Tests\UnitTests.iCore.Workflow.Activities.dll" adapterTypeName="Microsoft.VisualStudio.TestTools.TestTypes.Unit.UnitTestAdapter" className="UnitTests.iCore.Workflow.Activities.iCPS.AddPartnerAttributesToPartnerActivityTests" name="Invoke_CorrectArguments_CorrectAttributeGroupsUsed" />
    </UnitTest>
    <UnitTest name="Invoke_NonExistentAttribute_ThrowsEntityNotFoundException" storage="f:\etwork\bin\tests\unittests.icore.workflow.activities.dll" id="46552438-e0d1-b0ff-7f6b-2131859640b7">
      <Execution id="69fc74f7-25a0-473a-8059-53a65db72b8e" />
      <TestMethod codeBase="F:\ETWork\bin\Tests\UnitTests.iCore.Workflow.Activities.dll" adapterTypeName="Microsoft.VisualStudio.TestTools.TestTypes.Unit.UnitTestAdapter" className="UnitTests.iCore.Workflow.Activities.iCPS.AddPartnerAttributesToPartnerActivityTests" name="Invoke_NonExistentAttribute_ThrowsEntityNotFoundException" />
    </UnitTest>
    <UnitTest name="Invoke_NonExistentPartnerId_ThrowsEntityNotFoundException" storage="f:\etwork\bin\tests\unittests.icore.workflow.activities.dll" id="24abcde1-0918-1b4c-cbe4-09008625a143">
      <Execution id="a7d122b2-238c-49c1-8fc5-77c19b8ae954" />
      <TestMethod codeBase="F:\ETWork\bin\Tests\UnitTests.iCore.Workflow.Activities.dll" adapterTypeName="Microsoft.VisualStudio.TestTools.TestTypes.Unit.UnitTestAdapter" className="UnitTests.iCore.Workflow.Activities.iCPS.AddPartnerAttributesToPartnerActivityTests" name="Invoke_NonExistentPartnerId_ThrowsEntityNotFoundException" />
    </UnitTest>
    <UnitTest name="Invoke_PartnerisNone_ThrowsArgumentException" storage="f:\etwork\bin\tests\unittests.icore.workflow.activities.dll" id="1468c405-b4a2-949c-b1e5-131920b69599">
      <Execution id="c407cff6-7351-4fbd-9968-f9c8b9000606" />
      <TestMethod codeBase="F:\ETWork\bin\Tests\UnitTests.iCore.Workflow.Activities.dll" adapterTypeName="Microsoft.VisualStudio.TestTools.TestTypes.Unit.UnitTestAdapter" className="UnitTests.iCore.Workflow.Activities.iCPS.AddPartnerAttributesToPartnerActivityTests" name="Invoke_PartnerisNone_ThrowsArgumentException" />
    </UnitTest>
    <UnitTest name="InvokeActivity_NormalExecution_ScopeEntered" storage="f:\etwork\bin\tests\unittests.icore.workflow.activities.dll" id="c6e8d13d-9d68-610a-71a2-009e5d4f396e">
      <Execution id="fd782bc6-af39-48bb-938f-127bb18b1550" />
      <TestMethod codeBase="F:\ETWork\bin\Tests\UnitTests.iCore.Workflow.Activities.dll" adapterTypeName="Microsoft.VisualStudio.TestTools.TestTypes.Unit.UnitTestAdapter" className="UnitTests.iCore.Workflow.Activities.iCPS.CancellableScopeActivityTests" name="InvokeActivity_NormalExecution_ScopeEntered" />
    </UnitTest>
    <UnitTest name="InvokeActivity_NormalExecution_ScopeExited" storage="f:\etwork\bin\tests\unittests.icore.workflow.activities.dll" id="28987bae-8be5-73c4-6b6f-93862541c392">
      <Execution id="288fa07c-4105-40d8-97db-98985965adf8" />
      <TestMethod codeBase="F:\ETWork\bin\Tests\UnitTests.iCore.Workflow.Activities.dll" adapterTypeName="Microsoft.VisualStudio.TestTools.TestTypes.Unit.UnitTestAdapter" className="UnitTests.iCore.Workflow.Activities.iCPS.CancellableScopeActivityTests" name="InvokeActivity_NormalExecution_ScopeExited" />
    </UnitTest>
    <UnitTest name="InvokeActivity_NormalExecution_SubActivitiesInvoked" storage="f:\etwork\bin\tests\unittests.icore.workflow.activities.dll" id="471d6042-0f23-c8df-14a4-d33cb5ed395c">
      <Execution id="dcbb6ce7-7001-4a5e-a23e-1fb0f0568556" />
      <TestMethod codeBase="F:\ETWork\bin\Tests\UnitTests.iCore.Workflow.Activities.dll" adapterTypeName="Microsoft.VisualStudio.TestTools.TestTypes.Unit.UnitTestAdapter" className="UnitTests.iCore.Workflow.Activities.iCPS.CancellableScopeActivityTests" name="InvokeActivity_NormalExecution_SubActivitiesInvoked" />
    </UnitTest>
    <UnitTest name="InvokeActivity_NormalExecution_ScopeExitedAfterChildActivityCompleted" storage="f:\etwork\bin\tests\unittests.icore.workflow.activities.dll" id="26789745-186d-0587-91f6-bad3e90ebd99">
      <Execution id="0f4a183d-f637-4a60-a7c2-9b1cb358bd89" />
      <TestMethod codeBase="F:\ETWork\bin\Tests\UnitTests.iCore.Workflow.Activities.dll" adapterTypeName="Microsoft.VisualStudio.TestTools.TestTypes.Unit.UnitTestAdapter" className="UnitTests.iCore.Workflow.Activities.iCPS.CancellableScopeActivityTests" name="InvokeActivity_NormalExecution_ScopeExitedAfterChildActivityCompleted" />
    </UnitTest>
    <UnitTest name="Invoke_CorrectArguemnts_CorrectIdUsed" storage="f:\etwork\bin\tests\unittests.icore.workflow.activities.dll" id="a7bdd709-9d5e-53fa-8c39-379aeb666107">
      <Execution id="d6d10184-b1cc-428d-8eff-1b9df570c537" />
      <TestMethod codeBase="F:\ETWork\bin\Tests\UnitTests.iCore.Workflow.Activities.dll" adapterTypeName="Microsoft.VisualStudio.TestTools.TestTypes.Unit.UnitTestAdapter" className="UnitTests.iCore.Workflow.Activities.iCPS.AddSettingAttributesToSettingActivityTests" name="Invoke_CorrectArguemnts_CorrectIdUsed" />
    </UnitTest>
    <UnitTest name="Invoke_CorrectArguemnts_CorrectAttributeGroupsUsed" storage="f:\etwork\bin\tests\unittests.icore.workflow.activities.dll" id="4ae119ff-c470-62b0-1bd1-9d719841effc">
      <Execution id="2e389b9a-d8e2-4d04-b2f2-35095c1afbd5" />
      <TestMethod codeBase="F:\ETWork\bin\Tests\UnitTests.iCore.Workflow.Activities.dll" adapterTypeName="Microsoft.VisualStudio.TestTools.TestTypes.Unit.UnitTestAdapter" className="UnitTests.iCore.Workflow.Activities.iCPS.AddSettingAttributesToSettingActivityTests" name="Invoke_CorrectArguemnts_CorrectAttributeGroupsUsed" />
    </UnitTest>
    <UnitTest name="Invoke_NonExistentAttribute_ThrowsEntityNotFoundException" storage="f:\etwork\bin\tests\unittests.icore.workflow.activities.dll" id="8bff4b51-b68f-1e9c-ed86-a2ea863ca135">
      <Execution id="beb4f640-d900-4752-aa30-db5bec05ef67" />
      <TestMethod codeBase="F:\ETWork\bin\Tests\UnitTests.iCore.Workflow.Activities.dll" adapterTypeName="Microsoft.VisualStudio.TestTools.TestTypes.Unit.UnitTestAdapter" className="UnitTests.iCore.Workflow.Activities.iCPS.AddSettingAttributesToSettingActivityTests" name="Invoke_NonExistentAttribute_ThrowsEntityNotFoundException" />
    </UnitTest>
    <UnitTest name="Invoke_NonExistentSettingId_ThrowsEntityNotFoundException" storage="f:\etwork\bin\tests\unittests.icore.workflow.activities.dll" id="e6abdc6b-a54d-7ccc-edba-a1a09e7fbc90">
      <Execution id="1f19c0a2-bcf7-458a-9127-e99457769f09" />
      <TestMethod codeBase="F:\ETWork\bin\Tests\UnitTests.iCore.Workflow.Activities.dll" adapterTypeName="Microsoft.VisualStudio.TestTools.TestTypes.Unit.UnitTestAdapter" className="UnitTests.iCore.Workflow.Activities.iCPS.AddSettingAttributesToSettingActivityTests" name="Invoke_NonExistentSettingId_ThrowsEntityNotFoundException" />
    </UnitTest>
    <UnitTest name="Invoke_SettingIsNone_ThrowsArgumentException" storage="f:\etwork\bin\tests\unittests.icore.workflow.activities.dll" id="5b44c2e3-32ca-a808-ed8c-9e21941f3c67">
      <Execution id="1b49c944-67f8-4338-84ea-e387dc858d8d" />
      <TestMethod codeBase="F:\ETWork\bin\Tests\UnitTests.iCore.Workflow.Activities.dll" adapterTypeName="Microsoft.VisualStudio.TestTools.TestTypes.Unit.UnitTestAdapter" className="UnitTests.iCore.Workflow.Activities.iCPS.AddSettingAttributesToSettingActivityTests" name="Invoke_SettingIsNone_ThrowsArgumentException" />
    </UnitTest>
    <UnitTest name="Invoke_ActivityIsCancelled_ActivityCancels" storage="f:\etwork\bin\tests\unittests.icore.workflow.activities.dll" id="29750233-75c5-c0d1-a2ab-61f0d54b8718">
      <Execution id="8e60a922-f80c-4809-a4ef-8271105d74d8" />
      <TestMethod codeBase="F:\ETWork\bin\Tests\UnitTests.iCore.Workflow.Activities.dll" adapterTypeName="Microsoft.VisualStudio.TestTools.TestTypes.Unit.UnitTestAdapter" className="UnitTests.iCore.Workflow.Activities.iCPS.AddSettingAttributesToSettingActivityTests" name="Invoke_ActivityIsCancelled_ActivityCancels" />
    </UnitTest>
    <UnitTest name="Invoke_NonNullableArgumentIsNull_ThrowsArgumentNullException" storage="f:\etwork\bin\tests\unittests.icore.workflow.activities.dll" id="82349047-6e75-3dfd-f89f-0e3136f1e47d">
      <Execution id="77e77e2f-7301-4b10-90fa-79c90f70be83" />
      <TestMethod codeBase="F:\ETWork\bin\Tests\UnitTests.iCore.Workflow.Activities.dll" adapterTypeName="Microsoft.VisualStudio.TestTools.TestTypes.Unit.UnitTestAdapter" className="UnitTests.iCore.Workflow.Activities.iCPS.AddSettingAttributesToSettingActivityTests" name="Invoke_NonNullableArgumentIsNull_ThrowsArgumentNullException" />
    </UnitTest>
    <UnitTest name="Invoke_RequiredArgumentIsMissing_ThrowsArgumentException" storage="f:\etwork\bin\tests\unittests.icore.workflow.activities.dll" id="e21ee56b-a420-ad4b-ea32-03b200682ff0">
      <Execution id="3466edd3-fa7f-4630-80a4-01ecb1eb3159" />
      <TestMethod codeBase="F:\ETWork\bin\Tests\UnitTests.iCore.Workflow.Activities.dll" adapterTypeName="Microsoft.VisualStudio.TestTools.TestTypes.Unit.UnitTestAdapter" className="UnitTests.iCore.Workflow.Activities.iCPS.AddSettingAttributesToSettingActivityTests" name="Invoke_RequiredArgumentIsMissing_ThrowsArgumentException" />
    </UnitTest>
    <UnitTest name="Invoke_OptionalArgumentIsMissing_ValidExecution" storage="f:\etwork\bin\tests\unittests.icore.workflow.activities.dll" id="ce60587b-cc48-1cb3-df6b-c09bd738cd33">
      <Execution id="7204bc84-3dbb-47c5-b6d3-149d54d8b728" />
      <TestMethod codeBase="F:\ETWork\bin\Tests\UnitTests.iCore.Workflow.Activities.dll" adapterTypeName="Microsoft.VisualStudio.TestTools.TestTypes.Unit.UnitTestAdapter" className="UnitTests.iCore.Workflow.Activities.iCPS.AddSettingAttributesToSettingActivityTests" name="Invoke_OptionalArgumentIsMissing_ValidExecution" />
    </UnitTest>
    <UnitTest name="Invoke_CorrectArguments_ValidExecution" storage="f:\etwork\bin\tests\unittests.icore.workflow.activities.dll" id="a9ef2120-3429-2955-54b1-70f6d767c698">
      <Execution id="4cd8a6f0-6285-4e35-a210-d596dfda886c" />
      <TestMethod codeBase="F:\ETWork\bin\Tests\UnitTests.iCore.Workflow.Activities.dll" adapterTypeName="Microsoft.VisualStudio.TestTools.TestTypes.Unit.UnitTestAdapter" className="UnitTests.iCore.Workflow.Activities.iCPS.AddSettingAttributesToSettingActivityTests" name="Invoke_CorrectArguments_ValidExecution" />
    </UnitTest>
    <UnitTest name="Invoke_CorrectArguemnts_CorrectNameUsed" storage="f:\etwork\bin\tests\unittests.icore.workflow.activities.dll" id="47c18729-a02d-d2fd-c50e-4fcd765394a4">
      <Execution id="9a3689ae-1f1c-49d3-b8cc-6d9c0ff461a7" />
      <TestMethod codeBase="F:\ETWork\bin\Tests\UnitTests.iCore.Workflow.Activities.dll" adapterTypeName="Microsoft.VisualStudio.TestTools.TestTypes.Unit.UnitTestAdapter" className="UnitTests.iCore.Workflow.Activities.iCPS.AddSettingActivityTests" name="Invoke_CorrectArguemnts_CorrectNameUsed" />
    </UnitTest>
    <UnitTest name="Invoke_CorrectArguemnts_CorrectDescriptionUsed" storage="f:\etwork\bin\tests\unittests.icore.workflow.activities.dll" id="21ea35ef-4302-a50f-c94d-51070c1edc8b">
      <Execution id="5010ed9f-dfbd-46d9-b98b-7cfb486f4957" />
      <TestMethod codeBase="F:\ETWork\bin\Tests\UnitTests.iCore.Workflow.Activities.dll" adapterTypeName="Microsoft.VisualStudio.TestTools.TestTypes.Unit.UnitTestAdapter" className="UnitTests.iCore.Workflow.Activities.iCPS.AddSettingActivityTests" name="Invoke_CorrectArguemnts_CorrectDescriptionUsed" />
    </UnitTest>
    <UnitTest name="Invoke_CorrectArguemnts_CorrectIdentityUsed" storage="f:\etwork\bin\tests\unittests.icore.workflow.activities.dll" id="1dccaecf-59b2-51d1-9618-928980160acf">
      <Execution id="9e2fde55-8b71-4c89-b56c-4c58225db0bd" />
      <TestMethod codeBase="F:\ETWork\bin\Tests\UnitTests.iCore.Workflow.Activities.dll" adapterTypeName="Microsoft.VisualStudio.TestTools.TestTypes.Unit.UnitTestAdapter" className="UnitTests.iCore.Workflow.Activities.iCPS.AddSettingActivityTests" name="Invoke_CorrectArguemnts_CorrectIdentityUsed" />
    </UnitTest>
    <UnitTest name="Invoke_CorrectArguemnts_CorrectAttributeGroupsUsed" storage="f:\etwork\bin\tests\unittests.icore.workflow.activities.dll" id="af4c2457-be8d-0f36-301e-b6b01556dd37">
      <Execution id="1a240360-532f-4c98-9be2-30e28769f0d2" />
      <TestMethod codeBase="F:\ETWork\bin\Tests\UnitTests.iCore.Workflow.Activities.dll" adapterTypeName="Microsoft.VisualStudio.TestTools.TestTypes.Unit.UnitTestAdapter" className="UnitTests.iCore.Workflow.Activities.iCPS.AddSettingActivityTests" name="Invoke_CorrectArguemnts_CorrectAttributeGroupsUsed" />
    </UnitTest>
    <UnitTest name="Invoke_DuplicateSettingIdentity_ThrowsUniqueValueAddConflictException" storage="f:\etwork\bin\tests\unittests.icore.workflow.activities.dll" id="ff1e4efb-374a-1af9-cbbc-43004485f3ef">
      <Execution id="bdc8674f-699f-4b4f-99a4-ff156730c65f" />
      <TestMethod codeBase="F:\ETWork\bin\Tests\UnitTests.iCore.Workflow.Activities.dll" adapterTypeName="Microsoft.VisualStudio.TestTools.TestTypes.Unit.UnitTestAdapter" className="UnitTests.iCore.Workflow.Activities.iCPS.AddSettingActivityTests" name="Invoke_DuplicateSettingIdentity_ThrowsUniqueValueAddConflictException" />
    </UnitTest>
    <UnitTest name="Invoke_DuplicateSettingName_ThrowsUniqueValueAddConflictException" storage="f:\etwork\bin\tests\unittests.icore.workflow.activities.dll" id="10351e96-4b5b-c18f-cf56-056aa6fbe578">
      <Execution id="c4fac7f9-43dd-4162-8bdf-401865b9259f" />
      <TestMethod codeBase="F:\ETWork\bin\Tests\UnitTests.iCore.Workflow.Activities.dll" adapterTypeName="Microsoft.VisualStudio.TestTools.TestTypes.Unit.UnitTestAdapter" className="UnitTests.iCore.Workflow.Activities.iCPS.AddSettingActivityTests" name="Invoke_DuplicateSettingName_ThrowsUniqueValueAddConflictException" />
    </UnitTest>
    <UnitTest name="Invoke_NonExistentAttributeGroupId_ThrowsEntityNotFoundException" storage="f:\etwork\bin\tests\unittests.icore.workflow.activities.dll" id="c287dfe9-aaca-8c00-c08c-9235e1352669">
      <Execution id="188e2186-4cdc-481f-b9a8-354c70606a68" />
      <TestMethod codeBase="F:\ETWork\bin\Tests\UnitTests.iCore.Workflow.Activities.dll" adapterTypeName="Microsoft.VisualStudio.TestTools.TestTypes.Unit.UnitTestAdapter" className="UnitTests.iCore.Workflow.Activities.iCPS.AddSettingActivityTests" name="Invoke_NonExistentAttributeGroupId_ThrowsEntityNotFoundException" />
    </UnitTest>
    <UnitTest name="Invoke_ActivityIsCancelled_ActivityCancels" storage="f:\etwork\bin\tests\unittests.icore.workflow.activities.dll" id="8c635c3f-36c2-118b-0bbf-9ccdaf243e9e">
      <Execution id="c6c9155c-e1a6-4785-a171-76909eb824cb" />
      <TestMethod codeBase="F:\ETWork\bin\Tests\UnitTests.iCore.Workflow.Activities.dll" adapterTypeName="Microsoft.VisualStudio.TestTools.TestTypes.Unit.UnitTestAdapter" className="UnitTests.iCore.Workflow.Activities.iCPS.AddSettingActivityTests" name="Invoke_ActivityIsCancelled_ActivityCancels" />
    </UnitTest>
    <UnitTest name="Invoke_CorrectArguemnts_CorrectReturnValueAndType" storage="f:\etwork\bin\tests\unittests.icore.workflow.activities.dll" id="3fc7caa3-9415-9998-a976-88966c7dd78b">
      <Execution id="44e16c7d-346e-42ab-a2f4-85b7a030a183" />
      <TestMethod codeBase="F:\ETWork\bin\Tests\UnitTests.iCore.Workflow.Activities.dll" adapterTypeName="Microsoft.VisualStudio.TestTools.TestTypes.Unit.UnitTestAdapter" className="UnitTests.iCore.Workflow.Activities.iCPS.AddSettingActivityTests" name="Invoke_CorrectArguemnts_CorrectReturnValueAndType" />
    </UnitTest>
    <UnitTest name="Invoke_NonNullableArgumentIsNull_ThrowsArgumentNullException" storage="f:\etwork\bin\tests\unittests.icore.workflow.activities.dll" id="6df3d467-8c2d-88b1-d6d0-b090dab21ae4">
      <Execution id="83586f2c-655b-4427-8374-e2c940066eee" />
      <TestMethod codeBase="F:\ETWork\bin\Tests\UnitTests.iCore.Workflow.Activities.dll" adapterTypeName="Microsoft.VisualStudio.TestTools.TestTypes.Unit.UnitTestAdapter" className="UnitTests.iCore.Workflow.Activities.iCPS.AddSettingActivityTests" name="Invoke_NonNullableArgumentIsNull_ThrowsArgumentNullException" />
    </UnitTest>
    <UnitTest name="Invoke_RequiredArgumentIsMissing_ThrowsArgumentException" storage="f:\etwork\bin\tests\unittests.icore.workflow.activities.dll" id="96b87432-3df3-e2a1-bfbd-c5218bf5daec">
      <Execution id="b0ee19f3-20e5-42be-bf21-3b89cf69f9a4" />
      <TestMethod codeBase="F:\ETWork\bin\Tests\UnitTests.iCore.Workflow.Activities.dll" adapterTypeName="Microsoft.VisualStudio.TestTools.TestTypes.Unit.UnitTestAdapter" className="UnitTests.iCore.Workflow.Activities.iCPS.AddSettingActivityTests" name="Invoke_RequiredArgumentIsMissing_ThrowsArgumentException" />
    </UnitTest>
    <UnitTest name="Invoke_OptionalArgumentIsMissing_ValidExecution" storage="f:\etwork\bin\tests\unittests.icore.workflow.activities.dll" id="3023087c-fc76-b484-4bea-21697a6bcd33">
      <Execution id="b10f4ac5-f5e7-4dc0-acc7-53d92a90c339" />
      <TestMethod codeBase="F:\ETWork\bin\Tests\UnitTests.iCore.Workflow.Activities.dll" adapterTypeName="Microsoft.VisualStudio.TestTools.TestTypes.Unit.UnitTestAdapter" className="UnitTests.iCore.Workflow.Activities.iCPS.AddSettingActivityTests" name="Invoke_OptionalArgumentIsMissing_ValidExecution" />
    </UnitTest>
    <UnitTest name="Invoke_CorrectArguments_ValidExecution" storage="f:\etwork\bin\tests\unittests.icore.workflow.activities.dll" id="1d86088b-f13d-379a-699c-7235019caef7">
      <Execution id="6c9ce13c-995c-4f61-bce0-d54033773c8f" />
      <TestMethod codeBase="F:\ETWork\bin\Tests\UnitTests.iCore.Workflow.Activities.dll" adapterTypeName="Microsoft.VisualStudio.TestTools.TestTypes.Unit.UnitTestAdapter" className="UnitTests.iCore.Workflow.Activities.iCPS.AddSettingActivityTests" name="Invoke_CorrectArguments_ValidExecution" />
    </UnitTest>
    <UnitTest name="Invoke_NormalExecution_Success" storage="f:\etwork\bin\tests\unittests.icore.workflow.activities.dll" id="3bd313c8-9eb3-34c4-e1e4-75f339fad91b">
      <Execution id="2a158e93-5192-42bc-b54e-01b6125a7abd" />
      <TestMethod codeBase="F:\ETWork\bin\Tests\UnitTests.iCore.Workflow.Activities.dll" adapterTypeName="Microsoft.VisualStudio.TestTools.TestTypes.Unit.UnitTestAdapter" className="UnitTests.iCore.Workflow.Activities.iCPS.CheckLicenseActivityTests" name="Invoke_NormalExecution_Success" />
    </UnitTest>
    <UnitTest name="Invoke_MissingArgument_ThrowsArgumentException" storage="f:\etwork\bin\tests\unittests.icore.workflow.activities.dll" id="d43e4efa-44fe-cd61-2c09-62c97b465dcf">
      <Execution id="ff42e45a-1349-42c3-9ec8-323e3eed3337" />
      <TestMethod codeBase="F:\ETWork\bin\Tests\UnitTests.iCore.Workflow.Activities.dll" adapterTypeName="Microsoft.VisualStudio.TestTools.TestTypes.Unit.UnitTestAdapter" className="UnitTests.iCore.Workflow.Activities.iCPS.CheckLicenseActivityTests" name="Invoke_MissingArgument_ThrowsArgumentException" />
    </UnitTest>
    <UnitTest name="Invoke_AsyncError_PropagatesException" storage="f:\etwork\bin\tests\unittests.icore.workflow.activities.dll" id="d4ae1a71-4596-c348-0358-ce495fd0daee">
      <Execution id="8341803a-87eb-4a62-a37a-3d098760dfd1" />
      <TestMethod codeBase="F:\ETWork\bin\Tests\UnitTests.iCore.Workflow.Activities.dll" adapterTypeName="Microsoft.VisualStudio.TestTools.TestTypes.Unit.UnitTestAdapter" className="UnitTests.iCore.Workflow.Activities.iCPS.CheckLicenseActivityTests" name="Invoke_AsyncError_PropagatesException" />
    </UnitTest>
    <UnitTest name="Invoke_SyncError_PropagatesException" storage="f:\etwork\bin\tests\unittests.icore.workflow.activities.dll" id="72195ca6-e2a9-f4bf-f0d7-bf4147e01bab">
      <Execution id="cc6dd367-7025-46eb-b3e0-097350682e3d" />
      <TestMethod codeBase="F:\ETWork\bin\Tests\UnitTests.iCore.Workflow.Activities.dll" adapterTypeName="Microsoft.VisualStudio.TestTools.TestTypes.Unit.UnitTestAdapter" className="UnitTests.iCore.Workflow.Activities.iCPS.CheckLicenseActivityTests" name="Invoke_SyncError_PropagatesException" />
    </UnitTest>
    <UnitTest name="Invoke_DependencyThrowsOutOfMemoryException_ThrowsFatalException" storage="f:\etwork\bin\tests\unittests.icore.workflow.activities.dll" id="c6792f5a-2bd8-8f12-c716-ebfba384cf23">
      <Execution id="4823ea6e-0497-4338-933b-b4ac8cc1d634" />
      <TestMethod codeBase="F:\ETWork\bin\Tests\UnitTests.iCore.Workflow.Activities.dll" adapterTypeName="Microsoft.VisualStudio.TestTools.TestTypes.Unit.UnitTestAdapter" className="UnitTests.iCore.Workflow.Activities.iCPS.CheckLicenseActivityTests" name="Invoke_DependencyThrowsOutOfMemoryException_ThrowsFatalException" />
    </UnitTest>
    <UnitTest name="InvokeActivity_NormalExecution_Success" storage="f:\etwork\bin\tests\unittests.icore.workflow.activities.dll" id="8feb59b9-b948-17fa-d1eb-2ee92f344548">
      <Execution id="a0583cd1-5bcb-44e0-adfd-071e7673470d" />
      <TestMethod codeBase="F:\ETWork\bin\Tests\UnitTests.iCore.Workflow.Activities.dll" adapterTypeName="Microsoft.VisualStudio.TestTools.TestTypes.Unit.UnitTestAdapter" className="UnitTests.iCore.Workflow.Activities.iCPS.CreateCrossReferenceTableActivityTests" name="InvokeActivity_NormalExecution_Success" />
    </UnitTest>
    <UnitTest name="InvokeActivity_OnlyRequiredArguments_Success" storage="f:\etwork\bin\tests\unittests.icore.workflow.activities.dll" id="471d98cd-2d83-3e6d-734e-e884a1bb803e">
      <Execution id="784bf68f-4965-4176-b581-5eef1ac79b2c" />
      <TestMethod codeBase="F:\ETWork\bin\Tests\UnitTests.iCore.Workflow.Activities.dll" adapterTypeName="Microsoft.VisualStudio.TestTools.TestTypes.Unit.UnitTestAdapter" className="UnitTests.iCore.Workflow.Activities.iCPS.CreateCrossReferenceTableActivityTests" name="InvokeActivity_OnlyRequiredArguments_Success" />
    </UnitTest>
    <UnitTest name="InvokeActivity_NormalExecution_CorrectOutArgumentResult" storage="f:\etwork\bin\tests\unittests.icore.workflow.activities.dll" id="1dafdd2f-d1bc-21cb-07c2-77e262522b26">
      <Execution id="9ea0fd3e-5f27-4534-bee8-a0d473a9514f" />
      <TestMethod codeBase="F:\ETWork\bin\Tests\UnitTests.iCore.Workflow.Activities.dll" adapterTypeName="Microsoft.VisualStudio.TestTools.TestTypes.Unit.UnitTestAdapter" className="UnitTests.iCore.Workflow.Activities.iCPS.CreateCrossReferenceTableActivityTests" name="InvokeActivity_NormalExecution_CorrectOutArgumentResult" />
    </UnitTest>
    <UnitTest name="InvokeActivity_RepositoryError_ThrowsTestException" storage="f:\etwork\bin\tests\unittests.icore.workflow.activities.dll" id="b65e2dc2-a7ab-9730-e645-fc9a5b4b72dd">
      <Execution id="c199c7c0-813c-474e-a783-f8fdfe5d1aa3" />
      <TestMethod codeBase="F:\ETWork\bin\Tests\UnitTests.iCore.Workflow.Activities.dll" adapterTypeName="Microsoft.VisualStudio.TestTools.TestTypes.Unit.UnitTestAdapter" className="UnitTests.iCore.Workflow.Activities.iCPS.CreateCrossReferenceTableActivityTests" name="InvokeActivity_RepositoryError_ThrowsTestException" />
    </UnitTest>
    <UnitTest name="InvokeActivity_RequiredArgumentsMissing_ThrowsArgumentException" storage="f:\etwork\bin\tests\unittests.icore.workflow.activities.dll" id="455850f8-3c54-05a0-9d36-a628c85e1860">
      <Execution id="eae45a1a-6bd6-4902-8e1a-d5c69ed3e050" />
      <TestMethod codeBase="F:\ETWork\bin\Tests\UnitTests.iCore.Workflow.Activities.dll" adapterTypeName="Microsoft.VisualStudio.TestTools.TestTypes.Unit.UnitTestAdapter" className="UnitTests.iCore.Workflow.Activities.iCPS.CreateCrossReferenceTableActivityTests" name="InvokeActivity_RequiredArgumentsMissing_ThrowsArgumentException" />
    </UnitTest>
    <UnitTest name="InvokeActivity_NormalExecution_Success" storage="f:\etwork\bin\tests\unittests.icore.workflow.activities.dll" id="9c3c7625-634f-fc31-db4f-65c8f18d52c5">
      <Execution id="bd36c1b9-b846-459e-8c75-9f7c1a2f4300" />
      <TestMethod codeBase="F:\ETWork\bin\Tests\UnitTests.iCore.Workflow.Activities.dll" adapterTypeName="Microsoft.VisualStudio.TestTools.TestTypes.Unit.UnitTestAdapter" className="UnitTests.iCore.Workflow.Activities.iCPS.DeleteCrossReferenceTableActivityTests" name="InvokeActivity_NormalExecution_Success" />
    </UnitTest>
    <UnitTest name="InvokeActivity_RepositoryError_ThrowsTestException" storage="f:\etwork\bin\tests\unittests.icore.workflow.activities.dll" id="19fd6089-6373-6d6b-4694-ff9635289985">
      <Execution id="f3ad210a-9da7-448b-bb36-2f62fdfa6cfd" />
      <TestMethod codeBase="F:\ETWork\bin\Tests\UnitTests.iCore.Workflow.Activities.dll" adapterTypeName="Microsoft.VisualStudio.TestTools.TestTypes.Unit.UnitTestAdapter" className="UnitTests.iCore.Workflow.Activities.iCPS.DeleteCrossReferenceTableActivityTests" name="InvokeActivity_RepositoryError_ThrowsTestException" />
    </UnitTest>
    <UnitTest name="InvokeActivity_RequiredArgumentsMissing_ThrowsArgumentException" storage="f:\etwork\bin\tests\unittests.icore.workflow.activities.dll" id="3bdbfb4a-8b02-4f26-074f-6de91adf53b3">
      <Execution id="356d6fcb-59a5-424a-bee7-9c0f1656327c" />
      <TestMethod codeBase="F:\ETWork\bin\Tests\UnitTests.iCore.Workflow.Activities.dll" adapterTypeName="Microsoft.VisualStudio.TestTools.TestTypes.Unit.UnitTestAdapter" className="UnitTests.iCore.Workflow.Activities.iCPS.DeleteCrossReferenceTableActivityTests" name="InvokeActivity_RequiredArgumentsMissing_ThrowsArgumentException" />
    </UnitTest>
    <UnitTest name="InvokeActivity_NormalExecution_Success" storage="f:\etwork\bin\tests\unittests.icore.workflow.activities.dll" id="77049093-4d94-96d2-1981-9c2525d88e13">
      <Execution id="5e0444d9-9d76-4785-a9d0-05ae42954a21" />
      <TestMethod codeBase="F:\ETWork\bin\Tests\UnitTests.iCore.Workflow.Activities.dll" adapterTypeName="Microsoft.VisualStudio.TestTools.TestTypes.Unit.UnitTestAdapter" className="UnitTests.iCore.Workflow.Activities.iCPS.DeleteCrossReferenceValueActivityTests" name="InvokeActivity_NormalExecution_Success" />
    </UnitTest>
    <UnitTest name="InvokeActivity_OnlyRequiredArgumentsSet_Success" storage="f:\etwork\bin\tests\unittests.icore.workflow.activities.dll" id="8fa7d785-7ae3-3375-9c9e-89dbf1bd82dc">
      <Execution id="805bdac9-ff73-4349-9ee5-a78f2beb1053" />
      <TestMethod codeBase="F:\ETWork\bin\Tests\UnitTests.iCore.Workflow.Activities.dll" adapterTypeName="Microsoft.VisualStudio.TestTools.TestTypes.Unit.UnitTestAdapter" className="UnitTests.iCore.Workflow.Activities.iCPS.DeleteCrossReferenceValueActivityTests" name="InvokeActivity_OnlyRequiredArgumentsSet_Success" />
    </UnitTest>
    <UnitTest name="InvokeActivity_RequiredArgumentsNotSet_ThrowsArgumentException" storage="f:\etwork\bin\tests\unittests.icore.workflow.activities.dll" id="6287bb7f-b210-0559-7bcb-9246f52094e8">
      <Execution id="affacd07-9ebb-4f11-a2f1-9258320cc2d2" />
      <TestMethod codeBase="F:\ETWork\bin\Tests\UnitTests.iCore.Workflow.Activities.dll" adapterTypeName="Microsoft.VisualStudio.TestTools.TestTypes.Unit.UnitTestAdapter" className="UnitTests.iCore.Workflow.Activities.iCPS.DeleteCrossReferenceValueActivityTests" name="InvokeActivity_RequiredArgumentsNotSet_ThrowsArgumentException" />
    </UnitTest>
    <UnitTest name="InvokeActivity_NormalExecution_Success" storage="f:\etwork\bin\tests\unittests.icore.workflow.activities.dll" id="3283f583-04a0-9f93-05f9-388f39561277">
      <Execution id="42c4076c-48db-4edf-819d-5755a7b861bb" />
      <TestMethod codeBase="F:\ETWork\bin\Tests\UnitTests.iCore.Workflow.Activities.dll" adapterTypeName="Microsoft.VisualStudio.TestTools.TestTypes.Unit.UnitTestAdapter" className="UnitTests.iCore.Workflow.Activities.iCPS.DeleteNodeActivityTests" name="InvokeActivity_NormalExecution_Success" />
    </UnitTest>
    <UnitTest name="InvokeActivity_NormalExecution_Success2" storage="f:\etwork\bin\tests\unittests.icore.workflow.activities.dll" id="b6b3438f-3185-21fe-6e39-a19d9e37b0f3">
      <Execution id="742391b5-f342-442f-9e73-6c87388d7f9b" />
      <TestMethod codeBase="F:\ETWork\bin\Tests\UnitTests.iCore.Workflow.Activities.dll" adapterTypeName="Microsoft.VisualStudio.TestTools.TestTypes.Unit.UnitTestAdapter" className="UnitTests.iCore.Workflow.Activities.iCPS.DeleteNodeActivityTests" name="InvokeActivity_NormalExecution_Success2" />
    </UnitTest>
    <UnitTest name="InvokeActivity_MissingRequiredArgumentNodeId_Fails" storage="f:\etwork\bin\tests\unittests.icore.workflow.activities.dll" id="4ac5033a-a9d8-d0ed-041f-992767c68a72">
      <Execution id="e1f5f915-8973-4bb5-a473-a73c2b3e5a4d" />
      <TestMethod codeBase="F:\ETWork\bin\Tests\UnitTests.iCore.Workflow.Activities.dll" adapterTypeName="Microsoft.VisualStudio.TestTools.TestTypes.Unit.UnitTestAdapter" className="UnitTests.iCore.Workflow.Activities.iCPS.DeleteNodeActivityTests" name="InvokeActivity_MissingRequiredArgumentNodeId_Fails" />
    </UnitTest>
    <UnitTest name="InvokeActivity_RepositoryThrows_Rethrows" storage="f:\etwork\bin\tests\unittests.icore.workflow.activities.dll" id="cd0faf3b-a3fc-5f28-d3ab-3669c235cb59">
      <Execution id="2d8d9cb1-ae5c-4ded-93c8-e67878dac8d9" />
      <TestMethod codeBase="F:\ETWork\bin\Tests\UnitTests.iCore.Workflow.Activities.dll" adapterTypeName="Microsoft.VisualStudio.TestTools.TestTypes.Unit.UnitTestAdapter" className="UnitTests.iCore.Workflow.Activities.iCPS.DeleteNodeActivityTests" name="InvokeActivity_RepositoryThrows_Rethrows" />
    </UnitTest>
    <UnitTest name="Invoke_CorrectArguemnts_ValidExecution" storage="f:\etwork\bin\tests\unittests.icore.workflow.activities.dll" id="9a5aacca-805a-67ef-4d14-aee54817a6eb">
      <Execution id="4022eebe-d567-43b6-9850-41500c59de32" />
      <TestMethod codeBase="F:\ETWork\bin\Tests\UnitTests.iCore.Workflow.Activities.dll" adapterTypeName="Microsoft.VisualStudio.TestTools.TestTypes.Unit.UnitTestAdapter" className="UnitTests.iCore.Workflow.Activities.iCPS.CopySettingActivityTests" name="Invoke_CorrectArguemnts_ValidExecution" />
    </UnitTest>
    <UnitTest name="Invoke_CorrectArguemnts_CorrectNameUsed" storage="f:\etwork\bin\tests\unittests.icore.workflow.activities.dll" id="0171d3af-3a3c-7104-2775-0643111e6439">
      <Execution id="bb483597-7648-4cf0-869f-04f891599055" />
      <TestMethod codeBase="F:\ETWork\bin\Tests\UnitTests.iCore.Workflow.Activities.dll" adapterTypeName="Microsoft.VisualStudio.TestTools.TestTypes.Unit.UnitTestAdapter" className="UnitTests.iCore.Workflow.Activities.iCPS.CopySettingActivityTests" name="Invoke_CorrectArguemnts_CorrectNameUsed" />
    </UnitTest>
    <UnitTest name="Invoke_CorrectArguemnts_CorrectDescriptionUsed" storage="f:\etwork\bin\tests\unittests.icore.workflow.activities.dll" id="457f9d77-eabc-3ac1-17eb-f8ff2799dd15">
      <Execution id="91cca25e-ca3e-4bbd-87f1-b6aa39926775" />
      <TestMethod codeBase="F:\ETWork\bin\Tests\UnitTests.iCore.Workflow.Activities.dll" adapterTypeName="Microsoft.VisualStudio.TestTools.TestTypes.Unit.UnitTestAdapter" className="UnitTests.iCore.Workflow.Activities.iCPS.CopySettingActivityTests" name="Invoke_CorrectArguemnts_CorrectDescriptionUsed" />
    </UnitTest>
    <UnitTest name="Invoke_CorrectArguemnts_CorrectIdentityUsed" storage="f:\etwork\bin\tests\unittests.icore.workflow.activities.dll" id="c5871017-6329-e411-ae72-654dabd0d7a7">
      <Execution id="1f5d27b0-87dc-42ae-85b9-3083516779e7" />
      <TestMethod codeBase="F:\ETWork\bin\Tests\UnitTests.iCore.Workflow.Activities.dll" adapterTypeName="Microsoft.VisualStudio.TestTools.TestTypes.Unit.UnitTestAdapter" className="UnitTests.iCore.Workflow.Activities.iCPS.CopySettingActivityTests" name="Invoke_CorrectArguemnts_CorrectIdentityUsed" />
    </UnitTest>
    <UnitTest name="Invoke_CorrectArguemnts_CorrectTemplateUsed" storage="f:\etwork\bin\tests\unittests.icore.workflow.activities.dll" id="9646d02b-c055-9cd5-23da-72f556cb83e7">
      <Execution id="e51c503d-898a-4375-9c52-e2597b839a3d" />
      <TestMethod codeBase="F:\ETWork\bin\Tests\UnitTests.iCore.Workflow.Activities.dll" adapterTypeName="Microsoft.VisualStudio.TestTools.TestTypes.Unit.UnitTestAdapter" className="UnitTests.iCore.Workflow.Activities.iCPS.CopySettingActivityTests" name="Invoke_CorrectArguemnts_CorrectTemplateUsed" />
    </UnitTest>
    <UnitTest name="Invoke_CorrectArguemnts_CorrectCopyValuesUsed" storage="f:\etwork\bin\tests\unittests.icore.workflow.activities.dll" id="2730d64e-22ec-9d77-5c62-0eeaa2c83499">
      <Execution id="1f80be9a-d34a-43aa-a7c6-5389112522a3" />
      <TestMethod codeBase="F:\ETWork\bin\Tests\UnitTests.iCore.Workflow.Activities.dll" adapterTypeName="Microsoft.VisualStudio.TestTools.TestTypes.Unit.UnitTestAdapter" className="UnitTests.iCore.Workflow.Activities.iCPS.CopySettingActivityTests" name="Invoke_CorrectArguemnts_CorrectCopyValuesUsed" />
    </UnitTest>
    <UnitTest name="Invoke_DescriptionArgumentMissing_ValidExecution" storage="f:\etwork\bin\tests\unittests.icore.workflow.activities.dll" id="3c7b63e1-21b7-2118-671b-8b5d0244c41a">
      <Execution id="02dae64b-6d37-4609-afbf-8707a64c1845" />
      <TestMethod codeBase="F:\ETWork\bin\Tests\UnitTests.iCore.Workflow.Activities.dll" adapterTypeName="Microsoft.VisualStudio.TestTools.TestTypes.Unit.UnitTestAdapter" className="UnitTests.iCore.Workflow.Activities.iCPS.CopySettingActivityTests" name="Invoke_DescriptionArgumentMissing_ValidExecution" />
    </UnitTest>
    <UnitTest name="Invoke_CorrectArguemnts_CorrectReturnValueAndType" storage="f:\etwork\bin\tests\unittests.icore.workflow.activities.dll" id="69bbe81f-d0c2-e9e3-2c6e-a2591268b62c">
      <Execution id="09210f2d-4cdd-42a2-a889-5a0163c8cca0" />
      <TestMethod codeBase="F:\ETWork\bin\Tests\UnitTests.iCore.Workflow.Activities.dll" adapterTypeName="Microsoft.VisualStudio.TestTools.TestTypes.Unit.UnitTestAdapter" className="UnitTests.iCore.Workflow.Activities.iCPS.CopySettingActivityTests" name="Invoke_CorrectArguemnts_CorrectReturnValueAndType" />
    </UnitTest>
    <UnitTest name="Invoke_NameIsNull_ValidExecution" storage="f:\etwork\bin\tests\unittests.icore.workflow.activities.dll" id="1d61d9ff-97db-512f-c2f6-2c2f116e2ab1">
      <Execution id="b329291c-4485-4ff1-adce-f653b56302b6" />
      <TestMethod codeBase="F:\ETWork\bin\Tests\UnitTests.iCore.Workflow.Activities.dll" adapterTypeName="Microsoft.VisualStudio.TestTools.TestTypes.Unit.UnitTestAdapter" className="UnitTests.iCore.Workflow.Activities.iCPS.CopySettingActivityTests" name="Invoke_NameIsNull_ValidExecution" />
    </UnitTest>
    <UnitTest name="Invoke_IdentityIsNull_ValidExecution" storage="f:\etwork\bin\tests\unittests.icore.workflow.activities.dll" id="5598336a-0080-7bfd-d740-efa7f6c8ad25">
      <Execution id="4904dcb8-837a-4a17-bd87-dd6b5e81be6d" />
      <TestMethod codeBase="F:\ETWork\bin\Tests\UnitTests.iCore.Workflow.Activities.dll" adapterTypeName="Microsoft.VisualStudio.TestTools.TestTypes.Unit.UnitTestAdapter" className="UnitTests.iCore.Workflow.Activities.iCPS.CopySettingActivityTests" name="Invoke_IdentityIsNull_ValidExecution" />
    </UnitTest>
    <UnitTest name="Invoke_DuplicateSettingName_ThrowsUniqueValueAddConflictException" storage="f:\etwork\bin\tests\unittests.icore.workflow.activities.dll" id="c0687549-60a8-beff-b1e4-ab59ad04b7d6">
      <Execution id="9e962a78-b9ef-41d3-b12f-07e214ef2ee4" />
      <TestMethod codeBase="F:\ETWork\bin\Tests\UnitTests.iCore.Workflow.Activities.dll" adapterTypeName="Microsoft.VisualStudio.TestTools.TestTypes.Unit.UnitTestAdapter" className="UnitTests.iCore.Workflow.Activities.iCPS.CopySettingActivityTests" name="Invoke_DuplicateSettingName_ThrowsUniqueValueAddConflictException" />
    </UnitTest>
    <UnitTest name="Invoke_DuplicateSettingIdentity_ThrowsUniqueValueAddConflictException" storage="f:\etwork\bin\tests\unittests.icore.workflow.activities.dll" id="2bfa9afb-7bb3-c68e-c0d8-9f466ba5af5e">
      <Execution id="b5a848f3-c245-46dd-8c6e-abd2c20a331b" />
      <TestMethod codeBase="F:\ETWork\bin\Tests\UnitTests.iCore.Workflow.Activities.dll" adapterTypeName="Microsoft.VisualStudio.TestTools.TestTypes.Unit.UnitTestAdapter" className="UnitTests.iCore.Workflow.Activities.iCPS.CopySettingActivityTests" name="Invoke_DuplicateSettingIdentity_ThrowsUniqueValueAddConflictException" />
    </UnitTest>
    <UnitTest name="Invoke_NonNullableArgumentIsNull_ThrowsArgumentNullException" storage="f:\etwork\bin\tests\unittests.icore.workflow.activities.dll" id="aae3e69b-9c41-75e6-12a1-803612298ded">
      <Execution id="b5f602f6-794e-46bf-97b6-a7ea6ad104d9" />
      <TestMethod codeBase="F:\ETWork\bin\Tests\UnitTests.iCore.Workflow.Activities.dll" adapterTypeName="Microsoft.VisualStudio.TestTools.TestTypes.Unit.UnitTestAdapter" className="UnitTests.iCore.Workflow.Activities.iCPS.RerunActivityTests" name="Invoke_NonNullableArgumentIsNull_ThrowsArgumentNullException" />
    </UnitTest>
    <UnitTest name="Invoke_RequiredArgumentIsMissing_ThrowsArgumentException" storage="f:\etwork\bin\tests\unittests.icore.workflow.activities.dll" id="10ba1163-349d-0c1d-cb02-8c84b907bad7">
      <Execution id="e96a3fca-6f48-464c-8dfe-b161ca0aea59" />
      <TestMethod codeBase="F:\ETWork\bin\Tests\UnitTests.iCore.Workflow.Activities.dll" adapterTypeName="Microsoft.VisualStudio.TestTools.TestTypes.Unit.UnitTestAdapter" className="UnitTests.iCore.Workflow.Activities.iCPS.RerunActivityTests" name="Invoke_RequiredArgumentIsMissing_ThrowsArgumentException" />
    </UnitTest>
    <UnitTest name="Invoke_OptionalArgumentIsMissing_ValidExecution" storage="f:\etwork\bin\tests\unittests.icore.workflow.activities.dll" id="a9fa6eb3-d097-dba7-8c27-d85d9b3d598a">
      <Execution id="36414800-b1de-4c9d-a6d4-0cc1fb2179d0" />
      <TestMethod codeBase="F:\ETWork\bin\Tests\UnitTests.iCore.Workflow.Activities.dll" adapterTypeName="Microsoft.VisualStudio.TestTools.TestTypes.Unit.UnitTestAdapter" className="UnitTests.iCore.Workflow.Activities.iCPS.RerunActivityTests" name="Invoke_OptionalArgumentIsMissing_ValidExecution" />
    </UnitTest>
    <UnitTest name="Invoke_CorrectArguments_ValidExecution" storage="f:\etwork\bin\tests\unittests.icore.workflow.activities.dll" id="c16a1dca-0dbd-0c2d-f276-22045eb4552d">
      <Execution id="086a3e01-bfd5-4ce5-8d96-a0b872bf96a7" />
      <TestMethod codeBase="F:\ETWork\bin\Tests\UnitTests.iCore.Workflow.Activities.dll" adapterTypeName="Microsoft.VisualStudio.TestTools.TestTypes.Unit.UnitTestAdapter" className="UnitTests.iCore.Workflow.Activities.iCPS.RerunActivityTests" name="Invoke_CorrectArguments_ValidExecution" />
    </UnitTest>
    <UnitTest name="Invoke_CorrectArguments_ValidExecution" storage="f:\etwork\bin\tests\unittests.icore.workflow.activities.dll" id="7f68adea-53c4-d981-fe23-1aea0946049a">
      <Execution id="c96df079-116a-4c12-bbca-c9d0844d4a4a" />
      <TestMethod codeBase="F:\ETWork\bin\Tests\UnitTests.iCore.Workflow.Activities.dll" adapterTypeName="Microsoft.VisualStudio.TestTools.TestTypes.Unit.UnitTestAdapter" className="UnitTests.iCore.Workflow.Activities.iCPS.CopyPartnerActivityTests" name="Invoke_CorrectArguments_ValidExecution" />
    </UnitTest>
    <UnitTest name="Invoke_CorrectArguments_CorrectNameUsed" storage="f:\etwork\bin\tests\unittests.icore.workflow.activities.dll" id="eb492043-4092-1166-7b60-f4b5c630f1b3">
      <Execution id="ebe38323-0cb8-4cb4-bef8-372902a52766" />
      <TestMethod codeBase="F:\ETWork\bin\Tests\UnitTests.iCore.Workflow.Activities.dll" adapterTypeName="Microsoft.VisualStudio.TestTools.TestTypes.Unit.UnitTestAdapter" className="UnitTests.iCore.Workflow.Activities.iCPS.CopyPartnerActivityTests" name="Invoke_CorrectArguments_CorrectNameUsed" />
    </UnitTest>
    <UnitTest name="Invoke_CorrectArguments_CorrectDescriptionUsed" storage="f:\etwork\bin\tests\unittests.icore.workflow.activities.dll" id="dd62b83a-9de8-31e6-8f60-1f9daee242fe">
      <Execution id="dcf2232c-c264-4752-980c-c768c4a1494f" />
      <TestMethod codeBase="F:\ETWork\bin\Tests\UnitTests.iCore.Workflow.Activities.dll" adapterTypeName="Microsoft.VisualStudio.TestTools.TestTypes.Unit.UnitTestAdapter" className="UnitTests.iCore.Workflow.Activities.iCPS.CopyPartnerActivityTests" name="Invoke_CorrectArguments_CorrectDescriptionUsed" />
    </UnitTest>
    <UnitTest name="Invoke_CorrectArguments_CorrectIdentityUsed" storage="f:\etwork\bin\tests\unittests.icore.workflow.activities.dll" id="13a57d90-e5a1-0565-7104-205a7c35d9e4">
      <Execution id="bac1a72b-6d98-46a1-9583-00159d6bf450" />
      <TestMethod codeBase="F:\ETWork\bin\Tests\UnitTests.iCore.Workflow.Activities.dll" adapterTypeName="Microsoft.VisualStudio.TestTools.TestTypes.Unit.UnitTestAdapter" className="UnitTests.iCore.Workflow.Activities.iCPS.CopyPartnerActivityTests" name="Invoke_CorrectArguments_CorrectIdentityUsed" />
    </UnitTest>
    <UnitTest name="Invoke_CorrectArguments_CorrectTemplateUsed" storage="f:\etwork\bin\tests\unittests.icore.workflow.activities.dll" id="3fe55250-ed25-1033-df11-2fa9bbc139bb">
      <Execution id="07cd0b84-d592-4c87-94a9-b846486e29f2" />
      <TestMethod codeBase="F:\ETWork\bin\Tests\UnitTests.iCore.Workflow.Activities.dll" adapterTypeName="Microsoft.VisualStudio.TestTools.TestTypes.Unit.UnitTestAdapter" className="UnitTests.iCore.Workflow.Activities.iCPS.CopyPartnerActivityTests" name="Invoke_CorrectArguments_CorrectTemplateUsed" />
    </UnitTest>
    <UnitTest name="Invoke_CorrectArguments_CorrectCopyValuesUsed" storage="f:\etwork\bin\tests\unittests.icore.workflow.activities.dll" id="b952d731-679e-1da9-23d8-59838ced47b8">
      <Execution id="a794c703-99ae-4407-871f-f961be723894" />
      <TestMethod codeBase="F:\ETWork\bin\Tests\UnitTests.iCore.Workflow.Activities.dll" adapterTypeName="Microsoft.VisualStudio.TestTools.TestTypes.Unit.UnitTestAdapter" className="UnitTests.iCore.Workflow.Activities.iCPS.CopyPartnerActivityTests" name="Invoke_CorrectArguments_CorrectCopyValuesUsed" />
    </UnitTest>
    <UnitTest name="Invoke_DescriptionArgumentMissing_ValidExecution" storage="f:\etwork\bin\tests\unittests.icore.workflow.activities.dll" id="223399e6-dcc8-902d-6aea-6e21523e1395">
      <Execution id="6d0c5c4c-f5cd-4bd3-94d3-6e22ba2e9325" />
      <TestMethod codeBase="F:\ETWork\bin\Tests\UnitTests.iCore.Workflow.Activities.dll" adapterTypeName="Microsoft.VisualStudio.TestTools.TestTypes.Unit.UnitTestAdapter" className="UnitTests.iCore.Workflow.Activities.iCPS.CopyPartnerActivityTests" name="Invoke_DescriptionArgumentMissing_ValidExecution" />
    </UnitTest>
    <UnitTest name="Invoke_CorrectArguments_CorrectReturnValueAndType" storage="f:\etwork\bin\tests\unittests.icore.workflow.activities.dll" id="7225dbd9-4bcf-11c0-3676-fcb8588f48ab">
      <Execution id="cc2b926b-884f-4a22-84b1-632666e3bdf4" />
      <TestMethod codeBase="F:\ETWork\bin\Tests\UnitTests.iCore.Workflow.Activities.dll" adapterTypeName="Microsoft.VisualStudio.TestTools.TestTypes.Unit.UnitTestAdapter" className="UnitTests.iCore.Workflow.Activities.iCPS.CopyPartnerActivityTests" name="Invoke_CorrectArguments_CorrectReturnValueAndType" />
    </UnitTest>
    <UnitTest name="Invoke_NameIsNull_ValidExecution" storage="f:\etwork\bin\tests\unittests.icore.workflow.activities.dll" id="0f633aa8-6f99-c3e4-598b-7387fa0c955d">
      <Execution id="89f1a2f0-bb72-4577-8cb4-157303ca0674" />
      <TestMethod codeBase="F:\ETWork\bin\Tests\UnitTests.iCore.Workflow.Activities.dll" adapterTypeName="Microsoft.VisualStudio.TestTools.TestTypes.Unit.UnitTestAdapter" className="UnitTests.iCore.Workflow.Activities.iCPS.CopyPartnerActivityTests" name="Invoke_NameIsNull_ValidExecution" />
    </UnitTest>
    <UnitTest name="Invoke_IdentityIsNull_ValidExecution" storage="f:\etwork\bin\tests\unittests.icore.workflow.activities.dll" id="9c434d84-81b8-a247-81ab-b4a95b399586">
      <Execution id="01cc95f4-b140-4f3f-9ba9-9e9f05f34dda" />
      <TestMethod codeBase="F:\ETWork\bin\Tests\UnitTests.iCore.Workflow.Activities.dll" adapterTypeName="Microsoft.VisualStudio.TestTools.TestTypes.Unit.UnitTestAdapter" className="UnitTests.iCore.Workflow.Activities.iCPS.CopyPartnerActivityTests" name="Invoke_IdentityIsNull_ValidExecution" />
    </UnitTest>
    <UnitTest name="Invoke_DuplicatePartnerName_ThrowsUniqueValueAddConflictException" storage="f:\etwork\bin\tests\unittests.icore.workflow.activities.dll" id="ca50d2ce-4a5c-eb58-bc21-da3788690786">
      <Execution id="8334eec0-0ba2-49bc-906c-574fcb6313f6" />
      <TestMethod codeBase="F:\ETWork\bin\Tests\UnitTests.iCore.Workflow.Activities.dll" adapterTypeName="Microsoft.VisualStudio.TestTools.TestTypes.Unit.UnitTestAdapter" className="UnitTests.iCore.Workflow.Activities.iCPS.CopyPartnerActivityTests" name="Invoke_DuplicatePartnerName_ThrowsUniqueValueAddConflictException" />
    </UnitTest>
    <UnitTest name="Invoke_DuplicatePartnerIdentity_ThrowsUniqueValueAddConflictException" storage="f:\etwork\bin\tests\unittests.icore.workflow.activities.dll" id="e9164873-6ae1-6095-6b9d-727925e5cf8f">
      <Execution id="673c5672-7524-402e-8cef-c6649f3082e1" />
      <TestMethod codeBase="F:\ETWork\bin\Tests\UnitTests.iCore.Workflow.Activities.dll" adapterTypeName="Microsoft.VisualStudio.TestTools.TestTypes.Unit.UnitTestAdapter" className="UnitTests.iCore.Workflow.Activities.iCPS.CopyPartnerActivityTests" name="Invoke_DuplicatePartnerIdentity_ThrowsUniqueValueAddConflictException" />
    </UnitTest>
    <UnitTest name="Invoke_CorrectArguments_ValidExecution" storage="f:\etwork\bin\tests\unittests.icore.workflow.activities.dll" id="e1efde70-bcdb-d4a6-3c75-e03140898f7f">
      <Execution id="45370fb3-ebe4-49e5-9fd2-c8088876c80a" />
      <TestMethod codeBase="F:\ETWork\bin\Tests\UnitTests.iCore.Workflow.Activities.dll" adapterTypeName="Microsoft.VisualStudio.TestTools.TestTypes.Unit.UnitTestAdapter" className="UnitTests.iCore.Workflow.Activities.iCPS.CreateNodeActivityTests" name="Invoke_CorrectArguments_ValidExecution" />
    </UnitTest>
    <UnitTest name="Invoke_CorrectArguments_CorrectNameUsed" storage="f:\etwork\bin\tests\unittests.icore.workflow.activities.dll" id="bcb2946a-0938-b9bd-dcaa-d6bf834ec3c6">
      <Execution id="5ada8fbc-dfb3-4a00-af3c-c149b364035b" />
      <TestMethod codeBase="F:\ETWork\bin\Tests\UnitTests.iCore.Workflow.Activities.dll" adapterTypeName="Microsoft.VisualStudio.TestTools.TestTypes.Unit.UnitTestAdapter" className="UnitTests.iCore.Workflow.Activities.iCPS.CreateNodeActivityTests" name="Invoke_CorrectArguments_CorrectNameUsed" />
    </UnitTest>
    <UnitTest name="Invoke_CorrectArguments_CorrectJobIdUsed" storage="f:\etwork\bin\tests\unittests.icore.workflow.activities.dll" id="0a32e2e0-44ea-d1f9-6a86-6e0ff705030d">
      <Execution id="2a0067da-48f6-47a1-9e53-b2650cf7a2fe" />
      <TestMethod codeBase="F:\ETWork\bin\Tests\UnitTests.iCore.Workflow.Activities.dll" adapterTypeName="Microsoft.VisualStudio.TestTools.TestTypes.Unit.UnitTestAdapter" className="UnitTests.iCore.Workflow.Activities.iCPS.CreateNodeActivityTests" name="Invoke_CorrectArguments_CorrectJobIdUsed" />
    </UnitTest>
    <UnitTest name="Invoke_CorrectArguments_CorrectNodeTypeUsed" storage="f:\etwork\bin\tests\unittests.icore.workflow.activities.dll" id="43723755-8a3a-4250-86af-4199329ed602">
      <Execution id="7df04e2b-75f4-47b1-83b7-76cb226e7632" />
      <TestMethod codeBase="F:\ETWork\bin\Tests\UnitTests.iCore.Workflow.Activities.dll" adapterTypeName="Microsoft.VisualStudio.TestTools.TestTypes.Unit.UnitTestAdapter" className="UnitTests.iCore.Workflow.Activities.iCPS.CreateNodeActivityTests" name="Invoke_CorrectArguments_CorrectNodeTypeUsed" />
    </UnitTest>
    <UnitTest name="Invoke_CorrectArguments_CorrectNodeTypeVersionUsed" storage="f:\etwork\bin\tests\unittests.icore.workflow.activities.dll" id="92ab9fe4-4cf7-3189-b1c6-692405c46b4d">
      <Execution id="766c4c15-4f81-4bc5-9d87-1f775f510404" />
      <TestMethod codeBase="F:\ETWork\bin\Tests\UnitTests.iCore.Workflow.Activities.dll" adapterTypeName="Microsoft.VisualStudio.TestTools.TestTypes.Unit.UnitTestAdapter" className="UnitTests.iCore.Workflow.Activities.iCPS.CreateNodeActivityTests" name="Invoke_CorrectArguments_CorrectNodeTypeVersionUsed" />
    </UnitTest>
    <UnitTest name="Invoke_CorrectArguments_CorrectPartnerTypeUsed" storage="f:\etwork\bin\tests\unittests.icore.workflow.activities.dll" id="dff03574-4916-f4e4-9ef8-afc21952bd00">
      <Execution id="eadcf924-e821-4eed-908b-bb028252d231" />
      <TestMethod codeBase="F:\ETWork\bin\Tests\UnitTests.iCore.Workflow.Activities.dll" adapterTypeName="Microsoft.VisualStudio.TestTools.TestTypes.Unit.UnitTestAdapter" className="UnitTests.iCore.Workflow.Activities.iCPS.CreateNodeActivityTests" name="Invoke_CorrectArguments_CorrectPartnerTypeUsed" />
    </UnitTest>
    <UnitTest name="Invoke_CorrectArguments_CorrectStreamUsed" storage="f:\etwork\bin\tests\unittests.icore.workflow.activities.dll" id="9f2f9709-73d4-0129-e8df-d5f4c1668d0f">
      <Execution id="23c79473-d214-4bd3-9f4d-73af03a0d7c0" />
      <TestMethod codeBase="F:\ETWork\bin\Tests\UnitTests.iCore.Workflow.Activities.dll" adapterTypeName="Microsoft.VisualStudio.TestTools.TestTypes.Unit.UnitTestAdapter" className="UnitTests.iCore.Workflow.Activities.iCPS.CreateNodeActivityTests" name="Invoke_CorrectArguments_CorrectStreamUsed" />
    </UnitTest>
    <UnitTest name="Invoke_CorrectArguments_CorrectRetainUsed" storage="f:\etwork\bin\tests\unittests.icore.workflow.activities.dll" id="f68b65f9-6369-bab2-bdc7-a663b3ff63b3">
      <Execution id="d3996abd-4709-4432-b55e-d441398e5133" />
      <TestMethod codeBase="F:\ETWork\bin\Tests\UnitTests.iCore.Workflow.Activities.dll" adapterTypeName="Microsoft.VisualStudio.TestTools.TestTypes.Unit.UnitTestAdapter" className="UnitTests.iCore.Workflow.Activities.iCPS.CreateNodeActivityTests" name="Invoke_CorrectArguments_CorrectRetainUsed" />
    </UnitTest>
    <UnitTest name="Invoke_CorrectArguments_CorrectReturnValue" storage="f:\etwork\bin\tests\unittests.icore.workflow.activities.dll" id="981fea35-896a-27ad-2b9c-affba2b8e7b1">
      <Execution id="beb8c55f-9d31-432f-b2b1-f1d9c7c88d9b" />
      <TestMethod codeBase="F:\ETWork\bin\Tests\UnitTests.iCore.Workflow.Activities.dll" adapterTypeName="Microsoft.VisualStudio.TestTools.TestTypes.Unit.UnitTestAdapter" className="UnitTests.iCore.Workflow.Activities.iCPS.CreateNodeActivityTests" name="Invoke_CorrectArguments_CorrectReturnValue" />
    </UnitTest>
    <UnitTest name="Invoke_CorrectArguments_CorrectNodeFileNameSet" storage="f:\etwork\bin\tests\unittests.icore.workflow.activities.dll" id="4ac19c3e-0d18-e064-9e8e-d196aabc387f">
      <Execution id="38079aad-8d68-4741-8c6b-325c80d3cd6b" />
      <TestMethod codeBase="F:\ETWork\bin\Tests\UnitTests.iCore.Workflow.Activities.dll" adapterTypeName="Microsoft.VisualStudio.TestTools.TestTypes.Unit.UnitTestAdapter" className="UnitTests.iCore.Workflow.Activities.iCPS.CreateNodeActivityTests" name="Invoke_CorrectArguments_CorrectNodeFileNameSet" />
    </UnitTest>
    <UnitTest name="Invoke_NameIsNull_ThrowsArgumentNullException" storage="f:\etwork\bin\tests\unittests.icore.workflow.activities.dll" id="52f289d4-4e08-a6ee-83b5-b8577b43ccf5">
      <Execution id="1fc9d587-5e3f-4db7-83a2-4cd363fbc08b" />
      <TestMethod codeBase="F:\ETWork\bin\Tests\UnitTests.iCore.Workflow.Activities.dll" adapterTypeName="Microsoft.VisualStudio.TestTools.TestTypes.Unit.UnitTestAdapter" className="UnitTests.iCore.Workflow.Activities.iCPS.CreateNodeActivityTests" name="Invoke_NameIsNull_ThrowsArgumentNullException" />
    </UnitTest>
    <UnitTest name="Invoke_NameIsEmpty_ThrowsArgumentException" storage="f:\etwork\bin\tests\unittests.icore.workflow.activities.dll" id="1460a8a4-5708-d1d8-419e-f7ec426cd8e2">
      <Execution id="e828a95e-06e6-4eb2-b12c-238b1e7a9059" />
      <TestMethod codeBase="F:\ETWork\bin\Tests\UnitTests.iCore.Workflow.Activities.dll" adapterTypeName="Microsoft.VisualStudio.TestTools.TestTypes.Unit.UnitTestAdapter" className="UnitTests.iCore.Workflow.Activities.iCPS.CreateNodeActivityTests" name="Invoke_NameIsEmpty_ThrowsArgumentException" />
    </UnitTest>
    <UnitTest name="Invoke_NonExistentNodeType_NodeCreatedCorrectly" storage="f:\etwork\bin\tests\unittests.icore.workflow.activities.dll" id="976035bf-5adc-7847-bf0f-794a93f1ab1e">
      <Execution id="88c0c200-5a5a-47c6-9122-b7adafc6c296" />
      <TestMethod codeBase="F:\ETWork\bin\Tests\UnitTests.iCore.Workflow.Activities.dll" adapterTypeName="Microsoft.VisualStudio.TestTools.TestTypes.Unit.UnitTestAdapter" className="UnitTests.iCore.Workflow.Activities.iCPS.CreateNodeActivityTests" name="Invoke_NonExistentNodeType_NodeCreatedCorrectly" />
    </UnitTest>
    <UnitTest name="Invoke_DependencyThrowsOutOfMemoryException_ThrowsFatalException" storage="f:\etwork\bin\tests\unittests.icore.workflow.activities.dll" id="33dcdfcd-2b11-dc83-6339-8320a4128b7e">
      <Execution id="416f38e2-058b-4dc1-8e27-5c2ca94c281d" />
      <TestMethod codeBase="F:\ETWork\bin\Tests\UnitTests.iCore.Workflow.Activities.dll" adapterTypeName="Microsoft.VisualStudio.TestTools.TestTypes.Unit.UnitTestAdapter" className="UnitTests.iCore.Workflow.Activities.iCPS.CreateNodeActivityTests" name="Invoke_DependencyThrowsOutOfMemoryException_ThrowsFatalException" />
    </UnitTest>
    <UnitTest name="Invoke_CorrectArguments_ValidExecution" storage="f:\etwork\bin\tests\unittests.icore.workflow.activities.dll" id="523f4b34-d9c9-7b8a-ee23-d7df3baa4365">
      <Execution id="f9aa6dd5-75d0-4c2a-8d57-5d16af1be109" />
      <TestMethod codeBase="F:\ETWork\bin\Tests\UnitTests.iCore.Workflow.Activities.dll" adapterTypeName="Microsoft.VisualStudio.TestTools.TestTypes.Unit.UnitTestAdapter" className="UnitTests.iCore.Workflow.Activities.iCPS.DeletePartnerActivityTests" name="Invoke_CorrectArguments_ValidExecution" />
    </UnitTest>
    <UnitTest name="Invoke_CorrectArguments_CorrectpartnerIdUsed" storage="f:\etwork\bin\tests\unittests.icore.workflow.activities.dll" id="4beb22c6-49e2-41fd-eef5-7bb7ba43d884">
      <Execution id="d5583ff1-3ea0-4875-b6e7-22e9ecd61625" />
      <TestMethod codeBase="F:\ETWork\bin\Tests\UnitTests.iCore.Workflow.Activities.dll" adapterTypeName="Microsoft.VisualStudio.TestTools.TestTypes.Unit.UnitTestAdapter" className="UnitTests.iCore.Workflow.Activities.iCPS.DeletePartnerActivityTests" name="Invoke_CorrectArguments_CorrectpartnerIdUsed" />
    </UnitTest>
    <UnitTest name="Invoke_NonExistentAttribute_ThrowsEntityNotFoundException" storage="f:\etwork\bin\tests\unittests.icore.workflow.activities.dll" id="fcb986de-cbcd-60a0-98cf-79217143762b">
      <Execution id="c03c0c71-cdd7-46a9-94ae-4dfb83d65fce" />
      <TestMethod codeBase="F:\ETWork\bin\Tests\UnitTests.iCore.Workflow.Activities.dll" adapterTypeName="Microsoft.VisualStudio.TestTools.TestTypes.Unit.UnitTestAdapter" className="UnitTests.iCore.Workflow.Activities.iCPS.DeletePartnerActivityTests" name="Invoke_NonExistentAttribute_ThrowsEntityNotFoundException" />
    </UnitTest>
    <UnitTest name="Invoke_PartnerisNone_ThrowsUnauthorizedAccessException" storage="f:\etwork\bin\tests\unittests.icore.workflow.activities.dll" id="c2af962a-b9cc-b33a-e562-b7e55395ca9b">
      <Execution id="658aab3e-6ddb-4a6e-b9e6-c9245da28e05" />
      <TestMethod codeBase="F:\ETWork\bin\Tests\UnitTests.iCore.Workflow.Activities.dll" adapterTypeName="Microsoft.VisualStudio.TestTools.TestTypes.Unit.UnitTestAdapter" className="UnitTests.iCore.Workflow.Activities.iCPS.DeletePartnerActivityTests" name="Invoke_PartnerisNone_ThrowsUnauthorizedAccessException" />
    </UnitTest>
    <UnitTest name="Invoke_ActivityIsCancelled_ActivityCancels" storage="f:\etwork\bin\tests\unittests.icore.workflow.activities.dll" id="e38e62ea-fa3d-915a-e56f-d63a6960d23b">
      <Execution id="d084c16b-3c34-4018-953b-33fa08fc7a9d" />
      <TestMethod codeBase="F:\ETWork\bin\Tests\UnitTests.iCore.Workflow.Activities.dll" adapterTypeName="Microsoft.VisualStudio.TestTools.TestTypes.Unit.UnitTestAdapter" className="UnitTests.iCore.Workflow.Activities.iCPS.GetExecutingJobActivityTests" name="Invoke_ActivityIsCancelled_ActivityCancels" />
    </UnitTest>
    <UnitTest name="Invoke_CorrectArguemnts_CorrectReturnValueAndType" storage="f:\etwork\bin\tests\unittests.icore.workflow.activities.dll" id="64e16963-400c-c2c0-ea42-d12e8bc19b70">
      <Execution id="be766edb-3724-47a2-b4dd-d1277bf7b71c" />
      <TestMethod codeBase="F:\ETWork\bin\Tests\UnitTests.iCore.Workflow.Activities.dll" adapterTypeName="Microsoft.VisualStudio.TestTools.TestTypes.Unit.UnitTestAdapter" className="UnitTests.iCore.Workflow.Activities.iCPS.GetExecutingJobActivityTests" name="Invoke_CorrectArguemnts_CorrectReturnValueAndType" />
    </UnitTest>
    <UnitTest name="Invoke_NonNullableArgumentIsNull_ThrowsArgumentNullException" storage="f:\etwork\bin\tests\unittests.icore.workflow.activities.dll" id="7c124c26-5101-4528-a0cd-140393e761ba">
      <Execution id="927f7dfc-31d1-4865-baa5-1dd070b94350" />
      <TestMethod codeBase="F:\ETWork\bin\Tests\UnitTests.iCore.Workflow.Activities.dll" adapterTypeName="Microsoft.VisualStudio.TestTools.TestTypes.Unit.UnitTestAdapter" className="UnitTests.iCore.Workflow.Activities.iCPS.GetExecutingJobActivityTests" name="Invoke_NonNullableArgumentIsNull_ThrowsArgumentNullException" />
    </UnitTest>
    <UnitTest name="Invoke_RequiredArgumentIsMissing_ThrowsArgumentException" storage="f:\etwork\bin\tests\unittests.icore.workflow.activities.dll" id="b5089b73-d520-dc93-fdd2-7cd58d6e57df">
      <Execution id="6ec7c99f-968e-444a-ba5f-de794df6d02c" />
      <TestMethod codeBase="F:\ETWork\bin\Tests\UnitTests.iCore.Workflow.Activities.dll" adapterTypeName="Microsoft.VisualStudio.TestTools.TestTypes.Unit.UnitTestAdapter" className="UnitTests.iCore.Workflow.Activities.iCPS.GetExecutingJobActivityTests" name="Invoke_RequiredArgumentIsMissing_ThrowsArgumentException" />
    </UnitTest>
    <UnitTest name="Invoke_OptionalArgumentIsMissing_ValidExecution" storage="f:\etwork\bin\tests\unittests.icore.workflow.activities.dll" id="ee249eb9-76c1-0cff-6478-83034a2390e2">
      <Execution id="9d784c3f-af04-4110-8dfa-3ad50d673b16" />
      <TestMethod codeBase="F:\ETWork\bin\Tests\UnitTests.iCore.Workflow.Activities.dll" adapterTypeName="Microsoft.VisualStudio.TestTools.TestTypes.Unit.UnitTestAdapter" className="UnitTests.iCore.Workflow.Activities.iCPS.GetExecutingJobActivityTests" name="Invoke_OptionalArgumentIsMissing_ValidExecution" />
    </UnitTest>
    <UnitTest name="Invoke_CorrectArguments_ValidExecution" storage="f:\etwork\bin\tests\unittests.icore.workflow.activities.dll" id="e838d01c-e1c4-4fb4-665b-34f9e77fff16">
      <Execution id="1639fe19-99ae-4601-b770-693a970ff916" />
      <TestMethod codeBase="F:\ETWork\bin\Tests\UnitTests.iCore.Workflow.Activities.dll" adapterTypeName="Microsoft.VisualStudio.TestTools.TestTypes.Unit.UnitTestAdapter" className="UnitTests.iCore.Workflow.Activities.iCPS.GetExecutingJobActivityTests" name="Invoke_CorrectArguments_ValidExecution" />
    </UnitTest>
    <UnitTest name="Invoke_CorrectArguemnts_ValidExecution" storage="f:\etwork\bin\tests\unittests.icore.workflow.activities.dll" id="38a415c5-3de3-03f0-a3cf-95194a0a4ed9">
      <Execution id="7da5ce7d-e9e5-42a0-b361-00f7435e61cc" />
      <TestMethod codeBase="F:\ETWork\bin\Tests\UnitTests.iCore.Workflow.Activities.dll" adapterTypeName="Microsoft.VisualStudio.TestTools.TestTypes.Unit.UnitTestAdapter" className="UnitTests.iCore.Workflow.Activities.iCPS.GetNextCounterValueActivityTests" name="Invoke_CorrectArguemnts_ValidExecution" />
    </UnitTest>
    <UnitTest name="Invoke_CorrectArguemnts_CorrectCounterUsed" storage="f:\etwork\bin\tests\unittests.icore.workflow.activities.dll" id="b3524c83-4cd0-be0c-05f4-93cc7813a91e">
      <Execution id="3da30141-1c56-4cf3-85d3-78fec9b5c211" />
      <TestMethod codeBase="F:\ETWork\bin\Tests\UnitTests.iCore.Workflow.Activities.dll" adapterTypeName="Microsoft.VisualStudio.TestTools.TestTypes.Unit.UnitTestAdapter" className="UnitTests.iCore.Workflow.Activities.iCPS.GetNextCounterValueActivityTests" name="Invoke_CorrectArguemnts_CorrectCounterUsed" />
    </UnitTest>
    <UnitTest name="Invoke_CorrectArguemnts_CorrectReturnValue" storage="f:\etwork\bin\tests\unittests.icore.workflow.activities.dll" id="27e8b787-49f3-2e54-0f26-25d9454dafe1">
      <Execution id="93a77ffd-ea32-44e0-aa69-9056123d484b" />
      <TestMethod codeBase="F:\ETWork\bin\Tests\UnitTests.iCore.Workflow.Activities.dll" adapterTypeName="Microsoft.VisualStudio.TestTools.TestTypes.Unit.UnitTestAdapter" className="UnitTests.iCore.Workflow.Activities.iCPS.GetNextCounterValueActivityTests" name="Invoke_CorrectArguemnts_CorrectReturnValue" />
    </UnitTest>
    <UnitTest name="Invoke_CounterDoesNotExist_ThrowsEntityNotFoundException" storage="f:\etwork\bin\tests\unittests.icore.workflow.activities.dll" id="7bdbf55d-8326-8446-6178-509150050318">
      <Execution id="e3e19c8d-77d9-4868-a503-67f0192a53e9" />
      <TestMethod codeBase="F:\ETWork\bin\Tests\UnitTests.iCore.Workflow.Activities.dll" adapterTypeName="Microsoft.VisualStudio.TestTools.TestTypes.Unit.UnitTestAdapter" className="UnitTests.iCore.Workflow.Activities.iCPS.GetNextCounterValueActivityTests" name="Invoke_CounterDoesNotExist_ThrowsEntityNotFoundException" />
    </UnitTest>
    <UnitTest name="Invoke_CorrectAttribute_ValidExecution" storage="f:\etwork\bin\tests\unittests.icore.workflow.activities.dll" id="f0582f80-03bb-c376-fbec-6b5485a6acbc">
      <Execution id="57085657-b797-4588-8836-7c949297f6d0" />
      <TestMethod codeBase="F:\ETWork\bin\Tests\UnitTests.iCore.Workflow.Activities.dll" adapterTypeName="Microsoft.VisualStudio.TestTools.TestTypes.Unit.UnitTestAdapter" className="UnitTests.iCore.Workflow.Activities.iCPS.GetNodeMemberValueActivityTests" name="Invoke_CorrectAttribute_ValidExecution" />
    </UnitTest>
    <UnitTest name="Invoke_CorrectPropertyName_ValidExecution" storage="f:\etwork\bin\tests\unittests.icore.workflow.activities.dll" id="ecdaa32a-c063-eb7e-a9e3-60501f983420">
      <Execution id="078f57a0-5f29-4ab4-91ac-88101dbea932" />
      <TestMethod codeBase="F:\ETWork\bin\Tests\UnitTests.iCore.Workflow.Activities.dll" adapterTypeName="Microsoft.VisualStudio.TestTools.TestTypes.Unit.UnitTestAdapter" className="UnitTests.iCore.Workflow.Activities.iCPS.GetNodeMemberValueActivityTests" name="Invoke_CorrectPropertyName_ValidExecution" />
    </UnitTest>
    <UnitTest name="Invoke_CorrectPropertyRetain_ValidExecution" storage="f:\etwork\bin\tests\unittests.icore.workflow.activities.dll" id="e321088c-1bad-dc50-39b0-a22e1f04312b">
      <Execution id="add1791d-1bb8-41f5-981a-c7335c419382" />
      <TestMethod codeBase="F:\ETWork\bin\Tests\UnitTests.iCore.Workflow.Activities.dll" adapterTypeName="Microsoft.VisualStudio.TestTools.TestTypes.Unit.UnitTestAdapter" className="UnitTests.iCore.Workflow.Activities.iCPS.GetNodeMemberValueActivityTests" name="Invoke_CorrectPropertyRetain_ValidExecution" />
    </UnitTest>
    <UnitTest name="Invoke_CorrectPropertyPartnerId_ValidExecution" storage="f:\etwork\bin\tests\unittests.icore.workflow.activities.dll" id="62013bfb-a0fb-f441-b426-f5647043a6e0">
      <Execution id="aaee75c0-71c8-41b8-92a4-8908f2e45448" />
      <TestMethod codeBase="F:\ETWork\bin\Tests\UnitTests.iCore.Workflow.Activities.dll" adapterTypeName="Microsoft.VisualStudio.TestTools.TestTypes.Unit.UnitTestAdapter" className="UnitTests.iCore.Workflow.Activities.iCPS.GetNodeMemberValueActivityTests" name="Invoke_CorrectPropertyPartnerId_ValidExecution" />
    </UnitTest>
    <UnitTest name="Invoke_CorrectPropertyPartnerIdAsObject_ResultIsThePartnerId" storage="f:\etwork\bin\tests\unittests.icore.workflow.activities.dll" id="1a1bcec7-519b-b1c7-7e20-1f5f99c45bdd">
      <Execution id="9c1ed8fb-9963-468d-ac62-676af8906e9b" />
      <TestMethod codeBase="F:\ETWork\bin\Tests\UnitTests.iCore.Workflow.Activities.dll" adapterTypeName="Microsoft.VisualStudio.TestTools.TestTypes.Unit.UnitTestAdapter" className="UnitTests.iCore.Workflow.Activities.iCPS.GetNodeMemberValueActivityTests" name="Invoke_CorrectPropertyPartnerIdAsObject_ResultIsThePartnerId" />
    </UnitTest>
    <UnitTest name="Invoke_DefaultArguments_ValidReturnValue" storage="f:\etwork\bin\tests\unittests.icore.workflow.activities.dll" id="045c8bf6-a125-4cc7-ea97-92840facaf8c">
      <Execution id="21351ad1-7c62-4efe-8957-f01def00446e" />
      <TestMethod codeBase="F:\ETWork\bin\Tests\UnitTests.iCore.Workflow.Activities.dll" adapterTypeName="Microsoft.VisualStudio.TestTools.TestTypes.Unit.UnitTestAdapter" className="UnitTests.iCore.Workflow.Activities.iCPS.GetNodeMemberValueActivityTests" name="Invoke_DefaultArguments_ValidReturnValue" />
    </UnitTest>
    <UnitTest name="Invoke_ErrorIfNotFoundIsFalseAndAttributeIsSet_ValidReturnValue" storage="f:\etwork\bin\tests\unittests.icore.workflow.activities.dll" id="7a047db0-1460-4125-4e8b-9597fd8903ac">
      <Execution id="42ddf76f-821d-45a8-bacc-152bd68aed73" />
      <TestMethod codeBase="F:\ETWork\bin\Tests\UnitTests.iCore.Workflow.Activities.dll" adapterTypeName="Microsoft.VisualStudio.TestTools.TestTypes.Unit.UnitTestAdapter" className="UnitTests.iCore.Workflow.Activities.iCPS.GetNodeMemberValueActivityTests" name="Invoke_ErrorIfNotFoundIsFalseAndAttributeIsSet_ValidReturnValue" />
    </UnitTest>
    <UnitTest name="Invoke_DefaultArgumentsAndAttributeNotFound_ThrowsEntityNotFoundException" storage="f:\etwork\bin\tests\unittests.icore.workflow.activities.dll" id="e21b3708-10d7-42e8-ffee-df7b6c39b490">
      <Execution id="bd405479-6e0d-4580-b3ab-a8c10ecf1b9e" />
      <TestMethod codeBase="F:\ETWork\bin\Tests\UnitTests.iCore.Workflow.Activities.dll" adapterTypeName="Microsoft.VisualStudio.TestTools.TestTypes.Unit.UnitTestAdapter" className="UnitTests.iCore.Workflow.Activities.iCPS.GetNodeMemberValueActivityTests" name="Invoke_DefaultArgumentsAndAttributeNotFound_ThrowsEntityNotFoundException" />
    </UnitTest>
    <UnitTest name="Invoke_ErrorIfNotFoundIsFalseAndAttributeNotFound_DefaultValueReturned" storage="f:\etwork\bin\tests\unittests.icore.workflow.activities.dll" id="de18d2a0-eb9a-7340-c47f-a8d1354d87c6">
      <Execution id="cc87feae-bc28-4de0-b45d-29f8628009ee" />
      <TestMethod codeBase="F:\ETWork\bin\Tests\UnitTests.iCore.Workflow.Activities.dll" adapterTypeName="Microsoft.VisualStudio.TestTools.TestTypes.Unit.UnitTestAdapter" className="UnitTests.iCore.Workflow.Activities.iCPS.GetNodeMemberValueActivityTests" name="Invoke_ErrorIfNotFoundIsFalseAndAttributeNotFound_DefaultValueReturned" />
    </UnitTest>
    <UnitTest name="Invoke_BadFormatting_ThrowsFormatException" storage="f:\etwork\bin\tests\unittests.icore.workflow.activities.dll" id="4be3cd04-7dc5-2871-e29c-58620d020d23">
      <Execution id="51eeb8b2-fc6d-4907-8cfe-616b6cc2b862" />
      <TestMethod codeBase="F:\ETWork\bin\Tests\UnitTests.iCore.Workflow.Activities.dll" adapterTypeName="Microsoft.VisualStudio.TestTools.TestTypes.Unit.UnitTestAdapter" className="UnitTests.iCore.Workflow.Activities.iCPS.GetNodeMemberValueActivityTests" name="Invoke_BadFormatting_ThrowsFormatException" />
    </UnitTest>
    <UnitTest name="Invoke_ErrorIfNotFoundAndOtherErrorOccurs_ThrowsApplicationException" storage="f:\etwork\bin\tests\unittests.icore.workflow.activities.dll" id="b15144ba-6fa1-e798-f6e1-3c0304b37cdc">
      <Execution id="510c5c8b-4534-497c-83fb-cf7e5130adec" />
      <TestMethod codeBase="F:\ETWork\bin\Tests\UnitTests.iCore.Workflow.Activities.dll" adapterTypeName="Microsoft.VisualStudio.TestTools.TestTypes.Unit.UnitTestAdapter" className="UnitTests.iCore.Workflow.Activities.iCPS.GetNodeMemberValueActivityTests" name="Invoke_ErrorIfNotFoundAndOtherErrorOccurs_ThrowsApplicationException" />
    </UnitTest>
    <UnitTest name="Invoke_CorrectArguemnts_ValidExecution" storage="f:\etwork\bin\tests\unittests.icore.workflow.activities.dll" id="27024a0d-c4a4-9b33-703d-3eae628ff7b7">
      <Execution id="a7ead487-b4ad-4fbe-8e24-187cc3370925" />
      <TestMethod codeBase="F:\ETWork\bin\Tests\UnitTests.iCore.Workflow.Activities.dll" adapterTypeName="Microsoft.VisualStudio.TestTools.TestTypes.Unit.UnitTestAdapter" className="UnitTests.iCore.Workflow.Activities.iCPS.GetPartnerByIdentityActivityTests" name="Invoke_CorrectArguemnts_ValidExecution" />
    </UnitTest>
    <UnitTest name="Invoke_CorrectArguemnts_CorrectIdentityUsed" storage="f:\etwork\bin\tests\unittests.icore.workflow.activities.dll" id="7f159463-1718-05c2-11b4-872a1a48928c">
      <Execution id="13efae9e-e4dc-4093-9914-b796fdbb2bac" />
      <TestMethod codeBase="F:\ETWork\bin\Tests\UnitTests.iCore.Workflow.Activities.dll" adapterTypeName="Microsoft.VisualStudio.TestTools.TestTypes.Unit.UnitTestAdapter" className="UnitTests.iCore.Workflow.Activities.iCPS.GetPartnerByIdentityActivityTests" name="Invoke_CorrectArguemnts_CorrectIdentityUsed" />
    </UnitTest>
    <UnitTest name="Invoke_CorrectArguemnts_CorrectReturnValue" storage="f:\etwork\bin\tests\unittests.icore.workflow.activities.dll" id="4f6ac798-e899-0d9f-7427-6e1a33b15bbe">
      <Execution id="950eb5a2-7788-4b57-b874-ade203a94ec6" />
      <TestMethod codeBase="F:\ETWork\bin\Tests\UnitTests.iCore.Workflow.Activities.dll" adapterTypeName="Microsoft.VisualStudio.TestTools.TestTypes.Unit.UnitTestAdapter" className="UnitTests.iCore.Workflow.Activities.iCPS.GetPartnerByIdentityActivityTests" name="Invoke_CorrectArguemnts_CorrectReturnValue" />
    </UnitTest>
    <UnitTest name="Invoke_CorrectArguemnts_CorrectReturnValueType" storage="f:\etwork\bin\tests\unittests.icore.workflow.activities.dll" id="e8f0fd21-916d-9870-c382-51e6dab28bf7">
      <Execution id="ac174aea-2b2b-41d1-8c53-f2a5f4ebfb23" />
      <TestMethod codeBase="F:\ETWork\bin\Tests\UnitTests.iCore.Workflow.Activities.dll" adapterTypeName="Microsoft.VisualStudio.TestTools.TestTypes.Unit.UnitTestAdapter" className="UnitTests.iCore.Workflow.Activities.iCPS.GetPartnerByIdentityActivityTests" name="Invoke_CorrectArguemnts_CorrectReturnValueType" />
    </UnitTest>
    <UnitTest name="Invoke_IdentityIsNull_ThrowsArgumentNullException" storage="f:\etwork\bin\tests\unittests.icore.workflow.activities.dll" id="baa2965a-d0c3-d82c-2808-99491aa3ca2a">
      <Execution id="9c57963d-ab10-4bae-8124-48eb7a82c3a8" />
      <TestMethod codeBase="F:\ETWork\bin\Tests\UnitTests.iCore.Workflow.Activities.dll" adapterTypeName="Microsoft.VisualStudio.TestTools.TestTypes.Unit.UnitTestAdapter" className="UnitTests.iCore.Workflow.Activities.iCPS.GetPartnerByIdentityActivityTests" name="Invoke_IdentityIsNull_ThrowsArgumentNullException" />
    </UnitTest>
    <UnitTest name="Invoke_IdentityDoesNotExist_ThrowsEntityNotFoundException" storage="f:\etwork\bin\tests\unittests.icore.workflow.activities.dll" id="c7ebd1fd-244d-4f83-5dae-5aa1596ef1ae">
      <Execution id="ac61e32c-a3a9-4b68-8025-40e09d0e3b6b" />
      <TestMethod codeBase="F:\ETWork\bin\Tests\UnitTests.iCore.Workflow.Activities.dll" adapterTypeName="Microsoft.VisualStudio.TestTools.TestTypes.Unit.UnitTestAdapter" className="UnitTests.iCore.Workflow.Activities.iCPS.GetPartnerByIdentityActivityTests" name="Invoke_IdentityDoesNotExist_ThrowsEntityNotFoundException" />
    </UnitTest>
    <UnitTest name="Invoke_CorrectArguemnts_ValidExecution" storage="f:\etwork\bin\tests\unittests.icore.workflow.activities.dll" id="613be343-b2be-f743-5527-c206b6b5544b">
      <Execution id="36eef0bc-fed5-46d3-81b3-6d37154e468c" />
      <TestMethod codeBase="F:\ETWork\bin\Tests\UnitTests.iCore.Workflow.Activities.dll" adapterTypeName="Microsoft.VisualStudio.TestTools.TestTypes.Unit.UnitTestAdapter" className="UnitTests.iCore.Workflow.Activities.iCPS.GetSettingByIdentityActivityTests" name="Invoke_CorrectArguemnts_ValidExecution" />
    </UnitTest>
    <UnitTest name="Invoke_CorrectArguemnts_CorrectIdentityUsed" storage="f:\etwork\bin\tests\unittests.icore.workflow.activities.dll" id="7f33c266-5293-1102-634e-a168cf9f51ce">
      <Execution id="9ec729a1-c781-474b-9139-af10f221c867" />
      <TestMethod codeBase="F:\ETWork\bin\Tests\UnitTests.iCore.Workflow.Activities.dll" adapterTypeName="Microsoft.VisualStudio.TestTools.TestTypes.Unit.UnitTestAdapter" className="UnitTests.iCore.Workflow.Activities.iCPS.GetSettingByIdentityActivityTests" name="Invoke_CorrectArguemnts_CorrectIdentityUsed" />
    </UnitTest>
    <UnitTest name="Invoke_CorrectArguemnts_CorrectReturnValue" storage="f:\etwork\bin\tests\unittests.icore.workflow.activities.dll" id="dc581246-3f52-f7aa-b1c3-b1fc5ff013cb">
      <Execution id="63998acc-c8cf-4c45-a690-5d7149bb351c" />
      <TestMethod codeBase="F:\ETWork\bin\Tests\UnitTests.iCore.Workflow.Activities.dll" adapterTypeName="Microsoft.VisualStudio.TestTools.TestTypes.Unit.UnitTestAdapter" className="UnitTests.iCore.Workflow.Activities.iCPS.GetSettingByIdentityActivityTests" name="Invoke_CorrectArguemnts_CorrectReturnValue" />
    </UnitTest>
    <UnitTest name="Invoke_CorrectArguemnts_CorrectReturnValueType" storage="f:\etwork\bin\tests\unittests.icore.workflow.activities.dll" id="f680ccdb-b825-d540-0bca-91e4d38edc44">
      <Execution id="95b9c098-7b28-4859-9435-64da5b796c5d" />
      <TestMethod codeBase="F:\ETWork\bin\Tests\UnitTests.iCore.Workflow.Activities.dll" adapterTypeName="Microsoft.VisualStudio.TestTools.TestTypes.Unit.UnitTestAdapter" className="UnitTests.iCore.Workflow.Activities.iCPS.GetSettingByIdentityActivityTests" name="Invoke_CorrectArguemnts_CorrectReturnValueType" />
    </UnitTest>
    <UnitTest name="Invoke_IdentityIsNull_ThrowsArgumentNullException" storage="f:\etwork\bin\tests\unittests.icore.workflow.activities.dll" id="db8bbe8a-ceff-64c2-6cbe-811416b32f3f">
      <Execution id="b0426700-a282-4e32-99de-5321065d61a1" />
      <TestMethod codeBase="F:\ETWork\bin\Tests\UnitTests.iCore.Workflow.Activities.dll" adapterTypeName="Microsoft.VisualStudio.TestTools.TestTypes.Unit.UnitTestAdapter" className="UnitTests.iCore.Workflow.Activities.iCPS.GetSettingByIdentityActivityTests" name="Invoke_IdentityIsNull_ThrowsArgumentNullException" />
    </UnitTest>
    <UnitTest name="Invoke_IdentityDoesNotExist_ThrowsEntityNotFoundException" storage="f:\etwork\bin\tests\unittests.icore.workflow.activities.dll" id="68dea45f-a5f6-1872-4eb2-12f9b24b87b6">
      <Execution id="0969905d-c35c-4074-a565-dd0b212daba7" />
      <TestMethod codeBase="F:\ETWork\bin\Tests\UnitTests.iCore.Workflow.Activities.dll" adapterTypeName="Microsoft.VisualStudio.TestTools.TestTypes.Unit.UnitTestAdapter" className="UnitTests.iCore.Workflow.Activities.iCPS.GetSettingByIdentityActivityTests" name="Invoke_IdentityDoesNotExist_ThrowsEntityNotFoundException" />
    </UnitTest>
    <UnitTest name="Invoke_CorrectAttribute_ValidExecution" storage="f:\etwork\bin\tests\unittests.icore.workflow.activities.dll" id="14b9eaf7-6c7b-a6b6-600e-33b3d29a34ff">
      <Execution id="e9eeabd6-42e3-4fad-ac09-4beec2166bca" />
      <TestMethod codeBase="F:\ETWork\bin\Tests\UnitTests.iCore.Workflow.Activities.dll" adapterTypeName="Microsoft.VisualStudio.TestTools.TestTypes.Unit.UnitTestAdapter" className="UnitTests.iCore.Workflow.Activities.iCPS.SetNodeMemberValueActivityTests" name="Invoke_CorrectAttribute_ValidExecution" />
    </UnitTest>
    <UnitTest name="Invoke_CorrectPropertyName_ValidExecution" storage="f:\etwork\bin\tests\unittests.icore.workflow.activities.dll" id="579cd86d-ade3-b04f-4e73-cc7f45867abd">
      <Execution id="cda75386-92b1-48fa-89a3-b1ea36c40338" />
      <TestMethod codeBase="F:\ETWork\bin\Tests\UnitTests.iCore.Workflow.Activities.dll" adapterTypeName="Microsoft.VisualStudio.TestTools.TestTypes.Unit.UnitTestAdapter" className="UnitTests.iCore.Workflow.Activities.iCPS.SetNodeMemberValueActivityTests" name="Invoke_CorrectPropertyName_ValidExecution" />
    </UnitTest>
    <UnitTest name="Invoke_CorrectPropertyPartner_ValidExecution" storage="f:\etwork\bin\tests\unittests.icore.workflow.activities.dll" id="8e5fce79-4753-f646-2ccc-6615f7b76146">
      <Execution id="2e591f19-dd18-4370-a98e-dc171054c667" />
      <TestMethod codeBase="F:\ETWork\bin\Tests\UnitTests.iCore.Workflow.Activities.dll" adapterTypeName="Microsoft.VisualStudio.TestTools.TestTypes.Unit.UnitTestAdapter" className="UnitTests.iCore.Workflow.Activities.iCPS.SetNodeMemberValueActivityTests" name="Invoke_CorrectPropertyPartner_ValidExecution" />
    </UnitTest>
    <UnitTest name="Invoke_ValueisNull_ValidExecution" storage="f:\etwork\bin\tests\unittests.icore.workflow.activities.dll" id="b8d63c33-1917-9553-4895-e58cdcf22c51">
      <Execution id="f22dfb1b-831e-4587-9d87-9b96c3c72a9e" />
      <TestMethod codeBase="F:\ETWork\bin\Tests\UnitTests.iCore.Workflow.Activities.dll" adapterTypeName="Microsoft.VisualStudio.TestTools.TestTypes.Unit.UnitTestAdapter" className="UnitTests.iCore.Workflow.Activities.iCPS.SetNodeMemberValueActivityTests" name="Invoke_ValueisNull_ValidExecution" />
    </UnitTest>
    <UnitTest name="Invoke_InvalidAttributeId_ValidExecution" storage="f:\etwork\bin\tests\unittests.icore.workflow.activities.dll" id="e86c1826-03f9-0b12-cb8f-cac6b9497a53">
      <Execution id="a9081934-3e62-4454-b7b8-1c0fb7b6b8b7" />
      <TestMethod codeBase="F:\ETWork\bin\Tests\UnitTests.iCore.Workflow.Activities.dll" adapterTypeName="Microsoft.VisualStudio.TestTools.TestTypes.Unit.UnitTestAdapter" className="UnitTests.iCore.Workflow.Activities.iCPS.SetNodeMemberValueActivityTests" name="Invoke_InvalidAttributeId_ValidExecution" />
    </UnitTest>
    <UnitTest name="Invoke_PropertyAndAttributeSet_ValidExecution" storage="f:\etwork\bin\tests\unittests.icore.workflow.activities.dll" id="4c4ba793-acd6-2342-bd84-51c921cfa7e1">
      <Execution id="7731ae83-e537-4573-8c85-69b000b2ca1e" />
      <TestMethod codeBase="F:\ETWork\bin\Tests\UnitTests.iCore.Workflow.Activities.dll" adapterTypeName="Microsoft.VisualStudio.TestTools.TestTypes.Unit.UnitTestAdapter" className="UnitTests.iCore.Workflow.Activities.iCPS.SetNodeMemberValueActivityTests" name="Invoke_PropertyAndAttributeSet_ValidExecution" />
    </UnitTest>
    <UnitTest name="Invoke_CreateNewTrackingScopeCalledWithCorrectArguments" storage="f:\etwork\bin\tests\unittests.icore.workflow.activities.dll" id="a89dcca0-1fca-cc7c-4bc2-f0dfb95623a2">
      <Execution id="98d453cc-3cf8-4320-98db-103b2ce40b39" />
      <TestMethod codeBase="F:\ETWork\bin\Tests\UnitTests.iCore.Workflow.Activities.dll" adapterTypeName="Microsoft.VisualStudio.TestTools.TestTypes.Unit.UnitTestAdapter" className="UnitTests.iCore.Workflow.Activities.iCPS.TrackingScopeActivityTests" name="Invoke_CreateNewTrackingScopeCalledWithCorrectArguments" />
    </UnitTest>
    <UnitTest name="Invoke_CreateSubContextCalledWithCorrectArguments" storage="f:\etwork\bin\tests\unittests.icore.workflow.activities.dll" id="cdc145ee-f901-ab57-6a18-0e4b10a52455">
      <Execution id="92001cb9-96e8-4bbd-81c4-5151496f4847" />
      <TestMethod codeBase="F:\ETWork\bin\Tests\UnitTests.iCore.Workflow.Activities.dll" adapterTypeName="Microsoft.VisualStudio.TestTools.TestTypes.Unit.UnitTestAdapter" className="UnitTests.iCore.Workflow.Activities.iCPS.TrackingScopeActivityTests" name="Invoke_CreateSubContextCalledWithCorrectArguments" />
    </UnitTest>
    <UnitTest name="Invoke_CreateNewTrackingScope_JobStateSetAsSucceeded" storage="f:\etwork\bin\tests\unittests.icore.workflow.activities.dll" id="1125727e-9070-aebc-ddbe-11c8b936943c">
      <Execution id="6ed721fc-506d-4944-90d9-db638a47507c" />
      <TestMethod codeBase="F:\ETWork\bin\Tests\UnitTests.iCore.Workflow.Activities.dll" adapterTypeName="Microsoft.VisualStudio.TestTools.TestTypes.Unit.UnitTestAdapter" className="UnitTests.iCore.Workflow.Activities.iCPS.TrackingScopeActivityTests" name="Invoke_CreateNewTrackingScope_JobStateSetAsSucceeded" />
    </UnitTest>
    <UnitTest name="Invoke_CreateNewTrackingScope_JobStateSetAsFailed" storage="f:\etwork\bin\tests\unittests.icore.workflow.activities.dll" id="87556c7a-c811-3916-f8f0-cc21953ed34a">
      <Execution id="1730a993-0615-4ca1-8a3b-1f7c638f0e84" />
      <TestMethod codeBase="F:\ETWork\bin\Tests\UnitTests.iCore.Workflow.Activities.dll" adapterTypeName="Microsoft.VisualStudio.TestTools.TestTypes.Unit.UnitTestAdapter" className="UnitTests.iCore.Workflow.Activities.iCPS.TrackingScopeActivityTests" name="Invoke_CreateNewTrackingScope_JobStateSetAsFailed" />
    </UnitTest>
    <UnitTest name="Invoke_CreateNewTrackingScope_ThrowsWithTryOutside_JobStateSetAsFailed" storage="f:\etwork\bin\tests\unittests.icore.workflow.activities.dll" id="2769df87-2079-ca34-aa50-11c05e896701">
      <Execution id="ef653b0c-0f85-4d25-8562-1e076d56c95e" />
      <TestMethod codeBase="F:\ETWork\bin\Tests\UnitTests.iCore.Workflow.Activities.dll" adapterTypeName="Microsoft.VisualStudio.TestTools.TestTypes.Unit.UnitTestAdapter" className="UnitTests.iCore.Workflow.Activities.iCPS.TrackingScopeActivityTests" name="Invoke_CreateNewTrackingScope_ThrowsWithTryOutside_JobStateSetAsFailed" />
    </UnitTest>
    <UnitTest name="DeleteSetting_CorrectArguments_ValidExecution" storage="f:\etwork\bin\tests\unittests.icore.workflow.activities.dll" id="59b5d0e0-b09f-5236-ef9a-ac47773b88eb">
      <Execution id="fea469bb-b1ef-49e2-b5d6-b91783b6312b" />
      <TestMethod codeBase="F:\ETWork\bin\Tests\UnitTests.iCore.Workflow.Activities.dll" adapterTypeName="Microsoft.VisualStudio.TestTools.TestTypes.Unit.UnitTestAdapter" className="UnitTests.iCore.Workflow.Activities.iCPS.DeleteSettingsActivityTests" name="DeleteSetting_CorrectArguments_ValidExecution" />
    </UnitTest>
    <UnitTest name="DeleteSetting_CorrectArguments_CorrectSettingIdUsed" storage="f:\etwork\bin\tests\unittests.icore.workflow.activities.dll" id="f6c570e2-dbef-9fa5-3696-cc37f7c03613">
      <Execution id="8544f7e3-0eb4-4876-8b77-08e4a1fb1af7" />
      <TestMethod codeBase="F:\ETWork\bin\Tests\UnitTests.iCore.Workflow.Activities.dll" adapterTypeName="Microsoft.VisualStudio.TestTools.TestTypes.Unit.UnitTestAdapter" className="UnitTests.iCore.Workflow.Activities.iCPS.DeleteSettingsActivityTests" name="DeleteSetting_CorrectArguments_CorrectSettingIdUsed" />
    </UnitTest>
    <UnitTest name="DeleteSetting_NonExistentAttribute_ThrowsEntityNotFoundException" storage="f:\etwork\bin\tests\unittests.icore.workflow.activities.dll" id="b556ce8a-8fac-830b-d25b-2f2e8312e946">
      <Execution id="fe9c6969-37a0-48b7-ae19-32434b42b638" />
      <TestMethod codeBase="F:\ETWork\bin\Tests\UnitTests.iCore.Workflow.Activities.dll" adapterTypeName="Microsoft.VisualStudio.TestTools.TestTypes.Unit.UnitTestAdapter" className="UnitTests.iCore.Workflow.Activities.iCPS.DeleteSettingsActivityTests" name="DeleteSetting_NonExistentAttribute_ThrowsEntityNotFoundException" />
    </UnitTest>
    <UnitTest name="DeleteSetting_SettingIsNone_ThrowsUnauthorizedException" storage="f:\etwork\bin\tests\unittests.icore.workflow.activities.dll" id="52f2264e-be3b-0a77-0fa0-1da62bc72b16">
      <Execution id="62bee612-a4ec-4ada-839a-f1b186e8d1ca" />
      <TestMethod codeBase="F:\ETWork\bin\Tests\UnitTests.iCore.Workflow.Activities.dll" adapterTypeName="Microsoft.VisualStudio.TestTools.TestTypes.Unit.UnitTestAdapter" className="UnitTests.iCore.Workflow.Activities.iCPS.DeleteSettingsActivityTests" name="DeleteSetting_SettingIsNone_ThrowsUnauthorizedException" />
    </UnitTest>
    <UnitTest name="DeleteSetting_RequiredArgumentMissing_ThrowsArgumentException" storage="f:\etwork\bin\tests\unittests.icore.workflow.activities.dll" id="58ed8fae-b1e2-6551-8bb5-c320306e5f9b">
      <Execution id="a7b42fb5-97d4-46c3-ba04-560bc7dd4d97" />
      <TestMethod codeBase="F:\ETWork\bin\Tests\UnitTests.iCore.Workflow.Activities.dll" adapterTypeName="Microsoft.VisualStudio.TestTools.TestTypes.Unit.UnitTestAdapter" className="UnitTests.iCore.Workflow.Activities.iCPS.DeleteSettingsActivityTests" name="DeleteSetting_RequiredArgumentMissing_ThrowsArgumentException" />
    </UnitTest>
    <UnitTest name="InvokeActivity_NormalExecution_Success" storage="f:\etwork\bin\tests\unittests.icore.workflow.activities.dll" id="007dc307-c262-91d2-e9d2-1bb8161ac5f2">
      <Execution id="129bb3f8-ad70-4a7c-b351-4a22323d44d2" />
      <TestMethod codeBase="F:\ETWork\bin\Tests\UnitTests.iCore.Workflow.Activities.dll" adapterTypeName="Microsoft.VisualStudio.TestTools.TestTypes.Unit.UnitTestAdapter" className="UnitTests.iCore.Workflow.Activities.iCPS.UpdateCrossReferenceValueActivityTests" name="InvokeActivity_NormalExecution_Success" />
    </UnitTest>
    <UnitTest name="InvokeActivity_OnlyRequiredArgumentsSet_Success" storage="f:\etwork\bin\tests\unittests.icore.workflow.activities.dll" id="c9661bbc-135d-5a7e-b0e2-fc2bf753ab58">
      <Execution id="6672903f-2bb6-48cd-bb0b-133333c05bba" />
      <TestMethod codeBase="F:\ETWork\bin\Tests\UnitTests.iCore.Workflow.Activities.dll" adapterTypeName="Microsoft.VisualStudio.TestTools.TestTypes.Unit.UnitTestAdapter" className="UnitTests.iCore.Workflow.Activities.iCPS.UpdateCrossReferenceValueActivityTests" name="InvokeActivity_OnlyRequiredArgumentsSet_Success" />
    </UnitTest>
    <UnitTest name="InvokeActivity_NonExistentCrossReference_ThrowsTestException" storage="f:\etwork\bin\tests\unittests.icore.workflow.activities.dll" id="596bd4bb-c23e-296c-8937-aa160d73fc09">
      <Execution id="c2539953-79ae-470a-a122-e87fe5c6ea02" />
      <TestMethod codeBase="F:\ETWork\bin\Tests\UnitTests.iCore.Workflow.Activities.dll" adapterTypeName="Microsoft.VisualStudio.TestTools.TestTypes.Unit.UnitTestAdapter" className="UnitTests.iCore.Workflow.Activities.iCPS.UpdateCrossReferenceValueActivityTests" name="InvokeActivity_NonExistentCrossReference_ThrowsTestException" />
    </UnitTest>
    <UnitTest name="InvokeActivity_RequiredArgumentsNotSet_ThrowsArgumentException" storage="f:\etwork\bin\tests\unittests.icore.workflow.activities.dll" id="0b60d6a0-e418-0a35-30b6-c98f98bd3bd2">
      <Execution id="dd525590-20ab-4927-bccb-be1d5872a9b4" />
      <TestMethod codeBase="F:\ETWork\bin\Tests\UnitTests.iCore.Workflow.Activities.dll" adapterTypeName="Microsoft.VisualStudio.TestTools.TestTypes.Unit.UnitTestAdapter" className="UnitTests.iCore.Workflow.Activities.iCPS.UpdateCrossReferenceValueActivityTests" name="InvokeActivity_RequiredArgumentsNotSet_ThrowsArgumentException" />
    </UnitTest>
    <UnitTest name="InvokeActivity_NoneSpawnedIdListIsNull_Success" storage="f:\etwork\bin\tests\unittests.icore.workflow.activities.dll" id="2e2e7da2-fdc6-6675-c7ac-d6c89b58f2b9">
      <Execution id="b09ff4c0-8084-4d19-b974-34e6fb468136" />
      <TestMethod codeBase="F:\ETWork\bin\Tests\UnitTests.iCore.Workflow.Activities.dll" adapterTypeName="Microsoft.VisualStudio.TestTools.TestTypes.Unit.UnitTestAdapter" className="UnitTests.iCore.Workflow.Activities.iCPS.WaitForSpawnedWorkflowsActivityTests" name="InvokeActivity_NoneSpawnedIdListIsNull_Success" />
    </UnitTest>
    <UnitTest name="InvokeActivity_SingleSpawnNormalExecutionSuccessResult_Success" storage="f:\etwork\bin\tests\unittests.icore.workflow.activities.dll" id="d03e6209-62e6-055d-3d8e-6d4c7c89da52">
      <Execution id="09f24dad-f95b-49c9-bd49-94aa51f26ddc" />
      <TestMethod codeBase="F:\ETWork\bin\Tests\UnitTests.iCore.Workflow.Activities.dll" adapterTypeName="Microsoft.VisualStudio.TestTools.TestTypes.Unit.UnitTestAdapter" className="UnitTests.iCore.Workflow.Activities.iCPS.WaitForSpawnedWorkflowsActivityTests" name="InvokeActivity_SingleSpawnNormalExecutionSuccessResult_Success" />
    </UnitTest>
    <UnitTest name="InvokeActivity_SingleSpawnListWithIdsIsEmpty_WorkflowIsNotAwaited" storage="f:\etwork\bin\tests\unittests.icore.workflow.activities.dll" id="18fb7472-42b6-6783-8c04-afd2a04081f0">
      <Execution id="4e6bbbfb-5232-4c2e-8a94-5ddb65a9a6d3" />
      <TestMethod codeBase="F:\ETWork\bin\Tests\UnitTests.iCore.Workflow.Activities.dll" adapterTypeName="Microsoft.VisualStudio.TestTools.TestTypes.Unit.UnitTestAdapter" className="UnitTests.iCore.Workflow.Activities.iCPS.WaitForSpawnedWorkflowsActivityTests" name="InvokeActivity_SingleSpawnListWithIdsIsEmpty_WorkflowIsNotAwaited" />
    </UnitTest>
    <UnitTest name="InvokeActivity_RemovePublishedDatahasDefaultValue_RemovePublishedDataValueCorrect" storage="f:\etwork\bin\tests\unittests.icore.workflow.activities.dll" id="572a4f15-0679-ed86-00e5-6d5f8d2fdf41">
      <Execution id="8e498a88-1cfb-44f1-a276-2f7567feb963" />
      <TestMethod codeBase="F:\ETWork\bin\Tests\UnitTests.iCore.Workflow.Activities.dll" adapterTypeName="Microsoft.VisualStudio.TestTools.TestTypes.Unit.UnitTestAdapter" className="UnitTests.iCore.Workflow.Activities.iCPS.WaitForSpawnedWorkflowsActivityTests" name="InvokeActivity_RemovePublishedDatahasDefaultValue_RemovePublishedDataValueCorrect" />
    </UnitTest>
    <UnitTest name="InvokeActivity_RemovePublishedDataIsTrue_RemovePublishedDataValueCorrect" storage="f:\etwork\bin\tests\unittests.icore.workflow.activities.dll" id="add33cd2-634b-615f-2f12-344ec559ce11">
      <Execution id="a0165e39-31a6-4693-8aed-7efa4f83e77c" />
      <TestMethod codeBase="F:\ETWork\bin\Tests\UnitTests.iCore.Workflow.Activities.dll" adapterTypeName="Microsoft.VisualStudio.TestTools.TestTypes.Unit.UnitTestAdapter" className="UnitTests.iCore.Workflow.Activities.iCPS.WaitForSpawnedWorkflowsActivityTests" name="InvokeActivity_RemovePublishedDataIsTrue_RemovePublishedDataValueCorrect" />
    </UnitTest>
    <UnitTest name="InvokeActivity_SingleSpawnNormalExecutionErrorResult_Success" storage="f:\etwork\bin\tests\unittests.icore.workflow.activities.dll" id="8b1113a9-b68f-317b-7319-75622b844f5d">
      <Execution id="11c971fa-5ca1-448e-8e43-6d17c2c0effe" />
      <TestMethod codeBase="F:\ETWork\bin\Tests\UnitTests.iCore.Workflow.Activities.dll" adapterTypeName="Microsoft.VisualStudio.TestTools.TestTypes.Unit.UnitTestAdapter" className="UnitTests.iCore.Workflow.Activities.iCPS.WaitForSpawnedWorkflowsActivityTests" name="InvokeActivity_SingleSpawnNormalExecutionErrorResult_Success" />
    </UnitTest>
    <UnitTest name="InvokeActivity_TrippleSpawnNormalExecutionMixedResult_Success" storage="f:\etwork\bin\tests\unittests.icore.workflow.activities.dll" id="7d072065-efde-d9c6-b2e6-67b14a7fafc6">
      <Execution id="0f7ecccd-cedd-4ced-a7c5-e16b4e2ca300" />
      <TestMethod codeBase="F:\ETWork\bin\Tests\UnitTests.iCore.Workflow.Activities.dll" adapterTypeName="Microsoft.VisualStudio.TestTools.TestTypes.Unit.UnitTestAdapter" className="UnitTests.iCore.Workflow.Activities.iCPS.WaitForSpawnedWorkflowsActivityTests" name="InvokeActivity_TrippleSpawnNormalExecutionMixedResult_Success" />
    </UnitTest>
    <UnitTest name="InvokeActivity_TrippleSpawnNormalExecutionWrongTypeInCompletion_Throws" storage="f:\etwork\bin\tests\unittests.icore.workflow.activities.dll" id="a26b7f64-7e79-bedf-f3dc-8a3a683f1539">
      <Execution id="4ca3196b-4b25-4480-9cac-c046712e5171" />
      <TestMethod codeBase="F:\ETWork\bin\Tests\UnitTests.iCore.Workflow.Activities.dll" adapterTypeName="Microsoft.VisualStudio.TestTools.TestTypes.Unit.UnitTestAdapter" className="UnitTests.iCore.Workflow.Activities.iCPS.WaitForSpawnedWorkflowsActivityTests" name="InvokeActivity_TrippleSpawnNormalExecutionWrongTypeInCompletion_Throws" />
    </UnitTest>
    <UnitTest name="InvokeActivity_TrippleSpawnNormalExecutionWrongInstanceIdInCompletion_Throws" storage="f:\etwork\bin\tests\unittests.icore.workflow.activities.dll" id="97c29793-4fe7-950a-df87-e48d680922ba">
      <Execution id="11995f58-d9a3-40f1-a50d-781be2e45fa0" />
      <TestMethod codeBase="F:\ETWork\bin\Tests\UnitTests.iCore.Workflow.Activities.dll" adapterTypeName="Microsoft.VisualStudio.TestTools.TestTypes.Unit.UnitTestAdapter" className="UnitTests.iCore.Workflow.Activities.iCPS.WaitForSpawnedWorkflowsActivityTests" name="InvokeActivity_TrippleSpawnNormalExecutionWrongInstanceIdInCompletion_Throws" />
    </UnitTest>
    <UnitTest name="InvokeActivity_SpawnIdCountIsZeroNormalExecution_SuccessEmptyResult" storage="f:\etwork\bin\tests\unittests.icore.workflow.activities.dll" id="24ddcf64-b21d-6cb8-b6f1-e31638d2e460">
      <Execution id="a07a887a-a3a8-481c-9ae3-6013f4ea8be2" />
      <TestMethod codeBase="F:\ETWork\bin\Tests\UnitTests.iCore.Workflow.Activities.dll" adapterTypeName="Microsoft.VisualStudio.TestTools.TestTypes.Unit.UnitTestAdapter" className="UnitTests.iCore.Workflow.Activities.iCPS.WaitForSpawnedWorkflowsActivityTests" name="InvokeActivity_SpawnIdCountIsZeroNormalExecution_SuccessEmptyResult" />
    </UnitTest>
    <UnitTest name="InvokeActivity_SingleSpawnNormalExecutionTimeoutOccur_Throws" storage="f:\etwork\bin\tests\unittests.icore.workflow.activities.dll" id="d3f204c5-e63b-01db-eff7-fd2abf7581d4">
      <Execution id="db409f22-d699-4e7c-972b-081ec2eaeaae" />
      <TestMethod codeBase="F:\ETWork\bin\Tests\UnitTests.iCore.Workflow.Activities.dll" adapterTypeName="Microsoft.VisualStudio.TestTools.TestTypes.Unit.UnitTestAdapter" className="UnitTests.iCore.Workflow.Activities.iCPS.WaitForSpawnedWorkflowsActivityTests" name="InvokeActivity_SingleSpawnNormalExecutionTimeoutOccur_Throws" />
    </UnitTest>
    <UnitTest name="InvokeActivity_SingleSpawnNormalExecutionTimeoutOccurErrorOnTimeoutIsFalse_Success" storage="f:\etwork\bin\tests\unittests.icore.workflow.activities.dll" id="3069839a-a237-8014-4f2e-a3b6a45bf2f6">
      <Execution id="3f6b9ebd-1012-4651-a281-83213ba9ada0" />
      <TestMethod codeBase="F:\ETWork\bin\Tests\UnitTests.iCore.Workflow.Activities.dll" adapterTypeName="Microsoft.VisualStudio.TestTools.TestTypes.Unit.UnitTestAdapter" className="UnitTests.iCore.Workflow.Activities.iCPS.WaitForSpawnedWorkflowsActivityTests" name="InvokeActivity_SingleSpawnNormalExecutionTimeoutOccurErrorOnTimeoutIsFalse_Success" />
    </UnitTest>
    <UnitTest name="InvokeActivity_TrippleSpawnNormalExecutionTimeoutSetAllCompletes_Success" storage="f:\etwork\bin\tests\unittests.icore.workflow.activities.dll" id="c866b087-c459-5bd9-c02f-4992539dff41">
      <Execution id="86c278de-c358-46f3-807d-a6e6f10537b5" />
      <TestMethod codeBase="F:\ETWork\bin\Tests\UnitTests.iCore.Workflow.Activities.dll" adapterTypeName="Microsoft.VisualStudio.TestTools.TestTypes.Unit.UnitTestAdapter" className="UnitTests.iCore.Workflow.Activities.iCPS.WaitForSpawnedWorkflowsActivityTests" name="InvokeActivity_TrippleSpawnNormalExecutionTimeoutSetAllCompletes_Success" />
    </UnitTest>
    <UnitTest name="InvokeActivity_TrippleSpawnExecutionAborted_Aborted" storage="f:\etwork\bin\tests\unittests.icore.workflow.activities.dll" id="02c8bf5f-b69a-a6b5-5d4c-6bfdbf790b79">
      <Execution id="ad7875a2-3027-450c-bcbc-65bbf76ec781" />
      <TestMethod codeBase="F:\ETWork\bin\Tests\UnitTests.iCore.Workflow.Activities.dll" adapterTypeName="Microsoft.VisualStudio.TestTools.TestTypes.Unit.UnitTestAdapter" className="UnitTests.iCore.Workflow.Activities.iCPS.WaitForSpawnedWorkflowsActivityTests" name="InvokeActivity_TrippleSpawnExecutionAborted_Aborted" />
    </UnitTest>
    <UnitTest name="InvokeActivity_TrippleSpawnExecutionAborted_Cancelled" storage="f:\etwork\bin\tests\unittests.icore.workflow.activities.dll" id="d38fd5f5-9d8f-3ec2-5250-cbe7182baf74">
      <Execution id="62e070e8-6227-435c-a88d-cfbd54094dc8" />
      <TestMethod codeBase="F:\ETWork\bin\Tests\UnitTests.iCore.Workflow.Activities.dll" adapterTypeName="Microsoft.VisualStudio.TestTools.TestTypes.Unit.UnitTestAdapter" className="UnitTests.iCore.Workflow.Activities.iCPS.WaitForSpawnedWorkflowsActivityTests" name="InvokeActivity_TrippleSpawnExecutionAborted_Cancelled" />
    </UnitTest>
    <UnitTest name="InvokeActivity_TrippleSpawnNoneWasRunning_Success" storage="f:\etwork\bin\tests\unittests.icore.workflow.activities.dll" id="c02354b8-e61b-bbba-fb9a-1d603fec76ca">
      <Execution id="44c71d81-8936-485f-8fba-3a2f68177702" />
      <TestMethod codeBase="F:\ETWork\bin\Tests\UnitTests.iCore.Workflow.Activities.dll" adapterTypeName="Microsoft.VisualStudio.TestTools.TestTypes.Unit.UnitTestAdapter" className="UnitTests.iCore.Workflow.Activities.iCPS.WaitForSpawnedWorkflowsActivityTests" name="InvokeActivity_TrippleSpawnNoneWasRunning_Success" />
    </UnitTest>
    <UnitTest name="InvokeActivity_TrippleSpawnNoneSpecifiedAllCompletes_AllReportedAsCompleted" storage="f:\etwork\bin\tests\unittests.icore.workflow.activities.dll" id="0a673555-1c23-c15e-7a26-b9c62c629317">
      <Execution id="4a2bea72-cf24-4401-8141-8595464de704" />
      <TestMethod codeBase="F:\ETWork\bin\Tests\UnitTests.iCore.Workflow.Activities.dll" adapterTypeName="Microsoft.VisualStudio.TestTools.TestTypes.Unit.UnitTestAdapter" className="UnitTests.iCore.Workflow.Activities.iCPS.WaitForSpawnedWorkflowsActivityTests" name="InvokeActivity_TrippleSpawnNoneSpecifiedAllCompletes_AllReportedAsCompleted" />
    </UnitTest>
    <UnitTest name="InvokeActivity_TrippleSpawnNoneSpecifiedNoneCompletes_TimeoutAndAllReportedAsNotCompleted" storage="f:\etwork\bin\tests\unittests.icore.workflow.activities.dll" id="ad69d8a6-c06d-58d4-4172-3b161fa27cc5">
      <Execution id="8d205d1c-0b13-4978-930b-f64b5b65d2a4" />
      <TestMethod codeBase="F:\ETWork\bin\Tests\UnitTests.iCore.Workflow.Activities.dll" adapterTypeName="Microsoft.VisualStudio.TestTools.TestTypes.Unit.UnitTestAdapter" className="UnitTests.iCore.Workflow.Activities.iCPS.WaitForSpawnedWorkflowsActivityTests" name="InvokeActivity_TrippleSpawnNoneSpecifiedNoneCompletes_TimeoutAndAllReportedAsNotCompleted" />
    </UnitTest>
    <UnitTest name="InvokeActivity_TrippleSpawnNoneSpecifiedOneAlreadyCompletedAndOneCompletedBeforeBookmarkSet_OneReportedAsCompleted" storage="f:\etwork\bin\tests\unittests.icore.workflow.activities.dll" id="38690d29-b70d-29e9-2422-35f61310d040">
      <Execution id="f691c924-6b50-410e-9814-341ffbd0d602" />
      <TestMethod codeBase="F:\ETWork\bin\Tests\UnitTests.iCore.Workflow.Activities.dll" adapterTypeName="Microsoft.VisualStudio.TestTools.TestTypes.Unit.UnitTestAdapter" className="UnitTests.iCore.Workflow.Activities.iCPS.WaitForSpawnedWorkflowsActivityTests" name="InvokeActivity_TrippleSpawnNoneSpecifiedOneAlreadyCompletedAndOneCompletedBeforeBookmarkSet_OneReportedAsCompleted" />
    </UnitTest>
    <UnitTest name="Invoke_CorrectArgumentsAndTempDirNotSet_Success" storage="f:\etwork\bin\tests\unittests.icore.workflow.activities.dll" id="f3d5d48c-5de1-49d6-a959-0f1cf59202e8">
      <Execution id="1e408169-04fe-4374-ad0b-14f24678008e" />
      <TestMethod codeBase="F:\ETWork\bin\Tests\UnitTests.iCore.Workflow.Activities.dll" adapterTypeName="Microsoft.VisualStudio.TestTools.TestTypes.Unit.UnitTestAdapter" className="UnitTests.iCore.Workflow.Activities.Filesystem.FilesystemWriterActivityTests" name="Invoke_CorrectArgumentsAndTempDirNotSet_Success" />
    </UnitTest>
    <UnitTest name="Invoke_CorrectArgumentsAndTempDirIsSet_Success" storage="f:\etwork\bin\tests\unittests.icore.workflow.activities.dll" id="63240407-f0b8-3c28-cbdd-8d1ecb6546d9">
      <Execution id="71dbad89-4c7a-4239-a740-ec695333f1e1" />
      <TestMethod codeBase="F:\ETWork\bin\Tests\UnitTests.iCore.Workflow.Activities.dll" adapterTypeName="Microsoft.VisualStudio.TestTools.TestTypes.Unit.UnitTestAdapter" className="UnitTests.iCore.Workflow.Activities.Filesystem.FilesystemWriterActivityTests" name="Invoke_CorrectArgumentsAndTempDirIsSet_Success" />
    </UnitTest>
    <UnitTest name="Invoke_FilesystemutilitiesMethodThrowsException_ThrowsException" storage="f:\etwork\bin\tests\unittests.icore.workflow.activities.dll" id="f7b0e785-581a-347a-eebf-c9fd4c027bf2">
      <Execution id="dae69728-da1e-4493-9159-5f0db565a3b8" />
      <TestMethod codeBase="F:\ETWork\bin\Tests\UnitTests.iCore.Workflow.Activities.dll" adapterTypeName="Microsoft.VisualStudio.TestTools.TestTypes.Unit.UnitTestAdapter" className="UnitTests.iCore.Workflow.Activities.Filesystem.FilesystemWriterActivityTests" name="Invoke_FilesystemutilitiesMethodThrowsException_ThrowsException" />
    </UnitTest>
    <UnitTest name="Invoke_CorrectArgumentsAndAllTrue_ThrowsArgumentException" storage="f:\etwork\bin\tests\unittests.icore.workflow.activities.dll" id="0d3e03fc-d583-66b1-1829-33dbb96b63af">
      <Execution id="8e041b1d-dd14-44be-a451-2f93f0f0a4e1" />
      <TestMethod codeBase="F:\ETWork\bin\Tests\UnitTests.iCore.Workflow.Activities.dll" adapterTypeName="Microsoft.VisualStudio.TestTools.TestTypes.Unit.UnitTestAdapter" className="UnitTests.iCore.Workflow.Activities.Filesystem.FilesystemWriterActivityTests" name="Invoke_CorrectArgumentsAndAllTrue_ThrowsArgumentException" />
    </UnitTest>
    <UnitTest name="Invoke_StreamIsNull_ThrowsArgumentNullException" storage="f:\etwork\bin\tests\unittests.icore.workflow.activities.dll" id="1024b788-0f6c-ec70-9fce-3044600fe71e">
      <Execution id="b5959ee8-a6a5-4862-a425-de1122baa0af" />
      <TestMethod codeBase="F:\ETWork\bin\Tests\UnitTests.iCore.Workflow.Activities.dll" adapterTypeName="Microsoft.VisualStudio.TestTools.TestTypes.Unit.UnitTestAdapter" className="UnitTests.iCore.Workflow.Activities.Filesystem.FilesystemWriterActivityTests" name="Invoke_StreamIsNull_ThrowsArgumentNullException" />
    </UnitTest>
    <UnitTest name="Invoke_RequiredArgumentsMissing_ThrowsTestExecution" storage="f:\etwork\bin\tests\unittests.icore.workflow.activities.dll" id="2a702e24-ce23-c447-5093-142e7fea179b">
      <Execution id="b6065731-d6f3-44a1-938a-ad141ec4862c" />
      <TestMethod codeBase="F:\ETWork\bin\Tests\UnitTests.iCore.Workflow.Activities.dll" adapterTypeName="Microsoft.VisualStudio.TestTools.TestTypes.Unit.UnitTestAdapter" className="UnitTests.iCore.Workflow.Activities.Filesystem.FilesystemWriterActivityTests" name="Invoke_RequiredArgumentsMissing_ThrowsTestExecution" />
    </UnitTest>
    <UnitTest name="Invoke_DependencyThrowsOutOfMemoryException_ThrowsOutOfMemoryException" storage="f:\etwork\bin\tests\unittests.icore.workflow.activities.dll" id="8554ee3a-92e8-ae4b-00a0-471cd55bb5ff">
      <Execution id="8bf0d73e-ec65-4374-b705-dd60dfc3cd89" />
      <TestMethod codeBase="F:\ETWork\bin\Tests\UnitTests.iCore.Workflow.Activities.dll" adapterTypeName="Microsoft.VisualStudio.TestTools.TestTypes.Unit.UnitTestAdapter" className="UnitTests.iCore.Workflow.Activities.Filesystem.FilesystemWriterActivityTests" name="Invoke_DependencyThrowsOutOfMemoryException_ThrowsOutOfMemoryException" />
    </UnitTest>
    <UnitTest name="Invoke_NormalExecution_Success" storage="f:\etwork\bin\tests\unittests.icore.workflow.activities.dll" id="192a9255-01b5-2587-d823-6081f3f25af8">
      <Execution id="8e8e96b5-fa67-40ff-bfe9-8dfa7a6f905c" />
      <TestMethod codeBase="F:\ETWork\bin\Tests\UnitTests.iCore.Workflow.Activities.dll" adapterTypeName="Microsoft.VisualStudio.TestTools.TestTypes.Unit.UnitTestAdapter" className="UnitTests.iCore.Workflow.Activities.Filesystem.WriteStreamToFileActivityTests" name="Invoke_NormalExecution_Success" />
    </UnitTest>
    <UnitTest name="Invoke_StreamIsNull_ThrowsArgumentNullException" storage="f:\etwork\bin\tests\unittests.icore.workflow.activities.dll" id="19a35a0e-fd88-5307-ec77-e90652dcc68e">
      <Execution id="5cfed06e-180c-4f95-957a-0fa3d8452f76" />
      <TestMethod codeBase="F:\ETWork\bin\Tests\UnitTests.iCore.Workflow.Activities.dll" adapterTypeName="Microsoft.VisualStudio.TestTools.TestTypes.Unit.UnitTestAdapter" className="UnitTests.iCore.Workflow.Activities.Filesystem.WriteStreamToFileActivityTests" name="Invoke_StreamIsNull_ThrowsArgumentNullException" />
    </UnitTest>
    <UnitTest name="Invoke_FilenameIsNull_ThrowsArgumentNullException" storage="f:\etwork\bin\tests\unittests.icore.workflow.activities.dll" id="7f01b446-fd58-e061-6dac-6b7cadc821b1">
      <Execution id="5021e734-d421-487d-bd94-d43a8c774e64" />
      <TestMethod codeBase="F:\ETWork\bin\Tests\UnitTests.iCore.Workflow.Activities.dll" adapterTypeName="Microsoft.VisualStudio.TestTools.TestTypes.Unit.UnitTestAdapter" className="UnitTests.iCore.Workflow.Activities.Filesystem.WriteStreamToFileActivityTests" name="Invoke_FilenameIsNull_ThrowsArgumentNullException" />
    </UnitTest>
    <UnitTest name="Invoke_RequiredInArgumentIsMissing_UnhandledArgumentException" storage="f:\etwork\bin\tests\unittests.icore.workflow.activities.dll" id="a25b079c-443d-a514-f52c-69851b44a8ca">
      <Execution id="a703429f-4e0c-4aef-972a-0aa0594a13c3" />
      <TestMethod codeBase="F:\ETWork\bin\Tests\UnitTests.iCore.Workflow.Activities.dll" adapterTypeName="Microsoft.VisualStudio.TestTools.TestTypes.Unit.UnitTestAdapter" className="UnitTests.iCore.Workflow.Activities.Filesystem.WriteStreamToFileActivityTests" name="Invoke_RequiredInArgumentIsMissing_UnhandledArgumentException" />
    </UnitTest>
    <UnitTest name="Invoke_AsyncTaskFaults_ThrowsTestException" storage="f:\etwork\bin\tests\unittests.icore.workflow.activities.dll" id="f060e1bc-9677-2f33-052e-6b6ff1b7aa46">
      <Execution id="7b18a937-8d63-4c75-b58f-f034e660d95d" />
      <TestMethod codeBase="F:\ETWork\bin\Tests\UnitTests.iCore.Workflow.Activities.dll" adapterTypeName="Microsoft.VisualStudio.TestTools.TestTypes.Unit.UnitTestAdapter" className="UnitTests.iCore.Workflow.Activities.Filesystem.WriteStreamToFileActivityTests" name="Invoke_AsyncTaskFaults_ThrowsTestException" />
    </UnitTest>
    <UnitTest name="Invoke_ActivityCancelled_TaskIsCancelled" storage="f:\etwork\bin\tests\unittests.icore.workflow.activities.dll" id="7767006e-42c2-91dd-a5f4-b7c92bcaed44">
      <Execution id="b838e7fe-e069-47ed-bca0-cdb15b1c4c96" />
      <TestMethod codeBase="F:\ETWork\bin\Tests\UnitTests.iCore.Workflow.Activities.dll" adapterTypeName="Microsoft.VisualStudio.TestTools.TestTypes.Unit.UnitTestAdapter" className="UnitTests.iCore.Workflow.Activities.Filesystem.WriteStreamToFileActivityTests" name="Invoke_ActivityCancelled_TaskIsCancelled" />
    </UnitTest>
    <UnitTest name="Invoke_NormalExecution_Success" storage="f:\etwork\bin\tests\unittests.icore.workflow.activities.dll" id="84f16b31-7532-a581-1d8f-2b6e0a9118d4">
      <Execution id="60e7eb70-5758-48c8-b346-11bf8bcd90ce" />
      <TestMethod codeBase="F:\ETWork\bin\Tests\UnitTests.iCore.Workflow.Activities.dll" adapterTypeName="Microsoft.VisualStudio.TestTools.TestTypes.Unit.UnitTestAdapter" className="UnitTests.iCore.Workflow.Activities.Filesystem.CreateDirectoryActivityTests" name="Invoke_NormalExecution_Success" />
    </UnitTest>
    <UnitTest name="Invoke_DirectoryNameEmpty_Throws" storage="f:\etwork\bin\tests\unittests.icore.workflow.activities.dll" id="ff793bee-7bb6-c95c-fcd6-7c97a2a3d33f">
      <Execution id="396bb752-454c-4eeb-8913-3d8b7780802e" />
      <TestMethod codeBase="F:\ETWork\bin\Tests\UnitTests.iCore.Workflow.Activities.dll" adapterTypeName="Microsoft.VisualStudio.TestTools.TestTypes.Unit.UnitTestAdapter" className="UnitTests.iCore.Workflow.Activities.Filesystem.CreateDirectoryActivityTests" name="Invoke_DirectoryNameEmpty_Throws" />
    </UnitTest>
    <UnitTest name="Invoke_RequiredInArgumentIsMissing_UnhandledArgumentException" storage="f:\etwork\bin\tests\unittests.icore.workflow.activities.dll" id="4df533ef-320f-4d4f-fc9d-edac8b1a50c2">
      <Execution id="6de16272-0d80-425a-b646-0d353a8a14eb" />
      <TestMethod codeBase="F:\ETWork\bin\Tests\UnitTests.iCore.Workflow.Activities.dll" adapterTypeName="Microsoft.VisualStudio.TestTools.TestTypes.Unit.UnitTestAdapter" className="UnitTests.iCore.Workflow.Activities.Filesystem.CreateDirectoryActivityTests" name="Invoke_RequiredInArgumentIsMissing_UnhandledArgumentException" />
    </UnitTest>
    <UnitTest name="Invoke_NormalExecution_Success" storage="f:\etwork\bin\tests\unittests.icore.workflow.activities.dll" id="bf7ef670-158a-7e54-5051-403b5f25abb8">
      <Execution id="60cfddae-3b18-4d83-bb53-a1d048d32e89" />
      <TestMethod codeBase="F:\ETWork\bin\Tests\UnitTests.iCore.Workflow.Activities.dll" adapterTypeName="Microsoft.VisualStudio.TestTools.TestTypes.Unit.UnitTestAdapter" className="UnitTests.iCore.Workflow.Activities.Filesystem.WriteTextToFileActivityTests" name="Invoke_NormalExecution_Success" />
    </UnitTest>
    <UnitTest name="Invoke_ErrorOccurs_ThrowsTestException" storage="f:\etwork\bin\tests\unittests.icore.workflow.activities.dll" id="8bdbb215-8b48-8581-d2c5-3a18b4956a11">
      <Execution id="41262ac4-a188-4920-ab04-c19261bcbe25" />
      <TestMethod codeBase="F:\ETWork\bin\Tests\UnitTests.iCore.Workflow.Activities.dll" adapterTypeName="Microsoft.VisualStudio.TestTools.TestTypes.Unit.UnitTestAdapter" className="UnitTests.iCore.Workflow.Activities.Filesystem.WriteTextToFileActivityTests" name="Invoke_ErrorOccurs_ThrowsTestException" />
    </UnitTest>
    <UnitTest name="Invoke_ErrorOccursAsync_ThrowsTestException" storage="f:\etwork\bin\tests\unittests.icore.workflow.activities.dll" id="f14ee32c-852e-c621-2c9e-ef1e0d6b627f">
      <Execution id="97131791-1428-4b09-9e55-a4566547beca" />
      <TestMethod codeBase="F:\ETWork\bin\Tests\UnitTests.iCore.Workflow.Activities.dll" adapterTypeName="Microsoft.VisualStudio.TestTools.TestTypes.Unit.UnitTestAdapter" className="UnitTests.iCore.Workflow.Activities.Filesystem.WriteTextToFileActivityTests" name="Invoke_ErrorOccursAsync_ThrowsTestException" />
    </UnitTest>
    <UnitTest name="Invoke_RequiredInArgumentIsMissing_UnhandledArgumentException" storage="f:\etwork\bin\tests\unittests.icore.workflow.activities.dll" id="e650ef1d-3c84-0d21-8997-eca654852aba">
      <Execution id="d624fdb5-84f5-4caf-a2d5-3f583e599871" />
      <TestMethod codeBase="F:\ETWork\bin\Tests\UnitTests.iCore.Workflow.Activities.dll" adapterTypeName="Microsoft.VisualStudio.TestTools.TestTypes.Unit.UnitTestAdapter" className="UnitTests.iCore.Workflow.Activities.Filesystem.WriteTextToFileActivityTests" name="Invoke_RequiredInArgumentIsMissing_UnhandledArgumentException" />
    </UnitTest>
    <UnitTest name="Invoke_CancellationOccurs_ActivityIsCanceled" storage="f:\etwork\bin\tests\unittests.icore.workflow.activities.dll" id="9bc7bcf7-8004-6cab-48da-8376ee284876">
      <Execution id="9b6f89c7-e079-47fd-96ef-3443faa38f80" />
      <TestMethod codeBase="F:\ETWork\bin\Tests\UnitTests.iCore.Workflow.Activities.dll" adapterTypeName="Microsoft.VisualStudio.TestTools.TestTypes.Unit.UnitTestAdapter" className="UnitTests.iCore.Workflow.Activities.Filesystem.WriteTextToFileActivityTests" name="Invoke_CancellationOccurs_ActivityIsCanceled" />
    </UnitTest>
    <UnitTest name="Constructor_Default_ObjectIsNotNull" storage="f:\etwork\bin\tests\unittests.icore.workflow.activities.dll" id="438ab2a6-c27d-1c66-2906-b3850c33acdd">
      <Execution id="10a85bb7-5d2d-454c-931b-19e613c2693f" />
      <TestMethod codeBase="F:\ETWork\bin\Tests\UnitTests.iCore.Workflow.Activities.dll" adapterTypeName="Microsoft.VisualStudio.TestTools.TestTypes.Unit.UnitTestAdapter" className="UnitTests.iCore.Workflow.Activities.Filesystem.Extensions.FileReaderExtensionTests" name="Constructor_Default_ObjectIsNotNull" />
    </UnitTest>
    <UnitTest name="CreateProvider_ValidProperties_ReturnsSubscriptionId" storage="f:\etwork\bin\tests\unittests.icore.workflow.activities.dll" id="99dc8b33-5611-9f89-2e6c-71ba37b0027f">
      <Execution id="13aa774f-63c9-444e-b7a4-12f682b367fc" />
      <TestMethod codeBase="F:\ETWork\bin\Tests\UnitTests.iCore.Workflow.Activities.dll" adapterTypeName="Microsoft.VisualStudio.TestTools.TestTypes.Unit.UnitTestAdapter" className="UnitTests.iCore.Workflow.Activities.Filesystem.Extensions.FileReaderExtensionTests" name="CreateProvider_ValidProperties_ReturnsSubscriptionId" />
    </UnitTest>
    <UnitTest name="CreateProvider_ValidProperties_ProviderDoesNotActivate" storage="f:\etwork\bin\tests\unittests.icore.workflow.activities.dll" id="30c94a5b-cc12-485f-66ca-d20446e6e71c">
      <Execution id="d73c4db3-7bc1-43ec-89b7-6c7d1fddef38" />
      <TestMethod codeBase="F:\ETWork\bin\Tests\UnitTests.iCore.Workflow.Activities.dll" adapterTypeName="Microsoft.VisualStudio.TestTools.TestTypes.Unit.UnitTestAdapter" className="UnitTests.iCore.Workflow.Activities.Filesystem.Extensions.FileReaderExtensionTests" name="CreateProvider_ValidProperties_ProviderDoesNotActivate" />
    </UnitTest>
    <UnitTest name="CreateProvider_ValidProperties_SubscriptionIsCreatedWithExpectedProperties" storage="f:\etwork\bin\tests\unittests.icore.workflow.activities.dll" id="bb78fee1-53ac-74a2-d95a-33a5490eb657">
      <Execution id="399808ae-e331-4e84-a966-d91ef3373586" />
      <TestMethod codeBase="F:\ETWork\bin\Tests\UnitTests.iCore.Workflow.Activities.dll" adapterTypeName="Microsoft.VisualStudio.TestTools.TestTypes.Unit.UnitTestAdapter" className="UnitTests.iCore.Workflow.Activities.Filesystem.Extensions.FileReaderExtensionTests" name="CreateProvider_ValidProperties_SubscriptionIsCreatedWithExpectedProperties" />
    </UnitTest>
    <UnitTest name="CreateProvider_InvokedTwiceWithSameArgument_ReturnsDifferentSubscriptionIds" storage="f:\etwork\bin\tests\unittests.icore.workflow.activities.dll" id="93f1bcf3-3e64-bc60-a4ae-4a326ad11c09">
      <Execution id="837072a4-ce20-40ee-acbb-205457a34e15" />
      <TestMethod codeBase="F:\ETWork\bin\Tests\UnitTests.iCore.Workflow.Activities.dll" adapterTypeName="Microsoft.VisualStudio.TestTools.TestTypes.Unit.UnitTestAdapter" className="UnitTests.iCore.Workflow.Activities.Filesystem.Extensions.FileReaderExtensionTests" name="CreateProvider_InvokedTwiceWithSameArgument_ReturnsDifferentSubscriptionIds" />
    </UnitTest>
    <UnitTest name="GetSubscriptionConfiguration_NoSubscriptionCreated_ReturnsNull" storage="f:\etwork\bin\tests\unittests.icore.workflow.activities.dll" id="46445acc-286d-c2fb-ea2e-ddfeffbd154f">
      <Execution id="50753632-1f22-4af4-b553-dc7db4da5004" />
      <TestMethod codeBase="F:\ETWork\bin\Tests\UnitTests.iCore.Workflow.Activities.dll" adapterTypeName="Microsoft.VisualStudio.TestTools.TestTypes.Unit.UnitTestAdapter" className="UnitTests.iCore.Workflow.Activities.Filesystem.Extensions.FileReaderExtensionTests" name="GetSubscriptionConfiguration_NoSubscriptionCreated_ReturnsNull" />
    </UnitTest>
    <UnitTest name="GetSubscriptionConfiguration_SubscriptionIsCreated_ConfigurationIsReturned" storage="f:\etwork\bin\tests\unittests.icore.workflow.activities.dll" id="4f5f52a6-14eb-eafe-28e9-33c47f7dbe93">
      <Execution id="ad856455-76db-44a4-b387-cc3927e4d21f" />
      <TestMethod codeBase="F:\ETWork\bin\Tests\UnitTests.iCore.Workflow.Activities.dll" adapterTypeName="Microsoft.VisualStudio.TestTools.TestTypes.Unit.UnitTestAdapter" className="UnitTests.iCore.Workflow.Activities.Filesystem.Extensions.FileReaderExtensionTests" name="GetSubscriptionConfiguration_SubscriptionIsCreated_ConfigurationIsReturned" />
    </UnitTest>
    <UnitTest name="AddSubscription_NoSubscriptionCreated_ThrowsException" storage="f:\etwork\bin\tests\unittests.icore.workflow.activities.dll" id="c112f469-cd99-dc1b-2e70-2e52b8dd36da">
      <Execution id="b25bf03c-93bf-4522-b0b2-3f9b13d56a0b" />
      <TestMethod codeBase="F:\ETWork\bin\Tests\UnitTests.iCore.Workflow.Activities.dll" adapterTypeName="Microsoft.VisualStudio.TestTools.TestTypes.Unit.UnitTestAdapter" className="UnitTests.iCore.Workflow.Activities.Filesystem.Extensions.FileReaderExtensionTests" name="AddSubscription_NoSubscriptionCreated_ThrowsException" />
    </UnitTest>
    <UnitTest name="AddSubscription_InvokeOnceWihtValidSubscriptionId_ProviderDoActivate" storage="f:\etwork\bin\tests\unittests.icore.workflow.activities.dll" id="2186aa20-64d1-9c0a-ad70-2cd2c9d3095b">
      <Execution id="3f9952b5-cfaa-4554-97ed-a36438ec9851" />
      <TestMethod codeBase="F:\ETWork\bin\Tests\UnitTests.iCore.Workflow.Activities.dll" adapterTypeName="Microsoft.VisualStudio.TestTools.TestTypes.Unit.UnitTestAdapter" className="UnitTests.iCore.Workflow.Activities.Filesystem.Extensions.FileReaderExtensionTests" name="AddSubscription_InvokeOnceWihtValidSubscriptionId_ProviderDoActivate" />
    </UnitTest>
    <UnitTest name="AddSubscription_BookmarkIsNull_ThrowsException" storage="f:\etwork\bin\tests\unittests.icore.workflow.activities.dll" id="41712244-a36c-9907-045b-f0a20f2c3bb0">
      <Execution id="46a4a411-279d-44c8-8551-06ead902075a" />
      <TestMethod codeBase="F:\ETWork\bin\Tests\UnitTests.iCore.Workflow.Activities.dll" adapterTypeName="Microsoft.VisualStudio.TestTools.TestTypes.Unit.UnitTestAdapter" className="UnitTests.iCore.Workflow.Activities.Filesystem.Extensions.FileReaderExtensionTests" name="AddSubscription_BookmarkIsNull_ThrowsException" />
    </UnitTest>
    <UnitTest name="AddSubscription_InvokeTwiceWithSameValidSubscriptionId_ProviderDoActivateOnce" storage="f:\etwork\bin\tests\unittests.icore.workflow.activities.dll" id="14e9dbe6-ea26-e881-9074-387c09768cc0">
      <Execution id="00daad6a-17f1-4461-841a-049750052897" />
      <TestMethod codeBase="F:\ETWork\bin\Tests\UnitTests.iCore.Workflow.Activities.dll" adapterTypeName="Microsoft.VisualStudio.TestTools.TestTypes.Unit.UnitTestAdapter" className="UnitTests.iCore.Workflow.Activities.Filesystem.Extensions.FileReaderExtensionTests" name="AddSubscription_InvokeTwiceWithSameValidSubscriptionId_ProviderDoActivateOnce" />
    </UnitTest>
    <UnitTest name="AddSubscription_InvokeTwiceWithSameBookmark_ThrowsException" storage="f:\etwork\bin\tests\unittests.icore.workflow.activities.dll" id="8dbf4027-2751-6fa1-05f4-d51d80f4801f">
      <Execution id="e8d21649-f8eb-404e-a0a5-fb585fff76ae" />
      <TestMethod codeBase="F:\ETWork\bin\Tests\UnitTests.iCore.Workflow.Activities.dll" adapterTypeName="Microsoft.VisualStudio.TestTools.TestTypes.Unit.UnitTestAdapter" className="UnitTests.iCore.Workflow.Activities.Filesystem.Extensions.FileReaderExtensionTests" name="AddSubscription_InvokeTwiceWithSameBookmark_ThrowsException" />
    </UnitTest>
    <UnitTest name="AddSubscription_InvokeWithInvalidSubscriptionId_ThrowsException" storage="f:\etwork\bin\tests\unittests.icore.workflow.activities.dll" id="1042eb54-425b-2a65-815e-38133f42c3a9">
      <Execution id="89d92f9d-ad21-4e69-9d98-15c0d873bcdc" />
      <TestMethod codeBase="F:\ETWork\bin\Tests\UnitTests.iCore.Workflow.Activities.dll" adapterTypeName="Microsoft.VisualStudio.TestTools.TestTypes.Unit.UnitTestAdapter" className="UnitTests.iCore.Workflow.Activities.Filesystem.Extensions.FileReaderExtensionTests" name="AddSubscription_InvokeWithInvalidSubscriptionId_ThrowsException" />
    </UnitTest>
    <UnitTest name="CancelSubscription_NoSubscriptionCreated_ThrowsException" storage="f:\etwork\bin\tests\unittests.icore.workflow.activities.dll" id="af27a44c-823b-a487-3ef9-c2ed1f6cab38">
      <Execution id="7cb89a31-4dd5-4175-a520-717264f8b73a" />
      <TestMethod codeBase="F:\ETWork\bin\Tests\UnitTests.iCore.Workflow.Activities.dll" adapterTypeName="Microsoft.VisualStudio.TestTools.TestTypes.Unit.UnitTestAdapter" className="UnitTests.iCore.Workflow.Activities.Filesystem.Extensions.FileReaderExtensionTests" name="CancelSubscription_NoSubscriptionCreated_ThrowsException" />
    </UnitTest>
    <UnitTest name="CancelSubscription_InvokeOnceWihtValidSubscriptionId_Success" storage="f:\etwork\bin\tests\unittests.icore.workflow.activities.dll" id="73d78083-c3ef-d748-7f1f-89897dcf254b">
      <Execution id="62c2dc71-be7f-46f6-89b1-55b67a8a65c8" />
      <TestMethod codeBase="F:\ETWork\bin\Tests\UnitTests.iCore.Workflow.Activities.dll" adapterTypeName="Microsoft.VisualStudio.TestTools.TestTypes.Unit.UnitTestAdapter" className="UnitTests.iCore.Workflow.Activities.Filesystem.Extensions.FileReaderExtensionTests" name="CancelSubscription_InvokeOnceWihtValidSubscriptionId_Success" />
    </UnitTest>
    <UnitTest name="CancelSubscription_InvokeTwiceWihtSameSubscriptionIdDifferentBookmarks_Success" storage="f:\etwork\bin\tests\unittests.icore.workflow.activities.dll" id="f8950b4b-2242-c4fc-70c9-e7f14fafab66">
      <Execution id="2e66f0dd-29db-4aa7-bb2e-a526eef13ac1" />
      <TestMethod codeBase="F:\ETWork\bin\Tests\UnitTests.iCore.Workflow.Activities.dll" adapterTypeName="Microsoft.VisualStudio.TestTools.TestTypes.Unit.UnitTestAdapter" className="UnitTests.iCore.Workflow.Activities.Filesystem.Extensions.FileReaderExtensionTests" name="CancelSubscription_InvokeTwiceWihtSameSubscriptionIdDifferentBookmarks_Success" />
    </UnitTest>
    <UnitTest name="CancelSubscription_InvokeWithInvalidProviderId_ThrowsException" storage="f:\etwork\bin\tests\unittests.icore.workflow.activities.dll" id="6db51ed8-ffcf-5a47-c238-6f8302a39147">
      <Execution id="5fa3312d-4009-47b3-94d0-0c713ffbe33b" />
      <TestMethod codeBase="F:\ETWork\bin\Tests\UnitTests.iCore.Workflow.Activities.dll" adapterTypeName="Microsoft.VisualStudio.TestTools.TestTypes.Unit.UnitTestAdapter" className="UnitTests.iCore.Workflow.Activities.Filesystem.Extensions.FileReaderExtensionTests" name="CancelSubscription_InvokeWithInvalidProviderId_ThrowsException" />
    </UnitTest>
    <UnitTest name="CancelSubscription_InvokeTwiceWithSameBookmark_Succeeds" storage="f:\etwork\bin\tests\unittests.icore.workflow.activities.dll" id="7f3f15f2-fa80-4d88-704e-daa3678c8978">
      <Execution id="2c8cffaf-2119-412f-b611-32be6db3eb82" />
      <TestMethod codeBase="F:\ETWork\bin\Tests\UnitTests.iCore.Workflow.Activities.dll" adapterTypeName="Microsoft.VisualStudio.TestTools.TestTypes.Unit.UnitTestAdapter" className="UnitTests.iCore.Workflow.Activities.Filesystem.Extensions.FileReaderExtensionTests" name="CancelSubscription_InvokeTwiceWithSameBookmark_Succeeds" />
    </UnitTest>
    <UnitTest name="RemoveProvider_NoSubscriptionCreated_Succeeds" storage="f:\etwork\bin\tests\unittests.icore.workflow.activities.dll" id="b54b3e49-40a6-8b34-e320-09f1f14cae41">
      <Execution id="51bd2cfa-91de-4c05-8ff6-616f1d4ac056" />
      <TestMethod codeBase="F:\ETWork\bin\Tests\UnitTests.iCore.Workflow.Activities.dll" adapterTypeName="Microsoft.VisualStudio.TestTools.TestTypes.Unit.UnitTestAdapter" className="UnitTests.iCore.Workflow.Activities.Filesystem.Extensions.FileReaderExtensionTests" name="RemoveProvider_NoSubscriptionCreated_Succeeds" />
    </UnitTest>
    <UnitTest name="RemoveProvider_InvokeWithValidSubscriptionId_Success" storage="f:\etwork\bin\tests\unittests.icore.workflow.activities.dll" id="e7c71363-2344-86c4-7def-aba1db73fa3b">
      <Execution id="ed55abf1-3ccf-4ef8-9ba1-cabab04cff86" />
      <TestMethod codeBase="F:\ETWork\bin\Tests\UnitTests.iCore.Workflow.Activities.dll" adapterTypeName="Microsoft.VisualStudio.TestTools.TestTypes.Unit.UnitTestAdapter" className="UnitTests.iCore.Workflow.Activities.Filesystem.Extensions.FileReaderExtensionTests" name="RemoveProvider_InvokeWithValidSubscriptionId_Success" />
    </UnitTest>
    <UnitTest name="RemoveProvider_InvokeWithInvalidSubscriptionId_Succeeds" storage="f:\etwork\bin\tests\unittests.icore.workflow.activities.dll" id="72927605-8fcb-4984-9aa4-1b7605c5b21f">
      <Execution id="3454d015-f03a-4ced-9ed8-36945ae936d9" />
      <TestMethod codeBase="F:\ETWork\bin\Tests\UnitTests.iCore.Workflow.Activities.dll" adapterTypeName="Microsoft.VisualStudio.TestTools.TestTypes.Unit.UnitTestAdapter" className="UnitTests.iCore.Workflow.Activities.Filesystem.Extensions.FileReaderExtensionTests" name="RemoveProvider_InvokeWithInvalidSubscriptionId_Succeeds" />
    </UnitTest>
    <UnitTest name="RemoveProvider_InvokeTwiceWithSameSubscriptionId_Succeeds" storage="f:\etwork\bin\tests\unittests.icore.workflow.activities.dll" id="c317bcbb-8d0b-05d6-93f3-66491f60c948">
      <Execution id="1016254d-fd2d-42bc-8ac9-ca8db71ae8d4" />
      <TestMethod codeBase="F:\ETWork\bin\Tests\UnitTests.iCore.Workflow.Activities.dll" adapterTypeName="Microsoft.VisualStudio.TestTools.TestTypes.Unit.UnitTestAdapter" className="UnitTests.iCore.Workflow.Activities.Filesystem.Extensions.FileReaderExtensionTests" name="RemoveProvider_InvokeTwiceWithSameSubscriptionId_Succeeds" />
    </UnitTest>
    <UnitTest name="RemoveProvider_InvokeWithValidSubscriptionIdOfActiveSubscription_Success" storage="f:\etwork\bin\tests\unittests.icore.workflow.activities.dll" id="ef8ccd7e-30be-f1b5-8fa7-0a66aa8235e7">
      <Execution id="28847824-a73e-41f6-8ddd-6251fee877dd" />
      <TestMethod codeBase="F:\ETWork\bin\Tests\UnitTests.iCore.Workflow.Activities.dll" adapterTypeName="Microsoft.VisualStudio.TestTools.TestTypes.Unit.UnitTestAdapter" className="UnitTests.iCore.Workflow.Activities.Filesystem.Extensions.FileReaderExtensionTests" name="RemoveProvider_InvokeWithValidSubscriptionIdOfActiveSubscription_Success" />
    </UnitTest>
    <UnitTest name="RemoveProvider_ProviderWithDisposableReaderAndDisposeReaderIsTrue_ReaderDisposed" storage="f:\etwork\bin\tests\unittests.icore.workflow.activities.dll" id="27d69cd1-05b5-52e7-f8b5-1d7227bafc19">
      <Execution id="b6606eda-2cea-420c-81df-c11cc08f1f1e" />
      <TestMethod codeBase="F:\ETWork\bin\Tests\UnitTests.iCore.Workflow.Activities.dll" adapterTypeName="Microsoft.VisualStudio.TestTools.TestTypes.Unit.UnitTestAdapter" className="UnitTests.iCore.Workflow.Activities.Filesystem.Extensions.FileReaderExtensionTests" name="RemoveProvider_ProviderWithDisposableReaderAndDisposeReaderIsTrue_ReaderDisposed" />
    </UnitTest>
    <UnitTest name="RemoveProvider_ProviderWithDisposableReaderAndDisposeReaderIsFalse_ReaderNotDisposed" storage="f:\etwork\bin\tests\unittests.icore.workflow.activities.dll" id="6672d981-986f-74a0-0cd8-072bf5296d26">
      <Execution id="df98af90-932f-4806-a856-ddcf41a0c4d9" />
      <TestMethod codeBase="F:\ETWork\bin\Tests\UnitTests.iCore.Workflow.Activities.dll" adapterTypeName="Microsoft.VisualStudio.TestTools.TestTypes.Unit.UnitTestAdapter" className="UnitTests.iCore.Workflow.Activities.Filesystem.Extensions.FileReaderExtensionTests" name="RemoveProvider_ProviderWithDisposableReaderAndDisposeReaderIsFalse_ReaderNotDisposed" />
    </UnitTest>
    <UnitTest name="GenerateTemporaryFilename_InvokeWithFileName_AppendsFormatyyyyMMddHHmmssfffAsExtension" storage="f:\etwork\bin\tests\unittests.icore.workflow.activities.dll" id="afd41b04-b781-81a2-5f23-ad147b81710d">
      <Execution id="7823b5d0-acd1-482a-9a36-114e363760fb" />
      <TestMethod codeBase="F:\ETWork\bin\Tests\UnitTests.iCore.Workflow.Activities.dll" adapterTypeName="Microsoft.VisualStudio.TestTools.TestTypes.Unit.UnitTestAdapter" className="UnitTests.iCore.Workflow.Activities.Filesystem.Extensions.FileReaderExtensionTests" name="GenerateTemporaryFilename_InvokeWithFileName_AppendsFormatyyyyMMddHHmmssfffAsExtension" />
    </UnitTest>
    <UnitTest name="Constructor_ArgumentIsProperties_ConfigurationPropertyContainsProperties" storage="f:\etwork\bin\tests\unittests.icore.workflow.activities.dll" id="45b0908b-5e25-c598-3e4c-ca74380da870">
      <Execution id="f3318c91-3aac-49ba-b6e2-31d08d91ff0b" />
      <TestMethod codeBase="F:\ETWork\bin\Tests\UnitTests.iCore.Workflow.Activities.dll" adapterTypeName="Microsoft.VisualStudio.TestTools.TestTypes.Unit.UnitTestAdapter" className="UnitTests.iCore.Workflow.Activities.Filesystem.Extensions.FileReaderProviderTests" name="Constructor_ArgumentIsProperties_ConfigurationPropertyContainsProperties" />
    </UnitTest>
    <UnitTest name="Constructor_ArgumentIsProperties_IdProprtyIsSet" storage="f:\etwork\bin\tests\unittests.icore.workflow.activities.dll" id="f2ce1fc8-a5b2-33c5-6cdc-07ceb572a7b4">
      <Execution id="ab1c0a52-a986-43bb-8933-f13952d853b3" />
      <TestMethod codeBase="F:\ETWork\bin\Tests\UnitTests.iCore.Workflow.Activities.dll" adapterTypeName="Microsoft.VisualStudio.TestTools.TestTypes.Unit.UnitTestAdapter" className="UnitTests.iCore.Workflow.Activities.Filesystem.Extensions.FileReaderProviderTests" name="Constructor_ArgumentIsProperties_IdProprtyIsSet" />
    </UnitTest>
    <UnitTest name="Constructor_NullArgument_Throws" storage="f:\etwork\bin\tests\unittests.icore.workflow.activities.dll" id="58d0606d-948e-e68a-9a50-7569ba9c35fd">
      <Execution id="a4392b97-be47-4774-905b-19d0df99c786" />
      <TestMethod codeBase="F:\ETWork\bin\Tests\UnitTests.iCore.Workflow.Activities.dll" adapterTypeName="Microsoft.VisualStudio.TestTools.TestTypes.Unit.UnitTestAdapter" className="UnitTests.iCore.Workflow.Activities.Filesystem.Extensions.FileReaderProviderTests" name="Constructor_NullArgument_Throws" />
    </UnitTest>
    <UnitTest name="Constructor_InvalidArgument_Throws" storage="f:\etwork\bin\tests\unittests.icore.workflow.activities.dll" id="e936ac63-3ddd-ee9a-6efb-db6c0d6ad12a">
      <Execution id="499672fc-f51c-4c35-9523-df280ae891d6" />
      <TestMethod codeBase="F:\ETWork\bin\Tests\UnitTests.iCore.Workflow.Activities.dll" adapterTypeName="Microsoft.VisualStudio.TestTools.TestTypes.Unit.UnitTestAdapter" className="UnitTests.iCore.Workflow.Activities.Filesystem.Extensions.FileReaderProviderTests" name="Constructor_InvalidArgument_Throws" />
    </UnitTest>
    <UnitTest name="Dispose_CreatedWithPropertiesAsArgument_ProviderDoDispose" storage="f:\etwork\bin\tests\unittests.icore.workflow.activities.dll" id="5e9f0624-8c6b-a4dc-0551-926086117b63">
      <Execution id="1ce85339-acbb-495e-b116-3ad58b810555" />
      <TestMethod codeBase="F:\ETWork\bin\Tests\UnitTests.iCore.Workflow.Activities.dll" adapterTypeName="Microsoft.VisualStudio.TestTools.TestTypes.Unit.UnitTestAdapter" className="UnitTests.iCore.Workflow.Activities.Filesystem.Extensions.FileReaderProviderTests" name="Dispose_CreatedWithPropertiesAsArgument_ProviderDoDispose" />
    </UnitTest>
    <UnitTest name="Dispose_ReaderShouldBeDisposed_ReaderDisposed" storage="f:\etwork\bin\tests\unittests.icore.workflow.activities.dll" id="48b44b24-8006-bddd-11f0-20e8aa3815a4">
      <Execution id="6312c3f9-6bdf-4db8-867d-e0c19f06bcf1" />
      <TestMethod codeBase="F:\ETWork\bin\Tests\UnitTests.iCore.Workflow.Activities.dll" adapterTypeName="Microsoft.VisualStudio.TestTools.TestTypes.Unit.UnitTestAdapter" className="UnitTests.iCore.Workflow.Activities.Filesystem.Extensions.FileReaderProviderTests" name="Dispose_ReaderShouldBeDisposed_ReaderDisposed" />
    </UnitTest>
    <UnitTest name="Dispose_ReaderShouldNotBeDisposed_ReaderNotDisposed" storage="f:\etwork\bin\tests\unittests.icore.workflow.activities.dll" id="4289f507-0979-779f-62c5-768b428c46ce">
      <Execution id="d130d93f-d662-4fc0-ba75-3d230ac7aa85" />
      <TestMethod codeBase="F:\ETWork\bin\Tests\UnitTests.iCore.Workflow.Activities.dll" adapterTypeName="Microsoft.VisualStudio.TestTools.TestTypes.Unit.UnitTestAdapter" className="UnitTests.iCore.Workflow.Activities.Filesystem.Extensions.FileReaderProviderTests" name="Dispose_ReaderShouldNotBeDisposed_ReaderNotDisposed" />
    </UnitTest>
    <UnitTest name="AddSubscription_BookmarkIsNull_ThrowsException" storage="f:\etwork\bin\tests\unittests.icore.workflow.activities.dll" id="b1d42310-5135-801f-b50b-9058f309c8ef">
      <Execution id="a50e2847-8ae7-42ed-895f-080d6ed797ca" />
      <TestMethod codeBase="F:\ETWork\bin\Tests\UnitTests.iCore.Workflow.Activities.dll" adapterTypeName="Microsoft.VisualStudio.TestTools.TestTypes.Unit.UnitTestAdapter" className="UnitTests.iCore.Workflow.Activities.Filesystem.Extensions.FileReaderProviderTests" name="AddSubscription_BookmarkIsNull_ThrowsException" />
    </UnitTest>
    <UnitTest name="AddSubscription_InvokedOnce_ProviderStartsSearchingForFiles" storage="f:\etwork\bin\tests\unittests.icore.workflow.activities.dll" id="4f4fb14a-1604-f75e-dd8f-adc3674743de">
      <Execution id="5849d85a-58b8-402f-b792-88e011bb3840" />
      <TestMethod codeBase="F:\ETWork\bin\Tests\UnitTests.iCore.Workflow.Activities.dll" adapterTypeName="Microsoft.VisualStudio.TestTools.TestTypes.Unit.UnitTestAdapter" className="UnitTests.iCore.Workflow.Activities.Filesystem.Extensions.FileReaderProviderTests" name="AddSubscription_InvokedOnce_ProviderStartsSearchingForFiles" />
    </UnitTest>
    <UnitTest name="AddSubscription_InvokedTwicewithSameBookmark_ThrowsException" storage="f:\etwork\bin\tests\unittests.icore.workflow.activities.dll" id="ad346ebe-4d24-5a7b-90e8-c4f790cfc420">
      <Execution id="a73cf344-0e66-48fe-bb03-d02cb1e12354" />
      <TestMethod codeBase="F:\ETWork\bin\Tests\UnitTests.iCore.Workflow.Activities.dll" adapterTypeName="Microsoft.VisualStudio.TestTools.TestTypes.Unit.UnitTestAdapter" className="UnitTests.iCore.Workflow.Activities.Filesystem.Extensions.FileReaderProviderTests" name="AddSubscription_InvokedTwicewithSameBookmark_ThrowsException" />
    </UnitTest>
    <UnitTest name="AddSubscription_TimeoutTooLarge_ThrowsException" storage="f:\etwork\bin\tests\unittests.icore.workflow.activities.dll" id="2e6a3f10-92bf-50c8-8752-9f054c354e47">
      <Execution id="0ddac03c-1ed9-41a6-9381-4d761a3fef9b" />
      <TestMethod codeBase="F:\ETWork\bin\Tests\UnitTests.iCore.Workflow.Activities.dll" adapterTypeName="Microsoft.VisualStudio.TestTools.TestTypes.Unit.UnitTestAdapter" className="UnitTests.iCore.Workflow.Activities.Filesystem.Extensions.FileReaderProviderTests" name="AddSubscription_TimeoutTooLarge_ThrowsException" />
    </UnitTest>
    <UnitTest name="RemoveBookmark_NoBookmarkIsAdded_ThrowsException" storage="f:\etwork\bin\tests\unittests.icore.workflow.activities.dll" id="fcc3e5db-6049-301b-8c84-c3ccb8934a51">
      <Execution id="8629e566-4f3e-4038-944d-9e5744a0f6bc" />
      <TestMethod codeBase="F:\ETWork\bin\Tests\UnitTests.iCore.Workflow.Activities.dll" adapterTypeName="Microsoft.VisualStudio.TestTools.TestTypes.Unit.UnitTestAdapter" className="UnitTests.iCore.Workflow.Activities.Filesystem.Extensions.FileReaderProviderTests" name="RemoveBookmark_NoBookmarkIsAdded_ThrowsException" />
    </UnitTest>
    <UnitTest name="RemoveBookmark_SpecifiedBookmarkIsNotAdded_ThrowsException" storage="f:\etwork\bin\tests\unittests.icore.workflow.activities.dll" id="60dd30f3-a903-297d-e908-cae403957ef7">
      <Execution id="18ac3e6f-e6ed-4337-af79-8f2790c0e1c7" />
      <TestMethod codeBase="F:\ETWork\bin\Tests\UnitTests.iCore.Workflow.Activities.dll" adapterTypeName="Microsoft.VisualStudio.TestTools.TestTypes.Unit.UnitTestAdapter" className="UnitTests.iCore.Workflow.Activities.Filesystem.Extensions.FileReaderProviderTests" name="RemoveBookmark_SpecifiedBookmarkIsNotAdded_ThrowsException" />
    </UnitTest>
    <UnitTest name="RemoveBookmark_ArgumentIsNull_ThrowsException" storage="f:\etwork\bin\tests\unittests.icore.workflow.activities.dll" id="7bd67fb0-fe9f-8a7a-c2fd-7fef6edfe8ae">
      <Execution id="4b570020-43ab-4383-a5d3-064b19386ca1" />
      <TestMethod codeBase="F:\ETWork\bin\Tests\UnitTests.iCore.Workflow.Activities.dll" adapterTypeName="Microsoft.VisualStudio.TestTools.TestTypes.Unit.UnitTestAdapter" className="UnitTests.iCore.Workflow.Activities.Filesystem.Extensions.FileReaderProviderTests" name="RemoveBookmark_ArgumentIsNull_ThrowsException" />
    </UnitTest>
    <UnitTest name="RemoveBookmark_BookmarkIsAddedInvokedTwice_ThrowsException" storage="f:\etwork\bin\tests\unittests.icore.workflow.activities.dll" id="994064d3-1603-4749-b2a7-2db1751b5a2f">
      <Execution id="78197cb7-3752-4f23-97fe-7dd1425d0219" />
      <TestMethod codeBase="F:\ETWork\bin\Tests\UnitTests.iCore.Workflow.Activities.dll" adapterTypeName="Microsoft.VisualStudio.TestTools.TestTypes.Unit.UnitTestAdapter" className="UnitTests.iCore.Workflow.Activities.Filesystem.Extensions.FileReaderProviderTests" name="RemoveBookmark_BookmarkIsAddedInvokedTwice_ThrowsException" />
    </UnitTest>
    <UnitTest name="CreateProvider_ValidProperties_ReturnsSubscriptionId" storage="f:\etwork\bin\tests\unittests.icore.workflow.activities.dll" id="42c6fb16-68bb-341c-1cc0-47d511ba8226">
      <Execution id="ab7189cc-e32c-4d9a-9f2f-e22a41e3deee" />
      <TestMethod codeBase="F:\ETWork\bin\Tests\UnitTests.iCore.Workflow.Activities.dll" adapterTypeName="Microsoft.VisualStudio.TestTools.TestTypes.Unit.UnitTestAdapter" className="UnitTests.iCore.Workflow.Activities.Filesystem.Extensions.FilesystemExtensionTests" name="CreateProvider_ValidProperties_ReturnsSubscriptionId" />
    </UnitTest>
    <UnitTest name="CreateProvider_ValidProperties_FileSystemWatcherIsNotActivated" storage="f:\etwork\bin\tests\unittests.icore.workflow.activities.dll" id="eaa90d5e-d1a4-51a9-c707-89c4759a8728">
      <Execution id="80ed547d-27b9-4f15-8088-59a47cb8aacd" />
      <TestMethod codeBase="F:\ETWork\bin\Tests\UnitTests.iCore.Workflow.Activities.dll" adapterTypeName="Microsoft.VisualStudio.TestTools.TestTypes.Unit.UnitTestAdapter" className="UnitTests.iCore.Workflow.Activities.Filesystem.Extensions.FilesystemExtensionTests" name="CreateProvider_ValidProperties_FileSystemWatcherIsNotActivated" />
    </UnitTest>
    <UnitTest name="CreateProvider_ValidProperties_SubscriptionIsCreatedWithExpectedProperties" storage="f:\etwork\bin\tests\unittests.icore.workflow.activities.dll" id="79a9feaf-1653-0e3b-ad24-c5bcafa5bfd3">
      <Execution id="8ccd6db5-25ca-4ffe-b61e-a58199bd66f8" />
      <TestMethod codeBase="F:\ETWork\bin\Tests\UnitTests.iCore.Workflow.Activities.dll" adapterTypeName="Microsoft.VisualStudio.TestTools.TestTypes.Unit.UnitTestAdapter" className="UnitTests.iCore.Workflow.Activities.Filesystem.Extensions.FilesystemExtensionTests" name="CreateProvider_ValidProperties_SubscriptionIsCreatedWithExpectedProperties" />
    </UnitTest>
    <UnitTest name="CreateProvider_InvokedTwiceWithSameArgument_ReturnsDifferentSubscriptionIds" storage="f:\etwork\bin\tests\unittests.icore.workflow.activities.dll" id="9235f9cd-aacc-c722-dcd6-2b738096ea57">
      <Execution id="797f58c5-ed1d-47a8-9ac8-bc2624a880c9" />
      <TestMethod codeBase="F:\ETWork\bin\Tests\UnitTests.iCore.Workflow.Activities.dll" adapterTypeName="Microsoft.VisualStudio.TestTools.TestTypes.Unit.UnitTestAdapter" className="UnitTests.iCore.Workflow.Activities.Filesystem.Extensions.FilesystemExtensionTests" name="CreateProvider_InvokedTwiceWithSameArgument_ReturnsDifferentSubscriptionIds" />
    </UnitTest>
    <UnitTest name="GetSubscriptionConfiguration_NoSubscriptionCreated_ReturnsNull" storage="f:\etwork\bin\tests\unittests.icore.workflow.activities.dll" id="7cbc2f19-1b58-664d-7524-402eff01fe31">
      <Execution id="e6a4247a-704c-4e51-86f7-1cb538603487" />
      <TestMethod codeBase="F:\ETWork\bin\Tests\UnitTests.iCore.Workflow.Activities.dll" adapterTypeName="Microsoft.VisualStudio.TestTools.TestTypes.Unit.UnitTestAdapter" className="UnitTests.iCore.Workflow.Activities.Filesystem.Extensions.FilesystemExtensionTests" name="GetSubscriptionConfiguration_NoSubscriptionCreated_ReturnsNull" />
    </UnitTest>
    <UnitTest name="GetSubscriptionConfiguration_SubscriptionIsCreated_ConfigurationIsReturned" storage="f:\etwork\bin\tests\unittests.icore.workflow.activities.dll" id="854d64e6-f216-ec30-4254-bfa1fc3c775f">
      <Execution id="ff3017e9-7ade-47af-a926-fe374d74861e" />
      <TestMethod codeBase="F:\ETWork\bin\Tests\UnitTests.iCore.Workflow.Activities.dll" adapterTypeName="Microsoft.VisualStudio.TestTools.TestTypes.Unit.UnitTestAdapter" className="UnitTests.iCore.Workflow.Activities.Filesystem.Extensions.FilesystemExtensionTests" name="GetSubscriptionConfiguration_SubscriptionIsCreated_ConfigurationIsReturned" />
    </UnitTest>
    <UnitTest name="AddSubscription_TimeoutIsNotSpecified_ActivatedWithoutTimeout" storage="f:\etwork\bin\tests\unittests.icore.workflow.activities.dll" id="a3d5acd3-a6b2-a51f-c547-f4dc75e9c4c6">
      <Execution id="90c21061-7a6d-4807-91fe-7d9c7439b14e" />
      <TestMethod codeBase="F:\ETWork\bin\Tests\UnitTests.iCore.Workflow.Activities.dll" adapterTypeName="Microsoft.VisualStudio.TestTools.TestTypes.Unit.UnitTestAdapter" className="UnitTests.iCore.Workflow.Activities.Filesystem.Extensions.FilesystemExtensionTests" name="AddSubscription_TimeoutIsNotSpecified_ActivatedWithoutTimeout" />
    </UnitTest>
    <UnitTest name="AddSubscription_TimeoutIsSpecified_ActivatedWithSpecifiedTimeout" storage="f:\etwork\bin\tests\unittests.icore.workflow.activities.dll" id="a83c1b38-986f-a393-a33b-e3193e3c990e">
      <Execution id="89c3f961-415c-48ae-aee0-87db47117936" />
      <TestMethod codeBase="F:\ETWork\bin\Tests\UnitTests.iCore.Workflow.Activities.dll" adapterTypeName="Microsoft.VisualStudio.TestTools.TestTypes.Unit.UnitTestAdapter" className="UnitTests.iCore.Workflow.Activities.Filesystem.Extensions.FilesystemExtensionTests" name="AddSubscription_TimeoutIsSpecified_ActivatedWithSpecifiedTimeout" />
    </UnitTest>
    <UnitTest name="AddSubscription_TimeoutIsSpecifiedSoonerThanPreviousTimeout_ActivatedWithSpecifiedTimeout" storage="f:\etwork\bin\tests\unittests.icore.workflow.activities.dll" id="f388a3e6-9534-0783-e279-6d716f068f1a">
      <Execution id="500d0876-aadb-48e5-a2a2-62746f4a9a01" />
      <TestMethod codeBase="F:\ETWork\bin\Tests\UnitTests.iCore.Workflow.Activities.dll" adapterTypeName="Microsoft.VisualStudio.TestTools.TestTypes.Unit.UnitTestAdapter" className="UnitTests.iCore.Workflow.Activities.Filesystem.Extensions.FilesystemExtensionTests" name="AddSubscription_TimeoutIsSpecifiedSoonerThanPreviousTimeout_ActivatedWithSpecifiedTimeout" />
    </UnitTest>
    <UnitTest name="AddSubscription_TimeoutIsSpecifiedLaterThanPreviousTimeout_ActivatedWithPreviousTimeout" storage="f:\etwork\bin\tests\unittests.icore.workflow.activities.dll" id="7172f30e-8d82-f82b-ba08-42b13c6e074e">
      <Execution id="e05248f5-e5a8-4733-8116-520bed86977a" />
      <TestMethod codeBase="F:\ETWork\bin\Tests\UnitTests.iCore.Workflow.Activities.dll" adapterTypeName="Microsoft.VisualStudio.TestTools.TestTypes.Unit.UnitTestAdapter" className="UnitTests.iCore.Workflow.Activities.Filesystem.Extensions.FilesystemExtensionTests" name="AddSubscription_TimeoutIsSpecifiedLaterThanPreviousTimeout_ActivatedWithPreviousTimeout" />
    </UnitTest>
    <UnitTest name="AddSubscription_NoSubscriptionCreated_ThrowsException" storage="f:\etwork\bin\tests\unittests.icore.workflow.activities.dll" id="b7148bf5-0b3f-9814-51de-caed3a6211f1">
      <Execution id="6ba7b78e-cbac-4f88-84eb-3e3bfde184bf" />
      <TestMethod codeBase="F:\ETWork\bin\Tests\UnitTests.iCore.Workflow.Activities.dll" adapterTypeName="Microsoft.VisualStudio.TestTools.TestTypes.Unit.UnitTestAdapter" className="UnitTests.iCore.Workflow.Activities.Filesystem.Extensions.FilesystemExtensionTests" name="AddSubscription_NoSubscriptionCreated_ThrowsException" />
    </UnitTest>
    <UnitTest name="AddSubscription_InvokeOnceWihtValidSubscriptionId_FileSystemWatcherIsActivated" storage="f:\etwork\bin\tests\unittests.icore.workflow.activities.dll" id="049705c9-addf-9e06-25ab-cf8db64dfbd1">
      <Execution id="fac8825e-2726-4226-a8bf-efd946082ca2" />
      <TestMethod codeBase="F:\ETWork\bin\Tests\UnitTests.iCore.Workflow.Activities.dll" adapterTypeName="Microsoft.VisualStudio.TestTools.TestTypes.Unit.UnitTestAdapter" className="UnitTests.iCore.Workflow.Activities.Filesystem.Extensions.FilesystemExtensionTests" name="AddSubscription_InvokeOnceWihtValidSubscriptionId_FileSystemWatcherIsActivated" />
    </UnitTest>
    <UnitTest name="AddSubscription_BookmarkIsNull_ThrowsException" storage="f:\etwork\bin\tests\unittests.icore.workflow.activities.dll" id="dd86aa80-82ce-e766-9b8d-f092ca06f5f0">
      <Execution id="4ab6c966-5500-43d3-a41c-4ee7d2cb71d1" />
      <TestMethod codeBase="F:\ETWork\bin\Tests\UnitTests.iCore.Workflow.Activities.dll" adapterTypeName="Microsoft.VisualStudio.TestTools.TestTypes.Unit.UnitTestAdapter" className="UnitTests.iCore.Workflow.Activities.Filesystem.Extensions.FilesystemExtensionTests" name="AddSubscription_BookmarkIsNull_ThrowsException" />
    </UnitTest>
    <UnitTest name="AddSubscription_InvokeTwiceWithSameValidSubscriptionId_FileSystemWatcherIsActivatedOnce" storage="f:\etwork\bin\tests\unittests.icore.workflow.activities.dll" id="94ecbf7d-0fef-cb0a-38b8-b88013bbc2cf">
      <Execution id="082c79b8-2a7f-4fbc-a4f0-ea7267af611b" />
      <TestMethod codeBase="F:\ETWork\bin\Tests\UnitTests.iCore.Workflow.Activities.dll" adapterTypeName="Microsoft.VisualStudio.TestTools.TestTypes.Unit.UnitTestAdapter" className="UnitTests.iCore.Workflow.Activities.Filesystem.Extensions.FilesystemExtensionTests" name="AddSubscription_InvokeTwiceWithSameValidSubscriptionId_FileSystemWatcherIsActivatedOnce" />
    </UnitTest>
    <UnitTest name="AddSubscription_InvokeTwiceWithSameBookmark_ThrowsException" storage="f:\etwork\bin\tests\unittests.icore.workflow.activities.dll" id="5317fecf-0f50-cf31-c654-03788a80389d">
      <Execution id="e9238a72-c574-4bbd-928b-b2eaae8bbc73" />
      <TestMethod codeBase="F:\ETWork\bin\Tests\UnitTests.iCore.Workflow.Activities.dll" adapterTypeName="Microsoft.VisualStudio.TestTools.TestTypes.Unit.UnitTestAdapter" className="UnitTests.iCore.Workflow.Activities.Filesystem.Extensions.FilesystemExtensionTests" name="AddSubscription_InvokeTwiceWithSameBookmark_ThrowsException" />
    </UnitTest>
    <UnitTest name="AddSubscription_InvokeWithInvalidSubscriptionId_ThrowsException" storage="f:\etwork\bin\tests\unittests.icore.workflow.activities.dll" id="9dd3354c-bf59-5228-e693-447aa2944691">
      <Execution id="c05ef0ef-5985-4c44-a8db-79e44d726923" />
      <TestMethod codeBase="F:\ETWork\bin\Tests\UnitTests.iCore.Workflow.Activities.dll" adapterTypeName="Microsoft.VisualStudio.TestTools.TestTypes.Unit.UnitTestAdapter" className="UnitTests.iCore.Workflow.Activities.Filesystem.Extensions.FilesystemExtensionTests" name="AddSubscription_InvokeWithInvalidSubscriptionId_ThrowsException" />
    </UnitTest>
    <UnitTest name="DeAddSubscription_NoSubscriptionCreated_ThrowsException" storage="f:\etwork\bin\tests\unittests.icore.workflow.activities.dll" id="9620f279-0444-fbaf-f689-7c3d15d278c0">
      <Execution id="7fe81e25-3318-4754-8472-d8b7dd4ccbe6" />
      <TestMethod codeBase="F:\ETWork\bin\Tests\UnitTests.iCore.Workflow.Activities.dll" adapterTypeName="Microsoft.VisualStudio.TestTools.TestTypes.Unit.UnitTestAdapter" className="UnitTests.iCore.Workflow.Activities.Filesystem.Extensions.FilesystemExtensionTests" name="DeAddSubscription_NoSubscriptionCreated_ThrowsException" />
    </UnitTest>
    <UnitTest name="CancelSubscription_InvokeOnceWihtValidSubscriptionId_FileSystemWatcherIsDeactivated" storage="f:\etwork\bin\tests\unittests.icore.workflow.activities.dll" id="06fee05e-b4f1-5c82-e9ad-734a4e3cab51">
      <Execution id="0f73e24f-cfcc-492e-a3b1-8a3467a38648" />
      <TestMethod codeBase="F:\ETWork\bin\Tests\UnitTests.iCore.Workflow.Activities.dll" adapterTypeName="Microsoft.VisualStudio.TestTools.TestTypes.Unit.UnitTestAdapter" className="UnitTests.iCore.Workflow.Activities.Filesystem.Extensions.FilesystemExtensionTests" name="CancelSubscription_InvokeOnceWihtValidSubscriptionId_FileSystemWatcherIsDeactivated" />
    </UnitTest>
    <UnitTest name="DeAddSubscription_InvokeTwiceWihtSameSubscriptionId_FileSystemWatcherIsDeactivated" storage="f:\etwork\bin\tests\unittests.icore.workflow.activities.dll" id="9a6ac8c8-98c1-ceb7-85de-79bfc88b6808">
      <Execution id="49ac2d94-64c8-4860-b6f9-d4165d3b0462" />
      <TestMethod codeBase="F:\ETWork\bin\Tests\UnitTests.iCore.Workflow.Activities.dll" adapterTypeName="Microsoft.VisualStudio.TestTools.TestTypes.Unit.UnitTestAdapter" className="UnitTests.iCore.Workflow.Activities.Filesystem.Extensions.FilesystemExtensionTests" name="DeAddSubscription_InvokeTwiceWihtSameSubscriptionId_FileSystemWatcherIsDeactivated" />
    </UnitTest>
    <UnitTest name="DeAddSubscription_InvokeWithInvalidProviderId_ThrowsException" storage="f:\etwork\bin\tests\unittests.icore.workflow.activities.dll" id="f772d350-babd-4d6a-9c31-77e6d94a4a16">
      <Execution id="7450c0b9-f49b-499e-a66b-7a001319f8a7" />
      <TestMethod codeBase="F:\ETWork\bin\Tests\UnitTests.iCore.Workflow.Activities.dll" adapterTypeName="Microsoft.VisualStudio.TestTools.TestTypes.Unit.UnitTestAdapter" className="UnitTests.iCore.Workflow.Activities.Filesystem.Extensions.FilesystemExtensionTests" name="DeAddSubscription_InvokeWithInvalidProviderId_ThrowsException" />
    </UnitTest>
    <UnitTest name="DeAddSubscription_InvokeTwiceWithSameBookmark_Succeeds" storage="f:\etwork\bin\tests\unittests.icore.workflow.activities.dll" id="0f0607ca-a04d-cf0f-0396-19992453db9b">
      <Execution id="292e228c-41ed-4780-93cf-e2f802891171" />
      <TestMethod codeBase="F:\ETWork\bin\Tests\UnitTests.iCore.Workflow.Activities.dll" adapterTypeName="Microsoft.VisualStudio.TestTools.TestTypes.Unit.UnitTestAdapter" className="UnitTests.iCore.Workflow.Activities.Filesystem.Extensions.FilesystemExtensionTests" name="DeAddSubscription_InvokeTwiceWithSameBookmark_Succeeds" />
    </UnitTest>
    <UnitTest name="RemoveProvider_NoSubscriptionCreated_Succeeds" storage="f:\etwork\bin\tests\unittests.icore.workflow.activities.dll" id="9ea3be32-87f7-ace3-b563-96a343d9e4ee">
      <Execution id="2b57d411-6c48-4bf9-ae88-5b80fab81db7" />
      <TestMethod codeBase="F:\ETWork\bin\Tests\UnitTests.iCore.Workflow.Activities.dll" adapterTypeName="Microsoft.VisualStudio.TestTools.TestTypes.Unit.UnitTestAdapter" className="UnitTests.iCore.Workflow.Activities.Filesystem.Extensions.FilesystemExtensionTests" name="RemoveProvider_NoSubscriptionCreated_Succeeds" />
    </UnitTest>
    <UnitTest name="RemoveProvider_InvokeWithValidSubscriptionId_Success" storage="f:\etwork\bin\tests\unittests.icore.workflow.activities.dll" id="6557fe98-ae99-33f3-3d1b-73fa00bd0a18">
      <Execution id="6e737846-4027-4ae6-bee4-f11ea9d5cc69" />
      <TestMethod codeBase="F:\ETWork\bin\Tests\UnitTests.iCore.Workflow.Activities.dll" adapterTypeName="Microsoft.VisualStudio.TestTools.TestTypes.Unit.UnitTestAdapter" className="UnitTests.iCore.Workflow.Activities.Filesystem.Extensions.FilesystemExtensionTests" name="RemoveProvider_InvokeWithValidSubscriptionId_Success" />
    </UnitTest>
    <UnitTest name="RemoveProvider_InvokeWithInvalidSubscriptionId_Succeeds" storage="f:\etwork\bin\tests\unittests.icore.workflow.activities.dll" id="1a62574d-0882-5867-c412-1c977a9a5077">
      <Execution id="732e3e76-bf3f-4c91-b3c9-314af0b87b45" />
      <TestMethod codeBase="F:\ETWork\bin\Tests\UnitTests.iCore.Workflow.Activities.dll" adapterTypeName="Microsoft.VisualStudio.TestTools.TestTypes.Unit.UnitTestAdapter" className="UnitTests.iCore.Workflow.Activities.Filesystem.Extensions.FilesystemExtensionTests" name="RemoveProvider_InvokeWithInvalidSubscriptionId_Succeeds" />
    </UnitTest>
    <UnitTest name="RemoveProvider_InvokeTwiceWithSameSubscriptionId_Succeeds" storage="f:\etwork\bin\tests\unittests.icore.workflow.activities.dll" id="19f1aadd-9070-6326-5171-09dae4742548">
      <Execution id="07daf231-823f-4161-a0d9-cb67e18d7dcb" />
      <TestMethod codeBase="F:\ETWork\bin\Tests\UnitTests.iCore.Workflow.Activities.dll" adapterTypeName="Microsoft.VisualStudio.TestTools.TestTypes.Unit.UnitTestAdapter" className="UnitTests.iCore.Workflow.Activities.Filesystem.Extensions.FilesystemExtensionTests" name="RemoveProvider_InvokeTwiceWithSameSubscriptionId_Succeeds" />
    </UnitTest>
    <UnitTest name="RemoveProvider_InvokeWithValidSubscriptionIdOfActiveSubscription_Success" storage="f:\etwork\bin\tests\unittests.icore.workflow.activities.dll" id="034943a9-8865-a97d-5354-e6b80215141e">
      <Execution id="ba0fe0c2-5001-46d8-b056-3f250c95f013" />
      <TestMethod codeBase="F:\ETWork\bin\Tests\UnitTests.iCore.Workflow.Activities.dll" adapterTypeName="Microsoft.VisualStudio.TestTools.TestTypes.Unit.UnitTestAdapter" className="UnitTests.iCore.Workflow.Activities.Filesystem.Extensions.FilesystemExtensionTests" name="RemoveProvider_InvokeWithValidSubscriptionIdOfActiveSubscription_Success" />
    </UnitTest>
    <UnitTest name="GenerateTemporaryFilename_InvokeWithFileName_AppendsFormatyyyyMMddHHmmssfffAsExtension" storage="f:\etwork\bin\tests\unittests.icore.workflow.activities.dll" id="45182d86-4a2e-c6a7-2fc0-effd2fc600dd">
      <Execution id="b0de64b4-4711-4ff3-af92-dbc37c4fae17" />
      <TestMethod codeBase="F:\ETWork\bin\Tests\UnitTests.iCore.Workflow.Activities.dll" adapterTypeName="Microsoft.VisualStudio.TestTools.TestTypes.Unit.UnitTestAdapter" className="UnitTests.iCore.Workflow.Activities.Filesystem.Extensions.FilesystemExtensionTests" name="GenerateTemporaryFilename_InvokeWithFileName_AppendsFormatyyyyMMddHHmmssfffAsExtension" />
    </UnitTest>
    <UnitTest name="FileFoundEventTriggered_SubscriptionActivatedTwice_FileSystemWatcherIsReActivatedAfterFirstBookmarkIsResumed" storage="f:\etwork\bin\tests\unittests.icore.workflow.activities.dll" id="661cbfbf-7f6a-c6f0-4efd-f4176b075119">
      <Execution id="6b4c350f-84a0-41a9-a239-c71d1843431c" />
      <TestMethod codeBase="F:\ETWork\bin\Tests\UnitTests.iCore.Workflow.Activities.dll" adapterTypeName="Microsoft.VisualStudio.TestTools.TestTypes.Unit.UnitTestAdapter" className="UnitTests.iCore.Workflow.Activities.Filesystem.Extensions.FilesystemExtensionTests" name="FileFoundEventTriggered_SubscriptionActivatedTwice_FileSystemWatcherIsReActivatedAfterFirstBookmarkIsResumed" />
    </UnitTest>
    <UnitTest name="Constructor_ArgumentIsProperties_ConfigurationPropertyContainsProperties" storage="f:\etwork\bin\tests\unittests.icore.workflow.activities.dll" id="f4572416-d469-fb6e-eb78-59f5e42e6137">
      <Execution id="c8ad81f5-f74d-4229-a55a-069f49468b7c" />
      <TestMethod codeBase="F:\ETWork\bin\Tests\UnitTests.iCore.Workflow.Activities.dll" adapterTypeName="Microsoft.VisualStudio.TestTools.TestTypes.Unit.UnitTestAdapter" className="UnitTests.iCore.Workflow.Activities.Filesystem.Extensions.NewFileSystemWatcherProviderTests" name="Constructor_ArgumentIsProperties_ConfigurationPropertyContainsProperties" />
    </UnitTest>
    <UnitTest name="Constructor_ArgumentIsProperties_IdProprtyIsSet" storage="f:\etwork\bin\tests\unittests.icore.workflow.activities.dll" id="45950b3b-7279-4235-58b8-5ba2729ce369">
      <Execution id="7d5013ac-fefd-4276-9a8b-1fb7d6c3cd51" />
      <TestMethod codeBase="F:\ETWork\bin\Tests\UnitTests.iCore.Workflow.Activities.dll" adapterTypeName="Microsoft.VisualStudio.TestTools.TestTypes.Unit.UnitTestAdapter" className="UnitTests.iCore.Workflow.Activities.Filesystem.Extensions.NewFileSystemWatcherProviderTests" name="Constructor_ArgumentIsProperties_IdProprtyIsSet" />
    </UnitTest>
    <UnitTest name="Constructor_SettleTimeIsLargerThanIntMax_ThrowsException" storage="f:\etwork\bin\tests\unittests.icore.workflow.activities.dll" id="448b9441-c00a-abdc-615b-f41dab205fd2">
      <Execution id="771a098a-7884-4348-97f1-a6717cb97d6e" />
      <TestMethod codeBase="F:\ETWork\bin\Tests\UnitTests.iCore.Workflow.Activities.dll" adapterTypeName="Microsoft.VisualStudio.TestTools.TestTypes.Unit.UnitTestAdapter" className="UnitTests.iCore.Workflow.Activities.Filesystem.Extensions.NewFileSystemWatcherProviderTests" name="Constructor_SettleTimeIsLargerThanIntMax_ThrowsException" />
    </UnitTest>
    <UnitTest name="Constructor_Fails_ThrowsException" storage="f:\etwork\bin\tests\unittests.icore.workflow.activities.dll" id="340bc218-aaaf-3ea2-641c-cbf23fffa364">
      <Execution id="d14c660b-5b40-41d7-8627-c089dfcf718f" />
      <TestMethod codeBase="F:\ETWork\bin\Tests\UnitTests.iCore.Workflow.Activities.dll" adapterTypeName="Microsoft.VisualStudio.TestTools.TestTypes.Unit.UnitTestAdapter" className="UnitTests.iCore.Workflow.Activities.Filesystem.Extensions.NewFileSystemWatcherProviderTests" name="Constructor_Fails_ThrowsException" />
    </UnitTest>
    <UnitTest name="Dispose_CreatedWithPropertiesAsArgument_FileSystemWatcherIsDisposed" storage="f:\etwork\bin\tests\unittests.icore.workflow.activities.dll" id="c08d9c3e-8949-8fae-0a0f-f92d780d0c2b">
      <Execution id="d7633b56-6057-445a-9f90-d222d5314614" />
      <TestMethod codeBase="F:\ETWork\bin\Tests\UnitTests.iCore.Workflow.Activities.dll" adapterTypeName="Microsoft.VisualStudio.TestTools.TestTypes.Unit.UnitTestAdapter" className="UnitTests.iCore.Workflow.Activities.Filesystem.Extensions.NewFileSystemWatcherProviderTests" name="Dispose_CreatedWithPropertiesAsArgument_FileSystemWatcherIsDisposed" />
    </UnitTest>
    <UnitTest name="AddSubscription_BookmarkIsNull_ThrowsException" storage="f:\etwork\bin\tests\unittests.icore.workflow.activities.dll" id="66f17dac-8109-3ef2-1c29-7b6aa188a487">
      <Execution id="d741c757-fa7e-4678-b534-5324781312d6" />
      <TestMethod codeBase="F:\ETWork\bin\Tests\UnitTests.iCore.Workflow.Activities.dll" adapterTypeName="Microsoft.VisualStudio.TestTools.TestTypes.Unit.UnitTestAdapter" className="UnitTests.iCore.Workflow.Activities.Filesystem.Extensions.NewFileSystemWatcherProviderTests" name="AddSubscription_BookmarkIsNull_ThrowsException" />
    </UnitTest>
    <UnitTest name="AddSubscription_InvokedOnce_FileSystemWatcherIsActivatedOnce" storage="f:\etwork\bin\tests\unittests.icore.workflow.activities.dll" id="8db71d3b-06ce-e829-2435-a4d3930e3e2d">
      <Execution id="d27803a3-e7a7-4c8f-b2df-51b684a1629b" />
      <TestMethod codeBase="F:\ETWork\bin\Tests\UnitTests.iCore.Workflow.Activities.dll" adapterTypeName="Microsoft.VisualStudio.TestTools.TestTypes.Unit.UnitTestAdapter" className="UnitTests.iCore.Workflow.Activities.Filesystem.Extensions.NewFileSystemWatcherProviderTests" name="AddSubscription_InvokedOnce_FileSystemWatcherIsActivatedOnce" />
    </UnitTest>
    <UnitTest name="AddSubscription_InvokedTwice_FileSystemWatcherIsActivatedOnce" storage="f:\etwork\bin\tests\unittests.icore.workflow.activities.dll" id="2dff6476-7458-b327-ca33-927c3ed4e88e">
      <Execution id="46c1b505-4bad-497b-8a73-31eb1e9ca679" />
      <TestMethod codeBase="F:\ETWork\bin\Tests\UnitTests.iCore.Workflow.Activities.dll" adapterTypeName="Microsoft.VisualStudio.TestTools.TestTypes.Unit.UnitTestAdapter" className="UnitTests.iCore.Workflow.Activities.Filesystem.Extensions.NewFileSystemWatcherProviderTests" name="AddSubscription_InvokedTwice_FileSystemWatcherIsActivatedOnce" />
    </UnitTest>
    <UnitTest name="AddSubscription_InvokedTwicewithSameBookmark_ThrowsException" storage="f:\etwork\bin\tests\unittests.icore.workflow.activities.dll" id="0f9e185a-7090-f052-a328-29a8f842fca3">
      <Execution id="18ccb0df-ec59-417a-84c8-3d636463c2e4" />
      <TestMethod codeBase="F:\ETWork\bin\Tests\UnitTests.iCore.Workflow.Activities.dll" adapterTypeName="Microsoft.VisualStudio.TestTools.TestTypes.Unit.UnitTestAdapter" className="UnitTests.iCore.Workflow.Activities.Filesystem.Extensions.NewFileSystemWatcherProviderTests" name="AddSubscription_InvokedTwicewithSameBookmark_ThrowsException" />
    </UnitTest>
    <UnitTest name="RemoveBookmark_BookmarkIsAdded_FileSystemWatcherIsDeactivatedOnce" storage="f:\etwork\bin\tests\unittests.icore.workflow.activities.dll" id="df68c3e3-696e-6818-b98a-bd15632d5edb">
      <Execution id="cf9e670b-46a4-4ee2-8f6d-b66a38b3520a" />
      <TestMethod codeBase="F:\ETWork\bin\Tests\UnitTests.iCore.Workflow.Activities.dll" adapterTypeName="Microsoft.VisualStudio.TestTools.TestTypes.Unit.UnitTestAdapter" className="UnitTests.iCore.Workflow.Activities.Filesystem.Extensions.NewFileSystemWatcherProviderTests" name="RemoveBookmark_BookmarkIsAdded_FileSystemWatcherIsDeactivatedOnce" />
    </UnitTest>
    <UnitTest name="RemoveBookmark_TwoBookmarksAddedInvokedOncePerBookmark_FileSystemWatcherIsDeactivatedOnce" storage="f:\etwork\bin\tests\unittests.icore.workflow.activities.dll" id="2286024f-1789-99cc-21bd-96692a7add5e">
      <Execution id="79bd9943-ba30-43f9-8bd9-0a4c7350953e" />
      <TestMethod codeBase="F:\ETWork\bin\Tests\UnitTests.iCore.Workflow.Activities.dll" adapterTypeName="Microsoft.VisualStudio.TestTools.TestTypes.Unit.UnitTestAdapter" className="UnitTests.iCore.Workflow.Activities.Filesystem.Extensions.NewFileSystemWatcherProviderTests" name="RemoveBookmark_TwoBookmarksAddedInvokedOncePerBookmark_FileSystemWatcherIsDeactivatedOnce" />
    </UnitTest>
    <UnitTest name="RemoveBookmark_NoBookmarkIsAdded_ThrowsException" storage="f:\etwork\bin\tests\unittests.icore.workflow.activities.dll" id="f4f72313-0ead-049f-7501-79e27725feb6">
      <Execution id="623fcdf3-1a44-44dd-934f-cc1addc14956" />
      <TestMethod codeBase="F:\ETWork\bin\Tests\UnitTests.iCore.Workflow.Activities.dll" adapterTypeName="Microsoft.VisualStudio.TestTools.TestTypes.Unit.UnitTestAdapter" className="UnitTests.iCore.Workflow.Activities.Filesystem.Extensions.NewFileSystemWatcherProviderTests" name="RemoveBookmark_NoBookmarkIsAdded_ThrowsException" />
    </UnitTest>
    <UnitTest name="RemoveBookmark_SpecifiedBookmarkIsNotAdded_ThrowsException" storage="f:\etwork\bin\tests\unittests.icore.workflow.activities.dll" id="64db9558-0fb1-9f7b-6647-3fd4ec43b64c">
      <Execution id="73d42bfb-1d82-4df4-9846-7aeed9ad2468" />
      <TestMethod codeBase="F:\ETWork\bin\Tests\UnitTests.iCore.Workflow.Activities.dll" adapterTypeName="Microsoft.VisualStudio.TestTools.TestTypes.Unit.UnitTestAdapter" className="UnitTests.iCore.Workflow.Activities.Filesystem.Extensions.NewFileSystemWatcherProviderTests" name="RemoveBookmark_SpecifiedBookmarkIsNotAdded_ThrowsException" />
    </UnitTest>
    <UnitTest name="RemoveBookmark_ArgumentIsNull_ThrowsException" storage="f:\etwork\bin\tests\unittests.icore.workflow.activities.dll" id="c1cf2541-8d10-ed9c-f227-b64af84eea63">
      <Execution id="a3dbe197-803a-4398-b6d1-0f415489be2f" />
      <TestMethod codeBase="F:\ETWork\bin\Tests\UnitTests.iCore.Workflow.Activities.dll" adapterTypeName="Microsoft.VisualStudio.TestTools.TestTypes.Unit.UnitTestAdapter" className="UnitTests.iCore.Workflow.Activities.Filesystem.Extensions.NewFileSystemWatcherProviderTests" name="RemoveBookmark_ArgumentIsNull_ThrowsException" />
    </UnitTest>
    <UnitTest name="RemoveBookmark_BookmarkIsAddedInvokedTwice_ThrowsException" storage="f:\etwork\bin\tests\unittests.icore.workflow.activities.dll" id="790a0c5a-fa4d-745d-2b4e-bcf1c7db4cc2">
      <Execution id="d9492bde-4a84-4a27-82fb-cfb47c22a6a4" />
      <TestMethod codeBase="F:\ETWork\bin\Tests\UnitTests.iCore.Workflow.Activities.dll" adapterTypeName="Microsoft.VisualStudio.TestTools.TestTypes.Unit.UnitTestAdapter" className="UnitTests.iCore.Workflow.Activities.Filesystem.Extensions.NewFileSystemWatcherProviderTests" name="RemoveBookmark_BookmarkIsAddedInvokedTwice_ThrowsException" />
    </UnitTest>
    <UnitTest name="ErrorEventTriggered_BookmarkIsAdded_AddedBookmarkIsReceivedInEventHandler" storage="f:\etwork\bin\tests\unittests.icore.workflow.activities.dll" id="52a38faf-f171-cae3-12f2-131c4188a0ed">
      <Execution id="ed33efbd-7922-4691-9fa6-acd694407bd2" />
      <TestMethod codeBase="F:\ETWork\bin\Tests\UnitTests.iCore.Workflow.Activities.dll" adapterTypeName="Microsoft.VisualStudio.TestTools.TestTypes.Unit.UnitTestAdapter" className="UnitTests.iCore.Workflow.Activities.Filesystem.Extensions.NewFileSystemWatcherProviderTests" name="ErrorEventTriggered_BookmarkIsAdded_AddedBookmarkIsReceivedInEventHandler" />
    </UnitTest>
    <UnitTest name="ErrorEventTriggered_BookmarkIsAdded_TestExceptionIsReceivedInEventHandler" storage="f:\etwork\bin\tests\unittests.icore.workflow.activities.dll" id="ae38c3b3-51cd-0bc9-5c9c-a436d2389676">
      <Execution id="442601e7-77f8-4641-b1a0-739d812ecca4" />
      <TestMethod codeBase="F:\ETWork\bin\Tests\UnitTests.iCore.Workflow.Activities.dll" adapterTypeName="Microsoft.VisualStudio.TestTools.TestTypes.Unit.UnitTestAdapter" className="UnitTests.iCore.Workflow.Activities.Filesystem.Extensions.NewFileSystemWatcherProviderTests" name="ErrorEventTriggered_BookmarkIsAdded_TestExceptionIsReceivedInEventHandler" />
    </UnitTest>
    <UnitTest name="FileFoundEventTriggered_BookmarkIsAdded_AddedBookmarkIsReceivedInEventHandler" storage="f:\etwork\bin\tests\unittests.icore.workflow.activities.dll" id="434ab216-7c43-48dc-b272-591bfeb013ea">
      <Execution id="d4152b07-8873-45ac-b622-bae37fa9ed2a" />
      <TestMethod codeBase="F:\ETWork\bin\Tests\UnitTests.iCore.Workflow.Activities.dll" adapterTypeName="Microsoft.VisualStudio.TestTools.TestTypes.Unit.UnitTestAdapter" className="UnitTests.iCore.Workflow.Activities.Filesystem.Extensions.NewFileSystemWatcherProviderTests" name="FileFoundEventTriggered_BookmarkIsAdded_AddedBookmarkIsReceivedInEventHandler" />
    </UnitTest>
    <UnitTest name="FileFoundEventTriggered_BookmarkIsAdded_FileSystemWatcherFileInfoIsReceivedInEventHandler" storage="f:\etwork\bin\tests\unittests.icore.workflow.activities.dll" id="0b5454ef-a507-0742-1972-2936a8880d59">
      <Execution id="7d7bc954-61f6-4d25-80d7-3b733011fbd6" />
      <TestMethod codeBase="F:\ETWork\bin\Tests\UnitTests.iCore.Workflow.Activities.dll" adapterTypeName="Microsoft.VisualStudio.TestTools.TestTypes.Unit.UnitTestAdapter" className="UnitTests.iCore.Workflow.Activities.Filesystem.Extensions.NewFileSystemWatcherProviderTests" name="FileFoundEventTriggered_BookmarkIsAdded_FileSystemWatcherFileInfoIsReceivedInEventHandler" />
    </UnitTest>
    <UnitTest name="TimeoutEventTriggered_BookmarkIsAdded_AddedBookmarkIsReceivedInEventHandler" storage="f:\etwork\bin\tests\unittests.icore.workflow.activities.dll" id="ca33b1b0-1b91-67d0-92a1-0b3f609036d7">
      <Execution id="ff565dfa-497b-43fa-af8d-7d5210097d37" />
      <TestMethod codeBase="F:\ETWork\bin\Tests\UnitTests.iCore.Workflow.Activities.dll" adapterTypeName="Microsoft.VisualStudio.TestTools.TestTypes.Unit.UnitTestAdapter" className="UnitTests.iCore.Workflow.Activities.Filesystem.Extensions.NewFileSystemWatcherProviderTests" name="TimeoutEventTriggered_BookmarkIsAdded_AddedBookmarkIsReceivedInEventHandler" />
    </UnitTest>
    <UnitTest name="TimeoutEventTriggered_BookmarkIsAdded_TimeoutExceptionIsReceivedInEventHandler" storage="f:\etwork\bin\tests\unittests.icore.workflow.activities.dll" id="b1730c44-ec24-4d42-d35e-23e9bebdc479">
      <Execution id="ee302b5f-b29b-4acc-8212-7933a686b437" />
      <TestMethod codeBase="F:\ETWork\bin\Tests\UnitTests.iCore.Workflow.Activities.dll" adapterTypeName="Microsoft.VisualStudio.TestTools.TestTypes.Unit.UnitTestAdapter" className="UnitTests.iCore.Workflow.Activities.Filesystem.Extensions.NewFileSystemWatcherProviderTests" name="TimeoutEventTriggered_BookmarkIsAdded_TimeoutExceptionIsReceivedInEventHandler" />
    </UnitTest>
    <UnitTest name="EventTriggered_BookmarksAdded_AddedBookmarksAreReceivedAsFIFO" storage="f:\etwork\bin\tests\unittests.icore.workflow.activities.dll" id="ea88fae1-5984-04cb-a048-04dc6e976a0f">
      <Execution id="148554ec-5f02-479a-9960-5547e67e47ed" />
      <TestMethod codeBase="F:\ETWork\bin\Tests\UnitTests.iCore.Workflow.Activities.dll" adapterTypeName="Microsoft.VisualStudio.TestTools.TestTypes.Unit.UnitTestAdapter" className="UnitTests.iCore.Workflow.Activities.Filesystem.Extensions.NewFileSystemWatcherProviderTests" name="EventTriggered_BookmarksAdded_AddedBookmarksAreReceivedAsFIFO" />
    </UnitTest>
    <UnitTest name="EventTriggered_TwoBookmarksAdded_FileSystemWatcherIsReactivated" storage="f:\etwork\bin\tests\unittests.icore.workflow.activities.dll" id="fc1f9ea9-c0db-f212-1c75-565ff8d9e451">
      <Execution id="bdbc5915-7740-436e-84f6-079ee9e32193" />
      <TestMethod codeBase="F:\ETWork\bin\Tests\UnitTests.iCore.Workflow.Activities.dll" adapterTypeName="Microsoft.VisualStudio.TestTools.TestTypes.Unit.UnitTestAdapter" className="UnitTests.iCore.Workflow.Activities.Filesystem.Extensions.NewFileSystemWatcherProviderTests" name="EventTriggered_TwoBookmarksAdded_FileSystemWatcherIsReactivated" />
    </UnitTest>
    <UnitTest name="EventTriggered_OneBookmarkAdded_FileSystemWatcherIsNotReactivated" storage="f:\etwork\bin\tests\unittests.icore.workflow.activities.dll" id="f54cadc8-7a04-e361-2f00-a85dd43c7937">
      <Execution id="667ecbda-a0a1-40b9-96e9-84c2968d2aa5" />
      <TestMethod codeBase="F:\ETWork\bin\Tests\UnitTests.iCore.Workflow.Activities.dll" adapterTypeName="Microsoft.VisualStudio.TestTools.TestTypes.Unit.UnitTestAdapter" className="UnitTests.iCore.Workflow.Activities.Filesystem.Extensions.NewFileSystemWatcherProviderTests" name="EventTriggered_OneBookmarkAdded_FileSystemWatcherIsNotReactivated" />
    </UnitTest>
    <UnitTest name="Invoke_NormalExecution_Success" storage="f:\etwork\bin\tests\unittests.icore.workflow.activities.dll" id="179cd508-b180-d68a-f6ba-4781efd61b3e">
      <Execution id="c0f82a29-de4c-4c9d-a32e-084c19881da2" />
      <TestMethod codeBase="F:\ETWork\bin\Tests\UnitTests.iCore.Workflow.Activities.dll" adapterTypeName="Microsoft.VisualStudio.TestTools.TestTypes.Unit.UnitTestAdapter" className="UnitTests.iCore.Workflow.Activities.Convert.ConvertExcelFileActivityTests" name="Invoke_NormalExecution_Success" />
    </UnitTest>
    <UnitTest name="Invoke_ConversionError_ThrowsException" storage="f:\etwork\bin\tests\unittests.icore.workflow.activities.dll" id="2a75e0eb-806f-9865-07da-ba945bd2644d">
      <Execution id="13c0f4a3-5234-43bd-89f3-a457f497abd1" />
      <TestMethod codeBase="F:\ETWork\bin\Tests\UnitTests.iCore.Workflow.Activities.dll" adapterTypeName="Microsoft.VisualStudio.TestTools.TestTypes.Unit.UnitTestAdapter" className="UnitTests.iCore.Workflow.Activities.Convert.ConvertExcelFileActivityTests" name="Invoke_ConversionError_ThrowsException" />
    </UnitTest>
    <UnitTest name="Invoke_ActivityIsCancelled_ActivityCanceled" storage="f:\etwork\bin\tests\unittests.icore.workflow.activities.dll" id="a4bca550-3fbb-c50a-7394-3d7417e019bb">
      <Execution id="c0806735-517d-45b7-b4f8-d8c38332480c" />
      <TestMethod codeBase="F:\ETWork\bin\Tests\UnitTests.iCore.Workflow.Activities.dll" adapterTypeName="Microsoft.VisualStudio.TestTools.TestTypes.Unit.UnitTestAdapter" className="UnitTests.iCore.Workflow.Activities.Convert.ConvertExcelFileActivityTests" name="Invoke_ActivityIsCancelled_ActivityCanceled" />
    </UnitTest>
    <UnitTest name="Invoke_RequiredInArgumentIsMissing_UnhandledArgumentException" storage="f:\etwork\bin\tests\unittests.icore.workflow.activities.dll" id="20851725-1dfc-4451-4835-01d059023444">
      <Execution id="27ea264f-8eb0-419f-a11c-1f16447cd0b7" />
      <TestMethod codeBase="F:\ETWork\bin\Tests\UnitTests.iCore.Workflow.Activities.dll" adapterTypeName="Microsoft.VisualStudio.TestTools.TestTypes.Unit.UnitTestAdapter" className="UnitTests.iCore.Workflow.Activities.Convert.ConvertExcelFileActivityTests" name="Invoke_RequiredInArgumentIsMissing_UnhandledArgumentException" />
    </UnitTest>
    <UnitTest name="Invoke_DependencyThrowsOutOfMemoryException_ThrowsFatalException" storage="f:\etwork\bin\tests\unittests.icore.workflow.activities.dll" id="d1945d8a-81da-ccad-310e-b6572d775454">
      <Execution id="c81b7d23-ad9b-4cdf-9381-e35b80794750" />
      <TestMethod codeBase="F:\ETWork\bin\Tests\UnitTests.iCore.Workflow.Activities.dll" adapterTypeName="Microsoft.VisualStudio.TestTools.TestTypes.Unit.UnitTestAdapter" className="UnitTests.iCore.Workflow.Activities.Convert.ConvertExcelFileActivityTests" name="Invoke_DependencyThrowsOutOfMemoryException_ThrowsFatalException" />
    </UnitTest>
  </TestDefinitions>
  <TestEntries>
    <TestEntry testId="7772ab8b-4d4e-7e1e-dc14-4279264d2b16" executionId="189e1583-8f45-43ee-a4d0-1331ecf9599c" testListId="8c84fa94-04c1-424b-9868-57a2d4851a1d" />
    <TestEntry testId="d65e8541-6a8d-530d-f3a7-8fce4d90275e" executionId="a3f7f421-e520-4bcf-ab33-e120ac03ea16" testListId="8c84fa94-04c1-424b-9868-57a2d4851a1d" />
    <TestEntry testId="d7975f34-210f-9d18-c0ab-ddb002d729c0" executionId="0f0a1fa4-91bb-4230-8eb1-d2c6469ca5b0" testListId="8c84fa94-04c1-424b-9868-57a2d4851a1d" />
    <TestEntry testId="980b76f2-5bf5-be8c-215a-ddd4d3fb9f48" executionId="0a3db498-79af-4f88-ab6f-ee7e2cba3459" testListId="8c84fa94-04c1-424b-9868-57a2d4851a1d" />
    <TestEntry testId="276e9141-d272-83bd-a649-665f0d18de8d" executionId="12a94689-924f-4fcf-9f40-85d054f0c277" testListId="8c84fa94-04c1-424b-9868-57a2d4851a1d" />
    <TestEntry testId="d4dfd37c-7d05-70f4-ebe0-b7c13341c24f" executionId="0cdf836c-6354-48de-abed-4f0d7942a816" testListId="8c84fa94-04c1-424b-9868-57a2d4851a1d" />
    <TestEntry testId="b0d6bbc7-e78a-f66c-33d5-2c09baf98911" executionId="9906cc7f-f059-4dea-b6e1-d408ada76a84" testListId="8c84fa94-04c1-424b-9868-57a2d4851a1d" />
    <TestEntry testId="d54e8e6b-4329-a3c6-99da-9b49d40260be" executionId="6064d4f1-a941-4e35-86a5-53108f52cb52" testListId="8c84fa94-04c1-424b-9868-57a2d4851a1d" />
    <TestEntry testId="0910bd89-0e87-6a70-af34-8ca930d83814" executionId="92f11281-4ba2-4cb5-bd4e-619acd43a2f6" testListId="8c84fa94-04c1-424b-9868-57a2d4851a1d" />
    <TestEntry testId="be0a39ec-4895-7277-9d34-4ada7e2aa241" executionId="c01ae279-1b4a-4a78-afa3-91dad191e631" testListId="8c84fa94-04c1-424b-9868-57a2d4851a1d" />
    <TestEntry testId="f39f29b1-20c6-3a2c-48c6-fca745db7b7a" executionId="c1968315-1822-49f9-93d3-cd265c0fe10d" testListId="8c84fa94-04c1-424b-9868-57a2d4851a1d" />
    <TestEntry testId="e813b8ad-1d1c-4d80-0160-457519d31097" executionId="29348765-0e4e-4f08-bd51-1a431b7998db" testListId="8c84fa94-04c1-424b-9868-57a2d4851a1d" />
    <TestEntry testId="1f28cea5-6325-8994-9db5-6ebf436d7f0c" executionId="225ad8ed-7048-4085-9338-30ff17315d22" testListId="8c84fa94-04c1-424b-9868-57a2d4851a1d" />
    <TestEntry testId="7caca34a-ccfd-18ee-683a-0c3cb851bd1c" executionId="9f302a9e-2be2-482d-8599-79782ac507ac" testListId="8c84fa94-04c1-424b-9868-57a2d4851a1d" />
    <TestEntry testId="55d7fead-2ce5-2feb-3d95-2cf2a5114a09" executionId="b7bc5e34-b27f-4420-b9c2-d8d2c28b7fe2" testListId="8c84fa94-04c1-424b-9868-57a2d4851a1d" />
    <TestEntry testId="49d9e59b-cc44-5102-beb4-92e90c3d4ff3" executionId="db7cedc5-c090-4404-b97f-f25cc9d83e5b" testListId="8c84fa94-04c1-424b-9868-57a2d4851a1d" />
    <TestEntry testId="48b896a8-7910-46ab-1e26-548969d5bfb1" executionId="270e5198-08e2-444b-88af-1693a9558409" testListId="8c84fa94-04c1-424b-9868-57a2d4851a1d" />
    <TestEntry testId="9469c52a-6f74-65b5-4517-4b0ab38a4159" executionId="6cf07f7c-927e-4100-9e5a-4e38c7f8d32a" testListId="8c84fa94-04c1-424b-9868-57a2d4851a1d" />
    <TestEntry testId="bab2b563-224e-0017-ba73-2c5153fcf6c9" executionId="66ae7769-8660-44fe-be16-a6a2e88134d7" testListId="8c84fa94-04c1-424b-9868-57a2d4851a1d" />
    <TestEntry testId="c3fec1a5-54aa-8d41-cdfa-2bf2fefcb60d" executionId="f04fbed9-1aa0-4275-bd88-65a4759be00f" testListId="8c84fa94-04c1-424b-9868-57a2d4851a1d" />
    <TestEntry testId="63f3d79b-108c-5e18-4886-adac6addd714" executionId="0936f406-1f7e-4299-8ba2-600d4375286e" testListId="8c84fa94-04c1-424b-9868-57a2d4851a1d" />
    <TestEntry testId="75eb0641-977d-7e01-40d0-5658b20cddbb" executionId="3b9c3218-966f-4090-87dd-ce66b4eb21ce" testListId="8c84fa94-04c1-424b-9868-57a2d4851a1d" />
    <TestEntry testId="34c4059f-3465-12b4-d3fc-b9b70a21dec3" executionId="f612a056-552f-4edf-9c94-90fc9e2617be" testListId="8c84fa94-04c1-424b-9868-57a2d4851a1d" />
    <TestEntry testId="9d17793f-de62-f96f-f56c-6efb6a646b3a" executionId="4524356c-1d20-49e6-a52f-dcf5b7560203" testListId="8c84fa94-04c1-424b-9868-57a2d4851a1d" />
    <TestEntry testId="bc601bf9-c7b4-7722-663c-60fed1c3d0ba" executionId="10708d7a-e96d-4aee-8675-3d7824eb6e02" testListId="8c84fa94-04c1-424b-9868-57a2d4851a1d" />
    <TestEntry testId="4e2a779b-4b7c-9ce0-9f58-e320071d2b0a" executionId="56a18021-6c18-456b-ac15-1f0179a2da19" testListId="8c84fa94-04c1-424b-9868-57a2d4851a1d" />
    <TestEntry testId="bd88089a-931a-f5f9-c65b-c1f9b1efadee" executionId="4b7b1621-e2b7-4fa5-a2c6-f89051337e5b" testListId="8c84fa94-04c1-424b-9868-57a2d4851a1d" />
    <TestEntry testId="5f8d96c0-3b46-ff6f-7cad-ffece34aecf9" executionId="fd25011f-09a0-4d19-8af5-fe639a1e3ada" testListId="8c84fa94-04c1-424b-9868-57a2d4851a1d" />
    <TestEntry testId="88042cc5-05e9-8595-72d1-a607d22f75cd" executionId="469d289b-408d-4c32-a7cd-942464b6fa18" testListId="8c84fa94-04c1-424b-9868-57a2d4851a1d" />
    <TestEntry testId="c45e6df7-5e3f-6ee4-69b5-1be5b2a3a8de" executionId="21e4497c-ff5a-42d1-91ee-e444d2964472" testListId="8c84fa94-04c1-424b-9868-57a2d4851a1d" />
    <TestEntry testId="eb35c9ef-1408-d8fc-a3c4-595a572fd89c" executionId="c7ab0bc5-a551-430e-9c9b-9ffeb541b75a" testListId="8c84fa94-04c1-424b-9868-57a2d4851a1d" />
    <TestEntry testId="5d184c73-de41-5b98-ab81-5097756a5041" executionId="0af58b80-c9b6-4234-8bd8-60623eb5c7f6" testListId="8c84fa94-04c1-424b-9868-57a2d4851a1d" />
    <TestEntry testId="b0b0356a-9f3b-27d3-7401-72a2add70a05" executionId="4a1fa121-2b89-4123-ad08-e3e831895c8b" testListId="8c84fa94-04c1-424b-9868-57a2d4851a1d" />
    <TestEntry testId="deb21dd2-442b-64e1-9de9-e5b63378fc1e" executionId="40950852-2edf-47d2-89d7-dfb23d43d8a3" testListId="8c84fa94-04c1-424b-9868-57a2d4851a1d" />
    <TestEntry testId="b6bc5874-5137-d68a-5e91-dfd0f4ccecd1" executionId="23d3637c-6f1d-4152-bd08-5ace656fa355" testListId="8c84fa94-04c1-424b-9868-57a2d4851a1d" />
    <TestEntry testId="f97d71a3-06c9-6d02-711f-efe8a226eb5f" executionId="e5b36e56-2395-4edc-a435-e5152cb447fc" testListId="8c84fa94-04c1-424b-9868-57a2d4851a1d" />
    <TestEntry testId="5074d8f6-9e2d-8483-e74b-19d676bedc34" executionId="954c1bb3-2ad0-437c-a1c7-32e12c558dc0" testListId="8c84fa94-04c1-424b-9868-57a2d4851a1d" />
    <TestEntry testId="0bb6d979-e575-ea88-f5e1-2002fd80b7a4" executionId="1d25a049-3ff0-41a0-b7a5-3889815aa1a6" testListId="8c84fa94-04c1-424b-9868-57a2d4851a1d" />
    <TestEntry testId="67d91e1d-aebd-9f90-65d9-4bb622257a47" executionId="48855005-d74d-47b7-b1ab-6d1b430d0c86" testListId="8c84fa94-04c1-424b-9868-57a2d4851a1d" />
    <TestEntry testId="1d78cf67-053c-9324-c408-47029c71abf5" executionId="219763ef-2214-41d7-9212-18105ea556a9" testListId="8c84fa94-04c1-424b-9868-57a2d4851a1d" />
    <TestEntry testId="82c5ad21-c310-e5d4-e588-e772d8334aea" executionId="4dc3ec2c-3959-4777-821e-fde1e3b623ba" testListId="8c84fa94-04c1-424b-9868-57a2d4851a1d" />
    <TestEntry testId="3e9cabd9-a40e-58eb-4cda-4ed79c673436" executionId="c2b25335-f385-41e3-9e04-f675ea6adf18" testListId="8c84fa94-04c1-424b-9868-57a2d4851a1d" />
    <TestEntry testId="5a04b9ca-f027-6b70-f93b-ff56f16e149c" executionId="089061ce-0278-4ec4-8434-7f12743b5eb3" testListId="8c84fa94-04c1-424b-9868-57a2d4851a1d" />
    <TestEntry testId="6adcadc0-febb-305e-ba5a-565c7d33b22f" executionId="23518cfe-de11-4427-9380-433ed12a50cf" testListId="8c84fa94-04c1-424b-9868-57a2d4851a1d" />
    <TestEntry testId="14243cf7-e546-9b3e-4553-8d5780dcfc2b" executionId="0563b793-14e4-4c48-b515-e6925a16455f" testListId="8c84fa94-04c1-424b-9868-57a2d4851a1d" />
    <TestEntry testId="49fb7c78-49ef-9f54-0a33-ff6b8598fbd4" executionId="9099dcf9-1f3d-4123-a2d2-0d00f48c399a" testListId="8c84fa94-04c1-424b-9868-57a2d4851a1d" />
    <TestEntry testId="00cb8e3e-fb27-cdda-b590-ca78fbc3dd18" executionId="67b80698-ffdc-4228-bd8c-79cad19ca27f" testListId="8c84fa94-04c1-424b-9868-57a2d4851a1d" />
    <TestEntry testId="da574603-cd3f-42df-e56c-522cc0edffef" executionId="4e2a6402-dac8-4a7c-8f98-fb8003216c87" testListId="8c84fa94-04c1-424b-9868-57a2d4851a1d" />
    <TestEntry testId="2f084ac6-acb8-d976-9aa6-8f39ce8713dd" executionId="8621ddec-ea47-497e-a134-d209cc7a1095" testListId="8c84fa94-04c1-424b-9868-57a2d4851a1d" />
    <TestEntry testId="c689718f-e0dd-efe4-af27-b558d50610cb" executionId="5d38ef06-c733-458a-90a6-8ecb32dbea27" testListId="8c84fa94-04c1-424b-9868-57a2d4851a1d" />
    <TestEntry testId="a8ae8f4c-4064-c464-8b76-d815652a495a" executionId="4b5b502d-c6c3-4615-9db6-17bc822ddada" testListId="8c84fa94-04c1-424b-9868-57a2d4851a1d" />
    <TestEntry testId="3b9a58aa-4976-ce9a-a6bf-210d5d6c805f" executionId="61c80887-46fb-4485-be00-02e823294956" testListId="8c84fa94-04c1-424b-9868-57a2d4851a1d" />
    <TestEntry testId="2ea34cdc-b49d-31a4-fb2f-58e021d19915" executionId="77a7e201-3a28-467a-881b-bb834d93e347" testListId="8c84fa94-04c1-424b-9868-57a2d4851a1d" />
    <TestEntry testId="ac5c3e91-7d0b-5f08-da83-8bdab215c78d" executionId="c8f7b35d-6237-4652-ad7c-b8c744eac267" testListId="8c84fa94-04c1-424b-9868-57a2d4851a1d" />
    <TestEntry testId="b7ebd683-8bb4-1b65-5e0a-e14e2bc9afff" executionId="8169c85c-bf87-4fb6-8e1a-93dc022f89e4" testListId="8c84fa94-04c1-424b-9868-57a2d4851a1d" />
    <TestEntry testId="5d62d4ab-f47c-203b-5c7f-7d663efdf14b" executionId="315ba2c7-c1e0-4299-af31-2efa87f48f63" testListId="8c84fa94-04c1-424b-9868-57a2d4851a1d" />
    <TestEntry testId="c532230e-db42-e928-1016-76a67bef3989" executionId="4081c5db-aa89-4c75-8fa4-889d9524affe" testListId="8c84fa94-04c1-424b-9868-57a2d4851a1d" />
    <TestEntry testId="60213985-fbf5-0f74-570e-b848787186c3" executionId="4b26e807-e537-4638-a7f4-dcbbcb9d5e83" testListId="8c84fa94-04c1-424b-9868-57a2d4851a1d" />
    <TestEntry testId="2917d2b6-42cd-bf5f-85c5-bcb1ae97068c" executionId="912b527a-6b2e-4816-8e7f-d693c0aa36e8" testListId="8c84fa94-04c1-424b-9868-57a2d4851a1d" />
    <TestEntry testId="d7e00f1b-07fb-02e4-088b-f689fcb7de9b" executionId="0955ce54-da45-45f0-8c82-cfef28370550" testListId="8c84fa94-04c1-424b-9868-57a2d4851a1d" />
    <TestEntry testId="5a1b0516-4b08-c419-27a9-2622cdd1b65a" executionId="078d4b5d-060a-4876-b119-9032a573aa1d" testListId="8c84fa94-04c1-424b-9868-57a2d4851a1d" />
    <TestEntry testId="55665b68-c650-c65f-b87e-a686dfff28b5" executionId="fa933176-01bf-46bc-b3b0-c6be252d2347" testListId="8c84fa94-04c1-424b-9868-57a2d4851a1d" />
    <TestEntry testId="15f4d5dd-44b6-0390-120b-94a3ebf9646a" executionId="5f50d5cb-6faf-4384-a7c4-3a667144f084" testListId="8c84fa94-04c1-424b-9868-57a2d4851a1d" />
    <TestEntry testId="9d9cfab6-f564-8645-d481-bb99e1dc3df9" executionId="33a8c4f7-2dd9-48b3-a143-64724b10b6cb" testListId="8c84fa94-04c1-424b-9868-57a2d4851a1d" />
    <TestEntry testId="68f752cd-47b5-e74c-86ae-b2e7c5afa236" executionId="90f302f4-d24e-49e7-8797-065dae7782f0" testListId="8c84fa94-04c1-424b-9868-57a2d4851a1d" />
    <TestEntry testId="0f881ce0-39fa-7ebc-414a-56287c183a5e" executionId="9a56b313-d944-4781-86dd-19a9f6886405" testListId="8c84fa94-04c1-424b-9868-57a2d4851a1d" />
    <TestEntry testId="f416783c-8bea-6002-9704-ff86e9541e82" executionId="6586a5db-94ea-4d30-8482-f2adc6f6d657" testListId="8c84fa94-04c1-424b-9868-57a2d4851a1d" />
    <TestEntry testId="f40df6b8-ea7c-c0c5-d640-bdda8711808a" executionId="9c092eba-7811-4a56-9f40-e94adac9bdd2" testListId="8c84fa94-04c1-424b-9868-57a2d4851a1d" />
    <TestEntry testId="9e5e2ab0-0a3b-bc94-a972-cd43bdec4a1b" executionId="6beb370a-fd08-4e04-b012-f48d11b9e813" testListId="8c84fa94-04c1-424b-9868-57a2d4851a1d" />
    <TestEntry testId="87e0db31-6d2a-cb01-0fe6-27ad96ffa3c8" executionId="a6dc252e-154c-43c5-8544-6866cd9b631f" testListId="8c84fa94-04c1-424b-9868-57a2d4851a1d" />
    <TestEntry testId="1b6702ff-288d-199a-5618-1df80b8bb9af" executionId="fee3ca19-aad0-4cf1-8b2c-b151e45f3549" testListId="8c84fa94-04c1-424b-9868-57a2d4851a1d" />
    <TestEntry testId="3bf8ee87-69db-6012-aa8e-7f6c02a343a9" executionId="49a5dd2b-d52a-447d-92fe-94a1ebe9bccc" testListId="8c84fa94-04c1-424b-9868-57a2d4851a1d" />
    <TestEntry testId="331a4cdc-7398-5b44-3b1b-546fb875a865" executionId="67d68e34-625a-4b09-9ea3-033100d218d1" testListId="8c84fa94-04c1-424b-9868-57a2d4851a1d" />
    <TestEntry testId="e620c7e4-c0b2-20e4-c6dc-242dc782b978" executionId="8037cb7e-c482-480e-9e92-0896033006c5" testListId="8c84fa94-04c1-424b-9868-57a2d4851a1d" />
    <TestEntry testId="e82f3b1c-7755-6d77-32fc-3fe00c2c465d" executionId="b693db97-b080-419b-ac81-675678bda394" testListId="8c84fa94-04c1-424b-9868-57a2d4851a1d" />
    <TestEntry testId="920762f5-1aa7-affc-892a-559ee28d62d9" executionId="5742cc2c-9b32-4ad1-a925-508272b0ad63" testListId="8c84fa94-04c1-424b-9868-57a2d4851a1d" />
    <TestEntry testId="f889811e-3a7a-181e-782f-6623a2ec5509" executionId="08cacd7f-adab-4e6b-b152-57534b37e046" testListId="8c84fa94-04c1-424b-9868-57a2d4851a1d" />
    <TestEntry testId="e1eed5af-0b19-fdc1-25e9-efe56be92bf4" executionId="7ffd5560-cab4-4ca6-ad9c-c907805ac959" testListId="8c84fa94-04c1-424b-9868-57a2d4851a1d" />
    <TestEntry testId="05f7e4f1-b8d0-42a5-39d2-75f80bf35f3f" executionId="bcd9d03a-7287-475b-98d5-42f1271d088d" testListId="8c84fa94-04c1-424b-9868-57a2d4851a1d" />
    <TestEntry testId="7361bd74-a4c2-af90-c244-df2137e8d7b6" executionId="f036798f-49b3-4f9e-9a48-a604330ef3c8" testListId="8c84fa94-04c1-424b-9868-57a2d4851a1d" />
    <TestEntry testId="8418f462-78e4-8777-80b4-9ad7ce1358c8" executionId="63c41d89-0b71-4920-9009-186513b306a8" testListId="8c84fa94-04c1-424b-9868-57a2d4851a1d" />
    <TestEntry testId="05890098-d425-4504-4496-73741ad9b483" executionId="8b2bf47f-bb54-4556-bfb4-91ca983e7ada" testListId="8c84fa94-04c1-424b-9868-57a2d4851a1d" />
    <TestEntry testId="6be40574-11c6-26c5-98ef-8b11653326ae" executionId="d63a8493-7ca7-47b3-8070-676fd398ba7d" testListId="8c84fa94-04c1-424b-9868-57a2d4851a1d" />
    <TestEntry testId="dc58f7e0-c6b4-c3ea-3db9-c6f7c5cbae85" executionId="25ce4ca8-24d3-4339-9dd4-480f6eddb9e5" testListId="8c84fa94-04c1-424b-9868-57a2d4851a1d" />
    <TestEntry testId="129a3b35-c9ae-882e-9c82-723e431680b4" executionId="989d2f6d-5d88-48f0-8547-e8cd10ac4584" testListId="8c84fa94-04c1-424b-9868-57a2d4851a1d" />
    <TestEntry testId="aa2581e9-d0c9-a4f0-0bd2-239f763f76ae" executionId="782e2e7c-4177-4b65-8f1b-d8e5bc70f2de" testListId="8c84fa94-04c1-424b-9868-57a2d4851a1d" />
    <TestEntry testId="a76750ac-feec-2b73-3d28-d40ddeb099cb" executionId="959c4072-2cf6-4469-bc36-6fdfc9cb5313" testListId="8c84fa94-04c1-424b-9868-57a2d4851a1d" />
    <TestEntry testId="78a14556-dc76-774f-8bd7-ddedfcd57b61" executionId="2937443e-f945-4a1f-8d8f-5d2b895d3ec0" testListId="8c84fa94-04c1-424b-9868-57a2d4851a1d" />
    <TestEntry testId="7bf36f30-8add-123d-ac63-8e673df805c4" executionId="eb893c49-21d0-4d31-9d22-2b4203389d07" testListId="8c84fa94-04c1-424b-9868-57a2d4851a1d" />
    <TestEntry testId="cf35919f-a605-a7fe-df2d-20b4372e4a9d" executionId="aa0957ca-90e6-4ead-8638-2de59c2e5ef7" testListId="8c84fa94-04c1-424b-9868-57a2d4851a1d" />
    <TestEntry testId="bd6f0560-f847-bd4a-7ac0-ab9f8d52ce3d" executionId="6c02ffdf-277c-440a-a858-e7a29d2f8f2c" testListId="8c84fa94-04c1-424b-9868-57a2d4851a1d" />
    <TestEntry testId="c2d5cf4e-a3aa-f0ad-8824-175136f570df" executionId="11cbc78c-a16b-4dbc-93f1-4517f412385c" testListId="8c84fa94-04c1-424b-9868-57a2d4851a1d" />
    <TestEntry testId="535a256f-02ab-cfcf-d3f9-b7018172cd0e" executionId="5082ffc7-361c-49fb-ac06-0b8ddba1d87d" testListId="8c84fa94-04c1-424b-9868-57a2d4851a1d" />
    <TestEntry testId="87dfe027-f946-c90e-23a3-f42c34ef6b3e" executionId="5ec85e89-ea6e-4037-9775-1adc6bf7c190" testListId="8c84fa94-04c1-424b-9868-57a2d4851a1d" />
    <TestEntry testId="d7aaa6f8-8f9a-3823-8766-25010c761213" executionId="d92c5119-491a-46bc-a9e2-fdfee029142b" testListId="8c84fa94-04c1-424b-9868-57a2d4851a1d" />
    <TestEntry testId="e117d0ec-d568-c49c-09f2-b89e6189350c" executionId="5709287a-6255-46b3-8eb2-676e8125b2ce" testListId="8c84fa94-04c1-424b-9868-57a2d4851a1d" />
    <TestEntry testId="7573dbd3-5faa-3fcb-1d42-2821b85d3753" executionId="5a526316-2ed2-409e-93fa-f4fb48907481" testListId="8c84fa94-04c1-424b-9868-57a2d4851a1d" />
    <TestEntry testId="4e803255-9b7e-fe13-0bc6-1ef34e94a63b" executionId="2a8cc62f-b6ab-4772-8f7d-e239ac3edfa0" testListId="8c84fa94-04c1-424b-9868-57a2d4851a1d" />
    <TestEntry testId="dc211b3e-1ded-f9a8-437a-b59fff85d9a8" executionId="840b05ff-f1bc-4984-b94d-0976d1c47a9c" testListId="8c84fa94-04c1-424b-9868-57a2d4851a1d" />
    <TestEntry testId="338f3f95-d8e0-3c83-1669-dc02eecabd8d" executionId="49e1e4cd-0ab9-4dbb-a027-81ca082f3a75" testListId="8c84fa94-04c1-424b-9868-57a2d4851a1d" />
    <TestEntry testId="d6aa4957-4fad-6729-ad57-969d7bd82372" executionId="ffd5398c-255f-4784-adea-839d6742c42b" testListId="8c84fa94-04c1-424b-9868-57a2d4851a1d" />
    <TestEntry testId="780cda3d-3523-2194-76af-5022ad7c9ed7" executionId="044115e9-7b59-4410-b47b-ff7d568026a7" testListId="8c84fa94-04c1-424b-9868-57a2d4851a1d" />
    <TestEntry testId="ffeed9de-767e-b624-e2c8-b506ee8a4634" executionId="300c51fa-1af9-43ec-8968-9efd11fac579" testListId="8c84fa94-04c1-424b-9868-57a2d4851a1d" />
    <TestEntry testId="896a3129-b9c2-30a2-3794-fab394ae42e9" executionId="9004969d-b308-42eb-b8be-ef1a2b8b2ad1" testListId="8c84fa94-04c1-424b-9868-57a2d4851a1d" />
    <TestEntry testId="ac22fa7e-798d-a9e0-d079-f5a380ceebd4" executionId="46c46661-ac26-4434-a22c-4383cb3fa705" testListId="8c84fa94-04c1-424b-9868-57a2d4851a1d" />
    <TestEntry testId="887db12c-e955-53ab-72f5-ebb0ef286163" executionId="909c3688-3f54-4f96-b339-ab28d06f7cfd" testListId="8c84fa94-04c1-424b-9868-57a2d4851a1d" />
    <TestEntry testId="44e6105b-91e5-b04e-2682-673bd234f772" executionId="808edfc0-ac91-4a2f-8f34-79d276ad4f68" testListId="8c84fa94-04c1-424b-9868-57a2d4851a1d" />
    <TestEntry testId="9ac4b0f4-2b6f-bba7-38c1-26d096a5651c" executionId="a8b906c9-5bef-4fd3-9cf3-24611661b1d7" testListId="8c84fa94-04c1-424b-9868-57a2d4851a1d" />
    <TestEntry testId="e1de1d11-bdc8-cef1-b1ad-d00cba4bac83" executionId="055126c9-62de-48ba-a3e9-6ba5eea5f0aa" testListId="8c84fa94-04c1-424b-9868-57a2d4851a1d" />
    <TestEntry testId="f4b522ca-8d5d-0c29-63d1-feca24c65194" executionId="0c71047f-d853-48a6-b202-102827851fe6" testListId="8c84fa94-04c1-424b-9868-57a2d4851a1d" />
    <TestEntry testId="316e975d-c111-010d-cff6-31e4ed44379d" executionId="65934bce-f159-4d2f-8d24-7c2f88d14d27" testListId="8c84fa94-04c1-424b-9868-57a2d4851a1d" />
    <TestEntry testId="e290ee2e-4ec7-0928-217d-6cdb8e93481e" executionId="a91e7eed-9c03-4279-b560-218ec83e107e" testListId="8c84fa94-04c1-424b-9868-57a2d4851a1d" />
    <TestEntry testId="c60b3906-1da9-2f8c-0514-cdc150bde610" executionId="2191af20-5b4c-400a-aa1d-a8f7d01645fc" testListId="8c84fa94-04c1-424b-9868-57a2d4851a1d" />
    <TestEntry testId="07d72cf2-29af-e936-5d4a-2a8334c07987" executionId="a163e2ee-c617-407b-b9f9-6635b470fa92" testListId="8c84fa94-04c1-424b-9868-57a2d4851a1d" />
    <TestEntry testId="08011ff0-cb47-70ab-9d5d-171a95fd3c18" executionId="c78e947c-f55e-4bc5-96be-9f9b2ea9b4b4" testListId="8c84fa94-04c1-424b-9868-57a2d4851a1d" />
    <TestEntry testId="e72fec7f-df65-856c-4e63-b64a391d67dc" executionId="ba780140-ac5d-4651-95e9-da335f674a82" testListId="8c84fa94-04c1-424b-9868-57a2d4851a1d" />
    <TestEntry testId="9a777ced-34c5-33a9-eafd-c65266852e90" executionId="981ba382-ddb9-4428-ac75-026ba60c0f5a" testListId="8c84fa94-04c1-424b-9868-57a2d4851a1d" />
    <TestEntry testId="94794092-db08-cfe6-6b08-603f86398873" executionId="11834cea-ca70-4548-a6dc-bb07a556fd00" testListId="8c84fa94-04c1-424b-9868-57a2d4851a1d" />
    <TestEntry testId="7fe3d528-8e1e-b15b-f5ce-f6aa68043d27" executionId="8774ce1d-0cbe-49b1-a9a2-8d031aa5beb3" testListId="8c84fa94-04c1-424b-9868-57a2d4851a1d" />
    <TestEntry testId="d105dac2-1f18-eddf-a8d3-4b6ccf4b1cbd" executionId="921eb4ef-b977-4205-933a-dc38aa18fdd7" testListId="8c84fa94-04c1-424b-9868-57a2d4851a1d" />
    <TestEntry testId="28f135c4-3a82-5839-523b-c72e1ece6f74" executionId="fdff985f-c715-43d4-a8fc-85cee37e18ba" testListId="8c84fa94-04c1-424b-9868-57a2d4851a1d" />
    <TestEntry testId="9e679f6b-a69a-1d90-61bf-d4cbd3045e43" executionId="59a070bc-e579-46a0-919f-98ed6fd2bcba" testListId="8c84fa94-04c1-424b-9868-57a2d4851a1d" />
    <TestEntry testId="0fb93e62-2330-1299-d721-034b4f7d2fa7" executionId="82b2a541-245b-48cc-8419-cb2dd9d99862" testListId="8c84fa94-04c1-424b-9868-57a2d4851a1d" />
    <TestEntry testId="5b6ab24e-66cb-3d2c-b2cf-d1958161c888" executionId="4741cea5-b3b9-47f8-8ecc-cb5f96e1f299" testListId="8c84fa94-04c1-424b-9868-57a2d4851a1d" />
    <TestEntry testId="694bf451-a1db-6f2d-763f-d4b54cf549c7" executionId="6cdd8e98-5e63-488e-9fea-9ad79e7bff78" testListId="8c84fa94-04c1-424b-9868-57a2d4851a1d" />
    <TestEntry testId="d941b3e7-0b7b-cccd-0570-6e2e1fb839eb" executionId="a252c90b-39eb-4ee2-9e4f-ea5fc49d76c3" testListId="8c84fa94-04c1-424b-9868-57a2d4851a1d" />
    <TestEntry testId="624e4d5f-cc3a-0bd0-d41e-4bcd086d649f" executionId="c1d12a19-08bc-46a4-af26-b3758ba83be7" testListId="8c84fa94-04c1-424b-9868-57a2d4851a1d" />
    <TestEntry testId="a51e5cfe-3e17-f30c-1ed3-43a28f0358d9" executionId="65c4b7eb-fe42-42b0-88cf-bbd34a3078c4" testListId="8c84fa94-04c1-424b-9868-57a2d4851a1d" />
    <TestEntry testId="5706a29a-5339-ce04-7c57-32dbf36699fd" executionId="e98759da-7229-40f7-9b58-b4438e026ba1" testListId="8c84fa94-04c1-424b-9868-57a2d4851a1d" />
    <TestEntry testId="8310b80b-bd6e-2310-9fab-3c1f9b630b83" executionId="69f34b84-b18a-44c6-aa9d-8d3228ddf9a3" testListId="8c84fa94-04c1-424b-9868-57a2d4851a1d" />
    <TestEntry testId="85bf48d0-0f79-16ca-cf5a-5425f681bd10" executionId="e93a2f79-ace2-4523-9ea2-e5c4379672a9" testListId="8c84fa94-04c1-424b-9868-57a2d4851a1d" />
    <TestEntry testId="2e08a3d0-4e36-1548-83bf-50ca237db9e5" executionId="42f7600d-b311-4a95-9963-46971aa84b33" testListId="8c84fa94-04c1-424b-9868-57a2d4851a1d" />
    <TestEntry testId="acc8d13b-1c82-d3c7-b76b-cd5400fe9991" executionId="0f402ffd-4edb-4000-b50a-9509cf4cc344" testListId="8c84fa94-04c1-424b-9868-57a2d4851a1d" />
    <TestEntry testId="9de82bea-f6c2-b937-b0f3-913d6495f4ec" executionId="f635114b-c141-4876-a531-2a9ad19989f8" testListId="8c84fa94-04c1-424b-9868-57a2d4851a1d" />
    <TestEntry testId="282bd3c5-3387-deaa-c68a-2c8e2b2223ef" executionId="10153119-8c81-4030-8115-a10d1c74d7c5" testListId="8c84fa94-04c1-424b-9868-57a2d4851a1d" />
    <TestEntry testId="97bbe6d0-740f-be3e-7a61-a9a777f94c55" executionId="c59dee5d-aa76-48be-bfe1-cfa6ec967e48" testListId="8c84fa94-04c1-424b-9868-57a2d4851a1d" />
    <TestEntry testId="c4a79e9a-a73d-1adf-ebc6-e13aaf40cc89" executionId="169dc31a-c167-438c-8972-4dc239c937d9" testListId="8c84fa94-04c1-424b-9868-57a2d4851a1d" />
    <TestEntry testId="0d6fc1e7-cc50-b2ec-b176-f53d9643252c" executionId="c6bf7b28-5d7a-484f-86d6-7cdccda739f6" testListId="8c84fa94-04c1-424b-9868-57a2d4851a1d" />
    <TestEntry testId="1e4df02b-e1e8-e840-f2e8-05f3c5dfbb87" executionId="2c7350fc-3dc5-4665-954d-e785486c0dd3" testListId="8c84fa94-04c1-424b-9868-57a2d4851a1d" />
    <TestEntry testId="1809d1c5-769a-8e31-d9bb-4fceab60b151" executionId="2182400a-8bd0-427c-93c8-c827d0ea57bd" testListId="8c84fa94-04c1-424b-9868-57a2d4851a1d" />
    <TestEntry testId="c5978909-c835-b7fc-1f53-419ec3c0dda7" executionId="e88c20cb-6fc9-4162-904d-ce04e450ac5f" testListId="8c84fa94-04c1-424b-9868-57a2d4851a1d" />
    <TestEntry testId="7bef764f-dac6-a984-5399-781608aa3d4f" executionId="e15d7f96-0e58-4c58-9edb-1b8a479a27b2" testListId="8c84fa94-04c1-424b-9868-57a2d4851a1d" />
    <TestEntry testId="722ccea6-e382-0f49-76e9-8dd9aa72c852" executionId="2c86b61f-3e99-4fac-a8fb-9b07d010854f" testListId="8c84fa94-04c1-424b-9868-57a2d4851a1d" />
    <TestEntry testId="2881c58d-d15a-8802-748b-54a8e0ef1efb" executionId="93a6e253-5004-484f-975c-b6ef46b2a36f" testListId="8c84fa94-04c1-424b-9868-57a2d4851a1d" />
    <TestEntry testId="e509d944-acab-cd3a-908b-1da2921dbf3c" executionId="38225f9a-6244-47d8-84dc-ac2d78c8a216" testListId="8c84fa94-04c1-424b-9868-57a2d4851a1d" />
    <TestEntry testId="5b42df8b-fe12-93c9-4d77-73c598110f11" executionId="fa26b902-d937-41b4-be2e-96dbb567bc47" testListId="8c84fa94-04c1-424b-9868-57a2d4851a1d" />
    <TestEntry testId="bbf8fb49-fe9d-6a9e-b5f9-877f321fe3e5" executionId="f11bfe0e-354b-45e3-915a-0b19610cbeda" testListId="8c84fa94-04c1-424b-9868-57a2d4851a1d" />
    <TestEntry testId="1801a9ef-a18e-680f-9e8a-ab1e983536cd" executionId="fb356322-2e11-46c7-9e24-1356c7e0c853" testListId="8c84fa94-04c1-424b-9868-57a2d4851a1d" />
    <TestEntry testId="8967657b-23f6-8dc9-e8f2-2bdaf12da6e0" executionId="aed65267-c275-4f1a-9fc5-6087fec92c0f" testListId="8c84fa94-04c1-424b-9868-57a2d4851a1d" />
    <TestEntry testId="2a2ad36e-2b79-5154-27bd-6af35751debf" executionId="df83e562-fae1-4bda-b9a3-0f4710687878" testListId="8c84fa94-04c1-424b-9868-57a2d4851a1d" />
    <TestEntry testId="e2c58bf4-1fd1-8f69-3041-91faa3e931f4" executionId="333c4583-0426-46db-9488-8d9cfa093a57" testListId="8c84fa94-04c1-424b-9868-57a2d4851a1d" />
    <TestEntry testId="964ef933-32a8-bcf1-2e27-d8abc741e481" executionId="921ae9ec-4675-41a0-9291-dca22e7d1a99" testListId="8c84fa94-04c1-424b-9868-57a2d4851a1d" />
    <TestEntry testId="b460a9a2-889d-ad27-02ed-68d49da1a219" executionId="6416860a-3e11-437a-9b90-ca52f4c65ad5" testListId="8c84fa94-04c1-424b-9868-57a2d4851a1d" />
    <TestEntry testId="5bb24f1a-8e30-b9a6-906e-7db11763ab3c" executionId="2134fe84-8f56-422c-bcd2-9d348842a109" testListId="8c84fa94-04c1-424b-9868-57a2d4851a1d" />
    <TestEntry testId="75396df8-305f-0415-92d9-db0fd61142c4" executionId="70e402d0-7af2-4624-b36d-e88b73042ffb" testListId="8c84fa94-04c1-424b-9868-57a2d4851a1d" />
    <TestEntry testId="682ec8b4-8eff-5c1c-781d-9945dbb84a88" executionId="48461f1f-0281-48a5-99fd-fded1b8aac4f" testListId="8c84fa94-04c1-424b-9868-57a2d4851a1d" />
    <TestEntry testId="072aed82-6b21-4ab5-e184-4b5301abe6ed" executionId="ddf8e1b8-6697-43e0-928e-fec4e3af178c" testListId="8c84fa94-04c1-424b-9868-57a2d4851a1d" />
    <TestEntry testId="fc7b9cf2-4f2f-0d8a-eba9-5ab9fb9d6f18" executionId="bc3f7513-2c0a-4f13-9701-51142eb6e1ba" testListId="8c84fa94-04c1-424b-9868-57a2d4851a1d" />
    <TestEntry testId="1d24b5a7-2607-fe9d-7025-576cce3901c3" executionId="bf83a7cb-8f1f-45f3-a2f2-0a0b2c55c7fe" testListId="8c84fa94-04c1-424b-9868-57a2d4851a1d" />
    <TestEntry testId="f73b58f0-d7dc-c5a1-2acd-912e4f2151c0" executionId="c18b8c97-4af3-43e5-8f7a-248bedb9f3e2" testListId="8c84fa94-04c1-424b-9868-57a2d4851a1d" />
    <TestEntry testId="d83133cd-2269-c35b-8ba5-08e81802e7e7" executionId="feb2cd43-3456-42cc-a22c-9dd85f078902" testListId="8c84fa94-04c1-424b-9868-57a2d4851a1d" />
    <TestEntry testId="6815f00b-1690-7e06-6e54-a2c4ec146288" executionId="4de41435-efcc-491e-967d-f44e9652c13e" testListId="8c84fa94-04c1-424b-9868-57a2d4851a1d" />
    <TestEntry testId="cc3dee1a-779e-6bdd-2013-016f19d7eed5" executionId="10cbd687-bf08-4b67-8912-b33643c340c7" testListId="8c84fa94-04c1-424b-9868-57a2d4851a1d" />
    <TestEntry testId="deaef27d-8aa6-7162-4b49-ef7fd587d1ce" executionId="1ded9351-cdd7-4d62-8aa6-933b45c76b70" testListId="8c84fa94-04c1-424b-9868-57a2d4851a1d" />
    <TestEntry testId="6c0d13ec-34e6-663d-b47e-f76887bcaa9b" executionId="cde85aed-4295-451e-9403-4fb7e1f88aca" testListId="8c84fa94-04c1-424b-9868-57a2d4851a1d" />
    <TestEntry testId="8afed5b3-3bf6-9845-0f19-15eb7832aa84" executionId="ccf8a045-2f5d-4b77-b59a-0b18946ccd54" testListId="8c84fa94-04c1-424b-9868-57a2d4851a1d" />
    <TestEntry testId="fe9493c9-5e44-85dc-a202-12a16500f21f" executionId="5667a2a0-4cb0-49d1-93bb-818f54c8c904" testListId="8c84fa94-04c1-424b-9868-57a2d4851a1d" />
    <TestEntry testId="77720005-2405-25ba-e8cc-458965ca9b5e" executionId="28b20922-57e8-4dc5-94ef-29eec7a2f33f" testListId="8c84fa94-04c1-424b-9868-57a2d4851a1d" />
    <TestEntry testId="e696b5f8-cd33-da6a-7425-28488e675e3b" executionId="a028221e-2d46-4ed5-8cc4-2b8b5ba5fa00" testListId="8c84fa94-04c1-424b-9868-57a2d4851a1d" />
    <TestEntry testId="2aa7469a-5368-bbaa-6df4-c0079548bddd" executionId="f56bfc79-3ada-4e0a-b33d-ddd6ba8f109f" testListId="8c84fa94-04c1-424b-9868-57a2d4851a1d" />
    <TestEntry testId="2240f49e-2906-611d-229b-4dbb993e4e2e" executionId="200e0f74-cdfc-42cb-ae09-c1b489b3b765" testListId="8c84fa94-04c1-424b-9868-57a2d4851a1d" />
    <TestEntry testId="6cdd0dd1-d1f3-8ed6-fbdc-4c6212939182" executionId="902d93a1-c206-405a-8acd-aaa4457f0c6a" testListId="8c84fa94-04c1-424b-9868-57a2d4851a1d" />
    <TestEntry testId="e84b4b14-0447-54b4-84f9-7f586dde2ed5" executionId="98742e74-6a34-4203-86df-a3be8b351cfb" testListId="8c84fa94-04c1-424b-9868-57a2d4851a1d" />
    <TestEntry testId="b8639911-e07b-c110-5a16-404058435831" executionId="c88d88f7-59f3-4c52-834d-46eb8415bf03" testListId="8c84fa94-04c1-424b-9868-57a2d4851a1d" />
    <TestEntry testId="2d446096-ce18-d602-59a5-9217866b5c27" executionId="58865c05-9c4f-42b7-8410-3824f5503440" testListId="8c84fa94-04c1-424b-9868-57a2d4851a1d" />
    <TestEntry testId="2cf0fc0f-60ba-a1ce-d30a-93224eb5d082" executionId="9ef51957-bbab-4825-a307-ec1330e8a355" testListId="8c84fa94-04c1-424b-9868-57a2d4851a1d" />
    <TestEntry testId="65ca50da-78ea-0369-d8b3-28d8ceea3034" executionId="b72bf182-0e62-43bf-b696-f6353ab5e67f" testListId="8c84fa94-04c1-424b-9868-57a2d4851a1d" />
    <TestEntry testId="e6c1f3cb-ccd6-752e-5937-e1814e693c7f" executionId="32f56391-ed09-4ad9-b9ab-fb253becc1ac" testListId="8c84fa94-04c1-424b-9868-57a2d4851a1d" />
    <TestEntry testId="acae9c74-d021-77f4-4fe2-0c263f2f4990" executionId="ac48a837-39f2-4c65-9c87-c36bf9647327" testListId="8c84fa94-04c1-424b-9868-57a2d4851a1d" />
    <TestEntry testId="4d931708-9b2f-0e94-009f-bb26e1e289d4" executionId="83c02f74-92ae-46db-b8b3-84ea846a3193" testListId="8c84fa94-04c1-424b-9868-57a2d4851a1d" />
    <TestEntry testId="bf29e9f9-23cf-1c85-151a-89ce5c5d15f2" executionId="bb10d5fb-6d68-4d9e-8434-ca7e497685a1" testListId="8c84fa94-04c1-424b-9868-57a2d4851a1d" />
    <TestEntry testId="b3a6862e-2b90-d229-2305-33fcd0d2ef47" executionId="fcfc4913-2e7d-4e18-a850-ca6e07ccada4" testListId="8c84fa94-04c1-424b-9868-57a2d4851a1d" />
    <TestEntry testId="39458051-0c88-5c90-0cd8-0cf580c22595" executionId="6ac9a940-aa7d-4fa6-95c2-5e5fa28d119d" testListId="8c84fa94-04c1-424b-9868-57a2d4851a1d" />
    <TestEntry testId="baaa569c-3218-a146-5b70-e5ee3114f129" executionId="d88c7fd7-6c64-42b1-af8a-b466005b641a" testListId="8c84fa94-04c1-424b-9868-57a2d4851a1d" />
    <TestEntry testId="4fc41fdb-e6b5-52a8-4078-0191f061ccd2" executionId="2da1a8c4-d7f6-4c34-ad30-7855e270bf1c" testListId="8c84fa94-04c1-424b-9868-57a2d4851a1d" />
    <TestEntry testId="b9e7d00c-12c4-a7d1-06b7-3ef988e5f22f" executionId="d3263720-a545-460f-8ab1-1e8583bc3c91" testListId="8c84fa94-04c1-424b-9868-57a2d4851a1d" />
    <TestEntry testId="3ca518eb-c594-3416-42f9-56b73e60eec5" executionId="fe1d8057-721e-421b-8a6a-a9ad9e7035c9" testListId="8c84fa94-04c1-424b-9868-57a2d4851a1d" />
    <TestEntry testId="3ee20c3a-55f1-7388-7e7c-41554ac6057b" executionId="e22d107f-3a93-4874-aea1-6f649970c812" testListId="8c84fa94-04c1-424b-9868-57a2d4851a1d" />
    <TestEntry testId="96c0e6c6-47c6-34ea-0d1e-5c313917768a" executionId="61a1998c-af3d-4d98-91fb-5cf1ab8dcb58" testListId="8c84fa94-04c1-424b-9868-57a2d4851a1d" />
    <TestEntry testId="ba7ad645-0da0-7ad5-7e77-e11a47b17319" executionId="6840f868-9155-46ae-aca7-4dd2d7faa6bc" testListId="8c84fa94-04c1-424b-9868-57a2d4851a1d" />
    <TestEntry testId="4b179a2b-0d68-b720-7d82-29ecc4f0a431" executionId="1227aa36-84e2-482c-8c78-d643797b25ec" testListId="8c84fa94-04c1-424b-9868-57a2d4851a1d" />
    <TestEntry testId="5f2c7963-f250-2c9e-068a-00be2e4bfd2a" executionId="27597e5a-77fb-4412-8582-e81ea4039b85" testListId="8c84fa94-04c1-424b-9868-57a2d4851a1d" />
    <TestEntry testId="d8ec9ef1-54ff-5b05-a761-3c1a52d4879b" executionId="00de088a-714d-4c12-bc62-73f26e585942" testListId="8c84fa94-04c1-424b-9868-57a2d4851a1d" />
    <TestEntry testId="1a37ead4-45b5-4fc3-7321-cc68cf63df9c" executionId="0020ade7-7b1d-474b-8425-cebbd248ff37" testListId="8c84fa94-04c1-424b-9868-57a2d4851a1d" />
    <TestEntry testId="484e649f-7c66-1d63-e700-a3dc588e23c7" executionId="ea41160d-edf2-4de7-bc36-7334c9000a17" testListId="8c84fa94-04c1-424b-9868-57a2d4851a1d" />
    <TestEntry testId="31247e26-5809-2357-212a-7eae258037e3" executionId="50a96ac4-54ec-45e2-9c8e-aeaae0e9ccee" testListId="8c84fa94-04c1-424b-9868-57a2d4851a1d" />
    <TestEntry testId="aca73538-872b-ec15-3400-ebf5fff4c503" executionId="b7fb186a-73b3-41cd-b6e9-ff59917a3fb0" testListId="8c84fa94-04c1-424b-9868-57a2d4851a1d" />
    <TestEntry testId="486ff3ed-c212-9189-4e25-c1e103bf4ca1" executionId="7d096c09-02f6-4f32-b00e-2f9f9e2cb275" testListId="8c84fa94-04c1-424b-9868-57a2d4851a1d" />
    <TestEntry testId="03daeab3-9a09-de51-b83a-279167e6003d" executionId="b276cc33-b51c-4bff-b601-792181d3e4c7" testListId="8c84fa94-04c1-424b-9868-57a2d4851a1d" />
    <TestEntry testId="bb7d1e55-39b6-e0c9-1946-f7def749f5ff" executionId="656650b9-bcd8-4a25-a09a-db4f105af41c" testListId="8c84fa94-04c1-424b-9868-57a2d4851a1d" />
    <TestEntry testId="913e9eba-9cdb-039d-2217-eda5a384b742" executionId="6c733710-9884-4bb1-b008-3c1955fcf521" testListId="8c84fa94-04c1-424b-9868-57a2d4851a1d" />
    <TestEntry testId="75d4864e-b883-00d9-cb46-f1baf1af8af4" executionId="8d9507b2-5894-45ac-8a19-29e09f9bcacc" testListId="8c84fa94-04c1-424b-9868-57a2d4851a1d" />
    <TestEntry testId="54337495-1bc9-60b1-7975-d8c80a0347d5" executionId="ad40f222-f32f-4ec8-959d-70203ba1a9ba" testListId="8c84fa94-04c1-424b-9868-57a2d4851a1d" />
    <TestEntry testId="b1aed6b3-28e8-c95d-6e79-9a0d3836cf5b" executionId="11cc43f8-f3fe-4357-9215-32c12f689c05" testListId="8c84fa94-04c1-424b-9868-57a2d4851a1d" />
    <TestEntry testId="b3cd2c2d-b3cf-b55b-3e18-c54c1caed222" executionId="083144e2-6f3a-4b93-8806-fade9936613a" testListId="8c84fa94-04c1-424b-9868-57a2d4851a1d" />
    <TestEntry testId="dfd1b7a8-dc73-1ce6-9091-79aa35d05c1f" executionId="7c13fb1b-3535-492f-8f34-d06cb3799528" testListId="8c84fa94-04c1-424b-9868-57a2d4851a1d" />
    <TestEntry testId="36d895e9-bf54-5380-9ad7-d524d983e01d" executionId="078eeb59-fb80-4b64-be79-ed4533b7287b" testListId="8c84fa94-04c1-424b-9868-57a2d4851a1d" />
    <TestEntry testId="54469cc0-a05c-8a55-a7b6-77d1ad9fa5a0" executionId="d4b5c1a3-9be7-48d2-b7df-fbda1241a476" testListId="8c84fa94-04c1-424b-9868-57a2d4851a1d" />
    <TestEntry testId="4a6cdf71-3723-cbd2-4b6d-b33379262d0f" executionId="2b86e7c3-0a2d-443e-bcb6-0b642a9c1537" testListId="8c84fa94-04c1-424b-9868-57a2d4851a1d" />
    <TestEntry testId="604637eb-5861-e915-99e4-16854b9b81d0" executionId="a1540c16-d78d-4273-b524-aa8136f0e925" testListId="8c84fa94-04c1-424b-9868-57a2d4851a1d" />
    <TestEntry testId="dba76ba6-45b9-643b-3546-acd61689ba7b" executionId="69e36c53-3046-4d2f-92de-ea9415e32f76" testListId="8c84fa94-04c1-424b-9868-57a2d4851a1d" />
    <TestEntry testId="8a707d97-88a3-2375-9f12-ae725e7e01b4" executionId="2133584e-8132-4b92-b8dc-c83953c221eb" testListId="8c84fa94-04c1-424b-9868-57a2d4851a1d" />
    <TestEntry testId="ee706cf6-a97c-783e-db14-1426d688b1cb" executionId="1985699a-753c-438e-a2e0-eea933897dba" testListId="8c84fa94-04c1-424b-9868-57a2d4851a1d" />
    <TestEntry testId="f25b8196-dccb-eee0-7005-903f657d3804" executionId="6bb7f48a-fd0b-4bc1-bf3d-d40a83b75a92" testListId="8c84fa94-04c1-424b-9868-57a2d4851a1d" />
    <TestEntry testId="7a6d23ae-1051-b127-a0d8-092c83b984be" executionId="73d1a935-c9c3-46d5-85bd-c958803bb96b" testListId="8c84fa94-04c1-424b-9868-57a2d4851a1d" />
    <TestEntry testId="eef16b53-e401-5f79-d7eb-62cc4099131a" executionId="1efc4348-07f2-4ba6-9686-982da72253ff" testListId="8c84fa94-04c1-424b-9868-57a2d4851a1d" />
    <TestEntry testId="73378dcd-a06c-ec9c-b6d3-0a336e34ff58" executionId="9d8cd935-95cd-4deb-870f-7f7b7edf418e" testListId="8c84fa94-04c1-424b-9868-57a2d4851a1d" />
    <TestEntry testId="b85766d4-61be-2ed8-8789-719a57c1ee55" executionId="26a1c4f3-f507-4da0-a690-5bda70c739bb" testListId="8c84fa94-04c1-424b-9868-57a2d4851a1d" />
    <TestEntry testId="586b52ca-638d-92eb-ec05-c29b2cf86cf8" executionId="efc960b6-ee32-48b3-a5e7-61d585f37187" testListId="8c84fa94-04c1-424b-9868-57a2d4851a1d" />
    <TestEntry testId="570c4980-75b7-d2dd-3a6b-d74c141d16be" executionId="5bd2030d-819d-4525-b506-5016c1f66cf9" testListId="8c84fa94-04c1-424b-9868-57a2d4851a1d" />
    <TestEntry testId="1464c6e6-1d51-1ea9-f3d7-9a08e6e3e782" executionId="50436145-bf47-4053-a04c-c6cf4d1b0b2e" testListId="8c84fa94-04c1-424b-9868-57a2d4851a1d" />
    <TestEntry testId="b243954a-41c5-7d12-8710-b84bb72c9870" executionId="d4371805-ab3a-4c96-a4da-7016d112c7d1" testListId="8c84fa94-04c1-424b-9868-57a2d4851a1d" />
    <TestEntry testId="2811f0c8-270f-cd8e-fde0-401582fb7978" executionId="40aeae07-71fb-4829-92a6-c60484de6c31" testListId="8c84fa94-04c1-424b-9868-57a2d4851a1d" />
    <TestEntry testId="926decfa-b35f-9ff3-ec75-81dc9d412fd2" executionId="0dc37582-da4b-4d78-b3f8-889a5ad388c0" testListId="8c84fa94-04c1-424b-9868-57a2d4851a1d" />
    <TestEntry testId="075cf9d3-a55b-3967-b027-5249bc96c1e3" executionId="9f688e88-c052-412c-8669-0da0f19b8800" testListId="8c84fa94-04c1-424b-9868-57a2d4851a1d" />
    <TestEntry testId="cae623e6-2ebb-9e72-acb2-d3e933cc8bd1" executionId="7fd2bdcf-92ed-4f25-bbc2-452646ffecd4" testListId="8c84fa94-04c1-424b-9868-57a2d4851a1d" />
    <TestEntry testId="d2a26aa1-1bc6-8622-9b14-00379f96fd3a" executionId="c68e0054-f110-46db-889a-56e962a8d02a" testListId="8c84fa94-04c1-424b-9868-57a2d4851a1d" />
    <TestEntry testId="d96c0db2-6742-4eda-fdaf-5b012a573a2a" executionId="0413bdda-0e21-466c-a42f-d819e80fdd69" testListId="8c84fa94-04c1-424b-9868-57a2d4851a1d" />
    <TestEntry testId="aa4a87bc-6b96-9597-16de-b8f6f7888d6c" executionId="4b47c7f0-dcc9-4c35-a5e0-d4aa124fbda3" testListId="8c84fa94-04c1-424b-9868-57a2d4851a1d" />
    <TestEntry testId="b31f0234-4ac9-9b85-46f6-b37e267bbccb" executionId="7db03e59-b199-4ea3-b01b-073b229479f5" testListId="8c84fa94-04c1-424b-9868-57a2d4851a1d" />
    <TestEntry testId="505a648d-94f9-6704-efd0-207802942134" executionId="d89455c0-4a4d-41ba-be80-5e71373b9050" testListId="8c84fa94-04c1-424b-9868-57a2d4851a1d" />
    <TestEntry testId="9d351aa4-3945-d66a-6668-2a4e422f4b24" executionId="2dba94c7-a90a-4372-a85e-84c8b14d34a4" testListId="8c84fa94-04c1-424b-9868-57a2d4851a1d" />
    <TestEntry testId="801d24b1-1dba-2ac4-9caf-a15270643822" executionId="8034392a-1a5c-41ed-8f14-bbf893d0c3c9" testListId="8c84fa94-04c1-424b-9868-57a2d4851a1d" />
    <TestEntry testId="89141845-d242-4d06-d3fc-2c75a6313f5e" executionId="f097721d-38da-4847-b4c4-79130cee921a" testListId="8c84fa94-04c1-424b-9868-57a2d4851a1d" />
    <TestEntry testId="aae5d006-01a8-73fb-f3b4-77233a8a7f91" executionId="769568b9-22fe-4654-9e13-6052b36f226c" testListId="8c84fa94-04c1-424b-9868-57a2d4851a1d" />
    <TestEntry testId="9bdfb23e-2953-a42f-4873-0ca4ee4176b7" executionId="f9687dd4-9099-441f-b260-078bdd9e8772" testListId="8c84fa94-04c1-424b-9868-57a2d4851a1d" />
    <TestEntry testId="6633bbac-eabc-dc02-aaf3-51b6cd74bd4d" executionId="b59babf4-9962-4153-b66a-7e9cdd961b9e" testListId="8c84fa94-04c1-424b-9868-57a2d4851a1d" />
    <TestEntry testId="3eb7d08e-9448-c2a3-d463-292a6b933549" executionId="2a0397e1-a031-4539-9d41-3c4f40e351f9" testListId="8c84fa94-04c1-424b-9868-57a2d4851a1d" />
    <TestEntry testId="20dce59e-5338-cffa-afbf-b5e86352e303" executionId="b8128dd4-5c63-41ca-a649-ff9cddfd156b" testListId="8c84fa94-04c1-424b-9868-57a2d4851a1d" />
    <TestEntry testId="090e8714-990a-a7db-aba9-61368889e451" executionId="595fa2b6-4a90-43ff-9f04-20ff5c598ca0" testListId="8c84fa94-04c1-424b-9868-57a2d4851a1d" />
    <TestEntry testId="f0c87f24-19ef-0fdb-f774-a0438579b267" executionId="ad2ddbed-5024-4d6e-b65d-5ea6630e523c" testListId="8c84fa94-04c1-424b-9868-57a2d4851a1d" />
    <TestEntry testId="e56e0878-08aa-4af3-ee8f-c64817e18fbb" executionId="c8ac2cff-aca9-472d-8e53-bae5e1702a1c" testListId="8c84fa94-04c1-424b-9868-57a2d4851a1d" />
    <TestEntry testId="9912ae1a-42c3-1ed8-98e4-fb290b02b3d5" executionId="27c88eea-edef-44b3-81bd-97b00caf95ea" testListId="8c84fa94-04c1-424b-9868-57a2d4851a1d" />
    <TestEntry testId="92582867-9efc-bbb8-6bca-2540db062391" executionId="77c06098-fa32-4b5e-be29-bf3364261b52" testListId="8c84fa94-04c1-424b-9868-57a2d4851a1d" />
    <TestEntry testId="e1fc4273-e297-2acc-f5b4-ca916ced505b" executionId="d44a524e-721b-461f-b58e-c00f83daabb3" testListId="8c84fa94-04c1-424b-9868-57a2d4851a1d" />
    <TestEntry testId="5a34ad7e-d4d1-b189-3827-024e9fbcda4f" executionId="73e66633-0588-4e79-9ac3-c8632471b07c" testListId="8c84fa94-04c1-424b-9868-57a2d4851a1d" />
    <TestEntry testId="54cc36ea-c33b-e8a3-5a49-311b18744e81" executionId="d0e6cb63-4088-4e9f-81f5-2bb3b661c5f4" testListId="8c84fa94-04c1-424b-9868-57a2d4851a1d" />
    <TestEntry testId="af48de1e-d62f-94e9-1519-e956d9ab7b81" executionId="bc7dfc79-74cf-4c5c-845c-08a27f913836" testListId="8c84fa94-04c1-424b-9868-57a2d4851a1d" />
    <TestEntry testId="53554ca9-b5ef-f8a9-e3b1-6313d3213c40" executionId="0a7c95a0-9376-4dd8-a56d-3f31fe668ab5" testListId="8c84fa94-04c1-424b-9868-57a2d4851a1d" />
    <TestEntry testId="bd1aa9bc-c7d5-cac9-f856-9a5b439a1865" executionId="c6428d97-542f-4858-a29b-1a7629700956" testListId="8c84fa94-04c1-424b-9868-57a2d4851a1d" />
    <TestEntry testId="0ad3e0c7-6918-38a5-348a-d0c13ada8d30" executionId="db3c3187-e3dd-4369-a970-227b0feeb4a4" testListId="8c84fa94-04c1-424b-9868-57a2d4851a1d" />
    <TestEntry testId="1d0e4f08-0905-640f-9071-abda0e9ec4eb" executionId="8b2034a5-4238-4de6-af83-7f744e0d5fc4" testListId="8c84fa94-04c1-424b-9868-57a2d4851a1d" />
    <TestEntry testId="7f3ddf82-1346-ec3e-46b5-bbc09f214eef" executionId="7af98d07-8e2e-4291-a4ba-14c792388f1f" testListId="8c84fa94-04c1-424b-9868-57a2d4851a1d" />
    <TestEntry testId="2b26951f-b70c-19b1-6eab-11394cac6c01" executionId="9677b318-9427-4950-a953-74b85344f25a" testListId="8c84fa94-04c1-424b-9868-57a2d4851a1d" />
    <TestEntry testId="06c2ff37-a4f0-e97d-df46-21e6eee2ad8b" executionId="e0f1d02c-3052-4bc5-9d7a-c6480fa97601" testListId="8c84fa94-04c1-424b-9868-57a2d4851a1d" />
    <TestEntry testId="7df14545-0c85-cb0c-1dea-db39f0abc863" executionId="c2084e0b-5976-4951-aa38-65cd53b2c924" testListId="8c84fa94-04c1-424b-9868-57a2d4851a1d" />
    <TestEntry testId="9f109a89-0d7d-2404-90a0-11df4191d73b" executionId="b73cfa7d-5656-4433-a13a-67f50184e012" testListId="8c84fa94-04c1-424b-9868-57a2d4851a1d" />
    <TestEntry testId="371320e0-51fe-403f-a52b-d8e768aa2878" executionId="93f7b149-16f8-44fc-aefe-c88fcfce73b6" testListId="8c84fa94-04c1-424b-9868-57a2d4851a1d" />
    <TestEntry testId="72b72aaf-6d8b-3b86-6ba3-dcc36f6db6e4" executionId="de8a5598-06b4-4f9e-b633-bb9296c9f299" testListId="8c84fa94-04c1-424b-9868-57a2d4851a1d" />
    <TestEntry testId="7b7fd2c5-877a-b18b-0f5f-5716bb1cd12a" executionId="a3d8e107-9577-4e55-ae77-1006d75325c6" testListId="8c84fa94-04c1-424b-9868-57a2d4851a1d" />
    <TestEntry testId="161d7ea0-9028-1b69-b640-620232f83dad" executionId="7ef92e7e-0992-4431-a091-747f6b70107a" testListId="8c84fa94-04c1-424b-9868-57a2d4851a1d" />
    <TestEntry testId="ce32612d-6324-e3e4-3151-81c81f484a32" executionId="820769af-4e98-45eb-bb1a-f47ffcffc5f7" testListId="8c84fa94-04c1-424b-9868-57a2d4851a1d" />
    <TestEntry testId="2722f342-41a5-1dc4-9668-6938ccb386c4" executionId="8f0a2620-ce62-4e49-9cbc-d7242c7d3bf7" testListId="8c84fa94-04c1-424b-9868-57a2d4851a1d" />
    <TestEntry testId="bc26ecca-a562-064d-169f-fe95ae40d343" executionId="1df6915d-e7a9-4583-89db-e592f48063fd" testListId="8c84fa94-04c1-424b-9868-57a2d4851a1d" />
    <TestEntry testId="3c763ccd-c7d1-9ff2-b205-ab8d562b05be" executionId="135a5ed8-9d18-43ed-927a-2cc350dc0074" testListId="8c84fa94-04c1-424b-9868-57a2d4851a1d" />
    <TestEntry testId="0cb44257-d901-b17e-f398-77bffde7df7d" executionId="55ad77bc-a366-4aa9-9bae-a2da8530a7a1" testListId="8c84fa94-04c1-424b-9868-57a2d4851a1d" />
    <TestEntry testId="dc1b580f-20ce-214c-bc3e-1f33d42d2446" executionId="253a600d-caa4-4f08-bc4c-1db537a2447b" testListId="8c84fa94-04c1-424b-9868-57a2d4851a1d" />
    <TestEntry testId="ed3f19f3-9229-841c-36e4-254b0d4fe18a" executionId="5303270f-4144-4a5f-a56e-5f55695d48a3" testListId="8c84fa94-04c1-424b-9868-57a2d4851a1d" />
    <TestEntry testId="46e5ec90-9da0-f239-31ba-a82886150aaa" executionId="df54d6c3-13c0-4c1f-80aa-773f90187d98" testListId="8c84fa94-04c1-424b-9868-57a2d4851a1d" />
    <TestEntry testId="2170c9e9-20b5-4c06-d977-cdd05e88d88a" executionId="a95069cc-1fde-4557-93fb-a6243a123437" testListId="8c84fa94-04c1-424b-9868-57a2d4851a1d" />
    <TestEntry testId="dbccf89a-b876-07be-59cf-26d37d659211" executionId="1c70ddc4-2268-4e17-8b04-a716e69f1f7c" testListId="8c84fa94-04c1-424b-9868-57a2d4851a1d" />
    <TestEntry testId="62cff474-f6d3-58d3-2fd1-34cac7668776" executionId="1b8e219b-5ed6-47d5-ab7f-10f76ece5109" testListId="8c84fa94-04c1-424b-9868-57a2d4851a1d" />
    <TestEntry testId="44c60b85-779b-41c9-6b60-0d51c86e8139" executionId="e0f11d31-3515-4c3a-9951-5d52531e4412" testListId="8c84fa94-04c1-424b-9868-57a2d4851a1d" />
    <TestEntry testId="3f9c4b9c-ed43-becd-7ce5-207030e10fda" executionId="030fa8ac-3871-4efc-b678-da4e7006220b" testListId="8c84fa94-04c1-424b-9868-57a2d4851a1d" />
    <TestEntry testId="09249067-43c9-9ca8-7977-0bb8fc745d9c" executionId="f66b00a1-2255-494b-b5a7-042694b09ac1" testListId="8c84fa94-04c1-424b-9868-57a2d4851a1d" />
    <TestEntry testId="75fc26c4-4634-b443-68ce-2906379953d3" executionId="6fe4f332-f18e-4491-a748-1d84151ebced" testListId="8c84fa94-04c1-424b-9868-57a2d4851a1d" />
    <TestEntry testId="11d60665-2c89-cb81-0986-b5b583586c4d" executionId="0440f2c4-bbb8-4fd2-912f-484e1a2354ce" testListId="8c84fa94-04c1-424b-9868-57a2d4851a1d" />
    <TestEntry testId="238b0fdf-db62-f826-cfa3-e87116f4bb33" executionId="952fdf55-12e5-4a27-8209-7c7485026f59" testListId="8c84fa94-04c1-424b-9868-57a2d4851a1d" />
    <TestEntry testId="bd4c998f-2190-205f-cbc6-9919f1ea5b89" executionId="d8e03696-cde0-46ca-b645-dcf2e66bb111" testListId="8c84fa94-04c1-424b-9868-57a2d4851a1d" />
    <TestEntry testId="2092ba78-de86-35a0-b296-acdbaf8773df" executionId="63df98a0-1dc9-43cf-85b0-3ad9ee17cfb0" testListId="8c84fa94-04c1-424b-9868-57a2d4851a1d" />
    <TestEntry testId="3d945aae-9b91-a829-ec3a-5ae7c71339bb" executionId="61b9723d-7461-4c60-be83-5cffb74f97b9" testListId="8c84fa94-04c1-424b-9868-57a2d4851a1d" />
    <TestEntry testId="4e043128-e1af-2d25-c7d8-1125d8f5b1eb" executionId="803732f3-fd25-426f-9f50-67b27f4fb171" testListId="8c84fa94-04c1-424b-9868-57a2d4851a1d" />
    <TestEntry testId="5eeb0770-6441-2c6f-752e-ffeaca7462ca" executionId="a33ee3e3-3e33-4b01-b15a-336b44421a9c" testListId="8c84fa94-04c1-424b-9868-57a2d4851a1d" />
    <TestEntry testId="603ebd85-55e0-0888-b0a5-837d149861ea" executionId="44b57ecf-9bd8-432f-8dac-7659e3d84a57" testListId="8c84fa94-04c1-424b-9868-57a2d4851a1d" />
    <TestEntry testId="614ac236-ddd5-8726-da95-e63f7f445619" executionId="3c7812c0-d4e4-46a9-b276-f76814c963ce" testListId="8c84fa94-04c1-424b-9868-57a2d4851a1d" />
    <TestEntry testId="fd819aa4-73a1-6a2f-5743-a901f1fc6e41" executionId="8cc59a5b-b261-472f-bd53-a1fc79796a73" testListId="8c84fa94-04c1-424b-9868-57a2d4851a1d" />
    <TestEntry testId="6e995751-f710-a7ab-eae8-776779e43f86" executionId="e8a0b4bd-121f-4e2c-a683-d7be66f411a2" testListId="8c84fa94-04c1-424b-9868-57a2d4851a1d" />
    <TestEntry testId="982a0d40-b083-38fe-00f9-9c8f6e4945fa" executionId="23b2c0ff-0641-4b00-9a96-4fcc4ea80afe" testListId="8c84fa94-04c1-424b-9868-57a2d4851a1d" />
    <TestEntry testId="c63c2693-2d20-20aa-b5eb-d964e9c4eabd" executionId="42e8ad83-e029-4d19-a549-c92d28c5ee52" testListId="8c84fa94-04c1-424b-9868-57a2d4851a1d" />
    <TestEntry testId="4114f1f2-3b49-61d2-2878-c38e60b32af2" executionId="5871a1f8-34f9-42e4-8024-857508df880a" testListId="8c84fa94-04c1-424b-9868-57a2d4851a1d" />
    <TestEntry testId="51c0c3a0-ac82-1c58-2864-bdbf6e0e0bac" executionId="6ca7ccff-7b9f-48bb-a5ea-ba05a64c921f" testListId="8c84fa94-04c1-424b-9868-57a2d4851a1d" />
    <TestEntry testId="9fb03cc2-f262-2644-84be-54401c9b190e" executionId="4efedfd2-df47-4c75-9149-22dca7af356b" testListId="8c84fa94-04c1-424b-9868-57a2d4851a1d" />
    <TestEntry testId="e6c7dee5-4ded-02fb-a273-238d7b9248ed" executionId="d7dcacc7-d824-442b-8d71-29e0cf299b07" testListId="8c84fa94-04c1-424b-9868-57a2d4851a1d" />
    <TestEntry testId="5f01f82a-356a-fb8e-c153-8e578df40c29" executionId="d5ab396b-c8ab-45bb-815e-8a97376a8e83" testListId="8c84fa94-04c1-424b-9868-57a2d4851a1d" />
    <TestEntry testId="580b27e6-2a7e-3089-abbd-3e5e36acff5d" executionId="6efa673d-7a42-47dc-86c2-58b34b344c7a" testListId="8c84fa94-04c1-424b-9868-57a2d4851a1d" />
    <TestEntry testId="8eef2d3a-9c81-55de-677c-c88e88d49892" executionId="d7a2fe0d-15ab-4125-83ac-a7549d5baca1" testListId="8c84fa94-04c1-424b-9868-57a2d4851a1d" />
    <TestEntry testId="17c75049-8596-92a0-b71d-e7c02ee6d22e" executionId="f270ed94-828c-4feb-bd8a-3070a563241f" testListId="8c84fa94-04c1-424b-9868-57a2d4851a1d" />
    <TestEntry testId="049fb51e-8d89-9128-4810-cf438a9a3a94" executionId="45f25f1c-e565-4697-95c7-5fd64b93a632" testListId="8c84fa94-04c1-424b-9868-57a2d4851a1d" />
    <TestEntry testId="db53f9f5-81d6-ce6b-3ef2-a6a351cb4843" executionId="c6c08b87-40d8-4829-86e2-845372d9511e" testListId="8c84fa94-04c1-424b-9868-57a2d4851a1d" />
    <TestEntry testId="ae791542-8df2-0e41-11ed-e8584906bf49" executionId="23ee7f40-12e9-4cec-8bbe-cf272f7f39d1" testListId="8c84fa94-04c1-424b-9868-57a2d4851a1d" />
    <TestEntry testId="52e3c279-2edb-2e9b-99a9-9df638d60d8e" executionId="f47091a3-2d7e-4647-a6fc-548daa272ccb" testListId="8c84fa94-04c1-424b-9868-57a2d4851a1d" />
    <TestEntry testId="4415ae96-6897-8daf-f15e-18fd6995f560" executionId="213e00f3-b0e7-4ef8-8cec-2566c8e4030a" testListId="8c84fa94-04c1-424b-9868-57a2d4851a1d" />
    <TestEntry testId="d6e391e4-9690-93fb-e983-a3b4700fb029" executionId="0fcd4715-fe1c-4695-8cc1-22d06e353315" testListId="8c84fa94-04c1-424b-9868-57a2d4851a1d" />
    <TestEntry testId="6eb273f7-aec6-3397-dc0a-b74a60f226ab" executionId="ec6d46e7-080b-4bda-924d-8fde302aa22c" testListId="8c84fa94-04c1-424b-9868-57a2d4851a1d" />
    <TestEntry testId="a1c4b51f-b364-f863-37ec-ee884cb4c462" executionId="968c13cc-2a98-451c-a07e-0cde8d0e284f" testListId="8c84fa94-04c1-424b-9868-57a2d4851a1d" />
    <TestEntry testId="832fdd5b-3598-3d33-e387-bfaf5369ebc0" executionId="ec80e5c6-c662-4b16-a719-4ae171f3fe2b" testListId="8c84fa94-04c1-424b-9868-57a2d4851a1d" />
    <TestEntry testId="ec7d190b-5637-a9b2-ff0c-f168676ad44e" executionId="96fb75f4-8028-45f1-a465-44e470d361ae" testListId="8c84fa94-04c1-424b-9868-57a2d4851a1d" />
    <TestEntry testId="8862570b-7613-3d50-37b4-ebc735b5298d" executionId="8c8f02ca-731c-414a-933e-924fda293aa2" testListId="8c84fa94-04c1-424b-9868-57a2d4851a1d" />
    <TestEntry testId="033349f6-d4a1-d248-35b1-1699e92a6fa3" executionId="ab41e726-7ef0-488d-8252-2d0e5f265260" testListId="8c84fa94-04c1-424b-9868-57a2d4851a1d" />
    <TestEntry testId="6f72d3b2-b349-ce8b-2341-a3244520825a" executionId="15ca78e0-7a4a-461d-8afc-ea1511398996" testListId="8c84fa94-04c1-424b-9868-57a2d4851a1d" />
    <TestEntry testId="f88fa283-5f0b-60da-79f1-8a9f385d6bab" executionId="dace038e-5d26-4b30-9724-a57385a0ed61" testListId="8c84fa94-04c1-424b-9868-57a2d4851a1d" />
    <TestEntry testId="a1fc673d-94b9-acb8-3a90-1a2c5286dcfe" executionId="9f12a7e7-a6b8-4988-8c94-9bc57e8b3fbb" testListId="8c84fa94-04c1-424b-9868-57a2d4851a1d" />
    <TestEntry testId="44cce4aa-0fa3-6186-a0f7-b57042acc95c" executionId="0e48c63e-7d08-4e48-957d-20fbab31400a" testListId="8c84fa94-04c1-424b-9868-57a2d4851a1d" />
    <TestEntry testId="febd1a74-aeee-6b1b-84a2-bd3b2bc81d21" executionId="1b7862a7-668e-4bc1-a01b-ef7c73cf9b9e" testListId="8c84fa94-04c1-424b-9868-57a2d4851a1d" />
    <TestEntry testId="b129abb8-81b6-fc85-89b3-346a1daafb2d" executionId="4b0dad86-e455-4e40-add9-d334b137920e" testListId="8c84fa94-04c1-424b-9868-57a2d4851a1d" />
    <TestEntry testId="377fcc5a-6bbf-9a8c-8c8a-4c9a1f32cc02" executionId="53b5220e-033c-4f54-a236-11daeef06e6e" testListId="8c84fa94-04c1-424b-9868-57a2d4851a1d" />
    <TestEntry testId="5380a18b-bbd9-25cf-84de-51988142d436" executionId="1221d103-7842-47cd-9f44-30570bab0214" testListId="8c84fa94-04c1-424b-9868-57a2d4851a1d" />
    <TestEntry testId="f020a9b9-e684-ad68-e5c5-109afd6214e0" executionId="151f7fbb-9876-4d36-a95d-b93f58aa674a" testListId="8c84fa94-04c1-424b-9868-57a2d4851a1d" />
    <TestEntry testId="229f46da-c77d-d421-b8b6-43865f2f54d7" executionId="48102c90-a6df-45fa-9e2a-06e289ff0286" testListId="8c84fa94-04c1-424b-9868-57a2d4851a1d" />
    <TestEntry testId="b8139e8f-fbe0-17fa-9286-9b565b8cc723" executionId="e6feb9ef-1f11-4d41-944c-0467db0c4456" testListId="8c84fa94-04c1-424b-9868-57a2d4851a1d" />
    <TestEntry testId="1d65b957-1713-c7a7-d622-b85d3741936f" executionId="23433e1c-d644-4f60-b5f3-cf6a6c7a80b1" testListId="8c84fa94-04c1-424b-9868-57a2d4851a1d" />
    <TestEntry testId="f4e741c2-fce9-f39c-ce67-a2121785ff18" executionId="5684d33f-2dc3-4c59-826d-aaad7eca1e86" testListId="8c84fa94-04c1-424b-9868-57a2d4851a1d" />
    <TestEntry testId="0d4277d5-a3db-a690-fca5-160412cbbfee" executionId="52508bbb-7303-47a0-898e-947c952b8117" testListId="8c84fa94-04c1-424b-9868-57a2d4851a1d" />
    <TestEntry testId="fd0fe75a-04e2-6067-5e56-2c37dacdc08e" executionId="e1774794-de91-4837-bfc4-ad67bfdc3d05" testListId="8c84fa94-04c1-424b-9868-57a2d4851a1d" />
    <TestEntry testId="0fb966cf-f431-a0eb-e473-af8c7b366f9c" executionId="8aefa4f1-87b1-4ab1-b165-2e58be422376" testListId="8c84fa94-04c1-424b-9868-57a2d4851a1d" />
    <TestEntry testId="1d4f6a5e-a6b3-d240-fb40-0d60d8cbfbc1" executionId="23673fb1-c21a-4435-a782-3f71120fb20f" testListId="8c84fa94-04c1-424b-9868-57a2d4851a1d" />
    <TestEntry testId="a719801d-f08d-156b-489b-89f17adea13e" executionId="53102b23-2070-43fe-98e2-959e03486ddb" testListId="8c84fa94-04c1-424b-9868-57a2d4851a1d" />
    <TestEntry testId="5a92476d-402a-8cfa-eb25-85b6e98d9bae" executionId="fd170b6b-f604-42ad-aa9d-8ee3b14f97de" testListId="8c84fa94-04c1-424b-9868-57a2d4851a1d" />
    <TestEntry testId="669b0c90-20cd-0905-ebf2-c58b1a398af4" executionId="4513cdf7-8b44-4d91-bf92-16a89b0bf0ed" testListId="8c84fa94-04c1-424b-9868-57a2d4851a1d" />
    <TestEntry testId="b3464bae-7583-5cc0-3a66-478668269bd6" executionId="20d7c1ab-d1af-49fb-b91b-604226bedd90" testListId="8c84fa94-04c1-424b-9868-57a2d4851a1d" />
    <TestEntry testId="8087904c-ffe0-be78-69e7-02ebb6d70c83" executionId="eedd8f5a-ce5d-4586-9d70-b0c11536b7ab" testListId="8c84fa94-04c1-424b-9868-57a2d4851a1d" />
    <TestEntry testId="07b06d92-b036-f56d-25c2-190fbe0b2e90" executionId="ef783524-558f-4e91-be27-c62148096a01" testListId="8c84fa94-04c1-424b-9868-57a2d4851a1d" />
    <TestEntry testId="5358421b-edc8-fd6d-5c1e-8ad770d3c3a5" executionId="a7caf685-4602-4e35-9007-bd308aad4110" testListId="8c84fa94-04c1-424b-9868-57a2d4851a1d" />
    <TestEntry testId="f8477655-26e0-e1cf-def1-8a71b72eff25" executionId="81cb239f-251e-42d8-987b-731a6ac95aec" testListId="8c84fa94-04c1-424b-9868-57a2d4851a1d" />
    <TestEntry testId="618be603-ad04-d5b7-a823-5f6671192557" executionId="e050ec90-ece7-4a17-b25d-f60574d8351c" testListId="8c84fa94-04c1-424b-9868-57a2d4851a1d" />
    <TestEntry testId="f70b18da-28e1-e570-f10e-347daebce63c" executionId="4c4e5032-508d-4c82-a15f-d675ddebdd85" testListId="8c84fa94-04c1-424b-9868-57a2d4851a1d" />
    <TestEntry testId="48c09e1c-6ba5-c72e-dcab-eea6e16ea66f" executionId="cfd029f0-9d5a-4608-916b-9cbe8436a957" testListId="8c84fa94-04c1-424b-9868-57a2d4851a1d" />
    <TestEntry testId="f53f5fb5-97b4-2e90-197b-70dd504d4c01" executionId="ad1c4999-457b-478e-8974-1e0046db51fe" testListId="8c84fa94-04c1-424b-9868-57a2d4851a1d" />
    <TestEntry testId="f4afed46-239e-331e-91c5-7e6a7c5ebef6" executionId="1d484508-7c83-4ebd-83db-cc6dca0941e0" testListId="8c84fa94-04c1-424b-9868-57a2d4851a1d" />
    <TestEntry testId="c7ac26a3-4dcd-6a61-aab5-65d2c977b394" executionId="dae6a830-ec55-4de9-9914-483b80d080de" testListId="8c84fa94-04c1-424b-9868-57a2d4851a1d" />
    <TestEntry testId="3eb414c3-4651-aab8-bf8c-dc26eb152239" executionId="f2a91208-2714-4712-9883-168b608e47ce" testListId="8c84fa94-04c1-424b-9868-57a2d4851a1d" />
    <TestEntry testId="c341cad5-f03c-f80f-6254-3c8276666f51" executionId="b28724c1-43b3-4749-8a7d-a6a393388797" testListId="8c84fa94-04c1-424b-9868-57a2d4851a1d" />
    <TestEntry testId="7cd72b3a-8eae-c731-f0cf-a060b3727e0a" executionId="81153018-dd7d-4c42-a6a4-20823f16cb42" testListId="8c84fa94-04c1-424b-9868-57a2d4851a1d" />
    <TestEntry testId="1c314094-a4e0-f53a-ac10-4477b4087cf2" executionId="7bf11aa9-b091-424a-abb8-d6b5abfa7fa0" testListId="8c84fa94-04c1-424b-9868-57a2d4851a1d" />
    <TestEntry testId="762e9647-7328-4c37-8860-18397a9b19f0" executionId="74a06fb3-71bb-4086-b7dc-36794d5c8f6c" testListId="8c84fa94-04c1-424b-9868-57a2d4851a1d" />
    <TestEntry testId="652f982c-ac58-44c0-5610-fe0dbb34739c" executionId="cb09c7df-c580-4c7b-8e22-f77cc4d99276" testListId="8c84fa94-04c1-424b-9868-57a2d4851a1d" />
    <TestEntry testId="7eaa7a76-1801-c830-05aa-6a4002ca2b10" executionId="ab059ffe-da0a-425b-b05a-6b67ddca5032" testListId="8c84fa94-04c1-424b-9868-57a2d4851a1d" />
    <TestEntry testId="987c86a5-a692-7be4-af89-316c57b96830" executionId="580d9303-78a7-4a04-a9e1-34cc23fdaf5e" testListId="8c84fa94-04c1-424b-9868-57a2d4851a1d" />
    <TestEntry testId="2a5e7adc-90a2-65b6-c1d5-d0a175427143" executionId="6657ad46-1724-4deb-8a09-e365cced0dd8" testListId="8c84fa94-04c1-424b-9868-57a2d4851a1d" />
    <TestEntry testId="16d36fcf-8d5e-5ded-0f45-7773e56249d1" executionId="b38d260b-77cd-44af-8295-75860d54e703" testListId="8c84fa94-04c1-424b-9868-57a2d4851a1d" />
    <TestEntry testId="e016da78-dd5d-9471-631f-3acdca2da592" executionId="cea82b56-0b34-4204-8564-4db7d57d801b" testListId="8c84fa94-04c1-424b-9868-57a2d4851a1d" />
    <TestEntry testId="82e520c5-1fa8-417b-3218-2038b4a2f986" executionId="338f0741-2cbf-49c5-b7d1-754c4311cc4b" testListId="8c84fa94-04c1-424b-9868-57a2d4851a1d" />
    <TestEntry testId="82c9d160-48d2-d19d-05a2-b2df5298911f" executionId="d22c2747-2dd3-4129-93e4-0ecd202fadc0" testListId="8c84fa94-04c1-424b-9868-57a2d4851a1d" />
    <TestEntry testId="efed4b52-7838-9f73-3151-a66056d77a0f" executionId="dda0a61b-e4ef-4bef-a73b-c54d378d86cc" testListId="8c84fa94-04c1-424b-9868-57a2d4851a1d" />
    <TestEntry testId="e8b062b5-89dc-6155-c4e2-35be70d0ebae" executionId="e720140f-b73c-40dc-b535-5836148f9b9f" testListId="8c84fa94-04c1-424b-9868-57a2d4851a1d" />
    <TestEntry testId="f17f70b6-0fee-83a9-6b73-2b86b7d3f45d" executionId="245407ca-b683-45a6-ae7d-6c2198d843b1" testListId="8c84fa94-04c1-424b-9868-57a2d4851a1d" />
    <TestEntry testId="ce6dd691-2be2-6b7f-6cd3-9d180c377f27" executionId="2f90c2f6-ed24-4b25-92f1-da971c9d3d47" testListId="8c84fa94-04c1-424b-9868-57a2d4851a1d" />
    <TestEntry testId="186ab42f-c06e-c3d0-2b6a-4620cc809b51" executionId="1950da5b-3286-4463-bfdc-c904624239ab" testListId="8c84fa94-04c1-424b-9868-57a2d4851a1d" />
    <TestEntry testId="215bfee5-1f66-4e3a-6fbe-6ee6fdbfd2b6" executionId="d0f333f6-671c-42a1-9616-bdbe3bf4c143" testListId="8c84fa94-04c1-424b-9868-57a2d4851a1d" />
    <TestEntry testId="1ef7dd6d-490c-93b2-e482-6e60c6496aa7" executionId="7024443a-1607-4f11-acc5-96b7a54297e2" testListId="8c84fa94-04c1-424b-9868-57a2d4851a1d" />
    <TestEntry testId="f53da1ac-d92c-97cd-f175-7f5cf998a329" executionId="620d839c-4f99-4454-b77f-a6817debdb4c" testListId="8c84fa94-04c1-424b-9868-57a2d4851a1d" />
    <TestEntry testId="0c5f7f93-ec3c-3a0b-f039-9319ceef4a56" executionId="4ed72677-414f-4568-a6cc-9897a0dc1338" testListId="8c84fa94-04c1-424b-9868-57a2d4851a1d" />
    <TestEntry testId="1dbe994c-7596-6ec0-1eb1-d378bbc25453" executionId="e35f7e2a-69b5-4231-a5ff-4bb801f74fae" testListId="8c84fa94-04c1-424b-9868-57a2d4851a1d" />
    <TestEntry testId="4e02a5cc-1abd-117a-cdd2-da8542efa67b" executionId="504260c3-4a0a-4d20-9268-472b432394a0" testListId="8c84fa94-04c1-424b-9868-57a2d4851a1d" />
    <TestEntry testId="4eac9088-c539-ea8e-a671-e58f0bce3ac2" executionId="4b82ad32-0747-40a5-9f00-dc350505aca9" testListId="8c84fa94-04c1-424b-9868-57a2d4851a1d" />
    <TestEntry testId="05d2487d-2b2b-484f-86b2-4eabcbc973d7" executionId="acd044e5-cbd7-4fa9-8349-0a87f74aadb5" testListId="8c84fa94-04c1-424b-9868-57a2d4851a1d" />
    <TestEntry testId="ceba2161-f005-5b31-f67f-41104b8b9d22" executionId="bb8c9b66-8d22-46cd-8e7e-c592e6c9921a" testListId="8c84fa94-04c1-424b-9868-57a2d4851a1d" />
    <TestEntry testId="87aa0f07-1d98-698d-8d36-97ce300ae94c" executionId="0518d902-70b4-4fc8-ad78-e05280f6cf7e" testListId="8c84fa94-04c1-424b-9868-57a2d4851a1d" />
    <TestEntry testId="78f23c33-213b-930f-820f-c8eec9512235" executionId="3ea14920-f81e-4708-a887-6e8c4a8d57fe" testListId="8c84fa94-04c1-424b-9868-57a2d4851a1d" />
    <TestEntry testId="aefbf141-7581-d776-d65a-427330b2001d" executionId="95c5082c-2a55-4e49-ba92-bfbf5cfe5403" testListId="8c84fa94-04c1-424b-9868-57a2d4851a1d" />
    <TestEntry testId="ba2b2550-3a23-374e-72bb-22ce24bf7860" executionId="b35da2ab-f4fc-473c-a881-8205b3a303b9" testListId="8c84fa94-04c1-424b-9868-57a2d4851a1d" />
    <TestEntry testId="e0c3cdcd-b445-343e-4135-3ea486232b15" executionId="3ad272a7-4de9-4018-87f0-d8b0d837907d" testListId="8c84fa94-04c1-424b-9868-57a2d4851a1d" />
    <TestEntry testId="9e828bb8-0791-0f9e-3d78-b2de3060a96e" executionId="c443e8c6-12f3-4b3a-b8cf-23a7a2093f25" testListId="8c84fa94-04c1-424b-9868-57a2d4851a1d" />
    <TestEntry testId="335a80c9-454e-518f-4bc9-8472bc09d36b" executionId="be3c2166-6e40-4092-a7f5-393fec2d47cb" testListId="8c84fa94-04c1-424b-9868-57a2d4851a1d" />
    <TestEntry testId="e563133a-ac44-e5da-b576-8941a74f93c0" executionId="d0513f0f-3516-44b0-b873-145058952069" testListId="8c84fa94-04c1-424b-9868-57a2d4851a1d" />
    <TestEntry testId="8da4cee4-e3a7-7d7d-0ad6-987f920d6d71" executionId="36773703-fac6-4d42-a433-318351bb11c4" testListId="8c84fa94-04c1-424b-9868-57a2d4851a1d" />
    <TestEntry testId="f16dded2-c804-9c38-e0eb-aab5df3cd7d1" executionId="ac52427a-d898-41c1-a3d1-9cb2ede2904b" testListId="8c84fa94-04c1-424b-9868-57a2d4851a1d" />
    <TestEntry testId="66897c6b-e1c0-378d-bc45-76f2eb77adc4" executionId="b79bd0f0-7c85-485a-8ce4-23d288436a33" testListId="8c84fa94-04c1-424b-9868-57a2d4851a1d" />
    <TestEntry testId="2f8cdec1-55c7-1ec2-ee36-ef9a77a8bd33" executionId="3e6585fd-1d0a-477f-85d5-fb2c7f07f3a3" testListId="8c84fa94-04c1-424b-9868-57a2d4851a1d" />
    <TestEntry testId="c3e5f521-9ad7-7660-3e93-e015bcbbc92d" executionId="6cb45c1a-12a3-4f33-84b3-7d9bcdf79297" testListId="8c84fa94-04c1-424b-9868-57a2d4851a1d" />
    <TestEntry testId="2863e32e-31a2-c913-2c4c-b48e26ee352f" executionId="81e4d8c3-2e5a-4d60-841d-3aff1b8fb0e3" testListId="8c84fa94-04c1-424b-9868-57a2d4851a1d" />
    <TestEntry testId="75a4ef04-4ef2-4e14-2902-a5cf94a4141e" executionId="982afd0c-c20f-4065-b002-7be5fb267828" testListId="8c84fa94-04c1-424b-9868-57a2d4851a1d" />
    <TestEntry testId="308840a6-afe3-7c95-81f8-42dfcd8b1807" executionId="781fae1e-afce-4048-a1d4-f96dd8ec6681" testListId="8c84fa94-04c1-424b-9868-57a2d4851a1d" />
    <TestEntry testId="3c7e7888-293a-3264-805f-99722b59b46d" executionId="0cbe84d3-65bc-4393-87b0-73440f545c02" testListId="8c84fa94-04c1-424b-9868-57a2d4851a1d" />
    <TestEntry testId="2b33b55c-e90a-3fa4-24c2-969de0091ad7" executionId="386813e8-cd18-48b5-bc02-776846bbca36" testListId="8c84fa94-04c1-424b-9868-57a2d4851a1d" />
    <TestEntry testId="e6d4bff8-73e5-96fb-ced9-5ce4dc462ae6" executionId="16f4c4fc-3e25-48a6-b044-9d3a4643c6b9" testListId="8c84fa94-04c1-424b-9868-57a2d4851a1d" />
    <TestEntry testId="57d6832c-8812-40d0-6783-da1d6ae78df9" executionId="07334965-51ef-41ef-bd40-1050c63f7ace" testListId="8c84fa94-04c1-424b-9868-57a2d4851a1d" />
    <TestEntry testId="560500be-aa7b-9451-3737-46077b196be5" executionId="bcebac9c-c88d-4250-9532-3f5b0583a7f1" testListId="8c84fa94-04c1-424b-9868-57a2d4851a1d" />
    <TestEntry testId="d7983fc0-288c-13fa-7f5f-cfbc51b44a20" executionId="4090ecbf-e13a-4414-8e9f-a0f18bc2a161" testListId="8c84fa94-04c1-424b-9868-57a2d4851a1d" />
    <TestEntry testId="7c3d73d6-ae7c-b6b6-d1d1-f09fb0834a1b" executionId="4dcc67f6-6244-49ee-a6c7-fc69ec059556" testListId="8c84fa94-04c1-424b-9868-57a2d4851a1d" />
    <TestEntry testId="9e188fde-fa17-7c5f-ab1c-56662a76b191" executionId="edea01b0-1b66-43ab-a033-55053e7dc3c4" testListId="8c84fa94-04c1-424b-9868-57a2d4851a1d" />
    <TestEntry testId="b64a1af1-39a1-096f-7ce8-a3ceee222db3" executionId="d79a011e-b94e-4bca-9dfe-706b7a5d96c2" testListId="8c84fa94-04c1-424b-9868-57a2d4851a1d" />
    <TestEntry testId="1b4099f6-b471-f3d4-1fff-e82bc7f0a6d7" executionId="d3e642a4-39f1-477a-9625-106fb3083b00" testListId="8c84fa94-04c1-424b-9868-57a2d4851a1d" />
    <TestEntry testId="f0f852c9-4fce-631a-435e-f8909d6f5e4c" executionId="12994335-0a9f-47e9-9291-a89cf35e7e40" testListId="8c84fa94-04c1-424b-9868-57a2d4851a1d" />
    <TestEntry testId="1fcd94ef-4d20-3374-cdd9-d5e95960e0f4" executionId="6d9246e6-2e17-4882-aaae-cf82358ca91d" testListId="8c84fa94-04c1-424b-9868-57a2d4851a1d" />
    <TestEntry testId="cf2090e8-2ae6-b412-6b0c-1b612c83ca76" executionId="0eaf9a9a-46c8-4c45-9cbb-79d61547b517" testListId="8c84fa94-04c1-424b-9868-57a2d4851a1d" />
    <TestEntry testId="5c53f807-6f55-32f3-f0ec-2dd8e8da7de9" executionId="bf1047df-1942-433a-a553-e1111a37eefd" testListId="8c84fa94-04c1-424b-9868-57a2d4851a1d" />
    <TestEntry testId="1ff4f359-7efd-8f91-ead3-dadea1c05e22" executionId="4b91663f-2b56-4ec5-b3a2-cba3fb17d122" testListId="8c84fa94-04c1-424b-9868-57a2d4851a1d" />
    <TestEntry testId="e10d9262-2cf4-a2b6-f576-6a24ea0996f2" executionId="440630ab-f870-4ce8-bfc9-f912602b4e30" testListId="8c84fa94-04c1-424b-9868-57a2d4851a1d" />
    <TestEntry testId="baee69ba-2af9-c665-f273-d2242f05bb5e" executionId="f6aa0481-e16e-4338-9def-2e7424e06f59" testListId="8c84fa94-04c1-424b-9868-57a2d4851a1d" />
    <TestEntry testId="6b243c8c-74bd-7e4b-341f-e44a5c5ccd17" executionId="211dcdb7-decd-41dc-afaa-c9e70f73834a" testListId="8c84fa94-04c1-424b-9868-57a2d4851a1d" />
    <TestEntry testId="224d4c4a-bf78-3280-42f7-47b08e336632" executionId="c406187b-7f44-4084-9d48-1946b8866df5" testListId="8c84fa94-04c1-424b-9868-57a2d4851a1d" />
    <TestEntry testId="74dd11d6-bd72-6258-df22-37f1a46f41a9" executionId="cb1c9eb7-eb78-4010-8844-984f6d1c2fd4" testListId="8c84fa94-04c1-424b-9868-57a2d4851a1d" />
    <TestEntry testId="a4695102-57dc-a5b0-4600-6b2c5f8dc999" executionId="535c49e9-63d4-4e5b-847d-8934b1145391" testListId="8c84fa94-04c1-424b-9868-57a2d4851a1d" />
    <TestEntry testId="7383a612-09c3-e115-dce5-7a2e36bc813b" executionId="9d91a267-bb97-42a5-9ea9-382bf1f718da" testListId="8c84fa94-04c1-424b-9868-57a2d4851a1d" />
    <TestEntry testId="102e6afe-725c-cdfe-5c28-1af7febfaaa7" executionId="a707a7a2-c0ee-4be8-82c9-3ce088ecd789" testListId="8c84fa94-04c1-424b-9868-57a2d4851a1d" />
    <TestEntry testId="c77d402c-8327-25ae-8fd0-83e870ac2f8a" executionId="33f271f7-d9df-4624-8822-a2b134519bcb" testListId="8c84fa94-04c1-424b-9868-57a2d4851a1d" />
    <TestEntry testId="59524fbc-ad7b-1e06-e43c-47ea3d4b1081" executionId="435a521e-7dd9-4764-918b-496174cd1a2f" testListId="8c84fa94-04c1-424b-9868-57a2d4851a1d" />
    <TestEntry testId="b6efe126-2b86-2eb6-10f8-835f3768745e" executionId="a5bf4f69-bd8c-4f58-8083-eb9920bb00ea" testListId="8c84fa94-04c1-424b-9868-57a2d4851a1d" />
    <TestEntry testId="6da71151-f511-8823-e176-c485d9440966" executionId="c5e7991a-29c9-4001-9b6c-756f649a200f" testListId="8c84fa94-04c1-424b-9868-57a2d4851a1d" />
    <TestEntry testId="d9c38364-b5c0-b9e8-2ad1-e9a140498844" executionId="4a9e81b9-cdd6-43ee-a082-50484a57bb5a" testListId="8c84fa94-04c1-424b-9868-57a2d4851a1d" />
    <TestEntry testId="b883db37-c7e7-dd61-3e75-f619225af0b4" executionId="b6929ed7-607b-451b-b0f1-2a202f68e612" testListId="8c84fa94-04c1-424b-9868-57a2d4851a1d" />
    <TestEntry testId="06d0c6f3-c267-affd-7754-4a3487cff715" executionId="37be77b0-d76d-4ec1-8ef1-83b37ee86523" testListId="8c84fa94-04c1-424b-9868-57a2d4851a1d" />
    <TestEntry testId="8af7c98b-862b-5581-5b88-cbd5453d27c2" executionId="38b0d36f-ed3f-491d-8f5b-a8ce278224ef" testListId="8c84fa94-04c1-424b-9868-57a2d4851a1d" />
    <TestEntry testId="c580ab63-0397-52c0-c033-50e5970b9897" executionId="57365b77-6252-4113-8730-b26359571380" testListId="8c84fa94-04c1-424b-9868-57a2d4851a1d" />
    <TestEntry testId="9920af9c-e6af-52b6-8ac7-ac966786752b" executionId="6865dd53-c2c2-4f79-9b0a-639e1884cbb9" testListId="8c84fa94-04c1-424b-9868-57a2d4851a1d" />
    <TestEntry testId="33fb48f3-f70e-9e53-a4bc-71fdd0f437e8" executionId="e0ead102-e534-44f6-9c48-3adf0efc584b" testListId="8c84fa94-04c1-424b-9868-57a2d4851a1d" />
    <TestEntry testId="cb739d29-5c57-4eac-4db1-0e9082fe50d1" executionId="c083bc0f-a1af-4f03-9817-8711f7b47376" testListId="8c84fa94-04c1-424b-9868-57a2d4851a1d" />
    <TestEntry testId="f9394f8f-edf7-4396-0c86-707e435b870c" executionId="4b1bc2aa-cbde-4027-9a75-1d910ba2df30" testListId="8c84fa94-04c1-424b-9868-57a2d4851a1d" />
    <TestEntry testId="44ca1af9-9be5-6a26-8ab8-ea20e79b0580" executionId="3f395662-ef50-444a-8f8b-abc001342893" testListId="8c84fa94-04c1-424b-9868-57a2d4851a1d" />
    <TestEntry testId="c533ac98-0a64-8282-5e39-938415ff3822" executionId="972a46a7-38a8-48df-94c0-9eac16b32ca9" testListId="8c84fa94-04c1-424b-9868-57a2d4851a1d" />
    <TestEntry testId="2e89f020-2dbe-c238-dcbe-14703bd55897" executionId="da7d51cf-5391-437b-a0af-d2a2c1852d2b" testListId="8c84fa94-04c1-424b-9868-57a2d4851a1d" />
    <TestEntry testId="e11a551f-fea1-95c7-705e-199d74342a57" executionId="9acbb1e6-b104-42be-8b0f-ef0cf6eb9ce9" testListId="8c84fa94-04c1-424b-9868-57a2d4851a1d" />
    <TestEntry testId="56feb266-f783-094e-7a18-1f571769c4b5" executionId="86ca132c-3d31-420f-988a-32533bf9a49d" testListId="8c84fa94-04c1-424b-9868-57a2d4851a1d" />
    <TestEntry testId="03f5973d-de2e-a6bd-fdf2-5a76b53cda01" executionId="64a396a0-d68b-477a-a0b8-55cbb219d2d7" testListId="8c84fa94-04c1-424b-9868-57a2d4851a1d" />
    <TestEntry testId="eae68873-fa9a-62cc-1187-c477e5e97243" executionId="8f330fb8-e835-450a-9a0e-84f335ff49cd" testListId="8c84fa94-04c1-424b-9868-57a2d4851a1d" />
    <TestEntry testId="4b8663d4-cada-b0d2-6d7f-8611b57c2c30" executionId="1f380b9a-0670-4ecd-8505-09f0a254333e" testListId="8c84fa94-04c1-424b-9868-57a2d4851a1d" />
    <TestEntry testId="27a203e3-25cc-6034-db34-45ea8e8f700d" executionId="946347ed-11cc-4225-ad50-f40ba9cf0522" testListId="8c84fa94-04c1-424b-9868-57a2d4851a1d" />
    <TestEntry testId="83e03a58-4a53-e70d-decf-9c3faf9bd594" executionId="8777d976-abe0-4367-8930-6d037680a508" testListId="8c84fa94-04c1-424b-9868-57a2d4851a1d" />
    <TestEntry testId="957ae27e-c0b1-f1ec-cdc1-7af0c2b3bc63" executionId="e9c2eebb-1053-4071-9143-2832d0ab5ccd" testListId="8c84fa94-04c1-424b-9868-57a2d4851a1d" />
    <TestEntry testId="3dd24710-ab57-603b-d1bd-723f9c55915b" executionId="952e4ea5-bcce-4718-9e4f-f662d0b22688" testListId="8c84fa94-04c1-424b-9868-57a2d4851a1d" />
    <TestEntry testId="032684af-c406-a7a7-c8ea-3ebd46fee147" executionId="53868891-3e10-4238-ab08-1f9a73b105e6" testListId="8c84fa94-04c1-424b-9868-57a2d4851a1d" />
    <TestEntry testId="f7f96160-e998-1b7a-b548-c7a8af03bc5f" executionId="53fe1d96-ac9a-4995-b010-f9f54e7d56ef" testListId="8c84fa94-04c1-424b-9868-57a2d4851a1d" />
    <TestEntry testId="19fdd1f9-8416-f074-0185-3441daf53619" executionId="29038f29-238f-4656-bd45-16b452d44b05" testListId="8c84fa94-04c1-424b-9868-57a2d4851a1d" />
    <TestEntry testId="7cc115b7-b1e7-1a11-bfb7-fd8232f09732" executionId="844970c7-2ddf-4dda-b6fd-425b175d138f" testListId="8c84fa94-04c1-424b-9868-57a2d4851a1d" />
    <TestEntry testId="dcdcacc7-3a59-9f5c-3519-7e1f8456274b" executionId="99db6b35-c39c-48fc-898b-897547100dde" testListId="8c84fa94-04c1-424b-9868-57a2d4851a1d" />
    <TestEntry testId="04f214a1-a1d9-9bab-015c-5785ca956fe0" executionId="5c5f42ba-05f1-43dc-90a4-c0387ed5bf2b" testListId="8c84fa94-04c1-424b-9868-57a2d4851a1d" />
    <TestEntry testId="ff780923-3d68-22b4-2fc8-d9f4a7f3ec2a" executionId="dc569f92-5d24-45b3-9b9c-b7483a56408d" testListId="8c84fa94-04c1-424b-9868-57a2d4851a1d" />
    <TestEntry testId="d42e899a-2ca0-efc5-9510-406fd309c7d9" executionId="8a9c09d1-f1f3-4178-a250-b72325a180f8" testListId="8c84fa94-04c1-424b-9868-57a2d4851a1d" />
    <TestEntry testId="d5569f51-71a3-1477-0939-1f225d7f9c79" executionId="d7595660-3121-4a6c-8db3-bce617a01c23" testListId="8c84fa94-04c1-424b-9868-57a2d4851a1d" />
    <TestEntry testId="7464631d-491e-1285-3b29-4563c6c99f6d" executionId="f6a884b3-a962-48a1-bb01-cde44edc1361" testListId="8c84fa94-04c1-424b-9868-57a2d4851a1d" />
    <TestEntry testId="e1544454-c891-d152-8790-b609349aa046" executionId="09ff9431-1115-4816-9f80-1ff55fa910da" testListId="8c84fa94-04c1-424b-9868-57a2d4851a1d" />
    <TestEntry testId="34338ecf-4cf8-cae1-4a13-dffa7f0eb750" executionId="7cd3f8b4-53be-4ed8-95e2-127b61a6acaf" testListId="8c84fa94-04c1-424b-9868-57a2d4851a1d" />
    <TestEntry testId="a253cc54-5bbf-37ac-2c51-23a9005e524f" executionId="6c836c1b-2c76-4db2-b79b-d59b4c5e8a12" testListId="8c84fa94-04c1-424b-9868-57a2d4851a1d" />
    <TestEntry testId="78cb299f-8c65-1243-557c-9cbe299574c8" executionId="f5145a5d-7ba4-4427-af6c-ff7bd8cf05c3" testListId="8c84fa94-04c1-424b-9868-57a2d4851a1d" />
    <TestEntry testId="7f3dc050-48ba-d60a-f2d6-89dd9e4ff9b7" executionId="405e6d80-2b01-4434-b27e-b8bd38088c19" testListId="8c84fa94-04c1-424b-9868-57a2d4851a1d" />
    <TestEntry testId="6c2c6480-673a-ffe4-b786-4dbaf6053fc4" executionId="629b3484-c3a3-43fd-9903-0332255c8f26" testListId="8c84fa94-04c1-424b-9868-57a2d4851a1d" />
    <TestEntry testId="2c525ede-8c4d-39b2-e0a8-a57557c5f735" executionId="eb175d5c-5e0d-4771-bc60-d298c5652413" testListId="8c84fa94-04c1-424b-9868-57a2d4851a1d" />
    <TestEntry testId="972fc54f-f502-51e2-aa98-6e8166180ea4" executionId="fd06980b-ea0a-4aa4-8f6d-2a6394ff1278" testListId="8c84fa94-04c1-424b-9868-57a2d4851a1d" />
    <TestEntry testId="9bcfeff3-9fd9-8d9e-718a-8cd893ba99c9" executionId="14d93670-24c1-4c12-a067-5a2c326e0a18" testListId="8c84fa94-04c1-424b-9868-57a2d4851a1d" />
    <TestEntry testId="f0466b06-c880-81d3-38f5-3c45af26d772" executionId="12c37951-84c3-43c4-a75c-e6486bdb69a3" testListId="8c84fa94-04c1-424b-9868-57a2d4851a1d" />
    <TestEntry testId="0cb7636d-7fd8-4309-058c-75f776f122a7" executionId="8620bf94-a04a-4c1b-9be4-2bf6d8cb7caa" testListId="8c84fa94-04c1-424b-9868-57a2d4851a1d" />
    <TestEntry testId="adb2be09-9a5e-77ac-70ba-731099309720" executionId="a2a57ba9-d37a-49f7-9ada-ee34d85ccc0f" testListId="8c84fa94-04c1-424b-9868-57a2d4851a1d" />
    <TestEntry testId="d80f7b11-186b-a5b9-57d2-6306cb46872f" executionId="a02eca04-4859-48c5-94a4-c8431d852ae7" testListId="8c84fa94-04c1-424b-9868-57a2d4851a1d" />
    <TestEntry testId="281b08b2-5e70-eefa-6609-5a7e483e8fbb" executionId="b15bdbae-f174-4850-97a9-a329ad44cb50" testListId="8c84fa94-04c1-424b-9868-57a2d4851a1d" />
    <TestEntry testId="0e4f4cd8-2321-038d-67b4-848c66b49698" executionId="334ded4c-a50d-4e84-97e8-df2c78e689ba" testListId="8c84fa94-04c1-424b-9868-57a2d4851a1d" />
    <TestEntry testId="deca1a93-560a-3e38-4de7-ced733e6d7ff" executionId="85fd62db-2f06-4b2e-aad0-3fae58100ecc" testListId="8c84fa94-04c1-424b-9868-57a2d4851a1d" />
    <TestEntry testId="22058ddd-9ddd-1b5b-f967-e35df069718b" executionId="2daa0ec0-035e-4597-addf-d3a905fe7d6e" testListId="8c84fa94-04c1-424b-9868-57a2d4851a1d" />
    <TestEntry testId="389eb6c4-27ce-9639-466a-94af5c83ec51" executionId="d77b6a95-8b2c-4828-a897-c103191b7083" testListId="8c84fa94-04c1-424b-9868-57a2d4851a1d" />
    <TestEntry testId="10706f86-8ad9-7dd2-2dbe-1bef3ebab4e4" executionId="06b1aae4-58c6-464f-9896-7c8ade01f8b1" testListId="8c84fa94-04c1-424b-9868-57a2d4851a1d" />
    <TestEntry testId="c3d61ebf-bbf8-11d5-351c-ff333b8ff9eb" executionId="af3e2373-2732-4aa4-b7b1-39bb04848254" testListId="8c84fa94-04c1-424b-9868-57a2d4851a1d" />
    <TestEntry testId="5140bc86-f072-b4e6-a87a-0b555cb790ec" executionId="bb0d1f52-b570-4eed-a882-9da80d231244" testListId="8c84fa94-04c1-424b-9868-57a2d4851a1d" />
    <TestEntry testId="fa385d18-3e5e-2f4a-aeb6-69bda151b68a" executionId="17a8e760-43a2-4add-ab31-7015fa32e403" testListId="8c84fa94-04c1-424b-9868-57a2d4851a1d" />
    <TestEntry testId="226e460a-c12e-2d6f-569c-110d81361f7f" executionId="8d027054-87e1-4e69-a13b-c70cb9959a82" testListId="8c84fa94-04c1-424b-9868-57a2d4851a1d" />
    <TestEntry testId="ce4dbe49-41e8-ce1e-bc0d-0c5fedbd2f53" executionId="ccf3b78b-56af-48f2-ab84-09901f37e997" testListId="8c84fa94-04c1-424b-9868-57a2d4851a1d" />
    <TestEntry testId="a70244b5-d92c-93ae-414a-a5fea7b59451" executionId="139aedcb-575f-4c71-80b7-b13267fea1df" testListId="8c84fa94-04c1-424b-9868-57a2d4851a1d" />
    <TestEntry testId="7ad616db-ea9e-d7db-0c3d-7db064c1955f" executionId="a9958894-e2c3-46ec-a24e-dc0d7bc5b2ba" testListId="8c84fa94-04c1-424b-9868-57a2d4851a1d" />
    <TestEntry testId="59005feb-9312-3d6d-a031-0d15047ae91e" executionId="f498a251-6d05-4a36-aad9-375f33d20c7d" testListId="8c84fa94-04c1-424b-9868-57a2d4851a1d" />
    <TestEntry testId="864e8b00-56ce-19ba-1b82-63ad7fe31ff9" executionId="2372caa6-0309-461a-a6ec-08faf676b497" testListId="8c84fa94-04c1-424b-9868-57a2d4851a1d" />
    <TestEntry testId="8cc0d994-e7ff-4cab-6633-14d742ee9012" executionId="931b416c-0d8b-4cb3-b558-c36a809f02c6" testListId="8c84fa94-04c1-424b-9868-57a2d4851a1d" />
    <TestEntry testId="3720b756-3b7f-e1ef-7aa0-d4c590434a6a" executionId="c775f3ec-8286-4c19-8878-b6a79dd7a493" testListId="8c84fa94-04c1-424b-9868-57a2d4851a1d" />
    <TestEntry testId="7c43f713-c062-f810-1c71-8c10c26820c9" executionId="ca665467-4743-483f-9f53-30607addbc6a" testListId="8c84fa94-04c1-424b-9868-57a2d4851a1d" />
    <TestEntry testId="43d3b53a-5f1e-1753-544e-a39a469ca4f3" executionId="4ddb42f3-525d-488d-a0a9-2d52f4443ee1" testListId="8c84fa94-04c1-424b-9868-57a2d4851a1d" />
    <TestEntry testId="935f5efe-3e59-8519-b484-072d1b434950" executionId="3e015bb4-9c54-4c6c-8201-5a6bbc0d823e" testListId="8c84fa94-04c1-424b-9868-57a2d4851a1d" />
    <TestEntry testId="cd8a3db1-a027-ae4c-e02b-ca4757e43faa" executionId="bb8622a8-b7d0-4459-abf2-9f891d153649" testListId="8c84fa94-04c1-424b-9868-57a2d4851a1d" />
    <TestEntry testId="b57e116c-b6e2-d148-50d3-7bef4d27e170" executionId="66cf7142-f657-4cac-99a3-7e7d7748df94" testListId="8c84fa94-04c1-424b-9868-57a2d4851a1d" />
    <TestEntry testId="5ddbfed9-86b7-4e56-d318-a9ecfc7e2059" executionId="1917d43f-d97e-4c6b-ad15-656f64c4adba" testListId="8c84fa94-04c1-424b-9868-57a2d4851a1d" />
    <TestEntry testId="af0cac5b-bb0e-f548-4e79-0a8edd5e4aeb" executionId="e50d37a4-c68d-407a-8c27-9bc9ae96aa5f" testListId="8c84fa94-04c1-424b-9868-57a2d4851a1d" />
    <TestEntry testId="ad614958-d4ee-0d2d-0aa8-bc717210ef8b" executionId="7acdf540-56ab-4453-92e6-73b12065a67e" testListId="8c84fa94-04c1-424b-9868-57a2d4851a1d" />
    <TestEntry testId="656caf3d-f25b-efca-ae4e-6c4399dd5829" executionId="f245ab36-8360-4815-8aeb-07363998789a" testListId="8c84fa94-04c1-424b-9868-57a2d4851a1d" />
    <TestEntry testId="0bab950f-30a1-87be-346d-ebe098cd54d4" executionId="017ec3bc-460b-408d-9aef-b4cdafdd7722" testListId="8c84fa94-04c1-424b-9868-57a2d4851a1d" />
    <TestEntry testId="94953a34-d660-7bd7-2a8b-0e0b9c29d050" executionId="479919f4-cd7d-4e61-88c1-d28c9935d8fd" testListId="8c84fa94-04c1-424b-9868-57a2d4851a1d" />
    <TestEntry testId="aa0cc5ae-e6c2-906f-fe4d-5912a8f30d29" executionId="4b760e96-ed1b-4704-8485-aade6d35f97b" testListId="8c84fa94-04c1-424b-9868-57a2d4851a1d" />
    <TestEntry testId="d7fe02f1-c2b0-826d-27c0-8bd9f020c107" executionId="c18585c0-ff91-426c-877e-5469ae5671c9" testListId="8c84fa94-04c1-424b-9868-57a2d4851a1d" />
    <TestEntry testId="1cc28271-b997-a0c4-acac-5d20e85c3d4c" executionId="67dba4df-0438-46e1-b5d1-7447380dc27c" testListId="8c84fa94-04c1-424b-9868-57a2d4851a1d" />
    <TestEntry testId="8d58ef99-084a-4e32-e9ef-e1b551ca6d71" executionId="a4f093ba-d809-4147-a9f8-4ca32c2671ae" testListId="8c84fa94-04c1-424b-9868-57a2d4851a1d" />
    <TestEntry testId="50c87d0a-d189-d690-bbc2-ab1ddfa392e8" executionId="2c5c14e1-b00f-46fc-9b4b-545654b400fc" testListId="8c84fa94-04c1-424b-9868-57a2d4851a1d" />
    <TestEntry testId="d62d1d08-2bab-0ea3-4735-0ee8e10eda52" executionId="7a08e53d-a690-4798-be49-58c4b0b3ec99" testListId="8c84fa94-04c1-424b-9868-57a2d4851a1d" />
    <TestEntry testId="f942d4a4-8633-87db-298e-42f2fa7c9392" executionId="7f84c00d-2a0f-4942-96d2-5c6ba84b9eac" testListId="8c84fa94-04c1-424b-9868-57a2d4851a1d" />
    <TestEntry testId="7b73e410-2354-a38f-02a5-485b1b043c77" executionId="ecb3ed5e-e6e0-4274-ab64-da2d9edd8b4d" testListId="8c84fa94-04c1-424b-9868-57a2d4851a1d" />
    <TestEntry testId="7a68939a-5826-762c-3fbb-abfcdbbea6cb" executionId="1576caec-6bc7-4145-9028-142c4eec0b31" testListId="8c84fa94-04c1-424b-9868-57a2d4851a1d" />
    <TestEntry testId="551d54b6-681d-f443-aeab-217458226788" executionId="7370db07-bc82-42ef-b8d1-4b0e21f74e94" testListId="8c84fa94-04c1-424b-9868-57a2d4851a1d" />
    <TestEntry testId="54a75c51-8d4d-caf8-917f-203ccaf34af0" executionId="05de1b35-6b0b-4ee3-b691-2d9aaf728bea" testListId="8c84fa94-04c1-424b-9868-57a2d4851a1d" />
    <TestEntry testId="bb98d48f-39f1-e5a6-07ac-aaa963071019" executionId="2775adac-cec5-4792-878a-da887724f561" testListId="8c84fa94-04c1-424b-9868-57a2d4851a1d" />
    <TestEntry testId="a8501e94-dcc0-c3ab-bb78-7c3171ea4f60" executionId="010628d0-8270-4f00-b4b4-4bf9d653734f" testListId="8c84fa94-04c1-424b-9868-57a2d4851a1d" />
    <TestEntry testId="c034f2a2-0627-024b-600b-213e974863dd" executionId="70db6c2a-22fe-4e30-acd9-0b60dee9b02e" testListId="8c84fa94-04c1-424b-9868-57a2d4851a1d" />
    <TestEntry testId="e920f56a-0b37-2d49-0b71-4f1e3d73e719" executionId="89427972-681d-4e9e-9698-430ea012e902" testListId="8c84fa94-04c1-424b-9868-57a2d4851a1d" />
    <TestEntry testId="7495f446-927d-1090-9013-be90f428c35f" executionId="3ef56edb-748a-4dfc-b9eb-08ec29618120" testListId="8c84fa94-04c1-424b-9868-57a2d4851a1d" />
    <TestEntry testId="973da3e2-db08-7226-d1d0-ab5903d5a27c" executionId="11fc55dc-fd4d-476a-b8b2-6ea8802162fd" testListId="8c84fa94-04c1-424b-9868-57a2d4851a1d" />
    <TestEntry testId="4af9bcf1-acde-9e65-c564-874a7e977215" executionId="111db656-30d9-43ef-aa84-a189ddcc95cf" testListId="8c84fa94-04c1-424b-9868-57a2d4851a1d" />
    <TestEntry testId="6a685540-a16b-084a-f3e8-6f79fa6f2cb9" executionId="c5e9a0fe-2f09-4a89-9808-180098b11890" testListId="8c84fa94-04c1-424b-9868-57a2d4851a1d" />
    <TestEntry testId="cd11c779-d503-474d-6996-7deb8e83ef7c" executionId="2d168178-0982-43a1-ba67-9a5be37a674a" testListId="8c84fa94-04c1-424b-9868-57a2d4851a1d" />
    <TestEntry testId="d4105136-5ff7-5805-b6ad-670b47844a33" executionId="27d05f76-9875-4abb-b48d-11d16bfe49f7" testListId="8c84fa94-04c1-424b-9868-57a2d4851a1d" />
    <TestEntry testId="562887ea-c3c0-21bb-c6d8-acb783f5f026" executionId="83b0a322-a5a0-4e6e-8442-6c9b6e119233" testListId="8c84fa94-04c1-424b-9868-57a2d4851a1d" />
    <TestEntry testId="46c70a03-7488-75cd-69c8-299f35cbb453" executionId="c6d38372-8a8b-4bec-b952-eb75b8277796" testListId="8c84fa94-04c1-424b-9868-57a2d4851a1d" />
    <TestEntry testId="d6fc9504-489f-22c8-fa7e-00f69880a9b5" executionId="5912a1cb-eb42-4736-a9b5-162b8d455c6f" testListId="8c84fa94-04c1-424b-9868-57a2d4851a1d" />
    <TestEntry testId="f8f95137-9cf1-fa58-f6ed-984ad295dc1c" executionId="1aed0ca1-a8dc-4e8b-b535-5a35fca21d63" testListId="8c84fa94-04c1-424b-9868-57a2d4851a1d" />
    <TestEntry testId="68d7f39c-9fc7-4205-70b4-37482d3950bc" executionId="fbd41c7a-f915-4c59-a480-4671899f3746" testListId="8c84fa94-04c1-424b-9868-57a2d4851a1d" />
    <TestEntry testId="153070be-bba1-b0ef-a32a-b49172f5cb31" executionId="b343aa7d-1cad-4d42-9251-5b4646ee2f8e" testListId="8c84fa94-04c1-424b-9868-57a2d4851a1d" />
    <TestEntry testId="e1ef0800-7d91-0c17-a5d9-d8fc82e126c5" executionId="b23e0fdf-e2b6-4cff-85df-d187ac7b0f61" testListId="8c84fa94-04c1-424b-9868-57a2d4851a1d" />
    <TestEntry testId="fe0d5182-e5da-da8c-6876-76b75a37076a" executionId="13a00672-7443-4be3-aaee-e304d895003a" testListId="8c84fa94-04c1-424b-9868-57a2d4851a1d" />
    <TestEntry testId="9e504340-bccc-0822-37ad-6ad1b9bdde01" executionId="10d5b1f1-79e6-48cd-80f4-205f62cafc4d" testListId="8c84fa94-04c1-424b-9868-57a2d4851a1d" />
    <TestEntry testId="25197ed1-fd1d-4d8b-9412-d821112acda5" executionId="d1412e72-a220-469c-85fd-8da26d214909" testListId="8c84fa94-04c1-424b-9868-57a2d4851a1d" />
    <TestEntry testId="c352d5d6-06dd-a437-10f1-f5e9113edd55" executionId="b596b6f0-a545-4113-9717-e92e611015b1" testListId="8c84fa94-04c1-424b-9868-57a2d4851a1d" />
    <TestEntry testId="062798a3-fe35-0b33-1b3a-07e8b22b780d" executionId="239af1ed-11f3-4ef6-a41b-dd0a353600ae" testListId="8c84fa94-04c1-424b-9868-57a2d4851a1d" />
    <TestEntry testId="8022ed5e-a3d9-9ff2-b5de-b025f8305d5b" executionId="8dcc19a1-5555-4419-a01e-35d1b3edad45" testListId="8c84fa94-04c1-424b-9868-57a2d4851a1d" />
    <TestEntry testId="afa8081f-d162-97cc-6ef4-9e96a9187ae5" executionId="ecdca244-705f-4705-8804-555b4f0d5501" testListId="8c84fa94-04c1-424b-9868-57a2d4851a1d" />
    <TestEntry testId="0a4f1612-45d1-28d8-c8b6-b9b7595a0c9a" executionId="44e01b24-3c4f-47dd-aba8-f012283bb9e2" testListId="8c84fa94-04c1-424b-9868-57a2d4851a1d" />
    <TestEntry testId="5113ab05-40c2-45ca-50b8-c83dc4ba25d9" executionId="ec845660-670f-4c3b-8148-d86dfc391473" testListId="8c84fa94-04c1-424b-9868-57a2d4851a1d" />
    <TestEntry testId="0ca4595c-2858-6ef8-b24a-d3030b639ec9" executionId="dda7f4b3-b13c-41d8-a795-03207b70f139" testListId="8c84fa94-04c1-424b-9868-57a2d4851a1d" />
    <TestEntry testId="f498761b-6293-d67e-3043-9228e97944dd" executionId="54343a61-cee1-4fe2-b0d4-291998a6d030" testListId="8c84fa94-04c1-424b-9868-57a2d4851a1d" />
    <TestEntry testId="55f3fcbe-deca-f5b8-ccad-0112083a8c07" executionId="6926bb42-7a40-4764-8025-5ca4e0e39e2f" testListId="8c84fa94-04c1-424b-9868-57a2d4851a1d" />
    <TestEntry testId="294a9d1b-c1c9-a805-13e9-7ce36161763b" executionId="02a61763-72db-4a68-879f-6839ec851ea6" testListId="8c84fa94-04c1-424b-9868-57a2d4851a1d" />
    <TestEntry testId="ee5d77f9-38b1-178c-4f7b-b7ce538071ad" executionId="d4af5384-f470-42e0-8d83-b5585ac777e2" testListId="8c84fa94-04c1-424b-9868-57a2d4851a1d" />
    <TestEntry testId="ee043d82-ee75-8dd6-d0d0-1c565c22c2cf" executionId="b57a232e-7b56-4273-a75f-8fd9049499aa" testListId="8c84fa94-04c1-424b-9868-57a2d4851a1d" />
    <TestEntry testId="c904e79e-e4c3-a697-fb99-4dc64eeaa26e" executionId="f5965c60-6c65-4b68-8d7e-659689851180" testListId="8c84fa94-04c1-424b-9868-57a2d4851a1d" />
    <TestEntry testId="7ce9d53f-2d0b-fc60-732a-238c0ea2f2bd" executionId="72c78725-09f6-4542-939c-0c9f21af9fc6" testListId="8c84fa94-04c1-424b-9868-57a2d4851a1d" />
    <TestEntry testId="1afe229a-91e5-9f17-9d1c-496b6939cc17" executionId="fd5b50c1-c153-48f9-ac13-98f1df6baa2d" testListId="8c84fa94-04c1-424b-9868-57a2d4851a1d" />
    <TestEntry testId="23e69c4c-a513-4d1c-6bdb-78a5b44613b0" executionId="b72b731a-400d-4351-9939-6ef77cc23bdf" testListId="8c84fa94-04c1-424b-9868-57a2d4851a1d" />
    <TestEntry testId="6fd19911-cd67-b668-9e6e-49b859c00b22" executionId="d00f0219-bca9-41d7-8b0d-33a0342f0b34" testListId="8c84fa94-04c1-424b-9868-57a2d4851a1d" />
    <TestEntry testId="e375c1c7-bbfa-c0b6-1614-3a7e201208c2" executionId="83342c9a-ff42-41af-85c1-0a7bc75d8c2f" testListId="8c84fa94-04c1-424b-9868-57a2d4851a1d" />
    <TestEntry testId="d095eb33-a49a-2611-ce91-2b900da7ed59" executionId="676eac3e-1f3b-429a-b53b-8a750056ca06" testListId="8c84fa94-04c1-424b-9868-57a2d4851a1d" />
    <TestEntry testId="613180d2-5b60-6aed-3bfe-09fbb7c8dace" executionId="de1d84d2-0ee9-4f91-a0af-14fc1b0b6225" testListId="8c84fa94-04c1-424b-9868-57a2d4851a1d" />
    <TestEntry testId="9e8a854c-0092-eb44-2ca4-610c2940873d" executionId="5f840d80-25de-4522-906e-3890a16f32ff" testListId="8c84fa94-04c1-424b-9868-57a2d4851a1d" />
    <TestEntry testId="e1ccd704-04de-3100-ffd2-81e3f1e116e4" executionId="db2c61ff-1247-428c-853f-a3eaa094eed8" testListId="8c84fa94-04c1-424b-9868-57a2d4851a1d" />
    <TestEntry testId="f511a4b7-e70b-63e5-4da3-ca1ab3365c2b" executionId="ef17dfac-80ba-4f55-a0b7-9ea22aefd22a" testListId="8c84fa94-04c1-424b-9868-57a2d4851a1d" />
    <TestEntry testId="d70cf836-c284-00aa-185f-c22afffb9fef" executionId="cb4850bd-c7ab-4306-bdc5-6805f128e60a" testListId="8c84fa94-04c1-424b-9868-57a2d4851a1d" />
    <TestEntry testId="58472bb1-3b0a-d268-58b1-43068b387003" executionId="c9a36c39-e01b-4d4c-8681-d28c4be7504e" testListId="8c84fa94-04c1-424b-9868-57a2d4851a1d" />
    <TestEntry testId="89d0b032-d6e8-a22c-fe03-523fb8f92514" executionId="9f197ef7-ad4c-422c-b2a1-3862f304443d" testListId="8c84fa94-04c1-424b-9868-57a2d4851a1d" />
    <TestEntry testId="57f98cec-b259-a2a1-877e-f1e7d6ab5fe9" executionId="05aea901-dd4d-4613-ba1e-84a0e95575ec" testListId="8c84fa94-04c1-424b-9868-57a2d4851a1d" />
    <TestEntry testId="081a636f-454e-215b-904d-5389b85643ba" executionId="f5fb768a-fc36-4cee-b0cb-aface868b6b0" testListId="8c84fa94-04c1-424b-9868-57a2d4851a1d" />
    <TestEntry testId="ecb7e01c-8875-0162-5e57-1f6ce79ca1be" executionId="d73a5ecc-82e8-4d24-93a5-62b388ed5a20" testListId="8c84fa94-04c1-424b-9868-57a2d4851a1d" />
    <TestEntry testId="a8a27b57-92ec-e16d-bf81-16ece4771d5d" executionId="1b23ab31-5184-4142-aa6b-23d0284c54e9" testListId="8c84fa94-04c1-424b-9868-57a2d4851a1d" />
    <TestEntry testId="5059a668-0a51-9011-1802-0d25f7b5ab74" executionId="35a0dc69-1f40-4e88-be06-d71e046118a3" testListId="8c84fa94-04c1-424b-9868-57a2d4851a1d" />
    <TestEntry testId="8d3412bf-6767-e6da-e169-927660980ea1" executionId="2d7537ff-05c0-46af-8d4a-515f5952cefc" testListId="8c84fa94-04c1-424b-9868-57a2d4851a1d" />
    <TestEntry testId="0808f6e3-7aef-1099-401f-257cd159d52d" executionId="078ef8ee-4da3-48f0-b080-33610a0e14c7" testListId="8c84fa94-04c1-424b-9868-57a2d4851a1d" />
    <TestEntry testId="f27000da-d59b-ba28-8203-640bcde4680b" executionId="0fd7ef73-0366-44d9-93dc-e2f217fc267e" testListId="8c84fa94-04c1-424b-9868-57a2d4851a1d" />
    <TestEntry testId="f30258fc-d03c-c73b-4238-1809a85c31a8" executionId="acfc5c01-e5c2-4265-9b4c-c25ecdefb660" testListId="8c84fa94-04c1-424b-9868-57a2d4851a1d" />
    <TestEntry testId="a7ad3a0e-aaaa-445d-4c0b-429d9d294847" executionId="daa48e6e-10c8-417f-8949-009e6ec1247f" testListId="8c84fa94-04c1-424b-9868-57a2d4851a1d" />
    <TestEntry testId="5069de0f-4f1b-e87d-6947-4655c33378a9" executionId="b071c2ff-a703-4f38-b68b-e81eb29038c1" testListId="8c84fa94-04c1-424b-9868-57a2d4851a1d" />
    <TestEntry testId="02ed5a78-99ca-eea7-b43c-01156462503d" executionId="bece0545-d8c5-4a47-ab6f-b0686f934c71" testListId="8c84fa94-04c1-424b-9868-57a2d4851a1d" />
    <TestEntry testId="12723c50-90e7-4e00-65f1-372a3853cdf7" executionId="3c07e2e9-7d04-475d-b74b-6a41a267933a" testListId="8c84fa94-04c1-424b-9868-57a2d4851a1d" />
    <TestEntry testId="c1c075ec-308d-d880-f5a0-fd0dba02eeea" executionId="a58b3afb-972a-45ab-87dc-04ce2176a933" testListId="8c84fa94-04c1-424b-9868-57a2d4851a1d" />
    <TestEntry testId="4b6a102e-0d13-904e-ed61-fb2e7ede6bd7" executionId="3ab46c97-9c00-4038-a01d-df90673258f2" testListId="8c84fa94-04c1-424b-9868-57a2d4851a1d" />
    <TestEntry testId="7b1b24b5-a9f7-b2f7-2c12-3b58a4a5438c" executionId="7e7ac327-01cf-45d4-8eb8-f443ba9daa5e" testListId="8c84fa94-04c1-424b-9868-57a2d4851a1d" />
    <TestEntry testId="deaeeb7d-2092-8c55-4edc-b671b27e07b9" executionId="37fb2769-f497-4377-aa2a-5e46819263dd" testListId="8c84fa94-04c1-424b-9868-57a2d4851a1d" />
    <TestEntry testId="63b433ae-df81-96c3-f65e-c0855f087039" executionId="dd41ce00-ed3e-438b-b9ed-1ad56c69fa37" testListId="8c84fa94-04c1-424b-9868-57a2d4851a1d" />
    <TestEntry testId="2614f8f4-0d69-051c-9c93-3770f7dcf65c" executionId="b33f0118-16d1-47ee-8de3-860bb5902ec1" testListId="8c84fa94-04c1-424b-9868-57a2d4851a1d" />
    <TestEntry testId="addef208-10f9-5392-f412-72545109c498" executionId="cd387962-6162-444d-b080-5be59a809333" testListId="8c84fa94-04c1-424b-9868-57a2d4851a1d" />
    <TestEntry testId="084c72e5-171f-fc42-c188-9251fe6094f0" executionId="f31f45f7-827e-47f4-9ce6-761c00469bac" testListId="8c84fa94-04c1-424b-9868-57a2d4851a1d" />
    <TestEntry testId="0b5ed3ec-9c9e-b82d-8498-1fce9775308f" executionId="7857b12e-9864-4486-b5e5-29b2b1c69cd5" testListId="8c84fa94-04c1-424b-9868-57a2d4851a1d" />
    <TestEntry testId="1e0d6ab5-64bc-998d-dbd8-75f671b87a48" executionId="6436b843-c9c8-4594-9e34-246d40fd17be" testListId="8c84fa94-04c1-424b-9868-57a2d4851a1d" />
    <TestEntry testId="afa08d04-f41f-038b-35cf-20207adf6888" executionId="9c4cda8f-b543-4357-b562-12eef257d23c" testListId="8c84fa94-04c1-424b-9868-57a2d4851a1d" />
    <TestEntry testId="c0c6d272-4b77-39a2-74a5-8b50feeb0100" executionId="70bc1805-7250-4e7e-be55-d401847185f1" testListId="8c84fa94-04c1-424b-9868-57a2d4851a1d" />
    <TestEntry testId="f8b4a79c-ef4a-b499-bf04-deed5e087372" executionId="0568b26c-73ab-4943-8928-64780bf1558d" testListId="8c84fa94-04c1-424b-9868-57a2d4851a1d" />
    <TestEntry testId="d757edf8-a4b8-80f2-0527-569046fbff42" executionId="922d7f37-6f4b-4392-9d12-82c3e598b963" testListId="8c84fa94-04c1-424b-9868-57a2d4851a1d" />
    <TestEntry testId="99e54d33-4a40-ba15-5188-c7cc10e6293b" executionId="45930249-f4b3-4c6d-9460-0a6448fd6572" testListId="8c84fa94-04c1-424b-9868-57a2d4851a1d" />
    <TestEntry testId="ef7cc453-999d-033b-e33f-c8db4dfbea8c" executionId="297ff8b2-1762-43d5-984c-2136b9cf850a" testListId="8c84fa94-04c1-424b-9868-57a2d4851a1d" />
    <TestEntry testId="4bf892ed-55ff-bfb2-30a4-38da7ebe9ccb" executionId="69498779-6420-4546-87c1-613782703b3b" testListId="8c84fa94-04c1-424b-9868-57a2d4851a1d" />
    <TestEntry testId="28647eae-996c-9db4-f72c-38895a23c00d" executionId="feb9a503-9134-4d51-9f58-b130de9c12b6" testListId="8c84fa94-04c1-424b-9868-57a2d4851a1d" />
    <TestEntry testId="c5edca31-eb94-9e95-0f34-62295ab09157" executionId="d2745aa3-9072-4d1d-9702-054c47b0fd3a" testListId="8c84fa94-04c1-424b-9868-57a2d4851a1d" />
    <TestEntry testId="700ba829-37de-2953-2132-d00788663c1f" executionId="d41a6099-4070-418b-987d-8731f7378ebb" testListId="8c84fa94-04c1-424b-9868-57a2d4851a1d" />
    <TestEntry testId="2e3b53d7-156d-20bc-a001-6d9959b9b33e" executionId="9e16514d-cee0-4918-ab18-45cc8ff93197" testListId="8c84fa94-04c1-424b-9868-57a2d4851a1d" />
    <TestEntry testId="90eead86-0e73-6fd0-f06f-c2b13c5ad438" executionId="39759fc6-d84c-494b-adf2-4db75529c2bf" testListId="8c84fa94-04c1-424b-9868-57a2d4851a1d" />
    <TestEntry testId="45a9f9d9-f5e3-651e-cca8-8968f4f4328b" executionId="9e535ef7-e8a7-455b-83f5-79d8a321785d" testListId="8c84fa94-04c1-424b-9868-57a2d4851a1d" />
    <TestEntry testId="33e8ca68-73a4-d45c-089c-d049d86037fd" executionId="d38dcdfc-d99c-4975-be33-ce6b8796014e" testListId="8c84fa94-04c1-424b-9868-57a2d4851a1d" />
    <TestEntry testId="b91b762a-c4ea-67d6-889f-2292b8d91d7c" executionId="2d942f97-eb70-4ac3-89ef-f0a83d65c3b3" testListId="8c84fa94-04c1-424b-9868-57a2d4851a1d" />
    <TestEntry testId="d3dcdee5-67f3-e471-1e9a-6b5d69648acd" executionId="09b5f4af-fad3-4db6-b8a1-1b51b466ae94" testListId="8c84fa94-04c1-424b-9868-57a2d4851a1d" />
    <TestEntry testId="fa0b5eaf-883a-6047-2c31-d0e5255a86f9" executionId="594e97bd-9787-4191-95a5-ec40f81376c8" testListId="8c84fa94-04c1-424b-9868-57a2d4851a1d" />
    <TestEntry testId="5af10ea7-f1d6-e68e-8785-f52a450e2158" executionId="300f0fea-31e8-40e2-bc2e-5e173c324f74" testListId="8c84fa94-04c1-424b-9868-57a2d4851a1d" />
    <TestEntry testId="be15631c-4d60-c024-df8d-476bf4b8b5ab" executionId="5bd130df-c977-490a-9b69-b7970d647c74" testListId="8c84fa94-04c1-424b-9868-57a2d4851a1d" />
    <TestEntry testId="d7b1bc78-681c-1e09-6186-f4e5c9bb34cc" executionId="6f867a1c-bd2a-4c58-959b-7e127a80b9ce" testListId="8c84fa94-04c1-424b-9868-57a2d4851a1d" />
    <TestEntry testId="d26aca94-1370-fd03-c3db-9864b9d81383" executionId="c7354e0e-107e-4c46-976b-1a0fb3388c7e" testListId="8c84fa94-04c1-424b-9868-57a2d4851a1d" />
    <TestEntry testId="cfe3f517-13fb-b20b-4de1-85b6fafa2873" executionId="c64306de-e693-485a-8311-320b54da5e98" testListId="8c84fa94-04c1-424b-9868-57a2d4851a1d" />
    <TestEntry testId="b31d4a7d-6e3e-204f-09ca-813789348f34" executionId="9f4f0709-e461-41ee-b8c6-03f8b7a88b43" testListId="8c84fa94-04c1-424b-9868-57a2d4851a1d" />
    <TestEntry testId="6a7bd16d-c097-689c-529c-3b304a8b234b" executionId="6ec57162-29ed-4e26-acd1-c844bbec5bfb" testListId="8c84fa94-04c1-424b-9868-57a2d4851a1d" />
    <TestEntry testId="01eeb2ee-8cb5-4559-33ee-4b4e1a315c50" executionId="26c02312-4be5-4721-b728-46c75e175e8a" testListId="8c84fa94-04c1-424b-9868-57a2d4851a1d" />
    <TestEntry testId="da18e6f6-9125-b235-08f5-f98e3a349ef3" executionId="fdef5871-bcba-4864-b3af-6d541d251564" testListId="8c84fa94-04c1-424b-9868-57a2d4851a1d" />
    <TestEntry testId="ecfc1719-7276-0755-9f5f-43bd208b35f9" executionId="8a152a46-5ce8-4e8f-9f4c-14699d384b9f" testListId="8c84fa94-04c1-424b-9868-57a2d4851a1d" />
    <TestEntry testId="3d59df25-b6bb-e5e2-02a8-692436cf72f4" executionId="a7d76b21-bc55-4ce5-b570-3c9689662f74" testListId="8c84fa94-04c1-424b-9868-57a2d4851a1d" />
    <TestEntry testId="f81dbebf-164f-defa-51f8-879ab4c76cfe" executionId="287915b1-f1da-4fb0-9e45-37f67e82a59c" testListId="8c84fa94-04c1-424b-9868-57a2d4851a1d" />
    <TestEntry testId="c547623b-806a-9548-7cbb-0869993d3d03" executionId="e8021f1b-eca9-469e-8190-0bddb3cdd19c" testListId="8c84fa94-04c1-424b-9868-57a2d4851a1d" />
    <TestEntry testId="fba5a83d-9c1b-e554-aa01-cb9d9c1048dc" executionId="bc086ff0-406b-4cc0-8918-dad748f4c0fb" testListId="8c84fa94-04c1-424b-9868-57a2d4851a1d" />
    <TestEntry testId="5aa87a31-0c63-4a54-0dda-f31e524bdf9c" executionId="7bfce234-af89-4f6a-82b7-6bf6507ce2ed" testListId="8c84fa94-04c1-424b-9868-57a2d4851a1d" />
    <TestEntry testId="9e89013f-7a94-19ae-e75e-3146737b5f64" executionId="7fa46458-4a44-41ce-863f-5ca2a838db7d" testListId="8c84fa94-04c1-424b-9868-57a2d4851a1d" />
    <TestEntry testId="516dc689-2f41-d14b-1da3-144573d5f036" executionId="3600b564-e72e-4b60-8d62-a9a7cbce4bcd" testListId="8c84fa94-04c1-424b-9868-57a2d4851a1d" />
    <TestEntry testId="7ff85347-7a68-6f14-c1f5-7e9012640ac5" executionId="7af1828a-2378-4039-99d4-72a66a3fa9c6" testListId="8c84fa94-04c1-424b-9868-57a2d4851a1d" />
    <TestEntry testId="6c29bfaa-8ed9-53a4-9d4b-f4b57e34c81a" executionId="992f4899-a34f-4e3f-9a6d-65c674fd77da" testListId="8c84fa94-04c1-424b-9868-57a2d4851a1d" />
    <TestEntry testId="2f3c07f0-b5a2-7948-a927-c6efda8d56ff" executionId="3b17500b-683f-417a-9434-7bb95dc03016" testListId="8c84fa94-04c1-424b-9868-57a2d4851a1d" />
    <TestEntry testId="077ca8cd-ba3f-6952-3997-ebd99d4b3913" executionId="b4508028-41f0-435f-8c04-25eb87f9efe3" testListId="8c84fa94-04c1-424b-9868-57a2d4851a1d" />
    <TestEntry testId="29e41a2d-78d6-aa95-1dd2-130210d07156" executionId="f930e8f5-3996-445b-b8c0-b69c391a298e" testListId="8c84fa94-04c1-424b-9868-57a2d4851a1d" />
    <TestEntry testId="bf6b156c-7fda-b383-e492-3b5c80e66a66" executionId="6f44c932-e425-4bc3-9af4-bb57713f69c3" testListId="8c84fa94-04c1-424b-9868-57a2d4851a1d" />
    <TestEntry testId="a2b67a76-ec06-c2c8-63a1-5696df741fbe" executionId="3bb7fda9-681d-4eb2-b929-12e92b8e66ea" testListId="8c84fa94-04c1-424b-9868-57a2d4851a1d" />
    <TestEntry testId="4606858d-5ef7-5cec-8eb0-c7ee6d92d20e" executionId="705655d7-19f4-4b0b-8baa-f4f4414248f3" testListId="8c84fa94-04c1-424b-9868-57a2d4851a1d" />
    <TestEntry testId="09b1b398-8523-dc07-7892-7accd15772db" executionId="faf3278a-006f-4b5d-ac2a-8c71e4f059be" testListId="8c84fa94-04c1-424b-9868-57a2d4851a1d" />
    <TestEntry testId="db0a8778-49fe-3f19-773c-87cec84da952" executionId="5238d1d8-d7b6-419d-a0ff-0670f79bfdde" testListId="8c84fa94-04c1-424b-9868-57a2d4851a1d" />
    <TestEntry testId="a8e6640a-f3a0-d991-4aee-20dd36bc4a0c" executionId="886279de-2fc7-4624-8e8a-e53cace462db" testListId="8c84fa94-04c1-424b-9868-57a2d4851a1d" />
    <TestEntry testId="ea9f4b25-e29d-759a-3941-9fd5811071b5" executionId="51f64b5e-808c-4ff5-ac7f-de3b8e397d53" testListId="8c84fa94-04c1-424b-9868-57a2d4851a1d" />
    <TestEntry testId="b3c3624a-ff0a-9212-7435-e0baae175720" executionId="717b8f0c-7f15-4b19-b435-5d6c88091bfc" testListId="8c84fa94-04c1-424b-9868-57a2d4851a1d" />
    <TestEntry testId="5d647d48-fc1b-9d7b-ab50-41532dee2193" executionId="aad4a2e1-49ad-4a34-a049-8eee284806f3" testListId="8c84fa94-04c1-424b-9868-57a2d4851a1d" />
    <TestEntry testId="09b0023a-34e6-990d-c9f4-ffccecd7bf7a" executionId="6a42117c-28b5-416e-a745-ef787c5452c9" testListId="8c84fa94-04c1-424b-9868-57a2d4851a1d" />
    <TestEntry testId="fb4e10d9-e98d-e6aa-6082-97da8c870e71" executionId="d914e27b-f811-4723-914f-d71b8207d40a" testListId="8c84fa94-04c1-424b-9868-57a2d4851a1d" />
    <TestEntry testId="a9db10be-e017-82fa-fe1c-a1f2a018bd5f" executionId="c4d6eb26-5e98-4f98-b867-c17520fed97c" testListId="8c84fa94-04c1-424b-9868-57a2d4851a1d" />
    <TestEntry testId="8bd02fa4-b18a-5c4c-7475-a4555f1d45d7" executionId="822c8aee-da10-4a27-9fb9-533a57e156a3" testListId="8c84fa94-04c1-424b-9868-57a2d4851a1d" />
    <TestEntry testId="e67596df-b676-33c2-c5f6-176e5bf5d695" executionId="180b9379-4450-406d-a335-9c9037839397" testListId="8c84fa94-04c1-424b-9868-57a2d4851a1d" />
    <TestEntry testId="56dbde79-7ad9-51e5-588c-117858fb120d" executionId="93b7cefa-1ac4-4d28-ae47-22497ceb728f" testListId="8c84fa94-04c1-424b-9868-57a2d4851a1d" />
    <TestEntry testId="9cf285bc-3ade-53e8-d9ef-ec133b5e59fb" executionId="897f0fae-c005-4ea0-9e86-c3e87d316f0c" testListId="8c84fa94-04c1-424b-9868-57a2d4851a1d" />
    <TestEntry testId="9b400210-a141-437d-721f-db9a3ccc04d7" executionId="623f4e95-2960-4d3b-b129-ade68f63277a" testListId="8c84fa94-04c1-424b-9868-57a2d4851a1d" />
    <TestEntry testId="d272706f-e223-448a-56be-95b9cd533746" executionId="f559e388-0ca1-4b56-a2bf-ffa90f2d63ff" testListId="8c84fa94-04c1-424b-9868-57a2d4851a1d" />
    <TestEntry testId="1582e19a-7cff-5982-c03a-0cc5b75a41ae" executionId="75695bd4-77e2-4b66-b97c-7e8183c28d6a" testListId="8c84fa94-04c1-424b-9868-57a2d4851a1d" />
    <TestEntry testId="df3f8095-1db8-5960-9d5a-5df8da02a8c0" executionId="e0e66dc0-774d-4796-83ac-c5bab4a4d78e" testListId="8c84fa94-04c1-424b-9868-57a2d4851a1d" />
    <TestEntry testId="52c390ca-a5a3-6cae-1bb0-6c9ff545780c" executionId="65cac623-2988-4643-8125-47991cf37125" testListId="8c84fa94-04c1-424b-9868-57a2d4851a1d" />
    <TestEntry testId="a9af5c4e-ad84-9799-ca0d-e84e9806e9ab" executionId="522e91ee-61df-4ae6-b4fb-d98f4233115b" testListId="8c84fa94-04c1-424b-9868-57a2d4851a1d" />
    <TestEntry testId="91a2a143-242a-bb6d-11fc-1d2760c37783" executionId="f30f20c4-cde2-4eca-9cda-cc5ae573c929" testListId="8c84fa94-04c1-424b-9868-57a2d4851a1d" />
    <TestEntry testId="b07700c8-b0a5-b8e5-7186-67a82681f9b0" executionId="dbef6c24-b14e-4092-970f-db6084a50e87" testListId="8c84fa94-04c1-424b-9868-57a2d4851a1d" />
    <TestEntry testId="62fc09a7-653a-b801-8dde-a348481734d3" executionId="9353f8e1-37a4-407f-960a-df54cd43c0b0" testListId="8c84fa94-04c1-424b-9868-57a2d4851a1d" />
    <TestEntry testId="bd7a0bea-1ba2-cd1d-8981-af744c2d8bbc" executionId="edabc383-2b82-4ed5-b8db-7de23c443e96" testListId="8c84fa94-04c1-424b-9868-57a2d4851a1d" />
    <TestEntry testId="7daa6422-1304-072b-cace-cd5d756167b4" executionId="44ab83c2-074c-4c18-a32d-7055e9347300" testListId="8c84fa94-04c1-424b-9868-57a2d4851a1d" />
    <TestEntry testId="7dba6f73-f275-3e39-ae6a-a9309be88d61" executionId="f2bca715-d047-4482-9bfe-fd08360c835d" testListId="8c84fa94-04c1-424b-9868-57a2d4851a1d" />
    <TestEntry testId="224e82eb-55f7-97f8-77f0-65b76c6b8a36" executionId="3ea5270f-9a97-4bf9-9197-a7546cad1c15" testListId="8c84fa94-04c1-424b-9868-57a2d4851a1d" />
    <TestEntry testId="a2b21ae5-c2cf-e12c-63b2-7b04f2731c9f" executionId="9055e26c-57e5-430c-99f3-1f00a1370369" testListId="8c84fa94-04c1-424b-9868-57a2d4851a1d" />
    <TestEntry testId="14c803b2-f71b-ae89-a3dd-09ff29eb484c" executionId="00807926-da8c-46a2-84f7-5936e6fade3f" testListId="8c84fa94-04c1-424b-9868-57a2d4851a1d" />
    <TestEntry testId="65f95b25-d4d5-c8d5-1fbd-99207548a370" executionId="36428803-00e1-4fa6-a295-6673ea21a38a" testListId="8c84fa94-04c1-424b-9868-57a2d4851a1d" />
    <TestEntry testId="2eba2dd1-a21d-dc89-99a3-44834cf7910f" executionId="64d88334-7c39-426f-8569-b21cf129922d" testListId="8c84fa94-04c1-424b-9868-57a2d4851a1d" />
    <TestEntry testId="c0ef9fc4-16dc-2613-6adc-e3c62183eec3" executionId="f77cffaa-0206-476a-82c3-8d3a35e9df07" testListId="8c84fa94-04c1-424b-9868-57a2d4851a1d" />
    <TestEntry testId="db4873b4-8ca5-9fb2-a9ea-5ad5af01db8f" executionId="8f2e2724-1424-41b9-90ee-0bab1ebbd5ea" testListId="8c84fa94-04c1-424b-9868-57a2d4851a1d" />
    <TestEntry testId="e3e8b614-8baa-4b5c-1f86-096f6741534b" executionId="727c1203-648c-4751-8ea9-eca69a047c69" testListId="8c84fa94-04c1-424b-9868-57a2d4851a1d" />
    <TestEntry testId="7dedc74d-7035-3e95-ad83-1174f702e5c9" executionId="4317af39-c75d-4fdf-88a1-2631f2893ed4" testListId="8c84fa94-04c1-424b-9868-57a2d4851a1d" />
    <TestEntry testId="d9ae89a1-f06f-db31-d0a6-a765a99f3b83" executionId="51c93873-b475-4811-b254-365dab05aba6" testListId="8c84fa94-04c1-424b-9868-57a2d4851a1d" />
    <TestEntry testId="9c3b9965-913b-c790-19ca-f26c000b4b73" executionId="2342e060-b509-4bb6-95db-6fccbeb70d89" testListId="8c84fa94-04c1-424b-9868-57a2d4851a1d" />
    <TestEntry testId="451f1840-27e9-0fb0-4e55-6d7b121fec72" executionId="f2d2a3a1-ae76-491d-9009-3e2983b88ae1" testListId="8c84fa94-04c1-424b-9868-57a2d4851a1d" />
    <TestEntry testId="eefe52b9-17ca-d2a9-cd96-9ba0dbe13094" executionId="c1c5215c-56c4-4a3d-a53b-5094356fd5e1" testListId="8c84fa94-04c1-424b-9868-57a2d4851a1d" />
    <TestEntry testId="f75174cc-5ef4-7519-defa-0b5091194f1c" executionId="93618533-496e-426f-b716-403a55a2fd7d" testListId="8c84fa94-04c1-424b-9868-57a2d4851a1d" />
    <TestEntry testId="d57743b1-f9fa-51d2-a3c8-202cfcb8f455" executionId="b7e7765e-7bdd-432d-a0d4-513d0035c052" testListId="8c84fa94-04c1-424b-9868-57a2d4851a1d" />
    <TestEntry testId="520dffb9-0fdf-84b1-a5bd-679edba30b87" executionId="96b84a9e-2ac3-425b-b2ac-25e1f9efce0f" testListId="8c84fa94-04c1-424b-9868-57a2d4851a1d" />
    <TestEntry testId="adab9dd9-14b1-ebfd-c30e-5ce3e2dcea2c" executionId="9f5382ca-3c0a-486d-a7f2-fef4c89ec8f5" testListId="8c84fa94-04c1-424b-9868-57a2d4851a1d" />
    <TestEntry testId="9203aeff-77d3-dfc6-264d-c743bdae5878" executionId="3694163e-9794-4215-9f6b-44bb87a74eaa" testListId="8c84fa94-04c1-424b-9868-57a2d4851a1d" />
    <TestEntry testId="476cfd16-6578-7586-d480-774320466a23" executionId="6dc03552-485a-4c5f-9ac7-268fb0c6780c" testListId="8c84fa94-04c1-424b-9868-57a2d4851a1d" />
    <TestEntry testId="0291d35f-5064-ac43-448d-273402ed5848" executionId="a274af71-479d-459f-adbc-25fdc156704c" testListId="8c84fa94-04c1-424b-9868-57a2d4851a1d" />
    <TestEntry testId="73785c90-d26d-1069-1b1c-95f5ac81a427" executionId="6e9c3b19-d849-4742-aedb-b17f76bcd435" testListId="8c84fa94-04c1-424b-9868-57a2d4851a1d" />
    <TestEntry testId="ce693e03-0cc0-9acc-907b-ac7a4ad1d412" executionId="ac88dd6e-6898-4956-baa6-e98a909c09e8" testListId="8c84fa94-04c1-424b-9868-57a2d4851a1d" />
    <TestEntry testId="342c8403-47c8-07c5-ebd6-22a1b2e68846" executionId="a81ad0fa-4bbe-4582-b899-7a1653dc7181" testListId="8c84fa94-04c1-424b-9868-57a2d4851a1d" />
    <TestEntry testId="47a251d5-aeb7-2a65-8a91-0f82a973fe48" executionId="d8e15057-49b4-4447-bd79-8165ae42901b" testListId="8c84fa94-04c1-424b-9868-57a2d4851a1d" />
    <TestEntry testId="37d69a24-c463-0d93-cfe8-b073586346b0" executionId="f7f862cd-9ffb-40bd-8a52-5c3ada197105" testListId="8c84fa94-04c1-424b-9868-57a2d4851a1d" />
    <TestEntry testId="aef87c73-76fd-014d-6bb8-aa1b563b6c34" executionId="deb60304-b819-405b-a5f7-9484c58c4bde" testListId="8c84fa94-04c1-424b-9868-57a2d4851a1d" />
    <TestEntry testId="b28b4911-d9e0-67fa-446c-ad3998cd2e38" executionId="51951546-39b2-4fe1-98b7-ee579e766329" testListId="8c84fa94-04c1-424b-9868-57a2d4851a1d" />
    <TestEntry testId="6b861c65-505d-ec8d-f47b-24ca5d4aa2ab" executionId="565bb975-f336-4850-9a4a-b0a198dc4215" testListId="8c84fa94-04c1-424b-9868-57a2d4851a1d" />
    <TestEntry testId="c9d4c11e-8553-75d8-e726-0ba6a993a772" executionId="5b38d359-2d8f-4f26-a283-13ea4ddee2e0" testListId="8c84fa94-04c1-424b-9868-57a2d4851a1d" />
    <TestEntry testId="56a5b933-47bc-02cd-316a-9e80e9843c0a" executionId="993b67fa-e991-47c1-a68f-bae65e987567" testListId="8c84fa94-04c1-424b-9868-57a2d4851a1d" />
    <TestEntry testId="656417e6-40c5-84be-1b47-18547842be94" executionId="fef55350-7b1f-4396-87b1-f10c9010d1b7" testListId="8c84fa94-04c1-424b-9868-57a2d4851a1d" />
    <TestEntry testId="a3df7129-3711-4ec0-b2ad-cdd199c76fe8" executionId="c023883d-d196-45fb-8a8d-6358f085afb0" testListId="8c84fa94-04c1-424b-9868-57a2d4851a1d" />
    <TestEntry testId="87d381b3-7e4d-64c9-aa0a-f63e748f8da6" executionId="34bec22f-42b8-41ee-aa97-9a3f7f9a5af6" testListId="8c84fa94-04c1-424b-9868-57a2d4851a1d" />
    <TestEntry testId="f2042b35-a4ba-43fa-ef43-b594331fdca8" executionId="5b83d2b5-6db1-4ab1-9972-aaa64ec41687" testListId="8c84fa94-04c1-424b-9868-57a2d4851a1d" />
    <TestEntry testId="36d02c61-2995-8915-acd9-f7f8158f0e35" executionId="5fd29b6c-9b6e-4d75-89d3-ca388e5ec443" testListId="8c84fa94-04c1-424b-9868-57a2d4851a1d" />
    <TestEntry testId="4cf90afb-4e86-d1f2-89a8-0cdb5883f62c" executionId="8e611785-9eb8-4182-ab56-fe00128d9289" testListId="8c84fa94-04c1-424b-9868-57a2d4851a1d" />
    <TestEntry testId="b0f6e141-9066-1cd1-b69e-54e5d25c7f5d" executionId="821853af-7fa6-47ed-b467-3ce804e6d219" testListId="8c84fa94-04c1-424b-9868-57a2d4851a1d" />
    <TestEntry testId="703a82cd-a053-7071-e9b5-78c609295e9a" executionId="7b3d20ae-e0b7-4375-ba3a-6f175348406d" testListId="8c84fa94-04c1-424b-9868-57a2d4851a1d" />
    <TestEntry testId="f9136ea6-a3ae-c3e3-9f87-ae9ca56321c2" executionId="05c22dbb-9849-409f-abf2-20a3f4f3e9d0" testListId="8c84fa94-04c1-424b-9868-57a2d4851a1d" />
    <TestEntry testId="c0239334-ad69-e287-6213-be0f7bf73f00" executionId="22e953d6-1191-4a28-97e7-ea0340deb439" testListId="8c84fa94-04c1-424b-9868-57a2d4851a1d" />
    <TestEntry testId="f3bffc75-673d-2c98-f07d-50a240217433" executionId="fab48c7d-01e1-4abc-893a-21338bd104d6" testListId="8c84fa94-04c1-424b-9868-57a2d4851a1d" />
    <TestEntry testId="e81b95ba-eaaf-3783-91e5-35fd40ee9e51" executionId="820a932c-439f-45a6-b0aa-d912579f7a75" testListId="8c84fa94-04c1-424b-9868-57a2d4851a1d" />
    <TestEntry testId="513d8645-8db3-80bb-1646-d239f967ea1b" executionId="7ebeab33-3079-4f48-805a-f3484ac7d5b5" testListId="8c84fa94-04c1-424b-9868-57a2d4851a1d" />
    <TestEntry testId="69d7ff9a-81ef-0d9e-a9ac-f7dae1aa5a1b" executionId="71343bb9-6533-4926-805d-4592fe50f33f" testListId="8c84fa94-04c1-424b-9868-57a2d4851a1d" />
    <TestEntry testId="c4d7c67b-f207-44d5-26a7-e64dff809302" executionId="0ec62c2f-5808-40c1-9de4-b58f483ac840" testListId="8c84fa94-04c1-424b-9868-57a2d4851a1d" />
    <TestEntry testId="2f10a8e2-870c-fb0a-2efe-4e3f000af2eb" executionId="31d5c340-206b-489b-862f-19e94eea270a" testListId="8c84fa94-04c1-424b-9868-57a2d4851a1d" />
    <TestEntry testId="b7bb3c25-c731-3bd1-1366-6c44c19e9ca8" executionId="95b678f6-0469-44b9-b603-b00082043611" testListId="8c84fa94-04c1-424b-9868-57a2d4851a1d" />
    <TestEntry testId="6f16d8aa-7f38-e639-bc75-1c27c0ed8528" executionId="46ac9454-8374-4c57-80ce-fc926a677748" testListId="8c84fa94-04c1-424b-9868-57a2d4851a1d" />
    <TestEntry testId="5c9e1a1f-8c40-b564-d2b0-0db3a277476e" executionId="4e8a7cdd-cc26-426e-a0e8-074e0a83377a" testListId="8c84fa94-04c1-424b-9868-57a2d4851a1d" />
    <TestEntry testId="23ce9303-9f8d-ff11-56ff-fbd2d8055699" executionId="f2644255-1f1a-4a05-b2ac-5cec390adeea" testListId="8c84fa94-04c1-424b-9868-57a2d4851a1d" />
    <TestEntry testId="18791323-6e9e-6cda-c5ff-1c5db1122519" executionId="7623299c-6c05-4a2e-a835-601e33fb918c" testListId="8c84fa94-04c1-424b-9868-57a2d4851a1d" />
    <TestEntry testId="df42c3bd-8b30-ef9d-f6e5-9fdf5921eb91" executionId="1ec4fc05-3522-4e7d-9af6-d7612bb94b9d" testListId="8c84fa94-04c1-424b-9868-57a2d4851a1d" />
    <TestEntry testId="fe39447e-9c50-77db-b7e3-e3ec82061c38" executionId="160ab8de-03b9-4088-96c5-2d58b67a6c3d" testListId="8c84fa94-04c1-424b-9868-57a2d4851a1d" />
    <TestEntry testId="2d80112e-770a-cbf1-c042-6fa74ab5027d" executionId="96a319f5-bb4e-4823-b4cf-39b7699a7669" testListId="8c84fa94-04c1-424b-9868-57a2d4851a1d" />
    <TestEntry testId="348fa6de-6df7-ddea-08d7-bee4351a7bb5" executionId="44657aaf-830d-4ca0-ae03-2d846f0acbc5" testListId="8c84fa94-04c1-424b-9868-57a2d4851a1d" />
    <TestEntry testId="83f905aa-4d31-5ba4-00bb-c0e1c5d03460" executionId="705cf0ff-e93e-4944-8dda-6b6098fdbcae" testListId="8c84fa94-04c1-424b-9868-57a2d4851a1d" />
    <TestEntry testId="5cdaab11-5d7b-28a7-1c4c-85f983e180aa" executionId="7c635f32-4869-4e9d-9e79-39835879c909" testListId="8c84fa94-04c1-424b-9868-57a2d4851a1d" />
    <TestEntry testId="056f9bcc-0941-f6b6-cfc7-2d35da19b82b" executionId="09f663a4-5270-47c7-ab5c-feb30c12feb5" testListId="8c84fa94-04c1-424b-9868-57a2d4851a1d" />
    <TestEntry testId="7a71f113-6840-88ff-7b2b-91db7f95638b" executionId="53a746da-fc80-4f27-a555-06a49b5836f0" testListId="8c84fa94-04c1-424b-9868-57a2d4851a1d" />
    <TestEntry testId="332b2b6d-7067-2a1f-f693-37c21c0797b4" executionId="f4082e44-b9bc-4c37-a000-0d2c2299a5b4" testListId="8c84fa94-04c1-424b-9868-57a2d4851a1d" />
    <TestEntry testId="7d0b214c-f885-8a76-75db-62a306431a91" executionId="396209ee-c100-4ed2-a884-6f5694eb259f" testListId="8c84fa94-04c1-424b-9868-57a2d4851a1d" />
    <TestEntry testId="d6c16dfe-5f1f-f69a-6105-33328aa5a8c7" executionId="b18cd66e-570e-4bdd-8e14-70841387d61b" testListId="8c84fa94-04c1-424b-9868-57a2d4851a1d" />
    <TestEntry testId="342ee0a7-813f-a190-4010-16d7e44c2ef7" executionId="ee29e664-c005-4ed2-9346-e37f4b0bb651" testListId="8c84fa94-04c1-424b-9868-57a2d4851a1d" />
    <TestEntry testId="5fa3aa10-c6da-0c0c-9a85-7727201a0c95" executionId="fcb87394-5f16-4503-944c-9ce62f8254dd" testListId="8c84fa94-04c1-424b-9868-57a2d4851a1d" />
    <TestEntry testId="57677cec-2844-cd76-16d3-373e02b654e4" executionId="3af2b57c-ef22-454b-b11a-0b29809f0002" testListId="8c84fa94-04c1-424b-9868-57a2d4851a1d" />
    <TestEntry testId="e5008ab8-1c04-c9e4-e887-6ae4ae3f7e48" executionId="4728fcb2-9d09-47d5-9bdc-6ac13cc86f35" testListId="8c84fa94-04c1-424b-9868-57a2d4851a1d" />
    <TestEntry testId="2ab62988-1d43-53af-0a12-e6ac28190360" executionId="9698dbfc-39f5-4012-a844-33e2365d91be" testListId="8c84fa94-04c1-424b-9868-57a2d4851a1d" />
    <TestEntry testId="1a1a5eed-fabb-7458-2201-90539c4d50f2" executionId="5fd74167-4626-45bc-a1b4-11d36d5d6264" testListId="8c84fa94-04c1-424b-9868-57a2d4851a1d" />
    <TestEntry testId="4a0b142f-a3e6-de99-d320-e99f30bc5f07" executionId="291f341e-0e01-4cef-a05c-c862743789e2" testListId="8c84fa94-04c1-424b-9868-57a2d4851a1d" />
    <TestEntry testId="86853b7a-647c-8c3a-665a-b9ef44a37b33" executionId="e116b325-e3c6-45c5-b602-5696809294f1" testListId="8c84fa94-04c1-424b-9868-57a2d4851a1d" />
    <TestEntry testId="deeef6be-dc45-e112-42b7-51c421a6cb6e" executionId="0d88e75a-6979-4d23-913b-01cb7aa48b4d" testListId="8c84fa94-04c1-424b-9868-57a2d4851a1d" />
    <TestEntry testId="ec3e59d4-312e-7306-76f3-951249f2ab3a" executionId="826b1fac-b88d-41b8-9a71-628a89385f43" testListId="8c84fa94-04c1-424b-9868-57a2d4851a1d" />
    <TestEntry testId="782b9842-870c-d624-01b6-ce5abf75a4ed" executionId="1ed86caf-1947-477f-bd8f-1f785818fed0" testListId="8c84fa94-04c1-424b-9868-57a2d4851a1d" />
    <TestEntry testId="cc89a127-5505-19cc-8892-962075b9cf8d" executionId="655e5d61-3d50-4e70-b7f9-133109c87b48" testListId="8c84fa94-04c1-424b-9868-57a2d4851a1d" />
    <TestEntry testId="5cab7f57-5233-7e09-ebac-0828fb12a8a8" executionId="acd0f35c-a31b-4622-b5b3-57043790a2d3" testListId="8c84fa94-04c1-424b-9868-57a2d4851a1d" />
    <TestEntry testId="72a9edc5-08f6-d211-abda-4cf98a859058" executionId="da854c32-983c-4756-b378-d03643db0100" testListId="8c84fa94-04c1-424b-9868-57a2d4851a1d" />
    <TestEntry testId="ad930378-21dd-7884-21c5-ea36345cfe81" executionId="0020f34c-ff52-4f4d-9042-2f2cd64a910f" testListId="8c84fa94-04c1-424b-9868-57a2d4851a1d" />
    <TestEntry testId="45245268-4dff-831e-b0b1-3da0e0269589" executionId="88210458-3665-478d-8eb9-81ace0b53cd9" testListId="8c84fa94-04c1-424b-9868-57a2d4851a1d" />
    <TestEntry testId="4f8a7bcf-dd68-e70a-a234-f98a83a52a32" executionId="40ec5495-c601-41d7-a24c-4c7df712c0a5" testListId="8c84fa94-04c1-424b-9868-57a2d4851a1d" />
    <TestEntry testId="06de0611-24a9-dc17-cb2f-51e72aa2b9ff" executionId="c38a064e-7695-4480-895f-cf47af78a0a6" testListId="8c84fa94-04c1-424b-9868-57a2d4851a1d" />
    <TestEntry testId="2f54f209-3553-d225-09c8-5a1b4e476e94" executionId="354f8af9-56e3-40f3-bec8-bc6035927076" testListId="8c84fa94-04c1-424b-9868-57a2d4851a1d" />
    <TestEntry testId="2c829aec-1ce9-bdf5-1392-10a3c0f2df05" executionId="ae5016a3-b56e-4e71-8037-e309b702ff68" testListId="8c84fa94-04c1-424b-9868-57a2d4851a1d" />
    <TestEntry testId="1d697c71-8e74-9224-b68c-a48e0c2fe4e2" executionId="2da5931e-9057-473b-861e-7034d633b766" testListId="8c84fa94-04c1-424b-9868-57a2d4851a1d" />
    <TestEntry testId="e25f273b-0319-0a21-7bbf-9a765bf1f042" executionId="c2938c77-90b9-4eeb-ae6c-30f1e23104c7" testListId="8c84fa94-04c1-424b-9868-57a2d4851a1d" />
    <TestEntry testId="3e0ecca9-4f19-4782-f12b-7b9592bc12ab" executionId="f7380839-ac7b-497f-88cf-45f093007a77" testListId="8c84fa94-04c1-424b-9868-57a2d4851a1d" />
    <TestEntry testId="9df098ee-9fa0-bc17-bf98-8d98bb1d7ffb" executionId="2c7f9d62-a9cd-4e2d-a439-9db8fd96bdcb" testListId="8c84fa94-04c1-424b-9868-57a2d4851a1d" />
    <TestEntry testId="49b528af-bffc-c927-5114-d088d494fdd1" executionId="5c1d403a-3215-40e7-9f7c-ba34b8e82bed" testListId="8c84fa94-04c1-424b-9868-57a2d4851a1d" />
    <TestEntry testId="b581cf07-6f22-d7a1-9014-30aa991e7881" executionId="891fa7e7-4498-4f33-8dc3-c374e7b8e93a" testListId="8c84fa94-04c1-424b-9868-57a2d4851a1d" />
    <TestEntry testId="dd762876-e74b-2380-8746-d074a4943007" executionId="f16c4337-256d-4c3d-90d3-fd63b490ffba" testListId="8c84fa94-04c1-424b-9868-57a2d4851a1d" />
    <TestEntry testId="7850050a-b17a-c0d4-07e0-9f3fd6f053d1" executionId="93e32c55-73c1-4488-9f07-af7f563eff45" testListId="8c84fa94-04c1-424b-9868-57a2d4851a1d" />
    <TestEntry testId="0f3fcd57-e530-ebe7-140d-8abd1c72ca9f" executionId="4c0527f8-9e86-48f1-9a43-2d5beddb3aac" testListId="8c84fa94-04c1-424b-9868-57a2d4851a1d" />
    <TestEntry testId="4d44c837-affa-8346-a367-ca8a47875fb1" executionId="2803dd85-f3f9-44c0-872d-cc6e2f7f81de" testListId="8c84fa94-04c1-424b-9868-57a2d4851a1d" />
    <TestEntry testId="177ae119-fd2a-8062-655f-3f2aa2042227" executionId="93305a9b-6835-41fc-bc77-2aa6171805f2" testListId="8c84fa94-04c1-424b-9868-57a2d4851a1d" />
    <TestEntry testId="fe868702-d231-b016-ad85-cc3b888f26dd" executionId="000ad6d9-da5d-48c0-b75c-1159f05fc73e" testListId="8c84fa94-04c1-424b-9868-57a2d4851a1d" />
    <TestEntry testId="a2bbd766-383b-b001-2671-8caa5e6d594b" executionId="231b48a5-6abe-48a5-9474-340ca6519f5d" testListId="8c84fa94-04c1-424b-9868-57a2d4851a1d" />
    <TestEntry testId="21d4871f-877e-898f-66df-57a58b030405" executionId="288d8996-82ff-488c-adcf-faee63cb93cf" testListId="8c84fa94-04c1-424b-9868-57a2d4851a1d" />
    <TestEntry testId="dbca7319-86b3-ac90-2df5-2c8cfbf57743" executionId="b4191824-4ad6-4453-bb8e-8fe618b8bdc3" testListId="8c84fa94-04c1-424b-9868-57a2d4851a1d" />
    <TestEntry testId="de58c0cb-2ebc-aebf-3f9b-cee791183147" executionId="aa8d81e8-a743-4727-a587-eb42be7efe56" testListId="8c84fa94-04c1-424b-9868-57a2d4851a1d" />
    <TestEntry testId="c9d1ba65-dfdb-0c4d-0757-ee75bf1abf1b" executionId="2cd7e634-5eab-421d-9818-4a76a3124e70" testListId="8c84fa94-04c1-424b-9868-57a2d4851a1d" />
    <TestEntry testId="99aaad3d-8221-59b2-4e1e-9c1a340bf94b" executionId="b38b3077-f5b9-4da0-ae95-9c13e7d23391" testListId="8c84fa94-04c1-424b-9868-57a2d4851a1d" />
    <TestEntry testId="7284e368-8a00-122a-0c90-d2039ff00771" executionId="fc06fca4-97f6-44f4-ab33-68b4f19249c9" testListId="8c84fa94-04c1-424b-9868-57a2d4851a1d" />
    <TestEntry testId="da7f66aa-bddb-216f-f9d2-73db6adc4063" executionId="a4888d95-9512-4a80-966d-786c6a053f63" testListId="8c84fa94-04c1-424b-9868-57a2d4851a1d" />
    <TestEntry testId="696a324a-5cca-44be-ff35-a00432a20b44" executionId="1e787c92-b338-4f55-a50d-51c2d965b54a" testListId="8c84fa94-04c1-424b-9868-57a2d4851a1d" />
    <TestEntry testId="d7be64f9-a746-6906-f712-3947400506bb" executionId="0fcea1b4-e6b1-456e-b6c9-149b2f7dc522" testListId="8c84fa94-04c1-424b-9868-57a2d4851a1d" />
    <TestEntry testId="8d7c26e4-837c-c1d9-7e29-44318c26b6de" executionId="17df5f53-70f5-47ad-8dd4-a991d1544ebf" testListId="8c84fa94-04c1-424b-9868-57a2d4851a1d" />
    <TestEntry testId="1f3569c2-f204-2b43-33cb-f521d386fc26" executionId="9ff7011b-7c63-4edb-ad18-ba3314fdefa5" testListId="8c84fa94-04c1-424b-9868-57a2d4851a1d" />
    <TestEntry testId="da4668a0-cd95-980b-f582-3c135e91901b" executionId="c7b5e08f-a671-48da-9353-a8d62b49a74e" testListId="8c84fa94-04c1-424b-9868-57a2d4851a1d" />
    <TestEntry testId="cf4342de-af10-f94f-97be-5bd262ebf429" executionId="cd03dcb7-2e45-40e7-a919-de6ca869c387" testListId="8c84fa94-04c1-424b-9868-57a2d4851a1d" />
    <TestEntry testId="d2975740-da6f-c395-cfc3-866f8a933b3e" executionId="ae845894-ac62-4f3c-981b-286ba92c06e9" testListId="8c84fa94-04c1-424b-9868-57a2d4851a1d" />
    <TestEntry testId="34b6abc6-3ed1-25aa-40f0-f71fde3d3223" executionId="032fe80a-1d90-44bc-a3af-0f38fdc06863" testListId="8c84fa94-04c1-424b-9868-57a2d4851a1d" />
    <TestEntry testId="681ee426-160f-6800-a07a-4c29c6358d5a" executionId="0e5a13a1-4fdd-4b6f-98a0-88516470e2dc" testListId="8c84fa94-04c1-424b-9868-57a2d4851a1d" />
    <TestEntry testId="e12f816f-f47c-86e2-ebcd-7c7bcbfb8e8d" executionId="871d2561-c6e4-4f76-903b-4fd4fa677743" testListId="8c84fa94-04c1-424b-9868-57a2d4851a1d" />
    <TestEntry testId="1e6fb7f0-0551-ba58-1188-dd5ac53c5188" executionId="8cfeab51-3f01-4ef7-94f7-4086c54c600c" testListId="8c84fa94-04c1-424b-9868-57a2d4851a1d" />
    <TestEntry testId="6b296b27-37cd-3549-6abf-41d8588835d3" executionId="e8fe15b8-fc5b-4afb-ac15-e89edb9dd89d" testListId="8c84fa94-04c1-424b-9868-57a2d4851a1d" />
    <TestEntry testId="662a9a63-56d3-8866-477f-6beb3d400546" executionId="27b2118e-954a-41aa-9159-756d60854807" testListId="8c84fa94-04c1-424b-9868-57a2d4851a1d" />
    <TestEntry testId="73c19445-a559-3470-7b94-aff0dcdc9618" executionId="67883f05-ac42-4b64-9b87-1f0fc4e19207" testListId="8c84fa94-04c1-424b-9868-57a2d4851a1d" />
    <TestEntry testId="c18baff1-a259-4e1e-6219-c23fe47e3192" executionId="3f1c4a43-7beb-422d-b9a1-c571bd4f102d" testListId="8c84fa94-04c1-424b-9868-57a2d4851a1d" />
    <TestEntry testId="da564916-8ec0-6040-9836-e0d16ba2eb79" executionId="600f7f68-b308-47b4-aaca-3141b833ab30" testListId="8c84fa94-04c1-424b-9868-57a2d4851a1d" />
    <TestEntry testId="60947557-e1ae-0434-4f01-9bab15a1b994" executionId="98ab5c77-88eb-4198-a0e2-0403e1317526" testListId="8c84fa94-04c1-424b-9868-57a2d4851a1d" />
    <TestEntry testId="da16e5aa-6470-de1a-574f-85ec3f0425c8" executionId="0aebb2ac-f22b-45a6-9eb2-ec8f783c5b3b" testListId="8c84fa94-04c1-424b-9868-57a2d4851a1d" />
    <TestEntry testId="8264ad79-2df0-1a58-a6e6-5fe25bbc7e34" executionId="2d5ede25-1eee-4089-8b67-838f8661d798" testListId="8c84fa94-04c1-424b-9868-57a2d4851a1d" />
    <TestEntry testId="d8bee227-1cf9-a063-e60d-25e4997f6f29" executionId="d7353010-5e44-44ef-b5a7-37ed0e0c8679" testListId="8c84fa94-04c1-424b-9868-57a2d4851a1d" />
    <TestEntry testId="388a2faf-08f5-19a9-b891-7848dc042c17" executionId="03eebdfc-03d3-431c-bd80-37a20c10bd9d" testListId="8c84fa94-04c1-424b-9868-57a2d4851a1d" />
    <TestEntry testId="24d8fcbc-16b6-806c-1dc1-bd5ddfc24952" executionId="2ab629dc-5c08-488e-afdd-94b147b7345c" testListId="8c84fa94-04c1-424b-9868-57a2d4851a1d" />
    <TestEntry testId="b46bdb86-fe3f-dda6-7ad3-5cfd0b43898b" executionId="7b7a8183-c08c-44ae-bf8d-fc4cb963cfb5" testListId="8c84fa94-04c1-424b-9868-57a2d4851a1d" />
    <TestEntry testId="e390e305-681c-8df0-db57-972f696409a7" executionId="18354749-91ce-411c-8629-094969e6deec" testListId="8c84fa94-04c1-424b-9868-57a2d4851a1d" />
    <TestEntry testId="c2d4b17a-daff-0a0c-11f3-f877471a73c4" executionId="661fafef-7bba-40f0-a586-f44fb1a64e69" testListId="8c84fa94-04c1-424b-9868-57a2d4851a1d" />
    <TestEntry testId="d5682fa6-5054-3b16-026c-89169f7a101c" executionId="5d64f911-52ac-4d82-b00f-1df2ca9991df" testListId="8c84fa94-04c1-424b-9868-57a2d4851a1d" />
    <TestEntry testId="bf4f73e7-5998-1790-a256-6cd47e1e58a2" executionId="7824315d-b74a-45a9-aacd-4b50c9ba8109" testListId="8c84fa94-04c1-424b-9868-57a2d4851a1d" />
    <TestEntry testId="bfdb4ebc-0c24-7fce-b476-3715a129d0af" executionId="24a4371e-c51a-4609-b393-8d17f2c9e44c" testListId="8c84fa94-04c1-424b-9868-57a2d4851a1d" />
    <TestEntry testId="8fa72030-6750-1367-5c3f-7adf085ff05f" executionId="73111ee0-ef5e-460b-bf5c-7110cb1a216a" testListId="8c84fa94-04c1-424b-9868-57a2d4851a1d" />
    <TestEntry testId="4ccf8d3f-5713-7bb0-99b3-f9641274ea59" executionId="654f5b1d-8d22-46a3-bc7b-9bd9e27abcc6" testListId="8c84fa94-04c1-424b-9868-57a2d4851a1d" />
    <TestEntry testId="54663ab1-4312-8857-3fc7-57f7f71d829c" executionId="ac8fcf2d-4fcd-41f6-b2eb-6ae840fa4e21" testListId="8c84fa94-04c1-424b-9868-57a2d4851a1d" />
    <TestEntry testId="564fac99-fd1f-8678-f4fa-68d445409dc9" executionId="6f6b4fda-5b98-4fce-b955-744d41083faa" testListId="8c84fa94-04c1-424b-9868-57a2d4851a1d" />
    <TestEntry testId="90ccc6ff-b321-980b-08b2-d073f2c7ab8e" executionId="133b1638-7d3e-425c-a292-09e2471f3323" testListId="8c84fa94-04c1-424b-9868-57a2d4851a1d" />
    <TestEntry testId="ae4dfcd6-ea88-a269-450f-1cc9d1f1158f" executionId="722c8c5a-a392-4d0f-8512-fb5532cef766" testListId="8c84fa94-04c1-424b-9868-57a2d4851a1d" />
    <TestEntry testId="ed386bbe-509d-4e9f-e7eb-e2d2d1263e01" executionId="489aa947-1db3-4cac-a84c-629acf8f8071" testListId="8c84fa94-04c1-424b-9868-57a2d4851a1d" />
    <TestEntry testId="8b2599b2-d8b4-fe5b-4322-a8c676a21348" executionId="a047632a-e6e5-49c6-823d-f8359b506454" testListId="8c84fa94-04c1-424b-9868-57a2d4851a1d" />
    <TestEntry testId="39d37f83-0de1-62be-883f-255e14f2bb56" executionId="67154304-2e2b-445d-a38e-32465076c733" testListId="8c84fa94-04c1-424b-9868-57a2d4851a1d" />
    <TestEntry testId="1accc8f7-49b8-fcab-b736-2ae6817a3d3c" executionId="84f6c459-0f0f-4b04-afa6-01ece5539e2f" testListId="8c84fa94-04c1-424b-9868-57a2d4851a1d" />
    <TestEntry testId="e4db714a-17cf-4815-dee6-3bd03a9bf254" executionId="6a50e437-afc5-4408-bfab-4e4fdbc05e29" testListId="8c84fa94-04c1-424b-9868-57a2d4851a1d" />
    <TestEntry testId="70897e09-27e2-ec6c-95a6-d69cee9abf6e" executionId="93d2833e-9714-48ac-b29a-1cc05a5ede20" testListId="8c84fa94-04c1-424b-9868-57a2d4851a1d" />
    <TestEntry testId="83cd91ad-f54a-1abe-6cac-ff54b216b3e6" executionId="3c4e8a0e-5958-4c52-b168-17b4cc1d89b9" testListId="8c84fa94-04c1-424b-9868-57a2d4851a1d" />
    <TestEntry testId="434deaf4-989d-5482-5172-2e1bc7f8d126" executionId="e4872293-7b06-4b01-94f6-5ba20ae7a9bb" testListId="8c84fa94-04c1-424b-9868-57a2d4851a1d" />
    <TestEntry testId="783d7d71-e76a-2a88-4426-3efa4eda0b49" executionId="78649e05-d21a-4756-8d58-2b6c53a11f0c" testListId="8c84fa94-04c1-424b-9868-57a2d4851a1d" />
    <TestEntry testId="dbc7df44-76a8-5cd8-3840-87bc43f1b83d" executionId="da6aff74-59d2-43c4-bd8c-f46989ac629a" testListId="8c84fa94-04c1-424b-9868-57a2d4851a1d" />
    <TestEntry testId="94837460-5a93-633e-3739-40bc4e939c59" executionId="0403c43c-bcee-46c2-aaa1-8171a950a672" testListId="8c84fa94-04c1-424b-9868-57a2d4851a1d" />
    <TestEntry testId="ef07fe65-9f3e-7070-8188-455423af90d3" executionId="bf406b2b-80f9-4c67-9827-e993c9d3fcd3" testListId="8c84fa94-04c1-424b-9868-57a2d4851a1d" />
    <TestEntry testId="b06faa4e-936f-03f5-f12e-ac51ec3b76bb" executionId="5a6b4ed0-2154-4afa-b28e-4612ad6ce02e" testListId="8c84fa94-04c1-424b-9868-57a2d4851a1d" />
    <TestEntry testId="b8fa7aa1-3377-877d-1beb-28f962b0335a" executionId="439340bb-7b5a-45f1-a906-6d5c0fe9f264" testListId="8c84fa94-04c1-424b-9868-57a2d4851a1d" />
    <TestEntry testId="1fdef617-27b6-d5bb-0de5-84366fa14d76" executionId="548b41af-dc50-418b-9a8a-50f1bc6945b8" testListId="8c84fa94-04c1-424b-9868-57a2d4851a1d" />
    <TestEntry testId="ad7732eb-7786-a952-48e2-87051c16e28e" executionId="1a1d3e2e-dfa8-4d86-a210-11c7c3baa970" testListId="8c84fa94-04c1-424b-9868-57a2d4851a1d" />
    <TestEntry testId="7fcccf3d-fbf4-e8dd-fa32-2e9ffcf7c900" executionId="fe9ddb8d-81de-489c-9056-9ef39c0c9724" testListId="8c84fa94-04c1-424b-9868-57a2d4851a1d" />
    <TestEntry testId="dd749434-54b8-a1d0-c53b-51f9fe1de67a" executionId="bc4d6234-6cc3-49f4-8c44-382675dd2c0e" testListId="8c84fa94-04c1-424b-9868-57a2d4851a1d" />
    <TestEntry testId="cbfd30ef-da81-1251-484a-b4f53497091d" executionId="5a0ef9cd-0605-40fe-8c89-e89c23fd03ab" testListId="8c84fa94-04c1-424b-9868-57a2d4851a1d" />
    <TestEntry testId="9706b50c-2b14-0804-bce7-c6abec746f75" executionId="24d185e3-2545-4ceb-8556-876f37af30b4" testListId="8c84fa94-04c1-424b-9868-57a2d4851a1d" />
    <TestEntry testId="25f5d90f-f295-108c-b182-5b9765d1fa5c" executionId="cebe0334-1fe3-402f-9200-21cd7a1aa7c8" testListId="8c84fa94-04c1-424b-9868-57a2d4851a1d" />
    <TestEntry testId="45f9c19f-b19f-874c-437b-d2b3d71a73f9" executionId="7b6c286c-00d1-4d3b-8920-f083ae763356" testListId="8c84fa94-04c1-424b-9868-57a2d4851a1d" />
    <TestEntry testId="b3dcbb22-4599-206b-7f57-16fd630cd3f9" executionId="e7b4c87e-b5cc-4fff-9bc2-f86e9ab06613" testListId="8c84fa94-04c1-424b-9868-57a2d4851a1d" />
    <TestEntry testId="03cdf676-b539-dcb8-bddd-436560edc044" executionId="4dece669-2e48-4aef-a7f6-2f1d69033d71" testListId="8c84fa94-04c1-424b-9868-57a2d4851a1d" />
    <TestEntry testId="91179e17-dd49-eb57-27f0-73eb102b314a" executionId="c8d09e0f-b8f3-4d68-8ddf-feaf8c783b8b" testListId="8c84fa94-04c1-424b-9868-57a2d4851a1d" />
    <TestEntry testId="c017956a-6796-025f-42d7-b6adb1a6b3c4" executionId="aab2d0ba-8a25-4ec2-860c-ec413ea8ac08" testListId="8c84fa94-04c1-424b-9868-57a2d4851a1d" />
    <TestEntry testId="1fccce28-5d1f-c8bd-b423-cdff146ba51f" executionId="47da8845-87e6-4a90-b0b3-2fbf885e2e9a" testListId="8c84fa94-04c1-424b-9868-57a2d4851a1d" />
    <TestEntry testId="e7c85f26-9d11-f293-cac1-7d5b62a53ae2" executionId="3a1d5064-8fba-44c3-9704-fe05022f8162" testListId="8c84fa94-04c1-424b-9868-57a2d4851a1d" />
    <TestEntry testId="de7eaef1-a575-72fd-4c1c-7c606128a711" executionId="367da414-b172-40dd-a650-363938e4f150" testListId="8c84fa94-04c1-424b-9868-57a2d4851a1d" />
    <TestEntry testId="7b014ba8-a5d1-d34d-b6a4-143d7b7e8727" executionId="81625d03-516b-4d8f-95fd-3e411c0b20e8" testListId="8c84fa94-04c1-424b-9868-57a2d4851a1d" />
    <TestEntry testId="140807b3-feef-0813-3c69-2397ad79c7ec" executionId="9063a602-ea4f-4fb9-ba1d-e7384c031c4d" testListId="8c84fa94-04c1-424b-9868-57a2d4851a1d" />
    <TestEntry testId="ebccbfb2-f307-ef09-e336-b82ce55f041c" executionId="72162ff9-625e-46f2-a159-2f81c80500ab" testListId="8c84fa94-04c1-424b-9868-57a2d4851a1d" />
    <TestEntry testId="a69ccea1-1c67-d6d4-14e8-ae5b6b9447b6" executionId="3ef192d3-e197-434f-b382-e3ba4b3335ec" testListId="8c84fa94-04c1-424b-9868-57a2d4851a1d" />
    <TestEntry testId="0c017d2b-3263-3379-2c35-b9d5462fe5ad" executionId="93c53e8f-50a7-43c1-aea1-bc27aa66973c" testListId="8c84fa94-04c1-424b-9868-57a2d4851a1d" />
    <TestEntry testId="6282ba05-c31f-d83e-5dee-9c38bbf6c853" executionId="37f4496b-ed7c-4c06-83f8-dcf03e7a5fc4" testListId="8c84fa94-04c1-424b-9868-57a2d4851a1d" />
    <TestEntry testId="e001606a-e72e-dc1b-6877-e7302f6aad3d" executionId="c191aad8-13f3-4fa2-8ab1-0ca42f038cc1" testListId="8c84fa94-04c1-424b-9868-57a2d4851a1d" />
    <TestEntry testId="4ae9cf15-d0e9-28f8-c094-b1598a7dbf75" executionId="68ef1b5b-a3e2-46c5-964a-8cab68a33bde" testListId="8c84fa94-04c1-424b-9868-57a2d4851a1d" />
    <TestEntry testId="6b11602e-4a4f-3712-40ae-ebc5e5933b50" executionId="bdb1cb8d-b109-498a-9832-ee4d018fb595" testListId="8c84fa94-04c1-424b-9868-57a2d4851a1d" />
    <TestEntry testId="baf25303-3e3d-c44b-9be8-5ead8b98757e" executionId="b0bf1455-cd0e-40ff-9bec-04bbda700741" testListId="8c84fa94-04c1-424b-9868-57a2d4851a1d" />
    <TestEntry testId="74ca76f5-e157-e887-3f4d-5126eaa4f411" executionId="b9a06e38-6bf0-4aff-92f2-aae24e778985" testListId="8c84fa94-04c1-424b-9868-57a2d4851a1d" />
    <TestEntry testId="4d808c6e-6643-f22f-71ec-598331ab11aa" executionId="8a988b46-d23e-4c05-a558-277a440e092a" testListId="8c84fa94-04c1-424b-9868-57a2d4851a1d" />
    <TestEntry testId="826b398d-915e-97f2-21eb-a1e9ff7454b5" executionId="17d0e790-e9ef-4bef-bbf3-a8a289c9dd60" testListId="8c84fa94-04c1-424b-9868-57a2d4851a1d" />
    <TestEntry testId="7ef62f46-1a59-110e-9cb1-661818b5a20c" executionId="483e716d-b4b7-4c07-a6b0-9046f4df9e11" testListId="8c84fa94-04c1-424b-9868-57a2d4851a1d" />
    <TestEntry testId="9db91cc8-f8e6-920b-29c7-c119b19b061e" executionId="0cd46725-8ce4-4d76-a4e8-e56e34b6a201" testListId="8c84fa94-04c1-424b-9868-57a2d4851a1d" />
    <TestEntry testId="df7166d6-a533-3099-d6e8-d42206043b22" executionId="59f35efb-8cb0-4960-b6ac-0ad0267d845d" testListId="8c84fa94-04c1-424b-9868-57a2d4851a1d" />
    <TestEntry testId="a03d8bcc-cc4a-d47c-6407-db28f376df56" executionId="6fa6765a-5281-4e96-aef5-382a502a5648" testListId="8c84fa94-04c1-424b-9868-57a2d4851a1d" />
    <TestEntry testId="b0604636-de2a-ec72-65dc-7346677b3ada" executionId="d52177f7-82dc-4203-8539-3abb2b5ee7a1" testListId="8c84fa94-04c1-424b-9868-57a2d4851a1d" />
    <TestEntry testId="40e00399-3f77-63b4-7138-aae89419f17c" executionId="a031e750-77d9-4496-95f2-a962db9984ad" testListId="8c84fa94-04c1-424b-9868-57a2d4851a1d" />
    <TestEntry testId="eb890e22-8e87-c042-8e8a-8690e5910552" executionId="14c05eb3-48e1-41e9-ac77-6ba326b1ed16" testListId="8c84fa94-04c1-424b-9868-57a2d4851a1d" />
    <TestEntry testId="feacc0ff-0540-1cd6-ff07-0fa058165b3a" executionId="d6072a39-2b58-4a21-90f3-ce0a7d67b147" testListId="8c84fa94-04c1-424b-9868-57a2d4851a1d" />
    <TestEntry testId="e47322f1-73d6-bc54-c268-566ef3c5ef66" executionId="c5c47585-2a12-4c80-8dce-7150ba986179" testListId="8c84fa94-04c1-424b-9868-57a2d4851a1d" />
    <TestEntry testId="2f294c56-6035-437e-de85-5ae3dae67c8c" executionId="c4befbb7-c001-4251-a0ce-bdfbed2ee208" testListId="8c84fa94-04c1-424b-9868-57a2d4851a1d" />
    <TestEntry testId="b18a2625-707f-66db-901a-314a58a337b5" executionId="9754713c-8b84-4b3a-a7a3-29ffc4ad893b" testListId="8c84fa94-04c1-424b-9868-57a2d4851a1d" />
    <TestEntry testId="38cacb9b-2598-7413-6fd7-984ca5678583" executionId="4bb210ed-a8f6-45e4-ae88-106833692f59" testListId="8c84fa94-04c1-424b-9868-57a2d4851a1d" />
    <TestEntry testId="b2732170-2e11-1631-913e-5912016001c7" executionId="2dd613c7-639e-473c-af54-61e386b70191" testListId="8c84fa94-04c1-424b-9868-57a2d4851a1d" />
    <TestEntry testId="f9171f09-09d8-3dbb-f0b9-e6f6c7e1641a" executionId="8f846148-b16b-40c7-bb69-b69548339440" testListId="8c84fa94-04c1-424b-9868-57a2d4851a1d" />
    <TestEntry testId="6fcec4b3-10c3-6697-f30c-82048511fdb0" executionId="221f8e55-f68b-4de6-96f9-49f79491af40" testListId="8c84fa94-04c1-424b-9868-57a2d4851a1d" />
    <TestEntry testId="5657ccfe-02f5-9fff-39fd-845072c2fff1" executionId="9e8aa0ce-4ad7-4190-b081-6c40cf69a0fc" testListId="8c84fa94-04c1-424b-9868-57a2d4851a1d" />
    <TestEntry testId="2fd6a69b-6621-7fbc-7e53-10a46bb172fc" executionId="27b70705-b4c0-4c50-b11a-0920cb7875a0" testListId="8c84fa94-04c1-424b-9868-57a2d4851a1d" />
    <TestEntry testId="1a7cffe1-0f1b-7892-78e4-1bec929113ee" executionId="aa95233f-4b5d-45d2-b45c-6a5758b86320" testListId="8c84fa94-04c1-424b-9868-57a2d4851a1d" />
    <TestEntry testId="7e1a36fe-586b-23be-2a11-fe10dcb6499f" executionId="7771165c-3c63-4ca0-8c8e-0687daa309b7" testListId="8c84fa94-04c1-424b-9868-57a2d4851a1d" />
    <TestEntry testId="e0975de2-264b-2dc9-1c02-80832b708542" executionId="c8dd0e12-3fa4-4225-932a-18b6036531d8" testListId="8c84fa94-04c1-424b-9868-57a2d4851a1d" />
    <TestEntry testId="18a25df9-e5ae-9567-e5ff-5f010d139b63" executionId="1fd106fb-80aa-4467-995a-8644ff1be198" testListId="8c84fa94-04c1-424b-9868-57a2d4851a1d" />
    <TestEntry testId="f1355c9e-40f1-30d8-ed43-871c1345e659" executionId="6c935105-6533-4c47-bdf6-559f8884e7e2" testListId="8c84fa94-04c1-424b-9868-57a2d4851a1d" />
    <TestEntry testId="54a23d8c-aea8-93fc-0116-b915d4dc5395" executionId="11b3eca2-69e2-419f-94de-6d09d1237785" testListId="8c84fa94-04c1-424b-9868-57a2d4851a1d" />
    <TestEntry testId="546ddbbf-be25-3292-8ce6-4f83dfd4171c" executionId="2205eef1-f4bf-4047-bc1b-8cced754a801" testListId="8c84fa94-04c1-424b-9868-57a2d4851a1d" />
    <TestEntry testId="46552438-e0d1-b0ff-7f6b-2131859640b7" executionId="69fc74f7-25a0-473a-8059-53a65db72b8e" testListId="8c84fa94-04c1-424b-9868-57a2d4851a1d" />
    <TestEntry testId="24abcde1-0918-1b4c-cbe4-09008625a143" executionId="a7d122b2-238c-49c1-8fc5-77c19b8ae954" testListId="8c84fa94-04c1-424b-9868-57a2d4851a1d" />
    <TestEntry testId="1468c405-b4a2-949c-b1e5-131920b69599" executionId="c407cff6-7351-4fbd-9968-f9c8b9000606" testListId="8c84fa94-04c1-424b-9868-57a2d4851a1d" />
    <TestEntry testId="c6e8d13d-9d68-610a-71a2-009e5d4f396e" executionId="fd782bc6-af39-48bb-938f-127bb18b1550" testListId="8c84fa94-04c1-424b-9868-57a2d4851a1d" />
    <TestEntry testId="28987bae-8be5-73c4-6b6f-93862541c392" executionId="288fa07c-4105-40d8-97db-98985965adf8" testListId="8c84fa94-04c1-424b-9868-57a2d4851a1d" />
    <TestEntry testId="471d6042-0f23-c8df-14a4-d33cb5ed395c" executionId="dcbb6ce7-7001-4a5e-a23e-1fb0f0568556" testListId="8c84fa94-04c1-424b-9868-57a2d4851a1d" />
    <TestEntry testId="26789745-186d-0587-91f6-bad3e90ebd99" executionId="0f4a183d-f637-4a60-a7c2-9b1cb358bd89" testListId="8c84fa94-04c1-424b-9868-57a2d4851a1d" />
    <TestEntry testId="a7bdd709-9d5e-53fa-8c39-379aeb666107" executionId="d6d10184-b1cc-428d-8eff-1b9df570c537" testListId="8c84fa94-04c1-424b-9868-57a2d4851a1d" />
    <TestEntry testId="4ae119ff-c470-62b0-1bd1-9d719841effc" executionId="2e389b9a-d8e2-4d04-b2f2-35095c1afbd5" testListId="8c84fa94-04c1-424b-9868-57a2d4851a1d" />
    <TestEntry testId="8bff4b51-b68f-1e9c-ed86-a2ea863ca135" executionId="beb4f640-d900-4752-aa30-db5bec05ef67" testListId="8c84fa94-04c1-424b-9868-57a2d4851a1d" />
    <TestEntry testId="e6abdc6b-a54d-7ccc-edba-a1a09e7fbc90" executionId="1f19c0a2-bcf7-458a-9127-e99457769f09" testListId="8c84fa94-04c1-424b-9868-57a2d4851a1d" />
    <TestEntry testId="5b44c2e3-32ca-a808-ed8c-9e21941f3c67" executionId="1b49c944-67f8-4338-84ea-e387dc858d8d" testListId="8c84fa94-04c1-424b-9868-57a2d4851a1d" />
    <TestEntry testId="29750233-75c5-c0d1-a2ab-61f0d54b8718" executionId="8e60a922-f80c-4809-a4ef-8271105d74d8" testListId="8c84fa94-04c1-424b-9868-57a2d4851a1d" />
    <TestEntry testId="82349047-6e75-3dfd-f89f-0e3136f1e47d" executionId="77e77e2f-7301-4b10-90fa-79c90f70be83" testListId="8c84fa94-04c1-424b-9868-57a2d4851a1d" />
    <TestEntry testId="e21ee56b-a420-ad4b-ea32-03b200682ff0" executionId="3466edd3-fa7f-4630-80a4-01ecb1eb3159" testListId="8c84fa94-04c1-424b-9868-57a2d4851a1d" />
    <TestEntry testId="ce60587b-cc48-1cb3-df6b-c09bd738cd33" executionId="7204bc84-3dbb-47c5-b6d3-149d54d8b728" testListId="8c84fa94-04c1-424b-9868-57a2d4851a1d" />
    <TestEntry testId="a9ef2120-3429-2955-54b1-70f6d767c698" executionId="4cd8a6f0-6285-4e35-a210-d596dfda886c" testListId="8c84fa94-04c1-424b-9868-57a2d4851a1d" />
    <TestEntry testId="47c18729-a02d-d2fd-c50e-4fcd765394a4" executionId="9a3689ae-1f1c-49d3-b8cc-6d9c0ff461a7" testListId="8c84fa94-04c1-424b-9868-57a2d4851a1d" />
    <TestEntry testId="21ea35ef-4302-a50f-c94d-51070c1edc8b" executionId="5010ed9f-dfbd-46d9-b98b-7cfb486f4957" testListId="8c84fa94-04c1-424b-9868-57a2d4851a1d" />
    <TestEntry testId="1dccaecf-59b2-51d1-9618-928980160acf" executionId="9e2fde55-8b71-4c89-b56c-4c58225db0bd" testListId="8c84fa94-04c1-424b-9868-57a2d4851a1d" />
    <TestEntry testId="af4c2457-be8d-0f36-301e-b6b01556dd37" executionId="1a240360-532f-4c98-9be2-30e28769f0d2" testListId="8c84fa94-04c1-424b-9868-57a2d4851a1d" />
    <TestEntry testId="ff1e4efb-374a-1af9-cbbc-43004485f3ef" executionId="bdc8674f-699f-4b4f-99a4-ff156730c65f" testListId="8c84fa94-04c1-424b-9868-57a2d4851a1d" />
    <TestEntry testId="10351e96-4b5b-c18f-cf56-056aa6fbe578" executionId="c4fac7f9-43dd-4162-8bdf-401865b9259f" testListId="8c84fa94-04c1-424b-9868-57a2d4851a1d" />
    <TestEntry testId="c287dfe9-aaca-8c00-c08c-9235e1352669" executionId="188e2186-4cdc-481f-b9a8-354c70606a68" testListId="8c84fa94-04c1-424b-9868-57a2d4851a1d" />
    <TestEntry testId="8c635c3f-36c2-118b-0bbf-9ccdaf243e9e" executionId="c6c9155c-e1a6-4785-a171-76909eb824cb" testListId="8c84fa94-04c1-424b-9868-57a2d4851a1d" />
    <TestEntry testId="3fc7caa3-9415-9998-a976-88966c7dd78b" executionId="44e16c7d-346e-42ab-a2f4-85b7a030a183" testListId="8c84fa94-04c1-424b-9868-57a2d4851a1d" />
    <TestEntry testId="6df3d467-8c2d-88b1-d6d0-b090dab21ae4" executionId="83586f2c-655b-4427-8374-e2c940066eee" testListId="8c84fa94-04c1-424b-9868-57a2d4851a1d" />
    <TestEntry testId="96b87432-3df3-e2a1-bfbd-c5218bf5daec" executionId="b0ee19f3-20e5-42be-bf21-3b89cf69f9a4" testListId="8c84fa94-04c1-424b-9868-57a2d4851a1d" />
    <TestEntry testId="3023087c-fc76-b484-4bea-21697a6bcd33" executionId="b10f4ac5-f5e7-4dc0-acc7-53d92a90c339" testListId="8c84fa94-04c1-424b-9868-57a2d4851a1d" />
    <TestEntry testId="1d86088b-f13d-379a-699c-7235019caef7" executionId="6c9ce13c-995c-4f61-bce0-d54033773c8f" testListId="8c84fa94-04c1-424b-9868-57a2d4851a1d" />
    <TestEntry testId="3bd313c8-9eb3-34c4-e1e4-75f339fad91b" executionId="2a158e93-5192-42bc-b54e-01b6125a7abd" testListId="8c84fa94-04c1-424b-9868-57a2d4851a1d" />
    <TestEntry testId="d43e4efa-44fe-cd61-2c09-62c97b465dcf" executionId="ff42e45a-1349-42c3-9ec8-323e3eed3337" testListId="8c84fa94-04c1-424b-9868-57a2d4851a1d" />
    <TestEntry testId="d4ae1a71-4596-c348-0358-ce495fd0daee" executionId="8341803a-87eb-4a62-a37a-3d098760dfd1" testListId="8c84fa94-04c1-424b-9868-57a2d4851a1d" />
    <TestEntry testId="72195ca6-e2a9-f4bf-f0d7-bf4147e01bab" executionId="cc6dd367-7025-46eb-b3e0-097350682e3d" testListId="8c84fa94-04c1-424b-9868-57a2d4851a1d" />
    <TestEntry testId="c6792f5a-2bd8-8f12-c716-ebfba384cf23" executionId="4823ea6e-0497-4338-933b-b4ac8cc1d634" testListId="8c84fa94-04c1-424b-9868-57a2d4851a1d" />
    <TestEntry testId="8feb59b9-b948-17fa-d1eb-2ee92f344548" executionId="a0583cd1-5bcb-44e0-adfd-071e7673470d" testListId="8c84fa94-04c1-424b-9868-57a2d4851a1d" />
    <TestEntry testId="471d98cd-2d83-3e6d-734e-e884a1bb803e" executionId="784bf68f-4965-4176-b581-5eef1ac79b2c" testListId="8c84fa94-04c1-424b-9868-57a2d4851a1d" />
    <TestEntry testId="1dafdd2f-d1bc-21cb-07c2-77e262522b26" executionId="9ea0fd3e-5f27-4534-bee8-a0d473a9514f" testListId="8c84fa94-04c1-424b-9868-57a2d4851a1d" />
    <TestEntry testId="b65e2dc2-a7ab-9730-e645-fc9a5b4b72dd" executionId="c199c7c0-813c-474e-a783-f8fdfe5d1aa3" testListId="8c84fa94-04c1-424b-9868-57a2d4851a1d" />
    <TestEntry testId="455850f8-3c54-05a0-9d36-a628c85e1860" executionId="eae45a1a-6bd6-4902-8e1a-d5c69ed3e050" testListId="8c84fa94-04c1-424b-9868-57a2d4851a1d" />
    <TestEntry testId="9c3c7625-634f-fc31-db4f-65c8f18d52c5" executionId="bd36c1b9-b846-459e-8c75-9f7c1a2f4300" testListId="8c84fa94-04c1-424b-9868-57a2d4851a1d" />
    <TestEntry testId="19fd6089-6373-6d6b-4694-ff9635289985" executionId="f3ad210a-9da7-448b-bb36-2f62fdfa6cfd" testListId="8c84fa94-04c1-424b-9868-57a2d4851a1d" />
    <TestEntry testId="3bdbfb4a-8b02-4f26-074f-6de91adf53b3" executionId="356d6fcb-59a5-424a-bee7-9c0f1656327c" testListId="8c84fa94-04c1-424b-9868-57a2d4851a1d" />
    <TestEntry testId="77049093-4d94-96d2-1981-9c2525d88e13" executionId="5e0444d9-9d76-4785-a9d0-05ae42954a21" testListId="8c84fa94-04c1-424b-9868-57a2d4851a1d" />
    <TestEntry testId="8fa7d785-7ae3-3375-9c9e-89dbf1bd82dc" executionId="805bdac9-ff73-4349-9ee5-a78f2beb1053" testListId="8c84fa94-04c1-424b-9868-57a2d4851a1d" />
    <TestEntry testId="6287bb7f-b210-0559-7bcb-9246f52094e8" executionId="affacd07-9ebb-4f11-a2f1-9258320cc2d2" testListId="8c84fa94-04c1-424b-9868-57a2d4851a1d" />
    <TestEntry testId="3283f583-04a0-9f93-05f9-388f39561277" executionId="42c4076c-48db-4edf-819d-5755a7b861bb" testListId="8c84fa94-04c1-424b-9868-57a2d4851a1d" />
    <TestEntry testId="b6b3438f-3185-21fe-6e39-a19d9e37b0f3" executionId="742391b5-f342-442f-9e73-6c87388d7f9b" testListId="8c84fa94-04c1-424b-9868-57a2d4851a1d" />
    <TestEntry testId="4ac5033a-a9d8-d0ed-041f-992767c68a72" executionId="e1f5f915-8973-4bb5-a473-a73c2b3e5a4d" testListId="8c84fa94-04c1-424b-9868-57a2d4851a1d" />
    <TestEntry testId="cd0faf3b-a3fc-5f28-d3ab-3669c235cb59" executionId="2d8d9cb1-ae5c-4ded-93c8-e67878dac8d9" testListId="8c84fa94-04c1-424b-9868-57a2d4851a1d" />
    <TestEntry testId="9a5aacca-805a-67ef-4d14-aee54817a6eb" executionId="4022eebe-d567-43b6-9850-41500c59de32" testListId="8c84fa94-04c1-424b-9868-57a2d4851a1d" />
    <TestEntry testId="0171d3af-3a3c-7104-2775-0643111e6439" executionId="bb483597-7648-4cf0-869f-04f891599055" testListId="8c84fa94-04c1-424b-9868-57a2d4851a1d" />
    <TestEntry testId="457f9d77-eabc-3ac1-17eb-f8ff2799dd15" executionId="91cca25e-ca3e-4bbd-87f1-b6aa39926775" testListId="8c84fa94-04c1-424b-9868-57a2d4851a1d" />
    <TestEntry testId="c5871017-6329-e411-ae72-654dabd0d7a7" executionId="1f5d27b0-87dc-42ae-85b9-3083516779e7" testListId="8c84fa94-04c1-424b-9868-57a2d4851a1d" />
    <TestEntry testId="9646d02b-c055-9cd5-23da-72f556cb83e7" executionId="e51c503d-898a-4375-9c52-e2597b839a3d" testListId="8c84fa94-04c1-424b-9868-57a2d4851a1d" />
    <TestEntry testId="2730d64e-22ec-9d77-5c62-0eeaa2c83499" executionId="1f80be9a-d34a-43aa-a7c6-5389112522a3" testListId="8c84fa94-04c1-424b-9868-57a2d4851a1d" />
    <TestEntry testId="3c7b63e1-21b7-2118-671b-8b5d0244c41a" executionId="02dae64b-6d37-4609-afbf-8707a64c1845" testListId="8c84fa94-04c1-424b-9868-57a2d4851a1d" />
    <TestEntry testId="69bbe81f-d0c2-e9e3-2c6e-a2591268b62c" executionId="09210f2d-4cdd-42a2-a889-5a0163c8cca0" testListId="8c84fa94-04c1-424b-9868-57a2d4851a1d" />
    <TestEntry testId="1d61d9ff-97db-512f-c2f6-2c2f116e2ab1" executionId="b329291c-4485-4ff1-adce-f653b56302b6" testListId="8c84fa94-04c1-424b-9868-57a2d4851a1d" />
    <TestEntry testId="5598336a-0080-7bfd-d740-efa7f6c8ad25" executionId="4904dcb8-837a-4a17-bd87-dd6b5e81be6d" testListId="8c84fa94-04c1-424b-9868-57a2d4851a1d" />
    <TestEntry testId="c0687549-60a8-beff-b1e4-ab59ad04b7d6" executionId="9e962a78-b9ef-41d3-b12f-07e214ef2ee4" testListId="8c84fa94-04c1-424b-9868-57a2d4851a1d" />
    <TestEntry testId="2bfa9afb-7bb3-c68e-c0d8-9f466ba5af5e" executionId="b5a848f3-c245-46dd-8c6e-abd2c20a331b" testListId="8c84fa94-04c1-424b-9868-57a2d4851a1d" />
    <TestEntry testId="aae3e69b-9c41-75e6-12a1-803612298ded" executionId="b5f602f6-794e-46bf-97b6-a7ea6ad104d9" testListId="8c84fa94-04c1-424b-9868-57a2d4851a1d" />
    <TestEntry testId="10ba1163-349d-0c1d-cb02-8c84b907bad7" executionId="e96a3fca-6f48-464c-8dfe-b161ca0aea59" testListId="8c84fa94-04c1-424b-9868-57a2d4851a1d" />
    <TestEntry testId="a9fa6eb3-d097-dba7-8c27-d85d9b3d598a" executionId="36414800-b1de-4c9d-a6d4-0cc1fb2179d0" testListId="8c84fa94-04c1-424b-9868-57a2d4851a1d" />
    <TestEntry testId="c16a1dca-0dbd-0c2d-f276-22045eb4552d" executionId="086a3e01-bfd5-4ce5-8d96-a0b872bf96a7" testListId="8c84fa94-04c1-424b-9868-57a2d4851a1d" />
    <TestEntry testId="7f68adea-53c4-d981-fe23-1aea0946049a" executionId="c96df079-116a-4c12-bbca-c9d0844d4a4a" testListId="8c84fa94-04c1-424b-9868-57a2d4851a1d" />
    <TestEntry testId="eb492043-4092-1166-7b60-f4b5c630f1b3" executionId="ebe38323-0cb8-4cb4-bef8-372902a52766" testListId="8c84fa94-04c1-424b-9868-57a2d4851a1d" />
    <TestEntry testId="dd62b83a-9de8-31e6-8f60-1f9daee242fe" executionId="dcf2232c-c264-4752-980c-c768c4a1494f" testListId="8c84fa94-04c1-424b-9868-57a2d4851a1d" />
    <TestEntry testId="13a57d90-e5a1-0565-7104-205a7c35d9e4" executionId="bac1a72b-6d98-46a1-9583-00159d6bf450" testListId="8c84fa94-04c1-424b-9868-57a2d4851a1d" />
    <TestEntry testId="3fe55250-ed25-1033-df11-2fa9bbc139bb" executionId="07cd0b84-d592-4c87-94a9-b846486e29f2" testListId="8c84fa94-04c1-424b-9868-57a2d4851a1d" />
    <TestEntry testId="b952d731-679e-1da9-23d8-59838ced47b8" executionId="a794c703-99ae-4407-871f-f961be723894" testListId="8c84fa94-04c1-424b-9868-57a2d4851a1d" />
    <TestEntry testId="223399e6-dcc8-902d-6aea-6e21523e1395" executionId="6d0c5c4c-f5cd-4bd3-94d3-6e22ba2e9325" testListId="8c84fa94-04c1-424b-9868-57a2d4851a1d" />
    <TestEntry testId="7225dbd9-4bcf-11c0-3676-fcb8588f48ab" executionId="cc2b926b-884f-4a22-84b1-632666e3bdf4" testListId="8c84fa94-04c1-424b-9868-57a2d4851a1d" />
    <TestEntry testId="0f633aa8-6f99-c3e4-598b-7387fa0c955d" executionId="89f1a2f0-bb72-4577-8cb4-157303ca0674" testListId="8c84fa94-04c1-424b-9868-57a2d4851a1d" />
    <TestEntry testId="9c434d84-81b8-a247-81ab-b4a95b399586" executionId="01cc95f4-b140-4f3f-9ba9-9e9f05f34dda" testListId="8c84fa94-04c1-424b-9868-57a2d4851a1d" />
    <TestEntry testId="ca50d2ce-4a5c-eb58-bc21-da3788690786" executionId="8334eec0-0ba2-49bc-906c-574fcb6313f6" testListId="8c84fa94-04c1-424b-9868-57a2d4851a1d" />
    <TestEntry testId="e9164873-6ae1-6095-6b9d-727925e5cf8f" executionId="673c5672-7524-402e-8cef-c6649f3082e1" testListId="8c84fa94-04c1-424b-9868-57a2d4851a1d" />
    <TestEntry testId="e1efde70-bcdb-d4a6-3c75-e03140898f7f" executionId="45370fb3-ebe4-49e5-9fd2-c8088876c80a" testListId="8c84fa94-04c1-424b-9868-57a2d4851a1d" />
    <TestEntry testId="bcb2946a-0938-b9bd-dcaa-d6bf834ec3c6" executionId="5ada8fbc-dfb3-4a00-af3c-c149b364035b" testListId="8c84fa94-04c1-424b-9868-57a2d4851a1d" />
    <TestEntry testId="0a32e2e0-44ea-d1f9-6a86-6e0ff705030d" executionId="2a0067da-48f6-47a1-9e53-b2650cf7a2fe" testListId="8c84fa94-04c1-424b-9868-57a2d4851a1d" />
    <TestEntry testId="43723755-8a3a-4250-86af-4199329ed602" executionId="7df04e2b-75f4-47b1-83b7-76cb226e7632" testListId="8c84fa94-04c1-424b-9868-57a2d4851a1d" />
    <TestEntry testId="92ab9fe4-4cf7-3189-b1c6-692405c46b4d" executionId="766c4c15-4f81-4bc5-9d87-1f775f510404" testListId="8c84fa94-04c1-424b-9868-57a2d4851a1d" />
    <TestEntry testId="dff03574-4916-f4e4-9ef8-afc21952bd00" executionId="eadcf924-e821-4eed-908b-bb028252d231" testListId="8c84fa94-04c1-424b-9868-57a2d4851a1d" />
    <TestEntry testId="9f2f9709-73d4-0129-e8df-d5f4c1668d0f" executionId="23c79473-d214-4bd3-9f4d-73af03a0d7c0" testListId="8c84fa94-04c1-424b-9868-57a2d4851a1d" />
    <TestEntry testId="f68b65f9-6369-bab2-bdc7-a663b3ff63b3" executionId="d3996abd-4709-4432-b55e-d441398e5133" testListId="8c84fa94-04c1-424b-9868-57a2d4851a1d" />
    <TestEntry testId="981fea35-896a-27ad-2b9c-affba2b8e7b1" executionId="beb8c55f-9d31-432f-b2b1-f1d9c7c88d9b" testListId="8c84fa94-04c1-424b-9868-57a2d4851a1d" />
    <TestEntry testId="4ac19c3e-0d18-e064-9e8e-d196aabc387f" executionId="38079aad-8d68-4741-8c6b-325c80d3cd6b" testListId="8c84fa94-04c1-424b-9868-57a2d4851a1d" />
    <TestEntry testId="52f289d4-4e08-a6ee-83b5-b8577b43ccf5" executionId="1fc9d587-5e3f-4db7-83a2-4cd363fbc08b" testListId="8c84fa94-04c1-424b-9868-57a2d4851a1d" />
    <TestEntry testId="1460a8a4-5708-d1d8-419e-f7ec426cd8e2" executionId="e828a95e-06e6-4eb2-b12c-238b1e7a9059" testListId="8c84fa94-04c1-424b-9868-57a2d4851a1d" />
    <TestEntry testId="976035bf-5adc-7847-bf0f-794a93f1ab1e" executionId="88c0c200-5a5a-47c6-9122-b7adafc6c296" testListId="8c84fa94-04c1-424b-9868-57a2d4851a1d" />
    <TestEntry testId="33dcdfcd-2b11-dc83-6339-8320a4128b7e" executionId="416f38e2-058b-4dc1-8e27-5c2ca94c281d" testListId="8c84fa94-04c1-424b-9868-57a2d4851a1d" />
    <TestEntry testId="523f4b34-d9c9-7b8a-ee23-d7df3baa4365" executionId="f9aa6dd5-75d0-4c2a-8d57-5d16af1be109" testListId="8c84fa94-04c1-424b-9868-57a2d4851a1d" />
    <TestEntry testId="4beb22c6-49e2-41fd-eef5-7bb7ba43d884" executionId="d5583ff1-3ea0-4875-b6e7-22e9ecd61625" testListId="8c84fa94-04c1-424b-9868-57a2d4851a1d" />
    <TestEntry testId="fcb986de-cbcd-60a0-98cf-79217143762b" executionId="c03c0c71-cdd7-46a9-94ae-4dfb83d65fce" testListId="8c84fa94-04c1-424b-9868-57a2d4851a1d" />
    <TestEntry testId="c2af962a-b9cc-b33a-e562-b7e55395ca9b" executionId="658aab3e-6ddb-4a6e-b9e6-c9245da28e05" testListId="8c84fa94-04c1-424b-9868-57a2d4851a1d" />
    <TestEntry testId="e38e62ea-fa3d-915a-e56f-d63a6960d23b" executionId="d084c16b-3c34-4018-953b-33fa08fc7a9d" testListId="8c84fa94-04c1-424b-9868-57a2d4851a1d" />
    <TestEntry testId="64e16963-400c-c2c0-ea42-d12e8bc19b70" executionId="be766edb-3724-47a2-b4dd-d1277bf7b71c" testListId="8c84fa94-04c1-424b-9868-57a2d4851a1d" />
    <TestEntry testId="7c124c26-5101-4528-a0cd-140393e761ba" executionId="927f7dfc-31d1-4865-baa5-1dd070b94350" testListId="8c84fa94-04c1-424b-9868-57a2d4851a1d" />
    <TestEntry testId="b5089b73-d520-dc93-fdd2-7cd58d6e57df" executionId="6ec7c99f-968e-444a-ba5f-de794df6d02c" testListId="8c84fa94-04c1-424b-9868-57a2d4851a1d" />
    <TestEntry testId="ee249eb9-76c1-0cff-6478-83034a2390e2" executionId="9d784c3f-af04-4110-8dfa-3ad50d673b16" testListId="8c84fa94-04c1-424b-9868-57a2d4851a1d" />
    <TestEntry testId="e838d01c-e1c4-4fb4-665b-34f9e77fff16" executionId="1639fe19-99ae-4601-b770-693a970ff916" testListId="8c84fa94-04c1-424b-9868-57a2d4851a1d" />
    <TestEntry testId="38a415c5-3de3-03f0-a3cf-95194a0a4ed9" executionId="7da5ce7d-e9e5-42a0-b361-00f7435e61cc" testListId="8c84fa94-04c1-424b-9868-57a2d4851a1d" />
    <TestEntry testId="b3524c83-4cd0-be0c-05f4-93cc7813a91e" executionId="3da30141-1c56-4cf3-85d3-78fec9b5c211" testListId="8c84fa94-04c1-424b-9868-57a2d4851a1d" />
    <TestEntry testId="27e8b787-49f3-2e54-0f26-25d9454dafe1" executionId="93a77ffd-ea32-44e0-aa69-9056123d484b" testListId="8c84fa94-04c1-424b-9868-57a2d4851a1d" />
    <TestEntry testId="7bdbf55d-8326-8446-6178-509150050318" executionId="e3e19c8d-77d9-4868-a503-67f0192a53e9" testListId="8c84fa94-04c1-424b-9868-57a2d4851a1d" />
    <TestEntry testId="f0582f80-03bb-c376-fbec-6b5485a6acbc" executionId="57085657-b797-4588-8836-7c949297f6d0" testListId="8c84fa94-04c1-424b-9868-57a2d4851a1d" />
    <TestEntry testId="ecdaa32a-c063-eb7e-a9e3-60501f983420" executionId="078f57a0-5f29-4ab4-91ac-88101dbea932" testListId="8c84fa94-04c1-424b-9868-57a2d4851a1d" />
    <TestEntry testId="e321088c-1bad-dc50-39b0-a22e1f04312b" executionId="add1791d-1bb8-41f5-981a-c7335c419382" testListId="8c84fa94-04c1-424b-9868-57a2d4851a1d" />
    <TestEntry testId="62013bfb-a0fb-f441-b426-f5647043a6e0" executionId="aaee75c0-71c8-41b8-92a4-8908f2e45448" testListId="8c84fa94-04c1-424b-9868-57a2d4851a1d" />
    <TestEntry testId="1a1bcec7-519b-b1c7-7e20-1f5f99c45bdd" executionId="9c1ed8fb-9963-468d-ac62-676af8906e9b" testListId="8c84fa94-04c1-424b-9868-57a2d4851a1d" />
    <TestEntry testId="045c8bf6-a125-4cc7-ea97-92840facaf8c" executionId="21351ad1-7c62-4efe-8957-f01def00446e" testListId="8c84fa94-04c1-424b-9868-57a2d4851a1d" />
    <TestEntry testId="7a047db0-1460-4125-4e8b-9597fd8903ac" executionId="42ddf76f-821d-45a8-bacc-152bd68aed73" testListId="8c84fa94-04c1-424b-9868-57a2d4851a1d" />
    <TestEntry testId="e21b3708-10d7-42e8-ffee-df7b6c39b490" executionId="bd405479-6e0d-4580-b3ab-a8c10ecf1b9e" testListId="8c84fa94-04c1-424b-9868-57a2d4851a1d" />
    <TestEntry testId="de18d2a0-eb9a-7340-c47f-a8d1354d87c6" executionId="cc87feae-bc28-4de0-b45d-29f8628009ee" testListId="8c84fa94-04c1-424b-9868-57a2d4851a1d" />
    <TestEntry testId="4be3cd04-7dc5-2871-e29c-58620d020d23" executionId="51eeb8b2-fc6d-4907-8cfe-616b6cc2b862" testListId="8c84fa94-04c1-424b-9868-57a2d4851a1d" />
    <TestEntry testId="b15144ba-6fa1-e798-f6e1-3c0304b37cdc" executionId="510c5c8b-4534-497c-83fb-cf7e5130adec" testListId="8c84fa94-04c1-424b-9868-57a2d4851a1d" />
    <TestEntry testId="27024a0d-c4a4-9b33-703d-3eae628ff7b7" executionId="a7ead487-b4ad-4fbe-8e24-187cc3370925" testListId="8c84fa94-04c1-424b-9868-57a2d4851a1d" />
    <TestEntry testId="7f159463-1718-05c2-11b4-872a1a48928c" executionId="13efae9e-e4dc-4093-9914-b796fdbb2bac" testListId="8c84fa94-04c1-424b-9868-57a2d4851a1d" />
    <TestEntry testId="4f6ac798-e899-0d9f-7427-6e1a33b15bbe" executionId="950eb5a2-7788-4b57-b874-ade203a94ec6" testListId="8c84fa94-04c1-424b-9868-57a2d4851a1d" />
    <TestEntry testId="e8f0fd21-916d-9870-c382-51e6dab28bf7" executionId="ac174aea-2b2b-41d1-8c53-f2a5f4ebfb23" testListId="8c84fa94-04c1-424b-9868-57a2d4851a1d" />
    <TestEntry testId="baa2965a-d0c3-d82c-2808-99491aa3ca2a" executionId="9c57963d-ab10-4bae-8124-48eb7a82c3a8" testListId="8c84fa94-04c1-424b-9868-57a2d4851a1d" />
    <TestEntry testId="c7ebd1fd-244d-4f83-5dae-5aa1596ef1ae" executionId="ac61e32c-a3a9-4b68-8025-40e09d0e3b6b" testListId="8c84fa94-04c1-424b-9868-57a2d4851a1d" />
    <TestEntry testId="613be343-b2be-f743-5527-c206b6b5544b" executionId="36eef0bc-fed5-46d3-81b3-6d37154e468c" testListId="8c84fa94-04c1-424b-9868-57a2d4851a1d" />
    <TestEntry testId="7f33c266-5293-1102-634e-a168cf9f51ce" executionId="9ec729a1-c781-474b-9139-af10f221c867" testListId="8c84fa94-04c1-424b-9868-57a2d4851a1d" />
    <TestEntry testId="dc581246-3f52-f7aa-b1c3-b1fc5ff013cb" executionId="63998acc-c8cf-4c45-a690-5d7149bb351c" testListId="8c84fa94-04c1-424b-9868-57a2d4851a1d" />
    <TestEntry testId="f680ccdb-b825-d540-0bca-91e4d38edc44" executionId="95b9c098-7b28-4859-9435-64da5b796c5d" testListId="8c84fa94-04c1-424b-9868-57a2d4851a1d" />
    <TestEntry testId="db8bbe8a-ceff-64c2-6cbe-811416b32f3f" executionId="b0426700-a282-4e32-99de-5321065d61a1" testListId="8c84fa94-04c1-424b-9868-57a2d4851a1d" />
    <TestEntry testId="68dea45f-a5f6-1872-4eb2-12f9b24b87b6" executionId="0969905d-c35c-4074-a565-dd0b212daba7" testListId="8c84fa94-04c1-424b-9868-57a2d4851a1d" />
    <TestEntry testId="14b9eaf7-6c7b-a6b6-600e-33b3d29a34ff" executionId="e9eeabd6-42e3-4fad-ac09-4beec2166bca" testListId="8c84fa94-04c1-424b-9868-57a2d4851a1d" />
    <TestEntry testId="579cd86d-ade3-b04f-4e73-cc7f45867abd" executionId="cda75386-92b1-48fa-89a3-b1ea36c40338" testListId="8c84fa94-04c1-424b-9868-57a2d4851a1d" />
    <TestEntry testId="8e5fce79-4753-f646-2ccc-6615f7b76146" executionId="2e591f19-dd18-4370-a98e-dc171054c667" testListId="8c84fa94-04c1-424b-9868-57a2d4851a1d" />
    <TestEntry testId="b8d63c33-1917-9553-4895-e58cdcf22c51" executionId="f22dfb1b-831e-4587-9d87-9b96c3c72a9e" testListId="8c84fa94-04c1-424b-9868-57a2d4851a1d" />
    <TestEntry testId="e86c1826-03f9-0b12-cb8f-cac6b9497a53" executionId="a9081934-3e62-4454-b7b8-1c0fb7b6b8b7" testListId="8c84fa94-04c1-424b-9868-57a2d4851a1d" />
    <TestEntry testId="4c4ba793-acd6-2342-bd84-51c921cfa7e1" executionId="7731ae83-e537-4573-8c85-69b000b2ca1e" testListId="8c84fa94-04c1-424b-9868-57a2d4851a1d" />
    <TestEntry testId="a89dcca0-1fca-cc7c-4bc2-f0dfb95623a2" executionId="98d453cc-3cf8-4320-98db-103b2ce40b39" testListId="8c84fa94-04c1-424b-9868-57a2d4851a1d" />
    <TestEntry testId="cdc145ee-f901-ab57-6a18-0e4b10a52455" executionId="92001cb9-96e8-4bbd-81c4-5151496f4847" testListId="8c84fa94-04c1-424b-9868-57a2d4851a1d" />
    <TestEntry testId="1125727e-9070-aebc-ddbe-11c8b936943c" executionId="6ed721fc-506d-4944-90d9-db638a47507c" testListId="8c84fa94-04c1-424b-9868-57a2d4851a1d" />
    <TestEntry testId="87556c7a-c811-3916-f8f0-cc21953ed34a" executionId="1730a993-0615-4ca1-8a3b-1f7c638f0e84" testListId="8c84fa94-04c1-424b-9868-57a2d4851a1d" />
    <TestEntry testId="2769df87-2079-ca34-aa50-11c05e896701" executionId="ef653b0c-0f85-4d25-8562-1e076d56c95e" testListId="8c84fa94-04c1-424b-9868-57a2d4851a1d" />
    <TestEntry testId="59b5d0e0-b09f-5236-ef9a-ac47773b88eb" executionId="fea469bb-b1ef-49e2-b5d6-b91783b6312b" testListId="8c84fa94-04c1-424b-9868-57a2d4851a1d" />
    <TestEntry testId="f6c570e2-dbef-9fa5-3696-cc37f7c03613" executionId="8544f7e3-0eb4-4876-8b77-08e4a1fb1af7" testListId="8c84fa94-04c1-424b-9868-57a2d4851a1d" />
    <TestEntry testId="b556ce8a-8fac-830b-d25b-2f2e8312e946" executionId="fe9c6969-37a0-48b7-ae19-32434b42b638" testListId="8c84fa94-04c1-424b-9868-57a2d4851a1d" />
    <TestEntry testId="52f2264e-be3b-0a77-0fa0-1da62bc72b16" executionId="62bee612-a4ec-4ada-839a-f1b186e8d1ca" testListId="8c84fa94-04c1-424b-9868-57a2d4851a1d" />
    <TestEntry testId="58ed8fae-b1e2-6551-8bb5-c320306e5f9b" executionId="a7b42fb5-97d4-46c3-ba04-560bc7dd4d97" testListId="8c84fa94-04c1-424b-9868-57a2d4851a1d" />
    <TestEntry testId="007dc307-c262-91d2-e9d2-1bb8161ac5f2" executionId="129bb3f8-ad70-4a7c-b351-4a22323d44d2" testListId="8c84fa94-04c1-424b-9868-57a2d4851a1d" />
    <TestEntry testId="c9661bbc-135d-5a7e-b0e2-fc2bf753ab58" executionId="6672903f-2bb6-48cd-bb0b-133333c05bba" testListId="8c84fa94-04c1-424b-9868-57a2d4851a1d" />
    <TestEntry testId="596bd4bb-c23e-296c-8937-aa160d73fc09" executionId="c2539953-79ae-470a-a122-e87fe5c6ea02" testListId="8c84fa94-04c1-424b-9868-57a2d4851a1d" />
    <TestEntry testId="0b60d6a0-e418-0a35-30b6-c98f98bd3bd2" executionId="dd525590-20ab-4927-bccb-be1d5872a9b4" testListId="8c84fa94-04c1-424b-9868-57a2d4851a1d" />
    <TestEntry testId="2e2e7da2-fdc6-6675-c7ac-d6c89b58f2b9" executionId="b09ff4c0-8084-4d19-b974-34e6fb468136" testListId="8c84fa94-04c1-424b-9868-57a2d4851a1d" />
    <TestEntry testId="d03e6209-62e6-055d-3d8e-6d4c7c89da52" executionId="09f24dad-f95b-49c9-bd49-94aa51f26ddc" testListId="8c84fa94-04c1-424b-9868-57a2d4851a1d" />
    <TestEntry testId="18fb7472-42b6-6783-8c04-afd2a04081f0" executionId="4e6bbbfb-5232-4c2e-8a94-5ddb65a9a6d3" testListId="8c84fa94-04c1-424b-9868-57a2d4851a1d" />
    <TestEntry testId="572a4f15-0679-ed86-00e5-6d5f8d2fdf41" executionId="8e498a88-1cfb-44f1-a276-2f7567feb963" testListId="8c84fa94-04c1-424b-9868-57a2d4851a1d" />
    <TestEntry testId="add33cd2-634b-615f-2f12-344ec559ce11" executionId="a0165e39-31a6-4693-8aed-7efa4f83e77c" testListId="8c84fa94-04c1-424b-9868-57a2d4851a1d" />
    <TestEntry testId="8b1113a9-b68f-317b-7319-75622b844f5d" executionId="11c971fa-5ca1-448e-8e43-6d17c2c0effe" testListId="8c84fa94-04c1-424b-9868-57a2d4851a1d" />
    <TestEntry testId="7d072065-efde-d9c6-b2e6-67b14a7fafc6" executionId="0f7ecccd-cedd-4ced-a7c5-e16b4e2ca300" testListId="8c84fa94-04c1-424b-9868-57a2d4851a1d" />
    <TestEntry testId="a26b7f64-7e79-bedf-f3dc-8a3a683f1539" executionId="4ca3196b-4b25-4480-9cac-c046712e5171" testListId="8c84fa94-04c1-424b-9868-57a2d4851a1d" />
    <TestEntry testId="97c29793-4fe7-950a-df87-e48d680922ba" executionId="11995f58-d9a3-40f1-a50d-781be2e45fa0" testListId="8c84fa94-04c1-424b-9868-57a2d4851a1d" />
    <TestEntry testId="24ddcf64-b21d-6cb8-b6f1-e31638d2e460" executionId="a07a887a-a3a8-481c-9ae3-6013f4ea8be2" testListId="8c84fa94-04c1-424b-9868-57a2d4851a1d" />
    <TestEntry testId="d3f204c5-e63b-01db-eff7-fd2abf7581d4" executionId="db409f22-d699-4e7c-972b-081ec2eaeaae" testListId="8c84fa94-04c1-424b-9868-57a2d4851a1d" />
    <TestEntry testId="3069839a-a237-8014-4f2e-a3b6a45bf2f6" executionId="3f6b9ebd-1012-4651-a281-83213ba9ada0" testListId="8c84fa94-04c1-424b-9868-57a2d4851a1d" />
    <TestEntry testId="c866b087-c459-5bd9-c02f-4992539dff41" executionId="86c278de-c358-46f3-807d-a6e6f10537b5" testListId="8c84fa94-04c1-424b-9868-57a2d4851a1d" />
    <TestEntry testId="02c8bf5f-b69a-a6b5-5d4c-6bfdbf790b79" executionId="ad7875a2-3027-450c-bcbc-65bbf76ec781" testListId="8c84fa94-04c1-424b-9868-57a2d4851a1d" />
    <TestEntry testId="d38fd5f5-9d8f-3ec2-5250-cbe7182baf74" executionId="62e070e8-6227-435c-a88d-cfbd54094dc8" testListId="8c84fa94-04c1-424b-9868-57a2d4851a1d" />
    <TestEntry testId="c02354b8-e61b-bbba-fb9a-1d603fec76ca" executionId="44c71d81-8936-485f-8fba-3a2f68177702" testListId="8c84fa94-04c1-424b-9868-57a2d4851a1d" />
    <TestEntry testId="0a673555-1c23-c15e-7a26-b9c62c629317" executionId="4a2bea72-cf24-4401-8141-8595464de704" testListId="8c84fa94-04c1-424b-9868-57a2d4851a1d" />
    <TestEntry testId="ad69d8a6-c06d-58d4-4172-3b161fa27cc5" executionId="8d205d1c-0b13-4978-930b-f64b5b65d2a4" testListId="8c84fa94-04c1-424b-9868-57a2d4851a1d" />
    <TestEntry testId="38690d29-b70d-29e9-2422-35f61310d040" executionId="f691c924-6b50-410e-9814-341ffbd0d602" testListId="8c84fa94-04c1-424b-9868-57a2d4851a1d" />
    <TestEntry testId="f3d5d48c-5de1-49d6-a959-0f1cf59202e8" executionId="1e408169-04fe-4374-ad0b-14f24678008e" testListId="8c84fa94-04c1-424b-9868-57a2d4851a1d" />
    <TestEntry testId="63240407-f0b8-3c28-cbdd-8d1ecb6546d9" executionId="71dbad89-4c7a-4239-a740-ec695333f1e1" testListId="8c84fa94-04c1-424b-9868-57a2d4851a1d" />
    <TestEntry testId="f7b0e785-581a-347a-eebf-c9fd4c027bf2" executionId="dae69728-da1e-4493-9159-5f0db565a3b8" testListId="8c84fa94-04c1-424b-9868-57a2d4851a1d" />
    <TestEntry testId="0d3e03fc-d583-66b1-1829-33dbb96b63af" executionId="8e041b1d-dd14-44be-a451-2f93f0f0a4e1" testListId="8c84fa94-04c1-424b-9868-57a2d4851a1d" />
    <TestEntry testId="1024b788-0f6c-ec70-9fce-3044600fe71e" executionId="b5959ee8-a6a5-4862-a425-de1122baa0af" testListId="8c84fa94-04c1-424b-9868-57a2d4851a1d" />
    <TestEntry testId="2a702e24-ce23-c447-5093-142e7fea179b" executionId="b6065731-d6f3-44a1-938a-ad141ec4862c" testListId="8c84fa94-04c1-424b-9868-57a2d4851a1d" />
    <TestEntry testId="8554ee3a-92e8-ae4b-00a0-471cd55bb5ff" executionId="8bf0d73e-ec65-4374-b705-dd60dfc3cd89" testListId="8c84fa94-04c1-424b-9868-57a2d4851a1d" />
    <TestEntry testId="192a9255-01b5-2587-d823-6081f3f25af8" executionId="8e8e96b5-fa67-40ff-bfe9-8dfa7a6f905c" testListId="8c84fa94-04c1-424b-9868-57a2d4851a1d" />
    <TestEntry testId="19a35a0e-fd88-5307-ec77-e90652dcc68e" executionId="5cfed06e-180c-4f95-957a-0fa3d8452f76" testListId="8c84fa94-04c1-424b-9868-57a2d4851a1d" />
    <TestEntry testId="7f01b446-fd58-e061-6dac-6b7cadc821b1" executionId="5021e734-d421-487d-bd94-d43a8c774e64" testListId="8c84fa94-04c1-424b-9868-57a2d4851a1d" />
    <TestEntry testId="a25b079c-443d-a514-f52c-69851b44a8ca" executionId="a703429f-4e0c-4aef-972a-0aa0594a13c3" testListId="8c84fa94-04c1-424b-9868-57a2d4851a1d" />
    <TestEntry testId="f060e1bc-9677-2f33-052e-6b6ff1b7aa46" executionId="7b18a937-8d63-4c75-b58f-f034e660d95d" testListId="8c84fa94-04c1-424b-9868-57a2d4851a1d" />
    <TestEntry testId="7767006e-42c2-91dd-a5f4-b7c92bcaed44" executionId="b838e7fe-e069-47ed-bca0-cdb15b1c4c96" testListId="8c84fa94-04c1-424b-9868-57a2d4851a1d" />
    <TestEntry testId="84f16b31-7532-a581-1d8f-2b6e0a9118d4" executionId="60e7eb70-5758-48c8-b346-11bf8bcd90ce" testListId="8c84fa94-04c1-424b-9868-57a2d4851a1d" />
    <TestEntry testId="ff793bee-7bb6-c95c-fcd6-7c97a2a3d33f" executionId="396bb752-454c-4eeb-8913-3d8b7780802e" testListId="8c84fa94-04c1-424b-9868-57a2d4851a1d" />
    <TestEntry testId="4df533ef-320f-4d4f-fc9d-edac8b1a50c2" executionId="6de16272-0d80-425a-b646-0d353a8a14eb" testListId="8c84fa94-04c1-424b-9868-57a2d4851a1d" />
    <TestEntry testId="bf7ef670-158a-7e54-5051-403b5f25abb8" executionId="60cfddae-3b18-4d83-bb53-a1d048d32e89" testListId="8c84fa94-04c1-424b-9868-57a2d4851a1d" />
    <TestEntry testId="8bdbb215-8b48-8581-d2c5-3a18b4956a11" executionId="41262ac4-a188-4920-ab04-c19261bcbe25" testListId="8c84fa94-04c1-424b-9868-57a2d4851a1d" />
    <TestEntry testId="f14ee32c-852e-c621-2c9e-ef1e0d6b627f" executionId="97131791-1428-4b09-9e55-a4566547beca" testListId="8c84fa94-04c1-424b-9868-57a2d4851a1d" />
    <TestEntry testId="e650ef1d-3c84-0d21-8997-eca654852aba" executionId="d624fdb5-84f5-4caf-a2d5-3f583e599871" testListId="8c84fa94-04c1-424b-9868-57a2d4851a1d" />
    <TestEntry testId="9bc7bcf7-8004-6cab-48da-8376ee284876" executionId="9b6f89c7-e079-47fd-96ef-3443faa38f80" testListId="8c84fa94-04c1-424b-9868-57a2d4851a1d" />
    <TestEntry testId="438ab2a6-c27d-1c66-2906-b3850c33acdd" executionId="10a85bb7-5d2d-454c-931b-19e613c2693f" testListId="8c84fa94-04c1-424b-9868-57a2d4851a1d" />
    <TestEntry testId="99dc8b33-5611-9f89-2e6c-71ba37b0027f" executionId="13aa774f-63c9-444e-b7a4-12f682b367fc" testListId="8c84fa94-04c1-424b-9868-57a2d4851a1d" />
    <TestEntry testId="30c94a5b-cc12-485f-66ca-d20446e6e71c" executionId="d73c4db3-7bc1-43ec-89b7-6c7d1fddef38" testListId="8c84fa94-04c1-424b-9868-57a2d4851a1d" />
    <TestEntry testId="bb78fee1-53ac-74a2-d95a-33a5490eb657" executionId="399808ae-e331-4e84-a966-d91ef3373586" testListId="8c84fa94-04c1-424b-9868-57a2d4851a1d" />
    <TestEntry testId="93f1bcf3-3e64-bc60-a4ae-4a326ad11c09" executionId="837072a4-ce20-40ee-acbb-205457a34e15" testListId="8c84fa94-04c1-424b-9868-57a2d4851a1d" />
    <TestEntry testId="46445acc-286d-c2fb-ea2e-ddfeffbd154f" executionId="50753632-1f22-4af4-b553-dc7db4da5004" testListId="8c84fa94-04c1-424b-9868-57a2d4851a1d" />
    <TestEntry testId="4f5f52a6-14eb-eafe-28e9-33c47f7dbe93" executionId="ad856455-76db-44a4-b387-cc3927e4d21f" testListId="8c84fa94-04c1-424b-9868-57a2d4851a1d" />
    <TestEntry testId="c112f469-cd99-dc1b-2e70-2e52b8dd36da" executionId="b25bf03c-93bf-4522-b0b2-3f9b13d56a0b" testListId="8c84fa94-04c1-424b-9868-57a2d4851a1d" />
    <TestEntry testId="2186aa20-64d1-9c0a-ad70-2cd2c9d3095b" executionId="3f9952b5-cfaa-4554-97ed-a36438ec9851" testListId="8c84fa94-04c1-424b-9868-57a2d4851a1d" />
    <TestEntry testId="41712244-a36c-9907-045b-f0a20f2c3bb0" executionId="46a4a411-279d-44c8-8551-06ead902075a" testListId="8c84fa94-04c1-424b-9868-57a2d4851a1d" />
    <TestEntry testId="14e9dbe6-ea26-e881-9074-387c09768cc0" executionId="00daad6a-17f1-4461-841a-049750052897" testListId="8c84fa94-04c1-424b-9868-57a2d4851a1d" />
    <TestEntry testId="8dbf4027-2751-6fa1-05f4-d51d80f4801f" executionId="e8d21649-f8eb-404e-a0a5-fb585fff76ae" testListId="8c84fa94-04c1-424b-9868-57a2d4851a1d" />
    <TestEntry testId="1042eb54-425b-2a65-815e-38133f42c3a9" executionId="89d92f9d-ad21-4e69-9d98-15c0d873bcdc" testListId="8c84fa94-04c1-424b-9868-57a2d4851a1d" />
    <TestEntry testId="af27a44c-823b-a487-3ef9-c2ed1f6cab38" executionId="7cb89a31-4dd5-4175-a520-717264f8b73a" testListId="8c84fa94-04c1-424b-9868-57a2d4851a1d" />
    <TestEntry testId="73d78083-c3ef-d748-7f1f-89897dcf254b" executionId="62c2dc71-be7f-46f6-89b1-55b67a8a65c8" testListId="8c84fa94-04c1-424b-9868-57a2d4851a1d" />
    <TestEntry testId="f8950b4b-2242-c4fc-70c9-e7f14fafab66" executionId="2e66f0dd-29db-4aa7-bb2e-a526eef13ac1" testListId="8c84fa94-04c1-424b-9868-57a2d4851a1d" />
    <TestEntry testId="6db51ed8-ffcf-5a47-c238-6f8302a39147" executionId="5fa3312d-4009-47b3-94d0-0c713ffbe33b" testListId="8c84fa94-04c1-424b-9868-57a2d4851a1d" />
    <TestEntry testId="7f3f15f2-fa80-4d88-704e-daa3678c8978" executionId="2c8cffaf-2119-412f-b611-32be6db3eb82" testListId="8c84fa94-04c1-424b-9868-57a2d4851a1d" />
    <TestEntry testId="b54b3e49-40a6-8b34-e320-09f1f14cae41" executionId="51bd2cfa-91de-4c05-8ff6-616f1d4ac056" testListId="8c84fa94-04c1-424b-9868-57a2d4851a1d" />
    <TestEntry testId="e7c71363-2344-86c4-7def-aba1db73fa3b" executionId="ed55abf1-3ccf-4ef8-9ba1-cabab04cff86" testListId="8c84fa94-04c1-424b-9868-57a2d4851a1d" />
    <TestEntry testId="72927605-8fcb-4984-9aa4-1b7605c5b21f" executionId="3454d015-f03a-4ced-9ed8-36945ae936d9" testListId="8c84fa94-04c1-424b-9868-57a2d4851a1d" />
    <TestEntry testId="c317bcbb-8d0b-05d6-93f3-66491f60c948" executionId="1016254d-fd2d-42bc-8ac9-ca8db71ae8d4" testListId="8c84fa94-04c1-424b-9868-57a2d4851a1d" />
    <TestEntry testId="ef8ccd7e-30be-f1b5-8fa7-0a66aa8235e7" executionId="28847824-a73e-41f6-8ddd-6251fee877dd" testListId="8c84fa94-04c1-424b-9868-57a2d4851a1d" />
    <TestEntry testId="27d69cd1-05b5-52e7-f8b5-1d7227bafc19" executionId="b6606eda-2cea-420c-81df-c11cc08f1f1e" testListId="8c84fa94-04c1-424b-9868-57a2d4851a1d" />
    <TestEntry testId="6672d981-986f-74a0-0cd8-072bf5296d26" executionId="df98af90-932f-4806-a856-ddcf41a0c4d9" testListId="8c84fa94-04c1-424b-9868-57a2d4851a1d" />
    <TestEntry testId="afd41b04-b781-81a2-5f23-ad147b81710d" executionId="7823b5d0-acd1-482a-9a36-114e363760fb" testListId="8c84fa94-04c1-424b-9868-57a2d4851a1d" />
    <TestEntry testId="45b0908b-5e25-c598-3e4c-ca74380da870" executionId="f3318c91-3aac-49ba-b6e2-31d08d91ff0b" testListId="8c84fa94-04c1-424b-9868-57a2d4851a1d" />
    <TestEntry testId="f2ce1fc8-a5b2-33c5-6cdc-07ceb572a7b4" executionId="ab1c0a52-a986-43bb-8933-f13952d853b3" testListId="8c84fa94-04c1-424b-9868-57a2d4851a1d" />
    <TestEntry testId="58d0606d-948e-e68a-9a50-7569ba9c35fd" executionId="a4392b97-be47-4774-905b-19d0df99c786" testListId="8c84fa94-04c1-424b-9868-57a2d4851a1d" />
    <TestEntry testId="e936ac63-3ddd-ee9a-6efb-db6c0d6ad12a" executionId="499672fc-f51c-4c35-9523-df280ae891d6" testListId="8c84fa94-04c1-424b-9868-57a2d4851a1d" />
    <TestEntry testId="5e9f0624-8c6b-a4dc-0551-926086117b63" executionId="1ce85339-acbb-495e-b116-3ad58b810555" testListId="8c84fa94-04c1-424b-9868-57a2d4851a1d" />
    <TestEntry testId="48b44b24-8006-bddd-11f0-20e8aa3815a4" executionId="6312c3f9-6bdf-4db8-867d-e0c19f06bcf1" testListId="8c84fa94-04c1-424b-9868-57a2d4851a1d" />
    <TestEntry testId="4289f507-0979-779f-62c5-768b428c46ce" executionId="d130d93f-d662-4fc0-ba75-3d230ac7aa85" testListId="8c84fa94-04c1-424b-9868-57a2d4851a1d" />
    <TestEntry testId="b1d42310-5135-801f-b50b-9058f309c8ef" executionId="a50e2847-8ae7-42ed-895f-080d6ed797ca" testListId="8c84fa94-04c1-424b-9868-57a2d4851a1d" />
    <TestEntry testId="4f4fb14a-1604-f75e-dd8f-adc3674743de" executionId="5849d85a-58b8-402f-b792-88e011bb3840" testListId="8c84fa94-04c1-424b-9868-57a2d4851a1d" />
    <TestEntry testId="ad346ebe-4d24-5a7b-90e8-c4f790cfc420" executionId="a73cf344-0e66-48fe-bb03-d02cb1e12354" testListId="8c84fa94-04c1-424b-9868-57a2d4851a1d" />
    <TestEntry testId="2e6a3f10-92bf-50c8-8752-9f054c354e47" executionId="0ddac03c-1ed9-41a6-9381-4d761a3fef9b" testListId="8c84fa94-04c1-424b-9868-57a2d4851a1d" />
    <TestEntry testId="fcc3e5db-6049-301b-8c84-c3ccb8934a51" executionId="8629e566-4f3e-4038-944d-9e5744a0f6bc" testListId="8c84fa94-04c1-424b-9868-57a2d4851a1d" />
    <TestEntry testId="60dd30f3-a903-297d-e908-cae403957ef7" executionId="18ac3e6f-e6ed-4337-af79-8f2790c0e1c7" testListId="8c84fa94-04c1-424b-9868-57a2d4851a1d" />
    <TestEntry testId="7bd67fb0-fe9f-8a7a-c2fd-7fef6edfe8ae" executionId="4b570020-43ab-4383-a5d3-064b19386ca1" testListId="8c84fa94-04c1-424b-9868-57a2d4851a1d" />
    <TestEntry testId="994064d3-1603-4749-b2a7-2db1751b5a2f" executionId="78197cb7-3752-4f23-97fe-7dd1425d0219" testListId="8c84fa94-04c1-424b-9868-57a2d4851a1d" />
    <TestEntry testId="42c6fb16-68bb-341c-1cc0-47d511ba8226" executionId="ab7189cc-e32c-4d9a-9f2f-e22a41e3deee" testListId="8c84fa94-04c1-424b-9868-57a2d4851a1d" />
    <TestEntry testId="eaa90d5e-d1a4-51a9-c707-89c4759a8728" executionId="80ed547d-27b9-4f15-8088-59a47cb8aacd" testListId="8c84fa94-04c1-424b-9868-57a2d4851a1d" />
    <TestEntry testId="79a9feaf-1653-0e3b-ad24-c5bcafa5bfd3" executionId="8ccd6db5-25ca-4ffe-b61e-a58199bd66f8" testListId="8c84fa94-04c1-424b-9868-57a2d4851a1d" />
    <TestEntry testId="9235f9cd-aacc-c722-dcd6-2b738096ea57" executionId="797f58c5-ed1d-47a8-9ac8-bc2624a880c9" testListId="8c84fa94-04c1-424b-9868-57a2d4851a1d" />
    <TestEntry testId="7cbc2f19-1b58-664d-7524-402eff01fe31" executionId="e6a4247a-704c-4e51-86f7-1cb538603487" testListId="8c84fa94-04c1-424b-9868-57a2d4851a1d" />
    <TestEntry testId="854d64e6-f216-ec30-4254-bfa1fc3c775f" executionId="ff3017e9-7ade-47af-a926-fe374d74861e" testListId="8c84fa94-04c1-424b-9868-57a2d4851a1d" />
    <TestEntry testId="a3d5acd3-a6b2-a51f-c547-f4dc75e9c4c6" executionId="90c21061-7a6d-4807-91fe-7d9c7439b14e" testListId="8c84fa94-04c1-424b-9868-57a2d4851a1d" />
    <TestEntry testId="a83c1b38-986f-a393-a33b-e3193e3c990e" executionId="89c3f961-415c-48ae-aee0-87db47117936" testListId="8c84fa94-04c1-424b-9868-57a2d4851a1d" />
    <TestEntry testId="f388a3e6-9534-0783-e279-6d716f068f1a" executionId="500d0876-aadb-48e5-a2a2-62746f4a9a01" testListId="8c84fa94-04c1-424b-9868-57a2d4851a1d" />
    <TestEntry testId="7172f30e-8d82-f82b-ba08-42b13c6e074e" executionId="e05248f5-e5a8-4733-8116-520bed86977a" testListId="8c84fa94-04c1-424b-9868-57a2d4851a1d" />
    <TestEntry testId="b7148bf5-0b3f-9814-51de-caed3a6211f1" executionId="6ba7b78e-cbac-4f88-84eb-3e3bfde184bf" testListId="8c84fa94-04c1-424b-9868-57a2d4851a1d" />
    <TestEntry testId="049705c9-addf-9e06-25ab-cf8db64dfbd1" executionId="fac8825e-2726-4226-a8bf-efd946082ca2" testListId="8c84fa94-04c1-424b-9868-57a2d4851a1d" />
    <TestEntry testId="dd86aa80-82ce-e766-9b8d-f092ca06f5f0" executionId="4ab6c966-5500-43d3-a41c-4ee7d2cb71d1" testListId="8c84fa94-04c1-424b-9868-57a2d4851a1d" />
    <TestEntry testId="94ecbf7d-0fef-cb0a-38b8-b88013bbc2cf" executionId="082c79b8-2a7f-4fbc-a4f0-ea7267af611b" testListId="8c84fa94-04c1-424b-9868-57a2d4851a1d" />
    <TestEntry testId="5317fecf-0f50-cf31-c654-03788a80389d" executionId="e9238a72-c574-4bbd-928b-b2eaae8bbc73" testListId="8c84fa94-04c1-424b-9868-57a2d4851a1d" />
    <TestEntry testId="9dd3354c-bf59-5228-e693-447aa2944691" executionId="c05ef0ef-5985-4c44-a8db-79e44d726923" testListId="8c84fa94-04c1-424b-9868-57a2d4851a1d" />
    <TestEntry testId="9620f279-0444-fbaf-f689-7c3d15d278c0" executionId="7fe81e25-3318-4754-8472-d8b7dd4ccbe6" testListId="8c84fa94-04c1-424b-9868-57a2d4851a1d" />
    <TestEntry testId="06fee05e-b4f1-5c82-e9ad-734a4e3cab51" executionId="0f73e24f-cfcc-492e-a3b1-8a3467a38648" testListId="8c84fa94-04c1-424b-9868-57a2d4851a1d" />
    <TestEntry testId="9a6ac8c8-98c1-ceb7-85de-79bfc88b6808" executionId="49ac2d94-64c8-4860-b6f9-d4165d3b0462" testListId="8c84fa94-04c1-424b-9868-57a2d4851a1d" />
    <TestEntry testId="f772d350-babd-4d6a-9c31-77e6d94a4a16" executionId="7450c0b9-f49b-499e-a66b-7a001319f8a7" testListId="8c84fa94-04c1-424b-9868-57a2d4851a1d" />
    <TestEntry testId="0f0607ca-a04d-cf0f-0396-19992453db9b" executionId="292e228c-41ed-4780-93cf-e2f802891171" testListId="8c84fa94-04c1-424b-9868-57a2d4851a1d" />
    <TestEntry testId="9ea3be32-87f7-ace3-b563-96a343d9e4ee" executionId="2b57d411-6c48-4bf9-ae88-5b80fab81db7" testListId="8c84fa94-04c1-424b-9868-57a2d4851a1d" />
    <TestEntry testId="6557fe98-ae99-33f3-3d1b-73fa00bd0a18" executionId="6e737846-4027-4ae6-bee4-f11ea9d5cc69" testListId="8c84fa94-04c1-424b-9868-57a2d4851a1d" />
    <TestEntry testId="1a62574d-0882-5867-c412-1c977a9a5077" executionId="732e3e76-bf3f-4c91-b3c9-314af0b87b45" testListId="8c84fa94-04c1-424b-9868-57a2d4851a1d" />
    <TestEntry testId="19f1aadd-9070-6326-5171-09dae4742548" executionId="07daf231-823f-4161-a0d9-cb67e18d7dcb" testListId="8c84fa94-04c1-424b-9868-57a2d4851a1d" />
    <TestEntry testId="034943a9-8865-a97d-5354-e6b80215141e" executionId="ba0fe0c2-5001-46d8-b056-3f250c95f013" testListId="8c84fa94-04c1-424b-9868-57a2d4851a1d" />
    <TestEntry testId="45182d86-4a2e-c6a7-2fc0-effd2fc600dd" executionId="b0de64b4-4711-4ff3-af92-dbc37c4fae17" testListId="8c84fa94-04c1-424b-9868-57a2d4851a1d" />
    <TestEntry testId="661cbfbf-7f6a-c6f0-4efd-f4176b075119" executionId="6b4c350f-84a0-41a9-a239-c71d1843431c" testListId="8c84fa94-04c1-424b-9868-57a2d4851a1d" />
    <TestEntry testId="f4572416-d469-fb6e-eb78-59f5e42e6137" executionId="c8ad81f5-f74d-4229-a55a-069f49468b7c" testListId="8c84fa94-04c1-424b-9868-57a2d4851a1d" />
    <TestEntry testId="45950b3b-7279-4235-58b8-5ba2729ce369" executionId="7d5013ac-fefd-4276-9a8b-1fb7d6c3cd51" testListId="8c84fa94-04c1-424b-9868-57a2d4851a1d" />
    <TestEntry testId="448b9441-c00a-abdc-615b-f41dab205fd2" executionId="771a098a-7884-4348-97f1-a6717cb97d6e" testListId="8c84fa94-04c1-424b-9868-57a2d4851a1d" />
    <TestEntry testId="340bc218-aaaf-3ea2-641c-cbf23fffa364" executionId="d14c660b-5b40-41d7-8627-c089dfcf718f" testListId="8c84fa94-04c1-424b-9868-57a2d4851a1d" />
    <TestEntry testId="c08d9c3e-8949-8fae-0a0f-f92d780d0c2b" executionId="d7633b56-6057-445a-9f90-d222d5314614" testListId="8c84fa94-04c1-424b-9868-57a2d4851a1d" />
    <TestEntry testId="66f17dac-8109-3ef2-1c29-7b6aa188a487" executionId="d741c757-fa7e-4678-b534-5324781312d6" testListId="8c84fa94-04c1-424b-9868-57a2d4851a1d" />
    <TestEntry testId="8db71d3b-06ce-e829-2435-a4d3930e3e2d" executionId="d27803a3-e7a7-4c8f-b2df-51b684a1629b" testListId="8c84fa94-04c1-424b-9868-57a2d4851a1d" />
    <TestEntry testId="2dff6476-7458-b327-ca33-927c3ed4e88e" executionId="46c1b505-4bad-497b-8a73-31eb1e9ca679" testListId="8c84fa94-04c1-424b-9868-57a2d4851a1d" />
    <TestEntry testId="0f9e185a-7090-f052-a328-29a8f842fca3" executionId="18ccb0df-ec59-417a-84c8-3d636463c2e4" testListId="8c84fa94-04c1-424b-9868-57a2d4851a1d" />
    <TestEntry testId="df68c3e3-696e-6818-b98a-bd15632d5edb" executionId="cf9e670b-46a4-4ee2-8f6d-b66a38b3520a" testListId="8c84fa94-04c1-424b-9868-57a2d4851a1d" />
    <TestEntry testId="2286024f-1789-99cc-21bd-96692a7add5e" executionId="79bd9943-ba30-43f9-8bd9-0a4c7350953e" testListId="8c84fa94-04c1-424b-9868-57a2d4851a1d" />
    <TestEntry testId="f4f72313-0ead-049f-7501-79e27725feb6" executionId="623fcdf3-1a44-44dd-934f-cc1addc14956" testListId="8c84fa94-04c1-424b-9868-57a2d4851a1d" />
    <TestEntry testId="64db9558-0fb1-9f7b-6647-3fd4ec43b64c" executionId="73d42bfb-1d82-4df4-9846-7aeed9ad2468" testListId="8c84fa94-04c1-424b-9868-57a2d4851a1d" />
    <TestEntry testId="c1cf2541-8d10-ed9c-f227-b64af84eea63" executionId="a3dbe197-803a-4398-b6d1-0f415489be2f" testListId="8c84fa94-04c1-424b-9868-57a2d4851a1d" />
    <TestEntry testId="790a0c5a-fa4d-745d-2b4e-bcf1c7db4cc2" executionId="d9492bde-4a84-4a27-82fb-cfb47c22a6a4" testListId="8c84fa94-04c1-424b-9868-57a2d4851a1d" />
    <TestEntry testId="52a38faf-f171-cae3-12f2-131c4188a0ed" executionId="ed33efbd-7922-4691-9fa6-acd694407bd2" testListId="8c84fa94-04c1-424b-9868-57a2d4851a1d" />
    <TestEntry testId="ae38c3b3-51cd-0bc9-5c9c-a436d2389676" executionId="442601e7-77f8-4641-b1a0-739d812ecca4" testListId="8c84fa94-04c1-424b-9868-57a2d4851a1d" />
    <TestEntry testId="434ab216-7c43-48dc-b272-591bfeb013ea" executionId="d4152b07-8873-45ac-b622-bae37fa9ed2a" testListId="8c84fa94-04c1-424b-9868-57a2d4851a1d" />
    <TestEntry testId="0b5454ef-a507-0742-1972-2936a8880d59" executionId="7d7bc954-61f6-4d25-80d7-3b733011fbd6" testListId="8c84fa94-04c1-424b-9868-57a2d4851a1d" />
    <TestEntry testId="ca33b1b0-1b91-67d0-92a1-0b3f609036d7" executionId="ff565dfa-497b-43fa-af8d-7d5210097d37" testListId="8c84fa94-04c1-424b-9868-57a2d4851a1d" />
    <TestEntry testId="b1730c44-ec24-4d42-d35e-23e9bebdc479" executionId="ee302b5f-b29b-4acc-8212-7933a686b437" testListId="8c84fa94-04c1-424b-9868-57a2d4851a1d" />
    <TestEntry testId="ea88fae1-5984-04cb-a048-04dc6e976a0f" executionId="148554ec-5f02-479a-9960-5547e67e47ed" testListId="8c84fa94-04c1-424b-9868-57a2d4851a1d" />
    <TestEntry testId="fc1f9ea9-c0db-f212-1c75-565ff8d9e451" executionId="bdbc5915-7740-436e-84f6-079ee9e32193" testListId="8c84fa94-04c1-424b-9868-57a2d4851a1d" />
    <TestEntry testId="f54cadc8-7a04-e361-2f00-a85dd43c7937" executionId="667ecbda-a0a1-40b9-96e9-84c2968d2aa5" testListId="8c84fa94-04c1-424b-9868-57a2d4851a1d" />
    <TestEntry testId="179cd508-b180-d68a-f6ba-4781efd61b3e" executionId="c0f82a29-de4c-4c9d-a32e-084c19881da2" testListId="8c84fa94-04c1-424b-9868-57a2d4851a1d" />
    <TestEntry testId="2a75e0eb-806f-9865-07da-ba945bd2644d" executionId="13c0f4a3-5234-43bd-89f3-a457f497abd1" testListId="8c84fa94-04c1-424b-9868-57a2d4851a1d" />
    <TestEntry testId="a4bca550-3fbb-c50a-7394-3d7417e019bb" executionId="c0806735-517d-45b7-b4f8-d8c38332480c" testListId="8c84fa94-04c1-424b-9868-57a2d4851a1d" />
    <TestEntry testId="20851725-1dfc-4451-4835-01d059023444" executionId="27ea264f-8eb0-419f-a11c-1f16447cd0b7" testListId="8c84fa94-04c1-424b-9868-57a2d4851a1d" />
    <TestEntry testId="d1945d8a-81da-ccad-310e-b6572d775454" executionId="c81b7d23-ad9b-4cdf-9381-e35b80794750" testListId="8c84fa94-04c1-424b-9868-57a2d4851a1d" />
  </TestEntries>
  <TestLists>
    <TestList name="Results Not in a List" id="8c84fa94-04c1-424b-9868-57a2d4851a1d" />
    <TestList name="All Loaded Results" id="19431567-8539-422a-85d7-44ee4e166bda" />
  </TestLists>
  <ResultSummary outcome="Completed">
    <Counters total="1118" executed="1101" passed="1101" failed="0" error="0" timeout="0" aborted="0" inconclusive="0" passedButRunAborted="0" notRunnable="0" notExecuted="0" disconnected="0" warning="0" completed="0" inProgress="0" pending="0" />
    <Output>
      <StdOut>Test 'CountArgs' was skipped in the test run.Test 'Invoke_SyncEventResumeUnknownBookmark_ActivityCanNotResume' was skipped in the test run.Test 'Invoke_SyncEvent_Success' was skipped in the test run.Test 'Invoke_InArgumentTimeoutIs25000Days_ThrowsException' was skipped in the test run.Test 'Invoke_AllInArguments_ExecutesGetNextFileActivity' was skipped in the test run.Test 'AddSubscription_InvokedTwice_FileSystemWatcherIsActivatedOnce' was skipped in the test run.Test 'RemoveBookmark_BookmarkIsAdded_ProviderDoDeactivateOnce' was skipped in the test run.Test 'RemoveBookmark_TwoBookmarksAddedInvokedOncePerBookmark_ProviderDoDeactivateOnce' was skipped in the test run.Test 'ErrorEventTriggered_BookmarkIsAdded_AddedBookmarkIsReceivedInEventHandler' was skipped in the test run.Test 'ErrorEventTriggered_BookmarkIsAdded_TestExceptionIsReceivedInEventHandler' was skipped in the test run.Test 'FileFoundEventTriggered_BookmarkIsAdded_AddedBookmarkIsReceivedInEventHandler' was skipped in the test run.Test 'FileFoundEventTriggered_BookmarkIsAdded_CorrectFileIsReceivedInEventHandler' was skipped in the test run.Test 'TimeoutEventTriggered_BookmarkIsAdded_AddedBookmarkIsReceivedInEventHandler' was skipped in the test run.Test 'TimeoutEventTriggered_BookmarkIsAdded_TimeoutExceptionIsReceivedInEventHandler' was skipped in the test run.Test 'EventTriggered_BookmarksAdded_AddedBookmarksAreReceivedAsFIFO' was skipped in the test run.Test 'EventTriggered_TwoBookmarksAdded_ProviderDoReactivate' was skipped in the test run.Test 'EventTriggered_OneBookmarkAdded_ProviderDoNotReactivate' was skipped in the test run.</StdOut>
    </Output>
  </ResultSummary>
</TestRun>