<?xml version="1.0" encoding="UTF-8"?>
<TestRun id="5467b10a-48b6-4295-83e6-52b49aa685c4" name="bacemi@ICSWS068 2016-08-04 09:58:27" runUser="ICORE\bacemi" xmlns="http://microsoft.com/schemas/VisualStudio/TeamTest/2010">
  <Times creation="2016-08-04T09:58:27.3587738+02:00" queuing="2016-08-04T09:58:27.3587738+02:00" start="2016-08-04T09:58:26.5131882+02:00" finish="2016-08-04T09:58:27.7830777+02:00" />
  <TestSettings name="default" id="c2dad5ac-f850-4d1f-94ec-8e5616d7be71">
    <Execution>
      <TestTypeSpecific />
    </Execution>
    <Deployment runDeploymentRoot="bacemi_ICSWS068 2016-08-04 09_58_27" />
    <Properties />
  </TestSettings>
  <Results>
    <UnitTestResult executionId="a2b3883a-d0af-4229-9b27-13af18a2ae79" testId="6db94d1c-b3d7-83f7-cf5c-8acd2bbc8aa2" testName="Invoke_SourceMissing_ThrowsArgumentException" computerName="ICSWS068" duration="00:00:00.4489921" startTime="2016-08-04T09:58:26.5131882+02:00" endTime="2016-08-04T09:58:27.2074165+02:00" testType="13cdc9d9-ddb5-4fa4-a97d-d965ccfc6d4b" outcome="Passed" testListId="8c84fa94-04c1-424b-9868-57a2d4851a1d" relativeResultsDirectory="a2b3883a-d0af-4229-9b27-13af18a2ae79" />
    <UnitTestResult executionId="27122856-de18-4299-921d-6bc48f0258d0" testId="163e1995-bf8f-c4c7-13ec-4b9de7a29d60" testName="Invoke_ConfigNullValidateCertTrue_ThrowsArgumentNullException" computerName="ICSWS068" duration="00:00:00.0102434" startTime="2016-08-04T09:58:27.2109182+02:00" endTime="2016-08-04T09:58:27.2229268+02:00" testType="13cdc9d9-ddb5-4fa4-a97d-d965ccfc6d4b" outcome="Passed" testListId="8c84fa94-04c1-424b-9868-57a2d4851a1d" relativeResultsDirectory="27122856-de18-4299-921d-6bc48f0258d0" />
    <UnitTestResult executionId="33a2dcc3-177f-4212-8b5c-ab640b7facdb" testId="de5106e1-629c-f51a-4eed-9d5f5087af30" testName="Invoke_ConfigNullValidateCertFalse_RunsToCompletion" computerName="ICSWS068" duration="00:00:00.0228132" startTime="2016-08-04T09:58:27.2259291+02:00" endTime="2016-08-04T09:58:27.2499501+02:00" testType="13cdc9d9-ddb5-4fa4-a97d-d965ccfc6d4b" outcome="Passed" testListId="8c84fa94-04c1-424b-9868-57a2d4851a1d" relativeResultsDirectory="33a2dcc3-177f-4212-8b5c-ab640b7facdb" />
    <UnitTestResult executionId="a78113a4-be5e-4944-a204-1815b7dba065" testId="b2214e34-a6a3-09c6-79f2-8ecbf51bad99" testName="Invoke_ConfigNotSetValidateCertFalse_RunsToCompletion" computerName="ICSWS068" duration="00:00:00.0055007" startTime="2016-08-04T09:58:27.2534709+02:00" endTime="2016-08-04T09:58:27.2599761+02:00" testType="13cdc9d9-ddb5-4fa4-a97d-d965ccfc6d4b" outcome="Passed" testListId="8c84fa94-04c1-424b-9868-57a2d4851a1d" relativeResultsDirectory="a78113a4-be5e-4944-a204-1815b7dba065" />
    <UnitTestResult executionId="7f0b8770-a117-4ea9-ac7e-394db67fb159" testId="69ab2b4c-283c-99c5-8adf-4ca535262352" testName="Invoke_PerformAllChecks_RunsToCompletion" computerName="ICSWS068" duration="00:00:00.0076968" startTime="2016-08-04T09:58:27.2629775+02:00" endTime="2016-08-04T09:58:27.2719838+02:00" testType="13cdc9d9-ddb5-4fa4-a97d-d965ccfc6d4b" outcome="Passed" testListId="8c84fa94-04c1-424b-9868-57a2d4851a1d" relativeResultsDirectory="7f0b8770-a117-4ea9-ac7e-394db67fb159" />
    <UnitTestResult executionId="91326fb8-8bb4-453e-86e0-7af21e57c2ab" testId="cb6b053c-8607-c8e8-37cb-3994b24a6413" testName="Invoke_ValidateCertificateTrue_ValidateCertificateCalledOnce" computerName="ICSWS068" duration="00:00:00.0147319" startTime="2016-08-04T09:58:27.2744858+02:00" endTime="2016-08-04T09:58:27.2909981+02:00" testType="13cdc9d9-ddb5-4fa4-a97d-d965ccfc6d4b" outcome="Passed" testListId="8c84fa94-04c1-424b-9868-57a2d4851a1d" relativeResultsDirectory="91326fb8-8bb4-453e-86e0-7af21e57c2ab" />
    <UnitTestResult executionId="2eacb9fb-6ed4-45e1-a1de-74ac2bcb9c1c" testId="f184f188-ffed-a0ef-cde2-1fb5a98b8f86" testName="Invoke_SignerCertificateNull_ValidateCertificateNeverCalled" computerName="ICSWS068" duration="00:00:00.0074951" startTime="2016-08-04T09:58:27.2934992+02:00" endTime="2016-08-04T09:58:27.3025064+02:00" testType="13cdc9d9-ddb5-4fa4-a97d-d965ccfc6d4b" outcome="Passed" testListId="8c84fa94-04c1-424b-9868-57a2d4851a1d" relativeResultsDirectory="2eacb9fb-6ed4-45e1-a1de-74ac2bcb9c1c" />
    <UnitTestResult executionId="788a1ddd-d717-45e4-b2df-54a248ad99db" testId="52968a53-71c5-0583-d92a-aee762359626" testName="Invoke_ValidateCertificateFalse_ValidateCertificateNeverCalled" computerName="ICSWS068" duration="00:00:00.0066561" startTime="2016-08-04T09:58:27.3050076+02:00" endTime="2016-08-04T09:58:27.3131749+02:00" testType="13cdc9d9-ddb5-4fa4-a97d-d965ccfc6d4b" outcome="Passed" testListId="8c84fa94-04c1-424b-9868-57a2d4851a1d" relativeResultsDirectory="788a1ddd-d717-45e4-b2df-54a248ad99db" />
    <UnitTestResult executionId="7d1231e1-2b13-4558-8141-8477d8253fba" testId="12c4c2a0-42c0-1fe7-d3d3-35fdfb8e759f" testName="Invoke_ValidateReferencesTrue_ValidateReferencesCalledOnce" computerName="ICSWS068" duration="00:00:00.0063458" startTime="2016-08-04T09:58:27.3156956+02:00" endTime="2016-08-04T09:58:27.3237539+02:00" testType="13cdc9d9-ddb5-4fa4-a97d-d965ccfc6d4b" outcome="Passed" testListId="8c84fa94-04c1-424b-9868-57a2d4851a1d" relativeResultsDirectory="7d1231e1-2b13-4558-8141-8477d8253fba" />
    <UnitTestResult executionId="a4b012af-2f25-4795-85ea-484c1ed0553a" testId="3c180bc4-c9c1-015f-ab23-2ed4e78c88d0" testName="Invoke_ValidateReferencesFalse_ValidateReferencesNeverCalled" computerName="ICSWS068" duration="00:00:00.0063206" startTime="2016-08-04T09:58:27.3262403+02:00" endTime="2016-08-04T09:58:27.3342487+02:00" testType="13cdc9d9-ddb5-4fa4-a97d-d965ccfc6d4b" outcome="Passed" testListId="8c84fa94-04c1-424b-9868-57a2d4851a1d" relativeResultsDirectory="a4b012af-2f25-4795-85ea-484c1ed0553a" />
    <UnitTestResult executionId="64cfef80-7367-406d-8ad5-35843f3cdd50" testId="1c0b229d-aa22-9a39-2b95-101b6b667241" testName="Invoke_HasDestination_DestinationPassedToRemoveSignature" computerName="ICSWS068" duration="00:00:00.0072781" startTime="2016-08-04T09:58:27.3377507+02:00" endTime="2016-08-04T09:58:27.3462617+02:00" testType="13cdc9d9-ddb5-4fa4-a97d-d965ccfc6d4b" outcome="Passed" testListId="8c84fa94-04c1-424b-9868-57a2d4851a1d" relativeResultsDirectory="64cfef80-7367-406d-8ad5-35843f3cdd50" />
    <UnitTestResult executionId="40034f06-f8b0-4a32-9aca-4d8f862883b9" testId="9a6228d8-61ae-9f9f-b592-5f99698f2bb9" testName="Invoke_NoDestination_RemoveSignatureNotCalled" computerName="ICSWS068" duration="00:00:00.0072103" startTime="2016-08-04T09:58:27.3507648+02:00" endTime="2016-08-04T09:58:27.3597747+02:00" testType="13cdc9d9-ddb5-4fa4-a97d-d965ccfc6d4b" outcome="Passed" testListId="8c84fa94-04c1-424b-9868-57a2d4851a1d" relativeResultsDirectory="40034f06-f8b0-4a32-9aca-4d8f862883b9" />
    <UnitTestResult executionId="5cbdfccc-7fb6-40d9-a8de-4009ee2df493" testId="2891d12f-bd97-eebb-3d32-2cfa29eed88c" testName="Invoke_KeyMaterialIsNotNull_PassItOnToBackend" computerName="ICSWS068" duration="00:00:00.0071851" startTime="2016-08-04T09:58:27.3622934+02:00" endTime="2016-08-04T09:58:27.3715375+02:00" testType="13cdc9d9-ddb5-4fa4-a97d-d965ccfc6d4b" outcome="Passed" testListId="8c84fa94-04c1-424b-9868-57a2d4851a1d" relativeResultsDirectory="5cbdfccc-7fb6-40d9-a8de-4009ee2df493" />
    <UnitTestResult executionId="77434659-130e-4c06-8e2e-3b2a27660106" testId="7a575d7e-6e4f-ab7a-30dc-1e21e78c19fd" testName="Invoke_KeyMaterialIsNull_DoNotPassItOnToBackend" computerName="ICSWS068" duration="00:00:00.0054174" startTime="2016-08-04T09:58:27.3745556+02:00" endTime="2016-08-04T09:58:27.3815450+02:00" testType="13cdc9d9-ddb5-4fa4-a97d-d965ccfc6d4b" outcome="Passed" testListId="8c84fa94-04c1-424b-9868-57a2d4851a1d" relativeResultsDirectory="77434659-130e-4c06-8e2e-3b2a27660106" />
    <UnitTestResult executionId="e8a12141-8dd7-4548-9cfc-8727828dc0a8" testId="f3b7180e-9f2b-9c00-d8a2-d23dd451bf57" testName="Invoke_ReferenceValidationFalse_PassedOnCorrectlyToResult" computerName="ICSWS068" duration="00:00:00.0147926" startTime="2016-08-04T09:58:27.3846250+02:00" endTime="2016-08-04T09:58:27.4011564+02:00" testType="13cdc9d9-ddb5-4fa4-a97d-d965ccfc6d4b" outcome="Passed" testListId="8c84fa94-04c1-424b-9868-57a2d4851a1d" relativeResultsDirectory="e8a12141-8dd7-4548-9cfc-8727828dc0a8" />
    <UnitTestResult executionId="bf0d2c48-5960-4884-a718-1c239817d9fe" testId="a1c08afb-c437-7acf-5be5-4fc588fed323" testName="Invoke_ReferenceValidationTrue_PassedOnCorrectlyToResult" computerName="ICSWS068" duration="00:00:00.0059925" startTime="2016-08-04T09:58:27.4036616+02:00" endTime="2016-08-04T09:58:27.4111670+02:00" testType="13cdc9d9-ddb5-4fa4-a97d-d965ccfc6d4b" outcome="Passed" testListId="8c84fa94-04c1-424b-9868-57a2d4851a1d" relativeResultsDirectory="bf0d2c48-5960-4884-a718-1c239817d9fe" />
    <UnitTestResult executionId="2287888c-a8b9-4aac-a24c-392fb64f32ee" testId="4e41644b-cf53-e28f-71ed-39bd08cf37e8" testName="Invoke_SignatureValidationTrue_PassedOnCorrectlyToResult" computerName="ICSWS068" duration="00:00:00.0061728" startTime="2016-08-04T09:58:27.4136864+02:00" endTime="2016-08-04T09:58:27.4211765+02:00" testType="13cdc9d9-ddb5-4fa4-a97d-d965ccfc6d4b" outcome="Passed" testListId="8c84fa94-04c1-424b-9868-57a2d4851a1d" relativeResultsDirectory="2287888c-a8b9-4aac-a24c-392fb64f32ee" />
    <UnitTestResult executionId="63f7956f-804b-46fc-b361-d5992d5d7919" testId="016a25e3-8edf-33c8-dc08-6d88c443e77c" testName="Invoke_SignatureValidationFalse_PassedOnCorrectlyToResult" computerName="ICSWS068" duration="00:00:00.0060722" startTime="2016-08-04T09:58:27.4244718+02:00" endTime="2016-08-04T09:58:27.4319778+02:00" testType="13cdc9d9-ddb5-4fa4-a97d-d965ccfc6d4b" outcome="Passed" testListId="8c84fa94-04c1-424b-9868-57a2d4851a1d" relativeResultsDirectory="63f7956f-804b-46fc-b361-d5992d5d7919" />
    <UnitTestResult executionId="ffd8f370-d500-4c75-ac03-67d53bec5cf9" testId="f9da89e3-92b1-9c52-a984-02791d227a81" testName="Invoke_CertificateValidationNotCalled_FalseInResult" computerName="ICSWS068" duration="00:00:00.0070628" startTime="2016-08-04T09:58:27.4349813+02:00" endTime="2016-08-04T09:58:27.4430084+02:00" testType="13cdc9d9-ddb5-4fa4-a97d-d965ccfc6d4b" outcome="Passed" testListId="8c84fa94-04c1-424b-9868-57a2d4851a1d" relativeResultsDirectory="ffd8f370-d500-4c75-ac03-67d53bec5cf9" />
    <UnitTestResult executionId="0893906f-22dc-43ee-ab35-cc985e8d3201" testId="892ae42b-5384-b2df-9137-5c15fcae3ff1" testName="Invoke_CertificateValidationInvalid_FalseInResult" computerName="ICSWS068" duration="00:00:00.0091757" startTime="2016-08-04T09:58:27.4459931+02:00" endTime="2016-08-04T09:58:27.4565085+02:00" testType="13cdc9d9-ddb5-4fa4-a97d-d965ccfc6d4b" outcome="Passed" testListId="8c84fa94-04c1-424b-9868-57a2d4851a1d" relativeResultsDirectory="0893906f-22dc-43ee-ab35-cc985e8d3201" />
    <UnitTestResult executionId="7940449e-321d-4d8c-b6a5-90baea062bdd" testId="aa0cb307-dbee-5464-b81b-ef93d38a28e8" testName="Invoke_CertificateValidationOk_TrueInResult" computerName="ICSWS068" duration="00:00:00.0075734" startTime="2016-08-04T09:58:27.4590070+02:00" endTime="2016-08-04T09:58:27.4680168+02:00" testType="13cdc9d9-ddb5-4fa4-a97d-d965ccfc6d4b" outcome="Passed" testListId="8c84fa94-04c1-424b-9868-57a2d4851a1d" relativeResultsDirectory="7940449e-321d-4d8c-b6a5-90baea062bdd" />
    <UnitTestResult executionId="04216a42-39ed-4cec-b40b-10fd61f2f6c9" testId="5ff104ca-4788-49d5-ad61-5f271eca13f9" testName="Invoke_ValidArguments_ResultIsNotNull" computerName="ICSWS068" duration="00:00:00.0056462" startTime="2016-08-04T09:58:27.4705194+02:00" endTime="2016-08-04T09:58:27.4775243+02:00" testType="13cdc9d9-ddb5-4fa4-a97d-d965ccfc6d4b" outcome="Passed" testListId="8c84fa94-04c1-424b-9868-57a2d4851a1d" relativeResultsDirectory="04216a42-39ed-4cec-b40b-10fd61f2f6c9" />
    <UnitTestResult executionId="7c7c6fb5-1d49-4a09-8138-51d402630ae7" testId="385c9d92-a91d-ad69-5186-2115affe8ded" testName="Invoke_ConfigurationMissing_ThrowsArgumentException" computerName="ICSWS068" duration="00:00:00.0031969" startTime="2016-08-04T09:58:27.4805266+02:00" endTime="2016-08-04T09:58:27.4850350+02:00" testType="13cdc9d9-ddb5-4fa4-a97d-d965ccfc6d4b" outcome="Passed" testListId="8c84fa94-04c1-424b-9868-57a2d4851a1d" relativeResultsDirectory="7c7c6fb5-1d49-4a09-8138-51d402630ae7" />
    <UnitTestResult executionId="c2562d52-4cb3-490d-a92b-c514a15e91f4" testId="ff0363e2-5610-f765-28f7-ff611f319fa0" testName="Invoke_SourceMissing_ThrowsArgumentException" computerName="ICSWS068" duration="00:00:00.0024453" startTime="2016-08-04T09:58:27.4875352+02:00" endTime="2016-08-04T09:58:27.4915393+02:00" testType="13cdc9d9-ddb5-4fa4-a97d-d965ccfc6d4b" outcome="Passed" testListId="8c84fa94-04c1-424b-9868-57a2d4851a1d" relativeResultsDirectory="c2562d52-4cb3-490d-a92b-c514a15e91f4" />
    <UnitTestResult executionId="ed2c0ce5-ec3e-4419-b316-35d8daf680b0" testId="1278b5be-7ea9-2326-d829-eb4b670d566c" testName="Invoke_DestinationMissing_ThrowsArgumentException" computerName="ICSWS068" duration="00:00:00.0015700" startTime="2016-08-04T09:58:27.4942765+02:00" endTime="2016-08-04T09:58:27.4972958+02:00" testType="13cdc9d9-ddb5-4fa4-a97d-d965ccfc6d4b" outcome="Passed" testListId="8c84fa94-04c1-424b-9868-57a2d4851a1d" relativeResultsDirectory="ed2c0ce5-ec3e-4419-b316-35d8daf680b0" />
    <UnitTestResult executionId="0d11557d-427b-4d2b-bd89-a3a94549a08e" testId="e45130d4-5cf9-7cf3-6075-786e6f5be339" testName="Invoke_ConfigurationIsNull_ThrowsArgumentException" computerName="ICSWS068" duration="00:00:00.0026926" startTime="2016-08-04T09:58:27.5002814+02:00" endTime="2016-08-04T09:58:27.5041930+02:00" testType="13cdc9d9-ddb5-4fa4-a97d-d965ccfc6d4b" outcome="Passed" testListId="8c84fa94-04c1-424b-9868-57a2d4851a1d" relativeResultsDirectory="0d11557d-427b-4d2b-bd89-a3a94549a08e" />
    <UnitTestResult executionId="716899a4-80d6-42e0-83dc-3e0cf0af3e75" testId="5372e618-1786-6aab-3677-10bd06f63d93" testName="Invoke_SourceIsNull_ThrowsArgumentException" computerName="ICSWS068" duration="00:00:00.0019759" startTime="2016-08-04T09:58:27.5066774+02:00" endTime="2016-08-04T09:58:27.5101800+02:00" testType="13cdc9d9-ddb5-4fa4-a97d-d965ccfc6d4b" outcome="Passed" testListId="8c84fa94-04c1-424b-9868-57a2d4851a1d" relativeResultsDirectory="716899a4-80d6-42e0-83dc-3e0cf0af3e75" />
    <UnitTestResult executionId="49b975a3-929d-45dc-ade7-d807b5ffe087" testId="9007104d-1497-3159-ff34-7bf2ce78a574" testName="Invoke_DestinationIsNull_ThrowsArgumentException" computerName="ICSWS068" duration="00:00:00.0019193" startTime="2016-08-04T09:58:27.5126809+02:00" endTime="2016-08-04T09:58:27.5161834+02:00" testType="13cdc9d9-ddb5-4fa4-a97d-d965ccfc6d4b" outcome="Passed" testListId="8c84fa94-04c1-424b-9868-57a2d4851a1d" relativeResultsDirectory="49b975a3-929d-45dc-ade7-d807b5ffe087" />
    <UnitTestResult executionId="94539a85-dc02-4b70-a9a8-83a4cbb24ff2" testId="4914a348-c824-7461-5c43-4d9b83ac96b7" testName="Invoke_ValidArgumentsHMAC_RunsToCompletion" computerName="ICSWS068" duration="00:00:00.0099546" startTime="2016-08-04T09:58:27.5186863+02:00" endTime="2016-08-04T09:58:27.5301967+02:00" testType="13cdc9d9-ddb5-4fa4-a97d-d965ccfc6d4b" outcome="Passed" testListId="8c84fa94-04c1-424b-9868-57a2d4851a1d" relativeResultsDirectory="94539a85-dc02-4b70-a9a8-83a4cbb24ff2" />
    <UnitTestResult executionId="5c46cd3a-93d1-46be-b13f-d1736690c019" testId="7e60e91b-211d-b6e9-7344-eba9c80854c7" testName="Invoke_ValidArgumentsRSA_RunsToCompletion" computerName="ICSWS068" duration="00:00:00.0198394" startTime="2016-08-04T09:58:27.5327010+02:00" endTime="2016-08-04T09:58:27.5542230+02:00" testType="13cdc9d9-ddb5-4fa4-a97d-d965ccfc6d4b" outcome="Passed" testListId="8c84fa94-04c1-424b-9868-57a2d4851a1d" relativeResultsDirectory="5c46cd3a-93d1-46be-b13f-d1736690c019" />
    <UnitTestResult executionId="d1051328-abc7-4199-8981-43d55bacc06e" testId="7f254278-c0e4-5d2f-2810-75cf465c69b3" testName="Invoke_RSABothCertificateAndKeyMaterialSet_ThrowsArgumentException" computerName="ICSWS068" duration="00:00:00.0142454" startTime="2016-08-04T09:58:27.5572253+02:00" endTime="2016-08-04T09:58:27.5729684+02:00" testType="13cdc9d9-ddb5-4fa4-a97d-d965ccfc6d4b" outcome="Passed" testListId="8c84fa94-04c1-424b-9868-57a2d4851a1d" relativeResultsDirectory="d1051328-abc7-4199-8981-43d55bacc06e" />
    <UnitTestResult executionId="80d8a2b8-7012-4935-9659-2b80f351b8ef" testId="256f4106-b70a-4680-c54d-22c11bee80fc" testName="Invoke_RSABothCertificateAndKeyMaterialIsNull_ThrowsArgumentException" computerName="ICSWS068" duration="00:00:00.0023248" startTime="2016-08-04T09:58:27.5759865+02:00" endTime="2016-08-04T09:58:27.5794730+02:00" testType="13cdc9d9-ddb5-4fa4-a97d-d965ccfc6d4b" outcome="Passed" testListId="8c84fa94-04c1-424b-9868-57a2d4851a1d" relativeResultsDirectory="80d8a2b8-7012-4935-9659-2b80f351b8ef" />
  </Results>
  <TestDefinitions>
    <UnitTest name="Invoke_SourceMissing_ThrowsArgumentException" storage="f:\etwork\bin\tests\unittests.icore.workflow.activities.crypto.dll" id="6db94d1c-b3d7-83f7-cf5c-8acd2bbc8aa2">
      <Execution id="a2b3883a-d0af-4229-9b27-13af18a2ae79" />
      <TestMethod codeBase="F:\ETWork\bin\Tests\UnitTests.iCore.Workflow.Activities.Crypto.dll" adapterTypeName="Microsoft.VisualStudio.TestTools.TestTypes.Unit.UnitTestAdapter" className="UnitTests.iCore.Workflow.Activities.Crypto.VerifyXmlSignatureActivityTests" name="Invoke_SourceMissing_ThrowsArgumentException" />
    </UnitTest>
    <UnitTest name="Invoke_ConfigNullValidateCertTrue_ThrowsArgumentNullException" storage="f:\etwork\bin\tests\unittests.icore.workflow.activities.crypto.dll" id="163e1995-bf8f-c4c7-13ec-4b9de7a29d60">
      <Execution id="27122856-de18-4299-921d-6bc48f0258d0" />
      <TestMethod codeBase="F:\ETWork\bin\Tests\UnitTests.iCore.Workflow.Activities.Crypto.dll" adapterTypeName="Microsoft.VisualStudio.TestTools.TestTypes.Unit.UnitTestAdapter" className="UnitTests.iCore.Workflow.Activities.Crypto.VerifyXmlSignatureActivityTests" name="Invoke_ConfigNullValidateCertTrue_ThrowsArgumentNullException" />
    </UnitTest>
    <UnitTest name="Invoke_ConfigNullValidateCertFalse_RunsToCompletion" storage="f:\etwork\bin\tests\unittests.icore.workflow.activities.crypto.dll" id="de5106e1-629c-f51a-4eed-9d5f5087af30">
      <Execution id="33a2dcc3-177f-4212-8b5c-ab640b7facdb" />
      <TestMethod codeBase="F:\ETWork\bin\Tests\UnitTests.iCore.Workflow.Activities.Crypto.dll" adapterTypeName="Microsoft.VisualStudio.TestTools.TestTypes.Unit.UnitTestAdapter" className="UnitTests.iCore.Workflow.Activities.Crypto.VerifyXmlSignatureActivityTests" name="Invoke_ConfigNullValidateCertFalse_RunsToCompletion" />
    </UnitTest>
    <UnitTest name="Invoke_ConfigNotSetValidateCertFalse_RunsToCompletion" storage="f:\etwork\bin\tests\unittests.icore.workflow.activities.crypto.dll" id="b2214e34-a6a3-09c6-79f2-8ecbf51bad99">
      <Execution id="a78113a4-be5e-4944-a204-1815b7dba065" />
      <TestMethod codeBase="F:\ETWork\bin\Tests\UnitTests.iCore.Workflow.Activities.Crypto.dll" adapterTypeName="Microsoft.VisualStudio.TestTools.TestTypes.Unit.UnitTestAdapter" className="UnitTests.iCore.Workflow.Activities.Crypto.VerifyXmlSignatureActivityTests" name="Invoke_ConfigNotSetValidateCertFalse_RunsToCompletion" />
    </UnitTest>
    <UnitTest name="Invoke_PerformAllChecks_RunsToCompletion" storage="f:\etwork\bin\tests\unittests.icore.workflow.activities.crypto.dll" id="69ab2b4c-283c-99c5-8adf-4ca535262352">
      <Execution id="7f0b8770-a117-4ea9-ac7e-394db67fb159" />
      <TestMethod codeBase="F:\ETWork\bin\Tests\UnitTests.iCore.Workflow.Activities.Crypto.dll" adapterTypeName="Microsoft.VisualStudio.TestTools.TestTypes.Unit.UnitTestAdapter" className="UnitTests.iCore.Workflow.Activities.Crypto.VerifyXmlSignatureActivityTests" name="Invoke_PerformAllChecks_RunsToCompletion" />
    </UnitTest>
    <UnitTest name="Invoke_ValidateCertificateTrue_ValidateCertificateCalledOnce" storage="f:\etwork\bin\tests\unittests.icore.workflow.activities.crypto.dll" id="cb6b053c-8607-c8e8-37cb-3994b24a6413">
      <Execution id="91326fb8-8bb4-453e-86e0-7af21e57c2ab" />
      <TestMethod codeBase="F:\ETWork\bin\Tests\UnitTests.iCore.Workflow.Activities.Crypto.dll" adapterTypeName="Microsoft.VisualStudio.TestTools.TestTypes.Unit.UnitTestAdapter" className="UnitTests.iCore.Workflow.Activities.Crypto.VerifyXmlSignatureActivityTests" name="Invoke_ValidateCertificateTrue_ValidateCertificateCalledOnce" />
    </UnitTest>
    <UnitTest name="Invoke_SignerCertificateNull_ValidateCertificateNeverCalled" storage="f:\etwork\bin\tests\unittests.icore.workflow.activities.crypto.dll" id="f184f188-ffed-a0ef-cde2-1fb5a98b8f86">
      <Execution id="2eacb9fb-6ed4-45e1-a1de-74ac2bcb9c1c" />
      <TestMethod codeBase="F:\ETWork\bin\Tests\UnitTests.iCore.Workflow.Activities.Crypto.dll" adapterTypeName="Microsoft.VisualStudio.TestTools.TestTypes.Unit.UnitTestAdapter" className="UnitTests.iCore.Workflow.Activities.Crypto.VerifyXmlSignatureActivityTests" name="Invoke_SignerCertificateNull_ValidateCertificateNeverCalled" />
    </UnitTest>
    <UnitTest name="Invoke_ValidateCertificateFalse_ValidateCertificateNeverCalled" storage="f:\etwork\bin\tests\unittests.icore.workflow.activities.crypto.dll" id="52968a53-71c5-0583-d92a-aee762359626">
      <Execution id="788a1ddd-d717-45e4-b2df-54a248ad99db" />
      <TestMethod codeBase="F:\ETWork\bin\Tests\UnitTests.iCore.Workflow.Activities.Crypto.dll" adapterTypeName="Microsoft.VisualStudio.TestTools.TestTypes.Unit.UnitTestAdapter" className="UnitTests.iCore.Workflow.Activities.Crypto.VerifyXmlSignatureActivityTests" name="Invoke_ValidateCertificateFalse_ValidateCertificateNeverCalled" />
    </UnitTest>
    <UnitTest name="Invoke_ValidateReferencesTrue_ValidateReferencesCalledOnce" storage="f:\etwork\bin\tests\unittests.icore.workflow.activities.crypto.dll" id="12c4c2a0-42c0-1fe7-d3d3-35fdfb8e759f">
      <Execution id="7d1231e1-2b13-4558-8141-8477d8253fba" />
      <TestMethod codeBase="F:\ETWork\bin\Tests\UnitTests.iCore.Workflow.Activities.Crypto.dll" adapterTypeName="Microsoft.VisualStudio.TestTools.TestTypes.Unit.UnitTestAdapter" className="UnitTests.iCore.Workflow.Activities.Crypto.VerifyXmlSignatureActivityTests" name="Invoke_ValidateReferencesTrue_ValidateReferencesCalledOnce" />
    </UnitTest>
    <UnitTest name="Invoke_ValidateReferencesFalse_ValidateReferencesNeverCalled" storage="f:\etwork\bin\tests\unittests.icore.workflow.activities.crypto.dll" id="3c180bc4-c9c1-015f-ab23-2ed4e78c88d0">
      <Execution id="a4b012af-2f25-4795-85ea-484c1ed0553a" />
      <TestMethod codeBase="F:\ETWork\bin\Tests\UnitTests.iCore.Workflow.Activities.Crypto.dll" adapterTypeName="Microsoft.VisualStudio.TestTools.TestTypes.Unit.UnitTestAdapter" className="UnitTests.iCore.Workflow.Activities.Crypto.VerifyXmlSignatureActivityTests" name="Invoke_ValidateReferencesFalse_ValidateReferencesNeverCalled" />
    </UnitTest>
    <UnitTest name="Invoke_HasDestination_DestinationPassedToRemoveSignature" storage="f:\etwork\bin\tests\unittests.icore.workflow.activities.crypto.dll" id="1c0b229d-aa22-9a39-2b95-101b6b667241">
      <Execution id="64cfef80-7367-406d-8ad5-35843f3cdd50" />
      <TestMethod codeBase="F:\ETWork\bin\Tests\UnitTests.iCore.Workflow.Activities.Crypto.dll" adapterTypeName="Microsoft.VisualStudio.TestTools.TestTypes.Unit.UnitTestAdapter" className="UnitTests.iCore.Workflow.Activities.Crypto.VerifyXmlSignatureActivityTests" name="Invoke_HasDestination_DestinationPassedToRemoveSignature" />
    </UnitTest>
    <UnitTest name="Invoke_NoDestination_RemoveSignatureNotCalled" storage="f:\etwork\bin\tests\unittests.icore.workflow.activities.crypto.dll" id="9a6228d8-61ae-9f9f-b592-5f99698f2bb9">
      <Execution id="40034f06-f8b0-4a32-9aca-4d8f862883b9" />
      <TestMethod codeBase="F:\ETWork\bin\Tests\UnitTests.iCore.Workflow.Activities.Crypto.dll" adapterTypeName="Microsoft.VisualStudio.TestTools.TestTypes.Unit.UnitTestAdapter" className="UnitTests.iCore.Workflow.Activities.Crypto.VerifyXmlSignatureActivityTests" name="Invoke_NoDestination_RemoveSignatureNotCalled" />
    </UnitTest>
    <UnitTest name="Invoke_KeyMaterialIsNotNull_PassItOnToBackend" storage="f:\etwork\bin\tests\unittests.icore.workflow.activities.crypto.dll" id="2891d12f-bd97-eebb-3d32-2cfa29eed88c">
      <Execution id="5cbdfccc-7fb6-40d9-a8de-4009ee2df493" />
      <TestMethod codeBase="F:\ETWork\bin\Tests\UnitTests.iCore.Workflow.Activities.Crypto.dll" adapterTypeName="Microsoft.VisualStudio.TestTools.TestTypes.Unit.UnitTestAdapter" className="UnitTests.iCore.Workflow.Activities.Crypto.VerifyXmlSignatureActivityTests" name="Invoke_KeyMaterialIsNotNull_PassItOnToBackend" />
    </UnitTest>
    <UnitTest name="Invoke_KeyMaterialIsNull_DoNotPassItOnToBackend" storage="f:\etwork\bin\tests\unittests.icore.workflow.activities.crypto.dll" id="7a575d7e-6e4f-ab7a-30dc-1e21e78c19fd">
      <Execution id="77434659-130e-4c06-8e2e-3b2a27660106" />
      <TestMethod codeBase="F:\ETWork\bin\Tests\UnitTests.iCore.Workflow.Activities.Crypto.dll" adapterTypeName="Microsoft.VisualStudio.TestTools.TestTypes.Unit.UnitTestAdapter" className="UnitTests.iCore.Workflow.Activities.Crypto.VerifyXmlSignatureActivityTests" name="Invoke_KeyMaterialIsNull_DoNotPassItOnToBackend" />
    </UnitTest>
    <UnitTest name="Invoke_ReferenceValidationFalse_PassedOnCorrectlyToResult" storage="f:\etwork\bin\tests\unittests.icore.workflow.activities.crypto.dll" id="f3b7180e-9f2b-9c00-d8a2-d23dd451bf57">
      <Execution id="e8a12141-8dd7-4548-9cfc-8727828dc0a8" />
      <TestMethod codeBase="F:\ETWork\bin\Tests\UnitTests.iCore.Workflow.Activities.Crypto.dll" adapterTypeName="Microsoft.VisualStudio.TestTools.TestTypes.Unit.UnitTestAdapter" className="UnitTests.iCore.Workflow.Activities.Crypto.VerifyXmlSignatureActivityTests" name="Invoke_ReferenceValidationFalse_PassedOnCorrectlyToResult" />
    </UnitTest>
    <UnitTest name="Invoke_ReferenceValidationTrue_PassedOnCorrectlyToResult" storage="f:\etwork\bin\tests\unittests.icore.workflow.activities.crypto.dll" id="a1c08afb-c437-7acf-5be5-4fc588fed323">
      <Execution id="bf0d2c48-5960-4884-a718-1c239817d9fe" />
      <TestMethod codeBase="F:\ETWork\bin\Tests\UnitTests.iCore.Workflow.Activities.Crypto.dll" adapterTypeName="Microsoft.VisualStudio.TestTools.TestTypes.Unit.UnitTestAdapter" className="UnitTests.iCore.Workflow.Activities.Crypto.VerifyXmlSignatureActivityTests" name="Invoke_ReferenceValidationTrue_PassedOnCorrectlyToResult" />
    </UnitTest>
    <UnitTest name="Invoke_SignatureValidationTrue_PassedOnCorrectlyToResult" storage="f:\etwork\bin\tests\unittests.icore.workflow.activities.crypto.dll" id="4e41644b-cf53-e28f-71ed-39bd08cf37e8">
      <Execution id="2287888c-a8b9-4aac-a24c-392fb64f32ee" />
      <TestMethod codeBase="F:\ETWork\bin\Tests\UnitTests.iCore.Workflow.Activities.Crypto.dll" adapterTypeName="Microsoft.VisualStudio.TestTools.TestTypes.Unit.UnitTestAdapter" className="UnitTests.iCore.Workflow.Activities.Crypto.VerifyXmlSignatureActivityTests" name="Invoke_SignatureValidationTrue_PassedOnCorrectlyToResult" />
    </UnitTest>
    <UnitTest name="Invoke_SignatureValidationFalse_PassedOnCorrectlyToResult" storage="f:\etwork\bin\tests\unittests.icore.workflow.activities.crypto.dll" id="016a25e3-8edf-33c8-dc08-6d88c443e77c">
      <Execution id="63f7956f-804b-46fc-b361-d5992d5d7919" />
      <TestMethod codeBase="F:\ETWork\bin\Tests\UnitTests.iCore.Workflow.Activities.Crypto.dll" adapterTypeName="Microsoft.VisualStudio.TestTools.TestTypes.Unit.UnitTestAdapter" className="UnitTests.iCore.Workflow.Activities.Crypto.VerifyXmlSignatureActivityTests" name="Invoke_SignatureValidationFalse_PassedOnCorrectlyToResult" />
    </UnitTest>
    <UnitTest name="Invoke_CertificateValidationNotCalled_FalseInResult" storage="f:\etwork\bin\tests\unittests.icore.workflow.activities.crypto.dll" id="f9da89e3-92b1-9c52-a984-02791d227a81">
      <Execution id="ffd8f370-d500-4c75-ac03-67d53bec5cf9" />
      <TestMethod codeBase="F:\ETWork\bin\Tests\UnitTests.iCore.Workflow.Activities.Crypto.dll" adapterTypeName="Microsoft.VisualStudio.TestTools.TestTypes.Unit.UnitTestAdapter" className="UnitTests.iCore.Workflow.Activities.Crypto.VerifyXmlSignatureActivityTests" name="Invoke_CertificateValidationNotCalled_FalseInResult" />
    </UnitTest>
    <UnitTest name="Invoke_CertificateValidationInvalid_FalseInResult" storage="f:\etwork\bin\tests\unittests.icore.workflow.activities.crypto.dll" id="892ae42b-5384-b2df-9137-5c15fcae3ff1">
      <Execution id="0893906f-22dc-43ee-ab35-cc985e8d3201" />
      <TestMethod codeBase="F:\ETWork\bin\Tests\UnitTests.iCore.Workflow.Activities.Crypto.dll" adapterTypeName="Microsoft.VisualStudio.TestTools.TestTypes.Unit.UnitTestAdapter" className="UnitTests.iCore.Workflow.Activities.Crypto.VerifyXmlSignatureActivityTests" name="Invoke_CertificateValidationInvalid_FalseInResult" />
    </UnitTest>
    <UnitTest name="Invoke_CertificateValidationOk_TrueInResult" storage="f:\etwork\bin\tests\unittests.icore.workflow.activities.crypto.dll" id="aa0cb307-dbee-5464-b81b-ef93d38a28e8">
      <Execution id="7940449e-321d-4d8c-b6a5-90baea062bdd" />
      <TestMethod codeBase="F:\ETWork\bin\Tests\UnitTests.iCore.Workflow.Activities.Crypto.dll" adapterTypeName="Microsoft.VisualStudio.TestTools.TestTypes.Unit.UnitTestAdapter" className="UnitTests.iCore.Workflow.Activities.Crypto.VerifyXmlSignatureActivityTests" name="Invoke_CertificateValidationOk_TrueInResult" />
    </UnitTest>
    <UnitTest name="Invoke_ValidArguments_ResultIsNotNull" storage="f:\etwork\bin\tests\unittests.icore.workflow.activities.crypto.dll" id="5ff104ca-4788-49d5-ad61-5f271eca13f9">
      <Execution id="04216a42-39ed-4cec-b40b-10fd61f2f6c9" />
      <TestMethod codeBase="F:\ETWork\bin\Tests\UnitTests.iCore.Workflow.Activities.Crypto.dll" adapterTypeName="Microsoft.VisualStudio.TestTools.TestTypes.Unit.UnitTestAdapter" className="UnitTests.iCore.Workflow.Activities.Crypto.VerifyXmlSignatureActivityTests" name="Invoke_ValidArguments_ResultIsNotNull" />
    </UnitTest>
    <UnitTest name="Invoke_ConfigurationMissing_ThrowsArgumentException" storage="f:\etwork\bin\tests\unittests.icore.workflow.activities.crypto.dll" id="385c9d92-a91d-ad69-5186-2115affe8ded">
      <Execution id="7c7c6fb5-1d49-4a09-8138-51d402630ae7" />
      <TestMethod codeBase="F:\ETWork\bin\Tests\UnitTests.iCore.Workflow.Activities.Crypto.dll" adapterTypeName="Microsoft.VisualStudio.TestTools.TestTypes.Unit.UnitTestAdapter" className="UnitTests.iCore.Workflow.Activities.Crypto.SignXmlDocumentActivityTests" name="Invoke_ConfigurationMissing_ThrowsArgumentException" />
    </UnitTest>
    <UnitTest name="Invoke_SourceMissing_ThrowsArgumentException" storage="f:\etwork\bin\tests\unittests.icore.workflow.activities.crypto.dll" id="ff0363e2-5610-f765-28f7-ff611f319fa0">
      <Execution id="c2562d52-4cb3-490d-a92b-c514a15e91f4" />
      <TestMethod codeBase="F:\ETWork\bin\Tests\UnitTests.iCore.Workflow.Activities.Crypto.dll" adapterTypeName="Microsoft.VisualStudio.TestTools.TestTypes.Unit.UnitTestAdapter" className="UnitTests.iCore.Workflow.Activities.Crypto.SignXmlDocumentActivityTests" name="Invoke_SourceMissing_ThrowsArgumentException" />
    </UnitTest>
    <UnitTest name="Invoke_DestinationMissing_ThrowsArgumentException" storage="f:\etwork\bin\tests\unittests.icore.workflow.activities.crypto.dll" id="1278b5be-7ea9-2326-d829-eb4b670d566c">
      <Execution id="ed2c0ce5-ec3e-4419-b316-35d8daf680b0" />
      <TestMethod codeBase="F:\ETWork\bin\Tests\UnitTests.iCore.Workflow.Activities.Crypto.dll" adapterTypeName="Microsoft.VisualStudio.TestTools.TestTypes.Unit.UnitTestAdapter" className="UnitTests.iCore.Workflow.Activities.Crypto.SignXmlDocumentActivityTests" name="Invoke_DestinationMissing_ThrowsArgumentException" />
    </UnitTest>
    <UnitTest name="Invoke_ConfigurationIsNull_ThrowsArgumentException" storage="f:\etwork\bin\tests\unittests.icore.workflow.activities.crypto.dll" id="e45130d4-5cf9-7cf3-6075-786e6f5be339">
      <Execution id="0d11557d-427b-4d2b-bd89-a3a94549a08e" />
      <TestMethod codeBase="F:\ETWork\bin\Tests\UnitTests.iCore.Workflow.Activities.Crypto.dll" adapterTypeName="Microsoft.VisualStudio.TestTools.TestTypes.Unit.UnitTestAdapter" className="UnitTests.iCore.Workflow.Activities.Crypto.SignXmlDocumentActivityTests" name="Invoke_ConfigurationIsNull_ThrowsArgumentException" />
    </UnitTest>
    <UnitTest name="Invoke_SourceIsNull_ThrowsArgumentException" storage="f:\etwork\bin\tests\unittests.icore.workflow.activities.crypto.dll" id="5372e618-1786-6aab-3677-10bd06f63d93">
      <Execution id="716899a4-80d6-42e0-83dc-3e0cf0af3e75" />
      <TestMethod codeBase="F:\ETWork\bin\Tests\UnitTests.iCore.Workflow.Activities.Crypto.dll" adapterTypeName="Microsoft.VisualStudio.TestTools.TestTypes.Unit.UnitTestAdapter" className="UnitTests.iCore.Workflow.Activities.Crypto.SignXmlDocumentActivityTests" name="Invoke_SourceIsNull_ThrowsArgumentException" />
    </UnitTest>
    <UnitTest name="Invoke_DestinationIsNull_ThrowsArgumentException" storage="f:\etwork\bin\tests\unittests.icore.workflow.activities.crypto.dll" id="9007104d-1497-3159-ff34-7bf2ce78a574">
      <Execution id="49b975a3-929d-45dc-ade7-d807b5ffe087" />
      <TestMethod codeBase="F:\ETWork\bin\Tests\UnitTests.iCore.Workflow.Activities.Crypto.dll" adapterTypeName="Microsoft.VisualStudio.TestTools.TestTypes.Unit.UnitTestAdapter" className="UnitTests.iCore.Workflow.Activities.Crypto.SignXmlDocumentActivityTests" name="Invoke_DestinationIsNull_ThrowsArgumentException" />
    </UnitTest>
    <UnitTest name="Invoke_ValidArgumentsHMAC_RunsToCompletion" storage="f:\etwork\bin\tests\unittests.icore.workflow.activities.crypto.dll" id="4914a348-c824-7461-5c43-4d9b83ac96b7">
      <Execution id="94539a85-dc02-4b70-a9a8-83a4cbb24ff2" />
      <TestMethod codeBase="F:\ETWork\bin\Tests\UnitTests.iCore.Workflow.Activities.Crypto.dll" adapterTypeName="Microsoft.VisualStudio.TestTools.TestTypes.Unit.UnitTestAdapter" className="UnitTests.iCore.Workflow.Activities.Crypto.SignXmlDocumentActivityTests" name="Invoke_ValidArgumentsHMAC_RunsToCompletion" />
    </UnitTest>
    <UnitTest name="Invoke_ValidArgumentsRSA_RunsToCompletion" storage="f:\etwork\bin\tests\unittests.icore.workflow.activities.crypto.dll" id="7e60e91b-211d-b6e9-7344-eba9c80854c7">
      <Execution id="5c46cd3a-93d1-46be-b13f-d1736690c019" />
      <TestMethod codeBase="F:\ETWork\bin\Tests\UnitTests.iCore.Workflow.Activities.Crypto.dll" adapterTypeName="Microsoft.VisualStudio.TestTools.TestTypes.Unit.UnitTestAdapter" className="UnitTests.iCore.Workflow.Activities.Crypto.SignXmlDocumentActivityTests" name="Invoke_ValidArgumentsRSA_RunsToCompletion" />
    </UnitTest>
    <UnitTest name="Invoke_RSABothCertificateAndKeyMaterialSet_ThrowsArgumentException" storage="f:\etwork\bin\tests\unittests.icore.workflow.activities.crypto.dll" id="7f254278-c0e4-5d2f-2810-75cf465c69b3">
      <Execution id="d1051328-abc7-4199-8981-43d55bacc06e" />
      <TestMethod codeBase="F:\ETWork\bin\Tests\UnitTests.iCore.Workflow.Activities.Crypto.dll" adapterTypeName="Microsoft.VisualStudio.TestTools.TestTypes.Unit.UnitTestAdapter" className="UnitTests.iCore.Workflow.Activities.Crypto.SignXmlDocumentActivityTests" name="Invoke_RSABothCertificateAndKeyMaterialSet_ThrowsArgumentException" />
    </UnitTest>
    <UnitTest name="Invoke_RSABothCertificateAndKeyMaterialIsNull_ThrowsArgumentException" storage="f:\etwork\bin\tests\unittests.icore.workflow.activities.crypto.dll" id="256f4106-b70a-4680-c54d-22c11bee80fc">
      <Execution id="80d8a2b8-7012-4935-9659-2b80f351b8ef" />
      <TestMethod codeBase="F:\ETWork\bin\Tests\UnitTests.iCore.Workflow.Activities.Crypto.dll" adapterTypeName="Microsoft.VisualStudio.TestTools.TestTypes.Unit.UnitTestAdapter" className="UnitTests.iCore.Workflow.Activities.Crypto.SignXmlDocumentActivityTests" name="Invoke_RSABothCertificateAndKeyMaterialIsNull_ThrowsArgumentException" />
    </UnitTest>
  </TestDefinitions>
  <TestEntries>
    <TestEntry testId="6db94d1c-b3d7-83f7-cf5c-8acd2bbc8aa2" executionId="a2b3883a-d0af-4229-9b27-13af18a2ae79" testListId="8c84fa94-04c1-424b-9868-57a2d4851a1d" />
    <TestEntry testId="163e1995-bf8f-c4c7-13ec-4b9de7a29d60" executionId="27122856-de18-4299-921d-6bc48f0258d0" testListId="8c84fa94-04c1-424b-9868-57a2d4851a1d" />
    <TestEntry testId="de5106e1-629c-f51a-4eed-9d5f5087af30" executionId="33a2dcc3-177f-4212-8b5c-ab640b7facdb" testListId="8c84fa94-04c1-424b-9868-57a2d4851a1d" />
    <TestEntry testId="b2214e34-a6a3-09c6-79f2-8ecbf51bad99" executionId="a78113a4-be5e-4944-a204-1815b7dba065" testListId="8c84fa94-04c1-424b-9868-57a2d4851a1d" />
    <TestEntry testId="69ab2b4c-283c-99c5-8adf-4ca535262352" executionId="7f0b8770-a117-4ea9-ac7e-394db67fb159" testListId="8c84fa94-04c1-424b-9868-57a2d4851a1d" />
    <TestEntry testId="cb6b053c-8607-c8e8-37cb-3994b24a6413" executionId="91326fb8-8bb4-453e-86e0-7af21e57c2ab" testListId="8c84fa94-04c1-424b-9868-57a2d4851a1d" />
    <TestEntry testId="f184f188-ffed-a0ef-cde2-1fb5a98b8f86" executionId="2eacb9fb-6ed4-45e1-a1de-74ac2bcb9c1c" testListId="8c84fa94-04c1-424b-9868-57a2d4851a1d" />
    <TestEntry testId="52968a53-71c5-0583-d92a-aee762359626" executionId="788a1ddd-d717-45e4-b2df-54a248ad99db" testListId="8c84fa94-04c1-424b-9868-57a2d4851a1d" />
    <TestEntry testId="12c4c2a0-42c0-1fe7-d3d3-35fdfb8e759f" executionId="7d1231e1-2b13-4558-8141-8477d8253fba" testListId="8c84fa94-04c1-424b-9868-57a2d4851a1d" />
    <TestEntry testId="3c180bc4-c9c1-015f-ab23-2ed4e78c88d0" executionId="a4b012af-2f25-4795-85ea-484c1ed0553a" testListId="8c84fa94-04c1-424b-9868-57a2d4851a1d" />
    <TestEntry testId="1c0b229d-aa22-9a39-2b95-101b6b667241" executionId="64cfef80-7367-406d-8ad5-35843f3cdd50" testListId="8c84fa94-04c1-424b-9868-57a2d4851a1d" />
    <TestEntry testId="9a6228d8-61ae-9f9f-b592-5f99698f2bb9" executionId="40034f06-f8b0-4a32-9aca-4d8f862883b9" testListId="8c84fa94-04c1-424b-9868-57a2d4851a1d" />
    <TestEntry testId="2891d12f-bd97-eebb-3d32-2cfa29eed88c" executionId="5cbdfccc-7fb6-40d9-a8de-4009ee2df493" testListId="8c84fa94-04c1-424b-9868-57a2d4851a1d" />
    <TestEntry testId="7a575d7e-6e4f-ab7a-30dc-1e21e78c19fd" executionId="77434659-130e-4c06-8e2e-3b2a27660106" testListId="8c84fa94-04c1-424b-9868-57a2d4851a1d" />
    <TestEntry testId="f3b7180e-9f2b-9c00-d8a2-d23dd451bf57" executionId="e8a12141-8dd7-4548-9cfc-8727828dc0a8" testListId="8c84fa94-04c1-424b-9868-57a2d4851a1d" />
    <TestEntry testId="a1c08afb-c437-7acf-5be5-4fc588fed323" executionId="bf0d2c48-5960-4884-a718-1c239817d9fe" testListId="8c84fa94-04c1-424b-9868-57a2d4851a1d" />
    <TestEntry testId="4e41644b-cf53-e28f-71ed-39bd08cf37e8" executionId="2287888c-a8b9-4aac-a24c-392fb64f32ee" testListId="8c84fa94-04c1-424b-9868-57a2d4851a1d" />
    <TestEntry testId="016a25e3-8edf-33c8-dc08-6d88c443e77c" executionId="63f7956f-804b-46fc-b361-d5992d5d7919" testListId="8c84fa94-04c1-424b-9868-57a2d4851a1d" />
    <TestEntry testId="f9da89e3-92b1-9c52-a984-02791d227a81" executionId="ffd8f370-d500-4c75-ac03-67d53bec5cf9" testListId="8c84fa94-04c1-424b-9868-57a2d4851a1d" />
    <TestEntry testId="892ae42b-5384-b2df-9137-5c15fcae3ff1" executionId="0893906f-22dc-43ee-ab35-cc985e8d3201" testListId="8c84fa94-04c1-424b-9868-57a2d4851a1d" />
    <TestEntry testId="aa0cb307-dbee-5464-b81b-ef93d38a28e8" executionId="7940449e-321d-4d8c-b6a5-90baea062bdd" testListId="8c84fa94-04c1-424b-9868-57a2d4851a1d" />
    <TestEntry testId="5ff104ca-4788-49d5-ad61-5f271eca13f9" executionId="04216a42-39ed-4cec-b40b-10fd61f2f6c9" testListId="8c84fa94-04c1-424b-9868-57a2d4851a1d" />
    <TestEntry testId="385c9d92-a91d-ad69-5186-2115affe8ded" executionId="7c7c6fb5-1d49-4a09-8138-51d402630ae7" testListId="8c84fa94-04c1-424b-9868-57a2d4851a1d" />
    <TestEntry testId="ff0363e2-5610-f765-28f7-ff611f319fa0" executionId="c2562d52-4cb3-490d-a92b-c514a15e91f4" testListId="8c84fa94-04c1-424b-9868-57a2d4851a1d" />
    <TestEntry testId="1278b5be-7ea9-2326-d829-eb4b670d566c" executionId="ed2c0ce5-ec3e-4419-b316-35d8daf680b0" testListId="8c84fa94-04c1-424b-9868-57a2d4851a1d" />
    <TestEntry testId="e45130d4-5cf9-7cf3-6075-786e6f5be339" executionId="0d11557d-427b-4d2b-bd89-a3a94549a08e" testListId="8c84fa94-04c1-424b-9868-57a2d4851a1d" />
    <TestEntry testId="5372e618-1786-6aab-3677-10bd06f63d93" executionId="716899a4-80d6-42e0-83dc-3e0cf0af3e75" testListId="8c84fa94-04c1-424b-9868-57a2d4851a1d" />
    <TestEntry testId="9007104d-1497-3159-ff34-7bf2ce78a574" executionId="49b975a3-929d-45dc-ade7-d807b5ffe087" testListId="8c84fa94-04c1-424b-9868-57a2d4851a1d" />
    <TestEntry testId="4914a348-c824-7461-5c43-4d9b83ac96b7" executionId="94539a85-dc02-4b70-a9a8-83a4cbb24ff2" testListId="8c84fa94-04c1-424b-9868-57a2d4851a1d" />
    <TestEntry testId="7e60e91b-211d-b6e9-7344-eba9c80854c7" executionId="5c46cd3a-93d1-46be-b13f-d1736690c019" testListId="8c84fa94-04c1-424b-9868-57a2d4851a1d" />
    <TestEntry testId="7f254278-c0e4-5d2f-2810-75cf465c69b3" executionId="d1051328-abc7-4199-8981-43d55bacc06e" testListId="8c84fa94-04c1-424b-9868-57a2d4851a1d" />
    <TestEntry testId="256f4106-b70a-4680-c54d-22c11bee80fc" executionId="80d8a2b8-7012-4935-9659-2b80f351b8ef" testListId="8c84fa94-04c1-424b-9868-57a2d4851a1d" />
  </TestEntries>
  <TestLists>
    <TestList name="Results Not in a List" id="8c84fa94-04c1-424b-9868-57a2d4851a1d" />
    <TestList name="All Loaded Results" id="19431567-8539-422a-85d7-44ee4e166bda" />
  </TestLists>
  <ResultSummary outcome="Completed">
    <Counters total="32" executed="32" passed="32" failed="0" error="0" timeout="0" aborted="0" inconclusive="0" passedButRunAborted="0" notRunnable="0" notExecuted="0" disconnected="0" warning="0" completed="0" inProgress="0" pending="0" />
  </ResultSummary>
</TestRun>