<?xml version="1.0" encoding="UTF-8"?>
<TestRun id="720319be-4f8b-4d01-ab54-412abbf72138" name="bacemi@ICSWS068 2016-08-04 10:32:53" runUser="ICORE\bacemi" xmlns="http://microsoft.com/schemas/VisualStudio/TeamTest/2010">
  <Times creation="2016-08-04T10:32:53.2940294+02:00" queuing="2016-08-04T10:32:53.2940294+02:00" start="2016-08-04T10:32:49.6358946+02:00" finish="2016-08-04T10:32:58.1072162+02:00" />
  <TestSettings name="default" id="4bbc7012-c129-46c7-b541-d7a738dae1d2">
    <Execution>
      <TestTypeSpecific />
    </Execution>
    <Deployment runDeploymentRoot="bacemi_ICSWS068 2016-08-04 10_32_53" />
    <Properties />
  </TestSettings>
  <Results>
    <UnitTestResult executionId="a16056f9-5e6c-461a-bda8-89a12b56cd29" testId="6df84193-a8c5-0697-60ff-970845a887ff" testName="GetInstanceOfEntity_ValidGuidTypeAndValidId_Success" computerName="ICSWS068" duration="00:00:03.3328593" startTime="2016-08-04T10:32:49.6358946+02:00" endTime="2016-08-04T10:32:53.2369891+02:00" testType="13cdc9d9-ddb5-4fa4-a97d-d965ccfc6d4b" outcome="Passed" testListId="8c84fa94-04c1-424b-9868-57a2d4851a1d" relativeResultsDirectory="a16056f9-5e6c-461a-bda8-89a12b56cd29" />
    <UnitTestResult executionId="36580024-9641-4cb0-8f25-54fbfa6cf206" testId="b9be545a-edd7-c624-0578-4ebcd04c4a41" testName="GetInstanceOfEntity_ValidIntTypeAndValidId_Success" computerName="ICSWS068" duration="00:00:00.3454212" startTime="2016-08-04T10:32:53.2404914+02:00" endTime="2016-08-04T10:32:53.5885400+02:00" testType="13cdc9d9-ddb5-4fa4-a97d-d965ccfc6d4b" outcome="Passed" testListId="8c84fa94-04c1-424b-9868-57a2d4851a1d" relativeResultsDirectory="36580024-9641-4cb0-8f25-54fbfa6cf206" />
    <UnitTestResult executionId="db6f9e0c-0483-4091-b49d-95b7e06ae160" testId="60501c41-2075-dcd8-e217-f3247834fdc2" testName="GetInstanceOfEntity_ValidGuidTypeAndInvalidId_Throw" computerName="ICSWS068" duration="00:00:00.3393700" startTime="2016-08-04T10:32:53.5915420+02:00" endTime="2016-08-04T10:32:53.9323025+02:00" testType="13cdc9d9-ddb5-4fa4-a97d-d965ccfc6d4b" outcome="Passed" testListId="8c84fa94-04c1-424b-9868-57a2d4851a1d" relativeResultsDirectory="db6f9e0c-0483-4091-b49d-95b7e06ae160" />
    <UnitTestResult executionId="ffa1edb3-b9fb-47f1-9b0f-b54f2c6d7d09" testId="7f6c2e2c-afc6-a253-ad07-4d4def3b46b6" testName="GetInstanceOfEntity_ValidIntTypeAndInvalidId_Throw" computerName="ICSWS068" duration="00:00:00.3367651" startTime="2016-08-04T10:32:53.9353050+02:00" endTime="2016-08-04T10:32:54.2731137+02:00" testType="13cdc9d9-ddb5-4fa4-a97d-d965ccfc6d4b" outcome="Passed" testListId="8c84fa94-04c1-424b-9868-57a2d4851a1d" relativeResultsDirectory="ffa1edb3-b9fb-47f1-9b0f-b54f2c6d7d09" />
    <UnitTestResult executionId="c0189cf1-fd20-428a-8b9d-df1f067b6321" testId="43fe53c7-f94d-b23d-6e3a-1a76cf0e6b1e" testName="GetInstanceOfEntity_InvalidType_Throw" computerName="ICSWS068" duration="00:00:00.3345569" startTime="2016-08-04T10:32:54.2765207+02:00" endTime="2016-08-04T10:32:54.6123425+02:00" testType="13cdc9d9-ddb5-4fa4-a97d-d965ccfc6d4b" outcome="Passed" testListId="8c84fa94-04c1-424b-9868-57a2d4851a1d" relativeResultsDirectory="c0189cf1-fd20-428a-8b9d-df1f067b6321" />
    <UnitTestResult executionId="c92e7973-6c37-4111-8971-4443f177e5c6" testId="c381fcdb-0494-5397-416a-72796c1df675" testName="GetInstanceOfEntity_InvalidTypeOfIdForEntityType_Throw" computerName="ICSWS068" duration="00:00:00.3411931" startTime="2016-08-04T10:32:54.6155404+02:00" endTime="2016-08-04T10:32:54.9580548+02:00" testType="13cdc9d9-ddb5-4fa4-a97d-d965ccfc6d4b" outcome="Passed" testListId="8c84fa94-04c1-424b-9868-57a2d4851a1d" relativeResultsDirectory="c92e7973-6c37-4111-8971-4443f177e5c6" />
    <UnitTestResult executionId="d643bf54-d2d7-48cd-a0b2-c096ea24e0af" testId="84c7ed72-5318-a58a-a2af-1a7d99aef909" testName="GetInstanceOfEntity_InvalidTypeOfKey_Throw" computerName="ICSWS068" duration="00:00:00.3470384" startTime="2016-08-04T10:32:54.9605732+02:00" endTime="2016-08-04T10:32:55.3091829+02:00" testType="13cdc9d9-ddb5-4fa4-a97d-d965ccfc6d4b" outcome="Passed" testListId="8c84fa94-04c1-424b-9868-57a2d4851a1d" relativeResultsDirectory="d643bf54-d2d7-48cd-a0b2-c096ea24e0af" />
    <UnitTestResult executionId="ff4e6d35-dfac-4e37-bcb3-3e2c19837194" testId="d135de97-8dfb-3297-3813-edefed8ac464" testName="GetInstanceOfEntity_KeyIsNull_Throw" computerName="ICSWS068" duration="00:00:00.3361806" startTime="2016-08-04T10:32:55.3121851+02:00" endTime="2016-08-04T10:32:55.6494263+02:00" testType="13cdc9d9-ddb5-4fa4-a97d-d965ccfc6d4b" outcome="Passed" testListId="8c84fa94-04c1-424b-9868-57a2d4851a1d" relativeResultsDirectory="ff4e6d35-dfac-4e37-bcb3-3e2c19837194" />
    <UnitTestResult executionId="16d76bbd-f801-455d-994d-33460ac9b9e2" testId="344ac07f-96d8-d10b-ed4c-628588ac13aa" testName="GetInstanceOfEntity_KeyIsValid_ReturnsInstance" computerName="ICSWS068" duration="00:00:00.4137630" startTime="2016-08-04T10:32:55.6529295+02:00" endTime="2016-08-04T10:32:56.0677078+02:00" testType="13cdc9d9-ddb5-4fa4-a97d-d965ccfc6d4b" outcome="Passed" testListId="8c84fa94-04c1-424b-9868-57a2d4851a1d" relativeResultsDirectory="16d76bbd-f801-455d-994d-33460ac9b9e2" />
    <UnitTestResult executionId="649b95bd-3510-471e-888a-bad8f12f67db" testId="a26da10a-8e2f-eb7c-7a73-1f690d6a29bd" testName="GetInstanceOfEntity_KeyIsValid_Throws" computerName="ICSWS068" duration="00:00:00.3370516" startTime="2016-08-04T10:32:56.0711936+02:00" endTime="2016-08-04T10:32:56.4094199+02:00" testType="13cdc9d9-ddb5-4fa4-a97d-d965ccfc6d4b" outcome="Passed" testListId="8c84fa94-04c1-424b-9868-57a2d4851a1d" relativeResultsDirectory="649b95bd-3510-471e-888a-bad8f12f67db" />
  </Results>
  <TestDefinitions>
    <UnitTest name="GetInstanceOfEntity_ValidGuidTypeAndValidId_Success" storage="f:\etwork\bin\tests\sysintgtests.icore.runtime.core.dll" id="6df84193-a8c5-0697-60ff-970845a887ff">
      <Execution id="a16056f9-5e6c-461a-bda8-89a12b56cd29" />
      <TestMethod codeBase="F:\ETWork\bin\Tests\SysIntgTests.iCore.Runtime.Core.dll" adapterTypeName="Microsoft.VisualStudio.TestTools.TestTypes.Unit.UnitTestAdapter" className="SysIntgTests.iCoreRuntime.Core.PublicInstanceFactoryImplTests" name="GetInstanceOfEntity_ValidGuidTypeAndValidId_Success" />
    </UnitTest>
    <UnitTest name="GetInstanceOfEntity_ValidIntTypeAndValidId_Success" storage="f:\etwork\bin\tests\sysintgtests.icore.runtime.core.dll" id="b9be545a-edd7-c624-0578-4ebcd04c4a41">
      <Execution id="36580024-9641-4cb0-8f25-54fbfa6cf206" />
      <TestMethod codeBase="F:\ETWork\bin\Tests\SysIntgTests.iCore.Runtime.Core.dll" adapterTypeName="Microsoft.VisualStudio.TestTools.TestTypes.Unit.UnitTestAdapter" className="SysIntgTests.iCoreRuntime.Core.PublicInstanceFactoryImplTests" name="GetInstanceOfEntity_ValidIntTypeAndValidId_Success" />
    </UnitTest>
    <UnitTest name="GetInstanceOfEntity_ValidGuidTypeAndInvalidId_Throw" storage="f:\etwork\bin\tests\sysintgtests.icore.runtime.core.dll" id="60501c41-2075-dcd8-e217-f3247834fdc2">
      <Execution id="db6f9e0c-0483-4091-b49d-95b7e06ae160" />
      <TestMethod codeBase="F:\ETWork\bin\Tests\SysIntgTests.iCore.Runtime.Core.dll" adapterTypeName="Microsoft.VisualStudio.TestTools.TestTypes.Unit.UnitTestAdapter" className="SysIntgTests.iCoreRuntime.Core.PublicInstanceFactoryImplTests" name="GetInstanceOfEntity_ValidGuidTypeAndInvalidId_Throw" />
    </UnitTest>
    <UnitTest name="GetInstanceOfEntity_ValidIntTypeAndInvalidId_Throw" storage="f:\etwork\bin\tests\sysintgtests.icore.runtime.core.dll" id="7f6c2e2c-afc6-a253-ad07-4d4def3b46b6">
      <Execution id="ffa1edb3-b9fb-47f1-9b0f-b54f2c6d7d09" />
      <TestMethod codeBase="F:\ETWork\bin\Tests\SysIntgTests.iCore.Runtime.Core.dll" adapterTypeName="Microsoft.VisualStudio.TestTools.TestTypes.Unit.UnitTestAdapter" className="SysIntgTests.iCoreRuntime.Core.PublicInstanceFactoryImplTests" name="GetInstanceOfEntity_ValidIntTypeAndInvalidId_Throw" />
    </UnitTest>
    <UnitTest name="GetInstanceOfEntity_InvalidType_Throw" storage="f:\etwork\bin\tests\sysintgtests.icore.runtime.core.dll" id="43fe53c7-f94d-b23d-6e3a-1a76cf0e6b1e">
      <Execution id="c0189cf1-fd20-428a-8b9d-df1f067b6321" />
      <TestMethod codeBase="F:\ETWork\bin\Tests\SysIntgTests.iCore.Runtime.Core.dll" adapterTypeName="Microsoft.VisualStudio.TestTools.TestTypes.Unit.UnitTestAdapter" className="SysIntgTests.iCoreRuntime.Core.PublicInstanceFactoryImplTests" name="GetInstanceOfEntity_InvalidType_Throw" />
    </UnitTest>
    <UnitTest name="GetInstanceOfEntity_InvalidTypeOfIdForEntityType_Throw" storage="f:\etwork\bin\tests\sysintgtests.icore.runtime.core.dll" id="c381fcdb-0494-5397-416a-72796c1df675">
      <Execution id="c92e7973-6c37-4111-8971-4443f177e5c6" />
      <TestMethod codeBase="F:\ETWork\bin\Tests\SysIntgTests.iCore.Runtime.Core.dll" adapterTypeName="Microsoft.VisualStudio.TestTools.TestTypes.Unit.UnitTestAdapter" className="SysIntgTests.iCoreRuntime.Core.PublicInstanceFactoryImplTests" name="GetInstanceOfEntity_InvalidTypeOfIdForEntityType_Throw" />
    </UnitTest>
    <UnitTest name="GetInstanceOfEntity_InvalidTypeOfKey_Throw" storage="f:\etwork\bin\tests\sysintgtests.icore.runtime.core.dll" id="84c7ed72-5318-a58a-a2af-1a7d99aef909">
      <Execution id="d643bf54-d2d7-48cd-a0b2-c096ea24e0af" />
      <TestMethod codeBase="F:\ETWork\bin\Tests\SysIntgTests.iCore.Runtime.Core.dll" adapterTypeName="Microsoft.VisualStudio.TestTools.TestTypes.Unit.UnitTestAdapter" className="SysIntgTests.iCoreRuntime.Core.PublicInstanceFactoryImplTests" name="GetInstanceOfEntity_InvalidTypeOfKey_Throw" />
    </UnitTest>
    <UnitTest name="GetInstanceOfEntity_KeyIsNull_Throw" storage="f:\etwork\bin\tests\sysintgtests.icore.runtime.core.dll" id="d135de97-8dfb-3297-3813-edefed8ac464">
      <Execution id="ff4e6d35-dfac-4e37-bcb3-3e2c19837194" />
      <TestMethod codeBase="F:\ETWork\bin\Tests\SysIntgTests.iCore.Runtime.Core.dll" adapterTypeName="Microsoft.VisualStudio.TestTools.TestTypes.Unit.UnitTestAdapter" className="SysIntgTests.iCoreRuntime.Core.PublicInstanceFactoryImplTests" name="GetInstanceOfEntity_KeyIsNull_Throw" />
    </UnitTest>
    <UnitTest name="GetInstanceOfEntity_KeyIsValid_ReturnsInstance" storage="f:\etwork\bin\tests\sysintgtests.icore.runtime.core.dll" id="344ac07f-96d8-d10b-ed4c-628588ac13aa">
      <Execution id="16d76bbd-f801-455d-994d-33460ac9b9e2" />
      <TestMethod codeBase="F:\ETWork\bin\Tests\SysIntgTests.iCore.Runtime.Core.dll" adapterTypeName="Microsoft.VisualStudio.TestTools.TestTypes.Unit.UnitTestAdapter" className="SysIntgTests.iCoreRuntime.Core.PublicInstanceFactoryImplTests" name="GetInstanceOfEntity_KeyIsValid_ReturnsInstance" />
    </UnitTest>
    <UnitTest name="GetInstanceOfEntity_KeyIsValid_Throws" storage="f:\etwork\bin\tests\sysintgtests.icore.runtime.core.dll" id="a26da10a-8e2f-eb7c-7a73-1f690d6a29bd">
      <Execution id="649b95bd-3510-471e-888a-bad8f12f67db" />
      <TestMethod codeBase="F:\ETWork\bin\Tests\SysIntgTests.iCore.Runtime.Core.dll" adapterTypeName="Microsoft.VisualStudio.TestTools.TestTypes.Unit.UnitTestAdapter" className="SysIntgTests.iCoreRuntime.Core.PublicInstanceFactoryImplTests" name="GetInstanceOfEntity_KeyIsValid_Throws" />
    </UnitTest>
  </TestDefinitions>
  <TestEntries>
    <TestEntry testId="6df84193-a8c5-0697-60ff-970845a887ff" executionId="a16056f9-5e6c-461a-bda8-89a12b56cd29" testListId="8c84fa94-04c1-424b-9868-57a2d4851a1d" />
    <TestEntry testId="b9be545a-edd7-c624-0578-4ebcd04c4a41" executionId="36580024-9641-4cb0-8f25-54fbfa6cf206" testListId="8c84fa94-04c1-424b-9868-57a2d4851a1d" />
    <TestEntry testId="60501c41-2075-dcd8-e217-f3247834fdc2" executionId="db6f9e0c-0483-4091-b49d-95b7e06ae160" testListId="8c84fa94-04c1-424b-9868-57a2d4851a1d" />
    <TestEntry testId="7f6c2e2c-afc6-a253-ad07-4d4def3b46b6" executionId="ffa1edb3-b9fb-47f1-9b0f-b54f2c6d7d09" testListId="8c84fa94-04c1-424b-9868-57a2d4851a1d" />
    <TestEntry testId="43fe53c7-f94d-b23d-6e3a-1a76cf0e6b1e" executionId="c0189cf1-fd20-428a-8b9d-df1f067b6321" testListId="8c84fa94-04c1-424b-9868-57a2d4851a1d" />
    <TestEntry testId="c381fcdb-0494-5397-416a-72796c1df675" executionId="c92e7973-6c37-4111-8971-4443f177e5c6" testListId="8c84fa94-04c1-424b-9868-57a2d4851a1d" />
    <TestEntry testId="84c7ed72-5318-a58a-a2af-1a7d99aef909" executionId="d643bf54-d2d7-48cd-a0b2-c096ea24e0af" testListId="8c84fa94-04c1-424b-9868-57a2d4851a1d" />
    <TestEntry testId="d135de97-8dfb-3297-3813-edefed8ac464" executionId="ff4e6d35-dfac-4e37-bcb3-3e2c19837194" testListId="8c84fa94-04c1-424b-9868-57a2d4851a1d" />
    <TestEntry testId="344ac07f-96d8-d10b-ed4c-628588ac13aa" executionId="16d76bbd-f801-455d-994d-33460ac9b9e2" testListId="8c84fa94-04c1-424b-9868-57a2d4851a1d" />
    <TestEntry testId="a26da10a-8e2f-eb7c-7a73-1f690d6a29bd" executionId="649b95bd-3510-471e-888a-bad8f12f67db" testListId="8c84fa94-04c1-424b-9868-57a2d4851a1d" />
  </TestEntries>
  <TestLists>
    <TestList name="Results Not in a List" id="8c84fa94-04c1-424b-9868-57a2d4851a1d" />
    <TestList name="All Loaded Results" id="19431567-8539-422a-85d7-44ee4e166bda" />
  </TestLists>
  <ResultSummary outcome="Completed">
    <Counters total="10" executed="10" passed="10" failed="0" error="0" timeout="0" aborted="0" inconclusive="0" passedButRunAborted="0" notRunnable="0" notExecuted="0" disconnected="0" warning="0" completed="0" inProgress="0" pending="0" />
    <RunInfos>
      <RunInfo computerName="ICSWS068" outcome="Warning" timestamp="2016-08-04T10:32:58.0696444+02:00">
        <Text>Warning: Test Run deployment issue: The assembly or module 'Microsoft.IdentityModel.Clients.ActiveDirectory' directly or indirectly referenced by the test container 'f:\etwork\bin\tests\sysintgtests.icore.runtime.core.dll' was not found.</Text>
      </RunInfo>
      <RunInfo computerName="ICSWS068" outcome="Warning" timestamp="2016-08-04T10:32:58.0721476+02:00">
        <Text>Warning: Test Run deployment issue: The assembly or module 'Microsoft.ServiceBus' directly or indirectly referenced by the test container 'f:\etwork\bin\tests\sysintgtests.icore.runtime.core.dll' was not found.</Text>
      </RunInfo>
    </RunInfos>
  </ResultSummary>
</TestRun>