<?xml version="1.0" encoding="UTF-8"?>
<TestRun id="eb290416-d765-486b-8811-6f097bb98746" name="bacemi@ICSWS068 2016-08-04 09:45:42" runUser="ICORE\bacemi" xmlns="http://microsoft.com/schemas/VisualStudio/TeamTest/2010">
  <Times creation="2016-08-04T09:45:42.3832021+02:00" queuing="2016-08-04T09:45:42.3832021+02:00" start="2016-08-04T09:45:41.3381920+02:00" finish="2016-08-04T09:46:04.8615752+02:00" />
  <TestSettings name="default" id="9e7337a7-0993-4163-92de-769bf50b8897">
    <Execution>
      <TestTypeSpecific />
    </Execution>
    <Deployment runDeploymentRoot="bacemi_ICSWS068 2016-08-04 09_45_42" />
    <Properties />
  </TestSettings>
  <Results>
    <UnitTestResult executionId="6084713f-2e33-49a5-9f78-f2d68dbf7512" testId="13035aa8-d22e-2bb7-cc03-0a294032092d" testName="Open_UsernameAndPasswordIsNullAndUserContextHasAccess_Succeeds" computerName="ICSWS068" startTime="2016-08-04T09:45:41.3381920+02:00" endTime="2016-08-04T09:45:41.3381920+02:00" testType="13cdc9d9-ddb5-4fa4-a97d-d965ccfc6d4b" outcome="NotExecuted" testListId="8c84fa94-04c1-424b-9868-57a2d4851a1d" relativeResultsDirectory="6084713f-2e33-49a5-9f78-f2d68dbf7512" />
    <UnitTestResult executionId="be986a6b-90e2-4b81-9e6c-3e33144ab20c" testId="d35cb70d-d321-29e2-c8ea-540e97ca0c9f" testName="Open_UsernameAndPasswordIsEmptyAndUserContextHasAccess_Succeeds" computerName="ICSWS068" startTime="2016-08-04T09:45:41.3436186+02:00" endTime="2016-08-04T09:45:41.3436186+02:00" testType="13cdc9d9-ddb5-4fa4-a97d-d965ccfc6d4b" outcome="NotExecuted" testListId="8c84fa94-04c1-424b-9868-57a2d4851a1d" relativeResultsDirectory="be986a6b-90e2-4b81-9e6c-3e33144ab20c" />
    <UnitTestResult executionId="2a473d0e-26ec-42e0-89b1-97019219d7d4" testId="06bf8e27-42ef-8312-0eb9-bec2a014f87e" testName="Search_FilterWithExplicitObjectCategory_FindAllMatches" computerName="ICSWS068" startTime="2016-08-04T09:45:41.3436186+02:00" endTime="2016-08-04T09:45:41.3436186+02:00" testType="13cdc9d9-ddb5-4fa4-a97d-d965ccfc6d4b" outcome="NotExecuted" testListId="8c84fa94-04c1-424b-9868-57a2d4851a1d" relativeResultsDirectory="2a473d0e-26ec-42e0-89b1-97019219d7d4" />
    <UnitTestResult executionId="43ad0422-9f1e-4621-ab03-a54cbd93a777" testId="ed1be34e-a27b-4553-1b6d-7a9c6c8f0649" testName="get_SearchResultItemByIndex_NotOpened_Fails" computerName="ICSWS068" duration="00:00:00.0700886" startTime="2016-08-04T09:45:41.9263562+02:00" endTime="2016-08-04T09:45:56.1077191+02:00" testType="13cdc9d9-ddb5-4fa4-a97d-d965ccfc6d4b" outcome="Passed" testListId="8c84fa94-04c1-424b-9868-57a2d4851a1d" relativeResultsDirectory="43ad0422-9f1e-4621-ab03-a54cbd93a777" />
    <UnitTestResult executionId="a71f549b-99c2-4e3e-b292-8364a4fec28f" testId="967701d5-7275-35fc-edd2-b8eb5fa1fba6" testName="get_SearchResultItemByIndex_IndexInRange_ItemReturned" computerName="ICSWS068" duration="00:00:00.0396609" startTime="2016-08-04T09:45:56.1117106+02:00" endTime="2016-08-04T09:45:56.1528843+02:00" testType="13cdc9d9-ddb5-4fa4-a97d-d965ccfc6d4b" outcome="Passed" testListId="8c84fa94-04c1-424b-9868-57a2d4851a1d" relativeResultsDirectory="a71f549b-99c2-4e3e-b292-8364a4fec28f" />
    <UnitTestResult executionId="a296f76b-3783-465e-a771-033213269509" testId="a17bc0bc-5172-3cba-509b-5810eea736ac" testName="get_SearchResultItemCount_NotOpened_Fails" computerName="ICSWS068" duration="00:00:00.0003683" startTime="2016-08-04T09:45:56.1553869+02:00" endTime="2016-08-04T09:45:56.1574039+02:00" testType="13cdc9d9-ddb5-4fa4-a97d-d965ccfc6d4b" outcome="Passed" testListId="8c84fa94-04c1-424b-9868-57a2d4851a1d" relativeResultsDirectory="a296f76b-3783-465e-a771-033213269509" />
    <UnitTestResult executionId="fddfc0a1-c30b-4fbc-8359-f5647f558cf8" testId="6a01c365-ad1e-ca19-bfb0-bf360e4b93b0" testName="get_SearchResultItemCount_Opened_ReturnsZero" computerName="ICSWS068" duration="00:00:00.0301485" startTime="2016-08-04T09:45:56.1605150+02:00" endTime="2016-08-04T09:45:56.1920570+02:00" testType="13cdc9d9-ddb5-4fa4-a97d-d965ccfc6d4b" outcome="Passed" testListId="8c84fa94-04c1-424b-9868-57a2d4851a1d" relativeResultsDirectory="fddfc0a1-c30b-4fbc-8359-f5647f558cf8" />
    <UnitTestResult executionId="f4759d2f-dfa8-4642-8a6e-bb93f5307b43" testId="e5c2d078-b54c-0820-7a79-448faf2dc6ff" testName="get_SearchResultItemCount_SearchShouldFindNoItems_RetursnZero" computerName="ICSWS068" duration="00:00:00.0030125" startTime="2016-08-04T09:45:56.1945572+02:00" endTime="2016-08-04T09:45:56.1990636+02:00" testType="13cdc9d9-ddb5-4fa4-a97d-d965ccfc6d4b" outcome="Passed" testListId="8c84fa94-04c1-424b-9868-57a2d4851a1d" relativeResultsDirectory="f4759d2f-dfa8-4642-8a6e-bb93f5307b43" />
    <UnitTestResult executionId="f3395131-bf26-4b70-a89a-2a2102d72fb1" testId="becf7ea0-2b34-c64f-4c8a-d73f2725214d" testName="get_SearchResultItemCount_SearchShouldFindOneItem_ReturnsOne" computerName="ICSWS068" duration="00:00:00.0031940" startTime="2016-08-04T09:45:56.2015671+02:00" endTime="2016-08-04T09:45:56.2060714+02:00" testType="13cdc9d9-ddb5-4fa4-a97d-d965ccfc6d4b" outcome="Passed" testListId="8c84fa94-04c1-424b-9868-57a2d4851a1d" relativeResultsDirectory="f3395131-bf26-4b70-a89a-2a2102d72fb1" />
    <UnitTestResult executionId="9ca038f7-8a12-4ea0-a3ca-cdb06d07a238" testId="835f075b-e1f9-eb40-3382-6bb93da7e8cd" testName="get_SearchResultItemCount_SearchShouldFindThirtyItems_ReturnsThirty" computerName="ICSWS068" duration="00:00:00.0189617" startTime="2016-08-04T09:45:56.2085722+02:00" endTime="2016-08-04T09:45:56.2293024+02:00" testType="13cdc9d9-ddb5-4fa4-a97d-d965ccfc6d4b" outcome="Passed" testListId="8c84fa94-04c1-424b-9868-57a2d4851a1d" relativeResultsDirectory="9ca038f7-8a12-4ea0-a3ca-cdb06d07a238" />
    <UnitTestResult executionId="8fc500af-a075-468b-83cb-6cde8635fa57" testId="1396bca9-2094-2386-1419-249b11c76c17" testName="get_SearchResultItemList_NotOpened_Fails" computerName="ICSWS068" duration="00:00:00.0004325" startTime="2016-08-04T09:45:56.2322871+02:00" endTime="2016-08-04T09:45:56.2338050+02:00" testType="13cdc9d9-ddb5-4fa4-a97d-d965ccfc6d4b" outcome="Passed" testListId="8c84fa94-04c1-424b-9868-57a2d4851a1d" relativeResultsDirectory="8fc500af-a075-468b-83cb-6cde8635fa57" />
    <UnitTestResult executionId="b2f8c10b-4228-4b19-8942-430f5ec81747" testId="eb3b20dd-95ea-43c7-817f-90a563ab1c83" testName="get_SearchResultItemList_Opened_ReturnsEmptyList" computerName="ICSWS068" duration="00:00:00.0017383" startTime="2016-08-04T09:45:56.2362917+02:00" endTime="2016-08-04T09:45:56.2383075+02:00" testType="13cdc9d9-ddb5-4fa4-a97d-d965ccfc6d4b" outcome="Passed" testListId="8c84fa94-04c1-424b-9868-57a2d4851a1d" relativeResultsDirectory="b2f8c10b-4228-4b19-8942-430f5ec81747" />
    <UnitTestResult executionId="3d7328b3-f354-4376-930e-d33233d8d8ac" testId="bc4097c8-2b0f-d025-8dcc-f97571d57b63" testName="get_SearchResultItemList_SearchYieldNoResult_ReturnsEmptyList" computerName="ICSWS068" duration="00:00:00.0027166" startTime="2016-08-04T09:45:56.2427605+02:00" endTime="2016-08-04T09:45:56.2472634+02:00" testType="13cdc9d9-ddb5-4fa4-a97d-d965ccfc6d4b" outcome="Passed" testListId="8c84fa94-04c1-424b-9868-57a2d4851a1d" relativeResultsDirectory="3d7328b3-f354-4376-930e-d33233d8d8ac" />
    <UnitTestResult executionId="f7f5b38b-315f-4e35-a5f0-058c4ba0278d" testId="8353de70-d1b6-3ea3-66ac-0abfa87bfb07" testName="get_SearchResultItemList_SearchFind30Items_ReturnsListWith30Items" computerName="ICSWS068" duration="00:00:00.0171133" startTime="2016-08-04T09:45:56.2497850+02:00" endTime="2016-08-04T09:45:56.2679727+02:00" testType="13cdc9d9-ddb5-4fa4-a97d-d965ccfc6d4b" outcome="Passed" testListId="8c84fa94-04c1-424b-9868-57a2d4851a1d" relativeResultsDirectory="f7f5b38b-315f-4e35-a5f0-058c4ba0278d" />
    <UnitTestResult executionId="b9e2d575-ac8d-4a7e-ba6c-8f44922d7c42" testId="5422af6f-11d6-00b9-e83e-7385c7dd91f2" testName="Open_PathIsNotAValidLDAPPath_Fails" computerName="ICSWS068" duration="00:00:00.0007735" startTime="2016-08-04T09:45:56.2709759+02:00" endTime="2016-08-04T09:45:56.2729767+02:00" testType="13cdc9d9-ddb5-4fa4-a97d-d965ccfc6d4b" outcome="Passed" testListId="8c84fa94-04c1-424b-9868-57a2d4851a1d" relativeResultsDirectory="b9e2d575-ac8d-4a7e-ba6c-8f44922d7c42" />
    <UnitTestResult executionId="eafd5407-0044-43cb-a630-e70e7b2d91b4" testId="877ddaff-7e3d-912d-fd32-9b40407a3aa9" testName="Open_PathDoesNotExists_Fails" computerName="ICSWS068" duration="00:00:00.0013225" startTime="2016-08-04T09:45:56.2754784+02:00" endTime="2016-08-04T09:45:56.2779805+02:00" testType="13cdc9d9-ddb5-4fa4-a97d-d965ccfc6d4b" outcome="Passed" testListId="8c84fa94-04c1-424b-9868-57a2d4851a1d" relativeResultsDirectory="eafd5407-0044-43cb-a630-e70e7b2d91b4" />
    <UnitTestResult executionId="6af68418-3418-4dce-8fcd-ff95724cb988" testId="416d6c2f-b1aa-6232-8cbb-afe9cb675e94" testName="Open_UsernameAndPasswordIsNullAndUserContextDoesNotHaveAccess_Fails" computerName="ICSWS068" duration="00:00:00.0026474" startTime="2016-08-04T09:45:56.2809836+02:00" endTime="2016-08-04T09:45:56.2844853+02:00" testType="13cdc9d9-ddb5-4fa4-a97d-d965ccfc6d4b" outcome="Passed" testListId="8c84fa94-04c1-424b-9868-57a2d4851a1d" relativeResultsDirectory="6af68418-3418-4dce-8fcd-ff95724cb988" />
    <UnitTestResult executionId="70294c05-35ce-4de1-b78c-f28636f1e7e3" testId="cd14617d-e9f7-9dca-6100-409b9a08c593" testName="Open_UsernameAndPasswordIsEmptyStringAndUserContextDoesNotHaveAccess_Fails" computerName="ICSWS068" duration="00:00:00.0025037" startTime="2016-08-04T09:45:56.2874867+02:00" endTime="2016-08-04T09:45:56.2909925+02:00" testType="13cdc9d9-ddb5-4fa4-a97d-d965ccfc6d4b" outcome="Passed" testListId="8c84fa94-04c1-424b-9868-57a2d4851a1d" relativeResultsDirectory="70294c05-35ce-4de1-b78c-f28636f1e7e3" />
    <UnitTestResult executionId="0b503356-9123-46f5-8445-1715faa14217" testId="1b083588-936e-40ae-1958-e5cbd1576d50" testName="Open_PasswordIsNull_Fails" computerName="ICSWS068" duration="00:00:00.0241683" startTime="2016-08-04T09:45:56.2939943+02:00" endTime="2016-08-04T09:45:56.3193135+02:00" testType="13cdc9d9-ddb5-4fa4-a97d-d965ccfc6d4b" outcome="Passed" testListId="8c84fa94-04c1-424b-9868-57a2d4851a1d" relativeResultsDirectory="0b503356-9123-46f5-8445-1715faa14217" />
    <UnitTestResult executionId="3ae7e027-1a6e-41a2-b86a-be03945a2037" testId="91901c2b-7c89-1d12-c5e6-cac0f3dd3e90" testName="Open_PasswordIsIncorrect_Fails" computerName="ICSWS068" duration="00:00:00.0026556" startTime="2016-08-04T09:45:56.3223172+02:00" endTime="2016-08-04T09:45:56.3263368+02:00" testType="13cdc9d9-ddb5-4fa4-a97d-d965ccfc6d4b" outcome="Passed" testListId="8c84fa94-04c1-424b-9868-57a2d4851a1d" relativeResultsDirectory="3ae7e027-1a6e-41a2-b86a-be03945a2037" />
    <UnitTestResult executionId="8ca74aae-a828-4374-9196-e2f04c57a0f2" testId="4a34d814-4694-ed8a-2acd-adb05afc50da" testName="Open_PathAndCredentialsAreValid_Succeeds" computerName="ICSWS068" duration="00:00:00.0015577" startTime="2016-08-04T09:45:56.3283224+02:00" endTime="2016-08-04T09:45:56.3317133+02:00" testType="13cdc9d9-ddb5-4fa4-a97d-d965ccfc6d4b" outcome="Passed" testListId="8c84fa94-04c1-424b-9868-57a2d4851a1d" relativeResultsDirectory="8ca74aae-a828-4374-9196-e2f04c57a0f2" />
    <UnitTestResult executionId="ef0612a9-beda-44e2-9068-594e9d987458" testId="9fe689d4-79fc-ee35-19e0-65352df748c3" testName="Open_SearchScopeValueIs3_Fails" computerName="ICSWS068" duration="00:00:00.0016685" startTime="2016-08-04T09:45:56.3342314+02:00" endTime="2016-08-04T09:45:56.3372173+02:00" testType="13cdc9d9-ddb5-4fa4-a97d-d965ccfc6d4b" outcome="Passed" testListId="8c84fa94-04c1-424b-9868-57a2d4851a1d" relativeResultsDirectory="ef0612a9-beda-44e2-9068-594e9d987458" />
    <UnitTestResult executionId="221ab4ba-1b9c-41c4-ba6d-ad345bb452f8" testId="2ef1f909-845f-0654-dc64-fa6c2247c840" testName="Open_SearchScopeValueIsNegative_Fails" computerName="ICSWS068" duration="00:00:00.0017864" startTime="2016-08-04T09:45:56.3402190+02:00" endTime="2016-08-04T09:45:56.3432219+02:00" testType="13cdc9d9-ddb5-4fa4-a97d-d965ccfc6d4b" outcome="Passed" testListId="8c84fa94-04c1-424b-9868-57a2d4851a1d" relativeResultsDirectory="221ab4ba-1b9c-41c4-ba6d-ad345bb452f8" />
    <UnitTestResult executionId="49fe016f-6399-4b9d-8860-7efa9605b55f" testId="06a2a321-d562-0f2f-bc2a-c0acf46bea71" testName="Search_SearcherIsNotOpened_Fails" computerName="ICSWS068" duration="00:00:00.0002917" startTime="2016-08-04T09:45:56.3462230+02:00" endTime="2016-08-04T09:45:56.3477400+02:00" testType="13cdc9d9-ddb5-4fa4-a97d-d965ccfc6d4b" outcome="Passed" testListId="8c84fa94-04c1-424b-9868-57a2d4851a1d" relativeResultsDirectory="49fe016f-6399-4b9d-8860-7efa9605b55f" />
    <UnitTestResult executionId="bb424718-14f5-4522-8c07-671a1af606fb" testId="360c141b-0f79-6309-95fe-bc777753b1f0" testName="Search_SearchFilterIsEmpty_Fails" computerName="ICSWS068" duration="00:00:00.0017113" startTime="2016-08-04T09:45:56.3506153+02:00" endTime="2016-08-04T09:45:56.3536331+02:00" testType="13cdc9d9-ddb5-4fa4-a97d-d965ccfc6d4b" outcome="Passed" testListId="8c84fa94-04c1-424b-9868-57a2d4851a1d" relativeResultsDirectory="bb424718-14f5-4522-8c07-671a1af606fb" />
    <UnitTestResult executionId="1b00e480-c502-450a-9732-b04149492b3a" testId="b30a7458-8871-c39a-909f-889fef88359a" testName="Search_SearchFilterIsNull_Fails" computerName="ICSWS068" duration="00:00:00.0016445" startTime="2016-08-04T09:45:56.3561193+02:00" endTime="2016-08-04T09:45:56.3581372+02:00" testType="13cdc9d9-ddb5-4fa4-a97d-d965ccfc6d4b" outcome="Passed" testListId="8c84fa94-04c1-424b-9868-57a2d4851a1d" relativeResultsDirectory="1b00e480-c502-450a-9732-b04149492b3a" />
    <UnitTestResult executionId="4f793569-6fd4-4f04-aa94-2b567a5d817e" testId="18e8d848-8b50-0247-ea0d-184dd54814d5" testName="Search_SearchFilterIsInvalidLDAPFilter_Fails" computerName="ICSWS068" duration="00:00:00.0025697" startTime="2016-08-04T09:45:56.3615996+02:00" endTime="2016-08-04T09:45:56.3656015+02:00" testType="13cdc9d9-ddb5-4fa4-a97d-d965ccfc6d4b" outcome="Passed" testListId="8c84fa94-04c1-424b-9868-57a2d4851a1d" relativeResultsDirectory="4f793569-6fd4-4f04-aa94-2b567a5d817e" />
    <UnitTestResult executionId="a5b78a31-da80-4981-a7ef-ece44347e036" testId="e0e494ea-c8fe-4bc8-f95f-334b9d6eda02" testName="Search_SearchFilterHasObjectClassThatNotExist_Succeeds" computerName="ICSWS068" duration="00:00:00.0024612" startTime="2016-08-04T09:45:56.3681197+02:00" endTime="2016-08-04T09:45:56.3721064+02:00" testType="13cdc9d9-ddb5-4fa4-a97d-d965ccfc6d4b" outcome="Passed" testListId="8c84fa94-04c1-424b-9868-57a2d4851a1d" relativeResultsDirectory="a5b78a31-da80-4981-a7ef-ece44347e036" />
    <UnitTestResult executionId="44fe7d09-6c6d-416a-9dc1-9eab9d8e8054" testId="50b35e6c-8e71-8253-f7ef-2848e841686c" testName="Search_FilterUserWithAnyCommonName_AllUsersInOuAreFound" computerName="ICSWS068" duration="00:00:00.0178682" startTime="2016-08-04T09:45:56.3746084+02:00" endTime="2016-08-04T09:45:56.3941383+02:00" testType="13cdc9d9-ddb5-4fa4-a97d-d965ccfc6d4b" outcome="Passed" testListId="8c84fa94-04c1-424b-9868-57a2d4851a1d" relativeResultsDirectory="44fe7d09-6c6d-416a-9dc1-9eab9d8e8054" />
    <UnitTestResult executionId="4881e376-40b1-4ad3-89b2-b33bde69a2dc" testId="798f5aa0-a841-0876-fe69-6f28a93edf9d" testName="Search_FilterWithPresetOperator_FinsAllUsersMatchingPreset" computerName="ICSWS068" duration="00:00:00.0233619" startTime="2016-08-04T09:45:56.3971274+02:00" endTime="2016-08-04T09:45:56.4216554+02:00" testType="13cdc9d9-ddb5-4fa4-a97d-d965ccfc6d4b" outcome="Passed" testListId="8c84fa94-04c1-424b-9868-57a2d4851a1d" relativeResultsDirectory="4881e376-40b1-4ad3-89b2-b33bde69a2dc" />
    <UnitTestResult executionId="cd2b11d3-2ae3-4b55-ab32-5d42218edd09" testId="cfc75545-3ffc-80c5-ea54-b54d3dc55525" testName="Search_FilterEndingOfCommonName_FindsAllUsersWithEnding" computerName="ICSWS068" duration="00:00:00.0218645" startTime="2016-08-04T09:45:56.4246586+02:00" endTime="2016-08-04T09:45:56.4477957+02:00" testType="13cdc9d9-ddb5-4fa4-a97d-d965ccfc6d4b" outcome="Passed" testListId="8c84fa94-04c1-424b-9868-57a2d4851a1d" relativeResultsDirectory="cd2b11d3-2ae3-4b55-ab32-5d42218edd09" />
    <UnitTestResult executionId="7e838f60-4be8-4456-bc43-01d07226506e" testId="5484bf2e-6b5e-4c68-ada9-e4031e983c76" testName="Search_SearchScopeIsBase_OnlyFindsMatchesInBase" computerName="ICSWS068" duration="00:00:00.0033597" startTime="2016-08-04T09:45:56.4505256+02:00" endTime="2016-08-04T09:45:56.4550305+02:00" testType="13cdc9d9-ddb5-4fa4-a97d-d965ccfc6d4b" outcome="Passed" testListId="8c84fa94-04c1-424b-9868-57a2d4851a1d" relativeResultsDirectory="7e838f60-4be8-4456-bc43-01d07226506e" />
    <UnitTestResult executionId="f7eb4eec-01db-4777-9dd0-7bf0a1d4bc45" testId="4c358882-abfa-df57-94aa-2fffc73d461f" testName="Search_SearchScopeIsOneLevel_OnlyFindsMatchesInFirstLevel" computerName="ICSWS068" duration="00:00:00.0170503" startTime="2016-08-04T09:45:56.4580331+02:00" endTime="2016-08-04T09:45:56.4763146+02:00" testType="13cdc9d9-ddb5-4fa4-a97d-d965ccfc6d4b" outcome="Passed" testListId="8c84fa94-04c1-424b-9868-57a2d4851a1d" relativeResultsDirectory="f7eb4eec-01db-4777-9dd0-7bf0a1d4bc45" />
    <UnitTestResult executionId="2d11342c-2816-4278-95f4-d41744baaa14" testId="a31c6cb4-4e0b-cb5a-3738-3c1742652ed8" testName="Search_SearchScopeIsSubTree_OnlyFindsMatchesOnAllLevels" computerName="ICSWS068" duration="00:00:00.0712514" startTime="2016-08-04T09:45:56.4793011+02:00" endTime="2016-08-04T09:45:56.5523605+02:00" testType="13cdc9d9-ddb5-4fa4-a97d-d965ccfc6d4b" outcome="Passed" testListId="8c84fa94-04c1-424b-9868-57a2d4851a1d" relativeResultsDirectory="2d11342c-2816-4278-95f4-d41744baaa14" />
    <UnitTestResult executionId="eb6c4db6-0f78-4f58-8771-39a7065c5827" testId="8ac96070-ee82-6b9a-b569-5f736d44e88a" testName="Search_FilteringWithThreeAttributes_FoundItemsMatchAllAttributes" computerName="ICSWS068" duration="00:00:00.0148474" startTime="2016-08-04T09:45:56.5551995+02:00" endTime="2016-08-04T09:45:56.5715153+02:00" testType="13cdc9d9-ddb5-4fa4-a97d-d965ccfc6d4b" outcome="Passed" testListId="8c84fa94-04c1-424b-9868-57a2d4851a1d" relativeResultsDirectory="eb6c4db6-0f78-4f58-8771-39a7065c5827" />
    <UnitTestResult executionId="78232065-fcdf-4957-953f-664eb1c6e826" testId="34ea0719-7e52-d008-8ac9-ca7eab017c39" testName="Search_OUWithGroupsAndFilteringGroups_FindsAllMatchingGroups" computerName="ICSWS068" duration="00:00:00.0082033" startTime="2016-08-04T09:45:56.5740323+02:00" endTime="2016-08-04T09:45:56.5835430+02:00" testType="13cdc9d9-ddb5-4fa4-a97d-d965ccfc6d4b" outcome="Passed" testListId="8c84fa94-04c1-424b-9868-57a2d4851a1d" relativeResultsDirectory="78232065-fcdf-4957-953f-664eb1c6e826" />
    <UnitTestResult executionId="e4556750-ab01-47c8-b611-0749a8645996" testId="2235ad44-0a64-f7af-e4a6-d47483ccd7c0" testName="Search_FilterGroupsSpecificCommonName_FindsAllGroupsWithMatchingFilter" computerName="ICSWS068" duration="00:00:00.0034134" startTime="2016-08-04T09:45:56.5865283+02:00" endTime="2016-08-04T09:45:56.5910341+02:00" testType="13cdc9d9-ddb5-4fa4-a97d-d965ccfc6d4b" outcome="Passed" testListId="8c84fa94-04c1-424b-9868-57a2d4851a1d" relativeResultsDirectory="e4556750-ab01-47c8-b611-0749a8645996" />
    <UnitTestResult executionId="5ae0fff1-0e5f-47cd-8038-9983a7539709" testId="96a75893-db40-d06a-c3a1-13bf330d0985" testName="Search_FilterUsersDirectMemberOfGroup_FindsAllDirectMembers" computerName="ICSWS068" duration="00:00:00.0053523" startTime="2016-08-04T09:45:56.5940537+02:00" endTime="2016-08-04T09:45:56.6007348+02:00" testType="13cdc9d9-ddb5-4fa4-a97d-d965ccfc6d4b" outcome="Passed" testListId="8c84fa94-04c1-424b-9868-57a2d4851a1d" relativeResultsDirectory="5ae0fff1-0e5f-47cd-8038-9983a7539709" />
    <UnitTestResult executionId="b5136125-8209-4f3b-b353-6b1b7d4698e2" testId="b3b03025-1f9d-09db-2704-acf498de2535" testName="Search_FilterUsersThatMemberOfGroupByHiearchy_FindsAllMembers" computerName="ICSWS068" duration="00:00:00.0408565" startTime="2016-08-04T09:45:56.6037365+02:00" endTime="2016-08-04T09:45:56.6460056+02:00" testType="13cdc9d9-ddb5-4fa4-a97d-d965ccfc6d4b" outcome="Passed" testListId="8c84fa94-04c1-424b-9868-57a2d4851a1d" relativeResultsDirectory="b5136125-8209-4f3b-b353-6b1b7d4698e2" />
    <UnitTestResult executionId="3a77e632-ecda-4386-89af-a1da751b571e" testId="26635b42-c793-6146-d3c2-204dce56283d" testName="Search_FilterWithOR_FindMatchingUsers" computerName="ICSWS068" duration="00:00:00.0157867" startTime="2016-08-04T09:45:56.6490105+02:00" endTime="2016-08-04T09:45:56.6660240+02:00" testType="13cdc9d9-ddb5-4fa4-a97d-d965ccfc6d4b" outcome="Passed" testListId="8c84fa94-04c1-424b-9868-57a2d4851a1d" relativeResultsDirectory="3a77e632-ecda-4386-89af-a1da751b571e" />
    <UnitTestResult executionId="17eb2bc6-d8c4-42cd-8543-16b911c5288a" testId="09d6beb4-b154-ee02-cb20-4e30f70d8575" testName="Search_FilterWithNOT_FindMatchingUsers" computerName="ICSWS068" duration="00:00:00.0161521" startTime="2016-08-04T09:45:56.6690245+02:00" endTime="2016-08-04T09:45:56.6865386+02:00" testType="13cdc9d9-ddb5-4fa4-a97d-d965ccfc6d4b" outcome="Passed" testListId="8c84fa94-04c1-424b-9868-57a2d4851a1d" relativeResultsDirectory="17eb2bc6-d8c4-42cd-8543-16b911c5288a" />
    <UnitTestResult executionId="cae66d96-2824-4926-8095-c88f23727a6f" testId="469bb7d1-5d40-8274-6dba-d9c4c9bd006f" testName="Search_FilterWithAND_FindMatchingUsers" computerName="ICSWS068" duration="00:00:00.0155858" startTime="2016-08-04T09:45:56.6895597+02:00" endTime="2016-08-04T09:45:56.7064218+02:00" testType="13cdc9d9-ddb5-4fa4-a97d-d965ccfc6d4b" outcome="Passed" testListId="8c84fa94-04c1-424b-9868-57a2d4851a1d" relativeResultsDirectory="cae66d96-2824-4926-8095-c88f23727a6f" />
    <UnitTestResult executionId="3ceec6c1-56be-4361-a074-f6399865d270" testId="a5bfcf66-3799-f6b3-4d5f-7202a6fcb633" testName="Search_FilterWithLess_FindMatchingUsers" computerName="ICSWS068" duration="00:00:00.0150365" startTime="2016-08-04T09:45:56.7089244+02:00" endTime="2016-08-04T09:45:56.7256089+02:00" testType="13cdc9d9-ddb5-4fa4-a97d-d965ccfc6d4b" outcome="Passed" testListId="8c84fa94-04c1-424b-9868-57a2d4851a1d" relativeResultsDirectory="3ceec6c1-56be-4361-a074-f6399865d270" />
    <UnitTestResult executionId="8c05d5ef-9d70-405d-bd17-346946767391" testId="e1a8d21c-800c-332b-78e4-73df10aab251" testName="Search_FilterWithGreater_FindMatchingUsers" computerName="ICSWS068" duration="00:00:00.0153497" startTime="2016-08-04T09:45:56.7281106+02:00" endTime="2016-08-04T09:45:56.7448056+02:00" testType="13cdc9d9-ddb5-4fa4-a97d-d965ccfc6d4b" outcome="Passed" testListId="8c84fa94-04c1-424b-9868-57a2d4851a1d" relativeResultsDirectory="8c05d5ef-9d70-405d-bd17-346946767391" />
    <UnitTestResult executionId="5d286ce4-d7b8-487c-94f0-f03f4374262e" testId="65dae32a-0daa-c5b2-deaa-4fd7961921d0" testName="Search_FilterWithApproximate_FindsOnlyExactMatchingUsers" computerName="ICSWS068" duration="00:00:00.0147190" startTime="2016-08-04T09:45:56.7478097+02:00" endTime="2016-08-04T09:45:56.7640115+02:00" testType="13cdc9d9-ddb5-4fa4-a97d-d965ccfc6d4b" outcome="Passed" testListId="8c84fa94-04c1-424b-9868-57a2d4851a1d" relativeResultsDirectory="5d286ce4-d7b8-487c-94f0-f03f4374262e" />
    <UnitTestResult executionId="d35eb082-d8c1-4be0-8978-a63e401f6073" testId="70a6b82c-a29f-34ee-51bc-bb799b25f226" testName="Search_FilterWithEscapedCharacters_FindAllMatchingUsers" computerName="ICSWS068" duration="00:00:00.0194417" startTime="2016-08-04T09:45:56.7665150+02:00" endTime="2016-08-04T09:45:56.7876070+02:00" testType="13cdc9d9-ddb5-4fa4-a97d-d965ccfc6d4b" outcome="Passed" testListId="8c84fa94-04c1-424b-9868-57a2d4851a1d" relativeResultsDirectory="d35eb082-d8c1-4be0-8978-a63e401f6073" />
    <UnitTestResult executionId="1c0848ea-66bd-4ddd-bf6f-872fc97d1014" testId="ce378f33-ce25-ea0f-11a2-2cd5eb6e0277" testName="Search_ParenthesesNotEscapedInMatchString_FindMatches" computerName="ICSWS068" duration="00:00:00.0125917" startTime="2016-08-04T09:45:56.7901084+02:00" endTime="2016-08-04T09:45:56.8039791+02:00" testType="13cdc9d9-ddb5-4fa4-a97d-d965ccfc6d4b" outcome="Passed" testListId="8c84fa94-04c1-424b-9868-57a2d4851a1d" relativeResultsDirectory="1c0848ea-66bd-4ddd-bf6f-872fc97d1014" />
    <UnitTestResult executionId="737966f0-267c-42e5-a1f3-e489c1004919" testId="c11d01cc-21bb-fa4e-80ad-d3bf80409d26" testName="Search_FilterWithImplicitObjectCategory_FindAllMatches" computerName="ICSWS068" duration="00:00:00.0465625" startTime="2016-08-04T09:45:56.8069820+02:00" endTime="2016-08-04T09:45:56.8550460+02:00" testType="13cdc9d9-ddb5-4fa4-a97d-d965ccfc6d4b" outcome="Passed" testListId="8c84fa94-04c1-424b-9868-57a2d4851a1d" relativeResultsDirectory="737966f0-267c-42e5-a1f3-e489c1004919" />
    <UnitTestResult executionId="6f2c30a9-ac51-4080-a7dd-69a0c6405577" testId="fb09b2b1-29d1-553b-5ead-934af5a14572" testName="Search_FilterForUsersAndGroups_FindAllUsersAndGroups" computerName="ICSWS068" duration="00:00:00.0539048" startTime="2016-08-04T09:45:56.8575477+02:00" endTime="2016-08-04T09:45:56.9130993+02:00" testType="13cdc9d9-ddb5-4fa4-a97d-d965ccfc6d4b" outcome="Passed" testListId="8c84fa94-04c1-424b-9868-57a2d4851a1d" relativeResultsDirectory="6f2c30a9-ac51-4080-a7dd-69a0c6405577" />
    <UnitTestResult executionId="840d1f5f-fc19-42ba-9778-173f1b192e6c" testId="e71b6750-59f5-f23c-81dc-ecd4a1b43a04" testName="Search_FoundObjectHasAllADTypes_Succeeds" computerName="ICSWS068" duration="00:00:00.0048201" startTime="2016-08-04T09:45:56.9155998+02:00" endTime="2016-08-04T09:45:56.9221085+02:00" testType="13cdc9d9-ddb5-4fa4-a97d-d965ccfc6d4b" outcome="NotExecuted" testListId="8c84fa94-04c1-424b-9868-57a2d4851a1d" relativeResultsDirectory="840d1f5f-fc19-42ba-9778-173f1b192e6c">
      <Output>
        <ErrorInfo>
          <Message>Assert.Inconclusive failed. Unable to create Novell NetWare Directory Service schema types</Message>
          <StackTrace>   at IntgTests.iCore.Components.Core.DirectorySearcher.DirectorySearcherObjectIntegrationTests.Search_FoundObjectHasAllADTypes_Succeeds() in F:\ETWork\Main\Common\Assemblies\IntgTests.iCore.Components.Core.DirectorySearcher\DirectorySearcherObjectIntegrationTests.cs:line 1285
</StackTrace>
        </ErrorInfo>
      </Output>
    </UnitTestResult>
    <UnitTestResult executionId="37b6ed21-f400-4d7f-9064-d4fc4ef172c2" testId="a1b97e67-c6ac-b91e-4776-4516d8734d7d" testName="Search_FindingMoreThanThousandItems_Fails" computerName="ICSWS068" duration="00:00:03.2825455" startTime="2016-08-04T09:45:56.9251090+02:00" endTime="2016-08-04T09:46:00.2089121+02:00" testType="13cdc9d9-ddb5-4fa4-a97d-d965ccfc6d4b" outcome="Passed" testListId="8c84fa94-04c1-424b-9868-57a2d4851a1d" relativeResultsDirectory="37b6ed21-f400-4d7f-9064-d4fc4ef172c2" />
    <UnitTestResult executionId="cc0b1dab-0f25-401c-8851-02943026c1b7" testId="a2df4633-05dd-6e47-1af4-b355bdd2e174" testName="Search_FindingThousandItems_Succeeds" computerName="ICSWS068" duration="00:00:03.4584520" startTime="2016-08-04T09:46:00.2119127+02:00" endTime="2016-08-04T09:46:03.6728957+02:00" testType="13cdc9d9-ddb5-4fa4-a97d-d965ccfc6d4b" outcome="Passed" testListId="8c84fa94-04c1-424b-9868-57a2d4851a1d" relativeResultsDirectory="cc0b1dab-0f25-401c-8851-02943026c1b7" />
    <UnitTestResult executionId="61ae1e6f-145d-4f3d-9e64-c58ee32e8fcf" testId="fae3c97b-7e17-6268-e3ef-4d2febe90162" testName="Search_OpenThenSearchingTwice_SucceedsItemCountIsForBothSearches" computerName="ICSWS068" duration="00:00:00.0529738" startTime="2016-08-04T09:46:03.6764147+02:00" endTime="2016-08-04T09:46:03.7310285+02:00" testType="13cdc9d9-ddb5-4fa4-a97d-d965ccfc6d4b" outcome="Passed" testListId="8c84fa94-04c1-424b-9868-57a2d4851a1d" relativeResultsDirectory="61ae1e6f-145d-4f3d-9e64-c58ee32e8fcf" />
    <UnitTestResult executionId="d8ba2ffe-2d78-4e20-a11a-c345db60f4b6" testId="99468b62-a120-c7ed-36ac-c7bad32b02f2" testName="Search_NoItemsFound_Succeeds" computerName="ICSWS068" duration="00:00:00.0029110" startTime="2016-08-04T09:46:03.7340302+02:00" endTime="2016-08-04T09:46:03.7385357+02:00" testType="13cdc9d9-ddb5-4fa4-a97d-d965ccfc6d4b" outcome="Passed" testListId="8c84fa94-04c1-424b-9868-57a2d4851a1d" relativeResultsDirectory="d8ba2ffe-2d78-4e20-a11a-c345db60f4b6" />
    <UnitTestResult executionId="989f308f-16ce-4e6f-9648-2e2d81174ae9" testId="f8489680-697e-e608-dac3-0bd2ecda620b" testName="Search_OpenCloseThenSearch_Fails" computerName="ICSWS068" duration="00:00:00.0017289" startTime="2016-08-04T09:46:03.7420412+02:00" endTime="2016-08-04T09:46:03.7450429+02:00" testType="13cdc9d9-ddb5-4fa4-a97d-d965ccfc6d4b" outcome="Passed" testListId="8c84fa94-04c1-424b-9868-57a2d4851a1d" relativeResultsDirectory="989f308f-16ce-4e6f-9648-2e2d81174ae9" />
    <UnitTestResult executionId="1a7ed109-9d57-4408-b471-e8cebfff8529" testId="c40ec05f-205d-bd2b-d300-cb15074e1678" testName="Close_CloseNonOpenedObject_Succeeds" computerName="ICSWS068" duration="00:00:00.0001935" startTime="2016-08-04T09:46:03.7480449+02:00" endTime="2016-08-04T09:46:03.7495455+02:00" testType="13cdc9d9-ddb5-4fa4-a97d-d965ccfc6d4b" outcome="Passed" testListId="8c84fa94-04c1-424b-9868-57a2d4851a1d" relativeResultsDirectory="1a7ed109-9d57-4408-b471-e8cebfff8529" />
    <UnitTestResult executionId="357a0336-77aa-4788-85d7-286cd962e5b3" testId="e6a00418-da60-ad17-7196-a4640d487389" testName="Close_ObjectIsOpen_Succeeds" computerName="ICSWS068" duration="00:00:00.0015369" startTime="2016-08-04T09:46:03.7520469+02:00" endTime="2016-08-04T09:46:03.7550498+02:00" testType="13cdc9d9-ddb5-4fa4-a97d-d965ccfc6d4b" outcome="Passed" testListId="8c84fa94-04c1-424b-9868-57a2d4851a1d" relativeResultsDirectory="357a0336-77aa-4788-85d7-286cd962e5b3" />
    <UnitTestResult executionId="d5a9c6b8-e4f8-4608-974c-4e4cd45f9754" testId="88f0cf78-9ace-5ea0-af90-9ab42c624c19" testName="Close_ObjectHasAlreadyBeenClosed_Succeeds" computerName="ICSWS068" duration="00:00:00.0018128" startTime="2016-08-04T09:46:03.7580512+02:00" endTime="2016-08-04T09:46:03.7625543+02:00" testType="13cdc9d9-ddb5-4fa4-a97d-d965ccfc6d4b" outcome="Passed" testListId="8c84fa94-04c1-424b-9868-57a2d4851a1d" relativeResultsDirectory="d5a9c6b8-e4f8-4608-974c-4e4cd45f9754" />
    <UnitTestResult executionId="1220f2cf-845f-472b-b49d-2b1a6f56ffc6" testId="04c9e230-0455-1ae7-d440-ed8747ed7f11" testName="get_SearchResultItemByIndex_IndexOutOfRange_ReturnsIndexOutOfRange" computerName="ICSWS068" duration="00:00:00.0177960" startTime="2016-08-04T09:46:03.7650728+02:00" endTime="2016-08-04T09:46:03.7845885+02:00" testType="13cdc9d9-ddb5-4fa4-a97d-d965ccfc6d4b" outcome="Passed" testListId="8c84fa94-04c1-424b-9868-57a2d4851a1d" relativeResultsDirectory="1220f2cf-845f-472b-b49d-2b1a6f56ffc6" />
    <UnitTestResult executionId="68e2956e-b970-491c-85f6-942e8fe31300" testId="0ca32cb2-b2b2-2653-b2eb-44a340713d44" testName="get_SearchResultItemByIndex_Opened_Fails" computerName="ICSWS068" duration="00:00:00.0017506" startTime="2016-08-04T09:46:03.7880753+02:00" endTime="2016-08-04T09:46:03.7910770+02:00" testType="13cdc9d9-ddb5-4fa4-a97d-d965ccfc6d4b" outcome="Passed" testListId="8c84fa94-04c1-424b-9868-57a2d4851a1d" relativeResultsDirectory="68e2956e-b970-491c-85f6-942e8fe31300" />
    <UnitTestResult executionId="cabacafe-8da4-41be-97aa-5acda6be80d2" testId="809879ef-7d93-3f69-eaa3-60c681aaa400" testName="get_SearchResultItemByIndex_SearchYieldNoItems_Fails" computerName="ICSWS068" duration="00:00:00.0028732" startTime="2016-08-04T09:46:03.7940805+02:00" endTime="2016-08-04T09:46:03.7980825+02:00" testType="13cdc9d9-ddb5-4fa4-a97d-d965ccfc6d4b" outcome="Passed" testListId="8c84fa94-04c1-424b-9868-57a2d4851a1d" relativeResultsDirectory="cabacafe-8da4-41be-97aa-5acda6be80d2" />
    <UnitTestResult executionId="ae791530-d7b6-46fa-ad9c-478fd7236cd9" testId="33a75b68-9814-4fe2-f4ff-2653453ab2f3" testName="get_Item_IndexIsOne_ReturnsFirstItem" computerName="ICSWS068" duration="00:00:00.0462241" startTime="2016-08-04T09:46:03.8010853+02:00" endTime="2016-08-04T09:46:03.8495552+02:00" testType="13cdc9d9-ddb5-4fa4-a97d-d965ccfc6d4b" outcome="Passed" testListId="8c84fa94-04c1-424b-9868-57a2d4851a1d" relativeResultsDirectory="ae791530-d7b6-46fa-ad9c-478fd7236cd9" />
    <UnitTestResult executionId="676a4af1-01c7-49f9-a1b9-7c66c12f59e1" testId="8d17e5fd-f805-d673-f6c4-874f6dd9a43b" testName="get_Count_ObjectIsEmpty_ReturnsZero" computerName="ICSWS068" duration="00:00:00.0002668" startTime="2016-08-04T09:46:03.8525419+02:00" endTime="2016-08-04T09:46:03.8540592+02:00" testType="13cdc9d9-ddb5-4fa4-a97d-d965ccfc6d4b" outcome="Passed" testListId="8c84fa94-04c1-424b-9868-57a2d4851a1d" relativeResultsDirectory="676a4af1-01c7-49f9-a1b9-7c66c12f59e1" />
    <UnitTestResult executionId="4ab42f19-1ce1-4280-8c1c-f580bda747eb" testId="64acb3fb-4b6c-d34b-c5ad-0774943679f8" testName="get_Count_SearchWithNoResult_ReturnsZero" computerName="ICSWS068" duration="00:00:00.0027571" startTime="2016-08-04T09:46:03.8565445+02:00" endTime="2016-08-04T09:46:03.8603239+02:00" testType="13cdc9d9-ddb5-4fa4-a97d-d965ccfc6d4b" outcome="Passed" testListId="8c84fa94-04c1-424b-9868-57a2d4851a1d" relativeResultsDirectory="4ab42f19-1ce1-4280-8c1c-f580bda747eb" />
    <UnitTestResult executionId="aba377a0-76f4-4eda-89dd-5aded09d314a" testId="a045f93b-d91e-494b-27f4-83c33eb726ac" testName="get_Count_SearchWithOneResult_ReturnsOne" computerName="ICSWS068" duration="00:00:00.0031204" startTime="2016-08-04T09:46:03.8639517+02:00" endTime="2016-08-04T09:46:03.8684552+02:00" testType="13cdc9d9-ddb5-4fa4-a97d-d965ccfc6d4b" outcome="Passed" testListId="8c84fa94-04c1-424b-9868-57a2d4851a1d" relativeResultsDirectory="aba377a0-76f4-4eda-89dd-5aded09d314a" />
    <UnitTestResult executionId="df9e382b-8675-409d-bbca-056a34f1d086" testId="97cf872a-f146-ba8b-7849-5de78e756a52" testName="get_Count_SearchWithManyResult_ReturnsCorrectCount" computerName="ICSWS068" duration="00:00:00.0442021" startTime="2016-08-04T09:46:03.8709595+02:00" endTime="2016-08-04T09:46:03.9165124+02:00" testType="13cdc9d9-ddb5-4fa4-a97d-d965ccfc6d4b" outcome="Passed" testListId="8c84fa94-04c1-424b-9868-57a2d4851a1d" relativeResultsDirectory="df9e382b-8675-409d-bbca-056a34f1d086" />
    <UnitTestResult executionId="b73bc235-fa3d-4c80-8750-905e19d71c8e" testId="b4ae2fb7-f3c8-03f0-5e85-93afed30ef1d" testName="get_Item_IndexIsZero_ReturnsIndexOutOfRange" computerName="ICSWS068" duration="00:00:00.0444499" startTime="2016-08-04T09:46:03.9195326+02:00" endTime="2016-08-04T09:46:03.9655831+02:00" testType="13cdc9d9-ddb5-4fa4-a97d-d965ccfc6d4b" outcome="Passed" testListId="8c84fa94-04c1-424b-9868-57a2d4851a1d" relativeResultsDirectory="b73bc235-fa3d-4c80-8750-905e19d71c8e" />
    <UnitTestResult executionId="6ae8d270-fd7b-4183-9530-399a6b6a6bc8" testId="df7e6603-d996-b5ca-9bbe-f7078643ef33" testName="get_Item_IndexIsAboveRange_ReturnsIndexOutOfRange" computerName="ICSWS068" duration="00:00:00.0457311" startTime="2016-08-04T09:46:03.9680851+02:00" endTime="2016-08-04T09:46:04.0151189+02:00" testType="13cdc9d9-ddb5-4fa4-a97d-d965ccfc6d4b" outcome="Passed" testListId="8c84fa94-04c1-424b-9868-57a2d4851a1d" relativeResultsDirectory="6ae8d270-fd7b-4183-9530-399a6b6a6bc8" />
    <UnitTestResult executionId="bf904070-d2bc-4d54-8526-95d64915c1b8" testId="4a727fb2-844d-be5a-1c5d-a6d30af66c96" testName="get_Item_ObjectIsEmpty_Fails" computerName="ICSWS068" duration="00:00:00.0003149" startTime="2016-08-04T09:46:04.0176204+02:00" endTime="2016-08-04T09:46:04.0196218+02:00" testType="13cdc9d9-ddb5-4fa4-a97d-d965ccfc6d4b" outcome="Passed" testListId="8c84fa94-04c1-424b-9868-57a2d4851a1d" relativeResultsDirectory="bf904070-d2bc-4d54-8526-95d64915c1b8" />
    <UnitTestResult executionId="5b41d215-fa0e-4e5a-9a49-444f7745a8f2" testId="749bd723-a9b5-238f-5bc6-c3067e4ba10f" testName="get_ItemName_ItemIsResultFromSearchUserWithAdditionalProperties_ReturnsDistinguishedName" computerName="ICSWS068" duration="00:00:00.0093035" startTime="2016-08-04T09:46:04.0226241+02:00" endTime="2016-08-04T09:46:04.0331315+02:00" testType="13cdc9d9-ddb5-4fa4-a97d-d965ccfc6d4b" outcome="Passed" testListId="8c84fa94-04c1-424b-9868-57a2d4851a1d" relativeResultsDirectory="5b41d215-fa0e-4e5a-9a49-444f7745a8f2" />
    <UnitTestResult executionId="46890b67-8c71-41e3-9120-c1b4639ecfc5" testId="1667ad93-f751-447e-5801-2a2e54b46160" testName="get_ItemName_ItemIsResultUserWithoutAdditionalProperties_ReturnsDistinguishedName" computerName="ICSWS068" duration="00:00:00.0230871" startTime="2016-08-04T09:46:04.0361335+02:00" endTime="2016-08-04T09:46:04.0606513+02:00" testType="13cdc9d9-ddb5-4fa4-a97d-d965ccfc6d4b" outcome="Passed" testListId="8c84fa94-04c1-424b-9868-57a2d4851a1d" relativeResultsDirectory="46890b67-8c71-41e3-9120-c1b4639ecfc5" />
    <UnitTestResult executionId="081dc824-6342-476e-808a-cef86027c123" testId="b4751cfb-f4ad-af21-866f-d92a8eb9d089" testName="get_PropertyCount_UserWithoutAdditionalProperties_Returns21" computerName="ICSWS068" duration="00:00:00.0083399" startTime="2016-08-04T09:46:04.0631530+02:00" endTime="2016-08-04T09:46:04.0726599+02:00" testType="13cdc9d9-ddb5-4fa4-a97d-d965ccfc6d4b" outcome="Passed" testListId="8c84fa94-04c1-424b-9868-57a2d4851a1d" relativeResultsDirectory="081dc824-6342-476e-808a-cef86027c123" />
    <UnitTestResult executionId="c815d084-3b6c-4a5a-a013-f539f9aa347e" testId="c5bc0de0-39ba-9f7a-5f46-4db101def1d4" testName="get_PropertyCount_UserWithoutAdditionalProperties_Returns27" computerName="ICSWS068" duration="00:00:00.0100610" startTime="2016-08-04T09:46:04.0756625+02:00" endTime="2016-08-04T09:46:04.1136894+02:00" testType="13cdc9d9-ddb5-4fa4-a97d-d965ccfc6d4b" outcome="Passed" testListId="8c84fa94-04c1-424b-9868-57a2d4851a1d" relativeResultsDirectory="c815d084-3b6c-4a5a-a013-f539f9aa347e" />
    <UnitTestResult executionId="b839db9f-5368-4d5d-a988-32483256c996" testId="1c11cb7f-c8e7-2463-96f6-6d8057441682" testName="get_PropertyValueAsString_PropertyIsString_ReturnsString" computerName="ICSWS068" duration="00:00:00.0096200" startTime="2016-08-04T09:46:04.1166914+02:00" endTime="2016-08-04T09:46:04.1276994+02:00" testType="13cdc9d9-ddb5-4fa4-a97d-d965ccfc6d4b" outcome="Passed" testListId="8c84fa94-04c1-424b-9868-57a2d4851a1d" relativeResultsDirectory="b839db9f-5368-4d5d-a988-32483256c996" />
    <UnitTestResult executionId="1f57323f-f309-4b81-96ce-ad3310ce6b01" testId="1d32c3e8-2e35-2d86-e8c7-6f64bb179120" testName="get_PropertyValueAsString_PropertyIsMultiValue_ReturnsFirstValue" computerName="ICSWS068" duration="00:00:00.0084006" startTime="2016-08-04T09:46:04.1307017+02:00" endTime="2016-08-04T09:46:04.1407086+02:00" testType="13cdc9d9-ddb5-4fa4-a97d-d965ccfc6d4b" outcome="Passed" testListId="8c84fa94-04c1-424b-9868-57a2d4851a1d" relativeResultsDirectory="1f57323f-f309-4b81-96ce-ad3310ce6b01" />
    <UnitTestResult executionId="67d50794-02fd-457e-9831-91bcbebbae78" testId="0c060b80-dcfb-9078-97f9-d2f50b087821" testName="get_PropertyValueAsString_PropertyIsInteger_ReturnsString" computerName="ICSWS068" duration="00:00:00.0087927" startTime="2016-08-04T09:46:04.1432106+02:00" endTime="2016-08-04T09:46:04.1532172+02:00" testType="13cdc9d9-ddb5-4fa4-a97d-d965ccfc6d4b" outcome="Passed" testListId="8c84fa94-04c1-424b-9868-57a2d4851a1d" relativeResultsDirectory="67d50794-02fd-457e-9831-91bcbebbae78" />
    <UnitTestResult executionId="d515ca46-747c-4b13-9a85-7d16a234e80a" testId="3195f477-4d9b-faa0-b85e-2161206dfbe2" testName="get_PropertyValueAsInteger_PropertyIsString_ReturnsZero" computerName="ICSWS068" duration="00:00:00.0108545" startTime="2016-08-04T09:46:04.1567198+02:00" endTime="2016-08-04T09:46:04.1692289+02:00" testType="13cdc9d9-ddb5-4fa4-a97d-d965ccfc6d4b" outcome="Passed" testListId="8c84fa94-04c1-424b-9868-57a2d4851a1d" relativeResultsDirectory="d515ca46-747c-4b13-9a85-7d16a234e80a" />
    <UnitTestResult executionId="262909e6-8c83-44e4-a28e-f1e6fc15c9a0" testId="97b63315-a250-a1d6-8f67-86750040eb0d" testName="get_PropertyValueAsInteger_PropertyIsStringBegginingWithIntegers_ReturnsIntegers" computerName="ICSWS068" duration="00:00:00.0087560" startTime="2016-08-04T09:46:04.1717306+02:00" endTime="2016-08-04T09:46:04.1822384+02:00" testType="13cdc9d9-ddb5-4fa4-a97d-d965ccfc6d4b" outcome="Passed" testListId="8c84fa94-04c1-424b-9868-57a2d4851a1d" relativeResultsDirectory="262909e6-8c83-44e4-a28e-f1e6fc15c9a0" />
    <UnitTestResult executionId="e7221e4c-8b68-4b83-b0c3-a72e55c6f27b" testId="502a549c-bd06-1c38-6142-d8ac77a6397f" testName="get_PropertyValueAsInteger_PropertyIsInteger_ReturnsIntegerValue" computerName="ICSWS068" duration="00:00:00.0082572" startTime="2016-08-04T09:46:04.1847398+02:00" endTime="2016-08-04T09:46:04.1942467+02:00" testType="13cdc9d9-ddb5-4fa4-a97d-d965ccfc6d4b" outcome="Passed" testListId="8c84fa94-04c1-424b-9868-57a2d4851a1d" relativeResultsDirectory="e7221e4c-8b68-4b83-b0c3-a72e55c6f27b" />
    <UnitTestResult executionId="3fb9b368-2ed0-41b9-9a5d-6ee6a0061544" testId="a3506e1d-000f-880f-bc50-7ccad1fa12a0" testName="get_PropertyValueAsInteger_PropertyIsGuid_ReturnsZero" computerName="ICSWS068" duration="00:00:00.0089285" startTime="2016-08-04T09:46:04.1972490+02:00" endTime="2016-08-04T09:46:04.2072567+02:00" testType="13cdc9d9-ddb5-4fa4-a97d-d965ccfc6d4b" outcome="Passed" testListId="8c84fa94-04c1-424b-9868-57a2d4851a1d" relativeResultsDirectory="3fb9b368-2ed0-41b9-9a5d-6ee6a0061544" />
    <UnitTestResult executionId="2df2be2a-7e71-4363-88c1-c1d2ac7c4f10" testId="d40145a8-cc72-680d-f543-9bcd6273b2e5" testName="get_PropertyValueAsBinArray_PropertyIsString_ReturnsBinaryEqualToStringValue" computerName="ICSWS068" duration="00:00:00.0115712" startTime="2016-08-04T09:46:04.2102581+02:00" endTime="2016-08-04T09:46:04.2233784+02:00" testType="13cdc9d9-ddb5-4fa4-a97d-d965ccfc6d4b" outcome="Passed" testListId="8c84fa94-04c1-424b-9868-57a2d4851a1d" relativeResultsDirectory="2df2be2a-7e71-4363-88c1-c1d2ac7c4f10" />
    <UnitTestResult executionId="4fc0419e-0e4c-4761-a1e0-6650c7a52be5" testId="b06dbde1-8520-778a-a7c7-af3cd52b1254" testName="get_PropertyValueAsBinArray_PropertyIsInteger_ReturnsIntegerValue" computerName="ICSWS068" duration="00:00:00.0085396" startTime="2016-08-04T09:46:04.2271875+02:00" endTime="2016-08-04T09:46:04.2367292+02:00" testType="13cdc9d9-ddb5-4fa4-a97d-d965ccfc6d4b" outcome="Passed" testListId="8c84fa94-04c1-424b-9868-57a2d4851a1d" relativeResultsDirectory="4fc0419e-0e4c-4761-a1e0-6650c7a52be5" />
    <UnitTestResult executionId="b4e3b1d4-f2d9-490b-82fa-34e995bb87b0" testId="438bca5a-e5d9-b07d-a824-0c97dc5b340c" testName="get_PropertyIsEmpty_PropertyIsEmpty_ReturnsOne" computerName="ICSWS068" duration="00:00:00.0089883" startTime="2016-08-04T09:46:04.2397157+02:00" endTime="2016-08-04T09:46:04.2502226+02:00" testType="13cdc9d9-ddb5-4fa4-a97d-d965ccfc6d4b" outcome="Passed" testListId="8c84fa94-04c1-424b-9868-57a2d4851a1d" relativeResultsDirectory="b4e3b1d4-f2d9-490b-82fa-34e995bb87b0" />
    <UnitTestResult executionId="e2b56358-5dfd-42c0-9bab-45a7ffc32d38" testId="f51e2c3b-8e3d-c697-7552-9b61a3c82250" testName="get_PropertyIsEmpty_PropertyHasValue_ReturnsZero" computerName="ICSWS068" duration="00:00:00.0087927" startTime="2016-08-04T09:46:04.2532260+02:00" endTime="2016-08-04T09:46:04.2632367+02:00" testType="13cdc9d9-ddb5-4fa4-a97d-d965ccfc6d4b" outcome="Passed" testListId="8c84fa94-04c1-424b-9868-57a2d4851a1d" relativeResultsDirectory="e2b56358-5dfd-42c0-9bab-45a7ffc32d38" />
    <UnitTestResult executionId="d452876a-a3bf-43e6-a2f8-9dfc942e36ac" testId="7141f26e-7858-a2cd-b7e4-c2c8549756db" testName="get_PropertyLength_PropertyHasLength_ReturnsCorrectLength" computerName="ICSWS068" duration="00:00:00.0088657" startTime="2016-08-04T09:46:04.2662393+02:00" endTime="2016-08-04T09:46:04.2762626+02:00" testType="13cdc9d9-ddb5-4fa4-a97d-d965ccfc6d4b" outcome="Passed" testListId="8c84fa94-04c1-424b-9868-57a2d4851a1d" relativeResultsDirectory="d452876a-a3bf-43e6-a2f8-9dfc942e36ac" />
    <UnitTestResult executionId="f60dd374-69be-4f5e-9452-304ed4bef3e4" testId="509c6c14-af62-88a4-85ec-a83705eb810a" testName="get_IndexedName_ForAllProperties_ReturnsSamePropertyName" computerName="ICSWS068" duration="00:00:00.0110865" startTime="2016-08-04T09:46:04.2792499+02:00" endTime="2016-08-04T09:46:04.2912298+02:00" testType="13cdc9d9-ddb5-4fa4-a97d-d965ccfc6d4b" outcome="Passed" testListId="8c84fa94-04c1-424b-9868-57a2d4851a1d" relativeResultsDirectory="f60dd374-69be-4f5e-9452-304ed4bef3e4" />
    <UnitTestResult executionId="f2dd05f6-d92e-4e9d-8727-8e6dda718698" testId="48381cf6-a3c9-19d0-d131-d96999364bd9" testName="get_IndexedName_DepartmentNumber_ReturnsDepartmentNumber" computerName="ICSWS068" duration="00:00:00.0086534" startTime="2016-08-04T09:46:04.2942324+02:00" endTime="2016-08-04T09:46:04.3042384+02:00" testType="13cdc9d9-ddb5-4fa4-a97d-d965ccfc6d4b" outcome="Passed" testListId="8c84fa94-04c1-424b-9868-57a2d4851a1d" relativeResultsDirectory="f2dd05f6-d92e-4e9d-8727-8e6dda718698" />
    <UnitTestResult executionId="2cdeda1a-6cd8-4899-8bfd-f3a8cdd05eab" testId="2d93f253-e974-b822-07c8-f9a7960f09fb" testName="get_IndexedValueAsString_ADSPathHasValue_ReturnsPropertyValue" computerName="ICSWS068" duration="00:00:00.0096968" startTime="2016-08-04T09:46:04.3077450+02:00" endTime="2016-08-04T09:46:04.3192493+02:00" testType="13cdc9d9-ddb5-4fa4-a97d-d965ccfc6d4b" outcome="Passed" testListId="8c84fa94-04c1-424b-9868-57a2d4851a1d" relativeResultsDirectory="2cdeda1a-6cd8-4899-8bfd-f3a8cdd05eab" />
    <UnitTestResult executionId="02a40225-8b49-4caf-85e3-9fc5931dfaa2" testId="ee9cbce5-5446-5f01-04a5-0bf768706ebb" testName="get_IndexedValueAsString_AllProperties_ReturnsPropertyValue" computerName="ICSWS068" duration="00:00:00.0099068" startTime="2016-08-04T09:46:04.3227515+02:00" endTime="2016-08-04T09:46:04.3347660+02:00" testType="13cdc9d9-ddb5-4fa4-a97d-d965ccfc6d4b" outcome="Passed" testListId="8c84fa94-04c1-424b-9868-57a2d4851a1d" relativeResultsDirectory="02a40225-8b49-4caf-85e3-9fc5931dfaa2" />
    <UnitTestResult executionId="e39687c4-2daf-496e-9881-638ee6f216b2" testId="1654c823-d4cb-0d46-4800-774d88ab4c55" testName="get_IndexedValueAsInteger_IndexValueIsString_ReturnsZero" computerName="ICSWS068" duration="00:00:00.0092845" startTime="2016-08-04T09:46:04.3387692+02:00" endTime="2016-08-04T09:46:04.3495074+02:00" testType="13cdc9d9-ddb5-4fa4-a97d-d965ccfc6d4b" outcome="Passed" testListId="8c84fa94-04c1-424b-9868-57a2d4851a1d" relativeResultsDirectory="e39687c4-2daf-496e-9881-638ee6f216b2" />
    <UnitTestResult executionId="6794eaa1-e7ce-463b-b0c9-fe6ecee98d6c" testId="b6679049-aa31-bfc4-4a87-6e93d35dcd5f" testName="get_IndexedValueAsInteger_IndexValueIsStringBegginingWithIntegers_ReturnsIntegers" computerName="ICSWS068" duration="00:00:00.0086640" startTime="2016-08-04T09:46:04.3530097+02:00" endTime="2016-08-04T09:46:04.3629684+02:00" testType="13cdc9d9-ddb5-4fa4-a97d-d965ccfc6d4b" outcome="Passed" testListId="8c84fa94-04c1-424b-9868-57a2d4851a1d" relativeResultsDirectory="6794eaa1-e7ce-463b-b0c9-fe6ecee98d6c" />
    <UnitTestResult executionId="d92921f8-9e3d-490c-af1b-ecd37cf8261b" testId="0a9e7ed5-076f-d110-429b-dc49151fc2a1" testName="get_IndexedValueAsInteger_IndexValueIsInteger_ReturnsIntegerValue" computerName="ICSWS068" duration="00:00:00.0087326" startTime="2016-08-04T09:46:04.3659719+02:00" endTime="2016-08-04T09:46:04.3759779+02:00" testType="13cdc9d9-ddb5-4fa4-a97d-d965ccfc6d4b" outcome="Passed" testListId="8c84fa94-04c1-424b-9868-57a2d4851a1d" relativeResultsDirectory="d92921f8-9e3d-490c-af1b-ecd37cf8261b" />
    <UnitTestResult executionId="a28a9bd0-52d2-46a5-b166-451a712b6eb6" testId="cc1408e7-e3ca-b78a-5cfa-d1586e07db9d" testName="get_IndexedValueAsInteger_IndexValueIsGuid_ReturnsZero" computerName="ICSWS068" duration="00:00:00.0085285" startTime="2016-08-04T09:46:04.3789793+02:00" endTime="2016-08-04T09:46:04.3884880+02:00" testType="13cdc9d9-ddb5-4fa4-a97d-d965ccfc6d4b" outcome="Passed" testListId="8c84fa94-04c1-424b-9868-57a2d4851a1d" relativeResultsDirectory="a28a9bd0-52d2-46a5-b166-451a712b6eb6" />
    <UnitTestResult executionId="70302ce7-0b38-4f89-a110-6a16b39f5a7a" testId="3133e842-3116-5dad-f7d9-43a330475c3b" testName="get_IndexedValueAsBinArray_IndexedIsStringAndIndexIsOne_ReturnsBinaryConvertableToDistinguishedName" computerName="ICSWS068" duration="00:00:00.0086270" startTime="2016-08-04T09:46:04.3914935+02:00" endTime="2016-08-04T09:46:04.4015144+02:00" testType="13cdc9d9-ddb5-4fa4-a97d-d965ccfc6d4b" outcome="Passed" testListId="8c84fa94-04c1-424b-9868-57a2d4851a1d" relativeResultsDirectory="70302ce7-0b38-4f89-a110-6a16b39f5a7a" />
    <UnitTestResult executionId="1ff70790-ca3d-47be-9a48-eea8fe49dfc9" testId="ff231946-f1bc-a902-f77c-aabd7be7d5b5" testName="get_IndexedValueAsBinArray_IndexedIsBinArrayAndIndexIsSix_ReturnsBinaryConvertableToDepartmentNumber" computerName="ICSWS068" duration="00:00:00.0089496" startTime="2016-08-04T09:46:04.4050012+02:00" endTime="2016-08-04T09:46:04.4150303+02:00" testType="13cdc9d9-ddb5-4fa4-a97d-d965ccfc6d4b" outcome="Passed" testListId="8c84fa94-04c1-424b-9868-57a2d4851a1d" relativeResultsDirectory="1ff70790-ca3d-47be-9a48-eea8fe49dfc9" />
    <UnitTestResult executionId="5e1ce31f-b6a3-4628-ba8c-78ec9cd5e1e1" testId="7de3ddfa-7a01-0abd-9269-b950b6557a2b" testName="get_IndexedIsEmpty_IndexedHasValue_ReturnsZero" computerName="ICSWS068" duration="00:00:00.0090428" startTime="2016-08-04T09:46:04.4200305+02:00" endTime="2016-08-04T09:46:04.4300547+02:00" testType="13cdc9d9-ddb5-4fa4-a97d-d965ccfc6d4b" outcome="Passed" testListId="8c84fa94-04c1-424b-9868-57a2d4851a1d" relativeResultsDirectory="5e1ce31f-b6a3-4628-ba8c-78ec9cd5e1e1" />
    <UnitTestResult executionId="7c2acd9e-16a9-4ba6-8e68-5b01b3657b8c" testId="6355313d-dfc4-f6a8-7119-d9544d52f7bc" testName="get_IndexedLength_IndexIsInRange_ReturnsCorrectLength" computerName="ICSWS068" duration="00:00:00.0092783" startTime="2016-08-04T09:46:04.4330412+02:00" endTime="2016-08-04T09:46:04.4435671+02:00" testType="13cdc9d9-ddb5-4fa4-a97d-d965ccfc6d4b" outcome="Passed" testListId="8c84fa94-04c1-424b-9868-57a2d4851a1d" relativeResultsDirectory="7c2acd9e-16a9-4ba6-8e68-5b01b3657b8c" />
    <UnitTestResult executionId="a80b8a26-c598-4fc3-ab3e-4f8d9d0a874d" testId="babf2e1b-07c2-878f-2aad-0894b0df6037" testName="get_IndexedLength_IndexIsInRangeFirstIndex_ReturnsCorrectLength" computerName="ICSWS068" duration="00:00:00.0097387" startTime="2016-08-04T09:46:04.4470538+02:00" endTime="2016-08-04T09:46:04.4580668+02:00" testType="13cdc9d9-ddb5-4fa4-a97d-d965ccfc6d4b" outcome="Passed" testListId="8c84fa94-04c1-424b-9868-57a2d4851a1d" relativeResultsDirectory="a80b8a26-c598-4fc3-ab3e-4f8d9d0a874d" />
    <UnitTestResult executionId="b42ffa90-a5c8-4537-a9e9-bba4200a51b9" testId="03034520-f1a4-4de0-829d-8d5a2b46b1b8" testName="get_IndexedValueAsString_IndexIsMinusOneAndFirstItemHasValue_ReturnsIndexOutOfRange" computerName="ICSWS068" duration="00:00:00.0086863" startTime="2016-08-04T09:46:04.4610674+02:00" endTime="2016-08-04T09:46:04.4709030+02:00" testType="13cdc9d9-ddb5-4fa4-a97d-d965ccfc6d4b" outcome="Passed" testListId="8c84fa94-04c1-424b-9868-57a2d4851a1d" relativeResultsDirectory="b42ffa90-a5c8-4537-a9e9-bba4200a51b9" />
    <UnitTestResult executionId="01a23df2-a750-4200-83ab-5f2aa8fe5870" testId="eafea8f4-29bf-4f95-44e6-b31773af487c" testName="get_IndexedValueAsString_IndexIsZeroAndFirstItemHasValue_ReturnsIndexOutOfRange" computerName="ICSWS068" duration="00:00:00.0085942" startTime="2016-08-04T09:46:04.4738900+02:00" endTime="2016-08-04T09:46:04.4838802+02:00" testType="13cdc9d9-ddb5-4fa4-a97d-d965ccfc6d4b" outcome="Passed" testListId="8c84fa94-04c1-424b-9868-57a2d4851a1d" relativeResultsDirectory="01a23df2-a750-4200-83ab-5f2aa8fe5870" />
    <UnitTestResult executionId="ae6107ee-3994-49c1-8aa7-a69a9772b020" testId="b89dc21e-53a3-18a9-d45e-eb2ee0de5422" testName="get_IndexedValueAsInteger_IndexIsMinusOne_ReturnsIndexOutOfRange" computerName="ICSWS068" duration="00:00:00.0103733" startTime="2016-08-04T09:46:04.4873660+02:00" endTime="2016-08-04T09:46:04.4988811+02:00" testType="13cdc9d9-ddb5-4fa4-a97d-d965ccfc6d4b" outcome="Passed" testListId="8c84fa94-04c1-424b-9868-57a2d4851a1d" relativeResultsDirectory="ae6107ee-3994-49c1-8aa7-a69a9772b020" />
    <UnitTestResult executionId="ffa52cb6-0a13-4738-8017-1d3358c0f654" testId="8350701f-7001-1b43-d0c6-12bedd5e5bea" testName="get_IndexedValueAsInteger_IndexIsAboveRange_ReturnsIndexOutOfRange" computerName="ICSWS068" duration="00:00:00.0086798" startTime="2016-08-04T09:46:04.5023837+02:00" endTime="2016-08-04T09:46:04.5121923+02:00" testType="13cdc9d9-ddb5-4fa4-a97d-d965ccfc6d4b" outcome="Passed" testListId="8c84fa94-04c1-424b-9868-57a2d4851a1d" relativeResultsDirectory="ffa52cb6-0a13-4738-8017-1d3358c0f654" />
    <UnitTestResult executionId="4076adf6-d71b-45d9-a37f-5a0653880c7c" testId="7a9c4c49-0b46-6734-8bc3-8b53de9e7ce8" testName="get_IndexedValueAsInteger_IndexIsZero_ReturnsIndexOutOfRange" computerName="ICSWS068" duration="00:00:00.0087842" startTime="2016-08-04T09:46:04.5151958+02:00" endTime="2016-08-04T09:46:04.5252035+02:00" testType="13cdc9d9-ddb5-4fa4-a97d-d965ccfc6d4b" outcome="Passed" testListId="8c84fa94-04c1-424b-9868-57a2d4851a1d" relativeResultsDirectory="4076adf6-d71b-45d9-a37f-5a0653880c7c" />
    <UnitTestResult executionId="b9253572-4deb-4a66-934f-8ff33e5aee8a" testId="644eb7e9-4cb6-73f4-927e-db7e98f8f3a8" testName="get_IndexedValueAsBinArray_IndexIsMinusOne_ReturnsIndexOutOfRange" computerName="ICSWS068" duration="00:00:00.0087575" startTime="2016-08-04T09:46:04.5282055+02:00" endTime="2016-08-04T09:46:04.5380144+02:00" testType="13cdc9d9-ddb5-4fa4-a97d-d965ccfc6d4b" outcome="Passed" testListId="8c84fa94-04c1-424b-9868-57a2d4851a1d" relativeResultsDirectory="b9253572-4deb-4a66-934f-8ff33e5aee8a" />
    <UnitTestResult executionId="a045f96e-2c76-49ce-87b2-7e3a3906cea7" testId="07cbafe1-b791-8a3e-0a0b-0d1c6bb2e23a" testName="get_IndexedValueAsBinArray_IndexIsZero_ReturnsIndexOutOfRange" computerName="ICSWS068" duration="00:00:00.0086587" startTime="2016-08-04T09:46:04.5407783+02:00" endTime="2016-08-04T09:46:04.5508002+02:00" testType="13cdc9d9-ddb5-4fa4-a97d-d965ccfc6d4b" outcome="Passed" testListId="8c84fa94-04c1-424b-9868-57a2d4851a1d" relativeResultsDirectory="a045f96e-2c76-49ce-87b2-7e3a3906cea7" />
    <UnitTestResult executionId="dd80f0e3-9d62-4885-b492-c625ac3f1c4f" testId="265a689b-b66e-5b6b-7615-0d9a4522f5eb" testName="get_IndexedValueAsBinArray_IndexIsAboveRange_ReturnsIndexOutOfRange" computerName="ICSWS068" duration="00:00:00.0084854" startTime="2016-08-04T09:46:04.5538022+02:00" endTime="2016-08-04T09:46:04.5638140+02:00" testType="13cdc9d9-ddb5-4fa4-a97d-d965ccfc6d4b" outcome="Passed" testListId="8c84fa94-04c1-424b-9868-57a2d4851a1d" relativeResultsDirectory="dd80f0e3-9d62-4885-b492-c625ac3f1c4f" />
    <UnitTestResult executionId="2ad0412f-0488-4808-b4f7-55b2b4119ea4" testId="ab2e9ca5-ec3a-094f-80b2-31d8d502164e" testName="get_IndexedLength_IndexIsBelowRange_ReturnsIndexOutOfRange" computerName="ICSWS068" duration="00:00:00.0090440" startTime="2016-08-04T09:46:04.5663310+02:00" endTime="2016-08-04T09:46:04.5766965+02:00" testType="13cdc9d9-ddb5-4fa4-a97d-d965ccfc6d4b" outcome="Passed" testListId="8c84fa94-04c1-424b-9868-57a2d4851a1d" relativeResultsDirectory="2ad0412f-0488-4808-b4f7-55b2b4119ea4" />
    <UnitTestResult executionId="9680c76c-9878-4276-92ae-86e056ce786f" testId="fa5061ad-9433-deae-9c7d-df2b09fe5c23" testName="get_IndexedLength_IndexIsAboveRange_ReturnsIndexOutOfRange" computerName="ICSWS068" duration="00:00:00.0107434" startTime="2016-08-04T09:46:04.5797041+02:00" endTime="2016-08-04T09:46:04.5917118+02:00" testType="13cdc9d9-ddb5-4fa4-a97d-d965ccfc6d4b" outcome="Passed" testListId="8c84fa94-04c1-424b-9868-57a2d4851a1d" relativeResultsDirectory="9680c76c-9878-4276-92ae-86e056ce786f" />
    <UnitTestResult executionId="0f245c96-28bb-455f-84d6-078f64f113f6" testId="98134bbc-d3d7-2601-f64c-1e33e339e809" testName="get_IndexedIsEmpty_IndexedIsBelowRange_ReturnsIndexOutOfRange" computerName="ICSWS068" duration="00:00:00.0102331" startTime="2016-08-04T09:46:04.5952149+02:00" endTime="2016-08-04T09:46:04.6067227+02:00" testType="13cdc9d9-ddb5-4fa4-a97d-d965ccfc6d4b" outcome="Passed" testListId="8c84fa94-04c1-424b-9868-57a2d4851a1d" relativeResultsDirectory="0f245c96-28bb-455f-84d6-078f64f113f6" />
    <UnitTestResult executionId="eb35ced7-a205-4788-8d82-b35ee890f943" testId="7e011d9d-7ad8-8425-fcff-1ca51d0bb50f" testName="get_IndexedIsEmpty_IndexedIsAboveRange_ReturnsIndexOutOfRange" computerName="ICSWS068" duration="00:00:00.0090285" startTime="2016-08-04T09:46:04.6104991+02:00" endTime="2016-08-04T09:46:04.6214368+02:00" testType="13cdc9d9-ddb5-4fa4-a97d-d965ccfc6d4b" outcome="Passed" testListId="8c84fa94-04c1-424b-9868-57a2d4851a1d" relativeResultsDirectory="eb35ced7-a205-4788-8d82-b35ee890f943" />
    <UnitTestResult executionId="febd2bc4-b7f0-4334-b066-060d716820a2" testId="eed9874e-b3de-afbf-99f3-3389ed425b38" testName="ConstructSearchResultItem_SearchResultIsNull_ArgumentNullException" computerName="ICSWS068" duration="00:00:00.0006621" startTime="2016-08-04T09:46:04.6239543+02:00" endTime="2016-08-04T09:46:04.6259399+02:00" testType="13cdc9d9-ddb5-4fa4-a97d-d965ccfc6d4b" outcome="Passed" testListId="8c84fa94-04c1-424b-9868-57a2d4851a1d" relativeResultsDirectory="febd2bc4-b7f0-4334-b066-060d716820a2" />
    <UnitTestResult executionId="88f793f6-fe89-49a4-9f5d-41b0ee63ea01" testId="9c363b17-ee29-6990-df17-7cddf8d609df" testName="get_PropertyLength_PropertyHasNoValue_ReturnsZero" computerName="ICSWS068" duration="00:00:00.0092842" startTime="2016-08-04T09:46:04.6289419+02:00" endTime="2016-08-04T09:46:04.6395878+02:00" testType="13cdc9d9-ddb5-4fa4-a97d-d965ccfc6d4b" outcome="Passed" testListId="8c84fa94-04c1-424b-9868-57a2d4851a1d" relativeResultsDirectory="88f793f6-fe89-49a4-9f5d-41b0ee63ea01" />
    <UnitTestResult executionId="823d3b3f-863a-4496-bb00-2c66af4a1cdb" testId="59aab795-4edc-5d09-1087-380d8ee531c6" testName="get_PropertyLength_PropertyDoesNotExist_ReturnsZero" computerName="ICSWS068" duration="00:00:00.0088247" startTime="2016-08-04T09:46:04.6425927+02:00" endTime="2016-08-04T09:46:04.6526533+02:00" testType="13cdc9d9-ddb5-4fa4-a97d-d965ccfc6d4b" outcome="Passed" testListId="8c84fa94-04c1-424b-9868-57a2d4851a1d" relativeResultsDirectory="823d3b3f-863a-4496-bb00-2c66af4a1cdb" />
  </Results>
  <TestDefinitions>
    <UnitTest name="Open_UsernameAndPasswordIsNullAndUserContextHasAccess_Succeeds" storage="f:\etwork\bin\tests\intgtests.icore.components.core.directorysearcher.dll" id="13035aa8-d22e-2bb7-cc03-0a294032092d">
      <Execution id="6084713f-2e33-49a5-9f78-f2d68dbf7512" />
      <TestMethod codeBase="F:\ETWork\bin\Tests\IntgTests.iCore.Components.Core.DirectorySearcher.dll" adapterTypeName="Microsoft.VisualStudio.TestTools.TestTypes.Unit.UnitTestAdapter" className="IntgTests.iCore.Components.Core.DirectorySearcher.DirectorySearcherObjectIntegrationTests" name="Open_UsernameAndPasswordIsNullAndUserContextHasAccess_Succeeds" />
    </UnitTest>
    <UnitTest name="Open_UsernameAndPasswordIsEmptyAndUserContextHasAccess_Succeeds" storage="f:\etwork\bin\tests\intgtests.icore.components.core.directorysearcher.dll" id="d35cb70d-d321-29e2-c8ea-540e97ca0c9f">
      <Execution id="be986a6b-90e2-4b81-9e6c-3e33144ab20c" />
      <TestMethod codeBase="F:\ETWork\bin\Tests\IntgTests.iCore.Components.Core.DirectorySearcher.dll" adapterTypeName="Microsoft.VisualStudio.TestTools.TestTypes.Unit.UnitTestAdapter" className="IntgTests.iCore.Components.Core.DirectorySearcher.DirectorySearcherObjectIntegrationTests" name="Open_UsernameAndPasswordIsEmptyAndUserContextHasAccess_Succeeds" />
    </UnitTest>
    <UnitTest name="Search_FilterWithExplicitObjectCategory_FindAllMatches" storage="f:\etwork\bin\tests\intgtests.icore.components.core.directorysearcher.dll" id="06bf8e27-42ef-8312-0eb9-bec2a014f87e">
      <Execution id="2a473d0e-26ec-42e0-89b1-97019219d7d4" />
      <TestMethod codeBase="F:\ETWork\bin\Tests\IntgTests.iCore.Components.Core.DirectorySearcher.dll" adapterTypeName="Microsoft.VisualStudio.TestTools.TestTypes.Unit.UnitTestAdapter" className="IntgTests.iCore.Components.Core.DirectorySearcher.DirectorySearcherObjectIntegrationTests" name="Search_FilterWithExplicitObjectCategory_FindAllMatches" />
    </UnitTest>
    <UnitTest name="get_SearchResultItemByIndex_NotOpened_Fails" storage="f:\etwork\bin\tests\intgtests.icore.components.core.directorysearcher.dll" id="ed1be34e-a27b-4553-1b6d-7a9c6c8f0649">
      <Execution id="43ad0422-9f1e-4621-ab03-a54cbd93a777" />
      <TestMethod codeBase="F:\ETWork\bin\Tests\IntgTests.iCore.Components.Core.DirectorySearcher.dll" adapterTypeName="Microsoft.VisualStudio.TestTools.TestTypes.Unit.UnitTestAdapter" className="IntgTests.iCore.Components.Core.DirectorySearcher.DirectorySearcherObjectIntegrationTests" name="get_SearchResultItemByIndex_NotOpened_Fails" />
    </UnitTest>
    <UnitTest name="get_SearchResultItemByIndex_IndexInRange_ItemReturned" storage="f:\etwork\bin\tests\intgtests.icore.components.core.directorysearcher.dll" id="967701d5-7275-35fc-edd2-b8eb5fa1fba6">
      <Execution id="a71f549b-99c2-4e3e-b292-8364a4fec28f" />
      <TestMethod codeBase="F:\ETWork\bin\Tests\IntgTests.iCore.Components.Core.DirectorySearcher.dll" adapterTypeName="Microsoft.VisualStudio.TestTools.TestTypes.Unit.UnitTestAdapter" className="IntgTests.iCore.Components.Core.DirectorySearcher.DirectorySearcherObjectIntegrationTests" name="get_SearchResultItemByIndex_IndexInRange_ItemReturned" />
    </UnitTest>
    <UnitTest name="get_SearchResultItemCount_NotOpened_Fails" storage="f:\etwork\bin\tests\intgtests.icore.components.core.directorysearcher.dll" id="a17bc0bc-5172-3cba-509b-5810eea736ac">
      <Execution id="a296f76b-3783-465e-a771-033213269509" />
      <TestMethod codeBase="F:\ETWork\bin\Tests\IntgTests.iCore.Components.Core.DirectorySearcher.dll" adapterTypeName="Microsoft.VisualStudio.TestTools.TestTypes.Unit.UnitTestAdapter" className="IntgTests.iCore.Components.Core.DirectorySearcher.DirectorySearcherObjectIntegrationTests" name="get_SearchResultItemCount_NotOpened_Fails" />
    </UnitTest>
    <UnitTest name="get_SearchResultItemCount_Opened_ReturnsZero" storage="f:\etwork\bin\tests\intgtests.icore.components.core.directorysearcher.dll" id="6a01c365-ad1e-ca19-bfb0-bf360e4b93b0">
      <Execution id="fddfc0a1-c30b-4fbc-8359-f5647f558cf8" />
      <TestMethod codeBase="F:\ETWork\bin\Tests\IntgTests.iCore.Components.Core.DirectorySearcher.dll" adapterTypeName="Microsoft.VisualStudio.TestTools.TestTypes.Unit.UnitTestAdapter" className="IntgTests.iCore.Components.Core.DirectorySearcher.DirectorySearcherObjectIntegrationTests" name="get_SearchResultItemCount_Opened_ReturnsZero" />
    </UnitTest>
    <UnitTest name="get_SearchResultItemCount_SearchShouldFindNoItems_RetursnZero" storage="f:\etwork\bin\tests\intgtests.icore.components.core.directorysearcher.dll" id="e5c2d078-b54c-0820-7a79-448faf2dc6ff">
      <Execution id="f4759d2f-dfa8-4642-8a6e-bb93f5307b43" />
      <TestMethod codeBase="F:\ETWork\bin\Tests\IntgTests.iCore.Components.Core.DirectorySearcher.dll" adapterTypeName="Microsoft.VisualStudio.TestTools.TestTypes.Unit.UnitTestAdapter" className="IntgTests.iCore.Components.Core.DirectorySearcher.DirectorySearcherObjectIntegrationTests" name="get_SearchResultItemCount_SearchShouldFindNoItems_RetursnZero" />
    </UnitTest>
    <UnitTest name="get_SearchResultItemCount_SearchShouldFindOneItem_ReturnsOne" storage="f:\etwork\bin\tests\intgtests.icore.components.core.directorysearcher.dll" id="becf7ea0-2b34-c64f-4c8a-d73f2725214d">
      <Execution id="f3395131-bf26-4b70-a89a-2a2102d72fb1" />
      <TestMethod codeBase="F:\ETWork\bin\Tests\IntgTests.iCore.Components.Core.DirectorySearcher.dll" adapterTypeName="Microsoft.VisualStudio.TestTools.TestTypes.Unit.UnitTestAdapter" className="IntgTests.iCore.Components.Core.DirectorySearcher.DirectorySearcherObjectIntegrationTests" name="get_SearchResultItemCount_SearchShouldFindOneItem_ReturnsOne" />
    </UnitTest>
    <UnitTest name="get_SearchResultItemCount_SearchShouldFindThirtyItems_ReturnsThirty" storage="f:\etwork\bin\tests\intgtests.icore.components.core.directorysearcher.dll" id="835f075b-e1f9-eb40-3382-6bb93da7e8cd">
      <Execution id="9ca038f7-8a12-4ea0-a3ca-cdb06d07a238" />
      <TestMethod codeBase="F:\ETWork\bin\Tests\IntgTests.iCore.Components.Core.DirectorySearcher.dll" adapterTypeName="Microsoft.VisualStudio.TestTools.TestTypes.Unit.UnitTestAdapter" className="IntgTests.iCore.Components.Core.DirectorySearcher.DirectorySearcherObjectIntegrationTests" name="get_SearchResultItemCount_SearchShouldFindThirtyItems_ReturnsThirty" />
    </UnitTest>
    <UnitTest name="get_SearchResultItemList_NotOpened_Fails" storage="f:\etwork\bin\tests\intgtests.icore.components.core.directorysearcher.dll" id="1396bca9-2094-2386-1419-249b11c76c17">
      <Execution id="8fc500af-a075-468b-83cb-6cde8635fa57" />
      <TestMethod codeBase="F:\ETWork\bin\Tests\IntgTests.iCore.Components.Core.DirectorySearcher.dll" adapterTypeName="Microsoft.VisualStudio.TestTools.TestTypes.Unit.UnitTestAdapter" className="IntgTests.iCore.Components.Core.DirectorySearcher.DirectorySearcherObjectIntegrationTests" name="get_SearchResultItemList_NotOpened_Fails" />
    </UnitTest>
    <UnitTest name="get_SearchResultItemList_Opened_ReturnsEmptyList" storage="f:\etwork\bin\tests\intgtests.icore.components.core.directorysearcher.dll" id="eb3b20dd-95ea-43c7-817f-90a563ab1c83">
      <Execution id="b2f8c10b-4228-4b19-8942-430f5ec81747" />
      <TestMethod codeBase="F:\ETWork\bin\Tests\IntgTests.iCore.Components.Core.DirectorySearcher.dll" adapterTypeName="Microsoft.VisualStudio.TestTools.TestTypes.Unit.UnitTestAdapter" className="IntgTests.iCore.Components.Core.DirectorySearcher.DirectorySearcherObjectIntegrationTests" name="get_SearchResultItemList_Opened_ReturnsEmptyList" />
    </UnitTest>
    <UnitTest name="get_SearchResultItemList_SearchYieldNoResult_ReturnsEmptyList" storage="f:\etwork\bin\tests\intgtests.icore.components.core.directorysearcher.dll" id="bc4097c8-2b0f-d025-8dcc-f97571d57b63">
      <Execution id="3d7328b3-f354-4376-930e-d33233d8d8ac" />
      <TestMethod codeBase="F:\ETWork\bin\Tests\IntgTests.iCore.Components.Core.DirectorySearcher.dll" adapterTypeName="Microsoft.VisualStudio.TestTools.TestTypes.Unit.UnitTestAdapter" className="IntgTests.iCore.Components.Core.DirectorySearcher.DirectorySearcherObjectIntegrationTests" name="get_SearchResultItemList_SearchYieldNoResult_ReturnsEmptyList" />
    </UnitTest>
    <UnitTest name="get_SearchResultItemList_SearchFind30Items_ReturnsListWith30Items" storage="f:\etwork\bin\tests\intgtests.icore.components.core.directorysearcher.dll" id="8353de70-d1b6-3ea3-66ac-0abfa87bfb07">
      <Execution id="f7f5b38b-315f-4e35-a5f0-058c4ba0278d" />
      <TestMethod codeBase="F:\ETWork\bin\Tests\IntgTests.iCore.Components.Core.DirectorySearcher.dll" adapterTypeName="Microsoft.VisualStudio.TestTools.TestTypes.Unit.UnitTestAdapter" className="IntgTests.iCore.Components.Core.DirectorySearcher.DirectorySearcherObjectIntegrationTests" name="get_SearchResultItemList_SearchFind30Items_ReturnsListWith30Items" />
    </UnitTest>
    <UnitTest name="Open_PathIsNotAValidLDAPPath_Fails" storage="f:\etwork\bin\tests\intgtests.icore.components.core.directorysearcher.dll" id="5422af6f-11d6-00b9-e83e-7385c7dd91f2">
      <Execution id="b9e2d575-ac8d-4a7e-ba6c-8f44922d7c42" />
      <TestMethod codeBase="F:\ETWork\bin\Tests\IntgTests.iCore.Components.Core.DirectorySearcher.dll" adapterTypeName="Microsoft.VisualStudio.TestTools.TestTypes.Unit.UnitTestAdapter" className="IntgTests.iCore.Components.Core.DirectorySearcher.DirectorySearcherObjectIntegrationTests" name="Open_PathIsNotAValidLDAPPath_Fails" />
    </UnitTest>
    <UnitTest name="Open_PathDoesNotExists_Fails" storage="f:\etwork\bin\tests\intgtests.icore.components.core.directorysearcher.dll" id="877ddaff-7e3d-912d-fd32-9b40407a3aa9">
      <Execution id="eafd5407-0044-43cb-a630-e70e7b2d91b4" />
      <TestMethod codeBase="F:\ETWork\bin\Tests\IntgTests.iCore.Components.Core.DirectorySearcher.dll" adapterTypeName="Microsoft.VisualStudio.TestTools.TestTypes.Unit.UnitTestAdapter" className="IntgTests.iCore.Components.Core.DirectorySearcher.DirectorySearcherObjectIntegrationTests" name="Open_PathDoesNotExists_Fails" />
    </UnitTest>
    <UnitTest name="Open_UsernameAndPasswordIsNullAndUserContextDoesNotHaveAccess_Fails" storage="f:\etwork\bin\tests\intgtests.icore.components.core.directorysearcher.dll" id="416d6c2f-b1aa-6232-8cbb-afe9cb675e94">
      <Execution id="6af68418-3418-4dce-8fcd-ff95724cb988" />
      <TestMethod codeBase="F:\ETWork\bin\Tests\IntgTests.iCore.Components.Core.DirectorySearcher.dll" adapterTypeName="Microsoft.VisualStudio.TestTools.TestTypes.Unit.UnitTestAdapter" className="IntgTests.iCore.Components.Core.DirectorySearcher.DirectorySearcherObjectIntegrationTests" name="Open_UsernameAndPasswordIsNullAndUserContextDoesNotHaveAccess_Fails" />
    </UnitTest>
    <UnitTest name="Open_UsernameAndPasswordIsEmptyStringAndUserContextDoesNotHaveAccess_Fails" storage="f:\etwork\bin\tests\intgtests.icore.components.core.directorysearcher.dll" id="cd14617d-e9f7-9dca-6100-409b9a08c593">
      <Execution id="70294c05-35ce-4de1-b78c-f28636f1e7e3" />
      <TestMethod codeBase="F:\ETWork\bin\Tests\IntgTests.iCore.Components.Core.DirectorySearcher.dll" adapterTypeName="Microsoft.VisualStudio.TestTools.TestTypes.Unit.UnitTestAdapter" className="IntgTests.iCore.Components.Core.DirectorySearcher.DirectorySearcherObjectIntegrationTests" name="Open_UsernameAndPasswordIsEmptyStringAndUserContextDoesNotHaveAccess_Fails" />
    </UnitTest>
    <UnitTest name="Open_PasswordIsNull_Fails" storage="f:\etwork\bin\tests\intgtests.icore.components.core.directorysearcher.dll" id="1b083588-936e-40ae-1958-e5cbd1576d50">
      <Execution id="0b503356-9123-46f5-8445-1715faa14217" />
      <TestMethod codeBase="F:\ETWork\bin\Tests\IntgTests.iCore.Components.Core.DirectorySearcher.dll" adapterTypeName="Microsoft.VisualStudio.TestTools.TestTypes.Unit.UnitTestAdapter" className="IntgTests.iCore.Components.Core.DirectorySearcher.DirectorySearcherObjectIntegrationTests" name="Open_PasswordIsNull_Fails" />
    </UnitTest>
    <UnitTest name="Open_PasswordIsIncorrect_Fails" storage="f:\etwork\bin\tests\intgtests.icore.components.core.directorysearcher.dll" id="91901c2b-7c89-1d12-c5e6-cac0f3dd3e90">
      <Execution id="3ae7e027-1a6e-41a2-b86a-be03945a2037" />
      <TestMethod codeBase="F:\ETWork\bin\Tests\IntgTests.iCore.Components.Core.DirectorySearcher.dll" adapterTypeName="Microsoft.VisualStudio.TestTools.TestTypes.Unit.UnitTestAdapter" className="IntgTests.iCore.Components.Core.DirectorySearcher.DirectorySearcherObjectIntegrationTests" name="Open_PasswordIsIncorrect_Fails" />
    </UnitTest>
    <UnitTest name="Open_PathAndCredentialsAreValid_Succeeds" storage="f:\etwork\bin\tests\intgtests.icore.components.core.directorysearcher.dll" id="4a34d814-4694-ed8a-2acd-adb05afc50da">
      <Execution id="8ca74aae-a828-4374-9196-e2f04c57a0f2" />
      <TestMethod codeBase="F:\ETWork\bin\Tests\IntgTests.iCore.Components.Core.DirectorySearcher.dll" adapterTypeName="Microsoft.VisualStudio.TestTools.TestTypes.Unit.UnitTestAdapter" className="IntgTests.iCore.Components.Core.DirectorySearcher.DirectorySearcherObjectIntegrationTests" name="Open_PathAndCredentialsAreValid_Succeeds" />
    </UnitTest>
    <UnitTest name="Open_SearchScopeValueIs3_Fails" storage="f:\etwork\bin\tests\intgtests.icore.components.core.directorysearcher.dll" id="9fe689d4-79fc-ee35-19e0-65352df748c3">
      <Execution id="ef0612a9-beda-44e2-9068-594e9d987458" />
      <TestMethod codeBase="F:\ETWork\bin\Tests\IntgTests.iCore.Components.Core.DirectorySearcher.dll" adapterTypeName="Microsoft.VisualStudio.TestTools.TestTypes.Unit.UnitTestAdapter" className="IntgTests.iCore.Components.Core.DirectorySearcher.DirectorySearcherObjectIntegrationTests" name="Open_SearchScopeValueIs3_Fails" />
    </UnitTest>
    <UnitTest name="Open_SearchScopeValueIsNegative_Fails" storage="f:\etwork\bin\tests\intgtests.icore.components.core.directorysearcher.dll" id="2ef1f909-845f-0654-dc64-fa6c2247c840">
      <Execution id="221ab4ba-1b9c-41c4-ba6d-ad345bb452f8" />
      <TestMethod codeBase="F:\ETWork\bin\Tests\IntgTests.iCore.Components.Core.DirectorySearcher.dll" adapterTypeName="Microsoft.VisualStudio.TestTools.TestTypes.Unit.UnitTestAdapter" className="IntgTests.iCore.Components.Core.DirectorySearcher.DirectorySearcherObjectIntegrationTests" name="Open_SearchScopeValueIsNegative_Fails" />
    </UnitTest>
    <UnitTest name="Search_SearcherIsNotOpened_Fails" storage="f:\etwork\bin\tests\intgtests.icore.components.core.directorysearcher.dll" id="06a2a321-d562-0f2f-bc2a-c0acf46bea71">
      <Execution id="49fe016f-6399-4b9d-8860-7efa9605b55f" />
      <TestMethod codeBase="F:\ETWork\bin\Tests\IntgTests.iCore.Components.Core.DirectorySearcher.dll" adapterTypeName="Microsoft.VisualStudio.TestTools.TestTypes.Unit.UnitTestAdapter" className="IntgTests.iCore.Components.Core.DirectorySearcher.DirectorySearcherObjectIntegrationTests" name="Search_SearcherIsNotOpened_Fails" />
    </UnitTest>
    <UnitTest name="Search_SearchFilterIsEmpty_Fails" storage="f:\etwork\bin\tests\intgtests.icore.components.core.directorysearcher.dll" id="360c141b-0f79-6309-95fe-bc777753b1f0">
      <Execution id="bb424718-14f5-4522-8c07-671a1af606fb" />
      <TestMethod codeBase="F:\ETWork\bin\Tests\IntgTests.iCore.Components.Core.DirectorySearcher.dll" adapterTypeName="Microsoft.VisualStudio.TestTools.TestTypes.Unit.UnitTestAdapter" className="IntgTests.iCore.Components.Core.DirectorySearcher.DirectorySearcherObjectIntegrationTests" name="Search_SearchFilterIsEmpty_Fails" />
    </UnitTest>
    <UnitTest name="Search_SearchFilterIsNull_Fails" storage="f:\etwork\bin\tests\intgtests.icore.components.core.directorysearcher.dll" id="b30a7458-8871-c39a-909f-889fef88359a">
      <Execution id="1b00e480-c502-450a-9732-b04149492b3a" />
      <TestMethod codeBase="F:\ETWork\bin\Tests\IntgTests.iCore.Components.Core.DirectorySearcher.dll" adapterTypeName="Microsoft.VisualStudio.TestTools.TestTypes.Unit.UnitTestAdapter" className="IntgTests.iCore.Components.Core.DirectorySearcher.DirectorySearcherObjectIntegrationTests" name="Search_SearchFilterIsNull_Fails" />
    </UnitTest>
    <UnitTest name="Search_SearchFilterIsInvalidLDAPFilter_Fails" storage="f:\etwork\bin\tests\intgtests.icore.components.core.directorysearcher.dll" id="18e8d848-8b50-0247-ea0d-184dd54814d5">
      <Execution id="4f793569-6fd4-4f04-aa94-2b567a5d817e" />
      <TestMethod codeBase="F:\ETWork\bin\Tests\IntgTests.iCore.Components.Core.DirectorySearcher.dll" adapterTypeName="Microsoft.VisualStudio.TestTools.TestTypes.Unit.UnitTestAdapter" className="IntgTests.iCore.Components.Core.DirectorySearcher.DirectorySearcherObjectIntegrationTests" name="Search_SearchFilterIsInvalidLDAPFilter_Fails" />
    </UnitTest>
    <UnitTest name="Search_SearchFilterHasObjectClassThatNotExist_Succeeds" storage="f:\etwork\bin\tests\intgtests.icore.components.core.directorysearcher.dll" id="e0e494ea-c8fe-4bc8-f95f-334b9d6eda02">
      <Execution id="a5b78a31-da80-4981-a7ef-ece44347e036" />
      <TestMethod codeBase="F:\ETWork\bin\Tests\IntgTests.iCore.Components.Core.DirectorySearcher.dll" adapterTypeName="Microsoft.VisualStudio.TestTools.TestTypes.Unit.UnitTestAdapter" className="IntgTests.iCore.Components.Core.DirectorySearcher.DirectorySearcherObjectIntegrationTests" name="Search_SearchFilterHasObjectClassThatNotExist_Succeeds" />
    </UnitTest>
    <UnitTest name="Search_FilterUserWithAnyCommonName_AllUsersInOuAreFound" storage="f:\etwork\bin\tests\intgtests.icore.components.core.directorysearcher.dll" id="50b35e6c-8e71-8253-f7ef-2848e841686c">
      <Execution id="44fe7d09-6c6d-416a-9dc1-9eab9d8e8054" />
      <TestMethod codeBase="F:\ETWork\bin\Tests\IntgTests.iCore.Components.Core.DirectorySearcher.dll" adapterTypeName="Microsoft.VisualStudio.TestTools.TestTypes.Unit.UnitTestAdapter" className="IntgTests.iCore.Components.Core.DirectorySearcher.DirectorySearcherObjectIntegrationTests" name="Search_FilterUserWithAnyCommonName_AllUsersInOuAreFound" />
    </UnitTest>
    <UnitTest name="Search_FilterWithPresetOperator_FinsAllUsersMatchingPreset" storage="f:\etwork\bin\tests\intgtests.icore.components.core.directorysearcher.dll" id="798f5aa0-a841-0876-fe69-6f28a93edf9d">
      <Execution id="4881e376-40b1-4ad3-89b2-b33bde69a2dc" />
      <TestMethod codeBase="F:\ETWork\bin\Tests\IntgTests.iCore.Components.Core.DirectorySearcher.dll" adapterTypeName="Microsoft.VisualStudio.TestTools.TestTypes.Unit.UnitTestAdapter" className="IntgTests.iCore.Components.Core.DirectorySearcher.DirectorySearcherObjectIntegrationTests" name="Search_FilterWithPresetOperator_FinsAllUsersMatchingPreset" />
    </UnitTest>
    <UnitTest name="Search_FilterEndingOfCommonName_FindsAllUsersWithEnding" storage="f:\etwork\bin\tests\intgtests.icore.components.core.directorysearcher.dll" id="cfc75545-3ffc-80c5-ea54-b54d3dc55525">
      <Execution id="cd2b11d3-2ae3-4b55-ab32-5d42218edd09" />
      <TestMethod codeBase="F:\ETWork\bin\Tests\IntgTests.iCore.Components.Core.DirectorySearcher.dll" adapterTypeName="Microsoft.VisualStudio.TestTools.TestTypes.Unit.UnitTestAdapter" className="IntgTests.iCore.Components.Core.DirectorySearcher.DirectorySearcherObjectIntegrationTests" name="Search_FilterEndingOfCommonName_FindsAllUsersWithEnding" />
    </UnitTest>
    <UnitTest name="Search_SearchScopeIsBase_OnlyFindsMatchesInBase" storage="f:\etwork\bin\tests\intgtests.icore.components.core.directorysearcher.dll" id="5484bf2e-6b5e-4c68-ada9-e4031e983c76">
      <Execution id="7e838f60-4be8-4456-bc43-01d07226506e" />
      <TestMethod codeBase="F:\ETWork\bin\Tests\IntgTests.iCore.Components.Core.DirectorySearcher.dll" adapterTypeName="Microsoft.VisualStudio.TestTools.TestTypes.Unit.UnitTestAdapter" className="IntgTests.iCore.Components.Core.DirectorySearcher.DirectorySearcherObjectIntegrationTests" name="Search_SearchScopeIsBase_OnlyFindsMatchesInBase" />
    </UnitTest>
    <UnitTest name="Search_SearchScopeIsOneLevel_OnlyFindsMatchesInFirstLevel" storage="f:\etwork\bin\tests\intgtests.icore.components.core.directorysearcher.dll" id="4c358882-abfa-df57-94aa-2fffc73d461f">
      <Execution id="f7eb4eec-01db-4777-9dd0-7bf0a1d4bc45" />
      <TestMethod codeBase="F:\ETWork\bin\Tests\IntgTests.iCore.Components.Core.DirectorySearcher.dll" adapterTypeName="Microsoft.VisualStudio.TestTools.TestTypes.Unit.UnitTestAdapter" className="IntgTests.iCore.Components.Core.DirectorySearcher.DirectorySearcherObjectIntegrationTests" name="Search_SearchScopeIsOneLevel_OnlyFindsMatchesInFirstLevel" />
    </UnitTest>
    <UnitTest name="Search_SearchScopeIsSubTree_OnlyFindsMatchesOnAllLevels" storage="f:\etwork\bin\tests\intgtests.icore.components.core.directorysearcher.dll" id="a31c6cb4-4e0b-cb5a-3738-3c1742652ed8">
      <Execution id="2d11342c-2816-4278-95f4-d41744baaa14" />
      <TestMethod codeBase="F:\ETWork\bin\Tests\IntgTests.iCore.Components.Core.DirectorySearcher.dll" adapterTypeName="Microsoft.VisualStudio.TestTools.TestTypes.Unit.UnitTestAdapter" className="IntgTests.iCore.Components.Core.DirectorySearcher.DirectorySearcherObjectIntegrationTests" name="Search_SearchScopeIsSubTree_OnlyFindsMatchesOnAllLevels" />
    </UnitTest>
    <UnitTest name="Search_FilteringWithThreeAttributes_FoundItemsMatchAllAttributes" storage="f:\etwork\bin\tests\intgtests.icore.components.core.directorysearcher.dll" id="8ac96070-ee82-6b9a-b569-5f736d44e88a">
      <Execution id="eb6c4db6-0f78-4f58-8771-39a7065c5827" />
      <TestMethod codeBase="F:\ETWork\bin\Tests\IntgTests.iCore.Components.Core.DirectorySearcher.dll" adapterTypeName="Microsoft.VisualStudio.TestTools.TestTypes.Unit.UnitTestAdapter" className="IntgTests.iCore.Components.Core.DirectorySearcher.DirectorySearcherObjectIntegrationTests" name="Search_FilteringWithThreeAttributes_FoundItemsMatchAllAttributes" />
    </UnitTest>
    <UnitTest name="Search_OUWithGroupsAndFilteringGroups_FindsAllMatchingGroups" storage="f:\etwork\bin\tests\intgtests.icore.components.core.directorysearcher.dll" id="34ea0719-7e52-d008-8ac9-ca7eab017c39">
      <Execution id="78232065-fcdf-4957-953f-664eb1c6e826" />
      <TestMethod codeBase="F:\ETWork\bin\Tests\IntgTests.iCore.Components.Core.DirectorySearcher.dll" adapterTypeName="Microsoft.VisualStudio.TestTools.TestTypes.Unit.UnitTestAdapter" className="IntgTests.iCore.Components.Core.DirectorySearcher.DirectorySearcherObjectIntegrationTests" name="Search_OUWithGroupsAndFilteringGroups_FindsAllMatchingGroups" />
    </UnitTest>
    <UnitTest name="Search_FilterGroupsSpecificCommonName_FindsAllGroupsWithMatchingFilter" storage="f:\etwork\bin\tests\intgtests.icore.components.core.directorysearcher.dll" id="2235ad44-0a64-f7af-e4a6-d47483ccd7c0">
      <Execution id="e4556750-ab01-47c8-b611-0749a8645996" />
      <TestMethod codeBase="F:\ETWork\bin\Tests\IntgTests.iCore.Components.Core.DirectorySearcher.dll" adapterTypeName="Microsoft.VisualStudio.TestTools.TestTypes.Unit.UnitTestAdapter" className="IntgTests.iCore.Components.Core.DirectorySearcher.DirectorySearcherObjectIntegrationTests" name="Search_FilterGroupsSpecificCommonName_FindsAllGroupsWithMatchingFilter" />
    </UnitTest>
    <UnitTest name="Search_FilterUsersDirectMemberOfGroup_FindsAllDirectMembers" storage="f:\etwork\bin\tests\intgtests.icore.components.core.directorysearcher.dll" id="96a75893-db40-d06a-c3a1-13bf330d0985">
      <Execution id="5ae0fff1-0e5f-47cd-8038-9983a7539709" />
      <TestMethod codeBase="F:\ETWork\bin\Tests\IntgTests.iCore.Components.Core.DirectorySearcher.dll" adapterTypeName="Microsoft.VisualStudio.TestTools.TestTypes.Unit.UnitTestAdapter" className="IntgTests.iCore.Components.Core.DirectorySearcher.DirectorySearcherObjectIntegrationTests" name="Search_FilterUsersDirectMemberOfGroup_FindsAllDirectMembers" />
    </UnitTest>
    <UnitTest name="Search_FilterUsersThatMemberOfGroupByHiearchy_FindsAllMembers" storage="f:\etwork\bin\tests\intgtests.icore.components.core.directorysearcher.dll" id="b3b03025-1f9d-09db-2704-acf498de2535">
      <Execution id="b5136125-8209-4f3b-b353-6b1b7d4698e2" />
      <TestMethod codeBase="F:\ETWork\bin\Tests\IntgTests.iCore.Components.Core.DirectorySearcher.dll" adapterTypeName="Microsoft.VisualStudio.TestTools.TestTypes.Unit.UnitTestAdapter" className="IntgTests.iCore.Components.Core.DirectorySearcher.DirectorySearcherObjectIntegrationTests" name="Search_FilterUsersThatMemberOfGroupByHiearchy_FindsAllMembers" />
    </UnitTest>
    <UnitTest name="Search_FilterWithOR_FindMatchingUsers" storage="f:\etwork\bin\tests\intgtests.icore.components.core.directorysearcher.dll" id="26635b42-c793-6146-d3c2-204dce56283d">
      <Execution id="3a77e632-ecda-4386-89af-a1da751b571e" />
      <TestMethod codeBase="F:\ETWork\bin\Tests\IntgTests.iCore.Components.Core.DirectorySearcher.dll" adapterTypeName="Microsoft.VisualStudio.TestTools.TestTypes.Unit.UnitTestAdapter" className="IntgTests.iCore.Components.Core.DirectorySearcher.DirectorySearcherObjectIntegrationTests" name="Search_FilterWithOR_FindMatchingUsers" />
    </UnitTest>
    <UnitTest name="Search_FilterWithNOT_FindMatchingUsers" storage="f:\etwork\bin\tests\intgtests.icore.components.core.directorysearcher.dll" id="09d6beb4-b154-ee02-cb20-4e30f70d8575">
      <Execution id="17eb2bc6-d8c4-42cd-8543-16b911c5288a" />
      <TestMethod codeBase="F:\ETWork\bin\Tests\IntgTests.iCore.Components.Core.DirectorySearcher.dll" adapterTypeName="Microsoft.VisualStudio.TestTools.TestTypes.Unit.UnitTestAdapter" className="IntgTests.iCore.Components.Core.DirectorySearcher.DirectorySearcherObjectIntegrationTests" name="Search_FilterWithNOT_FindMatchingUsers" />
    </UnitTest>
    <UnitTest name="Search_FilterWithAND_FindMatchingUsers" storage="f:\etwork\bin\tests\intgtests.icore.components.core.directorysearcher.dll" id="469bb7d1-5d40-8274-6dba-d9c4c9bd006f">
      <Execution id="cae66d96-2824-4926-8095-c88f23727a6f" />
      <TestMethod codeBase="F:\ETWork\bin\Tests\IntgTests.iCore.Components.Core.DirectorySearcher.dll" adapterTypeName="Microsoft.VisualStudio.TestTools.TestTypes.Unit.UnitTestAdapter" className="IntgTests.iCore.Components.Core.DirectorySearcher.DirectorySearcherObjectIntegrationTests" name="Search_FilterWithAND_FindMatchingUsers" />
    </UnitTest>
    <UnitTest name="Search_FilterWithLess_FindMatchingUsers" storage="f:\etwork\bin\tests\intgtests.icore.components.core.directorysearcher.dll" id="a5bfcf66-3799-f6b3-4d5f-7202a6fcb633">
      <Execution id="3ceec6c1-56be-4361-a074-f6399865d270" />
      <TestMethod codeBase="F:\ETWork\bin\Tests\IntgTests.iCore.Components.Core.DirectorySearcher.dll" adapterTypeName="Microsoft.VisualStudio.TestTools.TestTypes.Unit.UnitTestAdapter" className="IntgTests.iCore.Components.Core.DirectorySearcher.DirectorySearcherObjectIntegrationTests" name="Search_FilterWithLess_FindMatchingUsers" />
    </UnitTest>
    <UnitTest name="Search_FilterWithGreater_FindMatchingUsers" storage="f:\etwork\bin\tests\intgtests.icore.components.core.directorysearcher.dll" id="e1a8d21c-800c-332b-78e4-73df10aab251">
      <Execution id="8c05d5ef-9d70-405d-bd17-346946767391" />
      <TestMethod codeBase="F:\ETWork\bin\Tests\IntgTests.iCore.Components.Core.DirectorySearcher.dll" adapterTypeName="Microsoft.VisualStudio.TestTools.TestTypes.Unit.UnitTestAdapter" className="IntgTests.iCore.Components.Core.DirectorySearcher.DirectorySearcherObjectIntegrationTests" name="Search_FilterWithGreater_FindMatchingUsers" />
    </UnitTest>
    <UnitTest name="Search_FilterWithApproximate_FindsOnlyExactMatchingUsers" storage="f:\etwork\bin\tests\intgtests.icore.components.core.directorysearcher.dll" id="65dae32a-0daa-c5b2-deaa-4fd7961921d0">
      <Execution id="5d286ce4-d7b8-487c-94f0-f03f4374262e" />
      <TestMethod codeBase="F:\ETWork\bin\Tests\IntgTests.iCore.Components.Core.DirectorySearcher.dll" adapterTypeName="Microsoft.VisualStudio.TestTools.TestTypes.Unit.UnitTestAdapter" className="IntgTests.iCore.Components.Core.DirectorySearcher.DirectorySearcherObjectIntegrationTests" name="Search_FilterWithApproximate_FindsOnlyExactMatchingUsers" />
    </UnitTest>
    <UnitTest name="Search_FilterWithEscapedCharacters_FindAllMatchingUsers" storage="f:\etwork\bin\tests\intgtests.icore.components.core.directorysearcher.dll" id="70a6b82c-a29f-34ee-51bc-bb799b25f226">
      <Execution id="d35eb082-d8c1-4be0-8978-a63e401f6073" />
      <TestMethod codeBase="F:\ETWork\bin\Tests\IntgTests.iCore.Components.Core.DirectorySearcher.dll" adapterTypeName="Microsoft.VisualStudio.TestTools.TestTypes.Unit.UnitTestAdapter" className="IntgTests.iCore.Components.Core.DirectorySearcher.DirectorySearcherObjectIntegrationTests" name="Search_FilterWithEscapedCharacters_FindAllMatchingUsers" />
    </UnitTest>
    <UnitTest name="Search_ParenthesesNotEscapedInMatchString_FindMatches" storage="f:\etwork\bin\tests\intgtests.icore.components.core.directorysearcher.dll" id="ce378f33-ce25-ea0f-11a2-2cd5eb6e0277">
      <Execution id="1c0848ea-66bd-4ddd-bf6f-872fc97d1014" />
      <TestMethod codeBase="F:\ETWork\bin\Tests\IntgTests.iCore.Components.Core.DirectorySearcher.dll" adapterTypeName="Microsoft.VisualStudio.TestTools.TestTypes.Unit.UnitTestAdapter" className="IntgTests.iCore.Components.Core.DirectorySearcher.DirectorySearcherObjectIntegrationTests" name="Search_ParenthesesNotEscapedInMatchString_FindMatches" />
    </UnitTest>
    <UnitTest name="Search_FilterWithImplicitObjectCategory_FindAllMatches" storage="f:\etwork\bin\tests\intgtests.icore.components.core.directorysearcher.dll" id="c11d01cc-21bb-fa4e-80ad-d3bf80409d26">
      <Execution id="737966f0-267c-42e5-a1f3-e489c1004919" />
      <TestMethod codeBase="F:\ETWork\bin\Tests\IntgTests.iCore.Components.Core.DirectorySearcher.dll" adapterTypeName="Microsoft.VisualStudio.TestTools.TestTypes.Unit.UnitTestAdapter" className="IntgTests.iCore.Components.Core.DirectorySearcher.DirectorySearcherObjectIntegrationTests" name="Search_FilterWithImplicitObjectCategory_FindAllMatches" />
    </UnitTest>
    <UnitTest name="Search_FilterForUsersAndGroups_FindAllUsersAndGroups" storage="f:\etwork\bin\tests\intgtests.icore.components.core.directorysearcher.dll" id="fb09b2b1-29d1-553b-5ead-934af5a14572">
      <Execution id="6f2c30a9-ac51-4080-a7dd-69a0c6405577" />
      <TestMethod codeBase="F:\ETWork\bin\Tests\IntgTests.iCore.Components.Core.DirectorySearcher.dll" adapterTypeName="Microsoft.VisualStudio.TestTools.TestTypes.Unit.UnitTestAdapter" className="IntgTests.iCore.Components.Core.DirectorySearcher.DirectorySearcherObjectIntegrationTests" name="Search_FilterForUsersAndGroups_FindAllUsersAndGroups" />
    </UnitTest>
    <UnitTest name="Search_FoundObjectHasAllADTypes_Succeeds" storage="f:\etwork\bin\tests\intgtests.icore.components.core.directorysearcher.dll" id="e71b6750-59f5-f23c-81dc-ecd4a1b43a04">
      <Execution id="840d1f5f-fc19-42ba-9778-173f1b192e6c" />
      <TestMethod codeBase="F:\ETWork\bin\Tests\IntgTests.iCore.Components.Core.DirectorySearcher.dll" adapterTypeName="Microsoft.VisualStudio.TestTools.TestTypes.Unit.UnitTestAdapter" className="IntgTests.iCore.Components.Core.DirectorySearcher.DirectorySearcherObjectIntegrationTests" name="Search_FoundObjectHasAllADTypes_Succeeds" />
    </UnitTest>
    <UnitTest name="Search_FindingMoreThanThousandItems_Fails" storage="f:\etwork\bin\tests\intgtests.icore.components.core.directorysearcher.dll" id="a1b97e67-c6ac-b91e-4776-4516d8734d7d">
      <Execution id="37b6ed21-f400-4d7f-9064-d4fc4ef172c2" />
      <TestMethod codeBase="F:\ETWork\bin\Tests\IntgTests.iCore.Components.Core.DirectorySearcher.dll" adapterTypeName="Microsoft.VisualStudio.TestTools.TestTypes.Unit.UnitTestAdapter" className="IntgTests.iCore.Components.Core.DirectorySearcher.DirectorySearcherObjectIntegrationTests" name="Search_FindingMoreThanThousandItems_Fails" />
    </UnitTest>
    <UnitTest name="Search_FindingThousandItems_Succeeds" storage="f:\etwork\bin\tests\intgtests.icore.components.core.directorysearcher.dll" id="a2df4633-05dd-6e47-1af4-b355bdd2e174">
      <Execution id="cc0b1dab-0f25-401c-8851-02943026c1b7" />
      <TestMethod codeBase="F:\ETWork\bin\Tests\IntgTests.iCore.Components.Core.DirectorySearcher.dll" adapterTypeName="Microsoft.VisualStudio.TestTools.TestTypes.Unit.UnitTestAdapter" className="IntgTests.iCore.Components.Core.DirectorySearcher.DirectorySearcherObjectIntegrationTests" name="Search_FindingThousandItems_Succeeds" />
    </UnitTest>
    <UnitTest name="Search_OpenThenSearchingTwice_SucceedsItemCountIsForBothSearches" storage="f:\etwork\bin\tests\intgtests.icore.components.core.directorysearcher.dll" id="fae3c97b-7e17-6268-e3ef-4d2febe90162">
      <Execution id="61ae1e6f-145d-4f3d-9e64-c58ee32e8fcf" />
      <TestMethod codeBase="F:\ETWork\bin\Tests\IntgTests.iCore.Components.Core.DirectorySearcher.dll" adapterTypeName="Microsoft.VisualStudio.TestTools.TestTypes.Unit.UnitTestAdapter" className="IntgTests.iCore.Components.Core.DirectorySearcher.DirectorySearcherObjectIntegrationTests" name="Search_OpenThenSearchingTwice_SucceedsItemCountIsForBothSearches" />
    </UnitTest>
    <UnitTest name="Search_NoItemsFound_Succeeds" storage="f:\etwork\bin\tests\intgtests.icore.components.core.directorysearcher.dll" id="99468b62-a120-c7ed-36ac-c7bad32b02f2">
      <Execution id="d8ba2ffe-2d78-4e20-a11a-c345db60f4b6" />
      <TestMethod codeBase="F:\ETWork\bin\Tests\IntgTests.iCore.Components.Core.DirectorySearcher.dll" adapterTypeName="Microsoft.VisualStudio.TestTools.TestTypes.Unit.UnitTestAdapter" className="IntgTests.iCore.Components.Core.DirectorySearcher.DirectorySearcherObjectIntegrationTests" name="Search_NoItemsFound_Succeeds" />
    </UnitTest>
    <UnitTest name="Search_OpenCloseThenSearch_Fails" storage="f:\etwork\bin\tests\intgtests.icore.components.core.directorysearcher.dll" id="f8489680-697e-e608-dac3-0bd2ecda620b">
      <Execution id="989f308f-16ce-4e6f-9648-2e2d81174ae9" />
      <TestMethod codeBase="F:\ETWork\bin\Tests\IntgTests.iCore.Components.Core.DirectorySearcher.dll" adapterTypeName="Microsoft.VisualStudio.TestTools.TestTypes.Unit.UnitTestAdapter" className="IntgTests.iCore.Components.Core.DirectorySearcher.DirectorySearcherObjectIntegrationTests" name="Search_OpenCloseThenSearch_Fails" />
    </UnitTest>
    <UnitTest name="Close_CloseNonOpenedObject_Succeeds" storage="f:\etwork\bin\tests\intgtests.icore.components.core.directorysearcher.dll" id="c40ec05f-205d-bd2b-d300-cb15074e1678">
      <Execution id="1a7ed109-9d57-4408-b471-e8cebfff8529" />
      <TestMethod codeBase="F:\ETWork\bin\Tests\IntgTests.iCore.Components.Core.DirectorySearcher.dll" adapterTypeName="Microsoft.VisualStudio.TestTools.TestTypes.Unit.UnitTestAdapter" className="IntgTests.iCore.Components.Core.DirectorySearcher.DirectorySearcherObjectIntegrationTests" name="Close_CloseNonOpenedObject_Succeeds" />
    </UnitTest>
    <UnitTest name="Close_ObjectIsOpen_Succeeds" storage="f:\etwork\bin\tests\intgtests.icore.components.core.directorysearcher.dll" id="e6a00418-da60-ad17-7196-a4640d487389">
      <Execution id="357a0336-77aa-4788-85d7-286cd962e5b3" />
      <TestMethod codeBase="F:\ETWork\bin\Tests\IntgTests.iCore.Components.Core.DirectorySearcher.dll" adapterTypeName="Microsoft.VisualStudio.TestTools.TestTypes.Unit.UnitTestAdapter" className="IntgTests.iCore.Components.Core.DirectorySearcher.DirectorySearcherObjectIntegrationTests" name="Close_ObjectIsOpen_Succeeds" />
    </UnitTest>
    <UnitTest name="Close_ObjectHasAlreadyBeenClosed_Succeeds" storage="f:\etwork\bin\tests\intgtests.icore.components.core.directorysearcher.dll" id="88f0cf78-9ace-5ea0-af90-9ab42c624c19">
      <Execution id="d5a9c6b8-e4f8-4608-974c-4e4cd45f9754" />
      <TestMethod codeBase="F:\ETWork\bin\Tests\IntgTests.iCore.Components.Core.DirectorySearcher.dll" adapterTypeName="Microsoft.VisualStudio.TestTools.TestTypes.Unit.UnitTestAdapter" className="IntgTests.iCore.Components.Core.DirectorySearcher.DirectorySearcherObjectIntegrationTests" name="Close_ObjectHasAlreadyBeenClosed_Succeeds" />
    </UnitTest>
    <UnitTest name="get_SearchResultItemByIndex_IndexOutOfRange_ReturnsIndexOutOfRange" storage="f:\etwork\bin\tests\intgtests.icore.components.core.directorysearcher.dll" id="04c9e230-0455-1ae7-d440-ed8747ed7f11">
      <Execution id="1220f2cf-845f-472b-b49d-2b1a6f56ffc6" />
      <TestMethod codeBase="F:\ETWork\bin\Tests\IntgTests.iCore.Components.Core.DirectorySearcher.dll" adapterTypeName="Microsoft.VisualStudio.TestTools.TestTypes.Unit.UnitTestAdapter" className="IntgTests.iCore.Components.Core.DirectorySearcher.DirectorySearcherObjectIntegrationTests" name="get_SearchResultItemByIndex_IndexOutOfRange_ReturnsIndexOutOfRange" />
    </UnitTest>
    <UnitTest name="get_SearchResultItemByIndex_Opened_Fails" storage="f:\etwork\bin\tests\intgtests.icore.components.core.directorysearcher.dll" id="0ca32cb2-b2b2-2653-b2eb-44a340713d44">
      <Execution id="68e2956e-b970-491c-85f6-942e8fe31300" />
      <TestMethod codeBase="F:\ETWork\bin\Tests\IntgTests.iCore.Components.Core.DirectorySearcher.dll" adapterTypeName="Microsoft.VisualStudio.TestTools.TestTypes.Unit.UnitTestAdapter" className="IntgTests.iCore.Components.Core.DirectorySearcher.DirectorySearcherObjectIntegrationTests" name="get_SearchResultItemByIndex_Opened_Fails" />
    </UnitTest>
    <UnitTest name="get_SearchResultItemByIndex_SearchYieldNoItems_Fails" storage="f:\etwork\bin\tests\intgtests.icore.components.core.directorysearcher.dll" id="809879ef-7d93-3f69-eaa3-60c681aaa400">
      <Execution id="cabacafe-8da4-41be-97aa-5acda6be80d2" />
      <TestMethod codeBase="F:\ETWork\bin\Tests\IntgTests.iCore.Components.Core.DirectorySearcher.dll" adapterTypeName="Microsoft.VisualStudio.TestTools.TestTypes.Unit.UnitTestAdapter" className="IntgTests.iCore.Components.Core.DirectorySearcher.DirectorySearcherObjectIntegrationTests" name="get_SearchResultItemByIndex_SearchYieldNoItems_Fails" />
    </UnitTest>
    <UnitTest name="get_Item_IndexIsOne_ReturnsFirstItem" storage="f:\etwork\bin\tests\intgtests.icore.components.core.directorysearcher.dll" id="33a75b68-9814-4fe2-f4ff-2653453ab2f3">
      <Execution id="ae791530-d7b6-46fa-ad9c-478fd7236cd9" />
      <TestMethod codeBase="F:\ETWork\bin\Tests\IntgTests.iCore.Components.Core.DirectorySearcher.dll" adapterTypeName="Microsoft.VisualStudio.TestTools.TestTypes.Unit.UnitTestAdapter" className="IntgTests.iCore.Components.Core.DirectorySearcher.DirectorySearcherResultItemListIntegrationTests" name="get_Item_IndexIsOne_ReturnsFirstItem" />
    </UnitTest>
    <UnitTest name="get_Count_ObjectIsEmpty_ReturnsZero" storage="f:\etwork\bin\tests\intgtests.icore.components.core.directorysearcher.dll" id="8d17e5fd-f805-d673-f6c4-874f6dd9a43b">
      <Execution id="676a4af1-01c7-49f9-a1b9-7c66c12f59e1" />
      <TestMethod codeBase="F:\ETWork\bin\Tests\IntgTests.iCore.Components.Core.DirectorySearcher.dll" adapterTypeName="Microsoft.VisualStudio.TestTools.TestTypes.Unit.UnitTestAdapter" className="IntgTests.iCore.Components.Core.DirectorySearcher.DirectorySearcherResultItemListIntegrationTests" name="get_Count_ObjectIsEmpty_ReturnsZero" />
    </UnitTest>
    <UnitTest name="get_Count_SearchWithNoResult_ReturnsZero" storage="f:\etwork\bin\tests\intgtests.icore.components.core.directorysearcher.dll" id="64acb3fb-4b6c-d34b-c5ad-0774943679f8">
      <Execution id="4ab42f19-1ce1-4280-8c1c-f580bda747eb" />
      <TestMethod codeBase="F:\ETWork\bin\Tests\IntgTests.iCore.Components.Core.DirectorySearcher.dll" adapterTypeName="Microsoft.VisualStudio.TestTools.TestTypes.Unit.UnitTestAdapter" className="IntgTests.iCore.Components.Core.DirectorySearcher.DirectorySearcherResultItemListIntegrationTests" name="get_Count_SearchWithNoResult_ReturnsZero" />
    </UnitTest>
    <UnitTest name="get_Count_SearchWithOneResult_ReturnsOne" storage="f:\etwork\bin\tests\intgtests.icore.components.core.directorysearcher.dll" id="a045f93b-d91e-494b-27f4-83c33eb726ac">
      <Execution id="aba377a0-76f4-4eda-89dd-5aded09d314a" />
      <TestMethod codeBase="F:\ETWork\bin\Tests\IntgTests.iCore.Components.Core.DirectorySearcher.dll" adapterTypeName="Microsoft.VisualStudio.TestTools.TestTypes.Unit.UnitTestAdapter" className="IntgTests.iCore.Components.Core.DirectorySearcher.DirectorySearcherResultItemListIntegrationTests" name="get_Count_SearchWithOneResult_ReturnsOne" />
    </UnitTest>
    <UnitTest name="get_Count_SearchWithManyResult_ReturnsCorrectCount" storage="f:\etwork\bin\tests\intgtests.icore.components.core.directorysearcher.dll" id="97cf872a-f146-ba8b-7849-5de78e756a52">
      <Execution id="df9e382b-8675-409d-bbca-056a34f1d086" />
      <TestMethod codeBase="F:\ETWork\bin\Tests\IntgTests.iCore.Components.Core.DirectorySearcher.dll" adapterTypeName="Microsoft.VisualStudio.TestTools.TestTypes.Unit.UnitTestAdapter" className="IntgTests.iCore.Components.Core.DirectorySearcher.DirectorySearcherResultItemListIntegrationTests" name="get_Count_SearchWithManyResult_ReturnsCorrectCount" />
    </UnitTest>
    <UnitTest name="get_Item_IndexIsZero_ReturnsIndexOutOfRange" storage="f:\etwork\bin\tests\intgtests.icore.components.core.directorysearcher.dll" id="b4ae2fb7-f3c8-03f0-5e85-93afed30ef1d">
      <Execution id="b73bc235-fa3d-4c80-8750-905e19d71c8e" />
      <TestMethod codeBase="F:\ETWork\bin\Tests\IntgTests.iCore.Components.Core.DirectorySearcher.dll" adapterTypeName="Microsoft.VisualStudio.TestTools.TestTypes.Unit.UnitTestAdapter" className="IntgTests.iCore.Components.Core.DirectorySearcher.DirectorySearcherResultItemListIntegrationTests" name="get_Item_IndexIsZero_ReturnsIndexOutOfRange" />
    </UnitTest>
    <UnitTest name="get_Item_IndexIsAboveRange_ReturnsIndexOutOfRange" storage="f:\etwork\bin\tests\intgtests.icore.components.core.directorysearcher.dll" id="df7e6603-d996-b5ca-9bbe-f7078643ef33">
      <Execution id="6ae8d270-fd7b-4183-9530-399a6b6a6bc8" />
      <TestMethod codeBase="F:\ETWork\bin\Tests\IntgTests.iCore.Components.Core.DirectorySearcher.dll" adapterTypeName="Microsoft.VisualStudio.TestTools.TestTypes.Unit.UnitTestAdapter" className="IntgTests.iCore.Components.Core.DirectorySearcher.DirectorySearcherResultItemListIntegrationTests" name="get_Item_IndexIsAboveRange_ReturnsIndexOutOfRange" />
    </UnitTest>
    <UnitTest name="get_Item_ObjectIsEmpty_Fails" storage="f:\etwork\bin\tests\intgtests.icore.components.core.directorysearcher.dll" id="4a727fb2-844d-be5a-1c5d-a6d30af66c96">
      <Execution id="bf904070-d2bc-4d54-8526-95d64915c1b8" />
      <TestMethod codeBase="F:\ETWork\bin\Tests\IntgTests.iCore.Components.Core.DirectorySearcher.dll" adapterTypeName="Microsoft.VisualStudio.TestTools.TestTypes.Unit.UnitTestAdapter" className="IntgTests.iCore.Components.Core.DirectorySearcher.DirectorySearcherResultItemListIntegrationTests" name="get_Item_ObjectIsEmpty_Fails" />
    </UnitTest>
    <UnitTest name="get_ItemName_ItemIsResultFromSearchUserWithAdditionalProperties_ReturnsDistinguishedName" storage="f:\etwork\bin\tests\intgtests.icore.components.core.directorysearcher.dll" id="749bd723-a9b5-238f-5bc6-c3067e4ba10f">
      <Execution id="5b41d215-fa0e-4e5a-9a49-444f7745a8f2" />
      <TestMethod codeBase="F:\ETWork\bin\Tests\IntgTests.iCore.Components.Core.DirectorySearcher.dll" adapterTypeName="Microsoft.VisualStudio.TestTools.TestTypes.Unit.UnitTestAdapter" className="IntgTests.iCore.Components.Core.DirectorySearcher.DirectorySearchResultItemIntegrationTests" name="get_ItemName_ItemIsResultFromSearchUserWithAdditionalProperties_ReturnsDistinguishedName" />
    </UnitTest>
    <UnitTest name="get_ItemName_ItemIsResultUserWithoutAdditionalProperties_ReturnsDistinguishedName" storage="f:\etwork\bin\tests\intgtests.icore.components.core.directorysearcher.dll" id="1667ad93-f751-447e-5801-2a2e54b46160">
      <Execution id="46890b67-8c71-41e3-9120-c1b4639ecfc5" />
      <TestMethod codeBase="F:\ETWork\bin\Tests\IntgTests.iCore.Components.Core.DirectorySearcher.dll" adapterTypeName="Microsoft.VisualStudio.TestTools.TestTypes.Unit.UnitTestAdapter" className="IntgTests.iCore.Components.Core.DirectorySearcher.DirectorySearchResultItemIntegrationTests" name="get_ItemName_ItemIsResultUserWithoutAdditionalProperties_ReturnsDistinguishedName" />
    </UnitTest>
    <UnitTest name="get_PropertyCount_UserWithoutAdditionalProperties_Returns21" storage="f:\etwork\bin\tests\intgtests.icore.components.core.directorysearcher.dll" id="b4751cfb-f4ad-af21-866f-d92a8eb9d089">
      <Execution id="081dc824-6342-476e-808a-cef86027c123" />
      <TestMethod codeBase="F:\ETWork\bin\Tests\IntgTests.iCore.Components.Core.DirectorySearcher.dll" adapterTypeName="Microsoft.VisualStudio.TestTools.TestTypes.Unit.UnitTestAdapter" className="IntgTests.iCore.Components.Core.DirectorySearcher.DirectorySearchResultItemIntegrationTests" name="get_PropertyCount_UserWithoutAdditionalProperties_Returns21" />
    </UnitTest>
    <UnitTest name="get_PropertyCount_UserWithoutAdditionalProperties_Returns27" storage="f:\etwork\bin\tests\intgtests.icore.components.core.directorysearcher.dll" id="c5bc0de0-39ba-9f7a-5f46-4db101def1d4">
      <Execution id="c815d084-3b6c-4a5a-a013-f539f9aa347e" />
      <TestMethod codeBase="F:\ETWork\bin\Tests\IntgTests.iCore.Components.Core.DirectorySearcher.dll" adapterTypeName="Microsoft.VisualStudio.TestTools.TestTypes.Unit.UnitTestAdapter" className="IntgTests.iCore.Components.Core.DirectorySearcher.DirectorySearchResultItemIntegrationTests" name="get_PropertyCount_UserWithoutAdditionalProperties_Returns27" />
    </UnitTest>
    <UnitTest name="get_PropertyValueAsString_PropertyIsString_ReturnsString" storage="f:\etwork\bin\tests\intgtests.icore.components.core.directorysearcher.dll" id="1c11cb7f-c8e7-2463-96f6-6d8057441682">
      <Execution id="b839db9f-5368-4d5d-a988-32483256c996" />
      <TestMethod codeBase="F:\ETWork\bin\Tests\IntgTests.iCore.Components.Core.DirectorySearcher.dll" adapterTypeName="Microsoft.VisualStudio.TestTools.TestTypes.Unit.UnitTestAdapter" className="IntgTests.iCore.Components.Core.DirectorySearcher.DirectorySearchResultItemIntegrationTests" name="get_PropertyValueAsString_PropertyIsString_ReturnsString" />
    </UnitTest>
    <UnitTest name="get_PropertyValueAsString_PropertyIsMultiValue_ReturnsFirstValue" storage="f:\etwork\bin\tests\intgtests.icore.components.core.directorysearcher.dll" id="1d32c3e8-2e35-2d86-e8c7-6f64bb179120">
      <Execution id="1f57323f-f309-4b81-96ce-ad3310ce6b01" />
      <TestMethod codeBase="F:\ETWork\bin\Tests\IntgTests.iCore.Components.Core.DirectorySearcher.dll" adapterTypeName="Microsoft.VisualStudio.TestTools.TestTypes.Unit.UnitTestAdapter" className="IntgTests.iCore.Components.Core.DirectorySearcher.DirectorySearchResultItemIntegrationTests" name="get_PropertyValueAsString_PropertyIsMultiValue_ReturnsFirstValue" />
    </UnitTest>
    <UnitTest name="get_PropertyValueAsString_PropertyIsInteger_ReturnsString" storage="f:\etwork\bin\tests\intgtests.icore.components.core.directorysearcher.dll" id="0c060b80-dcfb-9078-97f9-d2f50b087821">
      <Execution id="67d50794-02fd-457e-9831-91bcbebbae78" />
      <TestMethod codeBase="F:\ETWork\bin\Tests\IntgTests.iCore.Components.Core.DirectorySearcher.dll" adapterTypeName="Microsoft.VisualStudio.TestTools.TestTypes.Unit.UnitTestAdapter" className="IntgTests.iCore.Components.Core.DirectorySearcher.DirectorySearchResultItemIntegrationTests" name="get_PropertyValueAsString_PropertyIsInteger_ReturnsString" />
    </UnitTest>
    <UnitTest name="get_PropertyValueAsInteger_PropertyIsString_ReturnsZero" storage="f:\etwork\bin\tests\intgtests.icore.components.core.directorysearcher.dll" id="3195f477-4d9b-faa0-b85e-2161206dfbe2">
      <Execution id="d515ca46-747c-4b13-9a85-7d16a234e80a" />
      <TestMethod codeBase="F:\ETWork\bin\Tests\IntgTests.iCore.Components.Core.DirectorySearcher.dll" adapterTypeName="Microsoft.VisualStudio.TestTools.TestTypes.Unit.UnitTestAdapter" className="IntgTests.iCore.Components.Core.DirectorySearcher.DirectorySearchResultItemIntegrationTests" name="get_PropertyValueAsInteger_PropertyIsString_ReturnsZero" />
    </UnitTest>
    <UnitTest name="get_PropertyValueAsInteger_PropertyIsStringBegginingWithIntegers_ReturnsIntegers" storage="f:\etwork\bin\tests\intgtests.icore.components.core.directorysearcher.dll" id="97b63315-a250-a1d6-8f67-86750040eb0d">
      <Execution id="262909e6-8c83-44e4-a28e-f1e6fc15c9a0" />
      <TestMethod codeBase="F:\ETWork\bin\Tests\IntgTests.iCore.Components.Core.DirectorySearcher.dll" adapterTypeName="Microsoft.VisualStudio.TestTools.TestTypes.Unit.UnitTestAdapter" className="IntgTests.iCore.Components.Core.DirectorySearcher.DirectorySearchResultItemIntegrationTests" name="get_PropertyValueAsInteger_PropertyIsStringBegginingWithIntegers_ReturnsIntegers" />
    </UnitTest>
    <UnitTest name="get_PropertyValueAsInteger_PropertyIsInteger_ReturnsIntegerValue" storage="f:\etwork\bin\tests\intgtests.icore.components.core.directorysearcher.dll" id="502a549c-bd06-1c38-6142-d8ac77a6397f">
      <Execution id="e7221e4c-8b68-4b83-b0c3-a72e55c6f27b" />
      <TestMethod codeBase="F:\ETWork\bin\Tests\IntgTests.iCore.Components.Core.DirectorySearcher.dll" adapterTypeName="Microsoft.VisualStudio.TestTools.TestTypes.Unit.UnitTestAdapter" className="IntgTests.iCore.Components.Core.DirectorySearcher.DirectorySearchResultItemIntegrationTests" name="get_PropertyValueAsInteger_PropertyIsInteger_ReturnsIntegerValue" />
    </UnitTest>
    <UnitTest name="get_PropertyValueAsInteger_PropertyIsGuid_ReturnsZero" storage="f:\etwork\bin\tests\intgtests.icore.components.core.directorysearcher.dll" id="a3506e1d-000f-880f-bc50-7ccad1fa12a0">
      <Execution id="3fb9b368-2ed0-41b9-9a5d-6ee6a0061544" />
      <TestMethod codeBase="F:\ETWork\bin\Tests\IntgTests.iCore.Components.Core.DirectorySearcher.dll" adapterTypeName="Microsoft.VisualStudio.TestTools.TestTypes.Unit.UnitTestAdapter" className="IntgTests.iCore.Components.Core.DirectorySearcher.DirectorySearchResultItemIntegrationTests" name="get_PropertyValueAsInteger_PropertyIsGuid_ReturnsZero" />
    </UnitTest>
    <UnitTest name="get_PropertyValueAsBinArray_PropertyIsString_ReturnsBinaryEqualToStringValue" storage="f:\etwork\bin\tests\intgtests.icore.components.core.directorysearcher.dll" id="d40145a8-cc72-680d-f543-9bcd6273b2e5">
      <Execution id="2df2be2a-7e71-4363-88c1-c1d2ac7c4f10" />
      <TestMethod codeBase="F:\ETWork\bin\Tests\IntgTests.iCore.Components.Core.DirectorySearcher.dll" adapterTypeName="Microsoft.VisualStudio.TestTools.TestTypes.Unit.UnitTestAdapter" className="IntgTests.iCore.Components.Core.DirectorySearcher.DirectorySearchResultItemIntegrationTests" name="get_PropertyValueAsBinArray_PropertyIsString_ReturnsBinaryEqualToStringValue" />
    </UnitTest>
    <UnitTest name="get_PropertyValueAsBinArray_PropertyIsInteger_ReturnsIntegerValue" storage="f:\etwork\bin\tests\intgtests.icore.components.core.directorysearcher.dll" id="b06dbde1-8520-778a-a7c7-af3cd52b1254">
      <Execution id="4fc0419e-0e4c-4761-a1e0-6650c7a52be5" />
      <TestMethod codeBase="F:\ETWork\bin\Tests\IntgTests.iCore.Components.Core.DirectorySearcher.dll" adapterTypeName="Microsoft.VisualStudio.TestTools.TestTypes.Unit.UnitTestAdapter" className="IntgTests.iCore.Components.Core.DirectorySearcher.DirectorySearchResultItemIntegrationTests" name="get_PropertyValueAsBinArray_PropertyIsInteger_ReturnsIntegerValue" />
    </UnitTest>
    <UnitTest name="get_PropertyIsEmpty_PropertyIsEmpty_ReturnsOne" storage="f:\etwork\bin\tests\intgtests.icore.components.core.directorysearcher.dll" id="438bca5a-e5d9-b07d-a824-0c97dc5b340c">
      <Execution id="b4e3b1d4-f2d9-490b-82fa-34e995bb87b0" />
      <TestMethod codeBase="F:\ETWork\bin\Tests\IntgTests.iCore.Components.Core.DirectorySearcher.dll" adapterTypeName="Microsoft.VisualStudio.TestTools.TestTypes.Unit.UnitTestAdapter" className="IntgTests.iCore.Components.Core.DirectorySearcher.DirectorySearchResultItemIntegrationTests" name="get_PropertyIsEmpty_PropertyIsEmpty_ReturnsOne" />
    </UnitTest>
    <UnitTest name="get_PropertyIsEmpty_PropertyHasValue_ReturnsZero" storage="f:\etwork\bin\tests\intgtests.icore.components.core.directorysearcher.dll" id="f51e2c3b-8e3d-c697-7552-9b61a3c82250">
      <Execution id="e2b56358-5dfd-42c0-9bab-45a7ffc32d38" />
      <TestMethod codeBase="F:\ETWork\bin\Tests\IntgTests.iCore.Components.Core.DirectorySearcher.dll" adapterTypeName="Microsoft.VisualStudio.TestTools.TestTypes.Unit.UnitTestAdapter" className="IntgTests.iCore.Components.Core.DirectorySearcher.DirectorySearchResultItemIntegrationTests" name="get_PropertyIsEmpty_PropertyHasValue_ReturnsZero" />
    </UnitTest>
    <UnitTest name="get_PropertyLength_PropertyHasLength_ReturnsCorrectLength" storage="f:\etwork\bin\tests\intgtests.icore.components.core.directorysearcher.dll" id="7141f26e-7858-a2cd-b7e4-c2c8549756db">
      <Execution id="d452876a-a3bf-43e6-a2f8-9dfc942e36ac" />
      <TestMethod codeBase="F:\ETWork\bin\Tests\IntgTests.iCore.Components.Core.DirectorySearcher.dll" adapterTypeName="Microsoft.VisualStudio.TestTools.TestTypes.Unit.UnitTestAdapter" className="IntgTests.iCore.Components.Core.DirectorySearcher.DirectorySearchResultItemIntegrationTests" name="get_PropertyLength_PropertyHasLength_ReturnsCorrectLength" />
    </UnitTest>
    <UnitTest name="get_IndexedName_ForAllProperties_ReturnsSamePropertyName" storage="f:\etwork\bin\tests\intgtests.icore.components.core.directorysearcher.dll" id="509c6c14-af62-88a4-85ec-a83705eb810a">
      <Execution id="f60dd374-69be-4f5e-9452-304ed4bef3e4" />
      <TestMethod codeBase="F:\ETWork\bin\Tests\IntgTests.iCore.Components.Core.DirectorySearcher.dll" adapterTypeName="Microsoft.VisualStudio.TestTools.TestTypes.Unit.UnitTestAdapter" className="IntgTests.iCore.Components.Core.DirectorySearcher.DirectorySearchResultItemIntegrationTests" name="get_IndexedName_ForAllProperties_ReturnsSamePropertyName" />
    </UnitTest>
    <UnitTest name="get_IndexedName_DepartmentNumber_ReturnsDepartmentNumber" storage="f:\etwork\bin\tests\intgtests.icore.components.core.directorysearcher.dll" id="48381cf6-a3c9-19d0-d131-d96999364bd9">
      <Execution id="f2dd05f6-d92e-4e9d-8727-8e6dda718698" />
      <TestMethod codeBase="F:\ETWork\bin\Tests\IntgTests.iCore.Components.Core.DirectorySearcher.dll" adapterTypeName="Microsoft.VisualStudio.TestTools.TestTypes.Unit.UnitTestAdapter" className="IntgTests.iCore.Components.Core.DirectorySearcher.DirectorySearchResultItemIntegrationTests" name="get_IndexedName_DepartmentNumber_ReturnsDepartmentNumber" />
    </UnitTest>
    <UnitTest name="get_IndexedValueAsString_ADSPathHasValue_ReturnsPropertyValue" storage="f:\etwork\bin\tests\intgtests.icore.components.core.directorysearcher.dll" id="2d93f253-e974-b822-07c8-f9a7960f09fb">
      <Execution id="2cdeda1a-6cd8-4899-8bfd-f3a8cdd05eab" />
      <TestMethod codeBase="F:\ETWork\bin\Tests\IntgTests.iCore.Components.Core.DirectorySearcher.dll" adapterTypeName="Microsoft.VisualStudio.TestTools.TestTypes.Unit.UnitTestAdapter" className="IntgTests.iCore.Components.Core.DirectorySearcher.DirectorySearchResultItemIntegrationTests" name="get_IndexedValueAsString_ADSPathHasValue_ReturnsPropertyValue" />
    </UnitTest>
    <UnitTest name="get_IndexedValueAsString_AllProperties_ReturnsPropertyValue" storage="f:\etwork\bin\tests\intgtests.icore.components.core.directorysearcher.dll" id="ee9cbce5-5446-5f01-04a5-0bf768706ebb">
      <Execution id="02a40225-8b49-4caf-85e3-9fc5931dfaa2" />
      <TestMethod codeBase="F:\ETWork\bin\Tests\IntgTests.iCore.Components.Core.DirectorySearcher.dll" adapterTypeName="Microsoft.VisualStudio.TestTools.TestTypes.Unit.UnitTestAdapter" className="IntgTests.iCore.Components.Core.DirectorySearcher.DirectorySearchResultItemIntegrationTests" name="get_IndexedValueAsString_AllProperties_ReturnsPropertyValue" />
    </UnitTest>
    <UnitTest name="get_IndexedValueAsInteger_IndexValueIsString_ReturnsZero" storage="f:\etwork\bin\tests\intgtests.icore.components.core.directorysearcher.dll" id="1654c823-d4cb-0d46-4800-774d88ab4c55">
      <Execution id="e39687c4-2daf-496e-9881-638ee6f216b2" />
      <TestMethod codeBase="F:\ETWork\bin\Tests\IntgTests.iCore.Components.Core.DirectorySearcher.dll" adapterTypeName="Microsoft.VisualStudio.TestTools.TestTypes.Unit.UnitTestAdapter" className="IntgTests.iCore.Components.Core.DirectorySearcher.DirectorySearchResultItemIntegrationTests" name="get_IndexedValueAsInteger_IndexValueIsString_ReturnsZero" />
    </UnitTest>
    <UnitTest name="get_IndexedValueAsInteger_IndexValueIsStringBegginingWithIntegers_ReturnsIntegers" storage="f:\etwork\bin\tests\intgtests.icore.components.core.directorysearcher.dll" id="b6679049-aa31-bfc4-4a87-6e93d35dcd5f">
      <Execution id="6794eaa1-e7ce-463b-b0c9-fe6ecee98d6c" />
      <TestMethod codeBase="F:\ETWork\bin\Tests\IntgTests.iCore.Components.Core.DirectorySearcher.dll" adapterTypeName="Microsoft.VisualStudio.TestTools.TestTypes.Unit.UnitTestAdapter" className="IntgTests.iCore.Components.Core.DirectorySearcher.DirectorySearchResultItemIntegrationTests" name="get_IndexedValueAsInteger_IndexValueIsStringBegginingWithIntegers_ReturnsIntegers" />
    </UnitTest>
    <UnitTest name="get_IndexedValueAsInteger_IndexValueIsInteger_ReturnsIntegerValue" storage="f:\etwork\bin\tests\intgtests.icore.components.core.directorysearcher.dll" id="0a9e7ed5-076f-d110-429b-dc49151fc2a1">
      <Execution id="d92921f8-9e3d-490c-af1b-ecd37cf8261b" />
      <TestMethod codeBase="F:\ETWork\bin\Tests\IntgTests.iCore.Components.Core.DirectorySearcher.dll" adapterTypeName="Microsoft.VisualStudio.TestTools.TestTypes.Unit.UnitTestAdapter" className="IntgTests.iCore.Components.Core.DirectorySearcher.DirectorySearchResultItemIntegrationTests" name="get_IndexedValueAsInteger_IndexValueIsInteger_ReturnsIntegerValue" />
    </UnitTest>
    <UnitTest name="get_IndexedValueAsInteger_IndexValueIsGuid_ReturnsZero" storage="f:\etwork\bin\tests\intgtests.icore.components.core.directorysearcher.dll" id="cc1408e7-e3ca-b78a-5cfa-d1586e07db9d">
      <Execution id="a28a9bd0-52d2-46a5-b166-451a712b6eb6" />
      <TestMethod codeBase="F:\ETWork\bin\Tests\IntgTests.iCore.Components.Core.DirectorySearcher.dll" adapterTypeName="Microsoft.VisualStudio.TestTools.TestTypes.Unit.UnitTestAdapter" className="IntgTests.iCore.Components.Core.DirectorySearcher.DirectorySearchResultItemIntegrationTests" name="get_IndexedValueAsInteger_IndexValueIsGuid_ReturnsZero" />
    </UnitTest>
    <UnitTest name="get_IndexedValueAsBinArray_IndexedIsStringAndIndexIsOne_ReturnsBinaryConvertableToDistinguishedName" storage="f:\etwork\bin\tests\intgtests.icore.components.core.directorysearcher.dll" id="3133e842-3116-5dad-f7d9-43a330475c3b">
      <Execution id="70302ce7-0b38-4f89-a110-6a16b39f5a7a" />
      <TestMethod codeBase="F:\ETWork\bin\Tests\IntgTests.iCore.Components.Core.DirectorySearcher.dll" adapterTypeName="Microsoft.VisualStudio.TestTools.TestTypes.Unit.UnitTestAdapter" className="IntgTests.iCore.Components.Core.DirectorySearcher.DirectorySearchResultItemIntegrationTests" name="get_IndexedValueAsBinArray_IndexedIsStringAndIndexIsOne_ReturnsBinaryConvertableToDistinguishedName" />
    </UnitTest>
    <UnitTest name="get_IndexedValueAsBinArray_IndexedIsBinArrayAndIndexIsSix_ReturnsBinaryConvertableToDepartmentNumber" storage="f:\etwork\bin\tests\intgtests.icore.components.core.directorysearcher.dll" id="ff231946-f1bc-a902-f77c-aabd7be7d5b5">
      <Execution id="1ff70790-ca3d-47be-9a48-eea8fe49dfc9" />
      <TestMethod codeBase="F:\ETWork\bin\Tests\IntgTests.iCore.Components.Core.DirectorySearcher.dll" adapterTypeName="Microsoft.VisualStudio.TestTools.TestTypes.Unit.UnitTestAdapter" className="IntgTests.iCore.Components.Core.DirectorySearcher.DirectorySearchResultItemIntegrationTests" name="get_IndexedValueAsBinArray_IndexedIsBinArrayAndIndexIsSix_ReturnsBinaryConvertableToDepartmentNumber" />
    </UnitTest>
    <UnitTest name="get_IndexedIsEmpty_IndexedHasValue_ReturnsZero" storage="f:\etwork\bin\tests\intgtests.icore.components.core.directorysearcher.dll" id="7de3ddfa-7a01-0abd-9269-b950b6557a2b">
      <Execution id="5e1ce31f-b6a3-4628-ba8c-78ec9cd5e1e1" />
      <TestMethod codeBase="F:\ETWork\bin\Tests\IntgTests.iCore.Components.Core.DirectorySearcher.dll" adapterTypeName="Microsoft.VisualStudio.TestTools.TestTypes.Unit.UnitTestAdapter" className="IntgTests.iCore.Components.Core.DirectorySearcher.DirectorySearchResultItemIntegrationTests" name="get_IndexedIsEmpty_IndexedHasValue_ReturnsZero" />
    </UnitTest>
    <UnitTest name="get_IndexedLength_IndexIsInRange_ReturnsCorrectLength" storage="f:\etwork\bin\tests\intgtests.icore.components.core.directorysearcher.dll" id="6355313d-dfc4-f6a8-7119-d9544d52f7bc">
      <Execution id="7c2acd9e-16a9-4ba6-8e68-5b01b3657b8c" />
      <TestMethod codeBase="F:\ETWork\bin\Tests\IntgTests.iCore.Components.Core.DirectorySearcher.dll" adapterTypeName="Microsoft.VisualStudio.TestTools.TestTypes.Unit.UnitTestAdapter" className="IntgTests.iCore.Components.Core.DirectorySearcher.DirectorySearchResultItemIntegrationTests" name="get_IndexedLength_IndexIsInRange_ReturnsCorrectLength" />
    </UnitTest>
    <UnitTest name="get_IndexedLength_IndexIsInRangeFirstIndex_ReturnsCorrectLength" storage="f:\etwork\bin\tests\intgtests.icore.components.core.directorysearcher.dll" id="babf2e1b-07c2-878f-2aad-0894b0df6037">
      <Execution id="a80b8a26-c598-4fc3-ab3e-4f8d9d0a874d" />
      <TestMethod codeBase="F:\ETWork\bin\Tests\IntgTests.iCore.Components.Core.DirectorySearcher.dll" adapterTypeName="Microsoft.VisualStudio.TestTools.TestTypes.Unit.UnitTestAdapter" className="IntgTests.iCore.Components.Core.DirectorySearcher.DirectorySearchResultItemIntegrationTests" name="get_IndexedLength_IndexIsInRangeFirstIndex_ReturnsCorrectLength" />
    </UnitTest>
    <UnitTest name="get_IndexedValueAsString_IndexIsMinusOneAndFirstItemHasValue_ReturnsIndexOutOfRange" storage="f:\etwork\bin\tests\intgtests.icore.components.core.directorysearcher.dll" id="03034520-f1a4-4de0-829d-8d5a2b46b1b8">
      <Execution id="b42ffa90-a5c8-4537-a9e9-bba4200a51b9" />
      <TestMethod codeBase="F:\ETWork\bin\Tests\IntgTests.iCore.Components.Core.DirectorySearcher.dll" adapterTypeName="Microsoft.VisualStudio.TestTools.TestTypes.Unit.UnitTestAdapter" className="IntgTests.iCore.Components.Core.DirectorySearcher.DirectorySearchResultItemIntegrationTests" name="get_IndexedValueAsString_IndexIsMinusOneAndFirstItemHasValue_ReturnsIndexOutOfRange" />
    </UnitTest>
    <UnitTest name="get_IndexedValueAsString_IndexIsZeroAndFirstItemHasValue_ReturnsIndexOutOfRange" storage="f:\etwork\bin\tests\intgtests.icore.components.core.directorysearcher.dll" id="eafea8f4-29bf-4f95-44e6-b31773af487c">
      <Execution id="01a23df2-a750-4200-83ab-5f2aa8fe5870" />
      <TestMethod codeBase="F:\ETWork\bin\Tests\IntgTests.iCore.Components.Core.DirectorySearcher.dll" adapterTypeName="Microsoft.VisualStudio.TestTools.TestTypes.Unit.UnitTestAdapter" className="IntgTests.iCore.Components.Core.DirectorySearcher.DirectorySearchResultItemIntegrationTests" name="get_IndexedValueAsString_IndexIsZeroAndFirstItemHasValue_ReturnsIndexOutOfRange" />
    </UnitTest>
    <UnitTest name="get_IndexedValueAsInteger_IndexIsMinusOne_ReturnsIndexOutOfRange" storage="f:\etwork\bin\tests\intgtests.icore.components.core.directorysearcher.dll" id="b89dc21e-53a3-18a9-d45e-eb2ee0de5422">
      <Execution id="ae6107ee-3994-49c1-8aa7-a69a9772b020" />
      <TestMethod codeBase="F:\ETWork\bin\Tests\IntgTests.iCore.Components.Core.DirectorySearcher.dll" adapterTypeName="Microsoft.VisualStudio.TestTools.TestTypes.Unit.UnitTestAdapter" className="IntgTests.iCore.Components.Core.DirectorySearcher.DirectorySearchResultItemIntegrationTests" name="get_IndexedValueAsInteger_IndexIsMinusOne_ReturnsIndexOutOfRange" />
    </UnitTest>
    <UnitTest name="get_IndexedValueAsInteger_IndexIsAboveRange_ReturnsIndexOutOfRange" storage="f:\etwork\bin\tests\intgtests.icore.components.core.directorysearcher.dll" id="8350701f-7001-1b43-d0c6-12bedd5e5bea">
      <Execution id="ffa52cb6-0a13-4738-8017-1d3358c0f654" />
      <TestMethod codeBase="F:\ETWork\bin\Tests\IntgTests.iCore.Components.Core.DirectorySearcher.dll" adapterTypeName="Microsoft.VisualStudio.TestTools.TestTypes.Unit.UnitTestAdapter" className="IntgTests.iCore.Components.Core.DirectorySearcher.DirectorySearchResultItemIntegrationTests" name="get_IndexedValueAsInteger_IndexIsAboveRange_ReturnsIndexOutOfRange" />
    </UnitTest>
    <UnitTest name="get_IndexedValueAsInteger_IndexIsZero_ReturnsIndexOutOfRange" storage="f:\etwork\bin\tests\intgtests.icore.components.core.directorysearcher.dll" id="7a9c4c49-0b46-6734-8bc3-8b53de9e7ce8">
      <Execution id="4076adf6-d71b-45d9-a37f-5a0653880c7c" />
      <TestMethod codeBase="F:\ETWork\bin\Tests\IntgTests.iCore.Components.Core.DirectorySearcher.dll" adapterTypeName="Microsoft.VisualStudio.TestTools.TestTypes.Unit.UnitTestAdapter" className="IntgTests.iCore.Components.Core.DirectorySearcher.DirectorySearchResultItemIntegrationTests" name="get_IndexedValueAsInteger_IndexIsZero_ReturnsIndexOutOfRange" />
    </UnitTest>
    <UnitTest name="get_IndexedValueAsBinArray_IndexIsMinusOne_ReturnsIndexOutOfRange" storage="f:\etwork\bin\tests\intgtests.icore.components.core.directorysearcher.dll" id="644eb7e9-4cb6-73f4-927e-db7e98f8f3a8">
      <Execution id="b9253572-4deb-4a66-934f-8ff33e5aee8a" />
      <TestMethod codeBase="F:\ETWork\bin\Tests\IntgTests.iCore.Components.Core.DirectorySearcher.dll" adapterTypeName="Microsoft.VisualStudio.TestTools.TestTypes.Unit.UnitTestAdapter" className="IntgTests.iCore.Components.Core.DirectorySearcher.DirectorySearchResultItemIntegrationTests" name="get_IndexedValueAsBinArray_IndexIsMinusOne_ReturnsIndexOutOfRange" />
    </UnitTest>
    <UnitTest name="get_IndexedValueAsBinArray_IndexIsZero_ReturnsIndexOutOfRange" storage="f:\etwork\bin\tests\intgtests.icore.components.core.directorysearcher.dll" id="07cbafe1-b791-8a3e-0a0b-0d1c6bb2e23a">
      <Execution id="a045f96e-2c76-49ce-87b2-7e3a3906cea7" />
      <TestMethod codeBase="F:\ETWork\bin\Tests\IntgTests.iCore.Components.Core.DirectorySearcher.dll" adapterTypeName="Microsoft.VisualStudio.TestTools.TestTypes.Unit.UnitTestAdapter" className="IntgTests.iCore.Components.Core.DirectorySearcher.DirectorySearchResultItemIntegrationTests" name="get_IndexedValueAsBinArray_IndexIsZero_ReturnsIndexOutOfRange" />
    </UnitTest>
    <UnitTest name="get_IndexedValueAsBinArray_IndexIsAboveRange_ReturnsIndexOutOfRange" storage="f:\etwork\bin\tests\intgtests.icore.components.core.directorysearcher.dll" id="265a689b-b66e-5b6b-7615-0d9a4522f5eb">
      <Execution id="dd80f0e3-9d62-4885-b492-c625ac3f1c4f" />
      <TestMethod codeBase="F:\ETWork\bin\Tests\IntgTests.iCore.Components.Core.DirectorySearcher.dll" adapterTypeName="Microsoft.VisualStudio.TestTools.TestTypes.Unit.UnitTestAdapter" className="IntgTests.iCore.Components.Core.DirectorySearcher.DirectorySearchResultItemIntegrationTests" name="get_IndexedValueAsBinArray_IndexIsAboveRange_ReturnsIndexOutOfRange" />
    </UnitTest>
    <UnitTest name="get_IndexedLength_IndexIsBelowRange_ReturnsIndexOutOfRange" storage="f:\etwork\bin\tests\intgtests.icore.components.core.directorysearcher.dll" id="ab2e9ca5-ec3a-094f-80b2-31d8d502164e">
      <Execution id="2ad0412f-0488-4808-b4f7-55b2b4119ea4" />
      <TestMethod codeBase="F:\ETWork\bin\Tests\IntgTests.iCore.Components.Core.DirectorySearcher.dll" adapterTypeName="Microsoft.VisualStudio.TestTools.TestTypes.Unit.UnitTestAdapter" className="IntgTests.iCore.Components.Core.DirectorySearcher.DirectorySearchResultItemIntegrationTests" name="get_IndexedLength_IndexIsBelowRange_ReturnsIndexOutOfRange" />
    </UnitTest>
    <UnitTest name="get_IndexedLength_IndexIsAboveRange_ReturnsIndexOutOfRange" storage="f:\etwork\bin\tests\intgtests.icore.components.core.directorysearcher.dll" id="fa5061ad-9433-deae-9c7d-df2b09fe5c23">
      <Execution id="9680c76c-9878-4276-92ae-86e056ce786f" />
      <TestMethod codeBase="F:\ETWork\bin\Tests\IntgTests.iCore.Components.Core.DirectorySearcher.dll" adapterTypeName="Microsoft.VisualStudio.TestTools.TestTypes.Unit.UnitTestAdapter" className="IntgTests.iCore.Components.Core.DirectorySearcher.DirectorySearchResultItemIntegrationTests" name="get_IndexedLength_IndexIsAboveRange_ReturnsIndexOutOfRange" />
    </UnitTest>
    <UnitTest name="get_IndexedIsEmpty_IndexedIsBelowRange_ReturnsIndexOutOfRange" storage="f:\etwork\bin\tests\intgtests.icore.components.core.directorysearcher.dll" id="98134bbc-d3d7-2601-f64c-1e33e339e809">
      <Execution id="0f245c96-28bb-455f-84d6-078f64f113f6" />
      <TestMethod codeBase="F:\ETWork\bin\Tests\IntgTests.iCore.Components.Core.DirectorySearcher.dll" adapterTypeName="Microsoft.VisualStudio.TestTools.TestTypes.Unit.UnitTestAdapter" className="IntgTests.iCore.Components.Core.DirectorySearcher.DirectorySearchResultItemIntegrationTests" name="get_IndexedIsEmpty_IndexedIsBelowRange_ReturnsIndexOutOfRange" />
    </UnitTest>
    <UnitTest name="get_IndexedIsEmpty_IndexedIsAboveRange_ReturnsIndexOutOfRange" storage="f:\etwork\bin\tests\intgtests.icore.components.core.directorysearcher.dll" id="7e011d9d-7ad8-8425-fcff-1ca51d0bb50f">
      <Execution id="eb35ced7-a205-4788-8d82-b35ee890f943" />
      <TestMethod codeBase="F:\ETWork\bin\Tests\IntgTests.iCore.Components.Core.DirectorySearcher.dll" adapterTypeName="Microsoft.VisualStudio.TestTools.TestTypes.Unit.UnitTestAdapter" className="IntgTests.iCore.Components.Core.DirectorySearcher.DirectorySearchResultItemIntegrationTests" name="get_IndexedIsEmpty_IndexedIsAboveRange_ReturnsIndexOutOfRange" />
    </UnitTest>
    <UnitTest name="ConstructSearchResultItem_SearchResultIsNull_ArgumentNullException" storage="f:\etwork\bin\tests\intgtests.icore.components.core.directorysearcher.dll" id="eed9874e-b3de-afbf-99f3-3389ed425b38">
      <Execution id="febd2bc4-b7f0-4334-b066-060d716820a2" />
      <TestMethod codeBase="F:\ETWork\bin\Tests\IntgTests.iCore.Components.Core.DirectorySearcher.dll" adapterTypeName="Microsoft.VisualStudio.TestTools.TestTypes.Unit.UnitTestAdapter" className="IntgTests.iCore.Components.Core.DirectorySearcher.DirectorySearchResultItemIntegrationTests" name="ConstructSearchResultItem_SearchResultIsNull_ArgumentNullException" />
    </UnitTest>
    <UnitTest name="get_PropertyLength_PropertyHasNoValue_ReturnsZero" storage="f:\etwork\bin\tests\intgtests.icore.components.core.directorysearcher.dll" id="9c363b17-ee29-6990-df17-7cddf8d609df">
      <Execution id="88f793f6-fe89-49a4-9f5d-41b0ee63ea01" />
      <TestMethod codeBase="F:\ETWork\bin\Tests\IntgTests.iCore.Components.Core.DirectorySearcher.dll" adapterTypeName="Microsoft.VisualStudio.TestTools.TestTypes.Unit.UnitTestAdapter" className="IntgTests.iCore.Components.Core.DirectorySearcher.DirectorySearchResultItemIntegrationTests" name="get_PropertyLength_PropertyHasNoValue_ReturnsZero" />
    </UnitTest>
    <UnitTest name="get_PropertyLength_PropertyDoesNotExist_ReturnsZero" storage="f:\etwork\bin\tests\intgtests.icore.components.core.directorysearcher.dll" id="59aab795-4edc-5d09-1087-380d8ee531c6">
      <Execution id="823d3b3f-863a-4496-bb00-2c66af4a1cdb" />
      <TestMethod codeBase="F:\ETWork\bin\Tests\IntgTests.iCore.Components.Core.DirectorySearcher.dll" adapterTypeName="Microsoft.VisualStudio.TestTools.TestTypes.Unit.UnitTestAdapter" className="IntgTests.iCore.Components.Core.DirectorySearcher.DirectorySearchResultItemIntegrationTests" name="get_PropertyLength_PropertyDoesNotExist_ReturnsZero" />
    </UnitTest>
  </TestDefinitions>
  <TestEntries>
    <TestEntry testId="13035aa8-d22e-2bb7-cc03-0a294032092d" executionId="6084713f-2e33-49a5-9f78-f2d68dbf7512" testListId="8c84fa94-04c1-424b-9868-57a2d4851a1d" />
    <TestEntry testId="d35cb70d-d321-29e2-c8ea-540e97ca0c9f" executionId="be986a6b-90e2-4b81-9e6c-3e33144ab20c" testListId="8c84fa94-04c1-424b-9868-57a2d4851a1d" />
    <TestEntry testId="06bf8e27-42ef-8312-0eb9-bec2a014f87e" executionId="2a473d0e-26ec-42e0-89b1-97019219d7d4" testListId="8c84fa94-04c1-424b-9868-57a2d4851a1d" />
    <TestEntry testId="ed1be34e-a27b-4553-1b6d-7a9c6c8f0649" executionId="43ad0422-9f1e-4621-ab03-a54cbd93a777" testListId="8c84fa94-04c1-424b-9868-57a2d4851a1d" />
    <TestEntry testId="967701d5-7275-35fc-edd2-b8eb5fa1fba6" executionId="a71f549b-99c2-4e3e-b292-8364a4fec28f" testListId="8c84fa94-04c1-424b-9868-57a2d4851a1d" />
    <TestEntry testId="a17bc0bc-5172-3cba-509b-5810eea736ac" executionId="a296f76b-3783-465e-a771-033213269509" testListId="8c84fa94-04c1-424b-9868-57a2d4851a1d" />
    <TestEntry testId="6a01c365-ad1e-ca19-bfb0-bf360e4b93b0" executionId="fddfc0a1-c30b-4fbc-8359-f5647f558cf8" testListId="8c84fa94-04c1-424b-9868-57a2d4851a1d" />
    <TestEntry testId="e5c2d078-b54c-0820-7a79-448faf2dc6ff" executionId="f4759d2f-dfa8-4642-8a6e-bb93f5307b43" testListId="8c84fa94-04c1-424b-9868-57a2d4851a1d" />
    <TestEntry testId="becf7ea0-2b34-c64f-4c8a-d73f2725214d" executionId="f3395131-bf26-4b70-a89a-2a2102d72fb1" testListId="8c84fa94-04c1-424b-9868-57a2d4851a1d" />
    <TestEntry testId="835f075b-e1f9-eb40-3382-6bb93da7e8cd" executionId="9ca038f7-8a12-4ea0-a3ca-cdb06d07a238" testListId="8c84fa94-04c1-424b-9868-57a2d4851a1d" />
    <TestEntry testId="1396bca9-2094-2386-1419-249b11c76c17" executionId="8fc500af-a075-468b-83cb-6cde8635fa57" testListId="8c84fa94-04c1-424b-9868-57a2d4851a1d" />
    <TestEntry testId="eb3b20dd-95ea-43c7-817f-90a563ab1c83" executionId="b2f8c10b-4228-4b19-8942-430f5ec81747" testListId="8c84fa94-04c1-424b-9868-57a2d4851a1d" />
    <TestEntry testId="bc4097c8-2b0f-d025-8dcc-f97571d57b63" executionId="3d7328b3-f354-4376-930e-d33233d8d8ac" testListId="8c84fa94-04c1-424b-9868-57a2d4851a1d" />
    <TestEntry testId="8353de70-d1b6-3ea3-66ac-0abfa87bfb07" executionId="f7f5b38b-315f-4e35-a5f0-058c4ba0278d" testListId="8c84fa94-04c1-424b-9868-57a2d4851a1d" />
    <TestEntry testId="5422af6f-11d6-00b9-e83e-7385c7dd91f2" executionId="b9e2d575-ac8d-4a7e-ba6c-8f44922d7c42" testListId="8c84fa94-04c1-424b-9868-57a2d4851a1d" />
    <TestEntry testId="877ddaff-7e3d-912d-fd32-9b40407a3aa9" executionId="eafd5407-0044-43cb-a630-e70e7b2d91b4" testListId="8c84fa94-04c1-424b-9868-57a2d4851a1d" />
    <TestEntry testId="416d6c2f-b1aa-6232-8cbb-afe9cb675e94" executionId="6af68418-3418-4dce-8fcd-ff95724cb988" testListId="8c84fa94-04c1-424b-9868-57a2d4851a1d" />
    <TestEntry testId="cd14617d-e9f7-9dca-6100-409b9a08c593" executionId="70294c05-35ce-4de1-b78c-f28636f1e7e3" testListId="8c84fa94-04c1-424b-9868-57a2d4851a1d" />
    <TestEntry testId="1b083588-936e-40ae-1958-e5cbd1576d50" executionId="0b503356-9123-46f5-8445-1715faa14217" testListId="8c84fa94-04c1-424b-9868-57a2d4851a1d" />
    <TestEntry testId="91901c2b-7c89-1d12-c5e6-cac0f3dd3e90" executionId="3ae7e027-1a6e-41a2-b86a-be03945a2037" testListId="8c84fa94-04c1-424b-9868-57a2d4851a1d" />
    <TestEntry testId="4a34d814-4694-ed8a-2acd-adb05afc50da" executionId="8ca74aae-a828-4374-9196-e2f04c57a0f2" testListId="8c84fa94-04c1-424b-9868-57a2d4851a1d" />
    <TestEntry testId="9fe689d4-79fc-ee35-19e0-65352df748c3" executionId="ef0612a9-beda-44e2-9068-594e9d987458" testListId="8c84fa94-04c1-424b-9868-57a2d4851a1d" />
    <TestEntry testId="2ef1f909-845f-0654-dc64-fa6c2247c840" executionId="221ab4ba-1b9c-41c4-ba6d-ad345bb452f8" testListId="8c84fa94-04c1-424b-9868-57a2d4851a1d" />
    <TestEntry testId="06a2a321-d562-0f2f-bc2a-c0acf46bea71" executionId="49fe016f-6399-4b9d-8860-7efa9605b55f" testListId="8c84fa94-04c1-424b-9868-57a2d4851a1d" />
    <TestEntry testId="360c141b-0f79-6309-95fe-bc777753b1f0" executionId="bb424718-14f5-4522-8c07-671a1af606fb" testListId="8c84fa94-04c1-424b-9868-57a2d4851a1d" />
    <TestEntry testId="b30a7458-8871-c39a-909f-889fef88359a" executionId="1b00e480-c502-450a-9732-b04149492b3a" testListId="8c84fa94-04c1-424b-9868-57a2d4851a1d" />
    <TestEntry testId="18e8d848-8b50-0247-ea0d-184dd54814d5" executionId="4f793569-6fd4-4f04-aa94-2b567a5d817e" testListId="8c84fa94-04c1-424b-9868-57a2d4851a1d" />
    <TestEntry testId="e0e494ea-c8fe-4bc8-f95f-334b9d6eda02" executionId="a5b78a31-da80-4981-a7ef-ece44347e036" testListId="8c84fa94-04c1-424b-9868-57a2d4851a1d" />
    <TestEntry testId="50b35e6c-8e71-8253-f7ef-2848e841686c" executionId="44fe7d09-6c6d-416a-9dc1-9eab9d8e8054" testListId="8c84fa94-04c1-424b-9868-57a2d4851a1d" />
    <TestEntry testId="798f5aa0-a841-0876-fe69-6f28a93edf9d" executionId="4881e376-40b1-4ad3-89b2-b33bde69a2dc" testListId="8c84fa94-04c1-424b-9868-57a2d4851a1d" />
    <TestEntry testId="cfc75545-3ffc-80c5-ea54-b54d3dc55525" executionId="cd2b11d3-2ae3-4b55-ab32-5d42218edd09" testListId="8c84fa94-04c1-424b-9868-57a2d4851a1d" />
    <TestEntry testId="5484bf2e-6b5e-4c68-ada9-e4031e983c76" executionId="7e838f60-4be8-4456-bc43-01d07226506e" testListId="8c84fa94-04c1-424b-9868-57a2d4851a1d" />
    <TestEntry testId="4c358882-abfa-df57-94aa-2fffc73d461f" executionId="f7eb4eec-01db-4777-9dd0-7bf0a1d4bc45" testListId="8c84fa94-04c1-424b-9868-57a2d4851a1d" />
    <TestEntry testId="a31c6cb4-4e0b-cb5a-3738-3c1742652ed8" executionId="2d11342c-2816-4278-95f4-d41744baaa14" testListId="8c84fa94-04c1-424b-9868-57a2d4851a1d" />
    <TestEntry testId="8ac96070-ee82-6b9a-b569-5f736d44e88a" executionId="eb6c4db6-0f78-4f58-8771-39a7065c5827" testListId="8c84fa94-04c1-424b-9868-57a2d4851a1d" />
    <TestEntry testId="34ea0719-7e52-d008-8ac9-ca7eab017c39" executionId="78232065-fcdf-4957-953f-664eb1c6e826" testListId="8c84fa94-04c1-424b-9868-57a2d4851a1d" />
    <TestEntry testId="2235ad44-0a64-f7af-e4a6-d47483ccd7c0" executionId="e4556750-ab01-47c8-b611-0749a8645996" testListId="8c84fa94-04c1-424b-9868-57a2d4851a1d" />
    <TestEntry testId="96a75893-db40-d06a-c3a1-13bf330d0985" executionId="5ae0fff1-0e5f-47cd-8038-9983a7539709" testListId="8c84fa94-04c1-424b-9868-57a2d4851a1d" />
    <TestEntry testId="b3b03025-1f9d-09db-2704-acf498de2535" executionId="b5136125-8209-4f3b-b353-6b1b7d4698e2" testListId="8c84fa94-04c1-424b-9868-57a2d4851a1d" />
    <TestEntry testId="26635b42-c793-6146-d3c2-204dce56283d" executionId="3a77e632-ecda-4386-89af-a1da751b571e" testListId="8c84fa94-04c1-424b-9868-57a2d4851a1d" />
    <TestEntry testId="09d6beb4-b154-ee02-cb20-4e30f70d8575" executionId="17eb2bc6-d8c4-42cd-8543-16b911c5288a" testListId="8c84fa94-04c1-424b-9868-57a2d4851a1d" />
    <TestEntry testId="469bb7d1-5d40-8274-6dba-d9c4c9bd006f" executionId="cae66d96-2824-4926-8095-c88f23727a6f" testListId="8c84fa94-04c1-424b-9868-57a2d4851a1d" />
    <TestEntry testId="a5bfcf66-3799-f6b3-4d5f-7202a6fcb633" executionId="3ceec6c1-56be-4361-a074-f6399865d270" testListId="8c84fa94-04c1-424b-9868-57a2d4851a1d" />
    <TestEntry testId="e1a8d21c-800c-332b-78e4-73df10aab251" executionId="8c05d5ef-9d70-405d-bd17-346946767391" testListId="8c84fa94-04c1-424b-9868-57a2d4851a1d" />
    <TestEntry testId="65dae32a-0daa-c5b2-deaa-4fd7961921d0" executionId="5d286ce4-d7b8-487c-94f0-f03f4374262e" testListId="8c84fa94-04c1-424b-9868-57a2d4851a1d" />
    <TestEntry testId="70a6b82c-a29f-34ee-51bc-bb799b25f226" executionId="d35eb082-d8c1-4be0-8978-a63e401f6073" testListId="8c84fa94-04c1-424b-9868-57a2d4851a1d" />
    <TestEntry testId="ce378f33-ce25-ea0f-11a2-2cd5eb6e0277" executionId="1c0848ea-66bd-4ddd-bf6f-872fc97d1014" testListId="8c84fa94-04c1-424b-9868-57a2d4851a1d" />
    <TestEntry testId="c11d01cc-21bb-fa4e-80ad-d3bf80409d26" executionId="737966f0-267c-42e5-a1f3-e489c1004919" testListId="8c84fa94-04c1-424b-9868-57a2d4851a1d" />
    <TestEntry testId="fb09b2b1-29d1-553b-5ead-934af5a14572" executionId="6f2c30a9-ac51-4080-a7dd-69a0c6405577" testListId="8c84fa94-04c1-424b-9868-57a2d4851a1d" />
    <TestEntry testId="e71b6750-59f5-f23c-81dc-ecd4a1b43a04" executionId="840d1f5f-fc19-42ba-9778-173f1b192e6c" testListId="8c84fa94-04c1-424b-9868-57a2d4851a1d" />
    <TestEntry testId="a1b97e67-c6ac-b91e-4776-4516d8734d7d" executionId="37b6ed21-f400-4d7f-9064-d4fc4ef172c2" testListId="8c84fa94-04c1-424b-9868-57a2d4851a1d" />
    <TestEntry testId="a2df4633-05dd-6e47-1af4-b355bdd2e174" executionId="cc0b1dab-0f25-401c-8851-02943026c1b7" testListId="8c84fa94-04c1-424b-9868-57a2d4851a1d" />
    <TestEntry testId="fae3c97b-7e17-6268-e3ef-4d2febe90162" executionId="61ae1e6f-145d-4f3d-9e64-c58ee32e8fcf" testListId="8c84fa94-04c1-424b-9868-57a2d4851a1d" />
    <TestEntry testId="99468b62-a120-c7ed-36ac-c7bad32b02f2" executionId="d8ba2ffe-2d78-4e20-a11a-c345db60f4b6" testListId="8c84fa94-04c1-424b-9868-57a2d4851a1d" />
    <TestEntry testId="f8489680-697e-e608-dac3-0bd2ecda620b" executionId="989f308f-16ce-4e6f-9648-2e2d81174ae9" testListId="8c84fa94-04c1-424b-9868-57a2d4851a1d" />
    <TestEntry testId="c40ec05f-205d-bd2b-d300-cb15074e1678" executionId="1a7ed109-9d57-4408-b471-e8cebfff8529" testListId="8c84fa94-04c1-424b-9868-57a2d4851a1d" />
    <TestEntry testId="e6a00418-da60-ad17-7196-a4640d487389" executionId="357a0336-77aa-4788-85d7-286cd962e5b3" testListId="8c84fa94-04c1-424b-9868-57a2d4851a1d" />
    <TestEntry testId="88f0cf78-9ace-5ea0-af90-9ab42c624c19" executionId="d5a9c6b8-e4f8-4608-974c-4e4cd45f9754" testListId="8c84fa94-04c1-424b-9868-57a2d4851a1d" />
    <TestEntry testId="04c9e230-0455-1ae7-d440-ed8747ed7f11" executionId="1220f2cf-845f-472b-b49d-2b1a6f56ffc6" testListId="8c84fa94-04c1-424b-9868-57a2d4851a1d" />
    <TestEntry testId="0ca32cb2-b2b2-2653-b2eb-44a340713d44" executionId="68e2956e-b970-491c-85f6-942e8fe31300" testListId="8c84fa94-04c1-424b-9868-57a2d4851a1d" />
    <TestEntry testId="809879ef-7d93-3f69-eaa3-60c681aaa400" executionId="cabacafe-8da4-41be-97aa-5acda6be80d2" testListId="8c84fa94-04c1-424b-9868-57a2d4851a1d" />
    <TestEntry testId="33a75b68-9814-4fe2-f4ff-2653453ab2f3" executionId="ae791530-d7b6-46fa-ad9c-478fd7236cd9" testListId="8c84fa94-04c1-424b-9868-57a2d4851a1d" />
    <TestEntry testId="8d17e5fd-f805-d673-f6c4-874f6dd9a43b" executionId="676a4af1-01c7-49f9-a1b9-7c66c12f59e1" testListId="8c84fa94-04c1-424b-9868-57a2d4851a1d" />
    <TestEntry testId="64acb3fb-4b6c-d34b-c5ad-0774943679f8" executionId="4ab42f19-1ce1-4280-8c1c-f580bda747eb" testListId="8c84fa94-04c1-424b-9868-57a2d4851a1d" />
    <TestEntry testId="a045f93b-d91e-494b-27f4-83c33eb726ac" executionId="aba377a0-76f4-4eda-89dd-5aded09d314a" testListId="8c84fa94-04c1-424b-9868-57a2d4851a1d" />
    <TestEntry testId="97cf872a-f146-ba8b-7849-5de78e756a52" executionId="df9e382b-8675-409d-bbca-056a34f1d086" testListId="8c84fa94-04c1-424b-9868-57a2d4851a1d" />
    <TestEntry testId="b4ae2fb7-f3c8-03f0-5e85-93afed30ef1d" executionId="b73bc235-fa3d-4c80-8750-905e19d71c8e" testListId="8c84fa94-04c1-424b-9868-57a2d4851a1d" />
    <TestEntry testId="df7e6603-d996-b5ca-9bbe-f7078643ef33" executionId="6ae8d270-fd7b-4183-9530-399a6b6a6bc8" testListId="8c84fa94-04c1-424b-9868-57a2d4851a1d" />
    <TestEntry testId="4a727fb2-844d-be5a-1c5d-a6d30af66c96" executionId="bf904070-d2bc-4d54-8526-95d64915c1b8" testListId="8c84fa94-04c1-424b-9868-57a2d4851a1d" />
    <TestEntry testId="749bd723-a9b5-238f-5bc6-c3067e4ba10f" executionId="5b41d215-fa0e-4e5a-9a49-444f7745a8f2" testListId="8c84fa94-04c1-424b-9868-57a2d4851a1d" />
    <TestEntry testId="1667ad93-f751-447e-5801-2a2e54b46160" executionId="46890b67-8c71-41e3-9120-c1b4639ecfc5" testListId="8c84fa94-04c1-424b-9868-57a2d4851a1d" />
    <TestEntry testId="b4751cfb-f4ad-af21-866f-d92a8eb9d089" executionId="081dc824-6342-476e-808a-cef86027c123" testListId="8c84fa94-04c1-424b-9868-57a2d4851a1d" />
    <TestEntry testId="c5bc0de0-39ba-9f7a-5f46-4db101def1d4" executionId="c815d084-3b6c-4a5a-a013-f539f9aa347e" testListId="8c84fa94-04c1-424b-9868-57a2d4851a1d" />
    <TestEntry testId="1c11cb7f-c8e7-2463-96f6-6d8057441682" executionId="b839db9f-5368-4d5d-a988-32483256c996" testListId="8c84fa94-04c1-424b-9868-57a2d4851a1d" />
    <TestEntry testId="1d32c3e8-2e35-2d86-e8c7-6f64bb179120" executionId="1f57323f-f309-4b81-96ce-ad3310ce6b01" testListId="8c84fa94-04c1-424b-9868-57a2d4851a1d" />
    <TestEntry testId="0c060b80-dcfb-9078-97f9-d2f50b087821" executionId="67d50794-02fd-457e-9831-91bcbebbae78" testListId="8c84fa94-04c1-424b-9868-57a2d4851a1d" />
    <TestEntry testId="3195f477-4d9b-faa0-b85e-2161206dfbe2" executionId="d515ca46-747c-4b13-9a85-7d16a234e80a" testListId="8c84fa94-04c1-424b-9868-57a2d4851a1d" />
    <TestEntry testId="97b63315-a250-a1d6-8f67-86750040eb0d" executionId="262909e6-8c83-44e4-a28e-f1e6fc15c9a0" testListId="8c84fa94-04c1-424b-9868-57a2d4851a1d" />
    <TestEntry testId="502a549c-bd06-1c38-6142-d8ac77a6397f" executionId="e7221e4c-8b68-4b83-b0c3-a72e55c6f27b" testListId="8c84fa94-04c1-424b-9868-57a2d4851a1d" />
    <TestEntry testId="a3506e1d-000f-880f-bc50-7ccad1fa12a0" executionId="3fb9b368-2ed0-41b9-9a5d-6ee6a0061544" testListId="8c84fa94-04c1-424b-9868-57a2d4851a1d" />
    <TestEntry testId="d40145a8-cc72-680d-f543-9bcd6273b2e5" executionId="2df2be2a-7e71-4363-88c1-c1d2ac7c4f10" testListId="8c84fa94-04c1-424b-9868-57a2d4851a1d" />
    <TestEntry testId="b06dbde1-8520-778a-a7c7-af3cd52b1254" executionId="4fc0419e-0e4c-4761-a1e0-6650c7a52be5" testListId="8c84fa94-04c1-424b-9868-57a2d4851a1d" />
    <TestEntry testId="438bca5a-e5d9-b07d-a824-0c97dc5b340c" executionId="b4e3b1d4-f2d9-490b-82fa-34e995bb87b0" testListId="8c84fa94-04c1-424b-9868-57a2d4851a1d" />
    <TestEntry testId="f51e2c3b-8e3d-c697-7552-9b61a3c82250" executionId="e2b56358-5dfd-42c0-9bab-45a7ffc32d38" testListId="8c84fa94-04c1-424b-9868-57a2d4851a1d" />
    <TestEntry testId="7141f26e-7858-a2cd-b7e4-c2c8549756db" executionId="d452876a-a3bf-43e6-a2f8-9dfc942e36ac" testListId="8c84fa94-04c1-424b-9868-57a2d4851a1d" />
    <TestEntry testId="509c6c14-af62-88a4-85ec-a83705eb810a" executionId="f60dd374-69be-4f5e-9452-304ed4bef3e4" testListId="8c84fa94-04c1-424b-9868-57a2d4851a1d" />
    <TestEntry testId="48381cf6-a3c9-19d0-d131-d96999364bd9" executionId="f2dd05f6-d92e-4e9d-8727-8e6dda718698" testListId="8c84fa94-04c1-424b-9868-57a2d4851a1d" />
    <TestEntry testId="2d93f253-e974-b822-07c8-f9a7960f09fb" executionId="2cdeda1a-6cd8-4899-8bfd-f3a8cdd05eab" testListId="8c84fa94-04c1-424b-9868-57a2d4851a1d" />
    <TestEntry testId="ee9cbce5-5446-5f01-04a5-0bf768706ebb" executionId="02a40225-8b49-4caf-85e3-9fc5931dfaa2" testListId="8c84fa94-04c1-424b-9868-57a2d4851a1d" />
    <TestEntry testId="1654c823-d4cb-0d46-4800-774d88ab4c55" executionId="e39687c4-2daf-496e-9881-638ee6f216b2" testListId="8c84fa94-04c1-424b-9868-57a2d4851a1d" />
    <TestEntry testId="b6679049-aa31-bfc4-4a87-6e93d35dcd5f" executionId="6794eaa1-e7ce-463b-b0c9-fe6ecee98d6c" testListId="8c84fa94-04c1-424b-9868-57a2d4851a1d" />
    <TestEntry testId="0a9e7ed5-076f-d110-429b-dc49151fc2a1" executionId="d92921f8-9e3d-490c-af1b-ecd37cf8261b" testListId="8c84fa94-04c1-424b-9868-57a2d4851a1d" />
    <TestEntry testId="cc1408e7-e3ca-b78a-5cfa-d1586e07db9d" executionId="a28a9bd0-52d2-46a5-b166-451a712b6eb6" testListId="8c84fa94-04c1-424b-9868-57a2d4851a1d" />
    <TestEntry testId="3133e842-3116-5dad-f7d9-43a330475c3b" executionId="70302ce7-0b38-4f89-a110-6a16b39f5a7a" testListId="8c84fa94-04c1-424b-9868-57a2d4851a1d" />
    <TestEntry testId="ff231946-f1bc-a902-f77c-aabd7be7d5b5" executionId="1ff70790-ca3d-47be-9a48-eea8fe49dfc9" testListId="8c84fa94-04c1-424b-9868-57a2d4851a1d" />
    <TestEntry testId="7de3ddfa-7a01-0abd-9269-b950b6557a2b" executionId="5e1ce31f-b6a3-4628-ba8c-78ec9cd5e1e1" testListId="8c84fa94-04c1-424b-9868-57a2d4851a1d" />
    <TestEntry testId="6355313d-dfc4-f6a8-7119-d9544d52f7bc" executionId="7c2acd9e-16a9-4ba6-8e68-5b01b3657b8c" testListId="8c84fa94-04c1-424b-9868-57a2d4851a1d" />
    <TestEntry testId="babf2e1b-07c2-878f-2aad-0894b0df6037" executionId="a80b8a26-c598-4fc3-ab3e-4f8d9d0a874d" testListId="8c84fa94-04c1-424b-9868-57a2d4851a1d" />
    <TestEntry testId="03034520-f1a4-4de0-829d-8d5a2b46b1b8" executionId="b42ffa90-a5c8-4537-a9e9-bba4200a51b9" testListId="8c84fa94-04c1-424b-9868-57a2d4851a1d" />
    <TestEntry testId="eafea8f4-29bf-4f95-44e6-b31773af487c" executionId="01a23df2-a750-4200-83ab-5f2aa8fe5870" testListId="8c84fa94-04c1-424b-9868-57a2d4851a1d" />
    <TestEntry testId="b89dc21e-53a3-18a9-d45e-eb2ee0de5422" executionId="ae6107ee-3994-49c1-8aa7-a69a9772b020" testListId="8c84fa94-04c1-424b-9868-57a2d4851a1d" />
    <TestEntry testId="8350701f-7001-1b43-d0c6-12bedd5e5bea" executionId="ffa52cb6-0a13-4738-8017-1d3358c0f654" testListId="8c84fa94-04c1-424b-9868-57a2d4851a1d" />
    <TestEntry testId="7a9c4c49-0b46-6734-8bc3-8b53de9e7ce8" executionId="4076adf6-d71b-45d9-a37f-5a0653880c7c" testListId="8c84fa94-04c1-424b-9868-57a2d4851a1d" />
    <TestEntry testId="644eb7e9-4cb6-73f4-927e-db7e98f8f3a8" executionId="b9253572-4deb-4a66-934f-8ff33e5aee8a" testListId="8c84fa94-04c1-424b-9868-57a2d4851a1d" />
    <TestEntry testId="07cbafe1-b791-8a3e-0a0b-0d1c6bb2e23a" executionId="a045f96e-2c76-49ce-87b2-7e3a3906cea7" testListId="8c84fa94-04c1-424b-9868-57a2d4851a1d" />
    <TestEntry testId="265a689b-b66e-5b6b-7615-0d9a4522f5eb" executionId="dd80f0e3-9d62-4885-b492-c625ac3f1c4f" testListId="8c84fa94-04c1-424b-9868-57a2d4851a1d" />
    <TestEntry testId="ab2e9ca5-ec3a-094f-80b2-31d8d502164e" executionId="2ad0412f-0488-4808-b4f7-55b2b4119ea4" testListId="8c84fa94-04c1-424b-9868-57a2d4851a1d" />
    <TestEntry testId="fa5061ad-9433-deae-9c7d-df2b09fe5c23" executionId="9680c76c-9878-4276-92ae-86e056ce786f" testListId="8c84fa94-04c1-424b-9868-57a2d4851a1d" />
    <TestEntry testId="98134bbc-d3d7-2601-f64c-1e33e339e809" executionId="0f245c96-28bb-455f-84d6-078f64f113f6" testListId="8c84fa94-04c1-424b-9868-57a2d4851a1d" />
    <TestEntry testId="7e011d9d-7ad8-8425-fcff-1ca51d0bb50f" executionId="eb35ced7-a205-4788-8d82-b35ee890f943" testListId="8c84fa94-04c1-424b-9868-57a2d4851a1d" />
    <TestEntry testId="eed9874e-b3de-afbf-99f3-3389ed425b38" executionId="febd2bc4-b7f0-4334-b066-060d716820a2" testListId="8c84fa94-04c1-424b-9868-57a2d4851a1d" />
    <TestEntry testId="9c363b17-ee29-6990-df17-7cddf8d609df" executionId="88f793f6-fe89-49a4-9f5d-41b0ee63ea01" testListId="8c84fa94-04c1-424b-9868-57a2d4851a1d" />
    <TestEntry testId="59aab795-4edc-5d09-1087-380d8ee531c6" executionId="823d3b3f-863a-4496-bb00-2c66af4a1cdb" testListId="8c84fa94-04c1-424b-9868-57a2d4851a1d" />
  </TestEntries>
  <TestLists>
    <TestList name="Results Not in a List" id="8c84fa94-04c1-424b-9868-57a2d4851a1d" />
    <TestList name="All Loaded Results" id="19431567-8539-422a-85d7-44ee4e166bda" />
  </TestLists>
  <ResultSummary outcome="Completed">
    <Counters total="113" executed="109" passed="109" failed="0" error="0" timeout="0" aborted="0" inconclusive="0" passedButRunAborted="0" notRunnable="0" notExecuted="0" disconnected="0" warning="0" completed="0" inProgress="0" pending="0" />
    <Output>
      <StdOut>Test 'Open_UsernameAndPasswordIsNullAndUserContextHasAccess_Succeeds' was skipped in the test run.Test 'Open_UsernameAndPasswordIsEmptyAndUserContextHasAccess_Succeeds' was skipped in the test run.Test 'Search_FilterWithExplicitObjectCategory_FindAllMatches' was skipped in the test run.Test 'Search_FoundObjectHasAllADTypes_Succeeds' was skipped in the test run.</StdOut>
    </Output>
  </ResultSummary>
</TestRun>